<?xml version="1.0" encoding="UTF-8"?>
<testsuite xmlns:xsi="http://www.w3.org/2001/XMLSchema-instance" xsi:noNamespaceSchemaLocation="https://maven.apache.org/surefire/maven-surefire-plugin/xsd/surefire-test-report.xsd" name="org.apache.hadoop.ozone.container.common.statemachine.commandhandler.TestBlockDeletion" time="58.785" tests="1" errors="0" skipped="0" failures="1">
  <properties>
    <property name="awt.toolkit" value="sun.awt.X11.XToolkit"/>
    <property name="file.encoding.pkg" value="sun.io"/>
    <property name="java.specification.version" value="1.8"/>
    <property name="sun.cpu.isalist" value=""/>
    <property name="sun.jnu.encoding" value="UTF-8"/>
    <property name="java.class.path" value="/opt/src/hadoop-ozone/integration-test/target/test-classes:/opt/src/hadoop-ozone/integration-test/target/classes:/root/.m2/repository/org/apache/hadoop/hadoop-ozone-common/0.5.0-SNAPSHOT/hadoop-ozone-common-0.5.0-SNAPSHOT.jar:/root/.m2/repository/org/apache/commons/commons-compress/1.4.1/commons-compress-1.4.1.jar:/root/.m2/repository/org/tukaani/xz/1.0/xz-1.0.jar:/root/.m2/repository/org/apache/hadoop/hadoop-common/3.2.0/hadoop-common-3.2.0.jar:/root/.m2/repository/org/apache/hadoop/hadoop-hdfs/3.2.0/hadoop-hdfs-3.2.0.jar:/root/.m2/repository/org/apache/hadoop/hadoop-hdfs-client/3.2.0/hadoop-hdfs-client-3.2.0.jar:/root/.m2/repository/com/fasterxml/jackson/core/jackson-annotations/2.9.5/jackson-annotations-2.9.5.jar:/root/.m2/repository/org/apache/hadoop/hadoop-hdds-common/0.5.0-SNAPSHOT/hadoop-hdds-common-0.5.0-SNAPSHOT.jar:/root/.m2/repository/javax/annotation/javax.annotation-api/1.2/javax.annotation-api-1.2.jar:/root/.m2/repository/org/apache/ratis/ratis-server/0.4.0-fe2b15d-SNAPSHOT/ratis-server-0.4.0-fe2b15d-SNAPSHOT.jar:/root/.m2/repository/org/apache/ratis/ratis-thirdparty-misc/0.2.0/ratis-thirdparty-misc-0.2.0.jar:/root/.m2/repository/org/apache/ratis/ratis-proto/0.4.0-fe2b15d-SNAPSHOT/ratis-proto-0.4.0-fe2b15d-SNAPSHOT.jar:/root/.m2/repository/org/apache/ratis/ratis-common/0.4.0-fe2b15d-SNAPSHOT/ratis-common-0.4.0-fe2b15d-SNAPSHOT.jar:/root/.m2/repository/org/apache/ratis/ratis-client/0.4.0-fe2b15d-SNAPSHOT/ratis-client-0.4.0-fe2b15d-SNAPSHOT.jar:/root/.m2/repository/org/apache/ratis/ratis-netty/0.4.0-fe2b15d-SNAPSHOT/ratis-netty-0.4.0-fe2b15d-SNAPSHOT.jar:/root/.m2/repository/org/apache/ratis/ratis-grpc/0.4.0-fe2b15d-SNAPSHOT/ratis-grpc-0.4.0-fe2b15d-SNAPSHOT.jar:/root/.m2/repository/org/rocksdb/rocksdbjni/5.14.2/rocksdbjni-5.14.2.jar:/root/.m2/repository/org/apache/logging/log4j/log4j-api/2.11.0/log4j-api-2.11.0.jar:/root/.m2/repository/org/apache/logging/log4j/log4j-core/2.11.0/log4j-core-2.11.0.jar:/root/.m2/repository/com/lmax/disruptor/3.4.2/disruptor-3.4.2.jar:/root/.m2/repository/org/apache/commons/commons-pool2/2.6.0/commons-pool2-2.6.0.jar:/root/.m2/repository/org/bouncycastle/bcpkix-jdk15on/1.60/bcpkix-jdk15on-1.60.jar:/root/.m2/repository/commons-validator/commons-validator/1.6/commons-validator-1.6.jar:/root/.m2/repository/commons-digester/commons-digester/1.8.1/commons-digester-1.8.1.jar:/root/.m2/repository/io/jaegertracing/jaeger-client/0.33.1/jaeger-client-0.33.1.jar:/root/.m2/repository/io/jaegertracing/jaeger-thrift/0.33.1/jaeger-thrift-0.33.1.jar:/root/.m2/repository/org/apache/thrift/libthrift/0.11.0/libthrift-0.11.0.jar:/root/.m2/repository/com/squareup/okhttp3/okhttp/3.9.0/okhttp-3.9.0.jar:/root/.m2/repository/com/squareup/okio/okio/1.13.0/okio-1.13.0.jar:/root/.m2/repository/io/jaegertracing/jaeger-core/0.33.1/jaeger-core-0.33.1.jar:/root/.m2/repository/io/jaegertracing/jaeger-tracerresolver/0.33.1/jaeger-tracerresolver-0.33.1.jar:/root/.m2/repository/io/opentracing/contrib/opentracing-tracerresolver/0.1.5/opentracing-tracerresolver-0.1.5.jar:/root/.m2/repository/io/opentracing/opentracing-util/0.31.0/opentracing-util-0.31.0.jar:/root/.m2/repository/io/opentracing/opentracing-api/0.31.0/opentracing-api-0.31.0.jar:/root/.m2/repository/io/opentracing/opentracing-noop/0.31.0/opentracing-noop-0.31.0.jar:/root/.m2/repository/org/apache/hadoop/hadoop-hdds-server-framework/0.5.0-SNAPSHOT/hadoop-hdds-server-framework-0.5.0-SNAPSHOT.jar:/root/.m2/repository/org/apache/hadoop/hadoop-hdds-server-scm/0.5.0-SNAPSHOT/hadoop-hdds-server-scm-0.5.0-SNAPSHOT.jar:/root/.m2/repository/org/apache/hadoop/hadoop-hdds-container-service/0.5.0-SNAPSHOT/hadoop-hdds-container-service-0.5.0-SNAPSHOT.jar:/root/.m2/repository/org/apache/hadoop/hadoop-hdds-client/0.5.0-SNAPSHOT/hadoop-hdds-client-0.5.0-SNAPSHOT.jar:/root/.m2/repository/org/apache/hadoop/hadoop-hdds-tools/0.5.0-SNAPSHOT/hadoop-hdds-tools-0.5.0-SNAPSHOT.jar:/root/.m2/repository/org/apache/hadoop/hadoop-ozone-ozone-manager/0.5.0-SNAPSHOT/hadoop-ozone-ozone-manager-0.5.0-SNAPSHOT.jar:/root/.m2/repository/org/apache/hadoop/hadoop-hdds-docs/0.5.0-SNAPSHOT/hadoop-hdds-docs-0.5.0-SNAPSHOT.jar:/root/.m2/repository/org/bouncycastle/bcprov-jdk15on/1.60/bcprov-jdk15on-1.60.jar:/root/.m2/repository/org/apache/hadoop/hadoop-minikdc/3.2.0/hadoop-minikdc-3.2.0.jar:/root/.m2/repository/commons-io/commons-io/2.5/commons-io-2.5.jar:/root/.m2/repository/org/apache/kerby/kerb-simplekdc/1.0.1/kerb-simplekdc-1.0.1.jar:/root/.m2/repository/org/apache/kerby/kerb-client/1.0.1/kerb-client-1.0.1.jar:/root/.m2/repository/org/apache/kerby/kerby-config/1.0.1/kerby-config-1.0.1.jar:/root/.m2/repository/org/apache/kerby/kerb-core/1.0.1/kerb-core-1.0.1.jar:/root/.m2/repository/org/apache/kerby/kerby-pkix/1.0.1/kerby-pkix-1.0.1.jar:/root/.m2/repository/org/apache/kerby/kerby-asn1/1.0.1/kerby-asn1-1.0.1.jar:/root/.m2/repository/org/apache/kerby/kerby-util/1.0.1/kerby-util-1.0.1.jar:/root/.m2/repository/org/apache/kerby/kerb-common/1.0.1/kerb-common-1.0.1.jar:/root/.m2/repository/org/apache/kerby/kerb-crypto/1.0.1/kerb-crypto-1.0.1.jar:/root/.m2/repository/org/apache/kerby/kerb-util/1.0.1/kerb-util-1.0.1.jar:/root/.m2/repository/org/apache/kerby/token-provider/1.0.1/token-provider-1.0.1.jar:/root/.m2/repository/org/apache/kerby/kerb-admin/1.0.1/kerb-admin-1.0.1.jar:/root/.m2/repository/org/apache/kerby/kerb-server/1.0.1/kerb-server-1.0.1.jar:/root/.m2/repository/org/apache/kerby/kerb-identity/1.0.1/kerb-identity-1.0.1.jar:/root/.m2/repository/org/apache/kerby/kerby-xdr/1.0.1/kerby-xdr-1.0.1.jar:/root/.m2/repository/org/slf4j/slf4j-log4j12/1.7.25/slf4j-log4j12-1.7.25.jar:/root/.m2/repository/org/apache/hadoop/hadoop-ozone-objectstore-service/0.5.0-SNAPSHOT/hadoop-ozone-objectstore-service-0.5.0-SNAPSHOT.jar:/root/.m2/repository/org/apache/hadoop/hadoop-ozone-s3gateway/0.5.0-SNAPSHOT/hadoop-ozone-s3gateway-0.5.0-SNAPSHOT.jar:/root/.m2/repository/org/jboss/weld/servlet/weld-servlet/2.4.7.Final/weld-servlet-2.4.7.Final.jar:/root/.m2/repository/org/glassfish/jersey/containers/jersey-container-servlet-core/2.27/jersey-container-servlet-core-2.27.jar:/root/.m2/repository/org/glassfish/hk2/external/javax.inject/2.5.0-b42/javax.inject-2.5.0-b42.jar:/root/.m2/repository/org/glassfish/jersey/core/jersey-common/2.27/jersey-common-2.27.jar:/root/.m2/repository/org/glassfish/hk2/osgi-resource-locator/1.0.1/osgi-resource-locator-1.0.1.jar:/root/.m2/repository/javax/ws/rs/javax.ws.rs-api/2.1/javax.ws.rs-api-2.1.jar:/root/.m2/repository/org/glassfish/jersey/ext/cdi/jersey-cdi1x/2.27/jersey-cdi1x-2.27.jar:/root/.m2/repository/org/glassfish/jersey/inject/jersey-hk2/2.27/jersey-hk2-2.27.jar:/root/.m2/repository/org/glassfish/hk2/hk2-locator/2.5.0-b42/hk2-locator-2.5.0-b42.jar:/root/.m2/repository/org/javassist/javassist/3.22.0-CR2/javassist-3.22.0-CR2.jar:/root/.m2/repository/org/glassfish/hk2/hk2-api/2.5.0/hk2-api-2.5.0.jar:/root/.m2/repository/org/glassfish/hk2/external/jakarta.inject/2.5.0/jakarta.inject-2.5.0.jar:/root/.m2/repository/org/glassfish/hk2/hk2-utils/2.5.0/hk2-utils-2.5.0.jar:/root/.m2/repository/jakarta/annotation/jakarta.annotation-api/1.3.4/jakarta.annotation-api-1.3.4.jar:/root/.m2/repository/org/glassfish/hk2/external/aopalliance-repackaged/2.5.0/aopalliance-repackaged-2.5.0.jar:/root/.m2/repository/com/fasterxml/jackson/dataformat/jackson-dataformat-xml/2.9.0/jackson-dataformat-xml-2.9.0.jar:/root/.m2/repository/com/fasterxml/jackson/core/jackson-core/2.9.5/jackson-core-2.9.5.jar:/root/.m2/repository/com/fasterxml/jackson/module/jackson-module-jaxb-annotations/2.9.5/jackson-module-jaxb-annotations-2.9.5.jar:/root/.m2/repository/javax/enterprise/cdi-api/1.2/cdi-api-1.2.jar:/root/.m2/repository/javax/el/javax.el-api/3.0.0/javax.el-api-3.0.0.jar:/root/.m2/repository/javax/interceptor/javax.interceptor-api/1.2/javax.interceptor-api-1.2.jar:/root/.m2/repository/javax/inject/javax.inject/1/javax.inject-1.jar:/root/.m2/repository/com/sun/xml/bind/jaxb-impl/2.3.0.1/jaxb-impl-2.3.0.1.jar:/root/.m2/repository/com/sun/xml/bind/jaxb-core/2.3.0.1/jaxb-core-2.3.0.1.jar:/root/.m2/repository/javax/xml/bind/jaxb-api/2.3.0/jaxb-api-2.3.0.jar:/root/.m2/repository/javax/activation/activation/1.1.1/activation-1.1.1.jar:/root/.m2/repository/org/apache/hadoop/hadoop-ozone-csi/0.5.0-SNAPSHOT/hadoop-ozone-csi-0.5.0-SNAPSHOT.jar:/root/.m2/repository/com/google/protobuf/protobuf-java-util/3.5.1/protobuf-java-util-3.5.1.jar:/root/.m2/repository/org/apache/hadoop/hadoop-hdds-config/0.5.0-SNAPSHOT/hadoop-hdds-config-0.5.0-SNAPSHOT.jar:/root/.m2/repository/com/google/guava/guava/11.0.2/guava-11.0.2.jar:/root/.m2/repository/com/google/protobuf/protobuf-java/2.5.0/protobuf-java-2.5.0.jar:/root/.m2/repository/io/grpc/grpc-netty/1.17.1/grpc-netty-1.17.1.jar:/root/.m2/repository/io/grpc/grpc-core/1.17.1/grpc-core-1.17.1.jar:/root/.m2/repository/io/grpc/grpc-context/1.17.1/grpc-context-1.17.1.jar:/root/.m2/repository/com/google/errorprone/error_prone_annotations/2.2.0/error_prone_annotations-2.2.0.jar:/root/.m2/repository/org/codehaus/mojo/animal-sniffer-annotations/1.17/animal-sniffer-annotations-1.17.jar:/root/.m2/repository/io/opencensus/opencensus-api/0.17.0/opencensus-api-0.17.0.jar:/root/.m2/repository/io/opencensus/opencensus-contrib-grpc-metrics/0.17.0/opencensus-contrib-grpc-metrics-0.17.0.jar:/root/.m2/repository/io/netty/netty-codec-http2/4.1.30.Final/netty-codec-http2-4.1.30.Final.jar:/root/.m2/repository/io/netty/netty-codec-http/4.1.30.Final/netty-codec-http-4.1.30.Final.jar:/root/.m2/repository/io/netty/netty-codec/4.1.30.Final/netty-codec-4.1.30.Final.jar:/root/.m2/repository/io/netty/netty-handler/4.1.30.Final/netty-handler-4.1.30.Final.jar:/root/.m2/repository/io/netty/netty-handler-proxy/4.1.30.Final/netty-handler-proxy-4.1.30.Final.jar:/root/.m2/repository/io/netty/netty-codec-socks/4.1.30.Final/netty-codec-socks-4.1.30.Final.jar:/root/.m2/repository/io/netty/netty-transport-native-epoll/4.1.30.Final/netty-transport-native-epoll-4.1.30.Final.jar:/root/.m2/repository/io/netty/netty-common/4.1.30.Final/netty-common-4.1.30.Final.jar:/root/.m2/repository/io/netty/netty-buffer/4.1.30.Final/netty-buffer-4.1.30.Final.jar:/root/.m2/repository/io/netty/netty-transport/4.1.30.Final/netty-transport-4.1.30.Final.jar:/root/.m2/repository/io/netty/netty-resolver/4.1.30.Final/netty-resolver-4.1.30.Final.jar:/root/.m2/repository/io/netty/netty-transport-native-unix-common/4.1.30.Final/netty-transport-native-unix-common-4.1.30.Final.jar:/root/.m2/repository/io/grpc/grpc-protobuf/1.17.1/grpc-protobuf-1.17.1.jar:/root/.m2/repository/com/google/api/grpc/proto-google-common-protos/1.0.0/proto-google-common-protos-1.0.0.jar:/root/.m2/repository/io/grpc/grpc-protobuf-lite/1.17.1/grpc-protobuf-lite-1.17.1.jar:/root/.m2/repository/io/grpc/grpc-stub/1.17.1/grpc-stub-1.17.1.jar:/root/.m2/repository/org/apache/hadoop/hadoop-ozone-recon/0.5.0-SNAPSHOT/hadoop-ozone-recon-0.5.0-SNAPSHOT.jar:/root/.m2/repository/org/apache/hadoop/hadoop-ozone-reconcodegen/0.5.0-SNAPSHOT/hadoop-ozone-reconcodegen-0.5.0-SNAPSHOT.jar:/root/.m2/repository/com/google/inject/extensions/guice-multibindings/4.0/guice-multibindings-4.0.jar:/root/.m2/repository/com/google/inject/guice/4.0/guice-4.0.jar:/root/.m2/repository/aopalliance/aopalliance/1.0/aopalliance-1.0.jar:/root/.m2/repository/com/google/inject/extensions/guice-servlet/4.0/guice-servlet-4.0.jar:/root/.m2/repository/org/glassfish/jersey/containers/jersey-container-servlet/2.27/jersey-container-servlet-2.27.jar:/root/.m2/repository/org/glassfish/hk2/guice-bridge/2.5.0/guice-bridge-2.5.0.jar:/root/.m2/repository/org/glassfish/jersey/core/jersey-server/2.27/jersey-server-2.27.jar:/root/.m2/repository/org/glassfish/jersey/core/jersey-client/2.27/jersey-client-2.27.jar:/root/.m2/repository/org/glassfish/jersey/media/jersey-media-jaxb/2.27/jersey-media-jaxb-2.27.jar:/root/.m2/repository/javax/validation/validation-api/1.1.0.Final/validation-api-1.1.0.Final.jar:/root/.m2/repository/org/glassfish/jersey/media/jersey-media-json-jackson/2.27/jersey-media-json-jackson-2.27.jar:/root/.m2/repository/org/glassfish/jersey/ext/jersey-entity-filtering/2.27/jersey-entity-filtering-2.27.jar:/root/.m2/repository/com/google/inject/extensions/guice-assistedinject/4.0/guice-assistedinject-4.0.jar:/root/.m2/repository/org/jooq/jooq/3.11.10/jooq-3.11.10.jar:/root/.m2/repository/org/jooq/jooq-meta/3.11.10/jooq-meta-3.11.10.jar:/root/.m2/repository/org/jooq/jooq-codegen/3.11.10/jooq-codegen-3.11.10.jar:/root/.m2/repository/com/jolbox/bonecp/0.8.0.RELEASE/bonecp-0.8.0.RELEASE.jar:/root/.m2/repository/org/xerial/sqlite-jdbc/3.25.2/sqlite-jdbc-3.25.2.jar:/root/.m2/repository/org/springframework/spring-jdbc/5.1.3.RELEASE/spring-jdbc-5.1.3.RELEASE.jar:/root/.m2/repository/org/springframework/spring-beans/5.1.3.RELEASE/spring-beans-5.1.3.RELEASE.jar:/root/.m2/repository/org/springframework/spring-core/5.1.3.RELEASE/spring-core-5.1.3.RELEASE.jar:/root/.m2/repository/org/springframework/spring-jcl/5.1.3.RELEASE/spring-jcl-5.1.3.RELEASE.jar:/root/.m2/repository/org/springframework/spring-tx/5.1.3.RELEASE/spring-tx-5.1.3.RELEASE.jar:/root/.m2/repository/org/apache/hadoop/hadoop-ozone-client/0.5.0-SNAPSHOT/hadoop-ozone-client-0.5.0-SNAPSHOT.jar:/root/.m2/repository/org/apache/hadoop/hadoop-ozone-ozone-manager/0.5.0-SNAPSHOT/hadoop-ozone-ozone-manager-0.5.0-SNAPSHOT-tests.jar:/root/.m2/repository/junit/junit/4.11/junit-4.11.jar:/root/.m2/repository/org/hamcrest/hamcrest-core/1.3/hamcrest-core-1.3.jar:/root/.m2/repository/org/openjdk/jmh/jmh-core/1.19/jmh-core-1.19.jar:/root/.m2/repository/net/sf/jopt-simple/jopt-simple/4.6/jopt-simple-4.6.jar:/root/.m2/repository/org/apache/commons/commons-math3/3.1.1/commons-math3-3.1.1.jar:/root/.m2/repository/org/openjdk/jmh/jmh-generator-annprocess/1.19/jmh-generator-annprocess-1.19.jar:/root/.m2/repository/org/mockito/mockito-all/1.8.5/mockito-all-1.8.5.jar:/root/.m2/repository/org/apache/hadoop/hadoop-kms/3.2.0/hadoop-kms-3.2.0.jar:/root/.m2/repository/org/apache/hadoop/hadoop-auth/3.2.0/hadoop-auth-3.2.0.jar:/root/.m2/repository/com/nimbusds/nimbus-jose-jwt/4.41.1/nimbus-jose-jwt-4.41.1.jar:/root/.m2/repository/com/github/stephenc/jcip/jcip-annotations/1.0-1/jcip-annotations-1.0-1.jar:/root/.m2/repository/net/minidev/json-smart/2.3/json-smart-2.3.jar:/root/.m2/repository/net/minidev/accessors-smart/1.2/accessors-smart-1.2.jar:/root/.m2/repository/org/ow2/asm/asm/5.0.4/asm-5.0.4.jar:/root/.m2/repository/org/apache/curator/curator-framework/2.12.0/curator-framework-2.12.0.jar:/root/.m2/repository/com/sun/jersey/jersey-core/1.19/jersey-core-1.19.jar:/root/.m2/repository/javax/ws/rs/jsr311-api/1.1.1/jsr311-api-1.1.1.jar:/root/.m2/repository/com/sun/jersey/jersey-server/1.19/jersey-server-1.19.jar:/root/.m2/repository/javax/servlet/javax.servlet-api/3.1.0/javax.servlet-api-3.1.0.jar:/root/.m2/repository/org/eclipse/jetty/jetty-server/9.3.24.v20180605/jetty-server-9.3.24.v20180605.jar:/root/.m2/repository/org/eclipse/jetty/jetty-http/9.3.24.v20180605/jetty-http-9.3.24.v20180605.jar:/root/.m2/repository/org/eclipse/jetty/jetty-io/9.3.24.v20180605/jetty-io-9.3.24.v20180605.jar:/root/.m2/repository/org/eclipse/jetty/jetty-webapp/9.3.24.v20180605/jetty-webapp-9.3.24.v20180605.jar:/root/.m2/repository/org/eclipse/jetty/jetty-xml/9.3.24.v20180605/jetty-xml-9.3.24.v20180605.jar:/root/.m2/repository/log4j/log4j/1.2.17/log4j-1.2.17.jar:/root/.m2/repository/org/slf4j/slf4j-api/1.7.25/slf4j-api-1.7.25.jar:/root/.m2/repository/org/slf4j/jul-to-slf4j/1.7.25/jul-to-slf4j-1.7.25.jar:/root/.m2/repository/org/eclipse/jetty/jetty-util/9.3.24.v20180605/jetty-util-9.3.24.v20180605.jar:/root/.m2/repository/io/dropwizard/metrics/metrics-core/3.2.4/metrics-core-3.2.4.jar:/root/.m2/repository/com/fasterxml/jackson/core/jackson-databind/2.9.5/jackson-databind-2.9.5.jar:/root/.m2/repository/org/apache/hadoop/hadoop-kms/3.2.0/hadoop-kms-3.2.0-tests.jar:/root/.m2/repository/org/apache/hadoop/hadoop-hdds-server-scm/0.5.0-SNAPSHOT/hadoop-hdds-server-scm-0.5.0-SNAPSHOT-tests.jar:/root/.m2/repository/org/hamcrest/hamcrest-all/1.3/hamcrest-all-1.3.jar:/root/.m2/repository/info/picocli/picocli/3.9.6/picocli-3.9.6.jar:/root/.m2/repository/org/apache/hadoop/hadoop-hdds-container-service/0.5.0-SNAPSHOT/hadoop-hdds-container-service-0.5.0-SNAPSHOT-tests.jar:/root/.m2/repository/org/yaml/snakeyaml/1.16/snakeyaml-1.16.jar:/root/.m2/repository/org/apache/hadoop/hadoop-common/3.2.0/hadoop-common-3.2.0-tests.jar:/root/.m2/repository/org/apache/hadoop/hadoop-annotations/3.2.0/hadoop-annotations-3.2.0.jar:/usr/lib/jvm/java-1.8-openjdk/jre/../lib/tools.jar:/root/.m2/repository/commons-cli/commons-cli/1.2/commons-cli-1.2.jar:/root/.m2/repository/org/apache/httpcomponents/httpclient/4.5.2/httpclient-4.5.2.jar:/root/.m2/repository/org/apache/httpcomponents/httpcore/4.4.4/httpcore-4.4.4.jar:/root/.m2/repository/commons-codec/commons-codec/1.11/commons-codec-1.11.jar:/root/.m2/repository/commons-net/commons-net/3.6/commons-net-3.6.jar:/root/.m2/repository/commons-collections/commons-collections/3.2.2/commons-collections-3.2.2.jar:/root/.m2/repository/org/eclipse/jetty/jetty-servlet/9.3.24.v20180605/jetty-servlet-9.3.24.v20180605.jar:/root/.m2/repository/org/eclipse/jetty/jetty-security/9.3.24.v20180605/jetty-security-9.3.24.v20180605.jar:/root/.m2/repository/javax/servlet/jsp/jsp-api/2.1/jsp-api-2.1.jar:/root/.m2/repository/com/sun/jersey/jersey-servlet/1.19/jersey-servlet-1.19.jar:/root/.m2/repository/com/sun/jersey/jersey-json/1.19/jersey-json-1.19.jar:/root/.m2/repository/org/codehaus/jettison/jettison/1.1/jettison-1.1.jar:/root/.m2/repository/org/codehaus/jackson/jackson-core-asl/1.9.13/jackson-core-asl-1.9.13.jar:/root/.m2/repository/org/codehaus/jackson/jackson-mapper-asl/1.9.13/jackson-mapper-asl-1.9.13.jar:/root/.m2/repository/org/codehaus/jackson/jackson-jaxrs/1.9.13/jackson-jaxrs-1.9.13.jar:/root/.m2/repository/org/codehaus/jackson/jackson-xc/1.9.13/jackson-xc-1.9.13.jar:/root/.m2/repository/commons-logging/commons-logging/1.1.3/commons-logging-1.1.3.jar:/root/.m2/repository/commons-beanutils/commons-beanutils/1.9.3/commons-beanutils-1.9.3.jar:/root/.m2/repository/org/apache/commons/commons-configuration2/2.1.1/commons-configuration2-2.1.1.jar:/root/.m2/repository/org/apache/commons/commons-lang3/3.7/commons-lang3-3.7.jar:/root/.m2/repository/org/apache/commons/commons-text/1.4/commons-text-1.4.jar:/root/.m2/repository/org/apache/avro/avro/1.7.7/avro-1.7.7.jar:/root/.m2/repository/com/thoughtworks/paranamer/paranamer/2.3/paranamer-2.3.jar:/root/.m2/repository/org/xerial/snappy/snappy-java/1.0.5/snappy-java-1.0.5.jar:/root/.m2/repository/com/google/re2j/re2j/1.1/re2j-1.1.jar:/root/.m2/repository/com/google/code/gson/gson/2.2.4/gson-2.2.4.jar:/root/.m2/repository/com/jcraft/jsch/0.1.54/jsch-0.1.54.jar:/root/.m2/repository/org/apache/curator/curator-client/2.12.0/curator-client-2.12.0.jar:/root/.m2/repository/org/apache/curator/curator-recipes/2.12.0/curator-recipes-2.12.0.jar:/root/.m2/repository/com/google/code/findbugs/jsr305/3.0.0/jsr305-3.0.0.jar:/root/.m2/repository/org/apache/htrace/htrace-core4/4.1.0-incubating/htrace-core4-4.1.0-incubating.jar:/root/.m2/repository/org/apache/zookeeper/zookeeper/3.4.13/zookeeper-3.4.13.jar:/root/.m2/repository/org/apache/yetus/audience-annotations/0.5.0/audience-annotations-0.5.0.jar:/root/.m2/repository/org/codehaus/woodstox/stax2-api/3.1.4/stax2-api-3.1.4.jar:/root/.m2/repository/com/fasterxml/woodstox/woodstox-core/5.0.3/woodstox-core-5.0.3.jar:/root/.m2/repository/dnsjava/dnsjava/2.1.7/dnsjava-2.1.7.jar:/root/.m2/repository/org/apache/hadoop/hadoop-hdfs/3.2.0/hadoop-hdfs-3.2.0-tests.jar:/root/.m2/repository/org/eclipse/jetty/jetty-util-ajax/9.3.24.v20180605/jetty-util-ajax-9.3.24.v20180605.jar:/root/.m2/repository/commons-daemon/commons-daemon/1.0.13/commons-daemon-1.0.13.jar:/root/.m2/repository/io/netty/netty/3.10.5.Final/netty-3.10.5.Final.jar:/root/.m2/repository/io/netty/netty-all/4.0.52.Final/netty-all-4.0.52.Final.jar:/root/.m2/repository/org/fusesource/leveldbjni/leveldbjni-all/1.8/leveldbjni-all-1.8.jar:"/>
    <property name="java.vm.vendor" value="IcedTea"/>
    <property name="sun.arch.data.model" value="64"/>
    <property name="test.build.dir" value="/opt/src/hadoop-ozone/integration-test/target/test-dir"/>
    <property name="test.cache.data" value=""/>
    <property name="java.vendor.url" value="https://icedtea.classpath.org"/>
    <property name="user.timezone" value=""/>
    <property name="java.vm.specification.version" value="1.8"/>
    <property name="os.name" value="Linux"/>
    <property name="test.build.data" value="/opt/src/hadoop-ozone/integration-test/target/test-dir"/>
    <property name="user.country" value="US"/>
    <property name="sun.java.launcher" value="SUN_STANDARD"/>
    <property name="sun.boot.library.path" value="/usr/lib/jvm/java-1.8-openjdk/jre/lib/amd64"/>
    <property name="sun.java.command" value="/opt/src/hadoop-ozone/integration-test/target/surefire/surefirebooter4283142838966418885.jar /opt/src/hadoop-ozone/integration-test/target/surefire 2019-06-14T08-21-37_603-jvmRun1 surefire7084066842813231873tmp surefire_387956563187172629376tmp"/>
    <property name="surefire.test.class.path" value="/opt/src/hadoop-ozone/integration-test/target/test-classes:/opt/src/hadoop-ozone/integration-test/target/classes:/root/.m2/repository/org/apache/hadoop/hadoop-ozone-common/0.5.0-SNAPSHOT/hadoop-ozone-common-0.5.0-SNAPSHOT.jar:/root/.m2/repository/org/apache/commons/commons-compress/1.4.1/commons-compress-1.4.1.jar:/root/.m2/repository/org/tukaani/xz/1.0/xz-1.0.jar:/root/.m2/repository/org/apache/hadoop/hadoop-common/3.2.0/hadoop-common-3.2.0.jar:/root/.m2/repository/org/apache/hadoop/hadoop-hdfs/3.2.0/hadoop-hdfs-3.2.0.jar:/root/.m2/repository/org/apache/hadoop/hadoop-hdfs-client/3.2.0/hadoop-hdfs-client-3.2.0.jar:/root/.m2/repository/com/fasterxml/jackson/core/jackson-annotations/2.9.5/jackson-annotations-2.9.5.jar:/root/.m2/repository/org/apache/hadoop/hadoop-hdds-common/0.5.0-SNAPSHOT/hadoop-hdds-common-0.5.0-SNAPSHOT.jar:/root/.m2/repository/javax/annotation/javax.annotation-api/1.2/javax.annotation-api-1.2.jar:/root/.m2/repository/org/apache/ratis/ratis-server/0.4.0-fe2b15d-SNAPSHOT/ratis-server-0.4.0-fe2b15d-SNAPSHOT.jar:/root/.m2/repository/org/apache/ratis/ratis-thirdparty-misc/0.2.0/ratis-thirdparty-misc-0.2.0.jar:/root/.m2/repository/org/apache/ratis/ratis-proto/0.4.0-fe2b15d-SNAPSHOT/ratis-proto-0.4.0-fe2b15d-SNAPSHOT.jar:/root/.m2/repository/org/apache/ratis/ratis-common/0.4.0-fe2b15d-SNAPSHOT/ratis-common-0.4.0-fe2b15d-SNAPSHOT.jar:/root/.m2/repository/org/apache/ratis/ratis-client/0.4.0-fe2b15d-SNAPSHOT/ratis-client-0.4.0-fe2b15d-SNAPSHOT.jar:/root/.m2/repository/org/apache/ratis/ratis-netty/0.4.0-fe2b15d-SNAPSHOT/ratis-netty-0.4.0-fe2b15d-SNAPSHOT.jar:/root/.m2/repository/org/apache/ratis/ratis-grpc/0.4.0-fe2b15d-SNAPSHOT/ratis-grpc-0.4.0-fe2b15d-SNAPSHOT.jar:/root/.m2/repository/org/rocksdb/rocksdbjni/5.14.2/rocksdbjni-5.14.2.jar:/root/.m2/repository/org/apache/logging/log4j/log4j-api/2.11.0/log4j-api-2.11.0.jar:/root/.m2/repository/org/apache/logging/log4j/log4j-core/2.11.0/log4j-core-2.11.0.jar:/root/.m2/repository/com/lmax/disruptor/3.4.2/disruptor-3.4.2.jar:/root/.m2/repository/org/apache/commons/commons-pool2/2.6.0/commons-pool2-2.6.0.jar:/root/.m2/repository/org/bouncycastle/bcpkix-jdk15on/1.60/bcpkix-jdk15on-1.60.jar:/root/.m2/repository/commons-validator/commons-validator/1.6/commons-validator-1.6.jar:/root/.m2/repository/commons-digester/commons-digester/1.8.1/commons-digester-1.8.1.jar:/root/.m2/repository/io/jaegertracing/jaeger-client/0.33.1/jaeger-client-0.33.1.jar:/root/.m2/repository/io/jaegertracing/jaeger-thrift/0.33.1/jaeger-thrift-0.33.1.jar:/root/.m2/repository/org/apache/thrift/libthrift/0.11.0/libthrift-0.11.0.jar:/root/.m2/repository/com/squareup/okhttp3/okhttp/3.9.0/okhttp-3.9.0.jar:/root/.m2/repository/com/squareup/okio/okio/1.13.0/okio-1.13.0.jar:/root/.m2/repository/io/jaegertracing/jaeger-core/0.33.1/jaeger-core-0.33.1.jar:/root/.m2/repository/io/jaegertracing/jaeger-tracerresolver/0.33.1/jaeger-tracerresolver-0.33.1.jar:/root/.m2/repository/io/opentracing/contrib/opentracing-tracerresolver/0.1.5/opentracing-tracerresolver-0.1.5.jar:/root/.m2/repository/io/opentracing/opentracing-util/0.31.0/opentracing-util-0.31.0.jar:/root/.m2/repository/io/opentracing/opentracing-api/0.31.0/opentracing-api-0.31.0.jar:/root/.m2/repository/io/opentracing/opentracing-noop/0.31.0/opentracing-noop-0.31.0.jar:/root/.m2/repository/org/apache/hadoop/hadoop-hdds-server-framework/0.5.0-SNAPSHOT/hadoop-hdds-server-framework-0.5.0-SNAPSHOT.jar:/root/.m2/repository/org/apache/hadoop/hadoop-hdds-server-scm/0.5.0-SNAPSHOT/hadoop-hdds-server-scm-0.5.0-SNAPSHOT.jar:/root/.m2/repository/org/apache/hadoop/hadoop-hdds-container-service/0.5.0-SNAPSHOT/hadoop-hdds-container-service-0.5.0-SNAPSHOT.jar:/root/.m2/repository/org/apache/hadoop/hadoop-hdds-client/0.5.0-SNAPSHOT/hadoop-hdds-client-0.5.0-SNAPSHOT.jar:/root/.m2/repository/org/apache/hadoop/hadoop-hdds-tools/0.5.0-SNAPSHOT/hadoop-hdds-tools-0.5.0-SNAPSHOT.jar:/root/.m2/repository/org/apache/hadoop/hadoop-ozone-ozone-manager/0.5.0-SNAPSHOT/hadoop-ozone-ozone-manager-0.5.0-SNAPSHOT.jar:/root/.m2/repository/org/apache/hadoop/hadoop-hdds-docs/0.5.0-SNAPSHOT/hadoop-hdds-docs-0.5.0-SNAPSHOT.jar:/root/.m2/repository/org/bouncycastle/bcprov-jdk15on/1.60/bcprov-jdk15on-1.60.jar:/root/.m2/repository/org/apache/hadoop/hadoop-minikdc/3.2.0/hadoop-minikdc-3.2.0.jar:/root/.m2/repository/commons-io/commons-io/2.5/commons-io-2.5.jar:/root/.m2/repository/org/apache/kerby/kerb-simplekdc/1.0.1/kerb-simplekdc-1.0.1.jar:/root/.m2/repository/org/apache/kerby/kerb-client/1.0.1/kerb-client-1.0.1.jar:/root/.m2/repository/org/apache/kerby/kerby-config/1.0.1/kerby-config-1.0.1.jar:/root/.m2/repository/org/apache/kerby/kerb-core/1.0.1/kerb-core-1.0.1.jar:/root/.m2/repository/org/apache/kerby/kerby-pkix/1.0.1/kerby-pkix-1.0.1.jar:/root/.m2/repository/org/apache/kerby/kerby-asn1/1.0.1/kerby-asn1-1.0.1.jar:/root/.m2/repository/org/apache/kerby/kerby-util/1.0.1/kerby-util-1.0.1.jar:/root/.m2/repository/org/apache/kerby/kerb-common/1.0.1/kerb-common-1.0.1.jar:/root/.m2/repository/org/apache/kerby/kerb-crypto/1.0.1/kerb-crypto-1.0.1.jar:/root/.m2/repository/org/apache/kerby/kerb-util/1.0.1/kerb-util-1.0.1.jar:/root/.m2/repository/org/apache/kerby/token-provider/1.0.1/token-provider-1.0.1.jar:/root/.m2/repository/org/apache/kerby/kerb-admin/1.0.1/kerb-admin-1.0.1.jar:/root/.m2/repository/org/apache/kerby/kerb-server/1.0.1/kerb-server-1.0.1.jar:/root/.m2/repository/org/apache/kerby/kerb-identity/1.0.1/kerb-identity-1.0.1.jar:/root/.m2/repository/org/apache/kerby/kerby-xdr/1.0.1/kerby-xdr-1.0.1.jar:/root/.m2/repository/org/slf4j/slf4j-log4j12/1.7.25/slf4j-log4j12-1.7.25.jar:/root/.m2/repository/org/apache/hadoop/hadoop-ozone-objectstore-service/0.5.0-SNAPSHOT/hadoop-ozone-objectstore-service-0.5.0-SNAPSHOT.jar:/root/.m2/repository/org/apache/hadoop/hadoop-ozone-s3gateway/0.5.0-SNAPSHOT/hadoop-ozone-s3gateway-0.5.0-SNAPSHOT.jar:/root/.m2/repository/org/jboss/weld/servlet/weld-servlet/2.4.7.Final/weld-servlet-2.4.7.Final.jar:/root/.m2/repository/org/glassfish/jersey/containers/jersey-container-servlet-core/2.27/jersey-container-servlet-core-2.27.jar:/root/.m2/repository/org/glassfish/hk2/external/javax.inject/2.5.0-b42/javax.inject-2.5.0-b42.jar:/root/.m2/repository/org/glassfish/jersey/core/jersey-common/2.27/jersey-common-2.27.jar:/root/.m2/repository/org/glassfish/hk2/osgi-resource-locator/1.0.1/osgi-resource-locator-1.0.1.jar:/root/.m2/repository/javax/ws/rs/javax.ws.rs-api/2.1/javax.ws.rs-api-2.1.jar:/root/.m2/repository/org/glassfish/jersey/ext/cdi/jersey-cdi1x/2.27/jersey-cdi1x-2.27.jar:/root/.m2/repository/org/glassfish/jersey/inject/jersey-hk2/2.27/jersey-hk2-2.27.jar:/root/.m2/repository/org/glassfish/hk2/hk2-locator/2.5.0-b42/hk2-locator-2.5.0-b42.jar:/root/.m2/repository/org/javassist/javassist/3.22.0-CR2/javassist-3.22.0-CR2.jar:/root/.m2/repository/org/glassfish/hk2/hk2-api/2.5.0/hk2-api-2.5.0.jar:/root/.m2/repository/org/glassfish/hk2/external/jakarta.inject/2.5.0/jakarta.inject-2.5.0.jar:/root/.m2/repository/org/glassfish/hk2/hk2-utils/2.5.0/hk2-utils-2.5.0.jar:/root/.m2/repository/jakarta/annotation/jakarta.annotation-api/1.3.4/jakarta.annotation-api-1.3.4.jar:/root/.m2/repository/org/glassfish/hk2/external/aopalliance-repackaged/2.5.0/aopalliance-repackaged-2.5.0.jar:/root/.m2/repository/com/fasterxml/jackson/dataformat/jackson-dataformat-xml/2.9.0/jackson-dataformat-xml-2.9.0.jar:/root/.m2/repository/com/fasterxml/jackson/core/jackson-core/2.9.5/jackson-core-2.9.5.jar:/root/.m2/repository/com/fasterxml/jackson/module/jackson-module-jaxb-annotations/2.9.5/jackson-module-jaxb-annotations-2.9.5.jar:/root/.m2/repository/javax/enterprise/cdi-api/1.2/cdi-api-1.2.jar:/root/.m2/repository/javax/el/javax.el-api/3.0.0/javax.el-api-3.0.0.jar:/root/.m2/repository/javax/interceptor/javax.interceptor-api/1.2/javax.interceptor-api-1.2.jar:/root/.m2/repository/javax/inject/javax.inject/1/javax.inject-1.jar:/root/.m2/repository/com/sun/xml/bind/jaxb-impl/2.3.0.1/jaxb-impl-2.3.0.1.jar:/root/.m2/repository/com/sun/xml/bind/jaxb-core/2.3.0.1/jaxb-core-2.3.0.1.jar:/root/.m2/repository/javax/xml/bind/jaxb-api/2.3.0/jaxb-api-2.3.0.jar:/root/.m2/repository/javax/activation/activation/1.1.1/activation-1.1.1.jar:/root/.m2/repository/org/apache/hadoop/hadoop-ozone-csi/0.5.0-SNAPSHOT/hadoop-ozone-csi-0.5.0-SNAPSHOT.jar:/root/.m2/repository/com/google/protobuf/protobuf-java-util/3.5.1/protobuf-java-util-3.5.1.jar:/root/.m2/repository/org/apache/hadoop/hadoop-hdds-config/0.5.0-SNAPSHOT/hadoop-hdds-config-0.5.0-SNAPSHOT.jar:/root/.m2/repository/com/google/guava/guava/11.0.2/guava-11.0.2.jar:/root/.m2/repository/com/google/protobuf/protobuf-java/2.5.0/protobuf-java-2.5.0.jar:/root/.m2/repository/io/grpc/grpc-netty/1.17.1/grpc-netty-1.17.1.jar:/root/.m2/repository/io/grpc/grpc-core/1.17.1/grpc-core-1.17.1.jar:/root/.m2/repository/io/grpc/grpc-context/1.17.1/grpc-context-1.17.1.jar:/root/.m2/repository/com/google/errorprone/error_prone_annotations/2.2.0/error_prone_annotations-2.2.0.jar:/root/.m2/repository/org/codehaus/mojo/animal-sniffer-annotations/1.17/animal-sniffer-annotations-1.17.jar:/root/.m2/repository/io/opencensus/opencensus-api/0.17.0/opencensus-api-0.17.0.jar:/root/.m2/repository/io/opencensus/opencensus-contrib-grpc-metrics/0.17.0/opencensus-contrib-grpc-metrics-0.17.0.jar:/root/.m2/repository/io/netty/netty-codec-http2/4.1.30.Final/netty-codec-http2-4.1.30.Final.jar:/root/.m2/repository/io/netty/netty-codec-http/4.1.30.Final/netty-codec-http-4.1.30.Final.jar:/root/.m2/repository/io/netty/netty-codec/4.1.30.Final/netty-codec-4.1.30.Final.jar:/root/.m2/repository/io/netty/netty-handler/4.1.30.Final/netty-handler-4.1.30.Final.jar:/root/.m2/repository/io/netty/netty-handler-proxy/4.1.30.Final/netty-handler-proxy-4.1.30.Final.jar:/root/.m2/repository/io/netty/netty-codec-socks/4.1.30.Final/netty-codec-socks-4.1.30.Final.jar:/root/.m2/repository/io/netty/netty-transport-native-epoll/4.1.30.Final/netty-transport-native-epoll-4.1.30.Final.jar:/root/.m2/repository/io/netty/netty-common/4.1.30.Final/netty-common-4.1.30.Final.jar:/root/.m2/repository/io/netty/netty-buffer/4.1.30.Final/netty-buffer-4.1.30.Final.jar:/root/.m2/repository/io/netty/netty-transport/4.1.30.Final/netty-transport-4.1.30.Final.jar:/root/.m2/repository/io/netty/netty-resolver/4.1.30.Final/netty-resolver-4.1.30.Final.jar:/root/.m2/repository/io/netty/netty-transport-native-unix-common/4.1.30.Final/netty-transport-native-unix-common-4.1.30.Final.jar:/root/.m2/repository/io/grpc/grpc-protobuf/1.17.1/grpc-protobuf-1.17.1.jar:/root/.m2/repository/com/google/api/grpc/proto-google-common-protos/1.0.0/proto-google-common-protos-1.0.0.jar:/root/.m2/repository/io/grpc/grpc-protobuf-lite/1.17.1/grpc-protobuf-lite-1.17.1.jar:/root/.m2/repository/io/grpc/grpc-stub/1.17.1/grpc-stub-1.17.1.jar:/root/.m2/repository/org/apache/hadoop/hadoop-ozone-recon/0.5.0-SNAPSHOT/hadoop-ozone-recon-0.5.0-SNAPSHOT.jar:/root/.m2/repository/org/apache/hadoop/hadoop-ozone-reconcodegen/0.5.0-SNAPSHOT/hadoop-ozone-reconcodegen-0.5.0-SNAPSHOT.jar:/root/.m2/repository/com/google/inject/extensions/guice-multibindings/4.0/guice-multibindings-4.0.jar:/root/.m2/repository/com/google/inject/guice/4.0/guice-4.0.jar:/root/.m2/repository/aopalliance/aopalliance/1.0/aopalliance-1.0.jar:/root/.m2/repository/com/google/inject/extensions/guice-servlet/4.0/guice-servlet-4.0.jar:/root/.m2/repository/org/glassfish/jersey/containers/jersey-container-servlet/2.27/jersey-container-servlet-2.27.jar:/root/.m2/repository/org/glassfish/hk2/guice-bridge/2.5.0/guice-bridge-2.5.0.jar:/root/.m2/repository/org/glassfish/jersey/core/jersey-server/2.27/jersey-server-2.27.jar:/root/.m2/repository/org/glassfish/jersey/core/jersey-client/2.27/jersey-client-2.27.jar:/root/.m2/repository/org/glassfish/jersey/media/jersey-media-jaxb/2.27/jersey-media-jaxb-2.27.jar:/root/.m2/repository/javax/validation/validation-api/1.1.0.Final/validation-api-1.1.0.Final.jar:/root/.m2/repository/org/glassfish/jersey/media/jersey-media-json-jackson/2.27/jersey-media-json-jackson-2.27.jar:/root/.m2/repository/org/glassfish/jersey/ext/jersey-entity-filtering/2.27/jersey-entity-filtering-2.27.jar:/root/.m2/repository/com/google/inject/extensions/guice-assistedinject/4.0/guice-assistedinject-4.0.jar:/root/.m2/repository/org/jooq/jooq/3.11.10/jooq-3.11.10.jar:/root/.m2/repository/org/jooq/jooq-meta/3.11.10/jooq-meta-3.11.10.jar:/root/.m2/repository/org/jooq/jooq-codegen/3.11.10/jooq-codegen-3.11.10.jar:/root/.m2/repository/com/jolbox/bonecp/0.8.0.RELEASE/bonecp-0.8.0.RELEASE.jar:/root/.m2/repository/org/xerial/sqlite-jdbc/3.25.2/sqlite-jdbc-3.25.2.jar:/root/.m2/repository/org/springframework/spring-jdbc/5.1.3.RELEASE/spring-jdbc-5.1.3.RELEASE.jar:/root/.m2/repository/org/springframework/spring-beans/5.1.3.RELEASE/spring-beans-5.1.3.RELEASE.jar:/root/.m2/repository/org/springframework/spring-core/5.1.3.RELEASE/spring-core-5.1.3.RELEASE.jar:/root/.m2/repository/org/springframework/spring-jcl/5.1.3.RELEASE/spring-jcl-5.1.3.RELEASE.jar:/root/.m2/repository/org/springframework/spring-tx/5.1.3.RELEASE/spring-tx-5.1.3.RELEASE.jar:/root/.m2/repository/org/apache/hadoop/hadoop-ozone-client/0.5.0-SNAPSHOT/hadoop-ozone-client-0.5.0-SNAPSHOT.jar:/root/.m2/repository/org/apache/hadoop/hadoop-ozone-ozone-manager/0.5.0-SNAPSHOT/hadoop-ozone-ozone-manager-0.5.0-SNAPSHOT-tests.jar:/root/.m2/repository/junit/junit/4.11/junit-4.11.jar:/root/.m2/repository/org/hamcrest/hamcrest-core/1.3/hamcrest-core-1.3.jar:/root/.m2/repository/org/openjdk/jmh/jmh-core/1.19/jmh-core-1.19.jar:/root/.m2/repository/net/sf/jopt-simple/jopt-simple/4.6/jopt-simple-4.6.jar:/root/.m2/repository/org/apache/commons/commons-math3/3.1.1/commons-math3-3.1.1.jar:/root/.m2/repository/org/openjdk/jmh/jmh-generator-annprocess/1.19/jmh-generator-annprocess-1.19.jar:/root/.m2/repository/org/mockito/mockito-all/1.8.5/mockito-all-1.8.5.jar:/root/.m2/repository/org/apache/hadoop/hadoop-kms/3.2.0/hadoop-kms-3.2.0.jar:/root/.m2/repository/org/apache/hadoop/hadoop-auth/3.2.0/hadoop-auth-3.2.0.jar:/root/.m2/repository/com/nimbusds/nimbus-jose-jwt/4.41.1/nimbus-jose-jwt-4.41.1.jar:/root/.m2/repository/com/github/stephenc/jcip/jcip-annotations/1.0-1/jcip-annotations-1.0-1.jar:/root/.m2/repository/net/minidev/json-smart/2.3/json-smart-2.3.jar:/root/.m2/repository/net/minidev/accessors-smart/1.2/accessors-smart-1.2.jar:/root/.m2/repository/org/ow2/asm/asm/5.0.4/asm-5.0.4.jar:/root/.m2/repository/org/apache/curator/curator-framework/2.12.0/curator-framework-2.12.0.jar:/root/.m2/repository/com/sun/jersey/jersey-core/1.19/jersey-core-1.19.jar:/root/.m2/repository/javax/ws/rs/jsr311-api/1.1.1/jsr311-api-1.1.1.jar:/root/.m2/repository/com/sun/jersey/jersey-server/1.19/jersey-server-1.19.jar:/root/.m2/repository/javax/servlet/javax.servlet-api/3.1.0/javax.servlet-api-3.1.0.jar:/root/.m2/repository/org/eclipse/jetty/jetty-server/9.3.24.v20180605/jetty-server-9.3.24.v20180605.jar:/root/.m2/repository/org/eclipse/jetty/jetty-http/9.3.24.v20180605/jetty-http-9.3.24.v20180605.jar:/root/.m2/repository/org/eclipse/jetty/jetty-io/9.3.24.v20180605/jetty-io-9.3.24.v20180605.jar:/root/.m2/repository/org/eclipse/jetty/jetty-webapp/9.3.24.v20180605/jetty-webapp-9.3.24.v20180605.jar:/root/.m2/repository/org/eclipse/jetty/jetty-xml/9.3.24.v20180605/jetty-xml-9.3.24.v20180605.jar:/root/.m2/repository/log4j/log4j/1.2.17/log4j-1.2.17.jar:/root/.m2/repository/org/slf4j/slf4j-api/1.7.25/slf4j-api-1.7.25.jar:/root/.m2/repository/org/slf4j/jul-to-slf4j/1.7.25/jul-to-slf4j-1.7.25.jar:/root/.m2/repository/org/eclipse/jetty/jetty-util/9.3.24.v20180605/jetty-util-9.3.24.v20180605.jar:/root/.m2/repository/io/dropwizard/metrics/metrics-core/3.2.4/metrics-core-3.2.4.jar:/root/.m2/repository/com/fasterxml/jackson/core/jackson-databind/2.9.5/jackson-databind-2.9.5.jar:/root/.m2/repository/org/apache/hadoop/hadoop-kms/3.2.0/hadoop-kms-3.2.0-tests.jar:/root/.m2/repository/org/apache/hadoop/hadoop-hdds-server-scm/0.5.0-SNAPSHOT/hadoop-hdds-server-scm-0.5.0-SNAPSHOT-tests.jar:/root/.m2/repository/org/hamcrest/hamcrest-all/1.3/hamcrest-all-1.3.jar:/root/.m2/repository/info/picocli/picocli/3.9.6/picocli-3.9.6.jar:/root/.m2/repository/org/apache/hadoop/hadoop-hdds-container-service/0.5.0-SNAPSHOT/hadoop-hdds-container-service-0.5.0-SNAPSHOT-tests.jar:/root/.m2/repository/org/yaml/snakeyaml/1.16/snakeyaml-1.16.jar:/root/.m2/repository/org/apache/hadoop/hadoop-common/3.2.0/hadoop-common-3.2.0-tests.jar:/root/.m2/repository/org/apache/hadoop/hadoop-annotations/3.2.0/hadoop-annotations-3.2.0.jar:/usr/lib/jvm/java-1.8-openjdk/jre/../lib/tools.jar:/root/.m2/repository/commons-cli/commons-cli/1.2/commons-cli-1.2.jar:/root/.m2/repository/org/apache/httpcomponents/httpclient/4.5.2/httpclient-4.5.2.jar:/root/.m2/repository/org/apache/httpcomponents/httpcore/4.4.4/httpcore-4.4.4.jar:/root/.m2/repository/commons-codec/commons-codec/1.11/commons-codec-1.11.jar:/root/.m2/repository/commons-net/commons-net/3.6/commons-net-3.6.jar:/root/.m2/repository/commons-collections/commons-collections/3.2.2/commons-collections-3.2.2.jar:/root/.m2/repository/org/eclipse/jetty/jetty-servlet/9.3.24.v20180605/jetty-servlet-9.3.24.v20180605.jar:/root/.m2/repository/org/eclipse/jetty/jetty-security/9.3.24.v20180605/jetty-security-9.3.24.v20180605.jar:/root/.m2/repository/javax/servlet/jsp/jsp-api/2.1/jsp-api-2.1.jar:/root/.m2/repository/com/sun/jersey/jersey-servlet/1.19/jersey-servlet-1.19.jar:/root/.m2/repository/com/sun/jersey/jersey-json/1.19/jersey-json-1.19.jar:/root/.m2/repository/org/codehaus/jettison/jettison/1.1/jettison-1.1.jar:/root/.m2/repository/org/codehaus/jackson/jackson-core-asl/1.9.13/jackson-core-asl-1.9.13.jar:/root/.m2/repository/org/codehaus/jackson/jackson-mapper-asl/1.9.13/jackson-mapper-asl-1.9.13.jar:/root/.m2/repository/org/codehaus/jackson/jackson-jaxrs/1.9.13/jackson-jaxrs-1.9.13.jar:/root/.m2/repository/org/codehaus/jackson/jackson-xc/1.9.13/jackson-xc-1.9.13.jar:/root/.m2/repository/commons-logging/commons-logging/1.1.3/commons-logging-1.1.3.jar:/root/.m2/repository/commons-beanutils/commons-beanutils/1.9.3/commons-beanutils-1.9.3.jar:/root/.m2/repository/org/apache/commons/commons-configuration2/2.1.1/commons-configuration2-2.1.1.jar:/root/.m2/repository/org/apache/commons/commons-lang3/3.7/commons-lang3-3.7.jar:/root/.m2/repository/org/apache/commons/commons-text/1.4/commons-text-1.4.jar:/root/.m2/repository/org/apache/avro/avro/1.7.7/avro-1.7.7.jar:/root/.m2/repository/com/thoughtworks/paranamer/paranamer/2.3/paranamer-2.3.jar:/root/.m2/repository/org/xerial/snappy/snappy-java/1.0.5/snappy-java-1.0.5.jar:/root/.m2/repository/com/google/re2j/re2j/1.1/re2j-1.1.jar:/root/.m2/repository/com/google/code/gson/gson/2.2.4/gson-2.2.4.jar:/root/.m2/repository/com/jcraft/jsch/0.1.54/jsch-0.1.54.jar:/root/.m2/repository/org/apache/curator/curator-client/2.12.0/curator-client-2.12.0.jar:/root/.m2/repository/org/apache/curator/curator-recipes/2.12.0/curator-recipes-2.12.0.jar:/root/.m2/repository/com/google/code/findbugs/jsr305/3.0.0/jsr305-3.0.0.jar:/root/.m2/repository/org/apache/htrace/htrace-core4/4.1.0-incubating/htrace-core4-4.1.0-incubating.jar:/root/.m2/repository/org/apache/zookeeper/zookeeper/3.4.13/zookeeper-3.4.13.jar:/root/.m2/repository/org/apache/yetus/audience-annotations/0.5.0/audience-annotations-0.5.0.jar:/root/.m2/repository/org/codehaus/woodstox/stax2-api/3.1.4/stax2-api-3.1.4.jar:/root/.m2/repository/com/fasterxml/woodstox/woodstox-core/5.0.3/woodstox-core-5.0.3.jar:/root/.m2/repository/dnsjava/dnsjava/2.1.7/dnsjava-2.1.7.jar:/root/.m2/repository/org/apache/hadoop/hadoop-hdfs/3.2.0/hadoop-hdfs-3.2.0-tests.jar:/root/.m2/repository/org/eclipse/jetty/jetty-util-ajax/9.3.24.v20180605/jetty-util-ajax-9.3.24.v20180605.jar:/root/.m2/repository/commons-daemon/commons-daemon/1.0.13/commons-daemon-1.0.13.jar:/root/.m2/repository/io/netty/netty/3.10.5.Final/netty-3.10.5.Final.jar:/root/.m2/repository/io/netty/netty-all/4.0.52.Final/netty-all-4.0.52.Final.jar:/root/.m2/repository/org/fusesource/leveldbjni/leveldbjni-all/1.8/leveldbjni-all-1.8.jar:"/>
    <property name="sun.cpu.endian" value="little"/>
    <property name="user.home" value="/root"/>
    <property name="user.language" value="en"/>
    <property name="java.specification.vendor" value="Oracle Corporation"/>
    <property name="java.home" value="/usr/lib/jvm/java-1.8-openjdk/jre"/>
    <property name="java.security.krb5.conf" value="/opt/src/hadoop-ozone/integration-test/target/test-classes/krb5.conf"/>
    <property name="basedir" value="/opt/src/hadoop-ozone/integration-test"/>
    <property name="file.separator" value="/"/>
    <property name="line.separator" value="&#10;"/>
    <property name="java.vm.specification.vendor" value="Oracle Corporation"/>
    <property name="java.specification.name" value="Java Platform API Specification"/>
    <property name="java.awt.graphicsenv" value="sun.awt.X11GraphicsEnvironment"/>
    <property name="surefire.real.class.path" value="/opt/src/hadoop-ozone/integration-test/target/surefire/surefirebooter4283142838966418885.jar"/>
    <property name="hadoop.log.dir" value="/opt/src/hadoop-ozone/integration-test/target/log"/>
    <property name="sun.boot.class.path" value="/usr/lib/jvm/java-1.8-openjdk/jre/lib/resources.jar:/usr/lib/jvm/java-1.8-openjdk/jre/lib/rt.jar:/usr/lib/jvm/java-1.8-openjdk/jre/lib/sunrsasign.jar:/usr/lib/jvm/java-1.8-openjdk/jre/lib/jsse.jar:/usr/lib/jvm/java-1.8-openjdk/jre/lib/jce.jar:/usr/lib/jvm/java-1.8-openjdk/jre/lib/charsets.jar:/usr/lib/jvm/java-1.8-openjdk/jre/lib/jfr.jar:/usr/lib/jvm/java-1.8-openjdk/jre/classes"/>
    <property name="sun.management.compiler" value="HotSpot 64-Bit Tiered Compilers"/>
    <property name="java.runtime.version" value="1.8.0_212-b04"/>
    <property name="java.net.preferIPv4Stack" value="true"/>
    <property name="user.name" value="root"/>
    <property name="path.separator" value=":"/>
    <property name="java.security.egd" value="file:///dev/urandom"/>
    <property name="os.version" value="4.15.0-1021-aws"/>
    <property name="java.endorsed.dirs" value="/usr/lib/jvm/java-1.8-openjdk/jre/lib/endorsed"/>
    <property name="java.runtime.name" value="OpenJDK Runtime Environment"/>
    <property name="file.encoding" value="UTF-8"/>
    <property name="java.vm.name" value="OpenJDK 64-Bit Server VM"/>
    <property name="test.build.webapps" value=""/>
    <property name="localRepository" value="/root/.m2/repository"/>
    <property name="java.vendor.url.bug" value="https://icedtea.classpath.org/bugzilla"/>
    <property name="java.io.tmpdir" value="/tmp"/>
    <property name="require.test.libhadoop" value=""/>
    <property name="java.version" value="1.8.0_212"/>
    <property name="user.dir" value="/opt/src/hadoop-ozone/integration-test"/>
    <property name="os.arch" value="amd64"/>
    <property name="java.vm.specification.name" value="Java Virtual Machine Specification"/>
    <property name="test.build.classes" value="/opt/src/hadoop-ozone/integration-test/target/test-classes"/>
    <property name="java.awt.printerjob" value="sun.print.PSPrinterJob"/>
    <property name="sun.os.patch.level" value="unknown"/>
    <property name="hadoop.tmp.dir" value="/opt/src/hadoop-ozone/integration-test/target/tmp"/>
    <property name="java.library.path" value="/usr/lib/jvm/java-1.8-openjdk/jre/lib/amd64/server:/usr/lib/jvm/java-1.8-openjdk/jre/lib/amd64:/usr/lib/jvm/java-1.8-openjdk/jre/../lib/amd64:/opt/src/hadoop-ozone/integration-test/target/native/target/usr/local/lib:/opt/src/hadoop-ozone/integration-test/../../hadoop-common-project/hadoop-common/target/native/target/usr/local/lib:/usr/java/packages/lib/amd64:/usr/lib64:/lib64:/lib:/usr/lib"/>
    <property name="java.vm.info" value="mixed mode"/>
    <property name="java.vendor" value="IcedTea"/>
    <property name="java.vm.version" value="25.212-b04"/>
    <property name="java.ext.dirs" value="/usr/lib/jvm/java-1.8-openjdk/jre/lib/ext:/usr/java/packages/lib/ext"/>
    <property name="sun.io.unicode.encoding" value="UnicodeLittle"/>
    <property name="java.class.version" value="52.0"/>
  </properties>
  <testcase name="testBlockDeletion" classname="org.apache.hadoop.ozone.container.common.statemachine.commandhandler.TestBlockDeletion" time="49.705">
    <failure message="expected null, but was:&lt;[B@76cdafa3&gt;" type="java.lang.AssertionError"><![CDATA[java.lang.AssertionError: expected null, but was:<[B@76cdafa3>
	at org.junit.Assert.fail(Assert.java:88)
	at org.junit.Assert.failNotNull(Assert.java:664)
	at org.junit.Assert.assertNull(Assert.java:646)
	at org.junit.Assert.assertNull(Assert.java:656)
	at org.apache.hadoop.ozone.container.common.statemachine.commandhandler.TestBlockDeletion.lambda$verifyBlocksDeleted$3(TestBlockDeletion.java:323)
	at org.apache.hadoop.ozone.OzoneTestUtils.performOperationOnKeyContainers(OzoneTestUtils.java:96)
	at org.apache.hadoop.ozone.container.common.statemachine.commandhandler.TestBlockDeletion.verifyBlocksDeleted(TestBlockDeletion.java:317)
	at org.apache.hadoop.ozone.container.common.statemachine.commandhandler.TestBlockDeletion.testBlockDeletion(TestBlockDeletion.java:177)
	at sun.reflect.NativeMethodAccessorImpl.invoke0(Native Method)
	at sun.reflect.NativeMethodAccessorImpl.invoke(NativeMethodAccessorImpl.java:62)
	at sun.reflect.DelegatingMethodAccessorImpl.invoke(DelegatingMethodAccessorImpl.java:43)
	at java.lang.reflect.Method.invoke(Method.java:498)
	at org.junit.runners.model.FrameworkMethod$1.runReflectiveCall(FrameworkMethod.java:47)
	at org.junit.internal.runners.model.ReflectiveCallable.run(ReflectiveCallable.java:12)
	at org.junit.runners.model.FrameworkMethod.invokeExplosively(FrameworkMethod.java:44)
	at org.junit.internal.runners.statements.InvokeMethod.evaluate(InvokeMethod.java:17)
	at org.junit.runners.ParentRunner.runLeaf(ParentRunner.java:271)
	at org.junit.runners.BlockJUnit4ClassRunner.runChild(BlockJUnit4ClassRunner.java:70)
	at org.junit.runners.BlockJUnit4ClassRunner.runChild(BlockJUnit4ClassRunner.java:50)
	at org.junit.runners.ParentRunner$3.run(ParentRunner.java:238)
	at org.junit.runners.ParentRunner$1.schedule(ParentRunner.java:63)
	at org.junit.runners.ParentRunner.runChildren(ParentRunner.java:236)
	at org.junit.runners.ParentRunner.access$000(ParentRunner.java:53)
	at org.junit.runners.ParentRunner$2.evaluate(ParentRunner.java:229)
	at org.junit.internal.runners.statements.RunBefores.evaluate(RunBefores.java:26)
	at org.junit.runners.ParentRunner.run(ParentRunner.java:309)
	at org.apache.maven.surefire.junit4.JUnit4Provider.execute(JUnit4Provider.java:365)
	at org.apache.maven.surefire.junit4.JUnit4Provider.executeWithRerun(JUnit4Provider.java:273)
	at org.apache.maven.surefire.junit4.JUnit4Provider.executeTestSet(JUnit4Provider.java:238)
	at org.apache.maven.surefire.junit4.JUnit4Provider.invoke(JUnit4Provider.java:159)
	at org.apache.maven.surefire.booter.ForkedBooter.invokeProviderInSameClassLoader(ForkedBooter.java:384)
	at org.apache.maven.surefire.booter.ForkedBooter.runSuitesInProcess(ForkedBooter.java:345)
	at org.apache.maven.surefire.booter.ForkedBooter.execute(ForkedBooter.java:126)
	at org.apache.maven.surefire.booter.ForkedBooter.main(ForkedBooter.java:418)
]]></failure>
    <system-out><![CDATA[2019-06-14 08:42:36,946 WARN  server.ServerUtils (ServerUtils.java:getScmDbDir(145)) - ozone.scm.db.dirs is not configured. We recommend adding this setting. Falling back to ozone.metadata.dirs instead.
2019-06-14 08:42:37,010 WARN  server.ServerUtils (ServerUtils.java:getScmDbDir(145)) - ozone.scm.db.dirs is not configured. We recommend adding this setting. Falling back to ozone.metadata.dirs instead.
2019-06-14 08:42:37,013 WARN  server.ServerUtils (ServerUtils.java:getScmDbDir(145)) - ozone.scm.db.dirs is not configured. We recommend adding this setting. Falling back to ozone.metadata.dirs instead.
2019-06-14 08:42:37,025 INFO  util.log (Log.java:initialized(192)) - Logging initialized @670ms
2019-06-14 08:42:37,104 INFO  db.DBStoreBuilder (DBStoreBuilder.java:addTable(110)) - using custom profile for table: deletedBlocks
2019-06-14 08:42:37,104 INFO  db.DBStoreBuilder (DBStoreBuilder.java:processTables(161)) - Using default column profile:DBProfile.DISK for Table:deletedBlocks
2019-06-14 08:42:37,105 INFO  db.DBStoreBuilder (DBStoreBuilder.java:addTable(110)) - using custom profile for table: validCerts
2019-06-14 08:42:37,105 INFO  db.DBStoreBuilder (DBStoreBuilder.java:processTables(161)) - Using default column profile:DBProfile.DISK for Table:validCerts
2019-06-14 08:42:37,105 INFO  db.DBStoreBuilder (DBStoreBuilder.java:addTable(110)) - using custom profile for table: revokedCerts
2019-06-14 08:42:37,105 INFO  db.DBStoreBuilder (DBStoreBuilder.java:processTables(161)) - Using default column profile:DBProfile.DISK for Table:revokedCerts
2019-06-14 08:42:37,114 INFO  db.DBStoreBuilder (DBStoreBuilder.java:addTable(110)) - using custom profile for table: default
2019-06-14 08:42:37,114 INFO  db.DBStoreBuilder (DBStoreBuilder.java:processTables(167)) - Using default column profile:DBProfile.DISK for Table:default
2019-06-14 08:42:37,116 INFO  db.DBStoreBuilder (DBStoreBuilder.java:getDbProfile(198)) - Using default options. DBProfile.DISK
2019-06-14 08:42:37,180 INFO  node.SCMNodeManager (SCMNodeManager.java:<init>(108)) - Entering startup safe mode.
2019-06-14 08:42:37,229 INFO  net.NodeSchemaLoader (NodeSchemaLoader.java:loadSchemaFromFile(125)) - Loading file from sun.misc.CompoundEnumeration@702657cc
2019-06-14 08:42:37,230 INFO  net.NodeSchemaLoader (NodeSchemaLoader.java:loadSchema(171)) - Loading network topology layer schema file
2019-06-14 08:42:37,277 WARN  server.ServerUtils (ServerUtils.java:getScmDbDir(145)) - ozone.scm.db.dirs is not configured. We recommend adding this setting. Falling back to ozone.metadata.dirs instead.
2019-06-14 08:42:37,298 INFO  pipeline.SCMPipelineManager (SCMPipelineManager.java:initializePipelineState(126)) - No pipeline exists in current db
2019-06-14 08:42:37,300 WARN  server.ServerUtils (ServerUtils.java:getScmDbDir(145)) - ozone.scm.db.dirs is not configured. We recommend adding this setting. Falling back to ozone.metadata.dirs instead.
2019-06-14 08:42:37,343 WARN  events.EventQueue (EventQueue.java:fireEvent(175)) - No event handler registered for event TypedEvent{payloadType=SafeModeStatus, name='SafeModeStatus'}
2019-06-14 08:42:37,630 INFO  ipc.CallQueueManager (CallQueueManager.java:<init>(84)) - Using callQueue: class java.util.concurrent.LinkedBlockingQueue, queueCapacity: 2000, scheduler: class org.apache.hadoop.ipc.DefaultRpcScheduler, ipcBackoff: false.
2019-06-14 08:42:37,651 INFO  ipc.Server (Server.java:run(1074)) - Starting Socket Reader #1 for port 37635
2019-06-14 08:42:37,669 INFO  ipc.CallQueueManager (CallQueueManager.java:<init>(84)) - Using callQueue: class java.util.concurrent.LinkedBlockingQueue, queueCapacity: 2000, scheduler: class org.apache.hadoop.ipc.DefaultRpcScheduler, ipcBackoff: false.
2019-06-14 08:42:37,693 INFO  ipc.Server (Server.java:run(1074)) - Starting Socket Reader #1 for port 34729
2019-06-14 08:42:37,701 INFO  ipc.CallQueueManager (CallQueueManager.java:<init>(84)) - Using callQueue: class java.util.concurrent.LinkedBlockingQueue, queueCapacity: 2000, scheduler: class org.apache.hadoop.ipc.DefaultRpcScheduler, ipcBackoff: false.
2019-06-14 08:42:37,702 INFO  ipc.Server (Server.java:run(1074)) - Starting Socket Reader #1 for port 34523
2019-06-14 08:42:37,772 INFO  hdfs.DFSUtil (DFSUtil.java:httpServerTemplateForNNAndJN(1641)) - Starting Web-server for scm at: http://0.0.0.0:0
2019-06-14 08:42:37,879 INFO  server.AuthenticationFilter (AuthenticationFilter.java:constructSecretProvider(240)) - Unable to initialize FileSignerSecretProvider, falling back to use random secrets.
2019-06-14 08:42:37,885 WARN  http.HttpRequestLog (HttpRequestLog.java:getRequestLog(97)) - Jetty request log can only be enabled using Log4j
2019-06-14 08:42:37,892 INFO  http.HttpServer2 (HttpServer2.java:addGlobalFilter(975)) - Added global filter 'safety' (class=org.apache.hadoop.http.HttpServer2$QuotingInputFilter)
2019-06-14 08:42:37,895 INFO  http.HttpServer2 (HttpServer2.java:addFilter(948)) - Added filter static_user_filter (class=org.apache.hadoop.http.lib.StaticUserWebFilter$StaticUserFilter) to context scm
2019-06-14 08:42:37,895 INFO  http.HttpServer2 (HttpServer2.java:addFilter(958)) - Added filter static_user_filter (class=org.apache.hadoop.http.lib.StaticUserWebFilter$StaticUserFilter) to context static
2019-06-14 08:42:37,895 INFO  http.HttpServer2 (HttpServer2.java:addFilter(958)) - Added filter static_user_filter (class=org.apache.hadoop.http.lib.StaticUserWebFilter$StaticUserFilter) to context logs
2019-06-14 08:42:37,919 INFO  server.StorageContainerManager (StorageContainerManager.java:start(752)) - StorageContainerLocationProtocol RPC server is listening at /0.0.0.0:34523
2019-06-14 08:42:37,973 WARN  impl.MetricsConfig (MetricsConfig.java:loadFirst(134)) - Cannot locate configuration: tried hadoop-metrics2-storagecontainermanager.properties,hadoop-metrics2.properties
2019-06-14 08:42:37,987 INFO  impl.MetricsSystemImpl (MetricsSystemImpl.java:startTimer(374)) - Scheduled Metric snapshot period at 10 second(s).
2019-06-14 08:42:37,987 INFO  impl.MetricsSystemImpl (MetricsSystemImpl.java:start(191)) - StorageContainerManager metrics system started
2019-06-14 08:42:38,168 INFO  server.SCMClientProtocolServer (SCMClientProtocolServer.java:start(149)) - RPC server for Client  is listening at /0.0.0.0:34523
2019-06-14 08:42:38,168 INFO  ipc.Server (Server.java:run(1314)) - IPC Server Responder: starting
2019-06-14 08:42:38,169 INFO  ipc.Server (Server.java:run(1153)) - IPC Server listener on 34523: starting
2019-06-14 08:42:38,173 INFO  server.StorageContainerManager (StorageContainerManager.java:start(761)) - ScmBlockLocationProtocol RPC server is listening at /0.0.0.0:34729
2019-06-14 08:42:38,173 INFO  server.SCMBlockProtocolServer (SCMBlockProtocolServer.java:start(137)) - RPC server for Block Protocol is listening at /0.0.0.0:34729
2019-06-14 08:42:38,174 INFO  ipc.Server (Server.java:run(1314)) - IPC Server Responder: starting
2019-06-14 08:42:38,174 INFO  ipc.Server (Server.java:run(1153)) - IPC Server listener on 34729: starting
2019-06-14 08:42:38,175 INFO  server.StorageContainerManager (StorageContainerManager.java:start(765)) - ScmDatanodeProtocl RPC server is listening at /0.0.0.0:37635
2019-06-14 08:42:38,176 INFO  server.SCMDatanodeProtocolServer (SCMDatanodeProtocolServer.java:start(191)) - RPC server for DataNodes is listening at /0.0.0.0:37635
2019-06-14 08:42:38,176 INFO  ipc.Server (Server.java:run(1314)) - IPC Server Responder: starting
2019-06-14 08:42:38,176 INFO  ipc.Server (Server.java:run(1153)) - IPC Server listener on 37635: starting
2019-06-14 08:42:38,179 INFO  http.HttpServer2 (HttpServer2.java:bindListener(1191)) - Jetty bound to port 43267
2019-06-14 08:42:38,180 INFO  server.Server (Server.java:doStart(351)) - jetty-9.3.24.v20180605, build timestamp: 2018-06-05T17:11:56Z, git hash: 84205aa28f11a4f31f2a3b86d1bba2cc8ab69827
2019-06-14 08:42:38,208 INFO  handler.ContextHandler (ContextHandler.java:doStart(781)) - Started o.e.j.s.ServletContextHandler@12c7a01b{/logs,file:///opt/src/hadoop-ozone/integration-test/target/log,AVAILABLE}
2019-06-14 08:42:38,208 INFO  handler.ContextHandler (ContextHandler.java:doStart(781)) - Started o.e.j.s.ServletContextHandler@2826f61{/static,file:///opt/src/hadoop-ozone/integration-test/target/test-classes/webapps/static,AVAILABLE}
2019-06-14 08:42:38,233 INFO  handler.ContextHandler (ContextHandler.java:doStart(781)) - Started o.e.j.w.WebAppContext@37f21974{/,file:///opt/src/hadoop-ozone/integration-test/target/test-classes/webapps/scm/,AVAILABLE}{/scm}
2019-06-14 08:42:38,237 INFO  server.AbstractConnector (AbstractConnector.java:doStart(278)) - Started ServerConnector@5fb97279{HTTP/1.1,[http/1.1]}{0.0.0.0:43267}
2019-06-14 08:42:38,237 INFO  server.Server (Server.java:doStart(419)) - Started @1882ms
2019-06-14 08:42:38,267 INFO  server.BaseHttpServer (BaseHttpServer.java:updateConnectorAddress(207)) - HTTP server of SCM is listening at http://0.0.0.0:43267
2019-06-14 08:42:38,271 DEBUG block.SCMBlockDeletingService (SCMBlockDeletingService.java:call(138)) - Running DeletedBlockTransactionScanner
2019-06-14 08:42:38,275 WARN  scm.ScmUtils (ScmUtils.java:getDBPath(63)) - ozone.om.db.dirs is not configured. We recommend adding this setting. Falling back to ozone.metadata.dirs instead.
2019-06-14 08:42:38,275 INFO  util.JvmPauseMonitor (JvmPauseMonitor.java:run(188)) - Starting JVM pause monitor
2019-06-14 08:42:38,278 DEBUG block.SCMBlockDeletingService (SCMBlockDeletingService.java:call(155)) - Scanned deleted blocks log and got 0 delTX to process.
2019-06-14 08:42:38,353 WARN  scm.ScmUtils (ScmUtils.java:getDBPath(63)) - ozone.om.db.dirs is not configured. We recommend adding this setting. Falling back to ozone.metadata.dirs instead.
2019-06-14 08:42:38,354 INFO  om.OzoneManager (OzoneManager.java:setOMNodeDetails(519)) - OM Service ID is not set. Setting it to the default ID: omServiceIdDefault
2019-06-14 08:42:38,354 INFO  om.OzoneManager (OzoneManager.java:setOMNodeDetails(525)) - OM Node ID is not set. Setting it to the OmStorage's OmID: 096047a0-ea49-4997-a3a6-1859d2241168
2019-06-14 08:42:38,356 WARN  scm.HddsServerUtil (HddsServerUtil.java:getDefaultRatisDirectory(354)) - Storage directory for Ratis is not configured. It is a good idea to map this to an SSD disk. Falling back to ozone.metadata.dirs
2019-06-14 08:42:38,356 WARN  scm.HddsServerUtil (HddsServerUtil.java:getDefaultRatisDirectory(354)) - Storage directory for Ratis is not configured. It is a good idea to map this to an SSD disk. Falling back to ozone.metadata.dirs
2019-06-14 08:42:38,357 INFO  om.OzoneManager (OzoneManager.java:loadOMHAConfigs(476)) - Found matching OM address with OMServiceId: null, OMNodeId: null, RPC Address: localhost:0 and Ratis port: 9872
2019-06-14 08:42:38,380 DEBUG block.SCMBlockDeletingService (SCMBlockDeletingService.java:call(138)) - Running DeletedBlockTransactionScanner
2019-06-14 08:42:38,380 DEBUG block.SCMBlockDeletingService (SCMBlockDeletingService.java:call(155)) - Scanned deleted blocks log and got 0 delTX to process.
2019-06-14 08:42:38,480 DEBUG block.SCMBlockDeletingService (SCMBlockDeletingService.java:call(138)) - Running DeletedBlockTransactionScanner
2019-06-14 08:42:38,481 DEBUG block.SCMBlockDeletingService (SCMBlockDeletingService.java:call(155)) - Scanned deleted blocks log and got 0 delTX to process.
2019-06-14 08:42:38,558 WARN  scm.ScmUtils (ScmUtils.java:getDBPath(63)) - ozone.om.db.dirs is not configured. We recommend adding this setting. Falling back to ozone.metadata.dirs instead.
2019-06-14 08:42:38,563 INFO  db.DBStoreBuilder (DBStoreBuilder.java:addTable(110)) - using custom profile for table: userTable
2019-06-14 08:42:38,563 INFO  db.DBStoreBuilder (DBStoreBuilder.java:processTables(161)) - Using default column profile:DBProfile.DISK for Table:userTable
2019-06-14 08:42:38,564 INFO  db.DBStoreBuilder (DBStoreBuilder.java:addTable(110)) - using custom profile for table: volumeTable
2019-06-14 08:42:38,564 INFO  db.DBStoreBuilder (DBStoreBuilder.java:processTables(161)) - Using default column profile:DBProfile.DISK for Table:volumeTable
2019-06-14 08:42:38,564 INFO  db.DBStoreBuilder (DBStoreBuilder.java:addTable(110)) - using custom profile for table: bucketTable
2019-06-14 08:42:38,564 INFO  db.DBStoreBuilder (DBStoreBuilder.java:processTables(161)) - Using default column profile:DBProfile.DISK for Table:bucketTable
2019-06-14 08:42:38,564 INFO  db.DBStoreBuilder (DBStoreBuilder.java:addTable(110)) - using custom profile for table: keyTable
2019-06-14 08:42:38,564 INFO  db.DBStoreBuilder (DBStoreBuilder.java:processTables(161)) - Using default column profile:DBProfile.DISK for Table:keyTable
2019-06-14 08:42:38,565 INFO  db.DBStoreBuilder (DBStoreBuilder.java:addTable(110)) - using custom profile for table: deletedTable
2019-06-14 08:42:38,565 INFO  db.DBStoreBuilder (DBStoreBuilder.java:processTables(161)) - Using default column profile:DBProfile.DISK for Table:deletedTable
2019-06-14 08:42:38,565 INFO  db.DBStoreBuilder (DBStoreBuilder.java:addTable(110)) - using custom profile for table: openKeyTable
2019-06-14 08:42:38,565 INFO  db.DBStoreBuilder (DBStoreBuilder.java:processTables(161)) - Using default column profile:DBProfile.DISK for Table:openKeyTable
2019-06-14 08:42:38,565 INFO  db.DBStoreBuilder (DBStoreBuilder.java:addTable(110)) - using custom profile for table: s3Table
2019-06-14 08:42:38,566 INFO  db.DBStoreBuilder (DBStoreBuilder.java:processTables(161)) - Using default column profile:DBProfile.DISK for Table:s3Table
2019-06-14 08:42:38,566 INFO  db.DBStoreBuilder (DBStoreBuilder.java:addTable(110)) - using custom profile for table: multipartInfoTable
2019-06-14 08:42:38,566 INFO  db.DBStoreBuilder (DBStoreBuilder.java:processTables(161)) - Using default column profile:DBProfile.DISK for Table:multipartInfoTable
2019-06-14 08:42:38,566 INFO  db.DBStoreBuilder (DBStoreBuilder.java:addTable(110)) - using custom profile for table: dTokenTable
2019-06-14 08:42:38,566 INFO  db.DBStoreBuilder (DBStoreBuilder.java:processTables(161)) - Using default column profile:DBProfile.DISK for Table:dTokenTable
2019-06-14 08:42:38,567 INFO  db.DBStoreBuilder (DBStoreBuilder.java:addTable(110)) - using custom profile for table: s3SecretTable
2019-06-14 08:42:38,567 INFO  db.DBStoreBuilder (DBStoreBuilder.java:processTables(161)) - Using default column profile:DBProfile.DISK for Table:s3SecretTable
2019-06-14 08:42:38,567 INFO  db.DBStoreBuilder (DBStoreBuilder.java:addTable(110)) - using custom profile for table: prefixTable
2019-06-14 08:42:38,568 INFO  db.DBStoreBuilder (DBStoreBuilder.java:processTables(161)) - Using default column profile:DBProfile.DISK for Table:prefixTable
2019-06-14 08:42:38,568 INFO  db.DBStoreBuilder (DBStoreBuilder.java:addTable(110)) - using custom profile for table: default
2019-06-14 08:42:38,568 INFO  db.DBStoreBuilder (DBStoreBuilder.java:processTables(167)) - Using default column profile:DBProfile.DISK for Table:default
2019-06-14 08:42:38,568 INFO  db.DBStoreBuilder (DBStoreBuilder.java:getDbProfile(198)) - Using default options. DBProfile.DISK
2019-06-14 08:42:38,581 DEBUG block.SCMBlockDeletingService (SCMBlockDeletingService.java:call(138)) - Running DeletedBlockTransactionScanner
2019-06-14 08:42:38,581 DEBUG block.SCMBlockDeletingService (SCMBlockDeletingService.java:call(155)) - Scanned deleted blocks log and got 0 delTX to process.
2019-06-14 08:42:38,682 DEBUG block.SCMBlockDeletingService (SCMBlockDeletingService.java:call(138)) - Running DeletedBlockTransactionScanner
2019-06-14 08:42:38,682 DEBUG block.SCMBlockDeletingService (SCMBlockDeletingService.java:call(155)) - Scanned deleted blocks log and got 0 delTX to process.
2019-06-14 08:42:38,782 DEBUG block.SCMBlockDeletingService (SCMBlockDeletingService.java:call(138)) - Running DeletedBlockTransactionScanner
2019-06-14 08:42:38,783 DEBUG block.SCMBlockDeletingService (SCMBlockDeletingService.java:call(155)) - Scanned deleted blocks log and got 0 delTX to process.
2019-06-14 08:42:38,883 DEBUG block.SCMBlockDeletingService (SCMBlockDeletingService.java:call(138)) - Running DeletedBlockTransactionScanner
2019-06-14 08:42:38,884 DEBUG block.SCMBlockDeletingService (SCMBlockDeletingService.java:call(155)) - Scanned deleted blocks log and got 0 delTX to process.
2019-06-14 08:42:38,984 DEBUG block.SCMBlockDeletingService (SCMBlockDeletingService.java:call(138)) - Running DeletedBlockTransactionScanner
2019-06-14 08:42:38,984 DEBUG block.SCMBlockDeletingService (SCMBlockDeletingService.java:call(155)) - Scanned deleted blocks log and got 0 delTX to process.
2019-06-14 08:42:39,021 INFO  ipc.CallQueueManager (CallQueueManager.java:<init>(84)) - Using callQueue: class java.util.concurrent.LinkedBlockingQueue, queueCapacity: 2000, scheduler: class org.apache.hadoop.ipc.DefaultRpcScheduler, ipcBackoff: false.
2019-06-14 08:42:39,021 INFO  ipc.Server (Server.java:run(1074)) - Starting Socket Reader #1 for port 42883
2019-06-14 08:42:39,041 WARN  scm.ScmUtils (ScmUtils.java:getDBPath(63)) - ozone.om.db.dirs is not configured. We recommend adding this setting. Falling back to ozone.metadata.dirs instead.
2019-06-14 08:42:39,041 INFO  om.OzoneManager (OzoneManager.java:start(1217)) - OzoneManager RPC server is listening at localhost/127.0.0.1:42883
2019-06-14 08:42:39,041 INFO  impl.MetricsSystemImpl (MetricsSystemImpl.java:init(158)) - OzoneManager metrics system started (again)
2019-06-14 08:42:39,044 INFO  ipc.Server (Server.java:run(1314)) - IPC Server Responder: starting
2019-06-14 08:42:39,044 INFO  ipc.Server (Server.java:run(1153)) - IPC Server listener on 42883: starting
2019-06-14 08:42:39,071 INFO  hdfs.DFSUtil (DFSUtil.java:httpServerTemplateForNNAndJN(1641)) - Starting Web-server for ozoneManager at: http://0.0.0.0:0
2019-06-14 08:42:39,072 INFO  server.AuthenticationFilter (AuthenticationFilter.java:constructSecretProvider(240)) - Unable to initialize FileSignerSecretProvider, falling back to use random secrets.
2019-06-14 08:42:39,073 WARN  http.HttpRequestLog (HttpRequestLog.java:getRequestLog(97)) - Jetty request log can only be enabled using Log4j
2019-06-14 08:42:39,074 INFO  http.HttpServer2 (HttpServer2.java:addGlobalFilter(975)) - Added global filter 'safety' (class=org.apache.hadoop.http.HttpServer2$QuotingInputFilter)
2019-06-14 08:42:39,075 INFO  http.HttpServer2 (HttpServer2.java:addFilter(948)) - Added filter static_user_filter (class=org.apache.hadoop.http.lib.StaticUserWebFilter$StaticUserFilter) to context ozoneManager
2019-06-14 08:42:39,075 INFO  http.HttpServer2 (HttpServer2.java:addFilter(958)) - Added filter static_user_filter (class=org.apache.hadoop.http.lib.StaticUserWebFilter$StaticUserFilter) to context logs
2019-06-14 08:42:39,075 INFO  http.HttpServer2 (HttpServer2.java:addFilter(958)) - Added filter static_user_filter (class=org.apache.hadoop.http.lib.StaticUserWebFilter$StaticUserFilter) to context static
2019-06-14 08:42:39,076 INFO  http.HttpServer2 (HttpServer2.java:bindListener(1191)) - Jetty bound to port 41377
2019-06-14 08:42:39,077 INFO  server.Server (Server.java:doStart(351)) - jetty-9.3.24.v20180605, build timestamp: 2018-06-05T17:11:56Z, git hash: 84205aa28f11a4f31f2a3b86d1bba2cc8ab69827
2019-06-14 08:42:39,078 INFO  handler.ContextHandler (ContextHandler.java:doStart(781)) - Started o.e.j.s.ServletContextHandler@378bd86d{/logs,file:///opt/src/hadoop-ozone/integration-test/target/log,AVAILABLE}
2019-06-14 08:42:39,079 INFO  handler.ContextHandler (ContextHandler.java:doStart(781)) - Started o.e.j.s.ServletContextHandler@69b2f8e5{/static,file:///opt/src/hadoop-ozone/integration-test/target/test-classes/webapps/static,AVAILABLE}
2019-06-14 08:42:39,083 INFO  handler.ContextHandler (ContextHandler.java:doStart(781)) - Started o.e.j.w.WebAppContext@43b0ade{/,file:///opt/src/hadoop-ozone/integration-test/target/test-classes/webapps/ozoneManager/,AVAILABLE}{/ozoneManager}
2019-06-14 08:42:39,083 INFO  server.AbstractConnector (AbstractConnector.java:doStart(278)) - Started ServerConnector@5395ea39{HTTP/1.1,[http/1.1]}{0.0.0.0:41377}
2019-06-14 08:42:39,084 INFO  server.Server (Server.java:doStart(419)) - Started @2729ms
2019-06-14 08:42:39,084 INFO  server.BaseHttpServer (BaseHttpServer.java:updateConnectorAddress(207)) - HTTP server of OZONEMANAGER is listening at http://0.0.0.0:41377
2019-06-14 08:42:39,085 DEBUG block.SCMBlockDeletingService (SCMBlockDeletingService.java:call(138)) - Running DeletedBlockTransactionScanner
2019-06-14 08:42:39,085 DEBUG block.SCMBlockDeletingService (SCMBlockDeletingService.java:call(155)) - Scanned deleted blocks log and got 0 delTX to process.
2019-06-14 08:42:39,185 DEBUG block.SCMBlockDeletingService (SCMBlockDeletingService.java:call(138)) - Running DeletedBlockTransactionScanner
2019-06-14 08:42:39,186 DEBUG block.SCMBlockDeletingService (SCMBlockDeletingService.java:call(155)) - Scanned deleted blocks log and got 0 delTX to process.
2019-06-14 08:42:39,215 INFO  impl.MetricsSystemImpl (MetricsSystemImpl.java:init(158)) - HddsDatanode metrics system started (again)
2019-06-14 08:42:39,295 DEBUG block.SCMBlockDeletingService (SCMBlockDeletingService.java:call(138)) - Running DeletedBlockTransactionScanner
2019-06-14 08:42:39,295 DEBUG block.SCMBlockDeletingService (SCMBlockDeletingService.java:call(155)) - Scanned deleted blocks log and got 0 delTX to process.
2019-06-14 08:42:39,356 INFO  ozone.HddsDatanodeService (HddsDatanodeService.java:start(185)) - HddsDatanodeService host:ozone-rp9nx-1314784558 ip:192.168.11.250
2019-06-14 08:42:39,382 INFO  volume.HddsVolume (HddsVolume.java:<init>(176)) - Creating Volume: /opt/src/hadoop-ozone/integration-test/target/test-dir/MiniOzoneClusterImpl-1994f8b8-dd4d-445c-bf25-0c6d40f9b14d/datanode-0/data/containers/hdds of  storage type : DISK and capacity : 104021790720
2019-06-14 08:42:39,383 INFO  volume.VolumeSet (VolumeSet.java:initializeVolumeSet(170)) - Added Volume : /opt/src/hadoop-ozone/integration-test/target/test-dir/MiniOzoneClusterImpl-1994f8b8-dd4d-445c-bf25-0c6d40f9b14d/datanode-0/data/containers/hdds to VolumeSet
2019-06-14 08:42:39,386 INFO  volume.ThrottledAsyncChecker (ThrottledAsyncChecker.java:schedule(140)) - Scheduling a check for org.apache.hadoop.ozone.container.common.volume.HddsVolume@ae7950d
2019-06-14 08:42:39,396 DEBUG block.SCMBlockDeletingService (SCMBlockDeletingService.java:call(138)) - Running DeletedBlockTransactionScanner
2019-06-14 08:42:39,396 DEBUG block.SCMBlockDeletingService (SCMBlockDeletingService.java:call(155)) - Scanned deleted blocks log and got 0 delTX to process.
2019-06-14 08:42:39,400 INFO  volume.HddsVolumeChecker (HddsVolumeChecker.java:checkAllVolumes(203)) - Scheduled health check for volume org.apache.hadoop.ozone.container.common.volume.HddsVolume@ae7950d
2019-06-14 08:42:39,437 INFO  ratis.XceiverServerRatis (XceiverServerRatis.java:newXceiverServerRatis(401)) - Found a free port for the server : 39889
2019-06-14 08:42:39,486 INFO  impl.RaftServerProxy (ConfUtils.java:logGet(43)) - raft.rpc.type = GRPC (default)
2019-06-14 08:42:39,494 INFO  grpc.GrpcConfigKeys$Server (ConfUtils.java:logGet(43)) - raft.grpc.server.port = 39889 (custom)
2019-06-14 08:42:39,494 INFO  server.GrpcService (ConfUtils.java:logGet(43)) - raft.grpc.message.size.max = 33570816 (custom)
2019-06-14 08:42:39,495 INFO  server.RaftServerConfigKeys (ConfUtils.java:logGet(43)) - raft.server.log.appender.buffer.byte-limit = 33554432 (custom)
2019-06-14 08:42:39,496 INFO  server.GrpcService (ConfUtils.java:logGet(43)) - raft.grpc.flow.control.window = 1MB (=1048576) (default)
2019-06-14 08:42:39,496 DEBUG block.SCMBlockDeletingService (SCMBlockDeletingService.java:call(138)) - Running DeletedBlockTransactionScanner
2019-06-14 08:42:39,497 DEBUG block.SCMBlockDeletingService (SCMBlockDeletingService.java:call(155)) - Scanned deleted blocks log and got 0 delTX to process.
2019-06-14 08:42:39,497 INFO  server.RaftServerConfigKeys (ConfUtils.java:logGet(43)) - raft.server.rpc.request.timeout = 3000ms (default)
2019-06-14 08:42:39,597 DEBUG block.SCMBlockDeletingService (SCMBlockDeletingService.java:call(138)) - Running DeletedBlockTransactionScanner
2019-06-14 08:42:39,597 DEBUG block.SCMBlockDeletingService (SCMBlockDeletingService.java:call(155)) - Scanned deleted blocks log and got 0 delTX to process.
2019-06-14 08:42:39,614 INFO  server.RaftServerConfigKeys (ConfUtils.java:logGet(43)) - raft.server.storage.dir = [/opt/src/hadoop-ozone/integration-test/target/test-dir/MiniOzoneClusterImpl-1994f8b8-dd4d-445c-bf25-0c6d40f9b14d/datanode-0/data/ratis] (custom)
2019-06-14 08:42:39,621 INFO  server.XceiverServerGrpc (XceiverServerGrpc.java:<init>(97)) - Found a free port for the server : 46459
2019-06-14 08:42:39,644 INFO  replication.SimpleContainerDownloader (SimpleContainerDownloader.java:<init>(72)) - Starting container downloader service to copy containers to replicate.
2019-06-14 08:42:39,653 INFO  hdfs.DFSUtil (DFSUtil.java:httpServerTemplateForNNAndJN(1641)) - Starting Web-server for hddsDatanode at: http://0.0.0.0:0
2019-06-14 08:42:39,654 INFO  server.AuthenticationFilter (AuthenticationFilter.java:constructSecretProvider(240)) - Unable to initialize FileSignerSecretProvider, falling back to use random secrets.
2019-06-14 08:42:39,655 WARN  http.HttpRequestLog (HttpRequestLog.java:getRequestLog(97)) - Jetty request log can only be enabled using Log4j
2019-06-14 08:42:39,656 INFO  http.HttpServer2 (HttpServer2.java:addGlobalFilter(975)) - Added global filter 'safety' (class=org.apache.hadoop.http.HttpServer2$QuotingInputFilter)
2019-06-14 08:42:39,657 INFO  http.HttpServer2 (HttpServer2.java:addFilter(948)) - Added filter static_user_filter (class=org.apache.hadoop.http.lib.StaticUserWebFilter$StaticUserFilter) to context hddsDatanode
2019-06-14 08:42:39,657 INFO  http.HttpServer2 (HttpServer2.java:addFilter(958)) - Added filter static_user_filter (class=org.apache.hadoop.http.lib.StaticUserWebFilter$StaticUserFilter) to context logs
2019-06-14 08:42:39,657 INFO  http.HttpServer2 (HttpServer2.java:addFilter(958)) - Added filter static_user_filter (class=org.apache.hadoop.http.lib.StaticUserWebFilter$StaticUserFilter) to context static
2019-06-14 08:42:39,658 INFO  http.HttpServer2 (HttpServer2.java:bindListener(1191)) - Jetty bound to port 33887
2019-06-14 08:42:39,658 INFO  server.Server (Server.java:doStart(351)) - jetty-9.3.24.v20180605, build timestamp: 2018-06-05T17:11:56Z, git hash: 84205aa28f11a4f31f2a3b86d1bba2cc8ab69827
2019-06-14 08:42:39,660 INFO  handler.ContextHandler (ContextHandler.java:doStart(781)) - Started o.e.j.s.ServletContextHandler@6438a7fe{/logs,file:///opt/src/hadoop-ozone/integration-test/target/log,AVAILABLE}
2019-06-14 08:42:39,660 INFO  handler.ContextHandler (ContextHandler.java:doStart(781)) - Started o.e.j.s.ServletContextHandler@4f5f6e45{/static,jar:file:/root/.m2/repository/org/apache/hadoop/hadoop-hdds-container-service/0.5.0-SNAPSHOT/hadoop-hdds-container-service-0.5.0-SNAPSHOT.jar!/webapps/static,AVAILABLE}
2019-06-14 08:42:39,689 INFO  handler.ContextHandler (ContextHandler.java:doStart(781)) - Started o.e.j.w.WebAppContext@36c0d0bd{/,file:///tmp/jetty-0.0.0.0-33887-hddsDatanode-_-any-3644370164973927391.dir/webapp/,AVAILABLE}{/hddsDatanode}
2019-06-14 08:42:39,690 INFO  server.AbstractConnector (AbstractConnector.java:doStart(278)) - Started ServerConnector@5e1fc2aa{HTTP/1.1,[http/1.1]}{0.0.0.0:33887}
2019-06-14 08:42:39,690 INFO  server.Server (Server.java:doStart(419)) - Started @3335ms
2019-06-14 08:42:39,691 INFO  server.BaseHttpServer (BaseHttpServer.java:updateConnectorAddress(207)) - HTTP server of HDDSDATANODE is listening at http://0.0.0.0:33887
2019-06-14 08:42:39,698 DEBUG block.SCMBlockDeletingService (SCMBlockDeletingService.java:call(138)) - Running DeletedBlockTransactionScanner
2019-06-14 08:42:39,698 DEBUG block.SCMBlockDeletingService (SCMBlockDeletingService.java:call(155)) - Scanned deleted blocks log and got 0 delTX to process.
2019-06-14 08:42:39,798 DEBUG block.SCMBlockDeletingService (SCMBlockDeletingService.java:call(138)) - Running DeletedBlockTransactionScanner
2019-06-14 08:42:39,799 DEBUG block.SCMBlockDeletingService (SCMBlockDeletingService.java:call(155)) - Scanned deleted blocks log and got 0 delTX to process.
2019-06-14 08:42:39,899 DEBUG block.SCMBlockDeletingService (SCMBlockDeletingService.java:call(138)) - Running DeletedBlockTransactionScanner
2019-06-14 08:42:39,899 DEBUG block.SCMBlockDeletingService (SCMBlockDeletingService.java:call(155)) - Scanned deleted blocks log and got 0 delTX to process.
2019-06-14 08:42:40,000 DEBUG block.SCMBlockDeletingService (SCMBlockDeletingService.java:call(138)) - Running DeletedBlockTransactionScanner
2019-06-14 08:42:40,000 DEBUG block.SCMBlockDeletingService (SCMBlockDeletingService.java:call(155)) - Scanned deleted blocks log and got 0 delTX to process.
2019-06-14 08:42:40,100 DEBUG block.SCMBlockDeletingService (SCMBlockDeletingService.java:call(138)) - Running DeletedBlockTransactionScanner
2019-06-14 08:42:40,101 DEBUG block.SCMBlockDeletingService (SCMBlockDeletingService.java:call(155)) - Scanned deleted blocks log and got 0 delTX to process.
2019-06-14 08:42:40,201 DEBUG block.SCMBlockDeletingService (SCMBlockDeletingService.java:call(138)) - Running DeletedBlockTransactionScanner
2019-06-14 08:42:40,201 DEBUG block.SCMBlockDeletingService (SCMBlockDeletingService.java:call(155)) - Scanned deleted blocks log and got 0 delTX to process.
2019-06-14 08:42:40,302 DEBUG block.SCMBlockDeletingService (SCMBlockDeletingService.java:call(138)) - Running DeletedBlockTransactionScanner
2019-06-14 08:42:40,302 DEBUG block.SCMBlockDeletingService (SCMBlockDeletingService.java:call(155)) - Scanned deleted blocks log and got 0 delTX to process.
2019-06-14 08:42:40,402 DEBUG block.SCMBlockDeletingService (SCMBlockDeletingService.java:call(138)) - Running DeletedBlockTransactionScanner
2019-06-14 08:42:40,403 DEBUG block.SCMBlockDeletingService (SCMBlockDeletingService.java:call(155)) - Scanned deleted blocks log and got 0 delTX to process.
2019-06-14 08:42:40,482 INFO  ozone.HddsDatanodeService (HddsDatanodeService.java:startPlugins(396)) - Started plug-in org.apache.hadoop.ozone.web.OzoneHddsDatanodeService@433d9680
2019-06-14 08:42:40,484 INFO  ozone.MiniOzoneClusterImpl (MiniOzoneClusterImpl.java:lambda$waitForClusterToBeReady$0(142)) - Waiting for cluster to be ready. Got 0 of 1 DN Heartbeats.
2019-06-14 08:42:40,486 INFO  util.JvmPauseMonitor (JvmPauseMonitor.java:run(188)) - Starting JVM pause monitor
2019-06-14 08:42:40,503 DEBUG block.SCMBlockDeletingService (SCMBlockDeletingService.java:call(138)) - Running DeletedBlockTransactionScanner
2019-06-14 08:42:40,503 DEBUG block.SCMBlockDeletingService (SCMBlockDeletingService.java:call(155)) - Scanned deleted blocks log and got 0 delTX to process.
2019-06-14 08:42:40,561 INFO  datanode.InitDatanodeState (InitDatanodeState.java:persistContainerDatanodeDetails(140)) - DatanodeDetails is persisted to /opt/src/hadoop-ozone/integration-test/target/test-dir/MiniOzoneClusterImpl-1994f8b8-dd4d-445c-bf25-0c6d40f9b14d/datanode-0/meta/datanode.id
2019-06-14 08:42:40,604 DEBUG block.SCMBlockDeletingService (SCMBlockDeletingService.java:call(138)) - Running DeletedBlockTransactionScanner
2019-06-14 08:42:40,604 DEBUG block.SCMBlockDeletingService (SCMBlockDeletingService.java:call(155)) - Scanned deleted blocks log and got 0 delTX to process.
2019-06-14 08:42:40,704 DEBUG block.SCMBlockDeletingService (SCMBlockDeletingService.java:call(138)) - Running DeletedBlockTransactionScanner
2019-06-14 08:42:40,705 DEBUG block.SCMBlockDeletingService (SCMBlockDeletingService.java:call(155)) - Scanned deleted blocks log and got 0 delTX to process.
2019-06-14 08:42:40,805 DEBUG block.SCMBlockDeletingService (SCMBlockDeletingService.java:call(138)) - Running DeletedBlockTransactionScanner
2019-06-14 08:42:40,805 DEBUG block.SCMBlockDeletingService (SCMBlockDeletingService.java:call(155)) - Scanned deleted blocks log and got 0 delTX to process.
2019-06-14 08:42:40,905 DEBUG block.SCMBlockDeletingService (SCMBlockDeletingService.java:call(138)) - Running DeletedBlockTransactionScanner
2019-06-14 08:42:40,906 DEBUG block.SCMBlockDeletingService (SCMBlockDeletingService.java:call(155)) - Scanned deleted blocks log and got 0 delTX to process.
2019-06-14 08:42:41,006 DEBUG block.SCMBlockDeletingService (SCMBlockDeletingService.java:call(138)) - Running DeletedBlockTransactionScanner
2019-06-14 08:42:41,006 DEBUG block.SCMBlockDeletingService (SCMBlockDeletingService.java:call(155)) - Scanned deleted blocks log and got 0 delTX to process.
2019-06-14 08:42:41,106 DEBUG block.SCMBlockDeletingService (SCMBlockDeletingService.java:call(138)) - Running DeletedBlockTransactionScanner
2019-06-14 08:42:41,107 DEBUG block.SCMBlockDeletingService (SCMBlockDeletingService.java:call(155)) - Scanned deleted blocks log and got 0 delTX to process.
2019-06-14 08:42:41,207 DEBUG block.SCMBlockDeletingService (SCMBlockDeletingService.java:call(138)) - Running DeletedBlockTransactionScanner
2019-06-14 08:42:41,207 DEBUG block.SCMBlockDeletingService (SCMBlockDeletingService.java:call(155)) - Scanned deleted blocks log and got 0 delTX to process.
2019-06-14 08:42:41,307 DEBUG block.SCMBlockDeletingService (SCMBlockDeletingService.java:call(138)) - Running DeletedBlockTransactionScanner
2019-06-14 08:42:41,308 DEBUG block.SCMBlockDeletingService (SCMBlockDeletingService.java:call(155)) - Scanned deleted blocks log and got 0 delTX to process.
2019-06-14 08:42:41,408 DEBUG block.SCMBlockDeletingService (SCMBlockDeletingService.java:call(138)) - Running DeletedBlockTransactionScanner
2019-06-14 08:42:41,408 DEBUG block.SCMBlockDeletingService (SCMBlockDeletingService.java:call(155)) - Scanned deleted blocks log and got 0 delTX to process.
2019-06-14 08:42:41,484 INFO  ozone.MiniOzoneClusterImpl (MiniOzoneClusterImpl.java:lambda$waitForClusterToBeReady$0(142)) - Waiting for cluster to be ready. Got 0 of 1 DN Heartbeats.
2019-06-14 08:42:41,508 DEBUG block.SCMBlockDeletingService (SCMBlockDeletingService.java:call(138)) - Running DeletedBlockTransactionScanner
2019-06-14 08:42:41,509 DEBUG block.SCMBlockDeletingService (SCMBlockDeletingService.java:call(155)) - Scanned deleted blocks log and got 0 delTX to process.
2019-06-14 08:42:41,609 DEBUG block.SCMBlockDeletingService (SCMBlockDeletingService.java:call(138)) - Running DeletedBlockTransactionScanner
2019-06-14 08:42:41,609 DEBUG block.SCMBlockDeletingService (SCMBlockDeletingService.java:call(155)) - Scanned deleted blocks log and got 0 delTX to process.
2019-06-14 08:42:41,710 DEBUG block.SCMBlockDeletingService (SCMBlockDeletingService.java:call(138)) - Running DeletedBlockTransactionScanner
2019-06-14 08:42:41,710 DEBUG block.SCMBlockDeletingService (SCMBlockDeletingService.java:call(155)) - Scanned deleted blocks log and got 0 delTX to process.
2019-06-14 08:42:41,810 DEBUG block.SCMBlockDeletingService (SCMBlockDeletingService.java:call(138)) - Running DeletedBlockTransactionScanner
2019-06-14 08:42:41,810 DEBUG block.SCMBlockDeletingService (SCMBlockDeletingService.java:call(155)) - Scanned deleted blocks log and got 0 delTX to process.
2019-06-14 08:42:41,911 DEBUG block.SCMBlockDeletingService (SCMBlockDeletingService.java:call(138)) - Running DeletedBlockTransactionScanner
2019-06-14 08:42:41,911 DEBUG block.SCMBlockDeletingService (SCMBlockDeletingService.java:call(155)) - Scanned deleted blocks log and got 0 delTX to process.
2019-06-14 08:42:42,011 DEBUG block.SCMBlockDeletingService (SCMBlockDeletingService.java:call(138)) - Running DeletedBlockTransactionScanner
2019-06-14 08:42:42,012 DEBUG block.SCMBlockDeletingService (SCMBlockDeletingService.java:call(155)) - Scanned deleted blocks log and got 0 delTX to process.
2019-06-14 08:42:42,112 DEBUG block.SCMBlockDeletingService (SCMBlockDeletingService.java:call(138)) - Running DeletedBlockTransactionScanner
2019-06-14 08:42:42,112 DEBUG block.SCMBlockDeletingService (SCMBlockDeletingService.java:call(155)) - Scanned deleted blocks log and got 0 delTX to process.
2019-06-14 08:42:42,212 DEBUG block.SCMBlockDeletingService (SCMBlockDeletingService.java:call(138)) - Running DeletedBlockTransactionScanner
2019-06-14 08:42:42,213 DEBUG block.SCMBlockDeletingService (SCMBlockDeletingService.java:call(155)) - Scanned deleted blocks log and got 0 delTX to process.
2019-06-14 08:42:42,313 DEBUG block.SCMBlockDeletingService (SCMBlockDeletingService.java:call(138)) - Running DeletedBlockTransactionScanner
2019-06-14 08:42:42,313 DEBUG block.SCMBlockDeletingService (SCMBlockDeletingService.java:call(155)) - Scanned deleted blocks log and got 0 delTX to process.
2019-06-14 08:42:42,413 DEBUG block.SCMBlockDeletingService (SCMBlockDeletingService.java:call(138)) - Running DeletedBlockTransactionScanner
2019-06-14 08:42:42,414 DEBUG block.SCMBlockDeletingService (SCMBlockDeletingService.java:call(155)) - Scanned deleted blocks log and got 0 delTX to process.
2019-06-14 08:42:42,484 INFO  ozone.MiniOzoneClusterImpl (MiniOzoneClusterImpl.java:lambda$waitForClusterToBeReady$0(142)) - Waiting for cluster to be ready. Got 0 of 1 DN Heartbeats.
2019-06-14 08:42:42,506 INFO  ozoneimpl.OzoneContainer (OzoneContainer.java:start(186)) - Attempting to start container services.
2019-06-14 08:42:42,507 INFO  ozoneimpl.OzoneContainer (OzoneContainer.java:startContainerScrub(160)) - Background container scrubber has been disabled by hdds.containerscrub.enabled
2019-06-14 08:42:42,507 INFO  ratis.XceiverServerRatis (XceiverServerRatis.java:start(418)) - Starting XceiverServerRatis 374189d0-76c5-49d2-81b4-45a4af1368a2 at port 39889
2019-06-14 08:42:42,514 DEBUG block.SCMBlockDeletingService (SCMBlockDeletingService.java:call(138)) - Running DeletedBlockTransactionScanner
2019-06-14 08:42:42,514 DEBUG block.SCMBlockDeletingService (SCMBlockDeletingService.java:call(155)) - Scanned deleted blocks log and got 0 delTX to process.
2019-06-14 08:42:42,524 INFO  impl.RaftServerProxy (RaftServerProxy.java:lambda$start$3(299)) - 374189d0-76c5-49d2-81b4-45a4af1368a2: start RPC server
2019-06-14 08:42:42,614 DEBUG block.SCMBlockDeletingService (SCMBlockDeletingService.java:call(138)) - Running DeletedBlockTransactionScanner
2019-06-14 08:42:42,615 DEBUG block.SCMBlockDeletingService (SCMBlockDeletingService.java:call(155)) - Scanned deleted blocks log and got 0 delTX to process.
2019-06-14 08:42:42,635 INFO  server.GrpcService (GrpcService.java:startImpl(148)) - 374189d0-76c5-49d2-81b4-45a4af1368a2: GrpcService started, listening on 0.0.0.0/0.0.0.0:39889
2019-06-14 08:42:42,715 DEBUG block.SCMBlockDeletingService (SCMBlockDeletingService.java:call(138)) - Running DeletedBlockTransactionScanner
2019-06-14 08:42:42,716 DEBUG block.SCMBlockDeletingService (SCMBlockDeletingService.java:call(155)) - Scanned deleted blocks log and got 0 delTX to process.
2019-06-14 08:42:42,816 DEBUG block.SCMBlockDeletingService (SCMBlockDeletingService.java:call(138)) - Running DeletedBlockTransactionScanner
2019-06-14 08:42:42,816 DEBUG block.SCMBlockDeletingService (SCMBlockDeletingService.java:call(155)) - Scanned deleted blocks log and got 0 delTX to process.
2019-06-14 08:42:42,916 DEBUG block.SCMBlockDeletingService (SCMBlockDeletingService.java:call(138)) - Running DeletedBlockTransactionScanner
2019-06-14 08:42:42,917 DEBUG block.SCMBlockDeletingService (SCMBlockDeletingService.java:call(155)) - Scanned deleted blocks log and got 0 delTX to process.
2019-06-14 08:42:43,017 DEBUG block.SCMBlockDeletingService (SCMBlockDeletingService.java:call(138)) - Running DeletedBlockTransactionScanner
2019-06-14 08:42:43,017 DEBUG block.SCMBlockDeletingService (SCMBlockDeletingService.java:call(155)) - Scanned deleted blocks log and got 0 delTX to process.
2019-06-14 08:42:43,118 DEBUG block.SCMBlockDeletingService (SCMBlockDeletingService.java:call(138)) - Running DeletedBlockTransactionScanner
2019-06-14 08:42:43,118 DEBUG block.SCMBlockDeletingService (SCMBlockDeletingService.java:call(155)) - Scanned deleted blocks log and got 0 delTX to process.
2019-06-14 08:42:43,218 DEBUG block.SCMBlockDeletingService (SCMBlockDeletingService.java:call(138)) - Running DeletedBlockTransactionScanner
2019-06-14 08:42:43,218 DEBUG block.SCMBlockDeletingService (SCMBlockDeletingService.java:call(155)) - Scanned deleted blocks log and got 0 delTX to process.
2019-06-14 08:42:43,319 DEBUG block.SCMBlockDeletingService (SCMBlockDeletingService.java:call(138)) - Running DeletedBlockTransactionScanner
2019-06-14 08:42:43,319 DEBUG block.SCMBlockDeletingService (SCMBlockDeletingService.java:call(155)) - Scanned deleted blocks log and got 0 delTX to process.
2019-06-14 08:42:43,419 DEBUG block.SCMBlockDeletingService (SCMBlockDeletingService.java:call(138)) - Running DeletedBlockTransactionScanner
2019-06-14 08:42:43,420 DEBUG block.SCMBlockDeletingService (SCMBlockDeletingService.java:call(155)) - Scanned deleted blocks log and got 0 delTX to process.
2019-06-14 08:42:43,485 INFO  ozone.MiniOzoneClusterImpl (MiniOzoneClusterImpl.java:lambda$waitForClusterToBeReady$0(142)) - Waiting for cluster to be ready. Got 0 of 1 DN Heartbeats.
2019-06-14 08:42:43,520 DEBUG block.SCMBlockDeletingService (SCMBlockDeletingService.java:call(138)) - Running DeletedBlockTransactionScanner
2019-06-14 08:42:43,520 DEBUG block.SCMBlockDeletingService (SCMBlockDeletingService.java:call(155)) - Scanned deleted blocks log and got 0 delTX to process.
2019-06-14 08:42:43,620 DEBUG block.SCMBlockDeletingService (SCMBlockDeletingService.java:call(138)) - Running DeletedBlockTransactionScanner
2019-06-14 08:42:43,621 DEBUG block.SCMBlockDeletingService (SCMBlockDeletingService.java:call(155)) - Scanned deleted blocks log and got 0 delTX to process.
2019-06-14 08:42:43,721 DEBUG block.SCMBlockDeletingService (SCMBlockDeletingService.java:call(138)) - Running DeletedBlockTransactionScanner
2019-06-14 08:42:43,721 DEBUG block.SCMBlockDeletingService (SCMBlockDeletingService.java:call(155)) - Scanned deleted blocks log and got 0 delTX to process.
2019-06-14 08:42:43,822 DEBUG block.SCMBlockDeletingService (SCMBlockDeletingService.java:call(138)) - Running DeletedBlockTransactionScanner
2019-06-14 08:42:43,822 DEBUG block.SCMBlockDeletingService (SCMBlockDeletingService.java:call(155)) - Scanned deleted blocks log and got 0 delTX to process.
2019-06-14 08:42:43,922 DEBUG block.SCMBlockDeletingService (SCMBlockDeletingService.java:call(138)) - Running DeletedBlockTransactionScanner
2019-06-14 08:42:43,922 DEBUG block.SCMBlockDeletingService (SCMBlockDeletingService.java:call(155)) - Scanned deleted blocks log and got 0 delTX to process.
2019-06-14 08:42:44,023 DEBUG block.SCMBlockDeletingService (SCMBlockDeletingService.java:call(138)) - Running DeletedBlockTransactionScanner
2019-06-14 08:42:44,023 DEBUG block.SCMBlockDeletingService (SCMBlockDeletingService.java:call(155)) - Scanned deleted blocks log and got 0 delTX to process.
2019-06-14 08:42:44,123 DEBUG block.SCMBlockDeletingService (SCMBlockDeletingService.java:call(138)) - Running DeletedBlockTransactionScanner
2019-06-14 08:42:44,123 DEBUG block.SCMBlockDeletingService (SCMBlockDeletingService.java:call(155)) - Scanned deleted blocks log and got 0 delTX to process.
2019-06-14 08:42:44,224 DEBUG block.SCMBlockDeletingService (SCMBlockDeletingService.java:call(138)) - Running DeletedBlockTransactionScanner
2019-06-14 08:42:44,224 DEBUG block.SCMBlockDeletingService (SCMBlockDeletingService.java:call(155)) - Scanned deleted blocks log and got 0 delTX to process.
2019-06-14 08:42:44,324 DEBUG block.SCMBlockDeletingService (SCMBlockDeletingService.java:call(138)) - Running DeletedBlockTransactionScanner
2019-06-14 08:42:44,324 DEBUG block.SCMBlockDeletingService (SCMBlockDeletingService.java:call(155)) - Scanned deleted blocks log and got 0 delTX to process.
2019-06-14 08:42:44,425 DEBUG block.SCMBlockDeletingService (SCMBlockDeletingService.java:call(138)) - Running DeletedBlockTransactionScanner
2019-06-14 08:42:44,425 DEBUG block.SCMBlockDeletingService (SCMBlockDeletingService.java:call(155)) - Scanned deleted blocks log and got 0 delTX to process.
2019-06-14 08:42:44,485 INFO  ozone.MiniOzoneClusterImpl (MiniOzoneClusterImpl.java:lambda$waitForClusterToBeReady$0(142)) - Waiting for cluster to be ready. Got 0 of 1 DN Heartbeats.
2019-06-14 08:42:44,503 INFO  node.SCMNodeManager (SCMNodeManager.java:register(234)) - Registered Data node : 374189d0-76c5-49d2-81b4-45a4af1368a2{ip: 192.168.11.250, host: ozone-rp9nx-1314784558, networkLocation: /default-rack, certSerialId: null}
2019-06-14 08:42:44,505 INFO  safemode.SCMSafeModeManager (DataNodeSafeModeRule.java:process(71)) - SCM in safe mode. 1 DataNodes registered, 1 required.
2019-06-14 08:42:44,508 INFO  safemode.SCMSafeModeManager (SCMSafeModeManager.java:validateSafeModeExitRules(177)) - ScmSafeModeManager, all rules are successfully validated
2019-06-14 08:42:44,508 INFO  safemode.SCMSafeModeManager (SCMSafeModeManager.java:exitSafeMode(193)) - SCM exiting safe mode.
2019-06-14 08:42:44,525 DEBUG block.SCMBlockDeletingService (SCMBlockDeletingService.java:call(138)) - Running DeletedBlockTransactionScanner
2019-06-14 08:42:44,526 DEBUG block.SCMBlockDeletingService (SCMBlockDeletingService.java:call(155)) - Scanned deleted blocks log and got 0 delTX to process.
2019-06-14 08:42:44,626 DEBUG block.SCMBlockDeletingService (SCMBlockDeletingService.java:call(138)) - Running DeletedBlockTransactionScanner
2019-06-14 08:42:44,626 DEBUG block.SCMBlockDeletingService (SCMBlockDeletingService.java:call(155)) - Scanned deleted blocks log and got 0 delTX to process.
2019-06-14 08:42:44,727 DEBUG block.SCMBlockDeletingService (SCMBlockDeletingService.java:call(138)) - Running DeletedBlockTransactionScanner
2019-06-14 08:42:44,727 DEBUG block.SCMBlockDeletingService (SCMBlockDeletingService.java:call(155)) - Scanned deleted blocks log and got 0 delTX to process.
2019-06-14 08:42:44,828 DEBUG block.SCMBlockDeletingService (SCMBlockDeletingService.java:call(138)) - Running DeletedBlockTransactionScanner
2019-06-14 08:42:44,828 DEBUG block.SCMBlockDeletingService (SCMBlockDeletingService.java:call(155)) - Scanned deleted blocks log and got 0 delTX to process.
2019-06-14 08:42:44,916 INFO  impl.RaftServerProxy (RaftServerProxy.java:addNew(89)) - 374189d0-76c5-49d2-81b4-45a4af1368a2: addNew group-30B6692CD68C:[374189d0-76c5-49d2-81b4-45a4af1368a2:192.168.11.250:39889] returns group-30B6692CD68C:java.util.concurrent.CompletableFuture@5df9c886[Not completed]
2019-06-14 08:42:44,925 INFO  impl.RaftServerImpl (RaftServerImpl.java:<init>(91)) - 374189d0-76c5-49d2-81b4-45a4af1368a2: new RaftServerImpl for group-30B6692CD68C:[374189d0-76c5-49d2-81b4-45a4af1368a2:192.168.11.250:39889] with ContainerStateMachine:uninitialized
2019-06-14 08:42:44,927 INFO  server.RaftServerConfigKeys (ConfUtils.java:logGet(43)) - raft.server.rpc.timeout.min = 1s (custom)
2019-06-14 08:42:44,927 INFO  server.RaftServerConfigKeys (ConfUtils.java:logGet(43)) - raft.server.rpc.timeout.max = 1200ms (custom)
2019-06-14 08:42:44,927 INFO  server.RaftServerConfigKeys (ConfUtils.java:logGet(43)) - raft.server.rpcslowness.timeout = 120s (custom)
2019-06-14 08:42:44,928 INFO  server.RaftServerConfigKeys (ConfUtils.java:logGet(43)) - raft.server.log.appender.install.snapshot.enabled = true (default)
2019-06-14 08:42:44,929 DEBUG block.SCMBlockDeletingService (SCMBlockDeletingService.java:call(138)) - Running DeletedBlockTransactionScanner
2019-06-14 08:42:44,929 DEBUG block.SCMBlockDeletingService (SCMBlockDeletingService.java:call(155)) - Scanned deleted blocks log and got 0 delTX to process.
2019-06-14 08:42:44,935 INFO  impl.RaftServerImpl (ServerState.java:<init>(101)) - 374189d0-76c5-49d2-81b4-45a4af1368a2:group-30B6692CD68C ConfigurationManager, init=-1: [374189d0-76c5-49d2-81b4-45a4af1368a2:192.168.11.250:39889], old=null, confs=<EMPTY_MAP>
2019-06-14 08:42:44,935 INFO  server.RaftServerConfigKeys (ConfUtils.java:logGet(43)) - raft.server.storage.dir = [/opt/src/hadoop-ozone/integration-test/target/test-dir/MiniOzoneClusterImpl-1994f8b8-dd4d-445c-bf25-0c6d40f9b14d/datanode-0/data/ratis] (custom)
2019-06-14 08:42:44,941 INFO  storage.RaftStorageDirectory (RaftStorageDirectory.java:analyzeStorage(246)) - The storage directory /opt/src/hadoop-ozone/integration-test/target/test-dir/MiniOzoneClusterImpl-1994f8b8-dd4d-445c-bf25-0c6d40f9b14d/datanode-0/data/ratis/99d0acb8-99ce-4814-8259-30b6692cd68c does not exist. Creating ...
2019-06-14 08:42:44,947 INFO  storage.RaftStorageDirectory (RaftStorageDirectory.java:tryLock(328)) - Lock on /opt/src/hadoop-ozone/integration-test/target/test-dir/MiniOzoneClusterImpl-1994f8b8-dd4d-445c-bf25-0c6d40f9b14d/datanode-0/data/ratis/99d0acb8-99ce-4814-8259-30b6692cd68c/in_use.lock acquired by nodename 31537@ozone-rp9nx-1314784558
2019-06-14 08:42:44,952 INFO  storage.RaftStorage (RaftStorage.java:format(75)) - Storage directory /opt/src/hadoop-ozone/integration-test/target/test-dir/MiniOzoneClusterImpl-1994f8b8-dd4d-445c-bf25-0c6d40f9b14d/datanode-0/data/ratis/99d0acb8-99ce-4814-8259-30b6692cd68c has been successfully formatted.
2019-06-14 08:42:44,954 INFO  ratis.ContainerStateMachine (ContainerStateMachine.java:loadSnapshot(199)) - The snapshot info is null.Setting the last applied index to:(t:0, i:~)
2019-06-14 08:42:44,955 INFO  server.RaftServerConfigKeys (ConfUtils.java:logGet(43)) - raft.server.leader.election.timeout = 120s (custom)
2019-06-14 08:42:44,956 INFO  server.RaftServerConfigKeys (ConfUtils.java:logGet(43)) - raft.server.log.use.memory = false (default)
2019-06-14 08:42:44,959 INFO  server.RaftServerConfigKeys (ConfUtils.java:logGet(43)) - raft.server.log.appender.buffer.byte-limit = 33554432 (custom)
2019-06-14 08:42:44,962 INFO  server.RaftServerConfigKeys (ConfUtils.java:logGet(43)) - raft.server.log.segment.size.max = 16384 (custom)
2019-06-14 08:42:44,966 INFO  server.RaftServerConfigKeys (ConfUtils.java:logGet(43)) - raft.server.log.segment.cache.num.max = 2 (custom)
2019-06-14 08:42:44,969 INFO  storage.RaftLogWorker (RaftLogWorker.java:<init>(123)) - new 374189d0-76c5-49d2-81b4-45a4af1368a2-RaftLogWorker for Storage Directory /opt/src/hadoop-ozone/integration-test/target/test-dir/MiniOzoneClusterImpl-1994f8b8-dd4d-445c-bf25-0c6d40f9b14d/datanode-0/data/ratis/99d0acb8-99ce-4814-8259-30b6692cd68c
2019-06-14 08:42:44,970 INFO  server.RaftServerConfigKeys (ConfUtils.java:logGet(43)) - raft.server.log.queue.byte-limit = 2147483647 (custom)
2019-06-14 08:42:44,970 INFO  server.RaftServerConfigKeys (ConfUtils.java:logGet(43)) - raft.server.log.queue.element-limit = 1024 (custom)
2019-06-14 08:42:44,972 INFO  server.RaftServerConfigKeys (ConfUtils.java:logGet(43)) - raft.server.log.segment.size.max = 16384 (custom)
2019-06-14 08:42:44,972 INFO  server.RaftServerConfigKeys (ConfUtils.java:logGet(43)) - raft.server.log.preallocated.size = 16384 (custom)
2019-06-14 08:42:44,973 INFO  server.RaftServerConfigKeys (ConfUtils.java:logGet(43)) - raft.server.log.write.buffer.size = 33554432 (custom)
2019-06-14 08:42:44,973 INFO  server.RaftServerConfigKeys (ConfUtils.java:logGet(43)) - raft.server.log.force.sync.num = 128 (default)
2019-06-14 08:42:44,974 INFO  server.RaftServerConfigKeys (ConfUtils.java:logGet(43)) - raft.server.log.statemachine.data.sync = true (default)
2019-06-14 08:42:44,975 INFO  server.RaftServerConfigKeys (ConfUtils.java:logGet(43)) - raft.server.log.statemachine.data.sync.timeout = 10s (default)
2019-06-14 08:42:44,975 INFO  server.RaftServerConfigKeys (ConfUtils.java:logGet(43)) - raft.server.log.statemachine.data.sync.timeout.retry = -1 (default)
2019-06-14 08:42:44,978 INFO  server.RaftServerConfigKeys (ConfUtils.java:logGet(43)) - raft.server.log.statemachine.data.caching.enabled = true (custom)
2019-06-14 08:42:44,986 INFO  server.RaftServerConfigKeys (ConfUtils.java:logGet(43)) - raft.server.snapshot.auto.trigger.enabled = true (custom)
2019-06-14 08:42:44,987 INFO  server.RaftServerConfigKeys (ConfUtils.java:logGet(43)) - raft.server.snapshot.auto.trigger.threshold = 10000 (custom)
2019-06-14 08:42:44,987 INFO  server.RaftServerConfigKeys (ConfUtils.java:logGet(43)) - raft.server.retrycache.expirytime = 600000ms (custom)
2019-06-14 08:42:45,095 DEBUG block.SCMBlockDeletingService (SCMBlockDeletingService.java:call(138)) - Running DeletedBlockTransactionScanner
2019-06-14 08:42:45,096 DEBUG block.SCMBlockDeletingService (SCMBlockDeletingService.java:call(155)) - Scanned deleted blocks log and got 0 delTX to process.
2019-06-14 08:42:45,102 INFO  impl.RaftServerImpl (RaftServerImpl.java:start(173)) - 374189d0-76c5-49d2-81b4-45a4af1368a2: start group-30B6692CD68C
2019-06-14 08:42:45,103 INFO  impl.RaftServerImpl (RaftServerImpl.java:setRole(164)) - 374189d0-76c5-49d2-81b4-45a4af1368a2:group-30B6692CD68C changes role from null to FOLLOWER at term 0 for startAsFollower
2019-06-14 08:42:45,104 INFO  impl.RoleInfo (RoleInfo.java:updateAndGet(143)) - 374189d0-76c5-49d2-81b4-45a4af1368a2: start FollowerState
2019-06-14 08:42:45,107 INFO  util.JmxRegister (JmxRegister.java:tryRegister(44)) - Successfully registered JMX Bean with object name Ratis:service=RaftServer,group=group-30B6692CD68C,id=374189d0-76c5-49d2-81b4-45a4af1368a2
2019-06-14 08:42:45,157 INFO  pipeline.PipelineStateManager (PipelineStateManager.java:addPipeline(56)) - Created pipeline Pipeline[ Id: 99d0acb8-99ce-4814-8259-30b6692cd68c, Nodes: 374189d0-76c5-49d2-81b4-45a4af1368a2{ip: 192.168.11.250, host: ozone-rp9nx-1314784558, networkLocation: /default-rack, certSerialId: null}, Type:RATIS, Factor:ONE, State:OPEN]
2019-06-14 08:42:45,196 DEBUG block.SCMBlockDeletingService (SCMBlockDeletingService.java:call(138)) - Running DeletedBlockTransactionScanner
2019-06-14 08:42:45,196 DEBUG block.SCMBlockDeletingService (SCMBlockDeletingService.java:call(155)) - Scanned deleted blocks log and got 0 delTX to process.
2019-06-14 08:42:45,297 DEBUG block.SCMBlockDeletingService (SCMBlockDeletingService.java:call(138)) - Running DeletedBlockTransactionScanner
2019-06-14 08:42:45,297 DEBUG block.SCMBlockDeletingService (SCMBlockDeletingService.java:call(155)) - Scanned deleted blocks log and got 0 delTX to process.
2019-06-14 08:42:45,397 DEBUG block.SCMBlockDeletingService (SCMBlockDeletingService.java:call(138)) - Running DeletedBlockTransactionScanner
2019-06-14 08:42:45,397 DEBUG block.SCMBlockDeletingService (SCMBlockDeletingService.java:call(155)) - Scanned deleted blocks log and got 0 delTX to process.
2019-06-14 08:42:45,485 INFO  ozone.MiniOzoneClusterImpl (MiniOzoneClusterImpl.java:lambda$waitForClusterToBeReady$0(142)) - Cluster is ready. Got 1 of 1 DN Heartbeats.
2019-06-14 08:42:45,497 DEBUG block.SCMBlockDeletingService (SCMBlockDeletingService.java:call(138)) - Running DeletedBlockTransactionScanner
2019-06-14 08:42:45,498 DEBUG block.SCMBlockDeletingService (SCMBlockDeletingService.java:call(155)) - Scanned deleted blocks log and got 0 delTX to process.
2019-06-14 08:42:45,598 DEBUG block.SCMBlockDeletingService (SCMBlockDeletingService.java:call(138)) - Running DeletedBlockTransactionScanner
2019-06-14 08:42:45,598 DEBUG block.SCMBlockDeletingService (SCMBlockDeletingService.java:call(155)) - Scanned deleted blocks log and got 0 delTX to process.
2019-06-14 08:42:45,698 DEBUG block.SCMBlockDeletingService (SCMBlockDeletingService.java:call(138)) - Running DeletedBlockTransactionScanner
2019-06-14 08:42:45,699 DEBUG block.SCMBlockDeletingService (SCMBlockDeletingService.java:call(155)) - Scanned deleted blocks log and got 0 delTX to process.
2019-06-14 08:42:45,799 DEBUG block.SCMBlockDeletingService (SCMBlockDeletingService.java:call(138)) - Running DeletedBlockTransactionScanner
2019-06-14 08:42:45,799 DEBUG block.SCMBlockDeletingService (SCMBlockDeletingService.java:call(155)) - Scanned deleted blocks log and got 0 delTX to process.
2019-06-14 08:42:45,900 DEBUG block.SCMBlockDeletingService (SCMBlockDeletingService.java:call(138)) - Running DeletedBlockTransactionScanner
2019-06-14 08:42:45,900 DEBUG block.SCMBlockDeletingService (SCMBlockDeletingService.java:call(155)) - Scanned deleted blocks log and got 0 delTX to process.
2019-06-14 08:42:46,000 DEBUG block.SCMBlockDeletingService (SCMBlockDeletingService.java:call(138)) - Running DeletedBlockTransactionScanner
2019-06-14 08:42:46,000 DEBUG block.SCMBlockDeletingService (SCMBlockDeletingService.java:call(155)) - Scanned deleted blocks log and got 0 delTX to process.
2019-06-14 08:42:46,101 DEBUG block.SCMBlockDeletingService (SCMBlockDeletingService.java:call(138)) - Running DeletedBlockTransactionScanner
2019-06-14 08:42:46,101 DEBUG block.SCMBlockDeletingService (SCMBlockDeletingService.java:call(155)) - Scanned deleted blocks log and got 0 delTX to process.
2019-06-14 08:42:46,169 INFO  impl.FollowerState (FollowerState.java:run(101)) - 374189d0-76c5-49d2-81b4-45a4af1368a2:group-30B6692CD68C changes to CANDIDATE, lastRpcTime:1065, electionTimeout:1064ms
2019-06-14 08:42:46,170 INFO  impl.RoleInfo (RoleInfo.java:shutdownFollowerState(121)) - 374189d0-76c5-49d2-81b4-45a4af1368a2: shutdown FollowerState
2019-06-14 08:42:46,170 INFO  impl.RaftServerImpl (RaftServerImpl.java:setRole(164)) - 374189d0-76c5-49d2-81b4-45a4af1368a2:group-30B6692CD68C changes role from FOLLOWER to CANDIDATE at term 0 for changeToCandidate
2019-06-14 08:42:46,173 INFO  impl.RoleInfo (RoleInfo.java:updateAndGet(143)) - 374189d0-76c5-49d2-81b4-45a4af1368a2: start LeaderElection
2019-06-14 08:42:46,176 INFO  impl.LeaderElection (LeaderElection.java:askForVotes(181)) - 374189d0-76c5-49d2-81b4-45a4af1368a2:group-30B6692CD68C:LeaderElection1: begin an election at term 1 for -1: [374189d0-76c5-49d2-81b4-45a4af1368a2:192.168.11.250:39889], old=null
2019-06-14 08:42:46,177 INFO  impl.RoleInfo (RoleInfo.java:shutdownLeaderElection(134)) - 374189d0-76c5-49d2-81b4-45a4af1368a2: shutdown LeaderElection
2019-06-14 08:42:46,178 INFO  impl.RaftServerImpl (RaftServerImpl.java:setRole(164)) - 374189d0-76c5-49d2-81b4-45a4af1368a2:group-30B6692CD68C changes role from CANDIDATE to LEADER at term 1 for changeToLeader
2019-06-14 08:42:46,178 INFO  impl.RaftServerImpl (ServerState.java:setLeader(263)) - 374189d0-76c5-49d2-81b4-45a4af1368a2:group-30B6692CD68C change Leader from null to 374189d0-76c5-49d2-81b4-45a4af1368a2 at term 1 for becomeLeader, leader elected after 1223ms
2019-06-14 08:42:46,182 INFO  server.RaftServerConfigKeys (ConfUtils.java:logGet(43)) - raft.server.staging.catchup.gap = 1000 (default)
2019-06-14 08:42:46,182 INFO  server.RaftServerConfigKeys (ConfUtils.java:logGet(43)) - raft.server.rpc.sleep.time = 25ms (default)
2019-06-14 08:42:46,184 INFO  server.RaftServerConfigKeys (ConfUtils.java:logGet(43)) - raft.server.watch.timeout = 10s (default)
2019-06-14 08:42:46,184 INFO  server.RaftServerConfigKeys (ConfUtils.java:logGet(43)) - raft.server.watch.timeout.denomination = 1s (default)
2019-06-14 08:42:46,194 INFO  impl.RoleInfo (RoleInfo.java:updateAndGet(143)) - 374189d0-76c5-49d2-81b4-45a4af1368a2: start LeaderState
2019-06-14 08:42:46,201 DEBUG block.SCMBlockDeletingService (SCMBlockDeletingService.java:call(138)) - Running DeletedBlockTransactionScanner
2019-06-14 08:42:46,201 DEBUG block.SCMBlockDeletingService (SCMBlockDeletingService.java:call(155)) - Scanned deleted blocks log and got 0 delTX to process.
2019-06-14 08:42:46,211 INFO  storage.RaftLogWorker (RaftLogWorker.java:startLogSegment(298)) - 374189d0-76c5-49d2-81b4-45a4af1368a2-RaftLogWorker: Starting segment from index:0
2019-06-14 08:42:46,235 INFO  impl.RaftServerImpl (ServerState.java:setRaftConf(361)) - 374189d0-76c5-49d2-81b4-45a4af1368a2:group-30B6692CD68C set configuration 0: [374189d0-76c5-49d2-81b4-45a4af1368a2:192.168.11.250:39889], old=null at 0
2019-06-14 08:42:46,302 DEBUG block.SCMBlockDeletingService (SCMBlockDeletingService.java:call(138)) - Running DeletedBlockTransactionScanner
2019-06-14 08:42:46,302 DEBUG block.SCMBlockDeletingService (SCMBlockDeletingService.java:call(155)) - Scanned deleted blocks log and got 0 delTX to process.
2019-06-14 08:42:46,356 INFO  storage.RaftLogWorker (RaftLogWorker.java:execute(469)) - 374189d0-76c5-49d2-81b4-45a4af1368a2-RaftLogWorker: created new log segment /opt/src/hadoop-ozone/integration-test/target/test-dir/MiniOzoneClusterImpl-1994f8b8-dd4d-445c-bf25-0c6d40f9b14d/datanode-0/data/ratis/99d0acb8-99ce-4814-8259-30b6692cd68c/current/log_inprogress_0
2019-06-14 08:42:46,402 DEBUG block.SCMBlockDeletingService (SCMBlockDeletingService.java:call(138)) - Running DeletedBlockTransactionScanner
2019-06-14 08:42:46,402 DEBUG block.SCMBlockDeletingService (SCMBlockDeletingService.java:call(155)) - Scanned deleted blocks log and got 0 delTX to process.
2019-06-14 08:42:46,503 DEBUG block.SCMBlockDeletingService (SCMBlockDeletingService.java:call(138)) - Running DeletedBlockTransactionScanner
2019-06-14 08:42:46,503 DEBUG block.SCMBlockDeletingService (SCMBlockDeletingService.java:call(155)) - Scanned deleted blocks log and got 0 delTX to process.
2019-06-14 08:42:46,604 DEBUG block.SCMBlockDeletingService (SCMBlockDeletingService.java:call(138)) - Running DeletedBlockTransactionScanner
2019-06-14 08:42:46,604 DEBUG block.SCMBlockDeletingService (SCMBlockDeletingService.java:call(155)) - Scanned deleted blocks log and got 0 delTX to process.
2019-06-14 08:42:46,705 DEBUG block.SCMBlockDeletingService (SCMBlockDeletingService.java:call(138)) - Running DeletedBlockTransactionScanner
2019-06-14 08:42:46,705 DEBUG block.SCMBlockDeletingService (SCMBlockDeletingService.java:call(155)) - Scanned deleted blocks log and got 0 delTX to process.
2019-06-14 08:42:46,805 DEBUG block.SCMBlockDeletingService (SCMBlockDeletingService.java:call(138)) - Running DeletedBlockTransactionScanner
2019-06-14 08:42:46,805 DEBUG block.SCMBlockDeletingService (SCMBlockDeletingService.java:call(155)) - Scanned deleted blocks log and got 0 delTX to process.
2019-06-14 08:42:46,906 DEBUG block.SCMBlockDeletingService (SCMBlockDeletingService.java:call(138)) - Running DeletedBlockTransactionScanner
2019-06-14 08:42:46,906 DEBUG block.SCMBlockDeletingService (SCMBlockDeletingService.java:call(155)) - Scanned deleted blocks log and got 0 delTX to process.
2019-06-14 08:42:47,006 DEBUG block.SCMBlockDeletingService (SCMBlockDeletingService.java:call(138)) - Running DeletedBlockTransactionScanner
2019-06-14 08:42:47,007 DEBUG block.SCMBlockDeletingService (SCMBlockDeletingService.java:call(155)) - Scanned deleted blocks log and got 0 delTX to process.
2019-06-14 08:42:47,107 DEBUG block.SCMBlockDeletingService (SCMBlockDeletingService.java:call(138)) - Running DeletedBlockTransactionScanner
2019-06-14 08:42:47,107 DEBUG block.SCMBlockDeletingService (SCMBlockDeletingService.java:call(155)) - Scanned deleted blocks log and got 0 delTX to process.
2019-06-14 08:42:47,207 DEBUG block.SCMBlockDeletingService (SCMBlockDeletingService.java:call(138)) - Running DeletedBlockTransactionScanner
2019-06-14 08:42:47,208 DEBUG block.SCMBlockDeletingService (SCMBlockDeletingService.java:call(155)) - Scanned deleted blocks log and got 0 delTX to process.
2019-06-14 08:42:47,308 DEBUG block.SCMBlockDeletingService (SCMBlockDeletingService.java:call(138)) - Running DeletedBlockTransactionScanner
2019-06-14 08:42:47,308 DEBUG block.SCMBlockDeletingService (SCMBlockDeletingService.java:call(155)) - Scanned deleted blocks log and got 0 delTX to process.
2019-06-14 08:42:47,331 INFO  rpc.RpcClient (RpcClient.java:createVolume(289)) - Creating Volume: d4ac430f-6f55-40f5-9e9c-1d5bd9080a8d, with root as owner.
2019-06-14 08:42:47,351 INFO  rpc.RpcClient (RpcClient.java:createBucket(426)) - Creating Bucket: d4ac430f-6f55-40f5-9e9c-1d5bd9080a8d/15167734-0f7e-48ca-b175-7f6dca314e28, with Versioning false and Storage Type set to DISK and Encryption set to false 
2019-06-14 08:42:47,408 DEBUG block.SCMBlockDeletingService (SCMBlockDeletingService.java:call(138)) - Running DeletedBlockTransactionScanner
2019-06-14 08:42:47,408 DEBUG block.SCMBlockDeletingService (SCMBlockDeletingService.java:call(155)) - Scanned deleted blocks log and got 0 delTX to process.
2019-06-14 08:42:47,510 DEBUG block.SCMBlockDeletingService (SCMBlockDeletingService.java:call(138)) - Running DeletedBlockTransactionScanner
2019-06-14 08:42:47,511 DEBUG block.SCMBlockDeletingService (SCMBlockDeletingService.java:call(155)) - Scanned deleted blocks log and got 0 delTX to process.
2019-06-14 08:42:47,611 DEBUG block.SCMBlockDeletingService (SCMBlockDeletingService.java:call(138)) - Running DeletedBlockTransactionScanner
2019-06-14 08:42:47,612 DEBUG block.SCMBlockDeletingService (SCMBlockDeletingService.java:call(155)) - Scanned deleted blocks log and got 0 delTX to process.
2019-06-14 08:42:47,712 DEBUG block.SCMBlockDeletingService (SCMBlockDeletingService.java:call(138)) - Running DeletedBlockTransactionScanner
2019-06-14 08:42:47,712 DEBUG block.SCMBlockDeletingService (SCMBlockDeletingService.java:call(155)) - Scanned deleted blocks log and got 0 delTX to process.
2019-06-14 08:42:47,813 DEBUG block.SCMBlockDeletingService (SCMBlockDeletingService.java:call(138)) - Running DeletedBlockTransactionScanner
2019-06-14 08:42:47,813 DEBUG block.SCMBlockDeletingService (SCMBlockDeletingService.java:call(155)) - Scanned deleted blocks log and got 0 delTX to process.
2019-06-14 08:42:47,840 INFO  client.GrpcClientProtocolClient (GrpcClientProtocolClient.java:onNext(254)) - client-2EC808601240->374189d0-76c5-49d2-81b4-45a4af1368a2: receive RaftClientReply:client-2EC808601240->374189d0-76c5-49d2-81b4-45a4af1368a2@group-30B6692CD68C, cid=1, SUCCESS, logIndex=1, commits[374189d0-76c5-49d2-81b4-45a4af1368a2:c1]
2019-06-14 08:42:47,897 INFO  client.GrpcClientProtocolClient (GrpcClientProtocolClient.java:onNext(254)) - client-2EC808601240->374189d0-76c5-49d2-81b4-45a4af1368a2: receive RaftClientReply:client-2EC808601240->374189d0-76c5-49d2-81b4-45a4af1368a2@group-30B6692CD68C, cid=2, SUCCESS, logIndex=3, commits[374189d0-76c5-49d2-81b4-45a4af1368a2:c4]
2019-06-14 08:42:47,904 INFO  client.GrpcClientProtocolClient (GrpcClientProtocolClient.java:onNext(254)) - client-2EC808601240->374189d0-76c5-49d2-81b4-45a4af1368a2: receive RaftClientReply:client-2EC808601240->374189d0-76c5-49d2-81b4-45a4af1368a2@group-30B6692CD68C, cid=3, SUCCESS, logIndex=5, commits[374189d0-76c5-49d2-81b4-45a4af1368a2:c6]
2019-06-14 08:42:47,915 DEBUG block.SCMBlockDeletingService (SCMBlockDeletingService.java:call(138)) - Running DeletedBlockTransactionScanner
2019-06-14 08:42:47,915 INFO  client.GrpcClientProtocolClient (GrpcClientProtocolClient.java:onNext(254)) - client-2EC808601240->374189d0-76c5-49d2-81b4-45a4af1368a2: receive RaftClientReply:client-2EC808601240->374189d0-76c5-49d2-81b4-45a4af1368a2@group-30B6692CD68C, cid=4, SUCCESS, logIndex=6, commits[374189d0-76c5-49d2-81b4-45a4af1368a2:c8]
2019-06-14 08:42:47,915 DEBUG block.SCMBlockDeletingService (SCMBlockDeletingService.java:call(155)) - Scanned deleted blocks log and got 0 delTX to process.
2019-06-14 08:42:47,945 INFO  client.GrpcClientProtocolClient (GrpcClientProtocolClient.java:onNext(254)) - client-2EC808601240->374189d0-76c5-49d2-81b4-45a4af1368a2: receive RaftClientReply:client-2EC808601240->374189d0-76c5-49d2-81b4-45a4af1368a2@group-30B6692CD68C, cid=5, SUCCESS, logIndex=9, commits[374189d0-76c5-49d2-81b4-45a4af1368a2:c9]
2019-06-14 08:42:47,948 INFO  client.GrpcClientProtocolClient (GrpcClientProtocolClient.java:onNext(254)) - client-2EC808601240->374189d0-76c5-49d2-81b4-45a4af1368a2: receive RaftClientReply:client-2EC808601240->374189d0-76c5-49d2-81b4-45a4af1368a2@group-30B6692CD68C, cid=6, SUCCESS, logIndex=11, commits[374189d0-76c5-49d2-81b4-45a4af1368a2:c12]
2019-06-14 08:42:47,955 INFO  client.GrpcClientProtocolClient (GrpcClientProtocolClient.java:onNext(254)) - client-2EC808601240->374189d0-76c5-49d2-81b4-45a4af1368a2: receive RaftClientReply:client-2EC808601240->374189d0-76c5-49d2-81b4-45a4af1368a2@group-30B6692CD68C, cid=7, SUCCESS, logIndex=13, commits[374189d0-76c5-49d2-81b4-45a4af1368a2:c14]
2019-06-14 08:42:47,957 INFO  client.GrpcClientProtocolClient (GrpcClientProtocolClient.java:onNext(254)) - client-2EC808601240->374189d0-76c5-49d2-81b4-45a4af1368a2: receive RaftClientReply:client-2EC808601240->374189d0-76c5-49d2-81b4-45a4af1368a2@group-30B6692CD68C, cid=8, SUCCESS, logIndex=14, commits[374189d0-76c5-49d2-81b4-45a4af1368a2:c15]
2019-06-14 08:42:48,001 INFO  client.GrpcClientProtocolClient (GrpcClientProtocolClient.java:onNext(254)) - client-2EC808601240->374189d0-76c5-49d2-81b4-45a4af1368a2: receive RaftClientReply:client-2EC808601240->374189d0-76c5-49d2-81b4-45a4af1368a2@group-30B6692CD68C, cid=9, SUCCESS, logIndex=16, commits[374189d0-76c5-49d2-81b4-45a4af1368a2:c17]
2019-06-14 08:42:48,015 DEBUG block.SCMBlockDeletingService (SCMBlockDeletingService.java:call(138)) - Running DeletedBlockTransactionScanner
2019-06-14 08:42:48,016 DEBUG block.SCMBlockDeletingService (SCMBlockDeletingService.java:call(155)) - Scanned deleted blocks log and got 0 delTX to process.
2019-06-14 08:42:48,018 INFO  client.GrpcClientProtocolClient (GrpcClientProtocolClient.java:onNext(254)) - client-2EC808601240->374189d0-76c5-49d2-81b4-45a4af1368a2: receive RaftClientReply:client-2EC808601240->374189d0-76c5-49d2-81b4-45a4af1368a2@group-30B6692CD68C, cid=10, SUCCESS, logIndex=18, commits[374189d0-76c5-49d2-81b4-45a4af1368a2:c23]
2019-06-14 08:42:48,023 INFO  client.GrpcClientProtocolClient (GrpcClientProtocolClient.java:onNext(254)) - client-2EC808601240->374189d0-76c5-49d2-81b4-45a4af1368a2: receive RaftClientReply:client-2EC808601240->374189d0-76c5-49d2-81b4-45a4af1368a2@group-30B6692CD68C, cid=11, SUCCESS, logIndex=20, commits[374189d0-76c5-49d2-81b4-45a4af1368a2:c23]
2019-06-14 08:42:48,025 INFO  client.GrpcClientProtocolClient (GrpcClientProtocolClient.java:onNext(254)) - client-2EC808601240->374189d0-76c5-49d2-81b4-45a4af1368a2: receive RaftClientReply:client-2EC808601240->374189d0-76c5-49d2-81b4-45a4af1368a2@group-30B6692CD68C, cid=12, SUCCESS, logIndex=22, commits[374189d0-76c5-49d2-81b4-45a4af1368a2:c23]
2019-06-14 08:42:48,053 INFO  client.GrpcClientProtocolClient (GrpcClientProtocolClient.java:onNext(254)) - client-2EC808601240->374189d0-76c5-49d2-81b4-45a4af1368a2: receive RaftClientReply:client-2EC808601240->374189d0-76c5-49d2-81b4-45a4af1368a2@group-30B6692CD68C, cid=13, SUCCESS, logIndex=24, commits[374189d0-76c5-49d2-81b4-45a4af1368a2:c24]
2019-06-14 08:42:48,055 INFO  client.GrpcClientProtocolClient (GrpcClientProtocolClient.java:onNext(254)) - client-2EC808601240->374189d0-76c5-49d2-81b4-45a4af1368a2: receive RaftClientReply:client-2EC808601240->374189d0-76c5-49d2-81b4-45a4af1368a2@group-30B6692CD68C, cid=14, SUCCESS, logIndex=26, commits[374189d0-76c5-49d2-81b4-45a4af1368a2:c27]
2019-06-14 08:42:48,061 INFO  client.GrpcClientProtocolClient (GrpcClientProtocolClient.java:onNext(254)) - client-2EC808601240->374189d0-76c5-49d2-81b4-45a4af1368a2: receive RaftClientReply:client-2EC808601240->374189d0-76c5-49d2-81b4-45a4af1368a2@group-30B6692CD68C, cid=15, SUCCESS, logIndex=28, commits[374189d0-76c5-49d2-81b4-45a4af1368a2:c29]
2019-06-14 08:42:48,063 INFO  client.GrpcClientProtocolClient (GrpcClientProtocolClient.java:onNext(254)) - client-2EC808601240->374189d0-76c5-49d2-81b4-45a4af1368a2: receive RaftClientReply:client-2EC808601240->374189d0-76c5-49d2-81b4-45a4af1368a2@group-30B6692CD68C, cid=16, SUCCESS, logIndex=29, commits[374189d0-76c5-49d2-81b4-45a4af1368a2:c30]
2019-06-14 08:42:48,105 INFO  client.GrpcClientProtocolClient (GrpcClientProtocolClient.java:onNext(254)) - client-2EC808601240->374189d0-76c5-49d2-81b4-45a4af1368a2: receive RaftClientReply:client-2EC808601240->374189d0-76c5-49d2-81b4-45a4af1368a2@group-30B6692CD68C, cid=17, SUCCESS, logIndex=31, commits[374189d0-76c5-49d2-81b4-45a4af1368a2:c31]
2019-06-14 08:42:48,117 DEBUG block.SCMBlockDeletingService (SCMBlockDeletingService.java:call(138)) - Running DeletedBlockTransactionScanner
2019-06-14 08:42:48,117 DEBUG block.SCMBlockDeletingService (SCMBlockDeletingService.java:call(155)) - Scanned deleted blocks log and got 0 delTX to process.
2019-06-14 08:42:48,126 INFO  client.GrpcClientProtocolClient (GrpcClientProtocolClient.java:onNext(254)) - client-2EC808601240->374189d0-76c5-49d2-81b4-45a4af1368a2: receive RaftClientReply:client-2EC808601240->374189d0-76c5-49d2-81b4-45a4af1368a2@group-30B6692CD68C, cid=18, SUCCESS, logIndex=33, commits[374189d0-76c5-49d2-81b4-45a4af1368a2:c37]
2019-06-14 08:42:48,131 INFO  client.GrpcClientProtocolClient (GrpcClientProtocolClient.java:onNext(254)) - client-2EC808601240->374189d0-76c5-49d2-81b4-45a4af1368a2: receive RaftClientReply:client-2EC808601240->374189d0-76c5-49d2-81b4-45a4af1368a2@group-30B6692CD68C, cid=19, SUCCESS, logIndex=35, commits[374189d0-76c5-49d2-81b4-45a4af1368a2:c37]
2019-06-14 08:42:48,133 INFO  client.GrpcClientProtocolClient (GrpcClientProtocolClient.java:onNext(254)) - client-2EC808601240->374189d0-76c5-49d2-81b4-45a4af1368a2: receive RaftClientReply:client-2EC808601240->374189d0-76c5-49d2-81b4-45a4af1368a2@group-30B6692CD68C, cid=20, SUCCESS, logIndex=36, commits[374189d0-76c5-49d2-81b4-45a4af1368a2:c37]
2019-06-14 08:42:48,148 INFO  client.GrpcClientProtocolClient (GrpcClientProtocolClient.java:onNext(254)) - client-2EC808601240->374189d0-76c5-49d2-81b4-45a4af1368a2: receive RaftClientReply:client-2EC808601240->374189d0-76c5-49d2-81b4-45a4af1368a2@group-30B6692CD68C, cid=21, SUCCESS, logIndex=38, commits[374189d0-76c5-49d2-81b4-45a4af1368a2:c38]
2019-06-14 08:42:48,153 INFO  client.GrpcClientProtocolClient (GrpcClientProtocolClient.java:onNext(254)) - client-2EC808601240->374189d0-76c5-49d2-81b4-45a4af1368a2: receive RaftClientReply:client-2EC808601240->374189d0-76c5-49d2-81b4-45a4af1368a2@group-30B6692CD68C, cid=22, SUCCESS, logIndex=40, commits[374189d0-76c5-49d2-81b4-45a4af1368a2:c41]
2019-06-14 08:42:48,156 INFO  client.GrpcClientProtocolClient (GrpcClientProtocolClient.java:onNext(254)) - client-2EC808601240->374189d0-76c5-49d2-81b4-45a4af1368a2: receive RaftClientReply:client-2EC808601240->374189d0-76c5-49d2-81b4-45a4af1368a2@group-30B6692CD68C, cid=23, SUCCESS, logIndex=42, commits[374189d0-76c5-49d2-81b4-45a4af1368a2:c42]
2019-06-14 08:42:48,158 INFO  client.GrpcClientProtocolClient (GrpcClientProtocolClient.java:onNext(254)) - client-2EC808601240->374189d0-76c5-49d2-81b4-45a4af1368a2: receive RaftClientReply:client-2EC808601240->374189d0-76c5-49d2-81b4-45a4af1368a2@group-30B6692CD68C, cid=24, SUCCESS, logIndex=44, commits[374189d0-76c5-49d2-81b4-45a4af1368a2:c44]
2019-06-14 08:42:48,217 DEBUG block.SCMBlockDeletingService (SCMBlockDeletingService.java:call(138)) - Running DeletedBlockTransactionScanner
2019-06-14 08:42:48,218 DEBUG block.SCMBlockDeletingService (SCMBlockDeletingService.java:call(155)) - Scanned deleted blocks log and got 0 delTX to process.
2019-06-14 08:42:48,224 INFO  client.GrpcClientProtocolClient (GrpcClientProtocolClient.java:onNext(254)) - client-2EC808601240->374189d0-76c5-49d2-81b4-45a4af1368a2: receive RaftClientReply:client-2EC808601240->374189d0-76c5-49d2-81b4-45a4af1368a2@group-30B6692CD68C, cid=25, SUCCESS, logIndex=46, commits[374189d0-76c5-49d2-81b4-45a4af1368a2:c46]
2019-06-14 08:42:48,233 INFO  client.GrpcClientProtocolClient (GrpcClientProtocolClient.java:onNext(254)) - client-2EC808601240->374189d0-76c5-49d2-81b4-45a4af1368a2: receive RaftClientReply:client-2EC808601240->374189d0-76c5-49d2-81b4-45a4af1368a2@group-30B6692CD68C, cid=26, SUCCESS, logIndex=48, commits[374189d0-76c5-49d2-81b4-45a4af1368a2:c49]
2019-06-14 08:42:48,234 INFO  client.GrpcClientProtocolClient (GrpcClientProtocolClient.java:onNext(254)) - client-2EC808601240->374189d0-76c5-49d2-81b4-45a4af1368a2: receive RaftClientReply:client-2EC808601240->374189d0-76c5-49d2-81b4-45a4af1368a2@group-30B6692CD68C, cid=27, SUCCESS, logIndex=49, commits[374189d0-76c5-49d2-81b4-45a4af1368a2:c51]
2019-06-14 08:42:48,236 INFO  client.GrpcClientProtocolClient (GrpcClientProtocolClient.java:onNext(254)) - client-2EC808601240->374189d0-76c5-49d2-81b4-45a4af1368a2: receive RaftClientReply:client-2EC808601240->374189d0-76c5-49d2-81b4-45a4af1368a2@group-30B6692CD68C, cid=28, SUCCESS, logIndex=51, commits[374189d0-76c5-49d2-81b4-45a4af1368a2:c53]
2019-06-14 08:42:48,252 INFO  client.GrpcClientProtocolClient (GrpcClientProtocolClient.java:onNext(254)) - client-2EC808601240->374189d0-76c5-49d2-81b4-45a4af1368a2: receive RaftClientReply:client-2EC808601240->374189d0-76c5-49d2-81b4-45a4af1368a2@group-30B6692CD68C, cid=29, SUCCESS, logIndex=54, commits[374189d0-76c5-49d2-81b4-45a4af1368a2:c54]
2019-06-14 08:42:48,256 INFO  client.GrpcClientProtocolClient (GrpcClientProtocolClient.java:onNext(254)) - client-2EC808601240->374189d0-76c5-49d2-81b4-45a4af1368a2: receive RaftClientReply:client-2EC808601240->374189d0-76c5-49d2-81b4-45a4af1368a2@group-30B6692CD68C, cid=30, SUCCESS, logIndex=56, commits[374189d0-76c5-49d2-81b4-45a4af1368a2:c57]
2019-06-14 08:42:48,260 INFO  client.GrpcClientProtocolClient (GrpcClientProtocolClient.java:onNext(254)) - client-2EC808601240->374189d0-76c5-49d2-81b4-45a4af1368a2: receive RaftClientReply:client-2EC808601240->374189d0-76c5-49d2-81b4-45a4af1368a2@group-30B6692CD68C, cid=31, SUCCESS, logIndex=58, commits[374189d0-76c5-49d2-81b4-45a4af1368a2:c59]
2019-06-14 08:42:48,261 INFO  client.GrpcClientProtocolClient (GrpcClientProtocolClient.java:onNext(254)) - client-2EC808601240->374189d0-76c5-49d2-81b4-45a4af1368a2: receive RaftClientReply:client-2EC808601240->374189d0-76c5-49d2-81b4-45a4af1368a2@group-30B6692CD68C, cid=32, SUCCESS, logIndex=59, commits[374189d0-76c5-49d2-81b4-45a4af1368a2:c60]
2019-06-14 08:42:48,276 INFO  client.GrpcClientProtocolClient (GrpcClientProtocolClient.java:onNext(254)) - client-2EC808601240->374189d0-76c5-49d2-81b4-45a4af1368a2: receive RaftClientReply:client-2EC808601240->374189d0-76c5-49d2-81b4-45a4af1368a2@group-30B6692CD68C, cid=33, SUCCESS, logIndex=61, commits[374189d0-76c5-49d2-81b4-45a4af1368a2:c61]
2019-06-14 08:42:48,280 INFO  client.GrpcClientProtocolClient (GrpcClientProtocolClient.java:onNext(254)) - client-2EC808601240->374189d0-76c5-49d2-81b4-45a4af1368a2: receive RaftClientReply:client-2EC808601240->374189d0-76c5-49d2-81b4-45a4af1368a2@group-30B6692CD68C, cid=34, SUCCESS, logIndex=63, commits[374189d0-76c5-49d2-81b4-45a4af1368a2:c63]
2019-06-14 08:42:48,285 INFO  client.GrpcClientProtocolClient (GrpcClientProtocolClient.java:onNext(254)) - client-2EC808601240->374189d0-76c5-49d2-81b4-45a4af1368a2: receive RaftClientReply:client-2EC808601240->374189d0-76c5-49d2-81b4-45a4af1368a2@group-30B6692CD68C, cid=35, SUCCESS, logIndex=65, commits[374189d0-76c5-49d2-81b4-45a4af1368a2:c65]
2019-06-14 08:42:48,287 INFO  client.GrpcClientProtocolClient (GrpcClientProtocolClient.java:onNext(254)) - client-2EC808601240->374189d0-76c5-49d2-81b4-45a4af1368a2: receive RaftClientReply:client-2EC808601240->374189d0-76c5-49d2-81b4-45a4af1368a2@group-30B6692CD68C, cid=36, SUCCESS, logIndex=67, commits[374189d0-76c5-49d2-81b4-45a4af1368a2:c67]
2019-06-14 08:42:48,299 INFO  client.GrpcClientProtocolClient (GrpcClientProtocolClient.java:onNext(254)) - client-2EC808601240->374189d0-76c5-49d2-81b4-45a4af1368a2: receive RaftClientReply:client-2EC808601240->374189d0-76c5-49d2-81b4-45a4af1368a2@group-30B6692CD68C, cid=37, SUCCESS, logIndex=69, commits[374189d0-76c5-49d2-81b4-45a4af1368a2:c69]
2019-06-14 08:42:48,304 INFO  client.GrpcClientProtocolClient (GrpcClientProtocolClient.java:onNext(254)) - client-2EC808601240->374189d0-76c5-49d2-81b4-45a4af1368a2: receive RaftClientReply:client-2EC808601240->374189d0-76c5-49d2-81b4-45a4af1368a2@group-30B6692CD68C, cid=38, SUCCESS, logIndex=71, commits[374189d0-76c5-49d2-81b4-45a4af1368a2:c71]
2019-06-14 08:42:48,306 INFO  client.GrpcClientProtocolClient (GrpcClientProtocolClient.java:onNext(254)) - client-2EC808601240->374189d0-76c5-49d2-81b4-45a4af1368a2: receive RaftClientReply:client-2EC808601240->374189d0-76c5-49d2-81b4-45a4af1368a2@group-30B6692CD68C, cid=39, SUCCESS, logIndex=72, commits[374189d0-76c5-49d2-81b4-45a4af1368a2:c74]
2019-06-14 08:42:48,306 INFO  client.GrpcClientProtocolClient (GrpcClientProtocolClient.java:onNext(254)) - client-2EC808601240->374189d0-76c5-49d2-81b4-45a4af1368a2: receive RaftClientReply:client-2EC808601240->374189d0-76c5-49d2-81b4-45a4af1368a2@group-30B6692CD68C, cid=40, SUCCESS, logIndex=74, commits[374189d0-76c5-49d2-81b4-45a4af1368a2:c75]
2019-06-14 08:42:48,318 DEBUG block.SCMBlockDeletingService (SCMBlockDeletingService.java:call(138)) - Running DeletedBlockTransactionScanner
2019-06-14 08:42:48,318 DEBUG block.SCMBlockDeletingService (SCMBlockDeletingService.java:call(155)) - Scanned deleted blocks log and got 0 delTX to process.
2019-06-14 08:42:48,319 INFO  client.GrpcClientProtocolClient (GrpcClientProtocolClient.java:onNext(254)) - client-2EC808601240->374189d0-76c5-49d2-81b4-45a4af1368a2: receive RaftClientReply:client-2EC808601240->374189d0-76c5-49d2-81b4-45a4af1368a2@group-30B6692CD68C, cid=41, SUCCESS, logIndex=76, commits[374189d0-76c5-49d2-81b4-45a4af1368a2:c76]
2019-06-14 08:42:48,321 INFO  client.GrpcClientProtocolClient (GrpcClientProtocolClient.java:onNext(254)) - client-2EC808601240->374189d0-76c5-49d2-81b4-45a4af1368a2: receive RaftClientReply:client-2EC808601240->374189d0-76c5-49d2-81b4-45a4af1368a2@group-30B6692CD68C, cid=42, SUCCESS, logIndex=78, commits[374189d0-76c5-49d2-81b4-45a4af1368a2:c78]
2019-06-14 08:42:48,323 INFO  client.GrpcClientProtocolClient (GrpcClientProtocolClient.java:onNext(254)) - client-2EC808601240->374189d0-76c5-49d2-81b4-45a4af1368a2: receive RaftClientReply:client-2EC808601240->374189d0-76c5-49d2-81b4-45a4af1368a2@group-30B6692CD68C, cid=43, SUCCESS, logIndex=79, commits[374189d0-76c5-49d2-81b4-45a4af1368a2:c81]
2019-06-14 08:42:48,324 INFO  client.GrpcClientProtocolClient (GrpcClientProtocolClient.java:onNext(254)) - client-2EC808601240->374189d0-76c5-49d2-81b4-45a4af1368a2: receive RaftClientReply:client-2EC808601240->374189d0-76c5-49d2-81b4-45a4af1368a2@group-30B6692CD68C, cid=44, SUCCESS, logIndex=81, commits[374189d0-76c5-49d2-81b4-45a4af1368a2:c82]
2019-06-14 08:42:48,400 INFO  storage.RaftLogWorker (RaftLogWorker.java:rollLogSegment(303)) - 374189d0-76c5-49d2-81b4-45a4af1368a2-RaftLogWorker: Rolling segment log-0_82 to index:82
2019-06-14 08:42:48,401 INFO  storage.RaftLogWorker (RaftLogWorker.java:execute(433)) - 374189d0-76c5-49d2-81b4-45a4af1368a2-RaftLogWorker: Rolled log segment from /opt/src/hadoop-ozone/integration-test/target/test-dir/MiniOzoneClusterImpl-1994f8b8-dd4d-445c-bf25-0c6d40f9b14d/datanode-0/data/ratis/99d0acb8-99ce-4814-8259-30b6692cd68c/current/log_inprogress_0 to /opt/src/hadoop-ozone/integration-test/target/test-dir/MiniOzoneClusterImpl-1994f8b8-dd4d-445c-bf25-0c6d40f9b14d/datanode-0/data/ratis/99d0acb8-99ce-4814-8259-30b6692cd68c/current/log_0-82
2019-06-14 08:42:48,419 DEBUG block.SCMBlockDeletingService (SCMBlockDeletingService.java:call(138)) - Running DeletedBlockTransactionScanner
2019-06-14 08:42:48,419 DEBUG block.SCMBlockDeletingService (SCMBlockDeletingService.java:call(155)) - Scanned deleted blocks log and got 0 delTX to process.
2019-06-14 08:42:48,436 INFO  storage.RaftLogWorker (RaftLogWorker.java:execute(469)) - 374189d0-76c5-49d2-81b4-45a4af1368a2-RaftLogWorker: created new log segment /opt/src/hadoop-ozone/integration-test/target/test-dir/MiniOzoneClusterImpl-1994f8b8-dd4d-445c-bf25-0c6d40f9b14d/datanode-0/data/ratis/99d0acb8-99ce-4814-8259-30b6692cd68c/current/log_inprogress_83
2019-06-14 08:42:48,440 INFO  client.GrpcClientProtocolClient (GrpcClientProtocolClient.java:onNext(254)) - client-2EC808601240->374189d0-76c5-49d2-81b4-45a4af1368a2: receive RaftClientReply:client-2EC808601240->374189d0-76c5-49d2-81b4-45a4af1368a2@group-30B6692CD68C, cid=45, SUCCESS, logIndex=83, commits[374189d0-76c5-49d2-81b4-45a4af1368a2:c83]
2019-06-14 08:42:48,444 INFO  client.GrpcClientProtocolClient (GrpcClientProtocolClient.java:onNext(254)) - client-2EC808601240->374189d0-76c5-49d2-81b4-45a4af1368a2: receive RaftClientReply:client-2EC808601240->374189d0-76c5-49d2-81b4-45a4af1368a2@group-30B6692CD68C, cid=46, SUCCESS, logIndex=85, commits[374189d0-76c5-49d2-81b4-45a4af1368a2:c85]
2019-06-14 08:42:48,445 INFO  client.GrpcClientProtocolClient (GrpcClientProtocolClient.java:onNext(254)) - client-2EC808601240->374189d0-76c5-49d2-81b4-45a4af1368a2: receive RaftClientReply:client-2EC808601240->374189d0-76c5-49d2-81b4-45a4af1368a2@group-30B6692CD68C, cid=47, SUCCESS, logIndex=87, commits[374189d0-76c5-49d2-81b4-45a4af1368a2:c87]
2019-06-14 08:42:48,446 INFO  client.GrpcClientProtocolClient (GrpcClientProtocolClient.java:onNext(254)) - client-2EC808601240->374189d0-76c5-49d2-81b4-45a4af1368a2: receive RaftClientReply:client-2EC808601240->374189d0-76c5-49d2-81b4-45a4af1368a2@group-30B6692CD68C, cid=48, SUCCESS, logIndex=88, commits[374189d0-76c5-49d2-81b4-45a4af1368a2:c90]
2019-06-14 08:42:48,471 INFO  client.GrpcClientProtocolClient (GrpcClientProtocolClient.java:onNext(254)) - client-2EC808601240->374189d0-76c5-49d2-81b4-45a4af1368a2: receive RaftClientReply:client-2EC808601240->374189d0-76c5-49d2-81b4-45a4af1368a2@group-30B6692CD68C, cid=49, SUCCESS, logIndex=91, commits[374189d0-76c5-49d2-81b4-45a4af1368a2:c91]
2019-06-14 08:42:48,473 INFO  client.GrpcClientProtocolClient (GrpcClientProtocolClient.java:onNext(254)) - client-2EC808601240->374189d0-76c5-49d2-81b4-45a4af1368a2: receive RaftClientReply:client-2EC808601240->374189d0-76c5-49d2-81b4-45a4af1368a2@group-30B6692CD68C, cid=50, SUCCESS, logIndex=93, commits[374189d0-76c5-49d2-81b4-45a4af1368a2:c93]
2019-06-14 08:42:48,476 INFO  client.GrpcClientProtocolClient (GrpcClientProtocolClient.java:onNext(254)) - client-2EC808601240->374189d0-76c5-49d2-81b4-45a4af1368a2: receive RaftClientReply:client-2EC808601240->374189d0-76c5-49d2-81b4-45a4af1368a2@group-30B6692CD68C, cid=51, SUCCESS, logIndex=94, commits[374189d0-76c5-49d2-81b4-45a4af1368a2:c96]
2019-06-14 08:42:48,476 INFO  client.GrpcClientProtocolClient (GrpcClientProtocolClient.java:onNext(254)) - client-2EC808601240->374189d0-76c5-49d2-81b4-45a4af1368a2: receive RaftClientReply:client-2EC808601240->374189d0-76c5-49d2-81b4-45a4af1368a2@group-30B6692CD68C, cid=52, SUCCESS, logIndex=96, commits[374189d0-76c5-49d2-81b4-45a4af1368a2:c97]
2019-06-14 08:42:48,487 INFO  client.GrpcClientProtocolClient (GrpcClientProtocolClient.java:onNext(254)) - client-2EC808601240->374189d0-76c5-49d2-81b4-45a4af1368a2: receive RaftClientReply:client-2EC808601240->374189d0-76c5-49d2-81b4-45a4af1368a2@group-30B6692CD68C, cid=53, SUCCESS, logIndex=98, commits[374189d0-76c5-49d2-81b4-45a4af1368a2:c98]
2019-06-14 08:42:48,490 INFO  client.GrpcClientProtocolClient (GrpcClientProtocolClient.java:onNext(254)) - client-2EC808601240->374189d0-76c5-49d2-81b4-45a4af1368a2: receive RaftClientReply:client-2EC808601240->374189d0-76c5-49d2-81b4-45a4af1368a2@group-30B6692CD68C, cid=54, SUCCESS, logIndex=100, commits[374189d0-76c5-49d2-81b4-45a4af1368a2:c100]
2019-06-14 08:42:48,493 INFO  client.GrpcClientProtocolClient (GrpcClientProtocolClient.java:onNext(254)) - client-2EC808601240->374189d0-76c5-49d2-81b4-45a4af1368a2: receive RaftClientReply:client-2EC808601240->374189d0-76c5-49d2-81b4-45a4af1368a2@group-30B6692CD68C, cid=55, SUCCESS, logIndex=101, commits[374189d0-76c5-49d2-81b4-45a4af1368a2:c103]
2019-06-14 08:42:48,495 INFO  client.GrpcClientProtocolClient (GrpcClientProtocolClient.java:onNext(254)) - client-2EC808601240->374189d0-76c5-49d2-81b4-45a4af1368a2: receive RaftClientReply:client-2EC808601240->374189d0-76c5-49d2-81b4-45a4af1368a2@group-30B6692CD68C, cid=56, SUCCESS, logIndex=103, commits[374189d0-76c5-49d2-81b4-45a4af1368a2:c104]
2019-06-14 08:42:48,511 INFO  client.GrpcClientProtocolClient (GrpcClientProtocolClient.java:onNext(254)) - client-2EC808601240->374189d0-76c5-49d2-81b4-45a4af1368a2: receive RaftClientReply:client-2EC808601240->374189d0-76c5-49d2-81b4-45a4af1368a2@group-30B6692CD68C, cid=57, SUCCESS, logIndex=105, commits[374189d0-76c5-49d2-81b4-45a4af1368a2:c105]
2019-06-14 08:42:48,516 INFO  client.GrpcClientProtocolClient (GrpcClientProtocolClient.java:onNext(254)) - client-2EC808601240->374189d0-76c5-49d2-81b4-45a4af1368a2: receive RaftClientReply:client-2EC808601240->374189d0-76c5-49d2-81b4-45a4af1368a2@group-30B6692CD68C, cid=58, SUCCESS, logIndex=107, commits[374189d0-76c5-49d2-81b4-45a4af1368a2:c107]
2019-06-14 08:42:48,519 DEBUG block.SCMBlockDeletingService (SCMBlockDeletingService.java:call(138)) - Running DeletedBlockTransactionScanner
2019-06-14 08:42:48,519 DEBUG block.SCMBlockDeletingService (SCMBlockDeletingService.java:call(155)) - Scanned deleted blocks log and got 0 delTX to process.
2019-06-14 08:42:48,520 INFO  client.GrpcClientProtocolClient (GrpcClientProtocolClient.java:onNext(254)) - client-2EC808601240->374189d0-76c5-49d2-81b4-45a4af1368a2: receive RaftClientReply:client-2EC808601240->374189d0-76c5-49d2-81b4-45a4af1368a2@group-30B6692CD68C, cid=59, SUCCESS, logIndex=108, commits[374189d0-76c5-49d2-81b4-45a4af1368a2:c110]
2019-06-14 08:42:48,523 INFO  client.GrpcClientProtocolClient (GrpcClientProtocolClient.java:onNext(254)) - client-2EC808601240->374189d0-76c5-49d2-81b4-45a4af1368a2: receive RaftClientReply:client-2EC808601240->374189d0-76c5-49d2-81b4-45a4af1368a2@group-30B6692CD68C, cid=60, SUCCESS, logIndex=109, commits[374189d0-76c5-49d2-81b4-45a4af1368a2:c111]
2019-06-14 08:42:48,605 INFO  client.GrpcClientProtocolClient (GrpcClientProtocolClient.java:onNext(254)) - client-2EC808601240->374189d0-76c5-49d2-81b4-45a4af1368a2: receive RaftClientReply:client-2EC808601240->374189d0-76c5-49d2-81b4-45a4af1368a2@group-30B6692CD68C, cid=61, SUCCESS, logIndex=112, commits[374189d0-76c5-49d2-81b4-45a4af1368a2:c112]
2019-06-14 08:42:48,607 INFO  client.GrpcClientProtocolClient (GrpcClientProtocolClient.java:onNext(254)) - client-2EC808601240->374189d0-76c5-49d2-81b4-45a4af1368a2: receive RaftClientReply:client-2EC808601240->374189d0-76c5-49d2-81b4-45a4af1368a2@group-30B6692CD68C, cid=62, SUCCESS, logIndex=114, commits[374189d0-76c5-49d2-81b4-45a4af1368a2:c115]
2019-06-14 08:42:48,608 INFO  client.GrpcClientProtocolClient (GrpcClientProtocolClient.java:onNext(254)) - client-2EC808601240->374189d0-76c5-49d2-81b4-45a4af1368a2: receive RaftClientReply:client-2EC808601240->374189d0-76c5-49d2-81b4-45a4af1368a2@group-30B6692CD68C, cid=63, SUCCESS, logIndex=115, commits[374189d0-76c5-49d2-81b4-45a4af1368a2:c116]
2019-06-14 08:42:48,610 INFO  client.GrpcClientProtocolClient (GrpcClientProtocolClient.java:onNext(254)) - client-2EC808601240->374189d0-76c5-49d2-81b4-45a4af1368a2: receive RaftClientReply:client-2EC808601240->374189d0-76c5-49d2-81b4-45a4af1368a2@group-30B6692CD68C, cid=64, SUCCESS, logIndex=118, commits[374189d0-76c5-49d2-81b4-45a4af1368a2:c119]
2019-06-14 08:42:48,619 DEBUG block.SCMBlockDeletingService (SCMBlockDeletingService.java:call(138)) - Running DeletedBlockTransactionScanner
2019-06-14 08:42:48,620 DEBUG block.SCMBlockDeletingService (SCMBlockDeletingService.java:call(155)) - Scanned deleted blocks log and got 0 delTX to process.
2019-06-14 08:42:48,626 INFO  client.GrpcClientProtocolClient (GrpcClientProtocolClient.java:onNext(254)) - client-2EC808601240->374189d0-76c5-49d2-81b4-45a4af1368a2: receive RaftClientReply:client-2EC808601240->374189d0-76c5-49d2-81b4-45a4af1368a2@group-30B6692CD68C, cid=65, SUCCESS, logIndex=120, commits[374189d0-76c5-49d2-81b4-45a4af1368a2:c120]
2019-06-14 08:42:48,632 INFO  client.GrpcClientProtocolClient (GrpcClientProtocolClient.java:onNext(254)) - client-2EC808601240->374189d0-76c5-49d2-81b4-45a4af1368a2: receive RaftClientReply:client-2EC808601240->374189d0-76c5-49d2-81b4-45a4af1368a2@group-30B6692CD68C, cid=66, SUCCESS, logIndex=122, commits[374189d0-76c5-49d2-81b4-45a4af1368a2:c123]
2019-06-14 08:42:48,632 INFO  client.GrpcClientProtocolClient (GrpcClientProtocolClient.java:onNext(254)) - client-2EC808601240->374189d0-76c5-49d2-81b4-45a4af1368a2: receive RaftClientReply:client-2EC808601240->374189d0-76c5-49d2-81b4-45a4af1368a2@group-30B6692CD68C, cid=67, SUCCESS, logIndex=123, commits[374189d0-76c5-49d2-81b4-45a4af1368a2:c124]
2019-06-14 08:42:48,636 INFO  client.GrpcClientProtocolClient (GrpcClientProtocolClient.java:onNext(254)) - client-2EC808601240->374189d0-76c5-49d2-81b4-45a4af1368a2: receive RaftClientReply:client-2EC808601240->374189d0-76c5-49d2-81b4-45a4af1368a2@group-30B6692CD68C, cid=68, SUCCESS, logIndex=126, commits[374189d0-76c5-49d2-81b4-45a4af1368a2:c127]
2019-06-14 08:42:48,646 INFO  client.GrpcClientProtocolClient (GrpcClientProtocolClient.java:onNext(254)) - client-2EC808601240->374189d0-76c5-49d2-81b4-45a4af1368a2: receive RaftClientReply:client-2EC808601240->374189d0-76c5-49d2-81b4-45a4af1368a2@group-30B6692CD68C, cid=69, SUCCESS, logIndex=128, commits[374189d0-76c5-49d2-81b4-45a4af1368a2:c128]
2019-06-14 08:42:48,650 INFO  client.GrpcClientProtocolClient (GrpcClientProtocolClient.java:onNext(254)) - client-2EC808601240->374189d0-76c5-49d2-81b4-45a4af1368a2: receive RaftClientReply:client-2EC808601240->374189d0-76c5-49d2-81b4-45a4af1368a2@group-30B6692CD68C, cid=70, SUCCESS, logIndex=130, commits[374189d0-76c5-49d2-81b4-45a4af1368a2:c130]
2019-06-14 08:42:48,652 INFO  client.GrpcClientProtocolClient (GrpcClientProtocolClient.java:onNext(254)) - client-2EC808601240->374189d0-76c5-49d2-81b4-45a4af1368a2: receive RaftClientReply:client-2EC808601240->374189d0-76c5-49d2-81b4-45a4af1368a2@group-30B6692CD68C, cid=71, SUCCESS, logIndex=131, commits[374189d0-76c5-49d2-81b4-45a4af1368a2:c133]
2019-06-14 08:42:48,652 INFO  client.GrpcClientProtocolClient (GrpcClientProtocolClient.java:onNext(254)) - client-2EC808601240->374189d0-76c5-49d2-81b4-45a4af1368a2: receive RaftClientReply:client-2EC808601240->374189d0-76c5-49d2-81b4-45a4af1368a2@group-30B6692CD68C, cid=72, SUCCESS, logIndex=133, commits[374189d0-76c5-49d2-81b4-45a4af1368a2:c133]
2019-06-14 08:42:48,668 INFO  client.GrpcClientProtocolClient (GrpcClientProtocolClient.java:onNext(254)) - client-2EC808601240->374189d0-76c5-49d2-81b4-45a4af1368a2: receive RaftClientReply:client-2EC808601240->374189d0-76c5-49d2-81b4-45a4af1368a2@group-30B6692CD68C, cid=73, SUCCESS, logIndex=135, commits[374189d0-76c5-49d2-81b4-45a4af1368a2:c135]
2019-06-14 08:42:48,672 INFO  client.GrpcClientProtocolClient (GrpcClientProtocolClient.java:onNext(254)) - client-2EC808601240->374189d0-76c5-49d2-81b4-45a4af1368a2: receive RaftClientReply:client-2EC808601240->374189d0-76c5-49d2-81b4-45a4af1368a2@group-30B6692CD68C, cid=74, SUCCESS, logIndex=137, commits[374189d0-76c5-49d2-81b4-45a4af1368a2:c138]
2019-06-14 08:42:48,673 INFO  client.GrpcClientProtocolClient (GrpcClientProtocolClient.java:onNext(254)) - client-2EC808601240->374189d0-76c5-49d2-81b4-45a4af1368a2: receive RaftClientReply:client-2EC808601240->374189d0-76c5-49d2-81b4-45a4af1368a2@group-30B6692CD68C, cid=75, SUCCESS, logIndex=138, commits[374189d0-76c5-49d2-81b4-45a4af1368a2:c138]
2019-06-14 08:42:48,674 INFO  client.GrpcClientProtocolClient (GrpcClientProtocolClient.java:onNext(254)) - client-2EC808601240->374189d0-76c5-49d2-81b4-45a4af1368a2: receive RaftClientReply:client-2EC808601240->374189d0-76c5-49d2-81b4-45a4af1368a2@group-30B6692CD68C, cid=76, SUCCESS, logIndex=141, commits[374189d0-76c5-49d2-81b4-45a4af1368a2:c141]
2019-06-14 08:42:48,689 INFO  client.GrpcClientProtocolClient (GrpcClientProtocolClient.java:onNext(254)) - client-2EC808601240->374189d0-76c5-49d2-81b4-45a4af1368a2: receive RaftClientReply:client-2EC808601240->374189d0-76c5-49d2-81b4-45a4af1368a2@group-30B6692CD68C, cid=77, SUCCESS, logIndex=143, commits[374189d0-76c5-49d2-81b4-45a4af1368a2:c143]
2019-06-14 08:42:48,690 INFO  client.GrpcClientProtocolClient (GrpcClientProtocolClient.java:onNext(254)) - client-2EC808601240->374189d0-76c5-49d2-81b4-45a4af1368a2: receive RaftClientReply:client-2EC808601240->374189d0-76c5-49d2-81b4-45a4af1368a2@group-30B6692CD68C, cid=78, SUCCESS, logIndex=145, commits[374189d0-76c5-49d2-81b4-45a4af1368a2:c145]
2019-06-14 08:42:48,695 INFO  client.GrpcClientProtocolClient (GrpcClientProtocolClient.java:onNext(254)) - client-2EC808601240->374189d0-76c5-49d2-81b4-45a4af1368a2: receive RaftClientReply:client-2EC808601240->374189d0-76c5-49d2-81b4-45a4af1368a2@group-30B6692CD68C, cid=79, SUCCESS, logIndex=147, commits[374189d0-76c5-49d2-81b4-45a4af1368a2:c147]
2019-06-14 08:42:48,699 INFO  client.GrpcClientProtocolClient (GrpcClientProtocolClient.java:onNext(254)) - client-2EC808601240->374189d0-76c5-49d2-81b4-45a4af1368a2: receive RaftClientReply:client-2EC808601240->374189d0-76c5-49d2-81b4-45a4af1368a2@group-30B6692CD68C, cid=80, SUCCESS, logIndex=148, commits[374189d0-76c5-49d2-81b4-45a4af1368a2:c148]
2019-06-14 08:42:48,716 INFO  client.GrpcClientProtocolClient (GrpcClientProtocolClient.java:onNext(254)) - client-2EC808601240->374189d0-76c5-49d2-81b4-45a4af1368a2: receive RaftClientReply:client-2EC808601240->374189d0-76c5-49d2-81b4-45a4af1368a2@group-30B6692CD68C, cid=81, SUCCESS, logIndex=151, commits[374189d0-76c5-49d2-81b4-45a4af1368a2:c151]
2019-06-14 08:42:48,719 INFO  client.GrpcClientProtocolClient (GrpcClientProtocolClient.java:onNext(254)) - client-2EC808601240->374189d0-76c5-49d2-81b4-45a4af1368a2: receive RaftClientReply:client-2EC808601240->374189d0-76c5-49d2-81b4-45a4af1368a2@group-30B6692CD68C, cid=82, SUCCESS, logIndex=153, commits[374189d0-76c5-49d2-81b4-45a4af1368a2:c153]
2019-06-14 08:42:48,721 DEBUG block.SCMBlockDeletingService (SCMBlockDeletingService.java:call(138)) - Running DeletedBlockTransactionScanner
2019-06-14 08:42:48,721 DEBUG block.SCMBlockDeletingService (SCMBlockDeletingService.java:call(155)) - Scanned deleted blocks log and got 0 delTX to process.
2019-06-14 08:42:48,721 INFO  client.GrpcClientProtocolClient (GrpcClientProtocolClient.java:onNext(254)) - client-2EC808601240->374189d0-76c5-49d2-81b4-45a4af1368a2: receive RaftClientReply:client-2EC808601240->374189d0-76c5-49d2-81b4-45a4af1368a2@group-30B6692CD68C, cid=83, SUCCESS, logIndex=154, commits[374189d0-76c5-49d2-81b4-45a4af1368a2:c156]
2019-06-14 08:42:48,722 INFO  client.GrpcClientProtocolClient (GrpcClientProtocolClient.java:onNext(254)) - client-2EC808601240->374189d0-76c5-49d2-81b4-45a4af1368a2: receive RaftClientReply:client-2EC808601240->374189d0-76c5-49d2-81b4-45a4af1368a2@group-30B6692CD68C, cid=84, SUCCESS, logIndex=156, commits[374189d0-76c5-49d2-81b4-45a4af1368a2:c157]
2019-06-14 08:42:48,733 INFO  client.GrpcClientProtocolClient (GrpcClientProtocolClient.java:onNext(254)) - client-2EC808601240->374189d0-76c5-49d2-81b4-45a4af1368a2: receive RaftClientReply:client-2EC808601240->374189d0-76c5-49d2-81b4-45a4af1368a2@group-30B6692CD68C, cid=85, SUCCESS, logIndex=158, commits[374189d0-76c5-49d2-81b4-45a4af1368a2:c158]
2019-06-14 08:42:48,736 INFO  storage.RaftLogWorker (RaftLogWorker.java:rollLogSegment(303)) - 374189d0-76c5-49d2-81b4-45a4af1368a2-RaftLogWorker: Rolling segment log-83_162 to index:162
2019-06-14 08:42:48,737 INFO  storage.RaftLogWorker (RaftLogWorker.java:execute(433)) - 374189d0-76c5-49d2-81b4-45a4af1368a2-RaftLogWorker: Rolled log segment from /opt/src/hadoop-ozone/integration-test/target/test-dir/MiniOzoneClusterImpl-1994f8b8-dd4d-445c-bf25-0c6d40f9b14d/datanode-0/data/ratis/99d0acb8-99ce-4814-8259-30b6692cd68c/current/log_inprogress_83 to /opt/src/hadoop-ozone/integration-test/target/test-dir/MiniOzoneClusterImpl-1994f8b8-dd4d-445c-bf25-0c6d40f9b14d/datanode-0/data/ratis/99d0acb8-99ce-4814-8259-30b6692cd68c/current/log_83-162
2019-06-14 08:42:48,743 INFO  client.GrpcClientProtocolClient (GrpcClientProtocolClient.java:onNext(254)) - client-2EC808601240->374189d0-76c5-49d2-81b4-45a4af1368a2: receive RaftClientReply:client-2EC808601240->374189d0-76c5-49d2-81b4-45a4af1368a2@group-30B6692CD68C, cid=86, SUCCESS, logIndex=160, commits[374189d0-76c5-49d2-81b4-45a4af1368a2:c160]
2019-06-14 08:42:48,743 INFO  client.GrpcClientProtocolClient (GrpcClientProtocolClient.java:onNext(254)) - client-2EC808601240->374189d0-76c5-49d2-81b4-45a4af1368a2: receive RaftClientReply:client-2EC808601240->374189d0-76c5-49d2-81b4-45a4af1368a2@group-30B6692CD68C, cid=87, SUCCESS, logIndex=161, commits[374189d0-76c5-49d2-81b4-45a4af1368a2:c162]
2019-06-14 08:42:48,777 INFO  storage.RaftLogWorker (RaftLogWorker.java:execute(469)) - 374189d0-76c5-49d2-81b4-45a4af1368a2-RaftLogWorker: created new log segment /opt/src/hadoop-ozone/integration-test/target/test-dir/MiniOzoneClusterImpl-1994f8b8-dd4d-445c-bf25-0c6d40f9b14d/datanode-0/data/ratis/99d0acb8-99ce-4814-8259-30b6692cd68c/current/log_inprogress_163
2019-06-14 08:42:48,781 INFO  client.GrpcClientProtocolClient (GrpcClientProtocolClient.java:onNext(254)) - client-2EC808601240->374189d0-76c5-49d2-81b4-45a4af1368a2: receive RaftClientReply:client-2EC808601240->374189d0-76c5-49d2-81b4-45a4af1368a2@group-30B6692CD68C, cid=88, SUCCESS, logIndex=163, commits[374189d0-76c5-49d2-81b4-45a4af1368a2:c164]
2019-06-14 08:42:48,821 DEBUG block.SCMBlockDeletingService (SCMBlockDeletingService.java:call(138)) - Running DeletedBlockTransactionScanner
2019-06-14 08:42:48,822 DEBUG block.SCMBlockDeletingService (SCMBlockDeletingService.java:call(155)) - Scanned deleted blocks log and got 0 delTX to process.
2019-06-14 08:42:48,864 INFO  client.GrpcClientProtocolClient (GrpcClientProtocolClient.java:onNext(254)) - client-2EC808601240->374189d0-76c5-49d2-81b4-45a4af1368a2: receive RaftClientReply:client-2EC808601240->374189d0-76c5-49d2-81b4-45a4af1368a2@group-30B6692CD68C, cid=89, SUCCESS, logIndex=165, commits[374189d0-76c5-49d2-81b4-45a4af1368a2:c165]
2019-06-14 08:42:48,867 INFO  client.GrpcClientProtocolClient (GrpcClientProtocolClient.java:onNext(254)) - client-2EC808601240->374189d0-76c5-49d2-81b4-45a4af1368a2: receive RaftClientReply:client-2EC808601240->374189d0-76c5-49d2-81b4-45a4af1368a2@group-30B6692CD68C, cid=90, SUCCESS, logIndex=167, commits[374189d0-76c5-49d2-81b4-45a4af1368a2:c167]
2019-06-14 08:42:48,870 INFO  client.GrpcClientProtocolClient (GrpcClientProtocolClient.java:onNext(254)) - client-2EC808601240->374189d0-76c5-49d2-81b4-45a4af1368a2: receive RaftClientReply:client-2EC808601240->374189d0-76c5-49d2-81b4-45a4af1368a2@group-30B6692CD68C, cid=91, SUCCESS, logIndex=168, commits[374189d0-76c5-49d2-81b4-45a4af1368a2:c169]
2019-06-14 08:42:48,872 INFO  client.GrpcClientProtocolClient (GrpcClientProtocolClient.java:onNext(254)) - client-2EC808601240->374189d0-76c5-49d2-81b4-45a4af1368a2: receive RaftClientReply:client-2EC808601240->374189d0-76c5-49d2-81b4-45a4af1368a2@group-30B6692CD68C, cid=92, SUCCESS, logIndex=170, commits[374189d0-76c5-49d2-81b4-45a4af1368a2:c170]
2019-06-14 08:42:48,893 INFO  client.GrpcClientProtocolClient (GrpcClientProtocolClient.java:onNext(254)) - client-2EC808601240->374189d0-76c5-49d2-81b4-45a4af1368a2: receive RaftClientReply:client-2EC808601240->374189d0-76c5-49d2-81b4-45a4af1368a2@group-30B6692CD68C, cid=93, SUCCESS, logIndex=172, commits[374189d0-76c5-49d2-81b4-45a4af1368a2:c172]
2019-06-14 08:42:48,896 INFO  client.GrpcClientProtocolClient (GrpcClientProtocolClient.java:onNext(254)) - client-2EC808601240->374189d0-76c5-49d2-81b4-45a4af1368a2: receive RaftClientReply:client-2EC808601240->374189d0-76c5-49d2-81b4-45a4af1368a2@group-30B6692CD68C, cid=94, SUCCESS, logIndex=174, commits[374189d0-76c5-49d2-81b4-45a4af1368a2:c174]
2019-06-14 08:42:48,903 INFO  client.GrpcClientProtocolClient (GrpcClientProtocolClient.java:onNext(254)) - client-2EC808601240->374189d0-76c5-49d2-81b4-45a4af1368a2: receive RaftClientReply:client-2EC808601240->374189d0-76c5-49d2-81b4-45a4af1368a2@group-30B6692CD68C, cid=95, SUCCESS, logIndex=176, commits[374189d0-76c5-49d2-81b4-45a4af1368a2:c177]
2019-06-14 08:42:48,904 INFO  client.GrpcClientProtocolClient (GrpcClientProtocolClient.java:onNext(254)) - client-2EC808601240->374189d0-76c5-49d2-81b4-45a4af1368a2: receive RaftClientReply:client-2EC808601240->374189d0-76c5-49d2-81b4-45a4af1368a2@group-30B6692CD68C, cid=96, SUCCESS, logIndex=177, commits[374189d0-76c5-49d2-81b4-45a4af1368a2:c177]
2019-06-14 08:42:48,920 INFO  client.GrpcClientProtocolClient (GrpcClientProtocolClient.java:onNext(254)) - client-2EC808601240->374189d0-76c5-49d2-81b4-45a4af1368a2: receive RaftClientReply:client-2EC808601240->374189d0-76c5-49d2-81b4-45a4af1368a2@group-30B6692CD68C, cid=97, SUCCESS, logIndex=179, commits[374189d0-76c5-49d2-81b4-45a4af1368a2:c179]
2019-06-14 08:42:48,922 DEBUG block.SCMBlockDeletingService (SCMBlockDeletingService.java:call(138)) - Running DeletedBlockTransactionScanner
2019-06-14 08:42:48,922 DEBUG block.SCMBlockDeletingService (SCMBlockDeletingService.java:call(155)) - Scanned deleted blocks log and got 0 delTX to process.
2019-06-14 08:42:48,923 INFO  client.GrpcClientProtocolClient (GrpcClientProtocolClient.java:onNext(254)) - client-2EC808601240->374189d0-76c5-49d2-81b4-45a4af1368a2: receive RaftClientReply:client-2EC808601240->374189d0-76c5-49d2-81b4-45a4af1368a2@group-30B6692CD68C, cid=98, SUCCESS, logIndex=181, commits[374189d0-76c5-49d2-81b4-45a4af1368a2:c181]
2019-06-14 08:42:48,925 INFO  client.GrpcClientProtocolClient (GrpcClientProtocolClient.java:onNext(254)) - client-2EC808601240->374189d0-76c5-49d2-81b4-45a4af1368a2: receive RaftClientReply:client-2EC808601240->374189d0-76c5-49d2-81b4-45a4af1368a2@group-30B6692CD68C, cid=99, SUCCESS, logIndex=182, commits[374189d0-76c5-49d2-81b4-45a4af1368a2:c184]
2019-06-14 08:42:48,925 INFO  client.GrpcClientProtocolClient (GrpcClientProtocolClient.java:onNext(254)) - client-2EC808601240->374189d0-76c5-49d2-81b4-45a4af1368a2: receive RaftClientReply:client-2EC808601240->374189d0-76c5-49d2-81b4-45a4af1368a2@group-30B6692CD68C, cid=100, SUCCESS, logIndex=184, commits[374189d0-76c5-49d2-81b4-45a4af1368a2:c185]
2019-06-14 08:42:48,937 INFO  client.GrpcClientProtocolClient (GrpcClientProtocolClient.java:onNext(254)) - client-2EC808601240->374189d0-76c5-49d2-81b4-45a4af1368a2: receive RaftClientReply:client-2EC808601240->374189d0-76c5-49d2-81b4-45a4af1368a2@group-30B6692CD68C, cid=101, SUCCESS, logIndex=186, commits[374189d0-76c5-49d2-81b4-45a4af1368a2:c187]
2019-06-14 08:42:49,004 INFO  client.GrpcClientProtocolClient (GrpcClientProtocolClient.java:onNext(254)) - client-2EC808601240->374189d0-76c5-49d2-81b4-45a4af1368a2: receive RaftClientReply:client-2EC808601240->374189d0-76c5-49d2-81b4-45a4af1368a2@group-30B6692CD68C, cid=102, SUCCESS, logIndex=188, commits[374189d0-76c5-49d2-81b4-45a4af1368a2:c191]
2019-06-14 08:42:49,010 INFO  client.GrpcClientProtocolClient (GrpcClientProtocolClient.java:onNext(254)) - client-2EC808601240->374189d0-76c5-49d2-81b4-45a4af1368a2: receive RaftClientReply:client-2EC808601240->374189d0-76c5-49d2-81b4-45a4af1368a2@group-30B6692CD68C, cid=103, SUCCESS, logIndex=189, commits[374189d0-76c5-49d2-81b4-45a4af1368a2:c191]
2019-06-14 08:42:49,011 INFO  client.GrpcClientProtocolClient (GrpcClientProtocolClient.java:onNext(254)) - client-2EC808601240->374189d0-76c5-49d2-81b4-45a4af1368a2: receive RaftClientReply:client-2EC808601240->374189d0-76c5-49d2-81b4-45a4af1368a2@group-30B6692CD68C, cid=104, SUCCESS, logIndex=191, commits[374189d0-76c5-49d2-81b4-45a4af1368a2:c192]
2019-06-14 08:42:49,023 DEBUG block.SCMBlockDeletingService (SCMBlockDeletingService.java:call(138)) - Running DeletedBlockTransactionScanner
2019-06-14 08:42:49,023 DEBUG block.SCMBlockDeletingService (SCMBlockDeletingService.java:call(155)) - Scanned deleted blocks log and got 0 delTX to process.
2019-06-14 08:42:49,029 INFO  client.GrpcClientProtocolClient (GrpcClientProtocolClient.java:onNext(254)) - client-2EC808601240->374189d0-76c5-49d2-81b4-45a4af1368a2: receive RaftClientReply:client-2EC808601240->374189d0-76c5-49d2-81b4-45a4af1368a2@group-30B6692CD68C, cid=105, SUCCESS, logIndex=193, commits[374189d0-76c5-49d2-81b4-45a4af1368a2:c194]
2019-06-14 08:42:49,033 INFO  client.GrpcClientProtocolClient (GrpcClientProtocolClient.java:onNext(254)) - client-2EC808601240->374189d0-76c5-49d2-81b4-45a4af1368a2: receive RaftClientReply:client-2EC808601240->374189d0-76c5-49d2-81b4-45a4af1368a2@group-30B6692CD68C, cid=106, SUCCESS, logIndex=195, commits[374189d0-76c5-49d2-81b4-45a4af1368a2:c195]
2019-06-14 08:42:49,034 INFO  client.GrpcClientProtocolClient (GrpcClientProtocolClient.java:onNext(254)) - client-2EC808601240->374189d0-76c5-49d2-81b4-45a4af1368a2: receive RaftClientReply:client-2EC808601240->374189d0-76c5-49d2-81b4-45a4af1368a2@group-30B6692CD68C, cid=107, SUCCESS, logIndex=196, commits[374189d0-76c5-49d2-81b4-45a4af1368a2:c197]
2019-06-14 08:42:49,036 INFO  client.GrpcClientProtocolClient (GrpcClientProtocolClient.java:onNext(254)) - client-2EC808601240->374189d0-76c5-49d2-81b4-45a4af1368a2: receive RaftClientReply:client-2EC808601240->374189d0-76c5-49d2-81b4-45a4af1368a2@group-30B6692CD68C, cid=108, SUCCESS, logIndex=198, commits[374189d0-76c5-49d2-81b4-45a4af1368a2:c198]
2019-06-14 08:42:49,046 INFO  client.GrpcClientProtocolClient (GrpcClientProtocolClient.java:onNext(254)) - client-2EC808601240->374189d0-76c5-49d2-81b4-45a4af1368a2: receive RaftClientReply:client-2EC808601240->374189d0-76c5-49d2-81b4-45a4af1368a2@group-30B6692CD68C, cid=109, SUCCESS, logIndex=200, commits[374189d0-76c5-49d2-81b4-45a4af1368a2:c200]
2019-06-14 08:42:49,049 INFO  client.GrpcClientProtocolClient (GrpcClientProtocolClient.java:onNext(254)) - client-2EC808601240->374189d0-76c5-49d2-81b4-45a4af1368a2: receive RaftClientReply:client-2EC808601240->374189d0-76c5-49d2-81b4-45a4af1368a2@group-30B6692CD68C, cid=110, SUCCESS, logIndex=202, commits[374189d0-76c5-49d2-81b4-45a4af1368a2:c202]
2019-06-14 08:42:49,051 INFO  client.GrpcClientProtocolClient (GrpcClientProtocolClient.java:onNext(254)) - client-2EC808601240->374189d0-76c5-49d2-81b4-45a4af1368a2: receive RaftClientReply:client-2EC808601240->374189d0-76c5-49d2-81b4-45a4af1368a2@group-30B6692CD68C, cid=111, SUCCESS, logIndex=203, commits[374189d0-76c5-49d2-81b4-45a4af1368a2:c205]
2019-06-14 08:42:49,052 INFO  client.GrpcClientProtocolClient (GrpcClientProtocolClient.java:onNext(254)) - client-2EC808601240->374189d0-76c5-49d2-81b4-45a4af1368a2: receive RaftClientReply:client-2EC808601240->374189d0-76c5-49d2-81b4-45a4af1368a2@group-30B6692CD68C, cid=112, SUCCESS, logIndex=205, commits[374189d0-76c5-49d2-81b4-45a4af1368a2:c206]
2019-06-14 08:42:49,067 INFO  client.GrpcClientProtocolClient (GrpcClientProtocolClient.java:onNext(254)) - client-2EC808601240->374189d0-76c5-49d2-81b4-45a4af1368a2: receive RaftClientReply:client-2EC808601240->374189d0-76c5-49d2-81b4-45a4af1368a2@group-30B6692CD68C, cid=113, SUCCESS, logIndex=207, commits[374189d0-76c5-49d2-81b4-45a4af1368a2:c207]
2019-06-14 08:42:49,070 INFO  client.GrpcClientProtocolClient (GrpcClientProtocolClient.java:onNext(254)) - client-2EC808601240->374189d0-76c5-49d2-81b4-45a4af1368a2: receive RaftClientReply:client-2EC808601240->374189d0-76c5-49d2-81b4-45a4af1368a2@group-30B6692CD68C, cid=114, SUCCESS, logIndex=209, commits[374189d0-76c5-49d2-81b4-45a4af1368a2:c209]
2019-06-14 08:42:49,072 INFO  client.GrpcClientProtocolClient (GrpcClientProtocolClient.java:onNext(254)) - client-2EC808601240->374189d0-76c5-49d2-81b4-45a4af1368a2: receive RaftClientReply:client-2EC808601240->374189d0-76c5-49d2-81b4-45a4af1368a2@group-30B6692CD68C, cid=115, SUCCESS, logIndex=210, commits[374189d0-76c5-49d2-81b4-45a4af1368a2:c212]
2019-06-14 08:42:49,072 INFO  client.GrpcClientProtocolClient (GrpcClientProtocolClient.java:onNext(254)) - client-2EC808601240->374189d0-76c5-49d2-81b4-45a4af1368a2: receive RaftClientReply:client-2EC808601240->374189d0-76c5-49d2-81b4-45a4af1368a2@group-30B6692CD68C, cid=116, SUCCESS, logIndex=211, commits[374189d0-76c5-49d2-81b4-45a4af1368a2:c212]
2019-06-14 08:42:49,084 INFO  client.GrpcClientProtocolClient (GrpcClientProtocolClient.java:onNext(254)) - client-2EC808601240->374189d0-76c5-49d2-81b4-45a4af1368a2: receive RaftClientReply:client-2EC808601240->374189d0-76c5-49d2-81b4-45a4af1368a2@group-30B6692CD68C, cid=117, SUCCESS, logIndex=213, commits[374189d0-76c5-49d2-81b4-45a4af1368a2:c213]
2019-06-14 08:42:49,088 INFO  client.GrpcClientProtocolClient (GrpcClientProtocolClient.java:onNext(254)) - client-2EC808601240->374189d0-76c5-49d2-81b4-45a4af1368a2: receive RaftClientReply:client-2EC808601240->374189d0-76c5-49d2-81b4-45a4af1368a2@group-30B6692CD68C, cid=118, SUCCESS, logIndex=215, commits[374189d0-76c5-49d2-81b4-45a4af1368a2:c215]
2019-06-14 08:42:49,091 INFO  client.GrpcClientProtocolClient (GrpcClientProtocolClient.java:onNext(254)) - client-2EC808601240->374189d0-76c5-49d2-81b4-45a4af1368a2: receive RaftClientReply:client-2EC808601240->374189d0-76c5-49d2-81b4-45a4af1368a2@group-30B6692CD68C, cid=119, SUCCESS, logIndex=217, commits[374189d0-76c5-49d2-81b4-45a4af1368a2:c217]
2019-06-14 08:42:49,091 INFO  client.GrpcClientProtocolClient (GrpcClientProtocolClient.java:onNext(254)) - client-2EC808601240->374189d0-76c5-49d2-81b4-45a4af1368a2: receive RaftClientReply:client-2EC808601240->374189d0-76c5-49d2-81b4-45a4af1368a2@group-30B6692CD68C, cid=120, SUCCESS, logIndex=218, commits[374189d0-76c5-49d2-81b4-45a4af1368a2:c219]
2019-06-14 08:42:49,107 INFO  client.GrpcClientProtocolClient (GrpcClientProtocolClient.java:onNext(254)) - client-2EC808601240->374189d0-76c5-49d2-81b4-45a4af1368a2: receive RaftClientReply:client-2EC808601240->374189d0-76c5-49d2-81b4-45a4af1368a2@group-30B6692CD68C, cid=121, SUCCESS, logIndex=220, commits[374189d0-76c5-49d2-81b4-45a4af1368a2:c220]
2019-06-14 08:42:49,111 INFO  client.GrpcClientProtocolClient (GrpcClientProtocolClient.java:onNext(254)) - client-2EC808601240->374189d0-76c5-49d2-81b4-45a4af1368a2: receive RaftClientReply:client-2EC808601240->374189d0-76c5-49d2-81b4-45a4af1368a2@group-30B6692CD68C, cid=122, SUCCESS, logIndex=222, commits[374189d0-76c5-49d2-81b4-45a4af1368a2:c222]
2019-06-14 08:42:49,112 INFO  client.GrpcClientProtocolClient (GrpcClientProtocolClient.java:onNext(254)) - client-2EC808601240->374189d0-76c5-49d2-81b4-45a4af1368a2: receive RaftClientReply:client-2EC808601240->374189d0-76c5-49d2-81b4-45a4af1368a2@group-30B6692CD68C, cid=123, SUCCESS, logIndex=223, commits[374189d0-76c5-49d2-81b4-45a4af1368a2:c223]
2019-06-14 08:42:49,115 INFO  client.GrpcClientProtocolClient (GrpcClientProtocolClient.java:onNext(254)) - client-2EC808601240->374189d0-76c5-49d2-81b4-45a4af1368a2: receive RaftClientReply:client-2EC808601240->374189d0-76c5-49d2-81b4-45a4af1368a2@group-30B6692CD68C, cid=124, SUCCESS, logIndex=226, commits[374189d0-76c5-49d2-81b4-45a4af1368a2:c226]
2019-06-14 08:42:49,123 DEBUG block.SCMBlockDeletingService (SCMBlockDeletingService.java:call(138)) - Running DeletedBlockTransactionScanner
2019-06-14 08:42:49,123 DEBUG block.SCMBlockDeletingService (SCMBlockDeletingService.java:call(155)) - Scanned deleted blocks log and got 0 delTX to process.
2019-06-14 08:42:49,125 INFO  client.GrpcClientProtocolClient (GrpcClientProtocolClient.java:onNext(254)) - client-2EC808601240->374189d0-76c5-49d2-81b4-45a4af1368a2: receive RaftClientReply:client-2EC808601240->374189d0-76c5-49d2-81b4-45a4af1368a2@group-30B6692CD68C, cid=125, SUCCESS, logIndex=228, commits[374189d0-76c5-49d2-81b4-45a4af1368a2:c228]
2019-06-14 08:42:49,129 INFO  client.GrpcClientProtocolClient (GrpcClientProtocolClient.java:onNext(254)) - client-2EC808601240->374189d0-76c5-49d2-81b4-45a4af1368a2: receive RaftClientReply:client-2EC808601240->374189d0-76c5-49d2-81b4-45a4af1368a2@group-30B6692CD68C, cid=126, SUCCESS, logIndex=230, commits[374189d0-76c5-49d2-81b4-45a4af1368a2:c230]
2019-06-14 08:42:49,130 INFO  client.GrpcClientProtocolClient (GrpcClientProtocolClient.java:onNext(254)) - client-2EC808601240->374189d0-76c5-49d2-81b4-45a4af1368a2: receive RaftClientReply:client-2EC808601240->374189d0-76c5-49d2-81b4-45a4af1368a2@group-30B6692CD68C, cid=127, SUCCESS, logIndex=231, commits[374189d0-76c5-49d2-81b4-45a4af1368a2:c232]
2019-06-14 08:42:49,133 INFO  client.GrpcClientProtocolClient (GrpcClientProtocolClient.java:onNext(254)) - client-2EC808601240->374189d0-76c5-49d2-81b4-45a4af1368a2: receive RaftClientReply:client-2EC808601240->374189d0-76c5-49d2-81b4-45a4af1368a2@group-30B6692CD68C, cid=128, SUCCESS, logIndex=233, commits[374189d0-76c5-49d2-81b4-45a4af1368a2:c234]
2019-06-14 08:42:49,147 INFO  client.GrpcClientProtocolClient (GrpcClientProtocolClient.java:onNext(254)) - client-2EC808601240->374189d0-76c5-49d2-81b4-45a4af1368a2: receive RaftClientReply:client-2EC808601240->374189d0-76c5-49d2-81b4-45a4af1368a2@group-30B6692CD68C, cid=129, SUCCESS, logIndex=235, commits[374189d0-76c5-49d2-81b4-45a4af1368a2:c235]
2019-06-14 08:42:49,149 INFO  client.GrpcClientProtocolClient (GrpcClientProtocolClient.java:onNext(254)) - client-2EC808601240->374189d0-76c5-49d2-81b4-45a4af1368a2: receive RaftClientReply:client-2EC808601240->374189d0-76c5-49d2-81b4-45a4af1368a2@group-30B6692CD68C, cid=130, SUCCESS, logIndex=237, commits[374189d0-76c5-49d2-81b4-45a4af1368a2:c237]
2019-06-14 08:42:49,150 INFO  storage.RaftLogWorker (RaftLogWorker.java:rollLogSegment(303)) - 374189d0-76c5-49d2-81b4-45a4af1368a2-RaftLogWorker: Rolling segment log-163_238 to index:238
2019-06-14 08:42:49,150 INFO  storage.RaftLogWorker (RaftLogWorker.java:execute(433)) - 374189d0-76c5-49d2-81b4-45a4af1368a2-RaftLogWorker: Rolled log segment from /opt/src/hadoop-ozone/integration-test/target/test-dir/MiniOzoneClusterImpl-1994f8b8-dd4d-445c-bf25-0c6d40f9b14d/datanode-0/data/ratis/99d0acb8-99ce-4814-8259-30b6692cd68c/current/log_inprogress_163 to /opt/src/hadoop-ozone/integration-test/target/test-dir/MiniOzoneClusterImpl-1994f8b8-dd4d-445c-bf25-0c6d40f9b14d/datanode-0/data/ratis/99d0acb8-99ce-4814-8259-30b6692cd68c/current/log_163-238
2019-06-14 08:42:49,185 INFO  storage.RaftLogWorker (RaftLogWorker.java:execute(469)) - 374189d0-76c5-49d2-81b4-45a4af1368a2-RaftLogWorker: created new log segment /opt/src/hadoop-ozone/integration-test/target/test-dir/MiniOzoneClusterImpl-1994f8b8-dd4d-445c-bf25-0c6d40f9b14d/datanode-0/data/ratis/99d0acb8-99ce-4814-8259-30b6692cd68c/current/log_inprogress_239
2019-06-14 08:42:49,188 INFO  client.GrpcClientProtocolClient (GrpcClientProtocolClient.java:onNext(254)) - client-2EC808601240->374189d0-76c5-49d2-81b4-45a4af1368a2: receive RaftClientReply:client-2EC808601240->374189d0-76c5-49d2-81b4-45a4af1368a2@group-30B6692CD68C, cid=131, SUCCESS, logIndex=239, commits[374189d0-76c5-49d2-81b4-45a4af1368a2:c240]
2019-06-14 08:42:49,189 INFO  client.GrpcClientProtocolClient (GrpcClientProtocolClient.java:onNext(254)) - client-2EC808601240->374189d0-76c5-49d2-81b4-45a4af1368a2: receive RaftClientReply:client-2EC808601240->374189d0-76c5-49d2-81b4-45a4af1368a2@group-30B6692CD68C, cid=132, SUCCESS, logIndex=240, commits[374189d0-76c5-49d2-81b4-45a4af1368a2:c241]
2019-06-14 08:42:49,224 DEBUG block.SCMBlockDeletingService (SCMBlockDeletingService.java:call(138)) - Running DeletedBlockTransactionScanner
2019-06-14 08:42:49,224 DEBUG block.SCMBlockDeletingService (SCMBlockDeletingService.java:call(155)) - Scanned deleted blocks log and got 0 delTX to process.
2019-06-14 08:42:49,266 INFO  client.GrpcClientProtocolClient (GrpcClientProtocolClient.java:onNext(254)) - client-2EC808601240->374189d0-76c5-49d2-81b4-45a4af1368a2: receive RaftClientReply:client-2EC808601240->374189d0-76c5-49d2-81b4-45a4af1368a2@group-30B6692CD68C, cid=133, SUCCESS, logIndex=242, commits[374189d0-76c5-49d2-81b4-45a4af1368a2:c242]
2019-06-14 08:42:49,268 INFO  client.GrpcClientProtocolClient (GrpcClientProtocolClient.java:onNext(254)) - client-2EC808601240->374189d0-76c5-49d2-81b4-45a4af1368a2: receive RaftClientReply:client-2EC808601240->374189d0-76c5-49d2-81b4-45a4af1368a2@group-30B6692CD68C, cid=134, SUCCESS, logIndex=244, commits[374189d0-76c5-49d2-81b4-45a4af1368a2:c244]
2019-06-14 08:42:49,269 INFO  client.GrpcClientProtocolClient (GrpcClientProtocolClient.java:onNext(254)) - client-2EC808601240->374189d0-76c5-49d2-81b4-45a4af1368a2: receive RaftClientReply:client-2EC808601240->374189d0-76c5-49d2-81b4-45a4af1368a2@group-30B6692CD68C, cid=135, SUCCESS, logIndex=245, commits[374189d0-76c5-49d2-81b4-45a4af1368a2:c247]
2019-06-14 08:42:49,270 INFO  client.GrpcClientProtocolClient (GrpcClientProtocolClient.java:onNext(254)) - client-2EC808601240->374189d0-76c5-49d2-81b4-45a4af1368a2: receive RaftClientReply:client-2EC808601240->374189d0-76c5-49d2-81b4-45a4af1368a2@group-30B6692CD68C, cid=136, SUCCESS, logIndex=247, commits[374189d0-76c5-49d2-81b4-45a4af1368a2:c248]
2019-06-14 08:42:49,283 INFO  client.GrpcClientProtocolClient (GrpcClientProtocolClient.java:onNext(254)) - client-2EC808601240->374189d0-76c5-49d2-81b4-45a4af1368a2: receive RaftClientReply:client-2EC808601240->374189d0-76c5-49d2-81b4-45a4af1368a2@group-30B6692CD68C, cid=137, SUCCESS, logIndex=249, commits[374189d0-76c5-49d2-81b4-45a4af1368a2:c249]
2019-06-14 08:42:49,341 DEBUG block.SCMBlockDeletingService (SCMBlockDeletingService.java:call(138)) - Running DeletedBlockTransactionScanner
2019-06-14 08:42:49,341 DEBUG block.SCMBlockDeletingService (SCMBlockDeletingService.java:call(155)) - Scanned deleted blocks log and got 0 delTX to process.
2019-06-14 08:42:49,342 INFO  client.GrpcClientProtocolClient (GrpcClientProtocolClient.java:onNext(254)) - client-2EC808601240->374189d0-76c5-49d2-81b4-45a4af1368a2: receive RaftClientReply:client-2EC808601240->374189d0-76c5-49d2-81b4-45a4af1368a2@group-30B6692CD68C, cid=138, SUCCESS, logIndex=251, commits[374189d0-76c5-49d2-81b4-45a4af1368a2:c252]
2019-06-14 08:42:49,346 INFO  client.GrpcClientProtocolClient (GrpcClientProtocolClient.java:onNext(254)) - client-2EC808601240->374189d0-76c5-49d2-81b4-45a4af1368a2: receive RaftClientReply:client-2EC808601240->374189d0-76c5-49d2-81b4-45a4af1368a2@group-30B6692CD68C, cid=139, SUCCESS, logIndex=252, commits[374189d0-76c5-49d2-81b4-45a4af1368a2:c252]
2019-06-14 08:42:49,346 INFO  client.GrpcClientProtocolClient (GrpcClientProtocolClient.java:onNext(254)) - client-2EC808601240->374189d0-76c5-49d2-81b4-45a4af1368a2: receive RaftClientReply:client-2EC808601240->374189d0-76c5-49d2-81b4-45a4af1368a2@group-30B6692CD68C, cid=140, SUCCESS, logIndex=254, commits[374189d0-76c5-49d2-81b4-45a4af1368a2:c256]
2019-06-14 08:42:49,356 INFO  client.GrpcClientProtocolClient (GrpcClientProtocolClient.java:onNext(254)) - client-2EC808601240->374189d0-76c5-49d2-81b4-45a4af1368a2: receive RaftClientReply:client-2EC808601240->374189d0-76c5-49d2-81b4-45a4af1368a2@group-30B6692CD68C, cid=141, SUCCESS, logIndex=257, commits[374189d0-76c5-49d2-81b4-45a4af1368a2:c257]
2019-06-14 08:42:49,358 INFO  client.GrpcClientProtocolClient (GrpcClientProtocolClient.java:onNext(254)) - client-2EC808601240->374189d0-76c5-49d2-81b4-45a4af1368a2: receive RaftClientReply:client-2EC808601240->374189d0-76c5-49d2-81b4-45a4af1368a2@group-30B6692CD68C, cid=142, SUCCESS, logIndex=259, commits[374189d0-76c5-49d2-81b4-45a4af1368a2:c259]
2019-06-14 08:42:49,362 INFO  client.GrpcClientProtocolClient (GrpcClientProtocolClient.java:onNext(254)) - client-2EC808601240->374189d0-76c5-49d2-81b4-45a4af1368a2: receive RaftClientReply:client-2EC808601240->374189d0-76c5-49d2-81b4-45a4af1368a2@group-30B6692CD68C, cid=143, SUCCESS, logIndex=261, commits[374189d0-76c5-49d2-81b4-45a4af1368a2:c262]
2019-06-14 08:42:49,363 INFO  client.GrpcClientProtocolClient (GrpcClientProtocolClient.java:onNext(254)) - client-2EC808601240->374189d0-76c5-49d2-81b4-45a4af1368a2: receive RaftClientReply:client-2EC808601240->374189d0-76c5-49d2-81b4-45a4af1368a2@group-30B6692CD68C, cid=144, SUCCESS, logIndex=262, commits[374189d0-76c5-49d2-81b4-45a4af1368a2:c263]
2019-06-14 08:42:49,375 INFO  client.GrpcClientProtocolClient (GrpcClientProtocolClient.java:onNext(254)) - client-2EC808601240->374189d0-76c5-49d2-81b4-45a4af1368a2: receive RaftClientReply:client-2EC808601240->374189d0-76c5-49d2-81b4-45a4af1368a2@group-30B6692CD68C, cid=145, SUCCESS, logIndex=264, commits[374189d0-76c5-49d2-81b4-45a4af1368a2:c264]
2019-06-14 08:42:49,379 INFO  client.GrpcClientProtocolClient (GrpcClientProtocolClient.java:onNext(254)) - client-2EC808601240->374189d0-76c5-49d2-81b4-45a4af1368a2: receive RaftClientReply:client-2EC808601240->374189d0-76c5-49d2-81b4-45a4af1368a2@group-30B6692CD68C, cid=146, SUCCESS, logIndex=266, commits[374189d0-76c5-49d2-81b4-45a4af1368a2:c266]
2019-06-14 08:42:49,383 INFO  client.GrpcClientProtocolClient (GrpcClientProtocolClient.java:onNext(254)) - client-2EC808601240->374189d0-76c5-49d2-81b4-45a4af1368a2: receive RaftClientReply:client-2EC808601240->374189d0-76c5-49d2-81b4-45a4af1368a2@group-30B6692CD68C, cid=147, SUCCESS, logIndex=267, commits[374189d0-76c5-49d2-81b4-45a4af1368a2:c269]
2019-06-14 08:42:49,384 INFO  client.GrpcClientProtocolClient (GrpcClientProtocolClient.java:onNext(254)) - client-2EC808601240->374189d0-76c5-49d2-81b4-45a4af1368a2: receive RaftClientReply:client-2EC808601240->374189d0-76c5-49d2-81b4-45a4af1368a2@group-30B6692CD68C, cid=148, SUCCESS, logIndex=269, commits[374189d0-76c5-49d2-81b4-45a4af1368a2:c269]
2019-06-14 08:42:49,393 INFO  client.GrpcClientProtocolClient (GrpcClientProtocolClient.java:onNext(254)) - client-2EC808601240->374189d0-76c5-49d2-81b4-45a4af1368a2: receive RaftClientReply:client-2EC808601240->374189d0-76c5-49d2-81b4-45a4af1368a2@group-30B6692CD68C, cid=149, SUCCESS, logIndex=271, commits[374189d0-76c5-49d2-81b4-45a4af1368a2:c272]
2019-06-14 08:42:49,396 INFO  client.GrpcClientProtocolClient (GrpcClientProtocolClient.java:onNext(254)) - client-2EC808601240->374189d0-76c5-49d2-81b4-45a4af1368a2: receive RaftClientReply:client-2EC808601240->374189d0-76c5-49d2-81b4-45a4af1368a2@group-30B6692CD68C, cid=150, SUCCESS, logIndex=273, commits[374189d0-76c5-49d2-81b4-45a4af1368a2:c273]
2019-06-14 08:42:49,398 INFO  client.GrpcClientProtocolClient (GrpcClientProtocolClient.java:onNext(254)) - client-2EC808601240->374189d0-76c5-49d2-81b4-45a4af1368a2: receive RaftClientReply:client-2EC808601240->374189d0-76c5-49d2-81b4-45a4af1368a2@group-30B6692CD68C, cid=151, SUCCESS, logIndex=274, commits[374189d0-76c5-49d2-81b4-45a4af1368a2:c276]
2019-06-14 08:42:49,399 INFO  client.GrpcClientProtocolClient (GrpcClientProtocolClient.java:onNext(254)) - client-2EC808601240->374189d0-76c5-49d2-81b4-45a4af1368a2: receive RaftClientReply:client-2EC808601240->374189d0-76c5-49d2-81b4-45a4af1368a2@group-30B6692CD68C, cid=152, SUCCESS, logIndex=276, commits[374189d0-76c5-49d2-81b4-45a4af1368a2:c277]
2019-06-14 08:42:49,414 INFO  client.GrpcClientProtocolClient (GrpcClientProtocolClient.java:onNext(254)) - client-2EC808601240->374189d0-76c5-49d2-81b4-45a4af1368a2: receive RaftClientReply:client-2EC808601240->374189d0-76c5-49d2-81b4-45a4af1368a2@group-30B6692CD68C, cid=153, SUCCESS, logIndex=278, commits[374189d0-76c5-49d2-81b4-45a4af1368a2:c278]
2019-06-14 08:42:49,417 INFO  client.GrpcClientProtocolClient (GrpcClientProtocolClient.java:onNext(254)) - client-2EC808601240->374189d0-76c5-49d2-81b4-45a4af1368a2: receive RaftClientReply:client-2EC808601240->374189d0-76c5-49d2-81b4-45a4af1368a2@group-30B6692CD68C, cid=154, SUCCESS, logIndex=280, commits[374189d0-76c5-49d2-81b4-45a4af1368a2:c280]
2019-06-14 08:42:49,420 INFO  client.GrpcClientProtocolClient (GrpcClientProtocolClient.java:onNext(254)) - client-2EC808601240->374189d0-76c5-49d2-81b4-45a4af1368a2: receive RaftClientReply:client-2EC808601240->374189d0-76c5-49d2-81b4-45a4af1368a2@group-30B6692CD68C, cid=155, SUCCESS, logIndex=282, commits[374189d0-76c5-49d2-81b4-45a4af1368a2:c282]
2019-06-14 08:42:49,421 INFO  client.GrpcClientProtocolClient (GrpcClientProtocolClient.java:onNext(254)) - client-2EC808601240->374189d0-76c5-49d2-81b4-45a4af1368a2: receive RaftClientReply:client-2EC808601240->374189d0-76c5-49d2-81b4-45a4af1368a2@group-30B6692CD68C, cid=156, SUCCESS, logIndex=283, commits[374189d0-76c5-49d2-81b4-45a4af1368a2:c284]
2019-06-14 08:42:49,430 INFO  client.GrpcClientProtocolClient (GrpcClientProtocolClient.java:onNext(254)) - client-2EC808601240->374189d0-76c5-49d2-81b4-45a4af1368a2: receive RaftClientReply:client-2EC808601240->374189d0-76c5-49d2-81b4-45a4af1368a2@group-30B6692CD68C, cid=157, SUCCESS, logIndex=286, commits[374189d0-76c5-49d2-81b4-45a4af1368a2:c286]
2019-06-14 08:42:49,433 INFO  client.GrpcClientProtocolClient (GrpcClientProtocolClient.java:onNext(254)) - client-2EC808601240->374189d0-76c5-49d2-81b4-45a4af1368a2: receive RaftClientReply:client-2EC808601240->374189d0-76c5-49d2-81b4-45a4af1368a2@group-30B6692CD68C, cid=158, SUCCESS, logIndex=288, commits[374189d0-76c5-49d2-81b4-45a4af1368a2:c288]
2019-06-14 08:42:49,434 INFO  client.GrpcClientProtocolClient (GrpcClientProtocolClient.java:onNext(254)) - client-2EC808601240->374189d0-76c5-49d2-81b4-45a4af1368a2: receive RaftClientReply:client-2EC808601240->374189d0-76c5-49d2-81b4-45a4af1368a2@group-30B6692CD68C, cid=159, SUCCESS, logIndex=289, commits[374189d0-76c5-49d2-81b4-45a4af1368a2:c291]
2019-06-14 08:42:49,439 INFO  client.GrpcClientProtocolClient (GrpcClientProtocolClient.java:onNext(254)) - client-2EC808601240->374189d0-76c5-49d2-81b4-45a4af1368a2: receive RaftClientReply:client-2EC808601240->374189d0-76c5-49d2-81b4-45a4af1368a2@group-30B6692CD68C, cid=160, SUCCESS, logIndex=291, commits[374189d0-76c5-49d2-81b4-45a4af1368a2:c291]
2019-06-14 08:42:49,441 DEBUG block.SCMBlockDeletingService (SCMBlockDeletingService.java:call(138)) - Running DeletedBlockTransactionScanner
2019-06-14 08:42:49,442 DEBUG block.SCMBlockDeletingService (SCMBlockDeletingService.java:call(155)) - Scanned deleted blocks log and got 0 delTX to process.
2019-06-14 08:42:49,451 INFO  client.GrpcClientProtocolClient (GrpcClientProtocolClient.java:onNext(254)) - client-2EC808601240->374189d0-76c5-49d2-81b4-45a4af1368a2: receive RaftClientReply:client-2EC808601240->374189d0-76c5-49d2-81b4-45a4af1368a2@group-30B6692CD68C, cid=161, SUCCESS, logIndex=293, commits[374189d0-76c5-49d2-81b4-45a4af1368a2:c293]
2019-06-14 08:42:49,453 INFO  client.GrpcClientProtocolClient (GrpcClientProtocolClient.java:onNext(254)) - client-2EC808601240->374189d0-76c5-49d2-81b4-45a4af1368a2: receive RaftClientReply:client-2EC808601240->374189d0-76c5-49d2-81b4-45a4af1368a2@group-30B6692CD68C, cid=162, SUCCESS, logIndex=295, commits[374189d0-76c5-49d2-81b4-45a4af1368a2:c295]
2019-06-14 08:42:49,457 INFO  client.GrpcClientProtocolClient (GrpcClientProtocolClient.java:onNext(254)) - client-2EC808601240->374189d0-76c5-49d2-81b4-45a4af1368a2: receive RaftClientReply:client-2EC808601240->374189d0-76c5-49d2-81b4-45a4af1368a2@group-30B6692CD68C, cid=163, SUCCESS, logIndex=297, commits[374189d0-76c5-49d2-81b4-45a4af1368a2:c297]
2019-06-14 08:42:49,458 INFO  client.GrpcClientProtocolClient (GrpcClientProtocolClient.java:onNext(254)) - client-2EC808601240->374189d0-76c5-49d2-81b4-45a4af1368a2: receive RaftClientReply:client-2EC808601240->374189d0-76c5-49d2-81b4-45a4af1368a2@group-30B6692CD68C, cid=164, SUCCESS, logIndex=298, commits[374189d0-76c5-49d2-81b4-45a4af1368a2:c298]
2019-06-14 08:42:49,471 INFO  client.GrpcClientProtocolClient (GrpcClientProtocolClient.java:onNext(254)) - client-2EC808601240->374189d0-76c5-49d2-81b4-45a4af1368a2: receive RaftClientReply:client-2EC808601240->374189d0-76c5-49d2-81b4-45a4af1368a2@group-30B6692CD68C, cid=165, SUCCESS, logIndex=301, commits[374189d0-76c5-49d2-81b4-45a4af1368a2:c301]
2019-06-14 08:42:49,476 INFO  client.GrpcClientProtocolClient (GrpcClientProtocolClient.java:onNext(254)) - client-2EC808601240->374189d0-76c5-49d2-81b4-45a4af1368a2: receive RaftClientReply:client-2EC808601240->374189d0-76c5-49d2-81b4-45a4af1368a2@group-30B6692CD68C, cid=166, SUCCESS, logIndex=303, commits[374189d0-76c5-49d2-81b4-45a4af1368a2:c303]
2019-06-14 08:42:49,476 INFO  client.GrpcClientProtocolClient (GrpcClientProtocolClient.java:onNext(254)) - client-2EC808601240->374189d0-76c5-49d2-81b4-45a4af1368a2: receive RaftClientReply:client-2EC808601240->374189d0-76c5-49d2-81b4-45a4af1368a2@group-30B6692CD68C, cid=167, SUCCESS, logIndex=304, commits[374189d0-76c5-49d2-81b4-45a4af1368a2:c306]
2019-06-14 08:42:49,477 INFO  client.GrpcClientProtocolClient (GrpcClientProtocolClient.java:onNext(254)) - client-2EC808601240->374189d0-76c5-49d2-81b4-45a4af1368a2: receive RaftClientReply:client-2EC808601240->374189d0-76c5-49d2-81b4-45a4af1368a2@group-30B6692CD68C, cid=168, SUCCESS, logIndex=306, commits[374189d0-76c5-49d2-81b4-45a4af1368a2:c307]
2019-06-14 08:42:49,492 INFO  client.GrpcClientProtocolClient (GrpcClientProtocolClient.java:onNext(254)) - client-2EC808601240->374189d0-76c5-49d2-81b4-45a4af1368a2: receive RaftClientReply:client-2EC808601240->374189d0-76c5-49d2-81b4-45a4af1368a2@group-30B6692CD68C, cid=169, SUCCESS, logIndex=308, commits[374189d0-76c5-49d2-81b4-45a4af1368a2:c308]
2019-06-14 08:42:49,500 INFO  client.GrpcClientProtocolClient (GrpcClientProtocolClient.java:onNext(254)) - client-2EC808601240->374189d0-76c5-49d2-81b4-45a4af1368a2: receive RaftClientReply:client-2EC808601240->374189d0-76c5-49d2-81b4-45a4af1368a2@group-30B6692CD68C, cid=170, SUCCESS, logIndex=310, commits[374189d0-76c5-49d2-81b4-45a4af1368a2:c311]
2019-06-14 08:42:49,500 INFO  client.GrpcClientProtocolClient (GrpcClientProtocolClient.java:onNext(254)) - client-2EC808601240->374189d0-76c5-49d2-81b4-45a4af1368a2: receive RaftClientReply:client-2EC808601240->374189d0-76c5-49d2-81b4-45a4af1368a2@group-30B6692CD68C, cid=171, SUCCESS, logIndex=311, commits[374189d0-76c5-49d2-81b4-45a4af1368a2:c313]
2019-06-14 08:42:49,502 INFO  client.GrpcClientProtocolClient (GrpcClientProtocolClient.java:onNext(254)) - client-2EC808601240->374189d0-76c5-49d2-81b4-45a4af1368a2: receive RaftClientReply:client-2EC808601240->374189d0-76c5-49d2-81b4-45a4af1368a2@group-30B6692CD68C, cid=172, SUCCESS, logIndex=314, commits[374189d0-76c5-49d2-81b4-45a4af1368a2:c314]
2019-06-14 08:42:49,515 INFO  client.GrpcClientProtocolClient (GrpcClientProtocolClient.java:onNext(254)) - client-2EC808601240->374189d0-76c5-49d2-81b4-45a4af1368a2: receive RaftClientReply:client-2EC808601240->374189d0-76c5-49d2-81b4-45a4af1368a2@group-30B6692CD68C, cid=173, SUCCESS, logIndex=316, commits[374189d0-76c5-49d2-81b4-45a4af1368a2:c316]
2019-06-14 08:42:49,515 INFO  storage.RaftLogWorker (RaftLogWorker.java:rollLogSegment(303)) - 374189d0-76c5-49d2-81b4-45a4af1368a2-RaftLogWorker: Rolling segment log-239_317 to index:317
2019-06-14 08:42:49,516 INFO  storage.RaftLogWorker (RaftLogWorker.java:execute(433)) - 374189d0-76c5-49d2-81b4-45a4af1368a2-RaftLogWorker: Rolled log segment from /opt/src/hadoop-ozone/integration-test/target/test-dir/MiniOzoneClusterImpl-1994f8b8-dd4d-445c-bf25-0c6d40f9b14d/datanode-0/data/ratis/99d0acb8-99ce-4814-8259-30b6692cd68c/current/log_inprogress_239 to /opt/src/hadoop-ozone/integration-test/target/test-dir/MiniOzoneClusterImpl-1994f8b8-dd4d-445c-bf25-0c6d40f9b14d/datanode-0/data/ratis/99d0acb8-99ce-4814-8259-30b6692cd68c/current/log_239-317
2019-06-14 08:42:49,542 DEBUG block.SCMBlockDeletingService (SCMBlockDeletingService.java:call(138)) - Running DeletedBlockTransactionScanner
2019-06-14 08:42:49,542 DEBUG block.SCMBlockDeletingService (SCMBlockDeletingService.java:call(155)) - Scanned deleted blocks log and got 0 delTX to process.
2019-06-14 08:42:49,557 INFO  storage.RaftLogWorker (RaftLogWorker.java:execute(469)) - 374189d0-76c5-49d2-81b4-45a4af1368a2-RaftLogWorker: created new log segment /opt/src/hadoop-ozone/integration-test/target/test-dir/MiniOzoneClusterImpl-1994f8b8-dd4d-445c-bf25-0c6d40f9b14d/datanode-0/data/ratis/99d0acb8-99ce-4814-8259-30b6692cd68c/current/log_inprogress_318
2019-06-14 08:42:49,561 INFO  client.GrpcClientProtocolClient (GrpcClientProtocolClient.java:onNext(254)) - client-2EC808601240->374189d0-76c5-49d2-81b4-45a4af1368a2: receive RaftClientReply:client-2EC808601240->374189d0-76c5-49d2-81b4-45a4af1368a2@group-30B6692CD68C, cid=174, SUCCESS, logIndex=318, commits[374189d0-76c5-49d2-81b4-45a4af1368a2:c320]
2019-06-14 08:42:49,562 INFO  client.GrpcClientProtocolClient (GrpcClientProtocolClient.java:onNext(254)) - client-2EC808601240->374189d0-76c5-49d2-81b4-45a4af1368a2: receive RaftClientReply:client-2EC808601240->374189d0-76c5-49d2-81b4-45a4af1368a2@group-30B6692CD68C, cid=175, SUCCESS, logIndex=319, commits[374189d0-76c5-49d2-81b4-45a4af1368a2:c320]
2019-06-14 08:42:49,562 INFO  client.GrpcClientProtocolClient (GrpcClientProtocolClient.java:onNext(254)) - client-2EC808601240->374189d0-76c5-49d2-81b4-45a4af1368a2: receive RaftClientReply:client-2EC808601240->374189d0-76c5-49d2-81b4-45a4af1368a2@group-30B6692CD68C, cid=176, SUCCESS, logIndex=320, commits[374189d0-76c5-49d2-81b4-45a4af1368a2:c320]
2019-06-14 08:42:49,642 INFO  client.GrpcClientProtocolClient (GrpcClientProtocolClient.java:onNext(254)) - client-2EC808601240->374189d0-76c5-49d2-81b4-45a4af1368a2: receive RaftClientReply:client-2EC808601240->374189d0-76c5-49d2-81b4-45a4af1368a2@group-30B6692CD68C, cid=177, SUCCESS, logIndex=322, commits[374189d0-76c5-49d2-81b4-45a4af1368a2:c322]
2019-06-14 08:42:49,642 DEBUG block.SCMBlockDeletingService (SCMBlockDeletingService.java:call(138)) - Running DeletedBlockTransactionScanner
2019-06-14 08:42:49,643 DEBUG block.SCMBlockDeletingService (SCMBlockDeletingService.java:call(155)) - Scanned deleted blocks log and got 0 delTX to process.
2019-06-14 08:42:49,645 INFO  client.GrpcClientProtocolClient (GrpcClientProtocolClient.java:onNext(254)) - client-2EC808601240->374189d0-76c5-49d2-81b4-45a4af1368a2: receive RaftClientReply:client-2EC808601240->374189d0-76c5-49d2-81b4-45a4af1368a2@group-30B6692CD68C, cid=178, SUCCESS, logIndex=324, commits[374189d0-76c5-49d2-81b4-45a4af1368a2:c324]
2019-06-14 08:42:49,647 INFO  client.GrpcClientProtocolClient (GrpcClientProtocolClient.java:onNext(254)) - client-2EC808601240->374189d0-76c5-49d2-81b4-45a4af1368a2: receive RaftClientReply:client-2EC808601240->374189d0-76c5-49d2-81b4-45a4af1368a2@group-30B6692CD68C, cid=179, SUCCESS, logIndex=325, commits[374189d0-76c5-49d2-81b4-45a4af1368a2:c328]
2019-06-14 08:42:49,647 INFO  client.GrpcClientProtocolClient (GrpcClientProtocolClient.java:onNext(254)) - client-2EC808601240->374189d0-76c5-49d2-81b4-45a4af1368a2: receive RaftClientReply:client-2EC808601240->374189d0-76c5-49d2-81b4-45a4af1368a2@group-30B6692CD68C, cid=180, SUCCESS, logIndex=327, commits[374189d0-76c5-49d2-81b4-45a4af1368a2:c328]
2019-06-14 08:42:49,863 DEBUG block.SCMBlockDeletingService (SCMBlockDeletingService.java:call(138)) - Running DeletedBlockTransactionScanner
2019-06-14 08:42:49,863 DEBUG block.SCMBlockDeletingService (SCMBlockDeletingService.java:call(155)) - Scanned deleted blocks log and got 0 delTX to process.
2019-06-14 08:42:49,872 INFO  client.GrpcClientProtocolClient (GrpcClientProtocolClient.java:onNext(254)) - client-2EC808601240->374189d0-76c5-49d2-81b4-45a4af1368a2: receive RaftClientReply:client-2EC808601240->374189d0-76c5-49d2-81b4-45a4af1368a2@group-30B6692CD68C, cid=181, SUCCESS, logIndex=329, commits[374189d0-76c5-49d2-81b4-45a4af1368a2:c329]
2019-06-14 08:42:49,879 INFO  client.GrpcClientProtocolClient (GrpcClientProtocolClient.java:onNext(254)) - client-2EC808601240->374189d0-76c5-49d2-81b4-45a4af1368a2: receive RaftClientReply:client-2EC808601240->374189d0-76c5-49d2-81b4-45a4af1368a2@group-30B6692CD68C, cid=182, SUCCESS, logIndex=331, commits[374189d0-76c5-49d2-81b4-45a4af1368a2:c331]
2019-06-14 08:42:49,880 INFO  client.GrpcClientProtocolClient (GrpcClientProtocolClient.java:onNext(254)) - client-2EC808601240->374189d0-76c5-49d2-81b4-45a4af1368a2: receive RaftClientReply:client-2EC808601240->374189d0-76c5-49d2-81b4-45a4af1368a2@group-30B6692CD68C, cid=183, SUCCESS, logIndex=332, commits[374189d0-76c5-49d2-81b4-45a4af1368a2:c332]
2019-06-14 08:42:49,881 INFO  client.GrpcClientProtocolClient (GrpcClientProtocolClient.java:onNext(254)) - client-2EC808601240->374189d0-76c5-49d2-81b4-45a4af1368a2: receive RaftClientReply:client-2EC808601240->374189d0-76c5-49d2-81b4-45a4af1368a2@group-30B6692CD68C, cid=184, SUCCESS, logIndex=334, commits[374189d0-76c5-49d2-81b4-45a4af1368a2:c334]
2019-06-14 08:42:49,896 INFO  client.GrpcClientProtocolClient (GrpcClientProtocolClient.java:onNext(254)) - client-2EC808601240->374189d0-76c5-49d2-81b4-45a4af1368a2: receive RaftClientReply:client-2EC808601240->374189d0-76c5-49d2-81b4-45a4af1368a2@group-30B6692CD68C, cid=185, SUCCESS, logIndex=337, commits[374189d0-76c5-49d2-81b4-45a4af1368a2:c337]
2019-06-14 08:42:49,900 INFO  client.GrpcClientProtocolClient (GrpcClientProtocolClient.java:onNext(254)) - client-2EC808601240->374189d0-76c5-49d2-81b4-45a4af1368a2: receive RaftClientReply:client-2EC808601240->374189d0-76c5-49d2-81b4-45a4af1368a2@group-30B6692CD68C, cid=186, SUCCESS, logIndex=339, commits[374189d0-76c5-49d2-81b4-45a4af1368a2:c339]
2019-06-14 08:42:49,901 INFO  client.GrpcClientProtocolClient (GrpcClientProtocolClient.java:onNext(254)) - client-2EC808601240->374189d0-76c5-49d2-81b4-45a4af1368a2: receive RaftClientReply:client-2EC808601240->374189d0-76c5-49d2-81b4-45a4af1368a2@group-30B6692CD68C, cid=187, SUCCESS, logIndex=340, commits[374189d0-76c5-49d2-81b4-45a4af1368a2:c343]
2019-06-14 08:42:49,902 INFO  client.GrpcClientProtocolClient (GrpcClientProtocolClient.java:onNext(254)) - client-2EC808601240->374189d0-76c5-49d2-81b4-45a4af1368a2: receive RaftClientReply:client-2EC808601240->374189d0-76c5-49d2-81b4-45a4af1368a2@group-30B6692CD68C, cid=188, SUCCESS, logIndex=342, commits[374189d0-76c5-49d2-81b4-45a4af1368a2:c343]
2019-06-14 08:42:49,921 INFO  client.GrpcClientProtocolClient (GrpcClientProtocolClient.java:onNext(254)) - client-2EC808601240->374189d0-76c5-49d2-81b4-45a4af1368a2: receive RaftClientReply:client-2EC808601240->374189d0-76c5-49d2-81b4-45a4af1368a2@group-30B6692CD68C, cid=189, SUCCESS, logIndex=344, commits[374189d0-76c5-49d2-81b4-45a4af1368a2:c344]
2019-06-14 08:42:49,923 INFO  client.GrpcClientProtocolClient (GrpcClientProtocolClient.java:onNext(254)) - client-2EC808601240->374189d0-76c5-49d2-81b4-45a4af1368a2: receive RaftClientReply:client-2EC808601240->374189d0-76c5-49d2-81b4-45a4af1368a2@group-30B6692CD68C, cid=190, SUCCESS, logIndex=346, commits[374189d0-76c5-49d2-81b4-45a4af1368a2:c347]
2019-06-14 08:42:49,927 INFO  client.GrpcClientProtocolClient (GrpcClientProtocolClient.java:onNext(254)) - client-2EC808601240->374189d0-76c5-49d2-81b4-45a4af1368a2: receive RaftClientReply:client-2EC808601240->374189d0-76c5-49d2-81b4-45a4af1368a2@group-30B6692CD68C, cid=191, SUCCESS, logIndex=348, commits[374189d0-76c5-49d2-81b4-45a4af1368a2:c348]
2019-06-14 08:42:49,929 INFO  client.GrpcClientProtocolClient (GrpcClientProtocolClient.java:onNext(254)) - client-2EC808601240->374189d0-76c5-49d2-81b4-45a4af1368a2: receive RaftClientReply:client-2EC808601240->374189d0-76c5-49d2-81b4-45a4af1368a2@group-30B6692CD68C, cid=192, SUCCESS, logIndex=350, commits[374189d0-76c5-49d2-81b4-45a4af1368a2:c350]
2019-06-14 08:42:49,943 INFO  client.GrpcClientProtocolClient (GrpcClientProtocolClient.java:onNext(254)) - client-2EC808601240->374189d0-76c5-49d2-81b4-45a4af1368a2: receive RaftClientReply:client-2EC808601240->374189d0-76c5-49d2-81b4-45a4af1368a2@group-30B6692CD68C, cid=193, SUCCESS, logIndex=352, commits[374189d0-76c5-49d2-81b4-45a4af1368a2:c352]
2019-06-14 08:42:49,945 INFO  client.GrpcClientProtocolClient (GrpcClientProtocolClient.java:onNext(254)) - client-2EC808601240->374189d0-76c5-49d2-81b4-45a4af1368a2: receive RaftClientReply:client-2EC808601240->374189d0-76c5-49d2-81b4-45a4af1368a2@group-30B6692CD68C, cid=194, SUCCESS, logIndex=354, commits[374189d0-76c5-49d2-81b4-45a4af1368a2:c354]
2019-06-14 08:42:49,949 INFO  client.GrpcClientProtocolClient (GrpcClientProtocolClient.java:onNext(254)) - client-2EC808601240->374189d0-76c5-49d2-81b4-45a4af1368a2: receive RaftClientReply:client-2EC808601240->374189d0-76c5-49d2-81b4-45a4af1368a2@group-30B6692CD68C, cid=195, SUCCESS, logIndex=356, commits[374189d0-76c5-49d2-81b4-45a4af1368a2:c357]
2019-06-14 08:42:49,949 INFO  client.GrpcClientProtocolClient (GrpcClientProtocolClient.java:onNext(254)) - client-2EC808601240->374189d0-76c5-49d2-81b4-45a4af1368a2: receive RaftClientReply:client-2EC808601240->374189d0-76c5-49d2-81b4-45a4af1368a2@group-30B6692CD68C, cid=196, SUCCESS, logIndex=357, commits[374189d0-76c5-49d2-81b4-45a4af1368a2:c358]
2019-06-14 08:42:49,960 INFO  client.GrpcClientProtocolClient (GrpcClientProtocolClient.java:onNext(254)) - client-2EC808601240->374189d0-76c5-49d2-81b4-45a4af1368a2: receive RaftClientReply:client-2EC808601240->374189d0-76c5-49d2-81b4-45a4af1368a2@group-30B6692CD68C, cid=197, SUCCESS, logIndex=359, commits[374189d0-76c5-49d2-81b4-45a4af1368a2:c359]
2019-06-14 08:42:49,961 INFO  client.GrpcClientProtocolClient (GrpcClientProtocolClient.java:onNext(254)) - client-2EC808601240->374189d0-76c5-49d2-81b4-45a4af1368a2: receive RaftClientReply:client-2EC808601240->374189d0-76c5-49d2-81b4-45a4af1368a2@group-30B6692CD68C, cid=198, SUCCESS, logIndex=361, commits[374189d0-76c5-49d2-81b4-45a4af1368a2:c361]
2019-06-14 08:42:49,963 INFO  client.GrpcClientProtocolClient (GrpcClientProtocolClient.java:onNext(254)) - client-2EC808601240->374189d0-76c5-49d2-81b4-45a4af1368a2: receive RaftClientReply:client-2EC808601240->374189d0-76c5-49d2-81b4-45a4af1368a2@group-30B6692CD68C, cid=199, SUCCESS, logIndex=363, commits[374189d0-76c5-49d2-81b4-45a4af1368a2:c363]
2019-06-14 08:42:49,963 DEBUG block.SCMBlockDeletingService (SCMBlockDeletingService.java:call(138)) - Running DeletedBlockTransactionScanner
2019-06-14 08:42:49,964 DEBUG block.SCMBlockDeletingService (SCMBlockDeletingService.java:call(155)) - Scanned deleted blocks log and got 0 delTX to process.
2019-06-14 08:42:49,965 INFO  client.GrpcClientProtocolClient (GrpcClientProtocolClient.java:onNext(254)) - client-2EC808601240->374189d0-76c5-49d2-81b4-45a4af1368a2: receive RaftClientReply:client-2EC808601240->374189d0-76c5-49d2-81b4-45a4af1368a2@group-30B6692CD68C, cid=200, SUCCESS, logIndex=365, commits[374189d0-76c5-49d2-81b4-45a4af1368a2:c365]
2019-06-14 08:42:49,978 INFO  client.GrpcClientProtocolClient (GrpcClientProtocolClient.java:onNext(254)) - client-2EC808601240->374189d0-76c5-49d2-81b4-45a4af1368a2: receive RaftClientReply:client-2EC808601240->374189d0-76c5-49d2-81b4-45a4af1368a2@group-30B6692CD68C, cid=201, SUCCESS, logIndex=367, commits[374189d0-76c5-49d2-81b4-45a4af1368a2:c367]
2019-06-14 08:42:49,984 INFO  client.GrpcClientProtocolClient (GrpcClientProtocolClient.java:onNext(254)) - client-2EC808601240->374189d0-76c5-49d2-81b4-45a4af1368a2: receive RaftClientReply:client-2EC808601240->374189d0-76c5-49d2-81b4-45a4af1368a2@group-30B6692CD68C, cid=202, SUCCESS, logIndex=369, commits[374189d0-76c5-49d2-81b4-45a4af1368a2:c369]
2019-06-14 08:42:49,984 INFO  client.GrpcClientProtocolClient (GrpcClientProtocolClient.java:onNext(254)) - client-2EC808601240->374189d0-76c5-49d2-81b4-45a4af1368a2: receive RaftClientReply:client-2EC808601240->374189d0-76c5-49d2-81b4-45a4af1368a2@group-30B6692CD68C, cid=203, SUCCESS, logIndex=371, commits[374189d0-76c5-49d2-81b4-45a4af1368a2:c371]
2019-06-14 08:42:49,986 INFO  client.GrpcClientProtocolClient (GrpcClientProtocolClient.java:onNext(254)) - client-2EC808601240->374189d0-76c5-49d2-81b4-45a4af1368a2: receive RaftClientReply:client-2EC808601240->374189d0-76c5-49d2-81b4-45a4af1368a2@group-30B6692CD68C, cid=204, SUCCESS, logIndex=373, commits[374189d0-76c5-49d2-81b4-45a4af1368a2:c373]
2019-06-14 08:42:49,996 INFO  client.GrpcClientProtocolClient (GrpcClientProtocolClient.java:onNext(254)) - client-2EC808601240->374189d0-76c5-49d2-81b4-45a4af1368a2: receive RaftClientReply:client-2EC808601240->374189d0-76c5-49d2-81b4-45a4af1368a2@group-30B6692CD68C, cid=205, SUCCESS, logIndex=375, commits[374189d0-76c5-49d2-81b4-45a4af1368a2:c375]
2019-06-14 08:42:49,999 INFO  client.GrpcClientProtocolClient (GrpcClientProtocolClient.java:onNext(254)) - client-2EC808601240->374189d0-76c5-49d2-81b4-45a4af1368a2: receive RaftClientReply:client-2EC808601240->374189d0-76c5-49d2-81b4-45a4af1368a2@group-30B6692CD68C, cid=206, SUCCESS, logIndex=377, commits[374189d0-76c5-49d2-81b4-45a4af1368a2:c378]
2019-06-14 08:42:50,004 INFO  client.GrpcClientProtocolClient (GrpcClientProtocolClient.java:onNext(254)) - client-2EC808601240->374189d0-76c5-49d2-81b4-45a4af1368a2: receive RaftClientReply:client-2EC808601240->374189d0-76c5-49d2-81b4-45a4af1368a2@group-30B6692CD68C, cid=207, SUCCESS, logIndex=379, commits[374189d0-76c5-49d2-81b4-45a4af1368a2:c381]
2019-06-14 08:42:50,004 INFO  client.GrpcClientProtocolClient (GrpcClientProtocolClient.java:onNext(254)) - client-2EC808601240->374189d0-76c5-49d2-81b4-45a4af1368a2: receive RaftClientReply:client-2EC808601240->374189d0-76c5-49d2-81b4-45a4af1368a2@group-30B6692CD68C, cid=208, SUCCESS, logIndex=380, commits[374189d0-76c5-49d2-81b4-45a4af1368a2:c381]
2019-06-14 08:42:50,019 INFO  client.GrpcClientProtocolClient (GrpcClientProtocolClient.java:onNext(254)) - client-2EC808601240->374189d0-76c5-49d2-81b4-45a4af1368a2: receive RaftClientReply:client-2EC808601240->374189d0-76c5-49d2-81b4-45a4af1368a2@group-30B6692CD68C, cid=209, SUCCESS, logIndex=382, commits[374189d0-76c5-49d2-81b4-45a4af1368a2:c382]
2019-06-14 08:42:50,022 INFO  client.GrpcClientProtocolClient (GrpcClientProtocolClient.java:onNext(254)) - client-2EC808601240->374189d0-76c5-49d2-81b4-45a4af1368a2: receive RaftClientReply:client-2EC808601240->374189d0-76c5-49d2-81b4-45a4af1368a2@group-30B6692CD68C, cid=210, SUCCESS, logIndex=384, commits[374189d0-76c5-49d2-81b4-45a4af1368a2:c385]
2019-06-14 08:42:50,027 INFO  client.GrpcClientProtocolClient (GrpcClientProtocolClient.java:onNext(254)) - client-2EC808601240->374189d0-76c5-49d2-81b4-45a4af1368a2: receive RaftClientReply:client-2EC808601240->374189d0-76c5-49d2-81b4-45a4af1368a2@group-30B6692CD68C, cid=211, SUCCESS, logIndex=386, commits[374189d0-76c5-49d2-81b4-45a4af1368a2:c386]
2019-06-14 08:42:50,027 INFO  client.GrpcClientProtocolClient (GrpcClientProtocolClient.java:onNext(254)) - client-2EC808601240->374189d0-76c5-49d2-81b4-45a4af1368a2: receive RaftClientReply:client-2EC808601240->374189d0-76c5-49d2-81b4-45a4af1368a2@group-30B6692CD68C, cid=212, SUCCESS, logIndex=387, commits[374189d0-76c5-49d2-81b4-45a4af1368a2:c388]
2019-06-14 08:42:50,037 INFO  client.GrpcClientProtocolClient (GrpcClientProtocolClient.java:onNext(254)) - client-2EC808601240->374189d0-76c5-49d2-81b4-45a4af1368a2: receive RaftClientReply:client-2EC808601240->374189d0-76c5-49d2-81b4-45a4af1368a2@group-30B6692CD68C, cid=213, SUCCESS, logIndex=390, commits[374189d0-76c5-49d2-81b4-45a4af1368a2:c390]
2019-06-14 08:42:50,039 INFO  storage.RaftLogWorker (RaftLogWorker.java:rollLogSegment(303)) - 374189d0-76c5-49d2-81b4-45a4af1368a2-RaftLogWorker: Rolling segment log-318_394 to index:394
2019-06-14 08:42:50,039 INFO  storage.RaftLogWorker (RaftLogWorker.java:execute(433)) - 374189d0-76c5-49d2-81b4-45a4af1368a2-RaftLogWorker: Rolled log segment from /opt/src/hadoop-ozone/integration-test/target/test-dir/MiniOzoneClusterImpl-1994f8b8-dd4d-445c-bf25-0c6d40f9b14d/datanode-0/data/ratis/99d0acb8-99ce-4814-8259-30b6692cd68c/current/log_inprogress_318 to /opt/src/hadoop-ozone/integration-test/target/test-dir/MiniOzoneClusterImpl-1994f8b8-dd4d-445c-bf25-0c6d40f9b14d/datanode-0/data/ratis/99d0acb8-99ce-4814-8259-30b6692cd68c/current/log_318-394
2019-06-14 08:42:50,043 INFO  client.GrpcClientProtocolClient (GrpcClientProtocolClient.java:onNext(254)) - client-2EC808601240->374189d0-76c5-49d2-81b4-45a4af1368a2: receive RaftClientReply:client-2EC808601240->374189d0-76c5-49d2-81b4-45a4af1368a2@group-30B6692CD68C, cid=214, SUCCESS, logIndex=392, commits[374189d0-76c5-49d2-81b4-45a4af1368a2:c392]
2019-06-14 08:42:50,044 INFO  client.GrpcClientProtocolClient (GrpcClientProtocolClient.java:onNext(254)) - client-2EC808601240->374189d0-76c5-49d2-81b4-45a4af1368a2: receive RaftClientReply:client-2EC808601240->374189d0-76c5-49d2-81b4-45a4af1368a2@group-30B6692CD68C, cid=215, SUCCESS, logIndex=393, commits[374189d0-76c5-49d2-81b4-45a4af1368a2:c394]
2019-06-14 08:42:50,064 DEBUG block.SCMBlockDeletingService (SCMBlockDeletingService.java:call(138)) - Running DeletedBlockTransactionScanner
2019-06-14 08:42:50,075 DEBUG block.SCMBlockDeletingService (SCMBlockDeletingService.java:call(155)) - Scanned deleted blocks log and got 0 delTX to process.
2019-06-14 08:42:50,077 INFO  storage.RaftLogWorker (RaftLogWorker.java:execute(469)) - 374189d0-76c5-49d2-81b4-45a4af1368a2-RaftLogWorker: created new log segment /opt/src/hadoop-ozone/integration-test/target/test-dir/MiniOzoneClusterImpl-1994f8b8-dd4d-445c-bf25-0c6d40f9b14d/datanode-0/data/ratis/99d0acb8-99ce-4814-8259-30b6692cd68c/current/log_inprogress_395
2019-06-14 08:42:50,080 INFO  client.GrpcClientProtocolClient (GrpcClientProtocolClient.java:onNext(254)) - client-2EC808601240->374189d0-76c5-49d2-81b4-45a4af1368a2: receive RaftClientReply:client-2EC808601240->374189d0-76c5-49d2-81b4-45a4af1368a2@group-30B6692CD68C, cid=216, SUCCESS, logIndex=395, commits[374189d0-76c5-49d2-81b4-45a4af1368a2:c396]
2019-06-14 08:42:50,099 INFO  client.GrpcClientProtocolClient (GrpcClientProtocolClient.java:onNext(254)) - client-2EC808601240->374189d0-76c5-49d2-81b4-45a4af1368a2: receive RaftClientReply:client-2EC808601240->374189d0-76c5-49d2-81b4-45a4af1368a2@group-30B6692CD68C, cid=217, SUCCESS, logIndex=397, commits[374189d0-76c5-49d2-81b4-45a4af1368a2:c398]
2019-06-14 08:42:50,104 INFO  client.GrpcClientProtocolClient (GrpcClientProtocolClient.java:onNext(254)) - client-2EC808601240->374189d0-76c5-49d2-81b4-45a4af1368a2: receive RaftClientReply:client-2EC808601240->374189d0-76c5-49d2-81b4-45a4af1368a2@group-30B6692CD68C, cid=218, SUCCESS, logIndex=399, commits[374189d0-76c5-49d2-81b4-45a4af1368a2:c399]
2019-06-14 08:42:50,105 INFO  client.GrpcClientProtocolClient (GrpcClientProtocolClient.java:onNext(254)) - client-2EC808601240->374189d0-76c5-49d2-81b4-45a4af1368a2: receive RaftClientReply:client-2EC808601240->374189d0-76c5-49d2-81b4-45a4af1368a2@group-30B6692CD68C, cid=219, SUCCESS, logIndex=400, commits[374189d0-76c5-49d2-81b4-45a4af1368a2:c402]
2019-06-14 08:42:50,105 INFO  client.GrpcClientProtocolClient (GrpcClientProtocolClient.java:onNext(254)) - client-2EC808601240->374189d0-76c5-49d2-81b4-45a4af1368a2: receive RaftClientReply:client-2EC808601240->374189d0-76c5-49d2-81b4-45a4af1368a2@group-30B6692CD68C, cid=220, SUCCESS, logIndex=402, commits[374189d0-76c5-49d2-81b4-45a4af1368a2:c402]
2019-06-14 08:42:50,175 DEBUG block.SCMBlockDeletingService (SCMBlockDeletingService.java:call(138)) - Running DeletedBlockTransactionScanner
2019-06-14 08:42:50,176 DEBUG block.SCMBlockDeletingService (SCMBlockDeletingService.java:call(155)) - Scanned deleted blocks log and got 0 delTX to process.
2019-06-14 08:42:50,180 INFO  client.GrpcClientProtocolClient (GrpcClientProtocolClient.java:onNext(254)) - client-2EC808601240->374189d0-76c5-49d2-81b4-45a4af1368a2: receive RaftClientReply:client-2EC808601240->374189d0-76c5-49d2-81b4-45a4af1368a2@group-30B6692CD68C, cid=221, SUCCESS, logIndex=405, commits[374189d0-76c5-49d2-81b4-45a4af1368a2:c405]
2019-06-14 08:42:50,183 INFO  client.GrpcClientProtocolClient (GrpcClientProtocolClient.java:onNext(254)) - client-2EC808601240->374189d0-76c5-49d2-81b4-45a4af1368a2: receive RaftClientReply:client-2EC808601240->374189d0-76c5-49d2-81b4-45a4af1368a2@group-30B6692CD68C, cid=222, SUCCESS, logIndex=407, commits[374189d0-76c5-49d2-81b4-45a4af1368a2:c407]
2019-06-14 08:42:50,184 INFO  client.GrpcClientProtocolClient (GrpcClientProtocolClient.java:onNext(254)) - client-2EC808601240->374189d0-76c5-49d2-81b4-45a4af1368a2: receive RaftClientReply:client-2EC808601240->374189d0-76c5-49d2-81b4-45a4af1368a2@group-30B6692CD68C, cid=223, SUCCESS, logIndex=408, commits[374189d0-76c5-49d2-81b4-45a4af1368a2:c410]
2019-06-14 08:42:50,185 INFO  client.GrpcClientProtocolClient (GrpcClientProtocolClient.java:onNext(254)) - client-2EC808601240->374189d0-76c5-49d2-81b4-45a4af1368a2: receive RaftClientReply:client-2EC808601240->374189d0-76c5-49d2-81b4-45a4af1368a2@group-30B6692CD68C, cid=224, SUCCESS, logIndex=410, commits[374189d0-76c5-49d2-81b4-45a4af1368a2:c411]
2019-06-14 08:42:50,197 INFO  client.GrpcClientProtocolClient (GrpcClientProtocolClient.java:onNext(254)) - client-2EC808601240->374189d0-76c5-49d2-81b4-45a4af1368a2: receive RaftClientReply:client-2EC808601240->374189d0-76c5-49d2-81b4-45a4af1368a2@group-30B6692CD68C, cid=225, SUCCESS, logIndex=412, commits[374189d0-76c5-49d2-81b4-45a4af1368a2:c412]
2019-06-14 08:42:50,200 INFO  client.GrpcClientProtocolClient (GrpcClientProtocolClient.java:onNext(254)) - client-2EC808601240->374189d0-76c5-49d2-81b4-45a4af1368a2: receive RaftClientReply:client-2EC808601240->374189d0-76c5-49d2-81b4-45a4af1368a2@group-30B6692CD68C, cid=226, SUCCESS, logIndex=414, commits[374189d0-76c5-49d2-81b4-45a4af1368a2:c414]
2019-06-14 08:42:50,203 INFO  client.GrpcClientProtocolClient (GrpcClientProtocolClient.java:onNext(254)) - client-2EC808601240->374189d0-76c5-49d2-81b4-45a4af1368a2: receive RaftClientReply:client-2EC808601240->374189d0-76c5-49d2-81b4-45a4af1368a2@group-30B6692CD68C, cid=227, SUCCESS, logIndex=416, commits[374189d0-76c5-49d2-81b4-45a4af1368a2:c416]
2019-06-14 08:42:50,203 INFO  client.GrpcClientProtocolClient (GrpcClientProtocolClient.java:onNext(254)) - client-2EC808601240->374189d0-76c5-49d2-81b4-45a4af1368a2: receive RaftClientReply:client-2EC808601240->374189d0-76c5-49d2-81b4-45a4af1368a2@group-30B6692CD68C, cid=228, SUCCESS, logIndex=417, commits[374189d0-76c5-49d2-81b4-45a4af1368a2:c418]
2019-06-14 08:42:50,211 INFO  client.GrpcClientProtocolClient (GrpcClientProtocolClient.java:onNext(254)) - client-2EC808601240->374189d0-76c5-49d2-81b4-45a4af1368a2: receive RaftClientReply:client-2EC808601240->374189d0-76c5-49d2-81b4-45a4af1368a2@group-30B6692CD68C, cid=229, SUCCESS, logIndex=419, commits[374189d0-76c5-49d2-81b4-45a4af1368a2:c419]
2019-06-14 08:42:50,214 INFO  client.GrpcClientProtocolClient (GrpcClientProtocolClient.java:onNext(254)) - client-2EC808601240->374189d0-76c5-49d2-81b4-45a4af1368a2: receive RaftClientReply:client-2EC808601240->374189d0-76c5-49d2-81b4-45a4af1368a2@group-30B6692CD68C, cid=230, SUCCESS, logIndex=421, commits[374189d0-76c5-49d2-81b4-45a4af1368a2:c421]
2019-06-14 08:42:50,255 INFO  client.GrpcClientProtocolClient (GrpcClientProtocolClient.java:onNext(254)) - client-2EC808601240->374189d0-76c5-49d2-81b4-45a4af1368a2: receive RaftClientReply:client-2EC808601240->374189d0-76c5-49d2-81b4-45a4af1368a2@group-30B6692CD68C, cid=231, SUCCESS, logIndex=422, commits[374189d0-76c5-49d2-81b4-45a4af1368a2:c423]
2019-06-14 08:42:50,256 INFO  client.GrpcClientProtocolClient (GrpcClientProtocolClient.java:onNext(254)) - client-2EC808601240->374189d0-76c5-49d2-81b4-45a4af1368a2: receive RaftClientReply:client-2EC808601240->374189d0-76c5-49d2-81b4-45a4af1368a2@group-30B6692CD68C, cid=232, SUCCESS, logIndex=423, commits[374189d0-76c5-49d2-81b4-45a4af1368a2:c423]
2019-06-14 08:42:50,271 INFO  client.GrpcClientProtocolClient (GrpcClientProtocolClient.java:onNext(254)) - client-2EC808601240->374189d0-76c5-49d2-81b4-45a4af1368a2: receive RaftClientReply:client-2EC808601240->374189d0-76c5-49d2-81b4-45a4af1368a2@group-30B6692CD68C, cid=233, SUCCESS, logIndex=426, commits[374189d0-76c5-49d2-81b4-45a4af1368a2:c426]
2019-06-14 08:42:50,273 INFO  client.GrpcClientProtocolClient (GrpcClientProtocolClient.java:onNext(254)) - client-2EC808601240->374189d0-76c5-49d2-81b4-45a4af1368a2: receive RaftClientReply:client-2EC808601240->374189d0-76c5-49d2-81b4-45a4af1368a2@group-30B6692CD68C, cid=234, SUCCESS, logIndex=428, commits[374189d0-76c5-49d2-81b4-45a4af1368a2:c428]
2019-06-14 08:42:50,274 INFO  client.GrpcClientProtocolClient (GrpcClientProtocolClient.java:onNext(254)) - client-2EC808601240->374189d0-76c5-49d2-81b4-45a4af1368a2: receive RaftClientReply:client-2EC808601240->374189d0-76c5-49d2-81b4-45a4af1368a2@group-30B6692CD68C, cid=235, SUCCESS, logIndex=429, commits[374189d0-76c5-49d2-81b4-45a4af1368a2:c430]
2019-06-14 08:42:50,276 INFO  client.GrpcClientProtocolClient (GrpcClientProtocolClient.java:onNext(254)) - client-2EC808601240->374189d0-76c5-49d2-81b4-45a4af1368a2: receive RaftClientReply:client-2EC808601240->374189d0-76c5-49d2-81b4-45a4af1368a2@group-30B6692CD68C, cid=236, SUCCESS, logIndex=431, commits[374189d0-76c5-49d2-81b4-45a4af1368a2:c431]
2019-06-14 08:42:50,276 DEBUG block.SCMBlockDeletingService (SCMBlockDeletingService.java:call(138)) - Running DeletedBlockTransactionScanner
2019-06-14 08:42:50,276 DEBUG block.SCMBlockDeletingService (SCMBlockDeletingService.java:call(155)) - Scanned deleted blocks log and got 0 delTX to process.
2019-06-14 08:42:50,284 INFO  client.GrpcClientProtocolClient (GrpcClientProtocolClient.java:onNext(254)) - client-2EC808601240->374189d0-76c5-49d2-81b4-45a4af1368a2: receive RaftClientReply:client-2EC808601240->374189d0-76c5-49d2-81b4-45a4af1368a2@group-30B6692CD68C, cid=237, SUCCESS, logIndex=433, commits[374189d0-76c5-49d2-81b4-45a4af1368a2:c433]
2019-06-14 08:42:50,288 INFO  client.GrpcClientProtocolClient (GrpcClientProtocolClient.java:onNext(254)) - client-2EC808601240->374189d0-76c5-49d2-81b4-45a4af1368a2: receive RaftClientReply:client-2EC808601240->374189d0-76c5-49d2-81b4-45a4af1368a2@group-30B6692CD68C, cid=238, SUCCESS, logIndex=435, commits[374189d0-76c5-49d2-81b4-45a4af1368a2:c438]
2019-06-14 08:42:50,288 INFO  client.GrpcClientProtocolClient (GrpcClientProtocolClient.java:onNext(254)) - client-2EC808601240->374189d0-76c5-49d2-81b4-45a4af1368a2: receive RaftClientReply:client-2EC808601240->374189d0-76c5-49d2-81b4-45a4af1368a2@group-30B6692CD68C, cid=239, SUCCESS, logIndex=436, commits[374189d0-76c5-49d2-81b4-45a4af1368a2:c438]
2019-06-14 08:42:50,289 INFO  client.GrpcClientProtocolClient (GrpcClientProtocolClient.java:onNext(254)) - client-2EC808601240->374189d0-76c5-49d2-81b4-45a4af1368a2: receive RaftClientReply:client-2EC808601240->374189d0-76c5-49d2-81b4-45a4af1368a2@group-30B6692CD68C, cid=240, SUCCESS, logIndex=438, commits[374189d0-76c5-49d2-81b4-45a4af1368a2:c439]
2019-06-14 08:42:50,303 INFO  client.GrpcClientProtocolClient (GrpcClientProtocolClient.java:onNext(254)) - client-2EC808601240->374189d0-76c5-49d2-81b4-45a4af1368a2: receive RaftClientReply:client-2EC808601240->374189d0-76c5-49d2-81b4-45a4af1368a2@group-30B6692CD68C, cid=241, SUCCESS, logIndex=440, commits[374189d0-76c5-49d2-81b4-45a4af1368a2:c440]
2019-06-14 08:42:50,306 INFO  client.GrpcClientProtocolClient (GrpcClientProtocolClient.java:onNext(254)) - client-2EC808601240->374189d0-76c5-49d2-81b4-45a4af1368a2: receive RaftClientReply:client-2EC808601240->374189d0-76c5-49d2-81b4-45a4af1368a2@group-30B6692CD68C, cid=242, SUCCESS, logIndex=442, commits[374189d0-76c5-49d2-81b4-45a4af1368a2:c442]
2019-06-14 08:42:50,310 INFO  client.GrpcClientProtocolClient (GrpcClientProtocolClient.java:onNext(254)) - client-2EC808601240->374189d0-76c5-49d2-81b4-45a4af1368a2: receive RaftClientReply:client-2EC808601240->374189d0-76c5-49d2-81b4-45a4af1368a2@group-30B6692CD68C, cid=243, SUCCESS, logIndex=444, commits[374189d0-76c5-49d2-81b4-45a4af1368a2:c445]
2019-06-14 08:42:50,311 INFO  client.GrpcClientProtocolClient (GrpcClientProtocolClient.java:onNext(254)) - client-2EC808601240->374189d0-76c5-49d2-81b4-45a4af1368a2: receive RaftClientReply:client-2EC808601240->374189d0-76c5-49d2-81b4-45a4af1368a2@group-30B6692CD68C, cid=244, SUCCESS, logIndex=445, commits[374189d0-76c5-49d2-81b4-45a4af1368a2:c446]
2019-06-14 08:42:50,320 INFO  client.GrpcClientProtocolClient (GrpcClientProtocolClient.java:onNext(254)) - client-2EC808601240->374189d0-76c5-49d2-81b4-45a4af1368a2: receive RaftClientReply:client-2EC808601240->374189d0-76c5-49d2-81b4-45a4af1368a2@group-30B6692CD68C, cid=245, SUCCESS, logIndex=447, commits[374189d0-76c5-49d2-81b4-45a4af1368a2:c447]
2019-06-14 08:42:50,322 INFO  client.GrpcClientProtocolClient (GrpcClientProtocolClient.java:onNext(254)) - client-2EC808601240->374189d0-76c5-49d2-81b4-45a4af1368a2: receive RaftClientReply:client-2EC808601240->374189d0-76c5-49d2-81b4-45a4af1368a2@group-30B6692CD68C, cid=246, SUCCESS, logIndex=449, commits[374189d0-76c5-49d2-81b4-45a4af1368a2:c449]
2019-06-14 08:42:50,323 INFO  client.GrpcClientProtocolClient (GrpcClientProtocolClient.java:onNext(254)) - client-2EC808601240->374189d0-76c5-49d2-81b4-45a4af1368a2: receive RaftClientReply:client-2EC808601240->374189d0-76c5-49d2-81b4-45a4af1368a2@group-30B6692CD68C, cid=247, SUCCESS, logIndex=450, commits[374189d0-76c5-49d2-81b4-45a4af1368a2:c452]
2019-06-14 08:42:50,324 INFO  client.GrpcClientProtocolClient (GrpcClientProtocolClient.java:onNext(254)) - client-2EC808601240->374189d0-76c5-49d2-81b4-45a4af1368a2: receive RaftClientReply:client-2EC808601240->374189d0-76c5-49d2-81b4-45a4af1368a2@group-30B6692CD68C, cid=248, SUCCESS, logIndex=452, commits[374189d0-76c5-49d2-81b4-45a4af1368a2:c453]
2019-06-14 08:42:50,336 INFO  client.GrpcClientProtocolClient (GrpcClientProtocolClient.java:onNext(254)) - client-2EC808601240->374189d0-76c5-49d2-81b4-45a4af1368a2: receive RaftClientReply:client-2EC808601240->374189d0-76c5-49d2-81b4-45a4af1368a2@group-30B6692CD68C, cid=249, SUCCESS, logIndex=454, commits[374189d0-76c5-49d2-81b4-45a4af1368a2:c454]
2019-06-14 08:42:50,339 INFO  client.GrpcClientProtocolClient (GrpcClientProtocolClient.java:onNext(254)) - client-2EC808601240->374189d0-76c5-49d2-81b4-45a4af1368a2: receive RaftClientReply:client-2EC808601240->374189d0-76c5-49d2-81b4-45a4af1368a2@group-30B6692CD68C, cid=250, SUCCESS, logIndex=456, commits[374189d0-76c5-49d2-81b4-45a4af1368a2:c456]
2019-06-14 08:42:50,341 INFO  client.GrpcClientProtocolClient (GrpcClientProtocolClient.java:onNext(254)) - client-2EC808601240->374189d0-76c5-49d2-81b4-45a4af1368a2: receive RaftClientReply:client-2EC808601240->374189d0-76c5-49d2-81b4-45a4af1368a2@group-30B6692CD68C, cid=251, SUCCESS, logIndex=457, commits[374189d0-76c5-49d2-81b4-45a4af1368a2:c458]
2019-06-14 08:42:50,341 INFO  client.GrpcClientProtocolClient (GrpcClientProtocolClient.java:onNext(254)) - client-2EC808601240->374189d0-76c5-49d2-81b4-45a4af1368a2: receive RaftClientReply:client-2EC808601240->374189d0-76c5-49d2-81b4-45a4af1368a2@group-30B6692CD68C, cid=252, SUCCESS, logIndex=458, commits[374189d0-76c5-49d2-81b4-45a4af1368a2:c458]
2019-06-14 08:42:50,350 INFO  client.GrpcClientProtocolClient (GrpcClientProtocolClient.java:onNext(254)) - client-2EC808601240->374189d0-76c5-49d2-81b4-45a4af1368a2: receive RaftClientReply:client-2EC808601240->374189d0-76c5-49d2-81b4-45a4af1368a2@group-30B6692CD68C, cid=253, SUCCESS, logIndex=461, commits[374189d0-76c5-49d2-81b4-45a4af1368a2:c461]
2019-06-14 08:42:50,355 INFO  client.GrpcClientProtocolClient (GrpcClientProtocolClient.java:onNext(254)) - client-2EC808601240->374189d0-76c5-49d2-81b4-45a4af1368a2: receive RaftClientReply:client-2EC808601240->374189d0-76c5-49d2-81b4-45a4af1368a2@group-30B6692CD68C, cid=254, SUCCESS, logIndex=463, commits[374189d0-76c5-49d2-81b4-45a4af1368a2:c463]
2019-06-14 08:42:50,360 INFO  client.GrpcClientProtocolClient (GrpcClientProtocolClient.java:onNext(254)) - client-2EC808601240->374189d0-76c5-49d2-81b4-45a4af1368a2: receive RaftClientReply:client-2EC808601240->374189d0-76c5-49d2-81b4-45a4af1368a2@group-30B6692CD68C, cid=255, SUCCESS, logIndex=465, commits[374189d0-76c5-49d2-81b4-45a4af1368a2:c465]
2019-06-14 08:42:50,361 INFO  client.GrpcClientProtocolClient (GrpcClientProtocolClient.java:onNext(254)) - client-2EC808601240->374189d0-76c5-49d2-81b4-45a4af1368a2: receive RaftClientReply:client-2EC808601240->374189d0-76c5-49d2-81b4-45a4af1368a2@group-30B6692CD68C, cid=256, SUCCESS, logIndex=467, commits[374189d0-76c5-49d2-81b4-45a4af1368a2:c467]
2019-06-14 08:42:50,375 INFO  client.GrpcClientProtocolClient (GrpcClientProtocolClient.java:onNext(254)) - client-2EC808601240->374189d0-76c5-49d2-81b4-45a4af1368a2: receive RaftClientReply:client-2EC808601240->374189d0-76c5-49d2-81b4-45a4af1368a2@group-30B6692CD68C, cid=257, SUCCESS, logIndex=469, commits[374189d0-76c5-49d2-81b4-45a4af1368a2:c469]
2019-06-14 08:42:50,377 INFO  client.GrpcClientProtocolClient (GrpcClientProtocolClient.java:onNext(254)) - client-2EC808601240->374189d0-76c5-49d2-81b4-45a4af1368a2: receive RaftClientReply:client-2EC808601240->374189d0-76c5-49d2-81b4-45a4af1368a2@group-30B6692CD68C, cid=258, SUCCESS, logIndex=471, commits[374189d0-76c5-49d2-81b4-45a4af1368a2:c471]
2019-06-14 08:42:50,377 DEBUG block.SCMBlockDeletingService (SCMBlockDeletingService.java:call(138)) - Running DeletedBlockTransactionScanner
2019-06-14 08:42:50,377 DEBUG block.SCMBlockDeletingService (SCMBlockDeletingService.java:call(155)) - Scanned deleted blocks log and got 0 delTX to process.
2019-06-14 08:42:50,377 INFO  storage.RaftLogWorker (RaftLogWorker.java:rollLogSegment(303)) - 374189d0-76c5-49d2-81b4-45a4af1368a2-RaftLogWorker: Rolling segment log-395_472 to index:472
2019-06-14 08:42:50,378 INFO  storage.RaftLogWorker (RaftLogWorker.java:execute(433)) - 374189d0-76c5-49d2-81b4-45a4af1368a2-RaftLogWorker: Rolled log segment from /opt/src/hadoop-ozone/integration-test/target/test-dir/MiniOzoneClusterImpl-1994f8b8-dd4d-445c-bf25-0c6d40f9b14d/datanode-0/data/ratis/99d0acb8-99ce-4814-8259-30b6692cd68c/current/log_inprogress_395 to /opt/src/hadoop-ozone/integration-test/target/test-dir/MiniOzoneClusterImpl-1994f8b8-dd4d-445c-bf25-0c6d40f9b14d/datanode-0/data/ratis/99d0acb8-99ce-4814-8259-30b6692cd68c/current/log_395-472
2019-06-14 08:42:50,415 INFO  storage.RaftLogWorker (RaftLogWorker.java:execute(469)) - 374189d0-76c5-49d2-81b4-45a4af1368a2-RaftLogWorker: created new log segment /opt/src/hadoop-ozone/integration-test/target/test-dir/MiniOzoneClusterImpl-1994f8b8-dd4d-445c-bf25-0c6d40f9b14d/datanode-0/data/ratis/99d0acb8-99ce-4814-8259-30b6692cd68c/current/log_inprogress_473
2019-06-14 08:42:50,418 INFO  client.GrpcClientProtocolClient (GrpcClientProtocolClient.java:onNext(254)) - client-2EC808601240->374189d0-76c5-49d2-81b4-45a4af1368a2: receive RaftClientReply:client-2EC808601240->374189d0-76c5-49d2-81b4-45a4af1368a2@group-30B6692CD68C, cid=259, SUCCESS, logIndex=473, commits[374189d0-76c5-49d2-81b4-45a4af1368a2:c474]
2019-06-14 08:42:50,419 INFO  client.GrpcClientProtocolClient (GrpcClientProtocolClient.java:onNext(254)) - client-2EC808601240->374189d0-76c5-49d2-81b4-45a4af1368a2: receive RaftClientReply:client-2EC808601240->374189d0-76c5-49d2-81b4-45a4af1368a2@group-30B6692CD68C, cid=260, SUCCESS, logIndex=474, commits[374189d0-76c5-49d2-81b4-45a4af1368a2:c475]
2019-06-14 08:42:50,428 INFO  client.GrpcClientProtocolClient (GrpcClientProtocolClient.java:onNext(254)) - client-2EC808601240->374189d0-76c5-49d2-81b4-45a4af1368a2: receive RaftClientReply:client-2EC808601240->374189d0-76c5-49d2-81b4-45a4af1368a2@group-30B6692CD68C, cid=261, SUCCESS, logIndex=476, commits[374189d0-76c5-49d2-81b4-45a4af1368a2:c476]
2019-06-14 08:42:50,431 INFO  client.GrpcClientProtocolClient (GrpcClientProtocolClient.java:onNext(254)) - client-2EC808601240->374189d0-76c5-49d2-81b4-45a4af1368a2: receive RaftClientReply:client-2EC808601240->374189d0-76c5-49d2-81b4-45a4af1368a2@group-30B6692CD68C, cid=262, SUCCESS, logIndex=478, commits[374189d0-76c5-49d2-81b4-45a4af1368a2:c478]
2019-06-14 08:42:50,433 INFO  client.GrpcClientProtocolClient (GrpcClientProtocolClient.java:onNext(254)) - client-2EC808601240->374189d0-76c5-49d2-81b4-45a4af1368a2: receive RaftClientReply:client-2EC808601240->374189d0-76c5-49d2-81b4-45a4af1368a2@group-30B6692CD68C, cid=263, SUCCESS, logIndex=479, commits[374189d0-76c5-49d2-81b4-45a4af1368a2:c480]
2019-06-14 08:42:50,433 INFO  client.GrpcClientProtocolClient (GrpcClientProtocolClient.java:onNext(254)) - client-2EC808601240->374189d0-76c5-49d2-81b4-45a4af1368a2: receive RaftClientReply:client-2EC808601240->374189d0-76c5-49d2-81b4-45a4af1368a2@group-30B6692CD68C, cid=264, SUCCESS, logIndex=480, commits[374189d0-76c5-49d2-81b4-45a4af1368a2:c481]
2019-06-14 08:42:50,477 DEBUG block.SCMBlockDeletingService (SCMBlockDeletingService.java:call(138)) - Running DeletedBlockTransactionScanner
2019-06-14 08:42:50,478 DEBUG block.SCMBlockDeletingService (SCMBlockDeletingService.java:call(155)) - Scanned deleted blocks log and got 0 delTX to process.
2019-06-14 08:42:50,515 INFO  client.GrpcClientProtocolClient (GrpcClientProtocolClient.java:onNext(254)) - client-2EC808601240->374189d0-76c5-49d2-81b4-45a4af1368a2: receive RaftClientReply:client-2EC808601240->374189d0-76c5-49d2-81b4-45a4af1368a2@group-30B6692CD68C, cid=265, SUCCESS, logIndex=483, commits[374189d0-76c5-49d2-81b4-45a4af1368a2:c483]
2019-06-14 08:42:50,517 INFO  client.GrpcClientProtocolClient (GrpcClientProtocolClient.java:onNext(254)) - client-2EC808601240->374189d0-76c5-49d2-81b4-45a4af1368a2: receive RaftClientReply:client-2EC808601240->374189d0-76c5-49d2-81b4-45a4af1368a2@group-30B6692CD68C, cid=266, SUCCESS, logIndex=485, commits[374189d0-76c5-49d2-81b4-45a4af1368a2:c485]
2019-06-14 08:42:50,519 INFO  client.GrpcClientProtocolClient (GrpcClientProtocolClient.java:onNext(254)) - client-2EC808601240->374189d0-76c5-49d2-81b4-45a4af1368a2: receive RaftClientReply:client-2EC808601240->374189d0-76c5-49d2-81b4-45a4af1368a2@group-30B6692CD68C, cid=267, SUCCESS, logIndex=486, commits[374189d0-76c5-49d2-81b4-45a4af1368a2:c488]
2019-06-14 08:42:50,519 INFO  client.GrpcClientProtocolClient (GrpcClientProtocolClient.java:onNext(254)) - client-2EC808601240->374189d0-76c5-49d2-81b4-45a4af1368a2: receive RaftClientReply:client-2EC808601240->374189d0-76c5-49d2-81b4-45a4af1368a2@group-30B6692CD68C, cid=268, SUCCESS, logIndex=488, commits[374189d0-76c5-49d2-81b4-45a4af1368a2:c489]
2019-06-14 08:42:50,526 INFO  client.GrpcClientProtocolClient (GrpcClientProtocolClient.java:onNext(254)) - client-2EC808601240->374189d0-76c5-49d2-81b4-45a4af1368a2: receive RaftClientReply:client-2EC808601240->374189d0-76c5-49d2-81b4-45a4af1368a2@group-30B6692CD68C, cid=269, SUCCESS, logIndex=490, commits[374189d0-76c5-49d2-81b4-45a4af1368a2:c490]
2019-06-14 08:42:50,529 INFO  client.GrpcClientProtocolClient (GrpcClientProtocolClient.java:onNext(254)) - client-2EC808601240->374189d0-76c5-49d2-81b4-45a4af1368a2: receive RaftClientReply:client-2EC808601240->374189d0-76c5-49d2-81b4-45a4af1368a2@group-30B6692CD68C, cid=270, SUCCESS, logIndex=492, commits[374189d0-76c5-49d2-81b4-45a4af1368a2:c492]
2019-06-14 08:42:50,531 INFO  client.GrpcClientProtocolClient (GrpcClientProtocolClient.java:onNext(254)) - client-2EC808601240->374189d0-76c5-49d2-81b4-45a4af1368a2: receive RaftClientReply:client-2EC808601240->374189d0-76c5-49d2-81b4-45a4af1368a2@group-30B6692CD68C, cid=271, SUCCESS, logIndex=493, commits[374189d0-76c5-49d2-81b4-45a4af1368a2:c495]
2019-06-14 08:42:50,531 INFO  client.GrpcClientProtocolClient (GrpcClientProtocolClient.java:onNext(254)) - client-2EC808601240->374189d0-76c5-49d2-81b4-45a4af1368a2: receive RaftClientReply:client-2EC808601240->374189d0-76c5-49d2-81b4-45a4af1368a2@group-30B6692CD68C, cid=272, SUCCESS, logIndex=495, commits[374189d0-76c5-49d2-81b4-45a4af1368a2:c495]
2019-06-14 08:42:50,547 INFO  client.GrpcClientProtocolClient (GrpcClientProtocolClient.java:onNext(254)) - client-2EC808601240->374189d0-76c5-49d2-81b4-45a4af1368a2: receive RaftClientReply:client-2EC808601240->374189d0-76c5-49d2-81b4-45a4af1368a2@group-30B6692CD68C, cid=273, SUCCESS, logIndex=497, commits[374189d0-76c5-49d2-81b4-45a4af1368a2:c497]
2019-06-14 08:42:50,551 INFO  client.GrpcClientProtocolClient (GrpcClientProtocolClient.java:onNext(254)) - client-2EC808601240->374189d0-76c5-49d2-81b4-45a4af1368a2: receive RaftClientReply:client-2EC808601240->374189d0-76c5-49d2-81b4-45a4af1368a2@group-30B6692CD68C, cid=274, SUCCESS, logIndex=499, commits[374189d0-76c5-49d2-81b4-45a4af1368a2:c499]
2019-06-14 08:42:50,552 INFO  client.GrpcClientProtocolClient (GrpcClientProtocolClient.java:onNext(254)) - client-2EC808601240->374189d0-76c5-49d2-81b4-45a4af1368a2: receive RaftClientReply:client-2EC808601240->374189d0-76c5-49d2-81b4-45a4af1368a2@group-30B6692CD68C, cid=275, SUCCESS, logIndex=500, commits[374189d0-76c5-49d2-81b4-45a4af1368a2:c502]
2019-06-14 08:42:50,553 INFO  client.GrpcClientProtocolClient (GrpcClientProtocolClient.java:onNext(254)) - client-2EC808601240->374189d0-76c5-49d2-81b4-45a4af1368a2: receive RaftClientReply:client-2EC808601240->374189d0-76c5-49d2-81b4-45a4af1368a2@group-30B6692CD68C, cid=276, SUCCESS, logIndex=501, commits[374189d0-76c5-49d2-81b4-45a4af1368a2:c502]
2019-06-14 08:42:50,560 INFO  client.GrpcClientProtocolClient (GrpcClientProtocolClient.java:onNext(254)) - client-2EC808601240->374189d0-76c5-49d2-81b4-45a4af1368a2: receive RaftClientReply:client-2EC808601240->374189d0-76c5-49d2-81b4-45a4af1368a2@group-30B6692CD68C, cid=277, SUCCESS, logIndex=503, commits[374189d0-76c5-49d2-81b4-45a4af1368a2:c503]
2019-06-14 08:42:50,562 INFO  client.GrpcClientProtocolClient (GrpcClientProtocolClient.java:onNext(254)) - client-2EC808601240->374189d0-76c5-49d2-81b4-45a4af1368a2: receive RaftClientReply:client-2EC808601240->374189d0-76c5-49d2-81b4-45a4af1368a2@group-30B6692CD68C, cid=278, SUCCESS, logIndex=505, commits[374189d0-76c5-49d2-81b4-45a4af1368a2:c505]
2019-06-14 08:42:50,566 INFO  client.GrpcClientProtocolClient (GrpcClientProtocolClient.java:onNext(254)) - client-2EC808601240->374189d0-76c5-49d2-81b4-45a4af1368a2: receive RaftClientReply:client-2EC808601240->374189d0-76c5-49d2-81b4-45a4af1368a2@group-30B6692CD68C, cid=279, SUCCESS, logIndex=507, commits[374189d0-76c5-49d2-81b4-45a4af1368a2:c507]
2019-06-14 08:42:50,567 INFO  client.GrpcClientProtocolClient (GrpcClientProtocolClient.java:onNext(254)) - client-2EC808601240->374189d0-76c5-49d2-81b4-45a4af1368a2: receive RaftClientReply:client-2EC808601240->374189d0-76c5-49d2-81b4-45a4af1368a2@group-30B6692CD68C, cid=280, SUCCESS, logIndex=508, commits[374189d0-76c5-49d2-81b4-45a4af1368a2:c508]
2019-06-14 08:42:50,578 DEBUG block.SCMBlockDeletingService (SCMBlockDeletingService.java:call(138)) - Running DeletedBlockTransactionScanner
2019-06-14 08:42:50,578 INFO  client.GrpcClientProtocolClient (GrpcClientProtocolClient.java:onNext(254)) - client-2EC808601240->374189d0-76c5-49d2-81b4-45a4af1368a2: receive RaftClientReply:client-2EC808601240->374189d0-76c5-49d2-81b4-45a4af1368a2@group-30B6692CD68C, cid=281, SUCCESS, logIndex=511, commits[374189d0-76c5-49d2-81b4-45a4af1368a2:c511]
2019-06-14 08:42:50,578 DEBUG block.SCMBlockDeletingService (SCMBlockDeletingService.java:call(155)) - Scanned deleted blocks log and got 0 delTX to process.
2019-06-14 08:42:50,585 INFO  client.GrpcClientProtocolClient (GrpcClientProtocolClient.java:onNext(254)) - client-2EC808601240->374189d0-76c5-49d2-81b4-45a4af1368a2: receive RaftClientReply:client-2EC808601240->374189d0-76c5-49d2-81b4-45a4af1368a2@group-30B6692CD68C, cid=282, SUCCESS, logIndex=513, commits[374189d0-76c5-49d2-81b4-45a4af1368a2:c513]
2019-06-14 08:42:50,586 INFO  client.GrpcClientProtocolClient (GrpcClientProtocolClient.java:onNext(254)) - client-2EC808601240->374189d0-76c5-49d2-81b4-45a4af1368a2: receive RaftClientReply:client-2EC808601240->374189d0-76c5-49d2-81b4-45a4af1368a2@group-30B6692CD68C, cid=283, SUCCESS, logIndex=515, commits[374189d0-76c5-49d2-81b4-45a4af1368a2:c515]
2019-06-14 08:42:50,586 INFO  client.GrpcClientProtocolClient (GrpcClientProtocolClient.java:onNext(254)) - client-2EC808601240->374189d0-76c5-49d2-81b4-45a4af1368a2: receive RaftClientReply:client-2EC808601240->374189d0-76c5-49d2-81b4-45a4af1368a2@group-30B6692CD68C, cid=284, SUCCESS, logIndex=517, commits[374189d0-76c5-49d2-81b4-45a4af1368a2:c517]
2019-06-14 08:42:50,636 INFO  client.GrpcClientProtocolClient (GrpcClientProtocolClient.java:onNext(254)) - client-2EC808601240->374189d0-76c5-49d2-81b4-45a4af1368a2: receive RaftClientReply:client-2EC808601240->374189d0-76c5-49d2-81b4-45a4af1368a2@group-30B6692CD68C, cid=285, SUCCESS, logIndex=519, commits[374189d0-76c5-49d2-81b4-45a4af1368a2:c519]
2019-06-14 08:42:50,638 INFO  client.GrpcClientProtocolClient (GrpcClientProtocolClient.java:onNext(254)) - client-2EC808601240->374189d0-76c5-49d2-81b4-45a4af1368a2: receive RaftClientReply:client-2EC808601240->374189d0-76c5-49d2-81b4-45a4af1368a2@group-30B6692CD68C, cid=286, SUCCESS, logIndex=521, commits[374189d0-76c5-49d2-81b4-45a4af1368a2:c521]
2019-06-14 08:42:50,641 INFO  client.GrpcClientProtocolClient (GrpcClientProtocolClient.java:onNext(254)) - client-2EC808601240->374189d0-76c5-49d2-81b4-45a4af1368a2: receive RaftClientReply:client-2EC808601240->374189d0-76c5-49d2-81b4-45a4af1368a2@group-30B6692CD68C, cid=287, SUCCESS, logIndex=523, commits[374189d0-76c5-49d2-81b4-45a4af1368a2:c524]
2019-06-14 08:42:50,641 INFO  client.GrpcClientProtocolClient (GrpcClientProtocolClient.java:onNext(254)) - client-2EC808601240->374189d0-76c5-49d2-81b4-45a4af1368a2: receive RaftClientReply:client-2EC808601240->374189d0-76c5-49d2-81b4-45a4af1368a2@group-30B6692CD68C, cid=288, SUCCESS, logIndex=524, commits[374189d0-76c5-49d2-81b4-45a4af1368a2:c525]
2019-06-14 08:42:50,652 INFO  client.GrpcClientProtocolClient (GrpcClientProtocolClient.java:onNext(254)) - client-2EC808601240->374189d0-76c5-49d2-81b4-45a4af1368a2: receive RaftClientReply:client-2EC808601240->374189d0-76c5-49d2-81b4-45a4af1368a2@group-30B6692CD68C, cid=289, SUCCESS, logIndex=526, commits[374189d0-76c5-49d2-81b4-45a4af1368a2:c526]
2019-06-14 08:42:50,654 INFO  client.GrpcClientProtocolClient (GrpcClientProtocolClient.java:onNext(254)) - client-2EC808601240->374189d0-76c5-49d2-81b4-45a4af1368a2: receive RaftClientReply:client-2EC808601240->374189d0-76c5-49d2-81b4-45a4af1368a2@group-30B6692CD68C, cid=290, SUCCESS, logIndex=528, commits[374189d0-76c5-49d2-81b4-45a4af1368a2:c528]
2019-06-14 08:42:50,656 INFO  client.GrpcClientProtocolClient (GrpcClientProtocolClient.java:onNext(254)) - client-2EC808601240->374189d0-76c5-49d2-81b4-45a4af1368a2: receive RaftClientReply:client-2EC808601240->374189d0-76c5-49d2-81b4-45a4af1368a2@group-30B6692CD68C, cid=291, SUCCESS, logIndex=529, commits[374189d0-76c5-49d2-81b4-45a4af1368a2:c531]
2019-06-14 08:42:50,656 INFO  client.GrpcClientProtocolClient (GrpcClientProtocolClient.java:onNext(254)) - client-2EC808601240->374189d0-76c5-49d2-81b4-45a4af1368a2: receive RaftClientReply:client-2EC808601240->374189d0-76c5-49d2-81b4-45a4af1368a2@group-30B6692CD68C, cid=292, SUCCESS, logIndex=531, commits[374189d0-76c5-49d2-81b4-45a4af1368a2:c531]
2019-06-14 08:42:50,664 INFO  client.GrpcClientProtocolClient (GrpcClientProtocolClient.java:onNext(254)) - client-2EC808601240->374189d0-76c5-49d2-81b4-45a4af1368a2: receive RaftClientReply:client-2EC808601240->374189d0-76c5-49d2-81b4-45a4af1368a2@group-30B6692CD68C, cid=293, SUCCESS, logIndex=533, commits[374189d0-76c5-49d2-81b4-45a4af1368a2:c533]
2019-06-14 08:42:50,667 INFO  client.GrpcClientProtocolClient (GrpcClientProtocolClient.java:onNext(254)) - client-2EC808601240->374189d0-76c5-49d2-81b4-45a4af1368a2: receive RaftClientReply:client-2EC808601240->374189d0-76c5-49d2-81b4-45a4af1368a2@group-30B6692CD68C, cid=294, SUCCESS, logIndex=535, commits[374189d0-76c5-49d2-81b4-45a4af1368a2:c535]
2019-06-14 08:42:50,669 INFO  client.GrpcClientProtocolClient (GrpcClientProtocolClient.java:onNext(254)) - client-2EC808601240->374189d0-76c5-49d2-81b4-45a4af1368a2: receive RaftClientReply:client-2EC808601240->374189d0-76c5-49d2-81b4-45a4af1368a2@group-30B6692CD68C, cid=295, SUCCESS, logIndex=537, commits[374189d0-76c5-49d2-81b4-45a4af1368a2:c538]
2019-06-14 08:42:50,669 INFO  client.GrpcClientProtocolClient (GrpcClientProtocolClient.java:onNext(254)) - client-2EC808601240->374189d0-76c5-49d2-81b4-45a4af1368a2: receive RaftClientReply:client-2EC808601240->374189d0-76c5-49d2-81b4-45a4af1368a2@group-30B6692CD68C, cid=296, SUCCESS, logIndex=538, commits[374189d0-76c5-49d2-81b4-45a4af1368a2:c539]
2019-06-14 08:42:50,679 DEBUG block.SCMBlockDeletingService (SCMBlockDeletingService.java:call(138)) - Running DeletedBlockTransactionScanner
2019-06-14 08:42:50,679 DEBUG block.SCMBlockDeletingService (SCMBlockDeletingService.java:call(155)) - Scanned deleted blocks log and got 0 delTX to process.
2019-06-14 08:42:50,680 INFO  client.GrpcClientProtocolClient (GrpcClientProtocolClient.java:onNext(254)) - client-2EC808601240->374189d0-76c5-49d2-81b4-45a4af1368a2: receive RaftClientReply:client-2EC808601240->374189d0-76c5-49d2-81b4-45a4af1368a2@group-30B6692CD68C, cid=297, SUCCESS, logIndex=540, commits[374189d0-76c5-49d2-81b4-45a4af1368a2:c540]
2019-06-14 08:42:50,683 INFO  client.GrpcClientProtocolClient (GrpcClientProtocolClient.java:onNext(254)) - client-2EC808601240->374189d0-76c5-49d2-81b4-45a4af1368a2: receive RaftClientReply:client-2EC808601240->374189d0-76c5-49d2-81b4-45a4af1368a2@group-30B6692CD68C, cid=298, SUCCESS, logIndex=542, commits[374189d0-76c5-49d2-81b4-45a4af1368a2:c542]
2019-06-14 08:42:50,684 INFO  client.GrpcClientProtocolClient (GrpcClientProtocolClient.java:onNext(254)) - client-2EC808601240->374189d0-76c5-49d2-81b4-45a4af1368a2: receive RaftClientReply:client-2EC808601240->374189d0-76c5-49d2-81b4-45a4af1368a2@group-30B6692CD68C, cid=299, SUCCESS, logIndex=543, commits[374189d0-76c5-49d2-81b4-45a4af1368a2:c543]
2019-06-14 08:42:50,684 INFO  client.GrpcClientProtocolClient (GrpcClientProtocolClient.java:onNext(254)) - client-2EC808601240->374189d0-76c5-49d2-81b4-45a4af1368a2: receive RaftClientReply:client-2EC808601240->374189d0-76c5-49d2-81b4-45a4af1368a2@group-30B6692CD68C, cid=300, SUCCESS, logIndex=545, commits[374189d0-76c5-49d2-81b4-45a4af1368a2:c545]
2019-06-14 08:42:50,691 INFO  client.GrpcClientProtocolClient (GrpcClientProtocolClient.java:onNext(254)) - client-2EC808601240->374189d0-76c5-49d2-81b4-45a4af1368a2: receive RaftClientReply:client-2EC808601240->374189d0-76c5-49d2-81b4-45a4af1368a2@group-30B6692CD68C, cid=301, SUCCESS, logIndex=548, commits[374189d0-76c5-49d2-81b4-45a4af1368a2:c548]
2019-06-14 08:42:50,691 INFO  storage.RaftLogWorker (RaftLogWorker.java:rollLogSegment(303)) - 374189d0-76c5-49d2-81b4-45a4af1368a2-RaftLogWorker: Rolling segment log-473_549 to index:549
2019-06-14 08:42:50,692 INFO  storage.RaftLogWorker (RaftLogWorker.java:execute(433)) - 374189d0-76c5-49d2-81b4-45a4af1368a2-RaftLogWorker: Rolled log segment from /opt/src/hadoop-ozone/integration-test/target/test-dir/MiniOzoneClusterImpl-1994f8b8-dd4d-445c-bf25-0c6d40f9b14d/datanode-0/data/ratis/99d0acb8-99ce-4814-8259-30b6692cd68c/current/log_inprogress_473 to /opt/src/hadoop-ozone/integration-test/target/test-dir/MiniOzoneClusterImpl-1994f8b8-dd4d-445c-bf25-0c6d40f9b14d/datanode-0/data/ratis/99d0acb8-99ce-4814-8259-30b6692cd68c/current/log_473-549
2019-06-14 08:42:50,727 INFO  storage.RaftLogWorker (RaftLogWorker.java:execute(469)) - 374189d0-76c5-49d2-81b4-45a4af1368a2-RaftLogWorker: created new log segment /opt/src/hadoop-ozone/integration-test/target/test-dir/MiniOzoneClusterImpl-1994f8b8-dd4d-445c-bf25-0c6d40f9b14d/datanode-0/data/ratis/99d0acb8-99ce-4814-8259-30b6692cd68c/current/log_inprogress_550
2019-06-14 08:42:50,729 INFO  client.GrpcClientProtocolClient (GrpcClientProtocolClient.java:onNext(254)) - client-2EC808601240->374189d0-76c5-49d2-81b4-45a4af1368a2: receive RaftClientReply:client-2EC808601240->374189d0-76c5-49d2-81b4-45a4af1368a2@group-30B6692CD68C, cid=302, SUCCESS, logIndex=550, commits[374189d0-76c5-49d2-81b4-45a4af1368a2:c552]
2019-06-14 08:42:50,732 INFO  client.GrpcClientProtocolClient (GrpcClientProtocolClient.java:onNext(254)) - client-2EC808601240->374189d0-76c5-49d2-81b4-45a4af1368a2: receive RaftClientReply:client-2EC808601240->374189d0-76c5-49d2-81b4-45a4af1368a2@group-30B6692CD68C, cid=303, SUCCESS, logIndex=551, commits[374189d0-76c5-49d2-81b4-45a4af1368a2:c553]
2019-06-14 08:42:50,732 INFO  client.GrpcClientProtocolClient (GrpcClientProtocolClient.java:onNext(254)) - client-2EC808601240->374189d0-76c5-49d2-81b4-45a4af1368a2: receive RaftClientReply:client-2EC808601240->374189d0-76c5-49d2-81b4-45a4af1368a2@group-30B6692CD68C, cid=304, SUCCESS, logIndex=552, commits[374189d0-76c5-49d2-81b4-45a4af1368a2:c553]
2019-06-14 08:42:50,744 INFO  client.GrpcClientProtocolClient (GrpcClientProtocolClient.java:onNext(254)) - client-2EC808601240->374189d0-76c5-49d2-81b4-45a4af1368a2: receive RaftClientReply:client-2EC808601240->374189d0-76c5-49d2-81b4-45a4af1368a2@group-30B6692CD68C, cid=305, SUCCESS, logIndex=554, commits[374189d0-76c5-49d2-81b4-45a4af1368a2:c554]
2019-06-14 08:42:50,749 INFO  client.GrpcClientProtocolClient (GrpcClientProtocolClient.java:onNext(254)) - client-2EC808601240->374189d0-76c5-49d2-81b4-45a4af1368a2: receive RaftClientReply:client-2EC808601240->374189d0-76c5-49d2-81b4-45a4af1368a2@group-30B6692CD68C, cid=306, SUCCESS, logIndex=556, commits[374189d0-76c5-49d2-81b4-45a4af1368a2:c556]
2019-06-14 08:42:50,749 INFO  client.GrpcClientProtocolClient (GrpcClientProtocolClient.java:onNext(254)) - client-2EC808601240->374189d0-76c5-49d2-81b4-45a4af1368a2: receive RaftClientReply:client-2EC808601240->374189d0-76c5-49d2-81b4-45a4af1368a2@group-30B6692CD68C, cid=307, SUCCESS, logIndex=557, commits[374189d0-76c5-49d2-81b4-45a4af1368a2:c557]
2019-06-14 08:42:50,750 INFO  client.GrpcClientProtocolClient (GrpcClientProtocolClient.java:onNext(254)) - client-2EC808601240->374189d0-76c5-49d2-81b4-45a4af1368a2: receive RaftClientReply:client-2EC808601240->374189d0-76c5-49d2-81b4-45a4af1368a2@group-30B6692CD68C, cid=308, SUCCESS, logIndex=559, commits[374189d0-76c5-49d2-81b4-45a4af1368a2:c560]
2019-06-14 08:42:50,779 DEBUG block.SCMBlockDeletingService (SCMBlockDeletingService.java:call(138)) - Running DeletedBlockTransactionScanner
2019-06-14 08:42:50,779 DEBUG block.SCMBlockDeletingService (SCMBlockDeletingService.java:call(155)) - Scanned deleted blocks log and got 0 delTX to process.
2019-06-14 08:42:50,826 INFO  client.GrpcClientProtocolClient (GrpcClientProtocolClient.java:onNext(254)) - client-2EC808601240->374189d0-76c5-49d2-81b4-45a4af1368a2: receive RaftClientReply:client-2EC808601240->374189d0-76c5-49d2-81b4-45a4af1368a2@group-30B6692CD68C, cid=309, SUCCESS, logIndex=562, commits[374189d0-76c5-49d2-81b4-45a4af1368a2:c562]
2019-06-14 08:42:50,831 INFO  client.GrpcClientProtocolClient (GrpcClientProtocolClient.java:onNext(254)) - client-2EC808601240->374189d0-76c5-49d2-81b4-45a4af1368a2: receive RaftClientReply:client-2EC808601240->374189d0-76c5-49d2-81b4-45a4af1368a2@group-30B6692CD68C, cid=310, SUCCESS, logIndex=564, commits[374189d0-76c5-49d2-81b4-45a4af1368a2:c564]
2019-06-14 08:42:50,832 INFO  client.GrpcClientProtocolClient (GrpcClientProtocolClient.java:onNext(254)) - client-2EC808601240->374189d0-76c5-49d2-81b4-45a4af1368a2: receive RaftClientReply:client-2EC808601240->374189d0-76c5-49d2-81b4-45a4af1368a2@group-30B6692CD68C, cid=311, SUCCESS, logIndex=565, commits[374189d0-76c5-49d2-81b4-45a4af1368a2:c567]
2019-06-14 08:42:50,833 INFO  client.GrpcClientProtocolClient (GrpcClientProtocolClient.java:onNext(254)) - client-2EC808601240->374189d0-76c5-49d2-81b4-45a4af1368a2: receive RaftClientReply:client-2EC808601240->374189d0-76c5-49d2-81b4-45a4af1368a2@group-30B6692CD68C, cid=312, SUCCESS, logIndex=566, commits[374189d0-76c5-49d2-81b4-45a4af1368a2:c567]
2019-06-14 08:42:50,848 INFO  client.GrpcClientProtocolClient (GrpcClientProtocolClient.java:onNext(254)) - client-2EC808601240->374189d0-76c5-49d2-81b4-45a4af1368a2: receive RaftClientReply:client-2EC808601240->374189d0-76c5-49d2-81b4-45a4af1368a2@group-30B6692CD68C, cid=313, SUCCESS, logIndex=568, commits[374189d0-76c5-49d2-81b4-45a4af1368a2:c568]
2019-06-14 08:42:50,848 INFO  client.GrpcClientProtocolClient (GrpcClientProtocolClient.java:onNext(254)) - client-2EC808601240->374189d0-76c5-49d2-81b4-45a4af1368a2: receive RaftClientReply:client-2EC808601240->374189d0-76c5-49d2-81b4-45a4af1368a2@group-30B6692CD68C, cid=314, SUCCESS, logIndex=570, commits[374189d0-76c5-49d2-81b4-45a4af1368a2:c570]
2019-06-14 08:42:50,850 INFO  client.GrpcClientProtocolClient (GrpcClientProtocolClient.java:onNext(254)) - client-2EC808601240->374189d0-76c5-49d2-81b4-45a4af1368a2: receive RaftClientReply:client-2EC808601240->374189d0-76c5-49d2-81b4-45a4af1368a2@group-30B6692CD68C, cid=315, SUCCESS, logIndex=572, commits[374189d0-76c5-49d2-81b4-45a4af1368a2:c572]
2019-06-14 08:42:50,853 INFO  client.GrpcClientProtocolClient (GrpcClientProtocolClient.java:onNext(254)) - client-2EC808601240->374189d0-76c5-49d2-81b4-45a4af1368a2: receive RaftClientReply:client-2EC808601240->374189d0-76c5-49d2-81b4-45a4af1368a2@group-30B6692CD68C, cid=316, SUCCESS, logIndex=574, commits[374189d0-76c5-49d2-81b4-45a4af1368a2:c574]
2019-06-14 08:42:50,861 INFO  client.GrpcClientProtocolClient (GrpcClientProtocolClient.java:onNext(254)) - client-2EC808601240->374189d0-76c5-49d2-81b4-45a4af1368a2: receive RaftClientReply:client-2EC808601240->374189d0-76c5-49d2-81b4-45a4af1368a2@group-30B6692CD68C, cid=317, SUCCESS, logIndex=576, commits[374189d0-76c5-49d2-81b4-45a4af1368a2:c576]
2019-06-14 08:42:50,867 INFO  client.GrpcClientProtocolClient (GrpcClientProtocolClient.java:onNext(254)) - client-2EC808601240->374189d0-76c5-49d2-81b4-45a4af1368a2: receive RaftClientReply:client-2EC808601240->374189d0-76c5-49d2-81b4-45a4af1368a2@group-30B6692CD68C, cid=318, SUCCESS, logIndex=578, commits[374189d0-76c5-49d2-81b4-45a4af1368a2:c578]
2019-06-14 08:42:50,868 INFO  client.GrpcClientProtocolClient (GrpcClientProtocolClient.java:onNext(254)) - client-2EC808601240->374189d0-76c5-49d2-81b4-45a4af1368a2: receive RaftClientReply:client-2EC808601240->374189d0-76c5-49d2-81b4-45a4af1368a2@group-30B6692CD68C, cid=319, SUCCESS, logIndex=579, commits[374189d0-76c5-49d2-81b4-45a4af1368a2:c580]
2019-06-14 08:42:50,869 INFO  client.GrpcClientProtocolClient (GrpcClientProtocolClient.java:onNext(254)) - client-2EC808601240->374189d0-76c5-49d2-81b4-45a4af1368a2: receive RaftClientReply:client-2EC808601240->374189d0-76c5-49d2-81b4-45a4af1368a2@group-30B6692CD68C, cid=320, SUCCESS, logIndex=581, commits[374189d0-76c5-49d2-81b4-45a4af1368a2:c581]
2019-06-14 08:42:50,879 DEBUG block.SCMBlockDeletingService (SCMBlockDeletingService.java:call(138)) - Running DeletedBlockTransactionScanner
2019-06-14 08:42:50,880 DEBUG block.SCMBlockDeletingService (SCMBlockDeletingService.java:call(155)) - Scanned deleted blocks log and got 0 delTX to process.
2019-06-14 08:42:50,887 INFO  client.GrpcClientProtocolClient (GrpcClientProtocolClient.java:onNext(254)) - client-2EC808601240->374189d0-76c5-49d2-81b4-45a4af1368a2: receive RaftClientReply:client-2EC808601240->374189d0-76c5-49d2-81b4-45a4af1368a2@group-30B6692CD68C, cid=321, SUCCESS, logIndex=583, commits[374189d0-76c5-49d2-81b4-45a4af1368a2:c583]
2019-06-14 08:42:50,890 INFO  client.GrpcClientProtocolClient (GrpcClientProtocolClient.java:onNext(254)) - client-2EC808601240->374189d0-76c5-49d2-81b4-45a4af1368a2: receive RaftClientReply:client-2EC808601240->374189d0-76c5-49d2-81b4-45a4af1368a2@group-30B6692CD68C, cid=322, SUCCESS, logIndex=585, commits[374189d0-76c5-49d2-81b4-45a4af1368a2:c585]
2019-06-14 08:42:50,892 INFO  client.GrpcClientProtocolClient (GrpcClientProtocolClient.java:onNext(254)) - client-2EC808601240->374189d0-76c5-49d2-81b4-45a4af1368a2: receive RaftClientReply:client-2EC808601240->374189d0-76c5-49d2-81b4-45a4af1368a2@group-30B6692CD68C, cid=323, SUCCESS, logIndex=587, commits[374189d0-76c5-49d2-81b4-45a4af1368a2:c588]
2019-06-14 08:42:50,892 INFO  client.GrpcClientProtocolClient (GrpcClientProtocolClient.java:onNext(254)) - client-2EC808601240->374189d0-76c5-49d2-81b4-45a4af1368a2: receive RaftClientReply:client-2EC808601240->374189d0-76c5-49d2-81b4-45a4af1368a2@group-30B6692CD68C, cid=324, SUCCESS, logIndex=588, commits[374189d0-76c5-49d2-81b4-45a4af1368a2:c589]
2019-06-14 08:42:50,899 INFO  client.GrpcClientProtocolClient (GrpcClientProtocolClient.java:onNext(254)) - client-2EC808601240->374189d0-76c5-49d2-81b4-45a4af1368a2: receive RaftClientReply:client-2EC808601240->374189d0-76c5-49d2-81b4-45a4af1368a2@group-30B6692CD68C, cid=325, SUCCESS, logIndex=590, commits[374189d0-76c5-49d2-81b4-45a4af1368a2:c590]
2019-06-14 08:42:50,903 INFO  client.GrpcClientProtocolClient (GrpcClientProtocolClient.java:onNext(254)) - client-2EC808601240->374189d0-76c5-49d2-81b4-45a4af1368a2: receive RaftClientReply:client-2EC808601240->374189d0-76c5-49d2-81b4-45a4af1368a2@group-30B6692CD68C, cid=326, SUCCESS, logIndex=592, commits[374189d0-76c5-49d2-81b4-45a4af1368a2:c592]
2019-06-14 08:42:50,907 INFO  client.GrpcClientProtocolClient (GrpcClientProtocolClient.java:onNext(254)) - client-2EC808601240->374189d0-76c5-49d2-81b4-45a4af1368a2: receive RaftClientReply:client-2EC808601240->374189d0-76c5-49d2-81b4-45a4af1368a2@group-30B6692CD68C, cid=327, SUCCESS, logIndex=594, commits[374189d0-76c5-49d2-81b4-45a4af1368a2:c595]
2019-06-14 08:42:50,911 INFO  client.GrpcClientProtocolClient (GrpcClientProtocolClient.java:onNext(254)) - client-2EC808601240->374189d0-76c5-49d2-81b4-45a4af1368a2: receive RaftClientReply:client-2EC808601240->374189d0-76c5-49d2-81b4-45a4af1368a2@group-30B6692CD68C, cid=328, SUCCESS, logIndex=595, commits[374189d0-76c5-49d2-81b4-45a4af1368a2:c596]
2019-06-14 08:42:50,923 INFO  client.GrpcClientProtocolClient (GrpcClientProtocolClient.java:onNext(254)) - client-2EC808601240->374189d0-76c5-49d2-81b4-45a4af1368a2: receive RaftClientReply:client-2EC808601240->374189d0-76c5-49d2-81b4-45a4af1368a2@group-30B6692CD68C, cid=329, SUCCESS, logIndex=597, commits[374189d0-76c5-49d2-81b4-45a4af1368a2:c597]
2019-06-14 08:42:50,927 INFO  client.GrpcClientProtocolClient (GrpcClientProtocolClient.java:onNext(254)) - client-2EC808601240->374189d0-76c5-49d2-81b4-45a4af1368a2: receive RaftClientReply:client-2EC808601240->374189d0-76c5-49d2-81b4-45a4af1368a2@group-30B6692CD68C, cid=330, SUCCESS, logIndex=599, commits[374189d0-76c5-49d2-81b4-45a4af1368a2:c599]
2019-06-14 08:42:50,937 INFO  client.GrpcClientProtocolClient (GrpcClientProtocolClient.java:onNext(254)) - client-2EC808601240->374189d0-76c5-49d2-81b4-45a4af1368a2: receive RaftClientReply:client-2EC808601240->374189d0-76c5-49d2-81b4-45a4af1368a2@group-30B6692CD68C, cid=331, SUCCESS, logIndex=600, commits[374189d0-76c5-49d2-81b4-45a4af1368a2:c602]
2019-06-14 08:42:50,937 INFO  client.GrpcClientProtocolClient (GrpcClientProtocolClient.java:onNext(254)) - client-2EC808601240->374189d0-76c5-49d2-81b4-45a4af1368a2: receive RaftClientReply:client-2EC808601240->374189d0-76c5-49d2-81b4-45a4af1368a2@group-30B6692CD68C, cid=332, SUCCESS, logIndex=602, commits[374189d0-76c5-49d2-81b4-45a4af1368a2:c603]
2019-06-14 08:42:50,948 INFO  client.GrpcClientProtocolClient (GrpcClientProtocolClient.java:onNext(254)) - client-2EC808601240->374189d0-76c5-49d2-81b4-45a4af1368a2: receive RaftClientReply:client-2EC808601240->374189d0-76c5-49d2-81b4-45a4af1368a2@group-30B6692CD68C, cid=333, SUCCESS, logIndex=604, commits[374189d0-76c5-49d2-81b4-45a4af1368a2:c604]
2019-06-14 08:42:50,949 INFO  client.GrpcClientProtocolClient (GrpcClientProtocolClient.java:onNext(254)) - client-2EC808601240->374189d0-76c5-49d2-81b4-45a4af1368a2: receive RaftClientReply:client-2EC808601240->374189d0-76c5-49d2-81b4-45a4af1368a2@group-30B6692CD68C, cid=334, SUCCESS, logIndex=606, commits[374189d0-76c5-49d2-81b4-45a4af1368a2:c606]
2019-06-14 08:42:50,951 INFO  client.GrpcClientProtocolClient (GrpcClientProtocolClient.java:onNext(254)) - client-2EC808601240->374189d0-76c5-49d2-81b4-45a4af1368a2: receive RaftClientReply:client-2EC808601240->374189d0-76c5-49d2-81b4-45a4af1368a2@group-30B6692CD68C, cid=335, SUCCESS, logIndex=607, commits[374189d0-76c5-49d2-81b4-45a4af1368a2:c608]
2019-06-14 08:42:50,951 INFO  client.GrpcClientProtocolClient (GrpcClientProtocolClient.java:onNext(254)) - client-2EC808601240->374189d0-76c5-49d2-81b4-45a4af1368a2: receive RaftClientReply:client-2EC808601240->374189d0-76c5-49d2-81b4-45a4af1368a2@group-30B6692CD68C, cid=336, SUCCESS, logIndex=608, commits[374189d0-76c5-49d2-81b4-45a4af1368a2:c609]
2019-06-14 08:42:51,156 DEBUG block.SCMBlockDeletingService (SCMBlockDeletingService.java:call(138)) - Running DeletedBlockTransactionScanner
2019-06-14 08:42:51,156 DEBUG block.SCMBlockDeletingService (SCMBlockDeletingService.java:call(155)) - Scanned deleted blocks log and got 0 delTX to process.
2019-06-14 08:42:51,163 INFO  client.GrpcClientProtocolClient (GrpcClientProtocolClient.java:onNext(254)) - client-2EC808601240->374189d0-76c5-49d2-81b4-45a4af1368a2: receive RaftClientReply:client-2EC808601240->374189d0-76c5-49d2-81b4-45a4af1368a2@group-30B6692CD68C, cid=337, SUCCESS, logIndex=611, commits[374189d0-76c5-49d2-81b4-45a4af1368a2:c611]
2019-06-14 08:42:51,168 INFO  client.GrpcClientProtocolClient (GrpcClientProtocolClient.java:onNext(254)) - client-2EC808601240->374189d0-76c5-49d2-81b4-45a4af1368a2: receive RaftClientReply:client-2EC808601240->374189d0-76c5-49d2-81b4-45a4af1368a2@group-30B6692CD68C, cid=338, SUCCESS, logIndex=613, commits[374189d0-76c5-49d2-81b4-45a4af1368a2:c615]
2019-06-14 08:42:51,169 INFO  client.GrpcClientProtocolClient (GrpcClientProtocolClient.java:onNext(254)) - client-2EC808601240->374189d0-76c5-49d2-81b4-45a4af1368a2: receive RaftClientReply:client-2EC808601240->374189d0-76c5-49d2-81b4-45a4af1368a2@group-30B6692CD68C, cid=339, SUCCESS, logIndex=614, commits[374189d0-76c5-49d2-81b4-45a4af1368a2:c616]
2019-06-14 08:42:51,169 INFO  client.GrpcClientProtocolClient (GrpcClientProtocolClient.java:onNext(254)) - client-2EC808601240->374189d0-76c5-49d2-81b4-45a4af1368a2: receive RaftClientReply:client-2EC808601240->374189d0-76c5-49d2-81b4-45a4af1368a2@group-30B6692CD68C, cid=340, SUCCESS, logIndex=615, commits[374189d0-76c5-49d2-81b4-45a4af1368a2:c616]
2019-06-14 08:42:51,179 INFO  client.GrpcClientProtocolClient (GrpcClientProtocolClient.java:onNext(254)) - client-2EC808601240->374189d0-76c5-49d2-81b4-45a4af1368a2: receive RaftClientReply:client-2EC808601240->374189d0-76c5-49d2-81b4-45a4af1368a2@group-30B6692CD68C, cid=341, SUCCESS, logIndex=617, commits[374189d0-76c5-49d2-81b4-45a4af1368a2:c617]
2019-06-14 08:42:51,180 INFO  storage.RaftLogWorker (RaftLogWorker.java:rollLogSegment(303)) - 374189d0-76c5-49d2-81b4-45a4af1368a2-RaftLogWorker: Rolling segment log-550_620 to index:620
2019-06-14 08:42:51,181 INFO  storage.RaftLogWorker (RaftLogWorker.java:execute(433)) - 374189d0-76c5-49d2-81b4-45a4af1368a2-RaftLogWorker: Rolled log segment from /opt/src/hadoop-ozone/integration-test/target/test-dir/MiniOzoneClusterImpl-1994f8b8-dd4d-445c-bf25-0c6d40f9b14d/datanode-0/data/ratis/99d0acb8-99ce-4814-8259-30b6692cd68c/current/log_inprogress_550 to /opt/src/hadoop-ozone/integration-test/target/test-dir/MiniOzoneClusterImpl-1994f8b8-dd4d-445c-bf25-0c6d40f9b14d/datanode-0/data/ratis/99d0acb8-99ce-4814-8259-30b6692cd68c/current/log_550-620
2019-06-14 08:42:51,183 INFO  client.GrpcClientProtocolClient (GrpcClientProtocolClient.java:onNext(254)) - client-2EC808601240->374189d0-76c5-49d2-81b4-45a4af1368a2: receive RaftClientReply:client-2EC808601240->374189d0-76c5-49d2-81b4-45a4af1368a2@group-30B6692CD68C, cid=342, SUCCESS, logIndex=619, commits[374189d0-76c5-49d2-81b4-45a4af1368a2:c619]
2019-06-14 08:42:51,184 INFO  client.GrpcClientProtocolClient (GrpcClientProtocolClient.java:onNext(254)) - client-2EC808601240->374189d0-76c5-49d2-81b4-45a4af1368a2: receive RaftClientReply:client-2EC808601240->374189d0-76c5-49d2-81b4-45a4af1368a2@group-30B6692CD68C, cid=343, SUCCESS, logIndex=620, commits[374189d0-76c5-49d2-81b4-45a4af1368a2:c620]
2019-06-14 08:42:51,216 INFO  storage.RaftLogWorker (RaftLogWorker.java:execute(469)) - 374189d0-76c5-49d2-81b4-45a4af1368a2-RaftLogWorker: created new log segment /opt/src/hadoop-ozone/integration-test/target/test-dir/MiniOzoneClusterImpl-1994f8b8-dd4d-445c-bf25-0c6d40f9b14d/datanode-0/data/ratis/99d0acb8-99ce-4814-8259-30b6692cd68c/current/log_inprogress_621
2019-06-14 08:42:51,219 INFO  client.GrpcClientProtocolClient (GrpcClientProtocolClient.java:onNext(254)) - client-2EC808601240->374189d0-76c5-49d2-81b4-45a4af1368a2: receive RaftClientReply:client-2EC808601240->374189d0-76c5-49d2-81b4-45a4af1368a2@group-30B6692CD68C, cid=344, SUCCESS, logIndex=621, commits[374189d0-76c5-49d2-81b4-45a4af1368a2:c623]
2019-06-14 08:42:51,231 INFO  client.GrpcClientProtocolClient (GrpcClientProtocolClient.java:onNext(254)) - client-2EC808601240->374189d0-76c5-49d2-81b4-45a4af1368a2: receive RaftClientReply:client-2EC808601240->374189d0-76c5-49d2-81b4-45a4af1368a2@group-30B6692CD68C, cid=345, SUCCESS, logIndex=624, commits[374189d0-76c5-49d2-81b4-45a4af1368a2:c624]
2019-06-14 08:42:51,233 INFO  client.GrpcClientProtocolClient (GrpcClientProtocolClient.java:onNext(254)) - client-2EC808601240->374189d0-76c5-49d2-81b4-45a4af1368a2: receive RaftClientReply:client-2EC808601240->374189d0-76c5-49d2-81b4-45a4af1368a2@group-30B6692CD68C, cid=346, SUCCESS, logIndex=626, commits[374189d0-76c5-49d2-81b4-45a4af1368a2:c626]
2019-06-14 08:42:51,236 INFO  client.GrpcClientProtocolClient (GrpcClientProtocolClient.java:onNext(254)) - client-2EC808601240->374189d0-76c5-49d2-81b4-45a4af1368a2: receive RaftClientReply:client-2EC808601240->374189d0-76c5-49d2-81b4-45a4af1368a2@group-30B6692CD68C, cid=347, SUCCESS, logIndex=628, commits[374189d0-76c5-49d2-81b4-45a4af1368a2:c629]
2019-06-14 08:42:51,236 INFO  client.GrpcClientProtocolClient (GrpcClientProtocolClient.java:onNext(254)) - client-2EC808601240->374189d0-76c5-49d2-81b4-45a4af1368a2: receive RaftClientReply:client-2EC808601240->374189d0-76c5-49d2-81b4-45a4af1368a2@group-30B6692CD68C, cid=348, SUCCESS, logIndex=629, commits[374189d0-76c5-49d2-81b4-45a4af1368a2:c630]
2019-06-14 08:42:51,243 INFO  client.GrpcClientProtocolClient (GrpcClientProtocolClient.java:onNext(254)) - client-2EC808601240->374189d0-76c5-49d2-81b4-45a4af1368a2: receive RaftClientReply:client-2EC808601240->374189d0-76c5-49d2-81b4-45a4af1368a2@group-30B6692CD68C, cid=349, SUCCESS, logIndex=631, commits[374189d0-76c5-49d2-81b4-45a4af1368a2:c631]
2019-06-14 08:42:51,247 INFO  client.GrpcClientProtocolClient (GrpcClientProtocolClient.java:onNext(254)) - client-2EC808601240->374189d0-76c5-49d2-81b4-45a4af1368a2: receive RaftClientReply:client-2EC808601240->374189d0-76c5-49d2-81b4-45a4af1368a2@group-30B6692CD68C, cid=350, SUCCESS, logIndex=633, commits[374189d0-76c5-49d2-81b4-45a4af1368a2:c633]
2019-06-14 08:42:51,248 INFO  client.GrpcClientProtocolClient (GrpcClientProtocolClient.java:onNext(254)) - client-2EC808601240->374189d0-76c5-49d2-81b4-45a4af1368a2: receive RaftClientReply:client-2EC808601240->374189d0-76c5-49d2-81b4-45a4af1368a2@group-30B6692CD68C, cid=351, SUCCESS, logIndex=634, commits[374189d0-76c5-49d2-81b4-45a4af1368a2:c634]
2019-06-14 08:42:51,248 INFO  client.GrpcClientProtocolClient (GrpcClientProtocolClient.java:onNext(254)) - client-2EC808601240->374189d0-76c5-49d2-81b4-45a4af1368a2: receive RaftClientReply:client-2EC808601240->374189d0-76c5-49d2-81b4-45a4af1368a2@group-30B6692CD68C, cid=352, SUCCESS, logIndex=636, commits[374189d0-76c5-49d2-81b4-45a4af1368a2:c636]
2019-06-14 08:42:51,257 DEBUG block.SCMBlockDeletingService (SCMBlockDeletingService.java:call(138)) - Running DeletedBlockTransactionScanner
2019-06-14 08:42:51,257 DEBUG block.SCMBlockDeletingService (SCMBlockDeletingService.java:call(155)) - Scanned deleted blocks log and got 0 delTX to process.
2019-06-14 08:42:51,352 INFO  client.GrpcClientProtocolClient (GrpcClientProtocolClient.java:onNext(254)) - client-2EC808601240->374189d0-76c5-49d2-81b4-45a4af1368a2: receive RaftClientReply:client-2EC808601240->374189d0-76c5-49d2-81b4-45a4af1368a2@group-30B6692CD68C, cid=353, SUCCESS, logIndex=639, commits[374189d0-76c5-49d2-81b4-45a4af1368a2:c639]
2019-06-14 08:42:51,355 INFO  client.GrpcClientProtocolClient (GrpcClientProtocolClient.java:onNext(254)) - client-2EC808601240->374189d0-76c5-49d2-81b4-45a4af1368a2: receive RaftClientReply:client-2EC808601240->374189d0-76c5-49d2-81b4-45a4af1368a2@group-30B6692CD68C, cid=354, SUCCESS, logIndex=641, commits[374189d0-76c5-49d2-81b4-45a4af1368a2:c641]
2019-06-14 08:42:51,356 INFO  client.GrpcClientProtocolClient (GrpcClientProtocolClient.java:onNext(254)) - client-2EC808601240->374189d0-76c5-49d2-81b4-45a4af1368a2: receive RaftClientReply:client-2EC808601240->374189d0-76c5-49d2-81b4-45a4af1368a2@group-30B6692CD68C, cid=355, SUCCESS, logIndex=642, commits[374189d0-76c5-49d2-81b4-45a4af1368a2:c644]
2019-06-14 08:42:51,357 INFO  client.GrpcClientProtocolClient (GrpcClientProtocolClient.java:onNext(254)) - client-2EC808601240->374189d0-76c5-49d2-81b4-45a4af1368a2: receive RaftClientReply:client-2EC808601240->374189d0-76c5-49d2-81b4-45a4af1368a2@group-30B6692CD68C, cid=356, SUCCESS, logIndex=643, commits[374189d0-76c5-49d2-81b4-45a4af1368a2:c644]
2019-06-14 08:42:51,357 DEBUG block.SCMBlockDeletingService (SCMBlockDeletingService.java:call(138)) - Running DeletedBlockTransactionScanner
2019-06-14 08:42:51,357 DEBUG block.SCMBlockDeletingService (SCMBlockDeletingService.java:call(155)) - Scanned deleted blocks log and got 0 delTX to process.
2019-06-14 08:42:51,365 INFO  client.GrpcClientProtocolClient (GrpcClientProtocolClient.java:onNext(254)) - client-2EC808601240->374189d0-76c5-49d2-81b4-45a4af1368a2: receive RaftClientReply:client-2EC808601240->374189d0-76c5-49d2-81b4-45a4af1368a2@group-30B6692CD68C, cid=357, SUCCESS, logIndex=645, commits[374189d0-76c5-49d2-81b4-45a4af1368a2:c645]
2019-06-14 08:42:51,368 INFO  client.GrpcClientProtocolClient (GrpcClientProtocolClient.java:onNext(254)) - client-2EC808601240->374189d0-76c5-49d2-81b4-45a4af1368a2: receive RaftClientReply:client-2EC808601240->374189d0-76c5-49d2-81b4-45a4af1368a2@group-30B6692CD68C, cid=358, SUCCESS, logIndex=647, commits[374189d0-76c5-49d2-81b4-45a4af1368a2:c647]
2019-06-14 08:42:51,369 INFO  client.GrpcClientProtocolClient (GrpcClientProtocolClient.java:onNext(254)) - client-2EC808601240->374189d0-76c5-49d2-81b4-45a4af1368a2: receive RaftClientReply:client-2EC808601240->374189d0-76c5-49d2-81b4-45a4af1368a2@group-30B6692CD68C, cid=359, SUCCESS, logIndex=648, commits[374189d0-76c5-49d2-81b4-45a4af1368a2:c650]
2019-06-14 08:42:51,369 INFO  client.GrpcClientProtocolClient (GrpcClientProtocolClient.java:onNext(254)) - client-2EC808601240->374189d0-76c5-49d2-81b4-45a4af1368a2: receive RaftClientReply:client-2EC808601240->374189d0-76c5-49d2-81b4-45a4af1368a2@group-30B6692CD68C, cid=360, SUCCESS, logIndex=649, commits[374189d0-76c5-49d2-81b4-45a4af1368a2:c650]
2019-06-14 08:42:51,381 INFO  client.GrpcClientProtocolClient (GrpcClientProtocolClient.java:onNext(254)) - client-2EC808601240->374189d0-76c5-49d2-81b4-45a4af1368a2: receive RaftClientReply:client-2EC808601240->374189d0-76c5-49d2-81b4-45a4af1368a2@group-30B6692CD68C, cid=361, SUCCESS, logIndex=651, commits[374189d0-76c5-49d2-81b4-45a4af1368a2:c651]
2019-06-14 08:42:51,384 INFO  client.GrpcClientProtocolClient (GrpcClientProtocolClient.java:onNext(254)) - client-2EC808601240->374189d0-76c5-49d2-81b4-45a4af1368a2: receive RaftClientReply:client-2EC808601240->374189d0-76c5-49d2-81b4-45a4af1368a2@group-30B6692CD68C, cid=362, SUCCESS, logIndex=653, commits[374189d0-76c5-49d2-81b4-45a4af1368a2:c654]
2019-06-14 08:42:51,384 INFO  client.GrpcClientProtocolClient (GrpcClientProtocolClient.java:onNext(254)) - client-2EC808601240->374189d0-76c5-49d2-81b4-45a4af1368a2: receive RaftClientReply:client-2EC808601240->374189d0-76c5-49d2-81b4-45a4af1368a2@group-30B6692CD68C, cid=363, SUCCESS, logIndex=654, commits[374189d0-76c5-49d2-81b4-45a4af1368a2:c654]
2019-06-14 08:42:51,385 INFO  client.GrpcClientProtocolClient (GrpcClientProtocolClient.java:onNext(254)) - client-2EC808601240->374189d0-76c5-49d2-81b4-45a4af1368a2: receive RaftClientReply:client-2EC808601240->374189d0-76c5-49d2-81b4-45a4af1368a2@group-30B6692CD68C, cid=364, SUCCESS, logIndex=656, commits[374189d0-76c5-49d2-81b4-45a4af1368a2:c657]
2019-06-14 08:42:51,392 INFO  client.GrpcClientProtocolClient (GrpcClientProtocolClient.java:onNext(254)) - client-2EC808601240->374189d0-76c5-49d2-81b4-45a4af1368a2: receive RaftClientReply:client-2EC808601240->374189d0-76c5-49d2-81b4-45a4af1368a2@group-30B6692CD68C, cid=365, SUCCESS, logIndex=659, commits[374189d0-76c5-49d2-81b4-45a4af1368a2:c659]
2019-06-14 08:42:51,395 INFO  client.GrpcClientProtocolClient (GrpcClientProtocolClient.java:onNext(254)) - client-2EC808601240->374189d0-76c5-49d2-81b4-45a4af1368a2: receive RaftClientReply:client-2EC808601240->374189d0-76c5-49d2-81b4-45a4af1368a2@group-30B6692CD68C, cid=366, SUCCESS, logIndex=661, commits[374189d0-76c5-49d2-81b4-45a4af1368a2:c661]
2019-06-14 08:42:51,399 INFO  client.GrpcClientProtocolClient (GrpcClientProtocolClient.java:onNext(254)) - client-2EC808601240->374189d0-76c5-49d2-81b4-45a4af1368a2: receive RaftClientReply:client-2EC808601240->374189d0-76c5-49d2-81b4-45a4af1368a2@group-30B6692CD68C, cid=367, SUCCESS, logIndex=662, commits[374189d0-76c5-49d2-81b4-45a4af1368a2:c663]
2019-06-14 08:42:51,399 INFO  client.GrpcClientProtocolClient (GrpcClientProtocolClient.java:onNext(254)) - client-2EC808601240->374189d0-76c5-49d2-81b4-45a4af1368a2: receive RaftClientReply:client-2EC808601240->374189d0-76c5-49d2-81b4-45a4af1368a2@group-30B6692CD68C, cid=368, SUCCESS, logIndex=663, commits[374189d0-76c5-49d2-81b4-45a4af1368a2:c663]
2019-06-14 08:42:51,410 INFO  client.GrpcClientProtocolClient (GrpcClientProtocolClient.java:onNext(254)) - client-2EC808601240->374189d0-76c5-49d2-81b4-45a4af1368a2: receive RaftClientReply:client-2EC808601240->374189d0-76c5-49d2-81b4-45a4af1368a2@group-30B6692CD68C, cid=369, SUCCESS, logIndex=666, commits[374189d0-76c5-49d2-81b4-45a4af1368a2:c666]
2019-06-14 08:42:51,412 INFO  client.GrpcClientProtocolClient (GrpcClientProtocolClient.java:onNext(254)) - client-2EC808601240->374189d0-76c5-49d2-81b4-45a4af1368a2: receive RaftClientReply:client-2EC808601240->374189d0-76c5-49d2-81b4-45a4af1368a2@group-30B6692CD68C, cid=370, SUCCESS, logIndex=668, commits[374189d0-76c5-49d2-81b4-45a4af1368a2:c668]
2019-06-14 08:42:51,413 INFO  client.GrpcClientProtocolClient (GrpcClientProtocolClient.java:onNext(254)) - client-2EC808601240->374189d0-76c5-49d2-81b4-45a4af1368a2: receive RaftClientReply:client-2EC808601240->374189d0-76c5-49d2-81b4-45a4af1368a2@group-30B6692CD68C, cid=371, SUCCESS, logIndex=669, commits[374189d0-76c5-49d2-81b4-45a4af1368a2:c671]
2019-06-14 08:42:51,415 INFO  client.GrpcClientProtocolClient (GrpcClientProtocolClient.java:onNext(254)) - client-2EC808601240->374189d0-76c5-49d2-81b4-45a4af1368a2: receive RaftClientReply:client-2EC808601240->374189d0-76c5-49d2-81b4-45a4af1368a2@group-30B6692CD68C, cid=372, SUCCESS, logIndex=671, commits[374189d0-76c5-49d2-81b4-45a4af1368a2:c672]
2019-06-14 08:42:51,421 INFO  client.GrpcClientProtocolClient (GrpcClientProtocolClient.java:onNext(254)) - client-2EC808601240->374189d0-76c5-49d2-81b4-45a4af1368a2: receive RaftClientReply:client-2EC808601240->374189d0-76c5-49d2-81b4-45a4af1368a2@group-30B6692CD68C, cid=373, SUCCESS, logIndex=673, commits[374189d0-76c5-49d2-81b4-45a4af1368a2:c673]
2019-06-14 08:42:51,427 INFO  client.GrpcClientProtocolClient (GrpcClientProtocolClient.java:onNext(254)) - client-2EC808601240->374189d0-76c5-49d2-81b4-45a4af1368a2: receive RaftClientReply:client-2EC808601240->374189d0-76c5-49d2-81b4-45a4af1368a2@group-30B6692CD68C, cid=374, SUCCESS, logIndex=675, commits[374189d0-76c5-49d2-81b4-45a4af1368a2:c675]
2019-06-14 08:42:51,428 INFO  client.GrpcClientProtocolClient (GrpcClientProtocolClient.java:onNext(254)) - client-2EC808601240->374189d0-76c5-49d2-81b4-45a4af1368a2: receive RaftClientReply:client-2EC808601240->374189d0-76c5-49d2-81b4-45a4af1368a2@group-30B6692CD68C, cid=375, SUCCESS, logIndex=676, commits[374189d0-76c5-49d2-81b4-45a4af1368a2:c678]
2019-06-14 08:42:51,428 INFO  client.GrpcClientProtocolClient (GrpcClientProtocolClient.java:onNext(254)) - client-2EC808601240->374189d0-76c5-49d2-81b4-45a4af1368a2: receive RaftClientReply:client-2EC808601240->374189d0-76c5-49d2-81b4-45a4af1368a2@group-30B6692CD68C, cid=376, SUCCESS, logIndex=677, commits[374189d0-76c5-49d2-81b4-45a4af1368a2:c678]
2019-06-14 08:42:51,441 INFO  client.GrpcClientProtocolClient (GrpcClientProtocolClient.java:onNext(254)) - client-2EC808601240->374189d0-76c5-49d2-81b4-45a4af1368a2: receive RaftClientReply:client-2EC808601240->374189d0-76c5-49d2-81b4-45a4af1368a2@group-30B6692CD68C, cid=377, SUCCESS, logIndex=679, commits[374189d0-76c5-49d2-81b4-45a4af1368a2:c679]
2019-06-14 08:42:51,442 INFO  client.GrpcClientProtocolClient (GrpcClientProtocolClient.java:onNext(254)) - client-2EC808601240->374189d0-76c5-49d2-81b4-45a4af1368a2: receive RaftClientReply:client-2EC808601240->374189d0-76c5-49d2-81b4-45a4af1368a2@group-30B6692CD68C, cid=378, SUCCESS, logIndex=681, commits[374189d0-76c5-49d2-81b4-45a4af1368a2:c681]
2019-06-14 08:42:51,444 INFO  client.GrpcClientProtocolClient (GrpcClientProtocolClient.java:onNext(254)) - client-2EC808601240->374189d0-76c5-49d2-81b4-45a4af1368a2: receive RaftClientReply:client-2EC808601240->374189d0-76c5-49d2-81b4-45a4af1368a2@group-30B6692CD68C, cid=379, SUCCESS, logIndex=682, commits[374189d0-76c5-49d2-81b4-45a4af1368a2:c684]
2019-06-14 08:42:51,447 INFO  client.GrpcClientProtocolClient (GrpcClientProtocolClient.java:onNext(254)) - client-2EC808601240->374189d0-76c5-49d2-81b4-45a4af1368a2: receive RaftClientReply:client-2EC808601240->374189d0-76c5-49d2-81b4-45a4af1368a2@group-30B6692CD68C, cid=380, SUCCESS, logIndex=684, commits[374189d0-76c5-49d2-81b4-45a4af1368a2:c685]
2019-06-14 08:42:51,455 INFO  client.GrpcClientProtocolClient (GrpcClientProtocolClient.java:onNext(254)) - client-2EC808601240->374189d0-76c5-49d2-81b4-45a4af1368a2: receive RaftClientReply:client-2EC808601240->374189d0-76c5-49d2-81b4-45a4af1368a2@group-30B6692CD68C, cid=381, SUCCESS, logIndex=686, commits[374189d0-76c5-49d2-81b4-45a4af1368a2:c686]
2019-06-14 08:42:51,457 INFO  client.GrpcClientProtocolClient (GrpcClientProtocolClient.java:onNext(254)) - client-2EC808601240->374189d0-76c5-49d2-81b4-45a4af1368a2: receive RaftClientReply:client-2EC808601240->374189d0-76c5-49d2-81b4-45a4af1368a2@group-30B6692CD68C, cid=382, SUCCESS, logIndex=688, commits[374189d0-76c5-49d2-81b4-45a4af1368a2:c688]
2019-06-14 08:42:51,458 DEBUG block.SCMBlockDeletingService (SCMBlockDeletingService.java:call(138)) - Running DeletedBlockTransactionScanner
2019-06-14 08:42:51,458 DEBUG block.SCMBlockDeletingService (SCMBlockDeletingService.java:call(155)) - Scanned deleted blocks log and got 0 delTX to process.
2019-06-14 08:42:51,460 INFO  client.GrpcClientProtocolClient (GrpcClientProtocolClient.java:onNext(254)) - client-2EC808601240->374189d0-76c5-49d2-81b4-45a4af1368a2: receive RaftClientReply:client-2EC808601240->374189d0-76c5-49d2-81b4-45a4af1368a2@group-30B6692CD68C, cid=383, SUCCESS, logIndex=690, commits[374189d0-76c5-49d2-81b4-45a4af1368a2:c690]
2019-06-14 08:42:51,463 INFO  client.GrpcClientProtocolClient (GrpcClientProtocolClient.java:onNext(254)) - client-2EC808601240->374189d0-76c5-49d2-81b4-45a4af1368a2: receive RaftClientReply:client-2EC808601240->374189d0-76c5-49d2-81b4-45a4af1368a2@group-30B6692CD68C, cid=384, SUCCESS, logIndex=692, commits[374189d0-76c5-49d2-81b4-45a4af1368a2:c692]
2019-06-14 08:42:51,475 INFO  client.GrpcClientProtocolClient (GrpcClientProtocolClient.java:onNext(254)) - client-2EC808601240->374189d0-76c5-49d2-81b4-45a4af1368a2: receive RaftClientReply:client-2EC808601240->374189d0-76c5-49d2-81b4-45a4af1368a2@group-30B6692CD68C, cid=385, SUCCESS, logIndex=694, commits[374189d0-76c5-49d2-81b4-45a4af1368a2:c694]
2019-06-14 08:42:51,475 INFO  storage.RaftLogWorker (RaftLogWorker.java:rollLogSegment(303)) - 374189d0-76c5-49d2-81b4-45a4af1368a2-RaftLogWorker: Rolling segment log-621_696 to index:696
2019-06-14 08:42:51,476 INFO  storage.RaftLogWorker (RaftLogWorker.java:execute(433)) - 374189d0-76c5-49d2-81b4-45a4af1368a2-RaftLogWorker: Rolled log segment from /opt/src/hadoop-ozone/integration-test/target/test-dir/MiniOzoneClusterImpl-1994f8b8-dd4d-445c-bf25-0c6d40f9b14d/datanode-0/data/ratis/99d0acb8-99ce-4814-8259-30b6692cd68c/current/log_inprogress_621 to /opt/src/hadoop-ozone/integration-test/target/test-dir/MiniOzoneClusterImpl-1994f8b8-dd4d-445c-bf25-0c6d40f9b14d/datanode-0/data/ratis/99d0acb8-99ce-4814-8259-30b6692cd68c/current/log_621-696
2019-06-14 08:42:51,478 INFO  client.GrpcClientProtocolClient (GrpcClientProtocolClient.java:onNext(254)) - client-2EC808601240->374189d0-76c5-49d2-81b4-45a4af1368a2: receive RaftClientReply:client-2EC808601240->374189d0-76c5-49d2-81b4-45a4af1368a2@group-30B6692CD68C, cid=386, SUCCESS, logIndex=696, commits[374189d0-76c5-49d2-81b4-45a4af1368a2:c696]
2019-06-14 08:42:51,512 INFO  storage.RaftLogWorker (RaftLogWorker.java:execute(469)) - 374189d0-76c5-49d2-81b4-45a4af1368a2-RaftLogWorker: created new log segment /opt/src/hadoop-ozone/integration-test/target/test-dir/MiniOzoneClusterImpl-1994f8b8-dd4d-445c-bf25-0c6d40f9b14d/datanode-0/data/ratis/99d0acb8-99ce-4814-8259-30b6692cd68c/current/log_inprogress_697
2019-06-14 08:42:51,515 INFO  client.GrpcClientProtocolClient (GrpcClientProtocolClient.java:onNext(254)) - client-2EC808601240->374189d0-76c5-49d2-81b4-45a4af1368a2: receive RaftClientReply:client-2EC808601240->374189d0-76c5-49d2-81b4-45a4af1368a2@group-30B6692CD68C, cid=387, SUCCESS, logIndex=697, commits[374189d0-76c5-49d2-81b4-45a4af1368a2:c699]
2019-06-14 08:42:51,516 INFO  client.GrpcClientProtocolClient (GrpcClientProtocolClient.java:onNext(254)) - client-2EC808601240->374189d0-76c5-49d2-81b4-45a4af1368a2: receive RaftClientReply:client-2EC808601240->374189d0-76c5-49d2-81b4-45a4af1368a2@group-30B6692CD68C, cid=388, SUCCESS, logIndex=698, commits[374189d0-76c5-49d2-81b4-45a4af1368a2:c699]
2019-06-14 08:42:51,523 INFO  client.GrpcClientProtocolClient (GrpcClientProtocolClient.java:onNext(254)) - client-2EC808601240->374189d0-76c5-49d2-81b4-45a4af1368a2: receive RaftClientReply:client-2EC808601240->374189d0-76c5-49d2-81b4-45a4af1368a2@group-30B6692CD68C, cid=389, SUCCESS, logIndex=700, commits[374189d0-76c5-49d2-81b4-45a4af1368a2:c700]
2019-06-14 08:42:51,526 INFO  client.GrpcClientProtocolClient (GrpcClientProtocolClient.java:onNext(254)) - client-2EC808601240->374189d0-76c5-49d2-81b4-45a4af1368a2: receive RaftClientReply:client-2EC808601240->374189d0-76c5-49d2-81b4-45a4af1368a2@group-30B6692CD68C, cid=390, SUCCESS, logIndex=702, commits[374189d0-76c5-49d2-81b4-45a4af1368a2:c702]
2019-06-14 08:42:51,527 INFO  client.GrpcClientProtocolClient (GrpcClientProtocolClient.java:onNext(254)) - client-2EC808601240->374189d0-76c5-49d2-81b4-45a4af1368a2: receive RaftClientReply:client-2EC808601240->374189d0-76c5-49d2-81b4-45a4af1368a2@group-30B6692CD68C, cid=391, SUCCESS, logIndex=703, commits[374189d0-76c5-49d2-81b4-45a4af1368a2:c705]
2019-06-14 08:42:51,527 INFO  client.GrpcClientProtocolClient (GrpcClientProtocolClient.java:onNext(254)) - client-2EC808601240->374189d0-76c5-49d2-81b4-45a4af1368a2: receive RaftClientReply:client-2EC808601240->374189d0-76c5-49d2-81b4-45a4af1368a2@group-30B6692CD68C, cid=392, SUCCESS, logIndex=705, commits[374189d0-76c5-49d2-81b4-45a4af1368a2:c706]
2019-06-14 08:42:51,540 INFO  client.GrpcClientProtocolClient (GrpcClientProtocolClient.java:onNext(254)) - client-2EC808601240->374189d0-76c5-49d2-81b4-45a4af1368a2: receive RaftClientReply:client-2EC808601240->374189d0-76c5-49d2-81b4-45a4af1368a2@group-30B6692CD68C, cid=393, SUCCESS, logIndex=707, commits[374189d0-76c5-49d2-81b4-45a4af1368a2:c707]
2019-06-14 08:42:51,544 INFO  client.GrpcClientProtocolClient (GrpcClientProtocolClient.java:onNext(254)) - client-2EC808601240->374189d0-76c5-49d2-81b4-45a4af1368a2: receive RaftClientReply:client-2EC808601240->374189d0-76c5-49d2-81b4-45a4af1368a2@group-30B6692CD68C, cid=394, SUCCESS, logIndex=709, commits[374189d0-76c5-49d2-81b4-45a4af1368a2:c709]
2019-06-14 08:42:51,545 INFO  client.GrpcClientProtocolClient (GrpcClientProtocolClient.java:onNext(254)) - client-2EC808601240->374189d0-76c5-49d2-81b4-45a4af1368a2: receive RaftClientReply:client-2EC808601240->374189d0-76c5-49d2-81b4-45a4af1368a2@group-30B6692CD68C, cid=395, SUCCESS, logIndex=710, commits[374189d0-76c5-49d2-81b4-45a4af1368a2:c711]
2019-06-14 08:42:51,545 INFO  client.GrpcClientProtocolClient (GrpcClientProtocolClient.java:onNext(254)) - client-2EC808601240->374189d0-76c5-49d2-81b4-45a4af1368a2: receive RaftClientReply:client-2EC808601240->374189d0-76c5-49d2-81b4-45a4af1368a2@group-30B6692CD68C, cid=396, SUCCESS, logIndex=711, commits[374189d0-76c5-49d2-81b4-45a4af1368a2:c713]
2019-06-14 08:42:51,558 DEBUG block.SCMBlockDeletingService (SCMBlockDeletingService.java:call(138)) - Running DeletedBlockTransactionScanner
2019-06-14 08:42:51,559 DEBUG block.SCMBlockDeletingService (SCMBlockDeletingService.java:call(155)) - Scanned deleted blocks log and got 0 delTX to process.
2019-06-14 08:42:51,659 DEBUG block.SCMBlockDeletingService (SCMBlockDeletingService.java:call(138)) - Running DeletedBlockTransactionScanner
2019-06-14 08:42:51,659 DEBUG block.SCMBlockDeletingService (SCMBlockDeletingService.java:call(155)) - Scanned deleted blocks log and got 0 delTX to process.
2019-06-14 08:42:51,667 INFO  client.GrpcClientProtocolClient (GrpcClientProtocolClient.java:onNext(254)) - client-2EC808601240->374189d0-76c5-49d2-81b4-45a4af1368a2: receive RaftClientReply:client-2EC808601240->374189d0-76c5-49d2-81b4-45a4af1368a2@group-30B6692CD68C, cid=397, SUCCESS, logIndex=714, commits[374189d0-76c5-49d2-81b4-45a4af1368a2:c714]
2019-06-14 08:42:51,669 INFO  client.GrpcClientProtocolClient (GrpcClientProtocolClient.java:onNext(254)) - client-2EC808601240->374189d0-76c5-49d2-81b4-45a4af1368a2: receive RaftClientReply:client-2EC808601240->374189d0-76c5-49d2-81b4-45a4af1368a2@group-30B6692CD68C, cid=398, SUCCESS, logIndex=716, commits[374189d0-76c5-49d2-81b4-45a4af1368a2:c716]
2019-06-14 08:42:51,672 INFO  client.GrpcClientProtocolClient (GrpcClientProtocolClient.java:onNext(254)) - client-2EC808601240->374189d0-76c5-49d2-81b4-45a4af1368a2: receive RaftClientReply:client-2EC808601240->374189d0-76c5-49d2-81b4-45a4af1368a2@group-30B6692CD68C, cid=399, SUCCESS, logIndex=718, commits[374189d0-76c5-49d2-81b4-45a4af1368a2:c718]
2019-06-14 08:42:51,672 INFO  client.GrpcClientProtocolClient (GrpcClientProtocolClient.java:onNext(254)) - client-2EC808601240->374189d0-76c5-49d2-81b4-45a4af1368a2: receive RaftClientReply:client-2EC808601240->374189d0-76c5-49d2-81b4-45a4af1368a2@group-30B6692CD68C, cid=400, SUCCESS, logIndex=719, commits[374189d0-76c5-49d2-81b4-45a4af1368a2:c719]
2019-06-14 08:42:51,683 INFO  client.GrpcClientProtocolClient (GrpcClientProtocolClient.java:onNext(254)) - client-2EC808601240->374189d0-76c5-49d2-81b4-45a4af1368a2: receive RaftClientReply:client-2EC808601240->374189d0-76c5-49d2-81b4-45a4af1368a2@group-30B6692CD68C, cid=401, SUCCESS, logIndex=722, commits[374189d0-76c5-49d2-81b4-45a4af1368a2:c722]
2019-06-14 08:42:51,686 INFO  client.GrpcClientProtocolClient (GrpcClientProtocolClient.java:onNext(254)) - client-2EC808601240->374189d0-76c5-49d2-81b4-45a4af1368a2: receive RaftClientReply:client-2EC808601240->374189d0-76c5-49d2-81b4-45a4af1368a2@group-30B6692CD68C, cid=402, SUCCESS, logIndex=724, commits[374189d0-76c5-49d2-81b4-45a4af1368a2:c724]
2019-06-14 08:42:51,687 INFO  client.GrpcClientProtocolClient (GrpcClientProtocolClient.java:onNext(254)) - client-2EC808601240->374189d0-76c5-49d2-81b4-45a4af1368a2: receive RaftClientReply:client-2EC808601240->374189d0-76c5-49d2-81b4-45a4af1368a2@group-30B6692CD68C, cid=403, SUCCESS, logIndex=725, commits[374189d0-76c5-49d2-81b4-45a4af1368a2:c726]
2019-06-14 08:42:51,687 INFO  client.GrpcClientProtocolClient (GrpcClientProtocolClient.java:onNext(254)) - client-2EC808601240->374189d0-76c5-49d2-81b4-45a4af1368a2: receive RaftClientReply:client-2EC808601240->374189d0-76c5-49d2-81b4-45a4af1368a2@group-30B6692CD68C, cid=404, SUCCESS, logIndex=726, commits[374189d0-76c5-49d2-81b4-45a4af1368a2:c727]
2019-06-14 08:42:51,693 INFO  client.GrpcClientProtocolClient (GrpcClientProtocolClient.java:onNext(254)) - client-2EC808601240->374189d0-76c5-49d2-81b4-45a4af1368a2: receive RaftClientReply:client-2EC808601240->374189d0-76c5-49d2-81b4-45a4af1368a2@group-30B6692CD68C, cid=405, SUCCESS, logIndex=729, commits[374189d0-76c5-49d2-81b4-45a4af1368a2:c729]
2019-06-14 08:42:51,695 INFO  client.GrpcClientProtocolClient (GrpcClientProtocolClient.java:onNext(254)) - client-2EC808601240->374189d0-76c5-49d2-81b4-45a4af1368a2: receive RaftClientReply:client-2EC808601240->374189d0-76c5-49d2-81b4-45a4af1368a2@group-30B6692CD68C, cid=406, SUCCESS, logIndex=731, commits[374189d0-76c5-49d2-81b4-45a4af1368a2:c731]
2019-06-14 08:42:51,699 INFO  client.GrpcClientProtocolClient (GrpcClientProtocolClient.java:onNext(254)) - client-2EC808601240->374189d0-76c5-49d2-81b4-45a4af1368a2: receive RaftClientReply:client-2EC808601240->374189d0-76c5-49d2-81b4-45a4af1368a2@group-30B6692CD68C, cid=407, SUCCESS, logIndex=732, commits[374189d0-76c5-49d2-81b4-45a4af1368a2:c733]
2019-06-14 08:42:51,699 INFO  client.GrpcClientProtocolClient (GrpcClientProtocolClient.java:onNext(254)) - client-2EC808601240->374189d0-76c5-49d2-81b4-45a4af1368a2: receive RaftClientReply:client-2EC808601240->374189d0-76c5-49d2-81b4-45a4af1368a2@group-30B6692CD68C, cid=408, SUCCESS, logIndex=734, commits[374189d0-76c5-49d2-81b4-45a4af1368a2:c734]
2019-06-14 08:42:51,709 INFO  client.GrpcClientProtocolClient (GrpcClientProtocolClient.java:onNext(254)) - client-2EC808601240->374189d0-76c5-49d2-81b4-45a4af1368a2: receive RaftClientReply:client-2EC808601240->374189d0-76c5-49d2-81b4-45a4af1368a2@group-30B6692CD68C, cid=409, SUCCESS, logIndex=736, commits[374189d0-76c5-49d2-81b4-45a4af1368a2:c736]
2019-06-14 08:42:51,712 INFO  client.GrpcClientProtocolClient (GrpcClientProtocolClient.java:onNext(254)) - client-2EC808601240->374189d0-76c5-49d2-81b4-45a4af1368a2: receive RaftClientReply:client-2EC808601240->374189d0-76c5-49d2-81b4-45a4af1368a2@group-30B6692CD68C, cid=410, SUCCESS, logIndex=738, commits[374189d0-76c5-49d2-81b4-45a4af1368a2:c738]
2019-06-14 08:42:51,713 INFO  client.GrpcClientProtocolClient (GrpcClientProtocolClient.java:onNext(254)) - client-2EC808601240->374189d0-76c5-49d2-81b4-45a4af1368a2: receive RaftClientReply:client-2EC808601240->374189d0-76c5-49d2-81b4-45a4af1368a2@group-30B6692CD68C, cid=411, SUCCESS, logIndex=739, commits[374189d0-76c5-49d2-81b4-45a4af1368a2:c741]
2019-06-14 08:42:51,715 INFO  client.GrpcClientProtocolClient (GrpcClientProtocolClient.java:onNext(254)) - client-2EC808601240->374189d0-76c5-49d2-81b4-45a4af1368a2: receive RaftClientReply:client-2EC808601240->374189d0-76c5-49d2-81b4-45a4af1368a2@group-30B6692CD68C, cid=412, SUCCESS, logIndex=741, commits[374189d0-76c5-49d2-81b4-45a4af1368a2:c742]
2019-06-14 08:42:51,723 INFO  client.GrpcClientProtocolClient (GrpcClientProtocolClient.java:onNext(254)) - client-2EC808601240->374189d0-76c5-49d2-81b4-45a4af1368a2: receive RaftClientReply:client-2EC808601240->374189d0-76c5-49d2-81b4-45a4af1368a2@group-30B6692CD68C, cid=413, SUCCESS, logIndex=743, commits[374189d0-76c5-49d2-81b4-45a4af1368a2:c743]
2019-06-14 08:42:51,726 INFO  client.GrpcClientProtocolClient (GrpcClientProtocolClient.java:onNext(254)) - client-2EC808601240->374189d0-76c5-49d2-81b4-45a4af1368a2: receive RaftClientReply:client-2EC808601240->374189d0-76c5-49d2-81b4-45a4af1368a2@group-30B6692CD68C, cid=414, SUCCESS, logIndex=745, commits[374189d0-76c5-49d2-81b4-45a4af1368a2:c745]
2019-06-14 08:42:51,727 INFO  client.GrpcClientProtocolClient (GrpcClientProtocolClient.java:onNext(254)) - client-2EC808601240->374189d0-76c5-49d2-81b4-45a4af1368a2: receive RaftClientReply:client-2EC808601240->374189d0-76c5-49d2-81b4-45a4af1368a2@group-30B6692CD68C, cid=415, SUCCESS, logIndex=746, commits[374189d0-76c5-49d2-81b4-45a4af1368a2:c746]
2019-06-14 08:42:51,727 INFO  client.GrpcClientProtocolClient (GrpcClientProtocolClient.java:onNext(254)) - client-2EC808601240->374189d0-76c5-49d2-81b4-45a4af1368a2: receive RaftClientReply:client-2EC808601240->374189d0-76c5-49d2-81b4-45a4af1368a2@group-30B6692CD68C, cid=416, SUCCESS, logIndex=748, commits[374189d0-76c5-49d2-81b4-45a4af1368a2:c748]
2019-06-14 08:42:51,738 INFO  client.GrpcClientProtocolClient (GrpcClientProtocolClient.java:onNext(254)) - client-2EC808601240->374189d0-76c5-49d2-81b4-45a4af1368a2: receive RaftClientReply:client-2EC808601240->374189d0-76c5-49d2-81b4-45a4af1368a2@group-30B6692CD68C, cid=417, SUCCESS, logIndex=751, commits[374189d0-76c5-49d2-81b4-45a4af1368a2:c751]
2019-06-14 08:42:51,743 INFO  client.GrpcClientProtocolClient (GrpcClientProtocolClient.java:onNext(254)) - client-2EC808601240->374189d0-76c5-49d2-81b4-45a4af1368a2: receive RaftClientReply:client-2EC808601240->374189d0-76c5-49d2-81b4-45a4af1368a2@group-30B6692CD68C, cid=418, SUCCESS, logIndex=753, commits[374189d0-76c5-49d2-81b4-45a4af1368a2:c753]
2019-06-14 08:42:51,744 INFO  client.GrpcClientProtocolClient (GrpcClientProtocolClient.java:onNext(254)) - client-2EC808601240->374189d0-76c5-49d2-81b4-45a4af1368a2: receive RaftClientReply:client-2EC808601240->374189d0-76c5-49d2-81b4-45a4af1368a2@group-30B6692CD68C, cid=419, SUCCESS, logIndex=754, commits[374189d0-76c5-49d2-81b4-45a4af1368a2:c756]
2019-06-14 08:42:51,744 INFO  client.GrpcClientProtocolClient (GrpcClientProtocolClient.java:onNext(254)) - client-2EC808601240->374189d0-76c5-49d2-81b4-45a4af1368a2: receive RaftClientReply:client-2EC808601240->374189d0-76c5-49d2-81b4-45a4af1368a2@group-30B6692CD68C, cid=420, SUCCESS, logIndex=756, commits[374189d0-76c5-49d2-81b4-45a4af1368a2:c756]
2019-06-14 08:42:51,751 INFO  client.GrpcClientProtocolClient (GrpcClientProtocolClient.java:onNext(254)) - client-2EC808601240->374189d0-76c5-49d2-81b4-45a4af1368a2: receive RaftClientReply:client-2EC808601240->374189d0-76c5-49d2-81b4-45a4af1368a2@group-30B6692CD68C, cid=421, SUCCESS, logIndex=758, commits[374189d0-76c5-49d2-81b4-45a4af1368a2:c758]
2019-06-14 08:42:51,754 INFO  client.GrpcClientProtocolClient (GrpcClientProtocolClient.java:onNext(254)) - client-2EC808601240->374189d0-76c5-49d2-81b4-45a4af1368a2: receive RaftClientReply:client-2EC808601240->374189d0-76c5-49d2-81b4-45a4af1368a2@group-30B6692CD68C, cid=422, SUCCESS, logIndex=760, commits[374189d0-76c5-49d2-81b4-45a4af1368a2:c760]
2019-06-14 08:42:51,755 INFO  client.GrpcClientProtocolClient (GrpcClientProtocolClient.java:onNext(254)) - client-2EC808601240->374189d0-76c5-49d2-81b4-45a4af1368a2: receive RaftClientReply:client-2EC808601240->374189d0-76c5-49d2-81b4-45a4af1368a2@group-30B6692CD68C, cid=423, SUCCESS, logIndex=761, commits[374189d0-76c5-49d2-81b4-45a4af1368a2:c763]
2019-06-14 08:42:51,756 INFO  client.GrpcClientProtocolClient (GrpcClientProtocolClient.java:onNext(254)) - client-2EC808601240->374189d0-76c5-49d2-81b4-45a4af1368a2: receive RaftClientReply:client-2EC808601240->374189d0-76c5-49d2-81b4-45a4af1368a2@group-30B6692CD68C, cid=424, SUCCESS, logIndex=763, commits[374189d0-76c5-49d2-81b4-45a4af1368a2:c764]
2019-06-14 08:42:51,760 DEBUG block.SCMBlockDeletingService (SCMBlockDeletingService.java:call(138)) - Running DeletedBlockTransactionScanner
2019-06-14 08:42:51,760 DEBUG block.SCMBlockDeletingService (SCMBlockDeletingService.java:call(155)) - Scanned deleted blocks log and got 0 delTX to process.
2019-06-14 08:42:51,771 INFO  client.GrpcClientProtocolClient (GrpcClientProtocolClient.java:onNext(254)) - client-2EC808601240->374189d0-76c5-49d2-81b4-45a4af1368a2: receive RaftClientReply:client-2EC808601240->374189d0-76c5-49d2-81b4-45a4af1368a2@group-30B6692CD68C, cid=425, SUCCESS, logIndex=765, commits[374189d0-76c5-49d2-81b4-45a4af1368a2:c765]
2019-06-14 08:42:51,776 INFO  client.GrpcClientProtocolClient (GrpcClientProtocolClient.java:onNext(254)) - client-2EC808601240->374189d0-76c5-49d2-81b4-45a4af1368a2: receive RaftClientReply:client-2EC808601240->374189d0-76c5-49d2-81b4-45a4af1368a2@group-30B6692CD68C, cid=426, SUCCESS, logIndex=767, commits[374189d0-76c5-49d2-81b4-45a4af1368a2:c767]
2019-06-14 08:42:51,776 INFO  client.GrpcClientProtocolClient (GrpcClientProtocolClient.java:onNext(254)) - client-2EC808601240->374189d0-76c5-49d2-81b4-45a4af1368a2: receive RaftClientReply:client-2EC808601240->374189d0-76c5-49d2-81b4-45a4af1368a2@group-30B6692CD68C, cid=427, SUCCESS, logIndex=768, commits[374189d0-76c5-49d2-81b4-45a4af1368a2:c770]
2019-06-14 08:42:51,776 INFO  client.GrpcClientProtocolClient (GrpcClientProtocolClient.java:onNext(254)) - client-2EC808601240->374189d0-76c5-49d2-81b4-45a4af1368a2: receive RaftClientReply:client-2EC808601240->374189d0-76c5-49d2-81b4-45a4af1368a2@group-30B6692CD68C, cid=428, SUCCESS, logIndex=769, commits[374189d0-76c5-49d2-81b4-45a4af1368a2:c770]
2019-06-14 08:42:51,783 INFO  client.GrpcClientProtocolClient (GrpcClientProtocolClient.java:onNext(254)) - client-2EC808601240->374189d0-76c5-49d2-81b4-45a4af1368a2: receive RaftClientReply:client-2EC808601240->374189d0-76c5-49d2-81b4-45a4af1368a2@group-30B6692CD68C, cid=429, SUCCESS, logIndex=771, commits[374189d0-76c5-49d2-81b4-45a4af1368a2:c771]
2019-06-14 08:42:51,783 INFO  storage.RaftLogWorker (RaftLogWorker.java:rollLogSegment(303)) - 374189d0-76c5-49d2-81b4-45a4af1368a2-RaftLogWorker: Rolling segment log-697_772 to index:772
2019-06-14 08:42:51,784 INFO  storage.RaftLogWorker (RaftLogWorker.java:execute(433)) - 374189d0-76c5-49d2-81b4-45a4af1368a2-RaftLogWorker: Rolled log segment from /opt/src/hadoop-ozone/integration-test/target/test-dir/MiniOzoneClusterImpl-1994f8b8-dd4d-445c-bf25-0c6d40f9b14d/datanode-0/data/ratis/99d0acb8-99ce-4814-8259-30b6692cd68c/current/log_inprogress_697 to /opt/src/hadoop-ozone/integration-test/target/test-dir/MiniOzoneClusterImpl-1994f8b8-dd4d-445c-bf25-0c6d40f9b14d/datanode-0/data/ratis/99d0acb8-99ce-4814-8259-30b6692cd68c/current/log_697-772
2019-06-14 08:42:51,818 INFO  storage.RaftLogWorker (RaftLogWorker.java:execute(469)) - 374189d0-76c5-49d2-81b4-45a4af1368a2-RaftLogWorker: created new log segment /opt/src/hadoop-ozone/integration-test/target/test-dir/MiniOzoneClusterImpl-1994f8b8-dd4d-445c-bf25-0c6d40f9b14d/datanode-0/data/ratis/99d0acb8-99ce-4814-8259-30b6692cd68c/current/log_inprogress_773
2019-06-14 08:42:51,821 INFO  client.GrpcClientProtocolClient (GrpcClientProtocolClient.java:onNext(254)) - client-2EC808601240->374189d0-76c5-49d2-81b4-45a4af1368a2: receive RaftClientReply:client-2EC808601240->374189d0-76c5-49d2-81b4-45a4af1368a2@group-30B6692CD68C, cid=430, SUCCESS, logIndex=773, commits[374189d0-76c5-49d2-81b4-45a4af1368a2:c774]
2019-06-14 08:42:51,827 INFO  client.GrpcClientProtocolClient (GrpcClientProtocolClient.java:onNext(254)) - client-2EC808601240->374189d0-76c5-49d2-81b4-45a4af1368a2: receive RaftClientReply:client-2EC808601240->374189d0-76c5-49d2-81b4-45a4af1368a2@group-30B6692CD68C, cid=431, SUCCESS, logIndex=775, commits[374189d0-76c5-49d2-81b4-45a4af1368a2:c776]
2019-06-14 08:42:51,827 INFO  client.GrpcClientProtocolClient (GrpcClientProtocolClient.java:onNext(254)) - client-2EC808601240->374189d0-76c5-49d2-81b4-45a4af1368a2: receive RaftClientReply:client-2EC808601240->374189d0-76c5-49d2-81b4-45a4af1368a2@group-30B6692CD68C, cid=432, SUCCESS, logIndex=776, commits[374189d0-76c5-49d2-81b4-45a4af1368a2:c776]
2019-06-14 08:42:51,840 INFO  client.GrpcClientProtocolClient (GrpcClientProtocolClient.java:onNext(254)) - client-2EC808601240->374189d0-76c5-49d2-81b4-45a4af1368a2: receive RaftClientReply:client-2EC808601240->374189d0-76c5-49d2-81b4-45a4af1368a2@group-30B6692CD68C, cid=433, SUCCESS, logIndex=778, commits[374189d0-76c5-49d2-81b4-45a4af1368a2:c778]
2019-06-14 08:42:51,843 INFO  client.GrpcClientProtocolClient (GrpcClientProtocolClient.java:onNext(254)) - client-2EC808601240->374189d0-76c5-49d2-81b4-45a4af1368a2: receive RaftClientReply:client-2EC808601240->374189d0-76c5-49d2-81b4-45a4af1368a2@group-30B6692CD68C, cid=434, SUCCESS, logIndex=780, commits[374189d0-76c5-49d2-81b4-45a4af1368a2:c780]
2019-06-14 08:42:51,843 INFO  client.GrpcClientProtocolClient (GrpcClientProtocolClient.java:onNext(254)) - client-2EC808601240->374189d0-76c5-49d2-81b4-45a4af1368a2: receive RaftClientReply:client-2EC808601240->374189d0-76c5-49d2-81b4-45a4af1368a2@group-30B6692CD68C, cid=435, SUCCESS, logIndex=781, commits[374189d0-76c5-49d2-81b4-45a4af1368a2:c782]
2019-06-14 08:42:51,844 INFO  client.GrpcClientProtocolClient (GrpcClientProtocolClient.java:onNext(254)) - client-2EC808601240->374189d0-76c5-49d2-81b4-45a4af1368a2: receive RaftClientReply:client-2EC808601240->374189d0-76c5-49d2-81b4-45a4af1368a2@group-30B6692CD68C, cid=436, SUCCESS, logIndex=782, commits[374189d0-76c5-49d2-81b4-45a4af1368a2:c783]
2019-06-14 08:42:51,850 INFO  client.GrpcClientProtocolClient (GrpcClientProtocolClient.java:onNext(254)) - client-2EC808601240->374189d0-76c5-49d2-81b4-45a4af1368a2: receive RaftClientReply:client-2EC808601240->374189d0-76c5-49d2-81b4-45a4af1368a2@group-30B6692CD68C, cid=437, SUCCESS, logIndex=785, commits[374189d0-76c5-49d2-81b4-45a4af1368a2:c785]
2019-06-14 08:42:51,852 INFO  client.GrpcClientProtocolClient (GrpcClientProtocolClient.java:onNext(254)) - client-2EC808601240->374189d0-76c5-49d2-81b4-45a4af1368a2: receive RaftClientReply:client-2EC808601240->374189d0-76c5-49d2-81b4-45a4af1368a2@group-30B6692CD68C, cid=438, SUCCESS, logIndex=787, commits[374189d0-76c5-49d2-81b4-45a4af1368a2:c787]
2019-06-14 08:42:51,855 INFO  client.GrpcClientProtocolClient (GrpcClientProtocolClient.java:onNext(254)) - client-2EC808601240->374189d0-76c5-49d2-81b4-45a4af1368a2: receive RaftClientReply:client-2EC808601240->374189d0-76c5-49d2-81b4-45a4af1368a2@group-30B6692CD68C, cid=439, SUCCESS, logIndex=789, commits[374189d0-76c5-49d2-81b4-45a4af1368a2:c790]
2019-06-14 08:42:51,855 INFO  client.GrpcClientProtocolClient (GrpcClientProtocolClient.java:onNext(254)) - client-2EC808601240->374189d0-76c5-49d2-81b4-45a4af1368a2: receive RaftClientReply:client-2EC808601240->374189d0-76c5-49d2-81b4-45a4af1368a2@group-30B6692CD68C, cid=440, SUCCESS, logIndex=790, commits[374189d0-76c5-49d2-81b4-45a4af1368a2:c790]
2019-06-14 08:42:51,860 DEBUG block.SCMBlockDeletingService (SCMBlockDeletingService.java:call(138)) - Running DeletedBlockTransactionScanner
2019-06-14 08:42:51,860 DEBUG block.SCMBlockDeletingService (SCMBlockDeletingService.java:call(155)) - Scanned deleted blocks log and got 0 delTX to process.
2019-06-14 08:42:51,867 INFO  client.GrpcClientProtocolClient (GrpcClientProtocolClient.java:onNext(254)) - client-2EC808601240->374189d0-76c5-49d2-81b4-45a4af1368a2: receive RaftClientReply:client-2EC808601240->374189d0-76c5-49d2-81b4-45a4af1368a2@group-30B6692CD68C, cid=441, SUCCESS, logIndex=792, commits[374189d0-76c5-49d2-81b4-45a4af1368a2:c792]
2019-06-14 08:42:51,872 INFO  client.GrpcClientProtocolClient (GrpcClientProtocolClient.java:onNext(254)) - client-2EC808601240->374189d0-76c5-49d2-81b4-45a4af1368a2: receive RaftClientReply:client-2EC808601240->374189d0-76c5-49d2-81b4-45a4af1368a2@group-30B6692CD68C, cid=442, SUCCESS, logIndex=794, commits[374189d0-76c5-49d2-81b4-45a4af1368a2:c794]
2019-06-14 08:42:51,939 INFO  client.GrpcClientProtocolClient (GrpcClientProtocolClient.java:onNext(254)) - client-2EC808601240->374189d0-76c5-49d2-81b4-45a4af1368a2: receive RaftClientReply:client-2EC808601240->374189d0-76c5-49d2-81b4-45a4af1368a2@group-30B6692CD68C, cid=443, SUCCESS, logIndex=796, commits[374189d0-76c5-49d2-81b4-45a4af1368a2:c796]
2019-06-14 08:42:51,947 INFO  client.GrpcClientProtocolClient (GrpcClientProtocolClient.java:onNext(254)) - client-2EC808601240->374189d0-76c5-49d2-81b4-45a4af1368a2: receive RaftClientReply:client-2EC808601240->374189d0-76c5-49d2-81b4-45a4af1368a2@group-30B6692CD68C, cid=444, SUCCESS, logIndex=798, commits[374189d0-76c5-49d2-81b4-45a4af1368a2:c798]
2019-06-14 08:42:51,955 INFO  client.GrpcClientProtocolClient (GrpcClientProtocolClient.java:onNext(254)) - client-2EC808601240->374189d0-76c5-49d2-81b4-45a4af1368a2: receive RaftClientReply:client-2EC808601240->374189d0-76c5-49d2-81b4-45a4af1368a2@group-30B6692CD68C, cid=445, SUCCESS, logIndex=800, commits[374189d0-76c5-49d2-81b4-45a4af1368a2:c801]
2019-06-14 08:42:51,961 DEBUG block.SCMBlockDeletingService (SCMBlockDeletingService.java:call(138)) - Running DeletedBlockTransactionScanner
2019-06-14 08:42:51,961 DEBUG block.SCMBlockDeletingService (SCMBlockDeletingService.java:call(155)) - Scanned deleted blocks log and got 0 delTX to process.
2019-06-14 08:42:51,966 INFO  client.GrpcClientProtocolClient (GrpcClientProtocolClient.java:onNext(254)) - client-2EC808601240->374189d0-76c5-49d2-81b4-45a4af1368a2: receive RaftClientReply:client-2EC808601240->374189d0-76c5-49d2-81b4-45a4af1368a2@group-30B6692CD68C, cid=446, SUCCESS, logIndex=802, commits[374189d0-76c5-49d2-81b4-45a4af1368a2:c805]
2019-06-14 08:42:51,967 INFO  client.GrpcClientProtocolClient (GrpcClientProtocolClient.java:onNext(254)) - client-2EC808601240->374189d0-76c5-49d2-81b4-45a4af1368a2: receive RaftClientReply:client-2EC808601240->374189d0-76c5-49d2-81b4-45a4af1368a2@group-30B6692CD68C, cid=447, SUCCESS, logIndex=803, commits[374189d0-76c5-49d2-81b4-45a4af1368a2:c806]
2019-06-14 08:42:51,971 INFO  client.GrpcClientProtocolClient (GrpcClientProtocolClient.java:onNext(254)) - client-2EC808601240->374189d0-76c5-49d2-81b4-45a4af1368a2: receive RaftClientReply:client-2EC808601240->374189d0-76c5-49d2-81b4-45a4af1368a2@group-30B6692CD68C, cid=448, SUCCESS, logIndex=804, commits[374189d0-76c5-49d2-81b4-45a4af1368a2:c806]
2019-06-14 08:42:51,982 INFO  client.GrpcClientProtocolClient (GrpcClientProtocolClient.java:onNext(254)) - client-2EC808601240->374189d0-76c5-49d2-81b4-45a4af1368a2: receive RaftClientReply:client-2EC808601240->374189d0-76c5-49d2-81b4-45a4af1368a2@group-30B6692CD68C, cid=449, SUCCESS, logIndex=807, commits[374189d0-76c5-49d2-81b4-45a4af1368a2:c807]
2019-06-14 08:42:51,983 INFO  client.GrpcClientProtocolClient (GrpcClientProtocolClient.java:onNext(254)) - client-2EC808601240->374189d0-76c5-49d2-81b4-45a4af1368a2: receive RaftClientReply:client-2EC808601240->374189d0-76c5-49d2-81b4-45a4af1368a2@group-30B6692CD68C, cid=450, SUCCESS, logIndex=809, commits[374189d0-76c5-49d2-81b4-45a4af1368a2:c809]
2019-06-14 08:42:51,986 INFO  client.GrpcClientProtocolClient (GrpcClientProtocolClient.java:onNext(254)) - client-2EC808601240->374189d0-76c5-49d2-81b4-45a4af1368a2: receive RaftClientReply:client-2EC808601240->374189d0-76c5-49d2-81b4-45a4af1368a2@group-30B6692CD68C, cid=451, SUCCESS, logIndex=811, commits[374189d0-76c5-49d2-81b4-45a4af1368a2:c812]
2019-06-14 08:42:51,986 INFO  client.GrpcClientProtocolClient (GrpcClientProtocolClient.java:onNext(254)) - client-2EC808601240->374189d0-76c5-49d2-81b4-45a4af1368a2: receive RaftClientReply:client-2EC808601240->374189d0-76c5-49d2-81b4-45a4af1368a2@group-30B6692CD68C, cid=452, SUCCESS, logIndex=812, commits[374189d0-76c5-49d2-81b4-45a4af1368a2:c812]
2019-06-14 08:42:51,993 INFO  client.GrpcClientProtocolClient (GrpcClientProtocolClient.java:onNext(254)) - client-2EC808601240->374189d0-76c5-49d2-81b4-45a4af1368a2: receive RaftClientReply:client-2EC808601240->374189d0-76c5-49d2-81b4-45a4af1368a2@group-30B6692CD68C, cid=453, SUCCESS, logIndex=814, commits[374189d0-76c5-49d2-81b4-45a4af1368a2:c814]
2019-06-14 08:42:51,995 INFO  client.GrpcClientProtocolClient (GrpcClientProtocolClient.java:onNext(254)) - client-2EC808601240->374189d0-76c5-49d2-81b4-45a4af1368a2: receive RaftClientReply:client-2EC808601240->374189d0-76c5-49d2-81b4-45a4af1368a2@group-30B6692CD68C, cid=454, SUCCESS, logIndex=816, commits[374189d0-76c5-49d2-81b4-45a4af1368a2:c816]
2019-06-14 08:42:51,996 INFO  client.GrpcClientProtocolClient (GrpcClientProtocolClient.java:onNext(254)) - client-2EC808601240->374189d0-76c5-49d2-81b4-45a4af1368a2: receive RaftClientReply:client-2EC808601240->374189d0-76c5-49d2-81b4-45a4af1368a2@group-30B6692CD68C, cid=455, SUCCESS, logIndex=817, commits[374189d0-76c5-49d2-81b4-45a4af1368a2:c819]
2019-06-14 08:42:51,997 INFO  client.GrpcClientProtocolClient (GrpcClientProtocolClient.java:onNext(254)) - client-2EC808601240->374189d0-76c5-49d2-81b4-45a4af1368a2: receive RaftClientReply:client-2EC808601240->374189d0-76c5-49d2-81b4-45a4af1368a2@group-30B6692CD68C, cid=456, SUCCESS, logIndex=819, commits[374189d0-76c5-49d2-81b4-45a4af1368a2:c819]
2019-06-14 08:42:52,008 INFO  client.GrpcClientProtocolClient (GrpcClientProtocolClient.java:onNext(254)) - client-2EC808601240->374189d0-76c5-49d2-81b4-45a4af1368a2: receive RaftClientReply:client-2EC808601240->374189d0-76c5-49d2-81b4-45a4af1368a2@group-30B6692CD68C, cid=457, SUCCESS, logIndex=821, commits[374189d0-76c5-49d2-81b4-45a4af1368a2:c821]
2019-06-14 08:42:52,009 INFO  client.GrpcClientProtocolClient (GrpcClientProtocolClient.java:onNext(254)) - client-2EC808601240->374189d0-76c5-49d2-81b4-45a4af1368a2: receive RaftClientReply:client-2EC808601240->374189d0-76c5-49d2-81b4-45a4af1368a2@group-30B6692CD68C, cid=458, SUCCESS, logIndex=823, commits[374189d0-76c5-49d2-81b4-45a4af1368a2:c823]
2019-06-14 08:42:52,011 INFO  client.GrpcClientProtocolClient (GrpcClientProtocolClient.java:onNext(254)) - client-2EC808601240->374189d0-76c5-49d2-81b4-45a4af1368a2: receive RaftClientReply:client-2EC808601240->374189d0-76c5-49d2-81b4-45a4af1368a2@group-30B6692CD68C, cid=459, SUCCESS, logIndex=824, commits[374189d0-76c5-49d2-81b4-45a4af1368a2:c826]
2019-06-14 08:42:52,012 INFO  client.GrpcClientProtocolClient (GrpcClientProtocolClient.java:onNext(254)) - client-2EC808601240->374189d0-76c5-49d2-81b4-45a4af1368a2: receive RaftClientReply:client-2EC808601240->374189d0-76c5-49d2-81b4-45a4af1368a2@group-30B6692CD68C, cid=460, SUCCESS, logIndex=826, commits[374189d0-76c5-49d2-81b4-45a4af1368a2:c826]
2019-06-14 08:42:52,021 INFO  client.GrpcClientProtocolClient (GrpcClientProtocolClient.java:onNext(254)) - client-2EC808601240->374189d0-76c5-49d2-81b4-45a4af1368a2: receive RaftClientReply:client-2EC808601240->374189d0-76c5-49d2-81b4-45a4af1368a2@group-30B6692CD68C, cid=461, SUCCESS, logIndex=828, commits[374189d0-76c5-49d2-81b4-45a4af1368a2:c828]
2019-06-14 08:42:52,023 INFO  client.GrpcClientProtocolClient (GrpcClientProtocolClient.java:onNext(254)) - client-2EC808601240->374189d0-76c5-49d2-81b4-45a4af1368a2: receive RaftClientReply:client-2EC808601240->374189d0-76c5-49d2-81b4-45a4af1368a2@group-30B6692CD68C, cid=462, SUCCESS, logIndex=830, commits[374189d0-76c5-49d2-81b4-45a4af1368a2:c830]
2019-06-14 08:42:52,025 INFO  client.GrpcClientProtocolClient (GrpcClientProtocolClient.java:onNext(254)) - client-2EC808601240->374189d0-76c5-49d2-81b4-45a4af1368a2: receive RaftClientReply:client-2EC808601240->374189d0-76c5-49d2-81b4-45a4af1368a2@group-30B6692CD68C, cid=463, SUCCESS, logIndex=832, commits[374189d0-76c5-49d2-81b4-45a4af1368a2:c833]
2019-06-14 08:42:52,025 INFO  client.GrpcClientProtocolClient (GrpcClientProtocolClient.java:onNext(254)) - client-2EC808601240->374189d0-76c5-49d2-81b4-45a4af1368a2: receive RaftClientReply:client-2EC808601240->374189d0-76c5-49d2-81b4-45a4af1368a2@group-30B6692CD68C, cid=464, SUCCESS, logIndex=833, commits[374189d0-76c5-49d2-81b4-45a4af1368a2:c833]
2019-06-14 08:42:52,038 INFO  client.GrpcClientProtocolClient (GrpcClientProtocolClient.java:onNext(254)) - client-2EC808601240->374189d0-76c5-49d2-81b4-45a4af1368a2: receive RaftClientReply:client-2EC808601240->374189d0-76c5-49d2-81b4-45a4af1368a2@group-30B6692CD68C, cid=465, SUCCESS, logIndex=835, commits[374189d0-76c5-49d2-81b4-45a4af1368a2:c835]
2019-06-14 08:42:52,040 INFO  client.GrpcClientProtocolClient (GrpcClientProtocolClient.java:onNext(254)) - client-2EC808601240->374189d0-76c5-49d2-81b4-45a4af1368a2: receive RaftClientReply:client-2EC808601240->374189d0-76c5-49d2-81b4-45a4af1368a2@group-30B6692CD68C, cid=466, SUCCESS, logIndex=837, commits[374189d0-76c5-49d2-81b4-45a4af1368a2:c837]
2019-06-14 08:42:52,043 INFO  client.GrpcClientProtocolClient (GrpcClientProtocolClient.java:onNext(254)) - client-2EC808601240->374189d0-76c5-49d2-81b4-45a4af1368a2: receive RaftClientReply:client-2EC808601240->374189d0-76c5-49d2-81b4-45a4af1368a2@group-30B6692CD68C, cid=467, SUCCESS, logIndex=839, commits[374189d0-76c5-49d2-81b4-45a4af1368a2:c840]
2019-06-14 08:42:52,046 INFO  client.GrpcClientProtocolClient (GrpcClientProtocolClient.java:onNext(254)) - client-2EC808601240->374189d0-76c5-49d2-81b4-45a4af1368a2: receive RaftClientReply:client-2EC808601240->374189d0-76c5-49d2-81b4-45a4af1368a2@group-30B6692CD68C, cid=468, SUCCESS, logIndex=840, commits[374189d0-76c5-49d2-81b4-45a4af1368a2:c841]
2019-06-14 08:42:52,117 DEBUG block.SCMBlockDeletingService (SCMBlockDeletingService.java:call(138)) - Running DeletedBlockTransactionScanner
2019-06-14 08:42:52,117 DEBUG block.SCMBlockDeletingService (SCMBlockDeletingService.java:call(155)) - Scanned deleted blocks log and got 0 delTX to process.
2019-06-14 08:42:52,122 INFO  client.GrpcClientProtocolClient (GrpcClientProtocolClient.java:onNext(254)) - client-2EC808601240->374189d0-76c5-49d2-81b4-45a4af1368a2: receive RaftClientReply:client-2EC808601240->374189d0-76c5-49d2-81b4-45a4af1368a2@group-30B6692CD68C, cid=469, SUCCESS, logIndex=842, commits[374189d0-76c5-49d2-81b4-45a4af1368a2:c842]
2019-06-14 08:42:52,123 INFO  storage.RaftLogWorker (RaftLogWorker.java:rollLogSegment(303)) - 374189d0-76c5-49d2-81b4-45a4af1368a2-RaftLogWorker: Rolling segment log-773_846 to index:846
2019-06-14 08:42:52,124 INFO  client.GrpcClientProtocolClient (GrpcClientProtocolClient.java:onNext(254)) - client-2EC808601240->374189d0-76c5-49d2-81b4-45a4af1368a2: receive RaftClientReply:client-2EC808601240->374189d0-76c5-49d2-81b4-45a4af1368a2@group-30B6692CD68C, cid=470, SUCCESS, logIndex=844, commits[374189d0-76c5-49d2-81b4-45a4af1368a2:c844]
2019-06-14 08:42:52,124 INFO  storage.RaftLogWorker (RaftLogWorker.java:execute(433)) - 374189d0-76c5-49d2-81b4-45a4af1368a2-RaftLogWorker: Rolled log segment from /opt/src/hadoop-ozone/integration-test/target/test-dir/MiniOzoneClusterImpl-1994f8b8-dd4d-445c-bf25-0c6d40f9b14d/datanode-0/data/ratis/99d0acb8-99ce-4814-8259-30b6692cd68c/current/log_inprogress_773 to /opt/src/hadoop-ozone/integration-test/target/test-dir/MiniOzoneClusterImpl-1994f8b8-dd4d-445c-bf25-0c6d40f9b14d/datanode-0/data/ratis/99d0acb8-99ce-4814-8259-30b6692cd68c/current/log_773-846
2019-06-14 08:42:52,127 INFO  client.GrpcClientProtocolClient (GrpcClientProtocolClient.java:onNext(254)) - client-2EC808601240->374189d0-76c5-49d2-81b4-45a4af1368a2: receive RaftClientReply:client-2EC808601240->374189d0-76c5-49d2-81b4-45a4af1368a2@group-30B6692CD68C, cid=471, SUCCESS, logIndex=845, commits[374189d0-76c5-49d2-81b4-45a4af1368a2:c846]
2019-06-14 08:42:52,160 INFO  storage.RaftLogWorker (RaftLogWorker.java:execute(469)) - 374189d0-76c5-49d2-81b4-45a4af1368a2-RaftLogWorker: created new log segment /opt/src/hadoop-ozone/integration-test/target/test-dir/MiniOzoneClusterImpl-1994f8b8-dd4d-445c-bf25-0c6d40f9b14d/datanode-0/data/ratis/99d0acb8-99ce-4814-8259-30b6692cd68c/current/log_inprogress_847
2019-06-14 08:42:52,162 INFO  client.GrpcClientProtocolClient (GrpcClientProtocolClient.java:onNext(254)) - client-2EC808601240->374189d0-76c5-49d2-81b4-45a4af1368a2: receive RaftClientReply:client-2EC808601240->374189d0-76c5-49d2-81b4-45a4af1368a2@group-30B6692CD68C, cid=472, SUCCESS, logIndex=847, commits[374189d0-76c5-49d2-81b4-45a4af1368a2:c848]
2019-06-14 08:42:52,174 INFO  client.GrpcClientProtocolClient (GrpcClientProtocolClient.java:onNext(254)) - client-2EC808601240->374189d0-76c5-49d2-81b4-45a4af1368a2: receive RaftClientReply:client-2EC808601240->374189d0-76c5-49d2-81b4-45a4af1368a2@group-30B6692CD68C, cid=473, SUCCESS, logIndex=849, commits[374189d0-76c5-49d2-81b4-45a4af1368a2:c849]
2019-06-14 08:42:52,179 INFO  client.GrpcClientProtocolClient (GrpcClientProtocolClient.java:onNext(254)) - client-2EC808601240->374189d0-76c5-49d2-81b4-45a4af1368a2: receive RaftClientReply:client-2EC808601240->374189d0-76c5-49d2-81b4-45a4af1368a2@group-30B6692CD68C, cid=474, SUCCESS, logIndex=851, commits[374189d0-76c5-49d2-81b4-45a4af1368a2:c853]
2019-06-14 08:42:52,183 INFO  client.GrpcClientProtocolClient (GrpcClientProtocolClient.java:onNext(254)) - client-2EC808601240->374189d0-76c5-49d2-81b4-45a4af1368a2: receive RaftClientReply:client-2EC808601240->374189d0-76c5-49d2-81b4-45a4af1368a2@group-30B6692CD68C, cid=475, SUCCESS, logIndex=852, commits[374189d0-76c5-49d2-81b4-45a4af1368a2:c854]
2019-06-14 08:42:52,184 INFO  client.GrpcClientProtocolClient (GrpcClientProtocolClient.java:onNext(254)) - client-2EC808601240->374189d0-76c5-49d2-81b4-45a4af1368a2: receive RaftClientReply:client-2EC808601240->374189d0-76c5-49d2-81b4-45a4af1368a2@group-30B6692CD68C, cid=476, SUCCESS, logIndex=853, commits[374189d0-76c5-49d2-81b4-45a4af1368a2:c854]
2019-06-14 08:42:52,191 INFO  client.GrpcClientProtocolClient (GrpcClientProtocolClient.java:onNext(254)) - client-2EC808601240->374189d0-76c5-49d2-81b4-45a4af1368a2: receive RaftClientReply:client-2EC808601240->374189d0-76c5-49d2-81b4-45a4af1368a2@group-30B6692CD68C, cid=477, SUCCESS, logIndex=855, commits[374189d0-76c5-49d2-81b4-45a4af1368a2:c856]
2019-06-14 08:42:52,195 INFO  client.GrpcClientProtocolClient (GrpcClientProtocolClient.java:onNext(254)) - client-2EC808601240->374189d0-76c5-49d2-81b4-45a4af1368a2: receive RaftClientReply:client-2EC808601240->374189d0-76c5-49d2-81b4-45a4af1368a2@group-30B6692CD68C, cid=478, SUCCESS, logIndex=857, commits[374189d0-76c5-49d2-81b4-45a4af1368a2:c859]
2019-06-14 08:42:52,195 INFO  client.GrpcClientProtocolClient (GrpcClientProtocolClient.java:onNext(254)) - client-2EC808601240->374189d0-76c5-49d2-81b4-45a4af1368a2: receive RaftClientReply:client-2EC808601240->374189d0-76c5-49d2-81b4-45a4af1368a2@group-30B6692CD68C, cid=479, SUCCESS, logIndex=858, commits[374189d0-76c5-49d2-81b4-45a4af1368a2:c860]
2019-06-14 08:42:52,195 INFO  client.GrpcClientProtocolClient (GrpcClientProtocolClient.java:onNext(254)) - client-2EC808601240->374189d0-76c5-49d2-81b4-45a4af1368a2: receive RaftClientReply:client-2EC808601240->374189d0-76c5-49d2-81b4-45a4af1368a2@group-30B6692CD68C, cid=480, SUCCESS, logIndex=859, commits[374189d0-76c5-49d2-81b4-45a4af1368a2:c860]
2019-06-14 08:42:52,206 INFO  client.GrpcClientProtocolClient (GrpcClientProtocolClient.java:onNext(254)) - client-2EC808601240->374189d0-76c5-49d2-81b4-45a4af1368a2: receive RaftClientReply:client-2EC808601240->374189d0-76c5-49d2-81b4-45a4af1368a2@group-30B6692CD68C, cid=481, SUCCESS, logIndex=861, commits[374189d0-76c5-49d2-81b4-45a4af1368a2:c861]
2019-06-14 08:42:52,208 INFO  client.GrpcClientProtocolClient (GrpcClientProtocolClient.java:onNext(254)) - client-2EC808601240->374189d0-76c5-49d2-81b4-45a4af1368a2: receive RaftClientReply:client-2EC808601240->374189d0-76c5-49d2-81b4-45a4af1368a2@group-30B6692CD68C, cid=482, SUCCESS, logIndex=863, commits[374189d0-76c5-49d2-81b4-45a4af1368a2:c863]
2019-06-14 08:42:52,214 INFO  client.GrpcClientProtocolClient (GrpcClientProtocolClient.java:onNext(254)) - client-2EC808601240->374189d0-76c5-49d2-81b4-45a4af1368a2: receive RaftClientReply:client-2EC808601240->374189d0-76c5-49d2-81b4-45a4af1368a2@group-30B6692CD68C, cid=483, SUCCESS, logIndex=865, commits[374189d0-76c5-49d2-81b4-45a4af1368a2:c865]
2019-06-14 08:42:52,214 INFO  client.GrpcClientProtocolClient (GrpcClientProtocolClient.java:onNext(254)) - client-2EC808601240->374189d0-76c5-49d2-81b4-45a4af1368a2: receive RaftClientReply:client-2EC808601240->374189d0-76c5-49d2-81b4-45a4af1368a2@group-30B6692CD68C, cid=484, SUCCESS, logIndex=866, commits[374189d0-76c5-49d2-81b4-45a4af1368a2:c866]
2019-06-14 08:42:52,218 DEBUG block.SCMBlockDeletingService (SCMBlockDeletingService.java:call(138)) - Running DeletedBlockTransactionScanner
2019-06-14 08:42:52,218 DEBUG block.SCMBlockDeletingService (SCMBlockDeletingService.java:call(155)) - Scanned deleted blocks log and got 0 delTX to process.
2019-06-14 08:42:52,221 INFO  client.GrpcClientProtocolClient (GrpcClientProtocolClient.java:onNext(254)) - client-2EC808601240->374189d0-76c5-49d2-81b4-45a4af1368a2: receive RaftClientReply:client-2EC808601240->374189d0-76c5-49d2-81b4-45a4af1368a2@group-30B6692CD68C, cid=485, SUCCESS, logIndex=869, commits[374189d0-76c5-49d2-81b4-45a4af1368a2:c869]
2019-06-14 08:42:52,227 INFO  client.GrpcClientProtocolClient (GrpcClientProtocolClient.java:onNext(254)) - client-2EC808601240->374189d0-76c5-49d2-81b4-45a4af1368a2: receive RaftClientReply:client-2EC808601240->374189d0-76c5-49d2-81b4-45a4af1368a2@group-30B6692CD68C, cid=486, SUCCESS, logIndex=871, commits[374189d0-76c5-49d2-81b4-45a4af1368a2:c871]
2019-06-14 08:42:52,291 INFO  client.GrpcClientProtocolClient (GrpcClientProtocolClient.java:onNext(254)) - client-2EC808601240->374189d0-76c5-49d2-81b4-45a4af1368a2: receive RaftClientReply:client-2EC808601240->374189d0-76c5-49d2-81b4-45a4af1368a2@group-30B6692CD68C, cid=487, SUCCESS, logIndex=873, commits[374189d0-76c5-49d2-81b4-45a4af1368a2:c873]
2019-06-14 08:42:52,293 INFO  client.GrpcClientProtocolClient (GrpcClientProtocolClient.java:onNext(254)) - client-2EC808601240->374189d0-76c5-49d2-81b4-45a4af1368a2: receive RaftClientReply:client-2EC808601240->374189d0-76c5-49d2-81b4-45a4af1368a2@group-30B6692CD68C, cid=488, SUCCESS, logIndex=875, commits[374189d0-76c5-49d2-81b4-45a4af1368a2:c875]
2019-06-14 08:42:52,304 INFO  client.GrpcClientProtocolClient (GrpcClientProtocolClient.java:onNext(254)) - client-2EC808601240->374189d0-76c5-49d2-81b4-45a4af1368a2: receive RaftClientReply:client-2EC808601240->374189d0-76c5-49d2-81b4-45a4af1368a2@group-30B6692CD68C, cid=489, SUCCESS, logIndex=877, commits[374189d0-76c5-49d2-81b4-45a4af1368a2:c877]
2019-06-14 08:42:52,306 INFO  client.GrpcClientProtocolClient (GrpcClientProtocolClient.java:onNext(254)) - client-2EC808601240->374189d0-76c5-49d2-81b4-45a4af1368a2: receive RaftClientReply:client-2EC808601240->374189d0-76c5-49d2-81b4-45a4af1368a2@group-30B6692CD68C, cid=490, SUCCESS, logIndex=879, commits[374189d0-76c5-49d2-81b4-45a4af1368a2:c879]
2019-06-14 08:42:52,307 INFO  client.GrpcClientProtocolClient (GrpcClientProtocolClient.java:onNext(254)) - client-2EC808601240->374189d0-76c5-49d2-81b4-45a4af1368a2: receive RaftClientReply:client-2EC808601240->374189d0-76c5-49d2-81b4-45a4af1368a2@group-30B6692CD68C, cid=491, SUCCESS, logIndex=880, commits[374189d0-76c5-49d2-81b4-45a4af1368a2:c880]
2019-06-14 08:42:52,307 INFO  client.GrpcClientProtocolClient (GrpcClientProtocolClient.java:onNext(254)) - client-2EC808601240->374189d0-76c5-49d2-81b4-45a4af1368a2: receive RaftClientReply:client-2EC808601240->374189d0-76c5-49d2-81b4-45a4af1368a2@group-30B6692CD68C, cid=492, SUCCESS, logIndex=882, commits[374189d0-76c5-49d2-81b4-45a4af1368a2:c882]
2019-06-14 08:42:52,314 INFO  client.GrpcClientProtocolClient (GrpcClientProtocolClient.java:onNext(254)) - client-2EC808601240->374189d0-76c5-49d2-81b4-45a4af1368a2: receive RaftClientReply:client-2EC808601240->374189d0-76c5-49d2-81b4-45a4af1368a2@group-30B6692CD68C, cid=493, SUCCESS, logIndex=885, commits[374189d0-76c5-49d2-81b4-45a4af1368a2:c885]
2019-06-14 08:42:52,316 INFO  client.GrpcClientProtocolClient (GrpcClientProtocolClient.java:onNext(254)) - client-2EC808601240->374189d0-76c5-49d2-81b4-45a4af1368a2: receive RaftClientReply:client-2EC808601240->374189d0-76c5-49d2-81b4-45a4af1368a2@group-30B6692CD68C, cid=494, SUCCESS, logIndex=887, commits[374189d0-76c5-49d2-81b4-45a4af1368a2:c887]
2019-06-14 08:42:52,317 INFO  client.GrpcClientProtocolClient (GrpcClientProtocolClient.java:onNext(254)) - client-2EC808601240->374189d0-76c5-49d2-81b4-45a4af1368a2: receive RaftClientReply:client-2EC808601240->374189d0-76c5-49d2-81b4-45a4af1368a2@group-30B6692CD68C, cid=495, SUCCESS, logIndex=888, commits[374189d0-76c5-49d2-81b4-45a4af1368a2:c890]
2019-06-14 08:42:52,317 INFO  client.GrpcClientProtocolClient (GrpcClientProtocolClient.java:onNext(254)) - client-2EC808601240->374189d0-76c5-49d2-81b4-45a4af1368a2: receive RaftClientReply:client-2EC808601240->374189d0-76c5-49d2-81b4-45a4af1368a2@group-30B6692CD68C, cid=496, SUCCESS, logIndex=889, commits[374189d0-76c5-49d2-81b4-45a4af1368a2:c890]
2019-06-14 08:42:52,318 DEBUG block.SCMBlockDeletingService (SCMBlockDeletingService.java:call(138)) - Running DeletedBlockTransactionScanner
2019-06-14 08:42:52,319 DEBUG block.SCMBlockDeletingService (SCMBlockDeletingService.java:call(155)) - Scanned deleted blocks log and got 0 delTX to process.
2019-06-14 08:42:52,327 INFO  client.GrpcClientProtocolClient (GrpcClientProtocolClient.java:onNext(254)) - client-2EC808601240->374189d0-76c5-49d2-81b4-45a4af1368a2: receive RaftClientReply:client-2EC808601240->374189d0-76c5-49d2-81b4-45a4af1368a2@group-30B6692CD68C, cid=497, SUCCESS, logIndex=891, commits[374189d0-76c5-49d2-81b4-45a4af1368a2:c891]
2019-06-14 08:42:52,329 INFO  client.GrpcClientProtocolClient (GrpcClientProtocolClient.java:onNext(254)) - client-2EC808601240->374189d0-76c5-49d2-81b4-45a4af1368a2: receive RaftClientReply:client-2EC808601240->374189d0-76c5-49d2-81b4-45a4af1368a2@group-30B6692CD68C, cid=498, SUCCESS, logIndex=893, commits[374189d0-76c5-49d2-81b4-45a4af1368a2:c893]
2019-06-14 08:42:52,331 INFO  client.GrpcClientProtocolClient (GrpcClientProtocolClient.java:onNext(254)) - client-2EC808601240->374189d0-76c5-49d2-81b4-45a4af1368a2: receive RaftClientReply:client-2EC808601240->374189d0-76c5-49d2-81b4-45a4af1368a2@group-30B6692CD68C, cid=499, SUCCESS, logIndex=894, commits[374189d0-76c5-49d2-81b4-45a4af1368a2:c896]
2019-06-14 08:42:52,331 INFO  client.GrpcClientProtocolClient (GrpcClientProtocolClient.java:onNext(254)) - client-2EC808601240->374189d0-76c5-49d2-81b4-45a4af1368a2: receive RaftClientReply:client-2EC808601240->374189d0-76c5-49d2-81b4-45a4af1368a2@group-30B6692CD68C, cid=500, SUCCESS, logIndex=895, commits[374189d0-76c5-49d2-81b4-45a4af1368a2:c896]
2019-06-14 08:42:52,340 INFO  client.GrpcClientProtocolClient (GrpcClientProtocolClient.java:onNext(254)) - client-2EC808601240->374189d0-76c5-49d2-81b4-45a4af1368a2: receive RaftClientReply:client-2EC808601240->374189d0-76c5-49d2-81b4-45a4af1368a2@group-30B6692CD68C, cid=501, SUCCESS, logIndex=897, commits[374189d0-76c5-49d2-81b4-45a4af1368a2:c897]
2019-06-14 08:42:52,342 INFO  client.GrpcClientProtocolClient (GrpcClientProtocolClient.java:onNext(254)) - client-2EC808601240->374189d0-76c5-49d2-81b4-45a4af1368a2: receive RaftClientReply:client-2EC808601240->374189d0-76c5-49d2-81b4-45a4af1368a2@group-30B6692CD68C, cid=502, SUCCESS, logIndex=899, commits[374189d0-76c5-49d2-81b4-45a4af1368a2:c899]
2019-06-14 08:42:52,343 INFO  client.GrpcClientProtocolClient (GrpcClientProtocolClient.java:onNext(254)) - client-2EC808601240->374189d0-76c5-49d2-81b4-45a4af1368a2: receive RaftClientReply:client-2EC808601240->374189d0-76c5-49d2-81b4-45a4af1368a2@group-30B6692CD68C, cid=503, SUCCESS, logIndex=900, commits[374189d0-76c5-49d2-81b4-45a4af1368a2:c902]
2019-06-14 08:42:52,343 INFO  client.GrpcClientProtocolClient (GrpcClientProtocolClient.java:onNext(254)) - client-2EC808601240->374189d0-76c5-49d2-81b4-45a4af1368a2: receive RaftClientReply:client-2EC808601240->374189d0-76c5-49d2-81b4-45a4af1368a2@group-30B6692CD68C, cid=504, SUCCESS, logIndex=902, commits[374189d0-76c5-49d2-81b4-45a4af1368a2:c902]
2019-06-14 08:42:52,353 INFO  client.GrpcClientProtocolClient (GrpcClientProtocolClient.java:onNext(254)) - client-2EC808601240->374189d0-76c5-49d2-81b4-45a4af1368a2: receive RaftClientReply:client-2EC808601240->374189d0-76c5-49d2-81b4-45a4af1368a2@group-30B6692CD68C, cid=505, SUCCESS, logIndex=904, commits[374189d0-76c5-49d2-81b4-45a4af1368a2:c904]
2019-06-14 08:42:52,356 INFO  client.GrpcClientProtocolClient (GrpcClientProtocolClient.java:onNext(254)) - client-2EC808601240->374189d0-76c5-49d2-81b4-45a4af1368a2: receive RaftClientReply:client-2EC808601240->374189d0-76c5-49d2-81b4-45a4af1368a2@group-30B6692CD68C, cid=506, SUCCESS, logIndex=906, commits[374189d0-76c5-49d2-81b4-45a4af1368a2:c906]
2019-06-14 08:42:52,357 INFO  client.GrpcClientProtocolClient (GrpcClientProtocolClient.java:onNext(254)) - client-2EC808601240->374189d0-76c5-49d2-81b4-45a4af1368a2: receive RaftClientReply:client-2EC808601240->374189d0-76c5-49d2-81b4-45a4af1368a2@group-30B6692CD68C, cid=507, SUCCESS, logIndex=907, commits[374189d0-76c5-49d2-81b4-45a4af1368a2:c909]
2019-06-14 08:42:52,358 INFO  client.GrpcClientProtocolClient (GrpcClientProtocolClient.java:onNext(254)) - client-2EC808601240->374189d0-76c5-49d2-81b4-45a4af1368a2: receive RaftClientReply:client-2EC808601240->374189d0-76c5-49d2-81b4-45a4af1368a2@group-30B6692CD68C, cid=508, SUCCESS, logIndex=909, commits[374189d0-76c5-49d2-81b4-45a4af1368a2:c910]
2019-06-14 08:42:52,367 INFO  client.GrpcClientProtocolClient (GrpcClientProtocolClient.java:onNext(254)) - client-2EC808601240->374189d0-76c5-49d2-81b4-45a4af1368a2: receive RaftClientReply:client-2EC808601240->374189d0-76c5-49d2-81b4-45a4af1368a2@group-30B6692CD68C, cid=509, SUCCESS, logIndex=911, commits[374189d0-76c5-49d2-81b4-45a4af1368a2:c911]
2019-06-14 08:42:52,369 INFO  client.GrpcClientProtocolClient (GrpcClientProtocolClient.java:onNext(254)) - client-2EC808601240->374189d0-76c5-49d2-81b4-45a4af1368a2: receive RaftClientReply:client-2EC808601240->374189d0-76c5-49d2-81b4-45a4af1368a2@group-30B6692CD68C, cid=510, SUCCESS, logIndex=913, commits[374189d0-76c5-49d2-81b4-45a4af1368a2:c913]
2019-06-14 08:42:52,371 INFO  client.GrpcClientProtocolClient (GrpcClientProtocolClient.java:onNext(254)) - client-2EC808601240->374189d0-76c5-49d2-81b4-45a4af1368a2: receive RaftClientReply:client-2EC808601240->374189d0-76c5-49d2-81b4-45a4af1368a2@group-30B6692CD68C, cid=511, SUCCESS, logIndex=914, commits[374189d0-76c5-49d2-81b4-45a4af1368a2:c915]
2019-06-14 08:42:52,372 INFO  client.GrpcClientProtocolClient (GrpcClientProtocolClient.java:onNext(254)) - client-2EC808601240->374189d0-76c5-49d2-81b4-45a4af1368a2: receive RaftClientReply:client-2EC808601240->374189d0-76c5-49d2-81b4-45a4af1368a2@group-30B6692CD68C, cid=512, SUCCESS, logIndex=916, commits[374189d0-76c5-49d2-81b4-45a4af1368a2:c916]
2019-06-14 08:42:52,384 INFO  client.GrpcClientProtocolClient (GrpcClientProtocolClient.java:onNext(254)) - client-2EC808601240->374189d0-76c5-49d2-81b4-45a4af1368a2: receive RaftClientReply:client-2EC808601240->374189d0-76c5-49d2-81b4-45a4af1368a2@group-30B6692CD68C, cid=513, SUCCESS, logIndex=918, commits[374189d0-76c5-49d2-81b4-45a4af1368a2:c918]
2019-06-14 08:42:52,384 INFO  storage.RaftLogWorker (RaftLogWorker.java:rollLogSegment(303)) - 374189d0-76c5-49d2-81b4-45a4af1368a2-RaftLogWorker: Rolling segment log-847_920 to index:920
2019-06-14 08:42:52,385 INFO  storage.RaftLogWorker (RaftLogWorker.java:execute(433)) - 374189d0-76c5-49d2-81b4-45a4af1368a2-RaftLogWorker: Rolled log segment from /opt/src/hadoop-ozone/integration-test/target/test-dir/MiniOzoneClusterImpl-1994f8b8-dd4d-445c-bf25-0c6d40f9b14d/datanode-0/data/ratis/99d0acb8-99ce-4814-8259-30b6692cd68c/current/log_inprogress_847 to /opt/src/hadoop-ozone/integration-test/target/test-dir/MiniOzoneClusterImpl-1994f8b8-dd4d-445c-bf25-0c6d40f9b14d/datanode-0/data/ratis/99d0acb8-99ce-4814-8259-30b6692cd68c/current/log_847-920
2019-06-14 08:42:52,391 INFO  client.GrpcClientProtocolClient (GrpcClientProtocolClient.java:onNext(254)) - client-2EC808601240->374189d0-76c5-49d2-81b4-45a4af1368a2: receive RaftClientReply:client-2EC808601240->374189d0-76c5-49d2-81b4-45a4af1368a2@group-30B6692CD68C, cid=514, SUCCESS, logIndex=920, commits[374189d0-76c5-49d2-81b4-45a4af1368a2:c920]
2019-06-14 08:42:52,419 DEBUG block.SCMBlockDeletingService (SCMBlockDeletingService.java:call(138)) - Running DeletedBlockTransactionScanner
2019-06-14 08:42:52,420 DEBUG block.SCMBlockDeletingService (SCMBlockDeletingService.java:call(155)) - Scanned deleted blocks log and got 0 delTX to process.
2019-06-14 08:42:52,423 INFO  storage.RaftLogWorker (RaftLogWorker.java:execute(469)) - 374189d0-76c5-49d2-81b4-45a4af1368a2-RaftLogWorker: created new log segment /opt/src/hadoop-ozone/integration-test/target/test-dir/MiniOzoneClusterImpl-1994f8b8-dd4d-445c-bf25-0c6d40f9b14d/datanode-0/data/ratis/99d0acb8-99ce-4814-8259-30b6692cd68c/current/log_inprogress_921
2019-06-14 08:42:52,425 INFO  client.GrpcClientProtocolClient (GrpcClientProtocolClient.java:onNext(254)) - client-2EC808601240->374189d0-76c5-49d2-81b4-45a4af1368a2: receive RaftClientReply:client-2EC808601240->374189d0-76c5-49d2-81b4-45a4af1368a2@group-30B6692CD68C, cid=515, SUCCESS, logIndex=921, commits[374189d0-76c5-49d2-81b4-45a4af1368a2:c923]
2019-06-14 08:42:52,425 INFO  client.GrpcClientProtocolClient (GrpcClientProtocolClient.java:onNext(254)) - client-2EC808601240->374189d0-76c5-49d2-81b4-45a4af1368a2: receive RaftClientReply:client-2EC808601240->374189d0-76c5-49d2-81b4-45a4af1368a2@group-30B6692CD68C, cid=516, SUCCESS, logIndex=923, commits[374189d0-76c5-49d2-81b4-45a4af1368a2:c924]
2019-06-14 08:42:52,434 INFO  client.GrpcClientProtocolClient (GrpcClientProtocolClient.java:onNext(254)) - client-2EC808601240->374189d0-76c5-49d2-81b4-45a4af1368a2: receive RaftClientReply:client-2EC808601240->374189d0-76c5-49d2-81b4-45a4af1368a2@group-30B6692CD68C, cid=517, SUCCESS, logIndex=925, commits[374189d0-76c5-49d2-81b4-45a4af1368a2:c925]
2019-06-14 08:42:52,436 INFO  client.GrpcClientProtocolClient (GrpcClientProtocolClient.java:onNext(254)) - client-2EC808601240->374189d0-76c5-49d2-81b4-45a4af1368a2: receive RaftClientReply:client-2EC808601240->374189d0-76c5-49d2-81b4-45a4af1368a2@group-30B6692CD68C, cid=518, SUCCESS, logIndex=927, commits[374189d0-76c5-49d2-81b4-45a4af1368a2:c927]
2019-06-14 08:42:52,439 INFO  client.GrpcClientProtocolClient (GrpcClientProtocolClient.java:onNext(254)) - client-2EC808601240->374189d0-76c5-49d2-81b4-45a4af1368a2: receive RaftClientReply:client-2EC808601240->374189d0-76c5-49d2-81b4-45a4af1368a2@group-30B6692CD68C, cid=519, SUCCESS, logIndex=928, commits[374189d0-76c5-49d2-81b4-45a4af1368a2:c930]
2019-06-14 08:42:52,439 INFO  client.GrpcClientProtocolClient (GrpcClientProtocolClient.java:onNext(254)) - client-2EC808601240->374189d0-76c5-49d2-81b4-45a4af1368a2: receive RaftClientReply:client-2EC808601240->374189d0-76c5-49d2-81b4-45a4af1368a2@group-30B6692CD68C, cid=520, SUCCESS, logIndex=929, commits[374189d0-76c5-49d2-81b4-45a4af1368a2:c930]
2019-06-14 08:42:52,450 INFO  client.GrpcClientProtocolClient (GrpcClientProtocolClient.java:onNext(254)) - client-2EC808601240->374189d0-76c5-49d2-81b4-45a4af1368a2: receive RaftClientReply:client-2EC808601240->374189d0-76c5-49d2-81b4-45a4af1368a2@group-30B6692CD68C, cid=521, SUCCESS, logIndex=931, commits[374189d0-76c5-49d2-81b4-45a4af1368a2:c931]
2019-06-14 08:42:52,453 INFO  client.GrpcClientProtocolClient (GrpcClientProtocolClient.java:onNext(254)) - client-2EC808601240->374189d0-76c5-49d2-81b4-45a4af1368a2: receive RaftClientReply:client-2EC808601240->374189d0-76c5-49d2-81b4-45a4af1368a2@group-30B6692CD68C, cid=522, SUCCESS, logIndex=933, commits[374189d0-76c5-49d2-81b4-45a4af1368a2:c933]
2019-06-14 08:42:52,453 INFO  client.GrpcClientProtocolClient (GrpcClientProtocolClient.java:onNext(254)) - client-2EC808601240->374189d0-76c5-49d2-81b4-45a4af1368a2: receive RaftClientReply:client-2EC808601240->374189d0-76c5-49d2-81b4-45a4af1368a2@group-30B6692CD68C, cid=523, SUCCESS, logIndex=934, commits[374189d0-76c5-49d2-81b4-45a4af1368a2:c936]
2019-06-14 08:42:52,454 INFO  client.GrpcClientProtocolClient (GrpcClientProtocolClient.java:onNext(254)) - client-2EC808601240->374189d0-76c5-49d2-81b4-45a4af1368a2: receive RaftClientReply:client-2EC808601240->374189d0-76c5-49d2-81b4-45a4af1368a2@group-30B6692CD68C, cid=524, SUCCESS, logIndex=936, commits[374189d0-76c5-49d2-81b4-45a4af1368a2:c936]
2019-06-14 08:42:52,460 INFO  client.GrpcClientProtocolClient (GrpcClientProtocolClient.java:onNext(254)) - client-2EC808601240->374189d0-76c5-49d2-81b4-45a4af1368a2: receive RaftClientReply:client-2EC808601240->374189d0-76c5-49d2-81b4-45a4af1368a2@group-30B6692CD68C, cid=525, SUCCESS, logIndex=938, commits[374189d0-76c5-49d2-81b4-45a4af1368a2:c938]
2019-06-14 08:42:52,462 INFO  client.GrpcClientProtocolClient (GrpcClientProtocolClient.java:onNext(254)) - client-2EC808601240->374189d0-76c5-49d2-81b4-45a4af1368a2: receive RaftClientReply:client-2EC808601240->374189d0-76c5-49d2-81b4-45a4af1368a2@group-30B6692CD68C, cid=526, SUCCESS, logIndex=940, commits[374189d0-76c5-49d2-81b4-45a4af1368a2:c940]
2019-06-14 08:42:52,463 INFO  client.GrpcClientProtocolClient (GrpcClientProtocolClient.java:onNext(254)) - client-2EC808601240->374189d0-76c5-49d2-81b4-45a4af1368a2: receive RaftClientReply:client-2EC808601240->374189d0-76c5-49d2-81b4-45a4af1368a2@group-30B6692CD68C, cid=527, SUCCESS, logIndex=941, commits[374189d0-76c5-49d2-81b4-45a4af1368a2:c942]
2019-06-14 08:42:52,464 INFO  client.GrpcClientProtocolClient (GrpcClientProtocolClient.java:onNext(254)) - client-2EC808601240->374189d0-76c5-49d2-81b4-45a4af1368a2: receive RaftClientReply:client-2EC808601240->374189d0-76c5-49d2-81b4-45a4af1368a2@group-30B6692CD68C, cid=528, SUCCESS, logIndex=942, commits[374189d0-76c5-49d2-81b4-45a4af1368a2:c942]
2019-06-14 08:42:52,474 INFO  client.GrpcClientProtocolClient (GrpcClientProtocolClient.java:onNext(254)) - client-2EC808601240->374189d0-76c5-49d2-81b4-45a4af1368a2: receive RaftClientReply:client-2EC808601240->374189d0-76c5-49d2-81b4-45a4af1368a2@group-30B6692CD68C, cid=529, SUCCESS, logIndex=945, commits[374189d0-76c5-49d2-81b4-45a4af1368a2:c945]
2019-06-14 08:42:52,475 INFO  client.GrpcClientProtocolClient (GrpcClientProtocolClient.java:onNext(254)) - client-2EC808601240->374189d0-76c5-49d2-81b4-45a4af1368a2: receive RaftClientReply:client-2EC808601240->374189d0-76c5-49d2-81b4-45a4af1368a2@group-30B6692CD68C, cid=530, SUCCESS, logIndex=947, commits[374189d0-76c5-49d2-81b4-45a4af1368a2:c947]
2019-06-14 08:42:52,521 DEBUG block.SCMBlockDeletingService (SCMBlockDeletingService.java:call(138)) - Running DeletedBlockTransactionScanner
2019-06-14 08:42:52,521 DEBUG block.SCMBlockDeletingService (SCMBlockDeletingService.java:call(155)) - Scanned deleted blocks log and got 0 delTX to process.
2019-06-14 08:42:52,751 DEBUG block.SCMBlockDeletingService (SCMBlockDeletingService.java:call(138)) - Running DeletedBlockTransactionScanner
2019-06-14 08:42:52,751 DEBUG block.SCMBlockDeletingService (SCMBlockDeletingService.java:call(155)) - Scanned deleted blocks log and got 0 delTX to process.
2019-06-14 08:42:52,763 INFO  client.GrpcClientProtocolClient (GrpcClientProtocolClient.java:onNext(254)) - client-2EC808601240->374189d0-76c5-49d2-81b4-45a4af1368a2: receive RaftClientReply:client-2EC808601240->374189d0-76c5-49d2-81b4-45a4af1368a2@group-30B6692CD68C, cid=531, SUCCESS, logIndex=949, commits[374189d0-76c5-49d2-81b4-45a4af1368a2:c949]
2019-06-14 08:42:52,764 INFO  client.GrpcClientProtocolClient (GrpcClientProtocolClient.java:onNext(254)) - client-2EC808601240->374189d0-76c5-49d2-81b4-45a4af1368a2: receive RaftClientReply:client-2EC808601240->374189d0-76c5-49d2-81b4-45a4af1368a2@group-30B6692CD68C, cid=532, SUCCESS, logIndex=951, commits[374189d0-76c5-49d2-81b4-45a4af1368a2:c951]
2019-06-14 08:42:52,771 INFO  client.GrpcClientProtocolClient (GrpcClientProtocolClient.java:onNext(254)) - client-2EC808601240->374189d0-76c5-49d2-81b4-45a4af1368a2: receive RaftClientReply:client-2EC808601240->374189d0-76c5-49d2-81b4-45a4af1368a2@group-30B6692CD68C, cid=533, SUCCESS, logIndex=953, commits[374189d0-76c5-49d2-81b4-45a4af1368a2:c953]
2019-06-14 08:42:52,773 INFO  client.GrpcClientProtocolClient (GrpcClientProtocolClient.java:onNext(254)) - client-2EC808601240->374189d0-76c5-49d2-81b4-45a4af1368a2: receive RaftClientReply:client-2EC808601240->374189d0-76c5-49d2-81b4-45a4af1368a2@group-30B6692CD68C, cid=534, SUCCESS, logIndex=955, commits[374189d0-76c5-49d2-81b4-45a4af1368a2:c955]
2019-06-14 08:42:52,774 INFO  client.GrpcClientProtocolClient (GrpcClientProtocolClient.java:onNext(254)) - client-2EC808601240->374189d0-76c5-49d2-81b4-45a4af1368a2: receive RaftClientReply:client-2EC808601240->374189d0-76c5-49d2-81b4-45a4af1368a2@group-30B6692CD68C, cid=535, SUCCESS, logIndex=956, commits[374189d0-76c5-49d2-81b4-45a4af1368a2:c958]
2019-06-14 08:42:52,774 INFO  client.GrpcClientProtocolClient (GrpcClientProtocolClient.java:onNext(254)) - client-2EC808601240->374189d0-76c5-49d2-81b4-45a4af1368a2: receive RaftClientReply:client-2EC808601240->374189d0-76c5-49d2-81b4-45a4af1368a2@group-30B6692CD68C, cid=536, SUCCESS, logIndex=957, commits[374189d0-76c5-49d2-81b4-45a4af1368a2:c958]
2019-06-14 08:42:52,786 INFO  client.GrpcClientProtocolClient (GrpcClientProtocolClient.java:onNext(254)) - client-2EC808601240->374189d0-76c5-49d2-81b4-45a4af1368a2: receive RaftClientReply:client-2EC808601240->374189d0-76c5-49d2-81b4-45a4af1368a2@group-30B6692CD68C, cid=537, SUCCESS, logIndex=959, commits[374189d0-76c5-49d2-81b4-45a4af1368a2:c959]
2019-06-14 08:42:52,793 INFO  client.GrpcClientProtocolClient (GrpcClientProtocolClient.java:onNext(254)) - client-2EC808601240->374189d0-76c5-49d2-81b4-45a4af1368a2: receive RaftClientReply:client-2EC808601240->374189d0-76c5-49d2-81b4-45a4af1368a2@group-30B6692CD68C, cid=538, SUCCESS, logIndex=961, commits[374189d0-76c5-49d2-81b4-45a4af1368a2:c961]
2019-06-14 08:42:52,794 INFO  client.GrpcClientProtocolClient (GrpcClientProtocolClient.java:onNext(254)) - client-2EC808601240->374189d0-76c5-49d2-81b4-45a4af1368a2: receive RaftClientReply:client-2EC808601240->374189d0-76c5-49d2-81b4-45a4af1368a2@group-30B6692CD68C, cid=539, SUCCESS, logIndex=962, commits[374189d0-76c5-49d2-81b4-45a4af1368a2:c963]
2019-06-14 08:42:52,794 INFO  client.GrpcClientProtocolClient (GrpcClientProtocolClient.java:onNext(254)) - client-2EC808601240->374189d0-76c5-49d2-81b4-45a4af1368a2: receive RaftClientReply:client-2EC808601240->374189d0-76c5-49d2-81b4-45a4af1368a2@group-30B6692CD68C, cid=540, SUCCESS, logIndex=964, commits[374189d0-76c5-49d2-81b4-45a4af1368a2:c964]
2019-06-14 08:42:52,801 INFO  client.GrpcClientProtocolClient (GrpcClientProtocolClient.java:onNext(254)) - client-2EC808601240->374189d0-76c5-49d2-81b4-45a4af1368a2: receive RaftClientReply:client-2EC808601240->374189d0-76c5-49d2-81b4-45a4af1368a2@group-30B6692CD68C, cid=541, SUCCESS, logIndex=966, commits[374189d0-76c5-49d2-81b4-45a4af1368a2:c966]
2019-06-14 08:42:52,802 INFO  client.GrpcClientProtocolClient (GrpcClientProtocolClient.java:onNext(254)) - client-2EC808601240->374189d0-76c5-49d2-81b4-45a4af1368a2: receive RaftClientReply:client-2EC808601240->374189d0-76c5-49d2-81b4-45a4af1368a2@group-30B6692CD68C, cid=542, SUCCESS, logIndex=968, commits[374189d0-76c5-49d2-81b4-45a4af1368a2:c968]
2019-06-14 08:42:52,803 INFO  client.GrpcClientProtocolClient (GrpcClientProtocolClient.java:onNext(254)) - client-2EC808601240->374189d0-76c5-49d2-81b4-45a4af1368a2: receive RaftClientReply:client-2EC808601240->374189d0-76c5-49d2-81b4-45a4af1368a2@group-30B6692CD68C, cid=543, SUCCESS, logIndex=969, commits[374189d0-76c5-49d2-81b4-45a4af1368a2:c971]
2019-06-14 08:42:52,804 INFO  client.GrpcClientProtocolClient (GrpcClientProtocolClient.java:onNext(254)) - client-2EC808601240->374189d0-76c5-49d2-81b4-45a4af1368a2: receive RaftClientReply:client-2EC808601240->374189d0-76c5-49d2-81b4-45a4af1368a2@group-30B6692CD68C, cid=544, SUCCESS, logIndex=971, commits[374189d0-76c5-49d2-81b4-45a4af1368a2:c972]
2019-06-14 08:42:52,817 INFO  client.GrpcClientProtocolClient (GrpcClientProtocolClient.java:onNext(254)) - client-2EC808601240->374189d0-76c5-49d2-81b4-45a4af1368a2: receive RaftClientReply:client-2EC808601240->374189d0-76c5-49d2-81b4-45a4af1368a2@group-30B6692CD68C, cid=545, SUCCESS, logIndex=973, commits[374189d0-76c5-49d2-81b4-45a4af1368a2:c973]
2019-06-14 08:42:52,820 INFO  client.GrpcClientProtocolClient (GrpcClientProtocolClient.java:onNext(254)) - client-2EC808601240->374189d0-76c5-49d2-81b4-45a4af1368a2: receive RaftClientReply:client-2EC808601240->374189d0-76c5-49d2-81b4-45a4af1368a2@group-30B6692CD68C, cid=546, SUCCESS, logIndex=975, commits[374189d0-76c5-49d2-81b4-45a4af1368a2:c975]
2019-06-14 08:42:52,821 INFO  client.GrpcClientProtocolClient (GrpcClientProtocolClient.java:onNext(254)) - client-2EC808601240->374189d0-76c5-49d2-81b4-45a4af1368a2: receive RaftClientReply:client-2EC808601240->374189d0-76c5-49d2-81b4-45a4af1368a2@group-30B6692CD68C, cid=547, SUCCESS, logIndex=976, commits[374189d0-76c5-49d2-81b4-45a4af1368a2:c977]
2019-06-14 08:42:52,822 INFO  client.GrpcClientProtocolClient (GrpcClientProtocolClient.java:onNext(254)) - client-2EC808601240->374189d0-76c5-49d2-81b4-45a4af1368a2: receive RaftClientReply:client-2EC808601240->374189d0-76c5-49d2-81b4-45a4af1368a2@group-30B6692CD68C, cid=548, SUCCESS, logIndex=978, commits[374189d0-76c5-49d2-81b4-45a4af1368a2:c978]
2019-06-14 08:42:52,829 INFO  client.GrpcClientProtocolClient (GrpcClientProtocolClient.java:onNext(254)) - client-2EC808601240->374189d0-76c5-49d2-81b4-45a4af1368a2: receive RaftClientReply:client-2EC808601240->374189d0-76c5-49d2-81b4-45a4af1368a2@group-30B6692CD68C, cid=549, SUCCESS, logIndex=980, commits[374189d0-76c5-49d2-81b4-45a4af1368a2:c981]
2019-06-14 08:42:52,832 INFO  client.GrpcClientProtocolClient (GrpcClientProtocolClient.java:onNext(254)) - client-2EC808601240->374189d0-76c5-49d2-81b4-45a4af1368a2: receive RaftClientReply:client-2EC808601240->374189d0-76c5-49d2-81b4-45a4af1368a2@group-30B6692CD68C, cid=550, SUCCESS, logIndex=982, commits[374189d0-76c5-49d2-81b4-45a4af1368a2:c982]
2019-06-14 08:42:52,832 INFO  client.GrpcClientProtocolClient (GrpcClientProtocolClient.java:onNext(254)) - client-2EC808601240->374189d0-76c5-49d2-81b4-45a4af1368a2: receive RaftClientReply:client-2EC808601240->374189d0-76c5-49d2-81b4-45a4af1368a2@group-30B6692CD68C, cid=551, SUCCESS, logIndex=983, commits[374189d0-76c5-49d2-81b4-45a4af1368a2:c985]
2019-06-14 08:42:52,833 INFO  client.GrpcClientProtocolClient (GrpcClientProtocolClient.java:onNext(254)) - client-2EC808601240->374189d0-76c5-49d2-81b4-45a4af1368a2: receive RaftClientReply:client-2EC808601240->374189d0-76c5-49d2-81b4-45a4af1368a2@group-30B6692CD68C, cid=552, SUCCESS, logIndex=984, commits[374189d0-76c5-49d2-81b4-45a4af1368a2:c985]
2019-06-14 08:42:52,844 INFO  client.GrpcClientProtocolClient (GrpcClientProtocolClient.java:onNext(254)) - client-2EC808601240->374189d0-76c5-49d2-81b4-45a4af1368a2: receive RaftClientReply:client-2EC808601240->374189d0-76c5-49d2-81b4-45a4af1368a2@group-30B6692CD68C, cid=553, SUCCESS, logIndex=987, commits[374189d0-76c5-49d2-81b4-45a4af1368a2:c987]
2019-06-14 08:42:52,847 INFO  client.GrpcClientProtocolClient (GrpcClientProtocolClient.java:onNext(254)) - client-2EC808601240->374189d0-76c5-49d2-81b4-45a4af1368a2: receive RaftClientReply:client-2EC808601240->374189d0-76c5-49d2-81b4-45a4af1368a2@group-30B6692CD68C, cid=554, SUCCESS, logIndex=989, commits[374189d0-76c5-49d2-81b4-45a4af1368a2:c989]
2019-06-14 08:42:52,848 INFO  client.GrpcClientProtocolClient (GrpcClientProtocolClient.java:onNext(254)) - client-2EC808601240->374189d0-76c5-49d2-81b4-45a4af1368a2: receive RaftClientReply:client-2EC808601240->374189d0-76c5-49d2-81b4-45a4af1368a2@group-30B6692CD68C, cid=555, SUCCESS, logIndex=990, commits[374189d0-76c5-49d2-81b4-45a4af1368a2:c992]
2019-06-14 08:42:52,848 INFO  client.GrpcClientProtocolClient (GrpcClientProtocolClient.java:onNext(254)) - client-2EC808601240->374189d0-76c5-49d2-81b4-45a4af1368a2: receive RaftClientReply:client-2EC808601240->374189d0-76c5-49d2-81b4-45a4af1368a2@group-30B6692CD68C, cid=556, SUCCESS, logIndex=991, commits[374189d0-76c5-49d2-81b4-45a4af1368a2:c992]
2019-06-14 08:42:52,851 DEBUG block.SCMBlockDeletingService (SCMBlockDeletingService.java:call(138)) - Running DeletedBlockTransactionScanner
2019-06-14 08:42:52,852 DEBUG block.SCMBlockDeletingService (SCMBlockDeletingService.java:call(155)) - Scanned deleted blocks log and got 0 delTX to process.
2019-06-14 08:42:52,856 INFO  storage.RaftLogWorker (RaftLogWorker.java:rollLogSegment(303)) - 374189d0-76c5-49d2-81b4-45a4af1368a2-RaftLogWorker: Rolling segment log-921_994 to index:994
2019-06-14 08:42:52,856 INFO  client.GrpcClientProtocolClient (GrpcClientProtocolClient.java:onNext(254)) - client-2EC808601240->374189d0-76c5-49d2-81b4-45a4af1368a2: receive RaftClientReply:client-2EC808601240->374189d0-76c5-49d2-81b4-45a4af1368a2@group-30B6692CD68C, cid=557, SUCCESS, logIndex=993, commits[374189d0-76c5-49d2-81b4-45a4af1368a2:c993]
2019-06-14 08:42:52,856 INFO  storage.RaftLogWorker (RaftLogWorker.java:execute(433)) - 374189d0-76c5-49d2-81b4-45a4af1368a2-RaftLogWorker: Rolled log segment from /opt/src/hadoop-ozone/integration-test/target/test-dir/MiniOzoneClusterImpl-1994f8b8-dd4d-445c-bf25-0c6d40f9b14d/datanode-0/data/ratis/99d0acb8-99ce-4814-8259-30b6692cd68c/current/log_inprogress_921 to /opt/src/hadoop-ozone/integration-test/target/test-dir/MiniOzoneClusterImpl-1994f8b8-dd4d-445c-bf25-0c6d40f9b14d/datanode-0/data/ratis/99d0acb8-99ce-4814-8259-30b6692cd68c/current/log_921-994
2019-06-14 08:42:52,895 INFO  storage.RaftLogWorker (RaftLogWorker.java:execute(469)) - 374189d0-76c5-49d2-81b4-45a4af1368a2-RaftLogWorker: created new log segment /opt/src/hadoop-ozone/integration-test/target/test-dir/MiniOzoneClusterImpl-1994f8b8-dd4d-445c-bf25-0c6d40f9b14d/datanode-0/data/ratis/99d0acb8-99ce-4814-8259-30b6692cd68c/current/log_inprogress_995
2019-06-14 08:42:52,897 INFO  client.GrpcClientProtocolClient (GrpcClientProtocolClient.java:onNext(254)) - client-2EC808601240->374189d0-76c5-49d2-81b4-45a4af1368a2: receive RaftClientReply:client-2EC808601240->374189d0-76c5-49d2-81b4-45a4af1368a2@group-30B6692CD68C, cid=558, SUCCESS, logIndex=995, commits[374189d0-76c5-49d2-81b4-45a4af1368a2:c997]
2019-06-14 08:42:52,898 INFO  client.GrpcClientProtocolClient (GrpcClientProtocolClient.java:onNext(254)) - client-2EC808601240->374189d0-76c5-49d2-81b4-45a4af1368a2: receive RaftClientReply:client-2EC808601240->374189d0-76c5-49d2-81b4-45a4af1368a2@group-30B6692CD68C, cid=559, SUCCESS, logIndex=996, commits[374189d0-76c5-49d2-81b4-45a4af1368a2:c998]
2019-06-14 08:42:52,898 INFO  client.GrpcClientProtocolClient (GrpcClientProtocolClient.java:onNext(254)) - client-2EC808601240->374189d0-76c5-49d2-81b4-45a4af1368a2: receive RaftClientReply:client-2EC808601240->374189d0-76c5-49d2-81b4-45a4af1368a2@group-30B6692CD68C, cid=560, SUCCESS, logIndex=997, commits[374189d0-76c5-49d2-81b4-45a4af1368a2:c998]
2019-06-14 08:42:52,909 INFO  client.GrpcClientProtocolClient (GrpcClientProtocolClient.java:onNext(254)) - client-2EC808601240->374189d0-76c5-49d2-81b4-45a4af1368a2: receive RaftClientReply:client-2EC808601240->374189d0-76c5-49d2-81b4-45a4af1368a2@group-30B6692CD68C, cid=561, SUCCESS, logIndex=999, commits[374189d0-76c5-49d2-81b4-45a4af1368a2:c999]
2019-06-14 08:42:52,912 INFO  client.GrpcClientProtocolClient (GrpcClientProtocolClient.java:onNext(254)) - client-2EC808601240->374189d0-76c5-49d2-81b4-45a4af1368a2: receive RaftClientReply:client-2EC808601240->374189d0-76c5-49d2-81b4-45a4af1368a2@group-30B6692CD68C, cid=562, SUCCESS, logIndex=1001, commits[374189d0-76c5-49d2-81b4-45a4af1368a2:c1001]
2019-06-14 08:42:52,912 INFO  client.GrpcClientProtocolClient (GrpcClientProtocolClient.java:onNext(254)) - client-2EC808601240->374189d0-76c5-49d2-81b4-45a4af1368a2: receive RaftClientReply:client-2EC808601240->374189d0-76c5-49d2-81b4-45a4af1368a2@group-30B6692CD68C, cid=563, SUCCESS, logIndex=1002, commits[374189d0-76c5-49d2-81b4-45a4af1368a2:c1003]
2019-06-14 08:42:52,913 INFO  client.GrpcClientProtocolClient (GrpcClientProtocolClient.java:onNext(254)) - client-2EC808601240->374189d0-76c5-49d2-81b4-45a4af1368a2: receive RaftClientReply:client-2EC808601240->374189d0-76c5-49d2-81b4-45a4af1368a2@group-30B6692CD68C, cid=564, SUCCESS, logIndex=1003, commits[374189d0-76c5-49d2-81b4-45a4af1368a2:c1003]
2019-06-14 08:42:52,919 INFO  client.GrpcClientProtocolClient (GrpcClientProtocolClient.java:onNext(254)) - client-2EC808601240->374189d0-76c5-49d2-81b4-45a4af1368a2: receive RaftClientReply:client-2EC808601240->374189d0-76c5-49d2-81b4-45a4af1368a2@group-30B6692CD68C, cid=565, SUCCESS, logIndex=1006, commits[374189d0-76c5-49d2-81b4-45a4af1368a2:c1006]
2019-06-14 08:42:52,921 INFO  client.GrpcClientProtocolClient (GrpcClientProtocolClient.java:onNext(254)) - client-2EC808601240->374189d0-76c5-49d2-81b4-45a4af1368a2: receive RaftClientReply:client-2EC808601240->374189d0-76c5-49d2-81b4-45a4af1368a2@group-30B6692CD68C, cid=566, SUCCESS, logIndex=1008, commits[374189d0-76c5-49d2-81b4-45a4af1368a2:c1010]
2019-06-14 08:42:52,922 INFO  client.GrpcClientProtocolClient (GrpcClientProtocolClient.java:onNext(254)) - client-2EC808601240->374189d0-76c5-49d2-81b4-45a4af1368a2: receive RaftClientReply:client-2EC808601240->374189d0-76c5-49d2-81b4-45a4af1368a2@group-30B6692CD68C, cid=567, SUCCESS, logIndex=1009, commits[374189d0-76c5-49d2-81b4-45a4af1368a2:c1011]
2019-06-14 08:42:52,922 INFO  client.GrpcClientProtocolClient (GrpcClientProtocolClient.java:onNext(254)) - client-2EC808601240->374189d0-76c5-49d2-81b4-45a4af1368a2: receive RaftClientReply:client-2EC808601240->374189d0-76c5-49d2-81b4-45a4af1368a2@group-30B6692CD68C, cid=568, SUCCESS, logIndex=1010, commits[374189d0-76c5-49d2-81b4-45a4af1368a2:c1011]
2019-06-14 08:42:52,932 INFO  client.GrpcClientProtocolClient (GrpcClientProtocolClient.java:onNext(254)) - client-2EC808601240->374189d0-76c5-49d2-81b4-45a4af1368a2: receive RaftClientReply:client-2EC808601240->374189d0-76c5-49d2-81b4-45a4af1368a2@group-30B6692CD68C, cid=569, SUCCESS, logIndex=1012, commits[374189d0-76c5-49d2-81b4-45a4af1368a2:c1012]
2019-06-14 08:42:52,935 INFO  client.GrpcClientProtocolClient (GrpcClientProtocolClient.java:onNext(254)) - client-2EC808601240->374189d0-76c5-49d2-81b4-45a4af1368a2: receive RaftClientReply:client-2EC808601240->374189d0-76c5-49d2-81b4-45a4af1368a2@group-30B6692CD68C, cid=570, SUCCESS, logIndex=1014, commits[374189d0-76c5-49d2-81b4-45a4af1368a2:c1014]
2019-06-14 08:42:52,936 INFO  client.GrpcClientProtocolClient (GrpcClientProtocolClient.java:onNext(254)) - client-2EC808601240->374189d0-76c5-49d2-81b4-45a4af1368a2: receive RaftClientReply:client-2EC808601240->374189d0-76c5-49d2-81b4-45a4af1368a2@group-30B6692CD68C, cid=571, SUCCESS, logIndex=1015, commits[374189d0-76c5-49d2-81b4-45a4af1368a2:c1016]
2019-06-14 08:42:52,936 INFO  client.GrpcClientProtocolClient (GrpcClientProtocolClient.java:onNext(254)) - client-2EC808601240->374189d0-76c5-49d2-81b4-45a4af1368a2: receive RaftClientReply:client-2EC808601240->374189d0-76c5-49d2-81b4-45a4af1368a2@group-30B6692CD68C, cid=572, SUCCESS, logIndex=1016, commits[374189d0-76c5-49d2-81b4-45a4af1368a2:c1016]
2019-06-14 08:42:52,955 DEBUG block.SCMBlockDeletingService (SCMBlockDeletingService.java:call(138)) - Running DeletedBlockTransactionScanner
2019-06-14 08:42:52,955 DEBUG block.SCMBlockDeletingService (SCMBlockDeletingService.java:call(155)) - Scanned deleted blocks log and got 0 delTX to process.
2019-06-14 08:42:52,956 INFO  client.GrpcClientProtocolClient (GrpcClientProtocolClient.java:onNext(254)) - client-2EC808601240->374189d0-76c5-49d2-81b4-45a4af1368a2: receive RaftClientReply:client-2EC808601240->374189d0-76c5-49d2-81b4-45a4af1368a2@group-30B6692CD68C, cid=573, SUCCESS, logIndex=1019, commits[374189d0-76c5-49d2-81b4-45a4af1368a2:c1019]
2019-06-14 08:42:52,971 INFO  client.GrpcClientProtocolClient (GrpcClientProtocolClient.java:onNext(254)) - client-2EC808601240->374189d0-76c5-49d2-81b4-45a4af1368a2: receive RaftClientReply:client-2EC808601240->374189d0-76c5-49d2-81b4-45a4af1368a2@group-30B6692CD68C, cid=574, SUCCESS, logIndex=1021, commits[374189d0-76c5-49d2-81b4-45a4af1368a2:c1022]
2019-06-14 08:42:53,034 INFO  client.GrpcClientProtocolClient (GrpcClientProtocolClient.java:onNext(254)) - client-2EC808601240->374189d0-76c5-49d2-81b4-45a4af1368a2: receive RaftClientReply:client-2EC808601240->374189d0-76c5-49d2-81b4-45a4af1368a2@group-30B6692CD68C, cid=575, SUCCESS, logIndex=1023, commits[374189d0-76c5-49d2-81b4-45a4af1368a2:c1023]
2019-06-14 08:42:53,039 INFO  client.GrpcClientProtocolClient (GrpcClientProtocolClient.java:onNext(254)) - client-2EC808601240->374189d0-76c5-49d2-81b4-45a4af1368a2: receive RaftClientReply:client-2EC808601240->374189d0-76c5-49d2-81b4-45a4af1368a2@group-30B6692CD68C, cid=576, SUCCESS, logIndex=1025, commits[374189d0-76c5-49d2-81b4-45a4af1368a2:c1025]
2019-06-14 08:42:53,051 INFO  client.GrpcClientProtocolClient (GrpcClientProtocolClient.java:onNext(254)) - client-2EC808601240->374189d0-76c5-49d2-81b4-45a4af1368a2: receive RaftClientReply:client-2EC808601240->374189d0-76c5-49d2-81b4-45a4af1368a2@group-30B6692CD68C, cid=577, SUCCESS, logIndex=1027, commits[374189d0-76c5-49d2-81b4-45a4af1368a2:c1027]
2019-06-14 08:42:53,052 INFO  client.GrpcClientProtocolClient (GrpcClientProtocolClient.java:onNext(254)) - client-2EC808601240->374189d0-76c5-49d2-81b4-45a4af1368a2: receive RaftClientReply:client-2EC808601240->374189d0-76c5-49d2-81b4-45a4af1368a2@group-30B6692CD68C, cid=578, SUCCESS, logIndex=1029, commits[374189d0-76c5-49d2-81b4-45a4af1368a2:c1029]
2019-06-14 08:42:53,055 INFO  client.GrpcClientProtocolClient (GrpcClientProtocolClient.java:onNext(254)) - client-2EC808601240->374189d0-76c5-49d2-81b4-45a4af1368a2: receive RaftClientReply:client-2EC808601240->374189d0-76c5-49d2-81b4-45a4af1368a2@group-30B6692CD68C, cid=579, SUCCESS, logIndex=1031, commits[374189d0-76c5-49d2-81b4-45a4af1368a2:c1032]
2019-06-14 08:42:53,055 INFO  client.GrpcClientProtocolClient (GrpcClientProtocolClient.java:onNext(254)) - client-2EC808601240->374189d0-76c5-49d2-81b4-45a4af1368a2: receive RaftClientReply:client-2EC808601240->374189d0-76c5-49d2-81b4-45a4af1368a2@group-30B6692CD68C, cid=580, SUCCESS, logIndex=1032, commits[374189d0-76c5-49d2-81b4-45a4af1368a2:c1032]
2019-06-14 08:42:53,055 DEBUG block.SCMBlockDeletingService (SCMBlockDeletingService.java:call(138)) - Running DeletedBlockTransactionScanner
2019-06-14 08:42:53,056 DEBUG block.SCMBlockDeletingService (SCMBlockDeletingService.java:call(155)) - Scanned deleted blocks log and got 0 delTX to process.
2019-06-14 08:42:53,061 INFO  client.GrpcClientProtocolClient (GrpcClientProtocolClient.java:onNext(254)) - client-2EC808601240->374189d0-76c5-49d2-81b4-45a4af1368a2: receive RaftClientReply:client-2EC808601240->374189d0-76c5-49d2-81b4-45a4af1368a2@group-30B6692CD68C, cid=581, SUCCESS, logIndex=1034, commits[374189d0-76c5-49d2-81b4-45a4af1368a2:c1034]
2019-06-14 08:42:53,063 INFO  client.GrpcClientProtocolClient (GrpcClientProtocolClient.java:onNext(254)) - client-2EC808601240->374189d0-76c5-49d2-81b4-45a4af1368a2: receive RaftClientReply:client-2EC808601240->374189d0-76c5-49d2-81b4-45a4af1368a2@group-30B6692CD68C, cid=582, SUCCESS, logIndex=1036, commits[374189d0-76c5-49d2-81b4-45a4af1368a2:c1036]
2019-06-14 08:42:53,064 INFO  client.GrpcClientProtocolClient (GrpcClientProtocolClient.java:onNext(254)) - client-2EC808601240->374189d0-76c5-49d2-81b4-45a4af1368a2: receive RaftClientReply:client-2EC808601240->374189d0-76c5-49d2-81b4-45a4af1368a2@group-30B6692CD68C, cid=583, SUCCESS, logIndex=1037, commits[374189d0-76c5-49d2-81b4-45a4af1368a2:c1038]
2019-06-14 08:42:53,065 INFO  client.GrpcClientProtocolClient (GrpcClientProtocolClient.java:onNext(254)) - client-2EC808601240->374189d0-76c5-49d2-81b4-45a4af1368a2: receive RaftClientReply:client-2EC808601240->374189d0-76c5-49d2-81b4-45a4af1368a2@group-30B6692CD68C, cid=584, SUCCESS, logIndex=1039, commits[374189d0-76c5-49d2-81b4-45a4af1368a2:c1039]
2019-06-14 08:42:53,076 INFO  client.GrpcClientProtocolClient (GrpcClientProtocolClient.java:onNext(254)) - client-2EC808601240->374189d0-76c5-49d2-81b4-45a4af1368a2: receive RaftClientReply:client-2EC808601240->374189d0-76c5-49d2-81b4-45a4af1368a2@group-30B6692CD68C, cid=585, SUCCESS, logIndex=1041, commits[374189d0-76c5-49d2-81b4-45a4af1368a2:c1041]
2019-06-14 08:42:53,078 INFO  client.GrpcClientProtocolClient (GrpcClientProtocolClient.java:onNext(254)) - client-2EC808601240->374189d0-76c5-49d2-81b4-45a4af1368a2: receive RaftClientReply:client-2EC808601240->374189d0-76c5-49d2-81b4-45a4af1368a2@group-30B6692CD68C, cid=586, SUCCESS, logIndex=1043, commits[374189d0-76c5-49d2-81b4-45a4af1368a2:c1043]
2019-06-14 08:42:53,079 INFO  client.GrpcClientProtocolClient (GrpcClientProtocolClient.java:onNext(254)) - client-2EC808601240->374189d0-76c5-49d2-81b4-45a4af1368a2: receive RaftClientReply:client-2EC808601240->374189d0-76c5-49d2-81b4-45a4af1368a2@group-30B6692CD68C, cid=587, SUCCESS, logIndex=1044, commits[374189d0-76c5-49d2-81b4-45a4af1368a2:c1045]
2019-06-14 08:42:53,079 INFO  client.GrpcClientProtocolClient (GrpcClientProtocolClient.java:onNext(254)) - client-2EC808601240->374189d0-76c5-49d2-81b4-45a4af1368a2: receive RaftClientReply:client-2EC808601240->374189d0-76c5-49d2-81b4-45a4af1368a2@group-30B6692CD68C, cid=588, SUCCESS, logIndex=1045, commits[374189d0-76c5-49d2-81b4-45a4af1368a2:c1045]
2019-06-14 08:42:53,085 INFO  client.GrpcClientProtocolClient (GrpcClientProtocolClient.java:onNext(254)) - client-2EC808601240->374189d0-76c5-49d2-81b4-45a4af1368a2: receive RaftClientReply:client-2EC808601240->374189d0-76c5-49d2-81b4-45a4af1368a2@group-30B6692CD68C, cid=589, SUCCESS, logIndex=1048, commits[374189d0-76c5-49d2-81b4-45a4af1368a2:c1048]
2019-06-14 08:42:53,087 INFO  client.GrpcClientProtocolClient (GrpcClientProtocolClient.java:onNext(254)) - client-2EC808601240->374189d0-76c5-49d2-81b4-45a4af1368a2: receive RaftClientReply:client-2EC808601240->374189d0-76c5-49d2-81b4-45a4af1368a2@group-30B6692CD68C, cid=590, SUCCESS, logIndex=1050, commits[374189d0-76c5-49d2-81b4-45a4af1368a2:c1050]
2019-06-14 08:42:53,088 INFO  client.GrpcClientProtocolClient (GrpcClientProtocolClient.java:onNext(254)) - client-2EC808601240->374189d0-76c5-49d2-81b4-45a4af1368a2: receive RaftClientReply:client-2EC808601240->374189d0-76c5-49d2-81b4-45a4af1368a2@group-30B6692CD68C, cid=591, SUCCESS, logIndex=1051, commits[374189d0-76c5-49d2-81b4-45a4af1368a2:c1053]
2019-06-14 08:42:53,089 INFO  client.GrpcClientProtocolClient (GrpcClientProtocolClient.java:onNext(254)) - client-2EC808601240->374189d0-76c5-49d2-81b4-45a4af1368a2: receive RaftClientReply:client-2EC808601240->374189d0-76c5-49d2-81b4-45a4af1368a2@group-30B6692CD68C, cid=592, SUCCESS, logIndex=1053, commits[374189d0-76c5-49d2-81b4-45a4af1368a2:c1053]
2019-06-14 08:42:53,099 INFO  client.GrpcClientProtocolClient (GrpcClientProtocolClient.java:onNext(254)) - client-2EC808601240->374189d0-76c5-49d2-81b4-45a4af1368a2: receive RaftClientReply:client-2EC808601240->374189d0-76c5-49d2-81b4-45a4af1368a2@group-30B6692CD68C, cid=593, SUCCESS, logIndex=1055, commits[374189d0-76c5-49d2-81b4-45a4af1368a2:c1055]
2019-06-14 08:42:53,101 INFO  client.GrpcClientProtocolClient (GrpcClientProtocolClient.java:onNext(254)) - client-2EC808601240->374189d0-76c5-49d2-81b4-45a4af1368a2: receive RaftClientReply:client-2EC808601240->374189d0-76c5-49d2-81b4-45a4af1368a2@group-30B6692CD68C, cid=594, SUCCESS, logIndex=1057, commits[374189d0-76c5-49d2-81b4-45a4af1368a2:c1057]
2019-06-14 08:42:53,107 INFO  client.GrpcClientProtocolClient (GrpcClientProtocolClient.java:onNext(254)) - client-2EC808601240->374189d0-76c5-49d2-81b4-45a4af1368a2: receive RaftClientReply:client-2EC808601240->374189d0-76c5-49d2-81b4-45a4af1368a2@group-30B6692CD68C, cid=595, SUCCESS, logIndex=1058, commits[374189d0-76c5-49d2-81b4-45a4af1368a2:c1060]
2019-06-14 08:42:53,107 INFO  client.GrpcClientProtocolClient (GrpcClientProtocolClient.java:onNext(254)) - client-2EC808601240->374189d0-76c5-49d2-81b4-45a4af1368a2: receive RaftClientReply:client-2EC808601240->374189d0-76c5-49d2-81b4-45a4af1368a2@group-30B6692CD68C, cid=596, SUCCESS, logIndex=1060, commits[374189d0-76c5-49d2-81b4-45a4af1368a2:c1060]
2019-06-14 08:42:53,115 INFO  client.GrpcClientProtocolClient (GrpcClientProtocolClient.java:onNext(254)) - client-2EC808601240->374189d0-76c5-49d2-81b4-45a4af1368a2: receive RaftClientReply:client-2EC808601240->374189d0-76c5-49d2-81b4-45a4af1368a2@group-30B6692CD68C, cid=597, SUCCESS, logIndex=1062, commits[374189d0-76c5-49d2-81b4-45a4af1368a2:c1062]
2019-06-14 08:42:53,116 INFO  client.GrpcClientProtocolClient (GrpcClientProtocolClient.java:onNext(254)) - client-2EC808601240->374189d0-76c5-49d2-81b4-45a4af1368a2: receive RaftClientReply:client-2EC808601240->374189d0-76c5-49d2-81b4-45a4af1368a2@group-30B6692CD68C, cid=598, SUCCESS, logIndex=1064, commits[374189d0-76c5-49d2-81b4-45a4af1368a2:c1064]
2019-06-14 08:42:53,117 INFO  storage.RaftLogWorker (RaftLogWorker.java:rollLogSegment(303)) - 374189d0-76c5-49d2-81b4-45a4af1368a2-RaftLogWorker: Rolling segment log-995_1066 to index:1066
2019-06-14 08:42:53,118 INFO  storage.RaftLogWorker (RaftLogWorker.java:execute(433)) - 374189d0-76c5-49d2-81b4-45a4af1368a2-RaftLogWorker: Rolled log segment from /opt/src/hadoop-ozone/integration-test/target/test-dir/MiniOzoneClusterImpl-1994f8b8-dd4d-445c-bf25-0c6d40f9b14d/datanode-0/data/ratis/99d0acb8-99ce-4814-8259-30b6692cd68c/current/log_inprogress_995 to /opt/src/hadoop-ozone/integration-test/target/test-dir/MiniOzoneClusterImpl-1994f8b8-dd4d-445c-bf25-0c6d40f9b14d/datanode-0/data/ratis/99d0acb8-99ce-4814-8259-30b6692cd68c/current/log_995-1066
2019-06-14 08:42:53,123 INFO  client.GrpcClientProtocolClient (GrpcClientProtocolClient.java:onNext(254)) - client-2EC808601240->374189d0-76c5-49d2-81b4-45a4af1368a2: receive RaftClientReply:client-2EC808601240->374189d0-76c5-49d2-81b4-45a4af1368a2@group-30B6692CD68C, cid=599, SUCCESS, logIndex=1066, commits[374189d0-76c5-49d2-81b4-45a4af1368a2:c1066]
2019-06-14 08:42:53,156 DEBUG block.SCMBlockDeletingService (SCMBlockDeletingService.java:call(138)) - Running DeletedBlockTransactionScanner
2019-06-14 08:42:53,160 DEBUG block.SCMBlockDeletingService (SCMBlockDeletingService.java:call(155)) - Scanned deleted blocks log and got 0 delTX to process.
2019-06-14 08:42:53,162 INFO  storage.RaftLogWorker (RaftLogWorker.java:execute(469)) - 374189d0-76c5-49d2-81b4-45a4af1368a2-RaftLogWorker: created new log segment /opt/src/hadoop-ozone/integration-test/target/test-dir/MiniOzoneClusterImpl-1994f8b8-dd4d-445c-bf25-0c6d40f9b14d/datanode-0/data/ratis/99d0acb8-99ce-4814-8259-30b6692cd68c/current/log_inprogress_1067
2019-06-14 08:42:53,164 INFO  client.GrpcClientProtocolClient (GrpcClientProtocolClient.java:onNext(254)) - client-2EC808601240->374189d0-76c5-49d2-81b4-45a4af1368a2: receive RaftClientReply:client-2EC808601240->374189d0-76c5-49d2-81b4-45a4af1368a2@group-30B6692CD68C, cid=600, SUCCESS, logIndex=1067, commits[374189d0-76c5-49d2-81b4-45a4af1368a2:c1068]
2019-06-14 08:42:53,176 INFO  client.GrpcClientProtocolClient (GrpcClientProtocolClient.java:onNext(254)) - client-2EC808601240->374189d0-76c5-49d2-81b4-45a4af1368a2: receive RaftClientReply:client-2EC808601240->374189d0-76c5-49d2-81b4-45a4af1368a2@group-30B6692CD68C, cid=601, SUCCESS, logIndex=1069, commits[374189d0-76c5-49d2-81b4-45a4af1368a2:c1069]
2019-06-14 08:42:53,179 INFO  client.GrpcClientProtocolClient (GrpcClientProtocolClient.java:onNext(254)) - client-2EC808601240->374189d0-76c5-49d2-81b4-45a4af1368a2: receive RaftClientReply:client-2EC808601240->374189d0-76c5-49d2-81b4-45a4af1368a2@group-30B6692CD68C, cid=602, SUCCESS, logIndex=1071, commits[374189d0-76c5-49d2-81b4-45a4af1368a2:c1071]
2019-06-14 08:42:53,179 INFO  client.GrpcClientProtocolClient (GrpcClientProtocolClient.java:onNext(254)) - client-2EC808601240->374189d0-76c5-49d2-81b4-45a4af1368a2: receive RaftClientReply:client-2EC808601240->374189d0-76c5-49d2-81b4-45a4af1368a2@group-30B6692CD68C, cid=603, SUCCESS, logIndex=1072, commits[374189d0-76c5-49d2-81b4-45a4af1368a2:c1074]
2019-06-14 08:42:53,180 INFO  client.GrpcClientProtocolClient (GrpcClientProtocolClient.java:onNext(254)) - client-2EC808601240->374189d0-76c5-49d2-81b4-45a4af1368a2: receive RaftClientReply:client-2EC808601240->374189d0-76c5-49d2-81b4-45a4af1368a2@group-30B6692CD68C, cid=604, SUCCESS, logIndex=1074, commits[374189d0-76c5-49d2-81b4-45a4af1368a2:c1074]
2019-06-14 08:42:53,186 INFO  client.GrpcClientProtocolClient (GrpcClientProtocolClient.java:onNext(254)) - client-2EC808601240->374189d0-76c5-49d2-81b4-45a4af1368a2: receive RaftClientReply:client-2EC808601240->374189d0-76c5-49d2-81b4-45a4af1368a2@group-30B6692CD68C, cid=605, SUCCESS, logIndex=1076, commits[374189d0-76c5-49d2-81b4-45a4af1368a2:c1077]
2019-06-14 08:42:53,190 INFO  client.GrpcClientProtocolClient (GrpcClientProtocolClient.java:onNext(254)) - client-2EC808601240->374189d0-76c5-49d2-81b4-45a4af1368a2: receive RaftClientReply:client-2EC808601240->374189d0-76c5-49d2-81b4-45a4af1368a2@group-30B6692CD68C, cid=606, SUCCESS, logIndex=1078, commits[374189d0-76c5-49d2-81b4-45a4af1368a2:c1078]
2019-06-14 08:42:53,191 INFO  client.GrpcClientProtocolClient (GrpcClientProtocolClient.java:onNext(254)) - client-2EC808601240->374189d0-76c5-49d2-81b4-45a4af1368a2: receive RaftClientReply:client-2EC808601240->374189d0-76c5-49d2-81b4-45a4af1368a2@group-30B6692CD68C, cid=607, SUCCESS, logIndex=1080, commits[374189d0-76c5-49d2-81b4-45a4af1368a2:c1081]
2019-06-14 08:42:53,191 INFO  client.GrpcClientProtocolClient (GrpcClientProtocolClient.java:onNext(254)) - client-2EC808601240->374189d0-76c5-49d2-81b4-45a4af1368a2: receive RaftClientReply:client-2EC808601240->374189d0-76c5-49d2-81b4-45a4af1368a2@group-30B6692CD68C, cid=608, SUCCESS, logIndex=1081, commits[374189d0-76c5-49d2-81b4-45a4af1368a2:c1082]
2019-06-14 08:42:53,248 INFO  client.GrpcClientProtocolClient (GrpcClientProtocolClient.java:onNext(254)) - client-2EC808601240->374189d0-76c5-49d2-81b4-45a4af1368a2: receive RaftClientReply:client-2EC808601240->374189d0-76c5-49d2-81b4-45a4af1368a2@group-30B6692CD68C, cid=609, SUCCESS, logIndex=1083, commits[374189d0-76c5-49d2-81b4-45a4af1368a2:c1083]
2019-06-14 08:42:53,250 INFO  client.GrpcClientProtocolClient (GrpcClientProtocolClient.java:onNext(254)) - client-2EC808601240->374189d0-76c5-49d2-81b4-45a4af1368a2: receive RaftClientReply:client-2EC808601240->374189d0-76c5-49d2-81b4-45a4af1368a2@group-30B6692CD68C, cid=610, SUCCESS, logIndex=1085, commits[374189d0-76c5-49d2-81b4-45a4af1368a2:c1085]
2019-06-14 08:42:53,251 INFO  client.GrpcClientProtocolClient (GrpcClientProtocolClient.java:onNext(254)) - client-2EC808601240->374189d0-76c5-49d2-81b4-45a4af1368a2: receive RaftClientReply:client-2EC808601240->374189d0-76c5-49d2-81b4-45a4af1368a2@group-30B6692CD68C, cid=611, SUCCESS, logIndex=1086, commits[374189d0-76c5-49d2-81b4-45a4af1368a2:c1088]
2019-06-14 08:42:53,252 INFO  client.GrpcClientProtocolClient (GrpcClientProtocolClient.java:onNext(254)) - client-2EC808601240->374189d0-76c5-49d2-81b4-45a4af1368a2: receive RaftClientReply:client-2EC808601240->374189d0-76c5-49d2-81b4-45a4af1368a2@group-30B6692CD68C, cid=612, SUCCESS, logIndex=1088, commits[374189d0-76c5-49d2-81b4-45a4af1368a2:c1088]
2019-06-14 08:42:53,259 INFO  client.GrpcClientProtocolClient (GrpcClientProtocolClient.java:onNext(254)) - client-2EC808601240->374189d0-76c5-49d2-81b4-45a4af1368a2: receive RaftClientReply:client-2EC808601240->374189d0-76c5-49d2-81b4-45a4af1368a2@group-30B6692CD68C, cid=613, SUCCESS, logIndex=1090, commits[374189d0-76c5-49d2-81b4-45a4af1368a2:c1090]
2019-06-14 08:42:53,260 INFO  client.GrpcClientProtocolClient (GrpcClientProtocolClient.java:onNext(254)) - client-2EC808601240->374189d0-76c5-49d2-81b4-45a4af1368a2: receive RaftClientReply:client-2EC808601240->374189d0-76c5-49d2-81b4-45a4af1368a2@group-30B6692CD68C, cid=614, SUCCESS, logIndex=1092, commits[374189d0-76c5-49d2-81b4-45a4af1368a2:c1092]
2019-06-14 08:42:53,261 DEBUG block.SCMBlockDeletingService (SCMBlockDeletingService.java:call(138)) - Running DeletedBlockTransactionScanner
2019-06-14 08:42:53,261 DEBUG block.SCMBlockDeletingService (SCMBlockDeletingService.java:call(155)) - Scanned deleted blocks log and got 0 delTX to process.
2019-06-14 08:42:53,263 INFO  client.GrpcClientProtocolClient (GrpcClientProtocolClient.java:onNext(254)) - client-2EC808601240->374189d0-76c5-49d2-81b4-45a4af1368a2: receive RaftClientReply:client-2EC808601240->374189d0-76c5-49d2-81b4-45a4af1368a2@group-30B6692CD68C, cid=615, SUCCESS, logIndex=1094, commits[374189d0-76c5-49d2-81b4-45a4af1368a2:c1095]
2019-06-14 08:42:53,263 INFO  client.GrpcClientProtocolClient (GrpcClientProtocolClient.java:onNext(254)) - client-2EC808601240->374189d0-76c5-49d2-81b4-45a4af1368a2: receive RaftClientReply:client-2EC808601240->374189d0-76c5-49d2-81b4-45a4af1368a2@group-30B6692CD68C, cid=616, SUCCESS, logIndex=1095, commits[374189d0-76c5-49d2-81b4-45a4af1368a2:c1096]
2019-06-14 08:42:53,273 INFO  client.GrpcClientProtocolClient (GrpcClientProtocolClient.java:onNext(254)) - client-2EC808601240->374189d0-76c5-49d2-81b4-45a4af1368a2: receive RaftClientReply:client-2EC808601240->374189d0-76c5-49d2-81b4-45a4af1368a2@group-30B6692CD68C, cid=617, SUCCESS, logIndex=1097, commits[374189d0-76c5-49d2-81b4-45a4af1368a2:c1097]
2019-06-14 08:42:53,275 INFO  client.GrpcClientProtocolClient (GrpcClientProtocolClient.java:onNext(254)) - client-2EC808601240->374189d0-76c5-49d2-81b4-45a4af1368a2: receive RaftClientReply:client-2EC808601240->374189d0-76c5-49d2-81b4-45a4af1368a2@group-30B6692CD68C, cid=618, SUCCESS, logIndex=1099, commits[374189d0-76c5-49d2-81b4-45a4af1368a2:c1099]
2019-06-14 08:42:53,359 INFO  client.GrpcClientProtocolClient (GrpcClientProtocolClient.java:onNext(254)) - client-2EC808601240->374189d0-76c5-49d2-81b4-45a4af1368a2: receive RaftClientReply:client-2EC808601240->374189d0-76c5-49d2-81b4-45a4af1368a2@group-30B6692CD68C, cid=619, SUCCESS, logIndex=1101, commits[374189d0-76c5-49d2-81b4-45a4af1368a2:c1101]
2019-06-14 08:42:53,360 INFO  client.GrpcClientProtocolClient (GrpcClientProtocolClient.java:onNext(254)) - client-2EC808601240->374189d0-76c5-49d2-81b4-45a4af1368a2: receive RaftClientReply:client-2EC808601240->374189d0-76c5-49d2-81b4-45a4af1368a2@group-30B6692CD68C, cid=620, SUCCESS, logIndex=1103, commits[374189d0-76c5-49d2-81b4-45a4af1368a2:c1103]
2019-06-14 08:42:53,361 DEBUG block.SCMBlockDeletingService (SCMBlockDeletingService.java:call(138)) - Running DeletedBlockTransactionScanner
2019-06-14 08:42:53,362 DEBUG block.SCMBlockDeletingService (SCMBlockDeletingService.java:call(155)) - Scanned deleted blocks log and got 0 delTX to process.
2019-06-14 08:42:53,367 INFO  client.GrpcClientProtocolClient (GrpcClientProtocolClient.java:onNext(254)) - client-2EC808601240->374189d0-76c5-49d2-81b4-45a4af1368a2: receive RaftClientReply:client-2EC808601240->374189d0-76c5-49d2-81b4-45a4af1368a2@group-30B6692CD68C, cid=621, SUCCESS, logIndex=1105, commits[374189d0-76c5-49d2-81b4-45a4af1368a2:c1105]
2019-06-14 08:42:53,369 INFO  client.GrpcClientProtocolClient (GrpcClientProtocolClient.java:onNext(254)) - client-2EC808601240->374189d0-76c5-49d2-81b4-45a4af1368a2: receive RaftClientReply:client-2EC808601240->374189d0-76c5-49d2-81b4-45a4af1368a2@group-30B6692CD68C, cid=622, SUCCESS, logIndex=1107, commits[374189d0-76c5-49d2-81b4-45a4af1368a2:c1107]
2019-06-14 08:42:53,370 INFO  client.GrpcClientProtocolClient (GrpcClientProtocolClient.java:onNext(254)) - client-2EC808601240->374189d0-76c5-49d2-81b4-45a4af1368a2: receive RaftClientReply:client-2EC808601240->374189d0-76c5-49d2-81b4-45a4af1368a2@group-30B6692CD68C, cid=623, SUCCESS, logIndex=1108, commits[374189d0-76c5-49d2-81b4-45a4af1368a2:c1109]
2019-06-14 08:42:53,370 INFO  client.GrpcClientProtocolClient (GrpcClientProtocolClient.java:onNext(254)) - client-2EC808601240->374189d0-76c5-49d2-81b4-45a4af1368a2: receive RaftClientReply:client-2EC808601240->374189d0-76c5-49d2-81b4-45a4af1368a2@group-30B6692CD68C, cid=624, SUCCESS, logIndex=1109, commits[374189d0-76c5-49d2-81b4-45a4af1368a2:c1110]
2019-06-14 08:42:53,379 INFO  client.GrpcClientProtocolClient (GrpcClientProtocolClient.java:onNext(254)) - client-2EC808601240->374189d0-76c5-49d2-81b4-45a4af1368a2: receive RaftClientReply:client-2EC808601240->374189d0-76c5-49d2-81b4-45a4af1368a2@group-30B6692CD68C, cid=625, SUCCESS, logIndex=1112, commits[374189d0-76c5-49d2-81b4-45a4af1368a2:c1112]
2019-06-14 08:42:53,382 INFO  client.GrpcClientProtocolClient (GrpcClientProtocolClient.java:onNext(254)) - client-2EC808601240->374189d0-76c5-49d2-81b4-45a4af1368a2: receive RaftClientReply:client-2EC808601240->374189d0-76c5-49d2-81b4-45a4af1368a2@group-30B6692CD68C, cid=626, SUCCESS, logIndex=1114, commits[374189d0-76c5-49d2-81b4-45a4af1368a2:c1114]
2019-06-14 08:42:53,383 INFO  client.GrpcClientProtocolClient (GrpcClientProtocolClient.java:onNext(254)) - client-2EC808601240->374189d0-76c5-49d2-81b4-45a4af1368a2: receive RaftClientReply:client-2EC808601240->374189d0-76c5-49d2-81b4-45a4af1368a2@group-30B6692CD68C, cid=627, SUCCESS, logIndex=1115, commits[374189d0-76c5-49d2-81b4-45a4af1368a2:c1116]
2019-06-14 08:42:53,384 INFO  client.GrpcClientProtocolClient (GrpcClientProtocolClient.java:onNext(254)) - client-2EC808601240->374189d0-76c5-49d2-81b4-45a4af1368a2: receive RaftClientReply:client-2EC808601240->374189d0-76c5-49d2-81b4-45a4af1368a2@group-30B6692CD68C, cid=628, SUCCESS, logIndex=1116, commits[374189d0-76c5-49d2-81b4-45a4af1368a2:c1116]
2019-06-14 08:42:53,390 INFO  client.GrpcClientProtocolClient (GrpcClientProtocolClient.java:onNext(254)) - client-2EC808601240->374189d0-76c5-49d2-81b4-45a4af1368a2: receive RaftClientReply:client-2EC808601240->374189d0-76c5-49d2-81b4-45a4af1368a2@group-30B6692CD68C, cid=629, SUCCESS, logIndex=1119, commits[374189d0-76c5-49d2-81b4-45a4af1368a2:c1119]
2019-06-14 08:42:53,391 INFO  client.GrpcClientProtocolClient (GrpcClientProtocolClient.java:onNext(254)) - client-2EC808601240->374189d0-76c5-49d2-81b4-45a4af1368a2: receive RaftClientReply:client-2EC808601240->374189d0-76c5-49d2-81b4-45a4af1368a2@group-30B6692CD68C, cid=630, SUCCESS, logIndex=1121, commits[374189d0-76c5-49d2-81b4-45a4af1368a2:c1121]
2019-06-14 08:42:53,394 INFO  client.GrpcClientProtocolClient (GrpcClientProtocolClient.java:onNext(254)) - client-2EC808601240->374189d0-76c5-49d2-81b4-45a4af1368a2: receive RaftClientReply:client-2EC808601240->374189d0-76c5-49d2-81b4-45a4af1368a2@group-30B6692CD68C, cid=631, SUCCESS, logIndex=1123, commits[374189d0-76c5-49d2-81b4-45a4af1368a2:c1124]
2019-06-14 08:42:53,395 INFO  client.GrpcClientProtocolClient (GrpcClientProtocolClient.java:onNext(254)) - client-2EC808601240->374189d0-76c5-49d2-81b4-45a4af1368a2: receive RaftClientReply:client-2EC808601240->374189d0-76c5-49d2-81b4-45a4af1368a2@group-30B6692CD68C, cid=632, SUCCESS, logIndex=1124, commits[374189d0-76c5-49d2-81b4-45a4af1368a2:c1124]
2019-06-14 08:42:53,406 INFO  client.GrpcClientProtocolClient (GrpcClientProtocolClient.java:onNext(254)) - client-2EC808601240->374189d0-76c5-49d2-81b4-45a4af1368a2: receive RaftClientReply:client-2EC808601240->374189d0-76c5-49d2-81b4-45a4af1368a2@group-30B6692CD68C, cid=633, SUCCESS, logIndex=1126, commits[374189d0-76c5-49d2-81b4-45a4af1368a2:c1126]
2019-06-14 08:42:53,409 INFO  client.GrpcClientProtocolClient (GrpcClientProtocolClient.java:onNext(254)) - client-2EC808601240->374189d0-76c5-49d2-81b4-45a4af1368a2: receive RaftClientReply:client-2EC808601240->374189d0-76c5-49d2-81b4-45a4af1368a2@group-30B6692CD68C, cid=634, SUCCESS, logIndex=1128, commits[374189d0-76c5-49d2-81b4-45a4af1368a2:c1128]
2019-06-14 08:42:53,409 INFO  client.GrpcClientProtocolClient (GrpcClientProtocolClient.java:onNext(254)) - client-2EC808601240->374189d0-76c5-49d2-81b4-45a4af1368a2: receive RaftClientReply:client-2EC808601240->374189d0-76c5-49d2-81b4-45a4af1368a2@group-30B6692CD68C, cid=635, SUCCESS, logIndex=1129, commits[374189d0-76c5-49d2-81b4-45a4af1368a2:c1129]
2019-06-14 08:42:53,410 INFO  client.GrpcClientProtocolClient (GrpcClientProtocolClient.java:onNext(254)) - client-2EC808601240->374189d0-76c5-49d2-81b4-45a4af1368a2: receive RaftClientReply:client-2EC808601240->374189d0-76c5-49d2-81b4-45a4af1368a2@group-30B6692CD68C, cid=636, SUCCESS, logIndex=1131, commits[374189d0-76c5-49d2-81b4-45a4af1368a2:c1131]
2019-06-14 08:42:53,419 INFO  client.GrpcClientProtocolClient (GrpcClientProtocolClient.java:onNext(254)) - client-2EC808601240->374189d0-76c5-49d2-81b4-45a4af1368a2: receive RaftClientReply:client-2EC808601240->374189d0-76c5-49d2-81b4-45a4af1368a2@group-30B6692CD68C, cid=637, SUCCESS, logIndex=1134, commits[374189d0-76c5-49d2-81b4-45a4af1368a2:c1134]
2019-06-14 08:42:53,420 INFO  client.GrpcClientProtocolClient (GrpcClientProtocolClient.java:onNext(254)) - client-2EC808601240->374189d0-76c5-49d2-81b4-45a4af1368a2: receive RaftClientReply:client-2EC808601240->374189d0-76c5-49d2-81b4-45a4af1368a2@group-30B6692CD68C, cid=638, SUCCESS, logIndex=1136, commits[374189d0-76c5-49d2-81b4-45a4af1368a2:c1136]
2019-06-14 08:42:53,423 INFO  client.GrpcClientProtocolClient (GrpcClientProtocolClient.java:onNext(254)) - client-2EC808601240->374189d0-76c5-49d2-81b4-45a4af1368a2: receive RaftClientReply:client-2EC808601240->374189d0-76c5-49d2-81b4-45a4af1368a2@group-30B6692CD68C, cid=639, SUCCESS, logIndex=1138, commits[374189d0-76c5-49d2-81b4-45a4af1368a2:c1138]
2019-06-14 08:42:53,426 INFO  client.GrpcClientProtocolClient (GrpcClientProtocolClient.java:onNext(254)) - client-2EC808601240->374189d0-76c5-49d2-81b4-45a4af1368a2: receive RaftClientReply:client-2EC808601240->374189d0-76c5-49d2-81b4-45a4af1368a2@group-30B6692CD68C, cid=640, SUCCESS, logIndex=1140, commits[374189d0-76c5-49d2-81b4-45a4af1368a2:c1141]
2019-06-14 08:42:53,438 INFO  client.GrpcClientProtocolClient (GrpcClientProtocolClient.java:onNext(254)) - client-2EC808601240->374189d0-76c5-49d2-81b4-45a4af1368a2: receive RaftClientReply:client-2EC808601240->374189d0-76c5-49d2-81b4-45a4af1368a2@group-30B6692CD68C, cid=641, SUCCESS, logIndex=1142, commits[374189d0-76c5-49d2-81b4-45a4af1368a2:c1142]
2019-06-14 08:42:53,438 INFO  storage.RaftLogWorker (RaftLogWorker.java:rollLogSegment(303)) - 374189d0-76c5-49d2-81b4-45a4af1368a2-RaftLogWorker: Rolling segment log-1067_1144 to index:1144
2019-06-14 08:42:53,438 INFO  storage.RaftLogWorker (RaftLogWorker.java:execute(433)) - 374189d0-76c5-49d2-81b4-45a4af1368a2-RaftLogWorker: Rolled log segment from /opt/src/hadoop-ozone/integration-test/target/test-dir/MiniOzoneClusterImpl-1994f8b8-dd4d-445c-bf25-0c6d40f9b14d/datanode-0/data/ratis/99d0acb8-99ce-4814-8259-30b6692cd68c/current/log_inprogress_1067 to /opt/src/hadoop-ozone/integration-test/target/test-dir/MiniOzoneClusterImpl-1994f8b8-dd4d-445c-bf25-0c6d40f9b14d/datanode-0/data/ratis/99d0acb8-99ce-4814-8259-30b6692cd68c/current/log_1067-1144
2019-06-14 08:42:53,439 INFO  client.GrpcClientProtocolClient (GrpcClientProtocolClient.java:onNext(254)) - client-2EC808601240->374189d0-76c5-49d2-81b4-45a4af1368a2: receive RaftClientReply:client-2EC808601240->374189d0-76c5-49d2-81b4-45a4af1368a2@group-30B6692CD68C, cid=642, SUCCESS, logIndex=1144, commits[374189d0-76c5-49d2-81b4-45a4af1368a2:c1144]
2019-06-14 08:42:53,462 DEBUG block.SCMBlockDeletingService (SCMBlockDeletingService.java:call(138)) - Running DeletedBlockTransactionScanner
2019-06-14 08:42:53,473 DEBUG block.SCMBlockDeletingService (SCMBlockDeletingService.java:call(155)) - Scanned deleted blocks log and got 0 delTX to process.
2019-06-14 08:42:53,475 INFO  storage.RaftLogWorker (RaftLogWorker.java:execute(469)) - 374189d0-76c5-49d2-81b4-45a4af1368a2-RaftLogWorker: created new log segment /opt/src/hadoop-ozone/integration-test/target/test-dir/MiniOzoneClusterImpl-1994f8b8-dd4d-445c-bf25-0c6d40f9b14d/datanode-0/data/ratis/99d0acb8-99ce-4814-8259-30b6692cd68c/current/log_inprogress_1145
2019-06-14 08:42:53,477 INFO  client.GrpcClientProtocolClient (GrpcClientProtocolClient.java:onNext(254)) - client-2EC808601240->374189d0-76c5-49d2-81b4-45a4af1368a2: receive RaftClientReply:client-2EC808601240->374189d0-76c5-49d2-81b4-45a4af1368a2@group-30B6692CD68C, cid=643, SUCCESS, logIndex=1145, commits[374189d0-76c5-49d2-81b4-45a4af1368a2:c1147]
2019-06-14 08:42:53,477 INFO  client.GrpcClientProtocolClient (GrpcClientProtocolClient.java:onNext(254)) - client-2EC808601240->374189d0-76c5-49d2-81b4-45a4af1368a2: receive RaftClientReply:client-2EC808601240->374189d0-76c5-49d2-81b4-45a4af1368a2@group-30B6692CD68C, cid=644, SUCCESS, logIndex=1147, commits[374189d0-76c5-49d2-81b4-45a4af1368a2:c1148]
2019-06-14 08:42:53,483 INFO  client.GrpcClientProtocolClient (GrpcClientProtocolClient.java:onNext(254)) - client-2EC808601240->374189d0-76c5-49d2-81b4-45a4af1368a2: receive RaftClientReply:client-2EC808601240->374189d0-76c5-49d2-81b4-45a4af1368a2@group-30B6692CD68C, cid=645, SUCCESS, logIndex=1149, commits[374189d0-76c5-49d2-81b4-45a4af1368a2:c1149]
2019-06-14 08:42:53,486 INFO  client.GrpcClientProtocolClient (GrpcClientProtocolClient.java:onNext(254)) - client-2EC808601240->374189d0-76c5-49d2-81b4-45a4af1368a2: receive RaftClientReply:client-2EC808601240->374189d0-76c5-49d2-81b4-45a4af1368a2@group-30B6692CD68C, cid=646, SUCCESS, logIndex=1151, commits[374189d0-76c5-49d2-81b4-45a4af1368a2:c1151]
2019-06-14 08:42:53,486 INFO  client.GrpcClientProtocolClient (GrpcClientProtocolClient.java:onNext(254)) - client-2EC808601240->374189d0-76c5-49d2-81b4-45a4af1368a2: receive RaftClientReply:client-2EC808601240->374189d0-76c5-49d2-81b4-45a4af1368a2@group-30B6692CD68C, cid=647, SUCCESS, logIndex=1152, commits[374189d0-76c5-49d2-81b4-45a4af1368a2:c1154]
2019-06-14 08:42:53,486 INFO  client.GrpcClientProtocolClient (GrpcClientProtocolClient.java:onNext(254)) - client-2EC808601240->374189d0-76c5-49d2-81b4-45a4af1368a2: receive RaftClientReply:client-2EC808601240->374189d0-76c5-49d2-81b4-45a4af1368a2@group-30B6692CD68C, cid=648, SUCCESS, logIndex=1154, commits[374189d0-76c5-49d2-81b4-45a4af1368a2:c1154]
2019-06-14 08:42:53,497 INFO  client.GrpcClientProtocolClient (GrpcClientProtocolClient.java:onNext(254)) - client-2EC808601240->374189d0-76c5-49d2-81b4-45a4af1368a2: receive RaftClientReply:client-2EC808601240->374189d0-76c5-49d2-81b4-45a4af1368a2@group-30B6692CD68C, cid=649, SUCCESS, logIndex=1156, commits[374189d0-76c5-49d2-81b4-45a4af1368a2:c1156]
2019-06-14 08:42:53,499 INFO  client.GrpcClientProtocolClient (GrpcClientProtocolClient.java:onNext(254)) - client-2EC808601240->374189d0-76c5-49d2-81b4-45a4af1368a2: receive RaftClientReply:client-2EC808601240->374189d0-76c5-49d2-81b4-45a4af1368a2@group-30B6692CD68C, cid=650, SUCCESS, logIndex=1158, commits[374189d0-76c5-49d2-81b4-45a4af1368a2:c1158]
2019-06-14 08:42:53,502 INFO  client.GrpcClientProtocolClient (GrpcClientProtocolClient.java:onNext(254)) - client-2EC808601240->374189d0-76c5-49d2-81b4-45a4af1368a2: receive RaftClientReply:client-2EC808601240->374189d0-76c5-49d2-81b4-45a4af1368a2@group-30B6692CD68C, cid=651, SUCCESS, logIndex=1160, commits[374189d0-76c5-49d2-81b4-45a4af1368a2:c1161]
2019-06-14 08:42:53,502 INFO  client.GrpcClientProtocolClient (GrpcClientProtocolClient.java:onNext(254)) - client-2EC808601240->374189d0-76c5-49d2-81b4-45a4af1368a2: receive RaftClientReply:client-2EC808601240->374189d0-76c5-49d2-81b4-45a4af1368a2@group-30B6692CD68C, cid=652, SUCCESS, logIndex=1161, commits[374189d0-76c5-49d2-81b4-45a4af1368a2:c1162]
2019-06-14 08:42:53,508 INFO  client.GrpcClientProtocolClient (GrpcClientProtocolClient.java:onNext(254)) - client-2EC808601240->374189d0-76c5-49d2-81b4-45a4af1368a2: receive RaftClientReply:client-2EC808601240->374189d0-76c5-49d2-81b4-45a4af1368a2@group-30B6692CD68C, cid=653, SUCCESS, logIndex=1163, commits[374189d0-76c5-49d2-81b4-45a4af1368a2:c1163]
2019-06-14 08:42:53,509 INFO  client.GrpcClientProtocolClient (GrpcClientProtocolClient.java:onNext(254)) - client-2EC808601240->374189d0-76c5-49d2-81b4-45a4af1368a2: receive RaftClientReply:client-2EC808601240->374189d0-76c5-49d2-81b4-45a4af1368a2@group-30B6692CD68C, cid=654, SUCCESS, logIndex=1165, commits[374189d0-76c5-49d2-81b4-45a4af1368a2:c1165]
2019-06-14 08:42:53,512 INFO  client.GrpcClientProtocolClient (GrpcClientProtocolClient.java:onNext(254)) - client-2EC808601240->374189d0-76c5-49d2-81b4-45a4af1368a2: receive RaftClientReply:client-2EC808601240->374189d0-76c5-49d2-81b4-45a4af1368a2@group-30B6692CD68C, cid=655, SUCCESS, logIndex=1167, commits[374189d0-76c5-49d2-81b4-45a4af1368a2:c1168]
2019-06-14 08:42:53,512 INFO  client.GrpcClientProtocolClient (GrpcClientProtocolClient.java:onNext(254)) - client-2EC808601240->374189d0-76c5-49d2-81b4-45a4af1368a2: receive RaftClientReply:client-2EC808601240->374189d0-76c5-49d2-81b4-45a4af1368a2@group-30B6692CD68C, cid=656, SUCCESS, logIndex=1168, commits[374189d0-76c5-49d2-81b4-45a4af1368a2:c1169]
2019-06-14 08:42:53,522 INFO  client.GrpcClientProtocolClient (GrpcClientProtocolClient.java:onNext(254)) - client-2EC808601240->374189d0-76c5-49d2-81b4-45a4af1368a2: receive RaftClientReply:client-2EC808601240->374189d0-76c5-49d2-81b4-45a4af1368a2@group-30B6692CD68C, cid=657, SUCCESS, logIndex=1170, commits[374189d0-76c5-49d2-81b4-45a4af1368a2:c1170]
2019-06-14 08:42:53,525 INFO  client.GrpcClientProtocolClient (GrpcClientProtocolClient.java:onNext(254)) - client-2EC808601240->374189d0-76c5-49d2-81b4-45a4af1368a2: receive RaftClientReply:client-2EC808601240->374189d0-76c5-49d2-81b4-45a4af1368a2@group-30B6692CD68C, cid=658, SUCCESS, logIndex=1172, commits[374189d0-76c5-49d2-81b4-45a4af1368a2:c1172]
2019-06-14 08:42:53,525 INFO  client.GrpcClientProtocolClient (GrpcClientProtocolClient.java:onNext(254)) - client-2EC808601240->374189d0-76c5-49d2-81b4-45a4af1368a2: receive RaftClientReply:client-2EC808601240->374189d0-76c5-49d2-81b4-45a4af1368a2@group-30B6692CD68C, cid=659, SUCCESS, logIndex=1173, commits[374189d0-76c5-49d2-81b4-45a4af1368a2:c1174]
2019-06-14 08:42:53,526 INFO  client.GrpcClientProtocolClient (GrpcClientProtocolClient.java:onNext(254)) - client-2EC808601240->374189d0-76c5-49d2-81b4-45a4af1368a2: receive RaftClientReply:client-2EC808601240->374189d0-76c5-49d2-81b4-45a4af1368a2@group-30B6692CD68C, cid=660, SUCCESS, logIndex=1174, commits[374189d0-76c5-49d2-81b4-45a4af1368a2:c1174]
2019-06-14 08:42:53,536 INFO  client.GrpcClientProtocolClient (GrpcClientProtocolClient.java:onNext(254)) - client-2EC808601240->374189d0-76c5-49d2-81b4-45a4af1368a2: receive RaftClientReply:client-2EC808601240->374189d0-76c5-49d2-81b4-45a4af1368a2@group-30B6692CD68C, cid=661, SUCCESS, logIndex=1177, commits[374189d0-76c5-49d2-81b4-45a4af1368a2:c1177]
2019-06-14 08:42:53,543 INFO  client.GrpcClientProtocolClient (GrpcClientProtocolClient.java:onNext(254)) - client-2EC808601240->374189d0-76c5-49d2-81b4-45a4af1368a2: receive RaftClientReply:client-2EC808601240->374189d0-76c5-49d2-81b4-45a4af1368a2@group-30B6692CD68C, cid=662, SUCCESS, logIndex=1179, commits[374189d0-76c5-49d2-81b4-45a4af1368a2:c1179]
2019-06-14 08:42:53,573 DEBUG block.SCMBlockDeletingService (SCMBlockDeletingService.java:call(138)) - Running DeletedBlockTransactionScanner
2019-06-14 08:42:53,573 DEBUG block.SCMBlockDeletingService (SCMBlockDeletingService.java:call(155)) - Scanned deleted blocks log and got 0 delTX to process.
2019-06-14 08:42:53,634 INFO  client.GrpcClientProtocolClient (GrpcClientProtocolClient.java:onNext(254)) - client-2EC808601240->374189d0-76c5-49d2-81b4-45a4af1368a2: receive RaftClientReply:client-2EC808601240->374189d0-76c5-49d2-81b4-45a4af1368a2@group-30B6692CD68C, cid=663, SUCCESS, logIndex=1181, commits[374189d0-76c5-49d2-81b4-45a4af1368a2:c1181]
2019-06-14 08:42:53,636 INFO  client.GrpcClientProtocolClient (GrpcClientProtocolClient.java:onNext(254)) - client-2EC808601240->374189d0-76c5-49d2-81b4-45a4af1368a2: receive RaftClientReply:client-2EC808601240->374189d0-76c5-49d2-81b4-45a4af1368a2@group-30B6692CD68C, cid=664, SUCCESS, logIndex=1183, commits[374189d0-76c5-49d2-81b4-45a4af1368a2:c1183]
2019-06-14 08:42:53,646 INFO  client.GrpcClientProtocolClient (GrpcClientProtocolClient.java:onNext(254)) - client-2EC808601240->374189d0-76c5-49d2-81b4-45a4af1368a2: receive RaftClientReply:client-2EC808601240->374189d0-76c5-49d2-81b4-45a4af1368a2@group-30B6692CD68C, cid=665, SUCCESS, logIndex=1185, commits[374189d0-76c5-49d2-81b4-45a4af1368a2:c1185]
2019-06-14 08:42:53,649 INFO  client.GrpcClientProtocolClient (GrpcClientProtocolClient.java:onNext(254)) - client-2EC808601240->374189d0-76c5-49d2-81b4-45a4af1368a2: receive RaftClientReply:client-2EC808601240->374189d0-76c5-49d2-81b4-45a4af1368a2@group-30B6692CD68C, cid=666, SUCCESS, logIndex=1187, commits[374189d0-76c5-49d2-81b4-45a4af1368a2:c1187]
2019-06-14 08:42:53,650 INFO  client.GrpcClientProtocolClient (GrpcClientProtocolClient.java:onNext(254)) - client-2EC808601240->374189d0-76c5-49d2-81b4-45a4af1368a2: receive RaftClientReply:client-2EC808601240->374189d0-76c5-49d2-81b4-45a4af1368a2@group-30B6692CD68C, cid=667, SUCCESS, logIndex=1188, commits[374189d0-76c5-49d2-81b4-45a4af1368a2:c1190]
2019-06-14 08:42:53,651 INFO  client.GrpcClientProtocolClient (GrpcClientProtocolClient.java:onNext(254)) - client-2EC808601240->374189d0-76c5-49d2-81b4-45a4af1368a2: receive RaftClientReply:client-2EC808601240->374189d0-76c5-49d2-81b4-45a4af1368a2@group-30B6692CD68C, cid=668, SUCCESS, logIndex=1190, commits[374189d0-76c5-49d2-81b4-45a4af1368a2:c1192]
2019-06-14 08:42:53,659 INFO  client.GrpcClientProtocolClient (GrpcClientProtocolClient.java:onNext(254)) - client-2EC808601240->374189d0-76c5-49d2-81b4-45a4af1368a2: receive RaftClientReply:client-2EC808601240->374189d0-76c5-49d2-81b4-45a4af1368a2@group-30B6692CD68C, cid=669, SUCCESS, logIndex=1193, commits[374189d0-76c5-49d2-81b4-45a4af1368a2:c1193]
2019-06-14 08:42:53,661 INFO  client.GrpcClientProtocolClient (GrpcClientProtocolClient.java:onNext(254)) - client-2EC808601240->374189d0-76c5-49d2-81b4-45a4af1368a2: receive RaftClientReply:client-2EC808601240->374189d0-76c5-49d2-81b4-45a4af1368a2@group-30B6692CD68C, cid=670, SUCCESS, logIndex=1195, commits[374189d0-76c5-49d2-81b4-45a4af1368a2:c1195]
2019-06-14 08:42:53,662 INFO  client.GrpcClientProtocolClient (GrpcClientProtocolClient.java:onNext(254)) - client-2EC808601240->374189d0-76c5-49d2-81b4-45a4af1368a2: receive RaftClientReply:client-2EC808601240->374189d0-76c5-49d2-81b4-45a4af1368a2@group-30B6692CD68C, cid=671, SUCCESS, logIndex=1196, commits[374189d0-76c5-49d2-81b4-45a4af1368a2:c1198]
2019-06-14 08:42:53,663 INFO  client.GrpcClientProtocolClient (GrpcClientProtocolClient.java:onNext(254)) - client-2EC808601240->374189d0-76c5-49d2-81b4-45a4af1368a2: receive RaftClientReply:client-2EC808601240->374189d0-76c5-49d2-81b4-45a4af1368a2@group-30B6692CD68C, cid=672, SUCCESS, logIndex=1198, commits[374189d0-76c5-49d2-81b4-45a4af1368a2:c1198]
2019-06-14 08:42:53,700 DEBUG block.SCMBlockDeletingService (SCMBlockDeletingService.java:call(138)) - Running DeletedBlockTransactionScanner
2019-06-14 08:42:53,700 DEBUG block.SCMBlockDeletingService (SCMBlockDeletingService.java:call(155)) - Scanned deleted blocks log and got 0 delTX to process.
2019-06-14 08:42:53,706 INFO  client.GrpcClientProtocolClient (GrpcClientProtocolClient.java:onNext(254)) - client-2EC808601240->374189d0-76c5-49d2-81b4-45a4af1368a2: receive RaftClientReply:client-2EC808601240->374189d0-76c5-49d2-81b4-45a4af1368a2@group-30B6692CD68C, cid=673, SUCCESS, logIndex=1200, commits[374189d0-76c5-49d2-81b4-45a4af1368a2:c1200]
2019-06-14 08:42:53,708 INFO  client.GrpcClientProtocolClient (GrpcClientProtocolClient.java:onNext(254)) - client-2EC808601240->374189d0-76c5-49d2-81b4-45a4af1368a2: receive RaftClientReply:client-2EC808601240->374189d0-76c5-49d2-81b4-45a4af1368a2@group-30B6692CD68C, cid=674, SUCCESS, logIndex=1202, commits[374189d0-76c5-49d2-81b4-45a4af1368a2:c1202]
2019-06-14 08:42:53,710 INFO  client.GrpcClientProtocolClient (GrpcClientProtocolClient.java:onNext(254)) - client-2EC808601240->374189d0-76c5-49d2-81b4-45a4af1368a2: receive RaftClientReply:client-2EC808601240->374189d0-76c5-49d2-81b4-45a4af1368a2@group-30B6692CD68C, cid=675, SUCCESS, logIndex=1203, commits[374189d0-76c5-49d2-81b4-45a4af1368a2:c1205]
2019-06-14 08:42:53,710 INFO  client.GrpcClientProtocolClient (GrpcClientProtocolClient.java:onNext(254)) - client-2EC808601240->374189d0-76c5-49d2-81b4-45a4af1368a2: receive RaftClientReply:client-2EC808601240->374189d0-76c5-49d2-81b4-45a4af1368a2@group-30B6692CD68C, cid=676, SUCCESS, logIndex=1205, commits[374189d0-76c5-49d2-81b4-45a4af1368a2:c1206]
2019-06-14 08:42:53,717 INFO  client.GrpcClientProtocolClient (GrpcClientProtocolClient.java:onNext(254)) - client-2EC808601240->374189d0-76c5-49d2-81b4-45a4af1368a2: receive RaftClientReply:client-2EC808601240->374189d0-76c5-49d2-81b4-45a4af1368a2@group-30B6692CD68C, cid=677, SUCCESS, logIndex=1207, commits[374189d0-76c5-49d2-81b4-45a4af1368a2:c1207]
2019-06-14 08:42:53,720 INFO  client.GrpcClientProtocolClient (GrpcClientProtocolClient.java:onNext(254)) - client-2EC808601240->374189d0-76c5-49d2-81b4-45a4af1368a2: receive RaftClientReply:client-2EC808601240->374189d0-76c5-49d2-81b4-45a4af1368a2@group-30B6692CD68C, cid=678, SUCCESS, logIndex=1209, commits[374189d0-76c5-49d2-81b4-45a4af1368a2:c1209]
2019-06-14 08:42:53,721 INFO  client.GrpcClientProtocolClient (GrpcClientProtocolClient.java:onNext(254)) - client-2EC808601240->374189d0-76c5-49d2-81b4-45a4af1368a2: receive RaftClientReply:client-2EC808601240->374189d0-76c5-49d2-81b4-45a4af1368a2@group-30B6692CD68C, cid=679, SUCCESS, logIndex=1210, commits[374189d0-76c5-49d2-81b4-45a4af1368a2:c1211]
2019-06-14 08:42:53,721 INFO  client.GrpcClientProtocolClient (GrpcClientProtocolClient.java:onNext(254)) - client-2EC808601240->374189d0-76c5-49d2-81b4-45a4af1368a2: receive RaftClientReply:client-2EC808601240->374189d0-76c5-49d2-81b4-45a4af1368a2@group-30B6692CD68C, cid=680, SUCCESS, logIndex=1211, commits[374189d0-76c5-49d2-81b4-45a4af1368a2:c1212]
2019-06-14 08:42:53,734 INFO  client.GrpcClientProtocolClient (GrpcClientProtocolClient.java:onNext(254)) - client-2EC808601240->374189d0-76c5-49d2-81b4-45a4af1368a2: receive RaftClientReply:client-2EC808601240->374189d0-76c5-49d2-81b4-45a4af1368a2@group-30B6692CD68C, cid=681, SUCCESS, logIndex=1214, commits[374189d0-76c5-49d2-81b4-45a4af1368a2:c1214]
2019-06-14 08:42:53,736 INFO  client.GrpcClientProtocolClient (GrpcClientProtocolClient.java:onNext(254)) - client-2EC808601240->374189d0-76c5-49d2-81b4-45a4af1368a2: receive RaftClientReply:client-2EC808601240->374189d0-76c5-49d2-81b4-45a4af1368a2@group-30B6692CD68C, cid=682, SUCCESS, logIndex=1216, commits[374189d0-76c5-49d2-81b4-45a4af1368a2:c1216]
2019-06-14 08:42:53,737 INFO  client.GrpcClientProtocolClient (GrpcClientProtocolClient.java:onNext(254)) - client-2EC808601240->374189d0-76c5-49d2-81b4-45a4af1368a2: receive RaftClientReply:client-2EC808601240->374189d0-76c5-49d2-81b4-45a4af1368a2@group-30B6692CD68C, cid=683, SUCCESS, logIndex=1217, commits[374189d0-76c5-49d2-81b4-45a4af1368a2:c1219]
2019-06-14 08:42:53,737 INFO  client.GrpcClientProtocolClient (GrpcClientProtocolClient.java:onNext(254)) - client-2EC808601240->374189d0-76c5-49d2-81b4-45a4af1368a2: receive RaftClientReply:client-2EC808601240->374189d0-76c5-49d2-81b4-45a4af1368a2@group-30B6692CD68C, cid=684, SUCCESS, logIndex=1218, commits[374189d0-76c5-49d2-81b4-45a4af1368a2:c1219]
2019-06-14 08:42:53,744 INFO  client.GrpcClientProtocolClient (GrpcClientProtocolClient.java:onNext(254)) - client-2EC808601240->374189d0-76c5-49d2-81b4-45a4af1368a2: receive RaftClientReply:client-2EC808601240->374189d0-76c5-49d2-81b4-45a4af1368a2@group-30B6692CD68C, cid=685, SUCCESS, logIndex=1220, commits[374189d0-76c5-49d2-81b4-45a4af1368a2:c1220]
2019-06-14 08:42:53,744 INFO  storage.RaftLogWorker (RaftLogWorker.java:rollLogSegment(303)) - 374189d0-76c5-49d2-81b4-45a4af1368a2-RaftLogWorker: Rolling segment log-1145_1221 to index:1221
2019-06-14 08:42:53,744 INFO  storage.RaftLogWorker (RaftLogWorker.java:execute(433)) - 374189d0-76c5-49d2-81b4-45a4af1368a2-RaftLogWorker: Rolled log segment from /opt/src/hadoop-ozone/integration-test/target/test-dir/MiniOzoneClusterImpl-1994f8b8-dd4d-445c-bf25-0c6d40f9b14d/datanode-0/data/ratis/99d0acb8-99ce-4814-8259-30b6692cd68c/current/log_inprogress_1145 to /opt/src/hadoop-ozone/integration-test/target/test-dir/MiniOzoneClusterImpl-1994f8b8-dd4d-445c-bf25-0c6d40f9b14d/datanode-0/data/ratis/99d0acb8-99ce-4814-8259-30b6692cd68c/current/log_1145-1221
2019-06-14 08:42:53,788 INFO  storage.RaftLogWorker (RaftLogWorker.java:execute(469)) - 374189d0-76c5-49d2-81b4-45a4af1368a2-RaftLogWorker: created new log segment /opt/src/hadoop-ozone/integration-test/target/test-dir/MiniOzoneClusterImpl-1994f8b8-dd4d-445c-bf25-0c6d40f9b14d/datanode-0/data/ratis/99d0acb8-99ce-4814-8259-30b6692cd68c/current/log_inprogress_1222
2019-06-14 08:42:53,790 INFO  client.GrpcClientProtocolClient (GrpcClientProtocolClient.java:onNext(254)) - client-2EC808601240->374189d0-76c5-49d2-81b4-45a4af1368a2: receive RaftClientReply:client-2EC808601240->374189d0-76c5-49d2-81b4-45a4af1368a2@group-30B6692CD68C, cid=686, SUCCESS, logIndex=1222, commits[374189d0-76c5-49d2-81b4-45a4af1368a2:c1224]
2019-06-14 08:42:53,791 INFO  client.GrpcClientProtocolClient (GrpcClientProtocolClient.java:onNext(254)) - client-2EC808601240->374189d0-76c5-49d2-81b4-45a4af1368a2: receive RaftClientReply:client-2EC808601240->374189d0-76c5-49d2-81b4-45a4af1368a2@group-30B6692CD68C, cid=687, SUCCESS, logIndex=1223, commits[374189d0-76c5-49d2-81b4-45a4af1368a2:c1225]
2019-06-14 08:42:53,792 INFO  client.GrpcClientProtocolClient (GrpcClientProtocolClient.java:onNext(254)) - client-2EC808601240->374189d0-76c5-49d2-81b4-45a4af1368a2: receive RaftClientReply:client-2EC808601240->374189d0-76c5-49d2-81b4-45a4af1368a2@group-30B6692CD68C, cid=688, SUCCESS, logIndex=1224, commits[374189d0-76c5-49d2-81b4-45a4af1368a2:c1225]
2019-06-14 08:42:53,800 DEBUG block.SCMBlockDeletingService (SCMBlockDeletingService.java:call(138)) - Running DeletedBlockTransactionScanner
2019-06-14 08:42:53,801 DEBUG block.SCMBlockDeletingService (SCMBlockDeletingService.java:call(155)) - Scanned deleted blocks log and got 0 delTX to process.
2019-06-14 08:42:53,803 INFO  client.GrpcClientProtocolClient (GrpcClientProtocolClient.java:onNext(254)) - client-2EC808601240->374189d0-76c5-49d2-81b4-45a4af1368a2: receive RaftClientReply:client-2EC808601240->374189d0-76c5-49d2-81b4-45a4af1368a2@group-30B6692CD68C, cid=689, SUCCESS, logIndex=1226, commits[374189d0-76c5-49d2-81b4-45a4af1368a2:c1226]
2019-06-14 08:42:53,804 INFO  client.GrpcClientProtocolClient (GrpcClientProtocolClient.java:onNext(254)) - client-2EC808601240->374189d0-76c5-49d2-81b4-45a4af1368a2: receive RaftClientReply:client-2EC808601240->374189d0-76c5-49d2-81b4-45a4af1368a2@group-30B6692CD68C, cid=690, SUCCESS, logIndex=1228, commits[374189d0-76c5-49d2-81b4-45a4af1368a2:c1228]
2019-06-14 08:42:53,807 INFO  client.GrpcClientProtocolClient (GrpcClientProtocolClient.java:onNext(254)) - client-2EC808601240->374189d0-76c5-49d2-81b4-45a4af1368a2: receive RaftClientReply:client-2EC808601240->374189d0-76c5-49d2-81b4-45a4af1368a2@group-30B6692CD68C, cid=691, SUCCESS, logIndex=1230, commits[374189d0-76c5-49d2-81b4-45a4af1368a2:c1231]
2019-06-14 08:42:53,807 INFO  client.GrpcClientProtocolClient (GrpcClientProtocolClient.java:onNext(254)) - client-2EC808601240->374189d0-76c5-49d2-81b4-45a4af1368a2: receive RaftClientReply:client-2EC808601240->374189d0-76c5-49d2-81b4-45a4af1368a2@group-30B6692CD68C, cid=692, SUCCESS, logIndex=1231, commits[374189d0-76c5-49d2-81b4-45a4af1368a2:c1232]
2019-06-14 08:42:53,813 INFO  client.GrpcClientProtocolClient (GrpcClientProtocolClient.java:onNext(254)) - client-2EC808601240->374189d0-76c5-49d2-81b4-45a4af1368a2: receive RaftClientReply:client-2EC808601240->374189d0-76c5-49d2-81b4-45a4af1368a2@group-30B6692CD68C, cid=693, SUCCESS, logIndex=1233, commits[374189d0-76c5-49d2-81b4-45a4af1368a2:c1233]
2019-06-14 08:42:53,815 INFO  client.GrpcClientProtocolClient (GrpcClientProtocolClient.java:onNext(254)) - client-2EC808601240->374189d0-76c5-49d2-81b4-45a4af1368a2: receive RaftClientReply:client-2EC808601240->374189d0-76c5-49d2-81b4-45a4af1368a2@group-30B6692CD68C, cid=694, SUCCESS, logIndex=1235, commits[374189d0-76c5-49d2-81b4-45a4af1368a2:c1235]
2019-06-14 08:42:53,816 INFO  client.GrpcClientProtocolClient (GrpcClientProtocolClient.java:onNext(254)) - client-2EC808601240->374189d0-76c5-49d2-81b4-45a4af1368a2: receive RaftClientReply:client-2EC808601240->374189d0-76c5-49d2-81b4-45a4af1368a2@group-30B6692CD68C, cid=695, SUCCESS, logIndex=1236, commits[374189d0-76c5-49d2-81b4-45a4af1368a2:c1238]
2019-06-14 08:42:53,816 INFO  client.GrpcClientProtocolClient (GrpcClientProtocolClient.java:onNext(254)) - client-2EC808601240->374189d0-76c5-49d2-81b4-45a4af1368a2: receive RaftClientReply:client-2EC808601240->374189d0-76c5-49d2-81b4-45a4af1368a2@group-30B6692CD68C, cid=696, SUCCESS, logIndex=1238, commits[374189d0-76c5-49d2-81b4-45a4af1368a2:c1239]
2019-06-14 08:42:53,826 INFO  client.GrpcClientProtocolClient (GrpcClientProtocolClient.java:onNext(254)) - client-2EC808601240->374189d0-76c5-49d2-81b4-45a4af1368a2: receive RaftClientReply:client-2EC808601240->374189d0-76c5-49d2-81b4-45a4af1368a2@group-30B6692CD68C, cid=697, SUCCESS, logIndex=1240, commits[374189d0-76c5-49d2-81b4-45a4af1368a2:c1240]
2019-06-14 08:42:53,828 INFO  client.GrpcClientProtocolClient (GrpcClientProtocolClient.java:onNext(254)) - client-2EC808601240->374189d0-76c5-49d2-81b4-45a4af1368a2: receive RaftClientReply:client-2EC808601240->374189d0-76c5-49d2-81b4-45a4af1368a2@group-30B6692CD68C, cid=698, SUCCESS, logIndex=1242, commits[374189d0-76c5-49d2-81b4-45a4af1368a2:c1242]
2019-06-14 08:42:53,829 INFO  client.GrpcClientProtocolClient (GrpcClientProtocolClient.java:onNext(254)) - client-2EC808601240->374189d0-76c5-49d2-81b4-45a4af1368a2: receive RaftClientReply:client-2EC808601240->374189d0-76c5-49d2-81b4-45a4af1368a2@group-30B6692CD68C, cid=699, SUCCESS, logIndex=1243, commits[374189d0-76c5-49d2-81b4-45a4af1368a2:c1245]
2019-06-14 08:42:53,829 INFO  client.GrpcClientProtocolClient (GrpcClientProtocolClient.java:onNext(254)) - client-2EC808601240->374189d0-76c5-49d2-81b4-45a4af1368a2: receive RaftClientReply:client-2EC808601240->374189d0-76c5-49d2-81b4-45a4af1368a2@group-30B6692CD68C, cid=700, SUCCESS, logIndex=1245, commits[374189d0-76c5-49d2-81b4-45a4af1368a2:c1246]
2019-06-14 08:42:53,835 INFO  client.GrpcClientProtocolClient (GrpcClientProtocolClient.java:onNext(254)) - client-2EC808601240->374189d0-76c5-49d2-81b4-45a4af1368a2: receive RaftClientReply:client-2EC808601240->374189d0-76c5-49d2-81b4-45a4af1368a2@group-30B6692CD68C, cid=701, SUCCESS, logIndex=1247, commits[374189d0-76c5-49d2-81b4-45a4af1368a2:c1247]
2019-06-14 08:42:53,847 INFO  client.GrpcClientProtocolClient (GrpcClientProtocolClient.java:onNext(254)) - client-2EC808601240->374189d0-76c5-49d2-81b4-45a4af1368a2: receive RaftClientReply:client-2EC808601240->374189d0-76c5-49d2-81b4-45a4af1368a2@group-30B6692CD68C, cid=702, SUCCESS, logIndex=1249, commits[374189d0-76c5-49d2-81b4-45a4af1368a2:c1249]
2019-06-14 08:42:53,847 INFO  client.GrpcClientProtocolClient (GrpcClientProtocolClient.java:onNext(254)) - client-2EC808601240->374189d0-76c5-49d2-81b4-45a4af1368a2: receive RaftClientReply:client-2EC808601240->374189d0-76c5-49d2-81b4-45a4af1368a2@group-30B6692CD68C, cid=703, SUCCESS, logIndex=1250, commits[374189d0-76c5-49d2-81b4-45a4af1368a2:c1251]
2019-06-14 08:42:53,847 INFO  client.GrpcClientProtocolClient (GrpcClientProtocolClient.java:onNext(254)) - client-2EC808601240->374189d0-76c5-49d2-81b4-45a4af1368a2: receive RaftClientReply:client-2EC808601240->374189d0-76c5-49d2-81b4-45a4af1368a2@group-30B6692CD68C, cid=704, SUCCESS, logIndex=1251, commits[374189d0-76c5-49d2-81b4-45a4af1368a2:c1253]
2019-06-14 08:42:53,858 INFO  client.GrpcClientProtocolClient (GrpcClientProtocolClient.java:onNext(254)) - client-2EC808601240->374189d0-76c5-49d2-81b4-45a4af1368a2: receive RaftClientReply:client-2EC808601240->374189d0-76c5-49d2-81b4-45a4af1368a2@group-30B6692CD68C, cid=705, SUCCESS, logIndex=1254, commits[374189d0-76c5-49d2-81b4-45a4af1368a2:c1254]
2019-06-14 08:42:53,859 INFO  client.GrpcClientProtocolClient (GrpcClientProtocolClient.java:onNext(254)) - client-2EC808601240->374189d0-76c5-49d2-81b4-45a4af1368a2: receive RaftClientReply:client-2EC808601240->374189d0-76c5-49d2-81b4-45a4af1368a2@group-30B6692CD68C, cid=706, SUCCESS, logIndex=1256, commits[374189d0-76c5-49d2-81b4-45a4af1368a2:c1256]
2019-06-14 08:42:53,901 DEBUG block.SCMBlockDeletingService (SCMBlockDeletingService.java:call(138)) - Running DeletedBlockTransactionScanner
2019-06-14 08:42:53,901 DEBUG block.SCMBlockDeletingService (SCMBlockDeletingService.java:call(155)) - Scanned deleted blocks log and got 0 delTX to process.
2019-06-14 08:42:53,937 INFO  client.GrpcClientProtocolClient (GrpcClientProtocolClient.java:onNext(254)) - client-2EC808601240->374189d0-76c5-49d2-81b4-45a4af1368a2: receive RaftClientReply:client-2EC808601240->374189d0-76c5-49d2-81b4-45a4af1368a2@group-30B6692CD68C, cid=707, SUCCESS, logIndex=1258, commits[374189d0-76c5-49d2-81b4-45a4af1368a2:c1258]
2019-06-14 08:42:53,938 INFO  client.GrpcClientProtocolClient (GrpcClientProtocolClient.java:onNext(254)) - client-2EC808601240->374189d0-76c5-49d2-81b4-45a4af1368a2: receive RaftClientReply:client-2EC808601240->374189d0-76c5-49d2-81b4-45a4af1368a2@group-30B6692CD68C, cid=708, SUCCESS, logIndex=1260, commits[374189d0-76c5-49d2-81b4-45a4af1368a2:c1260]
2019-06-14 08:42:53,944 INFO  client.GrpcClientProtocolClient (GrpcClientProtocolClient.java:onNext(254)) - client-2EC808601240->374189d0-76c5-49d2-81b4-45a4af1368a2: receive RaftClientReply:client-2EC808601240->374189d0-76c5-49d2-81b4-45a4af1368a2@group-30B6692CD68C, cid=709, SUCCESS, logIndex=1262, commits[374189d0-76c5-49d2-81b4-45a4af1368a2:c1262]
2019-06-14 08:42:53,946 INFO  client.GrpcClientProtocolClient (GrpcClientProtocolClient.java:onNext(254)) - client-2EC808601240->374189d0-76c5-49d2-81b4-45a4af1368a2: receive RaftClientReply:client-2EC808601240->374189d0-76c5-49d2-81b4-45a4af1368a2@group-30B6692CD68C, cid=710, SUCCESS, logIndex=1264, commits[374189d0-76c5-49d2-81b4-45a4af1368a2:c1264]
2019-06-14 08:42:53,947 INFO  client.GrpcClientProtocolClient (GrpcClientProtocolClient.java:onNext(254)) - client-2EC808601240->374189d0-76c5-49d2-81b4-45a4af1368a2: receive RaftClientReply:client-2EC808601240->374189d0-76c5-49d2-81b4-45a4af1368a2@group-30B6692CD68C, cid=711, SUCCESS, logIndex=1265, commits[374189d0-76c5-49d2-81b4-45a4af1368a2:c1267]
2019-06-14 08:42:53,947 INFO  client.GrpcClientProtocolClient (GrpcClientProtocolClient.java:onNext(254)) - client-2EC808601240->374189d0-76c5-49d2-81b4-45a4af1368a2: receive RaftClientReply:client-2EC808601240->374189d0-76c5-49d2-81b4-45a4af1368a2@group-30B6692CD68C, cid=712, SUCCESS, logIndex=1266, commits[374189d0-76c5-49d2-81b4-45a4af1368a2:c1267]
2019-06-14 08:42:53,959 INFO  client.GrpcClientProtocolClient (GrpcClientProtocolClient.java:onNext(254)) - client-2EC808601240->374189d0-76c5-49d2-81b4-45a4af1368a2: receive RaftClientReply:client-2EC808601240->374189d0-76c5-49d2-81b4-45a4af1368a2@group-30B6692CD68C, cid=713, SUCCESS, logIndex=1268, commits[374189d0-76c5-49d2-81b4-45a4af1368a2:c1268]
2019-06-14 08:42:53,963 INFO  client.GrpcClientProtocolClient (GrpcClientProtocolClient.java:onNext(254)) - client-2EC808601240->374189d0-76c5-49d2-81b4-45a4af1368a2: receive RaftClientReply:client-2EC808601240->374189d0-76c5-49d2-81b4-45a4af1368a2@group-30B6692CD68C, cid=714, SUCCESS, logIndex=1270, commits[374189d0-76c5-49d2-81b4-45a4af1368a2:c1270]
2019-06-14 08:42:53,964 INFO  client.GrpcClientProtocolClient (GrpcClientProtocolClient.java:onNext(254)) - client-2EC808601240->374189d0-76c5-49d2-81b4-45a4af1368a2: receive RaftClientReply:client-2EC808601240->374189d0-76c5-49d2-81b4-45a4af1368a2@group-30B6692CD68C, cid=715, SUCCESS, logIndex=1271, commits[374189d0-76c5-49d2-81b4-45a4af1368a2:c1273]
2019-06-14 08:42:53,964 INFO  client.GrpcClientProtocolClient (GrpcClientProtocolClient.java:onNext(254)) - client-2EC808601240->374189d0-76c5-49d2-81b4-45a4af1368a2: receive RaftClientReply:client-2EC808601240->374189d0-76c5-49d2-81b4-45a4af1368a2@group-30B6692CD68C, cid=716, SUCCESS, logIndex=1272, commits[374189d0-76c5-49d2-81b4-45a4af1368a2:c1273]
2019-06-14 08:42:53,974 INFO  client.GrpcClientProtocolClient (GrpcClientProtocolClient.java:onNext(254)) - client-2EC808601240->374189d0-76c5-49d2-81b4-45a4af1368a2: receive RaftClientReply:client-2EC808601240->374189d0-76c5-49d2-81b4-45a4af1368a2@group-30B6692CD68C, cid=717, SUCCESS, logIndex=1274, commits[374189d0-76c5-49d2-81b4-45a4af1368a2:c1274]
2019-06-14 08:42:53,976 INFO  client.GrpcClientProtocolClient (GrpcClientProtocolClient.java:onNext(254)) - client-2EC808601240->374189d0-76c5-49d2-81b4-45a4af1368a2: receive RaftClientReply:client-2EC808601240->374189d0-76c5-49d2-81b4-45a4af1368a2@group-30B6692CD68C, cid=718, SUCCESS, logIndex=1276, commits[374189d0-76c5-49d2-81b4-45a4af1368a2:c1276]
2019-06-14 08:42:53,979 INFO  client.GrpcClientProtocolClient (GrpcClientProtocolClient.java:onNext(254)) - client-2EC808601240->374189d0-76c5-49d2-81b4-45a4af1368a2: receive RaftClientReply:client-2EC808601240->374189d0-76c5-49d2-81b4-45a4af1368a2@group-30B6692CD68C, cid=719, SUCCESS, logIndex=1278, commits[374189d0-76c5-49d2-81b4-45a4af1368a2:c1279]
2019-06-14 08:42:53,980 INFO  client.GrpcClientProtocolClient (GrpcClientProtocolClient.java:onNext(254)) - client-2EC808601240->374189d0-76c5-49d2-81b4-45a4af1368a2: receive RaftClientReply:client-2EC808601240->374189d0-76c5-49d2-81b4-45a4af1368a2@group-30B6692CD68C, cid=720, SUCCESS, logIndex=1279, commits[374189d0-76c5-49d2-81b4-45a4af1368a2:c1280]
2019-06-14 08:42:53,993 INFO  client.GrpcClientProtocolClient (GrpcClientProtocolClient.java:onNext(254)) - client-2EC808601240->374189d0-76c5-49d2-81b4-45a4af1368a2: receive RaftClientReply:client-2EC808601240->374189d0-76c5-49d2-81b4-45a4af1368a2@group-30B6692CD68C, cid=721, SUCCESS, logIndex=1281, commits[374189d0-76c5-49d2-81b4-45a4af1368a2:c1281]
2019-06-14 08:42:53,995 INFO  client.GrpcClientProtocolClient (GrpcClientProtocolClient.java:onNext(254)) - client-2EC808601240->374189d0-76c5-49d2-81b4-45a4af1368a2: receive RaftClientReply:client-2EC808601240->374189d0-76c5-49d2-81b4-45a4af1368a2@group-30B6692CD68C, cid=722, SUCCESS, logIndex=1283, commits[374189d0-76c5-49d2-81b4-45a4af1368a2:c1283]
2019-06-14 08:42:53,996 INFO  client.GrpcClientProtocolClient (GrpcClientProtocolClient.java:onNext(254)) - client-2EC808601240->374189d0-76c5-49d2-81b4-45a4af1368a2: receive RaftClientReply:client-2EC808601240->374189d0-76c5-49d2-81b4-45a4af1368a2@group-30B6692CD68C, cid=723, SUCCESS, logIndex=1284, commits[374189d0-76c5-49d2-81b4-45a4af1368a2:c1286]
2019-06-14 08:42:53,997 INFO  client.GrpcClientProtocolClient (GrpcClientProtocolClient.java:onNext(254)) - client-2EC808601240->374189d0-76c5-49d2-81b4-45a4af1368a2: receive RaftClientReply:client-2EC808601240->374189d0-76c5-49d2-81b4-45a4af1368a2@group-30B6692CD68C, cid=724, SUCCESS, logIndex=1286, commits[374189d0-76c5-49d2-81b4-45a4af1368a2:c1286]
2019-06-14 08:42:54,001 DEBUG block.SCMBlockDeletingService (SCMBlockDeletingService.java:call(138)) - Running DeletedBlockTransactionScanner
2019-06-14 08:42:54,002 DEBUG block.SCMBlockDeletingService (SCMBlockDeletingService.java:call(155)) - Scanned deleted blocks log and got 0 delTX to process.
2019-06-14 08:42:54,007 INFO  client.GrpcClientProtocolClient (GrpcClientProtocolClient.java:onNext(254)) - client-2EC808601240->374189d0-76c5-49d2-81b4-45a4af1368a2: receive RaftClientReply:client-2EC808601240->374189d0-76c5-49d2-81b4-45a4af1368a2@group-30B6692CD68C, cid=725, SUCCESS, logIndex=1288, commits[374189d0-76c5-49d2-81b4-45a4af1368a2:c1288]
2019-06-14 08:42:54,007 INFO  storage.RaftLogWorker (RaftLogWorker.java:rollLogSegment(303)) - 374189d0-76c5-49d2-81b4-45a4af1368a2-RaftLogWorker: Rolling segment log-1222_1292 to index:1292
2019-06-14 08:42:54,008 INFO  storage.RaftLogWorker (RaftLogWorker.java:execute(433)) - 374189d0-76c5-49d2-81b4-45a4af1368a2-RaftLogWorker: Rolled log segment from /opt/src/hadoop-ozone/integration-test/target/test-dir/MiniOzoneClusterImpl-1994f8b8-dd4d-445c-bf25-0c6d40f9b14d/datanode-0/data/ratis/99d0acb8-99ce-4814-8259-30b6692cd68c/current/log_inprogress_1222 to /opt/src/hadoop-ozone/integration-test/target/test-dir/MiniOzoneClusterImpl-1994f8b8-dd4d-445c-bf25-0c6d40f9b14d/datanode-0/data/ratis/99d0acb8-99ce-4814-8259-30b6692cd68c/current/log_1222-1292
2019-06-14 08:42:54,011 INFO  client.GrpcClientProtocolClient (GrpcClientProtocolClient.java:onNext(254)) - client-2EC808601240->374189d0-76c5-49d2-81b4-45a4af1368a2: receive RaftClientReply:client-2EC808601240->374189d0-76c5-49d2-81b4-45a4af1368a2@group-30B6692CD68C, cid=726, SUCCESS, logIndex=1290, commits[374189d0-76c5-49d2-81b4-45a4af1368a2:c1290]
2019-06-14 08:42:54,015 INFO  client.GrpcClientProtocolClient (GrpcClientProtocolClient.java:onNext(254)) - client-2EC808601240->374189d0-76c5-49d2-81b4-45a4af1368a2: receive RaftClientReply:client-2EC808601240->374189d0-76c5-49d2-81b4-45a4af1368a2@group-30B6692CD68C, cid=727, SUCCESS, logIndex=1291, commits[374189d0-76c5-49d2-81b4-45a4af1368a2:c1292]
2019-06-14 08:42:54,043 INFO  storage.RaftLogWorker (RaftLogWorker.java:execute(469)) - 374189d0-76c5-49d2-81b4-45a4af1368a2-RaftLogWorker: created new log segment /opt/src/hadoop-ozone/integration-test/target/test-dir/MiniOzoneClusterImpl-1994f8b8-dd4d-445c-bf25-0c6d40f9b14d/datanode-0/data/ratis/99d0acb8-99ce-4814-8259-30b6692cd68c/current/log_inprogress_1293
2019-06-14 08:42:54,046 INFO  client.GrpcClientProtocolClient (GrpcClientProtocolClient.java:onNext(254)) - client-2EC808601240->374189d0-76c5-49d2-81b4-45a4af1368a2: receive RaftClientReply:client-2EC808601240->374189d0-76c5-49d2-81b4-45a4af1368a2@group-30B6692CD68C, cid=728, SUCCESS, logIndex=1293, commits[374189d0-76c5-49d2-81b4-45a4af1368a2:c1293]
2019-06-14 08:42:54,060 INFO  client.GrpcClientProtocolClient (GrpcClientProtocolClient.java:onNext(254)) - client-2EC808601240->374189d0-76c5-49d2-81b4-45a4af1368a2: receive RaftClientReply:client-2EC808601240->374189d0-76c5-49d2-81b4-45a4af1368a2@group-30B6692CD68C, cid=729, SUCCESS, logIndex=1295, commits[374189d0-76c5-49d2-81b4-45a4af1368a2:c1295]
2019-06-14 08:42:54,062 INFO  client.GrpcClientProtocolClient (GrpcClientProtocolClient.java:onNext(254)) - client-2EC808601240->374189d0-76c5-49d2-81b4-45a4af1368a2: receive RaftClientReply:client-2EC808601240->374189d0-76c5-49d2-81b4-45a4af1368a2@group-30B6692CD68C, cid=730, SUCCESS, logIndex=1297, commits[374189d0-76c5-49d2-81b4-45a4af1368a2:c1297]
2019-06-14 08:42:54,063 INFO  client.GrpcClientProtocolClient (GrpcClientProtocolClient.java:onNext(254)) - client-2EC808601240->374189d0-76c5-49d2-81b4-45a4af1368a2: receive RaftClientReply:client-2EC808601240->374189d0-76c5-49d2-81b4-45a4af1368a2@group-30B6692CD68C, cid=731, SUCCESS, logIndex=1298, commits[374189d0-76c5-49d2-81b4-45a4af1368a2:c1298]
2019-06-14 08:42:54,067 INFO  client.GrpcClientProtocolClient (GrpcClientProtocolClient.java:onNext(254)) - client-2EC808601240->374189d0-76c5-49d2-81b4-45a4af1368a2: receive RaftClientReply:client-2EC808601240->374189d0-76c5-49d2-81b4-45a4af1368a2@group-30B6692CD68C, cid=732, SUCCESS, logIndex=1300, commits[374189d0-76c5-49d2-81b4-45a4af1368a2:c1300]
2019-06-14 08:42:54,075 INFO  client.GrpcClientProtocolClient (GrpcClientProtocolClient.java:onNext(254)) - client-2EC808601240->374189d0-76c5-49d2-81b4-45a4af1368a2: receive RaftClientReply:client-2EC808601240->374189d0-76c5-49d2-81b4-45a4af1368a2@group-30B6692CD68C, cid=733, SUCCESS, logIndex=1303, commits[374189d0-76c5-49d2-81b4-45a4af1368a2:c1303]
2019-06-14 08:42:54,077 INFO  client.GrpcClientProtocolClient (GrpcClientProtocolClient.java:onNext(254)) - client-2EC808601240->374189d0-76c5-49d2-81b4-45a4af1368a2: receive RaftClientReply:client-2EC808601240->374189d0-76c5-49d2-81b4-45a4af1368a2@group-30B6692CD68C, cid=734, SUCCESS, logIndex=1305, commits[374189d0-76c5-49d2-81b4-45a4af1368a2:c1305]
2019-06-14 08:42:54,078 INFO  client.GrpcClientProtocolClient (GrpcClientProtocolClient.java:onNext(254)) - client-2EC808601240->374189d0-76c5-49d2-81b4-45a4af1368a2: receive RaftClientReply:client-2EC808601240->374189d0-76c5-49d2-81b4-45a4af1368a2@group-30B6692CD68C, cid=735, SUCCESS, logIndex=1306, commits[374189d0-76c5-49d2-81b4-45a4af1368a2:c1308]
2019-06-14 08:42:54,078 INFO  client.GrpcClientProtocolClient (GrpcClientProtocolClient.java:onNext(254)) - client-2EC808601240->374189d0-76c5-49d2-81b4-45a4af1368a2: receive RaftClientReply:client-2EC808601240->374189d0-76c5-49d2-81b4-45a4af1368a2@group-30B6692CD68C, cid=736, SUCCESS, logIndex=1308, commits[374189d0-76c5-49d2-81b4-45a4af1368a2:c1309]
2019-06-14 08:42:54,088 INFO  client.GrpcClientProtocolClient (GrpcClientProtocolClient.java:onNext(254)) - client-2EC808601240->374189d0-76c5-49d2-81b4-45a4af1368a2: receive RaftClientReply:client-2EC808601240->374189d0-76c5-49d2-81b4-45a4af1368a2@group-30B6692CD68C, cid=737, SUCCESS, logIndex=1310, commits[374189d0-76c5-49d2-81b4-45a4af1368a2:c1310]
2019-06-14 08:42:54,090 INFO  client.GrpcClientProtocolClient (GrpcClientProtocolClient.java:onNext(254)) - client-2EC808601240->374189d0-76c5-49d2-81b4-45a4af1368a2: receive RaftClientReply:client-2EC808601240->374189d0-76c5-49d2-81b4-45a4af1368a2@group-30B6692CD68C, cid=738, SUCCESS, logIndex=1312, commits[374189d0-76c5-49d2-81b4-45a4af1368a2:c1312]
2019-06-14 08:42:54,091 INFO  client.GrpcClientProtocolClient (GrpcClientProtocolClient.java:onNext(254)) - client-2EC808601240->374189d0-76c5-49d2-81b4-45a4af1368a2: receive RaftClientReply:client-2EC808601240->374189d0-76c5-49d2-81b4-45a4af1368a2@group-30B6692CD68C, cid=739, SUCCESS, logIndex=1313, commits[374189d0-76c5-49d2-81b4-45a4af1368a2:c1315]
2019-06-14 08:42:54,091 INFO  client.GrpcClientProtocolClient (GrpcClientProtocolClient.java:onNext(254)) - client-2EC808601240->374189d0-76c5-49d2-81b4-45a4af1368a2: receive RaftClientReply:client-2EC808601240->374189d0-76c5-49d2-81b4-45a4af1368a2@group-30B6692CD68C, cid=740, SUCCESS, logIndex=1315, commits[374189d0-76c5-49d2-81b4-45a4af1368a2:c1316]
2019-06-14 08:42:54,097 INFO  client.GrpcClientProtocolClient (GrpcClientProtocolClient.java:onNext(254)) - client-2EC808601240->374189d0-76c5-49d2-81b4-45a4af1368a2: receive RaftClientReply:client-2EC808601240->374189d0-76c5-49d2-81b4-45a4af1368a2@group-30B6692CD68C, cid=741, SUCCESS, logIndex=1317, commits[374189d0-76c5-49d2-81b4-45a4af1368a2:c1317]
2019-06-14 08:42:54,100 INFO  client.GrpcClientProtocolClient (GrpcClientProtocolClient.java:onNext(254)) - client-2EC808601240->374189d0-76c5-49d2-81b4-45a4af1368a2: receive RaftClientReply:client-2EC808601240->374189d0-76c5-49d2-81b4-45a4af1368a2@group-30B6692CD68C, cid=742, SUCCESS, logIndex=1319, commits[374189d0-76c5-49d2-81b4-45a4af1368a2:c1319]
2019-06-14 08:42:54,100 INFO  client.GrpcClientProtocolClient (GrpcClientProtocolClient.java:onNext(254)) - client-2EC808601240->374189d0-76c5-49d2-81b4-45a4af1368a2: receive RaftClientReply:client-2EC808601240->374189d0-76c5-49d2-81b4-45a4af1368a2@group-30B6692CD68C, cid=743, SUCCESS, logIndex=1320, commits[374189d0-76c5-49d2-81b4-45a4af1368a2:c1322]
2019-06-14 08:42:54,101 INFO  client.GrpcClientProtocolClient (GrpcClientProtocolClient.java:onNext(254)) - client-2EC808601240->374189d0-76c5-49d2-81b4-45a4af1368a2: receive RaftClientReply:client-2EC808601240->374189d0-76c5-49d2-81b4-45a4af1368a2@group-30B6692CD68C, cid=744, SUCCESS, logIndex=1321, commits[374189d0-76c5-49d2-81b4-45a4af1368a2:c1322]
2019-06-14 08:42:54,102 DEBUG block.SCMBlockDeletingService (SCMBlockDeletingService.java:call(138)) - Running DeletedBlockTransactionScanner
2019-06-14 08:42:54,102 DEBUG block.SCMBlockDeletingService (SCMBlockDeletingService.java:call(155)) - Scanned deleted blocks log and got 0 delTX to process.
2019-06-14 08:42:54,110 INFO  client.GrpcClientProtocolClient (GrpcClientProtocolClient.java:onNext(254)) - client-2EC808601240->374189d0-76c5-49d2-81b4-45a4af1368a2: receive RaftClientReply:client-2EC808601240->374189d0-76c5-49d2-81b4-45a4af1368a2@group-30B6692CD68C, cid=745, SUCCESS, logIndex=1323, commits[374189d0-76c5-49d2-81b4-45a4af1368a2:c1323]
2019-06-14 08:42:54,113 INFO  client.GrpcClientProtocolClient (GrpcClientProtocolClient.java:onNext(254)) - client-2EC808601240->374189d0-76c5-49d2-81b4-45a4af1368a2: receive RaftClientReply:client-2EC808601240->374189d0-76c5-49d2-81b4-45a4af1368a2@group-30B6692CD68C, cid=746, SUCCESS, logIndex=1325, commits[374189d0-76c5-49d2-81b4-45a4af1368a2:c1325]
2019-06-14 08:42:54,114 INFO  client.GrpcClientProtocolClient (GrpcClientProtocolClient.java:onNext(254)) - client-2EC808601240->374189d0-76c5-49d2-81b4-45a4af1368a2: receive RaftClientReply:client-2EC808601240->374189d0-76c5-49d2-81b4-45a4af1368a2@group-30B6692CD68C, cid=747, SUCCESS, logIndex=1326, commits[374189d0-76c5-49d2-81b4-45a4af1368a2:c1328]
2019-06-14 08:42:54,114 INFO  client.GrpcClientProtocolClient (GrpcClientProtocolClient.java:onNext(254)) - client-2EC808601240->374189d0-76c5-49d2-81b4-45a4af1368a2: receive RaftClientReply:client-2EC808601240->374189d0-76c5-49d2-81b4-45a4af1368a2@group-30B6692CD68C, cid=748, SUCCESS, logIndex=1328, commits[374189d0-76c5-49d2-81b4-45a4af1368a2:c1329]
2019-06-14 08:42:54,159 INFO  client.GrpcClientProtocolClient (GrpcClientProtocolClient.java:onNext(254)) - client-2EC808601240->374189d0-76c5-49d2-81b4-45a4af1368a2: receive RaftClientReply:client-2EC808601240->374189d0-76c5-49d2-81b4-45a4af1368a2@group-30B6692CD68C, cid=749, SUCCESS, logIndex=1330, commits[374189d0-76c5-49d2-81b4-45a4af1368a2:c1330]
2019-06-14 08:42:54,161 INFO  client.GrpcClientProtocolClient (GrpcClientProtocolClient.java:onNext(254)) - client-2EC808601240->374189d0-76c5-49d2-81b4-45a4af1368a2: receive RaftClientReply:client-2EC808601240->374189d0-76c5-49d2-81b4-45a4af1368a2@group-30B6692CD68C, cid=750, SUCCESS, logIndex=1332, commits[374189d0-76c5-49d2-81b4-45a4af1368a2:c1332]
2019-06-14 08:42:54,202 DEBUG block.SCMBlockDeletingService (SCMBlockDeletingService.java:call(138)) - Running DeletedBlockTransactionScanner
2019-06-14 08:42:54,202 DEBUG block.SCMBlockDeletingService (SCMBlockDeletingService.java:call(155)) - Scanned deleted blocks log and got 0 delTX to process.
2019-06-14 08:42:54,224 INFO  client.GrpcClientProtocolClient (GrpcClientProtocolClient.java:onNext(254)) - client-2EC808601240->374189d0-76c5-49d2-81b4-45a4af1368a2: receive RaftClientReply:client-2EC808601240->374189d0-76c5-49d2-81b4-45a4af1368a2@group-30B6692CD68C, cid=751, SUCCESS, logIndex=1334, commits[374189d0-76c5-49d2-81b4-45a4af1368a2:c1334]
2019-06-14 08:42:54,226 INFO  client.GrpcClientProtocolClient (GrpcClientProtocolClient.java:onNext(254)) - client-2EC808601240->374189d0-76c5-49d2-81b4-45a4af1368a2: receive RaftClientReply:client-2EC808601240->374189d0-76c5-49d2-81b4-45a4af1368a2@group-30B6692CD68C, cid=752, SUCCESS, logIndex=1336, commits[374189d0-76c5-49d2-81b4-45a4af1368a2:c1336]
2019-06-14 08:42:54,238 INFO  client.GrpcClientProtocolClient (GrpcClientProtocolClient.java:onNext(254)) - client-2EC808601240->374189d0-76c5-49d2-81b4-45a4af1368a2: receive RaftClientReply:client-2EC808601240->374189d0-76c5-49d2-81b4-45a4af1368a2@group-30B6692CD68C, cid=753, SUCCESS, logIndex=1338, commits[374189d0-76c5-49d2-81b4-45a4af1368a2:c1338]
2019-06-14 08:42:54,240 INFO  client.GrpcClientProtocolClient (GrpcClientProtocolClient.java:onNext(254)) - client-2EC808601240->374189d0-76c5-49d2-81b4-45a4af1368a2: receive RaftClientReply:client-2EC808601240->374189d0-76c5-49d2-81b4-45a4af1368a2@group-30B6692CD68C, cid=754, SUCCESS, logIndex=1340, commits[374189d0-76c5-49d2-81b4-45a4af1368a2:c1340]
2019-06-14 08:42:54,241 INFO  client.GrpcClientProtocolClient (GrpcClientProtocolClient.java:onNext(254)) - client-2EC808601240->374189d0-76c5-49d2-81b4-45a4af1368a2: receive RaftClientReply:client-2EC808601240->374189d0-76c5-49d2-81b4-45a4af1368a2@group-30B6692CD68C, cid=755, SUCCESS, logIndex=1341, commits[374189d0-76c5-49d2-81b4-45a4af1368a2:c1343]
2019-06-14 08:42:54,241 INFO  client.GrpcClientProtocolClient (GrpcClientProtocolClient.java:onNext(254)) - client-2EC808601240->374189d0-76c5-49d2-81b4-45a4af1368a2: receive RaftClientReply:client-2EC808601240->374189d0-76c5-49d2-81b4-45a4af1368a2@group-30B6692CD68C, cid=756, SUCCESS, logIndex=1343, commits[374189d0-76c5-49d2-81b4-45a4af1368a2:c1343]
2019-06-14 08:42:54,248 INFO  client.GrpcClientProtocolClient (GrpcClientProtocolClient.java:onNext(254)) - client-2EC808601240->374189d0-76c5-49d2-81b4-45a4af1368a2: receive RaftClientReply:client-2EC808601240->374189d0-76c5-49d2-81b4-45a4af1368a2@group-30B6692CD68C, cid=757, SUCCESS, logIndex=1345, commits[374189d0-76c5-49d2-81b4-45a4af1368a2:c1345]
2019-06-14 08:42:54,250 INFO  client.GrpcClientProtocolClient (GrpcClientProtocolClient.java:onNext(254)) - client-2EC808601240->374189d0-76c5-49d2-81b4-45a4af1368a2: receive RaftClientReply:client-2EC808601240->374189d0-76c5-49d2-81b4-45a4af1368a2@group-30B6692CD68C, cid=758, SUCCESS, logIndex=1347, commits[374189d0-76c5-49d2-81b4-45a4af1368a2:c1347]
2019-06-14 08:42:54,251 INFO  client.GrpcClientProtocolClient (GrpcClientProtocolClient.java:onNext(254)) - client-2EC808601240->374189d0-76c5-49d2-81b4-45a4af1368a2: receive RaftClientReply:client-2EC808601240->374189d0-76c5-49d2-81b4-45a4af1368a2@group-30B6692CD68C, cid=759, SUCCESS, logIndex=1348, commits[374189d0-76c5-49d2-81b4-45a4af1368a2:c1350]
2019-06-14 08:42:54,251 INFO  client.GrpcClientProtocolClient (GrpcClientProtocolClient.java:onNext(254)) - client-2EC808601240->374189d0-76c5-49d2-81b4-45a4af1368a2: receive RaftClientReply:client-2EC808601240->374189d0-76c5-49d2-81b4-45a4af1368a2@group-30B6692CD68C, cid=760, SUCCESS, logIndex=1349, commits[374189d0-76c5-49d2-81b4-45a4af1368a2:c1350]
2019-06-14 08:42:54,262 INFO  client.GrpcClientProtocolClient (GrpcClientProtocolClient.java:onNext(254)) - client-2EC808601240->374189d0-76c5-49d2-81b4-45a4af1368a2: receive RaftClientReply:client-2EC808601240->374189d0-76c5-49d2-81b4-45a4af1368a2@group-30B6692CD68C, cid=761, SUCCESS, logIndex=1351, commits[374189d0-76c5-49d2-81b4-45a4af1368a2:c1351]
2019-06-14 08:42:54,265 INFO  client.GrpcClientProtocolClient (GrpcClientProtocolClient.java:onNext(254)) - client-2EC808601240->374189d0-76c5-49d2-81b4-45a4af1368a2: receive RaftClientReply:client-2EC808601240->374189d0-76c5-49d2-81b4-45a4af1368a2@group-30B6692CD68C, cid=762, SUCCESS, logIndex=1353, commits[374189d0-76c5-49d2-81b4-45a4af1368a2:c1353]
2019-06-14 08:42:54,266 INFO  client.GrpcClientProtocolClient (GrpcClientProtocolClient.java:onNext(254)) - client-2EC808601240->374189d0-76c5-49d2-81b4-45a4af1368a2: receive RaftClientReply:client-2EC808601240->374189d0-76c5-49d2-81b4-45a4af1368a2@group-30B6692CD68C, cid=763, SUCCESS, logIndex=1354, commits[374189d0-76c5-49d2-81b4-45a4af1368a2:c1356]
2019-06-14 08:42:54,266 INFO  client.GrpcClientProtocolClient (GrpcClientProtocolClient.java:onNext(254)) - client-2EC808601240->374189d0-76c5-49d2-81b4-45a4af1368a2: receive RaftClientReply:client-2EC808601240->374189d0-76c5-49d2-81b4-45a4af1368a2@group-30B6692CD68C, cid=764, SUCCESS, logIndex=1356, commits[374189d0-76c5-49d2-81b4-45a4af1368a2:c1356]
2019-06-14 08:42:54,274 INFO  client.GrpcClientProtocolClient (GrpcClientProtocolClient.java:onNext(254)) - client-2EC808601240->374189d0-76c5-49d2-81b4-45a4af1368a2: receive RaftClientReply:client-2EC808601240->374189d0-76c5-49d2-81b4-45a4af1368a2@group-30B6692CD68C, cid=765, SUCCESS, logIndex=1358, commits[374189d0-76c5-49d2-81b4-45a4af1368a2:c1359]
2019-06-14 08:42:54,277 INFO  client.GrpcClientProtocolClient (GrpcClientProtocolClient.java:onNext(254)) - client-2EC808601240->374189d0-76c5-49d2-81b4-45a4af1368a2: receive RaftClientReply:client-2EC808601240->374189d0-76c5-49d2-81b4-45a4af1368a2@group-30B6692CD68C, cid=766, SUCCESS, logIndex=1360, commits[374189d0-76c5-49d2-81b4-45a4af1368a2:c1360]
2019-06-14 08:42:54,279 INFO  client.GrpcClientProtocolClient (GrpcClientProtocolClient.java:onNext(254)) - client-2EC808601240->374189d0-76c5-49d2-81b4-45a4af1368a2: receive RaftClientReply:client-2EC808601240->374189d0-76c5-49d2-81b4-45a4af1368a2@group-30B6692CD68C, cid=767, SUCCESS, logIndex=1361, commits[374189d0-76c5-49d2-81b4-45a4af1368a2:c1362]
2019-06-14 08:42:54,280 INFO  client.GrpcClientProtocolClient (GrpcClientProtocolClient.java:onNext(254)) - client-2EC808601240->374189d0-76c5-49d2-81b4-45a4af1368a2: receive RaftClientReply:client-2EC808601240->374189d0-76c5-49d2-81b4-45a4af1368a2@group-30B6692CD68C, cid=768, SUCCESS, logIndex=1363, commits[374189d0-76c5-49d2-81b4-45a4af1368a2:c1363]
2019-06-14 08:42:54,291 INFO  client.GrpcClientProtocolClient (GrpcClientProtocolClient.java:onNext(254)) - client-2EC808601240->374189d0-76c5-49d2-81b4-45a4af1368a2: receive RaftClientReply:client-2EC808601240->374189d0-76c5-49d2-81b4-45a4af1368a2@group-30B6692CD68C, cid=769, SUCCESS, logIndex=1365, commits[374189d0-76c5-49d2-81b4-45a4af1368a2:c1365]
2019-06-14 08:42:54,291 INFO  storage.RaftLogWorker (RaftLogWorker.java:rollLogSegment(303)) - 374189d0-76c5-49d2-81b4-45a4af1368a2-RaftLogWorker: Rolling segment log-1293_1367 to index:1367
2019-06-14 08:42:54,292 INFO  storage.RaftLogWorker (RaftLogWorker.java:execute(433)) - 374189d0-76c5-49d2-81b4-45a4af1368a2-RaftLogWorker: Rolled log segment from /opt/src/hadoop-ozone/integration-test/target/test-dir/MiniOzoneClusterImpl-1994f8b8-dd4d-445c-bf25-0c6d40f9b14d/datanode-0/data/ratis/99d0acb8-99ce-4814-8259-30b6692cd68c/current/log_inprogress_1293 to /opt/src/hadoop-ozone/integration-test/target/test-dir/MiniOzoneClusterImpl-1994f8b8-dd4d-445c-bf25-0c6d40f9b14d/datanode-0/data/ratis/99d0acb8-99ce-4814-8259-30b6692cd68c/current/log_1293-1367
2019-06-14 08:42:54,298 INFO  client.GrpcClientProtocolClient (GrpcClientProtocolClient.java:onNext(254)) - client-2EC808601240->374189d0-76c5-49d2-81b4-45a4af1368a2: receive RaftClientReply:client-2EC808601240->374189d0-76c5-49d2-81b4-45a4af1368a2@group-30B6692CD68C, cid=770, SUCCESS, logIndex=1367, commits[374189d0-76c5-49d2-81b4-45a4af1368a2:c1367]
2019-06-14 08:42:54,303 DEBUG block.SCMBlockDeletingService (SCMBlockDeletingService.java:call(138)) - Running DeletedBlockTransactionScanner
2019-06-14 08:42:54,313 DEBUG block.SCMBlockDeletingService (SCMBlockDeletingService.java:call(155)) - Scanned deleted blocks log and got 0 delTX to process.
2019-06-14 08:42:54,332 INFO  storage.RaftLogWorker (RaftLogWorker.java:execute(469)) - 374189d0-76c5-49d2-81b4-45a4af1368a2-RaftLogWorker: created new log segment /opt/src/hadoop-ozone/integration-test/target/test-dir/MiniOzoneClusterImpl-1994f8b8-dd4d-445c-bf25-0c6d40f9b14d/datanode-0/data/ratis/99d0acb8-99ce-4814-8259-30b6692cd68c/current/log_inprogress_1368
2019-06-14 08:42:54,333 INFO  client.GrpcClientProtocolClient (GrpcClientProtocolClient.java:onNext(254)) - client-2EC808601240->374189d0-76c5-49d2-81b4-45a4af1368a2: receive RaftClientReply:client-2EC808601240->374189d0-76c5-49d2-81b4-45a4af1368a2@group-30B6692CD68C, cid=771, SUCCESS, logIndex=1368, commits[374189d0-76c5-49d2-81b4-45a4af1368a2:c1370]
2019-06-14 08:42:54,334 INFO  client.GrpcClientProtocolClient (GrpcClientProtocolClient.java:onNext(254)) - client-2EC808601240->374189d0-76c5-49d2-81b4-45a4af1368a2: receive RaftClientReply:client-2EC808601240->374189d0-76c5-49d2-81b4-45a4af1368a2@group-30B6692CD68C, cid=772, SUCCESS, logIndex=1370, commits[374189d0-76c5-49d2-81b4-45a4af1368a2:c1370]
2019-06-14 08:42:54,342 INFO  client.GrpcClientProtocolClient (GrpcClientProtocolClient.java:onNext(254)) - client-2EC808601240->374189d0-76c5-49d2-81b4-45a4af1368a2: receive RaftClientReply:client-2EC808601240->374189d0-76c5-49d2-81b4-45a4af1368a2@group-30B6692CD68C, cid=773, SUCCESS, logIndex=1372, commits[374189d0-76c5-49d2-81b4-45a4af1368a2:c1372]
2019-06-14 08:42:54,344 INFO  client.GrpcClientProtocolClient (GrpcClientProtocolClient.java:onNext(254)) - client-2EC808601240->374189d0-76c5-49d2-81b4-45a4af1368a2: receive RaftClientReply:client-2EC808601240->374189d0-76c5-49d2-81b4-45a4af1368a2@group-30B6692CD68C, cid=774, SUCCESS, logIndex=1374, commits[374189d0-76c5-49d2-81b4-45a4af1368a2:c1374]
2019-06-14 08:42:54,345 INFO  client.GrpcClientProtocolClient (GrpcClientProtocolClient.java:onNext(254)) - client-2EC808601240->374189d0-76c5-49d2-81b4-45a4af1368a2: receive RaftClientReply:client-2EC808601240->374189d0-76c5-49d2-81b4-45a4af1368a2@group-30B6692CD68C, cid=775, SUCCESS, logIndex=1375, commits[374189d0-76c5-49d2-81b4-45a4af1368a2:c1376]
2019-06-14 08:42:54,345 INFO  client.GrpcClientProtocolClient (GrpcClientProtocolClient.java:onNext(254)) - client-2EC808601240->374189d0-76c5-49d2-81b4-45a4af1368a2: receive RaftClientReply:client-2EC808601240->374189d0-76c5-49d2-81b4-45a4af1368a2@group-30B6692CD68C, cid=776, SUCCESS, logIndex=1376, commits[374189d0-76c5-49d2-81b4-45a4af1368a2:c1377]
2019-06-14 08:42:54,355 INFO  client.GrpcClientProtocolClient (GrpcClientProtocolClient.java:onNext(254)) - client-2EC808601240->374189d0-76c5-49d2-81b4-45a4af1368a2: receive RaftClientReply:client-2EC808601240->374189d0-76c5-49d2-81b4-45a4af1368a2@group-30B6692CD68C, cid=777, SUCCESS, logIndex=1379, commits[374189d0-76c5-49d2-81b4-45a4af1368a2:c1379]
2019-06-14 08:42:54,357 INFO  client.GrpcClientProtocolClient (GrpcClientProtocolClient.java:onNext(254)) - client-2EC808601240->374189d0-76c5-49d2-81b4-45a4af1368a2: receive RaftClientReply:client-2EC808601240->374189d0-76c5-49d2-81b4-45a4af1368a2@group-30B6692CD68C, cid=778, SUCCESS, logIndex=1381, commits[374189d0-76c5-49d2-81b4-45a4af1368a2:c1381]
2019-06-14 08:42:54,359 INFO  client.GrpcClientProtocolClient (GrpcClientProtocolClient.java:onNext(254)) - client-2EC808601240->374189d0-76c5-49d2-81b4-45a4af1368a2: receive RaftClientReply:client-2EC808601240->374189d0-76c5-49d2-81b4-45a4af1368a2@group-30B6692CD68C, cid=779, SUCCESS, logIndex=1383, commits[374189d0-76c5-49d2-81b4-45a4af1368a2:c1383]
2019-06-14 08:42:54,360 INFO  client.GrpcClientProtocolClient (GrpcClientProtocolClient.java:onNext(254)) - client-2EC808601240->374189d0-76c5-49d2-81b4-45a4af1368a2: receive RaftClientReply:client-2EC808601240->374189d0-76c5-49d2-81b4-45a4af1368a2@group-30B6692CD68C, cid=780, SUCCESS, logIndex=1384, commits[374189d0-76c5-49d2-81b4-45a4af1368a2:c1384]
2019-06-14 08:42:54,366 INFO  client.GrpcClientProtocolClient (GrpcClientProtocolClient.java:onNext(254)) - client-2EC808601240->374189d0-76c5-49d2-81b4-45a4af1368a2: receive RaftClientReply:client-2EC808601240->374189d0-76c5-49d2-81b4-45a4af1368a2@group-30B6692CD68C, cid=781, SUCCESS, logIndex=1387, commits[374189d0-76c5-49d2-81b4-45a4af1368a2:c1387]
2019-06-14 08:42:54,367 INFO  client.GrpcClientProtocolClient (GrpcClientProtocolClient.java:onNext(254)) - client-2EC808601240->374189d0-76c5-49d2-81b4-45a4af1368a2: receive RaftClientReply:client-2EC808601240->374189d0-76c5-49d2-81b4-45a4af1368a2@group-30B6692CD68C, cid=782, SUCCESS, logIndex=1389, commits[374189d0-76c5-49d2-81b4-45a4af1368a2:c1389]
2019-06-14 08:42:54,369 INFO  client.GrpcClientProtocolClient (GrpcClientProtocolClient.java:onNext(254)) - client-2EC808601240->374189d0-76c5-49d2-81b4-45a4af1368a2: receive RaftClientReply:client-2EC808601240->374189d0-76c5-49d2-81b4-45a4af1368a2@group-30B6692CD68C, cid=783, SUCCESS, logIndex=1390, commits[374189d0-76c5-49d2-81b4-45a4af1368a2:c1392]
2019-06-14 08:42:54,369 INFO  client.GrpcClientProtocolClient (GrpcClientProtocolClient.java:onNext(254)) - client-2EC808601240->374189d0-76c5-49d2-81b4-45a4af1368a2: receive RaftClientReply:client-2EC808601240->374189d0-76c5-49d2-81b4-45a4af1368a2@group-30B6692CD68C, cid=784, SUCCESS, logIndex=1391, commits[374189d0-76c5-49d2-81b4-45a4af1368a2:c1392]
2019-06-14 08:42:54,379 INFO  client.GrpcClientProtocolClient (GrpcClientProtocolClient.java:onNext(254)) - client-2EC808601240->374189d0-76c5-49d2-81b4-45a4af1368a2: receive RaftClientReply:client-2EC808601240->374189d0-76c5-49d2-81b4-45a4af1368a2@group-30B6692CD68C, cid=785, SUCCESS, logIndex=1393, commits[374189d0-76c5-49d2-81b4-45a4af1368a2:c1393]
2019-06-14 08:42:54,382 INFO  client.GrpcClientProtocolClient (GrpcClientProtocolClient.java:onNext(254)) - client-2EC808601240->374189d0-76c5-49d2-81b4-45a4af1368a2: receive RaftClientReply:client-2EC808601240->374189d0-76c5-49d2-81b4-45a4af1368a2@group-30B6692CD68C, cid=786, SUCCESS, logIndex=1395, commits[374189d0-76c5-49d2-81b4-45a4af1368a2:c1395]
2019-06-14 08:42:54,382 INFO  client.GrpcClientProtocolClient (GrpcClientProtocolClient.java:onNext(254)) - client-2EC808601240->374189d0-76c5-49d2-81b4-45a4af1368a2: receive RaftClientReply:client-2EC808601240->374189d0-76c5-49d2-81b4-45a4af1368a2@group-30B6692CD68C, cid=787, SUCCESS, logIndex=1396, commits[374189d0-76c5-49d2-81b4-45a4af1368a2:c1398]
2019-06-14 08:42:54,383 INFO  client.GrpcClientProtocolClient (GrpcClientProtocolClient.java:onNext(254)) - client-2EC808601240->374189d0-76c5-49d2-81b4-45a4af1368a2: receive RaftClientReply:client-2EC808601240->374189d0-76c5-49d2-81b4-45a4af1368a2@group-30B6692CD68C, cid=788, SUCCESS, logIndex=1398, commits[374189d0-76c5-49d2-81b4-45a4af1368a2:c1399]
2019-06-14 08:42:54,389 INFO  client.GrpcClientProtocolClient (GrpcClientProtocolClient.java:onNext(254)) - client-2EC808601240->374189d0-76c5-49d2-81b4-45a4af1368a2: receive RaftClientReply:client-2EC808601240->374189d0-76c5-49d2-81b4-45a4af1368a2@group-30B6692CD68C, cid=789, SUCCESS, logIndex=1400, commits[374189d0-76c5-49d2-81b4-45a4af1368a2:c1400]
2019-06-14 08:42:54,390 INFO  client.GrpcClientProtocolClient (GrpcClientProtocolClient.java:onNext(254)) - client-2EC808601240->374189d0-76c5-49d2-81b4-45a4af1368a2: receive RaftClientReply:client-2EC808601240->374189d0-76c5-49d2-81b4-45a4af1368a2@group-30B6692CD68C, cid=790, SUCCESS, logIndex=1402, commits[374189d0-76c5-49d2-81b4-45a4af1368a2:c1402]
2019-06-14 08:42:54,393 INFO  client.GrpcClientProtocolClient (GrpcClientProtocolClient.java:onNext(254)) - client-2EC808601240->374189d0-76c5-49d2-81b4-45a4af1368a2: receive RaftClientReply:client-2EC808601240->374189d0-76c5-49d2-81b4-45a4af1368a2@group-30B6692CD68C, cid=791, SUCCESS, logIndex=1404, commits[374189d0-76c5-49d2-81b4-45a4af1368a2:c1404]
2019-06-14 08:42:54,394 INFO  client.GrpcClientProtocolClient (GrpcClientProtocolClient.java:onNext(254)) - client-2EC808601240->374189d0-76c5-49d2-81b4-45a4af1368a2: receive RaftClientReply:client-2EC808601240->374189d0-76c5-49d2-81b4-45a4af1368a2@group-30B6692CD68C, cid=792, SUCCESS, logIndex=1406, commits[374189d0-76c5-49d2-81b4-45a4af1368a2:c1406]
2019-06-14 08:42:54,406 INFO  client.GrpcClientProtocolClient (GrpcClientProtocolClient.java:onNext(254)) - client-2EC808601240->374189d0-76c5-49d2-81b4-45a4af1368a2: receive RaftClientReply:client-2EC808601240->374189d0-76c5-49d2-81b4-45a4af1368a2@group-30B6692CD68C, cid=793, SUCCESS, logIndex=1408, commits[374189d0-76c5-49d2-81b4-45a4af1368a2:c1408]
2019-06-14 08:42:54,407 INFO  client.GrpcClientProtocolClient (GrpcClientProtocolClient.java:onNext(254)) - client-2EC808601240->374189d0-76c5-49d2-81b4-45a4af1368a2: receive RaftClientReply:client-2EC808601240->374189d0-76c5-49d2-81b4-45a4af1368a2@group-30B6692CD68C, cid=794, SUCCESS, logIndex=1410, commits[374189d0-76c5-49d2-81b4-45a4af1368a2:c1410]
2019-06-14 08:42:54,413 DEBUG block.SCMBlockDeletingService (SCMBlockDeletingService.java:call(138)) - Running DeletedBlockTransactionScanner
2019-06-14 08:42:54,414 DEBUG block.SCMBlockDeletingService (SCMBlockDeletingService.java:call(155)) - Scanned deleted blocks log and got 0 delTX to process.
2019-06-14 08:42:54,476 INFO  client.GrpcClientProtocolClient (GrpcClientProtocolClient.java:onNext(254)) - client-2EC808601240->374189d0-76c5-49d2-81b4-45a4af1368a2: receive RaftClientReply:client-2EC808601240->374189d0-76c5-49d2-81b4-45a4af1368a2@group-30B6692CD68C, cid=795, SUCCESS, logIndex=1412, commits[374189d0-76c5-49d2-81b4-45a4af1368a2:c1412]
2019-06-14 08:42:54,477 INFO  client.GrpcClientProtocolClient (GrpcClientProtocolClient.java:onNext(254)) - client-2EC808601240->374189d0-76c5-49d2-81b4-45a4af1368a2: receive RaftClientReply:client-2EC808601240->374189d0-76c5-49d2-81b4-45a4af1368a2@group-30B6692CD68C, cid=796, SUCCESS, logIndex=1414, commits[374189d0-76c5-49d2-81b4-45a4af1368a2:c1414]
2019-06-14 08:42:54,483 INFO  client.GrpcClientProtocolClient (GrpcClientProtocolClient.java:onNext(254)) - client-2EC808601240->374189d0-76c5-49d2-81b4-45a4af1368a2: receive RaftClientReply:client-2EC808601240->374189d0-76c5-49d2-81b4-45a4af1368a2@group-30B6692CD68C, cid=797, SUCCESS, logIndex=1416, commits[374189d0-76c5-49d2-81b4-45a4af1368a2:c1416]
2019-06-14 08:42:54,486 INFO  client.GrpcClientProtocolClient (GrpcClientProtocolClient.java:onNext(254)) - client-2EC808601240->374189d0-76c5-49d2-81b4-45a4af1368a2: receive RaftClientReply:client-2EC808601240->374189d0-76c5-49d2-81b4-45a4af1368a2@group-30B6692CD68C, cid=798, SUCCESS, logIndex=1418, commits[374189d0-76c5-49d2-81b4-45a4af1368a2:c1418]
2019-06-14 08:42:54,486 INFO  client.GrpcClientProtocolClient (GrpcClientProtocolClient.java:onNext(254)) - client-2EC808601240->374189d0-76c5-49d2-81b4-45a4af1368a2: receive RaftClientReply:client-2EC808601240->374189d0-76c5-49d2-81b4-45a4af1368a2@group-30B6692CD68C, cid=799, SUCCESS, logIndex=1419, commits[374189d0-76c5-49d2-81b4-45a4af1368a2:c1421]
2019-06-14 08:42:54,487 INFO  client.GrpcClientProtocolClient (GrpcClientProtocolClient.java:onNext(254)) - client-2EC808601240->374189d0-76c5-49d2-81b4-45a4af1368a2: receive RaftClientReply:client-2EC808601240->374189d0-76c5-49d2-81b4-45a4af1368a2@group-30B6692CD68C, cid=800, SUCCESS, logIndex=1420, commits[374189d0-76c5-49d2-81b4-45a4af1368a2:c1421]
2019-06-14 08:42:54,497 INFO  client.GrpcClientProtocolClient (GrpcClientProtocolClient.java:onNext(254)) - client-2EC808601240->374189d0-76c5-49d2-81b4-45a4af1368a2: receive RaftClientReply:client-2EC808601240->374189d0-76c5-49d2-81b4-45a4af1368a2@group-30B6692CD68C, cid=801, SUCCESS, logIndex=1422, commits[374189d0-76c5-49d2-81b4-45a4af1368a2:c1422]
2019-06-14 08:42:54,499 INFO  client.GrpcClientProtocolClient (GrpcClientProtocolClient.java:onNext(254)) - client-2EC808601240->374189d0-76c5-49d2-81b4-45a4af1368a2: receive RaftClientReply:client-2EC808601240->374189d0-76c5-49d2-81b4-45a4af1368a2@group-30B6692CD68C, cid=802, SUCCESS, logIndex=1424, commits[374189d0-76c5-49d2-81b4-45a4af1368a2:c1424]
2019-06-14 08:42:54,502 INFO  client.GrpcClientProtocolClient (GrpcClientProtocolClient.java:onNext(254)) - client-2EC808601240->374189d0-76c5-49d2-81b4-45a4af1368a2: receive RaftClientReply:client-2EC808601240->374189d0-76c5-49d2-81b4-45a4af1368a2@group-30B6692CD68C, cid=803, SUCCESS, logIndex=1426, commits[374189d0-76c5-49d2-81b4-45a4af1368a2:c1427]
2019-06-14 08:42:54,502 INFO  client.GrpcClientProtocolClient (GrpcClientProtocolClient.java:onNext(254)) - client-2EC808601240->374189d0-76c5-49d2-81b4-45a4af1368a2: receive RaftClientReply:client-2EC808601240->374189d0-76c5-49d2-81b4-45a4af1368a2@group-30B6692CD68C, cid=804, SUCCESS, logIndex=1427, commits[374189d0-76c5-49d2-81b4-45a4af1368a2:c1427]
2019-06-14 08:42:54,508 INFO  client.GrpcClientProtocolClient (GrpcClientProtocolClient.java:onNext(254)) - client-2EC808601240->374189d0-76c5-49d2-81b4-45a4af1368a2: receive RaftClientReply:client-2EC808601240->374189d0-76c5-49d2-81b4-45a4af1368a2@group-30B6692CD68C, cid=805, SUCCESS, logIndex=1429, commits[374189d0-76c5-49d2-81b4-45a4af1368a2:c1429]
2019-06-14 08:42:54,511 INFO  client.GrpcClientProtocolClient (GrpcClientProtocolClient.java:onNext(254)) - client-2EC808601240->374189d0-76c5-49d2-81b4-45a4af1368a2: receive RaftClientReply:client-2EC808601240->374189d0-76c5-49d2-81b4-45a4af1368a2@group-30B6692CD68C, cid=806, SUCCESS, logIndex=1431, commits[374189d0-76c5-49d2-81b4-45a4af1368a2:c1431]
2019-06-14 08:42:54,511 INFO  client.GrpcClientProtocolClient (GrpcClientProtocolClient.java:onNext(254)) - client-2EC808601240->374189d0-76c5-49d2-81b4-45a4af1368a2: receive RaftClientReply:client-2EC808601240->374189d0-76c5-49d2-81b4-45a4af1368a2@group-30B6692CD68C, cid=807, SUCCESS, logIndex=1432, commits[374189d0-76c5-49d2-81b4-45a4af1368a2:c1434]
2019-06-14 08:42:54,512 INFO  client.GrpcClientProtocolClient (GrpcClientProtocolClient.java:onNext(254)) - client-2EC808601240->374189d0-76c5-49d2-81b4-45a4af1368a2: receive RaftClientReply:client-2EC808601240->374189d0-76c5-49d2-81b4-45a4af1368a2@group-30B6692CD68C, cid=808, SUCCESS, logIndex=1433, commits[374189d0-76c5-49d2-81b4-45a4af1368a2:c1434]
2019-06-14 08:42:54,514 DEBUG block.SCMBlockDeletingService (SCMBlockDeletingService.java:call(138)) - Running DeletedBlockTransactionScanner
2019-06-14 08:42:54,514 DEBUG block.SCMBlockDeletingService (SCMBlockDeletingService.java:call(155)) - Scanned deleted blocks log and got 0 delTX to process.
2019-06-14 08:42:54,525 INFO  client.GrpcClientProtocolClient (GrpcClientProtocolClient.java:onNext(254)) - client-2EC808601240->374189d0-76c5-49d2-81b4-45a4af1368a2: receive RaftClientReply:client-2EC808601240->374189d0-76c5-49d2-81b4-45a4af1368a2@group-30B6692CD68C, cid=809, SUCCESS, logIndex=1435, commits[374189d0-76c5-49d2-81b4-45a4af1368a2:c1435]
2019-06-14 08:42:54,528 INFO  client.GrpcClientProtocolClient (GrpcClientProtocolClient.java:onNext(254)) - client-2EC808601240->374189d0-76c5-49d2-81b4-45a4af1368a2: receive RaftClientReply:client-2EC808601240->374189d0-76c5-49d2-81b4-45a4af1368a2@group-30B6692CD68C, cid=810, SUCCESS, logIndex=1437, commits[374189d0-76c5-49d2-81b4-45a4af1368a2:c1439]
2019-06-14 08:42:54,529 INFO  client.GrpcClientProtocolClient (GrpcClientProtocolClient.java:onNext(254)) - client-2EC808601240->374189d0-76c5-49d2-81b4-45a4af1368a2: receive RaftClientReply:client-2EC808601240->374189d0-76c5-49d2-81b4-45a4af1368a2@group-30B6692CD68C, cid=811, SUCCESS, logIndex=1438, commits[374189d0-76c5-49d2-81b4-45a4af1368a2:c1439]
2019-06-14 08:42:54,776 DEBUG block.SCMBlockDeletingService (SCMBlockDeletingService.java:call(138)) - Running DeletedBlockTransactionScanner
2019-06-14 08:42:54,777 DEBUG block.SCMBlockDeletingService (SCMBlockDeletingService.java:call(155)) - Scanned deleted blocks log and got 0 delTX to process.
2019-06-14 08:42:54,787 INFO  client.GrpcClientProtocolClient (GrpcClientProtocolClient.java:onNext(254)) - client-2EC808601240->374189d0-76c5-49d2-81b4-45a4af1368a2: receive RaftClientReply:client-2EC808601240->374189d0-76c5-49d2-81b4-45a4af1368a2@group-30B6692CD68C, cid=812, SUCCESS, logIndex=1439, commits[374189d0-76c5-49d2-81b4-45a4af1368a2:c1439]
2019-06-14 08:42:54,803 INFO  client.GrpcClientProtocolClient (GrpcClientProtocolClient.java:onNext(254)) - client-2EC808601240->374189d0-76c5-49d2-81b4-45a4af1368a2: receive RaftClientReply:client-2EC808601240->374189d0-76c5-49d2-81b4-45a4af1368a2@group-30B6692CD68C, cid=813, SUCCESS, logIndex=1441, commits[374189d0-76c5-49d2-81b4-45a4af1368a2:c1441]
2019-06-14 08:42:54,803 INFO  storage.RaftLogWorker (RaftLogWorker.java:rollLogSegment(303)) - 374189d0-76c5-49d2-81b4-45a4af1368a2-RaftLogWorker: Rolling segment log-1368_1442 to index:1442
2019-06-14 08:42:54,803 INFO  storage.RaftLogWorker (RaftLogWorker.java:execute(433)) - 374189d0-76c5-49d2-81b4-45a4af1368a2-RaftLogWorker: Rolled log segment from /opt/src/hadoop-ozone/integration-test/target/test-dir/MiniOzoneClusterImpl-1994f8b8-dd4d-445c-bf25-0c6d40f9b14d/datanode-0/data/ratis/99d0acb8-99ce-4814-8259-30b6692cd68c/current/log_inprogress_1368 to /opt/src/hadoop-ozone/integration-test/target/test-dir/MiniOzoneClusterImpl-1994f8b8-dd4d-445c-bf25-0c6d40f9b14d/datanode-0/data/ratis/99d0acb8-99ce-4814-8259-30b6692cd68c/current/log_1368-1442
2019-06-14 08:42:54,845 INFO  storage.RaftLogWorker (RaftLogWorker.java:execute(469)) - 374189d0-76c5-49d2-81b4-45a4af1368a2-RaftLogWorker: created new log segment /opt/src/hadoop-ozone/integration-test/target/test-dir/MiniOzoneClusterImpl-1994f8b8-dd4d-445c-bf25-0c6d40f9b14d/datanode-0/data/ratis/99d0acb8-99ce-4814-8259-30b6692cd68c/current/log_inprogress_1443
2019-06-14 08:42:54,855 INFO  client.GrpcClientProtocolClient (GrpcClientProtocolClient.java:onNext(254)) - client-2EC808601240->374189d0-76c5-49d2-81b4-45a4af1368a2: receive RaftClientReply:client-2EC808601240->374189d0-76c5-49d2-81b4-45a4af1368a2@group-30B6692CD68C, cid=814, SUCCESS, logIndex=1443, commits[374189d0-76c5-49d2-81b4-45a4af1368a2:c1445]
2019-06-14 08:42:54,857 INFO  client.GrpcClientProtocolClient (GrpcClientProtocolClient.java:onNext(254)) - client-2EC808601240->374189d0-76c5-49d2-81b4-45a4af1368a2: receive RaftClientReply:client-2EC808601240->374189d0-76c5-49d2-81b4-45a4af1368a2@group-30B6692CD68C, cid=815, SUCCESS, logIndex=1444, commits[374189d0-76c5-49d2-81b4-45a4af1368a2:c1445]
2019-06-14 08:42:54,857 INFO  client.GrpcClientProtocolClient (GrpcClientProtocolClient.java:onNext(254)) - client-2EC808601240->374189d0-76c5-49d2-81b4-45a4af1368a2: receive RaftClientReply:client-2EC808601240->374189d0-76c5-49d2-81b4-45a4af1368a2@group-30B6692CD68C, cid=816, SUCCESS, logIndex=1445, commits[374189d0-76c5-49d2-81b4-45a4af1368a2:c1446]
2019-06-14 08:42:54,875 INFO  client.GrpcClientProtocolClient (GrpcClientProtocolClient.java:onNext(254)) - client-2EC808601240->374189d0-76c5-49d2-81b4-45a4af1368a2: receive RaftClientReply:client-2EC808601240->374189d0-76c5-49d2-81b4-45a4af1368a2@group-30B6692CD68C, cid=817, SUCCESS, logIndex=1447, commits[374189d0-76c5-49d2-81b4-45a4af1368a2:c1447]
2019-06-14 08:42:54,879 DEBUG block.SCMBlockDeletingService (SCMBlockDeletingService.java:call(138)) - Running DeletedBlockTransactionScanner
2019-06-14 08:42:54,879 DEBUG block.SCMBlockDeletingService (SCMBlockDeletingService.java:call(155)) - Scanned deleted blocks log and got 0 delTX to process.
2019-06-14 08:42:54,887 INFO  client.GrpcClientProtocolClient (GrpcClientProtocolClient.java:onNext(254)) - client-2EC808601240->374189d0-76c5-49d2-81b4-45a4af1368a2: receive RaftClientReply:client-2EC808601240->374189d0-76c5-49d2-81b4-45a4af1368a2@group-30B6692CD68C, cid=818, SUCCESS, logIndex=1449, commits[374189d0-76c5-49d2-81b4-45a4af1368a2:c1449]
2019-06-14 08:42:54,887 INFO  client.GrpcClientProtocolClient (GrpcClientProtocolClient.java:onNext(254)) - client-2EC808601240->374189d0-76c5-49d2-81b4-45a4af1368a2: receive RaftClientReply:client-2EC808601240->374189d0-76c5-49d2-81b4-45a4af1368a2@group-30B6692CD68C, cid=819, SUCCESS, logIndex=1450, commits[374189d0-76c5-49d2-81b4-45a4af1368a2:c1452]
2019-06-14 08:42:54,887 INFO  client.GrpcClientProtocolClient (GrpcClientProtocolClient.java:onNext(254)) - client-2EC808601240->374189d0-76c5-49d2-81b4-45a4af1368a2: receive RaftClientReply:client-2EC808601240->374189d0-76c5-49d2-81b4-45a4af1368a2@group-30B6692CD68C, cid=820, SUCCESS, logIndex=1452, commits[374189d0-76c5-49d2-81b4-45a4af1368a2:c1452]
2019-06-14 08:42:54,899 INFO  client.GrpcClientProtocolClient (GrpcClientProtocolClient.java:onNext(254)) - client-2EC808601240->374189d0-76c5-49d2-81b4-45a4af1368a2: receive RaftClientReply:client-2EC808601240->374189d0-76c5-49d2-81b4-45a4af1368a2@group-30B6692CD68C, cid=821, SUCCESS, logIndex=1454, commits[374189d0-76c5-49d2-81b4-45a4af1368a2:c1454]
2019-06-14 08:42:54,903 INFO  client.GrpcClientProtocolClient (GrpcClientProtocolClient.java:onNext(254)) - client-2EC808601240->374189d0-76c5-49d2-81b4-45a4af1368a2: receive RaftClientReply:client-2EC808601240->374189d0-76c5-49d2-81b4-45a4af1368a2@group-30B6692CD68C, cid=822, SUCCESS, logIndex=1456, commits[374189d0-76c5-49d2-81b4-45a4af1368a2:c1456]
2019-06-14 08:42:54,914 INFO  client.GrpcClientProtocolClient (GrpcClientProtocolClient.java:onNext(254)) - client-2EC808601240->374189d0-76c5-49d2-81b4-45a4af1368a2: receive RaftClientReply:client-2EC808601240->374189d0-76c5-49d2-81b4-45a4af1368a2@group-30B6692CD68C, cid=823, SUCCESS, logIndex=1457, commits[374189d0-76c5-49d2-81b4-45a4af1368a2:c1459]
2019-06-14 08:42:54,914 INFO  client.GrpcClientProtocolClient (GrpcClientProtocolClient.java:onNext(254)) - client-2EC808601240->374189d0-76c5-49d2-81b4-45a4af1368a2: receive RaftClientReply:client-2EC808601240->374189d0-76c5-49d2-81b4-45a4af1368a2@group-30B6692CD68C, cid=824, SUCCESS, logIndex=1458, commits[374189d0-76c5-49d2-81b4-45a4af1368a2:c1459]
2019-06-14 08:42:54,933 INFO  client.GrpcClientProtocolClient (GrpcClientProtocolClient.java:onNext(254)) - client-2EC808601240->374189d0-76c5-49d2-81b4-45a4af1368a2: receive RaftClientReply:client-2EC808601240->374189d0-76c5-49d2-81b4-45a4af1368a2@group-30B6692CD68C, cid=825, SUCCESS, logIndex=1460, commits[374189d0-76c5-49d2-81b4-45a4af1368a2:c1461]
2019-06-14 08:42:54,933 INFO  client.GrpcClientProtocolClient (GrpcClientProtocolClient.java:onNext(254)) - client-2EC808601240->374189d0-76c5-49d2-81b4-45a4af1368a2: receive RaftClientReply:client-2EC808601240->374189d0-76c5-49d2-81b4-45a4af1368a2@group-30B6692CD68C, cid=826, SUCCESS, logIndex=1462, commits[374189d0-76c5-49d2-81b4-45a4af1368a2:c1462]
2019-06-14 08:42:54,936 INFO  client.GrpcClientProtocolClient (GrpcClientProtocolClient.java:onNext(254)) - client-2EC808601240->374189d0-76c5-49d2-81b4-45a4af1368a2: receive RaftClientReply:client-2EC808601240->374189d0-76c5-49d2-81b4-45a4af1368a2@group-30B6692CD68C, cid=827, SUCCESS, logIndex=1463, commits[374189d0-76c5-49d2-81b4-45a4af1368a2:c1465]
2019-06-14 08:42:54,936 INFO  client.GrpcClientProtocolClient (GrpcClientProtocolClient.java:onNext(254)) - client-2EC808601240->374189d0-76c5-49d2-81b4-45a4af1368a2: receive RaftClientReply:client-2EC808601240->374189d0-76c5-49d2-81b4-45a4af1368a2@group-30B6692CD68C, cid=828, SUCCESS, logIndex=1465, commits[374189d0-76c5-49d2-81b4-45a4af1368a2:c1466]
2019-06-14 08:42:54,946 INFO  client.GrpcClientProtocolClient (GrpcClientProtocolClient.java:onNext(254)) - client-2EC808601240->374189d0-76c5-49d2-81b4-45a4af1368a2: receive RaftClientReply:client-2EC808601240->374189d0-76c5-49d2-81b4-45a4af1368a2@group-30B6692CD68C, cid=829, SUCCESS, logIndex=1467, commits[374189d0-76c5-49d2-81b4-45a4af1368a2:c1467]
2019-06-14 08:42:54,951 INFO  client.GrpcClientProtocolClient (GrpcClientProtocolClient.java:onNext(254)) - client-2EC808601240->374189d0-76c5-49d2-81b4-45a4af1368a2: receive RaftClientReply:client-2EC808601240->374189d0-76c5-49d2-81b4-45a4af1368a2@group-30B6692CD68C, cid=830, SUCCESS, logIndex=1469, commits[374189d0-76c5-49d2-81b4-45a4af1368a2:c1469]
2019-06-14 08:42:54,951 INFO  client.GrpcClientProtocolClient (GrpcClientProtocolClient.java:onNext(254)) - client-2EC808601240->374189d0-76c5-49d2-81b4-45a4af1368a2: receive RaftClientReply:client-2EC808601240->374189d0-76c5-49d2-81b4-45a4af1368a2@group-30B6692CD68C, cid=831, SUCCESS, logIndex=1470, commits[374189d0-76c5-49d2-81b4-45a4af1368a2:c1471]
2019-06-14 08:42:54,952 INFO  client.GrpcClientProtocolClient (GrpcClientProtocolClient.java:onNext(254)) - client-2EC808601240->374189d0-76c5-49d2-81b4-45a4af1368a2: receive RaftClientReply:client-2EC808601240->374189d0-76c5-49d2-81b4-45a4af1368a2@group-30B6692CD68C, cid=832, SUCCESS, logIndex=1471, commits[374189d0-76c5-49d2-81b4-45a4af1368a2:c1471]
2019-06-14 08:42:54,975 INFO  client.GrpcClientProtocolClient (GrpcClientProtocolClient.java:onNext(254)) - client-2EC808601240->374189d0-76c5-49d2-81b4-45a4af1368a2: receive RaftClientReply:client-2EC808601240->374189d0-76c5-49d2-81b4-45a4af1368a2@group-30B6692CD68C, cid=833, SUCCESS, logIndex=1474, commits[374189d0-76c5-49d2-81b4-45a4af1368a2:c1475]
2019-06-14 08:42:54,977 INFO  client.GrpcClientProtocolClient (GrpcClientProtocolClient.java:onNext(254)) - client-2EC808601240->374189d0-76c5-49d2-81b4-45a4af1368a2: receive RaftClientReply:client-2EC808601240->374189d0-76c5-49d2-81b4-45a4af1368a2@group-30B6692CD68C, cid=834, SUCCESS, logIndex=1476, commits[374189d0-76c5-49d2-81b4-45a4af1368a2:c1476]
2019-06-14 08:42:54,978 INFO  client.GrpcClientProtocolClient (GrpcClientProtocolClient.java:onNext(254)) - client-2EC808601240->374189d0-76c5-49d2-81b4-45a4af1368a2: receive RaftClientReply:client-2EC808601240->374189d0-76c5-49d2-81b4-45a4af1368a2@group-30B6692CD68C, cid=835, SUCCESS, logIndex=1477, commits[374189d0-76c5-49d2-81b4-45a4af1368a2:c1479]
2019-06-14 08:42:54,978 INFO  client.GrpcClientProtocolClient (GrpcClientProtocolClient.java:onNext(254)) - client-2EC808601240->374189d0-76c5-49d2-81b4-45a4af1368a2: receive RaftClientReply:client-2EC808601240->374189d0-76c5-49d2-81b4-45a4af1368a2@group-30B6692CD68C, cid=836, SUCCESS, logIndex=1479, commits[374189d0-76c5-49d2-81b4-45a4af1368a2:c1479]
2019-06-14 08:42:54,980 DEBUG block.SCMBlockDeletingService (SCMBlockDeletingService.java:call(138)) - Running DeletedBlockTransactionScanner
2019-06-14 08:42:54,980 DEBUG block.SCMBlockDeletingService (SCMBlockDeletingService.java:call(155)) - Scanned deleted blocks log and got 0 delTX to process.
2019-06-14 08:42:55,000 INFO  client.GrpcClientProtocolClient (GrpcClientProtocolClient.java:onNext(254)) - client-2EC808601240->374189d0-76c5-49d2-81b4-45a4af1368a2: receive RaftClientReply:client-2EC808601240->374189d0-76c5-49d2-81b4-45a4af1368a2@group-30B6692CD68C, cid=837, SUCCESS, logIndex=1481, commits[374189d0-76c5-49d2-81b4-45a4af1368a2:c1481]
2019-06-14 08:42:55,001 INFO  client.GrpcClientProtocolClient (GrpcClientProtocolClient.java:onNext(254)) - client-2EC808601240->374189d0-76c5-49d2-81b4-45a4af1368a2: receive RaftClientReply:client-2EC808601240->374189d0-76c5-49d2-81b4-45a4af1368a2@group-30B6692CD68C, cid=838, SUCCESS, logIndex=1483, commits[374189d0-76c5-49d2-81b4-45a4af1368a2:c1483]
2019-06-14 08:42:55,083 DEBUG block.SCMBlockDeletingService (SCMBlockDeletingService.java:call(138)) - Running DeletedBlockTransactionScanner
2019-06-14 08:42:55,083 DEBUG block.SCMBlockDeletingService (SCMBlockDeletingService.java:call(155)) - Scanned deleted blocks log and got 0 delTX to process.
2019-06-14 08:42:55,092 INFO  client.GrpcClientProtocolClient (GrpcClientProtocolClient.java:onNext(254)) - client-2EC808601240->374189d0-76c5-49d2-81b4-45a4af1368a2: receive RaftClientReply:client-2EC808601240->374189d0-76c5-49d2-81b4-45a4af1368a2@group-30B6692CD68C, cid=839, SUCCESS, logIndex=1485, commits[374189d0-76c5-49d2-81b4-45a4af1368a2:c1485]
2019-06-14 08:42:55,095 INFO  client.GrpcClientProtocolClient (GrpcClientProtocolClient.java:onNext(254)) - client-2EC808601240->374189d0-76c5-49d2-81b4-45a4af1368a2: receive RaftClientReply:client-2EC808601240->374189d0-76c5-49d2-81b4-45a4af1368a2@group-30B6692CD68C, cid=840, SUCCESS, logIndex=1487, commits[374189d0-76c5-49d2-81b4-45a4af1368a2:c1487]
2019-06-14 08:42:55,111 INFO  client.GrpcClientProtocolClient (GrpcClientProtocolClient.java:onNext(254)) - client-2EC808601240->374189d0-76c5-49d2-81b4-45a4af1368a2: receive RaftClientReply:client-2EC808601240->374189d0-76c5-49d2-81b4-45a4af1368a2@group-30B6692CD68C, cid=841, SUCCESS, logIndex=1489, commits[374189d0-76c5-49d2-81b4-45a4af1368a2:c1489]
2019-06-14 08:42:55,113 INFO  client.GrpcClientProtocolClient (GrpcClientProtocolClient.java:onNext(254)) - client-2EC808601240->374189d0-76c5-49d2-81b4-45a4af1368a2: receive RaftClientReply:client-2EC808601240->374189d0-76c5-49d2-81b4-45a4af1368a2@group-30B6692CD68C, cid=842, SUCCESS, logIndex=1491, commits[374189d0-76c5-49d2-81b4-45a4af1368a2:c1491]
2019-06-14 08:42:55,123 INFO  client.GrpcClientProtocolClient (GrpcClientProtocolClient.java:onNext(254)) - client-2EC808601240->374189d0-76c5-49d2-81b4-45a4af1368a2: receive RaftClientReply:client-2EC808601240->374189d0-76c5-49d2-81b4-45a4af1368a2@group-30B6692CD68C, cid=843, SUCCESS, logIndex=1493, commits[374189d0-76c5-49d2-81b4-45a4af1368a2:c1493]
2019-06-14 08:42:55,127 INFO  client.GrpcClientProtocolClient (GrpcClientProtocolClient.java:onNext(254)) - client-2EC808601240->374189d0-76c5-49d2-81b4-45a4af1368a2: receive RaftClientReply:client-2EC808601240->374189d0-76c5-49d2-81b4-45a4af1368a2@group-30B6692CD68C, cid=844, SUCCESS, logIndex=1495, commits[374189d0-76c5-49d2-81b4-45a4af1368a2:c1495]
2019-06-14 08:42:55,135 INFO  client.GrpcClientProtocolClient (GrpcClientProtocolClient.java:onNext(254)) - client-2EC808601240->374189d0-76c5-49d2-81b4-45a4af1368a2: receive RaftClientReply:client-2EC808601240->374189d0-76c5-49d2-81b4-45a4af1368a2@group-30B6692CD68C, cid=845, SUCCESS, logIndex=1497, commits[374189d0-76c5-49d2-81b4-45a4af1368a2:c1497]
2019-06-14 08:42:55,139 INFO  client.GrpcClientProtocolClient (GrpcClientProtocolClient.java:onNext(254)) - client-2EC808601240->374189d0-76c5-49d2-81b4-45a4af1368a2: receive RaftClientReply:client-2EC808601240->374189d0-76c5-49d2-81b4-45a4af1368a2@group-30B6692CD68C, cid=846, SUCCESS, logIndex=1499, commits[374189d0-76c5-49d2-81b4-45a4af1368a2:c1501]
2019-06-14 08:42:55,140 INFO  client.GrpcClientProtocolClient (GrpcClientProtocolClient.java:onNext(254)) - client-2EC808601240->374189d0-76c5-49d2-81b4-45a4af1368a2: receive RaftClientReply:client-2EC808601240->374189d0-76c5-49d2-81b4-45a4af1368a2@group-30B6692CD68C, cid=847, SUCCESS, logIndex=1500, commits[374189d0-76c5-49d2-81b4-45a4af1368a2:c1501]
2019-06-14 08:42:55,140 INFO  client.GrpcClientProtocolClient (GrpcClientProtocolClient.java:onNext(254)) - client-2EC808601240->374189d0-76c5-49d2-81b4-45a4af1368a2: receive RaftClientReply:client-2EC808601240->374189d0-76c5-49d2-81b4-45a4af1368a2@group-30B6692CD68C, cid=848, SUCCESS, logIndex=1501, commits[374189d0-76c5-49d2-81b4-45a4af1368a2:c1502]
2019-06-14 08:42:55,163 INFO  client.GrpcClientProtocolClient (GrpcClientProtocolClient.java:onNext(254)) - client-2EC808601240->374189d0-76c5-49d2-81b4-45a4af1368a2: receive RaftClientReply:client-2EC808601240->374189d0-76c5-49d2-81b4-45a4af1368a2@group-30B6692CD68C, cid=849, SUCCESS, logIndex=1503, commits[374189d0-76c5-49d2-81b4-45a4af1368a2:c1503]
2019-06-14 08:42:55,170 INFO  client.GrpcClientProtocolClient (GrpcClientProtocolClient.java:onNext(254)) - client-2EC808601240->374189d0-76c5-49d2-81b4-45a4af1368a2: receive RaftClientReply:client-2EC808601240->374189d0-76c5-49d2-81b4-45a4af1368a2@group-30B6692CD68C, cid=850, SUCCESS, logIndex=1505, commits[374189d0-76c5-49d2-81b4-45a4af1368a2:c1505]
2019-06-14 08:42:55,175 INFO  client.GrpcClientProtocolClient (GrpcClientProtocolClient.java:onNext(254)) - client-2EC808601240->374189d0-76c5-49d2-81b4-45a4af1368a2: receive RaftClientReply:client-2EC808601240->374189d0-76c5-49d2-81b4-45a4af1368a2@group-30B6692CD68C, cid=851, SUCCESS, logIndex=1506, commits[374189d0-76c5-49d2-81b4-45a4af1368a2:c1508]
2019-06-14 08:42:55,175 INFO  client.GrpcClientProtocolClient (GrpcClientProtocolClient.java:onNext(254)) - client-2EC808601240->374189d0-76c5-49d2-81b4-45a4af1368a2: receive RaftClientReply:client-2EC808601240->374189d0-76c5-49d2-81b4-45a4af1368a2@group-30B6692CD68C, cid=852, SUCCESS, logIndex=1507, commits[374189d0-76c5-49d2-81b4-45a4af1368a2:c1508]
2019-06-14 08:42:55,182 INFO  client.GrpcClientProtocolClient (GrpcClientProtocolClient.java:onNext(254)) - client-2EC808601240->374189d0-76c5-49d2-81b4-45a4af1368a2: receive RaftClientReply:client-2EC808601240->374189d0-76c5-49d2-81b4-45a4af1368a2@group-30B6692CD68C, cid=853, SUCCESS, logIndex=1509, commits[374189d0-76c5-49d2-81b4-45a4af1368a2:c1509]
2019-06-14 08:42:55,186 DEBUG block.SCMBlockDeletingService (SCMBlockDeletingService.java:call(138)) - Running DeletedBlockTransactionScanner
2019-06-14 08:42:55,186 DEBUG block.SCMBlockDeletingService (SCMBlockDeletingService.java:call(155)) - Scanned deleted blocks log and got 0 delTX to process.
2019-06-14 08:42:55,187 INFO  client.GrpcClientProtocolClient (GrpcClientProtocolClient.java:onNext(254)) - client-2EC808601240->374189d0-76c5-49d2-81b4-45a4af1368a2: receive RaftClientReply:client-2EC808601240->374189d0-76c5-49d2-81b4-45a4af1368a2@group-30B6692CD68C, cid=854, SUCCESS, logIndex=1511, commits[374189d0-76c5-49d2-81b4-45a4af1368a2:c1511]
2019-06-14 08:42:55,189 INFO  storage.RaftLogWorker (RaftLogWorker.java:rollLogSegment(303)) - 374189d0-76c5-49d2-81b4-45a4af1368a2-RaftLogWorker: Rolling segment log-1443_1513 to index:1513
2019-06-14 08:42:55,190 INFO  storage.RaftLogWorker (RaftLogWorker.java:execute(433)) - 374189d0-76c5-49d2-81b4-45a4af1368a2-RaftLogWorker: Rolled log segment from /opt/src/hadoop-ozone/integration-test/target/test-dir/MiniOzoneClusterImpl-1994f8b8-dd4d-445c-bf25-0c6d40f9b14d/datanode-0/data/ratis/99d0acb8-99ce-4814-8259-30b6692cd68c/current/log_inprogress_1443 to /opt/src/hadoop-ozone/integration-test/target/test-dir/MiniOzoneClusterImpl-1994f8b8-dd4d-445c-bf25-0c6d40f9b14d/datanode-0/data/ratis/99d0acb8-99ce-4814-8259-30b6692cd68c/current/log_1443-1513
2019-06-14 08:42:55,196 INFO  client.GrpcClientProtocolClient (GrpcClientProtocolClient.java:onNext(254)) - client-2EC808601240->374189d0-76c5-49d2-81b4-45a4af1368a2: receive RaftClientReply:client-2EC808601240->374189d0-76c5-49d2-81b4-45a4af1368a2@group-30B6692CD68C, cid=855, SUCCESS, logIndex=1513, commits[374189d0-76c5-49d2-81b4-45a4af1368a2:c1513]
2019-06-14 08:42:55,239 INFO  storage.RaftLogWorker (RaftLogWorker.java:execute(469)) - 374189d0-76c5-49d2-81b4-45a4af1368a2-RaftLogWorker: created new log segment /opt/src/hadoop-ozone/integration-test/target/test-dir/MiniOzoneClusterImpl-1994f8b8-dd4d-445c-bf25-0c6d40f9b14d/datanode-0/data/ratis/99d0acb8-99ce-4814-8259-30b6692cd68c/current/log_inprogress_1514
2019-06-14 08:42:55,247 INFO  client.GrpcClientProtocolClient (GrpcClientProtocolClient.java:onNext(254)) - client-2EC808601240->374189d0-76c5-49d2-81b4-45a4af1368a2: receive RaftClientReply:client-2EC808601240->374189d0-76c5-49d2-81b4-45a4af1368a2@group-30B6692CD68C, cid=856, SUCCESS, logIndex=1514, commits[374189d0-76c5-49d2-81b4-45a4af1368a2:c1515]
2019-06-14 08:42:55,263 INFO  client.GrpcClientProtocolClient (GrpcClientProtocolClient.java:onNext(254)) - client-2EC808601240->374189d0-76c5-49d2-81b4-45a4af1368a2: receive RaftClientReply:client-2EC808601240->374189d0-76c5-49d2-81b4-45a4af1368a2@group-30B6692CD68C, cid=857, SUCCESS, logIndex=1516, commits[374189d0-76c5-49d2-81b4-45a4af1368a2:c1516]
2019-06-14 08:42:55,266 INFO  client.GrpcClientProtocolClient (GrpcClientProtocolClient.java:onNext(254)) - client-2EC808601240->374189d0-76c5-49d2-81b4-45a4af1368a2: receive RaftClientReply:client-2EC808601240->374189d0-76c5-49d2-81b4-45a4af1368a2@group-30B6692CD68C, cid=858, SUCCESS, logIndex=1518, commits[374189d0-76c5-49d2-81b4-45a4af1368a2:c1518]
2019-06-14 08:42:55,271 INFO  client.GrpcClientProtocolClient (GrpcClientProtocolClient.java:onNext(254)) - client-2EC808601240->374189d0-76c5-49d2-81b4-45a4af1368a2: receive RaftClientReply:client-2EC808601240->374189d0-76c5-49d2-81b4-45a4af1368a2@group-30B6692CD68C, cid=859, SUCCESS, logIndex=1519, commits[374189d0-76c5-49d2-81b4-45a4af1368a2:c1521]
2019-06-14 08:42:55,276 INFO  client.GrpcClientProtocolClient (GrpcClientProtocolClient.java:onNext(254)) - client-2EC808601240->374189d0-76c5-49d2-81b4-45a4af1368a2: receive RaftClientReply:client-2EC808601240->374189d0-76c5-49d2-81b4-45a4af1368a2@group-30B6692CD68C, cid=860, SUCCESS, logIndex=1520, commits[374189d0-76c5-49d2-81b4-45a4af1368a2:c1521]
2019-06-14 08:42:55,283 INFO  client.GrpcClientProtocolClient (GrpcClientProtocolClient.java:onNext(254)) - client-2EC808601240->374189d0-76c5-49d2-81b4-45a4af1368a2: receive RaftClientReply:client-2EC808601240->374189d0-76c5-49d2-81b4-45a4af1368a2@group-30B6692CD68C, cid=861, SUCCESS, logIndex=1522, commits[374189d0-76c5-49d2-81b4-45a4af1368a2:c1523]
2019-06-14 08:42:55,286 INFO  client.GrpcClientProtocolClient (GrpcClientProtocolClient.java:onNext(254)) - client-2EC808601240->374189d0-76c5-49d2-81b4-45a4af1368a2: receive RaftClientReply:client-2EC808601240->374189d0-76c5-49d2-81b4-45a4af1368a2@group-30B6692CD68C, cid=862, SUCCESS, logIndex=1524, commits[374189d0-76c5-49d2-81b4-45a4af1368a2:c1526]
2019-06-14 08:42:55,287 DEBUG block.SCMBlockDeletingService (SCMBlockDeletingService.java:call(138)) - Running DeletedBlockTransactionScanner
2019-06-14 08:42:55,287 DEBUG block.SCMBlockDeletingService (SCMBlockDeletingService.java:call(155)) - Scanned deleted blocks log and got 0 delTX to process.
2019-06-14 08:42:55,287 INFO  client.GrpcClientProtocolClient (GrpcClientProtocolClient.java:onNext(254)) - client-2EC808601240->374189d0-76c5-49d2-81b4-45a4af1368a2: receive RaftClientReply:client-2EC808601240->374189d0-76c5-49d2-81b4-45a4af1368a2@group-30B6692CD68C, cid=863, SUCCESS, logIndex=1525, commits[374189d0-76c5-49d2-81b4-45a4af1368a2:c1526]
2019-06-14 08:42:55,288 INFO  client.GrpcClientProtocolClient (GrpcClientProtocolClient.java:onNext(254)) - client-2EC808601240->374189d0-76c5-49d2-81b4-45a4af1368a2: receive RaftClientReply:client-2EC808601240->374189d0-76c5-49d2-81b4-45a4af1368a2@group-30B6692CD68C, cid=864, SUCCESS, logIndex=1526, commits[374189d0-76c5-49d2-81b4-45a4af1368a2:c1527]
2019-06-14 08:42:55,304 INFO  client.GrpcClientProtocolClient (GrpcClientProtocolClient.java:onNext(254)) - client-2EC808601240->374189d0-76c5-49d2-81b4-45a4af1368a2: receive RaftClientReply:client-2EC808601240->374189d0-76c5-49d2-81b4-45a4af1368a2@group-30B6692CD68C, cid=865, SUCCESS, logIndex=1528, commits[374189d0-76c5-49d2-81b4-45a4af1368a2:c1528]
2019-06-14 08:42:55,307 INFO  client.GrpcClientProtocolClient (GrpcClientProtocolClient.java:onNext(254)) - client-2EC808601240->374189d0-76c5-49d2-81b4-45a4af1368a2: receive RaftClientReply:client-2EC808601240->374189d0-76c5-49d2-81b4-45a4af1368a2@group-30B6692CD68C, cid=866, SUCCESS, logIndex=1530, commits[374189d0-76c5-49d2-81b4-45a4af1368a2:c1530]
2019-06-14 08:42:55,308 INFO  client.GrpcClientProtocolClient (GrpcClientProtocolClient.java:onNext(254)) - client-2EC808601240->374189d0-76c5-49d2-81b4-45a4af1368a2: receive RaftClientReply:client-2EC808601240->374189d0-76c5-49d2-81b4-45a4af1368a2@group-30B6692CD68C, cid=867, SUCCESS, logIndex=1531, commits[374189d0-76c5-49d2-81b4-45a4af1368a2:c1533]
2019-06-14 08:42:55,308 INFO  client.GrpcClientProtocolClient (GrpcClientProtocolClient.java:onNext(254)) - client-2EC808601240->374189d0-76c5-49d2-81b4-45a4af1368a2: receive RaftClientReply:client-2EC808601240->374189d0-76c5-49d2-81b4-45a4af1368a2@group-30B6692CD68C, cid=868, SUCCESS, logIndex=1532, commits[374189d0-76c5-49d2-81b4-45a4af1368a2:c1533]
2019-06-14 08:42:55,315 INFO  client.GrpcClientProtocolClient (GrpcClientProtocolClient.java:onNext(254)) - client-2EC808601240->374189d0-76c5-49d2-81b4-45a4af1368a2: receive RaftClientReply:client-2EC808601240->374189d0-76c5-49d2-81b4-45a4af1368a2@group-30B6692CD68C, cid=869, SUCCESS, logIndex=1534, commits[374189d0-76c5-49d2-81b4-45a4af1368a2:c1534]
2019-06-14 08:42:55,317 INFO  client.GrpcClientProtocolClient (GrpcClientProtocolClient.java:onNext(254)) - client-2EC808601240->374189d0-76c5-49d2-81b4-45a4af1368a2: receive RaftClientReply:client-2EC808601240->374189d0-76c5-49d2-81b4-45a4af1368a2@group-30B6692CD68C, cid=870, SUCCESS, logIndex=1536, commits[374189d0-76c5-49d2-81b4-45a4af1368a2:c1537]
2019-06-14 08:42:55,318 INFO  client.GrpcClientProtocolClient (GrpcClientProtocolClient.java:onNext(254)) - client-2EC808601240->374189d0-76c5-49d2-81b4-45a4af1368a2: receive RaftClientReply:client-2EC808601240->374189d0-76c5-49d2-81b4-45a4af1368a2@group-30B6692CD68C, cid=871, SUCCESS, logIndex=1537, commits[374189d0-76c5-49d2-81b4-45a4af1368a2:c1537]
2019-06-14 08:42:55,318 INFO  client.GrpcClientProtocolClient (GrpcClientProtocolClient.java:onNext(254)) - client-2EC808601240->374189d0-76c5-49d2-81b4-45a4af1368a2: receive RaftClientReply:client-2EC808601240->374189d0-76c5-49d2-81b4-45a4af1368a2@group-30B6692CD68C, cid=872, SUCCESS, logIndex=1538, commits[374189d0-76c5-49d2-81b4-45a4af1368a2:c1540]
2019-06-14 08:42:55,330 INFO  client.GrpcClientProtocolClient (GrpcClientProtocolClient.java:onNext(254)) - client-2EC808601240->374189d0-76c5-49d2-81b4-45a4af1368a2: receive RaftClientReply:client-2EC808601240->374189d0-76c5-49d2-81b4-45a4af1368a2@group-30B6692CD68C, cid=873, SUCCESS, logIndex=1541, commits[374189d0-76c5-49d2-81b4-45a4af1368a2:c1541]
2019-06-14 08:42:55,332 INFO  client.GrpcClientProtocolClient (GrpcClientProtocolClient.java:onNext(254)) - client-2EC808601240->374189d0-76c5-49d2-81b4-45a4af1368a2: receive RaftClientReply:client-2EC808601240->374189d0-76c5-49d2-81b4-45a4af1368a2@group-30B6692CD68C, cid=874, SUCCESS, logIndex=1543, commits[374189d0-76c5-49d2-81b4-45a4af1368a2:c1543]
2019-06-14 08:42:55,333 INFO  client.GrpcClientProtocolClient (GrpcClientProtocolClient.java:onNext(254)) - client-2EC808601240->374189d0-76c5-49d2-81b4-45a4af1368a2: receive RaftClientReply:client-2EC808601240->374189d0-76c5-49d2-81b4-45a4af1368a2@group-30B6692CD68C, cid=875, SUCCESS, logIndex=1544, commits[374189d0-76c5-49d2-81b4-45a4af1368a2:c1545]
2019-06-14 08:42:55,333 INFO  client.GrpcClientProtocolClient (GrpcClientProtocolClient.java:onNext(254)) - client-2EC808601240->374189d0-76c5-49d2-81b4-45a4af1368a2: receive RaftClientReply:client-2EC808601240->374189d0-76c5-49d2-81b4-45a4af1368a2@group-30B6692CD68C, cid=876, SUCCESS, logIndex=1546, commits[374189d0-76c5-49d2-81b4-45a4af1368a2:c1546]
2019-06-14 08:42:55,340 INFO  client.GrpcClientProtocolClient (GrpcClientProtocolClient.java:onNext(254)) - client-2EC808601240->374189d0-76c5-49d2-81b4-45a4af1368a2: receive RaftClientReply:client-2EC808601240->374189d0-76c5-49d2-81b4-45a4af1368a2@group-30B6692CD68C, cid=877, SUCCESS, logIndex=1548, commits[374189d0-76c5-49d2-81b4-45a4af1368a2:c1548]
2019-06-14 08:42:55,342 INFO  client.GrpcClientProtocolClient (GrpcClientProtocolClient.java:onNext(254)) - client-2EC808601240->374189d0-76c5-49d2-81b4-45a4af1368a2: receive RaftClientReply:client-2EC808601240->374189d0-76c5-49d2-81b4-45a4af1368a2@group-30B6692CD68C, cid=878, SUCCESS, logIndex=1550, commits[374189d0-76c5-49d2-81b4-45a4af1368a2:c1550]
2019-06-14 08:42:55,344 INFO  client.GrpcClientProtocolClient (GrpcClientProtocolClient.java:onNext(254)) - client-2EC808601240->374189d0-76c5-49d2-81b4-45a4af1368a2: receive RaftClientReply:client-2EC808601240->374189d0-76c5-49d2-81b4-45a4af1368a2@group-30B6692CD68C, cid=879, SUCCESS, logIndex=1552, commits[374189d0-76c5-49d2-81b4-45a4af1368a2:c1553]
2019-06-14 08:42:55,345 INFO  client.GrpcClientProtocolClient (GrpcClientProtocolClient.java:onNext(254)) - client-2EC808601240->374189d0-76c5-49d2-81b4-45a4af1368a2: receive RaftClientReply:client-2EC808601240->374189d0-76c5-49d2-81b4-45a4af1368a2@group-30B6692CD68C, cid=880, SUCCESS, logIndex=1553, commits[374189d0-76c5-49d2-81b4-45a4af1368a2:c1554]
2019-06-14 08:42:55,355 INFO  client.GrpcClientProtocolClient (GrpcClientProtocolClient.java:onNext(254)) - client-2EC808601240->374189d0-76c5-49d2-81b4-45a4af1368a2: receive RaftClientReply:client-2EC808601240->374189d0-76c5-49d2-81b4-45a4af1368a2@group-30B6692CD68C, cid=881, SUCCESS, logIndex=1555, commits[374189d0-76c5-49d2-81b4-45a4af1368a2:c1555]
2019-06-14 08:42:55,359 INFO  client.GrpcClientProtocolClient (GrpcClientProtocolClient.java:onNext(254)) - client-2EC808601240->374189d0-76c5-49d2-81b4-45a4af1368a2: receive RaftClientReply:client-2EC808601240->374189d0-76c5-49d2-81b4-45a4af1368a2@group-30B6692CD68C, cid=882, SUCCESS, logIndex=1557, commits[374189d0-76c5-49d2-81b4-45a4af1368a2:c1557]
2019-06-14 08:42:55,359 INFO  client.GrpcClientProtocolClient (GrpcClientProtocolClient.java:onNext(254)) - client-2EC808601240->374189d0-76c5-49d2-81b4-45a4af1368a2: receive RaftClientReply:client-2EC808601240->374189d0-76c5-49d2-81b4-45a4af1368a2@group-30B6692CD68C, cid=883, SUCCESS, logIndex=1558, commits[374189d0-76c5-49d2-81b4-45a4af1368a2:c1558]
2019-06-14 08:42:55,361 INFO  client.GrpcClientProtocolClient (GrpcClientProtocolClient.java:onNext(254)) - client-2EC808601240->374189d0-76c5-49d2-81b4-45a4af1368a2: receive RaftClientReply:client-2EC808601240->374189d0-76c5-49d2-81b4-45a4af1368a2@group-30B6692CD68C, cid=884, SUCCESS, logIndex=1561, commits[374189d0-76c5-49d2-81b4-45a4af1368a2:c1561]
2019-06-14 08:42:55,387 DEBUG block.SCMBlockDeletingService (SCMBlockDeletingService.java:call(138)) - Running DeletedBlockTransactionScanner
2019-06-14 08:42:55,387 DEBUG block.SCMBlockDeletingService (SCMBlockDeletingService.java:call(155)) - Scanned deleted blocks log and got 0 delTX to process.
2019-06-14 08:42:55,483 INFO  client.GrpcClientProtocolClient (GrpcClientProtocolClient.java:onNext(254)) - client-2EC808601240->374189d0-76c5-49d2-81b4-45a4af1368a2: receive RaftClientReply:client-2EC808601240->374189d0-76c5-49d2-81b4-45a4af1368a2@group-30B6692CD68C, cid=885, SUCCESS, logIndex=1563, commits[374189d0-76c5-49d2-81b4-45a4af1368a2:c1563]
2019-06-14 08:42:55,485 INFO  client.GrpcClientProtocolClient (GrpcClientProtocolClient.java:onNext(254)) - client-2EC808601240->374189d0-76c5-49d2-81b4-45a4af1368a2: receive RaftClientReply:client-2EC808601240->374189d0-76c5-49d2-81b4-45a4af1368a2@group-30B6692CD68C, cid=886, SUCCESS, logIndex=1565, commits[374189d0-76c5-49d2-81b4-45a4af1368a2:c1565]
2019-06-14 08:42:55,487 INFO  client.GrpcClientProtocolClient (GrpcClientProtocolClient.java:onNext(254)) - client-2EC808601240->374189d0-76c5-49d2-81b4-45a4af1368a2: receive RaftClientReply:client-2EC808601240->374189d0-76c5-49d2-81b4-45a4af1368a2@group-30B6692CD68C, cid=887, SUCCESS, logIndex=1566, commits[374189d0-76c5-49d2-81b4-45a4af1368a2:c1568]
2019-06-14 08:42:55,487 INFO  client.GrpcClientProtocolClient (GrpcClientProtocolClient.java:onNext(254)) - client-2EC808601240->374189d0-76c5-49d2-81b4-45a4af1368a2: receive RaftClientReply:client-2EC808601240->374189d0-76c5-49d2-81b4-45a4af1368a2@group-30B6692CD68C, cid=888, SUCCESS, logIndex=1568, commits[374189d0-76c5-49d2-81b4-45a4af1368a2:c1568]
2019-06-14 08:42:55,488 DEBUG block.SCMBlockDeletingService (SCMBlockDeletingService.java:call(138)) - Running DeletedBlockTransactionScanner
2019-06-14 08:42:55,488 DEBUG block.SCMBlockDeletingService (SCMBlockDeletingService.java:call(155)) - Scanned deleted blocks log and got 0 delTX to process.
2019-06-14 08:42:55,497 INFO  client.GrpcClientProtocolClient (GrpcClientProtocolClient.java:onNext(254)) - client-2EC808601240->374189d0-76c5-49d2-81b4-45a4af1368a2: receive RaftClientReply:client-2EC808601240->374189d0-76c5-49d2-81b4-45a4af1368a2@group-30B6692CD68C, cid=889, SUCCESS, logIndex=1570, commits[374189d0-76c5-49d2-81b4-45a4af1368a2:c1570]
2019-06-14 08:42:55,499 INFO  client.GrpcClientProtocolClient (GrpcClientProtocolClient.java:onNext(254)) - client-2EC808601240->374189d0-76c5-49d2-81b4-45a4af1368a2: receive RaftClientReply:client-2EC808601240->374189d0-76c5-49d2-81b4-45a4af1368a2@group-30B6692CD68C, cid=890, SUCCESS, logIndex=1572, commits[374189d0-76c5-49d2-81b4-45a4af1368a2:c1572]
2019-06-14 08:42:55,500 INFO  client.GrpcClientProtocolClient (GrpcClientProtocolClient.java:onNext(254)) - client-2EC808601240->374189d0-76c5-49d2-81b4-45a4af1368a2: receive RaftClientReply:client-2EC808601240->374189d0-76c5-49d2-81b4-45a4af1368a2@group-30B6692CD68C, cid=891, SUCCESS, logIndex=1573, commits[374189d0-76c5-49d2-81b4-45a4af1368a2:c1575]
2019-06-14 08:42:55,501 INFO  client.GrpcClientProtocolClient (GrpcClientProtocolClient.java:onNext(254)) - client-2EC808601240->374189d0-76c5-49d2-81b4-45a4af1368a2: receive RaftClientReply:client-2EC808601240->374189d0-76c5-49d2-81b4-45a4af1368a2@group-30B6692CD68C, cid=892, SUCCESS, logIndex=1575, commits[374189d0-76c5-49d2-81b4-45a4af1368a2:c1576]
2019-06-14 08:42:55,514 INFO  client.GrpcClientProtocolClient (GrpcClientProtocolClient.java:onNext(254)) - client-2EC808601240->374189d0-76c5-49d2-81b4-45a4af1368a2: receive RaftClientReply:client-2EC808601240->374189d0-76c5-49d2-81b4-45a4af1368a2@group-30B6692CD68C, cid=893, SUCCESS, logIndex=1577, commits[374189d0-76c5-49d2-81b4-45a4af1368a2:c1577]
2019-06-14 08:42:55,517 INFO  client.GrpcClientProtocolClient (GrpcClientProtocolClient.java:onNext(254)) - client-2EC808601240->374189d0-76c5-49d2-81b4-45a4af1368a2: receive RaftClientReply:client-2EC808601240->374189d0-76c5-49d2-81b4-45a4af1368a2@group-30B6692CD68C, cid=894, SUCCESS, logIndex=1579, commits[374189d0-76c5-49d2-81b4-45a4af1368a2:c1579]
2019-06-14 08:42:55,517 INFO  client.GrpcClientProtocolClient (GrpcClientProtocolClient.java:onNext(254)) - client-2EC808601240->374189d0-76c5-49d2-81b4-45a4af1368a2: receive RaftClientReply:client-2EC808601240->374189d0-76c5-49d2-81b4-45a4af1368a2@group-30B6692CD68C, cid=895, SUCCESS, logIndex=1580, commits[374189d0-76c5-49d2-81b4-45a4af1368a2:c1582]
2019-06-14 08:42:55,518 INFO  client.GrpcClientProtocolClient (GrpcClientProtocolClient.java:onNext(254)) - client-2EC808601240->374189d0-76c5-49d2-81b4-45a4af1368a2: receive RaftClientReply:client-2EC808601240->374189d0-76c5-49d2-81b4-45a4af1368a2@group-30B6692CD68C, cid=896, SUCCESS, logIndex=1582, commits[374189d0-76c5-49d2-81b4-45a4af1368a2:c1582]
2019-06-14 08:42:55,530 INFO  client.GrpcClientProtocolClient (GrpcClientProtocolClient.java:onNext(254)) - client-2EC808601240->374189d0-76c5-49d2-81b4-45a4af1368a2: receive RaftClientReply:client-2EC808601240->374189d0-76c5-49d2-81b4-45a4af1368a2@group-30B6692CD68C, cid=897, SUCCESS, logIndex=1584, commits[374189d0-76c5-49d2-81b4-45a4af1368a2:c1584]
2019-06-14 08:42:55,530 INFO  storage.RaftLogWorker (RaftLogWorker.java:rollLogSegment(303)) - 374189d0-76c5-49d2-81b4-45a4af1368a2-RaftLogWorker: Rolling segment log-1514_1586 to index:1586
2019-06-14 08:42:55,531 INFO  storage.RaftLogWorker (RaftLogWorker.java:execute(433)) - 374189d0-76c5-49d2-81b4-45a4af1368a2-RaftLogWorker: Rolled log segment from /opt/src/hadoop-ozone/integration-test/target/test-dir/MiniOzoneClusterImpl-1994f8b8-dd4d-445c-bf25-0c6d40f9b14d/datanode-0/data/ratis/99d0acb8-99ce-4814-8259-30b6692cd68c/current/log_inprogress_1514 to /opt/src/hadoop-ozone/integration-test/target/test-dir/MiniOzoneClusterImpl-1994f8b8-dd4d-445c-bf25-0c6d40f9b14d/datanode-0/data/ratis/99d0acb8-99ce-4814-8259-30b6692cd68c/current/log_1514-1586
2019-06-14 08:42:55,535 INFO  client.GrpcClientProtocolClient (GrpcClientProtocolClient.java:onNext(254)) - client-2EC808601240->374189d0-76c5-49d2-81b4-45a4af1368a2: receive RaftClientReply:client-2EC808601240->374189d0-76c5-49d2-81b4-45a4af1368a2@group-30B6692CD68C, cid=898, SUCCESS, logIndex=1586, commits[374189d0-76c5-49d2-81b4-45a4af1368a2:c1586]
2019-06-14 08:42:55,569 INFO  storage.RaftLogWorker (RaftLogWorker.java:execute(469)) - 374189d0-76c5-49d2-81b4-45a4af1368a2-RaftLogWorker: created new log segment /opt/src/hadoop-ozone/integration-test/target/test-dir/MiniOzoneClusterImpl-1994f8b8-dd4d-445c-bf25-0c6d40f9b14d/datanode-0/data/ratis/99d0acb8-99ce-4814-8259-30b6692cd68c/current/log_inprogress_1587
2019-06-14 08:42:55,571 INFO  client.GrpcClientProtocolClient (GrpcClientProtocolClient.java:onNext(254)) - client-2EC808601240->374189d0-76c5-49d2-81b4-45a4af1368a2: receive RaftClientReply:client-2EC808601240->374189d0-76c5-49d2-81b4-45a4af1368a2@group-30B6692CD68C, cid=899, SUCCESS, logIndex=1587, commits[374189d0-76c5-49d2-81b4-45a4af1368a2:c1589]
2019-06-14 08:42:55,572 INFO  client.GrpcClientProtocolClient (GrpcClientProtocolClient.java:onNext(254)) - client-2EC808601240->374189d0-76c5-49d2-81b4-45a4af1368a2: receive RaftClientReply:client-2EC808601240->374189d0-76c5-49d2-81b4-45a4af1368a2@group-30B6692CD68C, cid=900, SUCCESS, logIndex=1589, commits[374189d0-76c5-49d2-81b4-45a4af1368a2:c1590]
2019-06-14 08:42:55,579 INFO  client.GrpcClientProtocolClient (GrpcClientProtocolClient.java:onNext(254)) - client-2EC808601240->374189d0-76c5-49d2-81b4-45a4af1368a2: receive RaftClientReply:client-2EC808601240->374189d0-76c5-49d2-81b4-45a4af1368a2@group-30B6692CD68C, cid=901, SUCCESS, logIndex=1591, commits[374189d0-76c5-49d2-81b4-45a4af1368a2:c1591]
2019-06-14 08:42:55,582 INFO  client.GrpcClientProtocolClient (GrpcClientProtocolClient.java:onNext(254)) - client-2EC808601240->374189d0-76c5-49d2-81b4-45a4af1368a2: receive RaftClientReply:client-2EC808601240->374189d0-76c5-49d2-81b4-45a4af1368a2@group-30B6692CD68C, cid=902, SUCCESS, logIndex=1593, commits[374189d0-76c5-49d2-81b4-45a4af1368a2:c1593]
2019-06-14 08:42:55,583 INFO  client.GrpcClientProtocolClient (GrpcClientProtocolClient.java:onNext(254)) - client-2EC808601240->374189d0-76c5-49d2-81b4-45a4af1368a2: receive RaftClientReply:client-2EC808601240->374189d0-76c5-49d2-81b4-45a4af1368a2@group-30B6692CD68C, cid=903, SUCCESS, logIndex=1594, commits[374189d0-76c5-49d2-81b4-45a4af1368a2:c1595]
2019-06-14 08:42:55,584 INFO  client.GrpcClientProtocolClient (GrpcClientProtocolClient.java:onNext(254)) - client-2EC808601240->374189d0-76c5-49d2-81b4-45a4af1368a2: receive RaftClientReply:client-2EC808601240->374189d0-76c5-49d2-81b4-45a4af1368a2@group-30B6692CD68C, cid=904, SUCCESS, logIndex=1595, commits[374189d0-76c5-49d2-81b4-45a4af1368a2:c1596]
2019-06-14 08:42:55,588 DEBUG block.SCMBlockDeletingService (SCMBlockDeletingService.java:call(138)) - Running DeletedBlockTransactionScanner
2019-06-14 08:42:55,588 DEBUG block.SCMBlockDeletingService (SCMBlockDeletingService.java:call(155)) - Scanned deleted blocks log and got 0 delTX to process.
2019-06-14 08:42:55,594 INFO  client.GrpcClientProtocolClient (GrpcClientProtocolClient.java:onNext(254)) - client-2EC808601240->374189d0-76c5-49d2-81b4-45a4af1368a2: receive RaftClientReply:client-2EC808601240->374189d0-76c5-49d2-81b4-45a4af1368a2@group-30B6692CD68C, cid=905, SUCCESS, logIndex=1598, commits[374189d0-76c5-49d2-81b4-45a4af1368a2:c1598]
2019-06-14 08:42:55,597 INFO  client.GrpcClientProtocolClient (GrpcClientProtocolClient.java:onNext(254)) - client-2EC808601240->374189d0-76c5-49d2-81b4-45a4af1368a2: receive RaftClientReply:client-2EC808601240->374189d0-76c5-49d2-81b4-45a4af1368a2@group-30B6692CD68C, cid=906, SUCCESS, logIndex=1600, commits[374189d0-76c5-49d2-81b4-45a4af1368a2:c1601]
2019-06-14 08:42:55,598 INFO  client.GrpcClientProtocolClient (GrpcClientProtocolClient.java:onNext(254)) - client-2EC808601240->374189d0-76c5-49d2-81b4-45a4af1368a2: receive RaftClientReply:client-2EC808601240->374189d0-76c5-49d2-81b4-45a4af1368a2@group-30B6692CD68C, cid=907, SUCCESS, logIndex=1601, commits[374189d0-76c5-49d2-81b4-45a4af1368a2:c1602]
2019-06-14 08:42:55,598 INFO  client.GrpcClientProtocolClient (GrpcClientProtocolClient.java:onNext(254)) - client-2EC808601240->374189d0-76c5-49d2-81b4-45a4af1368a2: receive RaftClientReply:client-2EC808601240->374189d0-76c5-49d2-81b4-45a4af1368a2@group-30B6692CD68C, cid=908, SUCCESS, logIndex=1604, commits[374189d0-76c5-49d2-81b4-45a4af1368a2:c1604]
2019-06-14 08:42:55,604 INFO  client.GrpcClientProtocolClient (GrpcClientProtocolClient.java:onNext(254)) - client-2EC808601240->374189d0-76c5-49d2-81b4-45a4af1368a2: receive RaftClientReply:client-2EC808601240->374189d0-76c5-49d2-81b4-45a4af1368a2@group-30B6692CD68C, cid=909, SUCCESS, logIndex=1606, commits[374189d0-76c5-49d2-81b4-45a4af1368a2:c1606]
2019-06-14 08:42:55,606 INFO  client.GrpcClientProtocolClient (GrpcClientProtocolClient.java:onNext(254)) - client-2EC808601240->374189d0-76c5-49d2-81b4-45a4af1368a2: receive RaftClientReply:client-2EC808601240->374189d0-76c5-49d2-81b4-45a4af1368a2@group-30B6692CD68C, cid=910, SUCCESS, logIndex=1608, commits[374189d0-76c5-49d2-81b4-45a4af1368a2:c1608]
2019-06-14 08:42:55,607 INFO  client.GrpcClientProtocolClient (GrpcClientProtocolClient.java:onNext(254)) - client-2EC808601240->374189d0-76c5-49d2-81b4-45a4af1368a2: receive RaftClientReply:client-2EC808601240->374189d0-76c5-49d2-81b4-45a4af1368a2@group-30B6692CD68C, cid=911, SUCCESS, logIndex=1609, commits[374189d0-76c5-49d2-81b4-45a4af1368a2:c1611]
2019-06-14 08:42:55,608 INFO  client.GrpcClientProtocolClient (GrpcClientProtocolClient.java:onNext(254)) - client-2EC808601240->374189d0-76c5-49d2-81b4-45a4af1368a2: receive RaftClientReply:client-2EC808601240->374189d0-76c5-49d2-81b4-45a4af1368a2@group-30B6692CD68C, cid=912, SUCCESS, logIndex=1610, commits[374189d0-76c5-49d2-81b4-45a4af1368a2:c1611]
2019-06-14 08:42:55,619 INFO  client.GrpcClientProtocolClient (GrpcClientProtocolClient.java:onNext(254)) - client-2EC808601240->374189d0-76c5-49d2-81b4-45a4af1368a2: receive RaftClientReply:client-2EC808601240->374189d0-76c5-49d2-81b4-45a4af1368a2@group-30B6692CD68C, cid=913, SUCCESS, logIndex=1612, commits[374189d0-76c5-49d2-81b4-45a4af1368a2:c1612]
2019-06-14 08:42:55,621 INFO  client.GrpcClientProtocolClient (GrpcClientProtocolClient.java:onNext(254)) - client-2EC808601240->374189d0-76c5-49d2-81b4-45a4af1368a2: receive RaftClientReply:client-2EC808601240->374189d0-76c5-49d2-81b4-45a4af1368a2@group-30B6692CD68C, cid=914, SUCCESS, logIndex=1614, commits[374189d0-76c5-49d2-81b4-45a4af1368a2:c1614]
2019-06-14 08:42:55,622 INFO  client.GrpcClientProtocolClient (GrpcClientProtocolClient.java:onNext(254)) - client-2EC808601240->374189d0-76c5-49d2-81b4-45a4af1368a2: receive RaftClientReply:client-2EC808601240->374189d0-76c5-49d2-81b4-45a4af1368a2@group-30B6692CD68C, cid=915, SUCCESS, logIndex=1615, commits[374189d0-76c5-49d2-81b4-45a4af1368a2:c1617]
2019-06-14 08:42:55,622 INFO  client.GrpcClientProtocolClient (GrpcClientProtocolClient.java:onNext(254)) - client-2EC808601240->374189d0-76c5-49d2-81b4-45a4af1368a2: receive RaftClientReply:client-2EC808601240->374189d0-76c5-49d2-81b4-45a4af1368a2@group-30B6692CD68C, cid=916, SUCCESS, logIndex=1617, commits[374189d0-76c5-49d2-81b4-45a4af1368a2:c1617]
2019-06-14 08:42:55,628 INFO  client.GrpcClientProtocolClient (GrpcClientProtocolClient.java:onNext(254)) - client-2EC808601240->374189d0-76c5-49d2-81b4-45a4af1368a2: receive RaftClientReply:client-2EC808601240->374189d0-76c5-49d2-81b4-45a4af1368a2@group-30B6692CD68C, cid=917, SUCCESS, logIndex=1619, commits[374189d0-76c5-49d2-81b4-45a4af1368a2:c1619]
2019-06-14 08:42:55,630 INFO  client.GrpcClientProtocolClient (GrpcClientProtocolClient.java:onNext(254)) - client-2EC808601240->374189d0-76c5-49d2-81b4-45a4af1368a2: receive RaftClientReply:client-2EC808601240->374189d0-76c5-49d2-81b4-45a4af1368a2@group-30B6692CD68C, cid=918, SUCCESS, logIndex=1621, commits[374189d0-76c5-49d2-81b4-45a4af1368a2:c1621]
2019-06-14 08:42:55,631 INFO  client.GrpcClientProtocolClient (GrpcClientProtocolClient.java:onNext(254)) - client-2EC808601240->374189d0-76c5-49d2-81b4-45a4af1368a2: receive RaftClientReply:client-2EC808601240->374189d0-76c5-49d2-81b4-45a4af1368a2@group-30B6692CD68C, cid=919, SUCCESS, logIndex=1622, commits[374189d0-76c5-49d2-81b4-45a4af1368a2:c1624]
2019-06-14 08:42:55,631 INFO  client.GrpcClientProtocolClient (GrpcClientProtocolClient.java:onNext(254)) - client-2EC808601240->374189d0-76c5-49d2-81b4-45a4af1368a2: receive RaftClientReply:client-2EC808601240->374189d0-76c5-49d2-81b4-45a4af1368a2@group-30B6692CD68C, cid=920, SUCCESS, logIndex=1623, commits[374189d0-76c5-49d2-81b4-45a4af1368a2:c1624]
2019-06-14 08:42:55,641 INFO  client.GrpcClientProtocolClient (GrpcClientProtocolClient.java:onNext(254)) - client-2EC808601240->374189d0-76c5-49d2-81b4-45a4af1368a2: receive RaftClientReply:client-2EC808601240->374189d0-76c5-49d2-81b4-45a4af1368a2@group-30B6692CD68C, cid=921, SUCCESS, logIndex=1625, commits[374189d0-76c5-49d2-81b4-45a4af1368a2:c1625]
2019-06-14 08:42:55,643 INFO  client.GrpcClientProtocolClient (GrpcClientProtocolClient.java:onNext(254)) - client-2EC808601240->374189d0-76c5-49d2-81b4-45a4af1368a2: receive RaftClientReply:client-2EC808601240->374189d0-76c5-49d2-81b4-45a4af1368a2@group-30B6692CD68C, cid=922, SUCCESS, logIndex=1627, commits[374189d0-76c5-49d2-81b4-45a4af1368a2:c1627]
2019-06-14 08:42:55,644 INFO  client.GrpcClientProtocolClient (GrpcClientProtocolClient.java:onNext(254)) - client-2EC808601240->374189d0-76c5-49d2-81b4-45a4af1368a2: receive RaftClientReply:client-2EC808601240->374189d0-76c5-49d2-81b4-45a4af1368a2@group-30B6692CD68C, cid=923, SUCCESS, logIndex=1628, commits[374189d0-76c5-49d2-81b4-45a4af1368a2:c1628]
2019-06-14 08:42:55,645 INFO  client.GrpcClientProtocolClient (GrpcClientProtocolClient.java:onNext(254)) - client-2EC808601240->374189d0-76c5-49d2-81b4-45a4af1368a2: receive RaftClientReply:client-2EC808601240->374189d0-76c5-49d2-81b4-45a4af1368a2@group-30B6692CD68C, cid=924, SUCCESS, logIndex=1630, commits[374189d0-76c5-49d2-81b4-45a4af1368a2:c1630]
2019-06-14 08:42:55,652 INFO  client.GrpcClientProtocolClient (GrpcClientProtocolClient.java:onNext(254)) - client-2EC808601240->374189d0-76c5-49d2-81b4-45a4af1368a2: receive RaftClientReply:client-2EC808601240->374189d0-76c5-49d2-81b4-45a4af1368a2@group-30B6692CD68C, cid=925, SUCCESS, logIndex=1633, commits[374189d0-76c5-49d2-81b4-45a4af1368a2:c1633]
2019-06-14 08:42:55,654 INFO  client.GrpcClientProtocolClient (GrpcClientProtocolClient.java:onNext(254)) - client-2EC808601240->374189d0-76c5-49d2-81b4-45a4af1368a2: receive RaftClientReply:client-2EC808601240->374189d0-76c5-49d2-81b4-45a4af1368a2@group-30B6692CD68C, cid=926, SUCCESS, logIndex=1635, commits[374189d0-76c5-49d2-81b4-45a4af1368a2:c1635]
2019-06-14 08:42:55,655 INFO  client.GrpcClientProtocolClient (GrpcClientProtocolClient.java:onNext(254)) - client-2EC808601240->374189d0-76c5-49d2-81b4-45a4af1368a2: receive RaftClientReply:client-2EC808601240->374189d0-76c5-49d2-81b4-45a4af1368a2@group-30B6692CD68C, cid=927, SUCCESS, logIndex=1636, commits[374189d0-76c5-49d2-81b4-45a4af1368a2:c1638]
2019-06-14 08:42:55,656 INFO  client.GrpcClientProtocolClient (GrpcClientProtocolClient.java:onNext(254)) - client-2EC808601240->374189d0-76c5-49d2-81b4-45a4af1368a2: receive RaftClientReply:client-2EC808601240->374189d0-76c5-49d2-81b4-45a4af1368a2@group-30B6692CD68C, cid=928, SUCCESS, logIndex=1637, commits[374189d0-76c5-49d2-81b4-45a4af1368a2:c1638]
2019-06-14 08:42:55,688 DEBUG block.SCMBlockDeletingService (SCMBlockDeletingService.java:call(138)) - Running DeletedBlockTransactionScanner
2019-06-14 08:42:55,689 DEBUG block.SCMBlockDeletingService (SCMBlockDeletingService.java:call(155)) - Scanned deleted blocks log and got 0 delTX to process.
2019-06-14 08:42:55,735 INFO  client.GrpcClientProtocolClient (GrpcClientProtocolClient.java:onNext(254)) - client-2EC808601240->374189d0-76c5-49d2-81b4-45a4af1368a2: receive RaftClientReply:client-2EC808601240->374189d0-76c5-49d2-81b4-45a4af1368a2@group-30B6692CD68C, cid=929, SUCCESS, logIndex=1639, commits[374189d0-76c5-49d2-81b4-45a4af1368a2:c1639]
2019-06-14 08:42:55,737 INFO  client.GrpcClientProtocolClient (GrpcClientProtocolClient.java:onNext(254)) - client-2EC808601240->374189d0-76c5-49d2-81b4-45a4af1368a2: receive RaftClientReply:client-2EC808601240->374189d0-76c5-49d2-81b4-45a4af1368a2@group-30B6692CD68C, cid=930, SUCCESS, logIndex=1641, commits[374189d0-76c5-49d2-81b4-45a4af1368a2:c1641]
2019-06-14 08:42:55,739 INFO  client.GrpcClientProtocolClient (GrpcClientProtocolClient.java:onNext(254)) - client-2EC808601240->374189d0-76c5-49d2-81b4-45a4af1368a2: receive RaftClientReply:client-2EC808601240->374189d0-76c5-49d2-81b4-45a4af1368a2@group-30B6692CD68C, cid=931, SUCCESS, logIndex=1642, commits[374189d0-76c5-49d2-81b4-45a4af1368a2:c1643]
2019-06-14 08:42:55,739 INFO  client.GrpcClientProtocolClient (GrpcClientProtocolClient.java:onNext(254)) - client-2EC808601240->374189d0-76c5-49d2-81b4-45a4af1368a2: receive RaftClientReply:client-2EC808601240->374189d0-76c5-49d2-81b4-45a4af1368a2@group-30B6692CD68C, cid=932, SUCCESS, logIndex=1643, commits[374189d0-76c5-49d2-81b4-45a4af1368a2:c1643]
2019-06-14 08:42:55,746 INFO  client.GrpcClientProtocolClient (GrpcClientProtocolClient.java:onNext(254)) - client-2EC808601240->374189d0-76c5-49d2-81b4-45a4af1368a2: receive RaftClientReply:client-2EC808601240->374189d0-76c5-49d2-81b4-45a4af1368a2@group-30B6692CD68C, cid=933, SUCCESS, logIndex=1646, commits[374189d0-76c5-49d2-81b4-45a4af1368a2:c1646]
2019-06-14 08:42:55,748 INFO  client.GrpcClientProtocolClient (GrpcClientProtocolClient.java:onNext(254)) - client-2EC808601240->374189d0-76c5-49d2-81b4-45a4af1368a2: receive RaftClientReply:client-2EC808601240->374189d0-76c5-49d2-81b4-45a4af1368a2@group-30B6692CD68C, cid=934, SUCCESS, logIndex=1648, commits[374189d0-76c5-49d2-81b4-45a4af1368a2:c1648]
2019-06-14 08:42:55,749 INFO  client.GrpcClientProtocolClient (GrpcClientProtocolClient.java:onNext(254)) - client-2EC808601240->374189d0-76c5-49d2-81b4-45a4af1368a2: receive RaftClientReply:client-2EC808601240->374189d0-76c5-49d2-81b4-45a4af1368a2@group-30B6692CD68C, cid=935, SUCCESS, logIndex=1649, commits[374189d0-76c5-49d2-81b4-45a4af1368a2:c1651]
2019-06-14 08:42:55,750 INFO  client.GrpcClientProtocolClient (GrpcClientProtocolClient.java:onNext(254)) - client-2EC808601240->374189d0-76c5-49d2-81b4-45a4af1368a2: receive RaftClientReply:client-2EC808601240->374189d0-76c5-49d2-81b4-45a4af1368a2@group-30B6692CD68C, cid=936, SUCCESS, logIndex=1650, commits[374189d0-76c5-49d2-81b4-45a4af1368a2:c1651]
2019-06-14 08:42:55,760 INFO  client.GrpcClientProtocolClient (GrpcClientProtocolClient.java:onNext(254)) - client-2EC808601240->374189d0-76c5-49d2-81b4-45a4af1368a2: receive RaftClientReply:client-2EC808601240->374189d0-76c5-49d2-81b4-45a4af1368a2@group-30B6692CD68C, cid=937, SUCCESS, logIndex=1652, commits[374189d0-76c5-49d2-81b4-45a4af1368a2:c1652]
2019-06-14 08:42:55,762 INFO  client.GrpcClientProtocolClient (GrpcClientProtocolClient.java:onNext(254)) - client-2EC808601240->374189d0-76c5-49d2-81b4-45a4af1368a2: receive RaftClientReply:client-2EC808601240->374189d0-76c5-49d2-81b4-45a4af1368a2@group-30B6692CD68C, cid=938, SUCCESS, logIndex=1654, commits[374189d0-76c5-49d2-81b4-45a4af1368a2:c1654]
2019-06-14 08:42:55,764 INFO  client.GrpcClientProtocolClient (GrpcClientProtocolClient.java:onNext(254)) - client-2EC808601240->374189d0-76c5-49d2-81b4-45a4af1368a2: receive RaftClientReply:client-2EC808601240->374189d0-76c5-49d2-81b4-45a4af1368a2@group-30B6692CD68C, cid=939, SUCCESS, logIndex=1656, commits[374189d0-76c5-49d2-81b4-45a4af1368a2:c1657]
2019-06-14 08:42:55,765 INFO  client.GrpcClientProtocolClient (GrpcClientProtocolClient.java:onNext(254)) - client-2EC808601240->374189d0-76c5-49d2-81b4-45a4af1368a2: receive RaftClientReply:client-2EC808601240->374189d0-76c5-49d2-81b4-45a4af1368a2@group-30B6692CD68C, cid=940, SUCCESS, logIndex=1657, commits[374189d0-76c5-49d2-81b4-45a4af1368a2:c1657]
2019-06-14 08:42:55,771 INFO  client.GrpcClientProtocolClient (GrpcClientProtocolClient.java:onNext(254)) - client-2EC808601240->374189d0-76c5-49d2-81b4-45a4af1368a2: receive RaftClientReply:client-2EC808601240->374189d0-76c5-49d2-81b4-45a4af1368a2@group-30B6692CD68C, cid=941, SUCCESS, logIndex=1659, commits[374189d0-76c5-49d2-81b4-45a4af1368a2:c1659]
2019-06-14 08:42:55,771 INFO  storage.RaftLogWorker (RaftLogWorker.java:rollLogSegment(303)) - 374189d0-76c5-49d2-81b4-45a4af1368a2-RaftLogWorker: Rolling segment log-1587_1660 to index:1660
2019-06-14 08:42:55,771 INFO  storage.RaftLogWorker (RaftLogWorker.java:execute(433)) - 374189d0-76c5-49d2-81b4-45a4af1368a2-RaftLogWorker: Rolled log segment from /opt/src/hadoop-ozone/integration-test/target/test-dir/MiniOzoneClusterImpl-1994f8b8-dd4d-445c-bf25-0c6d40f9b14d/datanode-0/data/ratis/99d0acb8-99ce-4814-8259-30b6692cd68c/current/log_inprogress_1587 to /opt/src/hadoop-ozone/integration-test/target/test-dir/MiniOzoneClusterImpl-1994f8b8-dd4d-445c-bf25-0c6d40f9b14d/datanode-0/data/ratis/99d0acb8-99ce-4814-8259-30b6692cd68c/current/log_1587-1660
2019-06-14 08:42:55,789 DEBUG block.SCMBlockDeletingService (SCMBlockDeletingService.java:call(138)) - Running DeletedBlockTransactionScanner
2019-06-14 08:42:55,789 DEBUG block.SCMBlockDeletingService (SCMBlockDeletingService.java:call(155)) - Scanned deleted blocks log and got 0 delTX to process.
2019-06-14 08:42:55,811 INFO  storage.RaftLogWorker (RaftLogWorker.java:execute(469)) - 374189d0-76c5-49d2-81b4-45a4af1368a2-RaftLogWorker: created new log segment /opt/src/hadoop-ozone/integration-test/target/test-dir/MiniOzoneClusterImpl-1994f8b8-dd4d-445c-bf25-0c6d40f9b14d/datanode-0/data/ratis/99d0acb8-99ce-4814-8259-30b6692cd68c/current/log_inprogress_1661
2019-06-14 08:42:55,814 INFO  client.GrpcClientProtocolClient (GrpcClientProtocolClient.java:onNext(254)) - client-2EC808601240->374189d0-76c5-49d2-81b4-45a4af1368a2: receive RaftClientReply:client-2EC808601240->374189d0-76c5-49d2-81b4-45a4af1368a2@group-30B6692CD68C, cid=942, SUCCESS, logIndex=1661, commits[374189d0-76c5-49d2-81b4-45a4af1368a2:c1661]
2019-06-14 08:42:55,816 INFO  client.GrpcClientProtocolClient (GrpcClientProtocolClient.java:onNext(254)) - client-2EC808601240->374189d0-76c5-49d2-81b4-45a4af1368a2: receive RaftClientReply:client-2EC808601240->374189d0-76c5-49d2-81b4-45a4af1368a2@group-30B6692CD68C, cid=943, SUCCESS, logIndex=1663, commits[374189d0-76c5-49d2-81b4-45a4af1368a2:c1664]
2019-06-14 08:42:55,817 INFO  client.GrpcClientProtocolClient (GrpcClientProtocolClient.java:onNext(254)) - client-2EC808601240->374189d0-76c5-49d2-81b4-45a4af1368a2: receive RaftClientReply:client-2EC808601240->374189d0-76c5-49d2-81b4-45a4af1368a2@group-30B6692CD68C, cid=944, SUCCESS, logIndex=1664, commits[374189d0-76c5-49d2-81b4-45a4af1368a2:c1665]
2019-06-14 08:42:55,827 INFO  client.GrpcClientProtocolClient (GrpcClientProtocolClient.java:onNext(254)) - client-2EC808601240->374189d0-76c5-49d2-81b4-45a4af1368a2: receive RaftClientReply:client-2EC808601240->374189d0-76c5-49d2-81b4-45a4af1368a2@group-30B6692CD68C, cid=945, SUCCESS, logIndex=1666, commits[374189d0-76c5-49d2-81b4-45a4af1368a2:c1666]
2019-06-14 08:42:55,829 INFO  client.GrpcClientProtocolClient (GrpcClientProtocolClient.java:onNext(254)) - client-2EC808601240->374189d0-76c5-49d2-81b4-45a4af1368a2: receive RaftClientReply:client-2EC808601240->374189d0-76c5-49d2-81b4-45a4af1368a2@group-30B6692CD68C, cid=946, SUCCESS, logIndex=1668, commits[374189d0-76c5-49d2-81b4-45a4af1368a2:c1668]
2019-06-14 08:42:55,830 INFO  client.GrpcClientProtocolClient (GrpcClientProtocolClient.java:onNext(254)) - client-2EC808601240->374189d0-76c5-49d2-81b4-45a4af1368a2: receive RaftClientReply:client-2EC808601240->374189d0-76c5-49d2-81b4-45a4af1368a2@group-30B6692CD68C, cid=947, SUCCESS, logIndex=1669, commits[374189d0-76c5-49d2-81b4-45a4af1368a2:c1670]
2019-06-14 08:42:55,832 INFO  client.GrpcClientProtocolClient (GrpcClientProtocolClient.java:onNext(254)) - client-2EC808601240->374189d0-76c5-49d2-81b4-45a4af1368a2: receive RaftClientReply:client-2EC808601240->374189d0-76c5-49d2-81b4-45a4af1368a2@group-30B6692CD68C, cid=948, SUCCESS, logIndex=1671, commits[374189d0-76c5-49d2-81b4-45a4af1368a2:c1671]
2019-06-14 08:42:55,839 INFO  client.GrpcClientProtocolClient (GrpcClientProtocolClient.java:onNext(254)) - client-2EC808601240->374189d0-76c5-49d2-81b4-45a4af1368a2: receive RaftClientReply:client-2EC808601240->374189d0-76c5-49d2-81b4-45a4af1368a2@group-30B6692CD68C, cid=949, SUCCESS, logIndex=1673, commits[374189d0-76c5-49d2-81b4-45a4af1368a2:c1673]
2019-06-14 08:42:55,841 INFO  client.GrpcClientProtocolClient (GrpcClientProtocolClient.java:onNext(254)) - client-2EC808601240->374189d0-76c5-49d2-81b4-45a4af1368a2: receive RaftClientReply:client-2EC808601240->374189d0-76c5-49d2-81b4-45a4af1368a2@group-30B6692CD68C, cid=950, SUCCESS, logIndex=1675, commits[374189d0-76c5-49d2-81b4-45a4af1368a2:c1675]
2019-06-14 08:42:55,842 INFO  client.GrpcClientProtocolClient (GrpcClientProtocolClient.java:onNext(254)) - client-2EC808601240->374189d0-76c5-49d2-81b4-45a4af1368a2: receive RaftClientReply:client-2EC808601240->374189d0-76c5-49d2-81b4-45a4af1368a2@group-30B6692CD68C, cid=951, SUCCESS, logIndex=1676, commits[374189d0-76c5-49d2-81b4-45a4af1368a2:c1678]
2019-06-14 08:42:55,842 INFO  client.GrpcClientProtocolClient (GrpcClientProtocolClient.java:onNext(254)) - client-2EC808601240->374189d0-76c5-49d2-81b4-45a4af1368a2: receive RaftClientReply:client-2EC808601240->374189d0-76c5-49d2-81b4-45a4af1368a2@group-30B6692CD68C, cid=952, SUCCESS, logIndex=1678, commits[374189d0-76c5-49d2-81b4-45a4af1368a2:c1678]
2019-06-14 08:42:55,852 INFO  client.GrpcClientProtocolClient (GrpcClientProtocolClient.java:onNext(254)) - client-2EC808601240->374189d0-76c5-49d2-81b4-45a4af1368a2: receive RaftClientReply:client-2EC808601240->374189d0-76c5-49d2-81b4-45a4af1368a2@group-30B6692CD68C, cid=953, SUCCESS, logIndex=1680, commits[374189d0-76c5-49d2-81b4-45a4af1368a2:c1680]
2019-06-14 08:42:55,854 INFO  client.GrpcClientProtocolClient (GrpcClientProtocolClient.java:onNext(254)) - client-2EC808601240->374189d0-76c5-49d2-81b4-45a4af1368a2: receive RaftClientReply:client-2EC808601240->374189d0-76c5-49d2-81b4-45a4af1368a2@group-30B6692CD68C, cid=954, SUCCESS, logIndex=1682, commits[374189d0-76c5-49d2-81b4-45a4af1368a2:c1682]
2019-06-14 08:42:55,856 INFO  client.GrpcClientProtocolClient (GrpcClientProtocolClient.java:onNext(254)) - client-2EC808601240->374189d0-76c5-49d2-81b4-45a4af1368a2: receive RaftClientReply:client-2EC808601240->374189d0-76c5-49d2-81b4-45a4af1368a2@group-30B6692CD68C, cid=955, SUCCESS, logIndex=1684, commits[374189d0-76c5-49d2-81b4-45a4af1368a2:c1685]
2019-06-14 08:42:55,857 INFO  client.GrpcClientProtocolClient (GrpcClientProtocolClient.java:onNext(254)) - client-2EC808601240->374189d0-76c5-49d2-81b4-45a4af1368a2: receive RaftClientReply:client-2EC808601240->374189d0-76c5-49d2-81b4-45a4af1368a2@group-30B6692CD68C, cid=956, SUCCESS, logIndex=1685, commits[374189d0-76c5-49d2-81b4-45a4af1368a2:c1685]
2019-06-14 08:42:55,863 INFO  client.GrpcClientProtocolClient (GrpcClientProtocolClient.java:onNext(254)) - client-2EC808601240->374189d0-76c5-49d2-81b4-45a4af1368a2: receive RaftClientReply:client-2EC808601240->374189d0-76c5-49d2-81b4-45a4af1368a2@group-30B6692CD68C, cid=957, SUCCESS, logIndex=1687, commits[374189d0-76c5-49d2-81b4-45a4af1368a2:c1687]
2019-06-14 08:42:55,865 INFO  client.GrpcClientProtocolClient (GrpcClientProtocolClient.java:onNext(254)) - client-2EC808601240->374189d0-76c5-49d2-81b4-45a4af1368a2: receive RaftClientReply:client-2EC808601240->374189d0-76c5-49d2-81b4-45a4af1368a2@group-30B6692CD68C, cid=958, SUCCESS, logIndex=1689, commits[374189d0-76c5-49d2-81b4-45a4af1368a2:c1689]
2019-06-14 08:42:55,866 INFO  client.GrpcClientProtocolClient (GrpcClientProtocolClient.java:onNext(254)) - client-2EC808601240->374189d0-76c5-49d2-81b4-45a4af1368a2: receive RaftClientReply:client-2EC808601240->374189d0-76c5-49d2-81b4-45a4af1368a2@group-30B6692CD68C, cid=959, SUCCESS, logIndex=1690, commits[374189d0-76c5-49d2-81b4-45a4af1368a2:c1691]
2019-06-14 08:42:55,866 INFO  client.GrpcClientProtocolClient (GrpcClientProtocolClient.java:onNext(254)) - client-2EC808601240->374189d0-76c5-49d2-81b4-45a4af1368a2: receive RaftClientReply:client-2EC808601240->374189d0-76c5-49d2-81b4-45a4af1368a2@group-30B6692CD68C, cid=960, SUCCESS, logIndex=1691, commits[374189d0-76c5-49d2-81b4-45a4af1368a2:c1691]
2019-06-14 08:42:55,876 INFO  client.GrpcClientProtocolClient (GrpcClientProtocolClient.java:onNext(254)) - client-2EC808601240->374189d0-76c5-49d2-81b4-45a4af1368a2: receive RaftClientReply:client-2EC808601240->374189d0-76c5-49d2-81b4-45a4af1368a2@group-30B6692CD68C, cid=961, SUCCESS, logIndex=1694, commits[374189d0-76c5-49d2-81b4-45a4af1368a2:c1694]
2019-06-14 08:42:55,877 INFO  client.GrpcClientProtocolClient (GrpcClientProtocolClient.java:onNext(254)) - client-2EC808601240->374189d0-76c5-49d2-81b4-45a4af1368a2: receive RaftClientReply:client-2EC808601240->374189d0-76c5-49d2-81b4-45a4af1368a2@group-30B6692CD68C, cid=962, SUCCESS, logIndex=1696, commits[374189d0-76c5-49d2-81b4-45a4af1368a2:c1696]
2019-06-14 08:42:55,880 INFO  client.GrpcClientProtocolClient (GrpcClientProtocolClient.java:onNext(254)) - client-2EC808601240->374189d0-76c5-49d2-81b4-45a4af1368a2: receive RaftClientReply:client-2EC808601240->374189d0-76c5-49d2-81b4-45a4af1368a2@group-30B6692CD68C, cid=963, SUCCESS, logIndex=1698, commits[374189d0-76c5-49d2-81b4-45a4af1368a2:c1699]
2019-06-14 08:42:55,880 INFO  client.GrpcClientProtocolClient (GrpcClientProtocolClient.java:onNext(254)) - client-2EC808601240->374189d0-76c5-49d2-81b4-45a4af1368a2: receive RaftClientReply:client-2EC808601240->374189d0-76c5-49d2-81b4-45a4af1368a2@group-30B6692CD68C, cid=964, SUCCESS, logIndex=1699, commits[374189d0-76c5-49d2-81b4-45a4af1368a2:c1699]
2019-06-14 08:42:55,887 INFO  client.GrpcClientProtocolClient (GrpcClientProtocolClient.java:onNext(254)) - client-2EC808601240->374189d0-76c5-49d2-81b4-45a4af1368a2: receive RaftClientReply:client-2EC808601240->374189d0-76c5-49d2-81b4-45a4af1368a2@group-30B6692CD68C, cid=965, SUCCESS, logIndex=1701, commits[374189d0-76c5-49d2-81b4-45a4af1368a2:c1701]
2019-06-14 08:42:55,888 INFO  client.GrpcClientProtocolClient (GrpcClientProtocolClient.java:onNext(254)) - client-2EC808601240->374189d0-76c5-49d2-81b4-45a4af1368a2: receive RaftClientReply:client-2EC808601240->374189d0-76c5-49d2-81b4-45a4af1368a2@group-30B6692CD68C, cid=966, SUCCESS, logIndex=1703, commits[374189d0-76c5-49d2-81b4-45a4af1368a2:c1703]
2019-06-14 08:42:55,889 DEBUG block.SCMBlockDeletingService (SCMBlockDeletingService.java:call(138)) - Running DeletedBlockTransactionScanner
2019-06-14 08:42:55,889 DEBUG block.SCMBlockDeletingService (SCMBlockDeletingService.java:call(155)) - Scanned deleted blocks log and got 0 delTX to process.
2019-06-14 08:42:55,890 INFO  client.GrpcClientProtocolClient (GrpcClientProtocolClient.java:onNext(254)) - client-2EC808601240->374189d0-76c5-49d2-81b4-45a4af1368a2: receive RaftClientReply:client-2EC808601240->374189d0-76c5-49d2-81b4-45a4af1368a2@group-30B6692CD68C, cid=967, SUCCESS, logIndex=1704, commits[374189d0-76c5-49d2-81b4-45a4af1368a2:c1706]
2019-06-14 08:42:55,890 INFO  client.GrpcClientProtocolClient (GrpcClientProtocolClient.java:onNext(254)) - client-2EC808601240->374189d0-76c5-49d2-81b4-45a4af1368a2: receive RaftClientReply:client-2EC808601240->374189d0-76c5-49d2-81b4-45a4af1368a2@group-30B6692CD68C, cid=968, SUCCESS, logIndex=1705, commits[374189d0-76c5-49d2-81b4-45a4af1368a2:c1706]
2019-06-14 08:42:55,901 INFO  client.GrpcClientProtocolClient (GrpcClientProtocolClient.java:onNext(254)) - client-2EC808601240->374189d0-76c5-49d2-81b4-45a4af1368a2: receive RaftClientReply:client-2EC808601240->374189d0-76c5-49d2-81b4-45a4af1368a2@group-30B6692CD68C, cid=969, SUCCESS, logIndex=1707, commits[374189d0-76c5-49d2-81b4-45a4af1368a2:c1707]
2019-06-14 08:42:55,903 INFO  client.GrpcClientProtocolClient (GrpcClientProtocolClient.java:onNext(254)) - client-2EC808601240->374189d0-76c5-49d2-81b4-45a4af1368a2: receive RaftClientReply:client-2EC808601240->374189d0-76c5-49d2-81b4-45a4af1368a2@group-30B6692CD68C, cid=970, SUCCESS, logIndex=1709, commits[374189d0-76c5-49d2-81b4-45a4af1368a2:c1709]
2019-06-14 08:42:55,904 INFO  client.GrpcClientProtocolClient (GrpcClientProtocolClient.java:onNext(254)) - client-2EC808601240->374189d0-76c5-49d2-81b4-45a4af1368a2: receive RaftClientReply:client-2EC808601240->374189d0-76c5-49d2-81b4-45a4af1368a2@group-30B6692CD68C, cid=971, SUCCESS, logIndex=1710, commits[374189d0-76c5-49d2-81b4-45a4af1368a2:c1712]
2019-06-14 08:42:55,904 INFO  client.GrpcClientProtocolClient (GrpcClientProtocolClient.java:onNext(254)) - client-2EC808601240->374189d0-76c5-49d2-81b4-45a4af1368a2: receive RaftClientReply:client-2EC808601240->374189d0-76c5-49d2-81b4-45a4af1368a2@group-30B6692CD68C, cid=972, SUCCESS, logIndex=1712, commits[374189d0-76c5-49d2-81b4-45a4af1368a2:c1713]
2019-06-14 08:42:55,990 DEBUG block.SCMBlockDeletingService (SCMBlockDeletingService.java:call(138)) - Running DeletedBlockTransactionScanner
2019-06-14 08:42:55,990 DEBUG block.SCMBlockDeletingService (SCMBlockDeletingService.java:call(155)) - Scanned deleted blocks log and got 0 delTX to process.
2019-06-14 08:42:56,020 INFO  client.GrpcClientProtocolClient (GrpcClientProtocolClient.java:onNext(254)) - client-2EC808601240->374189d0-76c5-49d2-81b4-45a4af1368a2: receive RaftClientReply:client-2EC808601240->374189d0-76c5-49d2-81b4-45a4af1368a2@group-30B6692CD68C, cid=973, SUCCESS, logIndex=1714, commits[374189d0-76c5-49d2-81b4-45a4af1368a2:c1714]
2019-06-14 08:42:56,023 INFO  client.GrpcClientProtocolClient (GrpcClientProtocolClient.java:onNext(254)) - client-2EC808601240->374189d0-76c5-49d2-81b4-45a4af1368a2: receive RaftClientReply:client-2EC808601240->374189d0-76c5-49d2-81b4-45a4af1368a2@group-30B6692CD68C, cid=974, SUCCESS, logIndex=1716, commits[374189d0-76c5-49d2-81b4-45a4af1368a2:c1716]
2019-06-14 08:42:56,024 INFO  client.GrpcClientProtocolClient (GrpcClientProtocolClient.java:onNext(254)) - client-2EC808601240->374189d0-76c5-49d2-81b4-45a4af1368a2: receive RaftClientReply:client-2EC808601240->374189d0-76c5-49d2-81b4-45a4af1368a2@group-30B6692CD68C, cid=975, SUCCESS, logIndex=1717, commits[374189d0-76c5-49d2-81b4-45a4af1368a2:c1719]
2019-06-14 08:42:56,025 INFO  client.GrpcClientProtocolClient (GrpcClientProtocolClient.java:onNext(254)) - client-2EC808601240->374189d0-76c5-49d2-81b4-45a4af1368a2: receive RaftClientReply:client-2EC808601240->374189d0-76c5-49d2-81b4-45a4af1368a2@group-30B6692CD68C, cid=976, SUCCESS, logIndex=1719, commits[374189d0-76c5-49d2-81b4-45a4af1368a2:c1719]
2019-06-14 08:42:56,035 INFO  client.GrpcClientProtocolClient (GrpcClientProtocolClient.java:onNext(254)) - client-2EC808601240->374189d0-76c5-49d2-81b4-45a4af1368a2: receive RaftClientReply:client-2EC808601240->374189d0-76c5-49d2-81b4-45a4af1368a2@group-30B6692CD68C, cid=977, SUCCESS, logIndex=1721, commits[374189d0-76c5-49d2-81b4-45a4af1368a2:c1721]
2019-06-14 08:42:56,037 INFO  client.GrpcClientProtocolClient (GrpcClientProtocolClient.java:onNext(254)) - client-2EC808601240->374189d0-76c5-49d2-81b4-45a4af1368a2: receive RaftClientReply:client-2EC808601240->374189d0-76c5-49d2-81b4-45a4af1368a2@group-30B6692CD68C, cid=978, SUCCESS, logIndex=1723, commits[374189d0-76c5-49d2-81b4-45a4af1368a2:c1723]
2019-06-14 08:42:56,038 INFO  client.GrpcClientProtocolClient (GrpcClientProtocolClient.java:onNext(254)) - client-2EC808601240->374189d0-76c5-49d2-81b4-45a4af1368a2: receive RaftClientReply:client-2EC808601240->374189d0-76c5-49d2-81b4-45a4af1368a2@group-30B6692CD68C, cid=979, SUCCESS, logIndex=1724, commits[374189d0-76c5-49d2-81b4-45a4af1368a2:c1726]
2019-06-14 08:42:56,039 INFO  client.GrpcClientProtocolClient (GrpcClientProtocolClient.java:onNext(254)) - client-2EC808601240->374189d0-76c5-49d2-81b4-45a4af1368a2: receive RaftClientReply:client-2EC808601240->374189d0-76c5-49d2-81b4-45a4af1368a2@group-30B6692CD68C, cid=980, SUCCESS, logIndex=1725, commits[374189d0-76c5-49d2-81b4-45a4af1368a2:c1726]
2019-06-14 08:42:56,046 INFO  client.GrpcClientProtocolClient (GrpcClientProtocolClient.java:onNext(254)) - client-2EC808601240->374189d0-76c5-49d2-81b4-45a4af1368a2: receive RaftClientReply:client-2EC808601240->374189d0-76c5-49d2-81b4-45a4af1368a2@group-30B6692CD68C, cid=981, SUCCESS, logIndex=1727, commits[374189d0-76c5-49d2-81b4-45a4af1368a2:c1727]
2019-06-14 08:42:56,047 INFO  storage.RaftLogWorker (RaftLogWorker.java:rollLogSegment(303)) - 374189d0-76c5-49d2-81b4-45a4af1368a2-RaftLogWorker: Rolling segment log-1661_1731 to index:1731
2019-06-14 08:42:56,048 INFO  storage.RaftLogWorker (RaftLogWorker.java:execute(433)) - 374189d0-76c5-49d2-81b4-45a4af1368a2-RaftLogWorker: Rolled log segment from /opt/src/hadoop-ozone/integration-test/target/test-dir/MiniOzoneClusterImpl-1994f8b8-dd4d-445c-bf25-0c6d40f9b14d/datanode-0/data/ratis/99d0acb8-99ce-4814-8259-30b6692cd68c/current/log_inprogress_1661 to /opt/src/hadoop-ozone/integration-test/target/test-dir/MiniOzoneClusterImpl-1994f8b8-dd4d-445c-bf25-0c6d40f9b14d/datanode-0/data/ratis/99d0acb8-99ce-4814-8259-30b6692cd68c/current/log_1661-1731
2019-06-14 08:42:56,049 INFO  client.GrpcClientProtocolClient (GrpcClientProtocolClient.java:onNext(254)) - client-2EC808601240->374189d0-76c5-49d2-81b4-45a4af1368a2: receive RaftClientReply:client-2EC808601240->374189d0-76c5-49d2-81b4-45a4af1368a2@group-30B6692CD68C, cid=982, SUCCESS, logIndex=1729, commits[374189d0-76c5-49d2-81b4-45a4af1368a2:c1729]
2019-06-14 08:42:56,049 INFO  client.GrpcClientProtocolClient (GrpcClientProtocolClient.java:onNext(254)) - client-2EC808601240->374189d0-76c5-49d2-81b4-45a4af1368a2: receive RaftClientReply:client-2EC808601240->374189d0-76c5-49d2-81b4-45a4af1368a2@group-30B6692CD68C, cid=983, SUCCESS, logIndex=1730, commits[374189d0-76c5-49d2-81b4-45a4af1368a2:c1731]
2019-06-14 08:42:56,090 DEBUG block.SCMBlockDeletingService (SCMBlockDeletingService.java:call(138)) - Running DeletedBlockTransactionScanner
2019-06-14 08:42:56,090 INFO  storage.RaftLogWorker (RaftLogWorker.java:execute(469)) - 374189d0-76c5-49d2-81b4-45a4af1368a2-RaftLogWorker: created new log segment /opt/src/hadoop-ozone/integration-test/target/test-dir/MiniOzoneClusterImpl-1994f8b8-dd4d-445c-bf25-0c6d40f9b14d/datanode-0/data/ratis/99d0acb8-99ce-4814-8259-30b6692cd68c/current/log_inprogress_1732
2019-06-14 08:42:56,091 DEBUG block.SCMBlockDeletingService (SCMBlockDeletingService.java:call(155)) - Scanned deleted blocks log and got 0 delTX to process.
2019-06-14 08:42:56,093 INFO  client.GrpcClientProtocolClient (GrpcClientProtocolClient.java:onNext(254)) - client-2EC808601240->374189d0-76c5-49d2-81b4-45a4af1368a2: receive RaftClientReply:client-2EC808601240->374189d0-76c5-49d2-81b4-45a4af1368a2@group-30B6692CD68C, cid=984, SUCCESS, logIndex=1732, commits[374189d0-76c5-49d2-81b4-45a4af1368a2:c1732]
2019-06-14 08:42:56,103 INFO  client.GrpcClientProtocolClient (GrpcClientProtocolClient.java:onNext(254)) - client-2EC808601240->374189d0-76c5-49d2-81b4-45a4af1368a2: receive RaftClientReply:client-2EC808601240->374189d0-76c5-49d2-81b4-45a4af1368a2@group-30B6692CD68C, cid=985, SUCCESS, logIndex=1734, commits[374189d0-76c5-49d2-81b4-45a4af1368a2:c1734]
2019-06-14 08:42:56,106 INFO  client.GrpcClientProtocolClient (GrpcClientProtocolClient.java:onNext(254)) - client-2EC808601240->374189d0-76c5-49d2-81b4-45a4af1368a2: receive RaftClientReply:client-2EC808601240->374189d0-76c5-49d2-81b4-45a4af1368a2@group-30B6692CD68C, cid=986, SUCCESS, logIndex=1736, commits[374189d0-76c5-49d2-81b4-45a4af1368a2:c1738]
2019-06-14 08:42:56,106 INFO  client.GrpcClientProtocolClient (GrpcClientProtocolClient.java:onNext(254)) - client-2EC808601240->374189d0-76c5-49d2-81b4-45a4af1368a2: receive RaftClientReply:client-2EC808601240->374189d0-76c5-49d2-81b4-45a4af1368a2@group-30B6692CD68C, cid=987, SUCCESS, logIndex=1737, commits[374189d0-76c5-49d2-81b4-45a4af1368a2:c1738]
2019-06-14 08:42:56,106 INFO  client.GrpcClientProtocolClient (GrpcClientProtocolClient.java:onNext(254)) - client-2EC808601240->374189d0-76c5-49d2-81b4-45a4af1368a2: receive RaftClientReply:client-2EC808601240->374189d0-76c5-49d2-81b4-45a4af1368a2@group-30B6692CD68C, cid=988, SUCCESS, logIndex=1738, commits[374189d0-76c5-49d2-81b4-45a4af1368a2:c1739]
2019-06-14 08:42:56,112 INFO  client.GrpcClientProtocolClient (GrpcClientProtocolClient.java:onNext(254)) - client-2EC808601240->374189d0-76c5-49d2-81b4-45a4af1368a2: receive RaftClientReply:client-2EC808601240->374189d0-76c5-49d2-81b4-45a4af1368a2@group-30B6692CD68C, cid=989, SUCCESS, logIndex=1740, commits[374189d0-76c5-49d2-81b4-45a4af1368a2:c1740]
2019-06-14 08:42:56,116 INFO  client.GrpcClientProtocolClient (GrpcClientProtocolClient.java:onNext(254)) - client-2EC808601240->374189d0-76c5-49d2-81b4-45a4af1368a2: receive RaftClientReply:client-2EC808601240->374189d0-76c5-49d2-81b4-45a4af1368a2@group-30B6692CD68C, cid=990, SUCCESS, logIndex=1742, commits[374189d0-76c5-49d2-81b4-45a4af1368a2:c1742]
2019-06-14 08:42:56,117 INFO  client.GrpcClientProtocolClient (GrpcClientProtocolClient.java:onNext(254)) - client-2EC808601240->374189d0-76c5-49d2-81b4-45a4af1368a2: receive RaftClientReply:client-2EC808601240->374189d0-76c5-49d2-81b4-45a4af1368a2@group-30B6692CD68C, cid=991, SUCCESS, logIndex=1743, commits[374189d0-76c5-49d2-81b4-45a4af1368a2:c1746]
2019-06-14 08:42:56,117 INFO  client.GrpcClientProtocolClient (GrpcClientProtocolClient.java:onNext(254)) - client-2EC808601240->374189d0-76c5-49d2-81b4-45a4af1368a2: receive RaftClientReply:client-2EC808601240->374189d0-76c5-49d2-81b4-45a4af1368a2@group-30B6692CD68C, cid=992, SUCCESS, logIndex=1744, commits[374189d0-76c5-49d2-81b4-45a4af1368a2:c1746]
2019-06-14 08:42:56,127 INFO  client.GrpcClientProtocolClient (GrpcClientProtocolClient.java:onNext(254)) - client-2EC808601240->374189d0-76c5-49d2-81b4-45a4af1368a2: receive RaftClientReply:client-2EC808601240->374189d0-76c5-49d2-81b4-45a4af1368a2@group-30B6692CD68C, cid=993, SUCCESS, logIndex=1747, commits[374189d0-76c5-49d2-81b4-45a4af1368a2:c1747]
2019-06-14 08:42:56,129 INFO  client.GrpcClientProtocolClient (GrpcClientProtocolClient.java:onNext(254)) - client-2EC808601240->374189d0-76c5-49d2-81b4-45a4af1368a2: receive RaftClientReply:client-2EC808601240->374189d0-76c5-49d2-81b4-45a4af1368a2@group-30B6692CD68C, cid=994, SUCCESS, logIndex=1749, commits[374189d0-76c5-49d2-81b4-45a4af1368a2:c1749]
2019-06-14 08:42:56,129 INFO  client.GrpcClientProtocolClient (GrpcClientProtocolClient.java:onNext(254)) - client-2EC808601240->374189d0-76c5-49d2-81b4-45a4af1368a2: receive RaftClientReply:client-2EC808601240->374189d0-76c5-49d2-81b4-45a4af1368a2@group-30B6692CD68C, cid=995, SUCCESS, logIndex=1750, commits[374189d0-76c5-49d2-81b4-45a4af1368a2:c1752]
2019-06-14 08:42:56,130 INFO  client.GrpcClientProtocolClient (GrpcClientProtocolClient.java:onNext(254)) - client-2EC808601240->374189d0-76c5-49d2-81b4-45a4af1368a2: receive RaftClientReply:client-2EC808601240->374189d0-76c5-49d2-81b4-45a4af1368a2@group-30B6692CD68C, cid=996, SUCCESS, logIndex=1751, commits[374189d0-76c5-49d2-81b4-45a4af1368a2:c1752]
2019-06-14 08:42:56,135 INFO  client.GrpcClientProtocolClient (GrpcClientProtocolClient.java:onNext(254)) - client-2EC808601240->374189d0-76c5-49d2-81b4-45a4af1368a2: receive RaftClientReply:client-2EC808601240->374189d0-76c5-49d2-81b4-45a4af1368a2@group-30B6692CD68C, cid=997, SUCCESS, logIndex=1753, commits[374189d0-76c5-49d2-81b4-45a4af1368a2:c1753]
2019-06-14 08:42:56,137 INFO  client.GrpcClientProtocolClient (GrpcClientProtocolClient.java:onNext(254)) - client-2EC808601240->374189d0-76c5-49d2-81b4-45a4af1368a2: receive RaftClientReply:client-2EC808601240->374189d0-76c5-49d2-81b4-45a4af1368a2@group-30B6692CD68C, cid=998, SUCCESS, logIndex=1755, commits[374189d0-76c5-49d2-81b4-45a4af1368a2:c1755]
2019-06-14 08:42:56,139 INFO  client.GrpcClientProtocolClient (GrpcClientProtocolClient.java:onNext(254)) - client-2EC808601240->374189d0-76c5-49d2-81b4-45a4af1368a2: receive RaftClientReply:client-2EC808601240->374189d0-76c5-49d2-81b4-45a4af1368a2@group-30B6692CD68C, cid=999, SUCCESS, logIndex=1756, commits[374189d0-76c5-49d2-81b4-45a4af1368a2:c1758]
2019-06-14 08:42:56,139 INFO  client.GrpcClientProtocolClient (GrpcClientProtocolClient.java:onNext(254)) - client-2EC808601240->374189d0-76c5-49d2-81b4-45a4af1368a2: receive RaftClientReply:client-2EC808601240->374189d0-76c5-49d2-81b4-45a4af1368a2@group-30B6692CD68C, cid=1000, SUCCESS, logIndex=1758, commits[374189d0-76c5-49d2-81b4-45a4af1368a2:c1758]
2019-06-14 08:42:56,149 INFO  client.GrpcClientProtocolClient (GrpcClientProtocolClient.java:onNext(254)) - client-2EC808601240->374189d0-76c5-49d2-81b4-45a4af1368a2: receive RaftClientReply:client-2EC808601240->374189d0-76c5-49d2-81b4-45a4af1368a2@group-30B6692CD68C, cid=1001, SUCCESS, logIndex=1760, commits[374189d0-76c5-49d2-81b4-45a4af1368a2:c1760]
2019-06-14 08:42:56,150 INFO  client.GrpcClientProtocolClient (GrpcClientProtocolClient.java:onNext(254)) - client-2EC808601240->374189d0-76c5-49d2-81b4-45a4af1368a2: receive RaftClientReply:client-2EC808601240->374189d0-76c5-49d2-81b4-45a4af1368a2@group-30B6692CD68C, cid=1002, SUCCESS, logIndex=1762, commits[374189d0-76c5-49d2-81b4-45a4af1368a2:c1762]
2019-06-14 08:42:56,152 INFO  client.GrpcClientProtocolClient (GrpcClientProtocolClient.java:onNext(254)) - client-2EC808601240->374189d0-76c5-49d2-81b4-45a4af1368a2: receive RaftClientReply:client-2EC808601240->374189d0-76c5-49d2-81b4-45a4af1368a2@group-30B6692CD68C, cid=1003, SUCCESS, logIndex=1764, commits[374189d0-76c5-49d2-81b4-45a4af1368a2:c1765]
2019-06-14 08:42:56,153 INFO  client.GrpcClientProtocolClient (GrpcClientProtocolClient.java:onNext(254)) - client-2EC808601240->374189d0-76c5-49d2-81b4-45a4af1368a2: receive RaftClientReply:client-2EC808601240->374189d0-76c5-49d2-81b4-45a4af1368a2@group-30B6692CD68C, cid=1004, SUCCESS, logIndex=1765, commits[374189d0-76c5-49d2-81b4-45a4af1368a2:c1765]
2019-06-14 08:42:56,159 INFO  client.GrpcClientProtocolClient (GrpcClientProtocolClient.java:onNext(254)) - client-2EC808601240->374189d0-76c5-49d2-81b4-45a4af1368a2: receive RaftClientReply:client-2EC808601240->374189d0-76c5-49d2-81b4-45a4af1368a2@group-30B6692CD68C, cid=1005, SUCCESS, logIndex=1767, commits[374189d0-76c5-49d2-81b4-45a4af1368a2:c1768]
2019-06-14 08:42:56,161 INFO  client.GrpcClientProtocolClient (GrpcClientProtocolClient.java:onNext(254)) - client-2EC808601240->374189d0-76c5-49d2-81b4-45a4af1368a2: receive RaftClientReply:client-2EC808601240->374189d0-76c5-49d2-81b4-45a4af1368a2@group-30B6692CD68C, cid=1006, SUCCESS, logIndex=1769, commits[374189d0-76c5-49d2-81b4-45a4af1368a2:c1769]
2019-06-14 08:42:56,162 INFO  client.GrpcClientProtocolClient (GrpcClientProtocolClient.java:onNext(254)) - client-2EC808601240->374189d0-76c5-49d2-81b4-45a4af1368a2: receive RaftClientReply:client-2EC808601240->374189d0-76c5-49d2-81b4-45a4af1368a2@group-30B6692CD68C, cid=1007, SUCCESS, logIndex=1770, commits[374189d0-76c5-49d2-81b4-45a4af1368a2:c1772]
2019-06-14 08:42:56,162 INFO  client.GrpcClientProtocolClient (GrpcClientProtocolClient.java:onNext(254)) - client-2EC808601240->374189d0-76c5-49d2-81b4-45a4af1368a2: receive RaftClientReply:client-2EC808601240->374189d0-76c5-49d2-81b4-45a4af1368a2@group-30B6692CD68C, cid=1008, SUCCESS, logIndex=1771, commits[374189d0-76c5-49d2-81b4-45a4af1368a2:c1772]
2019-06-14 08:42:56,171 INFO  client.GrpcClientProtocolClient (GrpcClientProtocolClient.java:onNext(254)) - client-2EC808601240->374189d0-76c5-49d2-81b4-45a4af1368a2: receive RaftClientReply:client-2EC808601240->374189d0-76c5-49d2-81b4-45a4af1368a2@group-30B6692CD68C, cid=1009, SUCCESS, logIndex=1773, commits[374189d0-76c5-49d2-81b4-45a4af1368a2:c1773]
2019-06-14 08:42:56,172 INFO  client.GrpcClientProtocolClient (GrpcClientProtocolClient.java:onNext(254)) - client-2EC808601240->374189d0-76c5-49d2-81b4-45a4af1368a2: receive RaftClientReply:client-2EC808601240->374189d0-76c5-49d2-81b4-45a4af1368a2@group-30B6692CD68C, cid=1010, SUCCESS, logIndex=1775, commits[374189d0-76c5-49d2-81b4-45a4af1368a2:c1775]
2019-06-14 08:42:56,174 INFO  client.GrpcClientProtocolClient (GrpcClientProtocolClient.java:onNext(254)) - client-2EC808601240->374189d0-76c5-49d2-81b4-45a4af1368a2: receive RaftClientReply:client-2EC808601240->374189d0-76c5-49d2-81b4-45a4af1368a2@group-30B6692CD68C, cid=1011, SUCCESS, logIndex=1777, commits[374189d0-76c5-49d2-81b4-45a4af1368a2:c1778]
2019-06-14 08:42:56,175 INFO  client.GrpcClientProtocolClient (GrpcClientProtocolClient.java:onNext(254)) - client-2EC808601240->374189d0-76c5-49d2-81b4-45a4af1368a2: receive RaftClientReply:client-2EC808601240->374189d0-76c5-49d2-81b4-45a4af1368a2@group-30B6692CD68C, cid=1012, SUCCESS, logIndex=1778, commits[374189d0-76c5-49d2-81b4-45a4af1368a2:c1778]
2019-06-14 08:42:56,181 INFO  client.GrpcClientProtocolClient (GrpcClientProtocolClient.java:onNext(254)) - client-2EC808601240->374189d0-76c5-49d2-81b4-45a4af1368a2: receive RaftClientReply:client-2EC808601240->374189d0-76c5-49d2-81b4-45a4af1368a2@group-30B6692CD68C, cid=1013, SUCCESS, logIndex=1780, commits[374189d0-76c5-49d2-81b4-45a4af1368a2:c1780]
2019-06-14 08:42:56,183 INFO  client.GrpcClientProtocolClient (GrpcClientProtocolClient.java:onNext(254)) - client-2EC808601240->374189d0-76c5-49d2-81b4-45a4af1368a2: receive RaftClientReply:client-2EC808601240->374189d0-76c5-49d2-81b4-45a4af1368a2@group-30B6692CD68C, cid=1014, SUCCESS, logIndex=1782, commits[374189d0-76c5-49d2-81b4-45a4af1368a2:c1782]
2019-06-14 08:42:56,183 INFO  client.GrpcClientProtocolClient (GrpcClientProtocolClient.java:onNext(254)) - client-2EC808601240->374189d0-76c5-49d2-81b4-45a4af1368a2: receive RaftClientReply:client-2EC808601240->374189d0-76c5-49d2-81b4-45a4af1368a2@group-30B6692CD68C, cid=1015, SUCCESS, logIndex=1783, commits[374189d0-76c5-49d2-81b4-45a4af1368a2:c1784]
2019-06-14 08:42:56,184 INFO  client.GrpcClientProtocolClient (GrpcClientProtocolClient.java:onNext(254)) - client-2EC808601240->374189d0-76c5-49d2-81b4-45a4af1368a2: receive RaftClientReply:client-2EC808601240->374189d0-76c5-49d2-81b4-45a4af1368a2@group-30B6692CD68C, cid=1016, SUCCESS, logIndex=1784, commits[374189d0-76c5-49d2-81b4-45a4af1368a2:c1784]
2019-06-14 08:42:56,191 DEBUG block.SCMBlockDeletingService (SCMBlockDeletingService.java:call(138)) - Running DeletedBlockTransactionScanner
2019-06-14 08:42:56,191 DEBUG block.SCMBlockDeletingService (SCMBlockDeletingService.java:call(155)) - Scanned deleted blocks log and got 0 delTX to process.
2019-06-14 08:42:56,268 INFO  client.GrpcClientProtocolClient (GrpcClientProtocolClient.java:onNext(254)) - client-2EC808601240->374189d0-76c5-49d2-81b4-45a4af1368a2: receive RaftClientReply:client-2EC808601240->374189d0-76c5-49d2-81b4-45a4af1368a2@group-30B6692CD68C, cid=1017, SUCCESS, logIndex=1787, commits[374189d0-76c5-49d2-81b4-45a4af1368a2:c1787]
2019-06-14 08:42:56,272 INFO  client.GrpcClientProtocolClient (GrpcClientProtocolClient.java:onNext(254)) - client-2EC808601240->374189d0-76c5-49d2-81b4-45a4af1368a2: receive RaftClientReply:client-2EC808601240->374189d0-76c5-49d2-81b4-45a4af1368a2@group-30B6692CD68C, cid=1018, SUCCESS, logIndex=1789, commits[374189d0-76c5-49d2-81b4-45a4af1368a2:c1789]
2019-06-14 08:42:56,273 INFO  client.GrpcClientProtocolClient (GrpcClientProtocolClient.java:onNext(254)) - client-2EC808601240->374189d0-76c5-49d2-81b4-45a4af1368a2: receive RaftClientReply:client-2EC808601240->374189d0-76c5-49d2-81b4-45a4af1368a2@group-30B6692CD68C, cid=1019, SUCCESS, logIndex=1790, commits[374189d0-76c5-49d2-81b4-45a4af1368a2:c1792]
2019-06-14 08:42:56,273 INFO  client.GrpcClientProtocolClient (GrpcClientProtocolClient.java:onNext(254)) - client-2EC808601240->374189d0-76c5-49d2-81b4-45a4af1368a2: receive RaftClientReply:client-2EC808601240->374189d0-76c5-49d2-81b4-45a4af1368a2@group-30B6692CD68C, cid=1020, SUCCESS, logIndex=1792, commits[374189d0-76c5-49d2-81b4-45a4af1368a2:c1793]
2019-06-14 08:42:56,283 INFO  client.GrpcClientProtocolClient (GrpcClientProtocolClient.java:onNext(254)) - client-2EC808601240->374189d0-76c5-49d2-81b4-45a4af1368a2: receive RaftClientReply:client-2EC808601240->374189d0-76c5-49d2-81b4-45a4af1368a2@group-30B6692CD68C, cid=1021, SUCCESS, logIndex=1794, commits[374189d0-76c5-49d2-81b4-45a4af1368a2:c1794]
2019-06-14 08:42:56,284 INFO  client.GrpcClientProtocolClient (GrpcClientProtocolClient.java:onNext(254)) - client-2EC808601240->374189d0-76c5-49d2-81b4-45a4af1368a2: receive RaftClientReply:client-2EC808601240->374189d0-76c5-49d2-81b4-45a4af1368a2@group-30B6692CD68C, cid=1022, SUCCESS, logIndex=1796, commits[374189d0-76c5-49d2-81b4-45a4af1368a2:c1796]
2019-06-14 08:42:56,290 INFO  client.GrpcClientProtocolClient (GrpcClientProtocolClient.java:onNext(254)) - client-2EC808601240->374189d0-76c5-49d2-81b4-45a4af1368a2: receive RaftClientReply:client-2EC808601240->374189d0-76c5-49d2-81b4-45a4af1368a2@group-30B6692CD68C, cid=1023, SUCCESS, logIndex=1798, commits[374189d0-76c5-49d2-81b4-45a4af1368a2:c1799]
2019-06-14 08:42:56,291 INFO  client.GrpcClientProtocolClient (GrpcClientProtocolClient.java:onNext(254)) - client-2EC808601240->374189d0-76c5-49d2-81b4-45a4af1368a2: receive RaftClientReply:client-2EC808601240->374189d0-76c5-49d2-81b4-45a4af1368a2@group-30B6692CD68C, cid=1024, SUCCESS, logIndex=1799, commits[374189d0-76c5-49d2-81b4-45a4af1368a2:c1800]
2019-06-14 08:42:56,292 DEBUG block.SCMBlockDeletingService (SCMBlockDeletingService.java:call(138)) - Running DeletedBlockTransactionScanner
2019-06-14 08:42:56,292 DEBUG block.SCMBlockDeletingService (SCMBlockDeletingService.java:call(155)) - Scanned deleted blocks log and got 0 delTX to process.
2019-06-14 08:42:56,303 INFO  client.GrpcClientProtocolClient (GrpcClientProtocolClient.java:onNext(254)) - client-2EC808601240->374189d0-76c5-49d2-81b4-45a4af1368a2: receive RaftClientReply:client-2EC808601240->374189d0-76c5-49d2-81b4-45a4af1368a2@group-30B6692CD68C, cid=1025, SUCCESS, logIndex=1801, commits[374189d0-76c5-49d2-81b4-45a4af1368a2:c1801]
2019-06-14 08:42:56,305 INFO  client.GrpcClientProtocolClient (GrpcClientProtocolClient.java:onNext(254)) - client-2EC808601240->374189d0-76c5-49d2-81b4-45a4af1368a2: receive RaftClientReply:client-2EC808601240->374189d0-76c5-49d2-81b4-45a4af1368a2@group-30B6692CD68C, cid=1026, SUCCESS, logIndex=1803, commits[374189d0-76c5-49d2-81b4-45a4af1368a2:c1803]
2019-06-14 08:42:56,305 INFO  storage.RaftLogWorker (RaftLogWorker.java:rollLogSegment(303)) - 374189d0-76c5-49d2-81b4-45a4af1368a2-RaftLogWorker: Rolling segment log-1732_1804 to index:1804
2019-06-14 08:42:56,305 INFO  storage.RaftLogWorker (RaftLogWorker.java:execute(433)) - 374189d0-76c5-49d2-81b4-45a4af1368a2-RaftLogWorker: Rolled log segment from /opt/src/hadoop-ozone/integration-test/target/test-dir/MiniOzoneClusterImpl-1994f8b8-dd4d-445c-bf25-0c6d40f9b14d/datanode-0/data/ratis/99d0acb8-99ce-4814-8259-30b6692cd68c/current/log_inprogress_1732 to /opt/src/hadoop-ozone/integration-test/target/test-dir/MiniOzoneClusterImpl-1994f8b8-dd4d-445c-bf25-0c6d40f9b14d/datanode-0/data/ratis/99d0acb8-99ce-4814-8259-30b6692cd68c/current/log_1732-1804
2019-06-14 08:42:56,342 INFO  storage.RaftLogWorker (RaftLogWorker.java:execute(469)) - 374189d0-76c5-49d2-81b4-45a4af1368a2-RaftLogWorker: created new log segment /opt/src/hadoop-ozone/integration-test/target/test-dir/MiniOzoneClusterImpl-1994f8b8-dd4d-445c-bf25-0c6d40f9b14d/datanode-0/data/ratis/99d0acb8-99ce-4814-8259-30b6692cd68c/current/log_inprogress_1805
2019-06-14 08:42:56,344 INFO  client.GrpcClientProtocolClient (GrpcClientProtocolClient.java:onNext(254)) - client-2EC808601240->374189d0-76c5-49d2-81b4-45a4af1368a2: receive RaftClientReply:client-2EC808601240->374189d0-76c5-49d2-81b4-45a4af1368a2@group-30B6692CD68C, cid=1027, SUCCESS, logIndex=1805, commits[374189d0-76c5-49d2-81b4-45a4af1368a2:c1806]
2019-06-14 08:42:56,345 INFO  client.GrpcClientProtocolClient (GrpcClientProtocolClient.java:onNext(254)) - client-2EC808601240->374189d0-76c5-49d2-81b4-45a4af1368a2: receive RaftClientReply:client-2EC808601240->374189d0-76c5-49d2-81b4-45a4af1368a2@group-30B6692CD68C, cid=1028, SUCCESS, logIndex=1806, commits[374189d0-76c5-49d2-81b4-45a4af1368a2:c1807]
2019-06-14 08:42:56,352 INFO  client.GrpcClientProtocolClient (GrpcClientProtocolClient.java:onNext(254)) - client-2EC808601240->374189d0-76c5-49d2-81b4-45a4af1368a2: receive RaftClientReply:client-2EC808601240->374189d0-76c5-49d2-81b4-45a4af1368a2@group-30B6692CD68C, cid=1029, SUCCESS, logIndex=1808, commits[374189d0-76c5-49d2-81b4-45a4af1368a2:c1808]
2019-06-14 08:42:56,354 INFO  client.GrpcClientProtocolClient (GrpcClientProtocolClient.java:onNext(254)) - client-2EC808601240->374189d0-76c5-49d2-81b4-45a4af1368a2: receive RaftClientReply:client-2EC808601240->374189d0-76c5-49d2-81b4-45a4af1368a2@group-30B6692CD68C, cid=1030, SUCCESS, logIndex=1810, commits[374189d0-76c5-49d2-81b4-45a4af1368a2:c1810]
2019-06-14 08:42:56,355 INFO  client.GrpcClientProtocolClient (GrpcClientProtocolClient.java:onNext(254)) - client-2EC808601240->374189d0-76c5-49d2-81b4-45a4af1368a2: receive RaftClientReply:client-2EC808601240->374189d0-76c5-49d2-81b4-45a4af1368a2@group-30B6692CD68C, cid=1031, SUCCESS, logIndex=1811, commits[374189d0-76c5-49d2-81b4-45a4af1368a2:c1813]
2019-06-14 08:42:56,356 INFO  client.GrpcClientProtocolClient (GrpcClientProtocolClient.java:onNext(254)) - client-2EC808601240->374189d0-76c5-49d2-81b4-45a4af1368a2: receive RaftClientReply:client-2EC808601240->374189d0-76c5-49d2-81b4-45a4af1368a2@group-30B6692CD68C, cid=1032, SUCCESS, logIndex=1813, commits[374189d0-76c5-49d2-81b4-45a4af1368a2:c1813]
2019-06-14 08:42:56,373 INFO  client.GrpcClientProtocolClient (GrpcClientProtocolClient.java:onNext(254)) - client-2EC808601240->374189d0-76c5-49d2-81b4-45a4af1368a2: receive RaftClientReply:client-2EC808601240->374189d0-76c5-49d2-81b4-45a4af1368a2@group-30B6692CD68C, cid=1033, SUCCESS, logIndex=1815, commits[374189d0-76c5-49d2-81b4-45a4af1368a2:c1815]
2019-06-14 08:42:56,375 INFO  client.GrpcClientProtocolClient (GrpcClientProtocolClient.java:onNext(254)) - client-2EC808601240->374189d0-76c5-49d2-81b4-45a4af1368a2: receive RaftClientReply:client-2EC808601240->374189d0-76c5-49d2-81b4-45a4af1368a2@group-30B6692CD68C, cid=1034, SUCCESS, logIndex=1817, commits[374189d0-76c5-49d2-81b4-45a4af1368a2:c1817]
2019-06-14 08:42:56,376 INFO  client.GrpcClientProtocolClient (GrpcClientProtocolClient.java:onNext(254)) - client-2EC808601240->374189d0-76c5-49d2-81b4-45a4af1368a2: receive RaftClientReply:client-2EC808601240->374189d0-76c5-49d2-81b4-45a4af1368a2@group-30B6692CD68C, cid=1035, SUCCESS, logIndex=1818, commits[374189d0-76c5-49d2-81b4-45a4af1368a2:c1820]
2019-06-14 08:42:56,377 INFO  client.GrpcClientProtocolClient (GrpcClientProtocolClient.java:onNext(254)) - client-2EC808601240->374189d0-76c5-49d2-81b4-45a4af1368a2: receive RaftClientReply:client-2EC808601240->374189d0-76c5-49d2-81b4-45a4af1368a2@group-30B6692CD68C, cid=1036, SUCCESS, logIndex=1819, commits[374189d0-76c5-49d2-81b4-45a4af1368a2:c1820]
2019-06-14 08:42:56,382 INFO  client.GrpcClientProtocolClient (GrpcClientProtocolClient.java:onNext(254)) - client-2EC808601240->374189d0-76c5-49d2-81b4-45a4af1368a2: receive RaftClientReply:client-2EC808601240->374189d0-76c5-49d2-81b4-45a4af1368a2@group-30B6692CD68C, cid=1037, SUCCESS, logIndex=1821, commits[374189d0-76c5-49d2-81b4-45a4af1368a2:c1821]
2019-06-14 08:42:56,383 INFO  client.GrpcClientProtocolClient (GrpcClientProtocolClient.java:onNext(254)) - client-2EC808601240->374189d0-76c5-49d2-81b4-45a4af1368a2: receive RaftClientReply:client-2EC808601240->374189d0-76c5-49d2-81b4-45a4af1368a2@group-30B6692CD68C, cid=1038, SUCCESS, logIndex=1823, commits[374189d0-76c5-49d2-81b4-45a4af1368a2:c1823]
2019-06-14 08:42:56,384 INFO  client.GrpcClientProtocolClient (GrpcClientProtocolClient.java:onNext(254)) - client-2EC808601240->374189d0-76c5-49d2-81b4-45a4af1368a2: receive RaftClientReply:client-2EC808601240->374189d0-76c5-49d2-81b4-45a4af1368a2@group-30B6692CD68C, cid=1039, SUCCESS, logIndex=1824, commits[374189d0-76c5-49d2-81b4-45a4af1368a2:c1826]
2019-06-14 08:42:56,385 INFO  client.GrpcClientProtocolClient (GrpcClientProtocolClient.java:onNext(254)) - client-2EC808601240->374189d0-76c5-49d2-81b4-45a4af1368a2: receive RaftClientReply:client-2EC808601240->374189d0-76c5-49d2-81b4-45a4af1368a2@group-30B6692CD68C, cid=1040, SUCCESS, logIndex=1825, commits[374189d0-76c5-49d2-81b4-45a4af1368a2:c1826]
2019-06-14 08:42:56,393 DEBUG block.SCMBlockDeletingService (SCMBlockDeletingService.java:call(138)) - Running DeletedBlockTransactionScanner
2019-06-14 08:42:56,393 DEBUG block.SCMBlockDeletingService (SCMBlockDeletingService.java:call(155)) - Scanned deleted blocks log and got 0 delTX to process.
2019-06-14 08:42:56,394 INFO  client.GrpcClientProtocolClient (GrpcClientProtocolClient.java:onNext(254)) - client-2EC808601240->374189d0-76c5-49d2-81b4-45a4af1368a2: receive RaftClientReply:client-2EC808601240->374189d0-76c5-49d2-81b4-45a4af1368a2@group-30B6692CD68C, cid=1041, SUCCESS, logIndex=1827, commits[374189d0-76c5-49d2-81b4-45a4af1368a2:c1827]
2019-06-14 08:42:56,395 INFO  client.GrpcClientProtocolClient (GrpcClientProtocolClient.java:onNext(254)) - client-2EC808601240->374189d0-76c5-49d2-81b4-45a4af1368a2: receive RaftClientReply:client-2EC808601240->374189d0-76c5-49d2-81b4-45a4af1368a2@group-30B6692CD68C, cid=1042, SUCCESS, logIndex=1829, commits[374189d0-76c5-49d2-81b4-45a4af1368a2:c1829]
2019-06-14 08:42:56,398 INFO  client.GrpcClientProtocolClient (GrpcClientProtocolClient.java:onNext(254)) - client-2EC808601240->374189d0-76c5-49d2-81b4-45a4af1368a2: receive RaftClientReply:client-2EC808601240->374189d0-76c5-49d2-81b4-45a4af1368a2@group-30B6692CD68C, cid=1043, SUCCESS, logIndex=1831, commits[374189d0-76c5-49d2-81b4-45a4af1368a2:c1832]
2019-06-14 08:42:56,398 INFO  client.GrpcClientProtocolClient (GrpcClientProtocolClient.java:onNext(254)) - client-2EC808601240->374189d0-76c5-49d2-81b4-45a4af1368a2: receive RaftClientReply:client-2EC808601240->374189d0-76c5-49d2-81b4-45a4af1368a2@group-30B6692CD68C, cid=1044, SUCCESS, logIndex=1832, commits[374189d0-76c5-49d2-81b4-45a4af1368a2:c1832]
2019-06-14 08:42:56,445 INFO  client.GrpcClientProtocolClient (GrpcClientProtocolClient.java:onNext(254)) - client-2EC808601240->374189d0-76c5-49d2-81b4-45a4af1368a2: receive RaftClientReply:client-2EC808601240->374189d0-76c5-49d2-81b4-45a4af1368a2@group-30B6692CD68C, cid=1045, SUCCESS, logIndex=1834, commits[374189d0-76c5-49d2-81b4-45a4af1368a2:c1834]
2019-06-14 08:42:56,447 INFO  client.GrpcClientProtocolClient (GrpcClientProtocolClient.java:onNext(254)) - client-2EC808601240->374189d0-76c5-49d2-81b4-45a4af1368a2: receive RaftClientReply:client-2EC808601240->374189d0-76c5-49d2-81b4-45a4af1368a2@group-30B6692CD68C, cid=1046, SUCCESS, logIndex=1836, commits[374189d0-76c5-49d2-81b4-45a4af1368a2:c1836]
2019-06-14 08:42:56,448 INFO  client.GrpcClientProtocolClient (GrpcClientProtocolClient.java:onNext(254)) - client-2EC808601240->374189d0-76c5-49d2-81b4-45a4af1368a2: receive RaftClientReply:client-2EC808601240->374189d0-76c5-49d2-81b4-45a4af1368a2@group-30B6692CD68C, cid=1047, SUCCESS, logIndex=1837, commits[374189d0-76c5-49d2-81b4-45a4af1368a2:c1839]
2019-06-14 08:42:56,449 INFO  client.GrpcClientProtocolClient (GrpcClientProtocolClient.java:onNext(254)) - client-2EC808601240->374189d0-76c5-49d2-81b4-45a4af1368a2: receive RaftClientReply:client-2EC808601240->374189d0-76c5-49d2-81b4-45a4af1368a2@group-30B6692CD68C, cid=1048, SUCCESS, logIndex=1839, commits[374189d0-76c5-49d2-81b4-45a4af1368a2:c1840]
2019-06-14 08:42:56,460 INFO  client.GrpcClientProtocolClient (GrpcClientProtocolClient.java:onNext(254)) - client-2EC808601240->374189d0-76c5-49d2-81b4-45a4af1368a2: receive RaftClientReply:client-2EC808601240->374189d0-76c5-49d2-81b4-45a4af1368a2@group-30B6692CD68C, cid=1049, SUCCESS, logIndex=1841, commits[374189d0-76c5-49d2-81b4-45a4af1368a2:c1841]
2019-06-14 08:42:56,461 INFO  client.GrpcClientProtocolClient (GrpcClientProtocolClient.java:onNext(254)) - client-2EC808601240->374189d0-76c5-49d2-81b4-45a4af1368a2: receive RaftClientReply:client-2EC808601240->374189d0-76c5-49d2-81b4-45a4af1368a2@group-30B6692CD68C, cid=1050, SUCCESS, logIndex=1843, commits[374189d0-76c5-49d2-81b4-45a4af1368a2:c1843]
2019-06-14 08:42:56,464 INFO  client.GrpcClientProtocolClient (GrpcClientProtocolClient.java:onNext(254)) - client-2EC808601240->374189d0-76c5-49d2-81b4-45a4af1368a2: receive RaftClientReply:client-2EC808601240->374189d0-76c5-49d2-81b4-45a4af1368a2@group-30B6692CD68C, cid=1051, SUCCESS, logIndex=1845, commits[374189d0-76c5-49d2-81b4-45a4af1368a2:c1846]
2019-06-14 08:42:56,464 INFO  client.GrpcClientProtocolClient (GrpcClientProtocolClient.java:onNext(254)) - client-2EC808601240->374189d0-76c5-49d2-81b4-45a4af1368a2: receive RaftClientReply:client-2EC808601240->374189d0-76c5-49d2-81b4-45a4af1368a2@group-30B6692CD68C, cid=1052, SUCCESS, logIndex=1846, commits[374189d0-76c5-49d2-81b4-45a4af1368a2:c1846]
2019-06-14 08:42:56,470 INFO  client.GrpcClientProtocolClient (GrpcClientProtocolClient.java:onNext(254)) - client-2EC808601240->374189d0-76c5-49d2-81b4-45a4af1368a2: receive RaftClientReply:client-2EC808601240->374189d0-76c5-49d2-81b4-45a4af1368a2@group-30B6692CD68C, cid=1053, SUCCESS, logIndex=1848, commits[374189d0-76c5-49d2-81b4-45a4af1368a2:c1848]
2019-06-14 08:42:56,473 INFO  client.GrpcClientProtocolClient (GrpcClientProtocolClient.java:onNext(254)) - client-2EC808601240->374189d0-76c5-49d2-81b4-45a4af1368a2: receive RaftClientReply:client-2EC808601240->374189d0-76c5-49d2-81b4-45a4af1368a2@group-30B6692CD68C, cid=1054, SUCCESS, logIndex=1850, commits[374189d0-76c5-49d2-81b4-45a4af1368a2:c1850]
2019-06-14 08:42:56,473 INFO  client.GrpcClientProtocolClient (GrpcClientProtocolClient.java:onNext(254)) - client-2EC808601240->374189d0-76c5-49d2-81b4-45a4af1368a2: receive RaftClientReply:client-2EC808601240->374189d0-76c5-49d2-81b4-45a4af1368a2@group-30B6692CD68C, cid=1055, SUCCESS, logIndex=1851, commits[374189d0-76c5-49d2-81b4-45a4af1368a2:c1852]
2019-06-14 08:42:56,475 INFO  client.GrpcClientProtocolClient (GrpcClientProtocolClient.java:onNext(254)) - client-2EC808601240->374189d0-76c5-49d2-81b4-45a4af1368a2: receive RaftClientReply:client-2EC808601240->374189d0-76c5-49d2-81b4-45a4af1368a2@group-30B6692CD68C, cid=1056, SUCCESS, logIndex=1852, commits[374189d0-76c5-49d2-81b4-45a4af1368a2:c1853]
2019-06-14 08:42:56,486 INFO  client.GrpcClientProtocolClient (GrpcClientProtocolClient.java:onNext(254)) - client-2EC808601240->374189d0-76c5-49d2-81b4-45a4af1368a2: receive RaftClientReply:client-2EC808601240->374189d0-76c5-49d2-81b4-45a4af1368a2@group-30B6692CD68C, cid=1057, SUCCESS, logIndex=1855, commits[374189d0-76c5-49d2-81b4-45a4af1368a2:c1855]
2019-06-14 08:42:56,487 INFO  client.GrpcClientProtocolClient (GrpcClientProtocolClient.java:onNext(254)) - client-2EC808601240->374189d0-76c5-49d2-81b4-45a4af1368a2: receive RaftClientReply:client-2EC808601240->374189d0-76c5-49d2-81b4-45a4af1368a2@group-30B6692CD68C, cid=1058, SUCCESS, logIndex=1857, commits[374189d0-76c5-49d2-81b4-45a4af1368a2:c1857]
2019-06-14 08:42:56,490 INFO  client.GrpcClientProtocolClient (GrpcClientProtocolClient.java:onNext(254)) - client-2EC808601240->374189d0-76c5-49d2-81b4-45a4af1368a2: receive RaftClientReply:client-2EC808601240->374189d0-76c5-49d2-81b4-45a4af1368a2@group-30B6692CD68C, cid=1059, SUCCESS, logIndex=1859, commits[374189d0-76c5-49d2-81b4-45a4af1368a2:c1860]
2019-06-14 08:42:56,490 INFO  client.GrpcClientProtocolClient (GrpcClientProtocolClient.java:onNext(254)) - client-2EC808601240->374189d0-76c5-49d2-81b4-45a4af1368a2: receive RaftClientReply:client-2EC808601240->374189d0-76c5-49d2-81b4-45a4af1368a2@group-30B6692CD68C, cid=1060, SUCCESS, logIndex=1860, commits[374189d0-76c5-49d2-81b4-45a4af1368a2:c1861]
2019-06-14 08:42:56,493 DEBUG block.SCMBlockDeletingService (SCMBlockDeletingService.java:call(138)) - Running DeletedBlockTransactionScanner
2019-06-14 08:42:56,493 DEBUG block.SCMBlockDeletingService (SCMBlockDeletingService.java:call(155)) - Scanned deleted blocks log and got 0 delTX to process.
2019-06-14 08:42:56,564 INFO  client.GrpcClientProtocolClient (GrpcClientProtocolClient.java:onNext(254)) - client-2EC808601240->374189d0-76c5-49d2-81b4-45a4af1368a2: receive RaftClientReply:client-2EC808601240->374189d0-76c5-49d2-81b4-45a4af1368a2@group-30B6692CD68C, cid=1061, SUCCESS, logIndex=1862, commits[374189d0-76c5-49d2-81b4-45a4af1368a2:c1862]
2019-06-14 08:42:56,567 INFO  client.GrpcClientProtocolClient (GrpcClientProtocolClient.java:onNext(254)) - client-2EC808601240->374189d0-76c5-49d2-81b4-45a4af1368a2: receive RaftClientReply:client-2EC808601240->374189d0-76c5-49d2-81b4-45a4af1368a2@group-30B6692CD68C, cid=1062, SUCCESS, logIndex=1864, commits[374189d0-76c5-49d2-81b4-45a4af1368a2:c1864]
2019-06-14 08:42:56,567 INFO  client.GrpcClientProtocolClient (GrpcClientProtocolClient.java:onNext(254)) - client-2EC808601240->374189d0-76c5-49d2-81b4-45a4af1368a2: receive RaftClientReply:client-2EC808601240->374189d0-76c5-49d2-81b4-45a4af1368a2@group-30B6692CD68C, cid=1063, SUCCESS, logIndex=1865, commits[374189d0-76c5-49d2-81b4-45a4af1368a2:c1867]
2019-06-14 08:42:56,568 INFO  client.GrpcClientProtocolClient (GrpcClientProtocolClient.java:onNext(254)) - client-2EC808601240->374189d0-76c5-49d2-81b4-45a4af1368a2: receive RaftClientReply:client-2EC808601240->374189d0-76c5-49d2-81b4-45a4af1368a2@group-30B6692CD68C, cid=1064, SUCCESS, logIndex=1867, commits[374189d0-76c5-49d2-81b4-45a4af1368a2:c1867]
2019-06-14 08:42:56,581 INFO  client.GrpcClientProtocolClient (GrpcClientProtocolClient.java:onNext(254)) - client-2EC808601240->374189d0-76c5-49d2-81b4-45a4af1368a2: receive RaftClientReply:client-2EC808601240->374189d0-76c5-49d2-81b4-45a4af1368a2@group-30B6692CD68C, cid=1065, SUCCESS, logIndex=1869, commits[374189d0-76c5-49d2-81b4-45a4af1368a2:c1869]
2019-06-14 08:42:56,583 INFO  client.GrpcClientProtocolClient (GrpcClientProtocolClient.java:onNext(254)) - client-2EC808601240->374189d0-76c5-49d2-81b4-45a4af1368a2: receive RaftClientReply:client-2EC808601240->374189d0-76c5-49d2-81b4-45a4af1368a2@group-30B6692CD68C, cid=1066, SUCCESS, logIndex=1871, commits[374189d0-76c5-49d2-81b4-45a4af1368a2:c1871]
2019-06-14 08:42:56,583 INFO  client.GrpcClientProtocolClient (GrpcClientProtocolClient.java:onNext(254)) - client-2EC808601240->374189d0-76c5-49d2-81b4-45a4af1368a2: receive RaftClientReply:client-2EC808601240->374189d0-76c5-49d2-81b4-45a4af1368a2@group-30B6692CD68C, cid=1067, SUCCESS, logIndex=1872, commits[374189d0-76c5-49d2-81b4-45a4af1368a2:c1874]
2019-06-14 08:42:56,584 INFO  client.GrpcClientProtocolClient (GrpcClientProtocolClient.java:onNext(254)) - client-2EC808601240->374189d0-76c5-49d2-81b4-45a4af1368a2: receive RaftClientReply:client-2EC808601240->374189d0-76c5-49d2-81b4-45a4af1368a2@group-30B6692CD68C, cid=1068, SUCCESS, logIndex=1874, commits[374189d0-76c5-49d2-81b4-45a4af1368a2:c1874]
2019-06-14 08:42:56,590 INFO  client.GrpcClientProtocolClient (GrpcClientProtocolClient.java:onNext(254)) - client-2EC808601240->374189d0-76c5-49d2-81b4-45a4af1368a2: receive RaftClientReply:client-2EC808601240->374189d0-76c5-49d2-81b4-45a4af1368a2@group-30B6692CD68C, cid=1069, SUCCESS, logIndex=1876, commits[374189d0-76c5-49d2-81b4-45a4af1368a2:c1876]
2019-06-14 08:42:56,590 INFO  storage.RaftLogWorker (RaftLogWorker.java:rollLogSegment(303)) - 374189d0-76c5-49d2-81b4-45a4af1368a2-RaftLogWorker: Rolling segment log-1805_1877 to index:1877
2019-06-14 08:42:56,590 INFO  storage.RaftLogWorker (RaftLogWorker.java:execute(433)) - 374189d0-76c5-49d2-81b4-45a4af1368a2-RaftLogWorker: Rolled log segment from /opt/src/hadoop-ozone/integration-test/target/test-dir/MiniOzoneClusterImpl-1994f8b8-dd4d-445c-bf25-0c6d40f9b14d/datanode-0/data/ratis/99d0acb8-99ce-4814-8259-30b6692cd68c/current/log_inprogress_1805 to /opt/src/hadoop-ozone/integration-test/target/test-dir/MiniOzoneClusterImpl-1994f8b8-dd4d-445c-bf25-0c6d40f9b14d/datanode-0/data/ratis/99d0acb8-99ce-4814-8259-30b6692cd68c/current/log_1805-1877
2019-06-14 08:42:56,593 DEBUG block.SCMBlockDeletingService (SCMBlockDeletingService.java:call(138)) - Running DeletedBlockTransactionScanner
2019-06-14 08:42:56,594 DEBUG block.SCMBlockDeletingService (SCMBlockDeletingService.java:call(155)) - Scanned deleted blocks log and got 0 delTX to process.
2019-06-14 08:42:56,625 INFO  storage.RaftLogWorker (RaftLogWorker.java:execute(469)) - 374189d0-76c5-49d2-81b4-45a4af1368a2-RaftLogWorker: created new log segment /opt/src/hadoop-ozone/integration-test/target/test-dir/MiniOzoneClusterImpl-1994f8b8-dd4d-445c-bf25-0c6d40f9b14d/datanode-0/data/ratis/99d0acb8-99ce-4814-8259-30b6692cd68c/current/log_inprogress_1878
2019-06-14 08:42:56,628 INFO  client.GrpcClientProtocolClient (GrpcClientProtocolClient.java:onNext(254)) - client-2EC808601240->374189d0-76c5-49d2-81b4-45a4af1368a2: receive RaftClientReply:client-2EC808601240->374189d0-76c5-49d2-81b4-45a4af1368a2@group-30B6692CD68C, cid=1070, SUCCESS, logIndex=1878, commits[374189d0-76c5-49d2-81b4-45a4af1368a2:c1880]
2019-06-14 08:42:56,628 INFO  client.GrpcClientProtocolClient (GrpcClientProtocolClient.java:onNext(254)) - client-2EC808601240->374189d0-76c5-49d2-81b4-45a4af1368a2: receive RaftClientReply:client-2EC808601240->374189d0-76c5-49d2-81b4-45a4af1368a2@group-30B6692CD68C, cid=1071, SUCCESS, logIndex=1879, commits[374189d0-76c5-49d2-81b4-45a4af1368a2:c1881]
2019-06-14 08:42:56,629 INFO  client.GrpcClientProtocolClient (GrpcClientProtocolClient.java:onNext(254)) - client-2EC808601240->374189d0-76c5-49d2-81b4-45a4af1368a2: receive RaftClientReply:client-2EC808601240->374189d0-76c5-49d2-81b4-45a4af1368a2@group-30B6692CD68C, cid=1072, SUCCESS, logIndex=1880, commits[374189d0-76c5-49d2-81b4-45a4af1368a2:c1881]
2019-06-14 08:42:56,639 INFO  client.GrpcClientProtocolClient (GrpcClientProtocolClient.java:onNext(254)) - client-2EC808601240->374189d0-76c5-49d2-81b4-45a4af1368a2: receive RaftClientReply:client-2EC808601240->374189d0-76c5-49d2-81b4-45a4af1368a2@group-30B6692CD68C, cid=1073, SUCCESS, logIndex=1882, commits[374189d0-76c5-49d2-81b4-45a4af1368a2:c1882]
2019-06-14 08:42:56,642 INFO  client.GrpcClientProtocolClient (GrpcClientProtocolClient.java:onNext(254)) - client-2EC808601240->374189d0-76c5-49d2-81b4-45a4af1368a2: receive RaftClientReply:client-2EC808601240->374189d0-76c5-49d2-81b4-45a4af1368a2@group-30B6692CD68C, cid=1074, SUCCESS, logIndex=1884, commits[374189d0-76c5-49d2-81b4-45a4af1368a2:c1884]
2019-06-14 08:42:56,643 INFO  client.GrpcClientProtocolClient (GrpcClientProtocolClient.java:onNext(254)) - client-2EC808601240->374189d0-76c5-49d2-81b4-45a4af1368a2: receive RaftClientReply:client-2EC808601240->374189d0-76c5-49d2-81b4-45a4af1368a2@group-30B6692CD68C, cid=1075, SUCCESS, logIndex=1885, commits[374189d0-76c5-49d2-81b4-45a4af1368a2:c1886]
2019-06-14 08:42:56,643 INFO  client.GrpcClientProtocolClient (GrpcClientProtocolClient.java:onNext(254)) - client-2EC808601240->374189d0-76c5-49d2-81b4-45a4af1368a2: receive RaftClientReply:client-2EC808601240->374189d0-76c5-49d2-81b4-45a4af1368a2@group-30B6692CD68C, cid=1076, SUCCESS, logIndex=1886, commits[374189d0-76c5-49d2-81b4-45a4af1368a2:c1886]
2019-06-14 08:42:56,649 INFO  client.GrpcClientProtocolClient (GrpcClientProtocolClient.java:onNext(254)) - client-2EC808601240->374189d0-76c5-49d2-81b4-45a4af1368a2: receive RaftClientReply:client-2EC808601240->374189d0-76c5-49d2-81b4-45a4af1368a2@group-30B6692CD68C, cid=1077, SUCCESS, logIndex=1889, commits[374189d0-76c5-49d2-81b4-45a4af1368a2:c1889]
2019-06-14 08:42:56,651 INFO  client.GrpcClientProtocolClient (GrpcClientProtocolClient.java:onNext(254)) - client-2EC808601240->374189d0-76c5-49d2-81b4-45a4af1368a2: receive RaftClientReply:client-2EC808601240->374189d0-76c5-49d2-81b4-45a4af1368a2@group-30B6692CD68C, cid=1078, SUCCESS, logIndex=1891, commits[374189d0-76c5-49d2-81b4-45a4af1368a2:c1891]
2019-06-14 08:42:56,652 INFO  client.GrpcClientProtocolClient (GrpcClientProtocolClient.java:onNext(254)) - client-2EC808601240->374189d0-76c5-49d2-81b4-45a4af1368a2: receive RaftClientReply:client-2EC808601240->374189d0-76c5-49d2-81b4-45a4af1368a2@group-30B6692CD68C, cid=1079, SUCCESS, logIndex=1892, commits[374189d0-76c5-49d2-81b4-45a4af1368a2:c1894]
2019-06-14 08:42:56,652 INFO  client.GrpcClientProtocolClient (GrpcClientProtocolClient.java:onNext(254)) - client-2EC808601240->374189d0-76c5-49d2-81b4-45a4af1368a2: receive RaftClientReply:client-2EC808601240->374189d0-76c5-49d2-81b4-45a4af1368a2@group-30B6692CD68C, cid=1080, SUCCESS, logIndex=1893, commits[374189d0-76c5-49d2-81b4-45a4af1368a2:c1894]
2019-06-14 08:42:56,662 INFO  client.GrpcClientProtocolClient (GrpcClientProtocolClient.java:onNext(254)) - client-2EC808601240->374189d0-76c5-49d2-81b4-45a4af1368a2: receive RaftClientReply:client-2EC808601240->374189d0-76c5-49d2-81b4-45a4af1368a2@group-30B6692CD68C, cid=1081, SUCCESS, logIndex=1895, commits[374189d0-76c5-49d2-81b4-45a4af1368a2:c1895]
2019-06-14 08:42:56,664 INFO  client.GrpcClientProtocolClient (GrpcClientProtocolClient.java:onNext(254)) - client-2EC808601240->374189d0-76c5-49d2-81b4-45a4af1368a2: receive RaftClientReply:client-2EC808601240->374189d0-76c5-49d2-81b4-45a4af1368a2@group-30B6692CD68C, cid=1082, SUCCESS, logIndex=1897, commits[374189d0-76c5-49d2-81b4-45a4af1368a2:c1897]
2019-06-14 08:42:56,665 INFO  client.GrpcClientProtocolClient (GrpcClientProtocolClient.java:onNext(254)) - client-2EC808601240->374189d0-76c5-49d2-81b4-45a4af1368a2: receive RaftClientReply:client-2EC808601240->374189d0-76c5-49d2-81b4-45a4af1368a2@group-30B6692CD68C, cid=1083, SUCCESS, logIndex=1898, commits[374189d0-76c5-49d2-81b4-45a4af1368a2:c1900]
2019-06-14 08:42:56,665 INFO  client.GrpcClientProtocolClient (GrpcClientProtocolClient.java:onNext(254)) - client-2EC808601240->374189d0-76c5-49d2-81b4-45a4af1368a2: receive RaftClientReply:client-2EC808601240->374189d0-76c5-49d2-81b4-45a4af1368a2@group-30B6692CD68C, cid=1084, SUCCESS, logIndex=1899, commits[374189d0-76c5-49d2-81b4-45a4af1368a2:c1900]
2019-06-14 08:42:56,671 INFO  client.GrpcClientProtocolClient (GrpcClientProtocolClient.java:onNext(254)) - client-2EC808601240->374189d0-76c5-49d2-81b4-45a4af1368a2: receive RaftClientReply:client-2EC808601240->374189d0-76c5-49d2-81b4-45a4af1368a2@group-30B6692CD68C, cid=1085, SUCCESS, logIndex=1901, commits[374189d0-76c5-49d2-81b4-45a4af1368a2:c1901]
2019-06-14 08:42:56,673 INFO  client.GrpcClientProtocolClient (GrpcClientProtocolClient.java:onNext(254)) - client-2EC808601240->374189d0-76c5-49d2-81b4-45a4af1368a2: receive RaftClientReply:client-2EC808601240->374189d0-76c5-49d2-81b4-45a4af1368a2@group-30B6692CD68C, cid=1086, SUCCESS, logIndex=1903, commits[374189d0-76c5-49d2-81b4-45a4af1368a2:c1903]
2019-06-14 08:42:56,674 INFO  client.GrpcClientProtocolClient (GrpcClientProtocolClient.java:onNext(254)) - client-2EC808601240->374189d0-76c5-49d2-81b4-45a4af1368a2: receive RaftClientReply:client-2EC808601240->374189d0-76c5-49d2-81b4-45a4af1368a2@group-30B6692CD68C, cid=1087, SUCCESS, logIndex=1904, commits[374189d0-76c5-49d2-81b4-45a4af1368a2:c1905]
2019-06-14 08:42:56,674 INFO  client.GrpcClientProtocolClient (GrpcClientProtocolClient.java:onNext(254)) - client-2EC808601240->374189d0-76c5-49d2-81b4-45a4af1368a2: receive RaftClientReply:client-2EC808601240->374189d0-76c5-49d2-81b4-45a4af1368a2@group-30B6692CD68C, cid=1088, SUCCESS, logIndex=1905, commits[374189d0-76c5-49d2-81b4-45a4af1368a2:c1905]
2019-06-14 08:42:56,685 INFO  client.GrpcClientProtocolClient (GrpcClientProtocolClient.java:onNext(254)) - client-2EC808601240->374189d0-76c5-49d2-81b4-45a4af1368a2: receive RaftClientReply:client-2EC808601240->374189d0-76c5-49d2-81b4-45a4af1368a2@group-30B6692CD68C, cid=1089, SUCCESS, logIndex=1908, commits[374189d0-76c5-49d2-81b4-45a4af1368a2:c1908]
2019-06-14 08:42:56,686 INFO  client.GrpcClientProtocolClient (GrpcClientProtocolClient.java:onNext(254)) - client-2EC808601240->374189d0-76c5-49d2-81b4-45a4af1368a2: receive RaftClientReply:client-2EC808601240->374189d0-76c5-49d2-81b4-45a4af1368a2@group-30B6692CD68C, cid=1090, SUCCESS, logIndex=1910, commits[374189d0-76c5-49d2-81b4-45a4af1368a2:c1910]
2019-06-14 08:42:56,688 INFO  client.GrpcClientProtocolClient (GrpcClientProtocolClient.java:onNext(254)) - client-2EC808601240->374189d0-76c5-49d2-81b4-45a4af1368a2: receive RaftClientReply:client-2EC808601240->374189d0-76c5-49d2-81b4-45a4af1368a2@group-30B6692CD68C, cid=1091, SUCCESS, logIndex=1911, commits[374189d0-76c5-49d2-81b4-45a4af1368a2:c1912]
2019-06-14 08:42:56,689 INFO  client.GrpcClientProtocolClient (GrpcClientProtocolClient.java:onNext(254)) - client-2EC808601240->374189d0-76c5-49d2-81b4-45a4af1368a2: receive RaftClientReply:client-2EC808601240->374189d0-76c5-49d2-81b4-45a4af1368a2@group-30B6692CD68C, cid=1092, SUCCESS, logIndex=1913, commits[374189d0-76c5-49d2-81b4-45a4af1368a2:c1913]
2019-06-14 08:42:56,694 DEBUG block.SCMBlockDeletingService (SCMBlockDeletingService.java:call(138)) - Running DeletedBlockTransactionScanner
2019-06-14 08:42:56,694 DEBUG block.SCMBlockDeletingService (SCMBlockDeletingService.java:call(155)) - Scanned deleted blocks log and got 0 delTX to process.
2019-06-14 08:42:56,694 INFO  client.GrpcClientProtocolClient (GrpcClientProtocolClient.java:onNext(254)) - client-2EC808601240->374189d0-76c5-49d2-81b4-45a4af1368a2: receive RaftClientReply:client-2EC808601240->374189d0-76c5-49d2-81b4-45a4af1368a2@group-30B6692CD68C, cid=1093, SUCCESS, logIndex=1915, commits[374189d0-76c5-49d2-81b4-45a4af1368a2:c1915]
2019-06-14 08:42:56,696 INFO  client.GrpcClientProtocolClient (GrpcClientProtocolClient.java:onNext(254)) - client-2EC808601240->374189d0-76c5-49d2-81b4-45a4af1368a2: receive RaftClientReply:client-2EC808601240->374189d0-76c5-49d2-81b4-45a4af1368a2@group-30B6692CD68C, cid=1094, SUCCESS, logIndex=1917, commits[374189d0-76c5-49d2-81b4-45a4af1368a2:c1917]
2019-06-14 08:42:56,697 INFO  client.GrpcClientProtocolClient (GrpcClientProtocolClient.java:onNext(254)) - client-2EC808601240->374189d0-76c5-49d2-81b4-45a4af1368a2: receive RaftClientReply:client-2EC808601240->374189d0-76c5-49d2-81b4-45a4af1368a2@group-30B6692CD68C, cid=1095, SUCCESS, logIndex=1918, commits[374189d0-76c5-49d2-81b4-45a4af1368a2:c1918]
2019-06-14 08:42:56,697 INFO  client.GrpcClientProtocolClient (GrpcClientProtocolClient.java:onNext(254)) - client-2EC808601240->374189d0-76c5-49d2-81b4-45a4af1368a2: receive RaftClientReply:client-2EC808601240->374189d0-76c5-49d2-81b4-45a4af1368a2@group-30B6692CD68C, cid=1096, SUCCESS, logIndex=1920, commits[374189d0-76c5-49d2-81b4-45a4af1368a2:c1920]
2019-06-14 08:42:56,707 INFO  client.GrpcClientProtocolClient (GrpcClientProtocolClient.java:onNext(254)) - client-2EC808601240->374189d0-76c5-49d2-81b4-45a4af1368a2: receive RaftClientReply:client-2EC808601240->374189d0-76c5-49d2-81b4-45a4af1368a2@group-30B6692CD68C, cid=1097, SUCCESS, logIndex=1923, commits[374189d0-76c5-49d2-81b4-45a4af1368a2:c1923]
2019-06-14 08:42:56,709 INFO  client.GrpcClientProtocolClient (GrpcClientProtocolClient.java:onNext(254)) - client-2EC808601240->374189d0-76c5-49d2-81b4-45a4af1368a2: receive RaftClientReply:client-2EC808601240->374189d0-76c5-49d2-81b4-45a4af1368a2@group-30B6692CD68C, cid=1098, SUCCESS, logIndex=1925, commits[374189d0-76c5-49d2-81b4-45a4af1368a2:c1925]
2019-06-14 08:42:56,710 INFO  client.GrpcClientProtocolClient (GrpcClientProtocolClient.java:onNext(254)) - client-2EC808601240->374189d0-76c5-49d2-81b4-45a4af1368a2: receive RaftClientReply:client-2EC808601240->374189d0-76c5-49d2-81b4-45a4af1368a2@group-30B6692CD68C, cid=1099, SUCCESS, logIndex=1926, commits[374189d0-76c5-49d2-81b4-45a4af1368a2:c1927]
2019-06-14 08:42:56,710 INFO  client.GrpcClientProtocolClient (GrpcClientProtocolClient.java:onNext(254)) - client-2EC808601240->374189d0-76c5-49d2-81b4-45a4af1368a2: receive RaftClientReply:client-2EC808601240->374189d0-76c5-49d2-81b4-45a4af1368a2@group-30B6692CD68C, cid=1100, SUCCESS, logIndex=1927, commits[374189d0-76c5-49d2-81b4-45a4af1368a2:c1928]
2019-06-14 08:42:56,717 INFO  client.GrpcClientProtocolClient (GrpcClientProtocolClient.java:onNext(254)) - client-2EC808601240->374189d0-76c5-49d2-81b4-45a4af1368a2: receive RaftClientReply:client-2EC808601240->374189d0-76c5-49d2-81b4-45a4af1368a2@group-30B6692CD68C, cid=1101, SUCCESS, logIndex=1930, commits[374189d0-76c5-49d2-81b4-45a4af1368a2:c1930]
2019-06-14 08:42:56,719 INFO  client.GrpcClientProtocolClient (GrpcClientProtocolClient.java:onNext(254)) - client-2EC808601240->374189d0-76c5-49d2-81b4-45a4af1368a2: receive RaftClientReply:client-2EC808601240->374189d0-76c5-49d2-81b4-45a4af1368a2@group-30B6692CD68C, cid=1102, SUCCESS, logIndex=1932, commits[374189d0-76c5-49d2-81b4-45a4af1368a2:c1932]
2019-06-14 08:42:56,720 INFO  client.GrpcClientProtocolClient (GrpcClientProtocolClient.java:onNext(254)) - client-2EC808601240->374189d0-76c5-49d2-81b4-45a4af1368a2: receive RaftClientReply:client-2EC808601240->374189d0-76c5-49d2-81b4-45a4af1368a2@group-30B6692CD68C, cid=1103, SUCCESS, logIndex=1933, commits[374189d0-76c5-49d2-81b4-45a4af1368a2:c1934]
2019-06-14 08:42:56,720 INFO  client.GrpcClientProtocolClient (GrpcClientProtocolClient.java:onNext(254)) - client-2EC808601240->374189d0-76c5-49d2-81b4-45a4af1368a2: receive RaftClientReply:client-2EC808601240->374189d0-76c5-49d2-81b4-45a4af1368a2@group-30B6692CD68C, cid=1104, SUCCESS, logIndex=1934, commits[374189d0-76c5-49d2-81b4-45a4af1368a2:c1934]
2019-06-14 08:42:56,795 DEBUG block.SCMBlockDeletingService (SCMBlockDeletingService.java:call(138)) - Running DeletedBlockTransactionScanner
2019-06-14 08:42:56,795 DEBUG block.SCMBlockDeletingService (SCMBlockDeletingService.java:call(155)) - Scanned deleted blocks log and got 0 delTX to process.
2019-06-14 08:42:56,798 INFO  client.GrpcClientProtocolClient (GrpcClientProtocolClient.java:onNext(254)) - client-2EC808601240->374189d0-76c5-49d2-81b4-45a4af1368a2: receive RaftClientReply:client-2EC808601240->374189d0-76c5-49d2-81b4-45a4af1368a2@group-30B6692CD68C, cid=1105, SUCCESS, logIndex=1937, commits[374189d0-76c5-49d2-81b4-45a4af1368a2:c1937]
2019-06-14 08:42:56,799 INFO  client.GrpcClientProtocolClient (GrpcClientProtocolClient.java:onNext(254)) - client-2EC808601240->374189d0-76c5-49d2-81b4-45a4af1368a2: receive RaftClientReply:client-2EC808601240->374189d0-76c5-49d2-81b4-45a4af1368a2@group-30B6692CD68C, cid=1106, SUCCESS, logIndex=1939, commits[374189d0-76c5-49d2-81b4-45a4af1368a2:c1939]
2019-06-14 08:42:56,801 INFO  client.GrpcClientProtocolClient (GrpcClientProtocolClient.java:onNext(254)) - client-2EC808601240->374189d0-76c5-49d2-81b4-45a4af1368a2: receive RaftClientReply:client-2EC808601240->374189d0-76c5-49d2-81b4-45a4af1368a2@group-30B6692CD68C, cid=1107, SUCCESS, logIndex=1940, commits[374189d0-76c5-49d2-81b4-45a4af1368a2:c1942]
2019-06-14 08:42:56,801 INFO  client.GrpcClientProtocolClient (GrpcClientProtocolClient.java:onNext(254)) - client-2EC808601240->374189d0-76c5-49d2-81b4-45a4af1368a2: receive RaftClientReply:client-2EC808601240->374189d0-76c5-49d2-81b4-45a4af1368a2@group-30B6692CD68C, cid=1108, SUCCESS, logIndex=1942, commits[374189d0-76c5-49d2-81b4-45a4af1368a2:c1942]
2019-06-14 08:42:56,809 INFO  client.GrpcClientProtocolClient (GrpcClientProtocolClient.java:onNext(254)) - client-2EC808601240->374189d0-76c5-49d2-81b4-45a4af1368a2: receive RaftClientReply:client-2EC808601240->374189d0-76c5-49d2-81b4-45a4af1368a2@group-30B6692CD68C, cid=1109, SUCCESS, logIndex=1944, commits[374189d0-76c5-49d2-81b4-45a4af1368a2:c1945]
2019-06-14 08:42:56,810 INFO  storage.RaftLogWorker (RaftLogWorker.java:rollLogSegment(303)) - 374189d0-76c5-49d2-81b4-45a4af1368a2-RaftLogWorker: Rolling segment log-1878_1948 to index:1948
2019-06-14 08:42:56,811 INFO  storage.RaftLogWorker (RaftLogWorker.java:execute(433)) - 374189d0-76c5-49d2-81b4-45a4af1368a2-RaftLogWorker: Rolled log segment from /opt/src/hadoop-ozone/integration-test/target/test-dir/MiniOzoneClusterImpl-1994f8b8-dd4d-445c-bf25-0c6d40f9b14d/datanode-0/data/ratis/99d0acb8-99ce-4814-8259-30b6692cd68c/current/log_inprogress_1878 to /opt/src/hadoop-ozone/integration-test/target/test-dir/MiniOzoneClusterImpl-1994f8b8-dd4d-445c-bf25-0c6d40f9b14d/datanode-0/data/ratis/99d0acb8-99ce-4814-8259-30b6692cd68c/current/log_1878-1948
2019-06-14 08:42:56,815 INFO  client.GrpcClientProtocolClient (GrpcClientProtocolClient.java:onNext(254)) - client-2EC808601240->374189d0-76c5-49d2-81b4-45a4af1368a2: receive RaftClientReply:client-2EC808601240->374189d0-76c5-49d2-81b4-45a4af1368a2@group-30B6692CD68C, cid=1110, SUCCESS, logIndex=1946, commits[374189d0-76c5-49d2-81b4-45a4af1368a2:c1946]
2019-06-14 08:42:56,815 INFO  client.GrpcClientProtocolClient (GrpcClientProtocolClient.java:onNext(254)) - client-2EC808601240->374189d0-76c5-49d2-81b4-45a4af1368a2: receive RaftClientReply:client-2EC808601240->374189d0-76c5-49d2-81b4-45a4af1368a2@group-30B6692CD68C, cid=1111, SUCCESS, logIndex=1947, commits[374189d0-76c5-49d2-81b4-45a4af1368a2:c1948]
2019-06-14 08:42:56,853 INFO  storage.RaftLogWorker (RaftLogWorker.java:execute(469)) - 374189d0-76c5-49d2-81b4-45a4af1368a2-RaftLogWorker: created new log segment /opt/src/hadoop-ozone/integration-test/target/test-dir/MiniOzoneClusterImpl-1994f8b8-dd4d-445c-bf25-0c6d40f9b14d/datanode-0/data/ratis/99d0acb8-99ce-4814-8259-30b6692cd68c/current/log_inprogress_1949
2019-06-14 08:42:56,856 INFO  client.GrpcClientProtocolClient (GrpcClientProtocolClient.java:onNext(254)) - client-2EC808601240->374189d0-76c5-49d2-81b4-45a4af1368a2: receive RaftClientReply:client-2EC808601240->374189d0-76c5-49d2-81b4-45a4af1368a2@group-30B6692CD68C, cid=1112, SUCCESS, logIndex=1949, commits[374189d0-76c5-49d2-81b4-45a4af1368a2:c1949]
2019-06-14 08:42:56,867 INFO  client.GrpcClientProtocolClient (GrpcClientProtocolClient.java:onNext(254)) - client-2EC808601240->374189d0-76c5-49d2-81b4-45a4af1368a2: receive RaftClientReply:client-2EC808601240->374189d0-76c5-49d2-81b4-45a4af1368a2@group-30B6692CD68C, cid=1113, SUCCESS, logIndex=1951, commits[374189d0-76c5-49d2-81b4-45a4af1368a2:c1951]
2019-06-14 08:42:56,870 INFO  client.GrpcClientProtocolClient (GrpcClientProtocolClient.java:onNext(254)) - client-2EC808601240->374189d0-76c5-49d2-81b4-45a4af1368a2: receive RaftClientReply:client-2EC808601240->374189d0-76c5-49d2-81b4-45a4af1368a2@group-30B6692CD68C, cid=1114, SUCCESS, logIndex=1953, commits[374189d0-76c5-49d2-81b4-45a4af1368a2:c1953]
2019-06-14 08:42:56,870 INFO  client.GrpcClientProtocolClient (GrpcClientProtocolClient.java:onNext(254)) - client-2EC808601240->374189d0-76c5-49d2-81b4-45a4af1368a2: receive RaftClientReply:client-2EC808601240->374189d0-76c5-49d2-81b4-45a4af1368a2@group-30B6692CD68C, cid=1115, SUCCESS, logIndex=1954, commits[374189d0-76c5-49d2-81b4-45a4af1368a2:c1956]
2019-06-14 08:42:56,871 INFO  client.GrpcClientProtocolClient (GrpcClientProtocolClient.java:onNext(254)) - client-2EC808601240->374189d0-76c5-49d2-81b4-45a4af1368a2: receive RaftClientReply:client-2EC808601240->374189d0-76c5-49d2-81b4-45a4af1368a2@group-30B6692CD68C, cid=1116, SUCCESS, logIndex=1956, commits[374189d0-76c5-49d2-81b4-45a4af1368a2:c1956]
2019-06-14 08:42:57,142 DEBUG block.SCMBlockDeletingService (SCMBlockDeletingService.java:call(138)) - Running DeletedBlockTransactionScanner
2019-06-14 08:42:57,142 DEBUG block.SCMBlockDeletingService (SCMBlockDeletingService.java:call(155)) - Scanned deleted blocks log and got 0 delTX to process.
2019-06-14 08:42:57,155 INFO  client.GrpcClientProtocolClient (GrpcClientProtocolClient.java:onNext(254)) - client-2EC808601240->374189d0-76c5-49d2-81b4-45a4af1368a2: receive RaftClientReply:client-2EC808601240->374189d0-76c5-49d2-81b4-45a4af1368a2@group-30B6692CD68C, cid=1117, SUCCESS, logIndex=1958, commits[374189d0-76c5-49d2-81b4-45a4af1368a2:c1958]
2019-06-14 08:42:57,157 INFO  client.GrpcClientProtocolClient (GrpcClientProtocolClient.java:onNext(254)) - client-2EC808601240->374189d0-76c5-49d2-81b4-45a4af1368a2: receive RaftClientReply:client-2EC808601240->374189d0-76c5-49d2-81b4-45a4af1368a2@group-30B6692CD68C, cid=1118, SUCCESS, logIndex=1960, commits[374189d0-76c5-49d2-81b4-45a4af1368a2:c1960]
2019-06-14 08:42:57,158 INFO  client.GrpcClientProtocolClient (GrpcClientProtocolClient.java:onNext(254)) - client-2EC808601240->374189d0-76c5-49d2-81b4-45a4af1368a2: receive RaftClientReply:client-2EC808601240->374189d0-76c5-49d2-81b4-45a4af1368a2@group-30B6692CD68C, cid=1119, SUCCESS, logIndex=1961, commits[374189d0-76c5-49d2-81b4-45a4af1368a2:c1962]
2019-06-14 08:42:57,158 INFO  client.GrpcClientProtocolClient (GrpcClientProtocolClient.java:onNext(254)) - client-2EC808601240->374189d0-76c5-49d2-81b4-45a4af1368a2: receive RaftClientReply:client-2EC808601240->374189d0-76c5-49d2-81b4-45a4af1368a2@group-30B6692CD68C, cid=1120, SUCCESS, logIndex=1962, commits[374189d0-76c5-49d2-81b4-45a4af1368a2:c1962]
2019-06-14 08:42:57,168 INFO  client.GrpcClientProtocolClient (GrpcClientProtocolClient.java:onNext(254)) - client-2EC808601240->374189d0-76c5-49d2-81b4-45a4af1368a2: receive RaftClientReply:client-2EC808601240->374189d0-76c5-49d2-81b4-45a4af1368a2@group-30B6692CD68C, cid=1121, SUCCESS, logIndex=1965, commits[374189d0-76c5-49d2-81b4-45a4af1368a2:c1965]
2019-06-14 08:42:57,169 INFO  client.GrpcClientProtocolClient (GrpcClientProtocolClient.java:onNext(254)) - client-2EC808601240->374189d0-76c5-49d2-81b4-45a4af1368a2: receive RaftClientReply:client-2EC808601240->374189d0-76c5-49d2-81b4-45a4af1368a2@group-30B6692CD68C, cid=1122, SUCCESS, logIndex=1967, commits[374189d0-76c5-49d2-81b4-45a4af1368a2:c1967]
2019-06-14 08:42:57,171 INFO  client.GrpcClientProtocolClient (GrpcClientProtocolClient.java:onNext(254)) - client-2EC808601240->374189d0-76c5-49d2-81b4-45a4af1368a2: receive RaftClientReply:client-2EC808601240->374189d0-76c5-49d2-81b4-45a4af1368a2@group-30B6692CD68C, cid=1123, SUCCESS, logIndex=1968, commits[374189d0-76c5-49d2-81b4-45a4af1368a2:c1970]
2019-06-14 08:42:57,172 INFO  client.GrpcClientProtocolClient (GrpcClientProtocolClient.java:onNext(254)) - client-2EC808601240->374189d0-76c5-49d2-81b4-45a4af1368a2: receive RaftClientReply:client-2EC808601240->374189d0-76c5-49d2-81b4-45a4af1368a2@group-30B6692CD68C, cid=1124, SUCCESS, logIndex=1970, commits[374189d0-76c5-49d2-81b4-45a4af1368a2:c1970]
2019-06-14 08:42:57,179 INFO  client.GrpcClientProtocolClient (GrpcClientProtocolClient.java:onNext(254)) - client-2EC808601240->374189d0-76c5-49d2-81b4-45a4af1368a2: receive RaftClientReply:client-2EC808601240->374189d0-76c5-49d2-81b4-45a4af1368a2@group-30B6692CD68C, cid=1125, SUCCESS, logIndex=1972, commits[374189d0-76c5-49d2-81b4-45a4af1368a2:c1972]
2019-06-14 08:42:57,181 INFO  client.GrpcClientProtocolClient (GrpcClientProtocolClient.java:onNext(254)) - client-2EC808601240->374189d0-76c5-49d2-81b4-45a4af1368a2: receive RaftClientReply:client-2EC808601240->374189d0-76c5-49d2-81b4-45a4af1368a2@group-30B6692CD68C, cid=1126, SUCCESS, logIndex=1974, commits[374189d0-76c5-49d2-81b4-45a4af1368a2:c1974]
2019-06-14 08:42:57,182 INFO  client.GrpcClientProtocolClient (GrpcClientProtocolClient.java:onNext(254)) - client-2EC808601240->374189d0-76c5-49d2-81b4-45a4af1368a2: receive RaftClientReply:client-2EC808601240->374189d0-76c5-49d2-81b4-45a4af1368a2@group-30B6692CD68C, cid=1127, SUCCESS, logIndex=1975, commits[374189d0-76c5-49d2-81b4-45a4af1368a2:c1977]
2019-06-14 08:42:57,182 INFO  client.GrpcClientProtocolClient (GrpcClientProtocolClient.java:onNext(254)) - client-2EC808601240->374189d0-76c5-49d2-81b4-45a4af1368a2: receive RaftClientReply:client-2EC808601240->374189d0-76c5-49d2-81b4-45a4af1368a2@group-30B6692CD68C, cid=1128, SUCCESS, logIndex=1976, commits[374189d0-76c5-49d2-81b4-45a4af1368a2:c1977]
2019-06-14 08:42:57,191 INFO  client.GrpcClientProtocolClient (GrpcClientProtocolClient.java:onNext(254)) - client-2EC808601240->374189d0-76c5-49d2-81b4-45a4af1368a2: receive RaftClientReply:client-2EC808601240->374189d0-76c5-49d2-81b4-45a4af1368a2@group-30B6692CD68C, cid=1129, SUCCESS, logIndex=1978, commits[374189d0-76c5-49d2-81b4-45a4af1368a2:c1978]
2019-06-14 08:42:57,194 INFO  client.GrpcClientProtocolClient (GrpcClientProtocolClient.java:onNext(254)) - client-2EC808601240->374189d0-76c5-49d2-81b4-45a4af1368a2: receive RaftClientReply:client-2EC808601240->374189d0-76c5-49d2-81b4-45a4af1368a2@group-30B6692CD68C, cid=1130, SUCCESS, logIndex=1980, commits[374189d0-76c5-49d2-81b4-45a4af1368a2:c1980]
2019-06-14 08:42:57,194 INFO  client.GrpcClientProtocolClient (GrpcClientProtocolClient.java:onNext(254)) - client-2EC808601240->374189d0-76c5-49d2-81b4-45a4af1368a2: receive RaftClientReply:client-2EC808601240->374189d0-76c5-49d2-81b4-45a4af1368a2@group-30B6692CD68C, cid=1131, SUCCESS, logIndex=1981, commits[374189d0-76c5-49d2-81b4-45a4af1368a2:c1982]
2019-06-14 08:42:57,194 INFO  client.GrpcClientProtocolClient (GrpcClientProtocolClient.java:onNext(254)) - client-2EC808601240->374189d0-76c5-49d2-81b4-45a4af1368a2: receive RaftClientReply:client-2EC808601240->374189d0-76c5-49d2-81b4-45a4af1368a2@group-30B6692CD68C, cid=1132, SUCCESS, logIndex=1982, commits[374189d0-76c5-49d2-81b4-45a4af1368a2:c1983]
2019-06-14 08:42:57,201 INFO  client.GrpcClientProtocolClient (GrpcClientProtocolClient.java:onNext(254)) - client-2EC808601240->374189d0-76c5-49d2-81b4-45a4af1368a2: receive RaftClientReply:client-2EC808601240->374189d0-76c5-49d2-81b4-45a4af1368a2@group-30B6692CD68C, cid=1133, SUCCESS, logIndex=1985, commits[374189d0-76c5-49d2-81b4-45a4af1368a2:c1985]
2019-06-14 08:42:57,204 INFO  client.GrpcClientProtocolClient (GrpcClientProtocolClient.java:onNext(254)) - client-2EC808601240->374189d0-76c5-49d2-81b4-45a4af1368a2: receive RaftClientReply:client-2EC808601240->374189d0-76c5-49d2-81b4-45a4af1368a2@group-30B6692CD68C, cid=1134, SUCCESS, logIndex=1987, commits[374189d0-76c5-49d2-81b4-45a4af1368a2:c1987]
2019-06-14 08:42:57,204 INFO  client.GrpcClientProtocolClient (GrpcClientProtocolClient.java:onNext(254)) - client-2EC808601240->374189d0-76c5-49d2-81b4-45a4af1368a2: receive RaftClientReply:client-2EC808601240->374189d0-76c5-49d2-81b4-45a4af1368a2@group-30B6692CD68C, cid=1135, SUCCESS, logIndex=1988, commits[374189d0-76c5-49d2-81b4-45a4af1368a2:c1989]
2019-06-14 08:42:57,205 INFO  client.GrpcClientProtocolClient (GrpcClientProtocolClient.java:onNext(254)) - client-2EC808601240->374189d0-76c5-49d2-81b4-45a4af1368a2: receive RaftClientReply:client-2EC808601240->374189d0-76c5-49d2-81b4-45a4af1368a2@group-30B6692CD68C, cid=1136, SUCCESS, logIndex=1989, commits[374189d0-76c5-49d2-81b4-45a4af1368a2:c1989]
2019-06-14 08:42:57,214 INFO  client.GrpcClientProtocolClient (GrpcClientProtocolClient.java:onNext(254)) - client-2EC808601240->374189d0-76c5-49d2-81b4-45a4af1368a2: receive RaftClientReply:client-2EC808601240->374189d0-76c5-49d2-81b4-45a4af1368a2@group-30B6692CD68C, cid=1137, SUCCESS, logIndex=1992, commits[374189d0-76c5-49d2-81b4-45a4af1368a2:c1992]
2019-06-14 08:42:57,216 INFO  client.GrpcClientProtocolClient (GrpcClientProtocolClient.java:onNext(254)) - client-2EC808601240->374189d0-76c5-49d2-81b4-45a4af1368a2: receive RaftClientReply:client-2EC808601240->374189d0-76c5-49d2-81b4-45a4af1368a2@group-30B6692CD68C, cid=1138, SUCCESS, logIndex=1994, commits[374189d0-76c5-49d2-81b4-45a4af1368a2:c1994]
2019-06-14 08:42:57,217 INFO  client.GrpcClientProtocolClient (GrpcClientProtocolClient.java:onNext(254)) - client-2EC808601240->374189d0-76c5-49d2-81b4-45a4af1368a2: receive RaftClientReply:client-2EC808601240->374189d0-76c5-49d2-81b4-45a4af1368a2@group-30B6692CD68C, cid=1139, SUCCESS, logIndex=1995, commits[374189d0-76c5-49d2-81b4-45a4af1368a2:c1997]
2019-06-14 08:42:57,217 INFO  client.GrpcClientProtocolClient (GrpcClientProtocolClient.java:onNext(254)) - client-2EC808601240->374189d0-76c5-49d2-81b4-45a4af1368a2: receive RaftClientReply:client-2EC808601240->374189d0-76c5-49d2-81b4-45a4af1368a2@group-30B6692CD68C, cid=1140, SUCCESS, logIndex=1996, commits[374189d0-76c5-49d2-81b4-45a4af1368a2:c1997]
2019-06-14 08:42:57,223 INFO  client.GrpcClientProtocolClient (GrpcClientProtocolClient.java:onNext(254)) - client-2EC808601240->374189d0-76c5-49d2-81b4-45a4af1368a2: receive RaftClientReply:client-2EC808601240->374189d0-76c5-49d2-81b4-45a4af1368a2@group-30B6692CD68C, cid=1141, SUCCESS, logIndex=1998, commits[374189d0-76c5-49d2-81b4-45a4af1368a2:c1998]
2019-06-14 08:42:57,225 INFO  client.GrpcClientProtocolClient (GrpcClientProtocolClient.java:onNext(254)) - client-2EC808601240->374189d0-76c5-49d2-81b4-45a4af1368a2: receive RaftClientReply:client-2EC808601240->374189d0-76c5-49d2-81b4-45a4af1368a2@group-30B6692CD68C, cid=1142, SUCCESS, logIndex=2000, commits[374189d0-76c5-49d2-81b4-45a4af1368a2:c2001]
2019-06-14 08:42:57,226 INFO  client.GrpcClientProtocolClient (GrpcClientProtocolClient.java:onNext(254)) - client-2EC808601240->374189d0-76c5-49d2-81b4-45a4af1368a2: receive RaftClientReply:client-2EC808601240->374189d0-76c5-49d2-81b4-45a4af1368a2@group-30B6692CD68C, cid=1143, SUCCESS, logIndex=2001, commits[374189d0-76c5-49d2-81b4-45a4af1368a2:c2001]
2019-06-14 08:42:57,226 INFO  client.GrpcClientProtocolClient (GrpcClientProtocolClient.java:onNext(254)) - client-2EC808601240->374189d0-76c5-49d2-81b4-45a4af1368a2: receive RaftClientReply:client-2EC808601240->374189d0-76c5-49d2-81b4-45a4af1368a2@group-30B6692CD68C, cid=1144, SUCCESS, logIndex=2002, commits[374189d0-76c5-49d2-81b4-45a4af1368a2:c2004]
2019-06-14 08:42:57,238 INFO  client.GrpcClientProtocolClient (GrpcClientProtocolClient.java:onNext(254)) - client-2EC808601240->374189d0-76c5-49d2-81b4-45a4af1368a2: receive RaftClientReply:client-2EC808601240->374189d0-76c5-49d2-81b4-45a4af1368a2@group-30B6692CD68C, cid=1145, SUCCESS, logIndex=2005, commits[374189d0-76c5-49d2-81b4-45a4af1368a2:c2005]
2019-06-14 08:42:57,240 INFO  client.GrpcClientProtocolClient (GrpcClientProtocolClient.java:onNext(254)) - client-2EC808601240->374189d0-76c5-49d2-81b4-45a4af1368a2: receive RaftClientReply:client-2EC808601240->374189d0-76c5-49d2-81b4-45a4af1368a2@group-30B6692CD68C, cid=1146, SUCCESS, logIndex=2007, commits[374189d0-76c5-49d2-81b4-45a4af1368a2:c2007]
2019-06-14 08:42:57,241 INFO  client.GrpcClientProtocolClient (GrpcClientProtocolClient.java:onNext(254)) - client-2EC808601240->374189d0-76c5-49d2-81b4-45a4af1368a2: receive RaftClientReply:client-2EC808601240->374189d0-76c5-49d2-81b4-45a4af1368a2@group-30B6692CD68C, cid=1147, SUCCESS, logIndex=2008, commits[374189d0-76c5-49d2-81b4-45a4af1368a2:c2008]
2019-06-14 08:42:57,241 INFO  client.GrpcClientProtocolClient (GrpcClientProtocolClient.java:onNext(254)) - client-2EC808601240->374189d0-76c5-49d2-81b4-45a4af1368a2: receive RaftClientReply:client-2EC808601240->374189d0-76c5-49d2-81b4-45a4af1368a2@group-30B6692CD68C, cid=1148, SUCCESS, logIndex=2010, commits[374189d0-76c5-49d2-81b4-45a4af1368a2:c2010]
2019-06-14 08:42:57,246 DEBUG block.SCMBlockDeletingService (SCMBlockDeletingService.java:call(138)) - Running DeletedBlockTransactionScanner
2019-06-14 08:42:57,247 DEBUG block.SCMBlockDeletingService (SCMBlockDeletingService.java:call(155)) - Scanned deleted blocks log and got 0 delTX to process.
2019-06-14 08:42:57,331 INFO  client.GrpcClientProtocolClient (GrpcClientProtocolClient.java:onNext(254)) - client-2EC808601240->374189d0-76c5-49d2-81b4-45a4af1368a2: receive RaftClientReply:client-2EC808601240->374189d0-76c5-49d2-81b4-45a4af1368a2@group-30B6692CD68C, cid=1149, SUCCESS, logIndex=2013, commits[374189d0-76c5-49d2-81b4-45a4af1368a2:c2013]
2019-06-14 08:42:57,332 INFO  client.GrpcClientProtocolClient (GrpcClientProtocolClient.java:onNext(254)) - client-2EC808601240->374189d0-76c5-49d2-81b4-45a4af1368a2: receive RaftClientReply:client-2EC808601240->374189d0-76c5-49d2-81b4-45a4af1368a2@group-30B6692CD68C, cid=1150, SUCCESS, logIndex=2015, commits[374189d0-76c5-49d2-81b4-45a4af1368a2:c2015]
2019-06-14 08:42:57,334 INFO  client.GrpcClientProtocolClient (GrpcClientProtocolClient.java:onNext(254)) - client-2EC808601240->374189d0-76c5-49d2-81b4-45a4af1368a2: receive RaftClientReply:client-2EC808601240->374189d0-76c5-49d2-81b4-45a4af1368a2@group-30B6692CD68C, cid=1151, SUCCESS, logIndex=2016, commits[374189d0-76c5-49d2-81b4-45a4af1368a2:c2018]
2019-06-14 08:42:57,339 INFO  client.GrpcClientProtocolClient (GrpcClientProtocolClient.java:onNext(254)) - client-2EC808601240->374189d0-76c5-49d2-81b4-45a4af1368a2: receive RaftClientReply:client-2EC808601240->374189d0-76c5-49d2-81b4-45a4af1368a2@group-30B6692CD68C, cid=1152, SUCCESS, logIndex=2018, commits[374189d0-76c5-49d2-81b4-45a4af1368a2:c2018]
2019-06-14 08:42:57,347 DEBUG block.SCMBlockDeletingService (SCMBlockDeletingService.java:call(138)) - Running DeletedBlockTransactionScanner
2019-06-14 08:42:57,347 DEBUG block.SCMBlockDeletingService (SCMBlockDeletingService.java:call(155)) - Scanned deleted blocks log and got 0 delTX to process.
2019-06-14 08:42:57,351 INFO  client.GrpcClientProtocolClient (GrpcClientProtocolClient.java:onNext(254)) - client-2EC808601240->374189d0-76c5-49d2-81b4-45a4af1368a2: receive RaftClientReply:client-2EC808601240->374189d0-76c5-49d2-81b4-45a4af1368a2@group-30B6692CD68C, cid=1153, SUCCESS, logIndex=2020, commits[374189d0-76c5-49d2-81b4-45a4af1368a2:c2020]
2019-06-14 08:42:57,353 INFO  client.GrpcClientProtocolClient (GrpcClientProtocolClient.java:onNext(254)) - client-2EC808601240->374189d0-76c5-49d2-81b4-45a4af1368a2: receive RaftClientReply:client-2EC808601240->374189d0-76c5-49d2-81b4-45a4af1368a2@group-30B6692CD68C, cid=1154, SUCCESS, logIndex=2022, commits[374189d0-76c5-49d2-81b4-45a4af1368a2:c2022]
2019-06-14 08:42:57,353 INFO  storage.RaftLogWorker (RaftLogWorker.java:rollLogSegment(303)) - 374189d0-76c5-49d2-81b4-45a4af1368a2-RaftLogWorker: Rolling segment log-1949_2023 to index:2023
2019-06-14 08:42:57,353 INFO  storage.RaftLogWorker (RaftLogWorker.java:execute(433)) - 374189d0-76c5-49d2-81b4-45a4af1368a2-RaftLogWorker: Rolled log segment from /opt/src/hadoop-ozone/integration-test/target/test-dir/MiniOzoneClusterImpl-1994f8b8-dd4d-445c-bf25-0c6d40f9b14d/datanode-0/data/ratis/99d0acb8-99ce-4814-8259-30b6692cd68c/current/log_inprogress_1949 to /opt/src/hadoop-ozone/integration-test/target/test-dir/MiniOzoneClusterImpl-1994f8b8-dd4d-445c-bf25-0c6d40f9b14d/datanode-0/data/ratis/99d0acb8-99ce-4814-8259-30b6692cd68c/current/log_1949-2023
2019-06-14 08:42:57,389 INFO  storage.RaftLogWorker (RaftLogWorker.java:execute(469)) - 374189d0-76c5-49d2-81b4-45a4af1368a2-RaftLogWorker: created new log segment /opt/src/hadoop-ozone/integration-test/target/test-dir/MiniOzoneClusterImpl-1994f8b8-dd4d-445c-bf25-0c6d40f9b14d/datanode-0/data/ratis/99d0acb8-99ce-4814-8259-30b6692cd68c/current/log_inprogress_2024
2019-06-14 08:42:57,391 INFO  client.GrpcClientProtocolClient (GrpcClientProtocolClient.java:onNext(254)) - client-2EC808601240->374189d0-76c5-49d2-81b4-45a4af1368a2: receive RaftClientReply:client-2EC808601240->374189d0-76c5-49d2-81b4-45a4af1368a2@group-30B6692CD68C, cid=1155, SUCCESS, logIndex=2024, commits[374189d0-76c5-49d2-81b4-45a4af1368a2:c2025]
2019-06-14 08:42:57,392 INFO  client.GrpcClientProtocolClient (GrpcClientProtocolClient.java:onNext(254)) - client-2EC808601240->374189d0-76c5-49d2-81b4-45a4af1368a2: receive RaftClientReply:client-2EC808601240->374189d0-76c5-49d2-81b4-45a4af1368a2@group-30B6692CD68C, cid=1156, SUCCESS, logIndex=2025, commits[374189d0-76c5-49d2-81b4-45a4af1368a2:c2025]
2019-06-14 08:42:57,398 INFO  client.GrpcClientProtocolClient (GrpcClientProtocolClient.java:onNext(254)) - client-2EC808601240->374189d0-76c5-49d2-81b4-45a4af1368a2: receive RaftClientReply:client-2EC808601240->374189d0-76c5-49d2-81b4-45a4af1368a2@group-30B6692CD68C, cid=1157, SUCCESS, logIndex=2027, commits[374189d0-76c5-49d2-81b4-45a4af1368a2:c2027]
2019-06-14 08:42:57,401 INFO  client.GrpcClientProtocolClient (GrpcClientProtocolClient.java:onNext(254)) - client-2EC808601240->374189d0-76c5-49d2-81b4-45a4af1368a2: receive RaftClientReply:client-2EC808601240->374189d0-76c5-49d2-81b4-45a4af1368a2@group-30B6692CD68C, cid=1158, SUCCESS, logIndex=2029, commits[374189d0-76c5-49d2-81b4-45a4af1368a2:c2029]
2019-06-14 08:42:57,401 INFO  client.GrpcClientProtocolClient (GrpcClientProtocolClient.java:onNext(254)) - client-2EC808601240->374189d0-76c5-49d2-81b4-45a4af1368a2: receive RaftClientReply:client-2EC808601240->374189d0-76c5-49d2-81b4-45a4af1368a2@group-30B6692CD68C, cid=1159, SUCCESS, logIndex=2030, commits[374189d0-76c5-49d2-81b4-45a4af1368a2:c2032]
2019-06-14 08:42:57,402 INFO  client.GrpcClientProtocolClient (GrpcClientProtocolClient.java:onNext(254)) - client-2EC808601240->374189d0-76c5-49d2-81b4-45a4af1368a2: receive RaftClientReply:client-2EC808601240->374189d0-76c5-49d2-81b4-45a4af1368a2@group-30B6692CD68C, cid=1160, SUCCESS, logIndex=2031, commits[374189d0-76c5-49d2-81b4-45a4af1368a2:c2032]
2019-06-14 08:42:57,412 INFO  client.GrpcClientProtocolClient (GrpcClientProtocolClient.java:onNext(254)) - client-2EC808601240->374189d0-76c5-49d2-81b4-45a4af1368a2: receive RaftClientReply:client-2EC808601240->374189d0-76c5-49d2-81b4-45a4af1368a2@group-30B6692CD68C, cid=1161, SUCCESS, logIndex=2033, commits[374189d0-76c5-49d2-81b4-45a4af1368a2:c2033]
2019-06-14 08:42:57,414 INFO  client.GrpcClientProtocolClient (GrpcClientProtocolClient.java:onNext(254)) - client-2EC808601240->374189d0-76c5-49d2-81b4-45a4af1368a2: receive RaftClientReply:client-2EC808601240->374189d0-76c5-49d2-81b4-45a4af1368a2@group-30B6692CD68C, cid=1162, SUCCESS, logIndex=2035, commits[374189d0-76c5-49d2-81b4-45a4af1368a2:c2035]
2019-06-14 08:42:57,415 INFO  client.GrpcClientProtocolClient (GrpcClientProtocolClient.java:onNext(254)) - client-2EC808601240->374189d0-76c5-49d2-81b4-45a4af1368a2: receive RaftClientReply:client-2EC808601240->374189d0-76c5-49d2-81b4-45a4af1368a2@group-30B6692CD68C, cid=1163, SUCCESS, logIndex=2036, commits[374189d0-76c5-49d2-81b4-45a4af1368a2:c2036]
2019-06-14 08:42:57,415 INFO  client.GrpcClientProtocolClient (GrpcClientProtocolClient.java:onNext(254)) - client-2EC808601240->374189d0-76c5-49d2-81b4-45a4af1368a2: receive RaftClientReply:client-2EC808601240->374189d0-76c5-49d2-81b4-45a4af1368a2@group-30B6692CD68C, cid=1164, SUCCESS, logIndex=2038, commits[374189d0-76c5-49d2-81b4-45a4af1368a2:c2038]
2019-06-14 08:42:57,421 INFO  client.GrpcClientProtocolClient (GrpcClientProtocolClient.java:onNext(254)) - client-2EC808601240->374189d0-76c5-49d2-81b4-45a4af1368a2: receive RaftClientReply:client-2EC808601240->374189d0-76c5-49d2-81b4-45a4af1368a2@group-30B6692CD68C, cid=1165, SUCCESS, logIndex=2041, commits[374189d0-76c5-49d2-81b4-45a4af1368a2:c2041]
2019-06-14 08:42:57,422 INFO  client.GrpcClientProtocolClient (GrpcClientProtocolClient.java:onNext(254)) - client-2EC808601240->374189d0-76c5-49d2-81b4-45a4af1368a2: receive RaftClientReply:client-2EC808601240->374189d0-76c5-49d2-81b4-45a4af1368a2@group-30B6692CD68C, cid=1166, SUCCESS, logIndex=2043, commits[374189d0-76c5-49d2-81b4-45a4af1368a2:c2043]
2019-06-14 08:42:57,424 INFO  client.GrpcClientProtocolClient (GrpcClientProtocolClient.java:onNext(254)) - client-2EC808601240->374189d0-76c5-49d2-81b4-45a4af1368a2: receive RaftClientReply:client-2EC808601240->374189d0-76c5-49d2-81b4-45a4af1368a2@group-30B6692CD68C, cid=1167, SUCCESS, logIndex=2044, commits[374189d0-76c5-49d2-81b4-45a4af1368a2:c2046]
2019-06-14 08:42:57,424 INFO  client.GrpcClientProtocolClient (GrpcClientProtocolClient.java:onNext(254)) - client-2EC808601240->374189d0-76c5-49d2-81b4-45a4af1368a2: receive RaftClientReply:client-2EC808601240->374189d0-76c5-49d2-81b4-45a4af1368a2@group-30B6692CD68C, cid=1168, SUCCESS, logIndex=2045, commits[374189d0-76c5-49d2-81b4-45a4af1368a2:c2046]
2019-06-14 08:42:57,434 INFO  client.GrpcClientProtocolClient (GrpcClientProtocolClient.java:onNext(254)) - client-2EC808601240->374189d0-76c5-49d2-81b4-45a4af1368a2: receive RaftClientReply:client-2EC808601240->374189d0-76c5-49d2-81b4-45a4af1368a2@group-30B6692CD68C, cid=1169, SUCCESS, logIndex=2047, commits[374189d0-76c5-49d2-81b4-45a4af1368a2:c2047]
2019-06-14 08:42:57,436 INFO  client.GrpcClientProtocolClient (GrpcClientProtocolClient.java:onNext(254)) - client-2EC808601240->374189d0-76c5-49d2-81b4-45a4af1368a2: receive RaftClientReply:client-2EC808601240->374189d0-76c5-49d2-81b4-45a4af1368a2@group-30B6692CD68C, cid=1170, SUCCESS, logIndex=2049, commits[374189d0-76c5-49d2-81b4-45a4af1368a2:c2049]
2019-06-14 08:42:57,437 INFO  client.GrpcClientProtocolClient (GrpcClientProtocolClient.java:onNext(254)) - client-2EC808601240->374189d0-76c5-49d2-81b4-45a4af1368a2: receive RaftClientReply:client-2EC808601240->374189d0-76c5-49d2-81b4-45a4af1368a2@group-30B6692CD68C, cid=1171, SUCCESS, logIndex=2050, commits[374189d0-76c5-49d2-81b4-45a4af1368a2:c2052]
2019-06-14 08:42:57,438 INFO  client.GrpcClientProtocolClient (GrpcClientProtocolClient.java:onNext(254)) - client-2EC808601240->374189d0-76c5-49d2-81b4-45a4af1368a2: receive RaftClientReply:client-2EC808601240->374189d0-76c5-49d2-81b4-45a4af1368a2@group-30B6692CD68C, cid=1172, SUCCESS, logIndex=2052, commits[374189d0-76c5-49d2-81b4-45a4af1368a2:c2052]
2019-06-14 08:42:57,444 INFO  client.GrpcClientProtocolClient (GrpcClientProtocolClient.java:onNext(254)) - client-2EC808601240->374189d0-76c5-49d2-81b4-45a4af1368a2: receive RaftClientReply:client-2EC808601240->374189d0-76c5-49d2-81b4-45a4af1368a2@group-30B6692CD68C, cid=1173, SUCCESS, logIndex=2054, commits[374189d0-76c5-49d2-81b4-45a4af1368a2:c2054]
2019-06-14 08:42:57,446 INFO  client.GrpcClientProtocolClient (GrpcClientProtocolClient.java:onNext(254)) - client-2EC808601240->374189d0-76c5-49d2-81b4-45a4af1368a2: receive RaftClientReply:client-2EC808601240->374189d0-76c5-49d2-81b4-45a4af1368a2@group-30B6692CD68C, cid=1174, SUCCESS, logIndex=2056, commits[374189d0-76c5-49d2-81b4-45a4af1368a2:c2056]
2019-06-14 08:42:57,447 INFO  client.GrpcClientProtocolClient (GrpcClientProtocolClient.java:onNext(254)) - client-2EC808601240->374189d0-76c5-49d2-81b4-45a4af1368a2: receive RaftClientReply:client-2EC808601240->374189d0-76c5-49d2-81b4-45a4af1368a2@group-30B6692CD68C, cid=1175, SUCCESS, logIndex=2057, commits[374189d0-76c5-49d2-81b4-45a4af1368a2:c2059]
2019-06-14 08:42:57,447 INFO  client.GrpcClientProtocolClient (GrpcClientProtocolClient.java:onNext(254)) - client-2EC808601240->374189d0-76c5-49d2-81b4-45a4af1368a2: receive RaftClientReply:client-2EC808601240->374189d0-76c5-49d2-81b4-45a4af1368a2@group-30B6692CD68C, cid=1176, SUCCESS, logIndex=2058, commits[374189d0-76c5-49d2-81b4-45a4af1368a2:c2059]
2019-06-14 08:42:57,448 DEBUG block.SCMBlockDeletingService (SCMBlockDeletingService.java:call(138)) - Running DeletedBlockTransactionScanner
2019-06-14 08:42:57,448 DEBUG block.SCMBlockDeletingService (SCMBlockDeletingService.java:call(155)) - Scanned deleted blocks log and got 0 delTX to process.
2019-06-14 08:42:57,457 INFO  client.GrpcClientProtocolClient (GrpcClientProtocolClient.java:onNext(254)) - client-2EC808601240->374189d0-76c5-49d2-81b4-45a4af1368a2: receive RaftClientReply:client-2EC808601240->374189d0-76c5-49d2-81b4-45a4af1368a2@group-30B6692CD68C, cid=1177, SUCCESS, logIndex=2060, commits[374189d0-76c5-49d2-81b4-45a4af1368a2:c2060]
2019-06-14 08:42:57,459 INFO  client.GrpcClientProtocolClient (GrpcClientProtocolClient.java:onNext(254)) - client-2EC808601240->374189d0-76c5-49d2-81b4-45a4af1368a2: receive RaftClientReply:client-2EC808601240->374189d0-76c5-49d2-81b4-45a4af1368a2@group-30B6692CD68C, cid=1178, SUCCESS, logIndex=2062, commits[374189d0-76c5-49d2-81b4-45a4af1368a2:c2064]
2019-06-14 08:42:57,460 INFO  client.GrpcClientProtocolClient (GrpcClientProtocolClient.java:onNext(254)) - client-2EC808601240->374189d0-76c5-49d2-81b4-45a4af1368a2: receive RaftClientReply:client-2EC808601240->374189d0-76c5-49d2-81b4-45a4af1368a2@group-30B6692CD68C, cid=1179, SUCCESS, logIndex=2063, commits[374189d0-76c5-49d2-81b4-45a4af1368a2:c2064]
2019-06-14 08:42:57,460 INFO  client.GrpcClientProtocolClient (GrpcClientProtocolClient.java:onNext(254)) - client-2EC808601240->374189d0-76c5-49d2-81b4-45a4af1368a2: receive RaftClientReply:client-2EC808601240->374189d0-76c5-49d2-81b4-45a4af1368a2@group-30B6692CD68C, cid=1180, SUCCESS, logIndex=2064, commits[374189d0-76c5-49d2-81b4-45a4af1368a2:c2064]
2019-06-14 08:42:57,466 INFO  client.GrpcClientProtocolClient (GrpcClientProtocolClient.java:onNext(254)) - client-2EC808601240->374189d0-76c5-49d2-81b4-45a4af1368a2: receive RaftClientReply:client-2EC808601240->374189d0-76c5-49d2-81b4-45a4af1368a2@group-30B6692CD68C, cid=1181, SUCCESS, logIndex=2066, commits[374189d0-76c5-49d2-81b4-45a4af1368a2:c2066]
2019-06-14 08:42:57,467 INFO  client.GrpcClientProtocolClient (GrpcClientProtocolClient.java:onNext(254)) - client-2EC808601240->374189d0-76c5-49d2-81b4-45a4af1368a2: receive RaftClientReply:client-2EC808601240->374189d0-76c5-49d2-81b4-45a4af1368a2@group-30B6692CD68C, cid=1182, SUCCESS, logIndex=2068, commits[374189d0-76c5-49d2-81b4-45a4af1368a2:c2068]
2019-06-14 08:42:57,470 INFO  client.GrpcClientProtocolClient (GrpcClientProtocolClient.java:onNext(254)) - client-2EC808601240->374189d0-76c5-49d2-81b4-45a4af1368a2: receive RaftClientReply:client-2EC808601240->374189d0-76c5-49d2-81b4-45a4af1368a2@group-30B6692CD68C, cid=1183, SUCCESS, logIndex=2070, commits[374189d0-76c5-49d2-81b4-45a4af1368a2:c2071]
2019-06-14 08:42:57,470 INFO  client.GrpcClientProtocolClient (GrpcClientProtocolClient.java:onNext(254)) - client-2EC808601240->374189d0-76c5-49d2-81b4-45a4af1368a2: receive RaftClientReply:client-2EC808601240->374189d0-76c5-49d2-81b4-45a4af1368a2@group-30B6692CD68C, cid=1184, SUCCESS, logIndex=2071, commits[374189d0-76c5-49d2-81b4-45a4af1368a2:c2072]
2019-06-14 08:42:57,480 INFO  client.GrpcClientProtocolClient (GrpcClientProtocolClient.java:onNext(254)) - client-2EC808601240->374189d0-76c5-49d2-81b4-45a4af1368a2: receive RaftClientReply:client-2EC808601240->374189d0-76c5-49d2-81b4-45a4af1368a2@group-30B6692CD68C, cid=1185, SUCCESS, logIndex=2073, commits[374189d0-76c5-49d2-81b4-45a4af1368a2:c2073]
2019-06-14 08:42:57,481 INFO  client.GrpcClientProtocolClient (GrpcClientProtocolClient.java:onNext(254)) - client-2EC808601240->374189d0-76c5-49d2-81b4-45a4af1368a2: receive RaftClientReply:client-2EC808601240->374189d0-76c5-49d2-81b4-45a4af1368a2@group-30B6692CD68C, cid=1186, SUCCESS, logIndex=2075, commits[374189d0-76c5-49d2-81b4-45a4af1368a2:c2075]
2019-06-14 08:42:57,484 INFO  client.GrpcClientProtocolClient (GrpcClientProtocolClient.java:onNext(254)) - client-2EC808601240->374189d0-76c5-49d2-81b4-45a4af1368a2: receive RaftClientReply:client-2EC808601240->374189d0-76c5-49d2-81b4-45a4af1368a2@group-30B6692CD68C, cid=1187, SUCCESS, logIndex=2077, commits[374189d0-76c5-49d2-81b4-45a4af1368a2:c2078]
2019-06-14 08:42:57,484 INFO  client.GrpcClientProtocolClient (GrpcClientProtocolClient.java:onNext(254)) - client-2EC808601240->374189d0-76c5-49d2-81b4-45a4af1368a2: receive RaftClientReply:client-2EC808601240->374189d0-76c5-49d2-81b4-45a4af1368a2@group-30B6692CD68C, cid=1188, SUCCESS, logIndex=2078, commits[374189d0-76c5-49d2-81b4-45a4af1368a2:c2078]
2019-06-14 08:42:57,490 INFO  client.GrpcClientProtocolClient (GrpcClientProtocolClient.java:onNext(254)) - client-2EC808601240->374189d0-76c5-49d2-81b4-45a4af1368a2: receive RaftClientReply:client-2EC808601240->374189d0-76c5-49d2-81b4-45a4af1368a2@group-30B6692CD68C, cid=1189, SUCCESS, logIndex=2080, commits[374189d0-76c5-49d2-81b4-45a4af1368a2:c2080]
2019-06-14 08:42:57,491 INFO  client.GrpcClientProtocolClient (GrpcClientProtocolClient.java:onNext(254)) - client-2EC808601240->374189d0-76c5-49d2-81b4-45a4af1368a2: receive RaftClientReply:client-2EC808601240->374189d0-76c5-49d2-81b4-45a4af1368a2@group-30B6692CD68C, cid=1190, SUCCESS, logIndex=2082, commits[374189d0-76c5-49d2-81b4-45a4af1368a2:c2082]
2019-06-14 08:42:57,492 INFO  client.GrpcClientProtocolClient (GrpcClientProtocolClient.java:onNext(254)) - client-2EC808601240->374189d0-76c5-49d2-81b4-45a4af1368a2: receive RaftClientReply:client-2EC808601240->374189d0-76c5-49d2-81b4-45a4af1368a2@group-30B6692CD68C, cid=1191, SUCCESS, logIndex=2083, commits[374189d0-76c5-49d2-81b4-45a4af1368a2:c2085]
2019-06-14 08:42:57,493 INFO  client.GrpcClientProtocolClient (GrpcClientProtocolClient.java:onNext(254)) - client-2EC808601240->374189d0-76c5-49d2-81b4-45a4af1368a2: receive RaftClientReply:client-2EC808601240->374189d0-76c5-49d2-81b4-45a4af1368a2@group-30B6692CD68C, cid=1192, SUCCESS, logIndex=2084, commits[374189d0-76c5-49d2-81b4-45a4af1368a2:c2085]
2019-06-14 08:42:57,548 DEBUG block.SCMBlockDeletingService (SCMBlockDeletingService.java:call(138)) - Running DeletedBlockTransactionScanner
2019-06-14 08:42:57,548 DEBUG block.SCMBlockDeletingService (SCMBlockDeletingService.java:call(155)) - Scanned deleted blocks log and got 0 delTX to process.
2019-06-14 08:42:57,609 INFO  client.GrpcClientProtocolClient (GrpcClientProtocolClient.java:onNext(254)) - client-2EC808601240->374189d0-76c5-49d2-81b4-45a4af1368a2: receive RaftClientReply:client-2EC808601240->374189d0-76c5-49d2-81b4-45a4af1368a2@group-30B6692CD68C, cid=1193, SUCCESS, logIndex=2086, commits[374189d0-76c5-49d2-81b4-45a4af1368a2:c2086]
2019-06-14 08:42:57,611 INFO  client.GrpcClientProtocolClient (GrpcClientProtocolClient.java:onNext(254)) - client-2EC808601240->374189d0-76c5-49d2-81b4-45a4af1368a2: receive RaftClientReply:client-2EC808601240->374189d0-76c5-49d2-81b4-45a4af1368a2@group-30B6692CD68C, cid=1194, SUCCESS, logIndex=2088, commits[374189d0-76c5-49d2-81b4-45a4af1368a2:c2088]
2019-06-14 08:42:57,612 INFO  client.GrpcClientProtocolClient (GrpcClientProtocolClient.java:onNext(254)) - client-2EC808601240->374189d0-76c5-49d2-81b4-45a4af1368a2: receive RaftClientReply:client-2EC808601240->374189d0-76c5-49d2-81b4-45a4af1368a2@group-30B6692CD68C, cid=1195, SUCCESS, logIndex=2089, commits[374189d0-76c5-49d2-81b4-45a4af1368a2:c2089]
2019-06-14 08:42:57,612 INFO  client.GrpcClientProtocolClient (GrpcClientProtocolClient.java:onNext(254)) - client-2EC808601240->374189d0-76c5-49d2-81b4-45a4af1368a2: receive RaftClientReply:client-2EC808601240->374189d0-76c5-49d2-81b4-45a4af1368a2@group-30B6692CD68C, cid=1196, SUCCESS, logIndex=2091, commits[374189d0-76c5-49d2-81b4-45a4af1368a2:c2091]
2019-06-14 08:42:57,619 INFO  client.GrpcClientProtocolClient (GrpcClientProtocolClient.java:onNext(254)) - client-2EC808601240->374189d0-76c5-49d2-81b4-45a4af1368a2: receive RaftClientReply:client-2EC808601240->374189d0-76c5-49d2-81b4-45a4af1368a2@group-30B6692CD68C, cid=1197, SUCCESS, logIndex=2094, commits[374189d0-76c5-49d2-81b4-45a4af1368a2:c2094]
2019-06-14 08:42:57,619 INFO  storage.RaftLogWorker (RaftLogWorker.java:rollLogSegment(303)) - 374189d0-76c5-49d2-81b4-45a4af1368a2-RaftLogWorker: Rolling segment log-2024_2095 to index:2095
2019-06-14 08:42:57,620 INFO  storage.RaftLogWorker (RaftLogWorker.java:execute(433)) - 374189d0-76c5-49d2-81b4-45a4af1368a2-RaftLogWorker: Rolled log segment from /opt/src/hadoop-ozone/integration-test/target/test-dir/MiniOzoneClusterImpl-1994f8b8-dd4d-445c-bf25-0c6d40f9b14d/datanode-0/data/ratis/99d0acb8-99ce-4814-8259-30b6692cd68c/current/log_inprogress_2024 to /opt/src/hadoop-ozone/integration-test/target/test-dir/MiniOzoneClusterImpl-1994f8b8-dd4d-445c-bf25-0c6d40f9b14d/datanode-0/data/ratis/99d0acb8-99ce-4814-8259-30b6692cd68c/current/log_2024-2095
2019-06-14 08:42:57,649 DEBUG block.SCMBlockDeletingService (SCMBlockDeletingService.java:call(138)) - Running DeletedBlockTransactionScanner
2019-06-14 08:42:57,649 DEBUG block.SCMBlockDeletingService (SCMBlockDeletingService.java:call(155)) - Scanned deleted blocks log and got 0 delTX to process.
2019-06-14 08:42:57,663 INFO  storage.RaftLogWorker (RaftLogWorker.java:execute(469)) - 374189d0-76c5-49d2-81b4-45a4af1368a2-RaftLogWorker: created new log segment /opt/src/hadoop-ozone/integration-test/target/test-dir/MiniOzoneClusterImpl-1994f8b8-dd4d-445c-bf25-0c6d40f9b14d/datanode-0/data/ratis/99d0acb8-99ce-4814-8259-30b6692cd68c/current/log_inprogress_2096
2019-06-14 08:42:57,666 INFO  client.GrpcClientProtocolClient (GrpcClientProtocolClient.java:onNext(254)) - client-2EC808601240->374189d0-76c5-49d2-81b4-45a4af1368a2: receive RaftClientReply:client-2EC808601240->374189d0-76c5-49d2-81b4-45a4af1368a2@group-30B6692CD68C, cid=1198, SUCCESS, logIndex=2096, commits[374189d0-76c5-49d2-81b4-45a4af1368a2:c2098]
2019-06-14 08:42:57,667 INFO  client.GrpcClientProtocolClient (GrpcClientProtocolClient.java:onNext(254)) - client-2EC808601240->374189d0-76c5-49d2-81b4-45a4af1368a2: receive RaftClientReply:client-2EC808601240->374189d0-76c5-49d2-81b4-45a4af1368a2@group-30B6692CD68C, cid=1199, SUCCESS, logIndex=2097, commits[374189d0-76c5-49d2-81b4-45a4af1368a2:c2099]
2019-06-14 08:42:57,667 INFO  client.GrpcClientProtocolClient (GrpcClientProtocolClient.java:onNext(254)) - client-2EC808601240->374189d0-76c5-49d2-81b4-45a4af1368a2: receive RaftClientReply:client-2EC808601240->374189d0-76c5-49d2-81b4-45a4af1368a2@group-30B6692CD68C, cid=1200, SUCCESS, logIndex=2098, commits[374189d0-76c5-49d2-81b4-45a4af1368a2:c2099]
2019-06-14 08:42:57,676 INFO  client.GrpcClientProtocolClient (GrpcClientProtocolClient.java:onNext(254)) - client-2EC808601240->374189d0-76c5-49d2-81b4-45a4af1368a2: receive RaftClientReply:client-2EC808601240->374189d0-76c5-49d2-81b4-45a4af1368a2@group-30B6692CD68C, cid=1201, SUCCESS, logIndex=2100, commits[374189d0-76c5-49d2-81b4-45a4af1368a2:c2100]
2019-06-14 08:42:57,678 INFO  client.GrpcClientProtocolClient (GrpcClientProtocolClient.java:onNext(254)) - client-2EC808601240->374189d0-76c5-49d2-81b4-45a4af1368a2: receive RaftClientReply:client-2EC808601240->374189d0-76c5-49d2-81b4-45a4af1368a2@group-30B6692CD68C, cid=1202, SUCCESS, logIndex=2102, commits[374189d0-76c5-49d2-81b4-45a4af1368a2:c2102]
2019-06-14 08:42:57,679 INFO  client.GrpcClientProtocolClient (GrpcClientProtocolClient.java:onNext(254)) - client-2EC808601240->374189d0-76c5-49d2-81b4-45a4af1368a2: receive RaftClientReply:client-2EC808601240->374189d0-76c5-49d2-81b4-45a4af1368a2@group-30B6692CD68C, cid=1203, SUCCESS, logIndex=2103, commits[374189d0-76c5-49d2-81b4-45a4af1368a2:c2105]
2019-06-14 08:42:57,680 INFO  client.GrpcClientProtocolClient (GrpcClientProtocolClient.java:onNext(254)) - client-2EC808601240->374189d0-76c5-49d2-81b4-45a4af1368a2: receive RaftClientReply:client-2EC808601240->374189d0-76c5-49d2-81b4-45a4af1368a2@group-30B6692CD68C, cid=1204, SUCCESS, logIndex=2104, commits[374189d0-76c5-49d2-81b4-45a4af1368a2:c2105]
2019-06-14 08:42:57,686 INFO  client.GrpcClientProtocolClient (GrpcClientProtocolClient.java:onNext(254)) - client-2EC808601240->374189d0-76c5-49d2-81b4-45a4af1368a2: receive RaftClientReply:client-2EC808601240->374189d0-76c5-49d2-81b4-45a4af1368a2@group-30B6692CD68C, cid=1205, SUCCESS, logIndex=2106, commits[374189d0-76c5-49d2-81b4-45a4af1368a2:c2106]
2019-06-14 08:42:57,688 INFO  client.GrpcClientProtocolClient (GrpcClientProtocolClient.java:onNext(254)) - client-2EC808601240->374189d0-76c5-49d2-81b4-45a4af1368a2: receive RaftClientReply:client-2EC808601240->374189d0-76c5-49d2-81b4-45a4af1368a2@group-30B6692CD68C, cid=1206, SUCCESS, logIndex=2108, commits[374189d0-76c5-49d2-81b4-45a4af1368a2:c2108]
2019-06-14 08:42:57,689 INFO  client.GrpcClientProtocolClient (GrpcClientProtocolClient.java:onNext(254)) - client-2EC808601240->374189d0-76c5-49d2-81b4-45a4af1368a2: receive RaftClientReply:client-2EC808601240->374189d0-76c5-49d2-81b4-45a4af1368a2@group-30B6692CD68C, cid=1207, SUCCESS, logIndex=2109, commits[374189d0-76c5-49d2-81b4-45a4af1368a2:c2111]
2019-06-14 08:42:57,691 INFO  client.GrpcClientProtocolClient (GrpcClientProtocolClient.java:onNext(254)) - client-2EC808601240->374189d0-76c5-49d2-81b4-45a4af1368a2: receive RaftClientReply:client-2EC808601240->374189d0-76c5-49d2-81b4-45a4af1368a2@group-30B6692CD68C, cid=1208, SUCCESS, logIndex=2110, commits[374189d0-76c5-49d2-81b4-45a4af1368a2:c2111]
2019-06-14 08:42:57,701 INFO  client.GrpcClientProtocolClient (GrpcClientProtocolClient.java:onNext(254)) - client-2EC808601240->374189d0-76c5-49d2-81b4-45a4af1368a2: receive RaftClientReply:client-2EC808601240->374189d0-76c5-49d2-81b4-45a4af1368a2@group-30B6692CD68C, cid=1209, SUCCESS, logIndex=2112, commits[374189d0-76c5-49d2-81b4-45a4af1368a2:c2112]
2019-06-14 08:42:57,703 INFO  client.GrpcClientProtocolClient (GrpcClientProtocolClient.java:onNext(254)) - client-2EC808601240->374189d0-76c5-49d2-81b4-45a4af1368a2: receive RaftClientReply:client-2EC808601240->374189d0-76c5-49d2-81b4-45a4af1368a2@group-30B6692CD68C, cid=1210, SUCCESS, logIndex=2114, commits[374189d0-76c5-49d2-81b4-45a4af1368a2:c2114]
2019-06-14 08:42:57,704 INFO  client.GrpcClientProtocolClient (GrpcClientProtocolClient.java:onNext(254)) - client-2EC808601240->374189d0-76c5-49d2-81b4-45a4af1368a2: receive RaftClientReply:client-2EC808601240->374189d0-76c5-49d2-81b4-45a4af1368a2@group-30B6692CD68C, cid=1211, SUCCESS, logIndex=2115, commits[374189d0-76c5-49d2-81b4-45a4af1368a2:c2117]
2019-06-14 08:42:57,705 INFO  client.GrpcClientProtocolClient (GrpcClientProtocolClient.java:onNext(254)) - client-2EC808601240->374189d0-76c5-49d2-81b4-45a4af1368a2: receive RaftClientReply:client-2EC808601240->374189d0-76c5-49d2-81b4-45a4af1368a2@group-30B6692CD68C, cid=1212, SUCCESS, logIndex=2116, commits[374189d0-76c5-49d2-81b4-45a4af1368a2:c2117]
2019-06-14 08:42:57,710 INFO  client.GrpcClientProtocolClient (GrpcClientProtocolClient.java:onNext(254)) - client-2EC808601240->374189d0-76c5-49d2-81b4-45a4af1368a2: receive RaftClientReply:client-2EC808601240->374189d0-76c5-49d2-81b4-45a4af1368a2@group-30B6692CD68C, cid=1213, SUCCESS, logIndex=2118, commits[374189d0-76c5-49d2-81b4-45a4af1368a2:c2118]
2019-06-14 08:42:57,712 INFO  client.GrpcClientProtocolClient (GrpcClientProtocolClient.java:onNext(254)) - client-2EC808601240->374189d0-76c5-49d2-81b4-45a4af1368a2: receive RaftClientReply:client-2EC808601240->374189d0-76c5-49d2-81b4-45a4af1368a2@group-30B6692CD68C, cid=1214, SUCCESS, logIndex=2120, commits[374189d0-76c5-49d2-81b4-45a4af1368a2:c2120]
2019-06-14 08:42:57,714 INFO  client.GrpcClientProtocolClient (GrpcClientProtocolClient.java:onNext(254)) - client-2EC808601240->374189d0-76c5-49d2-81b4-45a4af1368a2: receive RaftClientReply:client-2EC808601240->374189d0-76c5-49d2-81b4-45a4af1368a2@group-30B6692CD68C, cid=1215, SUCCESS, logIndex=2121, commits[374189d0-76c5-49d2-81b4-45a4af1368a2:c2123]
2019-06-14 08:42:57,714 INFO  client.GrpcClientProtocolClient (GrpcClientProtocolClient.java:onNext(254)) - client-2EC808601240->374189d0-76c5-49d2-81b4-45a4af1368a2: receive RaftClientReply:client-2EC808601240->374189d0-76c5-49d2-81b4-45a4af1368a2@group-30B6692CD68C, cid=1216, SUCCESS, logIndex=2122, commits[374189d0-76c5-49d2-81b4-45a4af1368a2:c2123]
2019-06-14 08:42:57,723 INFO  client.GrpcClientProtocolClient (GrpcClientProtocolClient.java:onNext(254)) - client-2EC808601240->374189d0-76c5-49d2-81b4-45a4af1368a2: receive RaftClientReply:client-2EC808601240->374189d0-76c5-49d2-81b4-45a4af1368a2@group-30B6692CD68C, cid=1217, SUCCESS, logIndex=2124, commits[374189d0-76c5-49d2-81b4-45a4af1368a2:c2124]
2019-06-14 08:42:57,728 INFO  client.GrpcClientProtocolClient (GrpcClientProtocolClient.java:onNext(254)) - client-2EC808601240->374189d0-76c5-49d2-81b4-45a4af1368a2: receive RaftClientReply:client-2EC808601240->374189d0-76c5-49d2-81b4-45a4af1368a2@group-30B6692CD68C, cid=1218, SUCCESS, logIndex=2126, commits[374189d0-76c5-49d2-81b4-45a4af1368a2:c2126]
2019-06-14 08:42:57,728 INFO  client.GrpcClientProtocolClient (GrpcClientProtocolClient.java:onNext(254)) - client-2EC808601240->374189d0-76c5-49d2-81b4-45a4af1368a2: receive RaftClientReply:client-2EC808601240->374189d0-76c5-49d2-81b4-45a4af1368a2@group-30B6692CD68C, cid=1219, SUCCESS, logIndex=2127, commits[374189d0-76c5-49d2-81b4-45a4af1368a2:c2129]
2019-06-14 08:42:57,729 INFO  client.GrpcClientProtocolClient (GrpcClientProtocolClient.java:onNext(254)) - client-2EC808601240->374189d0-76c5-49d2-81b4-45a4af1368a2: receive RaftClientReply:client-2EC808601240->374189d0-76c5-49d2-81b4-45a4af1368a2@group-30B6692CD68C, cid=1220, SUCCESS, logIndex=2128, commits[374189d0-76c5-49d2-81b4-45a4af1368a2:c2129]
2019-06-14 08:42:57,734 INFO  client.GrpcClientProtocolClient (GrpcClientProtocolClient.java:onNext(254)) - client-2EC808601240->374189d0-76c5-49d2-81b4-45a4af1368a2: receive RaftClientReply:client-2EC808601240->374189d0-76c5-49d2-81b4-45a4af1368a2@group-30B6692CD68C, cid=1221, SUCCESS, logIndex=2130, commits[374189d0-76c5-49d2-81b4-45a4af1368a2:c2130]
2019-06-14 08:42:57,736 INFO  client.GrpcClientProtocolClient (GrpcClientProtocolClient.java:onNext(254)) - client-2EC808601240->374189d0-76c5-49d2-81b4-45a4af1368a2: receive RaftClientReply:client-2EC808601240->374189d0-76c5-49d2-81b4-45a4af1368a2@group-30B6692CD68C, cid=1222, SUCCESS, logIndex=2132, commits[374189d0-76c5-49d2-81b4-45a4af1368a2:c2132]
2019-06-14 08:42:57,737 INFO  client.GrpcClientProtocolClient (GrpcClientProtocolClient.java:onNext(254)) - client-2EC808601240->374189d0-76c5-49d2-81b4-45a4af1368a2: receive RaftClientReply:client-2EC808601240->374189d0-76c5-49d2-81b4-45a4af1368a2@group-30B6692CD68C, cid=1223, SUCCESS, logIndex=2133, commits[374189d0-76c5-49d2-81b4-45a4af1368a2:c2134]
2019-06-14 08:42:57,737 INFO  client.GrpcClientProtocolClient (GrpcClientProtocolClient.java:onNext(254)) - client-2EC808601240->374189d0-76c5-49d2-81b4-45a4af1368a2: receive RaftClientReply:client-2EC808601240->374189d0-76c5-49d2-81b4-45a4af1368a2@group-30B6692CD68C, cid=1224, SUCCESS, logIndex=2134, commits[374189d0-76c5-49d2-81b4-45a4af1368a2:c2134]
2019-06-14 08:42:57,746 INFO  client.GrpcClientProtocolClient (GrpcClientProtocolClient.java:onNext(254)) - client-2EC808601240->374189d0-76c5-49d2-81b4-45a4af1368a2: receive RaftClientReply:client-2EC808601240->374189d0-76c5-49d2-81b4-45a4af1368a2@group-30B6692CD68C, cid=1225, SUCCESS, logIndex=2137, commits[374189d0-76c5-49d2-81b4-45a4af1368a2:c2137]
2019-06-14 08:42:57,749 INFO  client.GrpcClientProtocolClient (GrpcClientProtocolClient.java:onNext(254)) - client-2EC808601240->374189d0-76c5-49d2-81b4-45a4af1368a2: receive RaftClientReply:client-2EC808601240->374189d0-76c5-49d2-81b4-45a4af1368a2@group-30B6692CD68C, cid=1226, SUCCESS, logIndex=2139, commits[374189d0-76c5-49d2-81b4-45a4af1368a2:c2139]
2019-06-14 08:42:57,749 INFO  client.GrpcClientProtocolClient (GrpcClientProtocolClient.java:onNext(254)) - client-2EC808601240->374189d0-76c5-49d2-81b4-45a4af1368a2: receive RaftClientReply:client-2EC808601240->374189d0-76c5-49d2-81b4-45a4af1368a2@group-30B6692CD68C, cid=1227, SUCCESS, logIndex=2140, commits[374189d0-76c5-49d2-81b4-45a4af1368a2:c2142]
2019-06-14 08:42:57,749 INFO  client.GrpcClientProtocolClient (GrpcClientProtocolClient.java:onNext(254)) - client-2EC808601240->374189d0-76c5-49d2-81b4-45a4af1368a2: receive RaftClientReply:client-2EC808601240->374189d0-76c5-49d2-81b4-45a4af1368a2@group-30B6692CD68C, cid=1228, SUCCESS, logIndex=2141, commits[374189d0-76c5-49d2-81b4-45a4af1368a2:c2142]
2019-06-14 08:42:57,753 DEBUG block.SCMBlockDeletingService (SCMBlockDeletingService.java:call(138)) - Running DeletedBlockTransactionScanner
2019-06-14 08:42:57,753 DEBUG block.SCMBlockDeletingService (SCMBlockDeletingService.java:call(155)) - Scanned deleted blocks log and got 0 delTX to process.
2019-06-14 08:42:57,756 INFO  client.GrpcClientProtocolClient (GrpcClientProtocolClient.java:onNext(254)) - client-2EC808601240->374189d0-76c5-49d2-81b4-45a4af1368a2: receive RaftClientReply:client-2EC808601240->374189d0-76c5-49d2-81b4-45a4af1368a2@group-30B6692CD68C, cid=1229, SUCCESS, logIndex=2143, commits[374189d0-76c5-49d2-81b4-45a4af1368a2:c2143]
2019-06-14 08:42:57,759 INFO  client.GrpcClientProtocolClient (GrpcClientProtocolClient.java:onNext(254)) - client-2EC808601240->374189d0-76c5-49d2-81b4-45a4af1368a2: receive RaftClientReply:client-2EC808601240->374189d0-76c5-49d2-81b4-45a4af1368a2@group-30B6692CD68C, cid=1230, SUCCESS, logIndex=2145, commits[374189d0-76c5-49d2-81b4-45a4af1368a2:c2145]
2019-06-14 08:42:57,759 INFO  client.GrpcClientProtocolClient (GrpcClientProtocolClient.java:onNext(254)) - client-2EC808601240->374189d0-76c5-49d2-81b4-45a4af1368a2: receive RaftClientReply:client-2EC808601240->374189d0-76c5-49d2-81b4-45a4af1368a2@group-30B6692CD68C, cid=1231, SUCCESS, logIndex=2146, commits[374189d0-76c5-49d2-81b4-45a4af1368a2:c2148]
2019-06-14 08:42:57,760 INFO  client.GrpcClientProtocolClient (GrpcClientProtocolClient.java:onNext(254)) - client-2EC808601240->374189d0-76c5-49d2-81b4-45a4af1368a2: receive RaftClientReply:client-2EC808601240->374189d0-76c5-49d2-81b4-45a4af1368a2@group-30B6692CD68C, cid=1232, SUCCESS, logIndex=2147, commits[374189d0-76c5-49d2-81b4-45a4af1368a2:c2148]
2019-06-14 08:42:57,769 INFO  client.GrpcClientProtocolClient (GrpcClientProtocolClient.java:onNext(254)) - client-2EC808601240->374189d0-76c5-49d2-81b4-45a4af1368a2: receive RaftClientReply:client-2EC808601240->374189d0-76c5-49d2-81b4-45a4af1368a2@group-30B6692CD68C, cid=1233, SUCCESS, logIndex=2149, commits[374189d0-76c5-49d2-81b4-45a4af1368a2:c2149]
2019-06-14 08:42:57,771 INFO  client.GrpcClientProtocolClient (GrpcClientProtocolClient.java:onNext(254)) - client-2EC808601240->374189d0-76c5-49d2-81b4-45a4af1368a2: receive RaftClientReply:client-2EC808601240->374189d0-76c5-49d2-81b4-45a4af1368a2@group-30B6692CD68C, cid=1234, SUCCESS, logIndex=2151, commits[374189d0-76c5-49d2-81b4-45a4af1368a2:c2151]
2019-06-14 08:42:57,772 INFO  client.GrpcClientProtocolClient (GrpcClientProtocolClient.java:onNext(254)) - client-2EC808601240->374189d0-76c5-49d2-81b4-45a4af1368a2: receive RaftClientReply:client-2EC808601240->374189d0-76c5-49d2-81b4-45a4af1368a2@group-30B6692CD68C, cid=1235, SUCCESS, logIndex=2152, commits[374189d0-76c5-49d2-81b4-45a4af1368a2:c2154]
2019-06-14 08:42:57,772 INFO  client.GrpcClientProtocolClient (GrpcClientProtocolClient.java:onNext(254)) - client-2EC808601240->374189d0-76c5-49d2-81b4-45a4af1368a2: receive RaftClientReply:client-2EC808601240->374189d0-76c5-49d2-81b4-45a4af1368a2@group-30B6692CD68C, cid=1236, SUCCESS, logIndex=2153, commits[374189d0-76c5-49d2-81b4-45a4af1368a2:c2154]
2019-06-14 08:42:57,845 INFO  client.GrpcClientProtocolClient (GrpcClientProtocolClient.java:onNext(254)) - client-2EC808601240->374189d0-76c5-49d2-81b4-45a4af1368a2: receive RaftClientReply:client-2EC808601240->374189d0-76c5-49d2-81b4-45a4af1368a2@group-30B6692CD68C, cid=1237, SUCCESS, logIndex=2155, commits[374189d0-76c5-49d2-81b4-45a4af1368a2:c2155]
2019-06-14 08:42:57,846 INFO  client.GrpcClientProtocolClient (GrpcClientProtocolClient.java:onNext(254)) - client-2EC808601240->374189d0-76c5-49d2-81b4-45a4af1368a2: receive RaftClientReply:client-2EC808601240->374189d0-76c5-49d2-81b4-45a4af1368a2@group-30B6692CD68C, cid=1238, SUCCESS, logIndex=2157, commits[374189d0-76c5-49d2-81b4-45a4af1368a2:c2157]
2019-06-14 08:42:57,848 INFO  client.GrpcClientProtocolClient (GrpcClientProtocolClient.java:onNext(254)) - client-2EC808601240->374189d0-76c5-49d2-81b4-45a4af1368a2: receive RaftClientReply:client-2EC808601240->374189d0-76c5-49d2-81b4-45a4af1368a2@group-30B6692CD68C, cid=1239, SUCCESS, logIndex=2158, commits[374189d0-76c5-49d2-81b4-45a4af1368a2:c2160]
2019-06-14 08:42:57,848 INFO  client.GrpcClientProtocolClient (GrpcClientProtocolClient.java:onNext(254)) - client-2EC808601240->374189d0-76c5-49d2-81b4-45a4af1368a2: receive RaftClientReply:client-2EC808601240->374189d0-76c5-49d2-81b4-45a4af1368a2@group-30B6692CD68C, cid=1240, SUCCESS, logIndex=2160, commits[374189d0-76c5-49d2-81b4-45a4af1368a2:c2160]
2019-06-14 08:42:57,853 DEBUG block.SCMBlockDeletingService (SCMBlockDeletingService.java:call(138)) - Running DeletedBlockTransactionScanner
2019-06-14 08:42:57,854 DEBUG block.SCMBlockDeletingService (SCMBlockDeletingService.java:call(155)) - Scanned deleted blocks log and got 0 delTX to process.
2019-06-14 08:42:57,857 INFO  storage.RaftLogWorker (RaftLogWorker.java:rollLogSegment(303)) - 374189d0-76c5-49d2-81b4-45a4af1368a2-RaftLogWorker: Rolling segment log-2096_2161 to index:2161
2019-06-14 08:42:57,858 INFO  storage.RaftLogWorker (RaftLogWorker.java:execute(433)) - 374189d0-76c5-49d2-81b4-45a4af1368a2-RaftLogWorker: Rolled log segment from /opt/src/hadoop-ozone/integration-test/target/test-dir/MiniOzoneClusterImpl-1994f8b8-dd4d-445c-bf25-0c6d40f9b14d/datanode-0/data/ratis/99d0acb8-99ce-4814-8259-30b6692cd68c/current/log_inprogress_2096 to /opt/src/hadoop-ozone/integration-test/target/test-dir/MiniOzoneClusterImpl-1994f8b8-dd4d-445c-bf25-0c6d40f9b14d/datanode-0/data/ratis/99d0acb8-99ce-4814-8259-30b6692cd68c/current/log_2096-2161
2019-06-14 08:42:57,896 INFO  storage.RaftLogWorker (RaftLogWorker.java:execute(469)) - 374189d0-76c5-49d2-81b4-45a4af1368a2-RaftLogWorker: created new log segment /opt/src/hadoop-ozone/integration-test/target/test-dir/MiniOzoneClusterImpl-1994f8b8-dd4d-445c-bf25-0c6d40f9b14d/datanode-0/data/ratis/99d0acb8-99ce-4814-8259-30b6692cd68c/current/log_inprogress_2162
2019-06-14 08:42:57,898 INFO  client.GrpcClientProtocolClient (GrpcClientProtocolClient.java:onNext(254)) - client-2EC808601240->374189d0-76c5-49d2-81b4-45a4af1368a2: receive RaftClientReply:client-2EC808601240->374189d0-76c5-49d2-81b4-45a4af1368a2@group-30B6692CD68C, cid=1241, SUCCESS, logIndex=2162, commits[374189d0-76c5-49d2-81b4-45a4af1368a2:c2162]
2019-06-14 08:42:57,900 INFO  client.GrpcClientProtocolClient (GrpcClientProtocolClient.java:onNext(254)) - client-2EC808601240->374189d0-76c5-49d2-81b4-45a4af1368a2: receive RaftClientReply:client-2EC808601240->374189d0-76c5-49d2-81b4-45a4af1368a2@group-30B6692CD68C, cid=1242, SUCCESS, logIndex=2164, commits[374189d0-76c5-49d2-81b4-45a4af1368a2:c2164]
2019-06-14 08:42:57,901 INFO  client.GrpcClientProtocolClient (GrpcClientProtocolClient.java:onNext(254)) - client-2EC808601240->374189d0-76c5-49d2-81b4-45a4af1368a2: receive RaftClientReply:client-2EC808601240->374189d0-76c5-49d2-81b4-45a4af1368a2@group-30B6692CD68C, cid=1243, SUCCESS, logIndex=2166, commits[374189d0-76c5-49d2-81b4-45a4af1368a2:c2167]
2019-06-14 08:42:57,902 INFO  client.GrpcClientProtocolClient (GrpcClientProtocolClient.java:onNext(254)) - client-2EC808601240->374189d0-76c5-49d2-81b4-45a4af1368a2: receive RaftClientReply:client-2EC808601240->374189d0-76c5-49d2-81b4-45a4af1368a2@group-30B6692CD68C, cid=1244, SUCCESS, logIndex=2167, commits[374189d0-76c5-49d2-81b4-45a4af1368a2:c2168]
2019-06-14 08:42:57,908 INFO  client.GrpcClientProtocolClient (GrpcClientProtocolClient.java:onNext(254)) - client-2EC808601240->374189d0-76c5-49d2-81b4-45a4af1368a2: receive RaftClientReply:client-2EC808601240->374189d0-76c5-49d2-81b4-45a4af1368a2@group-30B6692CD68C, cid=1245, SUCCESS, logIndex=2169, commits[374189d0-76c5-49d2-81b4-45a4af1368a2:c2169]
2019-06-14 08:42:57,911 INFO  client.GrpcClientProtocolClient (GrpcClientProtocolClient.java:onNext(254)) - client-2EC808601240->374189d0-76c5-49d2-81b4-45a4af1368a2: receive RaftClientReply:client-2EC808601240->374189d0-76c5-49d2-81b4-45a4af1368a2@group-30B6692CD68C, cid=1246, SUCCESS, logIndex=2171, commits[374189d0-76c5-49d2-81b4-45a4af1368a2:c2171]
2019-06-14 08:42:57,911 INFO  client.GrpcClientProtocolClient (GrpcClientProtocolClient.java:onNext(254)) - client-2EC808601240->374189d0-76c5-49d2-81b4-45a4af1368a2: receive RaftClientReply:client-2EC808601240->374189d0-76c5-49d2-81b4-45a4af1368a2@group-30B6692CD68C, cid=1247, SUCCESS, logIndex=2172, commits[374189d0-76c5-49d2-81b4-45a4af1368a2:c2174]
2019-06-14 08:42:57,912 INFO  client.GrpcClientProtocolClient (GrpcClientProtocolClient.java:onNext(254)) - client-2EC808601240->374189d0-76c5-49d2-81b4-45a4af1368a2: receive RaftClientReply:client-2EC808601240->374189d0-76c5-49d2-81b4-45a4af1368a2@group-30B6692CD68C, cid=1248, SUCCESS, logIndex=2174, commits[374189d0-76c5-49d2-81b4-45a4af1368a2:c2174]
2019-06-14 08:42:57,921 INFO  client.GrpcClientProtocolClient (GrpcClientProtocolClient.java:onNext(254)) - client-2EC808601240->374189d0-76c5-49d2-81b4-45a4af1368a2: receive RaftClientReply:client-2EC808601240->374189d0-76c5-49d2-81b4-45a4af1368a2@group-30B6692CD68C, cid=1249, SUCCESS, logIndex=2176, commits[374189d0-76c5-49d2-81b4-45a4af1368a2:c2176]
2019-06-14 08:42:57,923 INFO  client.GrpcClientProtocolClient (GrpcClientProtocolClient.java:onNext(254)) - client-2EC808601240->374189d0-76c5-49d2-81b4-45a4af1368a2: receive RaftClientReply:client-2EC808601240->374189d0-76c5-49d2-81b4-45a4af1368a2@group-30B6692CD68C, cid=1250, SUCCESS, logIndex=2178, commits[374189d0-76c5-49d2-81b4-45a4af1368a2:c2178]
2019-06-14 08:42:57,924 INFO  client.GrpcClientProtocolClient (GrpcClientProtocolClient.java:onNext(254)) - client-2EC808601240->374189d0-76c5-49d2-81b4-45a4af1368a2: receive RaftClientReply:client-2EC808601240->374189d0-76c5-49d2-81b4-45a4af1368a2@group-30B6692CD68C, cid=1251, SUCCESS, logIndex=2179, commits[374189d0-76c5-49d2-81b4-45a4af1368a2:c2180]
2019-06-14 08:42:57,924 INFO  client.GrpcClientProtocolClient (GrpcClientProtocolClient.java:onNext(254)) - client-2EC808601240->374189d0-76c5-49d2-81b4-45a4af1368a2: receive RaftClientReply:client-2EC808601240->374189d0-76c5-49d2-81b4-45a4af1368a2@group-30B6692CD68C, cid=1252, SUCCESS, logIndex=2180, commits[374189d0-76c5-49d2-81b4-45a4af1368a2:c2180]
2019-06-14 08:42:57,930 INFO  client.GrpcClientProtocolClient (GrpcClientProtocolClient.java:onNext(254)) - client-2EC808601240->374189d0-76c5-49d2-81b4-45a4af1368a2: receive RaftClientReply:client-2EC808601240->374189d0-76c5-49d2-81b4-45a4af1368a2@group-30B6692CD68C, cid=1253, SUCCESS, logIndex=2183, commits[374189d0-76c5-49d2-81b4-45a4af1368a2:c2183]
2019-06-14 08:42:57,931 INFO  client.GrpcClientProtocolClient (GrpcClientProtocolClient.java:onNext(254)) - client-2EC808601240->374189d0-76c5-49d2-81b4-45a4af1368a2: receive RaftClientReply:client-2EC808601240->374189d0-76c5-49d2-81b4-45a4af1368a2@group-30B6692CD68C, cid=1254, SUCCESS, logIndex=2185, commits[374189d0-76c5-49d2-81b4-45a4af1368a2:c2185]
2019-06-14 08:42:57,933 INFO  client.GrpcClientProtocolClient (GrpcClientProtocolClient.java:onNext(254)) - client-2EC808601240->374189d0-76c5-49d2-81b4-45a4af1368a2: receive RaftClientReply:client-2EC808601240->374189d0-76c5-49d2-81b4-45a4af1368a2@group-30B6692CD68C, cid=1255, SUCCESS, logIndex=2186, commits[374189d0-76c5-49d2-81b4-45a4af1368a2:c2188]
2019-06-14 08:42:57,933 INFO  client.GrpcClientProtocolClient (GrpcClientProtocolClient.java:onNext(254)) - client-2EC808601240->374189d0-76c5-49d2-81b4-45a4af1368a2: receive RaftClientReply:client-2EC808601240->374189d0-76c5-49d2-81b4-45a4af1368a2@group-30B6692CD68C, cid=1256, SUCCESS, logIndex=2187, commits[374189d0-76c5-49d2-81b4-45a4af1368a2:c2188]
2019-06-14 08:42:57,943 INFO  client.GrpcClientProtocolClient (GrpcClientProtocolClient.java:onNext(254)) - client-2EC808601240->374189d0-76c5-49d2-81b4-45a4af1368a2: receive RaftClientReply:client-2EC808601240->374189d0-76c5-49d2-81b4-45a4af1368a2@group-30B6692CD68C, cid=1257, SUCCESS, logIndex=2189, commits[374189d0-76c5-49d2-81b4-45a4af1368a2:c2189]
2019-06-14 08:42:57,946 INFO  client.GrpcClientProtocolClient (GrpcClientProtocolClient.java:onNext(254)) - client-2EC808601240->374189d0-76c5-49d2-81b4-45a4af1368a2: receive RaftClientReply:client-2EC808601240->374189d0-76c5-49d2-81b4-45a4af1368a2@group-30B6692CD68C, cid=1258, SUCCESS, logIndex=2191, commits[374189d0-76c5-49d2-81b4-45a4af1368a2:c2191]
2019-06-14 08:42:57,947 INFO  client.GrpcClientProtocolClient (GrpcClientProtocolClient.java:onNext(254)) - client-2EC808601240->374189d0-76c5-49d2-81b4-45a4af1368a2: receive RaftClientReply:client-2EC808601240->374189d0-76c5-49d2-81b4-45a4af1368a2@group-30B6692CD68C, cid=1259, SUCCESS, logIndex=2192, commits[374189d0-76c5-49d2-81b4-45a4af1368a2:c2194]
2019-06-14 08:42:57,947 INFO  client.GrpcClientProtocolClient (GrpcClientProtocolClient.java:onNext(254)) - client-2EC808601240->374189d0-76c5-49d2-81b4-45a4af1368a2: receive RaftClientReply:client-2EC808601240->374189d0-76c5-49d2-81b4-45a4af1368a2@group-30B6692CD68C, cid=1260, SUCCESS, logIndex=2193, commits[374189d0-76c5-49d2-81b4-45a4af1368a2:c2194]
2019-06-14 08:42:57,953 INFO  client.GrpcClientProtocolClient (GrpcClientProtocolClient.java:onNext(254)) - client-2EC808601240->374189d0-76c5-49d2-81b4-45a4af1368a2: receive RaftClientReply:client-2EC808601240->374189d0-76c5-49d2-81b4-45a4af1368a2@group-30B6692CD68C, cid=1261, SUCCESS, logIndex=2195, commits[374189d0-76c5-49d2-81b4-45a4af1368a2:c2195]
2019-06-14 08:42:57,955 INFO  client.GrpcClientProtocolClient (GrpcClientProtocolClient.java:onNext(254)) - client-2EC808601240->374189d0-76c5-49d2-81b4-45a4af1368a2: receive RaftClientReply:client-2EC808601240->374189d0-76c5-49d2-81b4-45a4af1368a2@group-30B6692CD68C, cid=1262, SUCCESS, logIndex=2197, commits[374189d0-76c5-49d2-81b4-45a4af1368a2:c2197]
2019-06-14 08:42:57,955 DEBUG block.SCMBlockDeletingService (SCMBlockDeletingService.java:call(138)) - Running DeletedBlockTransactionScanner
2019-06-14 08:42:57,955 DEBUG block.SCMBlockDeletingService (SCMBlockDeletingService.java:call(155)) - Scanned deleted blocks log and got 0 delTX to process.
2019-06-14 08:42:57,956 INFO  client.GrpcClientProtocolClient (GrpcClientProtocolClient.java:onNext(254)) - client-2EC808601240->374189d0-76c5-49d2-81b4-45a4af1368a2: receive RaftClientReply:client-2EC808601240->374189d0-76c5-49d2-81b4-45a4af1368a2@group-30B6692CD68C, cid=1263, SUCCESS, logIndex=2198, commits[374189d0-76c5-49d2-81b4-45a4af1368a2:c2200]
2019-06-14 08:42:57,956 INFO  client.GrpcClientProtocolClient (GrpcClientProtocolClient.java:onNext(254)) - client-2EC808601240->374189d0-76c5-49d2-81b4-45a4af1368a2: receive RaftClientReply:client-2EC808601240->374189d0-76c5-49d2-81b4-45a4af1368a2@group-30B6692CD68C, cid=1264, SUCCESS, logIndex=2200, commits[374189d0-76c5-49d2-81b4-45a4af1368a2:c2201]
2019-06-14 08:42:57,966 INFO  client.GrpcClientProtocolClient (GrpcClientProtocolClient.java:onNext(254)) - client-2EC808601240->374189d0-76c5-49d2-81b4-45a4af1368a2: receive RaftClientReply:client-2EC808601240->374189d0-76c5-49d2-81b4-45a4af1368a2@group-30B6692CD68C, cid=1265, SUCCESS, logIndex=2202, commits[374189d0-76c5-49d2-81b4-45a4af1368a2:c2202]
2019-06-14 08:42:57,967 INFO  client.GrpcClientProtocolClient (GrpcClientProtocolClient.java:onNext(254)) - client-2EC808601240->374189d0-76c5-49d2-81b4-45a4af1368a2: receive RaftClientReply:client-2EC808601240->374189d0-76c5-49d2-81b4-45a4af1368a2@group-30B6692CD68C, cid=1266, SUCCESS, logIndex=2204, commits[374189d0-76c5-49d2-81b4-45a4af1368a2:c2204]
2019-06-14 08:42:57,971 INFO  client.GrpcClientProtocolClient (GrpcClientProtocolClient.java:onNext(254)) - client-2EC808601240->374189d0-76c5-49d2-81b4-45a4af1368a2: receive RaftClientReply:client-2EC808601240->374189d0-76c5-49d2-81b4-45a4af1368a2@group-30B6692CD68C, cid=1267, SUCCESS, logIndex=2206, commits[374189d0-76c5-49d2-81b4-45a4af1368a2:c2207]
2019-06-14 08:42:57,971 INFO  client.GrpcClientProtocolClient (GrpcClientProtocolClient.java:onNext(254)) - client-2EC808601240->374189d0-76c5-49d2-81b4-45a4af1368a2: receive RaftClientReply:client-2EC808601240->374189d0-76c5-49d2-81b4-45a4af1368a2@group-30B6692CD68C, cid=1268, SUCCESS, logIndex=2207, commits[374189d0-76c5-49d2-81b4-45a4af1368a2:c2207]
2019-06-14 08:42:57,978 INFO  client.GrpcClientProtocolClient (GrpcClientProtocolClient.java:onNext(254)) - client-2EC808601240->374189d0-76c5-49d2-81b4-45a4af1368a2: receive RaftClientReply:client-2EC808601240->374189d0-76c5-49d2-81b4-45a4af1368a2@group-30B6692CD68C, cid=1269, SUCCESS, logIndex=2209, commits[374189d0-76c5-49d2-81b4-45a4af1368a2:c2209]
2019-06-14 08:42:57,983 INFO  client.GrpcClientProtocolClient (GrpcClientProtocolClient.java:onNext(254)) - client-2EC808601240->374189d0-76c5-49d2-81b4-45a4af1368a2: receive RaftClientReply:client-2EC808601240->374189d0-76c5-49d2-81b4-45a4af1368a2@group-30B6692CD68C, cid=1270, SUCCESS, logIndex=2211, commits[374189d0-76c5-49d2-81b4-45a4af1368a2:c2211]
2019-06-14 08:42:57,983 INFO  client.GrpcClientProtocolClient (GrpcClientProtocolClient.java:onNext(254)) - client-2EC808601240->374189d0-76c5-49d2-81b4-45a4af1368a2: receive RaftClientReply:client-2EC808601240->374189d0-76c5-49d2-81b4-45a4af1368a2@group-30B6692CD68C, cid=1271, SUCCESS, logIndex=2212, commits[374189d0-76c5-49d2-81b4-45a4af1368a2:c2214]
2019-06-14 08:42:57,989 INFO  client.GrpcClientProtocolClient (GrpcClientProtocolClient.java:onNext(254)) - client-2EC808601240->374189d0-76c5-49d2-81b4-45a4af1368a2: receive RaftClientReply:client-2EC808601240->374189d0-76c5-49d2-81b4-45a4af1368a2@group-30B6692CD68C, cid=1272, SUCCESS, logIndex=2214, commits[374189d0-76c5-49d2-81b4-45a4af1368a2:c2214]
2019-06-14 08:42:58,000 INFO  client.GrpcClientProtocolClient (GrpcClientProtocolClient.java:onNext(254)) - client-2EC808601240->374189d0-76c5-49d2-81b4-45a4af1368a2: receive RaftClientReply:client-2EC808601240->374189d0-76c5-49d2-81b4-45a4af1368a2@group-30B6692CD68C, cid=1273, SUCCESS, logIndex=2216, commits[374189d0-76c5-49d2-81b4-45a4af1368a2:c2216]
2019-06-14 08:42:58,002 INFO  client.GrpcClientProtocolClient (GrpcClientProtocolClient.java:onNext(254)) - client-2EC808601240->374189d0-76c5-49d2-81b4-45a4af1368a2: receive RaftClientReply:client-2EC808601240->374189d0-76c5-49d2-81b4-45a4af1368a2@group-30B6692CD68C, cid=1274, SUCCESS, logIndex=2218, commits[374189d0-76c5-49d2-81b4-45a4af1368a2:c2218]
2019-06-14 08:42:58,003 INFO  client.GrpcClientProtocolClient (GrpcClientProtocolClient.java:onNext(254)) - client-2EC808601240->374189d0-76c5-49d2-81b4-45a4af1368a2: receive RaftClientReply:client-2EC808601240->374189d0-76c5-49d2-81b4-45a4af1368a2@group-30B6692CD68C, cid=1275, SUCCESS, logIndex=2219, commits[374189d0-76c5-49d2-81b4-45a4af1368a2:c2220]
2019-06-14 08:42:58,003 INFO  client.GrpcClientProtocolClient (GrpcClientProtocolClient.java:onNext(254)) - client-2EC808601240->374189d0-76c5-49d2-81b4-45a4af1368a2: receive RaftClientReply:client-2EC808601240->374189d0-76c5-49d2-81b4-45a4af1368a2@group-30B6692CD68C, cid=1276, SUCCESS, logIndex=2220, commits[374189d0-76c5-49d2-81b4-45a4af1368a2:c2220]
2019-06-14 08:42:58,054 INFO  client.GrpcClientProtocolClient (GrpcClientProtocolClient.java:onNext(254)) - client-2EC808601240->374189d0-76c5-49d2-81b4-45a4af1368a2: receive RaftClientReply:client-2EC808601240->374189d0-76c5-49d2-81b4-45a4af1368a2@group-30B6692CD68C, cid=1277, SUCCESS, logIndex=2223, commits[374189d0-76c5-49d2-81b4-45a4af1368a2:c2223]
2019-06-14 08:42:58,056 DEBUG block.SCMBlockDeletingService (SCMBlockDeletingService.java:call(138)) - Running DeletedBlockTransactionScanner
2019-06-14 08:42:58,056 DEBUG block.SCMBlockDeletingService (SCMBlockDeletingService.java:call(155)) - Scanned deleted blocks log and got 0 delTX to process.
2019-06-14 08:42:58,059 INFO  client.GrpcClientProtocolClient (GrpcClientProtocolClient.java:onNext(254)) - client-2EC808601240->374189d0-76c5-49d2-81b4-45a4af1368a2: receive RaftClientReply:client-2EC808601240->374189d0-76c5-49d2-81b4-45a4af1368a2@group-30B6692CD68C, cid=1278, SUCCESS, logIndex=2225, commits[374189d0-76c5-49d2-81b4-45a4af1368a2:c2225]
2019-06-14 08:42:58,059 INFO  client.GrpcClientProtocolClient (GrpcClientProtocolClient.java:onNext(254)) - client-2EC808601240->374189d0-76c5-49d2-81b4-45a4af1368a2: receive RaftClientReply:client-2EC808601240->374189d0-76c5-49d2-81b4-45a4af1368a2@group-30B6692CD68C, cid=1279, SUCCESS, logIndex=2226, commits[374189d0-76c5-49d2-81b4-45a4af1368a2:c2228]
2019-06-14 08:42:58,060 INFO  client.GrpcClientProtocolClient (GrpcClientProtocolClient.java:onNext(254)) - client-2EC808601240->374189d0-76c5-49d2-81b4-45a4af1368a2: receive RaftClientReply:client-2EC808601240->374189d0-76c5-49d2-81b4-45a4af1368a2@group-30B6692CD68C, cid=1280, SUCCESS, logIndex=2228, commits[374189d0-76c5-49d2-81b4-45a4af1368a2:c2229]
2019-06-14 08:42:58,074 INFO  client.GrpcClientProtocolClient (GrpcClientProtocolClient.java:onNext(254)) - client-2EC808601240->374189d0-76c5-49d2-81b4-45a4af1368a2: receive RaftClientReply:client-2EC808601240->374189d0-76c5-49d2-81b4-45a4af1368a2@group-30B6692CD68C, cid=1281, SUCCESS, logIndex=2230, commits[374189d0-76c5-49d2-81b4-45a4af1368a2:c2230]
2019-06-14 08:42:58,076 INFO  client.GrpcClientProtocolClient (GrpcClientProtocolClient.java:onNext(254)) - client-2EC808601240->374189d0-76c5-49d2-81b4-45a4af1368a2: receive RaftClientReply:client-2EC808601240->374189d0-76c5-49d2-81b4-45a4af1368a2@group-30B6692CD68C, cid=1282, SUCCESS, logIndex=2232, commits[374189d0-76c5-49d2-81b4-45a4af1368a2:c2232]
2019-06-14 08:42:58,141 INFO  client.GrpcClientProtocolClient (GrpcClientProtocolClient.java:onNext(254)) - client-2EC808601240->374189d0-76c5-49d2-81b4-45a4af1368a2: receive RaftClientReply:client-2EC808601240->374189d0-76c5-49d2-81b4-45a4af1368a2@group-30B6692CD68C, cid=1283, SUCCESS, logIndex=2234, commits[374189d0-76c5-49d2-81b4-45a4af1368a2:c2234]
2019-06-14 08:42:58,142 INFO  client.GrpcClientProtocolClient (GrpcClientProtocolClient.java:onNext(254)) - client-2EC808601240->374189d0-76c5-49d2-81b4-45a4af1368a2: receive RaftClientReply:client-2EC808601240->374189d0-76c5-49d2-81b4-45a4af1368a2@group-30B6692CD68C, cid=1284, SUCCESS, logIndex=2236, commits[374189d0-76c5-49d2-81b4-45a4af1368a2:c2236]
2019-06-14 08:42:58,145 INFO  storage.RaftLogWorker (RaftLogWorker.java:rollLogSegment(303)) - 374189d0-76c5-49d2-81b4-45a4af1368a2-RaftLogWorker: Rolling segment log-2162_2237 to index:2237
2019-06-14 08:42:58,146 INFO  storage.RaftLogWorker (RaftLogWorker.java:execute(433)) - 374189d0-76c5-49d2-81b4-45a4af1368a2-RaftLogWorker: Rolled log segment from /opt/src/hadoop-ozone/integration-test/target/test-dir/MiniOzoneClusterImpl-1994f8b8-dd4d-445c-bf25-0c6d40f9b14d/datanode-0/data/ratis/99d0acb8-99ce-4814-8259-30b6692cd68c/current/log_inprogress_2162 to /opt/src/hadoop-ozone/integration-test/target/test-dir/MiniOzoneClusterImpl-1994f8b8-dd4d-445c-bf25-0c6d40f9b14d/datanode-0/data/ratis/99d0acb8-99ce-4814-8259-30b6692cd68c/current/log_2162-2237
2019-06-14 08:42:58,157 DEBUG block.SCMBlockDeletingService (SCMBlockDeletingService.java:call(138)) - Running DeletedBlockTransactionScanner
2019-06-14 08:42:58,157 DEBUG block.SCMBlockDeletingService (SCMBlockDeletingService.java:call(155)) - Scanned deleted blocks log and got 0 delTX to process.
2019-06-14 08:42:58,184 INFO  storage.RaftLogWorker (RaftLogWorker.java:execute(469)) - 374189d0-76c5-49d2-81b4-45a4af1368a2-RaftLogWorker: created new log segment /opt/src/hadoop-ozone/integration-test/target/test-dir/MiniOzoneClusterImpl-1994f8b8-dd4d-445c-bf25-0c6d40f9b14d/datanode-0/data/ratis/99d0acb8-99ce-4814-8259-30b6692cd68c/current/log_inprogress_2238
2019-06-14 08:42:58,186 INFO  client.GrpcClientProtocolClient (GrpcClientProtocolClient.java:onNext(254)) - client-2EC808601240->374189d0-76c5-49d2-81b4-45a4af1368a2: receive RaftClientReply:client-2EC808601240->374189d0-76c5-49d2-81b4-45a4af1368a2@group-30B6692CD68C, cid=1285, SUCCESS, logIndex=2238, commits[374189d0-76c5-49d2-81b4-45a4af1368a2:c2238]
2019-06-14 08:42:58,188 INFO  client.GrpcClientProtocolClient (GrpcClientProtocolClient.java:onNext(254)) - client-2EC808601240->374189d0-76c5-49d2-81b4-45a4af1368a2: receive RaftClientReply:client-2EC808601240->374189d0-76c5-49d2-81b4-45a4af1368a2@group-30B6692CD68C, cid=1286, SUCCESS, logIndex=2240, commits[374189d0-76c5-49d2-81b4-45a4af1368a2:c2240]
2019-06-14 08:42:58,189 INFO  client.GrpcClientProtocolClient (GrpcClientProtocolClient.java:onNext(254)) - client-2EC808601240->374189d0-76c5-49d2-81b4-45a4af1368a2: receive RaftClientReply:client-2EC808601240->374189d0-76c5-49d2-81b4-45a4af1368a2@group-30B6692CD68C, cid=1287, SUCCESS, logIndex=2241, commits[374189d0-76c5-49d2-81b4-45a4af1368a2:c2243]
2019-06-14 08:42:58,189 INFO  client.GrpcClientProtocolClient (GrpcClientProtocolClient.java:onNext(254)) - client-2EC808601240->374189d0-76c5-49d2-81b4-45a4af1368a2: receive RaftClientReply:client-2EC808601240->374189d0-76c5-49d2-81b4-45a4af1368a2@group-30B6692CD68C, cid=1288, SUCCESS, logIndex=2243, commits[374189d0-76c5-49d2-81b4-45a4af1368a2:c2243]
2019-06-14 08:42:58,199 INFO  client.GrpcClientProtocolClient (GrpcClientProtocolClient.java:onNext(254)) - client-2EC808601240->374189d0-76c5-49d2-81b4-45a4af1368a2: receive RaftClientReply:client-2EC808601240->374189d0-76c5-49d2-81b4-45a4af1368a2@group-30B6692CD68C, cid=1289, SUCCESS, logIndex=2245, commits[374189d0-76c5-49d2-81b4-45a4af1368a2:c2245]
2019-06-14 08:42:58,201 INFO  client.GrpcClientProtocolClient (GrpcClientProtocolClient.java:onNext(254)) - client-2EC808601240->374189d0-76c5-49d2-81b4-45a4af1368a2: receive RaftClientReply:client-2EC808601240->374189d0-76c5-49d2-81b4-45a4af1368a2@group-30B6692CD68C, cid=1290, SUCCESS, logIndex=2247, commits[374189d0-76c5-49d2-81b4-45a4af1368a2:c2247]
2019-06-14 08:42:58,203 INFO  client.GrpcClientProtocolClient (GrpcClientProtocolClient.java:onNext(254)) - client-2EC808601240->374189d0-76c5-49d2-81b4-45a4af1368a2: receive RaftClientReply:client-2EC808601240->374189d0-76c5-49d2-81b4-45a4af1368a2@group-30B6692CD68C, cid=1291, SUCCESS, logIndex=2248, commits[374189d0-76c5-49d2-81b4-45a4af1368a2:c2250]
2019-06-14 08:42:58,203 INFO  client.GrpcClientProtocolClient (GrpcClientProtocolClient.java:onNext(254)) - client-2EC808601240->374189d0-76c5-49d2-81b4-45a4af1368a2: receive RaftClientReply:client-2EC808601240->374189d0-76c5-49d2-81b4-45a4af1368a2@group-30B6692CD68C, cid=1292, SUCCESS, logIndex=2250, commits[374189d0-76c5-49d2-81b4-45a4af1368a2:c2251]
2019-06-14 08:42:58,209 INFO  client.GrpcClientProtocolClient (GrpcClientProtocolClient.java:onNext(254)) - client-2EC808601240->374189d0-76c5-49d2-81b4-45a4af1368a2: receive RaftClientReply:client-2EC808601240->374189d0-76c5-49d2-81b4-45a4af1368a2@group-30B6692CD68C, cid=1293, SUCCESS, logIndex=2252, commits[374189d0-76c5-49d2-81b4-45a4af1368a2:c2252]
2019-06-14 08:42:58,211 INFO  client.GrpcClientProtocolClient (GrpcClientProtocolClient.java:onNext(254)) - client-2EC808601240->374189d0-76c5-49d2-81b4-45a4af1368a2: receive RaftClientReply:client-2EC808601240->374189d0-76c5-49d2-81b4-45a4af1368a2@group-30B6692CD68C, cid=1294, SUCCESS, logIndex=2254, commits[374189d0-76c5-49d2-81b4-45a4af1368a2:c2254]
2019-06-14 08:42:58,212 INFO  client.GrpcClientProtocolClient (GrpcClientProtocolClient.java:onNext(254)) - client-2EC808601240->374189d0-76c5-49d2-81b4-45a4af1368a2: receive RaftClientReply:client-2EC808601240->374189d0-76c5-49d2-81b4-45a4af1368a2@group-30B6692CD68C, cid=1295, SUCCESS, logIndex=2255, commits[374189d0-76c5-49d2-81b4-45a4af1368a2:c2256]
2019-06-14 08:42:58,212 INFO  client.GrpcClientProtocolClient (GrpcClientProtocolClient.java:onNext(254)) - client-2EC808601240->374189d0-76c5-49d2-81b4-45a4af1368a2: receive RaftClientReply:client-2EC808601240->374189d0-76c5-49d2-81b4-45a4af1368a2@group-30B6692CD68C, cid=1296, SUCCESS, logIndex=2256, commits[374189d0-76c5-49d2-81b4-45a4af1368a2:c2256]
2019-06-14 08:42:58,222 INFO  client.GrpcClientProtocolClient (GrpcClientProtocolClient.java:onNext(254)) - client-2EC808601240->374189d0-76c5-49d2-81b4-45a4af1368a2: receive RaftClientReply:client-2EC808601240->374189d0-76c5-49d2-81b4-45a4af1368a2@group-30B6692CD68C, cid=1297, SUCCESS, logIndex=2259, commits[374189d0-76c5-49d2-81b4-45a4af1368a2:c2259]
2019-06-14 08:42:58,225 INFO  client.GrpcClientProtocolClient (GrpcClientProtocolClient.java:onNext(254)) - client-2EC808601240->374189d0-76c5-49d2-81b4-45a4af1368a2: receive RaftClientReply:client-2EC808601240->374189d0-76c5-49d2-81b4-45a4af1368a2@group-30B6692CD68C, cid=1298, SUCCESS, logIndex=2261, commits[374189d0-76c5-49d2-81b4-45a4af1368a2:c2261]
2019-06-14 08:42:58,225 INFO  client.GrpcClientProtocolClient (GrpcClientProtocolClient.java:onNext(254)) - client-2EC808601240->374189d0-76c5-49d2-81b4-45a4af1368a2: receive RaftClientReply:client-2EC808601240->374189d0-76c5-49d2-81b4-45a4af1368a2@group-30B6692CD68C, cid=1299, SUCCESS, logIndex=2262, commits[374189d0-76c5-49d2-81b4-45a4af1368a2:c2262]
2019-06-14 08:42:58,225 INFO  client.GrpcClientProtocolClient (GrpcClientProtocolClient.java:onNext(254)) - client-2EC808601240->374189d0-76c5-49d2-81b4-45a4af1368a2: receive RaftClientReply:client-2EC808601240->374189d0-76c5-49d2-81b4-45a4af1368a2@group-30B6692CD68C, cid=1300, SUCCESS, logIndex=2264, commits[374189d0-76c5-49d2-81b4-45a4af1368a2:c2264]
2019-06-14 08:42:58,231 INFO  client.GrpcClientProtocolClient (GrpcClientProtocolClient.java:onNext(254)) - client-2EC808601240->374189d0-76c5-49d2-81b4-45a4af1368a2: receive RaftClientReply:client-2EC808601240->374189d0-76c5-49d2-81b4-45a4af1368a2@group-30B6692CD68C, cid=1301, SUCCESS, logIndex=2267, commits[374189d0-76c5-49d2-81b4-45a4af1368a2:c2267]
2019-06-14 08:42:58,232 INFO  client.GrpcClientProtocolClient (GrpcClientProtocolClient.java:onNext(254)) - client-2EC808601240->374189d0-76c5-49d2-81b4-45a4af1368a2: receive RaftClientReply:client-2EC808601240->374189d0-76c5-49d2-81b4-45a4af1368a2@group-30B6692CD68C, cid=1302, SUCCESS, logIndex=2269, commits[374189d0-76c5-49d2-81b4-45a4af1368a2:c2269]
2019-06-14 08:42:58,233 INFO  client.GrpcClientProtocolClient (GrpcClientProtocolClient.java:onNext(254)) - client-2EC808601240->374189d0-76c5-49d2-81b4-45a4af1368a2: receive RaftClientReply:client-2EC808601240->374189d0-76c5-49d2-81b4-45a4af1368a2@group-30B6692CD68C, cid=1303, SUCCESS, logIndex=2270, commits[374189d0-76c5-49d2-81b4-45a4af1368a2:c2272]
2019-06-14 08:42:58,234 INFO  client.GrpcClientProtocolClient (GrpcClientProtocolClient.java:onNext(254)) - client-2EC808601240->374189d0-76c5-49d2-81b4-45a4af1368a2: receive RaftClientReply:client-2EC808601240->374189d0-76c5-49d2-81b4-45a4af1368a2@group-30B6692CD68C, cid=1304, SUCCESS, logIndex=2271, commits[374189d0-76c5-49d2-81b4-45a4af1368a2:c2272]
2019-06-14 08:42:58,244 INFO  client.GrpcClientProtocolClient (GrpcClientProtocolClient.java:onNext(254)) - client-2EC808601240->374189d0-76c5-49d2-81b4-45a4af1368a2: receive RaftClientReply:client-2EC808601240->374189d0-76c5-49d2-81b4-45a4af1368a2@group-30B6692CD68C, cid=1305, SUCCESS, logIndex=2273, commits[374189d0-76c5-49d2-81b4-45a4af1368a2:c2273]
2019-06-14 08:42:58,245 INFO  client.GrpcClientProtocolClient (GrpcClientProtocolClient.java:onNext(254)) - client-2EC808601240->374189d0-76c5-49d2-81b4-45a4af1368a2: receive RaftClientReply:client-2EC808601240->374189d0-76c5-49d2-81b4-45a4af1368a2@group-30B6692CD68C, cid=1306, SUCCESS, logIndex=2275, commits[374189d0-76c5-49d2-81b4-45a4af1368a2:c2275]
2019-06-14 08:42:58,248 INFO  client.GrpcClientProtocolClient (GrpcClientProtocolClient.java:onNext(254)) - client-2EC808601240->374189d0-76c5-49d2-81b4-45a4af1368a2: receive RaftClientReply:client-2EC808601240->374189d0-76c5-49d2-81b4-45a4af1368a2@group-30B6692CD68C, cid=1307, SUCCESS, logIndex=2277, commits[374189d0-76c5-49d2-81b4-45a4af1368a2:c2278]
2019-06-14 08:42:58,248 INFO  client.GrpcClientProtocolClient (GrpcClientProtocolClient.java:onNext(254)) - client-2EC808601240->374189d0-76c5-49d2-81b4-45a4af1368a2: receive RaftClientReply:client-2EC808601240->374189d0-76c5-49d2-81b4-45a4af1368a2@group-30B6692CD68C, cid=1308, SUCCESS, logIndex=2278, commits[374189d0-76c5-49d2-81b4-45a4af1368a2:c2278]
2019-06-14 08:42:58,254 INFO  client.GrpcClientProtocolClient (GrpcClientProtocolClient.java:onNext(254)) - client-2EC808601240->374189d0-76c5-49d2-81b4-45a4af1368a2: receive RaftClientReply:client-2EC808601240->374189d0-76c5-49d2-81b4-45a4af1368a2@group-30B6692CD68C, cid=1309, SUCCESS, logIndex=2280, commits[374189d0-76c5-49d2-81b4-45a4af1368a2:c2280]
2019-06-14 08:42:58,257 INFO  client.GrpcClientProtocolClient (GrpcClientProtocolClient.java:onNext(254)) - client-2EC808601240->374189d0-76c5-49d2-81b4-45a4af1368a2: receive RaftClientReply:client-2EC808601240->374189d0-76c5-49d2-81b4-45a4af1368a2@group-30B6692CD68C, cid=1310, SUCCESS, logIndex=2282, commits[374189d0-76c5-49d2-81b4-45a4af1368a2:c2282]
2019-06-14 08:42:58,257 DEBUG block.SCMBlockDeletingService (SCMBlockDeletingService.java:call(138)) - Running DeletedBlockTransactionScanner
2019-06-14 08:42:58,257 DEBUG block.SCMBlockDeletingService (SCMBlockDeletingService.java:call(155)) - Scanned deleted blocks log and got 0 delTX to process.
2019-06-14 08:42:58,257 INFO  client.GrpcClientProtocolClient (GrpcClientProtocolClient.java:onNext(254)) - client-2EC808601240->374189d0-76c5-49d2-81b4-45a4af1368a2: receive RaftClientReply:client-2EC808601240->374189d0-76c5-49d2-81b4-45a4af1368a2@group-30B6692CD68C, cid=1311, SUCCESS, logIndex=2283, commits[374189d0-76c5-49d2-81b4-45a4af1368a2:c2285]
2019-06-14 08:42:58,258 INFO  client.GrpcClientProtocolClient (GrpcClientProtocolClient.java:onNext(254)) - client-2EC808601240->374189d0-76c5-49d2-81b4-45a4af1368a2: receive RaftClientReply:client-2EC808601240->374189d0-76c5-49d2-81b4-45a4af1368a2@group-30B6692CD68C, cid=1312, SUCCESS, logIndex=2284, commits[374189d0-76c5-49d2-81b4-45a4af1368a2:c2285]
2019-06-14 08:42:58,269 INFO  client.GrpcClientProtocolClient (GrpcClientProtocolClient.java:onNext(254)) - client-2EC808601240->374189d0-76c5-49d2-81b4-45a4af1368a2: receive RaftClientReply:client-2EC808601240->374189d0-76c5-49d2-81b4-45a4af1368a2@group-30B6692CD68C, cid=1313, SUCCESS, logIndex=2286, commits[374189d0-76c5-49d2-81b4-45a4af1368a2:c2286]
2019-06-14 08:42:58,271 INFO  client.GrpcClientProtocolClient (GrpcClientProtocolClient.java:onNext(254)) - client-2EC808601240->374189d0-76c5-49d2-81b4-45a4af1368a2: receive RaftClientReply:client-2EC808601240->374189d0-76c5-49d2-81b4-45a4af1368a2@group-30B6692CD68C, cid=1314, SUCCESS, logIndex=2288, commits[374189d0-76c5-49d2-81b4-45a4af1368a2:c2288]
2019-06-14 08:42:58,272 INFO  client.GrpcClientProtocolClient (GrpcClientProtocolClient.java:onNext(254)) - client-2EC808601240->374189d0-76c5-49d2-81b4-45a4af1368a2: receive RaftClientReply:client-2EC808601240->374189d0-76c5-49d2-81b4-45a4af1368a2@group-30B6692CD68C, cid=1315, SUCCESS, logIndex=2289, commits[374189d0-76c5-49d2-81b4-45a4af1368a2:c2290]
2019-06-14 08:42:58,273 INFO  client.GrpcClientProtocolClient (GrpcClientProtocolClient.java:onNext(254)) - client-2EC808601240->374189d0-76c5-49d2-81b4-45a4af1368a2: receive RaftClientReply:client-2EC808601240->374189d0-76c5-49d2-81b4-45a4af1368a2@group-30B6692CD68C, cid=1316, SUCCESS, logIndex=2291, commits[374189d0-76c5-49d2-81b4-45a4af1368a2:c2291]
2019-06-14 08:42:58,279 INFO  client.GrpcClientProtocolClient (GrpcClientProtocolClient.java:onNext(254)) - client-2EC808601240->374189d0-76c5-49d2-81b4-45a4af1368a2: receive RaftClientReply:client-2EC808601240->374189d0-76c5-49d2-81b4-45a4af1368a2@group-30B6692CD68C, cid=1317, SUCCESS, logIndex=2293, commits[374189d0-76c5-49d2-81b4-45a4af1368a2:c2293]
2019-06-14 08:42:58,280 INFO  client.GrpcClientProtocolClient (GrpcClientProtocolClient.java:onNext(254)) - client-2EC808601240->374189d0-76c5-49d2-81b4-45a4af1368a2: receive RaftClientReply:client-2EC808601240->374189d0-76c5-49d2-81b4-45a4af1368a2@group-30B6692CD68C, cid=1318, SUCCESS, logIndex=2295, commits[374189d0-76c5-49d2-81b4-45a4af1368a2:c2295]
2019-06-14 08:42:58,282 INFO  client.GrpcClientProtocolClient (GrpcClientProtocolClient.java:onNext(254)) - client-2EC808601240->374189d0-76c5-49d2-81b4-45a4af1368a2: receive RaftClientReply:client-2EC808601240->374189d0-76c5-49d2-81b4-45a4af1368a2@group-30B6692CD68C, cid=1319, SUCCESS, logIndex=2296, commits[374189d0-76c5-49d2-81b4-45a4af1368a2:c2298]
2019-06-14 08:42:58,282 INFO  client.GrpcClientProtocolClient (GrpcClientProtocolClient.java:onNext(254)) - client-2EC808601240->374189d0-76c5-49d2-81b4-45a4af1368a2: receive RaftClientReply:client-2EC808601240->374189d0-76c5-49d2-81b4-45a4af1368a2@group-30B6692CD68C, cid=1320, SUCCESS, logIndex=2297, commits[374189d0-76c5-49d2-81b4-45a4af1368a2:c2298]
2019-06-14 08:42:58,295 INFO  client.GrpcClientProtocolClient (GrpcClientProtocolClient.java:onNext(254)) - client-2EC808601240->374189d0-76c5-49d2-81b4-45a4af1368a2: receive RaftClientReply:client-2EC808601240->374189d0-76c5-49d2-81b4-45a4af1368a2@group-30B6692CD68C, cid=1321, SUCCESS, logIndex=2299, commits[374189d0-76c5-49d2-81b4-45a4af1368a2:c2299]
2019-06-14 08:42:58,297 INFO  client.GrpcClientProtocolClient (GrpcClientProtocolClient.java:onNext(254)) - client-2EC808601240->374189d0-76c5-49d2-81b4-45a4af1368a2: receive RaftClientReply:client-2EC808601240->374189d0-76c5-49d2-81b4-45a4af1368a2@group-30B6692CD68C, cid=1322, SUCCESS, logIndex=2301, commits[374189d0-76c5-49d2-81b4-45a4af1368a2:c2301]
2019-06-14 08:42:58,298 INFO  client.GrpcClientProtocolClient (GrpcClientProtocolClient.java:onNext(254)) - client-2EC808601240->374189d0-76c5-49d2-81b4-45a4af1368a2: receive RaftClientReply:client-2EC808601240->374189d0-76c5-49d2-81b4-45a4af1368a2@group-30B6692CD68C, cid=1323, SUCCESS, logIndex=2302, commits[374189d0-76c5-49d2-81b4-45a4af1368a2:c2304]
2019-06-14 08:42:58,298 INFO  client.GrpcClientProtocolClient (GrpcClientProtocolClient.java:onNext(254)) - client-2EC808601240->374189d0-76c5-49d2-81b4-45a4af1368a2: receive RaftClientReply:client-2EC808601240->374189d0-76c5-49d2-81b4-45a4af1368a2@group-30B6692CD68C, cid=1324, SUCCESS, logIndex=2304, commits[374189d0-76c5-49d2-81b4-45a4af1368a2:c2304]
2019-06-14 08:42:58,304 INFO  client.GrpcClientProtocolClient (GrpcClientProtocolClient.java:onNext(254)) - client-2EC808601240->374189d0-76c5-49d2-81b4-45a4af1368a2: receive RaftClientReply:client-2EC808601240->374189d0-76c5-49d2-81b4-45a4af1368a2@group-30B6692CD68C, cid=1325, SUCCESS, logIndex=2306, commits[374189d0-76c5-49d2-81b4-45a4af1368a2:c2306]
2019-06-14 08:42:58,305 INFO  client.GrpcClientProtocolClient (GrpcClientProtocolClient.java:onNext(254)) - client-2EC808601240->374189d0-76c5-49d2-81b4-45a4af1368a2: receive RaftClientReply:client-2EC808601240->374189d0-76c5-49d2-81b4-45a4af1368a2@group-30B6692CD68C, cid=1326, SUCCESS, logIndex=2308, commits[374189d0-76c5-49d2-81b4-45a4af1368a2:c2308]
2019-06-14 08:42:58,357 DEBUG block.SCMBlockDeletingService (SCMBlockDeletingService.java:call(138)) - Running DeletedBlockTransactionScanner
2019-06-14 08:42:58,358 DEBUG block.SCMBlockDeletingService (SCMBlockDeletingService.java:call(155)) - Scanned deleted blocks log and got 0 delTX to process.
2019-06-14 08:42:58,374 INFO  storage.RaftLogWorker (RaftLogWorker.java:rollLogSegment(303)) - 374189d0-76c5-49d2-81b4-45a4af1368a2-RaftLogWorker: Rolling segment log-2238_2311 to index:2311
2019-06-14 08:42:58,374 INFO  client.GrpcClientProtocolClient (GrpcClientProtocolClient.java:onNext(254)) - client-2EC808601240->374189d0-76c5-49d2-81b4-45a4af1368a2: receive RaftClientReply:client-2EC808601240->374189d0-76c5-49d2-81b4-45a4af1368a2@group-30B6692CD68C, cid=1327, SUCCESS, logIndex=2310, commits[374189d0-76c5-49d2-81b4-45a4af1368a2:c2310]
2019-06-14 08:42:58,375 INFO  storage.RaftLogWorker (RaftLogWorker.java:execute(433)) - 374189d0-76c5-49d2-81b4-45a4af1368a2-RaftLogWorker: Rolled log segment from /opt/src/hadoop-ozone/integration-test/target/test-dir/MiniOzoneClusterImpl-1994f8b8-dd4d-445c-bf25-0c6d40f9b14d/datanode-0/data/ratis/99d0acb8-99ce-4814-8259-30b6692cd68c/current/log_inprogress_2238 to /opt/src/hadoop-ozone/integration-test/target/test-dir/MiniOzoneClusterImpl-1994f8b8-dd4d-445c-bf25-0c6d40f9b14d/datanode-0/data/ratis/99d0acb8-99ce-4814-8259-30b6692cd68c/current/log_2238-2311
2019-06-14 08:42:58,410 INFO  storage.RaftLogWorker (RaftLogWorker.java:execute(469)) - 374189d0-76c5-49d2-81b4-45a4af1368a2-RaftLogWorker: created new log segment /opt/src/hadoop-ozone/integration-test/target/test-dir/MiniOzoneClusterImpl-1994f8b8-dd4d-445c-bf25-0c6d40f9b14d/datanode-0/data/ratis/99d0acb8-99ce-4814-8259-30b6692cd68c/current/log_inprogress_2312
2019-06-14 08:42:58,412 INFO  client.GrpcClientProtocolClient (GrpcClientProtocolClient.java:onNext(254)) - client-2EC808601240->374189d0-76c5-49d2-81b4-45a4af1368a2: receive RaftClientReply:client-2EC808601240->374189d0-76c5-49d2-81b4-45a4af1368a2@group-30B6692CD68C, cid=1328, SUCCESS, logIndex=2312, commits[374189d0-76c5-49d2-81b4-45a4af1368a2:c2312]
2019-06-14 08:42:58,422 INFO  client.GrpcClientProtocolClient (GrpcClientProtocolClient.java:onNext(254)) - client-2EC808601240->374189d0-76c5-49d2-81b4-45a4af1368a2: receive RaftClientReply:client-2EC808601240->374189d0-76c5-49d2-81b4-45a4af1368a2@group-30B6692CD68C, cid=1329, SUCCESS, logIndex=2314, commits[374189d0-76c5-49d2-81b4-45a4af1368a2:c2314]
2019-06-14 08:42:58,427 INFO  client.GrpcClientProtocolClient (GrpcClientProtocolClient.java:onNext(254)) - client-2EC808601240->374189d0-76c5-49d2-81b4-45a4af1368a2: receive RaftClientReply:client-2EC808601240->374189d0-76c5-49d2-81b4-45a4af1368a2@group-30B6692CD68C, cid=1330, SUCCESS, logIndex=2316, commits[374189d0-76c5-49d2-81b4-45a4af1368a2:c2316]
2019-06-14 08:42:58,427 INFO  client.GrpcClientProtocolClient (GrpcClientProtocolClient.java:onNext(254)) - client-2EC808601240->374189d0-76c5-49d2-81b4-45a4af1368a2: receive RaftClientReply:client-2EC808601240->374189d0-76c5-49d2-81b4-45a4af1368a2@group-30B6692CD68C, cid=1331, SUCCESS, logIndex=2318, commits[374189d0-76c5-49d2-81b4-45a4af1368a2:c2319]
2019-06-14 08:42:58,427 INFO  client.GrpcClientProtocolClient (GrpcClientProtocolClient.java:onNext(254)) - client-2EC808601240->374189d0-76c5-49d2-81b4-45a4af1368a2: receive RaftClientReply:client-2EC808601240->374189d0-76c5-49d2-81b4-45a4af1368a2@group-30B6692CD68C, cid=1332, SUCCESS, logIndex=2319, commits[374189d0-76c5-49d2-81b4-45a4af1368a2:c2320]
2019-06-14 08:42:58,433 INFO  client.GrpcClientProtocolClient (GrpcClientProtocolClient.java:onNext(254)) - client-2EC808601240->374189d0-76c5-49d2-81b4-45a4af1368a2: receive RaftClientReply:client-2EC808601240->374189d0-76c5-49d2-81b4-45a4af1368a2@group-30B6692CD68C, cid=1333, SUCCESS, logIndex=2321, commits[374189d0-76c5-49d2-81b4-45a4af1368a2:c2321]
2019-06-14 08:42:58,436 INFO  client.GrpcClientProtocolClient (GrpcClientProtocolClient.java:onNext(254)) - client-2EC808601240->374189d0-76c5-49d2-81b4-45a4af1368a2: receive RaftClientReply:client-2EC808601240->374189d0-76c5-49d2-81b4-45a4af1368a2@group-30B6692CD68C, cid=1334, SUCCESS, logIndex=2323, commits[374189d0-76c5-49d2-81b4-45a4af1368a2:c2323]
2019-06-14 08:42:58,436 INFO  client.GrpcClientProtocolClient (GrpcClientProtocolClient.java:onNext(254)) - client-2EC808601240->374189d0-76c5-49d2-81b4-45a4af1368a2: receive RaftClientReply:client-2EC808601240->374189d0-76c5-49d2-81b4-45a4af1368a2@group-30B6692CD68C, cid=1335, SUCCESS, logIndex=2324, commits[374189d0-76c5-49d2-81b4-45a4af1368a2:c2325]
2019-06-14 08:42:58,437 INFO  client.GrpcClientProtocolClient (GrpcClientProtocolClient.java:onNext(254)) - client-2EC808601240->374189d0-76c5-49d2-81b4-45a4af1368a2: receive RaftClientReply:client-2EC808601240->374189d0-76c5-49d2-81b4-45a4af1368a2@group-30B6692CD68C, cid=1336, SUCCESS, logIndex=2325, commits[374189d0-76c5-49d2-81b4-45a4af1368a2:c2325]
2019-06-14 08:42:58,445 INFO  client.GrpcClientProtocolClient (GrpcClientProtocolClient.java:onNext(254)) - client-2EC808601240->374189d0-76c5-49d2-81b4-45a4af1368a2: receive RaftClientReply:client-2EC808601240->374189d0-76c5-49d2-81b4-45a4af1368a2@group-30B6692CD68C, cid=1337, SUCCESS, logIndex=2328, commits[374189d0-76c5-49d2-81b4-45a4af1368a2:c2328]
2019-06-14 08:42:58,447 INFO  client.GrpcClientProtocolClient (GrpcClientProtocolClient.java:onNext(254)) - client-2EC808601240->374189d0-76c5-49d2-81b4-45a4af1368a2: receive RaftClientReply:client-2EC808601240->374189d0-76c5-49d2-81b4-45a4af1368a2@group-30B6692CD68C, cid=1338, SUCCESS, logIndex=2330, commits[374189d0-76c5-49d2-81b4-45a4af1368a2:c2330]
2019-06-14 08:42:58,448 INFO  client.GrpcClientProtocolClient (GrpcClientProtocolClient.java:onNext(254)) - client-2EC808601240->374189d0-76c5-49d2-81b4-45a4af1368a2: receive RaftClientReply:client-2EC808601240->374189d0-76c5-49d2-81b4-45a4af1368a2@group-30B6692CD68C, cid=1339, SUCCESS, logIndex=2331, commits[374189d0-76c5-49d2-81b4-45a4af1368a2:c2333]
2019-06-14 08:42:58,448 INFO  client.GrpcClientProtocolClient (GrpcClientProtocolClient.java:onNext(254)) - client-2EC808601240->374189d0-76c5-49d2-81b4-45a4af1368a2: receive RaftClientReply:client-2EC808601240->374189d0-76c5-49d2-81b4-45a4af1368a2@group-30B6692CD68C, cid=1340, SUCCESS, logIndex=2332, commits[374189d0-76c5-49d2-81b4-45a4af1368a2:c2333]
2019-06-14 08:42:58,454 INFO  client.GrpcClientProtocolClient (GrpcClientProtocolClient.java:onNext(254)) - client-2EC808601240->374189d0-76c5-49d2-81b4-45a4af1368a2: receive RaftClientReply:client-2EC808601240->374189d0-76c5-49d2-81b4-45a4af1368a2@group-30B6692CD68C, cid=1341, SUCCESS, logIndex=2334, commits[374189d0-76c5-49d2-81b4-45a4af1368a2:c2334]
2019-06-14 08:42:58,455 INFO  client.GrpcClientProtocolClient (GrpcClientProtocolClient.java:onNext(254)) - client-2EC808601240->374189d0-76c5-49d2-81b4-45a4af1368a2: receive RaftClientReply:client-2EC808601240->374189d0-76c5-49d2-81b4-45a4af1368a2@group-30B6692CD68C, cid=1342, SUCCESS, logIndex=2336, commits[374189d0-76c5-49d2-81b4-45a4af1368a2:c2336]
2019-06-14 08:42:58,456 INFO  client.GrpcClientProtocolClient (GrpcClientProtocolClient.java:onNext(254)) - client-2EC808601240->374189d0-76c5-49d2-81b4-45a4af1368a2: receive RaftClientReply:client-2EC808601240->374189d0-76c5-49d2-81b4-45a4af1368a2@group-30B6692CD68C, cid=1343, SUCCESS, logIndex=2337, commits[374189d0-76c5-49d2-81b4-45a4af1368a2:c2339]
2019-06-14 08:42:58,456 INFO  client.GrpcClientProtocolClient (GrpcClientProtocolClient.java:onNext(254)) - client-2EC808601240->374189d0-76c5-49d2-81b4-45a4af1368a2: receive RaftClientReply:client-2EC808601240->374189d0-76c5-49d2-81b4-45a4af1368a2@group-30B6692CD68C, cid=1344, SUCCESS, logIndex=2338, commits[374189d0-76c5-49d2-81b4-45a4af1368a2:c2339]
2019-06-14 08:42:58,458 DEBUG block.SCMBlockDeletingService (SCMBlockDeletingService.java:call(138)) - Running DeletedBlockTransactionScanner
2019-06-14 08:42:58,458 DEBUG block.SCMBlockDeletingService (SCMBlockDeletingService.java:call(155)) - Scanned deleted blocks log and got 0 delTX to process.
2019-06-14 08:42:58,465 INFO  client.GrpcClientProtocolClient (GrpcClientProtocolClient.java:onNext(254)) - client-2EC808601240->374189d0-76c5-49d2-81b4-45a4af1368a2: receive RaftClientReply:client-2EC808601240->374189d0-76c5-49d2-81b4-45a4af1368a2@group-30B6692CD68C, cid=1345, SUCCESS, logIndex=2340, commits[374189d0-76c5-49d2-81b4-45a4af1368a2:c2340]
2019-06-14 08:42:58,466 INFO  client.GrpcClientProtocolClient (GrpcClientProtocolClient.java:onNext(254)) - client-2EC808601240->374189d0-76c5-49d2-81b4-45a4af1368a2: receive RaftClientReply:client-2EC808601240->374189d0-76c5-49d2-81b4-45a4af1368a2@group-30B6692CD68C, cid=1346, SUCCESS, logIndex=2342, commits[374189d0-76c5-49d2-81b4-45a4af1368a2:c2342]
2019-06-14 08:42:58,467 INFO  client.GrpcClientProtocolClient (GrpcClientProtocolClient.java:onNext(254)) - client-2EC808601240->374189d0-76c5-49d2-81b4-45a4af1368a2: receive RaftClientReply:client-2EC808601240->374189d0-76c5-49d2-81b4-45a4af1368a2@group-30B6692CD68C, cid=1347, SUCCESS, logIndex=2343, commits[374189d0-76c5-49d2-81b4-45a4af1368a2:c2345]
2019-06-14 08:42:58,468 INFO  client.GrpcClientProtocolClient (GrpcClientProtocolClient.java:onNext(254)) - client-2EC808601240->374189d0-76c5-49d2-81b4-45a4af1368a2: receive RaftClientReply:client-2EC808601240->374189d0-76c5-49d2-81b4-45a4af1368a2@group-30B6692CD68C, cid=1348, SUCCESS, logIndex=2344, commits[374189d0-76c5-49d2-81b4-45a4af1368a2:c2345]
2019-06-14 08:42:58,514 INFO  client.GrpcClientProtocolClient (GrpcClientProtocolClient.java:onNext(254)) - client-2EC808601240->374189d0-76c5-49d2-81b4-45a4af1368a2: receive RaftClientReply:client-2EC808601240->374189d0-76c5-49d2-81b4-45a4af1368a2@group-30B6692CD68C, cid=1349, SUCCESS, logIndex=2346, commits[374189d0-76c5-49d2-81b4-45a4af1368a2:c2346]
2019-06-14 08:42:58,515 INFO  client.GrpcClientProtocolClient (GrpcClientProtocolClient.java:onNext(254)) - client-2EC808601240->374189d0-76c5-49d2-81b4-45a4af1368a2: receive RaftClientReply:client-2EC808601240->374189d0-76c5-49d2-81b4-45a4af1368a2@group-30B6692CD68C, cid=1350, SUCCESS, logIndex=2348, commits[374189d0-76c5-49d2-81b4-45a4af1368a2:c2348]
2019-06-14 08:42:58,517 INFO  client.GrpcClientProtocolClient (GrpcClientProtocolClient.java:onNext(254)) - client-2EC808601240->374189d0-76c5-49d2-81b4-45a4af1368a2: receive RaftClientReply:client-2EC808601240->374189d0-76c5-49d2-81b4-45a4af1368a2@group-30B6692CD68C, cid=1351, SUCCESS, logIndex=2349, commits[374189d0-76c5-49d2-81b4-45a4af1368a2:c2351]
2019-06-14 08:42:58,517 INFO  client.GrpcClientProtocolClient (GrpcClientProtocolClient.java:onNext(254)) - client-2EC808601240->374189d0-76c5-49d2-81b4-45a4af1368a2: receive RaftClientReply:client-2EC808601240->374189d0-76c5-49d2-81b4-45a4af1368a2@group-30B6692CD68C, cid=1352, SUCCESS, logIndex=2350, commits[374189d0-76c5-49d2-81b4-45a4af1368a2:c2351]
2019-06-14 08:42:58,527 INFO  client.GrpcClientProtocolClient (GrpcClientProtocolClient.java:onNext(254)) - client-2EC808601240->374189d0-76c5-49d2-81b4-45a4af1368a2: receive RaftClientReply:client-2EC808601240->374189d0-76c5-49d2-81b4-45a4af1368a2@group-30B6692CD68C, cid=1353, SUCCESS, logIndex=2352, commits[374189d0-76c5-49d2-81b4-45a4af1368a2:c2352]
2019-06-14 08:42:58,528 INFO  client.GrpcClientProtocolClient (GrpcClientProtocolClient.java:onNext(254)) - client-2EC808601240->374189d0-76c5-49d2-81b4-45a4af1368a2: receive RaftClientReply:client-2EC808601240->374189d0-76c5-49d2-81b4-45a4af1368a2@group-30B6692CD68C, cid=1354, SUCCESS, logIndex=2354, commits[374189d0-76c5-49d2-81b4-45a4af1368a2:c2354]
2019-06-14 08:42:58,529 INFO  client.GrpcClientProtocolClient (GrpcClientProtocolClient.java:onNext(254)) - client-2EC808601240->374189d0-76c5-49d2-81b4-45a4af1368a2: receive RaftClientReply:client-2EC808601240->374189d0-76c5-49d2-81b4-45a4af1368a2@group-30B6692CD68C, cid=1355, SUCCESS, logIndex=2355, commits[374189d0-76c5-49d2-81b4-45a4af1368a2:c2357]
2019-06-14 08:42:58,530 INFO  client.GrpcClientProtocolClient (GrpcClientProtocolClient.java:onNext(254)) - client-2EC808601240->374189d0-76c5-49d2-81b4-45a4af1368a2: receive RaftClientReply:client-2EC808601240->374189d0-76c5-49d2-81b4-45a4af1368a2@group-30B6692CD68C, cid=1356, SUCCESS, logIndex=2357, commits[374189d0-76c5-49d2-81b4-45a4af1368a2:c2357]
2019-06-14 08:42:58,536 INFO  client.GrpcClientProtocolClient (GrpcClientProtocolClient.java:onNext(254)) - client-2EC808601240->374189d0-76c5-49d2-81b4-45a4af1368a2: receive RaftClientReply:client-2EC808601240->374189d0-76c5-49d2-81b4-45a4af1368a2@group-30B6692CD68C, cid=1357, SUCCESS, logIndex=2359, commits[374189d0-76c5-49d2-81b4-45a4af1368a2:c2359]
2019-06-14 08:42:58,537 INFO  client.GrpcClientProtocolClient (GrpcClientProtocolClient.java:onNext(254)) - client-2EC808601240->374189d0-76c5-49d2-81b4-45a4af1368a2: receive RaftClientReply:client-2EC808601240->374189d0-76c5-49d2-81b4-45a4af1368a2@group-30B6692CD68C, cid=1358, SUCCESS, logIndex=2361, commits[374189d0-76c5-49d2-81b4-45a4af1368a2:c2361]
2019-06-14 08:42:58,540 INFO  client.GrpcClientProtocolClient (GrpcClientProtocolClient.java:onNext(254)) - client-2EC808601240->374189d0-76c5-49d2-81b4-45a4af1368a2: receive RaftClientReply:client-2EC808601240->374189d0-76c5-49d2-81b4-45a4af1368a2@group-30B6692CD68C, cid=1359, SUCCESS, logIndex=2363, commits[374189d0-76c5-49d2-81b4-45a4af1368a2:c2364]
2019-06-14 08:42:58,543 INFO  client.GrpcClientProtocolClient (GrpcClientProtocolClient.java:onNext(254)) - client-2EC808601240->374189d0-76c5-49d2-81b4-45a4af1368a2: receive RaftClientReply:client-2EC808601240->374189d0-76c5-49d2-81b4-45a4af1368a2@group-30B6692CD68C, cid=1360, SUCCESS, logIndex=2364, commits[374189d0-76c5-49d2-81b4-45a4af1368a2:c2364]
2019-06-14 08:42:58,552 INFO  client.GrpcClientProtocolClient (GrpcClientProtocolClient.java:onNext(254)) - client-2EC808601240->374189d0-76c5-49d2-81b4-45a4af1368a2: receive RaftClientReply:client-2EC808601240->374189d0-76c5-49d2-81b4-45a4af1368a2@group-30B6692CD68C, cid=1361, SUCCESS, logIndex=2366, commits[374189d0-76c5-49d2-81b4-45a4af1368a2:c2366]
2019-06-14 08:42:58,553 INFO  client.GrpcClientProtocolClient (GrpcClientProtocolClient.java:onNext(254)) - client-2EC808601240->374189d0-76c5-49d2-81b4-45a4af1368a2: receive RaftClientReply:client-2EC808601240->374189d0-76c5-49d2-81b4-45a4af1368a2@group-30B6692CD68C, cid=1362, SUCCESS, logIndex=2368, commits[374189d0-76c5-49d2-81b4-45a4af1368a2:c2368]
2019-06-14 08:42:58,555 INFO  client.GrpcClientProtocolClient (GrpcClientProtocolClient.java:onNext(254)) - client-2EC808601240->374189d0-76c5-49d2-81b4-45a4af1368a2: receive RaftClientReply:client-2EC808601240->374189d0-76c5-49d2-81b4-45a4af1368a2@group-30B6692CD68C, cid=1363, SUCCESS, logIndex=2369, commits[374189d0-76c5-49d2-81b4-45a4af1368a2:c2371]
2019-06-14 08:42:58,555 INFO  client.GrpcClientProtocolClient (GrpcClientProtocolClient.java:onNext(254)) - client-2EC808601240->374189d0-76c5-49d2-81b4-45a4af1368a2: receive RaftClientReply:client-2EC808601240->374189d0-76c5-49d2-81b4-45a4af1368a2@group-30B6692CD68C, cid=1364, SUCCESS, logIndex=2371, commits[374189d0-76c5-49d2-81b4-45a4af1368a2:c2371]
2019-06-14 08:42:58,559 DEBUG block.SCMBlockDeletingService (SCMBlockDeletingService.java:call(138)) - Running DeletedBlockTransactionScanner
2019-06-14 08:42:58,559 DEBUG block.SCMBlockDeletingService (SCMBlockDeletingService.java:call(155)) - Scanned deleted blocks log and got 0 delTX to process.
2019-06-14 08:42:58,562 INFO  client.GrpcClientProtocolClient (GrpcClientProtocolClient.java:onNext(254)) - client-2EC808601240->374189d0-76c5-49d2-81b4-45a4af1368a2: receive RaftClientReply:client-2EC808601240->374189d0-76c5-49d2-81b4-45a4af1368a2@group-30B6692CD68C, cid=1365, SUCCESS, logIndex=2373, commits[374189d0-76c5-49d2-81b4-45a4af1368a2:c2373]
2019-06-14 08:42:58,564 INFO  client.GrpcClientProtocolClient (GrpcClientProtocolClient.java:onNext(254)) - client-2EC808601240->374189d0-76c5-49d2-81b4-45a4af1368a2: receive RaftClientReply:client-2EC808601240->374189d0-76c5-49d2-81b4-45a4af1368a2@group-30B6692CD68C, cid=1366, SUCCESS, logIndex=2375, commits[374189d0-76c5-49d2-81b4-45a4af1368a2:c2375]
2019-06-14 08:42:58,565 INFO  client.GrpcClientProtocolClient (GrpcClientProtocolClient.java:onNext(254)) - client-2EC808601240->374189d0-76c5-49d2-81b4-45a4af1368a2: receive RaftClientReply:client-2EC808601240->374189d0-76c5-49d2-81b4-45a4af1368a2@group-30B6692CD68C, cid=1367, SUCCESS, logIndex=2376, commits[374189d0-76c5-49d2-81b4-45a4af1368a2:c2377]
2019-06-14 08:42:58,565 INFO  client.GrpcClientProtocolClient (GrpcClientProtocolClient.java:onNext(254)) - client-2EC808601240->374189d0-76c5-49d2-81b4-45a4af1368a2: receive RaftClientReply:client-2EC808601240->374189d0-76c5-49d2-81b4-45a4af1368a2@group-30B6692CD68C, cid=1368, SUCCESS, logIndex=2377, commits[374189d0-76c5-49d2-81b4-45a4af1368a2:c2377]
2019-06-14 08:42:58,575 INFO  client.GrpcClientProtocolClient (GrpcClientProtocolClient.java:onNext(254)) - client-2EC808601240->374189d0-76c5-49d2-81b4-45a4af1368a2: receive RaftClientReply:client-2EC808601240->374189d0-76c5-49d2-81b4-45a4af1368a2@group-30B6692CD68C, cid=1369, SUCCESS, logIndex=2380, commits[374189d0-76c5-49d2-81b4-45a4af1368a2:c2380]
2019-06-14 08:42:58,577 INFO  client.GrpcClientProtocolClient (GrpcClientProtocolClient.java:onNext(254)) - client-2EC808601240->374189d0-76c5-49d2-81b4-45a4af1368a2: receive RaftClientReply:client-2EC808601240->374189d0-76c5-49d2-81b4-45a4af1368a2@group-30B6692CD68C, cid=1370, SUCCESS, logIndex=2382, commits[374189d0-76c5-49d2-81b4-45a4af1368a2:c2382]
2019-06-14 08:42:58,644 INFO  storage.RaftLogWorker (RaftLogWorker.java:rollLogSegment(303)) - 374189d0-76c5-49d2-81b4-45a4af1368a2-RaftLogWorker: Rolling segment log-2312_2383 to index:2383
2019-06-14 08:42:58,644 INFO  storage.RaftLogWorker (RaftLogWorker.java:execute(433)) - 374189d0-76c5-49d2-81b4-45a4af1368a2-RaftLogWorker: Rolled log segment from /opt/src/hadoop-ozone/integration-test/target/test-dir/MiniOzoneClusterImpl-1994f8b8-dd4d-445c-bf25-0c6d40f9b14d/datanode-0/data/ratis/99d0acb8-99ce-4814-8259-30b6692cd68c/current/log_inprogress_2312 to /opt/src/hadoop-ozone/integration-test/target/test-dir/MiniOzoneClusterImpl-1994f8b8-dd4d-445c-bf25-0c6d40f9b14d/datanode-0/data/ratis/99d0acb8-99ce-4814-8259-30b6692cd68c/current/log_2312-2383
2019-06-14 08:42:58,660 DEBUG block.SCMBlockDeletingService (SCMBlockDeletingService.java:call(138)) - Running DeletedBlockTransactionScanner
2019-06-14 08:42:58,660 DEBUG block.SCMBlockDeletingService (SCMBlockDeletingService.java:call(155)) - Scanned deleted blocks log and got 0 delTX to process.
2019-06-14 08:42:58,679 INFO  storage.RaftLogWorker (RaftLogWorker.java:execute(469)) - 374189d0-76c5-49d2-81b4-45a4af1368a2-RaftLogWorker: created new log segment /opt/src/hadoop-ozone/integration-test/target/test-dir/MiniOzoneClusterImpl-1994f8b8-dd4d-445c-bf25-0c6d40f9b14d/datanode-0/data/ratis/99d0acb8-99ce-4814-8259-30b6692cd68c/current/log_inprogress_2384
2019-06-14 08:42:58,681 INFO  client.GrpcClientProtocolClient (GrpcClientProtocolClient.java:onNext(254)) - client-2EC808601240->374189d0-76c5-49d2-81b4-45a4af1368a2: receive RaftClientReply:client-2EC808601240->374189d0-76c5-49d2-81b4-45a4af1368a2@group-30B6692CD68C, cid=1371, SUCCESS, logIndex=2384, commits[374189d0-76c5-49d2-81b4-45a4af1368a2:c2384]
2019-06-14 08:42:58,683 INFO  client.GrpcClientProtocolClient (GrpcClientProtocolClient.java:onNext(254)) - client-2EC808601240->374189d0-76c5-49d2-81b4-45a4af1368a2: receive RaftClientReply:client-2EC808601240->374189d0-76c5-49d2-81b4-45a4af1368a2@group-30B6692CD68C, cid=1372, SUCCESS, logIndex=2386, commits[374189d0-76c5-49d2-81b4-45a4af1368a2:c2386]
2019-06-14 08:42:58,688 INFO  client.GrpcClientProtocolClient (GrpcClientProtocolClient.java:onNext(254)) - client-2EC808601240->374189d0-76c5-49d2-81b4-45a4af1368a2: receive RaftClientReply:client-2EC808601240->374189d0-76c5-49d2-81b4-45a4af1368a2@group-30B6692CD68C, cid=1373, SUCCESS, logIndex=2388, commits[374189d0-76c5-49d2-81b4-45a4af1368a2:c2388]
2019-06-14 08:42:58,691 INFO  client.GrpcClientProtocolClient (GrpcClientProtocolClient.java:onNext(254)) - client-2EC808601240->374189d0-76c5-49d2-81b4-45a4af1368a2: receive RaftClientReply:client-2EC808601240->374189d0-76c5-49d2-81b4-45a4af1368a2@group-30B6692CD68C, cid=1374, SUCCESS, logIndex=2390, commits[374189d0-76c5-49d2-81b4-45a4af1368a2:c2390]
2019-06-14 08:42:58,691 INFO  client.GrpcClientProtocolClient (GrpcClientProtocolClient.java:onNext(254)) - client-2EC808601240->374189d0-76c5-49d2-81b4-45a4af1368a2: receive RaftClientReply:client-2EC808601240->374189d0-76c5-49d2-81b4-45a4af1368a2@group-30B6692CD68C, cid=1375, SUCCESS, logIndex=2391, commits[374189d0-76c5-49d2-81b4-45a4af1368a2:c2392]
2019-06-14 08:42:58,692 INFO  client.GrpcClientProtocolClient (GrpcClientProtocolClient.java:onNext(254)) - client-2EC808601240->374189d0-76c5-49d2-81b4-45a4af1368a2: receive RaftClientReply:client-2EC808601240->374189d0-76c5-49d2-81b4-45a4af1368a2@group-30B6692CD68C, cid=1376, SUCCESS, logIndex=2392, commits[374189d0-76c5-49d2-81b4-45a4af1368a2:c2392]
2019-06-14 08:42:58,701 INFO  client.GrpcClientProtocolClient (GrpcClientProtocolClient.java:onNext(254)) - client-2EC808601240->374189d0-76c5-49d2-81b4-45a4af1368a2: receive RaftClientReply:client-2EC808601240->374189d0-76c5-49d2-81b4-45a4af1368a2@group-30B6692CD68C, cid=1377, SUCCESS, logIndex=2395, commits[374189d0-76c5-49d2-81b4-45a4af1368a2:c2395]
2019-06-14 08:42:58,702 INFO  client.GrpcClientProtocolClient (GrpcClientProtocolClient.java:onNext(254)) - client-2EC808601240->374189d0-76c5-49d2-81b4-45a4af1368a2: receive RaftClientReply:client-2EC808601240->374189d0-76c5-49d2-81b4-45a4af1368a2@group-30B6692CD68C, cid=1378, SUCCESS, logIndex=2397, commits[374189d0-76c5-49d2-81b4-45a4af1368a2:c2397]
2019-06-14 08:42:58,704 INFO  client.GrpcClientProtocolClient (GrpcClientProtocolClient.java:onNext(254)) - client-2EC808601240->374189d0-76c5-49d2-81b4-45a4af1368a2: receive RaftClientReply:client-2EC808601240->374189d0-76c5-49d2-81b4-45a4af1368a2@group-30B6692CD68C, cid=1379, SUCCESS, logIndex=2398, commits[374189d0-76c5-49d2-81b4-45a4af1368a2:c2400]
2019-06-14 08:42:58,704 INFO  client.GrpcClientProtocolClient (GrpcClientProtocolClient.java:onNext(254)) - client-2EC808601240->374189d0-76c5-49d2-81b4-45a4af1368a2: receive RaftClientReply:client-2EC808601240->374189d0-76c5-49d2-81b4-45a4af1368a2@group-30B6692CD68C, cid=1380, SUCCESS, logIndex=2399, commits[374189d0-76c5-49d2-81b4-45a4af1368a2:c2400]
2019-06-14 08:42:58,710 INFO  client.GrpcClientProtocolClient (GrpcClientProtocolClient.java:onNext(254)) - client-2EC808601240->374189d0-76c5-49d2-81b4-45a4af1368a2: receive RaftClientReply:client-2EC808601240->374189d0-76c5-49d2-81b4-45a4af1368a2@group-30B6692CD68C, cid=1381, SUCCESS, logIndex=2401, commits[374189d0-76c5-49d2-81b4-45a4af1368a2:c2401]
2019-06-14 08:42:58,712 INFO  client.GrpcClientProtocolClient (GrpcClientProtocolClient.java:onNext(254)) - client-2EC808601240->374189d0-76c5-49d2-81b4-45a4af1368a2: receive RaftClientReply:client-2EC808601240->374189d0-76c5-49d2-81b4-45a4af1368a2@group-30B6692CD68C, cid=1382, SUCCESS, logIndex=2403, commits[374189d0-76c5-49d2-81b4-45a4af1368a2:c2403]
2019-06-14 08:42:58,712 INFO  client.GrpcClientProtocolClient (GrpcClientProtocolClient.java:onNext(254)) - client-2EC808601240->374189d0-76c5-49d2-81b4-45a4af1368a2: receive RaftClientReply:client-2EC808601240->374189d0-76c5-49d2-81b4-45a4af1368a2@group-30B6692CD68C, cid=1383, SUCCESS, logIndex=2404, commits[374189d0-76c5-49d2-81b4-45a4af1368a2:c2405]
2019-06-14 08:42:58,712 INFO  client.GrpcClientProtocolClient (GrpcClientProtocolClient.java:onNext(254)) - client-2EC808601240->374189d0-76c5-49d2-81b4-45a4af1368a2: receive RaftClientReply:client-2EC808601240->374189d0-76c5-49d2-81b4-45a4af1368a2@group-30B6692CD68C, cid=1384, SUCCESS, logIndex=2405, commits[374189d0-76c5-49d2-81b4-45a4af1368a2:c2405]
2019-06-14 08:42:58,722 INFO  client.GrpcClientProtocolClient (GrpcClientProtocolClient.java:onNext(254)) - client-2EC808601240->374189d0-76c5-49d2-81b4-45a4af1368a2: receive RaftClientReply:client-2EC808601240->374189d0-76c5-49d2-81b4-45a4af1368a2@group-30B6692CD68C, cid=1385, SUCCESS, logIndex=2408, commits[374189d0-76c5-49d2-81b4-45a4af1368a2:c2408]
2019-06-14 08:42:58,724 INFO  client.GrpcClientProtocolClient (GrpcClientProtocolClient.java:onNext(254)) - client-2EC808601240->374189d0-76c5-49d2-81b4-45a4af1368a2: receive RaftClientReply:client-2EC808601240->374189d0-76c5-49d2-81b4-45a4af1368a2@group-30B6692CD68C, cid=1386, SUCCESS, logIndex=2410, commits[374189d0-76c5-49d2-81b4-45a4af1368a2:c2410]
2019-06-14 08:42:58,724 INFO  client.GrpcClientProtocolClient (GrpcClientProtocolClient.java:onNext(254)) - client-2EC808601240->374189d0-76c5-49d2-81b4-45a4af1368a2: receive RaftClientReply:client-2EC808601240->374189d0-76c5-49d2-81b4-45a4af1368a2@group-30B6692CD68C, cid=1387, SUCCESS, logIndex=2411, commits[374189d0-76c5-49d2-81b4-45a4af1368a2:c2413]
2019-06-14 08:42:58,725 INFO  client.GrpcClientProtocolClient (GrpcClientProtocolClient.java:onNext(254)) - client-2EC808601240->374189d0-76c5-49d2-81b4-45a4af1368a2: receive RaftClientReply:client-2EC808601240->374189d0-76c5-49d2-81b4-45a4af1368a2@group-30B6692CD68C, cid=1388, SUCCESS, logIndex=2412, commits[374189d0-76c5-49d2-81b4-45a4af1368a2:c2413]
2019-06-14 08:42:58,731 INFO  client.GrpcClientProtocolClient (GrpcClientProtocolClient.java:onNext(254)) - client-2EC808601240->374189d0-76c5-49d2-81b4-45a4af1368a2: receive RaftClientReply:client-2EC808601240->374189d0-76c5-49d2-81b4-45a4af1368a2@group-30B6692CD68C, cid=1389, SUCCESS, logIndex=2414, commits[374189d0-76c5-49d2-81b4-45a4af1368a2:c2414]
2019-06-14 08:42:58,732 INFO  client.GrpcClientProtocolClient (GrpcClientProtocolClient.java:onNext(254)) - client-2EC808601240->374189d0-76c5-49d2-81b4-45a4af1368a2: receive RaftClientReply:client-2EC808601240->374189d0-76c5-49d2-81b4-45a4af1368a2@group-30B6692CD68C, cid=1390, SUCCESS, logIndex=2416, commits[374189d0-76c5-49d2-81b4-45a4af1368a2:c2416]
2019-06-14 08:42:58,733 INFO  client.GrpcClientProtocolClient (GrpcClientProtocolClient.java:onNext(254)) - client-2EC808601240->374189d0-76c5-49d2-81b4-45a4af1368a2: receive RaftClientReply:client-2EC808601240->374189d0-76c5-49d2-81b4-45a4af1368a2@group-30B6692CD68C, cid=1391, SUCCESS, logIndex=2417, commits[374189d0-76c5-49d2-81b4-45a4af1368a2:c2419]
2019-06-14 08:42:58,734 INFO  client.GrpcClientProtocolClient (GrpcClientProtocolClient.java:onNext(254)) - client-2EC808601240->374189d0-76c5-49d2-81b4-45a4af1368a2: receive RaftClientReply:client-2EC808601240->374189d0-76c5-49d2-81b4-45a4af1368a2@group-30B6692CD68C, cid=1392, SUCCESS, logIndex=2418, commits[374189d0-76c5-49d2-81b4-45a4af1368a2:c2419]
2019-06-14 08:42:58,742 INFO  client.GrpcClientProtocolClient (GrpcClientProtocolClient.java:onNext(254)) - client-2EC808601240->374189d0-76c5-49d2-81b4-45a4af1368a2: receive RaftClientReply:client-2EC808601240->374189d0-76c5-49d2-81b4-45a4af1368a2@group-30B6692CD68C, cid=1393, SUCCESS, logIndex=2420, commits[374189d0-76c5-49d2-81b4-45a4af1368a2:c2420]
2019-06-14 08:42:58,744 INFO  client.GrpcClientProtocolClient (GrpcClientProtocolClient.java:onNext(254)) - client-2EC808601240->374189d0-76c5-49d2-81b4-45a4af1368a2: receive RaftClientReply:client-2EC808601240->374189d0-76c5-49d2-81b4-45a4af1368a2@group-30B6692CD68C, cid=1394, SUCCESS, logIndex=2422, commits[374189d0-76c5-49d2-81b4-45a4af1368a2:c2422]
2019-06-14 08:42:58,746 INFO  client.GrpcClientProtocolClient (GrpcClientProtocolClient.java:onNext(254)) - client-2EC808601240->374189d0-76c5-49d2-81b4-45a4af1368a2: receive RaftClientReply:client-2EC808601240->374189d0-76c5-49d2-81b4-45a4af1368a2@group-30B6692CD68C, cid=1395, SUCCESS, logIndex=2423, commits[374189d0-76c5-49d2-81b4-45a4af1368a2:c2425]
2019-06-14 08:42:58,746 INFO  client.GrpcClientProtocolClient (GrpcClientProtocolClient.java:onNext(254)) - client-2EC808601240->374189d0-76c5-49d2-81b4-45a4af1368a2: receive RaftClientReply:client-2EC808601240->374189d0-76c5-49d2-81b4-45a4af1368a2@group-30B6692CD68C, cid=1396, SUCCESS, logIndex=2425, commits[374189d0-76c5-49d2-81b4-45a4af1368a2:c2425]
2019-06-14 08:42:58,752 INFO  client.GrpcClientProtocolClient (GrpcClientProtocolClient.java:onNext(254)) - client-2EC808601240->374189d0-76c5-49d2-81b4-45a4af1368a2: receive RaftClientReply:client-2EC808601240->374189d0-76c5-49d2-81b4-45a4af1368a2@group-30B6692CD68C, cid=1397, SUCCESS, logIndex=2427, commits[374189d0-76c5-49d2-81b4-45a4af1368a2:c2427]
2019-06-14 08:42:58,755 INFO  client.GrpcClientProtocolClient (GrpcClientProtocolClient.java:onNext(254)) - client-2EC808601240->374189d0-76c5-49d2-81b4-45a4af1368a2: receive RaftClientReply:client-2EC808601240->374189d0-76c5-49d2-81b4-45a4af1368a2@group-30B6692CD68C, cid=1398, SUCCESS, logIndex=2429, commits[374189d0-76c5-49d2-81b4-45a4af1368a2:c2431]
2019-06-14 08:42:58,755 INFO  client.GrpcClientProtocolClient (GrpcClientProtocolClient.java:onNext(254)) - client-2EC808601240->374189d0-76c5-49d2-81b4-45a4af1368a2: receive RaftClientReply:client-2EC808601240->374189d0-76c5-49d2-81b4-45a4af1368a2@group-30B6692CD68C, cid=1399, SUCCESS, logIndex=2430, commits[374189d0-76c5-49d2-81b4-45a4af1368a2:c2432]
2019-06-14 08:42:58,756 INFO  client.GrpcClientProtocolClient (GrpcClientProtocolClient.java:onNext(254)) - client-2EC808601240->374189d0-76c5-49d2-81b4-45a4af1368a2: receive RaftClientReply:client-2EC808601240->374189d0-76c5-49d2-81b4-45a4af1368a2@group-30B6692CD68C, cid=1400, SUCCESS, logIndex=2431, commits[374189d0-76c5-49d2-81b4-45a4af1368a2:c2432]
2019-06-14 08:42:58,760 DEBUG block.SCMBlockDeletingService (SCMBlockDeletingService.java:call(138)) - Running DeletedBlockTransactionScanner
2019-06-14 08:42:58,761 DEBUG block.SCMBlockDeletingService (SCMBlockDeletingService.java:call(155)) - Scanned deleted blocks log and got 0 delTX to process.
2019-06-14 08:42:58,765 INFO  client.GrpcClientProtocolClient (GrpcClientProtocolClient.java:onNext(254)) - client-2EC808601240->374189d0-76c5-49d2-81b4-45a4af1368a2: receive RaftClientReply:client-2EC808601240->374189d0-76c5-49d2-81b4-45a4af1368a2@group-30B6692CD68C, cid=1401, SUCCESS, logIndex=2433, commits[374189d0-76c5-49d2-81b4-45a4af1368a2:c2433]
2019-06-14 08:42:58,767 INFO  client.GrpcClientProtocolClient (GrpcClientProtocolClient.java:onNext(254)) - client-2EC808601240->374189d0-76c5-49d2-81b4-45a4af1368a2: receive RaftClientReply:client-2EC808601240->374189d0-76c5-49d2-81b4-45a4af1368a2@group-30B6692CD68C, cid=1402, SUCCESS, logIndex=2435, commits[374189d0-76c5-49d2-81b4-45a4af1368a2:c2435]
2019-06-14 08:42:58,771 INFO  client.GrpcClientProtocolClient (GrpcClientProtocolClient.java:onNext(254)) - client-2EC808601240->374189d0-76c5-49d2-81b4-45a4af1368a2: receive RaftClientReply:client-2EC808601240->374189d0-76c5-49d2-81b4-45a4af1368a2@group-30B6692CD68C, cid=1403, SUCCESS, logIndex=2436, commits[374189d0-76c5-49d2-81b4-45a4af1368a2:c2437]
2019-06-14 08:42:58,772 INFO  client.GrpcClientProtocolClient (GrpcClientProtocolClient.java:onNext(254)) - client-2EC808601240->374189d0-76c5-49d2-81b4-45a4af1368a2: receive RaftClientReply:client-2EC808601240->374189d0-76c5-49d2-81b4-45a4af1368a2@group-30B6692CD68C, cid=1404, SUCCESS, logIndex=2437, commits[374189d0-76c5-49d2-81b4-45a4af1368a2:c2437]
2019-06-14 08:42:58,779 INFO  client.GrpcClientProtocolClient (GrpcClientProtocolClient.java:onNext(254)) - client-2EC808601240->374189d0-76c5-49d2-81b4-45a4af1368a2: receive RaftClientReply:client-2EC808601240->374189d0-76c5-49d2-81b4-45a4af1368a2@group-30B6692CD68C, cid=1405, SUCCESS, logIndex=2440, commits[374189d0-76c5-49d2-81b4-45a4af1368a2:c2440]
2019-06-14 08:42:58,783 INFO  client.GrpcClientProtocolClient (GrpcClientProtocolClient.java:onNext(254)) - client-2EC808601240->374189d0-76c5-49d2-81b4-45a4af1368a2: receive RaftClientReply:client-2EC808601240->374189d0-76c5-49d2-81b4-45a4af1368a2@group-30B6692CD68C, cid=1406, SUCCESS, logIndex=2442, commits[374189d0-76c5-49d2-81b4-45a4af1368a2:c2442]
2019-06-14 08:42:58,786 INFO  client.GrpcClientProtocolClient (GrpcClientProtocolClient.java:onNext(254)) - client-2EC808601240->374189d0-76c5-49d2-81b4-45a4af1368a2: receive RaftClientReply:client-2EC808601240->374189d0-76c5-49d2-81b4-45a4af1368a2@group-30B6692CD68C, cid=1407, SUCCESS, logIndex=2443, commits[374189d0-76c5-49d2-81b4-45a4af1368a2:c2445]
2019-06-14 08:42:58,786 INFO  client.GrpcClientProtocolClient (GrpcClientProtocolClient.java:onNext(254)) - client-2EC808601240->374189d0-76c5-49d2-81b4-45a4af1368a2: receive RaftClientReply:client-2EC808601240->374189d0-76c5-49d2-81b4-45a4af1368a2@group-30B6692CD68C, cid=1408, SUCCESS, logIndex=2444, commits[374189d0-76c5-49d2-81b4-45a4af1368a2:c2445]
2019-06-14 08:42:58,796 INFO  client.GrpcClientProtocolClient (GrpcClientProtocolClient.java:onNext(254)) - client-2EC808601240->374189d0-76c5-49d2-81b4-45a4af1368a2: receive RaftClientReply:client-2EC808601240->374189d0-76c5-49d2-81b4-45a4af1368a2@group-30B6692CD68C, cid=1409, SUCCESS, logIndex=2446, commits[374189d0-76c5-49d2-81b4-45a4af1368a2:c2446]
2019-06-14 08:42:58,797 INFO  client.GrpcClientProtocolClient (GrpcClientProtocolClient.java:onNext(254)) - client-2EC808601240->374189d0-76c5-49d2-81b4-45a4af1368a2: receive RaftClientReply:client-2EC808601240->374189d0-76c5-49d2-81b4-45a4af1368a2@group-30B6692CD68C, cid=1410, SUCCESS, logIndex=2448, commits[374189d0-76c5-49d2-81b4-45a4af1368a2:c2448]
2019-06-14 08:42:58,799 INFO  client.GrpcClientProtocolClient (GrpcClientProtocolClient.java:onNext(254)) - client-2EC808601240->374189d0-76c5-49d2-81b4-45a4af1368a2: receive RaftClientReply:client-2EC808601240->374189d0-76c5-49d2-81b4-45a4af1368a2@group-30B6692CD68C, cid=1411, SUCCESS, logIndex=2449, commits[374189d0-76c5-49d2-81b4-45a4af1368a2:c2451]
2019-06-14 08:42:58,803 INFO  client.GrpcClientProtocolClient (GrpcClientProtocolClient.java:onNext(254)) - client-2EC808601240->374189d0-76c5-49d2-81b4-45a4af1368a2: receive RaftClientReply:client-2EC808601240->374189d0-76c5-49d2-81b4-45a4af1368a2@group-30B6692CD68C, cid=1412, SUCCESS, logIndex=2451, commits[374189d0-76c5-49d2-81b4-45a4af1368a2:c2451]
2019-06-14 08:42:58,810 INFO  client.GrpcClientProtocolClient (GrpcClientProtocolClient.java:onNext(254)) - client-2EC808601240->374189d0-76c5-49d2-81b4-45a4af1368a2: receive RaftClientReply:client-2EC808601240->374189d0-76c5-49d2-81b4-45a4af1368a2@group-30B6692CD68C, cid=1413, SUCCESS, logIndex=2453, commits[374189d0-76c5-49d2-81b4-45a4af1368a2:c2453]
2019-06-14 08:42:58,810 INFO  storage.RaftLogWorker (RaftLogWorker.java:rollLogSegment(303)) - 374189d0-76c5-49d2-81b4-45a4af1368a2-RaftLogWorker: Rolling segment log-2384_2454 to index:2454
2019-06-14 08:42:58,811 INFO  storage.RaftLogWorker (RaftLogWorker.java:execute(433)) - 374189d0-76c5-49d2-81b4-45a4af1368a2-RaftLogWorker: Rolled log segment from /opt/src/hadoop-ozone/integration-test/target/test-dir/MiniOzoneClusterImpl-1994f8b8-dd4d-445c-bf25-0c6d40f9b14d/datanode-0/data/ratis/99d0acb8-99ce-4814-8259-30b6692cd68c/current/log_inprogress_2384 to /opt/src/hadoop-ozone/integration-test/target/test-dir/MiniOzoneClusterImpl-1994f8b8-dd4d-445c-bf25-0c6d40f9b14d/datanode-0/data/ratis/99d0acb8-99ce-4814-8259-30b6692cd68c/current/log_2384-2454
2019-06-14 08:42:58,850 INFO  storage.RaftLogWorker (RaftLogWorker.java:execute(469)) - 374189d0-76c5-49d2-81b4-45a4af1368a2-RaftLogWorker: created new log segment /opt/src/hadoop-ozone/integration-test/target/test-dir/MiniOzoneClusterImpl-1994f8b8-dd4d-445c-bf25-0c6d40f9b14d/datanode-0/data/ratis/99d0acb8-99ce-4814-8259-30b6692cd68c/current/log_inprogress_2455
2019-06-14 08:42:58,851 INFO  client.GrpcClientProtocolClient (GrpcClientProtocolClient.java:onNext(254)) - client-2EC808601240->374189d0-76c5-49d2-81b4-45a4af1368a2: receive RaftClientReply:client-2EC808601240->374189d0-76c5-49d2-81b4-45a4af1368a2@group-30B6692CD68C, cid=1414, SUCCESS, logIndex=2455, commits[374189d0-76c5-49d2-81b4-45a4af1368a2:c2455]
2019-06-14 08:42:58,861 DEBUG block.SCMBlockDeletingService (SCMBlockDeletingService.java:call(138)) - Running DeletedBlockTransactionScanner
2019-06-14 08:42:58,861 DEBUG block.SCMBlockDeletingService (SCMBlockDeletingService.java:call(155)) - Scanned deleted blocks log and got 0 delTX to process.
2019-06-14 08:42:58,885 INFO  client.GrpcClientProtocolClient (GrpcClientProtocolClient.java:onNext(254)) - client-2EC808601240->374189d0-76c5-49d2-81b4-45a4af1368a2: receive RaftClientReply:client-2EC808601240->374189d0-76c5-49d2-81b4-45a4af1368a2@group-30B6692CD68C, cid=1415, SUCCESS, logIndex=2457, commits[374189d0-76c5-49d2-81b4-45a4af1368a2:c2457]
2019-06-14 08:42:58,886 INFO  client.GrpcClientProtocolClient (GrpcClientProtocolClient.java:onNext(254)) - client-2EC808601240->374189d0-76c5-49d2-81b4-45a4af1368a2: receive RaftClientReply:client-2EC808601240->374189d0-76c5-49d2-81b4-45a4af1368a2@group-30B6692CD68C, cid=1416, SUCCESS, logIndex=2459, commits[374189d0-76c5-49d2-81b4-45a4af1368a2:c2459]
2019-06-14 08:42:58,895 INFO  client.GrpcClientProtocolClient (GrpcClientProtocolClient.java:onNext(254)) - client-2EC808601240->374189d0-76c5-49d2-81b4-45a4af1368a2: receive RaftClientReply:client-2EC808601240->374189d0-76c5-49d2-81b4-45a4af1368a2@group-30B6692CD68C, cid=1417, SUCCESS, logIndex=2461, commits[374189d0-76c5-49d2-81b4-45a4af1368a2:c2461]
2019-06-14 08:42:58,898 INFO  client.GrpcClientProtocolClient (GrpcClientProtocolClient.java:onNext(254)) - client-2EC808601240->374189d0-76c5-49d2-81b4-45a4af1368a2: receive RaftClientReply:client-2EC808601240->374189d0-76c5-49d2-81b4-45a4af1368a2@group-30B6692CD68C, cid=1418, SUCCESS, logIndex=2463, commits[374189d0-76c5-49d2-81b4-45a4af1368a2:c2463]
2019-06-14 08:42:58,898 INFO  client.GrpcClientProtocolClient (GrpcClientProtocolClient.java:onNext(254)) - client-2EC808601240->374189d0-76c5-49d2-81b4-45a4af1368a2: receive RaftClientReply:client-2EC808601240->374189d0-76c5-49d2-81b4-45a4af1368a2@group-30B6692CD68C, cid=1419, SUCCESS, logIndex=2464, commits[374189d0-76c5-49d2-81b4-45a4af1368a2:c2465]
2019-06-14 08:42:58,898 INFO  client.GrpcClientProtocolClient (GrpcClientProtocolClient.java:onNext(254)) - client-2EC808601240->374189d0-76c5-49d2-81b4-45a4af1368a2: receive RaftClientReply:client-2EC808601240->374189d0-76c5-49d2-81b4-45a4af1368a2@group-30B6692CD68C, cid=1420, SUCCESS, logIndex=2465, commits[374189d0-76c5-49d2-81b4-45a4af1368a2:c2465]
2019-06-14 08:42:59,169 DEBUG block.SCMBlockDeletingService (SCMBlockDeletingService.java:call(138)) - Running DeletedBlockTransactionScanner
2019-06-14 08:42:59,169 DEBUG block.SCMBlockDeletingService (SCMBlockDeletingService.java:call(155)) - Scanned deleted blocks log and got 0 delTX to process.
2019-06-14 08:42:59,175 INFO  client.GrpcClientProtocolClient (GrpcClientProtocolClient.java:onNext(254)) - client-2EC808601240->374189d0-76c5-49d2-81b4-45a4af1368a2: receive RaftClientReply:client-2EC808601240->374189d0-76c5-49d2-81b4-45a4af1368a2@group-30B6692CD68C, cid=1421, SUCCESS, logIndex=2468, commits[374189d0-76c5-49d2-81b4-45a4af1368a2:c2468]
2019-06-14 08:42:59,180 INFO  client.GrpcClientProtocolClient (GrpcClientProtocolClient.java:onNext(254)) - client-2EC808601240->374189d0-76c5-49d2-81b4-45a4af1368a2: receive RaftClientReply:client-2EC808601240->374189d0-76c5-49d2-81b4-45a4af1368a2@group-30B6692CD68C, cid=1422, SUCCESS, logIndex=2470, commits[374189d0-76c5-49d2-81b4-45a4af1368a2:c2470]
2019-06-14 08:42:59,180 INFO  client.GrpcClientProtocolClient (GrpcClientProtocolClient.java:onNext(254)) - client-2EC808601240->374189d0-76c5-49d2-81b4-45a4af1368a2: receive RaftClientReply:client-2EC808601240->374189d0-76c5-49d2-81b4-45a4af1368a2@group-30B6692CD68C, cid=1423, SUCCESS, logIndex=2471, commits[374189d0-76c5-49d2-81b4-45a4af1368a2:c2473]
2019-06-14 08:42:59,181 INFO  client.GrpcClientProtocolClient (GrpcClientProtocolClient.java:onNext(254)) - client-2EC808601240->374189d0-76c5-49d2-81b4-45a4af1368a2: receive RaftClientReply:client-2EC808601240->374189d0-76c5-49d2-81b4-45a4af1368a2@group-30B6692CD68C, cid=1424, SUCCESS, logIndex=2473, commits[374189d0-76c5-49d2-81b4-45a4af1368a2:c2473]
2019-06-14 08:42:59,197 INFO  client.GrpcClientProtocolClient (GrpcClientProtocolClient.java:onNext(254)) - client-2EC808601240->374189d0-76c5-49d2-81b4-45a4af1368a2: receive RaftClientReply:client-2EC808601240->374189d0-76c5-49d2-81b4-45a4af1368a2@group-30B6692CD68C, cid=1425, SUCCESS, logIndex=2475, commits[374189d0-76c5-49d2-81b4-45a4af1368a2:c2475]
2019-06-14 08:42:59,199 INFO  client.GrpcClientProtocolClient (GrpcClientProtocolClient.java:onNext(254)) - client-2EC808601240->374189d0-76c5-49d2-81b4-45a4af1368a2: receive RaftClientReply:client-2EC808601240->374189d0-76c5-49d2-81b4-45a4af1368a2@group-30B6692CD68C, cid=1426, SUCCESS, logIndex=2477, commits[374189d0-76c5-49d2-81b4-45a4af1368a2:c2477]
2019-06-14 08:42:59,200 INFO  client.GrpcClientProtocolClient (GrpcClientProtocolClient.java:onNext(254)) - client-2EC808601240->374189d0-76c5-49d2-81b4-45a4af1368a2: receive RaftClientReply:client-2EC808601240->374189d0-76c5-49d2-81b4-45a4af1368a2@group-30B6692CD68C, cid=1427, SUCCESS, logIndex=2478, commits[374189d0-76c5-49d2-81b4-45a4af1368a2:c2480]
2019-06-14 08:42:59,200 INFO  client.GrpcClientProtocolClient (GrpcClientProtocolClient.java:onNext(254)) - client-2EC808601240->374189d0-76c5-49d2-81b4-45a4af1368a2: receive RaftClientReply:client-2EC808601240->374189d0-76c5-49d2-81b4-45a4af1368a2@group-30B6692CD68C, cid=1428, SUCCESS, logIndex=2479, commits[374189d0-76c5-49d2-81b4-45a4af1368a2:c2480]
2019-06-14 08:42:59,207 INFO  client.GrpcClientProtocolClient (GrpcClientProtocolClient.java:onNext(254)) - client-2EC808601240->374189d0-76c5-49d2-81b4-45a4af1368a2: receive RaftClientReply:client-2EC808601240->374189d0-76c5-49d2-81b4-45a4af1368a2@group-30B6692CD68C, cid=1429, SUCCESS, logIndex=2481, commits[374189d0-76c5-49d2-81b4-45a4af1368a2:c2481]
2019-06-14 08:42:59,208 INFO  client.GrpcClientProtocolClient (GrpcClientProtocolClient.java:onNext(254)) - client-2EC808601240->374189d0-76c5-49d2-81b4-45a4af1368a2: receive RaftClientReply:client-2EC808601240->374189d0-76c5-49d2-81b4-45a4af1368a2@group-30B6692CD68C, cid=1430, SUCCESS, logIndex=2483, commits[374189d0-76c5-49d2-81b4-45a4af1368a2:c2483]
2019-06-14 08:42:59,209 INFO  client.GrpcClientProtocolClient (GrpcClientProtocolClient.java:onNext(254)) - client-2EC808601240->374189d0-76c5-49d2-81b4-45a4af1368a2: receive RaftClientReply:client-2EC808601240->374189d0-76c5-49d2-81b4-45a4af1368a2@group-30B6692CD68C, cid=1431, SUCCESS, logIndex=2484, commits[374189d0-76c5-49d2-81b4-45a4af1368a2:c2486]
2019-06-14 08:42:59,209 INFO  client.GrpcClientProtocolClient (GrpcClientProtocolClient.java:onNext(254)) - client-2EC808601240->374189d0-76c5-49d2-81b4-45a4af1368a2: receive RaftClientReply:client-2EC808601240->374189d0-76c5-49d2-81b4-45a4af1368a2@group-30B6692CD68C, cid=1432, SUCCESS, logIndex=2485, commits[374189d0-76c5-49d2-81b4-45a4af1368a2:c2486]
2019-06-14 08:42:59,218 INFO  client.GrpcClientProtocolClient (GrpcClientProtocolClient.java:onNext(254)) - client-2EC808601240->374189d0-76c5-49d2-81b4-45a4af1368a2: receive RaftClientReply:client-2EC808601240->374189d0-76c5-49d2-81b4-45a4af1368a2@group-30B6692CD68C, cid=1433, SUCCESS, logIndex=2487, commits[374189d0-76c5-49d2-81b4-45a4af1368a2:c2487]
2019-06-14 08:42:59,220 INFO  client.GrpcClientProtocolClient (GrpcClientProtocolClient.java:onNext(254)) - client-2EC808601240->374189d0-76c5-49d2-81b4-45a4af1368a2: receive RaftClientReply:client-2EC808601240->374189d0-76c5-49d2-81b4-45a4af1368a2@group-30B6692CD68C, cid=1434, SUCCESS, logIndex=2489, commits[374189d0-76c5-49d2-81b4-45a4af1368a2:c2489]
2019-06-14 08:42:59,221 INFO  client.GrpcClientProtocolClient (GrpcClientProtocolClient.java:onNext(254)) - client-2EC808601240->374189d0-76c5-49d2-81b4-45a4af1368a2: receive RaftClientReply:client-2EC808601240->374189d0-76c5-49d2-81b4-45a4af1368a2@group-30B6692CD68C, cid=1435, SUCCESS, logIndex=2490, commits[374189d0-76c5-49d2-81b4-45a4af1368a2:c2492]
2019-06-14 08:42:59,221 INFO  client.GrpcClientProtocolClient (GrpcClientProtocolClient.java:onNext(254)) - client-2EC808601240->374189d0-76c5-49d2-81b4-45a4af1368a2: receive RaftClientReply:client-2EC808601240->374189d0-76c5-49d2-81b4-45a4af1368a2@group-30B6692CD68C, cid=1436, SUCCESS, logIndex=2491, commits[374189d0-76c5-49d2-81b4-45a4af1368a2:c2492]
2019-06-14 08:42:59,226 INFO  client.GrpcClientProtocolClient (GrpcClientProtocolClient.java:onNext(254)) - client-2EC808601240->374189d0-76c5-49d2-81b4-45a4af1368a2: receive RaftClientReply:client-2EC808601240->374189d0-76c5-49d2-81b4-45a4af1368a2@group-30B6692CD68C, cid=1437, SUCCESS, logIndex=2493, commits[374189d0-76c5-49d2-81b4-45a4af1368a2:c2493]
2019-06-14 08:42:59,228 INFO  client.GrpcClientProtocolClient (GrpcClientProtocolClient.java:onNext(254)) - client-2EC808601240->374189d0-76c5-49d2-81b4-45a4af1368a2: receive RaftClientReply:client-2EC808601240->374189d0-76c5-49d2-81b4-45a4af1368a2@group-30B6692CD68C, cid=1438, SUCCESS, logIndex=2495, commits[374189d0-76c5-49d2-81b4-45a4af1368a2:c2495]
2019-06-14 08:42:59,229 INFO  client.GrpcClientProtocolClient (GrpcClientProtocolClient.java:onNext(254)) - client-2EC808601240->374189d0-76c5-49d2-81b4-45a4af1368a2: receive RaftClientReply:client-2EC808601240->374189d0-76c5-49d2-81b4-45a4af1368a2@group-30B6692CD68C, cid=1439, SUCCESS, logIndex=2496, commits[374189d0-76c5-49d2-81b4-45a4af1368a2:c2497]
2019-06-14 08:42:59,229 INFO  client.GrpcClientProtocolClient (GrpcClientProtocolClient.java:onNext(254)) - client-2EC808601240->374189d0-76c5-49d2-81b4-45a4af1368a2: receive RaftClientReply:client-2EC808601240->374189d0-76c5-49d2-81b4-45a4af1368a2@group-30B6692CD68C, cid=1440, SUCCESS, logIndex=2497, commits[374189d0-76c5-49d2-81b4-45a4af1368a2:c2498]
2019-06-14 08:42:59,238 INFO  client.GrpcClientProtocolClient (GrpcClientProtocolClient.java:onNext(254)) - client-2EC808601240->374189d0-76c5-49d2-81b4-45a4af1368a2: receive RaftClientReply:client-2EC808601240->374189d0-76c5-49d2-81b4-45a4af1368a2@group-30B6692CD68C, cid=1441, SUCCESS, logIndex=2500, commits[374189d0-76c5-49d2-81b4-45a4af1368a2:c2500]
2019-06-14 08:42:59,240 INFO  client.GrpcClientProtocolClient (GrpcClientProtocolClient.java:onNext(254)) - client-2EC808601240->374189d0-76c5-49d2-81b4-45a4af1368a2: receive RaftClientReply:client-2EC808601240->374189d0-76c5-49d2-81b4-45a4af1368a2@group-30B6692CD68C, cid=1442, SUCCESS, logIndex=2502, commits[374189d0-76c5-49d2-81b4-45a4af1368a2:c2502]
2019-06-14 08:42:59,240 INFO  client.GrpcClientProtocolClient (GrpcClientProtocolClient.java:onNext(254)) - client-2EC808601240->374189d0-76c5-49d2-81b4-45a4af1368a2: receive RaftClientReply:client-2EC808601240->374189d0-76c5-49d2-81b4-45a4af1368a2@group-30B6692CD68C, cid=1443, SUCCESS, logIndex=2503, commits[374189d0-76c5-49d2-81b4-45a4af1368a2:c2505]
2019-06-14 08:42:59,241 INFO  client.GrpcClientProtocolClient (GrpcClientProtocolClient.java:onNext(254)) - client-2EC808601240->374189d0-76c5-49d2-81b4-45a4af1368a2: receive RaftClientReply:client-2EC808601240->374189d0-76c5-49d2-81b4-45a4af1368a2@group-30B6692CD68C, cid=1444, SUCCESS, logIndex=2504, commits[374189d0-76c5-49d2-81b4-45a4af1368a2:c2505]
2019-06-14 08:42:59,245 INFO  client.GrpcClientProtocolClient (GrpcClientProtocolClient.java:onNext(254)) - client-2EC808601240->374189d0-76c5-49d2-81b4-45a4af1368a2: receive RaftClientReply:client-2EC808601240->374189d0-76c5-49d2-81b4-45a4af1368a2@group-30B6692CD68C, cid=1445, SUCCESS, logIndex=2506, commits[374189d0-76c5-49d2-81b4-45a4af1368a2:c2506]
2019-06-14 08:42:59,247 INFO  client.GrpcClientProtocolClient (GrpcClientProtocolClient.java:onNext(254)) - client-2EC808601240->374189d0-76c5-49d2-81b4-45a4af1368a2: receive RaftClientReply:client-2EC808601240->374189d0-76c5-49d2-81b4-45a4af1368a2@group-30B6692CD68C, cid=1446, SUCCESS, logIndex=2508, commits[374189d0-76c5-49d2-81b4-45a4af1368a2:c2508]
2019-06-14 08:42:59,248 INFO  client.GrpcClientProtocolClient (GrpcClientProtocolClient.java:onNext(254)) - client-2EC808601240->374189d0-76c5-49d2-81b4-45a4af1368a2: receive RaftClientReply:client-2EC808601240->374189d0-76c5-49d2-81b4-45a4af1368a2@group-30B6692CD68C, cid=1447, SUCCESS, logIndex=2509, commits[374189d0-76c5-49d2-81b4-45a4af1368a2:c2511]
2019-06-14 08:42:59,248 INFO  client.GrpcClientProtocolClient (GrpcClientProtocolClient.java:onNext(254)) - client-2EC808601240->374189d0-76c5-49d2-81b4-45a4af1368a2: receive RaftClientReply:client-2EC808601240->374189d0-76c5-49d2-81b4-45a4af1368a2@group-30B6692CD68C, cid=1448, SUCCESS, logIndex=2510, commits[374189d0-76c5-49d2-81b4-45a4af1368a2:c2511]
2019-06-14 08:42:59,257 INFO  client.GrpcClientProtocolClient (GrpcClientProtocolClient.java:onNext(254)) - client-2EC808601240->374189d0-76c5-49d2-81b4-45a4af1368a2: receive RaftClientReply:client-2EC808601240->374189d0-76c5-49d2-81b4-45a4af1368a2@group-30B6692CD68C, cid=1449, SUCCESS, logIndex=2512, commits[374189d0-76c5-49d2-81b4-45a4af1368a2:c2512]
2019-06-14 08:42:59,259 INFO  client.GrpcClientProtocolClient (GrpcClientProtocolClient.java:onNext(254)) - client-2EC808601240->374189d0-76c5-49d2-81b4-45a4af1368a2: receive RaftClientReply:client-2EC808601240->374189d0-76c5-49d2-81b4-45a4af1368a2@group-30B6692CD68C, cid=1450, SUCCESS, logIndex=2514, commits[374189d0-76c5-49d2-81b4-45a4af1368a2:c2514]
2019-06-14 08:42:59,260 INFO  client.GrpcClientProtocolClient (GrpcClientProtocolClient.java:onNext(254)) - client-2EC808601240->374189d0-76c5-49d2-81b4-45a4af1368a2: receive RaftClientReply:client-2EC808601240->374189d0-76c5-49d2-81b4-45a4af1368a2@group-30B6692CD68C, cid=1451, SUCCESS, logIndex=2515, commits[374189d0-76c5-49d2-81b4-45a4af1368a2:c2517]
2019-06-14 08:42:59,263 INFO  client.GrpcClientProtocolClient (GrpcClientProtocolClient.java:onNext(254)) - client-2EC808601240->374189d0-76c5-49d2-81b4-45a4af1368a2: receive RaftClientReply:client-2EC808601240->374189d0-76c5-49d2-81b4-45a4af1368a2@group-30B6692CD68C, cid=1452, SUCCESS, logIndex=2516, commits[374189d0-76c5-49d2-81b4-45a4af1368a2:c2517]
2019-06-14 08:42:59,268 INFO  client.GrpcClientProtocolClient (GrpcClientProtocolClient.java:onNext(254)) - client-2EC808601240->374189d0-76c5-49d2-81b4-45a4af1368a2: receive RaftClientReply:client-2EC808601240->374189d0-76c5-49d2-81b4-45a4af1368a2@group-30B6692CD68C, cid=1453, SUCCESS, logIndex=2518, commits[374189d0-76c5-49d2-81b4-45a4af1368a2:c2518]
2019-06-14 08:42:59,269 INFO  client.GrpcClientProtocolClient (GrpcClientProtocolClient.java:onNext(254)) - client-2EC808601240->374189d0-76c5-49d2-81b4-45a4af1368a2: receive RaftClientReply:client-2EC808601240->374189d0-76c5-49d2-81b4-45a4af1368a2@group-30B6692CD68C, cid=1454, SUCCESS, logIndex=2520, commits[374189d0-76c5-49d2-81b4-45a4af1368a2:c2520]
2019-06-14 08:42:59,269 DEBUG block.SCMBlockDeletingService (SCMBlockDeletingService.java:call(138)) - Running DeletedBlockTransactionScanner
2019-06-14 08:42:59,270 DEBUG block.SCMBlockDeletingService (SCMBlockDeletingService.java:call(155)) - Scanned deleted blocks log and got 0 delTX to process.
2019-06-14 08:42:59,271 INFO  client.GrpcClientProtocolClient (GrpcClientProtocolClient.java:onNext(254)) - client-2EC808601240->374189d0-76c5-49d2-81b4-45a4af1368a2: receive RaftClientReply:client-2EC808601240->374189d0-76c5-49d2-81b4-45a4af1368a2@group-30B6692CD68C, cid=1455, SUCCESS, logIndex=2521, commits[374189d0-76c5-49d2-81b4-45a4af1368a2:c2523]
2019-06-14 08:42:59,271 INFO  client.GrpcClientProtocolClient (GrpcClientProtocolClient.java:onNext(254)) - client-2EC808601240->374189d0-76c5-49d2-81b4-45a4af1368a2: receive RaftClientReply:client-2EC808601240->374189d0-76c5-49d2-81b4-45a4af1368a2@group-30B6692CD68C, cid=1456, SUCCESS, logIndex=2522, commits[374189d0-76c5-49d2-81b4-45a4af1368a2:c2523]
2019-06-14 08:42:59,278 INFO  storage.RaftLogWorker (RaftLogWorker.java:rollLogSegment(303)) - 374189d0-76c5-49d2-81b4-45a4af1368a2-RaftLogWorker: Rolling segment log-2455_2523 to index:2523
2019-06-14 08:42:59,278 INFO  storage.RaftLogWorker (RaftLogWorker.java:execute(433)) - 374189d0-76c5-49d2-81b4-45a4af1368a2-RaftLogWorker: Rolled log segment from /opt/src/hadoop-ozone/integration-test/target/test-dir/MiniOzoneClusterImpl-1994f8b8-dd4d-445c-bf25-0c6d40f9b14d/datanode-0/data/ratis/99d0acb8-99ce-4814-8259-30b6692cd68c/current/log_inprogress_2455 to /opt/src/hadoop-ozone/integration-test/target/test-dir/MiniOzoneClusterImpl-1994f8b8-dd4d-445c-bf25-0c6d40f9b14d/datanode-0/data/ratis/99d0acb8-99ce-4814-8259-30b6692cd68c/current/log_2455-2523
2019-06-14 08:42:59,321 INFO  storage.RaftLogWorker (RaftLogWorker.java:execute(469)) - 374189d0-76c5-49d2-81b4-45a4af1368a2-RaftLogWorker: created new log segment /opt/src/hadoop-ozone/integration-test/target/test-dir/MiniOzoneClusterImpl-1994f8b8-dd4d-445c-bf25-0c6d40f9b14d/datanode-0/data/ratis/99d0acb8-99ce-4814-8259-30b6692cd68c/current/log_inprogress_2524
2019-06-14 08:42:59,323 INFO  client.GrpcClientProtocolClient (GrpcClientProtocolClient.java:onNext(254)) - client-2EC808601240->374189d0-76c5-49d2-81b4-45a4af1368a2: receive RaftClientReply:client-2EC808601240->374189d0-76c5-49d2-81b4-45a4af1368a2@group-30B6692CD68C, cid=1457, SUCCESS, logIndex=2524, commits[374189d0-76c5-49d2-81b4-45a4af1368a2:c2524]
2019-06-14 08:42:59,325 INFO  client.GrpcClientProtocolClient (GrpcClientProtocolClient.java:onNext(254)) - client-2EC808601240->374189d0-76c5-49d2-81b4-45a4af1368a2: receive RaftClientReply:client-2EC808601240->374189d0-76c5-49d2-81b4-45a4af1368a2@group-30B6692CD68C, cid=1458, SUCCESS, logIndex=2526, commits[374189d0-76c5-49d2-81b4-45a4af1368a2:c2526]
2019-06-14 08:42:59,359 INFO  client.GrpcClientProtocolClient (GrpcClientProtocolClient.java:onNext(254)) - client-2EC808601240->374189d0-76c5-49d2-81b4-45a4af1368a2: receive RaftClientReply:client-2EC808601240->374189d0-76c5-49d2-81b4-45a4af1368a2@group-30B6692CD68C, cid=1459, SUCCESS, logIndex=2528, commits[374189d0-76c5-49d2-81b4-45a4af1368a2:c2528]
2019-06-14 08:42:59,360 INFO  client.GrpcClientProtocolClient (GrpcClientProtocolClient.java:onNext(254)) - client-2EC808601240->374189d0-76c5-49d2-81b4-45a4af1368a2: receive RaftClientReply:client-2EC808601240->374189d0-76c5-49d2-81b4-45a4af1368a2@group-30B6692CD68C, cid=1460, SUCCESS, logIndex=2530, commits[374189d0-76c5-49d2-81b4-45a4af1368a2:c2530]
2019-06-14 08:42:59,366 INFO  client.GrpcClientProtocolClient (GrpcClientProtocolClient.java:onNext(254)) - client-2EC808601240->374189d0-76c5-49d2-81b4-45a4af1368a2: receive RaftClientReply:client-2EC808601240->374189d0-76c5-49d2-81b4-45a4af1368a2@group-30B6692CD68C, cid=1461, SUCCESS, logIndex=2532, commits[374189d0-76c5-49d2-81b4-45a4af1368a2:c2532]
2019-06-14 08:42:59,368 INFO  client.GrpcClientProtocolClient (GrpcClientProtocolClient.java:onNext(254)) - client-2EC808601240->374189d0-76c5-49d2-81b4-45a4af1368a2: receive RaftClientReply:client-2EC808601240->374189d0-76c5-49d2-81b4-45a4af1368a2@group-30B6692CD68C, cid=1462, SUCCESS, logIndex=2534, commits[374189d0-76c5-49d2-81b4-45a4af1368a2:c2534]
2019-06-14 08:42:59,370 DEBUG block.SCMBlockDeletingService (SCMBlockDeletingService.java:call(138)) - Running DeletedBlockTransactionScanner
2019-06-14 08:42:59,370 DEBUG block.SCMBlockDeletingService (SCMBlockDeletingService.java:call(155)) - Scanned deleted blocks log and got 0 delTX to process.
2019-06-14 08:42:59,371 INFO  client.GrpcClientProtocolClient (GrpcClientProtocolClient.java:onNext(254)) - client-2EC808601240->374189d0-76c5-49d2-81b4-45a4af1368a2: receive RaftClientReply:client-2EC808601240->374189d0-76c5-49d2-81b4-45a4af1368a2@group-30B6692CD68C, cid=1463, SUCCESS, logIndex=2535, commits[374189d0-76c5-49d2-81b4-45a4af1368a2:c2536]
2019-06-14 08:42:59,371 INFO  client.GrpcClientProtocolClient (GrpcClientProtocolClient.java:onNext(254)) - client-2EC808601240->374189d0-76c5-49d2-81b4-45a4af1368a2: receive RaftClientReply:client-2EC808601240->374189d0-76c5-49d2-81b4-45a4af1368a2@group-30B6692CD68C, cid=1464, SUCCESS, logIndex=2536, commits[374189d0-76c5-49d2-81b4-45a4af1368a2:c2536]
2019-06-14 08:42:59,380 INFO  client.GrpcClientProtocolClient (GrpcClientProtocolClient.java:onNext(254)) - client-2EC808601240->374189d0-76c5-49d2-81b4-45a4af1368a2: receive RaftClientReply:client-2EC808601240->374189d0-76c5-49d2-81b4-45a4af1368a2@group-30B6692CD68C, cid=1465, SUCCESS, logIndex=2539, commits[374189d0-76c5-49d2-81b4-45a4af1368a2:c2539]
2019-06-14 08:42:59,383 INFO  client.GrpcClientProtocolClient (GrpcClientProtocolClient.java:onNext(254)) - client-2EC808601240->374189d0-76c5-49d2-81b4-45a4af1368a2: receive RaftClientReply:client-2EC808601240->374189d0-76c5-49d2-81b4-45a4af1368a2@group-30B6692CD68C, cid=1466, SUCCESS, logIndex=2541, commits[374189d0-76c5-49d2-81b4-45a4af1368a2:c2541]
2019-06-14 08:42:59,384 INFO  client.GrpcClientProtocolClient (GrpcClientProtocolClient.java:onNext(254)) - client-2EC808601240->374189d0-76c5-49d2-81b4-45a4af1368a2: receive RaftClientReply:client-2EC808601240->374189d0-76c5-49d2-81b4-45a4af1368a2@group-30B6692CD68C, cid=1467, SUCCESS, logIndex=2542, commits[374189d0-76c5-49d2-81b4-45a4af1368a2:c2544]
2019-06-14 08:42:59,384 INFO  client.GrpcClientProtocolClient (GrpcClientProtocolClient.java:onNext(254)) - client-2EC808601240->374189d0-76c5-49d2-81b4-45a4af1368a2: receive RaftClientReply:client-2EC808601240->374189d0-76c5-49d2-81b4-45a4af1368a2@group-30B6692CD68C, cid=1468, SUCCESS, logIndex=2543, commits[374189d0-76c5-49d2-81b4-45a4af1368a2:c2544]
2019-06-14 08:42:59,390 INFO  client.GrpcClientProtocolClient (GrpcClientProtocolClient.java:onNext(254)) - client-2EC808601240->374189d0-76c5-49d2-81b4-45a4af1368a2: receive RaftClientReply:client-2EC808601240->374189d0-76c5-49d2-81b4-45a4af1368a2@group-30B6692CD68C, cid=1469, SUCCESS, logIndex=2545, commits[374189d0-76c5-49d2-81b4-45a4af1368a2:c2545]
2019-06-14 08:42:59,391 INFO  client.GrpcClientProtocolClient (GrpcClientProtocolClient.java:onNext(254)) - client-2EC808601240->374189d0-76c5-49d2-81b4-45a4af1368a2: receive RaftClientReply:client-2EC808601240->374189d0-76c5-49d2-81b4-45a4af1368a2@group-30B6692CD68C, cid=1470, SUCCESS, logIndex=2547, commits[374189d0-76c5-49d2-81b4-45a4af1368a2:c2547]
2019-06-14 08:42:59,395 INFO  client.GrpcClientProtocolClient (GrpcClientProtocolClient.java:onNext(254)) - client-2EC808601240->374189d0-76c5-49d2-81b4-45a4af1368a2: receive RaftClientReply:client-2EC808601240->374189d0-76c5-49d2-81b4-45a4af1368a2@group-30B6692CD68C, cid=1471, SUCCESS, logIndex=2549, commits[374189d0-76c5-49d2-81b4-45a4af1368a2:c2550]
2019-06-14 08:42:59,395 INFO  client.GrpcClientProtocolClient (GrpcClientProtocolClient.java:onNext(254)) - client-2EC808601240->374189d0-76c5-49d2-81b4-45a4af1368a2: receive RaftClientReply:client-2EC808601240->374189d0-76c5-49d2-81b4-45a4af1368a2@group-30B6692CD68C, cid=1472, SUCCESS, logIndex=2550, commits[374189d0-76c5-49d2-81b4-45a4af1368a2:c2551]
2019-06-14 08:42:59,405 INFO  client.GrpcClientProtocolClient (GrpcClientProtocolClient.java:onNext(254)) - client-2EC808601240->374189d0-76c5-49d2-81b4-45a4af1368a2: receive RaftClientReply:client-2EC808601240->374189d0-76c5-49d2-81b4-45a4af1368a2@group-30B6692CD68C, cid=1473, SUCCESS, logIndex=2552, commits[374189d0-76c5-49d2-81b4-45a4af1368a2:c2552]
2019-06-14 08:42:59,407 INFO  client.GrpcClientProtocolClient (GrpcClientProtocolClient.java:onNext(254)) - client-2EC808601240->374189d0-76c5-49d2-81b4-45a4af1368a2: receive RaftClientReply:client-2EC808601240->374189d0-76c5-49d2-81b4-45a4af1368a2@group-30B6692CD68C, cid=1474, SUCCESS, logIndex=2554, commits[374189d0-76c5-49d2-81b4-45a4af1368a2:c2554]
2019-06-14 08:42:59,408 INFO  client.GrpcClientProtocolClient (GrpcClientProtocolClient.java:onNext(254)) - client-2EC808601240->374189d0-76c5-49d2-81b4-45a4af1368a2: receive RaftClientReply:client-2EC808601240->374189d0-76c5-49d2-81b4-45a4af1368a2@group-30B6692CD68C, cid=1475, SUCCESS, logIndex=2555, commits[374189d0-76c5-49d2-81b4-45a4af1368a2:c2557]
2019-06-14 08:42:59,408 INFO  client.GrpcClientProtocolClient (GrpcClientProtocolClient.java:onNext(254)) - client-2EC808601240->374189d0-76c5-49d2-81b4-45a4af1368a2: receive RaftClientReply:client-2EC808601240->374189d0-76c5-49d2-81b4-45a4af1368a2@group-30B6692CD68C, cid=1476, SUCCESS, logIndex=2557, commits[374189d0-76c5-49d2-81b4-45a4af1368a2:c2558]
2019-06-14 08:42:59,413 INFO  client.GrpcClientProtocolClient (GrpcClientProtocolClient.java:onNext(254)) - client-2EC808601240->374189d0-76c5-49d2-81b4-45a4af1368a2: receive RaftClientReply:client-2EC808601240->374189d0-76c5-49d2-81b4-45a4af1368a2@group-30B6692CD68C, cid=1477, SUCCESS, logIndex=2559, commits[374189d0-76c5-49d2-81b4-45a4af1368a2:c2559]
2019-06-14 08:42:59,415 INFO  client.GrpcClientProtocolClient (GrpcClientProtocolClient.java:onNext(254)) - client-2EC808601240->374189d0-76c5-49d2-81b4-45a4af1368a2: receive RaftClientReply:client-2EC808601240->374189d0-76c5-49d2-81b4-45a4af1368a2@group-30B6692CD68C, cid=1478, SUCCESS, logIndex=2561, commits[374189d0-76c5-49d2-81b4-45a4af1368a2:c2561]
2019-06-14 08:42:59,416 INFO  client.GrpcClientProtocolClient (GrpcClientProtocolClient.java:onNext(254)) - client-2EC808601240->374189d0-76c5-49d2-81b4-45a4af1368a2: receive RaftClientReply:client-2EC808601240->374189d0-76c5-49d2-81b4-45a4af1368a2@group-30B6692CD68C, cid=1479, SUCCESS, logIndex=2562, commits[374189d0-76c5-49d2-81b4-45a4af1368a2:c2564]
2019-06-14 08:42:59,416 INFO  client.GrpcClientProtocolClient (GrpcClientProtocolClient.java:onNext(254)) - client-2EC808601240->374189d0-76c5-49d2-81b4-45a4af1368a2: receive RaftClientReply:client-2EC808601240->374189d0-76c5-49d2-81b4-45a4af1368a2@group-30B6692CD68C, cid=1480, SUCCESS, logIndex=2563, commits[374189d0-76c5-49d2-81b4-45a4af1368a2:c2564]
2019-06-14 08:42:59,425 INFO  client.GrpcClientProtocolClient (GrpcClientProtocolClient.java:onNext(254)) - client-2EC808601240->374189d0-76c5-49d2-81b4-45a4af1368a2: receive RaftClientReply:client-2EC808601240->374189d0-76c5-49d2-81b4-45a4af1368a2@group-30B6692CD68C, cid=1481, SUCCESS, logIndex=2565, commits[374189d0-76c5-49d2-81b4-45a4af1368a2:c2565]
2019-06-14 08:42:59,426 INFO  client.GrpcClientProtocolClient (GrpcClientProtocolClient.java:onNext(254)) - client-2EC808601240->374189d0-76c5-49d2-81b4-45a4af1368a2: receive RaftClientReply:client-2EC808601240->374189d0-76c5-49d2-81b4-45a4af1368a2@group-30B6692CD68C, cid=1482, SUCCESS, logIndex=2567, commits[374189d0-76c5-49d2-81b4-45a4af1368a2:c2567]
2019-06-14 08:42:59,427 INFO  client.GrpcClientProtocolClient (GrpcClientProtocolClient.java:onNext(254)) - client-2EC808601240->374189d0-76c5-49d2-81b4-45a4af1368a2: receive RaftClientReply:client-2EC808601240->374189d0-76c5-49d2-81b4-45a4af1368a2@group-30B6692CD68C, cid=1483, SUCCESS, logIndex=2568, commits[374189d0-76c5-49d2-81b4-45a4af1368a2:c2570]
2019-06-14 08:42:59,428 INFO  client.GrpcClientProtocolClient (GrpcClientProtocolClient.java:onNext(254)) - client-2EC808601240->374189d0-76c5-49d2-81b4-45a4af1368a2: receive RaftClientReply:client-2EC808601240->374189d0-76c5-49d2-81b4-45a4af1368a2@group-30B6692CD68C, cid=1484, SUCCESS, logIndex=2569, commits[374189d0-76c5-49d2-81b4-45a4af1368a2:c2570]
2019-06-14 08:42:59,435 INFO  client.GrpcClientProtocolClient (GrpcClientProtocolClient.java:onNext(254)) - client-2EC808601240->374189d0-76c5-49d2-81b4-45a4af1368a2: receive RaftClientReply:client-2EC808601240->374189d0-76c5-49d2-81b4-45a4af1368a2@group-30B6692CD68C, cid=1485, SUCCESS, logIndex=2571, commits[374189d0-76c5-49d2-81b4-45a4af1368a2:c2571]
2019-06-14 08:42:59,436 INFO  client.GrpcClientProtocolClient (GrpcClientProtocolClient.java:onNext(254)) - client-2EC808601240->374189d0-76c5-49d2-81b4-45a4af1368a2: receive RaftClientReply:client-2EC808601240->374189d0-76c5-49d2-81b4-45a4af1368a2@group-30B6692CD68C, cid=1486, SUCCESS, logIndex=2573, commits[374189d0-76c5-49d2-81b4-45a4af1368a2:c2573]
2019-06-14 08:42:59,438 INFO  client.GrpcClientProtocolClient (GrpcClientProtocolClient.java:onNext(254)) - client-2EC808601240->374189d0-76c5-49d2-81b4-45a4af1368a2: receive RaftClientReply:client-2EC808601240->374189d0-76c5-49d2-81b4-45a4af1368a2@group-30B6692CD68C, cid=1487, SUCCESS, logIndex=2574, commits[374189d0-76c5-49d2-81b4-45a4af1368a2:c2576]
2019-06-14 08:42:59,438 INFO  client.GrpcClientProtocolClient (GrpcClientProtocolClient.java:onNext(254)) - client-2EC808601240->374189d0-76c5-49d2-81b4-45a4af1368a2: receive RaftClientReply:client-2EC808601240->374189d0-76c5-49d2-81b4-45a4af1368a2@group-30B6692CD68C, cid=1488, SUCCESS, logIndex=2575, commits[374189d0-76c5-49d2-81b4-45a4af1368a2:c2576]
2019-06-14 08:42:59,447 INFO  client.GrpcClientProtocolClient (GrpcClientProtocolClient.java:onNext(254)) - client-2EC808601240->374189d0-76c5-49d2-81b4-45a4af1368a2: receive RaftClientReply:client-2EC808601240->374189d0-76c5-49d2-81b4-45a4af1368a2@group-30B6692CD68C, cid=1489, SUCCESS, logIndex=2577, commits[374189d0-76c5-49d2-81b4-45a4af1368a2:c2577]
2019-06-14 08:42:59,448 INFO  client.GrpcClientProtocolClient (GrpcClientProtocolClient.java:onNext(254)) - client-2EC808601240->374189d0-76c5-49d2-81b4-45a4af1368a2: receive RaftClientReply:client-2EC808601240->374189d0-76c5-49d2-81b4-45a4af1368a2@group-30B6692CD68C, cid=1490, SUCCESS, logIndex=2579, commits[374189d0-76c5-49d2-81b4-45a4af1368a2:c2579]
2019-06-14 08:42:59,449 INFO  client.GrpcClientProtocolClient (GrpcClientProtocolClient.java:onNext(254)) - client-2EC808601240->374189d0-76c5-49d2-81b4-45a4af1368a2: receive RaftClientReply:client-2EC808601240->374189d0-76c5-49d2-81b4-45a4af1368a2@group-30B6692CD68C, cid=1491, SUCCESS, logIndex=2580, commits[374189d0-76c5-49d2-81b4-45a4af1368a2:c2582]
2019-06-14 08:42:59,449 INFO  client.GrpcClientProtocolClient (GrpcClientProtocolClient.java:onNext(254)) - client-2EC808601240->374189d0-76c5-49d2-81b4-45a4af1368a2: receive RaftClientReply:client-2EC808601240->374189d0-76c5-49d2-81b4-45a4af1368a2@group-30B6692CD68C, cid=1492, SUCCESS, logIndex=2581, commits[374189d0-76c5-49d2-81b4-45a4af1368a2:c2582]
2019-06-14 08:42:59,454 INFO  client.GrpcClientProtocolClient (GrpcClientProtocolClient.java:onNext(254)) - client-2EC808601240->374189d0-76c5-49d2-81b4-45a4af1368a2: receive RaftClientReply:client-2EC808601240->374189d0-76c5-49d2-81b4-45a4af1368a2@group-30B6692CD68C, cid=1493, SUCCESS, logIndex=2583, commits[374189d0-76c5-49d2-81b4-45a4af1368a2:c2583]
2019-06-14 08:42:59,458 INFO  client.GrpcClientProtocolClient (GrpcClientProtocolClient.java:onNext(254)) - client-2EC808601240->374189d0-76c5-49d2-81b4-45a4af1368a2: receive RaftClientReply:client-2EC808601240->374189d0-76c5-49d2-81b4-45a4af1368a2@group-30B6692CD68C, cid=1494, SUCCESS, logIndex=2585, commits[374189d0-76c5-49d2-81b4-45a4af1368a2:c2585]
2019-06-14 08:42:59,460 INFO  client.GrpcClientProtocolClient (GrpcClientProtocolClient.java:onNext(254)) - client-2EC808601240->374189d0-76c5-49d2-81b4-45a4af1368a2: receive RaftClientReply:client-2EC808601240->374189d0-76c5-49d2-81b4-45a4af1368a2@group-30B6692CD68C, cid=1495, SUCCESS, logIndex=2587, commits[374189d0-76c5-49d2-81b4-45a4af1368a2:c2587]
2019-06-14 08:42:59,460 INFO  client.GrpcClientProtocolClient (GrpcClientProtocolClient.java:onNext(254)) - client-2EC808601240->374189d0-76c5-49d2-81b4-45a4af1368a2: receive RaftClientReply:client-2EC808601240->374189d0-76c5-49d2-81b4-45a4af1368a2@group-30B6692CD68C, cid=1496, SUCCESS, logIndex=2588, commits[374189d0-76c5-49d2-81b4-45a4af1368a2:c2588]
2019-06-14 08:42:59,469 INFO  client.GrpcClientProtocolClient (GrpcClientProtocolClient.java:onNext(254)) - client-2EC808601240->374189d0-76c5-49d2-81b4-45a4af1368a2: receive RaftClientReply:client-2EC808601240->374189d0-76c5-49d2-81b4-45a4af1368a2@group-30B6692CD68C, cid=1497, SUCCESS, logIndex=2591, commits[374189d0-76c5-49d2-81b4-45a4af1368a2:c2591]
2019-06-14 08:42:59,470 DEBUG block.SCMBlockDeletingService (SCMBlockDeletingService.java:call(138)) - Running DeletedBlockTransactionScanner
2019-06-14 08:42:59,470 DEBUG block.SCMBlockDeletingService (SCMBlockDeletingService.java:call(155)) - Scanned deleted blocks log and got 0 delTX to process.
2019-06-14 08:42:59,471 INFO  client.GrpcClientProtocolClient (GrpcClientProtocolClient.java:onNext(254)) - client-2EC808601240->374189d0-76c5-49d2-81b4-45a4af1368a2: receive RaftClientReply:client-2EC808601240->374189d0-76c5-49d2-81b4-45a4af1368a2@group-30B6692CD68C, cid=1498, SUCCESS, logIndex=2593, commits[374189d0-76c5-49d2-81b4-45a4af1368a2:c2593]
2019-06-14 08:42:59,472 INFO  client.GrpcClientProtocolClient (GrpcClientProtocolClient.java:onNext(254)) - client-2EC808601240->374189d0-76c5-49d2-81b4-45a4af1368a2: receive RaftClientReply:client-2EC808601240->374189d0-76c5-49d2-81b4-45a4af1368a2@group-30B6692CD68C, cid=1499, SUCCESS, logIndex=2594, commits[374189d0-76c5-49d2-81b4-45a4af1368a2:c2596]
2019-06-14 08:42:59,472 INFO  client.GrpcClientProtocolClient (GrpcClientProtocolClient.java:onNext(254)) - client-2EC808601240->374189d0-76c5-49d2-81b4-45a4af1368a2: receive RaftClientReply:client-2EC808601240->374189d0-76c5-49d2-81b4-45a4af1368a2@group-30B6692CD68C, cid=1500, SUCCESS, logIndex=2595, commits[374189d0-76c5-49d2-81b4-45a4af1368a2:c2596]
2019-06-14 08:42:59,475 INFO  storage.RaftLogWorker (RaftLogWorker.java:rollLogSegment(303)) - 374189d0-76c5-49d2-81b4-45a4af1368a2-RaftLogWorker: Rolling segment log-2524_2596 to index:2596
2019-06-14 08:42:59,475 INFO  storage.RaftLogWorker (RaftLogWorker.java:execute(433)) - 374189d0-76c5-49d2-81b4-45a4af1368a2-RaftLogWorker: Rolled log segment from /opt/src/hadoop-ozone/integration-test/target/test-dir/MiniOzoneClusterImpl-1994f8b8-dd4d-445c-bf25-0c6d40f9b14d/datanode-0/data/ratis/99d0acb8-99ce-4814-8259-30b6692cd68c/current/log_inprogress_2524 to /opt/src/hadoop-ozone/integration-test/target/test-dir/MiniOzoneClusterImpl-1994f8b8-dd4d-445c-bf25-0c6d40f9b14d/datanode-0/data/ratis/99d0acb8-99ce-4814-8259-30b6692cd68c/current/log_2524-2596
2019-06-14 08:42:59,518 INFO  storage.RaftLogWorker (RaftLogWorker.java:execute(469)) - 374189d0-76c5-49d2-81b4-45a4af1368a2-RaftLogWorker: created new log segment /opt/src/hadoop-ozone/integration-test/target/test-dir/MiniOzoneClusterImpl-1994f8b8-dd4d-445c-bf25-0c6d40f9b14d/datanode-0/data/ratis/99d0acb8-99ce-4814-8259-30b6692cd68c/current/log_inprogress_2597
2019-06-14 08:42:59,520 INFO  client.GrpcClientProtocolClient (GrpcClientProtocolClient.java:onNext(254)) - client-2EC808601240->374189d0-76c5-49d2-81b4-45a4af1368a2: receive RaftClientReply:client-2EC808601240->374189d0-76c5-49d2-81b4-45a4af1368a2@group-30B6692CD68C, cid=1501, SUCCESS, logIndex=2597, commits[374189d0-76c5-49d2-81b4-45a4af1368a2:c2597]
2019-06-14 08:42:59,521 INFO  client.GrpcClientProtocolClient (GrpcClientProtocolClient.java:onNext(254)) - client-2EC808601240->374189d0-76c5-49d2-81b4-45a4af1368a2: receive RaftClientReply:client-2EC808601240->374189d0-76c5-49d2-81b4-45a4af1368a2@group-30B6692CD68C, cid=1502, SUCCESS, logIndex=2599, commits[374189d0-76c5-49d2-81b4-45a4af1368a2:c2599]
2019-06-14 08:42:59,613 DEBUG block.SCMBlockDeletingService (SCMBlockDeletingService.java:call(138)) - Running DeletedBlockTransactionScanner
2019-06-14 08:42:59,613 DEBUG block.SCMBlockDeletingService (SCMBlockDeletingService.java:call(155)) - Scanned deleted blocks log and got 0 delTX to process.
2019-06-14 08:42:59,614 INFO  client.GrpcClientProtocolClient (GrpcClientProtocolClient.java:onNext(254)) - client-2EC808601240->374189d0-76c5-49d2-81b4-45a4af1368a2: receive RaftClientReply:client-2EC808601240->374189d0-76c5-49d2-81b4-45a4af1368a2@group-30B6692CD68C, cid=1503, SUCCESS, logIndex=2601, commits[374189d0-76c5-49d2-81b4-45a4af1368a2:c2601]
2019-06-14 08:42:59,617 INFO  client.GrpcClientProtocolClient (GrpcClientProtocolClient.java:onNext(254)) - client-2EC808601240->374189d0-76c5-49d2-81b4-45a4af1368a2: receive RaftClientReply:client-2EC808601240->374189d0-76c5-49d2-81b4-45a4af1368a2@group-30B6692CD68C, cid=1504, SUCCESS, logIndex=2603, commits[374189d0-76c5-49d2-81b4-45a4af1368a2:c2603]
2019-06-14 08:42:59,627 INFO  client.GrpcClientProtocolClient (GrpcClientProtocolClient.java:onNext(254)) - client-2EC808601240->374189d0-76c5-49d2-81b4-45a4af1368a2: receive RaftClientReply:client-2EC808601240->374189d0-76c5-49d2-81b4-45a4af1368a2@group-30B6692CD68C, cid=1505, SUCCESS, logIndex=2605, commits[374189d0-76c5-49d2-81b4-45a4af1368a2:c2605]
2019-06-14 08:42:59,629 INFO  client.GrpcClientProtocolClient (GrpcClientProtocolClient.java:onNext(254)) - client-2EC808601240->374189d0-76c5-49d2-81b4-45a4af1368a2: receive RaftClientReply:client-2EC808601240->374189d0-76c5-49d2-81b4-45a4af1368a2@group-30B6692CD68C, cid=1506, SUCCESS, logIndex=2607, commits[374189d0-76c5-49d2-81b4-45a4af1368a2:c2607]
2019-06-14 08:42:59,630 INFO  client.GrpcClientProtocolClient (GrpcClientProtocolClient.java:onNext(254)) - client-2EC808601240->374189d0-76c5-49d2-81b4-45a4af1368a2: receive RaftClientReply:client-2EC808601240->374189d0-76c5-49d2-81b4-45a4af1368a2@group-30B6692CD68C, cid=1507, SUCCESS, logIndex=2608, commits[374189d0-76c5-49d2-81b4-45a4af1368a2:c2610]
2019-06-14 08:42:59,630 INFO  client.GrpcClientProtocolClient (GrpcClientProtocolClient.java:onNext(254)) - client-2EC808601240->374189d0-76c5-49d2-81b4-45a4af1368a2: receive RaftClientReply:client-2EC808601240->374189d0-76c5-49d2-81b4-45a4af1368a2@group-30B6692CD68C, cid=1508, SUCCESS, logIndex=2609, commits[374189d0-76c5-49d2-81b4-45a4af1368a2:c2610]
2019-06-14 08:42:59,636 INFO  client.GrpcClientProtocolClient (GrpcClientProtocolClient.java:onNext(254)) - client-2EC808601240->374189d0-76c5-49d2-81b4-45a4af1368a2: receive RaftClientReply:client-2EC808601240->374189d0-76c5-49d2-81b4-45a4af1368a2@group-30B6692CD68C, cid=1509, SUCCESS, logIndex=2611, commits[374189d0-76c5-49d2-81b4-45a4af1368a2:c2611]
2019-06-14 08:42:59,637 INFO  client.GrpcClientProtocolClient (GrpcClientProtocolClient.java:onNext(254)) - client-2EC808601240->374189d0-76c5-49d2-81b4-45a4af1368a2: receive RaftClientReply:client-2EC808601240->374189d0-76c5-49d2-81b4-45a4af1368a2@group-30B6692CD68C, cid=1510, SUCCESS, logIndex=2613, commits[374189d0-76c5-49d2-81b4-45a4af1368a2:c2613]
2019-06-14 08:42:59,638 INFO  client.GrpcClientProtocolClient (GrpcClientProtocolClient.java:onNext(254)) - client-2EC808601240->374189d0-76c5-49d2-81b4-45a4af1368a2: receive RaftClientReply:client-2EC808601240->374189d0-76c5-49d2-81b4-45a4af1368a2@group-30B6692CD68C, cid=1511, SUCCESS, logIndex=2614, commits[374189d0-76c5-49d2-81b4-45a4af1368a2:c2616]
2019-06-14 08:42:59,639 INFO  client.GrpcClientProtocolClient (GrpcClientProtocolClient.java:onNext(254)) - client-2EC808601240->374189d0-76c5-49d2-81b4-45a4af1368a2: receive RaftClientReply:client-2EC808601240->374189d0-76c5-49d2-81b4-45a4af1368a2@group-30B6692CD68C, cid=1512, SUCCESS, logIndex=2615, commits[374189d0-76c5-49d2-81b4-45a4af1368a2:c2616]
2019-06-14 08:42:59,648 INFO  client.GrpcClientProtocolClient (GrpcClientProtocolClient.java:onNext(254)) - client-2EC808601240->374189d0-76c5-49d2-81b4-45a4af1368a2: receive RaftClientReply:client-2EC808601240->374189d0-76c5-49d2-81b4-45a4af1368a2@group-30B6692CD68C, cid=1513, SUCCESS, logIndex=2617, commits[374189d0-76c5-49d2-81b4-45a4af1368a2:c2617]
2019-06-14 08:42:59,651 INFO  client.GrpcClientProtocolClient (GrpcClientProtocolClient.java:onNext(254)) - client-2EC808601240->374189d0-76c5-49d2-81b4-45a4af1368a2: receive RaftClientReply:client-2EC808601240->374189d0-76c5-49d2-81b4-45a4af1368a2@group-30B6692CD68C, cid=1514, SUCCESS, logIndex=2619, commits[374189d0-76c5-49d2-81b4-45a4af1368a2:c2619]
2019-06-14 08:42:59,651 INFO  client.GrpcClientProtocolClient (GrpcClientProtocolClient.java:onNext(254)) - client-2EC808601240->374189d0-76c5-49d2-81b4-45a4af1368a2: receive RaftClientReply:client-2EC808601240->374189d0-76c5-49d2-81b4-45a4af1368a2@group-30B6692CD68C, cid=1515, SUCCESS, logIndex=2620, commits[374189d0-76c5-49d2-81b4-45a4af1368a2:c2621]
2019-06-14 08:42:59,655 INFO  client.GrpcClientProtocolClient (GrpcClientProtocolClient.java:onNext(254)) - client-2EC808601240->374189d0-76c5-49d2-81b4-45a4af1368a2: receive RaftClientReply:client-2EC808601240->374189d0-76c5-49d2-81b4-45a4af1368a2@group-30B6692CD68C, cid=1516, SUCCESS, logIndex=2621, commits[374189d0-76c5-49d2-81b4-45a4af1368a2:c2622]
2019-06-14 08:42:59,660 INFO  client.GrpcClientProtocolClient (GrpcClientProtocolClient.java:onNext(254)) - client-2EC808601240->374189d0-76c5-49d2-81b4-45a4af1368a2: receive RaftClientReply:client-2EC808601240->374189d0-76c5-49d2-81b4-45a4af1368a2@group-30B6692CD68C, cid=1517, SUCCESS, logIndex=2624, commits[374189d0-76c5-49d2-81b4-45a4af1368a2:c2624]
2019-06-14 08:42:59,663 INFO  client.GrpcClientProtocolClient (GrpcClientProtocolClient.java:onNext(254)) - client-2EC808601240->374189d0-76c5-49d2-81b4-45a4af1368a2: receive RaftClientReply:client-2EC808601240->374189d0-76c5-49d2-81b4-45a4af1368a2@group-30B6692CD68C, cid=1518, SUCCESS, logIndex=2626, commits[374189d0-76c5-49d2-81b4-45a4af1368a2:c2626]
2019-06-14 08:42:59,667 INFO  client.GrpcClientProtocolClient (GrpcClientProtocolClient.java:onNext(254)) - client-2EC808601240->374189d0-76c5-49d2-81b4-45a4af1368a2: receive RaftClientReply:client-2EC808601240->374189d0-76c5-49d2-81b4-45a4af1368a2@group-30B6692CD68C, cid=1519, SUCCESS, logIndex=2627, commits[374189d0-76c5-49d2-81b4-45a4af1368a2:c2628]
2019-06-14 08:42:59,667 INFO  client.GrpcClientProtocolClient (GrpcClientProtocolClient.java:onNext(254)) - client-2EC808601240->374189d0-76c5-49d2-81b4-45a4af1368a2: receive RaftClientReply:client-2EC808601240->374189d0-76c5-49d2-81b4-45a4af1368a2@group-30B6692CD68C, cid=1520, SUCCESS, logIndex=2628, commits[374189d0-76c5-49d2-81b4-45a4af1368a2:c2630]
2019-06-14 08:42:59,677 INFO  client.GrpcClientProtocolClient (GrpcClientProtocolClient.java:onNext(254)) - client-2EC808601240->374189d0-76c5-49d2-81b4-45a4af1368a2: receive RaftClientReply:client-2EC808601240->374189d0-76c5-49d2-81b4-45a4af1368a2@group-30B6692CD68C, cid=1521, SUCCESS, logIndex=2631, commits[374189d0-76c5-49d2-81b4-45a4af1368a2:c2631]
2019-06-14 08:42:59,678 INFO  client.GrpcClientProtocolClient (GrpcClientProtocolClient.java:onNext(254)) - client-2EC808601240->374189d0-76c5-49d2-81b4-45a4af1368a2: receive RaftClientReply:client-2EC808601240->374189d0-76c5-49d2-81b4-45a4af1368a2@group-30B6692CD68C, cid=1522, SUCCESS, logIndex=2633, commits[374189d0-76c5-49d2-81b4-45a4af1368a2:c2633]
2019-06-14 08:42:59,679 INFO  client.GrpcClientProtocolClient (GrpcClientProtocolClient.java:onNext(254)) - client-2EC808601240->374189d0-76c5-49d2-81b4-45a4af1368a2: receive RaftClientReply:client-2EC808601240->374189d0-76c5-49d2-81b4-45a4af1368a2@group-30B6692CD68C, cid=1523, SUCCESS, logIndex=2634, commits[374189d0-76c5-49d2-81b4-45a4af1368a2:c2636]
2019-06-14 08:42:59,679 INFO  client.GrpcClientProtocolClient (GrpcClientProtocolClient.java:onNext(254)) - client-2EC808601240->374189d0-76c5-49d2-81b4-45a4af1368a2: receive RaftClientReply:client-2EC808601240->374189d0-76c5-49d2-81b4-45a4af1368a2@group-30B6692CD68C, cid=1524, SUCCESS, logIndex=2635, commits[374189d0-76c5-49d2-81b4-45a4af1368a2:c2636]
2019-06-14 08:42:59,685 INFO  client.GrpcClientProtocolClient (GrpcClientProtocolClient.java:onNext(254)) - client-2EC808601240->374189d0-76c5-49d2-81b4-45a4af1368a2: receive RaftClientReply:client-2EC808601240->374189d0-76c5-49d2-81b4-45a4af1368a2@group-30B6692CD68C, cid=1525, SUCCESS, logIndex=2637, commits[374189d0-76c5-49d2-81b4-45a4af1368a2:c2637]
2019-06-14 08:42:59,687 INFO  client.GrpcClientProtocolClient (GrpcClientProtocolClient.java:onNext(254)) - client-2EC808601240->374189d0-76c5-49d2-81b4-45a4af1368a2: receive RaftClientReply:client-2EC808601240->374189d0-76c5-49d2-81b4-45a4af1368a2@group-30B6692CD68C, cid=1526, SUCCESS, logIndex=2639, commits[374189d0-76c5-49d2-81b4-45a4af1368a2:c2639]
2019-06-14 08:42:59,687 INFO  client.GrpcClientProtocolClient (GrpcClientProtocolClient.java:onNext(254)) - client-2EC808601240->374189d0-76c5-49d2-81b4-45a4af1368a2: receive RaftClientReply:client-2EC808601240->374189d0-76c5-49d2-81b4-45a4af1368a2@group-30B6692CD68C, cid=1527, SUCCESS, logIndex=2640, commits[374189d0-76c5-49d2-81b4-45a4af1368a2:c2640]
2019-06-14 08:42:59,689 INFO  client.GrpcClientProtocolClient (GrpcClientProtocolClient.java:onNext(254)) - client-2EC808601240->374189d0-76c5-49d2-81b4-45a4af1368a2: receive RaftClientReply:client-2EC808601240->374189d0-76c5-49d2-81b4-45a4af1368a2@group-30B6692CD68C, cid=1528, SUCCESS, logIndex=2643, commits[374189d0-76c5-49d2-81b4-45a4af1368a2:c2643]
2019-06-14 08:42:59,699 INFO  client.GrpcClientProtocolClient (GrpcClientProtocolClient.java:onNext(254)) - client-2EC808601240->374189d0-76c5-49d2-81b4-45a4af1368a2: receive RaftClientReply:client-2EC808601240->374189d0-76c5-49d2-81b4-45a4af1368a2@group-30B6692CD68C, cid=1529, SUCCESS, logIndex=2645, commits[374189d0-76c5-49d2-81b4-45a4af1368a2:c2645]
2019-06-14 08:42:59,700 INFO  client.GrpcClientProtocolClient (GrpcClientProtocolClient.java:onNext(254)) - client-2EC808601240->374189d0-76c5-49d2-81b4-45a4af1368a2: receive RaftClientReply:client-2EC808601240->374189d0-76c5-49d2-81b4-45a4af1368a2@group-30B6692CD68C, cid=1530, SUCCESS, logIndex=2647, commits[374189d0-76c5-49d2-81b4-45a4af1368a2:c2647]
2019-06-14 08:42:59,701 INFO  client.GrpcClientProtocolClient (GrpcClientProtocolClient.java:onNext(254)) - client-2EC808601240->374189d0-76c5-49d2-81b4-45a4af1368a2: receive RaftClientReply:client-2EC808601240->374189d0-76c5-49d2-81b4-45a4af1368a2@group-30B6692CD68C, cid=1531, SUCCESS, logIndex=2648, commits[374189d0-76c5-49d2-81b4-45a4af1368a2:c2650]
2019-06-14 08:42:59,702 INFO  client.GrpcClientProtocolClient (GrpcClientProtocolClient.java:onNext(254)) - client-2EC808601240->374189d0-76c5-49d2-81b4-45a4af1368a2: receive RaftClientReply:client-2EC808601240->374189d0-76c5-49d2-81b4-45a4af1368a2@group-30B6692CD68C, cid=1532, SUCCESS, logIndex=2649, commits[374189d0-76c5-49d2-81b4-45a4af1368a2:c2650]
2019-06-14 08:42:59,707 INFO  client.GrpcClientProtocolClient (GrpcClientProtocolClient.java:onNext(254)) - client-2EC808601240->374189d0-76c5-49d2-81b4-45a4af1368a2: receive RaftClientReply:client-2EC808601240->374189d0-76c5-49d2-81b4-45a4af1368a2@group-30B6692CD68C, cid=1533, SUCCESS, logIndex=2651, commits[374189d0-76c5-49d2-81b4-45a4af1368a2:c2651]
2019-06-14 08:42:59,709 INFO  client.GrpcClientProtocolClient (GrpcClientProtocolClient.java:onNext(254)) - client-2EC808601240->374189d0-76c5-49d2-81b4-45a4af1368a2: receive RaftClientReply:client-2EC808601240->374189d0-76c5-49d2-81b4-45a4af1368a2@group-30B6692CD68C, cid=1534, SUCCESS, logIndex=2653, commits[374189d0-76c5-49d2-81b4-45a4af1368a2:c2653]
2019-06-14 08:42:59,710 INFO  client.GrpcClientProtocolClient (GrpcClientProtocolClient.java:onNext(254)) - client-2EC808601240->374189d0-76c5-49d2-81b4-45a4af1368a2: receive RaftClientReply:client-2EC808601240->374189d0-76c5-49d2-81b4-45a4af1368a2@group-30B6692CD68C, cid=1535, SUCCESS, logIndex=2654, commits[374189d0-76c5-49d2-81b4-45a4af1368a2:c2655]
2019-06-14 08:42:59,711 INFO  client.GrpcClientProtocolClient (GrpcClientProtocolClient.java:onNext(254)) - client-2EC808601240->374189d0-76c5-49d2-81b4-45a4af1368a2: receive RaftClientReply:client-2EC808601240->374189d0-76c5-49d2-81b4-45a4af1368a2@group-30B6692CD68C, cid=1536, SUCCESS, logIndex=2655, commits[374189d0-76c5-49d2-81b4-45a4af1368a2:c2656]
2019-06-14 08:42:59,713 DEBUG block.SCMBlockDeletingService (SCMBlockDeletingService.java:call(138)) - Running DeletedBlockTransactionScanner
2019-06-14 08:42:59,713 DEBUG block.SCMBlockDeletingService (SCMBlockDeletingService.java:call(155)) - Scanned deleted blocks log and got 0 delTX to process.
2019-06-14 08:42:59,723 INFO  client.GrpcClientProtocolClient (GrpcClientProtocolClient.java:onNext(254)) - client-2EC808601240->374189d0-76c5-49d2-81b4-45a4af1368a2: receive RaftClientReply:client-2EC808601240->374189d0-76c5-49d2-81b4-45a4af1368a2@group-30B6692CD68C, cid=1537, SUCCESS, logIndex=2658, commits[374189d0-76c5-49d2-81b4-45a4af1368a2:c2658]
2019-06-14 08:42:59,726 INFO  client.GrpcClientProtocolClient (GrpcClientProtocolClient.java:onNext(254)) - client-2EC808601240->374189d0-76c5-49d2-81b4-45a4af1368a2: receive RaftClientReply:client-2EC808601240->374189d0-76c5-49d2-81b4-45a4af1368a2@group-30B6692CD68C, cid=1538, SUCCESS, logIndex=2660, commits[374189d0-76c5-49d2-81b4-45a4af1368a2:c2660]
2019-06-14 08:42:59,727 INFO  client.GrpcClientProtocolClient (GrpcClientProtocolClient.java:onNext(254)) - client-2EC808601240->374189d0-76c5-49d2-81b4-45a4af1368a2: receive RaftClientReply:client-2EC808601240->374189d0-76c5-49d2-81b4-45a4af1368a2@group-30B6692CD68C, cid=1539, SUCCESS, logIndex=2661, commits[374189d0-76c5-49d2-81b4-45a4af1368a2:c2662]
2019-06-14 08:42:59,727 INFO  client.GrpcClientProtocolClient (GrpcClientProtocolClient.java:onNext(254)) - client-2EC808601240->374189d0-76c5-49d2-81b4-45a4af1368a2: receive RaftClientReply:client-2EC808601240->374189d0-76c5-49d2-81b4-45a4af1368a2@group-30B6692CD68C, cid=1540, SUCCESS, logIndex=2662, commits[374189d0-76c5-49d2-81b4-45a4af1368a2:c2662]
2019-06-14 08:42:59,734 INFO  client.GrpcClientProtocolClient (GrpcClientProtocolClient.java:onNext(254)) - client-2EC808601240->374189d0-76c5-49d2-81b4-45a4af1368a2: receive RaftClientReply:client-2EC808601240->374189d0-76c5-49d2-81b4-45a4af1368a2@group-30B6692CD68C, cid=1541, SUCCESS, logIndex=2665, commits[374189d0-76c5-49d2-81b4-45a4af1368a2:c2665]
2019-06-14 08:42:59,736 INFO  client.GrpcClientProtocolClient (GrpcClientProtocolClient.java:onNext(254)) - client-2EC808601240->374189d0-76c5-49d2-81b4-45a4af1368a2: receive RaftClientReply:client-2EC808601240->374189d0-76c5-49d2-81b4-45a4af1368a2@group-30B6692CD68C, cid=1542, SUCCESS, logIndex=2667, commits[374189d0-76c5-49d2-81b4-45a4af1368a2:c2667]
2019-06-14 08:42:59,737 INFO  storage.RaftLogWorker (RaftLogWorker.java:rollLogSegment(303)) - 374189d0-76c5-49d2-81b4-45a4af1368a2-RaftLogWorker: Rolling segment log-2597_2669 to index:2669
2019-06-14 08:42:59,737 INFO  client.GrpcClientProtocolClient (GrpcClientProtocolClient.java:onNext(254)) - client-2EC808601240->374189d0-76c5-49d2-81b4-45a4af1368a2: receive RaftClientReply:client-2EC808601240->374189d0-76c5-49d2-81b4-45a4af1368a2@group-30B6692CD68C, cid=1543, SUCCESS, logIndex=2668, commits[374189d0-76c5-49d2-81b4-45a4af1368a2:c2669]
2019-06-14 08:42:59,737 INFO  storage.RaftLogWorker (RaftLogWorker.java:execute(433)) - 374189d0-76c5-49d2-81b4-45a4af1368a2-RaftLogWorker: Rolled log segment from /opt/src/hadoop-ozone/integration-test/target/test-dir/MiniOzoneClusterImpl-1994f8b8-dd4d-445c-bf25-0c6d40f9b14d/datanode-0/data/ratis/99d0acb8-99ce-4814-8259-30b6692cd68c/current/log_inprogress_2597 to /opt/src/hadoop-ozone/integration-test/target/test-dir/MiniOzoneClusterImpl-1994f8b8-dd4d-445c-bf25-0c6d40f9b14d/datanode-0/data/ratis/99d0acb8-99ce-4814-8259-30b6692cd68c/current/log_2597-2669
2019-06-14 08:42:59,779 INFO  storage.RaftLogWorker (RaftLogWorker.java:execute(469)) - 374189d0-76c5-49d2-81b4-45a4af1368a2-RaftLogWorker: created new log segment /opt/src/hadoop-ozone/integration-test/target/test-dir/MiniOzoneClusterImpl-1994f8b8-dd4d-445c-bf25-0c6d40f9b14d/datanode-0/data/ratis/99d0acb8-99ce-4814-8259-30b6692cd68c/current/log_inprogress_2670
2019-06-14 08:42:59,783 INFO  client.GrpcClientProtocolClient (GrpcClientProtocolClient.java:onNext(254)) - client-2EC808601240->374189d0-76c5-49d2-81b4-45a4af1368a2: receive RaftClientReply:client-2EC808601240->374189d0-76c5-49d2-81b4-45a4af1368a2@group-30B6692CD68C, cid=1544, SUCCESS, logIndex=2670, commits[374189d0-76c5-49d2-81b4-45a4af1368a2:c2670]
2019-06-14 08:42:59,803 INFO  client.GrpcClientProtocolClient (GrpcClientProtocolClient.java:onNext(254)) - client-2EC808601240->374189d0-76c5-49d2-81b4-45a4af1368a2: receive RaftClientReply:client-2EC808601240->374189d0-76c5-49d2-81b4-45a4af1368a2@group-30B6692CD68C, cid=1545, SUCCESS, logIndex=2672, commits[374189d0-76c5-49d2-81b4-45a4af1368a2:c2672]
2019-06-14 08:42:59,805 INFO  client.GrpcClientProtocolClient (GrpcClientProtocolClient.java:onNext(254)) - client-2EC808601240->374189d0-76c5-49d2-81b4-45a4af1368a2: receive RaftClientReply:client-2EC808601240->374189d0-76c5-49d2-81b4-45a4af1368a2@group-30B6692CD68C, cid=1546, SUCCESS, logIndex=2674, commits[374189d0-76c5-49d2-81b4-45a4af1368a2:c2674]
2019-06-14 08:42:59,813 DEBUG block.SCMBlockDeletingService (SCMBlockDeletingService.java:call(138)) - Running DeletedBlockTransactionScanner
2019-06-14 08:42:59,814 DEBUG block.SCMBlockDeletingService (SCMBlockDeletingService.java:call(155)) - Scanned deleted blocks log and got 0 delTX to process.
2019-06-14 08:42:59,876 INFO  client.GrpcClientProtocolClient (GrpcClientProtocolClient.java:onNext(254)) - client-2EC808601240->374189d0-76c5-49d2-81b4-45a4af1368a2: receive RaftClientReply:client-2EC808601240->374189d0-76c5-49d2-81b4-45a4af1368a2@group-30B6692CD68C, cid=1547, SUCCESS, logIndex=2676, commits[374189d0-76c5-49d2-81b4-45a4af1368a2:c2676]
2019-06-14 08:42:59,877 INFO  client.GrpcClientProtocolClient (GrpcClientProtocolClient.java:onNext(254)) - client-2EC808601240->374189d0-76c5-49d2-81b4-45a4af1368a2: receive RaftClientReply:client-2EC808601240->374189d0-76c5-49d2-81b4-45a4af1368a2@group-30B6692CD68C, cid=1548, SUCCESS, logIndex=2678, commits[374189d0-76c5-49d2-81b4-45a4af1368a2:c2678]
2019-06-14 08:42:59,885 INFO  client.GrpcClientProtocolClient (GrpcClientProtocolClient.java:onNext(254)) - client-2EC808601240->374189d0-76c5-49d2-81b4-45a4af1368a2: receive RaftClientReply:client-2EC808601240->374189d0-76c5-49d2-81b4-45a4af1368a2@group-30B6692CD68C, cid=1549, SUCCESS, logIndex=2680, commits[374189d0-76c5-49d2-81b4-45a4af1368a2:c2680]
2019-06-14 08:42:59,887 INFO  client.GrpcClientProtocolClient (GrpcClientProtocolClient.java:onNext(254)) - client-2EC808601240->374189d0-76c5-49d2-81b4-45a4af1368a2: receive RaftClientReply:client-2EC808601240->374189d0-76c5-49d2-81b4-45a4af1368a2@group-30B6692CD68C, cid=1550, SUCCESS, logIndex=2682, commits[374189d0-76c5-49d2-81b4-45a4af1368a2:c2682]
2019-06-14 08:42:59,888 INFO  client.GrpcClientProtocolClient (GrpcClientProtocolClient.java:onNext(254)) - client-2EC808601240->374189d0-76c5-49d2-81b4-45a4af1368a2: receive RaftClientReply:client-2EC808601240->374189d0-76c5-49d2-81b4-45a4af1368a2@group-30B6692CD68C, cid=1551, SUCCESS, logIndex=2683, commits[374189d0-76c5-49d2-81b4-45a4af1368a2:c2685]
2019-06-14 08:42:59,889 INFO  client.GrpcClientProtocolClient (GrpcClientProtocolClient.java:onNext(254)) - client-2EC808601240->374189d0-76c5-49d2-81b4-45a4af1368a2: receive RaftClientReply:client-2EC808601240->374189d0-76c5-49d2-81b4-45a4af1368a2@group-30B6692CD68C, cid=1552, SUCCESS, logIndex=2684, commits[374189d0-76c5-49d2-81b4-45a4af1368a2:c2685]
2019-06-14 08:42:59,901 INFO  client.GrpcClientProtocolClient (GrpcClientProtocolClient.java:onNext(254)) - client-2EC808601240->374189d0-76c5-49d2-81b4-45a4af1368a2: receive RaftClientReply:client-2EC808601240->374189d0-76c5-49d2-81b4-45a4af1368a2@group-30B6692CD68C, cid=1553, SUCCESS, logIndex=2686, commits[374189d0-76c5-49d2-81b4-45a4af1368a2:c2686]
2019-06-14 08:42:59,903 INFO  client.GrpcClientProtocolClient (GrpcClientProtocolClient.java:onNext(254)) - client-2EC808601240->374189d0-76c5-49d2-81b4-45a4af1368a2: receive RaftClientReply:client-2EC808601240->374189d0-76c5-49d2-81b4-45a4af1368a2@group-30B6692CD68C, cid=1554, SUCCESS, logIndex=2688, commits[374189d0-76c5-49d2-81b4-45a4af1368a2:c2688]
2019-06-14 08:42:59,907 INFO  client.GrpcClientProtocolClient (GrpcClientProtocolClient.java:onNext(254)) - client-2EC808601240->374189d0-76c5-49d2-81b4-45a4af1368a2: receive RaftClientReply:client-2EC808601240->374189d0-76c5-49d2-81b4-45a4af1368a2@group-30B6692CD68C, cid=1555, SUCCESS, logIndex=2690, commits[374189d0-76c5-49d2-81b4-45a4af1368a2:c2692]
2019-06-14 08:42:59,911 INFO  client.GrpcClientProtocolClient (GrpcClientProtocolClient.java:onNext(254)) - client-2EC808601240->374189d0-76c5-49d2-81b4-45a4af1368a2: receive RaftClientReply:client-2EC808601240->374189d0-76c5-49d2-81b4-45a4af1368a2@group-30B6692CD68C, cid=1556, SUCCESS, logIndex=2691, commits[374189d0-76c5-49d2-81b4-45a4af1368a2:c2692]
2019-06-14 08:42:59,917 DEBUG block.SCMBlockDeletingService (SCMBlockDeletingService.java:call(138)) - Running DeletedBlockTransactionScanner
2019-06-14 08:42:59,917 DEBUG block.SCMBlockDeletingService (SCMBlockDeletingService.java:call(155)) - Scanned deleted blocks log and got 0 delTX to process.
2019-06-14 08:42:59,919 INFO  client.GrpcClientProtocolClient (GrpcClientProtocolClient.java:onNext(254)) - client-2EC808601240->374189d0-76c5-49d2-81b4-45a4af1368a2: receive RaftClientReply:client-2EC808601240->374189d0-76c5-49d2-81b4-45a4af1368a2@group-30B6692CD68C, cid=1557, SUCCESS, logIndex=2693, commits[374189d0-76c5-49d2-81b4-45a4af1368a2:c2693]
2019-06-14 08:42:59,923 INFO  client.GrpcClientProtocolClient (GrpcClientProtocolClient.java:onNext(254)) - client-2EC808601240->374189d0-76c5-49d2-81b4-45a4af1368a2: receive RaftClientReply:client-2EC808601240->374189d0-76c5-49d2-81b4-45a4af1368a2@group-30B6692CD68C, cid=1558, SUCCESS, logIndex=2695, commits[374189d0-76c5-49d2-81b4-45a4af1368a2:c2699]
2019-06-14 08:42:59,924 INFO  client.GrpcClientProtocolClient (GrpcClientProtocolClient.java:onNext(254)) - client-2EC808601240->374189d0-76c5-49d2-81b4-45a4af1368a2: receive RaftClientReply:client-2EC808601240->374189d0-76c5-49d2-81b4-45a4af1368a2@group-30B6692CD68C, cid=1559, SUCCESS, logIndex=2696, commits[374189d0-76c5-49d2-81b4-45a4af1368a2:c2699]
2019-06-14 08:42:59,924 INFO  client.GrpcClientProtocolClient (GrpcClientProtocolClient.java:onNext(254)) - client-2EC808601240->374189d0-76c5-49d2-81b4-45a4af1368a2: receive RaftClientReply:client-2EC808601240->374189d0-76c5-49d2-81b4-45a4af1368a2@group-30B6692CD68C, cid=1560, SUCCESS, logIndex=2697, commits[374189d0-76c5-49d2-81b4-45a4af1368a2:c2699]
2019-06-14 08:42:59,933 INFO  client.GrpcClientProtocolClient (GrpcClientProtocolClient.java:onNext(254)) - client-2EC808601240->374189d0-76c5-49d2-81b4-45a4af1368a2: receive RaftClientReply:client-2EC808601240->374189d0-76c5-49d2-81b4-45a4af1368a2@group-30B6692CD68C, cid=1561, SUCCESS, logIndex=2700, commits[374189d0-76c5-49d2-81b4-45a4af1368a2:c2700]
2019-06-14 08:42:59,936 INFO  client.GrpcClientProtocolClient (GrpcClientProtocolClient.java:onNext(254)) - client-2EC808601240->374189d0-76c5-49d2-81b4-45a4af1368a2: receive RaftClientReply:client-2EC808601240->374189d0-76c5-49d2-81b4-45a4af1368a2@group-30B6692CD68C, cid=1562, SUCCESS, logIndex=2702, commits[374189d0-76c5-49d2-81b4-45a4af1368a2:c2702]
2019-06-14 08:42:59,936 INFO  client.GrpcClientProtocolClient (GrpcClientProtocolClient.java:onNext(254)) - client-2EC808601240->374189d0-76c5-49d2-81b4-45a4af1368a2: receive RaftClientReply:client-2EC808601240->374189d0-76c5-49d2-81b4-45a4af1368a2@group-30B6692CD68C, cid=1563, SUCCESS, logIndex=2703, commits[374189d0-76c5-49d2-81b4-45a4af1368a2:c2705]
2019-06-14 08:42:59,939 INFO  client.GrpcClientProtocolClient (GrpcClientProtocolClient.java:onNext(254)) - client-2EC808601240->374189d0-76c5-49d2-81b4-45a4af1368a2: receive RaftClientReply:client-2EC808601240->374189d0-76c5-49d2-81b4-45a4af1368a2@group-30B6692CD68C, cid=1564, SUCCESS, logIndex=2704, commits[374189d0-76c5-49d2-81b4-45a4af1368a2:c2705]
2019-06-14 08:42:59,947 INFO  client.GrpcClientProtocolClient (GrpcClientProtocolClient.java:onNext(254)) - client-2EC808601240->374189d0-76c5-49d2-81b4-45a4af1368a2: receive RaftClientReply:client-2EC808601240->374189d0-76c5-49d2-81b4-45a4af1368a2@group-30B6692CD68C, cid=1565, SUCCESS, logIndex=2706, commits[374189d0-76c5-49d2-81b4-45a4af1368a2:c2706]
2019-06-14 08:42:59,952 INFO  client.GrpcClientProtocolClient (GrpcClientProtocolClient.java:onNext(254)) - client-2EC808601240->374189d0-76c5-49d2-81b4-45a4af1368a2: receive RaftClientReply:client-2EC808601240->374189d0-76c5-49d2-81b4-45a4af1368a2@group-30B6692CD68C, cid=1566, SUCCESS, logIndex=2708, commits[374189d0-76c5-49d2-81b4-45a4af1368a2:c2708]
2019-06-14 08:42:59,952 INFO  client.GrpcClientProtocolClient (GrpcClientProtocolClient.java:onNext(254)) - client-2EC808601240->374189d0-76c5-49d2-81b4-45a4af1368a2: receive RaftClientReply:client-2EC808601240->374189d0-76c5-49d2-81b4-45a4af1368a2@group-30B6692CD68C, cid=1567, SUCCESS, logIndex=2709, commits[374189d0-76c5-49d2-81b4-45a4af1368a2:c2710]
2019-06-14 08:42:59,959 INFO  client.GrpcClientProtocolClient (GrpcClientProtocolClient.java:onNext(254)) - client-2EC808601240->374189d0-76c5-49d2-81b4-45a4af1368a2: receive RaftClientReply:client-2EC808601240->374189d0-76c5-49d2-81b4-45a4af1368a2@group-30B6692CD68C, cid=1568, SUCCESS, logIndex=2710, commits[374189d0-76c5-49d2-81b4-45a4af1368a2:c2710]
2019-06-14 08:42:59,974 INFO  client.GrpcClientProtocolClient (GrpcClientProtocolClient.java:onNext(254)) - client-2EC808601240->374189d0-76c5-49d2-81b4-45a4af1368a2: receive RaftClientReply:client-2EC808601240->374189d0-76c5-49d2-81b4-45a4af1368a2@group-30B6692CD68C, cid=1569, SUCCESS, logIndex=2713, commits[374189d0-76c5-49d2-81b4-45a4af1368a2:c2713]
2019-06-14 08:42:59,976 INFO  client.GrpcClientProtocolClient (GrpcClientProtocolClient.java:onNext(254)) - client-2EC808601240->374189d0-76c5-49d2-81b4-45a4af1368a2: receive RaftClientReply:client-2EC808601240->374189d0-76c5-49d2-81b4-45a4af1368a2@group-30B6692CD68C, cid=1570, SUCCESS, logIndex=2715, commits[374189d0-76c5-49d2-81b4-45a4af1368a2:c2715]
2019-06-14 08:42:59,983 INFO  client.GrpcClientProtocolClient (GrpcClientProtocolClient.java:onNext(254)) - client-2EC808601240->374189d0-76c5-49d2-81b4-45a4af1368a2: receive RaftClientReply:client-2EC808601240->374189d0-76c5-49d2-81b4-45a4af1368a2@group-30B6692CD68C, cid=1571, SUCCESS, logIndex=2717, commits[374189d0-76c5-49d2-81b4-45a4af1368a2:c2718]
2019-06-14 08:42:59,991 INFO  client.GrpcClientProtocolClient (GrpcClientProtocolClient.java:onNext(254)) - client-2EC808601240->374189d0-76c5-49d2-81b4-45a4af1368a2: receive RaftClientReply:client-2EC808601240->374189d0-76c5-49d2-81b4-45a4af1368a2@group-30B6692CD68C, cid=1572, SUCCESS, logIndex=2718, commits[374189d0-76c5-49d2-81b4-45a4af1368a2:c2718]
2019-06-14 08:42:59,999 INFO  client.GrpcClientProtocolClient (GrpcClientProtocolClient.java:onNext(254)) - client-2EC808601240->374189d0-76c5-49d2-81b4-45a4af1368a2: receive RaftClientReply:client-2EC808601240->374189d0-76c5-49d2-81b4-45a4af1368a2@group-30B6692CD68C, cid=1573, SUCCESS, logIndex=2720, commits[374189d0-76c5-49d2-81b4-45a4af1368a2:c2720]
2019-06-14 08:43:00,000 INFO  client.GrpcClientProtocolClient (GrpcClientProtocolClient.java:onNext(254)) - client-2EC808601240->374189d0-76c5-49d2-81b4-45a4af1368a2: receive RaftClientReply:client-2EC808601240->374189d0-76c5-49d2-81b4-45a4af1368a2@group-30B6692CD68C, cid=1574, SUCCESS, logIndex=2722, commits[374189d0-76c5-49d2-81b4-45a4af1368a2:c2722]
2019-06-14 08:43:00,007 INFO  client.GrpcClientProtocolClient (GrpcClientProtocolClient.java:onNext(254)) - client-2EC808601240->374189d0-76c5-49d2-81b4-45a4af1368a2: receive RaftClientReply:client-2EC808601240->374189d0-76c5-49d2-81b4-45a4af1368a2@group-30B6692CD68C, cid=1575, SUCCESS, logIndex=2723, commits[374189d0-76c5-49d2-81b4-45a4af1368a2:c2725]
2019-06-14 08:43:00,007 INFO  client.GrpcClientProtocolClient (GrpcClientProtocolClient.java:onNext(254)) - client-2EC808601240->374189d0-76c5-49d2-81b4-45a4af1368a2: receive RaftClientReply:client-2EC808601240->374189d0-76c5-49d2-81b4-45a4af1368a2@group-30B6692CD68C, cid=1576, SUCCESS, logIndex=2724, commits[374189d0-76c5-49d2-81b4-45a4af1368a2:c2725]
2019-06-14 08:43:00,018 DEBUG block.SCMBlockDeletingService (SCMBlockDeletingService.java:call(138)) - Running DeletedBlockTransactionScanner
2019-06-14 08:43:00,018 DEBUG block.SCMBlockDeletingService (SCMBlockDeletingService.java:call(155)) - Scanned deleted blocks log and got 0 delTX to process.
2019-06-14 08:43:00,019 INFO  client.GrpcClientProtocolClient (GrpcClientProtocolClient.java:onNext(254)) - client-2EC808601240->374189d0-76c5-49d2-81b4-45a4af1368a2: receive RaftClientReply:client-2EC808601240->374189d0-76c5-49d2-81b4-45a4af1368a2@group-30B6692CD68C, cid=1577, SUCCESS, logIndex=2726, commits[374189d0-76c5-49d2-81b4-45a4af1368a2:c2726]
2019-06-14 08:43:00,020 INFO  client.GrpcClientProtocolClient (GrpcClientProtocolClient.java:onNext(254)) - client-2EC808601240->374189d0-76c5-49d2-81b4-45a4af1368a2: receive RaftClientReply:client-2EC808601240->374189d0-76c5-49d2-81b4-45a4af1368a2@group-30B6692CD68C, cid=1578, SUCCESS, logIndex=2728, commits[374189d0-76c5-49d2-81b4-45a4af1368a2:c2728]
2019-06-14 08:43:00,026 INFO  client.GrpcClientProtocolClient (GrpcClientProtocolClient.java:onNext(254)) - client-2EC808601240->374189d0-76c5-49d2-81b4-45a4af1368a2: receive RaftClientReply:client-2EC808601240->374189d0-76c5-49d2-81b4-45a4af1368a2@group-30B6692CD68C, cid=1579, SUCCESS, logIndex=2729, commits[374189d0-76c5-49d2-81b4-45a4af1368a2:c2731]
2019-06-14 08:43:00,027 INFO  client.GrpcClientProtocolClient (GrpcClientProtocolClient.java:onNext(254)) - client-2EC808601240->374189d0-76c5-49d2-81b4-45a4af1368a2: receive RaftClientReply:client-2EC808601240->374189d0-76c5-49d2-81b4-45a4af1368a2@group-30B6692CD68C, cid=1580, SUCCESS, logIndex=2730, commits[374189d0-76c5-49d2-81b4-45a4af1368a2:c2731]
2019-06-14 08:43:00,036 INFO  client.GrpcClientProtocolClient (GrpcClientProtocolClient.java:onNext(254)) - client-2EC808601240->374189d0-76c5-49d2-81b4-45a4af1368a2: receive RaftClientReply:client-2EC808601240->374189d0-76c5-49d2-81b4-45a4af1368a2@group-30B6692CD68C, cid=1581, SUCCESS, logIndex=2732, commits[374189d0-76c5-49d2-81b4-45a4af1368a2:c2732]
2019-06-14 08:43:00,045 INFO  client.GrpcClientProtocolClient (GrpcClientProtocolClient.java:onNext(254)) - client-2EC808601240->374189d0-76c5-49d2-81b4-45a4af1368a2: receive RaftClientReply:client-2EC808601240->374189d0-76c5-49d2-81b4-45a4af1368a2@group-30B6692CD68C, cid=1582, SUCCESS, logIndex=2734, commits[374189d0-76c5-49d2-81b4-45a4af1368a2:c2734]
2019-06-14 08:43:00,045 INFO  client.GrpcClientProtocolClient (GrpcClientProtocolClient.java:onNext(254)) - client-2EC808601240->374189d0-76c5-49d2-81b4-45a4af1368a2: receive RaftClientReply:client-2EC808601240->374189d0-76c5-49d2-81b4-45a4af1368a2@group-30B6692CD68C, cid=1583, SUCCESS, logIndex=2735, commits[374189d0-76c5-49d2-81b4-45a4af1368a2:c2737]
2019-06-14 08:43:00,045 INFO  client.GrpcClientProtocolClient (GrpcClientProtocolClient.java:onNext(254)) - client-2EC808601240->374189d0-76c5-49d2-81b4-45a4af1368a2: receive RaftClientReply:client-2EC808601240->374189d0-76c5-49d2-81b4-45a4af1368a2@group-30B6692CD68C, cid=1584, SUCCESS, logIndex=2736, commits[374189d0-76c5-49d2-81b4-45a4af1368a2:c2737]
2019-06-14 08:43:00,055 INFO  storage.RaftLogWorker (RaftLogWorker.java:rollLogSegment(303)) - 374189d0-76c5-49d2-81b4-45a4af1368a2-RaftLogWorker: Rolling segment log-2670_2740 to index:2740
2019-06-14 08:43:00,056 INFO  client.GrpcClientProtocolClient (GrpcClientProtocolClient.java:onNext(254)) - client-2EC808601240->374189d0-76c5-49d2-81b4-45a4af1368a2: receive RaftClientReply:client-2EC808601240->374189d0-76c5-49d2-81b4-45a4af1368a2@group-30B6692CD68C, cid=1585, SUCCESS, logIndex=2738, commits[374189d0-76c5-49d2-81b4-45a4af1368a2:c2738]
2019-06-14 08:43:00,056 INFO  storage.RaftLogWorker (RaftLogWorker.java:execute(433)) - 374189d0-76c5-49d2-81b4-45a4af1368a2-RaftLogWorker: Rolled log segment from /opt/src/hadoop-ozone/integration-test/target/test-dir/MiniOzoneClusterImpl-1994f8b8-dd4d-445c-bf25-0c6d40f9b14d/datanode-0/data/ratis/99d0acb8-99ce-4814-8259-30b6692cd68c/current/log_inprogress_2670 to /opt/src/hadoop-ozone/integration-test/target/test-dir/MiniOzoneClusterImpl-1994f8b8-dd4d-445c-bf25-0c6d40f9b14d/datanode-0/data/ratis/99d0acb8-99ce-4814-8259-30b6692cd68c/current/log_2670-2740
2019-06-14 08:43:00,058 INFO  client.GrpcClientProtocolClient (GrpcClientProtocolClient.java:onNext(254)) - client-2EC808601240->374189d0-76c5-49d2-81b4-45a4af1368a2: receive RaftClientReply:client-2EC808601240->374189d0-76c5-49d2-81b4-45a4af1368a2@group-30B6692CD68C, cid=1586, SUCCESS, logIndex=2740, commits[374189d0-76c5-49d2-81b4-45a4af1368a2:c2740]
2019-06-14 08:43:00,099 INFO  storage.RaftLogWorker (RaftLogWorker.java:execute(469)) - 374189d0-76c5-49d2-81b4-45a4af1368a2-RaftLogWorker: created new log segment /opt/src/hadoop-ozone/integration-test/target/test-dir/MiniOzoneClusterImpl-1994f8b8-dd4d-445c-bf25-0c6d40f9b14d/datanode-0/data/ratis/99d0acb8-99ce-4814-8259-30b6692cd68c/current/log_inprogress_2741
2019-06-14 08:43:00,106 INFO  client.GrpcClientProtocolClient (GrpcClientProtocolClient.java:onNext(254)) - client-2EC808601240->374189d0-76c5-49d2-81b4-45a4af1368a2: receive RaftClientReply:client-2EC808601240->374189d0-76c5-49d2-81b4-45a4af1368a2@group-30B6692CD68C, cid=1587, SUCCESS, logIndex=2741, commits[374189d0-76c5-49d2-81b4-45a4af1368a2:c2743]
2019-06-14 08:43:00,107 INFO  client.GrpcClientProtocolClient (GrpcClientProtocolClient.java:onNext(254)) - client-2EC808601240->374189d0-76c5-49d2-81b4-45a4af1368a2: receive RaftClientReply:client-2EC808601240->374189d0-76c5-49d2-81b4-45a4af1368a2@group-30B6692CD68C, cid=1588, SUCCESS, logIndex=2742, commits[374189d0-76c5-49d2-81b4-45a4af1368a2:c2743]
2019-06-14 08:43:00,113 INFO  client.GrpcClientProtocolClient (GrpcClientProtocolClient.java:onNext(254)) - client-2EC808601240->374189d0-76c5-49d2-81b4-45a4af1368a2: receive RaftClientReply:client-2EC808601240->374189d0-76c5-49d2-81b4-45a4af1368a2@group-30B6692CD68C, cid=1589, SUCCESS, logIndex=2744, commits[374189d0-76c5-49d2-81b4-45a4af1368a2:c2744]
2019-06-14 08:43:00,115 INFO  client.GrpcClientProtocolClient (GrpcClientProtocolClient.java:onNext(254)) - client-2EC808601240->374189d0-76c5-49d2-81b4-45a4af1368a2: receive RaftClientReply:client-2EC808601240->374189d0-76c5-49d2-81b4-45a4af1368a2@group-30B6692CD68C, cid=1590, SUCCESS, logIndex=2746, commits[374189d0-76c5-49d2-81b4-45a4af1368a2:c2746]
2019-06-14 08:43:00,118 DEBUG block.SCMBlockDeletingService (SCMBlockDeletingService.java:call(138)) - Running DeletedBlockTransactionScanner
2019-06-14 08:43:00,118 DEBUG block.SCMBlockDeletingService (SCMBlockDeletingService.java:call(155)) - Scanned deleted blocks log and got 0 delTX to process.
2019-06-14 08:43:00,219 DEBUG block.SCMBlockDeletingService (SCMBlockDeletingService.java:call(138)) - Running DeletedBlockTransactionScanner
2019-06-14 08:43:00,219 DEBUG block.SCMBlockDeletingService (SCMBlockDeletingService.java:call(155)) - Scanned deleted blocks log and got 0 delTX to process.
2019-06-14 08:43:00,231 INFO  client.GrpcClientProtocolClient (GrpcClientProtocolClient.java:onNext(254)) - client-2EC808601240->374189d0-76c5-49d2-81b4-45a4af1368a2: receive RaftClientReply:client-2EC808601240->374189d0-76c5-49d2-81b4-45a4af1368a2@group-30B6692CD68C, cid=1591, SUCCESS, logIndex=2748, commits[374189d0-76c5-49d2-81b4-45a4af1368a2:c2748]
2019-06-14 08:43:00,232 INFO  client.GrpcClientProtocolClient (GrpcClientProtocolClient.java:onNext(254)) - client-2EC808601240->374189d0-76c5-49d2-81b4-45a4af1368a2: receive RaftClientReply:client-2EC808601240->374189d0-76c5-49d2-81b4-45a4af1368a2@group-30B6692CD68C, cid=1592, SUCCESS, logIndex=2750, commits[374189d0-76c5-49d2-81b4-45a4af1368a2:c2750]
2019-06-14 08:43:00,241 INFO  client.GrpcClientProtocolClient (GrpcClientProtocolClient.java:onNext(254)) - client-2EC808601240->374189d0-76c5-49d2-81b4-45a4af1368a2: receive RaftClientReply:client-2EC808601240->374189d0-76c5-49d2-81b4-45a4af1368a2@group-30B6692CD68C, cid=1593, SUCCESS, logIndex=2752, commits[374189d0-76c5-49d2-81b4-45a4af1368a2:c2752]
2019-06-14 08:43:00,242 INFO  client.GrpcClientProtocolClient (GrpcClientProtocolClient.java:onNext(254)) - client-2EC808601240->374189d0-76c5-49d2-81b4-45a4af1368a2: receive RaftClientReply:client-2EC808601240->374189d0-76c5-49d2-81b4-45a4af1368a2@group-30B6692CD68C, cid=1594, SUCCESS, logIndex=2754, commits[374189d0-76c5-49d2-81b4-45a4af1368a2:c2754]
2019-06-14 08:43:00,243 INFO  client.GrpcClientProtocolClient (GrpcClientProtocolClient.java:onNext(254)) - client-2EC808601240->374189d0-76c5-49d2-81b4-45a4af1368a2: receive RaftClientReply:client-2EC808601240->374189d0-76c5-49d2-81b4-45a4af1368a2@group-30B6692CD68C, cid=1595, SUCCESS, logIndex=2755, commits[374189d0-76c5-49d2-81b4-45a4af1368a2:c2757]
2019-06-14 08:43:00,244 INFO  client.GrpcClientProtocolClient (GrpcClientProtocolClient.java:onNext(254)) - client-2EC808601240->374189d0-76c5-49d2-81b4-45a4af1368a2: receive RaftClientReply:client-2EC808601240->374189d0-76c5-49d2-81b4-45a4af1368a2@group-30B6692CD68C, cid=1596, SUCCESS, logIndex=2756, commits[374189d0-76c5-49d2-81b4-45a4af1368a2:c2757]
2019-06-14 08:43:00,251 INFO  client.GrpcClientProtocolClient (GrpcClientProtocolClient.java:onNext(254)) - client-2EC808601240->374189d0-76c5-49d2-81b4-45a4af1368a2: receive RaftClientReply:client-2EC808601240->374189d0-76c5-49d2-81b4-45a4af1368a2@group-30B6692CD68C, cid=1597, SUCCESS, logIndex=2758, commits[374189d0-76c5-49d2-81b4-45a4af1368a2:c2758]
2019-06-14 08:43:00,251 INFO  client.GrpcClientProtocolClient (GrpcClientProtocolClient.java:onNext(254)) - client-2EC808601240->374189d0-76c5-49d2-81b4-45a4af1368a2: receive RaftClientReply:client-2EC808601240->374189d0-76c5-49d2-81b4-45a4af1368a2@group-30B6692CD68C, cid=1598, SUCCESS, logIndex=2760, commits[374189d0-76c5-49d2-81b4-45a4af1368a2:c2763]
2019-06-14 08:43:00,252 INFO  client.GrpcClientProtocolClient (GrpcClientProtocolClient.java:onNext(254)) - client-2EC808601240->374189d0-76c5-49d2-81b4-45a4af1368a2: receive RaftClientReply:client-2EC808601240->374189d0-76c5-49d2-81b4-45a4af1368a2@group-30B6692CD68C, cid=1599, SUCCESS, logIndex=2761, commits[374189d0-76c5-49d2-81b4-45a4af1368a2:c2763]
2019-06-14 08:43:00,252 INFO  client.GrpcClientProtocolClient (GrpcClientProtocolClient.java:onNext(254)) - client-2EC808601240->374189d0-76c5-49d2-81b4-45a4af1368a2: receive RaftClientReply:client-2EC808601240->374189d0-76c5-49d2-81b4-45a4af1368a2@group-30B6692CD68C, cid=1600, SUCCESS, logIndex=2762, commits[374189d0-76c5-49d2-81b4-45a4af1368a2:c2763]
2019-06-14 08:43:00,261 INFO  client.GrpcClientProtocolClient (GrpcClientProtocolClient.java:onNext(254)) - client-2EC808601240->374189d0-76c5-49d2-81b4-45a4af1368a2: receive RaftClientReply:client-2EC808601240->374189d0-76c5-49d2-81b4-45a4af1368a2@group-30B6692CD68C, cid=1601, SUCCESS, logIndex=2764, commits[374189d0-76c5-49d2-81b4-45a4af1368a2:c2764]
2019-06-14 08:43:00,262 INFO  client.GrpcClientProtocolClient (GrpcClientProtocolClient.java:onNext(254)) - client-2EC808601240->374189d0-76c5-49d2-81b4-45a4af1368a2: receive RaftClientReply:client-2EC808601240->374189d0-76c5-49d2-81b4-45a4af1368a2@group-30B6692CD68C, cid=1602, SUCCESS, logIndex=2766, commits[374189d0-76c5-49d2-81b4-45a4af1368a2:c2766]
2019-06-14 08:43:00,264 INFO  client.GrpcClientProtocolClient (GrpcClientProtocolClient.java:onNext(254)) - client-2EC808601240->374189d0-76c5-49d2-81b4-45a4af1368a2: receive RaftClientReply:client-2EC808601240->374189d0-76c5-49d2-81b4-45a4af1368a2@group-30B6692CD68C, cid=1603, SUCCESS, logIndex=2767, commits[374189d0-76c5-49d2-81b4-45a4af1368a2:c2769]
2019-06-14 08:43:00,264 INFO  client.GrpcClientProtocolClient (GrpcClientProtocolClient.java:onNext(254)) - client-2EC808601240->374189d0-76c5-49d2-81b4-45a4af1368a2: receive RaftClientReply:client-2EC808601240->374189d0-76c5-49d2-81b4-45a4af1368a2@group-30B6692CD68C, cid=1604, SUCCESS, logIndex=2768, commits[374189d0-76c5-49d2-81b4-45a4af1368a2:c2769]
2019-06-14 08:43:00,269 INFO  client.GrpcClientProtocolClient (GrpcClientProtocolClient.java:onNext(254)) - client-2EC808601240->374189d0-76c5-49d2-81b4-45a4af1368a2: receive RaftClientReply:client-2EC808601240->374189d0-76c5-49d2-81b4-45a4af1368a2@group-30B6692CD68C, cid=1605, SUCCESS, logIndex=2770, commits[374189d0-76c5-49d2-81b4-45a4af1368a2:c2770]
2019-06-14 08:43:00,271 INFO  client.GrpcClientProtocolClient (GrpcClientProtocolClient.java:onNext(254)) - client-2EC808601240->374189d0-76c5-49d2-81b4-45a4af1368a2: receive RaftClientReply:client-2EC808601240->374189d0-76c5-49d2-81b4-45a4af1368a2@group-30B6692CD68C, cid=1606, SUCCESS, logIndex=2772, commits[374189d0-76c5-49d2-81b4-45a4af1368a2:c2772]
2019-06-14 08:43:00,272 INFO  client.GrpcClientProtocolClient (GrpcClientProtocolClient.java:onNext(254)) - client-2EC808601240->374189d0-76c5-49d2-81b4-45a4af1368a2: receive RaftClientReply:client-2EC808601240->374189d0-76c5-49d2-81b4-45a4af1368a2@group-30B6692CD68C, cid=1607, SUCCESS, logIndex=2773, commits[374189d0-76c5-49d2-81b4-45a4af1368a2:c2775]
2019-06-14 08:43:00,272 INFO  client.GrpcClientProtocolClient (GrpcClientProtocolClient.java:onNext(254)) - client-2EC808601240->374189d0-76c5-49d2-81b4-45a4af1368a2: receive RaftClientReply:client-2EC808601240->374189d0-76c5-49d2-81b4-45a4af1368a2@group-30B6692CD68C, cid=1608, SUCCESS, logIndex=2774, commits[374189d0-76c5-49d2-81b4-45a4af1368a2:c2775]
2019-06-14 08:43:00,280 INFO  client.GrpcClientProtocolClient (GrpcClientProtocolClient.java:onNext(254)) - client-2EC808601240->374189d0-76c5-49d2-81b4-45a4af1368a2: receive RaftClientReply:client-2EC808601240->374189d0-76c5-49d2-81b4-45a4af1368a2@group-30B6692CD68C, cid=1609, SUCCESS, logIndex=2776, commits[374189d0-76c5-49d2-81b4-45a4af1368a2:c2776]
2019-06-14 08:43:00,281 INFO  client.GrpcClientProtocolClient (GrpcClientProtocolClient.java:onNext(254)) - client-2EC808601240->374189d0-76c5-49d2-81b4-45a4af1368a2: receive RaftClientReply:client-2EC808601240->374189d0-76c5-49d2-81b4-45a4af1368a2@group-30B6692CD68C, cid=1610, SUCCESS, logIndex=2778, commits[374189d0-76c5-49d2-81b4-45a4af1368a2:c2778]
2019-06-14 08:43:00,283 INFO  client.GrpcClientProtocolClient (GrpcClientProtocolClient.java:onNext(254)) - client-2EC808601240->374189d0-76c5-49d2-81b4-45a4af1368a2: receive RaftClientReply:client-2EC808601240->374189d0-76c5-49d2-81b4-45a4af1368a2@group-30B6692CD68C, cid=1611, SUCCESS, logIndex=2779, commits[374189d0-76c5-49d2-81b4-45a4af1368a2:c2781]
2019-06-14 08:43:00,283 INFO  client.GrpcClientProtocolClient (GrpcClientProtocolClient.java:onNext(254)) - client-2EC808601240->374189d0-76c5-49d2-81b4-45a4af1368a2: receive RaftClientReply:client-2EC808601240->374189d0-76c5-49d2-81b4-45a4af1368a2@group-30B6692CD68C, cid=1612, SUCCESS, logIndex=2780, commits[374189d0-76c5-49d2-81b4-45a4af1368a2:c2781]
2019-06-14 08:43:00,288 INFO  client.GrpcClientProtocolClient (GrpcClientProtocolClient.java:onNext(254)) - client-2EC808601240->374189d0-76c5-49d2-81b4-45a4af1368a2: receive RaftClientReply:client-2EC808601240->374189d0-76c5-49d2-81b4-45a4af1368a2@group-30B6692CD68C, cid=1613, SUCCESS, logIndex=2782, commits[374189d0-76c5-49d2-81b4-45a4af1368a2:c2782]
2019-06-14 08:43:00,289 INFO  client.GrpcClientProtocolClient (GrpcClientProtocolClient.java:onNext(254)) - client-2EC808601240->374189d0-76c5-49d2-81b4-45a4af1368a2: receive RaftClientReply:client-2EC808601240->374189d0-76c5-49d2-81b4-45a4af1368a2@group-30B6692CD68C, cid=1614, SUCCESS, logIndex=2784, commits[374189d0-76c5-49d2-81b4-45a4af1368a2:c2784]
2019-06-14 08:43:00,290 INFO  client.GrpcClientProtocolClient (GrpcClientProtocolClient.java:onNext(254)) - client-2EC808601240->374189d0-76c5-49d2-81b4-45a4af1368a2: receive RaftClientReply:client-2EC808601240->374189d0-76c5-49d2-81b4-45a4af1368a2@group-30B6692CD68C, cid=1615, SUCCESS, logIndex=2785, commits[374189d0-76c5-49d2-81b4-45a4af1368a2:c2787]
2019-06-14 08:43:00,290 INFO  client.GrpcClientProtocolClient (GrpcClientProtocolClient.java:onNext(254)) - client-2EC808601240->374189d0-76c5-49d2-81b4-45a4af1368a2: receive RaftClientReply:client-2EC808601240->374189d0-76c5-49d2-81b4-45a4af1368a2@group-30B6692CD68C, cid=1616, SUCCESS, logIndex=2786, commits[374189d0-76c5-49d2-81b4-45a4af1368a2:c2787]
2019-06-14 08:43:00,303 INFO  client.GrpcClientProtocolClient (GrpcClientProtocolClient.java:onNext(254)) - client-2EC808601240->374189d0-76c5-49d2-81b4-45a4af1368a2: receive RaftClientReply:client-2EC808601240->374189d0-76c5-49d2-81b4-45a4af1368a2@group-30B6692CD68C, cid=1617, SUCCESS, logIndex=2788, commits[374189d0-76c5-49d2-81b4-45a4af1368a2:c2788]
2019-06-14 08:43:00,304 INFO  client.GrpcClientProtocolClient (GrpcClientProtocolClient.java:onNext(254)) - client-2EC808601240->374189d0-76c5-49d2-81b4-45a4af1368a2: receive RaftClientReply:client-2EC808601240->374189d0-76c5-49d2-81b4-45a4af1368a2@group-30B6692CD68C, cid=1618, SUCCESS, logIndex=2790, commits[374189d0-76c5-49d2-81b4-45a4af1368a2:c2790]
2019-06-14 08:43:00,307 INFO  client.GrpcClientProtocolClient (GrpcClientProtocolClient.java:onNext(254)) - client-2EC808601240->374189d0-76c5-49d2-81b4-45a4af1368a2: receive RaftClientReply:client-2EC808601240->374189d0-76c5-49d2-81b4-45a4af1368a2@group-30B6692CD68C, cid=1619, SUCCESS, logIndex=2792, commits[374189d0-76c5-49d2-81b4-45a4af1368a2:c2793]
2019-06-14 08:43:00,311 INFO  client.GrpcClientProtocolClient (GrpcClientProtocolClient.java:onNext(254)) - client-2EC808601240->374189d0-76c5-49d2-81b4-45a4af1368a2: receive RaftClientReply:client-2EC808601240->374189d0-76c5-49d2-81b4-45a4af1368a2@group-30B6692CD68C, cid=1620, SUCCESS, logIndex=2793, commits[374189d0-76c5-49d2-81b4-45a4af1368a2:c2793]
2019-06-14 08:43:00,319 INFO  client.GrpcClientProtocolClient (GrpcClientProtocolClient.java:onNext(254)) - client-2EC808601240->374189d0-76c5-49d2-81b4-45a4af1368a2: receive RaftClientReply:client-2EC808601240->374189d0-76c5-49d2-81b4-45a4af1368a2@group-30B6692CD68C, cid=1621, SUCCESS, logIndex=2795, commits[374189d0-76c5-49d2-81b4-45a4af1368a2:c2795]
2019-06-14 08:43:00,319 DEBUG block.SCMBlockDeletingService (SCMBlockDeletingService.java:call(138)) - Running DeletedBlockTransactionScanner
2019-06-14 08:43:00,319 DEBUG block.SCMBlockDeletingService (SCMBlockDeletingService.java:call(155)) - Scanned deleted blocks log and got 0 delTX to process.
2019-06-14 08:43:00,321 INFO  client.GrpcClientProtocolClient (GrpcClientProtocolClient.java:onNext(254)) - client-2EC808601240->374189d0-76c5-49d2-81b4-45a4af1368a2: receive RaftClientReply:client-2EC808601240->374189d0-76c5-49d2-81b4-45a4af1368a2@group-30B6692CD68C, cid=1622, SUCCESS, logIndex=2797, commits[374189d0-76c5-49d2-81b4-45a4af1368a2:c2797]
2019-06-14 08:43:00,323 INFO  client.GrpcClientProtocolClient (GrpcClientProtocolClient.java:onNext(254)) - client-2EC808601240->374189d0-76c5-49d2-81b4-45a4af1368a2: receive RaftClientReply:client-2EC808601240->374189d0-76c5-49d2-81b4-45a4af1368a2@group-30B6692CD68C, cid=1623, SUCCESS, logIndex=2798, commits[374189d0-76c5-49d2-81b4-45a4af1368a2:c2800]
2019-06-14 08:43:00,327 INFO  client.GrpcClientProtocolClient (GrpcClientProtocolClient.java:onNext(254)) - client-2EC808601240->374189d0-76c5-49d2-81b4-45a4af1368a2: receive RaftClientReply:client-2EC808601240->374189d0-76c5-49d2-81b4-45a4af1368a2@group-30B6692CD68C, cid=1624, SUCCESS, logIndex=2799, commits[374189d0-76c5-49d2-81b4-45a4af1368a2:c2800]
2019-06-14 08:43:00,336 INFO  client.GrpcClientProtocolClient (GrpcClientProtocolClient.java:onNext(254)) - client-2EC808601240->374189d0-76c5-49d2-81b4-45a4af1368a2: receive RaftClientReply:client-2EC808601240->374189d0-76c5-49d2-81b4-45a4af1368a2@group-30B6692CD68C, cid=1625, SUCCESS, logIndex=2801, commits[374189d0-76c5-49d2-81b4-45a4af1368a2:c2801]
2019-06-14 08:43:00,337 INFO  client.GrpcClientProtocolClient (GrpcClientProtocolClient.java:onNext(254)) - client-2EC808601240->374189d0-76c5-49d2-81b4-45a4af1368a2: receive RaftClientReply:client-2EC808601240->374189d0-76c5-49d2-81b4-45a4af1368a2@group-30B6692CD68C, cid=1626, SUCCESS, logIndex=2803, commits[374189d0-76c5-49d2-81b4-45a4af1368a2:c2803]
2019-06-14 08:43:00,338 INFO  client.GrpcClientProtocolClient (GrpcClientProtocolClient.java:onNext(254)) - client-2EC808601240->374189d0-76c5-49d2-81b4-45a4af1368a2: receive RaftClientReply:client-2EC808601240->374189d0-76c5-49d2-81b4-45a4af1368a2@group-30B6692CD68C, cid=1627, SUCCESS, logIndex=2804, commits[374189d0-76c5-49d2-81b4-45a4af1368a2:c2806]
2019-06-14 08:43:00,338 INFO  client.GrpcClientProtocolClient (GrpcClientProtocolClient.java:onNext(254)) - client-2EC808601240->374189d0-76c5-49d2-81b4-45a4af1368a2: receive RaftClientReply:client-2EC808601240->374189d0-76c5-49d2-81b4-45a4af1368a2@group-30B6692CD68C, cid=1628, SUCCESS, logIndex=2805, commits[374189d0-76c5-49d2-81b4-45a4af1368a2:c2806]
2019-06-14 08:43:00,344 INFO  storage.RaftLogWorker (RaftLogWorker.java:rollLogSegment(303)) - 374189d0-76c5-49d2-81b4-45a4af1368a2-RaftLogWorker: Rolling segment log-2741_2808 to index:2808
2019-06-14 08:43:00,344 INFO  client.GrpcClientProtocolClient (GrpcClientProtocolClient.java:onNext(254)) - client-2EC808601240->374189d0-76c5-49d2-81b4-45a4af1368a2: receive RaftClientReply:client-2EC808601240->374189d0-76c5-49d2-81b4-45a4af1368a2@group-30B6692CD68C, cid=1629, SUCCESS, logIndex=2807, commits[374189d0-76c5-49d2-81b4-45a4af1368a2:c2807]
2019-06-14 08:43:00,344 INFO  storage.RaftLogWorker (RaftLogWorker.java:execute(433)) - 374189d0-76c5-49d2-81b4-45a4af1368a2-RaftLogWorker: Rolled log segment from /opt/src/hadoop-ozone/integration-test/target/test-dir/MiniOzoneClusterImpl-1994f8b8-dd4d-445c-bf25-0c6d40f9b14d/datanode-0/data/ratis/99d0acb8-99ce-4814-8259-30b6692cd68c/current/log_inprogress_2741 to /opt/src/hadoop-ozone/integration-test/target/test-dir/MiniOzoneClusterImpl-1994f8b8-dd4d-445c-bf25-0c6d40f9b14d/datanode-0/data/ratis/99d0acb8-99ce-4814-8259-30b6692cd68c/current/log_2741-2808
2019-06-14 08:43:00,383 INFO  storage.RaftLogWorker (RaftLogWorker.java:execute(469)) - 374189d0-76c5-49d2-81b4-45a4af1368a2-RaftLogWorker: created new log segment /opt/src/hadoop-ozone/integration-test/target/test-dir/MiniOzoneClusterImpl-1994f8b8-dd4d-445c-bf25-0c6d40f9b14d/datanode-0/data/ratis/99d0acb8-99ce-4814-8259-30b6692cd68c/current/log_inprogress_2809
2019-06-14 08:43:00,384 INFO  client.GrpcClientProtocolClient (GrpcClientProtocolClient.java:onNext(254)) - client-2EC808601240->374189d0-76c5-49d2-81b4-45a4af1368a2: receive RaftClientReply:client-2EC808601240->374189d0-76c5-49d2-81b4-45a4af1368a2@group-30B6692CD68C, cid=1630, SUCCESS, logIndex=2809, commits[374189d0-76c5-49d2-81b4-45a4af1368a2:c2811]
2019-06-14 08:43:00,385 INFO  client.GrpcClientProtocolClient (GrpcClientProtocolClient.java:onNext(254)) - client-2EC808601240->374189d0-76c5-49d2-81b4-45a4af1368a2: receive RaftClientReply:client-2EC808601240->374189d0-76c5-49d2-81b4-45a4af1368a2@group-30B6692CD68C, cid=1631, SUCCESS, logIndex=2810, commits[374189d0-76c5-49d2-81b4-45a4af1368a2:c2812]
2019-06-14 08:43:00,386 INFO  client.GrpcClientProtocolClient (GrpcClientProtocolClient.java:onNext(254)) - client-2EC808601240->374189d0-76c5-49d2-81b4-45a4af1368a2: receive RaftClientReply:client-2EC808601240->374189d0-76c5-49d2-81b4-45a4af1368a2@group-30B6692CD68C, cid=1632, SUCCESS, logIndex=2811, commits[374189d0-76c5-49d2-81b4-45a4af1368a2:c2812]
2019-06-14 08:43:00,396 INFO  client.GrpcClientProtocolClient (GrpcClientProtocolClient.java:onNext(254)) - client-2EC808601240->374189d0-76c5-49d2-81b4-45a4af1368a2: receive RaftClientReply:client-2EC808601240->374189d0-76c5-49d2-81b4-45a4af1368a2@group-30B6692CD68C, cid=1633, SUCCESS, logIndex=2813, commits[374189d0-76c5-49d2-81b4-45a4af1368a2:c2813]
2019-06-14 08:43:00,397 INFO  client.GrpcClientProtocolClient (GrpcClientProtocolClient.java:onNext(254)) - client-2EC808601240->374189d0-76c5-49d2-81b4-45a4af1368a2: receive RaftClientReply:client-2EC808601240->374189d0-76c5-49d2-81b4-45a4af1368a2@group-30B6692CD68C, cid=1634, SUCCESS, logIndex=2815, commits[374189d0-76c5-49d2-81b4-45a4af1368a2:c2815]
2019-06-14 08:43:00,420 DEBUG block.SCMBlockDeletingService (SCMBlockDeletingService.java:call(138)) - Running DeletedBlockTransactionScanner
2019-06-14 08:43:00,420 DEBUG block.SCMBlockDeletingService (SCMBlockDeletingService.java:call(155)) - Scanned deleted blocks log and got 0 delTX to process.
2019-06-14 08:43:00,465 INFO  client.GrpcClientProtocolClient (GrpcClientProtocolClient.java:onNext(254)) - client-2EC808601240->374189d0-76c5-49d2-81b4-45a4af1368a2: receive RaftClientReply:client-2EC808601240->374189d0-76c5-49d2-81b4-45a4af1368a2@group-30B6692CD68C, cid=1635, SUCCESS, logIndex=2817, commits[374189d0-76c5-49d2-81b4-45a4af1368a2:c2817]
2019-06-14 08:43:00,466 INFO  client.GrpcClientProtocolClient (GrpcClientProtocolClient.java:onNext(254)) - client-2EC808601240->374189d0-76c5-49d2-81b4-45a4af1368a2: receive RaftClientReply:client-2EC808601240->374189d0-76c5-49d2-81b4-45a4af1368a2@group-30B6692CD68C, cid=1636, SUCCESS, logIndex=2819, commits[374189d0-76c5-49d2-81b4-45a4af1368a2:c2819]
2019-06-14 08:43:00,471 INFO  client.GrpcClientProtocolClient (GrpcClientProtocolClient.java:onNext(254)) - client-2EC808601240->374189d0-76c5-49d2-81b4-45a4af1368a2: receive RaftClientReply:client-2EC808601240->374189d0-76c5-49d2-81b4-45a4af1368a2@group-30B6692CD68C, cid=1637, SUCCESS, logIndex=2821, commits[374189d0-76c5-49d2-81b4-45a4af1368a2:c2821]
2019-06-14 08:43:00,473 INFO  client.GrpcClientProtocolClient (GrpcClientProtocolClient.java:onNext(254)) - client-2EC808601240->374189d0-76c5-49d2-81b4-45a4af1368a2: receive RaftClientReply:client-2EC808601240->374189d0-76c5-49d2-81b4-45a4af1368a2@group-30B6692CD68C, cid=1638, SUCCESS, logIndex=2823, commits[374189d0-76c5-49d2-81b4-45a4af1368a2:c2823]
2019-06-14 08:43:00,474 INFO  client.GrpcClientProtocolClient (GrpcClientProtocolClient.java:onNext(254)) - client-2EC808601240->374189d0-76c5-49d2-81b4-45a4af1368a2: receive RaftClientReply:client-2EC808601240->374189d0-76c5-49d2-81b4-45a4af1368a2@group-30B6692CD68C, cid=1639, SUCCESS, logIndex=2824, commits[374189d0-76c5-49d2-81b4-45a4af1368a2:c2826]
2019-06-14 08:43:00,474 INFO  client.GrpcClientProtocolClient (GrpcClientProtocolClient.java:onNext(254)) - client-2EC808601240->374189d0-76c5-49d2-81b4-45a4af1368a2: receive RaftClientReply:client-2EC808601240->374189d0-76c5-49d2-81b4-45a4af1368a2@group-30B6692CD68C, cid=1640, SUCCESS, logIndex=2825, commits[374189d0-76c5-49d2-81b4-45a4af1368a2:c2826]
2019-06-14 08:43:00,483 INFO  client.GrpcClientProtocolClient (GrpcClientProtocolClient.java:onNext(254)) - client-2EC808601240->374189d0-76c5-49d2-81b4-45a4af1368a2: receive RaftClientReply:client-2EC808601240->374189d0-76c5-49d2-81b4-45a4af1368a2@group-30B6692CD68C, cid=1641, SUCCESS, logIndex=2827, commits[374189d0-76c5-49d2-81b4-45a4af1368a2:c2827]
2019-06-14 08:43:00,485 INFO  client.GrpcClientProtocolClient (GrpcClientProtocolClient.java:onNext(254)) - client-2EC808601240->374189d0-76c5-49d2-81b4-45a4af1368a2: receive RaftClientReply:client-2EC808601240->374189d0-76c5-49d2-81b4-45a4af1368a2@group-30B6692CD68C, cid=1642, SUCCESS, logIndex=2829, commits[374189d0-76c5-49d2-81b4-45a4af1368a2:c2829]
2019-06-14 08:43:00,485 INFO  client.GrpcClientProtocolClient (GrpcClientProtocolClient.java:onNext(254)) - client-2EC808601240->374189d0-76c5-49d2-81b4-45a4af1368a2: receive RaftClientReply:client-2EC808601240->374189d0-76c5-49d2-81b4-45a4af1368a2@group-30B6692CD68C, cid=1643, SUCCESS, logIndex=2830, commits[374189d0-76c5-49d2-81b4-45a4af1368a2:c2831]
2019-06-14 08:43:00,486 INFO  client.GrpcClientProtocolClient (GrpcClientProtocolClient.java:onNext(254)) - client-2EC808601240->374189d0-76c5-49d2-81b4-45a4af1368a2: receive RaftClientReply:client-2EC808601240->374189d0-76c5-49d2-81b4-45a4af1368a2@group-30B6692CD68C, cid=1644, SUCCESS, logIndex=2831, commits[374189d0-76c5-49d2-81b4-45a4af1368a2:c2831]
2019-06-14 08:43:00,491 INFO  client.GrpcClientProtocolClient (GrpcClientProtocolClient.java:onNext(254)) - client-2EC808601240->374189d0-76c5-49d2-81b4-45a4af1368a2: receive RaftClientReply:client-2EC808601240->374189d0-76c5-49d2-81b4-45a4af1368a2@group-30B6692CD68C, cid=1645, SUCCESS, logIndex=2834, commits[374189d0-76c5-49d2-81b4-45a4af1368a2:c2834]
2019-06-14 08:43:00,492 INFO  client.GrpcClientProtocolClient (GrpcClientProtocolClient.java:onNext(254)) - client-2EC808601240->374189d0-76c5-49d2-81b4-45a4af1368a2: receive RaftClientReply:client-2EC808601240->374189d0-76c5-49d2-81b4-45a4af1368a2@group-30B6692CD68C, cid=1646, SUCCESS, logIndex=2836, commits[374189d0-76c5-49d2-81b4-45a4af1368a2:c2836]
2019-06-14 08:43:00,493 INFO  client.GrpcClientProtocolClient (GrpcClientProtocolClient.java:onNext(254)) - client-2EC808601240->374189d0-76c5-49d2-81b4-45a4af1368a2: receive RaftClientReply:client-2EC808601240->374189d0-76c5-49d2-81b4-45a4af1368a2@group-30B6692CD68C, cid=1647, SUCCESS, logIndex=2837, commits[374189d0-76c5-49d2-81b4-45a4af1368a2:c2839]
2019-06-14 08:43:00,494 INFO  client.GrpcClientProtocolClient (GrpcClientProtocolClient.java:onNext(254)) - client-2EC808601240->374189d0-76c5-49d2-81b4-45a4af1368a2: receive RaftClientReply:client-2EC808601240->374189d0-76c5-49d2-81b4-45a4af1368a2@group-30B6692CD68C, cid=1648, SUCCESS, logIndex=2838, commits[374189d0-76c5-49d2-81b4-45a4af1368a2:c2839]
2019-06-14 08:43:00,504 INFO  client.GrpcClientProtocolClient (GrpcClientProtocolClient.java:onNext(254)) - client-2EC808601240->374189d0-76c5-49d2-81b4-45a4af1368a2: receive RaftClientReply:client-2EC808601240->374189d0-76c5-49d2-81b4-45a4af1368a2@group-30B6692CD68C, cid=1649, SUCCESS, logIndex=2840, commits[374189d0-76c5-49d2-81b4-45a4af1368a2:c2840]
2019-06-14 08:43:00,506 INFO  client.GrpcClientProtocolClient (GrpcClientProtocolClient.java:onNext(254)) - client-2EC808601240->374189d0-76c5-49d2-81b4-45a4af1368a2: receive RaftClientReply:client-2EC808601240->374189d0-76c5-49d2-81b4-45a4af1368a2@group-30B6692CD68C, cid=1650, SUCCESS, logIndex=2842, commits[374189d0-76c5-49d2-81b4-45a4af1368a2:c2844]
2019-06-14 08:43:00,507 INFO  client.GrpcClientProtocolClient (GrpcClientProtocolClient.java:onNext(254)) - client-2EC808601240->374189d0-76c5-49d2-81b4-45a4af1368a2: receive RaftClientReply:client-2EC808601240->374189d0-76c5-49d2-81b4-45a4af1368a2@group-30B6692CD68C, cid=1651, SUCCESS, logIndex=2843, commits[374189d0-76c5-49d2-81b4-45a4af1368a2:c2844]
2019-06-14 08:43:00,507 INFO  client.GrpcClientProtocolClient (GrpcClientProtocolClient.java:onNext(254)) - client-2EC808601240->374189d0-76c5-49d2-81b4-45a4af1368a2: receive RaftClientReply:client-2EC808601240->374189d0-76c5-49d2-81b4-45a4af1368a2@group-30B6692CD68C, cid=1652, SUCCESS, logIndex=2844, commits[374189d0-76c5-49d2-81b4-45a4af1368a2:c2845]
2019-06-14 08:43:00,512 INFO  client.GrpcClientProtocolClient (GrpcClientProtocolClient.java:onNext(254)) - client-2EC808601240->374189d0-76c5-49d2-81b4-45a4af1368a2: receive RaftClientReply:client-2EC808601240->374189d0-76c5-49d2-81b4-45a4af1368a2@group-30B6692CD68C, cid=1653, SUCCESS, logIndex=2846, commits[374189d0-76c5-49d2-81b4-45a4af1368a2:c2846]
2019-06-14 08:43:00,513 INFO  client.GrpcClientProtocolClient (GrpcClientProtocolClient.java:onNext(254)) - client-2EC808601240->374189d0-76c5-49d2-81b4-45a4af1368a2: receive RaftClientReply:client-2EC808601240->374189d0-76c5-49d2-81b4-45a4af1368a2@group-30B6692CD68C, cid=1654, SUCCESS, logIndex=2848, commits[374189d0-76c5-49d2-81b4-45a4af1368a2:c2848]
2019-06-14 08:43:00,515 INFO  client.GrpcClientProtocolClient (GrpcClientProtocolClient.java:onNext(254)) - client-2EC808601240->374189d0-76c5-49d2-81b4-45a4af1368a2: receive RaftClientReply:client-2EC808601240->374189d0-76c5-49d2-81b4-45a4af1368a2@group-30B6692CD68C, cid=1655, SUCCESS, logIndex=2849, commits[374189d0-76c5-49d2-81b4-45a4af1368a2:c2851]
2019-06-14 08:43:00,515 INFO  client.GrpcClientProtocolClient (GrpcClientProtocolClient.java:onNext(254)) - client-2EC808601240->374189d0-76c5-49d2-81b4-45a4af1368a2: receive RaftClientReply:client-2EC808601240->374189d0-76c5-49d2-81b4-45a4af1368a2@group-30B6692CD68C, cid=1656, SUCCESS, logIndex=2850, commits[374189d0-76c5-49d2-81b4-45a4af1368a2:c2851]
2019-06-14 08:43:00,520 DEBUG block.SCMBlockDeletingService (SCMBlockDeletingService.java:call(138)) - Running DeletedBlockTransactionScanner
2019-06-14 08:43:00,520 DEBUG block.SCMBlockDeletingService (SCMBlockDeletingService.java:call(155)) - Scanned deleted blocks log and got 0 delTX to process.
2019-06-14 08:43:00,523 INFO  client.GrpcClientProtocolClient (GrpcClientProtocolClient.java:onNext(254)) - client-2EC808601240->374189d0-76c5-49d2-81b4-45a4af1368a2: receive RaftClientReply:client-2EC808601240->374189d0-76c5-49d2-81b4-45a4af1368a2@group-30B6692CD68C, cid=1657, SUCCESS, logIndex=2852, commits[374189d0-76c5-49d2-81b4-45a4af1368a2:c2852]
2019-06-14 08:43:00,525 INFO  client.GrpcClientProtocolClient (GrpcClientProtocolClient.java:onNext(254)) - client-2EC808601240->374189d0-76c5-49d2-81b4-45a4af1368a2: receive RaftClientReply:client-2EC808601240->374189d0-76c5-49d2-81b4-45a4af1368a2@group-30B6692CD68C, cid=1658, SUCCESS, logIndex=2854, commits[374189d0-76c5-49d2-81b4-45a4af1368a2:c2854]
2019-06-14 08:43:00,526 INFO  client.GrpcClientProtocolClient (GrpcClientProtocolClient.java:onNext(254)) - client-2EC808601240->374189d0-76c5-49d2-81b4-45a4af1368a2: receive RaftClientReply:client-2EC808601240->374189d0-76c5-49d2-81b4-45a4af1368a2@group-30B6692CD68C, cid=1659, SUCCESS, logIndex=2855, commits[374189d0-76c5-49d2-81b4-45a4af1368a2:c2855]
2019-06-14 08:43:00,526 INFO  client.GrpcClientProtocolClient (GrpcClientProtocolClient.java:onNext(254)) - client-2EC808601240->374189d0-76c5-49d2-81b4-45a4af1368a2: receive RaftClientReply:client-2EC808601240->374189d0-76c5-49d2-81b4-45a4af1368a2@group-30B6692CD68C, cid=1660, SUCCESS, logIndex=2857, commits[374189d0-76c5-49d2-81b4-45a4af1368a2:c2857]
2019-06-14 08:43:00,531 INFO  client.GrpcClientProtocolClient (GrpcClientProtocolClient.java:onNext(254)) - client-2EC808601240->374189d0-76c5-49d2-81b4-45a4af1368a2: receive RaftClientReply:client-2EC808601240->374189d0-76c5-49d2-81b4-45a4af1368a2@group-30B6692CD68C, cid=1661, SUCCESS, logIndex=2860, commits[374189d0-76c5-49d2-81b4-45a4af1368a2:c2860]
2019-06-14 08:43:00,535 INFO  client.GrpcClientProtocolClient (GrpcClientProtocolClient.java:onNext(254)) - client-2EC808601240->374189d0-76c5-49d2-81b4-45a4af1368a2: receive RaftClientReply:client-2EC808601240->374189d0-76c5-49d2-81b4-45a4af1368a2@group-30B6692CD68C, cid=1662, SUCCESS, logIndex=2862, commits[374189d0-76c5-49d2-81b4-45a4af1368a2:c2862]
2019-06-14 08:43:00,536 INFO  client.GrpcClientProtocolClient (GrpcClientProtocolClient.java:onNext(254)) - client-2EC808601240->374189d0-76c5-49d2-81b4-45a4af1368a2: receive RaftClientReply:client-2EC808601240->374189d0-76c5-49d2-81b4-45a4af1368a2@group-30B6692CD68C, cid=1663, SUCCESS, logIndex=2863, commits[374189d0-76c5-49d2-81b4-45a4af1368a2:c2864]
2019-06-14 08:43:00,536 INFO  client.GrpcClientProtocolClient (GrpcClientProtocolClient.java:onNext(254)) - client-2EC808601240->374189d0-76c5-49d2-81b4-45a4af1368a2: receive RaftClientReply:client-2EC808601240->374189d0-76c5-49d2-81b4-45a4af1368a2@group-30B6692CD68C, cid=1664, SUCCESS, logIndex=2864, commits[374189d0-76c5-49d2-81b4-45a4af1368a2:c2864]
2019-06-14 08:43:00,547 INFO  client.GrpcClientProtocolClient (GrpcClientProtocolClient.java:onNext(254)) - client-2EC808601240->374189d0-76c5-49d2-81b4-45a4af1368a2: receive RaftClientReply:client-2EC808601240->374189d0-76c5-49d2-81b4-45a4af1368a2@group-30B6692CD68C, cid=1665, SUCCESS, logIndex=2867, commits[374189d0-76c5-49d2-81b4-45a4af1368a2:c2867]
2019-06-14 08:43:00,552 INFO  client.GrpcClientProtocolClient (GrpcClientProtocolClient.java:onNext(254)) - client-2EC808601240->374189d0-76c5-49d2-81b4-45a4af1368a2: receive RaftClientReply:client-2EC808601240->374189d0-76c5-49d2-81b4-45a4af1368a2@group-30B6692CD68C, cid=1666, SUCCESS, logIndex=2869, commits[374189d0-76c5-49d2-81b4-45a4af1368a2:c2869]
2019-06-14 08:43:00,552 INFO  client.GrpcClientProtocolClient (GrpcClientProtocolClient.java:onNext(254)) - client-2EC808601240->374189d0-76c5-49d2-81b4-45a4af1368a2: receive RaftClientReply:client-2EC808601240->374189d0-76c5-49d2-81b4-45a4af1368a2@group-30B6692CD68C, cid=1667, SUCCESS, logIndex=2870, commits[374189d0-76c5-49d2-81b4-45a4af1368a2:c2872]
2019-06-14 08:43:00,553 INFO  client.GrpcClientProtocolClient (GrpcClientProtocolClient.java:onNext(254)) - client-2EC808601240->374189d0-76c5-49d2-81b4-45a4af1368a2: receive RaftClientReply:client-2EC808601240->374189d0-76c5-49d2-81b4-45a4af1368a2@group-30B6692CD68C, cid=1668, SUCCESS, logIndex=2871, commits[374189d0-76c5-49d2-81b4-45a4af1368a2:c2872]
2019-06-14 08:43:00,558 INFO  client.GrpcClientProtocolClient (GrpcClientProtocolClient.java:onNext(254)) - client-2EC808601240->374189d0-76c5-49d2-81b4-45a4af1368a2: receive RaftClientReply:client-2EC808601240->374189d0-76c5-49d2-81b4-45a4af1368a2@group-30B6692CD68C, cid=1669, SUCCESS, logIndex=2873, commits[374189d0-76c5-49d2-81b4-45a4af1368a2:c2873]
2019-06-14 08:43:00,560 INFO  client.GrpcClientProtocolClient (GrpcClientProtocolClient.java:onNext(254)) - client-2EC808601240->374189d0-76c5-49d2-81b4-45a4af1368a2: receive RaftClientReply:client-2EC808601240->374189d0-76c5-49d2-81b4-45a4af1368a2@group-30B6692CD68C, cid=1670, SUCCESS, logIndex=2875, commits[374189d0-76c5-49d2-81b4-45a4af1368a2:c2875]
2019-06-14 08:43:00,561 INFO  client.GrpcClientProtocolClient (GrpcClientProtocolClient.java:onNext(254)) - client-2EC808601240->374189d0-76c5-49d2-81b4-45a4af1368a2: receive RaftClientReply:client-2EC808601240->374189d0-76c5-49d2-81b4-45a4af1368a2@group-30B6692CD68C, cid=1671, SUCCESS, logIndex=2876, commits[374189d0-76c5-49d2-81b4-45a4af1368a2:c2878]
2019-06-14 08:43:00,561 INFO  client.GrpcClientProtocolClient (GrpcClientProtocolClient.java:onNext(254)) - client-2EC808601240->374189d0-76c5-49d2-81b4-45a4af1368a2: receive RaftClientReply:client-2EC808601240->374189d0-76c5-49d2-81b4-45a4af1368a2@group-30B6692CD68C, cid=1672, SUCCESS, logIndex=2877, commits[374189d0-76c5-49d2-81b4-45a4af1368a2:c2878]
2019-06-14 08:43:00,567 INFO  storage.RaftLogWorker (RaftLogWorker.java:rollLogSegment(303)) - 374189d0-76c5-49d2-81b4-45a4af1368a2-RaftLogWorker: Rolling segment log-2809_2878 to index:2878
2019-06-14 08:43:00,567 INFO  storage.RaftLogWorker (RaftLogWorker.java:execute(433)) - 374189d0-76c5-49d2-81b4-45a4af1368a2-RaftLogWorker: Rolled log segment from /opt/src/hadoop-ozone/integration-test/target/test-dir/MiniOzoneClusterImpl-1994f8b8-dd4d-445c-bf25-0c6d40f9b14d/datanode-0/data/ratis/99d0acb8-99ce-4814-8259-30b6692cd68c/current/log_inprogress_2809 to /opt/src/hadoop-ozone/integration-test/target/test-dir/MiniOzoneClusterImpl-1994f8b8-dd4d-445c-bf25-0c6d40f9b14d/datanode-0/data/ratis/99d0acb8-99ce-4814-8259-30b6692cd68c/current/log_2809-2878
2019-06-14 08:43:00,603 INFO  storage.RaftLogWorker (RaftLogWorker.java:execute(469)) - 374189d0-76c5-49d2-81b4-45a4af1368a2-RaftLogWorker: created new log segment /opt/src/hadoop-ozone/integration-test/target/test-dir/MiniOzoneClusterImpl-1994f8b8-dd4d-445c-bf25-0c6d40f9b14d/datanode-0/data/ratis/99d0acb8-99ce-4814-8259-30b6692cd68c/current/log_inprogress_2879
2019-06-14 08:43:00,604 INFO  client.GrpcClientProtocolClient (GrpcClientProtocolClient.java:onNext(254)) - client-2EC808601240->374189d0-76c5-49d2-81b4-45a4af1368a2: receive RaftClientReply:client-2EC808601240->374189d0-76c5-49d2-81b4-45a4af1368a2@group-30B6692CD68C, cid=1673, SUCCESS, logIndex=2879, commits[374189d0-76c5-49d2-81b4-45a4af1368a2:c2879]
2019-06-14 08:43:00,607 INFO  client.GrpcClientProtocolClient (GrpcClientProtocolClient.java:onNext(254)) - client-2EC808601240->374189d0-76c5-49d2-81b4-45a4af1368a2: receive RaftClientReply:client-2EC808601240->374189d0-76c5-49d2-81b4-45a4af1368a2@group-30B6692CD68C, cid=1674, SUCCESS, logIndex=2881, commits[374189d0-76c5-49d2-81b4-45a4af1368a2:c2881]
2019-06-14 08:43:00,608 INFO  client.GrpcClientProtocolClient (GrpcClientProtocolClient.java:onNext(254)) - client-2EC808601240->374189d0-76c5-49d2-81b4-45a4af1368a2: receive RaftClientReply:client-2EC808601240->374189d0-76c5-49d2-81b4-45a4af1368a2@group-30B6692CD68C, cid=1675, SUCCESS, logIndex=2883, commits[374189d0-76c5-49d2-81b4-45a4af1368a2:c2884]
2019-06-14 08:43:00,609 INFO  client.GrpcClientProtocolClient (GrpcClientProtocolClient.java:onNext(254)) - client-2EC808601240->374189d0-76c5-49d2-81b4-45a4af1368a2: receive RaftClientReply:client-2EC808601240->374189d0-76c5-49d2-81b4-45a4af1368a2@group-30B6692CD68C, cid=1676, SUCCESS, logIndex=2884, commits[374189d0-76c5-49d2-81b4-45a4af1368a2:c2884]
2019-06-14 08:43:00,647 DEBUG block.SCMBlockDeletingService (SCMBlockDeletingService.java:call(138)) - Running DeletedBlockTransactionScanner
2019-06-14 08:43:00,647 DEBUG block.SCMBlockDeletingService (SCMBlockDeletingService.java:call(155)) - Scanned deleted blocks log and got 0 delTX to process.
2019-06-14 08:43:00,653 INFO  client.GrpcClientProtocolClient (GrpcClientProtocolClient.java:onNext(254)) - client-2EC808601240->374189d0-76c5-49d2-81b4-45a4af1368a2: receive RaftClientReply:client-2EC808601240->374189d0-76c5-49d2-81b4-45a4af1368a2@group-30B6692CD68C, cid=1677, SUCCESS, logIndex=2886, commits[374189d0-76c5-49d2-81b4-45a4af1368a2:c2886]
2019-06-14 08:43:00,655 INFO  client.GrpcClientProtocolClient (GrpcClientProtocolClient.java:onNext(254)) - client-2EC808601240->374189d0-76c5-49d2-81b4-45a4af1368a2: receive RaftClientReply:client-2EC808601240->374189d0-76c5-49d2-81b4-45a4af1368a2@group-30B6692CD68C, cid=1678, SUCCESS, logIndex=2888, commits[374189d0-76c5-49d2-81b4-45a4af1368a2:c2888]
2019-06-14 08:43:00,722 INFO  client.GrpcClientProtocolClient (GrpcClientProtocolClient.java:onNext(254)) - client-2EC808601240->374189d0-76c5-49d2-81b4-45a4af1368a2: receive RaftClientReply:client-2EC808601240->374189d0-76c5-49d2-81b4-45a4af1368a2@group-30B6692CD68C, cid=1679, SUCCESS, logIndex=2890, commits[374189d0-76c5-49d2-81b4-45a4af1368a2:c2890]
2019-06-14 08:43:00,723 INFO  client.GrpcClientProtocolClient (GrpcClientProtocolClient.java:onNext(254)) - client-2EC808601240->374189d0-76c5-49d2-81b4-45a4af1368a2: receive RaftClientReply:client-2EC808601240->374189d0-76c5-49d2-81b4-45a4af1368a2@group-30B6692CD68C, cid=1680, SUCCESS, logIndex=2892, commits[374189d0-76c5-49d2-81b4-45a4af1368a2:c2892]
2019-06-14 08:43:00,733 INFO  client.GrpcClientProtocolClient (GrpcClientProtocolClient.java:onNext(254)) - client-2EC808601240->374189d0-76c5-49d2-81b4-45a4af1368a2: receive RaftClientReply:client-2EC808601240->374189d0-76c5-49d2-81b4-45a4af1368a2@group-30B6692CD68C, cid=1681, SUCCESS, logIndex=2894, commits[374189d0-76c5-49d2-81b4-45a4af1368a2:c2894]
2019-06-14 08:43:00,735 INFO  client.GrpcClientProtocolClient (GrpcClientProtocolClient.java:onNext(254)) - client-2EC808601240->374189d0-76c5-49d2-81b4-45a4af1368a2: receive RaftClientReply:client-2EC808601240->374189d0-76c5-49d2-81b4-45a4af1368a2@group-30B6692CD68C, cid=1682, SUCCESS, logIndex=2896, commits[374189d0-76c5-49d2-81b4-45a4af1368a2:c2896]
2019-06-14 08:43:00,735 INFO  client.GrpcClientProtocolClient (GrpcClientProtocolClient.java:onNext(254)) - client-2EC808601240->374189d0-76c5-49d2-81b4-45a4af1368a2: receive RaftClientReply:client-2EC808601240->374189d0-76c5-49d2-81b4-45a4af1368a2@group-30B6692CD68C, cid=1683, SUCCESS, logIndex=2897, commits[374189d0-76c5-49d2-81b4-45a4af1368a2:c2899]
2019-06-14 08:43:00,736 INFO  client.GrpcClientProtocolClient (GrpcClientProtocolClient.java:onNext(254)) - client-2EC808601240->374189d0-76c5-49d2-81b4-45a4af1368a2: receive RaftClientReply:client-2EC808601240->374189d0-76c5-49d2-81b4-45a4af1368a2@group-30B6692CD68C, cid=1684, SUCCESS, logIndex=2898, commits[374189d0-76c5-49d2-81b4-45a4af1368a2:c2899]
2019-06-14 08:43:00,742 INFO  client.GrpcClientProtocolClient (GrpcClientProtocolClient.java:onNext(254)) - client-2EC808601240->374189d0-76c5-49d2-81b4-45a4af1368a2: receive RaftClientReply:client-2EC808601240->374189d0-76c5-49d2-81b4-45a4af1368a2@group-30B6692CD68C, cid=1685, SUCCESS, logIndex=2900, commits[374189d0-76c5-49d2-81b4-45a4af1368a2:c2900]
2019-06-14 08:43:00,743 INFO  client.GrpcClientProtocolClient (GrpcClientProtocolClient.java:onNext(254)) - client-2EC808601240->374189d0-76c5-49d2-81b4-45a4af1368a2: receive RaftClientReply:client-2EC808601240->374189d0-76c5-49d2-81b4-45a4af1368a2@group-30B6692CD68C, cid=1686, SUCCESS, logIndex=2902, commits[374189d0-76c5-49d2-81b4-45a4af1368a2:c2902]
2019-06-14 08:43:00,744 INFO  client.GrpcClientProtocolClient (GrpcClientProtocolClient.java:onNext(254)) - client-2EC808601240->374189d0-76c5-49d2-81b4-45a4af1368a2: receive RaftClientReply:client-2EC808601240->374189d0-76c5-49d2-81b4-45a4af1368a2@group-30B6692CD68C, cid=1687, SUCCESS, logIndex=2903, commits[374189d0-76c5-49d2-81b4-45a4af1368a2:c2904]
2019-06-14 08:43:00,745 INFO  client.GrpcClientProtocolClient (GrpcClientProtocolClient.java:onNext(254)) - client-2EC808601240->374189d0-76c5-49d2-81b4-45a4af1368a2: receive RaftClientReply:client-2EC808601240->374189d0-76c5-49d2-81b4-45a4af1368a2@group-30B6692CD68C, cid=1688, SUCCESS, logIndex=2905, commits[374189d0-76c5-49d2-81b4-45a4af1368a2:c2905]
2019-06-14 08:43:00,748 DEBUG block.SCMBlockDeletingService (SCMBlockDeletingService.java:call(138)) - Running DeletedBlockTransactionScanner
2019-06-14 08:43:00,748 DEBUG block.SCMBlockDeletingService (SCMBlockDeletingService.java:call(155)) - Scanned deleted blocks log and got 0 delTX to process.
2019-06-14 08:43:00,755 INFO  client.GrpcClientProtocolClient (GrpcClientProtocolClient.java:onNext(254)) - client-2EC808601240->374189d0-76c5-49d2-81b4-45a4af1368a2: receive RaftClientReply:client-2EC808601240->374189d0-76c5-49d2-81b4-45a4af1368a2@group-30B6692CD68C, cid=1689, SUCCESS, logIndex=2907, commits[374189d0-76c5-49d2-81b4-45a4af1368a2:c2907]
2019-06-14 08:43:00,756 INFO  client.GrpcClientProtocolClient (GrpcClientProtocolClient.java:onNext(254)) - client-2EC808601240->374189d0-76c5-49d2-81b4-45a4af1368a2: receive RaftClientReply:client-2EC808601240->374189d0-76c5-49d2-81b4-45a4af1368a2@group-30B6692CD68C, cid=1690, SUCCESS, logIndex=2909, commits[374189d0-76c5-49d2-81b4-45a4af1368a2:c2909]
2019-06-14 08:43:00,758 INFO  client.GrpcClientProtocolClient (GrpcClientProtocolClient.java:onNext(254)) - client-2EC808601240->374189d0-76c5-49d2-81b4-45a4af1368a2: receive RaftClientReply:client-2EC808601240->374189d0-76c5-49d2-81b4-45a4af1368a2@group-30B6692CD68C, cid=1691, SUCCESS, logIndex=2911, commits[374189d0-76c5-49d2-81b4-45a4af1368a2:c2912]
2019-06-14 08:43:00,758 INFO  client.GrpcClientProtocolClient (GrpcClientProtocolClient.java:onNext(254)) - client-2EC808601240->374189d0-76c5-49d2-81b4-45a4af1368a2: receive RaftClientReply:client-2EC808601240->374189d0-76c5-49d2-81b4-45a4af1368a2@group-30B6692CD68C, cid=1692, SUCCESS, logIndex=2912, commits[374189d0-76c5-49d2-81b4-45a4af1368a2:c2912]
2019-06-14 08:43:00,763 INFO  client.GrpcClientProtocolClient (GrpcClientProtocolClient.java:onNext(254)) - client-2EC808601240->374189d0-76c5-49d2-81b4-45a4af1368a2: receive RaftClientReply:client-2EC808601240->374189d0-76c5-49d2-81b4-45a4af1368a2@group-30B6692CD68C, cid=1693, SUCCESS, logIndex=2914, commits[374189d0-76c5-49d2-81b4-45a4af1368a2:c2914]
2019-06-14 08:43:00,764 INFO  client.GrpcClientProtocolClient (GrpcClientProtocolClient.java:onNext(254)) - client-2EC808601240->374189d0-76c5-49d2-81b4-45a4af1368a2: receive RaftClientReply:client-2EC808601240->374189d0-76c5-49d2-81b4-45a4af1368a2@group-30B6692CD68C, cid=1694, SUCCESS, logIndex=2916, commits[374189d0-76c5-49d2-81b4-45a4af1368a2:c2916]
2019-06-14 08:43:00,766 INFO  client.GrpcClientProtocolClient (GrpcClientProtocolClient.java:onNext(254)) - client-2EC808601240->374189d0-76c5-49d2-81b4-45a4af1368a2: receive RaftClientReply:client-2EC808601240->374189d0-76c5-49d2-81b4-45a4af1368a2@group-30B6692CD68C, cid=1695, SUCCESS, logIndex=2917, commits[374189d0-76c5-49d2-81b4-45a4af1368a2:c2919]
2019-06-14 08:43:00,766 INFO  client.GrpcClientProtocolClient (GrpcClientProtocolClient.java:onNext(254)) - client-2EC808601240->374189d0-76c5-49d2-81b4-45a4af1368a2: receive RaftClientReply:client-2EC808601240->374189d0-76c5-49d2-81b4-45a4af1368a2@group-30B6692CD68C, cid=1696, SUCCESS, logIndex=2918, commits[374189d0-76c5-49d2-81b4-45a4af1368a2:c2919]
2019-06-14 08:43:00,776 INFO  client.GrpcClientProtocolClient (GrpcClientProtocolClient.java:onNext(254)) - client-2EC808601240->374189d0-76c5-49d2-81b4-45a4af1368a2: receive RaftClientReply:client-2EC808601240->374189d0-76c5-49d2-81b4-45a4af1368a2@group-30B6692CD68C, cid=1697, SUCCESS, logIndex=2920, commits[374189d0-76c5-49d2-81b4-45a4af1368a2:c2920]
2019-06-14 08:43:00,778 INFO  client.GrpcClientProtocolClient (GrpcClientProtocolClient.java:onNext(254)) - client-2EC808601240->374189d0-76c5-49d2-81b4-45a4af1368a2: receive RaftClientReply:client-2EC808601240->374189d0-76c5-49d2-81b4-45a4af1368a2@group-30B6692CD68C, cid=1698, SUCCESS, logIndex=2922, commits[374189d0-76c5-49d2-81b4-45a4af1368a2:c2922]
2019-06-14 08:43:00,779 INFO  client.GrpcClientProtocolClient (GrpcClientProtocolClient.java:onNext(254)) - client-2EC808601240->374189d0-76c5-49d2-81b4-45a4af1368a2: receive RaftClientReply:client-2EC808601240->374189d0-76c5-49d2-81b4-45a4af1368a2@group-30B6692CD68C, cid=1699, SUCCESS, logIndex=2923, commits[374189d0-76c5-49d2-81b4-45a4af1368a2:c2925]
2019-06-14 08:43:00,780 INFO  client.GrpcClientProtocolClient (GrpcClientProtocolClient.java:onNext(254)) - client-2EC808601240->374189d0-76c5-49d2-81b4-45a4af1368a2: receive RaftClientReply:client-2EC808601240->374189d0-76c5-49d2-81b4-45a4af1368a2@group-30B6692CD68C, cid=1700, SUCCESS, logIndex=2924, commits[374189d0-76c5-49d2-81b4-45a4af1368a2:c2925]
2019-06-14 08:43:00,785 INFO  client.GrpcClientProtocolClient (GrpcClientProtocolClient.java:onNext(254)) - client-2EC808601240->374189d0-76c5-49d2-81b4-45a4af1368a2: receive RaftClientReply:client-2EC808601240->374189d0-76c5-49d2-81b4-45a4af1368a2@group-30B6692CD68C, cid=1701, SUCCESS, logIndex=2926, commits[374189d0-76c5-49d2-81b4-45a4af1368a2:c2926]
2019-06-14 08:43:00,786 INFO  client.GrpcClientProtocolClient (GrpcClientProtocolClient.java:onNext(254)) - client-2EC808601240->374189d0-76c5-49d2-81b4-45a4af1368a2: receive RaftClientReply:client-2EC808601240->374189d0-76c5-49d2-81b4-45a4af1368a2@group-30B6692CD68C, cid=1702, SUCCESS, logIndex=2928, commits[374189d0-76c5-49d2-81b4-45a4af1368a2:c2928]
2019-06-14 08:43:00,787 INFO  client.GrpcClientProtocolClient (GrpcClientProtocolClient.java:onNext(254)) - client-2EC808601240->374189d0-76c5-49d2-81b4-45a4af1368a2: receive RaftClientReply:client-2EC808601240->374189d0-76c5-49d2-81b4-45a4af1368a2@group-30B6692CD68C, cid=1703, SUCCESS, logIndex=2929, commits[374189d0-76c5-49d2-81b4-45a4af1368a2:c2931]
2019-06-14 08:43:00,788 INFO  client.GrpcClientProtocolClient (GrpcClientProtocolClient.java:onNext(254)) - client-2EC808601240->374189d0-76c5-49d2-81b4-45a4af1368a2: receive RaftClientReply:client-2EC808601240->374189d0-76c5-49d2-81b4-45a4af1368a2@group-30B6692CD68C, cid=1704, SUCCESS, logIndex=2930, commits[374189d0-76c5-49d2-81b4-45a4af1368a2:c2931]
2019-06-14 08:43:00,799 INFO  client.GrpcClientProtocolClient (GrpcClientProtocolClient.java:onNext(254)) - client-2EC808601240->374189d0-76c5-49d2-81b4-45a4af1368a2: receive RaftClientReply:client-2EC808601240->374189d0-76c5-49d2-81b4-45a4af1368a2@group-30B6692CD68C, cid=1705, SUCCESS, logIndex=2932, commits[374189d0-76c5-49d2-81b4-45a4af1368a2:c2932]
2019-06-14 08:43:00,800 INFO  client.GrpcClientProtocolClient (GrpcClientProtocolClient.java:onNext(254)) - client-2EC808601240->374189d0-76c5-49d2-81b4-45a4af1368a2: receive RaftClientReply:client-2EC808601240->374189d0-76c5-49d2-81b4-45a4af1368a2@group-30B6692CD68C, cid=1706, SUCCESS, logIndex=2934, commits[374189d0-76c5-49d2-81b4-45a4af1368a2:c2934]
2019-06-14 08:43:00,801 INFO  client.GrpcClientProtocolClient (GrpcClientProtocolClient.java:onNext(254)) - client-2EC808601240->374189d0-76c5-49d2-81b4-45a4af1368a2: receive RaftClientReply:client-2EC808601240->374189d0-76c5-49d2-81b4-45a4af1368a2@group-30B6692CD68C, cid=1707, SUCCESS, logIndex=2935, commits[374189d0-76c5-49d2-81b4-45a4af1368a2:c2937]
2019-06-14 08:43:00,802 INFO  client.GrpcClientProtocolClient (GrpcClientProtocolClient.java:onNext(254)) - client-2EC808601240->374189d0-76c5-49d2-81b4-45a4af1368a2: receive RaftClientReply:client-2EC808601240->374189d0-76c5-49d2-81b4-45a4af1368a2@group-30B6692CD68C, cid=1708, SUCCESS, logIndex=2936, commits[374189d0-76c5-49d2-81b4-45a4af1368a2:c2937]
2019-06-14 08:43:00,808 INFO  client.GrpcClientProtocolClient (GrpcClientProtocolClient.java:onNext(254)) - client-2EC808601240->374189d0-76c5-49d2-81b4-45a4af1368a2: receive RaftClientReply:client-2EC808601240->374189d0-76c5-49d2-81b4-45a4af1368a2@group-30B6692CD68C, cid=1709, SUCCESS, logIndex=2938, commits[374189d0-76c5-49d2-81b4-45a4af1368a2:c2938]
2019-06-14 08:43:00,809 INFO  client.GrpcClientProtocolClient (GrpcClientProtocolClient.java:onNext(254)) - client-2EC808601240->374189d0-76c5-49d2-81b4-45a4af1368a2: receive RaftClientReply:client-2EC808601240->374189d0-76c5-49d2-81b4-45a4af1368a2@group-30B6692CD68C, cid=1710, SUCCESS, logIndex=2940, commits[374189d0-76c5-49d2-81b4-45a4af1368a2:c2940]
2019-06-14 08:43:00,811 INFO  client.GrpcClientProtocolClient (GrpcClientProtocolClient.java:onNext(254)) - client-2EC808601240->374189d0-76c5-49d2-81b4-45a4af1368a2: receive RaftClientReply:client-2EC808601240->374189d0-76c5-49d2-81b4-45a4af1368a2@group-30B6692CD68C, cid=1711, SUCCESS, logIndex=2941, commits[374189d0-76c5-49d2-81b4-45a4af1368a2:c2943]
2019-06-14 08:43:00,811 INFO  client.GrpcClientProtocolClient (GrpcClientProtocolClient.java:onNext(254)) - client-2EC808601240->374189d0-76c5-49d2-81b4-45a4af1368a2: receive RaftClientReply:client-2EC808601240->374189d0-76c5-49d2-81b4-45a4af1368a2@group-30B6692CD68C, cid=1712, SUCCESS, logIndex=2942, commits[374189d0-76c5-49d2-81b4-45a4af1368a2:c2943]
2019-06-14 08:43:00,821 INFO  client.GrpcClientProtocolClient (GrpcClientProtocolClient.java:onNext(254)) - client-2EC808601240->374189d0-76c5-49d2-81b4-45a4af1368a2: receive RaftClientReply:client-2EC808601240->374189d0-76c5-49d2-81b4-45a4af1368a2@group-30B6692CD68C, cid=1713, SUCCESS, logIndex=2944, commits[374189d0-76c5-49d2-81b4-45a4af1368a2:c2944]
2019-06-14 08:43:00,822 INFO  client.GrpcClientProtocolClient (GrpcClientProtocolClient.java:onNext(254)) - client-2EC808601240->374189d0-76c5-49d2-81b4-45a4af1368a2: receive RaftClientReply:client-2EC808601240->374189d0-76c5-49d2-81b4-45a4af1368a2@group-30B6692CD68C, cid=1714, SUCCESS, logIndex=2946, commits[374189d0-76c5-49d2-81b4-45a4af1368a2:c2946]
2019-06-14 08:43:00,823 INFO  client.GrpcClientProtocolClient (GrpcClientProtocolClient.java:onNext(254)) - client-2EC808601240->374189d0-76c5-49d2-81b4-45a4af1368a2: receive RaftClientReply:client-2EC808601240->374189d0-76c5-49d2-81b4-45a4af1368a2@group-30B6692CD68C, cid=1715, SUCCESS, logIndex=2947, commits[374189d0-76c5-49d2-81b4-45a4af1368a2:c2949]
2019-06-14 08:43:00,824 INFO  client.GrpcClientProtocolClient (GrpcClientProtocolClient.java:onNext(254)) - client-2EC808601240->374189d0-76c5-49d2-81b4-45a4af1368a2: receive RaftClientReply:client-2EC808601240->374189d0-76c5-49d2-81b4-45a4af1368a2@group-30B6692CD68C, cid=1716, SUCCESS, logIndex=2948, commits[374189d0-76c5-49d2-81b4-45a4af1368a2:c2949]
2019-06-14 08:43:00,826 INFO  storage.RaftLogWorker (RaftLogWorker.java:rollLogSegment(303)) - 374189d0-76c5-49d2-81b4-45a4af1368a2-RaftLogWorker: Rolling segment log-2879_2949 to index:2949
2019-06-14 08:43:00,827 INFO  storage.RaftLogWorker (RaftLogWorker.java:execute(433)) - 374189d0-76c5-49d2-81b4-45a4af1368a2-RaftLogWorker: Rolled log segment from /opt/src/hadoop-ozone/integration-test/target/test-dir/MiniOzoneClusterImpl-1994f8b8-dd4d-445c-bf25-0c6d40f9b14d/datanode-0/data/ratis/99d0acb8-99ce-4814-8259-30b6692cd68c/current/log_inprogress_2879 to /opt/src/hadoop-ozone/integration-test/target/test-dir/MiniOzoneClusterImpl-1994f8b8-dd4d-445c-bf25-0c6d40f9b14d/datanode-0/data/ratis/99d0acb8-99ce-4814-8259-30b6692cd68c/current/log_2879-2949
2019-06-14 08:43:00,848 DEBUG block.SCMBlockDeletingService (SCMBlockDeletingService.java:call(138)) - Running DeletedBlockTransactionScanner
2019-06-14 08:43:00,848 DEBUG block.SCMBlockDeletingService (SCMBlockDeletingService.java:call(155)) - Scanned deleted blocks log and got 0 delTX to process.
2019-06-14 08:43:00,865 INFO  storage.RaftLogWorker (RaftLogWorker.java:execute(469)) - 374189d0-76c5-49d2-81b4-45a4af1368a2-RaftLogWorker: created new log segment /opt/src/hadoop-ozone/integration-test/target/test-dir/MiniOzoneClusterImpl-1994f8b8-dd4d-445c-bf25-0c6d40f9b14d/datanode-0/data/ratis/99d0acb8-99ce-4814-8259-30b6692cd68c/current/log_inprogress_2950
2019-06-14 08:43:00,867 INFO  client.GrpcClientProtocolClient (GrpcClientProtocolClient.java:onNext(254)) - client-2EC808601240->374189d0-76c5-49d2-81b4-45a4af1368a2: receive RaftClientReply:client-2EC808601240->374189d0-76c5-49d2-81b4-45a4af1368a2@group-30B6692CD68C, cid=1717, SUCCESS, logIndex=2950, commits[374189d0-76c5-49d2-81b4-45a4af1368a2:c2950]
2019-06-14 08:43:00,868 INFO  client.GrpcClientProtocolClient (GrpcClientProtocolClient.java:onNext(254)) - client-2EC808601240->374189d0-76c5-49d2-81b4-45a4af1368a2: receive RaftClientReply:client-2EC808601240->374189d0-76c5-49d2-81b4-45a4af1368a2@group-30B6692CD68C, cid=1718, SUCCESS, logIndex=2952, commits[374189d0-76c5-49d2-81b4-45a4af1368a2:c2952]
2019-06-14 08:43:00,869 INFO  client.GrpcClientProtocolClient (GrpcClientProtocolClient.java:onNext(254)) - client-2EC808601240->374189d0-76c5-49d2-81b4-45a4af1368a2: receive RaftClientReply:client-2EC808601240->374189d0-76c5-49d2-81b4-45a4af1368a2@group-30B6692CD68C, cid=1719, SUCCESS, logIndex=2953, commits[374189d0-76c5-49d2-81b4-45a4af1368a2:c2955]
2019-06-14 08:43:00,869 INFO  client.GrpcClientProtocolClient (GrpcClientProtocolClient.java:onNext(254)) - client-2EC808601240->374189d0-76c5-49d2-81b4-45a4af1368a2: receive RaftClientReply:client-2EC808601240->374189d0-76c5-49d2-81b4-45a4af1368a2@group-30B6692CD68C, cid=1720, SUCCESS, logIndex=2954, commits[374189d0-76c5-49d2-81b4-45a4af1368a2:c2955]
2019-06-14 08:43:00,880 INFO  client.GrpcClientProtocolClient (GrpcClientProtocolClient.java:onNext(254)) - client-2EC808601240->374189d0-76c5-49d2-81b4-45a4af1368a2: receive RaftClientReply:client-2EC808601240->374189d0-76c5-49d2-81b4-45a4af1368a2@group-30B6692CD68C, cid=1721, SUCCESS, logIndex=2956, commits[374189d0-76c5-49d2-81b4-45a4af1368a2:c2956]
2019-06-14 08:43:00,880 INFO  client.GrpcClientProtocolClient (GrpcClientProtocolClient.java:onNext(254)) - client-2EC808601240->374189d0-76c5-49d2-81b4-45a4af1368a2: receive RaftClientReply:client-2EC808601240->374189d0-76c5-49d2-81b4-45a4af1368a2@group-30B6692CD68C, cid=1722, SUCCESS, logIndex=2958, commits[374189d0-76c5-49d2-81b4-45a4af1368a2:c2958]
2019-06-14 08:43:00,883 INFO  client.GrpcClientProtocolClient (GrpcClientProtocolClient.java:onNext(254)) - client-2EC808601240->374189d0-76c5-49d2-81b4-45a4af1368a2: receive RaftClientReply:client-2EC808601240->374189d0-76c5-49d2-81b4-45a4af1368a2@group-30B6692CD68C, cid=1723, SUCCESS, logIndex=2959, commits[374189d0-76c5-49d2-81b4-45a4af1368a2:c2961]
2019-06-14 08:43:00,883 INFO  client.GrpcClientProtocolClient (GrpcClientProtocolClient.java:onNext(254)) - client-2EC808601240->374189d0-76c5-49d2-81b4-45a4af1368a2: receive RaftClientReply:client-2EC808601240->374189d0-76c5-49d2-81b4-45a4af1368a2@group-30B6692CD68C, cid=1724, SUCCESS, logIndex=2960, commits[374189d0-76c5-49d2-81b4-45a4af1368a2:c2961]
2019-06-14 08:43:00,948 DEBUG block.SCMBlockDeletingService (SCMBlockDeletingService.java:call(138)) - Running DeletedBlockTransactionScanner
2019-06-14 08:43:00,948 DEBUG block.SCMBlockDeletingService (SCMBlockDeletingService.java:call(155)) - Scanned deleted blocks log and got 0 delTX to process.
2019-06-14 08:43:00,962 INFO  client.GrpcClientProtocolClient (GrpcClientProtocolClient.java:onNext(254)) - client-2EC808601240->374189d0-76c5-49d2-81b4-45a4af1368a2: receive RaftClientReply:client-2EC808601240->374189d0-76c5-49d2-81b4-45a4af1368a2@group-30B6692CD68C, cid=1725, SUCCESS, logIndex=2962, commits[374189d0-76c5-49d2-81b4-45a4af1368a2:c2962]
2019-06-14 08:43:00,963 INFO  client.GrpcClientProtocolClient (GrpcClientProtocolClient.java:onNext(254)) - client-2EC808601240->374189d0-76c5-49d2-81b4-45a4af1368a2: receive RaftClientReply:client-2EC808601240->374189d0-76c5-49d2-81b4-45a4af1368a2@group-30B6692CD68C, cid=1726, SUCCESS, logIndex=2964, commits[374189d0-76c5-49d2-81b4-45a4af1368a2:c2964]
2019-06-14 08:43:00,964 INFO  client.GrpcClientProtocolClient (GrpcClientProtocolClient.java:onNext(254)) - client-2EC808601240->374189d0-76c5-49d2-81b4-45a4af1368a2: receive RaftClientReply:client-2EC808601240->374189d0-76c5-49d2-81b4-45a4af1368a2@group-30B6692CD68C, cid=1727, SUCCESS, logIndex=2965, commits[374189d0-76c5-49d2-81b4-45a4af1368a2:c2967]
2019-06-14 08:43:00,965 INFO  client.GrpcClientProtocolClient (GrpcClientProtocolClient.java:onNext(254)) - client-2EC808601240->374189d0-76c5-49d2-81b4-45a4af1368a2: receive RaftClientReply:client-2EC808601240->374189d0-76c5-49d2-81b4-45a4af1368a2@group-30B6692CD68C, cid=1728, SUCCESS, logIndex=2966, commits[374189d0-76c5-49d2-81b4-45a4af1368a2:c2967]
2019-06-14 08:43:00,974 INFO  client.GrpcClientProtocolClient (GrpcClientProtocolClient.java:onNext(254)) - client-2EC808601240->374189d0-76c5-49d2-81b4-45a4af1368a2: receive RaftClientReply:client-2EC808601240->374189d0-76c5-49d2-81b4-45a4af1368a2@group-30B6692CD68C, cid=1729, SUCCESS, logIndex=2968, commits[374189d0-76c5-49d2-81b4-45a4af1368a2:c2968]
2019-06-14 08:43:00,975 INFO  client.GrpcClientProtocolClient (GrpcClientProtocolClient.java:onNext(254)) - client-2EC808601240->374189d0-76c5-49d2-81b4-45a4af1368a2: receive RaftClientReply:client-2EC808601240->374189d0-76c5-49d2-81b4-45a4af1368a2@group-30B6692CD68C, cid=1730, SUCCESS, logIndex=2970, commits[374189d0-76c5-49d2-81b4-45a4af1368a2:c2970]
2019-06-14 08:43:00,977 INFO  client.GrpcClientProtocolClient (GrpcClientProtocolClient.java:onNext(254)) - client-2EC808601240->374189d0-76c5-49d2-81b4-45a4af1368a2: receive RaftClientReply:client-2EC808601240->374189d0-76c5-49d2-81b4-45a4af1368a2@group-30B6692CD68C, cid=1731, SUCCESS, logIndex=2971, commits[374189d0-76c5-49d2-81b4-45a4af1368a2:c2973]
2019-06-14 08:43:00,977 INFO  client.GrpcClientProtocolClient (GrpcClientProtocolClient.java:onNext(254)) - client-2EC808601240->374189d0-76c5-49d2-81b4-45a4af1368a2: receive RaftClientReply:client-2EC808601240->374189d0-76c5-49d2-81b4-45a4af1368a2@group-30B6692CD68C, cid=1732, SUCCESS, logIndex=2972, commits[374189d0-76c5-49d2-81b4-45a4af1368a2:c2973]
2019-06-14 08:43:00,982 INFO  client.GrpcClientProtocolClient (GrpcClientProtocolClient.java:onNext(254)) - client-2EC808601240->374189d0-76c5-49d2-81b4-45a4af1368a2: receive RaftClientReply:client-2EC808601240->374189d0-76c5-49d2-81b4-45a4af1368a2@group-30B6692CD68C, cid=1733, SUCCESS, logIndex=2974, commits[374189d0-76c5-49d2-81b4-45a4af1368a2:c2974]
2019-06-14 08:43:00,983 INFO  client.GrpcClientProtocolClient (GrpcClientProtocolClient.java:onNext(254)) - client-2EC808601240->374189d0-76c5-49d2-81b4-45a4af1368a2: receive RaftClientReply:client-2EC808601240->374189d0-76c5-49d2-81b4-45a4af1368a2@group-30B6692CD68C, cid=1734, SUCCESS, logIndex=2976, commits[374189d0-76c5-49d2-81b4-45a4af1368a2:c2976]
2019-06-14 08:43:00,984 INFO  client.GrpcClientProtocolClient (GrpcClientProtocolClient.java:onNext(254)) - client-2EC808601240->374189d0-76c5-49d2-81b4-45a4af1368a2: receive RaftClientReply:client-2EC808601240->374189d0-76c5-49d2-81b4-45a4af1368a2@group-30B6692CD68C, cid=1735, SUCCESS, logIndex=2977, commits[374189d0-76c5-49d2-81b4-45a4af1368a2:c2979]
2019-06-14 08:43:00,984 INFO  client.GrpcClientProtocolClient (GrpcClientProtocolClient.java:onNext(254)) - client-2EC808601240->374189d0-76c5-49d2-81b4-45a4af1368a2: receive RaftClientReply:client-2EC808601240->374189d0-76c5-49d2-81b4-45a4af1368a2@group-30B6692CD68C, cid=1736, SUCCESS, logIndex=2978, commits[374189d0-76c5-49d2-81b4-45a4af1368a2:c2979]
2019-06-14 08:43:00,993 INFO  client.GrpcClientProtocolClient (GrpcClientProtocolClient.java:onNext(254)) - client-2EC808601240->374189d0-76c5-49d2-81b4-45a4af1368a2: receive RaftClientReply:client-2EC808601240->374189d0-76c5-49d2-81b4-45a4af1368a2@group-30B6692CD68C, cid=1737, SUCCESS, logIndex=2980, commits[374189d0-76c5-49d2-81b4-45a4af1368a2:c2980]
2019-06-14 08:43:00,994 INFO  client.GrpcClientProtocolClient (GrpcClientProtocolClient.java:onNext(254)) - client-2EC808601240->374189d0-76c5-49d2-81b4-45a4af1368a2: receive RaftClientReply:client-2EC808601240->374189d0-76c5-49d2-81b4-45a4af1368a2@group-30B6692CD68C, cid=1738, SUCCESS, logIndex=2982, commits[374189d0-76c5-49d2-81b4-45a4af1368a2:c2982]
2019-06-14 08:43:00,995 INFO  client.GrpcClientProtocolClient (GrpcClientProtocolClient.java:onNext(254)) - client-2EC808601240->374189d0-76c5-49d2-81b4-45a4af1368a2: receive RaftClientReply:client-2EC808601240->374189d0-76c5-49d2-81b4-45a4af1368a2@group-30B6692CD68C, cid=1739, SUCCESS, logIndex=2983, commits[374189d0-76c5-49d2-81b4-45a4af1368a2:c2985]
2019-06-14 08:43:00,996 INFO  client.GrpcClientProtocolClient (GrpcClientProtocolClient.java:onNext(254)) - client-2EC808601240->374189d0-76c5-49d2-81b4-45a4af1368a2: receive RaftClientReply:client-2EC808601240->374189d0-76c5-49d2-81b4-45a4af1368a2@group-30B6692CD68C, cid=1740, SUCCESS, logIndex=2984, commits[374189d0-76c5-49d2-81b4-45a4af1368a2:c2985]
2019-06-14 08:43:01,006 INFO  client.GrpcClientProtocolClient (GrpcClientProtocolClient.java:onNext(254)) - client-2EC808601240->374189d0-76c5-49d2-81b4-45a4af1368a2: receive RaftClientReply:client-2EC808601240->374189d0-76c5-49d2-81b4-45a4af1368a2@group-30B6692CD68C, cid=1741, SUCCESS, logIndex=2986, commits[374189d0-76c5-49d2-81b4-45a4af1368a2:c2986]
2019-06-14 08:43:01,007 INFO  client.GrpcClientProtocolClient (GrpcClientProtocolClient.java:onNext(254)) - client-2EC808601240->374189d0-76c5-49d2-81b4-45a4af1368a2: receive RaftClientReply:client-2EC808601240->374189d0-76c5-49d2-81b4-45a4af1368a2@group-30B6692CD68C, cid=1742, SUCCESS, logIndex=2988, commits[374189d0-76c5-49d2-81b4-45a4af1368a2:c2988]
2019-06-14 08:43:01,008 INFO  client.GrpcClientProtocolClient (GrpcClientProtocolClient.java:onNext(254)) - client-2EC808601240->374189d0-76c5-49d2-81b4-45a4af1368a2: receive RaftClientReply:client-2EC808601240->374189d0-76c5-49d2-81b4-45a4af1368a2@group-30B6692CD68C, cid=1743, SUCCESS, logIndex=2989, commits[374189d0-76c5-49d2-81b4-45a4af1368a2:c2991]
2019-06-14 08:43:01,008 INFO  client.GrpcClientProtocolClient (GrpcClientProtocolClient.java:onNext(254)) - client-2EC808601240->374189d0-76c5-49d2-81b4-45a4af1368a2: receive RaftClientReply:client-2EC808601240->374189d0-76c5-49d2-81b4-45a4af1368a2@group-30B6692CD68C, cid=1744, SUCCESS, logIndex=2990, commits[374189d0-76c5-49d2-81b4-45a4af1368a2:c2991]
2019-06-14 08:43:01,018 INFO  client.GrpcClientProtocolClient (GrpcClientProtocolClient.java:onNext(254)) - client-2EC808601240->374189d0-76c5-49d2-81b4-45a4af1368a2: receive RaftClientReply:client-2EC808601240->374189d0-76c5-49d2-81b4-45a4af1368a2@group-30B6692CD68C, cid=1745, SUCCESS, logIndex=2992, commits[374189d0-76c5-49d2-81b4-45a4af1368a2:c2992]
2019-06-14 08:43:01,020 INFO  client.GrpcClientProtocolClient (GrpcClientProtocolClient.java:onNext(254)) - client-2EC808601240->374189d0-76c5-49d2-81b4-45a4af1368a2: receive RaftClientReply:client-2EC808601240->374189d0-76c5-49d2-81b4-45a4af1368a2@group-30B6692CD68C, cid=1746, SUCCESS, logIndex=2994, commits[374189d0-76c5-49d2-81b4-45a4af1368a2:c2994]
2019-06-14 08:43:01,021 INFO  client.GrpcClientProtocolClient (GrpcClientProtocolClient.java:onNext(254)) - client-2EC808601240->374189d0-76c5-49d2-81b4-45a4af1368a2: receive RaftClientReply:client-2EC808601240->374189d0-76c5-49d2-81b4-45a4af1368a2@group-30B6692CD68C, cid=1747, SUCCESS, logIndex=2995, commits[374189d0-76c5-49d2-81b4-45a4af1368a2:c2997]
2019-06-14 08:43:01,022 INFO  client.GrpcClientProtocolClient (GrpcClientProtocolClient.java:onNext(254)) - client-2EC808601240->374189d0-76c5-49d2-81b4-45a4af1368a2: receive RaftClientReply:client-2EC808601240->374189d0-76c5-49d2-81b4-45a4af1368a2@group-30B6692CD68C, cid=1748, SUCCESS, logIndex=2996, commits[374189d0-76c5-49d2-81b4-45a4af1368a2:c2997]
2019-06-14 08:43:01,027 INFO  client.GrpcClientProtocolClient (GrpcClientProtocolClient.java:onNext(254)) - client-2EC808601240->374189d0-76c5-49d2-81b4-45a4af1368a2: receive RaftClientReply:client-2EC808601240->374189d0-76c5-49d2-81b4-45a4af1368a2@group-30B6692CD68C, cid=1749, SUCCESS, logIndex=2998, commits[374189d0-76c5-49d2-81b4-45a4af1368a2:c2998]
2019-06-14 08:43:01,029 INFO  client.GrpcClientProtocolClient (GrpcClientProtocolClient.java:onNext(254)) - client-2EC808601240->374189d0-76c5-49d2-81b4-45a4af1368a2: receive RaftClientReply:client-2EC808601240->374189d0-76c5-49d2-81b4-45a4af1368a2@group-30B6692CD68C, cid=1750, SUCCESS, logIndex=3000, commits[374189d0-76c5-49d2-81b4-45a4af1368a2:c3000]
2019-06-14 08:43:01,030 INFO  client.GrpcClientProtocolClient (GrpcClientProtocolClient.java:onNext(254)) - client-2EC808601240->374189d0-76c5-49d2-81b4-45a4af1368a2: receive RaftClientReply:client-2EC808601240->374189d0-76c5-49d2-81b4-45a4af1368a2@group-30B6692CD68C, cid=1751, SUCCESS, logIndex=3001, commits[374189d0-76c5-49d2-81b4-45a4af1368a2:c3003]
2019-06-14 08:43:01,030 INFO  client.GrpcClientProtocolClient (GrpcClientProtocolClient.java:onNext(254)) - client-2EC808601240->374189d0-76c5-49d2-81b4-45a4af1368a2: receive RaftClientReply:client-2EC808601240->374189d0-76c5-49d2-81b4-45a4af1368a2@group-30B6692CD68C, cid=1752, SUCCESS, logIndex=3002, commits[374189d0-76c5-49d2-81b4-45a4af1368a2:c3003]
2019-06-14 08:43:01,038 INFO  client.GrpcClientProtocolClient (GrpcClientProtocolClient.java:onNext(254)) - client-2EC808601240->374189d0-76c5-49d2-81b4-45a4af1368a2: receive RaftClientReply:client-2EC808601240->374189d0-76c5-49d2-81b4-45a4af1368a2@group-30B6692CD68C, cid=1753, SUCCESS, logIndex=3004, commits[374189d0-76c5-49d2-81b4-45a4af1368a2:c3004]
2019-06-14 08:43:01,040 INFO  client.GrpcClientProtocolClient (GrpcClientProtocolClient.java:onNext(254)) - client-2EC808601240->374189d0-76c5-49d2-81b4-45a4af1368a2: receive RaftClientReply:client-2EC808601240->374189d0-76c5-49d2-81b4-45a4af1368a2@group-30B6692CD68C, cid=1754, SUCCESS, logIndex=3006, commits[374189d0-76c5-49d2-81b4-45a4af1368a2:c3006]
2019-06-14 08:43:01,041 INFO  client.GrpcClientProtocolClient (GrpcClientProtocolClient.java:onNext(254)) - client-2EC808601240->374189d0-76c5-49d2-81b4-45a4af1368a2: receive RaftClientReply:client-2EC808601240->374189d0-76c5-49d2-81b4-45a4af1368a2@group-30B6692CD68C, cid=1755, SUCCESS, logIndex=3007, commits[374189d0-76c5-49d2-81b4-45a4af1368a2:c3007]
2019-06-14 08:43:01,041 INFO  client.GrpcClientProtocolClient (GrpcClientProtocolClient.java:onNext(254)) - client-2EC808601240->374189d0-76c5-49d2-81b4-45a4af1368a2: receive RaftClientReply:client-2EC808601240->374189d0-76c5-49d2-81b4-45a4af1368a2@group-30B6692CD68C, cid=1756, SUCCESS, logIndex=3009, commits[374189d0-76c5-49d2-81b4-45a4af1368a2:c3009]
2019-06-14 08:43:01,046 INFO  client.GrpcClientProtocolClient (GrpcClientProtocolClient.java:onNext(254)) - client-2EC808601240->374189d0-76c5-49d2-81b4-45a4af1368a2: receive RaftClientReply:client-2EC808601240->374189d0-76c5-49d2-81b4-45a4af1368a2@group-30B6692CD68C, cid=1757, SUCCESS, logIndex=3012, commits[374189d0-76c5-49d2-81b4-45a4af1368a2:c3012]
2019-06-14 08:43:01,309 DEBUG block.SCMBlockDeletingService (SCMBlockDeletingService.java:call(138)) - Running DeletedBlockTransactionScanner
2019-06-14 08:43:01,310 DEBUG block.SCMBlockDeletingService (SCMBlockDeletingService.java:call(155)) - Scanned deleted blocks log and got 0 delTX to process.
2019-06-14 08:43:01,311 INFO  storage.RaftLogWorker (RaftLogWorker.java:rollLogSegment(303)) - 374189d0-76c5-49d2-81b4-45a4af1368a2-RaftLogWorker: Rolling segment log-2950_3016 to index:3016
2019-06-14 08:43:01,314 INFO  storage.RaftLogWorker (RaftLogWorker.java:execute(433)) - 374189d0-76c5-49d2-81b4-45a4af1368a2-RaftLogWorker: Rolled log segment from /opt/src/hadoop-ozone/integration-test/target/test-dir/MiniOzoneClusterImpl-1994f8b8-dd4d-445c-bf25-0c6d40f9b14d/datanode-0/data/ratis/99d0acb8-99ce-4814-8259-30b6692cd68c/current/log_inprogress_2950 to /opt/src/hadoop-ozone/integration-test/target/test-dir/MiniOzoneClusterImpl-1994f8b8-dd4d-445c-bf25-0c6d40f9b14d/datanode-0/data/ratis/99d0acb8-99ce-4814-8259-30b6692cd68c/current/log_2950-3016
2019-06-14 08:43:01,318 INFO  client.GrpcClientProtocolClient (GrpcClientProtocolClient.java:onNext(254)) - client-2EC808601240->374189d0-76c5-49d2-81b4-45a4af1368a2: receive RaftClientReply:client-2EC808601240->374189d0-76c5-49d2-81b4-45a4af1368a2@group-30B6692CD68C, cid=1758, SUCCESS, logIndex=3014, commits[374189d0-76c5-49d2-81b4-45a4af1368a2:c3014]
2019-06-14 08:43:01,319 INFO  client.GrpcClientProtocolClient (GrpcClientProtocolClient.java:onNext(254)) - client-2EC808601240->374189d0-76c5-49d2-81b4-45a4af1368a2: receive RaftClientReply:client-2EC808601240->374189d0-76c5-49d2-81b4-45a4af1368a2@group-30B6692CD68C, cid=1759, SUCCESS, logIndex=3015, commits[374189d0-76c5-49d2-81b4-45a4af1368a2:c3015]
2019-06-14 08:43:01,355 INFO  storage.RaftLogWorker (RaftLogWorker.java:execute(469)) - 374189d0-76c5-49d2-81b4-45a4af1368a2-RaftLogWorker: created new log segment /opt/src/hadoop-ozone/integration-test/target/test-dir/MiniOzoneClusterImpl-1994f8b8-dd4d-445c-bf25-0c6d40f9b14d/datanode-0/data/ratis/99d0acb8-99ce-4814-8259-30b6692cd68c/current/log_inprogress_3017
2019-06-14 08:43:01,357 INFO  client.GrpcClientProtocolClient (GrpcClientProtocolClient.java:onNext(254)) - client-2EC808601240->374189d0-76c5-49d2-81b4-45a4af1368a2: receive RaftClientReply:client-2EC808601240->374189d0-76c5-49d2-81b4-45a4af1368a2@group-30B6692CD68C, cid=1760, SUCCESS, logIndex=3017, commits[374189d0-76c5-49d2-81b4-45a4af1368a2:c3018]
2019-06-14 08:43:01,366 INFO  client.GrpcClientProtocolClient (GrpcClientProtocolClient.java:onNext(254)) - client-2EC808601240->374189d0-76c5-49d2-81b4-45a4af1368a2: receive RaftClientReply:client-2EC808601240->374189d0-76c5-49d2-81b4-45a4af1368a2@group-30B6692CD68C, cid=1761, SUCCESS, logIndex=3019, commits[374189d0-76c5-49d2-81b4-45a4af1368a2:c3019]
2019-06-14 08:43:01,368 INFO  client.GrpcClientProtocolClient (GrpcClientProtocolClient.java:onNext(254)) - client-2EC808601240->374189d0-76c5-49d2-81b4-45a4af1368a2: receive RaftClientReply:client-2EC808601240->374189d0-76c5-49d2-81b4-45a4af1368a2@group-30B6692CD68C, cid=1762, SUCCESS, logIndex=3021, commits[374189d0-76c5-49d2-81b4-45a4af1368a2:c3021]
2019-06-14 08:43:01,369 INFO  client.GrpcClientProtocolClient (GrpcClientProtocolClient.java:onNext(254)) - client-2EC808601240->374189d0-76c5-49d2-81b4-45a4af1368a2: receive RaftClientReply:client-2EC808601240->374189d0-76c5-49d2-81b4-45a4af1368a2@group-30B6692CD68C, cid=1763, SUCCESS, logIndex=3022, commits[374189d0-76c5-49d2-81b4-45a4af1368a2:c3024]
2019-06-14 08:43:01,369 INFO  client.GrpcClientProtocolClient (GrpcClientProtocolClient.java:onNext(254)) - client-2EC808601240->374189d0-76c5-49d2-81b4-45a4af1368a2: receive RaftClientReply:client-2EC808601240->374189d0-76c5-49d2-81b4-45a4af1368a2@group-30B6692CD68C, cid=1764, SUCCESS, logIndex=3023, commits[374189d0-76c5-49d2-81b4-45a4af1368a2:c3024]
2019-06-14 08:43:01,374 INFO  client.GrpcClientProtocolClient (GrpcClientProtocolClient.java:onNext(254)) - client-2EC808601240->374189d0-76c5-49d2-81b4-45a4af1368a2: receive RaftClientReply:client-2EC808601240->374189d0-76c5-49d2-81b4-45a4af1368a2@group-30B6692CD68C, cid=1765, SUCCESS, logIndex=3025, commits[374189d0-76c5-49d2-81b4-45a4af1368a2:c3025]
2019-06-14 08:43:01,375 INFO  client.GrpcClientProtocolClient (GrpcClientProtocolClient.java:onNext(254)) - client-2EC808601240->374189d0-76c5-49d2-81b4-45a4af1368a2: receive RaftClientReply:client-2EC808601240->374189d0-76c5-49d2-81b4-45a4af1368a2@group-30B6692CD68C, cid=1766, SUCCESS, logIndex=3027, commits[374189d0-76c5-49d2-81b4-45a4af1368a2:c3027]
2019-06-14 08:43:01,376 INFO  client.GrpcClientProtocolClient (GrpcClientProtocolClient.java:onNext(254)) - client-2EC808601240->374189d0-76c5-49d2-81b4-45a4af1368a2: receive RaftClientReply:client-2EC808601240->374189d0-76c5-49d2-81b4-45a4af1368a2@group-30B6692CD68C, cid=1767, SUCCESS, logIndex=3028, commits[374189d0-76c5-49d2-81b4-45a4af1368a2:c3030]
2019-06-14 08:43:01,376 INFO  client.GrpcClientProtocolClient (GrpcClientProtocolClient.java:onNext(254)) - client-2EC808601240->374189d0-76c5-49d2-81b4-45a4af1368a2: receive RaftClientReply:client-2EC808601240->374189d0-76c5-49d2-81b4-45a4af1368a2@group-30B6692CD68C, cid=1768, SUCCESS, logIndex=3029, commits[374189d0-76c5-49d2-81b4-45a4af1368a2:c3030]
2019-06-14 08:43:01,411 DEBUG block.SCMBlockDeletingService (SCMBlockDeletingService.java:call(138)) - Running DeletedBlockTransactionScanner
2019-06-14 08:43:01,411 DEBUG block.SCMBlockDeletingService (SCMBlockDeletingService.java:call(155)) - Scanned deleted blocks log and got 0 delTX to process.
2019-06-14 08:43:01,455 INFO  client.GrpcClientProtocolClient (GrpcClientProtocolClient.java:onNext(254)) - client-2EC808601240->374189d0-76c5-49d2-81b4-45a4af1368a2: receive RaftClientReply:client-2EC808601240->374189d0-76c5-49d2-81b4-45a4af1368a2@group-30B6692CD68C, cid=1769, SUCCESS, logIndex=3031, commits[374189d0-76c5-49d2-81b4-45a4af1368a2:c3031]
2019-06-14 08:43:01,456 INFO  client.GrpcClientProtocolClient (GrpcClientProtocolClient.java:onNext(254)) - client-2EC808601240->374189d0-76c5-49d2-81b4-45a4af1368a2: receive RaftClientReply:client-2EC808601240->374189d0-76c5-49d2-81b4-45a4af1368a2@group-30B6692CD68C, cid=1770, SUCCESS, logIndex=3033, commits[374189d0-76c5-49d2-81b4-45a4af1368a2:c3033]
2019-06-14 08:43:01,457 INFO  client.GrpcClientProtocolClient (GrpcClientProtocolClient.java:onNext(254)) - client-2EC808601240->374189d0-76c5-49d2-81b4-45a4af1368a2: receive RaftClientReply:client-2EC808601240->374189d0-76c5-49d2-81b4-45a4af1368a2@group-30B6692CD68C, cid=1771, SUCCESS, logIndex=3034, commits[374189d0-76c5-49d2-81b4-45a4af1368a2:c3036]
2019-06-14 08:43:01,458 INFO  client.GrpcClientProtocolClient (GrpcClientProtocolClient.java:onNext(254)) - client-2EC808601240->374189d0-76c5-49d2-81b4-45a4af1368a2: receive RaftClientReply:client-2EC808601240->374189d0-76c5-49d2-81b4-45a4af1368a2@group-30B6692CD68C, cid=1772, SUCCESS, logIndex=3035, commits[374189d0-76c5-49d2-81b4-45a4af1368a2:c3036]
2019-06-14 08:43:01,467 INFO  client.GrpcClientProtocolClient (GrpcClientProtocolClient.java:onNext(254)) - client-2EC808601240->374189d0-76c5-49d2-81b4-45a4af1368a2: receive RaftClientReply:client-2EC808601240->374189d0-76c5-49d2-81b4-45a4af1368a2@group-30B6692CD68C, cid=1773, SUCCESS, logIndex=3037, commits[374189d0-76c5-49d2-81b4-45a4af1368a2:c3037]
2019-06-14 08:43:01,467 INFO  client.GrpcClientProtocolClient (GrpcClientProtocolClient.java:onNext(254)) - client-2EC808601240->374189d0-76c5-49d2-81b4-45a4af1368a2: receive RaftClientReply:client-2EC808601240->374189d0-76c5-49d2-81b4-45a4af1368a2@group-30B6692CD68C, cid=1774, SUCCESS, logIndex=3039, commits[374189d0-76c5-49d2-81b4-45a4af1368a2:c3039]
2019-06-14 08:43:01,467 INFO  client.GrpcClientProtocolClient (GrpcClientProtocolClient.java:onNext(254)) - client-2EC808601240->374189d0-76c5-49d2-81b4-45a4af1368a2: receive RaftClientReply:client-2EC808601240->374189d0-76c5-49d2-81b4-45a4af1368a2@group-30B6692CD68C, cid=1775, SUCCESS, logIndex=3040, commits[374189d0-76c5-49d2-81b4-45a4af1368a2:c3042]
2019-06-14 08:43:01,467 INFO  client.GrpcClientProtocolClient (GrpcClientProtocolClient.java:onNext(254)) - client-2EC808601240->374189d0-76c5-49d2-81b4-45a4af1368a2: receive RaftClientReply:client-2EC808601240->374189d0-76c5-49d2-81b4-45a4af1368a2@group-30B6692CD68C, cid=1776, SUCCESS, logIndex=3041, commits[374189d0-76c5-49d2-81b4-45a4af1368a2:c3042]
2019-06-14 08:43:01,476 INFO  client.GrpcClientProtocolClient (GrpcClientProtocolClient.java:onNext(254)) - client-2EC808601240->374189d0-76c5-49d2-81b4-45a4af1368a2: receive RaftClientReply:client-2EC808601240->374189d0-76c5-49d2-81b4-45a4af1368a2@group-30B6692CD68C, cid=1777, SUCCESS, logIndex=3043, commits[374189d0-76c5-49d2-81b4-45a4af1368a2:c3043]
2019-06-14 08:43:01,478 INFO  client.GrpcClientProtocolClient (GrpcClientProtocolClient.java:onNext(254)) - client-2EC808601240->374189d0-76c5-49d2-81b4-45a4af1368a2: receive RaftClientReply:client-2EC808601240->374189d0-76c5-49d2-81b4-45a4af1368a2@group-30B6692CD68C, cid=1778, SUCCESS, logIndex=3045, commits[374189d0-76c5-49d2-81b4-45a4af1368a2:c3045]
2019-06-14 08:43:01,479 INFO  client.GrpcClientProtocolClient (GrpcClientProtocolClient.java:onNext(254)) - client-2EC808601240->374189d0-76c5-49d2-81b4-45a4af1368a2: receive RaftClientReply:client-2EC808601240->374189d0-76c5-49d2-81b4-45a4af1368a2@group-30B6692CD68C, cid=1779, SUCCESS, logIndex=3046, commits[374189d0-76c5-49d2-81b4-45a4af1368a2:c3048]
2019-06-14 08:43:01,479 INFO  client.GrpcClientProtocolClient (GrpcClientProtocolClient.java:onNext(254)) - client-2EC808601240->374189d0-76c5-49d2-81b4-45a4af1368a2: receive RaftClientReply:client-2EC808601240->374189d0-76c5-49d2-81b4-45a4af1368a2@group-30B6692CD68C, cid=1780, SUCCESS, logIndex=3047, commits[374189d0-76c5-49d2-81b4-45a4af1368a2:c3048]
2019-06-14 08:43:01,484 INFO  client.GrpcClientProtocolClient (GrpcClientProtocolClient.java:onNext(254)) - client-2EC808601240->374189d0-76c5-49d2-81b4-45a4af1368a2: receive RaftClientReply:client-2EC808601240->374189d0-76c5-49d2-81b4-45a4af1368a2@group-30B6692CD68C, cid=1781, SUCCESS, logIndex=3049, commits[374189d0-76c5-49d2-81b4-45a4af1368a2:c3049]
2019-06-14 08:43:01,485 INFO  client.GrpcClientProtocolClient (GrpcClientProtocolClient.java:onNext(254)) - client-2EC808601240->374189d0-76c5-49d2-81b4-45a4af1368a2: receive RaftClientReply:client-2EC808601240->374189d0-76c5-49d2-81b4-45a4af1368a2@group-30B6692CD68C, cid=1782, SUCCESS, logIndex=3051, commits[374189d0-76c5-49d2-81b4-45a4af1368a2:c3051]
2019-06-14 08:43:01,486 INFO  client.GrpcClientProtocolClient (GrpcClientProtocolClient.java:onNext(254)) - client-2EC808601240->374189d0-76c5-49d2-81b4-45a4af1368a2: receive RaftClientReply:client-2EC808601240->374189d0-76c5-49d2-81b4-45a4af1368a2@group-30B6692CD68C, cid=1783, SUCCESS, logIndex=3052, commits[374189d0-76c5-49d2-81b4-45a4af1368a2:c3054]
2019-06-14 08:43:01,487 INFO  client.GrpcClientProtocolClient (GrpcClientProtocolClient.java:onNext(254)) - client-2EC808601240->374189d0-76c5-49d2-81b4-45a4af1368a2: receive RaftClientReply:client-2EC808601240->374189d0-76c5-49d2-81b4-45a4af1368a2@group-30B6692CD68C, cid=1784, SUCCESS, logIndex=3053, commits[374189d0-76c5-49d2-81b4-45a4af1368a2:c3054]
2019-06-14 08:43:01,495 INFO  client.GrpcClientProtocolClient (GrpcClientProtocolClient.java:onNext(254)) - client-2EC808601240->374189d0-76c5-49d2-81b4-45a4af1368a2: receive RaftClientReply:client-2EC808601240->374189d0-76c5-49d2-81b4-45a4af1368a2@group-30B6692CD68C, cid=1785, SUCCESS, logIndex=3055, commits[374189d0-76c5-49d2-81b4-45a4af1368a2:c3055]
2019-06-14 08:43:01,497 INFO  client.GrpcClientProtocolClient (GrpcClientProtocolClient.java:onNext(254)) - client-2EC808601240->374189d0-76c5-49d2-81b4-45a4af1368a2: receive RaftClientReply:client-2EC808601240->374189d0-76c5-49d2-81b4-45a4af1368a2@group-30B6692CD68C, cid=1786, SUCCESS, logIndex=3057, commits[374189d0-76c5-49d2-81b4-45a4af1368a2:c3057]
2019-06-14 08:43:01,498 INFO  client.GrpcClientProtocolClient (GrpcClientProtocolClient.java:onNext(254)) - client-2EC808601240->374189d0-76c5-49d2-81b4-45a4af1368a2: receive RaftClientReply:client-2EC808601240->374189d0-76c5-49d2-81b4-45a4af1368a2@group-30B6692CD68C, cid=1787, SUCCESS, logIndex=3058, commits[374189d0-76c5-49d2-81b4-45a4af1368a2:c3058]
2019-06-14 08:43:01,498 INFO  client.GrpcClientProtocolClient (GrpcClientProtocolClient.java:onNext(254)) - client-2EC808601240->374189d0-76c5-49d2-81b4-45a4af1368a2: receive RaftClientReply:client-2EC808601240->374189d0-76c5-49d2-81b4-45a4af1368a2@group-30B6692CD68C, cid=1788, SUCCESS, logIndex=3060, commits[374189d0-76c5-49d2-81b4-45a4af1368a2:c3060]
2019-06-14 08:43:01,504 INFO  client.GrpcClientProtocolClient (GrpcClientProtocolClient.java:onNext(254)) - client-2EC808601240->374189d0-76c5-49d2-81b4-45a4af1368a2: receive RaftClientReply:client-2EC808601240->374189d0-76c5-49d2-81b4-45a4af1368a2@group-30B6692CD68C, cid=1789, SUCCESS, logIndex=3063, commits[374189d0-76c5-49d2-81b4-45a4af1368a2:c3063]
2019-06-14 08:43:01,510 INFO  client.GrpcClientProtocolClient (GrpcClientProtocolClient.java:onNext(254)) - client-2EC808601240->374189d0-76c5-49d2-81b4-45a4af1368a2: receive RaftClientReply:client-2EC808601240->374189d0-76c5-49d2-81b4-45a4af1368a2@group-30B6692CD68C, cid=1790, SUCCESS, logIndex=3065, commits[374189d0-76c5-49d2-81b4-45a4af1368a2:c3068]
2019-06-14 08:43:01,510 INFO  client.GrpcClientProtocolClient (GrpcClientProtocolClient.java:onNext(254)) - client-2EC808601240->374189d0-76c5-49d2-81b4-45a4af1368a2: receive RaftClientReply:client-2EC808601240->374189d0-76c5-49d2-81b4-45a4af1368a2@group-30B6692CD68C, cid=1791, SUCCESS, logIndex=3066, commits[374189d0-76c5-49d2-81b4-45a4af1368a2:c3068]
2019-06-14 08:43:01,511 INFO  client.GrpcClientProtocolClient (GrpcClientProtocolClient.java:onNext(254)) - client-2EC808601240->374189d0-76c5-49d2-81b4-45a4af1368a2: receive RaftClientReply:client-2EC808601240->374189d0-76c5-49d2-81b4-45a4af1368a2@group-30B6692CD68C, cid=1792, SUCCESS, logIndex=3067, commits[374189d0-76c5-49d2-81b4-45a4af1368a2:c3068]
2019-06-14 08:43:01,511 DEBUG block.SCMBlockDeletingService (SCMBlockDeletingService.java:call(138)) - Running DeletedBlockTransactionScanner
2019-06-14 08:43:01,511 DEBUG block.SCMBlockDeletingService (SCMBlockDeletingService.java:call(155)) - Scanned deleted blocks log and got 0 delTX to process.
2019-06-14 08:43:01,521 INFO  client.GrpcClientProtocolClient (GrpcClientProtocolClient.java:onNext(254)) - client-2EC808601240->374189d0-76c5-49d2-81b4-45a4af1368a2: receive RaftClientReply:client-2EC808601240->374189d0-76c5-49d2-81b4-45a4af1368a2@group-30B6692CD68C, cid=1793, SUCCESS, logIndex=3069, commits[374189d0-76c5-49d2-81b4-45a4af1368a2:c3069]
2019-06-14 08:43:01,526 INFO  client.GrpcClientProtocolClient (GrpcClientProtocolClient.java:onNext(254)) - client-2EC808601240->374189d0-76c5-49d2-81b4-45a4af1368a2: receive RaftClientReply:client-2EC808601240->374189d0-76c5-49d2-81b4-45a4af1368a2@group-30B6692CD68C, cid=1794, SUCCESS, logIndex=3071, commits[374189d0-76c5-49d2-81b4-45a4af1368a2:c3071]
2019-06-14 08:43:01,526 INFO  client.GrpcClientProtocolClient (GrpcClientProtocolClient.java:onNext(254)) - client-2EC808601240->374189d0-76c5-49d2-81b4-45a4af1368a2: receive RaftClientReply:client-2EC808601240->374189d0-76c5-49d2-81b4-45a4af1368a2@group-30B6692CD68C, cid=1795, SUCCESS, logIndex=3073, commits[374189d0-76c5-49d2-81b4-45a4af1368a2:c3073]
2019-06-14 08:43:01,527 INFO  client.GrpcClientProtocolClient (GrpcClientProtocolClient.java:onNext(254)) - client-2EC808601240->374189d0-76c5-49d2-81b4-45a4af1368a2: receive RaftClientReply:client-2EC808601240->374189d0-76c5-49d2-81b4-45a4af1368a2@group-30B6692CD68C, cid=1796, SUCCESS, logIndex=3074, commits[374189d0-76c5-49d2-81b4-45a4af1368a2:c3075]
2019-06-14 08:43:01,538 INFO  client.GrpcClientProtocolClient (GrpcClientProtocolClient.java:onNext(254)) - client-2EC808601240->374189d0-76c5-49d2-81b4-45a4af1368a2: receive RaftClientReply:client-2EC808601240->374189d0-76c5-49d2-81b4-45a4af1368a2@group-30B6692CD68C, cid=1797, SUCCESS, logIndex=3076, commits[374189d0-76c5-49d2-81b4-45a4af1368a2:c3076]
2019-06-14 08:43:01,543 INFO  client.GrpcClientProtocolClient (GrpcClientProtocolClient.java:onNext(254)) - client-2EC808601240->374189d0-76c5-49d2-81b4-45a4af1368a2: receive RaftClientReply:client-2EC808601240->374189d0-76c5-49d2-81b4-45a4af1368a2@group-30B6692CD68C, cid=1798, SUCCESS, logIndex=3078, commits[374189d0-76c5-49d2-81b4-45a4af1368a2:c3078]
2019-06-14 08:43:01,546 INFO  client.GrpcClientProtocolClient (GrpcClientProtocolClient.java:onNext(254)) - client-2EC808601240->374189d0-76c5-49d2-81b4-45a4af1368a2: receive RaftClientReply:client-2EC808601240->374189d0-76c5-49d2-81b4-45a4af1368a2@group-30B6692CD68C, cid=1799, SUCCESS, logIndex=3080, commits[374189d0-76c5-49d2-81b4-45a4af1368a2:c3081]
2019-06-14 08:43:01,547 INFO  client.GrpcClientProtocolClient (GrpcClientProtocolClient.java:onNext(254)) - client-2EC808601240->374189d0-76c5-49d2-81b4-45a4af1368a2: receive RaftClientReply:client-2EC808601240->374189d0-76c5-49d2-81b4-45a4af1368a2@group-30B6692CD68C, cid=1800, SUCCESS, logIndex=3081, commits[374189d0-76c5-49d2-81b4-45a4af1368a2:c3082]
2019-06-14 08:43:01,555 INFO  client.GrpcClientProtocolClient (GrpcClientProtocolClient.java:onNext(254)) - client-2EC808601240->374189d0-76c5-49d2-81b4-45a4af1368a2: receive RaftClientReply:client-2EC808601240->374189d0-76c5-49d2-81b4-45a4af1368a2@group-30B6692CD68C, cid=1801, SUCCESS, logIndex=3083, commits[374189d0-76c5-49d2-81b4-45a4af1368a2:c3083]
2019-06-14 08:43:01,555 INFO  storage.RaftLogWorker (RaftLogWorker.java:rollLogSegment(303)) - 374189d0-76c5-49d2-81b4-45a4af1368a2-RaftLogWorker: Rolling segment log-3017_3085 to index:3085
2019-06-14 08:43:01,556 INFO  storage.RaftLogWorker (RaftLogWorker.java:execute(433)) - 374189d0-76c5-49d2-81b4-45a4af1368a2-RaftLogWorker: Rolled log segment from /opt/src/hadoop-ozone/integration-test/target/test-dir/MiniOzoneClusterImpl-1994f8b8-dd4d-445c-bf25-0c6d40f9b14d/datanode-0/data/ratis/99d0acb8-99ce-4814-8259-30b6692cd68c/current/log_inprogress_3017 to /opt/src/hadoop-ozone/integration-test/target/test-dir/MiniOzoneClusterImpl-1994f8b8-dd4d-445c-bf25-0c6d40f9b14d/datanode-0/data/ratis/99d0acb8-99ce-4814-8259-30b6692cd68c/current/log_3017-3085
2019-06-14 08:43:01,559 INFO  client.GrpcClientProtocolClient (GrpcClientProtocolClient.java:onNext(254)) - client-2EC808601240->374189d0-76c5-49d2-81b4-45a4af1368a2: receive RaftClientReply:client-2EC808601240->374189d0-76c5-49d2-81b4-45a4af1368a2@group-30B6692CD68C, cid=1802, SUCCESS, logIndex=3085, commits[374189d0-76c5-49d2-81b4-45a4af1368a2:c3085]
2019-06-14 08:43:01,591 INFO  storage.RaftLogWorker (RaftLogWorker.java:execute(469)) - 374189d0-76c5-49d2-81b4-45a4af1368a2-RaftLogWorker: created new log segment /opt/src/hadoop-ozone/integration-test/target/test-dir/MiniOzoneClusterImpl-1994f8b8-dd4d-445c-bf25-0c6d40f9b14d/datanode-0/data/ratis/99d0acb8-99ce-4814-8259-30b6692cd68c/current/log_inprogress_3086
2019-06-14 08:43:01,593 INFO  client.GrpcClientProtocolClient (GrpcClientProtocolClient.java:onNext(254)) - client-2EC808601240->374189d0-76c5-49d2-81b4-45a4af1368a2: receive RaftClientReply:client-2EC808601240->374189d0-76c5-49d2-81b4-45a4af1368a2@group-30B6692CD68C, cid=1803, SUCCESS, logIndex=3086, commits[374189d0-76c5-49d2-81b4-45a4af1368a2:c3088]
2019-06-14 08:43:01,593 INFO  client.GrpcClientProtocolClient (GrpcClientProtocolClient.java:onNext(254)) - client-2EC808601240->374189d0-76c5-49d2-81b4-45a4af1368a2: receive RaftClientReply:client-2EC808601240->374189d0-76c5-49d2-81b4-45a4af1368a2@group-30B6692CD68C, cid=1804, SUCCESS, logIndex=3088, commits[374189d0-76c5-49d2-81b4-45a4af1368a2:c3089]
2019-06-14 08:43:01,598 INFO  client.GrpcClientProtocolClient (GrpcClientProtocolClient.java:onNext(254)) - client-2EC808601240->374189d0-76c5-49d2-81b4-45a4af1368a2: receive RaftClientReply:client-2EC808601240->374189d0-76c5-49d2-81b4-45a4af1368a2@group-30B6692CD68C, cid=1805, SUCCESS, logIndex=3090, commits[374189d0-76c5-49d2-81b4-45a4af1368a2:c3090]
2019-06-14 08:43:01,600 INFO  client.GrpcClientProtocolClient (GrpcClientProtocolClient.java:onNext(254)) - client-2EC808601240->374189d0-76c5-49d2-81b4-45a4af1368a2: receive RaftClientReply:client-2EC808601240->374189d0-76c5-49d2-81b4-45a4af1368a2@group-30B6692CD68C, cid=1806, SUCCESS, logIndex=3092, commits[374189d0-76c5-49d2-81b4-45a4af1368a2:c3092]
2019-06-14 08:43:01,601 INFO  client.GrpcClientProtocolClient (GrpcClientProtocolClient.java:onNext(254)) - client-2EC808601240->374189d0-76c5-49d2-81b4-45a4af1368a2: receive RaftClientReply:client-2EC808601240->374189d0-76c5-49d2-81b4-45a4af1368a2@group-30B6692CD68C, cid=1807, SUCCESS, logIndex=3093, commits[374189d0-76c5-49d2-81b4-45a4af1368a2:c3095]
2019-06-14 08:43:01,601 INFO  client.GrpcClientProtocolClient (GrpcClientProtocolClient.java:onNext(254)) - client-2EC808601240->374189d0-76c5-49d2-81b4-45a4af1368a2: receive RaftClientReply:client-2EC808601240->374189d0-76c5-49d2-81b4-45a4af1368a2@group-30B6692CD68C, cid=1808, SUCCESS, logIndex=3095, commits[374189d0-76c5-49d2-81b4-45a4af1368a2:c3095]
2019-06-14 08:43:01,610 INFO  client.GrpcClientProtocolClient (GrpcClientProtocolClient.java:onNext(254)) - client-2EC808601240->374189d0-76c5-49d2-81b4-45a4af1368a2: receive RaftClientReply:client-2EC808601240->374189d0-76c5-49d2-81b4-45a4af1368a2@group-30B6692CD68C, cid=1809, SUCCESS, logIndex=3097, commits[374189d0-76c5-49d2-81b4-45a4af1368a2:c3097]
2019-06-14 08:43:01,611 DEBUG block.SCMBlockDeletingService (SCMBlockDeletingService.java:call(138)) - Running DeletedBlockTransactionScanner
2019-06-14 08:43:01,611 INFO  client.GrpcClientProtocolClient (GrpcClientProtocolClient.java:onNext(254)) - client-2EC808601240->374189d0-76c5-49d2-81b4-45a4af1368a2: receive RaftClientReply:client-2EC808601240->374189d0-76c5-49d2-81b4-45a4af1368a2@group-30B6692CD68C, cid=1810, SUCCESS, logIndex=3099, commits[374189d0-76c5-49d2-81b4-45a4af1368a2:c3099]
2019-06-14 08:43:01,612 DEBUG block.SCMBlockDeletingService (SCMBlockDeletingService.java:call(155)) - Scanned deleted blocks log and got 0 delTX to process.
2019-06-14 08:43:01,612 INFO  client.GrpcClientProtocolClient (GrpcClientProtocolClient.java:onNext(254)) - client-2EC808601240->374189d0-76c5-49d2-81b4-45a4af1368a2: receive RaftClientReply:client-2EC808601240->374189d0-76c5-49d2-81b4-45a4af1368a2@group-30B6692CD68C, cid=1811, SUCCESS, logIndex=3100, commits[374189d0-76c5-49d2-81b4-45a4af1368a2:c3102]
2019-06-14 08:43:01,613 INFO  client.GrpcClientProtocolClient (GrpcClientProtocolClient.java:onNext(254)) - client-2EC808601240->374189d0-76c5-49d2-81b4-45a4af1368a2: receive RaftClientReply:client-2EC808601240->374189d0-76c5-49d2-81b4-45a4af1368a2@group-30B6692CD68C, cid=1812, SUCCESS, logIndex=3101, commits[374189d0-76c5-49d2-81b4-45a4af1368a2:c3102]
2019-06-14 08:43:01,685 INFO  client.GrpcClientProtocolClient (GrpcClientProtocolClient.java:onNext(254)) - client-2EC808601240->374189d0-76c5-49d2-81b4-45a4af1368a2: receive RaftClientReply:client-2EC808601240->374189d0-76c5-49d2-81b4-45a4af1368a2@group-30B6692CD68C, cid=1813, SUCCESS, logIndex=3103, commits[374189d0-76c5-49d2-81b4-45a4af1368a2:c3103]
2019-06-14 08:43:01,686 INFO  client.GrpcClientProtocolClient (GrpcClientProtocolClient.java:onNext(254)) - client-2EC808601240->374189d0-76c5-49d2-81b4-45a4af1368a2: receive RaftClientReply:client-2EC808601240->374189d0-76c5-49d2-81b4-45a4af1368a2@group-30B6692CD68C, cid=1814, SUCCESS, logIndex=3105, commits[374189d0-76c5-49d2-81b4-45a4af1368a2:c3105]
2019-06-14 08:43:01,687 INFO  client.GrpcClientProtocolClient (GrpcClientProtocolClient.java:onNext(254)) - client-2EC808601240->374189d0-76c5-49d2-81b4-45a4af1368a2: receive RaftClientReply:client-2EC808601240->374189d0-76c5-49d2-81b4-45a4af1368a2@group-30B6692CD68C, cid=1815, SUCCESS, logIndex=3106, commits[374189d0-76c5-49d2-81b4-45a4af1368a2:c3108]
2019-06-14 08:43:01,687 INFO  client.GrpcClientProtocolClient (GrpcClientProtocolClient.java:onNext(254)) - client-2EC808601240->374189d0-76c5-49d2-81b4-45a4af1368a2: receive RaftClientReply:client-2EC808601240->374189d0-76c5-49d2-81b4-45a4af1368a2@group-30B6692CD68C, cid=1816, SUCCESS, logIndex=3107, commits[374189d0-76c5-49d2-81b4-45a4af1368a2:c3108]
2019-06-14 08:43:01,696 INFO  client.GrpcClientProtocolClient (GrpcClientProtocolClient.java:onNext(254)) - client-2EC808601240->374189d0-76c5-49d2-81b4-45a4af1368a2: receive RaftClientReply:client-2EC808601240->374189d0-76c5-49d2-81b4-45a4af1368a2@group-30B6692CD68C, cid=1817, SUCCESS, logIndex=3109, commits[374189d0-76c5-49d2-81b4-45a4af1368a2:c3109]
2019-06-14 08:43:01,698 INFO  client.GrpcClientProtocolClient (GrpcClientProtocolClient.java:onNext(254)) - client-2EC808601240->374189d0-76c5-49d2-81b4-45a4af1368a2: receive RaftClientReply:client-2EC808601240->374189d0-76c5-49d2-81b4-45a4af1368a2@group-30B6692CD68C, cid=1818, SUCCESS, logIndex=3111, commits[374189d0-76c5-49d2-81b4-45a4af1368a2:c3111]
2019-06-14 08:43:01,698 INFO  client.GrpcClientProtocolClient (GrpcClientProtocolClient.java:onNext(254)) - client-2EC808601240->374189d0-76c5-49d2-81b4-45a4af1368a2: receive RaftClientReply:client-2EC808601240->374189d0-76c5-49d2-81b4-45a4af1368a2@group-30B6692CD68C, cid=1819, SUCCESS, logIndex=3112, commits[374189d0-76c5-49d2-81b4-45a4af1368a2:c3113]
2019-06-14 08:43:01,699 INFO  client.GrpcClientProtocolClient (GrpcClientProtocolClient.java:onNext(254)) - client-2EC808601240->374189d0-76c5-49d2-81b4-45a4af1368a2: receive RaftClientReply:client-2EC808601240->374189d0-76c5-49d2-81b4-45a4af1368a2@group-30B6692CD68C, cid=1820, SUCCESS, logIndex=3113, commits[374189d0-76c5-49d2-81b4-45a4af1368a2:c3113]
2019-06-14 08:43:01,704 INFO  client.GrpcClientProtocolClient (GrpcClientProtocolClient.java:onNext(254)) - client-2EC808601240->374189d0-76c5-49d2-81b4-45a4af1368a2: receive RaftClientReply:client-2EC808601240->374189d0-76c5-49d2-81b4-45a4af1368a2@group-30B6692CD68C, cid=1821, SUCCESS, logIndex=3116, commits[374189d0-76c5-49d2-81b4-45a4af1368a2:c3116]
2019-06-14 08:43:01,705 INFO  client.GrpcClientProtocolClient (GrpcClientProtocolClient.java:onNext(254)) - client-2EC808601240->374189d0-76c5-49d2-81b4-45a4af1368a2: receive RaftClientReply:client-2EC808601240->374189d0-76c5-49d2-81b4-45a4af1368a2@group-30B6692CD68C, cid=1822, SUCCESS, logIndex=3118, commits[374189d0-76c5-49d2-81b4-45a4af1368a2:c3118]
2019-06-14 08:43:01,706 INFO  client.GrpcClientProtocolClient (GrpcClientProtocolClient.java:onNext(254)) - client-2EC808601240->374189d0-76c5-49d2-81b4-45a4af1368a2: receive RaftClientReply:client-2EC808601240->374189d0-76c5-49d2-81b4-45a4af1368a2@group-30B6692CD68C, cid=1823, SUCCESS, logIndex=3119, commits[374189d0-76c5-49d2-81b4-45a4af1368a2:c3121]
2019-06-14 08:43:01,706 INFO  client.GrpcClientProtocolClient (GrpcClientProtocolClient.java:onNext(254)) - client-2EC808601240->374189d0-76c5-49d2-81b4-45a4af1368a2: receive RaftClientReply:client-2EC808601240->374189d0-76c5-49d2-81b4-45a4af1368a2@group-30B6692CD68C, cid=1824, SUCCESS, logIndex=3120, commits[374189d0-76c5-49d2-81b4-45a4af1368a2:c3121]
2019-06-14 08:43:01,712 DEBUG block.SCMBlockDeletingService (SCMBlockDeletingService.java:call(138)) - Running DeletedBlockTransactionScanner
2019-06-14 08:43:01,712 DEBUG block.SCMBlockDeletingService (SCMBlockDeletingService.java:call(155)) - Scanned deleted blocks log and got 0 delTX to process.
2019-06-14 08:43:01,715 INFO  client.GrpcClientProtocolClient (GrpcClientProtocolClient.java:onNext(254)) - client-2EC808601240->374189d0-76c5-49d2-81b4-45a4af1368a2: receive RaftClientReply:client-2EC808601240->374189d0-76c5-49d2-81b4-45a4af1368a2@group-30B6692CD68C, cid=1825, SUCCESS, logIndex=3122, commits[374189d0-76c5-49d2-81b4-45a4af1368a2:c3122]
2019-06-14 08:43:01,717 INFO  client.GrpcClientProtocolClient (GrpcClientProtocolClient.java:onNext(254)) - client-2EC808601240->374189d0-76c5-49d2-81b4-45a4af1368a2: receive RaftClientReply:client-2EC808601240->374189d0-76c5-49d2-81b4-45a4af1368a2@group-30B6692CD68C, cid=1826, SUCCESS, logIndex=3124, commits[374189d0-76c5-49d2-81b4-45a4af1368a2:c3124]
2019-06-14 08:43:01,717 INFO  client.GrpcClientProtocolClient (GrpcClientProtocolClient.java:onNext(254)) - client-2EC808601240->374189d0-76c5-49d2-81b4-45a4af1368a2: receive RaftClientReply:client-2EC808601240->374189d0-76c5-49d2-81b4-45a4af1368a2@group-30B6692CD68C, cid=1827, SUCCESS, logIndex=3125, commits[374189d0-76c5-49d2-81b4-45a4af1368a2:c3127]
2019-06-14 08:43:01,718 INFO  client.GrpcClientProtocolClient (GrpcClientProtocolClient.java:onNext(254)) - client-2EC808601240->374189d0-76c5-49d2-81b4-45a4af1368a2: receive RaftClientReply:client-2EC808601240->374189d0-76c5-49d2-81b4-45a4af1368a2@group-30B6692CD68C, cid=1828, SUCCESS, logIndex=3126, commits[374189d0-76c5-49d2-81b4-45a4af1368a2:c3127]
2019-06-14 08:43:01,723 INFO  client.GrpcClientProtocolClient (GrpcClientProtocolClient.java:onNext(254)) - client-2EC808601240->374189d0-76c5-49d2-81b4-45a4af1368a2: receive RaftClientReply:client-2EC808601240->374189d0-76c5-49d2-81b4-45a4af1368a2@group-30B6692CD68C, cid=1829, SUCCESS, logIndex=3128, commits[374189d0-76c5-49d2-81b4-45a4af1368a2:c3128]
2019-06-14 08:43:01,724 INFO  client.GrpcClientProtocolClient (GrpcClientProtocolClient.java:onNext(254)) - client-2EC808601240->374189d0-76c5-49d2-81b4-45a4af1368a2: receive RaftClientReply:client-2EC808601240->374189d0-76c5-49d2-81b4-45a4af1368a2@group-30B6692CD68C, cid=1830, SUCCESS, logIndex=3130, commits[374189d0-76c5-49d2-81b4-45a4af1368a2:c3130]
2019-06-14 08:43:01,725 INFO  client.GrpcClientProtocolClient (GrpcClientProtocolClient.java:onNext(254)) - client-2EC808601240->374189d0-76c5-49d2-81b4-45a4af1368a2: receive RaftClientReply:client-2EC808601240->374189d0-76c5-49d2-81b4-45a4af1368a2@group-30B6692CD68C, cid=1831, SUCCESS, logIndex=3131, commits[374189d0-76c5-49d2-81b4-45a4af1368a2:c3133]
2019-06-14 08:43:01,725 INFO  client.GrpcClientProtocolClient (GrpcClientProtocolClient.java:onNext(254)) - client-2EC808601240->374189d0-76c5-49d2-81b4-45a4af1368a2: receive RaftClientReply:client-2EC808601240->374189d0-76c5-49d2-81b4-45a4af1368a2@group-30B6692CD68C, cid=1832, SUCCESS, logIndex=3132, commits[374189d0-76c5-49d2-81b4-45a4af1368a2:c3133]
2019-06-14 08:43:01,734 INFO  client.GrpcClientProtocolClient (GrpcClientProtocolClient.java:onNext(254)) - client-2EC808601240->374189d0-76c5-49d2-81b4-45a4af1368a2: receive RaftClientReply:client-2EC808601240->374189d0-76c5-49d2-81b4-45a4af1368a2@group-30B6692CD68C, cid=1833, SUCCESS, logIndex=3134, commits[374189d0-76c5-49d2-81b4-45a4af1368a2:c3134]
2019-06-14 08:43:01,735 INFO  client.GrpcClientProtocolClient (GrpcClientProtocolClient.java:onNext(254)) - client-2EC808601240->374189d0-76c5-49d2-81b4-45a4af1368a2: receive RaftClientReply:client-2EC808601240->374189d0-76c5-49d2-81b4-45a4af1368a2@group-30B6692CD68C, cid=1834, SUCCESS, logIndex=3136, commits[374189d0-76c5-49d2-81b4-45a4af1368a2:c3136]
2019-06-14 08:43:01,738 INFO  client.GrpcClientProtocolClient (GrpcClientProtocolClient.java:onNext(254)) - client-2EC808601240->374189d0-76c5-49d2-81b4-45a4af1368a2: receive RaftClientReply:client-2EC808601240->374189d0-76c5-49d2-81b4-45a4af1368a2@group-30B6692CD68C, cid=1835, SUCCESS, logIndex=3138, commits[374189d0-76c5-49d2-81b4-45a4af1368a2:c3139]
2019-06-14 08:43:01,738 INFO  client.GrpcClientProtocolClient (GrpcClientProtocolClient.java:onNext(254)) - client-2EC808601240->374189d0-76c5-49d2-81b4-45a4af1368a2: receive RaftClientReply:client-2EC808601240->374189d0-76c5-49d2-81b4-45a4af1368a2@group-30B6692CD68C, cid=1836, SUCCESS, logIndex=3139, commits[374189d0-76c5-49d2-81b4-45a4af1368a2:c3139]
2019-06-14 08:43:01,743 INFO  client.GrpcClientProtocolClient (GrpcClientProtocolClient.java:onNext(254)) - client-2EC808601240->374189d0-76c5-49d2-81b4-45a4af1368a2: receive RaftClientReply:client-2EC808601240->374189d0-76c5-49d2-81b4-45a4af1368a2@group-30B6692CD68C, cid=1837, SUCCESS, logIndex=3141, commits[374189d0-76c5-49d2-81b4-45a4af1368a2:c3141]
2019-06-14 08:43:01,745 INFO  client.GrpcClientProtocolClient (GrpcClientProtocolClient.java:onNext(254)) - client-2EC808601240->374189d0-76c5-49d2-81b4-45a4af1368a2: receive RaftClientReply:client-2EC808601240->374189d0-76c5-49d2-81b4-45a4af1368a2@group-30B6692CD68C, cid=1838, SUCCESS, logIndex=3143, commits[374189d0-76c5-49d2-81b4-45a4af1368a2:c3143]
2019-06-14 08:43:01,747 INFO  client.GrpcClientProtocolClient (GrpcClientProtocolClient.java:onNext(254)) - client-2EC808601240->374189d0-76c5-49d2-81b4-45a4af1368a2: receive RaftClientReply:client-2EC808601240->374189d0-76c5-49d2-81b4-45a4af1368a2@group-30B6692CD68C, cid=1839, SUCCESS, logIndex=3145, commits[374189d0-76c5-49d2-81b4-45a4af1368a2:c3146]
2019-06-14 08:43:01,747 INFO  client.GrpcClientProtocolClient (GrpcClientProtocolClient.java:onNext(254)) - client-2EC808601240->374189d0-76c5-49d2-81b4-45a4af1368a2: receive RaftClientReply:client-2EC808601240->374189d0-76c5-49d2-81b4-45a4af1368a2@group-30B6692CD68C, cid=1840, SUCCESS, logIndex=3146, commits[374189d0-76c5-49d2-81b4-45a4af1368a2:c3146]
2019-06-14 08:43:01,798 INFO  client.GrpcClientProtocolClient (GrpcClientProtocolClient.java:onNext(254)) - client-2EC808601240->374189d0-76c5-49d2-81b4-45a4af1368a2: receive RaftClientReply:client-2EC808601240->374189d0-76c5-49d2-81b4-45a4af1368a2@group-30B6692CD68C, cid=1841, SUCCESS, logIndex=3148, commits[374189d0-76c5-49d2-81b4-45a4af1368a2:c3148]
2019-06-14 08:43:01,800 INFO  client.GrpcClientProtocolClient (GrpcClientProtocolClient.java:onNext(254)) - client-2EC808601240->374189d0-76c5-49d2-81b4-45a4af1368a2: receive RaftClientReply:client-2EC808601240->374189d0-76c5-49d2-81b4-45a4af1368a2@group-30B6692CD68C, cid=1842, SUCCESS, logIndex=3150, commits[374189d0-76c5-49d2-81b4-45a4af1368a2:c3150]
2019-06-14 08:43:01,800 INFO  client.GrpcClientProtocolClient (GrpcClientProtocolClient.java:onNext(254)) - client-2EC808601240->374189d0-76c5-49d2-81b4-45a4af1368a2: receive RaftClientReply:client-2EC808601240->374189d0-76c5-49d2-81b4-45a4af1368a2@group-30B6692CD68C, cid=1843, SUCCESS, logIndex=3151, commits[374189d0-76c5-49d2-81b4-45a4af1368a2:c3153]
2019-06-14 08:43:01,801 INFO  client.GrpcClientProtocolClient (GrpcClientProtocolClient.java:onNext(254)) - client-2EC808601240->374189d0-76c5-49d2-81b4-45a4af1368a2: receive RaftClientReply:client-2EC808601240->374189d0-76c5-49d2-81b4-45a4af1368a2@group-30B6692CD68C, cid=1844, SUCCESS, logIndex=3152, commits[374189d0-76c5-49d2-81b4-45a4af1368a2:c3153]
2019-06-14 08:43:01,806 INFO  client.GrpcClientProtocolClient (GrpcClientProtocolClient.java:onNext(254)) - client-2EC808601240->374189d0-76c5-49d2-81b4-45a4af1368a2: receive RaftClientReply:client-2EC808601240->374189d0-76c5-49d2-81b4-45a4af1368a2@group-30B6692CD68C, cid=1845, SUCCESS, logIndex=3154, commits[374189d0-76c5-49d2-81b4-45a4af1368a2:c3154]
2019-06-14 08:43:01,806 INFO  storage.RaftLogWorker (RaftLogWorker.java:rollLogSegment(303)) - 374189d0-76c5-49d2-81b4-45a4af1368a2-RaftLogWorker: Rolling segment log-3086_3155 to index:3155
2019-06-14 08:43:01,807 INFO  storage.RaftLogWorker (RaftLogWorker.java:execute(433)) - 374189d0-76c5-49d2-81b4-45a4af1368a2-RaftLogWorker: Rolled log segment from /opt/src/hadoop-ozone/integration-test/target/test-dir/MiniOzoneClusterImpl-1994f8b8-dd4d-445c-bf25-0c6d40f9b14d/datanode-0/data/ratis/99d0acb8-99ce-4814-8259-30b6692cd68c/current/log_inprogress_3086 to /opt/src/hadoop-ozone/integration-test/target/test-dir/MiniOzoneClusterImpl-1994f8b8-dd4d-445c-bf25-0c6d40f9b14d/datanode-0/data/ratis/99d0acb8-99ce-4814-8259-30b6692cd68c/current/log_3086-3155
2019-06-14 08:43:01,812 DEBUG block.SCMBlockDeletingService (SCMBlockDeletingService.java:call(138)) - Running DeletedBlockTransactionScanner
2019-06-14 08:43:01,812 DEBUG block.SCMBlockDeletingService (SCMBlockDeletingService.java:call(155)) - Scanned deleted blocks log and got 0 delTX to process.
2019-06-14 08:43:01,842 INFO  storage.RaftLogWorker (RaftLogWorker.java:execute(469)) - 374189d0-76c5-49d2-81b4-45a4af1368a2-RaftLogWorker: created new log segment /opt/src/hadoop-ozone/integration-test/target/test-dir/MiniOzoneClusterImpl-1994f8b8-dd4d-445c-bf25-0c6d40f9b14d/datanode-0/data/ratis/99d0acb8-99ce-4814-8259-30b6692cd68c/current/log_inprogress_3156
2019-06-14 08:43:01,844 INFO  client.GrpcClientProtocolClient (GrpcClientProtocolClient.java:onNext(254)) - client-2EC808601240->374189d0-76c5-49d2-81b4-45a4af1368a2: receive RaftClientReply:client-2EC808601240->374189d0-76c5-49d2-81b4-45a4af1368a2@group-30B6692CD68C, cid=1846, SUCCESS, logIndex=3156, commits[374189d0-76c5-49d2-81b4-45a4af1368a2:c3158]
2019-06-14 08:43:01,844 INFO  client.GrpcClientProtocolClient (GrpcClientProtocolClient.java:onNext(254)) - client-2EC808601240->374189d0-76c5-49d2-81b4-45a4af1368a2: receive RaftClientReply:client-2EC808601240->374189d0-76c5-49d2-81b4-45a4af1368a2@group-30B6692CD68C, cid=1847, SUCCESS, logIndex=3157, commits[374189d0-76c5-49d2-81b4-45a4af1368a2:c3159]
2019-06-14 08:43:01,845 INFO  client.GrpcClientProtocolClient (GrpcClientProtocolClient.java:onNext(254)) - client-2EC808601240->374189d0-76c5-49d2-81b4-45a4af1368a2: receive RaftClientReply:client-2EC808601240->374189d0-76c5-49d2-81b4-45a4af1368a2@group-30B6692CD68C, cid=1848, SUCCESS, logIndex=3158, commits[374189d0-76c5-49d2-81b4-45a4af1368a2:c3159]
2019-06-14 08:43:01,853 INFO  client.GrpcClientProtocolClient (GrpcClientProtocolClient.java:onNext(254)) - client-2EC808601240->374189d0-76c5-49d2-81b4-45a4af1368a2: receive RaftClientReply:client-2EC808601240->374189d0-76c5-49d2-81b4-45a4af1368a2@group-30B6692CD68C, cid=1849, SUCCESS, logIndex=3160, commits[374189d0-76c5-49d2-81b4-45a4af1368a2:c3160]
2019-06-14 08:43:01,854 INFO  client.GrpcClientProtocolClient (GrpcClientProtocolClient.java:onNext(254)) - client-2EC808601240->374189d0-76c5-49d2-81b4-45a4af1368a2: receive RaftClientReply:client-2EC808601240->374189d0-76c5-49d2-81b4-45a4af1368a2@group-30B6692CD68C, cid=1850, SUCCESS, logIndex=3162, commits[374189d0-76c5-49d2-81b4-45a4af1368a2:c3162]
2019-06-14 08:43:01,856 INFO  client.GrpcClientProtocolClient (GrpcClientProtocolClient.java:onNext(254)) - client-2EC808601240->374189d0-76c5-49d2-81b4-45a4af1368a2: receive RaftClientReply:client-2EC808601240->374189d0-76c5-49d2-81b4-45a4af1368a2@group-30B6692CD68C, cid=1851, SUCCESS, logIndex=3163, commits[374189d0-76c5-49d2-81b4-45a4af1368a2:c3165]
2019-06-14 08:43:01,856 INFO  client.GrpcClientProtocolClient (GrpcClientProtocolClient.java:onNext(254)) - client-2EC808601240->374189d0-76c5-49d2-81b4-45a4af1368a2: receive RaftClientReply:client-2EC808601240->374189d0-76c5-49d2-81b4-45a4af1368a2@group-30B6692CD68C, cid=1852, SUCCESS, logIndex=3164, commits[374189d0-76c5-49d2-81b4-45a4af1368a2:c3165]
2019-06-14 08:43:01,861 INFO  client.GrpcClientProtocolClient (GrpcClientProtocolClient.java:onNext(254)) - client-2EC808601240->374189d0-76c5-49d2-81b4-45a4af1368a2: receive RaftClientReply:client-2EC808601240->374189d0-76c5-49d2-81b4-45a4af1368a2@group-30B6692CD68C, cid=1853, SUCCESS, logIndex=3166, commits[374189d0-76c5-49d2-81b4-45a4af1368a2:c3166]
2019-06-14 08:43:01,862 INFO  client.GrpcClientProtocolClient (GrpcClientProtocolClient.java:onNext(254)) - client-2EC808601240->374189d0-76c5-49d2-81b4-45a4af1368a2: receive RaftClientReply:client-2EC808601240->374189d0-76c5-49d2-81b4-45a4af1368a2@group-30B6692CD68C, cid=1854, SUCCESS, logIndex=3168, commits[374189d0-76c5-49d2-81b4-45a4af1368a2:c3168]
2019-06-14 08:43:01,863 INFO  client.GrpcClientProtocolClient (GrpcClientProtocolClient.java:onNext(254)) - client-2EC808601240->374189d0-76c5-49d2-81b4-45a4af1368a2: receive RaftClientReply:client-2EC808601240->374189d0-76c5-49d2-81b4-45a4af1368a2@group-30B6692CD68C, cid=1855, SUCCESS, logIndex=3169, commits[374189d0-76c5-49d2-81b4-45a4af1368a2:c3171]
2019-06-14 08:43:01,863 INFO  client.GrpcClientProtocolClient (GrpcClientProtocolClient.java:onNext(254)) - client-2EC808601240->374189d0-76c5-49d2-81b4-45a4af1368a2: receive RaftClientReply:client-2EC808601240->374189d0-76c5-49d2-81b4-45a4af1368a2@group-30B6692CD68C, cid=1856, SUCCESS, logIndex=3170, commits[374189d0-76c5-49d2-81b4-45a4af1368a2:c3171]
2019-06-14 08:43:01,913 DEBUG block.SCMBlockDeletingService (SCMBlockDeletingService.java:call(138)) - Running DeletedBlockTransactionScanner
2019-06-14 08:43:01,913 DEBUG block.SCMBlockDeletingService (SCMBlockDeletingService.java:call(155)) - Scanned deleted blocks log and got 0 delTX to process.
2019-06-14 08:43:01,940 INFO  client.GrpcClientProtocolClient (GrpcClientProtocolClient.java:onNext(254)) - client-2EC808601240->374189d0-76c5-49d2-81b4-45a4af1368a2: receive RaftClientReply:client-2EC808601240->374189d0-76c5-49d2-81b4-45a4af1368a2@group-30B6692CD68C, cid=1857, SUCCESS, logIndex=3172, commits[374189d0-76c5-49d2-81b4-45a4af1368a2:c3172]
2019-06-14 08:43:01,942 INFO  client.GrpcClientProtocolClient (GrpcClientProtocolClient.java:onNext(254)) - client-2EC808601240->374189d0-76c5-49d2-81b4-45a4af1368a2: receive RaftClientReply:client-2EC808601240->374189d0-76c5-49d2-81b4-45a4af1368a2@group-30B6692CD68C, cid=1858, SUCCESS, logIndex=3174, commits[374189d0-76c5-49d2-81b4-45a4af1368a2:c3174]
2019-06-14 08:43:01,943 INFO  client.GrpcClientProtocolClient (GrpcClientProtocolClient.java:onNext(254)) - client-2EC808601240->374189d0-76c5-49d2-81b4-45a4af1368a2: receive RaftClientReply:client-2EC808601240->374189d0-76c5-49d2-81b4-45a4af1368a2@group-30B6692CD68C, cid=1859, SUCCESS, logIndex=3175, commits[374189d0-76c5-49d2-81b4-45a4af1368a2:c3177]
2019-06-14 08:43:01,943 INFO  client.GrpcClientProtocolClient (GrpcClientProtocolClient.java:onNext(254)) - client-2EC808601240->374189d0-76c5-49d2-81b4-45a4af1368a2: receive RaftClientReply:client-2EC808601240->374189d0-76c5-49d2-81b4-45a4af1368a2@group-30B6692CD68C, cid=1860, SUCCESS, logIndex=3176, commits[374189d0-76c5-49d2-81b4-45a4af1368a2:c3177]
2019-06-14 08:43:01,948 INFO  client.GrpcClientProtocolClient (GrpcClientProtocolClient.java:onNext(254)) - client-2EC808601240->374189d0-76c5-49d2-81b4-45a4af1368a2: receive RaftClientReply:client-2EC808601240->374189d0-76c5-49d2-81b4-45a4af1368a2@group-30B6692CD68C, cid=1861, SUCCESS, logIndex=3178, commits[374189d0-76c5-49d2-81b4-45a4af1368a2:c3178]
2019-06-14 08:43:01,949 INFO  client.GrpcClientProtocolClient (GrpcClientProtocolClient.java:onNext(254)) - client-2EC808601240->374189d0-76c5-49d2-81b4-45a4af1368a2: receive RaftClientReply:client-2EC808601240->374189d0-76c5-49d2-81b4-45a4af1368a2@group-30B6692CD68C, cid=1862, SUCCESS, logIndex=3180, commits[374189d0-76c5-49d2-81b4-45a4af1368a2:c3180]
2019-06-14 08:43:01,952 INFO  client.GrpcClientProtocolClient (GrpcClientProtocolClient.java:onNext(254)) - client-2EC808601240->374189d0-76c5-49d2-81b4-45a4af1368a2: receive RaftClientReply:client-2EC808601240->374189d0-76c5-49d2-81b4-45a4af1368a2@group-30B6692CD68C, cid=1863, SUCCESS, logIndex=3182, commits[374189d0-76c5-49d2-81b4-45a4af1368a2:c3182]
2019-06-14 08:43:01,953 INFO  client.GrpcClientProtocolClient (GrpcClientProtocolClient.java:onNext(254)) - client-2EC808601240->374189d0-76c5-49d2-81b4-45a4af1368a2: receive RaftClientReply:client-2EC808601240->374189d0-76c5-49d2-81b4-45a4af1368a2@group-30B6692CD68C, cid=1864, SUCCESS, logIndex=3184, commits[374189d0-76c5-49d2-81b4-45a4af1368a2:c3184]
2019-06-14 08:43:01,963 INFO  client.GrpcClientProtocolClient (GrpcClientProtocolClient.java:onNext(254)) - client-2EC808601240->374189d0-76c5-49d2-81b4-45a4af1368a2: receive RaftClientReply:client-2EC808601240->374189d0-76c5-49d2-81b4-45a4af1368a2@group-30B6692CD68C, cid=1865, SUCCESS, logIndex=3186, commits[374189d0-76c5-49d2-81b4-45a4af1368a2:c3186]
2019-06-14 08:43:01,965 INFO  client.GrpcClientProtocolClient (GrpcClientProtocolClient.java:onNext(254)) - client-2EC808601240->374189d0-76c5-49d2-81b4-45a4af1368a2: receive RaftClientReply:client-2EC808601240->374189d0-76c5-49d2-81b4-45a4af1368a2@group-30B6692CD68C, cid=1866, SUCCESS, logIndex=3188, commits[374189d0-76c5-49d2-81b4-45a4af1368a2:c3188]
2019-06-14 08:43:01,966 INFO  client.GrpcClientProtocolClient (GrpcClientProtocolClient.java:onNext(254)) - client-2EC808601240->374189d0-76c5-49d2-81b4-45a4af1368a2: receive RaftClientReply:client-2EC808601240->374189d0-76c5-49d2-81b4-45a4af1368a2@group-30B6692CD68C, cid=1867, SUCCESS, logIndex=3189, commits[374189d0-76c5-49d2-81b4-45a4af1368a2:c3191]
2019-06-14 08:43:01,966 INFO  client.GrpcClientProtocolClient (GrpcClientProtocolClient.java:onNext(254)) - client-2EC808601240->374189d0-76c5-49d2-81b4-45a4af1368a2: receive RaftClientReply:client-2EC808601240->374189d0-76c5-49d2-81b4-45a4af1368a2@group-30B6692CD68C, cid=1868, SUCCESS, logIndex=3190, commits[374189d0-76c5-49d2-81b4-45a4af1368a2:c3191]
2019-06-14 08:43:01,971 INFO  client.GrpcClientProtocolClient (GrpcClientProtocolClient.java:onNext(254)) - client-2EC808601240->374189d0-76c5-49d2-81b4-45a4af1368a2: receive RaftClientReply:client-2EC808601240->374189d0-76c5-49d2-81b4-45a4af1368a2@group-30B6692CD68C, cid=1869, SUCCESS, logIndex=3192, commits[374189d0-76c5-49d2-81b4-45a4af1368a2:c3192]
2019-06-14 08:43:01,973 INFO  client.GrpcClientProtocolClient (GrpcClientProtocolClient.java:onNext(254)) - client-2EC808601240->374189d0-76c5-49d2-81b4-45a4af1368a2: receive RaftClientReply:client-2EC808601240->374189d0-76c5-49d2-81b4-45a4af1368a2@group-30B6692CD68C, cid=1870, SUCCESS, logIndex=3194, commits[374189d0-76c5-49d2-81b4-45a4af1368a2:c3194]
2019-06-14 08:43:01,974 INFO  client.GrpcClientProtocolClient (GrpcClientProtocolClient.java:onNext(254)) - client-2EC808601240->374189d0-76c5-49d2-81b4-45a4af1368a2: receive RaftClientReply:client-2EC808601240->374189d0-76c5-49d2-81b4-45a4af1368a2@group-30B6692CD68C, cid=1871, SUCCESS, logIndex=3195, commits[374189d0-76c5-49d2-81b4-45a4af1368a2:c3197]
2019-06-14 08:43:01,974 INFO  client.GrpcClientProtocolClient (GrpcClientProtocolClient.java:onNext(254)) - client-2EC808601240->374189d0-76c5-49d2-81b4-45a4af1368a2: receive RaftClientReply:client-2EC808601240->374189d0-76c5-49d2-81b4-45a4af1368a2@group-30B6692CD68C, cid=1872, SUCCESS, logIndex=3196, commits[374189d0-76c5-49d2-81b4-45a4af1368a2:c3197]
2019-06-14 08:43:01,983 INFO  client.GrpcClientProtocolClient (GrpcClientProtocolClient.java:onNext(254)) - client-2EC808601240->374189d0-76c5-49d2-81b4-45a4af1368a2: receive RaftClientReply:client-2EC808601240->374189d0-76c5-49d2-81b4-45a4af1368a2@group-30B6692CD68C, cid=1873, SUCCESS, logIndex=3198, commits[374189d0-76c5-49d2-81b4-45a4af1368a2:c3198]
2019-06-14 08:43:01,984 INFO  client.GrpcClientProtocolClient (GrpcClientProtocolClient.java:onNext(254)) - client-2EC808601240->374189d0-76c5-49d2-81b4-45a4af1368a2: receive RaftClientReply:client-2EC808601240->374189d0-76c5-49d2-81b4-45a4af1368a2@group-30B6692CD68C, cid=1874, SUCCESS, logIndex=3200, commits[374189d0-76c5-49d2-81b4-45a4af1368a2:c3200]
2019-06-14 08:43:01,985 INFO  client.GrpcClientProtocolClient (GrpcClientProtocolClient.java:onNext(254)) - client-2EC808601240->374189d0-76c5-49d2-81b4-45a4af1368a2: receive RaftClientReply:client-2EC808601240->374189d0-76c5-49d2-81b4-45a4af1368a2@group-30B6692CD68C, cid=1875, SUCCESS, logIndex=3201, commits[374189d0-76c5-49d2-81b4-45a4af1368a2:c3203]
2019-06-14 08:43:01,986 INFO  client.GrpcClientProtocolClient (GrpcClientProtocolClient.java:onNext(254)) - client-2EC808601240->374189d0-76c5-49d2-81b4-45a4af1368a2: receive RaftClientReply:client-2EC808601240->374189d0-76c5-49d2-81b4-45a4af1368a2@group-30B6692CD68C, cid=1876, SUCCESS, logIndex=3202, commits[374189d0-76c5-49d2-81b4-45a4af1368a2:c3203]
2019-06-14 08:43:01,991 INFO  client.GrpcClientProtocolClient (GrpcClientProtocolClient.java:onNext(254)) - client-2EC808601240->374189d0-76c5-49d2-81b4-45a4af1368a2: receive RaftClientReply:client-2EC808601240->374189d0-76c5-49d2-81b4-45a4af1368a2@group-30B6692CD68C, cid=1877, SUCCESS, logIndex=3204, commits[374189d0-76c5-49d2-81b4-45a4af1368a2:c3204]
2019-06-14 08:43:01,993 INFO  client.GrpcClientProtocolClient (GrpcClientProtocolClient.java:onNext(254)) - client-2EC808601240->374189d0-76c5-49d2-81b4-45a4af1368a2: receive RaftClientReply:client-2EC808601240->374189d0-76c5-49d2-81b4-45a4af1368a2@group-30B6692CD68C, cid=1878, SUCCESS, logIndex=3206, commits[374189d0-76c5-49d2-81b4-45a4af1368a2:c3206]
2019-06-14 08:43:01,994 INFO  client.GrpcClientProtocolClient (GrpcClientProtocolClient.java:onNext(254)) - client-2EC808601240->374189d0-76c5-49d2-81b4-45a4af1368a2: receive RaftClientReply:client-2EC808601240->374189d0-76c5-49d2-81b4-45a4af1368a2@group-30B6692CD68C, cid=1879, SUCCESS, logIndex=3207, commits[374189d0-76c5-49d2-81b4-45a4af1368a2:c3208]
2019-06-14 08:43:01,994 INFO  client.GrpcClientProtocolClient (GrpcClientProtocolClient.java:onNext(254)) - client-2EC808601240->374189d0-76c5-49d2-81b4-45a4af1368a2: receive RaftClientReply:client-2EC808601240->374189d0-76c5-49d2-81b4-45a4af1368a2@group-30B6692CD68C, cid=1880, SUCCESS, logIndex=3208, commits[374189d0-76c5-49d2-81b4-45a4af1368a2:c3208]
2019-06-14 08:43:02,004 INFO  client.GrpcClientProtocolClient (GrpcClientProtocolClient.java:onNext(254)) - client-2EC808601240->374189d0-76c5-49d2-81b4-45a4af1368a2: receive RaftClientReply:client-2EC808601240->374189d0-76c5-49d2-81b4-45a4af1368a2@group-30B6692CD68C, cid=1881, SUCCESS, logIndex=3211, commits[374189d0-76c5-49d2-81b4-45a4af1368a2:c3211]
2019-06-14 08:43:02,005 INFO  client.GrpcClientProtocolClient (GrpcClientProtocolClient.java:onNext(254)) - client-2EC808601240->374189d0-76c5-49d2-81b4-45a4af1368a2: receive RaftClientReply:client-2EC808601240->374189d0-76c5-49d2-81b4-45a4af1368a2@group-30B6692CD68C, cid=1882, SUCCESS, logIndex=3213, commits[374189d0-76c5-49d2-81b4-45a4af1368a2:c3213]
2019-06-14 08:43:02,006 INFO  client.GrpcClientProtocolClient (GrpcClientProtocolClient.java:onNext(254)) - client-2EC808601240->374189d0-76c5-49d2-81b4-45a4af1368a2: receive RaftClientReply:client-2EC808601240->374189d0-76c5-49d2-81b4-45a4af1368a2@group-30B6692CD68C, cid=1883, SUCCESS, logIndex=3214, commits[374189d0-76c5-49d2-81b4-45a4af1368a2:c3216]
2019-06-14 08:43:02,006 INFO  client.GrpcClientProtocolClient (GrpcClientProtocolClient.java:onNext(254)) - client-2EC808601240->374189d0-76c5-49d2-81b4-45a4af1368a2: receive RaftClientReply:client-2EC808601240->374189d0-76c5-49d2-81b4-45a4af1368a2@group-30B6692CD68C, cid=1884, SUCCESS, logIndex=3215, commits[374189d0-76c5-49d2-81b4-45a4af1368a2:c3216]
2019-06-14 08:43:02,011 INFO  client.GrpcClientProtocolClient (GrpcClientProtocolClient.java:onNext(254)) - client-2EC808601240->374189d0-76c5-49d2-81b4-45a4af1368a2: receive RaftClientReply:client-2EC808601240->374189d0-76c5-49d2-81b4-45a4af1368a2@group-30B6692CD68C, cid=1885, SUCCESS, logIndex=3217, commits[374189d0-76c5-49d2-81b4-45a4af1368a2:c3217]
2019-06-14 08:43:02,012 INFO  client.GrpcClientProtocolClient (GrpcClientProtocolClient.java:onNext(254)) - client-2EC808601240->374189d0-76c5-49d2-81b4-45a4af1368a2: receive RaftClientReply:client-2EC808601240->374189d0-76c5-49d2-81b4-45a4af1368a2@group-30B6692CD68C, cid=1886, SUCCESS, logIndex=3219, commits[374189d0-76c5-49d2-81b4-45a4af1368a2:c3219]
2019-06-14 08:43:02,013 DEBUG block.SCMBlockDeletingService (SCMBlockDeletingService.java:call(138)) - Running DeletedBlockTransactionScanner
2019-06-14 08:43:02,013 DEBUG block.SCMBlockDeletingService (SCMBlockDeletingService.java:call(155)) - Scanned deleted blocks log and got 0 delTX to process.
2019-06-14 08:43:02,014 INFO  client.GrpcClientProtocolClient (GrpcClientProtocolClient.java:onNext(254)) - client-2EC808601240->374189d0-76c5-49d2-81b4-45a4af1368a2: receive RaftClientReply:client-2EC808601240->374189d0-76c5-49d2-81b4-45a4af1368a2@group-30B6692CD68C, cid=1887, SUCCESS, logIndex=3220, commits[374189d0-76c5-49d2-81b4-45a4af1368a2:c3222]
2019-06-14 08:43:02,014 INFO  client.GrpcClientProtocolClient (GrpcClientProtocolClient.java:onNext(254)) - client-2EC808601240->374189d0-76c5-49d2-81b4-45a4af1368a2: receive RaftClientReply:client-2EC808601240->374189d0-76c5-49d2-81b4-45a4af1368a2@group-30B6692CD68C, cid=1888, SUCCESS, logIndex=3221, commits[374189d0-76c5-49d2-81b4-45a4af1368a2:c3222]
2019-06-14 08:43:02,021 INFO  storage.RaftLogWorker (RaftLogWorker.java:rollLogSegment(303)) - 374189d0-76c5-49d2-81b4-45a4af1368a2-RaftLogWorker: Rolling segment log-3156_3222 to index:3222
2019-06-14 08:43:02,021 INFO  storage.RaftLogWorker (RaftLogWorker.java:execute(433)) - 374189d0-76c5-49d2-81b4-45a4af1368a2-RaftLogWorker: Rolled log segment from /opt/src/hadoop-ozone/integration-test/target/test-dir/MiniOzoneClusterImpl-1994f8b8-dd4d-445c-bf25-0c6d40f9b14d/datanode-0/data/ratis/99d0acb8-99ce-4814-8259-30b6692cd68c/current/log_inprogress_3156 to /opt/src/hadoop-ozone/integration-test/target/test-dir/MiniOzoneClusterImpl-1994f8b8-dd4d-445c-bf25-0c6d40f9b14d/datanode-0/data/ratis/99d0acb8-99ce-4814-8259-30b6692cd68c/current/log_3156-3222
2019-06-14 08:43:02,057 INFO  storage.RaftLogWorker (RaftLogWorker.java:execute(469)) - 374189d0-76c5-49d2-81b4-45a4af1368a2-RaftLogWorker: created new log segment /opt/src/hadoop-ozone/integration-test/target/test-dir/MiniOzoneClusterImpl-1994f8b8-dd4d-445c-bf25-0c6d40f9b14d/datanode-0/data/ratis/99d0acb8-99ce-4814-8259-30b6692cd68c/current/log_inprogress_3223
2019-06-14 08:43:02,058 INFO  client.GrpcClientProtocolClient (GrpcClientProtocolClient.java:onNext(254)) - client-2EC808601240->374189d0-76c5-49d2-81b4-45a4af1368a2: receive RaftClientReply:client-2EC808601240->374189d0-76c5-49d2-81b4-45a4af1368a2@group-30B6692CD68C, cid=1889, SUCCESS, logIndex=3223, commits[374189d0-76c5-49d2-81b4-45a4af1368a2:c3223]
2019-06-14 08:43:02,059 INFO  client.GrpcClientProtocolClient (GrpcClientProtocolClient.java:onNext(254)) - client-2EC808601240->374189d0-76c5-49d2-81b4-45a4af1368a2: receive RaftClientReply:client-2EC808601240->374189d0-76c5-49d2-81b4-45a4af1368a2@group-30B6692CD68C, cid=1890, SUCCESS, logIndex=3225, commits[374189d0-76c5-49d2-81b4-45a4af1368a2:c3225]
2019-06-14 08:43:02,061 INFO  client.GrpcClientProtocolClient (GrpcClientProtocolClient.java:onNext(254)) - client-2EC808601240->374189d0-76c5-49d2-81b4-45a4af1368a2: receive RaftClientReply:client-2EC808601240->374189d0-76c5-49d2-81b4-45a4af1368a2@group-30B6692CD68C, cid=1891, SUCCESS, logIndex=3226, commits[374189d0-76c5-49d2-81b4-45a4af1368a2:c3228]
2019-06-14 08:43:02,061 INFO  client.GrpcClientProtocolClient (GrpcClientProtocolClient.java:onNext(254)) - client-2EC808601240->374189d0-76c5-49d2-81b4-45a4af1368a2: receive RaftClientReply:client-2EC808601240->374189d0-76c5-49d2-81b4-45a4af1368a2@group-30B6692CD68C, cid=1892, SUCCESS, logIndex=3227, commits[374189d0-76c5-49d2-81b4-45a4af1368a2:c3228]
2019-06-14 08:43:02,066 INFO  client.GrpcClientProtocolClient (GrpcClientProtocolClient.java:onNext(254)) - client-2EC808601240->374189d0-76c5-49d2-81b4-45a4af1368a2: receive RaftClientReply:client-2EC808601240->374189d0-76c5-49d2-81b4-45a4af1368a2@group-30B6692CD68C, cid=1893, SUCCESS, logIndex=3229, commits[374189d0-76c5-49d2-81b4-45a4af1368a2:c3229]
2019-06-14 08:43:02,067 INFO  client.GrpcClientProtocolClient (GrpcClientProtocolClient.java:onNext(254)) - client-2EC808601240->374189d0-76c5-49d2-81b4-45a4af1368a2: receive RaftClientReply:client-2EC808601240->374189d0-76c5-49d2-81b4-45a4af1368a2@group-30B6692CD68C, cid=1894, SUCCESS, logIndex=3231, commits[374189d0-76c5-49d2-81b4-45a4af1368a2:c3231]
2019-06-14 08:43:02,069 INFO  client.GrpcClientProtocolClient (GrpcClientProtocolClient.java:onNext(254)) - client-2EC808601240->374189d0-76c5-49d2-81b4-45a4af1368a2: receive RaftClientReply:client-2EC808601240->374189d0-76c5-49d2-81b4-45a4af1368a2@group-30B6692CD68C, cid=1895, SUCCESS, logIndex=3232, commits[374189d0-76c5-49d2-81b4-45a4af1368a2:c3234]
2019-06-14 08:43:02,069 INFO  client.GrpcClientProtocolClient (GrpcClientProtocolClient.java:onNext(254)) - client-2EC808601240->374189d0-76c5-49d2-81b4-45a4af1368a2: receive RaftClientReply:client-2EC808601240->374189d0-76c5-49d2-81b4-45a4af1368a2@group-30B6692CD68C, cid=1896, SUCCESS, logIndex=3233, commits[374189d0-76c5-49d2-81b4-45a4af1368a2:c3234]
2019-06-14 08:43:02,079 INFO  client.GrpcClientProtocolClient (GrpcClientProtocolClient.java:onNext(254)) - client-2EC808601240->374189d0-76c5-49d2-81b4-45a4af1368a2: receive RaftClientReply:client-2EC808601240->374189d0-76c5-49d2-81b4-45a4af1368a2@group-30B6692CD68C, cid=1897, SUCCESS, logIndex=3235, commits[374189d0-76c5-49d2-81b4-45a4af1368a2:c3235]
2019-06-14 08:43:02,083 INFO  client.GrpcClientProtocolClient (GrpcClientProtocolClient.java:onNext(254)) - client-2EC808601240->374189d0-76c5-49d2-81b4-45a4af1368a2: receive RaftClientReply:client-2EC808601240->374189d0-76c5-49d2-81b4-45a4af1368a2@group-30B6692CD68C, cid=1898, SUCCESS, logIndex=3237, commits[374189d0-76c5-49d2-81b4-45a4af1368a2:c3237]
2019-06-14 08:43:02,083 INFO  client.GrpcClientProtocolClient (GrpcClientProtocolClient.java:onNext(254)) - client-2EC808601240->374189d0-76c5-49d2-81b4-45a4af1368a2: receive RaftClientReply:client-2EC808601240->374189d0-76c5-49d2-81b4-45a4af1368a2@group-30B6692CD68C, cid=1899, SUCCESS, logIndex=3238, commits[374189d0-76c5-49d2-81b4-45a4af1368a2:c3239]
2019-06-14 08:43:02,083 INFO  client.GrpcClientProtocolClient (GrpcClientProtocolClient.java:onNext(254)) - client-2EC808601240->374189d0-76c5-49d2-81b4-45a4af1368a2: receive RaftClientReply:client-2EC808601240->374189d0-76c5-49d2-81b4-45a4af1368a2@group-30B6692CD68C, cid=1900, SUCCESS, logIndex=3239, commits[374189d0-76c5-49d2-81b4-45a4af1368a2:c3239]
2019-06-14 08:43:02,113 DEBUG block.SCMBlockDeletingService (SCMBlockDeletingService.java:call(138)) - Running DeletedBlockTransactionScanner
2019-06-14 08:43:02,114 DEBUG block.SCMBlockDeletingService (SCMBlockDeletingService.java:call(155)) - Scanned deleted blocks log and got 0 delTX to process.
2019-06-14 08:43:02,161 INFO  client.GrpcClientProtocolClient (GrpcClientProtocolClient.java:onNext(254)) - client-2EC808601240->374189d0-76c5-49d2-81b4-45a4af1368a2: receive RaftClientReply:client-2EC808601240->374189d0-76c5-49d2-81b4-45a4af1368a2@group-30B6692CD68C, cid=1901, SUCCESS, logIndex=3242, commits[374189d0-76c5-49d2-81b4-45a4af1368a2:c3242]
2019-06-14 08:43:02,163 INFO  client.GrpcClientProtocolClient (GrpcClientProtocolClient.java:onNext(254)) - client-2EC808601240->374189d0-76c5-49d2-81b4-45a4af1368a2: receive RaftClientReply:client-2EC808601240->374189d0-76c5-49d2-81b4-45a4af1368a2@group-30B6692CD68C, cid=1902, SUCCESS, logIndex=3244, commits[374189d0-76c5-49d2-81b4-45a4af1368a2:c3244]
2019-06-14 08:43:02,164 INFO  client.GrpcClientProtocolClient (GrpcClientProtocolClient.java:onNext(254)) - client-2EC808601240->374189d0-76c5-49d2-81b4-45a4af1368a2: receive RaftClientReply:client-2EC808601240->374189d0-76c5-49d2-81b4-45a4af1368a2@group-30B6692CD68C, cid=1903, SUCCESS, logIndex=3245, commits[374189d0-76c5-49d2-81b4-45a4af1368a2:c3247]
2019-06-14 08:43:02,164 INFO  client.GrpcClientProtocolClient (GrpcClientProtocolClient.java:onNext(254)) - client-2EC808601240->374189d0-76c5-49d2-81b4-45a4af1368a2: receive RaftClientReply:client-2EC808601240->374189d0-76c5-49d2-81b4-45a4af1368a2@group-30B6692CD68C, cid=1904, SUCCESS, logIndex=3246, commits[374189d0-76c5-49d2-81b4-45a4af1368a2:c3247]
2019-06-14 08:43:02,173 INFO  client.GrpcClientProtocolClient (GrpcClientProtocolClient.java:onNext(254)) - client-2EC808601240->374189d0-76c5-49d2-81b4-45a4af1368a2: receive RaftClientReply:client-2EC808601240->374189d0-76c5-49d2-81b4-45a4af1368a2@group-30B6692CD68C, cid=1905, SUCCESS, logIndex=3248, commits[374189d0-76c5-49d2-81b4-45a4af1368a2:c3248]
2019-06-14 08:43:02,175 INFO  client.GrpcClientProtocolClient (GrpcClientProtocolClient.java:onNext(254)) - client-2EC808601240->374189d0-76c5-49d2-81b4-45a4af1368a2: receive RaftClientReply:client-2EC808601240->374189d0-76c5-49d2-81b4-45a4af1368a2@group-30B6692CD68C, cid=1906, SUCCESS, logIndex=3250, commits[374189d0-76c5-49d2-81b4-45a4af1368a2:c3250]
2019-06-14 08:43:02,177 INFO  client.GrpcClientProtocolClient (GrpcClientProtocolClient.java:onNext(254)) - client-2EC808601240->374189d0-76c5-49d2-81b4-45a4af1368a2: receive RaftClientReply:client-2EC808601240->374189d0-76c5-49d2-81b4-45a4af1368a2@group-30B6692CD68C, cid=1907, SUCCESS, logIndex=3252, commits[374189d0-76c5-49d2-81b4-45a4af1368a2:c3253]
2019-06-14 08:43:02,178 INFO  client.GrpcClientProtocolClient (GrpcClientProtocolClient.java:onNext(254)) - client-2EC808601240->374189d0-76c5-49d2-81b4-45a4af1368a2: receive RaftClientReply:client-2EC808601240->374189d0-76c5-49d2-81b4-45a4af1368a2@group-30B6692CD68C, cid=1908, SUCCESS, logIndex=3253, commits[374189d0-76c5-49d2-81b4-45a4af1368a2:c3253]
2019-06-14 08:43:02,183 INFO  client.GrpcClientProtocolClient (GrpcClientProtocolClient.java:onNext(254)) - client-2EC808601240->374189d0-76c5-49d2-81b4-45a4af1368a2: receive RaftClientReply:client-2EC808601240->374189d0-76c5-49d2-81b4-45a4af1368a2@group-30B6692CD68C, cid=1909, SUCCESS, logIndex=3255, commits[374189d0-76c5-49d2-81b4-45a4af1368a2:c3255]
2019-06-14 08:43:02,184 INFO  client.GrpcClientProtocolClient (GrpcClientProtocolClient.java:onNext(254)) - client-2EC808601240->374189d0-76c5-49d2-81b4-45a4af1368a2: receive RaftClientReply:client-2EC808601240->374189d0-76c5-49d2-81b4-45a4af1368a2@group-30B6692CD68C, cid=1910, SUCCESS, logIndex=3257, commits[374189d0-76c5-49d2-81b4-45a4af1368a2:c3257]
2019-06-14 08:43:02,185 INFO  client.GrpcClientProtocolClient (GrpcClientProtocolClient.java:onNext(254)) - client-2EC808601240->374189d0-76c5-49d2-81b4-45a4af1368a2: receive RaftClientReply:client-2EC808601240->374189d0-76c5-49d2-81b4-45a4af1368a2@group-30B6692CD68C, cid=1911, SUCCESS, logIndex=3258, commits[374189d0-76c5-49d2-81b4-45a4af1368a2:c3260]
2019-06-14 08:43:02,186 INFO  client.GrpcClientProtocolClient (GrpcClientProtocolClient.java:onNext(254)) - client-2EC808601240->374189d0-76c5-49d2-81b4-45a4af1368a2: receive RaftClientReply:client-2EC808601240->374189d0-76c5-49d2-81b4-45a4af1368a2@group-30B6692CD68C, cid=1912, SUCCESS, logIndex=3259, commits[374189d0-76c5-49d2-81b4-45a4af1368a2:c3260]
2019-06-14 08:43:02,195 INFO  client.GrpcClientProtocolClient (GrpcClientProtocolClient.java:onNext(254)) - client-2EC808601240->374189d0-76c5-49d2-81b4-45a4af1368a2: receive RaftClientReply:client-2EC808601240->374189d0-76c5-49d2-81b4-45a4af1368a2@group-30B6692CD68C, cid=1913, SUCCESS, logIndex=3261, commits[374189d0-76c5-49d2-81b4-45a4af1368a2:c3261]
2019-06-14 08:43:02,197 INFO  client.GrpcClientProtocolClient (GrpcClientProtocolClient.java:onNext(254)) - client-2EC808601240->374189d0-76c5-49d2-81b4-45a4af1368a2: receive RaftClientReply:client-2EC808601240->374189d0-76c5-49d2-81b4-45a4af1368a2@group-30B6692CD68C, cid=1914, SUCCESS, logIndex=3263, commits[374189d0-76c5-49d2-81b4-45a4af1368a2:c3263]
2019-06-14 08:43:02,198 INFO  client.GrpcClientProtocolClient (GrpcClientProtocolClient.java:onNext(254)) - client-2EC808601240->374189d0-76c5-49d2-81b4-45a4af1368a2: receive RaftClientReply:client-2EC808601240->374189d0-76c5-49d2-81b4-45a4af1368a2@group-30B6692CD68C, cid=1915, SUCCESS, logIndex=3264, commits[374189d0-76c5-49d2-81b4-45a4af1368a2:c3266]
2019-06-14 08:43:02,198 INFO  client.GrpcClientProtocolClient (GrpcClientProtocolClient.java:onNext(254)) - client-2EC808601240->374189d0-76c5-49d2-81b4-45a4af1368a2: receive RaftClientReply:client-2EC808601240->374189d0-76c5-49d2-81b4-45a4af1368a2@group-30B6692CD68C, cid=1916, SUCCESS, logIndex=3265, commits[374189d0-76c5-49d2-81b4-45a4af1368a2:c3266]
2019-06-14 08:43:02,203 INFO  client.GrpcClientProtocolClient (GrpcClientProtocolClient.java:onNext(254)) - client-2EC808601240->374189d0-76c5-49d2-81b4-45a4af1368a2: receive RaftClientReply:client-2EC808601240->374189d0-76c5-49d2-81b4-45a4af1368a2@group-30B6692CD68C, cid=1917, SUCCESS, logIndex=3267, commits[374189d0-76c5-49d2-81b4-45a4af1368a2:c3267]
2019-06-14 08:43:02,204 INFO  client.GrpcClientProtocolClient (GrpcClientProtocolClient.java:onNext(254)) - client-2EC808601240->374189d0-76c5-49d2-81b4-45a4af1368a2: receive RaftClientReply:client-2EC808601240->374189d0-76c5-49d2-81b4-45a4af1368a2@group-30B6692CD68C, cid=1918, SUCCESS, logIndex=3269, commits[374189d0-76c5-49d2-81b4-45a4af1368a2:c3269]
2019-06-14 08:43:02,206 INFO  client.GrpcClientProtocolClient (GrpcClientProtocolClient.java:onNext(254)) - client-2EC808601240->374189d0-76c5-49d2-81b4-45a4af1368a2: receive RaftClientReply:client-2EC808601240->374189d0-76c5-49d2-81b4-45a4af1368a2@group-30B6692CD68C, cid=1919, SUCCESS, logIndex=3270, commits[374189d0-76c5-49d2-81b4-45a4af1368a2:c3272]
2019-06-14 08:43:02,207 INFO  client.GrpcClientProtocolClient (GrpcClientProtocolClient.java:onNext(254)) - client-2EC808601240->374189d0-76c5-49d2-81b4-45a4af1368a2: receive RaftClientReply:client-2EC808601240->374189d0-76c5-49d2-81b4-45a4af1368a2@group-30B6692CD68C, cid=1920, SUCCESS, logIndex=3272, commits[374189d0-76c5-49d2-81b4-45a4af1368a2:c3272]
2019-06-14 08:43:02,253 DEBUG block.SCMBlockDeletingService (SCMBlockDeletingService.java:call(138)) - Running DeletedBlockTransactionScanner
2019-06-14 08:43:02,254 DEBUG block.SCMBlockDeletingService (SCMBlockDeletingService.java:call(155)) - Scanned deleted blocks log and got 0 delTX to process.
2019-06-14 08:43:02,261 INFO  client.GrpcClientProtocolClient (GrpcClientProtocolClient.java:onNext(254)) - client-2EC808601240->374189d0-76c5-49d2-81b4-45a4af1368a2: receive RaftClientReply:client-2EC808601240->374189d0-76c5-49d2-81b4-45a4af1368a2@group-30B6692CD68C, cid=1921, SUCCESS, logIndex=3274, commits[374189d0-76c5-49d2-81b4-45a4af1368a2:c3274]
2019-06-14 08:43:02,264 INFO  client.GrpcClientProtocolClient (GrpcClientProtocolClient.java:onNext(254)) - client-2EC808601240->374189d0-76c5-49d2-81b4-45a4af1368a2: receive RaftClientReply:client-2EC808601240->374189d0-76c5-49d2-81b4-45a4af1368a2@group-30B6692CD68C, cid=1922, SUCCESS, logIndex=3276, commits[374189d0-76c5-49d2-81b4-45a4af1368a2:c3278]
2019-06-14 08:43:02,265 INFO  client.GrpcClientProtocolClient (GrpcClientProtocolClient.java:onNext(254)) - client-2EC808601240->374189d0-76c5-49d2-81b4-45a4af1368a2: receive RaftClientReply:client-2EC808601240->374189d0-76c5-49d2-81b4-45a4af1368a2@group-30B6692CD68C, cid=1923, SUCCESS, logIndex=3277, commits[374189d0-76c5-49d2-81b4-45a4af1368a2:c3278]
2019-06-14 08:43:02,265 INFO  client.GrpcClientProtocolClient (GrpcClientProtocolClient.java:onNext(254)) - client-2EC808601240->374189d0-76c5-49d2-81b4-45a4af1368a2: receive RaftClientReply:client-2EC808601240->374189d0-76c5-49d2-81b4-45a4af1368a2@group-30B6692CD68C, cid=1924, SUCCESS, logIndex=3278, commits[374189d0-76c5-49d2-81b4-45a4af1368a2:c3278]
2019-06-14 08:43:02,272 INFO  client.GrpcClientProtocolClient (GrpcClientProtocolClient.java:onNext(254)) - client-2EC808601240->374189d0-76c5-49d2-81b4-45a4af1368a2: receive RaftClientReply:client-2EC808601240->374189d0-76c5-49d2-81b4-45a4af1368a2@group-30B6692CD68C, cid=1925, SUCCESS, logIndex=3280, commits[374189d0-76c5-49d2-81b4-45a4af1368a2:c3280]
2019-06-14 08:43:02,274 INFO  client.GrpcClientProtocolClient (GrpcClientProtocolClient.java:onNext(254)) - client-2EC808601240->374189d0-76c5-49d2-81b4-45a4af1368a2: receive RaftClientReply:client-2EC808601240->374189d0-76c5-49d2-81b4-45a4af1368a2@group-30B6692CD68C, cid=1926, SUCCESS, logIndex=3282, commits[374189d0-76c5-49d2-81b4-45a4af1368a2:c3282]
2019-06-14 08:43:02,275 INFO  client.GrpcClientProtocolClient (GrpcClientProtocolClient.java:onNext(254)) - client-2EC808601240->374189d0-76c5-49d2-81b4-45a4af1368a2: receive RaftClientReply:client-2EC808601240->374189d0-76c5-49d2-81b4-45a4af1368a2@group-30B6692CD68C, cid=1927, SUCCESS, logIndex=3283, commits[374189d0-76c5-49d2-81b4-45a4af1368a2:c3283]
2019-06-14 08:43:02,275 INFO  client.GrpcClientProtocolClient (GrpcClientProtocolClient.java:onNext(254)) - client-2EC808601240->374189d0-76c5-49d2-81b4-45a4af1368a2: receive RaftClientReply:client-2EC808601240->374189d0-76c5-49d2-81b4-45a4af1368a2@group-30B6692CD68C, cid=1928, SUCCESS, logIndex=3285, commits[374189d0-76c5-49d2-81b4-45a4af1368a2:c3285]
2019-06-14 08:43:02,284 INFO  client.GrpcClientProtocolClient (GrpcClientProtocolClient.java:onNext(254)) - client-2EC808601240->374189d0-76c5-49d2-81b4-45a4af1368a2: receive RaftClientReply:client-2EC808601240->374189d0-76c5-49d2-81b4-45a4af1368a2@group-30B6692CD68C, cid=1929, SUCCESS, logIndex=3288, commits[374189d0-76c5-49d2-81b4-45a4af1368a2:c3288]
2019-06-14 08:43:02,286 INFO  client.GrpcClientProtocolClient (GrpcClientProtocolClient.java:onNext(254)) - client-2EC808601240->374189d0-76c5-49d2-81b4-45a4af1368a2: receive RaftClientReply:client-2EC808601240->374189d0-76c5-49d2-81b4-45a4af1368a2@group-30B6692CD68C, cid=1930, SUCCESS, logIndex=3290, commits[374189d0-76c5-49d2-81b4-45a4af1368a2:c3290]
2019-06-14 08:43:02,287 INFO  client.GrpcClientProtocolClient (GrpcClientProtocolClient.java:onNext(254)) - client-2EC808601240->374189d0-76c5-49d2-81b4-45a4af1368a2: receive RaftClientReply:client-2EC808601240->374189d0-76c5-49d2-81b4-45a4af1368a2@group-30B6692CD68C, cid=1931, SUCCESS, logIndex=3291, commits[374189d0-76c5-49d2-81b4-45a4af1368a2:c3292]
2019-06-14 08:43:02,287 INFO  client.GrpcClientProtocolClient (GrpcClientProtocolClient.java:onNext(254)) - client-2EC808601240->374189d0-76c5-49d2-81b4-45a4af1368a2: receive RaftClientReply:client-2EC808601240->374189d0-76c5-49d2-81b4-45a4af1368a2@group-30B6692CD68C, cid=1932, SUCCESS, logIndex=3292, commits[374189d0-76c5-49d2-81b4-45a4af1368a2:c3292]
2019-06-14 08:43:02,290 INFO  storage.RaftLogWorker (RaftLogWorker.java:rollLogSegment(303)) - 374189d0-76c5-49d2-81b4-45a4af1368a2-RaftLogWorker: Rolling segment log-3223_3294 to index:3294
2019-06-14 08:43:02,291 INFO  storage.RaftLogWorker (RaftLogWorker.java:execute(433)) - 374189d0-76c5-49d2-81b4-45a4af1368a2-RaftLogWorker: Rolled log segment from /opt/src/hadoop-ozone/integration-test/target/test-dir/MiniOzoneClusterImpl-1994f8b8-dd4d-445c-bf25-0c6d40f9b14d/datanode-0/data/ratis/99d0acb8-99ce-4814-8259-30b6692cd68c/current/log_inprogress_3223 to /opt/src/hadoop-ozone/integration-test/target/test-dir/MiniOzoneClusterImpl-1994f8b8-dd4d-445c-bf25-0c6d40f9b14d/datanode-0/data/ratis/99d0acb8-99ce-4814-8259-30b6692cd68c/current/log_3223-3294
2019-06-14 08:43:02,328 INFO  storage.RaftLogWorker (RaftLogWorker.java:execute(469)) - 374189d0-76c5-49d2-81b4-45a4af1368a2-RaftLogWorker: created new log segment /opt/src/hadoop-ozone/integration-test/target/test-dir/MiniOzoneClusterImpl-1994f8b8-dd4d-445c-bf25-0c6d40f9b14d/datanode-0/data/ratis/99d0acb8-99ce-4814-8259-30b6692cd68c/current/log_inprogress_3295
2019-06-14 08:43:02,329 INFO  client.GrpcClientProtocolClient (GrpcClientProtocolClient.java:onNext(254)) - client-2EC808601240->374189d0-76c5-49d2-81b4-45a4af1368a2: receive RaftClientReply:client-2EC808601240->374189d0-76c5-49d2-81b4-45a4af1368a2@group-30B6692CD68C, cid=1933, SUCCESS, logIndex=3295, commits[374189d0-76c5-49d2-81b4-45a4af1368a2:c3295]
2019-06-14 08:43:02,331 INFO  client.GrpcClientProtocolClient (GrpcClientProtocolClient.java:onNext(254)) - client-2EC808601240->374189d0-76c5-49d2-81b4-45a4af1368a2: receive RaftClientReply:client-2EC808601240->374189d0-76c5-49d2-81b4-45a4af1368a2@group-30B6692CD68C, cid=1934, SUCCESS, logIndex=3297, commits[374189d0-76c5-49d2-81b4-45a4af1368a2:c3297]
2019-06-14 08:43:02,332 INFO  client.GrpcClientProtocolClient (GrpcClientProtocolClient.java:onNext(254)) - client-2EC808601240->374189d0-76c5-49d2-81b4-45a4af1368a2: receive RaftClientReply:client-2EC808601240->374189d0-76c5-49d2-81b4-45a4af1368a2@group-30B6692CD68C, cid=1935, SUCCESS, logIndex=3298, commits[374189d0-76c5-49d2-81b4-45a4af1368a2:c3300]
2019-06-14 08:43:02,332 INFO  client.GrpcClientProtocolClient (GrpcClientProtocolClient.java:onNext(254)) - client-2EC808601240->374189d0-76c5-49d2-81b4-45a4af1368a2: receive RaftClientReply:client-2EC808601240->374189d0-76c5-49d2-81b4-45a4af1368a2@group-30B6692CD68C, cid=1936, SUCCESS, logIndex=3299, commits[374189d0-76c5-49d2-81b4-45a4af1368a2:c3300]
2019-06-14 08:43:02,342 INFO  client.GrpcClientProtocolClient (GrpcClientProtocolClient.java:onNext(254)) - client-2EC808601240->374189d0-76c5-49d2-81b4-45a4af1368a2: receive RaftClientReply:client-2EC808601240->374189d0-76c5-49d2-81b4-45a4af1368a2@group-30B6692CD68C, cid=1937, SUCCESS, logIndex=3301, commits[374189d0-76c5-49d2-81b4-45a4af1368a2:c3301]
2019-06-14 08:43:02,343 INFO  client.GrpcClientProtocolClient (GrpcClientProtocolClient.java:onNext(254)) - client-2EC808601240->374189d0-76c5-49d2-81b4-45a4af1368a2: receive RaftClientReply:client-2EC808601240->374189d0-76c5-49d2-81b4-45a4af1368a2@group-30B6692CD68C, cid=1938, SUCCESS, logIndex=3303, commits[374189d0-76c5-49d2-81b4-45a4af1368a2:c3303]
2019-06-14 08:43:02,344 INFO  client.GrpcClientProtocolClient (GrpcClientProtocolClient.java:onNext(254)) - client-2EC808601240->374189d0-76c5-49d2-81b4-45a4af1368a2: receive RaftClientReply:client-2EC808601240->374189d0-76c5-49d2-81b4-45a4af1368a2@group-30B6692CD68C, cid=1939, SUCCESS, logIndex=3304, commits[374189d0-76c5-49d2-81b4-45a4af1368a2:c3305]
2019-06-14 08:43:02,345 INFO  client.GrpcClientProtocolClient (GrpcClientProtocolClient.java:onNext(254)) - client-2EC808601240->374189d0-76c5-49d2-81b4-45a4af1368a2: receive RaftClientReply:client-2EC808601240->374189d0-76c5-49d2-81b4-45a4af1368a2@group-30B6692CD68C, cid=1940, SUCCESS, logIndex=3306, commits[374189d0-76c5-49d2-81b4-45a4af1368a2:c3306]
2019-06-14 08:43:02,350 INFO  client.GrpcClientProtocolClient (GrpcClientProtocolClient.java:onNext(254)) - client-2EC808601240->374189d0-76c5-49d2-81b4-45a4af1368a2: receive RaftClientReply:client-2EC808601240->374189d0-76c5-49d2-81b4-45a4af1368a2@group-30B6692CD68C, cid=1941, SUCCESS, logIndex=3308, commits[374189d0-76c5-49d2-81b4-45a4af1368a2:c3308]
2019-06-14 08:43:02,352 INFO  client.GrpcClientProtocolClient (GrpcClientProtocolClient.java:onNext(254)) - client-2EC808601240->374189d0-76c5-49d2-81b4-45a4af1368a2: receive RaftClientReply:client-2EC808601240->374189d0-76c5-49d2-81b4-45a4af1368a2@group-30B6692CD68C, cid=1942, SUCCESS, logIndex=3310, commits[374189d0-76c5-49d2-81b4-45a4af1368a2:c3310]
2019-06-14 08:43:02,353 INFO  client.GrpcClientProtocolClient (GrpcClientProtocolClient.java:onNext(254)) - client-2EC808601240->374189d0-76c5-49d2-81b4-45a4af1368a2: receive RaftClientReply:client-2EC808601240->374189d0-76c5-49d2-81b4-45a4af1368a2@group-30B6692CD68C, cid=1943, SUCCESS, logIndex=3311, commits[374189d0-76c5-49d2-81b4-45a4af1368a2:c3313]
2019-06-14 08:43:02,353 INFO  client.GrpcClientProtocolClient (GrpcClientProtocolClient.java:onNext(254)) - client-2EC808601240->374189d0-76c5-49d2-81b4-45a4af1368a2: receive RaftClientReply:client-2EC808601240->374189d0-76c5-49d2-81b4-45a4af1368a2@group-30B6692CD68C, cid=1944, SUCCESS, logIndex=3312, commits[374189d0-76c5-49d2-81b4-45a4af1368a2:c3313]
2019-06-14 08:43:02,355 DEBUG block.SCMBlockDeletingService (SCMBlockDeletingService.java:call(138)) - Running DeletedBlockTransactionScanner
2019-06-14 08:43:02,355 DEBUG block.SCMBlockDeletingService (SCMBlockDeletingService.java:call(155)) - Scanned deleted blocks log and got 0 delTX to process.
2019-06-14 08:43:02,429 INFO  client.GrpcClientProtocolClient (GrpcClientProtocolClient.java:onNext(254)) - client-2EC808601240->374189d0-76c5-49d2-81b4-45a4af1368a2: receive RaftClientReply:client-2EC808601240->374189d0-76c5-49d2-81b4-45a4af1368a2@group-30B6692CD68C, cid=1945, SUCCESS, logIndex=3314, commits[374189d0-76c5-49d2-81b4-45a4af1368a2:c3314]
2019-06-14 08:43:02,431 INFO  client.GrpcClientProtocolClient (GrpcClientProtocolClient.java:onNext(254)) - client-2EC808601240->374189d0-76c5-49d2-81b4-45a4af1368a2: receive RaftClientReply:client-2EC808601240->374189d0-76c5-49d2-81b4-45a4af1368a2@group-30B6692CD68C, cid=1946, SUCCESS, logIndex=3316, commits[374189d0-76c5-49d2-81b4-45a4af1368a2:c3316]
2019-06-14 08:43:02,432 INFO  client.GrpcClientProtocolClient (GrpcClientProtocolClient.java:onNext(254)) - client-2EC808601240->374189d0-76c5-49d2-81b4-45a4af1368a2: receive RaftClientReply:client-2EC808601240->374189d0-76c5-49d2-81b4-45a4af1368a2@group-30B6692CD68C, cid=1947, SUCCESS, logIndex=3317, commits[374189d0-76c5-49d2-81b4-45a4af1368a2:c3319]
2019-06-14 08:43:02,432 INFO  client.GrpcClientProtocolClient (GrpcClientProtocolClient.java:onNext(254)) - client-2EC808601240->374189d0-76c5-49d2-81b4-45a4af1368a2: receive RaftClientReply:client-2EC808601240->374189d0-76c5-49d2-81b4-45a4af1368a2@group-30B6692CD68C, cid=1948, SUCCESS, logIndex=3318, commits[374189d0-76c5-49d2-81b4-45a4af1368a2:c3319]
2019-06-14 08:43:02,437 INFO  client.GrpcClientProtocolClient (GrpcClientProtocolClient.java:onNext(254)) - client-2EC808601240->374189d0-76c5-49d2-81b4-45a4af1368a2: receive RaftClientReply:client-2EC808601240->374189d0-76c5-49d2-81b4-45a4af1368a2@group-30B6692CD68C, cid=1949, SUCCESS, logIndex=3320, commits[374189d0-76c5-49d2-81b4-45a4af1368a2:c3320]
2019-06-14 08:43:02,440 INFO  client.GrpcClientProtocolClient (GrpcClientProtocolClient.java:onNext(254)) - client-2EC808601240->374189d0-76c5-49d2-81b4-45a4af1368a2: receive RaftClientReply:client-2EC808601240->374189d0-76c5-49d2-81b4-45a4af1368a2@group-30B6692CD68C, cid=1950, SUCCESS, logIndex=3322, commits[374189d0-76c5-49d2-81b4-45a4af1368a2:c3322]
2019-06-14 08:43:02,440 INFO  client.GrpcClientProtocolClient (GrpcClientProtocolClient.java:onNext(254)) - client-2EC808601240->374189d0-76c5-49d2-81b4-45a4af1368a2: receive RaftClientReply:client-2EC808601240->374189d0-76c5-49d2-81b4-45a4af1368a2@group-30B6692CD68C, cid=1951, SUCCESS, logIndex=3323, commits[374189d0-76c5-49d2-81b4-45a4af1368a2:c3325]
2019-06-14 08:43:02,441 INFO  client.GrpcClientProtocolClient (GrpcClientProtocolClient.java:onNext(254)) - client-2EC808601240->374189d0-76c5-49d2-81b4-45a4af1368a2: receive RaftClientReply:client-2EC808601240->374189d0-76c5-49d2-81b4-45a4af1368a2@group-30B6692CD68C, cid=1952, SUCCESS, logIndex=3324, commits[374189d0-76c5-49d2-81b4-45a4af1368a2:c3325]
2019-06-14 08:43:02,451 INFO  client.GrpcClientProtocolClient (GrpcClientProtocolClient.java:onNext(254)) - client-2EC808601240->374189d0-76c5-49d2-81b4-45a4af1368a2: receive RaftClientReply:client-2EC808601240->374189d0-76c5-49d2-81b4-45a4af1368a2@group-30B6692CD68C, cid=1953, SUCCESS, logIndex=3326, commits[374189d0-76c5-49d2-81b4-45a4af1368a2:c3326]
2019-06-14 08:43:02,453 INFO  client.GrpcClientProtocolClient (GrpcClientProtocolClient.java:onNext(254)) - client-2EC808601240->374189d0-76c5-49d2-81b4-45a4af1368a2: receive RaftClientReply:client-2EC808601240->374189d0-76c5-49d2-81b4-45a4af1368a2@group-30B6692CD68C, cid=1954, SUCCESS, logIndex=3328, commits[374189d0-76c5-49d2-81b4-45a4af1368a2:c3328]
2019-06-14 08:43:02,455 INFO  client.GrpcClientProtocolClient (GrpcClientProtocolClient.java:onNext(254)) - client-2EC808601240->374189d0-76c5-49d2-81b4-45a4af1368a2: receive RaftClientReply:client-2EC808601240->374189d0-76c5-49d2-81b4-45a4af1368a2@group-30B6692CD68C, cid=1955, SUCCESS, logIndex=3329, commits[374189d0-76c5-49d2-81b4-45a4af1368a2:c3331]
2019-06-14 08:43:02,455 DEBUG block.SCMBlockDeletingService (SCMBlockDeletingService.java:call(138)) - Running DeletedBlockTransactionScanner
2019-06-14 08:43:02,455 INFO  client.GrpcClientProtocolClient (GrpcClientProtocolClient.java:onNext(254)) - client-2EC808601240->374189d0-76c5-49d2-81b4-45a4af1368a2: receive RaftClientReply:client-2EC808601240->374189d0-76c5-49d2-81b4-45a4af1368a2@group-30B6692CD68C, cid=1956, SUCCESS, logIndex=3331, commits[374189d0-76c5-49d2-81b4-45a4af1368a2:c3331]
2019-06-14 08:43:02,455 DEBUG block.SCMBlockDeletingService (SCMBlockDeletingService.java:call(155)) - Scanned deleted blocks log and got 0 delTX to process.
2019-06-14 08:43:02,461 INFO  client.GrpcClientProtocolClient (GrpcClientProtocolClient.java:onNext(254)) - client-2EC808601240->374189d0-76c5-49d2-81b4-45a4af1368a2: receive RaftClientReply:client-2EC808601240->374189d0-76c5-49d2-81b4-45a4af1368a2@group-30B6692CD68C, cid=1957, SUCCESS, logIndex=3333, commits[374189d0-76c5-49d2-81b4-45a4af1368a2:c3333]
2019-06-14 08:43:02,462 INFO  client.GrpcClientProtocolClient (GrpcClientProtocolClient.java:onNext(254)) - client-2EC808601240->374189d0-76c5-49d2-81b4-45a4af1368a2: receive RaftClientReply:client-2EC808601240->374189d0-76c5-49d2-81b4-45a4af1368a2@group-30B6692CD68C, cid=1958, SUCCESS, logIndex=3335, commits[374189d0-76c5-49d2-81b4-45a4af1368a2:c3335]
2019-06-14 08:43:02,463 INFO  client.GrpcClientProtocolClient (GrpcClientProtocolClient.java:onNext(254)) - client-2EC808601240->374189d0-76c5-49d2-81b4-45a4af1368a2: receive RaftClientReply:client-2EC808601240->374189d0-76c5-49d2-81b4-45a4af1368a2@group-30B6692CD68C, cid=1959, SUCCESS, logIndex=3336, commits[374189d0-76c5-49d2-81b4-45a4af1368a2:c3338]
2019-06-14 08:43:02,463 INFO  client.GrpcClientProtocolClient (GrpcClientProtocolClient.java:onNext(254)) - client-2EC808601240->374189d0-76c5-49d2-81b4-45a4af1368a2: receive RaftClientReply:client-2EC808601240->374189d0-76c5-49d2-81b4-45a4af1368a2@group-30B6692CD68C, cid=1960, SUCCESS, logIndex=3337, commits[374189d0-76c5-49d2-81b4-45a4af1368a2:c3338]
2019-06-14 08:43:02,472 INFO  client.GrpcClientProtocolClient (GrpcClientProtocolClient.java:onNext(254)) - client-2EC808601240->374189d0-76c5-49d2-81b4-45a4af1368a2: receive RaftClientReply:client-2EC808601240->374189d0-76c5-49d2-81b4-45a4af1368a2@group-30B6692CD68C, cid=1961, SUCCESS, logIndex=3339, commits[374189d0-76c5-49d2-81b4-45a4af1368a2:c3339]
2019-06-14 08:43:02,473 INFO  client.GrpcClientProtocolClient (GrpcClientProtocolClient.java:onNext(254)) - client-2EC808601240->374189d0-76c5-49d2-81b4-45a4af1368a2: receive RaftClientReply:client-2EC808601240->374189d0-76c5-49d2-81b4-45a4af1368a2@group-30B6692CD68C, cid=1962, SUCCESS, logIndex=3341, commits[374189d0-76c5-49d2-81b4-45a4af1368a2:c3341]
2019-06-14 08:43:02,474 INFO  client.GrpcClientProtocolClient (GrpcClientProtocolClient.java:onNext(254)) - client-2EC808601240->374189d0-76c5-49d2-81b4-45a4af1368a2: receive RaftClientReply:client-2EC808601240->374189d0-76c5-49d2-81b4-45a4af1368a2@group-30B6692CD68C, cid=1963, SUCCESS, logIndex=3342, commits[374189d0-76c5-49d2-81b4-45a4af1368a2:c3344]
2019-06-14 08:43:02,474 INFO  client.GrpcClientProtocolClient (GrpcClientProtocolClient.java:onNext(254)) - client-2EC808601240->374189d0-76c5-49d2-81b4-45a4af1368a2: receive RaftClientReply:client-2EC808601240->374189d0-76c5-49d2-81b4-45a4af1368a2@group-30B6692CD68C, cid=1964, SUCCESS, logIndex=3343, commits[374189d0-76c5-49d2-81b4-45a4af1368a2:c3344]
2019-06-14 08:43:02,479 INFO  client.GrpcClientProtocolClient (GrpcClientProtocolClient.java:onNext(254)) - client-2EC808601240->374189d0-76c5-49d2-81b4-45a4af1368a2: receive RaftClientReply:client-2EC808601240->374189d0-76c5-49d2-81b4-45a4af1368a2@group-30B6692CD68C, cid=1965, SUCCESS, logIndex=3345, commits[374189d0-76c5-49d2-81b4-45a4af1368a2:c3345]
2019-06-14 08:43:02,480 INFO  client.GrpcClientProtocolClient (GrpcClientProtocolClient.java:onNext(254)) - client-2EC808601240->374189d0-76c5-49d2-81b4-45a4af1368a2: receive RaftClientReply:client-2EC808601240->374189d0-76c5-49d2-81b4-45a4af1368a2@group-30B6692CD68C, cid=1966, SUCCESS, logIndex=3347, commits[374189d0-76c5-49d2-81b4-45a4af1368a2:c3347]
2019-06-14 08:43:02,481 INFO  client.GrpcClientProtocolClient (GrpcClientProtocolClient.java:onNext(254)) - client-2EC808601240->374189d0-76c5-49d2-81b4-45a4af1368a2: receive RaftClientReply:client-2EC808601240->374189d0-76c5-49d2-81b4-45a4af1368a2@group-30B6692CD68C, cid=1967, SUCCESS, logIndex=3348, commits[374189d0-76c5-49d2-81b4-45a4af1368a2:c3350]
2019-06-14 08:43:02,482 INFO  client.GrpcClientProtocolClient (GrpcClientProtocolClient.java:onNext(254)) - client-2EC808601240->374189d0-76c5-49d2-81b4-45a4af1368a2: receive RaftClientReply:client-2EC808601240->374189d0-76c5-49d2-81b4-45a4af1368a2@group-30B6692CD68C, cid=1968, SUCCESS, logIndex=3349, commits[374189d0-76c5-49d2-81b4-45a4af1368a2:c3350]
2019-06-14 08:43:02,490 INFO  client.GrpcClientProtocolClient (GrpcClientProtocolClient.java:onNext(254)) - client-2EC808601240->374189d0-76c5-49d2-81b4-45a4af1368a2: receive RaftClientReply:client-2EC808601240->374189d0-76c5-49d2-81b4-45a4af1368a2@group-30B6692CD68C, cid=1969, SUCCESS, logIndex=3351, commits[374189d0-76c5-49d2-81b4-45a4af1368a2:c3351]
2019-06-14 08:43:02,491 INFO  client.GrpcClientProtocolClient (GrpcClientProtocolClient.java:onNext(254)) - client-2EC808601240->374189d0-76c5-49d2-81b4-45a4af1368a2: receive RaftClientReply:client-2EC808601240->374189d0-76c5-49d2-81b4-45a4af1368a2@group-30B6692CD68C, cid=1970, SUCCESS, logIndex=3353, commits[374189d0-76c5-49d2-81b4-45a4af1368a2:c3353]
2019-06-14 08:43:02,492 INFO  client.GrpcClientProtocolClient (GrpcClientProtocolClient.java:onNext(254)) - client-2EC808601240->374189d0-76c5-49d2-81b4-45a4af1368a2: receive RaftClientReply:client-2EC808601240->374189d0-76c5-49d2-81b4-45a4af1368a2@group-30B6692CD68C, cid=1971, SUCCESS, logIndex=3354, commits[374189d0-76c5-49d2-81b4-45a4af1368a2:c3356]
2019-06-14 08:43:02,492 INFO  client.GrpcClientProtocolClient (GrpcClientProtocolClient.java:onNext(254)) - client-2EC808601240->374189d0-76c5-49d2-81b4-45a4af1368a2: receive RaftClientReply:client-2EC808601240->374189d0-76c5-49d2-81b4-45a4af1368a2@group-30B6692CD68C, cid=1972, SUCCESS, logIndex=3355, commits[374189d0-76c5-49d2-81b4-45a4af1368a2:c3356]
2019-06-14 08:43:02,497 INFO  client.GrpcClientProtocolClient (GrpcClientProtocolClient.java:onNext(254)) - client-2EC808601240->374189d0-76c5-49d2-81b4-45a4af1368a2: receive RaftClientReply:client-2EC808601240->374189d0-76c5-49d2-81b4-45a4af1368a2@group-30B6692CD68C, cid=1973, SUCCESS, logIndex=3357, commits[374189d0-76c5-49d2-81b4-45a4af1368a2:c3357]
2019-06-14 08:43:02,497 INFO  storage.RaftLogWorker (RaftLogWorker.java:rollLogSegment(303)) - 374189d0-76c5-49d2-81b4-45a4af1368a2-RaftLogWorker: Rolling segment log-3295_3360 to index:3360
2019-06-14 08:43:02,498 INFO  storage.RaftLogWorker (RaftLogWorker.java:execute(433)) - 374189d0-76c5-49d2-81b4-45a4af1368a2-RaftLogWorker: Rolled log segment from /opt/src/hadoop-ozone/integration-test/target/test-dir/MiniOzoneClusterImpl-1994f8b8-dd4d-445c-bf25-0c6d40f9b14d/datanode-0/data/ratis/99d0acb8-99ce-4814-8259-30b6692cd68c/current/log_inprogress_3295 to /opt/src/hadoop-ozone/integration-test/target/test-dir/MiniOzoneClusterImpl-1994f8b8-dd4d-445c-bf25-0c6d40f9b14d/datanode-0/data/ratis/99d0acb8-99ce-4814-8259-30b6692cd68c/current/log_3295-3360
2019-06-14 08:43:02,499 INFO  client.GrpcClientProtocolClient (GrpcClientProtocolClient.java:onNext(254)) - client-2EC808601240->374189d0-76c5-49d2-81b4-45a4af1368a2: receive RaftClientReply:client-2EC808601240->374189d0-76c5-49d2-81b4-45a4af1368a2@group-30B6692CD68C, cid=1974, SUCCESS, logIndex=3359, commits[374189d0-76c5-49d2-81b4-45a4af1368a2:c3359]
2019-06-14 08:43:02,499 INFO  client.GrpcClientProtocolClient (GrpcClientProtocolClient.java:onNext(254)) - client-2EC808601240->374189d0-76c5-49d2-81b4-45a4af1368a2: receive RaftClientReply:client-2EC808601240->374189d0-76c5-49d2-81b4-45a4af1368a2@group-30B6692CD68C, cid=1975, SUCCESS, logIndex=3360, commits[374189d0-76c5-49d2-81b4-45a4af1368a2:c3360]
2019-06-14 08:43:02,534 INFO  storage.RaftLogWorker (RaftLogWorker.java:execute(469)) - 374189d0-76c5-49d2-81b4-45a4af1368a2-RaftLogWorker: created new log segment /opt/src/hadoop-ozone/integration-test/target/test-dir/MiniOzoneClusterImpl-1994f8b8-dd4d-445c-bf25-0c6d40f9b14d/datanode-0/data/ratis/99d0acb8-99ce-4814-8259-30b6692cd68c/current/log_inprogress_3361
2019-06-14 08:43:02,535 INFO  client.GrpcClientProtocolClient (GrpcClientProtocolClient.java:onNext(254)) - client-2EC808601240->374189d0-76c5-49d2-81b4-45a4af1368a2: receive RaftClientReply:client-2EC808601240->374189d0-76c5-49d2-81b4-45a4af1368a2@group-30B6692CD68C, cid=1976, SUCCESS, logIndex=3361, commits[374189d0-76c5-49d2-81b4-45a4af1368a2:c3363]
2019-06-14 08:43:02,544 INFO  client.GrpcClientProtocolClient (GrpcClientProtocolClient.java:onNext(254)) - client-2EC808601240->374189d0-76c5-49d2-81b4-45a4af1368a2: receive RaftClientReply:client-2EC808601240->374189d0-76c5-49d2-81b4-45a4af1368a2@group-30B6692CD68C, cid=1977, SUCCESS, logIndex=3364, commits[374189d0-76c5-49d2-81b4-45a4af1368a2:c3364]
2019-06-14 08:43:02,546 INFO  client.GrpcClientProtocolClient (GrpcClientProtocolClient.java:onNext(254)) - client-2EC808601240->374189d0-76c5-49d2-81b4-45a4af1368a2: receive RaftClientReply:client-2EC808601240->374189d0-76c5-49d2-81b4-45a4af1368a2@group-30B6692CD68C, cid=1978, SUCCESS, logIndex=3366, commits[374189d0-76c5-49d2-81b4-45a4af1368a2:c3366]
2019-06-14 08:43:02,547 INFO  client.GrpcClientProtocolClient (GrpcClientProtocolClient.java:onNext(254)) - client-2EC808601240->374189d0-76c5-49d2-81b4-45a4af1368a2: receive RaftClientReply:client-2EC808601240->374189d0-76c5-49d2-81b4-45a4af1368a2@group-30B6692CD68C, cid=1979, SUCCESS, logIndex=3367, commits[374189d0-76c5-49d2-81b4-45a4af1368a2:c3369]
2019-06-14 08:43:02,547 INFO  client.GrpcClientProtocolClient (GrpcClientProtocolClient.java:onNext(254)) - client-2EC808601240->374189d0-76c5-49d2-81b4-45a4af1368a2: receive RaftClientReply:client-2EC808601240->374189d0-76c5-49d2-81b4-45a4af1368a2@group-30B6692CD68C, cid=1980, SUCCESS, logIndex=3368, commits[374189d0-76c5-49d2-81b4-45a4af1368a2:c3369]
2019-06-14 08:43:02,552 INFO  client.GrpcClientProtocolClient (GrpcClientProtocolClient.java:onNext(254)) - client-2EC808601240->374189d0-76c5-49d2-81b4-45a4af1368a2: receive RaftClientReply:client-2EC808601240->374189d0-76c5-49d2-81b4-45a4af1368a2@group-30B6692CD68C, cid=1981, SUCCESS, logIndex=3370, commits[374189d0-76c5-49d2-81b4-45a4af1368a2:c3370]
2019-06-14 08:43:02,553 INFO  client.GrpcClientProtocolClient (GrpcClientProtocolClient.java:onNext(254)) - client-2EC808601240->374189d0-76c5-49d2-81b4-45a4af1368a2: receive RaftClientReply:client-2EC808601240->374189d0-76c5-49d2-81b4-45a4af1368a2@group-30B6692CD68C, cid=1982, SUCCESS, logIndex=3372, commits[374189d0-76c5-49d2-81b4-45a4af1368a2:c3372]
2019-06-14 08:43:02,554 INFO  client.GrpcClientProtocolClient (GrpcClientProtocolClient.java:onNext(254)) - client-2EC808601240->374189d0-76c5-49d2-81b4-45a4af1368a2: receive RaftClientReply:client-2EC808601240->374189d0-76c5-49d2-81b4-45a4af1368a2@group-30B6692CD68C, cid=1983, SUCCESS, logIndex=3373, commits[374189d0-76c5-49d2-81b4-45a4af1368a2:c3375]
2019-06-14 08:43:02,555 INFO  client.GrpcClientProtocolClient (GrpcClientProtocolClient.java:onNext(254)) - client-2EC808601240->374189d0-76c5-49d2-81b4-45a4af1368a2: receive RaftClientReply:client-2EC808601240->374189d0-76c5-49d2-81b4-45a4af1368a2@group-30B6692CD68C, cid=1984, SUCCESS, logIndex=3374, commits[374189d0-76c5-49d2-81b4-45a4af1368a2:c3375]
2019-06-14 08:43:02,555 DEBUG block.SCMBlockDeletingService (SCMBlockDeletingService.java:call(138)) - Running DeletedBlockTransactionScanner
2019-06-14 08:43:02,556 DEBUG block.SCMBlockDeletingService (SCMBlockDeletingService.java:call(155)) - Scanned deleted blocks log and got 0 delTX to process.
2019-06-14 08:43:02,563 INFO  client.GrpcClientProtocolClient (GrpcClientProtocolClient.java:onNext(254)) - client-2EC808601240->374189d0-76c5-49d2-81b4-45a4af1368a2: receive RaftClientReply:client-2EC808601240->374189d0-76c5-49d2-81b4-45a4af1368a2@group-30B6692CD68C, cid=1985, SUCCESS, logIndex=3376, commits[374189d0-76c5-49d2-81b4-45a4af1368a2:c3376]
2019-06-14 08:43:02,564 INFO  client.GrpcClientProtocolClient (GrpcClientProtocolClient.java:onNext(254)) - client-2EC808601240->374189d0-76c5-49d2-81b4-45a4af1368a2: receive RaftClientReply:client-2EC808601240->374189d0-76c5-49d2-81b4-45a4af1368a2@group-30B6692CD68C, cid=1986, SUCCESS, logIndex=3378, commits[374189d0-76c5-49d2-81b4-45a4af1368a2:c3378]
2019-06-14 08:43:02,565 INFO  client.GrpcClientProtocolClient (GrpcClientProtocolClient.java:onNext(254)) - client-2EC808601240->374189d0-76c5-49d2-81b4-45a4af1368a2: receive RaftClientReply:client-2EC808601240->374189d0-76c5-49d2-81b4-45a4af1368a2@group-30B6692CD68C, cid=1987, SUCCESS, logIndex=3379, commits[374189d0-76c5-49d2-81b4-45a4af1368a2:c3381]
2019-06-14 08:43:02,566 INFO  client.GrpcClientProtocolClient (GrpcClientProtocolClient.java:onNext(254)) - client-2EC808601240->374189d0-76c5-49d2-81b4-45a4af1368a2: receive RaftClientReply:client-2EC808601240->374189d0-76c5-49d2-81b4-45a4af1368a2@group-30B6692CD68C, cid=1988, SUCCESS, logIndex=3380, commits[374189d0-76c5-49d2-81b4-45a4af1368a2:c3381]
2019-06-14 08:43:02,638 INFO  client.GrpcClientProtocolClient (GrpcClientProtocolClient.java:onNext(254)) - client-2EC808601240->374189d0-76c5-49d2-81b4-45a4af1368a2: receive RaftClientReply:client-2EC808601240->374189d0-76c5-49d2-81b4-45a4af1368a2@group-30B6692CD68C, cid=1989, SUCCESS, logIndex=3382, commits[374189d0-76c5-49d2-81b4-45a4af1368a2:c3382]
2019-06-14 08:43:02,639 INFO  client.GrpcClientProtocolClient (GrpcClientProtocolClient.java:onNext(254)) - client-2EC808601240->374189d0-76c5-49d2-81b4-45a4af1368a2: receive RaftClientReply:client-2EC808601240->374189d0-76c5-49d2-81b4-45a4af1368a2@group-30B6692CD68C, cid=1990, SUCCESS, logIndex=3384, commits[374189d0-76c5-49d2-81b4-45a4af1368a2:c3384]
2019-06-14 08:43:02,640 INFO  client.GrpcClientProtocolClient (GrpcClientProtocolClient.java:onNext(254)) - client-2EC808601240->374189d0-76c5-49d2-81b4-45a4af1368a2: receive RaftClientReply:client-2EC808601240->374189d0-76c5-49d2-81b4-45a4af1368a2@group-30B6692CD68C, cid=1991, SUCCESS, logIndex=3385, commits[374189d0-76c5-49d2-81b4-45a4af1368a2:c3387]
2019-06-14 08:43:02,641 INFO  client.GrpcClientProtocolClient (GrpcClientProtocolClient.java:onNext(254)) - client-2EC808601240->374189d0-76c5-49d2-81b4-45a4af1368a2: receive RaftClientReply:client-2EC808601240->374189d0-76c5-49d2-81b4-45a4af1368a2@group-30B6692CD68C, cid=1992, SUCCESS, logIndex=3386, commits[374189d0-76c5-49d2-81b4-45a4af1368a2:c3387]
2019-06-14 08:43:02,650 INFO  client.GrpcClientProtocolClient (GrpcClientProtocolClient.java:onNext(254)) - client-2EC808601240->374189d0-76c5-49d2-81b4-45a4af1368a2: receive RaftClientReply:client-2EC808601240->374189d0-76c5-49d2-81b4-45a4af1368a2@group-30B6692CD68C, cid=1993, SUCCESS, logIndex=3388, commits[374189d0-76c5-49d2-81b4-45a4af1368a2:c3388]
2019-06-14 08:43:02,651 INFO  client.GrpcClientProtocolClient (GrpcClientProtocolClient.java:onNext(254)) - client-2EC808601240->374189d0-76c5-49d2-81b4-45a4af1368a2: receive RaftClientReply:client-2EC808601240->374189d0-76c5-49d2-81b4-45a4af1368a2@group-30B6692CD68C, cid=1994, SUCCESS, logIndex=3390, commits[374189d0-76c5-49d2-81b4-45a4af1368a2:c3390]
2019-06-14 08:43:02,652 INFO  client.GrpcClientProtocolClient (GrpcClientProtocolClient.java:onNext(254)) - client-2EC808601240->374189d0-76c5-49d2-81b4-45a4af1368a2: receive RaftClientReply:client-2EC808601240->374189d0-76c5-49d2-81b4-45a4af1368a2@group-30B6692CD68C, cid=1995, SUCCESS, logIndex=3391, commits[374189d0-76c5-49d2-81b4-45a4af1368a2:c3393]
2019-06-14 08:43:02,652 INFO  client.GrpcClientProtocolClient (GrpcClientProtocolClient.java:onNext(254)) - client-2EC808601240->374189d0-76c5-49d2-81b4-45a4af1368a2: receive RaftClientReply:client-2EC808601240->374189d0-76c5-49d2-81b4-45a4af1368a2@group-30B6692CD68C, cid=1996, SUCCESS, logIndex=3392, commits[374189d0-76c5-49d2-81b4-45a4af1368a2:c3393]
2019-06-14 08:43:02,656 DEBUG block.SCMBlockDeletingService (SCMBlockDeletingService.java:call(138)) - Running DeletedBlockTransactionScanner
2019-06-14 08:43:02,656 DEBUG block.SCMBlockDeletingService (SCMBlockDeletingService.java:call(155)) - Scanned deleted blocks log and got 0 delTX to process.
2019-06-14 08:43:02,657 INFO  client.GrpcClientProtocolClient (GrpcClientProtocolClient.java:onNext(254)) - client-2EC808601240->374189d0-76c5-49d2-81b4-45a4af1368a2: receive RaftClientReply:client-2EC808601240->374189d0-76c5-49d2-81b4-45a4af1368a2@group-30B6692CD68C, cid=1997, SUCCESS, logIndex=3394, commits[374189d0-76c5-49d2-81b4-45a4af1368a2:c3394]
2019-06-14 08:43:02,659 INFO  client.GrpcClientProtocolClient (GrpcClientProtocolClient.java:onNext(254)) - client-2EC808601240->374189d0-76c5-49d2-81b4-45a4af1368a2: receive RaftClientReply:client-2EC808601240->374189d0-76c5-49d2-81b4-45a4af1368a2@group-30B6692CD68C, cid=1998, SUCCESS, logIndex=3396, commits[374189d0-76c5-49d2-81b4-45a4af1368a2:c3396]
2019-06-14 08:43:02,660 INFO  client.GrpcClientProtocolClient (GrpcClientProtocolClient.java:onNext(254)) - client-2EC808601240->374189d0-76c5-49d2-81b4-45a4af1368a2: receive RaftClientReply:client-2EC808601240->374189d0-76c5-49d2-81b4-45a4af1368a2@group-30B6692CD68C, cid=1999, SUCCESS, logIndex=3397, commits[374189d0-76c5-49d2-81b4-45a4af1368a2:c3399]
2019-06-14 08:43:02,660 INFO  client.GrpcClientProtocolClient (GrpcClientProtocolClient.java:onNext(254)) - client-2EC808601240->374189d0-76c5-49d2-81b4-45a4af1368a2: receive RaftClientReply:client-2EC808601240->374189d0-76c5-49d2-81b4-45a4af1368a2@group-30B6692CD68C, cid=2000, SUCCESS, logIndex=3398, commits[374189d0-76c5-49d2-81b4-45a4af1368a2:c3399]
2019-06-14 08:43:02,714 INFO  client.GrpcClientProtocolClient (GrpcClientProtocolClient.java:onNext(254)) - client-2EC808601240->374189d0-76c5-49d2-81b4-45a4af1368a2: receive RaftClientReply:client-2EC808601240->374189d0-76c5-49d2-81b4-45a4af1368a2@group-30B6692CD68C, cid=2001, SUCCESS, logIndex=3400, commits[374189d0-76c5-49d2-81b4-45a4af1368a2:c3400]
2019-06-14 08:43:02,715 INFO  client.GrpcClientProtocolClient (GrpcClientProtocolClient.java:onNext(254)) - client-2EC808601240->374189d0-76c5-49d2-81b4-45a4af1368a2: receive RaftClientReply:client-2EC808601240->374189d0-76c5-49d2-81b4-45a4af1368a2@group-30B6692CD68C, cid=2002, SUCCESS, logIndex=3402, commits[374189d0-76c5-49d2-81b4-45a4af1368a2:c3402]
2019-06-14 08:43:02,717 INFO  client.GrpcClientProtocolClient (GrpcClientProtocolClient.java:onNext(254)) - client-2EC808601240->374189d0-76c5-49d2-81b4-45a4af1368a2: receive RaftClientReply:client-2EC808601240->374189d0-76c5-49d2-81b4-45a4af1368a2@group-30B6692CD68C, cid=2003, SUCCESS, logIndex=3403, commits[374189d0-76c5-49d2-81b4-45a4af1368a2:c3405]
2019-06-14 08:43:02,717 INFO  client.GrpcClientProtocolClient (GrpcClientProtocolClient.java:onNext(254)) - client-2EC808601240->374189d0-76c5-49d2-81b4-45a4af1368a2: receive RaftClientReply:client-2EC808601240->374189d0-76c5-49d2-81b4-45a4af1368a2@group-30B6692CD68C, cid=2004, SUCCESS, logIndex=3404, commits[374189d0-76c5-49d2-81b4-45a4af1368a2:c3405]
2019-06-14 08:43:02,722 INFO  client.GrpcClientProtocolClient (GrpcClientProtocolClient.java:onNext(254)) - client-2EC808601240->374189d0-76c5-49d2-81b4-45a4af1368a2: receive RaftClientReply:client-2EC808601240->374189d0-76c5-49d2-81b4-45a4af1368a2@group-30B6692CD68C, cid=2005, SUCCESS, logIndex=3406, commits[374189d0-76c5-49d2-81b4-45a4af1368a2:c3406]
2019-06-14 08:43:02,723 INFO  client.GrpcClientProtocolClient (GrpcClientProtocolClient.java:onNext(254)) - client-2EC808601240->374189d0-76c5-49d2-81b4-45a4af1368a2: receive RaftClientReply:client-2EC808601240->374189d0-76c5-49d2-81b4-45a4af1368a2@group-30B6692CD68C, cid=2006, SUCCESS, logIndex=3408, commits[374189d0-76c5-49d2-81b4-45a4af1368a2:c3408]
2019-06-14 08:43:02,725 INFO  client.GrpcClientProtocolClient (GrpcClientProtocolClient.java:onNext(254)) - client-2EC808601240->374189d0-76c5-49d2-81b4-45a4af1368a2: receive RaftClientReply:client-2EC808601240->374189d0-76c5-49d2-81b4-45a4af1368a2@group-30B6692CD68C, cid=2007, SUCCESS, logIndex=3410, commits[374189d0-76c5-49d2-81b4-45a4af1368a2:c3411]
2019-06-14 08:43:02,726 INFO  client.GrpcClientProtocolClient (GrpcClientProtocolClient.java:onNext(254)) - client-2EC808601240->374189d0-76c5-49d2-81b4-45a4af1368a2: receive RaftClientReply:client-2EC808601240->374189d0-76c5-49d2-81b4-45a4af1368a2@group-30B6692CD68C, cid=2008, SUCCESS, logIndex=3411, commits[374189d0-76c5-49d2-81b4-45a4af1368a2:c3411]
2019-06-14 08:43:02,734 INFO  client.GrpcClientProtocolClient (GrpcClientProtocolClient.java:onNext(254)) - client-2EC808601240->374189d0-76c5-49d2-81b4-45a4af1368a2: receive RaftClientReply:client-2EC808601240->374189d0-76c5-49d2-81b4-45a4af1368a2@group-30B6692CD68C, cid=2009, SUCCESS, logIndex=3413, commits[374189d0-76c5-49d2-81b4-45a4af1368a2:c3413]
2019-06-14 08:43:02,737 INFO  client.GrpcClientProtocolClient (GrpcClientProtocolClient.java:onNext(254)) - client-2EC808601240->374189d0-76c5-49d2-81b4-45a4af1368a2: receive RaftClientReply:client-2EC808601240->374189d0-76c5-49d2-81b4-45a4af1368a2@group-30B6692CD68C, cid=2010, SUCCESS, logIndex=3415, commits[374189d0-76c5-49d2-81b4-45a4af1368a2:c3417]
2019-06-14 08:43:02,737 INFO  client.GrpcClientProtocolClient (GrpcClientProtocolClient.java:onNext(254)) - client-2EC808601240->374189d0-76c5-49d2-81b4-45a4af1368a2: receive RaftClientReply:client-2EC808601240->374189d0-76c5-49d2-81b4-45a4af1368a2@group-30B6692CD68C, cid=2011, SUCCESS, logIndex=3416, commits[374189d0-76c5-49d2-81b4-45a4af1368a2:c3417]
2019-06-14 08:43:02,738 INFO  client.GrpcClientProtocolClient (GrpcClientProtocolClient.java:onNext(254)) - client-2EC808601240->374189d0-76c5-49d2-81b4-45a4af1368a2: receive RaftClientReply:client-2EC808601240->374189d0-76c5-49d2-81b4-45a4af1368a2@group-30B6692CD68C, cid=2012, SUCCESS, logIndex=3417, commits[374189d0-76c5-49d2-81b4-45a4af1368a2:c3418]
2019-06-14 08:43:02,742 INFO  client.GrpcClientProtocolClient (GrpcClientProtocolClient.java:onNext(254)) - client-2EC808601240->374189d0-76c5-49d2-81b4-45a4af1368a2: receive RaftClientReply:client-2EC808601240->374189d0-76c5-49d2-81b4-45a4af1368a2@group-30B6692CD68C, cid=2013, SUCCESS, logIndex=3419, commits[374189d0-76c5-49d2-81b4-45a4af1368a2:c3419]
2019-06-14 08:43:02,744 INFO  client.GrpcClientProtocolClient (GrpcClientProtocolClient.java:onNext(254)) - client-2EC808601240->374189d0-76c5-49d2-81b4-45a4af1368a2: receive RaftClientReply:client-2EC808601240->374189d0-76c5-49d2-81b4-45a4af1368a2@group-30B6692CD68C, cid=2014, SUCCESS, logIndex=3421, commits[374189d0-76c5-49d2-81b4-45a4af1368a2:c3421]
2019-06-14 08:43:02,745 INFO  client.GrpcClientProtocolClient (GrpcClientProtocolClient.java:onNext(254)) - client-2EC808601240->374189d0-76c5-49d2-81b4-45a4af1368a2: receive RaftClientReply:client-2EC808601240->374189d0-76c5-49d2-81b4-45a4af1368a2@group-30B6692CD68C, cid=2015, SUCCESS, logIndex=3422, commits[374189d0-76c5-49d2-81b4-45a4af1368a2:c3424]
2019-06-14 08:43:02,745 INFO  client.GrpcClientProtocolClient (GrpcClientProtocolClient.java:onNext(254)) - client-2EC808601240->374189d0-76c5-49d2-81b4-45a4af1368a2: receive RaftClientReply:client-2EC808601240->374189d0-76c5-49d2-81b4-45a4af1368a2@group-30B6692CD68C, cid=2016, SUCCESS, logIndex=3423, commits[374189d0-76c5-49d2-81b4-45a4af1368a2:c3424]
2019-06-14 08:43:02,754 INFO  client.GrpcClientProtocolClient (GrpcClientProtocolClient.java:onNext(254)) - client-2EC808601240->374189d0-76c5-49d2-81b4-45a4af1368a2: receive RaftClientReply:client-2EC808601240->374189d0-76c5-49d2-81b4-45a4af1368a2@group-30B6692CD68C, cid=2017, SUCCESS, logIndex=3425, commits[374189d0-76c5-49d2-81b4-45a4af1368a2:c3425]
2019-06-14 08:43:02,754 INFO  storage.RaftLogWorker (RaftLogWorker.java:rollLogSegment(303)) - 374189d0-76c5-49d2-81b4-45a4af1368a2-RaftLogWorker: Rolling segment log-3361_3427 to index:3427
2019-06-14 08:43:02,755 INFO  storage.RaftLogWorker (RaftLogWorker.java:execute(433)) - 374189d0-76c5-49d2-81b4-45a4af1368a2-RaftLogWorker: Rolled log segment from /opt/src/hadoop-ozone/integration-test/target/test-dir/MiniOzoneClusterImpl-1994f8b8-dd4d-445c-bf25-0c6d40f9b14d/datanode-0/data/ratis/99d0acb8-99ce-4814-8259-30b6692cd68c/current/log_inprogress_3361 to /opt/src/hadoop-ozone/integration-test/target/test-dir/MiniOzoneClusterImpl-1994f8b8-dd4d-445c-bf25-0c6d40f9b14d/datanode-0/data/ratis/99d0acb8-99ce-4814-8259-30b6692cd68c/current/log_3361-3427
2019-06-14 08:43:02,756 DEBUG block.SCMBlockDeletingService (SCMBlockDeletingService.java:call(138)) - Running DeletedBlockTransactionScanner
2019-06-14 08:43:02,756 DEBUG block.SCMBlockDeletingService (SCMBlockDeletingService.java:call(155)) - Scanned deleted blocks log and got 0 delTX to process.
2019-06-14 08:43:02,759 INFO  client.GrpcClientProtocolClient (GrpcClientProtocolClient.java:onNext(254)) - client-2EC808601240->374189d0-76c5-49d2-81b4-45a4af1368a2: receive RaftClientReply:client-2EC808601240->374189d0-76c5-49d2-81b4-45a4af1368a2@group-30B6692CD68C, cid=2018, SUCCESS, logIndex=3427, commits[374189d0-76c5-49d2-81b4-45a4af1368a2:c3427]
2019-06-14 08:43:02,790 INFO  storage.RaftLogWorker (RaftLogWorker.java:execute(469)) - 374189d0-76c5-49d2-81b4-45a4af1368a2-RaftLogWorker: created new log segment /opt/src/hadoop-ozone/integration-test/target/test-dir/MiniOzoneClusterImpl-1994f8b8-dd4d-445c-bf25-0c6d40f9b14d/datanode-0/data/ratis/99d0acb8-99ce-4814-8259-30b6692cd68c/current/log_inprogress_3428
2019-06-14 08:43:02,792 INFO  client.GrpcClientProtocolClient (GrpcClientProtocolClient.java:onNext(254)) - client-2EC808601240->374189d0-76c5-49d2-81b4-45a4af1368a2: receive RaftClientReply:client-2EC808601240->374189d0-76c5-49d2-81b4-45a4af1368a2@group-30B6692CD68C, cid=2019, SUCCESS, logIndex=3428, commits[374189d0-76c5-49d2-81b4-45a4af1368a2:c3430]
2019-06-14 08:43:02,792 INFO  client.GrpcClientProtocolClient (GrpcClientProtocolClient.java:onNext(254)) - client-2EC808601240->374189d0-76c5-49d2-81b4-45a4af1368a2: receive RaftClientReply:client-2EC808601240->374189d0-76c5-49d2-81b4-45a4af1368a2@group-30B6692CD68C, cid=2020, SUCCESS, logIndex=3430, commits[374189d0-76c5-49d2-81b4-45a4af1368a2:c3431]
2019-06-14 08:43:02,798 INFO  client.GrpcClientProtocolClient (GrpcClientProtocolClient.java:onNext(254)) - client-2EC808601240->374189d0-76c5-49d2-81b4-45a4af1368a2: receive RaftClientReply:client-2EC808601240->374189d0-76c5-49d2-81b4-45a4af1368a2@group-30B6692CD68C, cid=2021, SUCCESS, logIndex=3432, commits[374189d0-76c5-49d2-81b4-45a4af1368a2:c3432]
2019-06-14 08:43:02,799 INFO  client.GrpcClientProtocolClient (GrpcClientProtocolClient.java:onNext(254)) - client-2EC808601240->374189d0-76c5-49d2-81b4-45a4af1368a2: receive RaftClientReply:client-2EC808601240->374189d0-76c5-49d2-81b4-45a4af1368a2@group-30B6692CD68C, cid=2022, SUCCESS, logIndex=3434, commits[374189d0-76c5-49d2-81b4-45a4af1368a2:c3434]
2019-06-14 08:43:02,800 INFO  client.GrpcClientProtocolClient (GrpcClientProtocolClient.java:onNext(254)) - client-2EC808601240->374189d0-76c5-49d2-81b4-45a4af1368a2: receive RaftClientReply:client-2EC808601240->374189d0-76c5-49d2-81b4-45a4af1368a2@group-30B6692CD68C, cid=2023, SUCCESS, logIndex=3435, commits[374189d0-76c5-49d2-81b4-45a4af1368a2:c3436]
2019-06-14 08:43:02,801 INFO  client.GrpcClientProtocolClient (GrpcClientProtocolClient.java:onNext(254)) - client-2EC808601240->374189d0-76c5-49d2-81b4-45a4af1368a2: receive RaftClientReply:client-2EC808601240->374189d0-76c5-49d2-81b4-45a4af1368a2@group-30B6692CD68C, cid=2024, SUCCESS, logIndex=3437, commits[374189d0-76c5-49d2-81b4-45a4af1368a2:c3437]
2019-06-14 08:43:02,810 INFO  client.GrpcClientProtocolClient (GrpcClientProtocolClient.java:onNext(254)) - client-2EC808601240->374189d0-76c5-49d2-81b4-45a4af1368a2: receive RaftClientReply:client-2EC808601240->374189d0-76c5-49d2-81b4-45a4af1368a2@group-30B6692CD68C, cid=2025, SUCCESS, logIndex=3439, commits[374189d0-76c5-49d2-81b4-45a4af1368a2:c3439]
2019-06-14 08:43:02,812 INFO  client.GrpcClientProtocolClient (GrpcClientProtocolClient.java:onNext(254)) - client-2EC808601240->374189d0-76c5-49d2-81b4-45a4af1368a2: receive RaftClientReply:client-2EC808601240->374189d0-76c5-49d2-81b4-45a4af1368a2@group-30B6692CD68C, cid=2026, SUCCESS, logIndex=3441, commits[374189d0-76c5-49d2-81b4-45a4af1368a2:c3441]
2019-06-14 08:43:02,813 INFO  client.GrpcClientProtocolClient (GrpcClientProtocolClient.java:onNext(254)) - client-2EC808601240->374189d0-76c5-49d2-81b4-45a4af1368a2: receive RaftClientReply:client-2EC808601240->374189d0-76c5-49d2-81b4-45a4af1368a2@group-30B6692CD68C, cid=2027, SUCCESS, logIndex=3442, commits[374189d0-76c5-49d2-81b4-45a4af1368a2:c3444]
2019-06-14 08:43:02,814 INFO  client.GrpcClientProtocolClient (GrpcClientProtocolClient.java:onNext(254)) - client-2EC808601240->374189d0-76c5-49d2-81b4-45a4af1368a2: receive RaftClientReply:client-2EC808601240->374189d0-76c5-49d2-81b4-45a4af1368a2@group-30B6692CD68C, cid=2028, SUCCESS, logIndex=3443, commits[374189d0-76c5-49d2-81b4-45a4af1368a2:c3444]
2019-06-14 08:43:02,819 INFO  client.GrpcClientProtocolClient (GrpcClientProtocolClient.java:onNext(254)) - client-2EC808601240->374189d0-76c5-49d2-81b4-45a4af1368a2: receive RaftClientReply:client-2EC808601240->374189d0-76c5-49d2-81b4-45a4af1368a2@group-30B6692CD68C, cid=2029, SUCCESS, logIndex=3445, commits[374189d0-76c5-49d2-81b4-45a4af1368a2:c3445]
2019-06-14 08:43:02,820 INFO  client.GrpcClientProtocolClient (GrpcClientProtocolClient.java:onNext(254)) - client-2EC808601240->374189d0-76c5-49d2-81b4-45a4af1368a2: receive RaftClientReply:client-2EC808601240->374189d0-76c5-49d2-81b4-45a4af1368a2@group-30B6692CD68C, cid=2030, SUCCESS, logIndex=3447, commits[374189d0-76c5-49d2-81b4-45a4af1368a2:c3447]
2019-06-14 08:43:02,821 INFO  client.GrpcClientProtocolClient (GrpcClientProtocolClient.java:onNext(254)) - client-2EC808601240->374189d0-76c5-49d2-81b4-45a4af1368a2: receive RaftClientReply:client-2EC808601240->374189d0-76c5-49d2-81b4-45a4af1368a2@group-30B6692CD68C, cid=2031, SUCCESS, logIndex=3448, commits[374189d0-76c5-49d2-81b4-45a4af1368a2:c3450]
2019-06-14 08:43:02,822 INFO  client.GrpcClientProtocolClient (GrpcClientProtocolClient.java:onNext(254)) - client-2EC808601240->374189d0-76c5-49d2-81b4-45a4af1368a2: receive RaftClientReply:client-2EC808601240->374189d0-76c5-49d2-81b4-45a4af1368a2@group-30B6692CD68C, cid=2032, SUCCESS, logIndex=3449, commits[374189d0-76c5-49d2-81b4-45a4af1368a2:c3450]
2019-06-14 08:43:02,857 DEBUG block.SCMBlockDeletingService (SCMBlockDeletingService.java:call(138)) - Running DeletedBlockTransactionScanner
2019-06-14 08:43:02,857 DEBUG block.SCMBlockDeletingService (SCMBlockDeletingService.java:call(155)) - Scanned deleted blocks log and got 0 delTX to process.
2019-06-14 08:43:02,900 INFO  client.GrpcClientProtocolClient (GrpcClientProtocolClient.java:onNext(254)) - client-2EC808601240->374189d0-76c5-49d2-81b4-45a4af1368a2: receive RaftClientReply:client-2EC808601240->374189d0-76c5-49d2-81b4-45a4af1368a2@group-30B6692CD68C, cid=2033, SUCCESS, logIndex=3451, commits[374189d0-76c5-49d2-81b4-45a4af1368a2:c3451]
2019-06-14 08:43:02,903 INFO  client.GrpcClientProtocolClient (GrpcClientProtocolClient.java:onNext(254)) - client-2EC808601240->374189d0-76c5-49d2-81b4-45a4af1368a2: receive RaftClientReply:client-2EC808601240->374189d0-76c5-49d2-81b4-45a4af1368a2@group-30B6692CD68C, cid=2034, SUCCESS, logIndex=3453, commits[374189d0-76c5-49d2-81b4-45a4af1368a2:c3453]
2019-06-14 08:43:02,904 INFO  client.GrpcClientProtocolClient (GrpcClientProtocolClient.java:onNext(254)) - client-2EC808601240->374189d0-76c5-49d2-81b4-45a4af1368a2: receive RaftClientReply:client-2EC808601240->374189d0-76c5-49d2-81b4-45a4af1368a2@group-30B6692CD68C, cid=2035, SUCCESS, logIndex=3454, commits[374189d0-76c5-49d2-81b4-45a4af1368a2:c3456]
2019-06-14 08:43:02,904 INFO  client.GrpcClientProtocolClient (GrpcClientProtocolClient.java:onNext(254)) - client-2EC808601240->374189d0-76c5-49d2-81b4-45a4af1368a2: receive RaftClientReply:client-2EC808601240->374189d0-76c5-49d2-81b4-45a4af1368a2@group-30B6692CD68C, cid=2036, SUCCESS, logIndex=3455, commits[374189d0-76c5-49d2-81b4-45a4af1368a2:c3456]
2019-06-14 08:43:02,909 INFO  client.GrpcClientProtocolClient (GrpcClientProtocolClient.java:onNext(254)) - client-2EC808601240->374189d0-76c5-49d2-81b4-45a4af1368a2: receive RaftClientReply:client-2EC808601240->374189d0-76c5-49d2-81b4-45a4af1368a2@group-30B6692CD68C, cid=2037, SUCCESS, logIndex=3457, commits[374189d0-76c5-49d2-81b4-45a4af1368a2:c3457]
2019-06-14 08:43:02,915 INFO  client.GrpcClientProtocolClient (GrpcClientProtocolClient.java:onNext(254)) - client-2EC808601240->374189d0-76c5-49d2-81b4-45a4af1368a2: receive RaftClientReply:client-2EC808601240->374189d0-76c5-49d2-81b4-45a4af1368a2@group-30B6692CD68C, cid=2038, SUCCESS, logIndex=3459, commits[374189d0-76c5-49d2-81b4-45a4af1368a2:c3459]
2019-06-14 08:43:02,915 INFO  client.GrpcClientProtocolClient (GrpcClientProtocolClient.java:onNext(254)) - client-2EC808601240->374189d0-76c5-49d2-81b4-45a4af1368a2: receive RaftClientReply:client-2EC808601240->374189d0-76c5-49d2-81b4-45a4af1368a2@group-30B6692CD68C, cid=2039, SUCCESS, logIndex=3460, commits[374189d0-76c5-49d2-81b4-45a4af1368a2:c3462]
2019-06-14 08:43:02,916 INFO  client.GrpcClientProtocolClient (GrpcClientProtocolClient.java:onNext(254)) - client-2EC808601240->374189d0-76c5-49d2-81b4-45a4af1368a2: receive RaftClientReply:client-2EC808601240->374189d0-76c5-49d2-81b4-45a4af1368a2@group-30B6692CD68C, cid=2040, SUCCESS, logIndex=3461, commits[374189d0-76c5-49d2-81b4-45a4af1368a2:c3462]
2019-06-14 08:43:02,927 INFO  client.GrpcClientProtocolClient (GrpcClientProtocolClient.java:onNext(254)) - client-2EC808601240->374189d0-76c5-49d2-81b4-45a4af1368a2: receive RaftClientReply:client-2EC808601240->374189d0-76c5-49d2-81b4-45a4af1368a2@group-30B6692CD68C, cid=2041, SUCCESS, logIndex=3463, commits[374189d0-76c5-49d2-81b4-45a4af1368a2:c3463]
2019-06-14 08:43:02,931 INFO  client.GrpcClientProtocolClient (GrpcClientProtocolClient.java:onNext(254)) - client-2EC808601240->374189d0-76c5-49d2-81b4-45a4af1368a2: receive RaftClientReply:client-2EC808601240->374189d0-76c5-49d2-81b4-45a4af1368a2@group-30B6692CD68C, cid=2042, SUCCESS, logIndex=3465, commits[374189d0-76c5-49d2-81b4-45a4af1368a2:c3465]
2019-06-14 08:43:02,931 INFO  client.GrpcClientProtocolClient (GrpcClientProtocolClient.java:onNext(254)) - client-2EC808601240->374189d0-76c5-49d2-81b4-45a4af1368a2: receive RaftClientReply:client-2EC808601240->374189d0-76c5-49d2-81b4-45a4af1368a2@group-30B6692CD68C, cid=2043, SUCCESS, logIndex=3466, commits[374189d0-76c5-49d2-81b4-45a4af1368a2:c3468]
2019-06-14 08:43:02,932 INFO  client.GrpcClientProtocolClient (GrpcClientProtocolClient.java:onNext(254)) - client-2EC808601240->374189d0-76c5-49d2-81b4-45a4af1368a2: receive RaftClientReply:client-2EC808601240->374189d0-76c5-49d2-81b4-45a4af1368a2@group-30B6692CD68C, cid=2044, SUCCESS, logIndex=3467, commits[374189d0-76c5-49d2-81b4-45a4af1368a2:c3468]
2019-06-14 08:43:02,937 INFO  client.GrpcClientProtocolClient (GrpcClientProtocolClient.java:onNext(254)) - client-2EC808601240->374189d0-76c5-49d2-81b4-45a4af1368a2: receive RaftClientReply:client-2EC808601240->374189d0-76c5-49d2-81b4-45a4af1368a2@group-30B6692CD68C, cid=2045, SUCCESS, logIndex=3469, commits[374189d0-76c5-49d2-81b4-45a4af1368a2:c3469]
2019-06-14 08:43:02,938 INFO  client.GrpcClientProtocolClient (GrpcClientProtocolClient.java:onNext(254)) - client-2EC808601240->374189d0-76c5-49d2-81b4-45a4af1368a2: receive RaftClientReply:client-2EC808601240->374189d0-76c5-49d2-81b4-45a4af1368a2@group-30B6692CD68C, cid=2046, SUCCESS, logIndex=3471, commits[374189d0-76c5-49d2-81b4-45a4af1368a2:c3471]
2019-06-14 08:43:02,940 INFO  client.GrpcClientProtocolClient (GrpcClientProtocolClient.java:onNext(254)) - client-2EC808601240->374189d0-76c5-49d2-81b4-45a4af1368a2: receive RaftClientReply:client-2EC808601240->374189d0-76c5-49d2-81b4-45a4af1368a2@group-30B6692CD68C, cid=2047, SUCCESS, logIndex=3473, commits[374189d0-76c5-49d2-81b4-45a4af1368a2:c3474]
2019-06-14 08:43:02,941 INFO  client.GrpcClientProtocolClient (GrpcClientProtocolClient.java:onNext(254)) - client-2EC808601240->374189d0-76c5-49d2-81b4-45a4af1368a2: receive RaftClientReply:client-2EC808601240->374189d0-76c5-49d2-81b4-45a4af1368a2@group-30B6692CD68C, cid=2048, SUCCESS, logIndex=3474, commits[374189d0-76c5-49d2-81b4-45a4af1368a2:c3475]
2019-06-14 08:43:02,952 INFO  client.GrpcClientProtocolClient (GrpcClientProtocolClient.java:onNext(254)) - client-2EC808601240->374189d0-76c5-49d2-81b4-45a4af1368a2: receive RaftClientReply:client-2EC808601240->374189d0-76c5-49d2-81b4-45a4af1368a2@group-30B6692CD68C, cid=2049, SUCCESS, logIndex=3476, commits[374189d0-76c5-49d2-81b4-45a4af1368a2:c3476]
2019-06-14 08:43:02,954 INFO  client.GrpcClientProtocolClient (GrpcClientProtocolClient.java:onNext(254)) - client-2EC808601240->374189d0-76c5-49d2-81b4-45a4af1368a2: receive RaftClientReply:client-2EC808601240->374189d0-76c5-49d2-81b4-45a4af1368a2@group-30B6692CD68C, cid=2050, SUCCESS, logIndex=3478, commits[374189d0-76c5-49d2-81b4-45a4af1368a2:c3478]
2019-06-14 08:43:02,955 INFO  client.GrpcClientProtocolClient (GrpcClientProtocolClient.java:onNext(254)) - client-2EC808601240->374189d0-76c5-49d2-81b4-45a4af1368a2: receive RaftClientReply:client-2EC808601240->374189d0-76c5-49d2-81b4-45a4af1368a2@group-30B6692CD68C, cid=2051, SUCCESS, logIndex=3479, commits[374189d0-76c5-49d2-81b4-45a4af1368a2:c3481]
2019-06-14 08:43:02,955 INFO  client.GrpcClientProtocolClient (GrpcClientProtocolClient.java:onNext(254)) - client-2EC808601240->374189d0-76c5-49d2-81b4-45a4af1368a2: receive RaftClientReply:client-2EC808601240->374189d0-76c5-49d2-81b4-45a4af1368a2@group-30B6692CD68C, cid=2052, SUCCESS, logIndex=3480, commits[374189d0-76c5-49d2-81b4-45a4af1368a2:c3481]
2019-06-14 08:43:02,957 DEBUG block.SCMBlockDeletingService (SCMBlockDeletingService.java:call(138)) - Running DeletedBlockTransactionScanner
2019-06-14 08:43:02,957 DEBUG block.SCMBlockDeletingService (SCMBlockDeletingService.java:call(155)) - Scanned deleted blocks log and got 0 delTX to process.
2019-06-14 08:43:02,960 INFO  client.GrpcClientProtocolClient (GrpcClientProtocolClient.java:onNext(254)) - client-2EC808601240->374189d0-76c5-49d2-81b4-45a4af1368a2: receive RaftClientReply:client-2EC808601240->374189d0-76c5-49d2-81b4-45a4af1368a2@group-30B6692CD68C, cid=2053, SUCCESS, logIndex=3482, commits[374189d0-76c5-49d2-81b4-45a4af1368a2:c3482]
2019-06-14 08:43:02,961 INFO  client.GrpcClientProtocolClient (GrpcClientProtocolClient.java:onNext(254)) - client-2EC808601240->374189d0-76c5-49d2-81b4-45a4af1368a2: receive RaftClientReply:client-2EC808601240->374189d0-76c5-49d2-81b4-45a4af1368a2@group-30B6692CD68C, cid=2054, SUCCESS, logIndex=3484, commits[374189d0-76c5-49d2-81b4-45a4af1368a2:c3484]
2019-06-14 08:43:02,962 INFO  client.GrpcClientProtocolClient (GrpcClientProtocolClient.java:onNext(254)) - client-2EC808601240->374189d0-76c5-49d2-81b4-45a4af1368a2: receive RaftClientReply:client-2EC808601240->374189d0-76c5-49d2-81b4-45a4af1368a2@group-30B6692CD68C, cid=2055, SUCCESS, logIndex=3485, commits[374189d0-76c5-49d2-81b4-45a4af1368a2:c3487]
2019-06-14 08:43:02,962 INFO  client.GrpcClientProtocolClient (GrpcClientProtocolClient.java:onNext(254)) - client-2EC808601240->374189d0-76c5-49d2-81b4-45a4af1368a2: receive RaftClientReply:client-2EC808601240->374189d0-76c5-49d2-81b4-45a4af1368a2@group-30B6692CD68C, cid=2056, SUCCESS, logIndex=3486, commits[374189d0-76c5-49d2-81b4-45a4af1368a2:c3487]
2019-06-14 08:43:02,972 INFO  client.GrpcClientProtocolClient (GrpcClientProtocolClient.java:onNext(254)) - client-2EC808601240->374189d0-76c5-49d2-81b4-45a4af1368a2: receive RaftClientReply:client-2EC808601240->374189d0-76c5-49d2-81b4-45a4af1368a2@group-30B6692CD68C, cid=2057, SUCCESS, logIndex=3488, commits[374189d0-76c5-49d2-81b4-45a4af1368a2:c3488]
2019-06-14 08:43:02,973 INFO  client.GrpcClientProtocolClient (GrpcClientProtocolClient.java:onNext(254)) - client-2EC808601240->374189d0-76c5-49d2-81b4-45a4af1368a2: receive RaftClientReply:client-2EC808601240->374189d0-76c5-49d2-81b4-45a4af1368a2@group-30B6692CD68C, cid=2058, SUCCESS, logIndex=3490, commits[374189d0-76c5-49d2-81b4-45a4af1368a2:c3490]
2019-06-14 08:43:02,975 INFO  client.GrpcClientProtocolClient (GrpcClientProtocolClient.java:onNext(254)) - client-2EC808601240->374189d0-76c5-49d2-81b4-45a4af1368a2: receive RaftClientReply:client-2EC808601240->374189d0-76c5-49d2-81b4-45a4af1368a2@group-30B6692CD68C, cid=2059, SUCCESS, logIndex=3492, commits[374189d0-76c5-49d2-81b4-45a4af1368a2:c3493]
2019-06-14 08:43:02,976 INFO  client.GrpcClientProtocolClient (GrpcClientProtocolClient.java:onNext(254)) - client-2EC808601240->374189d0-76c5-49d2-81b4-45a4af1368a2: receive RaftClientReply:client-2EC808601240->374189d0-76c5-49d2-81b4-45a4af1368a2@group-30B6692CD68C, cid=2060, SUCCESS, logIndex=3493, commits[374189d0-76c5-49d2-81b4-45a4af1368a2:c3493]
2019-06-14 08:43:02,981 INFO  client.GrpcClientProtocolClient (GrpcClientProtocolClient.java:onNext(254)) - client-2EC808601240->374189d0-76c5-49d2-81b4-45a4af1368a2: receive RaftClientReply:client-2EC808601240->374189d0-76c5-49d2-81b4-45a4af1368a2@group-30B6692CD68C, cid=2061, SUCCESS, logIndex=3495, commits[374189d0-76c5-49d2-81b4-45a4af1368a2:c3495]
2019-06-14 08:43:02,981 INFO  storage.RaftLogWorker (RaftLogWorker.java:rollLogSegment(303)) - 374189d0-76c5-49d2-81b4-45a4af1368a2-RaftLogWorker: Rolling segment log-3428_3496 to index:3496
2019-06-14 08:43:02,982 INFO  storage.RaftLogWorker (RaftLogWorker.java:execute(433)) - 374189d0-76c5-49d2-81b4-45a4af1368a2-RaftLogWorker: Rolled log segment from /opt/src/hadoop-ozone/integration-test/target/test-dir/MiniOzoneClusterImpl-1994f8b8-dd4d-445c-bf25-0c6d40f9b14d/datanode-0/data/ratis/99d0acb8-99ce-4814-8259-30b6692cd68c/current/log_inprogress_3428 to /opt/src/hadoop-ozone/integration-test/target/test-dir/MiniOzoneClusterImpl-1994f8b8-dd4d-445c-bf25-0c6d40f9b14d/datanode-0/data/ratis/99d0acb8-99ce-4814-8259-30b6692cd68c/current/log_3428-3496
2019-06-14 08:43:03,021 INFO  storage.RaftLogWorker (RaftLogWorker.java:execute(469)) - 374189d0-76c5-49d2-81b4-45a4af1368a2-RaftLogWorker: created new log segment /opt/src/hadoop-ozone/integration-test/target/test-dir/MiniOzoneClusterImpl-1994f8b8-dd4d-445c-bf25-0c6d40f9b14d/datanode-0/data/ratis/99d0acb8-99ce-4814-8259-30b6692cd68c/current/log_inprogress_3497
2019-06-14 08:43:03,023 INFO  client.GrpcClientProtocolClient (GrpcClientProtocolClient.java:onNext(254)) - client-2EC808601240->374189d0-76c5-49d2-81b4-45a4af1368a2: receive RaftClientReply:client-2EC808601240->374189d0-76c5-49d2-81b4-45a4af1368a2@group-30B6692CD68C, cid=2062, SUCCESS, logIndex=3497, commits[374189d0-76c5-49d2-81b4-45a4af1368a2:c3499]
2019-06-14 08:43:03,023 INFO  client.GrpcClientProtocolClient (GrpcClientProtocolClient.java:onNext(254)) - client-2EC808601240->374189d0-76c5-49d2-81b4-45a4af1368a2: receive RaftClientReply:client-2EC808601240->374189d0-76c5-49d2-81b4-45a4af1368a2@group-30B6692CD68C, cid=2063, SUCCESS, logIndex=3498, commits[374189d0-76c5-49d2-81b4-45a4af1368a2:c3500]
2019-06-14 08:43:03,023 INFO  client.GrpcClientProtocolClient (GrpcClientProtocolClient.java:onNext(254)) - client-2EC808601240->374189d0-76c5-49d2-81b4-45a4af1368a2: receive RaftClientReply:client-2EC808601240->374189d0-76c5-49d2-81b4-45a4af1368a2@group-30B6692CD68C, cid=2064, SUCCESS, logIndex=3499, commits[374189d0-76c5-49d2-81b4-45a4af1368a2:c3500]
2019-06-14 08:43:03,032 INFO  client.GrpcClientProtocolClient (GrpcClientProtocolClient.java:onNext(254)) - client-2EC808601240->374189d0-76c5-49d2-81b4-45a4af1368a2: receive RaftClientReply:client-2EC808601240->374189d0-76c5-49d2-81b4-45a4af1368a2@group-30B6692CD68C, cid=2065, SUCCESS, logIndex=3501, commits[374189d0-76c5-49d2-81b4-45a4af1368a2:c3501]
2019-06-14 08:43:03,035 INFO  client.GrpcClientProtocolClient (GrpcClientProtocolClient.java:onNext(254)) - client-2EC808601240->374189d0-76c5-49d2-81b4-45a4af1368a2: receive RaftClientReply:client-2EC808601240->374189d0-76c5-49d2-81b4-45a4af1368a2@group-30B6692CD68C, cid=2066, SUCCESS, logIndex=3503, commits[374189d0-76c5-49d2-81b4-45a4af1368a2:c3503]
2019-06-14 08:43:03,035 INFO  client.GrpcClientProtocolClient (GrpcClientProtocolClient.java:onNext(254)) - client-2EC808601240->374189d0-76c5-49d2-81b4-45a4af1368a2: receive RaftClientReply:client-2EC808601240->374189d0-76c5-49d2-81b4-45a4af1368a2@group-30B6692CD68C, cid=2067, SUCCESS, logIndex=3504, commits[374189d0-76c5-49d2-81b4-45a4af1368a2:c3506]
2019-06-14 08:43:03,036 INFO  client.GrpcClientProtocolClient (GrpcClientProtocolClient.java:onNext(254)) - client-2EC808601240->374189d0-76c5-49d2-81b4-45a4af1368a2: receive RaftClientReply:client-2EC808601240->374189d0-76c5-49d2-81b4-45a4af1368a2@group-30B6692CD68C, cid=2068, SUCCESS, logIndex=3505, commits[374189d0-76c5-49d2-81b4-45a4af1368a2:c3506]
2019-06-14 08:43:03,041 INFO  client.GrpcClientProtocolClient (GrpcClientProtocolClient.java:onNext(254)) - client-2EC808601240->374189d0-76c5-49d2-81b4-45a4af1368a2: receive RaftClientReply:client-2EC808601240->374189d0-76c5-49d2-81b4-45a4af1368a2@group-30B6692CD68C, cid=2069, SUCCESS, logIndex=3507, commits[374189d0-76c5-49d2-81b4-45a4af1368a2:c3507]
2019-06-14 08:43:03,042 INFO  client.GrpcClientProtocolClient (GrpcClientProtocolClient.java:onNext(254)) - client-2EC808601240->374189d0-76c5-49d2-81b4-45a4af1368a2: receive RaftClientReply:client-2EC808601240->374189d0-76c5-49d2-81b4-45a4af1368a2@group-30B6692CD68C, cid=2070, SUCCESS, logIndex=3509, commits[374189d0-76c5-49d2-81b4-45a4af1368a2:c3509]
2019-06-14 08:43:03,043 INFO  client.GrpcClientProtocolClient (GrpcClientProtocolClient.java:onNext(254)) - client-2EC808601240->374189d0-76c5-49d2-81b4-45a4af1368a2: receive RaftClientReply:client-2EC808601240->374189d0-76c5-49d2-81b4-45a4af1368a2@group-30B6692CD68C, cid=2071, SUCCESS, logIndex=3510, commits[374189d0-76c5-49d2-81b4-45a4af1368a2:c3512]
2019-06-14 08:43:03,043 INFO  client.GrpcClientProtocolClient (GrpcClientProtocolClient.java:onNext(254)) - client-2EC808601240->374189d0-76c5-49d2-81b4-45a4af1368a2: receive RaftClientReply:client-2EC808601240->374189d0-76c5-49d2-81b4-45a4af1368a2@group-30B6692CD68C, cid=2072, SUCCESS, logIndex=3511, commits[374189d0-76c5-49d2-81b4-45a4af1368a2:c3512]
2019-06-14 08:43:03,054 INFO  client.GrpcClientProtocolClient (GrpcClientProtocolClient.java:onNext(254)) - client-2EC808601240->374189d0-76c5-49d2-81b4-45a4af1368a2: receive RaftClientReply:client-2EC808601240->374189d0-76c5-49d2-81b4-45a4af1368a2@group-30B6692CD68C, cid=2073, SUCCESS, logIndex=3513, commits[374189d0-76c5-49d2-81b4-45a4af1368a2:c3513]
2019-06-14 08:43:03,055 INFO  client.GrpcClientProtocolClient (GrpcClientProtocolClient.java:onNext(254)) - client-2EC808601240->374189d0-76c5-49d2-81b4-45a4af1368a2: receive RaftClientReply:client-2EC808601240->374189d0-76c5-49d2-81b4-45a4af1368a2@group-30B6692CD68C, cid=2074, SUCCESS, logIndex=3515, commits[374189d0-76c5-49d2-81b4-45a4af1368a2:c3515]
2019-06-14 08:43:03,056 INFO  client.GrpcClientProtocolClient (GrpcClientProtocolClient.java:onNext(254)) - client-2EC808601240->374189d0-76c5-49d2-81b4-45a4af1368a2: receive RaftClientReply:client-2EC808601240->374189d0-76c5-49d2-81b4-45a4af1368a2@group-30B6692CD68C, cid=2075, SUCCESS, logIndex=3516, commits[374189d0-76c5-49d2-81b4-45a4af1368a2:c3518]
2019-06-14 08:43:03,056 INFO  client.GrpcClientProtocolClient (GrpcClientProtocolClient.java:onNext(254)) - client-2EC808601240->374189d0-76c5-49d2-81b4-45a4af1368a2: receive RaftClientReply:client-2EC808601240->374189d0-76c5-49d2-81b4-45a4af1368a2@group-30B6692CD68C, cid=2076, SUCCESS, logIndex=3517, commits[374189d0-76c5-49d2-81b4-45a4af1368a2:c3518]
2019-06-14 08:43:03,057 DEBUG block.SCMBlockDeletingService (SCMBlockDeletingService.java:call(138)) - Running DeletedBlockTransactionScanner
2019-06-14 08:43:03,057 DEBUG block.SCMBlockDeletingService (SCMBlockDeletingService.java:call(155)) - Scanned deleted blocks log and got 0 delTX to process.
2019-06-14 08:43:03,129 INFO  client.GrpcClientProtocolClient (GrpcClientProtocolClient.java:onNext(254)) - client-2EC808601240->374189d0-76c5-49d2-81b4-45a4af1368a2: receive RaftClientReply:client-2EC808601240->374189d0-76c5-49d2-81b4-45a4af1368a2@group-30B6692CD68C, cid=2077, SUCCESS, logIndex=3519, commits[374189d0-76c5-49d2-81b4-45a4af1368a2:c3519]
2019-06-14 08:43:03,133 INFO  client.GrpcClientProtocolClient (GrpcClientProtocolClient.java:onNext(254)) - client-2EC808601240->374189d0-76c5-49d2-81b4-45a4af1368a2: receive RaftClientReply:client-2EC808601240->374189d0-76c5-49d2-81b4-45a4af1368a2@group-30B6692CD68C, cid=2078, SUCCESS, logIndex=3521, commits[374189d0-76c5-49d2-81b4-45a4af1368a2:c3521]
2019-06-14 08:43:03,133 INFO  client.GrpcClientProtocolClient (GrpcClientProtocolClient.java:onNext(254)) - client-2EC808601240->374189d0-76c5-49d2-81b4-45a4af1368a2: receive RaftClientReply:client-2EC808601240->374189d0-76c5-49d2-81b4-45a4af1368a2@group-30B6692CD68C, cid=2079, SUCCESS, logIndex=3522, commits[374189d0-76c5-49d2-81b4-45a4af1368a2:c3524]
2019-06-14 08:43:03,133 INFO  client.GrpcClientProtocolClient (GrpcClientProtocolClient.java:onNext(254)) - client-2EC808601240->374189d0-76c5-49d2-81b4-45a4af1368a2: receive RaftClientReply:client-2EC808601240->374189d0-76c5-49d2-81b4-45a4af1368a2@group-30B6692CD68C, cid=2080, SUCCESS, logIndex=3523, commits[374189d0-76c5-49d2-81b4-45a4af1368a2:c3524]
2019-06-14 08:43:03,417 DEBUG block.SCMBlockDeletingService (SCMBlockDeletingService.java:call(138)) - Running DeletedBlockTransactionScanner
2019-06-14 08:43:03,419 DEBUG block.SCMBlockDeletingService (SCMBlockDeletingService.java:call(155)) - Scanned deleted blocks log and got 0 delTX to process.
2019-06-14 08:43:03,432 INFO  client.GrpcClientProtocolClient (GrpcClientProtocolClient.java:onNext(254)) - client-2EC808601240->374189d0-76c5-49d2-81b4-45a4af1368a2: receive RaftClientReply:client-2EC808601240->374189d0-76c5-49d2-81b4-45a4af1368a2@group-30B6692CD68C, cid=2081, SUCCESS, logIndex=3525, commits[374189d0-76c5-49d2-81b4-45a4af1368a2:c3525]
2019-06-14 08:43:03,433 INFO  client.GrpcClientProtocolClient (GrpcClientProtocolClient.java:onNext(254)) - client-2EC808601240->374189d0-76c5-49d2-81b4-45a4af1368a2: receive RaftClientReply:client-2EC808601240->374189d0-76c5-49d2-81b4-45a4af1368a2@group-30B6692CD68C, cid=2082, SUCCESS, logIndex=3527, commits[374189d0-76c5-49d2-81b4-45a4af1368a2:c3527]
2019-06-14 08:43:03,435 INFO  client.GrpcClientProtocolClient (GrpcClientProtocolClient.java:onNext(254)) - client-2EC808601240->374189d0-76c5-49d2-81b4-45a4af1368a2: receive RaftClientReply:client-2EC808601240->374189d0-76c5-49d2-81b4-45a4af1368a2@group-30B6692CD68C, cid=2083, SUCCESS, logIndex=3528, commits[374189d0-76c5-49d2-81b4-45a4af1368a2:c3530]
2019-06-14 08:43:03,435 INFO  client.GrpcClientProtocolClient (GrpcClientProtocolClient.java:onNext(254)) - client-2EC808601240->374189d0-76c5-49d2-81b4-45a4af1368a2: receive RaftClientReply:client-2EC808601240->374189d0-76c5-49d2-81b4-45a4af1368a2@group-30B6692CD68C, cid=2084, SUCCESS, logIndex=3529, commits[374189d0-76c5-49d2-81b4-45a4af1368a2:c3530]
2019-06-14 08:43:03,440 INFO  client.GrpcClientProtocolClient (GrpcClientProtocolClient.java:onNext(254)) - client-2EC808601240->374189d0-76c5-49d2-81b4-45a4af1368a2: receive RaftClientReply:client-2EC808601240->374189d0-76c5-49d2-81b4-45a4af1368a2@group-30B6692CD68C, cid=2085, SUCCESS, logIndex=3531, commits[374189d0-76c5-49d2-81b4-45a4af1368a2:c3531]
2019-06-14 08:43:03,441 INFO  client.GrpcClientProtocolClient (GrpcClientProtocolClient.java:onNext(254)) - client-2EC808601240->374189d0-76c5-49d2-81b4-45a4af1368a2: receive RaftClientReply:client-2EC808601240->374189d0-76c5-49d2-81b4-45a4af1368a2@group-30B6692CD68C, cid=2086, SUCCESS, logIndex=3533, commits[374189d0-76c5-49d2-81b4-45a4af1368a2:c3533]
2019-06-14 08:43:03,442 INFO  client.GrpcClientProtocolClient (GrpcClientProtocolClient.java:onNext(254)) - client-2EC808601240->374189d0-76c5-49d2-81b4-45a4af1368a2: receive RaftClientReply:client-2EC808601240->374189d0-76c5-49d2-81b4-45a4af1368a2@group-30B6692CD68C, cid=2087, SUCCESS, logIndex=3534, commits[374189d0-76c5-49d2-81b4-45a4af1368a2:c3536]
2019-06-14 08:43:03,443 INFO  client.GrpcClientProtocolClient (GrpcClientProtocolClient.java:onNext(254)) - client-2EC808601240->374189d0-76c5-49d2-81b4-45a4af1368a2: receive RaftClientReply:client-2EC808601240->374189d0-76c5-49d2-81b4-45a4af1368a2@group-30B6692CD68C, cid=2088, SUCCESS, logIndex=3535, commits[374189d0-76c5-49d2-81b4-45a4af1368a2:c3536]
2019-06-14 08:43:03,452 INFO  client.GrpcClientProtocolClient (GrpcClientProtocolClient.java:onNext(254)) - client-2EC808601240->374189d0-76c5-49d2-81b4-45a4af1368a2: receive RaftClientReply:client-2EC808601240->374189d0-76c5-49d2-81b4-45a4af1368a2@group-30B6692CD68C, cid=2089, SUCCESS, logIndex=3537, commits[374189d0-76c5-49d2-81b4-45a4af1368a2:c3537]
2019-06-14 08:43:03,454 INFO  client.GrpcClientProtocolClient (GrpcClientProtocolClient.java:onNext(254)) - client-2EC808601240->374189d0-76c5-49d2-81b4-45a4af1368a2: receive RaftClientReply:client-2EC808601240->374189d0-76c5-49d2-81b4-45a4af1368a2@group-30B6692CD68C, cid=2090, SUCCESS, logIndex=3539, commits[374189d0-76c5-49d2-81b4-45a4af1368a2:c3539]
2019-06-14 08:43:03,455 INFO  client.GrpcClientProtocolClient (GrpcClientProtocolClient.java:onNext(254)) - client-2EC808601240->374189d0-76c5-49d2-81b4-45a4af1368a2: receive RaftClientReply:client-2EC808601240->374189d0-76c5-49d2-81b4-45a4af1368a2@group-30B6692CD68C, cid=2091, SUCCESS, logIndex=3540, commits[374189d0-76c5-49d2-81b4-45a4af1368a2:c3541]
2019-06-14 08:43:03,455 INFO  client.GrpcClientProtocolClient (GrpcClientProtocolClient.java:onNext(254)) - client-2EC808601240->374189d0-76c5-49d2-81b4-45a4af1368a2: receive RaftClientReply:client-2EC808601240->374189d0-76c5-49d2-81b4-45a4af1368a2@group-30B6692CD68C, cid=2092, SUCCESS, logIndex=3541, commits[374189d0-76c5-49d2-81b4-45a4af1368a2:c3541]
2019-06-14 08:43:03,464 INFO  client.GrpcClientProtocolClient (GrpcClientProtocolClient.java:onNext(254)) - client-2EC808601240->374189d0-76c5-49d2-81b4-45a4af1368a2: receive RaftClientReply:client-2EC808601240->374189d0-76c5-49d2-81b4-45a4af1368a2@group-30B6692CD68C, cid=2093, SUCCESS, logIndex=3544, commits[374189d0-76c5-49d2-81b4-45a4af1368a2:c3544]
2019-06-14 08:43:03,465 INFO  client.GrpcClientProtocolClient (GrpcClientProtocolClient.java:onNext(254)) - client-2EC808601240->374189d0-76c5-49d2-81b4-45a4af1368a2: receive RaftClientReply:client-2EC808601240->374189d0-76c5-49d2-81b4-45a4af1368a2@group-30B6692CD68C, cid=2094, SUCCESS, logIndex=3546, commits[374189d0-76c5-49d2-81b4-45a4af1368a2:c3546]
2019-06-14 08:43:03,466 INFO  client.GrpcClientProtocolClient (GrpcClientProtocolClient.java:onNext(254)) - client-2EC808601240->374189d0-76c5-49d2-81b4-45a4af1368a2: receive RaftClientReply:client-2EC808601240->374189d0-76c5-49d2-81b4-45a4af1368a2@group-30B6692CD68C, cid=2095, SUCCESS, logIndex=3547, commits[374189d0-76c5-49d2-81b4-45a4af1368a2:c3549]
2019-06-14 08:43:03,467 INFO  client.GrpcClientProtocolClient (GrpcClientProtocolClient.java:onNext(254)) - client-2EC808601240->374189d0-76c5-49d2-81b4-45a4af1368a2: receive RaftClientReply:client-2EC808601240->374189d0-76c5-49d2-81b4-45a4af1368a2@group-30B6692CD68C, cid=2096, SUCCESS, logIndex=3548, commits[374189d0-76c5-49d2-81b4-45a4af1368a2:c3549]
2019-06-14 08:43:03,475 INFO  client.GrpcClientProtocolClient (GrpcClientProtocolClient.java:onNext(254)) - client-2EC808601240->374189d0-76c5-49d2-81b4-45a4af1368a2: receive RaftClientReply:client-2EC808601240->374189d0-76c5-49d2-81b4-45a4af1368a2@group-30B6692CD68C, cid=2097, SUCCESS, logIndex=3550, commits[374189d0-76c5-49d2-81b4-45a4af1368a2:c3550]
2019-06-14 08:43:03,476 INFO  client.GrpcClientProtocolClient (GrpcClientProtocolClient.java:onNext(254)) - client-2EC808601240->374189d0-76c5-49d2-81b4-45a4af1368a2: receive RaftClientReply:client-2EC808601240->374189d0-76c5-49d2-81b4-45a4af1368a2@group-30B6692CD68C, cid=2098, SUCCESS, logIndex=3552, commits[374189d0-76c5-49d2-81b4-45a4af1368a2:c3552]
2019-06-14 08:43:03,477 INFO  client.GrpcClientProtocolClient (GrpcClientProtocolClient.java:onNext(254)) - client-2EC808601240->374189d0-76c5-49d2-81b4-45a4af1368a2: receive RaftClientReply:client-2EC808601240->374189d0-76c5-49d2-81b4-45a4af1368a2@group-30B6692CD68C, cid=2099, SUCCESS, logIndex=3553, commits[374189d0-76c5-49d2-81b4-45a4af1368a2:c3555]
2019-06-14 08:43:03,477 INFO  client.GrpcClientProtocolClient (GrpcClientProtocolClient.java:onNext(254)) - client-2EC808601240->374189d0-76c5-49d2-81b4-45a4af1368a2: receive RaftClientReply:client-2EC808601240->374189d0-76c5-49d2-81b4-45a4af1368a2@group-30B6692CD68C, cid=2100, SUCCESS, logIndex=3554, commits[374189d0-76c5-49d2-81b4-45a4af1368a2:c3555]
2019-06-14 08:43:03,489 INFO  client.GrpcClientProtocolClient (GrpcClientProtocolClient.java:onNext(254)) - client-2EC808601240->374189d0-76c5-49d2-81b4-45a4af1368a2: receive RaftClientReply:client-2EC808601240->374189d0-76c5-49d2-81b4-45a4af1368a2@group-30B6692CD68C, cid=2101, SUCCESS, logIndex=3556, commits[374189d0-76c5-49d2-81b4-45a4af1368a2:c3556]
2019-06-14 08:43:03,489 INFO  client.GrpcClientProtocolClient (GrpcClientProtocolClient.java:onNext(254)) - client-2EC808601240->374189d0-76c5-49d2-81b4-45a4af1368a2: receive RaftClientReply:client-2EC808601240->374189d0-76c5-49d2-81b4-45a4af1368a2@group-30B6692CD68C, cid=2102, SUCCESS, logIndex=3558, commits[374189d0-76c5-49d2-81b4-45a4af1368a2:c3558]
2019-06-14 08:43:03,489 INFO  client.GrpcClientProtocolClient (GrpcClientProtocolClient.java:onNext(254)) - client-2EC808601240->374189d0-76c5-49d2-81b4-45a4af1368a2: receive RaftClientReply:client-2EC808601240->374189d0-76c5-49d2-81b4-45a4af1368a2@group-30B6692CD68C, cid=2103, SUCCESS, logIndex=3559, commits[374189d0-76c5-49d2-81b4-45a4af1368a2:c3561]
2019-06-14 08:43:03,490 INFO  client.GrpcClientProtocolClient (GrpcClientProtocolClient.java:onNext(254)) - client-2EC808601240->374189d0-76c5-49d2-81b4-45a4af1368a2: receive RaftClientReply:client-2EC808601240->374189d0-76c5-49d2-81b4-45a4af1368a2@group-30B6692CD68C, cid=2104, SUCCESS, logIndex=3560, commits[374189d0-76c5-49d2-81b4-45a4af1368a2:c3561]
2019-06-14 08:43:03,496 INFO  storage.RaftLogWorker (RaftLogWorker.java:rollLogSegment(303)) - 374189d0-76c5-49d2-81b4-45a4af1368a2-RaftLogWorker: Rolling segment log-3497_3561 to index:3561
2019-06-14 08:43:03,496 INFO  storage.RaftLogWorker (RaftLogWorker.java:execute(433)) - 374189d0-76c5-49d2-81b4-45a4af1368a2-RaftLogWorker: Rolled log segment from /opt/src/hadoop-ozone/integration-test/target/test-dir/MiniOzoneClusterImpl-1994f8b8-dd4d-445c-bf25-0c6d40f9b14d/datanode-0/data/ratis/99d0acb8-99ce-4814-8259-30b6692cd68c/current/log_inprogress_3497 to /opt/src/hadoop-ozone/integration-test/target/test-dir/MiniOzoneClusterImpl-1994f8b8-dd4d-445c-bf25-0c6d40f9b14d/datanode-0/data/ratis/99d0acb8-99ce-4814-8259-30b6692cd68c/current/log_3497-3561
2019-06-14 08:43:03,520 DEBUG block.SCMBlockDeletingService (SCMBlockDeletingService.java:call(138)) - Running DeletedBlockTransactionScanner
2019-06-14 08:43:03,520 DEBUG block.SCMBlockDeletingService (SCMBlockDeletingService.java:call(155)) - Scanned deleted blocks log and got 0 delTX to process.
2019-06-14 08:43:03,532 INFO  storage.RaftLogWorker (RaftLogWorker.java:execute(469)) - 374189d0-76c5-49d2-81b4-45a4af1368a2-RaftLogWorker: created new log segment /opt/src/hadoop-ozone/integration-test/target/test-dir/MiniOzoneClusterImpl-1994f8b8-dd4d-445c-bf25-0c6d40f9b14d/datanode-0/data/ratis/99d0acb8-99ce-4814-8259-30b6692cd68c/current/log_inprogress_3562
2019-06-14 08:43:03,534 INFO  client.GrpcClientProtocolClient (GrpcClientProtocolClient.java:onNext(254)) - client-2EC808601240->374189d0-76c5-49d2-81b4-45a4af1368a2: receive RaftClientReply:client-2EC808601240->374189d0-76c5-49d2-81b4-45a4af1368a2@group-30B6692CD68C, cid=2105, SUCCESS, logIndex=3562, commits[374189d0-76c5-49d2-81b4-45a4af1368a2:c3562]
2019-06-14 08:43:03,535 INFO  client.GrpcClientProtocolClient (GrpcClientProtocolClient.java:onNext(254)) - client-2EC808601240->374189d0-76c5-49d2-81b4-45a4af1368a2: receive RaftClientReply:client-2EC808601240->374189d0-76c5-49d2-81b4-45a4af1368a2@group-30B6692CD68C, cid=2106, SUCCESS, logIndex=3564, commits[374189d0-76c5-49d2-81b4-45a4af1368a2:c3564]
2019-06-14 08:43:03,541 INFO  client.GrpcClientProtocolClient (GrpcClientProtocolClient.java:onNext(254)) - client-2EC808601240->374189d0-76c5-49d2-81b4-45a4af1368a2: receive RaftClientReply:client-2EC808601240->374189d0-76c5-49d2-81b4-45a4af1368a2@group-30B6692CD68C, cid=2107, SUCCESS, logIndex=3565, commits[374189d0-76c5-49d2-81b4-45a4af1368a2:c3567]
2019-06-14 08:43:03,541 INFO  client.GrpcClientProtocolClient (GrpcClientProtocolClient.java:onNext(254)) - client-2EC808601240->374189d0-76c5-49d2-81b4-45a4af1368a2: receive RaftClientReply:client-2EC808601240->374189d0-76c5-49d2-81b4-45a4af1368a2@group-30B6692CD68C, cid=2108, SUCCESS, logIndex=3566, commits[374189d0-76c5-49d2-81b4-45a4af1368a2:c3567]
2019-06-14 08:43:03,547 INFO  client.GrpcClientProtocolClient (GrpcClientProtocolClient.java:onNext(254)) - client-2EC808601240->374189d0-76c5-49d2-81b4-45a4af1368a2: receive RaftClientReply:client-2EC808601240->374189d0-76c5-49d2-81b4-45a4af1368a2@group-30B6692CD68C, cid=2109, SUCCESS, logIndex=3568, commits[374189d0-76c5-49d2-81b4-45a4af1368a2:c3568]
2019-06-14 08:43:03,548 INFO  client.GrpcClientProtocolClient (GrpcClientProtocolClient.java:onNext(254)) - client-2EC808601240->374189d0-76c5-49d2-81b4-45a4af1368a2: receive RaftClientReply:client-2EC808601240->374189d0-76c5-49d2-81b4-45a4af1368a2@group-30B6692CD68C, cid=2110, SUCCESS, logIndex=3570, commits[374189d0-76c5-49d2-81b4-45a4af1368a2:c3570]
2019-06-14 08:43:03,550 INFO  client.GrpcClientProtocolClient (GrpcClientProtocolClient.java:onNext(254)) - client-2EC808601240->374189d0-76c5-49d2-81b4-45a4af1368a2: receive RaftClientReply:client-2EC808601240->374189d0-76c5-49d2-81b4-45a4af1368a2@group-30B6692CD68C, cid=2111, SUCCESS, logIndex=3571, commits[374189d0-76c5-49d2-81b4-45a4af1368a2:c3573]
2019-06-14 08:43:03,550 INFO  client.GrpcClientProtocolClient (GrpcClientProtocolClient.java:onNext(254)) - client-2EC808601240->374189d0-76c5-49d2-81b4-45a4af1368a2: receive RaftClientReply:client-2EC808601240->374189d0-76c5-49d2-81b4-45a4af1368a2@group-30B6692CD68C, cid=2112, SUCCESS, logIndex=3572, commits[374189d0-76c5-49d2-81b4-45a4af1368a2:c3573]
2019-06-14 08:43:03,559 INFO  client.GrpcClientProtocolClient (GrpcClientProtocolClient.java:onNext(254)) - client-2EC808601240->374189d0-76c5-49d2-81b4-45a4af1368a2: receive RaftClientReply:client-2EC808601240->374189d0-76c5-49d2-81b4-45a4af1368a2@group-30B6692CD68C, cid=2113, SUCCESS, logIndex=3574, commits[374189d0-76c5-49d2-81b4-45a4af1368a2:c3574]
2019-06-14 08:43:03,560 INFO  client.GrpcClientProtocolClient (GrpcClientProtocolClient.java:onNext(254)) - client-2EC808601240->374189d0-76c5-49d2-81b4-45a4af1368a2: receive RaftClientReply:client-2EC808601240->374189d0-76c5-49d2-81b4-45a4af1368a2@group-30B6692CD68C, cid=2114, SUCCESS, logIndex=3576, commits[374189d0-76c5-49d2-81b4-45a4af1368a2:c3576]
2019-06-14 08:43:03,561 INFO  client.GrpcClientProtocolClient (GrpcClientProtocolClient.java:onNext(254)) - client-2EC808601240->374189d0-76c5-49d2-81b4-45a4af1368a2: receive RaftClientReply:client-2EC808601240->374189d0-76c5-49d2-81b4-45a4af1368a2@group-30B6692CD68C, cid=2115, SUCCESS, logIndex=3577, commits[374189d0-76c5-49d2-81b4-45a4af1368a2:c3579]
2019-06-14 08:43:03,561 INFO  client.GrpcClientProtocolClient (GrpcClientProtocolClient.java:onNext(254)) - client-2EC808601240->374189d0-76c5-49d2-81b4-45a4af1368a2: receive RaftClientReply:client-2EC808601240->374189d0-76c5-49d2-81b4-45a4af1368a2@group-30B6692CD68C, cid=2116, SUCCESS, logIndex=3578, commits[374189d0-76c5-49d2-81b4-45a4af1368a2:c3579]
2019-06-14 08:43:03,567 INFO  client.GrpcClientProtocolClient (GrpcClientProtocolClient.java:onNext(254)) - client-2EC808601240->374189d0-76c5-49d2-81b4-45a4af1368a2: receive RaftClientReply:client-2EC808601240->374189d0-76c5-49d2-81b4-45a4af1368a2@group-30B6692CD68C, cid=2117, SUCCESS, logIndex=3580, commits[374189d0-76c5-49d2-81b4-45a4af1368a2:c3580]
2019-06-14 08:43:03,568 INFO  client.GrpcClientProtocolClient (GrpcClientProtocolClient.java:onNext(254)) - client-2EC808601240->374189d0-76c5-49d2-81b4-45a4af1368a2: receive RaftClientReply:client-2EC808601240->374189d0-76c5-49d2-81b4-45a4af1368a2@group-30B6692CD68C, cid=2118, SUCCESS, logIndex=3582, commits[374189d0-76c5-49d2-81b4-45a4af1368a2:c3582]
2019-06-14 08:43:03,571 INFO  client.GrpcClientProtocolClient (GrpcClientProtocolClient.java:onNext(254)) - client-2EC808601240->374189d0-76c5-49d2-81b4-45a4af1368a2: receive RaftClientReply:client-2EC808601240->374189d0-76c5-49d2-81b4-45a4af1368a2@group-30B6692CD68C, cid=2119, SUCCESS, logIndex=3583, commits[374189d0-76c5-49d2-81b4-45a4af1368a2:c3585]
2019-06-14 08:43:03,571 INFO  client.GrpcClientProtocolClient (GrpcClientProtocolClient.java:onNext(254)) - client-2EC808601240->374189d0-76c5-49d2-81b4-45a4af1368a2: receive RaftClientReply:client-2EC808601240->374189d0-76c5-49d2-81b4-45a4af1368a2@group-30B6692CD68C, cid=2120, SUCCESS, logIndex=3584, commits[374189d0-76c5-49d2-81b4-45a4af1368a2:c3585]
2019-06-14 08:43:03,581 INFO  client.GrpcClientProtocolClient (GrpcClientProtocolClient.java:onNext(254)) - client-2EC808601240->374189d0-76c5-49d2-81b4-45a4af1368a2: receive RaftClientReply:client-2EC808601240->374189d0-76c5-49d2-81b4-45a4af1368a2@group-30B6692CD68C, cid=2121, SUCCESS, logIndex=3586, commits[374189d0-76c5-49d2-81b4-45a4af1368a2:c3586]
2019-06-14 08:43:03,583 INFO  client.GrpcClientProtocolClient (GrpcClientProtocolClient.java:onNext(254)) - client-2EC808601240->374189d0-76c5-49d2-81b4-45a4af1368a2: receive RaftClientReply:client-2EC808601240->374189d0-76c5-49d2-81b4-45a4af1368a2@group-30B6692CD68C, cid=2122, SUCCESS, logIndex=3588, commits[374189d0-76c5-49d2-81b4-45a4af1368a2:c3588]
2019-06-14 08:43:03,620 DEBUG block.SCMBlockDeletingService (SCMBlockDeletingService.java:call(138)) - Running DeletedBlockTransactionScanner
2019-06-14 08:43:03,620 DEBUG block.SCMBlockDeletingService (SCMBlockDeletingService.java:call(155)) - Scanned deleted blocks log and got 0 delTX to process.
2019-06-14 08:43:03,651 INFO  client.GrpcClientProtocolClient (GrpcClientProtocolClient.java:onNext(254)) - client-2EC808601240->374189d0-76c5-49d2-81b4-45a4af1368a2: receive RaftClientReply:client-2EC808601240->374189d0-76c5-49d2-81b4-45a4af1368a2@group-30B6692CD68C, cid=2123, SUCCESS, logIndex=3590, commits[374189d0-76c5-49d2-81b4-45a4af1368a2:c3590]
2019-06-14 08:43:03,652 INFO  client.GrpcClientProtocolClient (GrpcClientProtocolClient.java:onNext(254)) - client-2EC808601240->374189d0-76c5-49d2-81b4-45a4af1368a2: receive RaftClientReply:client-2EC808601240->374189d0-76c5-49d2-81b4-45a4af1368a2@group-30B6692CD68C, cid=2124, SUCCESS, logIndex=3592, commits[374189d0-76c5-49d2-81b4-45a4af1368a2:c3592]
2019-06-14 08:43:03,657 INFO  client.GrpcClientProtocolClient (GrpcClientProtocolClient.java:onNext(254)) - client-2EC808601240->374189d0-76c5-49d2-81b4-45a4af1368a2: receive RaftClientReply:client-2EC808601240->374189d0-76c5-49d2-81b4-45a4af1368a2@group-30B6692CD68C, cid=2125, SUCCESS, logIndex=3594, commits[374189d0-76c5-49d2-81b4-45a4af1368a2:c3594]
2019-06-14 08:43:03,658 INFO  client.GrpcClientProtocolClient (GrpcClientProtocolClient.java:onNext(254)) - client-2EC808601240->374189d0-76c5-49d2-81b4-45a4af1368a2: receive RaftClientReply:client-2EC808601240->374189d0-76c5-49d2-81b4-45a4af1368a2@group-30B6692CD68C, cid=2126, SUCCESS, logIndex=3596, commits[374189d0-76c5-49d2-81b4-45a4af1368a2:c3596]
2019-06-14 08:43:03,660 INFO  client.GrpcClientProtocolClient (GrpcClientProtocolClient.java:onNext(254)) - client-2EC808601240->374189d0-76c5-49d2-81b4-45a4af1368a2: receive RaftClientReply:client-2EC808601240->374189d0-76c5-49d2-81b4-45a4af1368a2@group-30B6692CD68C, cid=2127, SUCCESS, logIndex=3597, commits[374189d0-76c5-49d2-81b4-45a4af1368a2:c3599]
2019-06-14 08:43:03,660 INFO  client.GrpcClientProtocolClient (GrpcClientProtocolClient.java:onNext(254)) - client-2EC808601240->374189d0-76c5-49d2-81b4-45a4af1368a2: receive RaftClientReply:client-2EC808601240->374189d0-76c5-49d2-81b4-45a4af1368a2@group-30B6692CD68C, cid=2128, SUCCESS, logIndex=3598, commits[374189d0-76c5-49d2-81b4-45a4af1368a2:c3599]
2019-06-14 08:43:03,668 INFO  client.GrpcClientProtocolClient (GrpcClientProtocolClient.java:onNext(254)) - client-2EC808601240->374189d0-76c5-49d2-81b4-45a4af1368a2: receive RaftClientReply:client-2EC808601240->374189d0-76c5-49d2-81b4-45a4af1368a2@group-30B6692CD68C, cid=2129, SUCCESS, logIndex=3600, commits[374189d0-76c5-49d2-81b4-45a4af1368a2:c3600]
2019-06-14 08:43:03,670 INFO  client.GrpcClientProtocolClient (GrpcClientProtocolClient.java:onNext(254)) - client-2EC808601240->374189d0-76c5-49d2-81b4-45a4af1368a2: receive RaftClientReply:client-2EC808601240->374189d0-76c5-49d2-81b4-45a4af1368a2@group-30B6692CD68C, cid=2130, SUCCESS, logIndex=3602, commits[374189d0-76c5-49d2-81b4-45a4af1368a2:c3602]
2019-06-14 08:43:03,671 INFO  client.GrpcClientProtocolClient (GrpcClientProtocolClient.java:onNext(254)) - client-2EC808601240->374189d0-76c5-49d2-81b4-45a4af1368a2: receive RaftClientReply:client-2EC808601240->374189d0-76c5-49d2-81b4-45a4af1368a2@group-30B6692CD68C, cid=2131, SUCCESS, logIndex=3603, commits[374189d0-76c5-49d2-81b4-45a4af1368a2:c3605]
2019-06-14 08:43:03,671 INFO  client.GrpcClientProtocolClient (GrpcClientProtocolClient.java:onNext(254)) - client-2EC808601240->374189d0-76c5-49d2-81b4-45a4af1368a2: receive RaftClientReply:client-2EC808601240->374189d0-76c5-49d2-81b4-45a4af1368a2@group-30B6692CD68C, cid=2132, SUCCESS, logIndex=3604, commits[374189d0-76c5-49d2-81b4-45a4af1368a2:c3605]
2019-06-14 08:43:03,676 INFO  client.GrpcClientProtocolClient (GrpcClientProtocolClient.java:onNext(254)) - client-2EC808601240->374189d0-76c5-49d2-81b4-45a4af1368a2: receive RaftClientReply:client-2EC808601240->374189d0-76c5-49d2-81b4-45a4af1368a2@group-30B6692CD68C, cid=2133, SUCCESS, logIndex=3606, commits[374189d0-76c5-49d2-81b4-45a4af1368a2:c3606]
2019-06-14 08:43:03,677 INFO  client.GrpcClientProtocolClient (GrpcClientProtocolClient.java:onNext(254)) - client-2EC808601240->374189d0-76c5-49d2-81b4-45a4af1368a2: receive RaftClientReply:client-2EC808601240->374189d0-76c5-49d2-81b4-45a4af1368a2@group-30B6692CD68C, cid=2134, SUCCESS, logIndex=3608, commits[374189d0-76c5-49d2-81b4-45a4af1368a2:c3608]
2019-06-14 08:43:03,678 INFO  client.GrpcClientProtocolClient (GrpcClientProtocolClient.java:onNext(254)) - client-2EC808601240->374189d0-76c5-49d2-81b4-45a4af1368a2: receive RaftClientReply:client-2EC808601240->374189d0-76c5-49d2-81b4-45a4af1368a2@group-30B6692CD68C, cid=2135, SUCCESS, logIndex=3609, commits[374189d0-76c5-49d2-81b4-45a4af1368a2:c3611]
2019-06-14 08:43:03,679 INFO  client.GrpcClientProtocolClient (GrpcClientProtocolClient.java:onNext(254)) - client-2EC808601240->374189d0-76c5-49d2-81b4-45a4af1368a2: receive RaftClientReply:client-2EC808601240->374189d0-76c5-49d2-81b4-45a4af1368a2@group-30B6692CD68C, cid=2136, SUCCESS, logIndex=3610, commits[374189d0-76c5-49d2-81b4-45a4af1368a2:c3611]
2019-06-14 08:43:03,687 INFO  client.GrpcClientProtocolClient (GrpcClientProtocolClient.java:onNext(254)) - client-2EC808601240->374189d0-76c5-49d2-81b4-45a4af1368a2: receive RaftClientReply:client-2EC808601240->374189d0-76c5-49d2-81b4-45a4af1368a2@group-30B6692CD68C, cid=2137, SUCCESS, logIndex=3612, commits[374189d0-76c5-49d2-81b4-45a4af1368a2:c3612]
2019-06-14 08:43:03,688 INFO  client.GrpcClientProtocolClient (GrpcClientProtocolClient.java:onNext(254)) - client-2EC808601240->374189d0-76c5-49d2-81b4-45a4af1368a2: receive RaftClientReply:client-2EC808601240->374189d0-76c5-49d2-81b4-45a4af1368a2@group-30B6692CD68C, cid=2138, SUCCESS, logIndex=3614, commits[374189d0-76c5-49d2-81b4-45a4af1368a2:c3614]
2019-06-14 08:43:03,689 INFO  client.GrpcClientProtocolClient (GrpcClientProtocolClient.java:onNext(254)) - client-2EC808601240->374189d0-76c5-49d2-81b4-45a4af1368a2: receive RaftClientReply:client-2EC808601240->374189d0-76c5-49d2-81b4-45a4af1368a2@group-30B6692CD68C, cid=2139, SUCCESS, logIndex=3615, commits[374189d0-76c5-49d2-81b4-45a4af1368a2:c3617]
2019-06-14 08:43:03,689 INFO  client.GrpcClientProtocolClient (GrpcClientProtocolClient.java:onNext(254)) - client-2EC808601240->374189d0-76c5-49d2-81b4-45a4af1368a2: receive RaftClientReply:client-2EC808601240->374189d0-76c5-49d2-81b4-45a4af1368a2@group-30B6692CD68C, cid=2140, SUCCESS, logIndex=3616, commits[374189d0-76c5-49d2-81b4-45a4af1368a2:c3617]
2019-06-14 08:43:03,694 INFO  client.GrpcClientProtocolClient (GrpcClientProtocolClient.java:onNext(254)) - client-2EC808601240->374189d0-76c5-49d2-81b4-45a4af1368a2: receive RaftClientReply:client-2EC808601240->374189d0-76c5-49d2-81b4-45a4af1368a2@group-30B6692CD68C, cid=2141, SUCCESS, logIndex=3618, commits[374189d0-76c5-49d2-81b4-45a4af1368a2:c3618]
2019-06-14 08:43:03,695 INFO  client.GrpcClientProtocolClient (GrpcClientProtocolClient.java:onNext(254)) - client-2EC808601240->374189d0-76c5-49d2-81b4-45a4af1368a2: receive RaftClientReply:client-2EC808601240->374189d0-76c5-49d2-81b4-45a4af1368a2@group-30B6692CD68C, cid=2142, SUCCESS, logIndex=3620, commits[374189d0-76c5-49d2-81b4-45a4af1368a2:c3620]
2019-06-14 08:43:03,697 INFO  client.GrpcClientProtocolClient (GrpcClientProtocolClient.java:onNext(254)) - client-2EC808601240->374189d0-76c5-49d2-81b4-45a4af1368a2: receive RaftClientReply:client-2EC808601240->374189d0-76c5-49d2-81b4-45a4af1368a2@group-30B6692CD68C, cid=2143, SUCCESS, logIndex=3621, commits[374189d0-76c5-49d2-81b4-45a4af1368a2:c3623]
2019-06-14 08:43:03,697 INFO  client.GrpcClientProtocolClient (GrpcClientProtocolClient.java:onNext(254)) - client-2EC808601240->374189d0-76c5-49d2-81b4-45a4af1368a2: receive RaftClientReply:client-2EC808601240->374189d0-76c5-49d2-81b4-45a4af1368a2@group-30B6692CD68C, cid=2144, SUCCESS, logIndex=3622, commits[374189d0-76c5-49d2-81b4-45a4af1368a2:c3623]
2019-06-14 08:43:03,705 INFO  client.GrpcClientProtocolClient (GrpcClientProtocolClient.java:onNext(254)) - client-2EC808601240->374189d0-76c5-49d2-81b4-45a4af1368a2: receive RaftClientReply:client-2EC808601240->374189d0-76c5-49d2-81b4-45a4af1368a2@group-30B6692CD68C, cid=2145, SUCCESS, logIndex=3624, commits[374189d0-76c5-49d2-81b4-45a4af1368a2:c3624]
2019-06-14 08:43:03,711 INFO  client.GrpcClientProtocolClient (GrpcClientProtocolClient.java:onNext(254)) - client-2EC808601240->374189d0-76c5-49d2-81b4-45a4af1368a2: receive RaftClientReply:client-2EC808601240->374189d0-76c5-49d2-81b4-45a4af1368a2@group-30B6692CD68C, cid=2146, SUCCESS, logIndex=3626, commits[374189d0-76c5-49d2-81b4-45a4af1368a2:c3626]
2019-06-14 08:43:03,711 INFO  client.GrpcClientProtocolClient (GrpcClientProtocolClient.java:onNext(254)) - client-2EC808601240->374189d0-76c5-49d2-81b4-45a4af1368a2: receive RaftClientReply:client-2EC808601240->374189d0-76c5-49d2-81b4-45a4af1368a2@group-30B6692CD68C, cid=2147, SUCCESS, logIndex=3627, commits[374189d0-76c5-49d2-81b4-45a4af1368a2:c3629]
2019-06-14 08:43:03,711 INFO  client.GrpcClientProtocolClient (GrpcClientProtocolClient.java:onNext(254)) - client-2EC808601240->374189d0-76c5-49d2-81b4-45a4af1368a2: receive RaftClientReply:client-2EC808601240->374189d0-76c5-49d2-81b4-45a4af1368a2@group-30B6692CD68C, cid=2148, SUCCESS, logIndex=3628, commits[374189d0-76c5-49d2-81b4-45a4af1368a2:c3629]
2019-06-14 08:43:03,714 INFO  storage.RaftLogWorker (RaftLogWorker.java:rollLogSegment(303)) - 374189d0-76c5-49d2-81b4-45a4af1368a2-RaftLogWorker: Rolling segment log-3562_3629 to index:3629
2019-06-14 08:43:03,714 INFO  storage.RaftLogWorker (RaftLogWorker.java:execute(433)) - 374189d0-76c5-49d2-81b4-45a4af1368a2-RaftLogWorker: Rolled log segment from /opt/src/hadoop-ozone/integration-test/target/test-dir/MiniOzoneClusterImpl-1994f8b8-dd4d-445c-bf25-0c6d40f9b14d/datanode-0/data/ratis/99d0acb8-99ce-4814-8259-30b6692cd68c/current/log_inprogress_3562 to /opt/src/hadoop-ozone/integration-test/target/test-dir/MiniOzoneClusterImpl-1994f8b8-dd4d-445c-bf25-0c6d40f9b14d/datanode-0/data/ratis/99d0acb8-99ce-4814-8259-30b6692cd68c/current/log_3562-3629
2019-06-14 08:43:03,721 DEBUG block.SCMBlockDeletingService (SCMBlockDeletingService.java:call(138)) - Running DeletedBlockTransactionScanner
2019-06-14 08:43:03,721 DEBUG block.SCMBlockDeletingService (SCMBlockDeletingService.java:call(155)) - Scanned deleted blocks log and got 0 delTX to process.
2019-06-14 08:43:03,750 INFO  storage.RaftLogWorker (RaftLogWorker.java:execute(469)) - 374189d0-76c5-49d2-81b4-45a4af1368a2-RaftLogWorker: created new log segment /opt/src/hadoop-ozone/integration-test/target/test-dir/MiniOzoneClusterImpl-1994f8b8-dd4d-445c-bf25-0c6d40f9b14d/datanode-0/data/ratis/99d0acb8-99ce-4814-8259-30b6692cd68c/current/log_inprogress_3630
2019-06-14 08:43:03,751 INFO  client.GrpcClientProtocolClient (GrpcClientProtocolClient.java:onNext(254)) - client-2EC808601240->374189d0-76c5-49d2-81b4-45a4af1368a2: receive RaftClientReply:client-2EC808601240->374189d0-76c5-49d2-81b4-45a4af1368a2@group-30B6692CD68C, cid=2149, SUCCESS, logIndex=3630, commits[374189d0-76c5-49d2-81b4-45a4af1368a2:c3630]
2019-06-14 08:43:03,754 INFO  client.GrpcClientProtocolClient (GrpcClientProtocolClient.java:onNext(254)) - client-2EC808601240->374189d0-76c5-49d2-81b4-45a4af1368a2: receive RaftClientReply:client-2EC808601240->374189d0-76c5-49d2-81b4-45a4af1368a2@group-30B6692CD68C, cid=2150, SUCCESS, logIndex=3632, commits[374189d0-76c5-49d2-81b4-45a4af1368a2:c3634]
2019-06-14 08:43:03,754 INFO  client.GrpcClientProtocolClient (GrpcClientProtocolClient.java:onNext(254)) - client-2EC808601240->374189d0-76c5-49d2-81b4-45a4af1368a2: receive RaftClientReply:client-2EC808601240->374189d0-76c5-49d2-81b4-45a4af1368a2@group-30B6692CD68C, cid=2151, SUCCESS, logIndex=3633, commits[374189d0-76c5-49d2-81b4-45a4af1368a2:c3634]
2019-06-14 08:43:03,754 INFO  client.GrpcClientProtocolClient (GrpcClientProtocolClient.java:onNext(254)) - client-2EC808601240->374189d0-76c5-49d2-81b4-45a4af1368a2: receive RaftClientReply:client-2EC808601240->374189d0-76c5-49d2-81b4-45a4af1368a2@group-30B6692CD68C, cid=2152, SUCCESS, logIndex=3634, commits[374189d0-76c5-49d2-81b4-45a4af1368a2:c3634]
2019-06-14 08:43:03,763 INFO  client.GrpcClientProtocolClient (GrpcClientProtocolClient.java:onNext(254)) - client-2EC808601240->374189d0-76c5-49d2-81b4-45a4af1368a2: receive RaftClientReply:client-2EC808601240->374189d0-76c5-49d2-81b4-45a4af1368a2@group-30B6692CD68C, cid=2153, SUCCESS, logIndex=3636, commits[374189d0-76c5-49d2-81b4-45a4af1368a2:c3636]
2019-06-14 08:43:03,764 INFO  client.GrpcClientProtocolClient (GrpcClientProtocolClient.java:onNext(254)) - client-2EC808601240->374189d0-76c5-49d2-81b4-45a4af1368a2: receive RaftClientReply:client-2EC808601240->374189d0-76c5-49d2-81b4-45a4af1368a2@group-30B6692CD68C, cid=2154, SUCCESS, logIndex=3638, commits[374189d0-76c5-49d2-81b4-45a4af1368a2:c3638]
2019-06-14 08:43:03,765 INFO  client.GrpcClientProtocolClient (GrpcClientProtocolClient.java:onNext(254)) - client-2EC808601240->374189d0-76c5-49d2-81b4-45a4af1368a2: receive RaftClientReply:client-2EC808601240->374189d0-76c5-49d2-81b4-45a4af1368a2@group-30B6692CD68C, cid=2155, SUCCESS, logIndex=3639, commits[374189d0-76c5-49d2-81b4-45a4af1368a2:c3641]
2019-06-14 08:43:03,766 INFO  client.GrpcClientProtocolClient (GrpcClientProtocolClient.java:onNext(254)) - client-2EC808601240->374189d0-76c5-49d2-81b4-45a4af1368a2: receive RaftClientReply:client-2EC808601240->374189d0-76c5-49d2-81b4-45a4af1368a2@group-30B6692CD68C, cid=2156, SUCCESS, logIndex=3640, commits[374189d0-76c5-49d2-81b4-45a4af1368a2:c3641]
2019-06-14 08:43:03,772 INFO  client.GrpcClientProtocolClient (GrpcClientProtocolClient.java:onNext(254)) - client-2EC808601240->374189d0-76c5-49d2-81b4-45a4af1368a2: receive RaftClientReply:client-2EC808601240->374189d0-76c5-49d2-81b4-45a4af1368a2@group-30B6692CD68C, cid=2157, SUCCESS, logIndex=3642, commits[374189d0-76c5-49d2-81b4-45a4af1368a2:c3642]
2019-06-14 08:43:03,773 INFO  client.GrpcClientProtocolClient (GrpcClientProtocolClient.java:onNext(254)) - client-2EC808601240->374189d0-76c5-49d2-81b4-45a4af1368a2: receive RaftClientReply:client-2EC808601240->374189d0-76c5-49d2-81b4-45a4af1368a2@group-30B6692CD68C, cid=2158, SUCCESS, logIndex=3644, commits[374189d0-76c5-49d2-81b4-45a4af1368a2:c3644]
2019-06-14 08:43:03,775 INFO  client.GrpcClientProtocolClient (GrpcClientProtocolClient.java:onNext(254)) - client-2EC808601240->374189d0-76c5-49d2-81b4-45a4af1368a2: receive RaftClientReply:client-2EC808601240->374189d0-76c5-49d2-81b4-45a4af1368a2@group-30B6692CD68C, cid=2159, SUCCESS, logIndex=3646, commits[374189d0-76c5-49d2-81b4-45a4af1368a2:c3647]
2019-06-14 08:43:03,776 INFO  client.GrpcClientProtocolClient (GrpcClientProtocolClient.java:onNext(254)) - client-2EC808601240->374189d0-76c5-49d2-81b4-45a4af1368a2: receive RaftClientReply:client-2EC808601240->374189d0-76c5-49d2-81b4-45a4af1368a2@group-30B6692CD68C, cid=2160, SUCCESS, logIndex=3647, commits[374189d0-76c5-49d2-81b4-45a4af1368a2:c3647]
2019-06-14 08:43:03,786 INFO  client.GrpcClientProtocolClient (GrpcClientProtocolClient.java:onNext(254)) - client-2EC808601240->374189d0-76c5-49d2-81b4-45a4af1368a2: receive RaftClientReply:client-2EC808601240->374189d0-76c5-49d2-81b4-45a4af1368a2@group-30B6692CD68C, cid=2161, SUCCESS, logIndex=3649, commits[374189d0-76c5-49d2-81b4-45a4af1368a2:c3650]
2019-06-14 08:43:03,789 INFO  client.GrpcClientProtocolClient (GrpcClientProtocolClient.java:onNext(254)) - client-2EC808601240->374189d0-76c5-49d2-81b4-45a4af1368a2: receive RaftClientReply:client-2EC808601240->374189d0-76c5-49d2-81b4-45a4af1368a2@group-30B6692CD68C, cid=2162, SUCCESS, logIndex=3651, commits[374189d0-76c5-49d2-81b4-45a4af1368a2:c3651]
2019-06-14 08:43:03,789 INFO  client.GrpcClientProtocolClient (GrpcClientProtocolClient.java:onNext(254)) - client-2EC808601240->374189d0-76c5-49d2-81b4-45a4af1368a2: receive RaftClientReply:client-2EC808601240->374189d0-76c5-49d2-81b4-45a4af1368a2@group-30B6692CD68C, cid=2163, SUCCESS, logIndex=3652, commits[374189d0-76c5-49d2-81b4-45a4af1368a2:c3654]
2019-06-14 08:43:03,790 INFO  client.GrpcClientProtocolClient (GrpcClientProtocolClient.java:onNext(254)) - client-2EC808601240->374189d0-76c5-49d2-81b4-45a4af1368a2: receive RaftClientReply:client-2EC808601240->374189d0-76c5-49d2-81b4-45a4af1368a2@group-30B6692CD68C, cid=2164, SUCCESS, logIndex=3653, commits[374189d0-76c5-49d2-81b4-45a4af1368a2:c3654]
2019-06-14 08:43:03,794 INFO  client.GrpcClientProtocolClient (GrpcClientProtocolClient.java:onNext(254)) - client-2EC808601240->374189d0-76c5-49d2-81b4-45a4af1368a2: receive RaftClientReply:client-2EC808601240->374189d0-76c5-49d2-81b4-45a4af1368a2@group-30B6692CD68C, cid=2165, SUCCESS, logIndex=3655, commits[374189d0-76c5-49d2-81b4-45a4af1368a2:c3655]
2019-06-14 08:43:03,795 INFO  client.GrpcClientProtocolClient (GrpcClientProtocolClient.java:onNext(254)) - client-2EC808601240->374189d0-76c5-49d2-81b4-45a4af1368a2: receive RaftClientReply:client-2EC808601240->374189d0-76c5-49d2-81b4-45a4af1368a2@group-30B6692CD68C, cid=2166, SUCCESS, logIndex=3657, commits[374189d0-76c5-49d2-81b4-45a4af1368a2:c3657]
2019-06-14 08:43:03,821 DEBUG block.SCMBlockDeletingService (SCMBlockDeletingService.java:call(138)) - Running DeletedBlockTransactionScanner
2019-06-14 08:43:03,821 DEBUG block.SCMBlockDeletingService (SCMBlockDeletingService.java:call(155)) - Scanned deleted blocks log and got 0 delTX to process.
2019-06-14 08:43:03,863 INFO  client.GrpcClientProtocolClient (GrpcClientProtocolClient.java:onNext(254)) - client-2EC808601240->374189d0-76c5-49d2-81b4-45a4af1368a2: receive RaftClientReply:client-2EC808601240->374189d0-76c5-49d2-81b4-45a4af1368a2@group-30B6692CD68C, cid=2167, SUCCESS, logIndex=3659, commits[374189d0-76c5-49d2-81b4-45a4af1368a2:c3659]
2019-06-14 08:43:03,864 INFO  client.GrpcClientProtocolClient (GrpcClientProtocolClient.java:onNext(254)) - client-2EC808601240->374189d0-76c5-49d2-81b4-45a4af1368a2: receive RaftClientReply:client-2EC808601240->374189d0-76c5-49d2-81b4-45a4af1368a2@group-30B6692CD68C, cid=2168, SUCCESS, logIndex=3661, commits[374189d0-76c5-49d2-81b4-45a4af1368a2:c3661]
2019-06-14 08:43:03,921 DEBUG block.SCMBlockDeletingService (SCMBlockDeletingService.java:call(138)) - Running DeletedBlockTransactionScanner
2019-06-14 08:43:03,922 DEBUG block.SCMBlockDeletingService (SCMBlockDeletingService.java:call(155)) - Scanned deleted blocks log and got 0 delTX to process.
2019-06-14 08:43:03,928 INFO  client.GrpcClientProtocolClient (GrpcClientProtocolClient.java:onNext(254)) - client-2EC808601240->374189d0-76c5-49d2-81b4-45a4af1368a2: receive RaftClientReply:client-2EC808601240->374189d0-76c5-49d2-81b4-45a4af1368a2@group-30B6692CD68C, cid=2169, SUCCESS, logIndex=3663, commits[374189d0-76c5-49d2-81b4-45a4af1368a2:c3663]
2019-06-14 08:43:03,930 INFO  client.GrpcClientProtocolClient (GrpcClientProtocolClient.java:onNext(254)) - client-2EC808601240->374189d0-76c5-49d2-81b4-45a4af1368a2: receive RaftClientReply:client-2EC808601240->374189d0-76c5-49d2-81b4-45a4af1368a2@group-30B6692CD68C, cid=2170, SUCCESS, logIndex=3665, commits[374189d0-76c5-49d2-81b4-45a4af1368a2:c3665]
2019-06-14 08:43:03,931 INFO  client.GrpcClientProtocolClient (GrpcClientProtocolClient.java:onNext(254)) - client-2EC808601240->374189d0-76c5-49d2-81b4-45a4af1368a2: receive RaftClientReply:client-2EC808601240->374189d0-76c5-49d2-81b4-45a4af1368a2@group-30B6692CD68C, cid=2171, SUCCESS, logIndex=3666, commits[374189d0-76c5-49d2-81b4-45a4af1368a2:c3668]
2019-06-14 08:43:03,932 INFO  client.GrpcClientProtocolClient (GrpcClientProtocolClient.java:onNext(254)) - client-2EC808601240->374189d0-76c5-49d2-81b4-45a4af1368a2: receive RaftClientReply:client-2EC808601240->374189d0-76c5-49d2-81b4-45a4af1368a2@group-30B6692CD68C, cid=2172, SUCCESS, logIndex=3667, commits[374189d0-76c5-49d2-81b4-45a4af1368a2:c3668]
2019-06-14 08:43:03,937 INFO  client.GrpcClientProtocolClient (GrpcClientProtocolClient.java:onNext(254)) - client-2EC808601240->374189d0-76c5-49d2-81b4-45a4af1368a2: receive RaftClientReply:client-2EC808601240->374189d0-76c5-49d2-81b4-45a4af1368a2@group-30B6692CD68C, cid=2173, SUCCESS, logIndex=3669, commits[374189d0-76c5-49d2-81b4-45a4af1368a2:c3669]
2019-06-14 08:43:03,939 INFO  client.GrpcClientProtocolClient (GrpcClientProtocolClient.java:onNext(254)) - client-2EC808601240->374189d0-76c5-49d2-81b4-45a4af1368a2: receive RaftClientReply:client-2EC808601240->374189d0-76c5-49d2-81b4-45a4af1368a2@group-30B6692CD68C, cid=2174, SUCCESS, logIndex=3671, commits[374189d0-76c5-49d2-81b4-45a4af1368a2:c3671]
2019-06-14 08:43:03,940 INFO  client.GrpcClientProtocolClient (GrpcClientProtocolClient.java:onNext(254)) - client-2EC808601240->374189d0-76c5-49d2-81b4-45a4af1368a2: receive RaftClientReply:client-2EC808601240->374189d0-76c5-49d2-81b4-45a4af1368a2@group-30B6692CD68C, cid=2175, SUCCESS, logIndex=3672, commits[374189d0-76c5-49d2-81b4-45a4af1368a2:c3674]
2019-06-14 08:43:03,940 INFO  client.GrpcClientProtocolClient (GrpcClientProtocolClient.java:onNext(254)) - client-2EC808601240->374189d0-76c5-49d2-81b4-45a4af1368a2: receive RaftClientReply:client-2EC808601240->374189d0-76c5-49d2-81b4-45a4af1368a2@group-30B6692CD68C, cid=2176, SUCCESS, logIndex=3673, commits[374189d0-76c5-49d2-81b4-45a4af1368a2:c3674]
2019-06-14 08:43:03,949 INFO  client.GrpcClientProtocolClient (GrpcClientProtocolClient.java:onNext(254)) - client-2EC808601240->374189d0-76c5-49d2-81b4-45a4af1368a2: receive RaftClientReply:client-2EC808601240->374189d0-76c5-49d2-81b4-45a4af1368a2@group-30B6692CD68C, cid=2177, SUCCESS, logIndex=3675, commits[374189d0-76c5-49d2-81b4-45a4af1368a2:c3675]
2019-06-14 08:43:03,951 INFO  client.GrpcClientProtocolClient (GrpcClientProtocolClient.java:onNext(254)) - client-2EC808601240->374189d0-76c5-49d2-81b4-45a4af1368a2: receive RaftClientReply:client-2EC808601240->374189d0-76c5-49d2-81b4-45a4af1368a2@group-30B6692CD68C, cid=2178, SUCCESS, logIndex=3677, commits[374189d0-76c5-49d2-81b4-45a4af1368a2:c3677]
2019-06-14 08:43:03,952 INFO  client.GrpcClientProtocolClient (GrpcClientProtocolClient.java:onNext(254)) - client-2EC808601240->374189d0-76c5-49d2-81b4-45a4af1368a2: receive RaftClientReply:client-2EC808601240->374189d0-76c5-49d2-81b4-45a4af1368a2@group-30B6692CD68C, cid=2179, SUCCESS, logIndex=3678, commits[374189d0-76c5-49d2-81b4-45a4af1368a2:c3680]
2019-06-14 08:43:03,952 INFO  client.GrpcClientProtocolClient (GrpcClientProtocolClient.java:onNext(254)) - client-2EC808601240->374189d0-76c5-49d2-81b4-45a4af1368a2: receive RaftClientReply:client-2EC808601240->374189d0-76c5-49d2-81b4-45a4af1368a2@group-30B6692CD68C, cid=2180, SUCCESS, logIndex=3679, commits[374189d0-76c5-49d2-81b4-45a4af1368a2:c3680]
2019-06-14 08:43:03,957 INFO  client.GrpcClientProtocolClient (GrpcClientProtocolClient.java:onNext(254)) - client-2EC808601240->374189d0-76c5-49d2-81b4-45a4af1368a2: receive RaftClientReply:client-2EC808601240->374189d0-76c5-49d2-81b4-45a4af1368a2@group-30B6692CD68C, cid=2181, SUCCESS, logIndex=3681, commits[374189d0-76c5-49d2-81b4-45a4af1368a2:c3681]
2019-06-14 08:43:03,958 INFO  client.GrpcClientProtocolClient (GrpcClientProtocolClient.java:onNext(254)) - client-2EC808601240->374189d0-76c5-49d2-81b4-45a4af1368a2: receive RaftClientReply:client-2EC808601240->374189d0-76c5-49d2-81b4-45a4af1368a2@group-30B6692CD68C, cid=2182, SUCCESS, logIndex=3683, commits[374189d0-76c5-49d2-81b4-45a4af1368a2:c3683]
2019-06-14 08:43:03,959 INFO  client.GrpcClientProtocolClient (GrpcClientProtocolClient.java:onNext(254)) - client-2EC808601240->374189d0-76c5-49d2-81b4-45a4af1368a2: receive RaftClientReply:client-2EC808601240->374189d0-76c5-49d2-81b4-45a4af1368a2@group-30B6692CD68C, cid=2183, SUCCESS, logIndex=3684, commits[374189d0-76c5-49d2-81b4-45a4af1368a2:c3686]
2019-06-14 08:43:03,959 INFO  client.GrpcClientProtocolClient (GrpcClientProtocolClient.java:onNext(254)) - client-2EC808601240->374189d0-76c5-49d2-81b4-45a4af1368a2: receive RaftClientReply:client-2EC808601240->374189d0-76c5-49d2-81b4-45a4af1368a2@group-30B6692CD68C, cid=2184, SUCCESS, logIndex=3685, commits[374189d0-76c5-49d2-81b4-45a4af1368a2:c3686]
2019-06-14 08:43:03,968 INFO  client.GrpcClientProtocolClient (GrpcClientProtocolClient.java:onNext(254)) - client-2EC808601240->374189d0-76c5-49d2-81b4-45a4af1368a2: receive RaftClientReply:client-2EC808601240->374189d0-76c5-49d2-81b4-45a4af1368a2@group-30B6692CD68C, cid=2185, SUCCESS, logIndex=3687, commits[374189d0-76c5-49d2-81b4-45a4af1368a2:c3687]
2019-06-14 08:43:03,969 INFO  client.GrpcClientProtocolClient (GrpcClientProtocolClient.java:onNext(254)) - client-2EC808601240->374189d0-76c5-49d2-81b4-45a4af1368a2: receive RaftClientReply:client-2EC808601240->374189d0-76c5-49d2-81b4-45a4af1368a2@group-30B6692CD68C, cid=2186, SUCCESS, logIndex=3689, commits[374189d0-76c5-49d2-81b4-45a4af1368a2:c3689]
2019-06-14 08:43:03,970 INFO  client.GrpcClientProtocolClient (GrpcClientProtocolClient.java:onNext(254)) - client-2EC808601240->374189d0-76c5-49d2-81b4-45a4af1368a2: receive RaftClientReply:client-2EC808601240->374189d0-76c5-49d2-81b4-45a4af1368a2@group-30B6692CD68C, cid=2187, SUCCESS, logIndex=3690, commits[374189d0-76c5-49d2-81b4-45a4af1368a2:c3692]
2019-06-14 08:43:03,970 INFO  client.GrpcClientProtocolClient (GrpcClientProtocolClient.java:onNext(254)) - client-2EC808601240->374189d0-76c5-49d2-81b4-45a4af1368a2: receive RaftClientReply:client-2EC808601240->374189d0-76c5-49d2-81b4-45a4af1368a2@group-30B6692CD68C, cid=2188, SUCCESS, logIndex=3691, commits[374189d0-76c5-49d2-81b4-45a4af1368a2:c3692]
2019-06-14 08:43:03,975 INFO  client.GrpcClientProtocolClient (GrpcClientProtocolClient.java:onNext(254)) - client-2EC808601240->374189d0-76c5-49d2-81b4-45a4af1368a2: receive RaftClientReply:client-2EC808601240->374189d0-76c5-49d2-81b4-45a4af1368a2@group-30B6692CD68C, cid=2189, SUCCESS, logIndex=3693, commits[374189d0-76c5-49d2-81b4-45a4af1368a2:c3693]
2019-06-14 08:43:03,975 INFO  storage.RaftLogWorker (RaftLogWorker.java:rollLogSegment(303)) - 374189d0-76c5-49d2-81b4-45a4af1368a2-RaftLogWorker: Rolling segment log-3630_3696 to index:3696
2019-06-14 08:43:03,976 INFO  client.GrpcClientProtocolClient (GrpcClientProtocolClient.java:onNext(254)) - client-2EC808601240->374189d0-76c5-49d2-81b4-45a4af1368a2: receive RaftClientReply:client-2EC808601240->374189d0-76c5-49d2-81b4-45a4af1368a2@group-30B6692CD68C, cid=2190, SUCCESS, logIndex=3695, commits[374189d0-76c5-49d2-81b4-45a4af1368a2:c3695]
2019-06-14 08:43:03,976 INFO  storage.RaftLogWorker (RaftLogWorker.java:execute(433)) - 374189d0-76c5-49d2-81b4-45a4af1368a2-RaftLogWorker: Rolled log segment from /opt/src/hadoop-ozone/integration-test/target/test-dir/MiniOzoneClusterImpl-1994f8b8-dd4d-445c-bf25-0c6d40f9b14d/datanode-0/data/ratis/99d0acb8-99ce-4814-8259-30b6692cd68c/current/log_inprogress_3630 to /opt/src/hadoop-ozone/integration-test/target/test-dir/MiniOzoneClusterImpl-1994f8b8-dd4d-445c-bf25-0c6d40f9b14d/datanode-0/data/ratis/99d0acb8-99ce-4814-8259-30b6692cd68c/current/log_3630-3696
2019-06-14 08:43:03,978 INFO  client.GrpcClientProtocolClient (GrpcClientProtocolClient.java:onNext(254)) - client-2EC808601240->374189d0-76c5-49d2-81b4-45a4af1368a2: receive RaftClientReply:client-2EC808601240->374189d0-76c5-49d2-81b4-45a4af1368a2@group-30B6692CD68C, cid=2191, SUCCESS, logIndex=3696, commits[374189d0-76c5-49d2-81b4-45a4af1368a2:c3696]
2019-06-14 08:43:04,012 INFO  storage.RaftLogWorker (RaftLogWorker.java:execute(469)) - 374189d0-76c5-49d2-81b4-45a4af1368a2-RaftLogWorker: created new log segment /opt/src/hadoop-ozone/integration-test/target/test-dir/MiniOzoneClusterImpl-1994f8b8-dd4d-445c-bf25-0c6d40f9b14d/datanode-0/data/ratis/99d0acb8-99ce-4814-8259-30b6692cd68c/current/log_inprogress_3697
2019-06-14 08:43:04,013 INFO  client.GrpcClientProtocolClient (GrpcClientProtocolClient.java:onNext(254)) - client-2EC808601240->374189d0-76c5-49d2-81b4-45a4af1368a2: receive RaftClientReply:client-2EC808601240->374189d0-76c5-49d2-81b4-45a4af1368a2@group-30B6692CD68C, cid=2192, SUCCESS, logIndex=3697, commits[374189d0-76c5-49d2-81b4-45a4af1368a2:c3699]
2019-06-14 08:43:04,022 DEBUG block.SCMBlockDeletingService (SCMBlockDeletingService.java:call(138)) - Running DeletedBlockTransactionScanner
2019-06-14 08:43:04,022 DEBUG block.SCMBlockDeletingService (SCMBlockDeletingService.java:call(155)) - Scanned deleted blocks log and got 0 delTX to process.
2019-06-14 08:43:04,022 INFO  client.GrpcClientProtocolClient (GrpcClientProtocolClient.java:onNext(254)) - client-2EC808601240->374189d0-76c5-49d2-81b4-45a4af1368a2: receive RaftClientReply:client-2EC808601240->374189d0-76c5-49d2-81b4-45a4af1368a2@group-30B6692CD68C, cid=2193, SUCCESS, logIndex=3700, commits[374189d0-76c5-49d2-81b4-45a4af1368a2:c3700]
2019-06-14 08:43:04,024 INFO  client.GrpcClientProtocolClient (GrpcClientProtocolClient.java:onNext(254)) - client-2EC808601240->374189d0-76c5-49d2-81b4-45a4af1368a2: receive RaftClientReply:client-2EC808601240->374189d0-76c5-49d2-81b4-45a4af1368a2@group-30B6692CD68C, cid=2194, SUCCESS, logIndex=3702, commits[374189d0-76c5-49d2-81b4-45a4af1368a2:c3702]
2019-06-14 08:43:04,025 INFO  client.GrpcClientProtocolClient (GrpcClientProtocolClient.java:onNext(254)) - client-2EC808601240->374189d0-76c5-49d2-81b4-45a4af1368a2: receive RaftClientReply:client-2EC808601240->374189d0-76c5-49d2-81b4-45a4af1368a2@group-30B6692CD68C, cid=2195, SUCCESS, logIndex=3703, commits[374189d0-76c5-49d2-81b4-45a4af1368a2:c3705]
2019-06-14 08:43:04,025 INFO  client.GrpcClientProtocolClient (GrpcClientProtocolClient.java:onNext(254)) - client-2EC808601240->374189d0-76c5-49d2-81b4-45a4af1368a2: receive RaftClientReply:client-2EC808601240->374189d0-76c5-49d2-81b4-45a4af1368a2@group-30B6692CD68C, cid=2196, SUCCESS, logIndex=3704, commits[374189d0-76c5-49d2-81b4-45a4af1368a2:c3705]
2019-06-14 08:43:04,030 INFO  client.GrpcClientProtocolClient (GrpcClientProtocolClient.java:onNext(254)) - client-2EC808601240->374189d0-76c5-49d2-81b4-45a4af1368a2: receive RaftClientReply:client-2EC808601240->374189d0-76c5-49d2-81b4-45a4af1368a2@group-30B6692CD68C, cid=2197, SUCCESS, logIndex=3706, commits[374189d0-76c5-49d2-81b4-45a4af1368a2:c3706]
2019-06-14 08:43:04,032 INFO  client.GrpcClientProtocolClient (GrpcClientProtocolClient.java:onNext(254)) - client-2EC808601240->374189d0-76c5-49d2-81b4-45a4af1368a2: receive RaftClientReply:client-2EC808601240->374189d0-76c5-49d2-81b4-45a4af1368a2@group-30B6692CD68C, cid=2198, SUCCESS, logIndex=3708, commits[374189d0-76c5-49d2-81b4-45a4af1368a2:c3708]
2019-06-14 08:43:04,034 INFO  client.GrpcClientProtocolClient (GrpcClientProtocolClient.java:onNext(254)) - client-2EC808601240->374189d0-76c5-49d2-81b4-45a4af1368a2: receive RaftClientReply:client-2EC808601240->374189d0-76c5-49d2-81b4-45a4af1368a2@group-30B6692CD68C, cid=2199, SUCCESS, logIndex=3709, commits[374189d0-76c5-49d2-81b4-45a4af1368a2:c3712]
2019-06-14 08:43:04,035 INFO  client.GrpcClientProtocolClient (GrpcClientProtocolClient.java:onNext(254)) - client-2EC808601240->374189d0-76c5-49d2-81b4-45a4af1368a2: receive RaftClientReply:client-2EC808601240->374189d0-76c5-49d2-81b4-45a4af1368a2@group-30B6692CD68C, cid=2200, SUCCESS, logIndex=3710, commits[374189d0-76c5-49d2-81b4-45a4af1368a2:c3712]
2019-06-14 08:43:04,044 INFO  client.GrpcClientProtocolClient (GrpcClientProtocolClient.java:onNext(254)) - client-2EC808601240->374189d0-76c5-49d2-81b4-45a4af1368a2: receive RaftClientReply:client-2EC808601240->374189d0-76c5-49d2-81b4-45a4af1368a2@group-30B6692CD68C, cid=2201, SUCCESS, logIndex=3713, commits[374189d0-76c5-49d2-81b4-45a4af1368a2:c3713]
2019-06-14 08:43:04,047 INFO  client.GrpcClientProtocolClient (GrpcClientProtocolClient.java:onNext(254)) - client-2EC808601240->374189d0-76c5-49d2-81b4-45a4af1368a2: receive RaftClientReply:client-2EC808601240->374189d0-76c5-49d2-81b4-45a4af1368a2@group-30B6692CD68C, cid=2202, SUCCESS, logIndex=3715, commits[374189d0-76c5-49d2-81b4-45a4af1368a2:c3715]
2019-06-14 08:43:04,047 INFO  client.GrpcClientProtocolClient (GrpcClientProtocolClient.java:onNext(254)) - client-2EC808601240->374189d0-76c5-49d2-81b4-45a4af1368a2: receive RaftClientReply:client-2EC808601240->374189d0-76c5-49d2-81b4-45a4af1368a2@group-30B6692CD68C, cid=2203, SUCCESS, logIndex=3716, commits[374189d0-76c5-49d2-81b4-45a4af1368a2:c3718]
2019-06-14 08:43:04,048 INFO  client.GrpcClientProtocolClient (GrpcClientProtocolClient.java:onNext(254)) - client-2EC808601240->374189d0-76c5-49d2-81b4-45a4af1368a2: receive RaftClientReply:client-2EC808601240->374189d0-76c5-49d2-81b4-45a4af1368a2@group-30B6692CD68C, cid=2204, SUCCESS, logIndex=3717, commits[374189d0-76c5-49d2-81b4-45a4af1368a2:c3718]
2019-06-14 08:43:04,053 INFO  client.GrpcClientProtocolClient (GrpcClientProtocolClient.java:onNext(254)) - client-2EC808601240->374189d0-76c5-49d2-81b4-45a4af1368a2: receive RaftClientReply:client-2EC808601240->374189d0-76c5-49d2-81b4-45a4af1368a2@group-30B6692CD68C, cid=2205, SUCCESS, logIndex=3719, commits[374189d0-76c5-49d2-81b4-45a4af1368a2:c3719]
2019-06-14 08:43:04,054 INFO  client.GrpcClientProtocolClient (GrpcClientProtocolClient.java:onNext(254)) - client-2EC808601240->374189d0-76c5-49d2-81b4-45a4af1368a2: receive RaftClientReply:client-2EC808601240->374189d0-76c5-49d2-81b4-45a4af1368a2@group-30B6692CD68C, cid=2206, SUCCESS, logIndex=3721, commits[374189d0-76c5-49d2-81b4-45a4af1368a2:c3721]
2019-06-14 08:43:04,055 INFO  client.GrpcClientProtocolClient (GrpcClientProtocolClient.java:onNext(254)) - client-2EC808601240->374189d0-76c5-49d2-81b4-45a4af1368a2: receive RaftClientReply:client-2EC808601240->374189d0-76c5-49d2-81b4-45a4af1368a2@group-30B6692CD68C, cid=2207, SUCCESS, logIndex=3722, commits[374189d0-76c5-49d2-81b4-45a4af1368a2:c3724]
2019-06-14 08:43:04,055 INFO  client.GrpcClientProtocolClient (GrpcClientProtocolClient.java:onNext(254)) - client-2EC808601240->374189d0-76c5-49d2-81b4-45a4af1368a2: receive RaftClientReply:client-2EC808601240->374189d0-76c5-49d2-81b4-45a4af1368a2@group-30B6692CD68C, cid=2208, SUCCESS, logIndex=3723, commits[374189d0-76c5-49d2-81b4-45a4af1368a2:c3724]
2019-06-14 08:43:04,065 INFO  client.GrpcClientProtocolClient (GrpcClientProtocolClient.java:onNext(254)) - client-2EC808601240->374189d0-76c5-49d2-81b4-45a4af1368a2: receive RaftClientReply:client-2EC808601240->374189d0-76c5-49d2-81b4-45a4af1368a2@group-30B6692CD68C, cid=2209, SUCCESS, logIndex=3725, commits[374189d0-76c5-49d2-81b4-45a4af1368a2:c3725]
2019-06-14 08:43:04,066 INFO  client.GrpcClientProtocolClient (GrpcClientProtocolClient.java:onNext(254)) - client-2EC808601240->374189d0-76c5-49d2-81b4-45a4af1368a2: receive RaftClientReply:client-2EC808601240->374189d0-76c5-49d2-81b4-45a4af1368a2@group-30B6692CD68C, cid=2210, SUCCESS, logIndex=3727, commits[374189d0-76c5-49d2-81b4-45a4af1368a2:c3727]
2019-06-14 08:43:04,122 DEBUG block.SCMBlockDeletingService (SCMBlockDeletingService.java:call(138)) - Running DeletedBlockTransactionScanner
2019-06-14 08:43:04,122 DEBUG block.SCMBlockDeletingService (SCMBlockDeletingService.java:call(155)) - Scanned deleted blocks log and got 0 delTX to process.
2019-06-14 08:43:04,135 INFO  client.GrpcClientProtocolClient (GrpcClientProtocolClient.java:onNext(254)) - client-2EC808601240->374189d0-76c5-49d2-81b4-45a4af1368a2: receive RaftClientReply:client-2EC808601240->374189d0-76c5-49d2-81b4-45a4af1368a2@group-30B6692CD68C, cid=2211, SUCCESS, logIndex=3729, commits[374189d0-76c5-49d2-81b4-45a4af1368a2:c3729]
2019-06-14 08:43:04,135 INFO  client.GrpcClientProtocolClient (GrpcClientProtocolClient.java:onNext(254)) - client-2EC808601240->374189d0-76c5-49d2-81b4-45a4af1368a2: receive RaftClientReply:client-2EC808601240->374189d0-76c5-49d2-81b4-45a4af1368a2@group-30B6692CD68C, cid=2212, SUCCESS, logIndex=3731, commits[374189d0-76c5-49d2-81b4-45a4af1368a2:c3731]
2019-06-14 08:43:04,141 INFO  client.GrpcClientProtocolClient (GrpcClientProtocolClient.java:onNext(254)) - client-2EC808601240->374189d0-76c5-49d2-81b4-45a4af1368a2: receive RaftClientReply:client-2EC808601240->374189d0-76c5-49d2-81b4-45a4af1368a2@group-30B6692CD68C, cid=2213, SUCCESS, logIndex=3733, commits[374189d0-76c5-49d2-81b4-45a4af1368a2:c3733]
2019-06-14 08:43:04,146 INFO  client.GrpcClientProtocolClient (GrpcClientProtocolClient.java:onNext(254)) - client-2EC808601240->374189d0-76c5-49d2-81b4-45a4af1368a2: receive RaftClientReply:client-2EC808601240->374189d0-76c5-49d2-81b4-45a4af1368a2@group-30B6692CD68C, cid=2214, SUCCESS, logIndex=3735, commits[374189d0-76c5-49d2-81b4-45a4af1368a2:c3735]
2019-06-14 08:43:04,146 INFO  client.GrpcClientProtocolClient (GrpcClientProtocolClient.java:onNext(254)) - client-2EC808601240->374189d0-76c5-49d2-81b4-45a4af1368a2: receive RaftClientReply:client-2EC808601240->374189d0-76c5-49d2-81b4-45a4af1368a2@group-30B6692CD68C, cid=2215, SUCCESS, logIndex=3736, commits[374189d0-76c5-49d2-81b4-45a4af1368a2:c3738]
2019-06-14 08:43:04,146 INFO  client.GrpcClientProtocolClient (GrpcClientProtocolClient.java:onNext(254)) - client-2EC808601240->374189d0-76c5-49d2-81b4-45a4af1368a2: receive RaftClientReply:client-2EC808601240->374189d0-76c5-49d2-81b4-45a4af1368a2@group-30B6692CD68C, cid=2216, SUCCESS, logIndex=3737, commits[374189d0-76c5-49d2-81b4-45a4af1368a2:c3738]
2019-06-14 08:43:04,157 INFO  client.GrpcClientProtocolClient (GrpcClientProtocolClient.java:onNext(254)) - client-2EC808601240->374189d0-76c5-49d2-81b4-45a4af1368a2: receive RaftClientReply:client-2EC808601240->374189d0-76c5-49d2-81b4-45a4af1368a2@group-30B6692CD68C, cid=2217, SUCCESS, logIndex=3739, commits[374189d0-76c5-49d2-81b4-45a4af1368a2:c3739]
2019-06-14 08:43:04,158 INFO  client.GrpcClientProtocolClient (GrpcClientProtocolClient.java:onNext(254)) - client-2EC808601240->374189d0-76c5-49d2-81b4-45a4af1368a2: receive RaftClientReply:client-2EC808601240->374189d0-76c5-49d2-81b4-45a4af1368a2@group-30B6692CD68C, cid=2218, SUCCESS, logIndex=3741, commits[374189d0-76c5-49d2-81b4-45a4af1368a2:c3741]
2019-06-14 08:43:04,161 INFO  client.GrpcClientProtocolClient (GrpcClientProtocolClient.java:onNext(254)) - client-2EC808601240->374189d0-76c5-49d2-81b4-45a4af1368a2: receive RaftClientReply:client-2EC808601240->374189d0-76c5-49d2-81b4-45a4af1368a2@group-30B6692CD68C, cid=2219, SUCCESS, logIndex=3743, commits[374189d0-76c5-49d2-81b4-45a4af1368a2:c3744]
2019-06-14 08:43:04,161 INFO  client.GrpcClientProtocolClient (GrpcClientProtocolClient.java:onNext(254)) - client-2EC808601240->374189d0-76c5-49d2-81b4-45a4af1368a2: receive RaftClientReply:client-2EC808601240->374189d0-76c5-49d2-81b4-45a4af1368a2@group-30B6692CD68C, cid=2220, SUCCESS, logIndex=3744, commits[374189d0-76c5-49d2-81b4-45a4af1368a2:c3744]
2019-06-14 08:43:04,166 INFO  client.GrpcClientProtocolClient (GrpcClientProtocolClient.java:onNext(254)) - client-2EC808601240->374189d0-76c5-49d2-81b4-45a4af1368a2: receive RaftClientReply:client-2EC808601240->374189d0-76c5-49d2-81b4-45a4af1368a2@group-30B6692CD68C, cid=2221, SUCCESS, logIndex=3746, commits[374189d0-76c5-49d2-81b4-45a4af1368a2:c3746]
2019-06-14 08:43:04,168 INFO  client.GrpcClientProtocolClient (GrpcClientProtocolClient.java:onNext(254)) - client-2EC808601240->374189d0-76c5-49d2-81b4-45a4af1368a2: receive RaftClientReply:client-2EC808601240->374189d0-76c5-49d2-81b4-45a4af1368a2@group-30B6692CD68C, cid=2222, SUCCESS, logIndex=3748, commits[374189d0-76c5-49d2-81b4-45a4af1368a2:c3748]
2019-06-14 08:43:04,169 INFO  client.GrpcClientProtocolClient (GrpcClientProtocolClient.java:onNext(254)) - client-2EC808601240->374189d0-76c5-49d2-81b4-45a4af1368a2: receive RaftClientReply:client-2EC808601240->374189d0-76c5-49d2-81b4-45a4af1368a2@group-30B6692CD68C, cid=2223, SUCCESS, logIndex=3749, commits[374189d0-76c5-49d2-81b4-45a4af1368a2:c3750]
2019-06-14 08:43:04,170 INFO  client.GrpcClientProtocolClient (GrpcClientProtocolClient.java:onNext(254)) - client-2EC808601240->374189d0-76c5-49d2-81b4-45a4af1368a2: receive RaftClientReply:client-2EC808601240->374189d0-76c5-49d2-81b4-45a4af1368a2@group-30B6692CD68C, cid=2224, SUCCESS, logIndex=3751, commits[374189d0-76c5-49d2-81b4-45a4af1368a2:c3751]
2019-06-14 08:43:04,180 INFO  client.GrpcClientProtocolClient (GrpcClientProtocolClient.java:onNext(254)) - client-2EC808601240->374189d0-76c5-49d2-81b4-45a4af1368a2: receive RaftClientReply:client-2EC808601240->374189d0-76c5-49d2-81b4-45a4af1368a2@group-30B6692CD68C, cid=2225, SUCCESS, logIndex=3753, commits[374189d0-76c5-49d2-81b4-45a4af1368a2:c3753]
2019-06-14 08:43:04,181 INFO  client.GrpcClientProtocolClient (GrpcClientProtocolClient.java:onNext(254)) - client-2EC808601240->374189d0-76c5-49d2-81b4-45a4af1368a2: receive RaftClientReply:client-2EC808601240->374189d0-76c5-49d2-81b4-45a4af1368a2@group-30B6692CD68C, cid=2226, SUCCESS, logIndex=3755, commits[374189d0-76c5-49d2-81b4-45a4af1368a2:c3755]
2019-06-14 08:43:04,182 INFO  client.GrpcClientProtocolClient (GrpcClientProtocolClient.java:onNext(254)) - client-2EC808601240->374189d0-76c5-49d2-81b4-45a4af1368a2: receive RaftClientReply:client-2EC808601240->374189d0-76c5-49d2-81b4-45a4af1368a2@group-30B6692CD68C, cid=2227, SUCCESS, logIndex=3756, commits[374189d0-76c5-49d2-81b4-45a4af1368a2:c3758]
2019-06-14 08:43:04,182 INFO  client.GrpcClientProtocolClient (GrpcClientProtocolClient.java:onNext(254)) - client-2EC808601240->374189d0-76c5-49d2-81b4-45a4af1368a2: receive RaftClientReply:client-2EC808601240->374189d0-76c5-49d2-81b4-45a4af1368a2@group-30B6692CD68C, cid=2228, SUCCESS, logIndex=3757, commits[374189d0-76c5-49d2-81b4-45a4af1368a2:c3758]
2019-06-14 08:43:04,187 INFO  client.GrpcClientProtocolClient (GrpcClientProtocolClient.java:onNext(254)) - client-2EC808601240->374189d0-76c5-49d2-81b4-45a4af1368a2: receive RaftClientReply:client-2EC808601240->374189d0-76c5-49d2-81b4-45a4af1368a2@group-30B6692CD68C, cid=2229, SUCCESS, logIndex=3759, commits[374189d0-76c5-49d2-81b4-45a4af1368a2:c3759]
2019-06-14 08:43:04,188 INFO  client.GrpcClientProtocolClient (GrpcClientProtocolClient.java:onNext(254)) - client-2EC808601240->374189d0-76c5-49d2-81b4-45a4af1368a2: receive RaftClientReply:client-2EC808601240->374189d0-76c5-49d2-81b4-45a4af1368a2@group-30B6692CD68C, cid=2230, SUCCESS, logIndex=3761, commits[374189d0-76c5-49d2-81b4-45a4af1368a2:c3761]
2019-06-14 08:43:04,189 INFO  client.GrpcClientProtocolClient (GrpcClientProtocolClient.java:onNext(254)) - client-2EC808601240->374189d0-76c5-49d2-81b4-45a4af1368a2: receive RaftClientReply:client-2EC808601240->374189d0-76c5-49d2-81b4-45a4af1368a2@group-30B6692CD68C, cid=2231, SUCCESS, logIndex=3762, commits[374189d0-76c5-49d2-81b4-45a4af1368a2:c3764]
2019-06-14 08:43:04,189 INFO  client.GrpcClientProtocolClient (GrpcClientProtocolClient.java:onNext(254)) - client-2EC808601240->374189d0-76c5-49d2-81b4-45a4af1368a2: receive RaftClientReply:client-2EC808601240->374189d0-76c5-49d2-81b4-45a4af1368a2@group-30B6692CD68C, cid=2232, SUCCESS, logIndex=3763, commits[374189d0-76c5-49d2-81b4-45a4af1368a2:c3764]
2019-06-14 08:43:04,199 INFO  client.GrpcClientProtocolClient (GrpcClientProtocolClient.java:onNext(254)) - client-2EC808601240->374189d0-76c5-49d2-81b4-45a4af1368a2: receive RaftClientReply:client-2EC808601240->374189d0-76c5-49d2-81b4-45a4af1368a2@group-30B6692CD68C, cid=2233, SUCCESS, logIndex=3765, commits[374189d0-76c5-49d2-81b4-45a4af1368a2:c3765]
2019-06-14 08:43:04,200 INFO  storage.RaftLogWorker (RaftLogWorker.java:rollLogSegment(303)) - 374189d0-76c5-49d2-81b4-45a4af1368a2-RaftLogWorker: Rolling segment log-3697_3767 to index:3767
2019-06-14 08:43:04,200 INFO  storage.RaftLogWorker (RaftLogWorker.java:execute(433)) - 374189d0-76c5-49d2-81b4-45a4af1368a2-RaftLogWorker: Rolled log segment from /opt/src/hadoop-ozone/integration-test/target/test-dir/MiniOzoneClusterImpl-1994f8b8-dd4d-445c-bf25-0c6d40f9b14d/datanode-0/data/ratis/99d0acb8-99ce-4814-8259-30b6692cd68c/current/log_inprogress_3697 to /opt/src/hadoop-ozone/integration-test/target/test-dir/MiniOzoneClusterImpl-1994f8b8-dd4d-445c-bf25-0c6d40f9b14d/datanode-0/data/ratis/99d0acb8-99ce-4814-8259-30b6692cd68c/current/log_3697-3767
2019-06-14 08:43:04,207 INFO  client.GrpcClientProtocolClient (GrpcClientProtocolClient.java:onNext(254)) - client-2EC808601240->374189d0-76c5-49d2-81b4-45a4af1368a2: receive RaftClientReply:client-2EC808601240->374189d0-76c5-49d2-81b4-45a4af1368a2@group-30B6692CD68C, cid=2234, SUCCESS, logIndex=3767, commits[374189d0-76c5-49d2-81b4-45a4af1368a2:c3767]
2019-06-14 08:43:04,222 DEBUG block.SCMBlockDeletingService (SCMBlockDeletingService.java:call(138)) - Running DeletedBlockTransactionScanner
2019-06-14 08:43:04,223 DEBUG block.SCMBlockDeletingService (SCMBlockDeletingService.java:call(155)) - Scanned deleted blocks log and got 0 delTX to process.
2019-06-14 08:43:04,235 INFO  storage.RaftLogWorker (RaftLogWorker.java:execute(469)) - 374189d0-76c5-49d2-81b4-45a4af1368a2-RaftLogWorker: created new log segment /opt/src/hadoop-ozone/integration-test/target/test-dir/MiniOzoneClusterImpl-1994f8b8-dd4d-445c-bf25-0c6d40f9b14d/datanode-0/data/ratis/99d0acb8-99ce-4814-8259-30b6692cd68c/current/log_inprogress_3768
2019-06-14 08:43:04,237 INFO  client.GrpcClientProtocolClient (GrpcClientProtocolClient.java:onNext(254)) - client-2EC808601240->374189d0-76c5-49d2-81b4-45a4af1368a2: receive RaftClientReply:client-2EC808601240->374189d0-76c5-49d2-81b4-45a4af1368a2@group-30B6692CD68C, cid=2235, SUCCESS, logIndex=3768, commits[374189d0-76c5-49d2-81b4-45a4af1368a2:c3770]
2019-06-14 08:43:04,237 INFO  client.GrpcClientProtocolClient (GrpcClientProtocolClient.java:onNext(254)) - client-2EC808601240->374189d0-76c5-49d2-81b4-45a4af1368a2: receive RaftClientReply:client-2EC808601240->374189d0-76c5-49d2-81b4-45a4af1368a2@group-30B6692CD68C, cid=2236, SUCCESS, logIndex=3769, commits[374189d0-76c5-49d2-81b4-45a4af1368a2:c3770]
2019-06-14 08:43:04,242 INFO  client.GrpcClientProtocolClient (GrpcClientProtocolClient.java:onNext(254)) - client-2EC808601240->374189d0-76c5-49d2-81b4-45a4af1368a2: receive RaftClientReply:client-2EC808601240->374189d0-76c5-49d2-81b4-45a4af1368a2@group-30B6692CD68C, cid=2237, SUCCESS, logIndex=3771, commits[374189d0-76c5-49d2-81b4-45a4af1368a2:c3771]
2019-06-14 08:43:04,243 INFO  client.GrpcClientProtocolClient (GrpcClientProtocolClient.java:onNext(254)) - client-2EC808601240->374189d0-76c5-49d2-81b4-45a4af1368a2: receive RaftClientReply:client-2EC808601240->374189d0-76c5-49d2-81b4-45a4af1368a2@group-30B6692CD68C, cid=2238, SUCCESS, logIndex=3773, commits[374189d0-76c5-49d2-81b4-45a4af1368a2:c3773]
2019-06-14 08:43:04,245 INFO  client.GrpcClientProtocolClient (GrpcClientProtocolClient.java:onNext(254)) - client-2EC808601240->374189d0-76c5-49d2-81b4-45a4af1368a2: receive RaftClientReply:client-2EC808601240->374189d0-76c5-49d2-81b4-45a4af1368a2@group-30B6692CD68C, cid=2239, SUCCESS, logIndex=3774, commits[374189d0-76c5-49d2-81b4-45a4af1368a2:c3776]
2019-06-14 08:43:04,245 INFO  client.GrpcClientProtocolClient (GrpcClientProtocolClient.java:onNext(254)) - client-2EC808601240->374189d0-76c5-49d2-81b4-45a4af1368a2: receive RaftClientReply:client-2EC808601240->374189d0-76c5-49d2-81b4-45a4af1368a2@group-30B6692CD68C, cid=2240, SUCCESS, logIndex=3775, commits[374189d0-76c5-49d2-81b4-45a4af1368a2:c3776]
2019-06-14 08:43:04,253 INFO  client.GrpcClientProtocolClient (GrpcClientProtocolClient.java:onNext(254)) - client-2EC808601240->374189d0-76c5-49d2-81b4-45a4af1368a2: receive RaftClientReply:client-2EC808601240->374189d0-76c5-49d2-81b4-45a4af1368a2@group-30B6692CD68C, cid=2241, SUCCESS, logIndex=3777, commits[374189d0-76c5-49d2-81b4-45a4af1368a2:c3777]
2019-06-14 08:43:04,255 INFO  client.GrpcClientProtocolClient (GrpcClientProtocolClient.java:onNext(254)) - client-2EC808601240->374189d0-76c5-49d2-81b4-45a4af1368a2: receive RaftClientReply:client-2EC808601240->374189d0-76c5-49d2-81b4-45a4af1368a2@group-30B6692CD68C, cid=2242, SUCCESS, logIndex=3779, commits[374189d0-76c5-49d2-81b4-45a4af1368a2:c3779]
2019-06-14 08:43:04,256 INFO  client.GrpcClientProtocolClient (GrpcClientProtocolClient.java:onNext(254)) - client-2EC808601240->374189d0-76c5-49d2-81b4-45a4af1368a2: receive RaftClientReply:client-2EC808601240->374189d0-76c5-49d2-81b4-45a4af1368a2@group-30B6692CD68C, cid=2243, SUCCESS, logIndex=3780, commits[374189d0-76c5-49d2-81b4-45a4af1368a2:c3782]
2019-06-14 08:43:04,256 INFO  client.GrpcClientProtocolClient (GrpcClientProtocolClient.java:onNext(254)) - client-2EC808601240->374189d0-76c5-49d2-81b4-45a4af1368a2: receive RaftClientReply:client-2EC808601240->374189d0-76c5-49d2-81b4-45a4af1368a2@group-30B6692CD68C, cid=2244, SUCCESS, logIndex=3781, commits[374189d0-76c5-49d2-81b4-45a4af1368a2:c3782]
2019-06-14 08:43:04,261 INFO  client.GrpcClientProtocolClient (GrpcClientProtocolClient.java:onNext(254)) - client-2EC808601240->374189d0-76c5-49d2-81b4-45a4af1368a2: receive RaftClientReply:client-2EC808601240->374189d0-76c5-49d2-81b4-45a4af1368a2@group-30B6692CD68C, cid=2245, SUCCESS, logIndex=3783, commits[374189d0-76c5-49d2-81b4-45a4af1368a2:c3783]
2019-06-14 08:43:04,262 INFO  client.GrpcClientProtocolClient (GrpcClientProtocolClient.java:onNext(254)) - client-2EC808601240->374189d0-76c5-49d2-81b4-45a4af1368a2: receive RaftClientReply:client-2EC808601240->374189d0-76c5-49d2-81b4-45a4af1368a2@group-30B6692CD68C, cid=2246, SUCCESS, logIndex=3785, commits[374189d0-76c5-49d2-81b4-45a4af1368a2:c3785]
2019-06-14 08:43:04,263 INFO  client.GrpcClientProtocolClient (GrpcClientProtocolClient.java:onNext(254)) - client-2EC808601240->374189d0-76c5-49d2-81b4-45a4af1368a2: receive RaftClientReply:client-2EC808601240->374189d0-76c5-49d2-81b4-45a4af1368a2@group-30B6692CD68C, cid=2247, SUCCESS, logIndex=3786, commits[374189d0-76c5-49d2-81b4-45a4af1368a2:c3788]
2019-06-14 08:43:04,263 INFO  client.GrpcClientProtocolClient (GrpcClientProtocolClient.java:onNext(254)) - client-2EC808601240->374189d0-76c5-49d2-81b4-45a4af1368a2: receive RaftClientReply:client-2EC808601240->374189d0-76c5-49d2-81b4-45a4af1368a2@group-30B6692CD68C, cid=2248, SUCCESS, logIndex=3787, commits[374189d0-76c5-49d2-81b4-45a4af1368a2:c3788]
2019-06-14 08:43:04,271 INFO  client.GrpcClientProtocolClient (GrpcClientProtocolClient.java:onNext(254)) - client-2EC808601240->374189d0-76c5-49d2-81b4-45a4af1368a2: receive RaftClientReply:client-2EC808601240->374189d0-76c5-49d2-81b4-45a4af1368a2@group-30B6692CD68C, cid=2249, SUCCESS, logIndex=3789, commits[374189d0-76c5-49d2-81b4-45a4af1368a2:c3789]
2019-06-14 08:43:04,272 INFO  client.GrpcClientProtocolClient (GrpcClientProtocolClient.java:onNext(254)) - client-2EC808601240->374189d0-76c5-49d2-81b4-45a4af1368a2: receive RaftClientReply:client-2EC808601240->374189d0-76c5-49d2-81b4-45a4af1368a2@group-30B6692CD68C, cid=2250, SUCCESS, logIndex=3791, commits[374189d0-76c5-49d2-81b4-45a4af1368a2:c3791]
2019-06-14 08:43:04,274 INFO  client.GrpcClientProtocolClient (GrpcClientProtocolClient.java:onNext(254)) - client-2EC808601240->374189d0-76c5-49d2-81b4-45a4af1368a2: receive RaftClientReply:client-2EC808601240->374189d0-76c5-49d2-81b4-45a4af1368a2@group-30B6692CD68C, cid=2251, SUCCESS, logIndex=3792, commits[374189d0-76c5-49d2-81b4-45a4af1368a2:c3794]
2019-06-14 08:43:04,274 INFO  client.GrpcClientProtocolClient (GrpcClientProtocolClient.java:onNext(254)) - client-2EC808601240->374189d0-76c5-49d2-81b4-45a4af1368a2: receive RaftClientReply:client-2EC808601240->374189d0-76c5-49d2-81b4-45a4af1368a2@group-30B6692CD68C, cid=2252, SUCCESS, logIndex=3793, commits[374189d0-76c5-49d2-81b4-45a4af1368a2:c3794]
2019-06-14 08:43:04,282 INFO  client.GrpcClientProtocolClient (GrpcClientProtocolClient.java:onNext(254)) - client-2EC808601240->374189d0-76c5-49d2-81b4-45a4af1368a2: receive RaftClientReply:client-2EC808601240->374189d0-76c5-49d2-81b4-45a4af1368a2@group-30B6692CD68C, cid=2253, SUCCESS, logIndex=3795, commits[374189d0-76c5-49d2-81b4-45a4af1368a2:c3795]
2019-06-14 08:43:04,283 INFO  client.GrpcClientProtocolClient (GrpcClientProtocolClient.java:onNext(254)) - client-2EC808601240->374189d0-76c5-49d2-81b4-45a4af1368a2: receive RaftClientReply:client-2EC808601240->374189d0-76c5-49d2-81b4-45a4af1368a2@group-30B6692CD68C, cid=2254, SUCCESS, logIndex=3797, commits[374189d0-76c5-49d2-81b4-45a4af1368a2:c3797]
2019-06-14 08:43:04,323 DEBUG block.SCMBlockDeletingService (SCMBlockDeletingService.java:call(138)) - Running DeletedBlockTransactionScanner
2019-06-14 08:43:04,323 DEBUG block.SCMBlockDeletingService (SCMBlockDeletingService.java:call(155)) - Scanned deleted blocks log and got 0 delTX to process.
2019-06-14 08:43:04,393 INFO  client.GrpcClientProtocolClient (GrpcClientProtocolClient.java:onNext(254)) - client-2EC808601240->374189d0-76c5-49d2-81b4-45a4af1368a2: receive RaftClientReply:client-2EC808601240->374189d0-76c5-49d2-81b4-45a4af1368a2@group-30B6692CD68C, cid=2255, SUCCESS, logIndex=3799, commits[374189d0-76c5-49d2-81b4-45a4af1368a2:c3799]
2019-06-14 08:43:04,394 INFO  client.GrpcClientProtocolClient (GrpcClientProtocolClient.java:onNext(254)) - client-2EC808601240->374189d0-76c5-49d2-81b4-45a4af1368a2: receive RaftClientReply:client-2EC808601240->374189d0-76c5-49d2-81b4-45a4af1368a2@group-30B6692CD68C, cid=2256, SUCCESS, logIndex=3801, commits[374189d0-76c5-49d2-81b4-45a4af1368a2:c3801]
2019-06-14 08:43:04,404 INFO  client.GrpcClientProtocolClient (GrpcClientProtocolClient.java:onNext(254)) - client-2EC808601240->374189d0-76c5-49d2-81b4-45a4af1368a2: receive RaftClientReply:client-2EC808601240->374189d0-76c5-49d2-81b4-45a4af1368a2@group-30B6692CD68C, cid=2257, SUCCESS, logIndex=3803, commits[374189d0-76c5-49d2-81b4-45a4af1368a2:c3803]
2019-06-14 08:43:04,405 INFO  client.GrpcClientProtocolClient (GrpcClientProtocolClient.java:onNext(254)) - client-2EC808601240->374189d0-76c5-49d2-81b4-45a4af1368a2: receive RaftClientReply:client-2EC808601240->374189d0-76c5-49d2-81b4-45a4af1368a2@group-30B6692CD68C, cid=2258, SUCCESS, logIndex=3805, commits[374189d0-76c5-49d2-81b4-45a4af1368a2:c3805]
2019-06-14 08:43:04,406 INFO  client.GrpcClientProtocolClient (GrpcClientProtocolClient.java:onNext(254)) - client-2EC808601240->374189d0-76c5-49d2-81b4-45a4af1368a2: receive RaftClientReply:client-2EC808601240->374189d0-76c5-49d2-81b4-45a4af1368a2@group-30B6692CD68C, cid=2259, SUCCESS, logIndex=3806, commits[374189d0-76c5-49d2-81b4-45a4af1368a2:c3808]
2019-06-14 08:43:04,406 INFO  client.GrpcClientProtocolClient (GrpcClientProtocolClient.java:onNext(254)) - client-2EC808601240->374189d0-76c5-49d2-81b4-45a4af1368a2: receive RaftClientReply:client-2EC808601240->374189d0-76c5-49d2-81b4-45a4af1368a2@group-30B6692CD68C, cid=2260, SUCCESS, logIndex=3807, commits[374189d0-76c5-49d2-81b4-45a4af1368a2:c3808]
2019-06-14 08:43:04,414 INFO  client.GrpcClientProtocolClient (GrpcClientProtocolClient.java:onNext(254)) - client-2EC808601240->374189d0-76c5-49d2-81b4-45a4af1368a2: receive RaftClientReply:client-2EC808601240->374189d0-76c5-49d2-81b4-45a4af1368a2@group-30B6692CD68C, cid=2261, SUCCESS, logIndex=3809, commits[374189d0-76c5-49d2-81b4-45a4af1368a2:c3809]
2019-06-14 08:43:04,418 INFO  client.GrpcClientProtocolClient (GrpcClientProtocolClient.java:onNext(254)) - client-2EC808601240->374189d0-76c5-49d2-81b4-45a4af1368a2: receive RaftClientReply:client-2EC808601240->374189d0-76c5-49d2-81b4-45a4af1368a2@group-30B6692CD68C, cid=2262, SUCCESS, logIndex=3811, commits[374189d0-76c5-49d2-81b4-45a4af1368a2:c3811]
2019-06-14 08:43:04,418 INFO  client.GrpcClientProtocolClient (GrpcClientProtocolClient.java:onNext(254)) - client-2EC808601240->374189d0-76c5-49d2-81b4-45a4af1368a2: receive RaftClientReply:client-2EC808601240->374189d0-76c5-49d2-81b4-45a4af1368a2@group-30B6692CD68C, cid=2263, SUCCESS, logIndex=3812, commits[374189d0-76c5-49d2-81b4-45a4af1368a2:c3815]
2019-06-14 08:43:04,419 INFO  client.GrpcClientProtocolClient (GrpcClientProtocolClient.java:onNext(254)) - client-2EC808601240->374189d0-76c5-49d2-81b4-45a4af1368a2: receive RaftClientReply:client-2EC808601240->374189d0-76c5-49d2-81b4-45a4af1368a2@group-30B6692CD68C, cid=2264, SUCCESS, logIndex=3813, commits[374189d0-76c5-49d2-81b4-45a4af1368a2:c3815]
2019-06-14 08:43:04,423 DEBUG block.SCMBlockDeletingService (SCMBlockDeletingService.java:call(138)) - Running DeletedBlockTransactionScanner
2019-06-14 08:43:04,423 DEBUG block.SCMBlockDeletingService (SCMBlockDeletingService.java:call(155)) - Scanned deleted blocks log and got 0 delTX to process.
2019-06-14 08:43:04,430 INFO  client.GrpcClientProtocolClient (GrpcClientProtocolClient.java:onNext(254)) - client-2EC808601240->374189d0-76c5-49d2-81b4-45a4af1368a2: receive RaftClientReply:client-2EC808601240->374189d0-76c5-49d2-81b4-45a4af1368a2@group-30B6692CD68C, cid=2265, SUCCESS, logIndex=3816, commits[374189d0-76c5-49d2-81b4-45a4af1368a2:c3816]
2019-06-14 08:43:04,431 INFO  client.GrpcClientProtocolClient (GrpcClientProtocolClient.java:onNext(254)) - client-2EC808601240->374189d0-76c5-49d2-81b4-45a4af1368a2: receive RaftClientReply:client-2EC808601240->374189d0-76c5-49d2-81b4-45a4af1368a2@group-30B6692CD68C, cid=2266, SUCCESS, logIndex=3818, commits[374189d0-76c5-49d2-81b4-45a4af1368a2:c3818]
2019-06-14 08:43:04,432 INFO  client.GrpcClientProtocolClient (GrpcClientProtocolClient.java:onNext(254)) - client-2EC808601240->374189d0-76c5-49d2-81b4-45a4af1368a2: receive RaftClientReply:client-2EC808601240->374189d0-76c5-49d2-81b4-45a4af1368a2@group-30B6692CD68C, cid=2267, SUCCESS, logIndex=3819, commits[374189d0-76c5-49d2-81b4-45a4af1368a2:c3821]
2019-06-14 08:43:04,432 INFO  client.GrpcClientProtocolClient (GrpcClientProtocolClient.java:onNext(254)) - client-2EC808601240->374189d0-76c5-49d2-81b4-45a4af1368a2: receive RaftClientReply:client-2EC808601240->374189d0-76c5-49d2-81b4-45a4af1368a2@group-30B6692CD68C, cid=2268, SUCCESS, logIndex=3820, commits[374189d0-76c5-49d2-81b4-45a4af1368a2:c3821]
2019-06-14 08:43:04,437 INFO  client.GrpcClientProtocolClient (GrpcClientProtocolClient.java:onNext(254)) - client-2EC808601240->374189d0-76c5-49d2-81b4-45a4af1368a2: receive RaftClientReply:client-2EC808601240->374189d0-76c5-49d2-81b4-45a4af1368a2@group-30B6692CD68C, cid=2269, SUCCESS, logIndex=3822, commits[374189d0-76c5-49d2-81b4-45a4af1368a2:c3822]
2019-06-14 08:43:04,438 INFO  client.GrpcClientProtocolClient (GrpcClientProtocolClient.java:onNext(254)) - client-2EC808601240->374189d0-76c5-49d2-81b4-45a4af1368a2: receive RaftClientReply:client-2EC808601240->374189d0-76c5-49d2-81b4-45a4af1368a2@group-30B6692CD68C, cid=2270, SUCCESS, logIndex=3824, commits[374189d0-76c5-49d2-81b4-45a4af1368a2:c3824]
2019-06-14 08:43:04,440 INFO  client.GrpcClientProtocolClient (GrpcClientProtocolClient.java:onNext(254)) - client-2EC808601240->374189d0-76c5-49d2-81b4-45a4af1368a2: receive RaftClientReply:client-2EC808601240->374189d0-76c5-49d2-81b4-45a4af1368a2@group-30B6692CD68C, cid=2271, SUCCESS, logIndex=3825, commits[374189d0-76c5-49d2-81b4-45a4af1368a2:c3827]
2019-06-14 08:43:04,440 INFO  client.GrpcClientProtocolClient (GrpcClientProtocolClient.java:onNext(254)) - client-2EC808601240->374189d0-76c5-49d2-81b4-45a4af1368a2: receive RaftClientReply:client-2EC808601240->374189d0-76c5-49d2-81b4-45a4af1368a2@group-30B6692CD68C, cid=2272, SUCCESS, logIndex=3826, commits[374189d0-76c5-49d2-81b4-45a4af1368a2:c3827]
2019-06-14 08:43:04,449 INFO  client.GrpcClientProtocolClient (GrpcClientProtocolClient.java:onNext(254)) - client-2EC808601240->374189d0-76c5-49d2-81b4-45a4af1368a2: receive RaftClientReply:client-2EC808601240->374189d0-76c5-49d2-81b4-45a4af1368a2@group-30B6692CD68C, cid=2273, SUCCESS, logIndex=3828, commits[374189d0-76c5-49d2-81b4-45a4af1368a2:c3828]
2019-06-14 08:43:04,450 INFO  client.GrpcClientProtocolClient (GrpcClientProtocolClient.java:onNext(254)) - client-2EC808601240->374189d0-76c5-49d2-81b4-45a4af1368a2: receive RaftClientReply:client-2EC808601240->374189d0-76c5-49d2-81b4-45a4af1368a2@group-30B6692CD68C, cid=2274, SUCCESS, logIndex=3830, commits[374189d0-76c5-49d2-81b4-45a4af1368a2:c3830]
2019-06-14 08:43:04,451 INFO  client.GrpcClientProtocolClient (GrpcClientProtocolClient.java:onNext(254)) - client-2EC808601240->374189d0-76c5-49d2-81b4-45a4af1368a2: receive RaftClientReply:client-2EC808601240->374189d0-76c5-49d2-81b4-45a4af1368a2@group-30B6692CD68C, cid=2275, SUCCESS, logIndex=3831, commits[374189d0-76c5-49d2-81b4-45a4af1368a2:c3833]
2019-06-14 08:43:04,451 INFO  client.GrpcClientProtocolClient (GrpcClientProtocolClient.java:onNext(254)) - client-2EC808601240->374189d0-76c5-49d2-81b4-45a4af1368a2: receive RaftClientReply:client-2EC808601240->374189d0-76c5-49d2-81b4-45a4af1368a2@group-30B6692CD68C, cid=2276, SUCCESS, logIndex=3832, commits[374189d0-76c5-49d2-81b4-45a4af1368a2:c3833]
2019-06-14 08:43:04,456 INFO  storage.RaftLogWorker (RaftLogWorker.java:rollLogSegment(303)) - 374189d0-76c5-49d2-81b4-45a4af1368a2-RaftLogWorker: Rolling segment log-3768_3835 to index:3835
2019-06-14 08:43:04,457 INFO  client.GrpcClientProtocolClient (GrpcClientProtocolClient.java:onNext(254)) - client-2EC808601240->374189d0-76c5-49d2-81b4-45a4af1368a2: receive RaftClientReply:client-2EC808601240->374189d0-76c5-49d2-81b4-45a4af1368a2@group-30B6692CD68C, cid=2277, SUCCESS, logIndex=3834, commits[374189d0-76c5-49d2-81b4-45a4af1368a2:c3834]
2019-06-14 08:43:04,457 INFO  storage.RaftLogWorker (RaftLogWorker.java:execute(433)) - 374189d0-76c5-49d2-81b4-45a4af1368a2-RaftLogWorker: Rolled log segment from /opt/src/hadoop-ozone/integration-test/target/test-dir/MiniOzoneClusterImpl-1994f8b8-dd4d-445c-bf25-0c6d40f9b14d/datanode-0/data/ratis/99d0acb8-99ce-4814-8259-30b6692cd68c/current/log_inprogress_3768 to /opt/src/hadoop-ozone/integration-test/target/test-dir/MiniOzoneClusterImpl-1994f8b8-dd4d-445c-bf25-0c6d40f9b14d/datanode-0/data/ratis/99d0acb8-99ce-4814-8259-30b6692cd68c/current/log_3768-3835
2019-06-14 08:43:04,492 INFO  storage.RaftLogWorker (RaftLogWorker.java:execute(469)) - 374189d0-76c5-49d2-81b4-45a4af1368a2-RaftLogWorker: created new log segment /opt/src/hadoop-ozone/integration-test/target/test-dir/MiniOzoneClusterImpl-1994f8b8-dd4d-445c-bf25-0c6d40f9b14d/datanode-0/data/ratis/99d0acb8-99ce-4814-8259-30b6692cd68c/current/log_inprogress_3836
2019-06-14 08:43:04,494 INFO  client.GrpcClientProtocolClient (GrpcClientProtocolClient.java:onNext(254)) - client-2EC808601240->374189d0-76c5-49d2-81b4-45a4af1368a2: receive RaftClientReply:client-2EC808601240->374189d0-76c5-49d2-81b4-45a4af1368a2@group-30B6692CD68C, cid=2278, SUCCESS, logIndex=3836, commits[374189d0-76c5-49d2-81b4-45a4af1368a2:c3838]
2019-06-14 08:43:04,494 INFO  client.GrpcClientProtocolClient (GrpcClientProtocolClient.java:onNext(254)) - client-2EC808601240->374189d0-76c5-49d2-81b4-45a4af1368a2: receive RaftClientReply:client-2EC808601240->374189d0-76c5-49d2-81b4-45a4af1368a2@group-30B6692CD68C, cid=2279, SUCCESS, logIndex=3837, commits[374189d0-76c5-49d2-81b4-45a4af1368a2:c3839]
2019-06-14 08:43:04,494 INFO  client.GrpcClientProtocolClient (GrpcClientProtocolClient.java:onNext(254)) - client-2EC808601240->374189d0-76c5-49d2-81b4-45a4af1368a2: receive RaftClientReply:client-2EC808601240->374189d0-76c5-49d2-81b4-45a4af1368a2@group-30B6692CD68C, cid=2280, SUCCESS, logIndex=3838, commits[374189d0-76c5-49d2-81b4-45a4af1368a2:c3839]
2019-06-14 08:43:04,504 INFO  client.GrpcClientProtocolClient (GrpcClientProtocolClient.java:onNext(254)) - client-2EC808601240->374189d0-76c5-49d2-81b4-45a4af1368a2: receive RaftClientReply:client-2EC808601240->374189d0-76c5-49d2-81b4-45a4af1368a2@group-30B6692CD68C, cid=2281, SUCCESS, logIndex=3840, commits[374189d0-76c5-49d2-81b4-45a4af1368a2:c3840]
2019-06-14 08:43:04,505 INFO  client.GrpcClientProtocolClient (GrpcClientProtocolClient.java:onNext(254)) - client-2EC808601240->374189d0-76c5-49d2-81b4-45a4af1368a2: receive RaftClientReply:client-2EC808601240->374189d0-76c5-49d2-81b4-45a4af1368a2@group-30B6692CD68C, cid=2282, SUCCESS, logIndex=3842, commits[374189d0-76c5-49d2-81b4-45a4af1368a2:c3842]
2019-06-14 08:43:04,506 INFO  client.GrpcClientProtocolClient (GrpcClientProtocolClient.java:onNext(254)) - client-2EC808601240->374189d0-76c5-49d2-81b4-45a4af1368a2: receive RaftClientReply:client-2EC808601240->374189d0-76c5-49d2-81b4-45a4af1368a2@group-30B6692CD68C, cid=2283, SUCCESS, logIndex=3843, commits[374189d0-76c5-49d2-81b4-45a4af1368a2:c3845]
2019-06-14 08:43:04,506 INFO  client.GrpcClientProtocolClient (GrpcClientProtocolClient.java:onNext(254)) - client-2EC808601240->374189d0-76c5-49d2-81b4-45a4af1368a2: receive RaftClientReply:client-2EC808601240->374189d0-76c5-49d2-81b4-45a4af1368a2@group-30B6692CD68C, cid=2284, SUCCESS, logIndex=3844, commits[374189d0-76c5-49d2-81b4-45a4af1368a2:c3845]
2019-06-14 08:43:04,511 INFO  client.GrpcClientProtocolClient (GrpcClientProtocolClient.java:onNext(254)) - client-2EC808601240->374189d0-76c5-49d2-81b4-45a4af1368a2: receive RaftClientReply:client-2EC808601240->374189d0-76c5-49d2-81b4-45a4af1368a2@group-30B6692CD68C, cid=2285, SUCCESS, logIndex=3846, commits[374189d0-76c5-49d2-81b4-45a4af1368a2:c3846]
2019-06-14 08:43:04,512 INFO  client.GrpcClientProtocolClient (GrpcClientProtocolClient.java:onNext(254)) - client-2EC808601240->374189d0-76c5-49d2-81b4-45a4af1368a2: receive RaftClientReply:client-2EC808601240->374189d0-76c5-49d2-81b4-45a4af1368a2@group-30B6692CD68C, cid=2286, SUCCESS, logIndex=3848, commits[374189d0-76c5-49d2-81b4-45a4af1368a2:c3848]
2019-06-14 08:43:04,513 INFO  client.GrpcClientProtocolClient (GrpcClientProtocolClient.java:onNext(254)) - client-2EC808601240->374189d0-76c5-49d2-81b4-45a4af1368a2: receive RaftClientReply:client-2EC808601240->374189d0-76c5-49d2-81b4-45a4af1368a2@group-30B6692CD68C, cid=2287, SUCCESS, logIndex=3849, commits[374189d0-76c5-49d2-81b4-45a4af1368a2:c3851]
2019-06-14 08:43:04,513 INFO  client.GrpcClientProtocolClient (GrpcClientProtocolClient.java:onNext(254)) - client-2EC808601240->374189d0-76c5-49d2-81b4-45a4af1368a2: receive RaftClientReply:client-2EC808601240->374189d0-76c5-49d2-81b4-45a4af1368a2@group-30B6692CD68C, cid=2288, SUCCESS, logIndex=3850, commits[374189d0-76c5-49d2-81b4-45a4af1368a2:c3851]
2019-06-14 08:43:04,524 DEBUG block.SCMBlockDeletingService (SCMBlockDeletingService.java:call(138)) - Running DeletedBlockTransactionScanner
2019-06-14 08:43:04,524 DEBUG block.SCMBlockDeletingService (SCMBlockDeletingService.java:call(155)) - Scanned deleted blocks log and got 0 delTX to process.
2019-06-14 08:43:04,526 INFO  client.GrpcClientProtocolClient (GrpcClientProtocolClient.java:onNext(254)) - client-2EC808601240->374189d0-76c5-49d2-81b4-45a4af1368a2: receive RaftClientReply:client-2EC808601240->374189d0-76c5-49d2-81b4-45a4af1368a2@group-30B6692CD68C, cid=2289, SUCCESS, logIndex=3852, commits[374189d0-76c5-49d2-81b4-45a4af1368a2:c3852]
2019-06-14 08:43:04,528 INFO  client.GrpcClientProtocolClient (GrpcClientProtocolClient.java:onNext(254)) - client-2EC808601240->374189d0-76c5-49d2-81b4-45a4af1368a2: receive RaftClientReply:client-2EC808601240->374189d0-76c5-49d2-81b4-45a4af1368a2@group-30B6692CD68C, cid=2290, SUCCESS, logIndex=3854, commits[374189d0-76c5-49d2-81b4-45a4af1368a2:c3854]
2019-06-14 08:43:04,529 INFO  client.GrpcClientProtocolClient (GrpcClientProtocolClient.java:onNext(254)) - client-2EC808601240->374189d0-76c5-49d2-81b4-45a4af1368a2: receive RaftClientReply:client-2EC808601240->374189d0-76c5-49d2-81b4-45a4af1368a2@group-30B6692CD68C, cid=2291, SUCCESS, logIndex=3855, commits[374189d0-76c5-49d2-81b4-45a4af1368a2:c3857]
2019-06-14 08:43:04,529 INFO  client.GrpcClientProtocolClient (GrpcClientProtocolClient.java:onNext(254)) - client-2EC808601240->374189d0-76c5-49d2-81b4-45a4af1368a2: receive RaftClientReply:client-2EC808601240->374189d0-76c5-49d2-81b4-45a4af1368a2@group-30B6692CD68C, cid=2292, SUCCESS, logIndex=3856, commits[374189d0-76c5-49d2-81b4-45a4af1368a2:c3857]
2019-06-14 08:43:04,534 INFO  client.GrpcClientProtocolClient (GrpcClientProtocolClient.java:onNext(254)) - client-2EC808601240->374189d0-76c5-49d2-81b4-45a4af1368a2: receive RaftClientReply:client-2EC808601240->374189d0-76c5-49d2-81b4-45a4af1368a2@group-30B6692CD68C, cid=2293, SUCCESS, logIndex=3858, commits[374189d0-76c5-49d2-81b4-45a4af1368a2:c3858]
2019-06-14 08:43:04,536 INFO  client.GrpcClientProtocolClient (GrpcClientProtocolClient.java:onNext(254)) - client-2EC808601240->374189d0-76c5-49d2-81b4-45a4af1368a2: receive RaftClientReply:client-2EC808601240->374189d0-76c5-49d2-81b4-45a4af1368a2@group-30B6692CD68C, cid=2294, SUCCESS, logIndex=3860, commits[374189d0-76c5-49d2-81b4-45a4af1368a2:c3860]
2019-06-14 08:43:04,536 INFO  client.GrpcClientProtocolClient (GrpcClientProtocolClient.java:onNext(254)) - client-2EC808601240->374189d0-76c5-49d2-81b4-45a4af1368a2: receive RaftClientReply:client-2EC808601240->374189d0-76c5-49d2-81b4-45a4af1368a2@group-30B6692CD68C, cid=2295, SUCCESS, logIndex=3861, commits[374189d0-76c5-49d2-81b4-45a4af1368a2:c3863]
2019-06-14 08:43:04,537 INFO  client.GrpcClientProtocolClient (GrpcClientProtocolClient.java:onNext(254)) - client-2EC808601240->374189d0-76c5-49d2-81b4-45a4af1368a2: receive RaftClientReply:client-2EC808601240->374189d0-76c5-49d2-81b4-45a4af1368a2@group-30B6692CD68C, cid=2296, SUCCESS, logIndex=3862, commits[374189d0-76c5-49d2-81b4-45a4af1368a2:c3863]
2019-06-14 08:43:04,546 INFO  client.GrpcClientProtocolClient (GrpcClientProtocolClient.java:onNext(254)) - client-2EC808601240->374189d0-76c5-49d2-81b4-45a4af1368a2: receive RaftClientReply:client-2EC808601240->374189d0-76c5-49d2-81b4-45a4af1368a2@group-30B6692CD68C, cid=2297, SUCCESS, logIndex=3864, commits[374189d0-76c5-49d2-81b4-45a4af1368a2:c3864]
2019-06-14 08:43:04,547 INFO  client.GrpcClientProtocolClient (GrpcClientProtocolClient.java:onNext(254)) - client-2EC808601240->374189d0-76c5-49d2-81b4-45a4af1368a2: receive RaftClientReply:client-2EC808601240->374189d0-76c5-49d2-81b4-45a4af1368a2@group-30B6692CD68C, cid=2298, SUCCESS, logIndex=3866, commits[374189d0-76c5-49d2-81b4-45a4af1368a2:c3866]
2019-06-14 08:43:04,615 INFO  client.GrpcClientProtocolClient (GrpcClientProtocolClient.java:onNext(254)) - client-2EC808601240->374189d0-76c5-49d2-81b4-45a4af1368a2: receive RaftClientReply:client-2EC808601240->374189d0-76c5-49d2-81b4-45a4af1368a2@group-30B6692CD68C, cid=2299, SUCCESS, logIndex=3868, commits[374189d0-76c5-49d2-81b4-45a4af1368a2:c3868]
2019-06-14 08:43:04,616 INFO  client.GrpcClientProtocolClient (GrpcClientProtocolClient.java:onNext(254)) - client-2EC808601240->374189d0-76c5-49d2-81b4-45a4af1368a2: receive RaftClientReply:client-2EC808601240->374189d0-76c5-49d2-81b4-45a4af1368a2@group-30B6692CD68C, cid=2300, SUCCESS, logIndex=3870, commits[374189d0-76c5-49d2-81b4-45a4af1368a2:c3870]
2019-06-14 08:43:04,621 INFO  client.GrpcClientProtocolClient (GrpcClientProtocolClient.java:onNext(254)) - client-2EC808601240->374189d0-76c5-49d2-81b4-45a4af1368a2: receive RaftClientReply:client-2EC808601240->374189d0-76c5-49d2-81b4-45a4af1368a2@group-30B6692CD68C, cid=2301, SUCCESS, logIndex=3872, commits[374189d0-76c5-49d2-81b4-45a4af1368a2:c3872]
2019-06-14 08:43:04,623 INFO  client.GrpcClientProtocolClient (GrpcClientProtocolClient.java:onNext(254)) - client-2EC808601240->374189d0-76c5-49d2-81b4-45a4af1368a2: receive RaftClientReply:client-2EC808601240->374189d0-76c5-49d2-81b4-45a4af1368a2@group-30B6692CD68C, cid=2302, SUCCESS, logIndex=3874, commits[374189d0-76c5-49d2-81b4-45a4af1368a2:c3874]
2019-06-14 08:43:04,623 INFO  client.GrpcClientProtocolClient (GrpcClientProtocolClient.java:onNext(254)) - client-2EC808601240->374189d0-76c5-49d2-81b4-45a4af1368a2: receive RaftClientReply:client-2EC808601240->374189d0-76c5-49d2-81b4-45a4af1368a2@group-30B6692CD68C, cid=2303, SUCCESS, logIndex=3875, commits[374189d0-76c5-49d2-81b4-45a4af1368a2:c3877]
2019-06-14 08:43:04,624 INFO  client.GrpcClientProtocolClient (GrpcClientProtocolClient.java:onNext(254)) - client-2EC808601240->374189d0-76c5-49d2-81b4-45a4af1368a2: receive RaftClientReply:client-2EC808601240->374189d0-76c5-49d2-81b4-45a4af1368a2@group-30B6692CD68C, cid=2304, SUCCESS, logIndex=3876, commits[374189d0-76c5-49d2-81b4-45a4af1368a2:c3877]
2019-06-14 08:43:04,627 DEBUG block.SCMBlockDeletingService (SCMBlockDeletingService.java:call(138)) - Running DeletedBlockTransactionScanner
2019-06-14 08:43:04,627 DEBUG block.SCMBlockDeletingService (SCMBlockDeletingService.java:call(155)) - Scanned deleted blocks log and got 0 delTX to process.
2019-06-14 08:43:04,634 INFO  client.GrpcClientProtocolClient (GrpcClientProtocolClient.java:onNext(254)) - client-2EC808601240->374189d0-76c5-49d2-81b4-45a4af1368a2: receive RaftClientReply:client-2EC808601240->374189d0-76c5-49d2-81b4-45a4af1368a2@group-30B6692CD68C, cid=2305, SUCCESS, logIndex=3878, commits[374189d0-76c5-49d2-81b4-45a4af1368a2:c3878]
2019-06-14 08:43:04,635 INFO  client.GrpcClientProtocolClient (GrpcClientProtocolClient.java:onNext(254)) - client-2EC808601240->374189d0-76c5-49d2-81b4-45a4af1368a2: receive RaftClientReply:client-2EC808601240->374189d0-76c5-49d2-81b4-45a4af1368a2@group-30B6692CD68C, cid=2306, SUCCESS, logIndex=3880, commits[374189d0-76c5-49d2-81b4-45a4af1368a2:c3880]
2019-06-14 08:43:04,636 INFO  client.GrpcClientProtocolClient (GrpcClientProtocolClient.java:onNext(254)) - client-2EC808601240->374189d0-76c5-49d2-81b4-45a4af1368a2: receive RaftClientReply:client-2EC808601240->374189d0-76c5-49d2-81b4-45a4af1368a2@group-30B6692CD68C, cid=2307, SUCCESS, logIndex=3881, commits[374189d0-76c5-49d2-81b4-45a4af1368a2:c3883]
2019-06-14 08:43:04,637 INFO  client.GrpcClientProtocolClient (GrpcClientProtocolClient.java:onNext(254)) - client-2EC808601240->374189d0-76c5-49d2-81b4-45a4af1368a2: receive RaftClientReply:client-2EC808601240->374189d0-76c5-49d2-81b4-45a4af1368a2@group-30B6692CD68C, cid=2308, SUCCESS, logIndex=3882, commits[374189d0-76c5-49d2-81b4-45a4af1368a2:c3883]
2019-06-14 08:43:04,642 INFO  client.GrpcClientProtocolClient (GrpcClientProtocolClient.java:onNext(254)) - client-2EC808601240->374189d0-76c5-49d2-81b4-45a4af1368a2: receive RaftClientReply:client-2EC808601240->374189d0-76c5-49d2-81b4-45a4af1368a2@group-30B6692CD68C, cid=2309, SUCCESS, logIndex=3884, commits[374189d0-76c5-49d2-81b4-45a4af1368a2:c3884]
2019-06-14 08:43:04,643 INFO  client.GrpcClientProtocolClient (GrpcClientProtocolClient.java:onNext(254)) - client-2EC808601240->374189d0-76c5-49d2-81b4-45a4af1368a2: receive RaftClientReply:client-2EC808601240->374189d0-76c5-49d2-81b4-45a4af1368a2@group-30B6692CD68C, cid=2310, SUCCESS, logIndex=3886, commits[374189d0-76c5-49d2-81b4-45a4af1368a2:c3886]
2019-06-14 08:43:04,644 INFO  client.GrpcClientProtocolClient (GrpcClientProtocolClient.java:onNext(254)) - client-2EC808601240->374189d0-76c5-49d2-81b4-45a4af1368a2: receive RaftClientReply:client-2EC808601240->374189d0-76c5-49d2-81b4-45a4af1368a2@group-30B6692CD68C, cid=2311, SUCCESS, logIndex=3887, commits[374189d0-76c5-49d2-81b4-45a4af1368a2:c3889]
2019-06-14 08:43:04,644 INFO  client.GrpcClientProtocolClient (GrpcClientProtocolClient.java:onNext(254)) - client-2EC808601240->374189d0-76c5-49d2-81b4-45a4af1368a2: receive RaftClientReply:client-2EC808601240->374189d0-76c5-49d2-81b4-45a4af1368a2@group-30B6692CD68C, cid=2312, SUCCESS, logIndex=3888, commits[374189d0-76c5-49d2-81b4-45a4af1368a2:c3889]
2019-06-14 08:43:04,653 INFO  client.GrpcClientProtocolClient (GrpcClientProtocolClient.java:onNext(254)) - client-2EC808601240->374189d0-76c5-49d2-81b4-45a4af1368a2: receive RaftClientReply:client-2EC808601240->374189d0-76c5-49d2-81b4-45a4af1368a2@group-30B6692CD68C, cid=2313, SUCCESS, logIndex=3890, commits[374189d0-76c5-49d2-81b4-45a4af1368a2:c3890]
2019-06-14 08:43:04,654 INFO  client.GrpcClientProtocolClient (GrpcClientProtocolClient.java:onNext(254)) - client-2EC808601240->374189d0-76c5-49d2-81b4-45a4af1368a2: receive RaftClientReply:client-2EC808601240->374189d0-76c5-49d2-81b4-45a4af1368a2@group-30B6692CD68C, cid=2314, SUCCESS, logIndex=3892, commits[374189d0-76c5-49d2-81b4-45a4af1368a2:c3892]
2019-06-14 08:43:04,655 INFO  client.GrpcClientProtocolClient (GrpcClientProtocolClient.java:onNext(254)) - client-2EC808601240->374189d0-76c5-49d2-81b4-45a4af1368a2: receive RaftClientReply:client-2EC808601240->374189d0-76c5-49d2-81b4-45a4af1368a2@group-30B6692CD68C, cid=2315, SUCCESS, logIndex=3893, commits[374189d0-76c5-49d2-81b4-45a4af1368a2:c3895]
2019-06-14 08:43:04,655 INFO  client.GrpcClientProtocolClient (GrpcClientProtocolClient.java:onNext(254)) - client-2EC808601240->374189d0-76c5-49d2-81b4-45a4af1368a2: receive RaftClientReply:client-2EC808601240->374189d0-76c5-49d2-81b4-45a4af1368a2@group-30B6692CD68C, cid=2316, SUCCESS, logIndex=3894, commits[374189d0-76c5-49d2-81b4-45a4af1368a2:c3895]
2019-06-14 08:43:04,660 INFO  client.GrpcClientProtocolClient (GrpcClientProtocolClient.java:onNext(254)) - client-2EC808601240->374189d0-76c5-49d2-81b4-45a4af1368a2: receive RaftClientReply:client-2EC808601240->374189d0-76c5-49d2-81b4-45a4af1368a2@group-30B6692CD68C, cid=2317, SUCCESS, logIndex=3896, commits[374189d0-76c5-49d2-81b4-45a4af1368a2:c3896]
2019-06-14 08:43:04,662 INFO  client.GrpcClientProtocolClient (GrpcClientProtocolClient.java:onNext(254)) - client-2EC808601240->374189d0-76c5-49d2-81b4-45a4af1368a2: receive RaftClientReply:client-2EC808601240->374189d0-76c5-49d2-81b4-45a4af1368a2@group-30B6692CD68C, cid=2318, SUCCESS, logIndex=3898, commits[374189d0-76c5-49d2-81b4-45a4af1368a2:c3898]
2019-06-14 08:43:04,663 INFO  client.GrpcClientProtocolClient (GrpcClientProtocolClient.java:onNext(254)) - client-2EC808601240->374189d0-76c5-49d2-81b4-45a4af1368a2: receive RaftClientReply:client-2EC808601240->374189d0-76c5-49d2-81b4-45a4af1368a2@group-30B6692CD68C, cid=2319, SUCCESS, logIndex=3899, commits[374189d0-76c5-49d2-81b4-45a4af1368a2:c3901]
2019-06-14 08:43:04,663 INFO  client.GrpcClientProtocolClient (GrpcClientProtocolClient.java:onNext(254)) - client-2EC808601240->374189d0-76c5-49d2-81b4-45a4af1368a2: receive RaftClientReply:client-2EC808601240->374189d0-76c5-49d2-81b4-45a4af1368a2@group-30B6692CD68C, cid=2320, SUCCESS, logIndex=3900, commits[374189d0-76c5-49d2-81b4-45a4af1368a2:c3901]
2019-06-14 08:43:04,670 INFO  storage.RaftLogWorker (RaftLogWorker.java:rollLogSegment(303)) - 374189d0-76c5-49d2-81b4-45a4af1368a2-RaftLogWorker: Rolling segment log-3836_3901 to index:3901
2019-06-14 08:43:04,670 INFO  storage.RaftLogWorker (RaftLogWorker.java:execute(433)) - 374189d0-76c5-49d2-81b4-45a4af1368a2-RaftLogWorker: Rolled log segment from /opt/src/hadoop-ozone/integration-test/target/test-dir/MiniOzoneClusterImpl-1994f8b8-dd4d-445c-bf25-0c6d40f9b14d/datanode-0/data/ratis/99d0acb8-99ce-4814-8259-30b6692cd68c/current/log_inprogress_3836 to /opt/src/hadoop-ozone/integration-test/target/test-dir/MiniOzoneClusterImpl-1994f8b8-dd4d-445c-bf25-0c6d40f9b14d/datanode-0/data/ratis/99d0acb8-99ce-4814-8259-30b6692cd68c/current/log_3836-3901
2019-06-14 08:43:04,705 INFO  storage.RaftLogWorker (RaftLogWorker.java:execute(469)) - 374189d0-76c5-49d2-81b4-45a4af1368a2-RaftLogWorker: created new log segment /opt/src/hadoop-ozone/integration-test/target/test-dir/MiniOzoneClusterImpl-1994f8b8-dd4d-445c-bf25-0c6d40f9b14d/datanode-0/data/ratis/99d0acb8-99ce-4814-8259-30b6692cd68c/current/log_inprogress_3902
2019-06-14 08:43:04,707 INFO  client.GrpcClientProtocolClient (GrpcClientProtocolClient.java:onNext(254)) - client-2EC808601240->374189d0-76c5-49d2-81b4-45a4af1368a2: receive RaftClientReply:client-2EC808601240->374189d0-76c5-49d2-81b4-45a4af1368a2@group-30B6692CD68C, cid=2321, SUCCESS, logIndex=3902, commits[374189d0-76c5-49d2-81b4-45a4af1368a2:c3902]
2019-06-14 08:43:04,712 INFO  client.GrpcClientProtocolClient (GrpcClientProtocolClient.java:onNext(254)) - client-2EC808601240->374189d0-76c5-49d2-81b4-45a4af1368a2: receive RaftClientReply:client-2EC808601240->374189d0-76c5-49d2-81b4-45a4af1368a2@group-30B6692CD68C, cid=2322, SUCCESS, logIndex=3904, commits[374189d0-76c5-49d2-81b4-45a4af1368a2:c3906]
2019-06-14 08:43:04,712 INFO  client.GrpcClientProtocolClient (GrpcClientProtocolClient.java:onNext(254)) - client-2EC808601240->374189d0-76c5-49d2-81b4-45a4af1368a2: receive RaftClientReply:client-2EC808601240->374189d0-76c5-49d2-81b4-45a4af1368a2@group-30B6692CD68C, cid=2323, SUCCESS, logIndex=3905, commits[374189d0-76c5-49d2-81b4-45a4af1368a2:c3906]
2019-06-14 08:43:04,712 INFO  client.GrpcClientProtocolClient (GrpcClientProtocolClient.java:onNext(254)) - client-2EC808601240->374189d0-76c5-49d2-81b4-45a4af1368a2: receive RaftClientReply:client-2EC808601240->374189d0-76c5-49d2-81b4-45a4af1368a2@group-30B6692CD68C, cid=2324, SUCCESS, logIndex=3906, commits[374189d0-76c5-49d2-81b4-45a4af1368a2:c3906]
2019-06-14 08:43:04,718 INFO  client.GrpcClientProtocolClient (GrpcClientProtocolClient.java:onNext(254)) - client-2EC808601240->374189d0-76c5-49d2-81b4-45a4af1368a2: receive RaftClientReply:client-2EC808601240->374189d0-76c5-49d2-81b4-45a4af1368a2@group-30B6692CD68C, cid=2325, SUCCESS, logIndex=3908, commits[374189d0-76c5-49d2-81b4-45a4af1368a2:c3908]
2019-06-14 08:43:04,720 INFO  client.GrpcClientProtocolClient (GrpcClientProtocolClient.java:onNext(254)) - client-2EC808601240->374189d0-76c5-49d2-81b4-45a4af1368a2: receive RaftClientReply:client-2EC808601240->374189d0-76c5-49d2-81b4-45a4af1368a2@group-30B6692CD68C, cid=2326, SUCCESS, logIndex=3910, commits[374189d0-76c5-49d2-81b4-45a4af1368a2:c3910]
2019-06-14 08:43:04,722 INFO  client.GrpcClientProtocolClient (GrpcClientProtocolClient.java:onNext(254)) - client-2EC808601240->374189d0-76c5-49d2-81b4-45a4af1368a2: receive RaftClientReply:client-2EC808601240->374189d0-76c5-49d2-81b4-45a4af1368a2@group-30B6692CD68C, cid=2327, SUCCESS, logIndex=3911, commits[374189d0-76c5-49d2-81b4-45a4af1368a2:c3912]
2019-06-14 08:43:04,723 INFO  client.GrpcClientProtocolClient (GrpcClientProtocolClient.java:onNext(254)) - client-2EC808601240->374189d0-76c5-49d2-81b4-45a4af1368a2: receive RaftClientReply:client-2EC808601240->374189d0-76c5-49d2-81b4-45a4af1368a2@group-30B6692CD68C, cid=2328, SUCCESS, logIndex=3912, commits[374189d0-76c5-49d2-81b4-45a4af1368a2:c3913]
2019-06-14 08:43:04,727 DEBUG block.SCMBlockDeletingService (SCMBlockDeletingService.java:call(138)) - Running DeletedBlockTransactionScanner
2019-06-14 08:43:04,727 DEBUG block.SCMBlockDeletingService (SCMBlockDeletingService.java:call(155)) - Scanned deleted blocks log and got 0 delTX to process.
2019-06-14 08:43:04,737 INFO  client.GrpcClientProtocolClient (GrpcClientProtocolClient.java:onNext(254)) - client-2EC808601240->374189d0-76c5-49d2-81b4-45a4af1368a2: receive RaftClientReply:client-2EC808601240->374189d0-76c5-49d2-81b4-45a4af1368a2@group-30B6692CD68C, cid=2329, SUCCESS, logIndex=3915, commits[374189d0-76c5-49d2-81b4-45a4af1368a2:c3915]
2019-06-14 08:43:04,740 INFO  client.GrpcClientProtocolClient (GrpcClientProtocolClient.java:onNext(254)) - client-2EC808601240->374189d0-76c5-49d2-81b4-45a4af1368a2: receive RaftClientReply:client-2EC808601240->374189d0-76c5-49d2-81b4-45a4af1368a2@group-30B6692CD68C, cid=2330, SUCCESS, logIndex=3917, commits[374189d0-76c5-49d2-81b4-45a4af1368a2:c3919]
2019-06-14 08:43:04,741 INFO  client.GrpcClientProtocolClient (GrpcClientProtocolClient.java:onNext(254)) - client-2EC808601240->374189d0-76c5-49d2-81b4-45a4af1368a2: receive RaftClientReply:client-2EC808601240->374189d0-76c5-49d2-81b4-45a4af1368a2@group-30B6692CD68C, cid=2331, SUCCESS, logIndex=3918, commits[374189d0-76c5-49d2-81b4-45a4af1368a2:c3920]
2019-06-14 08:43:04,741 INFO  client.GrpcClientProtocolClient (GrpcClientProtocolClient.java:onNext(254)) - client-2EC808601240->374189d0-76c5-49d2-81b4-45a4af1368a2: receive RaftClientReply:client-2EC808601240->374189d0-76c5-49d2-81b4-45a4af1368a2@group-30B6692CD68C, cid=2332, SUCCESS, logIndex=3919, commits[374189d0-76c5-49d2-81b4-45a4af1368a2:c3920]
2019-06-14 08:43:04,751 INFO  client.GrpcClientProtocolClient (GrpcClientProtocolClient.java:onNext(254)) - client-2EC808601240->374189d0-76c5-49d2-81b4-45a4af1368a2: receive RaftClientReply:client-2EC808601240->374189d0-76c5-49d2-81b4-45a4af1368a2@group-30B6692CD68C, cid=2333, SUCCESS, logIndex=3921, commits[374189d0-76c5-49d2-81b4-45a4af1368a2:c3922]
2019-06-14 08:43:04,753 INFO  client.GrpcClientProtocolClient (GrpcClientProtocolClient.java:onNext(254)) - client-2EC808601240->374189d0-76c5-49d2-81b4-45a4af1368a2: receive RaftClientReply:client-2EC808601240->374189d0-76c5-49d2-81b4-45a4af1368a2@group-30B6692CD68C, cid=2334, SUCCESS, logIndex=3923, commits[374189d0-76c5-49d2-81b4-45a4af1368a2:c3923]
2019-06-14 08:43:04,754 INFO  client.GrpcClientProtocolClient (GrpcClientProtocolClient.java:onNext(254)) - client-2EC808601240->374189d0-76c5-49d2-81b4-45a4af1368a2: receive RaftClientReply:client-2EC808601240->374189d0-76c5-49d2-81b4-45a4af1368a2@group-30B6692CD68C, cid=2335, SUCCESS, logIndex=3924, commits[374189d0-76c5-49d2-81b4-45a4af1368a2:c3924]
2019-06-14 08:43:04,754 INFO  client.GrpcClientProtocolClient (GrpcClientProtocolClient.java:onNext(254)) - client-2EC808601240->374189d0-76c5-49d2-81b4-45a4af1368a2: receive RaftClientReply:client-2EC808601240->374189d0-76c5-49d2-81b4-45a4af1368a2@group-30B6692CD68C, cid=2336, SUCCESS, logIndex=3926, commits[374189d0-76c5-49d2-81b4-45a4af1368a2:c3926]
2019-06-14 08:43:04,767 INFO  client.GrpcClientProtocolClient (GrpcClientProtocolClient.java:onNext(254)) - client-2EC808601240->374189d0-76c5-49d2-81b4-45a4af1368a2: receive RaftClientReply:client-2EC808601240->374189d0-76c5-49d2-81b4-45a4af1368a2@group-30B6692CD68C, cid=2337, SUCCESS, logIndex=3929, commits[374189d0-76c5-49d2-81b4-45a4af1368a2:c3929]
2019-06-14 08:43:04,769 INFO  client.GrpcClientProtocolClient (GrpcClientProtocolClient.java:onNext(254)) - client-2EC808601240->374189d0-76c5-49d2-81b4-45a4af1368a2: receive RaftClientReply:client-2EC808601240->374189d0-76c5-49d2-81b4-45a4af1368a2@group-30B6692CD68C, cid=2338, SUCCESS, logIndex=3931, commits[374189d0-76c5-49d2-81b4-45a4af1368a2:c3931]
2019-06-14 08:43:04,769 INFO  client.GrpcClientProtocolClient (GrpcClientProtocolClient.java:onNext(254)) - client-2EC808601240->374189d0-76c5-49d2-81b4-45a4af1368a2: receive RaftClientReply:client-2EC808601240->374189d0-76c5-49d2-81b4-45a4af1368a2@group-30B6692CD68C, cid=2339, SUCCESS, logIndex=3932, commits[374189d0-76c5-49d2-81b4-45a4af1368a2:c3933]
2019-06-14 08:43:04,770 INFO  client.GrpcClientProtocolClient (GrpcClientProtocolClient.java:onNext(254)) - client-2EC808601240->374189d0-76c5-49d2-81b4-45a4af1368a2: receive RaftClientReply:client-2EC808601240->374189d0-76c5-49d2-81b4-45a4af1368a2@group-30B6692CD68C, cid=2340, SUCCESS, logIndex=3933, commits[374189d0-76c5-49d2-81b4-45a4af1368a2:c3933]
2019-06-14 08:43:04,776 INFO  client.GrpcClientProtocolClient (GrpcClientProtocolClient.java:onNext(254)) - client-2EC808601240->374189d0-76c5-49d2-81b4-45a4af1368a2: receive RaftClientReply:client-2EC808601240->374189d0-76c5-49d2-81b4-45a4af1368a2@group-30B6692CD68C, cid=2341, SUCCESS, logIndex=3936, commits[374189d0-76c5-49d2-81b4-45a4af1368a2:c3936]
2019-06-14 08:43:04,777 INFO  client.GrpcClientProtocolClient (GrpcClientProtocolClient.java:onNext(254)) - client-2EC808601240->374189d0-76c5-49d2-81b4-45a4af1368a2: receive RaftClientReply:client-2EC808601240->374189d0-76c5-49d2-81b4-45a4af1368a2@group-30B6692CD68C, cid=2342, SUCCESS, logIndex=3938, commits[374189d0-76c5-49d2-81b4-45a4af1368a2:c3938]
2019-06-14 08:43:04,827 DEBUG block.SCMBlockDeletingService (SCMBlockDeletingService.java:call(138)) - Running DeletedBlockTransactionScanner
2019-06-14 08:43:04,827 DEBUG block.SCMBlockDeletingService (SCMBlockDeletingService.java:call(155)) - Scanned deleted blocks log and got 0 delTX to process.
2019-06-14 08:43:04,897 INFO  client.GrpcClientProtocolClient (GrpcClientProtocolClient.java:onNext(254)) - client-2EC808601240->374189d0-76c5-49d2-81b4-45a4af1368a2: receive RaftClientReply:client-2EC808601240->374189d0-76c5-49d2-81b4-45a4af1368a2@group-30B6692CD68C, cid=2343, SUCCESS, logIndex=3940, commits[374189d0-76c5-49d2-81b4-45a4af1368a2:c3940]
2019-06-14 08:43:04,899 INFO  client.GrpcClientProtocolClient (GrpcClientProtocolClient.java:onNext(254)) - client-2EC808601240->374189d0-76c5-49d2-81b4-45a4af1368a2: receive RaftClientReply:client-2EC808601240->374189d0-76c5-49d2-81b4-45a4af1368a2@group-30B6692CD68C, cid=2344, SUCCESS, logIndex=3942, commits[374189d0-76c5-49d2-81b4-45a4af1368a2:c3942]
2019-06-14 08:43:04,912 INFO  client.GrpcClientProtocolClient (GrpcClientProtocolClient.java:onNext(254)) - client-2EC808601240->374189d0-76c5-49d2-81b4-45a4af1368a2: receive RaftClientReply:client-2EC808601240->374189d0-76c5-49d2-81b4-45a4af1368a2@group-30B6692CD68C, cid=2345, SUCCESS, logIndex=3944, commits[374189d0-76c5-49d2-81b4-45a4af1368a2:c3944]
2019-06-14 08:43:04,914 INFO  client.GrpcClientProtocolClient (GrpcClientProtocolClient.java:onNext(254)) - client-2EC808601240->374189d0-76c5-49d2-81b4-45a4af1368a2: receive RaftClientReply:client-2EC808601240->374189d0-76c5-49d2-81b4-45a4af1368a2@group-30B6692CD68C, cid=2346, SUCCESS, logIndex=3946, commits[374189d0-76c5-49d2-81b4-45a4af1368a2:c3946]
2019-06-14 08:43:04,914 INFO  client.GrpcClientProtocolClient (GrpcClientProtocolClient.java:onNext(254)) - client-2EC808601240->374189d0-76c5-49d2-81b4-45a4af1368a2: receive RaftClientReply:client-2EC808601240->374189d0-76c5-49d2-81b4-45a4af1368a2@group-30B6692CD68C, cid=2347, SUCCESS, logIndex=3947, commits[374189d0-76c5-49d2-81b4-45a4af1368a2:c3947]
2019-06-14 08:43:04,915 INFO  client.GrpcClientProtocolClient (GrpcClientProtocolClient.java:onNext(254)) - client-2EC808601240->374189d0-76c5-49d2-81b4-45a4af1368a2: receive RaftClientReply:client-2EC808601240->374189d0-76c5-49d2-81b4-45a4af1368a2@group-30B6692CD68C, cid=2348, SUCCESS, logIndex=3949, commits[374189d0-76c5-49d2-81b4-45a4af1368a2:c3949]
2019-06-14 08:43:04,920 INFO  client.GrpcClientProtocolClient (GrpcClientProtocolClient.java:onNext(254)) - client-2EC808601240->374189d0-76c5-49d2-81b4-45a4af1368a2: receive RaftClientReply:client-2EC808601240->374189d0-76c5-49d2-81b4-45a4af1368a2@group-30B6692CD68C, cid=2349, SUCCESS, logIndex=3952, commits[374189d0-76c5-49d2-81b4-45a4af1368a2:c3952]
2019-06-14 08:43:04,921 INFO  client.GrpcClientProtocolClient (GrpcClientProtocolClient.java:onNext(254)) - client-2EC808601240->374189d0-76c5-49d2-81b4-45a4af1368a2: receive RaftClientReply:client-2EC808601240->374189d0-76c5-49d2-81b4-45a4af1368a2@group-30B6692CD68C, cid=2350, SUCCESS, logIndex=3954, commits[374189d0-76c5-49d2-81b4-45a4af1368a2:c3954]
2019-06-14 08:43:04,923 INFO  client.GrpcClientProtocolClient (GrpcClientProtocolClient.java:onNext(254)) - client-2EC808601240->374189d0-76c5-49d2-81b4-45a4af1368a2: receive RaftClientReply:client-2EC808601240->374189d0-76c5-49d2-81b4-45a4af1368a2@group-30B6692CD68C, cid=2351, SUCCESS, logIndex=3955, commits[374189d0-76c5-49d2-81b4-45a4af1368a2:c3957]
2019-06-14 08:43:04,923 INFO  client.GrpcClientProtocolClient (GrpcClientProtocolClient.java:onNext(254)) - client-2EC808601240->374189d0-76c5-49d2-81b4-45a4af1368a2: receive RaftClientReply:client-2EC808601240->374189d0-76c5-49d2-81b4-45a4af1368a2@group-30B6692CD68C, cid=2352, SUCCESS, logIndex=3956, commits[374189d0-76c5-49d2-81b4-45a4af1368a2:c3957]
2019-06-14 08:43:04,928 DEBUG block.SCMBlockDeletingService (SCMBlockDeletingService.java:call(138)) - Running DeletedBlockTransactionScanner
2019-06-14 08:43:04,928 DEBUG block.SCMBlockDeletingService (SCMBlockDeletingService.java:call(155)) - Scanned deleted blocks log and got 0 delTX to process.
2019-06-14 08:43:04,932 INFO  client.GrpcClientProtocolClient (GrpcClientProtocolClient.java:onNext(254)) - client-2EC808601240->374189d0-76c5-49d2-81b4-45a4af1368a2: receive RaftClientReply:client-2EC808601240->374189d0-76c5-49d2-81b4-45a4af1368a2@group-30B6692CD68C, cid=2353, SUCCESS, logIndex=3958, commits[374189d0-76c5-49d2-81b4-45a4af1368a2:c3958]
2019-06-14 08:43:04,933 INFO  client.GrpcClientProtocolClient (GrpcClientProtocolClient.java:onNext(254)) - client-2EC808601240->374189d0-76c5-49d2-81b4-45a4af1368a2: receive RaftClientReply:client-2EC808601240->374189d0-76c5-49d2-81b4-45a4af1368a2@group-30B6692CD68C, cid=2354, SUCCESS, logIndex=3960, commits[374189d0-76c5-49d2-81b4-45a4af1368a2:c3960]
2019-06-14 08:43:04,934 INFO  client.GrpcClientProtocolClient (GrpcClientProtocolClient.java:onNext(254)) - client-2EC808601240->374189d0-76c5-49d2-81b4-45a4af1368a2: receive RaftClientReply:client-2EC808601240->374189d0-76c5-49d2-81b4-45a4af1368a2@group-30B6692CD68C, cid=2355, SUCCESS, logIndex=3961, commits[374189d0-76c5-49d2-81b4-45a4af1368a2:c3963]
2019-06-14 08:43:04,934 INFO  client.GrpcClientProtocolClient (GrpcClientProtocolClient.java:onNext(254)) - client-2EC808601240->374189d0-76c5-49d2-81b4-45a4af1368a2: receive RaftClientReply:client-2EC808601240->374189d0-76c5-49d2-81b4-45a4af1368a2@group-30B6692CD68C, cid=2356, SUCCESS, logIndex=3962, commits[374189d0-76c5-49d2-81b4-45a4af1368a2:c3963]
2019-06-14 08:43:04,940 INFO  client.GrpcClientProtocolClient (GrpcClientProtocolClient.java:onNext(254)) - client-2EC808601240->374189d0-76c5-49d2-81b4-45a4af1368a2: receive RaftClientReply:client-2EC808601240->374189d0-76c5-49d2-81b4-45a4af1368a2@group-30B6692CD68C, cid=2357, SUCCESS, logIndex=3964, commits[374189d0-76c5-49d2-81b4-45a4af1368a2:c3964]
2019-06-14 08:43:04,941 INFO  client.GrpcClientProtocolClient (GrpcClientProtocolClient.java:onNext(254)) - client-2EC808601240->374189d0-76c5-49d2-81b4-45a4af1368a2: receive RaftClientReply:client-2EC808601240->374189d0-76c5-49d2-81b4-45a4af1368a2@group-30B6692CD68C, cid=2358, SUCCESS, logIndex=3966, commits[374189d0-76c5-49d2-81b4-45a4af1368a2:c3966]
2019-06-14 08:43:04,942 INFO  client.GrpcClientProtocolClient (GrpcClientProtocolClient.java:onNext(254)) - client-2EC808601240->374189d0-76c5-49d2-81b4-45a4af1368a2: receive RaftClientReply:client-2EC808601240->374189d0-76c5-49d2-81b4-45a4af1368a2@group-30B6692CD68C, cid=2359, SUCCESS, logIndex=3967, commits[374189d0-76c5-49d2-81b4-45a4af1368a2:c3969]
2019-06-14 08:43:04,942 INFO  client.GrpcClientProtocolClient (GrpcClientProtocolClient.java:onNext(254)) - client-2EC808601240->374189d0-76c5-49d2-81b4-45a4af1368a2: receive RaftClientReply:client-2EC808601240->374189d0-76c5-49d2-81b4-45a4af1368a2@group-30B6692CD68C, cid=2360, SUCCESS, logIndex=3968, commits[374189d0-76c5-49d2-81b4-45a4af1368a2:c3969]
2019-06-14 08:43:04,951 INFO  client.GrpcClientProtocolClient (GrpcClientProtocolClient.java:onNext(254)) - client-2EC808601240->374189d0-76c5-49d2-81b4-45a4af1368a2: receive RaftClientReply:client-2EC808601240->374189d0-76c5-49d2-81b4-45a4af1368a2@group-30B6692CD68C, cid=2361, SUCCESS, logIndex=3970, commits[374189d0-76c5-49d2-81b4-45a4af1368a2:c3970]
2019-06-14 08:43:04,952 INFO  client.GrpcClientProtocolClient (GrpcClientProtocolClient.java:onNext(254)) - client-2EC808601240->374189d0-76c5-49d2-81b4-45a4af1368a2: receive RaftClientReply:client-2EC808601240->374189d0-76c5-49d2-81b4-45a4af1368a2@group-30B6692CD68C, cid=2362, SUCCESS, logIndex=3972, commits[374189d0-76c5-49d2-81b4-45a4af1368a2:c3972]
2019-06-14 08:43:04,953 INFO  client.GrpcClientProtocolClient (GrpcClientProtocolClient.java:onNext(254)) - client-2EC808601240->374189d0-76c5-49d2-81b4-45a4af1368a2: receive RaftClientReply:client-2EC808601240->374189d0-76c5-49d2-81b4-45a4af1368a2@group-30B6692CD68C, cid=2363, SUCCESS, logIndex=3973, commits[374189d0-76c5-49d2-81b4-45a4af1368a2:c3975]
2019-06-14 08:43:04,953 INFO  client.GrpcClientProtocolClient (GrpcClientProtocolClient.java:onNext(254)) - client-2EC808601240->374189d0-76c5-49d2-81b4-45a4af1368a2: receive RaftClientReply:client-2EC808601240->374189d0-76c5-49d2-81b4-45a4af1368a2@group-30B6692CD68C, cid=2364, SUCCESS, logIndex=3974, commits[374189d0-76c5-49d2-81b4-45a4af1368a2:c3975]
2019-06-14 08:43:04,956 INFO  storage.RaftLogWorker (RaftLogWorker.java:rollLogSegment(303)) - 374189d0-76c5-49d2-81b4-45a4af1368a2-RaftLogWorker: Rolling segment log-3902_3975 to index:3975
2019-06-14 08:43:04,956 INFO  storage.RaftLogWorker (RaftLogWorker.java:execute(433)) - 374189d0-76c5-49d2-81b4-45a4af1368a2-RaftLogWorker: Rolled log segment from /opt/src/hadoop-ozone/integration-test/target/test-dir/MiniOzoneClusterImpl-1994f8b8-dd4d-445c-bf25-0c6d40f9b14d/datanode-0/data/ratis/99d0acb8-99ce-4814-8259-30b6692cd68c/current/log_inprogress_3902 to /opt/src/hadoop-ozone/integration-test/target/test-dir/MiniOzoneClusterImpl-1994f8b8-dd4d-445c-bf25-0c6d40f9b14d/datanode-0/data/ratis/99d0acb8-99ce-4814-8259-30b6692cd68c/current/log_3902-3975
2019-06-14 08:43:04,992 INFO  storage.RaftLogWorker (RaftLogWorker.java:execute(469)) - 374189d0-76c5-49d2-81b4-45a4af1368a2-RaftLogWorker: created new log segment /opt/src/hadoop-ozone/integration-test/target/test-dir/MiniOzoneClusterImpl-1994f8b8-dd4d-445c-bf25-0c6d40f9b14d/datanode-0/data/ratis/99d0acb8-99ce-4814-8259-30b6692cd68c/current/log_inprogress_3976
2019-06-14 08:43:04,993 INFO  client.GrpcClientProtocolClient (GrpcClientProtocolClient.java:onNext(254)) - client-2EC808601240->374189d0-76c5-49d2-81b4-45a4af1368a2: receive RaftClientReply:client-2EC808601240->374189d0-76c5-49d2-81b4-45a4af1368a2@group-30B6692CD68C, cid=2365, SUCCESS, logIndex=3976, commits[374189d0-76c5-49d2-81b4-45a4af1368a2:c3976]
2019-06-14 08:43:04,995 INFO  client.GrpcClientProtocolClient (GrpcClientProtocolClient.java:onNext(254)) - client-2EC808601240->374189d0-76c5-49d2-81b4-45a4af1368a2: receive RaftClientReply:client-2EC808601240->374189d0-76c5-49d2-81b4-45a4af1368a2@group-30B6692CD68C, cid=2366, SUCCESS, logIndex=3978, commits[374189d0-76c5-49d2-81b4-45a4af1368a2:c3978]
2019-06-14 08:43:04,996 INFO  client.GrpcClientProtocolClient (GrpcClientProtocolClient.java:onNext(254)) - client-2EC808601240->374189d0-76c5-49d2-81b4-45a4af1368a2: receive RaftClientReply:client-2EC808601240->374189d0-76c5-49d2-81b4-45a4af1368a2@group-30B6692CD68C, cid=2367, SUCCESS, logIndex=3979, commits[374189d0-76c5-49d2-81b4-45a4af1368a2:c3981]
2019-06-14 08:43:04,996 INFO  client.GrpcClientProtocolClient (GrpcClientProtocolClient.java:onNext(254)) - client-2EC808601240->374189d0-76c5-49d2-81b4-45a4af1368a2: receive RaftClientReply:client-2EC808601240->374189d0-76c5-49d2-81b4-45a4af1368a2@group-30B6692CD68C, cid=2368, SUCCESS, logIndex=3980, commits[374189d0-76c5-49d2-81b4-45a4af1368a2:c3981]
2019-06-14 08:43:05,005 INFO  client.GrpcClientProtocolClient (GrpcClientProtocolClient.java:onNext(254)) - client-2EC808601240->374189d0-76c5-49d2-81b4-45a4af1368a2: receive RaftClientReply:client-2EC808601240->374189d0-76c5-49d2-81b4-45a4af1368a2@group-30B6692CD68C, cid=2369, SUCCESS, logIndex=3982, commits[374189d0-76c5-49d2-81b4-45a4af1368a2:c3982]
2019-06-14 08:43:05,007 INFO  client.GrpcClientProtocolClient (GrpcClientProtocolClient.java:onNext(254)) - client-2EC808601240->374189d0-76c5-49d2-81b4-45a4af1368a2: receive RaftClientReply:client-2EC808601240->374189d0-76c5-49d2-81b4-45a4af1368a2@group-30B6692CD68C, cid=2370, SUCCESS, logIndex=3984, commits[374189d0-76c5-49d2-81b4-45a4af1368a2:c3984]
2019-06-14 08:43:05,008 INFO  client.GrpcClientProtocolClient (GrpcClientProtocolClient.java:onNext(254)) - client-2EC808601240->374189d0-76c5-49d2-81b4-45a4af1368a2: receive RaftClientReply:client-2EC808601240->374189d0-76c5-49d2-81b4-45a4af1368a2@group-30B6692CD68C, cid=2371, SUCCESS, logIndex=3985, commits[374189d0-76c5-49d2-81b4-45a4af1368a2:c3987]
2019-06-14 08:43:05,008 INFO  client.GrpcClientProtocolClient (GrpcClientProtocolClient.java:onNext(254)) - client-2EC808601240->374189d0-76c5-49d2-81b4-45a4af1368a2: receive RaftClientReply:client-2EC808601240->374189d0-76c5-49d2-81b4-45a4af1368a2@group-30B6692CD68C, cid=2372, SUCCESS, logIndex=3986, commits[374189d0-76c5-49d2-81b4-45a4af1368a2:c3987]
2019-06-14 08:43:05,013 INFO  client.GrpcClientProtocolClient (GrpcClientProtocolClient.java:onNext(254)) - client-2EC808601240->374189d0-76c5-49d2-81b4-45a4af1368a2: receive RaftClientReply:client-2EC808601240->374189d0-76c5-49d2-81b4-45a4af1368a2@group-30B6692CD68C, cid=2373, SUCCESS, logIndex=3988, commits[374189d0-76c5-49d2-81b4-45a4af1368a2:c3988]
2019-06-14 08:43:05,015 INFO  client.GrpcClientProtocolClient (GrpcClientProtocolClient.java:onNext(254)) - client-2EC808601240->374189d0-76c5-49d2-81b4-45a4af1368a2: receive RaftClientReply:client-2EC808601240->374189d0-76c5-49d2-81b4-45a4af1368a2@group-30B6692CD68C, cid=2374, SUCCESS, logIndex=3990, commits[374189d0-76c5-49d2-81b4-45a4af1368a2:c3990]
2019-06-14 08:43:05,015 INFO  client.GrpcClientProtocolClient (GrpcClientProtocolClient.java:onNext(254)) - client-2EC808601240->374189d0-76c5-49d2-81b4-45a4af1368a2: receive RaftClientReply:client-2EC808601240->374189d0-76c5-49d2-81b4-45a4af1368a2@group-30B6692CD68C, cid=2375, SUCCESS, logIndex=3991, commits[374189d0-76c5-49d2-81b4-45a4af1368a2:c3991]
2019-06-14 08:43:05,016 INFO  client.GrpcClientProtocolClient (GrpcClientProtocolClient.java:onNext(254)) - client-2EC808601240->374189d0-76c5-49d2-81b4-45a4af1368a2: receive RaftClientReply:client-2EC808601240->374189d0-76c5-49d2-81b4-45a4af1368a2@group-30B6692CD68C, cid=2376, SUCCESS, logIndex=3993, commits[374189d0-76c5-49d2-81b4-45a4af1368a2:c3993]
2019-06-14 08:43:05,025 INFO  client.GrpcClientProtocolClient (GrpcClientProtocolClient.java:onNext(254)) - client-2EC808601240->374189d0-76c5-49d2-81b4-45a4af1368a2: receive RaftClientReply:client-2EC808601240->374189d0-76c5-49d2-81b4-45a4af1368a2@group-30B6692CD68C, cid=2377, SUCCESS, logIndex=3996, commits[374189d0-76c5-49d2-81b4-45a4af1368a2:c3996]
2019-06-14 08:43:05,026 INFO  client.GrpcClientProtocolClient (GrpcClientProtocolClient.java:onNext(254)) - client-2EC808601240->374189d0-76c5-49d2-81b4-45a4af1368a2: receive RaftClientReply:client-2EC808601240->374189d0-76c5-49d2-81b4-45a4af1368a2@group-30B6692CD68C, cid=2378, SUCCESS, logIndex=3998, commits[374189d0-76c5-49d2-81b4-45a4af1368a2:c3998]
2019-06-14 08:43:05,027 INFO  client.GrpcClientProtocolClient (GrpcClientProtocolClient.java:onNext(254)) - client-2EC808601240->374189d0-76c5-49d2-81b4-45a4af1368a2: receive RaftClientReply:client-2EC808601240->374189d0-76c5-49d2-81b4-45a4af1368a2@group-30B6692CD68C, cid=2379, SUCCESS, logIndex=3999, commits[374189d0-76c5-49d2-81b4-45a4af1368a2:c4001]
2019-06-14 08:43:05,027 INFO  client.GrpcClientProtocolClient (GrpcClientProtocolClient.java:onNext(254)) - client-2EC808601240->374189d0-76c5-49d2-81b4-45a4af1368a2: receive RaftClientReply:client-2EC808601240->374189d0-76c5-49d2-81b4-45a4af1368a2@group-30B6692CD68C, cid=2380, SUCCESS, logIndex=4000, commits[374189d0-76c5-49d2-81b4-45a4af1368a2:c4001]
2019-06-14 08:43:05,028 DEBUG block.SCMBlockDeletingService (SCMBlockDeletingService.java:call(138)) - Running DeletedBlockTransactionScanner
2019-06-14 08:43:05,028 DEBUG block.SCMBlockDeletingService (SCMBlockDeletingService.java:call(155)) - Scanned deleted blocks log and got 0 delTX to process.
2019-06-14 08:43:05,032 INFO  client.GrpcClientProtocolClient (GrpcClientProtocolClient.java:onNext(254)) - client-2EC808601240->374189d0-76c5-49d2-81b4-45a4af1368a2: receive RaftClientReply:client-2EC808601240->374189d0-76c5-49d2-81b4-45a4af1368a2@group-30B6692CD68C, cid=2381, SUCCESS, logIndex=4002, commits[374189d0-76c5-49d2-81b4-45a4af1368a2:c4002]
2019-06-14 08:43:05,033 INFO  client.GrpcClientProtocolClient (GrpcClientProtocolClient.java:onNext(254)) - client-2EC808601240->374189d0-76c5-49d2-81b4-45a4af1368a2: receive RaftClientReply:client-2EC808601240->374189d0-76c5-49d2-81b4-45a4af1368a2@group-30B6692CD68C, cid=2382, SUCCESS, logIndex=4004, commits[374189d0-76c5-49d2-81b4-45a4af1368a2:c4004]
2019-06-14 08:43:05,035 INFO  client.GrpcClientProtocolClient (GrpcClientProtocolClient.java:onNext(254)) - client-2EC808601240->374189d0-76c5-49d2-81b4-45a4af1368a2: receive RaftClientReply:client-2EC808601240->374189d0-76c5-49d2-81b4-45a4af1368a2@group-30B6692CD68C, cid=2383, SUCCESS, logIndex=4005, commits[374189d0-76c5-49d2-81b4-45a4af1368a2:c4007]
2019-06-14 08:43:05,035 INFO  client.GrpcClientProtocolClient (GrpcClientProtocolClient.java:onNext(254)) - client-2EC808601240->374189d0-76c5-49d2-81b4-45a4af1368a2: receive RaftClientReply:client-2EC808601240->374189d0-76c5-49d2-81b4-45a4af1368a2@group-30B6692CD68C, cid=2384, SUCCESS, logIndex=4006, commits[374189d0-76c5-49d2-81b4-45a4af1368a2:c4007]
2019-06-14 08:43:05,044 INFO  client.GrpcClientProtocolClient (GrpcClientProtocolClient.java:onNext(254)) - client-2EC808601240->374189d0-76c5-49d2-81b4-45a4af1368a2: receive RaftClientReply:client-2EC808601240->374189d0-76c5-49d2-81b4-45a4af1368a2@group-30B6692CD68C, cid=2385, SUCCESS, logIndex=4008, commits[374189d0-76c5-49d2-81b4-45a4af1368a2:c4008]
2019-06-14 08:43:05,045 INFO  client.GrpcClientProtocolClient (GrpcClientProtocolClient.java:onNext(254)) - client-2EC808601240->374189d0-76c5-49d2-81b4-45a4af1368a2: receive RaftClientReply:client-2EC808601240->374189d0-76c5-49d2-81b4-45a4af1368a2@group-30B6692CD68C, cid=2386, SUCCESS, logIndex=4010, commits[374189d0-76c5-49d2-81b4-45a4af1368a2:c4010]
2019-06-14 08:43:05,113 INFO  client.GrpcClientProtocolClient (GrpcClientProtocolClient.java:onNext(254)) - client-2EC808601240->374189d0-76c5-49d2-81b4-45a4af1368a2: receive RaftClientReply:client-2EC808601240->374189d0-76c5-49d2-81b4-45a4af1368a2@group-30B6692CD68C, cid=2387, SUCCESS, logIndex=4012, commits[374189d0-76c5-49d2-81b4-45a4af1368a2:c4012]
2019-06-14 08:43:05,114 INFO  client.GrpcClientProtocolClient (GrpcClientProtocolClient.java:onNext(254)) - client-2EC808601240->374189d0-76c5-49d2-81b4-45a4af1368a2: receive RaftClientReply:client-2EC808601240->374189d0-76c5-49d2-81b4-45a4af1368a2@group-30B6692CD68C, cid=2388, SUCCESS, logIndex=4014, commits[374189d0-76c5-49d2-81b4-45a4af1368a2:c4014]
2019-06-14 08:43:05,119 INFO  client.GrpcClientProtocolClient (GrpcClientProtocolClient.java:onNext(254)) - client-2EC808601240->374189d0-76c5-49d2-81b4-45a4af1368a2: receive RaftClientReply:client-2EC808601240->374189d0-76c5-49d2-81b4-45a4af1368a2@group-30B6692CD68C, cid=2389, SUCCESS, logIndex=4016, commits[374189d0-76c5-49d2-81b4-45a4af1368a2:c4016]
2019-06-14 08:43:05,120 INFO  client.GrpcClientProtocolClient (GrpcClientProtocolClient.java:onNext(254)) - client-2EC808601240->374189d0-76c5-49d2-81b4-45a4af1368a2: receive RaftClientReply:client-2EC808601240->374189d0-76c5-49d2-81b4-45a4af1368a2@group-30B6692CD68C, cid=2390, SUCCESS, logIndex=4018, commits[374189d0-76c5-49d2-81b4-45a4af1368a2:c4018]
2019-06-14 08:43:05,121 INFO  client.GrpcClientProtocolClient (GrpcClientProtocolClient.java:onNext(254)) - client-2EC808601240->374189d0-76c5-49d2-81b4-45a4af1368a2: receive RaftClientReply:client-2EC808601240->374189d0-76c5-49d2-81b4-45a4af1368a2@group-30B6692CD68C, cid=2391, SUCCESS, logIndex=4019, commits[374189d0-76c5-49d2-81b4-45a4af1368a2:c4021]
2019-06-14 08:43:05,121 INFO  client.GrpcClientProtocolClient (GrpcClientProtocolClient.java:onNext(254)) - client-2EC808601240->374189d0-76c5-49d2-81b4-45a4af1368a2: receive RaftClientReply:client-2EC808601240->374189d0-76c5-49d2-81b4-45a4af1368a2@group-30B6692CD68C, cid=2392, SUCCESS, logIndex=4020, commits[374189d0-76c5-49d2-81b4-45a4af1368a2:c4021]
2019-06-14 08:43:05,130 INFO  client.GrpcClientProtocolClient (GrpcClientProtocolClient.java:onNext(254)) - client-2EC808601240->374189d0-76c5-49d2-81b4-45a4af1368a2: receive RaftClientReply:client-2EC808601240->374189d0-76c5-49d2-81b4-45a4af1368a2@group-30B6692CD68C, cid=2393, SUCCESS, logIndex=4022, commits[374189d0-76c5-49d2-81b4-45a4af1368a2:c4022]
2019-06-14 08:43:05,130 DEBUG block.SCMBlockDeletingService (SCMBlockDeletingService.java:call(138)) - Running DeletedBlockTransactionScanner
2019-06-14 08:43:05,131 DEBUG block.SCMBlockDeletingService (SCMBlockDeletingService.java:call(155)) - Scanned deleted blocks log and got 0 delTX to process.
2019-06-14 08:43:05,132 INFO  client.GrpcClientProtocolClient (GrpcClientProtocolClient.java:onNext(254)) - client-2EC808601240->374189d0-76c5-49d2-81b4-45a4af1368a2: receive RaftClientReply:client-2EC808601240->374189d0-76c5-49d2-81b4-45a4af1368a2@group-30B6692CD68C, cid=2394, SUCCESS, logIndex=4024, commits[374189d0-76c5-49d2-81b4-45a4af1368a2:c4024]
2019-06-14 08:43:05,133 INFO  client.GrpcClientProtocolClient (GrpcClientProtocolClient.java:onNext(254)) - client-2EC808601240->374189d0-76c5-49d2-81b4-45a4af1368a2: receive RaftClientReply:client-2EC808601240->374189d0-76c5-49d2-81b4-45a4af1368a2@group-30B6692CD68C, cid=2395, SUCCESS, logIndex=4025, commits[374189d0-76c5-49d2-81b4-45a4af1368a2:c4026]
2019-06-14 08:43:05,133 INFO  client.GrpcClientProtocolClient (GrpcClientProtocolClient.java:onNext(254)) - client-2EC808601240->374189d0-76c5-49d2-81b4-45a4af1368a2: receive RaftClientReply:client-2EC808601240->374189d0-76c5-49d2-81b4-45a4af1368a2@group-30B6692CD68C, cid=2396, SUCCESS, logIndex=4026, commits[374189d0-76c5-49d2-81b4-45a4af1368a2:c4026]
2019-06-14 08:43:05,138 INFO  client.GrpcClientProtocolClient (GrpcClientProtocolClient.java:onNext(254)) - client-2EC808601240->374189d0-76c5-49d2-81b4-45a4af1368a2: receive RaftClientReply:client-2EC808601240->374189d0-76c5-49d2-81b4-45a4af1368a2@group-30B6692CD68C, cid=2397, SUCCESS, logIndex=4029, commits[374189d0-76c5-49d2-81b4-45a4af1368a2:c4029]
2019-06-14 08:43:05,140 INFO  client.GrpcClientProtocolClient (GrpcClientProtocolClient.java:onNext(254)) - client-2EC808601240->374189d0-76c5-49d2-81b4-45a4af1368a2: receive RaftClientReply:client-2EC808601240->374189d0-76c5-49d2-81b4-45a4af1368a2@group-30B6692CD68C, cid=2398, SUCCESS, logIndex=4031, commits[374189d0-76c5-49d2-81b4-45a4af1368a2:c4031]
2019-06-14 08:43:05,142 INFO  client.GrpcClientProtocolClient (GrpcClientProtocolClient.java:onNext(254)) - client-2EC808601240->374189d0-76c5-49d2-81b4-45a4af1368a2: receive RaftClientReply:client-2EC808601240->374189d0-76c5-49d2-81b4-45a4af1368a2@group-30B6692CD68C, cid=2399, SUCCESS, logIndex=4032, commits[374189d0-76c5-49d2-81b4-45a4af1368a2:c4034]
2019-06-14 08:43:05,145 INFO  client.GrpcClientProtocolClient (GrpcClientProtocolClient.java:onNext(254)) - client-2EC808601240->374189d0-76c5-49d2-81b4-45a4af1368a2: receive RaftClientReply:client-2EC808601240->374189d0-76c5-49d2-81b4-45a4af1368a2@group-30B6692CD68C, cid=2400, SUCCESS, logIndex=4033, commits[374189d0-76c5-49d2-81b4-45a4af1368a2:c4034]
2019-06-14 08:43:05,155 INFO  client.GrpcClientProtocolClient (GrpcClientProtocolClient.java:onNext(254)) - client-2EC808601240->374189d0-76c5-49d2-81b4-45a4af1368a2: receive RaftClientReply:client-2EC808601240->374189d0-76c5-49d2-81b4-45a4af1368a2@group-30B6692CD68C, cid=2401, SUCCESS, logIndex=4035, commits[374189d0-76c5-49d2-81b4-45a4af1368a2:c4035]
2019-06-14 08:43:05,157 INFO  client.GrpcClientProtocolClient (GrpcClientProtocolClient.java:onNext(254)) - client-2EC808601240->374189d0-76c5-49d2-81b4-45a4af1368a2: receive RaftClientReply:client-2EC808601240->374189d0-76c5-49d2-81b4-45a4af1368a2@group-30B6692CD68C, cid=2402, SUCCESS, logIndex=4037, commits[374189d0-76c5-49d2-81b4-45a4af1368a2:c4037]
2019-06-14 08:43:05,158 INFO  client.GrpcClientProtocolClient (GrpcClientProtocolClient.java:onNext(254)) - client-2EC808601240->374189d0-76c5-49d2-81b4-45a4af1368a2: receive RaftClientReply:client-2EC808601240->374189d0-76c5-49d2-81b4-45a4af1368a2@group-30B6692CD68C, cid=2403, SUCCESS, logIndex=4038, commits[374189d0-76c5-49d2-81b4-45a4af1368a2:c4038]
2019-06-14 08:43:05,158 INFO  client.GrpcClientProtocolClient (GrpcClientProtocolClient.java:onNext(254)) - client-2EC808601240->374189d0-76c5-49d2-81b4-45a4af1368a2: receive RaftClientReply:client-2EC808601240->374189d0-76c5-49d2-81b4-45a4af1368a2@group-30B6692CD68C, cid=2404, SUCCESS, logIndex=4040, commits[374189d0-76c5-49d2-81b4-45a4af1368a2:c4040]
2019-06-14 08:43:05,164 INFO  client.GrpcClientProtocolClient (GrpcClientProtocolClient.java:onNext(254)) - client-2EC808601240->374189d0-76c5-49d2-81b4-45a4af1368a2: receive RaftClientReply:client-2EC808601240->374189d0-76c5-49d2-81b4-45a4af1368a2@group-30B6692CD68C, cid=2405, SUCCESS, logIndex=4043, commits[374189d0-76c5-49d2-81b4-45a4af1368a2:c4043]
2019-06-14 08:43:05,164 INFO  storage.RaftLogWorker (RaftLogWorker.java:rollLogSegment(303)) - 374189d0-76c5-49d2-81b4-45a4af1368a2-RaftLogWorker: Rolling segment log-3976_4046 to index:4046
2019-06-14 08:43:05,165 INFO  client.GrpcClientProtocolClient (GrpcClientProtocolClient.java:onNext(254)) - client-2EC808601240->374189d0-76c5-49d2-81b4-45a4af1368a2: receive RaftClientReply:client-2EC808601240->374189d0-76c5-49d2-81b4-45a4af1368a2@group-30B6692CD68C, cid=2406, SUCCESS, logIndex=4045, commits[374189d0-76c5-49d2-81b4-45a4af1368a2:c4045]
2019-06-14 08:43:05,166 INFO  storage.RaftLogWorker (RaftLogWorker.java:execute(433)) - 374189d0-76c5-49d2-81b4-45a4af1368a2-RaftLogWorker: Rolled log segment from /opt/src/hadoop-ozone/integration-test/target/test-dir/MiniOzoneClusterImpl-1994f8b8-dd4d-445c-bf25-0c6d40f9b14d/datanode-0/data/ratis/99d0acb8-99ce-4814-8259-30b6692cd68c/current/log_inprogress_3976 to /opt/src/hadoop-ozone/integration-test/target/test-dir/MiniOzoneClusterImpl-1994f8b8-dd4d-445c-bf25-0c6d40f9b14d/datanode-0/data/ratis/99d0acb8-99ce-4814-8259-30b6692cd68c/current/log_3976-4046
2019-06-14 08:43:05,166 INFO  client.GrpcClientProtocolClient (GrpcClientProtocolClient.java:onNext(254)) - client-2EC808601240->374189d0-76c5-49d2-81b4-45a4af1368a2: receive RaftClientReply:client-2EC808601240->374189d0-76c5-49d2-81b4-45a4af1368a2@group-30B6692CD68C, cid=2407, SUCCESS, logIndex=4046, commits[374189d0-76c5-49d2-81b4-45a4af1368a2:c4046]
2019-06-14 08:43:05,201 INFO  storage.RaftLogWorker (RaftLogWorker.java:execute(469)) - 374189d0-76c5-49d2-81b4-45a4af1368a2-RaftLogWorker: created new log segment /opt/src/hadoop-ozone/integration-test/target/test-dir/MiniOzoneClusterImpl-1994f8b8-dd4d-445c-bf25-0c6d40f9b14d/datanode-0/data/ratis/99d0acb8-99ce-4814-8259-30b6692cd68c/current/log_inprogress_4047
2019-06-14 08:43:05,203 INFO  client.GrpcClientProtocolClient (GrpcClientProtocolClient.java:onNext(254)) - client-2EC808601240->374189d0-76c5-49d2-81b4-45a4af1368a2: receive RaftClientReply:client-2EC808601240->374189d0-76c5-49d2-81b4-45a4af1368a2@group-30B6692CD68C, cid=2408, SUCCESS, logIndex=4047, commits[374189d0-76c5-49d2-81b4-45a4af1368a2:c4049]
2019-06-14 08:43:05,212 INFO  client.GrpcClientProtocolClient (GrpcClientProtocolClient.java:onNext(254)) - client-2EC808601240->374189d0-76c5-49d2-81b4-45a4af1368a2: receive RaftClientReply:client-2EC808601240->374189d0-76c5-49d2-81b4-45a4af1368a2@group-30B6692CD68C, cid=2409, SUCCESS, logIndex=4050, commits[374189d0-76c5-49d2-81b4-45a4af1368a2:c4050]
2019-06-14 08:43:05,213 INFO  client.GrpcClientProtocolClient (GrpcClientProtocolClient.java:onNext(254)) - client-2EC808601240->374189d0-76c5-49d2-81b4-45a4af1368a2: receive RaftClientReply:client-2EC808601240->374189d0-76c5-49d2-81b4-45a4af1368a2@group-30B6692CD68C, cid=2410, SUCCESS, logIndex=4052, commits[374189d0-76c5-49d2-81b4-45a4af1368a2:c4052]
2019-06-14 08:43:05,214 INFO  client.GrpcClientProtocolClient (GrpcClientProtocolClient.java:onNext(254)) - client-2EC808601240->374189d0-76c5-49d2-81b4-45a4af1368a2: receive RaftClientReply:client-2EC808601240->374189d0-76c5-49d2-81b4-45a4af1368a2@group-30B6692CD68C, cid=2411, SUCCESS, logIndex=4053, commits[374189d0-76c5-49d2-81b4-45a4af1368a2:c4055]
2019-06-14 08:43:05,214 INFO  client.GrpcClientProtocolClient (GrpcClientProtocolClient.java:onNext(254)) - client-2EC808601240->374189d0-76c5-49d2-81b4-45a4af1368a2: receive RaftClientReply:client-2EC808601240->374189d0-76c5-49d2-81b4-45a4af1368a2@group-30B6692CD68C, cid=2412, SUCCESS, logIndex=4054, commits[374189d0-76c5-49d2-81b4-45a4af1368a2:c4055]
2019-06-14 08:43:05,219 INFO  client.GrpcClientProtocolClient (GrpcClientProtocolClient.java:onNext(254)) - client-2EC808601240->374189d0-76c5-49d2-81b4-45a4af1368a2: receive RaftClientReply:client-2EC808601240->374189d0-76c5-49d2-81b4-45a4af1368a2@group-30B6692CD68C, cid=2413, SUCCESS, logIndex=4056, commits[374189d0-76c5-49d2-81b4-45a4af1368a2:c4056]
2019-06-14 08:43:05,222 INFO  client.GrpcClientProtocolClient (GrpcClientProtocolClient.java:onNext(254)) - client-2EC808601240->374189d0-76c5-49d2-81b4-45a4af1368a2: receive RaftClientReply:client-2EC808601240->374189d0-76c5-49d2-81b4-45a4af1368a2@group-30B6692CD68C, cid=2414, SUCCESS, logIndex=4058, commits[374189d0-76c5-49d2-81b4-45a4af1368a2:c4060]
2019-06-14 08:43:05,222 INFO  client.GrpcClientProtocolClient (GrpcClientProtocolClient.java:onNext(254)) - client-2EC808601240->374189d0-76c5-49d2-81b4-45a4af1368a2: receive RaftClientReply:client-2EC808601240->374189d0-76c5-49d2-81b4-45a4af1368a2@group-30B6692CD68C, cid=2415, SUCCESS, logIndex=4059, commits[374189d0-76c5-49d2-81b4-45a4af1368a2:c4060]
2019-06-14 08:43:05,222 INFO  client.GrpcClientProtocolClient (GrpcClientProtocolClient.java:onNext(254)) - client-2EC808601240->374189d0-76c5-49d2-81b4-45a4af1368a2: receive RaftClientReply:client-2EC808601240->374189d0-76c5-49d2-81b4-45a4af1368a2@group-30B6692CD68C, cid=2416, SUCCESS, logIndex=4060, commits[374189d0-76c5-49d2-81b4-45a4af1368a2:c4061]
2019-06-14 08:43:05,231 DEBUG block.SCMBlockDeletingService (SCMBlockDeletingService.java:call(138)) - Running DeletedBlockTransactionScanner
2019-06-14 08:43:05,231 DEBUG block.SCMBlockDeletingService (SCMBlockDeletingService.java:call(155)) - Scanned deleted blocks log and got 0 delTX to process.
2019-06-14 08:43:05,233 INFO  client.GrpcClientProtocolClient (GrpcClientProtocolClient.java:onNext(254)) - client-2EC808601240->374189d0-76c5-49d2-81b4-45a4af1368a2: receive RaftClientReply:client-2EC808601240->374189d0-76c5-49d2-81b4-45a4af1368a2@group-30B6692CD68C, cid=2417, SUCCESS, logIndex=4062, commits[374189d0-76c5-49d2-81b4-45a4af1368a2:c4062]
2019-06-14 08:43:05,234 INFO  client.GrpcClientProtocolClient (GrpcClientProtocolClient.java:onNext(254)) - client-2EC808601240->374189d0-76c5-49d2-81b4-45a4af1368a2: receive RaftClientReply:client-2EC808601240->374189d0-76c5-49d2-81b4-45a4af1368a2@group-30B6692CD68C, cid=2418, SUCCESS, logIndex=4064, commits[374189d0-76c5-49d2-81b4-45a4af1368a2:c4064]
2019-06-14 08:43:05,234 INFO  client.GrpcClientProtocolClient (GrpcClientProtocolClient.java:onNext(254)) - client-2EC808601240->374189d0-76c5-49d2-81b4-45a4af1368a2: receive RaftClientReply:client-2EC808601240->374189d0-76c5-49d2-81b4-45a4af1368a2@group-30B6692CD68C, cid=2419, SUCCESS, logIndex=4065, commits[374189d0-76c5-49d2-81b4-45a4af1368a2:c4066]
2019-06-14 08:43:05,235 INFO  client.GrpcClientProtocolClient (GrpcClientProtocolClient.java:onNext(254)) - client-2EC808601240->374189d0-76c5-49d2-81b4-45a4af1368a2: receive RaftClientReply:client-2EC808601240->374189d0-76c5-49d2-81b4-45a4af1368a2@group-30B6692CD68C, cid=2420, SUCCESS, logIndex=4067, commits[374189d0-76c5-49d2-81b4-45a4af1368a2:c4067]
2019-06-14 08:43:05,239 INFO  client.GrpcClientProtocolClient (GrpcClientProtocolClient.java:onNext(254)) - client-2EC808601240->374189d0-76c5-49d2-81b4-45a4af1368a2: receive RaftClientReply:client-2EC808601240->374189d0-76c5-49d2-81b4-45a4af1368a2@group-30B6692CD68C, cid=2421, SUCCESS, logIndex=4069, commits[374189d0-76c5-49d2-81b4-45a4af1368a2:c4069]
2019-06-14 08:43:05,240 INFO  client.GrpcClientProtocolClient (GrpcClientProtocolClient.java:onNext(254)) - client-2EC808601240->374189d0-76c5-49d2-81b4-45a4af1368a2: receive RaftClientReply:client-2EC808601240->374189d0-76c5-49d2-81b4-45a4af1368a2@group-30B6692CD68C, cid=2422, SUCCESS, logIndex=4071, commits[374189d0-76c5-49d2-81b4-45a4af1368a2:c4071]
2019-06-14 08:43:05,242 INFO  client.GrpcClientProtocolClient (GrpcClientProtocolClient.java:onNext(254)) - client-2EC808601240->374189d0-76c5-49d2-81b4-45a4af1368a2: receive RaftClientReply:client-2EC808601240->374189d0-76c5-49d2-81b4-45a4af1368a2@group-30B6692CD68C, cid=2423, SUCCESS, logIndex=4072, commits[374189d0-76c5-49d2-81b4-45a4af1368a2:c4074]
2019-06-14 08:43:05,242 INFO  client.GrpcClientProtocolClient (GrpcClientProtocolClient.java:onNext(254)) - client-2EC808601240->374189d0-76c5-49d2-81b4-45a4af1368a2: receive RaftClientReply:client-2EC808601240->374189d0-76c5-49d2-81b4-45a4af1368a2@group-30B6692CD68C, cid=2424, SUCCESS, logIndex=4073, commits[374189d0-76c5-49d2-81b4-45a4af1368a2:c4074]
2019-06-14 08:43:05,250 INFO  client.GrpcClientProtocolClient (GrpcClientProtocolClient.java:onNext(254)) - client-2EC808601240->374189d0-76c5-49d2-81b4-45a4af1368a2: receive RaftClientReply:client-2EC808601240->374189d0-76c5-49d2-81b4-45a4af1368a2@group-30B6692CD68C, cid=2425, SUCCESS, logIndex=4075, commits[374189d0-76c5-49d2-81b4-45a4af1368a2:c4075]
2019-06-14 08:43:05,252 INFO  client.GrpcClientProtocolClient (GrpcClientProtocolClient.java:onNext(254)) - client-2EC808601240->374189d0-76c5-49d2-81b4-45a4af1368a2: receive RaftClientReply:client-2EC808601240->374189d0-76c5-49d2-81b4-45a4af1368a2@group-30B6692CD68C, cid=2426, SUCCESS, logIndex=4077, commits[374189d0-76c5-49d2-81b4-45a4af1368a2:c4077]
2019-06-14 08:43:05,253 INFO  client.GrpcClientProtocolClient (GrpcClientProtocolClient.java:onNext(254)) - client-2EC808601240->374189d0-76c5-49d2-81b4-45a4af1368a2: receive RaftClientReply:client-2EC808601240->374189d0-76c5-49d2-81b4-45a4af1368a2@group-30B6692CD68C, cid=2427, SUCCESS, logIndex=4078, commits[374189d0-76c5-49d2-81b4-45a4af1368a2:c4080]
2019-06-14 08:43:05,253 INFO  client.GrpcClientProtocolClient (GrpcClientProtocolClient.java:onNext(254)) - client-2EC808601240->374189d0-76c5-49d2-81b4-45a4af1368a2: receive RaftClientReply:client-2EC808601240->374189d0-76c5-49d2-81b4-45a4af1368a2@group-30B6692CD68C, cid=2428, SUCCESS, logIndex=4079, commits[374189d0-76c5-49d2-81b4-45a4af1368a2:c4080]
2019-06-14 08:43:05,258 INFO  client.GrpcClientProtocolClient (GrpcClientProtocolClient.java:onNext(254)) - client-2EC808601240->374189d0-76c5-49d2-81b4-45a4af1368a2: receive RaftClientReply:client-2EC808601240->374189d0-76c5-49d2-81b4-45a4af1368a2@group-30B6692CD68C, cid=2429, SUCCESS, logIndex=4081, commits[374189d0-76c5-49d2-81b4-45a4af1368a2:c4081]
2019-06-14 08:43:05,259 INFO  client.GrpcClientProtocolClient (GrpcClientProtocolClient.java:onNext(254)) - client-2EC808601240->374189d0-76c5-49d2-81b4-45a4af1368a2: receive RaftClientReply:client-2EC808601240->374189d0-76c5-49d2-81b4-45a4af1368a2@group-30B6692CD68C, cid=2430, SUCCESS, logIndex=4083, commits[374189d0-76c5-49d2-81b4-45a4af1368a2:c4083]
2019-06-14 08:43:05,619 DEBUG block.SCMBlockDeletingService (SCMBlockDeletingService.java:call(138)) - Running DeletedBlockTransactionScanner
2019-06-14 08:43:05,619 DEBUG block.SCMBlockDeletingService (SCMBlockDeletingService.java:call(155)) - Scanned deleted blocks log and got 0 delTX to process.
2019-06-14 08:43:05,632 INFO  client.GrpcClientProtocolClient (GrpcClientProtocolClient.java:onNext(254)) - client-2EC808601240->374189d0-76c5-49d2-81b4-45a4af1368a2: receive RaftClientReply:client-2EC808601240->374189d0-76c5-49d2-81b4-45a4af1368a2@group-30B6692CD68C, cid=2431, SUCCESS, logIndex=4085, commits[374189d0-76c5-49d2-81b4-45a4af1368a2:c4085]
2019-06-14 08:43:05,634 INFO  client.GrpcClientProtocolClient (GrpcClientProtocolClient.java:onNext(254)) - client-2EC808601240->374189d0-76c5-49d2-81b4-45a4af1368a2: receive RaftClientReply:client-2EC808601240->374189d0-76c5-49d2-81b4-45a4af1368a2@group-30B6692CD68C, cid=2432, SUCCESS, logIndex=4087, commits[374189d0-76c5-49d2-81b4-45a4af1368a2:c4088]
2019-06-14 08:43:05,643 INFO  client.GrpcClientProtocolClient (GrpcClientProtocolClient.java:onNext(254)) - client-2EC808601240->374189d0-76c5-49d2-81b4-45a4af1368a2: receive RaftClientReply:client-2EC808601240->374189d0-76c5-49d2-81b4-45a4af1368a2@group-30B6692CD68C, cid=2433, SUCCESS, logIndex=4089, commits[374189d0-76c5-49d2-81b4-45a4af1368a2:c4089]
2019-06-14 08:43:05,645 INFO  client.GrpcClientProtocolClient (GrpcClientProtocolClient.java:onNext(254)) - client-2EC808601240->374189d0-76c5-49d2-81b4-45a4af1368a2: receive RaftClientReply:client-2EC808601240->374189d0-76c5-49d2-81b4-45a4af1368a2@group-30B6692CD68C, cid=2434, SUCCESS, logIndex=4091, commits[374189d0-76c5-49d2-81b4-45a4af1368a2:c4091]
2019-06-14 08:43:05,646 INFO  client.GrpcClientProtocolClient (GrpcClientProtocolClient.java:onNext(254)) - client-2EC808601240->374189d0-76c5-49d2-81b4-45a4af1368a2: receive RaftClientReply:client-2EC808601240->374189d0-76c5-49d2-81b4-45a4af1368a2@group-30B6692CD68C, cid=2435, SUCCESS, logIndex=4092, commits[374189d0-76c5-49d2-81b4-45a4af1368a2:c4093]
2019-06-14 08:43:05,647 INFO  client.GrpcClientProtocolClient (GrpcClientProtocolClient.java:onNext(254)) - client-2EC808601240->374189d0-76c5-49d2-81b4-45a4af1368a2: receive RaftClientReply:client-2EC808601240->374189d0-76c5-49d2-81b4-45a4af1368a2@group-30B6692CD68C, cid=2436, SUCCESS, logIndex=4094, commits[374189d0-76c5-49d2-81b4-45a4af1368a2:c4094]
2019-06-14 08:43:05,651 INFO  client.GrpcClientProtocolClient (GrpcClientProtocolClient.java:onNext(254)) - client-2EC808601240->374189d0-76c5-49d2-81b4-45a4af1368a2: receive RaftClientReply:client-2EC808601240->374189d0-76c5-49d2-81b4-45a4af1368a2@group-30B6692CD68C, cid=2437, SUCCESS, logIndex=4096, commits[374189d0-76c5-49d2-81b4-45a4af1368a2:c4096]
2019-06-14 08:43:05,653 INFO  client.GrpcClientProtocolClient (GrpcClientProtocolClient.java:onNext(254)) - client-2EC808601240->374189d0-76c5-49d2-81b4-45a4af1368a2: receive RaftClientReply:client-2EC808601240->374189d0-76c5-49d2-81b4-45a4af1368a2@group-30B6692CD68C, cid=2438, SUCCESS, logIndex=4098, commits[374189d0-76c5-49d2-81b4-45a4af1368a2:c4098]
2019-06-14 08:43:05,654 INFO  client.GrpcClientProtocolClient (GrpcClientProtocolClient.java:onNext(254)) - client-2EC808601240->374189d0-76c5-49d2-81b4-45a4af1368a2: receive RaftClientReply:client-2EC808601240->374189d0-76c5-49d2-81b4-45a4af1368a2@group-30B6692CD68C, cid=2439, SUCCESS, logIndex=4099, commits[374189d0-76c5-49d2-81b4-45a4af1368a2:c4101]
2019-06-14 08:43:05,654 INFO  client.GrpcClientProtocolClient (GrpcClientProtocolClient.java:onNext(254)) - client-2EC808601240->374189d0-76c5-49d2-81b4-45a4af1368a2: receive RaftClientReply:client-2EC808601240->374189d0-76c5-49d2-81b4-45a4af1368a2@group-30B6692CD68C, cid=2440, SUCCESS, logIndex=4100, commits[374189d0-76c5-49d2-81b4-45a4af1368a2:c4101]
2019-06-14 08:43:05,663 INFO  client.GrpcClientProtocolClient (GrpcClientProtocolClient.java:onNext(254)) - client-2EC808601240->374189d0-76c5-49d2-81b4-45a4af1368a2: receive RaftClientReply:client-2EC808601240->374189d0-76c5-49d2-81b4-45a4af1368a2@group-30B6692CD68C, cid=2441, SUCCESS, logIndex=4102, commits[374189d0-76c5-49d2-81b4-45a4af1368a2:c4102]
2019-06-14 08:43:05,665 INFO  client.GrpcClientProtocolClient (GrpcClientProtocolClient.java:onNext(254)) - client-2EC808601240->374189d0-76c5-49d2-81b4-45a4af1368a2: receive RaftClientReply:client-2EC808601240->374189d0-76c5-49d2-81b4-45a4af1368a2@group-30B6692CD68C, cid=2442, SUCCESS, logIndex=4104, commits[374189d0-76c5-49d2-81b4-45a4af1368a2:c4104]
2019-06-14 08:43:05,665 INFO  client.GrpcClientProtocolClient (GrpcClientProtocolClient.java:onNext(254)) - client-2EC808601240->374189d0-76c5-49d2-81b4-45a4af1368a2: receive RaftClientReply:client-2EC808601240->374189d0-76c5-49d2-81b4-45a4af1368a2@group-30B6692CD68C, cid=2443, SUCCESS, logIndex=4105, commits[374189d0-76c5-49d2-81b4-45a4af1368a2:c4107]
2019-06-14 08:43:05,666 INFO  client.GrpcClientProtocolClient (GrpcClientProtocolClient.java:onNext(254)) - client-2EC808601240->374189d0-76c5-49d2-81b4-45a4af1368a2: receive RaftClientReply:client-2EC808601240->374189d0-76c5-49d2-81b4-45a4af1368a2@group-30B6692CD68C, cid=2444, SUCCESS, logIndex=4106, commits[374189d0-76c5-49d2-81b4-45a4af1368a2:c4107]
2019-06-14 08:43:05,671 INFO  client.GrpcClientProtocolClient (GrpcClientProtocolClient.java:onNext(254)) - client-2EC808601240->374189d0-76c5-49d2-81b4-45a4af1368a2: receive RaftClientReply:client-2EC808601240->374189d0-76c5-49d2-81b4-45a4af1368a2@group-30B6692CD68C, cid=2445, SUCCESS, logIndex=4108, commits[374189d0-76c5-49d2-81b4-45a4af1368a2:c4108]
2019-06-14 08:43:05,672 INFO  client.GrpcClientProtocolClient (GrpcClientProtocolClient.java:onNext(254)) - client-2EC808601240->374189d0-76c5-49d2-81b4-45a4af1368a2: receive RaftClientReply:client-2EC808601240->374189d0-76c5-49d2-81b4-45a4af1368a2@group-30B6692CD68C, cid=2446, SUCCESS, logIndex=4110, commits[374189d0-76c5-49d2-81b4-45a4af1368a2:c4110]
2019-06-14 08:43:05,673 INFO  client.GrpcClientProtocolClient (GrpcClientProtocolClient.java:onNext(254)) - client-2EC808601240->374189d0-76c5-49d2-81b4-45a4af1368a2: receive RaftClientReply:client-2EC808601240->374189d0-76c5-49d2-81b4-45a4af1368a2@group-30B6692CD68C, cid=2447, SUCCESS, logIndex=4111, commits[374189d0-76c5-49d2-81b4-45a4af1368a2:c4113]
2019-06-14 08:43:05,673 INFO  client.GrpcClientProtocolClient (GrpcClientProtocolClient.java:onNext(254)) - client-2EC808601240->374189d0-76c5-49d2-81b4-45a4af1368a2: receive RaftClientReply:client-2EC808601240->374189d0-76c5-49d2-81b4-45a4af1368a2@group-30B6692CD68C, cid=2448, SUCCESS, logIndex=4112, commits[374189d0-76c5-49d2-81b4-45a4af1368a2:c4113]
2019-06-14 08:43:05,682 INFO  client.GrpcClientProtocolClient (GrpcClientProtocolClient.java:onNext(254)) - client-2EC808601240->374189d0-76c5-49d2-81b4-45a4af1368a2: receive RaftClientReply:client-2EC808601240->374189d0-76c5-49d2-81b4-45a4af1368a2@group-30B6692CD68C, cid=2449, SUCCESS, logIndex=4114, commits[374189d0-76c5-49d2-81b4-45a4af1368a2:c4114]
2019-06-14 08:43:05,683 INFO  client.GrpcClientProtocolClient (GrpcClientProtocolClient.java:onNext(254)) - client-2EC808601240->374189d0-76c5-49d2-81b4-45a4af1368a2: receive RaftClientReply:client-2EC808601240->374189d0-76c5-49d2-81b4-45a4af1368a2@group-30B6692CD68C, cid=2450, SUCCESS, logIndex=4116, commits[374189d0-76c5-49d2-81b4-45a4af1368a2:c4116]
2019-06-14 08:43:05,683 INFO  storage.RaftLogWorker (RaftLogWorker.java:rollLogSegment(303)) - 374189d0-76c5-49d2-81b4-45a4af1368a2-RaftLogWorker: Rolling segment log-4047_4117 to index:4117
2019-06-14 08:43:05,684 INFO  storage.RaftLogWorker (RaftLogWorker.java:execute(433)) - 374189d0-76c5-49d2-81b4-45a4af1368a2-RaftLogWorker: Rolled log segment from /opt/src/hadoop-ozone/integration-test/target/test-dir/MiniOzoneClusterImpl-1994f8b8-dd4d-445c-bf25-0c6d40f9b14d/datanode-0/data/ratis/99d0acb8-99ce-4814-8259-30b6692cd68c/current/log_inprogress_4047 to /opt/src/hadoop-ozone/integration-test/target/test-dir/MiniOzoneClusterImpl-1994f8b8-dd4d-445c-bf25-0c6d40f9b14d/datanode-0/data/ratis/99d0acb8-99ce-4814-8259-30b6692cd68c/current/log_4047-4117
2019-06-14 08:43:05,719 DEBUG block.SCMBlockDeletingService (SCMBlockDeletingService.java:call(138)) - Running DeletedBlockTransactionScanner
2019-06-14 08:43:05,720 DEBUG block.SCMBlockDeletingService (SCMBlockDeletingService.java:call(155)) - Scanned deleted blocks log and got 0 delTX to process.
2019-06-14 08:43:05,720 INFO  storage.RaftLogWorker (RaftLogWorker.java:execute(469)) - 374189d0-76c5-49d2-81b4-45a4af1368a2-RaftLogWorker: created new log segment /opt/src/hadoop-ozone/integration-test/target/test-dir/MiniOzoneClusterImpl-1994f8b8-dd4d-445c-bf25-0c6d40f9b14d/datanode-0/data/ratis/99d0acb8-99ce-4814-8259-30b6692cd68c/current/log_inprogress_4118
2019-06-14 08:43:05,722 INFO  client.GrpcClientProtocolClient (GrpcClientProtocolClient.java:onNext(254)) - client-2EC808601240->374189d0-76c5-49d2-81b4-45a4af1368a2: receive RaftClientReply:client-2EC808601240->374189d0-76c5-49d2-81b4-45a4af1368a2@group-30B6692CD68C, cid=2451, SUCCESS, logIndex=4118, commits[374189d0-76c5-49d2-81b4-45a4af1368a2:c4119]
2019-06-14 08:43:05,722 INFO  client.GrpcClientProtocolClient (GrpcClientProtocolClient.java:onNext(254)) - client-2EC808601240->374189d0-76c5-49d2-81b4-45a4af1368a2: receive RaftClientReply:client-2EC808601240->374189d0-76c5-49d2-81b4-45a4af1368a2@group-30B6692CD68C, cid=2452, SUCCESS, logIndex=4119, commits[374189d0-76c5-49d2-81b4-45a4af1368a2:c4119]
2019-06-14 08:43:05,727 INFO  client.GrpcClientProtocolClient (GrpcClientProtocolClient.java:onNext(254)) - client-2EC808601240->374189d0-76c5-49d2-81b4-45a4af1368a2: receive RaftClientReply:client-2EC808601240->374189d0-76c5-49d2-81b4-45a4af1368a2@group-30B6692CD68C, cid=2453, SUCCESS, logIndex=4121, commits[374189d0-76c5-49d2-81b4-45a4af1368a2:c4121]
2019-06-14 08:43:05,728 INFO  client.GrpcClientProtocolClient (GrpcClientProtocolClient.java:onNext(254)) - client-2EC808601240->374189d0-76c5-49d2-81b4-45a4af1368a2: receive RaftClientReply:client-2EC808601240->374189d0-76c5-49d2-81b4-45a4af1368a2@group-30B6692CD68C, cid=2454, SUCCESS, logIndex=4123, commits[374189d0-76c5-49d2-81b4-45a4af1368a2:c4123]
2019-06-14 08:43:05,730 INFO  client.GrpcClientProtocolClient (GrpcClientProtocolClient.java:onNext(254)) - client-2EC808601240->374189d0-76c5-49d2-81b4-45a4af1368a2: receive RaftClientReply:client-2EC808601240->374189d0-76c5-49d2-81b4-45a4af1368a2@group-30B6692CD68C, cid=2455, SUCCESS, logIndex=4124, commits[374189d0-76c5-49d2-81b4-45a4af1368a2:c4126]
2019-06-14 08:43:05,730 INFO  client.GrpcClientProtocolClient (GrpcClientProtocolClient.java:onNext(254)) - client-2EC808601240->374189d0-76c5-49d2-81b4-45a4af1368a2: receive RaftClientReply:client-2EC808601240->374189d0-76c5-49d2-81b4-45a4af1368a2@group-30B6692CD68C, cid=2456, SUCCESS, logIndex=4125, commits[374189d0-76c5-49d2-81b4-45a4af1368a2:c4126]
2019-06-14 08:43:05,739 INFO  client.GrpcClientProtocolClient (GrpcClientProtocolClient.java:onNext(254)) - client-2EC808601240->374189d0-76c5-49d2-81b4-45a4af1368a2: receive RaftClientReply:client-2EC808601240->374189d0-76c5-49d2-81b4-45a4af1368a2@group-30B6692CD68C, cid=2457, SUCCESS, logIndex=4127, commits[374189d0-76c5-49d2-81b4-45a4af1368a2:c4127]
2019-06-14 08:43:05,740 INFO  client.GrpcClientProtocolClient (GrpcClientProtocolClient.java:onNext(254)) - client-2EC808601240->374189d0-76c5-49d2-81b4-45a4af1368a2: receive RaftClientReply:client-2EC808601240->374189d0-76c5-49d2-81b4-45a4af1368a2@group-30B6692CD68C, cid=2458, SUCCESS, logIndex=4129, commits[374189d0-76c5-49d2-81b4-45a4af1368a2:c4129]
2019-06-14 08:43:05,741 INFO  client.GrpcClientProtocolClient (GrpcClientProtocolClient.java:onNext(254)) - client-2EC808601240->374189d0-76c5-49d2-81b4-45a4af1368a2: receive RaftClientReply:client-2EC808601240->374189d0-76c5-49d2-81b4-45a4af1368a2@group-30B6692CD68C, cid=2459, SUCCESS, logIndex=4130, commits[374189d0-76c5-49d2-81b4-45a4af1368a2:c4132]
2019-06-14 08:43:05,741 INFO  client.GrpcClientProtocolClient (GrpcClientProtocolClient.java:onNext(254)) - client-2EC808601240->374189d0-76c5-49d2-81b4-45a4af1368a2: receive RaftClientReply:client-2EC808601240->374189d0-76c5-49d2-81b4-45a4af1368a2@group-30B6692CD68C, cid=2460, SUCCESS, logIndex=4131, commits[374189d0-76c5-49d2-81b4-45a4af1368a2:c4132]
2019-06-14 08:43:05,746 INFO  client.GrpcClientProtocolClient (GrpcClientProtocolClient.java:onNext(254)) - client-2EC808601240->374189d0-76c5-49d2-81b4-45a4af1368a2: receive RaftClientReply:client-2EC808601240->374189d0-76c5-49d2-81b4-45a4af1368a2@group-30B6692CD68C, cid=2461, SUCCESS, logIndex=4133, commits[374189d0-76c5-49d2-81b4-45a4af1368a2:c4133]
2019-06-14 08:43:05,747 INFO  client.GrpcClientProtocolClient (GrpcClientProtocolClient.java:onNext(254)) - client-2EC808601240->374189d0-76c5-49d2-81b4-45a4af1368a2: receive RaftClientReply:client-2EC808601240->374189d0-76c5-49d2-81b4-45a4af1368a2@group-30B6692CD68C, cid=2462, SUCCESS, logIndex=4135, commits[374189d0-76c5-49d2-81b4-45a4af1368a2:c4135]
2019-06-14 08:43:05,748 INFO  client.GrpcClientProtocolClient (GrpcClientProtocolClient.java:onNext(254)) - client-2EC808601240->374189d0-76c5-49d2-81b4-45a4af1368a2: receive RaftClientReply:client-2EC808601240->374189d0-76c5-49d2-81b4-45a4af1368a2@group-30B6692CD68C, cid=2463, SUCCESS, logIndex=4136, commits[374189d0-76c5-49d2-81b4-45a4af1368a2:c4138]
2019-06-14 08:43:05,749 INFO  client.GrpcClientProtocolClient (GrpcClientProtocolClient.java:onNext(254)) - client-2EC808601240->374189d0-76c5-49d2-81b4-45a4af1368a2: receive RaftClientReply:client-2EC808601240->374189d0-76c5-49d2-81b4-45a4af1368a2@group-30B6692CD68C, cid=2464, SUCCESS, logIndex=4137, commits[374189d0-76c5-49d2-81b4-45a4af1368a2:c4138]
2019-06-14 08:43:05,757 INFO  client.GrpcClientProtocolClient (GrpcClientProtocolClient.java:onNext(254)) - client-2EC808601240->374189d0-76c5-49d2-81b4-45a4af1368a2: receive RaftClientReply:client-2EC808601240->374189d0-76c5-49d2-81b4-45a4af1368a2@group-30B6692CD68C, cid=2465, SUCCESS, logIndex=4139, commits[374189d0-76c5-49d2-81b4-45a4af1368a2:c4139]
2019-06-14 08:43:05,759 INFO  client.GrpcClientProtocolClient (GrpcClientProtocolClient.java:onNext(254)) - client-2EC808601240->374189d0-76c5-49d2-81b4-45a4af1368a2: receive RaftClientReply:client-2EC808601240->374189d0-76c5-49d2-81b4-45a4af1368a2@group-30B6692CD68C, cid=2466, SUCCESS, logIndex=4141, commits[374189d0-76c5-49d2-81b4-45a4af1368a2:c4141]
2019-06-14 08:43:05,760 INFO  client.GrpcClientProtocolClient (GrpcClientProtocolClient.java:onNext(254)) - client-2EC808601240->374189d0-76c5-49d2-81b4-45a4af1368a2: receive RaftClientReply:client-2EC808601240->374189d0-76c5-49d2-81b4-45a4af1368a2@group-30B6692CD68C, cid=2467, SUCCESS, logIndex=4142, commits[374189d0-76c5-49d2-81b4-45a4af1368a2:c4144]
2019-06-14 08:43:05,760 INFO  client.GrpcClientProtocolClient (GrpcClientProtocolClient.java:onNext(254)) - client-2EC808601240->374189d0-76c5-49d2-81b4-45a4af1368a2: receive RaftClientReply:client-2EC808601240->374189d0-76c5-49d2-81b4-45a4af1368a2@group-30B6692CD68C, cid=2468, SUCCESS, logIndex=4143, commits[374189d0-76c5-49d2-81b4-45a4af1368a2:c4144]
2019-06-14 08:43:05,764 INFO  client.GrpcClientProtocolClient (GrpcClientProtocolClient.java:onNext(254)) - client-2EC808601240->374189d0-76c5-49d2-81b4-45a4af1368a2: receive RaftClientReply:client-2EC808601240->374189d0-76c5-49d2-81b4-45a4af1368a2@group-30B6692CD68C, cid=2469, SUCCESS, logIndex=4145, commits[374189d0-76c5-49d2-81b4-45a4af1368a2:c4145]
2019-06-14 08:43:05,766 INFO  client.GrpcClientProtocolClient (GrpcClientProtocolClient.java:onNext(254)) - client-2EC808601240->374189d0-76c5-49d2-81b4-45a4af1368a2: receive RaftClientReply:client-2EC808601240->374189d0-76c5-49d2-81b4-45a4af1368a2@group-30B6692CD68C, cid=2470, SUCCESS, logIndex=4147, commits[374189d0-76c5-49d2-81b4-45a4af1368a2:c4147]
2019-06-14 08:43:05,767 INFO  client.GrpcClientProtocolClient (GrpcClientProtocolClient.java:onNext(254)) - client-2EC808601240->374189d0-76c5-49d2-81b4-45a4af1368a2: receive RaftClientReply:client-2EC808601240->374189d0-76c5-49d2-81b4-45a4af1368a2@group-30B6692CD68C, cid=2471, SUCCESS, logIndex=4148, commits[374189d0-76c5-49d2-81b4-45a4af1368a2:c4150]
2019-06-14 08:43:05,767 INFO  client.GrpcClientProtocolClient (GrpcClientProtocolClient.java:onNext(254)) - client-2EC808601240->374189d0-76c5-49d2-81b4-45a4af1368a2: receive RaftClientReply:client-2EC808601240->374189d0-76c5-49d2-81b4-45a4af1368a2@group-30B6692CD68C, cid=2472, SUCCESS, logIndex=4149, commits[374189d0-76c5-49d2-81b4-45a4af1368a2:c4150]
2019-06-14 08:43:05,776 INFO  client.GrpcClientProtocolClient (GrpcClientProtocolClient.java:onNext(254)) - client-2EC808601240->374189d0-76c5-49d2-81b4-45a4af1368a2: receive RaftClientReply:client-2EC808601240->374189d0-76c5-49d2-81b4-45a4af1368a2@group-30B6692CD68C, cid=2473, SUCCESS, logIndex=4151, commits[374189d0-76c5-49d2-81b4-45a4af1368a2:c4151]
2019-06-14 08:43:05,779 INFO  client.GrpcClientProtocolClient (GrpcClientProtocolClient.java:onNext(254)) - client-2EC808601240->374189d0-76c5-49d2-81b4-45a4af1368a2: receive RaftClientReply:client-2EC808601240->374189d0-76c5-49d2-81b4-45a4af1368a2@group-30B6692CD68C, cid=2474, SUCCESS, logIndex=4153, commits[374189d0-76c5-49d2-81b4-45a4af1368a2:c4153]
2019-06-14 08:43:05,820 DEBUG block.SCMBlockDeletingService (SCMBlockDeletingService.java:call(138)) - Running DeletedBlockTransactionScanner
2019-06-14 08:43:05,820 DEBUG block.SCMBlockDeletingService (SCMBlockDeletingService.java:call(155)) - Scanned deleted blocks log and got 0 delTX to process.
2019-06-14 08:43:05,845 INFO  client.GrpcClientProtocolClient (GrpcClientProtocolClient.java:onNext(254)) - client-2EC808601240->374189d0-76c5-49d2-81b4-45a4af1368a2: receive RaftClientReply:client-2EC808601240->374189d0-76c5-49d2-81b4-45a4af1368a2@group-30B6692CD68C, cid=2475, SUCCESS, logIndex=4155, commits[374189d0-76c5-49d2-81b4-45a4af1368a2:c4155]
2019-06-14 08:43:05,846 INFO  client.GrpcClientProtocolClient (GrpcClientProtocolClient.java:onNext(254)) - client-2EC808601240->374189d0-76c5-49d2-81b4-45a4af1368a2: receive RaftClientReply:client-2EC808601240->374189d0-76c5-49d2-81b4-45a4af1368a2@group-30B6692CD68C, cid=2476, SUCCESS, logIndex=4157, commits[374189d0-76c5-49d2-81b4-45a4af1368a2:c4157]
2019-06-14 08:43:05,851 INFO  client.GrpcClientProtocolClient (GrpcClientProtocolClient.java:onNext(254)) - client-2EC808601240->374189d0-76c5-49d2-81b4-45a4af1368a2: receive RaftClientReply:client-2EC808601240->374189d0-76c5-49d2-81b4-45a4af1368a2@group-30B6692CD68C, cid=2477, SUCCESS, logIndex=4159, commits[374189d0-76c5-49d2-81b4-45a4af1368a2:c4159]
2019-06-14 08:43:05,853 INFO  client.GrpcClientProtocolClient (GrpcClientProtocolClient.java:onNext(254)) - client-2EC808601240->374189d0-76c5-49d2-81b4-45a4af1368a2: receive RaftClientReply:client-2EC808601240->374189d0-76c5-49d2-81b4-45a4af1368a2@group-30B6692CD68C, cid=2478, SUCCESS, logIndex=4161, commits[374189d0-76c5-49d2-81b4-45a4af1368a2:c4161]
2019-06-14 08:43:05,854 INFO  client.GrpcClientProtocolClient (GrpcClientProtocolClient.java:onNext(254)) - client-2EC808601240->374189d0-76c5-49d2-81b4-45a4af1368a2: receive RaftClientReply:client-2EC808601240->374189d0-76c5-49d2-81b4-45a4af1368a2@group-30B6692CD68C, cid=2479, SUCCESS, logIndex=4162, commits[374189d0-76c5-49d2-81b4-45a4af1368a2:c4164]
2019-06-14 08:43:05,854 INFO  client.GrpcClientProtocolClient (GrpcClientProtocolClient.java:onNext(254)) - client-2EC808601240->374189d0-76c5-49d2-81b4-45a4af1368a2: receive RaftClientReply:client-2EC808601240->374189d0-76c5-49d2-81b4-45a4af1368a2@group-30B6692CD68C, cid=2480, SUCCESS, logIndex=4163, commits[374189d0-76c5-49d2-81b4-45a4af1368a2:c4164]
2019-06-14 08:43:05,863 INFO  client.GrpcClientProtocolClient (GrpcClientProtocolClient.java:onNext(254)) - client-2EC808601240->374189d0-76c5-49d2-81b4-45a4af1368a2: receive RaftClientReply:client-2EC808601240->374189d0-76c5-49d2-81b4-45a4af1368a2@group-30B6692CD68C, cid=2481, SUCCESS, logIndex=4165, commits[374189d0-76c5-49d2-81b4-45a4af1368a2:c4165]
2019-06-14 08:43:05,864 INFO  client.GrpcClientProtocolClient (GrpcClientProtocolClient.java:onNext(254)) - client-2EC808601240->374189d0-76c5-49d2-81b4-45a4af1368a2: receive RaftClientReply:client-2EC808601240->374189d0-76c5-49d2-81b4-45a4af1368a2@group-30B6692CD68C, cid=2482, SUCCESS, logIndex=4167, commits[374189d0-76c5-49d2-81b4-45a4af1368a2:c4167]
2019-06-14 08:43:05,865 INFO  client.GrpcClientProtocolClient (GrpcClientProtocolClient.java:onNext(254)) - client-2EC808601240->374189d0-76c5-49d2-81b4-45a4af1368a2: receive RaftClientReply:client-2EC808601240->374189d0-76c5-49d2-81b4-45a4af1368a2@group-30B6692CD68C, cid=2483, SUCCESS, logIndex=4168, commits[374189d0-76c5-49d2-81b4-45a4af1368a2:c4170]
2019-06-14 08:43:05,865 INFO  client.GrpcClientProtocolClient (GrpcClientProtocolClient.java:onNext(254)) - client-2EC808601240->374189d0-76c5-49d2-81b4-45a4af1368a2: receive RaftClientReply:client-2EC808601240->374189d0-76c5-49d2-81b4-45a4af1368a2@group-30B6692CD68C, cid=2484, SUCCESS, logIndex=4169, commits[374189d0-76c5-49d2-81b4-45a4af1368a2:c4170]
2019-06-14 08:43:05,870 INFO  client.GrpcClientProtocolClient (GrpcClientProtocolClient.java:onNext(254)) - client-2EC808601240->374189d0-76c5-49d2-81b4-45a4af1368a2: receive RaftClientReply:client-2EC808601240->374189d0-76c5-49d2-81b4-45a4af1368a2@group-30B6692CD68C, cid=2485, SUCCESS, logIndex=4171, commits[374189d0-76c5-49d2-81b4-45a4af1368a2:c4171]
2019-06-14 08:43:05,871 INFO  client.GrpcClientProtocolClient (GrpcClientProtocolClient.java:onNext(254)) - client-2EC808601240->374189d0-76c5-49d2-81b4-45a4af1368a2: receive RaftClientReply:client-2EC808601240->374189d0-76c5-49d2-81b4-45a4af1368a2@group-30B6692CD68C, cid=2486, SUCCESS, logIndex=4173, commits[374189d0-76c5-49d2-81b4-45a4af1368a2:c4173]
2019-06-14 08:43:05,872 INFO  client.GrpcClientProtocolClient (GrpcClientProtocolClient.java:onNext(254)) - client-2EC808601240->374189d0-76c5-49d2-81b4-45a4af1368a2: receive RaftClientReply:client-2EC808601240->374189d0-76c5-49d2-81b4-45a4af1368a2@group-30B6692CD68C, cid=2487, SUCCESS, logIndex=4174, commits[374189d0-76c5-49d2-81b4-45a4af1368a2:c4176]
2019-06-14 08:43:05,873 INFO  client.GrpcClientProtocolClient (GrpcClientProtocolClient.java:onNext(254)) - client-2EC808601240->374189d0-76c5-49d2-81b4-45a4af1368a2: receive RaftClientReply:client-2EC808601240->374189d0-76c5-49d2-81b4-45a4af1368a2@group-30B6692CD68C, cid=2488, SUCCESS, logIndex=4175, commits[374189d0-76c5-49d2-81b4-45a4af1368a2:c4176]
2019-06-14 08:43:05,881 INFO  client.GrpcClientProtocolClient (GrpcClientProtocolClient.java:onNext(254)) - client-2EC808601240->374189d0-76c5-49d2-81b4-45a4af1368a2: receive RaftClientReply:client-2EC808601240->374189d0-76c5-49d2-81b4-45a4af1368a2@group-30B6692CD68C, cid=2489, SUCCESS, logIndex=4177, commits[374189d0-76c5-49d2-81b4-45a4af1368a2:c4177]
2019-06-14 08:43:05,882 INFO  client.GrpcClientProtocolClient (GrpcClientProtocolClient.java:onNext(254)) - client-2EC808601240->374189d0-76c5-49d2-81b4-45a4af1368a2: receive RaftClientReply:client-2EC808601240->374189d0-76c5-49d2-81b4-45a4af1368a2@group-30B6692CD68C, cid=2490, SUCCESS, logIndex=4179, commits[374189d0-76c5-49d2-81b4-45a4af1368a2:c4179]
2019-06-14 08:43:05,884 INFO  client.GrpcClientProtocolClient (GrpcClientProtocolClient.java:onNext(254)) - client-2EC808601240->374189d0-76c5-49d2-81b4-45a4af1368a2: receive RaftClientReply:client-2EC808601240->374189d0-76c5-49d2-81b4-45a4af1368a2@group-30B6692CD68C, cid=2491, SUCCESS, logIndex=4180, commits[374189d0-76c5-49d2-81b4-45a4af1368a2:c4182]
2019-06-14 08:43:05,884 INFO  client.GrpcClientProtocolClient (GrpcClientProtocolClient.java:onNext(254)) - client-2EC808601240->374189d0-76c5-49d2-81b4-45a4af1368a2: receive RaftClientReply:client-2EC808601240->374189d0-76c5-49d2-81b4-45a4af1368a2@group-30B6692CD68C, cid=2492, SUCCESS, logIndex=4181, commits[374189d0-76c5-49d2-81b4-45a4af1368a2:c4182]
2019-06-14 08:43:05,889 INFO  client.GrpcClientProtocolClient (GrpcClientProtocolClient.java:onNext(254)) - client-2EC808601240->374189d0-76c5-49d2-81b4-45a4af1368a2: receive RaftClientReply:client-2EC808601240->374189d0-76c5-49d2-81b4-45a4af1368a2@group-30B6692CD68C, cid=2493, SUCCESS, logIndex=4183, commits[374189d0-76c5-49d2-81b4-45a4af1368a2:c4183]
2019-06-14 08:43:05,889 INFO  storage.RaftLogWorker (RaftLogWorker.java:rollLogSegment(303)) - 374189d0-76c5-49d2-81b4-45a4af1368a2-RaftLogWorker: Rolling segment log-4118_4184 to index:4184
2019-06-14 08:43:05,889 INFO  storage.RaftLogWorker (RaftLogWorker.java:execute(433)) - 374189d0-76c5-49d2-81b4-45a4af1368a2-RaftLogWorker: Rolled log segment from /opt/src/hadoop-ozone/integration-test/target/test-dir/MiniOzoneClusterImpl-1994f8b8-dd4d-445c-bf25-0c6d40f9b14d/datanode-0/data/ratis/99d0acb8-99ce-4814-8259-30b6692cd68c/current/log_inprogress_4118 to /opt/src/hadoop-ozone/integration-test/target/test-dir/MiniOzoneClusterImpl-1994f8b8-dd4d-445c-bf25-0c6d40f9b14d/datanode-0/data/ratis/99d0acb8-99ce-4814-8259-30b6692cd68c/current/log_4118-4184
2019-06-14 08:43:05,920 DEBUG block.SCMBlockDeletingService (SCMBlockDeletingService.java:call(138)) - Running DeletedBlockTransactionScanner
2019-06-14 08:43:05,920 DEBUG block.SCMBlockDeletingService (SCMBlockDeletingService.java:call(155)) - Scanned deleted blocks log and got 0 delTX to process.
2019-06-14 08:43:05,925 INFO  storage.RaftLogWorker (RaftLogWorker.java:execute(469)) - 374189d0-76c5-49d2-81b4-45a4af1368a2-RaftLogWorker: created new log segment /opt/src/hadoop-ozone/integration-test/target/test-dir/MiniOzoneClusterImpl-1994f8b8-dd4d-445c-bf25-0c6d40f9b14d/datanode-0/data/ratis/99d0acb8-99ce-4814-8259-30b6692cd68c/current/log_inprogress_4185
2019-06-14 08:43:05,927 INFO  client.GrpcClientProtocolClient (GrpcClientProtocolClient.java:onNext(254)) - client-2EC808601240->374189d0-76c5-49d2-81b4-45a4af1368a2: receive RaftClientReply:client-2EC808601240->374189d0-76c5-49d2-81b4-45a4af1368a2@group-30B6692CD68C, cid=2494, SUCCESS, logIndex=4185, commits[374189d0-76c5-49d2-81b4-45a4af1368a2:c4187]
2019-06-14 08:43:05,927 INFO  client.GrpcClientProtocolClient (GrpcClientProtocolClient.java:onNext(254)) - client-2EC808601240->374189d0-76c5-49d2-81b4-45a4af1368a2: receive RaftClientReply:client-2EC808601240->374189d0-76c5-49d2-81b4-45a4af1368a2@group-30B6692CD68C, cid=2495, SUCCESS, logIndex=4186, commits[374189d0-76c5-49d2-81b4-45a4af1368a2:c4188]
2019-06-14 08:43:05,927 INFO  client.GrpcClientProtocolClient (GrpcClientProtocolClient.java:onNext(254)) - client-2EC808601240->374189d0-76c5-49d2-81b4-45a4af1368a2: receive RaftClientReply:client-2EC808601240->374189d0-76c5-49d2-81b4-45a4af1368a2@group-30B6692CD68C, cid=2496, SUCCESS, logIndex=4187, commits[374189d0-76c5-49d2-81b4-45a4af1368a2:c4188]
2019-06-14 08:43:05,937 INFO  client.GrpcClientProtocolClient (GrpcClientProtocolClient.java:onNext(254)) - client-2EC808601240->374189d0-76c5-49d2-81b4-45a4af1368a2: receive RaftClientReply:client-2EC808601240->374189d0-76c5-49d2-81b4-45a4af1368a2@group-30B6692CD68C, cid=2497, SUCCESS, logIndex=4189, commits[374189d0-76c5-49d2-81b4-45a4af1368a2:c4189]
2019-06-14 08:43:05,938 INFO  client.GrpcClientProtocolClient (GrpcClientProtocolClient.java:onNext(254)) - client-2EC808601240->374189d0-76c5-49d2-81b4-45a4af1368a2: receive RaftClientReply:client-2EC808601240->374189d0-76c5-49d2-81b4-45a4af1368a2@group-30B6692CD68C, cid=2498, SUCCESS, logIndex=4191, commits[374189d0-76c5-49d2-81b4-45a4af1368a2:c4191]
2019-06-14 08:43:05,939 INFO  client.GrpcClientProtocolClient (GrpcClientProtocolClient.java:onNext(254)) - client-2EC808601240->374189d0-76c5-49d2-81b4-45a4af1368a2: receive RaftClientReply:client-2EC808601240->374189d0-76c5-49d2-81b4-45a4af1368a2@group-30B6692CD68C, cid=2499, SUCCESS, logIndex=4192, commits[374189d0-76c5-49d2-81b4-45a4af1368a2:c4194]
2019-06-14 08:43:05,939 INFO  client.GrpcClientProtocolClient (GrpcClientProtocolClient.java:onNext(254)) - client-2EC808601240->374189d0-76c5-49d2-81b4-45a4af1368a2: receive RaftClientReply:client-2EC808601240->374189d0-76c5-49d2-81b4-45a4af1368a2@group-30B6692CD68C, cid=2500, SUCCESS, logIndex=4193, commits[374189d0-76c5-49d2-81b4-45a4af1368a2:c4194]
2019-06-14 08:43:05,945 INFO  client.GrpcClientProtocolClient (GrpcClientProtocolClient.java:onNext(254)) - client-2EC808601240->374189d0-76c5-49d2-81b4-45a4af1368a2: receive RaftClientReply:client-2EC808601240->374189d0-76c5-49d2-81b4-45a4af1368a2@group-30B6692CD68C, cid=2501, SUCCESS, logIndex=4195, commits[374189d0-76c5-49d2-81b4-45a4af1368a2:c4195]
2019-06-14 08:43:05,946 INFO  client.GrpcClientProtocolClient (GrpcClientProtocolClient.java:onNext(254)) - client-2EC808601240->374189d0-76c5-49d2-81b4-45a4af1368a2: receive RaftClientReply:client-2EC808601240->374189d0-76c5-49d2-81b4-45a4af1368a2@group-30B6692CD68C, cid=2502, SUCCESS, logIndex=4197, commits[374189d0-76c5-49d2-81b4-45a4af1368a2:c4197]
2019-06-14 08:43:05,947 INFO  client.GrpcClientProtocolClient (GrpcClientProtocolClient.java:onNext(254)) - client-2EC808601240->374189d0-76c5-49d2-81b4-45a4af1368a2: receive RaftClientReply:client-2EC808601240->374189d0-76c5-49d2-81b4-45a4af1368a2@group-30B6692CD68C, cid=2503, SUCCESS, logIndex=4198, commits[374189d0-76c5-49d2-81b4-45a4af1368a2:c4200]
2019-06-14 08:43:05,947 INFO  client.GrpcClientProtocolClient (GrpcClientProtocolClient.java:onNext(254)) - client-2EC808601240->374189d0-76c5-49d2-81b4-45a4af1368a2: receive RaftClientReply:client-2EC808601240->374189d0-76c5-49d2-81b4-45a4af1368a2@group-30B6692CD68C, cid=2504, SUCCESS, logIndex=4199, commits[374189d0-76c5-49d2-81b4-45a4af1368a2:c4200]
2019-06-14 08:43:05,956 INFO  client.GrpcClientProtocolClient (GrpcClientProtocolClient.java:onNext(254)) - client-2EC808601240->374189d0-76c5-49d2-81b4-45a4af1368a2: receive RaftClientReply:client-2EC808601240->374189d0-76c5-49d2-81b4-45a4af1368a2@group-30B6692CD68C, cid=2505, SUCCESS, logIndex=4201, commits[374189d0-76c5-49d2-81b4-45a4af1368a2:c4201]
2019-06-14 08:43:05,957 INFO  client.GrpcClientProtocolClient (GrpcClientProtocolClient.java:onNext(254)) - client-2EC808601240->374189d0-76c5-49d2-81b4-45a4af1368a2: receive RaftClientReply:client-2EC808601240->374189d0-76c5-49d2-81b4-45a4af1368a2@group-30B6692CD68C, cid=2506, SUCCESS, logIndex=4203, commits[374189d0-76c5-49d2-81b4-45a4af1368a2:c4203]
2019-06-14 08:43:05,959 INFO  client.GrpcClientProtocolClient (GrpcClientProtocolClient.java:onNext(254)) - client-2EC808601240->374189d0-76c5-49d2-81b4-45a4af1368a2: receive RaftClientReply:client-2EC808601240->374189d0-76c5-49d2-81b4-45a4af1368a2@group-30B6692CD68C, cid=2507, SUCCESS, logIndex=4204, commits[374189d0-76c5-49d2-81b4-45a4af1368a2:c4206]
2019-06-14 08:43:05,959 INFO  client.GrpcClientProtocolClient (GrpcClientProtocolClient.java:onNext(254)) - client-2EC808601240->374189d0-76c5-49d2-81b4-45a4af1368a2: receive RaftClientReply:client-2EC808601240->374189d0-76c5-49d2-81b4-45a4af1368a2@group-30B6692CD68C, cid=2508, SUCCESS, logIndex=4205, commits[374189d0-76c5-49d2-81b4-45a4af1368a2:c4206]
2019-06-14 08:43:05,964 INFO  client.GrpcClientProtocolClient (GrpcClientProtocolClient.java:onNext(254)) - client-2EC808601240->374189d0-76c5-49d2-81b4-45a4af1368a2: receive RaftClientReply:client-2EC808601240->374189d0-76c5-49d2-81b4-45a4af1368a2@group-30B6692CD68C, cid=2509, SUCCESS, logIndex=4207, commits[374189d0-76c5-49d2-81b4-45a4af1368a2:c4207]
2019-06-14 08:43:05,965 INFO  client.GrpcClientProtocolClient (GrpcClientProtocolClient.java:onNext(254)) - client-2EC808601240->374189d0-76c5-49d2-81b4-45a4af1368a2: receive RaftClientReply:client-2EC808601240->374189d0-76c5-49d2-81b4-45a4af1368a2@group-30B6692CD68C, cid=2510, SUCCESS, logIndex=4209, commits[374189d0-76c5-49d2-81b4-45a4af1368a2:c4209]
2019-06-14 08:43:05,966 INFO  client.GrpcClientProtocolClient (GrpcClientProtocolClient.java:onNext(254)) - client-2EC808601240->374189d0-76c5-49d2-81b4-45a4af1368a2: receive RaftClientReply:client-2EC808601240->374189d0-76c5-49d2-81b4-45a4af1368a2@group-30B6692CD68C, cid=2511, SUCCESS, logIndex=4210, commits[374189d0-76c5-49d2-81b4-45a4af1368a2:c4212]
2019-06-14 08:43:05,967 INFO  client.GrpcClientProtocolClient (GrpcClientProtocolClient.java:onNext(254)) - client-2EC808601240->374189d0-76c5-49d2-81b4-45a4af1368a2: receive RaftClientReply:client-2EC808601240->374189d0-76c5-49d2-81b4-45a4af1368a2@group-30B6692CD68C, cid=2512, SUCCESS, logIndex=4211, commits[374189d0-76c5-49d2-81b4-45a4af1368a2:c4212]
2019-06-14 08:43:05,975 INFO  client.GrpcClientProtocolClient (GrpcClientProtocolClient.java:onNext(254)) - client-2EC808601240->374189d0-76c5-49d2-81b4-45a4af1368a2: receive RaftClientReply:client-2EC808601240->374189d0-76c5-49d2-81b4-45a4af1368a2@group-30B6692CD68C, cid=2513, SUCCESS, logIndex=4213, commits[374189d0-76c5-49d2-81b4-45a4af1368a2:c4213]
2019-06-14 08:43:05,976 INFO  client.GrpcClientProtocolClient (GrpcClientProtocolClient.java:onNext(254)) - client-2EC808601240->374189d0-76c5-49d2-81b4-45a4af1368a2: receive RaftClientReply:client-2EC808601240->374189d0-76c5-49d2-81b4-45a4af1368a2@group-30B6692CD68C, cid=2514, SUCCESS, logIndex=4215, commits[374189d0-76c5-49d2-81b4-45a4af1368a2:c4215]
2019-06-14 08:43:05,978 INFO  client.GrpcClientProtocolClient (GrpcClientProtocolClient.java:onNext(254)) - client-2EC808601240->374189d0-76c5-49d2-81b4-45a4af1368a2: receive RaftClientReply:client-2EC808601240->374189d0-76c5-49d2-81b4-45a4af1368a2@group-30B6692CD68C, cid=2515, SUCCESS, logIndex=4217, commits[374189d0-76c5-49d2-81b4-45a4af1368a2:c4218]
2019-06-14 08:43:05,979 INFO  client.GrpcClientProtocolClient (GrpcClientProtocolClient.java:onNext(254)) - client-2EC808601240->374189d0-76c5-49d2-81b4-45a4af1368a2: receive RaftClientReply:client-2EC808601240->374189d0-76c5-49d2-81b4-45a4af1368a2@group-30B6692CD68C, cid=2516, SUCCESS, logIndex=4218, commits[374189d0-76c5-49d2-81b4-45a4af1368a2:c4218]
2019-06-14 08:43:06,021 DEBUG block.SCMBlockDeletingService (SCMBlockDeletingService.java:call(138)) - Running DeletedBlockTransactionScanner
2019-06-14 08:43:06,021 DEBUG block.SCMBlockDeletingService (SCMBlockDeletingService.java:call(155)) - Scanned deleted blocks log and got 0 delTX to process.
2019-06-14 08:43:06,022 INFO  client.GrpcClientProtocolClient (GrpcClientProtocolClient.java:onNext(254)) - client-2EC808601240->374189d0-76c5-49d2-81b4-45a4af1368a2: receive RaftClientReply:client-2EC808601240->374189d0-76c5-49d2-81b4-45a4af1368a2@group-30B6692CD68C, cid=2517, SUCCESS, logIndex=4220, commits[374189d0-76c5-49d2-81b4-45a4af1368a2:c4220]
2019-06-14 08:43:06,023 INFO  client.GrpcClientProtocolClient (GrpcClientProtocolClient.java:onNext(254)) - client-2EC808601240->374189d0-76c5-49d2-81b4-45a4af1368a2: receive RaftClientReply:client-2EC808601240->374189d0-76c5-49d2-81b4-45a4af1368a2@group-30B6692CD68C, cid=2518, SUCCESS, logIndex=4222, commits[374189d0-76c5-49d2-81b4-45a4af1368a2:c4222]
2019-06-14 08:43:06,091 INFO  client.GrpcClientProtocolClient (GrpcClientProtocolClient.java:onNext(254)) - client-2EC808601240->374189d0-76c5-49d2-81b4-45a4af1368a2: receive RaftClientReply:client-2EC808601240->374189d0-76c5-49d2-81b4-45a4af1368a2@group-30B6692CD68C, cid=2519, SUCCESS, logIndex=4224, commits[374189d0-76c5-49d2-81b4-45a4af1368a2:c4224]
2019-06-14 08:43:06,092 INFO  client.GrpcClientProtocolClient (GrpcClientProtocolClient.java:onNext(254)) - client-2EC808601240->374189d0-76c5-49d2-81b4-45a4af1368a2: receive RaftClientReply:client-2EC808601240->374189d0-76c5-49d2-81b4-45a4af1368a2@group-30B6692CD68C, cid=2520, SUCCESS, logIndex=4226, commits[374189d0-76c5-49d2-81b4-45a4af1368a2:c4226]
2019-06-14 08:43:06,101 INFO  client.GrpcClientProtocolClient (GrpcClientProtocolClient.java:onNext(254)) - client-2EC808601240->374189d0-76c5-49d2-81b4-45a4af1368a2: receive RaftClientReply:client-2EC808601240->374189d0-76c5-49d2-81b4-45a4af1368a2@group-30B6692CD68C, cid=2521, SUCCESS, logIndex=4228, commits[374189d0-76c5-49d2-81b4-45a4af1368a2:c4228]
2019-06-14 08:43:06,107 INFO  client.GrpcClientProtocolClient (GrpcClientProtocolClient.java:onNext(254)) - client-2EC808601240->374189d0-76c5-49d2-81b4-45a4af1368a2: receive RaftClientReply:client-2EC808601240->374189d0-76c5-49d2-81b4-45a4af1368a2@group-30B6692CD68C, cid=2522, SUCCESS, logIndex=4230, commits[374189d0-76c5-49d2-81b4-45a4af1368a2:c4230]
2019-06-14 08:43:06,107 INFO  client.GrpcClientProtocolClient (GrpcClientProtocolClient.java:onNext(254)) - client-2EC808601240->374189d0-76c5-49d2-81b4-45a4af1368a2: receive RaftClientReply:client-2EC808601240->374189d0-76c5-49d2-81b4-45a4af1368a2@group-30B6692CD68C, cid=2523, SUCCESS, logIndex=4231, commits[374189d0-76c5-49d2-81b4-45a4af1368a2:c4233]
2019-06-14 08:43:06,107 INFO  client.GrpcClientProtocolClient (GrpcClientProtocolClient.java:onNext(254)) - client-2EC808601240->374189d0-76c5-49d2-81b4-45a4af1368a2: receive RaftClientReply:client-2EC808601240->374189d0-76c5-49d2-81b4-45a4af1368a2@group-30B6692CD68C, cid=2524, SUCCESS, logIndex=4232, commits[374189d0-76c5-49d2-81b4-45a4af1368a2:c4233]
2019-06-14 08:43:06,112 INFO  client.GrpcClientProtocolClient (GrpcClientProtocolClient.java:onNext(254)) - client-2EC808601240->374189d0-76c5-49d2-81b4-45a4af1368a2: receive RaftClientReply:client-2EC808601240->374189d0-76c5-49d2-81b4-45a4af1368a2@group-30B6692CD68C, cid=2525, SUCCESS, logIndex=4234, commits[374189d0-76c5-49d2-81b4-45a4af1368a2:c4234]
2019-06-14 08:43:06,113 INFO  client.GrpcClientProtocolClient (GrpcClientProtocolClient.java:onNext(254)) - client-2EC808601240->374189d0-76c5-49d2-81b4-45a4af1368a2: receive RaftClientReply:client-2EC808601240->374189d0-76c5-49d2-81b4-45a4af1368a2@group-30B6692CD68C, cid=2526, SUCCESS, logIndex=4236, commits[374189d0-76c5-49d2-81b4-45a4af1368a2:c4236]
2019-06-14 08:43:06,114 INFO  client.GrpcClientProtocolClient (GrpcClientProtocolClient.java:onNext(254)) - client-2EC808601240->374189d0-76c5-49d2-81b4-45a4af1368a2: receive RaftClientReply:client-2EC808601240->374189d0-76c5-49d2-81b4-45a4af1368a2@group-30B6692CD68C, cid=2527, SUCCESS, logIndex=4237, commits[374189d0-76c5-49d2-81b4-45a4af1368a2:c4239]
2019-06-14 08:43:06,115 INFO  client.GrpcClientProtocolClient (GrpcClientProtocolClient.java:onNext(254)) - client-2EC808601240->374189d0-76c5-49d2-81b4-45a4af1368a2: receive RaftClientReply:client-2EC808601240->374189d0-76c5-49d2-81b4-45a4af1368a2@group-30B6692CD68C, cid=2528, SUCCESS, logIndex=4238, commits[374189d0-76c5-49d2-81b4-45a4af1368a2:c4239]
2019-06-14 08:43:06,121 DEBUG block.SCMBlockDeletingService (SCMBlockDeletingService.java:call(138)) - Running DeletedBlockTransactionScanner
2019-06-14 08:43:06,121 DEBUG block.SCMBlockDeletingService (SCMBlockDeletingService.java:call(155)) - Scanned deleted blocks log and got 0 delTX to process.
2019-06-14 08:43:06,124 INFO  client.GrpcClientProtocolClient (GrpcClientProtocolClient.java:onNext(254)) - client-2EC808601240->374189d0-76c5-49d2-81b4-45a4af1368a2: receive RaftClientReply:client-2EC808601240->374189d0-76c5-49d2-81b4-45a4af1368a2@group-30B6692CD68C, cid=2529, SUCCESS, logIndex=4240, commits[374189d0-76c5-49d2-81b4-45a4af1368a2:c4240]
2019-06-14 08:43:06,125 INFO  client.GrpcClientProtocolClient (GrpcClientProtocolClient.java:onNext(254)) - client-2EC808601240->374189d0-76c5-49d2-81b4-45a4af1368a2: receive RaftClientReply:client-2EC808601240->374189d0-76c5-49d2-81b4-45a4af1368a2@group-30B6692CD68C, cid=2530, SUCCESS, logIndex=4242, commits[374189d0-76c5-49d2-81b4-45a4af1368a2:c4242]
2019-06-14 08:43:06,126 INFO  client.GrpcClientProtocolClient (GrpcClientProtocolClient.java:onNext(254)) - client-2EC808601240->374189d0-76c5-49d2-81b4-45a4af1368a2: receive RaftClientReply:client-2EC808601240->374189d0-76c5-49d2-81b4-45a4af1368a2@group-30B6692CD68C, cid=2531, SUCCESS, logIndex=4243, commits[374189d0-76c5-49d2-81b4-45a4af1368a2:c4245]
2019-06-14 08:43:06,126 INFO  client.GrpcClientProtocolClient (GrpcClientProtocolClient.java:onNext(254)) - client-2EC808601240->374189d0-76c5-49d2-81b4-45a4af1368a2: receive RaftClientReply:client-2EC808601240->374189d0-76c5-49d2-81b4-45a4af1368a2@group-30B6692CD68C, cid=2532, SUCCESS, logIndex=4244, commits[374189d0-76c5-49d2-81b4-45a4af1368a2:c4245]
2019-06-14 08:43:06,134 INFO  client.GrpcClientProtocolClient (GrpcClientProtocolClient.java:onNext(254)) - client-2EC808601240->374189d0-76c5-49d2-81b4-45a4af1368a2: receive RaftClientReply:client-2EC808601240->374189d0-76c5-49d2-81b4-45a4af1368a2@group-30B6692CD68C, cid=2533, SUCCESS, logIndex=4246, commits[374189d0-76c5-49d2-81b4-45a4af1368a2:c4246]
2019-06-14 08:43:06,136 INFO  client.GrpcClientProtocolClient (GrpcClientProtocolClient.java:onNext(254)) - client-2EC808601240->374189d0-76c5-49d2-81b4-45a4af1368a2: receive RaftClientReply:client-2EC808601240->374189d0-76c5-49d2-81b4-45a4af1368a2@group-30B6692CD68C, cid=2534, SUCCESS, logIndex=4248, commits[374189d0-76c5-49d2-81b4-45a4af1368a2:c4248]
2019-06-14 08:43:06,137 INFO  client.GrpcClientProtocolClient (GrpcClientProtocolClient.java:onNext(254)) - client-2EC808601240->374189d0-76c5-49d2-81b4-45a4af1368a2: receive RaftClientReply:client-2EC808601240->374189d0-76c5-49d2-81b4-45a4af1368a2@group-30B6692CD68C, cid=2535, SUCCESS, logIndex=4249, commits[374189d0-76c5-49d2-81b4-45a4af1368a2:c4251]
2019-06-14 08:43:06,137 INFO  client.GrpcClientProtocolClient (GrpcClientProtocolClient.java:onNext(254)) - client-2EC808601240->374189d0-76c5-49d2-81b4-45a4af1368a2: receive RaftClientReply:client-2EC808601240->374189d0-76c5-49d2-81b4-45a4af1368a2@group-30B6692CD68C, cid=2536, SUCCESS, logIndex=4250, commits[374189d0-76c5-49d2-81b4-45a4af1368a2:c4251]
2019-06-14 08:43:06,144 INFO  storage.RaftLogWorker (RaftLogWorker.java:rollLogSegment(303)) - 374189d0-76c5-49d2-81b4-45a4af1368a2-RaftLogWorker: Rolling segment log-4185_4251 to index:4251
2019-06-14 08:43:06,144 INFO  storage.RaftLogWorker (RaftLogWorker.java:execute(433)) - 374189d0-76c5-49d2-81b4-45a4af1368a2-RaftLogWorker: Rolled log segment from /opt/src/hadoop-ozone/integration-test/target/test-dir/MiniOzoneClusterImpl-1994f8b8-dd4d-445c-bf25-0c6d40f9b14d/datanode-0/data/ratis/99d0acb8-99ce-4814-8259-30b6692cd68c/current/log_inprogress_4185 to /opt/src/hadoop-ozone/integration-test/target/test-dir/MiniOzoneClusterImpl-1994f8b8-dd4d-445c-bf25-0c6d40f9b14d/datanode-0/data/ratis/99d0acb8-99ce-4814-8259-30b6692cd68c/current/log_4185-4251
2019-06-14 08:43:06,181 INFO  storage.RaftLogWorker (RaftLogWorker.java:execute(469)) - 374189d0-76c5-49d2-81b4-45a4af1368a2-RaftLogWorker: created new log segment /opt/src/hadoop-ozone/integration-test/target/test-dir/MiniOzoneClusterImpl-1994f8b8-dd4d-445c-bf25-0c6d40f9b14d/datanode-0/data/ratis/99d0acb8-99ce-4814-8259-30b6692cd68c/current/log_inprogress_4252
2019-06-14 08:43:06,182 INFO  client.GrpcClientProtocolClient (GrpcClientProtocolClient.java:onNext(254)) - client-2EC808601240->374189d0-76c5-49d2-81b4-45a4af1368a2: receive RaftClientReply:client-2EC808601240->374189d0-76c5-49d2-81b4-45a4af1368a2@group-30B6692CD68C, cid=2537, SUCCESS, logIndex=4252, commits[374189d0-76c5-49d2-81b4-45a4af1368a2:c4252]
2019-06-14 08:43:06,183 INFO  client.GrpcClientProtocolClient (GrpcClientProtocolClient.java:onNext(254)) - client-2EC808601240->374189d0-76c5-49d2-81b4-45a4af1368a2: receive RaftClientReply:client-2EC808601240->374189d0-76c5-49d2-81b4-45a4af1368a2@group-30B6692CD68C, cid=2538, SUCCESS, logIndex=4254, commits[374189d0-76c5-49d2-81b4-45a4af1368a2:c4254]
2019-06-14 08:43:06,185 INFO  client.GrpcClientProtocolClient (GrpcClientProtocolClient.java:onNext(254)) - client-2EC808601240->374189d0-76c5-49d2-81b4-45a4af1368a2: receive RaftClientReply:client-2EC808601240->374189d0-76c5-49d2-81b4-45a4af1368a2@group-30B6692CD68C, cid=2539, SUCCESS, logIndex=4255, commits[374189d0-76c5-49d2-81b4-45a4af1368a2:c4257]
2019-06-14 08:43:06,185 INFO  client.GrpcClientProtocolClient (GrpcClientProtocolClient.java:onNext(254)) - client-2EC808601240->374189d0-76c5-49d2-81b4-45a4af1368a2: receive RaftClientReply:client-2EC808601240->374189d0-76c5-49d2-81b4-45a4af1368a2@group-30B6692CD68C, cid=2540, SUCCESS, logIndex=4256, commits[374189d0-76c5-49d2-81b4-45a4af1368a2:c4257]
2019-06-14 08:43:06,190 INFO  client.GrpcClientProtocolClient (GrpcClientProtocolClient.java:onNext(254)) - client-2EC808601240->374189d0-76c5-49d2-81b4-45a4af1368a2: receive RaftClientReply:client-2EC808601240->374189d0-76c5-49d2-81b4-45a4af1368a2@group-30B6692CD68C, cid=2541, SUCCESS, logIndex=4258, commits[374189d0-76c5-49d2-81b4-45a4af1368a2:c4258]
2019-06-14 08:43:06,191 INFO  client.GrpcClientProtocolClient (GrpcClientProtocolClient.java:onNext(254)) - client-2EC808601240->374189d0-76c5-49d2-81b4-45a4af1368a2: receive RaftClientReply:client-2EC808601240->374189d0-76c5-49d2-81b4-45a4af1368a2@group-30B6692CD68C, cid=2542, SUCCESS, logIndex=4260, commits[374189d0-76c5-49d2-81b4-45a4af1368a2:c4260]
2019-06-14 08:43:06,192 INFO  client.GrpcClientProtocolClient (GrpcClientProtocolClient.java:onNext(254)) - client-2EC808601240->374189d0-76c5-49d2-81b4-45a4af1368a2: receive RaftClientReply:client-2EC808601240->374189d0-76c5-49d2-81b4-45a4af1368a2@group-30B6692CD68C, cid=2543, SUCCESS, logIndex=4261, commits[374189d0-76c5-49d2-81b4-45a4af1368a2:c4263]
2019-06-14 08:43:06,193 INFO  client.GrpcClientProtocolClient (GrpcClientProtocolClient.java:onNext(254)) - client-2EC808601240->374189d0-76c5-49d2-81b4-45a4af1368a2: receive RaftClientReply:client-2EC808601240->374189d0-76c5-49d2-81b4-45a4af1368a2@group-30B6692CD68C, cid=2544, SUCCESS, logIndex=4262, commits[374189d0-76c5-49d2-81b4-45a4af1368a2:c4263]
2019-06-14 08:43:06,202 INFO  client.GrpcClientProtocolClient (GrpcClientProtocolClient.java:onNext(254)) - client-2EC808601240->374189d0-76c5-49d2-81b4-45a4af1368a2: receive RaftClientReply:client-2EC808601240->374189d0-76c5-49d2-81b4-45a4af1368a2@group-30B6692CD68C, cid=2545, SUCCESS, logIndex=4264, commits[374189d0-76c5-49d2-81b4-45a4af1368a2:c4264]
2019-06-14 08:43:06,203 INFO  client.GrpcClientProtocolClient (GrpcClientProtocolClient.java:onNext(254)) - client-2EC808601240->374189d0-76c5-49d2-81b4-45a4af1368a2: receive RaftClientReply:client-2EC808601240->374189d0-76c5-49d2-81b4-45a4af1368a2@group-30B6692CD68C, cid=2546, SUCCESS, logIndex=4266, commits[374189d0-76c5-49d2-81b4-45a4af1368a2:c4266]
2019-06-14 08:43:06,204 INFO  client.GrpcClientProtocolClient (GrpcClientProtocolClient.java:onNext(254)) - client-2EC808601240->374189d0-76c5-49d2-81b4-45a4af1368a2: receive RaftClientReply:client-2EC808601240->374189d0-76c5-49d2-81b4-45a4af1368a2@group-30B6692CD68C, cid=2547, SUCCESS, logIndex=4267, commits[374189d0-76c5-49d2-81b4-45a4af1368a2:c4269]
2019-06-14 08:43:06,204 INFO  client.GrpcClientProtocolClient (GrpcClientProtocolClient.java:onNext(254)) - client-2EC808601240->374189d0-76c5-49d2-81b4-45a4af1368a2: receive RaftClientReply:client-2EC808601240->374189d0-76c5-49d2-81b4-45a4af1368a2@group-30B6692CD68C, cid=2548, SUCCESS, logIndex=4268, commits[374189d0-76c5-49d2-81b4-45a4af1368a2:c4269]
2019-06-14 08:43:06,211 INFO  client.GrpcClientProtocolClient (GrpcClientProtocolClient.java:onNext(254)) - client-2EC808601240->374189d0-76c5-49d2-81b4-45a4af1368a2: receive RaftClientReply:client-2EC808601240->374189d0-76c5-49d2-81b4-45a4af1368a2@group-30B6692CD68C, cid=2549, SUCCESS, logIndex=4270, commits[374189d0-76c5-49d2-81b4-45a4af1368a2:c4270]
2019-06-14 08:43:06,211 INFO  client.GrpcClientProtocolClient (GrpcClientProtocolClient.java:onNext(254)) - client-2EC808601240->374189d0-76c5-49d2-81b4-45a4af1368a2: receive RaftClientReply:client-2EC808601240->374189d0-76c5-49d2-81b4-45a4af1368a2@group-30B6692CD68C, cid=2550, SUCCESS, logIndex=4272, commits[374189d0-76c5-49d2-81b4-45a4af1368a2:c4272]
2019-06-14 08:43:06,212 INFO  client.GrpcClientProtocolClient (GrpcClientProtocolClient.java:onNext(254)) - client-2EC808601240->374189d0-76c5-49d2-81b4-45a4af1368a2: receive RaftClientReply:client-2EC808601240->374189d0-76c5-49d2-81b4-45a4af1368a2@group-30B6692CD68C, cid=2551, SUCCESS, logIndex=4273, commits[374189d0-76c5-49d2-81b4-45a4af1368a2:c4275]
2019-06-14 08:43:06,212 INFO  client.GrpcClientProtocolClient (GrpcClientProtocolClient.java:onNext(254)) - client-2EC808601240->374189d0-76c5-49d2-81b4-45a4af1368a2: receive RaftClientReply:client-2EC808601240->374189d0-76c5-49d2-81b4-45a4af1368a2@group-30B6692CD68C, cid=2552, SUCCESS, logIndex=4274, commits[374189d0-76c5-49d2-81b4-45a4af1368a2:c4275]
2019-06-14 08:43:06,221 DEBUG block.SCMBlockDeletingService (SCMBlockDeletingService.java:call(138)) - Running DeletedBlockTransactionScanner
2019-06-14 08:43:06,222 INFO  client.GrpcClientProtocolClient (GrpcClientProtocolClient.java:onNext(254)) - client-2EC808601240->374189d0-76c5-49d2-81b4-45a4af1368a2: receive RaftClientReply:client-2EC808601240->374189d0-76c5-49d2-81b4-45a4af1368a2@group-30B6692CD68C, cid=2553, SUCCESS, logIndex=4276, commits[374189d0-76c5-49d2-81b4-45a4af1368a2:c4276]
2019-06-14 08:43:06,222 DEBUG block.SCMBlockDeletingService (SCMBlockDeletingService.java:call(155)) - Scanned deleted blocks log and got 0 delTX to process.
2019-06-14 08:43:06,226 INFO  client.GrpcClientProtocolClient (GrpcClientProtocolClient.java:onNext(254)) - client-2EC808601240->374189d0-76c5-49d2-81b4-45a4af1368a2: receive RaftClientReply:client-2EC808601240->374189d0-76c5-49d2-81b4-45a4af1368a2@group-30B6692CD68C, cid=2554, SUCCESS, logIndex=4278, commits[374189d0-76c5-49d2-81b4-45a4af1368a2:c4278]
2019-06-14 08:43:06,226 INFO  client.GrpcClientProtocolClient (GrpcClientProtocolClient.java:onNext(254)) - client-2EC808601240->374189d0-76c5-49d2-81b4-45a4af1368a2: receive RaftClientReply:client-2EC808601240->374189d0-76c5-49d2-81b4-45a4af1368a2@group-30B6692CD68C, cid=2555, SUCCESS, logIndex=4279, commits[374189d0-76c5-49d2-81b4-45a4af1368a2:c4281]
2019-06-14 08:43:06,227 INFO  client.GrpcClientProtocolClient (GrpcClientProtocolClient.java:onNext(254)) - client-2EC808601240->374189d0-76c5-49d2-81b4-45a4af1368a2: receive RaftClientReply:client-2EC808601240->374189d0-76c5-49d2-81b4-45a4af1368a2@group-30B6692CD68C, cid=2556, SUCCESS, logIndex=4281, commits[374189d0-76c5-49d2-81b4-45a4af1368a2:c4281]
2019-06-14 08:43:06,231 INFO  client.GrpcClientProtocolClient (GrpcClientProtocolClient.java:onNext(254)) - client-2EC808601240->374189d0-76c5-49d2-81b4-45a4af1368a2: receive RaftClientReply:client-2EC808601240->374189d0-76c5-49d2-81b4-45a4af1368a2@group-30B6692CD68C, cid=2557, SUCCESS, logIndex=4283, commits[374189d0-76c5-49d2-81b4-45a4af1368a2:c4283]
2019-06-14 08:43:06,233 INFO  client.GrpcClientProtocolClient (GrpcClientProtocolClient.java:onNext(254)) - client-2EC808601240->374189d0-76c5-49d2-81b4-45a4af1368a2: receive RaftClientReply:client-2EC808601240->374189d0-76c5-49d2-81b4-45a4af1368a2@group-30B6692CD68C, cid=2558, SUCCESS, logIndex=4285, commits[374189d0-76c5-49d2-81b4-45a4af1368a2:c4285]
2019-06-14 08:43:06,234 INFO  client.GrpcClientProtocolClient (GrpcClientProtocolClient.java:onNext(254)) - client-2EC808601240->374189d0-76c5-49d2-81b4-45a4af1368a2: receive RaftClientReply:client-2EC808601240->374189d0-76c5-49d2-81b4-45a4af1368a2@group-30B6692CD68C, cid=2559, SUCCESS, logIndex=4286, commits[374189d0-76c5-49d2-81b4-45a4af1368a2:c4288]
2019-06-14 08:43:06,234 INFO  client.GrpcClientProtocolClient (GrpcClientProtocolClient.java:onNext(254)) - client-2EC808601240->374189d0-76c5-49d2-81b4-45a4af1368a2: receive RaftClientReply:client-2EC808601240->374189d0-76c5-49d2-81b4-45a4af1368a2@group-30B6692CD68C, cid=2560, SUCCESS, logIndex=4287, commits[374189d0-76c5-49d2-81b4-45a4af1368a2:c4288]
2019-06-14 08:43:06,246 INFO  client.GrpcClientProtocolClient (GrpcClientProtocolClient.java:onNext(254)) - client-2EC808601240->374189d0-76c5-49d2-81b4-45a4af1368a2: receive RaftClientReply:client-2EC808601240->374189d0-76c5-49d2-81b4-45a4af1368a2@group-30B6692CD68C, cid=2561, SUCCESS, logIndex=4289, commits[374189d0-76c5-49d2-81b4-45a4af1368a2:c4289]
2019-06-14 08:43:06,247 INFO  client.GrpcClientProtocolClient (GrpcClientProtocolClient.java:onNext(254)) - client-2EC808601240->374189d0-76c5-49d2-81b4-45a4af1368a2: receive RaftClientReply:client-2EC808601240->374189d0-76c5-49d2-81b4-45a4af1368a2@group-30B6692CD68C, cid=2562, SUCCESS, logIndex=4291, commits[374189d0-76c5-49d2-81b4-45a4af1368a2:c4291]
2019-06-14 08:43:06,248 INFO  client.GrpcClientProtocolClient (GrpcClientProtocolClient.java:onNext(254)) - client-2EC808601240->374189d0-76c5-49d2-81b4-45a4af1368a2: receive RaftClientReply:client-2EC808601240->374189d0-76c5-49d2-81b4-45a4af1368a2@group-30B6692CD68C, cid=2563, SUCCESS, logIndex=4292, commits[374189d0-76c5-49d2-81b4-45a4af1368a2:c4294]
2019-06-14 08:43:06,249 INFO  client.GrpcClientProtocolClient (GrpcClientProtocolClient.java:onNext(254)) - client-2EC808601240->374189d0-76c5-49d2-81b4-45a4af1368a2: receive RaftClientReply:client-2EC808601240->374189d0-76c5-49d2-81b4-45a4af1368a2@group-30B6692CD68C, cid=2564, SUCCESS, logIndex=4293, commits[374189d0-76c5-49d2-81b4-45a4af1368a2:c4294]
2019-06-14 08:43:06,322 DEBUG block.SCMBlockDeletingService (SCMBlockDeletingService.java:call(138)) - Running DeletedBlockTransactionScanner
2019-06-14 08:43:06,322 DEBUG block.SCMBlockDeletingService (SCMBlockDeletingService.java:call(155)) - Scanned deleted blocks log and got 0 delTX to process.
2019-06-14 08:43:06,349 INFO  client.GrpcClientProtocolClient (GrpcClientProtocolClient.java:onNext(254)) - client-2EC808601240->374189d0-76c5-49d2-81b4-45a4af1368a2: receive RaftClientReply:client-2EC808601240->374189d0-76c5-49d2-81b4-45a4af1368a2@group-30B6692CD68C, cid=2565, SUCCESS, logIndex=4295, commits[374189d0-76c5-49d2-81b4-45a4af1368a2:c4295]
2019-06-14 08:43:06,351 INFO  client.GrpcClientProtocolClient (GrpcClientProtocolClient.java:onNext(254)) - client-2EC808601240->374189d0-76c5-49d2-81b4-45a4af1368a2: receive RaftClientReply:client-2EC808601240->374189d0-76c5-49d2-81b4-45a4af1368a2@group-30B6692CD68C, cid=2566, SUCCESS, logIndex=4297, commits[374189d0-76c5-49d2-81b4-45a4af1368a2:c4297]
2019-06-14 08:43:06,352 INFO  client.GrpcClientProtocolClient (GrpcClientProtocolClient.java:onNext(254)) - client-2EC808601240->374189d0-76c5-49d2-81b4-45a4af1368a2: receive RaftClientReply:client-2EC808601240->374189d0-76c5-49d2-81b4-45a4af1368a2@group-30B6692CD68C, cid=2567, SUCCESS, logIndex=4298, commits[374189d0-76c5-49d2-81b4-45a4af1368a2:c4300]
2019-06-14 08:43:06,352 INFO  client.GrpcClientProtocolClient (GrpcClientProtocolClient.java:onNext(254)) - client-2EC808601240->374189d0-76c5-49d2-81b4-45a4af1368a2: receive RaftClientReply:client-2EC808601240->374189d0-76c5-49d2-81b4-45a4af1368a2@group-30B6692CD68C, cid=2568, SUCCESS, logIndex=4299, commits[374189d0-76c5-49d2-81b4-45a4af1368a2:c4300]
2019-06-14 08:43:06,361 INFO  client.GrpcClientProtocolClient (GrpcClientProtocolClient.java:onNext(254)) - client-2EC808601240->374189d0-76c5-49d2-81b4-45a4af1368a2: receive RaftClientReply:client-2EC808601240->374189d0-76c5-49d2-81b4-45a4af1368a2@group-30B6692CD68C, cid=2569, SUCCESS, logIndex=4301, commits[374189d0-76c5-49d2-81b4-45a4af1368a2:c4301]
2019-06-14 08:43:06,363 INFO  client.GrpcClientProtocolClient (GrpcClientProtocolClient.java:onNext(254)) - client-2EC808601240->374189d0-76c5-49d2-81b4-45a4af1368a2: receive RaftClientReply:client-2EC808601240->374189d0-76c5-49d2-81b4-45a4af1368a2@group-30B6692CD68C, cid=2570, SUCCESS, logIndex=4303, commits[374189d0-76c5-49d2-81b4-45a4af1368a2:c4303]
2019-06-14 08:43:06,364 INFO  client.GrpcClientProtocolClient (GrpcClientProtocolClient.java:onNext(254)) - client-2EC808601240->374189d0-76c5-49d2-81b4-45a4af1368a2: receive RaftClientReply:client-2EC808601240->374189d0-76c5-49d2-81b4-45a4af1368a2@group-30B6692CD68C, cid=2571, SUCCESS, logIndex=4304, commits[374189d0-76c5-49d2-81b4-45a4af1368a2:c4306]
2019-06-14 08:43:06,364 INFO  client.GrpcClientProtocolClient (GrpcClientProtocolClient.java:onNext(254)) - client-2EC808601240->374189d0-76c5-49d2-81b4-45a4af1368a2: receive RaftClientReply:client-2EC808601240->374189d0-76c5-49d2-81b4-45a4af1368a2@group-30B6692CD68C, cid=2572, SUCCESS, logIndex=4305, commits[374189d0-76c5-49d2-81b4-45a4af1368a2:c4306]
2019-06-14 08:43:06,369 INFO  client.GrpcClientProtocolClient (GrpcClientProtocolClient.java:onNext(254)) - client-2EC808601240->374189d0-76c5-49d2-81b4-45a4af1368a2: receive RaftClientReply:client-2EC808601240->374189d0-76c5-49d2-81b4-45a4af1368a2@group-30B6692CD68C, cid=2573, SUCCESS, logIndex=4307, commits[374189d0-76c5-49d2-81b4-45a4af1368a2:c4307]
2019-06-14 08:43:06,371 INFO  client.GrpcClientProtocolClient (GrpcClientProtocolClient.java:onNext(254)) - client-2EC808601240->374189d0-76c5-49d2-81b4-45a4af1368a2: receive RaftClientReply:client-2EC808601240->374189d0-76c5-49d2-81b4-45a4af1368a2@group-30B6692CD68C, cid=2574, SUCCESS, logIndex=4309, commits[374189d0-76c5-49d2-81b4-45a4af1368a2:c4309]
2019-06-14 08:43:06,371 INFO  client.GrpcClientProtocolClient (GrpcClientProtocolClient.java:onNext(254)) - client-2EC808601240->374189d0-76c5-49d2-81b4-45a4af1368a2: receive RaftClientReply:client-2EC808601240->374189d0-76c5-49d2-81b4-45a4af1368a2@group-30B6692CD68C, cid=2575, SUCCESS, logIndex=4310, commits[374189d0-76c5-49d2-81b4-45a4af1368a2:c4311]
2019-06-14 08:43:06,372 INFO  client.GrpcClientProtocolClient (GrpcClientProtocolClient.java:onNext(254)) - client-2EC808601240->374189d0-76c5-49d2-81b4-45a4af1368a2: receive RaftClientReply:client-2EC808601240->374189d0-76c5-49d2-81b4-45a4af1368a2@group-30B6692CD68C, cid=2576, SUCCESS, logIndex=4311, commits[374189d0-76c5-49d2-81b4-45a4af1368a2:c4311]
2019-06-14 08:43:06,381 INFO  client.GrpcClientProtocolClient (GrpcClientProtocolClient.java:onNext(254)) - client-2EC808601240->374189d0-76c5-49d2-81b4-45a4af1368a2: receive RaftClientReply:client-2EC808601240->374189d0-76c5-49d2-81b4-45a4af1368a2@group-30B6692CD68C, cid=2577, SUCCESS, logIndex=4314, commits[374189d0-76c5-49d2-81b4-45a4af1368a2:c4314]
2019-06-14 08:43:06,383 INFO  client.GrpcClientProtocolClient (GrpcClientProtocolClient.java:onNext(254)) - client-2EC808601240->374189d0-76c5-49d2-81b4-45a4af1368a2: receive RaftClientReply:client-2EC808601240->374189d0-76c5-49d2-81b4-45a4af1368a2@group-30B6692CD68C, cid=2578, SUCCESS, logIndex=4316, commits[374189d0-76c5-49d2-81b4-45a4af1368a2:c4316]
2019-06-14 08:43:06,383 INFO  client.GrpcClientProtocolClient (GrpcClientProtocolClient.java:onNext(254)) - client-2EC808601240->374189d0-76c5-49d2-81b4-45a4af1368a2: receive RaftClientReply:client-2EC808601240->374189d0-76c5-49d2-81b4-45a4af1368a2@group-30B6692CD68C, cid=2579, SUCCESS, logIndex=4317, commits[374189d0-76c5-49d2-81b4-45a4af1368a2:c4318]
2019-06-14 08:43:06,384 INFO  client.GrpcClientProtocolClient (GrpcClientProtocolClient.java:onNext(254)) - client-2EC808601240->374189d0-76c5-49d2-81b4-45a4af1368a2: receive RaftClientReply:client-2EC808601240->374189d0-76c5-49d2-81b4-45a4af1368a2@group-30B6692CD68C, cid=2580, SUCCESS, logIndex=4318, commits[374189d0-76c5-49d2-81b4-45a4af1368a2:c4318]
2019-06-14 08:43:06,386 INFO  storage.RaftLogWorker (RaftLogWorker.java:rollLogSegment(303)) - 374189d0-76c5-49d2-81b4-45a4af1368a2-RaftLogWorker: Rolling segment log-4252_4320 to index:4320
2019-06-14 08:43:06,387 INFO  storage.RaftLogWorker (RaftLogWorker.java:execute(433)) - 374189d0-76c5-49d2-81b4-45a4af1368a2-RaftLogWorker: Rolled log segment from /opt/src/hadoop-ozone/integration-test/target/test-dir/MiniOzoneClusterImpl-1994f8b8-dd4d-445c-bf25-0c6d40f9b14d/datanode-0/data/ratis/99d0acb8-99ce-4814-8259-30b6692cd68c/current/log_inprogress_4252 to /opt/src/hadoop-ozone/integration-test/target/test-dir/MiniOzoneClusterImpl-1994f8b8-dd4d-445c-bf25-0c6d40f9b14d/datanode-0/data/ratis/99d0acb8-99ce-4814-8259-30b6692cd68c/current/log_4252-4320
2019-06-14 08:43:06,422 INFO  storage.RaftLogWorker (RaftLogWorker.java:execute(469)) - 374189d0-76c5-49d2-81b4-45a4af1368a2-RaftLogWorker: created new log segment /opt/src/hadoop-ozone/integration-test/target/test-dir/MiniOzoneClusterImpl-1994f8b8-dd4d-445c-bf25-0c6d40f9b14d/datanode-0/data/ratis/99d0acb8-99ce-4814-8259-30b6692cd68c/current/log_inprogress_4321
2019-06-14 08:43:06,422 DEBUG block.SCMBlockDeletingService (SCMBlockDeletingService.java:call(138)) - Running DeletedBlockTransactionScanner
2019-06-14 08:43:06,423 DEBUG block.SCMBlockDeletingService (SCMBlockDeletingService.java:call(155)) - Scanned deleted blocks log and got 0 delTX to process.
2019-06-14 08:43:06,424 INFO  client.GrpcClientProtocolClient (GrpcClientProtocolClient.java:onNext(254)) - client-2EC808601240->374189d0-76c5-49d2-81b4-45a4af1368a2: receive RaftClientReply:client-2EC808601240->374189d0-76c5-49d2-81b4-45a4af1368a2@group-30B6692CD68C, cid=2581, SUCCESS, logIndex=4321, commits[374189d0-76c5-49d2-81b4-45a4af1368a2:c4321]
2019-06-14 08:43:06,425 INFO  client.GrpcClientProtocolClient (GrpcClientProtocolClient.java:onNext(254)) - client-2EC808601240->374189d0-76c5-49d2-81b4-45a4af1368a2: receive RaftClientReply:client-2EC808601240->374189d0-76c5-49d2-81b4-45a4af1368a2@group-30B6692CD68C, cid=2582, SUCCESS, logIndex=4323, commits[374189d0-76c5-49d2-81b4-45a4af1368a2:c4323]
2019-06-14 08:43:06,426 INFO  client.GrpcClientProtocolClient (GrpcClientProtocolClient.java:onNext(254)) - client-2EC808601240->374189d0-76c5-49d2-81b4-45a4af1368a2: receive RaftClientReply:client-2EC808601240->374189d0-76c5-49d2-81b4-45a4af1368a2@group-30B6692CD68C, cid=2583, SUCCESS, logIndex=4324, commits[374189d0-76c5-49d2-81b4-45a4af1368a2:c4326]
2019-06-14 08:43:06,426 INFO  client.GrpcClientProtocolClient (GrpcClientProtocolClient.java:onNext(254)) - client-2EC808601240->374189d0-76c5-49d2-81b4-45a4af1368a2: receive RaftClientReply:client-2EC808601240->374189d0-76c5-49d2-81b4-45a4af1368a2@group-30B6692CD68C, cid=2584, SUCCESS, logIndex=4325, commits[374189d0-76c5-49d2-81b4-45a4af1368a2:c4326]
2019-06-14 08:43:06,435 INFO  client.GrpcClientProtocolClient (GrpcClientProtocolClient.java:onNext(254)) - client-2EC808601240->374189d0-76c5-49d2-81b4-45a4af1368a2: receive RaftClientReply:client-2EC808601240->374189d0-76c5-49d2-81b4-45a4af1368a2@group-30B6692CD68C, cid=2585, SUCCESS, logIndex=4327, commits[374189d0-76c5-49d2-81b4-45a4af1368a2:c4327]
2019-06-14 08:43:06,436 INFO  client.GrpcClientProtocolClient (GrpcClientProtocolClient.java:onNext(254)) - client-2EC808601240->374189d0-76c5-49d2-81b4-45a4af1368a2: receive RaftClientReply:client-2EC808601240->374189d0-76c5-49d2-81b4-45a4af1368a2@group-30B6692CD68C, cid=2586, SUCCESS, logIndex=4329, commits[374189d0-76c5-49d2-81b4-45a4af1368a2:c4329]
2019-06-14 08:43:06,438 INFO  client.GrpcClientProtocolClient (GrpcClientProtocolClient.java:onNext(254)) - client-2EC808601240->374189d0-76c5-49d2-81b4-45a4af1368a2: receive RaftClientReply:client-2EC808601240->374189d0-76c5-49d2-81b4-45a4af1368a2@group-30B6692CD68C, cid=2587, SUCCESS, logIndex=4330, commits[374189d0-76c5-49d2-81b4-45a4af1368a2:c4332]
2019-06-14 08:43:06,438 INFO  client.GrpcClientProtocolClient (GrpcClientProtocolClient.java:onNext(254)) - client-2EC808601240->374189d0-76c5-49d2-81b4-45a4af1368a2: receive RaftClientReply:client-2EC808601240->374189d0-76c5-49d2-81b4-45a4af1368a2@group-30B6692CD68C, cid=2588, SUCCESS, logIndex=4331, commits[374189d0-76c5-49d2-81b4-45a4af1368a2:c4332]
2019-06-14 08:43:06,443 INFO  client.GrpcClientProtocolClient (GrpcClientProtocolClient.java:onNext(254)) - client-2EC808601240->374189d0-76c5-49d2-81b4-45a4af1368a2: receive RaftClientReply:client-2EC808601240->374189d0-76c5-49d2-81b4-45a4af1368a2@group-30B6692CD68C, cid=2589, SUCCESS, logIndex=4333, commits[374189d0-76c5-49d2-81b4-45a4af1368a2:c4333]
2019-06-14 08:43:06,444 INFO  client.GrpcClientProtocolClient (GrpcClientProtocolClient.java:onNext(254)) - client-2EC808601240->374189d0-76c5-49d2-81b4-45a4af1368a2: receive RaftClientReply:client-2EC808601240->374189d0-76c5-49d2-81b4-45a4af1368a2@group-30B6692CD68C, cid=2590, SUCCESS, logIndex=4335, commits[374189d0-76c5-49d2-81b4-45a4af1368a2:c4335]
2019-06-14 08:43:06,445 INFO  client.GrpcClientProtocolClient (GrpcClientProtocolClient.java:onNext(254)) - client-2EC808601240->374189d0-76c5-49d2-81b4-45a4af1368a2: receive RaftClientReply:client-2EC808601240->374189d0-76c5-49d2-81b4-45a4af1368a2@group-30B6692CD68C, cid=2591, SUCCESS, logIndex=4336, commits[374189d0-76c5-49d2-81b4-45a4af1368a2:c4338]
2019-06-14 08:43:06,446 INFO  client.GrpcClientProtocolClient (GrpcClientProtocolClient.java:onNext(254)) - client-2EC808601240->374189d0-76c5-49d2-81b4-45a4af1368a2: receive RaftClientReply:client-2EC808601240->374189d0-76c5-49d2-81b4-45a4af1368a2@group-30B6692CD68C, cid=2592, SUCCESS, logIndex=4337, commits[374189d0-76c5-49d2-81b4-45a4af1368a2:c4338]
2019-06-14 08:43:06,454 INFO  client.GrpcClientProtocolClient (GrpcClientProtocolClient.java:onNext(254)) - client-2EC808601240->374189d0-76c5-49d2-81b4-45a4af1368a2: receive RaftClientReply:client-2EC808601240->374189d0-76c5-49d2-81b4-45a4af1368a2@group-30B6692CD68C, cid=2593, SUCCESS, logIndex=4339, commits[374189d0-76c5-49d2-81b4-45a4af1368a2:c4339]
2019-06-14 08:43:06,455 INFO  client.GrpcClientProtocolClient (GrpcClientProtocolClient.java:onNext(254)) - client-2EC808601240->374189d0-76c5-49d2-81b4-45a4af1368a2: receive RaftClientReply:client-2EC808601240->374189d0-76c5-49d2-81b4-45a4af1368a2@group-30B6692CD68C, cid=2594, SUCCESS, logIndex=4341, commits[374189d0-76c5-49d2-81b4-45a4af1368a2:c4341]
2019-06-14 08:43:06,457 INFO  client.GrpcClientProtocolClient (GrpcClientProtocolClient.java:onNext(254)) - client-2EC808601240->374189d0-76c5-49d2-81b4-45a4af1368a2: receive RaftClientReply:client-2EC808601240->374189d0-76c5-49d2-81b4-45a4af1368a2@group-30B6692CD68C, cid=2595, SUCCESS, logIndex=4342, commits[374189d0-76c5-49d2-81b4-45a4af1368a2:c4344]
2019-06-14 08:43:06,457 INFO  client.GrpcClientProtocolClient (GrpcClientProtocolClient.java:onNext(254)) - client-2EC808601240->374189d0-76c5-49d2-81b4-45a4af1368a2: receive RaftClientReply:client-2EC808601240->374189d0-76c5-49d2-81b4-45a4af1368a2@group-30B6692CD68C, cid=2596, SUCCESS, logIndex=4343, commits[374189d0-76c5-49d2-81b4-45a4af1368a2:c4344]
2019-06-14 08:43:06,462 INFO  client.GrpcClientProtocolClient (GrpcClientProtocolClient.java:onNext(254)) - client-2EC808601240->374189d0-76c5-49d2-81b4-45a4af1368a2: receive RaftClientReply:client-2EC808601240->374189d0-76c5-49d2-81b4-45a4af1368a2@group-30B6692CD68C, cid=2597, SUCCESS, logIndex=4345, commits[374189d0-76c5-49d2-81b4-45a4af1368a2:c4345]
2019-06-14 08:43:06,463 INFO  client.GrpcClientProtocolClient (GrpcClientProtocolClient.java:onNext(254)) - client-2EC808601240->374189d0-76c5-49d2-81b4-45a4af1368a2: receive RaftClientReply:client-2EC808601240->374189d0-76c5-49d2-81b4-45a4af1368a2@group-30B6692CD68C, cid=2598, SUCCESS, logIndex=4347, commits[374189d0-76c5-49d2-81b4-45a4af1368a2:c4347]
2019-06-14 08:43:06,464 INFO  client.GrpcClientProtocolClient (GrpcClientProtocolClient.java:onNext(254)) - client-2EC808601240->374189d0-76c5-49d2-81b4-45a4af1368a2: receive RaftClientReply:client-2EC808601240->374189d0-76c5-49d2-81b4-45a4af1368a2@group-30B6692CD68C, cid=2599, SUCCESS, logIndex=4348, commits[374189d0-76c5-49d2-81b4-45a4af1368a2:c4350]
2019-06-14 08:43:06,465 INFO  client.GrpcClientProtocolClient (GrpcClientProtocolClient.java:onNext(254)) - client-2EC808601240->374189d0-76c5-49d2-81b4-45a4af1368a2: receive RaftClientReply:client-2EC808601240->374189d0-76c5-49d2-81b4-45a4af1368a2@group-30B6692CD68C, cid=2600, SUCCESS, logIndex=4349, commits[374189d0-76c5-49d2-81b4-45a4af1368a2:c4350]
2019-06-14 08:43:06,517 INFO  client.GrpcClientProtocolClient (GrpcClientProtocolClient.java:onNext(254)) - client-2EC808601240->374189d0-76c5-49d2-81b4-45a4af1368a2: receive RaftClientReply:client-2EC808601240->374189d0-76c5-49d2-81b4-45a4af1368a2@group-30B6692CD68C, cid=2601, SUCCESS, logIndex=4351, commits[374189d0-76c5-49d2-81b4-45a4af1368a2:c4351]
2019-06-14 08:43:06,519 INFO  client.GrpcClientProtocolClient (GrpcClientProtocolClient.java:onNext(254)) - client-2EC808601240->374189d0-76c5-49d2-81b4-45a4af1368a2: receive RaftClientReply:client-2EC808601240->374189d0-76c5-49d2-81b4-45a4af1368a2@group-30B6692CD68C, cid=2602, SUCCESS, logIndex=4353, commits[374189d0-76c5-49d2-81b4-45a4af1368a2:c4353]
2019-06-14 08:43:06,520 INFO  client.GrpcClientProtocolClient (GrpcClientProtocolClient.java:onNext(254)) - client-2EC808601240->374189d0-76c5-49d2-81b4-45a4af1368a2: receive RaftClientReply:client-2EC808601240->374189d0-76c5-49d2-81b4-45a4af1368a2@group-30B6692CD68C, cid=2603, SUCCESS, logIndex=4354, commits[374189d0-76c5-49d2-81b4-45a4af1368a2:c4356]
2019-06-14 08:43:06,520 INFO  client.GrpcClientProtocolClient (GrpcClientProtocolClient.java:onNext(254)) - client-2EC808601240->374189d0-76c5-49d2-81b4-45a4af1368a2: receive RaftClientReply:client-2EC808601240->374189d0-76c5-49d2-81b4-45a4af1368a2@group-30B6692CD68C, cid=2604, SUCCESS, logIndex=4355, commits[374189d0-76c5-49d2-81b4-45a4af1368a2:c4356]
2019-06-14 08:43:06,523 DEBUG block.SCMBlockDeletingService (SCMBlockDeletingService.java:call(138)) - Running DeletedBlockTransactionScanner
2019-06-14 08:43:06,523 DEBUG block.SCMBlockDeletingService (SCMBlockDeletingService.java:call(155)) - Scanned deleted blocks log and got 0 delTX to process.
2019-06-14 08:43:06,528 INFO  client.GrpcClientProtocolClient (GrpcClientProtocolClient.java:onNext(254)) - client-2EC808601240->374189d0-76c5-49d2-81b4-45a4af1368a2: receive RaftClientReply:client-2EC808601240->374189d0-76c5-49d2-81b4-45a4af1368a2@group-30B6692CD68C, cid=2605, SUCCESS, logIndex=4357, commits[374189d0-76c5-49d2-81b4-45a4af1368a2:c4357]
2019-06-14 08:43:06,529 INFO  client.GrpcClientProtocolClient (GrpcClientProtocolClient.java:onNext(254)) - client-2EC808601240->374189d0-76c5-49d2-81b4-45a4af1368a2: receive RaftClientReply:client-2EC808601240->374189d0-76c5-49d2-81b4-45a4af1368a2@group-30B6692CD68C, cid=2606, SUCCESS, logIndex=4359, commits[374189d0-76c5-49d2-81b4-45a4af1368a2:c4359]
2019-06-14 08:43:06,530 INFO  client.GrpcClientProtocolClient (GrpcClientProtocolClient.java:onNext(254)) - client-2EC808601240->374189d0-76c5-49d2-81b4-45a4af1368a2: receive RaftClientReply:client-2EC808601240->374189d0-76c5-49d2-81b4-45a4af1368a2@group-30B6692CD68C, cid=2607, SUCCESS, logIndex=4360, commits[374189d0-76c5-49d2-81b4-45a4af1368a2:c4362]
2019-06-14 08:43:06,531 INFO  client.GrpcClientProtocolClient (GrpcClientProtocolClient.java:onNext(254)) - client-2EC808601240->374189d0-76c5-49d2-81b4-45a4af1368a2: receive RaftClientReply:client-2EC808601240->374189d0-76c5-49d2-81b4-45a4af1368a2@group-30B6692CD68C, cid=2608, SUCCESS, logIndex=4361, commits[374189d0-76c5-49d2-81b4-45a4af1368a2:c4362]
2019-06-14 08:43:06,623 DEBUG block.SCMBlockDeletingService (SCMBlockDeletingService.java:call(138)) - Running DeletedBlockTransactionScanner
2019-06-14 08:43:06,623 DEBUG block.SCMBlockDeletingService (SCMBlockDeletingService.java:call(155)) - Scanned deleted blocks log and got 0 delTX to process.
2019-06-14 08:43:06,626 INFO  client.GrpcClientProtocolClient (GrpcClientProtocolClient.java:onNext(254)) - client-2EC808601240->374189d0-76c5-49d2-81b4-45a4af1368a2: receive RaftClientReply:client-2EC808601240->374189d0-76c5-49d2-81b4-45a4af1368a2@group-30B6692CD68C, cid=2609, SUCCESS, logIndex=4363, commits[374189d0-76c5-49d2-81b4-45a4af1368a2:c4363]
2019-06-14 08:43:06,628 INFO  client.GrpcClientProtocolClient (GrpcClientProtocolClient.java:onNext(254)) - client-2EC808601240->374189d0-76c5-49d2-81b4-45a4af1368a2: receive RaftClientReply:client-2EC808601240->374189d0-76c5-49d2-81b4-45a4af1368a2@group-30B6692CD68C, cid=2610, SUCCESS, logIndex=4365, commits[374189d0-76c5-49d2-81b4-45a4af1368a2:c4365]
2019-06-14 08:43:06,629 INFO  client.GrpcClientProtocolClient (GrpcClientProtocolClient.java:onNext(254)) - client-2EC808601240->374189d0-76c5-49d2-81b4-45a4af1368a2: receive RaftClientReply:client-2EC808601240->374189d0-76c5-49d2-81b4-45a4af1368a2@group-30B6692CD68C, cid=2611, SUCCESS, logIndex=4366, commits[374189d0-76c5-49d2-81b4-45a4af1368a2:c4368]
2019-06-14 08:43:06,630 INFO  client.GrpcClientProtocolClient (GrpcClientProtocolClient.java:onNext(254)) - client-2EC808601240->374189d0-76c5-49d2-81b4-45a4af1368a2: receive RaftClientReply:client-2EC808601240->374189d0-76c5-49d2-81b4-45a4af1368a2@group-30B6692CD68C, cid=2612, SUCCESS, logIndex=4368, commits[374189d0-76c5-49d2-81b4-45a4af1368a2:c4368]
2019-06-14 08:43:06,636 INFO  client.GrpcClientProtocolClient (GrpcClientProtocolClient.java:onNext(254)) - client-2EC808601240->374189d0-76c5-49d2-81b4-45a4af1368a2: receive RaftClientReply:client-2EC808601240->374189d0-76c5-49d2-81b4-45a4af1368a2@group-30B6692CD68C, cid=2613, SUCCESS, logIndex=4371, commits[374189d0-76c5-49d2-81b4-45a4af1368a2:c4371]
2019-06-14 08:43:06,637 INFO  client.GrpcClientProtocolClient (GrpcClientProtocolClient.java:onNext(254)) - client-2EC808601240->374189d0-76c5-49d2-81b4-45a4af1368a2: receive RaftClientReply:client-2EC808601240->374189d0-76c5-49d2-81b4-45a4af1368a2@group-30B6692CD68C, cid=2614, SUCCESS, logIndex=4373, commits[374189d0-76c5-49d2-81b4-45a4af1368a2:c4373]
2019-06-14 08:43:06,639 INFO  client.GrpcClientProtocolClient (GrpcClientProtocolClient.java:onNext(254)) - client-2EC808601240->374189d0-76c5-49d2-81b4-45a4af1368a2: receive RaftClientReply:client-2EC808601240->374189d0-76c5-49d2-81b4-45a4af1368a2@group-30B6692CD68C, cid=2615, SUCCESS, logIndex=4374, commits[374189d0-76c5-49d2-81b4-45a4af1368a2:c4376]
2019-06-14 08:43:06,639 INFO  client.GrpcClientProtocolClient (GrpcClientProtocolClient.java:onNext(254)) - client-2EC808601240->374189d0-76c5-49d2-81b4-45a4af1368a2: receive RaftClientReply:client-2EC808601240->374189d0-76c5-49d2-81b4-45a4af1368a2@group-30B6692CD68C, cid=2616, SUCCESS, logIndex=4375, commits[374189d0-76c5-49d2-81b4-45a4af1368a2:c4376]
2019-06-14 08:43:06,649 INFO  client.GrpcClientProtocolClient (GrpcClientProtocolClient.java:onNext(254)) - client-2EC808601240->374189d0-76c5-49d2-81b4-45a4af1368a2: receive RaftClientReply:client-2EC808601240->374189d0-76c5-49d2-81b4-45a4af1368a2@group-30B6692CD68C, cid=2617, SUCCESS, logIndex=4377, commits[374189d0-76c5-49d2-81b4-45a4af1368a2:c4377]
2019-06-14 08:43:06,650 INFO  client.GrpcClientProtocolClient (GrpcClientProtocolClient.java:onNext(254)) - client-2EC808601240->374189d0-76c5-49d2-81b4-45a4af1368a2: receive RaftClientReply:client-2EC808601240->374189d0-76c5-49d2-81b4-45a4af1368a2@group-30B6692CD68C, cid=2618, SUCCESS, logIndex=4379, commits[374189d0-76c5-49d2-81b4-45a4af1368a2:c4379]
2019-06-14 08:43:06,651 INFO  client.GrpcClientProtocolClient (GrpcClientProtocolClient.java:onNext(254)) - client-2EC808601240->374189d0-76c5-49d2-81b4-45a4af1368a2: receive RaftClientReply:client-2EC808601240->374189d0-76c5-49d2-81b4-45a4af1368a2@group-30B6692CD68C, cid=2619, SUCCESS, logIndex=4380, commits[374189d0-76c5-49d2-81b4-45a4af1368a2:c4382]
2019-06-14 08:43:06,651 INFO  client.GrpcClientProtocolClient (GrpcClientProtocolClient.java:onNext(254)) - client-2EC808601240->374189d0-76c5-49d2-81b4-45a4af1368a2: receive RaftClientReply:client-2EC808601240->374189d0-76c5-49d2-81b4-45a4af1368a2@group-30B6692CD68C, cid=2620, SUCCESS, logIndex=4381, commits[374189d0-76c5-49d2-81b4-45a4af1368a2:c4382]
2019-06-14 08:43:06,656 INFO  client.GrpcClientProtocolClient (GrpcClientProtocolClient.java:onNext(254)) - client-2EC808601240->374189d0-76c5-49d2-81b4-45a4af1368a2: receive RaftClientReply:client-2EC808601240->374189d0-76c5-49d2-81b4-45a4af1368a2@group-30B6692CD68C, cid=2621, SUCCESS, logIndex=4383, commits[374189d0-76c5-49d2-81b4-45a4af1368a2:c4383]
2019-06-14 08:43:06,656 INFO  storage.RaftLogWorker (RaftLogWorker.java:rollLogSegment(303)) - 374189d0-76c5-49d2-81b4-45a4af1368a2-RaftLogWorker: Rolling segment log-4321_4386 to index:4386
2019-06-14 08:43:06,657 INFO  client.GrpcClientProtocolClient (GrpcClientProtocolClient.java:onNext(254)) - client-2EC808601240->374189d0-76c5-49d2-81b4-45a4af1368a2: receive RaftClientReply:client-2EC808601240->374189d0-76c5-49d2-81b4-45a4af1368a2@group-30B6692CD68C, cid=2622, SUCCESS, logIndex=4385, commits[374189d0-76c5-49d2-81b4-45a4af1368a2:c4385]
2019-06-14 08:43:06,658 INFO  storage.RaftLogWorker (RaftLogWorker.java:execute(433)) - 374189d0-76c5-49d2-81b4-45a4af1368a2-RaftLogWorker: Rolled log segment from /opt/src/hadoop-ozone/integration-test/target/test-dir/MiniOzoneClusterImpl-1994f8b8-dd4d-445c-bf25-0c6d40f9b14d/datanode-0/data/ratis/99d0acb8-99ce-4814-8259-30b6692cd68c/current/log_inprogress_4321 to /opt/src/hadoop-ozone/integration-test/target/test-dir/MiniOzoneClusterImpl-1994f8b8-dd4d-445c-bf25-0c6d40f9b14d/datanode-0/data/ratis/99d0acb8-99ce-4814-8259-30b6692cd68c/current/log_4321-4386
2019-06-14 08:43:06,659 INFO  client.GrpcClientProtocolClient (GrpcClientProtocolClient.java:onNext(254)) - client-2EC808601240->374189d0-76c5-49d2-81b4-45a4af1368a2: receive RaftClientReply:client-2EC808601240->374189d0-76c5-49d2-81b4-45a4af1368a2@group-30B6692CD68C, cid=2623, SUCCESS, logIndex=4386, commits[374189d0-76c5-49d2-81b4-45a4af1368a2:c4386]
2019-06-14 08:43:06,693 INFO  storage.RaftLogWorker (RaftLogWorker.java:execute(469)) - 374189d0-76c5-49d2-81b4-45a4af1368a2-RaftLogWorker: created new log segment /opt/src/hadoop-ozone/integration-test/target/test-dir/MiniOzoneClusterImpl-1994f8b8-dd4d-445c-bf25-0c6d40f9b14d/datanode-0/data/ratis/99d0acb8-99ce-4814-8259-30b6692cd68c/current/log_inprogress_4387
2019-06-14 08:43:06,695 INFO  client.GrpcClientProtocolClient (GrpcClientProtocolClient.java:onNext(254)) - client-2EC808601240->374189d0-76c5-49d2-81b4-45a4af1368a2: receive RaftClientReply:client-2EC808601240->374189d0-76c5-49d2-81b4-45a4af1368a2@group-30B6692CD68C, cid=2624, SUCCESS, logIndex=4387, commits[374189d0-76c5-49d2-81b4-45a4af1368a2:c4389]
2019-06-14 08:43:06,708 INFO  client.GrpcClientProtocolClient (GrpcClientProtocolClient.java:onNext(254)) - client-2EC808601240->374189d0-76c5-49d2-81b4-45a4af1368a2: receive RaftClientReply:client-2EC808601240->374189d0-76c5-49d2-81b4-45a4af1368a2@group-30B6692CD68C, cid=2625, SUCCESS, logIndex=4390, commits[374189d0-76c5-49d2-81b4-45a4af1368a2:c4390]
2019-06-14 08:43:06,709 INFO  client.GrpcClientProtocolClient (GrpcClientProtocolClient.java:onNext(254)) - client-2EC808601240->374189d0-76c5-49d2-81b4-45a4af1368a2: receive RaftClientReply:client-2EC808601240->374189d0-76c5-49d2-81b4-45a4af1368a2@group-30B6692CD68C, cid=2626, SUCCESS, logIndex=4392, commits[374189d0-76c5-49d2-81b4-45a4af1368a2:c4392]
2019-06-14 08:43:06,710 INFO  client.GrpcClientProtocolClient (GrpcClientProtocolClient.java:onNext(254)) - client-2EC808601240->374189d0-76c5-49d2-81b4-45a4af1368a2: receive RaftClientReply:client-2EC808601240->374189d0-76c5-49d2-81b4-45a4af1368a2@group-30B6692CD68C, cid=2627, SUCCESS, logIndex=4393, commits[374189d0-76c5-49d2-81b4-45a4af1368a2:c4395]
2019-06-14 08:43:06,710 INFO  client.GrpcClientProtocolClient (GrpcClientProtocolClient.java:onNext(254)) - client-2EC808601240->374189d0-76c5-49d2-81b4-45a4af1368a2: receive RaftClientReply:client-2EC808601240->374189d0-76c5-49d2-81b4-45a4af1368a2@group-30B6692CD68C, cid=2628, SUCCESS, logIndex=4394, commits[374189d0-76c5-49d2-81b4-45a4af1368a2:c4395]
2019-06-14 08:43:06,715 INFO  client.GrpcClientProtocolClient (GrpcClientProtocolClient.java:onNext(254)) - client-2EC808601240->374189d0-76c5-49d2-81b4-45a4af1368a2: receive RaftClientReply:client-2EC808601240->374189d0-76c5-49d2-81b4-45a4af1368a2@group-30B6692CD68C, cid=2629, SUCCESS, logIndex=4396, commits[374189d0-76c5-49d2-81b4-45a4af1368a2:c4396]
2019-06-14 08:43:06,716 INFO  client.GrpcClientProtocolClient (GrpcClientProtocolClient.java:onNext(254)) - client-2EC808601240->374189d0-76c5-49d2-81b4-45a4af1368a2: receive RaftClientReply:client-2EC808601240->374189d0-76c5-49d2-81b4-45a4af1368a2@group-30B6692CD68C, cid=2630, SUCCESS, logIndex=4398, commits[374189d0-76c5-49d2-81b4-45a4af1368a2:c4398]
2019-06-14 08:43:06,718 INFO  client.GrpcClientProtocolClient (GrpcClientProtocolClient.java:onNext(254)) - client-2EC808601240->374189d0-76c5-49d2-81b4-45a4af1368a2: receive RaftClientReply:client-2EC808601240->374189d0-76c5-49d2-81b4-45a4af1368a2@group-30B6692CD68C, cid=2631, SUCCESS, logIndex=4399, commits[374189d0-76c5-49d2-81b4-45a4af1368a2:c4401]
2019-06-14 08:43:06,718 INFO  client.GrpcClientProtocolClient (GrpcClientProtocolClient.java:onNext(254)) - client-2EC808601240->374189d0-76c5-49d2-81b4-45a4af1368a2: receive RaftClientReply:client-2EC808601240->374189d0-76c5-49d2-81b4-45a4af1368a2@group-30B6692CD68C, cid=2632, SUCCESS, logIndex=4400, commits[374189d0-76c5-49d2-81b4-45a4af1368a2:c4401]
2019-06-14 08:43:06,724 DEBUG block.SCMBlockDeletingService (SCMBlockDeletingService.java:call(138)) - Running DeletedBlockTransactionScanner
2019-06-14 08:43:06,724 DEBUG block.SCMBlockDeletingService (SCMBlockDeletingService.java:call(155)) - Scanned deleted blocks log and got 0 delTX to process.
2019-06-14 08:43:06,727 INFO  client.GrpcClientProtocolClient (GrpcClientProtocolClient.java:onNext(254)) - client-2EC808601240->374189d0-76c5-49d2-81b4-45a4af1368a2: receive RaftClientReply:client-2EC808601240->374189d0-76c5-49d2-81b4-45a4af1368a2@group-30B6692CD68C, cid=2633, SUCCESS, logIndex=4402, commits[374189d0-76c5-49d2-81b4-45a4af1368a2:c4402]
2019-06-14 08:43:06,728 INFO  client.GrpcClientProtocolClient (GrpcClientProtocolClient.java:onNext(254)) - client-2EC808601240->374189d0-76c5-49d2-81b4-45a4af1368a2: receive RaftClientReply:client-2EC808601240->374189d0-76c5-49d2-81b4-45a4af1368a2@group-30B6692CD68C, cid=2634, SUCCESS, logIndex=4404, commits[374189d0-76c5-49d2-81b4-45a4af1368a2:c4404]
2019-06-14 08:43:06,730 INFO  client.GrpcClientProtocolClient (GrpcClientProtocolClient.java:onNext(254)) - client-2EC808601240->374189d0-76c5-49d2-81b4-45a4af1368a2: receive RaftClientReply:client-2EC808601240->374189d0-76c5-49d2-81b4-45a4af1368a2@group-30B6692CD68C, cid=2635, SUCCESS, logIndex=4406, commits[374189d0-76c5-49d2-81b4-45a4af1368a2:c4407]
2019-06-14 08:43:06,730 INFO  client.GrpcClientProtocolClient (GrpcClientProtocolClient.java:onNext(254)) - client-2EC808601240->374189d0-76c5-49d2-81b4-45a4af1368a2: receive RaftClientReply:client-2EC808601240->374189d0-76c5-49d2-81b4-45a4af1368a2@group-30B6692CD68C, cid=2636, SUCCESS, logIndex=4407, commits[374189d0-76c5-49d2-81b4-45a4af1368a2:c4407]
2019-06-14 08:43:06,735 INFO  client.GrpcClientProtocolClient (GrpcClientProtocolClient.java:onNext(254)) - client-2EC808601240->374189d0-76c5-49d2-81b4-45a4af1368a2: receive RaftClientReply:client-2EC808601240->374189d0-76c5-49d2-81b4-45a4af1368a2@group-30B6692CD68C, cid=2637, SUCCESS, logIndex=4409, commits[374189d0-76c5-49d2-81b4-45a4af1368a2:c4409]
2019-06-14 08:43:06,736 INFO  client.GrpcClientProtocolClient (GrpcClientProtocolClient.java:onNext(254)) - client-2EC808601240->374189d0-76c5-49d2-81b4-45a4af1368a2: receive RaftClientReply:client-2EC808601240->374189d0-76c5-49d2-81b4-45a4af1368a2@group-30B6692CD68C, cid=2638, SUCCESS, logIndex=4411, commits[374189d0-76c5-49d2-81b4-45a4af1368a2:c4411]
2019-06-14 08:43:06,737 INFO  client.GrpcClientProtocolClient (GrpcClientProtocolClient.java:onNext(254)) - client-2EC808601240->374189d0-76c5-49d2-81b4-45a4af1368a2: receive RaftClientReply:client-2EC808601240->374189d0-76c5-49d2-81b4-45a4af1368a2@group-30B6692CD68C, cid=2639, SUCCESS, logIndex=4412, commits[374189d0-76c5-49d2-81b4-45a4af1368a2:c4414]
2019-06-14 08:43:06,738 INFO  client.GrpcClientProtocolClient (GrpcClientProtocolClient.java:onNext(254)) - client-2EC808601240->374189d0-76c5-49d2-81b4-45a4af1368a2: receive RaftClientReply:client-2EC808601240->374189d0-76c5-49d2-81b4-45a4af1368a2@group-30B6692CD68C, cid=2640, SUCCESS, logIndex=4413, commits[374189d0-76c5-49d2-81b4-45a4af1368a2:c4414]
2019-06-14 08:43:06,747 INFO  client.GrpcClientProtocolClient (GrpcClientProtocolClient.java:onNext(254)) - client-2EC808601240->374189d0-76c5-49d2-81b4-45a4af1368a2: receive RaftClientReply:client-2EC808601240->374189d0-76c5-49d2-81b4-45a4af1368a2@group-30B6692CD68C, cid=2641, SUCCESS, logIndex=4415, commits[374189d0-76c5-49d2-81b4-45a4af1368a2:c4415]
2019-06-14 08:43:06,748 INFO  client.GrpcClientProtocolClient (GrpcClientProtocolClient.java:onNext(254)) - client-2EC808601240->374189d0-76c5-49d2-81b4-45a4af1368a2: receive RaftClientReply:client-2EC808601240->374189d0-76c5-49d2-81b4-45a4af1368a2@group-30B6692CD68C, cid=2642, SUCCESS, logIndex=4417, commits[374189d0-76c5-49d2-81b4-45a4af1368a2:c4417]
2019-06-14 08:43:06,749 INFO  client.GrpcClientProtocolClient (GrpcClientProtocolClient.java:onNext(254)) - client-2EC808601240->374189d0-76c5-49d2-81b4-45a4af1368a2: receive RaftClientReply:client-2EC808601240->374189d0-76c5-49d2-81b4-45a4af1368a2@group-30B6692CD68C, cid=2643, SUCCESS, logIndex=4418, commits[374189d0-76c5-49d2-81b4-45a4af1368a2:c4420]
2019-06-14 08:43:06,750 INFO  client.GrpcClientProtocolClient (GrpcClientProtocolClient.java:onNext(254)) - client-2EC808601240->374189d0-76c5-49d2-81b4-45a4af1368a2: receive RaftClientReply:client-2EC808601240->374189d0-76c5-49d2-81b4-45a4af1368a2@group-30B6692CD68C, cid=2644, SUCCESS, logIndex=4419, commits[374189d0-76c5-49d2-81b4-45a4af1368a2:c4420]
2019-06-14 08:43:06,755 INFO  client.GrpcClientProtocolClient (GrpcClientProtocolClient.java:onNext(254)) - client-2EC808601240->374189d0-76c5-49d2-81b4-45a4af1368a2: receive RaftClientReply:client-2EC808601240->374189d0-76c5-49d2-81b4-45a4af1368a2@group-30B6692CD68C, cid=2645, SUCCESS, logIndex=4421, commits[374189d0-76c5-49d2-81b4-45a4af1368a2:c4421]
2019-06-14 08:43:06,756 INFO  client.GrpcClientProtocolClient (GrpcClientProtocolClient.java:onNext(254)) - client-2EC808601240->374189d0-76c5-49d2-81b4-45a4af1368a2: receive RaftClientReply:client-2EC808601240->374189d0-76c5-49d2-81b4-45a4af1368a2@group-30B6692CD68C, cid=2646, SUCCESS, logIndex=4423, commits[374189d0-76c5-49d2-81b4-45a4af1368a2:c4423]
2019-06-14 08:43:06,758 INFO  client.GrpcClientProtocolClient (GrpcClientProtocolClient.java:onNext(254)) - client-2EC808601240->374189d0-76c5-49d2-81b4-45a4af1368a2: receive RaftClientReply:client-2EC808601240->374189d0-76c5-49d2-81b4-45a4af1368a2@group-30B6692CD68C, cid=2647, SUCCESS, logIndex=4424, commits[374189d0-76c5-49d2-81b4-45a4af1368a2:c4426]
2019-06-14 08:43:06,758 INFO  client.GrpcClientProtocolClient (GrpcClientProtocolClient.java:onNext(254)) - client-2EC808601240->374189d0-76c5-49d2-81b4-45a4af1368a2: receive RaftClientReply:client-2EC808601240->374189d0-76c5-49d2-81b4-45a4af1368a2@group-30B6692CD68C, cid=2648, SUCCESS, logIndex=4425, commits[374189d0-76c5-49d2-81b4-45a4af1368a2:c4426]
2019-06-14 08:43:06,768 INFO  client.GrpcClientProtocolClient (GrpcClientProtocolClient.java:onNext(254)) - client-2EC808601240->374189d0-76c5-49d2-81b4-45a4af1368a2: receive RaftClientReply:client-2EC808601240->374189d0-76c5-49d2-81b4-45a4af1368a2@group-30B6692CD68C, cid=2649, SUCCESS, logIndex=4427, commits[374189d0-76c5-49d2-81b4-45a4af1368a2:c4427]
2019-06-14 08:43:06,770 INFO  client.GrpcClientProtocolClient (GrpcClientProtocolClient.java:onNext(254)) - client-2EC808601240->374189d0-76c5-49d2-81b4-45a4af1368a2: receive RaftClientReply:client-2EC808601240->374189d0-76c5-49d2-81b4-45a4af1368a2@group-30B6692CD68C, cid=2650, SUCCESS, logIndex=4429, commits[374189d0-76c5-49d2-81b4-45a4af1368a2:c4429]
2019-06-14 08:43:06,770 INFO  client.GrpcClientProtocolClient (GrpcClientProtocolClient.java:onNext(254)) - client-2EC808601240->374189d0-76c5-49d2-81b4-45a4af1368a2: receive RaftClientReply:client-2EC808601240->374189d0-76c5-49d2-81b4-45a4af1368a2@group-30B6692CD68C, cid=2651, SUCCESS, logIndex=4430, commits[374189d0-76c5-49d2-81b4-45a4af1368a2:c4432]
2019-06-14 08:43:06,770 INFO  client.GrpcClientProtocolClient (GrpcClientProtocolClient.java:onNext(254)) - client-2EC808601240->374189d0-76c5-49d2-81b4-45a4af1368a2: receive RaftClientReply:client-2EC808601240->374189d0-76c5-49d2-81b4-45a4af1368a2@group-30B6692CD68C, cid=2652, SUCCESS, logIndex=4431, commits[374189d0-76c5-49d2-81b4-45a4af1368a2:c4432]
2019-06-14 08:43:06,824 DEBUG block.SCMBlockDeletingService (SCMBlockDeletingService.java:call(138)) - Running DeletedBlockTransactionScanner
2019-06-14 08:43:06,824 DEBUG block.SCMBlockDeletingService (SCMBlockDeletingService.java:call(155)) - Scanned deleted blocks log and got 0 delTX to process.
2019-06-14 08:43:06,843 INFO  client.GrpcClientProtocolClient (GrpcClientProtocolClient.java:onNext(254)) - client-2EC808601240->374189d0-76c5-49d2-81b4-45a4af1368a2: receive RaftClientReply:client-2EC808601240->374189d0-76c5-49d2-81b4-45a4af1368a2@group-30B6692CD68C, cid=2653, SUCCESS, logIndex=4433, commits[374189d0-76c5-49d2-81b4-45a4af1368a2:c4433]
2019-06-14 08:43:06,844 INFO  client.GrpcClientProtocolClient (GrpcClientProtocolClient.java:onNext(254)) - client-2EC808601240->374189d0-76c5-49d2-81b4-45a4af1368a2: receive RaftClientReply:client-2EC808601240->374189d0-76c5-49d2-81b4-45a4af1368a2@group-30B6692CD68C, cid=2654, SUCCESS, logIndex=4435, commits[374189d0-76c5-49d2-81b4-45a4af1368a2:c4435]
2019-06-14 08:43:06,845 INFO  client.GrpcClientProtocolClient (GrpcClientProtocolClient.java:onNext(254)) - client-2EC808601240->374189d0-76c5-49d2-81b4-45a4af1368a2: receive RaftClientReply:client-2EC808601240->374189d0-76c5-49d2-81b4-45a4af1368a2@group-30B6692CD68C, cid=2655, SUCCESS, logIndex=4436, commits[374189d0-76c5-49d2-81b4-45a4af1368a2:c4438]
2019-06-14 08:43:06,845 INFO  client.GrpcClientProtocolClient (GrpcClientProtocolClient.java:onNext(254)) - client-2EC808601240->374189d0-76c5-49d2-81b4-45a4af1368a2: receive RaftClientReply:client-2EC808601240->374189d0-76c5-49d2-81b4-45a4af1368a2@group-30B6692CD68C, cid=2656, SUCCESS, logIndex=4437, commits[374189d0-76c5-49d2-81b4-45a4af1368a2:c4438]
2019-06-14 08:43:06,855 INFO  client.GrpcClientProtocolClient (GrpcClientProtocolClient.java:onNext(254)) - client-2EC808601240->374189d0-76c5-49d2-81b4-45a4af1368a2: receive RaftClientReply:client-2EC808601240->374189d0-76c5-49d2-81b4-45a4af1368a2@group-30B6692CD68C, cid=2657, SUCCESS, logIndex=4439, commits[374189d0-76c5-49d2-81b4-45a4af1368a2:c4439]
2019-06-14 08:43:06,856 INFO  client.GrpcClientProtocolClient (GrpcClientProtocolClient.java:onNext(254)) - client-2EC808601240->374189d0-76c5-49d2-81b4-45a4af1368a2: receive RaftClientReply:client-2EC808601240->374189d0-76c5-49d2-81b4-45a4af1368a2@group-30B6692CD68C, cid=2658, SUCCESS, logIndex=4441, commits[374189d0-76c5-49d2-81b4-45a4af1368a2:c4441]
2019-06-14 08:43:06,857 INFO  client.GrpcClientProtocolClient (GrpcClientProtocolClient.java:onNext(254)) - client-2EC808601240->374189d0-76c5-49d2-81b4-45a4af1368a2: receive RaftClientReply:client-2EC808601240->374189d0-76c5-49d2-81b4-45a4af1368a2@group-30B6692CD68C, cid=2659, SUCCESS, logIndex=4442, commits[374189d0-76c5-49d2-81b4-45a4af1368a2:c4444]
2019-06-14 08:43:06,857 INFO  client.GrpcClientProtocolClient (GrpcClientProtocolClient.java:onNext(254)) - client-2EC808601240->374189d0-76c5-49d2-81b4-45a4af1368a2: receive RaftClientReply:client-2EC808601240->374189d0-76c5-49d2-81b4-45a4af1368a2@group-30B6692CD68C, cid=2660, SUCCESS, logIndex=4443, commits[374189d0-76c5-49d2-81b4-45a4af1368a2:c4444]
2019-06-14 08:43:06,862 INFO  client.GrpcClientProtocolClient (GrpcClientProtocolClient.java:onNext(254)) - client-2EC808601240->374189d0-76c5-49d2-81b4-45a4af1368a2: receive RaftClientReply:client-2EC808601240->374189d0-76c5-49d2-81b4-45a4af1368a2@group-30B6692CD68C, cid=2661, SUCCESS, logIndex=4445, commits[374189d0-76c5-49d2-81b4-45a4af1368a2:c4445]
2019-06-14 08:43:06,864 INFO  client.GrpcClientProtocolClient (GrpcClientProtocolClient.java:onNext(254)) - client-2EC808601240->374189d0-76c5-49d2-81b4-45a4af1368a2: receive RaftClientReply:client-2EC808601240->374189d0-76c5-49d2-81b4-45a4af1368a2@group-30B6692CD68C, cid=2662, SUCCESS, logIndex=4447, commits[374189d0-76c5-49d2-81b4-45a4af1368a2:c4447]
2019-06-14 08:43:06,865 INFO  client.GrpcClientProtocolClient (GrpcClientProtocolClient.java:onNext(254)) - client-2EC808601240->374189d0-76c5-49d2-81b4-45a4af1368a2: receive RaftClientReply:client-2EC808601240->374189d0-76c5-49d2-81b4-45a4af1368a2@group-30B6692CD68C, cid=2663, SUCCESS, logIndex=4448, commits[374189d0-76c5-49d2-81b4-45a4af1368a2:c4449]
2019-06-14 08:43:06,865 INFO  client.GrpcClientProtocolClient (GrpcClientProtocolClient.java:onNext(254)) - client-2EC808601240->374189d0-76c5-49d2-81b4-45a4af1368a2: receive RaftClientReply:client-2EC808601240->374189d0-76c5-49d2-81b4-45a4af1368a2@group-30B6692CD68C, cid=2664, SUCCESS, logIndex=4449, commits[374189d0-76c5-49d2-81b4-45a4af1368a2:c4449]
2019-06-14 08:43:06,874 INFO  client.GrpcClientProtocolClient (GrpcClientProtocolClient.java:onNext(254)) - client-2EC808601240->374189d0-76c5-49d2-81b4-45a4af1368a2: receive RaftClientReply:client-2EC808601240->374189d0-76c5-49d2-81b4-45a4af1368a2@group-30B6692CD68C, cid=2665, SUCCESS, logIndex=4452, commits[374189d0-76c5-49d2-81b4-45a4af1368a2:c4452]
2019-06-14 08:43:06,875 INFO  storage.RaftLogWorker (RaftLogWorker.java:rollLogSegment(303)) - 374189d0-76c5-49d2-81b4-45a4af1368a2-RaftLogWorker: Rolling segment log-4387_4454 to index:4454
2019-06-14 08:43:06,875 INFO  storage.RaftLogWorker (RaftLogWorker.java:execute(433)) - 374189d0-76c5-49d2-81b4-45a4af1368a2-RaftLogWorker: Rolled log segment from /opt/src/hadoop-ozone/integration-test/target/test-dir/MiniOzoneClusterImpl-1994f8b8-dd4d-445c-bf25-0c6d40f9b14d/datanode-0/data/ratis/99d0acb8-99ce-4814-8259-30b6692cd68c/current/log_inprogress_4387 to /opt/src/hadoop-ozone/integration-test/target/test-dir/MiniOzoneClusterImpl-1994f8b8-dd4d-445c-bf25-0c6d40f9b14d/datanode-0/data/ratis/99d0acb8-99ce-4814-8259-30b6692cd68c/current/log_4387-4454
2019-06-14 08:43:06,879 INFO  client.GrpcClientProtocolClient (GrpcClientProtocolClient.java:onNext(254)) - client-2EC808601240->374189d0-76c5-49d2-81b4-45a4af1368a2: receive RaftClientReply:client-2EC808601240->374189d0-76c5-49d2-81b4-45a4af1368a2@group-30B6692CD68C, cid=2666, SUCCESS, logIndex=4454, commits[374189d0-76c5-49d2-81b4-45a4af1368a2:c4454]
2019-06-14 08:43:06,911 INFO  storage.RaftLogWorker (RaftLogWorker.java:execute(469)) - 374189d0-76c5-49d2-81b4-45a4af1368a2-RaftLogWorker: created new log segment /opt/src/hadoop-ozone/integration-test/target/test-dir/MiniOzoneClusterImpl-1994f8b8-dd4d-445c-bf25-0c6d40f9b14d/datanode-0/data/ratis/99d0acb8-99ce-4814-8259-30b6692cd68c/current/log_inprogress_4455
2019-06-14 08:43:06,912 INFO  client.GrpcClientProtocolClient (GrpcClientProtocolClient.java:onNext(254)) - client-2EC808601240->374189d0-76c5-49d2-81b4-45a4af1368a2: receive RaftClientReply:client-2EC808601240->374189d0-76c5-49d2-81b4-45a4af1368a2@group-30B6692CD68C, cid=2667, SUCCESS, logIndex=4455, commits[374189d0-76c5-49d2-81b4-45a4af1368a2:c4457]
2019-06-14 08:43:06,913 INFO  client.GrpcClientProtocolClient (GrpcClientProtocolClient.java:onNext(254)) - client-2EC808601240->374189d0-76c5-49d2-81b4-45a4af1368a2: receive RaftClientReply:client-2EC808601240->374189d0-76c5-49d2-81b4-45a4af1368a2@group-30B6692CD68C, cid=2668, SUCCESS, logIndex=4456, commits[374189d0-76c5-49d2-81b4-45a4af1368a2:c4457]
2019-06-14 08:43:06,918 INFO  client.GrpcClientProtocolClient (GrpcClientProtocolClient.java:onNext(254)) - client-2EC808601240->374189d0-76c5-49d2-81b4-45a4af1368a2: receive RaftClientReply:client-2EC808601240->374189d0-76c5-49d2-81b4-45a4af1368a2@group-30B6692CD68C, cid=2669, SUCCESS, logIndex=4458, commits[374189d0-76c5-49d2-81b4-45a4af1368a2:c4458]
2019-06-14 08:43:06,919 INFO  client.GrpcClientProtocolClient (GrpcClientProtocolClient.java:onNext(254)) - client-2EC808601240->374189d0-76c5-49d2-81b4-45a4af1368a2: receive RaftClientReply:client-2EC808601240->374189d0-76c5-49d2-81b4-45a4af1368a2@group-30B6692CD68C, cid=2670, SUCCESS, logIndex=4460, commits[374189d0-76c5-49d2-81b4-45a4af1368a2:c4460]
2019-06-14 08:43:06,920 INFO  client.GrpcClientProtocolClient (GrpcClientProtocolClient.java:onNext(254)) - client-2EC808601240->374189d0-76c5-49d2-81b4-45a4af1368a2: receive RaftClientReply:client-2EC808601240->374189d0-76c5-49d2-81b4-45a4af1368a2@group-30B6692CD68C, cid=2671, SUCCESS, logIndex=4461, commits[374189d0-76c5-49d2-81b4-45a4af1368a2:c4463]
2019-06-14 08:43:06,921 INFO  client.GrpcClientProtocolClient (GrpcClientProtocolClient.java:onNext(254)) - client-2EC808601240->374189d0-76c5-49d2-81b4-45a4af1368a2: receive RaftClientReply:client-2EC808601240->374189d0-76c5-49d2-81b4-45a4af1368a2@group-30B6692CD68C, cid=2672, SUCCESS, logIndex=4462, commits[374189d0-76c5-49d2-81b4-45a4af1368a2:c4463]
2019-06-14 08:43:06,925 DEBUG block.SCMBlockDeletingService (SCMBlockDeletingService.java:call(138)) - Running DeletedBlockTransactionScanner
2019-06-14 08:43:06,925 DEBUG block.SCMBlockDeletingService (SCMBlockDeletingService.java:call(155)) - Scanned deleted blocks log and got 0 delTX to process.
2019-06-14 08:43:06,931 INFO  client.GrpcClientProtocolClient (GrpcClientProtocolClient.java:onNext(254)) - client-2EC808601240->374189d0-76c5-49d2-81b4-45a4af1368a2: receive RaftClientReply:client-2EC808601240->374189d0-76c5-49d2-81b4-45a4af1368a2@group-30B6692CD68C, cid=2673, SUCCESS, logIndex=4464, commits[374189d0-76c5-49d2-81b4-45a4af1368a2:c4464]
2019-06-14 08:43:06,932 INFO  client.GrpcClientProtocolClient (GrpcClientProtocolClient.java:onNext(254)) - client-2EC808601240->374189d0-76c5-49d2-81b4-45a4af1368a2: receive RaftClientReply:client-2EC808601240->374189d0-76c5-49d2-81b4-45a4af1368a2@group-30B6692CD68C, cid=2674, SUCCESS, logIndex=4466, commits[374189d0-76c5-49d2-81b4-45a4af1368a2:c4466]
2019-06-14 08:43:06,933 INFO  client.GrpcClientProtocolClient (GrpcClientProtocolClient.java:onNext(254)) - client-2EC808601240->374189d0-76c5-49d2-81b4-45a4af1368a2: receive RaftClientReply:client-2EC808601240->374189d0-76c5-49d2-81b4-45a4af1368a2@group-30B6692CD68C, cid=2675, SUCCESS, logIndex=4467, commits[374189d0-76c5-49d2-81b4-45a4af1368a2:c4469]
2019-06-14 08:43:06,933 INFO  client.GrpcClientProtocolClient (GrpcClientProtocolClient.java:onNext(254)) - client-2EC808601240->374189d0-76c5-49d2-81b4-45a4af1368a2: receive RaftClientReply:client-2EC808601240->374189d0-76c5-49d2-81b4-45a4af1368a2@group-30B6692CD68C, cid=2676, SUCCESS, logIndex=4468, commits[374189d0-76c5-49d2-81b4-45a4af1368a2:c4469]
2019-06-14 08:43:06,939 INFO  client.GrpcClientProtocolClient (GrpcClientProtocolClient.java:onNext(254)) - client-2EC808601240->374189d0-76c5-49d2-81b4-45a4af1368a2: receive RaftClientReply:client-2EC808601240->374189d0-76c5-49d2-81b4-45a4af1368a2@group-30B6692CD68C, cid=2677, SUCCESS, logIndex=4470, commits[374189d0-76c5-49d2-81b4-45a4af1368a2:c4470]
2019-06-14 08:43:06,940 INFO  client.GrpcClientProtocolClient (GrpcClientProtocolClient.java:onNext(254)) - client-2EC808601240->374189d0-76c5-49d2-81b4-45a4af1368a2: receive RaftClientReply:client-2EC808601240->374189d0-76c5-49d2-81b4-45a4af1368a2@group-30B6692CD68C, cid=2678, SUCCESS, logIndex=4472, commits[374189d0-76c5-49d2-81b4-45a4af1368a2:c4472]
2019-06-14 08:43:06,941 INFO  client.GrpcClientProtocolClient (GrpcClientProtocolClient.java:onNext(254)) - client-2EC808601240->374189d0-76c5-49d2-81b4-45a4af1368a2: receive RaftClientReply:client-2EC808601240->374189d0-76c5-49d2-81b4-45a4af1368a2@group-30B6692CD68C, cid=2679, SUCCESS, logIndex=4473, commits[374189d0-76c5-49d2-81b4-45a4af1368a2:c4475]
2019-06-14 08:43:06,941 INFO  client.GrpcClientProtocolClient (GrpcClientProtocolClient.java:onNext(254)) - client-2EC808601240->374189d0-76c5-49d2-81b4-45a4af1368a2: receive RaftClientReply:client-2EC808601240->374189d0-76c5-49d2-81b4-45a4af1368a2@group-30B6692CD68C, cid=2680, SUCCESS, logIndex=4474, commits[374189d0-76c5-49d2-81b4-45a4af1368a2:c4475]
2019-06-14 08:43:06,950 INFO  client.GrpcClientProtocolClient (GrpcClientProtocolClient.java:onNext(254)) - client-2EC808601240->374189d0-76c5-49d2-81b4-45a4af1368a2: receive RaftClientReply:client-2EC808601240->374189d0-76c5-49d2-81b4-45a4af1368a2@group-30B6692CD68C, cid=2681, SUCCESS, logIndex=4476, commits[374189d0-76c5-49d2-81b4-45a4af1368a2:c4476]
2019-06-14 08:43:06,952 INFO  client.GrpcClientProtocolClient (GrpcClientProtocolClient.java:onNext(254)) - client-2EC808601240->374189d0-76c5-49d2-81b4-45a4af1368a2: receive RaftClientReply:client-2EC808601240->374189d0-76c5-49d2-81b4-45a4af1368a2@group-30B6692CD68C, cid=2682, SUCCESS, logIndex=4478, commits[374189d0-76c5-49d2-81b4-45a4af1368a2:c4478]
2019-06-14 08:43:06,953 INFO  client.GrpcClientProtocolClient (GrpcClientProtocolClient.java:onNext(254)) - client-2EC808601240->374189d0-76c5-49d2-81b4-45a4af1368a2: receive RaftClientReply:client-2EC808601240->374189d0-76c5-49d2-81b4-45a4af1368a2@group-30B6692CD68C, cid=2683, SUCCESS, logIndex=4479, commits[374189d0-76c5-49d2-81b4-45a4af1368a2:c4479]
2019-06-14 08:43:06,953 INFO  client.GrpcClientProtocolClient (GrpcClientProtocolClient.java:onNext(254)) - client-2EC808601240->374189d0-76c5-49d2-81b4-45a4af1368a2: receive RaftClientReply:client-2EC808601240->374189d0-76c5-49d2-81b4-45a4af1368a2@group-30B6692CD68C, cid=2684, SUCCESS, logIndex=4481, commits[374189d0-76c5-49d2-81b4-45a4af1368a2:c4481]
2019-06-14 08:43:06,958 INFO  client.GrpcClientProtocolClient (GrpcClientProtocolClient.java:onNext(254)) - client-2EC808601240->374189d0-76c5-49d2-81b4-45a4af1368a2: receive RaftClientReply:client-2EC808601240->374189d0-76c5-49d2-81b4-45a4af1368a2@group-30B6692CD68C, cid=2685, SUCCESS, logIndex=4484, commits[374189d0-76c5-49d2-81b4-45a4af1368a2:c4484]
2019-06-14 08:43:06,960 INFO  client.GrpcClientProtocolClient (GrpcClientProtocolClient.java:onNext(254)) - client-2EC808601240->374189d0-76c5-49d2-81b4-45a4af1368a2: receive RaftClientReply:client-2EC808601240->374189d0-76c5-49d2-81b4-45a4af1368a2@group-30B6692CD68C, cid=2686, SUCCESS, logIndex=4486, commits[374189d0-76c5-49d2-81b4-45a4af1368a2:c4486]
2019-06-14 08:43:07,004 INFO  client.GrpcClientProtocolClient (GrpcClientProtocolClient.java:onNext(254)) - client-2EC808601240->374189d0-76c5-49d2-81b4-45a4af1368a2: receive RaftClientReply:client-2EC808601240->374189d0-76c5-49d2-81b4-45a4af1368a2@group-30B6692CD68C, cid=2687, SUCCESS, logIndex=4487, commits[374189d0-76c5-49d2-81b4-45a4af1368a2:c4489]
2019-06-14 08:43:07,007 INFO  client.GrpcClientProtocolClient (GrpcClientProtocolClient.java:onNext(254)) - client-2EC808601240->374189d0-76c5-49d2-81b4-45a4af1368a2: receive RaftClientReply:client-2EC808601240->374189d0-76c5-49d2-81b4-45a4af1368a2@group-30B6692CD68C, cid=2688, SUCCESS, logIndex=4488, commits[374189d0-76c5-49d2-81b4-45a4af1368a2:c4489]
2019-06-14 08:43:07,020 INFO  client.GrpcClientProtocolClient (GrpcClientProtocolClient.java:onNext(254)) - client-2EC808601240->374189d0-76c5-49d2-81b4-45a4af1368a2: receive RaftClientReply:client-2EC808601240->374189d0-76c5-49d2-81b4-45a4af1368a2@group-30B6692CD68C, cid=2689, SUCCESS, logIndex=4490, commits[374189d0-76c5-49d2-81b4-45a4af1368a2:c4490]
2019-06-14 08:43:07,021 INFO  client.GrpcClientProtocolClient (GrpcClientProtocolClient.java:onNext(254)) - client-2EC808601240->374189d0-76c5-49d2-81b4-45a4af1368a2: receive RaftClientReply:client-2EC808601240->374189d0-76c5-49d2-81b4-45a4af1368a2@group-30B6692CD68C, cid=2690, SUCCESS, logIndex=4492, commits[374189d0-76c5-49d2-81b4-45a4af1368a2:c4492]
2019-06-14 08:43:07,024 INFO  client.GrpcClientProtocolClient (GrpcClientProtocolClient.java:onNext(254)) - client-2EC808601240->374189d0-76c5-49d2-81b4-45a4af1368a2: receive RaftClientReply:client-2EC808601240->374189d0-76c5-49d2-81b4-45a4af1368a2@group-30B6692CD68C, cid=2691, SUCCESS, logIndex=4494, commits[374189d0-76c5-49d2-81b4-45a4af1368a2:c4495]
2019-06-14 08:43:07,025 DEBUG block.SCMBlockDeletingService (SCMBlockDeletingService.java:call(138)) - Running DeletedBlockTransactionScanner
2019-06-14 08:43:07,025 DEBUG block.SCMBlockDeletingService (SCMBlockDeletingService.java:call(155)) - Scanned deleted blocks log and got 0 delTX to process.
2019-06-14 08:43:07,027 INFO  client.GrpcClientProtocolClient (GrpcClientProtocolClient.java:onNext(254)) - client-2EC808601240->374189d0-76c5-49d2-81b4-45a4af1368a2: receive RaftClientReply:client-2EC808601240->374189d0-76c5-49d2-81b4-45a4af1368a2@group-30B6692CD68C, cid=2692, SUCCESS, logIndex=4495, commits[374189d0-76c5-49d2-81b4-45a4af1368a2:c4495]
2019-06-14 08:43:07,032 INFO  client.GrpcClientProtocolClient (GrpcClientProtocolClient.java:onNext(254)) - client-2EC808601240->374189d0-76c5-49d2-81b4-45a4af1368a2: receive RaftClientReply:client-2EC808601240->374189d0-76c5-49d2-81b4-45a4af1368a2@group-30B6692CD68C, cid=2693, SUCCESS, logIndex=4497, commits[374189d0-76c5-49d2-81b4-45a4af1368a2:c4497]
2019-06-14 08:43:07,033 INFO  client.GrpcClientProtocolClient (GrpcClientProtocolClient.java:onNext(254)) - client-2EC808601240->374189d0-76c5-49d2-81b4-45a4af1368a2: receive RaftClientReply:client-2EC808601240->374189d0-76c5-49d2-81b4-45a4af1368a2@group-30B6692CD68C, cid=2694, SUCCESS, logIndex=4499, commits[374189d0-76c5-49d2-81b4-45a4af1368a2:c4499]
2019-06-14 08:43:07,035 INFO  client.GrpcClientProtocolClient (GrpcClientProtocolClient.java:onNext(254)) - client-2EC808601240->374189d0-76c5-49d2-81b4-45a4af1368a2: receive RaftClientReply:client-2EC808601240->374189d0-76c5-49d2-81b4-45a4af1368a2@group-30B6692CD68C, cid=2695, SUCCESS, logIndex=4500, commits[374189d0-76c5-49d2-81b4-45a4af1368a2:c4502]
2019-06-14 08:43:07,035 INFO  client.GrpcClientProtocolClient (GrpcClientProtocolClient.java:onNext(254)) - client-2EC808601240->374189d0-76c5-49d2-81b4-45a4af1368a2: receive RaftClientReply:client-2EC808601240->374189d0-76c5-49d2-81b4-45a4af1368a2@group-30B6692CD68C, cid=2696, SUCCESS, logIndex=4501, commits[374189d0-76c5-49d2-81b4-45a4af1368a2:c4502]
2019-06-14 08:43:07,125 DEBUG block.SCMBlockDeletingService (SCMBlockDeletingService.java:call(138)) - Running DeletedBlockTransactionScanner
2019-06-14 08:43:07,126 DEBUG block.SCMBlockDeletingService (SCMBlockDeletingService.java:call(155)) - Scanned deleted blocks log and got 0 delTX to process.
2019-06-14 08:43:07,126 INFO  client.GrpcClientProtocolClient (GrpcClientProtocolClient.java:onNext(254)) - client-2EC808601240->374189d0-76c5-49d2-81b4-45a4af1368a2: receive RaftClientReply:client-2EC808601240->374189d0-76c5-49d2-81b4-45a4af1368a2@group-30B6692CD68C, cid=2697, SUCCESS, logIndex=4503, commits[374189d0-76c5-49d2-81b4-45a4af1368a2:c4503]
2019-06-14 08:43:07,128 INFO  client.GrpcClientProtocolClient (GrpcClientProtocolClient.java:onNext(254)) - client-2EC808601240->374189d0-76c5-49d2-81b4-45a4af1368a2: receive RaftClientReply:client-2EC808601240->374189d0-76c5-49d2-81b4-45a4af1368a2@group-30B6692CD68C, cid=2698, SUCCESS, logIndex=4505, commits[374189d0-76c5-49d2-81b4-45a4af1368a2:c4505]
2019-06-14 08:43:07,128 INFO  client.GrpcClientProtocolClient (GrpcClientProtocolClient.java:onNext(254)) - client-2EC808601240->374189d0-76c5-49d2-81b4-45a4af1368a2: receive RaftClientReply:client-2EC808601240->374189d0-76c5-49d2-81b4-45a4af1368a2@group-30B6692CD68C, cid=2699, SUCCESS, logIndex=4506, commits[374189d0-76c5-49d2-81b4-45a4af1368a2:c4506]
2019-06-14 08:43:07,129 INFO  client.GrpcClientProtocolClient (GrpcClientProtocolClient.java:onNext(254)) - client-2EC808601240->374189d0-76c5-49d2-81b4-45a4af1368a2: receive RaftClientReply:client-2EC808601240->374189d0-76c5-49d2-81b4-45a4af1368a2@group-30B6692CD68C, cid=2700, SUCCESS, logIndex=4508, commits[374189d0-76c5-49d2-81b4-45a4af1368a2:c4508]
2019-06-14 08:43:07,134 INFO  client.GrpcClientProtocolClient (GrpcClientProtocolClient.java:onNext(254)) - client-2EC808601240->374189d0-76c5-49d2-81b4-45a4af1368a2: receive RaftClientReply:client-2EC808601240->374189d0-76c5-49d2-81b4-45a4af1368a2@group-30B6692CD68C, cid=2701, SUCCESS, logIndex=4511, commits[374189d0-76c5-49d2-81b4-45a4af1368a2:c4511]
2019-06-14 08:43:07,135 INFO  client.GrpcClientProtocolClient (GrpcClientProtocolClient.java:onNext(254)) - client-2EC808601240->374189d0-76c5-49d2-81b4-45a4af1368a2: receive RaftClientReply:client-2EC808601240->374189d0-76c5-49d2-81b4-45a4af1368a2@group-30B6692CD68C, cid=2702, SUCCESS, logIndex=4513, commits[374189d0-76c5-49d2-81b4-45a4af1368a2:c4513]
2019-06-14 08:43:07,136 INFO  client.GrpcClientProtocolClient (GrpcClientProtocolClient.java:onNext(254)) - client-2EC808601240->374189d0-76c5-49d2-81b4-45a4af1368a2: receive RaftClientReply:client-2EC808601240->374189d0-76c5-49d2-81b4-45a4af1368a2@group-30B6692CD68C, cid=2703, SUCCESS, logIndex=4514, commits[374189d0-76c5-49d2-81b4-45a4af1368a2:c4516]
2019-06-14 08:43:07,136 INFO  client.GrpcClientProtocolClient (GrpcClientProtocolClient.java:onNext(254)) - client-2EC808601240->374189d0-76c5-49d2-81b4-45a4af1368a2: receive RaftClientReply:client-2EC808601240->374189d0-76c5-49d2-81b4-45a4af1368a2@group-30B6692CD68C, cid=2704, SUCCESS, logIndex=4515, commits[374189d0-76c5-49d2-81b4-45a4af1368a2:c4516]
2019-06-14 08:43:07,145 INFO  client.GrpcClientProtocolClient (GrpcClientProtocolClient.java:onNext(254)) - client-2EC808601240->374189d0-76c5-49d2-81b4-45a4af1368a2: receive RaftClientReply:client-2EC808601240->374189d0-76c5-49d2-81b4-45a4af1368a2@group-30B6692CD68C, cid=2705, SUCCESS, logIndex=4517, commits[374189d0-76c5-49d2-81b4-45a4af1368a2:c4517]
2019-06-14 08:43:07,147 INFO  client.GrpcClientProtocolClient (GrpcClientProtocolClient.java:onNext(254)) - client-2EC808601240->374189d0-76c5-49d2-81b4-45a4af1368a2: receive RaftClientReply:client-2EC808601240->374189d0-76c5-49d2-81b4-45a4af1368a2@group-30B6692CD68C, cid=2706, SUCCESS, logIndex=4519, commits[374189d0-76c5-49d2-81b4-45a4af1368a2:c4519]
2019-06-14 08:43:07,147 INFO  client.GrpcClientProtocolClient (GrpcClientProtocolClient.java:onNext(254)) - client-2EC808601240->374189d0-76c5-49d2-81b4-45a4af1368a2: receive RaftClientReply:client-2EC808601240->374189d0-76c5-49d2-81b4-45a4af1368a2@group-30B6692CD68C, cid=2707, SUCCESS, logIndex=4520, commits[374189d0-76c5-49d2-81b4-45a4af1368a2:c4521]
2019-06-14 08:43:07,147 INFO  client.GrpcClientProtocolClient (GrpcClientProtocolClient.java:onNext(254)) - client-2EC808601240->374189d0-76c5-49d2-81b4-45a4af1368a2: receive RaftClientReply:client-2EC808601240->374189d0-76c5-49d2-81b4-45a4af1368a2@group-30B6692CD68C, cid=2708, SUCCESS, logIndex=4521, commits[374189d0-76c5-49d2-81b4-45a4af1368a2:c4521]
2019-06-14 08:43:07,152 INFO  client.GrpcClientProtocolClient (GrpcClientProtocolClient.java:onNext(254)) - client-2EC808601240->374189d0-76c5-49d2-81b4-45a4af1368a2: receive RaftClientReply:client-2EC808601240->374189d0-76c5-49d2-81b4-45a4af1368a2@group-30B6692CD68C, cid=2709, SUCCESS, logIndex=4524, commits[374189d0-76c5-49d2-81b4-45a4af1368a2:c4524]
2019-06-14 08:43:07,152 INFO  storage.RaftLogWorker (RaftLogWorker.java:rollLogSegment(303)) - 374189d0-76c5-49d2-81b4-45a4af1368a2-RaftLogWorker: Rolling segment log-4455_4525 to index:4525
2019-06-14 08:43:07,153 INFO  storage.RaftLogWorker (RaftLogWorker.java:execute(433)) - 374189d0-76c5-49d2-81b4-45a4af1368a2-RaftLogWorker: Rolled log segment from /opt/src/hadoop-ozone/integration-test/target/test-dir/MiniOzoneClusterImpl-1994f8b8-dd4d-445c-bf25-0c6d40f9b14d/datanode-0/data/ratis/99d0acb8-99ce-4814-8259-30b6692cd68c/current/log_inprogress_4455 to /opt/src/hadoop-ozone/integration-test/target/test-dir/MiniOzoneClusterImpl-1994f8b8-dd4d-445c-bf25-0c6d40f9b14d/datanode-0/data/ratis/99d0acb8-99ce-4814-8259-30b6692cd68c/current/log_4455-4525
2019-06-14 08:43:07,190 INFO  storage.RaftLogWorker (RaftLogWorker.java:execute(469)) - 374189d0-76c5-49d2-81b4-45a4af1368a2-RaftLogWorker: created new log segment /opt/src/hadoop-ozone/integration-test/target/test-dir/MiniOzoneClusterImpl-1994f8b8-dd4d-445c-bf25-0c6d40f9b14d/datanode-0/data/ratis/99d0acb8-99ce-4814-8259-30b6692cd68c/current/log_inprogress_4526
2019-06-14 08:43:07,192 INFO  client.GrpcClientProtocolClient (GrpcClientProtocolClient.java:onNext(254)) - client-2EC808601240->374189d0-76c5-49d2-81b4-45a4af1368a2: receive RaftClientReply:client-2EC808601240->374189d0-76c5-49d2-81b4-45a4af1368a2@group-30B6692CD68C, cid=2710, SUCCESS, logIndex=4526, commits[374189d0-76c5-49d2-81b4-45a4af1368a2:c4528]
2019-06-14 08:43:07,192 INFO  client.GrpcClientProtocolClient (GrpcClientProtocolClient.java:onNext(254)) - client-2EC808601240->374189d0-76c5-49d2-81b4-45a4af1368a2: receive RaftClientReply:client-2EC808601240->374189d0-76c5-49d2-81b4-45a4af1368a2@group-30B6692CD68C, cid=2711, SUCCESS, logIndex=4527, commits[374189d0-76c5-49d2-81b4-45a4af1368a2:c4529]
2019-06-14 08:43:07,192 INFO  client.GrpcClientProtocolClient (GrpcClientProtocolClient.java:onNext(254)) - client-2EC808601240->374189d0-76c5-49d2-81b4-45a4af1368a2: receive RaftClientReply:client-2EC808601240->374189d0-76c5-49d2-81b4-45a4af1368a2@group-30B6692CD68C, cid=2712, SUCCESS, logIndex=4528, commits[374189d0-76c5-49d2-81b4-45a4af1368a2:c4529]
2019-06-14 08:43:07,202 INFO  client.GrpcClientProtocolClient (GrpcClientProtocolClient.java:onNext(254)) - client-2EC808601240->374189d0-76c5-49d2-81b4-45a4af1368a2: receive RaftClientReply:client-2EC808601240->374189d0-76c5-49d2-81b4-45a4af1368a2@group-30B6692CD68C, cid=2713, SUCCESS, logIndex=4530, commits[374189d0-76c5-49d2-81b4-45a4af1368a2:c4530]
2019-06-14 08:43:07,203 INFO  client.GrpcClientProtocolClient (GrpcClientProtocolClient.java:onNext(254)) - client-2EC808601240->374189d0-76c5-49d2-81b4-45a4af1368a2: receive RaftClientReply:client-2EC808601240->374189d0-76c5-49d2-81b4-45a4af1368a2@group-30B6692CD68C, cid=2714, SUCCESS, logIndex=4532, commits[374189d0-76c5-49d2-81b4-45a4af1368a2:c4532]
2019-06-14 08:43:07,204 INFO  client.GrpcClientProtocolClient (GrpcClientProtocolClient.java:onNext(254)) - client-2EC808601240->374189d0-76c5-49d2-81b4-45a4af1368a2: receive RaftClientReply:client-2EC808601240->374189d0-76c5-49d2-81b4-45a4af1368a2@group-30B6692CD68C, cid=2715, SUCCESS, logIndex=4533, commits[374189d0-76c5-49d2-81b4-45a4af1368a2:c4535]
2019-06-14 08:43:07,204 INFO  client.GrpcClientProtocolClient (GrpcClientProtocolClient.java:onNext(254)) - client-2EC808601240->374189d0-76c5-49d2-81b4-45a4af1368a2: receive RaftClientReply:client-2EC808601240->374189d0-76c5-49d2-81b4-45a4af1368a2@group-30B6692CD68C, cid=2716, SUCCESS, logIndex=4534, commits[374189d0-76c5-49d2-81b4-45a4af1368a2:c4535]
2019-06-14 08:43:07,209 INFO  client.GrpcClientProtocolClient (GrpcClientProtocolClient.java:onNext(254)) - client-2EC808601240->374189d0-76c5-49d2-81b4-45a4af1368a2: receive RaftClientReply:client-2EC808601240->374189d0-76c5-49d2-81b4-45a4af1368a2@group-30B6692CD68C, cid=2717, SUCCESS, logIndex=4536, commits[374189d0-76c5-49d2-81b4-45a4af1368a2:c4536]
2019-06-14 08:43:07,210 INFO  client.GrpcClientProtocolClient (GrpcClientProtocolClient.java:onNext(254)) - client-2EC808601240->374189d0-76c5-49d2-81b4-45a4af1368a2: receive RaftClientReply:client-2EC808601240->374189d0-76c5-49d2-81b4-45a4af1368a2@group-30B6692CD68C, cid=2718, SUCCESS, logIndex=4538, commits[374189d0-76c5-49d2-81b4-45a4af1368a2:c4538]
2019-06-14 08:43:07,211 INFO  client.GrpcClientProtocolClient (GrpcClientProtocolClient.java:onNext(254)) - client-2EC808601240->374189d0-76c5-49d2-81b4-45a4af1368a2: receive RaftClientReply:client-2EC808601240->374189d0-76c5-49d2-81b4-45a4af1368a2@group-30B6692CD68C, cid=2719, SUCCESS, logIndex=4539, commits[374189d0-76c5-49d2-81b4-45a4af1368a2:c4541]
2019-06-14 08:43:07,212 INFO  client.GrpcClientProtocolClient (GrpcClientProtocolClient.java:onNext(254)) - client-2EC808601240->374189d0-76c5-49d2-81b4-45a4af1368a2: receive RaftClientReply:client-2EC808601240->374189d0-76c5-49d2-81b4-45a4af1368a2@group-30B6692CD68C, cid=2720, SUCCESS, logIndex=4540, commits[374189d0-76c5-49d2-81b4-45a4af1368a2:c4541]
2019-06-14 08:43:07,221 INFO  client.GrpcClientProtocolClient (GrpcClientProtocolClient.java:onNext(254)) - client-2EC808601240->374189d0-76c5-49d2-81b4-45a4af1368a2: receive RaftClientReply:client-2EC808601240->374189d0-76c5-49d2-81b4-45a4af1368a2@group-30B6692CD68C, cid=2721, SUCCESS, logIndex=4542, commits[374189d0-76c5-49d2-81b4-45a4af1368a2:c4542]
2019-06-14 08:43:07,225 INFO  client.GrpcClientProtocolClient (GrpcClientProtocolClient.java:onNext(254)) - client-2EC808601240->374189d0-76c5-49d2-81b4-45a4af1368a2: receive RaftClientReply:client-2EC808601240->374189d0-76c5-49d2-81b4-45a4af1368a2@group-30B6692CD68C, cid=2722, SUCCESS, logIndex=4544, commits[374189d0-76c5-49d2-81b4-45a4af1368a2:c4544]
2019-06-14 08:43:07,226 DEBUG block.SCMBlockDeletingService (SCMBlockDeletingService.java:call(138)) - Running DeletedBlockTransactionScanner
2019-06-14 08:43:07,226 DEBUG block.SCMBlockDeletingService (SCMBlockDeletingService.java:call(155)) - Scanned deleted blocks log and got 0 delTX to process.
2019-06-14 08:43:07,231 INFO  client.GrpcClientProtocolClient (GrpcClientProtocolClient.java:onNext(254)) - client-2EC808601240->374189d0-76c5-49d2-81b4-45a4af1368a2: receive RaftClientReply:client-2EC808601240->374189d0-76c5-49d2-81b4-45a4af1368a2@group-30B6692CD68C, cid=2723, SUCCESS, logIndex=4545, commits[374189d0-76c5-49d2-81b4-45a4af1368a2:c4547]
2019-06-14 08:43:07,231 INFO  client.GrpcClientProtocolClient (GrpcClientProtocolClient.java:onNext(254)) - client-2EC808601240->374189d0-76c5-49d2-81b4-45a4af1368a2: receive RaftClientReply:client-2EC808601240->374189d0-76c5-49d2-81b4-45a4af1368a2@group-30B6692CD68C, cid=2724, SUCCESS, logIndex=4546, commits[374189d0-76c5-49d2-81b4-45a4af1368a2:c4547]
2019-06-14 08:43:07,236 INFO  client.GrpcClientProtocolClient (GrpcClientProtocolClient.java:onNext(254)) - client-2EC808601240->374189d0-76c5-49d2-81b4-45a4af1368a2: receive RaftClientReply:client-2EC808601240->374189d0-76c5-49d2-81b4-45a4af1368a2@group-30B6692CD68C, cid=2725, SUCCESS, logIndex=4548, commits[374189d0-76c5-49d2-81b4-45a4af1368a2:c4548]
2019-06-14 08:43:07,238 INFO  client.GrpcClientProtocolClient (GrpcClientProtocolClient.java:onNext(254)) - client-2EC808601240->374189d0-76c5-49d2-81b4-45a4af1368a2: receive RaftClientReply:client-2EC808601240->374189d0-76c5-49d2-81b4-45a4af1368a2@group-30B6692CD68C, cid=2726, SUCCESS, logIndex=4550, commits[374189d0-76c5-49d2-81b4-45a4af1368a2:c4550]
2019-06-14 08:43:07,239 INFO  client.GrpcClientProtocolClient (GrpcClientProtocolClient.java:onNext(254)) - client-2EC808601240->374189d0-76c5-49d2-81b4-45a4af1368a2: receive RaftClientReply:client-2EC808601240->374189d0-76c5-49d2-81b4-45a4af1368a2@group-30B6692CD68C, cid=2727, SUCCESS, logIndex=4551, commits[374189d0-76c5-49d2-81b4-45a4af1368a2:c4553]
2019-06-14 08:43:07,239 INFO  client.GrpcClientProtocolClient (GrpcClientProtocolClient.java:onNext(254)) - client-2EC808601240->374189d0-76c5-49d2-81b4-45a4af1368a2: receive RaftClientReply:client-2EC808601240->374189d0-76c5-49d2-81b4-45a4af1368a2@group-30B6692CD68C, cid=2728, SUCCESS, logIndex=4552, commits[374189d0-76c5-49d2-81b4-45a4af1368a2:c4553]
2019-06-14 08:43:07,249 INFO  client.GrpcClientProtocolClient (GrpcClientProtocolClient.java:onNext(254)) - client-2EC808601240->374189d0-76c5-49d2-81b4-45a4af1368a2: receive RaftClientReply:client-2EC808601240->374189d0-76c5-49d2-81b4-45a4af1368a2@group-30B6692CD68C, cid=2729, SUCCESS, logIndex=4554, commits[374189d0-76c5-49d2-81b4-45a4af1368a2:c4554]
2019-06-14 08:43:07,251 INFO  client.GrpcClientProtocolClient (GrpcClientProtocolClient.java:onNext(254)) - client-2EC808601240->374189d0-76c5-49d2-81b4-45a4af1368a2: receive RaftClientReply:client-2EC808601240->374189d0-76c5-49d2-81b4-45a4af1368a2@group-30B6692CD68C, cid=2730, SUCCESS, logIndex=4556, commits[374189d0-76c5-49d2-81b4-45a4af1368a2:c4556]
2019-06-14 08:43:07,251 INFO  client.GrpcClientProtocolClient (GrpcClientProtocolClient.java:onNext(254)) - client-2EC808601240->374189d0-76c5-49d2-81b4-45a4af1368a2: receive RaftClientReply:client-2EC808601240->374189d0-76c5-49d2-81b4-45a4af1368a2@group-30B6692CD68C, cid=2731, SUCCESS, logIndex=4557, commits[374189d0-76c5-49d2-81b4-45a4af1368a2:c4558]
2019-06-14 08:43:07,251 INFO  client.GrpcClientProtocolClient (GrpcClientProtocolClient.java:onNext(254)) - client-2EC808601240->374189d0-76c5-49d2-81b4-45a4af1368a2: receive RaftClientReply:client-2EC808601240->374189d0-76c5-49d2-81b4-45a4af1368a2@group-30B6692CD68C, cid=2732, SUCCESS, logIndex=4558, commits[374189d0-76c5-49d2-81b4-45a4af1368a2:c4559]
2019-06-14 08:43:07,257 INFO  client.GrpcClientProtocolClient (GrpcClientProtocolClient.java:onNext(254)) - client-2EC808601240->374189d0-76c5-49d2-81b4-45a4af1368a2: receive RaftClientReply:client-2EC808601240->374189d0-76c5-49d2-81b4-45a4af1368a2@group-30B6692CD68C, cid=2733, SUCCESS, logIndex=4561, commits[374189d0-76c5-49d2-81b4-45a4af1368a2:c4561]
2019-06-14 08:43:07,259 INFO  client.GrpcClientProtocolClient (GrpcClientProtocolClient.java:onNext(254)) - client-2EC808601240->374189d0-76c5-49d2-81b4-45a4af1368a2: receive RaftClientReply:client-2EC808601240->374189d0-76c5-49d2-81b4-45a4af1368a2@group-30B6692CD68C, cid=2734, SUCCESS, logIndex=4563, commits[374189d0-76c5-49d2-81b4-45a4af1368a2:c4563]
2019-06-14 08:43:07,260 INFO  client.GrpcClientProtocolClient (GrpcClientProtocolClient.java:onNext(254)) - client-2EC808601240->374189d0-76c5-49d2-81b4-45a4af1368a2: receive RaftClientReply:client-2EC808601240->374189d0-76c5-49d2-81b4-45a4af1368a2@group-30B6692CD68C, cid=2735, SUCCESS, logIndex=4564, commits[374189d0-76c5-49d2-81b4-45a4af1368a2:c4566]
2019-06-14 08:43:07,260 INFO  client.GrpcClientProtocolClient (GrpcClientProtocolClient.java:onNext(254)) - client-2EC808601240->374189d0-76c5-49d2-81b4-45a4af1368a2: receive RaftClientReply:client-2EC808601240->374189d0-76c5-49d2-81b4-45a4af1368a2@group-30B6692CD68C, cid=2736, SUCCESS, logIndex=4565, commits[374189d0-76c5-49d2-81b4-45a4af1368a2:c4566]
2019-06-14 08:43:07,270 INFO  client.GrpcClientProtocolClient (GrpcClientProtocolClient.java:onNext(254)) - client-2EC808601240->374189d0-76c5-49d2-81b4-45a4af1368a2: receive RaftClientReply:client-2EC808601240->374189d0-76c5-49d2-81b4-45a4af1368a2@group-30B6692CD68C, cid=2737, SUCCESS, logIndex=4567, commits[374189d0-76c5-49d2-81b4-45a4af1368a2:c4567]
2019-06-14 08:43:07,272 INFO  client.GrpcClientProtocolClient (GrpcClientProtocolClient.java:onNext(254)) - client-2EC808601240->374189d0-76c5-49d2-81b4-45a4af1368a2: receive RaftClientReply:client-2EC808601240->374189d0-76c5-49d2-81b4-45a4af1368a2@group-30B6692CD68C, cid=2738, SUCCESS, logIndex=4569, commits[374189d0-76c5-49d2-81b4-45a4af1368a2:c4569]
2019-06-14 08:43:07,272 INFO  client.GrpcClientProtocolClient (GrpcClientProtocolClient.java:onNext(254)) - client-2EC808601240->374189d0-76c5-49d2-81b4-45a4af1368a2: receive RaftClientReply:client-2EC808601240->374189d0-76c5-49d2-81b4-45a4af1368a2@group-30B6692CD68C, cid=2739, SUCCESS, logIndex=4570, commits[374189d0-76c5-49d2-81b4-45a4af1368a2:c4572]
2019-06-14 08:43:07,273 INFO  client.GrpcClientProtocolClient (GrpcClientProtocolClient.java:onNext(254)) - client-2EC808601240->374189d0-76c5-49d2-81b4-45a4af1368a2: receive RaftClientReply:client-2EC808601240->374189d0-76c5-49d2-81b4-45a4af1368a2@group-30B6692CD68C, cid=2740, SUCCESS, logIndex=4571, commits[374189d0-76c5-49d2-81b4-45a4af1368a2:c4572]
2019-06-14 08:43:07,326 DEBUG block.SCMBlockDeletingService (SCMBlockDeletingService.java:call(138)) - Running DeletedBlockTransactionScanner
2019-06-14 08:43:07,326 DEBUG block.SCMBlockDeletingService (SCMBlockDeletingService.java:call(155)) - Scanned deleted blocks log and got 0 delTX to process.
2019-06-14 08:43:07,345 INFO  client.GrpcClientProtocolClient (GrpcClientProtocolClient.java:onNext(254)) - client-2EC808601240->374189d0-76c5-49d2-81b4-45a4af1368a2: receive RaftClientReply:client-2EC808601240->374189d0-76c5-49d2-81b4-45a4af1368a2@group-30B6692CD68C, cid=2741, SUCCESS, logIndex=4573, commits[374189d0-76c5-49d2-81b4-45a4af1368a2:c4573]
2019-06-14 08:43:07,347 INFO  client.GrpcClientProtocolClient (GrpcClientProtocolClient.java:onNext(254)) - client-2EC808601240->374189d0-76c5-49d2-81b4-45a4af1368a2: receive RaftClientReply:client-2EC808601240->374189d0-76c5-49d2-81b4-45a4af1368a2@group-30B6692CD68C, cid=2742, SUCCESS, logIndex=4575, commits[374189d0-76c5-49d2-81b4-45a4af1368a2:c4575]
2019-06-14 08:43:07,347 INFO  client.GrpcClientProtocolClient (GrpcClientProtocolClient.java:onNext(254)) - client-2EC808601240->374189d0-76c5-49d2-81b4-45a4af1368a2: receive RaftClientReply:client-2EC808601240->374189d0-76c5-49d2-81b4-45a4af1368a2@group-30B6692CD68C, cid=2743, SUCCESS, logIndex=4576, commits[374189d0-76c5-49d2-81b4-45a4af1368a2:c4577]
2019-06-14 08:43:07,347 INFO  client.GrpcClientProtocolClient (GrpcClientProtocolClient.java:onNext(254)) - client-2EC808601240->374189d0-76c5-49d2-81b4-45a4af1368a2: receive RaftClientReply:client-2EC808601240->374189d0-76c5-49d2-81b4-45a4af1368a2@group-30B6692CD68C, cid=2744, SUCCESS, logIndex=4577, commits[374189d0-76c5-49d2-81b4-45a4af1368a2:c4577]
2019-06-14 08:43:07,357 INFO  client.GrpcClientProtocolClient (GrpcClientProtocolClient.java:onNext(254)) - client-2EC808601240->374189d0-76c5-49d2-81b4-45a4af1368a2: receive RaftClientReply:client-2EC808601240->374189d0-76c5-49d2-81b4-45a4af1368a2@group-30B6692CD68C, cid=2745, SUCCESS, logIndex=4580, commits[374189d0-76c5-49d2-81b4-45a4af1368a2:c4580]
2019-06-14 08:43:07,359 INFO  client.GrpcClientProtocolClient (GrpcClientProtocolClient.java:onNext(254)) - client-2EC808601240->374189d0-76c5-49d2-81b4-45a4af1368a2: receive RaftClientReply:client-2EC808601240->374189d0-76c5-49d2-81b4-45a4af1368a2@group-30B6692CD68C, cid=2746, SUCCESS, logIndex=4582, commits[374189d0-76c5-49d2-81b4-45a4af1368a2:c4582]
2019-06-14 08:43:07,361 INFO  client.GrpcClientProtocolClient (GrpcClientProtocolClient.java:onNext(254)) - client-2EC808601240->374189d0-76c5-49d2-81b4-45a4af1368a2: receive RaftClientReply:client-2EC808601240->374189d0-76c5-49d2-81b4-45a4af1368a2@group-30B6692CD68C, cid=2747, SUCCESS, logIndex=4583, commits[374189d0-76c5-49d2-81b4-45a4af1368a2:c4584]
2019-06-14 08:43:07,361 INFO  client.GrpcClientProtocolClient (GrpcClientProtocolClient.java:onNext(254)) - client-2EC808601240->374189d0-76c5-49d2-81b4-45a4af1368a2: receive RaftClientReply:client-2EC808601240->374189d0-76c5-49d2-81b4-45a4af1368a2@group-30B6692CD68C, cid=2748, SUCCESS, logIndex=4584, commits[374189d0-76c5-49d2-81b4-45a4af1368a2:c4584]
2019-06-14 08:43:07,367 INFO  client.GrpcClientProtocolClient (GrpcClientProtocolClient.java:onNext(254)) - client-2EC808601240->374189d0-76c5-49d2-81b4-45a4af1368a2: receive RaftClientReply:client-2EC808601240->374189d0-76c5-49d2-81b4-45a4af1368a2@group-30B6692CD68C, cid=2749, SUCCESS, logIndex=4587, commits[374189d0-76c5-49d2-81b4-45a4af1368a2:c4587]
2019-06-14 08:43:07,368 INFO  client.GrpcClientProtocolClient (GrpcClientProtocolClient.java:onNext(254)) - client-2EC808601240->374189d0-76c5-49d2-81b4-45a4af1368a2: receive RaftClientReply:client-2EC808601240->374189d0-76c5-49d2-81b4-45a4af1368a2@group-30B6692CD68C, cid=2750, SUCCESS, logIndex=4589, commits[374189d0-76c5-49d2-81b4-45a4af1368a2:c4589]
2019-06-14 08:43:07,370 INFO  client.GrpcClientProtocolClient (GrpcClientProtocolClient.java:onNext(254)) - client-2EC808601240->374189d0-76c5-49d2-81b4-45a4af1368a2: receive RaftClientReply:client-2EC808601240->374189d0-76c5-49d2-81b4-45a4af1368a2@group-30B6692CD68C, cid=2751, SUCCESS, logIndex=4591, commits[374189d0-76c5-49d2-81b4-45a4af1368a2:c4592]
2019-06-14 08:43:07,375 INFO  client.GrpcClientProtocolClient (GrpcClientProtocolClient.java:onNext(254)) - client-2EC808601240->374189d0-76c5-49d2-81b4-45a4af1368a2: receive RaftClientReply:client-2EC808601240->374189d0-76c5-49d2-81b4-45a4af1368a2@group-30B6692CD68C, cid=2752, SUCCESS, logIndex=4592, commits[374189d0-76c5-49d2-81b4-45a4af1368a2:c4592]
2019-06-14 08:43:07,383 INFO  storage.RaftLogWorker (RaftLogWorker.java:rollLogSegment(303)) - 374189d0-76c5-49d2-81b4-45a4af1368a2-RaftLogWorker: Rolling segment log-4526_4593 to index:4593
2019-06-14 08:43:07,384 INFO  storage.RaftLogWorker (RaftLogWorker.java:execute(433)) - 374189d0-76c5-49d2-81b4-45a4af1368a2-RaftLogWorker: Rolled log segment from /opt/src/hadoop-ozone/integration-test/target/test-dir/MiniOzoneClusterImpl-1994f8b8-dd4d-445c-bf25-0c6d40f9b14d/datanode-0/data/ratis/99d0acb8-99ce-4814-8259-30b6692cd68c/current/log_inprogress_4526 to /opt/src/hadoop-ozone/integration-test/target/test-dir/MiniOzoneClusterImpl-1994f8b8-dd4d-445c-bf25-0c6d40f9b14d/datanode-0/data/ratis/99d0acb8-99ce-4814-8259-30b6692cd68c/current/log_4526-4593
2019-06-14 08:43:07,419 INFO  storage.RaftLogWorker (RaftLogWorker.java:execute(469)) - 374189d0-76c5-49d2-81b4-45a4af1368a2-RaftLogWorker: created new log segment /opt/src/hadoop-ozone/integration-test/target/test-dir/MiniOzoneClusterImpl-1994f8b8-dd4d-445c-bf25-0c6d40f9b14d/datanode-0/data/ratis/99d0acb8-99ce-4814-8259-30b6692cd68c/current/log_inprogress_4594
2019-06-14 08:43:07,421 INFO  client.GrpcClientProtocolClient (GrpcClientProtocolClient.java:onNext(254)) - client-2EC808601240->374189d0-76c5-49d2-81b4-45a4af1368a2: receive RaftClientReply:client-2EC808601240->374189d0-76c5-49d2-81b4-45a4af1368a2@group-30B6692CD68C, cid=2753, SUCCESS, logIndex=4594, commits[374189d0-76c5-49d2-81b4-45a4af1368a2:c4594]
2019-06-14 08:43:07,423 INFO  client.GrpcClientProtocolClient (GrpcClientProtocolClient.java:onNext(254)) - client-2EC808601240->374189d0-76c5-49d2-81b4-45a4af1368a2: receive RaftClientReply:client-2EC808601240->374189d0-76c5-49d2-81b4-45a4af1368a2@group-30B6692CD68C, cid=2754, SUCCESS, logIndex=4596, commits[374189d0-76c5-49d2-81b4-45a4af1368a2:c4596]
2019-06-14 08:43:07,423 INFO  client.GrpcClientProtocolClient (GrpcClientProtocolClient.java:onNext(254)) - client-2EC808601240->374189d0-76c5-49d2-81b4-45a4af1368a2: receive RaftClientReply:client-2EC808601240->374189d0-76c5-49d2-81b4-45a4af1368a2@group-30B6692CD68C, cid=2755, SUCCESS, logIndex=4597, commits[374189d0-76c5-49d2-81b4-45a4af1368a2:c4599]
2019-06-14 08:43:07,424 INFO  client.GrpcClientProtocolClient (GrpcClientProtocolClient.java:onNext(254)) - client-2EC808601240->374189d0-76c5-49d2-81b4-45a4af1368a2: receive RaftClientReply:client-2EC808601240->374189d0-76c5-49d2-81b4-45a4af1368a2@group-30B6692CD68C, cid=2756, SUCCESS, logIndex=4598, commits[374189d0-76c5-49d2-81b4-45a4af1368a2:c4599]
2019-06-14 08:43:07,428 DEBUG block.SCMBlockDeletingService (SCMBlockDeletingService.java:call(138)) - Running DeletedBlockTransactionScanner
2019-06-14 08:43:07,428 DEBUG block.SCMBlockDeletingService (SCMBlockDeletingService.java:call(155)) - Scanned deleted blocks log and got 0 delTX to process.
2019-06-14 08:43:07,429 INFO  client.GrpcClientProtocolClient (GrpcClientProtocolClient.java:onNext(254)) - client-2EC808601240->374189d0-76c5-49d2-81b4-45a4af1368a2: receive RaftClientReply:client-2EC808601240->374189d0-76c5-49d2-81b4-45a4af1368a2@group-30B6692CD68C, cid=2757, SUCCESS, logIndex=4600, commits[374189d0-76c5-49d2-81b4-45a4af1368a2:c4600]
2019-06-14 08:43:07,431 INFO  client.GrpcClientProtocolClient (GrpcClientProtocolClient.java:onNext(254)) - client-2EC808601240->374189d0-76c5-49d2-81b4-45a4af1368a2: receive RaftClientReply:client-2EC808601240->374189d0-76c5-49d2-81b4-45a4af1368a2@group-30B6692CD68C, cid=2758, SUCCESS, logIndex=4602, commits[374189d0-76c5-49d2-81b4-45a4af1368a2:c4602]
2019-06-14 08:43:07,431 INFO  client.GrpcClientProtocolClient (GrpcClientProtocolClient.java:onNext(254)) - client-2EC808601240->374189d0-76c5-49d2-81b4-45a4af1368a2: receive RaftClientReply:client-2EC808601240->374189d0-76c5-49d2-81b4-45a4af1368a2@group-30B6692CD68C, cid=2759, SUCCESS, logIndex=4603, commits[374189d0-76c5-49d2-81b4-45a4af1368a2:c4604]
2019-06-14 08:43:07,432 INFO  client.GrpcClientProtocolClient (GrpcClientProtocolClient.java:onNext(254)) - client-2EC808601240->374189d0-76c5-49d2-81b4-45a4af1368a2: receive RaftClientReply:client-2EC808601240->374189d0-76c5-49d2-81b4-45a4af1368a2@group-30B6692CD68C, cid=2760, SUCCESS, logIndex=4604, commits[374189d0-76c5-49d2-81b4-45a4af1368a2:c4604]
2019-06-14 08:43:07,441 INFO  client.GrpcClientProtocolClient (GrpcClientProtocolClient.java:onNext(254)) - client-2EC808601240->374189d0-76c5-49d2-81b4-45a4af1368a2: receive RaftClientReply:client-2EC808601240->374189d0-76c5-49d2-81b4-45a4af1368a2@group-30B6692CD68C, cid=2761, SUCCESS, logIndex=4607, commits[374189d0-76c5-49d2-81b4-45a4af1368a2:c4607]
2019-06-14 08:43:07,443 INFO  client.GrpcClientProtocolClient (GrpcClientProtocolClient.java:onNext(254)) - client-2EC808601240->374189d0-76c5-49d2-81b4-45a4af1368a2: receive RaftClientReply:client-2EC808601240->374189d0-76c5-49d2-81b4-45a4af1368a2@group-30B6692CD68C, cid=2762, SUCCESS, logIndex=4609, commits[374189d0-76c5-49d2-81b4-45a4af1368a2:c4609]
2019-06-14 08:43:07,444 INFO  client.GrpcClientProtocolClient (GrpcClientProtocolClient.java:onNext(254)) - client-2EC808601240->374189d0-76c5-49d2-81b4-45a4af1368a2: receive RaftClientReply:client-2EC808601240->374189d0-76c5-49d2-81b4-45a4af1368a2@group-30B6692CD68C, cid=2763, SUCCESS, logIndex=4610, commits[374189d0-76c5-49d2-81b4-45a4af1368a2:c4611]
2019-06-14 08:43:07,445 INFO  client.GrpcClientProtocolClient (GrpcClientProtocolClient.java:onNext(254)) - client-2EC808601240->374189d0-76c5-49d2-81b4-45a4af1368a2: receive RaftClientReply:client-2EC808601240->374189d0-76c5-49d2-81b4-45a4af1368a2@group-30B6692CD68C, cid=2764, SUCCESS, logIndex=4612, commits[374189d0-76c5-49d2-81b4-45a4af1368a2:c4612]
2019-06-14 08:43:07,450 INFO  client.GrpcClientProtocolClient (GrpcClientProtocolClient.java:onNext(254)) - client-2EC808601240->374189d0-76c5-49d2-81b4-45a4af1368a2: receive RaftClientReply:client-2EC808601240->374189d0-76c5-49d2-81b4-45a4af1368a2@group-30B6692CD68C, cid=2765, SUCCESS, logIndex=4614, commits[374189d0-76c5-49d2-81b4-45a4af1368a2:c4614]
2019-06-14 08:43:07,451 INFO  client.GrpcClientProtocolClient (GrpcClientProtocolClient.java:onNext(254)) - client-2EC808601240->374189d0-76c5-49d2-81b4-45a4af1368a2: receive RaftClientReply:client-2EC808601240->374189d0-76c5-49d2-81b4-45a4af1368a2@group-30B6692CD68C, cid=2766, SUCCESS, logIndex=4616, commits[374189d0-76c5-49d2-81b4-45a4af1368a2:c4616]
2019-06-14 08:43:07,453 INFO  client.GrpcClientProtocolClient (GrpcClientProtocolClient.java:onNext(254)) - client-2EC808601240->374189d0-76c5-49d2-81b4-45a4af1368a2: receive RaftClientReply:client-2EC808601240->374189d0-76c5-49d2-81b4-45a4af1368a2@group-30B6692CD68C, cid=2767, SUCCESS, logIndex=4618, commits[374189d0-76c5-49d2-81b4-45a4af1368a2:c4619]
2019-06-14 08:43:07,454 INFO  client.GrpcClientProtocolClient (GrpcClientProtocolClient.java:onNext(254)) - client-2EC808601240->374189d0-76c5-49d2-81b4-45a4af1368a2: receive RaftClientReply:client-2EC808601240->374189d0-76c5-49d2-81b4-45a4af1368a2@group-30B6692CD68C, cid=2768, SUCCESS, logIndex=4619, commits[374189d0-76c5-49d2-81b4-45a4af1368a2:c4619]
2019-06-14 08:43:07,463 INFO  client.GrpcClientProtocolClient (GrpcClientProtocolClient.java:onNext(254)) - client-2EC808601240->374189d0-76c5-49d2-81b4-45a4af1368a2: receive RaftClientReply:client-2EC808601240->374189d0-76c5-49d2-81b4-45a4af1368a2@group-30B6692CD68C, cid=2769, SUCCESS, logIndex=4621, commits[374189d0-76c5-49d2-81b4-45a4af1368a2:c4621]
2019-06-14 08:43:07,713 DEBUG block.SCMBlockDeletingService (SCMBlockDeletingService.java:call(138)) - Running DeletedBlockTransactionScanner
2019-06-14 08:43:07,715 DEBUG block.SCMBlockDeletingService (SCMBlockDeletingService.java:call(155)) - Scanned deleted blocks log and got 0 delTX to process.
2019-06-14 08:43:07,724 INFO  client.GrpcClientProtocolClient (GrpcClientProtocolClient.java:onNext(254)) - client-2EC808601240->374189d0-76c5-49d2-81b4-45a4af1368a2: receive RaftClientReply:client-2EC808601240->374189d0-76c5-49d2-81b4-45a4af1368a2@group-30B6692CD68C, cid=2770, SUCCESS, logIndex=4623, commits[374189d0-76c5-49d2-81b4-45a4af1368a2:c4623]
2019-06-14 08:43:07,724 INFO  client.GrpcClientProtocolClient (GrpcClientProtocolClient.java:onNext(254)) - client-2EC808601240->374189d0-76c5-49d2-81b4-45a4af1368a2: receive RaftClientReply:client-2EC808601240->374189d0-76c5-49d2-81b4-45a4af1368a2@group-30B6692CD68C, cid=2771, SUCCESS, logIndex=4624, commits[374189d0-76c5-49d2-81b4-45a4af1368a2:c4626]
2019-06-14 08:43:07,725 INFO  client.GrpcClientProtocolClient (GrpcClientProtocolClient.java:onNext(254)) - client-2EC808601240->374189d0-76c5-49d2-81b4-45a4af1368a2: receive RaftClientReply:client-2EC808601240->374189d0-76c5-49d2-81b4-45a4af1368a2@group-30B6692CD68C, cid=2772, SUCCESS, logIndex=4625, commits[374189d0-76c5-49d2-81b4-45a4af1368a2:c4626]
2019-06-14 08:43:07,730 INFO  client.GrpcClientProtocolClient (GrpcClientProtocolClient.java:onNext(254)) - client-2EC808601240->374189d0-76c5-49d2-81b4-45a4af1368a2: receive RaftClientReply:client-2EC808601240->374189d0-76c5-49d2-81b4-45a4af1368a2@group-30B6692CD68C, cid=2773, SUCCESS, logIndex=4627, commits[374189d0-76c5-49d2-81b4-45a4af1368a2:c4627]
2019-06-14 08:43:07,731 INFO  client.GrpcClientProtocolClient (GrpcClientProtocolClient.java:onNext(254)) - client-2EC808601240->374189d0-76c5-49d2-81b4-45a4af1368a2: receive RaftClientReply:client-2EC808601240->374189d0-76c5-49d2-81b4-45a4af1368a2@group-30B6692CD68C, cid=2774, SUCCESS, logIndex=4629, commits[374189d0-76c5-49d2-81b4-45a4af1368a2:c4629]
2019-06-14 08:43:07,732 INFO  client.GrpcClientProtocolClient (GrpcClientProtocolClient.java:onNext(254)) - client-2EC808601240->374189d0-76c5-49d2-81b4-45a4af1368a2: receive RaftClientReply:client-2EC808601240->374189d0-76c5-49d2-81b4-45a4af1368a2@group-30B6692CD68C, cid=2775, SUCCESS, logIndex=4630, commits[374189d0-76c5-49d2-81b4-45a4af1368a2:c4632]
2019-06-14 08:43:07,733 INFO  client.GrpcClientProtocolClient (GrpcClientProtocolClient.java:onNext(254)) - client-2EC808601240->374189d0-76c5-49d2-81b4-45a4af1368a2: receive RaftClientReply:client-2EC808601240->374189d0-76c5-49d2-81b4-45a4af1368a2@group-30B6692CD68C, cid=2776, SUCCESS, logIndex=4631, commits[374189d0-76c5-49d2-81b4-45a4af1368a2:c4632]
2019-06-14 08:43:07,742 INFO  client.GrpcClientProtocolClient (GrpcClientProtocolClient.java:onNext(254)) - client-2EC808601240->374189d0-76c5-49d2-81b4-45a4af1368a2: receive RaftClientReply:client-2EC808601240->374189d0-76c5-49d2-81b4-45a4af1368a2@group-30B6692CD68C, cid=2777, SUCCESS, logIndex=4633, commits[374189d0-76c5-49d2-81b4-45a4af1368a2:c4633]
2019-06-14 08:43:07,743 INFO  client.GrpcClientProtocolClient (GrpcClientProtocolClient.java:onNext(254)) - client-2EC808601240->374189d0-76c5-49d2-81b4-45a4af1368a2: receive RaftClientReply:client-2EC808601240->374189d0-76c5-49d2-81b4-45a4af1368a2@group-30B6692CD68C, cid=2778, SUCCESS, logIndex=4635, commits[374189d0-76c5-49d2-81b4-45a4af1368a2:c4635]
2019-06-14 08:43:07,745 INFO  client.GrpcClientProtocolClient (GrpcClientProtocolClient.java:onNext(254)) - client-2EC808601240->374189d0-76c5-49d2-81b4-45a4af1368a2: receive RaftClientReply:client-2EC808601240->374189d0-76c5-49d2-81b4-45a4af1368a2@group-30B6692CD68C, cid=2779, SUCCESS, logIndex=4637, commits[374189d0-76c5-49d2-81b4-45a4af1368a2:c4637]
2019-06-14 08:43:07,745 INFO  client.GrpcClientProtocolClient (GrpcClientProtocolClient.java:onNext(254)) - client-2EC808601240->374189d0-76c5-49d2-81b4-45a4af1368a2: receive RaftClientReply:client-2EC808601240->374189d0-76c5-49d2-81b4-45a4af1368a2@group-30B6692CD68C, cid=2780, SUCCESS, logIndex=4638, commits[374189d0-76c5-49d2-81b4-45a4af1368a2:c4638]
2019-06-14 08:43:07,750 INFO  client.GrpcClientProtocolClient (GrpcClientProtocolClient.java:onNext(254)) - client-2EC808601240->374189d0-76c5-49d2-81b4-45a4af1368a2: receive RaftClientReply:client-2EC808601240->374189d0-76c5-49d2-81b4-45a4af1368a2@group-30B6692CD68C, cid=2781, SUCCESS, logIndex=4641, commits[374189d0-76c5-49d2-81b4-45a4af1368a2:c4641]
2019-06-14 08:43:07,751 INFO  client.GrpcClientProtocolClient (GrpcClientProtocolClient.java:onNext(254)) - client-2EC808601240->374189d0-76c5-49d2-81b4-45a4af1368a2: receive RaftClientReply:client-2EC808601240->374189d0-76c5-49d2-81b4-45a4af1368a2@group-30B6692CD68C, cid=2782, SUCCESS, logIndex=4643, commits[374189d0-76c5-49d2-81b4-45a4af1368a2:c4643]
2019-06-14 08:43:07,753 INFO  client.GrpcClientProtocolClient (GrpcClientProtocolClient.java:onNext(254)) - client-2EC808601240->374189d0-76c5-49d2-81b4-45a4af1368a2: receive RaftClientReply:client-2EC808601240->374189d0-76c5-49d2-81b4-45a4af1368a2@group-30B6692CD68C, cid=2783, SUCCESS, logIndex=4644, commits[374189d0-76c5-49d2-81b4-45a4af1368a2:c4646]
2019-06-14 08:43:07,753 INFO  client.GrpcClientProtocolClient (GrpcClientProtocolClient.java:onNext(254)) - client-2EC808601240->374189d0-76c5-49d2-81b4-45a4af1368a2: receive RaftClientReply:client-2EC808601240->374189d0-76c5-49d2-81b4-45a4af1368a2@group-30B6692CD68C, cid=2784, SUCCESS, logIndex=4645, commits[374189d0-76c5-49d2-81b4-45a4af1368a2:c4646]
2019-06-14 08:43:07,815 DEBUG block.SCMBlockDeletingService (SCMBlockDeletingService.java:call(138)) - Running DeletedBlockTransactionScanner
2019-06-14 08:43:07,815 DEBUG block.SCMBlockDeletingService (SCMBlockDeletingService.java:call(155)) - Scanned deleted blocks log and got 0 delTX to process.
2019-06-14 08:43:07,829 INFO  client.GrpcClientProtocolClient (GrpcClientProtocolClient.java:onNext(254)) - client-2EC808601240->374189d0-76c5-49d2-81b4-45a4af1368a2: receive RaftClientReply:client-2EC808601240->374189d0-76c5-49d2-81b4-45a4af1368a2@group-30B6692CD68C, cid=2785, SUCCESS, logIndex=4647, commits[374189d0-76c5-49d2-81b4-45a4af1368a2:c4647]
2019-06-14 08:43:07,830 INFO  client.GrpcClientProtocolClient (GrpcClientProtocolClient.java:onNext(254)) - client-2EC808601240->374189d0-76c5-49d2-81b4-45a4af1368a2: receive RaftClientReply:client-2EC808601240->374189d0-76c5-49d2-81b4-45a4af1368a2@group-30B6692CD68C, cid=2786, SUCCESS, logIndex=4649, commits[374189d0-76c5-49d2-81b4-45a4af1368a2:c4649]
2019-06-14 08:43:07,833 INFO  client.GrpcClientProtocolClient (GrpcClientProtocolClient.java:onNext(254)) - client-2EC808601240->374189d0-76c5-49d2-81b4-45a4af1368a2: receive RaftClientReply:client-2EC808601240->374189d0-76c5-49d2-81b4-45a4af1368a2@group-30B6692CD68C, cid=2787, SUCCESS, logIndex=4651, commits[374189d0-76c5-49d2-81b4-45a4af1368a2:c4651]
2019-06-14 08:43:07,834 INFO  client.GrpcClientProtocolClient (GrpcClientProtocolClient.java:onNext(254)) - client-2EC808601240->374189d0-76c5-49d2-81b4-45a4af1368a2: receive RaftClientReply:client-2EC808601240->374189d0-76c5-49d2-81b4-45a4af1368a2@group-30B6692CD68C, cid=2788, SUCCESS, logIndex=4653, commits[374189d0-76c5-49d2-81b4-45a4af1368a2:c4653]
2019-06-14 08:43:07,839 INFO  client.GrpcClientProtocolClient (GrpcClientProtocolClient.java:onNext(254)) - client-2EC808601240->374189d0-76c5-49d2-81b4-45a4af1368a2: receive RaftClientReply:client-2EC808601240->374189d0-76c5-49d2-81b4-45a4af1368a2@group-30B6692CD68C, cid=2789, SUCCESS, logIndex=4655, commits[374189d0-76c5-49d2-81b4-45a4af1368a2:c4655]
2019-06-14 08:43:07,841 INFO  client.GrpcClientProtocolClient (GrpcClientProtocolClient.java:onNext(254)) - client-2EC808601240->374189d0-76c5-49d2-81b4-45a4af1368a2: receive RaftClientReply:client-2EC808601240->374189d0-76c5-49d2-81b4-45a4af1368a2@group-30B6692CD68C, cid=2790, SUCCESS, logIndex=4657, commits[374189d0-76c5-49d2-81b4-45a4af1368a2:c4657]
2019-06-14 08:43:07,841 INFO  client.GrpcClientProtocolClient (GrpcClientProtocolClient.java:onNext(254)) - client-2EC808601240->374189d0-76c5-49d2-81b4-45a4af1368a2: receive RaftClientReply:client-2EC808601240->374189d0-76c5-49d2-81b4-45a4af1368a2@group-30B6692CD68C, cid=2791, SUCCESS, logIndex=4658, commits[374189d0-76c5-49d2-81b4-45a4af1368a2:c4660]
2019-06-14 08:43:07,842 INFO  client.GrpcClientProtocolClient (GrpcClientProtocolClient.java:onNext(254)) - client-2EC808601240->374189d0-76c5-49d2-81b4-45a4af1368a2: receive RaftClientReply:client-2EC808601240->374189d0-76c5-49d2-81b4-45a4af1368a2@group-30B6692CD68C, cid=2792, SUCCESS, logIndex=4659, commits[374189d0-76c5-49d2-81b4-45a4af1368a2:c4660]
2019-06-14 08:43:07,850 INFO  client.GrpcClientProtocolClient (GrpcClientProtocolClient.java:onNext(254)) - client-2EC808601240->374189d0-76c5-49d2-81b4-45a4af1368a2: receive RaftClientReply:client-2EC808601240->374189d0-76c5-49d2-81b4-45a4af1368a2@group-30B6692CD68C, cid=2793, SUCCESS, logIndex=4661, commits[374189d0-76c5-49d2-81b4-45a4af1368a2:c4661]
2019-06-14 08:43:07,851 INFO  client.GrpcClientProtocolClient (GrpcClientProtocolClient.java:onNext(254)) - client-2EC808601240->374189d0-76c5-49d2-81b4-45a4af1368a2: receive RaftClientReply:client-2EC808601240->374189d0-76c5-49d2-81b4-45a4af1368a2@group-30B6692CD68C, cid=2794, SUCCESS, logIndex=4663, commits[374189d0-76c5-49d2-81b4-45a4af1368a2:c4663]
2019-06-14 08:43:07,853 INFO  client.GrpcClientProtocolClient (GrpcClientProtocolClient.java:onNext(254)) - client-2EC808601240->374189d0-76c5-49d2-81b4-45a4af1368a2: receive RaftClientReply:client-2EC808601240->374189d0-76c5-49d2-81b4-45a4af1368a2@group-30B6692CD68C, cid=2795, SUCCESS, logIndex=4664, commits[374189d0-76c5-49d2-81b4-45a4af1368a2:c4666]
2019-06-14 08:43:07,853 INFO  client.GrpcClientProtocolClient (GrpcClientProtocolClient.java:onNext(254)) - client-2EC808601240->374189d0-76c5-49d2-81b4-45a4af1368a2: receive RaftClientReply:client-2EC808601240->374189d0-76c5-49d2-81b4-45a4af1368a2@group-30B6692CD68C, cid=2796, SUCCESS, logIndex=4665, commits[374189d0-76c5-49d2-81b4-45a4af1368a2:c4666]
2019-06-14 08:43:07,857 INFO  storage.RaftLogWorker (RaftLogWorker.java:rollLogSegment(303)) - 374189d0-76c5-49d2-81b4-45a4af1368a2-RaftLogWorker: Rolling segment log-4594_4666 to index:4666
2019-06-14 08:43:07,857 INFO  storage.RaftLogWorker (RaftLogWorker.java:execute(433)) - 374189d0-76c5-49d2-81b4-45a4af1368a2-RaftLogWorker: Rolled log segment from /opt/src/hadoop-ozone/integration-test/target/test-dir/MiniOzoneClusterImpl-1994f8b8-dd4d-445c-bf25-0c6d40f9b14d/datanode-0/data/ratis/99d0acb8-99ce-4814-8259-30b6692cd68c/current/log_inprogress_4594 to /opt/src/hadoop-ozone/integration-test/target/test-dir/MiniOzoneClusterImpl-1994f8b8-dd4d-445c-bf25-0c6d40f9b14d/datanode-0/data/ratis/99d0acb8-99ce-4814-8259-30b6692cd68c/current/log_4594-4666
2019-06-14 08:43:07,892 INFO  storage.RaftLogWorker (RaftLogWorker.java:execute(469)) - 374189d0-76c5-49d2-81b4-45a4af1368a2-RaftLogWorker: created new log segment /opt/src/hadoop-ozone/integration-test/target/test-dir/MiniOzoneClusterImpl-1994f8b8-dd4d-445c-bf25-0c6d40f9b14d/datanode-0/data/ratis/99d0acb8-99ce-4814-8259-30b6692cd68c/current/log_inprogress_4667
2019-06-14 08:43:07,894 INFO  client.GrpcClientProtocolClient (GrpcClientProtocolClient.java:onNext(254)) - client-2EC808601240->374189d0-76c5-49d2-81b4-45a4af1368a2: receive RaftClientReply:client-2EC808601240->374189d0-76c5-49d2-81b4-45a4af1368a2@group-30B6692CD68C, cid=2797, SUCCESS, logIndex=4667, commits[374189d0-76c5-49d2-81b4-45a4af1368a2:c4667]
2019-06-14 08:43:07,896 INFO  client.GrpcClientProtocolClient (GrpcClientProtocolClient.java:onNext(254)) - client-2EC808601240->374189d0-76c5-49d2-81b4-45a4af1368a2: receive RaftClientReply:client-2EC808601240->374189d0-76c5-49d2-81b4-45a4af1368a2@group-30B6692CD68C, cid=2798, SUCCESS, logIndex=4669, commits[374189d0-76c5-49d2-81b4-45a4af1368a2:c4671]
2019-06-14 08:43:07,897 INFO  client.GrpcClientProtocolClient (GrpcClientProtocolClient.java:onNext(254)) - client-2EC808601240->374189d0-76c5-49d2-81b4-45a4af1368a2: receive RaftClientReply:client-2EC808601240->374189d0-76c5-49d2-81b4-45a4af1368a2@group-30B6692CD68C, cid=2799, SUCCESS, logIndex=4670, commits[374189d0-76c5-49d2-81b4-45a4af1368a2:c4671]
2019-06-14 08:43:07,897 INFO  client.GrpcClientProtocolClient (GrpcClientProtocolClient.java:onNext(254)) - client-2EC808601240->374189d0-76c5-49d2-81b4-45a4af1368a2: receive RaftClientReply:client-2EC808601240->374189d0-76c5-49d2-81b4-45a4af1368a2@group-30B6692CD68C, cid=2800, SUCCESS, logIndex=4671, commits[374189d0-76c5-49d2-81b4-45a4af1368a2:c4671]
2019-06-14 08:43:07,906 INFO  client.GrpcClientProtocolClient (GrpcClientProtocolClient.java:onNext(254)) - client-2EC808601240->374189d0-76c5-49d2-81b4-45a4af1368a2: receive RaftClientReply:client-2EC808601240->374189d0-76c5-49d2-81b4-45a4af1368a2@group-30B6692CD68C, cid=2801, SUCCESS, logIndex=4673, commits[374189d0-76c5-49d2-81b4-45a4af1368a2:c4673]
2019-06-14 08:43:07,908 INFO  client.GrpcClientProtocolClient (GrpcClientProtocolClient.java:onNext(254)) - client-2EC808601240->374189d0-76c5-49d2-81b4-45a4af1368a2: receive RaftClientReply:client-2EC808601240->374189d0-76c5-49d2-81b4-45a4af1368a2@group-30B6692CD68C, cid=2802, SUCCESS, logIndex=4675, commits[374189d0-76c5-49d2-81b4-45a4af1368a2:c4675]
2019-06-14 08:43:07,909 INFO  client.GrpcClientProtocolClient (GrpcClientProtocolClient.java:onNext(254)) - client-2EC808601240->374189d0-76c5-49d2-81b4-45a4af1368a2: receive RaftClientReply:client-2EC808601240->374189d0-76c5-49d2-81b4-45a4af1368a2@group-30B6692CD68C, cid=2803, SUCCESS, logIndex=4676, commits[374189d0-76c5-49d2-81b4-45a4af1368a2:c4678]
2019-06-14 08:43:07,909 INFO  client.GrpcClientProtocolClient (GrpcClientProtocolClient.java:onNext(254)) - client-2EC808601240->374189d0-76c5-49d2-81b4-45a4af1368a2: receive RaftClientReply:client-2EC808601240->374189d0-76c5-49d2-81b4-45a4af1368a2@group-30B6692CD68C, cid=2804, SUCCESS, logIndex=4677, commits[374189d0-76c5-49d2-81b4-45a4af1368a2:c4678]
2019-06-14 08:43:07,914 INFO  client.GrpcClientProtocolClient (GrpcClientProtocolClient.java:onNext(254)) - client-2EC808601240->374189d0-76c5-49d2-81b4-45a4af1368a2: receive RaftClientReply:client-2EC808601240->374189d0-76c5-49d2-81b4-45a4af1368a2@group-30B6692CD68C, cid=2805, SUCCESS, logIndex=4679, commits[374189d0-76c5-49d2-81b4-45a4af1368a2:c4679]
2019-06-14 08:43:07,915 INFO  client.GrpcClientProtocolClient (GrpcClientProtocolClient.java:onNext(254)) - client-2EC808601240->374189d0-76c5-49d2-81b4-45a4af1368a2: receive RaftClientReply:client-2EC808601240->374189d0-76c5-49d2-81b4-45a4af1368a2@group-30B6692CD68C, cid=2806, SUCCESS, logIndex=4681, commits[374189d0-76c5-49d2-81b4-45a4af1368a2:c4681]
2019-06-14 08:43:07,915 DEBUG block.SCMBlockDeletingService (SCMBlockDeletingService.java:call(138)) - Running DeletedBlockTransactionScanner
2019-06-14 08:43:07,915 DEBUG block.SCMBlockDeletingService (SCMBlockDeletingService.java:call(155)) - Scanned deleted blocks log and got 0 delTX to process.
2019-06-14 08:43:07,916 INFO  client.GrpcClientProtocolClient (GrpcClientProtocolClient.java:onNext(254)) - client-2EC808601240->374189d0-76c5-49d2-81b4-45a4af1368a2: receive RaftClientReply:client-2EC808601240->374189d0-76c5-49d2-81b4-45a4af1368a2@group-30B6692CD68C, cid=2807, SUCCESS, logIndex=4682, commits[374189d0-76c5-49d2-81b4-45a4af1368a2:c4684]
2019-06-14 08:43:07,916 INFO  client.GrpcClientProtocolClient (GrpcClientProtocolClient.java:onNext(254)) - client-2EC808601240->374189d0-76c5-49d2-81b4-45a4af1368a2: receive RaftClientReply:client-2EC808601240->374189d0-76c5-49d2-81b4-45a4af1368a2@group-30B6692CD68C, cid=2808, SUCCESS, logIndex=4683, commits[374189d0-76c5-49d2-81b4-45a4af1368a2:c4684]
2019-06-14 08:43:07,925 INFO  client.GrpcClientProtocolClient (GrpcClientProtocolClient.java:onNext(254)) - client-2EC808601240->374189d0-76c5-49d2-81b4-45a4af1368a2: receive RaftClientReply:client-2EC808601240->374189d0-76c5-49d2-81b4-45a4af1368a2@group-30B6692CD68C, cid=2809, SUCCESS, logIndex=4685, commits[374189d0-76c5-49d2-81b4-45a4af1368a2:c4685]
2019-06-14 08:43:07,926 INFO  client.GrpcClientProtocolClient (GrpcClientProtocolClient.java:onNext(254)) - client-2EC808601240->374189d0-76c5-49d2-81b4-45a4af1368a2: receive RaftClientReply:client-2EC808601240->374189d0-76c5-49d2-81b4-45a4af1368a2@group-30B6692CD68C, cid=2810, SUCCESS, logIndex=4687, commits[374189d0-76c5-49d2-81b4-45a4af1368a2:c4687]
2019-06-14 08:43:07,928 INFO  client.GrpcClientProtocolClient (GrpcClientProtocolClient.java:onNext(254)) - client-2EC808601240->374189d0-76c5-49d2-81b4-45a4af1368a2: receive RaftClientReply:client-2EC808601240->374189d0-76c5-49d2-81b4-45a4af1368a2@group-30B6692CD68C, cid=2811, SUCCESS, logIndex=4688, commits[374189d0-76c5-49d2-81b4-45a4af1368a2:c4690]
2019-06-14 08:43:07,928 INFO  client.GrpcClientProtocolClient (GrpcClientProtocolClient.java:onNext(254)) - client-2EC808601240->374189d0-76c5-49d2-81b4-45a4af1368a2: receive RaftClientReply:client-2EC808601240->374189d0-76c5-49d2-81b4-45a4af1368a2@group-30B6692CD68C, cid=2812, SUCCESS, logIndex=4689, commits[374189d0-76c5-49d2-81b4-45a4af1368a2:c4690]
2019-06-14 08:43:07,933 INFO  client.GrpcClientProtocolClient (GrpcClientProtocolClient.java:onNext(254)) - client-2EC808601240->374189d0-76c5-49d2-81b4-45a4af1368a2: receive RaftClientReply:client-2EC808601240->374189d0-76c5-49d2-81b4-45a4af1368a2@group-30B6692CD68C, cid=2813, SUCCESS, logIndex=4691, commits[374189d0-76c5-49d2-81b4-45a4af1368a2:c4691]
2019-06-14 08:43:07,935 INFO  client.GrpcClientProtocolClient (GrpcClientProtocolClient.java:onNext(254)) - client-2EC808601240->374189d0-76c5-49d2-81b4-45a4af1368a2: receive RaftClientReply:client-2EC808601240->374189d0-76c5-49d2-81b4-45a4af1368a2@group-30B6692CD68C, cid=2814, SUCCESS, logIndex=4693, commits[374189d0-76c5-49d2-81b4-45a4af1368a2:c4693]
2019-06-14 08:43:07,935 INFO  client.GrpcClientProtocolClient (GrpcClientProtocolClient.java:onNext(254)) - client-2EC808601240->374189d0-76c5-49d2-81b4-45a4af1368a2: receive RaftClientReply:client-2EC808601240->374189d0-76c5-49d2-81b4-45a4af1368a2@group-30B6692CD68C, cid=2815, SUCCESS, logIndex=4694, commits[374189d0-76c5-49d2-81b4-45a4af1368a2:c4694]
2019-06-14 08:43:07,935 INFO  client.GrpcClientProtocolClient (GrpcClientProtocolClient.java:onNext(254)) - client-2EC808601240->374189d0-76c5-49d2-81b4-45a4af1368a2: receive RaftClientReply:client-2EC808601240->374189d0-76c5-49d2-81b4-45a4af1368a2@group-30B6692CD68C, cid=2816, SUCCESS, logIndex=4696, commits[374189d0-76c5-49d2-81b4-45a4af1368a2:c4696]
2019-06-14 08:43:07,949 INFO  client.GrpcClientProtocolClient (GrpcClientProtocolClient.java:onNext(254)) - client-2EC808601240->374189d0-76c5-49d2-81b4-45a4af1368a2: receive RaftClientReply:client-2EC808601240->374189d0-76c5-49d2-81b4-45a4af1368a2@group-30B6692CD68C, cid=2817, SUCCESS, logIndex=4699, commits[374189d0-76c5-49d2-81b4-45a4af1368a2:c4699]
2019-06-14 08:43:07,950 INFO  client.GrpcClientProtocolClient (GrpcClientProtocolClient.java:onNext(254)) - client-2EC808601240->374189d0-76c5-49d2-81b4-45a4af1368a2: receive RaftClientReply:client-2EC808601240->374189d0-76c5-49d2-81b4-45a4af1368a2@group-30B6692CD68C, cid=2818, SUCCESS, logIndex=4701, commits[374189d0-76c5-49d2-81b4-45a4af1368a2:c4701]
2019-06-14 08:43:07,951 INFO  client.GrpcClientProtocolClient (GrpcClientProtocolClient.java:onNext(254)) - client-2EC808601240->374189d0-76c5-49d2-81b4-45a4af1368a2: receive RaftClientReply:client-2EC808601240->374189d0-76c5-49d2-81b4-45a4af1368a2@group-30B6692CD68C, cid=2819, SUCCESS, logIndex=4702, commits[374189d0-76c5-49d2-81b4-45a4af1368a2:c4704]
2019-06-14 08:43:07,951 INFO  client.GrpcClientProtocolClient (GrpcClientProtocolClient.java:onNext(254)) - client-2EC808601240->374189d0-76c5-49d2-81b4-45a4af1368a2: receive RaftClientReply:client-2EC808601240->374189d0-76c5-49d2-81b4-45a4af1368a2@group-30B6692CD68C, cid=2820, SUCCESS, logIndex=4703, commits[374189d0-76c5-49d2-81b4-45a4af1368a2:c4704]
2019-06-14 08:43:07,956 INFO  client.GrpcClientProtocolClient (GrpcClientProtocolClient.java:onNext(254)) - client-2EC808601240->374189d0-76c5-49d2-81b4-45a4af1368a2: receive RaftClientReply:client-2EC808601240->374189d0-76c5-49d2-81b4-45a4af1368a2@group-30B6692CD68C, cid=2821, SUCCESS, logIndex=4705, commits[374189d0-76c5-49d2-81b4-45a4af1368a2:c4705]
2019-06-14 08:43:07,958 INFO  client.GrpcClientProtocolClient (GrpcClientProtocolClient.java:onNext(254)) - client-2EC808601240->374189d0-76c5-49d2-81b4-45a4af1368a2: receive RaftClientReply:client-2EC808601240->374189d0-76c5-49d2-81b4-45a4af1368a2@group-30B6692CD68C, cid=2822, SUCCESS, logIndex=4707, commits[374189d0-76c5-49d2-81b4-45a4af1368a2:c4707]
2019-06-14 08:43:07,960 INFO  client.GrpcClientProtocolClient (GrpcClientProtocolClient.java:onNext(254)) - client-2EC808601240->374189d0-76c5-49d2-81b4-45a4af1368a2: receive RaftClientReply:client-2EC808601240->374189d0-76c5-49d2-81b4-45a4af1368a2@group-30B6692CD68C, cid=2823, SUCCESS, logIndex=4709, commits[374189d0-76c5-49d2-81b4-45a4af1368a2:c4710]
2019-06-14 08:43:07,960 INFO  client.GrpcClientProtocolClient (GrpcClientProtocolClient.java:onNext(254)) - client-2EC808601240->374189d0-76c5-49d2-81b4-45a4af1368a2: receive RaftClientReply:client-2EC808601240->374189d0-76c5-49d2-81b4-45a4af1368a2@group-30B6692CD68C, cid=2824, SUCCESS, logIndex=4710, commits[374189d0-76c5-49d2-81b4-45a4af1368a2:c4710]
2019-06-14 08:43:07,969 INFO  client.GrpcClientProtocolClient (GrpcClientProtocolClient.java:onNext(254)) - client-2EC808601240->374189d0-76c5-49d2-81b4-45a4af1368a2: receive RaftClientReply:client-2EC808601240->374189d0-76c5-49d2-81b4-45a4af1368a2@group-30B6692CD68C, cid=2825, SUCCESS, logIndex=4712, commits[374189d0-76c5-49d2-81b4-45a4af1368a2:c4712]
2019-06-14 08:43:07,972 INFO  client.GrpcClientProtocolClient (GrpcClientProtocolClient.java:onNext(254)) - client-2EC808601240->374189d0-76c5-49d2-81b4-45a4af1368a2: receive RaftClientReply:client-2EC808601240->374189d0-76c5-49d2-81b4-45a4af1368a2@group-30B6692CD68C, cid=2826, SUCCESS, logIndex=4714, commits[374189d0-76c5-49d2-81b4-45a4af1368a2:c4716]
2019-06-14 08:43:07,972 INFO  client.GrpcClientProtocolClient (GrpcClientProtocolClient.java:onNext(254)) - client-2EC808601240->374189d0-76c5-49d2-81b4-45a4af1368a2: receive RaftClientReply:client-2EC808601240->374189d0-76c5-49d2-81b4-45a4af1368a2@group-30B6692CD68C, cid=2827, SUCCESS, logIndex=4715, commits[374189d0-76c5-49d2-81b4-45a4af1368a2:c4716]
2019-06-14 08:43:07,975 INFO  client.GrpcClientProtocolClient (GrpcClientProtocolClient.java:onNext(254)) - client-2EC808601240->374189d0-76c5-49d2-81b4-45a4af1368a2: receive RaftClientReply:client-2EC808601240->374189d0-76c5-49d2-81b4-45a4af1368a2@group-30B6692CD68C, cid=2828, SUCCESS, logIndex=4716, commits[374189d0-76c5-49d2-81b4-45a4af1368a2:c4716]
2019-06-14 08:43:08,016 DEBUG block.SCMBlockDeletingService (SCMBlockDeletingService.java:call(138)) - Running DeletedBlockTransactionScanner
2019-06-14 08:43:08,016 DEBUG block.SCMBlockDeletingService (SCMBlockDeletingService.java:call(155)) - Scanned deleted blocks log and got 0 delTX to process.
2019-06-14 08:43:08,056 INFO  client.GrpcClientProtocolClient (GrpcClientProtocolClient.java:onNext(254)) - client-2EC808601240->374189d0-76c5-49d2-81b4-45a4af1368a2: receive RaftClientReply:client-2EC808601240->374189d0-76c5-49d2-81b4-45a4af1368a2@group-30B6692CD68C, cid=2829, SUCCESS, logIndex=4718, commits[374189d0-76c5-49d2-81b4-45a4af1368a2:c4718]
2019-06-14 08:43:08,057 INFO  client.GrpcClientProtocolClient (GrpcClientProtocolClient.java:onNext(254)) - client-2EC808601240->374189d0-76c5-49d2-81b4-45a4af1368a2: receive RaftClientReply:client-2EC808601240->374189d0-76c5-49d2-81b4-45a4af1368a2@group-30B6692CD68C, cid=2830, SUCCESS, logIndex=4720, commits[374189d0-76c5-49d2-81b4-45a4af1368a2:c4720]
2019-06-14 08:43:08,059 INFO  client.GrpcClientProtocolClient (GrpcClientProtocolClient.java:onNext(254)) - client-2EC808601240->374189d0-76c5-49d2-81b4-45a4af1368a2: receive RaftClientReply:client-2EC808601240->374189d0-76c5-49d2-81b4-45a4af1368a2@group-30B6692CD68C, cid=2831, SUCCESS, logIndex=4721, commits[374189d0-76c5-49d2-81b4-45a4af1368a2:c4723]
2019-06-14 08:43:08,059 INFO  client.GrpcClientProtocolClient (GrpcClientProtocolClient.java:onNext(254)) - client-2EC808601240->374189d0-76c5-49d2-81b4-45a4af1368a2: receive RaftClientReply:client-2EC808601240->374189d0-76c5-49d2-81b4-45a4af1368a2@group-30B6692CD68C, cid=2832, SUCCESS, logIndex=4722, commits[374189d0-76c5-49d2-81b4-45a4af1368a2:c4723]
2019-06-14 08:43:08,068 INFO  client.GrpcClientProtocolClient (GrpcClientProtocolClient.java:onNext(254)) - client-2EC808601240->374189d0-76c5-49d2-81b4-45a4af1368a2: receive RaftClientReply:client-2EC808601240->374189d0-76c5-49d2-81b4-45a4af1368a2@group-30B6692CD68C, cid=2833, SUCCESS, logIndex=4724, commits[374189d0-76c5-49d2-81b4-45a4af1368a2:c4724]
2019-06-14 08:43:08,069 INFO  client.GrpcClientProtocolClient (GrpcClientProtocolClient.java:onNext(254)) - client-2EC808601240->374189d0-76c5-49d2-81b4-45a4af1368a2: receive RaftClientReply:client-2EC808601240->374189d0-76c5-49d2-81b4-45a4af1368a2@group-30B6692CD68C, cid=2834, SUCCESS, logIndex=4726, commits[374189d0-76c5-49d2-81b4-45a4af1368a2:c4726]
2019-06-14 08:43:08,070 INFO  client.GrpcClientProtocolClient (GrpcClientProtocolClient.java:onNext(254)) - client-2EC808601240->374189d0-76c5-49d2-81b4-45a4af1368a2: receive RaftClientReply:client-2EC808601240->374189d0-76c5-49d2-81b4-45a4af1368a2@group-30B6692CD68C, cid=2835, SUCCESS, logIndex=4727, commits[374189d0-76c5-49d2-81b4-45a4af1368a2:c4728]
2019-06-14 08:43:08,071 INFO  client.GrpcClientProtocolClient (GrpcClientProtocolClient.java:onNext(254)) - client-2EC808601240->374189d0-76c5-49d2-81b4-45a4af1368a2: receive RaftClientReply:client-2EC808601240->374189d0-76c5-49d2-81b4-45a4af1368a2@group-30B6692CD68C, cid=2836, SUCCESS, logIndex=4729, commits[374189d0-76c5-49d2-81b4-45a4af1368a2:c4729]
2019-06-14 08:43:08,076 INFO  client.GrpcClientProtocolClient (GrpcClientProtocolClient.java:onNext(254)) - client-2EC808601240->374189d0-76c5-49d2-81b4-45a4af1368a2: receive RaftClientReply:client-2EC808601240->374189d0-76c5-49d2-81b4-45a4af1368a2@group-30B6692CD68C, cid=2837, SUCCESS, logIndex=4731, commits[374189d0-76c5-49d2-81b4-45a4af1368a2:c4731]
2019-06-14 08:43:08,077 INFO  storage.RaftLogWorker (RaftLogWorker.java:rollLogSegment(303)) - 374189d0-76c5-49d2-81b4-45a4af1368a2-RaftLogWorker: Rolling segment log-4667_4734 to index:4734
2019-06-14 08:43:08,077 INFO  client.GrpcClientProtocolClient (GrpcClientProtocolClient.java:onNext(254)) - client-2EC808601240->374189d0-76c5-49d2-81b4-45a4af1368a2: receive RaftClientReply:client-2EC808601240->374189d0-76c5-49d2-81b4-45a4af1368a2@group-30B6692CD68C, cid=2838, SUCCESS, logIndex=4733, commits[374189d0-76c5-49d2-81b4-45a4af1368a2:c4733]
2019-06-14 08:43:08,078 INFO  storage.RaftLogWorker (RaftLogWorker.java:execute(433)) - 374189d0-76c5-49d2-81b4-45a4af1368a2-RaftLogWorker: Rolled log segment from /opt/src/hadoop-ozone/integration-test/target/test-dir/MiniOzoneClusterImpl-1994f8b8-dd4d-445c-bf25-0c6d40f9b14d/datanode-0/data/ratis/99d0acb8-99ce-4814-8259-30b6692cd68c/current/log_inprogress_4667 to /opt/src/hadoop-ozone/integration-test/target/test-dir/MiniOzoneClusterImpl-1994f8b8-dd4d-445c-bf25-0c6d40f9b14d/datanode-0/data/ratis/99d0acb8-99ce-4814-8259-30b6692cd68c/current/log_4667-4734
2019-06-14 08:43:08,078 INFO  client.GrpcClientProtocolClient (GrpcClientProtocolClient.java:onNext(254)) - client-2EC808601240->374189d0-76c5-49d2-81b4-45a4af1368a2: receive RaftClientReply:client-2EC808601240->374189d0-76c5-49d2-81b4-45a4af1368a2@group-30B6692CD68C, cid=2839, SUCCESS, logIndex=4734, commits[374189d0-76c5-49d2-81b4-45a4af1368a2:c4734]
2019-06-14 08:43:08,114 INFO  storage.RaftLogWorker (RaftLogWorker.java:execute(469)) - 374189d0-76c5-49d2-81b4-45a4af1368a2-RaftLogWorker: created new log segment /opt/src/hadoop-ozone/integration-test/target/test-dir/MiniOzoneClusterImpl-1994f8b8-dd4d-445c-bf25-0c6d40f9b14d/datanode-0/data/ratis/99d0acb8-99ce-4814-8259-30b6692cd68c/current/log_inprogress_4735
2019-06-14 08:43:08,115 INFO  client.GrpcClientProtocolClient (GrpcClientProtocolClient.java:onNext(254)) - client-2EC808601240->374189d0-76c5-49d2-81b4-45a4af1368a2: receive RaftClientReply:client-2EC808601240->374189d0-76c5-49d2-81b4-45a4af1368a2@group-30B6692CD68C, cid=2840, SUCCESS, logIndex=4735, commits[374189d0-76c5-49d2-81b4-45a4af1368a2:c4737]
2019-06-14 08:43:08,116 DEBUG block.SCMBlockDeletingService (SCMBlockDeletingService.java:call(138)) - Running DeletedBlockTransactionScanner
2019-06-14 08:43:08,116 DEBUG block.SCMBlockDeletingService (SCMBlockDeletingService.java:call(155)) - Scanned deleted blocks log and got 0 delTX to process.
2019-06-14 08:43:08,125 INFO  client.GrpcClientProtocolClient (GrpcClientProtocolClient.java:onNext(254)) - client-2EC808601240->374189d0-76c5-49d2-81b4-45a4af1368a2: receive RaftClientReply:client-2EC808601240->374189d0-76c5-49d2-81b4-45a4af1368a2@group-30B6692CD68C, cid=2841, SUCCESS, logIndex=4738, commits[374189d0-76c5-49d2-81b4-45a4af1368a2:c4738]
2019-06-14 08:43:08,127 INFO  client.GrpcClientProtocolClient (GrpcClientProtocolClient.java:onNext(254)) - client-2EC808601240->374189d0-76c5-49d2-81b4-45a4af1368a2: receive RaftClientReply:client-2EC808601240->374189d0-76c5-49d2-81b4-45a4af1368a2@group-30B6692CD68C, cid=2842, SUCCESS, logIndex=4740, commits[374189d0-76c5-49d2-81b4-45a4af1368a2:c4742]
2019-06-14 08:43:08,127 INFO  client.GrpcClientProtocolClient (GrpcClientProtocolClient.java:onNext(254)) - client-2EC808601240->374189d0-76c5-49d2-81b4-45a4af1368a2: receive RaftClientReply:client-2EC808601240->374189d0-76c5-49d2-81b4-45a4af1368a2@group-30B6692CD68C, cid=2843, SUCCESS, logIndex=4741, commits[374189d0-76c5-49d2-81b4-45a4af1368a2:c4742]
2019-06-14 08:43:08,127 INFO  client.GrpcClientProtocolClient (GrpcClientProtocolClient.java:onNext(254)) - client-2EC808601240->374189d0-76c5-49d2-81b4-45a4af1368a2: receive RaftClientReply:client-2EC808601240->374189d0-76c5-49d2-81b4-45a4af1368a2@group-30B6692CD68C, cid=2844, SUCCESS, logIndex=4742, commits[374189d0-76c5-49d2-81b4-45a4af1368a2:c4743]
2019-06-14 08:43:08,132 INFO  client.GrpcClientProtocolClient (GrpcClientProtocolClient.java:onNext(254)) - client-2EC808601240->374189d0-76c5-49d2-81b4-45a4af1368a2: receive RaftClientReply:client-2EC808601240->374189d0-76c5-49d2-81b4-45a4af1368a2@group-30B6692CD68C, cid=2845, SUCCESS, logIndex=4744, commits[374189d0-76c5-49d2-81b4-45a4af1368a2:c4744]
2019-06-14 08:43:08,133 INFO  client.GrpcClientProtocolClient (GrpcClientProtocolClient.java:onNext(254)) - client-2EC808601240->374189d0-76c5-49d2-81b4-45a4af1368a2: receive RaftClientReply:client-2EC808601240->374189d0-76c5-49d2-81b4-45a4af1368a2@group-30B6692CD68C, cid=2846, SUCCESS, logIndex=4746, commits[374189d0-76c5-49d2-81b4-45a4af1368a2:c4746]
2019-06-14 08:43:08,135 INFO  client.GrpcClientProtocolClient (GrpcClientProtocolClient.java:onNext(254)) - client-2EC808601240->374189d0-76c5-49d2-81b4-45a4af1368a2: receive RaftClientReply:client-2EC808601240->374189d0-76c5-49d2-81b4-45a4af1368a2@group-30B6692CD68C, cid=2847, SUCCESS, logIndex=4747, commits[374189d0-76c5-49d2-81b4-45a4af1368a2:c4749]
2019-06-14 08:43:08,135 INFO  client.GrpcClientProtocolClient (GrpcClientProtocolClient.java:onNext(254)) - client-2EC808601240->374189d0-76c5-49d2-81b4-45a4af1368a2: receive RaftClientReply:client-2EC808601240->374189d0-76c5-49d2-81b4-45a4af1368a2@group-30B6692CD68C, cid=2848, SUCCESS, logIndex=4748, commits[374189d0-76c5-49d2-81b4-45a4af1368a2:c4749]
2019-06-14 08:43:08,144 INFO  client.GrpcClientProtocolClient (GrpcClientProtocolClient.java:onNext(254)) - client-2EC808601240->374189d0-76c5-49d2-81b4-45a4af1368a2: receive RaftClientReply:client-2EC808601240->374189d0-76c5-49d2-81b4-45a4af1368a2@group-30B6692CD68C, cid=2849, SUCCESS, logIndex=4750, commits[374189d0-76c5-49d2-81b4-45a4af1368a2:c4750]
2019-06-14 08:43:08,145 INFO  client.GrpcClientProtocolClient (GrpcClientProtocolClient.java:onNext(254)) - client-2EC808601240->374189d0-76c5-49d2-81b4-45a4af1368a2: receive RaftClientReply:client-2EC808601240->374189d0-76c5-49d2-81b4-45a4af1368a2@group-30B6692CD68C, cid=2850, SUCCESS, logIndex=4752, commits[374189d0-76c5-49d2-81b4-45a4af1368a2:c4752]
2019-06-14 08:43:08,146 INFO  client.GrpcClientProtocolClient (GrpcClientProtocolClient.java:onNext(254)) - client-2EC808601240->374189d0-76c5-49d2-81b4-45a4af1368a2: receive RaftClientReply:client-2EC808601240->374189d0-76c5-49d2-81b4-45a4af1368a2@group-30B6692CD68C, cid=2851, SUCCESS, logIndex=4753, commits[374189d0-76c5-49d2-81b4-45a4af1368a2:c4755]
2019-06-14 08:43:08,146 INFO  client.GrpcClientProtocolClient (GrpcClientProtocolClient.java:onNext(254)) - client-2EC808601240->374189d0-76c5-49d2-81b4-45a4af1368a2: receive RaftClientReply:client-2EC808601240->374189d0-76c5-49d2-81b4-45a4af1368a2@group-30B6692CD68C, cid=2852, SUCCESS, logIndex=4754, commits[374189d0-76c5-49d2-81b4-45a4af1368a2:c4755]
2019-06-14 08:43:08,151 INFO  client.GrpcClientProtocolClient (GrpcClientProtocolClient.java:onNext(254)) - client-2EC808601240->374189d0-76c5-49d2-81b4-45a4af1368a2: receive RaftClientReply:client-2EC808601240->374189d0-76c5-49d2-81b4-45a4af1368a2@group-30B6692CD68C, cid=2853, SUCCESS, logIndex=4756, commits[374189d0-76c5-49d2-81b4-45a4af1368a2:c4756]
2019-06-14 08:43:08,152 INFO  client.GrpcClientProtocolClient (GrpcClientProtocolClient.java:onNext(254)) - client-2EC808601240->374189d0-76c5-49d2-81b4-45a4af1368a2: receive RaftClientReply:client-2EC808601240->374189d0-76c5-49d2-81b4-45a4af1368a2@group-30B6692CD68C, cid=2854, SUCCESS, logIndex=4758, commits[374189d0-76c5-49d2-81b4-45a4af1368a2:c4758]
2019-06-14 08:43:08,153 INFO  client.GrpcClientProtocolClient (GrpcClientProtocolClient.java:onNext(254)) - client-2EC808601240->374189d0-76c5-49d2-81b4-45a4af1368a2: receive RaftClientReply:client-2EC808601240->374189d0-76c5-49d2-81b4-45a4af1368a2@group-30B6692CD68C, cid=2855, SUCCESS, logIndex=4759, commits[374189d0-76c5-49d2-81b4-45a4af1368a2:c4761]
2019-06-14 08:43:08,153 INFO  client.GrpcClientProtocolClient (GrpcClientProtocolClient.java:onNext(254)) - client-2EC808601240->374189d0-76c5-49d2-81b4-45a4af1368a2: receive RaftClientReply:client-2EC808601240->374189d0-76c5-49d2-81b4-45a4af1368a2@group-30B6692CD68C, cid=2856, SUCCESS, logIndex=4760, commits[374189d0-76c5-49d2-81b4-45a4af1368a2:c4761]
2019-06-14 08:43:08,208 INFO  client.GrpcClientProtocolClient (GrpcClientProtocolClient.java:onNext(254)) - client-2EC808601240->374189d0-76c5-49d2-81b4-45a4af1368a2: receive RaftClientReply:client-2EC808601240->374189d0-76c5-49d2-81b4-45a4af1368a2@group-30B6692CD68C, cid=2857, SUCCESS, logIndex=4762, commits[374189d0-76c5-49d2-81b4-45a4af1368a2:c4762]
2019-06-14 08:43:08,209 INFO  client.GrpcClientProtocolClient (GrpcClientProtocolClient.java:onNext(254)) - client-2EC808601240->374189d0-76c5-49d2-81b4-45a4af1368a2: receive RaftClientReply:client-2EC808601240->374189d0-76c5-49d2-81b4-45a4af1368a2@group-30B6692CD68C, cid=2858, SUCCESS, logIndex=4764, commits[374189d0-76c5-49d2-81b4-45a4af1368a2:c4764]
2019-06-14 08:43:08,210 INFO  client.GrpcClientProtocolClient (GrpcClientProtocolClient.java:onNext(254)) - client-2EC808601240->374189d0-76c5-49d2-81b4-45a4af1368a2: receive RaftClientReply:client-2EC808601240->374189d0-76c5-49d2-81b4-45a4af1368a2@group-30B6692CD68C, cid=2859, SUCCESS, logIndex=4765, commits[374189d0-76c5-49d2-81b4-45a4af1368a2:c4767]
2019-06-14 08:43:08,210 INFO  client.GrpcClientProtocolClient (GrpcClientProtocolClient.java:onNext(254)) - client-2EC808601240->374189d0-76c5-49d2-81b4-45a4af1368a2: receive RaftClientReply:client-2EC808601240->374189d0-76c5-49d2-81b4-45a4af1368a2@group-30B6692CD68C, cid=2860, SUCCESS, logIndex=4766, commits[374189d0-76c5-49d2-81b4-45a4af1368a2:c4767]
2019-06-14 08:43:08,215 INFO  client.GrpcClientProtocolClient (GrpcClientProtocolClient.java:onNext(254)) - client-2EC808601240->374189d0-76c5-49d2-81b4-45a4af1368a2: receive RaftClientReply:client-2EC808601240->374189d0-76c5-49d2-81b4-45a4af1368a2@group-30B6692CD68C, cid=2861, SUCCESS, logIndex=4768, commits[374189d0-76c5-49d2-81b4-45a4af1368a2:c4768]
2019-06-14 08:43:08,216 INFO  client.GrpcClientProtocolClient (GrpcClientProtocolClient.java:onNext(254)) - client-2EC808601240->374189d0-76c5-49d2-81b4-45a4af1368a2: receive RaftClientReply:client-2EC808601240->374189d0-76c5-49d2-81b4-45a4af1368a2@group-30B6692CD68C, cid=2862, SUCCESS, logIndex=4770, commits[374189d0-76c5-49d2-81b4-45a4af1368a2:c4770]
2019-06-14 08:43:08,216 DEBUG block.SCMBlockDeletingService (SCMBlockDeletingService.java:call(138)) - Running DeletedBlockTransactionScanner
2019-06-14 08:43:08,217 DEBUG block.SCMBlockDeletingService (SCMBlockDeletingService.java:call(155)) - Scanned deleted blocks log and got 0 delTX to process.
2019-06-14 08:43:08,217 INFO  client.GrpcClientProtocolClient (GrpcClientProtocolClient.java:onNext(254)) - client-2EC808601240->374189d0-76c5-49d2-81b4-45a4af1368a2: receive RaftClientReply:client-2EC808601240->374189d0-76c5-49d2-81b4-45a4af1368a2@group-30B6692CD68C, cid=2863, SUCCESS, logIndex=4771, commits[374189d0-76c5-49d2-81b4-45a4af1368a2:c4773]
2019-06-14 08:43:08,218 INFO  client.GrpcClientProtocolClient (GrpcClientProtocolClient.java:onNext(254)) - client-2EC808601240->374189d0-76c5-49d2-81b4-45a4af1368a2: receive RaftClientReply:client-2EC808601240->374189d0-76c5-49d2-81b4-45a4af1368a2@group-30B6692CD68C, cid=2864, SUCCESS, logIndex=4772, commits[374189d0-76c5-49d2-81b4-45a4af1368a2:c4773]
2019-06-14 08:43:08,227 INFO  client.GrpcClientProtocolClient (GrpcClientProtocolClient.java:onNext(254)) - client-2EC808601240->374189d0-76c5-49d2-81b4-45a4af1368a2: receive RaftClientReply:client-2EC808601240->374189d0-76c5-49d2-81b4-45a4af1368a2@group-30B6692CD68C, cid=2865, SUCCESS, logIndex=4774, commits[374189d0-76c5-49d2-81b4-45a4af1368a2:c4774]
2019-06-14 08:43:08,228 INFO  client.GrpcClientProtocolClient (GrpcClientProtocolClient.java:onNext(254)) - client-2EC808601240->374189d0-76c5-49d2-81b4-45a4af1368a2: receive RaftClientReply:client-2EC808601240->374189d0-76c5-49d2-81b4-45a4af1368a2@group-30B6692CD68C, cid=2866, SUCCESS, logIndex=4776, commits[374189d0-76c5-49d2-81b4-45a4af1368a2:c4776]
2019-06-14 08:43:08,229 INFO  client.GrpcClientProtocolClient (GrpcClientProtocolClient.java:onNext(254)) - client-2EC808601240->374189d0-76c5-49d2-81b4-45a4af1368a2: receive RaftClientReply:client-2EC808601240->374189d0-76c5-49d2-81b4-45a4af1368a2@group-30B6692CD68C, cid=2867, SUCCESS, logIndex=4777, commits[374189d0-76c5-49d2-81b4-45a4af1368a2:c4779]
2019-06-14 08:43:08,229 INFO  client.GrpcClientProtocolClient (GrpcClientProtocolClient.java:onNext(254)) - client-2EC808601240->374189d0-76c5-49d2-81b4-45a4af1368a2: receive RaftClientReply:client-2EC808601240->374189d0-76c5-49d2-81b4-45a4af1368a2@group-30B6692CD68C, cid=2868, SUCCESS, logIndex=4778, commits[374189d0-76c5-49d2-81b4-45a4af1368a2:c4779]
2019-06-14 08:43:08,234 INFO  client.GrpcClientProtocolClient (GrpcClientProtocolClient.java:onNext(254)) - client-2EC808601240->374189d0-76c5-49d2-81b4-45a4af1368a2: receive RaftClientReply:client-2EC808601240->374189d0-76c5-49d2-81b4-45a4af1368a2@group-30B6692CD68C, cid=2869, SUCCESS, logIndex=4780, commits[374189d0-76c5-49d2-81b4-45a4af1368a2:c4780]
2019-06-14 08:43:08,235 INFO  client.GrpcClientProtocolClient (GrpcClientProtocolClient.java:onNext(254)) - client-2EC808601240->374189d0-76c5-49d2-81b4-45a4af1368a2: receive RaftClientReply:client-2EC808601240->374189d0-76c5-49d2-81b4-45a4af1368a2@group-30B6692CD68C, cid=2870, SUCCESS, logIndex=4782, commits[374189d0-76c5-49d2-81b4-45a4af1368a2:c4782]
2019-06-14 08:43:08,236 INFO  client.GrpcClientProtocolClient (GrpcClientProtocolClient.java:onNext(254)) - client-2EC808601240->374189d0-76c5-49d2-81b4-45a4af1368a2: receive RaftClientReply:client-2EC808601240->374189d0-76c5-49d2-81b4-45a4af1368a2@group-30B6692CD68C, cid=2871, SUCCESS, logIndex=4783, commits[374189d0-76c5-49d2-81b4-45a4af1368a2:c4785]
2019-06-14 08:43:08,236 INFO  client.GrpcClientProtocolClient (GrpcClientProtocolClient.java:onNext(254)) - client-2EC808601240->374189d0-76c5-49d2-81b4-45a4af1368a2: receive RaftClientReply:client-2EC808601240->374189d0-76c5-49d2-81b4-45a4af1368a2@group-30B6692CD68C, cid=2872, SUCCESS, logIndex=4784, commits[374189d0-76c5-49d2-81b4-45a4af1368a2:c4785]
2019-06-14 08:43:08,312 INFO  client.GrpcClientProtocolClient (GrpcClientProtocolClient.java:onNext(254)) - client-2EC808601240->374189d0-76c5-49d2-81b4-45a4af1368a2: receive RaftClientReply:client-2EC808601240->374189d0-76c5-49d2-81b4-45a4af1368a2@group-30B6692CD68C, cid=2873, SUCCESS, logIndex=4786, commits[374189d0-76c5-49d2-81b4-45a4af1368a2:c4786]
2019-06-14 08:43:08,313 INFO  client.GrpcClientProtocolClient (GrpcClientProtocolClient.java:onNext(254)) - client-2EC808601240->374189d0-76c5-49d2-81b4-45a4af1368a2: receive RaftClientReply:client-2EC808601240->374189d0-76c5-49d2-81b4-45a4af1368a2@group-30B6692CD68C, cid=2874, SUCCESS, logIndex=4788, commits[374189d0-76c5-49d2-81b4-45a4af1368a2:c4788]
2019-06-14 08:43:08,314 INFO  client.GrpcClientProtocolClient (GrpcClientProtocolClient.java:onNext(254)) - client-2EC808601240->374189d0-76c5-49d2-81b4-45a4af1368a2: receive RaftClientReply:client-2EC808601240->374189d0-76c5-49d2-81b4-45a4af1368a2@group-30B6692CD68C, cid=2875, SUCCESS, logIndex=4789, commits[374189d0-76c5-49d2-81b4-45a4af1368a2:c4791]
2019-06-14 08:43:08,315 INFO  client.GrpcClientProtocolClient (GrpcClientProtocolClient.java:onNext(254)) - client-2EC808601240->374189d0-76c5-49d2-81b4-45a4af1368a2: receive RaftClientReply:client-2EC808601240->374189d0-76c5-49d2-81b4-45a4af1368a2@group-30B6692CD68C, cid=2876, SUCCESS, logIndex=4790, commits[374189d0-76c5-49d2-81b4-45a4af1368a2:c4791]
2019-06-14 08:43:08,317 DEBUG block.SCMBlockDeletingService (SCMBlockDeletingService.java:call(138)) - Running DeletedBlockTransactionScanner
2019-06-14 08:43:08,317 DEBUG block.SCMBlockDeletingService (SCMBlockDeletingService.java:call(155)) - Scanned deleted blocks log and got 0 delTX to process.
2019-06-14 08:43:08,320 INFO  client.GrpcClientProtocolClient (GrpcClientProtocolClient.java:onNext(254)) - client-2EC808601240->374189d0-76c5-49d2-81b4-45a4af1368a2: receive RaftClientReply:client-2EC808601240->374189d0-76c5-49d2-81b4-45a4af1368a2@group-30B6692CD68C, cid=2877, SUCCESS, logIndex=4792, commits[374189d0-76c5-49d2-81b4-45a4af1368a2:c4792]
2019-06-14 08:43:08,321 INFO  client.GrpcClientProtocolClient (GrpcClientProtocolClient.java:onNext(254)) - client-2EC808601240->374189d0-76c5-49d2-81b4-45a4af1368a2: receive RaftClientReply:client-2EC808601240->374189d0-76c5-49d2-81b4-45a4af1368a2@group-30B6692CD68C, cid=2878, SUCCESS, logIndex=4794, commits[374189d0-76c5-49d2-81b4-45a4af1368a2:c4794]
2019-06-14 08:43:08,322 INFO  client.GrpcClientProtocolClient (GrpcClientProtocolClient.java:onNext(254)) - client-2EC808601240->374189d0-76c5-49d2-81b4-45a4af1368a2: receive RaftClientReply:client-2EC808601240->374189d0-76c5-49d2-81b4-45a4af1368a2@group-30B6692CD68C, cid=2879, SUCCESS, logIndex=4795, commits[374189d0-76c5-49d2-81b4-45a4af1368a2:c4797]
2019-06-14 08:43:08,322 INFO  client.GrpcClientProtocolClient (GrpcClientProtocolClient.java:onNext(254)) - client-2EC808601240->374189d0-76c5-49d2-81b4-45a4af1368a2: receive RaftClientReply:client-2EC808601240->374189d0-76c5-49d2-81b4-45a4af1368a2@group-30B6692CD68C, cid=2880, SUCCESS, logIndex=4796, commits[374189d0-76c5-49d2-81b4-45a4af1368a2:c4797]
2019-06-14 08:43:08,334 INFO  client.GrpcClientProtocolClient (GrpcClientProtocolClient.java:onNext(254)) - client-2EC808601240->374189d0-76c5-49d2-81b4-45a4af1368a2: receive RaftClientReply:client-2EC808601240->374189d0-76c5-49d2-81b4-45a4af1368a2@group-30B6692CD68C, cid=2881, SUCCESS, logIndex=4798, commits[374189d0-76c5-49d2-81b4-45a4af1368a2:c4798]
2019-06-14 08:43:08,334 INFO  storage.RaftLogWorker (RaftLogWorker.java:rollLogSegment(303)) - 374189d0-76c5-49d2-81b4-45a4af1368a2-RaftLogWorker: Rolling segment log-4735_4800 to index:4800
2019-06-14 08:43:08,335 INFO  storage.RaftLogWorker (RaftLogWorker.java:execute(433)) - 374189d0-76c5-49d2-81b4-45a4af1368a2-RaftLogWorker: Rolled log segment from /opt/src/hadoop-ozone/integration-test/target/test-dir/MiniOzoneClusterImpl-1994f8b8-dd4d-445c-bf25-0c6d40f9b14d/datanode-0/data/ratis/99d0acb8-99ce-4814-8259-30b6692cd68c/current/log_inprogress_4735 to /opt/src/hadoop-ozone/integration-test/target/test-dir/MiniOzoneClusterImpl-1994f8b8-dd4d-445c-bf25-0c6d40f9b14d/datanode-0/data/ratis/99d0acb8-99ce-4814-8259-30b6692cd68c/current/log_4735-4800
2019-06-14 08:43:08,336 INFO  client.GrpcClientProtocolClient (GrpcClientProtocolClient.java:onNext(254)) - client-2EC808601240->374189d0-76c5-49d2-81b4-45a4af1368a2: receive RaftClientReply:client-2EC808601240->374189d0-76c5-49d2-81b4-45a4af1368a2@group-30B6692CD68C, cid=2882, SUCCESS, logIndex=4800, commits[374189d0-76c5-49d2-81b4-45a4af1368a2:c4800]
2019-06-14 08:43:08,373 INFO  storage.RaftLogWorker (RaftLogWorker.java:execute(469)) - 374189d0-76c5-49d2-81b4-45a4af1368a2-RaftLogWorker: created new log segment /opt/src/hadoop-ozone/integration-test/target/test-dir/MiniOzoneClusterImpl-1994f8b8-dd4d-445c-bf25-0c6d40f9b14d/datanode-0/data/ratis/99d0acb8-99ce-4814-8259-30b6692cd68c/current/log_inprogress_4801
2019-06-14 08:43:08,375 INFO  client.GrpcClientProtocolClient (GrpcClientProtocolClient.java:onNext(254)) - client-2EC808601240->374189d0-76c5-49d2-81b4-45a4af1368a2: receive RaftClientReply:client-2EC808601240->374189d0-76c5-49d2-81b4-45a4af1368a2@group-30B6692CD68C, cid=2883, SUCCESS, logIndex=4801, commits[374189d0-76c5-49d2-81b4-45a4af1368a2:c4802]
2019-06-14 08:43:08,376 INFO  client.GrpcClientProtocolClient (GrpcClientProtocolClient.java:onNext(254)) - client-2EC808601240->374189d0-76c5-49d2-81b4-45a4af1368a2: receive RaftClientReply:client-2EC808601240->374189d0-76c5-49d2-81b4-45a4af1368a2@group-30B6692CD68C, cid=2884, SUCCESS, logIndex=4803, commits[374189d0-76c5-49d2-81b4-45a4af1368a2:c4803]
2019-06-14 08:43:08,381 INFO  client.GrpcClientProtocolClient (GrpcClientProtocolClient.java:onNext(254)) - client-2EC808601240->374189d0-76c5-49d2-81b4-45a4af1368a2: receive RaftClientReply:client-2EC808601240->374189d0-76c5-49d2-81b4-45a4af1368a2@group-30B6692CD68C, cid=2885, SUCCESS, logIndex=4805, commits[374189d0-76c5-49d2-81b4-45a4af1368a2:c4805]
2019-06-14 08:43:08,382 INFO  client.GrpcClientProtocolClient (GrpcClientProtocolClient.java:onNext(254)) - client-2EC808601240->374189d0-76c5-49d2-81b4-45a4af1368a2: receive RaftClientReply:client-2EC808601240->374189d0-76c5-49d2-81b4-45a4af1368a2@group-30B6692CD68C, cid=2886, SUCCESS, logIndex=4807, commits[374189d0-76c5-49d2-81b4-45a4af1368a2:c4807]
2019-06-14 08:43:08,383 INFO  client.GrpcClientProtocolClient (GrpcClientProtocolClient.java:onNext(254)) - client-2EC808601240->374189d0-76c5-49d2-81b4-45a4af1368a2: receive RaftClientReply:client-2EC808601240->374189d0-76c5-49d2-81b4-45a4af1368a2@group-30B6692CD68C, cid=2887, SUCCESS, logIndex=4808, commits[374189d0-76c5-49d2-81b4-45a4af1368a2:c4810]
2019-06-14 08:43:08,383 INFO  client.GrpcClientProtocolClient (GrpcClientProtocolClient.java:onNext(254)) - client-2EC808601240->374189d0-76c5-49d2-81b4-45a4af1368a2: receive RaftClientReply:client-2EC808601240->374189d0-76c5-49d2-81b4-45a4af1368a2@group-30B6692CD68C, cid=2888, SUCCESS, logIndex=4809, commits[374189d0-76c5-49d2-81b4-45a4af1368a2:c4810]
2019-06-14 08:43:08,394 INFO  client.GrpcClientProtocolClient (GrpcClientProtocolClient.java:onNext(254)) - client-2EC808601240->374189d0-76c5-49d2-81b4-45a4af1368a2: receive RaftClientReply:client-2EC808601240->374189d0-76c5-49d2-81b4-45a4af1368a2@group-30B6692CD68C, cid=2889, SUCCESS, logIndex=4811, commits[374189d0-76c5-49d2-81b4-45a4af1368a2:c4811]
2019-06-14 08:43:08,395 INFO  client.GrpcClientProtocolClient (GrpcClientProtocolClient.java:onNext(254)) - client-2EC808601240->374189d0-76c5-49d2-81b4-45a4af1368a2: receive RaftClientReply:client-2EC808601240->374189d0-76c5-49d2-81b4-45a4af1368a2@group-30B6692CD68C, cid=2890, SUCCESS, logIndex=4813, commits[374189d0-76c5-49d2-81b4-45a4af1368a2:c4813]
2019-06-14 08:43:08,396 INFO  client.GrpcClientProtocolClient (GrpcClientProtocolClient.java:onNext(254)) - client-2EC808601240->374189d0-76c5-49d2-81b4-45a4af1368a2: receive RaftClientReply:client-2EC808601240->374189d0-76c5-49d2-81b4-45a4af1368a2@group-30B6692CD68C, cid=2891, SUCCESS, logIndex=4814, commits[374189d0-76c5-49d2-81b4-45a4af1368a2:c4816]
2019-06-14 08:43:08,396 INFO  client.GrpcClientProtocolClient (GrpcClientProtocolClient.java:onNext(254)) - client-2EC808601240->374189d0-76c5-49d2-81b4-45a4af1368a2: receive RaftClientReply:client-2EC808601240->374189d0-76c5-49d2-81b4-45a4af1368a2@group-30B6692CD68C, cid=2892, SUCCESS, logIndex=4815, commits[374189d0-76c5-49d2-81b4-45a4af1368a2:c4816]
2019-06-14 08:43:08,401 INFO  client.GrpcClientProtocolClient (GrpcClientProtocolClient.java:onNext(254)) - client-2EC808601240->374189d0-76c5-49d2-81b4-45a4af1368a2: receive RaftClientReply:client-2EC808601240->374189d0-76c5-49d2-81b4-45a4af1368a2@group-30B6692CD68C, cid=2893, SUCCESS, logIndex=4817, commits[374189d0-76c5-49d2-81b4-45a4af1368a2:c4817]
2019-06-14 08:43:08,403 INFO  client.GrpcClientProtocolClient (GrpcClientProtocolClient.java:onNext(254)) - client-2EC808601240->374189d0-76c5-49d2-81b4-45a4af1368a2: receive RaftClientReply:client-2EC808601240->374189d0-76c5-49d2-81b4-45a4af1368a2@group-30B6692CD68C, cid=2894, SUCCESS, logIndex=4819, commits[374189d0-76c5-49d2-81b4-45a4af1368a2:c4819]
2019-06-14 08:43:08,404 INFO  client.GrpcClientProtocolClient (GrpcClientProtocolClient.java:onNext(254)) - client-2EC808601240->374189d0-76c5-49d2-81b4-45a4af1368a2: receive RaftClientReply:client-2EC808601240->374189d0-76c5-49d2-81b4-45a4af1368a2@group-30B6692CD68C, cid=2895, SUCCESS, logIndex=4820, commits[374189d0-76c5-49d2-81b4-45a4af1368a2:c4822]
2019-06-14 08:43:08,404 INFO  client.GrpcClientProtocolClient (GrpcClientProtocolClient.java:onNext(254)) - client-2EC808601240->374189d0-76c5-49d2-81b4-45a4af1368a2: receive RaftClientReply:client-2EC808601240->374189d0-76c5-49d2-81b4-45a4af1368a2@group-30B6692CD68C, cid=2896, SUCCESS, logIndex=4821, commits[374189d0-76c5-49d2-81b4-45a4af1368a2:c4822]
2019-06-14 08:43:08,415 INFO  client.GrpcClientProtocolClient (GrpcClientProtocolClient.java:onNext(254)) - client-2EC808601240->374189d0-76c5-49d2-81b4-45a4af1368a2: receive RaftClientReply:client-2EC808601240->374189d0-76c5-49d2-81b4-45a4af1368a2@group-30B6692CD68C, cid=2897, SUCCESS, logIndex=4823, commits[374189d0-76c5-49d2-81b4-45a4af1368a2:c4823]
2019-06-14 08:43:08,417 INFO  client.GrpcClientProtocolClient (GrpcClientProtocolClient.java:onNext(254)) - client-2EC808601240->374189d0-76c5-49d2-81b4-45a4af1368a2: receive RaftClientReply:client-2EC808601240->374189d0-76c5-49d2-81b4-45a4af1368a2@group-30B6692CD68C, cid=2898, SUCCESS, logIndex=4825, commits[374189d0-76c5-49d2-81b4-45a4af1368a2:c4825]
2019-06-14 08:43:08,417 DEBUG block.SCMBlockDeletingService (SCMBlockDeletingService.java:call(138)) - Running DeletedBlockTransactionScanner
2019-06-14 08:43:08,417 DEBUG block.SCMBlockDeletingService (SCMBlockDeletingService.java:call(155)) - Scanned deleted blocks log and got 0 delTX to process.
2019-06-14 08:43:08,418 INFO  client.GrpcClientProtocolClient (GrpcClientProtocolClient.java:onNext(254)) - client-2EC808601240->374189d0-76c5-49d2-81b4-45a4af1368a2: receive RaftClientReply:client-2EC808601240->374189d0-76c5-49d2-81b4-45a4af1368a2@group-30B6692CD68C, cid=2899, SUCCESS, logIndex=4826, commits[374189d0-76c5-49d2-81b4-45a4af1368a2:c4828]
2019-06-14 08:43:08,418 INFO  client.GrpcClientProtocolClient (GrpcClientProtocolClient.java:onNext(254)) - client-2EC808601240->374189d0-76c5-49d2-81b4-45a4af1368a2: receive RaftClientReply:client-2EC808601240->374189d0-76c5-49d2-81b4-45a4af1368a2@group-30B6692CD68C, cid=2900, SUCCESS, logIndex=4827, commits[374189d0-76c5-49d2-81b4-45a4af1368a2:c4828]
2019-06-14 08:43:08,422 INFO  client.GrpcClientProtocolClient (GrpcClientProtocolClient.java:onNext(254)) - client-2EC808601240->374189d0-76c5-49d2-81b4-45a4af1368a2: receive RaftClientReply:client-2EC808601240->374189d0-76c5-49d2-81b4-45a4af1368a2@group-30B6692CD68C, cid=2901, SUCCESS, logIndex=4829, commits[374189d0-76c5-49d2-81b4-45a4af1368a2:c4829]
2019-06-14 08:43:08,424 INFO  client.GrpcClientProtocolClient (GrpcClientProtocolClient.java:onNext(254)) - client-2EC808601240->374189d0-76c5-49d2-81b4-45a4af1368a2: receive RaftClientReply:client-2EC808601240->374189d0-76c5-49d2-81b4-45a4af1368a2@group-30B6692CD68C, cid=2902, SUCCESS, logIndex=4831, commits[374189d0-76c5-49d2-81b4-45a4af1368a2:c4831]
2019-06-14 08:43:08,425 INFO  client.GrpcClientProtocolClient (GrpcClientProtocolClient.java:onNext(254)) - client-2EC808601240->374189d0-76c5-49d2-81b4-45a4af1368a2: receive RaftClientReply:client-2EC808601240->374189d0-76c5-49d2-81b4-45a4af1368a2@group-30B6692CD68C, cid=2903, SUCCESS, logIndex=4832, commits[374189d0-76c5-49d2-81b4-45a4af1368a2:c4834]
2019-06-14 08:43:08,425 INFO  client.GrpcClientProtocolClient (GrpcClientProtocolClient.java:onNext(254)) - client-2EC808601240->374189d0-76c5-49d2-81b4-45a4af1368a2: receive RaftClientReply:client-2EC808601240->374189d0-76c5-49d2-81b4-45a4af1368a2@group-30B6692CD68C, cid=2904, SUCCESS, logIndex=4833, commits[374189d0-76c5-49d2-81b4-45a4af1368a2:c4834]
2019-06-14 08:43:08,435 INFO  client.GrpcClientProtocolClient (GrpcClientProtocolClient.java:onNext(254)) - client-2EC808601240->374189d0-76c5-49d2-81b4-45a4af1368a2: receive RaftClientReply:client-2EC808601240->374189d0-76c5-49d2-81b4-45a4af1368a2@group-30B6692CD68C, cid=2905, SUCCESS, logIndex=4835, commits[374189d0-76c5-49d2-81b4-45a4af1368a2:c4835]
2019-06-14 08:43:08,437 INFO  client.GrpcClientProtocolClient (GrpcClientProtocolClient.java:onNext(254)) - client-2EC808601240->374189d0-76c5-49d2-81b4-45a4af1368a2: receive RaftClientReply:client-2EC808601240->374189d0-76c5-49d2-81b4-45a4af1368a2@group-30B6692CD68C, cid=2906, SUCCESS, logIndex=4837, commits[374189d0-76c5-49d2-81b4-45a4af1368a2:c4837]
2019-06-14 08:43:08,438 INFO  client.GrpcClientProtocolClient (GrpcClientProtocolClient.java:onNext(254)) - client-2EC808601240->374189d0-76c5-49d2-81b4-45a4af1368a2: receive RaftClientReply:client-2EC808601240->374189d0-76c5-49d2-81b4-45a4af1368a2@group-30B6692CD68C, cid=2907, SUCCESS, logIndex=4838, commits[374189d0-76c5-49d2-81b4-45a4af1368a2:c4838]
2019-06-14 08:43:08,443 INFO  client.GrpcClientProtocolClient (GrpcClientProtocolClient.java:onNext(254)) - client-2EC808601240->374189d0-76c5-49d2-81b4-45a4af1368a2: receive RaftClientReply:client-2EC808601240->374189d0-76c5-49d2-81b4-45a4af1368a2@group-30B6692CD68C, cid=2908, SUCCESS, logIndex=4841, commits[374189d0-76c5-49d2-81b4-45a4af1368a2:c4841]
2019-06-14 08:43:08,448 INFO  client.GrpcClientProtocolClient (GrpcClientProtocolClient.java:onNext(254)) - client-2EC808601240->374189d0-76c5-49d2-81b4-45a4af1368a2: receive RaftClientReply:client-2EC808601240->374189d0-76c5-49d2-81b4-45a4af1368a2@group-30B6692CD68C, cid=2909, SUCCESS, logIndex=4843, commits[374189d0-76c5-49d2-81b4-45a4af1368a2:c4843]
2019-06-14 08:43:08,449 INFO  client.GrpcClientProtocolClient (GrpcClientProtocolClient.java:onNext(254)) - client-2EC808601240->374189d0-76c5-49d2-81b4-45a4af1368a2: receive RaftClientReply:client-2EC808601240->374189d0-76c5-49d2-81b4-45a4af1368a2@group-30B6692CD68C, cid=2910, SUCCESS, logIndex=4845, commits[374189d0-76c5-49d2-81b4-45a4af1368a2:c4845]
2019-06-14 08:43:08,455 INFO  client.GrpcClientProtocolClient (GrpcClientProtocolClient.java:onNext(254)) - client-2EC808601240->374189d0-76c5-49d2-81b4-45a4af1368a2: receive RaftClientReply:client-2EC808601240->374189d0-76c5-49d2-81b4-45a4af1368a2@group-30B6692CD68C, cid=2911, SUCCESS, logIndex=4847, commits[374189d0-76c5-49d2-81b4-45a4af1368a2:c4848]
2019-06-14 08:43:08,455 INFO  client.GrpcClientProtocolClient (GrpcClientProtocolClient.java:onNext(254)) - client-2EC808601240->374189d0-76c5-49d2-81b4-45a4af1368a2: receive RaftClientReply:client-2EC808601240->374189d0-76c5-49d2-81b4-45a4af1368a2@group-30B6692CD68C, cid=2912, SUCCESS, logIndex=4848, commits[374189d0-76c5-49d2-81b4-45a4af1368a2:c4849]
2019-06-14 08:43:08,465 INFO  client.GrpcClientProtocolClient (GrpcClientProtocolClient.java:onNext(254)) - client-2EC808601240->374189d0-76c5-49d2-81b4-45a4af1368a2: receive RaftClientReply:client-2EC808601240->374189d0-76c5-49d2-81b4-45a4af1368a2@group-30B6692CD68C, cid=2913, SUCCESS, logIndex=4850, commits[374189d0-76c5-49d2-81b4-45a4af1368a2:c4850]
2019-06-14 08:43:08,467 INFO  client.GrpcClientProtocolClient (GrpcClientProtocolClient.java:onNext(254)) - client-2EC808601240->374189d0-76c5-49d2-81b4-45a4af1368a2: receive RaftClientReply:client-2EC808601240->374189d0-76c5-49d2-81b4-45a4af1368a2@group-30B6692CD68C, cid=2914, SUCCESS, logIndex=4852, commits[374189d0-76c5-49d2-81b4-45a4af1368a2:c4852]
2019-06-14 08:43:08,469 INFO  client.GrpcClientProtocolClient (GrpcClientProtocolClient.java:onNext(254)) - client-2EC808601240->374189d0-76c5-49d2-81b4-45a4af1368a2: receive RaftClientReply:client-2EC808601240->374189d0-76c5-49d2-81b4-45a4af1368a2@group-30B6692CD68C, cid=2915, SUCCESS, logIndex=4854, commits[374189d0-76c5-49d2-81b4-45a4af1368a2:c4855]
2019-06-14 08:43:08,469 INFO  client.GrpcClientProtocolClient (GrpcClientProtocolClient.java:onNext(254)) - client-2EC808601240->374189d0-76c5-49d2-81b4-45a4af1368a2: receive RaftClientReply:client-2EC808601240->374189d0-76c5-49d2-81b4-45a4af1368a2@group-30B6692CD68C, cid=2916, SUCCESS, logIndex=4855, commits[374189d0-76c5-49d2-81b4-45a4af1368a2:c4855]
2019-06-14 08:43:08,517 DEBUG block.SCMBlockDeletingService (SCMBlockDeletingService.java:call(138)) - Running DeletedBlockTransactionScanner
2019-06-14 08:43:08,518 DEBUG block.SCMBlockDeletingService (SCMBlockDeletingService.java:call(155)) - Scanned deleted blocks log and got 0 delTX to process.
2019-06-14 08:43:08,543 INFO  client.GrpcClientProtocolClient (GrpcClientProtocolClient.java:onNext(254)) - client-2EC808601240->374189d0-76c5-49d2-81b4-45a4af1368a2: receive RaftClientReply:client-2EC808601240->374189d0-76c5-49d2-81b4-45a4af1368a2@group-30B6692CD68C, cid=2917, SUCCESS, logIndex=4857, commits[374189d0-76c5-49d2-81b4-45a4af1368a2:c4857]
2019-06-14 08:43:08,544 INFO  client.GrpcClientProtocolClient (GrpcClientProtocolClient.java:onNext(254)) - client-2EC808601240->374189d0-76c5-49d2-81b4-45a4af1368a2: receive RaftClientReply:client-2EC808601240->374189d0-76c5-49d2-81b4-45a4af1368a2@group-30B6692CD68C, cid=2918, SUCCESS, logIndex=4859, commits[374189d0-76c5-49d2-81b4-45a4af1368a2:c4859]
2019-06-14 08:43:08,545 INFO  client.GrpcClientProtocolClient (GrpcClientProtocolClient.java:onNext(254)) - client-2EC808601240->374189d0-76c5-49d2-81b4-45a4af1368a2: receive RaftClientReply:client-2EC808601240->374189d0-76c5-49d2-81b4-45a4af1368a2@group-30B6692CD68C, cid=2919, SUCCESS, logIndex=4860, commits[374189d0-76c5-49d2-81b4-45a4af1368a2:c4862]
2019-06-14 08:43:08,546 INFO  client.GrpcClientProtocolClient (GrpcClientProtocolClient.java:onNext(254)) - client-2EC808601240->374189d0-76c5-49d2-81b4-45a4af1368a2: receive RaftClientReply:client-2EC808601240->374189d0-76c5-49d2-81b4-45a4af1368a2@group-30B6692CD68C, cid=2920, SUCCESS, logIndex=4861, commits[374189d0-76c5-49d2-81b4-45a4af1368a2:c4862]
2019-06-14 08:43:08,556 INFO  client.GrpcClientProtocolClient (GrpcClientProtocolClient.java:onNext(254)) - client-2EC808601240->374189d0-76c5-49d2-81b4-45a4af1368a2: receive RaftClientReply:client-2EC808601240->374189d0-76c5-49d2-81b4-45a4af1368a2@group-30B6692CD68C, cid=2921, SUCCESS, logIndex=4863, commits[374189d0-76c5-49d2-81b4-45a4af1368a2:c4863]
2019-06-14 08:43:08,556 INFO  client.GrpcClientProtocolClient (GrpcClientProtocolClient.java:onNext(254)) - client-2EC808601240->374189d0-76c5-49d2-81b4-45a4af1368a2: receive RaftClientReply:client-2EC808601240->374189d0-76c5-49d2-81b4-45a4af1368a2@group-30B6692CD68C, cid=2922, SUCCESS, logIndex=4865, commits[374189d0-76c5-49d2-81b4-45a4af1368a2:c4865]
2019-06-14 08:43:08,559 INFO  client.GrpcClientProtocolClient (GrpcClientProtocolClient.java:onNext(254)) - client-2EC808601240->374189d0-76c5-49d2-81b4-45a4af1368a2: receive RaftClientReply:client-2EC808601240->374189d0-76c5-49d2-81b4-45a4af1368a2@group-30B6692CD68C, cid=2923, SUCCESS, logIndex=4867, commits[374189d0-76c5-49d2-81b4-45a4af1368a2:c4867]
2019-06-14 08:43:08,563 INFO  client.GrpcClientProtocolClient (GrpcClientProtocolClient.java:onNext(254)) - client-2EC808601240->374189d0-76c5-49d2-81b4-45a4af1368a2: receive RaftClientReply:client-2EC808601240->374189d0-76c5-49d2-81b4-45a4af1368a2@group-30B6692CD68C, cid=2924, SUCCESS, logIndex=4868, commits[374189d0-76c5-49d2-81b4-45a4af1368a2:c4868]
2019-06-14 08:43:08,569 INFO  client.GrpcClientProtocolClient (GrpcClientProtocolClient.java:onNext(254)) - client-2EC808601240->374189d0-76c5-49d2-81b4-45a4af1368a2: receive RaftClientReply:client-2EC808601240->374189d0-76c5-49d2-81b4-45a4af1368a2@group-30B6692CD68C, cid=2925, SUCCESS, logIndex=4871, commits[374189d0-76c5-49d2-81b4-45a4af1368a2:c4871]
2019-06-14 08:43:08,569 INFO  storage.RaftLogWorker (RaftLogWorker.java:rollLogSegment(303)) - 374189d0-76c5-49d2-81b4-45a4af1368a2-RaftLogWorker: Rolling segment log-4801_4872 to index:4872
2019-06-14 08:43:08,570 INFO  storage.RaftLogWorker (RaftLogWorker.java:execute(433)) - 374189d0-76c5-49d2-81b4-45a4af1368a2-RaftLogWorker: Rolled log segment from /opt/src/hadoop-ozone/integration-test/target/test-dir/MiniOzoneClusterImpl-1994f8b8-dd4d-445c-bf25-0c6d40f9b14d/datanode-0/data/ratis/99d0acb8-99ce-4814-8259-30b6692cd68c/current/log_inprogress_4801 to /opt/src/hadoop-ozone/integration-test/target/test-dir/MiniOzoneClusterImpl-1994f8b8-dd4d-445c-bf25-0c6d40f9b14d/datanode-0/data/ratis/99d0acb8-99ce-4814-8259-30b6692cd68c/current/log_4801-4872
2019-06-14 08:43:08,607 INFO  storage.RaftLogWorker (RaftLogWorker.java:execute(469)) - 374189d0-76c5-49d2-81b4-45a4af1368a2-RaftLogWorker: created new log segment /opt/src/hadoop-ozone/integration-test/target/test-dir/MiniOzoneClusterImpl-1994f8b8-dd4d-445c-bf25-0c6d40f9b14d/datanode-0/data/ratis/99d0acb8-99ce-4814-8259-30b6692cd68c/current/log_inprogress_4873
2019-06-14 08:43:08,609 INFO  client.GrpcClientProtocolClient (GrpcClientProtocolClient.java:onNext(254)) - client-2EC808601240->374189d0-76c5-49d2-81b4-45a4af1368a2: receive RaftClientReply:client-2EC808601240->374189d0-76c5-49d2-81b4-45a4af1368a2@group-30B6692CD68C, cid=2926, SUCCESS, logIndex=4873, commits[374189d0-76c5-49d2-81b4-45a4af1368a2:c4875]
2019-06-14 08:43:08,609 INFO  client.GrpcClientProtocolClient (GrpcClientProtocolClient.java:onNext(254)) - client-2EC808601240->374189d0-76c5-49d2-81b4-45a4af1368a2: receive RaftClientReply:client-2EC808601240->374189d0-76c5-49d2-81b4-45a4af1368a2@group-30B6692CD68C, cid=2927, SUCCESS, logIndex=4874, commits[374189d0-76c5-49d2-81b4-45a4af1368a2:c4875]
2019-06-14 08:43:08,609 INFO  client.GrpcClientProtocolClient (GrpcClientProtocolClient.java:onNext(254)) - client-2EC808601240->374189d0-76c5-49d2-81b4-45a4af1368a2: receive RaftClientReply:client-2EC808601240->374189d0-76c5-49d2-81b4-45a4af1368a2@group-30B6692CD68C, cid=2928, SUCCESS, logIndex=4875, commits[374189d0-76c5-49d2-81b4-45a4af1368a2:c4875]
2019-06-14 08:43:08,618 DEBUG block.SCMBlockDeletingService (SCMBlockDeletingService.java:call(138)) - Running DeletedBlockTransactionScanner
2019-06-14 08:43:08,618 DEBUG block.SCMBlockDeletingService (SCMBlockDeletingService.java:call(155)) - Scanned deleted blocks log and got 0 delTX to process.
2019-06-14 08:43:08,623 INFO  client.GrpcClientProtocolClient (GrpcClientProtocolClient.java:onNext(254)) - client-2EC808601240->374189d0-76c5-49d2-81b4-45a4af1368a2: receive RaftClientReply:client-2EC808601240->374189d0-76c5-49d2-81b4-45a4af1368a2@group-30B6692CD68C, cid=2929, SUCCESS, logIndex=4877, commits[374189d0-76c5-49d2-81b4-45a4af1368a2:c4877]
2019-06-14 08:43:08,624 INFO  client.GrpcClientProtocolClient (GrpcClientProtocolClient.java:onNext(254)) - client-2EC808601240->374189d0-76c5-49d2-81b4-45a4af1368a2: receive RaftClientReply:client-2EC808601240->374189d0-76c5-49d2-81b4-45a4af1368a2@group-30B6692CD68C, cid=2930, SUCCESS, logIndex=4879, commits[374189d0-76c5-49d2-81b4-45a4af1368a2:c4879]
2019-06-14 08:43:08,625 INFO  client.GrpcClientProtocolClient (GrpcClientProtocolClient.java:onNext(254)) - client-2EC808601240->374189d0-76c5-49d2-81b4-45a4af1368a2: receive RaftClientReply:client-2EC808601240->374189d0-76c5-49d2-81b4-45a4af1368a2@group-30B6692CD68C, cid=2931, SUCCESS, logIndex=4880, commits[374189d0-76c5-49d2-81b4-45a4af1368a2:c4880]
2019-06-14 08:43:08,625 INFO  client.GrpcClientProtocolClient (GrpcClientProtocolClient.java:onNext(254)) - client-2EC808601240->374189d0-76c5-49d2-81b4-45a4af1368a2: receive RaftClientReply:client-2EC808601240->374189d0-76c5-49d2-81b4-45a4af1368a2@group-30B6692CD68C, cid=2932, SUCCESS, logIndex=4882, commits[374189d0-76c5-49d2-81b4-45a4af1368a2:c4882]
2019-06-14 08:43:08,632 INFO  client.GrpcClientProtocolClient (GrpcClientProtocolClient.java:onNext(254)) - client-2EC808601240->374189d0-76c5-49d2-81b4-45a4af1368a2: receive RaftClientReply:client-2EC808601240->374189d0-76c5-49d2-81b4-45a4af1368a2@group-30B6692CD68C, cid=2933, SUCCESS, logIndex=4885, commits[374189d0-76c5-49d2-81b4-45a4af1368a2:c4885]
2019-06-14 08:43:08,633 INFO  client.GrpcClientProtocolClient (GrpcClientProtocolClient.java:onNext(254)) - client-2EC808601240->374189d0-76c5-49d2-81b4-45a4af1368a2: receive RaftClientReply:client-2EC808601240->374189d0-76c5-49d2-81b4-45a4af1368a2@group-30B6692CD68C, cid=2934, SUCCESS, logIndex=4887, commits[374189d0-76c5-49d2-81b4-45a4af1368a2:c4887]
2019-06-14 08:43:08,634 INFO  client.GrpcClientProtocolClient (GrpcClientProtocolClient.java:onNext(254)) - client-2EC808601240->374189d0-76c5-49d2-81b4-45a4af1368a2: receive RaftClientReply:client-2EC808601240->374189d0-76c5-49d2-81b4-45a4af1368a2@group-30B6692CD68C, cid=2935, SUCCESS, logIndex=4888, commits[374189d0-76c5-49d2-81b4-45a4af1368a2:c4890]
2019-06-14 08:43:08,634 INFO  client.GrpcClientProtocolClient (GrpcClientProtocolClient.java:onNext(254)) - client-2EC808601240->374189d0-76c5-49d2-81b4-45a4af1368a2: receive RaftClientReply:client-2EC808601240->374189d0-76c5-49d2-81b4-45a4af1368a2@group-30B6692CD68C, cid=2936, SUCCESS, logIndex=4889, commits[374189d0-76c5-49d2-81b4-45a4af1368a2:c4890]
2019-06-14 08:43:08,691 INFO  client.GrpcClientProtocolClient (GrpcClientProtocolClient.java:onNext(254)) - client-2EC808601240->374189d0-76c5-49d2-81b4-45a4af1368a2: receive RaftClientReply:client-2EC808601240->374189d0-76c5-49d2-81b4-45a4af1368a2@group-30B6692CD68C, cid=2937, SUCCESS, logIndex=4891, commits[374189d0-76c5-49d2-81b4-45a4af1368a2:c4891]
2019-06-14 08:43:08,693 INFO  client.GrpcClientProtocolClient (GrpcClientProtocolClient.java:onNext(254)) - client-2EC808601240->374189d0-76c5-49d2-81b4-45a4af1368a2: receive RaftClientReply:client-2EC808601240->374189d0-76c5-49d2-81b4-45a4af1368a2@group-30B6692CD68C, cid=2938, SUCCESS, logIndex=4893, commits[374189d0-76c5-49d2-81b4-45a4af1368a2:c4893]
2019-06-14 08:43:08,694 INFO  client.GrpcClientProtocolClient (GrpcClientProtocolClient.java:onNext(254)) - client-2EC808601240->374189d0-76c5-49d2-81b4-45a4af1368a2: receive RaftClientReply:client-2EC808601240->374189d0-76c5-49d2-81b4-45a4af1368a2@group-30B6692CD68C, cid=2939, SUCCESS, logIndex=4894, commits[374189d0-76c5-49d2-81b4-45a4af1368a2:c4894]
2019-06-14 08:43:08,694 INFO  client.GrpcClientProtocolClient (GrpcClientProtocolClient.java:onNext(254)) - client-2EC808601240->374189d0-76c5-49d2-81b4-45a4af1368a2: receive RaftClientReply:client-2EC808601240->374189d0-76c5-49d2-81b4-45a4af1368a2@group-30B6692CD68C, cid=2940, SUCCESS, logIndex=4896, commits[374189d0-76c5-49d2-81b4-45a4af1368a2:c4896]
2019-06-14 08:43:08,701 INFO  client.GrpcClientProtocolClient (GrpcClientProtocolClient.java:onNext(254)) - client-2EC808601240->374189d0-76c5-49d2-81b4-45a4af1368a2: receive RaftClientReply:client-2EC808601240->374189d0-76c5-49d2-81b4-45a4af1368a2@group-30B6692CD68C, cid=2941, SUCCESS, logIndex=4899, commits[374189d0-76c5-49d2-81b4-45a4af1368a2:c4899]
2019-06-14 08:43:08,702 INFO  client.GrpcClientProtocolClient (GrpcClientProtocolClient.java:onNext(254)) - client-2EC808601240->374189d0-76c5-49d2-81b4-45a4af1368a2: receive RaftClientReply:client-2EC808601240->374189d0-76c5-49d2-81b4-45a4af1368a2@group-30B6692CD68C, cid=2942, SUCCESS, logIndex=4901, commits[374189d0-76c5-49d2-81b4-45a4af1368a2:c4901]
2019-06-14 08:43:08,705 INFO  client.GrpcClientProtocolClient (GrpcClientProtocolClient.java:onNext(254)) - client-2EC808601240->374189d0-76c5-49d2-81b4-45a4af1368a2: receive RaftClientReply:client-2EC808601240->374189d0-76c5-49d2-81b4-45a4af1368a2@group-30B6692CD68C, cid=2943, SUCCESS, logIndex=4903, commits[374189d0-76c5-49d2-81b4-45a4af1368a2:c4903]
2019-06-14 08:43:08,705 INFO  client.GrpcClientProtocolClient (GrpcClientProtocolClient.java:onNext(254)) - client-2EC808601240->374189d0-76c5-49d2-81b4-45a4af1368a2: receive RaftClientReply:client-2EC808601240->374189d0-76c5-49d2-81b4-45a4af1368a2@group-30B6692CD68C, cid=2944, SUCCESS, logIndex=4904, commits[374189d0-76c5-49d2-81b4-45a4af1368a2:c4904]
2019-06-14 08:43:08,719 DEBUG block.SCMBlockDeletingService (SCMBlockDeletingService.java:call(138)) - Running DeletedBlockTransactionScanner
2019-06-14 08:43:08,719 DEBUG block.SCMBlockDeletingService (SCMBlockDeletingService.java:call(155)) - Scanned deleted blocks log and got 0 delTX to process.
2019-06-14 08:43:08,719 INFO  client.GrpcClientProtocolClient (GrpcClientProtocolClient.java:onNext(254)) - client-2EC808601240->374189d0-76c5-49d2-81b4-45a4af1368a2: receive RaftClientReply:client-2EC808601240->374189d0-76c5-49d2-81b4-45a4af1368a2@group-30B6692CD68C, cid=2945, SUCCESS, logIndex=4907, commits[374189d0-76c5-49d2-81b4-45a4af1368a2:c4907]
2019-06-14 08:43:08,724 INFO  client.GrpcClientProtocolClient (GrpcClientProtocolClient.java:onNext(254)) - client-2EC808601240->374189d0-76c5-49d2-81b4-45a4af1368a2: receive RaftClientReply:client-2EC808601240->374189d0-76c5-49d2-81b4-45a4af1368a2@group-30B6692CD68C, cid=2946, SUCCESS, logIndex=4909, commits[374189d0-76c5-49d2-81b4-45a4af1368a2:c4909]
2019-06-14 08:43:08,726 INFO  client.GrpcClientProtocolClient (GrpcClientProtocolClient.java:onNext(254)) - client-2EC808601240->374189d0-76c5-49d2-81b4-45a4af1368a2: receive RaftClientReply:client-2EC808601240->374189d0-76c5-49d2-81b4-45a4af1368a2@group-30B6692CD68C, cid=2947, SUCCESS, logIndex=4910, commits[374189d0-76c5-49d2-81b4-45a4af1368a2:c4911]
2019-06-14 08:43:08,726 INFO  client.GrpcClientProtocolClient (GrpcClientProtocolClient.java:onNext(254)) - client-2EC808601240->374189d0-76c5-49d2-81b4-45a4af1368a2: receive RaftClientReply:client-2EC808601240->374189d0-76c5-49d2-81b4-45a4af1368a2@group-30B6692CD68C, cid=2948, SUCCESS, logIndex=4912, commits[374189d0-76c5-49d2-81b4-45a4af1368a2:c4912]
2019-06-14 08:43:08,732 INFO  client.GrpcClientProtocolClient (GrpcClientProtocolClient.java:onNext(254)) - client-2EC808601240->374189d0-76c5-49d2-81b4-45a4af1368a2: receive RaftClientReply:client-2EC808601240->374189d0-76c5-49d2-81b4-45a4af1368a2@group-30B6692CD68C, cid=2949, SUCCESS, logIndex=4914, commits[374189d0-76c5-49d2-81b4-45a4af1368a2:c4914]
2019-06-14 08:43:08,734 INFO  client.GrpcClientProtocolClient (GrpcClientProtocolClient.java:onNext(254)) - client-2EC808601240->374189d0-76c5-49d2-81b4-45a4af1368a2: receive RaftClientReply:client-2EC808601240->374189d0-76c5-49d2-81b4-45a4af1368a2@group-30B6692CD68C, cid=2950, SUCCESS, logIndex=4916, commits[374189d0-76c5-49d2-81b4-45a4af1368a2:c4916]
2019-06-14 08:43:08,735 INFO  client.GrpcClientProtocolClient (GrpcClientProtocolClient.java:onNext(254)) - client-2EC808601240->374189d0-76c5-49d2-81b4-45a4af1368a2: receive RaftClientReply:client-2EC808601240->374189d0-76c5-49d2-81b4-45a4af1368a2@group-30B6692CD68C, cid=2951, SUCCESS, logIndex=4917, commits[374189d0-76c5-49d2-81b4-45a4af1368a2:c4919]
2019-06-14 08:43:08,735 INFO  client.GrpcClientProtocolClient (GrpcClientProtocolClient.java:onNext(254)) - client-2EC808601240->374189d0-76c5-49d2-81b4-45a4af1368a2: receive RaftClientReply:client-2EC808601240->374189d0-76c5-49d2-81b4-45a4af1368a2@group-30B6692CD68C, cid=2952, SUCCESS, logIndex=4918, commits[374189d0-76c5-49d2-81b4-45a4af1368a2:c4919]
2019-06-14 08:43:08,749 INFO  client.GrpcClientProtocolClient (GrpcClientProtocolClient.java:onNext(254)) - client-2EC808601240->374189d0-76c5-49d2-81b4-45a4af1368a2: receive RaftClientReply:client-2EC808601240->374189d0-76c5-49d2-81b4-45a4af1368a2@group-30B6692CD68C, cid=2953, SUCCESS, logIndex=4920, commits[374189d0-76c5-49d2-81b4-45a4af1368a2:c4920]
2019-06-14 08:43:08,751 INFO  client.GrpcClientProtocolClient (GrpcClientProtocolClient.java:onNext(254)) - client-2EC808601240->374189d0-76c5-49d2-81b4-45a4af1368a2: receive RaftClientReply:client-2EC808601240->374189d0-76c5-49d2-81b4-45a4af1368a2@group-30B6692CD68C, cid=2954, SUCCESS, logIndex=4922, commits[374189d0-76c5-49d2-81b4-45a4af1368a2:c4922]
2019-06-14 08:43:08,752 INFO  client.GrpcClientProtocolClient (GrpcClientProtocolClient.java:onNext(254)) - client-2EC808601240->374189d0-76c5-49d2-81b4-45a4af1368a2: receive RaftClientReply:client-2EC808601240->374189d0-76c5-49d2-81b4-45a4af1368a2@group-30B6692CD68C, cid=2955, SUCCESS, logIndex=4923, commits[374189d0-76c5-49d2-81b4-45a4af1368a2:c4923]
2019-06-14 08:43:08,755 INFO  client.GrpcClientProtocolClient (GrpcClientProtocolClient.java:onNext(254)) - client-2EC808601240->374189d0-76c5-49d2-81b4-45a4af1368a2: receive RaftClientReply:client-2EC808601240->374189d0-76c5-49d2-81b4-45a4af1368a2@group-30B6692CD68C, cid=2956, SUCCESS, logIndex=4925, commits[374189d0-76c5-49d2-81b4-45a4af1368a2:c4925]
2019-06-14 08:43:08,761 INFO  client.GrpcClientProtocolClient (GrpcClientProtocolClient.java:onNext(254)) - client-2EC808601240->374189d0-76c5-49d2-81b4-45a4af1368a2: receive RaftClientReply:client-2EC808601240->374189d0-76c5-49d2-81b4-45a4af1368a2@group-30B6692CD68C, cid=2957, SUCCESS, logIndex=4928, commits[374189d0-76c5-49d2-81b4-45a4af1368a2:c4928]
2019-06-14 08:43:08,763 INFO  client.GrpcClientProtocolClient (GrpcClientProtocolClient.java:onNext(254)) - client-2EC808601240->374189d0-76c5-49d2-81b4-45a4af1368a2: receive RaftClientReply:client-2EC808601240->374189d0-76c5-49d2-81b4-45a4af1368a2@group-30B6692CD68C, cid=2958, SUCCESS, logIndex=4930, commits[374189d0-76c5-49d2-81b4-45a4af1368a2:c4930]
2019-06-14 08:43:08,764 INFO  client.GrpcClientProtocolClient (GrpcClientProtocolClient.java:onNext(254)) - client-2EC808601240->374189d0-76c5-49d2-81b4-45a4af1368a2: receive RaftClientReply:client-2EC808601240->374189d0-76c5-49d2-81b4-45a4af1368a2@group-30B6692CD68C, cid=2959, SUCCESS, logIndex=4931, commits[374189d0-76c5-49d2-81b4-45a4af1368a2:c4932]
2019-06-14 08:43:08,767 INFO  client.GrpcClientProtocolClient (GrpcClientProtocolClient.java:onNext(254)) - client-2EC808601240->374189d0-76c5-49d2-81b4-45a4af1368a2: receive RaftClientReply:client-2EC808601240->374189d0-76c5-49d2-81b4-45a4af1368a2@group-30B6692CD68C, cid=2960, SUCCESS, logIndex=4932, commits[374189d0-76c5-49d2-81b4-45a4af1368a2:c4932]
2019-06-14 08:43:08,781 INFO  client.GrpcClientProtocolClient (GrpcClientProtocolClient.java:onNext(254)) - client-2EC808601240->374189d0-76c5-49d2-81b4-45a4af1368a2: receive RaftClientReply:client-2EC808601240->374189d0-76c5-49d2-81b4-45a4af1368a2@group-30B6692CD68C, cid=2961, SUCCESS, logIndex=4935, commits[374189d0-76c5-49d2-81b4-45a4af1368a2:c4935]
2019-06-14 08:43:08,787 INFO  client.GrpcClientProtocolClient (GrpcClientProtocolClient.java:onNext(254)) - client-2EC808601240->374189d0-76c5-49d2-81b4-45a4af1368a2: receive RaftClientReply:client-2EC808601240->374189d0-76c5-49d2-81b4-45a4af1368a2@group-30B6692CD68C, cid=2962, SUCCESS, logIndex=4937, commits[374189d0-76c5-49d2-81b4-45a4af1368a2:c4937]
2019-06-14 08:43:08,819 DEBUG block.SCMBlockDeletingService (SCMBlockDeletingService.java:call(138)) - Running DeletedBlockTransactionScanner
2019-06-14 08:43:08,819 DEBUG block.SCMBlockDeletingService (SCMBlockDeletingService.java:call(155)) - Scanned deleted blocks log and got 0 delTX to process.
2019-06-14 08:43:08,877 INFO  client.GrpcClientProtocolClient (GrpcClientProtocolClient.java:onNext(254)) - client-2EC808601240->374189d0-76c5-49d2-81b4-45a4af1368a2: receive RaftClientReply:client-2EC808601240->374189d0-76c5-49d2-81b4-45a4af1368a2@group-30B6692CD68C, cid=2963, SUCCESS, logIndex=4939, commits[374189d0-76c5-49d2-81b4-45a4af1368a2:c4939]
2019-06-14 08:43:08,878 INFO  client.GrpcClientProtocolClient (GrpcClientProtocolClient.java:onNext(254)) - client-2EC808601240->374189d0-76c5-49d2-81b4-45a4af1368a2: receive RaftClientReply:client-2EC808601240->374189d0-76c5-49d2-81b4-45a4af1368a2@group-30B6692CD68C, cid=2964, SUCCESS, logIndex=4941, commits[374189d0-76c5-49d2-81b4-45a4af1368a2:c4941]
2019-06-14 08:43:08,884 INFO  client.GrpcClientProtocolClient (GrpcClientProtocolClient.java:onNext(254)) - client-2EC808601240->374189d0-76c5-49d2-81b4-45a4af1368a2: receive RaftClientReply:client-2EC808601240->374189d0-76c5-49d2-81b4-45a4af1368a2@group-30B6692CD68C, cid=2965, SUCCESS, logIndex=4943, commits[374189d0-76c5-49d2-81b4-45a4af1368a2:c4943]
2019-06-14 08:43:08,884 INFO  storage.RaftLogWorker (RaftLogWorker.java:rollLogSegment(303)) - 374189d0-76c5-49d2-81b4-45a4af1368a2-RaftLogWorker: Rolling segment log-4873_4946 to index:4946
2019-06-14 08:43:08,886 INFO  client.GrpcClientProtocolClient (GrpcClientProtocolClient.java:onNext(254)) - client-2EC808601240->374189d0-76c5-49d2-81b4-45a4af1368a2: receive RaftClientReply:client-2EC808601240->374189d0-76c5-49d2-81b4-45a4af1368a2@group-30B6692CD68C, cid=2966, SUCCESS, logIndex=4945, commits[374189d0-76c5-49d2-81b4-45a4af1368a2:c4945]
2019-06-14 08:43:08,886 INFO  storage.RaftLogWorker (RaftLogWorker.java:execute(433)) - 374189d0-76c5-49d2-81b4-45a4af1368a2-RaftLogWorker: Rolled log segment from /opt/src/hadoop-ozone/integration-test/target/test-dir/MiniOzoneClusterImpl-1994f8b8-dd4d-445c-bf25-0c6d40f9b14d/datanode-0/data/ratis/99d0acb8-99ce-4814-8259-30b6692cd68c/current/log_inprogress_4873 to /opt/src/hadoop-ozone/integration-test/target/test-dir/MiniOzoneClusterImpl-1994f8b8-dd4d-445c-bf25-0c6d40f9b14d/datanode-0/data/ratis/99d0acb8-99ce-4814-8259-30b6692cd68c/current/log_4873-4946
2019-06-14 08:43:08,886 INFO  client.GrpcClientProtocolClient (GrpcClientProtocolClient.java:onNext(254)) - client-2EC808601240->374189d0-76c5-49d2-81b4-45a4af1368a2: receive RaftClientReply:client-2EC808601240->374189d0-76c5-49d2-81b4-45a4af1368a2@group-30B6692CD68C, cid=2967, SUCCESS, logIndex=4946, commits[374189d0-76c5-49d2-81b4-45a4af1368a2:c4946]
2019-06-14 08:43:08,919 DEBUG block.SCMBlockDeletingService (SCMBlockDeletingService.java:call(138)) - Running DeletedBlockTransactionScanner
2019-06-14 08:43:08,920 DEBUG block.SCMBlockDeletingService (SCMBlockDeletingService.java:call(155)) - Scanned deleted blocks log and got 0 delTX to process.
2019-06-14 08:43:08,925 INFO  storage.RaftLogWorker (RaftLogWorker.java:execute(469)) - 374189d0-76c5-49d2-81b4-45a4af1368a2-RaftLogWorker: created new log segment /opt/src/hadoop-ozone/integration-test/target/test-dir/MiniOzoneClusterImpl-1994f8b8-dd4d-445c-bf25-0c6d40f9b14d/datanode-0/data/ratis/99d0acb8-99ce-4814-8259-30b6692cd68c/current/log_inprogress_4947
2019-06-14 08:43:08,927 INFO  client.GrpcClientProtocolClient (GrpcClientProtocolClient.java:onNext(254)) - client-2EC808601240->374189d0-76c5-49d2-81b4-45a4af1368a2: receive RaftClientReply:client-2EC808601240->374189d0-76c5-49d2-81b4-45a4af1368a2@group-30B6692CD68C, cid=2968, SUCCESS, logIndex=4947, commits[374189d0-76c5-49d2-81b4-45a4af1368a2:c4949]
2019-06-14 08:43:08,936 INFO  client.GrpcClientProtocolClient (GrpcClientProtocolClient.java:onNext(254)) - client-2EC808601240->374189d0-76c5-49d2-81b4-45a4af1368a2: receive RaftClientReply:client-2EC808601240->374189d0-76c5-49d2-81b4-45a4af1368a2@group-30B6692CD68C, cid=2969, SUCCESS, logIndex=4950, commits[374189d0-76c5-49d2-81b4-45a4af1368a2:c4950]
2019-06-14 08:43:08,938 INFO  client.GrpcClientProtocolClient (GrpcClientProtocolClient.java:onNext(254)) - client-2EC808601240->374189d0-76c5-49d2-81b4-45a4af1368a2: receive RaftClientReply:client-2EC808601240->374189d0-76c5-49d2-81b4-45a4af1368a2@group-30B6692CD68C, cid=2970, SUCCESS, logIndex=4952, commits[374189d0-76c5-49d2-81b4-45a4af1368a2:c4952]
2019-06-14 08:43:08,939 INFO  client.GrpcClientProtocolClient (GrpcClientProtocolClient.java:onNext(254)) - client-2EC808601240->374189d0-76c5-49d2-81b4-45a4af1368a2: receive RaftClientReply:client-2EC808601240->374189d0-76c5-49d2-81b4-45a4af1368a2@group-30B6692CD68C, cid=2971, SUCCESS, logIndex=4953, commits[374189d0-76c5-49d2-81b4-45a4af1368a2:c4955]
2019-06-14 08:43:08,939 INFO  client.GrpcClientProtocolClient (GrpcClientProtocolClient.java:onNext(254)) - client-2EC808601240->374189d0-76c5-49d2-81b4-45a4af1368a2: receive RaftClientReply:client-2EC808601240->374189d0-76c5-49d2-81b4-45a4af1368a2@group-30B6692CD68C, cid=2972, SUCCESS, logIndex=4954, commits[374189d0-76c5-49d2-81b4-45a4af1368a2:c4955]
2019-06-14 08:43:08,944 INFO  client.GrpcClientProtocolClient (GrpcClientProtocolClient.java:onNext(254)) - client-2EC808601240->374189d0-76c5-49d2-81b4-45a4af1368a2: receive RaftClientReply:client-2EC808601240->374189d0-76c5-49d2-81b4-45a4af1368a2@group-30B6692CD68C, cid=2973, SUCCESS, logIndex=4956, commits[374189d0-76c5-49d2-81b4-45a4af1368a2:c4956]
2019-06-14 08:43:08,946 INFO  client.GrpcClientProtocolClient (GrpcClientProtocolClient.java:onNext(254)) - client-2EC808601240->374189d0-76c5-49d2-81b4-45a4af1368a2: receive RaftClientReply:client-2EC808601240->374189d0-76c5-49d2-81b4-45a4af1368a2@group-30B6692CD68C, cid=2974, SUCCESS, logIndex=4958, commits[374189d0-76c5-49d2-81b4-45a4af1368a2:c4958]
2019-06-14 08:43:08,946 INFO  client.GrpcClientProtocolClient (GrpcClientProtocolClient.java:onNext(254)) - client-2EC808601240->374189d0-76c5-49d2-81b4-45a4af1368a2: receive RaftClientReply:client-2EC808601240->374189d0-76c5-49d2-81b4-45a4af1368a2@group-30B6692CD68C, cid=2975, SUCCESS, logIndex=4959, commits[374189d0-76c5-49d2-81b4-45a4af1368a2:c4960]
2019-06-14 08:43:08,947 INFO  client.GrpcClientProtocolClient (GrpcClientProtocolClient.java:onNext(254)) - client-2EC808601240->374189d0-76c5-49d2-81b4-45a4af1368a2: receive RaftClientReply:client-2EC808601240->374189d0-76c5-49d2-81b4-45a4af1368a2@group-30B6692CD68C, cid=2976, SUCCESS, logIndex=4960, commits[374189d0-76c5-49d2-81b4-45a4af1368a2:c4960]
2019-06-14 08:43:08,957 INFO  client.GrpcClientProtocolClient (GrpcClientProtocolClient.java:onNext(254)) - client-2EC808601240->374189d0-76c5-49d2-81b4-45a4af1368a2: receive RaftClientReply:client-2EC808601240->374189d0-76c5-49d2-81b4-45a4af1368a2@group-30B6692CD68C, cid=2977, SUCCESS, logIndex=4963, commits[374189d0-76c5-49d2-81b4-45a4af1368a2:c4963]
2019-06-14 08:43:08,959 INFO  client.GrpcClientProtocolClient (GrpcClientProtocolClient.java:onNext(254)) - client-2EC808601240->374189d0-76c5-49d2-81b4-45a4af1368a2: receive RaftClientReply:client-2EC808601240->374189d0-76c5-49d2-81b4-45a4af1368a2@group-30B6692CD68C, cid=2978, SUCCESS, logIndex=4965, commits[374189d0-76c5-49d2-81b4-45a4af1368a2:c4965]
2019-06-14 08:43:08,959 INFO  client.GrpcClientProtocolClient (GrpcClientProtocolClient.java:onNext(254)) - client-2EC808601240->374189d0-76c5-49d2-81b4-45a4af1368a2: receive RaftClientReply:client-2EC808601240->374189d0-76c5-49d2-81b4-45a4af1368a2@group-30B6692CD68C, cid=2979, SUCCESS, logIndex=4966, commits[374189d0-76c5-49d2-81b4-45a4af1368a2:c4968]
2019-06-14 08:43:08,960 INFO  client.GrpcClientProtocolClient (GrpcClientProtocolClient.java:onNext(254)) - client-2EC808601240->374189d0-76c5-49d2-81b4-45a4af1368a2: receive RaftClientReply:client-2EC808601240->374189d0-76c5-49d2-81b4-45a4af1368a2@group-30B6692CD68C, cid=2980, SUCCESS, logIndex=4967, commits[374189d0-76c5-49d2-81b4-45a4af1368a2:c4968]
2019-06-14 08:43:08,964 INFO  client.GrpcClientProtocolClient (GrpcClientProtocolClient.java:onNext(254)) - client-2EC808601240->374189d0-76c5-49d2-81b4-45a4af1368a2: receive RaftClientReply:client-2EC808601240->374189d0-76c5-49d2-81b4-45a4af1368a2@group-30B6692CD68C, cid=2981, SUCCESS, logIndex=4969, commits[374189d0-76c5-49d2-81b4-45a4af1368a2:c4969]
2019-06-14 08:43:08,965 INFO  client.GrpcClientProtocolClient (GrpcClientProtocolClient.java:onNext(254)) - client-2EC808601240->374189d0-76c5-49d2-81b4-45a4af1368a2: receive RaftClientReply:client-2EC808601240->374189d0-76c5-49d2-81b4-45a4af1368a2@group-30B6692CD68C, cid=2982, SUCCESS, logIndex=4971, commits[374189d0-76c5-49d2-81b4-45a4af1368a2:c4971]
2019-06-14 08:43:08,967 INFO  client.GrpcClientProtocolClient (GrpcClientProtocolClient.java:onNext(254)) - client-2EC808601240->374189d0-76c5-49d2-81b4-45a4af1368a2: receive RaftClientReply:client-2EC808601240->374189d0-76c5-49d2-81b4-45a4af1368a2@group-30B6692CD68C, cid=2983, SUCCESS, logIndex=4973, commits[374189d0-76c5-49d2-81b4-45a4af1368a2:c4974]
2019-06-14 08:43:08,967 INFO  client.GrpcClientProtocolClient (GrpcClientProtocolClient.java:onNext(254)) - client-2EC808601240->374189d0-76c5-49d2-81b4-45a4af1368a2: receive RaftClientReply:client-2EC808601240->374189d0-76c5-49d2-81b4-45a4af1368a2@group-30B6692CD68C, cid=2984, SUCCESS, logIndex=4974, commits[374189d0-76c5-49d2-81b4-45a4af1368a2:c4974]
2019-06-14 08:43:08,976 INFO  client.GrpcClientProtocolClient (GrpcClientProtocolClient.java:onNext(254)) - client-2EC808601240->374189d0-76c5-49d2-81b4-45a4af1368a2: receive RaftClientReply:client-2EC808601240->374189d0-76c5-49d2-81b4-45a4af1368a2@group-30B6692CD68C, cid=2985, SUCCESS, logIndex=4976, commits[374189d0-76c5-49d2-81b4-45a4af1368a2:c4976]
2019-06-14 08:43:08,977 INFO  client.GrpcClientProtocolClient (GrpcClientProtocolClient.java:onNext(254)) - client-2EC808601240->374189d0-76c5-49d2-81b4-45a4af1368a2: receive RaftClientReply:client-2EC808601240->374189d0-76c5-49d2-81b4-45a4af1368a2@group-30B6692CD68C, cid=2986, SUCCESS, logIndex=4978, commits[374189d0-76c5-49d2-81b4-45a4af1368a2:c4978]
2019-06-14 08:43:08,978 INFO  client.GrpcClientProtocolClient (GrpcClientProtocolClient.java:onNext(254)) - client-2EC808601240->374189d0-76c5-49d2-81b4-45a4af1368a2: receive RaftClientReply:client-2EC808601240->374189d0-76c5-49d2-81b4-45a4af1368a2@group-30B6692CD68C, cid=2987, SUCCESS, logIndex=4979, commits[374189d0-76c5-49d2-81b4-45a4af1368a2:c4981]
2019-06-14 08:43:08,979 INFO  client.GrpcClientProtocolClient (GrpcClientProtocolClient.java:onNext(254)) - client-2EC808601240->374189d0-76c5-49d2-81b4-45a4af1368a2: receive RaftClientReply:client-2EC808601240->374189d0-76c5-49d2-81b4-45a4af1368a2@group-30B6692CD68C, cid=2988, SUCCESS, logIndex=4980, commits[374189d0-76c5-49d2-81b4-45a4af1368a2:c4981]
2019-06-14 08:43:08,983 INFO  client.GrpcClientProtocolClient (GrpcClientProtocolClient.java:onNext(254)) - client-2EC808601240->374189d0-76c5-49d2-81b4-45a4af1368a2: receive RaftClientReply:client-2EC808601240->374189d0-76c5-49d2-81b4-45a4af1368a2@group-30B6692CD68C, cid=2989, SUCCESS, logIndex=4982, commits[374189d0-76c5-49d2-81b4-45a4af1368a2:c4982]
2019-06-14 08:43:08,984 INFO  client.GrpcClientProtocolClient (GrpcClientProtocolClient.java:onNext(254)) - client-2EC808601240->374189d0-76c5-49d2-81b4-45a4af1368a2: receive RaftClientReply:client-2EC808601240->374189d0-76c5-49d2-81b4-45a4af1368a2@group-30B6692CD68C, cid=2990, SUCCESS, logIndex=4984, commits[374189d0-76c5-49d2-81b4-45a4af1368a2:c4984]
2019-06-14 08:43:08,985 INFO  client.GrpcClientProtocolClient (GrpcClientProtocolClient.java:onNext(254)) - client-2EC808601240->374189d0-76c5-49d2-81b4-45a4af1368a2: receive RaftClientReply:client-2EC808601240->374189d0-76c5-49d2-81b4-45a4af1368a2@group-30B6692CD68C, cid=2991, SUCCESS, logIndex=4985, commits[374189d0-76c5-49d2-81b4-45a4af1368a2:c4987]
2019-06-14 08:43:08,986 INFO  client.GrpcClientProtocolClient (GrpcClientProtocolClient.java:onNext(254)) - client-2EC808601240->374189d0-76c5-49d2-81b4-45a4af1368a2: receive RaftClientReply:client-2EC808601240->374189d0-76c5-49d2-81b4-45a4af1368a2@group-30B6692CD68C, cid=2992, SUCCESS, logIndex=4986, commits[374189d0-76c5-49d2-81b4-45a4af1368a2:c4987]
2019-06-14 08:43:08,995 INFO  client.GrpcClientProtocolClient (GrpcClientProtocolClient.java:onNext(254)) - client-2EC808601240->374189d0-76c5-49d2-81b4-45a4af1368a2: receive RaftClientReply:client-2EC808601240->374189d0-76c5-49d2-81b4-45a4af1368a2@group-30B6692CD68C, cid=2993, SUCCESS, logIndex=4988, commits[374189d0-76c5-49d2-81b4-45a4af1368a2:c4988]
2019-06-14 08:43:08,997 INFO  client.GrpcClientProtocolClient (GrpcClientProtocolClient.java:onNext(254)) - client-2EC808601240->374189d0-76c5-49d2-81b4-45a4af1368a2: receive RaftClientReply:client-2EC808601240->374189d0-76c5-49d2-81b4-45a4af1368a2@group-30B6692CD68C, cid=2994, SUCCESS, logIndex=4990, commits[374189d0-76c5-49d2-81b4-45a4af1368a2:c4990]
2019-06-14 08:43:08,997 INFO  client.GrpcClientProtocolClient (GrpcClientProtocolClient.java:onNext(254)) - client-2EC808601240->374189d0-76c5-49d2-81b4-45a4af1368a2: receive RaftClientReply:client-2EC808601240->374189d0-76c5-49d2-81b4-45a4af1368a2@group-30B6692CD68C, cid=2995, SUCCESS, logIndex=4991, commits[374189d0-76c5-49d2-81b4-45a4af1368a2:c4993]
2019-06-14 08:43:08,997 INFO  client.GrpcClientProtocolClient (GrpcClientProtocolClient.java:onNext(254)) - client-2EC808601240->374189d0-76c5-49d2-81b4-45a4af1368a2: receive RaftClientReply:client-2EC808601240->374189d0-76c5-49d2-81b4-45a4af1368a2@group-30B6692CD68C, cid=2996, SUCCESS, logIndex=4992, commits[374189d0-76c5-49d2-81b4-45a4af1368a2:c4993]
2019-06-14 08:43:09,002 INFO  client.GrpcClientProtocolClient (GrpcClientProtocolClient.java:onNext(254)) - client-2EC808601240->374189d0-76c5-49d2-81b4-45a4af1368a2: receive RaftClientReply:client-2EC808601240->374189d0-76c5-49d2-81b4-45a4af1368a2@group-30B6692CD68C, cid=2997, SUCCESS, logIndex=4994, commits[374189d0-76c5-49d2-81b4-45a4af1368a2:c4994]
2019-06-14 08:43:09,003 INFO  client.GrpcClientProtocolClient (GrpcClientProtocolClient.java:onNext(254)) - client-2EC808601240->374189d0-76c5-49d2-81b4-45a4af1368a2: receive RaftClientReply:client-2EC808601240->374189d0-76c5-49d2-81b4-45a4af1368a2@group-30B6692CD68C, cid=2998, SUCCESS, logIndex=4996, commits[374189d0-76c5-49d2-81b4-45a4af1368a2:c4996]
2019-06-14 08:43:09,004 INFO  client.GrpcClientProtocolClient (GrpcClientProtocolClient.java:onNext(254)) - client-2EC808601240->374189d0-76c5-49d2-81b4-45a4af1368a2: receive RaftClientReply:client-2EC808601240->374189d0-76c5-49d2-81b4-45a4af1368a2@group-30B6692CD68C, cid=2999, SUCCESS, logIndex=4997, commits[374189d0-76c5-49d2-81b4-45a4af1368a2:c4999]
2019-06-14 08:43:09,004 INFO  client.GrpcClientProtocolClient (GrpcClientProtocolClient.java:onNext(254)) - client-2EC808601240->374189d0-76c5-49d2-81b4-45a4af1368a2: receive RaftClientReply:client-2EC808601240->374189d0-76c5-49d2-81b4-45a4af1368a2@group-30B6692CD68C, cid=3000, SUCCESS, logIndex=4998, commits[374189d0-76c5-49d2-81b4-45a4af1368a2:c4999]
2019-06-14 08:43:09,013 INFO  client.GrpcClientProtocolClient (GrpcClientProtocolClient.java:onNext(254)) - client-2EC808601240->374189d0-76c5-49d2-81b4-45a4af1368a2: receive RaftClientReply:client-2EC808601240->374189d0-76c5-49d2-81b4-45a4af1368a2@group-30B6692CD68C, cid=3001, SUCCESS, logIndex=5000, commits[374189d0-76c5-49d2-81b4-45a4af1368a2:c5000]
2019-06-14 08:43:09,014 INFO  client.GrpcClientProtocolClient (GrpcClientProtocolClient.java:onNext(254)) - client-2EC808601240->374189d0-76c5-49d2-81b4-45a4af1368a2: receive RaftClientReply:client-2EC808601240->374189d0-76c5-49d2-81b4-45a4af1368a2@group-30B6692CD68C, cid=3002, SUCCESS, logIndex=5002, commits[374189d0-76c5-49d2-81b4-45a4af1368a2:c5002]
2019-06-14 08:43:09,016 INFO  client.GrpcClientProtocolClient (GrpcClientProtocolClient.java:onNext(254)) - client-2EC808601240->374189d0-76c5-49d2-81b4-45a4af1368a2: receive RaftClientReply:client-2EC808601240->374189d0-76c5-49d2-81b4-45a4af1368a2@group-30B6692CD68C, cid=3003, SUCCESS, logIndex=5004, commits[374189d0-76c5-49d2-81b4-45a4af1368a2:c5005]
2019-06-14 08:43:09,016 INFO  client.GrpcClientProtocolClient (GrpcClientProtocolClient.java:onNext(254)) - client-2EC808601240->374189d0-76c5-49d2-81b4-45a4af1368a2: receive RaftClientReply:client-2EC808601240->374189d0-76c5-49d2-81b4-45a4af1368a2@group-30B6692CD68C, cid=3004, SUCCESS, logIndex=5005, commits[374189d0-76c5-49d2-81b4-45a4af1368a2:c5005]
2019-06-14 08:43:09,020 DEBUG block.SCMBlockDeletingService (SCMBlockDeletingService.java:call(138)) - Running DeletedBlockTransactionScanner
2019-06-14 08:43:09,020 DEBUG block.SCMBlockDeletingService (SCMBlockDeletingService.java:call(155)) - Scanned deleted blocks log and got 0 delTX to process.
2019-06-14 08:43:09,021 INFO  client.GrpcClientProtocolClient (GrpcClientProtocolClient.java:onNext(254)) - client-2EC808601240->374189d0-76c5-49d2-81b4-45a4af1368a2: receive RaftClientReply:client-2EC808601240->374189d0-76c5-49d2-81b4-45a4af1368a2@group-30B6692CD68C, cid=3005, SUCCESS, logIndex=5007, commits[374189d0-76c5-49d2-81b4-45a4af1368a2:c5007]
2019-06-14 08:43:09,022 INFO  client.GrpcClientProtocolClient (GrpcClientProtocolClient.java:onNext(254)) - client-2EC808601240->374189d0-76c5-49d2-81b4-45a4af1368a2: receive RaftClientReply:client-2EC808601240->374189d0-76c5-49d2-81b4-45a4af1368a2@group-30B6692CD68C, cid=3006, SUCCESS, logIndex=5009, commits[374189d0-76c5-49d2-81b4-45a4af1368a2:c5009]
2019-06-14 08:43:09,089 INFO  client.GrpcClientProtocolClient (GrpcClientProtocolClient.java:onNext(254)) - client-2EC808601240->374189d0-76c5-49d2-81b4-45a4af1368a2: receive RaftClientReply:client-2EC808601240->374189d0-76c5-49d2-81b4-45a4af1368a2@group-30B6692CD68C, cid=3007, SUCCESS, logIndex=5011, commits[374189d0-76c5-49d2-81b4-45a4af1368a2:c5011]
2019-06-14 08:43:09,090 INFO  client.GrpcClientProtocolClient (GrpcClientProtocolClient.java:onNext(254)) - client-2EC808601240->374189d0-76c5-49d2-81b4-45a4af1368a2: receive RaftClientReply:client-2EC808601240->374189d0-76c5-49d2-81b4-45a4af1368a2@group-30B6692CD68C, cid=3008, SUCCESS, logIndex=5013, commits[374189d0-76c5-49d2-81b4-45a4af1368a2:c5013]
2019-06-14 08:43:09,100 INFO  client.GrpcClientProtocolClient (GrpcClientProtocolClient.java:onNext(254)) - client-2EC808601240->374189d0-76c5-49d2-81b4-45a4af1368a2: receive RaftClientReply:client-2EC808601240->374189d0-76c5-49d2-81b4-45a4af1368a2@group-30B6692CD68C, cid=3009, SUCCESS, logIndex=5015, commits[374189d0-76c5-49d2-81b4-45a4af1368a2:c5015]
2019-06-14 08:43:09,100 INFO  storage.RaftLogWorker (RaftLogWorker.java:rollLogSegment(303)) - 374189d0-76c5-49d2-81b4-45a4af1368a2-RaftLogWorker: Rolling segment log-4947_5017 to index:5017
2019-06-14 08:43:09,101 INFO  storage.RaftLogWorker (RaftLogWorker.java:execute(433)) - 374189d0-76c5-49d2-81b4-45a4af1368a2-RaftLogWorker: Rolled log segment from /opt/src/hadoop-ozone/integration-test/target/test-dir/MiniOzoneClusterImpl-1994f8b8-dd4d-445c-bf25-0c6d40f9b14d/datanode-0/data/ratis/99d0acb8-99ce-4814-8259-30b6692cd68c/current/log_inprogress_4947 to /opt/src/hadoop-ozone/integration-test/target/test-dir/MiniOzoneClusterImpl-1994f8b8-dd4d-445c-bf25-0c6d40f9b14d/datanode-0/data/ratis/99d0acb8-99ce-4814-8259-30b6692cd68c/current/log_4947-5017
2019-06-14 08:43:09,101 INFO  client.GrpcClientProtocolClient (GrpcClientProtocolClient.java:onNext(254)) - client-2EC808601240->374189d0-76c5-49d2-81b4-45a4af1368a2: receive RaftClientReply:client-2EC808601240->374189d0-76c5-49d2-81b4-45a4af1368a2@group-30B6692CD68C, cid=3010, SUCCESS, logIndex=5017, commits[374189d0-76c5-49d2-81b4-45a4af1368a2:c5017]
2019-06-14 08:43:09,120 DEBUG block.SCMBlockDeletingService (SCMBlockDeletingService.java:call(138)) - Running DeletedBlockTransactionScanner
2019-06-14 08:43:09,120 DEBUG block.SCMBlockDeletingService (SCMBlockDeletingService.java:call(155)) - Scanned deleted blocks log and got 0 delTX to process.
2019-06-14 08:43:09,136 INFO  storage.RaftLogWorker (RaftLogWorker.java:execute(469)) - 374189d0-76c5-49d2-81b4-45a4af1368a2-RaftLogWorker: created new log segment /opt/src/hadoop-ozone/integration-test/target/test-dir/MiniOzoneClusterImpl-1994f8b8-dd4d-445c-bf25-0c6d40f9b14d/datanode-0/data/ratis/99d0acb8-99ce-4814-8259-30b6692cd68c/current/log_inprogress_5018
2019-06-14 08:43:09,137 INFO  client.GrpcClientProtocolClient (GrpcClientProtocolClient.java:onNext(254)) - client-2EC808601240->374189d0-76c5-49d2-81b4-45a4af1368a2: receive RaftClientReply:client-2EC808601240->374189d0-76c5-49d2-81b4-45a4af1368a2@group-30B6692CD68C, cid=3011, SUCCESS, logIndex=5018, commits[374189d0-76c5-49d2-81b4-45a4af1368a2:c5020]
2019-06-14 08:43:09,138 INFO  client.GrpcClientProtocolClient (GrpcClientProtocolClient.java:onNext(254)) - client-2EC808601240->374189d0-76c5-49d2-81b4-45a4af1368a2: receive RaftClientReply:client-2EC808601240->374189d0-76c5-49d2-81b4-45a4af1368a2@group-30B6692CD68C, cid=3012, SUCCESS, logIndex=5019, commits[374189d0-76c5-49d2-81b4-45a4af1368a2:c5020]
2019-06-14 08:43:09,143 INFO  client.GrpcClientProtocolClient (GrpcClientProtocolClient.java:onNext(254)) - client-2EC808601240->374189d0-76c5-49d2-81b4-45a4af1368a2: receive RaftClientReply:client-2EC808601240->374189d0-76c5-49d2-81b4-45a4af1368a2@group-30B6692CD68C, cid=3013, SUCCESS, logIndex=5021, commits[374189d0-76c5-49d2-81b4-45a4af1368a2:c5021]
2019-06-14 08:43:09,144 INFO  client.GrpcClientProtocolClient (GrpcClientProtocolClient.java:onNext(254)) - client-2EC808601240->374189d0-76c5-49d2-81b4-45a4af1368a2: receive RaftClientReply:client-2EC808601240->374189d0-76c5-49d2-81b4-45a4af1368a2@group-30B6692CD68C, cid=3014, SUCCESS, logIndex=5023, commits[374189d0-76c5-49d2-81b4-45a4af1368a2:c5023]
2019-06-14 08:43:09,145 INFO  client.GrpcClientProtocolClient (GrpcClientProtocolClient.java:onNext(254)) - client-2EC808601240->374189d0-76c5-49d2-81b4-45a4af1368a2: receive RaftClientReply:client-2EC808601240->374189d0-76c5-49d2-81b4-45a4af1368a2@group-30B6692CD68C, cid=3015, SUCCESS, logIndex=5024, commits[374189d0-76c5-49d2-81b4-45a4af1368a2:c5026]
2019-06-14 08:43:09,145 INFO  client.GrpcClientProtocolClient (GrpcClientProtocolClient.java:onNext(254)) - client-2EC808601240->374189d0-76c5-49d2-81b4-45a4af1368a2: receive RaftClientReply:client-2EC808601240->374189d0-76c5-49d2-81b4-45a4af1368a2@group-30B6692CD68C, cid=3016, SUCCESS, logIndex=5025, commits[374189d0-76c5-49d2-81b4-45a4af1368a2:c5026]
2019-06-14 08:43:09,194 INFO  client.GrpcClientProtocolClient (GrpcClientProtocolClient.java:onNext(254)) - client-2EC808601240->374189d0-76c5-49d2-81b4-45a4af1368a2: receive RaftClientReply:client-2EC808601240->374189d0-76c5-49d2-81b4-45a4af1368a2@group-30B6692CD68C, cid=3017, SUCCESS, logIndex=5027, commits[374189d0-76c5-49d2-81b4-45a4af1368a2:c5027]
2019-06-14 08:43:09,200 INFO  client.GrpcClientProtocolClient (GrpcClientProtocolClient.java:onNext(254)) - client-2EC808601240->374189d0-76c5-49d2-81b4-45a4af1368a2: receive RaftClientReply:client-2EC808601240->374189d0-76c5-49d2-81b4-45a4af1368a2@group-30B6692CD68C, cid=3018, SUCCESS, logIndex=5029, commits[374189d0-76c5-49d2-81b4-45a4af1368a2:c5029]
2019-06-14 08:43:09,201 INFO  client.GrpcClientProtocolClient (GrpcClientProtocolClient.java:onNext(254)) - client-2EC808601240->374189d0-76c5-49d2-81b4-45a4af1368a2: receive RaftClientReply:client-2EC808601240->374189d0-76c5-49d2-81b4-45a4af1368a2@group-30B6692CD68C, cid=3019, SUCCESS, logIndex=5030, commits[374189d0-76c5-49d2-81b4-45a4af1368a2:c5031]
2019-06-14 08:43:09,203 INFO  client.GrpcClientProtocolClient (GrpcClientProtocolClient.java:onNext(254)) - client-2EC808601240->374189d0-76c5-49d2-81b4-45a4af1368a2: receive RaftClientReply:client-2EC808601240->374189d0-76c5-49d2-81b4-45a4af1368a2@group-30B6692CD68C, cid=3020, SUCCESS, logIndex=5031, commits[374189d0-76c5-49d2-81b4-45a4af1368a2:c5031]
2019-06-14 08:43:09,210 INFO  client.GrpcClientProtocolClient (GrpcClientProtocolClient.java:onNext(254)) - client-2EC808601240->374189d0-76c5-49d2-81b4-45a4af1368a2: receive RaftClientReply:client-2EC808601240->374189d0-76c5-49d2-81b4-45a4af1368a2@group-30B6692CD68C, cid=3021, SUCCESS, logIndex=5034, commits[374189d0-76c5-49d2-81b4-45a4af1368a2:c5034]
2019-06-14 08:43:09,211 INFO  client.GrpcClientProtocolClient (GrpcClientProtocolClient.java:onNext(254)) - client-2EC808601240->374189d0-76c5-49d2-81b4-45a4af1368a2: receive RaftClientReply:client-2EC808601240->374189d0-76c5-49d2-81b4-45a4af1368a2@group-30B6692CD68C, cid=3022, SUCCESS, logIndex=5036, commits[374189d0-76c5-49d2-81b4-45a4af1368a2:c5036]
2019-06-14 08:43:09,212 INFO  client.GrpcClientProtocolClient (GrpcClientProtocolClient.java:onNext(254)) - client-2EC808601240->374189d0-76c5-49d2-81b4-45a4af1368a2: receive RaftClientReply:client-2EC808601240->374189d0-76c5-49d2-81b4-45a4af1368a2@group-30B6692CD68C, cid=3023, SUCCESS, logIndex=5037, commits[374189d0-76c5-49d2-81b4-45a4af1368a2:c5039]
2019-06-14 08:43:09,213 INFO  client.GrpcClientProtocolClient (GrpcClientProtocolClient.java:onNext(254)) - client-2EC808601240->374189d0-76c5-49d2-81b4-45a4af1368a2: receive RaftClientReply:client-2EC808601240->374189d0-76c5-49d2-81b4-45a4af1368a2@group-30B6692CD68C, cid=3024, SUCCESS, logIndex=5038, commits[374189d0-76c5-49d2-81b4-45a4af1368a2:c5039]
2019-06-14 08:43:09,221 DEBUG block.SCMBlockDeletingService (SCMBlockDeletingService.java:call(138)) - Running DeletedBlockTransactionScanner
2019-06-14 08:43:09,221 DEBUG block.SCMBlockDeletingService (SCMBlockDeletingService.java:call(155)) - Scanned deleted blocks log and got 0 delTX to process.
2019-06-14 08:43:09,222 INFO  client.GrpcClientProtocolClient (GrpcClientProtocolClient.java:onNext(254)) - client-2EC808601240->374189d0-76c5-49d2-81b4-45a4af1368a2: receive RaftClientReply:client-2EC808601240->374189d0-76c5-49d2-81b4-45a4af1368a2@group-30B6692CD68C, cid=3025, SUCCESS, logIndex=5040, commits[374189d0-76c5-49d2-81b4-45a4af1368a2:c5040]
2019-06-14 08:43:09,223 INFO  client.GrpcClientProtocolClient (GrpcClientProtocolClient.java:onNext(254)) - client-2EC808601240->374189d0-76c5-49d2-81b4-45a4af1368a2: receive RaftClientReply:client-2EC808601240->374189d0-76c5-49d2-81b4-45a4af1368a2@group-30B6692CD68C, cid=3026, SUCCESS, logIndex=5042, commits[374189d0-76c5-49d2-81b4-45a4af1368a2:c5042]
2019-06-14 08:43:09,224 INFO  client.GrpcClientProtocolClient (GrpcClientProtocolClient.java:onNext(254)) - client-2EC808601240->374189d0-76c5-49d2-81b4-45a4af1368a2: receive RaftClientReply:client-2EC808601240->374189d0-76c5-49d2-81b4-45a4af1368a2@group-30B6692CD68C, cid=3027, SUCCESS, logIndex=5043, commits[374189d0-76c5-49d2-81b4-45a4af1368a2:c5045]
2019-06-14 08:43:09,224 INFO  client.GrpcClientProtocolClient (GrpcClientProtocolClient.java:onNext(254)) - client-2EC808601240->374189d0-76c5-49d2-81b4-45a4af1368a2: receive RaftClientReply:client-2EC808601240->374189d0-76c5-49d2-81b4-45a4af1368a2@group-30B6692CD68C, cid=3028, SUCCESS, logIndex=5044, commits[374189d0-76c5-49d2-81b4-45a4af1368a2:c5045]
2019-06-14 08:43:09,229 INFO  client.GrpcClientProtocolClient (GrpcClientProtocolClient.java:onNext(254)) - client-2EC808601240->374189d0-76c5-49d2-81b4-45a4af1368a2: receive RaftClientReply:client-2EC808601240->374189d0-76c5-49d2-81b4-45a4af1368a2@group-30B6692CD68C, cid=3029, SUCCESS, logIndex=5046, commits[374189d0-76c5-49d2-81b4-45a4af1368a2:c5046]
2019-06-14 08:43:09,230 INFO  client.GrpcClientProtocolClient (GrpcClientProtocolClient.java:onNext(254)) - client-2EC808601240->374189d0-76c5-49d2-81b4-45a4af1368a2: receive RaftClientReply:client-2EC808601240->374189d0-76c5-49d2-81b4-45a4af1368a2@group-30B6692CD68C, cid=3030, SUCCESS, logIndex=5048, commits[374189d0-76c5-49d2-81b4-45a4af1368a2:c5048]
2019-06-14 08:43:09,231 INFO  client.GrpcClientProtocolClient (GrpcClientProtocolClient.java:onNext(254)) - client-2EC808601240->374189d0-76c5-49d2-81b4-45a4af1368a2: receive RaftClientReply:client-2EC808601240->374189d0-76c5-49d2-81b4-45a4af1368a2@group-30B6692CD68C, cid=3031, SUCCESS, logIndex=5049, commits[374189d0-76c5-49d2-81b4-45a4af1368a2:c5051]
2019-06-14 08:43:09,232 INFO  client.GrpcClientProtocolClient (GrpcClientProtocolClient.java:onNext(254)) - client-2EC808601240->374189d0-76c5-49d2-81b4-45a4af1368a2: receive RaftClientReply:client-2EC808601240->374189d0-76c5-49d2-81b4-45a4af1368a2@group-30B6692CD68C, cid=3032, SUCCESS, logIndex=5050, commits[374189d0-76c5-49d2-81b4-45a4af1368a2:c5051]
2019-06-14 08:43:09,243 INFO  client.GrpcClientProtocolClient (GrpcClientProtocolClient.java:onNext(254)) - client-2EC808601240->374189d0-76c5-49d2-81b4-45a4af1368a2: receive RaftClientReply:client-2EC808601240->374189d0-76c5-49d2-81b4-45a4af1368a2@group-30B6692CD68C, cid=3033, SUCCESS, logIndex=5052, commits[374189d0-76c5-49d2-81b4-45a4af1368a2:c5052]
2019-06-14 08:43:09,244 INFO  client.GrpcClientProtocolClient (GrpcClientProtocolClient.java:onNext(254)) - client-2EC808601240->374189d0-76c5-49d2-81b4-45a4af1368a2: receive RaftClientReply:client-2EC808601240->374189d0-76c5-49d2-81b4-45a4af1368a2@group-30B6692CD68C, cid=3034, SUCCESS, logIndex=5054, commits[374189d0-76c5-49d2-81b4-45a4af1368a2:c5054]
2019-06-14 08:43:09,245 INFO  client.GrpcClientProtocolClient (GrpcClientProtocolClient.java:onNext(254)) - client-2EC808601240->374189d0-76c5-49d2-81b4-45a4af1368a2: receive RaftClientReply:client-2EC808601240->374189d0-76c5-49d2-81b4-45a4af1368a2@group-30B6692CD68C, cid=3035, SUCCESS, logIndex=5055, commits[374189d0-76c5-49d2-81b4-45a4af1368a2:c5057]
2019-06-14 08:43:09,245 INFO  client.GrpcClientProtocolClient (GrpcClientProtocolClient.java:onNext(254)) - client-2EC808601240->374189d0-76c5-49d2-81b4-45a4af1368a2: receive RaftClientReply:client-2EC808601240->374189d0-76c5-49d2-81b4-45a4af1368a2@group-30B6692CD68C, cid=3036, SUCCESS, logIndex=5056, commits[374189d0-76c5-49d2-81b4-45a4af1368a2:c5057]
2019-06-14 08:43:09,250 INFO  client.GrpcClientProtocolClient (GrpcClientProtocolClient.java:onNext(254)) - client-2EC808601240->374189d0-76c5-49d2-81b4-45a4af1368a2: receive RaftClientReply:client-2EC808601240->374189d0-76c5-49d2-81b4-45a4af1368a2@group-30B6692CD68C, cid=3037, SUCCESS, logIndex=5058, commits[374189d0-76c5-49d2-81b4-45a4af1368a2:c5058]
2019-06-14 08:43:09,252 INFO  client.GrpcClientProtocolClient (GrpcClientProtocolClient.java:onNext(254)) - client-2EC808601240->374189d0-76c5-49d2-81b4-45a4af1368a2: receive RaftClientReply:client-2EC808601240->374189d0-76c5-49d2-81b4-45a4af1368a2@group-30B6692CD68C, cid=3038, SUCCESS, logIndex=5060, commits[374189d0-76c5-49d2-81b4-45a4af1368a2:c5060]
2019-06-14 08:43:09,252 INFO  client.GrpcClientProtocolClient (GrpcClientProtocolClient.java:onNext(254)) - client-2EC808601240->374189d0-76c5-49d2-81b4-45a4af1368a2: receive RaftClientReply:client-2EC808601240->374189d0-76c5-49d2-81b4-45a4af1368a2@group-30B6692CD68C, cid=3039, SUCCESS, logIndex=5061, commits[374189d0-76c5-49d2-81b4-45a4af1368a2:c5062]
2019-06-14 08:43:09,253 INFO  client.GrpcClientProtocolClient (GrpcClientProtocolClient.java:onNext(254)) - client-2EC808601240->374189d0-76c5-49d2-81b4-45a4af1368a2: receive RaftClientReply:client-2EC808601240->374189d0-76c5-49d2-81b4-45a4af1368a2@group-30B6692CD68C, cid=3040, SUCCESS, logIndex=5063, commits[374189d0-76c5-49d2-81b4-45a4af1368a2:c5063]
2019-06-14 08:43:09,263 INFO  client.GrpcClientProtocolClient (GrpcClientProtocolClient.java:onNext(254)) - client-2EC808601240->374189d0-76c5-49d2-81b4-45a4af1368a2: receive RaftClientReply:client-2EC808601240->374189d0-76c5-49d2-81b4-45a4af1368a2@group-30B6692CD68C, cid=3041, SUCCESS, logIndex=5065, commits[374189d0-76c5-49d2-81b4-45a4af1368a2:c5065]
2019-06-14 08:43:09,265 INFO  client.GrpcClientProtocolClient (GrpcClientProtocolClient.java:onNext(254)) - client-2EC808601240->374189d0-76c5-49d2-81b4-45a4af1368a2: receive RaftClientReply:client-2EC808601240->374189d0-76c5-49d2-81b4-45a4af1368a2@group-30B6692CD68C, cid=3042, SUCCESS, logIndex=5067, commits[374189d0-76c5-49d2-81b4-45a4af1368a2:c5067]
2019-06-14 08:43:09,266 INFO  client.GrpcClientProtocolClient (GrpcClientProtocolClient.java:onNext(254)) - client-2EC808601240->374189d0-76c5-49d2-81b4-45a4af1368a2: receive RaftClientReply:client-2EC808601240->374189d0-76c5-49d2-81b4-45a4af1368a2@group-30B6692CD68C, cid=3043, SUCCESS, logIndex=5068, commits[374189d0-76c5-49d2-81b4-45a4af1368a2:c5069]
2019-06-14 08:43:09,267 INFO  client.GrpcClientProtocolClient (GrpcClientProtocolClient.java:onNext(254)) - client-2EC808601240->374189d0-76c5-49d2-81b4-45a4af1368a2: receive RaftClientReply:client-2EC808601240->374189d0-76c5-49d2-81b4-45a4af1368a2@group-30B6692CD68C, cid=3044, SUCCESS, logIndex=5070, commits[374189d0-76c5-49d2-81b4-45a4af1368a2:c5070]
2019-06-14 08:43:09,272 INFO  client.GrpcClientProtocolClient (GrpcClientProtocolClient.java:onNext(254)) - client-2EC808601240->374189d0-76c5-49d2-81b4-45a4af1368a2: receive RaftClientReply:client-2EC808601240->374189d0-76c5-49d2-81b4-45a4af1368a2@group-30B6692CD68C, cid=3045, SUCCESS, logIndex=5072, commits[374189d0-76c5-49d2-81b4-45a4af1368a2:c5072]
2019-06-14 08:43:09,273 INFO  client.GrpcClientProtocolClient (GrpcClientProtocolClient.java:onNext(254)) - client-2EC808601240->374189d0-76c5-49d2-81b4-45a4af1368a2: receive RaftClientReply:client-2EC808601240->374189d0-76c5-49d2-81b4-45a4af1368a2@group-30B6692CD68C, cid=3046, SUCCESS, logIndex=5074, commits[374189d0-76c5-49d2-81b4-45a4af1368a2:c5074]
2019-06-14 08:43:09,275 INFO  client.GrpcClientProtocolClient (GrpcClientProtocolClient.java:onNext(254)) - client-2EC808601240->374189d0-76c5-49d2-81b4-45a4af1368a2: receive RaftClientReply:client-2EC808601240->374189d0-76c5-49d2-81b4-45a4af1368a2@group-30B6692CD68C, cid=3047, SUCCESS, logIndex=5076, commits[374189d0-76c5-49d2-81b4-45a4af1368a2:c5077]
2019-06-14 08:43:09,275 INFO  client.GrpcClientProtocolClient (GrpcClientProtocolClient.java:onNext(254)) - client-2EC808601240->374189d0-76c5-49d2-81b4-45a4af1368a2: receive RaftClientReply:client-2EC808601240->374189d0-76c5-49d2-81b4-45a4af1368a2@group-30B6692CD68C, cid=3048, SUCCESS, logIndex=5077, commits[374189d0-76c5-49d2-81b4-45a4af1368a2:c5077]
2019-06-14 08:43:09,285 INFO  client.GrpcClientProtocolClient (GrpcClientProtocolClient.java:onNext(254)) - client-2EC808601240->374189d0-76c5-49d2-81b4-45a4af1368a2: receive RaftClientReply:client-2EC808601240->374189d0-76c5-49d2-81b4-45a4af1368a2@group-30B6692CD68C, cid=3049, SUCCESS, logIndex=5079, commits[374189d0-76c5-49d2-81b4-45a4af1368a2:c5079]
2019-06-14 08:43:09,286 INFO  client.GrpcClientProtocolClient (GrpcClientProtocolClient.java:onNext(254)) - client-2EC808601240->374189d0-76c5-49d2-81b4-45a4af1368a2: receive RaftClientReply:client-2EC808601240->374189d0-76c5-49d2-81b4-45a4af1368a2@group-30B6692CD68C, cid=3050, SUCCESS, logIndex=5081, commits[374189d0-76c5-49d2-81b4-45a4af1368a2:c5081]
2019-06-14 08:43:09,321 DEBUG block.SCMBlockDeletingService (SCMBlockDeletingService.java:call(138)) - Running DeletedBlockTransactionScanner
2019-06-14 08:43:09,321 DEBUG block.SCMBlockDeletingService (SCMBlockDeletingService.java:call(155)) - Scanned deleted blocks log and got 0 delTX to process.
2019-06-14 08:43:09,357 INFO  client.GrpcClientProtocolClient (GrpcClientProtocolClient.java:onNext(254)) - client-2EC808601240->374189d0-76c5-49d2-81b4-45a4af1368a2: receive RaftClientReply:client-2EC808601240->374189d0-76c5-49d2-81b4-45a4af1368a2@group-30B6692CD68C, cid=3051, SUCCESS, logIndex=5083, commits[374189d0-76c5-49d2-81b4-45a4af1368a2:c5083]
2019-06-14 08:43:09,358 INFO  client.GrpcClientProtocolClient (GrpcClientProtocolClient.java:onNext(254)) - client-2EC808601240->374189d0-76c5-49d2-81b4-45a4af1368a2: receive RaftClientReply:client-2EC808601240->374189d0-76c5-49d2-81b4-45a4af1368a2@group-30B6692CD68C, cid=3052, SUCCESS, logIndex=5085, commits[374189d0-76c5-49d2-81b4-45a4af1368a2:c5085]
2019-06-14 08:43:09,363 INFO  client.GrpcClientProtocolClient (GrpcClientProtocolClient.java:onNext(254)) - client-2EC808601240->374189d0-76c5-49d2-81b4-45a4af1368a2: receive RaftClientReply:client-2EC808601240->374189d0-76c5-49d2-81b4-45a4af1368a2@group-30B6692CD68C, cid=3053, SUCCESS, logIndex=5087, commits[374189d0-76c5-49d2-81b4-45a4af1368a2:c5087]
2019-06-14 08:43:09,363 INFO  storage.RaftLogWorker (RaftLogWorker.java:rollLogSegment(303)) - 374189d0-76c5-49d2-81b4-45a4af1368a2-RaftLogWorker: Rolling segment log-5018_5088 to index:5088
2019-06-14 08:43:09,363 INFO  storage.RaftLogWorker (RaftLogWorker.java:execute(433)) - 374189d0-76c5-49d2-81b4-45a4af1368a2-RaftLogWorker: Rolled log segment from /opt/src/hadoop-ozone/integration-test/target/test-dir/MiniOzoneClusterImpl-1994f8b8-dd4d-445c-bf25-0c6d40f9b14d/datanode-0/data/ratis/99d0acb8-99ce-4814-8259-30b6692cd68c/current/log_inprogress_5018 to /opt/src/hadoop-ozone/integration-test/target/test-dir/MiniOzoneClusterImpl-1994f8b8-dd4d-445c-bf25-0c6d40f9b14d/datanode-0/data/ratis/99d0acb8-99ce-4814-8259-30b6692cd68c/current/log_5018-5088
2019-06-14 08:43:09,399 INFO  storage.RaftLogWorker (RaftLogWorker.java:execute(469)) - 374189d0-76c5-49d2-81b4-45a4af1368a2-RaftLogWorker: created new log segment /opt/src/hadoop-ozone/integration-test/target/test-dir/MiniOzoneClusterImpl-1994f8b8-dd4d-445c-bf25-0c6d40f9b14d/datanode-0/data/ratis/99d0acb8-99ce-4814-8259-30b6692cd68c/current/log_inprogress_5089
2019-06-14 08:43:09,403 INFO  client.GrpcClientProtocolClient (GrpcClientProtocolClient.java:onNext(254)) - client-2EC808601240->374189d0-76c5-49d2-81b4-45a4af1368a2: receive RaftClientReply:client-2EC808601240->374189d0-76c5-49d2-81b4-45a4af1368a2@group-30B6692CD68C, cid=3054, SUCCESS, logIndex=5089, commits[374189d0-76c5-49d2-81b4-45a4af1368a2:c5091]
2019-06-14 08:43:09,403 INFO  client.GrpcClientProtocolClient (GrpcClientProtocolClient.java:onNext(254)) - client-2EC808601240->374189d0-76c5-49d2-81b4-45a4af1368a2: receive RaftClientReply:client-2EC808601240->374189d0-76c5-49d2-81b4-45a4af1368a2@group-30B6692CD68C, cid=3055, SUCCESS, logIndex=5090, commits[374189d0-76c5-49d2-81b4-45a4af1368a2:c5092]
2019-06-14 08:43:09,403 INFO  client.GrpcClientProtocolClient (GrpcClientProtocolClient.java:onNext(254)) - client-2EC808601240->374189d0-76c5-49d2-81b4-45a4af1368a2: receive RaftClientReply:client-2EC808601240->374189d0-76c5-49d2-81b4-45a4af1368a2@group-30B6692CD68C, cid=3056, SUCCESS, logIndex=5091, commits[374189d0-76c5-49d2-81b4-45a4af1368a2:c5092]
2019-06-14 08:43:09,415 INFO  client.GrpcClientProtocolClient (GrpcClientProtocolClient.java:onNext(254)) - client-2EC808601240->374189d0-76c5-49d2-81b4-45a4af1368a2: receive RaftClientReply:client-2EC808601240->374189d0-76c5-49d2-81b4-45a4af1368a2@group-30B6692CD68C, cid=3057, SUCCESS, logIndex=5093, commits[374189d0-76c5-49d2-81b4-45a4af1368a2:c5093]
2019-06-14 08:43:09,416 INFO  client.GrpcClientProtocolClient (GrpcClientProtocolClient.java:onNext(254)) - client-2EC808601240->374189d0-76c5-49d2-81b4-45a4af1368a2: receive RaftClientReply:client-2EC808601240->374189d0-76c5-49d2-81b4-45a4af1368a2@group-30B6692CD68C, cid=3058, SUCCESS, logIndex=5095, commits[374189d0-76c5-49d2-81b4-45a4af1368a2:c5095]
2019-06-14 08:43:09,417 INFO  client.GrpcClientProtocolClient (GrpcClientProtocolClient.java:onNext(254)) - client-2EC808601240->374189d0-76c5-49d2-81b4-45a4af1368a2: receive RaftClientReply:client-2EC808601240->374189d0-76c5-49d2-81b4-45a4af1368a2@group-30B6692CD68C, cid=3059, SUCCESS, logIndex=5096, commits[374189d0-76c5-49d2-81b4-45a4af1368a2:c5098]
2019-06-14 08:43:09,417 INFO  client.GrpcClientProtocolClient (GrpcClientProtocolClient.java:onNext(254)) - client-2EC808601240->374189d0-76c5-49d2-81b4-45a4af1368a2: receive RaftClientReply:client-2EC808601240->374189d0-76c5-49d2-81b4-45a4af1368a2@group-30B6692CD68C, cid=3060, SUCCESS, logIndex=5097, commits[374189d0-76c5-49d2-81b4-45a4af1368a2:c5098]
2019-06-14 08:43:09,422 DEBUG block.SCMBlockDeletingService (SCMBlockDeletingService.java:call(138)) - Running DeletedBlockTransactionScanner
2019-06-14 08:43:09,422 DEBUG block.SCMBlockDeletingService (SCMBlockDeletingService.java:call(155)) - Scanned deleted blocks log and got 0 delTX to process.
2019-06-14 08:43:09,423 INFO  client.GrpcClientProtocolClient (GrpcClientProtocolClient.java:onNext(254)) - client-2EC808601240->374189d0-76c5-49d2-81b4-45a4af1368a2: receive RaftClientReply:client-2EC808601240->374189d0-76c5-49d2-81b4-45a4af1368a2@group-30B6692CD68C, cid=3061, SUCCESS, logIndex=5099, commits[374189d0-76c5-49d2-81b4-45a4af1368a2:c5099]
2019-06-14 08:43:09,424 INFO  client.GrpcClientProtocolClient (GrpcClientProtocolClient.java:onNext(254)) - client-2EC808601240->374189d0-76c5-49d2-81b4-45a4af1368a2: receive RaftClientReply:client-2EC808601240->374189d0-76c5-49d2-81b4-45a4af1368a2@group-30B6692CD68C, cid=3062, SUCCESS, logIndex=5101, commits[374189d0-76c5-49d2-81b4-45a4af1368a2:c5101]
2019-06-14 08:43:09,425 INFO  client.GrpcClientProtocolClient (GrpcClientProtocolClient.java:onNext(254)) - client-2EC808601240->374189d0-76c5-49d2-81b4-45a4af1368a2: receive RaftClientReply:client-2EC808601240->374189d0-76c5-49d2-81b4-45a4af1368a2@group-30B6692CD68C, cid=3063, SUCCESS, logIndex=5102, commits[374189d0-76c5-49d2-81b4-45a4af1368a2:c5104]
2019-06-14 08:43:09,425 INFO  client.GrpcClientProtocolClient (GrpcClientProtocolClient.java:onNext(254)) - client-2EC808601240->374189d0-76c5-49d2-81b4-45a4af1368a2: receive RaftClientReply:client-2EC808601240->374189d0-76c5-49d2-81b4-45a4af1368a2@group-30B6692CD68C, cid=3064, SUCCESS, logIndex=5103, commits[374189d0-76c5-49d2-81b4-45a4af1368a2:c5104]
2019-06-14 08:43:09,435 INFO  client.GrpcClientProtocolClient (GrpcClientProtocolClient.java:onNext(254)) - client-2EC808601240->374189d0-76c5-49d2-81b4-45a4af1368a2: receive RaftClientReply:client-2EC808601240->374189d0-76c5-49d2-81b4-45a4af1368a2@group-30B6692CD68C, cid=3065, SUCCESS, logIndex=5105, commits[374189d0-76c5-49d2-81b4-45a4af1368a2:c5105]
2019-06-14 08:43:09,445 INFO  client.GrpcClientProtocolClient (GrpcClientProtocolClient.java:onNext(254)) - client-2EC808601240->374189d0-76c5-49d2-81b4-45a4af1368a2: receive RaftClientReply:client-2EC808601240->374189d0-76c5-49d2-81b4-45a4af1368a2@group-30B6692CD68C, cid=3066, SUCCESS, logIndex=5107, commits[374189d0-76c5-49d2-81b4-45a4af1368a2:c5107]
2019-06-14 08:43:09,445 INFO  client.GrpcClientProtocolClient (GrpcClientProtocolClient.java:onNext(254)) - client-2EC808601240->374189d0-76c5-49d2-81b4-45a4af1368a2: receive RaftClientReply:client-2EC808601240->374189d0-76c5-49d2-81b4-45a4af1368a2@group-30B6692CD68C, cid=3067, SUCCESS, logIndex=5108, commits[374189d0-76c5-49d2-81b4-45a4af1368a2:c5110]
2019-06-14 08:43:09,447 INFO  client.GrpcClientProtocolClient (GrpcClientProtocolClient.java:onNext(254)) - client-2EC808601240->374189d0-76c5-49d2-81b4-45a4af1368a2: receive RaftClientReply:client-2EC808601240->374189d0-76c5-49d2-81b4-45a4af1368a2@group-30B6692CD68C, cid=3068, SUCCESS, logIndex=5110, commits[374189d0-76c5-49d2-81b4-45a4af1368a2:c5111]
2019-06-14 08:43:09,452 INFO  client.GrpcClientProtocolClient (GrpcClientProtocolClient.java:onNext(254)) - client-2EC808601240->374189d0-76c5-49d2-81b4-45a4af1368a2: receive RaftClientReply:client-2EC808601240->374189d0-76c5-49d2-81b4-45a4af1368a2@group-30B6692CD68C, cid=3069, SUCCESS, logIndex=5112, commits[374189d0-76c5-49d2-81b4-45a4af1368a2:c5112]
2019-06-14 08:43:09,454 INFO  client.GrpcClientProtocolClient (GrpcClientProtocolClient.java:onNext(254)) - client-2EC808601240->374189d0-76c5-49d2-81b4-45a4af1368a2: receive RaftClientReply:client-2EC808601240->374189d0-76c5-49d2-81b4-45a4af1368a2@group-30B6692CD68C, cid=3070, SUCCESS, logIndex=5114, commits[374189d0-76c5-49d2-81b4-45a4af1368a2:c5114]
2019-06-14 08:43:09,455 INFO  client.GrpcClientProtocolClient (GrpcClientProtocolClient.java:onNext(254)) - client-2EC808601240->374189d0-76c5-49d2-81b4-45a4af1368a2: receive RaftClientReply:client-2EC808601240->374189d0-76c5-49d2-81b4-45a4af1368a2@group-30B6692CD68C, cid=3071, SUCCESS, logIndex=5115, commits[374189d0-76c5-49d2-81b4-45a4af1368a2:c5117]
2019-06-14 08:43:09,459 INFO  client.GrpcClientProtocolClient (GrpcClientProtocolClient.java:onNext(254)) - client-2EC808601240->374189d0-76c5-49d2-81b4-45a4af1368a2: receive RaftClientReply:client-2EC808601240->374189d0-76c5-49d2-81b4-45a4af1368a2@group-30B6692CD68C, cid=3072, SUCCESS, logIndex=5116, commits[374189d0-76c5-49d2-81b4-45a4af1368a2:c5117]
2019-06-14 08:43:09,469 INFO  client.GrpcClientProtocolClient (GrpcClientProtocolClient.java:onNext(254)) - client-2EC808601240->374189d0-76c5-49d2-81b4-45a4af1368a2: receive RaftClientReply:client-2EC808601240->374189d0-76c5-49d2-81b4-45a4af1368a2@group-30B6692CD68C, cid=3073, SUCCESS, logIndex=5118, commits[374189d0-76c5-49d2-81b4-45a4af1368a2:c5118]
2019-06-14 08:43:09,470 INFO  client.GrpcClientProtocolClient (GrpcClientProtocolClient.java:onNext(254)) - client-2EC808601240->374189d0-76c5-49d2-81b4-45a4af1368a2: receive RaftClientReply:client-2EC808601240->374189d0-76c5-49d2-81b4-45a4af1368a2@group-30B6692CD68C, cid=3074, SUCCESS, logIndex=5120, commits[374189d0-76c5-49d2-81b4-45a4af1368a2:c5120]
2019-06-14 08:43:09,471 INFO  client.GrpcClientProtocolClient (GrpcClientProtocolClient.java:onNext(254)) - client-2EC808601240->374189d0-76c5-49d2-81b4-45a4af1368a2: receive RaftClientReply:client-2EC808601240->374189d0-76c5-49d2-81b4-45a4af1368a2@group-30B6692CD68C, cid=3075, SUCCESS, logIndex=5121, commits[374189d0-76c5-49d2-81b4-45a4af1368a2:c5123]
2019-06-14 08:43:09,471 INFO  client.GrpcClientProtocolClient (GrpcClientProtocolClient.java:onNext(254)) - client-2EC808601240->374189d0-76c5-49d2-81b4-45a4af1368a2: receive RaftClientReply:client-2EC808601240->374189d0-76c5-49d2-81b4-45a4af1368a2@group-30B6692CD68C, cid=3076, SUCCESS, logIndex=5122, commits[374189d0-76c5-49d2-81b4-45a4af1368a2:c5123]
2019-06-14 08:43:09,476 INFO  client.GrpcClientProtocolClient (GrpcClientProtocolClient.java:onNext(254)) - client-2EC808601240->374189d0-76c5-49d2-81b4-45a4af1368a2: receive RaftClientReply:client-2EC808601240->374189d0-76c5-49d2-81b4-45a4af1368a2@group-30B6692CD68C, cid=3077, SUCCESS, logIndex=5124, commits[374189d0-76c5-49d2-81b4-45a4af1368a2:c5124]
2019-06-14 08:43:09,478 INFO  client.GrpcClientProtocolClient (GrpcClientProtocolClient.java:onNext(254)) - client-2EC808601240->374189d0-76c5-49d2-81b4-45a4af1368a2: receive RaftClientReply:client-2EC808601240->374189d0-76c5-49d2-81b4-45a4af1368a2@group-30B6692CD68C, cid=3078, SUCCESS, logIndex=5126, commits[374189d0-76c5-49d2-81b4-45a4af1368a2:c5126]
2019-06-14 08:43:09,479 INFO  client.GrpcClientProtocolClient (GrpcClientProtocolClient.java:onNext(254)) - client-2EC808601240->374189d0-76c5-49d2-81b4-45a4af1368a2: receive RaftClientReply:client-2EC808601240->374189d0-76c5-49d2-81b4-45a4af1368a2@group-30B6692CD68C, cid=3079, SUCCESS, logIndex=5127, commits[374189d0-76c5-49d2-81b4-45a4af1368a2:c5129]
2019-06-14 08:43:09,479 INFO  client.GrpcClientProtocolClient (GrpcClientProtocolClient.java:onNext(254)) - client-2EC808601240->374189d0-76c5-49d2-81b4-45a4af1368a2: receive RaftClientReply:client-2EC808601240->374189d0-76c5-49d2-81b4-45a4af1368a2@group-30B6692CD68C, cid=3080, SUCCESS, logIndex=5128, commits[374189d0-76c5-49d2-81b4-45a4af1368a2:c5129]
2019-06-14 08:43:09,489 INFO  client.GrpcClientProtocolClient (GrpcClientProtocolClient.java:onNext(254)) - client-2EC808601240->374189d0-76c5-49d2-81b4-45a4af1368a2: receive RaftClientReply:client-2EC808601240->374189d0-76c5-49d2-81b4-45a4af1368a2@group-30B6692CD68C, cid=3081, SUCCESS, logIndex=5130, commits[374189d0-76c5-49d2-81b4-45a4af1368a2:c5130]
2019-06-14 08:43:09,491 INFO  client.GrpcClientProtocolClient (GrpcClientProtocolClient.java:onNext(254)) - client-2EC808601240->374189d0-76c5-49d2-81b4-45a4af1368a2: receive RaftClientReply:client-2EC808601240->374189d0-76c5-49d2-81b4-45a4af1368a2@group-30B6692CD68C, cid=3082, SUCCESS, logIndex=5132, commits[374189d0-76c5-49d2-81b4-45a4af1368a2:c5132]
2019-06-14 08:43:09,492 INFO  client.GrpcClientProtocolClient (GrpcClientProtocolClient.java:onNext(254)) - client-2EC808601240->374189d0-76c5-49d2-81b4-45a4af1368a2: receive RaftClientReply:client-2EC808601240->374189d0-76c5-49d2-81b4-45a4af1368a2@group-30B6692CD68C, cid=3083, SUCCESS, logIndex=5133, commits[374189d0-76c5-49d2-81b4-45a4af1368a2:c5135]
2019-06-14 08:43:09,492 INFO  client.GrpcClientProtocolClient (GrpcClientProtocolClient.java:onNext(254)) - client-2EC808601240->374189d0-76c5-49d2-81b4-45a4af1368a2: receive RaftClientReply:client-2EC808601240->374189d0-76c5-49d2-81b4-45a4af1368a2@group-30B6692CD68C, cid=3084, SUCCESS, logIndex=5134, commits[374189d0-76c5-49d2-81b4-45a4af1368a2:c5135]
2019-06-14 08:43:09,497 INFO  client.GrpcClientProtocolClient (GrpcClientProtocolClient.java:onNext(254)) - client-2EC808601240->374189d0-76c5-49d2-81b4-45a4af1368a2: receive RaftClientReply:client-2EC808601240->374189d0-76c5-49d2-81b4-45a4af1368a2@group-30B6692CD68C, cid=3085, SUCCESS, logIndex=5136, commits[374189d0-76c5-49d2-81b4-45a4af1368a2:c5136]
2019-06-14 08:43:09,498 INFO  client.GrpcClientProtocolClient (GrpcClientProtocolClient.java:onNext(254)) - client-2EC808601240->374189d0-76c5-49d2-81b4-45a4af1368a2: receive RaftClientReply:client-2EC808601240->374189d0-76c5-49d2-81b4-45a4af1368a2@group-30B6692CD68C, cid=3086, SUCCESS, logIndex=5138, commits[374189d0-76c5-49d2-81b4-45a4af1368a2:c5138]
2019-06-14 08:43:09,500 INFO  client.GrpcClientProtocolClient (GrpcClientProtocolClient.java:onNext(254)) - client-2EC808601240->374189d0-76c5-49d2-81b4-45a4af1368a2: receive RaftClientReply:client-2EC808601240->374189d0-76c5-49d2-81b4-45a4af1368a2@group-30B6692CD68C, cid=3087, SUCCESS, logIndex=5139, commits[374189d0-76c5-49d2-81b4-45a4af1368a2:c5141]
2019-06-14 08:43:09,500 INFO  client.GrpcClientProtocolClient (GrpcClientProtocolClient.java:onNext(254)) - client-2EC808601240->374189d0-76c5-49d2-81b4-45a4af1368a2: receive RaftClientReply:client-2EC808601240->374189d0-76c5-49d2-81b4-45a4af1368a2@group-30B6692CD68C, cid=3088, SUCCESS, logIndex=5140, commits[374189d0-76c5-49d2-81b4-45a4af1368a2:c5141]
2019-06-14 08:43:09,510 INFO  client.GrpcClientProtocolClient (GrpcClientProtocolClient.java:onNext(254)) - client-2EC808601240->374189d0-76c5-49d2-81b4-45a4af1368a2: receive RaftClientReply:client-2EC808601240->374189d0-76c5-49d2-81b4-45a4af1368a2@group-30B6692CD68C, cid=3089, SUCCESS, logIndex=5142, commits[374189d0-76c5-49d2-81b4-45a4af1368a2:c5142]
2019-06-14 08:43:09,515 INFO  client.GrpcClientProtocolClient (GrpcClientProtocolClient.java:onNext(254)) - client-2EC808601240->374189d0-76c5-49d2-81b4-45a4af1368a2: receive RaftClientReply:client-2EC808601240->374189d0-76c5-49d2-81b4-45a4af1368a2@group-30B6692CD68C, cid=3090, SUCCESS, logIndex=5144, commits[374189d0-76c5-49d2-81b4-45a4af1368a2:c5146]
2019-06-14 08:43:09,515 INFO  client.GrpcClientProtocolClient (GrpcClientProtocolClient.java:onNext(254)) - client-2EC808601240->374189d0-76c5-49d2-81b4-45a4af1368a2: receive RaftClientReply:client-2EC808601240->374189d0-76c5-49d2-81b4-45a4af1368a2@group-30B6692CD68C, cid=3091, SUCCESS, logIndex=5145, commits[374189d0-76c5-49d2-81b4-45a4af1368a2:c5146]
2019-06-14 08:43:09,515 INFO  client.GrpcClientProtocolClient (GrpcClientProtocolClient.java:onNext(254)) - client-2EC808601240->374189d0-76c5-49d2-81b4-45a4af1368a2: receive RaftClientReply:client-2EC808601240->374189d0-76c5-49d2-81b4-45a4af1368a2@group-30B6692CD68C, cid=3092, SUCCESS, logIndex=5146, commits[374189d0-76c5-49d2-81b4-45a4af1368a2:c5146]
2019-06-14 08:43:09,522 INFO  client.GrpcClientProtocolClient (GrpcClientProtocolClient.java:onNext(254)) - client-2EC808601240->374189d0-76c5-49d2-81b4-45a4af1368a2: receive RaftClientReply:client-2EC808601240->374189d0-76c5-49d2-81b4-45a4af1368a2@group-30B6692CD68C, cid=3093, SUCCESS, logIndex=5148, commits[374189d0-76c5-49d2-81b4-45a4af1368a2:c5148]
2019-06-14 08:43:09,522 DEBUG block.SCMBlockDeletingService (SCMBlockDeletingService.java:call(138)) - Running DeletedBlockTransactionScanner
2019-06-14 08:43:09,522 DEBUG block.SCMBlockDeletingService (SCMBlockDeletingService.java:call(155)) - Scanned deleted blocks log and got 0 delTX to process.
2019-06-14 08:43:09,523 INFO  client.GrpcClientProtocolClient (GrpcClientProtocolClient.java:onNext(254)) - client-2EC808601240->374189d0-76c5-49d2-81b4-45a4af1368a2: receive RaftClientReply:client-2EC808601240->374189d0-76c5-49d2-81b4-45a4af1368a2@group-30B6692CD68C, cid=3094, SUCCESS, logIndex=5150, commits[374189d0-76c5-49d2-81b4-45a4af1368a2:c5150]
2019-06-14 08:43:09,594 INFO  client.GrpcClientProtocolClient (GrpcClientProtocolClient.java:onNext(254)) - client-2EC808601240->374189d0-76c5-49d2-81b4-45a4af1368a2: receive RaftClientReply:client-2EC808601240->374189d0-76c5-49d2-81b4-45a4af1368a2@group-30B6692CD68C, cid=3095, SUCCESS, logIndex=5152, commits[374189d0-76c5-49d2-81b4-45a4af1368a2:c5152]
2019-06-14 08:43:09,595 INFO  client.GrpcClientProtocolClient (GrpcClientProtocolClient.java:onNext(254)) - client-2EC808601240->374189d0-76c5-49d2-81b4-45a4af1368a2: receive RaftClientReply:client-2EC808601240->374189d0-76c5-49d2-81b4-45a4af1368a2@group-30B6692CD68C, cid=3096, SUCCESS, logIndex=5154, commits[374189d0-76c5-49d2-81b4-45a4af1368a2:c5154]
2019-06-14 08:43:09,604 INFO  storage.RaftLogWorker (RaftLogWorker.java:rollLogSegment(303)) - 374189d0-76c5-49d2-81b4-45a4af1368a2-RaftLogWorker: Rolling segment log-5089_5155 to index:5155
2019-06-14 08:43:09,605 INFO  storage.RaftLogWorker (RaftLogWorker.java:execute(433)) - 374189d0-76c5-49d2-81b4-45a4af1368a2-RaftLogWorker: Rolled log segment from /opt/src/hadoop-ozone/integration-test/target/test-dir/MiniOzoneClusterImpl-1994f8b8-dd4d-445c-bf25-0c6d40f9b14d/datanode-0/data/ratis/99d0acb8-99ce-4814-8259-30b6692cd68c/current/log_inprogress_5089 to /opt/src/hadoop-ozone/integration-test/target/test-dir/MiniOzoneClusterImpl-1994f8b8-dd4d-445c-bf25-0c6d40f9b14d/datanode-0/data/ratis/99d0acb8-99ce-4814-8259-30b6692cd68c/current/log_5089-5155
2019-06-14 08:43:09,622 DEBUG block.SCMBlockDeletingService (SCMBlockDeletingService.java:call(138)) - Running DeletedBlockTransactionScanner
2019-06-14 08:43:09,623 DEBUG block.SCMBlockDeletingService (SCMBlockDeletingService.java:call(155)) - Scanned deleted blocks log and got 0 delTX to process.
2019-06-14 08:43:09,641 INFO  storage.RaftLogWorker (RaftLogWorker.java:execute(469)) - 374189d0-76c5-49d2-81b4-45a4af1368a2-RaftLogWorker: created new log segment /opt/src/hadoop-ozone/integration-test/target/test-dir/MiniOzoneClusterImpl-1994f8b8-dd4d-445c-bf25-0c6d40f9b14d/datanode-0/data/ratis/99d0acb8-99ce-4814-8259-30b6692cd68c/current/log_inprogress_5156
2019-06-14 08:43:09,642 INFO  client.GrpcClientProtocolClient (GrpcClientProtocolClient.java:onNext(254)) - client-2EC808601240->374189d0-76c5-49d2-81b4-45a4af1368a2: receive RaftClientReply:client-2EC808601240->374189d0-76c5-49d2-81b4-45a4af1368a2@group-30B6692CD68C, cid=3097, SUCCESS, logIndex=5156, commits[374189d0-76c5-49d2-81b4-45a4af1368a2:c5156]
2019-06-14 08:43:09,644 INFO  client.GrpcClientProtocolClient (GrpcClientProtocolClient.java:onNext(254)) - client-2EC808601240->374189d0-76c5-49d2-81b4-45a4af1368a2: receive RaftClientReply:client-2EC808601240->374189d0-76c5-49d2-81b4-45a4af1368a2@group-30B6692CD68C, cid=3098, SUCCESS, logIndex=5158, commits[374189d0-76c5-49d2-81b4-45a4af1368a2:c5158]
2019-06-14 08:43:09,645 INFO  client.GrpcClientProtocolClient (GrpcClientProtocolClient.java:onNext(254)) - client-2EC808601240->374189d0-76c5-49d2-81b4-45a4af1368a2: receive RaftClientReply:client-2EC808601240->374189d0-76c5-49d2-81b4-45a4af1368a2@group-30B6692CD68C, cid=3099, SUCCESS, logIndex=5159, commits[374189d0-76c5-49d2-81b4-45a4af1368a2:c5161]
2019-06-14 08:43:09,645 INFO  client.GrpcClientProtocolClient (GrpcClientProtocolClient.java:onNext(254)) - client-2EC808601240->374189d0-76c5-49d2-81b4-45a4af1368a2: receive RaftClientReply:client-2EC808601240->374189d0-76c5-49d2-81b4-45a4af1368a2@group-30B6692CD68C, cid=3100, SUCCESS, logIndex=5160, commits[374189d0-76c5-49d2-81b4-45a4af1368a2:c5161]
2019-06-14 08:43:09,935 DEBUG block.SCMBlockDeletingService (SCMBlockDeletingService.java:call(138)) - Running DeletedBlockTransactionScanner
2019-06-14 08:43:09,935 DEBUG block.SCMBlockDeletingService (SCMBlockDeletingService.java:call(155)) - Scanned deleted blocks log and got 0 delTX to process.
2019-06-14 08:43:09,945 INFO  client.GrpcClientProtocolClient (GrpcClientProtocolClient.java:onNext(254)) - client-2EC808601240->374189d0-76c5-49d2-81b4-45a4af1368a2: receive RaftClientReply:client-2EC808601240->374189d0-76c5-49d2-81b4-45a4af1368a2@group-30B6692CD68C, cid=3101, SUCCESS, logIndex=5162, commits[374189d0-76c5-49d2-81b4-45a4af1368a2:c5162]
2019-06-14 08:43:09,946 INFO  client.GrpcClientProtocolClient (GrpcClientProtocolClient.java:onNext(254)) - client-2EC808601240->374189d0-76c5-49d2-81b4-45a4af1368a2: receive RaftClientReply:client-2EC808601240->374189d0-76c5-49d2-81b4-45a4af1368a2@group-30B6692CD68C, cid=3102, SUCCESS, logIndex=5164, commits[374189d0-76c5-49d2-81b4-45a4af1368a2:c5166]
2019-06-14 08:43:09,947 INFO  client.GrpcClientProtocolClient (GrpcClientProtocolClient.java:onNext(254)) - client-2EC808601240->374189d0-76c5-49d2-81b4-45a4af1368a2: receive RaftClientReply:client-2EC808601240->374189d0-76c5-49d2-81b4-45a4af1368a2@group-30B6692CD68C, cid=3103, SUCCESS, logIndex=5165, commits[374189d0-76c5-49d2-81b4-45a4af1368a2:c5167]
2019-06-14 08:43:09,951 INFO  client.GrpcClientProtocolClient (GrpcClientProtocolClient.java:onNext(254)) - client-2EC808601240->374189d0-76c5-49d2-81b4-45a4af1368a2: receive RaftClientReply:client-2EC808601240->374189d0-76c5-49d2-81b4-45a4af1368a2@group-30B6692CD68C, cid=3104, SUCCESS, logIndex=5166, commits[374189d0-76c5-49d2-81b4-45a4af1368a2:c5167]
2019-06-14 08:43:09,971 INFO  client.GrpcClientProtocolClient (GrpcClientProtocolClient.java:onNext(254)) - client-2EC808601240->374189d0-76c5-49d2-81b4-45a4af1368a2: receive RaftClientReply:client-2EC808601240->374189d0-76c5-49d2-81b4-45a4af1368a2@group-30B6692CD68C, cid=3105, SUCCESS, logIndex=5169, commits[374189d0-76c5-49d2-81b4-45a4af1368a2:c5169]
2019-06-14 08:43:09,974 INFO  client.GrpcClientProtocolClient (GrpcClientProtocolClient.java:onNext(254)) - client-2EC808601240->374189d0-76c5-49d2-81b4-45a4af1368a2: receive RaftClientReply:client-2EC808601240->374189d0-76c5-49d2-81b4-45a4af1368a2@group-30B6692CD68C, cid=3106, SUCCESS, logIndex=5171, commits[374189d0-76c5-49d2-81b4-45a4af1368a2:c5171]
2019-06-14 08:43:09,975 INFO  client.GrpcClientProtocolClient (GrpcClientProtocolClient.java:onNext(254)) - client-2EC808601240->374189d0-76c5-49d2-81b4-45a4af1368a2: receive RaftClientReply:client-2EC808601240->374189d0-76c5-49d2-81b4-45a4af1368a2@group-30B6692CD68C, cid=3107, SUCCESS, logIndex=5172, commits[374189d0-76c5-49d2-81b4-45a4af1368a2:c5174]
2019-06-14 08:43:09,976 INFO  client.GrpcClientProtocolClient (GrpcClientProtocolClient.java:onNext(254)) - client-2EC808601240->374189d0-76c5-49d2-81b4-45a4af1368a2: receive RaftClientReply:client-2EC808601240->374189d0-76c5-49d2-81b4-45a4af1368a2@group-30B6692CD68C, cid=3108, SUCCESS, logIndex=5173, commits[374189d0-76c5-49d2-81b4-45a4af1368a2:c5174]
2019-06-14 08:43:09,982 INFO  client.GrpcClientProtocolClient (GrpcClientProtocolClient.java:onNext(254)) - client-2EC808601240->374189d0-76c5-49d2-81b4-45a4af1368a2: receive RaftClientReply:client-2EC808601240->374189d0-76c5-49d2-81b4-45a4af1368a2@group-30B6692CD68C, cid=3109, SUCCESS, logIndex=5175, commits[374189d0-76c5-49d2-81b4-45a4af1368a2:c5175]
2019-06-14 08:43:09,984 INFO  client.GrpcClientProtocolClient (GrpcClientProtocolClient.java:onNext(254)) - client-2EC808601240->374189d0-76c5-49d2-81b4-45a4af1368a2: receive RaftClientReply:client-2EC808601240->374189d0-76c5-49d2-81b4-45a4af1368a2@group-30B6692CD68C, cid=3110, SUCCESS, logIndex=5177, commits[374189d0-76c5-49d2-81b4-45a4af1368a2:c5177]
2019-06-14 08:43:09,991 INFO  client.GrpcClientProtocolClient (GrpcClientProtocolClient.java:onNext(254)) - client-2EC808601240->374189d0-76c5-49d2-81b4-45a4af1368a2: receive RaftClientReply:client-2EC808601240->374189d0-76c5-49d2-81b4-45a4af1368a2@group-30B6692CD68C, cid=3111, SUCCESS, logIndex=5178, commits[374189d0-76c5-49d2-81b4-45a4af1368a2:c5178]
2019-06-14 08:43:10,003 INFO  client.GrpcClientProtocolClient (GrpcClientProtocolClient.java:onNext(254)) - client-2EC808601240->374189d0-76c5-49d2-81b4-45a4af1368a2: receive RaftClientReply:client-2EC808601240->374189d0-76c5-49d2-81b4-45a4af1368a2@group-30B6692CD68C, cid=3112, SUCCESS, logIndex=5180, commits[374189d0-76c5-49d2-81b4-45a4af1368a2:c5181]
2019-06-14 08:43:10,022 INFO  client.GrpcClientProtocolClient (GrpcClientProtocolClient.java:onNext(254)) - client-2EC808601240->374189d0-76c5-49d2-81b4-45a4af1368a2: receive RaftClientReply:client-2EC808601240->374189d0-76c5-49d2-81b4-45a4af1368a2@group-30B6692CD68C, cid=3113, SUCCESS, logIndex=5182, commits[374189d0-76c5-49d2-81b4-45a4af1368a2:c5182]
2019-06-14 08:43:10,027 INFO  client.GrpcClientProtocolClient (GrpcClientProtocolClient.java:onNext(254)) - client-2EC808601240->374189d0-76c5-49d2-81b4-45a4af1368a2: receive RaftClientReply:client-2EC808601240->374189d0-76c5-49d2-81b4-45a4af1368a2@group-30B6692CD68C, cid=3114, SUCCESS, logIndex=5184, commits[374189d0-76c5-49d2-81b4-45a4af1368a2:c5184]
2019-06-14 08:43:10,030 INFO  client.GrpcClientProtocolClient (GrpcClientProtocolClient.java:onNext(254)) - client-2EC808601240->374189d0-76c5-49d2-81b4-45a4af1368a2: receive RaftClientReply:client-2EC808601240->374189d0-76c5-49d2-81b4-45a4af1368a2@group-30B6692CD68C, cid=3115, SUCCESS, logIndex=5186, commits[374189d0-76c5-49d2-81b4-45a4af1368a2:c5187]
2019-06-14 08:43:10,034 INFO  client.GrpcClientProtocolClient (GrpcClientProtocolClient.java:onNext(254)) - client-2EC808601240->374189d0-76c5-49d2-81b4-45a4af1368a2: receive RaftClientReply:client-2EC808601240->374189d0-76c5-49d2-81b4-45a4af1368a2@group-30B6692CD68C, cid=3116, SUCCESS, logIndex=5187, commits[374189d0-76c5-49d2-81b4-45a4af1368a2:c5187]
2019-06-14 08:43:10,036 DEBUG block.SCMBlockDeletingService (SCMBlockDeletingService.java:call(138)) - Running DeletedBlockTransactionScanner
2019-06-14 08:43:10,036 DEBUG block.SCMBlockDeletingService (SCMBlockDeletingService.java:call(155)) - Scanned deleted blocks log and got 0 delTX to process.
2019-06-14 08:43:10,043 INFO  client.GrpcClientProtocolClient (GrpcClientProtocolClient.java:onNext(254)) - client-2EC808601240->374189d0-76c5-49d2-81b4-45a4af1368a2: receive RaftClientReply:client-2EC808601240->374189d0-76c5-49d2-81b4-45a4af1368a2@group-30B6692CD68C, cid=3117, SUCCESS, logIndex=5189, commits[374189d0-76c5-49d2-81b4-45a4af1368a2:c5189]
2019-06-14 08:43:10,045 INFO  client.GrpcClientProtocolClient (GrpcClientProtocolClient.java:onNext(254)) - client-2EC808601240->374189d0-76c5-49d2-81b4-45a4af1368a2: receive RaftClientReply:client-2EC808601240->374189d0-76c5-49d2-81b4-45a4af1368a2@group-30B6692CD68C, cid=3118, SUCCESS, logIndex=5191, commits[374189d0-76c5-49d2-81b4-45a4af1368a2:c5191]
2019-06-14 08:43:10,046 INFO  client.GrpcClientProtocolClient (GrpcClientProtocolClient.java:onNext(254)) - client-2EC808601240->374189d0-76c5-49d2-81b4-45a4af1368a2: receive RaftClientReply:client-2EC808601240->374189d0-76c5-49d2-81b4-45a4af1368a2@group-30B6692CD68C, cid=3119, SUCCESS, logIndex=5192, commits[374189d0-76c5-49d2-81b4-45a4af1368a2:c5194]
2019-06-14 08:43:10,046 INFO  client.GrpcClientProtocolClient (GrpcClientProtocolClient.java:onNext(254)) - client-2EC808601240->374189d0-76c5-49d2-81b4-45a4af1368a2: receive RaftClientReply:client-2EC808601240->374189d0-76c5-49d2-81b4-45a4af1368a2@group-30B6692CD68C, cid=3120, SUCCESS, logIndex=5193, commits[374189d0-76c5-49d2-81b4-45a4af1368a2:c5194]
2019-06-14 08:43:10,065 INFO  client.GrpcClientProtocolClient (GrpcClientProtocolClient.java:onNext(254)) - client-2EC808601240->374189d0-76c5-49d2-81b4-45a4af1368a2: receive RaftClientReply:client-2EC808601240->374189d0-76c5-49d2-81b4-45a4af1368a2@group-30B6692CD68C, cid=3121, SUCCESS, logIndex=5196, commits[374189d0-76c5-49d2-81b4-45a4af1368a2:c5196]
2019-06-14 08:43:10,066 INFO  client.GrpcClientProtocolClient (GrpcClientProtocolClient.java:onNext(254)) - client-2EC808601240->374189d0-76c5-49d2-81b4-45a4af1368a2: receive RaftClientReply:client-2EC808601240->374189d0-76c5-49d2-81b4-45a4af1368a2@group-30B6692CD68C, cid=3122, SUCCESS, logIndex=5198, commits[374189d0-76c5-49d2-81b4-45a4af1368a2:c5198]
2019-06-14 08:43:10,066 INFO  client.GrpcClientProtocolClient (GrpcClientProtocolClient.java:onNext(254)) - client-2EC808601240->374189d0-76c5-49d2-81b4-45a4af1368a2: receive RaftClientReply:client-2EC808601240->374189d0-76c5-49d2-81b4-45a4af1368a2@group-30B6692CD68C, cid=3123, SUCCESS, logIndex=5199, commits[374189d0-76c5-49d2-81b4-45a4af1368a2:c5200]
2019-06-14 08:43:10,067 INFO  client.GrpcClientProtocolClient (GrpcClientProtocolClient.java:onNext(254)) - client-2EC808601240->374189d0-76c5-49d2-81b4-45a4af1368a2: receive RaftClientReply:client-2EC808601240->374189d0-76c5-49d2-81b4-45a4af1368a2@group-30B6692CD68C, cid=3124, SUCCESS, logIndex=5200, commits[374189d0-76c5-49d2-81b4-45a4af1368a2:c5200]
2019-06-14 08:43:10,075 INFO  client.GrpcClientProtocolClient (GrpcClientProtocolClient.java:onNext(254)) - client-2EC808601240->374189d0-76c5-49d2-81b4-45a4af1368a2: receive RaftClientReply:client-2EC808601240->374189d0-76c5-49d2-81b4-45a4af1368a2@group-30B6692CD68C, cid=3125, SUCCESS, logIndex=5203, commits[374189d0-76c5-49d2-81b4-45a4af1368a2:c5203]
2019-06-14 08:43:10,077 INFO  client.GrpcClientProtocolClient (GrpcClientProtocolClient.java:onNext(254)) - client-2EC808601240->374189d0-76c5-49d2-81b4-45a4af1368a2: receive RaftClientReply:client-2EC808601240->374189d0-76c5-49d2-81b4-45a4af1368a2@group-30B6692CD68C, cid=3126, SUCCESS, logIndex=5205, commits[374189d0-76c5-49d2-81b4-45a4af1368a2:c5205]
2019-06-14 08:43:10,078 INFO  client.GrpcClientProtocolClient (GrpcClientProtocolClient.java:onNext(254)) - client-2EC808601240->374189d0-76c5-49d2-81b4-45a4af1368a2: receive RaftClientReply:client-2EC808601240->374189d0-76c5-49d2-81b4-45a4af1368a2@group-30B6692CD68C, cid=3127, SUCCESS, logIndex=5206, commits[374189d0-76c5-49d2-81b4-45a4af1368a2:c5207]
2019-06-14 08:43:10,078 INFO  client.GrpcClientProtocolClient (GrpcClientProtocolClient.java:onNext(254)) - client-2EC808601240->374189d0-76c5-49d2-81b4-45a4af1368a2: receive RaftClientReply:client-2EC808601240->374189d0-76c5-49d2-81b4-45a4af1368a2@group-30B6692CD68C, cid=3128, SUCCESS, logIndex=5207, commits[374189d0-76c5-49d2-81b4-45a4af1368a2:c5207]
2019-06-14 08:43:10,095 INFO  client.GrpcClientProtocolClient (GrpcClientProtocolClient.java:onNext(254)) - client-2EC808601240->374189d0-76c5-49d2-81b4-45a4af1368a2: receive RaftClientReply:client-2EC808601240->374189d0-76c5-49d2-81b4-45a4af1368a2@group-30B6692CD68C, cid=3129, SUCCESS, logIndex=5210, commits[374189d0-76c5-49d2-81b4-45a4af1368a2:c5210]
2019-06-14 08:43:10,097 INFO  client.GrpcClientProtocolClient (GrpcClientProtocolClient.java:onNext(254)) - client-2EC808601240->374189d0-76c5-49d2-81b4-45a4af1368a2: receive RaftClientReply:client-2EC808601240->374189d0-76c5-49d2-81b4-45a4af1368a2@group-30B6692CD68C, cid=3130, SUCCESS, logIndex=5212, commits[374189d0-76c5-49d2-81b4-45a4af1368a2:c5214]
2019-06-14 08:43:10,099 INFO  client.GrpcClientProtocolClient (GrpcClientProtocolClient.java:onNext(254)) - client-2EC808601240->374189d0-76c5-49d2-81b4-45a4af1368a2: receive RaftClientReply:client-2EC808601240->374189d0-76c5-49d2-81b4-45a4af1368a2@group-30B6692CD68C, cid=3131, SUCCESS, logIndex=5213, commits[374189d0-76c5-49d2-81b4-45a4af1368a2:c5214]
2019-06-14 08:43:10,099 INFO  client.GrpcClientProtocolClient (GrpcClientProtocolClient.java:onNext(254)) - client-2EC808601240->374189d0-76c5-49d2-81b4-45a4af1368a2: receive RaftClientReply:client-2EC808601240->374189d0-76c5-49d2-81b4-45a4af1368a2@group-30B6692CD68C, cid=3132, SUCCESS, logIndex=5214, commits[374189d0-76c5-49d2-81b4-45a4af1368a2:c5214]
2019-06-14 08:43:10,111 INFO  client.GrpcClientProtocolClient (GrpcClientProtocolClient.java:onNext(254)) - client-2EC808601240->374189d0-76c5-49d2-81b4-45a4af1368a2: receive RaftClientReply:client-2EC808601240->374189d0-76c5-49d2-81b4-45a4af1368a2@group-30B6692CD68C, cid=3133, SUCCESS, logIndex=5216, commits[374189d0-76c5-49d2-81b4-45a4af1368a2:c5216]
2019-06-14 08:43:10,113 INFO  client.GrpcClientProtocolClient (GrpcClientProtocolClient.java:onNext(254)) - client-2EC808601240->374189d0-76c5-49d2-81b4-45a4af1368a2: receive RaftClientReply:client-2EC808601240->374189d0-76c5-49d2-81b4-45a4af1368a2@group-30B6692CD68C, cid=3134, SUCCESS, logIndex=5218, commits[374189d0-76c5-49d2-81b4-45a4af1368a2:c5218]
2019-06-14 08:43:10,115 INFO  client.GrpcClientProtocolClient (GrpcClientProtocolClient.java:onNext(254)) - client-2EC808601240->374189d0-76c5-49d2-81b4-45a4af1368a2: receive RaftClientReply:client-2EC808601240->374189d0-76c5-49d2-81b4-45a4af1368a2@group-30B6692CD68C, cid=3135, SUCCESS, logIndex=5219, commits[374189d0-76c5-49d2-81b4-45a4af1368a2:c5220]
2019-06-14 08:43:10,115 INFO  client.GrpcClientProtocolClient (GrpcClientProtocolClient.java:onNext(254)) - client-2EC808601240->374189d0-76c5-49d2-81b4-45a4af1368a2: receive RaftClientReply:client-2EC808601240->374189d0-76c5-49d2-81b4-45a4af1368a2@group-30B6692CD68C, cid=3136, SUCCESS, logIndex=5220, commits[374189d0-76c5-49d2-81b4-45a4af1368a2:c5220]
2019-06-14 08:43:10,136 INFO  client.GrpcClientProtocolClient (GrpcClientProtocolClient.java:onNext(254)) - client-2EC808601240->374189d0-76c5-49d2-81b4-45a4af1368a2: receive RaftClientReply:client-2EC808601240->374189d0-76c5-49d2-81b4-45a4af1368a2@group-30B6692CD68C, cid=3137, SUCCESS, logIndex=5223, commits[374189d0-76c5-49d2-81b4-45a4af1368a2:c5224]
2019-06-14 08:43:10,137 DEBUG block.SCMBlockDeletingService (SCMBlockDeletingService.java:call(138)) - Running DeletedBlockTransactionScanner
2019-06-14 08:43:10,137 DEBUG block.SCMBlockDeletingService (SCMBlockDeletingService.java:call(155)) - Scanned deleted blocks log and got 0 delTX to process.
2019-06-14 08:43:10,143 INFO  client.GrpcClientProtocolClient (GrpcClientProtocolClient.java:onNext(254)) - client-2EC808601240->374189d0-76c5-49d2-81b4-45a4af1368a2: receive RaftClientReply:client-2EC808601240->374189d0-76c5-49d2-81b4-45a4af1368a2@group-30B6692CD68C, cid=3138, SUCCESS, logIndex=5225, commits[374189d0-76c5-49d2-81b4-45a4af1368a2:c5225]
2019-06-14 08:43:10,203 INFO  client.GrpcClientProtocolClient (GrpcClientProtocolClient.java:onNext(254)) - client-2EC808601240->374189d0-76c5-49d2-81b4-45a4af1368a2: receive RaftClientReply:client-2EC808601240->374189d0-76c5-49d2-81b4-45a4af1368a2@group-30B6692CD68C, cid=3139, SUCCESS, logIndex=5227, commits[374189d0-76c5-49d2-81b4-45a4af1368a2:c5227]
2019-06-14 08:43:10,204 INFO  client.GrpcClientProtocolClient (GrpcClientProtocolClient.java:onNext(254)) - client-2EC808601240->374189d0-76c5-49d2-81b4-45a4af1368a2: receive RaftClientReply:client-2EC808601240->374189d0-76c5-49d2-81b4-45a4af1368a2@group-30B6692CD68C, cid=3140, SUCCESS, logIndex=5229, commits[374189d0-76c5-49d2-81b4-45a4af1368a2:c5229]
2019-06-14 08:43:10,211 INFO  storage.RaftLogWorker (RaftLogWorker.java:rollLogSegment(303)) - 374189d0-76c5-49d2-81b4-45a4af1368a2-RaftLogWorker: Rolling segment log-5156_5230 to index:5230
2019-06-14 08:43:10,212 INFO  storage.RaftLogWorker (RaftLogWorker.java:execute(433)) - 374189d0-76c5-49d2-81b4-45a4af1368a2-RaftLogWorker: Rolled log segment from /opt/src/hadoop-ozone/integration-test/target/test-dir/MiniOzoneClusterImpl-1994f8b8-dd4d-445c-bf25-0c6d40f9b14d/datanode-0/data/ratis/99d0acb8-99ce-4814-8259-30b6692cd68c/current/log_inprogress_5156 to /opt/src/hadoop-ozone/integration-test/target/test-dir/MiniOzoneClusterImpl-1994f8b8-dd4d-445c-bf25-0c6d40f9b14d/datanode-0/data/ratis/99d0acb8-99ce-4814-8259-30b6692cd68c/current/log_5156-5230
2019-06-14 08:43:10,238 DEBUG block.SCMBlockDeletingService (SCMBlockDeletingService.java:call(138)) - Running DeletedBlockTransactionScanner
2019-06-14 08:43:10,238 DEBUG block.SCMBlockDeletingService (SCMBlockDeletingService.java:call(155)) - Scanned deleted blocks log and got 0 delTX to process.
2019-06-14 08:43:10,249 INFO  storage.RaftLogWorker (RaftLogWorker.java:execute(469)) - 374189d0-76c5-49d2-81b4-45a4af1368a2-RaftLogWorker: created new log segment /opt/src/hadoop-ozone/integration-test/target/test-dir/MiniOzoneClusterImpl-1994f8b8-dd4d-445c-bf25-0c6d40f9b14d/datanode-0/data/ratis/99d0acb8-99ce-4814-8259-30b6692cd68c/current/log_inprogress_5231
2019-06-14 08:43:10,251 INFO  client.GrpcClientProtocolClient (GrpcClientProtocolClient.java:onNext(254)) - client-2EC808601240->374189d0-76c5-49d2-81b4-45a4af1368a2: receive RaftClientReply:client-2EC808601240->374189d0-76c5-49d2-81b4-45a4af1368a2@group-30B6692CD68C, cid=3141, SUCCESS, logIndex=5231, commits[374189d0-76c5-49d2-81b4-45a4af1368a2:c5231]
2019-06-14 08:43:10,252 INFO  client.GrpcClientProtocolClient (GrpcClientProtocolClient.java:onNext(254)) - client-2EC808601240->374189d0-76c5-49d2-81b4-45a4af1368a2: receive RaftClientReply:client-2EC808601240->374189d0-76c5-49d2-81b4-45a4af1368a2@group-30B6692CD68C, cid=3142, SUCCESS, logIndex=5233, commits[374189d0-76c5-49d2-81b4-45a4af1368a2:c5233]
2019-06-14 08:43:10,254 INFO  client.GrpcClientProtocolClient (GrpcClientProtocolClient.java:onNext(254)) - client-2EC808601240->374189d0-76c5-49d2-81b4-45a4af1368a2: receive RaftClientReply:client-2EC808601240->374189d0-76c5-49d2-81b4-45a4af1368a2@group-30B6692CD68C, cid=3143, SUCCESS, logIndex=5235, commits[374189d0-76c5-49d2-81b4-45a4af1368a2:c5236]
2019-06-14 08:43:10,254 INFO  client.GrpcClientProtocolClient (GrpcClientProtocolClient.java:onNext(254)) - client-2EC808601240->374189d0-76c5-49d2-81b4-45a4af1368a2: receive RaftClientReply:client-2EC808601240->374189d0-76c5-49d2-81b4-45a4af1368a2@group-30B6692CD68C, cid=3144, SUCCESS, logIndex=5236, commits[374189d0-76c5-49d2-81b4-45a4af1368a2:c5236]
2019-06-14 08:43:10,264 INFO  client.GrpcClientProtocolClient (GrpcClientProtocolClient.java:onNext(254)) - client-2EC808601240->374189d0-76c5-49d2-81b4-45a4af1368a2: receive RaftClientReply:client-2EC808601240->374189d0-76c5-49d2-81b4-45a4af1368a2@group-30B6692CD68C, cid=3145, SUCCESS, logIndex=5238, commits[374189d0-76c5-49d2-81b4-45a4af1368a2:c5238]
2019-06-14 08:43:10,266 INFO  client.GrpcClientProtocolClient (GrpcClientProtocolClient.java:onNext(254)) - client-2EC808601240->374189d0-76c5-49d2-81b4-45a4af1368a2: receive RaftClientReply:client-2EC808601240->374189d0-76c5-49d2-81b4-45a4af1368a2@group-30B6692CD68C, cid=3146, SUCCESS, logIndex=5240, commits[374189d0-76c5-49d2-81b4-45a4af1368a2:c5240]
2019-06-14 08:43:10,267 INFO  client.GrpcClientProtocolClient (GrpcClientProtocolClient.java:onNext(254)) - client-2EC808601240->374189d0-76c5-49d2-81b4-45a4af1368a2: receive RaftClientReply:client-2EC808601240->374189d0-76c5-49d2-81b4-45a4af1368a2@group-30B6692CD68C, cid=3147, SUCCESS, logIndex=5242, commits[374189d0-76c5-49d2-81b4-45a4af1368a2:c5242]
2019-06-14 08:43:10,267 INFO  client.GrpcClientProtocolClient (GrpcClientProtocolClient.java:onNext(254)) - client-2EC808601240->374189d0-76c5-49d2-81b4-45a4af1368a2: receive RaftClientReply:client-2EC808601240->374189d0-76c5-49d2-81b4-45a4af1368a2@group-30B6692CD68C, cid=3148, SUCCESS, logIndex=5243, commits[374189d0-76c5-49d2-81b4-45a4af1368a2:c5243]
2019-06-14 08:43:10,272 INFO  client.GrpcClientProtocolClient (GrpcClientProtocolClient.java:onNext(254)) - client-2EC808601240->374189d0-76c5-49d2-81b4-45a4af1368a2: receive RaftClientReply:client-2EC808601240->374189d0-76c5-49d2-81b4-45a4af1368a2@group-30B6692CD68C, cid=3149, SUCCESS, logIndex=5246, commits[374189d0-76c5-49d2-81b4-45a4af1368a2:c5246]
2019-06-14 08:43:10,273 INFO  client.GrpcClientProtocolClient (GrpcClientProtocolClient.java:onNext(254)) - client-2EC808601240->374189d0-76c5-49d2-81b4-45a4af1368a2: receive RaftClientReply:client-2EC808601240->374189d0-76c5-49d2-81b4-45a4af1368a2@group-30B6692CD68C, cid=3150, SUCCESS, logIndex=5248, commits[374189d0-76c5-49d2-81b4-45a4af1368a2:c5248]
2019-06-14 08:43:10,275 INFO  client.GrpcClientProtocolClient (GrpcClientProtocolClient.java:onNext(254)) - client-2EC808601240->374189d0-76c5-49d2-81b4-45a4af1368a2: receive RaftClientReply:client-2EC808601240->374189d0-76c5-49d2-81b4-45a4af1368a2@group-30B6692CD68C, cid=3151, SUCCESS, logIndex=5250, commits[374189d0-76c5-49d2-81b4-45a4af1368a2:c5251]
2019-06-14 08:43:10,276 INFO  client.GrpcClientProtocolClient (GrpcClientProtocolClient.java:onNext(254)) - client-2EC808601240->374189d0-76c5-49d2-81b4-45a4af1368a2: receive RaftClientReply:client-2EC808601240->374189d0-76c5-49d2-81b4-45a4af1368a2@group-30B6692CD68C, cid=3152, SUCCESS, logIndex=5251, commits[374189d0-76c5-49d2-81b4-45a4af1368a2:c5251]
2019-06-14 08:43:10,287 INFO  client.GrpcClientProtocolClient (GrpcClientProtocolClient.java:onNext(254)) - client-2EC808601240->374189d0-76c5-49d2-81b4-45a4af1368a2: receive RaftClientReply:client-2EC808601240->374189d0-76c5-49d2-81b4-45a4af1368a2@group-30B6692CD68C, cid=3153, SUCCESS, logIndex=5253, commits[374189d0-76c5-49d2-81b4-45a4af1368a2:c5253]
2019-06-14 08:43:10,288 INFO  client.GrpcClientProtocolClient (GrpcClientProtocolClient.java:onNext(254)) - client-2EC808601240->374189d0-76c5-49d2-81b4-45a4af1368a2: receive RaftClientReply:client-2EC808601240->374189d0-76c5-49d2-81b4-45a4af1368a2@group-30B6692CD68C, cid=3154, SUCCESS, logIndex=5255, commits[374189d0-76c5-49d2-81b4-45a4af1368a2:c5255]
2019-06-14 08:43:10,289 INFO  client.GrpcClientProtocolClient (GrpcClientProtocolClient.java:onNext(254)) - client-2EC808601240->374189d0-76c5-49d2-81b4-45a4af1368a2: receive RaftClientReply:client-2EC808601240->374189d0-76c5-49d2-81b4-45a4af1368a2@group-30B6692CD68C, cid=3155, SUCCESS, logIndex=5256, commits[374189d0-76c5-49d2-81b4-45a4af1368a2:c5258]
2019-06-14 08:43:10,289 INFO  client.GrpcClientProtocolClient (GrpcClientProtocolClient.java:onNext(254)) - client-2EC808601240->374189d0-76c5-49d2-81b4-45a4af1368a2: receive RaftClientReply:client-2EC808601240->374189d0-76c5-49d2-81b4-45a4af1368a2@group-30B6692CD68C, cid=3156, SUCCESS, logIndex=5257, commits[374189d0-76c5-49d2-81b4-45a4af1368a2:c5258]
2019-06-14 08:43:10,294 INFO  client.GrpcClientProtocolClient (GrpcClientProtocolClient.java:onNext(254)) - client-2EC808601240->374189d0-76c5-49d2-81b4-45a4af1368a2: receive RaftClientReply:client-2EC808601240->374189d0-76c5-49d2-81b4-45a4af1368a2@group-30B6692CD68C, cid=3157, SUCCESS, logIndex=5259, commits[374189d0-76c5-49d2-81b4-45a4af1368a2:c5259]
2019-06-14 08:43:10,295 INFO  client.GrpcClientProtocolClient (GrpcClientProtocolClient.java:onNext(254)) - client-2EC808601240->374189d0-76c5-49d2-81b4-45a4af1368a2: receive RaftClientReply:client-2EC808601240->374189d0-76c5-49d2-81b4-45a4af1368a2@group-30B6692CD68C, cid=3158, SUCCESS, logIndex=5261, commits[374189d0-76c5-49d2-81b4-45a4af1368a2:c5261]
2019-06-14 08:43:10,296 INFO  client.GrpcClientProtocolClient (GrpcClientProtocolClient.java:onNext(254)) - client-2EC808601240->374189d0-76c5-49d2-81b4-45a4af1368a2: receive RaftClientReply:client-2EC808601240->374189d0-76c5-49d2-81b4-45a4af1368a2@group-30B6692CD68C, cid=3159, SUCCESS, logIndex=5262, commits[374189d0-76c5-49d2-81b4-45a4af1368a2:c5264]
2019-06-14 08:43:10,296 INFO  client.GrpcClientProtocolClient (GrpcClientProtocolClient.java:onNext(254)) - client-2EC808601240->374189d0-76c5-49d2-81b4-45a4af1368a2: receive RaftClientReply:client-2EC808601240->374189d0-76c5-49d2-81b4-45a4af1368a2@group-30B6692CD68C, cid=3160, SUCCESS, logIndex=5263, commits[374189d0-76c5-49d2-81b4-45a4af1368a2:c5264]
2019-06-14 08:43:10,305 INFO  client.GrpcClientProtocolClient (GrpcClientProtocolClient.java:onNext(254)) - client-2EC808601240->374189d0-76c5-49d2-81b4-45a4af1368a2: receive RaftClientReply:client-2EC808601240->374189d0-76c5-49d2-81b4-45a4af1368a2@group-30B6692CD68C, cid=3161, SUCCESS, logIndex=5265, commits[374189d0-76c5-49d2-81b4-45a4af1368a2:c5265]
2019-06-14 08:43:10,307 INFO  client.GrpcClientProtocolClient (GrpcClientProtocolClient.java:onNext(254)) - client-2EC808601240->374189d0-76c5-49d2-81b4-45a4af1368a2: receive RaftClientReply:client-2EC808601240->374189d0-76c5-49d2-81b4-45a4af1368a2@group-30B6692CD68C, cid=3162, SUCCESS, logIndex=5267, commits[374189d0-76c5-49d2-81b4-45a4af1368a2:c5267]
2019-06-14 08:43:10,307 INFO  client.GrpcClientProtocolClient (GrpcClientProtocolClient.java:onNext(254)) - client-2EC808601240->374189d0-76c5-49d2-81b4-45a4af1368a2: receive RaftClientReply:client-2EC808601240->374189d0-76c5-49d2-81b4-45a4af1368a2@group-30B6692CD68C, cid=3163, SUCCESS, logIndex=5268, commits[374189d0-76c5-49d2-81b4-45a4af1368a2:c5269]
2019-06-14 08:43:10,308 INFO  client.GrpcClientProtocolClient (GrpcClientProtocolClient.java:onNext(254)) - client-2EC808601240->374189d0-76c5-49d2-81b4-45a4af1368a2: receive RaftClientReply:client-2EC808601240->374189d0-76c5-49d2-81b4-45a4af1368a2@group-30B6692CD68C, cid=3164, SUCCESS, logIndex=5269, commits[374189d0-76c5-49d2-81b4-45a4af1368a2:c5269]
2019-06-14 08:43:10,312 INFO  client.GrpcClientProtocolClient (GrpcClientProtocolClient.java:onNext(254)) - client-2EC808601240->374189d0-76c5-49d2-81b4-45a4af1368a2: receive RaftClientReply:client-2EC808601240->374189d0-76c5-49d2-81b4-45a4af1368a2@group-30B6692CD68C, cid=3165, SUCCESS, logIndex=5272, commits[374189d0-76c5-49d2-81b4-45a4af1368a2:c5272]
2019-06-14 08:43:10,313 INFO  client.GrpcClientProtocolClient (GrpcClientProtocolClient.java:onNext(254)) - client-2EC808601240->374189d0-76c5-49d2-81b4-45a4af1368a2: receive RaftClientReply:client-2EC808601240->374189d0-76c5-49d2-81b4-45a4af1368a2@group-30B6692CD68C, cid=3166, SUCCESS, logIndex=5274, commits[374189d0-76c5-49d2-81b4-45a4af1368a2:c5274]
2019-06-14 08:43:10,314 INFO  client.GrpcClientProtocolClient (GrpcClientProtocolClient.java:onNext(254)) - client-2EC808601240->374189d0-76c5-49d2-81b4-45a4af1368a2: receive RaftClientReply:client-2EC808601240->374189d0-76c5-49d2-81b4-45a4af1368a2@group-30B6692CD68C, cid=3167, SUCCESS, logIndex=5275, commits[374189d0-76c5-49d2-81b4-45a4af1368a2:c5277]
2019-06-14 08:43:10,315 INFO  client.GrpcClientProtocolClient (GrpcClientProtocolClient.java:onNext(254)) - client-2EC808601240->374189d0-76c5-49d2-81b4-45a4af1368a2: receive RaftClientReply:client-2EC808601240->374189d0-76c5-49d2-81b4-45a4af1368a2@group-30B6692CD68C, cid=3168, SUCCESS, logIndex=5276, commits[374189d0-76c5-49d2-81b4-45a4af1368a2:c5277]
2019-06-14 08:43:10,323 INFO  client.GrpcClientProtocolClient (GrpcClientProtocolClient.java:onNext(254)) - client-2EC808601240->374189d0-76c5-49d2-81b4-45a4af1368a2: receive RaftClientReply:client-2EC808601240->374189d0-76c5-49d2-81b4-45a4af1368a2@group-30B6692CD68C, cid=3169, SUCCESS, logIndex=5278, commits[374189d0-76c5-49d2-81b4-45a4af1368a2:c5278]
2019-06-14 08:43:10,324 INFO  client.GrpcClientProtocolClient (GrpcClientProtocolClient.java:onNext(254)) - client-2EC808601240->374189d0-76c5-49d2-81b4-45a4af1368a2: receive RaftClientReply:client-2EC808601240->374189d0-76c5-49d2-81b4-45a4af1368a2@group-30B6692CD68C, cid=3170, SUCCESS, logIndex=5280, commits[374189d0-76c5-49d2-81b4-45a4af1368a2:c5280]
2019-06-14 08:43:10,326 INFO  client.GrpcClientProtocolClient (GrpcClientProtocolClient.java:onNext(254)) - client-2EC808601240->374189d0-76c5-49d2-81b4-45a4af1368a2: receive RaftClientReply:client-2EC808601240->374189d0-76c5-49d2-81b4-45a4af1368a2@group-30B6692CD68C, cid=3171, SUCCESS, logIndex=5281, commits[374189d0-76c5-49d2-81b4-45a4af1368a2:c5283]
2019-06-14 08:43:10,326 INFO  client.GrpcClientProtocolClient (GrpcClientProtocolClient.java:onNext(254)) - client-2EC808601240->374189d0-76c5-49d2-81b4-45a4af1368a2: receive RaftClientReply:client-2EC808601240->374189d0-76c5-49d2-81b4-45a4af1368a2@group-30B6692CD68C, cid=3172, SUCCESS, logIndex=5282, commits[374189d0-76c5-49d2-81b4-45a4af1368a2:c5283]
2019-06-14 08:43:10,332 INFO  client.GrpcClientProtocolClient (GrpcClientProtocolClient.java:onNext(254)) - client-2EC808601240->374189d0-76c5-49d2-81b4-45a4af1368a2: receive RaftClientReply:client-2EC808601240->374189d0-76c5-49d2-81b4-45a4af1368a2@group-30B6692CD68C, cid=3173, SUCCESS, logIndex=5284, commits[374189d0-76c5-49d2-81b4-45a4af1368a2:c5284]
2019-06-14 08:43:10,333 INFO  client.GrpcClientProtocolClient (GrpcClientProtocolClient.java:onNext(254)) - client-2EC808601240->374189d0-76c5-49d2-81b4-45a4af1368a2: receive RaftClientReply:client-2EC808601240->374189d0-76c5-49d2-81b4-45a4af1368a2@group-30B6692CD68C, cid=3174, SUCCESS, logIndex=5286, commits[374189d0-76c5-49d2-81b4-45a4af1368a2:c5286]
2019-06-14 08:43:10,334 INFO  client.GrpcClientProtocolClient (GrpcClientProtocolClient.java:onNext(254)) - client-2EC808601240->374189d0-76c5-49d2-81b4-45a4af1368a2: receive RaftClientReply:client-2EC808601240->374189d0-76c5-49d2-81b4-45a4af1368a2@group-30B6692CD68C, cid=3175, SUCCESS, logIndex=5287, commits[374189d0-76c5-49d2-81b4-45a4af1368a2:c5289]
2019-06-14 08:43:10,334 INFO  client.GrpcClientProtocolClient (GrpcClientProtocolClient.java:onNext(254)) - client-2EC808601240->374189d0-76c5-49d2-81b4-45a4af1368a2: receive RaftClientReply:client-2EC808601240->374189d0-76c5-49d2-81b4-45a4af1368a2@group-30B6692CD68C, cid=3176, SUCCESS, logIndex=5288, commits[374189d0-76c5-49d2-81b4-45a4af1368a2:c5289]
2019-06-14 08:43:10,338 DEBUG block.SCMBlockDeletingService (SCMBlockDeletingService.java:call(138)) - Running DeletedBlockTransactionScanner
2019-06-14 08:43:10,338 DEBUG block.SCMBlockDeletingService (SCMBlockDeletingService.java:call(155)) - Scanned deleted blocks log and got 0 delTX to process.
2019-06-14 08:43:10,344 INFO  client.GrpcClientProtocolClient (GrpcClientProtocolClient.java:onNext(254)) - client-2EC808601240->374189d0-76c5-49d2-81b4-45a4af1368a2: receive RaftClientReply:client-2EC808601240->374189d0-76c5-49d2-81b4-45a4af1368a2@group-30B6692CD68C, cid=3177, SUCCESS, logIndex=5290, commits[374189d0-76c5-49d2-81b4-45a4af1368a2:c5290]
2019-06-14 08:43:10,346 INFO  client.GrpcClientProtocolClient (GrpcClientProtocolClient.java:onNext(254)) - client-2EC808601240->374189d0-76c5-49d2-81b4-45a4af1368a2: receive RaftClientReply:client-2EC808601240->374189d0-76c5-49d2-81b4-45a4af1368a2@group-30B6692CD68C, cid=3178, SUCCESS, logIndex=5292, commits[374189d0-76c5-49d2-81b4-45a4af1368a2:c5292]
2019-06-14 08:43:10,347 INFO  client.GrpcClientProtocolClient (GrpcClientProtocolClient.java:onNext(254)) - client-2EC808601240->374189d0-76c5-49d2-81b4-45a4af1368a2: receive RaftClientReply:client-2EC808601240->374189d0-76c5-49d2-81b4-45a4af1368a2@group-30B6692CD68C, cid=3179, SUCCESS, logIndex=5293, commits[374189d0-76c5-49d2-81b4-45a4af1368a2:c5295]
2019-06-14 08:43:10,347 INFO  client.GrpcClientProtocolClient (GrpcClientProtocolClient.java:onNext(254)) - client-2EC808601240->374189d0-76c5-49d2-81b4-45a4af1368a2: receive RaftClientReply:client-2EC808601240->374189d0-76c5-49d2-81b4-45a4af1368a2@group-30B6692CD68C, cid=3180, SUCCESS, logIndex=5294, commits[374189d0-76c5-49d2-81b4-45a4af1368a2:c5295]
2019-06-14 08:43:10,351 INFO  client.GrpcClientProtocolClient (GrpcClientProtocolClient.java:onNext(254)) - client-2EC808601240->374189d0-76c5-49d2-81b4-45a4af1368a2: receive RaftClientReply:client-2EC808601240->374189d0-76c5-49d2-81b4-45a4af1368a2@group-30B6692CD68C, cid=3181, SUCCESS, logIndex=5296, commits[374189d0-76c5-49d2-81b4-45a4af1368a2:c5296]
2019-06-14 08:43:10,352 INFO  client.GrpcClientProtocolClient (GrpcClientProtocolClient.java:onNext(254)) - client-2EC808601240->374189d0-76c5-49d2-81b4-45a4af1368a2: receive RaftClientReply:client-2EC808601240->374189d0-76c5-49d2-81b4-45a4af1368a2@group-30B6692CD68C, cid=3182, SUCCESS, logIndex=5298, commits[374189d0-76c5-49d2-81b4-45a4af1368a2:c5298]
2019-06-14 08:43:10,421 INFO  client.GrpcClientProtocolClient (GrpcClientProtocolClient.java:onNext(254)) - client-2EC808601240->374189d0-76c5-49d2-81b4-45a4af1368a2: receive RaftClientReply:client-2EC808601240->374189d0-76c5-49d2-81b4-45a4af1368a2@group-30B6692CD68C, cid=3183, SUCCESS, logIndex=5300, commits[374189d0-76c5-49d2-81b4-45a4af1368a2:c5300]
2019-06-14 08:43:10,421 INFO  storage.RaftLogWorker (RaftLogWorker.java:rollLogSegment(303)) - 374189d0-76c5-49d2-81b4-45a4af1368a2-RaftLogWorker: Rolling segment log-5231_5301 to index:5301
2019-06-14 08:43:10,421 INFO  storage.RaftLogWorker (RaftLogWorker.java:execute(433)) - 374189d0-76c5-49d2-81b4-45a4af1368a2-RaftLogWorker: Rolled log segment from /opt/src/hadoop-ozone/integration-test/target/test-dir/MiniOzoneClusterImpl-1994f8b8-dd4d-445c-bf25-0c6d40f9b14d/datanode-0/data/ratis/99d0acb8-99ce-4814-8259-30b6692cd68c/current/log_inprogress_5231 to /opt/src/hadoop-ozone/integration-test/target/test-dir/MiniOzoneClusterImpl-1994f8b8-dd4d-445c-bf25-0c6d40f9b14d/datanode-0/data/ratis/99d0acb8-99ce-4814-8259-30b6692cd68c/current/log_5231-5301
2019-06-14 08:43:10,439 DEBUG block.SCMBlockDeletingService (SCMBlockDeletingService.java:call(138)) - Running DeletedBlockTransactionScanner
2019-06-14 08:43:10,439 DEBUG block.SCMBlockDeletingService (SCMBlockDeletingService.java:call(155)) - Scanned deleted blocks log and got 0 delTX to process.
2019-06-14 08:43:10,460 INFO  storage.RaftLogWorker (RaftLogWorker.java:execute(469)) - 374189d0-76c5-49d2-81b4-45a4af1368a2-RaftLogWorker: created new log segment /opt/src/hadoop-ozone/integration-test/target/test-dir/MiniOzoneClusterImpl-1994f8b8-dd4d-445c-bf25-0c6d40f9b14d/datanode-0/data/ratis/99d0acb8-99ce-4814-8259-30b6692cd68c/current/log_inprogress_5302
2019-06-14 08:43:10,461 INFO  client.GrpcClientProtocolClient (GrpcClientProtocolClient.java:onNext(254)) - client-2EC808601240->374189d0-76c5-49d2-81b4-45a4af1368a2: receive RaftClientReply:client-2EC808601240->374189d0-76c5-49d2-81b4-45a4af1368a2@group-30B6692CD68C, cid=3184, SUCCESS, logIndex=5302, commits[374189d0-76c5-49d2-81b4-45a4af1368a2:c5302]
2019-06-14 08:43:10,516 INFO  client.GrpcClientProtocolClient (GrpcClientProtocolClient.java:onNext(254)) - client-2EC808601240->374189d0-76c5-49d2-81b4-45a4af1368a2: receive RaftClientReply:client-2EC808601240->374189d0-76c5-49d2-81b4-45a4af1368a2@group-30B6692CD68C, cid=3185, SUCCESS, logIndex=5304, commits[374189d0-76c5-49d2-81b4-45a4af1368a2:c5304]
2019-06-14 08:43:10,522 INFO  client.GrpcClientProtocolClient (GrpcClientProtocolClient.java:onNext(254)) - client-2EC808601240->374189d0-76c5-49d2-81b4-45a4af1368a2: receive RaftClientReply:client-2EC808601240->374189d0-76c5-49d2-81b4-45a4af1368a2@group-30B6692CD68C, cid=3186, SUCCESS, logIndex=5306, commits[374189d0-76c5-49d2-81b4-45a4af1368a2:c5306]
2019-06-14 08:43:10,522 INFO  client.GrpcClientProtocolClient (GrpcClientProtocolClient.java:onNext(254)) - client-2EC808601240->374189d0-76c5-49d2-81b4-45a4af1368a2: receive RaftClientReply:client-2EC808601240->374189d0-76c5-49d2-81b4-45a4af1368a2@group-30B6692CD68C, cid=3187, SUCCESS, logIndex=5307, commits[374189d0-76c5-49d2-81b4-45a4af1368a2:c5309]
2019-06-14 08:43:10,523 INFO  client.GrpcClientProtocolClient (GrpcClientProtocolClient.java:onNext(254)) - client-2EC808601240->374189d0-76c5-49d2-81b4-45a4af1368a2: receive RaftClientReply:client-2EC808601240->374189d0-76c5-49d2-81b4-45a4af1368a2@group-30B6692CD68C, cid=3188, SUCCESS, logIndex=5309, commits[374189d0-76c5-49d2-81b4-45a4af1368a2:c5309]
2019-06-14 08:43:10,529 INFO  client.GrpcClientProtocolClient (GrpcClientProtocolClient.java:onNext(254)) - client-2EC808601240->374189d0-76c5-49d2-81b4-45a4af1368a2: receive RaftClientReply:client-2EC808601240->374189d0-76c5-49d2-81b4-45a4af1368a2@group-30B6692CD68C, cid=3189, SUCCESS, logIndex=5311, commits[374189d0-76c5-49d2-81b4-45a4af1368a2:c5311]
2019-06-14 08:43:10,531 INFO  client.GrpcClientProtocolClient (GrpcClientProtocolClient.java:onNext(254)) - client-2EC808601240->374189d0-76c5-49d2-81b4-45a4af1368a2: receive RaftClientReply:client-2EC808601240->374189d0-76c5-49d2-81b4-45a4af1368a2@group-30B6692CD68C, cid=3190, SUCCESS, logIndex=5313, commits[374189d0-76c5-49d2-81b4-45a4af1368a2:c5313]
2019-06-14 08:43:10,533 INFO  client.GrpcClientProtocolClient (GrpcClientProtocolClient.java:onNext(254)) - client-2EC808601240->374189d0-76c5-49d2-81b4-45a4af1368a2: receive RaftClientReply:client-2EC808601240->374189d0-76c5-49d2-81b4-45a4af1368a2@group-30B6692CD68C, cid=3191, SUCCESS, logIndex=5315, commits[374189d0-76c5-49d2-81b4-45a4af1368a2:c5315]
2019-06-14 08:43:10,533 INFO  client.GrpcClientProtocolClient (GrpcClientProtocolClient.java:onNext(254)) - client-2EC808601240->374189d0-76c5-49d2-81b4-45a4af1368a2: receive RaftClientReply:client-2EC808601240->374189d0-76c5-49d2-81b4-45a4af1368a2@group-30B6692CD68C, cid=3192, SUCCESS, logIndex=5316, commits[374189d0-76c5-49d2-81b4-45a4af1368a2:c5316]
2019-06-14 08:43:10,539 DEBUG block.SCMBlockDeletingService (SCMBlockDeletingService.java:call(138)) - Running DeletedBlockTransactionScanner
2019-06-14 08:43:10,539 DEBUG block.SCMBlockDeletingService (SCMBlockDeletingService.java:call(155)) - Scanned deleted blocks log and got 0 delTX to process.
2019-06-14 08:43:10,543 INFO  client.GrpcClientProtocolClient (GrpcClientProtocolClient.java:onNext(254)) - client-2EC808601240->374189d0-76c5-49d2-81b4-45a4af1368a2: receive RaftClientReply:client-2EC808601240->374189d0-76c5-49d2-81b4-45a4af1368a2@group-30B6692CD68C, cid=3193, SUCCESS, logIndex=5319, commits[374189d0-76c5-49d2-81b4-45a4af1368a2:c5319]
2019-06-14 08:43:10,544 INFO  client.GrpcClientProtocolClient (GrpcClientProtocolClient.java:onNext(254)) - client-2EC808601240->374189d0-76c5-49d2-81b4-45a4af1368a2: receive RaftClientReply:client-2EC808601240->374189d0-76c5-49d2-81b4-45a4af1368a2@group-30B6692CD68C, cid=3194, SUCCESS, logIndex=5321, commits[374189d0-76c5-49d2-81b4-45a4af1368a2:c5321]
2019-06-14 08:43:10,545 INFO  client.GrpcClientProtocolClient (GrpcClientProtocolClient.java:onNext(254)) - client-2EC808601240->374189d0-76c5-49d2-81b4-45a4af1368a2: receive RaftClientReply:client-2EC808601240->374189d0-76c5-49d2-81b4-45a4af1368a2@group-30B6692CD68C, cid=3195, SUCCESS, logIndex=5322, commits[374189d0-76c5-49d2-81b4-45a4af1368a2:c5324]
2019-06-14 08:43:10,545 INFO  client.GrpcClientProtocolClient (GrpcClientProtocolClient.java:onNext(254)) - client-2EC808601240->374189d0-76c5-49d2-81b4-45a4af1368a2: receive RaftClientReply:client-2EC808601240->374189d0-76c5-49d2-81b4-45a4af1368a2@group-30B6692CD68C, cid=3196, SUCCESS, logIndex=5323, commits[374189d0-76c5-49d2-81b4-45a4af1368a2:c5324]
2019-06-14 08:43:10,551 INFO  client.GrpcClientProtocolClient (GrpcClientProtocolClient.java:onNext(254)) - client-2EC808601240->374189d0-76c5-49d2-81b4-45a4af1368a2: receive RaftClientReply:client-2EC808601240->374189d0-76c5-49d2-81b4-45a4af1368a2@group-30B6692CD68C, cid=3197, SUCCESS, logIndex=5325, commits[374189d0-76c5-49d2-81b4-45a4af1368a2:c5325]
2019-06-14 08:43:10,552 INFO  client.GrpcClientProtocolClient (GrpcClientProtocolClient.java:onNext(254)) - client-2EC808601240->374189d0-76c5-49d2-81b4-45a4af1368a2: receive RaftClientReply:client-2EC808601240->374189d0-76c5-49d2-81b4-45a4af1368a2@group-30B6692CD68C, cid=3198, SUCCESS, logIndex=5327, commits[374189d0-76c5-49d2-81b4-45a4af1368a2:c5327]
2019-06-14 08:43:10,554 INFO  client.GrpcClientProtocolClient (GrpcClientProtocolClient.java:onNext(254)) - client-2EC808601240->374189d0-76c5-49d2-81b4-45a4af1368a2: receive RaftClientReply:client-2EC808601240->374189d0-76c5-49d2-81b4-45a4af1368a2@group-30B6692CD68C, cid=3199, SUCCESS, logIndex=5328, commits[374189d0-76c5-49d2-81b4-45a4af1368a2:c5330]
2019-06-14 08:43:10,554 INFO  client.GrpcClientProtocolClient (GrpcClientProtocolClient.java:onNext(254)) - client-2EC808601240->374189d0-76c5-49d2-81b4-45a4af1368a2: receive RaftClientReply:client-2EC808601240->374189d0-76c5-49d2-81b4-45a4af1368a2@group-30B6692CD68C, cid=3200, SUCCESS, logIndex=5329, commits[374189d0-76c5-49d2-81b4-45a4af1368a2:c5330]
2019-06-14 08:43:10,563 INFO  client.GrpcClientProtocolClient (GrpcClientProtocolClient.java:onNext(254)) - client-2EC808601240->374189d0-76c5-49d2-81b4-45a4af1368a2: receive RaftClientReply:client-2EC808601240->374189d0-76c5-49d2-81b4-45a4af1368a2@group-30B6692CD68C, cid=3201, SUCCESS, logIndex=5331, commits[374189d0-76c5-49d2-81b4-45a4af1368a2:c5331]
2019-06-14 08:43:10,564 INFO  client.GrpcClientProtocolClient (GrpcClientProtocolClient.java:onNext(254)) - client-2EC808601240->374189d0-76c5-49d2-81b4-45a4af1368a2: receive RaftClientReply:client-2EC808601240->374189d0-76c5-49d2-81b4-45a4af1368a2@group-30B6692CD68C, cid=3202, SUCCESS, logIndex=5333, commits[374189d0-76c5-49d2-81b4-45a4af1368a2:c5333]
2019-06-14 08:43:10,565 INFO  client.GrpcClientProtocolClient (GrpcClientProtocolClient.java:onNext(254)) - client-2EC808601240->374189d0-76c5-49d2-81b4-45a4af1368a2: receive RaftClientReply:client-2EC808601240->374189d0-76c5-49d2-81b4-45a4af1368a2@group-30B6692CD68C, cid=3203, SUCCESS, logIndex=5334, commits[374189d0-76c5-49d2-81b4-45a4af1368a2:c5336]
2019-06-14 08:43:10,565 INFO  client.GrpcClientProtocolClient (GrpcClientProtocolClient.java:onNext(254)) - client-2EC808601240->374189d0-76c5-49d2-81b4-45a4af1368a2: receive RaftClientReply:client-2EC808601240->374189d0-76c5-49d2-81b4-45a4af1368a2@group-30B6692CD68C, cid=3204, SUCCESS, logIndex=5335, commits[374189d0-76c5-49d2-81b4-45a4af1368a2:c5336]
2019-06-14 08:43:10,570 INFO  client.GrpcClientProtocolClient (GrpcClientProtocolClient.java:onNext(254)) - client-2EC808601240->374189d0-76c5-49d2-81b4-45a4af1368a2: receive RaftClientReply:client-2EC808601240->374189d0-76c5-49d2-81b4-45a4af1368a2@group-30B6692CD68C, cid=3205, SUCCESS, logIndex=5337, commits[374189d0-76c5-49d2-81b4-45a4af1368a2:c5337]
2019-06-14 08:43:10,571 INFO  client.GrpcClientProtocolClient (GrpcClientProtocolClient.java:onNext(254)) - client-2EC808601240->374189d0-76c5-49d2-81b4-45a4af1368a2: receive RaftClientReply:client-2EC808601240->374189d0-76c5-49d2-81b4-45a4af1368a2@group-30B6692CD68C, cid=3206, SUCCESS, logIndex=5339, commits[374189d0-76c5-49d2-81b4-45a4af1368a2:c5339]
2019-06-14 08:43:10,572 INFO  client.GrpcClientProtocolClient (GrpcClientProtocolClient.java:onNext(254)) - client-2EC808601240->374189d0-76c5-49d2-81b4-45a4af1368a2: receive RaftClientReply:client-2EC808601240->374189d0-76c5-49d2-81b4-45a4af1368a2@group-30B6692CD68C, cid=3207, SUCCESS, logIndex=5340, commits[374189d0-76c5-49d2-81b4-45a4af1368a2:c5342]
2019-06-14 08:43:10,572 INFO  client.GrpcClientProtocolClient (GrpcClientProtocolClient.java:onNext(254)) - client-2EC808601240->374189d0-76c5-49d2-81b4-45a4af1368a2: receive RaftClientReply:client-2EC808601240->374189d0-76c5-49d2-81b4-45a4af1368a2@group-30B6692CD68C, cid=3208, SUCCESS, logIndex=5341, commits[374189d0-76c5-49d2-81b4-45a4af1368a2:c5342]
2019-06-14 08:43:10,582 INFO  client.GrpcClientProtocolClient (GrpcClientProtocolClient.java:onNext(254)) - client-2EC808601240->374189d0-76c5-49d2-81b4-45a4af1368a2: receive RaftClientReply:client-2EC808601240->374189d0-76c5-49d2-81b4-45a4af1368a2@group-30B6692CD68C, cid=3209, SUCCESS, logIndex=5343, commits[374189d0-76c5-49d2-81b4-45a4af1368a2:c5343]
2019-06-14 08:43:10,583 INFO  client.GrpcClientProtocolClient (GrpcClientProtocolClient.java:onNext(254)) - client-2EC808601240->374189d0-76c5-49d2-81b4-45a4af1368a2: receive RaftClientReply:client-2EC808601240->374189d0-76c5-49d2-81b4-45a4af1368a2@group-30B6692CD68C, cid=3210, SUCCESS, logIndex=5345, commits[374189d0-76c5-49d2-81b4-45a4af1368a2:c5345]
2019-06-14 08:43:10,584 INFO  client.GrpcClientProtocolClient (GrpcClientProtocolClient.java:onNext(254)) - client-2EC808601240->374189d0-76c5-49d2-81b4-45a4af1368a2: receive RaftClientReply:client-2EC808601240->374189d0-76c5-49d2-81b4-45a4af1368a2@group-30B6692CD68C, cid=3211, SUCCESS, logIndex=5346, commits[374189d0-76c5-49d2-81b4-45a4af1368a2:c5348]
2019-06-14 08:43:10,584 INFO  client.GrpcClientProtocolClient (GrpcClientProtocolClient.java:onNext(254)) - client-2EC808601240->374189d0-76c5-49d2-81b4-45a4af1368a2: receive RaftClientReply:client-2EC808601240->374189d0-76c5-49d2-81b4-45a4af1368a2@group-30B6692CD68C, cid=3212, SUCCESS, logIndex=5347, commits[374189d0-76c5-49d2-81b4-45a4af1368a2:c5348]
2019-06-14 08:43:10,589 INFO  client.GrpcClientProtocolClient (GrpcClientProtocolClient.java:onNext(254)) - client-2EC808601240->374189d0-76c5-49d2-81b4-45a4af1368a2: receive RaftClientReply:client-2EC808601240->374189d0-76c5-49d2-81b4-45a4af1368a2@group-30B6692CD68C, cid=3213, SUCCESS, logIndex=5349, commits[374189d0-76c5-49d2-81b4-45a4af1368a2:c5349]
2019-06-14 08:43:10,590 INFO  client.GrpcClientProtocolClient (GrpcClientProtocolClient.java:onNext(254)) - client-2EC808601240->374189d0-76c5-49d2-81b4-45a4af1368a2: receive RaftClientReply:client-2EC808601240->374189d0-76c5-49d2-81b4-45a4af1368a2@group-30B6692CD68C, cid=3214, SUCCESS, logIndex=5351, commits[374189d0-76c5-49d2-81b4-45a4af1368a2:c5351]
2019-06-14 08:43:10,592 INFO  client.GrpcClientProtocolClient (GrpcClientProtocolClient.java:onNext(254)) - client-2EC808601240->374189d0-76c5-49d2-81b4-45a4af1368a2: receive RaftClientReply:client-2EC808601240->374189d0-76c5-49d2-81b4-45a4af1368a2@group-30B6692CD68C, cid=3215, SUCCESS, logIndex=5352, commits[374189d0-76c5-49d2-81b4-45a4af1368a2:c5354]
2019-06-14 08:43:10,592 INFO  client.GrpcClientProtocolClient (GrpcClientProtocolClient.java:onNext(254)) - client-2EC808601240->374189d0-76c5-49d2-81b4-45a4af1368a2: receive RaftClientReply:client-2EC808601240->374189d0-76c5-49d2-81b4-45a4af1368a2@group-30B6692CD68C, cid=3216, SUCCESS, logIndex=5353, commits[374189d0-76c5-49d2-81b4-45a4af1368a2:c5354]
2019-06-14 08:43:10,601 INFO  client.GrpcClientProtocolClient (GrpcClientProtocolClient.java:onNext(254)) - client-2EC808601240->374189d0-76c5-49d2-81b4-45a4af1368a2: receive RaftClientReply:client-2EC808601240->374189d0-76c5-49d2-81b4-45a4af1368a2@group-30B6692CD68C, cid=3217, SUCCESS, logIndex=5355, commits[374189d0-76c5-49d2-81b4-45a4af1368a2:c5355]
2019-06-14 08:43:10,602 INFO  client.GrpcClientProtocolClient (GrpcClientProtocolClient.java:onNext(254)) - client-2EC808601240->374189d0-76c5-49d2-81b4-45a4af1368a2: receive RaftClientReply:client-2EC808601240->374189d0-76c5-49d2-81b4-45a4af1368a2@group-30B6692CD68C, cid=3218, SUCCESS, logIndex=5357, commits[374189d0-76c5-49d2-81b4-45a4af1368a2:c5357]
2019-06-14 08:43:10,603 INFO  client.GrpcClientProtocolClient (GrpcClientProtocolClient.java:onNext(254)) - client-2EC808601240->374189d0-76c5-49d2-81b4-45a4af1368a2: receive RaftClientReply:client-2EC808601240->374189d0-76c5-49d2-81b4-45a4af1368a2@group-30B6692CD68C, cid=3219, SUCCESS, logIndex=5358, commits[374189d0-76c5-49d2-81b4-45a4af1368a2:c5360]
2019-06-14 08:43:10,603 INFO  client.GrpcClientProtocolClient (GrpcClientProtocolClient.java:onNext(254)) - client-2EC808601240->374189d0-76c5-49d2-81b4-45a4af1368a2: receive RaftClientReply:client-2EC808601240->374189d0-76c5-49d2-81b4-45a4af1368a2@group-30B6692CD68C, cid=3220, SUCCESS, logIndex=5359, commits[374189d0-76c5-49d2-81b4-45a4af1368a2:c5360]
2019-06-14 08:43:10,608 INFO  client.GrpcClientProtocolClient (GrpcClientProtocolClient.java:onNext(254)) - client-2EC808601240->374189d0-76c5-49d2-81b4-45a4af1368a2: receive RaftClientReply:client-2EC808601240->374189d0-76c5-49d2-81b4-45a4af1368a2@group-30B6692CD68C, cid=3221, SUCCESS, logIndex=5361, commits[374189d0-76c5-49d2-81b4-45a4af1368a2:c5361]
2019-06-14 08:43:10,609 INFO  client.GrpcClientProtocolClient (GrpcClientProtocolClient.java:onNext(254)) - client-2EC808601240->374189d0-76c5-49d2-81b4-45a4af1368a2: receive RaftClientReply:client-2EC808601240->374189d0-76c5-49d2-81b4-45a4af1368a2@group-30B6692CD68C, cid=3222, SUCCESS, logIndex=5363, commits[374189d0-76c5-49d2-81b4-45a4af1368a2:c5363]
2019-06-14 08:43:10,610 INFO  client.GrpcClientProtocolClient (GrpcClientProtocolClient.java:onNext(254)) - client-2EC808601240->374189d0-76c5-49d2-81b4-45a4af1368a2: receive RaftClientReply:client-2EC808601240->374189d0-76c5-49d2-81b4-45a4af1368a2@group-30B6692CD68C, cid=3223, SUCCESS, logIndex=5364, commits[374189d0-76c5-49d2-81b4-45a4af1368a2:c5366]
2019-06-14 08:43:10,610 INFO  client.GrpcClientProtocolClient (GrpcClientProtocolClient.java:onNext(254)) - client-2EC808601240->374189d0-76c5-49d2-81b4-45a4af1368a2: receive RaftClientReply:client-2EC808601240->374189d0-76c5-49d2-81b4-45a4af1368a2@group-30B6692CD68C, cid=3224, SUCCESS, logIndex=5365, commits[374189d0-76c5-49d2-81b4-45a4af1368a2:c5366]
2019-06-14 08:43:10,621 INFO  client.GrpcClientProtocolClient (GrpcClientProtocolClient.java:onNext(254)) - client-2EC808601240->374189d0-76c5-49d2-81b4-45a4af1368a2: receive RaftClientReply:client-2EC808601240->374189d0-76c5-49d2-81b4-45a4af1368a2@group-30B6692CD68C, cid=3225, SUCCESS, logIndex=5367, commits[374189d0-76c5-49d2-81b4-45a4af1368a2:c5367]
2019-06-14 08:43:10,622 INFO  client.GrpcClientProtocolClient (GrpcClientProtocolClient.java:onNext(254)) - client-2EC808601240->374189d0-76c5-49d2-81b4-45a4af1368a2: receive RaftClientReply:client-2EC808601240->374189d0-76c5-49d2-81b4-45a4af1368a2@group-30B6692CD68C, cid=3226, SUCCESS, logIndex=5369, commits[374189d0-76c5-49d2-81b4-45a4af1368a2:c5369]
2019-06-14 08:43:10,640 DEBUG block.SCMBlockDeletingService (SCMBlockDeletingService.java:call(138)) - Running DeletedBlockTransactionScanner
2019-06-14 08:43:10,640 DEBUG block.SCMBlockDeletingService (SCMBlockDeletingService.java:call(155)) - Scanned deleted blocks log and got 0 delTX to process.
2019-06-14 08:43:10,687 INFO  storage.RaftLogWorker (RaftLogWorker.java:rollLogSegment(303)) - 374189d0-76c5-49d2-81b4-45a4af1368a2-RaftLogWorker: Rolling segment log-5302_5370 to index:5370
2019-06-14 08:43:10,687 INFO  storage.RaftLogWorker (RaftLogWorker.java:execute(433)) - 374189d0-76c5-49d2-81b4-45a4af1368a2-RaftLogWorker: Rolled log segment from /opt/src/hadoop-ozone/integration-test/target/test-dir/MiniOzoneClusterImpl-1994f8b8-dd4d-445c-bf25-0c6d40f9b14d/datanode-0/data/ratis/99d0acb8-99ce-4814-8259-30b6692cd68c/current/log_inprogress_5302 to /opt/src/hadoop-ozone/integration-test/target/test-dir/MiniOzoneClusterImpl-1994f8b8-dd4d-445c-bf25-0c6d40f9b14d/datanode-0/data/ratis/99d0acb8-99ce-4814-8259-30b6692cd68c/current/log_5302-5370
2019-06-14 08:43:10,723 INFO  storage.RaftLogWorker (RaftLogWorker.java:execute(469)) - 374189d0-76c5-49d2-81b4-45a4af1368a2-RaftLogWorker: created new log segment /opt/src/hadoop-ozone/integration-test/target/test-dir/MiniOzoneClusterImpl-1994f8b8-dd4d-445c-bf25-0c6d40f9b14d/datanode-0/data/ratis/99d0acb8-99ce-4814-8259-30b6692cd68c/current/log_inprogress_5371
2019-06-14 08:43:10,724 INFO  client.GrpcClientProtocolClient (GrpcClientProtocolClient.java:onNext(254)) - client-2EC808601240->374189d0-76c5-49d2-81b4-45a4af1368a2: receive RaftClientReply:client-2EC808601240->374189d0-76c5-49d2-81b4-45a4af1368a2@group-30B6692CD68C, cid=3227, SUCCESS, logIndex=5371, commits[374189d0-76c5-49d2-81b4-45a4af1368a2:c5371]
2019-06-14 08:43:10,725 INFO  client.GrpcClientProtocolClient (GrpcClientProtocolClient.java:onNext(254)) - client-2EC808601240->374189d0-76c5-49d2-81b4-45a4af1368a2: receive RaftClientReply:client-2EC808601240->374189d0-76c5-49d2-81b4-45a4af1368a2@group-30B6692CD68C, cid=3228, SUCCESS, logIndex=5373, commits[374189d0-76c5-49d2-81b4-45a4af1368a2:c5373]
2019-06-14 08:43:10,730 INFO  client.GrpcClientProtocolClient (GrpcClientProtocolClient.java:onNext(254)) - client-2EC808601240->374189d0-76c5-49d2-81b4-45a4af1368a2: receive RaftClientReply:client-2EC808601240->374189d0-76c5-49d2-81b4-45a4af1368a2@group-30B6692CD68C, cid=3229, SUCCESS, logIndex=5375, commits[374189d0-76c5-49d2-81b4-45a4af1368a2:c5375]
2019-06-14 08:43:10,732 INFO  client.GrpcClientProtocolClient (GrpcClientProtocolClient.java:onNext(254)) - client-2EC808601240->374189d0-76c5-49d2-81b4-45a4af1368a2: receive RaftClientReply:client-2EC808601240->374189d0-76c5-49d2-81b4-45a4af1368a2@group-30B6692CD68C, cid=3230, SUCCESS, logIndex=5377, commits[374189d0-76c5-49d2-81b4-45a4af1368a2:c5377]
2019-06-14 08:43:10,732 INFO  client.GrpcClientProtocolClient (GrpcClientProtocolClient.java:onNext(254)) - client-2EC808601240->374189d0-76c5-49d2-81b4-45a4af1368a2: receive RaftClientReply:client-2EC808601240->374189d0-76c5-49d2-81b4-45a4af1368a2@group-30B6692CD68C, cid=3231, SUCCESS, logIndex=5378, commits[374189d0-76c5-49d2-81b4-45a4af1368a2:c5380]
2019-06-14 08:43:10,733 INFO  client.GrpcClientProtocolClient (GrpcClientProtocolClient.java:onNext(254)) - client-2EC808601240->374189d0-76c5-49d2-81b4-45a4af1368a2: receive RaftClientReply:client-2EC808601240->374189d0-76c5-49d2-81b4-45a4af1368a2@group-30B6692CD68C, cid=3232, SUCCESS, logIndex=5379, commits[374189d0-76c5-49d2-81b4-45a4af1368a2:c5380]
2019-06-14 08:43:10,740 DEBUG block.SCMBlockDeletingService (SCMBlockDeletingService.java:call(138)) - Running DeletedBlockTransactionScanner
2019-06-14 08:43:10,740 DEBUG block.SCMBlockDeletingService (SCMBlockDeletingService.java:call(155)) - Scanned deleted blocks log and got 0 delTX to process.
2019-06-14 08:43:10,743 INFO  client.GrpcClientProtocolClient (GrpcClientProtocolClient.java:onNext(254)) - client-2EC808601240->374189d0-76c5-49d2-81b4-45a4af1368a2: receive RaftClientReply:client-2EC808601240->374189d0-76c5-49d2-81b4-45a4af1368a2@group-30B6692CD68C, cid=3233, SUCCESS, logIndex=5381, commits[374189d0-76c5-49d2-81b4-45a4af1368a2:c5381]
2019-06-14 08:43:10,745 INFO  client.GrpcClientProtocolClient (GrpcClientProtocolClient.java:onNext(254)) - client-2EC808601240->374189d0-76c5-49d2-81b4-45a4af1368a2: receive RaftClientReply:client-2EC808601240->374189d0-76c5-49d2-81b4-45a4af1368a2@group-30B6692CD68C, cid=3234, SUCCESS, logIndex=5383, commits[374189d0-76c5-49d2-81b4-45a4af1368a2:c5383]
2019-06-14 08:43:10,745 INFO  client.GrpcClientProtocolClient (GrpcClientProtocolClient.java:onNext(254)) - client-2EC808601240->374189d0-76c5-49d2-81b4-45a4af1368a2: receive RaftClientReply:client-2EC808601240->374189d0-76c5-49d2-81b4-45a4af1368a2@group-30B6692CD68C, cid=3235, SUCCESS, logIndex=5384, commits[374189d0-76c5-49d2-81b4-45a4af1368a2:c5386]
2019-06-14 08:43:10,745 INFO  client.GrpcClientProtocolClient (GrpcClientProtocolClient.java:onNext(254)) - client-2EC808601240->374189d0-76c5-49d2-81b4-45a4af1368a2: receive RaftClientReply:client-2EC808601240->374189d0-76c5-49d2-81b4-45a4af1368a2@group-30B6692CD68C, cid=3236, SUCCESS, logIndex=5385, commits[374189d0-76c5-49d2-81b4-45a4af1368a2:c5386]
2019-06-14 08:43:10,752 INFO  client.GrpcClientProtocolClient (GrpcClientProtocolClient.java:onNext(254)) - client-2EC808601240->374189d0-76c5-49d2-81b4-45a4af1368a2: receive RaftClientReply:client-2EC808601240->374189d0-76c5-49d2-81b4-45a4af1368a2@group-30B6692CD68C, cid=3237, SUCCESS, logIndex=5387, commits[374189d0-76c5-49d2-81b4-45a4af1368a2:c5387]
2019-06-14 08:43:10,753 INFO  client.GrpcClientProtocolClient (GrpcClientProtocolClient.java:onNext(254)) - client-2EC808601240->374189d0-76c5-49d2-81b4-45a4af1368a2: receive RaftClientReply:client-2EC808601240->374189d0-76c5-49d2-81b4-45a4af1368a2@group-30B6692CD68C, cid=3238, SUCCESS, logIndex=5389, commits[374189d0-76c5-49d2-81b4-45a4af1368a2:c5389]
2019-06-14 08:43:10,754 INFO  client.GrpcClientProtocolClient (GrpcClientProtocolClient.java:onNext(254)) - client-2EC808601240->374189d0-76c5-49d2-81b4-45a4af1368a2: receive RaftClientReply:client-2EC808601240->374189d0-76c5-49d2-81b4-45a4af1368a2@group-30B6692CD68C, cid=3239, SUCCESS, logIndex=5390, commits[374189d0-76c5-49d2-81b4-45a4af1368a2:c5392]
2019-06-14 08:43:10,755 INFO  client.GrpcClientProtocolClient (GrpcClientProtocolClient.java:onNext(254)) - client-2EC808601240->374189d0-76c5-49d2-81b4-45a4af1368a2: receive RaftClientReply:client-2EC808601240->374189d0-76c5-49d2-81b4-45a4af1368a2@group-30B6692CD68C, cid=3240, SUCCESS, logIndex=5391, commits[374189d0-76c5-49d2-81b4-45a4af1368a2:c5392]
2019-06-14 08:43:10,766 INFO  client.GrpcClientProtocolClient (GrpcClientProtocolClient.java:onNext(254)) - client-2EC808601240->374189d0-76c5-49d2-81b4-45a4af1368a2: receive RaftClientReply:client-2EC808601240->374189d0-76c5-49d2-81b4-45a4af1368a2@group-30B6692CD68C, cid=3241, SUCCESS, logIndex=5393, commits[374189d0-76c5-49d2-81b4-45a4af1368a2:c5393]
2019-06-14 08:43:10,767 INFO  client.GrpcClientProtocolClient (GrpcClientProtocolClient.java:onNext(254)) - client-2EC808601240->374189d0-76c5-49d2-81b4-45a4af1368a2: receive RaftClientReply:client-2EC808601240->374189d0-76c5-49d2-81b4-45a4af1368a2@group-30B6692CD68C, cid=3242, SUCCESS, logIndex=5395, commits[374189d0-76c5-49d2-81b4-45a4af1368a2:c5395]
2019-06-14 08:43:10,768 INFO  client.GrpcClientProtocolClient (GrpcClientProtocolClient.java:onNext(254)) - client-2EC808601240->374189d0-76c5-49d2-81b4-45a4af1368a2: receive RaftClientReply:client-2EC808601240->374189d0-76c5-49d2-81b4-45a4af1368a2@group-30B6692CD68C, cid=3243, SUCCESS, logIndex=5396, commits[374189d0-76c5-49d2-81b4-45a4af1368a2:c5398]
2019-06-14 08:43:10,768 INFO  client.GrpcClientProtocolClient (GrpcClientProtocolClient.java:onNext(254)) - client-2EC808601240->374189d0-76c5-49d2-81b4-45a4af1368a2: receive RaftClientReply:client-2EC808601240->374189d0-76c5-49d2-81b4-45a4af1368a2@group-30B6692CD68C, cid=3244, SUCCESS, logIndex=5397, commits[374189d0-76c5-49d2-81b4-45a4af1368a2:c5398]
2019-06-14 08:43:10,773 INFO  client.GrpcClientProtocolClient (GrpcClientProtocolClient.java:onNext(254)) - client-2EC808601240->374189d0-76c5-49d2-81b4-45a4af1368a2: receive RaftClientReply:client-2EC808601240->374189d0-76c5-49d2-81b4-45a4af1368a2@group-30B6692CD68C, cid=3245, SUCCESS, logIndex=5399, commits[374189d0-76c5-49d2-81b4-45a4af1368a2:c5399]
2019-06-14 08:43:10,774 INFO  client.GrpcClientProtocolClient (GrpcClientProtocolClient.java:onNext(254)) - client-2EC808601240->374189d0-76c5-49d2-81b4-45a4af1368a2: receive RaftClientReply:client-2EC808601240->374189d0-76c5-49d2-81b4-45a4af1368a2@group-30B6692CD68C, cid=3246, SUCCESS, logIndex=5401, commits[374189d0-76c5-49d2-81b4-45a4af1368a2:c5401]
2019-06-14 08:43:10,776 INFO  client.GrpcClientProtocolClient (GrpcClientProtocolClient.java:onNext(254)) - client-2EC808601240->374189d0-76c5-49d2-81b4-45a4af1368a2: receive RaftClientReply:client-2EC808601240->374189d0-76c5-49d2-81b4-45a4af1368a2@group-30B6692CD68C, cid=3247, SUCCESS, logIndex=5402, commits[374189d0-76c5-49d2-81b4-45a4af1368a2:c5404]
2019-06-14 08:43:10,777 INFO  client.GrpcClientProtocolClient (GrpcClientProtocolClient.java:onNext(254)) - client-2EC808601240->374189d0-76c5-49d2-81b4-45a4af1368a2: receive RaftClientReply:client-2EC808601240->374189d0-76c5-49d2-81b4-45a4af1368a2@group-30B6692CD68C, cid=3248, SUCCESS, logIndex=5403, commits[374189d0-76c5-49d2-81b4-45a4af1368a2:c5404]
2019-06-14 08:43:10,786 INFO  client.GrpcClientProtocolClient (GrpcClientProtocolClient.java:onNext(254)) - client-2EC808601240->374189d0-76c5-49d2-81b4-45a4af1368a2: receive RaftClientReply:client-2EC808601240->374189d0-76c5-49d2-81b4-45a4af1368a2@group-30B6692CD68C, cid=3249, SUCCESS, logIndex=5405, commits[374189d0-76c5-49d2-81b4-45a4af1368a2:c5405]
2019-06-14 08:43:10,788 INFO  client.GrpcClientProtocolClient (GrpcClientProtocolClient.java:onNext(254)) - client-2EC808601240->374189d0-76c5-49d2-81b4-45a4af1368a2: receive RaftClientReply:client-2EC808601240->374189d0-76c5-49d2-81b4-45a4af1368a2@group-30B6692CD68C, cid=3250, SUCCESS, logIndex=5407, commits[374189d0-76c5-49d2-81b4-45a4af1368a2:c5407]
2019-06-14 08:43:10,788 INFO  client.GrpcClientProtocolClient (GrpcClientProtocolClient.java:onNext(254)) - client-2EC808601240->374189d0-76c5-49d2-81b4-45a4af1368a2: receive RaftClientReply:client-2EC808601240->374189d0-76c5-49d2-81b4-45a4af1368a2@group-30B6692CD68C, cid=3251, SUCCESS, logIndex=5408, commits[374189d0-76c5-49d2-81b4-45a4af1368a2:c5408]
2019-06-14 08:43:10,789 INFO  client.GrpcClientProtocolClient (GrpcClientProtocolClient.java:onNext(254)) - client-2EC808601240->374189d0-76c5-49d2-81b4-45a4af1368a2: receive RaftClientReply:client-2EC808601240->374189d0-76c5-49d2-81b4-45a4af1368a2@group-30B6692CD68C, cid=3252, SUCCESS, logIndex=5410, commits[374189d0-76c5-49d2-81b4-45a4af1368a2:c5410]
2019-06-14 08:43:10,793 INFO  client.GrpcClientProtocolClient (GrpcClientProtocolClient.java:onNext(254)) - client-2EC808601240->374189d0-76c5-49d2-81b4-45a4af1368a2: receive RaftClientReply:client-2EC808601240->374189d0-76c5-49d2-81b4-45a4af1368a2@group-30B6692CD68C, cid=3253, SUCCESS, logIndex=5413, commits[374189d0-76c5-49d2-81b4-45a4af1368a2:c5413]
2019-06-14 08:43:10,794 INFO  client.GrpcClientProtocolClient (GrpcClientProtocolClient.java:onNext(254)) - client-2EC808601240->374189d0-76c5-49d2-81b4-45a4af1368a2: receive RaftClientReply:client-2EC808601240->374189d0-76c5-49d2-81b4-45a4af1368a2@group-30B6692CD68C, cid=3254, SUCCESS, logIndex=5415, commits[374189d0-76c5-49d2-81b4-45a4af1368a2:c5415]
2019-06-14 08:43:10,796 INFO  client.GrpcClientProtocolClient (GrpcClientProtocolClient.java:onNext(254)) - client-2EC808601240->374189d0-76c5-49d2-81b4-45a4af1368a2: receive RaftClientReply:client-2EC808601240->374189d0-76c5-49d2-81b4-45a4af1368a2@group-30B6692CD68C, cid=3255, SUCCESS, logIndex=5416, commits[374189d0-76c5-49d2-81b4-45a4af1368a2:c5418]
2019-06-14 08:43:10,796 INFO  client.GrpcClientProtocolClient (GrpcClientProtocolClient.java:onNext(254)) - client-2EC808601240->374189d0-76c5-49d2-81b4-45a4af1368a2: receive RaftClientReply:client-2EC808601240->374189d0-76c5-49d2-81b4-45a4af1368a2@group-30B6692CD68C, cid=3256, SUCCESS, logIndex=5417, commits[374189d0-76c5-49d2-81b4-45a4af1368a2:c5418]
2019-06-14 08:43:10,805 INFO  client.GrpcClientProtocolClient (GrpcClientProtocolClient.java:onNext(254)) - client-2EC808601240->374189d0-76c5-49d2-81b4-45a4af1368a2: receive RaftClientReply:client-2EC808601240->374189d0-76c5-49d2-81b4-45a4af1368a2@group-30B6692CD68C, cid=3257, SUCCESS, logIndex=5419, commits[374189d0-76c5-49d2-81b4-45a4af1368a2:c5419]
2019-06-14 08:43:10,806 INFO  client.GrpcClientProtocolClient (GrpcClientProtocolClient.java:onNext(254)) - client-2EC808601240->374189d0-76c5-49d2-81b4-45a4af1368a2: receive RaftClientReply:client-2EC808601240->374189d0-76c5-49d2-81b4-45a4af1368a2@group-30B6692CD68C, cid=3258, SUCCESS, logIndex=5421, commits[374189d0-76c5-49d2-81b4-45a4af1368a2:c5421]
2019-06-14 08:43:10,807 INFO  client.GrpcClientProtocolClient (GrpcClientProtocolClient.java:onNext(254)) - client-2EC808601240->374189d0-76c5-49d2-81b4-45a4af1368a2: receive RaftClientReply:client-2EC808601240->374189d0-76c5-49d2-81b4-45a4af1368a2@group-30B6692CD68C, cid=3259, SUCCESS, logIndex=5422, commits[374189d0-76c5-49d2-81b4-45a4af1368a2:c5424]
2019-06-14 08:43:10,807 INFO  client.GrpcClientProtocolClient (GrpcClientProtocolClient.java:onNext(254)) - client-2EC808601240->374189d0-76c5-49d2-81b4-45a4af1368a2: receive RaftClientReply:client-2EC808601240->374189d0-76c5-49d2-81b4-45a4af1368a2@group-30B6692CD68C, cid=3260, SUCCESS, logIndex=5423, commits[374189d0-76c5-49d2-81b4-45a4af1368a2:c5424]
2019-06-14 08:43:10,812 INFO  client.GrpcClientProtocolClient (GrpcClientProtocolClient.java:onNext(254)) - client-2EC808601240->374189d0-76c5-49d2-81b4-45a4af1368a2: receive RaftClientReply:client-2EC808601240->374189d0-76c5-49d2-81b4-45a4af1368a2@group-30B6692CD68C, cid=3261, SUCCESS, logIndex=5425, commits[374189d0-76c5-49d2-81b4-45a4af1368a2:c5425]
2019-06-14 08:43:10,813 INFO  client.GrpcClientProtocolClient (GrpcClientProtocolClient.java:onNext(254)) - client-2EC808601240->374189d0-76c5-49d2-81b4-45a4af1368a2: receive RaftClientReply:client-2EC808601240->374189d0-76c5-49d2-81b4-45a4af1368a2@group-30B6692CD68C, cid=3262, SUCCESS, logIndex=5427, commits[374189d0-76c5-49d2-81b4-45a4af1368a2:c5427]
2019-06-14 08:43:10,814 INFO  client.GrpcClientProtocolClient (GrpcClientProtocolClient.java:onNext(254)) - client-2EC808601240->374189d0-76c5-49d2-81b4-45a4af1368a2: receive RaftClientReply:client-2EC808601240->374189d0-76c5-49d2-81b4-45a4af1368a2@group-30B6692CD68C, cid=3263, SUCCESS, logIndex=5428, commits[374189d0-76c5-49d2-81b4-45a4af1368a2:c5430]
2019-06-14 08:43:10,815 INFO  client.GrpcClientProtocolClient (GrpcClientProtocolClient.java:onNext(254)) - client-2EC808601240->374189d0-76c5-49d2-81b4-45a4af1368a2: receive RaftClientReply:client-2EC808601240->374189d0-76c5-49d2-81b4-45a4af1368a2@group-30B6692CD68C, cid=3264, SUCCESS, logIndex=5429, commits[374189d0-76c5-49d2-81b4-45a4af1368a2:c5430]
2019-06-14 08:43:10,828 INFO  client.GrpcClientProtocolClient (GrpcClientProtocolClient.java:onNext(254)) - client-2EC808601240->374189d0-76c5-49d2-81b4-45a4af1368a2: receive RaftClientReply:client-2EC808601240->374189d0-76c5-49d2-81b4-45a4af1368a2@group-30B6692CD68C, cid=3265, SUCCESS, logIndex=5431, commits[374189d0-76c5-49d2-81b4-45a4af1368a2:c5431]
2019-06-14 08:43:10,829 INFO  client.GrpcClientProtocolClient (GrpcClientProtocolClient.java:onNext(254)) - client-2EC808601240->374189d0-76c5-49d2-81b4-45a4af1368a2: receive RaftClientReply:client-2EC808601240->374189d0-76c5-49d2-81b4-45a4af1368a2@group-30B6692CD68C, cid=3266, SUCCESS, logIndex=5433, commits[374189d0-76c5-49d2-81b4-45a4af1368a2:c5433]
2019-06-14 08:43:10,830 INFO  client.GrpcClientProtocolClient (GrpcClientProtocolClient.java:onNext(254)) - client-2EC808601240->374189d0-76c5-49d2-81b4-45a4af1368a2: receive RaftClientReply:client-2EC808601240->374189d0-76c5-49d2-81b4-45a4af1368a2@group-30B6692CD68C, cid=3267, SUCCESS, logIndex=5434, commits[374189d0-76c5-49d2-81b4-45a4af1368a2:c5436]
2019-06-14 08:43:10,831 INFO  client.GrpcClientProtocolClient (GrpcClientProtocolClient.java:onNext(254)) - client-2EC808601240->374189d0-76c5-49d2-81b4-45a4af1368a2: receive RaftClientReply:client-2EC808601240->374189d0-76c5-49d2-81b4-45a4af1368a2@group-30B6692CD68C, cid=3268, SUCCESS, logIndex=5435, commits[374189d0-76c5-49d2-81b4-45a4af1368a2:c5436]
2019-06-14 08:43:10,836 INFO  storage.RaftLogWorker (RaftLogWorker.java:rollLogSegment(303)) - 374189d0-76c5-49d2-81b4-45a4af1368a2-RaftLogWorker: Rolling segment log-5371_5438 to index:5438
2019-06-14 08:43:10,836 INFO  client.GrpcClientProtocolClient (GrpcClientProtocolClient.java:onNext(254)) - client-2EC808601240->374189d0-76c5-49d2-81b4-45a4af1368a2: receive RaftClientReply:client-2EC808601240->374189d0-76c5-49d2-81b4-45a4af1368a2@group-30B6692CD68C, cid=3269, SUCCESS, logIndex=5437, commits[374189d0-76c5-49d2-81b4-45a4af1368a2:c5437]
2019-06-14 08:43:10,836 INFO  storage.RaftLogWorker (RaftLogWorker.java:execute(433)) - 374189d0-76c5-49d2-81b4-45a4af1368a2-RaftLogWorker: Rolled log segment from /opt/src/hadoop-ozone/integration-test/target/test-dir/MiniOzoneClusterImpl-1994f8b8-dd4d-445c-bf25-0c6d40f9b14d/datanode-0/data/ratis/99d0acb8-99ce-4814-8259-30b6692cd68c/current/log_inprogress_5371 to /opt/src/hadoop-ozone/integration-test/target/test-dir/MiniOzoneClusterImpl-1994f8b8-dd4d-445c-bf25-0c6d40f9b14d/datanode-0/data/ratis/99d0acb8-99ce-4814-8259-30b6692cd68c/current/log_5371-5438
2019-06-14 08:43:10,841 DEBUG block.SCMBlockDeletingService (SCMBlockDeletingService.java:call(138)) - Running DeletedBlockTransactionScanner
2019-06-14 08:43:10,841 DEBUG block.SCMBlockDeletingService (SCMBlockDeletingService.java:call(155)) - Scanned deleted blocks log and got 0 delTX to process.
2019-06-14 08:43:10,873 INFO  storage.RaftLogWorker (RaftLogWorker.java:execute(469)) - 374189d0-76c5-49d2-81b4-45a4af1368a2-RaftLogWorker: created new log segment /opt/src/hadoop-ozone/integration-test/target/test-dir/MiniOzoneClusterImpl-1994f8b8-dd4d-445c-bf25-0c6d40f9b14d/datanode-0/data/ratis/99d0acb8-99ce-4814-8259-30b6692cd68c/current/log_inprogress_5439
2019-06-14 08:43:10,874 INFO  client.GrpcClientProtocolClient (GrpcClientProtocolClient.java:onNext(254)) - client-2EC808601240->374189d0-76c5-49d2-81b4-45a4af1368a2: receive RaftClientReply:client-2EC808601240->374189d0-76c5-49d2-81b4-45a4af1368a2@group-30B6692CD68C, cid=3270, SUCCESS, logIndex=5439, commits[374189d0-76c5-49d2-81b4-45a4af1368a2:c5439]
2019-06-14 08:43:10,943 DEBUG block.SCMBlockDeletingService (SCMBlockDeletingService.java:call(138)) - Running DeletedBlockTransactionScanner
2019-06-14 08:43:10,943 DEBUG block.SCMBlockDeletingService (SCMBlockDeletingService.java:call(155)) - Scanned deleted blocks log and got 0 delTX to process.
2019-06-14 08:43:10,955 INFO  client.GrpcClientProtocolClient (GrpcClientProtocolClient.java:onNext(254)) - client-2EC808601240->374189d0-76c5-49d2-81b4-45a4af1368a2: receive RaftClientReply:client-2EC808601240->374189d0-76c5-49d2-81b4-45a4af1368a2@group-30B6692CD68C, cid=3271, SUCCESS, logIndex=5441, commits[374189d0-76c5-49d2-81b4-45a4af1368a2:c5441]
2019-06-14 08:43:10,956 INFO  client.GrpcClientProtocolClient (GrpcClientProtocolClient.java:onNext(254)) - client-2EC808601240->374189d0-76c5-49d2-81b4-45a4af1368a2: receive RaftClientReply:client-2EC808601240->374189d0-76c5-49d2-81b4-45a4af1368a2@group-30B6692CD68C, cid=3272, SUCCESS, logIndex=5443, commits[374189d0-76c5-49d2-81b4-45a4af1368a2:c5443]
2019-06-14 08:43:10,966 INFO  client.GrpcClientProtocolClient (GrpcClientProtocolClient.java:onNext(254)) - client-2EC808601240->374189d0-76c5-49d2-81b4-45a4af1368a2: receive RaftClientReply:client-2EC808601240->374189d0-76c5-49d2-81b4-45a4af1368a2@group-30B6692CD68C, cid=3273, SUCCESS, logIndex=5445, commits[374189d0-76c5-49d2-81b4-45a4af1368a2:c5445]
2019-06-14 08:43:10,967 INFO  client.GrpcClientProtocolClient (GrpcClientProtocolClient.java:onNext(254)) - client-2EC808601240->374189d0-76c5-49d2-81b4-45a4af1368a2: receive RaftClientReply:client-2EC808601240->374189d0-76c5-49d2-81b4-45a4af1368a2@group-30B6692CD68C, cid=3274, SUCCESS, logIndex=5447, commits[374189d0-76c5-49d2-81b4-45a4af1368a2:c5447]
2019-06-14 08:43:10,968 INFO  client.GrpcClientProtocolClient (GrpcClientProtocolClient.java:onNext(254)) - client-2EC808601240->374189d0-76c5-49d2-81b4-45a4af1368a2: receive RaftClientReply:client-2EC808601240->374189d0-76c5-49d2-81b4-45a4af1368a2@group-30B6692CD68C, cid=3275, SUCCESS, logIndex=5448, commits[374189d0-76c5-49d2-81b4-45a4af1368a2:c5450]
2019-06-14 08:43:10,968 INFO  client.GrpcClientProtocolClient (GrpcClientProtocolClient.java:onNext(254)) - client-2EC808601240->374189d0-76c5-49d2-81b4-45a4af1368a2: receive RaftClientReply:client-2EC808601240->374189d0-76c5-49d2-81b4-45a4af1368a2@group-30B6692CD68C, cid=3276, SUCCESS, logIndex=5449, commits[374189d0-76c5-49d2-81b4-45a4af1368a2:c5450]
2019-06-14 08:43:10,973 INFO  client.GrpcClientProtocolClient (GrpcClientProtocolClient.java:onNext(254)) - client-2EC808601240->374189d0-76c5-49d2-81b4-45a4af1368a2: receive RaftClientReply:client-2EC808601240->374189d0-76c5-49d2-81b4-45a4af1368a2@group-30B6692CD68C, cid=3277, SUCCESS, logIndex=5451, commits[374189d0-76c5-49d2-81b4-45a4af1368a2:c5451]
2019-06-14 08:43:10,975 INFO  client.GrpcClientProtocolClient (GrpcClientProtocolClient.java:onNext(254)) - client-2EC808601240->374189d0-76c5-49d2-81b4-45a4af1368a2: receive RaftClientReply:client-2EC808601240->374189d0-76c5-49d2-81b4-45a4af1368a2@group-30B6692CD68C, cid=3278, SUCCESS, logIndex=5453, commits[374189d0-76c5-49d2-81b4-45a4af1368a2:c5453]
2019-06-14 08:43:10,979 INFO  client.GrpcClientProtocolClient (GrpcClientProtocolClient.java:onNext(254)) - client-2EC808601240->374189d0-76c5-49d2-81b4-45a4af1368a2: receive RaftClientReply:client-2EC808601240->374189d0-76c5-49d2-81b4-45a4af1368a2@group-30B6692CD68C, cid=3279, SUCCESS, logIndex=5454, commits[374189d0-76c5-49d2-81b4-45a4af1368a2:c5454]
2019-06-14 08:43:10,980 INFO  client.GrpcClientProtocolClient (GrpcClientProtocolClient.java:onNext(254)) - client-2EC808601240->374189d0-76c5-49d2-81b4-45a4af1368a2: receive RaftClientReply:client-2EC808601240->374189d0-76c5-49d2-81b4-45a4af1368a2@group-30B6692CD68C, cid=3280, SUCCESS, logIndex=5456, commits[374189d0-76c5-49d2-81b4-45a4af1368a2:c5456]
2019-06-14 08:43:10,990 INFO  client.GrpcClientProtocolClient (GrpcClientProtocolClient.java:onNext(254)) - client-2EC808601240->374189d0-76c5-49d2-81b4-45a4af1368a2: receive RaftClientReply:client-2EC808601240->374189d0-76c5-49d2-81b4-45a4af1368a2@group-30B6692CD68C, cid=3281, SUCCESS, logIndex=5459, commits[374189d0-76c5-49d2-81b4-45a4af1368a2:c5459]
2019-06-14 08:43:10,992 INFO  client.GrpcClientProtocolClient (GrpcClientProtocolClient.java:onNext(254)) - client-2EC808601240->374189d0-76c5-49d2-81b4-45a4af1368a2: receive RaftClientReply:client-2EC808601240->374189d0-76c5-49d2-81b4-45a4af1368a2@group-30B6692CD68C, cid=3282, SUCCESS, logIndex=5461, commits[374189d0-76c5-49d2-81b4-45a4af1368a2:c5461]
2019-06-14 08:43:10,993 INFO  client.GrpcClientProtocolClient (GrpcClientProtocolClient.java:onNext(254)) - client-2EC808601240->374189d0-76c5-49d2-81b4-45a4af1368a2: receive RaftClientReply:client-2EC808601240->374189d0-76c5-49d2-81b4-45a4af1368a2@group-30B6692CD68C, cid=3283, SUCCESS, logIndex=5462, commits[374189d0-76c5-49d2-81b4-45a4af1368a2:c5464]
2019-06-14 08:43:10,993 INFO  client.GrpcClientProtocolClient (GrpcClientProtocolClient.java:onNext(254)) - client-2EC808601240->374189d0-76c5-49d2-81b4-45a4af1368a2: receive RaftClientReply:client-2EC808601240->374189d0-76c5-49d2-81b4-45a4af1368a2@group-30B6692CD68C, cid=3284, SUCCESS, logIndex=5463, commits[374189d0-76c5-49d2-81b4-45a4af1368a2:c5464]
2019-06-14 08:43:10,998 INFO  client.GrpcClientProtocolClient (GrpcClientProtocolClient.java:onNext(254)) - client-2EC808601240->374189d0-76c5-49d2-81b4-45a4af1368a2: receive RaftClientReply:client-2EC808601240->374189d0-76c5-49d2-81b4-45a4af1368a2@group-30B6692CD68C, cid=3285, SUCCESS, logIndex=5465, commits[374189d0-76c5-49d2-81b4-45a4af1368a2:c5465]
2019-06-14 08:43:11,001 INFO  client.GrpcClientProtocolClient (GrpcClientProtocolClient.java:onNext(254)) - client-2EC808601240->374189d0-76c5-49d2-81b4-45a4af1368a2: receive RaftClientReply:client-2EC808601240->374189d0-76c5-49d2-81b4-45a4af1368a2@group-30B6692CD68C, cid=3286, SUCCESS, logIndex=5467, commits[374189d0-76c5-49d2-81b4-45a4af1368a2:c5467]
2019-06-14 08:43:11,001 INFO  client.GrpcClientProtocolClient (GrpcClientProtocolClient.java:onNext(254)) - client-2EC808601240->374189d0-76c5-49d2-81b4-45a4af1368a2: receive RaftClientReply:client-2EC808601240->374189d0-76c5-49d2-81b4-45a4af1368a2@group-30B6692CD68C, cid=3287, SUCCESS, logIndex=5468, commits[374189d0-76c5-49d2-81b4-45a4af1368a2:c5469]
2019-06-14 08:43:11,002 INFO  client.GrpcClientProtocolClient (GrpcClientProtocolClient.java:onNext(254)) - client-2EC808601240->374189d0-76c5-49d2-81b4-45a4af1368a2: receive RaftClientReply:client-2EC808601240->374189d0-76c5-49d2-81b4-45a4af1368a2@group-30B6692CD68C, cid=3288, SUCCESS, logIndex=5469, commits[374189d0-76c5-49d2-81b4-45a4af1368a2:c5470]
2019-06-14 08:43:11,013 INFO  client.GrpcClientProtocolClient (GrpcClientProtocolClient.java:onNext(254)) - client-2EC808601240->374189d0-76c5-49d2-81b4-45a4af1368a2: receive RaftClientReply:client-2EC808601240->374189d0-76c5-49d2-81b4-45a4af1368a2@group-30B6692CD68C, cid=3289, SUCCESS, logIndex=5472, commits[374189d0-76c5-49d2-81b4-45a4af1368a2:c5472]
2019-06-14 08:43:11,015 INFO  client.GrpcClientProtocolClient (GrpcClientProtocolClient.java:onNext(254)) - client-2EC808601240->374189d0-76c5-49d2-81b4-45a4af1368a2: receive RaftClientReply:client-2EC808601240->374189d0-76c5-49d2-81b4-45a4af1368a2@group-30B6692CD68C, cid=3290, SUCCESS, logIndex=5474, commits[374189d0-76c5-49d2-81b4-45a4af1368a2:c5474]
2019-06-14 08:43:11,016 INFO  client.GrpcClientProtocolClient (GrpcClientProtocolClient.java:onNext(254)) - client-2EC808601240->374189d0-76c5-49d2-81b4-45a4af1368a2: receive RaftClientReply:client-2EC808601240->374189d0-76c5-49d2-81b4-45a4af1368a2@group-30B6692CD68C, cid=3291, SUCCESS, logIndex=5475, commits[374189d0-76c5-49d2-81b4-45a4af1368a2:c5476]
2019-06-14 08:43:11,016 INFO  client.GrpcClientProtocolClient (GrpcClientProtocolClient.java:onNext(254)) - client-2EC808601240->374189d0-76c5-49d2-81b4-45a4af1368a2: receive RaftClientReply:client-2EC808601240->374189d0-76c5-49d2-81b4-45a4af1368a2@group-30B6692CD68C, cid=3292, SUCCESS, logIndex=5476, commits[374189d0-76c5-49d2-81b4-45a4af1368a2:c5476]
2019-06-14 08:43:11,021 INFO  client.GrpcClientProtocolClient (GrpcClientProtocolClient.java:onNext(254)) - client-2EC808601240->374189d0-76c5-49d2-81b4-45a4af1368a2: receive RaftClientReply:client-2EC808601240->374189d0-76c5-49d2-81b4-45a4af1368a2@group-30B6692CD68C, cid=3293, SUCCESS, logIndex=5479, commits[374189d0-76c5-49d2-81b4-45a4af1368a2:c5479]
2019-06-14 08:43:11,023 INFO  client.GrpcClientProtocolClient (GrpcClientProtocolClient.java:onNext(254)) - client-2EC808601240->374189d0-76c5-49d2-81b4-45a4af1368a2: receive RaftClientReply:client-2EC808601240->374189d0-76c5-49d2-81b4-45a4af1368a2@group-30B6692CD68C, cid=3294, SUCCESS, logIndex=5481, commits[374189d0-76c5-49d2-81b4-45a4af1368a2:c5481]
2019-06-14 08:43:11,024 INFO  client.GrpcClientProtocolClient (GrpcClientProtocolClient.java:onNext(254)) - client-2EC808601240->374189d0-76c5-49d2-81b4-45a4af1368a2: receive RaftClientReply:client-2EC808601240->374189d0-76c5-49d2-81b4-45a4af1368a2@group-30B6692CD68C, cid=3295, SUCCESS, logIndex=5482, commits[374189d0-76c5-49d2-81b4-45a4af1368a2:c5484]
2019-06-14 08:43:11,024 INFO  client.GrpcClientProtocolClient (GrpcClientProtocolClient.java:onNext(254)) - client-2EC808601240->374189d0-76c5-49d2-81b4-45a4af1368a2: receive RaftClientReply:client-2EC808601240->374189d0-76c5-49d2-81b4-45a4af1368a2@group-30B6692CD68C, cid=3296, SUCCESS, logIndex=5483, commits[374189d0-76c5-49d2-81b4-45a4af1368a2:c5484]
2019-06-14 08:43:11,034 INFO  client.GrpcClientProtocolClient (GrpcClientProtocolClient.java:onNext(254)) - client-2EC808601240->374189d0-76c5-49d2-81b4-45a4af1368a2: receive RaftClientReply:client-2EC808601240->374189d0-76c5-49d2-81b4-45a4af1368a2@group-30B6692CD68C, cid=3297, SUCCESS, logIndex=5485, commits[374189d0-76c5-49d2-81b4-45a4af1368a2:c5485]
2019-06-14 08:43:11,035 INFO  client.GrpcClientProtocolClient (GrpcClientProtocolClient.java:onNext(254)) - client-2EC808601240->374189d0-76c5-49d2-81b4-45a4af1368a2: receive RaftClientReply:client-2EC808601240->374189d0-76c5-49d2-81b4-45a4af1368a2@group-30B6692CD68C, cid=3298, SUCCESS, logIndex=5487, commits[374189d0-76c5-49d2-81b4-45a4af1368a2:c5487]
2019-06-14 08:43:11,036 INFO  client.GrpcClientProtocolClient (GrpcClientProtocolClient.java:onNext(254)) - client-2EC808601240->374189d0-76c5-49d2-81b4-45a4af1368a2: receive RaftClientReply:client-2EC808601240->374189d0-76c5-49d2-81b4-45a4af1368a2@group-30B6692CD68C, cid=3299, SUCCESS, logIndex=5488, commits[374189d0-76c5-49d2-81b4-45a4af1368a2:c5490]
2019-06-14 08:43:11,036 INFO  client.GrpcClientProtocolClient (GrpcClientProtocolClient.java:onNext(254)) - client-2EC808601240->374189d0-76c5-49d2-81b4-45a4af1368a2: receive RaftClientReply:client-2EC808601240->374189d0-76c5-49d2-81b4-45a4af1368a2@group-30B6692CD68C, cid=3300, SUCCESS, logIndex=5489, commits[374189d0-76c5-49d2-81b4-45a4af1368a2:c5490]
2019-06-14 08:43:11,041 INFO  client.GrpcClientProtocolClient (GrpcClientProtocolClient.java:onNext(254)) - client-2EC808601240->374189d0-76c5-49d2-81b4-45a4af1368a2: receive RaftClientReply:client-2EC808601240->374189d0-76c5-49d2-81b4-45a4af1368a2@group-30B6692CD68C, cid=3301, SUCCESS, logIndex=5491, commits[374189d0-76c5-49d2-81b4-45a4af1368a2:c5491]
2019-06-14 08:43:11,042 INFO  client.GrpcClientProtocolClient (GrpcClientProtocolClient.java:onNext(254)) - client-2EC808601240->374189d0-76c5-49d2-81b4-45a4af1368a2: receive RaftClientReply:client-2EC808601240->374189d0-76c5-49d2-81b4-45a4af1368a2@group-30B6692CD68C, cid=3302, SUCCESS, logIndex=5493, commits[374189d0-76c5-49d2-81b4-45a4af1368a2:c5493]
2019-06-14 08:43:11,043 INFO  client.GrpcClientProtocolClient (GrpcClientProtocolClient.java:onNext(254)) - client-2EC808601240->374189d0-76c5-49d2-81b4-45a4af1368a2: receive RaftClientReply:client-2EC808601240->374189d0-76c5-49d2-81b4-45a4af1368a2@group-30B6692CD68C, cid=3303, SUCCESS, logIndex=5494, commits[374189d0-76c5-49d2-81b4-45a4af1368a2:c5496]
2019-06-14 08:43:11,044 INFO  client.GrpcClientProtocolClient (GrpcClientProtocolClient.java:onNext(254)) - client-2EC808601240->374189d0-76c5-49d2-81b4-45a4af1368a2: receive RaftClientReply:client-2EC808601240->374189d0-76c5-49d2-81b4-45a4af1368a2@group-30B6692CD68C, cid=3304, SUCCESS, logIndex=5495, commits[374189d0-76c5-49d2-81b4-45a4af1368a2:c5496]
2019-06-14 08:43:11,044 DEBUG block.SCMBlockDeletingService (SCMBlockDeletingService.java:call(138)) - Running DeletedBlockTransactionScanner
2019-06-14 08:43:11,044 DEBUG block.SCMBlockDeletingService (SCMBlockDeletingService.java:call(155)) - Scanned deleted blocks log and got 0 delTX to process.
2019-06-14 08:43:11,053 INFO  client.GrpcClientProtocolClient (GrpcClientProtocolClient.java:onNext(254)) - client-2EC808601240->374189d0-76c5-49d2-81b4-45a4af1368a2: receive RaftClientReply:client-2EC808601240->374189d0-76c5-49d2-81b4-45a4af1368a2@group-30B6692CD68C, cid=3305, SUCCESS, logIndex=5497, commits[374189d0-76c5-49d2-81b4-45a4af1368a2:c5497]
2019-06-14 08:43:11,055 INFO  client.GrpcClientProtocolClient (GrpcClientProtocolClient.java:onNext(254)) - client-2EC808601240->374189d0-76c5-49d2-81b4-45a4af1368a2: receive RaftClientReply:client-2EC808601240->374189d0-76c5-49d2-81b4-45a4af1368a2@group-30B6692CD68C, cid=3306, SUCCESS, logIndex=5499, commits[374189d0-76c5-49d2-81b4-45a4af1368a2:c5499]
2019-06-14 08:43:11,055 INFO  client.GrpcClientProtocolClient (GrpcClientProtocolClient.java:onNext(254)) - client-2EC808601240->374189d0-76c5-49d2-81b4-45a4af1368a2: receive RaftClientReply:client-2EC808601240->374189d0-76c5-49d2-81b4-45a4af1368a2@group-30B6692CD68C, cid=3307, SUCCESS, logIndex=5500, commits[374189d0-76c5-49d2-81b4-45a4af1368a2:c5502]
2019-06-14 08:43:11,056 INFO  client.GrpcClientProtocolClient (GrpcClientProtocolClient.java:onNext(254)) - client-2EC808601240->374189d0-76c5-49d2-81b4-45a4af1368a2: receive RaftClientReply:client-2EC808601240->374189d0-76c5-49d2-81b4-45a4af1368a2@group-30B6692CD68C, cid=3308, SUCCESS, logIndex=5501, commits[374189d0-76c5-49d2-81b4-45a4af1368a2:c5502]
2019-06-14 08:43:11,061 INFO  client.GrpcClientProtocolClient (GrpcClientProtocolClient.java:onNext(254)) - client-2EC808601240->374189d0-76c5-49d2-81b4-45a4af1368a2: receive RaftClientReply:client-2EC808601240->374189d0-76c5-49d2-81b4-45a4af1368a2@group-30B6692CD68C, cid=3309, SUCCESS, logIndex=5503, commits[374189d0-76c5-49d2-81b4-45a4af1368a2:c5503]
2019-06-14 08:43:11,061 INFO  storage.RaftLogWorker (RaftLogWorker.java:rollLogSegment(303)) - 374189d0-76c5-49d2-81b4-45a4af1368a2-RaftLogWorker: Rolling segment log-5439_5507 to index:5507
2019-06-14 08:43:11,062 INFO  client.GrpcClientProtocolClient (GrpcClientProtocolClient.java:onNext(254)) - client-2EC808601240->374189d0-76c5-49d2-81b4-45a4af1368a2: receive RaftClientReply:client-2EC808601240->374189d0-76c5-49d2-81b4-45a4af1368a2@group-30B6692CD68C, cid=3310, SUCCESS, logIndex=5505, commits[374189d0-76c5-49d2-81b4-45a4af1368a2:c5505]
2019-06-14 08:43:11,062 INFO  storage.RaftLogWorker (RaftLogWorker.java:execute(433)) - 374189d0-76c5-49d2-81b4-45a4af1368a2-RaftLogWorker: Rolled log segment from /opt/src/hadoop-ozone/integration-test/target/test-dir/MiniOzoneClusterImpl-1994f8b8-dd4d-445c-bf25-0c6d40f9b14d/datanode-0/data/ratis/99d0acb8-99ce-4814-8259-30b6692cd68c/current/log_inprogress_5439 to /opt/src/hadoop-ozone/integration-test/target/test-dir/MiniOzoneClusterImpl-1994f8b8-dd4d-445c-bf25-0c6d40f9b14d/datanode-0/data/ratis/99d0acb8-99ce-4814-8259-30b6692cd68c/current/log_5439-5507
2019-06-14 08:43:11,063 INFO  client.GrpcClientProtocolClient (GrpcClientProtocolClient.java:onNext(254)) - client-2EC808601240->374189d0-76c5-49d2-81b4-45a4af1368a2: receive RaftClientReply:client-2EC808601240->374189d0-76c5-49d2-81b4-45a4af1368a2@group-30B6692CD68C, cid=3311, SUCCESS, logIndex=5506, commits[374189d0-76c5-49d2-81b4-45a4af1368a2:c5507]
2019-06-14 08:43:11,063 INFO  client.GrpcClientProtocolClient (GrpcClientProtocolClient.java:onNext(254)) - client-2EC808601240->374189d0-76c5-49d2-81b4-45a4af1368a2: receive RaftClientReply:client-2EC808601240->374189d0-76c5-49d2-81b4-45a4af1368a2@group-30B6692CD68C, cid=3312, SUCCESS, logIndex=5507, commits[374189d0-76c5-49d2-81b4-45a4af1368a2:c5507]
2019-06-14 08:43:11,099 INFO  storage.RaftLogWorker (RaftLogWorker.java:execute(469)) - 374189d0-76c5-49d2-81b4-45a4af1368a2-RaftLogWorker: created new log segment /opt/src/hadoop-ozone/integration-test/target/test-dir/MiniOzoneClusterImpl-1994f8b8-dd4d-445c-bf25-0c6d40f9b14d/datanode-0/data/ratis/99d0acb8-99ce-4814-8259-30b6692cd68c/current/log_inprogress_5508
2019-06-14 08:43:11,103 INFO  client.GrpcClientProtocolClient (GrpcClientProtocolClient.java:onNext(254)) - client-2EC808601240->374189d0-76c5-49d2-81b4-45a4af1368a2: receive RaftClientReply:client-2EC808601240->374189d0-76c5-49d2-81b4-45a4af1368a2@group-30B6692CD68C, cid=3313, SUCCESS, logIndex=5510, commits[374189d0-76c5-49d2-81b4-45a4af1368a2:c5510]
2019-06-14 08:43:11,103 INFO  client.GrpcClientProtocolClient (GrpcClientProtocolClient.java:onNext(254)) - client-2EC808601240->374189d0-76c5-49d2-81b4-45a4af1368a2: receive RaftClientReply:client-2EC808601240->374189d0-76c5-49d2-81b4-45a4af1368a2@group-30B6692CD68C, cid=3314, SUCCESS, logIndex=5512, commits[374189d0-76c5-49d2-81b4-45a4af1368a2:c5512]
2019-06-14 08:43:11,144 DEBUG block.SCMBlockDeletingService (SCMBlockDeletingService.java:call(138)) - Running DeletedBlockTransactionScanner
2019-06-14 08:43:11,144 DEBUG block.SCMBlockDeletingService (SCMBlockDeletingService.java:call(155)) - Scanned deleted blocks log and got 0 delTX to process.
2019-06-14 08:43:11,159 INFO  client.GrpcClientProtocolClient (GrpcClientProtocolClient.java:onNext(254)) - client-2EC808601240->374189d0-76c5-49d2-81b4-45a4af1368a2: receive RaftClientReply:client-2EC808601240->374189d0-76c5-49d2-81b4-45a4af1368a2@group-30B6692CD68C, cid=3315, SUCCESS, logIndex=5514, commits[374189d0-76c5-49d2-81b4-45a4af1368a2:c5514]
2019-06-14 08:43:11,160 INFO  client.GrpcClientProtocolClient (GrpcClientProtocolClient.java:onNext(254)) - client-2EC808601240->374189d0-76c5-49d2-81b4-45a4af1368a2: receive RaftClientReply:client-2EC808601240->374189d0-76c5-49d2-81b4-45a4af1368a2@group-30B6692CD68C, cid=3316, SUCCESS, logIndex=5516, commits[374189d0-76c5-49d2-81b4-45a4af1368a2:c5516]
2019-06-14 08:43:11,166 INFO  client.GrpcClientProtocolClient (GrpcClientProtocolClient.java:onNext(254)) - client-2EC808601240->374189d0-76c5-49d2-81b4-45a4af1368a2: receive RaftClientReply:client-2EC808601240->374189d0-76c5-49d2-81b4-45a4af1368a2@group-30B6692CD68C, cid=3317, SUCCESS, logIndex=5518, commits[374189d0-76c5-49d2-81b4-45a4af1368a2:c5518]
2019-06-14 08:43:11,167 INFO  client.GrpcClientProtocolClient (GrpcClientProtocolClient.java:onNext(254)) - client-2EC808601240->374189d0-76c5-49d2-81b4-45a4af1368a2: receive RaftClientReply:client-2EC808601240->374189d0-76c5-49d2-81b4-45a4af1368a2@group-30B6692CD68C, cid=3318, SUCCESS, logIndex=5520, commits[374189d0-76c5-49d2-81b4-45a4af1368a2:c5520]
2019-06-14 08:43:11,169 INFO  client.GrpcClientProtocolClient (GrpcClientProtocolClient.java:onNext(254)) - client-2EC808601240->374189d0-76c5-49d2-81b4-45a4af1368a2: receive RaftClientReply:client-2EC808601240->374189d0-76c5-49d2-81b4-45a4af1368a2@group-30B6692CD68C, cid=3319, SUCCESS, logIndex=5522, commits[374189d0-76c5-49d2-81b4-45a4af1368a2:c5523]
2019-06-14 08:43:11,169 INFO  client.GrpcClientProtocolClient (GrpcClientProtocolClient.java:onNext(254)) - client-2EC808601240->374189d0-76c5-49d2-81b4-45a4af1368a2: receive RaftClientReply:client-2EC808601240->374189d0-76c5-49d2-81b4-45a4af1368a2@group-30B6692CD68C, cid=3320, SUCCESS, logIndex=5523, commits[374189d0-76c5-49d2-81b4-45a4af1368a2:c5523]
2019-06-14 08:43:11,180 INFO  client.GrpcClientProtocolClient (GrpcClientProtocolClient.java:onNext(254)) - client-2EC808601240->374189d0-76c5-49d2-81b4-45a4af1368a2: receive RaftClientReply:client-2EC808601240->374189d0-76c5-49d2-81b4-45a4af1368a2@group-30B6692CD68C, cid=3321, SUCCESS, logIndex=5525, commits[374189d0-76c5-49d2-81b4-45a4af1368a2:c5525]
2019-06-14 08:43:11,180 INFO  client.GrpcClientProtocolClient (GrpcClientProtocolClient.java:onNext(254)) - client-2EC808601240->374189d0-76c5-49d2-81b4-45a4af1368a2: receive RaftClientReply:client-2EC808601240->374189d0-76c5-49d2-81b4-45a4af1368a2@group-30B6692CD68C, cid=3322, SUCCESS, logIndex=5527, commits[374189d0-76c5-49d2-81b4-45a4af1368a2:c5527]
2019-06-14 08:43:11,182 INFO  client.GrpcClientProtocolClient (GrpcClientProtocolClient.java:onNext(254)) - client-2EC808601240->374189d0-76c5-49d2-81b4-45a4af1368a2: receive RaftClientReply:client-2EC808601240->374189d0-76c5-49d2-81b4-45a4af1368a2@group-30B6692CD68C, cid=3323, SUCCESS, logIndex=5528, commits[374189d0-76c5-49d2-81b4-45a4af1368a2:c5530]
2019-06-14 08:43:11,182 INFO  client.GrpcClientProtocolClient (GrpcClientProtocolClient.java:onNext(254)) - client-2EC808601240->374189d0-76c5-49d2-81b4-45a4af1368a2: receive RaftClientReply:client-2EC808601240->374189d0-76c5-49d2-81b4-45a4af1368a2@group-30B6692CD68C, cid=3324, SUCCESS, logIndex=5529, commits[374189d0-76c5-49d2-81b4-45a4af1368a2:c5530]
2019-06-14 08:43:11,188 INFO  client.GrpcClientProtocolClient (GrpcClientProtocolClient.java:onNext(254)) - client-2EC808601240->374189d0-76c5-49d2-81b4-45a4af1368a2: receive RaftClientReply:client-2EC808601240->374189d0-76c5-49d2-81b4-45a4af1368a2@group-30B6692CD68C, cid=3325, SUCCESS, logIndex=5531, commits[374189d0-76c5-49d2-81b4-45a4af1368a2:c5531]
2019-06-14 08:43:11,190 INFO  client.GrpcClientProtocolClient (GrpcClientProtocolClient.java:onNext(254)) - client-2EC808601240->374189d0-76c5-49d2-81b4-45a4af1368a2: receive RaftClientReply:client-2EC808601240->374189d0-76c5-49d2-81b4-45a4af1368a2@group-30B6692CD68C, cid=3326, SUCCESS, logIndex=5533, commits[374189d0-76c5-49d2-81b4-45a4af1368a2:c5533]
2019-06-14 08:43:11,190 INFO  client.GrpcClientProtocolClient (GrpcClientProtocolClient.java:onNext(254)) - client-2EC808601240->374189d0-76c5-49d2-81b4-45a4af1368a2: receive RaftClientReply:client-2EC808601240->374189d0-76c5-49d2-81b4-45a4af1368a2@group-30B6692CD68C, cid=3327, SUCCESS, logIndex=5534, commits[374189d0-76c5-49d2-81b4-45a4af1368a2:c5534]
2019-06-14 08:43:11,191 INFO  client.GrpcClientProtocolClient (GrpcClientProtocolClient.java:onNext(254)) - client-2EC808601240->374189d0-76c5-49d2-81b4-45a4af1368a2: receive RaftClientReply:client-2EC808601240->374189d0-76c5-49d2-81b4-45a4af1368a2@group-30B6692CD68C, cid=3328, SUCCESS, logIndex=5536, commits[374189d0-76c5-49d2-81b4-45a4af1368a2:c5536]
2019-06-14 08:43:11,201 INFO  client.GrpcClientProtocolClient (GrpcClientProtocolClient.java:onNext(254)) - client-2EC808601240->374189d0-76c5-49d2-81b4-45a4af1368a2: receive RaftClientReply:client-2EC808601240->374189d0-76c5-49d2-81b4-45a4af1368a2@group-30B6692CD68C, cid=3329, SUCCESS, logIndex=5539, commits[374189d0-76c5-49d2-81b4-45a4af1368a2:c5539]
2019-06-14 08:43:11,203 INFO  client.GrpcClientProtocolClient (GrpcClientProtocolClient.java:onNext(254)) - client-2EC808601240->374189d0-76c5-49d2-81b4-45a4af1368a2: receive RaftClientReply:client-2EC808601240->374189d0-76c5-49d2-81b4-45a4af1368a2@group-30B6692CD68C, cid=3330, SUCCESS, logIndex=5541, commits[374189d0-76c5-49d2-81b4-45a4af1368a2:c5541]
2019-06-14 08:43:11,203 INFO  client.GrpcClientProtocolClient (GrpcClientProtocolClient.java:onNext(254)) - client-2EC808601240->374189d0-76c5-49d2-81b4-45a4af1368a2: receive RaftClientReply:client-2EC808601240->374189d0-76c5-49d2-81b4-45a4af1368a2@group-30B6692CD68C, cid=3331, SUCCESS, logIndex=5542, commits[374189d0-76c5-49d2-81b4-45a4af1368a2:c5543]
2019-06-14 08:43:11,204 INFO  client.GrpcClientProtocolClient (GrpcClientProtocolClient.java:onNext(254)) - client-2EC808601240->374189d0-76c5-49d2-81b4-45a4af1368a2: receive RaftClientReply:client-2EC808601240->374189d0-76c5-49d2-81b4-45a4af1368a2@group-30B6692CD68C, cid=3332, SUCCESS, logIndex=5543, commits[374189d0-76c5-49d2-81b4-45a4af1368a2:c5543]
2019-06-14 08:43:11,209 INFO  client.GrpcClientProtocolClient (GrpcClientProtocolClient.java:onNext(254)) - client-2EC808601240->374189d0-76c5-49d2-81b4-45a4af1368a2: receive RaftClientReply:client-2EC808601240->374189d0-76c5-49d2-81b4-45a4af1368a2@group-30B6692CD68C, cid=3333, SUCCESS, logIndex=5546, commits[374189d0-76c5-49d2-81b4-45a4af1368a2:c5546]
2019-06-14 08:43:11,210 INFO  client.GrpcClientProtocolClient (GrpcClientProtocolClient.java:onNext(254)) - client-2EC808601240->374189d0-76c5-49d2-81b4-45a4af1368a2: receive RaftClientReply:client-2EC808601240->374189d0-76c5-49d2-81b4-45a4af1368a2@group-30B6692CD68C, cid=3334, SUCCESS, logIndex=5548, commits[374189d0-76c5-49d2-81b4-45a4af1368a2:c5548]
2019-06-14 08:43:11,211 INFO  client.GrpcClientProtocolClient (GrpcClientProtocolClient.java:onNext(254)) - client-2EC808601240->374189d0-76c5-49d2-81b4-45a4af1368a2: receive RaftClientReply:client-2EC808601240->374189d0-76c5-49d2-81b4-45a4af1368a2@group-30B6692CD68C, cid=3335, SUCCESS, logIndex=5549, commits[374189d0-76c5-49d2-81b4-45a4af1368a2:c5551]
2019-06-14 08:43:11,215 INFO  client.GrpcClientProtocolClient (GrpcClientProtocolClient.java:onNext(254)) - client-2EC808601240->374189d0-76c5-49d2-81b4-45a4af1368a2: receive RaftClientReply:client-2EC808601240->374189d0-76c5-49d2-81b4-45a4af1368a2@group-30B6692CD68C, cid=3336, SUCCESS, logIndex=5550, commits[374189d0-76c5-49d2-81b4-45a4af1368a2:c5551]
2019-06-14 08:43:11,229 INFO  client.GrpcClientProtocolClient (GrpcClientProtocolClient.java:onNext(254)) - client-2EC808601240->374189d0-76c5-49d2-81b4-45a4af1368a2: receive RaftClientReply:client-2EC808601240->374189d0-76c5-49d2-81b4-45a4af1368a2@group-30B6692CD68C, cid=3337, SUCCESS, logIndex=5552, commits[374189d0-76c5-49d2-81b4-45a4af1368a2:c5552]
2019-06-14 08:43:11,231 INFO  client.GrpcClientProtocolClient (GrpcClientProtocolClient.java:onNext(254)) - client-2EC808601240->374189d0-76c5-49d2-81b4-45a4af1368a2: receive RaftClientReply:client-2EC808601240->374189d0-76c5-49d2-81b4-45a4af1368a2@group-30B6692CD68C, cid=3338, SUCCESS, logIndex=5554, commits[374189d0-76c5-49d2-81b4-45a4af1368a2:c5554]
2019-06-14 08:43:11,231 INFO  client.GrpcClientProtocolClient (GrpcClientProtocolClient.java:onNext(254)) - client-2EC808601240->374189d0-76c5-49d2-81b4-45a4af1368a2: receive RaftClientReply:client-2EC808601240->374189d0-76c5-49d2-81b4-45a4af1368a2@group-30B6692CD68C, cid=3339, SUCCESS, logIndex=5555, commits[374189d0-76c5-49d2-81b4-45a4af1368a2:c5557]
2019-06-14 08:43:11,232 INFO  client.GrpcClientProtocolClient (GrpcClientProtocolClient.java:onNext(254)) - client-2EC808601240->374189d0-76c5-49d2-81b4-45a4af1368a2: receive RaftClientReply:client-2EC808601240->374189d0-76c5-49d2-81b4-45a4af1368a2@group-30B6692CD68C, cid=3340, SUCCESS, logIndex=5556, commits[374189d0-76c5-49d2-81b4-45a4af1368a2:c5557]
2019-06-14 08:43:11,239 INFO  client.GrpcClientProtocolClient (GrpcClientProtocolClient.java:onNext(254)) - client-2EC808601240->374189d0-76c5-49d2-81b4-45a4af1368a2: receive RaftClientReply:client-2EC808601240->374189d0-76c5-49d2-81b4-45a4af1368a2@group-30B6692CD68C, cid=3341, SUCCESS, logIndex=5558, commits[374189d0-76c5-49d2-81b4-45a4af1368a2:c5558]
2019-06-14 08:43:11,241 INFO  client.GrpcClientProtocolClient (GrpcClientProtocolClient.java:onNext(254)) - client-2EC808601240->374189d0-76c5-49d2-81b4-45a4af1368a2: receive RaftClientReply:client-2EC808601240->374189d0-76c5-49d2-81b4-45a4af1368a2@group-30B6692CD68C, cid=3342, SUCCESS, logIndex=5560, commits[374189d0-76c5-49d2-81b4-45a4af1368a2:c5560]
2019-06-14 08:43:11,241 INFO  client.GrpcClientProtocolClient (GrpcClientProtocolClient.java:onNext(254)) - client-2EC808601240->374189d0-76c5-49d2-81b4-45a4af1368a2: receive RaftClientReply:client-2EC808601240->374189d0-76c5-49d2-81b4-45a4af1368a2@group-30B6692CD68C, cid=3343, SUCCESS, logIndex=5561, commits[374189d0-76c5-49d2-81b4-45a4af1368a2:c5563]
2019-06-14 08:43:11,242 INFO  client.GrpcClientProtocolClient (GrpcClientProtocolClient.java:onNext(254)) - client-2EC808601240->374189d0-76c5-49d2-81b4-45a4af1368a2: receive RaftClientReply:client-2EC808601240->374189d0-76c5-49d2-81b4-45a4af1368a2@group-30B6692CD68C, cid=3344, SUCCESS, logIndex=5562, commits[374189d0-76c5-49d2-81b4-45a4af1368a2:c5563]
2019-06-14 08:43:11,244 DEBUG block.SCMBlockDeletingService (SCMBlockDeletingService.java:call(138)) - Running DeletedBlockTransactionScanner
2019-06-14 08:43:11,245 DEBUG block.SCMBlockDeletingService (SCMBlockDeletingService.java:call(155)) - Scanned deleted blocks log and got 0 delTX to process.
2019-06-14 08:43:11,252 INFO  client.GrpcClientProtocolClient (GrpcClientProtocolClient.java:onNext(254)) - client-2EC808601240->374189d0-76c5-49d2-81b4-45a4af1368a2: receive RaftClientReply:client-2EC808601240->374189d0-76c5-49d2-81b4-45a4af1368a2@group-30B6692CD68C, cid=3345, SUCCESS, logIndex=5564, commits[374189d0-76c5-49d2-81b4-45a4af1368a2:c5564]
2019-06-14 08:43:11,253 INFO  client.GrpcClientProtocolClient (GrpcClientProtocolClient.java:onNext(254)) - client-2EC808601240->374189d0-76c5-49d2-81b4-45a4af1368a2: receive RaftClientReply:client-2EC808601240->374189d0-76c5-49d2-81b4-45a4af1368a2@group-30B6692CD68C, cid=3346, SUCCESS, logIndex=5566, commits[374189d0-76c5-49d2-81b4-45a4af1368a2:c5566]
2019-06-14 08:43:11,254 INFO  client.GrpcClientProtocolClient (GrpcClientProtocolClient.java:onNext(254)) - client-2EC808601240->374189d0-76c5-49d2-81b4-45a4af1368a2: receive RaftClientReply:client-2EC808601240->374189d0-76c5-49d2-81b4-45a4af1368a2@group-30B6692CD68C, cid=3347, SUCCESS, logIndex=5567, commits[374189d0-76c5-49d2-81b4-45a4af1368a2:c5569]
2019-06-14 08:43:11,254 INFO  client.GrpcClientProtocolClient (GrpcClientProtocolClient.java:onNext(254)) - client-2EC808601240->374189d0-76c5-49d2-81b4-45a4af1368a2: receive RaftClientReply:client-2EC808601240->374189d0-76c5-49d2-81b4-45a4af1368a2@group-30B6692CD68C, cid=3348, SUCCESS, logIndex=5568, commits[374189d0-76c5-49d2-81b4-45a4af1368a2:c5569]
2019-06-14 08:43:11,259 INFO  client.GrpcClientProtocolClient (GrpcClientProtocolClient.java:onNext(254)) - client-2EC808601240->374189d0-76c5-49d2-81b4-45a4af1368a2: receive RaftClientReply:client-2EC808601240->374189d0-76c5-49d2-81b4-45a4af1368a2@group-30B6692CD68C, cid=3349, SUCCESS, logIndex=5570, commits[374189d0-76c5-49d2-81b4-45a4af1368a2:c5570]
2019-06-14 08:43:11,260 INFO  client.GrpcClientProtocolClient (GrpcClientProtocolClient.java:onNext(254)) - client-2EC808601240->374189d0-76c5-49d2-81b4-45a4af1368a2: receive RaftClientReply:client-2EC808601240->374189d0-76c5-49d2-81b4-45a4af1368a2@group-30B6692CD68C, cid=3350, SUCCESS, logIndex=5572, commits[374189d0-76c5-49d2-81b4-45a4af1368a2:c5572]
2019-06-14 08:43:11,261 INFO  client.GrpcClientProtocolClient (GrpcClientProtocolClient.java:onNext(254)) - client-2EC808601240->374189d0-76c5-49d2-81b4-45a4af1368a2: receive RaftClientReply:client-2EC808601240->374189d0-76c5-49d2-81b4-45a4af1368a2@group-30B6692CD68C, cid=3351, SUCCESS, logIndex=5573, commits[374189d0-76c5-49d2-81b4-45a4af1368a2:c5575]
2019-06-14 08:43:11,263 INFO  client.GrpcClientProtocolClient (GrpcClientProtocolClient.java:onNext(254)) - client-2EC808601240->374189d0-76c5-49d2-81b4-45a4af1368a2: receive RaftClientReply:client-2EC808601240->374189d0-76c5-49d2-81b4-45a4af1368a2@group-30B6692CD68C, cid=3352, SUCCESS, logIndex=5574, commits[374189d0-76c5-49d2-81b4-45a4af1368a2:c5575]
2019-06-14 08:43:11,273 INFO  client.GrpcClientProtocolClient (GrpcClientProtocolClient.java:onNext(254)) - client-2EC808601240->374189d0-76c5-49d2-81b4-45a4af1368a2: receive RaftClientReply:client-2EC808601240->374189d0-76c5-49d2-81b4-45a4af1368a2@group-30B6692CD68C, cid=3353, SUCCESS, logIndex=5576, commits[374189d0-76c5-49d2-81b4-45a4af1368a2:c5576]
2019-06-14 08:43:11,274 INFO  client.GrpcClientProtocolClient (GrpcClientProtocolClient.java:onNext(254)) - client-2EC808601240->374189d0-76c5-49d2-81b4-45a4af1368a2: receive RaftClientReply:client-2EC808601240->374189d0-76c5-49d2-81b4-45a4af1368a2@group-30B6692CD68C, cid=3354, SUCCESS, logIndex=5578, commits[374189d0-76c5-49d2-81b4-45a4af1368a2:c5578]
2019-06-14 08:43:11,275 INFO  client.GrpcClientProtocolClient (GrpcClientProtocolClient.java:onNext(254)) - client-2EC808601240->374189d0-76c5-49d2-81b4-45a4af1368a2: receive RaftClientReply:client-2EC808601240->374189d0-76c5-49d2-81b4-45a4af1368a2@group-30B6692CD68C, cid=3355, SUCCESS, logIndex=5579, commits[374189d0-76c5-49d2-81b4-45a4af1368a2:c5579]
2019-06-14 08:43:11,275 INFO  client.GrpcClientProtocolClient (GrpcClientProtocolClient.java:onNext(254)) - client-2EC808601240->374189d0-76c5-49d2-81b4-45a4af1368a2: receive RaftClientReply:client-2EC808601240->374189d0-76c5-49d2-81b4-45a4af1368a2@group-30B6692CD68C, cid=3356, SUCCESS, logIndex=5581, commits[374189d0-76c5-49d2-81b4-45a4af1368a2:c5581]
2019-06-14 08:43:11,318 INFO  storage.RaftLogWorker (RaftLogWorker.java:rollLogSegment(303)) - 374189d0-76c5-49d2-81b4-45a4af1368a2-RaftLogWorker: Rolling segment log-5508_5583 to index:5583
2019-06-14 08:43:11,318 INFO  storage.RaftLogWorker (RaftLogWorker.java:execute(433)) - 374189d0-76c5-49d2-81b4-45a4af1368a2-RaftLogWorker: Rolled log segment from /opt/src/hadoop-ozone/integration-test/target/test-dir/MiniOzoneClusterImpl-1994f8b8-dd4d-445c-bf25-0c6d40f9b14d/datanode-0/data/ratis/99d0acb8-99ce-4814-8259-30b6692cd68c/current/log_inprogress_5508 to /opt/src/hadoop-ozone/integration-test/target/test-dir/MiniOzoneClusterImpl-1994f8b8-dd4d-445c-bf25-0c6d40f9b14d/datanode-0/data/ratis/99d0acb8-99ce-4814-8259-30b6692cd68c/current/log_5508-5583
2019-06-14 08:43:11,347 DEBUG block.SCMBlockDeletingService (SCMBlockDeletingService.java:call(138)) - Running DeletedBlockTransactionScanner
2019-06-14 08:43:11,347 DEBUG block.SCMBlockDeletingService (SCMBlockDeletingService.java:call(155)) - Scanned deleted blocks log and got 0 delTX to process.
2019-06-14 08:43:11,363 INFO  storage.RaftLogWorker (RaftLogWorker.java:execute(469)) - 374189d0-76c5-49d2-81b4-45a4af1368a2-RaftLogWorker: created new log segment /opt/src/hadoop-ozone/integration-test/target/test-dir/MiniOzoneClusterImpl-1994f8b8-dd4d-445c-bf25-0c6d40f9b14d/datanode-0/data/ratis/99d0acb8-99ce-4814-8259-30b6692cd68c/current/log_inprogress_5584
2019-06-14 08:43:11,365 INFO  client.GrpcClientProtocolClient (GrpcClientProtocolClient.java:onNext(254)) - client-2EC808601240->374189d0-76c5-49d2-81b4-45a4af1368a2: receive RaftClientReply:client-2EC808601240->374189d0-76c5-49d2-81b4-45a4af1368a2@group-30B6692CD68C, cid=3357, SUCCESS, logIndex=5584, commits[374189d0-76c5-49d2-81b4-45a4af1368a2:c5584]
2019-06-14 08:43:11,368 INFO  client.GrpcClientProtocolClient (GrpcClientProtocolClient.java:onNext(254)) - client-2EC808601240->374189d0-76c5-49d2-81b4-45a4af1368a2: receive RaftClientReply:client-2EC808601240->374189d0-76c5-49d2-81b4-45a4af1368a2@group-30B6692CD68C, cid=3358, SUCCESS, logIndex=5586, commits[374189d0-76c5-49d2-81b4-45a4af1368a2:c5586]
2019-06-14 08:43:11,411 INFO  client.GrpcClientProtocolClient (GrpcClientProtocolClient.java:onNext(254)) - client-2EC808601240->374189d0-76c5-49d2-81b4-45a4af1368a2: receive RaftClientReply:client-2EC808601240->374189d0-76c5-49d2-81b4-45a4af1368a2@group-30B6692CD68C, cid=3359, SUCCESS, logIndex=5588, commits[374189d0-76c5-49d2-81b4-45a4af1368a2:c5588]
2019-06-14 08:43:11,412 INFO  client.GrpcClientProtocolClient (GrpcClientProtocolClient.java:onNext(254)) - client-2EC808601240->374189d0-76c5-49d2-81b4-45a4af1368a2: receive RaftClientReply:client-2EC808601240->374189d0-76c5-49d2-81b4-45a4af1368a2@group-30B6692CD68C, cid=3360, SUCCESS, logIndex=5590, commits[374189d0-76c5-49d2-81b4-45a4af1368a2:c5590]
2019-06-14 08:43:11,422 INFO  client.GrpcClientProtocolClient (GrpcClientProtocolClient.java:onNext(254)) - client-2EC808601240->374189d0-76c5-49d2-81b4-45a4af1368a2: receive RaftClientReply:client-2EC808601240->374189d0-76c5-49d2-81b4-45a4af1368a2@group-30B6692CD68C, cid=3361, SUCCESS, logIndex=5592, commits[374189d0-76c5-49d2-81b4-45a4af1368a2:c5592]
2019-06-14 08:43:11,423 INFO  client.GrpcClientProtocolClient (GrpcClientProtocolClient.java:onNext(254)) - client-2EC808601240->374189d0-76c5-49d2-81b4-45a4af1368a2: receive RaftClientReply:client-2EC808601240->374189d0-76c5-49d2-81b4-45a4af1368a2@group-30B6692CD68C, cid=3362, SUCCESS, logIndex=5594, commits[374189d0-76c5-49d2-81b4-45a4af1368a2:c5594]
2019-06-14 08:43:11,424 INFO  client.GrpcClientProtocolClient (GrpcClientProtocolClient.java:onNext(254)) - client-2EC808601240->374189d0-76c5-49d2-81b4-45a4af1368a2: receive RaftClientReply:client-2EC808601240->374189d0-76c5-49d2-81b4-45a4af1368a2@group-30B6692CD68C, cid=3363, SUCCESS, logIndex=5595, commits[374189d0-76c5-49d2-81b4-45a4af1368a2:c5597]
2019-06-14 08:43:11,424 INFO  client.GrpcClientProtocolClient (GrpcClientProtocolClient.java:onNext(254)) - client-2EC808601240->374189d0-76c5-49d2-81b4-45a4af1368a2: receive RaftClientReply:client-2EC808601240->374189d0-76c5-49d2-81b4-45a4af1368a2@group-30B6692CD68C, cid=3364, SUCCESS, logIndex=5596, commits[374189d0-76c5-49d2-81b4-45a4af1368a2:c5597]
2019-06-14 08:43:11,429 INFO  client.GrpcClientProtocolClient (GrpcClientProtocolClient.java:onNext(254)) - client-2EC808601240->374189d0-76c5-49d2-81b4-45a4af1368a2: receive RaftClientReply:client-2EC808601240->374189d0-76c5-49d2-81b4-45a4af1368a2@group-30B6692CD68C, cid=3365, SUCCESS, logIndex=5598, commits[374189d0-76c5-49d2-81b4-45a4af1368a2:c5598]
2019-06-14 08:43:11,430 INFO  client.GrpcClientProtocolClient (GrpcClientProtocolClient.java:onNext(254)) - client-2EC808601240->374189d0-76c5-49d2-81b4-45a4af1368a2: receive RaftClientReply:client-2EC808601240->374189d0-76c5-49d2-81b4-45a4af1368a2@group-30B6692CD68C, cid=3366, SUCCESS, logIndex=5600, commits[374189d0-76c5-49d2-81b4-45a4af1368a2:c5600]
2019-06-14 08:43:11,431 INFO  client.GrpcClientProtocolClient (GrpcClientProtocolClient.java:onNext(254)) - client-2EC808601240->374189d0-76c5-49d2-81b4-45a4af1368a2: receive RaftClientReply:client-2EC808601240->374189d0-76c5-49d2-81b4-45a4af1368a2@group-30B6692CD68C, cid=3367, SUCCESS, logIndex=5601, commits[374189d0-76c5-49d2-81b4-45a4af1368a2:c5603]
2019-06-14 08:43:11,432 INFO  client.GrpcClientProtocolClient (GrpcClientProtocolClient.java:onNext(254)) - client-2EC808601240->374189d0-76c5-49d2-81b4-45a4af1368a2: receive RaftClientReply:client-2EC808601240->374189d0-76c5-49d2-81b4-45a4af1368a2@group-30B6692CD68C, cid=3368, SUCCESS, logIndex=5602, commits[374189d0-76c5-49d2-81b4-45a4af1368a2:c5603]
2019-06-14 08:43:11,444 INFO  client.GrpcClientProtocolClient (GrpcClientProtocolClient.java:onNext(254)) - client-2EC808601240->374189d0-76c5-49d2-81b4-45a4af1368a2: receive RaftClientReply:client-2EC808601240->374189d0-76c5-49d2-81b4-45a4af1368a2@group-30B6692CD68C, cid=3369, SUCCESS, logIndex=5604, commits[374189d0-76c5-49d2-81b4-45a4af1368a2:c5604]
2019-06-14 08:43:11,446 INFO  client.GrpcClientProtocolClient (GrpcClientProtocolClient.java:onNext(254)) - client-2EC808601240->374189d0-76c5-49d2-81b4-45a4af1368a2: receive RaftClientReply:client-2EC808601240->374189d0-76c5-49d2-81b4-45a4af1368a2@group-30B6692CD68C, cid=3370, SUCCESS, logIndex=5606, commits[374189d0-76c5-49d2-81b4-45a4af1368a2:c5606]
2019-06-14 08:43:11,446 INFO  client.GrpcClientProtocolClient (GrpcClientProtocolClient.java:onNext(254)) - client-2EC808601240->374189d0-76c5-49d2-81b4-45a4af1368a2: receive RaftClientReply:client-2EC808601240->374189d0-76c5-49d2-81b4-45a4af1368a2@group-30B6692CD68C, cid=3371, SUCCESS, logIndex=5607, commits[374189d0-76c5-49d2-81b4-45a4af1368a2:c5609]
2019-06-14 08:43:11,446 INFO  client.GrpcClientProtocolClient (GrpcClientProtocolClient.java:onNext(254)) - client-2EC808601240->374189d0-76c5-49d2-81b4-45a4af1368a2: receive RaftClientReply:client-2EC808601240->374189d0-76c5-49d2-81b4-45a4af1368a2@group-30B6692CD68C, cid=3372, SUCCESS, logIndex=5608, commits[374189d0-76c5-49d2-81b4-45a4af1368a2:c5609]
2019-06-14 08:43:11,447 DEBUG block.SCMBlockDeletingService (SCMBlockDeletingService.java:call(138)) - Running DeletedBlockTransactionScanner
2019-06-14 08:43:11,447 DEBUG block.SCMBlockDeletingService (SCMBlockDeletingService.java:call(155)) - Scanned deleted blocks log and got 0 delTX to process.
2019-06-14 08:43:11,451 INFO  client.GrpcClientProtocolClient (GrpcClientProtocolClient.java:onNext(254)) - client-2EC808601240->374189d0-76c5-49d2-81b4-45a4af1368a2: receive RaftClientReply:client-2EC808601240->374189d0-76c5-49d2-81b4-45a4af1368a2@group-30B6692CD68C, cid=3373, SUCCESS, logIndex=5610, commits[374189d0-76c5-49d2-81b4-45a4af1368a2:c5610]
2019-06-14 08:43:11,454 INFO  client.GrpcClientProtocolClient (GrpcClientProtocolClient.java:onNext(254)) - client-2EC808601240->374189d0-76c5-49d2-81b4-45a4af1368a2: receive RaftClientReply:client-2EC808601240->374189d0-76c5-49d2-81b4-45a4af1368a2@group-30B6692CD68C, cid=3374, SUCCESS, logIndex=5612, commits[374189d0-76c5-49d2-81b4-45a4af1368a2:c5614]
2019-06-14 08:43:11,454 INFO  client.GrpcClientProtocolClient (GrpcClientProtocolClient.java:onNext(254)) - client-2EC808601240->374189d0-76c5-49d2-81b4-45a4af1368a2: receive RaftClientReply:client-2EC808601240->374189d0-76c5-49d2-81b4-45a4af1368a2@group-30B6692CD68C, cid=3375, SUCCESS, logIndex=5613, commits[374189d0-76c5-49d2-81b4-45a4af1368a2:c5614]
2019-06-14 08:43:11,455 INFO  client.GrpcClientProtocolClient (GrpcClientProtocolClient.java:onNext(254)) - client-2EC808601240->374189d0-76c5-49d2-81b4-45a4af1368a2: receive RaftClientReply:client-2EC808601240->374189d0-76c5-49d2-81b4-45a4af1368a2@group-30B6692CD68C, cid=3376, SUCCESS, logIndex=5614, commits[374189d0-76c5-49d2-81b4-45a4af1368a2:c5614]
2019-06-14 08:43:11,464 INFO  client.GrpcClientProtocolClient (GrpcClientProtocolClient.java:onNext(254)) - client-2EC808601240->374189d0-76c5-49d2-81b4-45a4af1368a2: receive RaftClientReply:client-2EC808601240->374189d0-76c5-49d2-81b4-45a4af1368a2@group-30B6692CD68C, cid=3377, SUCCESS, logIndex=5616, commits[374189d0-76c5-49d2-81b4-45a4af1368a2:c5616]
2019-06-14 08:43:11,466 INFO  client.GrpcClientProtocolClient (GrpcClientProtocolClient.java:onNext(254)) - client-2EC808601240->374189d0-76c5-49d2-81b4-45a4af1368a2: receive RaftClientReply:client-2EC808601240->374189d0-76c5-49d2-81b4-45a4af1368a2@group-30B6692CD68C, cid=3378, SUCCESS, logIndex=5618, commits[374189d0-76c5-49d2-81b4-45a4af1368a2:c5618]
2019-06-14 08:43:11,467 INFO  client.GrpcClientProtocolClient (GrpcClientProtocolClient.java:onNext(254)) - client-2EC808601240->374189d0-76c5-49d2-81b4-45a4af1368a2: receive RaftClientReply:client-2EC808601240->374189d0-76c5-49d2-81b4-45a4af1368a2@group-30B6692CD68C, cid=3379, SUCCESS, logIndex=5619, commits[374189d0-76c5-49d2-81b4-45a4af1368a2:c5621]
2019-06-14 08:43:11,467 INFO  client.GrpcClientProtocolClient (GrpcClientProtocolClient.java:onNext(254)) - client-2EC808601240->374189d0-76c5-49d2-81b4-45a4af1368a2: receive RaftClientReply:client-2EC808601240->374189d0-76c5-49d2-81b4-45a4af1368a2@group-30B6692CD68C, cid=3380, SUCCESS, logIndex=5620, commits[374189d0-76c5-49d2-81b4-45a4af1368a2:c5621]
2019-06-14 08:43:11,472 INFO  client.GrpcClientProtocolClient (GrpcClientProtocolClient.java:onNext(254)) - client-2EC808601240->374189d0-76c5-49d2-81b4-45a4af1368a2: receive RaftClientReply:client-2EC808601240->374189d0-76c5-49d2-81b4-45a4af1368a2@group-30B6692CD68C, cid=3381, SUCCESS, logIndex=5622, commits[374189d0-76c5-49d2-81b4-45a4af1368a2:c5622]
2019-06-14 08:43:11,474 INFO  client.GrpcClientProtocolClient (GrpcClientProtocolClient.java:onNext(254)) - client-2EC808601240->374189d0-76c5-49d2-81b4-45a4af1368a2: receive RaftClientReply:client-2EC808601240->374189d0-76c5-49d2-81b4-45a4af1368a2@group-30B6692CD68C, cid=3382, SUCCESS, logIndex=5624, commits[374189d0-76c5-49d2-81b4-45a4af1368a2:c5624]
2019-06-14 08:43:11,475 INFO  client.GrpcClientProtocolClient (GrpcClientProtocolClient.java:onNext(254)) - client-2EC808601240->374189d0-76c5-49d2-81b4-45a4af1368a2: receive RaftClientReply:client-2EC808601240->374189d0-76c5-49d2-81b4-45a4af1368a2@group-30B6692CD68C, cid=3383, SUCCESS, logIndex=5625, commits[374189d0-76c5-49d2-81b4-45a4af1368a2:c5627]
2019-06-14 08:43:11,475 INFO  client.GrpcClientProtocolClient (GrpcClientProtocolClient.java:onNext(254)) - client-2EC808601240->374189d0-76c5-49d2-81b4-45a4af1368a2: receive RaftClientReply:client-2EC808601240->374189d0-76c5-49d2-81b4-45a4af1368a2@group-30B6692CD68C, cid=3384, SUCCESS, logIndex=5626, commits[374189d0-76c5-49d2-81b4-45a4af1368a2:c5627]
2019-06-14 08:43:11,485 INFO  client.GrpcClientProtocolClient (GrpcClientProtocolClient.java:onNext(254)) - client-2EC808601240->374189d0-76c5-49d2-81b4-45a4af1368a2: receive RaftClientReply:client-2EC808601240->374189d0-76c5-49d2-81b4-45a4af1368a2@group-30B6692CD68C, cid=3385, SUCCESS, logIndex=5628, commits[374189d0-76c5-49d2-81b4-45a4af1368a2:c5628]
2019-06-14 08:43:11,488 INFO  client.GrpcClientProtocolClient (GrpcClientProtocolClient.java:onNext(254)) - client-2EC808601240->374189d0-76c5-49d2-81b4-45a4af1368a2: receive RaftClientReply:client-2EC808601240->374189d0-76c5-49d2-81b4-45a4af1368a2@group-30B6692CD68C, cid=3386, SUCCESS, logIndex=5630, commits[374189d0-76c5-49d2-81b4-45a4af1368a2:c5632]
2019-06-14 08:43:11,489 INFO  client.GrpcClientProtocolClient (GrpcClientProtocolClient.java:onNext(254)) - client-2EC808601240->374189d0-76c5-49d2-81b4-45a4af1368a2: receive RaftClientReply:client-2EC808601240->374189d0-76c5-49d2-81b4-45a4af1368a2@group-30B6692CD68C, cid=3387, SUCCESS, logIndex=5631, commits[374189d0-76c5-49d2-81b4-45a4af1368a2:c5633]
2019-06-14 08:43:11,489 INFO  client.GrpcClientProtocolClient (GrpcClientProtocolClient.java:onNext(254)) - client-2EC808601240->374189d0-76c5-49d2-81b4-45a4af1368a2: receive RaftClientReply:client-2EC808601240->374189d0-76c5-49d2-81b4-45a4af1368a2@group-30B6692CD68C, cid=3388, SUCCESS, logIndex=5632, commits[374189d0-76c5-49d2-81b4-45a4af1368a2:c5633]
2019-06-14 08:43:11,494 INFO  client.GrpcClientProtocolClient (GrpcClientProtocolClient.java:onNext(254)) - client-2EC808601240->374189d0-76c5-49d2-81b4-45a4af1368a2: receive RaftClientReply:client-2EC808601240->374189d0-76c5-49d2-81b4-45a4af1368a2@group-30B6692CD68C, cid=3389, SUCCESS, logIndex=5634, commits[374189d0-76c5-49d2-81b4-45a4af1368a2:c5634]
2019-06-14 08:43:11,496 INFO  client.GrpcClientProtocolClient (GrpcClientProtocolClient.java:onNext(254)) - client-2EC808601240->374189d0-76c5-49d2-81b4-45a4af1368a2: receive RaftClientReply:client-2EC808601240->374189d0-76c5-49d2-81b4-45a4af1368a2@group-30B6692CD68C, cid=3390, SUCCESS, logIndex=5636, commits[374189d0-76c5-49d2-81b4-45a4af1368a2:c5636]
2019-06-14 08:43:11,497 INFO  client.GrpcClientProtocolClient (GrpcClientProtocolClient.java:onNext(254)) - client-2EC808601240->374189d0-76c5-49d2-81b4-45a4af1368a2: receive RaftClientReply:client-2EC808601240->374189d0-76c5-49d2-81b4-45a4af1368a2@group-30B6692CD68C, cid=3391, SUCCESS, logIndex=5637, commits[374189d0-76c5-49d2-81b4-45a4af1368a2:c5638]
2019-06-14 08:43:11,498 INFO  client.GrpcClientProtocolClient (GrpcClientProtocolClient.java:onNext(254)) - client-2EC808601240->374189d0-76c5-49d2-81b4-45a4af1368a2: receive RaftClientReply:client-2EC808601240->374189d0-76c5-49d2-81b4-45a4af1368a2@group-30B6692CD68C, cid=3392, SUCCESS, logIndex=5639, commits[374189d0-76c5-49d2-81b4-45a4af1368a2:c5639]
2019-06-14 08:43:11,510 INFO  client.GrpcClientProtocolClient (GrpcClientProtocolClient.java:onNext(254)) - client-2EC808601240->374189d0-76c5-49d2-81b4-45a4af1368a2: receive RaftClientReply:client-2EC808601240->374189d0-76c5-49d2-81b4-45a4af1368a2@group-30B6692CD68C, cid=3393, SUCCESS, logIndex=5641, commits[374189d0-76c5-49d2-81b4-45a4af1368a2:c5641]
2019-06-14 08:43:11,511 INFO  client.GrpcClientProtocolClient (GrpcClientProtocolClient.java:onNext(254)) - client-2EC808601240->374189d0-76c5-49d2-81b4-45a4af1368a2: receive RaftClientReply:client-2EC808601240->374189d0-76c5-49d2-81b4-45a4af1368a2@group-30B6692CD68C, cid=3394, SUCCESS, logIndex=5643, commits[374189d0-76c5-49d2-81b4-45a4af1368a2:c5643]
2019-06-14 08:43:11,512 INFO  client.GrpcClientProtocolClient (GrpcClientProtocolClient.java:onNext(254)) - client-2EC808601240->374189d0-76c5-49d2-81b4-45a4af1368a2: receive RaftClientReply:client-2EC808601240->374189d0-76c5-49d2-81b4-45a4af1368a2@group-30B6692CD68C, cid=3395, SUCCESS, logIndex=5644, commits[374189d0-76c5-49d2-81b4-45a4af1368a2:c5646]
2019-06-14 08:43:11,512 INFO  client.GrpcClientProtocolClient (GrpcClientProtocolClient.java:onNext(254)) - client-2EC808601240->374189d0-76c5-49d2-81b4-45a4af1368a2: receive RaftClientReply:client-2EC808601240->374189d0-76c5-49d2-81b4-45a4af1368a2@group-30B6692CD68C, cid=3396, SUCCESS, logIndex=5645, commits[374189d0-76c5-49d2-81b4-45a4af1368a2:c5646]
2019-06-14 08:43:11,518 INFO  client.GrpcClientProtocolClient (GrpcClientProtocolClient.java:onNext(254)) - client-2EC808601240->374189d0-76c5-49d2-81b4-45a4af1368a2: receive RaftClientReply:client-2EC808601240->374189d0-76c5-49d2-81b4-45a4af1368a2@group-30B6692CD68C, cid=3397, SUCCESS, logIndex=5647, commits[374189d0-76c5-49d2-81b4-45a4af1368a2:c5648]
2019-06-14 08:43:11,518 INFO  storage.RaftLogWorker (RaftLogWorker.java:rollLogSegment(303)) - 374189d0-76c5-49d2-81b4-45a4af1368a2-RaftLogWorker: Rolling segment log-5584_5650 to index:5650
2019-06-14 08:43:11,519 INFO  storage.RaftLogWorker (RaftLogWorker.java:execute(433)) - 374189d0-76c5-49d2-81b4-45a4af1368a2-RaftLogWorker: Rolled log segment from /opt/src/hadoop-ozone/integration-test/target/test-dir/MiniOzoneClusterImpl-1994f8b8-dd4d-445c-bf25-0c6d40f9b14d/datanode-0/data/ratis/99d0acb8-99ce-4814-8259-30b6692cd68c/current/log_inprogress_5584 to /opt/src/hadoop-ozone/integration-test/target/test-dir/MiniOzoneClusterImpl-1994f8b8-dd4d-445c-bf25-0c6d40f9b14d/datanode-0/data/ratis/99d0acb8-99ce-4814-8259-30b6692cd68c/current/log_5584-5650
2019-06-14 08:43:11,522 INFO  client.GrpcClientProtocolClient (GrpcClientProtocolClient.java:onNext(254)) - client-2EC808601240->374189d0-76c5-49d2-81b4-45a4af1368a2: receive RaftClientReply:client-2EC808601240->374189d0-76c5-49d2-81b4-45a4af1368a2@group-30B6692CD68C, cid=3398, SUCCESS, logIndex=5649, commits[374189d0-76c5-49d2-81b4-45a4af1368a2:c5649]
2019-06-14 08:43:11,527 INFO  client.GrpcClientProtocolClient (GrpcClientProtocolClient.java:onNext(254)) - client-2EC808601240->374189d0-76c5-49d2-81b4-45a4af1368a2: receive RaftClientReply:client-2EC808601240->374189d0-76c5-49d2-81b4-45a4af1368a2@group-30B6692CD68C, cid=3399, SUCCESS, logIndex=5650, commits[374189d0-76c5-49d2-81b4-45a4af1368a2:c5650]
2019-06-14 08:43:11,547 DEBUG block.SCMBlockDeletingService (SCMBlockDeletingService.java:call(138)) - Running DeletedBlockTransactionScanner
2019-06-14 08:43:11,548 DEBUG block.SCMBlockDeletingService (SCMBlockDeletingService.java:call(155)) - Scanned deleted blocks log and got 0 delTX to process.
2019-06-14 08:43:11,561 INFO  storage.RaftLogWorker (RaftLogWorker.java:execute(469)) - 374189d0-76c5-49d2-81b4-45a4af1368a2-RaftLogWorker: created new log segment /opt/src/hadoop-ozone/integration-test/target/test-dir/MiniOzoneClusterImpl-1994f8b8-dd4d-445c-bf25-0c6d40f9b14d/datanode-0/data/ratis/99d0acb8-99ce-4814-8259-30b6692cd68c/current/log_inprogress_5651
2019-06-14 08:43:11,563 INFO  client.GrpcClientProtocolClient (GrpcClientProtocolClient.java:onNext(254)) - client-2EC808601240->374189d0-76c5-49d2-81b4-45a4af1368a2: receive RaftClientReply:client-2EC808601240->374189d0-76c5-49d2-81b4-45a4af1368a2@group-30B6692CD68C, cid=3400, SUCCESS, logIndex=5651, commits[374189d0-76c5-49d2-81b4-45a4af1368a2:c5653]
2019-06-14 08:43:11,577 INFO  client.GrpcClientProtocolClient (GrpcClientProtocolClient.java:onNext(254)) - client-2EC808601240->374189d0-76c5-49d2-81b4-45a4af1368a2: receive RaftClientReply:client-2EC808601240->374189d0-76c5-49d2-81b4-45a4af1368a2@group-30B6692CD68C, cid=3401, SUCCESS, logIndex=5654, commits[374189d0-76c5-49d2-81b4-45a4af1368a2:c5654]
2019-06-14 08:43:11,577 INFO  client.GrpcClientProtocolClient (GrpcClientProtocolClient.java:onNext(254)) - client-2EC808601240->374189d0-76c5-49d2-81b4-45a4af1368a2: receive RaftClientReply:client-2EC808601240->374189d0-76c5-49d2-81b4-45a4af1368a2@group-30B6692CD68C, cid=3402, SUCCESS, logIndex=5656, commits[374189d0-76c5-49d2-81b4-45a4af1368a2:c5656]
2019-06-14 08:43:11,581 INFO  client.GrpcClientProtocolClient (GrpcClientProtocolClient.java:onNext(254)) - client-2EC808601240->374189d0-76c5-49d2-81b4-45a4af1368a2: receive RaftClientReply:client-2EC808601240->374189d0-76c5-49d2-81b4-45a4af1368a2@group-30B6692CD68C, cid=3403, SUCCESS, logIndex=5658, commits[374189d0-76c5-49d2-81b4-45a4af1368a2:c5658]
2019-06-14 08:43:11,583 INFO  client.GrpcClientProtocolClient (GrpcClientProtocolClient.java:onNext(254)) - client-2EC808601240->374189d0-76c5-49d2-81b4-45a4af1368a2: receive RaftClientReply:client-2EC808601240->374189d0-76c5-49d2-81b4-45a4af1368a2@group-30B6692CD68C, cid=3404, SUCCESS, logIndex=5660, commits[374189d0-76c5-49d2-81b4-45a4af1368a2:c5660]
2019-06-14 08:43:11,648 DEBUG block.SCMBlockDeletingService (SCMBlockDeletingService.java:call(138)) - Running DeletedBlockTransactionScanner
2019-06-14 08:43:11,648 DEBUG block.SCMBlockDeletingService (SCMBlockDeletingService.java:call(155)) - Scanned deleted blocks log and got 0 delTX to process.
2019-06-14 08:43:11,669 INFO  client.GrpcClientProtocolClient (GrpcClientProtocolClient.java:onNext(254)) - client-2EC808601240->374189d0-76c5-49d2-81b4-45a4af1368a2: receive RaftClientReply:client-2EC808601240->374189d0-76c5-49d2-81b4-45a4af1368a2@group-30B6692CD68C, cid=3405, SUCCESS, logIndex=5662, commits[374189d0-76c5-49d2-81b4-45a4af1368a2:c5662]
2019-06-14 08:43:11,670 INFO  client.GrpcClientProtocolClient (GrpcClientProtocolClient.java:onNext(254)) - client-2EC808601240->374189d0-76c5-49d2-81b4-45a4af1368a2: receive RaftClientReply:client-2EC808601240->374189d0-76c5-49d2-81b4-45a4af1368a2@group-30B6692CD68C, cid=3406, SUCCESS, logIndex=5664, commits[374189d0-76c5-49d2-81b4-45a4af1368a2:c5664]
2019-06-14 08:43:11,671 INFO  client.GrpcClientProtocolClient (GrpcClientProtocolClient.java:onNext(254)) - client-2EC808601240->374189d0-76c5-49d2-81b4-45a4af1368a2: receive RaftClientReply:client-2EC808601240->374189d0-76c5-49d2-81b4-45a4af1368a2@group-30B6692CD68C, cid=3407, SUCCESS, logIndex=5665, commits[374189d0-76c5-49d2-81b4-45a4af1368a2:c5667]
2019-06-14 08:43:11,671 INFO  client.GrpcClientProtocolClient (GrpcClientProtocolClient.java:onNext(254)) - client-2EC808601240->374189d0-76c5-49d2-81b4-45a4af1368a2: receive RaftClientReply:client-2EC808601240->374189d0-76c5-49d2-81b4-45a4af1368a2@group-30B6692CD68C, cid=3408, SUCCESS, logIndex=5666, commits[374189d0-76c5-49d2-81b4-45a4af1368a2:c5667]
2019-06-14 08:43:11,681 INFO  client.GrpcClientProtocolClient (GrpcClientProtocolClient.java:onNext(254)) - client-2EC808601240->374189d0-76c5-49d2-81b4-45a4af1368a2: receive RaftClientReply:client-2EC808601240->374189d0-76c5-49d2-81b4-45a4af1368a2@group-30B6692CD68C, cid=3409, SUCCESS, logIndex=5668, commits[374189d0-76c5-49d2-81b4-45a4af1368a2:c5668]
2019-06-14 08:43:11,683 INFO  client.GrpcClientProtocolClient (GrpcClientProtocolClient.java:onNext(254)) - client-2EC808601240->374189d0-76c5-49d2-81b4-45a4af1368a2: receive RaftClientReply:client-2EC808601240->374189d0-76c5-49d2-81b4-45a4af1368a2@group-30B6692CD68C, cid=3410, SUCCESS, logIndex=5670, commits[374189d0-76c5-49d2-81b4-45a4af1368a2:c5670]
2019-06-14 08:43:11,684 INFO  client.GrpcClientProtocolClient (GrpcClientProtocolClient.java:onNext(254)) - client-2EC808601240->374189d0-76c5-49d2-81b4-45a4af1368a2: receive RaftClientReply:client-2EC808601240->374189d0-76c5-49d2-81b4-45a4af1368a2@group-30B6692CD68C, cid=3411, SUCCESS, logIndex=5671, commits[374189d0-76c5-49d2-81b4-45a4af1368a2:c5673]
2019-06-14 08:43:11,684 INFO  client.GrpcClientProtocolClient (GrpcClientProtocolClient.java:onNext(254)) - client-2EC808601240->374189d0-76c5-49d2-81b4-45a4af1368a2: receive RaftClientReply:client-2EC808601240->374189d0-76c5-49d2-81b4-45a4af1368a2@group-30B6692CD68C, cid=3412, SUCCESS, logIndex=5672, commits[374189d0-76c5-49d2-81b4-45a4af1368a2:c5673]
2019-06-14 08:43:11,689 INFO  client.GrpcClientProtocolClient (GrpcClientProtocolClient.java:onNext(254)) - client-2EC808601240->374189d0-76c5-49d2-81b4-45a4af1368a2: receive RaftClientReply:client-2EC808601240->374189d0-76c5-49d2-81b4-45a4af1368a2@group-30B6692CD68C, cid=3413, SUCCESS, logIndex=5674, commits[374189d0-76c5-49d2-81b4-45a4af1368a2:c5674]
2019-06-14 08:43:11,690 INFO  client.GrpcClientProtocolClient (GrpcClientProtocolClient.java:onNext(254)) - client-2EC808601240->374189d0-76c5-49d2-81b4-45a4af1368a2: receive RaftClientReply:client-2EC808601240->374189d0-76c5-49d2-81b4-45a4af1368a2@group-30B6692CD68C, cid=3414, SUCCESS, logIndex=5676, commits[374189d0-76c5-49d2-81b4-45a4af1368a2:c5676]
2019-06-14 08:43:11,691 INFO  client.GrpcClientProtocolClient (GrpcClientProtocolClient.java:onNext(254)) - client-2EC808601240->374189d0-76c5-49d2-81b4-45a4af1368a2: receive RaftClientReply:client-2EC808601240->374189d0-76c5-49d2-81b4-45a4af1368a2@group-30B6692CD68C, cid=3415, SUCCESS, logIndex=5677, commits[374189d0-76c5-49d2-81b4-45a4af1368a2:c5679]
2019-06-14 08:43:11,691 INFO  client.GrpcClientProtocolClient (GrpcClientProtocolClient.java:onNext(254)) - client-2EC808601240->374189d0-76c5-49d2-81b4-45a4af1368a2: receive RaftClientReply:client-2EC808601240->374189d0-76c5-49d2-81b4-45a4af1368a2@group-30B6692CD68C, cid=3416, SUCCESS, logIndex=5678, commits[374189d0-76c5-49d2-81b4-45a4af1368a2:c5679]
2019-06-14 08:43:11,701 INFO  client.GrpcClientProtocolClient (GrpcClientProtocolClient.java:onNext(254)) - client-2EC808601240->374189d0-76c5-49d2-81b4-45a4af1368a2: receive RaftClientReply:client-2EC808601240->374189d0-76c5-49d2-81b4-45a4af1368a2@group-30B6692CD68C, cid=3417, SUCCESS, logIndex=5680, commits[374189d0-76c5-49d2-81b4-45a4af1368a2:c5680]
2019-06-14 08:43:11,702 INFO  client.GrpcClientProtocolClient (GrpcClientProtocolClient.java:onNext(254)) - client-2EC808601240->374189d0-76c5-49d2-81b4-45a4af1368a2: receive RaftClientReply:client-2EC808601240->374189d0-76c5-49d2-81b4-45a4af1368a2@group-30B6692CD68C, cid=3418, SUCCESS, logIndex=5682, commits[374189d0-76c5-49d2-81b4-45a4af1368a2:c5682]
2019-06-14 08:43:11,703 INFO  client.GrpcClientProtocolClient (GrpcClientProtocolClient.java:onNext(254)) - client-2EC808601240->374189d0-76c5-49d2-81b4-45a4af1368a2: receive RaftClientReply:client-2EC808601240->374189d0-76c5-49d2-81b4-45a4af1368a2@group-30B6692CD68C, cid=3419, SUCCESS, logIndex=5683, commits[374189d0-76c5-49d2-81b4-45a4af1368a2:c5685]
2019-06-14 08:43:11,703 INFO  client.GrpcClientProtocolClient (GrpcClientProtocolClient.java:onNext(254)) - client-2EC808601240->374189d0-76c5-49d2-81b4-45a4af1368a2: receive RaftClientReply:client-2EC808601240->374189d0-76c5-49d2-81b4-45a4af1368a2@group-30B6692CD68C, cid=3420, SUCCESS, logIndex=5684, commits[374189d0-76c5-49d2-81b4-45a4af1368a2:c5685]
2019-06-14 08:43:11,708 INFO  client.GrpcClientProtocolClient (GrpcClientProtocolClient.java:onNext(254)) - client-2EC808601240->374189d0-76c5-49d2-81b4-45a4af1368a2: receive RaftClientReply:client-2EC808601240->374189d0-76c5-49d2-81b4-45a4af1368a2@group-30B6692CD68C, cid=3421, SUCCESS, logIndex=5686, commits[374189d0-76c5-49d2-81b4-45a4af1368a2:c5686]
2019-06-14 08:43:11,715 INFO  client.GrpcClientProtocolClient (GrpcClientProtocolClient.java:onNext(254)) - client-2EC808601240->374189d0-76c5-49d2-81b4-45a4af1368a2: receive RaftClientReply:client-2EC808601240->374189d0-76c5-49d2-81b4-45a4af1368a2@group-30B6692CD68C, cid=3422, SUCCESS, logIndex=5688, commits[374189d0-76c5-49d2-81b4-45a4af1368a2:c5690]
2019-06-14 08:43:11,715 INFO  client.GrpcClientProtocolClient (GrpcClientProtocolClient.java:onNext(254)) - client-2EC808601240->374189d0-76c5-49d2-81b4-45a4af1368a2: receive RaftClientReply:client-2EC808601240->374189d0-76c5-49d2-81b4-45a4af1368a2@group-30B6692CD68C, cid=3423, SUCCESS, logIndex=5689, commits[374189d0-76c5-49d2-81b4-45a4af1368a2:c5690]
2019-06-14 08:43:11,716 INFO  client.GrpcClientProtocolClient (GrpcClientProtocolClient.java:onNext(254)) - client-2EC808601240->374189d0-76c5-49d2-81b4-45a4af1368a2: receive RaftClientReply:client-2EC808601240->374189d0-76c5-49d2-81b4-45a4af1368a2@group-30B6692CD68C, cid=3424, SUCCESS, logIndex=5691, commits[374189d0-76c5-49d2-81b4-45a4af1368a2:c5691]
2019-06-14 08:43:11,725 INFO  client.GrpcClientProtocolClient (GrpcClientProtocolClient.java:onNext(254)) - client-2EC808601240->374189d0-76c5-49d2-81b4-45a4af1368a2: receive RaftClientReply:client-2EC808601240->374189d0-76c5-49d2-81b4-45a4af1368a2@group-30B6692CD68C, cid=3425, SUCCESS, logIndex=5693, commits[374189d0-76c5-49d2-81b4-45a4af1368a2:c5693]
2019-06-14 08:43:11,726 INFO  client.GrpcClientProtocolClient (GrpcClientProtocolClient.java:onNext(254)) - client-2EC808601240->374189d0-76c5-49d2-81b4-45a4af1368a2: receive RaftClientReply:client-2EC808601240->374189d0-76c5-49d2-81b4-45a4af1368a2@group-30B6692CD68C, cid=3426, SUCCESS, logIndex=5695, commits[374189d0-76c5-49d2-81b4-45a4af1368a2:c5695]
2019-06-14 08:43:11,727 INFO  client.GrpcClientProtocolClient (GrpcClientProtocolClient.java:onNext(254)) - client-2EC808601240->374189d0-76c5-49d2-81b4-45a4af1368a2: receive RaftClientReply:client-2EC808601240->374189d0-76c5-49d2-81b4-45a4af1368a2@group-30B6692CD68C, cid=3427, SUCCESS, logIndex=5696, commits[374189d0-76c5-49d2-81b4-45a4af1368a2:c5698]
2019-06-14 08:43:11,728 INFO  client.GrpcClientProtocolClient (GrpcClientProtocolClient.java:onNext(254)) - client-2EC808601240->374189d0-76c5-49d2-81b4-45a4af1368a2: receive RaftClientReply:client-2EC808601240->374189d0-76c5-49d2-81b4-45a4af1368a2@group-30B6692CD68C, cid=3428, SUCCESS, logIndex=5697, commits[374189d0-76c5-49d2-81b4-45a4af1368a2:c5698]
2019-06-14 08:43:11,732 INFO  client.GrpcClientProtocolClient (GrpcClientProtocolClient.java:onNext(254)) - client-2EC808601240->374189d0-76c5-49d2-81b4-45a4af1368a2: receive RaftClientReply:client-2EC808601240->374189d0-76c5-49d2-81b4-45a4af1368a2@group-30B6692CD68C, cid=3429, SUCCESS, logIndex=5699, commits[374189d0-76c5-49d2-81b4-45a4af1368a2:c5699]
2019-06-14 08:43:11,733 INFO  client.GrpcClientProtocolClient (GrpcClientProtocolClient.java:onNext(254)) - client-2EC808601240->374189d0-76c5-49d2-81b4-45a4af1368a2: receive RaftClientReply:client-2EC808601240->374189d0-76c5-49d2-81b4-45a4af1368a2@group-30B6692CD68C, cid=3430, SUCCESS, logIndex=5701, commits[374189d0-76c5-49d2-81b4-45a4af1368a2:c5701]
2019-06-14 08:43:11,735 INFO  client.GrpcClientProtocolClient (GrpcClientProtocolClient.java:onNext(254)) - client-2EC808601240->374189d0-76c5-49d2-81b4-45a4af1368a2: receive RaftClientReply:client-2EC808601240->374189d0-76c5-49d2-81b4-45a4af1368a2@group-30B6692CD68C, cid=3431, SUCCESS, logIndex=5702, commits[374189d0-76c5-49d2-81b4-45a4af1368a2:c5704]
2019-06-14 08:43:11,735 INFO  client.GrpcClientProtocolClient (GrpcClientProtocolClient.java:onNext(254)) - client-2EC808601240->374189d0-76c5-49d2-81b4-45a4af1368a2: receive RaftClientReply:client-2EC808601240->374189d0-76c5-49d2-81b4-45a4af1368a2@group-30B6692CD68C, cid=3432, SUCCESS, logIndex=5703, commits[374189d0-76c5-49d2-81b4-45a4af1368a2:c5704]
2019-06-14 08:43:11,744 INFO  client.GrpcClientProtocolClient (GrpcClientProtocolClient.java:onNext(254)) - client-2EC808601240->374189d0-76c5-49d2-81b4-45a4af1368a2: receive RaftClientReply:client-2EC808601240->374189d0-76c5-49d2-81b4-45a4af1368a2@group-30B6692CD68C, cid=3433, SUCCESS, logIndex=5705, commits[374189d0-76c5-49d2-81b4-45a4af1368a2:c5705]
2019-06-14 08:43:11,746 INFO  client.GrpcClientProtocolClient (GrpcClientProtocolClient.java:onNext(254)) - client-2EC808601240->374189d0-76c5-49d2-81b4-45a4af1368a2: receive RaftClientReply:client-2EC808601240->374189d0-76c5-49d2-81b4-45a4af1368a2@group-30B6692CD68C, cid=3434, SUCCESS, logIndex=5707, commits[374189d0-76c5-49d2-81b4-45a4af1368a2:c5707]
2019-06-14 08:43:11,747 INFO  client.GrpcClientProtocolClient (GrpcClientProtocolClient.java:onNext(254)) - client-2EC808601240->374189d0-76c5-49d2-81b4-45a4af1368a2: receive RaftClientReply:client-2EC808601240->374189d0-76c5-49d2-81b4-45a4af1368a2@group-30B6692CD68C, cid=3435, SUCCESS, logIndex=5708, commits[374189d0-76c5-49d2-81b4-45a4af1368a2:c5710]
2019-06-14 08:43:11,747 INFO  client.GrpcClientProtocolClient (GrpcClientProtocolClient.java:onNext(254)) - client-2EC808601240->374189d0-76c5-49d2-81b4-45a4af1368a2: receive RaftClientReply:client-2EC808601240->374189d0-76c5-49d2-81b4-45a4af1368a2@group-30B6692CD68C, cid=3436, SUCCESS, logIndex=5709, commits[374189d0-76c5-49d2-81b4-45a4af1368a2:c5710]
2019-06-14 08:43:11,748 DEBUG block.SCMBlockDeletingService (SCMBlockDeletingService.java:call(138)) - Running DeletedBlockTransactionScanner
2019-06-14 08:43:11,748 DEBUG block.SCMBlockDeletingService (SCMBlockDeletingService.java:call(155)) - Scanned deleted blocks log and got 0 delTX to process.
2019-06-14 08:43:12,033 DEBUG block.SCMBlockDeletingService (SCMBlockDeletingService.java:call(138)) - Running DeletedBlockTransactionScanner
2019-06-14 08:43:12,033 DEBUG block.SCMBlockDeletingService (SCMBlockDeletingService.java:call(155)) - Scanned deleted blocks log and got 0 delTX to process.
2019-06-14 08:43:12,042 INFO  client.GrpcClientProtocolClient (GrpcClientProtocolClient.java:onNext(254)) - client-2EC808601240->374189d0-76c5-49d2-81b4-45a4af1368a2: receive RaftClientReply:client-2EC808601240->374189d0-76c5-49d2-81b4-45a4af1368a2@group-30B6692CD68C, cid=3437, SUCCESS, logIndex=5711, commits[374189d0-76c5-49d2-81b4-45a4af1368a2:c5711]
2019-06-14 08:43:12,044 INFO  client.GrpcClientProtocolClient (GrpcClientProtocolClient.java:onNext(254)) - client-2EC808601240->374189d0-76c5-49d2-81b4-45a4af1368a2: receive RaftClientReply:client-2EC808601240->374189d0-76c5-49d2-81b4-45a4af1368a2@group-30B6692CD68C, cid=3438, SUCCESS, logIndex=5713, commits[374189d0-76c5-49d2-81b4-45a4af1368a2:c5713]
2019-06-14 08:43:12,045 INFO  client.GrpcClientProtocolClient (GrpcClientProtocolClient.java:onNext(254)) - client-2EC808601240->374189d0-76c5-49d2-81b4-45a4af1368a2: receive RaftClientReply:client-2EC808601240->374189d0-76c5-49d2-81b4-45a4af1368a2@group-30B6692CD68C, cid=3439, SUCCESS, logIndex=5714, commits[374189d0-76c5-49d2-81b4-45a4af1368a2:c5716]
2019-06-14 08:43:12,046 INFO  client.GrpcClientProtocolClient (GrpcClientProtocolClient.java:onNext(254)) - client-2EC808601240->374189d0-76c5-49d2-81b4-45a4af1368a2: receive RaftClientReply:client-2EC808601240->374189d0-76c5-49d2-81b4-45a4af1368a2@group-30B6692CD68C, cid=3440, SUCCESS, logIndex=5716, commits[374189d0-76c5-49d2-81b4-45a4af1368a2:c5716]
2019-06-14 08:43:12,056 INFO  client.GrpcClientProtocolClient (GrpcClientProtocolClient.java:onNext(254)) - client-2EC808601240->374189d0-76c5-49d2-81b4-45a4af1368a2: receive RaftClientReply:client-2EC808601240->374189d0-76c5-49d2-81b4-45a4af1368a2@group-30B6692CD68C, cid=3441, SUCCESS, logIndex=5718, commits[374189d0-76c5-49d2-81b4-45a4af1368a2:c5718]
2019-06-14 08:43:12,056 INFO  storage.RaftLogWorker (RaftLogWorker.java:rollLogSegment(303)) - 374189d0-76c5-49d2-81b4-45a4af1368a2-RaftLogWorker: Rolling segment log-5651_5720 to index:5720
2019-06-14 08:43:12,057 INFO  storage.RaftLogWorker (RaftLogWorker.java:execute(433)) - 374189d0-76c5-49d2-81b4-45a4af1368a2-RaftLogWorker: Rolled log segment from /opt/src/hadoop-ozone/integration-test/target/test-dir/MiniOzoneClusterImpl-1994f8b8-dd4d-445c-bf25-0c6d40f9b14d/datanode-0/data/ratis/99d0acb8-99ce-4814-8259-30b6692cd68c/current/log_inprogress_5651 to /opt/src/hadoop-ozone/integration-test/target/test-dir/MiniOzoneClusterImpl-1994f8b8-dd4d-445c-bf25-0c6d40f9b14d/datanode-0/data/ratis/99d0acb8-99ce-4814-8259-30b6692cd68c/current/log_5651-5720
2019-06-14 08:43:12,059 INFO  client.GrpcClientProtocolClient (GrpcClientProtocolClient.java:onNext(254)) - client-2EC808601240->374189d0-76c5-49d2-81b4-45a4af1368a2: receive RaftClientReply:client-2EC808601240->374189d0-76c5-49d2-81b4-45a4af1368a2@group-30B6692CD68C, cid=3442, SUCCESS, logIndex=5720, commits[374189d0-76c5-49d2-81b4-45a4af1368a2:c5720]
2019-06-14 08:43:12,092 INFO  storage.RaftLogWorker (RaftLogWorker.java:execute(469)) - 374189d0-76c5-49d2-81b4-45a4af1368a2-RaftLogWorker: created new log segment /opt/src/hadoop-ozone/integration-test/target/test-dir/MiniOzoneClusterImpl-1994f8b8-dd4d-445c-bf25-0c6d40f9b14d/datanode-0/data/ratis/99d0acb8-99ce-4814-8259-30b6692cd68c/current/log_inprogress_5721
2019-06-14 08:43:12,094 INFO  client.GrpcClientProtocolClient (GrpcClientProtocolClient.java:onNext(254)) - client-2EC808601240->374189d0-76c5-49d2-81b4-45a4af1368a2: receive RaftClientReply:client-2EC808601240->374189d0-76c5-49d2-81b4-45a4af1368a2@group-30B6692CD68C, cid=3443, SUCCESS, logIndex=5721, commits[374189d0-76c5-49d2-81b4-45a4af1368a2:c5723]
2019-06-14 08:43:12,094 INFO  client.GrpcClientProtocolClient (GrpcClientProtocolClient.java:onNext(254)) - client-2EC808601240->374189d0-76c5-49d2-81b4-45a4af1368a2: receive RaftClientReply:client-2EC808601240->374189d0-76c5-49d2-81b4-45a4af1368a2@group-30B6692CD68C, cid=3444, SUCCESS, logIndex=5723, commits[374189d0-76c5-49d2-81b4-45a4af1368a2:c5724]
2019-06-14 08:43:12,100 INFO  client.GrpcClientProtocolClient (GrpcClientProtocolClient.java:onNext(254)) - client-2EC808601240->374189d0-76c5-49d2-81b4-45a4af1368a2: receive RaftClientReply:client-2EC808601240->374189d0-76c5-49d2-81b4-45a4af1368a2@group-30B6692CD68C, cid=3445, SUCCESS, logIndex=5725, commits[374189d0-76c5-49d2-81b4-45a4af1368a2:c5725]
2019-06-14 08:43:12,101 INFO  client.GrpcClientProtocolClient (GrpcClientProtocolClient.java:onNext(254)) - client-2EC808601240->374189d0-76c5-49d2-81b4-45a4af1368a2: receive RaftClientReply:client-2EC808601240->374189d0-76c5-49d2-81b4-45a4af1368a2@group-30B6692CD68C, cid=3446, SUCCESS, logIndex=5727, commits[374189d0-76c5-49d2-81b4-45a4af1368a2:c5727]
2019-06-14 08:43:12,102 INFO  client.GrpcClientProtocolClient (GrpcClientProtocolClient.java:onNext(254)) - client-2EC808601240->374189d0-76c5-49d2-81b4-45a4af1368a2: receive RaftClientReply:client-2EC808601240->374189d0-76c5-49d2-81b4-45a4af1368a2@group-30B6692CD68C, cid=3447, SUCCESS, logIndex=5728, commits[374189d0-76c5-49d2-81b4-45a4af1368a2:c5730]
2019-06-14 08:43:12,102 INFO  client.GrpcClientProtocolClient (GrpcClientProtocolClient.java:onNext(254)) - client-2EC808601240->374189d0-76c5-49d2-81b4-45a4af1368a2: receive RaftClientReply:client-2EC808601240->374189d0-76c5-49d2-81b4-45a4af1368a2@group-30B6692CD68C, cid=3448, SUCCESS, logIndex=5729, commits[374189d0-76c5-49d2-81b4-45a4af1368a2:c5730]
2019-06-14 08:43:12,133 DEBUG block.SCMBlockDeletingService (SCMBlockDeletingService.java:call(138)) - Running DeletedBlockTransactionScanner
2019-06-14 08:43:12,134 DEBUG block.SCMBlockDeletingService (SCMBlockDeletingService.java:call(155)) - Scanned deleted blocks log and got 0 delTX to process.
2019-06-14 08:43:12,178 INFO  client.GrpcClientProtocolClient (GrpcClientProtocolClient.java:onNext(254)) - client-2EC808601240->374189d0-76c5-49d2-81b4-45a4af1368a2: receive RaftClientReply:client-2EC808601240->374189d0-76c5-49d2-81b4-45a4af1368a2@group-30B6692CD68C, cid=3449, SUCCESS, logIndex=5731, commits[374189d0-76c5-49d2-81b4-45a4af1368a2:c5731]
2019-06-14 08:43:12,180 INFO  client.GrpcClientProtocolClient (GrpcClientProtocolClient.java:onNext(254)) - client-2EC808601240->374189d0-76c5-49d2-81b4-45a4af1368a2: receive RaftClientReply:client-2EC808601240->374189d0-76c5-49d2-81b4-45a4af1368a2@group-30B6692CD68C, cid=3450, SUCCESS, logIndex=5733, commits[374189d0-76c5-49d2-81b4-45a4af1368a2:c5733]
2019-06-14 08:43:12,180 INFO  client.GrpcClientProtocolClient (GrpcClientProtocolClient.java:onNext(254)) - client-2EC808601240->374189d0-76c5-49d2-81b4-45a4af1368a2: receive RaftClientReply:client-2EC808601240->374189d0-76c5-49d2-81b4-45a4af1368a2@group-30B6692CD68C, cid=3451, SUCCESS, logIndex=5734, commits[374189d0-76c5-49d2-81b4-45a4af1368a2:c5735]
2019-06-14 08:43:12,181 INFO  client.GrpcClientProtocolClient (GrpcClientProtocolClient.java:onNext(254)) - client-2EC808601240->374189d0-76c5-49d2-81b4-45a4af1368a2: receive RaftClientReply:client-2EC808601240->374189d0-76c5-49d2-81b4-45a4af1368a2@group-30B6692CD68C, cid=3452, SUCCESS, logIndex=5735, commits[374189d0-76c5-49d2-81b4-45a4af1368a2:c5736]
2019-06-14 08:43:12,191 INFO  client.GrpcClientProtocolClient (GrpcClientProtocolClient.java:onNext(254)) - client-2EC808601240->374189d0-76c5-49d2-81b4-45a4af1368a2: receive RaftClientReply:client-2EC808601240->374189d0-76c5-49d2-81b4-45a4af1368a2@group-30B6692CD68C, cid=3453, SUCCESS, logIndex=5738, commits[374189d0-76c5-49d2-81b4-45a4af1368a2:c5738]
2019-06-14 08:43:12,191 INFO  client.GrpcClientProtocolClient (GrpcClientProtocolClient.java:onNext(254)) - client-2EC808601240->374189d0-76c5-49d2-81b4-45a4af1368a2: receive RaftClientReply:client-2EC808601240->374189d0-76c5-49d2-81b4-45a4af1368a2@group-30B6692CD68C, cid=3454, SUCCESS, logIndex=5740, commits[374189d0-76c5-49d2-81b4-45a4af1368a2:c5740]
2019-06-14 08:43:12,191 INFO  client.GrpcClientProtocolClient (GrpcClientProtocolClient.java:onNext(254)) - client-2EC808601240->374189d0-76c5-49d2-81b4-45a4af1368a2: receive RaftClientReply:client-2EC808601240->374189d0-76c5-49d2-81b4-45a4af1368a2@group-30B6692CD68C, cid=3455, SUCCESS, logIndex=5741, commits[374189d0-76c5-49d2-81b4-45a4af1368a2:c5743]
2019-06-14 08:43:12,191 INFO  client.GrpcClientProtocolClient (GrpcClientProtocolClient.java:onNext(254)) - client-2EC808601240->374189d0-76c5-49d2-81b4-45a4af1368a2: receive RaftClientReply:client-2EC808601240->374189d0-76c5-49d2-81b4-45a4af1368a2@group-30B6692CD68C, cid=3456, SUCCESS, logIndex=5742, commits[374189d0-76c5-49d2-81b4-45a4af1368a2:c5743]
2019-06-14 08:43:12,201 INFO  client.GrpcClientProtocolClient (GrpcClientProtocolClient.java:onNext(254)) - client-2EC808601240->374189d0-76c5-49d2-81b4-45a4af1368a2: receive RaftClientReply:client-2EC808601240->374189d0-76c5-49d2-81b4-45a4af1368a2@group-30B6692CD68C, cid=3457, SUCCESS, logIndex=5744, commits[374189d0-76c5-49d2-81b4-45a4af1368a2:c5744]
2019-06-14 08:43:12,203 INFO  client.GrpcClientProtocolClient (GrpcClientProtocolClient.java:onNext(254)) - client-2EC808601240->374189d0-76c5-49d2-81b4-45a4af1368a2: receive RaftClientReply:client-2EC808601240->374189d0-76c5-49d2-81b4-45a4af1368a2@group-30B6692CD68C, cid=3458, SUCCESS, logIndex=5746, commits[374189d0-76c5-49d2-81b4-45a4af1368a2:c5746]
2019-06-14 08:43:12,204 INFO  client.GrpcClientProtocolClient (GrpcClientProtocolClient.java:onNext(254)) - client-2EC808601240->374189d0-76c5-49d2-81b4-45a4af1368a2: receive RaftClientReply:client-2EC808601240->374189d0-76c5-49d2-81b4-45a4af1368a2@group-30B6692CD68C, cid=3459, SUCCESS, logIndex=5747, commits[374189d0-76c5-49d2-81b4-45a4af1368a2:c5748]
2019-06-14 08:43:12,204 INFO  client.GrpcClientProtocolClient (GrpcClientProtocolClient.java:onNext(254)) - client-2EC808601240->374189d0-76c5-49d2-81b4-45a4af1368a2: receive RaftClientReply:client-2EC808601240->374189d0-76c5-49d2-81b4-45a4af1368a2@group-30B6692CD68C, cid=3460, SUCCESS, logIndex=5748, commits[374189d0-76c5-49d2-81b4-45a4af1368a2:c5748]
2019-06-14 08:43:12,209 INFO  client.GrpcClientProtocolClient (GrpcClientProtocolClient.java:onNext(254)) - client-2EC808601240->374189d0-76c5-49d2-81b4-45a4af1368a2: receive RaftClientReply:client-2EC808601240->374189d0-76c5-49d2-81b4-45a4af1368a2@group-30B6692CD68C, cid=3461, SUCCESS, logIndex=5751, commits[374189d0-76c5-49d2-81b4-45a4af1368a2:c5751]
2019-06-14 08:43:12,210 INFO  client.GrpcClientProtocolClient (GrpcClientProtocolClient.java:onNext(254)) - client-2EC808601240->374189d0-76c5-49d2-81b4-45a4af1368a2: receive RaftClientReply:client-2EC808601240->374189d0-76c5-49d2-81b4-45a4af1368a2@group-30B6692CD68C, cid=3462, SUCCESS, logIndex=5753, commits[374189d0-76c5-49d2-81b4-45a4af1368a2:c5753]
2019-06-14 08:43:12,212 INFO  client.GrpcClientProtocolClient (GrpcClientProtocolClient.java:onNext(254)) - client-2EC808601240->374189d0-76c5-49d2-81b4-45a4af1368a2: receive RaftClientReply:client-2EC808601240->374189d0-76c5-49d2-81b4-45a4af1368a2@group-30B6692CD68C, cid=3463, SUCCESS, logIndex=5754, commits[374189d0-76c5-49d2-81b4-45a4af1368a2:c5756]
2019-06-14 08:43:12,212 INFO  client.GrpcClientProtocolClient (GrpcClientProtocolClient.java:onNext(254)) - client-2EC808601240->374189d0-76c5-49d2-81b4-45a4af1368a2: receive RaftClientReply:client-2EC808601240->374189d0-76c5-49d2-81b4-45a4af1368a2@group-30B6692CD68C, cid=3464, SUCCESS, logIndex=5755, commits[374189d0-76c5-49d2-81b4-45a4af1368a2:c5756]
2019-06-14 08:43:12,222 INFO  client.GrpcClientProtocolClient (GrpcClientProtocolClient.java:onNext(254)) - client-2EC808601240->374189d0-76c5-49d2-81b4-45a4af1368a2: receive RaftClientReply:client-2EC808601240->374189d0-76c5-49d2-81b4-45a4af1368a2@group-30B6692CD68C, cid=3465, SUCCESS, logIndex=5757, commits[374189d0-76c5-49d2-81b4-45a4af1368a2:c5757]
2019-06-14 08:43:12,223 INFO  client.GrpcClientProtocolClient (GrpcClientProtocolClient.java:onNext(254)) - client-2EC808601240->374189d0-76c5-49d2-81b4-45a4af1368a2: receive RaftClientReply:client-2EC808601240->374189d0-76c5-49d2-81b4-45a4af1368a2@group-30B6692CD68C, cid=3466, SUCCESS, logIndex=5759, commits[374189d0-76c5-49d2-81b4-45a4af1368a2:c5759]
2019-06-14 08:43:12,224 INFO  client.GrpcClientProtocolClient (GrpcClientProtocolClient.java:onNext(254)) - client-2EC808601240->374189d0-76c5-49d2-81b4-45a4af1368a2: receive RaftClientReply:client-2EC808601240->374189d0-76c5-49d2-81b4-45a4af1368a2@group-30B6692CD68C, cid=3467, SUCCESS, logIndex=5760, commits[374189d0-76c5-49d2-81b4-45a4af1368a2:c5762]
2019-06-14 08:43:12,224 INFO  client.GrpcClientProtocolClient (GrpcClientProtocolClient.java:onNext(254)) - client-2EC808601240->374189d0-76c5-49d2-81b4-45a4af1368a2: receive RaftClientReply:client-2EC808601240->374189d0-76c5-49d2-81b4-45a4af1368a2@group-30B6692CD68C, cid=3468, SUCCESS, logIndex=5761, commits[374189d0-76c5-49d2-81b4-45a4af1368a2:c5762]
2019-06-14 08:43:12,229 INFO  client.GrpcClientProtocolClient (GrpcClientProtocolClient.java:onNext(254)) - client-2EC808601240->374189d0-76c5-49d2-81b4-45a4af1368a2: receive RaftClientReply:client-2EC808601240->374189d0-76c5-49d2-81b4-45a4af1368a2@group-30B6692CD68C, cid=3469, SUCCESS, logIndex=5763, commits[374189d0-76c5-49d2-81b4-45a4af1368a2:c5763]
2019-06-14 08:43:12,231 INFO  client.GrpcClientProtocolClient (GrpcClientProtocolClient.java:onNext(254)) - client-2EC808601240->374189d0-76c5-49d2-81b4-45a4af1368a2: receive RaftClientReply:client-2EC808601240->374189d0-76c5-49d2-81b4-45a4af1368a2@group-30B6692CD68C, cid=3470, SUCCESS, logIndex=5765, commits[374189d0-76c5-49d2-81b4-45a4af1368a2:c5765]
2019-06-14 08:43:12,232 INFO  client.GrpcClientProtocolClient (GrpcClientProtocolClient.java:onNext(254)) - client-2EC808601240->374189d0-76c5-49d2-81b4-45a4af1368a2: receive RaftClientReply:client-2EC808601240->374189d0-76c5-49d2-81b4-45a4af1368a2@group-30B6692CD68C, cid=3471, SUCCESS, logIndex=5766, commits[374189d0-76c5-49d2-81b4-45a4af1368a2:c5768]
2019-06-14 08:43:12,234 DEBUG block.SCMBlockDeletingService (SCMBlockDeletingService.java:call(138)) - Running DeletedBlockTransactionScanner
2019-06-14 08:43:12,234 DEBUG block.SCMBlockDeletingService (SCMBlockDeletingService.java:call(155)) - Scanned deleted blocks log and got 0 delTX to process.
2019-06-14 08:43:12,235 INFO  client.GrpcClientProtocolClient (GrpcClientProtocolClient.java:onNext(254)) - client-2EC808601240->374189d0-76c5-49d2-81b4-45a4af1368a2: receive RaftClientReply:client-2EC808601240->374189d0-76c5-49d2-81b4-45a4af1368a2@group-30B6692CD68C, cid=3472, SUCCESS, logIndex=5767, commits[374189d0-76c5-49d2-81b4-45a4af1368a2:c5768]
2019-06-14 08:43:12,247 INFO  client.GrpcClientProtocolClient (GrpcClientProtocolClient.java:onNext(254)) - client-2EC808601240->374189d0-76c5-49d2-81b4-45a4af1368a2: receive RaftClientReply:client-2EC808601240->374189d0-76c5-49d2-81b4-45a4af1368a2@group-30B6692CD68C, cid=3473, SUCCESS, logIndex=5769, commits[374189d0-76c5-49d2-81b4-45a4af1368a2:c5769]
2019-06-14 08:43:12,248 INFO  client.GrpcClientProtocolClient (GrpcClientProtocolClient.java:onNext(254)) - client-2EC808601240->374189d0-76c5-49d2-81b4-45a4af1368a2: receive RaftClientReply:client-2EC808601240->374189d0-76c5-49d2-81b4-45a4af1368a2@group-30B6692CD68C, cid=3474, SUCCESS, logIndex=5771, commits[374189d0-76c5-49d2-81b4-45a4af1368a2:c5771]
2019-06-14 08:43:12,248 INFO  client.GrpcClientProtocolClient (GrpcClientProtocolClient.java:onNext(254)) - client-2EC808601240->374189d0-76c5-49d2-81b4-45a4af1368a2: receive RaftClientReply:client-2EC808601240->374189d0-76c5-49d2-81b4-45a4af1368a2@group-30B6692CD68C, cid=3475, SUCCESS, logIndex=5772, commits[374189d0-76c5-49d2-81b4-45a4af1368a2:c5773]
2019-06-14 08:43:12,251 INFO  client.GrpcClientProtocolClient (GrpcClientProtocolClient.java:onNext(254)) - client-2EC808601240->374189d0-76c5-49d2-81b4-45a4af1368a2: receive RaftClientReply:client-2EC808601240->374189d0-76c5-49d2-81b4-45a4af1368a2@group-30B6692CD68C, cid=3476, SUCCESS, logIndex=5773, commits[374189d0-76c5-49d2-81b4-45a4af1368a2:c5773]
2019-06-14 08:43:12,256 INFO  client.GrpcClientProtocolClient (GrpcClientProtocolClient.java:onNext(254)) - client-2EC808601240->374189d0-76c5-49d2-81b4-45a4af1368a2: receive RaftClientReply:client-2EC808601240->374189d0-76c5-49d2-81b4-45a4af1368a2@group-30B6692CD68C, cid=3477, SUCCESS, logIndex=5776, commits[374189d0-76c5-49d2-81b4-45a4af1368a2:c5776]
2019-06-14 08:43:12,257 INFO  client.GrpcClientProtocolClient (GrpcClientProtocolClient.java:onNext(254)) - client-2EC808601240->374189d0-76c5-49d2-81b4-45a4af1368a2: receive RaftClientReply:client-2EC808601240->374189d0-76c5-49d2-81b4-45a4af1368a2@group-30B6692CD68C, cid=3478, SUCCESS, logIndex=5778, commits[374189d0-76c5-49d2-81b4-45a4af1368a2:c5778]
2019-06-14 08:43:12,258 INFO  client.GrpcClientProtocolClient (GrpcClientProtocolClient.java:onNext(254)) - client-2EC808601240->374189d0-76c5-49d2-81b4-45a4af1368a2: receive RaftClientReply:client-2EC808601240->374189d0-76c5-49d2-81b4-45a4af1368a2@group-30B6692CD68C, cid=3479, SUCCESS, logIndex=5779, commits[374189d0-76c5-49d2-81b4-45a4af1368a2:c5781]
2019-06-14 08:43:12,258 INFO  client.GrpcClientProtocolClient (GrpcClientProtocolClient.java:onNext(254)) - client-2EC808601240->374189d0-76c5-49d2-81b4-45a4af1368a2: receive RaftClientReply:client-2EC808601240->374189d0-76c5-49d2-81b4-45a4af1368a2@group-30B6692CD68C, cid=3480, SUCCESS, logIndex=5780, commits[374189d0-76c5-49d2-81b4-45a4af1368a2:c5781]
2019-06-14 08:43:12,269 INFO  client.GrpcClientProtocolClient (GrpcClientProtocolClient.java:onNext(254)) - client-2EC808601240->374189d0-76c5-49d2-81b4-45a4af1368a2: receive RaftClientReply:client-2EC808601240->374189d0-76c5-49d2-81b4-45a4af1368a2@group-30B6692CD68C, cid=3481, SUCCESS, logIndex=5782, commits[374189d0-76c5-49d2-81b4-45a4af1368a2:c5782]
2019-06-14 08:43:12,271 INFO  client.GrpcClientProtocolClient (GrpcClientProtocolClient.java:onNext(254)) - client-2EC808601240->374189d0-76c5-49d2-81b4-45a4af1368a2: receive RaftClientReply:client-2EC808601240->374189d0-76c5-49d2-81b4-45a4af1368a2@group-30B6692CD68C, cid=3482, SUCCESS, logIndex=5784, commits[374189d0-76c5-49d2-81b4-45a4af1368a2:c5784]
2019-06-14 08:43:12,272 INFO  client.GrpcClientProtocolClient (GrpcClientProtocolClient.java:onNext(254)) - client-2EC808601240->374189d0-76c5-49d2-81b4-45a4af1368a2: receive RaftClientReply:client-2EC808601240->374189d0-76c5-49d2-81b4-45a4af1368a2@group-30B6692CD68C, cid=3483, SUCCESS, logIndex=5785, commits[374189d0-76c5-49d2-81b4-45a4af1368a2:c5787]
2019-06-14 08:43:12,275 INFO  client.GrpcClientProtocolClient (GrpcClientProtocolClient.java:onNext(254)) - client-2EC808601240->374189d0-76c5-49d2-81b4-45a4af1368a2: receive RaftClientReply:client-2EC808601240->374189d0-76c5-49d2-81b4-45a4af1368a2@group-30B6692CD68C, cid=3484, SUCCESS, logIndex=5786, commits[374189d0-76c5-49d2-81b4-45a4af1368a2:c5787]
2019-06-14 08:43:12,280 INFO  client.GrpcClientProtocolClient (GrpcClientProtocolClient.java:onNext(254)) - client-2EC808601240->374189d0-76c5-49d2-81b4-45a4af1368a2: receive RaftClientReply:client-2EC808601240->374189d0-76c5-49d2-81b4-45a4af1368a2@group-30B6692CD68C, cid=3485, SUCCESS, logIndex=5788, commits[374189d0-76c5-49d2-81b4-45a4af1368a2:c5788]
2019-06-14 08:43:12,280 INFO  storage.RaftLogWorker (RaftLogWorker.java:rollLogSegment(303)) - 374189d0-76c5-49d2-81b4-45a4af1368a2-RaftLogWorker: Rolling segment log-5721_5789 to index:5789
2019-06-14 08:43:12,280 INFO  storage.RaftLogWorker (RaftLogWorker.java:execute(433)) - 374189d0-76c5-49d2-81b4-45a4af1368a2-RaftLogWorker: Rolled log segment from /opt/src/hadoop-ozone/integration-test/target/test-dir/MiniOzoneClusterImpl-1994f8b8-dd4d-445c-bf25-0c6d40f9b14d/datanode-0/data/ratis/99d0acb8-99ce-4814-8259-30b6692cd68c/current/log_inprogress_5721 to /opt/src/hadoop-ozone/integration-test/target/test-dir/MiniOzoneClusterImpl-1994f8b8-dd4d-445c-bf25-0c6d40f9b14d/datanode-0/data/ratis/99d0acb8-99ce-4814-8259-30b6692cd68c/current/log_5721-5789
2019-06-14 08:43:12,316 INFO  storage.RaftLogWorker (RaftLogWorker.java:execute(469)) - 374189d0-76c5-49d2-81b4-45a4af1368a2-RaftLogWorker: created new log segment /opt/src/hadoop-ozone/integration-test/target/test-dir/MiniOzoneClusterImpl-1994f8b8-dd4d-445c-bf25-0c6d40f9b14d/datanode-0/data/ratis/99d0acb8-99ce-4814-8259-30b6692cd68c/current/log_inprogress_5790
2019-06-14 08:43:12,318 INFO  client.GrpcClientProtocolClient (GrpcClientProtocolClient.java:onNext(254)) - client-2EC808601240->374189d0-76c5-49d2-81b4-45a4af1368a2: receive RaftClientReply:client-2EC808601240->374189d0-76c5-49d2-81b4-45a4af1368a2@group-30B6692CD68C, cid=3486, SUCCESS, logIndex=5790, commits[374189d0-76c5-49d2-81b4-45a4af1368a2:c5792]
2019-06-14 08:43:12,318 INFO  client.GrpcClientProtocolClient (GrpcClientProtocolClient.java:onNext(254)) - client-2EC808601240->374189d0-76c5-49d2-81b4-45a4af1368a2: receive RaftClientReply:client-2EC808601240->374189d0-76c5-49d2-81b4-45a4af1368a2@group-30B6692CD68C, cid=3487, SUCCESS, logIndex=5791, commits[374189d0-76c5-49d2-81b4-45a4af1368a2:c5793]
2019-06-14 08:43:12,318 INFO  client.GrpcClientProtocolClient (GrpcClientProtocolClient.java:onNext(254)) - client-2EC808601240->374189d0-76c5-49d2-81b4-45a4af1368a2: receive RaftClientReply:client-2EC808601240->374189d0-76c5-49d2-81b4-45a4af1368a2@group-30B6692CD68C, cid=3488, SUCCESS, logIndex=5792, commits[374189d0-76c5-49d2-81b4-45a4af1368a2:c5793]
2019-06-14 08:43:12,328 INFO  client.GrpcClientProtocolClient (GrpcClientProtocolClient.java:onNext(254)) - client-2EC808601240->374189d0-76c5-49d2-81b4-45a4af1368a2: receive RaftClientReply:client-2EC808601240->374189d0-76c5-49d2-81b4-45a4af1368a2@group-30B6692CD68C, cid=3489, SUCCESS, logIndex=5794, commits[374189d0-76c5-49d2-81b4-45a4af1368a2:c5794]
2019-06-14 08:43:12,330 INFO  client.GrpcClientProtocolClient (GrpcClientProtocolClient.java:onNext(254)) - client-2EC808601240->374189d0-76c5-49d2-81b4-45a4af1368a2: receive RaftClientReply:client-2EC808601240->374189d0-76c5-49d2-81b4-45a4af1368a2@group-30B6692CD68C, cid=3490, SUCCESS, logIndex=5796, commits[374189d0-76c5-49d2-81b4-45a4af1368a2:c5796]
2019-06-14 08:43:12,331 INFO  client.GrpcClientProtocolClient (GrpcClientProtocolClient.java:onNext(254)) - client-2EC808601240->374189d0-76c5-49d2-81b4-45a4af1368a2: receive RaftClientReply:client-2EC808601240->374189d0-76c5-49d2-81b4-45a4af1368a2@group-30B6692CD68C, cid=3491, SUCCESS, logIndex=5798, commits[374189d0-76c5-49d2-81b4-45a4af1368a2:c5799]
2019-06-14 08:43:12,331 INFO  client.GrpcClientProtocolClient (GrpcClientProtocolClient.java:onNext(254)) - client-2EC808601240->374189d0-76c5-49d2-81b4-45a4af1368a2: receive RaftClientReply:client-2EC808601240->374189d0-76c5-49d2-81b4-45a4af1368a2@group-30B6692CD68C, cid=3492, SUCCESS, logIndex=5799, commits[374189d0-76c5-49d2-81b4-45a4af1368a2:c5799]
2019-06-14 08:43:12,334 DEBUG block.SCMBlockDeletingService (SCMBlockDeletingService.java:call(138)) - Running DeletedBlockTransactionScanner
2019-06-14 08:43:12,334 DEBUG block.SCMBlockDeletingService (SCMBlockDeletingService.java:call(155)) - Scanned deleted blocks log and got 0 delTX to process.
2019-06-14 08:43:12,404 INFO  client.GrpcClientProtocolClient (GrpcClientProtocolClient.java:onNext(254)) - client-2EC808601240->374189d0-76c5-49d2-81b4-45a4af1368a2: receive RaftClientReply:client-2EC808601240->374189d0-76c5-49d2-81b4-45a4af1368a2@group-30B6692CD68C, cid=3493, SUCCESS, logIndex=5801, commits[374189d0-76c5-49d2-81b4-45a4af1368a2:c5801]
2019-06-14 08:43:12,405 INFO  client.GrpcClientProtocolClient (GrpcClientProtocolClient.java:onNext(254)) - client-2EC808601240->374189d0-76c5-49d2-81b4-45a4af1368a2: receive RaftClientReply:client-2EC808601240->374189d0-76c5-49d2-81b4-45a4af1368a2@group-30B6692CD68C, cid=3494, SUCCESS, logIndex=5803, commits[374189d0-76c5-49d2-81b4-45a4af1368a2:c5803]
2019-06-14 08:43:12,406 INFO  client.GrpcClientProtocolClient (GrpcClientProtocolClient.java:onNext(254)) - client-2EC808601240->374189d0-76c5-49d2-81b4-45a4af1368a2: receive RaftClientReply:client-2EC808601240->374189d0-76c5-49d2-81b4-45a4af1368a2@group-30B6692CD68C, cid=3495, SUCCESS, logIndex=5804, commits[374189d0-76c5-49d2-81b4-45a4af1368a2:c5806]
2019-06-14 08:43:12,407 INFO  client.GrpcClientProtocolClient (GrpcClientProtocolClient.java:onNext(254)) - client-2EC808601240->374189d0-76c5-49d2-81b4-45a4af1368a2: receive RaftClientReply:client-2EC808601240->374189d0-76c5-49d2-81b4-45a4af1368a2@group-30B6692CD68C, cid=3496, SUCCESS, logIndex=5805, commits[374189d0-76c5-49d2-81b4-45a4af1368a2:c5806]
2019-06-14 08:43:12,416 INFO  client.GrpcClientProtocolClient (GrpcClientProtocolClient.java:onNext(254)) - client-2EC808601240->374189d0-76c5-49d2-81b4-45a4af1368a2: receive RaftClientReply:client-2EC808601240->374189d0-76c5-49d2-81b4-45a4af1368a2@group-30B6692CD68C, cid=3497, SUCCESS, logIndex=5807, commits[374189d0-76c5-49d2-81b4-45a4af1368a2:c5807]
2019-06-14 08:43:12,417 INFO  client.GrpcClientProtocolClient (GrpcClientProtocolClient.java:onNext(254)) - client-2EC808601240->374189d0-76c5-49d2-81b4-45a4af1368a2: receive RaftClientReply:client-2EC808601240->374189d0-76c5-49d2-81b4-45a4af1368a2@group-30B6692CD68C, cid=3498, SUCCESS, logIndex=5809, commits[374189d0-76c5-49d2-81b4-45a4af1368a2:c5809]
2019-06-14 08:43:12,419 INFO  client.GrpcClientProtocolClient (GrpcClientProtocolClient.java:onNext(254)) - client-2EC808601240->374189d0-76c5-49d2-81b4-45a4af1368a2: receive RaftClientReply:client-2EC808601240->374189d0-76c5-49d2-81b4-45a4af1368a2@group-30B6692CD68C, cid=3499, SUCCESS, logIndex=5810, commits[374189d0-76c5-49d2-81b4-45a4af1368a2:c5812]
2019-06-14 08:43:12,419 INFO  client.GrpcClientProtocolClient (GrpcClientProtocolClient.java:onNext(254)) - client-2EC808601240->374189d0-76c5-49d2-81b4-45a4af1368a2: receive RaftClientReply:client-2EC808601240->374189d0-76c5-49d2-81b4-45a4af1368a2@group-30B6692CD68C, cid=3500, SUCCESS, logIndex=5811, commits[374189d0-76c5-49d2-81b4-45a4af1368a2:c5812]
2019-06-14 08:43:12,424 INFO  client.GrpcClientProtocolClient (GrpcClientProtocolClient.java:onNext(254)) - client-2EC808601240->374189d0-76c5-49d2-81b4-45a4af1368a2: receive RaftClientReply:client-2EC808601240->374189d0-76c5-49d2-81b4-45a4af1368a2@group-30B6692CD68C, cid=3501, SUCCESS, logIndex=5813, commits[374189d0-76c5-49d2-81b4-45a4af1368a2:c5813]
2019-06-14 08:43:12,425 INFO  client.GrpcClientProtocolClient (GrpcClientProtocolClient.java:onNext(254)) - client-2EC808601240->374189d0-76c5-49d2-81b4-45a4af1368a2: receive RaftClientReply:client-2EC808601240->374189d0-76c5-49d2-81b4-45a4af1368a2@group-30B6692CD68C, cid=3502, SUCCESS, logIndex=5815, commits[374189d0-76c5-49d2-81b4-45a4af1368a2:c5815]
2019-06-14 08:43:12,426 INFO  client.GrpcClientProtocolClient (GrpcClientProtocolClient.java:onNext(254)) - client-2EC808601240->374189d0-76c5-49d2-81b4-45a4af1368a2: receive RaftClientReply:client-2EC808601240->374189d0-76c5-49d2-81b4-45a4af1368a2@group-30B6692CD68C, cid=3503, SUCCESS, logIndex=5816, commits[374189d0-76c5-49d2-81b4-45a4af1368a2:c5818]
2019-06-14 08:43:12,426 INFO  client.GrpcClientProtocolClient (GrpcClientProtocolClient.java:onNext(254)) - client-2EC808601240->374189d0-76c5-49d2-81b4-45a4af1368a2: receive RaftClientReply:client-2EC808601240->374189d0-76c5-49d2-81b4-45a4af1368a2@group-30B6692CD68C, cid=3504, SUCCESS, logIndex=5817, commits[374189d0-76c5-49d2-81b4-45a4af1368a2:c5818]
2019-06-14 08:43:12,435 DEBUG block.SCMBlockDeletingService (SCMBlockDeletingService.java:call(138)) - Running DeletedBlockTransactionScanner
2019-06-14 08:43:12,435 DEBUG block.SCMBlockDeletingService (SCMBlockDeletingService.java:call(155)) - Scanned deleted blocks log and got 0 delTX to process.
2019-06-14 08:43:12,436 INFO  client.GrpcClientProtocolClient (GrpcClientProtocolClient.java:onNext(254)) - client-2EC808601240->374189d0-76c5-49d2-81b4-45a4af1368a2: receive RaftClientReply:client-2EC808601240->374189d0-76c5-49d2-81b4-45a4af1368a2@group-30B6692CD68C, cid=3505, SUCCESS, logIndex=5819, commits[374189d0-76c5-49d2-81b4-45a4af1368a2:c5819]
2019-06-14 08:43:12,437 INFO  client.GrpcClientProtocolClient (GrpcClientProtocolClient.java:onNext(254)) - client-2EC808601240->374189d0-76c5-49d2-81b4-45a4af1368a2: receive RaftClientReply:client-2EC808601240->374189d0-76c5-49d2-81b4-45a4af1368a2@group-30B6692CD68C, cid=3506, SUCCESS, logIndex=5821, commits[374189d0-76c5-49d2-81b4-45a4af1368a2:c5821]
2019-06-14 08:43:12,438 INFO  client.GrpcClientProtocolClient (GrpcClientProtocolClient.java:onNext(254)) - client-2EC808601240->374189d0-76c5-49d2-81b4-45a4af1368a2: receive RaftClientReply:client-2EC808601240->374189d0-76c5-49d2-81b4-45a4af1368a2@group-30B6692CD68C, cid=3507, SUCCESS, logIndex=5822, commits[374189d0-76c5-49d2-81b4-45a4af1368a2:c5824]
2019-06-14 08:43:12,438 INFO  client.GrpcClientProtocolClient (GrpcClientProtocolClient.java:onNext(254)) - client-2EC808601240->374189d0-76c5-49d2-81b4-45a4af1368a2: receive RaftClientReply:client-2EC808601240->374189d0-76c5-49d2-81b4-45a4af1368a2@group-30B6692CD68C, cid=3508, SUCCESS, logIndex=5823, commits[374189d0-76c5-49d2-81b4-45a4af1368a2:c5824]
2019-06-14 08:43:12,448 INFO  client.GrpcClientProtocolClient (GrpcClientProtocolClient.java:onNext(254)) - client-2EC808601240->374189d0-76c5-49d2-81b4-45a4af1368a2: receive RaftClientReply:client-2EC808601240->374189d0-76c5-49d2-81b4-45a4af1368a2@group-30B6692CD68C, cid=3509, SUCCESS, logIndex=5825, commits[374189d0-76c5-49d2-81b4-45a4af1368a2:c5825]
2019-06-14 08:43:12,449 INFO  client.GrpcClientProtocolClient (GrpcClientProtocolClient.java:onNext(254)) - client-2EC808601240->374189d0-76c5-49d2-81b4-45a4af1368a2: receive RaftClientReply:client-2EC808601240->374189d0-76c5-49d2-81b4-45a4af1368a2@group-30B6692CD68C, cid=3510, SUCCESS, logIndex=5827, commits[374189d0-76c5-49d2-81b4-45a4af1368a2:c5827]
2019-06-14 08:43:12,450 INFO  client.GrpcClientProtocolClient (GrpcClientProtocolClient.java:onNext(254)) - client-2EC808601240->374189d0-76c5-49d2-81b4-45a4af1368a2: receive RaftClientReply:client-2EC808601240->374189d0-76c5-49d2-81b4-45a4af1368a2@group-30B6692CD68C, cid=3511, SUCCESS, logIndex=5828, commits[374189d0-76c5-49d2-81b4-45a4af1368a2:c5830]
2019-06-14 08:43:12,450 INFO  client.GrpcClientProtocolClient (GrpcClientProtocolClient.java:onNext(254)) - client-2EC808601240->374189d0-76c5-49d2-81b4-45a4af1368a2: receive RaftClientReply:client-2EC808601240->374189d0-76c5-49d2-81b4-45a4af1368a2@group-30B6692CD68C, cid=3512, SUCCESS, logIndex=5829, commits[374189d0-76c5-49d2-81b4-45a4af1368a2:c5830]
2019-06-14 08:43:12,461 INFO  client.GrpcClientProtocolClient (GrpcClientProtocolClient.java:onNext(254)) - client-2EC808601240->374189d0-76c5-49d2-81b4-45a4af1368a2: receive RaftClientReply:client-2EC808601240->374189d0-76c5-49d2-81b4-45a4af1368a2@group-30B6692CD68C, cid=3513, SUCCESS, logIndex=5831, commits[374189d0-76c5-49d2-81b4-45a4af1368a2:c5831]
2019-06-14 08:43:12,462 INFO  client.GrpcClientProtocolClient (GrpcClientProtocolClient.java:onNext(254)) - client-2EC808601240->374189d0-76c5-49d2-81b4-45a4af1368a2: receive RaftClientReply:client-2EC808601240->374189d0-76c5-49d2-81b4-45a4af1368a2@group-30B6692CD68C, cid=3514, SUCCESS, logIndex=5833, commits[374189d0-76c5-49d2-81b4-45a4af1368a2:c5833]
2019-06-14 08:43:12,463 INFO  client.GrpcClientProtocolClient (GrpcClientProtocolClient.java:onNext(254)) - client-2EC808601240->374189d0-76c5-49d2-81b4-45a4af1368a2: receive RaftClientReply:client-2EC808601240->374189d0-76c5-49d2-81b4-45a4af1368a2@group-30B6692CD68C, cid=3515, SUCCESS, logIndex=5834, commits[374189d0-76c5-49d2-81b4-45a4af1368a2:c5836]
2019-06-14 08:43:12,464 INFO  client.GrpcClientProtocolClient (GrpcClientProtocolClient.java:onNext(254)) - client-2EC808601240->374189d0-76c5-49d2-81b4-45a4af1368a2: receive RaftClientReply:client-2EC808601240->374189d0-76c5-49d2-81b4-45a4af1368a2@group-30B6692CD68C, cid=3516, SUCCESS, logIndex=5835, commits[374189d0-76c5-49d2-81b4-45a4af1368a2:c5836]
2019-06-14 08:43:12,468 INFO  client.GrpcClientProtocolClient (GrpcClientProtocolClient.java:onNext(254)) - client-2EC808601240->374189d0-76c5-49d2-81b4-45a4af1368a2: receive RaftClientReply:client-2EC808601240->374189d0-76c5-49d2-81b4-45a4af1368a2@group-30B6692CD68C, cid=3517, SUCCESS, logIndex=5837, commits[374189d0-76c5-49d2-81b4-45a4af1368a2:c5837]
2019-06-14 08:43:12,469 INFO  client.GrpcClientProtocolClient (GrpcClientProtocolClient.java:onNext(254)) - client-2EC808601240->374189d0-76c5-49d2-81b4-45a4af1368a2: receive RaftClientReply:client-2EC808601240->374189d0-76c5-49d2-81b4-45a4af1368a2@group-30B6692CD68C, cid=3518, SUCCESS, logIndex=5839, commits[374189d0-76c5-49d2-81b4-45a4af1368a2:c5839]
2019-06-14 08:43:12,471 INFO  client.GrpcClientProtocolClient (GrpcClientProtocolClient.java:onNext(254)) - client-2EC808601240->374189d0-76c5-49d2-81b4-45a4af1368a2: receive RaftClientReply:client-2EC808601240->374189d0-76c5-49d2-81b4-45a4af1368a2@group-30B6692CD68C, cid=3519, SUCCESS, logIndex=5840, commits[374189d0-76c5-49d2-81b4-45a4af1368a2:c5842]
2019-06-14 08:43:12,471 INFO  client.GrpcClientProtocolClient (GrpcClientProtocolClient.java:onNext(254)) - client-2EC808601240->374189d0-76c5-49d2-81b4-45a4af1368a2: receive RaftClientReply:client-2EC808601240->374189d0-76c5-49d2-81b4-45a4af1368a2@group-30B6692CD68C, cid=3520, SUCCESS, logIndex=5841, commits[374189d0-76c5-49d2-81b4-45a4af1368a2:c5842]
2019-06-14 08:43:12,527 INFO  client.GrpcClientProtocolClient (GrpcClientProtocolClient.java:onNext(254)) - client-2EC808601240->374189d0-76c5-49d2-81b4-45a4af1368a2: receive RaftClientReply:client-2EC808601240->374189d0-76c5-49d2-81b4-45a4af1368a2@group-30B6692CD68C, cid=3521, SUCCESS, logIndex=5843, commits[374189d0-76c5-49d2-81b4-45a4af1368a2:c5843]
2019-06-14 08:43:12,529 INFO  client.GrpcClientProtocolClient (GrpcClientProtocolClient.java:onNext(254)) - client-2EC808601240->374189d0-76c5-49d2-81b4-45a4af1368a2: receive RaftClientReply:client-2EC808601240->374189d0-76c5-49d2-81b4-45a4af1368a2@group-30B6692CD68C, cid=3522, SUCCESS, logIndex=5845, commits[374189d0-76c5-49d2-81b4-45a4af1368a2:c5845]
2019-06-14 08:43:12,530 INFO  client.GrpcClientProtocolClient (GrpcClientProtocolClient.java:onNext(254)) - client-2EC808601240->374189d0-76c5-49d2-81b4-45a4af1368a2: receive RaftClientReply:client-2EC808601240->374189d0-76c5-49d2-81b4-45a4af1368a2@group-30B6692CD68C, cid=3523, SUCCESS, logIndex=5846, commits[374189d0-76c5-49d2-81b4-45a4af1368a2:c5848]
2019-06-14 08:43:12,530 INFO  client.GrpcClientProtocolClient (GrpcClientProtocolClient.java:onNext(254)) - client-2EC808601240->374189d0-76c5-49d2-81b4-45a4af1368a2: receive RaftClientReply:client-2EC808601240->374189d0-76c5-49d2-81b4-45a4af1368a2@group-30B6692CD68C, cid=3524, SUCCESS, logIndex=5847, commits[374189d0-76c5-49d2-81b4-45a4af1368a2:c5848]
2019-06-14 08:43:12,535 DEBUG block.SCMBlockDeletingService (SCMBlockDeletingService.java:call(138)) - Running DeletedBlockTransactionScanner
2019-06-14 08:43:12,535 DEBUG block.SCMBlockDeletingService (SCMBlockDeletingService.java:call(155)) - Scanned deleted blocks log and got 0 delTX to process.
2019-06-14 08:43:12,539 INFO  client.GrpcClientProtocolClient (GrpcClientProtocolClient.java:onNext(254)) - client-2EC808601240->374189d0-76c5-49d2-81b4-45a4af1368a2: receive RaftClientReply:client-2EC808601240->374189d0-76c5-49d2-81b4-45a4af1368a2@group-30B6692CD68C, cid=3525, SUCCESS, logIndex=5849, commits[374189d0-76c5-49d2-81b4-45a4af1368a2:c5849]
2019-06-14 08:43:12,540 INFO  client.GrpcClientProtocolClient (GrpcClientProtocolClient.java:onNext(254)) - client-2EC808601240->374189d0-76c5-49d2-81b4-45a4af1368a2: receive RaftClientReply:client-2EC808601240->374189d0-76c5-49d2-81b4-45a4af1368a2@group-30B6692CD68C, cid=3526, SUCCESS, logIndex=5851, commits[374189d0-76c5-49d2-81b4-45a4af1368a2:c5851]
2019-06-14 08:43:12,541 INFO  client.GrpcClientProtocolClient (GrpcClientProtocolClient.java:onNext(254)) - client-2EC808601240->374189d0-76c5-49d2-81b4-45a4af1368a2: receive RaftClientReply:client-2EC808601240->374189d0-76c5-49d2-81b4-45a4af1368a2@group-30B6692CD68C, cid=3527, SUCCESS, logIndex=5852, commits[374189d0-76c5-49d2-81b4-45a4af1368a2:c5854]
2019-06-14 08:43:12,541 INFO  client.GrpcClientProtocolClient (GrpcClientProtocolClient.java:onNext(254)) - client-2EC808601240->374189d0-76c5-49d2-81b4-45a4af1368a2: receive RaftClientReply:client-2EC808601240->374189d0-76c5-49d2-81b4-45a4af1368a2@group-30B6692CD68C, cid=3528, SUCCESS, logIndex=5853, commits[374189d0-76c5-49d2-81b4-45a4af1368a2:c5854]
2019-06-14 08:43:12,550 INFO  storage.RaftLogWorker (RaftLogWorker.java:rollLogSegment(303)) - 374189d0-76c5-49d2-81b4-45a4af1368a2-RaftLogWorker: Rolling segment log-5790_5854 to index:5854
2019-06-14 08:43:12,550 INFO  storage.RaftLogWorker (RaftLogWorker.java:execute(433)) - 374189d0-76c5-49d2-81b4-45a4af1368a2-RaftLogWorker: Rolled log segment from /opt/src/hadoop-ozone/integration-test/target/test-dir/MiniOzoneClusterImpl-1994f8b8-dd4d-445c-bf25-0c6d40f9b14d/datanode-0/data/ratis/99d0acb8-99ce-4814-8259-30b6692cd68c/current/log_inprogress_5790 to /opt/src/hadoop-ozone/integration-test/target/test-dir/MiniOzoneClusterImpl-1994f8b8-dd4d-445c-bf25-0c6d40f9b14d/datanode-0/data/ratis/99d0acb8-99ce-4814-8259-30b6692cd68c/current/log_5790-5854
2019-06-14 08:43:12,586 INFO  storage.RaftLogWorker (RaftLogWorker.java:execute(469)) - 374189d0-76c5-49d2-81b4-45a4af1368a2-RaftLogWorker: created new log segment /opt/src/hadoop-ozone/integration-test/target/test-dir/MiniOzoneClusterImpl-1994f8b8-dd4d-445c-bf25-0c6d40f9b14d/datanode-0/data/ratis/99d0acb8-99ce-4814-8259-30b6692cd68c/current/log_inprogress_5855
2019-06-14 08:43:12,587 INFO  client.GrpcClientProtocolClient (GrpcClientProtocolClient.java:onNext(254)) - client-2EC808601240->374189d0-76c5-49d2-81b4-45a4af1368a2: receive RaftClientReply:client-2EC808601240->374189d0-76c5-49d2-81b4-45a4af1368a2@group-30B6692CD68C, cid=3529, SUCCESS, logIndex=5855, commits[374189d0-76c5-49d2-81b4-45a4af1368a2:c5855]
2019-06-14 08:43:12,589 INFO  client.GrpcClientProtocolClient (GrpcClientProtocolClient.java:onNext(254)) - client-2EC808601240->374189d0-76c5-49d2-81b4-45a4af1368a2: receive RaftClientReply:client-2EC808601240->374189d0-76c5-49d2-81b4-45a4af1368a2@group-30B6692CD68C, cid=3530, SUCCESS, logIndex=5857, commits[374189d0-76c5-49d2-81b4-45a4af1368a2:c5857]
2019-06-14 08:43:12,590 INFO  client.GrpcClientProtocolClient (GrpcClientProtocolClient.java:onNext(254)) - client-2EC808601240->374189d0-76c5-49d2-81b4-45a4af1368a2: receive RaftClientReply:client-2EC808601240->374189d0-76c5-49d2-81b4-45a4af1368a2@group-30B6692CD68C, cid=3531, SUCCESS, logIndex=5858, commits[374189d0-76c5-49d2-81b4-45a4af1368a2:c5860]
2019-06-14 08:43:12,590 INFO  client.GrpcClientProtocolClient (GrpcClientProtocolClient.java:onNext(254)) - client-2EC808601240->374189d0-76c5-49d2-81b4-45a4af1368a2: receive RaftClientReply:client-2EC808601240->374189d0-76c5-49d2-81b4-45a4af1368a2@group-30B6692CD68C, cid=3532, SUCCESS, logIndex=5859, commits[374189d0-76c5-49d2-81b4-45a4af1368a2:c5860]
2019-06-14 08:43:12,595 INFO  client.GrpcClientProtocolClient (GrpcClientProtocolClient.java:onNext(254)) - client-2EC808601240->374189d0-76c5-49d2-81b4-45a4af1368a2: receive RaftClientReply:client-2EC808601240->374189d0-76c5-49d2-81b4-45a4af1368a2@group-30B6692CD68C, cid=3533, SUCCESS, logIndex=5861, commits[374189d0-76c5-49d2-81b4-45a4af1368a2:c5861]
2019-06-14 08:43:12,596 INFO  client.GrpcClientProtocolClient (GrpcClientProtocolClient.java:onNext(254)) - client-2EC808601240->374189d0-76c5-49d2-81b4-45a4af1368a2: receive RaftClientReply:client-2EC808601240->374189d0-76c5-49d2-81b4-45a4af1368a2@group-30B6692CD68C, cid=3534, SUCCESS, logIndex=5863, commits[374189d0-76c5-49d2-81b4-45a4af1368a2:c5863]
2019-06-14 08:43:12,597 INFO  client.GrpcClientProtocolClient (GrpcClientProtocolClient.java:onNext(254)) - client-2EC808601240->374189d0-76c5-49d2-81b4-45a4af1368a2: receive RaftClientReply:client-2EC808601240->374189d0-76c5-49d2-81b4-45a4af1368a2@group-30B6692CD68C, cid=3535, SUCCESS, logIndex=5864, commits[374189d0-76c5-49d2-81b4-45a4af1368a2:c5866]
2019-06-14 08:43:12,597 INFO  client.GrpcClientProtocolClient (GrpcClientProtocolClient.java:onNext(254)) - client-2EC808601240->374189d0-76c5-49d2-81b4-45a4af1368a2: receive RaftClientReply:client-2EC808601240->374189d0-76c5-49d2-81b4-45a4af1368a2@group-30B6692CD68C, cid=3536, SUCCESS, logIndex=5865, commits[374189d0-76c5-49d2-81b4-45a4af1368a2:c5866]
2019-06-14 08:43:12,635 DEBUG block.SCMBlockDeletingService (SCMBlockDeletingService.java:call(138)) - Running DeletedBlockTransactionScanner
2019-06-14 08:43:12,635 DEBUG block.SCMBlockDeletingService (SCMBlockDeletingService.java:call(155)) - Scanned deleted blocks log and got 0 delTX to process.
2019-06-14 08:43:12,675 INFO  client.GrpcClientProtocolClient (GrpcClientProtocolClient.java:onNext(254)) - client-2EC808601240->374189d0-76c5-49d2-81b4-45a4af1368a2: receive RaftClientReply:client-2EC808601240->374189d0-76c5-49d2-81b4-45a4af1368a2@group-30B6692CD68C, cid=3537, SUCCESS, logIndex=5867, commits[374189d0-76c5-49d2-81b4-45a4af1368a2:c5867]
2019-06-14 08:43:12,676 INFO  client.GrpcClientProtocolClient (GrpcClientProtocolClient.java:onNext(254)) - client-2EC808601240->374189d0-76c5-49d2-81b4-45a4af1368a2: receive RaftClientReply:client-2EC808601240->374189d0-76c5-49d2-81b4-45a4af1368a2@group-30B6692CD68C, cid=3538, SUCCESS, logIndex=5869, commits[374189d0-76c5-49d2-81b4-45a4af1368a2:c5869]
2019-06-14 08:43:12,677 INFO  client.GrpcClientProtocolClient (GrpcClientProtocolClient.java:onNext(254)) - client-2EC808601240->374189d0-76c5-49d2-81b4-45a4af1368a2: receive RaftClientReply:client-2EC808601240->374189d0-76c5-49d2-81b4-45a4af1368a2@group-30B6692CD68C, cid=3539, SUCCESS, logIndex=5870, commits[374189d0-76c5-49d2-81b4-45a4af1368a2:c5872]
2019-06-14 08:43:12,677 INFO  client.GrpcClientProtocolClient (GrpcClientProtocolClient.java:onNext(254)) - client-2EC808601240->374189d0-76c5-49d2-81b4-45a4af1368a2: receive RaftClientReply:client-2EC808601240->374189d0-76c5-49d2-81b4-45a4af1368a2@group-30B6692CD68C, cid=3540, SUCCESS, logIndex=5871, commits[374189d0-76c5-49d2-81b4-45a4af1368a2:c5872]
2019-06-14 08:43:12,682 INFO  client.GrpcClientProtocolClient (GrpcClientProtocolClient.java:onNext(254)) - client-2EC808601240->374189d0-76c5-49d2-81b4-45a4af1368a2: receive RaftClientReply:client-2EC808601240->374189d0-76c5-49d2-81b4-45a4af1368a2@group-30B6692CD68C, cid=3541, SUCCESS, logIndex=5873, commits[374189d0-76c5-49d2-81b4-45a4af1368a2:c5873]
2019-06-14 08:43:12,683 INFO  client.GrpcClientProtocolClient (GrpcClientProtocolClient.java:onNext(254)) - client-2EC808601240->374189d0-76c5-49d2-81b4-45a4af1368a2: receive RaftClientReply:client-2EC808601240->374189d0-76c5-49d2-81b4-45a4af1368a2@group-30B6692CD68C, cid=3542, SUCCESS, logIndex=5875, commits[374189d0-76c5-49d2-81b4-45a4af1368a2:c5875]
2019-06-14 08:43:12,684 INFO  client.GrpcClientProtocolClient (GrpcClientProtocolClient.java:onNext(254)) - client-2EC808601240->374189d0-76c5-49d2-81b4-45a4af1368a2: receive RaftClientReply:client-2EC808601240->374189d0-76c5-49d2-81b4-45a4af1368a2@group-30B6692CD68C, cid=3543, SUCCESS, logIndex=5876, commits[374189d0-76c5-49d2-81b4-45a4af1368a2:c5878]
2019-06-14 08:43:12,685 INFO  client.GrpcClientProtocolClient (GrpcClientProtocolClient.java:onNext(254)) - client-2EC808601240->374189d0-76c5-49d2-81b4-45a4af1368a2: receive RaftClientReply:client-2EC808601240->374189d0-76c5-49d2-81b4-45a4af1368a2@group-30B6692CD68C, cid=3544, SUCCESS, logIndex=5877, commits[374189d0-76c5-49d2-81b4-45a4af1368a2:c5878]
2019-06-14 08:43:12,694 INFO  client.GrpcClientProtocolClient (GrpcClientProtocolClient.java:onNext(254)) - client-2EC808601240->374189d0-76c5-49d2-81b4-45a4af1368a2: receive RaftClientReply:client-2EC808601240->374189d0-76c5-49d2-81b4-45a4af1368a2@group-30B6692CD68C, cid=3545, SUCCESS, logIndex=5879, commits[374189d0-76c5-49d2-81b4-45a4af1368a2:c5879]
2019-06-14 08:43:12,696 INFO  client.GrpcClientProtocolClient (GrpcClientProtocolClient.java:onNext(254)) - client-2EC808601240->374189d0-76c5-49d2-81b4-45a4af1368a2: receive RaftClientReply:client-2EC808601240->374189d0-76c5-49d2-81b4-45a4af1368a2@group-30B6692CD68C, cid=3546, SUCCESS, logIndex=5881, commits[374189d0-76c5-49d2-81b4-45a4af1368a2:c5881]
2019-06-14 08:43:12,696 INFO  client.GrpcClientProtocolClient (GrpcClientProtocolClient.java:onNext(254)) - client-2EC808601240->374189d0-76c5-49d2-81b4-45a4af1368a2: receive RaftClientReply:client-2EC808601240->374189d0-76c5-49d2-81b4-45a4af1368a2@group-30B6692CD68C, cid=3547, SUCCESS, logIndex=5882, commits[374189d0-76c5-49d2-81b4-45a4af1368a2:c5884]
2019-06-14 08:43:12,697 INFO  client.GrpcClientProtocolClient (GrpcClientProtocolClient.java:onNext(254)) - client-2EC808601240->374189d0-76c5-49d2-81b4-45a4af1368a2: receive RaftClientReply:client-2EC808601240->374189d0-76c5-49d2-81b4-45a4af1368a2@group-30B6692CD68C, cid=3548, SUCCESS, logIndex=5883, commits[374189d0-76c5-49d2-81b4-45a4af1368a2:c5884]
2019-06-14 08:43:12,701 INFO  client.GrpcClientProtocolClient (GrpcClientProtocolClient.java:onNext(254)) - client-2EC808601240->374189d0-76c5-49d2-81b4-45a4af1368a2: receive RaftClientReply:client-2EC808601240->374189d0-76c5-49d2-81b4-45a4af1368a2@group-30B6692CD68C, cid=3549, SUCCESS, logIndex=5885, commits[374189d0-76c5-49d2-81b4-45a4af1368a2:c5885]
2019-06-14 08:43:12,702 INFO  client.GrpcClientProtocolClient (GrpcClientProtocolClient.java:onNext(254)) - client-2EC808601240->374189d0-76c5-49d2-81b4-45a4af1368a2: receive RaftClientReply:client-2EC808601240->374189d0-76c5-49d2-81b4-45a4af1368a2@group-30B6692CD68C, cid=3550, SUCCESS, logIndex=5887, commits[374189d0-76c5-49d2-81b4-45a4af1368a2:c5887]
2019-06-14 08:43:12,704 INFO  client.GrpcClientProtocolClient (GrpcClientProtocolClient.java:onNext(254)) - client-2EC808601240->374189d0-76c5-49d2-81b4-45a4af1368a2: receive RaftClientReply:client-2EC808601240->374189d0-76c5-49d2-81b4-45a4af1368a2@group-30B6692CD68C, cid=3551, SUCCESS, logIndex=5888, commits[374189d0-76c5-49d2-81b4-45a4af1368a2:c5890]
2019-06-14 08:43:12,704 INFO  client.GrpcClientProtocolClient (GrpcClientProtocolClient.java:onNext(254)) - client-2EC808601240->374189d0-76c5-49d2-81b4-45a4af1368a2: receive RaftClientReply:client-2EC808601240->374189d0-76c5-49d2-81b4-45a4af1368a2@group-30B6692CD68C, cid=3552, SUCCESS, logIndex=5889, commits[374189d0-76c5-49d2-81b4-45a4af1368a2:c5890]
2019-06-14 08:43:12,714 INFO  client.GrpcClientProtocolClient (GrpcClientProtocolClient.java:onNext(254)) - client-2EC808601240->374189d0-76c5-49d2-81b4-45a4af1368a2: receive RaftClientReply:client-2EC808601240->374189d0-76c5-49d2-81b4-45a4af1368a2@group-30B6692CD68C, cid=3553, SUCCESS, logIndex=5891, commits[374189d0-76c5-49d2-81b4-45a4af1368a2:c5891]
2019-06-14 08:43:12,716 INFO  client.GrpcClientProtocolClient (GrpcClientProtocolClient.java:onNext(254)) - client-2EC808601240->374189d0-76c5-49d2-81b4-45a4af1368a2: receive RaftClientReply:client-2EC808601240->374189d0-76c5-49d2-81b4-45a4af1368a2@group-30B6692CD68C, cid=3554, SUCCESS, logIndex=5893, commits[374189d0-76c5-49d2-81b4-45a4af1368a2:c5893]
2019-06-14 08:43:12,717 INFO  client.GrpcClientProtocolClient (GrpcClientProtocolClient.java:onNext(254)) - client-2EC808601240->374189d0-76c5-49d2-81b4-45a4af1368a2: receive RaftClientReply:client-2EC808601240->374189d0-76c5-49d2-81b4-45a4af1368a2@group-30B6692CD68C, cid=3555, SUCCESS, logIndex=5894, commits[374189d0-76c5-49d2-81b4-45a4af1368a2:c5896]
2019-06-14 08:43:12,717 INFO  client.GrpcClientProtocolClient (GrpcClientProtocolClient.java:onNext(254)) - client-2EC808601240->374189d0-76c5-49d2-81b4-45a4af1368a2: receive RaftClientReply:client-2EC808601240->374189d0-76c5-49d2-81b4-45a4af1368a2@group-30B6692CD68C, cid=3556, SUCCESS, logIndex=5895, commits[374189d0-76c5-49d2-81b4-45a4af1368a2:c5896]
2019-06-14 08:43:12,722 INFO  client.GrpcClientProtocolClient (GrpcClientProtocolClient.java:onNext(254)) - client-2EC808601240->374189d0-76c5-49d2-81b4-45a4af1368a2: receive RaftClientReply:client-2EC808601240->374189d0-76c5-49d2-81b4-45a4af1368a2@group-30B6692CD68C, cid=3557, SUCCESS, logIndex=5897, commits[374189d0-76c5-49d2-81b4-45a4af1368a2:c5897]
2019-06-14 08:43:12,724 INFO  client.GrpcClientProtocolClient (GrpcClientProtocolClient.java:onNext(254)) - client-2EC808601240->374189d0-76c5-49d2-81b4-45a4af1368a2: receive RaftClientReply:client-2EC808601240->374189d0-76c5-49d2-81b4-45a4af1368a2@group-30B6692CD68C, cid=3558, SUCCESS, logIndex=5899, commits[374189d0-76c5-49d2-81b4-45a4af1368a2:c5899]
2019-06-14 08:43:12,725 INFO  client.GrpcClientProtocolClient (GrpcClientProtocolClient.java:onNext(254)) - client-2EC808601240->374189d0-76c5-49d2-81b4-45a4af1368a2: receive RaftClientReply:client-2EC808601240->374189d0-76c5-49d2-81b4-45a4af1368a2@group-30B6692CD68C, cid=3559, SUCCESS, logIndex=5900, commits[374189d0-76c5-49d2-81b4-45a4af1368a2:c5902]
2019-06-14 08:43:12,725 INFO  client.GrpcClientProtocolClient (GrpcClientProtocolClient.java:onNext(254)) - client-2EC808601240->374189d0-76c5-49d2-81b4-45a4af1368a2: receive RaftClientReply:client-2EC808601240->374189d0-76c5-49d2-81b4-45a4af1368a2@group-30B6692CD68C, cid=3560, SUCCESS, logIndex=5901, commits[374189d0-76c5-49d2-81b4-45a4af1368a2:c5902]
2019-06-14 08:43:12,736 DEBUG block.SCMBlockDeletingService (SCMBlockDeletingService.java:call(138)) - Running DeletedBlockTransactionScanner
2019-06-14 08:43:12,736 DEBUG block.SCMBlockDeletingService (SCMBlockDeletingService.java:call(155)) - Scanned deleted blocks log and got 0 delTX to process.
2019-06-14 08:43:12,737 INFO  client.GrpcClientProtocolClient (GrpcClientProtocolClient.java:onNext(254)) - client-2EC808601240->374189d0-76c5-49d2-81b4-45a4af1368a2: receive RaftClientReply:client-2EC808601240->374189d0-76c5-49d2-81b4-45a4af1368a2@group-30B6692CD68C, cid=3561, SUCCESS, logIndex=5903, commits[374189d0-76c5-49d2-81b4-45a4af1368a2:c5904]
2019-06-14 08:43:12,739 INFO  client.GrpcClientProtocolClient (GrpcClientProtocolClient.java:onNext(254)) - client-2EC808601240->374189d0-76c5-49d2-81b4-45a4af1368a2: receive RaftClientReply:client-2EC808601240->374189d0-76c5-49d2-81b4-45a4af1368a2@group-30B6692CD68C, cid=3562, SUCCESS, logIndex=5905, commits[374189d0-76c5-49d2-81b4-45a4af1368a2:c5905]
2019-06-14 08:43:12,739 INFO  client.GrpcClientProtocolClient (GrpcClientProtocolClient.java:onNext(254)) - client-2EC808601240->374189d0-76c5-49d2-81b4-45a4af1368a2: receive RaftClientReply:client-2EC808601240->374189d0-76c5-49d2-81b4-45a4af1368a2@group-30B6692CD68C, cid=3563, SUCCESS, logIndex=5906, commits[374189d0-76c5-49d2-81b4-45a4af1368a2:c5908]
2019-06-14 08:43:12,739 INFO  client.GrpcClientProtocolClient (GrpcClientProtocolClient.java:onNext(254)) - client-2EC808601240->374189d0-76c5-49d2-81b4-45a4af1368a2: receive RaftClientReply:client-2EC808601240->374189d0-76c5-49d2-81b4-45a4af1368a2@group-30B6692CD68C, cid=3564, SUCCESS, logIndex=5907, commits[374189d0-76c5-49d2-81b4-45a4af1368a2:c5908]
2019-06-14 08:43:12,745 INFO  client.GrpcClientProtocolClient (GrpcClientProtocolClient.java:onNext(254)) - client-2EC808601240->374189d0-76c5-49d2-81b4-45a4af1368a2: receive RaftClientReply:client-2EC808601240->374189d0-76c5-49d2-81b4-45a4af1368a2@group-30B6692CD68C, cid=3565, SUCCESS, logIndex=5909, commits[374189d0-76c5-49d2-81b4-45a4af1368a2:c5909]
2019-06-14 08:43:12,746 INFO  client.GrpcClientProtocolClient (GrpcClientProtocolClient.java:onNext(254)) - client-2EC808601240->374189d0-76c5-49d2-81b4-45a4af1368a2: receive RaftClientReply:client-2EC808601240->374189d0-76c5-49d2-81b4-45a4af1368a2@group-30B6692CD68C, cid=3566, SUCCESS, logIndex=5911, commits[374189d0-76c5-49d2-81b4-45a4af1368a2:c5911]
2019-06-14 08:43:12,747 INFO  client.GrpcClientProtocolClient (GrpcClientProtocolClient.java:onNext(254)) - client-2EC808601240->374189d0-76c5-49d2-81b4-45a4af1368a2: receive RaftClientReply:client-2EC808601240->374189d0-76c5-49d2-81b4-45a4af1368a2@group-30B6692CD68C, cid=3567, SUCCESS, logIndex=5912, commits[374189d0-76c5-49d2-81b4-45a4af1368a2:c5914]
2019-06-14 08:43:12,747 INFO  client.GrpcClientProtocolClient (GrpcClientProtocolClient.java:onNext(254)) - client-2EC808601240->374189d0-76c5-49d2-81b4-45a4af1368a2: receive RaftClientReply:client-2EC808601240->374189d0-76c5-49d2-81b4-45a4af1368a2@group-30B6692CD68C, cid=3568, SUCCESS, logIndex=5913, commits[374189d0-76c5-49d2-81b4-45a4af1368a2:c5914]
2019-06-14 08:43:12,759 INFO  client.GrpcClientProtocolClient (GrpcClientProtocolClient.java:onNext(254)) - client-2EC808601240->374189d0-76c5-49d2-81b4-45a4af1368a2: receive RaftClientReply:client-2EC808601240->374189d0-76c5-49d2-81b4-45a4af1368a2@group-30B6692CD68C, cid=3569, SUCCESS, logIndex=5915, commits[374189d0-76c5-49d2-81b4-45a4af1368a2:c5916]
2019-06-14 08:43:12,760 INFO  client.GrpcClientProtocolClient (GrpcClientProtocolClient.java:onNext(254)) - client-2EC808601240->374189d0-76c5-49d2-81b4-45a4af1368a2: receive RaftClientReply:client-2EC808601240->374189d0-76c5-49d2-81b4-45a4af1368a2@group-30B6692CD68C, cid=3570, SUCCESS, logIndex=5917, commits[374189d0-76c5-49d2-81b4-45a4af1368a2:c5917]
2019-06-14 08:43:12,761 INFO  client.GrpcClientProtocolClient (GrpcClientProtocolClient.java:onNext(254)) - client-2EC808601240->374189d0-76c5-49d2-81b4-45a4af1368a2: receive RaftClientReply:client-2EC808601240->374189d0-76c5-49d2-81b4-45a4af1368a2@group-30B6692CD68C, cid=3571, SUCCESS, logIndex=5918, commits[374189d0-76c5-49d2-81b4-45a4af1368a2:c5920]
2019-06-14 08:43:12,762 INFO  client.GrpcClientProtocolClient (GrpcClientProtocolClient.java:onNext(254)) - client-2EC808601240->374189d0-76c5-49d2-81b4-45a4af1368a2: receive RaftClientReply:client-2EC808601240->374189d0-76c5-49d2-81b4-45a4af1368a2@group-30B6692CD68C, cid=3572, SUCCESS, logIndex=5920, commits[374189d0-76c5-49d2-81b4-45a4af1368a2:c5920]
2019-06-14 08:43:12,765 INFO  storage.RaftLogWorker (RaftLogWorker.java:rollLogSegment(303)) - 374189d0-76c5-49d2-81b4-45a4af1368a2-RaftLogWorker: Rolling segment log-5855_5921 to index:5921
2019-06-14 08:43:12,765 INFO  storage.RaftLogWorker (RaftLogWorker.java:execute(433)) - 374189d0-76c5-49d2-81b4-45a4af1368a2-RaftLogWorker: Rolled log segment from /opt/src/hadoop-ozone/integration-test/target/test-dir/MiniOzoneClusterImpl-1994f8b8-dd4d-445c-bf25-0c6d40f9b14d/datanode-0/data/ratis/99d0acb8-99ce-4814-8259-30b6692cd68c/current/log_inprogress_5855 to /opt/src/hadoop-ozone/integration-test/target/test-dir/MiniOzoneClusterImpl-1994f8b8-dd4d-445c-bf25-0c6d40f9b14d/datanode-0/data/ratis/99d0acb8-99ce-4814-8259-30b6692cd68c/current/log_5855-5921
2019-06-14 08:43:12,802 INFO  storage.RaftLogWorker (RaftLogWorker.java:execute(469)) - 374189d0-76c5-49d2-81b4-45a4af1368a2-RaftLogWorker: created new log segment /opt/src/hadoop-ozone/integration-test/target/test-dir/MiniOzoneClusterImpl-1994f8b8-dd4d-445c-bf25-0c6d40f9b14d/datanode-0/data/ratis/99d0acb8-99ce-4814-8259-30b6692cd68c/current/log_inprogress_5922
2019-06-14 08:43:12,804 INFO  client.GrpcClientProtocolClient (GrpcClientProtocolClient.java:onNext(254)) - client-2EC808601240->374189d0-76c5-49d2-81b4-45a4af1368a2: receive RaftClientReply:client-2EC808601240->374189d0-76c5-49d2-81b4-45a4af1368a2@group-30B6692CD68C, cid=3573, SUCCESS, logIndex=5922, commits[374189d0-76c5-49d2-81b4-45a4af1368a2:c5922]
2019-06-14 08:43:12,805 INFO  client.GrpcClientProtocolClient (GrpcClientProtocolClient.java:onNext(254)) - client-2EC808601240->374189d0-76c5-49d2-81b4-45a4af1368a2: receive RaftClientReply:client-2EC808601240->374189d0-76c5-49d2-81b4-45a4af1368a2@group-30B6692CD68C, cid=3574, SUCCESS, logIndex=5924, commits[374189d0-76c5-49d2-81b4-45a4af1368a2:c5924]
2019-06-14 08:43:12,806 INFO  client.GrpcClientProtocolClient (GrpcClientProtocolClient.java:onNext(254)) - client-2EC808601240->374189d0-76c5-49d2-81b4-45a4af1368a2: receive RaftClientReply:client-2EC808601240->374189d0-76c5-49d2-81b4-45a4af1368a2@group-30B6692CD68C, cid=3575, SUCCESS, logIndex=5925, commits[374189d0-76c5-49d2-81b4-45a4af1368a2:c5927]
2019-06-14 08:43:12,807 INFO  client.GrpcClientProtocolClient (GrpcClientProtocolClient.java:onNext(254)) - client-2EC808601240->374189d0-76c5-49d2-81b4-45a4af1368a2: receive RaftClientReply:client-2EC808601240->374189d0-76c5-49d2-81b4-45a4af1368a2@group-30B6692CD68C, cid=3576, SUCCESS, logIndex=5926, commits[374189d0-76c5-49d2-81b4-45a4af1368a2:c5927]
2019-06-14 08:43:12,819 INFO  client.GrpcClientProtocolClient (GrpcClientProtocolClient.java:onNext(254)) - client-2EC808601240->374189d0-76c5-49d2-81b4-45a4af1368a2: receive RaftClientReply:client-2EC808601240->374189d0-76c5-49d2-81b4-45a4af1368a2@group-30B6692CD68C, cid=3577, SUCCESS, logIndex=5928, commits[374189d0-76c5-49d2-81b4-45a4af1368a2:c5928]
2019-06-14 08:43:12,822 INFO  client.GrpcClientProtocolClient (GrpcClientProtocolClient.java:onNext(254)) - client-2EC808601240->374189d0-76c5-49d2-81b4-45a4af1368a2: receive RaftClientReply:client-2EC808601240->374189d0-76c5-49d2-81b4-45a4af1368a2@group-30B6692CD68C, cid=3578, SUCCESS, logIndex=5930, commits[374189d0-76c5-49d2-81b4-45a4af1368a2:c5932]
2019-06-14 08:43:12,822 INFO  client.GrpcClientProtocolClient (GrpcClientProtocolClient.java:onNext(254)) - client-2EC808601240->374189d0-76c5-49d2-81b4-45a4af1368a2: receive RaftClientReply:client-2EC808601240->374189d0-76c5-49d2-81b4-45a4af1368a2@group-30B6692CD68C, cid=3579, SUCCESS, logIndex=5931, commits[374189d0-76c5-49d2-81b4-45a4af1368a2:c5932]
2019-06-14 08:43:12,822 INFO  client.GrpcClientProtocolClient (GrpcClientProtocolClient.java:onNext(254)) - client-2EC808601240->374189d0-76c5-49d2-81b4-45a4af1368a2: receive RaftClientReply:client-2EC808601240->374189d0-76c5-49d2-81b4-45a4af1368a2@group-30B6692CD68C, cid=3580, SUCCESS, logIndex=5932, commits[374189d0-76c5-49d2-81b4-45a4af1368a2:c5932]
2019-06-14 08:43:12,836 DEBUG block.SCMBlockDeletingService (SCMBlockDeletingService.java:call(138)) - Running DeletedBlockTransactionScanner
2019-06-14 08:43:12,836 DEBUG block.SCMBlockDeletingService (SCMBlockDeletingService.java:call(155)) - Scanned deleted blocks log and got 0 delTX to process.
2019-06-14 08:43:12,902 INFO  client.GrpcClientProtocolClient (GrpcClientProtocolClient.java:onNext(254)) - client-2EC808601240->374189d0-76c5-49d2-81b4-45a4af1368a2: receive RaftClientReply:client-2EC808601240->374189d0-76c5-49d2-81b4-45a4af1368a2@group-30B6692CD68C, cid=3581, SUCCESS, logIndex=5934, commits[374189d0-76c5-49d2-81b4-45a4af1368a2:c5934]
2019-06-14 08:43:12,906 INFO  client.GrpcClientProtocolClient (GrpcClientProtocolClient.java:onNext(254)) - client-2EC808601240->374189d0-76c5-49d2-81b4-45a4af1368a2: receive RaftClientReply:client-2EC808601240->374189d0-76c5-49d2-81b4-45a4af1368a2@group-30B6692CD68C, cid=3582, SUCCESS, logIndex=5936, commits[374189d0-76c5-49d2-81b4-45a4af1368a2:c5936]
2019-06-14 08:43:12,906 INFO  client.GrpcClientProtocolClient (GrpcClientProtocolClient.java:onNext(254)) - client-2EC808601240->374189d0-76c5-49d2-81b4-45a4af1368a2: receive RaftClientReply:client-2EC808601240->374189d0-76c5-49d2-81b4-45a4af1368a2@group-30B6692CD68C, cid=3583, SUCCESS, logIndex=5937, commits[374189d0-76c5-49d2-81b4-45a4af1368a2:c5939]
2019-06-14 08:43:12,906 INFO  client.GrpcClientProtocolClient (GrpcClientProtocolClient.java:onNext(254)) - client-2EC808601240->374189d0-76c5-49d2-81b4-45a4af1368a2: receive RaftClientReply:client-2EC808601240->374189d0-76c5-49d2-81b4-45a4af1368a2@group-30B6692CD68C, cid=3584, SUCCESS, logIndex=5938, commits[374189d0-76c5-49d2-81b4-45a4af1368a2:c5939]
2019-06-14 08:43:12,916 INFO  client.GrpcClientProtocolClient (GrpcClientProtocolClient.java:onNext(254)) - client-2EC808601240->374189d0-76c5-49d2-81b4-45a4af1368a2: receive RaftClientReply:client-2EC808601240->374189d0-76c5-49d2-81b4-45a4af1368a2@group-30B6692CD68C, cid=3585, SUCCESS, logIndex=5940, commits[374189d0-76c5-49d2-81b4-45a4af1368a2:c5940]
2019-06-14 08:43:12,919 INFO  client.GrpcClientProtocolClient (GrpcClientProtocolClient.java:onNext(254)) - client-2EC808601240->374189d0-76c5-49d2-81b4-45a4af1368a2: receive RaftClientReply:client-2EC808601240->374189d0-76c5-49d2-81b4-45a4af1368a2@group-30B6692CD68C, cid=3586, SUCCESS, logIndex=5942, commits[374189d0-76c5-49d2-81b4-45a4af1368a2:c5944]
2019-06-14 08:43:12,919 INFO  client.GrpcClientProtocolClient (GrpcClientProtocolClient.java:onNext(254)) - client-2EC808601240->374189d0-76c5-49d2-81b4-45a4af1368a2: receive RaftClientReply:client-2EC808601240->374189d0-76c5-49d2-81b4-45a4af1368a2@group-30B6692CD68C, cid=3587, SUCCESS, logIndex=5943, commits[374189d0-76c5-49d2-81b4-45a4af1368a2:c5944]
2019-06-14 08:43:12,919 INFO  client.GrpcClientProtocolClient (GrpcClientProtocolClient.java:onNext(254)) - client-2EC808601240->374189d0-76c5-49d2-81b4-45a4af1368a2: receive RaftClientReply:client-2EC808601240->374189d0-76c5-49d2-81b4-45a4af1368a2@group-30B6692CD68C, cid=3588, SUCCESS, logIndex=5944, commits[374189d0-76c5-49d2-81b4-45a4af1368a2:c5945]
2019-06-14 08:43:12,924 INFO  client.GrpcClientProtocolClient (GrpcClientProtocolClient.java:onNext(254)) - client-2EC808601240->374189d0-76c5-49d2-81b4-45a4af1368a2: receive RaftClientReply:client-2EC808601240->374189d0-76c5-49d2-81b4-45a4af1368a2@group-30B6692CD68C, cid=3589, SUCCESS, logIndex=5946, commits[374189d0-76c5-49d2-81b4-45a4af1368a2:c5946]
2019-06-14 08:43:12,926 INFO  client.GrpcClientProtocolClient (GrpcClientProtocolClient.java:onNext(254)) - client-2EC808601240->374189d0-76c5-49d2-81b4-45a4af1368a2: receive RaftClientReply:client-2EC808601240->374189d0-76c5-49d2-81b4-45a4af1368a2@group-30B6692CD68C, cid=3590, SUCCESS, logIndex=5948, commits[374189d0-76c5-49d2-81b4-45a4af1368a2:c5948]
2019-06-14 08:43:12,927 INFO  client.GrpcClientProtocolClient (GrpcClientProtocolClient.java:onNext(254)) - client-2EC808601240->374189d0-76c5-49d2-81b4-45a4af1368a2: receive RaftClientReply:client-2EC808601240->374189d0-76c5-49d2-81b4-45a4af1368a2@group-30B6692CD68C, cid=3591, SUCCESS, logIndex=5949, commits[374189d0-76c5-49d2-81b4-45a4af1368a2:c5950]
2019-06-14 08:43:12,927 INFO  client.GrpcClientProtocolClient (GrpcClientProtocolClient.java:onNext(254)) - client-2EC808601240->374189d0-76c5-49d2-81b4-45a4af1368a2: receive RaftClientReply:client-2EC808601240->374189d0-76c5-49d2-81b4-45a4af1368a2@group-30B6692CD68C, cid=3592, SUCCESS, logIndex=5950, commits[374189d0-76c5-49d2-81b4-45a4af1368a2:c5951]
2019-06-14 08:43:12,937 DEBUG block.SCMBlockDeletingService (SCMBlockDeletingService.java:call(138)) - Running DeletedBlockTransactionScanner
2019-06-14 08:43:12,937 DEBUG block.SCMBlockDeletingService (SCMBlockDeletingService.java:call(155)) - Scanned deleted blocks log and got 0 delTX to process.
2019-06-14 08:43:12,937 INFO  client.GrpcClientProtocolClient (GrpcClientProtocolClient.java:onNext(254)) - client-2EC808601240->374189d0-76c5-49d2-81b4-45a4af1368a2: receive RaftClientReply:client-2EC808601240->374189d0-76c5-49d2-81b4-45a4af1368a2@group-30B6692CD68C, cid=3593, SUCCESS, logIndex=5953, commits[374189d0-76c5-49d2-81b4-45a4af1368a2:c5953]
2019-06-14 08:43:12,939 INFO  client.GrpcClientProtocolClient (GrpcClientProtocolClient.java:onNext(254)) - client-2EC808601240->374189d0-76c5-49d2-81b4-45a4af1368a2: receive RaftClientReply:client-2EC808601240->374189d0-76c5-49d2-81b4-45a4af1368a2@group-30B6692CD68C, cid=3594, SUCCESS, logIndex=5955, commits[374189d0-76c5-49d2-81b4-45a4af1368a2:c5955]
2019-06-14 08:43:12,940 INFO  client.GrpcClientProtocolClient (GrpcClientProtocolClient.java:onNext(254)) - client-2EC808601240->374189d0-76c5-49d2-81b4-45a4af1368a2: receive RaftClientReply:client-2EC808601240->374189d0-76c5-49d2-81b4-45a4af1368a2@group-30B6692CD68C, cid=3595, SUCCESS, logIndex=5956, commits[374189d0-76c5-49d2-81b4-45a4af1368a2:c5958]
2019-06-14 08:43:12,940 INFO  client.GrpcClientProtocolClient (GrpcClientProtocolClient.java:onNext(254)) - client-2EC808601240->374189d0-76c5-49d2-81b4-45a4af1368a2: receive RaftClientReply:client-2EC808601240->374189d0-76c5-49d2-81b4-45a4af1368a2@group-30B6692CD68C, cid=3596, SUCCESS, logIndex=5957, commits[374189d0-76c5-49d2-81b4-45a4af1368a2:c5958]
2019-06-14 08:43:12,945 INFO  client.GrpcClientProtocolClient (GrpcClientProtocolClient.java:onNext(254)) - client-2EC808601240->374189d0-76c5-49d2-81b4-45a4af1368a2: receive RaftClientReply:client-2EC808601240->374189d0-76c5-49d2-81b4-45a4af1368a2@group-30B6692CD68C, cid=3597, SUCCESS, logIndex=5959, commits[374189d0-76c5-49d2-81b4-45a4af1368a2:c5959]
2019-06-14 08:43:12,947 INFO  client.GrpcClientProtocolClient (GrpcClientProtocolClient.java:onNext(254)) - client-2EC808601240->374189d0-76c5-49d2-81b4-45a4af1368a2: receive RaftClientReply:client-2EC808601240->374189d0-76c5-49d2-81b4-45a4af1368a2@group-30B6692CD68C, cid=3598, SUCCESS, logIndex=5961, commits[374189d0-76c5-49d2-81b4-45a4af1368a2:c5961]
2019-06-14 08:43:12,948 INFO  client.GrpcClientProtocolClient (GrpcClientProtocolClient.java:onNext(254)) - client-2EC808601240->374189d0-76c5-49d2-81b4-45a4af1368a2: receive RaftClientReply:client-2EC808601240->374189d0-76c5-49d2-81b4-45a4af1368a2@group-30B6692CD68C, cid=3599, SUCCESS, logIndex=5962, commits[374189d0-76c5-49d2-81b4-45a4af1368a2:c5964]
2019-06-14 08:43:12,948 INFO  client.GrpcClientProtocolClient (GrpcClientProtocolClient.java:onNext(254)) - client-2EC808601240->374189d0-76c5-49d2-81b4-45a4af1368a2: receive RaftClientReply:client-2EC808601240->374189d0-76c5-49d2-81b4-45a4af1368a2@group-30B6692CD68C, cid=3600, SUCCESS, logIndex=5963, commits[374189d0-76c5-49d2-81b4-45a4af1368a2:c5964]
2019-06-14 08:43:12,959 INFO  client.GrpcClientProtocolClient (GrpcClientProtocolClient.java:onNext(254)) - client-2EC808601240->374189d0-76c5-49d2-81b4-45a4af1368a2: receive RaftClientReply:client-2EC808601240->374189d0-76c5-49d2-81b4-45a4af1368a2@group-30B6692CD68C, cid=3601, SUCCESS, logIndex=5965, commits[374189d0-76c5-49d2-81b4-45a4af1368a2:c5965]
2019-06-14 08:43:12,961 INFO  client.GrpcClientProtocolClient (GrpcClientProtocolClient.java:onNext(254)) - client-2EC808601240->374189d0-76c5-49d2-81b4-45a4af1368a2: receive RaftClientReply:client-2EC808601240->374189d0-76c5-49d2-81b4-45a4af1368a2@group-30B6692CD68C, cid=3602, SUCCESS, logIndex=5967, commits[374189d0-76c5-49d2-81b4-45a4af1368a2:c5967]
2019-06-14 08:43:12,961 INFO  client.GrpcClientProtocolClient (GrpcClientProtocolClient.java:onNext(254)) - client-2EC808601240->374189d0-76c5-49d2-81b4-45a4af1368a2: receive RaftClientReply:client-2EC808601240->374189d0-76c5-49d2-81b4-45a4af1368a2@group-30B6692CD68C, cid=3603, SUCCESS, logIndex=5968, commits[374189d0-76c5-49d2-81b4-45a4af1368a2:c5968]
2019-06-14 08:43:12,962 INFO  client.GrpcClientProtocolClient (GrpcClientProtocolClient.java:onNext(254)) - client-2EC808601240->374189d0-76c5-49d2-81b4-45a4af1368a2: receive RaftClientReply:client-2EC808601240->374189d0-76c5-49d2-81b4-45a4af1368a2@group-30B6692CD68C, cid=3604, SUCCESS, logIndex=5970, commits[374189d0-76c5-49d2-81b4-45a4af1368a2:c5970]
2019-06-14 08:43:13,013 INFO  client.GrpcClientProtocolClient (GrpcClientProtocolClient.java:onNext(254)) - client-2EC808601240->374189d0-76c5-49d2-81b4-45a4af1368a2: receive RaftClientReply:client-2EC808601240->374189d0-76c5-49d2-81b4-45a4af1368a2@group-30B6692CD68C, cid=3605, SUCCESS, logIndex=5973, commits[374189d0-76c5-49d2-81b4-45a4af1368a2:c5973]
2019-06-14 08:43:13,014 INFO  client.GrpcClientProtocolClient (GrpcClientProtocolClient.java:onNext(254)) - client-2EC808601240->374189d0-76c5-49d2-81b4-45a4af1368a2: receive RaftClientReply:client-2EC808601240->374189d0-76c5-49d2-81b4-45a4af1368a2@group-30B6692CD68C, cid=3606, SUCCESS, logIndex=5975, commits[374189d0-76c5-49d2-81b4-45a4af1368a2:c5975]
2019-06-14 08:43:13,015 INFO  client.GrpcClientProtocolClient (GrpcClientProtocolClient.java:onNext(254)) - client-2EC808601240->374189d0-76c5-49d2-81b4-45a4af1368a2: receive RaftClientReply:client-2EC808601240->374189d0-76c5-49d2-81b4-45a4af1368a2@group-30B6692CD68C, cid=3607, SUCCESS, logIndex=5976, commits[374189d0-76c5-49d2-81b4-45a4af1368a2:c5978]
2019-06-14 08:43:13,016 INFO  client.GrpcClientProtocolClient (GrpcClientProtocolClient.java:onNext(254)) - client-2EC808601240->374189d0-76c5-49d2-81b4-45a4af1368a2: receive RaftClientReply:client-2EC808601240->374189d0-76c5-49d2-81b4-45a4af1368a2@group-30B6692CD68C, cid=3608, SUCCESS, logIndex=5977, commits[374189d0-76c5-49d2-81b4-45a4af1368a2:c5978]
2019-06-14 08:43:13,025 INFO  client.GrpcClientProtocolClient (GrpcClientProtocolClient.java:onNext(254)) - client-2EC808601240->374189d0-76c5-49d2-81b4-45a4af1368a2: receive RaftClientReply:client-2EC808601240->374189d0-76c5-49d2-81b4-45a4af1368a2@group-30B6692CD68C, cid=3609, SUCCESS, logIndex=5979, commits[374189d0-76c5-49d2-81b4-45a4af1368a2:c5979]
2019-06-14 08:43:13,027 INFO  client.GrpcClientProtocolClient (GrpcClientProtocolClient.java:onNext(254)) - client-2EC808601240->374189d0-76c5-49d2-81b4-45a4af1368a2: receive RaftClientReply:client-2EC808601240->374189d0-76c5-49d2-81b4-45a4af1368a2@group-30B6692CD68C, cid=3610, SUCCESS, logIndex=5981, commits[374189d0-76c5-49d2-81b4-45a4af1368a2:c5981]
2019-06-14 08:43:13,028 INFO  client.GrpcClientProtocolClient (GrpcClientProtocolClient.java:onNext(254)) - client-2EC808601240->374189d0-76c5-49d2-81b4-45a4af1368a2: receive RaftClientReply:client-2EC808601240->374189d0-76c5-49d2-81b4-45a4af1368a2@group-30B6692CD68C, cid=3611, SUCCESS, logIndex=5982, commits[374189d0-76c5-49d2-81b4-45a4af1368a2:c5984]
2019-06-14 08:43:13,028 INFO  client.GrpcClientProtocolClient (GrpcClientProtocolClient.java:onNext(254)) - client-2EC808601240->374189d0-76c5-49d2-81b4-45a4af1368a2: receive RaftClientReply:client-2EC808601240->374189d0-76c5-49d2-81b4-45a4af1368a2@group-30B6692CD68C, cid=3612, SUCCESS, logIndex=5983, commits[374189d0-76c5-49d2-81b4-45a4af1368a2:c5984]
2019-06-14 08:43:13,033 INFO  client.GrpcClientProtocolClient (GrpcClientProtocolClient.java:onNext(254)) - client-2EC808601240->374189d0-76c5-49d2-81b4-45a4af1368a2: receive RaftClientReply:client-2EC808601240->374189d0-76c5-49d2-81b4-45a4af1368a2@group-30B6692CD68C, cid=3613, SUCCESS, logIndex=5985, commits[374189d0-76c5-49d2-81b4-45a4af1368a2:c5985]
2019-06-14 08:43:13,033 INFO  storage.RaftLogWorker (RaftLogWorker.java:rollLogSegment(303)) - 374189d0-76c5-49d2-81b4-45a4af1368a2-RaftLogWorker: Rolling segment log-5922_5988 to index:5988
2019-06-14 08:43:13,034 INFO  client.GrpcClientProtocolClient (GrpcClientProtocolClient.java:onNext(254)) - client-2EC808601240->374189d0-76c5-49d2-81b4-45a4af1368a2: receive RaftClientReply:client-2EC808601240->374189d0-76c5-49d2-81b4-45a4af1368a2@group-30B6692CD68C, cid=3614, SUCCESS, logIndex=5987, commits[374189d0-76c5-49d2-81b4-45a4af1368a2:c5987]
2019-06-14 08:43:13,034 INFO  storage.RaftLogWorker (RaftLogWorker.java:execute(433)) - 374189d0-76c5-49d2-81b4-45a4af1368a2-RaftLogWorker: Rolled log segment from /opt/src/hadoop-ozone/integration-test/target/test-dir/MiniOzoneClusterImpl-1994f8b8-dd4d-445c-bf25-0c6d40f9b14d/datanode-0/data/ratis/99d0acb8-99ce-4814-8259-30b6692cd68c/current/log_inprogress_5922 to /opt/src/hadoop-ozone/integration-test/target/test-dir/MiniOzoneClusterImpl-1994f8b8-dd4d-445c-bf25-0c6d40f9b14d/datanode-0/data/ratis/99d0acb8-99ce-4814-8259-30b6692cd68c/current/log_5922-5988
2019-06-14 08:43:13,035 INFO  client.GrpcClientProtocolClient (GrpcClientProtocolClient.java:onNext(254)) - client-2EC808601240->374189d0-76c5-49d2-81b4-45a4af1368a2: receive RaftClientReply:client-2EC808601240->374189d0-76c5-49d2-81b4-45a4af1368a2@group-30B6692CD68C, cid=3615, SUCCESS, logIndex=5988, commits[374189d0-76c5-49d2-81b4-45a4af1368a2:c5988]
2019-06-14 08:43:13,037 DEBUG block.SCMBlockDeletingService (SCMBlockDeletingService.java:call(138)) - Running DeletedBlockTransactionScanner
2019-06-14 08:43:13,037 DEBUG block.SCMBlockDeletingService (SCMBlockDeletingService.java:call(155)) - Scanned deleted blocks log and got 0 delTX to process.
2019-06-14 08:43:13,071 INFO  storage.RaftLogWorker (RaftLogWorker.java:execute(469)) - 374189d0-76c5-49d2-81b4-45a4af1368a2-RaftLogWorker: created new log segment /opt/src/hadoop-ozone/integration-test/target/test-dir/MiniOzoneClusterImpl-1994f8b8-dd4d-445c-bf25-0c6d40f9b14d/datanode-0/data/ratis/99d0acb8-99ce-4814-8259-30b6692cd68c/current/log_inprogress_5989
2019-06-14 08:43:13,073 INFO  client.GrpcClientProtocolClient (GrpcClientProtocolClient.java:onNext(254)) - client-2EC808601240->374189d0-76c5-49d2-81b4-45a4af1368a2: receive RaftClientReply:client-2EC808601240->374189d0-76c5-49d2-81b4-45a4af1368a2@group-30B6692CD68C, cid=3616, SUCCESS, logIndex=5989, commits[374189d0-76c5-49d2-81b4-45a4af1368a2:c5991]
2019-06-14 08:43:13,084 INFO  client.GrpcClientProtocolClient (GrpcClientProtocolClient.java:onNext(254)) - client-2EC808601240->374189d0-76c5-49d2-81b4-45a4af1368a2: receive RaftClientReply:client-2EC808601240->374189d0-76c5-49d2-81b4-45a4af1368a2@group-30B6692CD68C, cid=3617, SUCCESS, logIndex=5992, commits[374189d0-76c5-49d2-81b4-45a4af1368a2:c5992]
2019-06-14 08:43:13,085 INFO  client.GrpcClientProtocolClient (GrpcClientProtocolClient.java:onNext(254)) - client-2EC808601240->374189d0-76c5-49d2-81b4-45a4af1368a2: receive RaftClientReply:client-2EC808601240->374189d0-76c5-49d2-81b4-45a4af1368a2@group-30B6692CD68C, cid=3618, SUCCESS, logIndex=5994, commits[374189d0-76c5-49d2-81b4-45a4af1368a2:c5994]
2019-06-14 08:43:13,089 INFO  client.GrpcClientProtocolClient (GrpcClientProtocolClient.java:onNext(254)) - client-2EC808601240->374189d0-76c5-49d2-81b4-45a4af1368a2: receive RaftClientReply:client-2EC808601240->374189d0-76c5-49d2-81b4-45a4af1368a2@group-30B6692CD68C, cid=3619, SUCCESS, logIndex=5995, commits[374189d0-76c5-49d2-81b4-45a4af1368a2:c5997]
2019-06-14 08:43:13,089 INFO  client.GrpcClientProtocolClient (GrpcClientProtocolClient.java:onNext(254)) - client-2EC808601240->374189d0-76c5-49d2-81b4-45a4af1368a2: receive RaftClientReply:client-2EC808601240->374189d0-76c5-49d2-81b4-45a4af1368a2@group-30B6692CD68C, cid=3620, SUCCESS, logIndex=5996, commits[374189d0-76c5-49d2-81b4-45a4af1368a2:c5997]
2019-06-14 08:43:13,095 INFO  client.GrpcClientProtocolClient (GrpcClientProtocolClient.java:onNext(254)) - client-2EC808601240->374189d0-76c5-49d2-81b4-45a4af1368a2: receive RaftClientReply:client-2EC808601240->374189d0-76c5-49d2-81b4-45a4af1368a2@group-30B6692CD68C, cid=3621, SUCCESS, logIndex=5998, commits[374189d0-76c5-49d2-81b4-45a4af1368a2:c5998]
2019-06-14 08:43:13,097 INFO  client.GrpcClientProtocolClient (GrpcClientProtocolClient.java:onNext(254)) - client-2EC808601240->374189d0-76c5-49d2-81b4-45a4af1368a2: receive RaftClientReply:client-2EC808601240->374189d0-76c5-49d2-81b4-45a4af1368a2@group-30B6692CD68C, cid=3622, SUCCESS, logIndex=6000, commits[374189d0-76c5-49d2-81b4-45a4af1368a2:c6000]
2019-06-14 08:43:13,097 INFO  client.GrpcClientProtocolClient (GrpcClientProtocolClient.java:onNext(254)) - client-2EC808601240->374189d0-76c5-49d2-81b4-45a4af1368a2: receive RaftClientReply:client-2EC808601240->374189d0-76c5-49d2-81b4-45a4af1368a2@group-30B6692CD68C, cid=3623, SUCCESS, logIndex=6001, commits[374189d0-76c5-49d2-81b4-45a4af1368a2:c6002]
2019-06-14 08:43:13,097 INFO  client.GrpcClientProtocolClient (GrpcClientProtocolClient.java:onNext(254)) - client-2EC808601240->374189d0-76c5-49d2-81b4-45a4af1368a2: receive RaftClientReply:client-2EC808601240->374189d0-76c5-49d2-81b4-45a4af1368a2@group-30B6692CD68C, cid=3624, SUCCESS, logIndex=6002, commits[374189d0-76c5-49d2-81b4-45a4af1368a2:c6002]
2019-06-14 08:43:13,138 DEBUG block.SCMBlockDeletingService (SCMBlockDeletingService.java:call(138)) - Running DeletedBlockTransactionScanner
2019-06-14 08:43:13,138 DEBUG block.SCMBlockDeletingService (SCMBlockDeletingService.java:call(155)) - Scanned deleted blocks log and got 0 delTX to process.
2019-06-14 08:43:13,198 INFO  client.GrpcClientProtocolClient (GrpcClientProtocolClient.java:onNext(254)) - client-2EC808601240->374189d0-76c5-49d2-81b4-45a4af1368a2: receive RaftClientReply:client-2EC808601240->374189d0-76c5-49d2-81b4-45a4af1368a2@group-30B6692CD68C, cid=3625, SUCCESS, logIndex=6005, commits[374189d0-76c5-49d2-81b4-45a4af1368a2:c6005]
2019-06-14 08:43:13,200 INFO  client.GrpcClientProtocolClient (GrpcClientProtocolClient.java:onNext(254)) - client-2EC808601240->374189d0-76c5-49d2-81b4-45a4af1368a2: receive RaftClientReply:client-2EC808601240->374189d0-76c5-49d2-81b4-45a4af1368a2@group-30B6692CD68C, cid=3626, SUCCESS, logIndex=6007, commits[374189d0-76c5-49d2-81b4-45a4af1368a2:c6009]
2019-06-14 08:43:13,201 INFO  client.GrpcClientProtocolClient (GrpcClientProtocolClient.java:onNext(254)) - client-2EC808601240->374189d0-76c5-49d2-81b4-45a4af1368a2: receive RaftClientReply:client-2EC808601240->374189d0-76c5-49d2-81b4-45a4af1368a2@group-30B6692CD68C, cid=3627, SUCCESS, logIndex=6008, commits[374189d0-76c5-49d2-81b4-45a4af1368a2:c6009]
2019-06-14 08:43:13,201 INFO  client.GrpcClientProtocolClient (GrpcClientProtocolClient.java:onNext(254)) - client-2EC808601240->374189d0-76c5-49d2-81b4-45a4af1368a2: receive RaftClientReply:client-2EC808601240->374189d0-76c5-49d2-81b4-45a4af1368a2@group-30B6692CD68C, cid=3628, SUCCESS, logIndex=6009, commits[374189d0-76c5-49d2-81b4-45a4af1368a2:c6010]
2019-06-14 08:43:13,206 INFO  client.GrpcClientProtocolClient (GrpcClientProtocolClient.java:onNext(254)) - client-2EC808601240->374189d0-76c5-49d2-81b4-45a4af1368a2: receive RaftClientReply:client-2EC808601240->374189d0-76c5-49d2-81b4-45a4af1368a2@group-30B6692CD68C, cid=3629, SUCCESS, logIndex=6011, commits[374189d0-76c5-49d2-81b4-45a4af1368a2:c6011]
2019-06-14 08:43:13,208 INFO  client.GrpcClientProtocolClient (GrpcClientProtocolClient.java:onNext(254)) - client-2EC808601240->374189d0-76c5-49d2-81b4-45a4af1368a2: receive RaftClientReply:client-2EC808601240->374189d0-76c5-49d2-81b4-45a4af1368a2@group-30B6692CD68C, cid=3630, SUCCESS, logIndex=6013, commits[374189d0-76c5-49d2-81b4-45a4af1368a2:c6013]
2019-06-14 08:43:13,209 INFO  client.GrpcClientProtocolClient (GrpcClientProtocolClient.java:onNext(254)) - client-2EC808601240->374189d0-76c5-49d2-81b4-45a4af1368a2: receive RaftClientReply:client-2EC808601240->374189d0-76c5-49d2-81b4-45a4af1368a2@group-30B6692CD68C, cid=3631, SUCCESS, logIndex=6014, commits[374189d0-76c5-49d2-81b4-45a4af1368a2:c6014]
2019-06-14 08:43:13,209 INFO  client.GrpcClientProtocolClient (GrpcClientProtocolClient.java:onNext(254)) - client-2EC808601240->374189d0-76c5-49d2-81b4-45a4af1368a2: receive RaftClientReply:client-2EC808601240->374189d0-76c5-49d2-81b4-45a4af1368a2@group-30B6692CD68C, cid=3632, SUCCESS, logIndex=6016, commits[374189d0-76c5-49d2-81b4-45a4af1368a2:c6016]
2019-06-14 08:43:13,220 INFO  client.GrpcClientProtocolClient (GrpcClientProtocolClient.java:onNext(254)) - client-2EC808601240->374189d0-76c5-49d2-81b4-45a4af1368a2: receive RaftClientReply:client-2EC808601240->374189d0-76c5-49d2-81b4-45a4af1368a2@group-30B6692CD68C, cid=3633, SUCCESS, logIndex=6019, commits[374189d0-76c5-49d2-81b4-45a4af1368a2:c6019]
2019-06-14 08:43:13,221 INFO  client.GrpcClientProtocolClient (GrpcClientProtocolClient.java:onNext(254)) - client-2EC808601240->374189d0-76c5-49d2-81b4-45a4af1368a2: receive RaftClientReply:client-2EC808601240->374189d0-76c5-49d2-81b4-45a4af1368a2@group-30B6692CD68C, cid=3634, SUCCESS, logIndex=6021, commits[374189d0-76c5-49d2-81b4-45a4af1368a2:c6021]
2019-06-14 08:43:13,222 INFO  client.GrpcClientProtocolClient (GrpcClientProtocolClient.java:onNext(254)) - client-2EC808601240->374189d0-76c5-49d2-81b4-45a4af1368a2: receive RaftClientReply:client-2EC808601240->374189d0-76c5-49d2-81b4-45a4af1368a2@group-30B6692CD68C, cid=3635, SUCCESS, logIndex=6022, commits[374189d0-76c5-49d2-81b4-45a4af1368a2:c6024]
2019-06-14 08:43:13,222 INFO  client.GrpcClientProtocolClient (GrpcClientProtocolClient.java:onNext(254)) - client-2EC808601240->374189d0-76c5-49d2-81b4-45a4af1368a2: receive RaftClientReply:client-2EC808601240->374189d0-76c5-49d2-81b4-45a4af1368a2@group-30B6692CD68C, cid=3636, SUCCESS, logIndex=6023, commits[374189d0-76c5-49d2-81b4-45a4af1368a2:c6024]
2019-06-14 08:43:13,227 INFO  client.GrpcClientProtocolClient (GrpcClientProtocolClient.java:onNext(254)) - client-2EC808601240->374189d0-76c5-49d2-81b4-45a4af1368a2: receive RaftClientReply:client-2EC808601240->374189d0-76c5-49d2-81b4-45a4af1368a2@group-30B6692CD68C, cid=3637, SUCCESS, logIndex=6025, commits[374189d0-76c5-49d2-81b4-45a4af1368a2:c6025]
2019-06-14 08:43:13,231 INFO  client.GrpcClientProtocolClient (GrpcClientProtocolClient.java:onNext(254)) - client-2EC808601240->374189d0-76c5-49d2-81b4-45a4af1368a2: receive RaftClientReply:client-2EC808601240->374189d0-76c5-49d2-81b4-45a4af1368a2@group-30B6692CD68C, cid=3638, SUCCESS, logIndex=6027, commits[374189d0-76c5-49d2-81b4-45a4af1368a2:c6027]
2019-06-14 08:43:13,231 INFO  client.GrpcClientProtocolClient (GrpcClientProtocolClient.java:onNext(254)) - client-2EC808601240->374189d0-76c5-49d2-81b4-45a4af1368a2: receive RaftClientReply:client-2EC808601240->374189d0-76c5-49d2-81b4-45a4af1368a2@group-30B6692CD68C, cid=3639, SUCCESS, logIndex=6028, commits[374189d0-76c5-49d2-81b4-45a4af1368a2:c6030]
2019-06-14 08:43:13,231 INFO  client.GrpcClientProtocolClient (GrpcClientProtocolClient.java:onNext(254)) - client-2EC808601240->374189d0-76c5-49d2-81b4-45a4af1368a2: receive RaftClientReply:client-2EC808601240->374189d0-76c5-49d2-81b4-45a4af1368a2@group-30B6692CD68C, cid=3640, SUCCESS, logIndex=6029, commits[374189d0-76c5-49d2-81b4-45a4af1368a2:c6030]
2019-06-14 08:43:13,238 DEBUG block.SCMBlockDeletingService (SCMBlockDeletingService.java:call(138)) - Running DeletedBlockTransactionScanner
2019-06-14 08:43:13,238 DEBUG block.SCMBlockDeletingService (SCMBlockDeletingService.java:call(155)) - Scanned deleted blocks log and got 0 delTX to process.
2019-06-14 08:43:13,242 INFO  client.GrpcClientProtocolClient (GrpcClientProtocolClient.java:onNext(254)) - client-2EC808601240->374189d0-76c5-49d2-81b4-45a4af1368a2: receive RaftClientReply:client-2EC808601240->374189d0-76c5-49d2-81b4-45a4af1368a2@group-30B6692CD68C, cid=3641, SUCCESS, logIndex=6031, commits[374189d0-76c5-49d2-81b4-45a4af1368a2:c6031]
2019-06-14 08:43:13,244 INFO  client.GrpcClientProtocolClient (GrpcClientProtocolClient.java:onNext(254)) - client-2EC808601240->374189d0-76c5-49d2-81b4-45a4af1368a2: receive RaftClientReply:client-2EC808601240->374189d0-76c5-49d2-81b4-45a4af1368a2@group-30B6692CD68C, cid=3642, SUCCESS, logIndex=6033, commits[374189d0-76c5-49d2-81b4-45a4af1368a2:c6033]
2019-06-14 08:43:13,244 INFO  client.GrpcClientProtocolClient (GrpcClientProtocolClient.java:onNext(254)) - client-2EC808601240->374189d0-76c5-49d2-81b4-45a4af1368a2: receive RaftClientReply:client-2EC808601240->374189d0-76c5-49d2-81b4-45a4af1368a2@group-30B6692CD68C, cid=3643, SUCCESS, logIndex=6034, commits[374189d0-76c5-49d2-81b4-45a4af1368a2:c6034]
2019-06-14 08:43:13,245 INFO  client.GrpcClientProtocolClient (GrpcClientProtocolClient.java:onNext(254)) - client-2EC808601240->374189d0-76c5-49d2-81b4-45a4af1368a2: receive RaftClientReply:client-2EC808601240->374189d0-76c5-49d2-81b4-45a4af1368a2@group-30B6692CD68C, cid=3644, SUCCESS, logIndex=6036, commits[374189d0-76c5-49d2-81b4-45a4af1368a2:c6036]
2019-06-14 08:43:13,250 INFO  client.GrpcClientProtocolClient (GrpcClientProtocolClient.java:onNext(254)) - client-2EC808601240->374189d0-76c5-49d2-81b4-45a4af1368a2: receive RaftClientReply:client-2EC808601240->374189d0-76c5-49d2-81b4-45a4af1368a2@group-30B6692CD68C, cid=3645, SUCCESS, logIndex=6039, commits[374189d0-76c5-49d2-81b4-45a4af1368a2:c6039]
2019-06-14 08:43:13,257 INFO  client.GrpcClientProtocolClient (GrpcClientProtocolClient.java:onNext(254)) - client-2EC808601240->374189d0-76c5-49d2-81b4-45a4af1368a2: receive RaftClientReply:client-2EC808601240->374189d0-76c5-49d2-81b4-45a4af1368a2@group-30B6692CD68C, cid=3646, SUCCESS, logIndex=6041, commits[374189d0-76c5-49d2-81b4-45a4af1368a2:c6044]
2019-06-14 08:43:13,258 INFO  client.GrpcClientProtocolClient (GrpcClientProtocolClient.java:onNext(254)) - client-2EC808601240->374189d0-76c5-49d2-81b4-45a4af1368a2: receive RaftClientReply:client-2EC808601240->374189d0-76c5-49d2-81b4-45a4af1368a2@group-30B6692CD68C, cid=3647, SUCCESS, logIndex=6042, commits[374189d0-76c5-49d2-81b4-45a4af1368a2:c6044]
2019-06-14 08:43:13,258 INFO  client.GrpcClientProtocolClient (GrpcClientProtocolClient.java:onNext(254)) - client-2EC808601240->374189d0-76c5-49d2-81b4-45a4af1368a2: receive RaftClientReply:client-2EC808601240->374189d0-76c5-49d2-81b4-45a4af1368a2@group-30B6692CD68C, cid=3648, SUCCESS, logIndex=6043, commits[374189d0-76c5-49d2-81b4-45a4af1368a2:c6044]
2019-06-14 08:43:13,271 INFO  client.GrpcClientProtocolClient (GrpcClientProtocolClient.java:onNext(254)) - client-2EC808601240->374189d0-76c5-49d2-81b4-45a4af1368a2: receive RaftClientReply:client-2EC808601240->374189d0-76c5-49d2-81b4-45a4af1368a2@group-30B6692CD68C, cid=3649, SUCCESS, logIndex=6045, commits[374189d0-76c5-49d2-81b4-45a4af1368a2:c6045]
2019-06-14 08:43:13,272 INFO  client.GrpcClientProtocolClient (GrpcClientProtocolClient.java:onNext(254)) - client-2EC808601240->374189d0-76c5-49d2-81b4-45a4af1368a2: receive RaftClientReply:client-2EC808601240->374189d0-76c5-49d2-81b4-45a4af1368a2@group-30B6692CD68C, cid=3650, SUCCESS, logIndex=6047, commits[374189d0-76c5-49d2-81b4-45a4af1368a2:c6047]
2019-06-14 08:43:13,273 INFO  client.GrpcClientProtocolClient (GrpcClientProtocolClient.java:onNext(254)) - client-2EC808601240->374189d0-76c5-49d2-81b4-45a4af1368a2: receive RaftClientReply:client-2EC808601240->374189d0-76c5-49d2-81b4-45a4af1368a2@group-30B6692CD68C, cid=3651, SUCCESS, logIndex=6048, commits[374189d0-76c5-49d2-81b4-45a4af1368a2:c6050]
2019-06-14 08:43:13,273 INFO  client.GrpcClientProtocolClient (GrpcClientProtocolClient.java:onNext(254)) - client-2EC808601240->374189d0-76c5-49d2-81b4-45a4af1368a2: receive RaftClientReply:client-2EC808601240->374189d0-76c5-49d2-81b4-45a4af1368a2@group-30B6692CD68C, cid=3652, SUCCESS, logIndex=6049, commits[374189d0-76c5-49d2-81b4-45a4af1368a2:c6050]
2019-06-14 08:43:13,278 INFO  client.GrpcClientProtocolClient (GrpcClientProtocolClient.java:onNext(254)) - client-2EC808601240->374189d0-76c5-49d2-81b4-45a4af1368a2: receive RaftClientReply:client-2EC808601240->374189d0-76c5-49d2-81b4-45a4af1368a2@group-30B6692CD68C, cid=3653, SUCCESS, logIndex=6051, commits[374189d0-76c5-49d2-81b4-45a4af1368a2:c6051]
2019-06-14 08:43:13,279 INFO  client.GrpcClientProtocolClient (GrpcClientProtocolClient.java:onNext(254)) - client-2EC808601240->374189d0-76c5-49d2-81b4-45a4af1368a2: receive RaftClientReply:client-2EC808601240->374189d0-76c5-49d2-81b4-45a4af1368a2@group-30B6692CD68C, cid=3654, SUCCESS, logIndex=6053, commits[374189d0-76c5-49d2-81b4-45a4af1368a2:c6053]
2019-06-14 08:43:13,280 INFO  client.GrpcClientProtocolClient (GrpcClientProtocolClient.java:onNext(254)) - client-2EC808601240->374189d0-76c5-49d2-81b4-45a4af1368a2: receive RaftClientReply:client-2EC808601240->374189d0-76c5-49d2-81b4-45a4af1368a2@group-30B6692CD68C, cid=3655, SUCCESS, logIndex=6054, commits[374189d0-76c5-49d2-81b4-45a4af1368a2:c6056]
2019-06-14 08:43:13,281 INFO  client.GrpcClientProtocolClient (GrpcClientProtocolClient.java:onNext(254)) - client-2EC808601240->374189d0-76c5-49d2-81b4-45a4af1368a2: receive RaftClientReply:client-2EC808601240->374189d0-76c5-49d2-81b4-45a4af1368a2@group-30B6692CD68C, cid=3656, SUCCESS, logIndex=6055, commits[374189d0-76c5-49d2-81b4-45a4af1368a2:c6056]
2019-06-14 08:43:13,290 INFO  client.GrpcClientProtocolClient (GrpcClientProtocolClient.java:onNext(254)) - client-2EC808601240->374189d0-76c5-49d2-81b4-45a4af1368a2: receive RaftClientReply:client-2EC808601240->374189d0-76c5-49d2-81b4-45a4af1368a2@group-30B6692CD68C, cid=3657, SUCCESS, logIndex=6057, commits[374189d0-76c5-49d2-81b4-45a4af1368a2:c6057]
2019-06-14 08:43:13,290 INFO  storage.RaftLogWorker (RaftLogWorker.java:rollLogSegment(303)) - 374189d0-76c5-49d2-81b4-45a4af1368a2-RaftLogWorker: Rolling segment log-5989_6059 to index:6059
2019-06-14 08:43:13,291 INFO  storage.RaftLogWorker (RaftLogWorker.java:execute(433)) - 374189d0-76c5-49d2-81b4-45a4af1368a2-RaftLogWorker: Rolled log segment from /opt/src/hadoop-ozone/integration-test/target/test-dir/MiniOzoneClusterImpl-1994f8b8-dd4d-445c-bf25-0c6d40f9b14d/datanode-0/data/ratis/99d0acb8-99ce-4814-8259-30b6692cd68c/current/log_inprogress_5989 to /opt/src/hadoop-ozone/integration-test/target/test-dir/MiniOzoneClusterImpl-1994f8b8-dd4d-445c-bf25-0c6d40f9b14d/datanode-0/data/ratis/99d0acb8-99ce-4814-8259-30b6692cd68c/current/log_5989-6059
2019-06-14 08:43:13,295 INFO  client.GrpcClientProtocolClient (GrpcClientProtocolClient.java:onNext(254)) - client-2EC808601240->374189d0-76c5-49d2-81b4-45a4af1368a2: receive RaftClientReply:client-2EC808601240->374189d0-76c5-49d2-81b4-45a4af1368a2@group-30B6692CD68C, cid=3658, SUCCESS, logIndex=6059, commits[374189d0-76c5-49d2-81b4-45a4af1368a2:c6059]
2019-06-14 08:43:13,326 INFO  storage.RaftLogWorker (RaftLogWorker.java:execute(469)) - 374189d0-76c5-49d2-81b4-45a4af1368a2-RaftLogWorker: created new log segment /opt/src/hadoop-ozone/integration-test/target/test-dir/MiniOzoneClusterImpl-1994f8b8-dd4d-445c-bf25-0c6d40f9b14d/datanode-0/data/ratis/99d0acb8-99ce-4814-8259-30b6692cd68c/current/log_inprogress_6060
2019-06-14 08:43:13,328 INFO  client.GrpcClientProtocolClient (GrpcClientProtocolClient.java:onNext(254)) - client-2EC808601240->374189d0-76c5-49d2-81b4-45a4af1368a2: receive RaftClientReply:client-2EC808601240->374189d0-76c5-49d2-81b4-45a4af1368a2@group-30B6692CD68C, cid=3659, SUCCESS, logIndex=6060, commits[374189d0-76c5-49d2-81b4-45a4af1368a2:c6062]
2019-06-14 08:43:13,328 INFO  client.GrpcClientProtocolClient (GrpcClientProtocolClient.java:onNext(254)) - client-2EC808601240->374189d0-76c5-49d2-81b4-45a4af1368a2: receive RaftClientReply:client-2EC808601240->374189d0-76c5-49d2-81b4-45a4af1368a2@group-30B6692CD68C, cid=3660, SUCCESS, logIndex=6061, commits[374189d0-76c5-49d2-81b4-45a4af1368a2:c6062]
2019-06-14 08:43:13,333 INFO  client.GrpcClientProtocolClient (GrpcClientProtocolClient.java:onNext(254)) - client-2EC808601240->374189d0-76c5-49d2-81b4-45a4af1368a2: receive RaftClientReply:client-2EC808601240->374189d0-76c5-49d2-81b4-45a4af1368a2@group-30B6692CD68C, cid=3661, SUCCESS, logIndex=6063, commits[374189d0-76c5-49d2-81b4-45a4af1368a2:c6063]
2019-06-14 08:43:13,334 INFO  client.GrpcClientProtocolClient (GrpcClientProtocolClient.java:onNext(254)) - client-2EC808601240->374189d0-76c5-49d2-81b4-45a4af1368a2: receive RaftClientReply:client-2EC808601240->374189d0-76c5-49d2-81b4-45a4af1368a2@group-30B6692CD68C, cid=3662, SUCCESS, logIndex=6065, commits[374189d0-76c5-49d2-81b4-45a4af1368a2:c6065]
2019-06-14 08:43:13,337 INFO  client.GrpcClientProtocolClient (GrpcClientProtocolClient.java:onNext(254)) - client-2EC808601240->374189d0-76c5-49d2-81b4-45a4af1368a2: receive RaftClientReply:client-2EC808601240->374189d0-76c5-49d2-81b4-45a4af1368a2@group-30B6692CD68C, cid=3663, SUCCESS, logIndex=6067, commits[374189d0-76c5-49d2-81b4-45a4af1368a2:c6068]
2019-06-14 08:43:13,337 INFO  client.GrpcClientProtocolClient (GrpcClientProtocolClient.java:onNext(254)) - client-2EC808601240->374189d0-76c5-49d2-81b4-45a4af1368a2: receive RaftClientReply:client-2EC808601240->374189d0-76c5-49d2-81b4-45a4af1368a2@group-30B6692CD68C, cid=3664, SUCCESS, logIndex=6068, commits[374189d0-76c5-49d2-81b4-45a4af1368a2:c6068]
2019-06-14 08:43:13,340 DEBUG block.SCMBlockDeletingService (SCMBlockDeletingService.java:call(138)) - Running DeletedBlockTransactionScanner
2019-06-14 08:43:13,340 DEBUG block.SCMBlockDeletingService (SCMBlockDeletingService.java:call(155)) - Scanned deleted blocks log and got 0 delTX to process.
2019-06-14 08:43:13,348 INFO  client.GrpcClientProtocolClient (GrpcClientProtocolClient.java:onNext(254)) - client-2EC808601240->374189d0-76c5-49d2-81b4-45a4af1368a2: receive RaftClientReply:client-2EC808601240->374189d0-76c5-49d2-81b4-45a4af1368a2@group-30B6692CD68C, cid=3665, SUCCESS, logIndex=6070, commits[374189d0-76c5-49d2-81b4-45a4af1368a2:c6070]
2019-06-14 08:43:13,349 INFO  client.GrpcClientProtocolClient (GrpcClientProtocolClient.java:onNext(254)) - client-2EC808601240->374189d0-76c5-49d2-81b4-45a4af1368a2: receive RaftClientReply:client-2EC808601240->374189d0-76c5-49d2-81b4-45a4af1368a2@group-30B6692CD68C, cid=3666, SUCCESS, logIndex=6072, commits[374189d0-76c5-49d2-81b4-45a4af1368a2:c6072]
2019-06-14 08:43:13,350 INFO  client.GrpcClientProtocolClient (GrpcClientProtocolClient.java:onNext(254)) - client-2EC808601240->374189d0-76c5-49d2-81b4-45a4af1368a2: receive RaftClientReply:client-2EC808601240->374189d0-76c5-49d2-81b4-45a4af1368a2@group-30B6692CD68C, cid=3667, SUCCESS, logIndex=6073, commits[374189d0-76c5-49d2-81b4-45a4af1368a2:c6075]
2019-06-14 08:43:13,351 INFO  client.GrpcClientProtocolClient (GrpcClientProtocolClient.java:onNext(254)) - client-2EC808601240->374189d0-76c5-49d2-81b4-45a4af1368a2: receive RaftClientReply:client-2EC808601240->374189d0-76c5-49d2-81b4-45a4af1368a2@group-30B6692CD68C, cid=3668, SUCCESS, logIndex=6074, commits[374189d0-76c5-49d2-81b4-45a4af1368a2:c6075]
2019-06-14 08:43:13,422 INFO  client.GrpcClientProtocolClient (GrpcClientProtocolClient.java:onNext(254)) - client-2EC808601240->374189d0-76c5-49d2-81b4-45a4af1368a2: receive RaftClientReply:client-2EC808601240->374189d0-76c5-49d2-81b4-45a4af1368a2@group-30B6692CD68C, cid=3669, SUCCESS, logIndex=6076, commits[374189d0-76c5-49d2-81b4-45a4af1368a2:c6076]
2019-06-14 08:43:13,424 INFO  client.GrpcClientProtocolClient (GrpcClientProtocolClient.java:onNext(254)) - client-2EC808601240->374189d0-76c5-49d2-81b4-45a4af1368a2: receive RaftClientReply:client-2EC808601240->374189d0-76c5-49d2-81b4-45a4af1368a2@group-30B6692CD68C, cid=3670, SUCCESS, logIndex=6078, commits[374189d0-76c5-49d2-81b4-45a4af1368a2:c6078]
2019-06-14 08:43:13,425 INFO  client.GrpcClientProtocolClient (GrpcClientProtocolClient.java:onNext(254)) - client-2EC808601240->374189d0-76c5-49d2-81b4-45a4af1368a2: receive RaftClientReply:client-2EC808601240->374189d0-76c5-49d2-81b4-45a4af1368a2@group-30B6692CD68C, cid=3671, SUCCESS, logIndex=6079, commits[374189d0-76c5-49d2-81b4-45a4af1368a2:c6081]
2019-06-14 08:43:13,425 INFO  client.GrpcClientProtocolClient (GrpcClientProtocolClient.java:onNext(254)) - client-2EC808601240->374189d0-76c5-49d2-81b4-45a4af1368a2: receive RaftClientReply:client-2EC808601240->374189d0-76c5-49d2-81b4-45a4af1368a2@group-30B6692CD68C, cid=3672, SUCCESS, logIndex=6080, commits[374189d0-76c5-49d2-81b4-45a4af1368a2:c6081]
2019-06-14 08:43:13,438 INFO  client.GrpcClientProtocolClient (GrpcClientProtocolClient.java:onNext(254)) - client-2EC808601240->374189d0-76c5-49d2-81b4-45a4af1368a2: receive RaftClientReply:client-2EC808601240->374189d0-76c5-49d2-81b4-45a4af1368a2@group-30B6692CD68C, cid=3673, SUCCESS, logIndex=6082, commits[374189d0-76c5-49d2-81b4-45a4af1368a2:c6082]
2019-06-14 08:43:13,439 INFO  client.GrpcClientProtocolClient (GrpcClientProtocolClient.java:onNext(254)) - client-2EC808601240->374189d0-76c5-49d2-81b4-45a4af1368a2: receive RaftClientReply:client-2EC808601240->374189d0-76c5-49d2-81b4-45a4af1368a2@group-30B6692CD68C, cid=3674, SUCCESS, logIndex=6084, commits[374189d0-76c5-49d2-81b4-45a4af1368a2:c6084]
2019-06-14 08:43:13,440 DEBUG block.SCMBlockDeletingService (SCMBlockDeletingService.java:call(138)) - Running DeletedBlockTransactionScanner
2019-06-14 08:43:13,440 DEBUG block.SCMBlockDeletingService (SCMBlockDeletingService.java:call(155)) - Scanned deleted blocks log and got 0 delTX to process.
2019-06-14 08:43:13,441 INFO  client.GrpcClientProtocolClient (GrpcClientProtocolClient.java:onNext(254)) - client-2EC808601240->374189d0-76c5-49d2-81b4-45a4af1368a2: receive RaftClientReply:client-2EC808601240->374189d0-76c5-49d2-81b4-45a4af1368a2@group-30B6692CD68C, cid=3675, SUCCESS, logIndex=6085, commits[374189d0-76c5-49d2-81b4-45a4af1368a2:c6087]
2019-06-14 08:43:13,441 INFO  client.GrpcClientProtocolClient (GrpcClientProtocolClient.java:onNext(254)) - client-2EC808601240->374189d0-76c5-49d2-81b4-45a4af1368a2: receive RaftClientReply:client-2EC808601240->374189d0-76c5-49d2-81b4-45a4af1368a2@group-30B6692CD68C, cid=3676, SUCCESS, logIndex=6087, commits[374189d0-76c5-49d2-81b4-45a4af1368a2:c6087]
2019-06-14 08:43:13,446 INFO  client.GrpcClientProtocolClient (GrpcClientProtocolClient.java:onNext(254)) - client-2EC808601240->374189d0-76c5-49d2-81b4-45a4af1368a2: receive RaftClientReply:client-2EC808601240->374189d0-76c5-49d2-81b4-45a4af1368a2@group-30B6692CD68C, cid=3677, SUCCESS, logIndex=6089, commits[374189d0-76c5-49d2-81b4-45a4af1368a2:c6089]
2019-06-14 08:43:13,451 INFO  client.GrpcClientProtocolClient (GrpcClientProtocolClient.java:onNext(254)) - client-2EC808601240->374189d0-76c5-49d2-81b4-45a4af1368a2: receive RaftClientReply:client-2EC808601240->374189d0-76c5-49d2-81b4-45a4af1368a2@group-30B6692CD68C, cid=3678, SUCCESS, logIndex=6091, commits[374189d0-76c5-49d2-81b4-45a4af1368a2:c6091]
2019-06-14 08:43:13,451 INFO  client.GrpcClientProtocolClient (GrpcClientProtocolClient.java:onNext(254)) - client-2EC808601240->374189d0-76c5-49d2-81b4-45a4af1368a2: receive RaftClientReply:client-2EC808601240->374189d0-76c5-49d2-81b4-45a4af1368a2@group-30B6692CD68C, cid=3679, SUCCESS, logIndex=6092, commits[374189d0-76c5-49d2-81b4-45a4af1368a2:c6093]
2019-06-14 08:43:13,451 INFO  client.GrpcClientProtocolClient (GrpcClientProtocolClient.java:onNext(254)) - client-2EC808601240->374189d0-76c5-49d2-81b4-45a4af1368a2: receive RaftClientReply:client-2EC808601240->374189d0-76c5-49d2-81b4-45a4af1368a2@group-30B6692CD68C, cid=3680, SUCCESS, logIndex=6093, commits[374189d0-76c5-49d2-81b4-45a4af1368a2:c6093]
2019-06-14 08:43:13,463 INFO  client.GrpcClientProtocolClient (GrpcClientProtocolClient.java:onNext(254)) - client-2EC808601240->374189d0-76c5-49d2-81b4-45a4af1368a2: receive RaftClientReply:client-2EC808601240->374189d0-76c5-49d2-81b4-45a4af1368a2@group-30B6692CD68C, cid=3681, SUCCESS, logIndex=6096, commits[374189d0-76c5-49d2-81b4-45a4af1368a2:c6096]
2019-06-14 08:43:13,464 INFO  client.GrpcClientProtocolClient (GrpcClientProtocolClient.java:onNext(254)) - client-2EC808601240->374189d0-76c5-49d2-81b4-45a4af1368a2: receive RaftClientReply:client-2EC808601240->374189d0-76c5-49d2-81b4-45a4af1368a2@group-30B6692CD68C, cid=3682, SUCCESS, logIndex=6098, commits[374189d0-76c5-49d2-81b4-45a4af1368a2:c6098]
2019-06-14 08:43:13,465 INFO  client.GrpcClientProtocolClient (GrpcClientProtocolClient.java:onNext(254)) - client-2EC808601240->374189d0-76c5-49d2-81b4-45a4af1368a2: receive RaftClientReply:client-2EC808601240->374189d0-76c5-49d2-81b4-45a4af1368a2@group-30B6692CD68C, cid=3683, SUCCESS, logIndex=6099, commits[374189d0-76c5-49d2-81b4-45a4af1368a2:c6101]
2019-06-14 08:43:13,465 INFO  client.GrpcClientProtocolClient (GrpcClientProtocolClient.java:onNext(254)) - client-2EC808601240->374189d0-76c5-49d2-81b4-45a4af1368a2: receive RaftClientReply:client-2EC808601240->374189d0-76c5-49d2-81b4-45a4af1368a2@group-30B6692CD68C, cid=3684, SUCCESS, logIndex=6100, commits[374189d0-76c5-49d2-81b4-45a4af1368a2:c6101]
2019-06-14 08:43:13,471 INFO  client.GrpcClientProtocolClient (GrpcClientProtocolClient.java:onNext(254)) - client-2EC808601240->374189d0-76c5-49d2-81b4-45a4af1368a2: receive RaftClientReply:client-2EC808601240->374189d0-76c5-49d2-81b4-45a4af1368a2@group-30B6692CD68C, cid=3685, SUCCESS, logIndex=6102, commits[374189d0-76c5-49d2-81b4-45a4af1368a2:c6102]
2019-06-14 08:43:13,472 INFO  client.GrpcClientProtocolClient (GrpcClientProtocolClient.java:onNext(254)) - client-2EC808601240->374189d0-76c5-49d2-81b4-45a4af1368a2: receive RaftClientReply:client-2EC808601240->374189d0-76c5-49d2-81b4-45a4af1368a2@group-30B6692CD68C, cid=3686, SUCCESS, logIndex=6104, commits[374189d0-76c5-49d2-81b4-45a4af1368a2:c6104]
2019-06-14 08:43:13,473 INFO  client.GrpcClientProtocolClient (GrpcClientProtocolClient.java:onNext(254)) - client-2EC808601240->374189d0-76c5-49d2-81b4-45a4af1368a2: receive RaftClientReply:client-2EC808601240->374189d0-76c5-49d2-81b4-45a4af1368a2@group-30B6692CD68C, cid=3687, SUCCESS, logIndex=6105, commits[374189d0-76c5-49d2-81b4-45a4af1368a2:c6107]
2019-06-14 08:43:13,475 INFO  client.GrpcClientProtocolClient (GrpcClientProtocolClient.java:onNext(254)) - client-2EC808601240->374189d0-76c5-49d2-81b4-45a4af1368a2: receive RaftClientReply:client-2EC808601240->374189d0-76c5-49d2-81b4-45a4af1368a2@group-30B6692CD68C, cid=3688, SUCCESS, logIndex=6106, commits[374189d0-76c5-49d2-81b4-45a4af1368a2:c6107]
2019-06-14 08:43:13,530 INFO  client.GrpcClientProtocolClient (GrpcClientProtocolClient.java:onNext(254)) - client-2EC808601240->374189d0-76c5-49d2-81b4-45a4af1368a2: receive RaftClientReply:client-2EC808601240->374189d0-76c5-49d2-81b4-45a4af1368a2@group-30B6692CD68C, cid=3689, SUCCESS, logIndex=6108, commits[374189d0-76c5-49d2-81b4-45a4af1368a2:c6108]
2019-06-14 08:43:13,531 INFO  client.GrpcClientProtocolClient (GrpcClientProtocolClient.java:onNext(254)) - client-2EC808601240->374189d0-76c5-49d2-81b4-45a4af1368a2: receive RaftClientReply:client-2EC808601240->374189d0-76c5-49d2-81b4-45a4af1368a2@group-30B6692CD68C, cid=3690, SUCCESS, logIndex=6110, commits[374189d0-76c5-49d2-81b4-45a4af1368a2:c6110]
2019-06-14 08:43:13,533 INFO  client.GrpcClientProtocolClient (GrpcClientProtocolClient.java:onNext(254)) - client-2EC808601240->374189d0-76c5-49d2-81b4-45a4af1368a2: receive RaftClientReply:client-2EC808601240->374189d0-76c5-49d2-81b4-45a4af1368a2@group-30B6692CD68C, cid=3691, SUCCESS, logIndex=6111, commits[374189d0-76c5-49d2-81b4-45a4af1368a2:c6113]
2019-06-14 08:43:13,534 INFO  client.GrpcClientProtocolClient (GrpcClientProtocolClient.java:onNext(254)) - client-2EC808601240->374189d0-76c5-49d2-81b4-45a4af1368a2: receive RaftClientReply:client-2EC808601240->374189d0-76c5-49d2-81b4-45a4af1368a2@group-30B6692CD68C, cid=3692, SUCCESS, logIndex=6112, commits[374189d0-76c5-49d2-81b4-45a4af1368a2:c6113]
2019-06-14 08:43:13,541 DEBUG block.SCMBlockDeletingService (SCMBlockDeletingService.java:call(138)) - Running DeletedBlockTransactionScanner
2019-06-14 08:43:13,541 DEBUG block.SCMBlockDeletingService (SCMBlockDeletingService.java:call(155)) - Scanned deleted blocks log and got 0 delTX to process.
2019-06-14 08:43:13,542 INFO  client.GrpcClientProtocolClient (GrpcClientProtocolClient.java:onNext(254)) - client-2EC808601240->374189d0-76c5-49d2-81b4-45a4af1368a2: receive RaftClientReply:client-2EC808601240->374189d0-76c5-49d2-81b4-45a4af1368a2@group-30B6692CD68C, cid=3693, SUCCESS, logIndex=6114, commits[374189d0-76c5-49d2-81b4-45a4af1368a2:c6114]
2019-06-14 08:43:13,548 INFO  client.GrpcClientProtocolClient (GrpcClientProtocolClient.java:onNext(254)) - client-2EC808601240->374189d0-76c5-49d2-81b4-45a4af1368a2: receive RaftClientReply:client-2EC808601240->374189d0-76c5-49d2-81b4-45a4af1368a2@group-30B6692CD68C, cid=3694, SUCCESS, logIndex=6116, commits[374189d0-76c5-49d2-81b4-45a4af1368a2:c6116]
2019-06-14 08:43:13,550 INFO  client.GrpcClientProtocolClient (GrpcClientProtocolClient.java:onNext(254)) - client-2EC808601240->374189d0-76c5-49d2-81b4-45a4af1368a2: receive RaftClientReply:client-2EC808601240->374189d0-76c5-49d2-81b4-45a4af1368a2@group-30B6692CD68C, cid=3695, SUCCESS, logIndex=6118, commits[374189d0-76c5-49d2-81b4-45a4af1368a2:c6118]
2019-06-14 08:43:13,551 INFO  client.GrpcClientProtocolClient (GrpcClientProtocolClient.java:onNext(254)) - client-2EC808601240->374189d0-76c5-49d2-81b4-45a4af1368a2: receive RaftClientReply:client-2EC808601240->374189d0-76c5-49d2-81b4-45a4af1368a2@group-30B6692CD68C, cid=3696, SUCCESS, logIndex=6120, commits[374189d0-76c5-49d2-81b4-45a4af1368a2:c6120]
2019-06-14 08:43:13,564 INFO  client.GrpcClientProtocolClient (GrpcClientProtocolClient.java:onNext(254)) - client-2EC808601240->374189d0-76c5-49d2-81b4-45a4af1368a2: receive RaftClientReply:client-2EC808601240->374189d0-76c5-49d2-81b4-45a4af1368a2@group-30B6692CD68C, cid=3697, SUCCESS, logIndex=6122, commits[374189d0-76c5-49d2-81b4-45a4af1368a2:c6122]
2019-06-14 08:43:13,565 INFO  client.GrpcClientProtocolClient (GrpcClientProtocolClient.java:onNext(254)) - client-2EC808601240->374189d0-76c5-49d2-81b4-45a4af1368a2: receive RaftClientReply:client-2EC808601240->374189d0-76c5-49d2-81b4-45a4af1368a2@group-30B6692CD68C, cid=3698, SUCCESS, logIndex=6124, commits[374189d0-76c5-49d2-81b4-45a4af1368a2:c6124]
2019-06-14 08:43:13,566 INFO  client.GrpcClientProtocolClient (GrpcClientProtocolClient.java:onNext(254)) - client-2EC808601240->374189d0-76c5-49d2-81b4-45a4af1368a2: receive RaftClientReply:client-2EC808601240->374189d0-76c5-49d2-81b4-45a4af1368a2@group-30B6692CD68C, cid=3699, SUCCESS, logIndex=6125, commits[374189d0-76c5-49d2-81b4-45a4af1368a2:c6127]
2019-06-14 08:43:13,566 INFO  client.GrpcClientProtocolClient (GrpcClientProtocolClient.java:onNext(254)) - client-2EC808601240->374189d0-76c5-49d2-81b4-45a4af1368a2: receive RaftClientReply:client-2EC808601240->374189d0-76c5-49d2-81b4-45a4af1368a2@group-30B6692CD68C, cid=3700, SUCCESS, logIndex=6126, commits[374189d0-76c5-49d2-81b4-45a4af1368a2:c6127]
2019-06-14 08:43:13,571 INFO  client.GrpcClientProtocolClient (GrpcClientProtocolClient.java:onNext(254)) - client-2EC808601240->374189d0-76c5-49d2-81b4-45a4af1368a2: receive RaftClientReply:client-2EC808601240->374189d0-76c5-49d2-81b4-45a4af1368a2@group-30B6692CD68C, cid=3701, SUCCESS, logIndex=6128, commits[374189d0-76c5-49d2-81b4-45a4af1368a2:c6128]
2019-06-14 08:43:13,571 INFO  storage.RaftLogWorker (RaftLogWorker.java:rollLogSegment(303)) - 374189d0-76c5-49d2-81b4-45a4af1368a2-RaftLogWorker: Rolling segment log-6060_6129 to index:6129
2019-06-14 08:43:13,572 INFO  storage.RaftLogWorker (RaftLogWorker.java:execute(433)) - 374189d0-76c5-49d2-81b4-45a4af1368a2-RaftLogWorker: Rolled log segment from /opt/src/hadoop-ozone/integration-test/target/test-dir/MiniOzoneClusterImpl-1994f8b8-dd4d-445c-bf25-0c6d40f9b14d/datanode-0/data/ratis/99d0acb8-99ce-4814-8259-30b6692cd68c/current/log_inprogress_6060 to /opt/src/hadoop-ozone/integration-test/target/test-dir/MiniOzoneClusterImpl-1994f8b8-dd4d-445c-bf25-0c6d40f9b14d/datanode-0/data/ratis/99d0acb8-99ce-4814-8259-30b6692cd68c/current/log_6060-6129
2019-06-14 08:43:13,607 INFO  storage.RaftLogWorker (RaftLogWorker.java:execute(469)) - 374189d0-76c5-49d2-81b4-45a4af1368a2-RaftLogWorker: created new log segment /opt/src/hadoop-ozone/integration-test/target/test-dir/MiniOzoneClusterImpl-1994f8b8-dd4d-445c-bf25-0c6d40f9b14d/datanode-0/data/ratis/99d0acb8-99ce-4814-8259-30b6692cd68c/current/log_inprogress_6130
2019-06-14 08:43:13,608 INFO  client.GrpcClientProtocolClient (GrpcClientProtocolClient.java:onNext(254)) - client-2EC808601240->374189d0-76c5-49d2-81b4-45a4af1368a2: receive RaftClientReply:client-2EC808601240->374189d0-76c5-49d2-81b4-45a4af1368a2@group-30B6692CD68C, cid=3702, SUCCESS, logIndex=6130, commits[374189d0-76c5-49d2-81b4-45a4af1368a2:c6132]
2019-06-14 08:43:13,609 INFO  client.GrpcClientProtocolClient (GrpcClientProtocolClient.java:onNext(254)) - client-2EC808601240->374189d0-76c5-49d2-81b4-45a4af1368a2: receive RaftClientReply:client-2EC808601240->374189d0-76c5-49d2-81b4-45a4af1368a2@group-30B6692CD68C, cid=3703, SUCCESS, logIndex=6131, commits[374189d0-76c5-49d2-81b4-45a4af1368a2:c6133]
2019-06-14 08:43:13,609 INFO  client.GrpcClientProtocolClient (GrpcClientProtocolClient.java:onNext(254)) - client-2EC808601240->374189d0-76c5-49d2-81b4-45a4af1368a2: receive RaftClientReply:client-2EC808601240->374189d0-76c5-49d2-81b4-45a4af1368a2@group-30B6692CD68C, cid=3704, SUCCESS, logIndex=6132, commits[374189d0-76c5-49d2-81b4-45a4af1368a2:c6133]
2019-06-14 08:43:13,619 INFO  client.GrpcClientProtocolClient (GrpcClientProtocolClient.java:onNext(254)) - client-2EC808601240->374189d0-76c5-49d2-81b4-45a4af1368a2: receive RaftClientReply:client-2EC808601240->374189d0-76c5-49d2-81b4-45a4af1368a2@group-30B6692CD68C, cid=3705, SUCCESS, logIndex=6134, commits[374189d0-76c5-49d2-81b4-45a4af1368a2:c6134]
2019-06-14 08:43:13,620 INFO  client.GrpcClientProtocolClient (GrpcClientProtocolClient.java:onNext(254)) - client-2EC808601240->374189d0-76c5-49d2-81b4-45a4af1368a2: receive RaftClientReply:client-2EC808601240->374189d0-76c5-49d2-81b4-45a4af1368a2@group-30B6692CD68C, cid=3706, SUCCESS, logIndex=6136, commits[374189d0-76c5-49d2-81b4-45a4af1368a2:c6136]
2019-06-14 08:43:13,621 INFO  client.GrpcClientProtocolClient (GrpcClientProtocolClient.java:onNext(254)) - client-2EC808601240->374189d0-76c5-49d2-81b4-45a4af1368a2: receive RaftClientReply:client-2EC808601240->374189d0-76c5-49d2-81b4-45a4af1368a2@group-30B6692CD68C, cid=3707, SUCCESS, logIndex=6137, commits[374189d0-76c5-49d2-81b4-45a4af1368a2:c6139]
2019-06-14 08:43:13,621 INFO  client.GrpcClientProtocolClient (GrpcClientProtocolClient.java:onNext(254)) - client-2EC808601240->374189d0-76c5-49d2-81b4-45a4af1368a2: receive RaftClientReply:client-2EC808601240->374189d0-76c5-49d2-81b4-45a4af1368a2@group-30B6692CD68C, cid=3708, SUCCESS, logIndex=6138, commits[374189d0-76c5-49d2-81b4-45a4af1368a2:c6139]
2019-06-14 08:43:13,626 INFO  client.GrpcClientProtocolClient (GrpcClientProtocolClient.java:onNext(254)) - client-2EC808601240->374189d0-76c5-49d2-81b4-45a4af1368a2: receive RaftClientReply:client-2EC808601240->374189d0-76c5-49d2-81b4-45a4af1368a2@group-30B6692CD68C, cid=3709, SUCCESS, logIndex=6140, commits[374189d0-76c5-49d2-81b4-45a4af1368a2:c6140]
2019-06-14 08:43:13,627 INFO  client.GrpcClientProtocolClient (GrpcClientProtocolClient.java:onNext(254)) - client-2EC808601240->374189d0-76c5-49d2-81b4-45a4af1368a2: receive RaftClientReply:client-2EC808601240->374189d0-76c5-49d2-81b4-45a4af1368a2@group-30B6692CD68C, cid=3710, SUCCESS, logIndex=6142, commits[374189d0-76c5-49d2-81b4-45a4af1368a2:c6142]
2019-06-14 08:43:13,628 INFO  client.GrpcClientProtocolClient (GrpcClientProtocolClient.java:onNext(254)) - client-2EC808601240->374189d0-76c5-49d2-81b4-45a4af1368a2: receive RaftClientReply:client-2EC808601240->374189d0-76c5-49d2-81b4-45a4af1368a2@group-30B6692CD68C, cid=3711, SUCCESS, logIndex=6143, commits[374189d0-76c5-49d2-81b4-45a4af1368a2:c6145]
2019-06-14 08:43:13,628 INFO  client.GrpcClientProtocolClient (GrpcClientProtocolClient.java:onNext(254)) - client-2EC808601240->374189d0-76c5-49d2-81b4-45a4af1368a2: receive RaftClientReply:client-2EC808601240->374189d0-76c5-49d2-81b4-45a4af1368a2@group-30B6692CD68C, cid=3712, SUCCESS, logIndex=6144, commits[374189d0-76c5-49d2-81b4-45a4af1368a2:c6145]
2019-06-14 08:43:13,641 DEBUG block.SCMBlockDeletingService (SCMBlockDeletingService.java:call(138)) - Running DeletedBlockTransactionScanner
2019-06-14 08:43:13,641 DEBUG block.SCMBlockDeletingService (SCMBlockDeletingService.java:call(155)) - Scanned deleted blocks log and got 0 delTX to process.
2019-06-14 08:43:13,706 INFO  client.GrpcClientProtocolClient (GrpcClientProtocolClient.java:onNext(254)) - client-2EC808601240->374189d0-76c5-49d2-81b4-45a4af1368a2: receive RaftClientReply:client-2EC808601240->374189d0-76c5-49d2-81b4-45a4af1368a2@group-30B6692CD68C, cid=3713, SUCCESS, logIndex=6146, commits[374189d0-76c5-49d2-81b4-45a4af1368a2:c6146]
2019-06-14 08:43:13,708 INFO  client.GrpcClientProtocolClient (GrpcClientProtocolClient.java:onNext(254)) - client-2EC808601240->374189d0-76c5-49d2-81b4-45a4af1368a2: receive RaftClientReply:client-2EC808601240->374189d0-76c5-49d2-81b4-45a4af1368a2@group-30B6692CD68C, cid=3714, SUCCESS, logIndex=6148, commits[374189d0-76c5-49d2-81b4-45a4af1368a2:c6148]
2019-06-14 08:43:13,708 INFO  client.GrpcClientProtocolClient (GrpcClientProtocolClient.java:onNext(254)) - client-2EC808601240->374189d0-76c5-49d2-81b4-45a4af1368a2: receive RaftClientReply:client-2EC808601240->374189d0-76c5-49d2-81b4-45a4af1368a2@group-30B6692CD68C, cid=3715, SUCCESS, logIndex=6149, commits[374189d0-76c5-49d2-81b4-45a4af1368a2:c6149]
2019-06-14 08:43:13,708 INFO  client.GrpcClientProtocolClient (GrpcClientProtocolClient.java:onNext(254)) - client-2EC808601240->374189d0-76c5-49d2-81b4-45a4af1368a2: receive RaftClientReply:client-2EC808601240->374189d0-76c5-49d2-81b4-45a4af1368a2@group-30B6692CD68C, cid=3716, SUCCESS, logIndex=6151, commits[374189d0-76c5-49d2-81b4-45a4af1368a2:c6151]
2019-06-14 08:43:13,713 INFO  client.GrpcClientProtocolClient (GrpcClientProtocolClient.java:onNext(254)) - client-2EC808601240->374189d0-76c5-49d2-81b4-45a4af1368a2: receive RaftClientReply:client-2EC808601240->374189d0-76c5-49d2-81b4-45a4af1368a2@group-30B6692CD68C, cid=3717, SUCCESS, logIndex=6154, commits[374189d0-76c5-49d2-81b4-45a4af1368a2:c6154]
2019-06-14 08:43:13,714 INFO  client.GrpcClientProtocolClient (GrpcClientProtocolClient.java:onNext(254)) - client-2EC808601240->374189d0-76c5-49d2-81b4-45a4af1368a2: receive RaftClientReply:client-2EC808601240->374189d0-76c5-49d2-81b4-45a4af1368a2@group-30B6692CD68C, cid=3718, SUCCESS, logIndex=6156, commits[374189d0-76c5-49d2-81b4-45a4af1368a2:c6156]
2019-06-14 08:43:13,716 INFO  client.GrpcClientProtocolClient (GrpcClientProtocolClient.java:onNext(254)) - client-2EC808601240->374189d0-76c5-49d2-81b4-45a4af1368a2: receive RaftClientReply:client-2EC808601240->374189d0-76c5-49d2-81b4-45a4af1368a2@group-30B6692CD68C, cid=3719, SUCCESS, logIndex=6157, commits[374189d0-76c5-49d2-81b4-45a4af1368a2:c6159]
2019-06-14 08:43:13,716 INFO  client.GrpcClientProtocolClient (GrpcClientProtocolClient.java:onNext(254)) - client-2EC808601240->374189d0-76c5-49d2-81b4-45a4af1368a2: receive RaftClientReply:client-2EC808601240->374189d0-76c5-49d2-81b4-45a4af1368a2@group-30B6692CD68C, cid=3720, SUCCESS, logIndex=6158, commits[374189d0-76c5-49d2-81b4-45a4af1368a2:c6159]
2019-06-14 08:43:13,725 INFO  client.GrpcClientProtocolClient (GrpcClientProtocolClient.java:onNext(254)) - client-2EC808601240->374189d0-76c5-49d2-81b4-45a4af1368a2: receive RaftClientReply:client-2EC808601240->374189d0-76c5-49d2-81b4-45a4af1368a2@group-30B6692CD68C, cid=3721, SUCCESS, logIndex=6160, commits[374189d0-76c5-49d2-81b4-45a4af1368a2:c6160]
2019-06-14 08:43:13,727 INFO  client.GrpcClientProtocolClient (GrpcClientProtocolClient.java:onNext(254)) - client-2EC808601240->374189d0-76c5-49d2-81b4-45a4af1368a2: receive RaftClientReply:client-2EC808601240->374189d0-76c5-49d2-81b4-45a4af1368a2@group-30B6692CD68C, cid=3722, SUCCESS, logIndex=6162, commits[374189d0-76c5-49d2-81b4-45a4af1368a2:c6162]
2019-06-14 08:43:13,728 INFO  client.GrpcClientProtocolClient (GrpcClientProtocolClient.java:onNext(254)) - client-2EC808601240->374189d0-76c5-49d2-81b4-45a4af1368a2: receive RaftClientReply:client-2EC808601240->374189d0-76c5-49d2-81b4-45a4af1368a2@group-30B6692CD68C, cid=3723, SUCCESS, logIndex=6163, commits[374189d0-76c5-49d2-81b4-45a4af1368a2:c6165]
2019-06-14 08:43:13,728 INFO  client.GrpcClientProtocolClient (GrpcClientProtocolClient.java:onNext(254)) - client-2EC808601240->374189d0-76c5-49d2-81b4-45a4af1368a2: receive RaftClientReply:client-2EC808601240->374189d0-76c5-49d2-81b4-45a4af1368a2@group-30B6692CD68C, cid=3724, SUCCESS, logIndex=6164, commits[374189d0-76c5-49d2-81b4-45a4af1368a2:c6165]
2019-06-14 08:43:13,733 INFO  client.GrpcClientProtocolClient (GrpcClientProtocolClient.java:onNext(254)) - client-2EC808601240->374189d0-76c5-49d2-81b4-45a4af1368a2: receive RaftClientReply:client-2EC808601240->374189d0-76c5-49d2-81b4-45a4af1368a2@group-30B6692CD68C, cid=3725, SUCCESS, logIndex=6166, commits[374189d0-76c5-49d2-81b4-45a4af1368a2:c6166]
2019-06-14 08:43:13,734 INFO  client.GrpcClientProtocolClient (GrpcClientProtocolClient.java:onNext(254)) - client-2EC808601240->374189d0-76c5-49d2-81b4-45a4af1368a2: receive RaftClientReply:client-2EC808601240->374189d0-76c5-49d2-81b4-45a4af1368a2@group-30B6692CD68C, cid=3726, SUCCESS, logIndex=6168, commits[374189d0-76c5-49d2-81b4-45a4af1368a2:c6168]
2019-06-14 08:43:13,735 INFO  client.GrpcClientProtocolClient (GrpcClientProtocolClient.java:onNext(254)) - client-2EC808601240->374189d0-76c5-49d2-81b4-45a4af1368a2: receive RaftClientReply:client-2EC808601240->374189d0-76c5-49d2-81b4-45a4af1368a2@group-30B6692CD68C, cid=3727, SUCCESS, logIndex=6169, commits[374189d0-76c5-49d2-81b4-45a4af1368a2:c6171]
2019-06-14 08:43:13,735 INFO  client.GrpcClientProtocolClient (GrpcClientProtocolClient.java:onNext(254)) - client-2EC808601240->374189d0-76c5-49d2-81b4-45a4af1368a2: receive RaftClientReply:client-2EC808601240->374189d0-76c5-49d2-81b4-45a4af1368a2@group-30B6692CD68C, cid=3728, SUCCESS, logIndex=6171, commits[374189d0-76c5-49d2-81b4-45a4af1368a2:c6171]
2019-06-14 08:43:13,741 DEBUG block.SCMBlockDeletingService (SCMBlockDeletingService.java:call(138)) - Running DeletedBlockTransactionScanner
2019-06-14 08:43:13,742 DEBUG block.SCMBlockDeletingService (SCMBlockDeletingService.java:call(155)) - Scanned deleted blocks log and got 0 delTX to process.
2019-06-14 08:43:13,746 INFO  client.GrpcClientProtocolClient (GrpcClientProtocolClient.java:onNext(254)) - client-2EC808601240->374189d0-76c5-49d2-81b4-45a4af1368a2: receive RaftClientReply:client-2EC808601240->374189d0-76c5-49d2-81b4-45a4af1368a2@group-30B6692CD68C, cid=3729, SUCCESS, logIndex=6173, commits[374189d0-76c5-49d2-81b4-45a4af1368a2:c6173]
2019-06-14 08:43:13,747 INFO  client.GrpcClientProtocolClient (GrpcClientProtocolClient.java:onNext(254)) - client-2EC808601240->374189d0-76c5-49d2-81b4-45a4af1368a2: receive RaftClientReply:client-2EC808601240->374189d0-76c5-49d2-81b4-45a4af1368a2@group-30B6692CD68C, cid=3730, SUCCESS, logIndex=6175, commits[374189d0-76c5-49d2-81b4-45a4af1368a2:c6175]
2019-06-14 08:43:13,748 INFO  client.GrpcClientProtocolClient (GrpcClientProtocolClient.java:onNext(254)) - client-2EC808601240->374189d0-76c5-49d2-81b4-45a4af1368a2: receive RaftClientReply:client-2EC808601240->374189d0-76c5-49d2-81b4-45a4af1368a2@group-30B6692CD68C, cid=3731, SUCCESS, logIndex=6176, commits[374189d0-76c5-49d2-81b4-45a4af1368a2:c6178]
2019-06-14 08:43:13,751 INFO  client.GrpcClientProtocolClient (GrpcClientProtocolClient.java:onNext(254)) - client-2EC808601240->374189d0-76c5-49d2-81b4-45a4af1368a2: receive RaftClientReply:client-2EC808601240->374189d0-76c5-49d2-81b4-45a4af1368a2@group-30B6692CD68C, cid=3732, SUCCESS, logIndex=6178, commits[374189d0-76c5-49d2-81b4-45a4af1368a2:c6179]
2019-06-14 08:43:13,756 INFO  client.GrpcClientProtocolClient (GrpcClientProtocolClient.java:onNext(254)) - client-2EC808601240->374189d0-76c5-49d2-81b4-45a4af1368a2: receive RaftClientReply:client-2EC808601240->374189d0-76c5-49d2-81b4-45a4af1368a2@group-30B6692CD68C, cid=3733, SUCCESS, logIndex=6180, commits[374189d0-76c5-49d2-81b4-45a4af1368a2:c6180]
2019-06-14 08:43:13,758 INFO  client.GrpcClientProtocolClient (GrpcClientProtocolClient.java:onNext(254)) - client-2EC808601240->374189d0-76c5-49d2-81b4-45a4af1368a2: receive RaftClientReply:client-2EC808601240->374189d0-76c5-49d2-81b4-45a4af1368a2@group-30B6692CD68C, cid=3734, SUCCESS, logIndex=6182, commits[374189d0-76c5-49d2-81b4-45a4af1368a2:c6182]
2019-06-14 08:43:13,758 INFO  client.GrpcClientProtocolClient (GrpcClientProtocolClient.java:onNext(254)) - client-2EC808601240->374189d0-76c5-49d2-81b4-45a4af1368a2: receive RaftClientReply:client-2EC808601240->374189d0-76c5-49d2-81b4-45a4af1368a2@group-30B6692CD68C, cid=3735, SUCCESS, logIndex=6183, commits[374189d0-76c5-49d2-81b4-45a4af1368a2:c6184]
2019-06-14 08:43:13,759 INFO  client.GrpcClientProtocolClient (GrpcClientProtocolClient.java:onNext(254)) - client-2EC808601240->374189d0-76c5-49d2-81b4-45a4af1368a2: receive RaftClientReply:client-2EC808601240->374189d0-76c5-49d2-81b4-45a4af1368a2@group-30B6692CD68C, cid=3736, SUCCESS, logIndex=6184, commits[374189d0-76c5-49d2-81b4-45a4af1368a2:c6185]
2019-06-14 08:43:13,768 INFO  client.GrpcClientProtocolClient (GrpcClientProtocolClient.java:onNext(254)) - client-2EC808601240->374189d0-76c5-49d2-81b4-45a4af1368a2: receive RaftClientReply:client-2EC808601240->374189d0-76c5-49d2-81b4-45a4af1368a2@group-30B6692CD68C, cid=3737, SUCCESS, logIndex=6187, commits[374189d0-76c5-49d2-81b4-45a4af1368a2:c6187]
2019-06-14 08:43:13,769 INFO  client.GrpcClientProtocolClient (GrpcClientProtocolClient.java:onNext(254)) - client-2EC808601240->374189d0-76c5-49d2-81b4-45a4af1368a2: receive RaftClientReply:client-2EC808601240->374189d0-76c5-49d2-81b4-45a4af1368a2@group-30B6692CD68C, cid=3738, SUCCESS, logIndex=6189, commits[374189d0-76c5-49d2-81b4-45a4af1368a2:c6189]
2019-06-14 08:43:13,771 INFO  client.GrpcClientProtocolClient (GrpcClientProtocolClient.java:onNext(254)) - client-2EC808601240->374189d0-76c5-49d2-81b4-45a4af1368a2: receive RaftClientReply:client-2EC808601240->374189d0-76c5-49d2-81b4-45a4af1368a2@group-30B6692CD68C, cid=3739, SUCCESS, logIndex=6190, commits[374189d0-76c5-49d2-81b4-45a4af1368a2:c6192]
2019-06-14 08:43:13,771 INFO  client.GrpcClientProtocolClient (GrpcClientProtocolClient.java:onNext(254)) - client-2EC808601240->374189d0-76c5-49d2-81b4-45a4af1368a2: receive RaftClientReply:client-2EC808601240->374189d0-76c5-49d2-81b4-45a4af1368a2@group-30B6692CD68C, cid=3740, SUCCESS, logIndex=6191, commits[374189d0-76c5-49d2-81b4-45a4af1368a2:c6192]
2019-06-14 08:43:13,775 INFO  client.GrpcClientProtocolClient (GrpcClientProtocolClient.java:onNext(254)) - client-2EC808601240->374189d0-76c5-49d2-81b4-45a4af1368a2: receive RaftClientReply:client-2EC808601240->374189d0-76c5-49d2-81b4-45a4af1368a2@group-30B6692CD68C, cid=3741, SUCCESS, logIndex=6193, commits[374189d0-76c5-49d2-81b4-45a4af1368a2:c6193]
2019-06-14 08:43:13,777 INFO  client.GrpcClientProtocolClient (GrpcClientProtocolClient.java:onNext(254)) - client-2EC808601240->374189d0-76c5-49d2-81b4-45a4af1368a2: receive RaftClientReply:client-2EC808601240->374189d0-76c5-49d2-81b4-45a4af1368a2@group-30B6692CD68C, cid=3742, SUCCESS, logIndex=6195, commits[374189d0-76c5-49d2-81b4-45a4af1368a2:c6195]
2019-06-14 08:43:13,778 INFO  client.GrpcClientProtocolClient (GrpcClientProtocolClient.java:onNext(254)) - client-2EC808601240->374189d0-76c5-49d2-81b4-45a4af1368a2: receive RaftClientReply:client-2EC808601240->374189d0-76c5-49d2-81b4-45a4af1368a2@group-30B6692CD68C, cid=3743, SUCCESS, logIndex=6196, commits[374189d0-76c5-49d2-81b4-45a4af1368a2:c6198]
2019-06-14 08:43:13,778 INFO  client.GrpcClientProtocolClient (GrpcClientProtocolClient.java:onNext(254)) - client-2EC808601240->374189d0-76c5-49d2-81b4-45a4af1368a2: receive RaftClientReply:client-2EC808601240->374189d0-76c5-49d2-81b4-45a4af1368a2@group-30B6692CD68C, cid=3744, SUCCESS, logIndex=6197, commits[374189d0-76c5-49d2-81b4-45a4af1368a2:c6198]
2019-06-14 08:43:13,785 INFO  storage.RaftLogWorker (RaftLogWorker.java:rollLogSegment(303)) - 374189d0-76c5-49d2-81b4-45a4af1368a2-RaftLogWorker: Rolling segment log-6130_6198 to index:6198
2019-06-14 08:43:13,786 INFO  storage.RaftLogWorker (RaftLogWorker.java:execute(433)) - 374189d0-76c5-49d2-81b4-45a4af1368a2-RaftLogWorker: Rolled log segment from /opt/src/hadoop-ozone/integration-test/target/test-dir/MiniOzoneClusterImpl-1994f8b8-dd4d-445c-bf25-0c6d40f9b14d/datanode-0/data/ratis/99d0acb8-99ce-4814-8259-30b6692cd68c/current/log_inprogress_6130 to /opt/src/hadoop-ozone/integration-test/target/test-dir/MiniOzoneClusterImpl-1994f8b8-dd4d-445c-bf25-0c6d40f9b14d/datanode-0/data/ratis/99d0acb8-99ce-4814-8259-30b6692cd68c/current/log_6130-6198
2019-06-14 08:43:13,821 INFO  storage.RaftLogWorker (RaftLogWorker.java:execute(469)) - 374189d0-76c5-49d2-81b4-45a4af1368a2-RaftLogWorker: created new log segment /opt/src/hadoop-ozone/integration-test/target/test-dir/MiniOzoneClusterImpl-1994f8b8-dd4d-445c-bf25-0c6d40f9b14d/datanode-0/data/ratis/99d0acb8-99ce-4814-8259-30b6692cd68c/current/log_inprogress_6199
2019-06-14 08:43:13,823 INFO  client.GrpcClientProtocolClient (GrpcClientProtocolClient.java:onNext(254)) - client-2EC808601240->374189d0-76c5-49d2-81b4-45a4af1368a2: receive RaftClientReply:client-2EC808601240->374189d0-76c5-49d2-81b4-45a4af1368a2@group-30B6692CD68C, cid=3745, SUCCESS, logIndex=6199, commits[374189d0-76c5-49d2-81b4-45a4af1368a2:c6199]
2019-06-14 08:43:13,824 INFO  client.GrpcClientProtocolClient (GrpcClientProtocolClient.java:onNext(254)) - client-2EC808601240->374189d0-76c5-49d2-81b4-45a4af1368a2: receive RaftClientReply:client-2EC808601240->374189d0-76c5-49d2-81b4-45a4af1368a2@group-30B6692CD68C, cid=3746, SUCCESS, logIndex=6201, commits[374189d0-76c5-49d2-81b4-45a4af1368a2:c6201]
2019-06-14 08:43:13,825 INFO  client.GrpcClientProtocolClient (GrpcClientProtocolClient.java:onNext(254)) - client-2EC808601240->374189d0-76c5-49d2-81b4-45a4af1368a2: receive RaftClientReply:client-2EC808601240->374189d0-76c5-49d2-81b4-45a4af1368a2@group-30B6692CD68C, cid=3747, SUCCESS, logIndex=6202, commits[374189d0-76c5-49d2-81b4-45a4af1368a2:c6204]
2019-06-14 08:43:13,825 INFO  client.GrpcClientProtocolClient (GrpcClientProtocolClient.java:onNext(254)) - client-2EC808601240->374189d0-76c5-49d2-81b4-45a4af1368a2: receive RaftClientReply:client-2EC808601240->374189d0-76c5-49d2-81b4-45a4af1368a2@group-30B6692CD68C, cid=3748, SUCCESS, logIndex=6203, commits[374189d0-76c5-49d2-81b4-45a4af1368a2:c6204]
2019-06-14 08:43:13,831 INFO  client.GrpcClientProtocolClient (GrpcClientProtocolClient.java:onNext(254)) - client-2EC808601240->374189d0-76c5-49d2-81b4-45a4af1368a2: receive RaftClientReply:client-2EC808601240->374189d0-76c5-49d2-81b4-45a4af1368a2@group-30B6692CD68C, cid=3749, SUCCESS, logIndex=6205, commits[374189d0-76c5-49d2-81b4-45a4af1368a2:c6205]
2019-06-14 08:43:13,832 INFO  client.GrpcClientProtocolClient (GrpcClientProtocolClient.java:onNext(254)) - client-2EC808601240->374189d0-76c5-49d2-81b4-45a4af1368a2: receive RaftClientReply:client-2EC808601240->374189d0-76c5-49d2-81b4-45a4af1368a2@group-30B6692CD68C, cid=3750, SUCCESS, logIndex=6207, commits[374189d0-76c5-49d2-81b4-45a4af1368a2:c6207]
2019-06-14 08:43:13,834 INFO  client.GrpcClientProtocolClient (GrpcClientProtocolClient.java:onNext(254)) - client-2EC808601240->374189d0-76c5-49d2-81b4-45a4af1368a2: receive RaftClientReply:client-2EC808601240->374189d0-76c5-49d2-81b4-45a4af1368a2@group-30B6692CD68C, cid=3751, SUCCESS, logIndex=6209, commits[374189d0-76c5-49d2-81b4-45a4af1368a2:c6210]
2019-06-14 08:43:13,835 INFO  client.GrpcClientProtocolClient (GrpcClientProtocolClient.java:onNext(254)) - client-2EC808601240->374189d0-76c5-49d2-81b4-45a4af1368a2: receive RaftClientReply:client-2EC808601240->374189d0-76c5-49d2-81b4-45a4af1368a2@group-30B6692CD68C, cid=3752, SUCCESS, logIndex=6210, commits[374189d0-76c5-49d2-81b4-45a4af1368a2:c6210]
2019-06-14 08:43:13,842 DEBUG block.SCMBlockDeletingService (SCMBlockDeletingService.java:call(138)) - Running DeletedBlockTransactionScanner
2019-06-14 08:43:13,842 DEBUG block.SCMBlockDeletingService (SCMBlockDeletingService.java:call(155)) - Scanned deleted blocks log and got 0 delTX to process.
2019-06-14 08:43:13,846 INFO  client.GrpcClientProtocolClient (GrpcClientProtocolClient.java:onNext(254)) - client-2EC808601240->374189d0-76c5-49d2-81b4-45a4af1368a2: receive RaftClientReply:client-2EC808601240->374189d0-76c5-49d2-81b4-45a4af1368a2@group-30B6692CD68C, cid=3753, SUCCESS, logIndex=6212, commits[374189d0-76c5-49d2-81b4-45a4af1368a2:c6212]
2019-06-14 08:43:13,848 INFO  client.GrpcClientProtocolClient (GrpcClientProtocolClient.java:onNext(254)) - client-2EC808601240->374189d0-76c5-49d2-81b4-45a4af1368a2: receive RaftClientReply:client-2EC808601240->374189d0-76c5-49d2-81b4-45a4af1368a2@group-30B6692CD68C, cid=3754, SUCCESS, logIndex=6214, commits[374189d0-76c5-49d2-81b4-45a4af1368a2:c6214]
2019-06-14 08:43:13,851 INFO  client.GrpcClientProtocolClient (GrpcClientProtocolClient.java:onNext(254)) - client-2EC808601240->374189d0-76c5-49d2-81b4-45a4af1368a2: receive RaftClientReply:client-2EC808601240->374189d0-76c5-49d2-81b4-45a4af1368a2@group-30B6692CD68C, cid=3755, SUCCESS, logIndex=6215, commits[374189d0-76c5-49d2-81b4-45a4af1368a2:c6216]
2019-06-14 08:43:13,851 INFO  client.GrpcClientProtocolClient (GrpcClientProtocolClient.java:onNext(254)) - client-2EC808601240->374189d0-76c5-49d2-81b4-45a4af1368a2: receive RaftClientReply:client-2EC808601240->374189d0-76c5-49d2-81b4-45a4af1368a2@group-30B6692CD68C, cid=3756, SUCCESS, logIndex=6216, commits[374189d0-76c5-49d2-81b4-45a4af1368a2:c6218]
2019-06-14 08:43:13,924 INFO  client.GrpcClientProtocolClient (GrpcClientProtocolClient.java:onNext(254)) - client-2EC808601240->374189d0-76c5-49d2-81b4-45a4af1368a2: receive RaftClientReply:client-2EC808601240->374189d0-76c5-49d2-81b4-45a4af1368a2@group-30B6692CD68C, cid=3757, SUCCESS, logIndex=6219, commits[374189d0-76c5-49d2-81b4-45a4af1368a2:c6219]
2019-06-14 08:43:13,925 INFO  client.GrpcClientProtocolClient (GrpcClientProtocolClient.java:onNext(254)) - client-2EC808601240->374189d0-76c5-49d2-81b4-45a4af1368a2: receive RaftClientReply:client-2EC808601240->374189d0-76c5-49d2-81b4-45a4af1368a2@group-30B6692CD68C, cid=3758, SUCCESS, logIndex=6221, commits[374189d0-76c5-49d2-81b4-45a4af1368a2:c6221]
2019-06-14 08:43:13,926 INFO  client.GrpcClientProtocolClient (GrpcClientProtocolClient.java:onNext(254)) - client-2EC808601240->374189d0-76c5-49d2-81b4-45a4af1368a2: receive RaftClientReply:client-2EC808601240->374189d0-76c5-49d2-81b4-45a4af1368a2@group-30B6692CD68C, cid=3759, SUCCESS, logIndex=6222, commits[374189d0-76c5-49d2-81b4-45a4af1368a2:c6224]
2019-06-14 08:43:13,927 INFO  client.GrpcClientProtocolClient (GrpcClientProtocolClient.java:onNext(254)) - client-2EC808601240->374189d0-76c5-49d2-81b4-45a4af1368a2: receive RaftClientReply:client-2EC808601240->374189d0-76c5-49d2-81b4-45a4af1368a2@group-30B6692CD68C, cid=3760, SUCCESS, logIndex=6223, commits[374189d0-76c5-49d2-81b4-45a4af1368a2:c6224]
2019-06-14 08:43:13,937 INFO  client.GrpcClientProtocolClient (GrpcClientProtocolClient.java:onNext(254)) - client-2EC808601240->374189d0-76c5-49d2-81b4-45a4af1368a2: receive RaftClientReply:client-2EC808601240->374189d0-76c5-49d2-81b4-45a4af1368a2@group-30B6692CD68C, cid=3761, SUCCESS, logIndex=6225, commits[374189d0-76c5-49d2-81b4-45a4af1368a2:c6225]
2019-06-14 08:43:13,939 INFO  client.GrpcClientProtocolClient (GrpcClientProtocolClient.java:onNext(254)) - client-2EC808601240->374189d0-76c5-49d2-81b4-45a4af1368a2: receive RaftClientReply:client-2EC808601240->374189d0-76c5-49d2-81b4-45a4af1368a2@group-30B6692CD68C, cid=3762, SUCCESS, logIndex=6227, commits[374189d0-76c5-49d2-81b4-45a4af1368a2:c6227]
2019-06-14 08:43:13,939 INFO  client.GrpcClientProtocolClient (GrpcClientProtocolClient.java:onNext(254)) - client-2EC808601240->374189d0-76c5-49d2-81b4-45a4af1368a2: receive RaftClientReply:client-2EC808601240->374189d0-76c5-49d2-81b4-45a4af1368a2@group-30B6692CD68C, cid=3763, SUCCESS, logIndex=6228, commits[374189d0-76c5-49d2-81b4-45a4af1368a2:c6229]
2019-06-14 08:43:13,939 INFO  client.GrpcClientProtocolClient (GrpcClientProtocolClient.java:onNext(254)) - client-2EC808601240->374189d0-76c5-49d2-81b4-45a4af1368a2: receive RaftClientReply:client-2EC808601240->374189d0-76c5-49d2-81b4-45a4af1368a2@group-30B6692CD68C, cid=3764, SUCCESS, logIndex=6229, commits[374189d0-76c5-49d2-81b4-45a4af1368a2:c6229]
2019-06-14 08:43:13,942 DEBUG block.SCMBlockDeletingService (SCMBlockDeletingService.java:call(138)) - Running DeletedBlockTransactionScanner
2019-06-14 08:43:13,943 DEBUG block.SCMBlockDeletingService (SCMBlockDeletingService.java:call(155)) - Scanned deleted blocks log and got 0 delTX to process.
2019-06-14 08:43:13,944 INFO  client.GrpcClientProtocolClient (GrpcClientProtocolClient.java:onNext(254)) - client-2EC808601240->374189d0-76c5-49d2-81b4-45a4af1368a2: receive RaftClientReply:client-2EC808601240->374189d0-76c5-49d2-81b4-45a4af1368a2@group-30B6692CD68C, cid=3765, SUCCESS, logIndex=6232, commits[374189d0-76c5-49d2-81b4-45a4af1368a2:c6232]
2019-06-14 08:43:13,945 INFO  client.GrpcClientProtocolClient (GrpcClientProtocolClient.java:onNext(254)) - client-2EC808601240->374189d0-76c5-49d2-81b4-45a4af1368a2: receive RaftClientReply:client-2EC808601240->374189d0-76c5-49d2-81b4-45a4af1368a2@group-30B6692CD68C, cid=3766, SUCCESS, logIndex=6234, commits[374189d0-76c5-49d2-81b4-45a4af1368a2:c6234]
2019-06-14 08:43:13,947 INFO  client.GrpcClientProtocolClient (GrpcClientProtocolClient.java:onNext(254)) - client-2EC808601240->374189d0-76c5-49d2-81b4-45a4af1368a2: receive RaftClientReply:client-2EC808601240->374189d0-76c5-49d2-81b4-45a4af1368a2@group-30B6692CD68C, cid=3767, SUCCESS, logIndex=6235, commits[374189d0-76c5-49d2-81b4-45a4af1368a2:c6237]
2019-06-14 08:43:13,947 INFO  client.GrpcClientProtocolClient (GrpcClientProtocolClient.java:onNext(254)) - client-2EC808601240->374189d0-76c5-49d2-81b4-45a4af1368a2: receive RaftClientReply:client-2EC808601240->374189d0-76c5-49d2-81b4-45a4af1368a2@group-30B6692CD68C, cid=3768, SUCCESS, logIndex=6236, commits[374189d0-76c5-49d2-81b4-45a4af1368a2:c6237]
2019-06-14 08:43:14,231 DEBUG block.SCMBlockDeletingService (SCMBlockDeletingService.java:call(138)) - Running DeletedBlockTransactionScanner
2019-06-14 08:43:14,231 DEBUG block.SCMBlockDeletingService (SCMBlockDeletingService.java:call(155)) - Scanned deleted blocks log and got 0 delTX to process.
2019-06-14 08:43:14,249 INFO  client.GrpcClientProtocolClient (GrpcClientProtocolClient.java:onNext(254)) - client-2EC808601240->374189d0-76c5-49d2-81b4-45a4af1368a2: receive RaftClientReply:client-2EC808601240->374189d0-76c5-49d2-81b4-45a4af1368a2@group-30B6692CD68C, cid=3769, SUCCESS, logIndex=6238, commits[374189d0-76c5-49d2-81b4-45a4af1368a2:c6238]
2019-06-14 08:43:14,251 INFO  client.GrpcClientProtocolClient (GrpcClientProtocolClient.java:onNext(254)) - client-2EC808601240->374189d0-76c5-49d2-81b4-45a4af1368a2: receive RaftClientReply:client-2EC808601240->374189d0-76c5-49d2-81b4-45a4af1368a2@group-30B6692CD68C, cid=3770, SUCCESS, logIndex=6240, commits[374189d0-76c5-49d2-81b4-45a4af1368a2:c6240]
2019-06-14 08:43:14,252 INFO  client.GrpcClientProtocolClient (GrpcClientProtocolClient.java:onNext(254)) - client-2EC808601240->374189d0-76c5-49d2-81b4-45a4af1368a2: receive RaftClientReply:client-2EC808601240->374189d0-76c5-49d2-81b4-45a4af1368a2@group-30B6692CD68C, cid=3771, SUCCESS, logIndex=6241, commits[374189d0-76c5-49d2-81b4-45a4af1368a2:c6242]
2019-06-14 08:43:14,252 INFO  client.GrpcClientProtocolClient (GrpcClientProtocolClient.java:onNext(254)) - client-2EC808601240->374189d0-76c5-49d2-81b4-45a4af1368a2: receive RaftClientReply:client-2EC808601240->374189d0-76c5-49d2-81b4-45a4af1368a2@group-30B6692CD68C, cid=3772, SUCCESS, logIndex=6242, commits[374189d0-76c5-49d2-81b4-45a4af1368a2:c6242]
2019-06-14 08:43:14,257 INFO  client.GrpcClientProtocolClient (GrpcClientProtocolClient.java:onNext(254)) - client-2EC808601240->374189d0-76c5-49d2-81b4-45a4af1368a2: receive RaftClientReply:client-2EC808601240->374189d0-76c5-49d2-81b4-45a4af1368a2@group-30B6692CD68C, cid=3773, SUCCESS, logIndex=6245, commits[374189d0-76c5-49d2-81b4-45a4af1368a2:c6245]
2019-06-14 08:43:14,258 INFO  client.GrpcClientProtocolClient (GrpcClientProtocolClient.java:onNext(254)) - client-2EC808601240->374189d0-76c5-49d2-81b4-45a4af1368a2: receive RaftClientReply:client-2EC808601240->374189d0-76c5-49d2-81b4-45a4af1368a2@group-30B6692CD68C, cid=3774, SUCCESS, logIndex=6247, commits[374189d0-76c5-49d2-81b4-45a4af1368a2:c6247]
2019-06-14 08:43:14,259 INFO  client.GrpcClientProtocolClient (GrpcClientProtocolClient.java:onNext(254)) - client-2EC808601240->374189d0-76c5-49d2-81b4-45a4af1368a2: receive RaftClientReply:client-2EC808601240->374189d0-76c5-49d2-81b4-45a4af1368a2@group-30B6692CD68C, cid=3775, SUCCESS, logIndex=6248, commits[374189d0-76c5-49d2-81b4-45a4af1368a2:c6250]
2019-06-14 08:43:14,260 INFO  client.GrpcClientProtocolClient (GrpcClientProtocolClient.java:onNext(254)) - client-2EC808601240->374189d0-76c5-49d2-81b4-45a4af1368a2: receive RaftClientReply:client-2EC808601240->374189d0-76c5-49d2-81b4-45a4af1368a2@group-30B6692CD68C, cid=3776, SUCCESS, logIndex=6249, commits[374189d0-76c5-49d2-81b4-45a4af1368a2:c6250]
2019-06-14 08:43:14,275 INFO  client.GrpcClientProtocolClient (GrpcClientProtocolClient.java:onNext(254)) - client-2EC808601240->374189d0-76c5-49d2-81b4-45a4af1368a2: receive RaftClientReply:client-2EC808601240->374189d0-76c5-49d2-81b4-45a4af1368a2@group-30B6692CD68C, cid=3777, SUCCESS, logIndex=6251, commits[374189d0-76c5-49d2-81b4-45a4af1368a2:c6251]
2019-06-14 08:43:14,277 INFO  client.GrpcClientProtocolClient (GrpcClientProtocolClient.java:onNext(254)) - client-2EC808601240->374189d0-76c5-49d2-81b4-45a4af1368a2: receive RaftClientReply:client-2EC808601240->374189d0-76c5-49d2-81b4-45a4af1368a2@group-30B6692CD68C, cid=3778, SUCCESS, logIndex=6253, commits[374189d0-76c5-49d2-81b4-45a4af1368a2:c6253]
2019-06-14 08:43:14,278 INFO  client.GrpcClientProtocolClient (GrpcClientProtocolClient.java:onNext(254)) - client-2EC808601240->374189d0-76c5-49d2-81b4-45a4af1368a2: receive RaftClientReply:client-2EC808601240->374189d0-76c5-49d2-81b4-45a4af1368a2@group-30B6692CD68C, cid=3779, SUCCESS, logIndex=6254, commits[374189d0-76c5-49d2-81b4-45a4af1368a2:c6254]
2019-06-14 08:43:14,278 INFO  client.GrpcClientProtocolClient (GrpcClientProtocolClient.java:onNext(254)) - client-2EC808601240->374189d0-76c5-49d2-81b4-45a4af1368a2: receive RaftClientReply:client-2EC808601240->374189d0-76c5-49d2-81b4-45a4af1368a2@group-30B6692CD68C, cid=3780, SUCCESS, logIndex=6256, commits[374189d0-76c5-49d2-81b4-45a4af1368a2:c6256]
2019-06-14 08:43:14,283 INFO  client.GrpcClientProtocolClient (GrpcClientProtocolClient.java:onNext(254)) - client-2EC808601240->374189d0-76c5-49d2-81b4-45a4af1368a2: receive RaftClientReply:client-2EC808601240->374189d0-76c5-49d2-81b4-45a4af1368a2@group-30B6692CD68C, cid=3781, SUCCESS, logIndex=6259, commits[374189d0-76c5-49d2-81b4-45a4af1368a2:c6259]
2019-06-14 08:43:14,285 INFO  client.GrpcClientProtocolClient (GrpcClientProtocolClient.java:onNext(254)) - client-2EC808601240->374189d0-76c5-49d2-81b4-45a4af1368a2: receive RaftClientReply:client-2EC808601240->374189d0-76c5-49d2-81b4-45a4af1368a2@group-30B6692CD68C, cid=3782, SUCCESS, logIndex=6261, commits[374189d0-76c5-49d2-81b4-45a4af1368a2:c6261]
2019-06-14 08:43:14,286 INFO  client.GrpcClientProtocolClient (GrpcClientProtocolClient.java:onNext(254)) - client-2EC808601240->374189d0-76c5-49d2-81b4-45a4af1368a2: receive RaftClientReply:client-2EC808601240->374189d0-76c5-49d2-81b4-45a4af1368a2@group-30B6692CD68C, cid=3783, SUCCESS, logIndex=6262, commits[374189d0-76c5-49d2-81b4-45a4af1368a2:c6264]
2019-06-14 08:43:14,286 INFO  client.GrpcClientProtocolClient (GrpcClientProtocolClient.java:onNext(254)) - client-2EC808601240->374189d0-76c5-49d2-81b4-45a4af1368a2: receive RaftClientReply:client-2EC808601240->374189d0-76c5-49d2-81b4-45a4af1368a2@group-30B6692CD68C, cid=3784, SUCCESS, logIndex=6263, commits[374189d0-76c5-49d2-81b4-45a4af1368a2:c6264]
2019-06-14 08:43:14,296 INFO  client.GrpcClientProtocolClient (GrpcClientProtocolClient.java:onNext(254)) - client-2EC808601240->374189d0-76c5-49d2-81b4-45a4af1368a2: receive RaftClientReply:client-2EC808601240->374189d0-76c5-49d2-81b4-45a4af1368a2@group-30B6692CD68C, cid=3785, SUCCESS, logIndex=6265, commits[374189d0-76c5-49d2-81b4-45a4af1368a2:c6265]
2019-06-14 08:43:14,299 INFO  client.GrpcClientProtocolClient (GrpcClientProtocolClient.java:onNext(254)) - client-2EC808601240->374189d0-76c5-49d2-81b4-45a4af1368a2: receive RaftClientReply:client-2EC808601240->374189d0-76c5-49d2-81b4-45a4af1368a2@group-30B6692CD68C, cid=3786, SUCCESS, logIndex=6267, commits[374189d0-76c5-49d2-81b4-45a4af1368a2:c6269]
2019-06-14 08:43:14,299 INFO  client.GrpcClientProtocolClient (GrpcClientProtocolClient.java:onNext(254)) - client-2EC808601240->374189d0-76c5-49d2-81b4-45a4af1368a2: receive RaftClientReply:client-2EC808601240->374189d0-76c5-49d2-81b4-45a4af1368a2@group-30B6692CD68C, cid=3787, SUCCESS, logIndex=6268, commits[374189d0-76c5-49d2-81b4-45a4af1368a2:c6269]
2019-06-14 08:43:14,299 INFO  client.GrpcClientProtocolClient (GrpcClientProtocolClient.java:onNext(254)) - client-2EC808601240->374189d0-76c5-49d2-81b4-45a4af1368a2: receive RaftClientReply:client-2EC808601240->374189d0-76c5-49d2-81b4-45a4af1368a2@group-30B6692CD68C, cid=3788, SUCCESS, logIndex=6269, commits[374189d0-76c5-49d2-81b4-45a4af1368a2:c6269]
2019-06-14 08:43:14,302 INFO  storage.RaftLogWorker (RaftLogWorker.java:rollLogSegment(303)) - 374189d0-76c5-49d2-81b4-45a4af1368a2-RaftLogWorker: Rolling segment log-6199_6270 to index:6270
2019-06-14 08:43:14,303 INFO  storage.RaftLogWorker (RaftLogWorker.java:execute(433)) - 374189d0-76c5-49d2-81b4-45a4af1368a2-RaftLogWorker: Rolled log segment from /opt/src/hadoop-ozone/integration-test/target/test-dir/MiniOzoneClusterImpl-1994f8b8-dd4d-445c-bf25-0c6d40f9b14d/datanode-0/data/ratis/99d0acb8-99ce-4814-8259-30b6692cd68c/current/log_inprogress_6199 to /opt/src/hadoop-ozone/integration-test/target/test-dir/MiniOzoneClusterImpl-1994f8b8-dd4d-445c-bf25-0c6d40f9b14d/datanode-0/data/ratis/99d0acb8-99ce-4814-8259-30b6692cd68c/current/log_6199-6270
2019-06-14 08:43:14,331 DEBUG block.SCMBlockDeletingService (SCMBlockDeletingService.java:call(138)) - Running DeletedBlockTransactionScanner
2019-06-14 08:43:14,331 DEBUG block.SCMBlockDeletingService (SCMBlockDeletingService.java:call(155)) - Scanned deleted blocks log and got 0 delTX to process.
2019-06-14 08:43:14,346 INFO  storage.RaftLogWorker (RaftLogWorker.java:execute(469)) - 374189d0-76c5-49d2-81b4-45a4af1368a2-RaftLogWorker: created new log segment /opt/src/hadoop-ozone/integration-test/target/test-dir/MiniOzoneClusterImpl-1994f8b8-dd4d-445c-bf25-0c6d40f9b14d/datanode-0/data/ratis/99d0acb8-99ce-4814-8259-30b6692cd68c/current/log_inprogress_6271
2019-06-14 08:43:14,348 INFO  client.GrpcClientProtocolClient (GrpcClientProtocolClient.java:onNext(254)) - client-2EC808601240->374189d0-76c5-49d2-81b4-45a4af1368a2: receive RaftClientReply:client-2EC808601240->374189d0-76c5-49d2-81b4-45a4af1368a2@group-30B6692CD68C, cid=3789, SUCCESS, logIndex=6271, commits[374189d0-76c5-49d2-81b4-45a4af1368a2:c6271]
2019-06-14 08:43:14,350 INFO  client.GrpcClientProtocolClient (GrpcClientProtocolClient.java:onNext(254)) - client-2EC808601240->374189d0-76c5-49d2-81b4-45a4af1368a2: receive RaftClientReply:client-2EC808601240->374189d0-76c5-49d2-81b4-45a4af1368a2@group-30B6692CD68C, cid=3790, SUCCESS, logIndex=6273, commits[374189d0-76c5-49d2-81b4-45a4af1368a2:c6273]
2019-06-14 08:43:14,351 INFO  client.GrpcClientProtocolClient (GrpcClientProtocolClient.java:onNext(254)) - client-2EC808601240->374189d0-76c5-49d2-81b4-45a4af1368a2: receive RaftClientReply:client-2EC808601240->374189d0-76c5-49d2-81b4-45a4af1368a2@group-30B6692CD68C, cid=3791, SUCCESS, logIndex=6274, commits[374189d0-76c5-49d2-81b4-45a4af1368a2:c6276]
2019-06-14 08:43:14,351 INFO  client.GrpcClientProtocolClient (GrpcClientProtocolClient.java:onNext(254)) - client-2EC808601240->374189d0-76c5-49d2-81b4-45a4af1368a2: receive RaftClientReply:client-2EC808601240->374189d0-76c5-49d2-81b4-45a4af1368a2@group-30B6692CD68C, cid=3792, SUCCESS, logIndex=6276, commits[374189d0-76c5-49d2-81b4-45a4af1368a2:c6276]
2019-06-14 08:43:14,362 INFO  client.GrpcClientProtocolClient (GrpcClientProtocolClient.java:onNext(254)) - client-2EC808601240->374189d0-76c5-49d2-81b4-45a4af1368a2: receive RaftClientReply:client-2EC808601240->374189d0-76c5-49d2-81b4-45a4af1368a2@group-30B6692CD68C, cid=3793, SUCCESS, logIndex=6278, commits[374189d0-76c5-49d2-81b4-45a4af1368a2:c6278]
2019-06-14 08:43:14,364 INFO  client.GrpcClientProtocolClient (GrpcClientProtocolClient.java:onNext(254)) - client-2EC808601240->374189d0-76c5-49d2-81b4-45a4af1368a2: receive RaftClientReply:client-2EC808601240->374189d0-76c5-49d2-81b4-45a4af1368a2@group-30B6692CD68C, cid=3794, SUCCESS, logIndex=6280, commits[374189d0-76c5-49d2-81b4-45a4af1368a2:c6280]
2019-06-14 08:43:14,364 INFO  client.GrpcClientProtocolClient (GrpcClientProtocolClient.java:onNext(254)) - client-2EC808601240->374189d0-76c5-49d2-81b4-45a4af1368a2: receive RaftClientReply:client-2EC808601240->374189d0-76c5-49d2-81b4-45a4af1368a2@group-30B6692CD68C, cid=3795, SUCCESS, logIndex=6281, commits[374189d0-76c5-49d2-81b4-45a4af1368a2:c6281]
2019-06-14 08:43:14,365 INFO  client.GrpcClientProtocolClient (GrpcClientProtocolClient.java:onNext(254)) - client-2EC808601240->374189d0-76c5-49d2-81b4-45a4af1368a2: receive RaftClientReply:client-2EC808601240->374189d0-76c5-49d2-81b4-45a4af1368a2@group-30B6692CD68C, cid=3796, SUCCESS, logIndex=6283, commits[374189d0-76c5-49d2-81b4-45a4af1368a2:c6284]
2019-06-14 08:43:14,370 INFO  client.GrpcClientProtocolClient (GrpcClientProtocolClient.java:onNext(254)) - client-2EC808601240->374189d0-76c5-49d2-81b4-45a4af1368a2: receive RaftClientReply:client-2EC808601240->374189d0-76c5-49d2-81b4-45a4af1368a2@group-30B6692CD68C, cid=3797, SUCCESS, logIndex=6285, commits[374189d0-76c5-49d2-81b4-45a4af1368a2:c6285]
2019-06-14 08:43:14,372 INFO  client.GrpcClientProtocolClient (GrpcClientProtocolClient.java:onNext(254)) - client-2EC808601240->374189d0-76c5-49d2-81b4-45a4af1368a2: receive RaftClientReply:client-2EC808601240->374189d0-76c5-49d2-81b4-45a4af1368a2@group-30B6692CD68C, cid=3798, SUCCESS, logIndex=6287, commits[374189d0-76c5-49d2-81b4-45a4af1368a2:c6287]
2019-06-14 08:43:14,372 INFO  client.GrpcClientProtocolClient (GrpcClientProtocolClient.java:onNext(254)) - client-2EC808601240->374189d0-76c5-49d2-81b4-45a4af1368a2: receive RaftClientReply:client-2EC808601240->374189d0-76c5-49d2-81b4-45a4af1368a2@group-30B6692CD68C, cid=3799, SUCCESS, logIndex=6288, commits[374189d0-76c5-49d2-81b4-45a4af1368a2:c6288]
2019-06-14 08:43:14,373 INFO  client.GrpcClientProtocolClient (GrpcClientProtocolClient.java:onNext(254)) - client-2EC808601240->374189d0-76c5-49d2-81b4-45a4af1368a2: receive RaftClientReply:client-2EC808601240->374189d0-76c5-49d2-81b4-45a4af1368a2@group-30B6692CD68C, cid=3800, SUCCESS, logIndex=6290, commits[374189d0-76c5-49d2-81b4-45a4af1368a2:c6290]
2019-06-14 08:43:14,385 INFO  client.GrpcClientProtocolClient (GrpcClientProtocolClient.java:onNext(254)) - client-2EC808601240->374189d0-76c5-49d2-81b4-45a4af1368a2: receive RaftClientReply:client-2EC808601240->374189d0-76c5-49d2-81b4-45a4af1368a2@group-30B6692CD68C, cid=3801, SUCCESS, logIndex=6293, commits[374189d0-76c5-49d2-81b4-45a4af1368a2:c6293]
2019-06-14 08:43:14,386 INFO  client.GrpcClientProtocolClient (GrpcClientProtocolClient.java:onNext(254)) - client-2EC808601240->374189d0-76c5-49d2-81b4-45a4af1368a2: receive RaftClientReply:client-2EC808601240->374189d0-76c5-49d2-81b4-45a4af1368a2@group-30B6692CD68C, cid=3802, SUCCESS, logIndex=6295, commits[374189d0-76c5-49d2-81b4-45a4af1368a2:c6295]
2019-06-14 08:43:14,432 DEBUG block.SCMBlockDeletingService (SCMBlockDeletingService.java:call(138)) - Running DeletedBlockTransactionScanner
2019-06-14 08:43:14,432 DEBUG block.SCMBlockDeletingService (SCMBlockDeletingService.java:call(155)) - Scanned deleted blocks log and got 0 delTX to process.
2019-06-14 08:43:14,474 INFO  client.GrpcClientProtocolClient (GrpcClientProtocolClient.java:onNext(254)) - client-2EC808601240->374189d0-76c5-49d2-81b4-45a4af1368a2: receive RaftClientReply:client-2EC808601240->374189d0-76c5-49d2-81b4-45a4af1368a2@group-30B6692CD68C, cid=3803, SUCCESS, logIndex=6297, commits[374189d0-76c5-49d2-81b4-45a4af1368a2:c6297]
2019-06-14 08:43:14,474 INFO  client.GrpcClientProtocolClient (GrpcClientProtocolClient.java:onNext(254)) - client-2EC808601240->374189d0-76c5-49d2-81b4-45a4af1368a2: receive RaftClientReply:client-2EC808601240->374189d0-76c5-49d2-81b4-45a4af1368a2@group-30B6692CD68C, cid=3804, SUCCESS, logIndex=6299, commits[374189d0-76c5-49d2-81b4-45a4af1368a2:c6299]
2019-06-14 08:43:14,480 INFO  client.GrpcClientProtocolClient (GrpcClientProtocolClient.java:onNext(254)) - client-2EC808601240->374189d0-76c5-49d2-81b4-45a4af1368a2: receive RaftClientReply:client-2EC808601240->374189d0-76c5-49d2-81b4-45a4af1368a2@group-30B6692CD68C, cid=3805, SUCCESS, logIndex=6301, commits[374189d0-76c5-49d2-81b4-45a4af1368a2:c6301]
2019-06-14 08:43:14,482 INFO  client.GrpcClientProtocolClient (GrpcClientProtocolClient.java:onNext(254)) - client-2EC808601240->374189d0-76c5-49d2-81b4-45a4af1368a2: receive RaftClientReply:client-2EC808601240->374189d0-76c5-49d2-81b4-45a4af1368a2@group-30B6692CD68C, cid=3806, SUCCESS, logIndex=6303, commits[374189d0-76c5-49d2-81b4-45a4af1368a2:c6303]
2019-06-14 08:43:14,483 INFO  client.GrpcClientProtocolClient (GrpcClientProtocolClient.java:onNext(254)) - client-2EC808601240->374189d0-76c5-49d2-81b4-45a4af1368a2: receive RaftClientReply:client-2EC808601240->374189d0-76c5-49d2-81b4-45a4af1368a2@group-30B6692CD68C, cid=3807, SUCCESS, logIndex=6304, commits[374189d0-76c5-49d2-81b4-45a4af1368a2:c6305]
2019-06-14 08:43:14,483 INFO  client.GrpcClientProtocolClient (GrpcClientProtocolClient.java:onNext(254)) - client-2EC808601240->374189d0-76c5-49d2-81b4-45a4af1368a2: receive RaftClientReply:client-2EC808601240->374189d0-76c5-49d2-81b4-45a4af1368a2@group-30B6692CD68C, cid=3808, SUCCESS, logIndex=6305, commits[374189d0-76c5-49d2-81b4-45a4af1368a2:c6306]
2019-06-14 08:43:14,493 INFO  client.GrpcClientProtocolClient (GrpcClientProtocolClient.java:onNext(254)) - client-2EC808601240->374189d0-76c5-49d2-81b4-45a4af1368a2: receive RaftClientReply:client-2EC808601240->374189d0-76c5-49d2-81b4-45a4af1368a2@group-30B6692CD68C, cid=3809, SUCCESS, logIndex=6308, commits[374189d0-76c5-49d2-81b4-45a4af1368a2:c6308]
2019-06-14 08:43:14,495 INFO  client.GrpcClientProtocolClient (GrpcClientProtocolClient.java:onNext(254)) - client-2EC808601240->374189d0-76c5-49d2-81b4-45a4af1368a2: receive RaftClientReply:client-2EC808601240->374189d0-76c5-49d2-81b4-45a4af1368a2@group-30B6692CD68C, cid=3810, SUCCESS, logIndex=6310, commits[374189d0-76c5-49d2-81b4-45a4af1368a2:c6310]
2019-06-14 08:43:14,495 INFO  client.GrpcClientProtocolClient (GrpcClientProtocolClient.java:onNext(254)) - client-2EC808601240->374189d0-76c5-49d2-81b4-45a4af1368a2: receive RaftClientReply:client-2EC808601240->374189d0-76c5-49d2-81b4-45a4af1368a2@group-30B6692CD68C, cid=3811, SUCCESS, logIndex=6311, commits[374189d0-76c5-49d2-81b4-45a4af1368a2:c6313]
2019-06-14 08:43:14,496 INFO  client.GrpcClientProtocolClient (GrpcClientProtocolClient.java:onNext(254)) - client-2EC808601240->374189d0-76c5-49d2-81b4-45a4af1368a2: receive RaftClientReply:client-2EC808601240->374189d0-76c5-49d2-81b4-45a4af1368a2@group-30B6692CD68C, cid=3812, SUCCESS, logIndex=6312, commits[374189d0-76c5-49d2-81b4-45a4af1368a2:c6313]
2019-06-14 08:43:14,501 INFO  client.GrpcClientProtocolClient (GrpcClientProtocolClient.java:onNext(254)) - client-2EC808601240->374189d0-76c5-49d2-81b4-45a4af1368a2: receive RaftClientReply:client-2EC808601240->374189d0-76c5-49d2-81b4-45a4af1368a2@group-30B6692CD68C, cid=3813, SUCCESS, logIndex=6314, commits[374189d0-76c5-49d2-81b4-45a4af1368a2:c6314]
2019-06-14 08:43:14,503 INFO  client.GrpcClientProtocolClient (GrpcClientProtocolClient.java:onNext(254)) - client-2EC808601240->374189d0-76c5-49d2-81b4-45a4af1368a2: receive RaftClientReply:client-2EC808601240->374189d0-76c5-49d2-81b4-45a4af1368a2@group-30B6692CD68C, cid=3814, SUCCESS, logIndex=6316, commits[374189d0-76c5-49d2-81b4-45a4af1368a2:c6316]
2019-06-14 08:43:14,504 INFO  client.GrpcClientProtocolClient (GrpcClientProtocolClient.java:onNext(254)) - client-2EC808601240->374189d0-76c5-49d2-81b4-45a4af1368a2: receive RaftClientReply:client-2EC808601240->374189d0-76c5-49d2-81b4-45a4af1368a2@group-30B6692CD68C, cid=3815, SUCCESS, logIndex=6317, commits[374189d0-76c5-49d2-81b4-45a4af1368a2:c6319]
2019-06-14 08:43:14,504 INFO  client.GrpcClientProtocolClient (GrpcClientProtocolClient.java:onNext(254)) - client-2EC808601240->374189d0-76c5-49d2-81b4-45a4af1368a2: receive RaftClientReply:client-2EC808601240->374189d0-76c5-49d2-81b4-45a4af1368a2@group-30B6692CD68C, cid=3816, SUCCESS, logIndex=6318, commits[374189d0-76c5-49d2-81b4-45a4af1368a2:c6319]
2019-06-14 08:43:14,514 INFO  client.GrpcClientProtocolClient (GrpcClientProtocolClient.java:onNext(254)) - client-2EC808601240->374189d0-76c5-49d2-81b4-45a4af1368a2: receive RaftClientReply:client-2EC808601240->374189d0-76c5-49d2-81b4-45a4af1368a2@group-30B6692CD68C, cid=3817, SUCCESS, logIndex=6320, commits[374189d0-76c5-49d2-81b4-45a4af1368a2:c6320]
2019-06-14 08:43:14,515 INFO  client.GrpcClientProtocolClient (GrpcClientProtocolClient.java:onNext(254)) - client-2EC808601240->374189d0-76c5-49d2-81b4-45a4af1368a2: receive RaftClientReply:client-2EC808601240->374189d0-76c5-49d2-81b4-45a4af1368a2@group-30B6692CD68C, cid=3818, SUCCESS, logIndex=6322, commits[374189d0-76c5-49d2-81b4-45a4af1368a2:c6322]
2019-06-14 08:43:14,516 INFO  client.GrpcClientProtocolClient (GrpcClientProtocolClient.java:onNext(254)) - client-2EC808601240->374189d0-76c5-49d2-81b4-45a4af1368a2: receive RaftClientReply:client-2EC808601240->374189d0-76c5-49d2-81b4-45a4af1368a2@group-30B6692CD68C, cid=3819, SUCCESS, logIndex=6323, commits[374189d0-76c5-49d2-81b4-45a4af1368a2:c6325]
2019-06-14 08:43:14,517 INFO  client.GrpcClientProtocolClient (GrpcClientProtocolClient.java:onNext(254)) - client-2EC808601240->374189d0-76c5-49d2-81b4-45a4af1368a2: receive RaftClientReply:client-2EC808601240->374189d0-76c5-49d2-81b4-45a4af1368a2@group-30B6692CD68C, cid=3820, SUCCESS, logIndex=6324, commits[374189d0-76c5-49d2-81b4-45a4af1368a2:c6325]
2019-06-14 08:43:14,522 INFO  client.GrpcClientProtocolClient (GrpcClientProtocolClient.java:onNext(254)) - client-2EC808601240->374189d0-76c5-49d2-81b4-45a4af1368a2: receive RaftClientReply:client-2EC808601240->374189d0-76c5-49d2-81b4-45a4af1368a2@group-30B6692CD68C, cid=3821, SUCCESS, logIndex=6326, commits[374189d0-76c5-49d2-81b4-45a4af1368a2:c6326]
2019-06-14 08:43:14,523 INFO  client.GrpcClientProtocolClient (GrpcClientProtocolClient.java:onNext(254)) - client-2EC808601240->374189d0-76c5-49d2-81b4-45a4af1368a2: receive RaftClientReply:client-2EC808601240->374189d0-76c5-49d2-81b4-45a4af1368a2@group-30B6692CD68C, cid=3822, SUCCESS, logIndex=6328, commits[374189d0-76c5-49d2-81b4-45a4af1368a2:c6328]
2019-06-14 08:43:14,525 INFO  client.GrpcClientProtocolClient (GrpcClientProtocolClient.java:onNext(254)) - client-2EC808601240->374189d0-76c5-49d2-81b4-45a4af1368a2: receive RaftClientReply:client-2EC808601240->374189d0-76c5-49d2-81b4-45a4af1368a2@group-30B6692CD68C, cid=3823, SUCCESS, logIndex=6330, commits[374189d0-76c5-49d2-81b4-45a4af1368a2:c6331]
2019-06-14 08:43:14,525 INFO  client.GrpcClientProtocolClient (GrpcClientProtocolClient.java:onNext(254)) - client-2EC808601240->374189d0-76c5-49d2-81b4-45a4af1368a2: receive RaftClientReply:client-2EC808601240->374189d0-76c5-49d2-81b4-45a4af1368a2@group-30B6692CD68C, cid=3824, SUCCESS, logIndex=6331, commits[374189d0-76c5-49d2-81b4-45a4af1368a2:c6331]
2019-06-14 08:43:14,532 DEBUG block.SCMBlockDeletingService (SCMBlockDeletingService.java:call(138)) - Running DeletedBlockTransactionScanner
2019-06-14 08:43:14,532 DEBUG block.SCMBlockDeletingService (SCMBlockDeletingService.java:call(155)) - Scanned deleted blocks log and got 0 delTX to process.
2019-06-14 08:43:14,537 INFO  client.GrpcClientProtocolClient (GrpcClientProtocolClient.java:onNext(254)) - client-2EC808601240->374189d0-76c5-49d2-81b4-45a4af1368a2: receive RaftClientReply:client-2EC808601240->374189d0-76c5-49d2-81b4-45a4af1368a2@group-30B6692CD68C, cid=3825, SUCCESS, logIndex=6333, commits[374189d0-76c5-49d2-81b4-45a4af1368a2:c6333]
2019-06-14 08:43:14,539 INFO  client.GrpcClientProtocolClient (GrpcClientProtocolClient.java:onNext(254)) - client-2EC808601240->374189d0-76c5-49d2-81b4-45a4af1368a2: receive RaftClientReply:client-2EC808601240->374189d0-76c5-49d2-81b4-45a4af1368a2@group-30B6692CD68C, cid=3826, SUCCESS, logIndex=6335, commits[374189d0-76c5-49d2-81b4-45a4af1368a2:c6335]
2019-06-14 08:43:14,540 INFO  client.GrpcClientProtocolClient (GrpcClientProtocolClient.java:onNext(254)) - client-2EC808601240->374189d0-76c5-49d2-81b4-45a4af1368a2: receive RaftClientReply:client-2EC808601240->374189d0-76c5-49d2-81b4-45a4af1368a2@group-30B6692CD68C, cid=3827, SUCCESS, logIndex=6336, commits[374189d0-76c5-49d2-81b4-45a4af1368a2:c6337]
2019-06-14 08:43:14,540 INFO  client.GrpcClientProtocolClient (GrpcClientProtocolClient.java:onNext(254)) - client-2EC808601240->374189d0-76c5-49d2-81b4-45a4af1368a2: receive RaftClientReply:client-2EC808601240->374189d0-76c5-49d2-81b4-45a4af1368a2@group-30B6692CD68C, cid=3828, SUCCESS, logIndex=6337, commits[374189d0-76c5-49d2-81b4-45a4af1368a2:c6337]
2019-06-14 08:43:14,545 INFO  client.GrpcClientProtocolClient (GrpcClientProtocolClient.java:onNext(254)) - client-2EC808601240->374189d0-76c5-49d2-81b4-45a4af1368a2: receive RaftClientReply:client-2EC808601240->374189d0-76c5-49d2-81b4-45a4af1368a2@group-30B6692CD68C, cid=3829, SUCCESS, logIndex=6340, commits[374189d0-76c5-49d2-81b4-45a4af1368a2:c6340]
2019-06-14 08:43:14,545 INFO  storage.RaftLogWorker (RaftLogWorker.java:rollLogSegment(303)) - 374189d0-76c5-49d2-81b4-45a4af1368a2-RaftLogWorker: Rolling segment log-6271_6343 to index:6343
2019-06-14 08:43:14,546 INFO  client.GrpcClientProtocolClient (GrpcClientProtocolClient.java:onNext(254)) - client-2EC808601240->374189d0-76c5-49d2-81b4-45a4af1368a2: receive RaftClientReply:client-2EC808601240->374189d0-76c5-49d2-81b4-45a4af1368a2@group-30B6692CD68C, cid=3830, SUCCESS, logIndex=6342, commits[374189d0-76c5-49d2-81b4-45a4af1368a2:c6342]
2019-06-14 08:43:14,546 INFO  storage.RaftLogWorker (RaftLogWorker.java:execute(433)) - 374189d0-76c5-49d2-81b4-45a4af1368a2-RaftLogWorker: Rolled log segment from /opt/src/hadoop-ozone/integration-test/target/test-dir/MiniOzoneClusterImpl-1994f8b8-dd4d-445c-bf25-0c6d40f9b14d/datanode-0/data/ratis/99d0acb8-99ce-4814-8259-30b6692cd68c/current/log_inprogress_6271 to /opt/src/hadoop-ozone/integration-test/target/test-dir/MiniOzoneClusterImpl-1994f8b8-dd4d-445c-bf25-0c6d40f9b14d/datanode-0/data/ratis/99d0acb8-99ce-4814-8259-30b6692cd68c/current/log_6271-6343
2019-06-14 08:43:14,547 INFO  client.GrpcClientProtocolClient (GrpcClientProtocolClient.java:onNext(254)) - client-2EC808601240->374189d0-76c5-49d2-81b4-45a4af1368a2: receive RaftClientReply:client-2EC808601240->374189d0-76c5-49d2-81b4-45a4af1368a2@group-30B6692CD68C, cid=3831, SUCCESS, logIndex=6343, commits[374189d0-76c5-49d2-81b4-45a4af1368a2:c6343]
2019-06-14 08:43:14,582 INFO  storage.RaftLogWorker (RaftLogWorker.java:execute(469)) - 374189d0-76c5-49d2-81b4-45a4af1368a2-RaftLogWorker: created new log segment /opt/src/hadoop-ozone/integration-test/target/test-dir/MiniOzoneClusterImpl-1994f8b8-dd4d-445c-bf25-0c6d40f9b14d/datanode-0/data/ratis/99d0acb8-99ce-4814-8259-30b6692cd68c/current/log_inprogress_6344
2019-06-14 08:43:14,583 INFO  client.GrpcClientProtocolClient (GrpcClientProtocolClient.java:onNext(254)) - client-2EC808601240->374189d0-76c5-49d2-81b4-45a4af1368a2: receive RaftClientReply:client-2EC808601240->374189d0-76c5-49d2-81b4-45a4af1368a2@group-30B6692CD68C, cid=3832, SUCCESS, logIndex=6344, commits[374189d0-76c5-49d2-81b4-45a4af1368a2:c6346]
2019-06-14 08:43:14,593 INFO  client.GrpcClientProtocolClient (GrpcClientProtocolClient.java:onNext(254)) - client-2EC808601240->374189d0-76c5-49d2-81b4-45a4af1368a2: receive RaftClientReply:client-2EC808601240->374189d0-76c5-49d2-81b4-45a4af1368a2@group-30B6692CD68C, cid=3833, SUCCESS, logIndex=6347, commits[374189d0-76c5-49d2-81b4-45a4af1368a2:c6347]
2019-06-14 08:43:14,594 INFO  client.GrpcClientProtocolClient (GrpcClientProtocolClient.java:onNext(254)) - client-2EC808601240->374189d0-76c5-49d2-81b4-45a4af1368a2: receive RaftClientReply:client-2EC808601240->374189d0-76c5-49d2-81b4-45a4af1368a2@group-30B6692CD68C, cid=3834, SUCCESS, logIndex=6349, commits[374189d0-76c5-49d2-81b4-45a4af1368a2:c6349]
2019-06-14 08:43:14,596 INFO  client.GrpcClientProtocolClient (GrpcClientProtocolClient.java:onNext(254)) - client-2EC808601240->374189d0-76c5-49d2-81b4-45a4af1368a2: receive RaftClientReply:client-2EC808601240->374189d0-76c5-49d2-81b4-45a4af1368a2@group-30B6692CD68C, cid=3835, SUCCESS, logIndex=6350, commits[374189d0-76c5-49d2-81b4-45a4af1368a2:c6352]
2019-06-14 08:43:14,596 INFO  client.GrpcClientProtocolClient (GrpcClientProtocolClient.java:onNext(254)) - client-2EC808601240->374189d0-76c5-49d2-81b4-45a4af1368a2: receive RaftClientReply:client-2EC808601240->374189d0-76c5-49d2-81b4-45a4af1368a2@group-30B6692CD68C, cid=3836, SUCCESS, logIndex=6351, commits[374189d0-76c5-49d2-81b4-45a4af1368a2:c6352]
2019-06-14 08:43:14,601 INFO  client.GrpcClientProtocolClient (GrpcClientProtocolClient.java:onNext(254)) - client-2EC808601240->374189d0-76c5-49d2-81b4-45a4af1368a2: receive RaftClientReply:client-2EC808601240->374189d0-76c5-49d2-81b4-45a4af1368a2@group-30B6692CD68C, cid=3837, SUCCESS, logIndex=6353, commits[374189d0-76c5-49d2-81b4-45a4af1368a2:c6353]
2019-06-14 08:43:14,603 INFO  client.GrpcClientProtocolClient (GrpcClientProtocolClient.java:onNext(254)) - client-2EC808601240->374189d0-76c5-49d2-81b4-45a4af1368a2: receive RaftClientReply:client-2EC808601240->374189d0-76c5-49d2-81b4-45a4af1368a2@group-30B6692CD68C, cid=3838, SUCCESS, logIndex=6355, commits[374189d0-76c5-49d2-81b4-45a4af1368a2:c6358]
2019-06-14 08:43:14,607 INFO  client.GrpcClientProtocolClient (GrpcClientProtocolClient.java:onNext(254)) - client-2EC808601240->374189d0-76c5-49d2-81b4-45a4af1368a2: receive RaftClientReply:client-2EC808601240->374189d0-76c5-49d2-81b4-45a4af1368a2@group-30B6692CD68C, cid=3839, SUCCESS, logIndex=6356, commits[374189d0-76c5-49d2-81b4-45a4af1368a2:c6358]
2019-06-14 08:43:14,607 INFO  client.GrpcClientProtocolClient (GrpcClientProtocolClient.java:onNext(254)) - client-2EC808601240->374189d0-76c5-49d2-81b4-45a4af1368a2: receive RaftClientReply:client-2EC808601240->374189d0-76c5-49d2-81b4-45a4af1368a2@group-30B6692CD68C, cid=3840, SUCCESS, logIndex=6357, commits[374189d0-76c5-49d2-81b4-45a4af1368a2:c6358]
2019-06-14 08:43:14,620 INFO  client.GrpcClientProtocolClient (GrpcClientProtocolClient.java:onNext(254)) - client-2EC808601240->374189d0-76c5-49d2-81b4-45a4af1368a2: receive RaftClientReply:client-2EC808601240->374189d0-76c5-49d2-81b4-45a4af1368a2@group-30B6692CD68C, cid=3841, SUCCESS, logIndex=6359, commits[374189d0-76c5-49d2-81b4-45a4af1368a2:c6359]
2019-06-14 08:43:14,622 INFO  client.GrpcClientProtocolClient (GrpcClientProtocolClient.java:onNext(254)) - client-2EC808601240->374189d0-76c5-49d2-81b4-45a4af1368a2: receive RaftClientReply:client-2EC808601240->374189d0-76c5-49d2-81b4-45a4af1368a2@group-30B6692CD68C, cid=3842, SUCCESS, logIndex=6361, commits[374189d0-76c5-49d2-81b4-45a4af1368a2:c6361]
2019-06-14 08:43:14,623 INFO  client.GrpcClientProtocolClient (GrpcClientProtocolClient.java:onNext(254)) - client-2EC808601240->374189d0-76c5-49d2-81b4-45a4af1368a2: receive RaftClientReply:client-2EC808601240->374189d0-76c5-49d2-81b4-45a4af1368a2@group-30B6692CD68C, cid=3843, SUCCESS, logIndex=6362, commits[374189d0-76c5-49d2-81b4-45a4af1368a2:c6363]
2019-06-14 08:43:14,623 INFO  client.GrpcClientProtocolClient (GrpcClientProtocolClient.java:onNext(254)) - client-2EC808601240->374189d0-76c5-49d2-81b4-45a4af1368a2: receive RaftClientReply:client-2EC808601240->374189d0-76c5-49d2-81b4-45a4af1368a2@group-30B6692CD68C, cid=3844, SUCCESS, logIndex=6363, commits[374189d0-76c5-49d2-81b4-45a4af1368a2:c6363]
2019-06-14 08:43:14,628 INFO  client.GrpcClientProtocolClient (GrpcClientProtocolClient.java:onNext(254)) - client-2EC808601240->374189d0-76c5-49d2-81b4-45a4af1368a2: receive RaftClientReply:client-2EC808601240->374189d0-76c5-49d2-81b4-45a4af1368a2@group-30B6692CD68C, cid=3845, SUCCESS, logIndex=6366, commits[374189d0-76c5-49d2-81b4-45a4af1368a2:c6366]
2019-06-14 08:43:14,628 INFO  client.GrpcClientProtocolClient (GrpcClientProtocolClient.java:onNext(254)) - client-2EC808601240->374189d0-76c5-49d2-81b4-45a4af1368a2: receive RaftClientReply:client-2EC808601240->374189d0-76c5-49d2-81b4-45a4af1368a2@group-30B6692CD68C, cid=3846, SUCCESS, logIndex=6368, commits[374189d0-76c5-49d2-81b4-45a4af1368a2:c6368]
2019-06-14 08:43:14,632 DEBUG block.SCMBlockDeletingService (SCMBlockDeletingService.java:call(138)) - Running DeletedBlockTransactionScanner
2019-06-14 08:43:14,633 DEBUG block.SCMBlockDeletingService (SCMBlockDeletingService.java:call(155)) - Scanned deleted blocks log and got 0 delTX to process.
2019-06-14 08:43:14,697 INFO  client.GrpcClientProtocolClient (GrpcClientProtocolClient.java:onNext(254)) - client-2EC808601240->374189d0-76c5-49d2-81b4-45a4af1368a2: receive RaftClientReply:client-2EC808601240->374189d0-76c5-49d2-81b4-45a4af1368a2@group-30B6692CD68C, cid=3847, SUCCESS, logIndex=6370, commits[374189d0-76c5-49d2-81b4-45a4af1368a2:c6370]
2019-06-14 08:43:14,698 INFO  client.GrpcClientProtocolClient (GrpcClientProtocolClient.java:onNext(254)) - client-2EC808601240->374189d0-76c5-49d2-81b4-45a4af1368a2: receive RaftClientReply:client-2EC808601240->374189d0-76c5-49d2-81b4-45a4af1368a2@group-30B6692CD68C, cid=3848, SUCCESS, logIndex=6372, commits[374189d0-76c5-49d2-81b4-45a4af1368a2:c6372]
2019-06-14 08:43:14,747 DEBUG block.SCMBlockDeletingService (SCMBlockDeletingService.java:call(138)) - Running DeletedBlockTransactionScanner
2019-06-14 08:43:14,747 DEBUG block.SCMBlockDeletingService (SCMBlockDeletingService.java:call(155)) - Scanned deleted blocks log and got 0 delTX to process.
2019-06-14 08:43:14,763 INFO  client.GrpcClientProtocolClient (GrpcClientProtocolClient.java:onNext(254)) - client-2EC808601240->374189d0-76c5-49d2-81b4-45a4af1368a2: receive RaftClientReply:client-2EC808601240->374189d0-76c5-49d2-81b4-45a4af1368a2@group-30B6692CD68C, cid=3849, SUCCESS, logIndex=6374, commits[374189d0-76c5-49d2-81b4-45a4af1368a2:c6374]
2019-06-14 08:43:14,771 INFO  client.GrpcClientProtocolClient (GrpcClientProtocolClient.java:onNext(254)) - client-2EC808601240->374189d0-76c5-49d2-81b4-45a4af1368a2: receive RaftClientReply:client-2EC808601240->374189d0-76c5-49d2-81b4-45a4af1368a2@group-30B6692CD68C, cid=3850, SUCCESS, logIndex=6376, commits[374189d0-76c5-49d2-81b4-45a4af1368a2:c6376]
2019-06-14 08:43:14,774 INFO  client.GrpcClientProtocolClient (GrpcClientProtocolClient.java:onNext(254)) - client-2EC808601240->374189d0-76c5-49d2-81b4-45a4af1368a2: receive RaftClientReply:client-2EC808601240->374189d0-76c5-49d2-81b4-45a4af1368a2@group-30B6692CD68C, cid=3851, SUCCESS, logIndex=6377, commits[374189d0-76c5-49d2-81b4-45a4af1368a2:c6378]
2019-06-14 08:43:14,774 INFO  client.GrpcClientProtocolClient (GrpcClientProtocolClient.java:onNext(254)) - client-2EC808601240->374189d0-76c5-49d2-81b4-45a4af1368a2: receive RaftClientReply:client-2EC808601240->374189d0-76c5-49d2-81b4-45a4af1368a2@group-30B6692CD68C, cid=3852, SUCCESS, logIndex=6379, commits[374189d0-76c5-49d2-81b4-45a4af1368a2:c6379]
2019-06-14 08:43:14,783 INFO  client.GrpcClientProtocolClient (GrpcClientProtocolClient.java:onNext(254)) - client-2EC808601240->374189d0-76c5-49d2-81b4-45a4af1368a2: receive RaftClientReply:client-2EC808601240->374189d0-76c5-49d2-81b4-45a4af1368a2@group-30B6692CD68C, cid=3853, SUCCESS, logIndex=6381, commits[374189d0-76c5-49d2-81b4-45a4af1368a2:c6381]
2019-06-14 08:43:14,785 INFO  client.GrpcClientProtocolClient (GrpcClientProtocolClient.java:onNext(254)) - client-2EC808601240->374189d0-76c5-49d2-81b4-45a4af1368a2: receive RaftClientReply:client-2EC808601240->374189d0-76c5-49d2-81b4-45a4af1368a2@group-30B6692CD68C, cid=3854, SUCCESS, logIndex=6383, commits[374189d0-76c5-49d2-81b4-45a4af1368a2:c6383]
2019-06-14 08:43:14,786 INFO  client.GrpcClientProtocolClient (GrpcClientProtocolClient.java:onNext(254)) - client-2EC808601240->374189d0-76c5-49d2-81b4-45a4af1368a2: receive RaftClientReply:client-2EC808601240->374189d0-76c5-49d2-81b4-45a4af1368a2@group-30B6692CD68C, cid=3855, SUCCESS, logIndex=6384, commits[374189d0-76c5-49d2-81b4-45a4af1368a2:c6384]
2019-06-14 08:43:14,787 INFO  client.GrpcClientProtocolClient (GrpcClientProtocolClient.java:onNext(254)) - client-2EC808601240->374189d0-76c5-49d2-81b4-45a4af1368a2: receive RaftClientReply:client-2EC808601240->374189d0-76c5-49d2-81b4-45a4af1368a2@group-30B6692CD68C, cid=3856, SUCCESS, logIndex=6386, commits[374189d0-76c5-49d2-81b4-45a4af1368a2:c6387]
2019-06-14 08:43:14,801 INFO  client.GrpcClientProtocolClient (GrpcClientProtocolClient.java:onNext(254)) - client-2EC808601240->374189d0-76c5-49d2-81b4-45a4af1368a2: receive RaftClientReply:client-2EC808601240->374189d0-76c5-49d2-81b4-45a4af1368a2@group-30B6692CD68C, cid=3857, SUCCESS, logIndex=6388, commits[374189d0-76c5-49d2-81b4-45a4af1368a2:c6388]
2019-06-14 08:43:14,806 INFO  client.GrpcClientProtocolClient (GrpcClientProtocolClient.java:onNext(254)) - client-2EC808601240->374189d0-76c5-49d2-81b4-45a4af1368a2: receive RaftClientReply:client-2EC808601240->374189d0-76c5-49d2-81b4-45a4af1368a2@group-30B6692CD68C, cid=3858, SUCCESS, logIndex=6390, commits[374189d0-76c5-49d2-81b4-45a4af1368a2:c6390]
2019-06-14 08:43:14,807 INFO  client.GrpcClientProtocolClient (GrpcClientProtocolClient.java:onNext(254)) - client-2EC808601240->374189d0-76c5-49d2-81b4-45a4af1368a2: receive RaftClientReply:client-2EC808601240->374189d0-76c5-49d2-81b4-45a4af1368a2@group-30B6692CD68C, cid=3859, SUCCESS, logIndex=6391, commits[374189d0-76c5-49d2-81b4-45a4af1368a2:c6392]
2019-06-14 08:43:14,811 INFO  client.GrpcClientProtocolClient (GrpcClientProtocolClient.java:onNext(254)) - client-2EC808601240->374189d0-76c5-49d2-81b4-45a4af1368a2: receive RaftClientReply:client-2EC808601240->374189d0-76c5-49d2-81b4-45a4af1368a2@group-30B6692CD68C, cid=3860, SUCCESS, logIndex=6392, commits[374189d0-76c5-49d2-81b4-45a4af1368a2:c6392]
2019-06-14 08:43:14,823 INFO  client.GrpcClientProtocolClient (GrpcClientProtocolClient.java:onNext(254)) - client-2EC808601240->374189d0-76c5-49d2-81b4-45a4af1368a2: receive RaftClientReply:client-2EC808601240->374189d0-76c5-49d2-81b4-45a4af1368a2@group-30B6692CD68C, cid=3861, SUCCESS, logIndex=6395, commits[374189d0-76c5-49d2-81b4-45a4af1368a2:c6396]
2019-06-14 08:43:14,835 INFO  client.GrpcClientProtocolClient (GrpcClientProtocolClient.java:onNext(254)) - client-2EC808601240->374189d0-76c5-49d2-81b4-45a4af1368a2: receive RaftClientReply:client-2EC808601240->374189d0-76c5-49d2-81b4-45a4af1368a2@group-30B6692CD68C, cid=3862, SUCCESS, logIndex=6397, commits[374189d0-76c5-49d2-81b4-45a4af1368a2:c6402]
2019-06-14 08:43:14,835 INFO  client.GrpcClientProtocolClient (GrpcClientProtocolClient.java:onNext(254)) - client-2EC808601240->374189d0-76c5-49d2-81b4-45a4af1368a2: receive RaftClientReply:client-2EC808601240->374189d0-76c5-49d2-81b4-45a4af1368a2@group-30B6692CD68C, cid=3863, SUCCESS, logIndex=6398, commits[374189d0-76c5-49d2-81b4-45a4af1368a2:c6402]
2019-06-14 08:43:14,835 INFO  client.GrpcClientProtocolClient (GrpcClientProtocolClient.java:onNext(254)) - client-2EC808601240->374189d0-76c5-49d2-81b4-45a4af1368a2: receive RaftClientReply:client-2EC808601240->374189d0-76c5-49d2-81b4-45a4af1368a2@group-30B6692CD68C, cid=3864, SUCCESS, logIndex=6400, commits[374189d0-76c5-49d2-81b4-45a4af1368a2:c6402]
2019-06-14 08:43:14,847 DEBUG block.SCMBlockDeletingService (SCMBlockDeletingService.java:call(138)) - Running DeletedBlockTransactionScanner
2019-06-14 08:43:14,848 DEBUG block.SCMBlockDeletingService (SCMBlockDeletingService.java:call(155)) - Scanned deleted blocks log and got 0 delTX to process.
2019-06-14 08:43:14,848 INFO  client.GrpcClientProtocolClient (GrpcClientProtocolClient.java:onNext(254)) - client-2EC808601240->374189d0-76c5-49d2-81b4-45a4af1368a2: receive RaftClientReply:client-2EC808601240->374189d0-76c5-49d2-81b4-45a4af1368a2@group-30B6692CD68C, cid=3865, SUCCESS, logIndex=6403, commits[374189d0-76c5-49d2-81b4-45a4af1368a2:c6403]
2019-06-14 08:43:14,849 INFO  client.GrpcClientProtocolClient (GrpcClientProtocolClient.java:onNext(254)) - client-2EC808601240->374189d0-76c5-49d2-81b4-45a4af1368a2: receive RaftClientReply:client-2EC808601240->374189d0-76c5-49d2-81b4-45a4af1368a2@group-30B6692CD68C, cid=3866, SUCCESS, logIndex=6405, commits[374189d0-76c5-49d2-81b4-45a4af1368a2:c6405]
2019-06-14 08:43:14,855 INFO  client.GrpcClientProtocolClient (GrpcClientProtocolClient.java:onNext(254)) - client-2EC808601240->374189d0-76c5-49d2-81b4-45a4af1368a2: receive RaftClientReply:client-2EC808601240->374189d0-76c5-49d2-81b4-45a4af1368a2@group-30B6692CD68C, cid=3867, SUCCESS, logIndex=6406, commits[374189d0-76c5-49d2-81b4-45a4af1368a2:c6408]
2019-06-14 08:43:14,855 INFO  client.GrpcClientProtocolClient (GrpcClientProtocolClient.java:onNext(254)) - client-2EC808601240->374189d0-76c5-49d2-81b4-45a4af1368a2: receive RaftClientReply:client-2EC808601240->374189d0-76c5-49d2-81b4-45a4af1368a2@group-30B6692CD68C, cid=3868, SUCCESS, logIndex=6408, commits[374189d0-76c5-49d2-81b4-45a4af1368a2:c6409]
2019-06-14 08:43:14,863 INFO  client.GrpcClientProtocolClient (GrpcClientProtocolClient.java:onNext(254)) - client-2EC808601240->374189d0-76c5-49d2-81b4-45a4af1368a2: receive RaftClientReply:client-2EC808601240->374189d0-76c5-49d2-81b4-45a4af1368a2@group-30B6692CD68C, cid=3869, SUCCESS, logIndex=6410, commits[374189d0-76c5-49d2-81b4-45a4af1368a2:c6410]
2019-06-14 08:43:14,864 INFO  client.GrpcClientProtocolClient (GrpcClientProtocolClient.java:onNext(254)) - client-2EC808601240->374189d0-76c5-49d2-81b4-45a4af1368a2: receive RaftClientReply:client-2EC808601240->374189d0-76c5-49d2-81b4-45a4af1368a2@group-30B6692CD68C, cid=3870, SUCCESS, logIndex=6412, commits[374189d0-76c5-49d2-81b4-45a4af1368a2:c6412]
2019-06-14 08:43:14,865 INFO  client.GrpcClientProtocolClient (GrpcClientProtocolClient.java:onNext(254)) - client-2EC808601240->374189d0-76c5-49d2-81b4-45a4af1368a2: receive RaftClientReply:client-2EC808601240->374189d0-76c5-49d2-81b4-45a4af1368a2@group-30B6692CD68C, cid=3871, SUCCESS, logIndex=6413, commits[374189d0-76c5-49d2-81b4-45a4af1368a2:c6415]
2019-06-14 08:43:14,865 INFO  client.GrpcClientProtocolClient (GrpcClientProtocolClient.java:onNext(254)) - client-2EC808601240->374189d0-76c5-49d2-81b4-45a4af1368a2: receive RaftClientReply:client-2EC808601240->374189d0-76c5-49d2-81b4-45a4af1368a2@group-30B6692CD68C, cid=3872, SUCCESS, logIndex=6414, commits[374189d0-76c5-49d2-81b4-45a4af1368a2:c6415]
2019-06-14 08:43:14,877 INFO  client.GrpcClientProtocolClient (GrpcClientProtocolClient.java:onNext(254)) - client-2EC808601240->374189d0-76c5-49d2-81b4-45a4af1368a2: receive RaftClientReply:client-2EC808601240->374189d0-76c5-49d2-81b4-45a4af1368a2@group-30B6692CD68C, cid=3873, SUCCESS, logIndex=6416, commits[374189d0-76c5-49d2-81b4-45a4af1368a2:c6416]
2019-06-14 08:43:14,877 INFO  storage.RaftLogWorker (RaftLogWorker.java:rollLogSegment(303)) - 374189d0-76c5-49d2-81b4-45a4af1368a2-RaftLogWorker: Rolling segment log-6344_6418 to index:6418
2019-06-14 08:43:14,878 INFO  storage.RaftLogWorker (RaftLogWorker.java:execute(433)) - 374189d0-76c5-49d2-81b4-45a4af1368a2-RaftLogWorker: Rolled log segment from /opt/src/hadoop-ozone/integration-test/target/test-dir/MiniOzoneClusterImpl-1994f8b8-dd4d-445c-bf25-0c6d40f9b14d/datanode-0/data/ratis/99d0acb8-99ce-4814-8259-30b6692cd68c/current/log_inprogress_6344 to /opt/src/hadoop-ozone/integration-test/target/test-dir/MiniOzoneClusterImpl-1994f8b8-dd4d-445c-bf25-0c6d40f9b14d/datanode-0/data/ratis/99d0acb8-99ce-4814-8259-30b6692cd68c/current/log_6344-6418
2019-06-14 08:43:14,884 INFO  client.GrpcClientProtocolClient (GrpcClientProtocolClient.java:onNext(254)) - client-2EC808601240->374189d0-76c5-49d2-81b4-45a4af1368a2: receive RaftClientReply:client-2EC808601240->374189d0-76c5-49d2-81b4-45a4af1368a2@group-30B6692CD68C, cid=3874, SUCCESS, logIndex=6418, commits[374189d0-76c5-49d2-81b4-45a4af1368a2:c6418]
2019-06-14 08:43:14,917 INFO  storage.RaftLogWorker (RaftLogWorker.java:execute(469)) - 374189d0-76c5-49d2-81b4-45a4af1368a2-RaftLogWorker: created new log segment /opt/src/hadoop-ozone/integration-test/target/test-dir/MiniOzoneClusterImpl-1994f8b8-dd4d-445c-bf25-0c6d40f9b14d/datanode-0/data/ratis/99d0acb8-99ce-4814-8259-30b6692cd68c/current/log_inprogress_6419
2019-06-14 08:43:14,922 INFO  client.GrpcClientProtocolClient (GrpcClientProtocolClient.java:onNext(254)) - client-2EC808601240->374189d0-76c5-49d2-81b4-45a4af1368a2: receive RaftClientReply:client-2EC808601240->374189d0-76c5-49d2-81b4-45a4af1368a2@group-30B6692CD68C, cid=3875, SUCCESS, logIndex=6419, commits[374189d0-76c5-49d2-81b4-45a4af1368a2:c6421]
2019-06-14 08:43:14,923 INFO  client.GrpcClientProtocolClient (GrpcClientProtocolClient.java:onNext(254)) - client-2EC808601240->374189d0-76c5-49d2-81b4-45a4af1368a2: receive RaftClientReply:client-2EC808601240->374189d0-76c5-49d2-81b4-45a4af1368a2@group-30B6692CD68C, cid=3876, SUCCESS, logIndex=6420, commits[374189d0-76c5-49d2-81b4-45a4af1368a2:c6421]
2019-06-14 08:43:14,930 INFO  client.GrpcClientProtocolClient (GrpcClientProtocolClient.java:onNext(254)) - client-2EC808601240->374189d0-76c5-49d2-81b4-45a4af1368a2: receive RaftClientReply:client-2EC808601240->374189d0-76c5-49d2-81b4-45a4af1368a2@group-30B6692CD68C, cid=3877, SUCCESS, logIndex=6422, commits[374189d0-76c5-49d2-81b4-45a4af1368a2:c6422]
2019-06-14 08:43:14,932 INFO  client.GrpcClientProtocolClient (GrpcClientProtocolClient.java:onNext(254)) - client-2EC808601240->374189d0-76c5-49d2-81b4-45a4af1368a2: receive RaftClientReply:client-2EC808601240->374189d0-76c5-49d2-81b4-45a4af1368a2@group-30B6692CD68C, cid=3878, SUCCESS, logIndex=6424, commits[374189d0-76c5-49d2-81b4-45a4af1368a2:c6424]
2019-06-14 08:43:14,933 INFO  client.GrpcClientProtocolClient (GrpcClientProtocolClient.java:onNext(254)) - client-2EC808601240->374189d0-76c5-49d2-81b4-45a4af1368a2: receive RaftClientReply:client-2EC808601240->374189d0-76c5-49d2-81b4-45a4af1368a2@group-30B6692CD68C, cid=3879, SUCCESS, logIndex=6425, commits[374189d0-76c5-49d2-81b4-45a4af1368a2:c6427]
2019-06-14 08:43:14,935 INFO  client.GrpcClientProtocolClient (GrpcClientProtocolClient.java:onNext(254)) - client-2EC808601240->374189d0-76c5-49d2-81b4-45a4af1368a2: receive RaftClientReply:client-2EC808601240->374189d0-76c5-49d2-81b4-45a4af1368a2@group-30B6692CD68C, cid=3880, SUCCESS, logIndex=6426, commits[374189d0-76c5-49d2-81b4-45a4af1368a2:c6427]
2019-06-14 08:43:14,947 INFO  client.GrpcClientProtocolClient (GrpcClientProtocolClient.java:onNext(254)) - client-2EC808601240->374189d0-76c5-49d2-81b4-45a4af1368a2: receive RaftClientReply:client-2EC808601240->374189d0-76c5-49d2-81b4-45a4af1368a2@group-30B6692CD68C, cid=3881, SUCCESS, logIndex=6428, commits[374189d0-76c5-49d2-81b4-45a4af1368a2:c6428]
2019-06-14 08:43:14,948 DEBUG block.SCMBlockDeletingService (SCMBlockDeletingService.java:call(138)) - Running DeletedBlockTransactionScanner
2019-06-14 08:43:14,948 DEBUG block.SCMBlockDeletingService (SCMBlockDeletingService.java:call(155)) - Scanned deleted blocks log and got 0 delTX to process.
2019-06-14 08:43:14,948 INFO  client.GrpcClientProtocolClient (GrpcClientProtocolClient.java:onNext(254)) - client-2EC808601240->374189d0-76c5-49d2-81b4-45a4af1368a2: receive RaftClientReply:client-2EC808601240->374189d0-76c5-49d2-81b4-45a4af1368a2@group-30B6692CD68C, cid=3882, SUCCESS, logIndex=6430, commits[374189d0-76c5-49d2-81b4-45a4af1368a2:c6430]
2019-06-14 08:43:14,950 INFO  client.GrpcClientProtocolClient (GrpcClientProtocolClient.java:onNext(254)) - client-2EC808601240->374189d0-76c5-49d2-81b4-45a4af1368a2: receive RaftClientReply:client-2EC808601240->374189d0-76c5-49d2-81b4-45a4af1368a2@group-30B6692CD68C, cid=3883, SUCCESS, logIndex=6431, commits[374189d0-76c5-49d2-81b4-45a4af1368a2:c6433]
2019-06-14 08:43:14,950 INFO  client.GrpcClientProtocolClient (GrpcClientProtocolClient.java:onNext(254)) - client-2EC808601240->374189d0-76c5-49d2-81b4-45a4af1368a2: receive RaftClientReply:client-2EC808601240->374189d0-76c5-49d2-81b4-45a4af1368a2@group-30B6692CD68C, cid=3884, SUCCESS, logIndex=6432, commits[374189d0-76c5-49d2-81b4-45a4af1368a2:c6433]
2019-06-14 08:43:14,957 INFO  client.GrpcClientProtocolClient (GrpcClientProtocolClient.java:onNext(254)) - client-2EC808601240->374189d0-76c5-49d2-81b4-45a4af1368a2: receive RaftClientReply:client-2EC808601240->374189d0-76c5-49d2-81b4-45a4af1368a2@group-30B6692CD68C, cid=3885, SUCCESS, logIndex=6434, commits[374189d0-76c5-49d2-81b4-45a4af1368a2:c6434]
2019-06-14 08:43:14,963 INFO  client.GrpcClientProtocolClient (GrpcClientProtocolClient.java:onNext(254)) - client-2EC808601240->374189d0-76c5-49d2-81b4-45a4af1368a2: receive RaftClientReply:client-2EC808601240->374189d0-76c5-49d2-81b4-45a4af1368a2@group-30B6692CD68C, cid=3886, SUCCESS, logIndex=6436, commits[374189d0-76c5-49d2-81b4-45a4af1368a2:c6437]
2019-06-14 08:43:14,963 INFO  client.GrpcClientProtocolClient (GrpcClientProtocolClient.java:onNext(254)) - client-2EC808601240->374189d0-76c5-49d2-81b4-45a4af1368a2: receive RaftClientReply:client-2EC808601240->374189d0-76c5-49d2-81b4-45a4af1368a2@group-30B6692CD68C, cid=3887, SUCCESS, logIndex=6437, commits[374189d0-76c5-49d2-81b4-45a4af1368a2:c6438]
2019-06-14 08:43:14,964 INFO  client.GrpcClientProtocolClient (GrpcClientProtocolClient.java:onNext(254)) - client-2EC808601240->374189d0-76c5-49d2-81b4-45a4af1368a2: receive RaftClientReply:client-2EC808601240->374189d0-76c5-49d2-81b4-45a4af1368a2@group-30B6692CD68C, cid=3888, SUCCESS, logIndex=6439, commits[374189d0-76c5-49d2-81b4-45a4af1368a2:c6439]
2019-06-14 08:43:14,976 INFO  client.GrpcClientProtocolClient (GrpcClientProtocolClient.java:onNext(254)) - client-2EC808601240->374189d0-76c5-49d2-81b4-45a4af1368a2: receive RaftClientReply:client-2EC808601240->374189d0-76c5-49d2-81b4-45a4af1368a2@group-30B6692CD68C, cid=3889, SUCCESS, logIndex=6441, commits[374189d0-76c5-49d2-81b4-45a4af1368a2:c6441]
2019-06-14 08:43:14,978 INFO  client.GrpcClientProtocolClient (GrpcClientProtocolClient.java:onNext(254)) - client-2EC808601240->374189d0-76c5-49d2-81b4-45a4af1368a2: receive RaftClientReply:client-2EC808601240->374189d0-76c5-49d2-81b4-45a4af1368a2@group-30B6692CD68C, cid=3890, SUCCESS, logIndex=6443, commits[374189d0-76c5-49d2-81b4-45a4af1368a2:c6443]
2019-06-14 08:43:15,048 DEBUG block.SCMBlockDeletingService (SCMBlockDeletingService.java:call(138)) - Running DeletedBlockTransactionScanner
2019-06-14 08:43:15,049 DEBUG block.SCMBlockDeletingService (SCMBlockDeletingService.java:call(155)) - Scanned deleted blocks log and got 0 delTX to process.
2019-06-14 08:43:15,057 INFO  client.GrpcClientProtocolClient (GrpcClientProtocolClient.java:onNext(254)) - client-2EC808601240->374189d0-76c5-49d2-81b4-45a4af1368a2: receive RaftClientReply:client-2EC808601240->374189d0-76c5-49d2-81b4-45a4af1368a2@group-30B6692CD68C, cid=3891, SUCCESS, logIndex=6445, commits[374189d0-76c5-49d2-81b4-45a4af1368a2:c6445]
2019-06-14 08:43:15,059 INFO  client.GrpcClientProtocolClient (GrpcClientProtocolClient.java:onNext(254)) - client-2EC808601240->374189d0-76c5-49d2-81b4-45a4af1368a2: receive RaftClientReply:client-2EC808601240->374189d0-76c5-49d2-81b4-45a4af1368a2@group-30B6692CD68C, cid=3892, SUCCESS, logIndex=6447, commits[374189d0-76c5-49d2-81b4-45a4af1368a2:c6447]
2019-06-14 08:43:15,064 INFO  client.GrpcClientProtocolClient (GrpcClientProtocolClient.java:onNext(254)) - client-2EC808601240->374189d0-76c5-49d2-81b4-45a4af1368a2: receive RaftClientReply:client-2EC808601240->374189d0-76c5-49d2-81b4-45a4af1368a2@group-30B6692CD68C, cid=3893, SUCCESS, logIndex=6449, commits[374189d0-76c5-49d2-81b4-45a4af1368a2:c6449]
2019-06-14 08:43:15,065 INFO  client.GrpcClientProtocolClient (GrpcClientProtocolClient.java:onNext(254)) - client-2EC808601240->374189d0-76c5-49d2-81b4-45a4af1368a2: receive RaftClientReply:client-2EC808601240->374189d0-76c5-49d2-81b4-45a4af1368a2@group-30B6692CD68C, cid=3894, SUCCESS, logIndex=6451, commits[374189d0-76c5-49d2-81b4-45a4af1368a2:c6451]
2019-06-14 08:43:15,067 INFO  client.GrpcClientProtocolClient (GrpcClientProtocolClient.java:onNext(254)) - client-2EC808601240->374189d0-76c5-49d2-81b4-45a4af1368a2: receive RaftClientReply:client-2EC808601240->374189d0-76c5-49d2-81b4-45a4af1368a2@group-30B6692CD68C, cid=3895, SUCCESS, logIndex=6452, commits[374189d0-76c5-49d2-81b4-45a4af1368a2:c6454]
2019-06-14 08:43:15,067 INFO  client.GrpcClientProtocolClient (GrpcClientProtocolClient.java:onNext(254)) - client-2EC808601240->374189d0-76c5-49d2-81b4-45a4af1368a2: receive RaftClientReply:client-2EC808601240->374189d0-76c5-49d2-81b4-45a4af1368a2@group-30B6692CD68C, cid=3896, SUCCESS, logIndex=6453, commits[374189d0-76c5-49d2-81b4-45a4af1368a2:c6454]
2019-06-14 08:43:15,079 INFO  client.GrpcClientProtocolClient (GrpcClientProtocolClient.java:onNext(254)) - client-2EC808601240->374189d0-76c5-49d2-81b4-45a4af1368a2: receive RaftClientReply:client-2EC808601240->374189d0-76c5-49d2-81b4-45a4af1368a2@group-30B6692CD68C, cid=3897, SUCCESS, logIndex=6455, commits[374189d0-76c5-49d2-81b4-45a4af1368a2:c6455]
2019-06-14 08:43:15,080 INFO  client.GrpcClientProtocolClient (GrpcClientProtocolClient.java:onNext(254)) - client-2EC808601240->374189d0-76c5-49d2-81b4-45a4af1368a2: receive RaftClientReply:client-2EC808601240->374189d0-76c5-49d2-81b4-45a4af1368a2@group-30B6692CD68C, cid=3898, SUCCESS, logIndex=6457, commits[374189d0-76c5-49d2-81b4-45a4af1368a2:c6457]
2019-06-14 08:43:15,081 INFO  client.GrpcClientProtocolClient (GrpcClientProtocolClient.java:onNext(254)) - client-2EC808601240->374189d0-76c5-49d2-81b4-45a4af1368a2: receive RaftClientReply:client-2EC808601240->374189d0-76c5-49d2-81b4-45a4af1368a2@group-30B6692CD68C, cid=3899, SUCCESS, logIndex=6458, commits[374189d0-76c5-49d2-81b4-45a4af1368a2:c6460]
2019-06-14 08:43:15,081 INFO  client.GrpcClientProtocolClient (GrpcClientProtocolClient.java:onNext(254)) - client-2EC808601240->374189d0-76c5-49d2-81b4-45a4af1368a2: receive RaftClientReply:client-2EC808601240->374189d0-76c5-49d2-81b4-45a4af1368a2@group-30B6692CD68C, cid=3900, SUCCESS, logIndex=6459, commits[374189d0-76c5-49d2-81b4-45a4af1368a2:c6460]
2019-06-14 08:43:15,087 INFO  client.GrpcClientProtocolClient (GrpcClientProtocolClient.java:onNext(254)) - client-2EC808601240->374189d0-76c5-49d2-81b4-45a4af1368a2: receive RaftClientReply:client-2EC808601240->374189d0-76c5-49d2-81b4-45a4af1368a2@group-30B6692CD68C, cid=3901, SUCCESS, logIndex=6461, commits[374189d0-76c5-49d2-81b4-45a4af1368a2:c6462]
2019-06-14 08:43:15,088 INFO  client.GrpcClientProtocolClient (GrpcClientProtocolClient.java:onNext(254)) - client-2EC808601240->374189d0-76c5-49d2-81b4-45a4af1368a2: receive RaftClientReply:client-2EC808601240->374189d0-76c5-49d2-81b4-45a4af1368a2@group-30B6692CD68C, cid=3902, SUCCESS, logIndex=6463, commits[374189d0-76c5-49d2-81b4-45a4af1368a2:c6463]
2019-06-14 08:43:15,090 INFO  client.GrpcClientProtocolClient (GrpcClientProtocolClient.java:onNext(254)) - client-2EC808601240->374189d0-76c5-49d2-81b4-45a4af1368a2: receive RaftClientReply:client-2EC808601240->374189d0-76c5-49d2-81b4-45a4af1368a2@group-30B6692CD68C, cid=3903, SUCCESS, logIndex=6465, commits[374189d0-76c5-49d2-81b4-45a4af1368a2:c6466]
2019-06-14 08:43:15,091 INFO  client.GrpcClientProtocolClient (GrpcClientProtocolClient.java:onNext(254)) - client-2EC808601240->374189d0-76c5-49d2-81b4-45a4af1368a2: receive RaftClientReply:client-2EC808601240->374189d0-76c5-49d2-81b4-45a4af1368a2@group-30B6692CD68C, cid=3904, SUCCESS, logIndex=6466, commits[374189d0-76c5-49d2-81b4-45a4af1368a2:c6466]
2019-06-14 08:43:15,103 INFO  client.GrpcClientProtocolClient (GrpcClientProtocolClient.java:onNext(254)) - client-2EC808601240->374189d0-76c5-49d2-81b4-45a4af1368a2: receive RaftClientReply:client-2EC808601240->374189d0-76c5-49d2-81b4-45a4af1368a2@group-30B6692CD68C, cid=3905, SUCCESS, logIndex=6468, commits[374189d0-76c5-49d2-81b4-45a4af1368a2:c6468]
2019-06-14 08:43:15,105 INFO  client.GrpcClientProtocolClient (GrpcClientProtocolClient.java:onNext(254)) - client-2EC808601240->374189d0-76c5-49d2-81b4-45a4af1368a2: receive RaftClientReply:client-2EC808601240->374189d0-76c5-49d2-81b4-45a4af1368a2@group-30B6692CD68C, cid=3906, SUCCESS, logIndex=6470, commits[374189d0-76c5-49d2-81b4-45a4af1368a2:c6470]
2019-06-14 08:43:15,105 INFO  client.GrpcClientProtocolClient (GrpcClientProtocolClient.java:onNext(254)) - client-2EC808601240->374189d0-76c5-49d2-81b4-45a4af1368a2: receive RaftClientReply:client-2EC808601240->374189d0-76c5-49d2-81b4-45a4af1368a2@group-30B6692CD68C, cid=3907, SUCCESS, logIndex=6471, commits[374189d0-76c5-49d2-81b4-45a4af1368a2:c6473]
2019-06-14 08:43:15,107 INFO  client.GrpcClientProtocolClient (GrpcClientProtocolClient.java:onNext(254)) - client-2EC808601240->374189d0-76c5-49d2-81b4-45a4af1368a2: receive RaftClientReply:client-2EC808601240->374189d0-76c5-49d2-81b4-45a4af1368a2@group-30B6692CD68C, cid=3908, SUCCESS, logIndex=6472, commits[374189d0-76c5-49d2-81b4-45a4af1368a2:c6473]
2019-06-14 08:43:15,119 INFO  client.GrpcClientProtocolClient (GrpcClientProtocolClient.java:onNext(254)) - client-2EC808601240->374189d0-76c5-49d2-81b4-45a4af1368a2: receive RaftClientReply:client-2EC808601240->374189d0-76c5-49d2-81b4-45a4af1368a2@group-30B6692CD68C, cid=3909, SUCCESS, logIndex=6474, commits[374189d0-76c5-49d2-81b4-45a4af1368a2:c6474]
2019-06-14 08:43:15,123 INFO  client.GrpcClientProtocolClient (GrpcClientProtocolClient.java:onNext(254)) - client-2EC808601240->374189d0-76c5-49d2-81b4-45a4af1368a2: receive RaftClientReply:client-2EC808601240->374189d0-76c5-49d2-81b4-45a4af1368a2@group-30B6692CD68C, cid=3910, SUCCESS, logIndex=6476, commits[374189d0-76c5-49d2-81b4-45a4af1368a2:c6476]
2019-06-14 08:43:15,127 INFO  client.GrpcClientProtocolClient (GrpcClientProtocolClient.java:onNext(254)) - client-2EC808601240->374189d0-76c5-49d2-81b4-45a4af1368a2: receive RaftClientReply:client-2EC808601240->374189d0-76c5-49d2-81b4-45a4af1368a2@group-30B6692CD68C, cid=3911, SUCCESS, logIndex=6477, commits[374189d0-76c5-49d2-81b4-45a4af1368a2:c6479]
2019-06-14 08:43:15,134 INFO  client.GrpcClientProtocolClient (GrpcClientProtocolClient.java:onNext(254)) - client-2EC808601240->374189d0-76c5-49d2-81b4-45a4af1368a2: receive RaftClientReply:client-2EC808601240->374189d0-76c5-49d2-81b4-45a4af1368a2@group-30B6692CD68C, cid=3912, SUCCESS, logIndex=6478, commits[374189d0-76c5-49d2-81b4-45a4af1368a2:c6479]
2019-06-14 08:43:15,147 INFO  client.GrpcClientProtocolClient (GrpcClientProtocolClient.java:onNext(254)) - client-2EC808601240->374189d0-76c5-49d2-81b4-45a4af1368a2: receive RaftClientReply:client-2EC808601240->374189d0-76c5-49d2-81b4-45a4af1368a2@group-30B6692CD68C, cid=3913, SUCCESS, logIndex=6480, commits[374189d0-76c5-49d2-81b4-45a4af1368a2:c6481]
2019-06-14 08:43:15,149 DEBUG block.SCMBlockDeletingService (SCMBlockDeletingService.java:call(138)) - Running DeletedBlockTransactionScanner
2019-06-14 08:43:15,149 DEBUG block.SCMBlockDeletingService (SCMBlockDeletingService.java:call(155)) - Scanned deleted blocks log and got 0 delTX to process.
2019-06-14 08:43:15,157 INFO  client.GrpcClientProtocolClient (GrpcClientProtocolClient.java:onNext(254)) - client-2EC808601240->374189d0-76c5-49d2-81b4-45a4af1368a2: receive RaftClientReply:client-2EC808601240->374189d0-76c5-49d2-81b4-45a4af1368a2@group-30B6692CD68C, cid=3914, SUCCESS, logIndex=6482, commits[374189d0-76c5-49d2-81b4-45a4af1368a2:c6482]
2019-06-14 08:43:15,163 INFO  client.GrpcClientProtocolClient (GrpcClientProtocolClient.java:onNext(254)) - client-2EC808601240->374189d0-76c5-49d2-81b4-45a4af1368a2: receive RaftClientReply:client-2EC808601240->374189d0-76c5-49d2-81b4-45a4af1368a2@group-30B6692CD68C, cid=3915, SUCCESS, logIndex=6483, commits[374189d0-76c5-49d2-81b4-45a4af1368a2:c6485]
2019-06-14 08:43:15,163 INFO  client.GrpcClientProtocolClient (GrpcClientProtocolClient.java:onNext(254)) - client-2EC808601240->374189d0-76c5-49d2-81b4-45a4af1368a2: receive RaftClientReply:client-2EC808601240->374189d0-76c5-49d2-81b4-45a4af1368a2@group-30B6692CD68C, cid=3916, SUCCESS, logIndex=6484, commits[374189d0-76c5-49d2-81b4-45a4af1368a2:c6485]
2019-06-14 08:43:15,169 INFO  client.GrpcClientProtocolClient (GrpcClientProtocolClient.java:onNext(254)) - client-2EC808601240->374189d0-76c5-49d2-81b4-45a4af1368a2: receive RaftClientReply:client-2EC808601240->374189d0-76c5-49d2-81b4-45a4af1368a2@group-30B6692CD68C, cid=3917, SUCCESS, logIndex=6486, commits[374189d0-76c5-49d2-81b4-45a4af1368a2:c6486]
2019-06-14 08:43:15,169 INFO  storage.RaftLogWorker (RaftLogWorker.java:rollLogSegment(303)) - 374189d0-76c5-49d2-81b4-45a4af1368a2-RaftLogWorker: Rolling segment log-6419_6487 to index:6487
2019-06-14 08:43:15,171 INFO  storage.RaftLogWorker (RaftLogWorker.java:execute(433)) - 374189d0-76c5-49d2-81b4-45a4af1368a2-RaftLogWorker: Rolled log segment from /opt/src/hadoop-ozone/integration-test/target/test-dir/MiniOzoneClusterImpl-1994f8b8-dd4d-445c-bf25-0c6d40f9b14d/datanode-0/data/ratis/99d0acb8-99ce-4814-8259-30b6692cd68c/current/log_inprogress_6419 to /opt/src/hadoop-ozone/integration-test/target/test-dir/MiniOzoneClusterImpl-1994f8b8-dd4d-445c-bf25-0c6d40f9b14d/datanode-0/data/ratis/99d0acb8-99ce-4814-8259-30b6692cd68c/current/log_6419-6487
2019-06-14 08:43:15,206 INFO  storage.RaftLogWorker (RaftLogWorker.java:execute(469)) - 374189d0-76c5-49d2-81b4-45a4af1368a2-RaftLogWorker: created new log segment /opt/src/hadoop-ozone/integration-test/target/test-dir/MiniOzoneClusterImpl-1994f8b8-dd4d-445c-bf25-0c6d40f9b14d/datanode-0/data/ratis/99d0acb8-99ce-4814-8259-30b6692cd68c/current/log_inprogress_6488
2019-06-14 08:43:15,207 INFO  client.GrpcClientProtocolClient (GrpcClientProtocolClient.java:onNext(254)) - client-2EC808601240->374189d0-76c5-49d2-81b4-45a4af1368a2: receive RaftClientReply:client-2EC808601240->374189d0-76c5-49d2-81b4-45a4af1368a2@group-30B6692CD68C, cid=3918, SUCCESS, logIndex=6488, commits[374189d0-76c5-49d2-81b4-45a4af1368a2:c6490]
2019-06-14 08:43:15,208 INFO  client.GrpcClientProtocolClient (GrpcClientProtocolClient.java:onNext(254)) - client-2EC808601240->374189d0-76c5-49d2-81b4-45a4af1368a2: receive RaftClientReply:client-2EC808601240->374189d0-76c5-49d2-81b4-45a4af1368a2@group-30B6692CD68C, cid=3919, SUCCESS, logIndex=6489, commits[374189d0-76c5-49d2-81b4-45a4af1368a2:c6491]
2019-06-14 08:43:15,208 INFO  client.GrpcClientProtocolClient (GrpcClientProtocolClient.java:onNext(254)) - client-2EC808601240->374189d0-76c5-49d2-81b4-45a4af1368a2: receive RaftClientReply:client-2EC808601240->374189d0-76c5-49d2-81b4-45a4af1368a2@group-30B6692CD68C, cid=3920, SUCCESS, logIndex=6490, commits[374189d0-76c5-49d2-81b4-45a4af1368a2:c6491]
2019-06-14 08:43:15,218 INFO  client.GrpcClientProtocolClient (GrpcClientProtocolClient.java:onNext(254)) - client-2EC808601240->374189d0-76c5-49d2-81b4-45a4af1368a2: receive RaftClientReply:client-2EC808601240->374189d0-76c5-49d2-81b4-45a4af1368a2@group-30B6692CD68C, cid=3921, SUCCESS, logIndex=6492, commits[374189d0-76c5-49d2-81b4-45a4af1368a2:c6492]
2019-06-14 08:43:15,219 INFO  client.GrpcClientProtocolClient (GrpcClientProtocolClient.java:onNext(254)) - client-2EC808601240->374189d0-76c5-49d2-81b4-45a4af1368a2: receive RaftClientReply:client-2EC808601240->374189d0-76c5-49d2-81b4-45a4af1368a2@group-30B6692CD68C, cid=3922, SUCCESS, logIndex=6494, commits[374189d0-76c5-49d2-81b4-45a4af1368a2:c6494]
2019-06-14 08:43:15,220 INFO  client.GrpcClientProtocolClient (GrpcClientProtocolClient.java:onNext(254)) - client-2EC808601240->374189d0-76c5-49d2-81b4-45a4af1368a2: receive RaftClientReply:client-2EC808601240->374189d0-76c5-49d2-81b4-45a4af1368a2@group-30B6692CD68C, cid=3923, SUCCESS, logIndex=6495, commits[374189d0-76c5-49d2-81b4-45a4af1368a2:c6497]
2019-06-14 08:43:15,220 INFO  client.GrpcClientProtocolClient (GrpcClientProtocolClient.java:onNext(254)) - client-2EC808601240->374189d0-76c5-49d2-81b4-45a4af1368a2: receive RaftClientReply:client-2EC808601240->374189d0-76c5-49d2-81b4-45a4af1368a2@group-30B6692CD68C, cid=3924, SUCCESS, logIndex=6496, commits[374189d0-76c5-49d2-81b4-45a4af1368a2:c6497]
2019-06-14 08:43:15,225 INFO  client.GrpcClientProtocolClient (GrpcClientProtocolClient.java:onNext(254)) - client-2EC808601240->374189d0-76c5-49d2-81b4-45a4af1368a2: receive RaftClientReply:client-2EC808601240->374189d0-76c5-49d2-81b4-45a4af1368a2@group-30B6692CD68C, cid=3925, SUCCESS, logIndex=6498, commits[374189d0-76c5-49d2-81b4-45a4af1368a2:c6498]
2019-06-14 08:43:15,226 INFO  client.GrpcClientProtocolClient (GrpcClientProtocolClient.java:onNext(254)) - client-2EC808601240->374189d0-76c5-49d2-81b4-45a4af1368a2: receive RaftClientReply:client-2EC808601240->374189d0-76c5-49d2-81b4-45a4af1368a2@group-30B6692CD68C, cid=3926, SUCCESS, logIndex=6500, commits[374189d0-76c5-49d2-81b4-45a4af1368a2:c6500]
2019-06-14 08:43:15,227 INFO  client.GrpcClientProtocolClient (GrpcClientProtocolClient.java:onNext(254)) - client-2EC808601240->374189d0-76c5-49d2-81b4-45a4af1368a2: receive RaftClientReply:client-2EC808601240->374189d0-76c5-49d2-81b4-45a4af1368a2@group-30B6692CD68C, cid=3927, SUCCESS, logIndex=6501, commits[374189d0-76c5-49d2-81b4-45a4af1368a2:c6502]
2019-06-14 08:43:15,228 INFO  client.GrpcClientProtocolClient (GrpcClientProtocolClient.java:onNext(254)) - client-2EC808601240->374189d0-76c5-49d2-81b4-45a4af1368a2: receive RaftClientReply:client-2EC808601240->374189d0-76c5-49d2-81b4-45a4af1368a2@group-30B6692CD68C, cid=3928, SUCCESS, logIndex=6503, commits[374189d0-76c5-49d2-81b4-45a4af1368a2:c6503]
2019-06-14 08:43:15,238 INFO  client.GrpcClientProtocolClient (GrpcClientProtocolClient.java:onNext(254)) - client-2EC808601240->374189d0-76c5-49d2-81b4-45a4af1368a2: receive RaftClientReply:client-2EC808601240->374189d0-76c5-49d2-81b4-45a4af1368a2@group-30B6692CD68C, cid=3929, SUCCESS, logIndex=6505, commits[374189d0-76c5-49d2-81b4-45a4af1368a2:c6505]
2019-06-14 08:43:15,239 INFO  client.GrpcClientProtocolClient (GrpcClientProtocolClient.java:onNext(254)) - client-2EC808601240->374189d0-76c5-49d2-81b4-45a4af1368a2: receive RaftClientReply:client-2EC808601240->374189d0-76c5-49d2-81b4-45a4af1368a2@group-30B6692CD68C, cid=3930, SUCCESS, logIndex=6507, commits[374189d0-76c5-49d2-81b4-45a4af1368a2:c6507]
2019-06-14 08:43:15,242 INFO  client.GrpcClientProtocolClient (GrpcClientProtocolClient.java:onNext(254)) - client-2EC808601240->374189d0-76c5-49d2-81b4-45a4af1368a2: receive RaftClientReply:client-2EC808601240->374189d0-76c5-49d2-81b4-45a4af1368a2@group-30B6692CD68C, cid=3931, SUCCESS, logIndex=6509, commits[374189d0-76c5-49d2-81b4-45a4af1368a2:c6510]
2019-06-14 08:43:15,243 INFO  client.GrpcClientProtocolClient (GrpcClientProtocolClient.java:onNext(254)) - client-2EC808601240->374189d0-76c5-49d2-81b4-45a4af1368a2: receive RaftClientReply:client-2EC808601240->374189d0-76c5-49d2-81b4-45a4af1368a2@group-30B6692CD68C, cid=3932, SUCCESS, logIndex=6510, commits[374189d0-76c5-49d2-81b4-45a4af1368a2:c6510]
2019-06-14 08:43:15,248 INFO  client.GrpcClientProtocolClient (GrpcClientProtocolClient.java:onNext(254)) - client-2EC808601240->374189d0-76c5-49d2-81b4-45a4af1368a2: receive RaftClientReply:client-2EC808601240->374189d0-76c5-49d2-81b4-45a4af1368a2@group-30B6692CD68C, cid=3933, SUCCESS, logIndex=6512, commits[374189d0-76c5-49d2-81b4-45a4af1368a2:c6512]
2019-06-14 08:43:15,249 INFO  client.GrpcClientProtocolClient (GrpcClientProtocolClient.java:onNext(254)) - client-2EC808601240->374189d0-76c5-49d2-81b4-45a4af1368a2: receive RaftClientReply:client-2EC808601240->374189d0-76c5-49d2-81b4-45a4af1368a2@group-30B6692CD68C, cid=3934, SUCCESS, logIndex=6514, commits[374189d0-76c5-49d2-81b4-45a4af1368a2:c6514]
2019-06-14 08:43:15,249 DEBUG block.SCMBlockDeletingService (SCMBlockDeletingService.java:call(138)) - Running DeletedBlockTransactionScanner
2019-06-14 08:43:15,249 DEBUG block.SCMBlockDeletingService (SCMBlockDeletingService.java:call(155)) - Scanned deleted blocks log and got 0 delTX to process.
2019-06-14 08:43:15,356 DEBUG block.SCMBlockDeletingService (SCMBlockDeletingService.java:call(138)) - Running DeletedBlockTransactionScanner
2019-06-14 08:43:15,356 DEBUG block.SCMBlockDeletingService (SCMBlockDeletingService.java:call(155)) - Scanned deleted blocks log and got 0 delTX to process.
2019-06-14 08:43:15,363 INFO  client.GrpcClientProtocolClient (GrpcClientProtocolClient.java:onNext(254)) - client-2EC808601240->374189d0-76c5-49d2-81b4-45a4af1368a2: receive RaftClientReply:client-2EC808601240->374189d0-76c5-49d2-81b4-45a4af1368a2@group-30B6692CD68C, cid=3935, SUCCESS, logIndex=6516, commits[374189d0-76c5-49d2-81b4-45a4af1368a2:c6516]
2019-06-14 08:43:15,364 INFO  client.GrpcClientProtocolClient (GrpcClientProtocolClient.java:onNext(254)) - client-2EC808601240->374189d0-76c5-49d2-81b4-45a4af1368a2: receive RaftClientReply:client-2EC808601240->374189d0-76c5-49d2-81b4-45a4af1368a2@group-30B6692CD68C, cid=3936, SUCCESS, logIndex=6518, commits[374189d0-76c5-49d2-81b4-45a4af1368a2:c6518]
2019-06-14 08:43:15,375 INFO  client.GrpcClientProtocolClient (GrpcClientProtocolClient.java:onNext(254)) - client-2EC808601240->374189d0-76c5-49d2-81b4-45a4af1368a2: receive RaftClientReply:client-2EC808601240->374189d0-76c5-49d2-81b4-45a4af1368a2@group-30B6692CD68C, cid=3937, SUCCESS, logIndex=6520, commits[374189d0-76c5-49d2-81b4-45a4af1368a2:c6520]
2019-06-14 08:43:15,377 INFO  client.GrpcClientProtocolClient (GrpcClientProtocolClient.java:onNext(254)) - client-2EC808601240->374189d0-76c5-49d2-81b4-45a4af1368a2: receive RaftClientReply:client-2EC808601240->374189d0-76c5-49d2-81b4-45a4af1368a2@group-30B6692CD68C, cid=3938, SUCCESS, logIndex=6522, commits[374189d0-76c5-49d2-81b4-45a4af1368a2:c6522]
2019-06-14 08:43:15,377 INFO  client.GrpcClientProtocolClient (GrpcClientProtocolClient.java:onNext(254)) - client-2EC808601240->374189d0-76c5-49d2-81b4-45a4af1368a2: receive RaftClientReply:client-2EC808601240->374189d0-76c5-49d2-81b4-45a4af1368a2@group-30B6692CD68C, cid=3939, SUCCESS, logIndex=6523, commits[374189d0-76c5-49d2-81b4-45a4af1368a2:c6525]
2019-06-14 08:43:15,377 INFO  client.GrpcClientProtocolClient (GrpcClientProtocolClient.java:onNext(254)) - client-2EC808601240->374189d0-76c5-49d2-81b4-45a4af1368a2: receive RaftClientReply:client-2EC808601240->374189d0-76c5-49d2-81b4-45a4af1368a2@group-30B6692CD68C, cid=3940, SUCCESS, logIndex=6524, commits[374189d0-76c5-49d2-81b4-45a4af1368a2:c6525]
2019-06-14 08:43:15,382 INFO  client.GrpcClientProtocolClient (GrpcClientProtocolClient.java:onNext(254)) - client-2EC808601240->374189d0-76c5-49d2-81b4-45a4af1368a2: receive RaftClientReply:client-2EC808601240->374189d0-76c5-49d2-81b4-45a4af1368a2@group-30B6692CD68C, cid=3941, SUCCESS, logIndex=6526, commits[374189d0-76c5-49d2-81b4-45a4af1368a2:c6526]
2019-06-14 08:43:15,383 INFO  client.GrpcClientProtocolClient (GrpcClientProtocolClient.java:onNext(254)) - client-2EC808601240->374189d0-76c5-49d2-81b4-45a4af1368a2: receive RaftClientReply:client-2EC808601240->374189d0-76c5-49d2-81b4-45a4af1368a2@group-30B6692CD68C, cid=3942, SUCCESS, logIndex=6528, commits[374189d0-76c5-49d2-81b4-45a4af1368a2:c6528]
2019-06-14 08:43:15,385 INFO  client.GrpcClientProtocolClient (GrpcClientProtocolClient.java:onNext(254)) - client-2EC808601240->374189d0-76c5-49d2-81b4-45a4af1368a2: receive RaftClientReply:client-2EC808601240->374189d0-76c5-49d2-81b4-45a4af1368a2@group-30B6692CD68C, cid=3943, SUCCESS, logIndex=6529, commits[374189d0-76c5-49d2-81b4-45a4af1368a2:c6531]
2019-06-14 08:43:15,385 INFO  client.GrpcClientProtocolClient (GrpcClientProtocolClient.java:onNext(254)) - client-2EC808601240->374189d0-76c5-49d2-81b4-45a4af1368a2: receive RaftClientReply:client-2EC808601240->374189d0-76c5-49d2-81b4-45a4af1368a2@group-30B6692CD68C, cid=3944, SUCCESS, logIndex=6530, commits[374189d0-76c5-49d2-81b4-45a4af1368a2:c6531]
2019-06-14 08:43:15,395 INFO  client.GrpcClientProtocolClient (GrpcClientProtocolClient.java:onNext(254)) - client-2EC808601240->374189d0-76c5-49d2-81b4-45a4af1368a2: receive RaftClientReply:client-2EC808601240->374189d0-76c5-49d2-81b4-45a4af1368a2@group-30B6692CD68C, cid=3945, SUCCESS, logIndex=6532, commits[374189d0-76c5-49d2-81b4-45a4af1368a2:c6532]
2019-06-14 08:43:15,397 INFO  client.GrpcClientProtocolClient (GrpcClientProtocolClient.java:onNext(254)) - client-2EC808601240->374189d0-76c5-49d2-81b4-45a4af1368a2: receive RaftClientReply:client-2EC808601240->374189d0-76c5-49d2-81b4-45a4af1368a2@group-30B6692CD68C, cid=3946, SUCCESS, logIndex=6534, commits[374189d0-76c5-49d2-81b4-45a4af1368a2:c6534]
2019-06-14 08:43:15,397 INFO  client.GrpcClientProtocolClient (GrpcClientProtocolClient.java:onNext(254)) - client-2EC808601240->374189d0-76c5-49d2-81b4-45a4af1368a2: receive RaftClientReply:client-2EC808601240->374189d0-76c5-49d2-81b4-45a4af1368a2@group-30B6692CD68C, cid=3947, SUCCESS, logIndex=6535, commits[374189d0-76c5-49d2-81b4-45a4af1368a2:c6536]
2019-06-14 08:43:15,398 INFO  client.GrpcClientProtocolClient (GrpcClientProtocolClient.java:onNext(254)) - client-2EC808601240->374189d0-76c5-49d2-81b4-45a4af1368a2: receive RaftClientReply:client-2EC808601240->374189d0-76c5-49d2-81b4-45a4af1368a2@group-30B6692CD68C, cid=3948, SUCCESS, logIndex=6536, commits[374189d0-76c5-49d2-81b4-45a4af1368a2:c6536]
2019-06-14 08:43:15,404 INFO  client.GrpcClientProtocolClient (GrpcClientProtocolClient.java:onNext(254)) - client-2EC808601240->374189d0-76c5-49d2-81b4-45a4af1368a2: receive RaftClientReply:client-2EC808601240->374189d0-76c5-49d2-81b4-45a4af1368a2@group-30B6692CD68C, cid=3949, SUCCESS, logIndex=6539, commits[374189d0-76c5-49d2-81b4-45a4af1368a2:c6539]
2019-06-14 08:43:15,405 INFO  client.GrpcClientProtocolClient (GrpcClientProtocolClient.java:onNext(254)) - client-2EC808601240->374189d0-76c5-49d2-81b4-45a4af1368a2: receive RaftClientReply:client-2EC808601240->374189d0-76c5-49d2-81b4-45a4af1368a2@group-30B6692CD68C, cid=3950, SUCCESS, logIndex=6541, commits[374189d0-76c5-49d2-81b4-45a4af1368a2:c6543]
2019-06-14 08:43:15,406 INFO  client.GrpcClientProtocolClient (GrpcClientProtocolClient.java:onNext(254)) - client-2EC808601240->374189d0-76c5-49d2-81b4-45a4af1368a2: receive RaftClientReply:client-2EC808601240->374189d0-76c5-49d2-81b4-45a4af1368a2@group-30B6692CD68C, cid=3951, SUCCESS, logIndex=6542, commits[374189d0-76c5-49d2-81b4-45a4af1368a2:c6543]
2019-06-14 08:43:15,406 INFO  client.GrpcClientProtocolClient (GrpcClientProtocolClient.java:onNext(254)) - client-2EC808601240->374189d0-76c5-49d2-81b4-45a4af1368a2: receive RaftClientReply:client-2EC808601240->374189d0-76c5-49d2-81b4-45a4af1368a2@group-30B6692CD68C, cid=3952, SUCCESS, logIndex=6543, commits[374189d0-76c5-49d2-81b4-45a4af1368a2:c6543]
2019-06-14 08:43:15,417 INFO  client.GrpcClientProtocolClient (GrpcClientProtocolClient.java:onNext(254)) - client-2EC808601240->374189d0-76c5-49d2-81b4-45a4af1368a2: receive RaftClientReply:client-2EC808601240->374189d0-76c5-49d2-81b4-45a4af1368a2@group-30B6692CD68C, cid=3953, SUCCESS, logIndex=6545, commits[374189d0-76c5-49d2-81b4-45a4af1368a2:c6545]
2019-06-14 08:43:15,419 INFO  client.GrpcClientProtocolClient (GrpcClientProtocolClient.java:onNext(254)) - client-2EC808601240->374189d0-76c5-49d2-81b4-45a4af1368a2: receive RaftClientReply:client-2EC808601240->374189d0-76c5-49d2-81b4-45a4af1368a2@group-30B6692CD68C, cid=3954, SUCCESS, logIndex=6547, commits[374189d0-76c5-49d2-81b4-45a4af1368a2:c6547]
2019-06-14 08:43:15,419 INFO  client.GrpcClientProtocolClient (GrpcClientProtocolClient.java:onNext(254)) - client-2EC808601240->374189d0-76c5-49d2-81b4-45a4af1368a2: receive RaftClientReply:client-2EC808601240->374189d0-76c5-49d2-81b4-45a4af1368a2@group-30B6692CD68C, cid=3955, SUCCESS, logIndex=6548, commits[374189d0-76c5-49d2-81b4-45a4af1368a2:c6550]
2019-06-14 08:43:15,420 INFO  client.GrpcClientProtocolClient (GrpcClientProtocolClient.java:onNext(254)) - client-2EC808601240->374189d0-76c5-49d2-81b4-45a4af1368a2: receive RaftClientReply:client-2EC808601240->374189d0-76c5-49d2-81b4-45a4af1368a2@group-30B6692CD68C, cid=3956, SUCCESS, logIndex=6549, commits[374189d0-76c5-49d2-81b4-45a4af1368a2:c6550]
2019-06-14 08:43:15,425 INFO  client.GrpcClientProtocolClient (GrpcClientProtocolClient.java:onNext(254)) - client-2EC808601240->374189d0-76c5-49d2-81b4-45a4af1368a2: receive RaftClientReply:client-2EC808601240->374189d0-76c5-49d2-81b4-45a4af1368a2@group-30B6692CD68C, cid=3957, SUCCESS, logIndex=6551, commits[374189d0-76c5-49d2-81b4-45a4af1368a2:c6551]
2019-06-14 08:43:15,427 INFO  storage.RaftLogWorker (RaftLogWorker.java:rollLogSegment(303)) - 374189d0-76c5-49d2-81b4-45a4af1368a2-RaftLogWorker: Rolling segment log-6488_6556 to index:6556
2019-06-14 08:43:15,428 INFO  storage.RaftLogWorker (RaftLogWorker.java:execute(433)) - 374189d0-76c5-49d2-81b4-45a4af1368a2-RaftLogWorker: Rolled log segment from /opt/src/hadoop-ozone/integration-test/target/test-dir/MiniOzoneClusterImpl-1994f8b8-dd4d-445c-bf25-0c6d40f9b14d/datanode-0/data/ratis/99d0acb8-99ce-4814-8259-30b6692cd68c/current/log_inprogress_6488 to /opt/src/hadoop-ozone/integration-test/target/test-dir/MiniOzoneClusterImpl-1994f8b8-dd4d-445c-bf25-0c6d40f9b14d/datanode-0/data/ratis/99d0acb8-99ce-4814-8259-30b6692cd68c/current/log_6488-6556
2019-06-14 08:43:15,428 INFO  client.GrpcClientProtocolClient (GrpcClientProtocolClient.java:onNext(254)) - client-2EC808601240->374189d0-76c5-49d2-81b4-45a4af1368a2: receive RaftClientReply:client-2EC808601240->374189d0-76c5-49d2-81b4-45a4af1368a2@group-30B6692CD68C, cid=3958, SUCCESS, logIndex=6553, commits[374189d0-76c5-49d2-81b4-45a4af1368a2:c6555]
2019-06-14 08:43:15,429 INFO  client.GrpcClientProtocolClient (GrpcClientProtocolClient.java:onNext(254)) - client-2EC808601240->374189d0-76c5-49d2-81b4-45a4af1368a2: receive RaftClientReply:client-2EC808601240->374189d0-76c5-49d2-81b4-45a4af1368a2@group-30B6692CD68C, cid=3959, SUCCESS, logIndex=6554, commits[374189d0-76c5-49d2-81b4-45a4af1368a2:c6556]
2019-06-14 08:43:15,430 INFO  client.GrpcClientProtocolClient (GrpcClientProtocolClient.java:onNext(254)) - client-2EC808601240->374189d0-76c5-49d2-81b4-45a4af1368a2: receive RaftClientReply:client-2EC808601240->374189d0-76c5-49d2-81b4-45a4af1368a2@group-30B6692CD68C, cid=3960, SUCCESS, logIndex=6555, commits[374189d0-76c5-49d2-81b4-45a4af1368a2:c6556]
2019-06-14 08:43:15,456 DEBUG block.SCMBlockDeletingService (SCMBlockDeletingService.java:call(138)) - Running DeletedBlockTransactionScanner
2019-06-14 08:43:15,456 DEBUG block.SCMBlockDeletingService (SCMBlockDeletingService.java:call(155)) - Scanned deleted blocks log and got 0 delTX to process.
2019-06-14 08:43:15,468 INFO  storage.RaftLogWorker (RaftLogWorker.java:execute(469)) - 374189d0-76c5-49d2-81b4-45a4af1368a2-RaftLogWorker: created new log segment /opt/src/hadoop-ozone/integration-test/target/test-dir/MiniOzoneClusterImpl-1994f8b8-dd4d-445c-bf25-0c6d40f9b14d/datanode-0/data/ratis/99d0acb8-99ce-4814-8259-30b6692cd68c/current/log_inprogress_6557
2019-06-14 08:43:15,470 INFO  client.GrpcClientProtocolClient (GrpcClientProtocolClient.java:onNext(254)) - client-2EC808601240->374189d0-76c5-49d2-81b4-45a4af1368a2: receive RaftClientReply:client-2EC808601240->374189d0-76c5-49d2-81b4-45a4af1368a2@group-30B6692CD68C, cid=3961, SUCCESS, logIndex=6558, commits[374189d0-76c5-49d2-81b4-45a4af1368a2:c6558]
2019-06-14 08:43:15,474 INFO  client.GrpcClientProtocolClient (GrpcClientProtocolClient.java:onNext(254)) - client-2EC808601240->374189d0-76c5-49d2-81b4-45a4af1368a2: receive RaftClientReply:client-2EC808601240->374189d0-76c5-49d2-81b4-45a4af1368a2@group-30B6692CD68C, cid=3962, SUCCESS, logIndex=6560, commits[374189d0-76c5-49d2-81b4-45a4af1368a2:c6562]
2019-06-14 08:43:15,474 INFO  client.GrpcClientProtocolClient (GrpcClientProtocolClient.java:onNext(254)) - client-2EC808601240->374189d0-76c5-49d2-81b4-45a4af1368a2: receive RaftClientReply:client-2EC808601240->374189d0-76c5-49d2-81b4-45a4af1368a2@group-30B6692CD68C, cid=3963, SUCCESS, logIndex=6561, commits[374189d0-76c5-49d2-81b4-45a4af1368a2:c6562]
2019-06-14 08:43:15,474 INFO  client.GrpcClientProtocolClient (GrpcClientProtocolClient.java:onNext(254)) - client-2EC808601240->374189d0-76c5-49d2-81b4-45a4af1368a2: receive RaftClientReply:client-2EC808601240->374189d0-76c5-49d2-81b4-45a4af1368a2@group-30B6692CD68C, cid=3964, SUCCESS, logIndex=6562, commits[374189d0-76c5-49d2-81b4-45a4af1368a2:c6562]
2019-06-14 08:43:15,480 INFO  client.GrpcClientProtocolClient (GrpcClientProtocolClient.java:onNext(254)) - client-2EC808601240->374189d0-76c5-49d2-81b4-45a4af1368a2: receive RaftClientReply:client-2EC808601240->374189d0-76c5-49d2-81b4-45a4af1368a2@group-30B6692CD68C, cid=3965, SUCCESS, logIndex=6564, commits[374189d0-76c5-49d2-81b4-45a4af1368a2:c6564]
2019-06-14 08:43:15,481 INFO  client.GrpcClientProtocolClient (GrpcClientProtocolClient.java:onNext(254)) - client-2EC808601240->374189d0-76c5-49d2-81b4-45a4af1368a2: receive RaftClientReply:client-2EC808601240->374189d0-76c5-49d2-81b4-45a4af1368a2@group-30B6692CD68C, cid=3966, SUCCESS, logIndex=6566, commits[374189d0-76c5-49d2-81b4-45a4af1368a2:c6566]
2019-06-14 08:43:15,482 INFO  client.GrpcClientProtocolClient (GrpcClientProtocolClient.java:onNext(254)) - client-2EC808601240->374189d0-76c5-49d2-81b4-45a4af1368a2: receive RaftClientReply:client-2EC808601240->374189d0-76c5-49d2-81b4-45a4af1368a2@group-30B6692CD68C, cid=3967, SUCCESS, logIndex=6567, commits[374189d0-76c5-49d2-81b4-45a4af1368a2:c6567]
2019-06-14 08:43:15,482 INFO  client.GrpcClientProtocolClient (GrpcClientProtocolClient.java:onNext(254)) - client-2EC808601240->374189d0-76c5-49d2-81b4-45a4af1368a2: receive RaftClientReply:client-2EC808601240->374189d0-76c5-49d2-81b4-45a4af1368a2@group-30B6692CD68C, cid=3968, SUCCESS, logIndex=6569, commits[374189d0-76c5-49d2-81b4-45a4af1368a2:c6569]
2019-06-14 08:43:15,495 INFO  client.GrpcClientProtocolClient (GrpcClientProtocolClient.java:onNext(254)) - client-2EC808601240->374189d0-76c5-49d2-81b4-45a4af1368a2: receive RaftClientReply:client-2EC808601240->374189d0-76c5-49d2-81b4-45a4af1368a2@group-30B6692CD68C, cid=3969, SUCCESS, logIndex=6572, commits[374189d0-76c5-49d2-81b4-45a4af1368a2:c6572]
2019-06-14 08:43:15,497 INFO  client.GrpcClientProtocolClient (GrpcClientProtocolClient.java:onNext(254)) - client-2EC808601240->374189d0-76c5-49d2-81b4-45a4af1368a2: receive RaftClientReply:client-2EC808601240->374189d0-76c5-49d2-81b4-45a4af1368a2@group-30B6692CD68C, cid=3970, SUCCESS, logIndex=6574, commits[374189d0-76c5-49d2-81b4-45a4af1368a2:c6576]
2019-06-14 08:43:15,498 INFO  client.GrpcClientProtocolClient (GrpcClientProtocolClient.java:onNext(254)) - client-2EC808601240->374189d0-76c5-49d2-81b4-45a4af1368a2: receive RaftClientReply:client-2EC808601240->374189d0-76c5-49d2-81b4-45a4af1368a2@group-30B6692CD68C, cid=3971, SUCCESS, logIndex=6575, commits[374189d0-76c5-49d2-81b4-45a4af1368a2:c6576]
2019-06-14 08:43:15,498 INFO  client.GrpcClientProtocolClient (GrpcClientProtocolClient.java:onNext(254)) - client-2EC808601240->374189d0-76c5-49d2-81b4-45a4af1368a2: receive RaftClientReply:client-2EC808601240->374189d0-76c5-49d2-81b4-45a4af1368a2@group-30B6692CD68C, cid=3972, SUCCESS, logIndex=6576, commits[374189d0-76c5-49d2-81b4-45a4af1368a2:c6576]
2019-06-14 08:43:15,503 INFO  client.GrpcClientProtocolClient (GrpcClientProtocolClient.java:onNext(254)) - client-2EC808601240->374189d0-76c5-49d2-81b4-45a4af1368a2: receive RaftClientReply:client-2EC808601240->374189d0-76c5-49d2-81b4-45a4af1368a2@group-30B6692CD68C, cid=3973, SUCCESS, logIndex=6578, commits[374189d0-76c5-49d2-81b4-45a4af1368a2:c6578]
2019-06-14 08:43:15,504 INFO  client.GrpcClientProtocolClient (GrpcClientProtocolClient.java:onNext(254)) - client-2EC808601240->374189d0-76c5-49d2-81b4-45a4af1368a2: receive RaftClientReply:client-2EC808601240->374189d0-76c5-49d2-81b4-45a4af1368a2@group-30B6692CD68C, cid=3974, SUCCESS, logIndex=6580, commits[374189d0-76c5-49d2-81b4-45a4af1368a2:c6580]
2019-06-14 08:43:15,506 INFO  client.GrpcClientProtocolClient (GrpcClientProtocolClient.java:onNext(254)) - client-2EC808601240->374189d0-76c5-49d2-81b4-45a4af1368a2: receive RaftClientReply:client-2EC808601240->374189d0-76c5-49d2-81b4-45a4af1368a2@group-30B6692CD68C, cid=3975, SUCCESS, logIndex=6582, commits[374189d0-76c5-49d2-81b4-45a4af1368a2:c6582]
2019-06-14 08:43:15,507 INFO  client.GrpcClientProtocolClient (GrpcClientProtocolClient.java:onNext(254)) - client-2EC808601240->374189d0-76c5-49d2-81b4-45a4af1368a2: receive RaftClientReply:client-2EC808601240->374189d0-76c5-49d2-81b4-45a4af1368a2@group-30B6692CD68C, cid=3976, SUCCESS, logIndex=6583, commits[374189d0-76c5-49d2-81b4-45a4af1368a2:c6583]
2019-06-14 08:43:15,519 INFO  client.GrpcClientProtocolClient (GrpcClientProtocolClient.java:onNext(254)) - client-2EC808601240->374189d0-76c5-49d2-81b4-45a4af1368a2: receive RaftClientReply:client-2EC808601240->374189d0-76c5-49d2-81b4-45a4af1368a2@group-30B6692CD68C, cid=3977, SUCCESS, logIndex=6586, commits[374189d0-76c5-49d2-81b4-45a4af1368a2:c6586]
2019-06-14 08:43:15,520 INFO  client.GrpcClientProtocolClient (GrpcClientProtocolClient.java:onNext(254)) - client-2EC808601240->374189d0-76c5-49d2-81b4-45a4af1368a2: receive RaftClientReply:client-2EC808601240->374189d0-76c5-49d2-81b4-45a4af1368a2@group-30B6692CD68C, cid=3978, SUCCESS, logIndex=6588, commits[374189d0-76c5-49d2-81b4-45a4af1368a2:c6588]
2019-06-14 08:43:15,556 DEBUG block.SCMBlockDeletingService (SCMBlockDeletingService.java:call(138)) - Running DeletedBlockTransactionScanner
2019-06-14 08:43:15,557 DEBUG block.SCMBlockDeletingService (SCMBlockDeletingService.java:call(155)) - Scanned deleted blocks log and got 0 delTX to process.
2019-06-14 08:43:15,593 INFO  client.GrpcClientProtocolClient (GrpcClientProtocolClient.java:onNext(254)) - client-2EC808601240->374189d0-76c5-49d2-81b4-45a4af1368a2: receive RaftClientReply:client-2EC808601240->374189d0-76c5-49d2-81b4-45a4af1368a2@group-30B6692CD68C, cid=3979, SUCCESS, logIndex=6590, commits[374189d0-76c5-49d2-81b4-45a4af1368a2:c6590]
2019-06-14 08:43:15,594 INFO  client.GrpcClientProtocolClient (GrpcClientProtocolClient.java:onNext(254)) - client-2EC808601240->374189d0-76c5-49d2-81b4-45a4af1368a2: receive RaftClientReply:client-2EC808601240->374189d0-76c5-49d2-81b4-45a4af1368a2@group-30B6692CD68C, cid=3980, SUCCESS, logIndex=6592, commits[374189d0-76c5-49d2-81b4-45a4af1368a2:c6592]
2019-06-14 08:43:15,599 INFO  client.GrpcClientProtocolClient (GrpcClientProtocolClient.java:onNext(254)) - client-2EC808601240->374189d0-76c5-49d2-81b4-45a4af1368a2: receive RaftClientReply:client-2EC808601240->374189d0-76c5-49d2-81b4-45a4af1368a2@group-30B6692CD68C, cid=3981, SUCCESS, logIndex=6594, commits[374189d0-76c5-49d2-81b4-45a4af1368a2:c6594]
2019-06-14 08:43:15,601 INFO  client.GrpcClientProtocolClient (GrpcClientProtocolClient.java:onNext(254)) - client-2EC808601240->374189d0-76c5-49d2-81b4-45a4af1368a2: receive RaftClientReply:client-2EC808601240->374189d0-76c5-49d2-81b4-45a4af1368a2@group-30B6692CD68C, cid=3982, SUCCESS, logIndex=6596, commits[374189d0-76c5-49d2-81b4-45a4af1368a2:c6596]
2019-06-14 08:43:15,611 INFO  client.GrpcClientProtocolClient (GrpcClientProtocolClient.java:onNext(254)) - client-2EC808601240->374189d0-76c5-49d2-81b4-45a4af1368a2: receive RaftClientReply:client-2EC808601240->374189d0-76c5-49d2-81b4-45a4af1368a2@group-30B6692CD68C, cid=3983, SUCCESS, logIndex=6597, commits[374189d0-76c5-49d2-81b4-45a4af1368a2:c6599]
2019-06-14 08:43:15,611 INFO  client.GrpcClientProtocolClient (GrpcClientProtocolClient.java:onNext(254)) - client-2EC808601240->374189d0-76c5-49d2-81b4-45a4af1368a2: receive RaftClientReply:client-2EC808601240->374189d0-76c5-49d2-81b4-45a4af1368a2@group-30B6692CD68C, cid=3984, SUCCESS, logIndex=6598, commits[374189d0-76c5-49d2-81b4-45a4af1368a2:c6599]
2019-06-14 08:43:15,623 INFO  client.GrpcClientProtocolClient (GrpcClientProtocolClient.java:onNext(254)) - client-2EC808601240->374189d0-76c5-49d2-81b4-45a4af1368a2: receive RaftClientReply:client-2EC808601240->374189d0-76c5-49d2-81b4-45a4af1368a2@group-30B6692CD68C, cid=3985, SUCCESS, logIndex=6600, commits[374189d0-76c5-49d2-81b4-45a4af1368a2:c6600]
2019-06-14 08:43:15,625 INFO  client.GrpcClientProtocolClient (GrpcClientProtocolClient.java:onNext(254)) - client-2EC808601240->374189d0-76c5-49d2-81b4-45a4af1368a2: receive RaftClientReply:client-2EC808601240->374189d0-76c5-49d2-81b4-45a4af1368a2@group-30B6692CD68C, cid=3986, SUCCESS, logIndex=6602, commits[374189d0-76c5-49d2-81b4-45a4af1368a2:c6602]
2019-06-14 08:43:15,626 INFO  client.GrpcClientProtocolClient (GrpcClientProtocolClient.java:onNext(254)) - client-2EC808601240->374189d0-76c5-49d2-81b4-45a4af1368a2: receive RaftClientReply:client-2EC808601240->374189d0-76c5-49d2-81b4-45a4af1368a2@group-30B6692CD68C, cid=3987, SUCCESS, logIndex=6603, commits[374189d0-76c5-49d2-81b4-45a4af1368a2:c6603]
2019-06-14 08:43:15,627 INFO  client.GrpcClientProtocolClient (GrpcClientProtocolClient.java:onNext(254)) - client-2EC808601240->374189d0-76c5-49d2-81b4-45a4af1368a2: receive RaftClientReply:client-2EC808601240->374189d0-76c5-49d2-81b4-45a4af1368a2@group-30B6692CD68C, cid=3988, SUCCESS, logIndex=6605, commits[374189d0-76c5-49d2-81b4-45a4af1368a2:c6605]
2019-06-14 08:43:15,632 INFO  client.GrpcClientProtocolClient (GrpcClientProtocolClient.java:onNext(254)) - client-2EC808601240->374189d0-76c5-49d2-81b4-45a4af1368a2: receive RaftClientReply:client-2EC808601240->374189d0-76c5-49d2-81b4-45a4af1368a2@group-30B6692CD68C, cid=3989, SUCCESS, logIndex=6608, commits[374189d0-76c5-49d2-81b4-45a4af1368a2:c6608]
2019-06-14 08:43:15,634 INFO  client.GrpcClientProtocolClient (GrpcClientProtocolClient.java:onNext(254)) - client-2EC808601240->374189d0-76c5-49d2-81b4-45a4af1368a2: receive RaftClientReply:client-2EC808601240->374189d0-76c5-49d2-81b4-45a4af1368a2@group-30B6692CD68C, cid=3990, SUCCESS, logIndex=6610, commits[374189d0-76c5-49d2-81b4-45a4af1368a2:c6610]
2019-06-14 08:43:15,637 INFO  client.GrpcClientProtocolClient (GrpcClientProtocolClient.java:onNext(254)) - client-2EC808601240->374189d0-76c5-49d2-81b4-45a4af1368a2: receive RaftClientReply:client-2EC808601240->374189d0-76c5-49d2-81b4-45a4af1368a2@group-30B6692CD68C, cid=3991, SUCCESS, logIndex=6611, commits[374189d0-76c5-49d2-81b4-45a4af1368a2:c6613]
2019-06-14 08:43:15,637 INFO  client.GrpcClientProtocolClient (GrpcClientProtocolClient.java:onNext(254)) - client-2EC808601240->374189d0-76c5-49d2-81b4-45a4af1368a2: receive RaftClientReply:client-2EC808601240->374189d0-76c5-49d2-81b4-45a4af1368a2@group-30B6692CD68C, cid=3992, SUCCESS, logIndex=6613, commits[374189d0-76c5-49d2-81b4-45a4af1368a2:c6613]
2019-06-14 08:43:15,650 INFO  client.GrpcClientProtocolClient (GrpcClientProtocolClient.java:onNext(254)) - client-2EC808601240->374189d0-76c5-49d2-81b4-45a4af1368a2: receive RaftClientReply:client-2EC808601240->374189d0-76c5-49d2-81b4-45a4af1368a2@group-30B6692CD68C, cid=3993, SUCCESS, logIndex=6615, commits[374189d0-76c5-49d2-81b4-45a4af1368a2:c6615]
2019-06-14 08:43:15,652 INFO  client.GrpcClientProtocolClient (GrpcClientProtocolClient.java:onNext(254)) - client-2EC808601240->374189d0-76c5-49d2-81b4-45a4af1368a2: receive RaftClientReply:client-2EC808601240->374189d0-76c5-49d2-81b4-45a4af1368a2@group-30B6692CD68C, cid=3994, SUCCESS, logIndex=6617, commits[374189d0-76c5-49d2-81b4-45a4af1368a2:c6617]
2019-06-14 08:43:15,653 INFO  client.GrpcClientProtocolClient (GrpcClientProtocolClient.java:onNext(254)) - client-2EC808601240->374189d0-76c5-49d2-81b4-45a4af1368a2: receive RaftClientReply:client-2EC808601240->374189d0-76c5-49d2-81b4-45a4af1368a2@group-30B6692CD68C, cid=3995, SUCCESS, logIndex=6618, commits[374189d0-76c5-49d2-81b4-45a4af1368a2:c6620]
2019-06-14 08:43:15,653 INFO  client.GrpcClientProtocolClient (GrpcClientProtocolClient.java:onNext(254)) - client-2EC808601240->374189d0-76c5-49d2-81b4-45a4af1368a2: receive RaftClientReply:client-2EC808601240->374189d0-76c5-49d2-81b4-45a4af1368a2@group-30B6692CD68C, cid=3996, SUCCESS, logIndex=6619, commits[374189d0-76c5-49d2-81b4-45a4af1368a2:c6620]
2019-06-14 08:43:15,657 DEBUG block.SCMBlockDeletingService (SCMBlockDeletingService.java:call(138)) - Running DeletedBlockTransactionScanner
2019-06-14 08:43:15,657 DEBUG block.SCMBlockDeletingService (SCMBlockDeletingService.java:call(155)) - Scanned deleted blocks log and got 0 delTX to process.
2019-06-14 08:43:15,660 INFO  client.GrpcClientProtocolClient (GrpcClientProtocolClient.java:onNext(254)) - client-2EC808601240->374189d0-76c5-49d2-81b4-45a4af1368a2: receive RaftClientReply:client-2EC808601240->374189d0-76c5-49d2-81b4-45a4af1368a2@group-30B6692CD68C, cid=3997, SUCCESS, logIndex=6621, commits[374189d0-76c5-49d2-81b4-45a4af1368a2:c6621]
2019-06-14 08:43:15,661 INFO  client.GrpcClientProtocolClient (GrpcClientProtocolClient.java:onNext(254)) - client-2EC808601240->374189d0-76c5-49d2-81b4-45a4af1368a2: receive RaftClientReply:client-2EC808601240->374189d0-76c5-49d2-81b4-45a4af1368a2@group-30B6692CD68C, cid=3998, SUCCESS, logIndex=6623, commits[374189d0-76c5-49d2-81b4-45a4af1368a2:c6623]
2019-06-14 08:43:15,662 INFO  client.GrpcClientProtocolClient (GrpcClientProtocolClient.java:onNext(254)) - client-2EC808601240->374189d0-76c5-49d2-81b4-45a4af1368a2: receive RaftClientReply:client-2EC808601240->374189d0-76c5-49d2-81b4-45a4af1368a2@group-30B6692CD68C, cid=3999, SUCCESS, logIndex=6624, commits[374189d0-76c5-49d2-81b4-45a4af1368a2:c6626]
2019-06-14 08:43:15,662 INFO  client.GrpcClientProtocolClient (GrpcClientProtocolClient.java:onNext(254)) - client-2EC808601240->374189d0-76c5-49d2-81b4-45a4af1368a2: receive RaftClientReply:client-2EC808601240->374189d0-76c5-49d2-81b4-45a4af1368a2@group-30B6692CD68C, cid=4000, SUCCESS, logIndex=6625, commits[374189d0-76c5-49d2-81b4-45a4af1368a2:c6626]
2019-06-14 08:43:15,672 INFO  client.GrpcClientProtocolClient (GrpcClientProtocolClient.java:onNext(254)) - client-2EC808601240->374189d0-76c5-49d2-81b4-45a4af1368a2: receive RaftClientReply:client-2EC808601240->374189d0-76c5-49d2-81b4-45a4af1368a2@group-30B6692CD68C, cid=4001, SUCCESS, logIndex=6627, commits[374189d0-76c5-49d2-81b4-45a4af1368a2:c6627]
2019-06-14 08:43:15,673 INFO  client.GrpcClientProtocolClient (GrpcClientProtocolClient.java:onNext(254)) - client-2EC808601240->374189d0-76c5-49d2-81b4-45a4af1368a2: receive RaftClientReply:client-2EC808601240->374189d0-76c5-49d2-81b4-45a4af1368a2@group-30B6692CD68C, cid=4002, SUCCESS, logIndex=6629, commits[374189d0-76c5-49d2-81b4-45a4af1368a2:c6629]
2019-06-14 08:43:15,675 INFO  client.GrpcClientProtocolClient (GrpcClientProtocolClient.java:onNext(254)) - client-2EC808601240->374189d0-76c5-49d2-81b4-45a4af1368a2: receive RaftClientReply:client-2EC808601240->374189d0-76c5-49d2-81b4-45a4af1368a2@group-30B6692CD68C, cid=4003, SUCCESS, logIndex=6630, commits[374189d0-76c5-49d2-81b4-45a4af1368a2:c6632]
2019-06-14 08:43:15,675 INFO  client.GrpcClientProtocolClient (GrpcClientProtocolClient.java:onNext(254)) - client-2EC808601240->374189d0-76c5-49d2-81b4-45a4af1368a2: receive RaftClientReply:client-2EC808601240->374189d0-76c5-49d2-81b4-45a4af1368a2@group-30B6692CD68C, cid=4004, SUCCESS, logIndex=6631, commits[374189d0-76c5-49d2-81b4-45a4af1368a2:c6632]
2019-06-14 08:43:15,677 INFO  storage.RaftLogWorker (RaftLogWorker.java:rollLogSegment(303)) - 374189d0-76c5-49d2-81b4-45a4af1368a2-RaftLogWorker: Rolling segment log-6557_6632 to index:6632
2019-06-14 08:43:15,678 INFO  storage.RaftLogWorker (RaftLogWorker.java:execute(433)) - 374189d0-76c5-49d2-81b4-45a4af1368a2-RaftLogWorker: Rolled log segment from /opt/src/hadoop-ozone/integration-test/target/test-dir/MiniOzoneClusterImpl-1994f8b8-dd4d-445c-bf25-0c6d40f9b14d/datanode-0/data/ratis/99d0acb8-99ce-4814-8259-30b6692cd68c/current/log_inprogress_6557 to /opt/src/hadoop-ozone/integration-test/target/test-dir/MiniOzoneClusterImpl-1994f8b8-dd4d-445c-bf25-0c6d40f9b14d/datanode-0/data/ratis/99d0acb8-99ce-4814-8259-30b6692cd68c/current/log_6557-6632
2019-06-14 08:43:15,714 INFO  storage.RaftLogWorker (RaftLogWorker.java:execute(469)) - 374189d0-76c5-49d2-81b4-45a4af1368a2-RaftLogWorker: created new log segment /opt/src/hadoop-ozone/integration-test/target/test-dir/MiniOzoneClusterImpl-1994f8b8-dd4d-445c-bf25-0c6d40f9b14d/datanode-0/data/ratis/99d0acb8-99ce-4814-8259-30b6692cd68c/current/log_inprogress_6633
2019-06-14 08:43:15,715 INFO  client.GrpcClientProtocolClient (GrpcClientProtocolClient.java:onNext(254)) - client-2EC808601240->374189d0-76c5-49d2-81b4-45a4af1368a2: receive RaftClientReply:client-2EC808601240->374189d0-76c5-49d2-81b4-45a4af1368a2@group-30B6692CD68C, cid=4005, SUCCESS, logIndex=6633, commits[374189d0-76c5-49d2-81b4-45a4af1368a2:c6633]
2019-06-14 08:43:15,716 INFO  client.GrpcClientProtocolClient (GrpcClientProtocolClient.java:onNext(254)) - client-2EC808601240->374189d0-76c5-49d2-81b4-45a4af1368a2: receive RaftClientReply:client-2EC808601240->374189d0-76c5-49d2-81b4-45a4af1368a2@group-30B6692CD68C, cid=4006, SUCCESS, logIndex=6635, commits[374189d0-76c5-49d2-81b4-45a4af1368a2:c6635]
2019-06-14 08:43:15,717 INFO  client.GrpcClientProtocolClient (GrpcClientProtocolClient.java:onNext(254)) - client-2EC808601240->374189d0-76c5-49d2-81b4-45a4af1368a2: receive RaftClientReply:client-2EC808601240->374189d0-76c5-49d2-81b4-45a4af1368a2@group-30B6692CD68C, cid=4007, SUCCESS, logIndex=6636, commits[374189d0-76c5-49d2-81b4-45a4af1368a2:c6638]
2019-06-14 08:43:15,718 INFO  client.GrpcClientProtocolClient (GrpcClientProtocolClient.java:onNext(254)) - client-2EC808601240->374189d0-76c5-49d2-81b4-45a4af1368a2: receive RaftClientReply:client-2EC808601240->374189d0-76c5-49d2-81b4-45a4af1368a2@group-30B6692CD68C, cid=4008, SUCCESS, logIndex=6637, commits[374189d0-76c5-49d2-81b4-45a4af1368a2:c6638]
2019-06-14 08:43:15,731 INFO  client.GrpcClientProtocolClient (GrpcClientProtocolClient.java:onNext(254)) - client-2EC808601240->374189d0-76c5-49d2-81b4-45a4af1368a2: receive RaftClientReply:client-2EC808601240->374189d0-76c5-49d2-81b4-45a4af1368a2@group-30B6692CD68C, cid=4009, SUCCESS, logIndex=6639, commits[374189d0-76c5-49d2-81b4-45a4af1368a2:c6639]
2019-06-14 08:43:15,731 INFO  client.GrpcClientProtocolClient (GrpcClientProtocolClient.java:onNext(254)) - client-2EC808601240->374189d0-76c5-49d2-81b4-45a4af1368a2: receive RaftClientReply:client-2EC808601240->374189d0-76c5-49d2-81b4-45a4af1368a2@group-30B6692CD68C, cid=4010, SUCCESS, logIndex=6641, commits[374189d0-76c5-49d2-81b4-45a4af1368a2:c6641]
2019-06-14 08:43:15,731 INFO  client.GrpcClientProtocolClient (GrpcClientProtocolClient.java:onNext(254)) - client-2EC808601240->374189d0-76c5-49d2-81b4-45a4af1368a2: receive RaftClientReply:client-2EC808601240->374189d0-76c5-49d2-81b4-45a4af1368a2@group-30B6692CD68C, cid=4011, SUCCESS, logIndex=6642, commits[374189d0-76c5-49d2-81b4-45a4af1368a2:c6644]
2019-06-14 08:43:15,731 INFO  client.GrpcClientProtocolClient (GrpcClientProtocolClient.java:onNext(254)) - client-2EC808601240->374189d0-76c5-49d2-81b4-45a4af1368a2: receive RaftClientReply:client-2EC808601240->374189d0-76c5-49d2-81b4-45a4af1368a2@group-30B6692CD68C, cid=4012, SUCCESS, logIndex=6643, commits[374189d0-76c5-49d2-81b4-45a4af1368a2:c6644]
2019-06-14 08:43:15,737 INFO  client.GrpcClientProtocolClient (GrpcClientProtocolClient.java:onNext(254)) - client-2EC808601240->374189d0-76c5-49d2-81b4-45a4af1368a2: receive RaftClientReply:client-2EC808601240->374189d0-76c5-49d2-81b4-45a4af1368a2@group-30B6692CD68C, cid=4013, SUCCESS, logIndex=6645, commits[374189d0-76c5-49d2-81b4-45a4af1368a2:c6645]
2019-06-14 08:43:15,738 INFO  client.GrpcClientProtocolClient (GrpcClientProtocolClient.java:onNext(254)) - client-2EC808601240->374189d0-76c5-49d2-81b4-45a4af1368a2: receive RaftClientReply:client-2EC808601240->374189d0-76c5-49d2-81b4-45a4af1368a2@group-30B6692CD68C, cid=4014, SUCCESS, logIndex=6647, commits[374189d0-76c5-49d2-81b4-45a4af1368a2:c6647]
2019-06-14 08:43:15,740 INFO  client.GrpcClientProtocolClient (GrpcClientProtocolClient.java:onNext(254)) - client-2EC808601240->374189d0-76c5-49d2-81b4-45a4af1368a2: receive RaftClientReply:client-2EC808601240->374189d0-76c5-49d2-81b4-45a4af1368a2@group-30B6692CD68C, cid=4015, SUCCESS, logIndex=6648, commits[374189d0-76c5-49d2-81b4-45a4af1368a2:c6650]
2019-06-14 08:43:15,740 INFO  client.GrpcClientProtocolClient (GrpcClientProtocolClient.java:onNext(254)) - client-2EC808601240->374189d0-76c5-49d2-81b4-45a4af1368a2: receive RaftClientReply:client-2EC808601240->374189d0-76c5-49d2-81b4-45a4af1368a2@group-30B6692CD68C, cid=4016, SUCCESS, logIndex=6649, commits[374189d0-76c5-49d2-81b4-45a4af1368a2:c6650]
2019-06-14 08:43:15,750 INFO  client.GrpcClientProtocolClient (GrpcClientProtocolClient.java:onNext(254)) - client-2EC808601240->374189d0-76c5-49d2-81b4-45a4af1368a2: receive RaftClientReply:client-2EC808601240->374189d0-76c5-49d2-81b4-45a4af1368a2@group-30B6692CD68C, cid=4017, SUCCESS, logIndex=6651, commits[374189d0-76c5-49d2-81b4-45a4af1368a2:c6651]
2019-06-14 08:43:15,751 INFO  client.GrpcClientProtocolClient (GrpcClientProtocolClient.java:onNext(254)) - client-2EC808601240->374189d0-76c5-49d2-81b4-45a4af1368a2: receive RaftClientReply:client-2EC808601240->374189d0-76c5-49d2-81b4-45a4af1368a2@group-30B6692CD68C, cid=4018, SUCCESS, logIndex=6653, commits[374189d0-76c5-49d2-81b4-45a4af1368a2:c6653]
2019-06-14 08:43:15,754 INFO  client.GrpcClientProtocolClient (GrpcClientProtocolClient.java:onNext(254)) - client-2EC808601240->374189d0-76c5-49d2-81b4-45a4af1368a2: receive RaftClientReply:client-2EC808601240->374189d0-76c5-49d2-81b4-45a4af1368a2@group-30B6692CD68C, cid=4019, SUCCESS, logIndex=6655, commits[374189d0-76c5-49d2-81b4-45a4af1368a2:c6656]
2019-06-14 08:43:15,754 INFO  client.GrpcClientProtocolClient (GrpcClientProtocolClient.java:onNext(254)) - client-2EC808601240->374189d0-76c5-49d2-81b4-45a4af1368a2: receive RaftClientReply:client-2EC808601240->374189d0-76c5-49d2-81b4-45a4af1368a2@group-30B6692CD68C, cid=4020, SUCCESS, logIndex=6656, commits[374189d0-76c5-49d2-81b4-45a4af1368a2:c6656]
2019-06-14 08:43:15,794 DEBUG block.SCMBlockDeletingService (SCMBlockDeletingService.java:call(138)) - Running DeletedBlockTransactionScanner
2019-06-14 08:43:15,794 DEBUG block.SCMBlockDeletingService (SCMBlockDeletingService.java:call(155)) - Scanned deleted blocks log and got 0 delTX to process.
2019-06-14 08:43:15,801 INFO  client.GrpcClientProtocolClient (GrpcClientProtocolClient.java:onNext(254)) - client-2EC808601240->374189d0-76c5-49d2-81b4-45a4af1368a2: receive RaftClientReply:client-2EC808601240->374189d0-76c5-49d2-81b4-45a4af1368a2@group-30B6692CD68C, cid=4021, SUCCESS, logIndex=6658, commits[374189d0-76c5-49d2-81b4-45a4af1368a2:c6658]
2019-06-14 08:43:15,802 INFO  client.GrpcClientProtocolClient (GrpcClientProtocolClient.java:onNext(254)) - client-2EC808601240->374189d0-76c5-49d2-81b4-45a4af1368a2: receive RaftClientReply:client-2EC808601240->374189d0-76c5-49d2-81b4-45a4af1368a2@group-30B6692CD68C, cid=4022, SUCCESS, logIndex=6660, commits[374189d0-76c5-49d2-81b4-45a4af1368a2:c6660]
2019-06-14 08:43:15,869 INFO  client.GrpcClientProtocolClient (GrpcClientProtocolClient.java:onNext(254)) - client-2EC808601240->374189d0-76c5-49d2-81b4-45a4af1368a2: receive RaftClientReply:client-2EC808601240->374189d0-76c5-49d2-81b4-45a4af1368a2@group-30B6692CD68C, cid=4023, SUCCESS, logIndex=6662, commits[374189d0-76c5-49d2-81b4-45a4af1368a2:c6662]
2019-06-14 08:43:15,870 INFO  client.GrpcClientProtocolClient (GrpcClientProtocolClient.java:onNext(254)) - client-2EC808601240->374189d0-76c5-49d2-81b4-45a4af1368a2: receive RaftClientReply:client-2EC808601240->374189d0-76c5-49d2-81b4-45a4af1368a2@group-30B6692CD68C, cid=4024, SUCCESS, logIndex=6664, commits[374189d0-76c5-49d2-81b4-45a4af1368a2:c6664]
2019-06-14 08:43:15,880 INFO  client.GrpcClientProtocolClient (GrpcClientProtocolClient.java:onNext(254)) - client-2EC808601240->374189d0-76c5-49d2-81b4-45a4af1368a2: receive RaftClientReply:client-2EC808601240->374189d0-76c5-49d2-81b4-45a4af1368a2@group-30B6692CD68C, cid=4025, SUCCESS, logIndex=6666, commits[374189d0-76c5-49d2-81b4-45a4af1368a2:c6666]
2019-06-14 08:43:15,881 INFO  client.GrpcClientProtocolClient (GrpcClientProtocolClient.java:onNext(254)) - client-2EC808601240->374189d0-76c5-49d2-81b4-45a4af1368a2: receive RaftClientReply:client-2EC808601240->374189d0-76c5-49d2-81b4-45a4af1368a2@group-30B6692CD68C, cid=4026, SUCCESS, logIndex=6668, commits[374189d0-76c5-49d2-81b4-45a4af1368a2:c6668]
2019-06-14 08:43:15,882 INFO  client.GrpcClientProtocolClient (GrpcClientProtocolClient.java:onNext(254)) - client-2EC808601240->374189d0-76c5-49d2-81b4-45a4af1368a2: receive RaftClientReply:client-2EC808601240->374189d0-76c5-49d2-81b4-45a4af1368a2@group-30B6692CD68C, cid=4027, SUCCESS, logIndex=6669, commits[374189d0-76c5-49d2-81b4-45a4af1368a2:c6671]
2019-06-14 08:43:15,882 INFO  client.GrpcClientProtocolClient (GrpcClientProtocolClient.java:onNext(254)) - client-2EC808601240->374189d0-76c5-49d2-81b4-45a4af1368a2: receive RaftClientReply:client-2EC808601240->374189d0-76c5-49d2-81b4-45a4af1368a2@group-30B6692CD68C, cid=4028, SUCCESS, logIndex=6670, commits[374189d0-76c5-49d2-81b4-45a4af1368a2:c6671]
2019-06-14 08:43:15,887 INFO  client.GrpcClientProtocolClient (GrpcClientProtocolClient.java:onNext(254)) - client-2EC808601240->374189d0-76c5-49d2-81b4-45a4af1368a2: receive RaftClientReply:client-2EC808601240->374189d0-76c5-49d2-81b4-45a4af1368a2@group-30B6692CD68C, cid=4029, SUCCESS, logIndex=6672, commits[374189d0-76c5-49d2-81b4-45a4af1368a2:c6672]
2019-06-14 08:43:15,888 INFO  client.GrpcClientProtocolClient (GrpcClientProtocolClient.java:onNext(254)) - client-2EC808601240->374189d0-76c5-49d2-81b4-45a4af1368a2: receive RaftClientReply:client-2EC808601240->374189d0-76c5-49d2-81b4-45a4af1368a2@group-30B6692CD68C, cid=4030, SUCCESS, logIndex=6674, commits[374189d0-76c5-49d2-81b4-45a4af1368a2:c6674]
2019-06-14 08:43:15,889 INFO  client.GrpcClientProtocolClient (GrpcClientProtocolClient.java:onNext(254)) - client-2EC808601240->374189d0-76c5-49d2-81b4-45a4af1368a2: receive RaftClientReply:client-2EC808601240->374189d0-76c5-49d2-81b4-45a4af1368a2@group-30B6692CD68C, cid=4031, SUCCESS, logIndex=6675, commits[374189d0-76c5-49d2-81b4-45a4af1368a2:c6677]
2019-06-14 08:43:15,890 INFO  client.GrpcClientProtocolClient (GrpcClientProtocolClient.java:onNext(254)) - client-2EC808601240->374189d0-76c5-49d2-81b4-45a4af1368a2: receive RaftClientReply:client-2EC808601240->374189d0-76c5-49d2-81b4-45a4af1368a2@group-30B6692CD68C, cid=4032, SUCCESS, logIndex=6676, commits[374189d0-76c5-49d2-81b4-45a4af1368a2:c6677]
2019-06-14 08:43:15,895 DEBUG block.SCMBlockDeletingService (SCMBlockDeletingService.java:call(138)) - Running DeletedBlockTransactionScanner
2019-06-14 08:43:15,895 DEBUG block.SCMBlockDeletingService (SCMBlockDeletingService.java:call(155)) - Scanned deleted blocks log and got 0 delTX to process.
2019-06-14 08:43:15,900 INFO  client.GrpcClientProtocolClient (GrpcClientProtocolClient.java:onNext(254)) - client-2EC808601240->374189d0-76c5-49d2-81b4-45a4af1368a2: receive RaftClientReply:client-2EC808601240->374189d0-76c5-49d2-81b4-45a4af1368a2@group-30B6692CD68C, cid=4033, SUCCESS, logIndex=6678, commits[374189d0-76c5-49d2-81b4-45a4af1368a2:c6678]
2019-06-14 08:43:15,901 INFO  client.GrpcClientProtocolClient (GrpcClientProtocolClient.java:onNext(254)) - client-2EC808601240->374189d0-76c5-49d2-81b4-45a4af1368a2: receive RaftClientReply:client-2EC808601240->374189d0-76c5-49d2-81b4-45a4af1368a2@group-30B6692CD68C, cid=4034, SUCCESS, logIndex=6680, commits[374189d0-76c5-49d2-81b4-45a4af1368a2:c6680]
2019-06-14 08:43:15,903 INFO  client.GrpcClientProtocolClient (GrpcClientProtocolClient.java:onNext(254)) - client-2EC808601240->374189d0-76c5-49d2-81b4-45a4af1368a2: receive RaftClientReply:client-2EC808601240->374189d0-76c5-49d2-81b4-45a4af1368a2@group-30B6692CD68C, cid=4035, SUCCESS, logIndex=6681, commits[374189d0-76c5-49d2-81b4-45a4af1368a2:c6683]
2019-06-14 08:43:15,903 INFO  client.GrpcClientProtocolClient (GrpcClientProtocolClient.java:onNext(254)) - client-2EC808601240->374189d0-76c5-49d2-81b4-45a4af1368a2: receive RaftClientReply:client-2EC808601240->374189d0-76c5-49d2-81b4-45a4af1368a2@group-30B6692CD68C, cid=4036, SUCCESS, logIndex=6682, commits[374189d0-76c5-49d2-81b4-45a4af1368a2:c6683]
2019-06-14 08:43:15,908 INFO  client.GrpcClientProtocolClient (GrpcClientProtocolClient.java:onNext(254)) - client-2EC808601240->374189d0-76c5-49d2-81b4-45a4af1368a2: receive RaftClientReply:client-2EC808601240->374189d0-76c5-49d2-81b4-45a4af1368a2@group-30B6692CD68C, cid=4037, SUCCESS, logIndex=6684, commits[374189d0-76c5-49d2-81b4-45a4af1368a2:c6684]
2019-06-14 08:43:15,911 INFO  client.GrpcClientProtocolClient (GrpcClientProtocolClient.java:onNext(254)) - client-2EC808601240->374189d0-76c5-49d2-81b4-45a4af1368a2: receive RaftClientReply:client-2EC808601240->374189d0-76c5-49d2-81b4-45a4af1368a2@group-30B6692CD68C, cid=4038, SUCCESS, logIndex=6686, commits[374189d0-76c5-49d2-81b4-45a4af1368a2:c6686]
2019-06-14 08:43:15,911 INFO  client.GrpcClientProtocolClient (GrpcClientProtocolClient.java:onNext(254)) - client-2EC808601240->374189d0-76c5-49d2-81b4-45a4af1368a2: receive RaftClientReply:client-2EC808601240->374189d0-76c5-49d2-81b4-45a4af1368a2@group-30B6692CD68C, cid=4039, SUCCESS, logIndex=6687, commits[374189d0-76c5-49d2-81b4-45a4af1368a2:c6689]
2019-06-14 08:43:15,911 INFO  client.GrpcClientProtocolClient (GrpcClientProtocolClient.java:onNext(254)) - client-2EC808601240->374189d0-76c5-49d2-81b4-45a4af1368a2: receive RaftClientReply:client-2EC808601240->374189d0-76c5-49d2-81b4-45a4af1368a2@group-30B6692CD68C, cid=4040, SUCCESS, logIndex=6688, commits[374189d0-76c5-49d2-81b4-45a4af1368a2:c6689]
2019-06-14 08:43:15,922 INFO  client.GrpcClientProtocolClient (GrpcClientProtocolClient.java:onNext(254)) - client-2EC808601240->374189d0-76c5-49d2-81b4-45a4af1368a2: receive RaftClientReply:client-2EC808601240->374189d0-76c5-49d2-81b4-45a4af1368a2@group-30B6692CD68C, cid=4041, SUCCESS, logIndex=6690, commits[374189d0-76c5-49d2-81b4-45a4af1368a2:c6690]
2019-06-14 08:43:15,923 INFO  client.GrpcClientProtocolClient (GrpcClientProtocolClient.java:onNext(254)) - client-2EC808601240->374189d0-76c5-49d2-81b4-45a4af1368a2: receive RaftClientReply:client-2EC808601240->374189d0-76c5-49d2-81b4-45a4af1368a2@group-30B6692CD68C, cid=4042, SUCCESS, logIndex=6692, commits[374189d0-76c5-49d2-81b4-45a4af1368a2:c6692]
2019-06-14 08:43:15,924 INFO  client.GrpcClientProtocolClient (GrpcClientProtocolClient.java:onNext(254)) - client-2EC808601240->374189d0-76c5-49d2-81b4-45a4af1368a2: receive RaftClientReply:client-2EC808601240->374189d0-76c5-49d2-81b4-45a4af1368a2@group-30B6692CD68C, cid=4043, SUCCESS, logIndex=6693, commits[374189d0-76c5-49d2-81b4-45a4af1368a2:c6695]
2019-06-14 08:43:15,924 INFO  client.GrpcClientProtocolClient (GrpcClientProtocolClient.java:onNext(254)) - client-2EC808601240->374189d0-76c5-49d2-81b4-45a4af1368a2: receive RaftClientReply:client-2EC808601240->374189d0-76c5-49d2-81b4-45a4af1368a2@group-30B6692CD68C, cid=4044, SUCCESS, logIndex=6694, commits[374189d0-76c5-49d2-81b4-45a4af1368a2:c6695]
2019-06-14 08:43:15,930 INFO  client.GrpcClientProtocolClient (GrpcClientProtocolClient.java:onNext(254)) - client-2EC808601240->374189d0-76c5-49d2-81b4-45a4af1368a2: receive RaftClientReply:client-2EC808601240->374189d0-76c5-49d2-81b4-45a4af1368a2@group-30B6692CD68C, cid=4045, SUCCESS, logIndex=6696, commits[374189d0-76c5-49d2-81b4-45a4af1368a2:c6696]
2019-06-14 08:43:15,930 INFO  storage.RaftLogWorker (RaftLogWorker.java:rollLogSegment(303)) - 374189d0-76c5-49d2-81b4-45a4af1368a2-RaftLogWorker: Rolling segment log-6633_6699 to index:6699
2019-06-14 08:43:15,931 INFO  client.GrpcClientProtocolClient (GrpcClientProtocolClient.java:onNext(254)) - client-2EC808601240->374189d0-76c5-49d2-81b4-45a4af1368a2: receive RaftClientReply:client-2EC808601240->374189d0-76c5-49d2-81b4-45a4af1368a2@group-30B6692CD68C, cid=4046, SUCCESS, logIndex=6698, commits[374189d0-76c5-49d2-81b4-45a4af1368a2:c6698]
2019-06-14 08:43:15,931 INFO  storage.RaftLogWorker (RaftLogWorker.java:execute(433)) - 374189d0-76c5-49d2-81b4-45a4af1368a2-RaftLogWorker: Rolled log segment from /opt/src/hadoop-ozone/integration-test/target/test-dir/MiniOzoneClusterImpl-1994f8b8-dd4d-445c-bf25-0c6d40f9b14d/datanode-0/data/ratis/99d0acb8-99ce-4814-8259-30b6692cd68c/current/log_inprogress_6633 to /opt/src/hadoop-ozone/integration-test/target/test-dir/MiniOzoneClusterImpl-1994f8b8-dd4d-445c-bf25-0c6d40f9b14d/datanode-0/data/ratis/99d0acb8-99ce-4814-8259-30b6692cd68c/current/log_6633-6699
2019-06-14 08:43:15,932 INFO  client.GrpcClientProtocolClient (GrpcClientProtocolClient.java:onNext(254)) - client-2EC808601240->374189d0-76c5-49d2-81b4-45a4af1368a2: receive RaftClientReply:client-2EC808601240->374189d0-76c5-49d2-81b4-45a4af1368a2@group-30B6692CD68C, cid=4047, SUCCESS, logIndex=6699, commits[374189d0-76c5-49d2-81b4-45a4af1368a2:c6699]
2019-06-14 08:43:15,967 INFO  storage.RaftLogWorker (RaftLogWorker.java:execute(469)) - 374189d0-76c5-49d2-81b4-45a4af1368a2-RaftLogWorker: created new log segment /opt/src/hadoop-ozone/integration-test/target/test-dir/MiniOzoneClusterImpl-1994f8b8-dd4d-445c-bf25-0c6d40f9b14d/datanode-0/data/ratis/99d0acb8-99ce-4814-8259-30b6692cd68c/current/log_inprogress_6700
2019-06-14 08:43:15,968 INFO  client.GrpcClientProtocolClient (GrpcClientProtocolClient.java:onNext(254)) - client-2EC808601240->374189d0-76c5-49d2-81b4-45a4af1368a2: receive RaftClientReply:client-2EC808601240->374189d0-76c5-49d2-81b4-45a4af1368a2@group-30B6692CD68C, cid=4048, SUCCESS, logIndex=6700, commits[374189d0-76c5-49d2-81b4-45a4af1368a2:c6702]
2019-06-14 08:43:15,979 INFO  client.GrpcClientProtocolClient (GrpcClientProtocolClient.java:onNext(254)) - client-2EC808601240->374189d0-76c5-49d2-81b4-45a4af1368a2: receive RaftClientReply:client-2EC808601240->374189d0-76c5-49d2-81b4-45a4af1368a2@group-30B6692CD68C, cid=4049, SUCCESS, logIndex=6703, commits[374189d0-76c5-49d2-81b4-45a4af1368a2:c6703]
2019-06-14 08:43:15,981 INFO  client.GrpcClientProtocolClient (GrpcClientProtocolClient.java:onNext(254)) - client-2EC808601240->374189d0-76c5-49d2-81b4-45a4af1368a2: receive RaftClientReply:client-2EC808601240->374189d0-76c5-49d2-81b4-45a4af1368a2@group-30B6692CD68C, cid=4050, SUCCESS, logIndex=6705, commits[374189d0-76c5-49d2-81b4-45a4af1368a2:c6705]
2019-06-14 08:43:15,981 INFO  client.GrpcClientProtocolClient (GrpcClientProtocolClient.java:onNext(254)) - client-2EC808601240->374189d0-76c5-49d2-81b4-45a4af1368a2: receive RaftClientReply:client-2EC808601240->374189d0-76c5-49d2-81b4-45a4af1368a2@group-30B6692CD68C, cid=4051, SUCCESS, logIndex=6706, commits[374189d0-76c5-49d2-81b4-45a4af1368a2:c6708]
2019-06-14 08:43:15,981 INFO  client.GrpcClientProtocolClient (GrpcClientProtocolClient.java:onNext(254)) - client-2EC808601240->374189d0-76c5-49d2-81b4-45a4af1368a2: receive RaftClientReply:client-2EC808601240->374189d0-76c5-49d2-81b4-45a4af1368a2@group-30B6692CD68C, cid=4052, SUCCESS, logIndex=6708, commits[374189d0-76c5-49d2-81b4-45a4af1368a2:c6708]
2019-06-14 08:43:15,986 INFO  client.GrpcClientProtocolClient (GrpcClientProtocolClient.java:onNext(254)) - client-2EC808601240->374189d0-76c5-49d2-81b4-45a4af1368a2: receive RaftClientReply:client-2EC808601240->374189d0-76c5-49d2-81b4-45a4af1368a2@group-30B6692CD68C, cid=4053, SUCCESS, logIndex=6710, commits[374189d0-76c5-49d2-81b4-45a4af1368a2:c6710]
2019-06-14 08:43:15,988 INFO  client.GrpcClientProtocolClient (GrpcClientProtocolClient.java:onNext(254)) - client-2EC808601240->374189d0-76c5-49d2-81b4-45a4af1368a2: receive RaftClientReply:client-2EC808601240->374189d0-76c5-49d2-81b4-45a4af1368a2@group-30B6692CD68C, cid=4054, SUCCESS, logIndex=6712, commits[374189d0-76c5-49d2-81b4-45a4af1368a2:c6712]
2019-06-14 08:43:15,988 INFO  client.GrpcClientProtocolClient (GrpcClientProtocolClient.java:onNext(254)) - client-2EC808601240->374189d0-76c5-49d2-81b4-45a4af1368a2: receive RaftClientReply:client-2EC808601240->374189d0-76c5-49d2-81b4-45a4af1368a2@group-30B6692CD68C, cid=4055, SUCCESS, logIndex=6713, commits[374189d0-76c5-49d2-81b4-45a4af1368a2:c6714]
2019-06-14 08:43:15,989 INFO  client.GrpcClientProtocolClient (GrpcClientProtocolClient.java:onNext(254)) - client-2EC808601240->374189d0-76c5-49d2-81b4-45a4af1368a2: receive RaftClientReply:client-2EC808601240->374189d0-76c5-49d2-81b4-45a4af1368a2@group-30B6692CD68C, cid=4056, SUCCESS, logIndex=6714, commits[374189d0-76c5-49d2-81b4-45a4af1368a2:c6714]
2019-06-14 08:43:15,996 DEBUG block.SCMBlockDeletingService (SCMBlockDeletingService.java:call(138)) - Running DeletedBlockTransactionScanner
2019-06-14 08:43:15,996 DEBUG block.SCMBlockDeletingService (SCMBlockDeletingService.java:call(155)) - Scanned deleted blocks log and got 0 delTX to process.
2019-06-14 08:43:15,999 INFO  client.GrpcClientProtocolClient (GrpcClientProtocolClient.java:onNext(254)) - client-2EC808601240->374189d0-76c5-49d2-81b4-45a4af1368a2: receive RaftClientReply:client-2EC808601240->374189d0-76c5-49d2-81b4-45a4af1368a2@group-30B6692CD68C, cid=4057, SUCCESS, logIndex=6717, commits[374189d0-76c5-49d2-81b4-45a4af1368a2:c6717]
2019-06-14 08:43:16,000 INFO  client.GrpcClientProtocolClient (GrpcClientProtocolClient.java:onNext(254)) - client-2EC808601240->374189d0-76c5-49d2-81b4-45a4af1368a2: receive RaftClientReply:client-2EC808601240->374189d0-76c5-49d2-81b4-45a4af1368a2@group-30B6692CD68C, cid=4058, SUCCESS, logIndex=6719, commits[374189d0-76c5-49d2-81b4-45a4af1368a2:c6719]
2019-06-14 08:43:16,001 INFO  client.GrpcClientProtocolClient (GrpcClientProtocolClient.java:onNext(254)) - client-2EC808601240->374189d0-76c5-49d2-81b4-45a4af1368a2: receive RaftClientReply:client-2EC808601240->374189d0-76c5-49d2-81b4-45a4af1368a2@group-30B6692CD68C, cid=4059, SUCCESS, logIndex=6720, commits[374189d0-76c5-49d2-81b4-45a4af1368a2:c6722]
2019-06-14 08:43:16,001 INFO  client.GrpcClientProtocolClient (GrpcClientProtocolClient.java:onNext(254)) - client-2EC808601240->374189d0-76c5-49d2-81b4-45a4af1368a2: receive RaftClientReply:client-2EC808601240->374189d0-76c5-49d2-81b4-45a4af1368a2@group-30B6692CD68C, cid=4060, SUCCESS, logIndex=6721, commits[374189d0-76c5-49d2-81b4-45a4af1368a2:c6722]
2019-06-14 08:43:16,006 INFO  client.GrpcClientProtocolClient (GrpcClientProtocolClient.java:onNext(254)) - client-2EC808601240->374189d0-76c5-49d2-81b4-45a4af1368a2: receive RaftClientReply:client-2EC808601240->374189d0-76c5-49d2-81b4-45a4af1368a2@group-30B6692CD68C, cid=4061, SUCCESS, logIndex=6723, commits[374189d0-76c5-49d2-81b4-45a4af1368a2:c6723]
2019-06-14 08:43:16,007 INFO  client.GrpcClientProtocolClient (GrpcClientProtocolClient.java:onNext(254)) - client-2EC808601240->374189d0-76c5-49d2-81b4-45a4af1368a2: receive RaftClientReply:client-2EC808601240->374189d0-76c5-49d2-81b4-45a4af1368a2@group-30B6692CD68C, cid=4062, SUCCESS, logIndex=6725, commits[374189d0-76c5-49d2-81b4-45a4af1368a2:c6725]
2019-06-14 08:43:16,008 INFO  client.GrpcClientProtocolClient (GrpcClientProtocolClient.java:onNext(254)) - client-2EC808601240->374189d0-76c5-49d2-81b4-45a4af1368a2: receive RaftClientReply:client-2EC808601240->374189d0-76c5-49d2-81b4-45a4af1368a2@group-30B6692CD68C, cid=4063, SUCCESS, logIndex=6726, commits[374189d0-76c5-49d2-81b4-45a4af1368a2:c6728]
2019-06-14 08:43:16,008 INFO  client.GrpcClientProtocolClient (GrpcClientProtocolClient.java:onNext(254)) - client-2EC808601240->374189d0-76c5-49d2-81b4-45a4af1368a2: receive RaftClientReply:client-2EC808601240->374189d0-76c5-49d2-81b4-45a4af1368a2@group-30B6692CD68C, cid=4064, SUCCESS, logIndex=6727, commits[374189d0-76c5-49d2-81b4-45a4af1368a2:c6728]
2019-06-14 08:43:16,020 INFO  client.GrpcClientProtocolClient (GrpcClientProtocolClient.java:onNext(254)) - client-2EC808601240->374189d0-76c5-49d2-81b4-45a4af1368a2: receive RaftClientReply:client-2EC808601240->374189d0-76c5-49d2-81b4-45a4af1368a2@group-30B6692CD68C, cid=4065, SUCCESS, logIndex=6729, commits[374189d0-76c5-49d2-81b4-45a4af1368a2:c6729]
2019-06-14 08:43:16,021 INFO  client.GrpcClientProtocolClient (GrpcClientProtocolClient.java:onNext(254)) - client-2EC808601240->374189d0-76c5-49d2-81b4-45a4af1368a2: receive RaftClientReply:client-2EC808601240->374189d0-76c5-49d2-81b4-45a4af1368a2@group-30B6692CD68C, cid=4066, SUCCESS, logIndex=6731, commits[374189d0-76c5-49d2-81b4-45a4af1368a2:c6731]
2019-06-14 08:43:16,088 INFO  client.GrpcClientProtocolClient (GrpcClientProtocolClient.java:onNext(254)) - client-2EC808601240->374189d0-76c5-49d2-81b4-45a4af1368a2: receive RaftClientReply:client-2EC808601240->374189d0-76c5-49d2-81b4-45a4af1368a2@group-30B6692CD68C, cid=4067, SUCCESS, logIndex=6733, commits[374189d0-76c5-49d2-81b4-45a4af1368a2:c6733]
2019-06-14 08:43:16,089 INFO  client.GrpcClientProtocolClient (GrpcClientProtocolClient.java:onNext(254)) - client-2EC808601240->374189d0-76c5-49d2-81b4-45a4af1368a2: receive RaftClientReply:client-2EC808601240->374189d0-76c5-49d2-81b4-45a4af1368a2@group-30B6692CD68C, cid=4068, SUCCESS, logIndex=6735, commits[374189d0-76c5-49d2-81b4-45a4af1368a2:c6735]
2019-06-14 08:43:16,094 INFO  client.GrpcClientProtocolClient (GrpcClientProtocolClient.java:onNext(254)) - client-2EC808601240->374189d0-76c5-49d2-81b4-45a4af1368a2: receive RaftClientReply:client-2EC808601240->374189d0-76c5-49d2-81b4-45a4af1368a2@group-30B6692CD68C, cid=4069, SUCCESS, logIndex=6737, commits[374189d0-76c5-49d2-81b4-45a4af1368a2:c6737]
2019-06-14 08:43:16,095 INFO  client.GrpcClientProtocolClient (GrpcClientProtocolClient.java:onNext(254)) - client-2EC808601240->374189d0-76c5-49d2-81b4-45a4af1368a2: receive RaftClientReply:client-2EC808601240->374189d0-76c5-49d2-81b4-45a4af1368a2@group-30B6692CD68C, cid=4070, SUCCESS, logIndex=6739, commits[374189d0-76c5-49d2-81b4-45a4af1368a2:c6739]
2019-06-14 08:43:16,096 DEBUG block.SCMBlockDeletingService (SCMBlockDeletingService.java:call(138)) - Running DeletedBlockTransactionScanner
2019-06-14 08:43:16,096 DEBUG block.SCMBlockDeletingService (SCMBlockDeletingService.java:call(155)) - Scanned deleted blocks log and got 0 delTX to process.
2019-06-14 08:43:16,096 INFO  client.GrpcClientProtocolClient (GrpcClientProtocolClient.java:onNext(254)) - client-2EC808601240->374189d0-76c5-49d2-81b4-45a4af1368a2: receive RaftClientReply:client-2EC808601240->374189d0-76c5-49d2-81b4-45a4af1368a2@group-30B6692CD68C, cid=4071, SUCCESS, logIndex=6740, commits[374189d0-76c5-49d2-81b4-45a4af1368a2:c6742]
2019-06-14 08:43:16,097 INFO  client.GrpcClientProtocolClient (GrpcClientProtocolClient.java:onNext(254)) - client-2EC808601240->374189d0-76c5-49d2-81b4-45a4af1368a2: receive RaftClientReply:client-2EC808601240->374189d0-76c5-49d2-81b4-45a4af1368a2@group-30B6692CD68C, cid=4072, SUCCESS, logIndex=6741, commits[374189d0-76c5-49d2-81b4-45a4af1368a2:c6742]
2019-06-14 08:43:16,107 INFO  client.GrpcClientProtocolClient (GrpcClientProtocolClient.java:onNext(254)) - client-2EC808601240->374189d0-76c5-49d2-81b4-45a4af1368a2: receive RaftClientReply:client-2EC808601240->374189d0-76c5-49d2-81b4-45a4af1368a2@group-30B6692CD68C, cid=4073, SUCCESS, logIndex=6743, commits[374189d0-76c5-49d2-81b4-45a4af1368a2:c6743]
2019-06-14 08:43:16,108 INFO  client.GrpcClientProtocolClient (GrpcClientProtocolClient.java:onNext(254)) - client-2EC808601240->374189d0-76c5-49d2-81b4-45a4af1368a2: receive RaftClientReply:client-2EC808601240->374189d0-76c5-49d2-81b4-45a4af1368a2@group-30B6692CD68C, cid=4074, SUCCESS, logIndex=6745, commits[374189d0-76c5-49d2-81b4-45a4af1368a2:c6745]
2019-06-14 08:43:16,109 INFO  client.GrpcClientProtocolClient (GrpcClientProtocolClient.java:onNext(254)) - client-2EC808601240->374189d0-76c5-49d2-81b4-45a4af1368a2: receive RaftClientReply:client-2EC808601240->374189d0-76c5-49d2-81b4-45a4af1368a2@group-30B6692CD68C, cid=4075, SUCCESS, logIndex=6746, commits[374189d0-76c5-49d2-81b4-45a4af1368a2:c6748]
2019-06-14 08:43:16,109 INFO  client.GrpcClientProtocolClient (GrpcClientProtocolClient.java:onNext(254)) - client-2EC808601240->374189d0-76c5-49d2-81b4-45a4af1368a2: receive RaftClientReply:client-2EC808601240->374189d0-76c5-49d2-81b4-45a4af1368a2@group-30B6692CD68C, cid=4076, SUCCESS, logIndex=6747, commits[374189d0-76c5-49d2-81b4-45a4af1368a2:c6748]
2019-06-14 08:43:16,113 INFO  client.GrpcClientProtocolClient (GrpcClientProtocolClient.java:onNext(254)) - client-2EC808601240->374189d0-76c5-49d2-81b4-45a4af1368a2: receive RaftClientReply:client-2EC808601240->374189d0-76c5-49d2-81b4-45a4af1368a2@group-30B6692CD68C, cid=4077, SUCCESS, logIndex=6749, commits[374189d0-76c5-49d2-81b4-45a4af1368a2:c6749]
2019-06-14 08:43:16,114 INFO  client.GrpcClientProtocolClient (GrpcClientProtocolClient.java:onNext(254)) - client-2EC808601240->374189d0-76c5-49d2-81b4-45a4af1368a2: receive RaftClientReply:client-2EC808601240->374189d0-76c5-49d2-81b4-45a4af1368a2@group-30B6692CD68C, cid=4078, SUCCESS, logIndex=6751, commits[374189d0-76c5-49d2-81b4-45a4af1368a2:c6751]
2019-06-14 08:43:16,116 INFO  client.GrpcClientProtocolClient (GrpcClientProtocolClient.java:onNext(254)) - client-2EC808601240->374189d0-76c5-49d2-81b4-45a4af1368a2: receive RaftClientReply:client-2EC808601240->374189d0-76c5-49d2-81b4-45a4af1368a2@group-30B6692CD68C, cid=4079, SUCCESS, logIndex=6752, commits[374189d0-76c5-49d2-81b4-45a4af1368a2:c6754]
2019-06-14 08:43:16,116 INFO  client.GrpcClientProtocolClient (GrpcClientProtocolClient.java:onNext(254)) - client-2EC808601240->374189d0-76c5-49d2-81b4-45a4af1368a2: receive RaftClientReply:client-2EC808601240->374189d0-76c5-49d2-81b4-45a4af1368a2@group-30B6692CD68C, cid=4080, SUCCESS, logIndex=6753, commits[374189d0-76c5-49d2-81b4-45a4af1368a2:c6754]
2019-06-14 08:43:16,126 INFO  client.GrpcClientProtocolClient (GrpcClientProtocolClient.java:onNext(254)) - client-2EC808601240->374189d0-76c5-49d2-81b4-45a4af1368a2: receive RaftClientReply:client-2EC808601240->374189d0-76c5-49d2-81b4-45a4af1368a2@group-30B6692CD68C, cid=4081, SUCCESS, logIndex=6755, commits[374189d0-76c5-49d2-81b4-45a4af1368a2:c6755]
2019-06-14 08:43:16,127 INFO  client.GrpcClientProtocolClient (GrpcClientProtocolClient.java:onNext(254)) - client-2EC808601240->374189d0-76c5-49d2-81b4-45a4af1368a2: receive RaftClientReply:client-2EC808601240->374189d0-76c5-49d2-81b4-45a4af1368a2@group-30B6692CD68C, cid=4082, SUCCESS, logIndex=6757, commits[374189d0-76c5-49d2-81b4-45a4af1368a2:c6757]
2019-06-14 08:43:16,128 INFO  client.GrpcClientProtocolClient (GrpcClientProtocolClient.java:onNext(254)) - client-2EC808601240->374189d0-76c5-49d2-81b4-45a4af1368a2: receive RaftClientReply:client-2EC808601240->374189d0-76c5-49d2-81b4-45a4af1368a2@group-30B6692CD68C, cid=4083, SUCCESS, logIndex=6758, commits[374189d0-76c5-49d2-81b4-45a4af1368a2:c6760]
2019-06-14 08:43:16,128 INFO  client.GrpcClientProtocolClient (GrpcClientProtocolClient.java:onNext(254)) - client-2EC808601240->374189d0-76c5-49d2-81b4-45a4af1368a2: receive RaftClientReply:client-2EC808601240->374189d0-76c5-49d2-81b4-45a4af1368a2@group-30B6692CD68C, cid=4084, SUCCESS, logIndex=6759, commits[374189d0-76c5-49d2-81b4-45a4af1368a2:c6760]
2019-06-14 08:43:16,133 INFO  client.GrpcClientProtocolClient (GrpcClientProtocolClient.java:onNext(254)) - client-2EC808601240->374189d0-76c5-49d2-81b4-45a4af1368a2: receive RaftClientReply:client-2EC808601240->374189d0-76c5-49d2-81b4-45a4af1368a2@group-30B6692CD68C, cid=4085, SUCCESS, logIndex=6761, commits[374189d0-76c5-49d2-81b4-45a4af1368a2:c6761]
2019-06-14 08:43:16,135 INFO  client.GrpcClientProtocolClient (GrpcClientProtocolClient.java:onNext(254)) - client-2EC808601240->374189d0-76c5-49d2-81b4-45a4af1368a2: receive RaftClientReply:client-2EC808601240->374189d0-76c5-49d2-81b4-45a4af1368a2@group-30B6692CD68C, cid=4086, SUCCESS, logIndex=6763, commits[374189d0-76c5-49d2-81b4-45a4af1368a2:c6763]
2019-06-14 08:43:16,136 INFO  client.GrpcClientProtocolClient (GrpcClientProtocolClient.java:onNext(254)) - client-2EC808601240->374189d0-76c5-49d2-81b4-45a4af1368a2: receive RaftClientReply:client-2EC808601240->374189d0-76c5-49d2-81b4-45a4af1368a2@group-30B6692CD68C, cid=4087, SUCCESS, logIndex=6764, commits[374189d0-76c5-49d2-81b4-45a4af1368a2:c6766]
2019-06-14 08:43:16,136 INFO  client.GrpcClientProtocolClient (GrpcClientProtocolClient.java:onNext(254)) - client-2EC808601240->374189d0-76c5-49d2-81b4-45a4af1368a2: receive RaftClientReply:client-2EC808601240->374189d0-76c5-49d2-81b4-45a4af1368a2@group-30B6692CD68C, cid=4088, SUCCESS, logIndex=6765, commits[374189d0-76c5-49d2-81b4-45a4af1368a2:c6766]
2019-06-14 08:43:16,152 INFO  client.GrpcClientProtocolClient (GrpcClientProtocolClient.java:onNext(254)) - client-2EC808601240->374189d0-76c5-49d2-81b4-45a4af1368a2: receive RaftClientReply:client-2EC808601240->374189d0-76c5-49d2-81b4-45a4af1368a2@group-30B6692CD68C, cid=4089, SUCCESS, logIndex=6767, commits[374189d0-76c5-49d2-81b4-45a4af1368a2:c6767]
2019-06-14 08:43:16,152 INFO  storage.RaftLogWorker (RaftLogWorker.java:rollLogSegment(303)) - 374189d0-76c5-49d2-81b4-45a4af1368a2-RaftLogWorker: Rolling segment log-6700_6769 to index:6769
2019-06-14 08:43:16,152 INFO  storage.RaftLogWorker (RaftLogWorker.java:execute(433)) - 374189d0-76c5-49d2-81b4-45a4af1368a2-RaftLogWorker: Rolled log segment from /opt/src/hadoop-ozone/integration-test/target/test-dir/MiniOzoneClusterImpl-1994f8b8-dd4d-445c-bf25-0c6d40f9b14d/datanode-0/data/ratis/99d0acb8-99ce-4814-8259-30b6692cd68c/current/log_inprogress_6700 to /opt/src/hadoop-ozone/integration-test/target/test-dir/MiniOzoneClusterImpl-1994f8b8-dd4d-445c-bf25-0c6d40f9b14d/datanode-0/data/ratis/99d0acb8-99ce-4814-8259-30b6692cd68c/current/log_6700-6769
2019-06-14 08:43:16,154 INFO  client.GrpcClientProtocolClient (GrpcClientProtocolClient.java:onNext(254)) - client-2EC808601240->374189d0-76c5-49d2-81b4-45a4af1368a2: receive RaftClientReply:client-2EC808601240->374189d0-76c5-49d2-81b4-45a4af1368a2@group-30B6692CD68C, cid=4090, SUCCESS, logIndex=6769, commits[374189d0-76c5-49d2-81b4-45a4af1368a2:c6769]
2019-06-14 08:43:16,189 INFO  storage.RaftLogWorker (RaftLogWorker.java:execute(469)) - 374189d0-76c5-49d2-81b4-45a4af1368a2-RaftLogWorker: created new log segment /opt/src/hadoop-ozone/integration-test/target/test-dir/MiniOzoneClusterImpl-1994f8b8-dd4d-445c-bf25-0c6d40f9b14d/datanode-0/data/ratis/99d0acb8-99ce-4814-8259-30b6692cd68c/current/log_inprogress_6770
2019-06-14 08:43:16,191 INFO  client.GrpcClientProtocolClient (GrpcClientProtocolClient.java:onNext(254)) - client-2EC808601240->374189d0-76c5-49d2-81b4-45a4af1368a2: receive RaftClientReply:client-2EC808601240->374189d0-76c5-49d2-81b4-45a4af1368a2@group-30B6692CD68C, cid=4091, SUCCESS, logIndex=6770, commits[374189d0-76c5-49d2-81b4-45a4af1368a2:c6772]
2019-06-14 08:43:16,191 INFO  client.GrpcClientProtocolClient (GrpcClientProtocolClient.java:onNext(254)) - client-2EC808601240->374189d0-76c5-49d2-81b4-45a4af1368a2: receive RaftClientReply:client-2EC808601240->374189d0-76c5-49d2-81b4-45a4af1368a2@group-30B6692CD68C, cid=4092, SUCCESS, logIndex=6772, commits[374189d0-76c5-49d2-81b4-45a4af1368a2:c6773]
2019-06-14 08:43:16,196 DEBUG block.SCMBlockDeletingService (SCMBlockDeletingService.java:call(138)) - Running DeletedBlockTransactionScanner
2019-06-14 08:43:16,197 DEBUG block.SCMBlockDeletingService (SCMBlockDeletingService.java:call(155)) - Scanned deleted blocks log and got 0 delTX to process.
2019-06-14 08:43:16,200 INFO  client.GrpcClientProtocolClient (GrpcClientProtocolClient.java:onNext(254)) - client-2EC808601240->374189d0-76c5-49d2-81b4-45a4af1368a2: receive RaftClientReply:client-2EC808601240->374189d0-76c5-49d2-81b4-45a4af1368a2@group-30B6692CD68C, cid=4093, SUCCESS, logIndex=6774, commits[374189d0-76c5-49d2-81b4-45a4af1368a2:c6774]
2019-06-14 08:43:16,200 INFO  client.GrpcClientProtocolClient (GrpcClientProtocolClient.java:onNext(254)) - client-2EC808601240->374189d0-76c5-49d2-81b4-45a4af1368a2: receive RaftClientReply:client-2EC808601240->374189d0-76c5-49d2-81b4-45a4af1368a2@group-30B6692CD68C, cid=4094, SUCCESS, logIndex=6776, commits[374189d0-76c5-49d2-81b4-45a4af1368a2:c6776]
2019-06-14 08:43:16,200 INFO  client.GrpcClientProtocolClient (GrpcClientProtocolClient.java:onNext(254)) - client-2EC808601240->374189d0-76c5-49d2-81b4-45a4af1368a2: receive RaftClientReply:client-2EC808601240->374189d0-76c5-49d2-81b4-45a4af1368a2@group-30B6692CD68C, cid=4095, SUCCESS, logIndex=6777, commits[374189d0-76c5-49d2-81b4-45a4af1368a2:c6779]
2019-06-14 08:43:16,200 INFO  client.GrpcClientProtocolClient (GrpcClientProtocolClient.java:onNext(254)) - client-2EC808601240->374189d0-76c5-49d2-81b4-45a4af1368a2: receive RaftClientReply:client-2EC808601240->374189d0-76c5-49d2-81b4-45a4af1368a2@group-30B6692CD68C, cid=4096, SUCCESS, logIndex=6778, commits[374189d0-76c5-49d2-81b4-45a4af1368a2:c6779]
2019-06-14 08:43:16,213 INFO  client.GrpcClientProtocolClient (GrpcClientProtocolClient.java:onNext(254)) - client-2EC808601240->374189d0-76c5-49d2-81b4-45a4af1368a2: receive RaftClientReply:client-2EC808601240->374189d0-76c5-49d2-81b4-45a4af1368a2@group-30B6692CD68C, cid=4097, SUCCESS, logIndex=6780, commits[374189d0-76c5-49d2-81b4-45a4af1368a2:c6780]
2019-06-14 08:43:16,215 INFO  client.GrpcClientProtocolClient (GrpcClientProtocolClient.java:onNext(254)) - client-2EC808601240->374189d0-76c5-49d2-81b4-45a4af1368a2: receive RaftClientReply:client-2EC808601240->374189d0-76c5-49d2-81b4-45a4af1368a2@group-30B6692CD68C, cid=4098, SUCCESS, logIndex=6782, commits[374189d0-76c5-49d2-81b4-45a4af1368a2:c6782]
2019-06-14 08:43:16,216 INFO  client.GrpcClientProtocolClient (GrpcClientProtocolClient.java:onNext(254)) - client-2EC808601240->374189d0-76c5-49d2-81b4-45a4af1368a2: receive RaftClientReply:client-2EC808601240->374189d0-76c5-49d2-81b4-45a4af1368a2@group-30B6692CD68C, cid=4099, SUCCESS, logIndex=6783, commits[374189d0-76c5-49d2-81b4-45a4af1368a2:c6785]
2019-06-14 08:43:16,216 INFO  client.GrpcClientProtocolClient (GrpcClientProtocolClient.java:onNext(254)) - client-2EC808601240->374189d0-76c5-49d2-81b4-45a4af1368a2: receive RaftClientReply:client-2EC808601240->374189d0-76c5-49d2-81b4-45a4af1368a2@group-30B6692CD68C, cid=4100, SUCCESS, logIndex=6784, commits[374189d0-76c5-49d2-81b4-45a4af1368a2:c6785]
2019-06-14 08:43:16,468 DEBUG block.SCMBlockDeletingService (SCMBlockDeletingService.java:call(138)) - Running DeletedBlockTransactionScanner
2019-06-14 08:43:16,468 DEBUG block.SCMBlockDeletingService (SCMBlockDeletingService.java:call(155)) - Scanned deleted blocks log and got 0 delTX to process.
2019-06-14 08:43:16,479 INFO  client.GrpcClientProtocolClient (GrpcClientProtocolClient.java:onNext(254)) - client-2EC808601240->374189d0-76c5-49d2-81b4-45a4af1368a2: receive RaftClientReply:client-2EC808601240->374189d0-76c5-49d2-81b4-45a4af1368a2@group-30B6692CD68C, cid=4101, SUCCESS, logIndex=6786, commits[374189d0-76c5-49d2-81b4-45a4af1368a2:c6786]
2019-06-14 08:43:16,484 INFO  client.GrpcClientProtocolClient (GrpcClientProtocolClient.java:onNext(254)) - client-2EC808601240->374189d0-76c5-49d2-81b4-45a4af1368a2: receive RaftClientReply:client-2EC808601240->374189d0-76c5-49d2-81b4-45a4af1368a2@group-30B6692CD68C, cid=4102, SUCCESS, logIndex=6788, commits[374189d0-76c5-49d2-81b4-45a4af1368a2:c6789]
2019-06-14 08:43:16,486 INFO  client.GrpcClientProtocolClient (GrpcClientProtocolClient.java:onNext(254)) - client-2EC808601240->374189d0-76c5-49d2-81b4-45a4af1368a2: receive RaftClientReply:client-2EC808601240->374189d0-76c5-49d2-81b4-45a4af1368a2@group-30B6692CD68C, cid=4103, SUCCESS, logIndex=6790, commits[374189d0-76c5-49d2-81b4-45a4af1368a2:c6791]
2019-06-14 08:43:16,486 INFO  client.GrpcClientProtocolClient (GrpcClientProtocolClient.java:onNext(254)) - client-2EC808601240->374189d0-76c5-49d2-81b4-45a4af1368a2: receive RaftClientReply:client-2EC808601240->374189d0-76c5-49d2-81b4-45a4af1368a2@group-30B6692CD68C, cid=4104, SUCCESS, logIndex=6791, commits[374189d0-76c5-49d2-81b4-45a4af1368a2:c6791]
2019-06-14 08:43:16,501 INFO  client.GrpcClientProtocolClient (GrpcClientProtocolClient.java:onNext(254)) - client-2EC808601240->374189d0-76c5-49d2-81b4-45a4af1368a2: receive RaftClientReply:client-2EC808601240->374189d0-76c5-49d2-81b4-45a4af1368a2@group-30B6692CD68C, cid=4105, SUCCESS, logIndex=6793, commits[374189d0-76c5-49d2-81b4-45a4af1368a2:c6793]
2019-06-14 08:43:16,502 INFO  client.GrpcClientProtocolClient (GrpcClientProtocolClient.java:onNext(254)) - client-2EC808601240->374189d0-76c5-49d2-81b4-45a4af1368a2: receive RaftClientReply:client-2EC808601240->374189d0-76c5-49d2-81b4-45a4af1368a2@group-30B6692CD68C, cid=4106, SUCCESS, logIndex=6795, commits[374189d0-76c5-49d2-81b4-45a4af1368a2:c6795]
2019-06-14 08:43:16,503 INFO  client.GrpcClientProtocolClient (GrpcClientProtocolClient.java:onNext(254)) - client-2EC808601240->374189d0-76c5-49d2-81b4-45a4af1368a2: receive RaftClientReply:client-2EC808601240->374189d0-76c5-49d2-81b4-45a4af1368a2@group-30B6692CD68C, cid=4107, SUCCESS, logIndex=6796, commits[374189d0-76c5-49d2-81b4-45a4af1368a2:c6798]
2019-06-14 08:43:16,504 INFO  client.GrpcClientProtocolClient (GrpcClientProtocolClient.java:onNext(254)) - client-2EC808601240->374189d0-76c5-49d2-81b4-45a4af1368a2: receive RaftClientReply:client-2EC808601240->374189d0-76c5-49d2-81b4-45a4af1368a2@group-30B6692CD68C, cid=4108, SUCCESS, logIndex=6797, commits[374189d0-76c5-49d2-81b4-45a4af1368a2:c6798]
2019-06-14 08:43:16,509 INFO  client.GrpcClientProtocolClient (GrpcClientProtocolClient.java:onNext(254)) - client-2EC808601240->374189d0-76c5-49d2-81b4-45a4af1368a2: receive RaftClientReply:client-2EC808601240->374189d0-76c5-49d2-81b4-45a4af1368a2@group-30B6692CD68C, cid=4109, SUCCESS, logIndex=6799, commits[374189d0-76c5-49d2-81b4-45a4af1368a2:c6799]
2019-06-14 08:43:16,510 INFO  client.GrpcClientProtocolClient (GrpcClientProtocolClient.java:onNext(254)) - client-2EC808601240->374189d0-76c5-49d2-81b4-45a4af1368a2: receive RaftClientReply:client-2EC808601240->374189d0-76c5-49d2-81b4-45a4af1368a2@group-30B6692CD68C, cid=4110, SUCCESS, logIndex=6801, commits[374189d0-76c5-49d2-81b4-45a4af1368a2:c6801]
2019-06-14 08:43:16,568 DEBUG block.SCMBlockDeletingService (SCMBlockDeletingService.java:call(138)) - Running DeletedBlockTransactionScanner
2019-06-14 08:43:16,569 DEBUG block.SCMBlockDeletingService (SCMBlockDeletingService.java:call(155)) - Scanned deleted blocks log and got 0 delTX to process.
2019-06-14 08:43:16,589 INFO  client.GrpcClientProtocolClient (GrpcClientProtocolClient.java:onNext(254)) - client-2EC808601240->374189d0-76c5-49d2-81b4-45a4af1368a2: receive RaftClientReply:client-2EC808601240->374189d0-76c5-49d2-81b4-45a4af1368a2@group-30B6692CD68C, cid=4111, SUCCESS, logIndex=6803, commits[374189d0-76c5-49d2-81b4-45a4af1368a2:c6803]
2019-06-14 08:43:16,590 INFO  client.GrpcClientProtocolClient (GrpcClientProtocolClient.java:onNext(254)) - client-2EC808601240->374189d0-76c5-49d2-81b4-45a4af1368a2: receive RaftClientReply:client-2EC808601240->374189d0-76c5-49d2-81b4-45a4af1368a2@group-30B6692CD68C, cid=4112, SUCCESS, logIndex=6805, commits[374189d0-76c5-49d2-81b4-45a4af1368a2:c6805]
2019-06-14 08:43:16,601 INFO  client.GrpcClientProtocolClient (GrpcClientProtocolClient.java:onNext(254)) - client-2EC808601240->374189d0-76c5-49d2-81b4-45a4af1368a2: receive RaftClientReply:client-2EC808601240->374189d0-76c5-49d2-81b4-45a4af1368a2@group-30B6692CD68C, cid=4113, SUCCESS, logIndex=6807, commits[374189d0-76c5-49d2-81b4-45a4af1368a2:c6807]
2019-06-14 08:43:16,603 INFO  client.GrpcClientProtocolClient (GrpcClientProtocolClient.java:onNext(254)) - client-2EC808601240->374189d0-76c5-49d2-81b4-45a4af1368a2: receive RaftClientReply:client-2EC808601240->374189d0-76c5-49d2-81b4-45a4af1368a2@group-30B6692CD68C, cid=4114, SUCCESS, logIndex=6809, commits[374189d0-76c5-49d2-81b4-45a4af1368a2:c6809]
2019-06-14 08:43:16,604 INFO  client.GrpcClientProtocolClient (GrpcClientProtocolClient.java:onNext(254)) - client-2EC808601240->374189d0-76c5-49d2-81b4-45a4af1368a2: receive RaftClientReply:client-2EC808601240->374189d0-76c5-49d2-81b4-45a4af1368a2@group-30B6692CD68C, cid=4115, SUCCESS, logIndex=6810, commits[374189d0-76c5-49d2-81b4-45a4af1368a2:c6812]
2019-06-14 08:43:16,604 INFO  client.GrpcClientProtocolClient (GrpcClientProtocolClient.java:onNext(254)) - client-2EC808601240->374189d0-76c5-49d2-81b4-45a4af1368a2: receive RaftClientReply:client-2EC808601240->374189d0-76c5-49d2-81b4-45a4af1368a2@group-30B6692CD68C, cid=4116, SUCCESS, logIndex=6811, commits[374189d0-76c5-49d2-81b4-45a4af1368a2:c6812]
2019-06-14 08:43:16,609 INFO  client.GrpcClientProtocolClient (GrpcClientProtocolClient.java:onNext(254)) - client-2EC808601240->374189d0-76c5-49d2-81b4-45a4af1368a2: receive RaftClientReply:client-2EC808601240->374189d0-76c5-49d2-81b4-45a4af1368a2@group-30B6692CD68C, cid=4117, SUCCESS, logIndex=6813, commits[374189d0-76c5-49d2-81b4-45a4af1368a2:c6813]
2019-06-14 08:43:16,610 INFO  client.GrpcClientProtocolClient (GrpcClientProtocolClient.java:onNext(254)) - client-2EC808601240->374189d0-76c5-49d2-81b4-45a4af1368a2: receive RaftClientReply:client-2EC808601240->374189d0-76c5-49d2-81b4-45a4af1368a2@group-30B6692CD68C, cid=4118, SUCCESS, logIndex=6815, commits[374189d0-76c5-49d2-81b4-45a4af1368a2:c6815]
2019-06-14 08:43:16,611 INFO  client.GrpcClientProtocolClient (GrpcClientProtocolClient.java:onNext(254)) - client-2EC808601240->374189d0-76c5-49d2-81b4-45a4af1368a2: receive RaftClientReply:client-2EC808601240->374189d0-76c5-49d2-81b4-45a4af1368a2@group-30B6692CD68C, cid=4119, SUCCESS, logIndex=6816, commits[374189d0-76c5-49d2-81b4-45a4af1368a2:c6818]
2019-06-14 08:43:16,611 INFO  client.GrpcClientProtocolClient (GrpcClientProtocolClient.java:onNext(254)) - client-2EC808601240->374189d0-76c5-49d2-81b4-45a4af1368a2: receive RaftClientReply:client-2EC808601240->374189d0-76c5-49d2-81b4-45a4af1368a2@group-30B6692CD68C, cid=4120, SUCCESS, logIndex=6817, commits[374189d0-76c5-49d2-81b4-45a4af1368a2:c6818]
2019-06-14 08:43:16,622 INFO  client.GrpcClientProtocolClient (GrpcClientProtocolClient.java:onNext(254)) - client-2EC808601240->374189d0-76c5-49d2-81b4-45a4af1368a2: receive RaftClientReply:client-2EC808601240->374189d0-76c5-49d2-81b4-45a4af1368a2@group-30B6692CD68C, cid=4121, SUCCESS, logIndex=6819, commits[374189d0-76c5-49d2-81b4-45a4af1368a2:c6819]
2019-06-14 08:43:16,623 INFO  client.GrpcClientProtocolClient (GrpcClientProtocolClient.java:onNext(254)) - client-2EC808601240->374189d0-76c5-49d2-81b4-45a4af1368a2: receive RaftClientReply:client-2EC808601240->374189d0-76c5-49d2-81b4-45a4af1368a2@group-30B6692CD68C, cid=4122, SUCCESS, logIndex=6821, commits[374189d0-76c5-49d2-81b4-45a4af1368a2:c6821]
2019-06-14 08:43:16,625 INFO  client.GrpcClientProtocolClient (GrpcClientProtocolClient.java:onNext(254)) - client-2EC808601240->374189d0-76c5-49d2-81b4-45a4af1368a2: receive RaftClientReply:client-2EC808601240->374189d0-76c5-49d2-81b4-45a4af1368a2@group-30B6692CD68C, cid=4123, SUCCESS, logIndex=6822, commits[374189d0-76c5-49d2-81b4-45a4af1368a2:c6824]
2019-06-14 08:43:16,625 INFO  client.GrpcClientProtocolClient (GrpcClientProtocolClient.java:onNext(254)) - client-2EC808601240->374189d0-76c5-49d2-81b4-45a4af1368a2: receive RaftClientReply:client-2EC808601240->374189d0-76c5-49d2-81b4-45a4af1368a2@group-30B6692CD68C, cid=4124, SUCCESS, logIndex=6823, commits[374189d0-76c5-49d2-81b4-45a4af1368a2:c6824]
2019-06-14 08:43:16,629 INFO  client.GrpcClientProtocolClient (GrpcClientProtocolClient.java:onNext(254)) - client-2EC808601240->374189d0-76c5-49d2-81b4-45a4af1368a2: receive RaftClientReply:client-2EC808601240->374189d0-76c5-49d2-81b4-45a4af1368a2@group-30B6692CD68C, cid=4125, SUCCESS, logIndex=6825, commits[374189d0-76c5-49d2-81b4-45a4af1368a2:c6825]
2019-06-14 08:43:16,630 INFO  client.GrpcClientProtocolClient (GrpcClientProtocolClient.java:onNext(254)) - client-2EC808601240->374189d0-76c5-49d2-81b4-45a4af1368a2: receive RaftClientReply:client-2EC808601240->374189d0-76c5-49d2-81b4-45a4af1368a2@group-30B6692CD68C, cid=4126, SUCCESS, logIndex=6827, commits[374189d0-76c5-49d2-81b4-45a4af1368a2:c6827]
2019-06-14 08:43:16,631 INFO  client.GrpcClientProtocolClient (GrpcClientProtocolClient.java:onNext(254)) - client-2EC808601240->374189d0-76c5-49d2-81b4-45a4af1368a2: receive RaftClientReply:client-2EC808601240->374189d0-76c5-49d2-81b4-45a4af1368a2@group-30B6692CD68C, cid=4127, SUCCESS, logIndex=6828, commits[374189d0-76c5-49d2-81b4-45a4af1368a2:c6830]
2019-06-14 08:43:16,632 INFO  client.GrpcClientProtocolClient (GrpcClientProtocolClient.java:onNext(254)) - client-2EC808601240->374189d0-76c5-49d2-81b4-45a4af1368a2: receive RaftClientReply:client-2EC808601240->374189d0-76c5-49d2-81b4-45a4af1368a2@group-30B6692CD68C, cid=4128, SUCCESS, logIndex=6829, commits[374189d0-76c5-49d2-81b4-45a4af1368a2:c6830]
2019-06-14 08:43:16,645 INFO  client.GrpcClientProtocolClient (GrpcClientProtocolClient.java:onNext(254)) - client-2EC808601240->374189d0-76c5-49d2-81b4-45a4af1368a2: receive RaftClientReply:client-2EC808601240->374189d0-76c5-49d2-81b4-45a4af1368a2@group-30B6692CD68C, cid=4129, SUCCESS, logIndex=6831, commits[374189d0-76c5-49d2-81b4-45a4af1368a2:c6831]
2019-06-14 08:43:16,646 INFO  client.GrpcClientProtocolClient (GrpcClientProtocolClient.java:onNext(254)) - client-2EC808601240->374189d0-76c5-49d2-81b4-45a4af1368a2: receive RaftClientReply:client-2EC808601240->374189d0-76c5-49d2-81b4-45a4af1368a2@group-30B6692CD68C, cid=4130, SUCCESS, logIndex=6833, commits[374189d0-76c5-49d2-81b4-45a4af1368a2:c6833]
2019-06-14 08:43:16,647 INFO  client.GrpcClientProtocolClient (GrpcClientProtocolClient.java:onNext(254)) - client-2EC808601240->374189d0-76c5-49d2-81b4-45a4af1368a2: receive RaftClientReply:client-2EC808601240->374189d0-76c5-49d2-81b4-45a4af1368a2@group-30B6692CD68C, cid=4131, SUCCESS, logIndex=6834, commits[374189d0-76c5-49d2-81b4-45a4af1368a2:c6836]
2019-06-14 08:43:16,647 INFO  client.GrpcClientProtocolClient (GrpcClientProtocolClient.java:onNext(254)) - client-2EC808601240->374189d0-76c5-49d2-81b4-45a4af1368a2: receive RaftClientReply:client-2EC808601240->374189d0-76c5-49d2-81b4-45a4af1368a2@group-30B6692CD68C, cid=4132, SUCCESS, logIndex=6835, commits[374189d0-76c5-49d2-81b4-45a4af1368a2:c6836]
2019-06-14 08:43:16,652 INFO  client.GrpcClientProtocolClient (GrpcClientProtocolClient.java:onNext(254)) - client-2EC808601240->374189d0-76c5-49d2-81b4-45a4af1368a2: receive RaftClientReply:client-2EC808601240->374189d0-76c5-49d2-81b4-45a4af1368a2@group-30B6692CD68C, cid=4133, SUCCESS, logIndex=6837, commits[374189d0-76c5-49d2-81b4-45a4af1368a2:c6837]
2019-06-14 08:43:16,652 INFO  storage.RaftLogWorker (RaftLogWorker.java:rollLogSegment(303)) - 374189d0-76c5-49d2-81b4-45a4af1368a2-RaftLogWorker: Rolling segment log-6770_6838 to index:6838
2019-06-14 08:43:16,652 INFO  storage.RaftLogWorker (RaftLogWorker.java:execute(433)) - 374189d0-76c5-49d2-81b4-45a4af1368a2-RaftLogWorker: Rolled log segment from /opt/src/hadoop-ozone/integration-test/target/test-dir/MiniOzoneClusterImpl-1994f8b8-dd4d-445c-bf25-0c6d40f9b14d/datanode-0/data/ratis/99d0acb8-99ce-4814-8259-30b6692cd68c/current/log_inprogress_6770 to /opt/src/hadoop-ozone/integration-test/target/test-dir/MiniOzoneClusterImpl-1994f8b8-dd4d-445c-bf25-0c6d40f9b14d/datanode-0/data/ratis/99d0acb8-99ce-4814-8259-30b6692cd68c/current/log_6770-6838
2019-06-14 08:43:16,669 DEBUG block.SCMBlockDeletingService (SCMBlockDeletingService.java:call(138)) - Running DeletedBlockTransactionScanner
2019-06-14 08:43:16,669 DEBUG block.SCMBlockDeletingService (SCMBlockDeletingService.java:call(155)) - Scanned deleted blocks log and got 0 delTX to process.
2019-06-14 08:43:16,688 INFO  storage.RaftLogWorker (RaftLogWorker.java:execute(469)) - 374189d0-76c5-49d2-81b4-45a4af1368a2-RaftLogWorker: created new log segment /opt/src/hadoop-ozone/integration-test/target/test-dir/MiniOzoneClusterImpl-1994f8b8-dd4d-445c-bf25-0c6d40f9b14d/datanode-0/data/ratis/99d0acb8-99ce-4814-8259-30b6692cd68c/current/log_inprogress_6839
2019-06-14 08:43:16,690 INFO  client.GrpcClientProtocolClient (GrpcClientProtocolClient.java:onNext(254)) - client-2EC808601240->374189d0-76c5-49d2-81b4-45a4af1368a2: receive RaftClientReply:client-2EC808601240->374189d0-76c5-49d2-81b4-45a4af1368a2@group-30B6692CD68C, cid=4134, SUCCESS, logIndex=6839, commits[374189d0-76c5-49d2-81b4-45a4af1368a2:c6841]
2019-06-14 08:43:16,690 INFO  client.GrpcClientProtocolClient (GrpcClientProtocolClient.java:onNext(254)) - client-2EC808601240->374189d0-76c5-49d2-81b4-45a4af1368a2: receive RaftClientReply:client-2EC808601240->374189d0-76c5-49d2-81b4-45a4af1368a2@group-30B6692CD68C, cid=4135, SUCCESS, logIndex=6840, commits[374189d0-76c5-49d2-81b4-45a4af1368a2:c6842]
2019-06-14 08:43:16,690 INFO  client.GrpcClientProtocolClient (GrpcClientProtocolClient.java:onNext(254)) - client-2EC808601240->374189d0-76c5-49d2-81b4-45a4af1368a2: receive RaftClientReply:client-2EC808601240->374189d0-76c5-49d2-81b4-45a4af1368a2@group-30B6692CD68C, cid=4136, SUCCESS, logIndex=6841, commits[374189d0-76c5-49d2-81b4-45a4af1368a2:c6842]
2019-06-14 08:43:16,703 INFO  client.GrpcClientProtocolClient (GrpcClientProtocolClient.java:onNext(254)) - client-2EC808601240->374189d0-76c5-49d2-81b4-45a4af1368a2: receive RaftClientReply:client-2EC808601240->374189d0-76c5-49d2-81b4-45a4af1368a2@group-30B6692CD68C, cid=4137, SUCCESS, logIndex=6843, commits[374189d0-76c5-49d2-81b4-45a4af1368a2:c6843]
2019-06-14 08:43:16,704 INFO  client.GrpcClientProtocolClient (GrpcClientProtocolClient.java:onNext(254)) - client-2EC808601240->374189d0-76c5-49d2-81b4-45a4af1368a2: receive RaftClientReply:client-2EC808601240->374189d0-76c5-49d2-81b4-45a4af1368a2@group-30B6692CD68C, cid=4138, SUCCESS, logIndex=6845, commits[374189d0-76c5-49d2-81b4-45a4af1368a2:c6845]
2019-06-14 08:43:16,706 INFO  client.GrpcClientProtocolClient (GrpcClientProtocolClient.java:onNext(254)) - client-2EC808601240->374189d0-76c5-49d2-81b4-45a4af1368a2: receive RaftClientReply:client-2EC808601240->374189d0-76c5-49d2-81b4-45a4af1368a2@group-30B6692CD68C, cid=4139, SUCCESS, logIndex=6846, commits[374189d0-76c5-49d2-81b4-45a4af1368a2:c6848]
2019-06-14 08:43:16,706 INFO  client.GrpcClientProtocolClient (GrpcClientProtocolClient.java:onNext(254)) - client-2EC808601240->374189d0-76c5-49d2-81b4-45a4af1368a2: receive RaftClientReply:client-2EC808601240->374189d0-76c5-49d2-81b4-45a4af1368a2@group-30B6692CD68C, cid=4140, SUCCESS, logIndex=6847, commits[374189d0-76c5-49d2-81b4-45a4af1368a2:c6848]
2019-06-14 08:43:16,711 INFO  client.GrpcClientProtocolClient (GrpcClientProtocolClient.java:onNext(254)) - client-2EC808601240->374189d0-76c5-49d2-81b4-45a4af1368a2: receive RaftClientReply:client-2EC808601240->374189d0-76c5-49d2-81b4-45a4af1368a2@group-30B6692CD68C, cid=4141, SUCCESS, logIndex=6849, commits[374189d0-76c5-49d2-81b4-45a4af1368a2:c6849]
2019-06-14 08:43:16,712 INFO  client.GrpcClientProtocolClient (GrpcClientProtocolClient.java:onNext(254)) - client-2EC808601240->374189d0-76c5-49d2-81b4-45a4af1368a2: receive RaftClientReply:client-2EC808601240->374189d0-76c5-49d2-81b4-45a4af1368a2@group-30B6692CD68C, cid=4142, SUCCESS, logIndex=6851, commits[374189d0-76c5-49d2-81b4-45a4af1368a2:c6851]
2019-06-14 08:43:16,713 INFO  client.GrpcClientProtocolClient (GrpcClientProtocolClient.java:onNext(254)) - client-2EC808601240->374189d0-76c5-49d2-81b4-45a4af1368a2: receive RaftClientReply:client-2EC808601240->374189d0-76c5-49d2-81b4-45a4af1368a2@group-30B6692CD68C, cid=4143, SUCCESS, logIndex=6852, commits[374189d0-76c5-49d2-81b4-45a4af1368a2:c6854]
2019-06-14 08:43:16,713 INFO  client.GrpcClientProtocolClient (GrpcClientProtocolClient.java:onNext(254)) - client-2EC808601240->374189d0-76c5-49d2-81b4-45a4af1368a2: receive RaftClientReply:client-2EC808601240->374189d0-76c5-49d2-81b4-45a4af1368a2@group-30B6692CD68C, cid=4144, SUCCESS, logIndex=6853, commits[374189d0-76c5-49d2-81b4-45a4af1368a2:c6854]
2019-06-14 08:43:16,724 INFO  client.GrpcClientProtocolClient (GrpcClientProtocolClient.java:onNext(254)) - client-2EC808601240->374189d0-76c5-49d2-81b4-45a4af1368a2: receive RaftClientReply:client-2EC808601240->374189d0-76c5-49d2-81b4-45a4af1368a2@group-30B6692CD68C, cid=4145, SUCCESS, logIndex=6855, commits[374189d0-76c5-49d2-81b4-45a4af1368a2:c6855]
2019-06-14 08:43:16,727 INFO  client.GrpcClientProtocolClient (GrpcClientProtocolClient.java:onNext(254)) - client-2EC808601240->374189d0-76c5-49d2-81b4-45a4af1368a2: receive RaftClientReply:client-2EC808601240->374189d0-76c5-49d2-81b4-45a4af1368a2@group-30B6692CD68C, cid=4146, SUCCESS, logIndex=6857, commits[374189d0-76c5-49d2-81b4-45a4af1368a2:c6857]
2019-06-14 08:43:16,727 INFO  client.GrpcClientProtocolClient (GrpcClientProtocolClient.java:onNext(254)) - client-2EC808601240->374189d0-76c5-49d2-81b4-45a4af1368a2: receive RaftClientReply:client-2EC808601240->374189d0-76c5-49d2-81b4-45a4af1368a2@group-30B6692CD68C, cid=4147, SUCCESS, logIndex=6858, commits[374189d0-76c5-49d2-81b4-45a4af1368a2:c6859]
2019-06-14 08:43:16,727 INFO  client.GrpcClientProtocolClient (GrpcClientProtocolClient.java:onNext(254)) - client-2EC808601240->374189d0-76c5-49d2-81b4-45a4af1368a2: receive RaftClientReply:client-2EC808601240->374189d0-76c5-49d2-81b4-45a4af1368a2@group-30B6692CD68C, cid=4148, SUCCESS, logIndex=6859, commits[374189d0-76c5-49d2-81b4-45a4af1368a2:c6859]
2019-06-14 08:43:16,733 INFO  client.GrpcClientProtocolClient (GrpcClientProtocolClient.java:onNext(254)) - client-2EC808601240->374189d0-76c5-49d2-81b4-45a4af1368a2: receive RaftClientReply:client-2EC808601240->374189d0-76c5-49d2-81b4-45a4af1368a2@group-30B6692CD68C, cid=4149, SUCCESS, logIndex=6862, commits[374189d0-76c5-49d2-81b4-45a4af1368a2:c6862]
2019-06-14 08:43:16,734 INFO  client.GrpcClientProtocolClient (GrpcClientProtocolClient.java:onNext(254)) - client-2EC808601240->374189d0-76c5-49d2-81b4-45a4af1368a2: receive RaftClientReply:client-2EC808601240->374189d0-76c5-49d2-81b4-45a4af1368a2@group-30B6692CD68C, cid=4150, SUCCESS, logIndex=6864, commits[374189d0-76c5-49d2-81b4-45a4af1368a2:c6864]
2019-06-14 08:43:16,735 INFO  client.GrpcClientProtocolClient (GrpcClientProtocolClient.java:onNext(254)) - client-2EC808601240->374189d0-76c5-49d2-81b4-45a4af1368a2: receive RaftClientReply:client-2EC808601240->374189d0-76c5-49d2-81b4-45a4af1368a2@group-30B6692CD68C, cid=4151, SUCCESS, logIndex=6865, commits[374189d0-76c5-49d2-81b4-45a4af1368a2:c6867]
2019-06-14 08:43:16,735 INFO  client.GrpcClientProtocolClient (GrpcClientProtocolClient.java:onNext(254)) - client-2EC808601240->374189d0-76c5-49d2-81b4-45a4af1368a2: receive RaftClientReply:client-2EC808601240->374189d0-76c5-49d2-81b4-45a4af1368a2@group-30B6692CD68C, cid=4152, SUCCESS, logIndex=6866, commits[374189d0-76c5-49d2-81b4-45a4af1368a2:c6867]
2019-06-14 08:43:16,746 INFO  client.GrpcClientProtocolClient (GrpcClientProtocolClient.java:onNext(254)) - client-2EC808601240->374189d0-76c5-49d2-81b4-45a4af1368a2: receive RaftClientReply:client-2EC808601240->374189d0-76c5-49d2-81b4-45a4af1368a2@group-30B6692CD68C, cid=4153, SUCCESS, logIndex=6868, commits[374189d0-76c5-49d2-81b4-45a4af1368a2:c6868]
2019-06-14 08:43:16,747 INFO  client.GrpcClientProtocolClient (GrpcClientProtocolClient.java:onNext(254)) - client-2EC808601240->374189d0-76c5-49d2-81b4-45a4af1368a2: receive RaftClientReply:client-2EC808601240->374189d0-76c5-49d2-81b4-45a4af1368a2@group-30B6692CD68C, cid=4154, SUCCESS, logIndex=6870, commits[374189d0-76c5-49d2-81b4-45a4af1368a2:c6870]
2019-06-14 08:43:16,769 DEBUG block.SCMBlockDeletingService (SCMBlockDeletingService.java:call(138)) - Running DeletedBlockTransactionScanner
2019-06-14 08:43:16,769 DEBUG block.SCMBlockDeletingService (SCMBlockDeletingService.java:call(155)) - Scanned deleted blocks log and got 0 delTX to process.
2019-06-14 08:43:16,814 INFO  client.GrpcClientProtocolClient (GrpcClientProtocolClient.java:onNext(254)) - client-2EC808601240->374189d0-76c5-49d2-81b4-45a4af1368a2: receive RaftClientReply:client-2EC808601240->374189d0-76c5-49d2-81b4-45a4af1368a2@group-30B6692CD68C, cid=4155, SUCCESS, logIndex=6872, commits[374189d0-76c5-49d2-81b4-45a4af1368a2:c6872]
2019-06-14 08:43:16,815 INFO  client.GrpcClientProtocolClient (GrpcClientProtocolClient.java:onNext(254)) - client-2EC808601240->374189d0-76c5-49d2-81b4-45a4af1368a2: receive RaftClientReply:client-2EC808601240->374189d0-76c5-49d2-81b4-45a4af1368a2@group-30B6692CD68C, cid=4156, SUCCESS, logIndex=6874, commits[374189d0-76c5-49d2-81b4-45a4af1368a2:c6874]
2019-06-14 08:43:16,820 INFO  client.GrpcClientProtocolClient (GrpcClientProtocolClient.java:onNext(254)) - client-2EC808601240->374189d0-76c5-49d2-81b4-45a4af1368a2: receive RaftClientReply:client-2EC808601240->374189d0-76c5-49d2-81b4-45a4af1368a2@group-30B6692CD68C, cid=4157, SUCCESS, logIndex=6876, commits[374189d0-76c5-49d2-81b4-45a4af1368a2:c6876]
2019-06-14 08:43:16,822 INFO  client.GrpcClientProtocolClient (GrpcClientProtocolClient.java:onNext(254)) - client-2EC808601240->374189d0-76c5-49d2-81b4-45a4af1368a2: receive RaftClientReply:client-2EC808601240->374189d0-76c5-49d2-81b4-45a4af1368a2@group-30B6692CD68C, cid=4158, SUCCESS, logIndex=6878, commits[374189d0-76c5-49d2-81b4-45a4af1368a2:c6878]
2019-06-14 08:43:16,823 INFO  client.GrpcClientProtocolClient (GrpcClientProtocolClient.java:onNext(254)) - client-2EC808601240->374189d0-76c5-49d2-81b4-45a4af1368a2: receive RaftClientReply:client-2EC808601240->374189d0-76c5-49d2-81b4-45a4af1368a2@group-30B6692CD68C, cid=4159, SUCCESS, logIndex=6879, commits[374189d0-76c5-49d2-81b4-45a4af1368a2:c6880]
2019-06-14 08:43:16,823 INFO  client.GrpcClientProtocolClient (GrpcClientProtocolClient.java:onNext(254)) - client-2EC808601240->374189d0-76c5-49d2-81b4-45a4af1368a2: receive RaftClientReply:client-2EC808601240->374189d0-76c5-49d2-81b4-45a4af1368a2@group-30B6692CD68C, cid=4160, SUCCESS, logIndex=6880, commits[374189d0-76c5-49d2-81b4-45a4af1368a2:c6880]
2019-06-14 08:43:16,833 INFO  client.GrpcClientProtocolClient (GrpcClientProtocolClient.java:onNext(254)) - client-2EC808601240->374189d0-76c5-49d2-81b4-45a4af1368a2: receive RaftClientReply:client-2EC808601240->374189d0-76c5-49d2-81b4-45a4af1368a2@group-30B6692CD68C, cid=4161, SUCCESS, logIndex=6883, commits[374189d0-76c5-49d2-81b4-45a4af1368a2:c6883]
2019-06-14 08:43:16,835 INFO  client.GrpcClientProtocolClient (GrpcClientProtocolClient.java:onNext(254)) - client-2EC808601240->374189d0-76c5-49d2-81b4-45a4af1368a2: receive RaftClientReply:client-2EC808601240->374189d0-76c5-49d2-81b4-45a4af1368a2@group-30B6692CD68C, cid=4162, SUCCESS, logIndex=6885, commits[374189d0-76c5-49d2-81b4-45a4af1368a2:c6885]
2019-06-14 08:43:16,835 INFO  client.GrpcClientProtocolClient (GrpcClientProtocolClient.java:onNext(254)) - client-2EC808601240->374189d0-76c5-49d2-81b4-45a4af1368a2: receive RaftClientReply:client-2EC808601240->374189d0-76c5-49d2-81b4-45a4af1368a2@group-30B6692CD68C, cid=4163, SUCCESS, logIndex=6886, commits[374189d0-76c5-49d2-81b4-45a4af1368a2:c6888]
2019-06-14 08:43:16,836 INFO  client.GrpcClientProtocolClient (GrpcClientProtocolClient.java:onNext(254)) - client-2EC808601240->374189d0-76c5-49d2-81b4-45a4af1368a2: receive RaftClientReply:client-2EC808601240->374189d0-76c5-49d2-81b4-45a4af1368a2@group-30B6692CD68C, cid=4164, SUCCESS, logIndex=6887, commits[374189d0-76c5-49d2-81b4-45a4af1368a2:c6888]
2019-06-14 08:43:16,840 INFO  client.GrpcClientProtocolClient (GrpcClientProtocolClient.java:onNext(254)) - client-2EC808601240->374189d0-76c5-49d2-81b4-45a4af1368a2: receive RaftClientReply:client-2EC808601240->374189d0-76c5-49d2-81b4-45a4af1368a2@group-30B6692CD68C, cid=4165, SUCCESS, logIndex=6889, commits[374189d0-76c5-49d2-81b4-45a4af1368a2:c6889]
2019-06-14 08:43:16,841 INFO  client.GrpcClientProtocolClient (GrpcClientProtocolClient.java:onNext(254)) - client-2EC808601240->374189d0-76c5-49d2-81b4-45a4af1368a2: receive RaftClientReply:client-2EC808601240->374189d0-76c5-49d2-81b4-45a4af1368a2@group-30B6692CD68C, cid=4166, SUCCESS, logIndex=6891, commits[374189d0-76c5-49d2-81b4-45a4af1368a2:c6891]
2019-06-14 08:43:16,843 INFO  client.GrpcClientProtocolClient (GrpcClientProtocolClient.java:onNext(254)) - client-2EC808601240->374189d0-76c5-49d2-81b4-45a4af1368a2: receive RaftClientReply:client-2EC808601240->374189d0-76c5-49d2-81b4-45a4af1368a2@group-30B6692CD68C, cid=4167, SUCCESS, logIndex=6893, commits[374189d0-76c5-49d2-81b4-45a4af1368a2:c6893]
2019-06-14 08:43:16,844 INFO  client.GrpcClientProtocolClient (GrpcClientProtocolClient.java:onNext(254)) - client-2EC808601240->374189d0-76c5-49d2-81b4-45a4af1368a2: receive RaftClientReply:client-2EC808601240->374189d0-76c5-49d2-81b4-45a4af1368a2@group-30B6692CD68C, cid=4168, SUCCESS, logIndex=6894, commits[374189d0-76c5-49d2-81b4-45a4af1368a2:c6894]
2019-06-14 08:43:16,857 INFO  client.GrpcClientProtocolClient (GrpcClientProtocolClient.java:onNext(254)) - client-2EC808601240->374189d0-76c5-49d2-81b4-45a4af1368a2: receive RaftClientReply:client-2EC808601240->374189d0-76c5-49d2-81b4-45a4af1368a2@group-30B6692CD68C, cid=4169, SUCCESS, logIndex=6897, commits[374189d0-76c5-49d2-81b4-45a4af1368a2:c6897]
2019-06-14 08:43:16,858 INFO  client.GrpcClientProtocolClient (GrpcClientProtocolClient.java:onNext(254)) - client-2EC808601240->374189d0-76c5-49d2-81b4-45a4af1368a2: receive RaftClientReply:client-2EC808601240->374189d0-76c5-49d2-81b4-45a4af1368a2@group-30B6692CD68C, cid=4170, SUCCESS, logIndex=6899, commits[374189d0-76c5-49d2-81b4-45a4af1368a2:c6899]
2019-06-14 08:43:16,859 INFO  client.GrpcClientProtocolClient (GrpcClientProtocolClient.java:onNext(254)) - client-2EC808601240->374189d0-76c5-49d2-81b4-45a4af1368a2: receive RaftClientReply:client-2EC808601240->374189d0-76c5-49d2-81b4-45a4af1368a2@group-30B6692CD68C, cid=4171, SUCCESS, logIndex=6900, commits[374189d0-76c5-49d2-81b4-45a4af1368a2:c6902]
2019-06-14 08:43:16,860 INFO  client.GrpcClientProtocolClient (GrpcClientProtocolClient.java:onNext(254)) - client-2EC808601240->374189d0-76c5-49d2-81b4-45a4af1368a2: receive RaftClientReply:client-2EC808601240->374189d0-76c5-49d2-81b4-45a4af1368a2@group-30B6692CD68C, cid=4172, SUCCESS, logIndex=6901, commits[374189d0-76c5-49d2-81b4-45a4af1368a2:c6902]
2019-06-14 08:43:16,865 INFO  client.GrpcClientProtocolClient (GrpcClientProtocolClient.java:onNext(254)) - client-2EC808601240->374189d0-76c5-49d2-81b4-45a4af1368a2: receive RaftClientReply:client-2EC808601240->374189d0-76c5-49d2-81b4-45a4af1368a2@group-30B6692CD68C, cid=4173, SUCCESS, logIndex=6903, commits[374189d0-76c5-49d2-81b4-45a4af1368a2:c6903]
2019-06-14 08:43:16,865 INFO  storage.RaftLogWorker (RaftLogWorker.java:rollLogSegment(303)) - 374189d0-76c5-49d2-81b4-45a4af1368a2-RaftLogWorker: Rolling segment log-6839_6907 to index:6907
2019-06-14 08:43:16,866 INFO  client.GrpcClientProtocolClient (GrpcClientProtocolClient.java:onNext(254)) - client-2EC808601240->374189d0-76c5-49d2-81b4-45a4af1368a2: receive RaftClientReply:client-2EC808601240->374189d0-76c5-49d2-81b4-45a4af1368a2@group-30B6692CD68C, cid=4174, SUCCESS, logIndex=6905, commits[374189d0-76c5-49d2-81b4-45a4af1368a2:c6905]
2019-06-14 08:43:16,867 INFO  storage.RaftLogWorker (RaftLogWorker.java:execute(433)) - 374189d0-76c5-49d2-81b4-45a4af1368a2-RaftLogWorker: Rolled log segment from /opt/src/hadoop-ozone/integration-test/target/test-dir/MiniOzoneClusterImpl-1994f8b8-dd4d-445c-bf25-0c6d40f9b14d/datanode-0/data/ratis/99d0acb8-99ce-4814-8259-30b6692cd68c/current/log_inprogress_6839 to /opt/src/hadoop-ozone/integration-test/target/test-dir/MiniOzoneClusterImpl-1994f8b8-dd4d-445c-bf25-0c6d40f9b14d/datanode-0/data/ratis/99d0acb8-99ce-4814-8259-30b6692cd68c/current/log_6839-6907
2019-06-14 08:43:16,870 DEBUG block.SCMBlockDeletingService (SCMBlockDeletingService.java:call(138)) - Running DeletedBlockTransactionScanner
2019-06-14 08:43:16,870 DEBUG block.SCMBlockDeletingService (SCMBlockDeletingService.java:call(155)) - Scanned deleted blocks log and got 0 delTX to process.
2019-06-14 08:43:16,871 INFO  client.GrpcClientProtocolClient (GrpcClientProtocolClient.java:onNext(254)) - client-2EC808601240->374189d0-76c5-49d2-81b4-45a4af1368a2: receive RaftClientReply:client-2EC808601240->374189d0-76c5-49d2-81b4-45a4af1368a2@group-30B6692CD68C, cid=4175, SUCCESS, logIndex=6906, commits[374189d0-76c5-49d2-81b4-45a4af1368a2:c6907]
2019-06-14 08:43:16,871 INFO  client.GrpcClientProtocolClient (GrpcClientProtocolClient.java:onNext(254)) - client-2EC808601240->374189d0-76c5-49d2-81b4-45a4af1368a2: receive RaftClientReply:client-2EC808601240->374189d0-76c5-49d2-81b4-45a4af1368a2@group-30B6692CD68C, cid=4176, SUCCESS, logIndex=6907, commits[374189d0-76c5-49d2-81b4-45a4af1368a2:c6907]
2019-06-14 08:43:16,905 INFO  storage.RaftLogWorker (RaftLogWorker.java:execute(469)) - 374189d0-76c5-49d2-81b4-45a4af1368a2-RaftLogWorker: created new log segment /opt/src/hadoop-ozone/integration-test/target/test-dir/MiniOzoneClusterImpl-1994f8b8-dd4d-445c-bf25-0c6d40f9b14d/datanode-0/data/ratis/99d0acb8-99ce-4814-8259-30b6692cd68c/current/log_inprogress_6908
2019-06-14 08:43:16,906 INFO  client.GrpcClientProtocolClient (GrpcClientProtocolClient.java:onNext(254)) - client-2EC808601240->374189d0-76c5-49d2-81b4-45a4af1368a2: receive RaftClientReply:client-2EC808601240->374189d0-76c5-49d2-81b4-45a4af1368a2@group-30B6692CD68C, cid=4177, SUCCESS, logIndex=6910, commits[374189d0-76c5-49d2-81b4-45a4af1368a2:c6910]
2019-06-14 08:43:16,907 INFO  client.GrpcClientProtocolClient (GrpcClientProtocolClient.java:onNext(254)) - client-2EC808601240->374189d0-76c5-49d2-81b4-45a4af1368a2: receive RaftClientReply:client-2EC808601240->374189d0-76c5-49d2-81b4-45a4af1368a2@group-30B6692CD68C, cid=4178, SUCCESS, logIndex=6912, commits[374189d0-76c5-49d2-81b4-45a4af1368a2:c6912]
2019-06-14 08:43:16,909 INFO  client.GrpcClientProtocolClient (GrpcClientProtocolClient.java:onNext(254)) - client-2EC808601240->374189d0-76c5-49d2-81b4-45a4af1368a2: receive RaftClientReply:client-2EC808601240->374189d0-76c5-49d2-81b4-45a4af1368a2@group-30B6692CD68C, cid=4179, SUCCESS, logIndex=6913, commits[374189d0-76c5-49d2-81b4-45a4af1368a2:c6915]
2019-06-14 08:43:16,909 INFO  client.GrpcClientProtocolClient (GrpcClientProtocolClient.java:onNext(254)) - client-2EC808601240->374189d0-76c5-49d2-81b4-45a4af1368a2: receive RaftClientReply:client-2EC808601240->374189d0-76c5-49d2-81b4-45a4af1368a2@group-30B6692CD68C, cid=4180, SUCCESS, logIndex=6914, commits[374189d0-76c5-49d2-81b4-45a4af1368a2:c6915]
2019-06-14 08:43:16,953 INFO  client.GrpcClientProtocolClient (GrpcClientProtocolClient.java:onNext(254)) - client-2EC808601240->374189d0-76c5-49d2-81b4-45a4af1368a2: receive RaftClientReply:client-2EC808601240->374189d0-76c5-49d2-81b4-45a4af1368a2@group-30B6692CD68C, cid=4181, SUCCESS, logIndex=6916, commits[374189d0-76c5-49d2-81b4-45a4af1368a2:c6916]
2019-06-14 08:43:16,954 INFO  client.GrpcClientProtocolClient (GrpcClientProtocolClient.java:onNext(254)) - client-2EC808601240->374189d0-76c5-49d2-81b4-45a4af1368a2: receive RaftClientReply:client-2EC808601240->374189d0-76c5-49d2-81b4-45a4af1368a2@group-30B6692CD68C, cid=4182, SUCCESS, logIndex=6918, commits[374189d0-76c5-49d2-81b4-45a4af1368a2:c6918]
2019-06-14 08:43:16,955 INFO  client.GrpcClientProtocolClient (GrpcClientProtocolClient.java:onNext(254)) - client-2EC808601240->374189d0-76c5-49d2-81b4-45a4af1368a2: receive RaftClientReply:client-2EC808601240->374189d0-76c5-49d2-81b4-45a4af1368a2@group-30B6692CD68C, cid=4183, SUCCESS, logIndex=6919, commits[374189d0-76c5-49d2-81b4-45a4af1368a2:c6921]
2019-06-14 08:43:16,955 INFO  client.GrpcClientProtocolClient (GrpcClientProtocolClient.java:onNext(254)) - client-2EC808601240->374189d0-76c5-49d2-81b4-45a4af1368a2: receive RaftClientReply:client-2EC808601240->374189d0-76c5-49d2-81b4-45a4af1368a2@group-30B6692CD68C, cid=4184, SUCCESS, logIndex=6920, commits[374189d0-76c5-49d2-81b4-45a4af1368a2:c6921]
2019-06-14 08:43:16,966 INFO  client.GrpcClientProtocolClient (GrpcClientProtocolClient.java:onNext(254)) - client-2EC808601240->374189d0-76c5-49d2-81b4-45a4af1368a2: receive RaftClientReply:client-2EC808601240->374189d0-76c5-49d2-81b4-45a4af1368a2@group-30B6692CD68C, cid=4185, SUCCESS, logIndex=6922, commits[374189d0-76c5-49d2-81b4-45a4af1368a2:c6922]
2019-06-14 08:43:16,967 INFO  client.GrpcClientProtocolClient (GrpcClientProtocolClient.java:onNext(254)) - client-2EC808601240->374189d0-76c5-49d2-81b4-45a4af1368a2: receive RaftClientReply:client-2EC808601240->374189d0-76c5-49d2-81b4-45a4af1368a2@group-30B6692CD68C, cid=4186, SUCCESS, logIndex=6924, commits[374189d0-76c5-49d2-81b4-45a4af1368a2:c6924]
2019-06-14 08:43:16,968 INFO  client.GrpcClientProtocolClient (GrpcClientProtocolClient.java:onNext(254)) - client-2EC808601240->374189d0-76c5-49d2-81b4-45a4af1368a2: receive RaftClientReply:client-2EC808601240->374189d0-76c5-49d2-81b4-45a4af1368a2@group-30B6692CD68C, cid=4187, SUCCESS, logIndex=6925, commits[374189d0-76c5-49d2-81b4-45a4af1368a2:c6927]
2019-06-14 08:43:16,968 INFO  client.GrpcClientProtocolClient (GrpcClientProtocolClient.java:onNext(254)) - client-2EC808601240->374189d0-76c5-49d2-81b4-45a4af1368a2: receive RaftClientReply:client-2EC808601240->374189d0-76c5-49d2-81b4-45a4af1368a2@group-30B6692CD68C, cid=4188, SUCCESS, logIndex=6926, commits[374189d0-76c5-49d2-81b4-45a4af1368a2:c6927]
2019-06-14 08:43:16,970 DEBUG block.SCMBlockDeletingService (SCMBlockDeletingService.java:call(138)) - Running DeletedBlockTransactionScanner
2019-06-14 08:43:16,970 DEBUG block.SCMBlockDeletingService (SCMBlockDeletingService.java:call(155)) - Scanned deleted blocks log and got 0 delTX to process.
2019-06-14 08:43:16,973 INFO  client.GrpcClientProtocolClient (GrpcClientProtocolClient.java:onNext(254)) - client-2EC808601240->374189d0-76c5-49d2-81b4-45a4af1368a2: receive RaftClientReply:client-2EC808601240->374189d0-76c5-49d2-81b4-45a4af1368a2@group-30B6692CD68C, cid=4189, SUCCESS, logIndex=6928, commits[374189d0-76c5-49d2-81b4-45a4af1368a2:c6928]
2019-06-14 08:43:16,974 INFO  client.GrpcClientProtocolClient (GrpcClientProtocolClient.java:onNext(254)) - client-2EC808601240->374189d0-76c5-49d2-81b4-45a4af1368a2: receive RaftClientReply:client-2EC808601240->374189d0-76c5-49d2-81b4-45a4af1368a2@group-30B6692CD68C, cid=4190, SUCCESS, logIndex=6930, commits[374189d0-76c5-49d2-81b4-45a4af1368a2:c6930]
2019-06-14 08:43:16,975 INFO  client.GrpcClientProtocolClient (GrpcClientProtocolClient.java:onNext(254)) - client-2EC808601240->374189d0-76c5-49d2-81b4-45a4af1368a2: receive RaftClientReply:client-2EC808601240->374189d0-76c5-49d2-81b4-45a4af1368a2@group-30B6692CD68C, cid=4191, SUCCESS, logIndex=6931, commits[374189d0-76c5-49d2-81b4-45a4af1368a2:c6933]
2019-06-14 08:43:16,975 INFO  client.GrpcClientProtocolClient (GrpcClientProtocolClient.java:onNext(254)) - client-2EC808601240->374189d0-76c5-49d2-81b4-45a4af1368a2: receive RaftClientReply:client-2EC808601240->374189d0-76c5-49d2-81b4-45a4af1368a2@group-30B6692CD68C, cid=4192, SUCCESS, logIndex=6932, commits[374189d0-76c5-49d2-81b4-45a4af1368a2:c6933]
2019-06-14 08:43:16,985 INFO  client.GrpcClientProtocolClient (GrpcClientProtocolClient.java:onNext(254)) - client-2EC808601240->374189d0-76c5-49d2-81b4-45a4af1368a2: receive RaftClientReply:client-2EC808601240->374189d0-76c5-49d2-81b4-45a4af1368a2@group-30B6692CD68C, cid=4193, SUCCESS, logIndex=6934, commits[374189d0-76c5-49d2-81b4-45a4af1368a2:c6934]
2019-06-14 08:43:16,987 INFO  client.GrpcClientProtocolClient (GrpcClientProtocolClient.java:onNext(254)) - client-2EC808601240->374189d0-76c5-49d2-81b4-45a4af1368a2: receive RaftClientReply:client-2EC808601240->374189d0-76c5-49d2-81b4-45a4af1368a2@group-30B6692CD68C, cid=4194, SUCCESS, logIndex=6936, commits[374189d0-76c5-49d2-81b4-45a4af1368a2:c6936]
2019-06-14 08:43:16,987 INFO  client.GrpcClientProtocolClient (GrpcClientProtocolClient.java:onNext(254)) - client-2EC808601240->374189d0-76c5-49d2-81b4-45a4af1368a2: receive RaftClientReply:client-2EC808601240->374189d0-76c5-49d2-81b4-45a4af1368a2@group-30B6692CD68C, cid=4195, SUCCESS, logIndex=6937, commits[374189d0-76c5-49d2-81b4-45a4af1368a2:c6937]
2019-06-14 08:43:16,988 INFO  client.GrpcClientProtocolClient (GrpcClientProtocolClient.java:onNext(254)) - client-2EC808601240->374189d0-76c5-49d2-81b4-45a4af1368a2: receive RaftClientReply:client-2EC808601240->374189d0-76c5-49d2-81b4-45a4af1368a2@group-30B6692CD68C, cid=4196, SUCCESS, logIndex=6939, commits[374189d0-76c5-49d2-81b4-45a4af1368a2:c6939]
2019-06-14 08:43:16,993 INFO  client.GrpcClientProtocolClient (GrpcClientProtocolClient.java:onNext(254)) - client-2EC808601240->374189d0-76c5-49d2-81b4-45a4af1368a2: receive RaftClientReply:client-2EC808601240->374189d0-76c5-49d2-81b4-45a4af1368a2@group-30B6692CD68C, cid=4197, SUCCESS, logIndex=6942, commits[374189d0-76c5-49d2-81b4-45a4af1368a2:c6942]
2019-06-14 08:43:16,994 INFO  client.GrpcClientProtocolClient (GrpcClientProtocolClient.java:onNext(254)) - client-2EC808601240->374189d0-76c5-49d2-81b4-45a4af1368a2: receive RaftClientReply:client-2EC808601240->374189d0-76c5-49d2-81b4-45a4af1368a2@group-30B6692CD68C, cid=4198, SUCCESS, logIndex=6944, commits[374189d0-76c5-49d2-81b4-45a4af1368a2:c6944]
2019-06-14 08:43:17,061 INFO  client.GrpcClientProtocolClient (GrpcClientProtocolClient.java:onNext(254)) - client-2EC808601240->374189d0-76c5-49d2-81b4-45a4af1368a2: receive RaftClientReply:client-2EC808601240->374189d0-76c5-49d2-81b4-45a4af1368a2@group-30B6692CD68C, cid=4199, SUCCESS, logIndex=6946, commits[374189d0-76c5-49d2-81b4-45a4af1368a2:c6946]
2019-06-14 08:43:17,062 INFO  client.GrpcClientProtocolClient (GrpcClientProtocolClient.java:onNext(254)) - client-2EC808601240->374189d0-76c5-49d2-81b4-45a4af1368a2: receive RaftClientReply:client-2EC808601240->374189d0-76c5-49d2-81b4-45a4af1368a2@group-30B6692CD68C, cid=4200, SUCCESS, logIndex=6948, commits[374189d0-76c5-49d2-81b4-45a4af1368a2:c6948]
2019-06-14 08:43:17,070 DEBUG block.SCMBlockDeletingService (SCMBlockDeletingService.java:call(138)) - Running DeletedBlockTransactionScanner
2019-06-14 08:43:17,071 DEBUG block.SCMBlockDeletingService (SCMBlockDeletingService.java:call(155)) - Scanned deleted blocks log and got 0 delTX to process.
2019-06-14 08:43:17,073 INFO  client.GrpcClientProtocolClient (GrpcClientProtocolClient.java:onNext(254)) - client-2EC808601240->374189d0-76c5-49d2-81b4-45a4af1368a2: receive RaftClientReply:client-2EC808601240->374189d0-76c5-49d2-81b4-45a4af1368a2@group-30B6692CD68C, cid=4201, SUCCESS, logIndex=6950, commits[374189d0-76c5-49d2-81b4-45a4af1368a2:c6950]
2019-06-14 08:43:17,075 INFO  client.GrpcClientProtocolClient (GrpcClientProtocolClient.java:onNext(254)) - client-2EC808601240->374189d0-76c5-49d2-81b4-45a4af1368a2: receive RaftClientReply:client-2EC808601240->374189d0-76c5-49d2-81b4-45a4af1368a2@group-30B6692CD68C, cid=4202, SUCCESS, logIndex=6952, commits[374189d0-76c5-49d2-81b4-45a4af1368a2:c6952]
2019-06-14 08:43:17,075 INFO  client.GrpcClientProtocolClient (GrpcClientProtocolClient.java:onNext(254)) - client-2EC808601240->374189d0-76c5-49d2-81b4-45a4af1368a2: receive RaftClientReply:client-2EC808601240->374189d0-76c5-49d2-81b4-45a4af1368a2@group-30B6692CD68C, cid=4203, SUCCESS, logIndex=6953, commits[374189d0-76c5-49d2-81b4-45a4af1368a2:c6954]
2019-06-14 08:43:17,075 INFO  client.GrpcClientProtocolClient (GrpcClientProtocolClient.java:onNext(254)) - client-2EC808601240->374189d0-76c5-49d2-81b4-45a4af1368a2: receive RaftClientReply:client-2EC808601240->374189d0-76c5-49d2-81b4-45a4af1368a2@group-30B6692CD68C, cid=4204, SUCCESS, logIndex=6954, commits[374189d0-76c5-49d2-81b4-45a4af1368a2:c6954]
2019-06-14 08:43:17,081 INFO  client.GrpcClientProtocolClient (GrpcClientProtocolClient.java:onNext(254)) - client-2EC808601240->374189d0-76c5-49d2-81b4-45a4af1368a2: receive RaftClientReply:client-2EC808601240->374189d0-76c5-49d2-81b4-45a4af1368a2@group-30B6692CD68C, cid=4205, SUCCESS, logIndex=6957, commits[374189d0-76c5-49d2-81b4-45a4af1368a2:c6957]
2019-06-14 08:43:17,082 INFO  client.GrpcClientProtocolClient (GrpcClientProtocolClient.java:onNext(254)) - client-2EC808601240->374189d0-76c5-49d2-81b4-45a4af1368a2: receive RaftClientReply:client-2EC808601240->374189d0-76c5-49d2-81b4-45a4af1368a2@group-30B6692CD68C, cid=4206, SUCCESS, logIndex=6959, commits[374189d0-76c5-49d2-81b4-45a4af1368a2:c6959]
2019-06-14 08:43:17,083 INFO  client.GrpcClientProtocolClient (GrpcClientProtocolClient.java:onNext(254)) - client-2EC808601240->374189d0-76c5-49d2-81b4-45a4af1368a2: receive RaftClientReply:client-2EC808601240->374189d0-76c5-49d2-81b4-45a4af1368a2@group-30B6692CD68C, cid=4207, SUCCESS, logIndex=6960, commits[374189d0-76c5-49d2-81b4-45a4af1368a2:c6962]
2019-06-14 08:43:17,083 INFO  client.GrpcClientProtocolClient (GrpcClientProtocolClient.java:onNext(254)) - client-2EC808601240->374189d0-76c5-49d2-81b4-45a4af1368a2: receive RaftClientReply:client-2EC808601240->374189d0-76c5-49d2-81b4-45a4af1368a2@group-30B6692CD68C, cid=4208, SUCCESS, logIndex=6961, commits[374189d0-76c5-49d2-81b4-45a4af1368a2:c6962]
2019-06-14 08:43:17,093 INFO  client.GrpcClientProtocolClient (GrpcClientProtocolClient.java:onNext(254)) - client-2EC808601240->374189d0-76c5-49d2-81b4-45a4af1368a2: receive RaftClientReply:client-2EC808601240->374189d0-76c5-49d2-81b4-45a4af1368a2@group-30B6692CD68C, cid=4209, SUCCESS, logIndex=6963, commits[374189d0-76c5-49d2-81b4-45a4af1368a2:c6963]
2019-06-14 08:43:17,095 INFO  client.GrpcClientProtocolClient (GrpcClientProtocolClient.java:onNext(254)) - client-2EC808601240->374189d0-76c5-49d2-81b4-45a4af1368a2: receive RaftClientReply:client-2EC808601240->374189d0-76c5-49d2-81b4-45a4af1368a2@group-30B6692CD68C, cid=4210, SUCCESS, logIndex=6965, commits[374189d0-76c5-49d2-81b4-45a4af1368a2:c6965]
2019-06-14 08:43:17,096 INFO  client.GrpcClientProtocolClient (GrpcClientProtocolClient.java:onNext(254)) - client-2EC808601240->374189d0-76c5-49d2-81b4-45a4af1368a2: receive RaftClientReply:client-2EC808601240->374189d0-76c5-49d2-81b4-45a4af1368a2@group-30B6692CD68C, cid=4211, SUCCESS, logIndex=6966, commits[374189d0-76c5-49d2-81b4-45a4af1368a2:c6968]
2019-06-14 08:43:17,096 INFO  client.GrpcClientProtocolClient (GrpcClientProtocolClient.java:onNext(254)) - client-2EC808601240->374189d0-76c5-49d2-81b4-45a4af1368a2: receive RaftClientReply:client-2EC808601240->374189d0-76c5-49d2-81b4-45a4af1368a2@group-30B6692CD68C, cid=4212, SUCCESS, logIndex=6967, commits[374189d0-76c5-49d2-81b4-45a4af1368a2:c6968]
2019-06-14 08:43:17,100 INFO  client.GrpcClientProtocolClient (GrpcClientProtocolClient.java:onNext(254)) - client-2EC808601240->374189d0-76c5-49d2-81b4-45a4af1368a2: receive RaftClientReply:client-2EC808601240->374189d0-76c5-49d2-81b4-45a4af1368a2@group-30B6692CD68C, cid=4213, SUCCESS, logIndex=6969, commits[374189d0-76c5-49d2-81b4-45a4af1368a2:c6969]
2019-06-14 08:43:17,101 INFO  client.GrpcClientProtocolClient (GrpcClientProtocolClient.java:onNext(254)) - client-2EC808601240->374189d0-76c5-49d2-81b4-45a4af1368a2: receive RaftClientReply:client-2EC808601240->374189d0-76c5-49d2-81b4-45a4af1368a2@group-30B6692CD68C, cid=4214, SUCCESS, logIndex=6971, commits[374189d0-76c5-49d2-81b4-45a4af1368a2:c6971]
2019-06-14 08:43:17,103 INFO  client.GrpcClientProtocolClient (GrpcClientProtocolClient.java:onNext(254)) - client-2EC808601240->374189d0-76c5-49d2-81b4-45a4af1368a2: receive RaftClientReply:client-2EC808601240->374189d0-76c5-49d2-81b4-45a4af1368a2@group-30B6692CD68C, cid=4215, SUCCESS, logIndex=6972, commits[374189d0-76c5-49d2-81b4-45a4af1368a2:c6974]
2019-06-14 08:43:17,103 INFO  client.GrpcClientProtocolClient (GrpcClientProtocolClient.java:onNext(254)) - client-2EC808601240->374189d0-76c5-49d2-81b4-45a4af1368a2: receive RaftClientReply:client-2EC808601240->374189d0-76c5-49d2-81b4-45a4af1368a2@group-30B6692CD68C, cid=4216, SUCCESS, logIndex=6973, commits[374189d0-76c5-49d2-81b4-45a4af1368a2:c6974]
2019-06-14 08:43:17,113 INFO  client.GrpcClientProtocolClient (GrpcClientProtocolClient.java:onNext(254)) - client-2EC808601240->374189d0-76c5-49d2-81b4-45a4af1368a2: receive RaftClientReply:client-2EC808601240->374189d0-76c5-49d2-81b4-45a4af1368a2@group-30B6692CD68C, cid=4217, SUCCESS, logIndex=6975, commits[374189d0-76c5-49d2-81b4-45a4af1368a2:c6975]
2019-06-14 08:43:17,114 INFO  client.GrpcClientProtocolClient (GrpcClientProtocolClient.java:onNext(254)) - client-2EC808601240->374189d0-76c5-49d2-81b4-45a4af1368a2: receive RaftClientReply:client-2EC808601240->374189d0-76c5-49d2-81b4-45a4af1368a2@group-30B6692CD68C, cid=4218, SUCCESS, logIndex=6977, commits[374189d0-76c5-49d2-81b4-45a4af1368a2:c6977]
2019-06-14 08:43:17,116 INFO  client.GrpcClientProtocolClient (GrpcClientProtocolClient.java:onNext(254)) - client-2EC808601240->374189d0-76c5-49d2-81b4-45a4af1368a2: receive RaftClientReply:client-2EC808601240->374189d0-76c5-49d2-81b4-45a4af1368a2@group-30B6692CD68C, cid=4219, SUCCESS, logIndex=6978, commits[374189d0-76c5-49d2-81b4-45a4af1368a2:c6980]
2019-06-14 08:43:17,116 INFO  client.GrpcClientProtocolClient (GrpcClientProtocolClient.java:onNext(254)) - client-2EC808601240->374189d0-76c5-49d2-81b4-45a4af1368a2: receive RaftClientReply:client-2EC808601240->374189d0-76c5-49d2-81b4-45a4af1368a2@group-30B6692CD68C, cid=4220, SUCCESS, logIndex=6979, commits[374189d0-76c5-49d2-81b4-45a4af1368a2:c6980]
2019-06-14 08:43:17,119 INFO  storage.RaftLogWorker (RaftLogWorker.java:rollLogSegment(303)) - 374189d0-76c5-49d2-81b4-45a4af1368a2-RaftLogWorker: Rolling segment log-6908_6980 to index:6980
2019-06-14 08:43:17,119 INFO  storage.RaftLogWorker (RaftLogWorker.java:execute(433)) - 374189d0-76c5-49d2-81b4-45a4af1368a2-RaftLogWorker: Rolled log segment from /opt/src/hadoop-ozone/integration-test/target/test-dir/MiniOzoneClusterImpl-1994f8b8-dd4d-445c-bf25-0c6d40f9b14d/datanode-0/data/ratis/99d0acb8-99ce-4814-8259-30b6692cd68c/current/log_inprogress_6908 to /opt/src/hadoop-ozone/integration-test/target/test-dir/MiniOzoneClusterImpl-1994f8b8-dd4d-445c-bf25-0c6d40f9b14d/datanode-0/data/ratis/99d0acb8-99ce-4814-8259-30b6692cd68c/current/log_6908-6980
2019-06-14 08:43:17,155 INFO  storage.RaftLogWorker (RaftLogWorker.java:execute(469)) - 374189d0-76c5-49d2-81b4-45a4af1368a2-RaftLogWorker: created new log segment /opt/src/hadoop-ozone/integration-test/target/test-dir/MiniOzoneClusterImpl-1994f8b8-dd4d-445c-bf25-0c6d40f9b14d/datanode-0/data/ratis/99d0acb8-99ce-4814-8259-30b6692cd68c/current/log_inprogress_6981
2019-06-14 08:43:17,156 INFO  client.GrpcClientProtocolClient (GrpcClientProtocolClient.java:onNext(254)) - client-2EC808601240->374189d0-76c5-49d2-81b4-45a4af1368a2: receive RaftClientReply:client-2EC808601240->374189d0-76c5-49d2-81b4-45a4af1368a2@group-30B6692CD68C, cid=4221, SUCCESS, logIndex=6981, commits[374189d0-76c5-49d2-81b4-45a4af1368a2:c6981]
2019-06-14 08:43:17,157 INFO  client.GrpcClientProtocolClient (GrpcClientProtocolClient.java:onNext(254)) - client-2EC808601240->374189d0-76c5-49d2-81b4-45a4af1368a2: receive RaftClientReply:client-2EC808601240->374189d0-76c5-49d2-81b4-45a4af1368a2@group-30B6692CD68C, cid=4222, SUCCESS, logIndex=6983, commits[374189d0-76c5-49d2-81b4-45a4af1368a2:c6983]
2019-06-14 08:43:17,159 INFO  client.GrpcClientProtocolClient (GrpcClientProtocolClient.java:onNext(254)) - client-2EC808601240->374189d0-76c5-49d2-81b4-45a4af1368a2: receive RaftClientReply:client-2EC808601240->374189d0-76c5-49d2-81b4-45a4af1368a2@group-30B6692CD68C, cid=4223, SUCCESS, logIndex=6984, commits[374189d0-76c5-49d2-81b4-45a4af1368a2:c6986]
2019-06-14 08:43:17,159 INFO  client.GrpcClientProtocolClient (GrpcClientProtocolClient.java:onNext(254)) - client-2EC808601240->374189d0-76c5-49d2-81b4-45a4af1368a2: receive RaftClientReply:client-2EC808601240->374189d0-76c5-49d2-81b4-45a4af1368a2@group-30B6692CD68C, cid=4224, SUCCESS, logIndex=6985, commits[374189d0-76c5-49d2-81b4-45a4af1368a2:c6986]
2019-06-14 08:43:17,169 INFO  client.GrpcClientProtocolClient (GrpcClientProtocolClient.java:onNext(254)) - client-2EC808601240->374189d0-76c5-49d2-81b4-45a4af1368a2: receive RaftClientReply:client-2EC808601240->374189d0-76c5-49d2-81b4-45a4af1368a2@group-30B6692CD68C, cid=4225, SUCCESS, logIndex=6987, commits[374189d0-76c5-49d2-81b4-45a4af1368a2:c6987]
2019-06-14 08:43:17,170 INFO  client.GrpcClientProtocolClient (GrpcClientProtocolClient.java:onNext(254)) - client-2EC808601240->374189d0-76c5-49d2-81b4-45a4af1368a2: receive RaftClientReply:client-2EC808601240->374189d0-76c5-49d2-81b4-45a4af1368a2@group-30B6692CD68C, cid=4226, SUCCESS, logIndex=6989, commits[374189d0-76c5-49d2-81b4-45a4af1368a2:c6989]
2019-06-14 08:43:17,171 DEBUG block.SCMBlockDeletingService (SCMBlockDeletingService.java:call(138)) - Running DeletedBlockTransactionScanner
2019-06-14 08:43:17,171 DEBUG block.SCMBlockDeletingService (SCMBlockDeletingService.java:call(155)) - Scanned deleted blocks log and got 0 delTX to process.
2019-06-14 08:43:17,172 INFO  client.GrpcClientProtocolClient (GrpcClientProtocolClient.java:onNext(254)) - client-2EC808601240->374189d0-76c5-49d2-81b4-45a4af1368a2: receive RaftClientReply:client-2EC808601240->374189d0-76c5-49d2-81b4-45a4af1368a2@group-30B6692CD68C, cid=4227, SUCCESS, logIndex=6990, commits[374189d0-76c5-49d2-81b4-45a4af1368a2:c6992]
2019-06-14 08:43:17,172 INFO  client.GrpcClientProtocolClient (GrpcClientProtocolClient.java:onNext(254)) - client-2EC808601240->374189d0-76c5-49d2-81b4-45a4af1368a2: receive RaftClientReply:client-2EC808601240->374189d0-76c5-49d2-81b4-45a4af1368a2@group-30B6692CD68C, cid=4228, SUCCESS, logIndex=6991, commits[374189d0-76c5-49d2-81b4-45a4af1368a2:c6992]
2019-06-14 08:43:17,177 INFO  client.GrpcClientProtocolClient (GrpcClientProtocolClient.java:onNext(254)) - client-2EC808601240->374189d0-76c5-49d2-81b4-45a4af1368a2: receive RaftClientReply:client-2EC808601240->374189d0-76c5-49d2-81b4-45a4af1368a2@group-30B6692CD68C, cid=4229, SUCCESS, logIndex=6993, commits[374189d0-76c5-49d2-81b4-45a4af1368a2:c6993]
2019-06-14 08:43:17,178 INFO  client.GrpcClientProtocolClient (GrpcClientProtocolClient.java:onNext(254)) - client-2EC808601240->374189d0-76c5-49d2-81b4-45a4af1368a2: receive RaftClientReply:client-2EC808601240->374189d0-76c5-49d2-81b4-45a4af1368a2@group-30B6692CD68C, cid=4230, SUCCESS, logIndex=6995, commits[374189d0-76c5-49d2-81b4-45a4af1368a2:c6995]
2019-06-14 08:43:17,179 INFO  client.GrpcClientProtocolClient (GrpcClientProtocolClient.java:onNext(254)) - client-2EC808601240->374189d0-76c5-49d2-81b4-45a4af1368a2: receive RaftClientReply:client-2EC808601240->374189d0-76c5-49d2-81b4-45a4af1368a2@group-30B6692CD68C, cid=4231, SUCCESS, logIndex=6996, commits[374189d0-76c5-49d2-81b4-45a4af1368a2:c6998]
2019-06-14 08:43:17,179 INFO  client.GrpcClientProtocolClient (GrpcClientProtocolClient.java:onNext(254)) - client-2EC808601240->374189d0-76c5-49d2-81b4-45a4af1368a2: receive RaftClientReply:client-2EC808601240->374189d0-76c5-49d2-81b4-45a4af1368a2@group-30B6692CD68C, cid=4232, SUCCESS, logIndex=6997, commits[374189d0-76c5-49d2-81b4-45a4af1368a2:c6998]
2019-06-14 08:43:17,190 INFO  client.GrpcClientProtocolClient (GrpcClientProtocolClient.java:onNext(254)) - client-2EC808601240->374189d0-76c5-49d2-81b4-45a4af1368a2: receive RaftClientReply:client-2EC808601240->374189d0-76c5-49d2-81b4-45a4af1368a2@group-30B6692CD68C, cid=4233, SUCCESS, logIndex=6999, commits[374189d0-76c5-49d2-81b4-45a4af1368a2:c6999]
2019-06-14 08:43:17,191 INFO  client.GrpcClientProtocolClient (GrpcClientProtocolClient.java:onNext(254)) - client-2EC808601240->374189d0-76c5-49d2-81b4-45a4af1368a2: receive RaftClientReply:client-2EC808601240->374189d0-76c5-49d2-81b4-45a4af1368a2@group-30B6692CD68C, cid=4234, SUCCESS, logIndex=7001, commits[374189d0-76c5-49d2-81b4-45a4af1368a2:c7001]
2019-06-14 08:43:17,192 INFO  client.GrpcClientProtocolClient (GrpcClientProtocolClient.java:onNext(254)) - client-2EC808601240->374189d0-76c5-49d2-81b4-45a4af1368a2: receive RaftClientReply:client-2EC808601240->374189d0-76c5-49d2-81b4-45a4af1368a2@group-30B6692CD68C, cid=4235, SUCCESS, logIndex=7002, commits[374189d0-76c5-49d2-81b4-45a4af1368a2:c7004]
2019-06-14 08:43:17,192 INFO  client.GrpcClientProtocolClient (GrpcClientProtocolClient.java:onNext(254)) - client-2EC808601240->374189d0-76c5-49d2-81b4-45a4af1368a2: receive RaftClientReply:client-2EC808601240->374189d0-76c5-49d2-81b4-45a4af1368a2@group-30B6692CD68C, cid=4236, SUCCESS, logIndex=7003, commits[374189d0-76c5-49d2-81b4-45a4af1368a2:c7004]
2019-06-14 08:43:17,197 INFO  client.GrpcClientProtocolClient (GrpcClientProtocolClient.java:onNext(254)) - client-2EC808601240->374189d0-76c5-49d2-81b4-45a4af1368a2: receive RaftClientReply:client-2EC808601240->374189d0-76c5-49d2-81b4-45a4af1368a2@group-30B6692CD68C, cid=4237, SUCCESS, logIndex=7005, commits[374189d0-76c5-49d2-81b4-45a4af1368a2:c7005]
2019-06-14 08:43:17,198 INFO  client.GrpcClientProtocolClient (GrpcClientProtocolClient.java:onNext(254)) - client-2EC808601240->374189d0-76c5-49d2-81b4-45a4af1368a2: receive RaftClientReply:client-2EC808601240->374189d0-76c5-49d2-81b4-45a4af1368a2@group-30B6692CD68C, cid=4238, SUCCESS, logIndex=7007, commits[374189d0-76c5-49d2-81b4-45a4af1368a2:c7007]
2019-06-14 08:43:17,199 INFO  client.GrpcClientProtocolClient (GrpcClientProtocolClient.java:onNext(254)) - client-2EC808601240->374189d0-76c5-49d2-81b4-45a4af1368a2: receive RaftClientReply:client-2EC808601240->374189d0-76c5-49d2-81b4-45a4af1368a2@group-30B6692CD68C, cid=4239, SUCCESS, logIndex=7008, commits[374189d0-76c5-49d2-81b4-45a4af1368a2:c7010]
2019-06-14 08:43:17,199 INFO  client.GrpcClientProtocolClient (GrpcClientProtocolClient.java:onNext(254)) - client-2EC808601240->374189d0-76c5-49d2-81b4-45a4af1368a2: receive RaftClientReply:client-2EC808601240->374189d0-76c5-49d2-81b4-45a4af1368a2@group-30B6692CD68C, cid=4240, SUCCESS, logIndex=7009, commits[374189d0-76c5-49d2-81b4-45a4af1368a2:c7010]
2019-06-14 08:43:17,210 INFO  client.GrpcClientProtocolClient (GrpcClientProtocolClient.java:onNext(254)) - client-2EC808601240->374189d0-76c5-49d2-81b4-45a4af1368a2: receive RaftClientReply:client-2EC808601240->374189d0-76c5-49d2-81b4-45a4af1368a2@group-30B6692CD68C, cid=4241, SUCCESS, logIndex=7011, commits[374189d0-76c5-49d2-81b4-45a4af1368a2:c7011]
2019-06-14 08:43:17,211 INFO  client.GrpcClientProtocolClient (GrpcClientProtocolClient.java:onNext(254)) - client-2EC808601240->374189d0-76c5-49d2-81b4-45a4af1368a2: receive RaftClientReply:client-2EC808601240->374189d0-76c5-49d2-81b4-45a4af1368a2@group-30B6692CD68C, cid=4242, SUCCESS, logIndex=7013, commits[374189d0-76c5-49d2-81b4-45a4af1368a2:c7013]
2019-06-14 08:43:17,212 INFO  client.GrpcClientProtocolClient (GrpcClientProtocolClient.java:onNext(254)) - client-2EC808601240->374189d0-76c5-49d2-81b4-45a4af1368a2: receive RaftClientReply:client-2EC808601240->374189d0-76c5-49d2-81b4-45a4af1368a2@group-30B6692CD68C, cid=4243, SUCCESS, logIndex=7014, commits[374189d0-76c5-49d2-81b4-45a4af1368a2:c7016]
2019-06-14 08:43:17,212 INFO  client.GrpcClientProtocolClient (GrpcClientProtocolClient.java:onNext(254)) - client-2EC808601240->374189d0-76c5-49d2-81b4-45a4af1368a2: receive RaftClientReply:client-2EC808601240->374189d0-76c5-49d2-81b4-45a4af1368a2@group-30B6692CD68C, cid=4244, SUCCESS, logIndex=7015, commits[374189d0-76c5-49d2-81b4-45a4af1368a2:c7016]
2019-06-14 08:43:17,271 DEBUG block.SCMBlockDeletingService (SCMBlockDeletingService.java:call(138)) - Running DeletedBlockTransactionScanner
2019-06-14 08:43:17,271 DEBUG block.SCMBlockDeletingService (SCMBlockDeletingService.java:call(155)) - Scanned deleted blocks log and got 0 delTX to process.
2019-06-14 08:43:17,284 INFO  client.GrpcClientProtocolClient (GrpcClientProtocolClient.java:onNext(254)) - client-2EC808601240->374189d0-76c5-49d2-81b4-45a4af1368a2: receive RaftClientReply:client-2EC808601240->374189d0-76c5-49d2-81b4-45a4af1368a2@group-30B6692CD68C, cid=4245, SUCCESS, logIndex=7017, commits[374189d0-76c5-49d2-81b4-45a4af1368a2:c7017]
2019-06-14 08:43:17,285 INFO  client.GrpcClientProtocolClient (GrpcClientProtocolClient.java:onNext(254)) - client-2EC808601240->374189d0-76c5-49d2-81b4-45a4af1368a2: receive RaftClientReply:client-2EC808601240->374189d0-76c5-49d2-81b4-45a4af1368a2@group-30B6692CD68C, cid=4246, SUCCESS, logIndex=7019, commits[374189d0-76c5-49d2-81b4-45a4af1368a2:c7019]
2019-06-14 08:43:17,287 INFO  client.GrpcClientProtocolClient (GrpcClientProtocolClient.java:onNext(254)) - client-2EC808601240->374189d0-76c5-49d2-81b4-45a4af1368a2: receive RaftClientReply:client-2EC808601240->374189d0-76c5-49d2-81b4-45a4af1368a2@group-30B6692CD68C, cid=4247, SUCCESS, logIndex=7020, commits[374189d0-76c5-49d2-81b4-45a4af1368a2:c7022]
2019-06-14 08:43:17,287 INFO  client.GrpcClientProtocolClient (GrpcClientProtocolClient.java:onNext(254)) - client-2EC808601240->374189d0-76c5-49d2-81b4-45a4af1368a2: receive RaftClientReply:client-2EC808601240->374189d0-76c5-49d2-81b4-45a4af1368a2@group-30B6692CD68C, cid=4248, SUCCESS, logIndex=7021, commits[374189d0-76c5-49d2-81b4-45a4af1368a2:c7022]
2019-06-14 08:43:17,297 INFO  client.GrpcClientProtocolClient (GrpcClientProtocolClient.java:onNext(254)) - client-2EC808601240->374189d0-76c5-49d2-81b4-45a4af1368a2: receive RaftClientReply:client-2EC808601240->374189d0-76c5-49d2-81b4-45a4af1368a2@group-30B6692CD68C, cid=4249, SUCCESS, logIndex=7023, commits[374189d0-76c5-49d2-81b4-45a4af1368a2:c7023]
2019-06-14 08:43:17,298 INFO  client.GrpcClientProtocolClient (GrpcClientProtocolClient.java:onNext(254)) - client-2EC808601240->374189d0-76c5-49d2-81b4-45a4af1368a2: receive RaftClientReply:client-2EC808601240->374189d0-76c5-49d2-81b4-45a4af1368a2@group-30B6692CD68C, cid=4250, SUCCESS, logIndex=7025, commits[374189d0-76c5-49d2-81b4-45a4af1368a2:c7025]
2019-06-14 08:43:17,299 INFO  client.GrpcClientProtocolClient (GrpcClientProtocolClient.java:onNext(254)) - client-2EC808601240->374189d0-76c5-49d2-81b4-45a4af1368a2: receive RaftClientReply:client-2EC808601240->374189d0-76c5-49d2-81b4-45a4af1368a2@group-30B6692CD68C, cid=4251, SUCCESS, logIndex=7026, commits[374189d0-76c5-49d2-81b4-45a4af1368a2:c7028]
2019-06-14 08:43:17,300 INFO  client.GrpcClientProtocolClient (GrpcClientProtocolClient.java:onNext(254)) - client-2EC808601240->374189d0-76c5-49d2-81b4-45a4af1368a2: receive RaftClientReply:client-2EC808601240->374189d0-76c5-49d2-81b4-45a4af1368a2@group-30B6692CD68C, cid=4252, SUCCESS, logIndex=7027, commits[374189d0-76c5-49d2-81b4-45a4af1368a2:c7028]
2019-06-14 08:43:17,305 INFO  client.GrpcClientProtocolClient (GrpcClientProtocolClient.java:onNext(254)) - client-2EC808601240->374189d0-76c5-49d2-81b4-45a4af1368a2: receive RaftClientReply:client-2EC808601240->374189d0-76c5-49d2-81b4-45a4af1368a2@group-30B6692CD68C, cid=4253, SUCCESS, logIndex=7029, commits[374189d0-76c5-49d2-81b4-45a4af1368a2:c7029]
2019-06-14 08:43:17,311 INFO  client.GrpcClientProtocolClient (GrpcClientProtocolClient.java:onNext(254)) - client-2EC808601240->374189d0-76c5-49d2-81b4-45a4af1368a2: receive RaftClientReply:client-2EC808601240->374189d0-76c5-49d2-81b4-45a4af1368a2@group-30B6692CD68C, cid=4254, SUCCESS, logIndex=7031, commits[374189d0-76c5-49d2-81b4-45a4af1368a2:c7033]
2019-06-14 08:43:17,311 INFO  client.GrpcClientProtocolClient (GrpcClientProtocolClient.java:onNext(254)) - client-2EC808601240->374189d0-76c5-49d2-81b4-45a4af1368a2: receive RaftClientReply:client-2EC808601240->374189d0-76c5-49d2-81b4-45a4af1368a2@group-30B6692CD68C, cid=4255, SUCCESS, logIndex=7032, commits[374189d0-76c5-49d2-81b4-45a4af1368a2:c7033]
2019-06-14 08:43:17,311 INFO  client.GrpcClientProtocolClient (GrpcClientProtocolClient.java:onNext(254)) - client-2EC808601240->374189d0-76c5-49d2-81b4-45a4af1368a2: receive RaftClientReply:client-2EC808601240->374189d0-76c5-49d2-81b4-45a4af1368a2@group-30B6692CD68C, cid=4256, SUCCESS, logIndex=7033, commits[374189d0-76c5-49d2-81b4-45a4af1368a2:c7033]
2019-06-14 08:43:17,363 INFO  client.GrpcClientProtocolClient (GrpcClientProtocolClient.java:onNext(254)) - client-2EC808601240->374189d0-76c5-49d2-81b4-45a4af1368a2: receive RaftClientReply:client-2EC808601240->374189d0-76c5-49d2-81b4-45a4af1368a2@group-30B6692CD68C, cid=4257, SUCCESS, logIndex=7035, commits[374189d0-76c5-49d2-81b4-45a4af1368a2:c7035]
2019-06-14 08:43:17,364 INFO  client.GrpcClientProtocolClient (GrpcClientProtocolClient.java:onNext(254)) - client-2EC808601240->374189d0-76c5-49d2-81b4-45a4af1368a2: receive RaftClientReply:client-2EC808601240->374189d0-76c5-49d2-81b4-45a4af1368a2@group-30B6692CD68C, cid=4258, SUCCESS, logIndex=7037, commits[374189d0-76c5-49d2-81b4-45a4af1368a2:c7037]
2019-06-14 08:43:17,366 INFO  client.GrpcClientProtocolClient (GrpcClientProtocolClient.java:onNext(254)) - client-2EC808601240->374189d0-76c5-49d2-81b4-45a4af1368a2: receive RaftClientReply:client-2EC808601240->374189d0-76c5-49d2-81b4-45a4af1368a2@group-30B6692CD68C, cid=4259, SUCCESS, logIndex=7038, commits[374189d0-76c5-49d2-81b4-45a4af1368a2:c7040]
2019-06-14 08:43:17,366 INFO  client.GrpcClientProtocolClient (GrpcClientProtocolClient.java:onNext(254)) - client-2EC808601240->374189d0-76c5-49d2-81b4-45a4af1368a2: receive RaftClientReply:client-2EC808601240->374189d0-76c5-49d2-81b4-45a4af1368a2@group-30B6692CD68C, cid=4260, SUCCESS, logIndex=7040, commits[374189d0-76c5-49d2-81b4-45a4af1368a2:c7040]
2019-06-14 08:43:17,372 DEBUG block.SCMBlockDeletingService (SCMBlockDeletingService.java:call(138)) - Running DeletedBlockTransactionScanner
2019-06-14 08:43:17,372 DEBUG block.SCMBlockDeletingService (SCMBlockDeletingService.java:call(155)) - Scanned deleted blocks log and got 0 delTX to process.
2019-06-14 08:43:17,372 INFO  client.GrpcClientProtocolClient (GrpcClientProtocolClient.java:onNext(254)) - client-2EC808601240->374189d0-76c5-49d2-81b4-45a4af1368a2: receive RaftClientReply:client-2EC808601240->374189d0-76c5-49d2-81b4-45a4af1368a2@group-30B6692CD68C, cid=4261, SUCCESS, logIndex=7042, commits[374189d0-76c5-49d2-81b4-45a4af1368a2:c7042]
2019-06-14 08:43:17,373 INFO  client.GrpcClientProtocolClient (GrpcClientProtocolClient.java:onNext(254)) - client-2EC808601240->374189d0-76c5-49d2-81b4-45a4af1368a2: receive RaftClientReply:client-2EC808601240->374189d0-76c5-49d2-81b4-45a4af1368a2@group-30B6692CD68C, cid=4262, SUCCESS, logIndex=7044, commits[374189d0-76c5-49d2-81b4-45a4af1368a2:c7044]
2019-06-14 08:43:17,374 INFO  storage.RaftLogWorker (RaftLogWorker.java:rollLogSegment(303)) - 374189d0-76c5-49d2-81b4-45a4af1368a2-RaftLogWorker: Rolling segment log-6981_7046 to index:7046
2019-06-14 08:43:17,375 INFO  storage.RaftLogWorker (RaftLogWorker.java:execute(433)) - 374189d0-76c5-49d2-81b4-45a4af1368a2-RaftLogWorker: Rolled log segment from /opt/src/hadoop-ozone/integration-test/target/test-dir/MiniOzoneClusterImpl-1994f8b8-dd4d-445c-bf25-0c6d40f9b14d/datanode-0/data/ratis/99d0acb8-99ce-4814-8259-30b6692cd68c/current/log_inprogress_6981 to /opt/src/hadoop-ozone/integration-test/target/test-dir/MiniOzoneClusterImpl-1994f8b8-dd4d-445c-bf25-0c6d40f9b14d/datanode-0/data/ratis/99d0acb8-99ce-4814-8259-30b6692cd68c/current/log_6981-7046
2019-06-14 08:43:17,375 INFO  client.GrpcClientProtocolClient (GrpcClientProtocolClient.java:onNext(254)) - client-2EC808601240->374189d0-76c5-49d2-81b4-45a4af1368a2: receive RaftClientReply:client-2EC808601240->374189d0-76c5-49d2-81b4-45a4af1368a2@group-30B6692CD68C, cid=4263, SUCCESS, logIndex=7046, commits[374189d0-76c5-49d2-81b4-45a4af1368a2:c7046]
2019-06-14 08:43:17,410 INFO  storage.RaftLogWorker (RaftLogWorker.java:execute(469)) - 374189d0-76c5-49d2-81b4-45a4af1368a2-RaftLogWorker: created new log segment /opt/src/hadoop-ozone/integration-test/target/test-dir/MiniOzoneClusterImpl-1994f8b8-dd4d-445c-bf25-0c6d40f9b14d/datanode-0/data/ratis/99d0acb8-99ce-4814-8259-30b6692cd68c/current/log_inprogress_7047
2019-06-14 08:43:17,412 INFO  client.GrpcClientProtocolClient (GrpcClientProtocolClient.java:onNext(254)) - client-2EC808601240->374189d0-76c5-49d2-81b4-45a4af1368a2: receive RaftClientReply:client-2EC808601240->374189d0-76c5-49d2-81b4-45a4af1368a2@group-30B6692CD68C, cid=4264, SUCCESS, logIndex=7047, commits[374189d0-76c5-49d2-81b4-45a4af1368a2:c7048]
2019-06-14 08:43:17,423 INFO  client.GrpcClientProtocolClient (GrpcClientProtocolClient.java:onNext(254)) - client-2EC808601240->374189d0-76c5-49d2-81b4-45a4af1368a2: receive RaftClientReply:client-2EC808601240->374189d0-76c5-49d2-81b4-45a4af1368a2@group-30B6692CD68C, cid=4265, SUCCESS, logIndex=7049, commits[374189d0-76c5-49d2-81b4-45a4af1368a2:c7049]
2019-06-14 08:43:17,425 INFO  client.GrpcClientProtocolClient (GrpcClientProtocolClient.java:onNext(254)) - client-2EC808601240->374189d0-76c5-49d2-81b4-45a4af1368a2: receive RaftClientReply:client-2EC808601240->374189d0-76c5-49d2-81b4-45a4af1368a2@group-30B6692CD68C, cid=4266, SUCCESS, logIndex=7051, commits[374189d0-76c5-49d2-81b4-45a4af1368a2:c7051]
2019-06-14 08:43:17,426 INFO  client.GrpcClientProtocolClient (GrpcClientProtocolClient.java:onNext(254)) - client-2EC808601240->374189d0-76c5-49d2-81b4-45a4af1368a2: receive RaftClientReply:client-2EC808601240->374189d0-76c5-49d2-81b4-45a4af1368a2@group-30B6692CD68C, cid=4267, SUCCESS, logIndex=7052, commits[374189d0-76c5-49d2-81b4-45a4af1368a2:c7052]
2019-06-14 08:43:17,426 INFO  client.GrpcClientProtocolClient (GrpcClientProtocolClient.java:onNext(254)) - client-2EC808601240->374189d0-76c5-49d2-81b4-45a4af1368a2: receive RaftClientReply:client-2EC808601240->374189d0-76c5-49d2-81b4-45a4af1368a2@group-30B6692CD68C, cid=4268, SUCCESS, logIndex=7054, commits[374189d0-76c5-49d2-81b4-45a4af1368a2:c7055]
2019-06-14 08:43:17,431 INFO  client.GrpcClientProtocolClient (GrpcClientProtocolClient.java:onNext(254)) - client-2EC808601240->374189d0-76c5-49d2-81b4-45a4af1368a2: receive RaftClientReply:client-2EC808601240->374189d0-76c5-49d2-81b4-45a4af1368a2@group-30B6692CD68C, cid=4269, SUCCESS, logIndex=7056, commits[374189d0-76c5-49d2-81b4-45a4af1368a2:c7056]
2019-06-14 08:43:17,432 INFO  client.GrpcClientProtocolClient (GrpcClientProtocolClient.java:onNext(254)) - client-2EC808601240->374189d0-76c5-49d2-81b4-45a4af1368a2: receive RaftClientReply:client-2EC808601240->374189d0-76c5-49d2-81b4-45a4af1368a2@group-30B6692CD68C, cid=4270, SUCCESS, logIndex=7058, commits[374189d0-76c5-49d2-81b4-45a4af1368a2:c7058]
2019-06-14 08:43:17,435 INFO  client.GrpcClientProtocolClient (GrpcClientProtocolClient.java:onNext(254)) - client-2EC808601240->374189d0-76c5-49d2-81b4-45a4af1368a2: receive RaftClientReply:client-2EC808601240->374189d0-76c5-49d2-81b4-45a4af1368a2@group-30B6692CD68C, cid=4271, SUCCESS, logIndex=7060, commits[374189d0-76c5-49d2-81b4-45a4af1368a2:c7061]
2019-06-14 08:43:17,435 INFO  client.GrpcClientProtocolClient (GrpcClientProtocolClient.java:onNext(254)) - client-2EC808601240->374189d0-76c5-49d2-81b4-45a4af1368a2: receive RaftClientReply:client-2EC808601240->374189d0-76c5-49d2-81b4-45a4af1368a2@group-30B6692CD68C, cid=4272, SUCCESS, logIndex=7061, commits[374189d0-76c5-49d2-81b4-45a4af1368a2:c7061]
2019-06-14 08:43:17,448 INFO  client.GrpcClientProtocolClient (GrpcClientProtocolClient.java:onNext(254)) - client-2EC808601240->374189d0-76c5-49d2-81b4-45a4af1368a2: receive RaftClientReply:client-2EC808601240->374189d0-76c5-49d2-81b4-45a4af1368a2@group-30B6692CD68C, cid=4273, SUCCESS, logIndex=7063, commits[374189d0-76c5-49d2-81b4-45a4af1368a2:c7063]
2019-06-14 08:43:17,449 INFO  client.GrpcClientProtocolClient (GrpcClientProtocolClient.java:onNext(254)) - client-2EC808601240->374189d0-76c5-49d2-81b4-45a4af1368a2: receive RaftClientReply:client-2EC808601240->374189d0-76c5-49d2-81b4-45a4af1368a2@group-30B6692CD68C, cid=4274, SUCCESS, logIndex=7065, commits[374189d0-76c5-49d2-81b4-45a4af1368a2:c7065]
2019-06-14 08:43:17,450 INFO  client.GrpcClientProtocolClient (GrpcClientProtocolClient.java:onNext(254)) - client-2EC808601240->374189d0-76c5-49d2-81b4-45a4af1368a2: receive RaftClientReply:client-2EC808601240->374189d0-76c5-49d2-81b4-45a4af1368a2@group-30B6692CD68C, cid=4275, SUCCESS, logIndex=7066, commits[374189d0-76c5-49d2-81b4-45a4af1368a2:c7066]
2019-06-14 08:43:17,451 INFO  client.GrpcClientProtocolClient (GrpcClientProtocolClient.java:onNext(254)) - client-2EC808601240->374189d0-76c5-49d2-81b4-45a4af1368a2: receive RaftClientReply:client-2EC808601240->374189d0-76c5-49d2-81b4-45a4af1368a2@group-30B6692CD68C, cid=4276, SUCCESS, logIndex=7069, commits[374189d0-76c5-49d2-81b4-45a4af1368a2:c7069]
2019-06-14 08:43:17,457 INFO  client.GrpcClientProtocolClient (GrpcClientProtocolClient.java:onNext(254)) - client-2EC808601240->374189d0-76c5-49d2-81b4-45a4af1368a2: receive RaftClientReply:client-2EC808601240->374189d0-76c5-49d2-81b4-45a4af1368a2@group-30B6692CD68C, cid=4277, SUCCESS, logIndex=7071, commits[374189d0-76c5-49d2-81b4-45a4af1368a2:c7071]
2019-06-14 08:43:17,458 INFO  client.GrpcClientProtocolClient (GrpcClientProtocolClient.java:onNext(254)) - client-2EC808601240->374189d0-76c5-49d2-81b4-45a4af1368a2: receive RaftClientReply:client-2EC808601240->374189d0-76c5-49d2-81b4-45a4af1368a2@group-30B6692CD68C, cid=4278, SUCCESS, logIndex=7073, commits[374189d0-76c5-49d2-81b4-45a4af1368a2:c7073]
2019-06-14 08:43:17,460 INFO  client.GrpcClientProtocolClient (GrpcClientProtocolClient.java:onNext(254)) - client-2EC808601240->374189d0-76c5-49d2-81b4-45a4af1368a2: receive RaftClientReply:client-2EC808601240->374189d0-76c5-49d2-81b4-45a4af1368a2@group-30B6692CD68C, cid=4279, SUCCESS, logIndex=7075, commits[374189d0-76c5-49d2-81b4-45a4af1368a2:c7076]
2019-06-14 08:43:17,460 INFO  client.GrpcClientProtocolClient (GrpcClientProtocolClient.java:onNext(254)) - client-2EC808601240->374189d0-76c5-49d2-81b4-45a4af1368a2: receive RaftClientReply:client-2EC808601240->374189d0-76c5-49d2-81b4-45a4af1368a2@group-30B6692CD68C, cid=4280, SUCCESS, logIndex=7076, commits[374189d0-76c5-49d2-81b4-45a4af1368a2:c7076]
2019-06-14 08:43:17,472 DEBUG block.SCMBlockDeletingService (SCMBlockDeletingService.java:call(138)) - Running DeletedBlockTransactionScanner
2019-06-14 08:43:17,472 DEBUG block.SCMBlockDeletingService (SCMBlockDeletingService.java:call(155)) - Scanned deleted blocks log and got 0 delTX to process.
2019-06-14 08:43:17,474 INFO  client.GrpcClientProtocolClient (GrpcClientProtocolClient.java:onNext(254)) - client-2EC808601240->374189d0-76c5-49d2-81b4-45a4af1368a2: receive RaftClientReply:client-2EC808601240->374189d0-76c5-49d2-81b4-45a4af1368a2@group-30B6692CD68C, cid=4281, SUCCESS, logIndex=7078, commits[374189d0-76c5-49d2-81b4-45a4af1368a2:c7078]
2019-06-14 08:43:17,475 INFO  client.GrpcClientProtocolClient (GrpcClientProtocolClient.java:onNext(254)) - client-2EC808601240->374189d0-76c5-49d2-81b4-45a4af1368a2: receive RaftClientReply:client-2EC808601240->374189d0-76c5-49d2-81b4-45a4af1368a2@group-30B6692CD68C, cid=4282, SUCCESS, logIndex=7080, commits[374189d0-76c5-49d2-81b4-45a4af1368a2:c7080]
2019-06-14 08:43:17,477 INFO  client.GrpcClientProtocolClient (GrpcClientProtocolClient.java:onNext(254)) - client-2EC808601240->374189d0-76c5-49d2-81b4-45a4af1368a2: receive RaftClientReply:client-2EC808601240->374189d0-76c5-49d2-81b4-45a4af1368a2@group-30B6692CD68C, cid=4283, SUCCESS, logIndex=7082, commits[374189d0-76c5-49d2-81b4-45a4af1368a2:c7083]
2019-06-14 08:43:17,478 INFO  client.GrpcClientProtocolClient (GrpcClientProtocolClient.java:onNext(254)) - client-2EC808601240->374189d0-76c5-49d2-81b4-45a4af1368a2: receive RaftClientReply:client-2EC808601240->374189d0-76c5-49d2-81b4-45a4af1368a2@group-30B6692CD68C, cid=4284, SUCCESS, logIndex=7083, commits[374189d0-76c5-49d2-81b4-45a4af1368a2:c7083]
2019-06-14 08:43:17,484 INFO  client.GrpcClientProtocolClient (GrpcClientProtocolClient.java:onNext(254)) - client-2EC808601240->374189d0-76c5-49d2-81b4-45a4af1368a2: receive RaftClientReply:client-2EC808601240->374189d0-76c5-49d2-81b4-45a4af1368a2@group-30B6692CD68C, cid=4285, SUCCESS, logIndex=7085, commits[374189d0-76c5-49d2-81b4-45a4af1368a2:c7085]
2019-06-14 08:43:17,486 INFO  client.GrpcClientProtocolClient (GrpcClientProtocolClient.java:onNext(254)) - client-2EC808601240->374189d0-76c5-49d2-81b4-45a4af1368a2: receive RaftClientReply:client-2EC808601240->374189d0-76c5-49d2-81b4-45a4af1368a2@group-30B6692CD68C, cid=4286, SUCCESS, logIndex=7087, commits[374189d0-76c5-49d2-81b4-45a4af1368a2:c7087]
2019-06-14 08:43:17,487 INFO  client.GrpcClientProtocolClient (GrpcClientProtocolClient.java:onNext(254)) - client-2EC808601240->374189d0-76c5-49d2-81b4-45a4af1368a2: receive RaftClientReply:client-2EC808601240->374189d0-76c5-49d2-81b4-45a4af1368a2@group-30B6692CD68C, cid=4287, SUCCESS, logIndex=7088, commits[374189d0-76c5-49d2-81b4-45a4af1368a2:c7090]
2019-06-14 08:43:17,487 INFO  client.GrpcClientProtocolClient (GrpcClientProtocolClient.java:onNext(254)) - client-2EC808601240->374189d0-76c5-49d2-81b4-45a4af1368a2: receive RaftClientReply:client-2EC808601240->374189d0-76c5-49d2-81b4-45a4af1368a2@group-30B6692CD68C, cid=4288, SUCCESS, logIndex=7089, commits[374189d0-76c5-49d2-81b4-45a4af1368a2:c7090]
2019-06-14 08:43:17,573 DEBUG block.SCMBlockDeletingService (SCMBlockDeletingService.java:call(138)) - Running DeletedBlockTransactionScanner
2019-06-14 08:43:17,573 DEBUG block.SCMBlockDeletingService (SCMBlockDeletingService.java:call(155)) - Scanned deleted blocks log and got 0 delTX to process.
2019-06-14 08:43:17,589 INFO  client.GrpcClientProtocolClient (GrpcClientProtocolClient.java:onNext(254)) - client-2EC808601240->374189d0-76c5-49d2-81b4-45a4af1368a2: receive RaftClientReply:client-2EC808601240->374189d0-76c5-49d2-81b4-45a4af1368a2@group-30B6692CD68C, cid=4289, SUCCESS, logIndex=7091, commits[374189d0-76c5-49d2-81b4-45a4af1368a2:c7091]
2019-06-14 08:43:17,590 INFO  client.GrpcClientProtocolClient (GrpcClientProtocolClient.java:onNext(254)) - client-2EC808601240->374189d0-76c5-49d2-81b4-45a4af1368a2: receive RaftClientReply:client-2EC808601240->374189d0-76c5-49d2-81b4-45a4af1368a2@group-30B6692CD68C, cid=4290, SUCCESS, logIndex=7093, commits[374189d0-76c5-49d2-81b4-45a4af1368a2:c7093]
2019-06-14 08:43:17,591 INFO  client.GrpcClientProtocolClient (GrpcClientProtocolClient.java:onNext(254)) - client-2EC808601240->374189d0-76c5-49d2-81b4-45a4af1368a2: receive RaftClientReply:client-2EC808601240->374189d0-76c5-49d2-81b4-45a4af1368a2@group-30B6692CD68C, cid=4291, SUCCESS, logIndex=7094, commits[374189d0-76c5-49d2-81b4-45a4af1368a2:c7096]
2019-06-14 08:43:17,592 INFO  client.GrpcClientProtocolClient (GrpcClientProtocolClient.java:onNext(254)) - client-2EC808601240->374189d0-76c5-49d2-81b4-45a4af1368a2: receive RaftClientReply:client-2EC808601240->374189d0-76c5-49d2-81b4-45a4af1368a2@group-30B6692CD68C, cid=4292, SUCCESS, logIndex=7095, commits[374189d0-76c5-49d2-81b4-45a4af1368a2:c7096]
2019-06-14 08:43:17,596 INFO  client.GrpcClientProtocolClient (GrpcClientProtocolClient.java:onNext(254)) - client-2EC808601240->374189d0-76c5-49d2-81b4-45a4af1368a2: receive RaftClientReply:client-2EC808601240->374189d0-76c5-49d2-81b4-45a4af1368a2@group-30B6692CD68C, cid=4293, SUCCESS, logIndex=7097, commits[374189d0-76c5-49d2-81b4-45a4af1368a2:c7097]
2019-06-14 08:43:17,597 INFO  client.GrpcClientProtocolClient (GrpcClientProtocolClient.java:onNext(254)) - client-2EC808601240->374189d0-76c5-49d2-81b4-45a4af1368a2: receive RaftClientReply:client-2EC808601240->374189d0-76c5-49d2-81b4-45a4af1368a2@group-30B6692CD68C, cid=4294, SUCCESS, logIndex=7099, commits[374189d0-76c5-49d2-81b4-45a4af1368a2:c7099]
2019-06-14 08:43:17,599 INFO  client.GrpcClientProtocolClient (GrpcClientProtocolClient.java:onNext(254)) - client-2EC808601240->374189d0-76c5-49d2-81b4-45a4af1368a2: receive RaftClientReply:client-2EC808601240->374189d0-76c5-49d2-81b4-45a4af1368a2@group-30B6692CD68C, cid=4295, SUCCESS, logIndex=7100, commits[374189d0-76c5-49d2-81b4-45a4af1368a2:c7102]
2019-06-14 08:43:17,599 INFO  client.GrpcClientProtocolClient (GrpcClientProtocolClient.java:onNext(254)) - client-2EC808601240->374189d0-76c5-49d2-81b4-45a4af1368a2: receive RaftClientReply:client-2EC808601240->374189d0-76c5-49d2-81b4-45a4af1368a2@group-30B6692CD68C, cid=4296, SUCCESS, logIndex=7101, commits[374189d0-76c5-49d2-81b4-45a4af1368a2:c7102]
2019-06-14 08:43:17,615 INFO  client.GrpcClientProtocolClient (GrpcClientProtocolClient.java:onNext(254)) - client-2EC808601240->374189d0-76c5-49d2-81b4-45a4af1368a2: receive RaftClientReply:client-2EC808601240->374189d0-76c5-49d2-81b4-45a4af1368a2@group-30B6692CD68C, cid=4297, SUCCESS, logIndex=7103, commits[374189d0-76c5-49d2-81b4-45a4af1368a2:c7103]
2019-06-14 08:43:17,616 INFO  client.GrpcClientProtocolClient (GrpcClientProtocolClient.java:onNext(254)) - client-2EC808601240->374189d0-76c5-49d2-81b4-45a4af1368a2: receive RaftClientReply:client-2EC808601240->374189d0-76c5-49d2-81b4-45a4af1368a2@group-30B6692CD68C, cid=4298, SUCCESS, logIndex=7105, commits[374189d0-76c5-49d2-81b4-45a4af1368a2:c7105]
2019-06-14 08:43:17,618 INFO  client.GrpcClientProtocolClient (GrpcClientProtocolClient.java:onNext(254)) - client-2EC808601240->374189d0-76c5-49d2-81b4-45a4af1368a2: receive RaftClientReply:client-2EC808601240->374189d0-76c5-49d2-81b4-45a4af1368a2@group-30B6692CD68C, cid=4299, SUCCESS, logIndex=7106, commits[374189d0-76c5-49d2-81b4-45a4af1368a2:c7108]
2019-06-14 08:43:17,619 INFO  client.GrpcClientProtocolClient (GrpcClientProtocolClient.java:onNext(254)) - client-2EC808601240->374189d0-76c5-49d2-81b4-45a4af1368a2: receive RaftClientReply:client-2EC808601240->374189d0-76c5-49d2-81b4-45a4af1368a2@group-30B6692CD68C, cid=4300, SUCCESS, logIndex=7107, commits[374189d0-76c5-49d2-81b4-45a4af1368a2:c7108]
2019-06-14 08:43:17,624 INFO  client.GrpcClientProtocolClient (GrpcClientProtocolClient.java:onNext(254)) - client-2EC808601240->374189d0-76c5-49d2-81b4-45a4af1368a2: receive RaftClientReply:client-2EC808601240->374189d0-76c5-49d2-81b4-45a4af1368a2@group-30B6692CD68C, cid=4301, SUCCESS, logIndex=7109, commits[374189d0-76c5-49d2-81b4-45a4af1368a2:c7109]
2019-06-14 08:43:17,625 INFO  client.GrpcClientProtocolClient (GrpcClientProtocolClient.java:onNext(254)) - client-2EC808601240->374189d0-76c5-49d2-81b4-45a4af1368a2: receive RaftClientReply:client-2EC808601240->374189d0-76c5-49d2-81b4-45a4af1368a2@group-30B6692CD68C, cid=4302, SUCCESS, logIndex=7111, commits[374189d0-76c5-49d2-81b4-45a4af1368a2:c7111]
2019-06-14 08:43:17,626 INFO  client.GrpcClientProtocolClient (GrpcClientProtocolClient.java:onNext(254)) - client-2EC808601240->374189d0-76c5-49d2-81b4-45a4af1368a2: receive RaftClientReply:client-2EC808601240->374189d0-76c5-49d2-81b4-45a4af1368a2@group-30B6692CD68C, cid=4303, SUCCESS, logIndex=7112, commits[374189d0-76c5-49d2-81b4-45a4af1368a2:c7114]
2019-06-14 08:43:17,626 INFO  client.GrpcClientProtocolClient (GrpcClientProtocolClient.java:onNext(254)) - client-2EC808601240->374189d0-76c5-49d2-81b4-45a4af1368a2: receive RaftClientReply:client-2EC808601240->374189d0-76c5-49d2-81b4-45a4af1368a2@group-30B6692CD68C, cid=4304, SUCCESS, logIndex=7113, commits[374189d0-76c5-49d2-81b4-45a4af1368a2:c7114]
2019-06-14 08:43:17,639 INFO  client.GrpcClientProtocolClient (GrpcClientProtocolClient.java:onNext(254)) - client-2EC808601240->374189d0-76c5-49d2-81b4-45a4af1368a2: receive RaftClientReply:client-2EC808601240->374189d0-76c5-49d2-81b4-45a4af1368a2@group-30B6692CD68C, cid=4305, SUCCESS, logIndex=7115, commits[374189d0-76c5-49d2-81b4-45a4af1368a2:c7115]
2019-06-14 08:43:17,639 INFO  storage.RaftLogWorker (RaftLogWorker.java:rollLogSegment(303)) - 374189d0-76c5-49d2-81b4-45a4af1368a2-RaftLogWorker: Rolling segment log-7047_7117 to index:7117
2019-06-14 08:43:17,640 INFO  storage.RaftLogWorker (RaftLogWorker.java:execute(433)) - 374189d0-76c5-49d2-81b4-45a4af1368a2-RaftLogWorker: Rolled log segment from /opt/src/hadoop-ozone/integration-test/target/test-dir/MiniOzoneClusterImpl-1994f8b8-dd4d-445c-bf25-0c6d40f9b14d/datanode-0/data/ratis/99d0acb8-99ce-4814-8259-30b6692cd68c/current/log_inprogress_7047 to /opt/src/hadoop-ozone/integration-test/target/test-dir/MiniOzoneClusterImpl-1994f8b8-dd4d-445c-bf25-0c6d40f9b14d/datanode-0/data/ratis/99d0acb8-99ce-4814-8259-30b6692cd68c/current/log_7047-7117
2019-06-14 08:43:17,642 INFO  client.GrpcClientProtocolClient (GrpcClientProtocolClient.java:onNext(254)) - client-2EC808601240->374189d0-76c5-49d2-81b4-45a4af1368a2: receive RaftClientReply:client-2EC808601240->374189d0-76c5-49d2-81b4-45a4af1368a2@group-30B6692CD68C, cid=4306, SUCCESS, logIndex=7117, commits[374189d0-76c5-49d2-81b4-45a4af1368a2:c7117]
2019-06-14 08:43:17,673 DEBUG block.SCMBlockDeletingService (SCMBlockDeletingService.java:call(138)) - Running DeletedBlockTransactionScanner
2019-06-14 08:43:17,673 DEBUG block.SCMBlockDeletingService (SCMBlockDeletingService.java:call(155)) - Scanned deleted blocks log and got 0 delTX to process.
2019-06-14 08:43:17,683 INFO  storage.RaftLogWorker (RaftLogWorker.java:execute(469)) - 374189d0-76c5-49d2-81b4-45a4af1368a2-RaftLogWorker: created new log segment /opt/src/hadoop-ozone/integration-test/target/test-dir/MiniOzoneClusterImpl-1994f8b8-dd4d-445c-bf25-0c6d40f9b14d/datanode-0/data/ratis/99d0acb8-99ce-4814-8259-30b6692cd68c/current/log_inprogress_7118
2019-06-14 08:43:17,684 INFO  client.GrpcClientProtocolClient (GrpcClientProtocolClient.java:onNext(254)) - client-2EC808601240->374189d0-76c5-49d2-81b4-45a4af1368a2: receive RaftClientReply:client-2EC808601240->374189d0-76c5-49d2-81b4-45a4af1368a2@group-30B6692CD68C, cid=4307, SUCCESS, logIndex=7118, commits[374189d0-76c5-49d2-81b4-45a4af1368a2:c7120]
2019-06-14 08:43:17,684 INFO  client.GrpcClientProtocolClient (GrpcClientProtocolClient.java:onNext(254)) - client-2EC808601240->374189d0-76c5-49d2-81b4-45a4af1368a2: receive RaftClientReply:client-2EC808601240->374189d0-76c5-49d2-81b4-45a4af1368a2@group-30B6692CD68C, cid=4308, SUCCESS, logIndex=7119, commits[374189d0-76c5-49d2-81b4-45a4af1368a2:c7120]
2019-06-14 08:43:17,689 INFO  client.GrpcClientProtocolClient (GrpcClientProtocolClient.java:onNext(254)) - client-2EC808601240->374189d0-76c5-49d2-81b4-45a4af1368a2: receive RaftClientReply:client-2EC808601240->374189d0-76c5-49d2-81b4-45a4af1368a2@group-30B6692CD68C, cid=4309, SUCCESS, logIndex=7121, commits[374189d0-76c5-49d2-81b4-45a4af1368a2:c7121]
2019-06-14 08:43:17,690 INFO  client.GrpcClientProtocolClient (GrpcClientProtocolClient.java:onNext(254)) - client-2EC808601240->374189d0-76c5-49d2-81b4-45a4af1368a2: receive RaftClientReply:client-2EC808601240->374189d0-76c5-49d2-81b4-45a4af1368a2@group-30B6692CD68C, cid=4310, SUCCESS, logIndex=7123, commits[374189d0-76c5-49d2-81b4-45a4af1368a2:c7123]
2019-06-14 08:43:17,692 INFO  client.GrpcClientProtocolClient (GrpcClientProtocolClient.java:onNext(254)) - client-2EC808601240->374189d0-76c5-49d2-81b4-45a4af1368a2: receive RaftClientReply:client-2EC808601240->374189d0-76c5-49d2-81b4-45a4af1368a2@group-30B6692CD68C, cid=4311, SUCCESS, logIndex=7124, commits[374189d0-76c5-49d2-81b4-45a4af1368a2:c7126]
2019-06-14 08:43:17,692 INFO  client.GrpcClientProtocolClient (GrpcClientProtocolClient.java:onNext(254)) - client-2EC808601240->374189d0-76c5-49d2-81b4-45a4af1368a2: receive RaftClientReply:client-2EC808601240->374189d0-76c5-49d2-81b4-45a4af1368a2@group-30B6692CD68C, cid=4312, SUCCESS, logIndex=7125, commits[374189d0-76c5-49d2-81b4-45a4af1368a2:c7126]
2019-06-14 08:43:17,719 INFO  client.GrpcClientProtocolClient (GrpcClientProtocolClient.java:onNext(254)) - client-2EC808601240->374189d0-76c5-49d2-81b4-45a4af1368a2: receive RaftClientReply:client-2EC808601240->374189d0-76c5-49d2-81b4-45a4af1368a2@group-30B6692CD68C, cid=4313, SUCCESS, logIndex=7127, commits[374189d0-76c5-49d2-81b4-45a4af1368a2:c7127]
2019-06-14 08:43:17,722 INFO  client.GrpcClientProtocolClient (GrpcClientProtocolClient.java:onNext(254)) - client-2EC808601240->374189d0-76c5-49d2-81b4-45a4af1368a2: receive RaftClientReply:client-2EC808601240->374189d0-76c5-49d2-81b4-45a4af1368a2@group-30B6692CD68C, cid=4314, SUCCESS, logIndex=7129, commits[374189d0-76c5-49d2-81b4-45a4af1368a2:c7131]
2019-06-14 08:43:17,722 INFO  client.GrpcClientProtocolClient (GrpcClientProtocolClient.java:onNext(254)) - client-2EC808601240->374189d0-76c5-49d2-81b4-45a4af1368a2: receive RaftClientReply:client-2EC808601240->374189d0-76c5-49d2-81b4-45a4af1368a2@group-30B6692CD68C, cid=4315, SUCCESS, logIndex=7130, commits[374189d0-76c5-49d2-81b4-45a4af1368a2:c7131]
2019-06-14 08:43:17,722 INFO  client.GrpcClientProtocolClient (GrpcClientProtocolClient.java:onNext(254)) - client-2EC808601240->374189d0-76c5-49d2-81b4-45a4af1368a2: receive RaftClientReply:client-2EC808601240->374189d0-76c5-49d2-81b4-45a4af1368a2@group-30B6692CD68C, cid=4316, SUCCESS, logIndex=7131, commits[374189d0-76c5-49d2-81b4-45a4af1368a2:c7131]
2019-06-14 08:43:17,727 INFO  client.GrpcClientProtocolClient (GrpcClientProtocolClient.java:onNext(254)) - client-2EC808601240->374189d0-76c5-49d2-81b4-45a4af1368a2: receive RaftClientReply:client-2EC808601240->374189d0-76c5-49d2-81b4-45a4af1368a2@group-30B6692CD68C, cid=4317, SUCCESS, logIndex=7133, commits[374189d0-76c5-49d2-81b4-45a4af1368a2:c7133]
2019-06-14 08:43:17,728 INFO  client.GrpcClientProtocolClient (GrpcClientProtocolClient.java:onNext(254)) - client-2EC808601240->374189d0-76c5-49d2-81b4-45a4af1368a2: receive RaftClientReply:client-2EC808601240->374189d0-76c5-49d2-81b4-45a4af1368a2@group-30B6692CD68C, cid=4318, SUCCESS, logIndex=7135, commits[374189d0-76c5-49d2-81b4-45a4af1368a2:c7135]
2019-06-14 08:43:17,731 INFO  client.GrpcClientProtocolClient (GrpcClientProtocolClient.java:onNext(254)) - client-2EC808601240->374189d0-76c5-49d2-81b4-45a4af1368a2: receive RaftClientReply:client-2EC808601240->374189d0-76c5-49d2-81b4-45a4af1368a2@group-30B6692CD68C, cid=4319, SUCCESS, logIndex=7137, commits[374189d0-76c5-49d2-81b4-45a4af1368a2:c7138]
2019-06-14 08:43:17,731 INFO  client.GrpcClientProtocolClient (GrpcClientProtocolClient.java:onNext(254)) - client-2EC808601240->374189d0-76c5-49d2-81b4-45a4af1368a2: receive RaftClientReply:client-2EC808601240->374189d0-76c5-49d2-81b4-45a4af1368a2@group-30B6692CD68C, cid=4320, SUCCESS, logIndex=7138, commits[374189d0-76c5-49d2-81b4-45a4af1368a2:c7138]
2019-06-14 08:43:17,742 INFO  client.GrpcClientProtocolClient (GrpcClientProtocolClient.java:onNext(254)) - client-2EC808601240->374189d0-76c5-49d2-81b4-45a4af1368a2: receive RaftClientReply:client-2EC808601240->374189d0-76c5-49d2-81b4-45a4af1368a2@group-30B6692CD68C, cid=4321, SUCCESS, logIndex=7140, commits[374189d0-76c5-49d2-81b4-45a4af1368a2:c7140]
2019-06-14 08:43:17,743 INFO  client.GrpcClientProtocolClient (GrpcClientProtocolClient.java:onNext(254)) - client-2EC808601240->374189d0-76c5-49d2-81b4-45a4af1368a2: receive RaftClientReply:client-2EC808601240->374189d0-76c5-49d2-81b4-45a4af1368a2@group-30B6692CD68C, cid=4322, SUCCESS, logIndex=7142, commits[374189d0-76c5-49d2-81b4-45a4af1368a2:c7142]
2019-06-14 08:43:17,744 INFO  client.GrpcClientProtocolClient (GrpcClientProtocolClient.java:onNext(254)) - client-2EC808601240->374189d0-76c5-49d2-81b4-45a4af1368a2: receive RaftClientReply:client-2EC808601240->374189d0-76c5-49d2-81b4-45a4af1368a2@group-30B6692CD68C, cid=4323, SUCCESS, logIndex=7143, commits[374189d0-76c5-49d2-81b4-45a4af1368a2:c7145]
2019-06-14 08:43:17,744 INFO  client.GrpcClientProtocolClient (GrpcClientProtocolClient.java:onNext(254)) - client-2EC808601240->374189d0-76c5-49d2-81b4-45a4af1368a2: receive RaftClientReply:client-2EC808601240->374189d0-76c5-49d2-81b4-45a4af1368a2@group-30B6692CD68C, cid=4324, SUCCESS, logIndex=7144, commits[374189d0-76c5-49d2-81b4-45a4af1368a2:c7145]
2019-06-14 08:43:17,750 INFO  client.GrpcClientProtocolClient (GrpcClientProtocolClient.java:onNext(254)) - client-2EC808601240->374189d0-76c5-49d2-81b4-45a4af1368a2: receive RaftClientReply:client-2EC808601240->374189d0-76c5-49d2-81b4-45a4af1368a2@group-30B6692CD68C, cid=4325, SUCCESS, logIndex=7146, commits[374189d0-76c5-49d2-81b4-45a4af1368a2:c7146]
2019-06-14 08:43:17,751 INFO  client.GrpcClientProtocolClient (GrpcClientProtocolClient.java:onNext(254)) - client-2EC808601240->374189d0-76c5-49d2-81b4-45a4af1368a2: receive RaftClientReply:client-2EC808601240->374189d0-76c5-49d2-81b4-45a4af1368a2@group-30B6692CD68C, cid=4326, SUCCESS, logIndex=7148, commits[374189d0-76c5-49d2-81b4-45a4af1368a2:c7148]
2019-06-14 08:43:17,752 INFO  client.GrpcClientProtocolClient (GrpcClientProtocolClient.java:onNext(254)) - client-2EC808601240->374189d0-76c5-49d2-81b4-45a4af1368a2: receive RaftClientReply:client-2EC808601240->374189d0-76c5-49d2-81b4-45a4af1368a2@group-30B6692CD68C, cid=4327, SUCCESS, logIndex=7149, commits[374189d0-76c5-49d2-81b4-45a4af1368a2:c7151]
2019-06-14 08:43:17,752 INFO  client.GrpcClientProtocolClient (GrpcClientProtocolClient.java:onNext(254)) - client-2EC808601240->374189d0-76c5-49d2-81b4-45a4af1368a2: receive RaftClientReply:client-2EC808601240->374189d0-76c5-49d2-81b4-45a4af1368a2@group-30B6692CD68C, cid=4328, SUCCESS, logIndex=7150, commits[374189d0-76c5-49d2-81b4-45a4af1368a2:c7151]
2019-06-14 08:43:17,762 INFO  client.GrpcClientProtocolClient (GrpcClientProtocolClient.java:onNext(254)) - client-2EC808601240->374189d0-76c5-49d2-81b4-45a4af1368a2: receive RaftClientReply:client-2EC808601240->374189d0-76c5-49d2-81b4-45a4af1368a2@group-30B6692CD68C, cid=4329, SUCCESS, logIndex=7152, commits[374189d0-76c5-49d2-81b4-45a4af1368a2:c7152]
2019-06-14 08:43:17,763 INFO  client.GrpcClientProtocolClient (GrpcClientProtocolClient.java:onNext(254)) - client-2EC808601240->374189d0-76c5-49d2-81b4-45a4af1368a2: receive RaftClientReply:client-2EC808601240->374189d0-76c5-49d2-81b4-45a4af1368a2@group-30B6692CD68C, cid=4330, SUCCESS, logIndex=7154, commits[374189d0-76c5-49d2-81b4-45a4af1368a2:c7154]
2019-06-14 08:43:17,764 INFO  client.GrpcClientProtocolClient (GrpcClientProtocolClient.java:onNext(254)) - client-2EC808601240->374189d0-76c5-49d2-81b4-45a4af1368a2: receive RaftClientReply:client-2EC808601240->374189d0-76c5-49d2-81b4-45a4af1368a2@group-30B6692CD68C, cid=4331, SUCCESS, logIndex=7155, commits[374189d0-76c5-49d2-81b4-45a4af1368a2:c7157]
2019-06-14 08:43:17,765 INFO  client.GrpcClientProtocolClient (GrpcClientProtocolClient.java:onNext(254)) - client-2EC808601240->374189d0-76c5-49d2-81b4-45a4af1368a2: receive RaftClientReply:client-2EC808601240->374189d0-76c5-49d2-81b4-45a4af1368a2@group-30B6692CD68C, cid=4332, SUCCESS, logIndex=7156, commits[374189d0-76c5-49d2-81b4-45a4af1368a2:c7157]
2019-06-14 08:43:17,773 DEBUG block.SCMBlockDeletingService (SCMBlockDeletingService.java:call(138)) - Running DeletedBlockTransactionScanner
2019-06-14 08:43:17,773 DEBUG block.SCMBlockDeletingService (SCMBlockDeletingService.java:call(155)) - Scanned deleted blocks log and got 0 delTX to process.
2019-06-14 08:43:17,836 INFO  client.GrpcClientProtocolClient (GrpcClientProtocolClient.java:onNext(254)) - client-2EC808601240->374189d0-76c5-49d2-81b4-45a4af1368a2: receive RaftClientReply:client-2EC808601240->374189d0-76c5-49d2-81b4-45a4af1368a2@group-30B6692CD68C, cid=4333, SUCCESS, logIndex=7158, commits[374189d0-76c5-49d2-81b4-45a4af1368a2:c7158]
2019-06-14 08:43:17,837 INFO  client.GrpcClientProtocolClient (GrpcClientProtocolClient.java:onNext(254)) - client-2EC808601240->374189d0-76c5-49d2-81b4-45a4af1368a2: receive RaftClientReply:client-2EC808601240->374189d0-76c5-49d2-81b4-45a4af1368a2@group-30B6692CD68C, cid=4334, SUCCESS, logIndex=7160, commits[374189d0-76c5-49d2-81b4-45a4af1368a2:c7160]
2019-06-14 08:43:17,839 INFO  client.GrpcClientProtocolClient (GrpcClientProtocolClient.java:onNext(254)) - client-2EC808601240->374189d0-76c5-49d2-81b4-45a4af1368a2: receive RaftClientReply:client-2EC808601240->374189d0-76c5-49d2-81b4-45a4af1368a2@group-30B6692CD68C, cid=4335, SUCCESS, logIndex=7161, commits[374189d0-76c5-49d2-81b4-45a4af1368a2:c7163]
2019-06-14 08:43:17,839 INFO  client.GrpcClientProtocolClient (GrpcClientProtocolClient.java:onNext(254)) - client-2EC808601240->374189d0-76c5-49d2-81b4-45a4af1368a2: receive RaftClientReply:client-2EC808601240->374189d0-76c5-49d2-81b4-45a4af1368a2@group-30B6692CD68C, cid=4336, SUCCESS, logIndex=7162, commits[374189d0-76c5-49d2-81b4-45a4af1368a2:c7163]
2019-06-14 08:43:17,887 DEBUG block.SCMBlockDeletingService (SCMBlockDeletingService.java:call(138)) - Running DeletedBlockTransactionScanner
2019-06-14 08:43:17,887 DEBUG block.SCMBlockDeletingService (SCMBlockDeletingService.java:call(155)) - Scanned deleted blocks log and got 0 delTX to process.
2019-06-14 08:43:17,892 INFO  client.GrpcClientProtocolClient (GrpcClientProtocolClient.java:onNext(254)) - client-2EC808601240->374189d0-76c5-49d2-81b4-45a4af1368a2: receive RaftClientReply:client-2EC808601240->374189d0-76c5-49d2-81b4-45a4af1368a2@group-30B6692CD68C, cid=4337, SUCCESS, logIndex=7164, commits[374189d0-76c5-49d2-81b4-45a4af1368a2:c7164]
2019-06-14 08:43:17,893 INFO  client.GrpcClientProtocolClient (GrpcClientProtocolClient.java:onNext(254)) - client-2EC808601240->374189d0-76c5-49d2-81b4-45a4af1368a2: receive RaftClientReply:client-2EC808601240->374189d0-76c5-49d2-81b4-45a4af1368a2@group-30B6692CD68C, cid=4338, SUCCESS, logIndex=7166, commits[374189d0-76c5-49d2-81b4-45a4af1368a2:c7166]
2019-06-14 08:43:17,895 INFO  client.GrpcClientProtocolClient (GrpcClientProtocolClient.java:onNext(254)) - client-2EC808601240->374189d0-76c5-49d2-81b4-45a4af1368a2: receive RaftClientReply:client-2EC808601240->374189d0-76c5-49d2-81b4-45a4af1368a2@group-30B6692CD68C, cid=4339, SUCCESS, logIndex=7167, commits[374189d0-76c5-49d2-81b4-45a4af1368a2:c7169]
2019-06-14 08:43:17,895 INFO  client.GrpcClientProtocolClient (GrpcClientProtocolClient.java:onNext(254)) - client-2EC808601240->374189d0-76c5-49d2-81b4-45a4af1368a2: receive RaftClientReply:client-2EC808601240->374189d0-76c5-49d2-81b4-45a4af1368a2@group-30B6692CD68C, cid=4340, SUCCESS, logIndex=7168, commits[374189d0-76c5-49d2-81b4-45a4af1368a2:c7169]
2019-06-14 08:43:17,901 INFO  client.GrpcClientProtocolClient (GrpcClientProtocolClient.java:onNext(254)) - client-2EC808601240->374189d0-76c5-49d2-81b4-45a4af1368a2: receive RaftClientReply:client-2EC808601240->374189d0-76c5-49d2-81b4-45a4af1368a2@group-30B6692CD68C, cid=4341, SUCCESS, logIndex=7170, commits[374189d0-76c5-49d2-81b4-45a4af1368a2:c7170]
2019-06-14 08:43:17,902 INFO  client.GrpcClientProtocolClient (GrpcClientProtocolClient.java:onNext(254)) - client-2EC808601240->374189d0-76c5-49d2-81b4-45a4af1368a2: receive RaftClientReply:client-2EC808601240->374189d0-76c5-49d2-81b4-45a4af1368a2@group-30B6692CD68C, cid=4342, SUCCESS, logIndex=7172, commits[374189d0-76c5-49d2-81b4-45a4af1368a2:c7172]
2019-06-14 08:43:17,904 INFO  client.GrpcClientProtocolClient (GrpcClientProtocolClient.java:onNext(254)) - client-2EC808601240->374189d0-76c5-49d2-81b4-45a4af1368a2: receive RaftClientReply:client-2EC808601240->374189d0-76c5-49d2-81b4-45a4af1368a2@group-30B6692CD68C, cid=4343, SUCCESS, logIndex=7174, commits[374189d0-76c5-49d2-81b4-45a4af1368a2:c7175]
2019-06-14 08:43:17,904 INFO  client.GrpcClientProtocolClient (GrpcClientProtocolClient.java:onNext(254)) - client-2EC808601240->374189d0-76c5-49d2-81b4-45a4af1368a2: receive RaftClientReply:client-2EC808601240->374189d0-76c5-49d2-81b4-45a4af1368a2@group-30B6692CD68C, cid=4344, SUCCESS, logIndex=7175, commits[374189d0-76c5-49d2-81b4-45a4af1368a2:c7175]
2019-06-14 08:43:17,914 INFO  client.GrpcClientProtocolClient (GrpcClientProtocolClient.java:onNext(254)) - client-2EC808601240->374189d0-76c5-49d2-81b4-45a4af1368a2: receive RaftClientReply:client-2EC808601240->374189d0-76c5-49d2-81b4-45a4af1368a2@group-30B6692CD68C, cid=4345, SUCCESS, logIndex=7177, commits[374189d0-76c5-49d2-81b4-45a4af1368a2:c7177]
2019-06-14 08:43:17,915 INFO  client.GrpcClientProtocolClient (GrpcClientProtocolClient.java:onNext(254)) - client-2EC808601240->374189d0-76c5-49d2-81b4-45a4af1368a2: receive RaftClientReply:client-2EC808601240->374189d0-76c5-49d2-81b4-45a4af1368a2@group-30B6692CD68C, cid=4346, SUCCESS, logIndex=7179, commits[374189d0-76c5-49d2-81b4-45a4af1368a2:c7179]
2019-06-14 08:43:17,916 INFO  client.GrpcClientProtocolClient (GrpcClientProtocolClient.java:onNext(254)) - client-2EC808601240->374189d0-76c5-49d2-81b4-45a4af1368a2: receive RaftClientReply:client-2EC808601240->374189d0-76c5-49d2-81b4-45a4af1368a2@group-30B6692CD68C, cid=4347, SUCCESS, logIndex=7180, commits[374189d0-76c5-49d2-81b4-45a4af1368a2:c7182]
2019-06-14 08:43:17,916 INFO  client.GrpcClientProtocolClient (GrpcClientProtocolClient.java:onNext(254)) - client-2EC808601240->374189d0-76c5-49d2-81b4-45a4af1368a2: receive RaftClientReply:client-2EC808601240->374189d0-76c5-49d2-81b4-45a4af1368a2@group-30B6692CD68C, cid=4348, SUCCESS, logIndex=7181, commits[374189d0-76c5-49d2-81b4-45a4af1368a2:c7182]
2019-06-14 08:43:17,921 INFO  storage.RaftLogWorker (RaftLogWorker.java:rollLogSegment(303)) - 374189d0-76c5-49d2-81b4-45a4af1368a2-RaftLogWorker: Rolling segment log-7118_7184 to index:7184
2019-06-14 08:43:17,921 INFO  client.GrpcClientProtocolClient (GrpcClientProtocolClient.java:onNext(254)) - client-2EC808601240->374189d0-76c5-49d2-81b4-45a4af1368a2: receive RaftClientReply:client-2EC808601240->374189d0-76c5-49d2-81b4-45a4af1368a2@group-30B6692CD68C, cid=4349, SUCCESS, logIndex=7183, commits[374189d0-76c5-49d2-81b4-45a4af1368a2:c7183]
2019-06-14 08:43:17,921 INFO  storage.RaftLogWorker (RaftLogWorker.java:execute(433)) - 374189d0-76c5-49d2-81b4-45a4af1368a2-RaftLogWorker: Rolled log segment from /opt/src/hadoop-ozone/integration-test/target/test-dir/MiniOzoneClusterImpl-1994f8b8-dd4d-445c-bf25-0c6d40f9b14d/datanode-0/data/ratis/99d0acb8-99ce-4814-8259-30b6692cd68c/current/log_inprogress_7118 to /opt/src/hadoop-ozone/integration-test/target/test-dir/MiniOzoneClusterImpl-1994f8b8-dd4d-445c-bf25-0c6d40f9b14d/datanode-0/data/ratis/99d0acb8-99ce-4814-8259-30b6692cd68c/current/log_7118-7184
2019-06-14 08:43:17,957 INFO  storage.RaftLogWorker (RaftLogWorker.java:execute(469)) - 374189d0-76c5-49d2-81b4-45a4af1368a2-RaftLogWorker: created new log segment /opt/src/hadoop-ozone/integration-test/target/test-dir/MiniOzoneClusterImpl-1994f8b8-dd4d-445c-bf25-0c6d40f9b14d/datanode-0/data/ratis/99d0acb8-99ce-4814-8259-30b6692cd68c/current/log_inprogress_7185
2019-06-14 08:43:17,958 INFO  client.GrpcClientProtocolClient (GrpcClientProtocolClient.java:onNext(254)) - client-2EC808601240->374189d0-76c5-49d2-81b4-45a4af1368a2: receive RaftClientReply:client-2EC808601240->374189d0-76c5-49d2-81b4-45a4af1368a2@group-30B6692CD68C, cid=4350, SUCCESS, logIndex=7185, commits[374189d0-76c5-49d2-81b4-45a4af1368a2:c7187]
2019-06-14 08:43:17,959 INFO  client.GrpcClientProtocolClient (GrpcClientProtocolClient.java:onNext(254)) - client-2EC808601240->374189d0-76c5-49d2-81b4-45a4af1368a2: receive RaftClientReply:client-2EC808601240->374189d0-76c5-49d2-81b4-45a4af1368a2@group-30B6692CD68C, cid=4351, SUCCESS, logIndex=7186, commits[374189d0-76c5-49d2-81b4-45a4af1368a2:c7187]
2019-06-14 08:43:17,963 INFO  client.GrpcClientProtocolClient (GrpcClientProtocolClient.java:onNext(254)) - client-2EC808601240->374189d0-76c5-49d2-81b4-45a4af1368a2: receive RaftClientReply:client-2EC808601240->374189d0-76c5-49d2-81b4-45a4af1368a2@group-30B6692CD68C, cid=4352, SUCCESS, logIndex=7187, commits[374189d0-76c5-49d2-81b4-45a4af1368a2:c7188]
2019-06-14 08:43:17,974 INFO  client.GrpcClientProtocolClient (GrpcClientProtocolClient.java:onNext(254)) - client-2EC808601240->374189d0-76c5-49d2-81b4-45a4af1368a2: receive RaftClientReply:client-2EC808601240->374189d0-76c5-49d2-81b4-45a4af1368a2@group-30B6692CD68C, cid=4353, SUCCESS, logIndex=7189, commits[374189d0-76c5-49d2-81b4-45a4af1368a2:c7189]
2019-06-14 08:43:17,977 INFO  client.GrpcClientProtocolClient (GrpcClientProtocolClient.java:onNext(254)) - client-2EC808601240->374189d0-76c5-49d2-81b4-45a4af1368a2: receive RaftClientReply:client-2EC808601240->374189d0-76c5-49d2-81b4-45a4af1368a2@group-30B6692CD68C, cid=4354, SUCCESS, logIndex=7191, commits[374189d0-76c5-49d2-81b4-45a4af1368a2:c7191]
2019-06-14 08:43:17,977 INFO  client.GrpcClientProtocolClient (GrpcClientProtocolClient.java:onNext(254)) - client-2EC808601240->374189d0-76c5-49d2-81b4-45a4af1368a2: receive RaftClientReply:client-2EC808601240->374189d0-76c5-49d2-81b4-45a4af1368a2@group-30B6692CD68C, cid=4355, SUCCESS, logIndex=7192, commits[374189d0-76c5-49d2-81b4-45a4af1368a2:c7193]
2019-06-14 08:43:17,977 INFO  client.GrpcClientProtocolClient (GrpcClientProtocolClient.java:onNext(254)) - client-2EC808601240->374189d0-76c5-49d2-81b4-45a4af1368a2: receive RaftClientReply:client-2EC808601240->374189d0-76c5-49d2-81b4-45a4af1368a2@group-30B6692CD68C, cid=4356, SUCCESS, logIndex=7193, commits[374189d0-76c5-49d2-81b4-45a4af1368a2:c7193]
2019-06-14 08:43:17,983 INFO  client.GrpcClientProtocolClient (GrpcClientProtocolClient.java:onNext(254)) - client-2EC808601240->374189d0-76c5-49d2-81b4-45a4af1368a2: receive RaftClientReply:client-2EC808601240->374189d0-76c5-49d2-81b4-45a4af1368a2@group-30B6692CD68C, cid=4357, SUCCESS, logIndex=7196, commits[374189d0-76c5-49d2-81b4-45a4af1368a2:c7196]
2019-06-14 08:43:17,984 INFO  client.GrpcClientProtocolClient (GrpcClientProtocolClient.java:onNext(254)) - client-2EC808601240->374189d0-76c5-49d2-81b4-45a4af1368a2: receive RaftClientReply:client-2EC808601240->374189d0-76c5-49d2-81b4-45a4af1368a2@group-30B6692CD68C, cid=4358, SUCCESS, logIndex=7198, commits[374189d0-76c5-49d2-81b4-45a4af1368a2:c7198]
2019-06-14 08:43:17,985 INFO  client.GrpcClientProtocolClient (GrpcClientProtocolClient.java:onNext(254)) - client-2EC808601240->374189d0-76c5-49d2-81b4-45a4af1368a2: receive RaftClientReply:client-2EC808601240->374189d0-76c5-49d2-81b4-45a4af1368a2@group-30B6692CD68C, cid=4359, SUCCESS, logIndex=7199, commits[374189d0-76c5-49d2-81b4-45a4af1368a2:c7201]
2019-06-14 08:43:17,985 INFO  client.GrpcClientProtocolClient (GrpcClientProtocolClient.java:onNext(254)) - client-2EC808601240->374189d0-76c5-49d2-81b4-45a4af1368a2: receive RaftClientReply:client-2EC808601240->374189d0-76c5-49d2-81b4-45a4af1368a2@group-30B6692CD68C, cid=4360, SUCCESS, logIndex=7200, commits[374189d0-76c5-49d2-81b4-45a4af1368a2:c7201]
2019-06-14 08:43:17,987 DEBUG block.SCMBlockDeletingService (SCMBlockDeletingService.java:call(138)) - Running DeletedBlockTransactionScanner
2019-06-14 08:43:17,988 DEBUG block.SCMBlockDeletingService (SCMBlockDeletingService.java:call(155)) - Scanned deleted blocks log and got 0 delTX to process.
2019-06-14 08:43:17,996 INFO  client.GrpcClientProtocolClient (GrpcClientProtocolClient.java:onNext(254)) - client-2EC808601240->374189d0-76c5-49d2-81b4-45a4af1368a2: receive RaftClientReply:client-2EC808601240->374189d0-76c5-49d2-81b4-45a4af1368a2@group-30B6692CD68C, cid=4361, SUCCESS, logIndex=7202, commits[374189d0-76c5-49d2-81b4-45a4af1368a2:c7202]
2019-06-14 08:43:17,997 INFO  client.GrpcClientProtocolClient (GrpcClientProtocolClient.java:onNext(254)) - client-2EC808601240->374189d0-76c5-49d2-81b4-45a4af1368a2: receive RaftClientReply:client-2EC808601240->374189d0-76c5-49d2-81b4-45a4af1368a2@group-30B6692CD68C, cid=4362, SUCCESS, logIndex=7204, commits[374189d0-76c5-49d2-81b4-45a4af1368a2:c7204]
2019-06-14 08:43:17,998 INFO  client.GrpcClientProtocolClient (GrpcClientProtocolClient.java:onNext(254)) - client-2EC808601240->374189d0-76c5-49d2-81b4-45a4af1368a2: receive RaftClientReply:client-2EC808601240->374189d0-76c5-49d2-81b4-45a4af1368a2@group-30B6692CD68C, cid=4363, SUCCESS, logIndex=7205, commits[374189d0-76c5-49d2-81b4-45a4af1368a2:c7207]
2019-06-14 08:43:17,998 INFO  client.GrpcClientProtocolClient (GrpcClientProtocolClient.java:onNext(254)) - client-2EC808601240->374189d0-76c5-49d2-81b4-45a4af1368a2: receive RaftClientReply:client-2EC808601240->374189d0-76c5-49d2-81b4-45a4af1368a2@group-30B6692CD68C, cid=4364, SUCCESS, logIndex=7206, commits[374189d0-76c5-49d2-81b4-45a4af1368a2:c7207]
2019-06-14 08:43:18,003 INFO  client.GrpcClientProtocolClient (GrpcClientProtocolClient.java:onNext(254)) - client-2EC808601240->374189d0-76c5-49d2-81b4-45a4af1368a2: receive RaftClientReply:client-2EC808601240->374189d0-76c5-49d2-81b4-45a4af1368a2@group-30B6692CD68C, cid=4365, SUCCESS, logIndex=7208, commits[374189d0-76c5-49d2-81b4-45a4af1368a2:c7208]
2019-06-14 08:43:18,005 INFO  client.GrpcClientProtocolClient (GrpcClientProtocolClient.java:onNext(254)) - client-2EC808601240->374189d0-76c5-49d2-81b4-45a4af1368a2: receive RaftClientReply:client-2EC808601240->374189d0-76c5-49d2-81b4-45a4af1368a2@group-30B6692CD68C, cid=4366, SUCCESS, logIndex=7210, commits[374189d0-76c5-49d2-81b4-45a4af1368a2:c7210]
2019-06-14 08:43:18,006 INFO  client.GrpcClientProtocolClient (GrpcClientProtocolClient.java:onNext(254)) - client-2EC808601240->374189d0-76c5-49d2-81b4-45a4af1368a2: receive RaftClientReply:client-2EC808601240->374189d0-76c5-49d2-81b4-45a4af1368a2@group-30B6692CD68C, cid=4367, SUCCESS, logIndex=7211, commits[374189d0-76c5-49d2-81b4-45a4af1368a2:c7213]
2019-06-14 08:43:18,006 INFO  client.GrpcClientProtocolClient (GrpcClientProtocolClient.java:onNext(254)) - client-2EC808601240->374189d0-76c5-49d2-81b4-45a4af1368a2: receive RaftClientReply:client-2EC808601240->374189d0-76c5-49d2-81b4-45a4af1368a2@group-30B6692CD68C, cid=4368, SUCCESS, logIndex=7212, commits[374189d0-76c5-49d2-81b4-45a4af1368a2:c7213]
2019-06-14 08:43:18,016 INFO  client.GrpcClientProtocolClient (GrpcClientProtocolClient.java:onNext(254)) - client-2EC808601240->374189d0-76c5-49d2-81b4-45a4af1368a2: receive RaftClientReply:client-2EC808601240->374189d0-76c5-49d2-81b4-45a4af1368a2@group-30B6692CD68C, cid=4369, SUCCESS, logIndex=7214, commits[374189d0-76c5-49d2-81b4-45a4af1368a2:c7214]
2019-06-14 08:43:18,018 INFO  client.GrpcClientProtocolClient (GrpcClientProtocolClient.java:onNext(254)) - client-2EC808601240->374189d0-76c5-49d2-81b4-45a4af1368a2: receive RaftClientReply:client-2EC808601240->374189d0-76c5-49d2-81b4-45a4af1368a2@group-30B6692CD68C, cid=4370, SUCCESS, logIndex=7216, commits[374189d0-76c5-49d2-81b4-45a4af1368a2:c7216]
2019-06-14 08:43:18,018 INFO  client.GrpcClientProtocolClient (GrpcClientProtocolClient.java:onNext(254)) - client-2EC808601240->374189d0-76c5-49d2-81b4-45a4af1368a2: receive RaftClientReply:client-2EC808601240->374189d0-76c5-49d2-81b4-45a4af1368a2@group-30B6692CD68C, cid=4371, SUCCESS, logIndex=7217, commits[374189d0-76c5-49d2-81b4-45a4af1368a2:c7218]
2019-06-14 08:43:18,019 INFO  client.GrpcClientProtocolClient (GrpcClientProtocolClient.java:onNext(254)) - client-2EC808601240->374189d0-76c5-49d2-81b4-45a4af1368a2: receive RaftClientReply:client-2EC808601240->374189d0-76c5-49d2-81b4-45a4af1368a2@group-30B6692CD68C, cid=4372, SUCCESS, logIndex=7218, commits[374189d0-76c5-49d2-81b4-45a4af1368a2:c7219]
2019-06-14 08:43:18,023 INFO  client.GrpcClientProtocolClient (GrpcClientProtocolClient.java:onNext(254)) - client-2EC808601240->374189d0-76c5-49d2-81b4-45a4af1368a2: receive RaftClientReply:client-2EC808601240->374189d0-76c5-49d2-81b4-45a4af1368a2@group-30B6692CD68C, cid=4373, SUCCESS, logIndex=7221, commits[374189d0-76c5-49d2-81b4-45a4af1368a2:c7221]
2019-06-14 08:43:18,025 INFO  client.GrpcClientProtocolClient (GrpcClientProtocolClient.java:onNext(254)) - client-2EC808601240->374189d0-76c5-49d2-81b4-45a4af1368a2: receive RaftClientReply:client-2EC808601240->374189d0-76c5-49d2-81b4-45a4af1368a2@group-30B6692CD68C, cid=4374, SUCCESS, logIndex=7223, commits[374189d0-76c5-49d2-81b4-45a4af1368a2:c7223]
2019-06-14 08:43:18,027 INFO  client.GrpcClientProtocolClient (GrpcClientProtocolClient.java:onNext(254)) - client-2EC808601240->374189d0-76c5-49d2-81b4-45a4af1368a2: receive RaftClientReply:client-2EC808601240->374189d0-76c5-49d2-81b4-45a4af1368a2@group-30B6692CD68C, cid=4375, SUCCESS, logIndex=7225, commits[374189d0-76c5-49d2-81b4-45a4af1368a2:c7226]
2019-06-14 08:43:18,027 INFO  client.GrpcClientProtocolClient (GrpcClientProtocolClient.java:onNext(254)) - client-2EC808601240->374189d0-76c5-49d2-81b4-45a4af1368a2: receive RaftClientReply:client-2EC808601240->374189d0-76c5-49d2-81b4-45a4af1368a2@group-30B6692CD68C, cid=4376, SUCCESS, logIndex=7226, commits[374189d0-76c5-49d2-81b4-45a4af1368a2:c7226]
2019-06-14 08:43:18,088 DEBUG block.SCMBlockDeletingService (SCMBlockDeletingService.java:call(138)) - Running DeletedBlockTransactionScanner
2019-06-14 08:43:18,088 DEBUG block.SCMBlockDeletingService (SCMBlockDeletingService.java:call(155)) - Scanned deleted blocks log and got 0 delTX to process.
2019-06-14 08:43:18,104 INFO  client.GrpcClientProtocolClient (GrpcClientProtocolClient.java:onNext(254)) - client-2EC808601240->374189d0-76c5-49d2-81b4-45a4af1368a2: receive RaftClientReply:client-2EC808601240->374189d0-76c5-49d2-81b4-45a4af1368a2@group-30B6692CD68C, cid=4377, SUCCESS, logIndex=7228, commits[374189d0-76c5-49d2-81b4-45a4af1368a2:c7228]
2019-06-14 08:43:18,106 INFO  client.GrpcClientProtocolClient (GrpcClientProtocolClient.java:onNext(254)) - client-2EC808601240->374189d0-76c5-49d2-81b4-45a4af1368a2: receive RaftClientReply:client-2EC808601240->374189d0-76c5-49d2-81b4-45a4af1368a2@group-30B6692CD68C, cid=4378, SUCCESS, logIndex=7230, commits[374189d0-76c5-49d2-81b4-45a4af1368a2:c7230]
2019-06-14 08:43:18,106 INFO  client.GrpcClientProtocolClient (GrpcClientProtocolClient.java:onNext(254)) - client-2EC808601240->374189d0-76c5-49d2-81b4-45a4af1368a2: receive RaftClientReply:client-2EC808601240->374189d0-76c5-49d2-81b4-45a4af1368a2@group-30B6692CD68C, cid=4379, SUCCESS, logIndex=7231, commits[374189d0-76c5-49d2-81b4-45a4af1368a2:c7233]
2019-06-14 08:43:18,106 INFO  client.GrpcClientProtocolClient (GrpcClientProtocolClient.java:onNext(254)) - client-2EC808601240->374189d0-76c5-49d2-81b4-45a4af1368a2: receive RaftClientReply:client-2EC808601240->374189d0-76c5-49d2-81b4-45a4af1368a2@group-30B6692CD68C, cid=4380, SUCCESS, logIndex=7232, commits[374189d0-76c5-49d2-81b4-45a4af1368a2:c7233]
2019-06-14 08:43:18,111 INFO  client.GrpcClientProtocolClient (GrpcClientProtocolClient.java:onNext(254)) - client-2EC808601240->374189d0-76c5-49d2-81b4-45a4af1368a2: receive RaftClientReply:client-2EC808601240->374189d0-76c5-49d2-81b4-45a4af1368a2@group-30B6692CD68C, cid=4381, SUCCESS, logIndex=7234, commits[374189d0-76c5-49d2-81b4-45a4af1368a2:c7234]
2019-06-14 08:43:18,112 INFO  client.GrpcClientProtocolClient (GrpcClientProtocolClient.java:onNext(254)) - client-2EC808601240->374189d0-76c5-49d2-81b4-45a4af1368a2: receive RaftClientReply:client-2EC808601240->374189d0-76c5-49d2-81b4-45a4af1368a2@group-30B6692CD68C, cid=4382, SUCCESS, logIndex=7236, commits[374189d0-76c5-49d2-81b4-45a4af1368a2:c7236]
2019-06-14 08:43:18,113 INFO  client.GrpcClientProtocolClient (GrpcClientProtocolClient.java:onNext(254)) - client-2EC808601240->374189d0-76c5-49d2-81b4-45a4af1368a2: receive RaftClientReply:client-2EC808601240->374189d0-76c5-49d2-81b4-45a4af1368a2@group-30B6692CD68C, cid=4383, SUCCESS, logIndex=7237, commits[374189d0-76c5-49d2-81b4-45a4af1368a2:c7239]
2019-06-14 08:43:18,114 INFO  client.GrpcClientProtocolClient (GrpcClientProtocolClient.java:onNext(254)) - client-2EC808601240->374189d0-76c5-49d2-81b4-45a4af1368a2: receive RaftClientReply:client-2EC808601240->374189d0-76c5-49d2-81b4-45a4af1368a2@group-30B6692CD68C, cid=4384, SUCCESS, logIndex=7238, commits[374189d0-76c5-49d2-81b4-45a4af1368a2:c7239]
2019-06-14 08:43:18,124 INFO  client.GrpcClientProtocolClient (GrpcClientProtocolClient.java:onNext(254)) - client-2EC808601240->374189d0-76c5-49d2-81b4-45a4af1368a2: receive RaftClientReply:client-2EC808601240->374189d0-76c5-49d2-81b4-45a4af1368a2@group-30B6692CD68C, cid=4385, SUCCESS, logIndex=7240, commits[374189d0-76c5-49d2-81b4-45a4af1368a2:c7240]
2019-06-14 08:43:18,126 INFO  client.GrpcClientProtocolClient (GrpcClientProtocolClient.java:onNext(254)) - client-2EC808601240->374189d0-76c5-49d2-81b4-45a4af1368a2: receive RaftClientReply:client-2EC808601240->374189d0-76c5-49d2-81b4-45a4af1368a2@group-30B6692CD68C, cid=4386, SUCCESS, logIndex=7242, commits[374189d0-76c5-49d2-81b4-45a4af1368a2:c7242]
2019-06-14 08:43:18,127 INFO  client.GrpcClientProtocolClient (GrpcClientProtocolClient.java:onNext(254)) - client-2EC808601240->374189d0-76c5-49d2-81b4-45a4af1368a2: receive RaftClientReply:client-2EC808601240->374189d0-76c5-49d2-81b4-45a4af1368a2@group-30B6692CD68C, cid=4387, SUCCESS, logIndex=7243, commits[374189d0-76c5-49d2-81b4-45a4af1368a2:c7245]
2019-06-14 08:43:18,127 INFO  client.GrpcClientProtocolClient (GrpcClientProtocolClient.java:onNext(254)) - client-2EC808601240->374189d0-76c5-49d2-81b4-45a4af1368a2: receive RaftClientReply:client-2EC808601240->374189d0-76c5-49d2-81b4-45a4af1368a2@group-30B6692CD68C, cid=4388, SUCCESS, logIndex=7244, commits[374189d0-76c5-49d2-81b4-45a4af1368a2:c7245]
2019-06-14 08:43:18,132 INFO  client.GrpcClientProtocolClient (GrpcClientProtocolClient.java:onNext(254)) - client-2EC808601240->374189d0-76c5-49d2-81b4-45a4af1368a2: receive RaftClientReply:client-2EC808601240->374189d0-76c5-49d2-81b4-45a4af1368a2@group-30B6692CD68C, cid=4389, SUCCESS, logIndex=7246, commits[374189d0-76c5-49d2-81b4-45a4af1368a2:c7246]
2019-06-14 08:43:18,133 INFO  client.GrpcClientProtocolClient (GrpcClientProtocolClient.java:onNext(254)) - client-2EC808601240->374189d0-76c5-49d2-81b4-45a4af1368a2: receive RaftClientReply:client-2EC808601240->374189d0-76c5-49d2-81b4-45a4af1368a2@group-30B6692CD68C, cid=4390, SUCCESS, logIndex=7248, commits[374189d0-76c5-49d2-81b4-45a4af1368a2:c7248]
2019-06-14 08:43:18,134 INFO  client.GrpcClientProtocolClient (GrpcClientProtocolClient.java:onNext(254)) - client-2EC808601240->374189d0-76c5-49d2-81b4-45a4af1368a2: receive RaftClientReply:client-2EC808601240->374189d0-76c5-49d2-81b4-45a4af1368a2@group-30B6692CD68C, cid=4391, SUCCESS, logIndex=7249, commits[374189d0-76c5-49d2-81b4-45a4af1368a2:c7251]
2019-06-14 08:43:18,134 INFO  client.GrpcClientProtocolClient (GrpcClientProtocolClient.java:onNext(254)) - client-2EC808601240->374189d0-76c5-49d2-81b4-45a4af1368a2: receive RaftClientReply:client-2EC808601240->374189d0-76c5-49d2-81b4-45a4af1368a2@group-30B6692CD68C, cid=4392, SUCCESS, logIndex=7250, commits[374189d0-76c5-49d2-81b4-45a4af1368a2:c7251]
2019-06-14 08:43:18,142 INFO  storage.RaftLogWorker (RaftLogWorker.java:rollLogSegment(303)) - 374189d0-76c5-49d2-81b4-45a4af1368a2-RaftLogWorker: Rolling segment log-7185_7251 to index:7251
2019-06-14 08:43:18,143 INFO  storage.RaftLogWorker (RaftLogWorker.java:execute(433)) - 374189d0-76c5-49d2-81b4-45a4af1368a2-RaftLogWorker: Rolled log segment from /opt/src/hadoop-ozone/integration-test/target/test-dir/MiniOzoneClusterImpl-1994f8b8-dd4d-445c-bf25-0c6d40f9b14d/datanode-0/data/ratis/99d0acb8-99ce-4814-8259-30b6692cd68c/current/log_inprogress_7185 to /opt/src/hadoop-ozone/integration-test/target/test-dir/MiniOzoneClusterImpl-1994f8b8-dd4d-445c-bf25-0c6d40f9b14d/datanode-0/data/ratis/99d0acb8-99ce-4814-8259-30b6692cd68c/current/log_7185-7251
2019-06-14 08:43:18,178 INFO  storage.RaftLogWorker (RaftLogWorker.java:execute(469)) - 374189d0-76c5-49d2-81b4-45a4af1368a2-RaftLogWorker: created new log segment /opt/src/hadoop-ozone/integration-test/target/test-dir/MiniOzoneClusterImpl-1994f8b8-dd4d-445c-bf25-0c6d40f9b14d/datanode-0/data/ratis/99d0acb8-99ce-4814-8259-30b6692cd68c/current/log_inprogress_7252
2019-06-14 08:43:18,179 INFO  client.GrpcClientProtocolClient (GrpcClientProtocolClient.java:onNext(254)) - client-2EC808601240->374189d0-76c5-49d2-81b4-45a4af1368a2: receive RaftClientReply:client-2EC808601240->374189d0-76c5-49d2-81b4-45a4af1368a2@group-30B6692CD68C, cid=4393, SUCCESS, logIndex=7252, commits[374189d0-76c5-49d2-81b4-45a4af1368a2:c7252]
2019-06-14 08:43:18,180 INFO  client.GrpcClientProtocolClient (GrpcClientProtocolClient.java:onNext(254)) - client-2EC808601240->374189d0-76c5-49d2-81b4-45a4af1368a2: receive RaftClientReply:client-2EC808601240->374189d0-76c5-49d2-81b4-45a4af1368a2@group-30B6692CD68C, cid=4394, SUCCESS, logIndex=7254, commits[374189d0-76c5-49d2-81b4-45a4af1368a2:c7254]
2019-06-14 08:43:18,181 INFO  client.GrpcClientProtocolClient (GrpcClientProtocolClient.java:onNext(254)) - client-2EC808601240->374189d0-76c5-49d2-81b4-45a4af1368a2: receive RaftClientReply:client-2EC808601240->374189d0-76c5-49d2-81b4-45a4af1368a2@group-30B6692CD68C, cid=4395, SUCCESS, logIndex=7255, commits[374189d0-76c5-49d2-81b4-45a4af1368a2:c7257]
2019-06-14 08:43:18,182 INFO  client.GrpcClientProtocolClient (GrpcClientProtocolClient.java:onNext(254)) - client-2EC808601240->374189d0-76c5-49d2-81b4-45a4af1368a2: receive RaftClientReply:client-2EC808601240->374189d0-76c5-49d2-81b4-45a4af1368a2@group-30B6692CD68C, cid=4396, SUCCESS, logIndex=7256, commits[374189d0-76c5-49d2-81b4-45a4af1368a2:c7257]
2019-06-14 08:43:18,187 INFO  client.GrpcClientProtocolClient (GrpcClientProtocolClient.java:onNext(254)) - client-2EC808601240->374189d0-76c5-49d2-81b4-45a4af1368a2: receive RaftClientReply:client-2EC808601240->374189d0-76c5-49d2-81b4-45a4af1368a2@group-30B6692CD68C, cid=4397, SUCCESS, logIndex=7258, commits[374189d0-76c5-49d2-81b4-45a4af1368a2:c7258]
2019-06-14 08:43:18,188 INFO  client.GrpcClientProtocolClient (GrpcClientProtocolClient.java:onNext(254)) - client-2EC808601240->374189d0-76c5-49d2-81b4-45a4af1368a2: receive RaftClientReply:client-2EC808601240->374189d0-76c5-49d2-81b4-45a4af1368a2@group-30B6692CD68C, cid=4398, SUCCESS, logIndex=7260, commits[374189d0-76c5-49d2-81b4-45a4af1368a2:c7260]
2019-06-14 08:43:18,188 DEBUG block.SCMBlockDeletingService (SCMBlockDeletingService.java:call(138)) - Running DeletedBlockTransactionScanner
2019-06-14 08:43:18,188 DEBUG block.SCMBlockDeletingService (SCMBlockDeletingService.java:call(155)) - Scanned deleted blocks log and got 0 delTX to process.
2019-06-14 08:43:18,189 INFO  client.GrpcClientProtocolClient (GrpcClientProtocolClient.java:onNext(254)) - client-2EC808601240->374189d0-76c5-49d2-81b4-45a4af1368a2: receive RaftClientReply:client-2EC808601240->374189d0-76c5-49d2-81b4-45a4af1368a2@group-30B6692CD68C, cid=4399, SUCCESS, logIndex=7261, commits[374189d0-76c5-49d2-81b4-45a4af1368a2:c7263]
2019-06-14 08:43:18,189 INFO  client.GrpcClientProtocolClient (GrpcClientProtocolClient.java:onNext(254)) - client-2EC808601240->374189d0-76c5-49d2-81b4-45a4af1368a2: receive RaftClientReply:client-2EC808601240->374189d0-76c5-49d2-81b4-45a4af1368a2@group-30B6692CD68C, cid=4400, SUCCESS, logIndex=7262, commits[374189d0-76c5-49d2-81b4-45a4af1368a2:c7263]
2019-06-14 08:43:18,200 INFO  client.GrpcClientProtocolClient (GrpcClientProtocolClient.java:onNext(254)) - client-2EC808601240->374189d0-76c5-49d2-81b4-45a4af1368a2: receive RaftClientReply:client-2EC808601240->374189d0-76c5-49d2-81b4-45a4af1368a2@group-30B6692CD68C, cid=4401, SUCCESS, logIndex=7264, commits[374189d0-76c5-49d2-81b4-45a4af1368a2:c7264]
2019-06-14 08:43:18,201 INFO  client.GrpcClientProtocolClient (GrpcClientProtocolClient.java:onNext(254)) - client-2EC808601240->374189d0-76c5-49d2-81b4-45a4af1368a2: receive RaftClientReply:client-2EC808601240->374189d0-76c5-49d2-81b4-45a4af1368a2@group-30B6692CD68C, cid=4402, SUCCESS, logIndex=7266, commits[374189d0-76c5-49d2-81b4-45a4af1368a2:c7266]
2019-06-14 08:43:18,202 INFO  client.GrpcClientProtocolClient (GrpcClientProtocolClient.java:onNext(254)) - client-2EC808601240->374189d0-76c5-49d2-81b4-45a4af1368a2: receive RaftClientReply:client-2EC808601240->374189d0-76c5-49d2-81b4-45a4af1368a2@group-30B6692CD68C, cid=4403, SUCCESS, logIndex=7267, commits[374189d0-76c5-49d2-81b4-45a4af1368a2:c7269]
2019-06-14 08:43:18,202 INFO  client.GrpcClientProtocolClient (GrpcClientProtocolClient.java:onNext(254)) - client-2EC808601240->374189d0-76c5-49d2-81b4-45a4af1368a2: receive RaftClientReply:client-2EC808601240->374189d0-76c5-49d2-81b4-45a4af1368a2@group-30B6692CD68C, cid=4404, SUCCESS, logIndex=7268, commits[374189d0-76c5-49d2-81b4-45a4af1368a2:c7269]
2019-06-14 08:43:18,207 INFO  client.GrpcClientProtocolClient (GrpcClientProtocolClient.java:onNext(254)) - client-2EC808601240->374189d0-76c5-49d2-81b4-45a4af1368a2: receive RaftClientReply:client-2EC808601240->374189d0-76c5-49d2-81b4-45a4af1368a2@group-30B6692CD68C, cid=4405, SUCCESS, logIndex=7270, commits[374189d0-76c5-49d2-81b4-45a4af1368a2:c7270]
2019-06-14 08:43:18,208 INFO  client.GrpcClientProtocolClient (GrpcClientProtocolClient.java:onNext(254)) - client-2EC808601240->374189d0-76c5-49d2-81b4-45a4af1368a2: receive RaftClientReply:client-2EC808601240->374189d0-76c5-49d2-81b4-45a4af1368a2@group-30B6692CD68C, cid=4406, SUCCESS, logIndex=7272, commits[374189d0-76c5-49d2-81b4-45a4af1368a2:c7272]
2019-06-14 08:43:18,209 INFO  client.GrpcClientProtocolClient (GrpcClientProtocolClient.java:onNext(254)) - client-2EC808601240->374189d0-76c5-49d2-81b4-45a4af1368a2: receive RaftClientReply:client-2EC808601240->374189d0-76c5-49d2-81b4-45a4af1368a2@group-30B6692CD68C, cid=4407, SUCCESS, logIndex=7273, commits[374189d0-76c5-49d2-81b4-45a4af1368a2:c7275]
2019-06-14 08:43:18,210 INFO  client.GrpcClientProtocolClient (GrpcClientProtocolClient.java:onNext(254)) - client-2EC808601240->374189d0-76c5-49d2-81b4-45a4af1368a2: receive RaftClientReply:client-2EC808601240->374189d0-76c5-49d2-81b4-45a4af1368a2@group-30B6692CD68C, cid=4408, SUCCESS, logIndex=7274, commits[374189d0-76c5-49d2-81b4-45a4af1368a2:c7275]
2019-06-14 08:43:18,221 INFO  client.GrpcClientProtocolClient (GrpcClientProtocolClient.java:onNext(254)) - client-2EC808601240->374189d0-76c5-49d2-81b4-45a4af1368a2: receive RaftClientReply:client-2EC808601240->374189d0-76c5-49d2-81b4-45a4af1368a2@group-30B6692CD68C, cid=4409, SUCCESS, logIndex=7276, commits[374189d0-76c5-49d2-81b4-45a4af1368a2:c7276]
2019-06-14 08:43:18,223 INFO  client.GrpcClientProtocolClient (GrpcClientProtocolClient.java:onNext(254)) - client-2EC808601240->374189d0-76c5-49d2-81b4-45a4af1368a2: receive RaftClientReply:client-2EC808601240->374189d0-76c5-49d2-81b4-45a4af1368a2@group-30B6692CD68C, cid=4410, SUCCESS, logIndex=7278, commits[374189d0-76c5-49d2-81b4-45a4af1368a2:c7278]
2019-06-14 08:43:18,223 INFO  client.GrpcClientProtocolClient (GrpcClientProtocolClient.java:onNext(254)) - client-2EC808601240->374189d0-76c5-49d2-81b4-45a4af1368a2: receive RaftClientReply:client-2EC808601240->374189d0-76c5-49d2-81b4-45a4af1368a2@group-30B6692CD68C, cid=4411, SUCCESS, logIndex=7279, commits[374189d0-76c5-49d2-81b4-45a4af1368a2:c7281]
2019-06-14 08:43:18,223 INFO  client.GrpcClientProtocolClient (GrpcClientProtocolClient.java:onNext(254)) - client-2EC808601240->374189d0-76c5-49d2-81b4-45a4af1368a2: receive RaftClientReply:client-2EC808601240->374189d0-76c5-49d2-81b4-45a4af1368a2@group-30B6692CD68C, cid=4412, SUCCESS, logIndex=7280, commits[374189d0-76c5-49d2-81b4-45a4af1368a2:c7281]
2019-06-14 08:43:18,228 INFO  client.GrpcClientProtocolClient (GrpcClientProtocolClient.java:onNext(254)) - client-2EC808601240->374189d0-76c5-49d2-81b4-45a4af1368a2: receive RaftClientReply:client-2EC808601240->374189d0-76c5-49d2-81b4-45a4af1368a2@group-30B6692CD68C, cid=4413, SUCCESS, logIndex=7282, commits[374189d0-76c5-49d2-81b4-45a4af1368a2:c7282]
2019-06-14 08:43:18,229 INFO  client.GrpcClientProtocolClient (GrpcClientProtocolClient.java:onNext(254)) - client-2EC808601240->374189d0-76c5-49d2-81b4-45a4af1368a2: receive RaftClientReply:client-2EC808601240->374189d0-76c5-49d2-81b4-45a4af1368a2@group-30B6692CD68C, cid=4414, SUCCESS, logIndex=7284, commits[374189d0-76c5-49d2-81b4-45a4af1368a2:c7284]
2019-06-14 08:43:18,231 INFO  client.GrpcClientProtocolClient (GrpcClientProtocolClient.java:onNext(254)) - client-2EC808601240->374189d0-76c5-49d2-81b4-45a4af1368a2: receive RaftClientReply:client-2EC808601240->374189d0-76c5-49d2-81b4-45a4af1368a2@group-30B6692CD68C, cid=4415, SUCCESS, logIndex=7285, commits[374189d0-76c5-49d2-81b4-45a4af1368a2:c7287]
2019-06-14 08:43:18,231 INFO  client.GrpcClientProtocolClient (GrpcClientProtocolClient.java:onNext(254)) - client-2EC808601240->374189d0-76c5-49d2-81b4-45a4af1368a2: receive RaftClientReply:client-2EC808601240->374189d0-76c5-49d2-81b4-45a4af1368a2@group-30B6692CD68C, cid=4416, SUCCESS, logIndex=7286, commits[374189d0-76c5-49d2-81b4-45a4af1368a2:c7287]
2019-06-14 08:43:18,241 INFO  client.GrpcClientProtocolClient (GrpcClientProtocolClient.java:onNext(254)) - client-2EC808601240->374189d0-76c5-49d2-81b4-45a4af1368a2: receive RaftClientReply:client-2EC808601240->374189d0-76c5-49d2-81b4-45a4af1368a2@group-30B6692CD68C, cid=4417, SUCCESS, logIndex=7288, commits[374189d0-76c5-49d2-81b4-45a4af1368a2:c7288]
2019-06-14 08:43:18,242 INFO  client.GrpcClientProtocolClient (GrpcClientProtocolClient.java:onNext(254)) - client-2EC808601240->374189d0-76c5-49d2-81b4-45a4af1368a2: receive RaftClientReply:client-2EC808601240->374189d0-76c5-49d2-81b4-45a4af1368a2@group-30B6692CD68C, cid=4418, SUCCESS, logIndex=7290, commits[374189d0-76c5-49d2-81b4-45a4af1368a2:c7290]
2019-06-14 08:43:18,243 INFO  client.GrpcClientProtocolClient (GrpcClientProtocolClient.java:onNext(254)) - client-2EC808601240->374189d0-76c5-49d2-81b4-45a4af1368a2: receive RaftClientReply:client-2EC808601240->374189d0-76c5-49d2-81b4-45a4af1368a2@group-30B6692CD68C, cid=4419, SUCCESS, logIndex=7291, commits[374189d0-76c5-49d2-81b4-45a4af1368a2:c7293]
2019-06-14 08:43:18,244 INFO  client.GrpcClientProtocolClient (GrpcClientProtocolClient.java:onNext(254)) - client-2EC808601240->374189d0-76c5-49d2-81b4-45a4af1368a2: receive RaftClientReply:client-2EC808601240->374189d0-76c5-49d2-81b4-45a4af1368a2@group-30B6692CD68C, cid=4420, SUCCESS, logIndex=7292, commits[374189d0-76c5-49d2-81b4-45a4af1368a2:c7293]
2019-06-14 08:43:18,247 INFO  client.GrpcClientProtocolClient (GrpcClientProtocolClient.java:onNext(254)) - client-2EC808601240->374189d0-76c5-49d2-81b4-45a4af1368a2: receive RaftClientReply:client-2EC808601240->374189d0-76c5-49d2-81b4-45a4af1368a2@group-30B6692CD68C, cid=4421, SUCCESS, logIndex=7294, commits[374189d0-76c5-49d2-81b4-45a4af1368a2:c7294]
2019-06-14 08:43:18,248 INFO  client.GrpcClientProtocolClient (GrpcClientProtocolClient.java:onNext(254)) - client-2EC808601240->374189d0-76c5-49d2-81b4-45a4af1368a2: receive RaftClientReply:client-2EC808601240->374189d0-76c5-49d2-81b4-45a4af1368a2@group-30B6692CD68C, cid=4422, SUCCESS, logIndex=7296, commits[374189d0-76c5-49d2-81b4-45a4af1368a2:c7296]
2019-06-14 08:43:18,288 DEBUG block.SCMBlockDeletingService (SCMBlockDeletingService.java:call(138)) - Running DeletedBlockTransactionScanner
2019-06-14 08:43:18,289 DEBUG block.SCMBlockDeletingService (SCMBlockDeletingService.java:call(155)) - Scanned deleted blocks log and got 0 delTX to process.
2019-06-14 08:43:18,389 DEBUG block.SCMBlockDeletingService (SCMBlockDeletingService.java:call(138)) - Running DeletedBlockTransactionScanner
2019-06-14 08:43:18,389 DEBUG block.SCMBlockDeletingService (SCMBlockDeletingService.java:call(155)) - Scanned deleted blocks log and got 0 delTX to process.
2019-06-14 08:43:18,518 DEBUG block.SCMBlockDeletingService (SCMBlockDeletingService.java:call(138)) - Running DeletedBlockTransactionScanner
2019-06-14 08:43:18,518 DEBUG block.SCMBlockDeletingService (SCMBlockDeletingService.java:call(155)) - Scanned deleted blocks log and got 0 delTX to process.
2019-06-14 08:43:18,618 DEBUG block.SCMBlockDeletingService (SCMBlockDeletingService.java:call(138)) - Running DeletedBlockTransactionScanner
2019-06-14 08:43:18,618 DEBUG block.SCMBlockDeletingService (SCMBlockDeletingService.java:call(155)) - Scanned deleted blocks log and got 0 delTX to process.
2019-06-14 08:43:18,633 INFO  server.SCMBlockProtocolServer (SCMBlockProtocolServer.java:deleteKeyBlocks(202)) - SCM is informed by OM to delete 1 blocks
2019-06-14 08:43:18,634 INFO  block.BlockManagerImpl (BlockManagerImpl.java:deleteBlocks(268)) - Deleting blocks conID: 1 locID: 102269043836649473 bcsId: 0,conID: 2 locID: 102269043836780546 bcsId: 0,conID: 3 locID: 102269043836780547 bcsId: 0,conID: 1 locID: 102269043836911620 bcsId: 0,conID: 2 locID: 102269043836911621 bcsId: 0,conID: 3 locID: 102269043836911622 bcsId: 0,conID: 1 locID: 102269043897335815 bcsId: 0,conID: 2 locID: 102269043900350472 bcsId: 0,conID: 3 locID: 102269043907821577 bcsId: 0,conID: 1 locID: 102269043910639626 bcsId: 0,conID: 2 locID: 102269043913719819 bcsId: 0,conID: 3 locID: 102269043919093772 bcsId: 0,conID: 1 locID: 102269043927154701 bcsId: 0,conID: 2 locID: 102269043934298126 bcsId: 0,conID: 3 locID: 102269043936788495 bcsId: 0,conID: 1 locID: 102269043939409936 bcsId: 0,conID: 2 locID: 102269043942096913 bcsId: 0,conID: 3 locID: 102269043951075346 bcsId: 0,conID: 1 locID: 102269043957104659 bcsId: 0,conID: 2 locID: 102269043959529492 bcsId: 0,conID: 3 locID: 102269043962150933 bcsId: 0,conID: 1 locID: 102269043964641302 bcsId: 0,conID: 2 locID: 102269043970146327 bcsId: 0,conID: 3 locID: 102269043991117848 bcsId: 0,conID: 1 locID: 102269043994329113 bcsId: 0,conID: 2 locID: 102269043996557338 bcsId: 0,conID: 3 locID: 102269043999178779 bcsId: 0,conID: 1 locID: 102269044004093980 bcsId: 0,conID: 2 locID: 102269044010975261 bcsId: 0,conID: 3 locID: 102269044015693854 bcsId: 0,conID: 1 locID: 102269044017856543 bcsId: 0,conID: 2 locID: 102269044020084768 bcsId: 0,conID: 3 locID: 102269044022575137 bcsId: 0,conID: 1 locID: 102269044027293730 bcsId: 0,conID: 2 locID: 102269044033716259 bcsId: 0,conID: 3 locID: 102269044036010020 bcsId: 0,conID: 1 locID: 102269044040859685 bcsId: 0,conID: 2 locID: 102269044042760230 bcsId: 0,conID: 3 locID: 102269044046823463 bcsId: 0,conID: 1 locID: 102269044053442600 bcsId: 0,conID: 2 locID: 102269044055932969 bcsId: 0,conID: 3 locID: 102269044058619946 bcsId: 0,conID: 1 locID: 102269044061175851 bcsId: 0,conID: 2 locID: 102269044078739500 bcsId: 0,conID: 3 locID: 102269044080836653 bcsId: 0,conID: 1 locID: 102269044088635438 bcsId: 0,conID: 2 locID: 102269044090601519 bcsId: 0,conID: 3 locID: 102269044092436528 bcsId: 0,conID: 1 locID: 102269044094795825 bcsId: 0,conID: 2 locID: 102269044098990130 bcsId: 0,conID: 3 locID: 102269044108492851 bcsId: 0,conID: 1 locID: 102269044110196788 bcsId: 0,conID: 2 locID: 102269044112097333 bcsId: 0,conID: 3 locID: 102269044113997878 bcsId: 0,conID: 1 locID: 102269044118650935 bcsId: 0,conID: 2 locID: 102269044120420408 bcsId: 0,conID: 3 locID: 102269044128022585 bcsId: 0,conID: 1 locID: 102269044129726522 bcsId: 0,conID: 2 locID: 102269044131627067 bcsId: 0,conID: 3 locID: 102269044140605500 bcsId: 0,conID: 1 locID: 102269044142768189 bcsId: 0,conID: 2 locID: 102269044149190718 bcsId: 0,conID: 3 locID: 102269044150698047 bcsId: 0,conID: 1 locID: 102269044152401984 bcsId: 0,conID: 2 locID: 102269044154368065 bcsId: 0,conID: 3 locID: 102269044158758978 bcsId: 0,conID: 1 locID: 102269044160331843 bcsId: 0,conID: 2 locID: 102269044180713540 bcsId: 0,conID: 3 locID: 102269044182614085 bcsId: 0,conID: 1 locID: 102269044184514630 bcsId: 0,conID: 2 locID: 102269044188774471 bcsId: 0,conID: 3 locID: 102269044190347336 bcsId: 0,conID: 1 locID: 102269044198080585 bcsId: 0,conID: 2 locID: 102269044199784522 bcsId: 0,conID: 3 locID: 102269044201357387 bcsId: 0,conID: 1 locID: 102269044206272588 bcsId: 0,conID: 2 locID: 102269044207976525 bcsId: 0,conID: 3 locID: 102269044212760654 bcsId: 0,conID: 1 locID: 102269044219707471 bcsId: 0,conID: 2 locID: 102269044221345872 bcsId: 0,conID: 3 locID: 102269044223443025 bcsId: 0,conID: 1 locID: 102269044227375186 bcsId: 0,conID: 2 locID: 102269044229013587 bcsId: 0,conID: 3 locID: 102269044237140052 bcsId: 0,conID: 1 locID: 102269044238909525 bcsId: 0,conID: 2 locID: 102269044242776150 bcsId: 0,conID: 3 locID: 102269044247363671 bcsId: 0,conID: 1 locID: 102269044248936536 bcsId: 0,conID: 2 locID: 102269044250968153 bcsId: 0,conID: 3 locID: 102269044257587290 bcsId: 0,conID: 1 locID: 102269044259881051 bcsId: 0,conID: 2 locID: 102269044264009820 bcsId: 0,conID: 3 locID: 102269044266106973 bcsId: 0,conID: 1 locID: 102269044267614302 bcsId: 0,conID: 2 locID: 102269044275806303 bcsId: 0,conID: 3 locID: 102269044277510240 bcsId: 0,conID: 1 locID: 102269044279345249 bcsId: 0,conID: 2 locID: 102269044283605090 bcsId: 0,conID: 3 locID: 102269044285243491 bcsId: 0,conID: 1 locID: 102269044286947428 bcsId: 0,conID: 2 locID: 102269044292911205 bcsId: 0,conID: 3 locID: 102269044294615142 bcsId: 0,conID: 1 locID: 102269044317225063 bcsId: 0,conID: 2 locID: 102269044320960616 bcsId: 0,conID: 3 locID: 102269044323713129 bcsId: 0,conID: 1 locID: 102269044332822634 bcsId: 0,conID: 2 locID: 102269044335837291 bcsId: 0,conID: 3 locID: 102269044342915180 bcsId: 0,conID: 1 locID: 102269044345405549 bcsId: 0,conID: 2 locID: 102269044347502702 bcsId: 0,conID: 3 locID: 102269044349141103 bcsId: 0,conID: 1 locID: 102269044358512752 bcsId: 0,conID: 2 locID: 102269044360544369 bcsId: 0,conID: 3 locID: 102269044364804210 bcsId: 0,conID: 1 locID: 102269044366377075 bcsId: 0,conID: 2 locID: 102269044367884404 bcsId: 0,conID: 3 locID: 102269044369522805 bcsId: 0,conID: 1 locID: 102269044375683190 bcsId: 0,conID: 2 locID: 102269044380074103 bcsId: 0,conID: 3 locID: 102269044381778040 bcsId: 0,conID: 1 locID: 102269044383285369 bcsId: 0,conID: 2 locID: 102269044384858234 bcsId: 0,conID: 3 locID: 102269044393705595 bcsId: 0,conID: 1 locID: 102269044398162044 bcsId: 0,conID: 2 locID: 102269044399734909 bcsId: 0,conID: 3 locID: 102269044401176702 bcsId: 0,conID: 1 locID: 102269044402684031 bcsId: 0,conID: 2 locID: 102269044404125824 bcsId: 0,conID: 3 locID: 102269044411203713 bcsId: 0,conID: 1 locID: 102269044415398018 bcsId: 0,conID: 2 locID: 102269044417298563 bcsId: 0,conID: 3 locID: 102269044421492868 bcsId: 0,conID: 1 locID: 102269044423196805 bcsId: 0,conID: 2 locID: 102269044429291654 bcsId: 0,conID: 3 locID: 102269044433289351 bcsId: 0,conID: 1 locID: 102269044434862216 bcsId: 0,conID: 2 locID: 102269044436304009 bcsId: 0,conID: 3 locID: 102269044437745802 bcsId: 0,conID: 1 locID: 102269044439318667 bcsId: 0,conID: 2 locID: 102269044448166028 bcsId: 0,conID: 3 locID: 102269044467957901 bcsId: 0,conID: 1 locID: 102269044469530766 bcsId: 0,conID: 2 locID: 102269044471038095 bcsId: 0,conID: 3 locID: 102269044472414352 bcsId: 0,conID: 1 locID: 102269044479885457 bcsId: 0,conID: 2 locID: 102269044483948690 bcsId: 0,conID: 3 locID: 102269044485390483 bcsId: 0,conID: 1 locID: 102269044486897812 bcsId: 0,conID: 2 locID: 102269044488405141 bcsId: 0,conID: 3 locID: 102269044489912470 bcsId: 0,conID: 1 locID: 102269044501315735 bcsId: 0,conID: 2 locID: 102269044502888600 bcsId: 0,conID: 3 locID: 102269044504395929 bcsId: 0,conID: 1 locID: 102269044505903258 bcsId: 0,conID: 2 locID: 102269044507410587 bcsId: 0,conID: 3 locID: 102269044513243292 bcsId: 0,conID: 1 locID: 102269044517372061 bcsId: 0,conID: 2 locID: 102269044518813854 bcsId: 0,conID: 3 locID: 102269044520255647 bcsId: 0,conID: 1 locID: 102269044522483872 bcsId: 0,conID: 2 locID: 102269044527071393 bcsId: 0,conID: 3 locID: 102269044535525538 bcsId: 0,conID: 1 locID: 102269044537032867 bcsId: 0,conID: 2 locID: 102269044538474660 bcsId: 0,conID: 3 locID: 102269044540047525 bcsId: 0,conID: 1 locID: 102269044541620390 bcsId: 0,conID: 2 locID: 102269044550205607 bcsId: 0,conID: 3 locID: 102269044551778472 bcsId: 0,conID: 1 locID: 102269044553023657 bcsId: 0,conID: 2 locID: 102269044557021354 bcsId: 0,conID: 3 locID: 102269044558725291 bcsId: 0,conID: 1 locID: 102269044560167084 bcsId: 0,conID: 2 locID: 102269044568490157 bcsId: 0,conID: 3 locID: 102269044569800878 bcsId: 0,conID: 1 locID: 102269044571242671 bcsId: 0,conID: 2 locID: 102269044572684464 bcsId: 0,conID: 3 locID: 102269044574650545 bcsId: 0,conID: 1 locID: 102269044581204146 bcsId: 0,conID: 2 locID: 102269044600602803 bcsId: 0,conID: 3 locID: 102269044602372276 bcsId: 0,conID: 1 locID: 102269044603682997 bcsId: 0,conID: 2 locID: 102269044604928182 bcsId: 0,conID: 3 locID: 102269044606435511 bcsId: 0,conID: 1 locID: 102269044612989112 bcsId: 0,conID: 2 locID: 102269044614693049 bcsId: 0,conID: 3 locID: 102269044615938234 bcsId: 0,conID: 1 locID: 102269044617380027 bcsId: 0,conID: 2 locID: 102269044618821820 bcsId: 0,conID: 3 locID: 102269044629110973 bcsId: 0,conID: 1 locID: 102269044630487230 bcsId: 0,conID: 2 locID: 102269044632387775 bcsId: 0,conID: 3 locID: 102269044633895104 bcsId: 0,conID: 1 locID: 102269044635336897 bcsId: 0,conID: 2 locID: 102269044640121026 bcsId: 0,conID: 3 locID: 102269044647002307 bcsId: 0,conID: 1 locID: 102269044649230532 bcsId: 0,conID: 2 locID: 102269044651786437 bcsId: 0,conID: 3 locID: 102269044654670022 bcsId: 0,conID: 1 locID: 102269044657225927 bcsId: 0,conID: 2 locID: 102269044669415624 bcsId: 0,conID: 3 locID: 102269044670726345 bcsId: 0,conID: 1 locID: 102269044672037066 bcsId: 0,conID: 2 locID: 102269044673216715 bcsId: 0,conID: 3 locID: 102269044675641548 bcsId: 0,conID: 1 locID: 102269044679508173 bcsId: 0,conID: 2 locID: 102269044685275342 bcsId: 0,conID: 3 locID: 102269044686586063 bcsId: 0,conID: 1 locID: 102269044687962320 bcsId: 0,conID: 2 locID: 102269044689469649 bcsId: 0,conID: 3 locID: 102269044690976978 bcsId: 0,conID: 1 locID: 102269044701593811 bcsId: 0,conID: 2 locID: 102269044703035604 bcsId: 0,conID: 3 locID: 102269044704477397 bcsId: 0,conID: 1 locID: 102269044705984726 bcsId: 0,conID: 2 locID: 102269044707426519 bcsId: 0,conID: 3 locID: 102269044711227608 bcsId: 0,conID: 1 locID: 102269044717453529 bcsId: 0,conID: 2 locID: 102269044718698714 bcsId: 0,conID: 3 locID: 102269044720337115 bcsId: 0,conID: 1 locID: 102269044721713372 bcsId: 0,conID: 2 locID: 102269044743143645 bcsId: 0,conID: 3 locID: 102269044744454366 bcsId: 0,conID: 1 locID: 102269044750418143 bcsId: 0,conID: 2 locID: 102269044751663328 bcsId: 0,conID: 3 locID: 102269044753236193 bcsId: 0,conID: 1 locID: 102269044755595490 bcsId: 0,conID: 2 locID: 102269044759134435 bcsId: 0,conID: 3 locID: 102269044764836068 bcsId: 0,conID: 1 locID: 102269044766015717 bcsId: 0,conID: 2 locID: 102269044767260902 bcsId: 0,conID: 3 locID: 102269044771258599 bcsId: 0,conID: 1 locID: 102269044775125224 bcsId: 0,conID: 2 locID: 102269044776304873 bcsId: 0,conID: 3 locID: 102269044782203114 bcsId: 0,conID: 1 locID: 102269044783579371 bcsId: 0,conID: 2 locID: 102269044784955628 bcsId: 0,conID: 3 locID: 102269044786266349 bcsId: 0,conID: 1 locID: 102269044789805294 bcsId: 0,conID: 2 locID: 102269044796031215 bcsId: 0,conID: 3 locID: 102269044797473008 bcsId: 0,conID: 1 locID: 102269044798914801 bcsId: 0,conID: 2 locID: 102269044803305714 bcsId: 0,conID: 3 locID: 102269044807106803 bcsId: 0,conID: 1 locID: 102269044808417524 bcsId: 0,conID: 2 locID: 102269044814184693 bcsId: 0,conID: 3 locID: 102269044815626486 bcsId: 0,conID: 1 locID: 102269044816871671 bcsId: 0,conID: 2 locID: 102269044820345080 bcsId: 0,conID: 3 locID: 102269044821655801 bcsId: 0,conID: 1 locID: 102269044827291898 bcsId: 0,conID: 2 locID: 102269044828602619 bcsId: 0,conID: 3 locID: 102269044832862460 bcsId: 0,conID: 1 locID: 102269044834107645 bcsId: 0,conID: 2 locID: 102269044837777662 bcsId: 0,conID: 3 locID: 102269044839153919 bcsId: 0,conID: 1 locID: 102269044845379840 bcsId: 0,conID: 2 locID: 102269044847018241 bcsId: 0,conID: 3 locID: 102269044848394498 bcsId: 0,conID: 1 locID: 102269044852326659 bcsId: 0,conID: 2 locID: 102269044853702916 bcsId: 0,conID: 3 locID: 102269044878344453 bcsId: 0,conID: 1 locID: 102269044879851782 bcsId: 0,conID: 2 locID: 102269044881424647 bcsId: 0,conID: 3 locID: 102269044882931976 bcsId: 0,conID: 1 locID: 102269044886864137 bcsId: 0,conID: 2 locID: 102269044888305930 bcsId: 0,conID: 3 locID: 102269044894073099 bcsId: 0,conID: 1 locID: 102269044895318284 bcsId: 0,conID: 2 locID: 102269044896497933 bcsId: 0,conID: 3 locID: 102269044900233486 bcsId: 0,conID: 1 locID: 102269044901740815 bcsId: 0,conID: 2 locID: 102269044910915856 bcsId: 0,conID: 3 locID: 102269044912423185 bcsId: 0,conID: 1 locID: 102269044913668370 bcsId: 0,conID: 2 locID: 102269044917207315 bcsId: 0,conID: 3 locID: 102269044918649108 bcsId: 0,conID: 1 locID: 102269044920025365 bcsId: 0,conID: 2 locID: 102269044925989142 bcsId: 0,conID: 3 locID: 102269044927496471 bcsId: 0,conID: 1 locID: 102269044928807192 bcsId: 0,conID: 2 locID: 102269044932411673 bcsId: 0,conID: 3 locID: 102269044933591322 bcsId: 0,conID: 1 locID: 102269044942242075 bcsId: 0,conID: 2 locID: 102269044943814940 bcsId: 0,conID: 3 locID: 102269044945256733 bcsId: 0,conID: 1 locID: 102269044948795678 bcsId: 0,conID: 2 locID: 102269044950040863 bcsId: 0,conID: 3 locID: 102269044951548192 bcsId: 0,conID: 1 locID: 102269044957315361 bcsId: 0,conID: 2 locID: 102269044958626082 bcsId: 0,conID: 3 locID: 102269044959805731 bcsId: 0,conID: 1 locID: 102269044963803428 bcsId: 0,conID: 2 locID: 102269044965900581 bcsId: 0,conID: 3 locID: 102269044975468838 bcsId: 0,conID: 1 locID: 102269044976845095 bcsId: 0,conID: 2 locID: 102269044978090280 bcsId: 0,conID: 3 locID: 102269044981694761 bcsId: 0,conID: 1 locID: 102269044982939946 bcsId: 0,conID: 2 locID: 102269044984185131 bcsId: 0,conID: 3 locID: 102269044989886764 bcsId: 0,conID: 1 locID: 102269044991459629 bcsId: 0,conID: 2 locID: 102269044995195182 bcsId: 0,conID: 3 locID: 102269044996440367 bcsId: 0,conID: 1 locID: 102269044997751088 bcsId: 0,conID: 2 locID: 102269045023441201 bcsId: 0,conID: 3 locID: 102269045024751922 bcsId: 0,conID: 1 locID: 102269045026062643 bcsId: 0,conID: 2 locID: 102269045029732660 bcsId: 0,conID: 3 locID: 102269045030977845 bcsId: 0,conID: 1 locID: 102269045032157494 bcsId: 0,conID: 2 locID: 102269045037859127 bcsId: 0,conID: 3 locID: 102269045039104312 bcsId: 0,conID: 1 locID: 102269045042708793 bcsId: 0,conID: 2 locID: 102269045044019514 bcsId: 0,conID: 3 locID: 102269045045264699 bcsId: 0,conID: 1 locID: 102269045053456700 bcsId: 0,conID: 2 locID: 102269045054964029 bcsId: 0,conID: 3 locID: 102269045056405822 bcsId: 0,conID: 1 locID: 102269045060075839 bcsId: 0,conID: 2 locID: 102269045061321024 bcsId: 0,conID: 3 locID: 102269045062762817 bcsId: 0,conID: 1 locID: 102269045070496066 bcsId: 0,conID: 2 locID: 102269045071806787 bcsId: 0,conID: 3 locID: 102269045075411268 bcsId: 0,conID: 1 locID: 102269045076656453 bcsId: 0,conID: 2 locID: 102269045077901638 bcsId: 0,conID: 3 locID: 102269045082292551 bcsId: 0,conID: 1 locID: 102269045089304904 bcsId: 0,conID: 2 locID: 102269045093237065 bcsId: 0,conID: 3 locID: 102269045094482250 bcsId: 0,conID: 1 locID: 102269045095792971 bcsId: 0,conID: 2 locID: 102269045097103692 bcsId: 0,conID: 3 locID: 102269045102870861 bcsId: 0,conID: 1 locID: 102269045104116046 bcsId: 0,conID: 2 locID: 102269045107786063 bcsId: 0,conID: 3 locID: 102269045109162320 bcsId: 0,conID: 1 locID: 102269045113553233 bcsId: 0,conID: 2 locID: 102269045115257170 bcsId: 0,conID: 3 locID: 102269045121876307 bcsId: 0,conID: 1 locID: 102269045125611860 bcsId: 0,conID: 2 locID: 102269045126857045 bcsId: 0,conID: 3 locID: 102269045128626518 bcsId: 0,conID: 1 locID: 102269045130002775 bcsId: 0,conID: 2 locID: 102269045135769944 bcsId: 0,conID: 3 locID: 102269045137539417 bcsId: 0,conID: 1 locID: 102269045141274970 bcsId: 0,conID: 2 locID: 102269045142716763 bcsId: 0,conID: 3 locID: 102269045161001308 bcsId: 0,conID: 1 locID: 102269045162312029 bcsId: 0,conID: 2 locID: 102269045168144734 bcsId: 0,conID: 3 locID: 102269045171749215 bcsId: 0,conID: 1 locID: 102269045172994400 bcsId: 0,conID: 2 locID: 102269045174501729 bcsId: 0,conID: 3 locID: 102269045175877986 bcsId: 0,conID: 1 locID: 102269045182366051 bcsId: 0,conID: 2 locID: 102269045186036068 bcsId: 0,conID: 3 locID: 102269045187346789 bcsId: 0,conID: 1 locID: 102269045191410022 bcsId: 0,conID: 2 locID: 102269045192786279 bcsId: 0,conID: 3 locID: 102269045193965928 bcsId: 0,conID: 1 locID: 102269045199733097 bcsId: 0,conID: 2 locID: 102269045203730794 bcsId: 0,conID: 3 locID: 102269045205041515 bcsId: 0,conID: 1 locID: 102269045206352236 bcsId: 0,conID: 2 locID: 102269045208383853 bcsId: 0,conID: 3 locID: 102269045214282094 bcsId: 0,conID: 1 locID: 102269045218476399 bcsId: 0,conID: 2 locID: 102269045220180336 bcsId: 0,conID: 3 locID: 102269045224833393 bcsId: 0,conID: 1 locID: 102269045226733938 bcsId: 0,conID: 2 locID: 102269045228831091 bcsId: 0,conID: 3 locID: 102269045239251316 bcsId: 0,conID: 1 locID: 102269045240627573 bcsId: 0,conID: 2 locID: 102269045241938294 bcsId: 0,conID: 3 locID: 102269045243117943 bcsId: 0,conID: 1 locID: 102269045244363128 bcsId: 0,conID: 2 locID: 102269045249999225 bcsId: 0,conID: 3 locID: 102269045253538170 bcsId: 0,conID: 1 locID: 102269045257994619 bcsId: 0,conID: 2 locID: 102269045259305340 bcsId: 0,conID: 3 locID: 102269045260681597 bcsId: 0,conID: 1 locID: 102269045262123390 bcsId: 0,conID: 2 locID: 102269045270577535 bcsId: 0,conID: 3 locID: 102269045271953792 bcsId: 0,conID: 1 locID: 102269045274182017 bcsId: 0,conID: 2 locID: 102269045275492738 bcsId: 0,conID: 3 locID: 102269045276868995 bcsId: 0,conID: 1 locID: 102269045283094916 bcsId: 0,conID: 2 locID: 102269045306753413 bcsId: 0,conID: 3 locID: 102269045310095750 bcsId: 0,conID: 1 locID: 102269045312717191 bcsId: 0,conID: 2 locID: 102269045314814344 bcsId: 0,conID: 3 locID: 102269045317173641 bcsId: 0,conID: 1 locID: 102269045326217610 bcsId: 0,conID: 2 locID: 102269045327724939 bcsId: 0,conID: 3 locID: 102269045328970124 bcsId: 0,conID: 1 locID: 102269045330215309 bcsId: 0,conID: 2 locID: 102269045331526030 bcsId: 0,conID: 3 locID: 102269045342667151 bcsId: 0,conID: 1 locID: 102269045344567696 bcsId: 0,conID: 2 locID: 102269045345878417 bcsId: 0,conID: 3 locID: 102269045347123602 bcsId: 0,conID: 1 locID: 102269045348368787 bcsId: 0,conID: 2 locID: 102269045349613972 bcsId: 0,conID: 3 locID: 102269045357609365 bcsId: 0,conID: 1 locID: 102269045359051158 bcsId: 0,conID: 2 locID: 102269045360492951 bcsId: 0,conID: 3 locID: 102269045361738136 bcsId: 0,conID: 1 locID: 102269045363245465 bcsId: 0,conID: 2 locID: 102269045372289434 bcsId: 0,conID: 3 locID: 102269045373796763 bcsId: 0,conID: 1 locID: 102269045375304092 bcsId: 0,conID: 2 locID: 102269045376745885 bcsId: 0,conID: 3 locID: 102269045377991070 bcsId: 0,conID: 1 locID: 102269045379236255 bcsId: 0,conID: 2 locID: 102269045386248608 bcsId: 0,conID: 3 locID: 102269045387624865 bcsId: 0,conID: 1 locID: 102269045389197730 bcsId: 0,conID: 2 locID: 102269045390967203 bcsId: 0,conID: 3 locID: 102269045392343460 bcsId: 0,conID: 1 locID: 102269045402173861 bcsId: 0,conID: 2 locID: 102269045403419046 bcsId: 0,conID: 3 locID: 102269045404926375 bcsId: 0,conID: 1 locID: 102269045406237096 bcsId: 0,conID: 2 locID: 102269045407744425 bcsId: 0,conID: 3 locID: 102269045412135338 bcsId: 0,conID: 1 locID: 102269045419147691 bcsId: 0,conID: 2 locID: 102269045420458412 bcsId: 0,conID: 3 locID: 102269045422031277 bcsId: 0,conID: 1 locID: 102269045423276462 bcsId: 0,conID: 2 locID: 102269045443658159 bcsId: 0,conID: 3 locID: 102269045447328176 bcsId: 0,conID: 1 locID: 102269045453226417 bcsId: 0,conID: 2 locID: 102269045454602674 bcsId: 0,conID: 3 locID: 102269045456044467 bcsId: 0,conID: 1 locID: 102269045457617332 bcsId: 0,conID: 2 locID: 102269045461549493 bcsId: 0,conID: 3 locID: 102269045467316662 bcsId: 0,conID: 1 locID: 102269045468561847 bcsId: 0,conID: 2 locID: 102269045470265784 bcsId: 0,conID: 3 locID: 102269045471642041 bcsId: 0,conID: 1 locID: 102269045476164026 bcsId: 0,conID: 2 locID: 102269045479834043 bcsId: 0,conID: 3 locID: 102269045485535676 bcsId: 0,conID: 1 locID: 102269045486780861 bcsId: 0,conID: 2 locID: 102269045488222654 bcsId: 0,conID: 3 locID: 102269045489729983 bcsId: 0,conID: 1 locID: 102269045493596608 bcsId: 0,conID: 2 locID: 102269045500084673 bcsId: 0,conID: 3 locID: 102269045501395394 bcsId: 0,conID: 1 locID: 102269045502837187 bcsId: 0,conID: 2 locID: 102269045507228100 bcsId: 0,conID: 3 locID: 102269045511029189 bcsId: 0,conID: 1 locID: 102269045512602054 bcsId: 0,conID: 2 locID: 102269045519942087 bcsId: 0,conID: 3 locID: 102269045521383880 bcsId: 0,conID: 1 locID: 102269045523284425 bcsId: 0,conID: 2 locID: 102269045524595146 bcsId: 0,conID: 3 locID: 102269045528330699 bcsId: 0,conID: 1 locID: 102269045534163404 bcsId: 0,conID: 2 locID: 102269045535867341 bcsId: 0,conID: 3 locID: 102269045540061646 bcsId: 0,conID: 1 locID: 102269045542486479 bcsId: 0,conID: 2 locID: 102269045546156496 bcsId: 0,conID: 3 locID: 102269045547401681 bcsId: 0,conID: 1 locID: 102269045553103314 bcsId: 0,conID: 2 locID: 102269045554414035 bcsId: 0,conID: 3 locID: 102269045555921364 bcsId: 0,conID: 1 locID: 102269045557166549 bcsId: 0,conID: 2 locID: 102269045560902102 bcsId: 0,conID: 3 locID: 102269045566931415 bcsId: 0,conID: 1 locID: 102269045587182040 bcsId: 0,conID: 2 locID: 102269045588820441 bcsId: 0,conID: 3 locID: 102269045590458842 bcsId: 0,conID: 1 locID: 102269045594784219 bcsId: 0,conID: 2 locID: 102269045596291548 bcsId: 0,conID: 3 locID: 102269045603434973 bcsId: 0,conID: 1 locID: 102269045604745694 bcsId: 0,conID: 2 locID: 102269045606187487 bcsId: 0,conID: 3 locID: 102269045609988576 bcsId: 0,conID: 1 locID: 102269045611561441 bcsId: 0,conID: 2 locID: 102269045617459682 bcsId: 0,conID: 3 locID: 102269045623292387 bcsId: 0,conID: 1 locID: 102269045626569188 bcsId: 0,conID: 2 locID: 102269045628469733 bcsId: 0,conID: 3 locID: 102269045633057254 bcsId: 0,conID: 1 locID: 102269045634957799 bcsId: 0,conID: 2 locID: 102269045641773544 bcsId: 0,conID: 3 locID: 102269045643346409 bcsId: 0,conID: 1 locID: 102269045646098922 bcsId: 0,conID: 2 locID: 102269045650883051 bcsId: 0,conID: 3 locID: 102269045652259308 bcsId: 0,conID: 1 locID: 102269045661172205 bcsId: 0,conID: 2 locID: 102269045662548462 bcsId: 0,conID: 3 locID: 102269045663924719 bcsId: 0,conID: 1 locID: 102269045665563120 bcsId: 0,conID: 2 locID: 102269045668970993 bcsId: 0,conID: 3 locID: 102269045670609394 bcsId: 0,conID: 1 locID: 102269045677359603 bcsId: 0,conID: 2 locID: 102269045679063540 bcsId: 0,conID: 3 locID: 102269045680701941 bcsId: 0,conID: 1 locID: 102269045684306422 bcsId: 0,conID: 2 locID: 102269045685813751 bcsId: 0,conID: 3 locID: 102269045694267896 bcsId: 0,conID: 1 locID: 102269045695578617 bcsId: 0,conID: 2 locID: 102269045697020410 bcsId: 0,conID: 3 locID: 102269045700755963 bcsId: 0,conID: 1 locID: 102269045702066684 bcsId: 0,conID: 2 locID: 102269045703377405 bcsId: 0,conID: 3 locID: 102269045709144574 bcsId: 0,conID: 1 locID: 102269045710455295 bcsId: 0,conID: 2 locID: 102269045711962624 bcsId: 0,conID: 3 locID: 102269045716091393 bcsId: 0,conID: 1 locID: 102269045735031298 bcsId: 0,conID: 2 locID: 102269045741519363 bcsId: 0,conID: 3 locID: 102269045742895620 bcsId: 0,conID: 1 locID: 102269045744337413 bcsId: 0,conID: 2 locID: 102269045748138502 bcsId: 0,conID: 3 locID: 102269045749580295 bcsId: 0,conID: 1 locID: 102269045751022088 bcsId: 0,conID: 2 locID: 102269045756789257 bcsId: 0,conID: 3 locID: 102269045758296586 bcsId: 0,conID: 1 locID: 102269045759934987 bcsId: 0,conID: 2 locID: 102269045765440012 bcsId: 0,conID: 3 locID: 102269045766750733 bcsId: 0,conID: 1 locID: 102269045772452366 bcsId: 0,conID: 2 locID: 102269045773828623 bcsId: 0,conID: 3 locID: 102269045775139344 bcsId: 0,conID: 1 locID: 102269045778743825 bcsId: 0,conID: 2 locID: 102269045780120082 bcsId: 0,conID: 3 locID: 102269045781430803 bcsId: 0,conID: 1 locID: 102269045787197972 bcsId: 0,conID: 2 locID: 102269045788770837 bcsId: 0,conID: 3 locID: 102269045795389974 bcsId: 0,conID: 1 locID: 102269045796962839 bcsId: 0,conID: 2 locID: 102269045798601240 bcsId: 0,conID: 3 locID: 102269045800370713 bcsId: 0,conID: 1 locID: 102269045807907354 bcsId: 0,conID: 2 locID: 102269045809480219 bcsId: 0,conID: 3 locID: 102269045813740060 bcsId: 0,conID: 1 locID: 102269045816295965 bcsId: 0,conID: 2 locID: 102269045817672222 bcsId: 0,conID: 3 locID: 102269045823373855 bcsId: 0,conID: 1 locID: 102269045827633696 bcsId: 0,conID: 2 locID: 102269045831500321 bcsId: 0,conID: 3 locID: 102269045832942114 bcsId: 0,conID: 1 locID: 102269045834252835 bcsId: 0,conID: 2 locID: 102269045835694628 bcsId: 0,conID: 3 locID: 102269045841396261 bcsId: 0,conID: 1 locID: 102269045842706982 bcsId: 0,conID: 2 locID: 102269045846311463 bcsId: 0,conID: 3 locID: 102269045847687720 bcsId: 0,conID: 1 locID: 102269045849063977 bcsId: 0
2019-06-14 08:43:18,718 DEBUG block.SCMBlockDeletingService (SCMBlockDeletingService.java:call(138)) - Running DeletedBlockTransactionScanner
2019-06-14 08:43:18,719 DEBUG block.SCMBlockDeletingService (SCMBlockDeletingService.java:call(155)) - Scanned deleted blocks log and got 0 delTX to process.
2019-06-14 08:43:18,819 DEBUG block.SCMBlockDeletingService (SCMBlockDeletingService.java:call(138)) - Running DeletedBlockTransactionScanner
2019-06-14 08:43:18,820 DEBUG block.SCMBlockDeletingService (SCMBlockDeletingService.java:call(155)) - Scanned deleted blocks log and got 0 delTX to process.
2019-06-14 08:43:18,920 DEBUG block.SCMBlockDeletingService (SCMBlockDeletingService.java:call(138)) - Running DeletedBlockTransactionScanner
2019-06-14 08:43:18,920 DEBUG block.SCMBlockDeletingService (SCMBlockDeletingService.java:call(155)) - Scanned deleted blocks log and got 0 delTX to process.
2019-06-14 08:43:19,020 DEBUG block.SCMBlockDeletingService (SCMBlockDeletingService.java:call(138)) - Running DeletedBlockTransactionScanner
2019-06-14 08:43:19,021 DEBUG block.SCMBlockDeletingService (SCMBlockDeletingService.java:call(155)) - Scanned deleted blocks log and got 0 delTX to process.
2019-06-14 08:43:19,121 DEBUG block.SCMBlockDeletingService (SCMBlockDeletingService.java:call(138)) - Running DeletedBlockTransactionScanner
2019-06-14 08:43:19,121 DEBUG block.SCMBlockDeletingService (SCMBlockDeletingService.java:call(155)) - Scanned deleted blocks log and got 0 delTX to process.
2019-06-14 08:43:19,221 DEBUG block.SCMBlockDeletingService (SCMBlockDeletingService.java:call(138)) - Running DeletedBlockTransactionScanner
2019-06-14 08:43:19,222 DEBUG block.SCMBlockDeletingService (SCMBlockDeletingService.java:call(155)) - Scanned deleted blocks log and got 0 delTX to process.
2019-06-14 08:43:19,322 DEBUG block.SCMBlockDeletingService (SCMBlockDeletingService.java:call(138)) - Running DeletedBlockTransactionScanner
2019-06-14 08:43:19,322 DEBUG block.SCMBlockDeletingService (SCMBlockDeletingService.java:call(155)) - Scanned deleted blocks log and got 0 delTX to process.
2019-06-14 08:43:19,422 DEBUG block.SCMBlockDeletingService (SCMBlockDeletingService.java:call(138)) - Running DeletedBlockTransactionScanner
2019-06-14 08:43:19,423 DEBUG block.SCMBlockDeletingService (SCMBlockDeletingService.java:call(155)) - Scanned deleted blocks log and got 0 delTX to process.
2019-06-14 08:43:19,523 DEBUG block.SCMBlockDeletingService (SCMBlockDeletingService.java:call(138)) - Running DeletedBlockTransactionScanner
2019-06-14 08:43:19,523 DEBUG block.SCMBlockDeletingService (SCMBlockDeletingService.java:call(155)) - Scanned deleted blocks log and got 0 delTX to process.
2019-06-14 08:43:19,623 DEBUG block.SCMBlockDeletingService (SCMBlockDeletingService.java:call(138)) - Running DeletedBlockTransactionScanner
2019-06-14 08:43:19,624 DEBUG block.SCMBlockDeletingService (SCMBlockDeletingService.java:call(155)) - Scanned deleted blocks log and got 0 delTX to process.
2019-06-14 08:43:19,724 DEBUG block.SCMBlockDeletingService (SCMBlockDeletingService.java:call(138)) - Running DeletedBlockTransactionScanner
2019-06-14 08:43:19,724 DEBUG block.SCMBlockDeletingService (SCMBlockDeletingService.java:call(155)) - Scanned deleted blocks log and got 0 delTX to process.
2019-06-14 08:43:19,824 DEBUG block.SCMBlockDeletingService (SCMBlockDeletingService.java:call(138)) - Running DeletedBlockTransactionScanner
2019-06-14 08:43:19,825 DEBUG block.SCMBlockDeletingService (SCMBlockDeletingService.java:call(155)) - Scanned deleted blocks log and got 0 delTX to process.
2019-06-14 08:43:19,925 DEBUG block.SCMBlockDeletingService (SCMBlockDeletingService.java:call(138)) - Running DeletedBlockTransactionScanner
2019-06-14 08:43:19,925 DEBUG block.SCMBlockDeletingService (SCMBlockDeletingService.java:call(155)) - Scanned deleted blocks log and got 0 delTX to process.
2019-06-14 08:43:20,025 DEBUG block.SCMBlockDeletingService (SCMBlockDeletingService.java:call(138)) - Running DeletedBlockTransactionScanner
2019-06-14 08:43:20,026 DEBUG block.SCMBlockDeletingService (SCMBlockDeletingService.java:call(155)) - Scanned deleted blocks log and got 0 delTX to process.
2019-06-14 08:43:20,126 DEBUG block.SCMBlockDeletingService (SCMBlockDeletingService.java:call(138)) - Running DeletedBlockTransactionScanner
2019-06-14 08:43:20,126 DEBUG block.SCMBlockDeletingService (SCMBlockDeletingService.java:call(155)) - Scanned deleted blocks log and got 0 delTX to process.
2019-06-14 08:43:20,227 DEBUG block.SCMBlockDeletingService (SCMBlockDeletingService.java:call(138)) - Running DeletedBlockTransactionScanner
2019-06-14 08:43:20,227 DEBUG block.SCMBlockDeletingService (SCMBlockDeletingService.java:call(155)) - Scanned deleted blocks log and got 0 delTX to process.
2019-06-14 08:43:20,327 DEBUG block.SCMBlockDeletingService (SCMBlockDeletingService.java:call(138)) - Running DeletedBlockTransactionScanner
2019-06-14 08:43:20,327 DEBUG block.SCMBlockDeletingService (SCMBlockDeletingService.java:call(155)) - Scanned deleted blocks log and got 0 delTX to process.
2019-06-14 08:43:20,428 DEBUG block.SCMBlockDeletingService (SCMBlockDeletingService.java:call(138)) - Running DeletedBlockTransactionScanner
2019-06-14 08:43:20,428 DEBUG block.SCMBlockDeletingService (SCMBlockDeletingService.java:call(155)) - Scanned deleted blocks log and got 0 delTX to process.
2019-06-14 08:43:20,528 DEBUG block.SCMBlockDeletingService (SCMBlockDeletingService.java:call(138)) - Running DeletedBlockTransactionScanner
2019-06-14 08:43:20,528 DEBUG block.SCMBlockDeletingService (SCMBlockDeletingService.java:call(155)) - Scanned deleted blocks log and got 0 delTX to process.
2019-06-14 08:43:20,629 DEBUG block.SCMBlockDeletingService (SCMBlockDeletingService.java:call(138)) - Running DeletedBlockTransactionScanner
2019-06-14 08:43:20,629 DEBUG block.SCMBlockDeletingService (SCMBlockDeletingService.java:call(155)) - Scanned deleted blocks log and got 0 delTX to process.
2019-06-14 08:43:20,729 DEBUG block.SCMBlockDeletingService (SCMBlockDeletingService.java:call(138)) - Running DeletedBlockTransactionScanner
2019-06-14 08:43:20,730 DEBUG block.SCMBlockDeletingService (SCMBlockDeletingService.java:call(155)) - Scanned deleted blocks log and got 0 delTX to process.
2019-06-14 08:43:20,830 DEBUG block.SCMBlockDeletingService (SCMBlockDeletingService.java:call(138)) - Running DeletedBlockTransactionScanner
2019-06-14 08:43:20,830 DEBUG block.SCMBlockDeletingService (SCMBlockDeletingService.java:call(155)) - Scanned deleted blocks log and got 0 delTX to process.
2019-06-14 08:43:20,930 DEBUG block.SCMBlockDeletingService (SCMBlockDeletingService.java:call(138)) - Running DeletedBlockTransactionScanner
2019-06-14 08:43:20,931 DEBUG block.SCMBlockDeletingService (SCMBlockDeletingService.java:call(155)) - Scanned deleted blocks log and got 0 delTX to process.
2019-06-14 08:43:21,031 DEBUG block.SCMBlockDeletingService (SCMBlockDeletingService.java:call(138)) - Running DeletedBlockTransactionScanner
2019-06-14 08:43:21,031 DEBUG block.SCMBlockDeletingService (SCMBlockDeletingService.java:call(155)) - Scanned deleted blocks log and got 0 delTX to process.
2019-06-14 08:43:21,131 DEBUG block.SCMBlockDeletingService (SCMBlockDeletingService.java:call(138)) - Running DeletedBlockTransactionScanner
2019-06-14 08:43:21,132 DEBUG block.SCMBlockDeletingService (SCMBlockDeletingService.java:call(155)) - Scanned deleted blocks log and got 0 delTX to process.
2019-06-14 08:43:21,232 DEBUG block.SCMBlockDeletingService (SCMBlockDeletingService.java:call(138)) - Running DeletedBlockTransactionScanner
2019-06-14 08:43:21,232 DEBUG block.SCMBlockDeletingService (SCMBlockDeletingService.java:call(155)) - Scanned deleted blocks log and got 0 delTX to process.
2019-06-14 08:43:21,332 DEBUG block.SCMBlockDeletingService (SCMBlockDeletingService.java:call(138)) - Running DeletedBlockTransactionScanner
2019-06-14 08:43:21,333 DEBUG block.SCMBlockDeletingService (SCMBlockDeletingService.java:call(155)) - Scanned deleted blocks log and got 0 delTX to process.
2019-06-14 08:43:21,433 DEBUG block.SCMBlockDeletingService (SCMBlockDeletingService.java:call(138)) - Running DeletedBlockTransactionScanner
2019-06-14 08:43:21,433 DEBUG block.SCMBlockDeletingService (SCMBlockDeletingService.java:call(155)) - Scanned deleted blocks log and got 0 delTX to process.
2019-06-14 08:43:21,534 DEBUG block.SCMBlockDeletingService (SCMBlockDeletingService.java:call(138)) - Running DeletedBlockTransactionScanner
2019-06-14 08:43:21,534 DEBUG block.SCMBlockDeletingService (SCMBlockDeletingService.java:call(155)) - Scanned deleted blocks log and got 0 delTX to process.
2019-06-14 08:43:21,634 DEBUG block.SCMBlockDeletingService (SCMBlockDeletingService.java:call(138)) - Running DeletedBlockTransactionScanner
2019-06-14 08:43:21,634 DEBUG block.SCMBlockDeletingService (SCMBlockDeletingService.java:call(155)) - Scanned deleted blocks log and got 0 delTX to process.
2019-06-14 08:43:21,735 DEBUG block.SCMBlockDeletingService (SCMBlockDeletingService.java:call(138)) - Running DeletedBlockTransactionScanner
2019-06-14 08:43:21,735 DEBUG block.SCMBlockDeletingService (SCMBlockDeletingService.java:call(155)) - Scanned deleted blocks log and got 0 delTX to process.
2019-06-14 08:43:21,835 DEBUG block.SCMBlockDeletingService (SCMBlockDeletingService.java:call(138)) - Running DeletedBlockTransactionScanner
2019-06-14 08:43:21,836 DEBUG block.SCMBlockDeletingService (SCMBlockDeletingService.java:call(155)) - Scanned deleted blocks log and got 0 delTX to process.
2019-06-14 08:43:21,936 DEBUG block.SCMBlockDeletingService (SCMBlockDeletingService.java:call(138)) - Running DeletedBlockTransactionScanner
2019-06-14 08:43:21,936 DEBUG block.SCMBlockDeletingService (SCMBlockDeletingService.java:call(155)) - Scanned deleted blocks log and got 0 delTX to process.
2019-06-14 08:43:22,036 DEBUG block.SCMBlockDeletingService (SCMBlockDeletingService.java:call(138)) - Running DeletedBlockTransactionScanner
2019-06-14 08:43:22,037 DEBUG block.SCMBlockDeletingService (SCMBlockDeletingService.java:call(155)) - Scanned deleted blocks log and got 0 delTX to process.
2019-06-14 08:43:22,137 DEBUG block.SCMBlockDeletingService (SCMBlockDeletingService.java:call(138)) - Running DeletedBlockTransactionScanner
2019-06-14 08:43:22,137 DEBUG block.SCMBlockDeletingService (SCMBlockDeletingService.java:call(155)) - Scanned deleted blocks log and got 0 delTX to process.
2019-06-14 08:43:22,237 DEBUG block.SCMBlockDeletingService (SCMBlockDeletingService.java:call(138)) - Running DeletedBlockTransactionScanner
2019-06-14 08:43:22,238 DEBUG block.SCMBlockDeletingService (SCMBlockDeletingService.java:call(155)) - Scanned deleted blocks log and got 0 delTX to process.
2019-06-14 08:43:22,338 DEBUG block.SCMBlockDeletingService (SCMBlockDeletingService.java:call(138)) - Running DeletedBlockTransactionScanner
2019-06-14 08:43:22,338 DEBUG block.SCMBlockDeletingService (SCMBlockDeletingService.java:call(155)) - Scanned deleted blocks log and got 0 delTX to process.
2019-06-14 08:43:22,438 DEBUG block.SCMBlockDeletingService (SCMBlockDeletingService.java:call(138)) - Running DeletedBlockTransactionScanner
2019-06-14 08:43:22,439 DEBUG block.SCMBlockDeletingService (SCMBlockDeletingService.java:call(155)) - Scanned deleted blocks log and got 0 delTX to process.
2019-06-14 08:43:22,539 DEBUG block.SCMBlockDeletingService (SCMBlockDeletingService.java:call(138)) - Running DeletedBlockTransactionScanner
2019-06-14 08:43:22,540 DEBUG block.SCMBlockDeletingService (SCMBlockDeletingService.java:call(155)) - Scanned deleted blocks log and got 0 delTX to process.
2019-06-14 08:43:22,640 DEBUG block.SCMBlockDeletingService (SCMBlockDeletingService.java:call(138)) - Running DeletedBlockTransactionScanner
2019-06-14 08:43:22,640 DEBUG block.SCMBlockDeletingService (SCMBlockDeletingService.java:call(155)) - Scanned deleted blocks log and got 0 delTX to process.
2019-06-14 08:43:22,740 DEBUG block.SCMBlockDeletingService (SCMBlockDeletingService.java:call(138)) - Running DeletedBlockTransactionScanner
2019-06-14 08:43:22,741 DEBUG block.SCMBlockDeletingService (SCMBlockDeletingService.java:call(155)) - Scanned deleted blocks log and got 0 delTX to process.
2019-06-14 08:43:22,841 DEBUG block.SCMBlockDeletingService (SCMBlockDeletingService.java:call(138)) - Running DeletedBlockTransactionScanner
2019-06-14 08:43:22,841 DEBUG block.SCMBlockDeletingService (SCMBlockDeletingService.java:call(155)) - Scanned deleted blocks log and got 0 delTX to process.
2019-06-14 08:43:22,941 DEBUG block.SCMBlockDeletingService (SCMBlockDeletingService.java:call(138)) - Running DeletedBlockTransactionScanner
2019-06-14 08:43:22,942 DEBUG block.SCMBlockDeletingService (SCMBlockDeletingService.java:call(155)) - Scanned deleted blocks log and got 0 delTX to process.
2019-06-14 08:43:23,042 DEBUG block.SCMBlockDeletingService (SCMBlockDeletingService.java:call(138)) - Running DeletedBlockTransactionScanner
2019-06-14 08:43:23,042 DEBUG block.SCMBlockDeletingService (SCMBlockDeletingService.java:call(155)) - Scanned deleted blocks log and got 0 delTX to process.
2019-06-14 08:43:23,142 DEBUG block.SCMBlockDeletingService (SCMBlockDeletingService.java:call(138)) - Running DeletedBlockTransactionScanner
2019-06-14 08:43:23,142 DEBUG block.SCMBlockDeletingService (SCMBlockDeletingService.java:call(155)) - Scanned deleted blocks log and got 0 delTX to process.
2019-06-14 08:43:23,243 DEBUG block.SCMBlockDeletingService (SCMBlockDeletingService.java:call(138)) - Running DeletedBlockTransactionScanner
2019-06-14 08:43:23,243 DEBUG block.SCMBlockDeletingService (SCMBlockDeletingService.java:call(155)) - Scanned deleted blocks log and got 0 delTX to process.
2019-06-14 08:43:23,343 DEBUG block.SCMBlockDeletingService (SCMBlockDeletingService.java:call(138)) - Running DeletedBlockTransactionScanner
2019-06-14 08:43:23,343 DEBUG block.SCMBlockDeletingService (SCMBlockDeletingService.java:call(155)) - Scanned deleted blocks log and got 0 delTX to process.
2019-06-14 08:43:23,444 DEBUG block.SCMBlockDeletingService (SCMBlockDeletingService.java:call(138)) - Running DeletedBlockTransactionScanner
2019-06-14 08:43:23,444 DEBUG block.SCMBlockDeletingService (SCMBlockDeletingService.java:call(155)) - Scanned deleted blocks log and got 0 delTX to process.
2019-06-14 08:43:23,543 INFO  datanode.ObjectStoreHandler (ObjectStoreHandler.java:close(155)) - Closing ObjectStoreHandler.
2019-06-14 08:43:23,543 INFO  ozone.HddsDatanodeService (HddsDatanodeService.java:stop(452)) - Stopped plug-in org.apache.hadoop.ozone.web.OzoneHddsDatanodeService@433d9680
2019-06-14 08:43:23,544 DEBUG block.SCMBlockDeletingService (SCMBlockDeletingService.java:call(138)) - Running DeletedBlockTransactionScanner
2019-06-14 08:43:23,545 INFO  ozoneimpl.OzoneContainer (OzoneContainer.java:stop(199)) - Attempting to stop container services.
2019-06-14 08:43:23,544 INFO  statemachine.DatanodeStateMachine (DatanodeStateMachine.java:lambda$startDaemon$0(350)) - Ozone container server started.
2019-06-14 08:43:23,546 INFO  impl.RaftServerProxy (RaftServerProxy.java:lambda$close$4(314)) - 374189d0-76c5-49d2-81b4-45a4af1368a2: close
2019-06-14 08:43:23,547 INFO  impl.RaftServerImpl (RaftServerImpl.java:lambda$shutdown$3(238)) - 374189d0-76c5-49d2-81b4-45a4af1368a2: shutdown group-30B6692CD68C
2019-06-14 08:43:23,548 INFO  util.JmxRegister (JmxRegister.java:unregister(73)) - Successfully un-registered JMX Bean with object name Ratis:service=RaftServer,group=group-30B6692CD68C,id=374189d0-76c5-49d2-81b4-45a4af1368a2
2019-06-14 08:43:23,548 INFO  impl.RoleInfo (RoleInfo.java:shutdownLeaderState(104)) - 374189d0-76c5-49d2-81b4-45a4af1368a2: shutdown LeaderState
2019-06-14 08:43:23,549 INFO  impl.PendingRequests (PendingRequests.java:sendNotLeaderResponses(140)) - 374189d0-76c5-49d2-81b4-45a4af1368a2-PendingRequests: sendNotLeaderResponses
2019-06-14 08:43:23,553 INFO  ratis.ContainerStateMachine (ContainerStateMachine.java:takeSnapshot(245)) - Taking snapshot at termIndex:(t:1, i:7296)
2019-06-14 08:43:23,553 INFO  ratis.ContainerStateMachine (ContainerStateMachine.java:takeSnapshot(249)) - Taking a snapshot to file /opt/src/hadoop-ozone/integration-test/target/test-dir/MiniOzoneClusterImpl-1994f8b8-dd4d-445c-bf25-0c6d40f9b14d/datanode-0/data/ratis/99d0acb8-99ce-4814-8259-30b6692cd68c/sm/snapshot.1_7296
2019-06-14 08:43:23,553 DEBUG block.SCMBlockDeletingService (SCMBlockDeletingService.java:call(155)) - Scanned deleted blocks log and got 3 delTX to process.
2019-06-14 08:43:23,558 INFO  impl.StateMachineUpdater (StateMachineUpdater.java:stopAndJoin(109)) - StateMachineUpdater-374189d0-76c5-49d2-81b4-45a4af1368a2-group-30B6692CD68C: set stopIndex = 7297
2019-06-14 08:43:23,561 INFO  impl.RaftServerImpl (ServerState.java:close(394)) - 374189d0-76c5-49d2-81b4-45a4af1368a2:group-30B6692CD68C closes. The last applied log index is 7297
2019-06-14 08:43:23,563 DEBUG block.SCMBlockDeletingService (SCMBlockDeletingService.java:call(171)) - Added delete block command for datanode 374189d0-76c5-49d2-81b4-45a4af1368a2 in the queue, number of delete block transactions: 3, TxID list: 1,2,3
2019-06-14 08:43:23,564 INFO  block.SCMBlockDeletingService (SCMBlockDeletingService.java:call(182)) - Totally added 3 delete blocks command for 1 datanodes, task elapsed time: 20ms
2019-06-14 08:43:23,567 INFO  storage.RaftLogWorker (RaftLogWorker.java:close(168)) - 374189d0-76c5-49d2-81b4-45a4af1368a2-RaftLogWorker close()
2019-06-14 08:43:23,567 INFO  server.GrpcService (GrpcService.java:closeImpl(154)) - 374189d0-76c5-49d2-81b4-45a4af1368a2: shutdown server with port 39889 now
2019-06-14 08:43:23,569 INFO  server.GrpcService (GrpcService.java:closeImpl(162)) - 374189d0-76c5-49d2-81b4-45a4af1368a2: shutdown server with port 39889 successfully
2019-06-14 08:43:23,572 WARN  fs.CachingGetSpaceUsed (CachingGetSpaceUsed.java:run(183)) - Thread Interrupted waiting to refresh disk information: sleep interrupted
2019-06-14 08:43:23,583 INFO  statemachine.DatanodeStateMachine (DatanodeStateMachine.java:stopDaemon(395)) - Ozone container server stopped.
2019-06-14 08:43:23,587 INFO  handler.ContextHandler (ContextHandler.java:doStop(910)) - Stopped o.e.j.w.WebAppContext@36c0d0bd{/,null,UNAVAILABLE}{/hddsDatanode}
2019-06-14 08:43:23,591 INFO  server.AbstractConnector (AbstractConnector.java:doStop(318)) - Stopped ServerConnector@5e1fc2aa{HTTP/1.1,[http/1.1]}{0.0.0.0:0}
2019-06-14 08:43:23,592 INFO  handler.ContextHandler (ContextHandler.java:doStop(910)) - Stopped o.e.j.s.ServletContextHandler@4f5f6e45{/static,jar:file:/root/.m2/repository/org/apache/hadoop/hadoop-hdds-container-service/0.5.0-SNAPSHOT/hadoop-hdds-container-service-0.5.0-SNAPSHOT.jar!/webapps/static,UNAVAILABLE}
2019-06-14 08:43:23,592 INFO  handler.ContextHandler (ContextHandler.java:doStop(910)) - Stopped o.e.j.s.ServletContextHandler@6438a7fe{/logs,file:///opt/src/hadoop-ozone/integration-test/target/log,UNAVAILABLE}
2019-06-14 08:43:23,664 DEBUG block.SCMBlockDeletingService (SCMBlockDeletingService.java:call(138)) - Running DeletedBlockTransactionScanner
2019-06-14 08:43:23,665 DEBUG block.SCMBlockDeletingService (SCMBlockDeletingService.java:call(155)) - Scanned deleted blocks log and got 3 delTX to process.
2019-06-14 08:43:23,665 DEBUG block.SCMBlockDeletingService (SCMBlockDeletingService.java:call(171)) - Added delete block command for datanode 374189d0-76c5-49d2-81b4-45a4af1368a2 in the queue, number of delete block transactions: 3, TxID list: 1,2,3
2019-06-14 08:43:23,665 INFO  block.SCMBlockDeletingService (SCMBlockDeletingService.java:call(182)) - Totally added 3 delete blocks command for 1 datanodes, task elapsed time: 1ms
2019-06-14 08:43:23,765 DEBUG block.SCMBlockDeletingService (SCMBlockDeletingService.java:call(138)) - Running DeletedBlockTransactionScanner
2019-06-14 08:43:23,766 DEBUG block.SCMBlockDeletingService (SCMBlockDeletingService.java:call(155)) - Scanned deleted blocks log and got 3 delTX to process.
2019-06-14 08:43:23,766 DEBUG block.SCMBlockDeletingService (SCMBlockDeletingService.java:call(171)) - Added delete block command for datanode 374189d0-76c5-49d2-81b4-45a4af1368a2 in the queue, number of delete block transactions: 3, TxID list: 1,2,3
2019-06-14 08:43:23,766 INFO  block.SCMBlockDeletingService (SCMBlockDeletingService.java:call(182)) - Totally added 3 delete blocks command for 1 datanodes, task elapsed time: 1ms
2019-06-14 08:43:23,867 DEBUG block.SCMBlockDeletingService (SCMBlockDeletingService.java:call(138)) - Running DeletedBlockTransactionScanner
2019-06-14 08:43:23,867 DEBUG block.SCMBlockDeletingService (SCMBlockDeletingService.java:call(155)) - Scanned deleted blocks log and got 3 delTX to process.
2019-06-14 08:43:23,867 DEBUG block.SCMBlockDeletingService (SCMBlockDeletingService.java:call(171)) - Added delete block command for datanode 374189d0-76c5-49d2-81b4-45a4af1368a2 in the queue, number of delete block transactions: 3, TxID list: 1,2,3
2019-06-14 08:43:23,867 INFO  block.SCMBlockDeletingService (SCMBlockDeletingService.java:call(182)) - Totally added 3 delete blocks command for 1 datanodes, task elapsed time: 0ms
2019-06-14 08:43:23,968 DEBUG block.SCMBlockDeletingService (SCMBlockDeletingService.java:call(138)) - Running DeletedBlockTransactionScanner
2019-06-14 08:43:23,968 DEBUG block.SCMBlockDeletingService (SCMBlockDeletingService.java:call(155)) - Scanned deleted blocks log and got 3 delTX to process.
2019-06-14 08:43:23,968 DEBUG block.SCMBlockDeletingService (SCMBlockDeletingService.java:call(171)) - Added delete block command for datanode 374189d0-76c5-49d2-81b4-45a4af1368a2 in the queue, number of delete block transactions: 3, TxID list: 1,2,3
2019-06-14 08:43:23,968 INFO  block.SCMBlockDeletingService (SCMBlockDeletingService.java:call(182)) - Totally added 3 delete blocks command for 1 datanodes, task elapsed time: 0ms
2019-06-14 08:43:24,069 DEBUG block.SCMBlockDeletingService (SCMBlockDeletingService.java:call(138)) - Running DeletedBlockTransactionScanner
2019-06-14 08:43:24,069 DEBUG block.SCMBlockDeletingService (SCMBlockDeletingService.java:call(155)) - Scanned deleted blocks log and got 3 delTX to process.
2019-06-14 08:43:24,069 DEBUG block.SCMBlockDeletingService (SCMBlockDeletingService.java:call(171)) - Added delete block command for datanode 374189d0-76c5-49d2-81b4-45a4af1368a2 in the queue, number of delete block transactions: 3, TxID list: 1,2,3
2019-06-14 08:43:24,069 INFO  block.SCMBlockDeletingService (SCMBlockDeletingService.java:call(182)) - Totally added 3 delete blocks command for 1 datanodes, task elapsed time: 0ms
2019-06-14 08:43:24,170 DEBUG block.SCMBlockDeletingService (SCMBlockDeletingService.java:call(138)) - Running DeletedBlockTransactionScanner
2019-06-14 08:43:24,170 DEBUG block.SCMBlockDeletingService (SCMBlockDeletingService.java:call(155)) - Scanned deleted blocks log and got 3 delTX to process.
2019-06-14 08:43:24,170 DEBUG block.SCMBlockDeletingService (SCMBlockDeletingService.java:call(171)) - Added delete block command for datanode 374189d0-76c5-49d2-81b4-45a4af1368a2 in the queue, number of delete block transactions: 3, TxID list: 1,2,3
2019-06-14 08:43:24,170 INFO  block.SCMBlockDeletingService (SCMBlockDeletingService.java:call(182)) - Totally added 3 delete blocks command for 1 datanodes, task elapsed time: 0ms
2019-06-14 08:43:24,271 DEBUG block.SCMBlockDeletingService (SCMBlockDeletingService.java:call(138)) - Running DeletedBlockTransactionScanner
2019-06-14 08:43:24,271 DEBUG block.SCMBlockDeletingService (SCMBlockDeletingService.java:call(155)) - Scanned deleted blocks log and got 3 delTX to process.
2019-06-14 08:43:24,271 DEBUG block.SCMBlockDeletingService (SCMBlockDeletingService.java:call(171)) - Added delete block command for datanode 374189d0-76c5-49d2-81b4-45a4af1368a2 in the queue, number of delete block transactions: 3, TxID list: 1,2,3
2019-06-14 08:43:24,271 INFO  block.SCMBlockDeletingService (SCMBlockDeletingService.java:call(182)) - Totally added 3 delete blocks command for 1 datanodes, task elapsed time: 0ms
2019-06-14 08:43:24,371 DEBUG block.SCMBlockDeletingService (SCMBlockDeletingService.java:call(138)) - Running DeletedBlockTransactionScanner
2019-06-14 08:43:24,372 DEBUG block.SCMBlockDeletingService (SCMBlockDeletingService.java:call(155)) - Scanned deleted blocks log and got 3 delTX to process.
2019-06-14 08:43:24,372 DEBUG block.SCMBlockDeletingService (SCMBlockDeletingService.java:call(171)) - Added delete block command for datanode 374189d0-76c5-49d2-81b4-45a4af1368a2 in the queue, number of delete block transactions: 3, TxID list: 1,2,3
2019-06-14 08:43:24,372 INFO  block.SCMBlockDeletingService (SCMBlockDeletingService.java:call(182)) - Totally added 3 delete blocks command for 1 datanodes, task elapsed time: 0ms
2019-06-14 08:43:24,472 DEBUG block.SCMBlockDeletingService (SCMBlockDeletingService.java:call(138)) - Running DeletedBlockTransactionScanner
2019-06-14 08:43:24,473 DEBUG block.SCMBlockDeletingService (SCMBlockDeletingService.java:call(155)) - Scanned deleted blocks log and got 3 delTX to process.
2019-06-14 08:43:24,473 DEBUG block.SCMBlockDeletingService (SCMBlockDeletingService.java:call(171)) - Added delete block command for datanode 374189d0-76c5-49d2-81b4-45a4af1368a2 in the queue, number of delete block transactions: 3, TxID list: 1,2,3
2019-06-14 08:43:24,473 INFO  block.SCMBlockDeletingService (SCMBlockDeletingService.java:call(182)) - Totally added 3 delete blocks command for 1 datanodes, task elapsed time: 1ms
2019-06-14 08:43:24,558 INFO  commands.RetriableDatanodeEventWatcher (RetriableDatanodeEventWatcher.java:onTimeout(47)) - RetriableDatanodeCommand type=deleteBlocksCommand with id=1560501803557 timed out. Retrying.
2019-06-14 08:43:24,573 DEBUG block.SCMBlockDeletingService (SCMBlockDeletingService.java:call(138)) - Running DeletedBlockTransactionScanner
2019-06-14 08:43:24,574 DEBUG block.SCMBlockDeletingService (SCMBlockDeletingService.java:call(155)) - Scanned deleted blocks log and got 3 delTX to process.
2019-06-14 08:43:24,574 DEBUG block.SCMBlockDeletingService (SCMBlockDeletingService.java:call(171)) - Added delete block command for datanode 374189d0-76c5-49d2-81b4-45a4af1368a2 in the queue, number of delete block transactions: 3, TxID list: 1,2,3
2019-06-14 08:43:24,575 INFO  block.SCMBlockDeletingService (SCMBlockDeletingService.java:call(182)) - Totally added 3 delete blocks command for 1 datanodes, task elapsed time: 2ms
2019-06-14 08:43:24,594 INFO  ozone.MiniOzoneClusterImpl (MiniOzoneClusterImpl.java:lambda$waitForClusterToBeReady$0(142)) - Waiting for cluster to be ready. Got 1 of 0 DN Heartbeats.
2019-06-14 08:43:24,666 INFO  commands.RetriableDatanodeEventWatcher (RetriableDatanodeEventWatcher.java:onTimeout(47)) - RetriableDatanodeCommand type=deleteBlocksCommand with id=1560501803558 timed out. Retrying.
2019-06-14 08:43:24,675 DEBUG block.SCMBlockDeletingService (SCMBlockDeletingService.java:call(138)) - Running DeletedBlockTransactionScanner
2019-06-14 08:43:24,675 DEBUG block.SCMBlockDeletingService (SCMBlockDeletingService.java:call(155)) - Scanned deleted blocks log and got 3 delTX to process.
2019-06-14 08:43:24,676 DEBUG block.SCMBlockDeletingService (SCMBlockDeletingService.java:call(171)) - Added delete block command for datanode 374189d0-76c5-49d2-81b4-45a4af1368a2 in the queue, number of delete block transactions: 3, TxID list: 1,2,3
2019-06-14 08:43:24,676 INFO  block.SCMBlockDeletingService (SCMBlockDeletingService.java:call(182)) - Totally added 3 delete blocks command for 1 datanodes, task elapsed time: 1ms
2019-06-14 08:43:24,766 INFO  commands.RetriableDatanodeEventWatcher (RetriableDatanodeEventWatcher.java:onTimeout(47)) - RetriableDatanodeCommand type=deleteBlocksCommand with id=1560501803559 timed out. Retrying.
2019-06-14 08:43:24,776 DEBUG block.SCMBlockDeletingService (SCMBlockDeletingService.java:call(138)) - Running DeletedBlockTransactionScanner
2019-06-14 08:43:24,776 DEBUG block.SCMBlockDeletingService (SCMBlockDeletingService.java:call(155)) - Scanned deleted blocks log and got 3 delTX to process.
2019-06-14 08:43:24,777 DEBUG block.SCMBlockDeletingService (SCMBlockDeletingService.java:call(171)) - Added delete block command for datanode 374189d0-76c5-49d2-81b4-45a4af1368a2 in the queue, number of delete block transactions: 3, TxID list: 1,2,3
2019-06-14 08:43:24,777 INFO  block.SCMBlockDeletingService (SCMBlockDeletingService.java:call(182)) - Totally added 3 delete blocks command for 1 datanodes, task elapsed time: 1ms
2019-06-14 08:43:24,867 INFO  commands.RetriableDatanodeEventWatcher (RetriableDatanodeEventWatcher.java:onTimeout(47)) - RetriableDatanodeCommand type=deleteBlocksCommand with id=1560501803560 timed out. Retrying.
2019-06-14 08:43:24,877 DEBUG block.SCMBlockDeletingService (SCMBlockDeletingService.java:call(138)) - Running DeletedBlockTransactionScanner
2019-06-14 08:43:24,877 DEBUG block.SCMBlockDeletingService (SCMBlockDeletingService.java:call(155)) - Scanned deleted blocks log and got 3 delTX to process.
2019-06-14 08:43:24,877 DEBUG block.SCMBlockDeletingService (SCMBlockDeletingService.java:call(171)) - Added delete block command for datanode 374189d0-76c5-49d2-81b4-45a4af1368a2 in the queue, number of delete block transactions: 3, TxID list: 1,2,3
2019-06-14 08:43:24,878 INFO  block.SCMBlockDeletingService (SCMBlockDeletingService.java:call(182)) - Totally added 3 delete blocks command for 1 datanodes, task elapsed time: 1ms
2019-06-14 08:43:24,968 INFO  commands.RetriableDatanodeEventWatcher (RetriableDatanodeEventWatcher.java:onTimeout(47)) - RetriableDatanodeCommand type=deleteBlocksCommand with id=1560501803561 timed out. Retrying.
2019-06-14 08:43:24,978 DEBUG block.SCMBlockDeletingService (SCMBlockDeletingService.java:call(138)) - Running DeletedBlockTransactionScanner
2019-06-14 08:43:24,978 DEBUG block.SCMBlockDeletingService (SCMBlockDeletingService.java:call(155)) - Scanned deleted blocks log and got 3 delTX to process.
2019-06-14 08:43:24,978 DEBUG block.SCMBlockDeletingService (SCMBlockDeletingService.java:call(171)) - Added delete block command for datanode 374189d0-76c5-49d2-81b4-45a4af1368a2 in the queue, number of delete block transactions: 3, TxID list: 1,2,3
2019-06-14 08:43:24,979 INFO  block.SCMBlockDeletingService (SCMBlockDeletingService.java:call(182)) - Totally added 3 delete blocks command for 1 datanodes, task elapsed time: 1ms
2019-06-14 08:43:25,069 INFO  commands.RetriableDatanodeEventWatcher (RetriableDatanodeEventWatcher.java:onTimeout(47)) - RetriableDatanodeCommand type=deleteBlocksCommand with id=1560501803562 timed out. Retrying.
2019-06-14 08:43:25,079 DEBUG block.SCMBlockDeletingService (SCMBlockDeletingService.java:call(138)) - Running DeletedBlockTransactionScanner
2019-06-14 08:43:25,079 DEBUG block.SCMBlockDeletingService (SCMBlockDeletingService.java:call(155)) - Scanned deleted blocks log and got 3 delTX to process.
2019-06-14 08:43:25,079 DEBUG block.SCMBlockDeletingService (SCMBlockDeletingService.java:call(171)) - Added delete block command for datanode 374189d0-76c5-49d2-81b4-45a4af1368a2 in the queue, number of delete block transactions: 3, TxID list: 1,2,3
2019-06-14 08:43:25,080 INFO  block.SCMBlockDeletingService (SCMBlockDeletingService.java:call(182)) - Totally added 3 delete blocks command for 1 datanodes, task elapsed time: 1ms
2019-06-14 08:43:25,170 INFO  commands.RetriableDatanodeEventWatcher (RetriableDatanodeEventWatcher.java:onTimeout(47)) - RetriableDatanodeCommand type=deleteBlocksCommand with id=1560501803563 timed out. Retrying.
2019-06-14 08:43:25,180 DEBUG block.SCMBlockDeletingService (SCMBlockDeletingService.java:call(138)) - Running DeletedBlockTransactionScanner
2019-06-14 08:43:25,180 DEBUG block.SCMBlockDeletingService (SCMBlockDeletingService.java:call(155)) - Scanned deleted blocks log and got 3 delTX to process.
2019-06-14 08:43:25,180 DEBUG block.SCMBlockDeletingService (SCMBlockDeletingService.java:call(171)) - Added delete block command for datanode 374189d0-76c5-49d2-81b4-45a4af1368a2 in the queue, number of delete block transactions: 3, TxID list: 1,2,3
2019-06-14 08:43:25,181 INFO  block.SCMBlockDeletingService (SCMBlockDeletingService.java:call(182)) - Totally added 3 delete blocks command for 1 datanodes, task elapsed time: 1ms
2019-06-14 08:43:25,271 INFO  commands.RetriableDatanodeEventWatcher (RetriableDatanodeEventWatcher.java:onTimeout(47)) - RetriableDatanodeCommand type=deleteBlocksCommand with id=1560501803564 timed out. Retrying.
2019-06-14 08:43:25,281 DEBUG block.SCMBlockDeletingService (SCMBlockDeletingService.java:call(138)) - Running DeletedBlockTransactionScanner
2019-06-14 08:43:25,281 DEBUG block.SCMBlockDeletingService (SCMBlockDeletingService.java:call(155)) - Scanned deleted blocks log and got 3 delTX to process.
2019-06-14 08:43:25,281 DEBUG block.SCMBlockDeletingService (SCMBlockDeletingService.java:call(171)) - Added delete block command for datanode 374189d0-76c5-49d2-81b4-45a4af1368a2 in the queue, number of delete block transactions: 3, TxID list: 1,2,3
2019-06-14 08:43:25,281 INFO  block.SCMBlockDeletingService (SCMBlockDeletingService.java:call(182)) - Totally added 3 delete blocks command for 1 datanodes, task elapsed time: 0ms
2019-06-14 08:43:25,372 INFO  commands.RetriableDatanodeEventWatcher (RetriableDatanodeEventWatcher.java:onTimeout(47)) - RetriableDatanodeCommand type=deleteBlocksCommand with id=1560501803565 timed out. Retrying.
2019-06-14 08:43:25,382 DEBUG block.SCMBlockDeletingService (SCMBlockDeletingService.java:call(138)) - Running DeletedBlockTransactionScanner
2019-06-14 08:43:25,382 DEBUG block.SCMBlockDeletingService (SCMBlockDeletingService.java:call(155)) - Scanned deleted blocks log and got 3 delTX to process.
2019-06-14 08:43:25,382 DEBUG block.SCMBlockDeletingService (SCMBlockDeletingService.java:call(171)) - Added delete block command for datanode 374189d0-76c5-49d2-81b4-45a4af1368a2 in the queue, number of delete block transactions: 3, TxID list: 1,2,3
2019-06-14 08:43:25,382 INFO  block.SCMBlockDeletingService (SCMBlockDeletingService.java:call(182)) - Totally added 3 delete blocks command for 1 datanodes, task elapsed time: 0ms
2019-06-14 08:43:25,473 INFO  commands.RetriableDatanodeEventWatcher (RetriableDatanodeEventWatcher.java:onTimeout(47)) - RetriableDatanodeCommand type=deleteBlocksCommand with id=1560501803566 timed out. Retrying.
2019-06-14 08:43:25,482 DEBUG block.SCMBlockDeletingService (SCMBlockDeletingService.java:call(138)) - Running DeletedBlockTransactionScanner
2019-06-14 08:43:25,483 DEBUG block.SCMBlockDeletingService (SCMBlockDeletingService.java:call(155)) - Scanned deleted blocks log and got 3 delTX to process.
2019-06-14 08:43:25,483 DEBUG block.SCMBlockDeletingService (SCMBlockDeletingService.java:call(171)) - Added delete block command for datanode 374189d0-76c5-49d2-81b4-45a4af1368a2 in the queue, number of delete block transactions: 3, TxID list: 1,2,3
2019-06-14 08:43:25,483 INFO  block.SCMBlockDeletingService (SCMBlockDeletingService.java:call(182)) - Totally added 3 delete blocks command for 1 datanodes, task elapsed time: 0ms
2019-06-14 08:43:25,559 INFO  commands.RetriableDatanodeEventWatcher (RetriableDatanodeEventWatcher.java:onTimeout(47)) - RetriableDatanodeCommand type=deleteBlocksCommand with id=1560501803557 timed out. Retrying.
2019-06-14 08:43:25,575 INFO  commands.RetriableDatanodeEventWatcher (RetriableDatanodeEventWatcher.java:onTimeout(47)) - RetriableDatanodeCommand type=deleteBlocksCommand with id=1560501803567 timed out. Retrying.
2019-06-14 08:43:25,584 DEBUG block.SCMBlockDeletingService (SCMBlockDeletingService.java:call(138)) - Running DeletedBlockTransactionScanner
2019-06-14 08:43:25,584 DEBUG block.SCMBlockDeletingService (SCMBlockDeletingService.java:call(155)) - Scanned deleted blocks log and got 3 delTX to process.
2019-06-14 08:43:25,584 DEBUG block.SCMBlockDeletingService (SCMBlockDeletingService.java:call(171)) - Added delete block command for datanode 374189d0-76c5-49d2-81b4-45a4af1368a2 in the queue, number of delete block transactions: 3, TxID list: 1,2,3
2019-06-14 08:43:25,584 INFO  block.SCMBlockDeletingService (SCMBlockDeletingService.java:call(182)) - Totally added 3 delete blocks command for 1 datanodes, task elapsed time: 0ms
2019-06-14 08:43:25,594 INFO  ozone.MiniOzoneClusterImpl (MiniOzoneClusterImpl.java:lambda$waitForClusterToBeReady$0(142)) - Waiting for cluster to be ready. Got 1 of 0 DN Heartbeats.
2019-06-14 08:43:25,666 INFO  commands.RetriableDatanodeEventWatcher (RetriableDatanodeEventWatcher.java:onTimeout(47)) - RetriableDatanodeCommand type=deleteBlocksCommand with id=1560501803558 timed out. Retrying.
2019-06-14 08:43:25,676 INFO  commands.RetriableDatanodeEventWatcher (RetriableDatanodeEventWatcher.java:onTimeout(47)) - RetriableDatanodeCommand type=deleteBlocksCommand with id=1560501803568 timed out. Retrying.
2019-06-14 08:43:25,685 DEBUG block.SCMBlockDeletingService (SCMBlockDeletingService.java:call(138)) - Running DeletedBlockTransactionScanner
2019-06-14 08:43:25,685 DEBUG block.SCMBlockDeletingService (SCMBlockDeletingService.java:call(155)) - Scanned deleted blocks log and got 3 delTX to process.
2019-06-14 08:43:25,685 DEBUG block.SCMBlockDeletingService (SCMBlockDeletingService.java:call(171)) - Added delete block command for datanode 374189d0-76c5-49d2-81b4-45a4af1368a2 in the queue, number of delete block transactions: 3, TxID list: 1,2,3
2019-06-14 08:43:25,685 INFO  block.SCMBlockDeletingService (SCMBlockDeletingService.java:call(182)) - Totally added 3 delete blocks command for 1 datanodes, task elapsed time: 0ms
2019-06-14 08:43:25,766 INFO  commands.RetriableDatanodeEventWatcher (RetriableDatanodeEventWatcher.java:onTimeout(47)) - RetriableDatanodeCommand type=deleteBlocksCommand with id=1560501803559 timed out. Retrying.
2019-06-14 08:43:25,777 INFO  commands.RetriableDatanodeEventWatcher (RetriableDatanodeEventWatcher.java:onTimeout(47)) - RetriableDatanodeCommand type=deleteBlocksCommand with id=1560501803569 timed out. Retrying.
2019-06-14 08:43:25,785 DEBUG block.SCMBlockDeletingService (SCMBlockDeletingService.java:call(138)) - Running DeletedBlockTransactionScanner
2019-06-14 08:43:25,786 DEBUG block.SCMBlockDeletingService (SCMBlockDeletingService.java:call(155)) - Scanned deleted blocks log and got 3 delTX to process.
2019-06-14 08:43:25,786 DEBUG block.SCMBlockDeletingService (SCMBlockDeletingService.java:call(171)) - Added delete block command for datanode 374189d0-76c5-49d2-81b4-45a4af1368a2 in the queue, number of delete block transactions: 3, TxID list: 1,2,3
2019-06-14 08:43:25,786 INFO  block.SCMBlockDeletingService (SCMBlockDeletingService.java:call(182)) - Totally added 3 delete blocks command for 1 datanodes, task elapsed time: 1ms
2019-06-14 08:43:25,867 INFO  commands.RetriableDatanodeEventWatcher (RetriableDatanodeEventWatcher.java:onTimeout(47)) - RetriableDatanodeCommand type=deleteBlocksCommand with id=1560501803560 timed out. Retrying.
2019-06-14 08:43:25,878 INFO  commands.RetriableDatanodeEventWatcher (RetriableDatanodeEventWatcher.java:onTimeout(47)) - RetriableDatanodeCommand type=deleteBlocksCommand with id=1560501803570 timed out. Retrying.
2019-06-14 08:43:25,886 DEBUG block.SCMBlockDeletingService (SCMBlockDeletingService.java:call(138)) - Running DeletedBlockTransactionScanner
2019-06-14 08:43:25,887 DEBUG block.SCMBlockDeletingService (SCMBlockDeletingService.java:call(155)) - Scanned deleted blocks log and got 3 delTX to process.
2019-06-14 08:43:25,887 DEBUG block.SCMBlockDeletingService (SCMBlockDeletingService.java:call(171)) - Added delete block command for datanode 374189d0-76c5-49d2-81b4-45a4af1368a2 in the queue, number of delete block transactions: 3, TxID list: 1,2,3
2019-06-14 08:43:25,887 INFO  block.SCMBlockDeletingService (SCMBlockDeletingService.java:call(182)) - Totally added 3 delete blocks command for 1 datanodes, task elapsed time: 1ms
2019-06-14 08:43:25,968 INFO  commands.RetriableDatanodeEventWatcher (RetriableDatanodeEventWatcher.java:onTimeout(47)) - RetriableDatanodeCommand type=deleteBlocksCommand with id=1560501803561 timed out. Retrying.
2019-06-14 08:43:25,978 INFO  commands.RetriableDatanodeEventWatcher (RetriableDatanodeEventWatcher.java:onTimeout(47)) - RetriableDatanodeCommand type=deleteBlocksCommand with id=1560501803571 timed out. Retrying.
2019-06-14 08:43:25,987 DEBUG block.SCMBlockDeletingService (SCMBlockDeletingService.java:call(138)) - Running DeletedBlockTransactionScanner
2019-06-14 08:43:25,987 DEBUG block.SCMBlockDeletingService (SCMBlockDeletingService.java:call(155)) - Scanned deleted blocks log and got 3 delTX to process.
2019-06-14 08:43:25,988 DEBUG block.SCMBlockDeletingService (SCMBlockDeletingService.java:call(171)) - Added delete block command for datanode 374189d0-76c5-49d2-81b4-45a4af1368a2 in the queue, number of delete block transactions: 3, TxID list: 1,2,3
2019-06-14 08:43:25,988 INFO  block.SCMBlockDeletingService (SCMBlockDeletingService.java:call(182)) - Totally added 3 delete blocks command for 1 datanodes, task elapsed time: 1ms
2019-06-14 08:43:26,069 INFO  commands.RetriableDatanodeEventWatcher (RetriableDatanodeEventWatcher.java:onTimeout(47)) - RetriableDatanodeCommand type=deleteBlocksCommand with id=1560501803562 timed out. Retrying.
2019-06-14 08:43:26,079 INFO  commands.RetriableDatanodeEventWatcher (RetriableDatanodeEventWatcher.java:onTimeout(47)) - RetriableDatanodeCommand type=deleteBlocksCommand with id=1560501803572 timed out. Retrying.
2019-06-14 08:43:26,088 DEBUG block.SCMBlockDeletingService (SCMBlockDeletingService.java:call(138)) - Running DeletedBlockTransactionScanner
2019-06-14 08:43:26,088 DEBUG block.SCMBlockDeletingService (SCMBlockDeletingService.java:call(155)) - Scanned deleted blocks log and got 3 delTX to process.
2019-06-14 08:43:26,088 DEBUG block.SCMBlockDeletingService (SCMBlockDeletingService.java:call(171)) - Added delete block command for datanode 374189d0-76c5-49d2-81b4-45a4af1368a2 in the queue, number of delete block transactions: 3, TxID list: 1,2,3
2019-06-14 08:43:26,089 INFO  block.SCMBlockDeletingService (SCMBlockDeletingService.java:call(182)) - Totally added 3 delete blocks command for 1 datanodes, task elapsed time: 1ms
2019-06-14 08:43:26,170 INFO  commands.RetriableDatanodeEventWatcher (RetriableDatanodeEventWatcher.java:onTimeout(47)) - RetriableDatanodeCommand type=deleteBlocksCommand with id=1560501803563 timed out. Retrying.
2019-06-14 08:43:26,180 INFO  commands.RetriableDatanodeEventWatcher (RetriableDatanodeEventWatcher.java:onTimeout(47)) - RetriableDatanodeCommand type=deleteBlocksCommand with id=1560501803573 timed out. Retrying.
2019-06-14 08:43:26,189 DEBUG block.SCMBlockDeletingService (SCMBlockDeletingService.java:call(138)) - Running DeletedBlockTransactionScanner
2019-06-14 08:43:26,189 DEBUG block.SCMBlockDeletingService (SCMBlockDeletingService.java:call(155)) - Scanned deleted blocks log and got 3 delTX to process.
2019-06-14 08:43:26,189 DEBUG block.SCMBlockDeletingService (SCMBlockDeletingService.java:call(171)) - Added delete block command for datanode 374189d0-76c5-49d2-81b4-45a4af1368a2 in the queue, number of delete block transactions: 3, TxID list: 1,2,3
2019-06-14 08:43:26,190 INFO  block.SCMBlockDeletingService (SCMBlockDeletingService.java:call(182)) - Totally added 3 delete blocks command for 1 datanodes, task elapsed time: 1ms
2019-06-14 08:43:26,272 INFO  commands.RetriableDatanodeEventWatcher (RetriableDatanodeEventWatcher.java:onTimeout(47)) - RetriableDatanodeCommand type=deleteBlocksCommand with id=1560501803564 timed out. Retrying.
2019-06-14 08:43:26,281 INFO  commands.RetriableDatanodeEventWatcher (RetriableDatanodeEventWatcher.java:onTimeout(47)) - RetriableDatanodeCommand type=deleteBlocksCommand with id=1560501803574 timed out. Retrying.
2019-06-14 08:43:26,290 DEBUG block.SCMBlockDeletingService (SCMBlockDeletingService.java:call(138)) - Running DeletedBlockTransactionScanner
2019-06-14 08:43:26,290 DEBUG block.SCMBlockDeletingService (SCMBlockDeletingService.java:call(155)) - Scanned deleted blocks log and got 3 delTX to process.
2019-06-14 08:43:26,290 DEBUG block.SCMBlockDeletingService (SCMBlockDeletingService.java:call(171)) - Added delete block command for datanode 374189d0-76c5-49d2-81b4-45a4af1368a2 in the queue, number of delete block transactions: 3, TxID list: 1,2,3
2019-06-14 08:43:26,291 INFO  block.SCMBlockDeletingService (SCMBlockDeletingService.java:call(182)) - Totally added 3 delete blocks command for 1 datanodes, task elapsed time: 1ms
2019-06-14 08:43:26,373 INFO  commands.RetriableDatanodeEventWatcher (RetriableDatanodeEventWatcher.java:onTimeout(47)) - RetriableDatanodeCommand type=deleteBlocksCommand with id=1560501803565 timed out. Retrying.
2019-06-14 08:43:26,382 INFO  commands.RetriableDatanodeEventWatcher (RetriableDatanodeEventWatcher.java:onTimeout(47)) - RetriableDatanodeCommand type=deleteBlocksCommand with id=1560501803575 timed out. Retrying.
2019-06-14 08:43:26,391 DEBUG block.SCMBlockDeletingService (SCMBlockDeletingService.java:call(138)) - Running DeletedBlockTransactionScanner
2019-06-14 08:43:26,391 DEBUG block.SCMBlockDeletingService (SCMBlockDeletingService.java:call(155)) - Scanned deleted blocks log and got 3 delTX to process.
2019-06-14 08:43:26,391 DEBUG block.SCMBlockDeletingService (SCMBlockDeletingService.java:call(171)) - Added delete block command for datanode 374189d0-76c5-49d2-81b4-45a4af1368a2 in the queue, number of delete block transactions: 3, TxID list: 1,2,3
2019-06-14 08:43:26,392 INFO  block.SCMBlockDeletingService (SCMBlockDeletingService.java:call(182)) - Totally added 3 delete blocks command for 1 datanodes, task elapsed time: 1ms
2019-06-14 08:43:26,474 INFO  commands.RetriableDatanodeEventWatcher (RetriableDatanodeEventWatcher.java:onTimeout(47)) - RetriableDatanodeCommand type=deleteBlocksCommand with id=1560501803566 timed out. Retrying.
2019-06-14 08:43:26,483 INFO  commands.RetriableDatanodeEventWatcher (RetriableDatanodeEventWatcher.java:onTimeout(47)) - RetriableDatanodeCommand type=deleteBlocksCommand with id=1560501803576 timed out. Retrying.
2019-06-14 08:43:26,492 DEBUG block.SCMBlockDeletingService (SCMBlockDeletingService.java:call(138)) - Running DeletedBlockTransactionScanner
2019-06-14 08:43:26,492 DEBUG block.SCMBlockDeletingService (SCMBlockDeletingService.java:call(155)) - Scanned deleted blocks log and got 3 delTX to process.
2019-06-14 08:43:26,492 DEBUG block.SCMBlockDeletingService (SCMBlockDeletingService.java:call(171)) - Added delete block command for datanode 374189d0-76c5-49d2-81b4-45a4af1368a2 in the queue, number of delete block transactions: 3, TxID list: 1,2,3
2019-06-14 08:43:26,493 INFO  block.SCMBlockDeletingService (SCMBlockDeletingService.java:call(182)) - Totally added 3 delete blocks command for 1 datanodes, task elapsed time: 1ms
2019-06-14 08:43:26,526 INFO  node.StaleNodeHandler (StaleNodeHandler.java:onMessage(58)) - Datanode 374189d0-76c5-49d2-81b4-45a4af1368a2{ip: 192.168.11.250, host: ozone-rp9nx-1314784558, networkLocation: /default-rack, certSerialId: null} moved to stale state. Finalizing its pipelines [PipelineID=99d0acb8-99ce-4814-8259-30b6692cd68c]
2019-06-14 08:43:26,526 INFO  pipeline.SCMPipelineManager (SCMPipelineManager.java:finalizeAndDestroyPipeline(307)) - destroying pipeline:Pipeline[ Id: 99d0acb8-99ce-4814-8259-30b6692cd68c, Nodes: 374189d0-76c5-49d2-81b4-45a4af1368a2{ip: 192.168.11.250, host: ozone-rp9nx-1314784558, networkLocation: /default-rack, certSerialId: null}, Type:RATIS, Factor:ONE, State:OPEN]
2019-06-14 08:43:26,527 INFO  pipeline.PipelineStateManager (PipelineStateManager.java:finalizePipeline(123)) - Pipeline Pipeline[ Id: 99d0acb8-99ce-4814-8259-30b6692cd68c, Nodes: 374189d0-76c5-49d2-81b4-45a4af1368a2{ip: 192.168.11.250, host: ozone-rp9nx-1314784558, networkLocation: /default-rack, certSerialId: null}, Type:RATIS, Factor:ONE, State:CLOSED] moved to CLOSED state
2019-06-14 08:43:26,559 INFO  commands.RetriableDatanodeEventWatcher (RetriableDatanodeEventWatcher.java:onTimeout(47)) - RetriableDatanodeCommand type=deleteBlocksCommand with id=1560501803557 timed out. Retrying.
2019-06-14 08:43:26,575 INFO  commands.RetriableDatanodeEventWatcher (RetriableDatanodeEventWatcher.java:onTimeout(47)) - RetriableDatanodeCommand type=deleteBlocksCommand with id=1560501803567 timed out. Retrying.
2019-06-14 08:43:26,584 INFO  commands.RetriableDatanodeEventWatcher (RetriableDatanodeEventWatcher.java:onTimeout(47)) - RetriableDatanodeCommand type=deleteBlocksCommand with id=1560501803577 timed out. Retrying.
2019-06-14 08:43:26,593 DEBUG block.SCMBlockDeletingService (SCMBlockDeletingService.java:call(138)) - Running DeletedBlockTransactionScanner
2019-06-14 08:43:26,593 DEBUG block.SCMBlockDeletingService (SCMBlockDeletingService.java:call(155)) - Scanned deleted blocks log and got 3 delTX to process.
2019-06-14 08:43:26,593 DEBUG block.SCMBlockDeletingService (SCMBlockDeletingService.java:call(171)) - Added delete block command for datanode 374189d0-76c5-49d2-81b4-45a4af1368a2 in the queue, number of delete block transactions: 3, TxID list: 1,2,3
2019-06-14 08:43:26,594 INFO  block.SCMBlockDeletingService (SCMBlockDeletingService.java:call(182)) - Totally added 3 delete blocks command for 1 datanodes, task elapsed time: 1ms
2019-06-14 08:43:26,595 INFO  ozone.MiniOzoneClusterImpl (MiniOzoneClusterImpl.java:lambda$waitForClusterToBeReady$0(142)) - Cluster is ready. Got 0 of 0 DN Heartbeats.
2019-06-14 08:43:26,597 INFO  impl.MetricsSystemImpl (MetricsSystemImpl.java:init(158)) - HddsDatanode metrics system started (again)
2019-06-14 08:43:26,622 INFO  ozone.HddsDatanodeService (HddsDatanodeService.java:start(185)) - HddsDatanodeService host:ozone-rp9nx-1314784558 ip:192.168.11.250
2019-06-14 08:43:26,625 INFO  volume.VolumeUsage (VolumeUsage.java:loadScmUsed(144)) - Cached ScmUsed found for /opt/src/hadoop-ozone/integration-test/target/test-dir/MiniOzoneClusterImpl-1994f8b8-dd4d-445c-bf25-0c6d40f9b14d/datanode-0/data/containers : 4096 
2019-06-14 08:43:26,625 INFO  volume.HddsVolume (HddsVolume.java:<init>(176)) - Creating Volume: /opt/src/hadoop-ozone/integration-test/target/test-dir/MiniOzoneClusterImpl-1994f8b8-dd4d-445c-bf25-0c6d40f9b14d/datanode-0/data/containers/hdds of  storage type : DISK and capacity : 104021790720
2019-06-14 08:43:26,626 INFO  volume.VolumeSet (VolumeSet.java:initializeVolumeSet(170)) - Added Volume : /opt/src/hadoop-ozone/integration-test/target/test-dir/MiniOzoneClusterImpl-1994f8b8-dd4d-445c-bf25-0c6d40f9b14d/datanode-0/data/containers/hdds to VolumeSet
2019-06-14 08:43:26,626 INFO  volume.ThrottledAsyncChecker (ThrottledAsyncChecker.java:schedule(140)) - Scheduling a check for org.apache.hadoop.ozone.container.common.volume.HddsVolume@798cb6d9
2019-06-14 08:43:26,627 INFO  volume.HddsVolumeChecker (HddsVolumeChecker.java:checkAllVolumes(203)) - Scheduled health check for volume org.apache.hadoop.ozone.container.common.volume.HddsVolume@798cb6d9
2019-06-14 08:43:26,667 INFO  commands.RetriableDatanodeEventWatcher (RetriableDatanodeEventWatcher.java:onTimeout(47)) - RetriableDatanodeCommand type=deleteBlocksCommand with id=1560501803558 timed out. Retrying.
2019-06-14 08:43:26,676 INFO  commands.RetriableDatanodeEventWatcher (RetriableDatanodeEventWatcher.java:onTimeout(47)) - RetriableDatanodeCommand type=deleteBlocksCommand with id=1560501803568 timed out. Retrying.
2019-06-14 08:43:26,677 INFO  impl.RaftServerProxy (ConfUtils.java:logGet(43)) - raft.rpc.type = GRPC (default)
2019-06-14 08:43:26,677 INFO  grpc.GrpcConfigKeys$Server (ConfUtils.java:logGet(43)) - raft.grpc.server.port = 39889 (custom)
2019-06-14 08:43:26,678 INFO  server.GrpcService (ConfUtils.java:logGet(43)) - raft.grpc.message.size.max = 33570816 (custom)
2019-06-14 08:43:26,678 INFO  server.RaftServerConfigKeys (ConfUtils.java:logGet(43)) - raft.server.log.appender.buffer.byte-limit = 33554432 (custom)
2019-06-14 08:43:26,678 INFO  server.GrpcService (ConfUtils.java:logGet(43)) - raft.grpc.flow.control.window = 1MB (=1048576) (default)
2019-06-14 08:43:26,678 INFO  server.RaftServerConfigKeys (ConfUtils.java:logGet(43)) - raft.server.rpc.request.timeout = 3000ms (default)
2019-06-14 08:43:26,678 INFO  server.RaftServerConfigKeys (ConfUtils.java:logGet(43)) - raft.server.storage.dir = [/opt/src/hadoop-ozone/integration-test/target/test-dir/MiniOzoneClusterImpl-1994f8b8-dd4d-445c-bf25-0c6d40f9b14d/datanode-0/data/ratis] (custom)
2019-06-14 08:43:26,679 INFO  impl.RaftServerProxy (RaftServerProxy.java:lambda$null$0(191)) - 374189d0-76c5-49d2-81b4-45a4af1368a2: found a subdirectory /opt/src/hadoop-ozone/integration-test/target/test-dir/MiniOzoneClusterImpl-1994f8b8-dd4d-445c-bf25-0c6d40f9b14d/datanode-0/data/ratis/99d0acb8-99ce-4814-8259-30b6692cd68c
2019-06-14 08:43:26,679 INFO  impl.RaftServerProxy (RaftServerProxy.java:addNew(89)) - 374189d0-76c5-49d2-81b4-45a4af1368a2: addNew group-30B6692CD68C:[] returns group-30B6692CD68C:java.util.concurrent.CompletableFuture@3d3a1903[Not completed]
2019-06-14 08:43:26,680 INFO  replication.SimpleContainerDownloader (SimpleContainerDownloader.java:<init>(72)) - Starting container downloader service to copy containers to replicate.
2019-06-14 08:43:26,681 INFO  impl.RaftServerImpl (RaftServerImpl.java:<init>(91)) - 374189d0-76c5-49d2-81b4-45a4af1368a2: new RaftServerImpl for group-30B6692CD68C:[] with ContainerStateMachine:uninitialized
2019-06-14 08:43:26,682 INFO  hdfs.DFSUtil (DFSUtil.java:httpServerTemplateForNNAndJN(1641)) - Starting Web-server for hddsDatanode at: http://0.0.0.0:33887
2019-06-14 08:43:26,683 INFO  server.RaftServerConfigKeys (ConfUtils.java:logGet(43)) - raft.server.rpc.timeout.min = 1s (custom)
2019-06-14 08:43:26,683 INFO  server.RaftServerConfigKeys (ConfUtils.java:logGet(43)) - raft.server.rpc.timeout.max = 1200ms (custom)
2019-06-14 08:43:26,683 INFO  server.RaftServerConfigKeys (ConfUtils.java:logGet(43)) - raft.server.rpcslowness.timeout = 120s (custom)
2019-06-14 08:43:26,683 INFO  server.RaftServerConfigKeys (ConfUtils.java:logGet(43)) - raft.server.log.appender.install.snapshot.enabled = true (default)
2019-06-14 08:43:26,683 INFO  impl.RaftServerImpl (ServerState.java:<init>(101)) - 374189d0-76c5-49d2-81b4-45a4af1368a2:group-30B6692CD68C ConfigurationManager, init=-1: [], old=null, confs=<EMPTY_MAP>
2019-06-14 08:43:26,683 INFO  server.RaftServerConfigKeys (ConfUtils.java:logGet(43)) - raft.server.storage.dir = [/opt/src/hadoop-ozone/integration-test/target/test-dir/MiniOzoneClusterImpl-1994f8b8-dd4d-445c-bf25-0c6d40f9b14d/datanode-0/data/ratis] (custom)
2019-06-14 08:43:26,683 INFO  server.AuthenticationFilter (AuthenticationFilter.java:constructSecretProvider(240)) - Unable to initialize FileSignerSecretProvider, falling back to use random secrets.
2019-06-14 08:43:26,684 WARN  http.HttpRequestLog (HttpRequestLog.java:getRequestLog(97)) - Jetty request log can only be enabled using Log4j
2019-06-14 08:43:26,685 INFO  http.HttpServer2 (HttpServer2.java:addGlobalFilter(975)) - Added global filter 'safety' (class=org.apache.hadoop.http.HttpServer2$QuotingInputFilter)
2019-06-14 08:43:26,685 INFO  commands.RetriableDatanodeEventWatcher (RetriableDatanodeEventWatcher.java:onTimeout(47)) - RetriableDatanodeCommand type=deleteBlocksCommand with id=1560501803578 timed out. Retrying.
2019-06-14 08:43:26,685 INFO  http.HttpServer2 (HttpServer2.java:addFilter(948)) - Added filter static_user_filter (class=org.apache.hadoop.http.lib.StaticUserWebFilter$StaticUserFilter) to context hddsDatanode
2019-06-14 08:43:26,686 INFO  http.HttpServer2 (HttpServer2.java:addFilter(958)) - Added filter static_user_filter (class=org.apache.hadoop.http.lib.StaticUserWebFilter$StaticUserFilter) to context static
2019-06-14 08:43:26,686 INFO  http.HttpServer2 (HttpServer2.java:addFilter(958)) - Added filter static_user_filter (class=org.apache.hadoop.http.lib.StaticUserWebFilter$StaticUserFilter) to context logs
2019-06-14 08:43:26,686 INFO  http.HttpServer2 (HttpServer2.java:bindListener(1191)) - Jetty bound to port 33887
2019-06-14 08:43:26,686 INFO  server.Server (Server.java:doStart(351)) - jetty-9.3.24.v20180605, build timestamp: 2018-06-05T17:11:56Z, git hash: 84205aa28f11a4f31f2a3b86d1bba2cc8ab69827
2019-06-14 08:43:26,688 INFO  handler.ContextHandler (ContextHandler.java:doStart(781)) - Started o.e.j.s.ServletContextHandler@39549f33{/logs,file:///opt/src/hadoop-ozone/integration-test/target/log,AVAILABLE}
2019-06-14 08:43:26,688 INFO  handler.ContextHandler (ContextHandler.java:doStart(781)) - Started o.e.j.s.ServletContextHandler@7a83ccd2{/static,jar:file:/root/.m2/repository/org/apache/hadoop/hadoop-hdds-container-service/0.5.0-SNAPSHOT/hadoop-hdds-container-service-0.5.0-SNAPSHOT.jar!/webapps/static,AVAILABLE}
2019-06-14 08:43:26,694 DEBUG block.SCMBlockDeletingService (SCMBlockDeletingService.java:call(138)) - Running DeletedBlockTransactionScanner
2019-06-14 08:43:26,694 DEBUG block.SCMBlockDeletingService (SCMBlockDeletingService.java:call(155)) - Scanned deleted blocks log and got 3 delTX to process.
2019-06-14 08:43:26,695 DEBUG block.SCMBlockDeletingService (SCMBlockDeletingService.java:call(171)) - Added delete block command for datanode 374189d0-76c5-49d2-81b4-45a4af1368a2 in the queue, number of delete block transactions: 3, TxID list: 1,2,3
2019-06-14 08:43:26,695 INFO  block.SCMBlockDeletingService (SCMBlockDeletingService.java:call(182)) - Totally added 3 delete blocks command for 1 datanodes, task elapsed time: 1ms
2019-06-14 08:43:26,710 INFO  handler.ContextHandler (ContextHandler.java:doStart(781)) - Started o.e.j.w.WebAppContext@626e0c86{/,file:///tmp/jetty-0.0.0.0-33887-hddsDatanode-_-any-1689318470351648020.dir/webapp/,AVAILABLE}{/hddsDatanode}
2019-06-14 08:43:26,711 INFO  server.AbstractConnector (AbstractConnector.java:doStart(278)) - Started ServerConnector@28ee0a3c{HTTP/1.1,[http/1.1]}{0.0.0.0:33887}
2019-06-14 08:43:26,711 INFO  server.Server (Server.java:doStart(419)) - Started @50356ms
2019-06-14 08:43:26,727 INFO  storage.RaftStorageDirectory (RaftStorageDirectory.java:tryLock(328)) - Lock on /opt/src/hadoop-ozone/integration-test/target/test-dir/MiniOzoneClusterImpl-1994f8b8-dd4d-445c-bf25-0c6d40f9b14d/datanode-0/data/ratis/99d0acb8-99ce-4814-8259-30b6692cd68c/in_use.lock acquired by nodename 31537@ozone-rp9nx-1314784558
2019-06-14 08:43:26,730 INFO  ratis.ContainerStateMachine (ContainerStateMachine.java:loadSnapshot(209)) - Setting the last applied index to (t:1, i:7296)
2019-06-14 08:43:26,733 INFO  impl.RaftServerImpl (ServerState.java:setRaftConf(361)) - 374189d0-76c5-49d2-81b4-45a4af1368a2:group-30B6692CD68C set configuration 0: [374189d0-76c5-49d2-81b4-45a4af1368a2:192.168.11.250:39889], old=null at 0
2019-06-14 08:43:26,733 INFO  server.RaftServerConfigKeys (ConfUtils.java:logGet(43)) - raft.server.leader.election.timeout = 120s (custom)
2019-06-14 08:43:26,733 INFO  server.RaftServerConfigKeys (ConfUtils.java:logGet(43)) - raft.server.log.use.memory = false (default)
2019-06-14 08:43:26,733 INFO  server.RaftServerConfigKeys (ConfUtils.java:logGet(43)) - raft.server.log.appender.buffer.byte-limit = 33554432 (custom)
2019-06-14 08:43:26,733 INFO  server.RaftServerConfigKeys (ConfUtils.java:logGet(43)) - raft.server.log.segment.size.max = 16384 (custom)
2019-06-14 08:43:26,733 INFO  server.RaftServerConfigKeys (ConfUtils.java:logGet(43)) - raft.server.log.segment.cache.num.max = 2 (custom)
2019-06-14 08:43:26,733 INFO  storage.RaftLogWorker (RaftLogWorker.java:<init>(123)) - new 374189d0-76c5-49d2-81b4-45a4af1368a2-RaftLogWorker for Storage Directory /opt/src/hadoop-ozone/integration-test/target/test-dir/MiniOzoneClusterImpl-1994f8b8-dd4d-445c-bf25-0c6d40f9b14d/datanode-0/data/ratis/99d0acb8-99ce-4814-8259-30b6692cd68c
2019-06-14 08:43:26,733 INFO  server.RaftServerConfigKeys (ConfUtils.java:logGet(43)) - raft.server.log.queue.byte-limit = 2147483647 (custom)
2019-06-14 08:43:26,733 INFO  server.RaftServerConfigKeys (ConfUtils.java:logGet(43)) - raft.server.log.queue.element-limit = 1024 (custom)
2019-06-14 08:43:26,734 INFO  server.RaftServerConfigKeys (ConfUtils.java:logGet(43)) - raft.server.log.segment.size.max = 16384 (custom)
2019-06-14 08:43:26,734 INFO  server.RaftServerConfigKeys (ConfUtils.java:logGet(43)) - raft.server.log.preallocated.size = 16384 (custom)
2019-06-14 08:43:26,734 INFO  server.RaftServerConfigKeys (ConfUtils.java:logGet(43)) - raft.server.log.write.buffer.size = 33554432 (custom)
2019-06-14 08:43:26,734 INFO  server.RaftServerConfigKeys (ConfUtils.java:logGet(43)) - raft.server.log.force.sync.num = 128 (default)
2019-06-14 08:43:26,734 INFO  server.RaftServerConfigKeys (ConfUtils.java:logGet(43)) - raft.server.log.statemachine.data.sync = true (default)
2019-06-14 08:43:26,734 INFO  server.RaftServerConfigKeys (ConfUtils.java:logGet(43)) - raft.server.log.statemachine.data.sync.timeout = 10s (default)
2019-06-14 08:43:26,734 INFO  server.RaftServerConfigKeys (ConfUtils.java:logGet(43)) - raft.server.log.statemachine.data.sync.timeout.retry = -1 (default)
2019-06-14 08:43:26,734 INFO  server.RaftServerConfigKeys (ConfUtils.java:logGet(43)) - raft.server.log.statemachine.data.caching.enabled = true (custom)
2019-06-14 08:43:26,739 INFO  storage.LogSegment (LogSegment.java:loadSegment(143)) - Successfully read 46 entries from segment file /opt/src/hadoop-ozone/integration-test/target/test-dir/MiniOzoneClusterImpl-1994f8b8-dd4d-445c-bf25-0c6d40f9b14d/datanode-0/data/ratis/99d0acb8-99ce-4814-8259-30b6692cd68c/current/log_inprogress_7252
2019-06-14 08:43:26,744 INFO  server.BaseHttpServer (BaseHttpServer.java:updateConnectorAddress(207)) - HTTP server of HDDSDATANODE is listening at http://0.0.0.0:33887
2019-06-14 08:43:26,766 INFO  commands.RetriableDatanodeEventWatcher (RetriableDatanodeEventWatcher.java:onTimeout(47)) - RetriableDatanodeCommand type=deleteBlocksCommand with id=1560501803559 timed out. Retrying.
2019-06-14 08:43:26,778 INFO  commands.RetriableDatanodeEventWatcher (RetriableDatanodeEventWatcher.java:onTimeout(47)) - RetriableDatanodeCommand type=deleteBlocksCommand with id=1560501803569 timed out. Retrying.
2019-06-14 08:43:26,780 INFO  storage.RaftLog (RaftLog.java:lambda$new$0(59)) - 374189d0-76c5-49d2-81b4-45a4af1368a2: commitIndex: updateToMax old=7296, new=7296, updated? false
2019-06-14 08:43:26,780 INFO  server.RaftServerConfigKeys (ConfUtils.java:logGet(43)) - raft.server.snapshot.auto.trigger.enabled = true (custom)
2019-06-14 08:43:26,781 INFO  server.RaftServerConfigKeys (ConfUtils.java:logGet(43)) - raft.server.snapshot.auto.trigger.threshold = 10000 (custom)
2019-06-14 08:43:26,781 INFO  server.RaftServerConfigKeys (ConfUtils.java:logGet(43)) - raft.server.retrycache.expirytime = 600000ms (custom)
2019-06-14 08:43:26,786 INFO  commands.RetriableDatanodeEventWatcher (RetriableDatanodeEventWatcher.java:onTimeout(47)) - RetriableDatanodeCommand type=deleteBlocksCommand with id=1560501803579 timed out. Retrying.
2019-06-14 08:43:26,795 DEBUG block.SCMBlockDeletingService (SCMBlockDeletingService.java:call(138)) - Running DeletedBlockTransactionScanner
2019-06-14 08:43:26,796 DEBUG block.SCMBlockDeletingService (SCMBlockDeletingService.java:call(155)) - Scanned deleted blocks log and got 3 delTX to process.
2019-06-14 08:43:26,796 DEBUG block.SCMBlockDeletingService (SCMBlockDeletingService.java:call(171)) - Added delete block command for datanode 374189d0-76c5-49d2-81b4-45a4af1368a2 in the queue, number of delete block transactions: 3, TxID list: 1,2,3
2019-06-14 08:43:26,796 INFO  block.SCMBlockDeletingService (SCMBlockDeletingService.java:call(182)) - Totally added 3 delete blocks command for 1 datanodes, task elapsed time: 1ms
2019-06-14 08:43:26,866 INFO  ozone.HddsDatanodeService (HddsDatanodeService.java:startPlugins(396)) - Started plug-in org.apache.hadoop.ozone.web.OzoneHddsDatanodeService@3312f4f4
2019-06-14 08:43:26,866 INFO  ozone.MiniOzoneClusterImpl (MiniOzoneClusterImpl.java:lambda$waitForClusterToBeReady$0(142)) - Waiting for cluster to be ready. Got 0 of 1 DN Heartbeats.
2019-06-14 08:43:26,867 INFO  util.JvmPauseMonitor (JvmPauseMonitor.java:run(188)) - Starting JVM pause monitor
2019-06-14 08:43:26,867 INFO  commands.RetriableDatanodeEventWatcher (RetriableDatanodeEventWatcher.java:onTimeout(47)) - RetriableDatanodeCommand type=deleteBlocksCommand with id=1560501803560 timed out. Retrying.
2019-06-14 08:43:26,879 INFO  commands.RetriableDatanodeEventWatcher (RetriableDatanodeEventWatcher.java:onTimeout(47)) - RetriableDatanodeCommand type=deleteBlocksCommand with id=1560501803570 timed out. Retrying.
2019-06-14 08:43:26,887 INFO  commands.RetriableDatanodeEventWatcher (RetriableDatanodeEventWatcher.java:onTimeout(47)) - RetriableDatanodeCommand type=deleteBlocksCommand with id=1560501803580 timed out. Retrying.
2019-06-14 08:43:26,896 DEBUG block.SCMBlockDeletingService (SCMBlockDeletingService.java:call(138)) - Running DeletedBlockTransactionScanner
2019-06-14 08:43:26,897 DEBUG block.SCMBlockDeletingService (SCMBlockDeletingService.java:call(155)) - Scanned deleted blocks log and got 3 delTX to process.
2019-06-14 08:43:26,897 DEBUG block.SCMBlockDeletingService (SCMBlockDeletingService.java:call(171)) - Added delete block command for datanode 374189d0-76c5-49d2-81b4-45a4af1368a2 in the queue, number of delete block transactions: 3, TxID list: 1,2,3
2019-06-14 08:43:26,897 INFO  block.SCMBlockDeletingService (SCMBlockDeletingService.java:call(182)) - Totally added 3 delete blocks command for 1 datanodes, task elapsed time: 1ms
2019-06-14 08:43:26,968 INFO  commands.RetriableDatanodeEventWatcher (RetriableDatanodeEventWatcher.java:onTimeout(47)) - RetriableDatanodeCommand type=deleteBlocksCommand with id=1560501803561 timed out. Retrying.
2019-06-14 08:43:26,979 INFO  commands.RetriableDatanodeEventWatcher (RetriableDatanodeEventWatcher.java:onTimeout(47)) - RetriableDatanodeCommand type=deleteBlocksCommand with id=1560501803571 timed out. Retrying.
2019-06-14 08:43:26,988 INFO  commands.RetriableDatanodeEventWatcher (RetriableDatanodeEventWatcher.java:onTimeout(47)) - RetriableDatanodeCommand type=deleteBlocksCommand with id=1560501803581 timed out. Retrying.
2019-06-14 08:43:26,997 DEBUG block.SCMBlockDeletingService (SCMBlockDeletingService.java:call(138)) - Running DeletedBlockTransactionScanner
2019-06-14 08:43:26,998 DEBUG block.SCMBlockDeletingService (SCMBlockDeletingService.java:call(155)) - Scanned deleted blocks log and got 3 delTX to process.
2019-06-14 08:43:26,998 DEBUG block.SCMBlockDeletingService (SCMBlockDeletingService.java:call(171)) - Added delete block command for datanode 374189d0-76c5-49d2-81b4-45a4af1368a2 in the queue, number of delete block transactions: 3, TxID list: 1,2,3
2019-06-14 08:43:26,998 INFO  block.SCMBlockDeletingService (SCMBlockDeletingService.java:call(182)) - Totally added 3 delete blocks command for 1 datanodes, task elapsed time: 1ms
2019-06-14 08:43:27,069 INFO  commands.RetriableDatanodeEventWatcher (RetriableDatanodeEventWatcher.java:onTimeout(47)) - RetriableDatanodeCommand type=deleteBlocksCommand with id=1560501803562 timed out. Retrying.
2019-06-14 08:43:27,079 INFO  commands.RetriableDatanodeEventWatcher (RetriableDatanodeEventWatcher.java:onTimeout(47)) - RetriableDatanodeCommand type=deleteBlocksCommand with id=1560501803572 timed out. Retrying.
2019-06-14 08:43:27,088 INFO  commands.RetriableDatanodeEventWatcher (RetriableDatanodeEventWatcher.java:onTimeout(47)) - RetriableDatanodeCommand type=deleteBlocksCommand with id=1560501803582 timed out. Retrying.
2019-06-14 08:43:27,098 DEBUG block.SCMBlockDeletingService (SCMBlockDeletingService.java:call(138)) - Running DeletedBlockTransactionScanner
2019-06-14 08:43:27,099 DEBUG block.SCMBlockDeletingService (SCMBlockDeletingService.java:call(155)) - Scanned deleted blocks log and got 3 delTX to process.
2019-06-14 08:43:27,099 DEBUG block.SCMBlockDeletingService (SCMBlockDeletingService.java:call(171)) - Added delete block command for datanode 374189d0-76c5-49d2-81b4-45a4af1368a2 in the queue, number of delete block transactions: 3, TxID list: 1,2,3
2019-06-14 08:43:27,099 INFO  block.SCMBlockDeletingService (SCMBlockDeletingService.java:call(182)) - Totally added 3 delete blocks command for 1 datanodes, task elapsed time: 1ms
2019-06-14 08:43:27,170 INFO  commands.RetriableDatanodeEventWatcher (RetriableDatanodeEventWatcher.java:onTimeout(47)) - RetriableDatanodeCommand type=deleteBlocksCommand with id=1560501803563 timed out. Retrying.
2019-06-14 08:43:27,180 INFO  commands.RetriableDatanodeEventWatcher (RetriableDatanodeEventWatcher.java:onTimeout(47)) - RetriableDatanodeCommand type=deleteBlocksCommand with id=1560501803573 timed out. Retrying.
2019-06-14 08:43:27,189 INFO  commands.RetriableDatanodeEventWatcher (RetriableDatanodeEventWatcher.java:onTimeout(47)) - RetriableDatanodeCommand type=deleteBlocksCommand with id=1560501803583 timed out. Retrying.
2019-06-14 08:43:27,200 DEBUG block.SCMBlockDeletingService (SCMBlockDeletingService.java:call(138)) - Running DeletedBlockTransactionScanner
2019-06-14 08:43:27,200 DEBUG block.SCMBlockDeletingService (SCMBlockDeletingService.java:call(155)) - Scanned deleted blocks log and got 3 delTX to process.
2019-06-14 08:43:27,200 DEBUG block.SCMBlockDeletingService (SCMBlockDeletingService.java:call(171)) - Added delete block command for datanode 374189d0-76c5-49d2-81b4-45a4af1368a2 in the queue, number of delete block transactions: 3, TxID list: 1,2,3
2019-06-14 08:43:27,200 INFO  block.SCMBlockDeletingService (SCMBlockDeletingService.java:call(182)) - Totally added 3 delete blocks command for 1 datanodes, task elapsed time: 0ms
2019-06-14 08:43:27,273 INFO  commands.RetriableDatanodeEventWatcher (RetriableDatanodeEventWatcher.java:onTimeout(47)) - RetriableDatanodeCommand type=deleteBlocksCommand with id=1560501803564 timed out. Retrying.
2019-06-14 08:43:27,281 INFO  commands.RetriableDatanodeEventWatcher (RetriableDatanodeEventWatcher.java:onTimeout(47)) - RetriableDatanodeCommand type=deleteBlocksCommand with id=1560501803574 timed out. Retrying.
2019-06-14 08:43:27,290 INFO  commands.RetriableDatanodeEventWatcher (RetriableDatanodeEventWatcher.java:onTimeout(47)) - RetriableDatanodeCommand type=deleteBlocksCommand with id=1560501803584 timed out. Retrying.
2019-06-14 08:43:27,301 DEBUG block.SCMBlockDeletingService (SCMBlockDeletingService.java:call(138)) - Running DeletedBlockTransactionScanner
2019-06-14 08:43:27,301 DEBUG block.SCMBlockDeletingService (SCMBlockDeletingService.java:call(155)) - Scanned deleted blocks log and got 3 delTX to process.
2019-06-14 08:43:27,301 DEBUG block.SCMBlockDeletingService (SCMBlockDeletingService.java:call(171)) - Added delete block command for datanode 374189d0-76c5-49d2-81b4-45a4af1368a2 in the queue, number of delete block transactions: 3, TxID list: 1,2,3
2019-06-14 08:43:27,301 INFO  block.SCMBlockDeletingService (SCMBlockDeletingService.java:call(182)) - Totally added 3 delete blocks command for 1 datanodes, task elapsed time: 0ms
2019-06-14 08:43:27,375 INFO  commands.RetriableDatanodeEventWatcher (RetriableDatanodeEventWatcher.java:onTimeout(47)) - RetriableDatanodeCommand type=deleteBlocksCommand with id=1560501803565 timed out. Retrying.
2019-06-14 08:43:27,382 INFO  commands.RetriableDatanodeEventWatcher (RetriableDatanodeEventWatcher.java:onTimeout(47)) - RetriableDatanodeCommand type=deleteBlocksCommand with id=1560501803575 timed out. Retrying.
2019-06-14 08:43:27,391 INFO  commands.RetriableDatanodeEventWatcher (RetriableDatanodeEventWatcher.java:onTimeout(47)) - RetriableDatanodeCommand type=deleteBlocksCommand with id=1560501803585 timed out. Retrying.
2019-06-14 08:43:27,401 DEBUG block.SCMBlockDeletingService (SCMBlockDeletingService.java:call(138)) - Running DeletedBlockTransactionScanner
2019-06-14 08:43:27,402 DEBUG block.SCMBlockDeletingService (SCMBlockDeletingService.java:call(155)) - Scanned deleted blocks log and got 3 delTX to process.
2019-06-14 08:43:27,402 DEBUG block.SCMBlockDeletingService (SCMBlockDeletingService.java:call(171)) - Added delete block command for datanode 374189d0-76c5-49d2-81b4-45a4af1368a2 in the queue, number of delete block transactions: 3, TxID list: 1,2,3
2019-06-14 08:43:27,402 INFO  block.SCMBlockDeletingService (SCMBlockDeletingService.java:call(182)) - Totally added 3 delete blocks command for 1 datanodes, task elapsed time: 0ms
2019-06-14 08:43:27,474 INFO  commands.RetriableDatanodeEventWatcher (RetriableDatanodeEventWatcher.java:onTimeout(47)) - RetriableDatanodeCommand type=deleteBlocksCommand with id=1560501803566 timed out. Retrying.
2019-06-14 08:43:27,484 INFO  commands.RetriableDatanodeEventWatcher (RetriableDatanodeEventWatcher.java:onTimeout(47)) - RetriableDatanodeCommand type=deleteBlocksCommand with id=1560501803576 timed out. Retrying.
2019-06-14 08:43:27,492 INFO  commands.RetriableDatanodeEventWatcher (RetriableDatanodeEventWatcher.java:onTimeout(47)) - RetriableDatanodeCommand type=deleteBlocksCommand with id=1560501803586 timed out. Retrying.
2019-06-14 08:43:27,502 DEBUG block.SCMBlockDeletingService (SCMBlockDeletingService.java:call(138)) - Running DeletedBlockTransactionScanner
2019-06-14 08:43:27,503 DEBUG block.SCMBlockDeletingService (SCMBlockDeletingService.java:call(155)) - Scanned deleted blocks log and got 3 delTX to process.
2019-06-14 08:43:27,503 DEBUG block.SCMBlockDeletingService (SCMBlockDeletingService.java:call(171)) - Added delete block command for datanode 374189d0-76c5-49d2-81b4-45a4af1368a2 in the queue, number of delete block transactions: 3, TxID list: 1,2,3
2019-06-14 08:43:27,503 INFO  block.SCMBlockDeletingService (SCMBlockDeletingService.java:call(182)) - Totally added 3 delete blocks command for 1 datanodes, task elapsed time: 1ms
2019-06-14 08:43:27,559 INFO  commands.RetriableDatanodeEventWatcher (RetriableDatanodeEventWatcher.java:onTimeout(47)) - RetriableDatanodeCommand type=deleteBlocksCommand with id=1560501803557 timed out. Retrying.
2019-06-14 08:43:27,575 INFO  commands.RetriableDatanodeEventWatcher (RetriableDatanodeEventWatcher.java:onTimeout(47)) - RetriableDatanodeCommand type=deleteBlocksCommand with id=1560501803567 timed out. Retrying.
2019-06-14 08:43:27,584 INFO  commands.RetriableDatanodeEventWatcher (RetriableDatanodeEventWatcher.java:onTimeout(47)) - RetriableDatanodeCommand type=deleteBlocksCommand with id=1560501803577 timed out. Retrying.
2019-06-14 08:43:27,593 INFO  commands.RetriableDatanodeEventWatcher (RetriableDatanodeEventWatcher.java:onTimeout(47)) - RetriableDatanodeCommand type=deleteBlocksCommand with id=1560501803587 timed out. Retrying.
2019-06-14 08:43:27,603 DEBUG block.SCMBlockDeletingService (SCMBlockDeletingService.java:call(138)) - Running DeletedBlockTransactionScanner
2019-06-14 08:43:27,603 DEBUG block.SCMBlockDeletingService (SCMBlockDeletingService.java:call(155)) - Scanned deleted blocks log and got 3 delTX to process.
2019-06-14 08:43:27,604 DEBUG block.SCMBlockDeletingService (SCMBlockDeletingService.java:call(171)) - Added delete block command for datanode 374189d0-76c5-49d2-81b4-45a4af1368a2 in the queue, number of delete block transactions: 3, TxID list: 1,2,3
2019-06-14 08:43:27,604 INFO  block.SCMBlockDeletingService (SCMBlockDeletingService.java:call(182)) - Totally added 3 delete blocks command for 1 datanodes, task elapsed time: 1ms
2019-06-14 08:43:27,668 INFO  commands.RetriableDatanodeEventWatcher (RetriableDatanodeEventWatcher.java:onTimeout(47)) - RetriableDatanodeCommand type=deleteBlocksCommand with id=1560501803558 timed out. Retrying.
2019-06-14 08:43:27,676 INFO  commands.RetriableDatanodeEventWatcher (RetriableDatanodeEventWatcher.java:onTimeout(47)) - RetriableDatanodeCommand type=deleteBlocksCommand with id=1560501803568 timed out. Retrying.
2019-06-14 08:43:27,685 INFO  commands.RetriableDatanodeEventWatcher (RetriableDatanodeEventWatcher.java:onTimeout(47)) - RetriableDatanodeCommand type=deleteBlocksCommand with id=1560501803578 timed out. Retrying.
2019-06-14 08:43:27,694 INFO  commands.RetriableDatanodeEventWatcher (RetriableDatanodeEventWatcher.java:onTimeout(47)) - RetriableDatanodeCommand type=deleteBlocksCommand with id=1560501803588 timed out. Retrying.
2019-06-14 08:43:27,704 DEBUG block.SCMBlockDeletingService (SCMBlockDeletingService.java:call(138)) - Running DeletedBlockTransactionScanner
2019-06-14 08:43:27,704 DEBUG block.SCMBlockDeletingService (SCMBlockDeletingService.java:call(155)) - Scanned deleted blocks log and got 3 delTX to process.
2019-06-14 08:43:27,704 DEBUG block.SCMBlockDeletingService (SCMBlockDeletingService.java:call(171)) - Added delete block command for datanode 374189d0-76c5-49d2-81b4-45a4af1368a2 in the queue, number of delete block transactions: 3, TxID list: 1,2,3
2019-06-14 08:43:27,705 INFO  block.SCMBlockDeletingService (SCMBlockDeletingService.java:call(182)) - Totally added 3 delete blocks command for 1 datanodes, task elapsed time: 1ms
2019-06-14 08:43:27,768 INFO  commands.RetriableDatanodeEventWatcher (RetriableDatanodeEventWatcher.java:onTimeout(47)) - RetriableDatanodeCommand type=deleteBlocksCommand with id=1560501803559 timed out. Retrying.
2019-06-14 08:43:27,778 INFO  commands.RetriableDatanodeEventWatcher (RetriableDatanodeEventWatcher.java:onTimeout(47)) - RetriableDatanodeCommand type=deleteBlocksCommand with id=1560501803569 timed out. Retrying.
2019-06-14 08:43:27,787 INFO  commands.RetriableDatanodeEventWatcher (RetriableDatanodeEventWatcher.java:onTimeout(47)) - RetriableDatanodeCommand type=deleteBlocksCommand with id=1560501803579 timed out. Retrying.
2019-06-14 08:43:27,796 INFO  commands.RetriableDatanodeEventWatcher (RetriableDatanodeEventWatcher.java:onTimeout(47)) - RetriableDatanodeCommand type=deleteBlocksCommand with id=1560501803589 timed out. Retrying.
2019-06-14 08:43:27,805 DEBUG block.SCMBlockDeletingService (SCMBlockDeletingService.java:call(138)) - Running DeletedBlockTransactionScanner
2019-06-14 08:43:27,805 DEBUG block.SCMBlockDeletingService (SCMBlockDeletingService.java:call(155)) - Scanned deleted blocks log and got 3 delTX to process.
2019-06-14 08:43:27,805 DEBUG block.SCMBlockDeletingService (SCMBlockDeletingService.java:call(171)) - Added delete block command for datanode 374189d0-76c5-49d2-81b4-45a4af1368a2 in the queue, number of delete block transactions: 3, TxID list: 1,2,3
2019-06-14 08:43:27,806 INFO  block.SCMBlockDeletingService (SCMBlockDeletingService.java:call(182)) - Totally added 3 delete blocks command for 1 datanodes, task elapsed time: 1ms
2019-06-14 08:43:27,866 INFO  ozone.MiniOzoneClusterImpl (MiniOzoneClusterImpl.java:lambda$waitForClusterToBeReady$0(142)) - Waiting for cluster to be ready. Got 0 of 1 DN Heartbeats.
2019-06-14 08:43:27,867 INFO  commands.RetriableDatanodeEventWatcher (RetriableDatanodeEventWatcher.java:onTimeout(47)) - RetriableDatanodeCommand type=deleteBlocksCommand with id=1560501803560 timed out. Retrying.
2019-06-14 08:43:27,880 INFO  commands.RetriableDatanodeEventWatcher (RetriableDatanodeEventWatcher.java:onTimeout(47)) - RetriableDatanodeCommand type=deleteBlocksCommand with id=1560501803570 timed out. Retrying.
2019-06-14 08:43:27,887 INFO  commands.RetriableDatanodeEventWatcher (RetriableDatanodeEventWatcher.java:onTimeout(47)) - RetriableDatanodeCommand type=deleteBlocksCommand with id=1560501803580 timed out. Retrying.
2019-06-14 08:43:27,897 INFO  commands.RetriableDatanodeEventWatcher (RetriableDatanodeEventWatcher.java:onTimeout(47)) - RetriableDatanodeCommand type=deleteBlocksCommand with id=1560501803590 timed out. Retrying.
2019-06-14 08:43:27,906 DEBUG block.SCMBlockDeletingService (SCMBlockDeletingService.java:call(138)) - Running DeletedBlockTransactionScanner
2019-06-14 08:43:27,906 DEBUG block.SCMBlockDeletingService (SCMBlockDeletingService.java:call(155)) - Scanned deleted blocks log and got 3 delTX to process.
2019-06-14 08:43:27,906 DEBUG block.SCMBlockDeletingService (SCMBlockDeletingService.java:call(171)) - Added delete block command for datanode 374189d0-76c5-49d2-81b4-45a4af1368a2 in the queue, number of delete block transactions: 3, TxID list: 1,2,3
2019-06-14 08:43:27,907 INFO  block.SCMBlockDeletingService (SCMBlockDeletingService.java:call(182)) - Totally added 3 delete blocks command for 1 datanodes, task elapsed time: 1ms
2019-06-14 08:43:27,969 INFO  commands.RetriableDatanodeEventWatcher (RetriableDatanodeEventWatcher.java:onTimeout(47)) - RetriableDatanodeCommand type=deleteBlocksCommand with id=1560501803561 timed out. Retrying.
2019-06-14 08:43:27,980 INFO  commands.RetriableDatanodeEventWatcher (RetriableDatanodeEventWatcher.java:onTimeout(47)) - RetriableDatanodeCommand type=deleteBlocksCommand with id=1560501803571 timed out. Retrying.
2019-06-14 08:43:27,988 INFO  commands.RetriableDatanodeEventWatcher (RetriableDatanodeEventWatcher.java:onTimeout(47)) - RetriableDatanodeCommand type=deleteBlocksCommand with id=1560501803581 timed out. Retrying.
2019-06-14 08:43:27,998 INFO  commands.RetriableDatanodeEventWatcher (RetriableDatanodeEventWatcher.java:onTimeout(47)) - RetriableDatanodeCommand type=deleteBlocksCommand with id=1560501803591 timed out. Retrying.
2019-06-14 08:43:28,007 DEBUG block.SCMBlockDeletingService (SCMBlockDeletingService.java:call(138)) - Running DeletedBlockTransactionScanner
2019-06-14 08:43:28,007 DEBUG block.SCMBlockDeletingService (SCMBlockDeletingService.java:call(155)) - Scanned deleted blocks log and got 3 delTX to process.
2019-06-14 08:43:28,007 DEBUG block.SCMBlockDeletingService (SCMBlockDeletingService.java:call(171)) - Added delete block command for datanode 374189d0-76c5-49d2-81b4-45a4af1368a2 in the queue, number of delete block transactions: 3, TxID list: 1,2,3
2019-06-14 08:43:28,007 INFO  block.SCMBlockDeletingService (SCMBlockDeletingService.java:call(182)) - Totally added 3 delete blocks command for 1 datanodes, task elapsed time: 0ms
2019-06-14 08:43:28,069 INFO  commands.RetriableDatanodeEventWatcher (RetriableDatanodeEventWatcher.java:onTimeout(47)) - RetriableDatanodeCommand type=deleteBlocksCommand with id=1560501803562 timed out. Retrying.
2019-06-14 08:43:28,080 INFO  commands.RetriableDatanodeEventWatcher (RetriableDatanodeEventWatcher.java:onTimeout(47)) - RetriableDatanodeCommand type=deleteBlocksCommand with id=1560501803572 timed out. Retrying.
2019-06-14 08:43:28,088 INFO  commands.RetriableDatanodeEventWatcher (RetriableDatanodeEventWatcher.java:onTimeout(47)) - RetriableDatanodeCommand type=deleteBlocksCommand with id=1560501803582 timed out. Retrying.
2019-06-14 08:43:28,099 INFO  commands.RetriableDatanodeEventWatcher (RetriableDatanodeEventWatcher.java:onTimeout(47)) - RetriableDatanodeCommand type=deleteBlocksCommand with id=1560501803592 timed out. Retrying.
2019-06-14 08:43:28,108 DEBUG block.SCMBlockDeletingService (SCMBlockDeletingService.java:call(138)) - Running DeletedBlockTransactionScanner
2019-06-14 08:43:28,108 DEBUG block.SCMBlockDeletingService (SCMBlockDeletingService.java:call(155)) - Scanned deleted blocks log and got 3 delTX to process.
2019-06-14 08:43:28,108 DEBUG block.SCMBlockDeletingService (SCMBlockDeletingService.java:call(171)) - Added delete block command for datanode 374189d0-76c5-49d2-81b4-45a4af1368a2 in the queue, number of delete block transactions: 3, TxID list: 1,2,3
2019-06-14 08:43:28,108 INFO  block.SCMBlockDeletingService (SCMBlockDeletingService.java:call(182)) - Totally added 3 delete blocks command for 1 datanodes, task elapsed time: 0ms
2019-06-14 08:43:28,170 INFO  commands.RetriableDatanodeEventWatcher (RetriableDatanodeEventWatcher.java:onTimeout(47)) - RetriableDatanodeCommand type=deleteBlocksCommand with id=1560501803563 timed out. Retrying.
2019-06-14 08:43:28,181 INFO  commands.RetriableDatanodeEventWatcher (RetriableDatanodeEventWatcher.java:onTimeout(47)) - RetriableDatanodeCommand type=deleteBlocksCommand with id=1560501803573 timed out. Retrying.
2019-06-14 08:43:28,189 INFO  commands.RetriableDatanodeEventWatcher (RetriableDatanodeEventWatcher.java:onTimeout(47)) - RetriableDatanodeCommand type=deleteBlocksCommand with id=1560501803583 timed out. Retrying.
2019-06-14 08:43:28,200 INFO  commands.RetriableDatanodeEventWatcher (RetriableDatanodeEventWatcher.java:onTimeout(47)) - RetriableDatanodeCommand type=deleteBlocksCommand with id=1560501803593 timed out. Retrying.
2019-06-14 08:43:28,208 DEBUG block.SCMBlockDeletingService (SCMBlockDeletingService.java:call(138)) - Running DeletedBlockTransactionScanner
2019-06-14 08:43:28,209 DEBUG block.SCMBlockDeletingService (SCMBlockDeletingService.java:call(155)) - Scanned deleted blocks log and got 3 delTX to process.
2019-06-14 08:43:28,209 DEBUG block.SCMBlockDeletingService (SCMBlockDeletingService.java:call(171)) - Added delete block command for datanode 374189d0-76c5-49d2-81b4-45a4af1368a2 in the queue, number of delete block transactions: 3, TxID list: 1,2,3
2019-06-14 08:43:28,209 INFO  block.SCMBlockDeletingService (SCMBlockDeletingService.java:call(182)) - Totally added 3 delete blocks command for 1 datanodes, task elapsed time: 0ms
2019-06-14 08:43:28,274 INFO  commands.RetriableDatanodeEventWatcher (RetriableDatanodeEventWatcher.java:onTimeout(47)) - RetriableDatanodeCommand type=deleteBlocksCommand with id=1560501803564 timed out. Retrying.
2019-06-14 08:43:28,281 INFO  commands.RetriableDatanodeEventWatcher (RetriableDatanodeEventWatcher.java:onTimeout(47)) - RetriableDatanodeCommand type=deleteBlocksCommand with id=1560501803574 timed out. Retrying.
2019-06-14 08:43:28,290 INFO  commands.RetriableDatanodeEventWatcher (RetriableDatanodeEventWatcher.java:onTimeout(47)) - RetriableDatanodeCommand type=deleteBlocksCommand with id=1560501803584 timed out. Retrying.
2019-06-14 08:43:28,301 INFO  commands.RetriableDatanodeEventWatcher (RetriableDatanodeEventWatcher.java:onTimeout(47)) - RetriableDatanodeCommand type=deleteBlocksCommand with id=1560501803594 timed out. Retrying.
2019-06-14 08:43:28,309 DEBUG block.SCMBlockDeletingService (SCMBlockDeletingService.java:call(138)) - Running DeletedBlockTransactionScanner
2019-06-14 08:43:28,309 DEBUG block.SCMBlockDeletingService (SCMBlockDeletingService.java:call(155)) - Scanned deleted blocks log and got 3 delTX to process.
2019-06-14 08:43:28,310 DEBUG block.SCMBlockDeletingService (SCMBlockDeletingService.java:call(171)) - Added delete block command for datanode 374189d0-76c5-49d2-81b4-45a4af1368a2 in the queue, number of delete block transactions: 3, TxID list: 1,2,3
2019-06-14 08:43:28,310 INFO  block.SCMBlockDeletingService (SCMBlockDeletingService.java:call(182)) - Totally added 3 delete blocks command for 1 datanodes, task elapsed time: 1ms
2019-06-14 08:43:28,375 INFO  commands.RetriableDatanodeEventWatcher (RetriableDatanodeEventWatcher.java:onTimeout(47)) - RetriableDatanodeCommand type=deleteBlocksCommand with id=1560501803565 timed out. Retrying.
2019-06-14 08:43:28,382 INFO  commands.RetriableDatanodeEventWatcher (RetriableDatanodeEventWatcher.java:onTimeout(47)) - RetriableDatanodeCommand type=deleteBlocksCommand with id=1560501803575 timed out. Retrying.
2019-06-14 08:43:28,391 INFO  commands.RetriableDatanodeEventWatcher (RetriableDatanodeEventWatcher.java:onTimeout(47)) - RetriableDatanodeCommand type=deleteBlocksCommand with id=1560501803585 timed out. Retrying.
2019-06-14 08:43:28,402 INFO  commands.RetriableDatanodeEventWatcher (RetriableDatanodeEventWatcher.java:onTimeout(47)) - RetriableDatanodeCommand type=deleteBlocksCommand with id=1560501803595 timed out. Retrying.
2019-06-14 08:43:28,410 DEBUG block.SCMBlockDeletingService (SCMBlockDeletingService.java:call(138)) - Running DeletedBlockTransactionScanner
2019-06-14 08:43:28,410 DEBUG block.SCMBlockDeletingService (SCMBlockDeletingService.java:call(155)) - Scanned deleted blocks log and got 3 delTX to process.
2019-06-14 08:43:28,411 DEBUG block.SCMBlockDeletingService (SCMBlockDeletingService.java:call(171)) - Added delete block command for datanode 374189d0-76c5-49d2-81b4-45a4af1368a2 in the queue, number of delete block transactions: 3, TxID list: 1,2,3
2019-06-14 08:43:28,411 INFO  block.SCMBlockDeletingService (SCMBlockDeletingService.java:call(182)) - Totally added 3 delete blocks command for 1 datanodes, task elapsed time: 1ms
2019-06-14 08:43:28,474 INFO  commands.RetriableDatanodeEventWatcher (RetriableDatanodeEventWatcher.java:onTimeout(47)) - RetriableDatanodeCommand type=deleteBlocksCommand with id=1560501803566 timed out. Retrying.
2019-06-14 08:43:28,484 INFO  commands.RetriableDatanodeEventWatcher (RetriableDatanodeEventWatcher.java:onTimeout(47)) - RetriableDatanodeCommand type=deleteBlocksCommand with id=1560501803576 timed out. Retrying.
2019-06-14 08:43:28,492 INFO  commands.RetriableDatanodeEventWatcher (RetriableDatanodeEventWatcher.java:onTimeout(47)) - RetriableDatanodeCommand type=deleteBlocksCommand with id=1560501803586 timed out. Retrying.
2019-06-14 08:43:28,503 INFO  commands.RetriableDatanodeEventWatcher (RetriableDatanodeEventWatcher.java:onTimeout(47)) - RetriableDatanodeCommand type=deleteBlocksCommand with id=1560501803596 timed out. Retrying.
2019-06-14 08:43:28,511 DEBUG block.SCMBlockDeletingService (SCMBlockDeletingService.java:call(138)) - Running DeletedBlockTransactionScanner
2019-06-14 08:43:28,511 DEBUG block.SCMBlockDeletingService (SCMBlockDeletingService.java:call(155)) - Scanned deleted blocks log and got 3 delTX to process.
2019-06-14 08:43:28,511 DEBUG block.SCMBlockDeletingService (SCMBlockDeletingService.java:call(171)) - Added delete block command for datanode 374189d0-76c5-49d2-81b4-45a4af1368a2 in the queue, number of delete block transactions: 3, TxID list: 1,2,3
2019-06-14 08:43:28,512 INFO  block.SCMBlockDeletingService (SCMBlockDeletingService.java:call(182)) - Totally added 3 delete blocks command for 1 datanodes, task elapsed time: 1ms
2019-06-14 08:43:28,559 INFO  commands.RetriableDatanodeEventWatcher (RetriableDatanodeEventWatcher.java:onTimeout(47)) - RetriableDatanodeCommand type=deleteBlocksCommand with id=1560501803557 timed out. Retrying.
2019-06-14 08:43:28,576 INFO  commands.RetriableDatanodeEventWatcher (RetriableDatanodeEventWatcher.java:onTimeout(47)) - RetriableDatanodeCommand type=deleteBlocksCommand with id=1560501803567 timed out. Retrying.
2019-06-14 08:43:28,584 INFO  commands.RetriableDatanodeEventWatcher (RetriableDatanodeEventWatcher.java:onTimeout(47)) - RetriableDatanodeCommand type=deleteBlocksCommand with id=1560501803577 timed out. Retrying.
2019-06-14 08:43:28,593 INFO  commands.RetriableDatanodeEventWatcher (RetriableDatanodeEventWatcher.java:onTimeout(47)) - RetriableDatanodeCommand type=deleteBlocksCommand with id=1560501803587 timed out. Retrying.
2019-06-14 08:43:28,604 INFO  commands.RetriableDatanodeEventWatcher (RetriableDatanodeEventWatcher.java:onTimeout(47)) - RetriableDatanodeCommand type=deleteBlocksCommand with id=1560501803597 timed out. Retrying.
2019-06-14 08:43:28,612 DEBUG block.SCMBlockDeletingService (SCMBlockDeletingService.java:call(138)) - Running DeletedBlockTransactionScanner
2019-06-14 08:43:28,612 DEBUG block.SCMBlockDeletingService (SCMBlockDeletingService.java:call(155)) - Scanned deleted blocks log and got 3 delTX to process.
2019-06-14 08:43:28,612 DEBUG block.SCMBlockDeletingService (SCMBlockDeletingService.java:call(171)) - Added delete block command for datanode 374189d0-76c5-49d2-81b4-45a4af1368a2 in the queue, number of delete block transactions: 3, TxID list: 1,2,3
2019-06-14 08:43:28,612 INFO  block.SCMBlockDeletingService (SCMBlockDeletingService.java:call(182)) - Totally added 3 delete blocks command for 1 datanodes, task elapsed time: 0ms
2019-06-14 08:43:28,668 INFO  commands.RetriableDatanodeEventWatcher (RetriableDatanodeEventWatcher.java:onTimeout(47)) - RetriableDatanodeCommand type=deleteBlocksCommand with id=1560501803558 timed out. Retrying.
2019-06-14 08:43:28,677 INFO  commands.RetriableDatanodeEventWatcher (RetriableDatanodeEventWatcher.java:onTimeout(47)) - RetriableDatanodeCommand type=deleteBlocksCommand with id=1560501803568 timed out. Retrying.
2019-06-14 08:43:28,685 INFO  commands.RetriableDatanodeEventWatcher (RetriableDatanodeEventWatcher.java:onTimeout(47)) - RetriableDatanodeCommand type=deleteBlocksCommand with id=1560501803578 timed out. Retrying.
2019-06-14 08:43:28,694 INFO  commands.RetriableDatanodeEventWatcher (RetriableDatanodeEventWatcher.java:onTimeout(47)) - RetriableDatanodeCommand type=deleteBlocksCommand with id=1560501803588 timed out. Retrying.
2019-06-14 08:43:28,704 INFO  commands.RetriableDatanodeEventWatcher (RetriableDatanodeEventWatcher.java:onTimeout(47)) - RetriableDatanodeCommand type=deleteBlocksCommand with id=1560501803598 timed out. Retrying.
2019-06-14 08:43:28,712 DEBUG block.SCMBlockDeletingService (SCMBlockDeletingService.java:call(138)) - Running DeletedBlockTransactionScanner
2019-06-14 08:43:28,713 DEBUG block.SCMBlockDeletingService (SCMBlockDeletingService.java:call(155)) - Scanned deleted blocks log and got 3 delTX to process.
2019-06-14 08:43:28,713 DEBUG block.SCMBlockDeletingService (SCMBlockDeletingService.java:call(171)) - Added delete block command for datanode 374189d0-76c5-49d2-81b4-45a4af1368a2 in the queue, number of delete block transactions: 3, TxID list: 1,2,3
2019-06-14 08:43:28,713 INFO  block.SCMBlockDeletingService (SCMBlockDeletingService.java:call(182)) - Totally added 3 delete blocks command for 1 datanodes, task elapsed time: 0ms
2019-06-14 08:43:28,768 INFO  commands.RetriableDatanodeEventWatcher (RetriableDatanodeEventWatcher.java:onTimeout(47)) - RetriableDatanodeCommand type=deleteBlocksCommand with id=1560501803559 timed out. Retrying.
2019-06-14 08:43:28,778 INFO  commands.RetriableDatanodeEventWatcher (RetriableDatanodeEventWatcher.java:onTimeout(47)) - RetriableDatanodeCommand type=deleteBlocksCommand with id=1560501803569 timed out. Retrying.
2019-06-14 08:43:28,788 INFO  commands.RetriableDatanodeEventWatcher (RetriableDatanodeEventWatcher.java:onTimeout(47)) - RetriableDatanodeCommand type=deleteBlocksCommand with id=1560501803579 timed out. Retrying.
2019-06-14 08:43:28,796 INFO  commands.RetriableDatanodeEventWatcher (RetriableDatanodeEventWatcher.java:onTimeout(47)) - RetriableDatanodeCommand type=deleteBlocksCommand with id=1560501803589 timed out. Retrying.
2019-06-14 08:43:28,805 INFO  commands.RetriableDatanodeEventWatcher (RetriableDatanodeEventWatcher.java:onTimeout(47)) - RetriableDatanodeCommand type=deleteBlocksCommand with id=1560501803599 timed out. Retrying.
2019-06-14 08:43:28,813 DEBUG block.SCMBlockDeletingService (SCMBlockDeletingService.java:call(138)) - Running DeletedBlockTransactionScanner
2019-06-14 08:43:28,814 DEBUG block.SCMBlockDeletingService (SCMBlockDeletingService.java:call(155)) - Scanned deleted blocks log and got 3 delTX to process.
2019-06-14 08:43:28,814 DEBUG block.SCMBlockDeletingService (SCMBlockDeletingService.java:call(171)) - Added delete block command for datanode 374189d0-76c5-49d2-81b4-45a4af1368a2 in the queue, number of delete block transactions: 3, TxID list: 1,2,3
2019-06-14 08:43:28,814 INFO  block.SCMBlockDeletingService (SCMBlockDeletingService.java:call(182)) - Totally added 3 delete blocks command for 1 datanodes, task elapsed time: 0ms
2019-06-14 08:43:28,866 INFO  ozone.MiniOzoneClusterImpl (MiniOzoneClusterImpl.java:lambda$waitForClusterToBeReady$0(142)) - Waiting for cluster to be ready. Got 0 of 1 DN Heartbeats.
2019-06-14 08:43:28,868 INFO  commands.RetriableDatanodeEventWatcher (RetriableDatanodeEventWatcher.java:onTimeout(47)) - RetriableDatanodeCommand type=deleteBlocksCommand with id=1560501803560 timed out. Retrying.
2019-06-14 08:43:28,868 INFO  ozoneimpl.OzoneContainer (OzoneContainer.java:start(186)) - Attempting to start container services.
2019-06-14 08:43:28,869 INFO  ozoneimpl.OzoneContainer (OzoneContainer.java:startContainerScrub(160)) - Background container scrubber has been disabled by hdds.containerscrub.enabled
2019-06-14 08:43:28,869 INFO  ratis.XceiverServerRatis (XceiverServerRatis.java:start(418)) - Starting XceiverServerRatis 374189d0-76c5-49d2-81b4-45a4af1368a2 at port 39889
2019-06-14 08:43:28,873 INFO  impl.RaftServerImpl (RaftServerImpl.java:start(173)) - 374189d0-76c5-49d2-81b4-45a4af1368a2: start group-30B6692CD68C
2019-06-14 08:43:28,874 INFO  impl.RaftServerImpl (RaftServerImpl.java:setRole(164)) - 374189d0-76c5-49d2-81b4-45a4af1368a2:group-30B6692CD68C changes role from null to FOLLOWER at term 1 for startAsFollower
2019-06-14 08:43:28,874 INFO  impl.RoleInfo (RoleInfo.java:updateAndGet(143)) - 374189d0-76c5-49d2-81b4-45a4af1368a2: start FollowerState
2019-06-14 08:43:28,874 INFO  util.JmxRegister (JmxRegister.java:tryRegister(44)) - Successfully registered JMX Bean with object name Ratis:service=RaftServer,group=group-30B6692CD68C,id=374189d0-76c5-49d2-81b4-45a4af1368a2
2019-06-14 08:43:28,875 INFO  impl.RaftServerProxy (RaftServerProxy.java:lambda$start$3(299)) - 374189d0-76c5-49d2-81b4-45a4af1368a2: start RPC server
2019-06-14 08:43:28,877 INFO  server.GrpcService (GrpcService.java:startImpl(148)) - 374189d0-76c5-49d2-81b4-45a4af1368a2: GrpcService started, listening on 0.0.0.0/0.0.0.0:39889
2019-06-14 08:43:28,880 INFO  commands.RetriableDatanodeEventWatcher (RetriableDatanodeEventWatcher.java:onTimeout(47)) - RetriableDatanodeCommand type=deleteBlocksCommand with id=1560501803570 timed out. Retrying.
2019-06-14 08:43:28,887 INFO  commands.RetriableDatanodeEventWatcher (RetriableDatanodeEventWatcher.java:onTimeout(47)) - RetriableDatanodeCommand type=deleteBlocksCommand with id=1560501803580 timed out. Retrying.
2019-06-14 08:43:28,898 INFO  commands.RetriableDatanodeEventWatcher (RetriableDatanodeEventWatcher.java:onTimeout(47)) - RetriableDatanodeCommand type=deleteBlocksCommand with id=1560501803590 timed out. Retrying.
2019-06-14 08:43:28,906 INFO  commands.RetriableDatanodeEventWatcher (RetriableDatanodeEventWatcher.java:onTimeout(47)) - RetriableDatanodeCommand type=deleteBlocksCommand with id=1560501803600 timed out. Retrying.
2019-06-14 08:43:28,914 DEBUG block.SCMBlockDeletingService (SCMBlockDeletingService.java:call(138)) - Running DeletedBlockTransactionScanner
2019-06-14 08:43:28,915 DEBUG block.SCMBlockDeletingService (SCMBlockDeletingService.java:call(155)) - Scanned deleted blocks log and got 3 delTX to process.
2019-06-14 08:43:28,915 DEBUG block.SCMBlockDeletingService (SCMBlockDeletingService.java:call(171)) - Added delete block command for datanode 374189d0-76c5-49d2-81b4-45a4af1368a2 in the queue, number of delete block transactions: 3, TxID list: 1,2,3
2019-06-14 08:43:28,915 INFO  block.SCMBlockDeletingService (SCMBlockDeletingService.java:call(182)) - Totally added 3 delete blocks command for 1 datanodes, task elapsed time: 1ms
2019-06-14 08:43:28,969 INFO  commands.RetriableDatanodeEventWatcher (RetriableDatanodeEventWatcher.java:onTimeout(47)) - RetriableDatanodeCommand type=deleteBlocksCommand with id=1560501803561 timed out. Retrying.
2019-06-14 08:43:28,980 INFO  commands.RetriableDatanodeEventWatcher (RetriableDatanodeEventWatcher.java:onTimeout(47)) - RetriableDatanodeCommand type=deleteBlocksCommand with id=1560501803571 timed out. Retrying.
2019-06-14 08:43:28,988 INFO  commands.RetriableDatanodeEventWatcher (RetriableDatanodeEventWatcher.java:onTimeout(47)) - RetriableDatanodeCommand type=deleteBlocksCommand with id=1560501803581 timed out. Retrying.
2019-06-14 08:43:28,999 INFO  commands.RetriableDatanodeEventWatcher (RetriableDatanodeEventWatcher.java:onTimeout(47)) - RetriableDatanodeCommand type=deleteBlocksCommand with id=1560501803591 timed out. Retrying.
2019-06-14 08:43:29,007 INFO  commands.RetriableDatanodeEventWatcher (RetriableDatanodeEventWatcher.java:onTimeout(47)) - RetriableDatanodeCommand type=deleteBlocksCommand with id=1560501803601 timed out. Retrying.
2019-06-14 08:43:29,015 DEBUG block.SCMBlockDeletingService (SCMBlockDeletingService.java:call(138)) - Running DeletedBlockTransactionScanner
2019-06-14 08:43:29,015 DEBUG block.SCMBlockDeletingService (SCMBlockDeletingService.java:call(155)) - Scanned deleted blocks log and got 3 delTX to process.
2019-06-14 08:43:29,016 DEBUG block.SCMBlockDeletingService (SCMBlockDeletingService.java:call(171)) - Added delete block command for datanode 374189d0-76c5-49d2-81b4-45a4af1368a2 in the queue, number of delete block transactions: 3, TxID list: 1,2,3
2019-06-14 08:43:29,016 INFO  block.SCMBlockDeletingService (SCMBlockDeletingService.java:call(182)) - Totally added 3 delete blocks command for 1 datanodes, task elapsed time: 1ms
2019-06-14 08:43:29,070 INFO  commands.RetriableDatanodeEventWatcher (RetriableDatanodeEventWatcher.java:onTimeout(47)) - RetriableDatanodeCommand type=deleteBlocksCommand with id=1560501803562 timed out. Retrying.
2019-06-14 08:43:29,080 INFO  commands.RetriableDatanodeEventWatcher (RetriableDatanodeEventWatcher.java:onTimeout(47)) - RetriableDatanodeCommand type=deleteBlocksCommand with id=1560501803572 timed out. Retrying.
2019-06-14 08:43:29,088 INFO  commands.RetriableDatanodeEventWatcher (RetriableDatanodeEventWatcher.java:onTimeout(47)) - RetriableDatanodeCommand type=deleteBlocksCommand with id=1560501803582 timed out. Retrying.
2019-06-14 08:43:29,100 INFO  commands.RetriableDatanodeEventWatcher (RetriableDatanodeEventWatcher.java:onTimeout(47)) - RetriableDatanodeCommand type=deleteBlocksCommand with id=1560501803592 timed out. Retrying.
2019-06-14 08:43:29,108 INFO  commands.RetriableDatanodeEventWatcher (RetriableDatanodeEventWatcher.java:onTimeout(47)) - RetriableDatanodeCommand type=deleteBlocksCommand with id=1560501803602 timed out. Retrying.
2019-06-14 08:43:29,116 DEBUG block.SCMBlockDeletingService (SCMBlockDeletingService.java:call(138)) - Running DeletedBlockTransactionScanner
2019-06-14 08:43:29,116 DEBUG block.SCMBlockDeletingService (SCMBlockDeletingService.java:call(155)) - Scanned deleted blocks log and got 3 delTX to process.
2019-06-14 08:43:29,116 DEBUG block.SCMBlockDeletingService (SCMBlockDeletingService.java:call(171)) - Added delete block command for datanode 374189d0-76c5-49d2-81b4-45a4af1368a2 in the queue, number of delete block transactions: 3, TxID list: 1,2,3
2019-06-14 08:43:29,117 INFO  block.SCMBlockDeletingService (SCMBlockDeletingService.java:call(182)) - Totally added 3 delete blocks command for 1 datanodes, task elapsed time: 1ms
2019-06-14 08:43:29,170 INFO  commands.RetriableDatanodeEventWatcher (RetriableDatanodeEventWatcher.java:onTimeout(47)) - RetriableDatanodeCommand type=deleteBlocksCommand with id=1560501803563 timed out. Retrying.
2019-06-14 08:43:29,181 INFO  commands.RetriableDatanodeEventWatcher (RetriableDatanodeEventWatcher.java:onTimeout(47)) - RetriableDatanodeCommand type=deleteBlocksCommand with id=1560501803573 timed out. Retrying.
2019-06-14 08:43:29,189 INFO  commands.RetriableDatanodeEventWatcher (RetriableDatanodeEventWatcher.java:onTimeout(47)) - RetriableDatanodeCommand type=deleteBlocksCommand with id=1560501803583 timed out. Retrying.
2019-06-14 08:43:29,201 INFO  commands.RetriableDatanodeEventWatcher (RetriableDatanodeEventWatcher.java:onTimeout(47)) - RetriableDatanodeCommand type=deleteBlocksCommand with id=1560501803593 timed out. Retrying.
2019-06-14 08:43:29,209 INFO  commands.RetriableDatanodeEventWatcher (RetriableDatanodeEventWatcher.java:onTimeout(47)) - RetriableDatanodeCommand type=deleteBlocksCommand with id=1560501803603 timed out. Retrying.
2019-06-14 08:43:29,217 DEBUG block.SCMBlockDeletingService (SCMBlockDeletingService.java:call(138)) - Running DeletedBlockTransactionScanner
2019-06-14 08:43:29,217 DEBUG block.SCMBlockDeletingService (SCMBlockDeletingService.java:call(155)) - Scanned deleted blocks log and got 3 delTX to process.
2019-06-14 08:43:29,217 DEBUG block.SCMBlockDeletingService (SCMBlockDeletingService.java:call(171)) - Added delete block command for datanode 374189d0-76c5-49d2-81b4-45a4af1368a2 in the queue, number of delete block transactions: 3, TxID list: 1,2,3
2019-06-14 08:43:29,218 INFO  block.SCMBlockDeletingService (SCMBlockDeletingService.java:call(182)) - Totally added 3 delete blocks command for 1 datanodes, task elapsed time: 1ms
2019-06-14 08:43:29,274 INFO  commands.RetriableDatanodeEventWatcher (RetriableDatanodeEventWatcher.java:onTimeout(47)) - RetriableDatanodeCommand type=deleteBlocksCommand with id=1560501803564 timed out. Retrying.
2019-06-14 08:43:29,281 INFO  commands.RetriableDatanodeEventWatcher (RetriableDatanodeEventWatcher.java:onTimeout(47)) - RetriableDatanodeCommand type=deleteBlocksCommand with id=1560501803574 timed out. Retrying.
2019-06-14 08:43:29,291 INFO  commands.RetriableDatanodeEventWatcher (RetriableDatanodeEventWatcher.java:onTimeout(47)) - RetriableDatanodeCommand type=deleteBlocksCommand with id=1560501803584 timed out. Retrying.
2019-06-14 08:43:29,301 INFO  commands.RetriableDatanodeEventWatcher (RetriableDatanodeEventWatcher.java:onTimeout(47)) - RetriableDatanodeCommand type=deleteBlocksCommand with id=1560501803594 timed out. Retrying.
2019-06-14 08:43:29,310 INFO  commands.RetriableDatanodeEventWatcher (RetriableDatanodeEventWatcher.java:onTimeout(47)) - RetriableDatanodeCommand type=deleteBlocksCommand with id=1560501803604 timed out. Retrying.
2019-06-14 08:43:29,318 DEBUG block.SCMBlockDeletingService (SCMBlockDeletingService.java:call(138)) - Running DeletedBlockTransactionScanner
2019-06-14 08:43:29,318 DEBUG block.SCMBlockDeletingService (SCMBlockDeletingService.java:call(155)) - Scanned deleted blocks log and got 3 delTX to process.
2019-06-14 08:43:29,318 DEBUG block.SCMBlockDeletingService (SCMBlockDeletingService.java:call(171)) - Added delete block command for datanode 374189d0-76c5-49d2-81b4-45a4af1368a2 in the queue, number of delete block transactions: 3, TxID list: 1,2,3
2019-06-14 08:43:29,319 INFO  block.SCMBlockDeletingService (SCMBlockDeletingService.java:call(182)) - Totally added 3 delete blocks command for 1 datanodes, task elapsed time: 1ms
2019-06-14 08:43:29,375 INFO  commands.RetriableDatanodeEventWatcher (RetriableDatanodeEventWatcher.java:onTimeout(47)) - RetriableDatanodeCommand type=deleteBlocksCommand with id=1560501803565 timed out. Retrying.
2019-06-14 08:43:29,382 INFO  commands.RetriableDatanodeEventWatcher (RetriableDatanodeEventWatcher.java:onTimeout(47)) - RetriableDatanodeCommand type=deleteBlocksCommand with id=1560501803575 timed out. Retrying.
2019-06-14 08:43:29,392 INFO  commands.RetriableDatanodeEventWatcher (RetriableDatanodeEventWatcher.java:onTimeout(47)) - RetriableDatanodeCommand type=deleteBlocksCommand with id=1560501803585 timed out. Retrying.
2019-06-14 08:43:29,402 INFO  commands.RetriableDatanodeEventWatcher (RetriableDatanodeEventWatcher.java:onTimeout(47)) - RetriableDatanodeCommand type=deleteBlocksCommand with id=1560501803595 timed out. Retrying.
2019-06-14 08:43:29,411 INFO  commands.RetriableDatanodeEventWatcher (RetriableDatanodeEventWatcher.java:onTimeout(47)) - RetriableDatanodeCommand type=deleteBlocksCommand with id=1560501803605 timed out. Retrying.
2019-06-14 08:43:29,419 DEBUG block.SCMBlockDeletingService (SCMBlockDeletingService.java:call(138)) - Running DeletedBlockTransactionScanner
2019-06-14 08:43:29,419 DEBUG block.SCMBlockDeletingService (SCMBlockDeletingService.java:call(155)) - Scanned deleted blocks log and got 3 delTX to process.
2019-06-14 08:43:29,419 DEBUG block.SCMBlockDeletingService (SCMBlockDeletingService.java:call(171)) - Added delete block command for datanode 374189d0-76c5-49d2-81b4-45a4af1368a2 in the queue, number of delete block transactions: 3, TxID list: 1,2,3
2019-06-14 08:43:29,420 INFO  block.SCMBlockDeletingService (SCMBlockDeletingService.java:call(182)) - Totally added 3 delete blocks command for 1 datanodes, task elapsed time: 1ms
2019-06-14 08:43:29,475 INFO  commands.RetriableDatanodeEventWatcher (RetriableDatanodeEventWatcher.java:onTimeout(47)) - RetriableDatanodeCommand type=deleteBlocksCommand with id=1560501803566 timed out. Retrying.
2019-06-14 08:43:29,484 INFO  commands.RetriableDatanodeEventWatcher (RetriableDatanodeEventWatcher.java:onTimeout(47)) - RetriableDatanodeCommand type=deleteBlocksCommand with id=1560501803576 timed out. Retrying.
2019-06-14 08:43:29,492 INFO  commands.RetriableDatanodeEventWatcher (RetriableDatanodeEventWatcher.java:onTimeout(47)) - RetriableDatanodeCommand type=deleteBlocksCommand with id=1560501803586 timed out. Retrying.
2019-06-14 08:43:29,505 INFO  commands.RetriableDatanodeEventWatcher (RetriableDatanodeEventWatcher.java:onTimeout(47)) - RetriableDatanodeCommand type=deleteBlocksCommand with id=1560501803596 timed out. Retrying.
2019-06-14 08:43:29,511 INFO  commands.RetriableDatanodeEventWatcher (RetriableDatanodeEventWatcher.java:onTimeout(47)) - RetriableDatanodeCommand type=deleteBlocksCommand with id=1560501803606 timed out. Retrying.
2019-06-14 08:43:29,520 DEBUG block.SCMBlockDeletingService (SCMBlockDeletingService.java:call(138)) - Running DeletedBlockTransactionScanner
2019-06-14 08:43:29,520 DEBUG block.SCMBlockDeletingService (SCMBlockDeletingService.java:call(155)) - Scanned deleted blocks log and got 3 delTX to process.
2019-06-14 08:43:29,520 DEBUG block.SCMBlockDeletingService (SCMBlockDeletingService.java:call(171)) - Added delete block command for datanode 374189d0-76c5-49d2-81b4-45a4af1368a2 in the queue, number of delete block transactions: 3, TxID list: 1,2,3
2019-06-14 08:43:29,520 INFO  block.SCMBlockDeletingService (SCMBlockDeletingService.java:call(182)) - Totally added 3 delete blocks command for 1 datanodes, task elapsed time: 0ms
2019-06-14 08:43:29,560 INFO  commands.RetriableDatanodeEventWatcher (RetriableDatanodeEventWatcher.java:onTimeout(47)) - RetriableDatanodeCommand type=deleteBlocksCommand with id=1560501803557 timed out. Retrying.
2019-06-14 08:43:29,576 INFO  commands.RetriableDatanodeEventWatcher (RetriableDatanodeEventWatcher.java:onTimeout(47)) - RetriableDatanodeCommand type=deleteBlocksCommand with id=1560501803567 timed out. Retrying.
2019-06-14 08:43:29,584 INFO  commands.RetriableDatanodeEventWatcher (RetriableDatanodeEventWatcher.java:onTimeout(47)) - RetriableDatanodeCommand type=deleteBlocksCommand with id=1560501803577 timed out. Retrying.
2019-06-14 08:43:29,593 INFO  commands.RetriableDatanodeEventWatcher (RetriableDatanodeEventWatcher.java:onTimeout(47)) - RetriableDatanodeCommand type=deleteBlocksCommand with id=1560501803587 timed out. Retrying.
2019-06-14 08:43:29,604 INFO  commands.RetriableDatanodeEventWatcher (RetriableDatanodeEventWatcher.java:onTimeout(47)) - RetriableDatanodeCommand type=deleteBlocksCommand with id=1560501803597 timed out. Retrying.
2019-06-14 08:43:29,612 INFO  commands.RetriableDatanodeEventWatcher (RetriableDatanodeEventWatcher.java:onTimeout(47)) - RetriableDatanodeCommand type=deleteBlocksCommand with id=1560501803607 timed out. Retrying.
2019-06-14 08:43:29,621 DEBUG block.SCMBlockDeletingService (SCMBlockDeletingService.java:call(138)) - Running DeletedBlockTransactionScanner
2019-06-14 08:43:29,621 DEBUG block.SCMBlockDeletingService (SCMBlockDeletingService.java:call(155)) - Scanned deleted blocks log and got 3 delTX to process.
2019-06-14 08:43:29,621 DEBUG block.SCMBlockDeletingService (SCMBlockDeletingService.java:call(171)) - Added delete block command for datanode 374189d0-76c5-49d2-81b4-45a4af1368a2 in the queue, number of delete block transactions: 3, TxID list: 1,2,3
2019-06-14 08:43:29,621 INFO  block.SCMBlockDeletingService (SCMBlockDeletingService.java:call(182)) - Totally added 3 delete blocks command for 1 datanodes, task elapsed time: 0ms
2019-06-14 08:43:29,668 INFO  commands.RetriableDatanodeEventWatcher (RetriableDatanodeEventWatcher.java:onTimeout(47)) - RetriableDatanodeCommand type=deleteBlocksCommand with id=1560501803558 timed out. Retrying.
2019-06-14 08:43:29,678 INFO  commands.RetriableDatanodeEventWatcher (RetriableDatanodeEventWatcher.java:onTimeout(47)) - RetriableDatanodeCommand type=deleteBlocksCommand with id=1560501803568 timed out. Retrying.
2019-06-14 08:43:29,685 INFO  commands.RetriableDatanodeEventWatcher (RetriableDatanodeEventWatcher.java:onTimeout(47)) - RetriableDatanodeCommand type=deleteBlocksCommand with id=1560501803578 timed out. Retrying.
2019-06-14 08:43:29,694 INFO  commands.RetriableDatanodeEventWatcher (RetriableDatanodeEventWatcher.java:onTimeout(47)) - RetriableDatanodeCommand type=deleteBlocksCommand with id=1560501803588 timed out. Retrying.
2019-06-14 08:43:29,704 INFO  commands.RetriableDatanodeEventWatcher (RetriableDatanodeEventWatcher.java:onTimeout(47)) - RetriableDatanodeCommand type=deleteBlocksCommand with id=1560501803598 timed out. Retrying.
2019-06-14 08:43:29,713 INFO  commands.RetriableDatanodeEventWatcher (RetriableDatanodeEventWatcher.java:onTimeout(47)) - RetriableDatanodeCommand type=deleteBlocksCommand with id=1560501803608 timed out. Retrying.
2019-06-14 08:43:29,722 DEBUG block.SCMBlockDeletingService (SCMBlockDeletingService.java:call(138)) - Running DeletedBlockTransactionScanner
2019-06-14 08:43:29,722 DEBUG block.SCMBlockDeletingService (SCMBlockDeletingService.java:call(155)) - Scanned deleted blocks log and got 3 delTX to process.
2019-06-14 08:43:29,722 DEBUG block.SCMBlockDeletingService (SCMBlockDeletingService.java:call(171)) - Added delete block command for datanode 374189d0-76c5-49d2-81b4-45a4af1368a2 in the queue, number of delete block transactions: 3, TxID list: 1,2,3
2019-06-14 08:43:29,722 INFO  block.SCMBlockDeletingService (SCMBlockDeletingService.java:call(182)) - Totally added 3 delete blocks command for 1 datanodes, task elapsed time: 0ms
2019-06-14 08:43:29,768 INFO  commands.RetriableDatanodeEventWatcher (RetriableDatanodeEventWatcher.java:onTimeout(47)) - RetriableDatanodeCommand type=deleteBlocksCommand with id=1560501803559 timed out. Retrying.
2019-06-14 08:43:29,779 INFO  commands.RetriableDatanodeEventWatcher (RetriableDatanodeEventWatcher.java:onTimeout(47)) - RetriableDatanodeCommand type=deleteBlocksCommand with id=1560501803569 timed out. Retrying.
2019-06-14 08:43:29,788 INFO  commands.RetriableDatanodeEventWatcher (RetriableDatanodeEventWatcher.java:onTimeout(47)) - RetriableDatanodeCommand type=deleteBlocksCommand with id=1560501803579 timed out. Retrying.
2019-06-14 08:43:29,796 INFO  commands.RetriableDatanodeEventWatcher (RetriableDatanodeEventWatcher.java:onTimeout(47)) - RetriableDatanodeCommand type=deleteBlocksCommand with id=1560501803589 timed out. Retrying.
2019-06-14 08:43:29,805 INFO  commands.RetriableDatanodeEventWatcher (RetriableDatanodeEventWatcher.java:onTimeout(47)) - RetriableDatanodeCommand type=deleteBlocksCommand with id=1560501803599 timed out. Retrying.
2019-06-14 08:43:29,814 INFO  commands.RetriableDatanodeEventWatcher (RetriableDatanodeEventWatcher.java:onTimeout(47)) - RetriableDatanodeCommand type=deleteBlocksCommand with id=1560501803609 timed out. Retrying.
2019-06-14 08:43:29,822 DEBUG block.SCMBlockDeletingService (SCMBlockDeletingService.java:call(138)) - Running DeletedBlockTransactionScanner
2019-06-14 08:43:29,823 DEBUG block.SCMBlockDeletingService (SCMBlockDeletingService.java:call(155)) - Scanned deleted blocks log and got 3 delTX to process.
2019-06-14 08:43:29,823 DEBUG block.SCMBlockDeletingService (SCMBlockDeletingService.java:call(171)) - Added delete block command for datanode 374189d0-76c5-49d2-81b4-45a4af1368a2 in the queue, number of delete block transactions: 3, TxID list: 1,2,3
2019-06-14 08:43:29,823 INFO  block.SCMBlockDeletingService (SCMBlockDeletingService.java:call(182)) - Totally added 3 delete blocks command for 1 datanodes, task elapsed time: 0ms
2019-06-14 08:43:29,867 INFO  ozone.MiniOzoneClusterImpl (MiniOzoneClusterImpl.java:lambda$waitForClusterToBeReady$0(142)) - Waiting for cluster to be ready. Got 0 of 1 DN Heartbeats.
2019-06-14 08:43:29,868 INFO  commands.RetriableDatanodeEventWatcher (RetriableDatanodeEventWatcher.java:onTimeout(47)) - RetriableDatanodeCommand type=deleteBlocksCommand with id=1560501803560 timed out. Retrying.
2019-06-14 08:43:29,881 INFO  commands.RetriableDatanodeEventWatcher (RetriableDatanodeEventWatcher.java:onTimeout(47)) - RetriableDatanodeCommand type=deleteBlocksCommand with id=1560501803570 timed out. Retrying.
2019-06-14 08:43:29,887 INFO  commands.RetriableDatanodeEventWatcher (RetriableDatanodeEventWatcher.java:onTimeout(47)) - RetriableDatanodeCommand type=deleteBlocksCommand with id=1560501803580 timed out. Retrying.
2019-06-14 08:43:29,898 INFO  commands.RetriableDatanodeEventWatcher (RetriableDatanodeEventWatcher.java:onTimeout(47)) - RetriableDatanodeCommand type=deleteBlocksCommand with id=1560501803590 timed out. Retrying.
2019-06-14 08:43:29,906 INFO  commands.RetriableDatanodeEventWatcher (RetriableDatanodeEventWatcher.java:onTimeout(47)) - RetriableDatanodeCommand type=deleteBlocksCommand with id=1560501803600 timed out. Retrying.
2019-06-14 08:43:29,915 INFO  commands.RetriableDatanodeEventWatcher (RetriableDatanodeEventWatcher.java:onTimeout(47)) - RetriableDatanodeCommand type=deleteBlocksCommand with id=1560501803610 timed out. Retrying.
2019-06-14 08:43:29,924 DEBUG block.SCMBlockDeletingService (SCMBlockDeletingService.java:call(138)) - Running DeletedBlockTransactionScanner
2019-06-14 08:43:29,924 DEBUG block.SCMBlockDeletingService (SCMBlockDeletingService.java:call(155)) - Scanned deleted blocks log and got 3 delTX to process.
2019-06-14 08:43:29,924 DEBUG block.SCMBlockDeletingService (SCMBlockDeletingService.java:call(171)) - Added delete block command for datanode 374189d0-76c5-49d2-81b4-45a4af1368a2 in the queue, number of delete block transactions: 3, TxID list: 1,2,3
2019-06-14 08:43:29,924 INFO  block.SCMBlockDeletingService (SCMBlockDeletingService.java:call(182)) - Totally added 3 delete blocks command for 1 datanodes, task elapsed time: 0ms
2019-06-14 08:43:29,969 INFO  commands.RetriableDatanodeEventWatcher (RetriableDatanodeEventWatcher.java:onTimeout(47)) - RetriableDatanodeCommand type=deleteBlocksCommand with id=1560501803561 timed out. Retrying.
2019-06-14 08:43:29,981 INFO  commands.RetriableDatanodeEventWatcher (RetriableDatanodeEventWatcher.java:onTimeout(47)) - RetriableDatanodeCommand type=deleteBlocksCommand with id=1560501803571 timed out. Retrying.
2019-06-14 08:43:29,989 INFO  commands.RetriableDatanodeEventWatcher (RetriableDatanodeEventWatcher.java:onTimeout(47)) - RetriableDatanodeCommand type=deleteBlocksCommand with id=1560501803581 timed out. Retrying.
2019-06-14 08:43:29,999 INFO  commands.RetriableDatanodeEventWatcher (RetriableDatanodeEventWatcher.java:onTimeout(47)) - RetriableDatanodeCommand type=deleteBlocksCommand with id=1560501803591 timed out. Retrying.
2019-06-14 08:43:30,007 INFO  commands.RetriableDatanodeEventWatcher (RetriableDatanodeEventWatcher.java:onTimeout(47)) - RetriableDatanodeCommand type=deleteBlocksCommand with id=1560501803601 timed out. Retrying.
2019-06-14 08:43:30,015 INFO  impl.FollowerState (FollowerState.java:run(101)) - 374189d0-76c5-49d2-81b4-45a4af1368a2:group-30B6692CD68C changes to CANDIDATE, lastRpcTime:1141, electionTimeout:1141ms
2019-06-14 08:43:30,015 INFO  impl.RoleInfo (RoleInfo.java:shutdownFollowerState(121)) - 374189d0-76c5-49d2-81b4-45a4af1368a2: shutdown FollowerState
2019-06-14 08:43:30,015 INFO  impl.RaftServerImpl (RaftServerImpl.java:setRole(164)) - 374189d0-76c5-49d2-81b4-45a4af1368a2:group-30B6692CD68C changes role from FOLLOWER to CANDIDATE at term 1 for changeToCandidate
2019-06-14 08:43:30,015 INFO  impl.RoleInfo (RoleInfo.java:updateAndGet(143)) - 374189d0-76c5-49d2-81b4-45a4af1368a2: start LeaderElection
2019-06-14 08:43:30,017 INFO  commands.RetriableDatanodeEventWatcher (RetriableDatanodeEventWatcher.java:onTimeout(47)) - RetriableDatanodeCommand type=deleteBlocksCommand with id=1560501803611 timed out. Retrying.
2019-06-14 08:43:30,025 DEBUG block.SCMBlockDeletingService (SCMBlockDeletingService.java:call(138)) - Running DeletedBlockTransactionScanner
2019-06-14 08:43:30,025 DEBUG block.SCMBlockDeletingService (SCMBlockDeletingService.java:call(155)) - Scanned deleted blocks log and got 3 delTX to process.
2019-06-14 08:43:30,025 DEBUG block.SCMBlockDeletingService (SCMBlockDeletingService.java:call(171)) - Added delete block command for datanode 374189d0-76c5-49d2-81b4-45a4af1368a2 in the queue, number of delete block transactions: 3, TxID list: 1,2,3
2019-06-14 08:43:30,051 INFO  block.SCMBlockDeletingService (SCMBlockDeletingService.java:call(182)) - Totally added 3 delete blocks command for 1 datanodes, task elapsed time: 27ms
2019-06-14 08:43:30,070 INFO  commands.RetriableDatanodeEventWatcher (RetriableDatanodeEventWatcher.java:onTimeout(47)) - RetriableDatanodeCommand type=deleteBlocksCommand with id=1560501803562 timed out. Retrying.
2019-06-14 08:43:30,081 INFO  commands.RetriableDatanodeEventWatcher (RetriableDatanodeEventWatcher.java:onTimeout(47)) - RetriableDatanodeCommand type=deleteBlocksCommand with id=1560501803572 timed out. Retrying.
2019-06-14 08:43:30,088 INFO  commands.RetriableDatanodeEventWatcher (RetriableDatanodeEventWatcher.java:onTimeout(47)) - RetriableDatanodeCommand type=deleteBlocksCommand with id=1560501803582 timed out. Retrying.
2019-06-14 08:43:30,098 INFO  impl.LeaderElection (LeaderElection.java:askForVotes(181)) - 374189d0-76c5-49d2-81b4-45a4af1368a2:group-30B6692CD68C:LeaderElection2: begin an election at term 2 for 0: [374189d0-76c5-49d2-81b4-45a4af1368a2:192.168.11.250:39889], old=null
2019-06-14 08:43:30,098 INFO  impl.RoleInfo (RoleInfo.java:shutdownLeaderElection(134)) - 374189d0-76c5-49d2-81b4-45a4af1368a2: shutdown LeaderElection
2019-06-14 08:43:30,098 INFO  impl.RaftServerImpl (RaftServerImpl.java:setRole(164)) - 374189d0-76c5-49d2-81b4-45a4af1368a2:group-30B6692CD68C changes role from CANDIDATE to LEADER at term 2 for changeToLeader
2019-06-14 08:43:30,099 INFO  impl.RaftServerImpl (ServerState.java:setLeader(263)) - 374189d0-76c5-49d2-81b4-45a4af1368a2:group-30B6692CD68C change Leader from null to 374189d0-76c5-49d2-81b4-45a4af1368a2 at term 2 for becomeLeader, leader elected after 3365ms
2019-06-14 08:43:30,099 INFO  server.RaftServerConfigKeys (ConfUtils.java:logGet(43)) - raft.server.staging.catchup.gap = 1000 (default)
2019-06-14 08:43:30,099 INFO  server.RaftServerConfigKeys (ConfUtils.java:logGet(43)) - raft.server.rpc.sleep.time = 25ms (default)
2019-06-14 08:43:30,099 INFO  server.RaftServerConfigKeys (ConfUtils.java:logGet(43)) - raft.server.watch.timeout = 10s (default)
2019-06-14 08:43:30,099 INFO  server.RaftServerConfigKeys (ConfUtils.java:logGet(43)) - raft.server.watch.timeout.denomination = 1s (default)
2019-06-14 08:43:30,099 INFO  impl.RoleInfo (RoleInfo.java:updateAndGet(143)) - 374189d0-76c5-49d2-81b4-45a4af1368a2: start LeaderState
2019-06-14 08:43:30,100 INFO  storage.RaftLogWorker (RaftLogWorker.java:rollLogSegment(303)) - 374189d0-76c5-49d2-81b4-45a4af1368a2-RaftLogWorker: Rolling segment log-7252_7297 to index:7297
2019-06-14 08:43:30,100 INFO  commands.RetriableDatanodeEventWatcher (RetriableDatanodeEventWatcher.java:onTimeout(47)) - RetriableDatanodeCommand type=deleteBlocksCommand with id=1560501803592 timed out. Retrying.
2019-06-14 08:43:30,101 INFO  storage.RaftLogWorker (RaftLogWorker.java:execute(433)) - 374189d0-76c5-49d2-81b4-45a4af1368a2-RaftLogWorker: Rolled log segment from /opt/src/hadoop-ozone/integration-test/target/test-dir/MiniOzoneClusterImpl-1994f8b8-dd4d-445c-bf25-0c6d40f9b14d/datanode-0/data/ratis/99d0acb8-99ce-4814-8259-30b6692cd68c/current/log_inprogress_7252 to /opt/src/hadoop-ozone/integration-test/target/test-dir/MiniOzoneClusterImpl-1994f8b8-dd4d-445c-bf25-0c6d40f9b14d/datanode-0/data/ratis/99d0acb8-99ce-4814-8259-30b6692cd68c/current/log_7252-7297
2019-06-14 08:43:30,101 INFO  impl.RaftServerImpl (ServerState.java:setRaftConf(361)) - 374189d0-76c5-49d2-81b4-45a4af1368a2:group-30B6692CD68C set configuration 7298: [374189d0-76c5-49d2-81b4-45a4af1368a2:192.168.11.250:39889], old=null at 7298
2019-06-14 08:43:30,118 INFO  commands.RetriableDatanodeEventWatcher (RetriableDatanodeEventWatcher.java:onTimeout(47)) - RetriableDatanodeCommand type=deleteBlocksCommand with id=1560501803612 timed out. Retrying.
2019-06-14 08:43:30,120 INFO  commands.RetriableDatanodeEventWatcher (RetriableDatanodeEventWatcher.java:onTimeout(47)) - RetriableDatanodeCommand type=deleteBlocksCommand with id=1560501803602 timed out. Retrying.
2019-06-14 08:43:30,152 DEBUG block.SCMBlockDeletingService (SCMBlockDeletingService.java:call(138)) - Running DeletedBlockTransactionScanner
2019-06-14 08:43:30,152 DEBUG block.SCMBlockDeletingService (SCMBlockDeletingService.java:call(155)) - Scanned deleted blocks log and got 3 delTX to process.
2019-06-14 08:43:30,152 DEBUG block.SCMBlockDeletingService (SCMBlockDeletingService.java:call(171)) - Added delete block command for datanode 374189d0-76c5-49d2-81b4-45a4af1368a2 in the queue, number of delete block transactions: 3, TxID list: 1,2,3
2019-06-14 08:43:30,169 INFO  block.SCMBlockDeletingService (SCMBlockDeletingService.java:call(182)) - Totally added 3 delete blocks command for 1 datanodes, task elapsed time: 17ms
2019-06-14 08:43:30,170 INFO  commands.RetriableDatanodeEventWatcher (RetriableDatanodeEventWatcher.java:onTimeout(47)) - RetriableDatanodeCommand type=deleteBlocksCommand with id=1560501803563 timed out. Retrying.
2019-06-14 08:43:30,181 INFO  commands.RetriableDatanodeEventWatcher (RetriableDatanodeEventWatcher.java:onTimeout(47)) - RetriableDatanodeCommand type=deleteBlocksCommand with id=1560501803573 timed out. Retrying.
2019-06-14 08:43:30,189 INFO  commands.RetriableDatanodeEventWatcher (RetriableDatanodeEventWatcher.java:onTimeout(47)) - RetriableDatanodeCommand type=deleteBlocksCommand with id=1560501803583 timed out. Retrying.
2019-06-14 08:43:30,201 INFO  commands.RetriableDatanodeEventWatcher (RetriableDatanodeEventWatcher.java:onTimeout(47)) - RetriableDatanodeCommand type=deleteBlocksCommand with id=1560501803593 timed out. Retrying.
2019-06-14 08:43:30,209 INFO  commands.RetriableDatanodeEventWatcher (RetriableDatanodeEventWatcher.java:onTimeout(47)) - RetriableDatanodeCommand type=deleteBlocksCommand with id=1560501803603 timed out. Retrying.
2019-06-14 08:43:30,216 INFO  storage.RaftLogWorker (RaftLogWorker.java:execute(469)) - 374189d0-76c5-49d2-81b4-45a4af1368a2-RaftLogWorker: created new log segment /opt/src/hadoop-ozone/integration-test/target/test-dir/MiniOzoneClusterImpl-1994f8b8-dd4d-445c-bf25-0c6d40f9b14d/datanode-0/data/ratis/99d0acb8-99ce-4814-8259-30b6692cd68c/current/log_inprogress_7298
2019-06-14 08:43:30,217 INFO  commands.RetriableDatanodeEventWatcher (RetriableDatanodeEventWatcher.java:onTimeout(47)) - RetriableDatanodeCommand type=deleteBlocksCommand with id=1560501803613 timed out. Retrying.
2019-06-14 08:43:30,269 DEBUG block.SCMBlockDeletingService (SCMBlockDeletingService.java:call(138)) - Running DeletedBlockTransactionScanner
2019-06-14 08:43:30,269 DEBUG block.SCMBlockDeletingService (SCMBlockDeletingService.java:call(155)) - Scanned deleted blocks log and got 3 delTX to process.
2019-06-14 08:43:30,270 DEBUG block.SCMBlockDeletingService (SCMBlockDeletingService.java:call(171)) - Added delete block command for datanode 374189d0-76c5-49d2-81b4-45a4af1368a2 in the queue, number of delete block transactions: 3, TxID list: 1,2,3
2019-06-14 08:43:30,270 INFO  block.SCMBlockDeletingService (SCMBlockDeletingService.java:call(182)) - Totally added 3 delete blocks command for 1 datanodes, task elapsed time: 1ms
2019-06-14 08:43:30,275 INFO  commands.RetriableDatanodeEventWatcher (RetriableDatanodeEventWatcher.java:onTimeout(47)) - RetriableDatanodeCommand type=deleteBlocksCommand with id=1560501803564 timed out. Retrying.
2019-06-14 08:43:30,281 INFO  commands.RetriableDatanodeEventWatcher (RetriableDatanodeEventWatcher.java:onTimeout(47)) - RetriableDatanodeCommand type=deleteBlocksCommand with id=1560501803574 timed out. Retrying.
2019-06-14 08:43:30,291 INFO  commands.RetriableDatanodeEventWatcher (RetriableDatanodeEventWatcher.java:onTimeout(47)) - RetriableDatanodeCommand type=deleteBlocksCommand with id=1560501803584 timed out. Retrying.
2019-06-14 08:43:30,301 INFO  commands.RetriableDatanodeEventWatcher (RetriableDatanodeEventWatcher.java:onTimeout(47)) - RetriableDatanodeCommand type=deleteBlocksCommand with id=1560501803594 timed out. Retrying.
2019-06-14 08:43:30,310 INFO  commands.RetriableDatanodeEventWatcher (RetriableDatanodeEventWatcher.java:onTimeout(47)) - RetriableDatanodeCommand type=deleteBlocksCommand with id=1560501803604 timed out. Retrying.
2019-06-14 08:43:30,318 INFO  commands.RetriableDatanodeEventWatcher (RetriableDatanodeEventWatcher.java:onTimeout(47)) - RetriableDatanodeCommand type=deleteBlocksCommand with id=1560501803614 timed out. Retrying.
2019-06-14 08:43:30,370 DEBUG block.SCMBlockDeletingService (SCMBlockDeletingService.java:call(138)) - Running DeletedBlockTransactionScanner
2019-06-14 08:43:30,370 DEBUG block.SCMBlockDeletingService (SCMBlockDeletingService.java:call(155)) - Scanned deleted blocks log and got 3 delTX to process.
2019-06-14 08:43:30,370 DEBUG block.SCMBlockDeletingService (SCMBlockDeletingService.java:call(171)) - Added delete block command for datanode 374189d0-76c5-49d2-81b4-45a4af1368a2 in the queue, number of delete block transactions: 3, TxID list: 1,2,3
2019-06-14 08:43:30,371 INFO  block.SCMBlockDeletingService (SCMBlockDeletingService.java:call(182)) - Totally added 3 delete blocks command for 1 datanodes, task elapsed time: 1ms
2019-06-14 08:43:30,375 INFO  commands.RetriableDatanodeEventWatcher (RetriableDatanodeEventWatcher.java:onTimeout(47)) - RetriableDatanodeCommand type=deleteBlocksCommand with id=1560501803565 timed out. Retrying.
2019-06-14 08:43:30,382 INFO  commands.RetriableDatanodeEventWatcher (RetriableDatanodeEventWatcher.java:onTimeout(47)) - RetriableDatanodeCommand type=deleteBlocksCommand with id=1560501803575 timed out. Retrying.
2019-06-14 08:43:30,393 INFO  commands.RetriableDatanodeEventWatcher (RetriableDatanodeEventWatcher.java:onTimeout(47)) - RetriableDatanodeCommand type=deleteBlocksCommand with id=1560501803585 timed out. Retrying.
2019-06-14 08:43:30,402 INFO  commands.RetriableDatanodeEventWatcher (RetriableDatanodeEventWatcher.java:onTimeout(47)) - RetriableDatanodeCommand type=deleteBlocksCommand with id=1560501803595 timed out. Retrying.
2019-06-14 08:43:30,411 INFO  commands.RetriableDatanodeEventWatcher (RetriableDatanodeEventWatcher.java:onTimeout(47)) - RetriableDatanodeCommand type=deleteBlocksCommand with id=1560501803605 timed out. Retrying.
2019-06-14 08:43:30,419 INFO  commands.RetriableDatanodeEventWatcher (RetriableDatanodeEventWatcher.java:onTimeout(47)) - RetriableDatanodeCommand type=deleteBlocksCommand with id=1560501803615 timed out. Retrying.
2019-06-14 08:43:30,471 DEBUG block.SCMBlockDeletingService (SCMBlockDeletingService.java:call(138)) - Running DeletedBlockTransactionScanner
2019-06-14 08:43:30,471 DEBUG block.SCMBlockDeletingService (SCMBlockDeletingService.java:call(155)) - Scanned deleted blocks log and got 3 delTX to process.
2019-06-14 08:43:30,471 DEBUG block.SCMBlockDeletingService (SCMBlockDeletingService.java:call(171)) - Added delete block command for datanode 374189d0-76c5-49d2-81b4-45a4af1368a2 in the queue, number of delete block transactions: 3, TxID list: 1,2,3
2019-06-14 08:43:30,471 INFO  block.SCMBlockDeletingService (SCMBlockDeletingService.java:call(182)) - Totally added 3 delete blocks command for 1 datanodes, task elapsed time: 1ms
2019-06-14 08:43:30,475 INFO  commands.RetriableDatanodeEventWatcher (RetriableDatanodeEventWatcher.java:onTimeout(47)) - RetriableDatanodeCommand type=deleteBlocksCommand with id=1560501803566 timed out. Retrying.
2019-06-14 08:43:30,484 INFO  commands.RetriableDatanodeEventWatcher (RetriableDatanodeEventWatcher.java:onTimeout(47)) - RetriableDatanodeCommand type=deleteBlocksCommand with id=1560501803576 timed out. Retrying.
2019-06-14 08:43:30,492 INFO  commands.RetriableDatanodeEventWatcher (RetriableDatanodeEventWatcher.java:onTimeout(47)) - RetriableDatanodeCommand type=deleteBlocksCommand with id=1560501803586 timed out. Retrying.
2019-06-14 08:43:30,505 INFO  commands.RetriableDatanodeEventWatcher (RetriableDatanodeEventWatcher.java:onTimeout(47)) - RetriableDatanodeCommand type=deleteBlocksCommand with id=1560501803596 timed out. Retrying.
2019-06-14 08:43:30,511 INFO  commands.RetriableDatanodeEventWatcher (RetriableDatanodeEventWatcher.java:onTimeout(47)) - RetriableDatanodeCommand type=deleteBlocksCommand with id=1560501803606 timed out. Retrying.
2019-06-14 08:43:30,520 INFO  commands.RetriableDatanodeEventWatcher (RetriableDatanodeEventWatcher.java:onTimeout(47)) - RetriableDatanodeCommand type=deleteBlocksCommand with id=1560501803616 timed out. Retrying.
2019-06-14 08:43:30,561 INFO  commands.RetriableDatanodeEventWatcher (RetriableDatanodeEventWatcher.java:onTimeout(47)) - RetriableDatanodeCommand type=deleteBlocksCommand with id=1560501803557 timed out. Retrying.
2019-06-14 08:43:30,572 DEBUG block.SCMBlockDeletingService (SCMBlockDeletingService.java:call(138)) - Running DeletedBlockTransactionScanner
2019-06-14 08:43:30,572 DEBUG block.SCMBlockDeletingService (SCMBlockDeletingService.java:call(155)) - Scanned deleted blocks log and got 3 delTX to process.
2019-06-14 08:43:30,572 DEBUG block.SCMBlockDeletingService (SCMBlockDeletingService.java:call(171)) - Added delete block command for datanode 374189d0-76c5-49d2-81b4-45a4af1368a2 in the queue, number of delete block transactions: 3, TxID list: 1,2,3
2019-06-14 08:43:30,572 INFO  block.SCMBlockDeletingService (SCMBlockDeletingService.java:call(182)) - Totally added 3 delete blocks command for 1 datanodes, task elapsed time: 0ms
2019-06-14 08:43:30,576 INFO  commands.RetriableDatanodeEventWatcher (RetriableDatanodeEventWatcher.java:onTimeout(47)) - RetriableDatanodeCommand type=deleteBlocksCommand with id=1560501803567 timed out. Retrying.
2019-06-14 08:43:30,584 INFO  commands.RetriableDatanodeEventWatcher (RetriableDatanodeEventWatcher.java:onTimeout(47)) - RetriableDatanodeCommand type=deleteBlocksCommand with id=1560501803577 timed out. Retrying.
2019-06-14 08:43:30,594 INFO  commands.RetriableDatanodeEventWatcher (RetriableDatanodeEventWatcher.java:onTimeout(47)) - RetriableDatanodeCommand type=deleteBlocksCommand with id=1560501803587 timed out. Retrying.
2019-06-14 08:43:30,604 INFO  commands.RetriableDatanodeEventWatcher (RetriableDatanodeEventWatcher.java:onTimeout(47)) - RetriableDatanodeCommand type=deleteBlocksCommand with id=1560501803597 timed out. Retrying.
2019-06-14 08:43:30,612 INFO  commands.RetriableDatanodeEventWatcher (RetriableDatanodeEventWatcher.java:onTimeout(47)) - RetriableDatanodeCommand type=deleteBlocksCommand with id=1560501803607 timed out. Retrying.
2019-06-14 08:43:30,621 INFO  commands.RetriableDatanodeEventWatcher (RetriableDatanodeEventWatcher.java:onTimeout(47)) - RetriableDatanodeCommand type=deleteBlocksCommand with id=1560501803617 timed out. Retrying.
2019-06-14 08:43:30,668 INFO  commands.RetriableDatanodeEventWatcher (RetriableDatanodeEventWatcher.java:onTimeout(47)) - RetriableDatanodeCommand type=deleteBlocksCommand with id=1560501803558 timed out. Retrying.
2019-06-14 08:43:30,672 DEBUG block.SCMBlockDeletingService (SCMBlockDeletingService.java:call(138)) - Running DeletedBlockTransactionScanner
2019-06-14 08:43:30,673 DEBUG block.SCMBlockDeletingService (SCMBlockDeletingService.java:call(155)) - Scanned deleted blocks log and got 3 delTX to process.
2019-06-14 08:43:30,673 DEBUG block.SCMBlockDeletingService (SCMBlockDeletingService.java:call(171)) - Added delete block command for datanode 374189d0-76c5-49d2-81b4-45a4af1368a2 in the queue, number of delete block transactions: 3, TxID list: 1,2,3
2019-06-14 08:43:30,673 INFO  block.SCMBlockDeletingService (SCMBlockDeletingService.java:call(182)) - Totally added 3 delete blocks command for 1 datanodes, task elapsed time: 1ms
2019-06-14 08:43:30,678 INFO  commands.RetriableDatanodeEventWatcher (RetriableDatanodeEventWatcher.java:onTimeout(47)) - RetriableDatanodeCommand type=deleteBlocksCommand with id=1560501803568 timed out. Retrying.
2019-06-14 08:43:30,685 INFO  commands.RetriableDatanodeEventWatcher (RetriableDatanodeEventWatcher.java:onTimeout(47)) - RetriableDatanodeCommand type=deleteBlocksCommand with id=1560501803578 timed out. Retrying.
2019-06-14 08:43:30,694 INFO  commands.RetriableDatanodeEventWatcher (RetriableDatanodeEventWatcher.java:onTimeout(47)) - RetriableDatanodeCommand type=deleteBlocksCommand with id=1560501803588 timed out. Retrying.
2019-06-14 08:43:30,705 INFO  commands.RetriableDatanodeEventWatcher (RetriableDatanodeEventWatcher.java:onTimeout(47)) - RetriableDatanodeCommand type=deleteBlocksCommand with id=1560501803598 timed out. Retrying.
2019-06-14 08:43:30,713 INFO  commands.RetriableDatanodeEventWatcher (RetriableDatanodeEventWatcher.java:onTimeout(47)) - RetriableDatanodeCommand type=deleteBlocksCommand with id=1560501803608 timed out. Retrying.
2019-06-14 08:43:30,722 INFO  commands.RetriableDatanodeEventWatcher (RetriableDatanodeEventWatcher.java:onTimeout(47)) - RetriableDatanodeCommand type=deleteBlocksCommand with id=1560501803618 timed out. Retrying.
2019-06-14 08:43:30,768 INFO  commands.RetriableDatanodeEventWatcher (RetriableDatanodeEventWatcher.java:onTimeout(47)) - RetriableDatanodeCommand type=deleteBlocksCommand with id=1560501803559 timed out. Retrying.
2019-06-14 08:43:30,773 DEBUG block.SCMBlockDeletingService (SCMBlockDeletingService.java:call(138)) - Running DeletedBlockTransactionScanner
2019-06-14 08:43:30,773 DEBUG block.SCMBlockDeletingService (SCMBlockDeletingService.java:call(155)) - Scanned deleted blocks log and got 3 delTX to process.
2019-06-14 08:43:30,774 DEBUG block.SCMBlockDeletingService (SCMBlockDeletingService.java:call(171)) - Added delete block command for datanode 374189d0-76c5-49d2-81b4-45a4af1368a2 in the queue, number of delete block transactions: 3, TxID list: 1,2,3
2019-06-14 08:43:30,774 INFO  block.SCMBlockDeletingService (SCMBlockDeletingService.java:call(182)) - Totally added 3 delete blocks command for 1 datanodes, task elapsed time: 1ms
2019-06-14 08:43:30,779 INFO  commands.RetriableDatanodeEventWatcher (RetriableDatanodeEventWatcher.java:onTimeout(47)) - RetriableDatanodeCommand type=deleteBlocksCommand with id=1560501803569 timed out. Retrying.
2019-06-14 08:43:30,788 INFO  commands.RetriableDatanodeEventWatcher (RetriableDatanodeEventWatcher.java:onTimeout(47)) - RetriableDatanodeCommand type=deleteBlocksCommand with id=1560501803579 timed out. Retrying.
2019-06-14 08:43:30,797 INFO  commands.RetriableDatanodeEventWatcher (RetriableDatanodeEventWatcher.java:onTimeout(47)) - RetriableDatanodeCommand type=deleteBlocksCommand with id=1560501803589 timed out. Retrying.
2019-06-14 08:43:30,806 INFO  commands.RetriableDatanodeEventWatcher (RetriableDatanodeEventWatcher.java:onTimeout(47)) - RetriableDatanodeCommand type=deleteBlocksCommand with id=1560501803599 timed out. Retrying.
2019-06-14 08:43:30,814 INFO  commands.RetriableDatanodeEventWatcher (RetriableDatanodeEventWatcher.java:onTimeout(47)) - RetriableDatanodeCommand type=deleteBlocksCommand with id=1560501803609 timed out. Retrying.
2019-06-14 08:43:30,823 INFO  commands.RetriableDatanodeEventWatcher (RetriableDatanodeEventWatcher.java:onTimeout(47)) - RetriableDatanodeCommand type=deleteBlocksCommand with id=1560501803619 timed out. Retrying.
2019-06-14 08:43:30,867 INFO  ozone.MiniOzoneClusterImpl (MiniOzoneClusterImpl.java:lambda$waitForClusterToBeReady$0(142)) - Waiting for cluster to be ready. Got 0 of 1 DN Heartbeats.
2019-06-14 08:43:30,868 INFO  commands.RetriableDatanodeEventWatcher (RetriableDatanodeEventWatcher.java:onTimeout(47)) - RetriableDatanodeCommand type=deleteBlocksCommand with id=1560501803560 timed out. Retrying.
2019-06-14 08:43:30,870 INFO  block.SCMBlockDeletingService (SCMBlockDeletingService.java:handlePendingDeletes(115)) - Block deletion txnID mismatch in datanode 374189d0-76c5-49d2-81b4-45a4af1368a2 for containerID 1. Datanode delete txnID: 0, SCM txnID: 1
2019-06-14 08:43:30,870 INFO  block.SCMBlockDeletingService (SCMBlockDeletingService.java:handlePendingDeletes(115)) - Block deletion txnID mismatch in datanode 374189d0-76c5-49d2-81b4-45a4af1368a2 for containerID 2. Datanode delete txnID: 0, SCM txnID: 2
2019-06-14 08:43:30,870 INFO  block.SCMBlockDeletingService (SCMBlockDeletingService.java:handlePendingDeletes(115)) - Block deletion txnID mismatch in datanode 374189d0-76c5-49d2-81b4-45a4af1368a2 for containerID 3. Datanode delete txnID: 0, SCM txnID: 3
2019-06-14 08:43:30,874 DEBUG block.SCMBlockDeletingService (SCMBlockDeletingService.java:call(138)) - Running DeletedBlockTransactionScanner
2019-06-14 08:43:30,874 DEBUG block.SCMBlockDeletingService (SCMBlockDeletingService.java:call(155)) - Scanned deleted blocks log and got 3 delTX to process.
2019-06-14 08:43:30,874 DEBUG block.SCMBlockDeletingService (SCMBlockDeletingService.java:call(171)) - Added delete block command for datanode 374189d0-76c5-49d2-81b4-45a4af1368a2 in the queue, number of delete block transactions: 3, TxID list: 1,2,3
2019-06-14 08:43:30,875 INFO  block.SCMBlockDeletingService (SCMBlockDeletingService.java:call(182)) - Totally added 3 delete blocks command for 1 datanodes, task elapsed time: 1ms
2019-06-14 08:43:30,882 INFO  commands.RetriableDatanodeEventWatcher (RetriableDatanodeEventWatcher.java:onTimeout(47)) - RetriableDatanodeCommand type=deleteBlocksCommand with id=1560501803570 timed out. Retrying.
2019-06-14 08:43:30,887 INFO  commands.RetriableDatanodeEventWatcher (RetriableDatanodeEventWatcher.java:onTimeout(47)) - RetriableDatanodeCommand type=deleteBlocksCommand with id=1560501803580 timed out. Retrying.
2019-06-14 08:43:30,898 INFO  commands.RetriableDatanodeEventWatcher (RetriableDatanodeEventWatcher.java:onTimeout(47)) - RetriableDatanodeCommand type=deleteBlocksCommand with id=1560501803590 timed out. Retrying.
2019-06-14 08:43:30,906 INFO  commands.RetriableDatanodeEventWatcher (RetriableDatanodeEventWatcher.java:onTimeout(47)) - RetriableDatanodeCommand type=deleteBlocksCommand with id=1560501803600 timed out. Retrying.
2019-06-14 08:43:30,915 INFO  commands.RetriableDatanodeEventWatcher (RetriableDatanodeEventWatcher.java:onTimeout(47)) - RetriableDatanodeCommand type=deleteBlocksCommand with id=1560501803610 timed out. Retrying.
2019-06-14 08:43:30,924 INFO  commands.RetriableDatanodeEventWatcher (RetriableDatanodeEventWatcher.java:onTimeout(47)) - RetriableDatanodeCommand type=deleteBlocksCommand with id=1560501803620 timed out. Retrying.
2019-06-14 08:43:30,969 INFO  commands.RetriableDatanodeEventWatcher (RetriableDatanodeEventWatcher.java:onTimeout(47)) - RetriableDatanodeCommand type=deleteBlocksCommand with id=1560501803561 timed out. Retrying.
2019-06-14 08:43:30,975 DEBUG block.SCMBlockDeletingService (SCMBlockDeletingService.java:call(138)) - Running DeletedBlockTransactionScanner
2019-06-14 08:43:30,975 DEBUG block.SCMBlockDeletingService (SCMBlockDeletingService.java:call(155)) - Scanned deleted blocks log and got 3 delTX to process.
2019-06-14 08:43:30,975 DEBUG block.SCMBlockDeletingService (SCMBlockDeletingService.java:call(171)) - Added delete block command for datanode 374189d0-76c5-49d2-81b4-45a4af1368a2 in the queue, number of delete block transactions: 3, TxID list: 1,2,3
2019-06-14 08:43:30,976 INFO  block.SCMBlockDeletingService (SCMBlockDeletingService.java:call(182)) - Totally added 3 delete blocks command for 1 datanodes, task elapsed time: 1ms
2019-06-14 08:43:30,982 INFO  commands.RetriableDatanodeEventWatcher (RetriableDatanodeEventWatcher.java:onTimeout(47)) - RetriableDatanodeCommand type=deleteBlocksCommand with id=1560501803571 timed out. Retrying.
2019-06-14 08:43:30,989 INFO  commands.RetriableDatanodeEventWatcher (RetriableDatanodeEventWatcher.java:onTimeout(47)) - RetriableDatanodeCommand type=deleteBlocksCommand with id=1560501803581 timed out. Retrying.
2019-06-14 08:43:30,999 INFO  commands.RetriableDatanodeEventWatcher (RetriableDatanodeEventWatcher.java:onTimeout(47)) - RetriableDatanodeCommand type=deleteBlocksCommand with id=1560501803591 timed out. Retrying.
2019-06-14 08:43:31,008 INFO  commands.RetriableDatanodeEventWatcher (RetriableDatanodeEventWatcher.java:onTimeout(47)) - RetriableDatanodeCommand type=deleteBlocksCommand with id=1560501803601 timed out. Retrying.
2019-06-14 08:43:31,017 INFO  commands.RetriableDatanodeEventWatcher (RetriableDatanodeEventWatcher.java:onTimeout(47)) - RetriableDatanodeCommand type=deleteBlocksCommand with id=1560501803611 timed out. Retrying.
2019-06-14 08:43:31,025 INFO  commands.RetriableDatanodeEventWatcher (RetriableDatanodeEventWatcher.java:onTimeout(47)) - RetriableDatanodeCommand type=deleteBlocksCommand with id=1560501803621 timed out. Retrying.
2019-06-14 08:43:31,070 INFO  commands.RetriableDatanodeEventWatcher (RetriableDatanodeEventWatcher.java:onTimeout(47)) - RetriableDatanodeCommand type=deleteBlocksCommand with id=1560501803562 timed out. Retrying.
2019-06-14 08:43:31,076 DEBUG block.SCMBlockDeletingService (SCMBlockDeletingService.java:call(138)) - Running DeletedBlockTransactionScanner
2019-06-14 08:43:31,076 DEBUG block.SCMBlockDeletingService (SCMBlockDeletingService.java:call(155)) - Scanned deleted blocks log and got 3 delTX to process.
2019-06-14 08:43:31,076 DEBUG block.SCMBlockDeletingService (SCMBlockDeletingService.java:call(171)) - Added delete block command for datanode 374189d0-76c5-49d2-81b4-45a4af1368a2 in the queue, number of delete block transactions: 3, TxID list: 1,2,3
2019-06-14 08:43:31,077 INFO  block.SCMBlockDeletingService (SCMBlockDeletingService.java:call(182)) - Totally added 3 delete blocks command for 1 datanodes, task elapsed time: 1ms
2019-06-14 08:43:31,081 INFO  commands.RetriableDatanodeEventWatcher (RetriableDatanodeEventWatcher.java:onTimeout(47)) - RetriableDatanodeCommand type=deleteBlocksCommand with id=1560501803572 timed out. Retrying.
2019-06-14 08:43:31,088 INFO  commands.RetriableDatanodeEventWatcher (RetriableDatanodeEventWatcher.java:onTimeout(47)) - RetriableDatanodeCommand type=deleteBlocksCommand with id=1560501803582 timed out. Retrying.
2019-06-14 08:43:31,101 INFO  commands.RetriableDatanodeEventWatcher (RetriableDatanodeEventWatcher.java:onTimeout(47)) - RetriableDatanodeCommand type=deleteBlocksCommand with id=1560501803592 timed out. Retrying.
2019-06-14 08:43:31,119 INFO  commands.RetriableDatanodeEventWatcher (RetriableDatanodeEventWatcher.java:onTimeout(47)) - RetriableDatanodeCommand type=deleteBlocksCommand with id=1560501803612 timed out. Retrying.
2019-06-14 08:43:31,121 INFO  commands.RetriableDatanodeEventWatcher (RetriableDatanodeEventWatcher.java:onTimeout(47)) - RetriableDatanodeCommand type=deleteBlocksCommand with id=1560501803602 timed out. Retrying.
2019-06-14 08:43:31,152 INFO  commands.RetriableDatanodeEventWatcher (RetriableDatanodeEventWatcher.java:onTimeout(47)) - RetriableDatanodeCommand type=deleteBlocksCommand with id=1560501803622 timed out. Retrying.
2019-06-14 08:43:31,171 INFO  commands.RetriableDatanodeEventWatcher (RetriableDatanodeEventWatcher.java:onTimeout(47)) - RetriableDatanodeCommand type=deleteBlocksCommand with id=1560501803563 timed out. Retrying.
2019-06-14 08:43:31,177 DEBUG block.SCMBlockDeletingService (SCMBlockDeletingService.java:call(138)) - Running DeletedBlockTransactionScanner
2019-06-14 08:43:31,177 DEBUG block.SCMBlockDeletingService (SCMBlockDeletingService.java:call(155)) - Scanned deleted blocks log and got 3 delTX to process.
2019-06-14 08:43:31,177 DEBUG block.SCMBlockDeletingService (SCMBlockDeletingService.java:call(171)) - Added delete block command for datanode 374189d0-76c5-49d2-81b4-45a4af1368a2 in the queue, number of delete block transactions: 3, TxID list: 1,2,3
2019-06-14 08:43:31,177 INFO  block.SCMBlockDeletingService (SCMBlockDeletingService.java:call(182)) - Totally added 3 delete blocks command for 1 datanodes, task elapsed time: 0ms
2019-06-14 08:43:31,181 INFO  commands.RetriableDatanodeEventWatcher (RetriableDatanodeEventWatcher.java:onTimeout(47)) - RetriableDatanodeCommand type=deleteBlocksCommand with id=1560501803573 timed out. Retrying.
2019-06-14 08:43:31,189 INFO  commands.RetriableDatanodeEventWatcher (RetriableDatanodeEventWatcher.java:onTimeout(47)) - RetriableDatanodeCommand type=deleteBlocksCommand with id=1560501803583 timed out. Retrying.
2019-06-14 08:43:31,201 INFO  commands.RetriableDatanodeEventWatcher (RetriableDatanodeEventWatcher.java:onTimeout(47)) - RetriableDatanodeCommand type=deleteBlocksCommand with id=1560501803593 timed out. Retrying.
2019-06-14 08:43:31,210 INFO  commands.RetriableDatanodeEventWatcher (RetriableDatanodeEventWatcher.java:onTimeout(47)) - RetriableDatanodeCommand type=deleteBlocksCommand with id=1560501803603 timed out. Retrying.
2019-06-14 08:43:31,217 INFO  commands.RetriableDatanodeEventWatcher (RetriableDatanodeEventWatcher.java:onTimeout(47)) - RetriableDatanodeCommand type=deleteBlocksCommand with id=1560501803613 timed out. Retrying.
2019-06-14 08:43:31,271 INFO  commands.RetriableDatanodeEventWatcher (RetriableDatanodeEventWatcher.java:onTimeout(47)) - RetriableDatanodeCommand type=deleteBlocksCommand with id=1560501803623 timed out. Retrying.
2019-06-14 08:43:31,275 INFO  commands.RetriableDatanodeEventWatcher (RetriableDatanodeEventWatcher.java:onTimeout(47)) - RetriableDatanodeCommand type=deleteBlocksCommand with id=1560501803564 timed out. Retrying.
2019-06-14 08:43:31,278 DEBUG block.SCMBlockDeletingService (SCMBlockDeletingService.java:call(138)) - Running DeletedBlockTransactionScanner
2019-06-14 08:43:31,278 DEBUG block.SCMBlockDeletingService (SCMBlockDeletingService.java:call(155)) - Scanned deleted blocks log and got 3 delTX to process.
2019-06-14 08:43:31,278 DEBUG block.SCMBlockDeletingService (SCMBlockDeletingService.java:call(171)) - Added delete block command for datanode 374189d0-76c5-49d2-81b4-45a4af1368a2 in the queue, number of delete block transactions: 3, TxID list: 1,2,3
2019-06-14 08:43:31,278 INFO  block.SCMBlockDeletingService (SCMBlockDeletingService.java:call(182)) - Totally added 3 delete blocks command for 1 datanodes, task elapsed time: 0ms
2019-06-14 08:43:31,281 INFO  commands.RetriableDatanodeEventWatcher (RetriableDatanodeEventWatcher.java:onTimeout(47)) - RetriableDatanodeCommand type=deleteBlocksCommand with id=1560501803574 timed out. Retrying.
2019-06-14 08:43:31,291 INFO  commands.RetriableDatanodeEventWatcher (RetriableDatanodeEventWatcher.java:onTimeout(47)) - RetriableDatanodeCommand type=deleteBlocksCommand with id=1560501803584 timed out. Retrying.
2019-06-14 08:43:31,302 INFO  commands.RetriableDatanodeEventWatcher (RetriableDatanodeEventWatcher.java:onTimeout(47)) - RetriableDatanodeCommand type=deleteBlocksCommand with id=1560501803594 timed out. Retrying.
2019-06-14 08:43:31,310 INFO  commands.RetriableDatanodeEventWatcher (RetriableDatanodeEventWatcher.java:onTimeout(47)) - RetriableDatanodeCommand type=deleteBlocksCommand with id=1560501803604 timed out. Retrying.
2019-06-14 08:43:31,318 INFO  commands.RetriableDatanodeEventWatcher (RetriableDatanodeEventWatcher.java:onTimeout(47)) - RetriableDatanodeCommand type=deleteBlocksCommand with id=1560501803614 timed out. Retrying.
2019-06-14 08:43:31,370 INFO  commands.RetriableDatanodeEventWatcher (RetriableDatanodeEventWatcher.java:onTimeout(47)) - RetriableDatanodeCommand type=deleteBlocksCommand with id=1560501803624 timed out. Retrying.
2019-06-14 08:43:31,376 INFO  commands.RetriableDatanodeEventWatcher (RetriableDatanodeEventWatcher.java:onTimeout(47)) - RetriableDatanodeCommand type=deleteBlocksCommand with id=1560501803565 timed out. Retrying.
2019-06-14 08:43:31,378 DEBUG block.SCMBlockDeletingService (SCMBlockDeletingService.java:call(138)) - Running DeletedBlockTransactionScanner
2019-06-14 08:43:31,379 DEBUG block.SCMBlockDeletingService (SCMBlockDeletingService.java:call(155)) - Scanned deleted blocks log and got 3 delTX to process.
2019-06-14 08:43:31,379 DEBUG block.SCMBlockDeletingService (SCMBlockDeletingService.java:call(171)) - Added delete block command for datanode 374189d0-76c5-49d2-81b4-45a4af1368a2 in the queue, number of delete block transactions: 3, TxID list: 1,2,3
2019-06-14 08:43:31,379 INFO  block.SCMBlockDeletingService (SCMBlockDeletingService.java:call(182)) - Totally added 3 delete blocks command for 1 datanodes, task elapsed time: 1ms
2019-06-14 08:43:31,382 INFO  commands.RetriableDatanodeEventWatcher (RetriableDatanodeEventWatcher.java:onTimeout(47)) - RetriableDatanodeCommand type=deleteBlocksCommand with id=1560501803575 timed out. Retrying.
2019-06-14 08:43:31,393 INFO  commands.RetriableDatanodeEventWatcher (RetriableDatanodeEventWatcher.java:onTimeout(47)) - RetriableDatanodeCommand type=deleteBlocksCommand with id=1560501803585 timed out. Retrying.
2019-06-14 08:43:31,402 INFO  commands.RetriableDatanodeEventWatcher (RetriableDatanodeEventWatcher.java:onTimeout(47)) - RetriableDatanodeCommand type=deleteBlocksCommand with id=1560501803595 timed out. Retrying.
2019-06-14 08:43:31,412 INFO  commands.RetriableDatanodeEventWatcher (RetriableDatanodeEventWatcher.java:onTimeout(47)) - RetriableDatanodeCommand type=deleteBlocksCommand with id=1560501803605 timed out. Retrying.
2019-06-14 08:43:31,419 INFO  commands.RetriableDatanodeEventWatcher (RetriableDatanodeEventWatcher.java:onTimeout(47)) - RetriableDatanodeCommand type=deleteBlocksCommand with id=1560501803615 timed out. Retrying.
2019-06-14 08:43:31,471 INFO  commands.RetriableDatanodeEventWatcher (RetriableDatanodeEventWatcher.java:onTimeout(47)) - RetriableDatanodeCommand type=deleteBlocksCommand with id=1560501803625 timed out. Retrying.
2019-06-14 08:43:31,477 INFO  commands.RetriableDatanodeEventWatcher (RetriableDatanodeEventWatcher.java:onTimeout(47)) - RetriableDatanodeCommand type=deleteBlocksCommand with id=1560501803566 timed out. Retrying.
2019-06-14 08:43:31,479 DEBUG block.SCMBlockDeletingService (SCMBlockDeletingService.java:call(138)) - Running DeletedBlockTransactionScanner
2019-06-14 08:43:31,480 DEBUG block.SCMBlockDeletingService (SCMBlockDeletingService.java:call(155)) - Scanned deleted blocks log and got 3 delTX to process.
2019-06-14 08:43:31,480 DEBUG block.SCMBlockDeletingService (SCMBlockDeletingService.java:call(171)) - Added delete block command for datanode 374189d0-76c5-49d2-81b4-45a4af1368a2 in the queue, number of delete block transactions: 3, TxID list: 1,2,3
2019-06-14 08:43:31,480 INFO  block.SCMBlockDeletingService (SCMBlockDeletingService.java:call(182)) - Totally added 3 delete blocks command for 1 datanodes, task elapsed time: 1ms
2019-06-14 08:43:31,484 INFO  commands.RetriableDatanodeEventWatcher (RetriableDatanodeEventWatcher.java:onTimeout(47)) - RetriableDatanodeCommand type=deleteBlocksCommand with id=1560501803576 timed out. Retrying.
2019-06-14 08:43:31,492 INFO  commands.RetriableDatanodeEventWatcher (RetriableDatanodeEventWatcher.java:onTimeout(47)) - RetriableDatanodeCommand type=deleteBlocksCommand with id=1560501803586 timed out. Retrying.
2019-06-14 08:43:31,505 INFO  commands.RetriableDatanodeEventWatcher (RetriableDatanodeEventWatcher.java:onTimeout(47)) - RetriableDatanodeCommand type=deleteBlocksCommand with id=1560501803596 timed out. Retrying.
2019-06-14 08:43:31,512 INFO  commands.RetriableDatanodeEventWatcher (RetriableDatanodeEventWatcher.java:onTimeout(47)) - RetriableDatanodeCommand type=deleteBlocksCommand with id=1560501803606 timed out. Retrying.
2019-06-14 08:43:31,520 INFO  commands.RetriableDatanodeEventWatcher (RetriableDatanodeEventWatcher.java:onTimeout(47)) - RetriableDatanodeCommand type=deleteBlocksCommand with id=1560501803616 timed out. Retrying.
2019-06-14 08:43:31,561 INFO  commands.RetriableDatanodeEventWatcher (RetriableDatanodeEventWatcher.java:onTimeout(47)) - RetriableDatanodeCommand type=deleteBlocksCommand with id=1560501803557 timed out. Retrying.
2019-06-14 08:43:31,572 INFO  commands.RetriableDatanodeEventWatcher (RetriableDatanodeEventWatcher.java:onTimeout(47)) - RetriableDatanodeCommand type=deleteBlocksCommand with id=1560501803626 timed out. Retrying.
2019-06-14 08:43:31,576 INFO  commands.RetriableDatanodeEventWatcher (RetriableDatanodeEventWatcher.java:onTimeout(47)) - RetriableDatanodeCommand type=deleteBlocksCommand with id=1560501803567 timed out. Retrying.
2019-06-14 08:43:31,580 DEBUG block.SCMBlockDeletingService (SCMBlockDeletingService.java:call(138)) - Running DeletedBlockTransactionScanner
2019-06-14 08:43:31,580 DEBUG block.SCMBlockDeletingService (SCMBlockDeletingService.java:call(155)) - Scanned deleted blocks log and got 3 delTX to process.
2019-06-14 08:43:31,581 DEBUG block.SCMBlockDeletingService (SCMBlockDeletingService.java:call(171)) - Added delete block command for datanode 374189d0-76c5-49d2-81b4-45a4af1368a2 in the queue, number of delete block transactions: 3, TxID list: 1,2,3
2019-06-14 08:43:31,581 INFO  block.SCMBlockDeletingService (SCMBlockDeletingService.java:call(182)) - Totally added 3 delete blocks command for 1 datanodes, task elapsed time: 1ms
2019-06-14 08:43:31,585 INFO  commands.RetriableDatanodeEventWatcher (RetriableDatanodeEventWatcher.java:onTimeout(47)) - RetriableDatanodeCommand type=deleteBlocksCommand with id=1560501803577 timed out. Retrying.
2019-06-14 08:43:31,594 INFO  commands.RetriableDatanodeEventWatcher (RetriableDatanodeEventWatcher.java:onTimeout(47)) - RetriableDatanodeCommand type=deleteBlocksCommand with id=1560501803587 timed out. Retrying.
2019-06-14 08:43:31,604 INFO  commands.RetriableDatanodeEventWatcher (RetriableDatanodeEventWatcher.java:onTimeout(47)) - RetriableDatanodeCommand type=deleteBlocksCommand with id=1560501803597 timed out. Retrying.
2019-06-14 08:43:31,613 INFO  commands.RetriableDatanodeEventWatcher (RetriableDatanodeEventWatcher.java:onTimeout(47)) - RetriableDatanodeCommand type=deleteBlocksCommand with id=1560501803607 timed out. Retrying.
2019-06-14 08:43:31,622 INFO  commands.RetriableDatanodeEventWatcher (RetriableDatanodeEventWatcher.java:onTimeout(47)) - RetriableDatanodeCommand type=deleteBlocksCommand with id=1560501803617 timed out. Retrying.
2019-06-14 08:43:31,668 INFO  commands.RetriableDatanodeEventWatcher (RetriableDatanodeEventWatcher.java:onTimeout(47)) - RetriableDatanodeCommand type=deleteBlocksCommand with id=1560501803558 timed out. Retrying.
2019-06-14 08:43:31,673 INFO  commands.RetriableDatanodeEventWatcher (RetriableDatanodeEventWatcher.java:onTimeout(47)) - RetriableDatanodeCommand type=deleteBlocksCommand with id=1560501803627 timed out. Retrying.
2019-06-14 08:43:31,678 INFO  commands.RetriableDatanodeEventWatcher (RetriableDatanodeEventWatcher.java:onTimeout(47)) - RetriableDatanodeCommand type=deleteBlocksCommand with id=1560501803568 timed out. Retrying.
2019-06-14 08:43:31,681 DEBUG block.SCMBlockDeletingService (SCMBlockDeletingService.java:call(138)) - Running DeletedBlockTransactionScanner
2019-06-14 08:43:31,681 DEBUG block.SCMBlockDeletingService (SCMBlockDeletingService.java:call(155)) - Scanned deleted blocks log and got 3 delTX to process.
2019-06-14 08:43:31,682 DEBUG block.SCMBlockDeletingService (SCMBlockDeletingService.java:call(171)) - Added delete block command for datanode 374189d0-76c5-49d2-81b4-45a4af1368a2 in the queue, number of delete block transactions: 3, TxID list: 1,2,3
2019-06-14 08:43:31,682 INFO  block.SCMBlockDeletingService (SCMBlockDeletingService.java:call(182)) - Totally added 3 delete blocks command for 1 datanodes, task elapsed time: 1ms
2019-06-14 08:43:31,685 INFO  commands.RetriableDatanodeEventWatcher (RetriableDatanodeEventWatcher.java:onTimeout(47)) - RetriableDatanodeCommand type=deleteBlocksCommand with id=1560501803578 timed out. Retrying.
2019-06-14 08:43:31,695 INFO  commands.RetriableDatanodeEventWatcher (RetriableDatanodeEventWatcher.java:onTimeout(47)) - RetriableDatanodeCommand type=deleteBlocksCommand with id=1560501803588 timed out. Retrying.
2019-06-14 08:43:31,705 INFO  commands.RetriableDatanodeEventWatcher (RetriableDatanodeEventWatcher.java:onTimeout(47)) - RetriableDatanodeCommand type=deleteBlocksCommand with id=1560501803598 timed out. Retrying.
2019-06-14 08:43:31,713 INFO  commands.RetriableDatanodeEventWatcher (RetriableDatanodeEventWatcher.java:onTimeout(47)) - RetriableDatanodeCommand type=deleteBlocksCommand with id=1560501803608 timed out. Retrying.
2019-06-14 08:43:31,722 INFO  commands.RetriableDatanodeEventWatcher (RetriableDatanodeEventWatcher.java:onTimeout(47)) - RetriableDatanodeCommand type=deleteBlocksCommand with id=1560501803618 timed out. Retrying.
2019-06-14 08:43:31,769 INFO  commands.RetriableDatanodeEventWatcher (RetriableDatanodeEventWatcher.java:onTimeout(47)) - RetriableDatanodeCommand type=deleteBlocksCommand with id=1560501803559 timed out. Retrying.
2019-06-14 08:43:31,774 INFO  commands.RetriableDatanodeEventWatcher (RetriableDatanodeEventWatcher.java:onTimeout(47)) - RetriableDatanodeCommand type=deleteBlocksCommand with id=1560501803628 timed out. Retrying.
2019-06-14 08:43:31,779 INFO  commands.RetriableDatanodeEventWatcher (RetriableDatanodeEventWatcher.java:onTimeout(47)) - RetriableDatanodeCommand type=deleteBlocksCommand with id=1560501803569 timed out. Retrying.
2019-06-14 08:43:31,782 DEBUG block.SCMBlockDeletingService (SCMBlockDeletingService.java:call(138)) - Running DeletedBlockTransactionScanner
2019-06-14 08:43:31,782 DEBUG block.SCMBlockDeletingService (SCMBlockDeletingService.java:call(155)) - Scanned deleted blocks log and got 3 delTX to process.
2019-06-14 08:43:31,783 DEBUG block.SCMBlockDeletingService (SCMBlockDeletingService.java:call(171)) - Added delete block command for datanode 374189d0-76c5-49d2-81b4-45a4af1368a2 in the queue, number of delete block transactions: 3, TxID list: 1,2,3
2019-06-14 08:43:31,783 INFO  block.SCMBlockDeletingService (SCMBlockDeletingService.java:call(182)) - Totally added 3 delete blocks command for 1 datanodes, task elapsed time: 1ms
2019-06-14 08:43:31,788 INFO  commands.RetriableDatanodeEventWatcher (RetriableDatanodeEventWatcher.java:onTimeout(47)) - RetriableDatanodeCommand type=deleteBlocksCommand with id=1560501803579 timed out. Retrying.
2019-06-14 08:43:31,797 INFO  commands.RetriableDatanodeEventWatcher (RetriableDatanodeEventWatcher.java:onTimeout(47)) - RetriableDatanodeCommand type=deleteBlocksCommand with id=1560501803589 timed out. Retrying.
2019-06-14 08:43:31,806 INFO  commands.RetriableDatanodeEventWatcher (RetriableDatanodeEventWatcher.java:onTimeout(47)) - RetriableDatanodeCommand type=deleteBlocksCommand with id=1560501803599 timed out. Retrying.
2019-06-14 08:43:31,814 INFO  commands.RetriableDatanodeEventWatcher (RetriableDatanodeEventWatcher.java:onTimeout(47)) - RetriableDatanodeCommand type=deleteBlocksCommand with id=1560501803609 timed out. Retrying.
2019-06-14 08:43:31,823 INFO  commands.RetriableDatanodeEventWatcher (RetriableDatanodeEventWatcher.java:onTimeout(47)) - RetriableDatanodeCommand type=deleteBlocksCommand with id=1560501803619 timed out. Retrying.
2019-06-14 08:43:31,867 INFO  ozone.MiniOzoneClusterImpl (MiniOzoneClusterImpl.java:lambda$waitForClusterToBeReady$0(142)) - Waiting for cluster to be ready. Got 0 of 1 DN Heartbeats.
2019-06-14 08:43:31,868 INFO  commands.RetriableDatanodeEventWatcher (RetriableDatanodeEventWatcher.java:onTimeout(47)) - RetriableDatanodeCommand type=deleteBlocksCommand with id=1560501803560 timed out. Retrying.
2019-06-14 08:43:31,874 INFO  commands.RetriableDatanodeEventWatcher (RetriableDatanodeEventWatcher.java:onTimeout(47)) - RetriableDatanodeCommand type=deleteBlocksCommand with id=1560501803629 timed out. Retrying.
2019-06-14 08:43:31,882 INFO  commands.RetriableDatanodeEventWatcher (RetriableDatanodeEventWatcher.java:onTimeout(47)) - RetriableDatanodeCommand type=deleteBlocksCommand with id=1560501803570 timed out. Retrying.
2019-06-14 08:43:31,883 DEBUG block.SCMBlockDeletingService (SCMBlockDeletingService.java:call(138)) - Running DeletedBlockTransactionScanner
2019-06-14 08:43:31,883 DEBUG block.SCMBlockDeletingService (SCMBlockDeletingService.java:call(155)) - Scanned deleted blocks log and got 3 delTX to process.
2019-06-14 08:43:31,883 DEBUG block.SCMBlockDeletingService (SCMBlockDeletingService.java:call(171)) - Added delete block command for datanode 374189d0-76c5-49d2-81b4-45a4af1368a2 in the queue, number of delete block transactions: 3, TxID list: 1,2,3
2019-06-14 08:43:31,884 INFO  block.SCMBlockDeletingService (SCMBlockDeletingService.java:call(182)) - Totally added 3 delete blocks command for 1 datanodes, task elapsed time: 1ms
2019-06-14 08:43:31,887 INFO  commands.RetriableDatanodeEventWatcher (RetriableDatanodeEventWatcher.java:onTimeout(47)) - RetriableDatanodeCommand type=deleteBlocksCommand with id=1560501803580 timed out. Retrying.
2019-06-14 08:43:31,898 INFO  commands.RetriableDatanodeEventWatcher (RetriableDatanodeEventWatcher.java:onTimeout(47)) - RetriableDatanodeCommand type=deleteBlocksCommand with id=1560501803590 timed out. Retrying.
2019-06-14 08:43:31,907 INFO  commands.RetriableDatanodeEventWatcher (RetriableDatanodeEventWatcher.java:onTimeout(47)) - RetriableDatanodeCommand type=deleteBlocksCommand with id=1560501803600 timed out. Retrying.
2019-06-14 08:43:31,915 INFO  commands.RetriableDatanodeEventWatcher (RetriableDatanodeEventWatcher.java:onTimeout(47)) - RetriableDatanodeCommand type=deleteBlocksCommand with id=1560501803610 timed out. Retrying.
2019-06-14 08:43:31,925 INFO  commands.RetriableDatanodeEventWatcher (RetriableDatanodeEventWatcher.java:onTimeout(47)) - RetriableDatanodeCommand type=deleteBlocksCommand with id=1560501803620 timed out. Retrying.
2019-06-14 08:43:31,969 INFO  commands.RetriableDatanodeEventWatcher (RetriableDatanodeEventWatcher.java:onTimeout(47)) - RetriableDatanodeCommand type=deleteBlocksCommand with id=1560501803561 timed out. Retrying.
2019-06-14 08:43:31,975 INFO  commands.RetriableDatanodeEventWatcher (RetriableDatanodeEventWatcher.java:onTimeout(47)) - RetriableDatanodeCommand type=deleteBlocksCommand with id=1560501803630 timed out. Retrying.
2019-06-14 08:43:31,982 INFO  commands.RetriableDatanodeEventWatcher (RetriableDatanodeEventWatcher.java:onTimeout(47)) - RetriableDatanodeCommand type=deleteBlocksCommand with id=1560501803571 timed out. Retrying.
2019-06-14 08:43:31,984 DEBUG block.SCMBlockDeletingService (SCMBlockDeletingService.java:call(138)) - Running DeletedBlockTransactionScanner
2019-06-14 08:43:31,984 DEBUG block.SCMBlockDeletingService (SCMBlockDeletingService.java:call(155)) - Scanned deleted blocks log and got 3 delTX to process.
2019-06-14 08:43:31,984 DEBUG block.SCMBlockDeletingService (SCMBlockDeletingService.java:call(171)) - Added delete block command for datanode 374189d0-76c5-49d2-81b4-45a4af1368a2 in the queue, number of delete block transactions: 3, TxID list: 1,2,3
2019-06-14 08:43:31,984 INFO  block.SCMBlockDeletingService (SCMBlockDeletingService.java:call(182)) - Totally added 3 delete blocks command for 1 datanodes, task elapsed time: 0ms
2019-06-14 08:43:31,989 INFO  commands.RetriableDatanodeEventWatcher (RetriableDatanodeEventWatcher.java:onTimeout(47)) - RetriableDatanodeCommand type=deleteBlocksCommand with id=1560501803581 timed out. Retrying.
2019-06-14 08:43:31,999 INFO  commands.RetriableDatanodeEventWatcher (RetriableDatanodeEventWatcher.java:onTimeout(47)) - RetriableDatanodeCommand type=deleteBlocksCommand with id=1560501803591 timed out. Retrying.
2019-06-14 08:43:32,009 INFO  commands.RetriableDatanodeEventWatcher (RetriableDatanodeEventWatcher.java:onTimeout(47)) - RetriableDatanodeCommand type=deleteBlocksCommand with id=1560501803601 timed out. Retrying.
2019-06-14 08:43:32,017 INFO  commands.RetriableDatanodeEventWatcher (RetriableDatanodeEventWatcher.java:onTimeout(47)) - RetriableDatanodeCommand type=deleteBlocksCommand with id=1560501803611 timed out. Retrying.
2019-06-14 08:43:32,025 INFO  commands.RetriableDatanodeEventWatcher (RetriableDatanodeEventWatcher.java:onTimeout(47)) - RetriableDatanodeCommand type=deleteBlocksCommand with id=1560501803621 timed out. Retrying.
2019-06-14 08:43:32,070 INFO  commands.RetriableDatanodeEventWatcher (RetriableDatanodeEventWatcher.java:onTimeout(47)) - RetriableDatanodeCommand type=deleteBlocksCommand with id=1560501803562 timed out. Retrying.
2019-06-14 08:43:32,076 INFO  commands.RetriableDatanodeEventWatcher (RetriableDatanodeEventWatcher.java:onTimeout(47)) - RetriableDatanodeCommand type=deleteBlocksCommand with id=1560501803631 timed out. Retrying.
2019-06-14 08:43:32,082 INFO  commands.RetriableDatanodeEventWatcher (RetriableDatanodeEventWatcher.java:onTimeout(47)) - RetriableDatanodeCommand type=deleteBlocksCommand with id=1560501803572 timed out. Retrying.
2019-06-14 08:43:32,085 DEBUG block.SCMBlockDeletingService (SCMBlockDeletingService.java:call(138)) - Running DeletedBlockTransactionScanner
2019-06-14 08:43:32,085 DEBUG block.SCMBlockDeletingService (SCMBlockDeletingService.java:call(155)) - Scanned deleted blocks log and got 3 delTX to process.
2019-06-14 08:43:32,085 DEBUG block.SCMBlockDeletingService (SCMBlockDeletingService.java:call(171)) - Added delete block command for datanode 374189d0-76c5-49d2-81b4-45a4af1368a2 in the queue, number of delete block transactions: 3, TxID list: 1,2,3
2019-06-14 08:43:32,085 INFO  block.SCMBlockDeletingService (SCMBlockDeletingService.java:call(182)) - Totally added 3 delete blocks command for 1 datanodes, task elapsed time: 0ms
2019-06-14 08:43:32,088 INFO  commands.RetriableDatanodeEventWatcher (RetriableDatanodeEventWatcher.java:onTimeout(47)) - RetriableDatanodeCommand type=deleteBlocksCommand with id=1560501803582 timed out. Retrying.
2019-06-14 08:43:32,101 INFO  commands.RetriableDatanodeEventWatcher (RetriableDatanodeEventWatcher.java:onTimeout(47)) - RetriableDatanodeCommand type=deleteBlocksCommand with id=1560501803592 timed out. Retrying.
2019-06-14 08:43:32,119 INFO  commands.RetriableDatanodeEventWatcher (RetriableDatanodeEventWatcher.java:onTimeout(47)) - RetriableDatanodeCommand type=deleteBlocksCommand with id=1560501803612 timed out. Retrying.
2019-06-14 08:43:32,121 INFO  commands.RetriableDatanodeEventWatcher (RetriableDatanodeEventWatcher.java:onTimeout(47)) - RetriableDatanodeCommand type=deleteBlocksCommand with id=1560501803602 timed out. Retrying.
2019-06-14 08:43:32,152 INFO  commands.RetriableDatanodeEventWatcher (RetriableDatanodeEventWatcher.java:onTimeout(47)) - RetriableDatanodeCommand type=deleteBlocksCommand with id=1560501803622 timed out. Retrying.
2019-06-14 08:43:32,171 INFO  commands.RetriableDatanodeEventWatcher (RetriableDatanodeEventWatcher.java:onTimeout(47)) - RetriableDatanodeCommand type=deleteBlocksCommand with id=1560501803563 timed out. Retrying.
2019-06-14 08:43:32,177 INFO  commands.RetriableDatanodeEventWatcher (RetriableDatanodeEventWatcher.java:onTimeout(47)) - RetriableDatanodeCommand type=deleteBlocksCommand with id=1560501803632 timed out. Retrying.
2019-06-14 08:43:32,181 INFO  commands.RetriableDatanodeEventWatcher (RetriableDatanodeEventWatcher.java:onTimeout(47)) - RetriableDatanodeCommand type=deleteBlocksCommand with id=1560501803573 timed out. Retrying.
2019-06-14 08:43:32,185 DEBUG block.SCMBlockDeletingService (SCMBlockDeletingService.java:call(138)) - Running DeletedBlockTransactionScanner
2019-06-14 08:43:32,186 DEBUG block.SCMBlockDeletingService (SCMBlockDeletingService.java:call(155)) - Scanned deleted blocks log and got 3 delTX to process.
2019-06-14 08:43:32,186 DEBUG block.SCMBlockDeletingService (SCMBlockDeletingService.java:call(171)) - Added delete block command for datanode 374189d0-76c5-49d2-81b4-45a4af1368a2 in the queue, number of delete block transactions: 3, TxID list: 1,2,3
2019-06-14 08:43:32,186 INFO  block.SCMBlockDeletingService (SCMBlockDeletingService.java:call(182)) - Totally added 3 delete blocks command for 1 datanodes, task elapsed time: 1ms
2019-06-14 08:43:32,190 INFO  commands.RetriableDatanodeEventWatcher (RetriableDatanodeEventWatcher.java:onTimeout(47)) - RetriableDatanodeCommand type=deleteBlocksCommand with id=1560501803583 timed out. Retrying.
2019-06-14 08:43:32,201 INFO  commands.RetriableDatanodeEventWatcher (RetriableDatanodeEventWatcher.java:onTimeout(47)) - RetriableDatanodeCommand type=deleteBlocksCommand with id=1560501803593 timed out. Retrying.
2019-06-14 08:43:32,210 INFO  commands.RetriableDatanodeEventWatcher (RetriableDatanodeEventWatcher.java:onTimeout(47)) - RetriableDatanodeCommand type=deleteBlocksCommand with id=1560501803603 timed out. Retrying.
2019-06-14 08:43:32,218 INFO  commands.RetriableDatanodeEventWatcher (RetriableDatanodeEventWatcher.java:onTimeout(47)) - RetriableDatanodeCommand type=deleteBlocksCommand with id=1560501803613 timed out. Retrying.
2019-06-14 08:43:32,271 INFO  commands.RetriableDatanodeEventWatcher (RetriableDatanodeEventWatcher.java:onTimeout(47)) - RetriableDatanodeCommand type=deleteBlocksCommand with id=1560501803623 timed out. Retrying.
2019-06-14 08:43:32,275 INFO  commands.RetriableDatanodeEventWatcher (RetriableDatanodeEventWatcher.java:onTimeout(47)) - RetriableDatanodeCommand type=deleteBlocksCommand with id=1560501803564 timed out. Retrying.
2019-06-14 08:43:32,278 INFO  commands.RetriableDatanodeEventWatcher (RetriableDatanodeEventWatcher.java:onTimeout(47)) - RetriableDatanodeCommand type=deleteBlocksCommand with id=1560501803633 timed out. Retrying.
2019-06-14 08:43:32,281 INFO  commands.RetriableDatanodeEventWatcher (RetriableDatanodeEventWatcher.java:onTimeout(47)) - RetriableDatanodeCommand type=deleteBlocksCommand with id=1560501803574 timed out. Retrying.
2019-06-14 08:43:32,286 DEBUG block.SCMBlockDeletingService (SCMBlockDeletingService.java:call(138)) - Running DeletedBlockTransactionScanner
2019-06-14 08:43:32,286 DEBUG block.SCMBlockDeletingService (SCMBlockDeletingService.java:call(155)) - Scanned deleted blocks log and got 3 delTX to process.
2019-06-14 08:43:32,287 DEBUG block.SCMBlockDeletingService (SCMBlockDeletingService.java:call(171)) - Added delete block command for datanode 374189d0-76c5-49d2-81b4-45a4af1368a2 in the queue, number of delete block transactions: 3, TxID list: 1,2,3
2019-06-14 08:43:32,287 INFO  block.SCMBlockDeletingService (SCMBlockDeletingService.java:call(182)) - Totally added 3 delete blocks command for 1 datanodes, task elapsed time: 1ms
2019-06-14 08:43:32,291 INFO  commands.RetriableDatanodeEventWatcher (RetriableDatanodeEventWatcher.java:onTimeout(47)) - RetriableDatanodeCommand type=deleteBlocksCommand with id=1560501803584 timed out. Retrying.
2019-06-14 08:43:32,302 INFO  commands.RetriableDatanodeEventWatcher (RetriableDatanodeEventWatcher.java:onTimeout(47)) - RetriableDatanodeCommand type=deleteBlocksCommand with id=1560501803594 timed out. Retrying.
2019-06-14 08:43:32,311 INFO  commands.RetriableDatanodeEventWatcher (RetriableDatanodeEventWatcher.java:onTimeout(47)) - RetriableDatanodeCommand type=deleteBlocksCommand with id=1560501803604 timed out. Retrying.
2019-06-14 08:43:32,318 INFO  commands.RetriableDatanodeEventWatcher (RetriableDatanodeEventWatcher.java:onTimeout(47)) - RetriableDatanodeCommand type=deleteBlocksCommand with id=1560501803614 timed out. Retrying.
2019-06-14 08:43:32,370 INFO  commands.RetriableDatanodeEventWatcher (RetriableDatanodeEventWatcher.java:onTimeout(47)) - RetriableDatanodeCommand type=deleteBlocksCommand with id=1560501803624 timed out. Retrying.
2019-06-14 08:43:32,376 INFO  commands.RetriableDatanodeEventWatcher (RetriableDatanodeEventWatcher.java:onTimeout(47)) - RetriableDatanodeCommand type=deleteBlocksCommand with id=1560501803565 timed out. Retrying.
2019-06-14 08:43:32,379 INFO  commands.RetriableDatanodeEventWatcher (RetriableDatanodeEventWatcher.java:onTimeout(47)) - RetriableDatanodeCommand type=deleteBlocksCommand with id=1560501803634 timed out. Retrying.
2019-06-14 08:43:32,382 INFO  commands.RetriableDatanodeEventWatcher (RetriableDatanodeEventWatcher.java:onTimeout(47)) - RetriableDatanodeCommand type=deleteBlocksCommand with id=1560501803575 timed out. Retrying.
2019-06-14 08:43:32,387 DEBUG block.SCMBlockDeletingService (SCMBlockDeletingService.java:call(138)) - Running DeletedBlockTransactionScanner
2019-06-14 08:43:32,387 DEBUG block.SCMBlockDeletingService (SCMBlockDeletingService.java:call(155)) - Scanned deleted blocks log and got 3 delTX to process.
2019-06-14 08:43:32,387 DEBUG block.SCMBlockDeletingService (SCMBlockDeletingService.java:call(171)) - Added delete block command for datanode 374189d0-76c5-49d2-81b4-45a4af1368a2 in the queue, number of delete block transactions: 3, TxID list: 1,2,3
2019-06-14 08:43:32,388 INFO  block.SCMBlockDeletingService (SCMBlockDeletingService.java:call(182)) - Totally added 3 delete blocks command for 1 datanodes, task elapsed time: 1ms
2019-06-14 08:43:32,394 INFO  commands.RetriableDatanodeEventWatcher (RetriableDatanodeEventWatcher.java:onTimeout(47)) - RetriableDatanodeCommand type=deleteBlocksCommand with id=1560501803585 timed out. Retrying.
2019-06-14 08:43:32,403 INFO  commands.RetriableDatanodeEventWatcher (RetriableDatanodeEventWatcher.java:onTimeout(47)) - RetriableDatanodeCommand type=deleteBlocksCommand with id=1560501803595 timed out. Retrying.
2019-06-14 08:43:32,412 INFO  commands.RetriableDatanodeEventWatcher (RetriableDatanodeEventWatcher.java:onTimeout(47)) - RetriableDatanodeCommand type=deleteBlocksCommand with id=1560501803605 timed out. Retrying.
2019-06-14 08:43:32,419 INFO  commands.RetriableDatanodeEventWatcher (RetriableDatanodeEventWatcher.java:onTimeout(47)) - RetriableDatanodeCommand type=deleteBlocksCommand with id=1560501803615 timed out. Retrying.
2019-06-14 08:43:32,471 INFO  commands.RetriableDatanodeEventWatcher (RetriableDatanodeEventWatcher.java:onTimeout(47)) - RetriableDatanodeCommand type=deleteBlocksCommand with id=1560501803625 timed out. Retrying.
2019-06-14 08:43:32,477 INFO  commands.RetriableDatanodeEventWatcher (RetriableDatanodeEventWatcher.java:onTimeout(47)) - RetriableDatanodeCommand type=deleteBlocksCommand with id=1560501803566 timed out. Retrying.
2019-06-14 08:43:32,480 INFO  commands.RetriableDatanodeEventWatcher (RetriableDatanodeEventWatcher.java:onTimeout(47)) - RetriableDatanodeCommand type=deleteBlocksCommand with id=1560501803635 timed out. Retrying.
2019-06-14 08:43:32,484 INFO  commands.RetriableDatanodeEventWatcher (RetriableDatanodeEventWatcher.java:onTimeout(47)) - RetriableDatanodeCommand type=deleteBlocksCommand with id=1560501803576 timed out. Retrying.
2019-06-14 08:43:32,488 DEBUG block.SCMBlockDeletingService (SCMBlockDeletingService.java:call(138)) - Running DeletedBlockTransactionScanner
2019-06-14 08:43:32,488 DEBUG block.SCMBlockDeletingService (SCMBlockDeletingService.java:call(155)) - Scanned deleted blocks log and got 3 delTX to process.
2019-06-14 08:43:32,488 DEBUG block.SCMBlockDeletingService (SCMBlockDeletingService.java:call(171)) - Added delete block command for datanode 374189d0-76c5-49d2-81b4-45a4af1368a2 in the queue, number of delete block transactions: 3, TxID list: 1,2,3
2019-06-14 08:43:32,488 INFO  block.SCMBlockDeletingService (SCMBlockDeletingService.java:call(182)) - Totally added 3 delete blocks command for 1 datanodes, task elapsed time: 0ms
2019-06-14 08:43:32,492 INFO  commands.RetriableDatanodeEventWatcher (RetriableDatanodeEventWatcher.java:onTimeout(47)) - RetriableDatanodeCommand type=deleteBlocksCommand with id=1560501803586 timed out. Retrying.
2019-06-14 08:43:32,506 INFO  commands.RetriableDatanodeEventWatcher (RetriableDatanodeEventWatcher.java:onTimeout(47)) - RetriableDatanodeCommand type=deleteBlocksCommand with id=1560501803596 timed out. Retrying.
2019-06-14 08:43:32,512 INFO  commands.RetriableDatanodeEventWatcher (RetriableDatanodeEventWatcher.java:onTimeout(47)) - RetriableDatanodeCommand type=deleteBlocksCommand with id=1560501803606 timed out. Retrying.
2019-06-14 08:43:32,520 INFO  commands.RetriableDatanodeEventWatcher (RetriableDatanodeEventWatcher.java:onTimeout(47)) - RetriableDatanodeCommand type=deleteBlocksCommand with id=1560501803616 timed out. Retrying.
2019-06-14 08:43:32,561 INFO  commands.RetriableDatanodeEventWatcher (RetriableDatanodeEventWatcher.java:onTimeout(47)) - RetriableDatanodeCommand type=deleteBlocksCommand with id=1560501803557 timed out. Retrying.
2019-06-14 08:43:32,573 INFO  commands.RetriableDatanodeEventWatcher (RetriableDatanodeEventWatcher.java:onTimeout(47)) - RetriableDatanodeCommand type=deleteBlocksCommand with id=1560501803626 timed out. Retrying.
2019-06-14 08:43:32,576 INFO  commands.RetriableDatanodeEventWatcher (RetriableDatanodeEventWatcher.java:onTimeout(47)) - RetriableDatanodeCommand type=deleteBlocksCommand with id=1560501803567 timed out. Retrying.
2019-06-14 08:43:32,581 INFO  commands.RetriableDatanodeEventWatcher (RetriableDatanodeEventWatcher.java:onTimeout(47)) - RetriableDatanodeCommand type=deleteBlocksCommand with id=1560501803636 timed out. Retrying.
2019-06-14 08:43:32,585 INFO  commands.RetriableDatanodeEventWatcher (RetriableDatanodeEventWatcher.java:onTimeout(47)) - RetriableDatanodeCommand type=deleteBlocksCommand with id=1560501803577 timed out. Retrying.
2019-06-14 08:43:32,589 DEBUG block.SCMBlockDeletingService (SCMBlockDeletingService.java:call(138)) - Running DeletedBlockTransactionScanner
2019-06-14 08:43:32,589 DEBUG block.SCMBlockDeletingService (SCMBlockDeletingService.java:call(155)) - Scanned deleted blocks log and got 3 delTX to process.
2019-06-14 08:43:32,589 DEBUG block.SCMBlockDeletingService (SCMBlockDeletingService.java:call(171)) - Added delete block command for datanode 374189d0-76c5-49d2-81b4-45a4af1368a2 in the queue, number of delete block transactions: 3, TxID list: 1,2,3
2019-06-14 08:43:32,589 INFO  block.SCMBlockDeletingService (SCMBlockDeletingService.java:call(182)) - Totally added 3 delete blocks command for 1 datanodes, task elapsed time: 0ms
2019-06-14 08:43:32,594 INFO  commands.RetriableDatanodeEventWatcher (RetriableDatanodeEventWatcher.java:onTimeout(47)) - RetriableDatanodeCommand type=deleteBlocksCommand with id=1560501803587 timed out. Retrying.
2019-06-14 08:43:32,604 INFO  commands.RetriableDatanodeEventWatcher (RetriableDatanodeEventWatcher.java:onTimeout(47)) - RetriableDatanodeCommand type=deleteBlocksCommand with id=1560501803597 timed out. Retrying.
2019-06-14 08:43:32,613 INFO  commands.RetriableDatanodeEventWatcher (RetriableDatanodeEventWatcher.java:onTimeout(47)) - RetriableDatanodeCommand type=deleteBlocksCommand with id=1560501803607 timed out. Retrying.
2019-06-14 08:43:32,622 INFO  commands.RetriableDatanodeEventWatcher (RetriableDatanodeEventWatcher.java:onTimeout(47)) - RetriableDatanodeCommand type=deleteBlocksCommand with id=1560501803617 timed out. Retrying.
2019-06-14 08:43:32,668 INFO  commands.RetriableDatanodeEventWatcher (RetriableDatanodeEventWatcher.java:onTimeout(47)) - RetriableDatanodeCommand type=deleteBlocksCommand with id=1560501803558 timed out. Retrying.
2019-06-14 08:43:32,673 INFO  commands.RetriableDatanodeEventWatcher (RetriableDatanodeEventWatcher.java:onTimeout(47)) - RetriableDatanodeCommand type=deleteBlocksCommand with id=1560501803627 timed out. Retrying.
2019-06-14 08:43:32,678 INFO  commands.RetriableDatanodeEventWatcher (RetriableDatanodeEventWatcher.java:onTimeout(47)) - RetriableDatanodeCommand type=deleteBlocksCommand with id=1560501803568 timed out. Retrying.
2019-06-14 08:43:32,682 INFO  commands.RetriableDatanodeEventWatcher (RetriableDatanodeEventWatcher.java:onTimeout(47)) - RetriableDatanodeCommand type=deleteBlocksCommand with id=1560501803637 timed out. Retrying.
2019-06-14 08:43:32,685 INFO  commands.RetriableDatanodeEventWatcher (RetriableDatanodeEventWatcher.java:onTimeout(47)) - RetriableDatanodeCommand type=deleteBlocksCommand with id=1560501803578 timed out. Retrying.
2019-06-14 08:43:32,689 DEBUG block.SCMBlockDeletingService (SCMBlockDeletingService.java:call(138)) - Running DeletedBlockTransactionScanner
2019-06-14 08:43:32,690 DEBUG block.SCMBlockDeletingService (SCMBlockDeletingService.java:call(155)) - Scanned deleted blocks log and got 3 delTX to process.
2019-06-14 08:43:32,690 DEBUG block.SCMBlockDeletingService (SCMBlockDeletingService.java:call(171)) - Added delete block command for datanode 374189d0-76c5-49d2-81b4-45a4af1368a2 in the queue, number of delete block transactions: 3, TxID list: 1,2,3
2019-06-14 08:43:32,690 INFO  block.SCMBlockDeletingService (SCMBlockDeletingService.java:call(182)) - Totally added 3 delete blocks command for 1 datanodes, task elapsed time: 0ms
2019-06-14 08:43:32,695 INFO  commands.RetriableDatanodeEventWatcher (RetriableDatanodeEventWatcher.java:onTimeout(47)) - RetriableDatanodeCommand type=deleteBlocksCommand with id=1560501803588 timed out. Retrying.
2019-06-14 08:43:32,705 INFO  commands.RetriableDatanodeEventWatcher (RetriableDatanodeEventWatcher.java:onTimeout(47)) - RetriableDatanodeCommand type=deleteBlocksCommand with id=1560501803598 timed out. Retrying.
2019-06-14 08:43:32,714 INFO  commands.RetriableDatanodeEventWatcher (RetriableDatanodeEventWatcher.java:onTimeout(47)) - RetriableDatanodeCommand type=deleteBlocksCommand with id=1560501803608 timed out. Retrying.
2019-06-14 08:43:32,723 INFO  commands.RetriableDatanodeEventWatcher (RetriableDatanodeEventWatcher.java:onTimeout(47)) - RetriableDatanodeCommand type=deleteBlocksCommand with id=1560501803618 timed out. Retrying.
2019-06-14 08:43:32,769 INFO  commands.RetriableDatanodeEventWatcher (RetriableDatanodeEventWatcher.java:onTimeout(47)) - RetriableDatanodeCommand type=deleteBlocksCommand with id=1560501803559 timed out. Retrying.
2019-06-14 08:43:32,774 INFO  commands.RetriableDatanodeEventWatcher (RetriableDatanodeEventWatcher.java:onTimeout(47)) - RetriableDatanodeCommand type=deleteBlocksCommand with id=1560501803628 timed out. Retrying.
2019-06-14 08:43:32,779 INFO  commands.RetriableDatanodeEventWatcher (RetriableDatanodeEventWatcher.java:onTimeout(47)) - RetriableDatanodeCommand type=deleteBlocksCommand with id=1560501803569 timed out. Retrying.
2019-06-14 08:43:32,783 INFO  commands.RetriableDatanodeEventWatcher (RetriableDatanodeEventWatcher.java:onTimeout(47)) - RetriableDatanodeCommand type=deleteBlocksCommand with id=1560501803638 timed out. Retrying.
2019-06-14 08:43:32,788 INFO  commands.RetriableDatanodeEventWatcher (RetriableDatanodeEventWatcher.java:onTimeout(47)) - RetriableDatanodeCommand type=deleteBlocksCommand with id=1560501803579 timed out. Retrying.
2019-06-14 08:43:32,790 DEBUG block.SCMBlockDeletingService (SCMBlockDeletingService.java:call(138)) - Running DeletedBlockTransactionScanner
2019-06-14 08:43:32,790 DEBUG block.SCMBlockDeletingService (SCMBlockDeletingService.java:call(155)) - Scanned deleted blocks log and got 3 delTX to process.
2019-06-14 08:43:32,791 DEBUG block.SCMBlockDeletingService (SCMBlockDeletingService.java:call(171)) - Added delete block command for datanode 374189d0-76c5-49d2-81b4-45a4af1368a2 in the queue, number of delete block transactions: 3, TxID list: 1,2,3
2019-06-14 08:43:32,791 INFO  block.SCMBlockDeletingService (SCMBlockDeletingService.java:call(182)) - Totally added 3 delete blocks command for 1 datanodes, task elapsed time: 1ms
2019-06-14 08:43:32,797 INFO  commands.RetriableDatanodeEventWatcher (RetriableDatanodeEventWatcher.java:onTimeout(47)) - RetriableDatanodeCommand type=deleteBlocksCommand with id=1560501803589 timed out. Retrying.
2019-06-14 08:43:32,806 INFO  commands.RetriableDatanodeEventWatcher (RetriableDatanodeEventWatcher.java:onTimeout(47)) - RetriableDatanodeCommand type=deleteBlocksCommand with id=1560501803599 timed out. Retrying.
2019-06-14 08:43:32,815 INFO  commands.RetriableDatanodeEventWatcher (RetriableDatanodeEventWatcher.java:onTimeout(47)) - RetriableDatanodeCommand type=deleteBlocksCommand with id=1560501803609 timed out. Retrying.
2019-06-14 08:43:32,824 INFO  commands.RetriableDatanodeEventWatcher (RetriableDatanodeEventWatcher.java:onTimeout(47)) - RetriableDatanodeCommand type=deleteBlocksCommand with id=1560501803619 timed out. Retrying.
2019-06-14 08:43:32,868 INFO  ozone.MiniOzoneClusterImpl (MiniOzoneClusterImpl.java:lambda$waitForClusterToBeReady$0(142)) - Waiting for cluster to be ready. Got 0 of 1 DN Heartbeats.
2019-06-14 08:43:32,868 INFO  block.SCMBlockDeletingService (RetriableDatanodeEventWatcher.java:onTimeout(47)) - RetriableDatanodeCommand type=deleteBlocksCommand with id=1560501803560 timed out. Retrying.
SCMBlockDeletingService.java:handlePendingDeletes(115)) - Block deletion txnID mismatch in datanode 374189d0-76c5-49d2-81b4-45a4af1368a2 for containerID 1. Datanode delete txnID: 0, SCM txnID: 1
2019-06-14 08:43:32,868 INFO  commands.RetriableDatanodeEventWatcher (RetriableDatanodeEventWatcher.java:onTimeout(47)) - RetriableDatanodeCommand type=deleteBlocksCommand with id=1560501803560 timed out. Retrying.
2019-06-14 08:43:32,868 INFO  block.SCMBlockDeletingService (SCMBlockDeletingService.java:handlePendingDeletes(115)) - Block deletion txnID mismatch in datanode 374189d0-76c5-49d2-81b4-45a4af1368a2 for containerID 2. Datanode delete txnID: 0, SCM txnID: 2
2019-06-14 08:43:32,868 INFO  block.SCMBlockDeletingService (SCMBlockDeletingService.java:handlePendingDeletes(115)) - Block deletion txnID mismatch in datanode 374189d0-76c5-49d2-81b4-45a4af1368a2 for containerID 3. Datanode delete txnID: 0, SCM txnID: 3
2019-06-14 08:43:32,875 INFO  commands.RetriableDatanodeEventWatcher (RetriableDatanodeEventWatcher.java:onTimeout(47)) - RetriableDatanodeCommand type=deleteBlocksCommand with id=1560501803629 timed out. Retrying.
2019-06-14 08:43:32,883 INFO  commands.RetriableDatanodeEventWatcher (RetriableDatanodeEventWatcher.java:onTimeout(47)) - RetriableDatanodeCommand type=deleteBlocksCommand with id=1560501803639 timed out. Retrying.
2019-06-14 08:43:32,888 INFO  commands.RetriableDatanodeEventWatcher (RetriableDatanodeEventWatcher.java:onTimeout(47)) - RetriableDatanodeCommand type=deleteBlocksCommand with id=1560501803580 timed out. Retrying.
2019-06-14 08:43:32,889 INFO  commands.RetriableDatanodeEventWatcher (RetriableDatanodeEventWatcher.java:onTimeout(47)) - RetriableDatanodeCommand type=deleteBlocksCommand with id=1560501803570 timed out. Retrying.
2019-06-14 08:43:32,891 DEBUG block.SCMBlockDeletingService (SCMBlockDeletingService.java:call(138)) - Running DeletedBlockTransactionScanner
2019-06-14 08:43:32,891 DEBUG block.SCMBlockDeletingService (SCMBlockDeletingService.java:call(155)) - Scanned deleted blocks log and got 3 delTX to process.
2019-06-14 08:43:32,892 DEBUG block.SCMBlockDeletingService (SCMBlockDeletingService.java:call(171)) - Added delete block command for datanode 374189d0-76c5-49d2-81b4-45a4af1368a2 in the queue, number of delete block transactions: 3, TxID list: 1,2,3
2019-06-14 08:43:32,892 INFO  block.SCMBlockDeletingService (SCMBlockDeletingService.java:call(182)) - Totally added 3 delete blocks command for 1 datanodes, task elapsed time: 1ms
2019-06-14 08:43:32,898 INFO  commands.RetriableDatanodeEventWatcher (RetriableDatanodeEventWatcher.java:onTimeout(47)) - RetriableDatanodeCommand type=deleteBlocksCommand with id=1560501803590 timed out. Retrying.
2019-06-14 08:43:32,907 INFO  commands.RetriableDatanodeEventWatcher (RetriableDatanodeEventWatcher.java:onTimeout(47)) - RetriableDatanodeCommand type=deleteBlocksCommand with id=1560501803600 timed out. Retrying.
2019-06-14 08:43:32,915 INFO  commands.RetriableDatanodeEventWatcher (RetriableDatanodeEventWatcher.java:onTimeout(47)) - RetriableDatanodeCommand type=deleteBlocksCommand with id=1560501803610 timed out. Retrying.
2019-06-14 08:43:32,925 INFO  commands.RetriableDatanodeEventWatcher (RetriableDatanodeEventWatcher.java:onTimeout(47)) - RetriableDatanodeCommand type=deleteBlocksCommand with id=1560501803620 timed out. Retrying.
2019-06-14 08:43:32,949 INFO  impl.RaftServerProxy (RaftServerProxy.java:addNew(89)) - 374189d0-76c5-49d2-81b4-45a4af1368a2: addNew group-0F599ABD88CC:[374189d0-76c5-49d2-81b4-45a4af1368a2:192.168.11.250:39889] returns group-0F599ABD88CC:java.util.concurrent.CompletableFuture@2c85ef39[Not completed]
2019-06-14 08:43:32,949 INFO  impl.RaftServerImpl (RaftServerImpl.java:<init>(91)) - 374189d0-76c5-49d2-81b4-45a4af1368a2: new RaftServerImpl for group-0F599ABD88CC:[374189d0-76c5-49d2-81b4-45a4af1368a2:192.168.11.250:39889] with ContainerStateMachine:uninitialized
2019-06-14 08:43:32,950 INFO  server.RaftServerConfigKeys (ConfUtils.java:logGet(43)) - raft.server.rpc.timeout.min = 1s (custom)
2019-06-14 08:43:32,950 INFO  server.RaftServerConfigKeys (ConfUtils.java:logGet(43)) - raft.server.rpc.timeout.max = 1200ms (custom)
2019-06-14 08:43:32,950 INFO  server.RaftServerConfigKeys (ConfUtils.java:logGet(43)) - raft.server.rpcslowness.timeout = 120s (custom)
2019-06-14 08:43:32,950 INFO  server.RaftServerConfigKeys (ConfUtils.java:logGet(43)) - raft.server.log.appender.install.snapshot.enabled = true (default)
2019-06-14 08:43:32,950 INFO  impl.RaftServerImpl (ServerState.java:<init>(101)) - 374189d0-76c5-49d2-81b4-45a4af1368a2:group-0F599ABD88CC ConfigurationManager, init=-1: [374189d0-76c5-49d2-81b4-45a4af1368a2:192.168.11.250:39889], old=null, confs=<EMPTY_MAP>
2019-06-14 08:43:32,950 INFO  server.RaftServerConfigKeys (ConfUtils.java:logGet(43)) - raft.server.storage.dir = [/opt/src/hadoop-ozone/integration-test/target/test-dir/MiniOzoneClusterImpl-1994f8b8-dd4d-445c-bf25-0c6d40f9b14d/datanode-0/data/ratis] (custom)
2019-06-14 08:43:32,951 INFO  storage.RaftStorageDirectory (RaftStorageDirectory.java:analyzeStorage(246)) - The storage directory /opt/src/hadoop-ozone/integration-test/target/test-dir/MiniOzoneClusterImpl-1994f8b8-dd4d-445c-bf25-0c6d40f9b14d/datanode-0/data/ratis/dc81c04b-0653-47e2-a11b-0f599abd88cc does not exist. Creating ...
2019-06-14 08:43:32,969 INFO  commands.RetriableDatanodeEventWatcher (RetriableDatanodeEventWatcher.java:onTimeout(47)) - RetriableDatanodeCommand type=deleteBlocksCommand with id=1560501803561 timed out. Retrying.
2019-06-14 08:43:32,975 INFO  commands.RetriableDatanodeEventWatcher (RetriableDatanodeEventWatcher.java:onTimeout(47)) - RetriableDatanodeCommand type=deleteBlocksCommand with id=1560501803630 timed out. Retrying.
2019-06-14 08:43:32,983 INFO  commands.RetriableDatanodeEventWatcher (RetriableDatanodeEventWatcher.java:onTimeout(47)) - RetriableDatanodeCommand type=deleteBlocksCommand with id=1560501803571 timed out. Retrying.
2019-06-14 08:43:32,984 INFO  commands.RetriableDatanodeEventWatcher (RetriableDatanodeEventWatcher.java:onTimeout(47)) - RetriableDatanodeCommand type=deleteBlocksCommand with id=1560501803640 timed out. Retrying.
2019-06-14 08:43:32,990 INFO  commands.RetriableDatanodeEventWatcher (RetriableDatanodeEventWatcher.java:onTimeout(47)) - RetriableDatanodeCommand type=deleteBlocksCommand with id=1560501803581 timed out. Retrying.
2019-06-14 08:43:32,992 DEBUG block.SCMBlockDeletingService (SCMBlockDeletingService.java:call(138)) - Running DeletedBlockTransactionScanner
2019-06-14 08:43:32,992 DEBUG block.SCMBlockDeletingService (SCMBlockDeletingService.java:call(155)) - Scanned deleted blocks log and got 3 delTX to process.
2019-06-14 08:43:32,993 DEBUG block.SCMBlockDeletingService (SCMBlockDeletingService.java:call(171)) - Added delete block command for datanode 374189d0-76c5-49d2-81b4-45a4af1368a2 in the queue, number of delete block transactions: 3, TxID list: 1,2,3
2019-06-14 08:43:32,997 INFO  block.SCMBlockDeletingService (SCMBlockDeletingService.java:call(182)) - Totally added 3 delete blocks command for 1 datanodes, task elapsed time: 5ms
2019-06-14 08:43:33,000 INFO  commands.RetriableDatanodeEventWatcher (RetriableDatanodeEventWatcher.java:onTimeout(47)) - RetriableDatanodeCommand type=deleteBlocksCommand with id=1560501803591 timed out. Retrying.
2019-06-14 08:43:33,009 INFO  commands.RetriableDatanodeEventWatcher (RetriableDatanodeEventWatcher.java:onTimeout(47)) - RetriableDatanodeCommand type=deleteBlocksCommand with id=1560501803601 timed out. Retrying.
2019-06-14 08:43:33,017 INFO  commands.RetriableDatanodeEventWatcher (RetriableDatanodeEventWatcher.java:onTimeout(47)) - RetriableDatanodeCommand type=deleteBlocksCommand with id=1560501803611 timed out. Retrying.
2019-06-14 08:43:33,025 INFO  commands.RetriableDatanodeEventWatcher (RetriableDatanodeEventWatcher.java:onTimeout(47)) - RetriableDatanodeCommand type=deleteBlocksCommand with id=1560501803621 timed out. Retrying.
2019-06-14 08:43:33,026 INFO  storage.RaftStorageDirectory (RaftStorageDirectory.java:tryLock(328)) - Lock on /opt/src/hadoop-ozone/integration-test/target/test-dir/MiniOzoneClusterImpl-1994f8b8-dd4d-445c-bf25-0c6d40f9b14d/datanode-0/data/ratis/dc81c04b-0653-47e2-a11b-0f599abd88cc/in_use.lock acquired by nodename 31537@ozone-rp9nx-1314784558
2019-06-14 08:43:33,071 INFO  commands.RetriableDatanodeEventWatcher (RetriableDatanodeEventWatcher.java:onTimeout(47)) - RetriableDatanodeCommand type=deleteBlocksCommand with id=1560501803562 timed out. Retrying.
2019-06-14 08:43:33,076 INFO  commands.RetriableDatanodeEventWatcher (RetriableDatanodeEventWatcher.java:onTimeout(47)) - RetriableDatanodeCommand type=deleteBlocksCommand with id=1560501803631 timed out. Retrying.
2019-06-14 08:43:33,083 INFO  commands.RetriableDatanodeEventWatcher (RetriableDatanodeEventWatcher.java:onTimeout(47)) - RetriableDatanodeCommand type=deleteBlocksCommand with id=1560501803572 timed out. Retrying.
2019-06-14 08:43:33,085 INFO  commands.RetriableDatanodeEventWatcher (RetriableDatanodeEventWatcher.java:onTimeout(47)) - RetriableDatanodeCommand type=deleteBlocksCommand with id=1560501803641 timed out. Retrying.
2019-06-14 08:43:33,088 INFO  commands.RetriableDatanodeEventWatcher (RetriableDatanodeEventWatcher.java:onTimeout(47)) - RetriableDatanodeCommand type=deleteBlocksCommand with id=1560501803582 timed out. Retrying.
2019-06-14 08:43:33,098 DEBUG block.SCMBlockDeletingService (SCMBlockDeletingService.java:call(138)) - Running DeletedBlockTransactionScanner
2019-06-14 08:43:33,098 DEBUG block.SCMBlockDeletingService (SCMBlockDeletingService.java:call(155)) - Scanned deleted blocks log and got 3 delTX to process.
2019-06-14 08:43:33,098 DEBUG block.SCMBlockDeletingService (SCMBlockDeletingService.java:call(171)) - Added delete block command for datanode 374189d0-76c5-49d2-81b4-45a4af1368a2 in the queue, number of delete block transactions: 3, TxID list: 1,2,3
2019-06-14 08:43:33,098 INFO  block.SCMBlockDeletingService (SCMBlockDeletingService.java:call(182)) - Totally added 3 delete blocks command for 1 datanodes, task elapsed time: 0ms
2019-06-14 08:43:33,102 INFO  commands.RetriableDatanodeEventWatcher (RetriableDatanodeEventWatcher.java:onTimeout(47)) - RetriableDatanodeCommand type=deleteBlocksCommand with id=1560501803592 timed out. Retrying.
2019-06-14 08:43:33,113 INFO  storage.RaftStorage (RaftStorage.java:format(75)) - Storage directory /opt/src/hadoop-ozone/integration-test/target/test-dir/MiniOzoneClusterImpl-1994f8b8-dd4d-445c-bf25-0c6d40f9b14d/datanode-0/data/ratis/dc81c04b-0653-47e2-a11b-0f599abd88cc has been successfully formatted.
2019-06-14 08:43:33,113 INFO  ratis.ContainerStateMachine (ContainerStateMachine.java:loadSnapshot(199)) - The snapshot info is null.Setting the last applied index to:(t:0, i:~)
2019-06-14 08:43:33,113 INFO  server.RaftServerConfigKeys (ConfUtils.java:logGet(43)) - raft.server.leader.election.timeout = 120s (custom)
2019-06-14 08:43:33,114 INFO  server.RaftServerConfigKeys (ConfUtils.java:logGet(43)) - raft.server.log.use.memory = false (default)
2019-06-14 08:43:33,114 INFO  server.RaftServerConfigKeys (ConfUtils.java:logGet(43)) - raft.server.log.appender.buffer.byte-limit = 33554432 (custom)
2019-06-14 08:43:33,114 INFO  server.RaftServerConfigKeys (ConfUtils.java:logGet(43)) - raft.server.log.segment.size.max = 16384 (custom)
2019-06-14 08:43:33,114 INFO  server.RaftServerConfigKeys (ConfUtils.java:logGet(43)) - raft.server.log.segment.cache.num.max = 2 (custom)
2019-06-14 08:43:33,114 INFO  storage.RaftLogWorker (RaftLogWorker.java:<init>(123)) - new 374189d0-76c5-49d2-81b4-45a4af1368a2-RaftLogWorker for Storage Directory /opt/src/hadoop-ozone/integration-test/target/test-dir/MiniOzoneClusterImpl-1994f8b8-dd4d-445c-bf25-0c6d40f9b14d/datanode-0/data/ratis/dc81c04b-0653-47e2-a11b-0f599abd88cc
2019-06-14 08:43:33,114 INFO  server.RaftServerConfigKeys (ConfUtils.java:logGet(43)) - raft.server.log.queue.byte-limit = 2147483647 (custom)
2019-06-14 08:43:33,114 INFO  server.RaftServerConfigKeys (ConfUtils.java:logGet(43)) - raft.server.log.queue.element-limit = 1024 (custom)
2019-06-14 08:43:33,114 INFO  server.RaftServerConfigKeys (ConfUtils.java:logGet(43)) - raft.server.log.segment.size.max = 16384 (custom)
2019-06-14 08:43:33,114 INFO  server.RaftServerConfigKeys (ConfUtils.java:logGet(43)) - raft.server.log.preallocated.size = 16384 (custom)
2019-06-14 08:43:33,115 INFO  server.RaftServerConfigKeys (ConfUtils.java:logGet(43)) - raft.server.log.write.buffer.size = 33554432 (custom)
2019-06-14 08:43:33,115 INFO  server.RaftServerConfigKeys (ConfUtils.java:logGet(43)) - raft.server.log.force.sync.num = 128 (default)
2019-06-14 08:43:33,115 INFO  server.RaftServerConfigKeys (ConfUtils.java:logGet(43)) - raft.server.log.statemachine.data.sync = true (default)
2019-06-14 08:43:33,115 INFO  server.RaftServerConfigKeys (ConfUtils.java:logGet(43)) - raft.server.log.statemachine.data.sync.timeout = 10s (default)
2019-06-14 08:43:33,115 INFO  server.RaftServerConfigKeys (ConfUtils.java:logGet(43)) - raft.server.log.statemachine.data.sync.timeout.retry = -1 (default)
2019-06-14 08:43:33,115 INFO  server.RaftServerConfigKeys (ConfUtils.java:logGet(43)) - raft.server.log.statemachine.data.caching.enabled = true (custom)
2019-06-14 08:43:33,115 INFO  server.RaftServerConfigKeys (ConfUtils.java:logGet(43)) - raft.server.snapshot.auto.trigger.enabled = true (custom)
2019-06-14 08:43:33,116 INFO  server.RaftServerConfigKeys (ConfUtils.java:logGet(43)) - raft.server.snapshot.auto.trigger.threshold = 10000 (custom)
2019-06-14 08:43:33,116 INFO  server.RaftServerConfigKeys (ConfUtils.java:logGet(43)) - raft.server.retrycache.expirytime = 600000ms (custom)
2019-06-14 08:43:33,116 INFO  impl.RaftServerImpl (RaftServerImpl.java:start(173)) - 374189d0-76c5-49d2-81b4-45a4af1368a2: start group-0F599ABD88CC
2019-06-14 08:43:33,116 INFO  impl.RaftServerImpl (RaftServerImpl.java:setRole(164)) - 374189d0-76c5-49d2-81b4-45a4af1368a2:group-0F599ABD88CC changes role from null to FOLLOWER at term 0 for startAsFollower
2019-06-14 08:43:33,116 INFO  impl.RoleInfo (RoleInfo.java:updateAndGet(143)) - 374189d0-76c5-49d2-81b4-45a4af1368a2: start FollowerState
2019-06-14 08:43:33,116 INFO  util.JmxRegister (JmxRegister.java:tryRegister(44)) - Successfully registered JMX Bean with object name Ratis:service=RaftServer,group=group-0F599ABD88CC,id=374189d0-76c5-49d2-81b4-45a4af1368a2
2019-06-14 08:43:33,121 INFO  commands.RetriableDatanodeEventWatcher (RetriableDatanodeEventWatcher.java:onTimeout(47)) - RetriableDatanodeCommand type=deleteBlocksCommand with id=1560501803602 timed out. Retrying.
2019-06-14 08:43:33,121 INFO  commands.RetriableDatanodeEventWatcher (RetriableDatanodeEventWatcher.java:onTimeout(47)) - RetriableDatanodeCommand type=deleteBlocksCommand with id=1560501803612 timed out. Retrying.
2019-06-14 08:43:33,123 INFO  pipeline.PipelineStateManager (PipelineStateManager.java:addPipeline(56)) - Created pipeline Pipeline[ Id: dc81c04b-0653-47e2-a11b-0f599abd88cc, Nodes: 374189d0-76c5-49d2-81b4-45a4af1368a2{ip: 192.168.11.250, host: ozone-rp9nx-1314784558, networkLocation: /default-rack, certSerialId: null}, Type:RATIS, Factor:ONE, State:OPEN]
2019-06-14 08:43:33,152 INFO  commands.RetriableDatanodeEventWatcher (RetriableDatanodeEventWatcher.java:onTimeout(47)) - RetriableDatanodeCommand type=deleteBlocksCommand with id=1560501803622 timed out. Retrying.
2019-06-14 08:43:33,174 INFO  commands.RetriableDatanodeEventWatcher (RetriableDatanodeEventWatcher.java:onTimeout(47)) - RetriableDatanodeCommand type=deleteBlocksCommand with id=1560501803563 timed out. Retrying.
2019-06-14 08:43:33,178 INFO  commands.RetriableDatanodeEventWatcher (RetriableDatanodeEventWatcher.java:onTimeout(47)) - RetriableDatanodeCommand type=deleteBlocksCommand with id=1560501803632 timed out. Retrying.
2019-06-14 08:43:33,181 INFO  commands.RetriableDatanodeEventWatcher (RetriableDatanodeEventWatcher.java:onTimeout(47)) - RetriableDatanodeCommand type=deleteBlocksCommand with id=1560501803573 timed out. Retrying.
2019-06-14 08:43:33,187 INFO  commands.RetriableDatanodeEventWatcher (RetriableDatanodeEventWatcher.java:onTimeout(47)) - RetriableDatanodeCommand type=deleteBlocksCommand with id=1560501803642 timed out. Retrying.
2019-06-14 08:43:33,191 INFO  commands.RetriableDatanodeEventWatcher (RetriableDatanodeEventWatcher.java:onTimeout(47)) - RetriableDatanodeCommand type=deleteBlocksCommand with id=1560501803583 timed out. Retrying.
2019-06-14 08:43:33,199 DEBUG block.SCMBlockDeletingService (SCMBlockDeletingService.java:call(138)) - Running DeletedBlockTransactionScanner
2019-06-14 08:43:33,199 DEBUG block.SCMBlockDeletingService (SCMBlockDeletingService.java:call(155)) - Scanned deleted blocks log and got 3 delTX to process.
2019-06-14 08:43:33,199 DEBUG block.SCMBlockDeletingService (SCMBlockDeletingService.java:call(171)) - Added delete block command for datanode 374189d0-76c5-49d2-81b4-45a4af1368a2 in the queue, number of delete block transactions: 3, TxID list: 1,2,3
2019-06-14 08:43:33,199 INFO  block.SCMBlockDeletingService (SCMBlockDeletingService.java:call(182)) - Totally added 3 delete blocks command for 1 datanodes, task elapsed time: 0ms
2019-06-14 08:43:33,201 INFO  commands.RetriableDatanodeEventWatcher (RetriableDatanodeEventWatcher.java:onTimeout(47)) - RetriableDatanodeCommand type=deleteBlocksCommand with id=1560501803593 timed out. Retrying.
2019-06-14 08:43:33,210 INFO  commands.RetriableDatanodeEventWatcher (RetriableDatanodeEventWatcher.java:onTimeout(47)) - RetriableDatanodeCommand type=deleteBlocksCommand with id=1560501803603 timed out. Retrying.
2019-06-14 08:43:33,218 INFO  commands.RetriableDatanodeEventWatcher (RetriableDatanodeEventWatcher.java:onTimeout(47)) - RetriableDatanodeCommand type=deleteBlocksCommand with id=1560501803613 timed out. Retrying.
2019-06-14 08:43:33,271 INFO  commands.RetriableDatanodeEventWatcher (RetriableDatanodeEventWatcher.java:onTimeout(47)) - RetriableDatanodeCommand type=deleteBlocksCommand with id=1560501803623 timed out. Retrying.
2019-06-14 08:43:33,275 INFO  commands.RetriableDatanodeEventWatcher (RetriableDatanodeEventWatcher.java:onTimeout(47)) - RetriableDatanodeCommand type=deleteBlocksCommand with id=1560501803564 timed out. Retrying.
2019-06-14 08:43:33,278 INFO  commands.RetriableDatanodeEventWatcher (RetriableDatanodeEventWatcher.java:onTimeout(47)) - RetriableDatanodeCommand type=deleteBlocksCommand with id=1560501803633 timed out. Retrying.
2019-06-14 08:43:33,281 INFO  commands.RetriableDatanodeEventWatcher (RetriableDatanodeEventWatcher.java:onTimeout(47)) - RetriableDatanodeCommand type=deleteBlocksCommand with id=1560501803574 timed out. Retrying.
2019-06-14 08:43:33,287 INFO  commands.RetriableDatanodeEventWatcher (RetriableDatanodeEventWatcher.java:onTimeout(47)) - RetriableDatanodeCommand type=deleteBlocksCommand with id=1560501803643 timed out. Retrying.
2019-06-14 08:43:33,291 INFO  commands.RetriableDatanodeEventWatcher (RetriableDatanodeEventWatcher.java:onTimeout(47)) - RetriableDatanodeCommand type=deleteBlocksCommand with id=1560501803584 timed out. Retrying.
2019-06-14 08:43:33,299 DEBUG block.SCMBlockDeletingService (SCMBlockDeletingService.java:call(138)) - Running DeletedBlockTransactionScanner
2019-06-14 08:43:33,300 DEBUG block.SCMBlockDeletingService (SCMBlockDeletingService.java:call(155)) - Scanned deleted blocks log and got 3 delTX to process.
2019-06-14 08:43:33,300 DEBUG block.SCMBlockDeletingService (SCMBlockDeletingService.java:call(171)) - Added delete block command for datanode 374189d0-76c5-49d2-81b4-45a4af1368a2 in the queue, number of delete block transactions: 3, TxID list: 1,2,3
2019-06-14 08:43:33,300 INFO  block.SCMBlockDeletingService (SCMBlockDeletingService.java:call(182)) - Totally added 3 delete blocks command for 1 datanodes, task elapsed time: 0ms
2019-06-14 08:43:33,302 INFO  commands.RetriableDatanodeEventWatcher (RetriableDatanodeEventWatcher.java:onTimeout(47)) - RetriableDatanodeCommand type=deleteBlocksCommand with id=1560501803594 timed out. Retrying.
2019-06-14 08:43:33,311 INFO  commands.RetriableDatanodeEventWatcher (RetriableDatanodeEventWatcher.java:onTimeout(47)) - RetriableDatanodeCommand type=deleteBlocksCommand with id=1560501803604 timed out. Retrying.
2019-06-14 08:43:33,318 INFO  commands.RetriableDatanodeEventWatcher (RetriableDatanodeEventWatcher.java:onTimeout(47)) - RetriableDatanodeCommand type=deleteBlocksCommand with id=1560501803614 timed out. Retrying.
2019-06-14 08:43:33,370 INFO  commands.RetriableDatanodeEventWatcher (RetriableDatanodeEventWatcher.java:onTimeout(47)) - RetriableDatanodeCommand type=deleteBlocksCommand with id=1560501803624 timed out. Retrying.
2019-06-14 08:43:33,377 INFO  commands.RetriableDatanodeEventWatcher (RetriableDatanodeEventWatcher.java:onTimeout(47)) - RetriableDatanodeCommand type=deleteBlocksCommand with id=1560501803565 timed out. Retrying.
2019-06-14 08:43:33,379 INFO  commands.RetriableDatanodeEventWatcher (RetriableDatanodeEventWatcher.java:onTimeout(47)) - RetriableDatanodeCommand type=deleteBlocksCommand with id=1560501803634 timed out. Retrying.
2019-06-14 08:43:33,382 INFO  commands.RetriableDatanodeEventWatcher (RetriableDatanodeEventWatcher.java:onTimeout(47)) - RetriableDatanodeCommand type=deleteBlocksCommand with id=1560501803575 timed out. Retrying.
2019-06-14 08:43:33,387 INFO  commands.RetriableDatanodeEventWatcher (RetriableDatanodeEventWatcher.java:onTimeout(47)) - RetriableDatanodeCommand type=deleteBlocksCommand with id=1560501803644 timed out. Retrying.
2019-06-14 08:43:33,394 INFO  commands.RetriableDatanodeEventWatcher (RetriableDatanodeEventWatcher.java:onTimeout(47)) - RetriableDatanodeCommand type=deleteBlocksCommand with id=1560501803585 timed out. Retrying.
2019-06-14 08:43:33,400 DEBUG block.SCMBlockDeletingService (SCMBlockDeletingService.java:call(138)) - Running DeletedBlockTransactionScanner
2019-06-14 08:43:33,401 DEBUG block.SCMBlockDeletingService (SCMBlockDeletingService.java:call(155)) - Scanned deleted blocks log and got 3 delTX to process.
2019-06-14 08:43:33,401 DEBUG block.SCMBlockDeletingService (SCMBlockDeletingService.java:call(171)) - Added delete block command for datanode 374189d0-76c5-49d2-81b4-45a4af1368a2 in the queue, number of delete block transactions: 3, TxID list: 1,2,3
2019-06-14 08:43:33,401 INFO  block.SCMBlockDeletingService (SCMBlockDeletingService.java:call(182)) - Totally added 3 delete blocks command for 1 datanodes, task elapsed time: 1ms
2019-06-14 08:43:33,403 INFO  commands.RetriableDatanodeEventWatcher (RetriableDatanodeEventWatcher.java:onTimeout(47)) - RetriableDatanodeCommand type=deleteBlocksCommand with id=1560501803595 timed out. Retrying.
2019-06-14 08:43:33,408 WARN  ipc.Server (Server.java:setupResponse(2950)) - Large response size 2657918 for call Call#1836 Retry#0 org.apache.hadoop.ozone.protocol.StorageContainerDatanodeProtocol.sendHeartbeat from 192.168.11.250:50880
2019-06-14 08:43:33,412 INFO  commands.RetriableDatanodeEventWatcher (RetriableDatanodeEventWatcher.java:onTimeout(47)) - RetriableDatanodeCommand type=deleteBlocksCommand with id=1560501803605 timed out. Retrying.
2019-06-14 08:43:33,420 INFO  commands.RetriableDatanodeEventWatcher (RetriableDatanodeEventWatcher.java:onTimeout(47)) - RetriableDatanodeCommand type=deleteBlocksCommand with id=1560501803615 timed out. Retrying.
2019-06-14 08:43:33,429 INFO  block.SCMBlockDeletingService (SCMBlockDeletingService.java:handlePendingDeletes(115)) - Block deletion txnID mismatch in datanode 374189d0-76c5-49d2-81b4-45a4af1368a2 for containerID 1. Datanode delete txnID: 0, SCM txnID: 1
2019-06-14 08:43:33,429 INFO  block.SCMBlockDeletingService (SCMBlockDeletingService.java:handlePendingDeletes(115)) - Block deletion txnID mismatch in datanode 374189d0-76c5-49d2-81b4-45a4af1368a2 for containerID 2. Datanode delete txnID: 0, SCM txnID: 2
2019-06-14 08:43:33,429 INFO  block.SCMBlockDeletingService (SCMBlockDeletingService.java:handlePendingDeletes(115)) - Block deletion txnID mismatch in datanode 374189d0-76c5-49d2-81b4-45a4af1368a2 for containerID 3. Datanode delete txnID: 0, SCM txnID: 3
2019-06-14 08:43:33,472 INFO  commands.RetriableDatanodeEventWatcher (RetriableDatanodeEventWatcher.java:onTimeout(47)) - RetriableDatanodeCommand type=deleteBlocksCommand with id=1560501803625 timed out. Retrying.
2019-06-14 08:43:33,477 INFO  commands.RetriableDatanodeEventWatcher (RetriableDatanodeEventWatcher.java:onTimeout(47)) - RetriableDatanodeCommand type=deleteBlocksCommand with id=1560501803566 timed out. Retrying.
2019-06-14 08:43:33,502 DEBUG block.SCMBlockDeletingService (SCMBlockDeletingService.java:call(138)) - Running DeletedBlockTransactionScanner
2019-06-14 08:43:33,502 DEBUG block.SCMBlockDeletingService (SCMBlockDeletingService.java:call(155)) - Scanned deleted blocks log and got 3 delTX to process.
2019-06-14 08:43:33,502 DEBUG block.SCMBlockDeletingService (SCMBlockDeletingService.java:call(171)) - Added delete block command for datanode 374189d0-76c5-49d2-81b4-45a4af1368a2 in the queue, number of delete block transactions: 3, TxID list: 1,2,3
2019-06-14 08:43:33,503 INFO  block.SCMBlockDeletingService (SCMBlockDeletingService.java:call(182)) - Totally added 3 delete blocks command for 1 datanodes, task elapsed time: 1ms
2019-06-14 08:43:33,503 INFO  commands.RetriableDatanodeEventWatcher (RetriableDatanodeEventWatcher.java:onTimeout(47)) - RetriableDatanodeCommand type=deleteBlocksCommand with id=1560501803586 timed out. Retrying.
2019-06-14 08:43:33,503 INFO  commands.RetriableDatanodeEventWatcher (RetriableDatanodeEventWatcher.java:onTimeout(47)) - RetriableDatanodeCommand type=deleteBlocksCommand with id=1560501803645 timed out. Retrying.
2019-06-14 08:43:33,504 INFO  commands.RetriableDatanodeEventWatcher (RetriableDatanodeEventWatcher.java:onTimeout(47)) - RetriableDatanodeCommand type=deleteBlocksCommand with id=1560501803576 timed out. Retrying.
2019-06-14 08:43:33,504 INFO  commands.RetriableDatanodeEventWatcher (RetriableDatanodeEventWatcher.java:onTimeout(47)) - RetriableDatanodeCommand type=deleteBlocksCommand with id=1560501803635 timed out. Retrying.
2019-06-14 08:43:33,506 INFO  commands.RetriableDatanodeEventWatcher (RetriableDatanodeEventWatcher.java:onTimeout(47)) - RetriableDatanodeCommand type=deleteBlocksCommand with id=1560501803596 timed out. Retrying.
2019-06-14 08:43:33,512 INFO  commands.RetriableDatanodeEventWatcher (RetriableDatanodeEventWatcher.java:onTimeout(47)) - RetriableDatanodeCommand type=deleteBlocksCommand with id=1560501803606 timed out. Retrying.
2019-06-14 08:43:33,520 INFO  commands.RetriableDatanodeEventWatcher (RetriableDatanodeEventWatcher.java:onTimeout(47)) - RetriableDatanodeCommand type=deleteBlocksCommand with id=1560501803616 timed out. Retrying.
2019-06-14 08:43:33,561 INFO  commands.RetriableDatanodeEventWatcher (RetriableDatanodeEventWatcher.java:onTimeout(47)) - RetriableDatanodeCommand type=deleteBlocksCommand with id=1560501803557 timed out. Retrying.
2019-06-14 08:43:33,573 INFO  commands.RetriableDatanodeEventWatcher (RetriableDatanodeEventWatcher.java:onTimeout(47)) - RetriableDatanodeCommand type=deleteBlocksCommand with id=1560501803626 timed out. Retrying.
2019-06-14 08:43:33,576 INFO  commands.RetriableDatanodeEventWatcher (RetriableDatanodeEventWatcher.java:onTimeout(47)) - RetriableDatanodeCommand type=deleteBlocksCommand with id=1560501803567 timed out. Retrying.
2019-06-14 08:43:33,581 INFO  commands.RetriableDatanodeEventWatcher (RetriableDatanodeEventWatcher.java:onTimeout(47)) - RetriableDatanodeCommand type=deleteBlocksCommand with id=1560501803636 timed out. Retrying.
2019-06-14 08:43:33,586 INFO  commands.RetriableDatanodeEventWatcher (RetriableDatanodeEventWatcher.java:onTimeout(47)) - RetriableDatanodeCommand type=deleteBlocksCommand with id=1560501803577 timed out. Retrying.
2019-06-14 08:43:33,589 INFO  commands.RetriableDatanodeEventWatcher (RetriableDatanodeEventWatcher.java:onTimeout(47)) - RetriableDatanodeCommand type=deleteBlocksCommand with id=1560501803646 timed out. Retrying.
2019-06-14 08:43:33,594 INFO  commands.RetriableDatanodeEventWatcher (RetriableDatanodeEventWatcher.java:onTimeout(47)) - RetriableDatanodeCommand type=deleteBlocksCommand with id=1560501803587 timed out. Retrying.
2019-06-14 08:43:33,603 DEBUG block.SCMBlockDeletingService (SCMBlockDeletingService.java:call(138)) - Running DeletedBlockTransactionScanner
2019-06-14 08:43:33,603 DEBUG block.SCMBlockDeletingService (SCMBlockDeletingService.java:call(155)) - Scanned deleted blocks log and got 3 delTX to process.
2019-06-14 08:43:33,603 DEBUG block.SCMBlockDeletingService (SCMBlockDeletingService.java:call(171)) - Added delete block command for datanode 374189d0-76c5-49d2-81b4-45a4af1368a2 in the queue, number of delete block transactions: 3, TxID list: 1,2,3
2019-06-14 08:43:33,603 INFO  block.SCMBlockDeletingService (SCMBlockDeletingService.java:call(182)) - Totally added 3 delete blocks command for 1 datanodes, task elapsed time: 1ms
2019-06-14 08:43:33,604 INFO  commands.RetriableDatanodeEventWatcher (RetriableDatanodeEventWatcher.java:onTimeout(47)) - RetriableDatanodeCommand type=deleteBlocksCommand with id=1560501803597 timed out. Retrying.
2019-06-14 08:43:33,613 INFO  commands.RetriableDatanodeEventWatcher (RetriableDatanodeEventWatcher.java:onTimeout(47)) - RetriableDatanodeCommand type=deleteBlocksCommand with id=1560501803607 timed out. Retrying.
2019-06-14 08:43:33,622 INFO  commands.RetriableDatanodeEventWatcher (RetriableDatanodeEventWatcher.java:onTimeout(47)) - RetriableDatanodeCommand type=deleteBlocksCommand with id=1560501803617 timed out. Retrying.
2019-06-14 08:43:33,668 INFO  commands.RetriableDatanodeEventWatcher (RetriableDatanodeEventWatcher.java:onTimeout(47)) - RetriableDatanodeCommand type=deleteBlocksCommand with id=1560501803558 timed out. Retrying.
2019-06-14 08:43:33,669 INFO  block.SCMBlockDeletingService (SCMBlockDeletingService.java:handlePendingDeletes(115)) - Block deletion txnID mismatch in datanode 374189d0-76c5-49d2-81b4-45a4af1368a2 for containerID 1. Datanode delete txnID: 0, SCM txnID: 1
2019-06-14 08:43:33,669 INFO  block.SCMBlockDeletingService (SCMBlockDeletingService.java:handlePendingDeletes(115)) - Block deletion txnID mismatch in datanode 374189d0-76c5-49d2-81b4-45a4af1368a2 for containerID 2. Datanode delete txnID: 0, SCM txnID: 2
2019-06-14 08:43:33,669 INFO  block.SCMBlockDeletingService (SCMBlockDeletingService.java:handlePendingDeletes(115)) - Block deletion txnID mismatch in datanode 374189d0-76c5-49d2-81b4-45a4af1368a2 for containerID 3. Datanode delete txnID: 0, SCM txnID: 3
2019-06-14 08:43:33,674 INFO  commands.RetriableDatanodeEventWatcher (RetriableDatanodeEventWatcher.java:onTimeout(47)) - RetriableDatanodeCommand type=deleteBlocksCommand with id=1560501803627 timed out. Retrying.
2019-06-14 08:43:33,678 INFO  commands.RetriableDatanodeEventWatcher (RetriableDatanodeEventWatcher.java:onTimeout(47)) - RetriableDatanodeCommand type=deleteBlocksCommand with id=1560501803568 timed out. Retrying.
2019-06-14 08:43:33,682 INFO  commands.RetriableDatanodeEventWatcher (RetriableDatanodeEventWatcher.java:onTimeout(47)) - RetriableDatanodeCommand type=deleteBlocksCommand with id=1560501803637 timed out. Retrying.
2019-06-14 08:43:33,685 INFO  commands.RetriableDatanodeEventWatcher (RetriableDatanodeEventWatcher.java:onTimeout(47)) - RetriableDatanodeCommand type=deleteBlocksCommand with id=1560501803578 timed out. Retrying.
2019-06-14 08:43:33,690 INFO  commands.RetriableDatanodeEventWatcher (RetriableDatanodeEventWatcher.java:onTimeout(47)) - RetriableDatanodeCommand type=deleteBlocksCommand with id=1560501803647 timed out. Retrying.
2019-06-14 08:43:33,696 INFO  commands.RetriableDatanodeEventWatcher (RetriableDatanodeEventWatcher.java:onTimeout(47)) - RetriableDatanodeCommand type=deleteBlocksCommand with id=1560501803588 timed out. Retrying.
2019-06-14 08:43:33,704 DEBUG block.SCMBlockDeletingService (SCMBlockDeletingService.java:call(138)) - Running DeletedBlockTransactionScanner
2019-06-14 08:43:33,704 DEBUG block.SCMBlockDeletingService (SCMBlockDeletingService.java:call(155)) - Scanned deleted blocks log and got 3 delTX to process.
2019-06-14 08:43:33,704 DEBUG block.SCMBlockDeletingService (SCMBlockDeletingService.java:call(171)) - Added delete block command for datanode 374189d0-76c5-49d2-81b4-45a4af1368a2 in the queue, number of delete block transactions: 3, TxID list: 1,2,3
2019-06-14 08:43:33,704 INFO  block.SCMBlockDeletingService (SCMBlockDeletingService.java:call(182)) - Totally added 3 delete blocks command for 1 datanodes, task elapsed time: 0ms
2019-06-14 08:43:33,705 INFO  commands.RetriableDatanodeEventWatcher (RetriableDatanodeEventWatcher.java:onTimeout(47)) - RetriableDatanodeCommand type=deleteBlocksCommand with id=1560501803598 timed out. Retrying.
2019-06-14 08:43:33,714 INFO  commands.RetriableDatanodeEventWatcher (RetriableDatanodeEventWatcher.java:onTimeout(47)) - RetriableDatanodeCommand type=deleteBlocksCommand with id=1560501803608 timed out. Retrying.
2019-06-14 08:43:33,724 INFO  commands.RetriableDatanodeEventWatcher (RetriableDatanodeEventWatcher.java:onTimeout(47)) - RetriableDatanodeCommand type=deleteBlocksCommand with id=1560501803618 timed out. Retrying.
2019-06-14 08:43:33,769 INFO  commands.RetriableDatanodeEventWatcher (RetriableDatanodeEventWatcher.java:onTimeout(47)) - RetriableDatanodeCommand type=deleteBlocksCommand with id=1560501803559 timed out. Retrying.
2019-06-14 08:43:33,774 INFO  commands.RetriableDatanodeEventWatcher (RetriableDatanodeEventWatcher.java:onTimeout(47)) - RetriableDatanodeCommand type=deleteBlocksCommand with id=1560501803628 timed out. Retrying.
2019-06-14 08:43:33,780 INFO  commands.RetriableDatanodeEventWatcher (RetriableDatanodeEventWatcher.java:onTimeout(47)) - RetriableDatanodeCommand type=deleteBlocksCommand with id=1560501803569 timed out. Retrying.
2019-06-14 08:43:33,784 INFO  commands.RetriableDatanodeEventWatcher (RetriableDatanodeEventWatcher.java:onTimeout(47)) - RetriableDatanodeCommand type=deleteBlocksCommand with id=1560501803638 timed out. Retrying.
2019-06-14 08:43:33,788 INFO  commands.RetriableDatanodeEventWatcher (RetriableDatanodeEventWatcher.java:onTimeout(47)) - RetriableDatanodeCommand type=deleteBlocksCommand with id=1560501803579 timed out. Retrying.
2019-06-14 08:43:33,791 INFO  commands.RetriableDatanodeEventWatcher (RetriableDatanodeEventWatcher.java:onTimeout(47)) - RetriableDatanodeCommand type=deleteBlocksCommand with id=1560501803648 timed out. Retrying.
2019-06-14 08:43:33,797 INFO  commands.RetriableDatanodeEventWatcher (RetriableDatanodeEventWatcher.java:onTimeout(47)) - RetriableDatanodeCommand type=deleteBlocksCommand with id=1560501803589 timed out. Retrying.
2019-06-14 08:43:33,804 DEBUG block.SCMBlockDeletingService (SCMBlockDeletingService.java:call(138)) - Running DeletedBlockTransactionScanner
2019-06-14 08:43:33,805 DEBUG block.SCMBlockDeletingService (SCMBlockDeletingService.java:call(155)) - Scanned deleted blocks log and got 3 delTX to process.
2019-06-14 08:43:33,805 DEBUG block.SCMBlockDeletingService (SCMBlockDeletingService.java:call(171)) - Added delete block command for datanode 374189d0-76c5-49d2-81b4-45a4af1368a2 in the queue, number of delete block transactions: 3, TxID list: 1,2,3
2019-06-14 08:43:33,805 INFO  block.SCMBlockDeletingService (SCMBlockDeletingService.java:call(182)) - Totally added 3 delete blocks command for 1 datanodes, task elapsed time: 1ms
2019-06-14 08:43:33,806 INFO  commands.RetriableDatanodeEventWatcher (RetriableDatanodeEventWatcher.java:onTimeout(47)) - RetriableDatanodeCommand type=deleteBlocksCommand with id=1560501803599 timed out. Retrying.
2019-06-14 08:43:33,815 INFO  commands.RetriableDatanodeEventWatcher (RetriableDatanodeEventWatcher.java:onTimeout(47)) - RetriableDatanodeCommand type=deleteBlocksCommand with id=1560501803609 timed out. Retrying.
2019-06-14 08:43:33,824 INFO  commands.RetriableDatanodeEventWatcher (RetriableDatanodeEventWatcher.java:onTimeout(47)) - RetriableDatanodeCommand type=deleteBlocksCommand with id=1560501803619 timed out. Retrying.
2019-06-14 08:43:33,868 INFO  ozone.MiniOzoneClusterImpl (MiniOzoneClusterImpl.java:lambda$waitForClusterToBeReady$0(142)) - Cluster is ready. Got 1 of 1 DN Heartbeats.
2019-06-14 08:43:33,869 INFO  commands.RetriableDatanodeEventWatcher (RetriableDatanodeEventWatcher.java:onTimeout(47)) - RetriableDatanodeCommand type=deleteBlocksCommand with id=1560501803560 timed out. Retrying.
2019-06-14 08:43:33,870 INFO  commandhandler.DeleteBlocksCommandHandler (DeleteBlocksCommandHandler.java:handle(106)) - Start to delete container blocks, TXIDs=[1(0),2(0),3(0)], numOfContainers=3, numOfBlocks=553
2019-06-14 08:43:33,882 INFO  commands.RetriableDatanodeEventWatcher (RetriableDatanodeEventWatcher.java:onTimeout(47)) - RetriableDatanodeCommand type=deleteBlocksCommand with id=1560501803629 timed out. Retrying.
2019-06-14 08:43:33,883 INFO  commands.RetriableDatanodeEventWatcher (RetriableDatanodeEventWatcher.java:onTimeout(47)) - RetriableDatanodeCommand type=deleteBlocksCommand with id=1560501803639 timed out. Retrying.
2019-06-14 08:43:33,888 INFO  commands.RetriableDatanodeEventWatcher (RetriableDatanodeEventWatcher.java:onTimeout(47)) - RetriableDatanodeCommand type=deleteBlocksCommand with id=1560501803580 timed out. Retrying.
2019-06-14 08:43:33,889 INFO  commands.RetriableDatanodeEventWatcher (RetriableDatanodeEventWatcher.java:onTimeout(47)) - RetriableDatanodeCommand type=deleteBlocksCommand with id=1560501803570 timed out. Retrying.
2019-06-14 08:43:33,892 INFO  commands.RetriableDatanodeEventWatcher (RetriableDatanodeEventWatcher.java:onTimeout(47)) - RetriableDatanodeCommand type=deleteBlocksCommand with id=1560501803649 timed out. Retrying.
2019-06-14 08:43:33,895 INFO  commandhandler.DeleteBlocksCommandHandler (DeleteBlocksCommandHandler.java:handle(106)) - Start to delete container blocks, TXIDs=[1(0),2(0),3(0)], numOfContainers=3, numOfBlocks=553
2019-06-14 08:43:33,896 INFO  commandhandler.DeleteBlocksCommandHandler (DeleteBlocksCommandHandler.java:handle(106)) - Start to delete container blocks, TXIDs=[1(0),2(0),3(0)], numOfContainers=3, numOfBlocks=553
2019-06-14 08:43:33,897 INFO  commandhandler.DeleteBlocksCommandHandler (DeleteBlocksCommandHandler.java:handle(106)) - Start to delete container blocks, TXIDs=[1(0),2(0),3(0)], numOfContainers=3, numOfBlocks=553
2019-06-14 08:43:33,897 INFO  commandhandler.DeleteBlocksCommandHandler (DeleteBlocksCommandHandler.java:handle(106)) - Start to delete container blocks, TXIDs=[1(0),2(0),3(0)], numOfContainers=3, numOfBlocks=553
2019-06-14 08:43:33,898 INFO  commands.RetriableDatanodeEventWatcher (RetriableDatanodeEventWatcher.java:onTimeout(47)) - RetriableDatanodeCommand type=deleteBlocksCommand with id=1560501803590 timed out. Retrying.
2019-06-14 08:43:33,898 INFO  commandhandler.DeleteBlocksCommandHandler (DeleteBlocksCommandHandler.java:handle(106)) - Start to delete container blocks, TXIDs=[1(0),2(0),3(0)], numOfContainers=3, numOfBlocks=553
2019-06-14 08:43:33,899 INFO  commandhandler.DeleteBlocksCommandHandler (DeleteBlocksCommandHandler.java:handle(106)) - Start to delete container blocks, TXIDs=[1(0),2(0),3(0)], numOfContainers=3, numOfBlocks=553
2019-06-14 08:43:33,900 INFO  commandhandler.DeleteBlocksCommandHandler (DeleteBlocksCommandHandler.java:handle(106)) - Start to delete container blocks, TXIDs=[1(0),2(0),3(0)], numOfContainers=3, numOfBlocks=553
2019-06-14 08:43:33,901 INFO  commandhandler.DeleteBlocksCommandHandler (DeleteBlocksCommandHandler.java:handle(106)) - Start to delete container blocks, TXIDs=[1(0),2(0),3(0)], numOfContainers=3, numOfBlocks=553
2019-06-14 08:43:33,901 INFO  commandhandler.DeleteBlocksCommandHandler (DeleteBlocksCommandHandler.java:handle(106)) - Start to delete container blocks, TXIDs=[1(0),2(0),3(0)], numOfContainers=3, numOfBlocks=553
2019-06-14 08:43:33,902 INFO  commandhandler.DeleteBlocksCommandHandler (DeleteBlocksCommandHandler.java:handle(106)) - Start to delete container blocks, TXIDs=[1(0),2(0),3(0)], numOfContainers=3, numOfBlocks=553
2019-06-14 08:43:33,902 INFO  background.BlockDeletingService (BlockDeletingService.java:getTasks(123)) - Plan to choose 10 containers for block deletion, actually returns 3 valid containers.
2019-06-14 08:43:33,903 INFO  commandhandler.DeleteBlocksCommandHandler (DeleteBlocksCommandHandler.java:handle(106)) - Start to delete container blocks, TXIDs=[1(0),2(0),3(0)], numOfContainers=3, numOfBlocks=553
2019-06-14 08:43:33,904 INFO  commandhandler.DeleteBlocksCommandHandler (DeleteBlocksCommandHandler.java:handle(106)) - Start to delete container blocks, TXIDs=[1(0),2(0),3(0)], numOfContainers=3, numOfBlocks=553
2019-06-14 08:43:33,906 INFO  commandhandler.DeleteBlocksCommandHandler (SCMBlockDeletingService.java:call(138)) - Running DeletedBlockTransactionScanner
2019-06-14 08:43:33,906 INFO  commandhandler.DeleteBlocksCommandHandler (DeleteBlocksCommandHandler.java:handle(106)) - Start to delete container blocks, TXIDs=[1(0),2(0),3(0)], numOfContainers=3, numOfBlocks=553
2019-06-14 08:43:33,907 DEBUG block.SCMBlockDeletingService (SCMBlockDeletingService.java:call(155)) - Scanned deleted blocks log and got 3 delTX to process.
2019-06-14 08:43:33,907 DEBUG block.SCMBlockDeletingService (SCMBlockDeletingService.java:call(171)) - Added delete block command for datanode 374189d0-76c5-49d2-81b4-45a4af1368a2 in the queue, number of delete block transactions: 3, TxID list: 1,2,3
2019-06-14 08:43:33,907 INFO  block.SCMBlockDeletingService (SCMBlockDeletingService.java:call(182)) - Totally added 3 delete blocks command for 1 datanodes, task elapsed time: 1ms
2019-06-14 08:43:33,907 INFO  commands.RetriableDatanodeEventWatcher (RetriableDatanodeEventWatcher.java:onTimeout(47)) - RetriableDatanodeCommand type=deleteBlocksCommand with id=1560501803600 timed out. Retrying.
2019-06-14 08:43:33,907 INFO  commandhandler.DeleteBlocksCommandHandler (DeleteBlocksCommandHandler.java:handle(106)) - Start to delete container blocks, TXIDs=[1(0),2(0),3(0)], numOfContainers=3, numOfBlocks=553
2019-06-14 08:43:33,909 INFO  commandhandler.DeleteBlocksCommandHandler (DeleteBlocksCommandHandler.java:handle(106)) - Start to delete container blocks, TXIDs=[1(0),2(0),3(0)], numOfContainers=3, numOfBlocks=553
2019-06-14 08:43:33,910 INFO  commandhandler.DeleteBlocksCommandHandler (DeleteBlocksCommandHandler.java:handle(106)) - Start to delete container blocks, TXIDs=[1(0),2(0),3(0)], numOfContainers=3, numOfBlocks=553
2019-06-14 08:43:33,911 INFO  commandhandler.DeleteBlocksCommandHandler (DeleteBlocksCommandHandler.java:handle(106)) - Start to delete container blocks, TXIDs=[1(0),2(0),3(0)], numOfContainers=3, numOfBlocks=553
2019-06-14 08:43:33,912 INFO  commandhandler.DeleteBlocksCommandHandler (DeleteBlocksCommandHandler.java:handle(106)) - Start to delete container blocks, TXIDs=[1(0),2(0),3(0)], numOfContainers=3, numOfBlocks=553
2019-06-14 08:43:33,919 INFO  commands.RetriableDatanodeEventWatcher (RetriableDatanodeEventWatcher.java:onTimeout(47)) - RetriableDatanodeCommand type=deleteBlocksCommand with id=1560501803610 timed out. Retrying.
2019-06-14 08:43:33,923 INFO  commandhandler.DeleteBlocksCommandHandler (DeleteBlocksCommandHandler.java:handle(106)) - Start to delete container blocks, TXIDs=[1(0),2(0),3(0)], numOfContainers=3, numOfBlocks=553
2019-06-14 08:43:33,924 INFO  commandhandler.DeleteBlocksCommandHandler (DeleteBlocksCommandHandler.java:handle(106)) - Start to delete container blocks, TXIDs=[1(0),2(0),3(0)], numOfContainers=3, numOfBlocks=553
2019-06-14 08:43:33,925 INFO  commands.RetriableDatanodeEventWatcher (RetriableDatanodeEventWatcher.java:onTimeout(47)) - RetriableDatanodeCommand type=deleteBlocksCommand with id=1560501803620 timed out. Retrying.
2019-06-14 08:43:33,927 INFO  commandhandler.DeleteBlocksCommandHandler (DeleteBlocksCommandHandler.java:handle(106)) - Start to delete container blocks, TXIDs=[1(0),2(0),3(0)], numOfContainers=3, numOfBlocks=553
2019-06-14 08:43:33,929 INFO  commandhandler.DeleteBlocksCommandHandler (DeleteBlocksCommandHandler.java:handle(106)) - Start to delete container blocks, TXIDs=[1(0),2(0),3(0)], numOfContainers=3, numOfBlocks=553
2019-06-14 08:43:33,930 INFO  commandhandler.DeleteBlocksCommandHandler (DeleteBlocksCommandHandler.java:handle(106)) - Start to delete container blocks, TXIDs=[1(0),2(0),3(0)], numOfContainers=3, numOfBlocks=553
2019-06-14 08:43:33,931 INFO  commandhandler.DeleteBlocksCommandHandler (DeleteBlocksCommandHandler.java:handle(106)) - Start to delete container blocks, TXIDs=[1(0),2(0),3(0)], numOfContainers=3, numOfBlocks=553
2019-06-14 08:43:33,932 INFO  commandhandler.DeleteBlocksCommandHandler (DeleteBlocksCommandHandler.java:handle(106)) - Start to delete container blocks, TXIDs=[1(0),2(0),3(0)], numOfContainers=3, numOfBlocks=553
2019-06-14 08:43:33,933 INFO  commandhandler.DeleteBlocksCommandHandler (DeleteBlocksCommandHandler.java:handle(106)) - Start to delete container blocks, TXIDs=[1(0),2(0),3(0)], numOfContainers=3, numOfBlocks=553
2019-06-14 08:43:33,934 INFO  commandhandler.DeleteBlocksCommandHandler (DeleteBlocksCommandHandler.java:handle(106)) - Start to delete container blocks, TXIDs=[1(0),2(0),3(0)], numOfContainers=3, numOfBlocks=553
2019-06-14 08:43:33,936 INFO  commandhandler.DeleteBlocksCommandHandler (DeleteBlocksCommandHandler.java:handle(106)) - Start to delete container blocks, TXIDs=[1(0),2(0),3(0)], numOfContainers=3, numOfBlocks=553
2019-06-14 08:43:33,937 INFO  commandhandler.DeleteBlocksCommandHandler (DeleteBlocksCommandHandler.java:handle(106)) - Start to delete container blocks, TXIDs=[1(0),2(0),3(0)], numOfContainers=3, numOfBlocks=553
2019-06-14 08:43:33,938 INFO  commandhandler.DeleteBlocksCommandHandler (DeleteBlocksCommandHandler.java:handle(106)) - Start to delete container blocks, TXIDs=[1(0),2(0),3(0)], numOfContainers=3, numOfBlocks=553
2019-06-14 08:43:33,939 INFO  commandhandler.DeleteBlocksCommandHandler (DeleteBlocksCommandHandler.java:handle(106)) - Start to delete container blocks, TXIDs=[1(0),2(0),3(0)], numOfContainers=3, numOfBlocks=553
2019-06-14 08:43:33,940 INFO  commandhandler.DeleteBlocksCommandHandler (DeleteBlocksCommandHandler.java:handle(106)) - Start to delete container blocks, TXIDs=[1(0),2(0),3(0)], numOfContainers=3, numOfBlocks=553
2019-06-14 08:43:33,941 INFO  commandhandler.DeleteBlocksCommandHandler (DeleteBlocksCommandHandler.java:handle(106)) - Start to delete container blocks, TXIDs=[1(0),2(0),3(0)], numOfContainers=3, numOfBlocks=553
2019-06-14 08:43:33,942 INFO  commandhandler.DeleteBlocksCommandHandler (DeleteBlocksCommandHandler.java:handle(106)) - Start to delete container blocks, TXIDs=[1(0),2(0),3(0)], numOfContainers=3, numOfBlocks=553
2019-06-14 08:43:33,944 INFO  commandhandler.DeleteBlocksCommandHandler (DeleteBlocksCommandHandler.java:handle(106)) - Start to delete container blocks, TXIDs=[1(0),2(0),3(0)], numOfContainers=3, numOfBlocks=553
2019-06-14 08:43:33,945 INFO  commandhandler.DeleteBlocksCommandHandler (DeleteBlocksCommandHandler.java:handle(106)) - Start to delete container blocks, TXIDs=[1(0),2(0),3(0)], numOfContainers=3, numOfBlocks=553
2019-06-14 08:43:33,946 INFO  commandhandler.DeleteBlocksCommandHandler (DeleteBlocksCommandHandler.java:handle(106)) - Start to delete container blocks, TXIDs=[1(0),2(0),3(0)], numOfContainers=3, numOfBlocks=553
2019-06-14 08:43:33,947 INFO  commandhandler.DeleteBlocksCommandHandler (DeleteBlocksCommandHandler.java:handle(106)) - Start to delete container blocks, TXIDs=[1(0),2(0),3(0)], numOfContainers=3, numOfBlocks=553
2019-06-14 08:43:33,948 INFO  commandhandler.DeleteBlocksCommandHandler (DeleteBlocksCommandHandler.java:handle(106)) - Start to delete container blocks, TXIDs=[1(0),2(0),3(0)], numOfContainers=3, numOfBlocks=553
2019-06-14 08:43:33,949 INFO  commandhandler.DeleteBlocksCommandHandler (DeleteBlocksCommandHandler.java:handle(106)) - Start to delete container blocks, TXIDs=[1(0),2(0),3(0)], numOfContainers=3, numOfBlocks=553
2019-06-14 08:43:33,951 INFO  commandhandler.DeleteBlocksCommandHandler (DeleteBlocksCommandHandler.java:handle(106)) - Start to delete container blocks, TXIDs=[1(0),2(0),3(0)], numOfContainers=3, numOfBlocks=553
2019-06-14 08:43:33,952 INFO  commandhandler.DeleteBlocksCommandHandler (DeleteBlocksCommandHandler.java:handle(106)) - Start to delete container blocks, TXIDs=[1(0),2(0),3(0)], numOfContainers=3, numOfBlocks=553
2019-06-14 08:43:33,953 INFO  commandhandler.DeleteBlocksCommandHandler (DeleteBlocksCommandHandler.java:handle(106)) - Start to delete container blocks, TXIDs=[1(0),2(0),3(0)], numOfContainers=3, numOfBlocks=553
2019-06-14 08:43:33,954 INFO  commandhandler.DeleteBlocksCommandHandler (DeleteBlocksCommandHandler.java:handle(106)) - Start to delete container blocks, TXIDs=[1(0),2(0),3(0)], numOfContainers=3, numOfBlocks=553
2019-06-14 08:43:33,955 INFO  commandhandler.DeleteBlocksCommandHandler (DeleteBlocksCommandHandler.java:handle(106)) - Start to delete container blocks, TXIDs=[1(0),2(0),3(0)], numOfContainers=3, numOfBlocks=553
2019-06-14 08:43:33,956 INFO  commandhandler.DeleteBlocksCommandHandler (DeleteBlocksCommandHandler.java:handle(106)) - Start to delete container blocks, TXIDs=[1(0),2(0),3(0)], numOfContainers=3, numOfBlocks=553
2019-06-14 08:43:33,957 INFO  commandhandler.DeleteBlocksCommandHandler (DeleteBlocksCommandHandler.java:handle(106)) - Start to delete container blocks, TXIDs=[1(0),2(0),3(0)], numOfContainers=3, numOfBlocks=553
2019-06-14 08:43:33,958 INFO  commandhandler.DeleteBlocksCommandHandler (DeleteBlocksCommandHandler.java:handle(106)) - Start to delete container blocks, TXIDs=[1(0),2(0),3(0)], numOfContainers=3, numOfBlocks=553
2019-06-14 08:43:33,959 INFO  commandhandler.DeleteBlocksCommandHandler (DeleteBlocksCommandHandler.java:handle(106)) - Start to delete container blocks, TXIDs=[1(0),2(0),3(0)], numOfContainers=3, numOfBlocks=553
2019-06-14 08:43:33,960 INFO  commandhandler.DeleteBlocksCommandHandler (DeleteBlocksCommandHandler.java:handle(106)) - Start to delete container blocks, TXIDs=[1(0),2(0),3(0)], numOfContainers=3, numOfBlocks=553
2019-06-14 08:43:33,961 INFO  commandhandler.DeleteBlocksCommandHandler (DeleteBlocksCommandHandler.java:handle(106)) - Start to delete container blocks, TXIDs=[1(0),2(0),3(0)], numOfContainers=3, numOfBlocks=553
2019-06-14 08:43:33,962 INFO  commandhandler.DeleteBlocksCommandHandler (DeleteBlocksCommandHandler.java:handle(106)) - Start to delete container blocks, TXIDs=[1(0),2(0),3(0)], numOfContainers=3, numOfBlocks=553
2019-06-14 08:43:33,963 INFO  commandhandler.DeleteBlocksCommandHandler (DeleteBlocksCommandHandler.java:handle(106)) - Start to delete container blocks, TXIDs=[1(0),2(0),3(0)], numOfContainers=3, numOfBlocks=553
2019-06-14 08:43:33,964 INFO  commandhandler.DeleteBlocksCommandHandler (DeleteBlocksCommandHandler.java:handle(106)) - Start to delete container blocks, TXIDs=[1(0),2(0),3(0)], numOfContainers=3, numOfBlocks=553
2019-06-14 08:43:33,965 INFO  commandhandler.DeleteBlocksCommandHandler (DeleteBlocksCommandHandler.java:handle(106)) - Start to delete container blocks, TXIDs=[1(0),2(0),3(0)], numOfContainers=3, numOfBlocks=553
2019-06-14 08:43:33,967 INFO  commandhandler.DeleteBlocksCommandHandler (DeleteBlocksCommandHandler.java:handle(106)) - Start to delete container blocks, TXIDs=[1(0),2(0),3(0)], numOfContainers=3, numOfBlocks=553
2019-06-14 08:43:33,968 INFO  commandhandler.DeleteBlocksCommandHandler (DeleteBlocksCommandHandler.java:handle(106)) - Start to delete container blocks, TXIDs=[1(0),2(0),3(0)], numOfContainers=3, numOfBlocks=553
2019-06-14 08:43:33,969 INFO  commandhandler.DeleteBlocksCommandHandler (DeleteBlocksCommandHandler.java:handle(106)) - Start to delete container blocks, TXIDs=[1(0),2(0),3(0)], numOfContainers=3, numOfBlocks=553
2019-06-14 08:43:33,970 INFO  commands.RetriableDatanodeEventWatcher (RetriableDatanodeEventWatcher.java:onTimeout(47)) - RetriableDatanodeCommand type=deleteBlocksCommand with id=1560501803561 timed out. Retrying.
2019-06-14 08:43:33,970 INFO  commandhandler.DeleteBlocksCommandHandler (DeleteBlocksCommandHandler.java:handle(106)) - Start to delete container blocks, TXIDs=[1(0),2(0),3(0)], numOfContainers=3, numOfBlocks=553
2019-06-14 08:43:33,971 INFO  commandhandler.DeleteBlocksCommandHandler (DeleteBlocksCommandHandler.java:handle(106)) - Start to delete container blocks, TXIDs=[1(0),2(0),3(0)], numOfContainers=3, numOfBlocks=553
2019-06-14 08:43:33,972 INFO  commandhandler.DeleteBlocksCommandHandler (DeleteBlocksCommandHandler.java:handle(106)) - Start to delete container blocks, TXIDs=[1(0),2(0),3(0)], numOfContainers=3, numOfBlocks=553
2019-06-14 08:43:33,973 INFO  commandhandler.DeleteBlocksCommandHandler (DeleteBlocksCommandHandler.java:handle(106)) - Start to delete container blocks, TXIDs=[1(0),2(0),3(0)], numOfContainers=3, numOfBlocks=553
2019-06-14 08:43:33,974 INFO  commandhandler.DeleteBlocksCommandHandler (DeleteBlocksCommandHandler.java:handle(106)) - Start to delete container blocks, TXIDs=[1(0),2(0),3(0)], numOfContainers=3, numOfBlocks=553
2019-06-14 08:43:33,975 INFO  commandhandler.DeleteBlocksCommandHandler (DeleteBlocksCommandHandler.java:handle(106)) - Start to delete container blocks, TXIDs=[1(0),2(0),3(0)], numOfContainers=3, numOfBlocks=553
2019-06-14 08:43:33,975 INFO  commands.RetriableDatanodeEventWatcher (RetriableDatanodeEventWatcher.java:onTimeout(47)) - RetriableDatanodeCommand type=deleteBlocksCommand with id=1560501803630 timed out. Retrying.
2019-06-14 08:43:33,976 INFO  commandhandler.DeleteBlocksCommandHandler (DeleteBlocksCommandHandler.java:handle(106)) - Start to delete container blocks, TXIDs=[1(0),2(0),3(0)], numOfContainers=3, numOfBlocks=553
2019-06-14 08:43:33,977 INFO  commandhandler.DeleteBlocksCommandHandler (DeleteBlocksCommandHandler.java:handle(106)) - Start to delete container blocks, TXIDs=[1(0),2(0),3(0)], numOfContainers=3, numOfBlocks=553
2019-06-14 08:43:33,978 INFO  commandhandler.DeleteBlocksCommandHandler (DeleteBlocksCommandHandler.java:handle(106)) - Start to delete container blocks, TXIDs=[1(0),2(0),3(0)], numOfContainers=3, numOfBlocks=553
2019-06-14 08:43:33,979 INFO  commandhandler.DeleteBlocksCommandHandler (DeleteBlocksCommandHandler.java:handle(106)) - Start to delete container blocks, TXIDs=[1(0),2(0),3(0)], numOfContainers=3, numOfBlocks=553
2019-06-14 08:43:33,980 INFO  commandhandler.DeleteBlocksCommandHandler (DeleteBlocksCommandHandler.java:handle(106)) - Start to delete container blocks, TXIDs=[1(0),2(0),3(0)], numOfContainers=3, numOfBlocks=553
2019-06-14 08:43:33,981 INFO  commandhandler.DeleteBlocksCommandHandler (DeleteBlocksCommandHandler.java:handle(106)) - Start to delete container blocks, TXIDs=[1(0),2(0),3(0)], numOfContainers=3, numOfBlocks=553
2019-06-14 08:43:33,983 INFO  commandhandler.DeleteBlocksCommandHandler (DeleteBlocksCommandHandler.java:handle(106)) - Start to delete container blocks, TXIDs=[1(0),2(0),3(0)], numOfContainers=3, numOfBlocks=553
2019-06-14 08:43:33,983 INFO  commands.RetriableDatanodeEventWatcher (RetriableDatanodeEventWatcher.java:onTimeout(47)) - RetriableDatanodeCommand type=deleteBlocksCommand with id=1560501803571 timed out. Retrying.
2019-06-14 08:43:33,984 INFO  commands.RetriableDatanodeEventWatcher (RetriableDatanodeEventWatcher.java:onTimeout(47)) - RetriableDatanodeCommand type=deleteBlocksCommand with id=1560501803640 timed out. Retrying.
2019-06-14 08:43:33,984 INFO  commandhandler.DeleteBlocksCommandHandler (DeleteBlocksCommandHandler.java:handle(106)) - Start to delete container blocks, TXIDs=[1(0),2(0),3(0)], numOfContainers=3, numOfBlocks=553
2019-06-14 08:43:33,985 INFO  commandhandler.DeleteBlocksCommandHandler (DeleteBlocksCommandHandler.java:handle(106)) - Start to delete container blocks, TXIDs=[1(0),2(0),3(0)], numOfContainers=3, numOfBlocks=553
2019-06-14 08:43:33,986 INFO  commandhandler.DeleteBlocksCommandHandler (DeleteBlocksCommandHandler.java:handle(106)) - Start to delete container blocks, TXIDs=[1(0),2(0),3(0)], numOfContainers=3, numOfBlocks=553
2019-06-14 08:43:33,987 INFO  commandhandler.DeleteBlocksCommandHandler (DeleteBlocksCommandHandler.java:handle(106)) - Start to delete container blocks, TXIDs=[1(0),2(0),3(0)], numOfContainers=3, numOfBlocks=553
2019-06-14 08:43:33,988 INFO  commandhandler.DeleteBlocksCommandHandler (DeleteBlocksCommandHandler.java:handle(106)) - Start to delete container blocks, TXIDs=[1(0),2(0),3(0)], numOfContainers=3, numOfBlocks=553
2019-06-14 08:43:33,989 INFO  commandhandler.DeleteBlocksCommandHandler (DeleteBlocksCommandHandler.java:handle(106)) - Start to delete container blocks, TXIDs=[1(0),2(0),3(0)], numOfContainers=3, numOfBlocks=553
2019-06-14 08:43:33,990 INFO  commands.RetriableDatanodeEventWatcher (RetriableDatanodeEventWatcher.java:onTimeout(47)) - RetriableDatanodeCommand type=deleteBlocksCommand with id=1560501803581 timed out. Retrying.
2019-06-14 08:43:33,990 INFO  commandhandler.DeleteBlocksCommandHandler (DeleteBlocksCommandHandler.java:handle(106)) - Start to delete container blocks, TXIDs=[1(0),2(0),3(0)], numOfContainers=3, numOfBlocks=553
2019-06-14 08:43:33,991 INFO  commandhandler.DeleteBlocksCommandHandler (DeleteBlocksCommandHandler.java:handle(106)) - Start to delete container blocks, TXIDs=[1(0),2(0),3(0)], numOfContainers=3, numOfBlocks=553
2019-06-14 08:43:33,993 INFO  commandhandler.DeleteBlocksCommandHandler (DeleteBlocksCommandHandler.java:handle(106)) - Start to delete container blocks, TXIDs=[1(0),2(0),3(0)], numOfContainers=3, numOfBlocks=553
2019-06-14 08:43:33,993 INFO  commands.RetriableDatanodeEventWatcher (RetriableDatanodeEventWatcher.java:onTimeout(47)) - RetriableDatanodeCommand type=deleteBlocksCommand with id=1560501803650 timed out. Retrying.
2019-06-14 08:43:33,995 INFO  commandhandler.DeleteBlocksCommandHandler (DeleteBlocksCommandHandler.java:handle(106)) - Start to delete container blocks, TXIDs=[1(0),2(0),3(0)], numOfContainers=3, numOfBlocks=553
2019-06-14 08:43:33,996 INFO  commandhandler.DeleteBlocksCommandHandler (DeleteBlocksCommandHandler.java:handle(106)) - Start to delete container blocks, TXIDs=[1(0),2(0),3(0)], numOfContainers=3, numOfBlocks=553
2019-06-14 08:43:33,997 INFO  commandhandler.DeleteBlocksCommandHandler (DeleteBlocksCommandHandler.java:handle(106)) - Start to delete container blocks, TXIDs=[1(0),2(0),3(0)], numOfContainers=3, numOfBlocks=553
2019-06-14 08:43:33,998 INFO  commandhandler.DeleteBlocksCommandHandler (DeleteBlocksCommandHandler.java:handle(106)) - Start to delete container blocks, TXIDs=[1(0),2(0),3(0)], numOfContainers=3, numOfBlocks=553
2019-06-14 08:43:33,999 INFO  commandhandler.DeleteBlocksCommandHandler (DeleteBlocksCommandHandler.java:handle(106)) - Start to delete container blocks, TXIDs=[1(0),2(0),3(0)], numOfContainers=3, numOfBlocks=553
2019-06-14 08:43:34,000 INFO  commandhandler.DeleteBlocksCommandHandler (DeleteBlocksCommandHandler.java:handle(106)) - Start to delete container blocks, TXIDs=[1(0),2(0),3(0)], numOfContainers=3, numOfBlocks=553
2019-06-14 08:43:34,000 INFO  commands.RetriableDatanodeEventWatcher (RetriableDatanodeEventWatcher.java:onTimeout(47)) - RetriableDatanodeCommand type=deleteBlocksCommand with id=1560501803591 timed out. Retrying.
2019-06-14 08:43:34,007 DEBUG block.SCMBlockDeletingService (SCMBlockDeletingService.java:call(138)) - Running DeletedBlockTransactionScanner
2019-06-14 08:43:34,007 DEBUG block.SCMBlockDeletingService (SCMBlockDeletingService.java:call(155)) - Scanned deleted blocks log and got 3 delTX to process.
2019-06-14 08:43:34,008 DEBUG block.SCMBlockDeletingService (SCMBlockDeletingService.java:call(171)) - Added delete block command for datanode 374189d0-76c5-49d2-81b4-45a4af1368a2 in the queue, number of delete block transactions: 3, TxID list: 1,2,3
2019-06-14 08:43:34,008 INFO  commandhandler.DeleteBlocksCommandHandler (DeleteBlocksCommandHandler.java:handle(106)) - Start to delete container blocks, TXIDs=[1(0),2(0),3(0)], numOfContainers=3, numOfBlocks=553
SCMBlockDeletingService.java:call(182)) - Totally added 3 delete blocks command for 1 datanodes, task elapsed time: 1ms
2019-06-14 08:43:34,010 INFO  commands.RetriableDatanodeEventWatcher (RetriableDatanodeEventWatcher.java:onTimeout(47)) - RetriableDatanodeCommand type=deleteBlocksCommand with id=1560501803601 timed out. Retrying.
2019-06-14 08:43:34,008 INFO  commandhandler.DeleteBlocksCommandHandler (DeleteBlocksCommandHandler.java:handle(106)) - Start to delete container blocks, TXIDs=[1(0),2(0),3(0)], numOfContainers=3, numOfBlocks=553
2019-06-14 08:43:34,011 INFO  commandhandler.DeleteBlocksCommandHandler (DeleteBlocksCommandHandler.java:handle(106)) - Start to delete container blocks, TXIDs=[1(0),2(0),3(0)], numOfContainers=3, numOfBlocks=553
2019-06-14 08:43:34,012 INFO  commandhandler.DeleteBlocksCommandHandler (DeleteBlocksCommandHandler.java:handle(106)) - Start to delete container blocks, TXIDs=[1(0),2(0),3(0)], numOfContainers=3, numOfBlocks=553
2019-06-14 08:43:34,013 INFO  commandhandler.DeleteBlocksCommandHandler (DeleteBlocksCommandHandler.java:handle(106)) - Start to delete container blocks, TXIDs=[1(0),2(0),3(0)], numOfContainers=3, numOfBlocks=553
2019-06-14 08:43:34,014 INFO  commandhandler.DeleteBlocksCommandHandler (DeleteBlocksCommandHandler.java:handle(106)) - Start to delete container blocks, TXIDs=[1(0),2(0),3(0)], numOfContainers=3, numOfBlocks=553
2019-06-14 08:43:34,017 INFO  commands.RetriableDatanodeEventWatcher (RetriableDatanodeEventWatcher.java:onTimeout(47)) - RetriableDatanodeCommand type=deleteBlocksCommand with id=1560501803611 timed out. Retrying.
2019-06-14 08:43:34,018 INFO  commandhandler.DeleteBlocksCommandHandler (DeleteBlocksCommandHandler.java:handle(106)) - Start to delete container blocks, TXIDs=[1(0),2(0),3(0)], numOfContainers=3, numOfBlocks=553
2019-06-14 08:43:34,023 INFO  commandhandler.DeleteBlocksCommandHandler (DeleteBlocksCommandHandler.java:handle(106)) - Start to delete container blocks, TXIDs=[1(0),2(0),3(0)], numOfContainers=3, numOfBlocks=553
2019-06-14 08:43:34,025 INFO  commands.RetriableDatanodeEventWatcher (RetriableDatanodeEventWatcher.java:onTimeout(47)) - RetriableDatanodeCommand type=deleteBlocksCommand with id=1560501803621 timed out. Retrying.
2019-06-14 08:43:34,026 INFO  commandhandler.DeleteBlocksCommandHandler (DeleteBlocksCommandHandler.java:handle(106)) - Start to delete container blocks, TXIDs=[1(0),2(0),3(0)], numOfContainers=3, numOfBlocks=553
2019-06-14 08:43:34,027 INFO  commandhandler.DeleteBlocksCommandHandler (DeleteBlocksCommandHandler.java:handle(106)) - Start to delete container blocks, TXIDs=[1(0),2(0),3(0)], numOfContainers=3, numOfBlocks=553
2019-06-14 08:43:34,028 INFO  commandhandler.DeleteBlocksCommandHandler (DeleteBlocksCommandHandler.java:handle(106)) - Start to delete container blocks, TXIDs=[1(0),2(0),3(0)], numOfContainers=3, numOfBlocks=553
2019-06-14 08:43:34,032 INFO  commandhandler.DeleteBlocksCommandHandler (DeleteBlocksCommandHandler.java:handle(106)) - Start to delete container blocks, TXIDs=[1(0),2(0),3(0)], numOfContainers=3, numOfBlocks=553
2019-06-14 08:43:34,033 INFO  commandhandler.DeleteBlocksCommandHandler (DeleteBlocksCommandHandler.java:handle(106)) - Start to delete container blocks, TXIDs=[1(0),2(0),3(0)], numOfContainers=3, numOfBlocks=553
2019-06-14 08:43:34,034 INFO  commandhandler.DeleteBlocksCommandHandler (DeleteBlocksCommandHandler.java:handle(106)) - Start to delete container blocks, TXIDs=[1(0),2(0),3(0)], numOfContainers=3, numOfBlocks=553
2019-06-14 08:43:34,035 INFO  commandhandler.DeleteBlocksCommandHandler (DeleteBlocksCommandHandler.java:handle(106)) - Start to delete container blocks, TXIDs=[1(0),2(0),3(0)], numOfContainers=3, numOfBlocks=553
2019-06-14 08:43:34,036 INFO  commandhandler.DeleteBlocksCommandHandler (DeleteBlocksCommandHandler.java:handle(106)) - Start to delete container blocks, TXIDs=[1(0),2(0),3(0)], numOfContainers=3, numOfBlocks=553
2019-06-14 08:43:34,037 INFO  commandhandler.DeleteBlocksCommandHandler (DeleteBlocksCommandHandler.java:handle(106)) - Start to delete container blocks, TXIDs=[1(0),2(0),3(0)], numOfContainers=3, numOfBlocks=553
2019-06-14 08:43:34,038 INFO  commandhandler.DeleteBlocksCommandHandler (DeleteBlocksCommandHandler.java:handle(106)) - Start to delete container blocks, TXIDs=[1(0),2(0),3(0)], numOfContainers=3, numOfBlocks=553
2019-06-14 08:43:34,039 INFO  commandhandler.DeleteBlocksCommandHandler (DeleteBlocksCommandHandler.java:handle(106)) - Start to delete container blocks, TXIDs=[1(0),2(0),3(0)], numOfContainers=3, numOfBlocks=553
2019-06-14 08:43:34,040 INFO  commandhandler.DeleteBlocksCommandHandler (DeleteBlocksCommandHandler.java:handle(106)) - Start to delete container blocks, TXIDs=[1(0),2(0),3(0)], numOfContainers=3, numOfBlocks=553
2019-06-14 08:43:34,041 INFO  commandhandler.DeleteBlocksCommandHandler (DeleteBlocksCommandHandler.java:handle(106)) - Start to delete container blocks, TXIDs=[1(0),2(0),3(0)], numOfContainers=3, numOfBlocks=553
2019-06-14 08:43:34,042 INFO  commandhandler.DeleteBlocksCommandHandler (DeleteBlocksCommandHandler.java:handle(106)) - Start to delete container blocks, TXIDs=[1(0),2(0),3(0)], numOfContainers=3, numOfBlocks=553
2019-06-14 08:43:34,043 INFO  commandhandler.DeleteBlocksCommandHandler (DeleteBlocksCommandHandler.java:handle(106)) - Start to delete container blocks, TXIDs=[1(0),2(0),3(0)], numOfContainers=3, numOfBlocks=553
2019-06-14 08:43:34,044 INFO  commandhandler.DeleteBlocksCommandHandler (DeleteBlocksCommandHandler.java:handle(106)) - Start to delete container blocks, TXIDs=[1(0),2(0),3(0)], numOfContainers=3, numOfBlocks=553
2019-06-14 08:43:34,045 INFO  commandhandler.DeleteBlocksCommandHandler (DeleteBlocksCommandHandler.java:handle(106)) - Start to delete container blocks, TXIDs=[1(0),2(0),3(0)], numOfContainers=3, numOfBlocks=553
2019-06-14 08:43:34,046 INFO  commandhandler.DeleteBlocksCommandHandler (DeleteBlocksCommandHandler.java:handle(106)) - Start to delete container blocks, TXIDs=[1(0),2(0),3(0)], numOfContainers=3, numOfBlocks=553
2019-06-14 08:43:34,047 INFO  commandhandler.DeleteBlocksCommandHandler (DeleteBlocksCommandHandler.java:handle(106)) - Start to delete container blocks, TXIDs=[1(0),2(0),3(0)], numOfContainers=3, numOfBlocks=553
2019-06-14 08:43:34,048 INFO  commandhandler.DeleteBlocksCommandHandler (DeleteBlocksCommandHandler.java:handle(106)) - Start to delete container blocks, TXIDs=[1(0),2(0),3(0)], numOfContainers=3, numOfBlocks=553
2019-06-14 08:43:34,049 INFO  commandhandler.DeleteBlocksCommandHandler (DeleteBlocksCommandHandler.java:handle(106)) - Start to delete container blocks, TXIDs=[1(0),2(0),3(0)], numOfContainers=3, numOfBlocks=553
2019-06-14 08:43:34,050 INFO  commandhandler.DeleteBlocksCommandHandler (DeleteBlocksCommandHandler.java:handle(106)) - Start to delete container blocks, TXIDs=[1(0),2(0),3(0)], numOfContainers=3, numOfBlocks=553
2019-06-14 08:43:34,067 INFO  commandhandler.DeleteBlocksCommandHandler (DeleteBlocksCommandHandler.java:handle(106)) - Start to delete container blocks, TXIDs=[1(0),2(0),3(0)], numOfContainers=3, numOfBlocks=553
2019-06-14 08:43:34,068 INFO  commandhandler.DeleteBlocksCommandHandler (DeleteBlocksCommandHandler.java:handle(106)) - Start to delete container blocks, TXIDs=[1(0),2(0),3(0)], numOfContainers=3, numOfBlocks=553
2019-06-14 08:43:34,069 INFO  commandhandler.DeleteBlocksCommandHandler (DeleteBlocksCommandHandler.java:handle(106)) - Start to delete container blocks, TXIDs=[1(0),2(0),3(0)], numOfContainers=3, numOfBlocks=553
2019-06-14 08:43:34,070 INFO  commandhandler.DeleteBlocksCommandHandler (DeleteBlocksCommandHandler.java:handle(106)) - Start to delete container blocks, TXIDs=[1(0),2(0),3(0)], numOfContainers=3, numOfBlocks=553
2019-06-14 08:43:34,071 INFO  commands.RetriableDatanodeEventWatcher (RetriableDatanodeEventWatcher.java:onTimeout(47)) - RetriableDatanodeCommand type=deleteBlocksCommand with id=1560501803562 timed out. Retrying.
2019-06-14 08:43:34,071 INFO  commandhandler.DeleteBlocksCommandHandler (DeleteBlocksCommandHandler.java:handle(106)) - Start to delete container blocks, TXIDs=[1(0),2(0),3(0)], numOfContainers=3, numOfBlocks=553
2019-06-14 08:43:34,072 INFO  commandhandler.DeleteBlocksCommandHandler (DeleteBlocksCommandHandler.java:handle(106)) - Start to delete container blocks, TXIDs=[1(0),2(0),3(0)], numOfContainers=3, numOfBlocks=553
2019-06-14 08:43:34,073 INFO  commandhandler.DeleteBlocksCommandHandler (DeleteBlocksCommandHandler.java:handle(106)) - Start to delete container blocks, TXIDs=[1(0),2(0),3(0)], numOfContainers=3, numOfBlocks=553
2019-06-14 08:43:34,075 INFO  commandhandler.DeleteBlocksCommandHandler (DeleteBlocksCommandHandler.java:handle(106)) - Start to delete container blocks, TXIDs=[1(0),2(0),3(0)], numOfContainers=3, numOfBlocks=553
2019-06-14 08:43:34,076 INFO  commandhandler.DeleteBlocksCommandHandler (DeleteBlocksCommandHandler.java:handle(106)) - Start to delete container blocks, TXIDs=[1(0),2(0),3(0)], numOfContainers=3, numOfBlocks=553
2019-06-14 08:43:34,076 INFO  commands.RetriableDatanodeEventWatcher (RetriableDatanodeEventWatcher.java:onTimeout(47)) - RetriableDatanodeCommand type=deleteBlocksCommand with id=1560501803631 timed out. Retrying.
2019-06-14 08:43:34,077 INFO  commandhandler.DeleteBlocksCommandHandler (DeleteBlocksCommandHandler.java:handle(106)) - Start to delete container blocks, TXIDs=[1(0),2(0),3(0)], numOfContainers=3, numOfBlocks=553
2019-06-14 08:43:34,078 INFO  commandhandler.DeleteBlocksCommandHandler (DeleteBlocksCommandHandler.java:handle(106)) - Start to delete container blocks, TXIDs=[1(0),2(0),3(0)], numOfContainers=3, numOfBlocks=553
2019-06-14 08:43:34,079 INFO  commandhandler.DeleteBlocksCommandHandler (DeleteBlocksCommandHandler.java:handle(106)) - Start to delete container blocks, TXIDs=[1(0),2(0),3(0)], numOfContainers=3, numOfBlocks=553
2019-06-14 08:43:34,080 INFO  commandhandler.DeleteBlocksCommandHandler (DeleteBlocksCommandHandler.java:handle(106)) - Start to delete container blocks, TXIDs=[1(0),2(0),3(0)], numOfContainers=3, numOfBlocks=553
2019-06-14 08:43:34,081 INFO  commandhandler.DeleteBlocksCommandHandler (DeleteBlocksCommandHandler.java:handle(106)) - Start to delete container blocks, TXIDs=[1(0),2(0),3(0)], numOfContainers=3, numOfBlocks=553
2019-06-14 08:43:34,083 INFO  commandhandler.DeleteBlocksCommandHandler (DeleteBlocksCommandHandler.java:handle(106)) - Start to delete container blocks, TXIDs=[1(0),2(0),3(0)], numOfContainers=3, numOfBlocks=553
2019-06-14 08:43:34,084 INFO  commandhandler.DeleteBlocksCommandHandler (DeleteBlocksCommandHandler.java:handle(106)) - Start to delete container blocks, TXIDs=[1(0),2(0),3(0)], numOfContainers=3, numOfBlocks=553
2019-06-14 08:43:34,084 INFO  commands.RetriableDatanodeEventWatcher (RetriableDatanodeEventWatcher.java:onTimeout(47)) - RetriableDatanodeCommand type=deleteBlocksCommand with id=1560501803572 timed out. Retrying.
2019-06-14 08:43:34,085 INFO  commands.RetriableDatanodeEventWatcher (RetriableDatanodeEventWatcher.java:onTimeout(47)) - RetriableDatanodeCommand type=deleteBlocksCommand with id=1560501803641 timed out. Retrying.
2019-06-14 08:43:34,085 INFO  commandhandler.DeleteBlocksCommandHandler (DeleteBlocksCommandHandler.java:handle(106)) - Start to delete container blocks, TXIDs=[1(0),2(0),3(0)], numOfContainers=3, numOfBlocks=553
2019-06-14 08:43:34,086 INFO  commandhandler.DeleteBlocksCommandHandler (DeleteBlocksCommandHandler.java:handle(106)) - Start to delete container blocks, TXIDs=[1(0),2(0),3(0)], numOfContainers=3, numOfBlocks=553
2019-06-14 08:43:34,087 INFO  commandhandler.DeleteBlocksCommandHandler (DeleteBlocksCommandHandler.java:handle(106)) - Start to delete container blocks, TXIDs=[1(0),2(0),3(0)], numOfContainers=3, numOfBlocks=553
2019-06-14 08:43:34,088 INFO  commands.RetriableDatanodeEventWatcher (RetriableDatanodeEventWatcher.java:onTimeout(47)) - RetriableDatanodeCommand type=deleteBlocksCommand with id=1560501803582 timed out. Retrying.
2019-06-14 08:43:34,088 INFO  commandhandler.DeleteBlocksCommandHandler (DeleteBlocksCommandHandler.java:handle(106)) - Start to delete container blocks, TXIDs=[1(0),2(0),3(0)], numOfContainers=3, numOfBlocks=553
2019-06-14 08:43:34,089 INFO  commandhandler.DeleteBlocksCommandHandler (DeleteBlocksCommandHandler.java:handle(106)) - Start to delete container blocks, TXIDs=[1(0),2(0),3(0)], numOfContainers=3, numOfBlocks=553
2019-06-14 08:43:34,091 INFO  commandhandler.DeleteBlocksCommandHandler (DeleteBlocksCommandHandler.java:handle(106)) - Start to delete container blocks, TXIDs=[1(0),2(0),3(0)], numOfContainers=3, numOfBlocks=553
2019-06-14 08:43:34,092 INFO  commandhandler.DeleteBlocksCommandHandler (DeleteBlocksCommandHandler.java:handle(106)) - Start to delete container blocks, TXIDs=[1(0),2(0),3(0)], numOfContainers=3, numOfBlocks=553
2019-06-14 08:43:34,093 INFO  commandhandler.DeleteBlocksCommandHandler (DeleteBlocksCommandHandler.java:handle(106)) - Start to delete container blocks, TXIDs=[1(0),2(0),3(0)], numOfContainers=3, numOfBlocks=553
2019-06-14 08:43:34,094 INFO  commandhandler.DeleteBlocksCommandHandler (DeleteBlocksCommandHandler.java:handle(106)) - Start to delete container blocks, TXIDs=[1(0),2(0),3(0)], numOfContainers=3, numOfBlocks=553
2019-06-14 08:43:34,095 INFO  commandhandler.DeleteBlocksCommandHandler (DeleteBlocksCommandHandler.java:handle(106)) - Start to delete container blocks, TXIDs=[1(0),2(0),3(0)], numOfContainers=3, numOfBlocks=553
2019-06-14 08:43:34,096 INFO  commandhandler.DeleteBlocksCommandHandler (DeleteBlocksCommandHandler.java:handle(106)) - Start to delete container blocks, TXIDs=[1(0),2(0),3(0)], numOfContainers=3, numOfBlocks=553
2019-06-14 08:43:34,097 INFO  commandhandler.DeleteBlocksCommandHandler (DeleteBlocksCommandHandler.java:handle(106)) - Start to delete container blocks, TXIDs=[1(0),2(0),3(0)], numOfContainers=3, numOfBlocks=553
2019-06-14 08:43:34,098 INFO  commandhandler.DeleteBlocksCommandHandler (DeleteBlocksCommandHandler.java:handle(106)) - Start to delete container blocks, TXIDs=[1(0),2(0),3(0)], numOfContainers=3, numOfBlocks=553
2019-06-14 08:43:34,098 INFO  commands.RetriableDatanodeEventWatcher (RetriableDatanodeEventWatcher.java:onTimeout(47)) - RetriableDatanodeCommand type=deleteBlocksCommand with id=1560501803651 timed out. Retrying.
2019-06-14 08:43:34,099 INFO  commandhandler.DeleteBlocksCommandHandler (DeleteBlocksCommandHandler.java:handle(106)) - Start to delete container blocks, TXIDs=[1(0),2(0),3(0)], numOfContainers=3, numOfBlocks=553
2019-06-14 08:43:34,100 INFO  background.BlockDeletingService (BlockDeletingService.java:call(246)) - Container: 1, deleted blocks: 185, task elapsed time: 194ms
2019-06-14 08:43:34,101 INFO  commandhandler.DeleteBlocksCommandHandler (DeleteBlocksCommandHandler.java:handle(106)) - Start to delete container blocks, TXIDs=[1(0),2(0),3(0)], numOfContainers=3, numOfBlocks=553
2019-06-14 08:43:34,102 INFO  commandhandler.DeleteBlocksCommandHandler (DeleteBlocksCommandHandler.java:handle(106)) - Start to delete container blocks, TXIDs=[1(0),2(0),3(0)], numOfContainers=3, numOfBlocks=553
2019-06-14 08:43:34,103 INFO  commands.RetriableDatanodeEventWatcher (RetriableDatanodeEventWatcher.java:onTimeout(47)) - RetriableDatanodeCommand type=deleteBlocksCommand with id=1560501803592 timed out. Retrying.
2019-06-14 08:43:34,103 INFO  commandhandler.DeleteBlocksCommandHandler (DeleteBlocksCommandHandler.java:handle(106)) - Start to delete container blocks, TXIDs=[1(0),2(0),3(0)], numOfContainers=3, numOfBlocks=553
2019-06-14 08:43:34,104 INFO  commandhandler.DeleteBlocksCommandHandler (DeleteBlocksCommandHandler.java:handle(106)) - Start to delete container blocks, TXIDs=[1(0),2(0),3(0)], numOfContainers=3, numOfBlocks=553
2019-06-14 08:43:34,105 INFO  commandhandler.DeleteBlocksCommandHandler (DeleteBlocksCommandHandler.java:handle(106)) - Start to delete container blocks, TXIDs=[1(0),2(0),3(0)], numOfContainers=3, numOfBlocks=553
2019-06-14 08:43:34,106 INFO  commandhandler.DeleteBlocksCommandHandler (DeleteBlocksCommandHandler.java:handle(106)) - Start to delete container blocks, TXIDs=[1(0),2(0),3(0)], numOfContainers=3, numOfBlocks=553
2019-06-14 08:43:34,107 INFO  commandhandler.DeleteBlocksCommandHandler (DeleteBlocksCommandHandler.java:handle(106)) - Start to delete container blocks, TXIDs=[1(0),2(0),3(0)], numOfContainers=3, numOfBlocks=553
DEBUG block.SCMBlockDeletingService (2019-06-14 08:43:34,108 INFO  commandhandler.DeleteBlocksCommandHandler (DeleteBlocksCommandHandler.java:handle(106)) - Start to delete container blocks, TXIDs=[1(0),2(0),3(0)], numOfContainers=3, numOfBlocks=553
SCMBlockDeletingService.java:call(138)) - Running DeletedBlockTransactionScanner
2019-06-14 08:43:34,108 DEBUG block.SCMBlockDeletingService (SCMBlockDeletingService.java:call(155)) - Scanned deleted blocks log and got 3 delTX to process.
2019-06-14 08:43:34,109 DEBUG block.SCMBlockDeletingService (SCMBlockDeletingService.java:call(171)) - Added delete block command for datanode 374189d0-76c5-49d2-81b4-45a4af1368a2 in the queue, number of delete block transactions: 3, TxID list: 1,2,3
2019-06-14 08:43:34,108 INFO  commandhandler.DeleteBlocksCommandHandler (DeleteBlocksCommandHandler.java:handle(106)) - Start to delete container blocks, TXIDs=[1(0),2(0),3(0)], numOfContainers=3, numOfBlocks=553
2019-06-14 08:43:34,109 INFO  block.SCMBlockDeletingService (SCMBlockDeletingService.java:call(182)) - Totally added 3 delete blocks command for 1 datanodes, task elapsed time: 1ms
2019-06-14 08:43:34,110 INFO  commandhandler.DeleteBlocksCommandHandler (DeleteBlocksCommandHandler.java:handle(106)) - Start to delete container blocks, TXIDs=[1(0),2(0),3(0)], numOfContainers=3, numOfBlocks=553
2019-06-14 08:43:34,110 INFO  commandhandler.DeleteBlocksCommandHandler (DeleteBlocksCommandHandler.java:handle(106)) - Start to delete container blocks, TXIDs=[1(0),2(0),3(0)], numOfContainers=3, numOfBlocks=553
2019-06-14 08:43:34,111 INFO  commandhandler.DeleteBlocksCommandHandler (DeleteBlocksCommandHandler.java:handle(106)) - Start to delete container blocks, TXIDs=[1(0),2(0),3(0)], numOfContainers=3, numOfBlocks=553
2019-06-14 08:43:34,112 INFO  background.BlockDeletingService (BlockDeletingService.java:call(246)) - Container: 2, deleted blocks: 184, task elapsed time: 197ms
2019-06-14 08:43:34,112 INFO  commandhandler.DeleteBlocksCommandHandler (DeleteBlocksCommandHandler.java:handle(106)) - Start to delete container blocks, TXIDs=[1(0),2(0),3(0)], numOfContainers=3, numOfBlocks=553
2019-06-14 08:43:34,113 INFO  commandhandler.DeleteBlocksCommandHandler (DeleteBlocksCommandHandler.java:handle(106)) - Start to delete container blocks, TXIDs=[1(0),2(0),3(0)], numOfContainers=3, numOfBlocks=553
2019-06-14 08:43:34,114 INFO  commandhandler.DeleteBlocksCommandHandler (DeleteBlocksCommandHandler.java:handle(106)) - Start to delete container blocks, TXIDs=[1(0),2(0),3(0)], numOfContainers=3, numOfBlocks=553
2019-06-14 08:43:34,114 INFO  commandhandler.DeleteBlocksCommandHandler (DeleteBlocksCommandHandler.java:handle(106)) - Start to delete container blocks, TXIDs=[1(0),2(0),3(0)], numOfContainers=3, numOfBlocks=553
2019-06-14 08:43:34,115 INFO  commandhandler.DeleteBlocksCommandHandler (DeleteBlocksCommandHandler.java:handle(106)) - Start to delete container blocks, TXIDs=[1(0),2(0),3(0)], numOfContainers=3, numOfBlocks=553
2019-06-14 08:43:34,116 INFO  commandhandler.DeleteBlocksCommandHandler (DeleteBlocksCommandHandler.java:handle(106)) - Start to delete container blocks, TXIDs=[1(0),2(0),3(0)], numOfContainers=3, numOfBlocks=553
2019-06-14 08:43:34,116 INFO  commandhandler.DeleteBlocksCommandHandler (DeleteBlocksCommandHandler.java:handle(106)) - Start to delete container blocks, TXIDs=[1(0),2(0),3(0)], numOfContainers=3, numOfBlocks=553
2019-06-14 08:43:34,117 INFO  commandhandler.DeleteBlocksCommandHandler (DeleteBlocksCommandHandler.java:handle(106)) - Start to delete container blocks, TXIDs=[1(0),2(0),3(0)], numOfContainers=3, numOfBlocks=553
2019-06-14 08:43:34,117 INFO  commandhandler.DeleteBlocksCommandHandler (DeleteBlocksCommandHandler.java:handle(106)) - Start to delete container blocks, TXIDs=[1(0),2(0),3(0)], numOfContainers=3, numOfBlocks=553
2019-06-14 08:43:34,118 INFO  commandhandler.DeleteBlocksCommandHandler (DeleteBlocksCommandHandler.java:handle(106)) - Start to delete container blocks, TXIDs=[1(0),2(0),3(0)], numOfContainers=3, numOfBlocks=553
2019-06-14 08:43:34,119 INFO  commandhandler.DeleteBlocksCommandHandler (DeleteBlocksCommandHandler.java:handle(106)) - Start to delete container blocks, TXIDs=[1(0),2(0),3(0)], numOfContainers=3, numOfBlocks=553
2019-06-14 08:43:34,119 INFO  commandhandler.DeleteBlocksCommandHandler (DeleteBlocksCommandHandler.java:handle(106)) - Start to delete container blocks, TXIDs=[1(0),2(0),3(0)], numOfContainers=3, numOfBlocks=553
2019-06-14 08:43:34,120 INFO  commandhandler.DeleteBlocksCommandHandler (DeleteBlocksCommandHandler.java:handle(106)) - Start to delete container blocks, TXIDs=[1(0),2(0),3(0)], numOfContainers=3, numOfBlocks=553
2019-06-14 08:43:34,120 INFO  commandhandler.DeleteBlocksCommandHandler (DeleteBlocksCommandHandler.java:handle(106)) - Start to delete container blocks, TXIDs=[1(0),2(0),3(0)], numOfContainers=3, numOfBlocks=553
2019-06-14 08:43:34,121 INFO  commands.RetriableDatanodeEventWatcher (RetriableDatanodeEventWatcher.java:onTimeout(47)) - RetriableDatanodeCommand type=deleteBlocksCommand with id=1560501803612 timed out. Retrying.
2019-06-14 08:43:34,121 INFO  commands.RetriableDatanodeEventWatcher (RetriableDatanodeEventWatcher.java:onTimeout(47)) - RetriableDatanodeCommand type=deleteBlocksCommand with id=1560501803602 timed out. Retrying.
2019-06-14 08:43:34,121 INFO  commandhandler.DeleteBlocksCommandHandler (DeleteBlocksCommandHandler.java:handle(106)) - Start to delete container blocks, TXIDs=[1(0),2(0),3(0)], numOfContainers=3, numOfBlocks=553
2019-06-14 08:43:34,122 INFO  commandhandler.DeleteBlocksCommandHandler (DeleteBlocksCommandHandler.java:handle(106)) - Start to delete container blocks, TXIDs=[1(0),2(0),3(0)], numOfContainers=3, numOfBlocks=553
2019-06-14 08:43:34,123 INFO  commandhandler.DeleteBlocksCommandHandler (DeleteBlocksCommandHandler.java:handle(106)) - Start to delete container blocks, TXIDs=[1(0),2(0),3(0)], numOfContainers=3, numOfBlocks=553
2019-06-14 08:43:34,124 INFO  commandhandler.DeleteBlocksCommandHandler (DeleteBlocksCommandHandler.java:handle(106)) - Start to delete container blocks, TXIDs=[1(0),2(0),3(0)], numOfContainers=3, numOfBlocks=553
2019-06-14 08:43:34,125 INFO  commandhandler.DeleteBlocksCommandHandler (DeleteBlocksCommandHandler.java:handle(106)) - Start to delete container blocks, TXIDs=[1(0),2(0),3(0)], numOfContainers=3, numOfBlocks=553
2019-06-14 08:43:34,126 INFO  commandhandler.DeleteBlocksCommandHandler (DeleteBlocksCommandHandler.java:handle(106)) - Start to delete container blocks, TXIDs=[1(0),2(0),3(0)], numOfContainers=3, numOfBlocks=553
2019-06-14 08:43:34,126 INFO  commandhandler.DeleteBlocksCommandHandler (DeleteBlocksCommandHandler.java:handle(106)) - Start to delete container blocks, TXIDs=[1(0),2(0),3(0)], numOfContainers=3, numOfBlocks=553
2019-06-14 08:43:34,127 INFO  commandhandler.DeleteBlocksCommandHandler (DeleteBlocksCommandHandler.java:handle(106)) - Start to delete container blocks, TXIDs=[1(0),2(0),3(0)], numOfContainers=3, numOfBlocks=553
2019-06-14 08:43:34,127 INFO  commandhandler.DeleteBlocksCommandHandler (DeleteBlocksCommandHandler.java:handle(106)) - Start to delete container blocks, TXIDs=[1(0),2(0),3(0)], numOfContainers=3, numOfBlocks=553
2019-06-14 08:43:34,128 INFO  commandhandler.DeleteBlocksCommandHandler (DeleteBlocksCommandHandler.java:handle(106)) - Start to delete container blocks, TXIDs=[1(0),2(0),3(0)], numOfContainers=3, numOfBlocks=553
2019-06-14 08:43:34,129 INFO  commandhandler.DeleteBlocksCommandHandler (DeleteBlocksCommandHandler.java:handle(106)) - Start to delete container blocks, TXIDs=[1(0),2(0),3(0)], numOfContainers=3, numOfBlocks=553
2019-06-14 08:43:34,129 INFO  commandhandler.DeleteBlocksCommandHandler (DeleteBlocksCommandHandler.java:handle(106)) - Start to delete container blocks, TXIDs=[1(0),2(0),3(0)], numOfContainers=3, numOfBlocks=553
2019-06-14 08:43:34,130 INFO  commandhandler.DeleteBlocksCommandHandler (DeleteBlocksCommandHandler.java:handle(106)) - Start to delete container blocks, TXIDs=[1(0),2(0),3(0)], numOfContainers=3, numOfBlocks=553
2019-06-14 08:43:34,131 INFO  commandhandler.DeleteBlocksCommandHandler (DeleteBlocksCommandHandler.java:handle(106)) - Start to delete container blocks, TXIDs=[1(0),2(0),3(0)], numOfContainers=3, numOfBlocks=553
2019-06-14 08:43:34,131 INFO  commandhandler.DeleteBlocksCommandHandler (DeleteBlocksCommandHandler.java:handle(106)) - Start to delete container blocks, TXIDs=[1(0),2(0),3(0)], numOfContainers=3, numOfBlocks=553
2019-06-14 08:43:34,132 INFO  commandhandler.DeleteBlocksCommandHandler (DeleteBlocksCommandHandler.java:handle(106)) - Start to delete container blocks, TXIDs=[1(0),2(0),3(0)], numOfContainers=3, numOfBlocks=553
2019-06-14 08:43:34,132 INFO  commandhandler.DeleteBlocksCommandHandler (DeleteBlocksCommandHandler.java:handle(106)) - Start to delete container blocks, TXIDs=[1(0),2(0),3(0)], numOfContainers=3, numOfBlocks=553
2019-06-14 08:43:34,133 INFO  commandhandler.DeleteBlocksCommandHandler (DeleteBlocksCommandHandler.java:handle(106)) - Start to delete container blocks, TXIDs=[1(0),2(0),3(0)], numOfContainers=3, numOfBlocks=553
2019-06-14 08:43:34,134 INFO  commandhandler.DeleteBlocksCommandHandler (DeleteBlocksCommandHandler.java:handle(106)) - Start to delete container blocks, TXIDs=[1(0),2(0),3(0)], numOfContainers=3, numOfBlocks=553
2019-06-14 08:43:34,134 INFO  commandhandler.DeleteBlocksCommandHandler (DeleteBlocksCommandHandler.java:handle(106)) - Start to delete container blocks, TXIDs=[1(0),2(0),3(0)], numOfContainers=3, numOfBlocks=553
2019-06-14 08:43:34,135 INFO  commandhandler.DeleteBlocksCommandHandler (DeleteBlocksCommandHandler.java:handle(106)) - Start to delete container blocks, TXIDs=[1(0),2(0),3(0)], numOfContainers=3, numOfBlocks=553
2019-06-14 08:43:34,136 INFO  commandhandler.DeleteBlocksCommandHandler (DeleteBlocksCommandHandler.java:handle(106)) - Start to delete container blocks, TXIDs=[1(0),2(0),3(0)], numOfContainers=3, numOfBlocks=553
2019-06-14 08:43:34,136 INFO  commandhandler.DeleteBlocksCommandHandler (DeleteBlocksCommandHandler.java:handle(106)) - Start to delete container blocks, TXIDs=[1(0),2(0),3(0)], numOfContainers=3, numOfBlocks=553
2019-06-14 08:43:34,137 INFO  commandhandler.DeleteBlocksCommandHandler (DeleteBlocksCommandHandler.java:handle(106)) - Start to delete container blocks, TXIDs=[1(0),2(0),3(0)], numOfContainers=3, numOfBlocks=553
2019-06-14 08:43:34,137 INFO  commandhandler.DeleteBlocksCommandHandler (DeleteBlocksCommandHandler.java:handle(106)) - Start to delete container blocks, TXIDs=[1(0),2(0),3(0)], numOfContainers=3, numOfBlocks=553
2019-06-14 08:43:34,138 INFO  commandhandler.DeleteBlocksCommandHandler (DeleteBlocksCommandHandler.java:handle(106)) - Start to delete container blocks, TXIDs=[1(0),2(0),3(0)], numOfContainers=3, numOfBlocks=553
2019-06-14 08:43:34,139 INFO  commandhandler.DeleteBlocksCommandHandler (DeleteBlocksCommandHandler.java:handle(106)) - Start to delete container blocks, TXIDs=[1(0),2(0),3(0)], numOfContainers=3, numOfBlocks=553
2019-06-14 08:43:34,139 INFO  commandhandler.DeleteBlocksCommandHandler (DeleteBlocksCommandHandler.java:handle(106)) - Start to delete container blocks, TXIDs=[1(0),2(0),3(0)], numOfContainers=3, numOfBlocks=553
2019-06-14 08:43:34,140 INFO  commandhandler.DeleteBlocksCommandHandler (DeleteBlocksCommandHandler.java:handle(106)) - Start to delete container blocks, TXIDs=[1(0),2(0),3(0)], numOfContainers=3, numOfBlocks=553
2019-06-14 08:43:34,141 INFO  commandhandler.DeleteBlocksCommandHandler (DeleteBlocksCommandHandler.java:handle(106)) - Start to delete container blocks, TXIDs=[1(0),2(0),3(0)], numOfContainers=3, numOfBlocks=553
2019-06-14 08:43:34,141 INFO  commandhandler.DeleteBlocksCommandHandler (DeleteBlocksCommandHandler.java:handle(106)) - Start to delete container blocks, TXIDs=[1(0),2(0),3(0)], numOfContainers=3, numOfBlocks=553
2019-06-14 08:43:34,142 INFO  commandhandler.DeleteBlocksCommandHandler (DeleteBlocksCommandHandler.java:handle(106)) - Start to delete container blocks, TXIDs=[1(0),2(0),3(0)], numOfContainers=3, numOfBlocks=553
2019-06-14 08:43:34,143 INFO  commandhandler.DeleteBlocksCommandHandler (DeleteBlocksCommandHandler.java:handle(106)) - Start to delete container blocks, TXIDs=[1(0),2(0),3(0)], numOfContainers=3, numOfBlocks=553
2019-06-14 08:43:34,143 INFO  commandhandler.DeleteBlocksCommandHandler (DeleteBlocksCommandHandler.java:handle(106)) - Start to delete container blocks, TXIDs=[1(0),2(0),3(0)], numOfContainers=3, numOfBlocks=553
2019-06-14 08:43:34,144 INFO  commandhandler.DeleteBlocksCommandHandler (DeleteBlocksCommandHandler.java:handle(106)) - Start to delete container blocks, TXIDs=[1(0),2(0),3(0)], numOfContainers=3, numOfBlocks=553
2019-06-14 08:43:34,144 INFO  commandhandler.DeleteBlocksCommandHandler (DeleteBlocksCommandHandler.java:handle(106)) - Start to delete container blocks, TXIDs=[1(0),2(0),3(0)], numOfContainers=3, numOfBlocks=553
2019-06-14 08:43:34,145 INFO  commandhandler.DeleteBlocksCommandHandler (DeleteBlocksCommandHandler.java:handle(106)) - Start to delete container blocks, TXIDs=[1(0),2(0),3(0)], numOfContainers=3, numOfBlocks=553
2019-06-14 08:43:34,146 INFO  commandhandler.DeleteBlocksCommandHandler (DeleteBlocksCommandHandler.java:handle(106)) - Start to delete container blocks, TXIDs=[1(0),2(0),3(0)], numOfContainers=3, numOfBlocks=553
2019-06-14 08:43:34,146 INFO  commandhandler.DeleteBlocksCommandHandler (DeleteBlocksCommandHandler.java:handle(106)) - Start to delete container blocks, TXIDs=[1(0),2(0),3(0)], numOfContainers=3, numOfBlocks=553
2019-06-14 08:43:34,147 INFO  commandhandler.DeleteBlocksCommandHandler (DeleteBlocksCommandHandler.java:handle(106)) - Start to delete container blocks, TXIDs=[1(0),2(0),3(0)], numOfContainers=3, numOfBlocks=553
2019-06-14 08:43:34,147 INFO  commandhandler.DeleteBlocksCommandHandler (DeleteBlocksCommandHandler.java:handle(106)) - Start to delete container blocks, TXIDs=[1(0),2(0),3(0)], numOfContainers=3, numOfBlocks=553
2019-06-14 08:43:34,148 INFO  commandhandler.DeleteBlocksCommandHandler (DeleteBlocksCommandHandler.java:handle(106)) - Start to delete container blocks, TXIDs=[1(0),2(0),3(0)], numOfContainers=3, numOfBlocks=553
2019-06-14 08:43:34,149 INFO  commandhandler.DeleteBlocksCommandHandler (DeleteBlocksCommandHandler.java:handle(106)) - Start to delete container blocks, TXIDs=[1(0),2(0),3(0)], numOfContainers=3, numOfBlocks=553
2019-06-14 08:43:34,150 INFO  commandhandler.DeleteBlocksCommandHandler (DeleteBlocksCommandHandler.java:handle(106)) - Start to delete container blocks, TXIDs=[1(0),2(0),3(0)], numOfContainers=3, numOfBlocks=553
2019-06-14 08:43:34,150 INFO  commandhandler.DeleteBlocksCommandHandler (DeleteBlocksCommandHandler.java:handle(106)) - Start to delete container blocks, TXIDs=[1(0),2(0),3(0)], numOfContainers=3, numOfBlocks=553
2019-06-14 08:43:34,151 INFO  commandhandler.DeleteBlocksCommandHandler (DeleteBlocksCommandHandler.java:handle(106)) - Start to delete container blocks, TXIDs=[1(0),2(0),3(0)], numOfContainers=3, numOfBlocks=553
2019-06-14 08:43:34,151 INFO  commandhandler.DeleteBlocksCommandHandler (DeleteBlocksCommandHandler.java:handle(106)) - Start to delete container blocks, TXIDs=[1(0),2(0),3(0)], numOfContainers=3, numOfBlocks=553
2019-06-14 08:43:34,152 INFO  commandhandler.DeleteBlocksCommandHandler (DeleteBlocksCommandHandler.java:handle(106)) - Start to delete container blocks, TXIDs=[1(0),2(0),3(0)], numOfContainers=3, numOfBlocks=553
2019-06-14 08:43:34,152 INFO  commands.RetriableDatanodeEventWatcher (RetriableDatanodeEventWatcher.java:onTimeout(47)) - RetriableDatanodeCommand type=deleteBlocksCommand with id=1560501803622 timed out. Retrying.
2019-06-14 08:43:34,153 INFO  commandhandler.DeleteBlocksCommandHandler (DeleteBlocksCommandHandler.java:handle(106)) - Start to delete container blocks, TXIDs=[1(0),2(0),3(0)], numOfContainers=3, numOfBlocks=553
2019-06-14 08:43:34,153 INFO  commandhandler.DeleteBlocksCommandHandler (DeleteBlocksCommandHandler.java:handle(106)) - Start to delete container blocks, TXIDs=[1(0),2(0),3(0)], numOfContainers=3, numOfBlocks=553
2019-06-14 08:43:34,154 INFO  commandhandler.DeleteBlocksCommandHandler (DeleteBlocksCommandHandler.java:handle(106)) - Start to delete container blocks, TXIDs=[1(0),2(0),3(0)], numOfContainers=3, numOfBlocks=553
2019-06-14 08:43:34,155 INFO  commandhandler.DeleteBlocksCommandHandler (DeleteBlocksCommandHandler.java:handle(106)) - Start to delete container blocks, TXIDs=[1(0),2(0),3(0)], numOfContainers=3, numOfBlocks=553
2019-06-14 08:43:34,155 INFO  commandhandler.DeleteBlocksCommandHandler (DeleteBlocksCommandHandler.java:handle(106)) - Start to delete container blocks, TXIDs=[1(0),2(0),3(0)], numOfContainers=3, numOfBlocks=553
2019-06-14 08:43:34,156 INFO  commandhandler.DeleteBlocksCommandHandler (DeleteBlocksCommandHandler.java:handle(106)) - Start to delete container blocks, TXIDs=[1(0),2(0),3(0)], numOfContainers=3, numOfBlocks=553
2019-06-14 08:43:34,156 INFO  commandhandler.DeleteBlocksCommandHandler (DeleteBlocksCommandHandler.java:handle(106)) - Start to delete container blocks, TXIDs=[1(0),2(0),3(0)], numOfContainers=3, numOfBlocks=553
2019-06-14 08:43:34,157 INFO  commandhandler.DeleteBlocksCommandHandler (DeleteBlocksCommandHandler.java:handle(106)) - Start to delete container blocks, TXIDs=[1(0),2(0),3(0)], numOfContainers=3, numOfBlocks=553
2019-06-14 08:43:34,158 INFO  commandhandler.DeleteBlocksCommandHandler (DeleteBlocksCommandHandler.java:handle(106)) - Start to delete container blocks, TXIDs=[1(0),2(0),3(0)], numOfContainers=3, numOfBlocks=553
2019-06-14 08:43:34,158 INFO  commandhandler.DeleteBlocksCommandHandler (DeleteBlocksCommandHandler.java:handle(106)) - Start to delete container blocks, TXIDs=[1(0),2(0),3(0)], numOfContainers=3, numOfBlocks=553
2019-06-14 08:43:34,159 INFO  commandhandler.DeleteBlocksCommandHandler (DeleteBlocksCommandHandler.java:handle(106)) - Start to delete container blocks, TXIDs=[1(0),2(0),3(0)], numOfContainers=3, numOfBlocks=553
2019-06-14 08:43:34,159 INFO  commandhandler.DeleteBlocksCommandHandler (DeleteBlocksCommandHandler.java:handle(106)) - Start to delete container blocks, TXIDs=[1(0),2(0),3(0)], numOfContainers=3, numOfBlocks=553
2019-06-14 08:43:34,160 INFO  commandhandler.DeleteBlocksCommandHandler (DeleteBlocksCommandHandler.java:handle(106)) - Start to delete container blocks, TXIDs=[1(0),2(0),3(0)], numOfContainers=3, numOfBlocks=553
2019-06-14 08:43:34,161 INFO  commandhandler.DeleteBlocksCommandHandler (DeleteBlocksCommandHandler.java:handle(106)) - Start to delete container blocks, TXIDs=[1(0),2(0),3(0)], numOfContainers=3, numOfBlocks=553
2019-06-14 08:43:34,161 INFO  commandhandler.DeleteBlocksCommandHandler (DeleteBlocksCommandHandler.java:handle(106)) - Start to delete container blocks, TXIDs=[1(0),2(0),3(0)], numOfContainers=3, numOfBlocks=553
2019-06-14 08:43:34,162 INFO  commandhandler.DeleteBlocksCommandHandler (DeleteBlocksCommandHandler.java:handle(106)) - Start to delete container blocks, TXIDs=[1(0),2(0),3(0)], numOfContainers=3, numOfBlocks=553
2019-06-14 08:43:34,163 INFO  commandhandler.DeleteBlocksCommandHandler (DeleteBlocksCommandHandler.java:handle(106)) - Start to delete container blocks, TXIDs=[1(0),2(0),3(0)], numOfContainers=3, numOfBlocks=553
2019-06-14 08:43:34,163 INFO  commandhandler.DeleteBlocksCommandHandler (DeleteBlocksCommandHandler.java:handle(106)) - Start to delete container blocks, TXIDs=[1(0),2(0),3(0)], numOfContainers=3, numOfBlocks=553
2019-06-14 08:43:34,164 INFO  commandhandler.DeleteBlocksCommandHandler (DeleteBlocksCommandHandler.java:handle(106)) - Start to delete container blocks, TXIDs=[1(0),2(0),3(0)], numOfContainers=3, numOfBlocks=553
2019-06-14 08:43:34,164 INFO  commandhandler.DeleteBlocksCommandHandler (DeleteBlocksCommandHandler.java:handle(106)) - Start to delete container blocks, TXIDs=[1(0),2(0),3(0)], numOfContainers=3, numOfBlocks=553
2019-06-14 08:43:34,165 INFO  commandhandler.DeleteBlocksCommandHandler (DeleteBlocksCommandHandler.java:handle(106)) - Start to delete container blocks, TXIDs=[1(0),2(0),3(0)], numOfContainers=3, numOfBlocks=553
2019-06-14 08:43:34,166 INFO  commandhandler.DeleteBlocksCommandHandler (DeleteBlocksCommandHandler.java:handle(106)) - Start to delete container blocks, TXIDs=[1(0),2(0),3(0)], numOfContainers=3, numOfBlocks=553
2019-06-14 08:43:34,166 INFO  commandhandler.DeleteBlocksCommandHandler (DeleteBlocksCommandHandler.java:handle(106)) - Start to delete container blocks, TXIDs=[1(0),2(0),3(0)], numOfContainers=3, numOfBlocks=553
2019-06-14 08:43:34,167 INFO  commandhandler.DeleteBlocksCommandHandler (DeleteBlocksCommandHandler.java:handle(106)) - Start to delete container blocks, TXIDs=[1(0),2(0),3(0)], numOfContainers=3, numOfBlocks=553
2019-06-14 08:43:34,167 INFO  commandhandler.DeleteBlocksCommandHandler (DeleteBlocksCommandHandler.java:handle(106)) - Start to delete container blocks, TXIDs=[1(0),2(0),3(0)], numOfContainers=3, numOfBlocks=553
2019-06-14 08:43:34,168 INFO  commandhandler.DeleteBlocksCommandHandler (DeleteBlocksCommandHandler.java:handle(106)) - Start to delete container blocks, TXIDs=[1(0),2(0),3(0)], numOfContainers=3, numOfBlocks=553
2019-06-14 08:43:34,169 INFO  commandhandler.DeleteBlocksCommandHandler (DeleteBlocksCommandHandler.java:handle(106)) - Start to delete container blocks, TXIDs=[1(0),2(0),3(0)], numOfContainers=3, numOfBlocks=553
2019-06-14 08:43:34,169 INFO  commandhandler.DeleteBlocksCommandHandler (DeleteBlocksCommandHandler.java:handle(106)) - Start to delete container blocks, TXIDs=[1(0),2(0),3(0)], numOfContainers=3, numOfBlocks=553
2019-06-14 08:43:34,170 INFO  commandhandler.DeleteBlocksCommandHandler (DeleteBlocksCommandHandler.java:handle(106)) - Start to delete container blocks, TXIDs=[1(0),2(0),3(0)], numOfContainers=3, numOfBlocks=553
2019-06-14 08:43:34,170 INFO  commandhandler.DeleteBlocksCommandHandler (DeleteBlocksCommandHandler.java:handle(106)) - Start to delete container blocks, TXIDs=[1(0),2(0),3(0)], numOfContainers=3, numOfBlocks=553
2019-06-14 08:43:34,171 INFO  commandhandler.DeleteBlocksCommandHandler (DeleteBlocksCommandHandler.java:handle(106)) - Start to delete container blocks, TXIDs=[1(0),2(0),3(0)], numOfContainers=3, numOfBlocks=553
2019-06-14 08:43:34,172 INFO  commandhandler.DeleteBlocksCommandHandler (DeleteBlocksCommandHandler.java:handle(106)) - Start to delete container blocks, TXIDs=[1(0),2(0),3(0)], numOfContainers=3, numOfBlocks=553
2019-06-14 08:43:34,172 INFO  commandhandler.DeleteBlocksCommandHandler (DeleteBlocksCommandHandler.java:handle(106)) - Start to delete container blocks, TXIDs=[1(0),2(0),3(0)], numOfContainers=3, numOfBlocks=553
2019-06-14 08:43:34,173 INFO  commandhandler.DeleteBlocksCommandHandler (DeleteBlocksCommandHandler.java:handle(106)) - Start to delete container blocks, TXIDs=[1(0),2(0),3(0)], numOfContainers=3, numOfBlocks=553
2019-06-14 08:43:34,173 INFO  commandhandler.DeleteBlocksCommandHandler (DeleteBlocksCommandHandler.java:handle(106)) - Start to delete container blocks, TXIDs=[1(0),2(0),3(0)], numOfContainers=3, numOfBlocks=553
2019-06-14 08:43:34,174 INFO  commandhandler.DeleteBlocksCommandHandler (DeleteBlocksCommandHandler.java:handle(106)) - Start to delete container blocks, TXIDs=[1(0),2(0),3(0)], numOfContainers=3, numOfBlocks=553
2019-06-14 08:43:34,175 INFO  commandhandler.DeleteBlocksCommandHandler (DeleteBlocksCommandHandler.java:handle(106)) - Start to delete container blocks, TXIDs=[1(0),2(0),3(0)], numOfContainers=3, numOfBlocks=553
2019-06-14 08:43:34,176 INFO  commandhandler.DeleteBlocksCommandHandler (DeleteBlocksCommandHandler.java:handle(106)) - Start to delete container blocks, TXIDs=[1(0),2(0),3(0)], numOfContainers=3, numOfBlocks=553
2019-06-14 08:43:34,176 INFO  commands.RetriableDatanodeEventWatcher (RetriableDatanodeEventWatcher.java:onTimeout(47)) - RetriableDatanodeCommand type=deleteBlocksCommand with id=1560501803563 timed out. Retrying.
2019-06-14 08:43:34,177 INFO  commandhandler.DeleteBlocksCommandHandler (DeleteBlocksCommandHandler.java:handle(106)) - Start to delete container blocks, TXIDs=[1(0),2(0),3(0)], numOfContainers=3, numOfBlocks=553
2019-06-14 08:43:34,178 INFO  commandhandler.DeleteBlocksCommandHandler (DeleteBlocksCommandHandler.java:handle(106)) - Start to delete container blocks, TXIDs=[1(0),2(0),3(0)], numOfContainers=3, numOfBlocks=553
2019-06-14 08:43:34,178 INFO  commands.RetriableDatanodeEventWatcher (RetriableDatanodeEventWatcher.java:onTimeout(47)) - RetriableDatanodeCommand type=deleteBlocksCommand with id=1560501803632 timed out. Retrying.
2019-06-14 08:43:34,179 INFO  commandhandler.DeleteBlocksCommandHandler (DeleteBlocksCommandHandler.java:handle(106)) - Start to delete container blocks, TXIDs=[1(0),2(0),3(0)], numOfContainers=3, numOfBlocks=553
2019-06-14 08:43:34,179 INFO  commandhandler.DeleteBlocksCommandHandler (DeleteBlocksCommandHandler.java:handle(106)) - Start to delete container blocks, TXIDs=[1(0),2(0),3(0)], numOfContainers=3, numOfBlocks=553
2019-06-14 08:43:34,180 INFO  commandhandler.DeleteBlocksCommandHandler (DeleteBlocksCommandHandler.java:handle(106)) - Start to delete container blocks, TXIDs=[1(0),2(0),3(0)], numOfContainers=3, numOfBlocks=553
2019-06-14 08:43:34,181 INFO  commands.RetriableDatanodeEventWatcher (RetriableDatanodeEventWatcher.java:onTimeout(47)) - RetriableDatanodeCommand type=deleteBlocksCommand with id=1560501803573 timed out. Retrying.
2019-06-14 08:43:34,181 INFO  commandhandler.DeleteBlocksCommandHandler (DeleteBlocksCommandHandler.java:handle(106)) - Start to delete container blocks, TXIDs=[1(0),2(0),3(0)], numOfContainers=3, numOfBlocks=553
2019-06-14 08:43:34,182 INFO  commandhandler.DeleteBlocksCommandHandler (DeleteBlocksCommandHandler.java:handle(106)) - Start to delete container blocks, TXIDs=[1(0),2(0),3(0)], numOfContainers=3, numOfBlocks=553
2019-06-14 08:43:34,183 INFO  commandhandler.DeleteBlocksCommandHandler (DeleteBlocksCommandHandler.java:handle(106)) - Start to delete container blocks, TXIDs=[1(0),2(0),3(0)], numOfContainers=3, numOfBlocks=553
2019-06-14 08:43:34,184 INFO  commandhandler.DeleteBlocksCommandHandler (DeleteBlocksCommandHandler.java:handle(106)) - Start to delete container blocks, TXIDs=[1(0),2(0),3(0)], numOfContainers=3, numOfBlocks=553
2019-06-14 08:43:34,185 INFO  commandhandler.DeleteBlocksCommandHandler (DeleteBlocksCommandHandler.java:handle(106)) - Start to delete container blocks, TXIDs=[1(0),2(0),3(0)], numOfContainers=3, numOfBlocks=553
2019-06-14 08:43:34,185 INFO  commandhandler.DeleteBlocksCommandHandler (DeleteBlocksCommandHandler.java:handle(106)) - Start to delete container blocks, TXIDs=[1(0),2(0),3(0)], numOfContainers=3, numOfBlocks=553
2019-06-14 08:43:34,186 INFO  commandhandler.DeleteBlocksCommandHandler (DeleteBlocksCommandHandler.java:handle(106)) - Start to delete container blocks, TXIDs=[1(0),2(0),3(0)], numOfContainers=3, numOfBlocks=553
2019-06-14 08:43:34,187 INFO  commandhandler.DeleteBlocksCommandHandler (DeleteBlocksCommandHandler.java:handle(106)) - Start to delete container blocks, TXIDs=[1(0),2(0),3(0)], numOfContainers=3, numOfBlocks=553
2019-06-14 08:43:34,187 INFO  commandhandler.DeleteBlocksCommandHandler (DeleteBlocksCommandHandler.java:handle(106)) - Start to delete container blocks, TXIDs=[1(0),2(0),3(0)], numOfContainers=3, numOfBlocks=553
2019-06-14 08:43:34,188 INFO  commandhandler.DeleteBlocksCommandHandler (DeleteBlocksCommandHandler.java:handle(106)) - Start to delete container blocks, TXIDs=[1(0),2(0),3(0)], numOfContainers=3, numOfBlocks=553
2019-06-14 08:43:34,188 INFO  commandhandler.DeleteBlocksCommandHandler (DeleteBlocksCommandHandler.java:handle(106)) - Start to delete container blocks, TXIDs=[1(0),2(0),3(0)], numOfContainers=3, numOfBlocks=553
2019-06-14 08:43:34,189 INFO  commandhandler.DeleteBlocksCommandHandler (DeleteBlocksCommandHandler.java:handle(106)) - Start to delete container blocks, TXIDs=[1(0),2(0),3(0)], numOfContainers=3, numOfBlocks=553
2019-06-14 08:43:34,190 INFO  commandhandler.DeleteBlocksCommandHandler (DeleteBlocksCommandHandler.java:handle(106)) - Start to delete container blocks, TXIDs=[1(0),2(0),3(0)], numOfContainers=3, numOfBlocks=553
2019-06-14 08:43:34,190 INFO  commandhandler.DeleteBlocksCommandHandler (DeleteBlocksCommandHandler.java:handle(106)) - Start to delete container blocks, TXIDs=[1(0),2(0),3(0)], numOfContainers=3, numOfBlocks=553
2019-06-14 08:43:34,190 INFO  commands.RetriableDatanodeEventWatcher (RetriableDatanodeEventWatcher.java:onTimeout(47)) - RetriableDatanodeCommand type=deleteBlocksCommand with id=1560501803642 timed out. Retrying.
2019-06-14 08:43:34,191 INFO  commands.RetriableDatanodeEventWatcher (RetriableDatanodeEventWatcher.java:onTimeout(47)) - RetriableDatanodeCommand type=deleteBlocksCommand with id=1560501803583 timed out. Retrying.
2019-06-14 08:43:34,191 INFO  commandhandler.DeleteBlocksCommandHandler (DeleteBlocksCommandHandler.java:handle(106)) - Start to delete container blocks, TXIDs=[1(0),2(0),3(0)], numOfContainers=3, numOfBlocks=553
2019-06-14 08:43:34,192 INFO  commandhandler.DeleteBlocksCommandHandler (DeleteBlocksCommandHandler.java:handle(106)) - Start to delete container blocks, TXIDs=[1(0),2(0),3(0)], numOfContainers=3, numOfBlocks=553
2019-06-14 08:43:34,192 INFO  commandhandler.DeleteBlocksCommandHandler (DeleteBlocksCommandHandler.java:handle(106)) - Start to delete container blocks, TXIDs=[1(0),2(0),3(0)], numOfContainers=3, numOfBlocks=553
2019-06-14 08:43:34,193 INFO  commandhandler.DeleteBlocksCommandHandler (DeleteBlocksCommandHandler.java:handle(106)) - Start to delete container blocks, TXIDs=[1(0),2(0),3(0)], numOfContainers=3, numOfBlocks=553
2019-06-14 08:43:34,193 INFO  commandhandler.DeleteBlocksCommandHandler (DeleteBlocksCommandHandler.java:handle(106)) - Start to delete container blocks, TXIDs=[1(0),2(0),3(0)], numOfContainers=3, numOfBlocks=553
2019-06-14 08:43:34,194 INFO  commandhandler.DeleteBlocksCommandHandler (DeleteBlocksCommandHandler.java:handle(106)) - Start to delete container blocks, TXIDs=[1(0),2(0),3(0)], numOfContainers=3, numOfBlocks=553
2019-06-14 08:43:34,195 INFO  commandhandler.DeleteBlocksCommandHandler (DeleteBlocksCommandHandler.java:handle(106)) - Start to delete container blocks, TXIDs=[1(0),2(0),3(0)], numOfContainers=3, numOfBlocks=553
2019-06-14 08:43:34,195 INFO  commandhandler.DeleteBlocksCommandHandler (DeleteBlocksCommandHandler.java:handle(106)) - Start to delete container blocks, TXIDs=[1(0),2(0),3(0)], numOfContainers=3, numOfBlocks=553
2019-06-14 08:43:34,196 INFO  commandhandler.DeleteBlocksCommandHandler (DeleteBlocksCommandHandler.java:handle(106)) - Start to delete container blocks, TXIDs=[1(0),2(0),3(0)], numOfContainers=3, numOfBlocks=553
2019-06-14 08:43:34,196 INFO  commandhandler.DeleteBlocksCommandHandler (DeleteBlocksCommandHandler.java:handle(106)) - Start to delete container blocks, TXIDs=[1(0),2(0),3(0)], numOfContainers=3, numOfBlocks=553
2019-06-14 08:43:34,197 INFO  commandhandler.DeleteBlocksCommandHandler (DeleteBlocksCommandHandler.java:handle(106)) - Start to delete container blocks, TXIDs=[1(0),2(0),3(0)], numOfContainers=3, numOfBlocks=553
2019-06-14 08:43:34,197 INFO  commandhandler.DeleteBlocksCommandHandler (DeleteBlocksCommandHandler.java:handle(106)) - Start to delete container blocks, TXIDs=[1(0),2(0),3(0)], numOfContainers=3, numOfBlocks=553
2019-06-14 08:43:34,198 INFO  commandhandler.DeleteBlocksCommandHandler (DeleteBlocksCommandHandler.java:handle(106)) - Start to delete container blocks, TXIDs=[1(0),2(0),3(0)], numOfContainers=3, numOfBlocks=553
2019-06-14 08:43:34,199 INFO  commandhandler.DeleteBlocksCommandHandler (DeleteBlocksCommandHandler.java:handle(106)) - Start to delete container blocks, TXIDs=[1(0),2(0),3(0)], numOfContainers=3, numOfBlocks=553
2019-06-14 08:43:34,199 INFO  commands.RetriableDatanodeEventWatcher (RetriableDatanodeEventWatcher.java:onTimeout(47)) - RetriableDatanodeCommand type=deleteBlocksCommand with id=1560501803652 timed out. Retrying.
2019-06-14 08:43:34,199 INFO  commandhandler.DeleteBlocksCommandHandler (DeleteBlocksCommandHandler.java:handle(106)) - Start to delete container blocks, TXIDs=[1(0),2(0),3(0)], numOfContainers=3, numOfBlocks=553
2019-06-14 08:43:34,200 INFO  commandhandler.DeleteBlocksCommandHandler (DeleteBlocksCommandHandler.java:handle(106)) - Start to delete container blocks, TXIDs=[1(0),2(0),3(0)], numOfContainers=3, numOfBlocks=553
2019-06-14 08:43:34,201 INFO  commandhandler.DeleteBlocksCommandHandler (DeleteBlocksCommandHandler.java:handle(106)) - Start to delete container blocks, TXIDs=[1(0),2(0),3(0)], numOfContainers=3, numOfBlocks=553
2019-06-14 08:43:34,201 INFO  commandhandler.DeleteBlocksCommandHandler (DeleteBlocksCommandHandler.java:handle(106)) - Start to delete container blocks, TXIDs=[1(0),2(0),3(0)], numOfContainers=3, numOfBlocks=553
2019-06-14 08:43:34,201 INFO  commands.RetriableDatanodeEventWatcher (RetriableDatanodeEventWatcher.java:onTimeout(47)) - RetriableDatanodeCommand type=deleteBlocksCommand with id=1560501803593 timed out. Retrying.
2019-06-14 08:43:34,202 INFO  impl.FollowerState (FollowerState.java:run(101)) - 374189d0-76c5-49d2-81b4-45a4af1368a2:group-0F599ABD88CC changes to CANDIDATE, lastRpcTime:1085, electionTimeout:1085ms
2019-06-14 08:43:34,203 INFO  impl.RoleInfo (RoleInfo.java:shutdownFollowerState(121)) - 374189d0-76c5-49d2-81b4-45a4af1368a2: shutdown FollowerState
2019-06-14 08:43:34,203 INFO  impl.RaftServerImpl (RaftServerImpl.java:setRole(164)) - 374189d0-76c5-49d2-81b4-45a4af1368a2:group-0F599ABD88CC changes role from FOLLOWER to CANDIDATE at term 0 for changeToCandidate
2019-06-14 08:43:34,203 INFO  commandhandler.DeleteBlocksCommandHandler (RoleInfo.java:updateAndGet(143)) - 374189d0-76c5-49d2-81b4-45a4af1368a2: start LeaderElection
2019-06-14 08:43:34,203 INFO  commandhandler.DeleteBlocksCommandHandler (DeleteBlocksCommandHandler.java:handle(106)) - Start to delete container blocks, TXIDs=[1(0),2(0),3(0)], numOfContainers=3, numOfBlocks=553
2019-06-14 08:43:34,205 INFO  commandhandler.DeleteBlocksCommandHandler (DeleteBlocksCommandHandler.java:handle(106)) - Start to delete container blocks, TXIDs=[1(0),2(0),3(0)], numOfContainers=3, numOfBlocks=553
2019-06-14 08:43:34,205 INFO  commandhandler.DeleteBlocksCommandHandler (DeleteBlocksCommandHandler.java:handle(106)) - Start to delete container blocks, TXIDs=[1(0),2(0),3(0)], numOfContainers=3, numOfBlocks=553
2019-06-14 08:43:34,206 INFO  commandhandler.DeleteBlocksCommandHandler (DeleteBlocksCommandHandler.java:handle(106)) - Start to delete container blocks, TXIDs=[1(0),2(0),3(0)], numOfContainers=3, numOfBlocks=553
2019-06-14 08:43:34,207 INFO  commandhandler.DeleteBlocksCommandHandler (DeleteBlocksCommandHandler.java:handle(106)) - Start to delete container blocks, TXIDs=[1(0),2(0),3(0)], numOfContainers=3, numOfBlocks=553
2019-06-14 08:43:34,207 INFO  commandhandler.DeleteBlocksCommandHandler (DeleteBlocksCommandHandler.java:handle(106)) - Start to delete container blocks, TXIDs=[1(0),2(0),3(0)], numOfContainers=3, numOfBlocks=553
2019-06-14 08:43:34,208 INFO  commandhandler.DeleteBlocksCommandHandler (DeleteBlocksCommandHandler.java:handle(106)) - Start to delete container blocks, TXIDs=[1(0),2(0),3(0)], numOfContainers=3, numOfBlocks=553
2019-06-14 08:43:34,209 INFO  commandhandler.DeleteBlocksCommandHandler (DeleteBlocksCommandHandler.java:handle(106)) - Start to delete container blocks, TXIDs=[1(0),2(0),3(0)], numOfContainers=3, numOfBlocks=553
2019-06-14 08:43:34,209 DEBUG block.SCMBlockDeletingService (SCMBlockDeletingService.java:call(138)) - Running DeletedBlockTransactionScanner
2019-06-14 08:43:34,209 INFO  commandhandler.DeleteBlocksCommandHandler (SCMBlockDeletingService.java:call(155)) - Scanned deleted blocks log and got 3 delTX to process.
2019-06-14 08:43:34,209 INFO  commandhandler.DeleteBlocksCommandHandler (DeleteBlocksCommandHandler.java:handle(106)) - Start to delete container blocks, TXIDs=[1(0),2(0),3(0)], numOfContainers=3, numOfBlocks=553
2019-06-14 08:43:34,209 DEBUG block.SCMBlockDeletingService (SCMBlockDeletingService.java:call(171)) - Added delete block command for datanode 374189d0-76c5-49d2-81b4-45a4af1368a2 in the queue, number of delete block transactions: 3, TxID list: 1,2,3
2019-06-14 08:43:34,210 INFO  block.SCMBlockDeletingService (SCMBlockDeletingService.java:call(182)) - Totally added 3 delete blocks command for 1 datanodes, task elapsed time: 1ms
2019-06-14 08:43:34,210 INFO  commandhandler.DeleteBlocksCommandHandler (DeleteBlocksCommandHandler.java:handle(106)) - Start to delete container blocks, TXIDs=[1(0),2(0),3(0)], numOfContainers=3, numOfBlocks=553
2019-06-14 08:43:34,211 INFO  commandhandler.DeleteBlocksCommandHandler (DeleteBlocksCommandHandler.java:handle(106)) - Start to delete container blocks, TXIDs=[1(0),2(0),3(0)], numOfContainers=3, numOfBlocks=553
2019-06-14 08:43:34,212 INFO  commands.RetriableDatanodeEventWatcher (RetriableDatanodeEventWatcher.java:onTimeout(47)) - RetriableDatanodeCommand type=deleteBlocksCommand with id=1560501803603 timed out. Retrying.
2019-06-14 08:43:34,218 INFO  commands.RetriableDatanodeEventWatcher (RetriableDatanodeEventWatcher.java:onTimeout(47)) - RetriableDatanodeCommand type=deleteBlocksCommand with id=1560501803613 timed out. Retrying.
2019-06-14 08:43:34,238 INFO  commandhandler.DeleteBlocksCommandHandler (DeleteBlocksCommandHandler.java:handle(106)) - Start to delete container blocks, TXIDs=[1(0),2(0),3(0)], numOfContainers=3, numOfBlocks=553
2019-06-14 08:43:34,239 INFO  commandhandler.DeleteBlocksCommandHandler (DeleteBlocksCommandHandler.java:handle(106)) - Start to delete container blocks, TXIDs=[1(0),2(0),3(0)], numOfContainers=3, numOfBlocks=553
2019-06-14 08:43:34,240 INFO  commandhandler.DeleteBlocksCommandHandler (DeleteBlocksCommandHandler.java:handle(106)) - Start to delete container blocks, TXIDs=[1(0),2(0),3(0)], numOfContainers=3, numOfBlocks=553
2019-06-14 08:43:34,240 INFO  commandhandler.DeleteBlocksCommandHandler (DeleteBlocksCommandHandler.java:handle(106)) - Start to delete container blocks, TXIDs=[1(0),2(0),3(0)], numOfContainers=3, numOfBlocks=553
2019-06-14 08:43:34,241 INFO  commandhandler.DeleteBlocksCommandHandler (DeleteBlocksCommandHandler.java:handle(106)) - Start to delete container blocks, TXIDs=[1(0),2(0),3(0)], numOfContainers=3, numOfBlocks=553
2019-06-14 08:43:34,241 INFO  commandhandler.DeleteBlocksCommandHandler (DeleteBlocksCommandHandler.java:handle(106)) - Start to delete container blocks, TXIDs=[1(0),2(0),3(0)], numOfContainers=3, numOfBlocks=553
2019-06-14 08:43:34,242 INFO  commandhandler.DeleteBlocksCommandHandler (DeleteBlocksCommandHandler.java:handle(106)) - Start to delete container blocks, TXIDs=[1(0),2(0),3(0)], numOfContainers=3, numOfBlocks=553
2019-06-14 08:43:34,243 INFO  commandhandler.DeleteBlocksCommandHandler (DeleteBlocksCommandHandler.java:handle(106)) - Start to delete container blocks, TXIDs=[1(0),2(0),3(0)], numOfContainers=3, numOfBlocks=553
2019-06-14 08:43:34,243 INFO  commandhandler.DeleteBlocksCommandHandler (DeleteBlocksCommandHandler.java:handle(106)) - Start to delete container blocks, TXIDs=[1(0),2(0),3(0)], numOfContainers=3, numOfBlocks=553
2019-06-14 08:43:34,244 INFO  commandhandler.DeleteBlocksCommandHandler (DeleteBlocksCommandHandler.java:handle(106)) - Start to delete container blocks, TXIDs=[1(0),2(0),3(0)], numOfContainers=3, numOfBlocks=553
2019-06-14 08:43:34,244 INFO  commandhandler.DeleteBlocksCommandHandler (DeleteBlocksCommandHandler.java:handle(106)) - Start to delete container blocks, TXIDs=[1(0),2(0),3(0)], numOfContainers=3, numOfBlocks=553
2019-06-14 08:43:34,245 INFO  commandhandler.DeleteBlocksCommandHandler (DeleteBlocksCommandHandler.java:handle(106)) - Start to delete container blocks, TXIDs=[1(0),2(0),3(0)], numOfContainers=3, numOfBlocks=553
2019-06-14 08:43:34,246 INFO  commandhandler.DeleteBlocksCommandHandler (DeleteBlocksCommandHandler.java:handle(106)) - Start to delete container blocks, TXIDs=[1(0),2(0),3(0)], numOfContainers=3, numOfBlocks=553
2019-06-14 08:43:34,246 INFO  commandhandler.DeleteBlocksCommandHandler (DeleteBlocksCommandHandler.java:handle(106)) - Start to delete container blocks, TXIDs=[1(0),2(0),3(0)], numOfContainers=3, numOfBlocks=553
2019-06-14 08:43:34,247 INFO  commandhandler.DeleteBlocksCommandHandler (DeleteBlocksCommandHandler.java:handle(106)) - Start to delete container blocks, TXIDs=[1(0),2(0),3(0)], numOfContainers=3, numOfBlocks=553
2019-06-14 08:43:34,248 INFO  commandhandler.DeleteBlocksCommandHandler (DeleteBlocksCommandHandler.java:handle(106)) - Start to delete container blocks, TXIDs=[1(0),2(0),3(0)], numOfContainers=3, numOfBlocks=553
2019-06-14 08:43:34,248 INFO  commandhandler.DeleteBlocksCommandHandler (DeleteBlocksCommandHandler.java:handle(106)) - Start to delete container blocks, TXIDs=[1(0),2(0),3(0)], numOfContainers=3, numOfBlocks=553
2019-06-14 08:43:34,249 INFO  commandhandler.DeleteBlocksCommandHandler (DeleteBlocksCommandHandler.java:handle(106)) - Start to delete container blocks, TXIDs=[1(0),2(0),3(0)], numOfContainers=3, numOfBlocks=553
2019-06-14 08:43:34,250 INFO  commandhandler.DeleteBlocksCommandHandler (DeleteBlocksCommandHandler.java:handle(106)) - Start to delete container blocks, TXIDs=[1(0),2(0),3(0)], numOfContainers=3, numOfBlocks=553
2019-06-14 08:43:34,250 INFO  commandhandler.DeleteBlocksCommandHandler (DeleteBlocksCommandHandler.java:handle(106)) - Start to delete container blocks, TXIDs=[1(0),2(0),3(0)], numOfContainers=3, numOfBlocks=553
2019-06-14 08:43:34,251 INFO  commandhandler.DeleteBlocksCommandHandler (DeleteBlocksCommandHandler.java:handle(106)) - Start to delete container blocks, TXIDs=[1(0),2(0),3(0)], numOfContainers=3, numOfBlocks=553
2019-06-14 08:43:34,251 INFO  commandhandler.DeleteBlocksCommandHandler (DeleteBlocksCommandHandler.java:handle(106)) - Start to delete container blocks, TXIDs=[1(0),2(0),3(0)], numOfContainers=3, numOfBlocks=553
2019-06-14 08:43:34,252 INFO  commandhandler.DeleteBlocksCommandHandler (DeleteBlocksCommandHandler.java:handle(106)) - Start to delete container blocks, TXIDs=[1(0),2(0),3(0)], numOfContainers=3, numOfBlocks=553
2019-06-14 08:43:34,252 INFO  commandhandler.DeleteBlocksCommandHandler (DeleteBlocksCommandHandler.java:handle(106)) - Start to delete container blocks, TXIDs=[1(0),2(0),3(0)], numOfContainers=3, numOfBlocks=553
2019-06-14 08:43:34,253 INFO  commandhandler.DeleteBlocksCommandHandler (DeleteBlocksCommandHandler.java:handle(106)) - Start to delete container blocks, TXIDs=[1(0),2(0),3(0)], numOfContainers=3, numOfBlocks=553
2019-06-14 08:43:34,254 INFO  commandhandler.DeleteBlocksCommandHandler (DeleteBlocksCommandHandler.java:handle(106)) - Start to delete container blocks, TXIDs=[1(0),2(0),3(0)], numOfContainers=3, numOfBlocks=553
2019-06-14 08:43:34,254 INFO  commandhandler.DeleteBlocksCommandHandler (DeleteBlocksCommandHandler.java:handle(106)) - Start to delete container blocks, TXIDs=[1(0),2(0),3(0)], numOfContainers=3, numOfBlocks=553
2019-06-14 08:43:34,255 INFO  commandhandler.DeleteBlocksCommandHandler (DeleteBlocksCommandHandler.java:handle(106)) - Start to delete container blocks, TXIDs=[1(0),2(0),3(0)], numOfContainers=3, numOfBlocks=553
2019-06-14 08:43:34,255 INFO  commandhandler.DeleteBlocksCommandHandler (DeleteBlocksCommandHandler.java:handle(106)) - Start to delete container blocks, TXIDs=[1(0),2(0),3(0)], numOfContainers=3, numOfBlocks=553
2019-06-14 08:43:34,256 INFO  commandhandler.DeleteBlocksCommandHandler (DeleteBlocksCommandHandler.java:handle(106)) - Start to delete container blocks, TXIDs=[1(0),2(0),3(0)], numOfContainers=3, numOfBlocks=553
2019-06-14 08:43:34,257 INFO  commandhandler.DeleteBlocksCommandHandler (DeleteBlocksCommandHandler.java:handle(106)) - Start to delete container blocks, TXIDs=[1(0),2(0),3(0)], numOfContainers=3, numOfBlocks=553
2019-06-14 08:43:34,257 INFO  commandhandler.DeleteBlocksCommandHandler (DeleteBlocksCommandHandler.java:handle(106)) - Start to delete container blocks, TXIDs=[1(0),2(0),3(0)], numOfContainers=3, numOfBlocks=553
2019-06-14 08:43:34,258 INFO  commandhandler.DeleteBlocksCommandHandler (DeleteBlocksCommandHandler.java:handle(106)) - Start to delete container blocks, TXIDs=[1(0),2(0),3(0)], numOfContainers=3, numOfBlocks=553
2019-06-14 08:43:34,258 INFO  commandhandler.DeleteBlocksCommandHandler (DeleteBlocksCommandHandler.java:handle(106)) - Start to delete container blocks, TXIDs=[1(0),2(0),3(0)], numOfContainers=3, numOfBlocks=553
2019-06-14 08:43:34,259 INFO  commandhandler.DeleteBlocksCommandHandler (DeleteBlocksCommandHandler.java:handle(106)) - Start to delete container blocks, TXIDs=[1(0),2(0),3(0)], numOfContainers=3, numOfBlocks=553
2019-06-14 08:43:34,259 INFO  commandhandler.DeleteBlocksCommandHandler (DeleteBlocksCommandHandler.java:handle(106)) - Start to delete container blocks, TXIDs=[1(0),2(0),3(0)], numOfContainers=3, numOfBlocks=553
2019-06-14 08:43:34,260 INFO  commandhandler.DeleteBlocksCommandHandler (DeleteBlocksCommandHandler.java:handle(106)) - Start to delete container blocks, TXIDs=[1(0),2(0),3(0)], numOfContainers=3, numOfBlocks=553
2019-06-14 08:43:34,261 INFO  commandhandler.DeleteBlocksCommandHandler (DeleteBlocksCommandHandler.java:handle(106)) - Start to delete container blocks, TXIDs=[1(0),2(0),3(0)], numOfContainers=3, numOfBlocks=553
2019-06-14 08:43:34,261 INFO  commandhandler.DeleteBlocksCommandHandler (DeleteBlocksCommandHandler.java:handle(106)) - Start to delete container blocks, TXIDs=[1(0),2(0),3(0)], numOfContainers=3, numOfBlocks=553
2019-06-14 08:43:34,262 INFO  commandhandler.DeleteBlocksCommandHandler (DeleteBlocksCommandHandler.java:handle(106)) - Start to delete container blocks, TXIDs=[1(0),2(0),3(0)], numOfContainers=3, numOfBlocks=553
2019-06-14 08:43:34,262 INFO  commandhandler.DeleteBlocksCommandHandler (DeleteBlocksCommandHandler.java:handle(106)) - Start to delete container blocks, TXIDs=[1(0),2(0),3(0)], numOfContainers=3, numOfBlocks=553
2019-06-14 08:43:34,263 INFO  commandhandler.DeleteBlocksCommandHandler (DeleteBlocksCommandHandler.java:handle(106)) - Start to delete container blocks, TXIDs=[1(0),2(0),3(0)], numOfContainers=3, numOfBlocks=553
2019-06-14 08:43:34,263 INFO  commandhandler.DeleteBlocksCommandHandler (DeleteBlocksCommandHandler.java:handle(106)) - Start to delete container blocks, TXIDs=[1(0),2(0),3(0)], numOfContainers=3, numOfBlocks=553
2019-06-14 08:43:34,264 INFO  commandhandler.DeleteBlocksCommandHandler (DeleteBlocksCommandHandler.java:handle(106)) - Start to delete container blocks, TXIDs=[1(0),2(0),3(0)], numOfContainers=3, numOfBlocks=553
2019-06-14 08:43:34,265 INFO  commandhandler.DeleteBlocksCommandHandler (DeleteBlocksCommandHandler.java:handle(106)) - Start to delete container blocks, TXIDs=[1(0),2(0),3(0)], numOfContainers=3, numOfBlocks=553
2019-06-14 08:43:34,265 INFO  commandhandler.DeleteBlocksCommandHandler (DeleteBlocksCommandHandler.java:handle(106)) - Start to delete container blocks, TXIDs=[1(0),2(0),3(0)], numOfContainers=3, numOfBlocks=553
2019-06-14 08:43:34,266 INFO  commandhandler.DeleteBlocksCommandHandler (DeleteBlocksCommandHandler.java:handle(106)) - Start to delete container blocks, TXIDs=[1(0),2(0),3(0)], numOfContainers=3, numOfBlocks=553
2019-06-14 08:43:34,266 INFO  commandhandler.DeleteBlocksCommandHandler (DeleteBlocksCommandHandler.java:handle(106)) - Start to delete container blocks, TXIDs=[1(0),2(0),3(0)], numOfContainers=3, numOfBlocks=553
2019-06-14 08:43:34,267 INFO  commandhandler.DeleteBlocksCommandHandler (DeleteBlocksCommandHandler.java:handle(106)) - Start to delete container blocks, TXIDs=[1(0),2(0),3(0)], numOfContainers=3, numOfBlocks=553
2019-06-14 08:43:34,267 INFO  commandhandler.DeleteBlocksCommandHandler (DeleteBlocksCommandHandler.java:handle(106)) - Start to delete container blocks, TXIDs=[1(0),2(0),3(0)], numOfContainers=3, numOfBlocks=553
2019-06-14 08:43:34,268 INFO  commandhandler.DeleteBlocksCommandHandler (DeleteBlocksCommandHandler.java:handle(106)) - Start to delete container blocks, TXIDs=[1(0),2(0),3(0)], numOfContainers=3, numOfBlocks=553
2019-06-14 08:43:34,268 INFO  impl.LeaderElection (LeaderElection.java:askForVotes(181)) - 374189d0-76c5-49d2-81b4-45a4af1368a2:group-0F599ABD88CC:LeaderElection3: begin an election at term 1 for -1: [374189d0-76c5-49d2-81b4-45a4af1368a2:192.168.11.250:39889], old=null
2019-06-14 08:43:34,270 INFO  commandhandler.DeleteBlocksCommandHandler (DeleteBlocksCommandHandler.java:handle(106)) - Start to delete container blocks, TXIDs=[1(0),2(0),3(0)], numOfContainers=3, numOfBlocks=553
2019-06-14 08:43:34,270 INFO  impl.RoleInfo (RoleInfo.java:shutdownLeaderElection(134)) - 374189d0-76c5-49d2-81b4-45a4af1368a2: shutdown LeaderElection
2019-06-14 08:43:34,270 INFO  impl.RaftServerImpl (RaftServerImpl.java:setRole(164)) - 374189d0-76c5-49d2-81b4-45a4af1368a2:group-0F599ABD88CC changes role from CANDIDATE to LEADER at term 1 for changeToLeader
2019-06-14 08:43:34,270 INFO  impl.RaftServerImpl (ServerState.java:setLeader(263)) - 374189d0-76c5-49d2-81b4-45a4af1368a2:group-0F599ABD88CC change Leader from null to 374189d0-76c5-49d2-81b4-45a4af1368a2 at term 1 for becomeLeader, leader elected after 1156ms
2019-06-14 08:43:34,270 INFO  server.RaftServerConfigKeys (ConfUtils.java:logGet(43)) - raft.server.staging.catchup.gap = 1000 (default)
2019-06-14 08:43:34,271 INFO  server.RaftServerConfigKeys (ConfUtils.java:logGet(43)) - raft.server.rpc.sleep.time = 25ms (default)
2019-06-14 08:43:34,271 INFO  server.RaftServerConfigKeys (ConfUtils.java:logGet(43)) - raft.server.watch.timeout = 10s (default)
2019-06-14 08:43:34,271 INFO  server.RaftServerConfigKeys (DeleteBlocksCommandHandler.java:handle(106)) - Start to delete container blocks, TXIDs=[1(0),2(0),3(0)], numOfContainers=3, numOfBlocks=553
ConfUtils.java:logGet(43)) - raft.server.watch.timeout.denomination = 1s (default)
2019-06-14 08:43:34,271 INFO  commandhandler.DeleteBlocksCommandHandler (DeleteBlocksCommandHandler.java:handle(106)) - Start to delete container blocks, TXIDs=[1(0),2(0),3(0)], numOfContainers=3, numOfBlocks=553
2019-06-14 08:43:34,271 INFO  commands.RetriableDatanodeEventWatcher (RetriableDatanodeEventWatcher.java:onTimeout(47)) - RetriableDatanodeCommand type=deleteBlocksCommand with id=1560501803623 timed out. Retrying.
2019-06-14 08:43:34,271 INFO  impl.RoleInfo (RoleInfo.java:updateAndGet(143)) - 374189d0-76c5-49d2-81b4-45a4af1368a2: start LeaderState
2019-06-14 08:43:34,272 INFO  commandhandler.DeleteBlocksCommandHandler (RaftLogWorker.java:startLogSegment(298)) - 374189d0-76c5-49d2-81b4-45a4af1368a2-RaftLogWorker: Starting segment from index:0
2019-06-14 08:43:34,272 INFO  commandhandler.DeleteBlocksCommandHandler (DeleteBlocksCommandHandler.java:handle(106)) - Start to delete container blocks, TXIDs=[1(0),2(0),3(0)], numOfContainers=3, numOfBlocks=553
2019-06-14 08:43:34,272 INFO  commandhandler.DeleteBlocksCommandHandler (DeleteBlocksCommandHandler.java:handle(106)) - Start to delete container blocks, TXIDs=[1(0),2(0),3(0)], numOfContainers=3, numOfBlocks=553
2019-06-14 08:43:34,273 INFO  impl.RaftServerImpl (ServerState.java:setRaftConf(361)) - 374189d0-76c5-49d2-81b4-45a4af1368a2:group-0F599ABD88CC set configuration 0: [374189d0-76c5-49d2-81b4-45a4af1368a2:192.168.11.250:39889], old=null at 0
2019-06-14 08:43:34,273 INFO  commandhandler.DeleteBlocksCommandHandler (DeleteBlocksCommandHandler.java:handle(106)) - Start to delete container blocks, TXIDs=[1(0),2(0),3(0)], numOfContainers=3, numOfBlocks=553
2019-06-14 08:43:34,274 INFO  commandhandler.DeleteBlocksCommandHandler (DeleteBlocksCommandHandler.java:handle(106)) - Start to delete container blocks, TXIDs=[1(0),2(0),3(0)], numOfContainers=3, numOfBlocks=553
2019-06-14 08:43:34,274 INFO  commandhandler.DeleteBlocksCommandHandler (DeleteBlocksCommandHandler.java:handle(106)) - Start to delete container blocks, TXIDs=[1(0),2(0),3(0)], numOfContainers=3, numOfBlocks=553
2019-06-14 08:43:34,275 INFO  commandhandler.DeleteBlocksCommandHandler (DeleteBlocksCommandHandler.java:handle(106)) - Start to delete container blocks, TXIDs=[1(0),2(0),3(0)], numOfContainers=3, numOfBlocks=553
2019-06-14 08:43:34,276 INFO  commandhandler.DeleteBlocksCommandHandler (DeleteBlocksCommandHandler.java:handle(106)) - Start to delete container blocks, TXIDs=[1(0),2(0),3(0)], numOfContainers=3, numOfBlocks=553
2019-06-14 08:43:34,276 INFO  commandhandler.DeleteBlocksCommandHandler (DeleteBlocksCommandHandler.java:handle(106)) - Start to delete container blocks, TXIDs=[1(0),2(0),3(0)], numOfContainers=3, numOfBlocks=553
2019-06-14 08:43:34,276 INFO  commands.RetriableDatanodeEventWatcher (RetriableDatanodeEventWatcher.java:onTimeout(47)) - RetriableDatanodeCommand type=deleteBlocksCommand with id=1560501803564 timed out. Retrying.
2019-06-14 08:43:34,277 INFO  commandhandler.DeleteBlocksCommandHandler (DeleteBlocksCommandHandler.java:handle(106)) - Start to delete container blocks, TXIDs=[1(0),2(0),3(0)], numOfContainers=3, numOfBlocks=553
2019-06-14 08:43:34,277 INFO  commandhandler.DeleteBlocksCommandHandler (DeleteBlocksCommandHandler.java:handle(106)) - Start to delete container blocks, TXIDs=[1(0),2(0),3(0)], numOfContainers=3, numOfBlocks=553
2019-06-14 08:43:34,278 INFO  commands.RetriableDatanodeEventWatcher (RetriableDatanodeEventWatcher.java:onTimeout(47)) - RetriableDatanodeCommand type=deleteBlocksCommand with id=1560501803633 timed out. Retrying.
2019-06-14 08:43:34,278 INFO  commandhandler.DeleteBlocksCommandHandler (DeleteBlocksCommandHandler.java:handle(106)) - Start to delete container blocks, TXIDs=[1(0),2(0),3(0)], numOfContainers=3, numOfBlocks=553
2019-06-14 08:43:34,279 INFO  commandhandler.DeleteBlocksCommandHandler (DeleteBlocksCommandHandler.java:handle(106)) - Start to delete container blocks, TXIDs=[1(0),2(0),3(0)], numOfContainers=3, numOfBlocks=553
2019-06-14 08:43:34,296 INFO  commands.RetriableDatanodeEventWatcher (RetriableDatanodeEventWatcher.java:onTimeout(47)) - RetriableDatanodeCommand type=deleteBlocksCommand with id=1560501803643 timed out. Retrying.
2019-06-14 08:43:34,297 INFO  commands.RetriableDatanodeEventWatcher (RetriableDatanodeEventWatcher.java:onTimeout(47)) - RetriableDatanodeCommand type=deleteBlocksCommand with id=1560501803584 timed out. Retrying.
2019-06-14 08:43:34,297 WARN  events.EventWatcher (EventWatcher.java:lambda$start$0(110)) - Completion event without active lease. Id=1560501803574
2019-06-14 08:43:34,297 DEBUG block.DeletedBlockLogImpl (DeletedBlockLogImpl.java:isTransactionFailed(245)) - Got block deletion ACK from datanode, TXIDs=1, success=true
2019-06-14 08:43:34,298 INFO  commandhandler.DeleteBlocksCommandHandler (DeleteBlocksCommandHandler.java:handle(106)) - Start to delete container blocks, TXIDs=[1(0),2(0),3(0)], numOfContainers=3, numOfBlocks=553
2019-06-14 08:43:34,298 INFO  commands.RetriableDatanodeEventWatcher (RetriableDatanodeEventWatcher.java:onTimeout(47)) - RetriableDatanodeCommand type=deleteBlocksCommand with id=1560501803574 timed out. Retrying.
2019-06-14 08:43:34,300 DEBUG block.DeletedBlockLogImpl (DeletedBlockLogImpl.java:commitTransactions(227)) - Purging txId=1 from block deletion log
2019-06-14 08:43:34,300 DEBUG block.DeletedBlockLogImpl (DeletedBlockLogImpl.java:commitTransactions(231)) - Datanode txId=1 containerId=#1 committed by dnId=374189d0-76c5-49d2-81b4-45a4af1368a2
2019-06-14 08:43:34,301 DEBUG block.DeletedBlockLogImpl (DeletedBlockLogImpl.java:isTransactionFailed(245)) - Got block deletion ACK from datanode, TXIDs=2, success=true
2019-06-14 08:43:34,301 DEBUG block.DeletedBlockLogImpl (DeletedBlockLogImpl.java:commitTransactions(227)) - Purging txId=2 from block deletion log
2019-06-14 08:43:34,301 DEBUG block.DeletedBlockLogImpl (DeletedBlockLogImpl.java:commitTransactions(231)) - Datanode txId=2 containerId=#2 committed by dnId=374189d0-76c5-49d2-81b4-45a4af1368a2
2019-06-14 08:43:34,301 DEBUG block.DeletedBlockLogImpl (DeletedBlockLogImpl.java:isTransactionFailed(245)) - Got block deletion ACK from datanode, TXIDs=3, success=true
2019-06-14 08:43:34,301 DEBUG block.DeletedBlockLogImpl (DeletedBlockLogImpl.java:commitTransactions(227)) - Purging txId=3 from block deletion log
2019-06-14 08:43:34,302 DEBUG block.DeletedBlockLogImpl (DeletedBlockLogImpl.java:commitTransactions(231)) - Datanode txId=3 containerId=#3 committed by dnId=374189d0-76c5-49d2-81b4-45a4af1368a2
2019-06-14 08:43:34,302 DEBUG block.DeletedBlockLogImpl (DeletedBlockLogImpl.java:isTransactionFailed(245)) - Got block deletion ACK from datanode, TXIDs=1, success=true
2019-06-14 08:43:34,302 WARN  block.DeletedBlockLogImpl (DeletedBlockLogImpl.java:commitTransactions(205)) - Transaction txId=1 commit by dnId=374189d0-76c5-49d2-81b4-45a4af1368a2 for containerID=#1 failed. Corresponding entry not found.
2019-06-14 08:43:34,302 DEBUG block.DeletedBlockLogImpl (DeletedBlockLogImpl.java:isTransactionFailed(245)) - Got block deletion ACK from datanode, TXIDs=1, success=true
2019-06-14 08:43:34,302 WARN  block.DeletedBlockLogImpl (DeletedBlockLogImpl.java:commitTransactions(205)) - Transaction txId=1 commit by dnId=374189d0-76c5-49d2-81b4-45a4af1368a2 for containerID=#1 failed. Corresponding entry not found.
2019-06-14 08:43:34,302 DEBUG block.DeletedBlockLogImpl (DeletedBlockLogImpl.java:isTransactionFailed(245)) - Got block deletion ACK from datanode, TXIDs=1, success=true
2019-06-14 08:43:34,302 WARN  block.DeletedBlockLogImpl (DeletedBlockLogImpl.java:commitTransactions(205)) - Transaction txId=1 commit by dnId=374189d0-76c5-49d2-81b4-45a4af1368a2 for containerID=#1 failed. Corresponding entry not found.
2019-06-14 08:43:34,302 DEBUG block.DeletedBlockLogImpl (DeletedBlockLogImpl.java:isTransactionFailed(245)) - Got block deletion ACK from datanode, TXIDs=1, success=true
2019-06-14 08:43:34,302 WARN  block.DeletedBlockLogImpl (DeletedBlockLogImpl.java:commitTransactions(205)) - Transaction txId=1 commit by dnId=374189d0-76c5-49d2-81b4-45a4af1368a2 for containerID=#1 failed. Corresponding entry not found.
2019-06-14 08:43:34,302 DEBUG block.DeletedBlockLogImpl (DeletedBlockLogImpl.java:isTransactionFailed(245)) - Got block deletion ACK from datanode, TXIDs=1, success=true
2019-06-14 08:43:34,303 WARN  block.DeletedBlockLogImpl (DeletedBlockLogImpl.java:commitTransactions(205)) - Transaction txId=1 commit by dnId=374189d0-76c5-49d2-81b4-45a4af1368a2 for containerID=#1 failed. Corresponding entry not found.
2019-06-14 08:43:34,303 DEBUG block.DeletedBlockLogImpl (DeletedBlockLogImpl.java:isTransactionFailed(245)) - Got block deletion ACK from datanode, TXIDs=1, success=true
2019-06-14 08:43:34,303 WARN  block.DeletedBlockLogImpl (DeletedBlockLogImpl.java:commitTransactions(205)) - Transaction txId=1 commit by dnId=374189d0-76c5-49d2-81b4-45a4af1368a2 for containerID=#1 failed. Corresponding entry not found.
2019-06-14 08:43:34,303 DEBUG block.DeletedBlockLogImpl (DeletedBlockLogImpl.java:isTransactionFailed(245)) - Got block deletion ACK from datanode, TXIDs=1, success=true
2019-06-14 08:43:34,303 WARN  block.DeletedBlockLogImpl (DeletedBlockLogImpl.java:commitTransactions(205)) - Transaction txId=1 commit by dnId=374189d0-76c5-49d2-81b4-45a4af1368a2 for containerID=#1 failed. Corresponding entry not found.
2019-06-14 08:43:34,303 DEBUG block.DeletedBlockLogImpl (DeletedBlockLogImpl.java:isTransactionFailed(245)) - Got block deletion ACK from datanode, TXIDs=1, success=true
2019-06-14 08:43:34,303 WARN  block.DeletedBlockLogImpl (DeletedBlockLogImpl.java:commitTransactions(205)) - Transaction txId=1 commit by dnId=374189d0-76c5-49d2-81b4-45a4af1368a2 for containerID=#1 failed. Corresponding entry not found.
2019-06-14 08:43:34,303 DEBUG block.DeletedBlockLogImpl (DeletedBlockLogImpl.java:isTransactionFailed(245)) - Got block deletion ACK from datanode, TXIDs=1, success=true
2019-06-14 08:43:34,303 WARN  block.DeletedBlockLogImpl (DeletedBlockLogImpl.java:commitTransactions(205)) - Transaction txId=1 commit by dnId=374189d0-76c5-49d2-81b4-45a4af1368a2 for containerID=#1 failed. Corresponding entry not found.
2019-06-14 08:43:34,303 DEBUG block.DeletedBlockLogImpl (DeletedBlockLogImpl.java:isTransactionFailed(245)) - Got block deletion ACK from datanode, TXIDs=1, success=true
2019-06-14 08:43:34,303 WARN  block.DeletedBlockLogImpl (DeletedBlockLogImpl.java:commitTransactions(205)) - Transaction txId=1 commit by dnId=374189d0-76c5-49d2-81b4-45a4af1368a2 for containerID=#1 failed. Corresponding entry not found.
2019-06-14 08:43:34,304 DEBUG block.DeletedBlockLogImpl (DeletedBlockLogImpl.java:isTransactionFailed(245)) - Got block deletion ACK from datanode, TXIDs=1, success=true
2019-06-14 08:43:34,304 WARN  block.DeletedBlockLogImpl (DeletedBlockLogImpl.java:commitTransactions(205)) - Transaction txId=1 commit by dnId=374189d0-76c5-49d2-81b4-45a4af1368a2 for containerID=#1 failed. Corresponding entry not found.
2019-06-14 08:43:34,304 DEBUG block.DeletedBlockLogImpl (DeletedBlockLogImpl.java:isTransactionFailed(245)) - Got block deletion ACK from datanode, TXIDs=1, success=true
2019-06-14 08:43:34,304 WARN  block.DeletedBlockLogImpl (DeletedBlockLogImpl.java:commitTransactions(205)) - Transaction txId=1 commit by dnId=374189d0-76c5-49d2-81b4-45a4af1368a2 for containerID=#1 failed. Corresponding entry not found.
2019-06-14 08:43:34,304 DEBUG block.DeletedBlockLogImpl (DeletedBlockLogImpl.java:isTransactionFailed(245)) - Got block deletion ACK from datanode, TXIDs=1, success=true
2019-06-14 08:43:34,304 WARN  block.DeletedBlockLogImpl (DeletedBlockLogImpl.java:commitTransactions(205)) - Transaction txId=1 commit by dnId=374189d0-76c5-49d2-81b4-45a4af1368a2 for containerID=#1 failed. Corresponding entry not found.
2019-06-14 08:43:34,304 DEBUG block.DeletedBlockLogImpl (DeletedBlockLogImpl.java:isTransactionFailed(245)) - Got block deletion ACK from datanode, TXIDs=1, success=true
2019-06-14 08:43:34,304 WARN  block.DeletedBlockLogImpl (DeletedBlockLogImpl.java:commitTransactions(205)) - Transaction txId=1 commit by dnId=374189d0-76c5-49d2-81b4-45a4af1368a2 for containerID=#1 failed. Corresponding entry not found.
2019-06-14 08:43:34,304 DEBUG block.DeletedBlockLogImpl (DeletedBlockLogImpl.java:isTransactionFailed(245)) - Got block deletion ACK from datanode, TXIDs=1, success=true
2019-06-14 08:43:34,304 WARN  block.DeletedBlockLogImpl (DeletedBlockLogImpl.java:commitTransactions(205)) - Transaction txId=1 commit by dnId=374189d0-76c5-49d2-81b4-45a4af1368a2 for containerID=#1 failed. Corresponding entry not found.
2019-06-14 08:43:34,304 DEBUG block.DeletedBlockLogImpl (DeletedBlockLogImpl.java:isTransactionFailed(245)) - Got block deletion ACK from datanode, TXIDs=1, success=true
2019-06-14 08:43:34,301 INFO  commandhandler.DeleteBlocksCommandHandler (DeleteBlocksCommandHandler.java:handle(106)) - Start to delete container blocks, TXIDs=[1(0),2(0),3(0)], numOfContainers=3, numOfBlocks=553
2019-06-14 08:43:34,305 INFO  commandhandler.DeleteBlocksCommandHandler (DeleteBlocksCommandHandler.java:handle(106)) - Start to delete container blocks, TXIDs=[1(0),2(0),3(0)], numOfContainers=3, numOfBlocks=553
2019-06-14 08:43:34,306 INFO  commandhandler.DeleteBlocksCommandHandler (DeleteBlocksCommandHandler.java:handle(106)) - Start to delete container blocks, TXIDs=[1(0),2(0),3(0)], numOfContainers=3, numOfBlocks=553
2019-06-14 08:43:34,307 INFO  commands.RetriableDatanodeEventWatcher (RetriableDatanodeEventWatcher.java:onTimeout(47)) - RetriableDatanodeCommand type=deleteBlocksCommand with id=1560501803653 timed out. Retrying.
2019-06-14 08:43:34,307 INFO  commandhandler.DeleteBlocksCommandHandler (DeleteBlocksCommandHandler.java:handle(106)) - Start to delete container blocks, TXIDs=[1(0),2(0),3(0)], numOfContainers=3, numOfBlocks=553
2019-06-14 08:43:34,308 INFO  commandhandler.DeleteBlocksCommandHandler (DeleteBlocksCommandHandler.java:handle(106)) - Start to delete container blocks, TXIDs=[1(0),2(0),3(0)], numOfContainers=3, numOfBlocks=553
2019-06-14 08:43:34,309 INFO  commandhandler.DeleteBlocksCommandHandler (DeleteBlocksCommandHandler.java:handle(106)) - Start to delete container blocks, TXIDs=[1(0),2(0),3(0)], numOfContainers=3, numOfBlocks=553
2019-06-14 08:43:34,310 DEBUG block.SCMBlockDeletingService (SCMBlockDeletingService.java:call(138)) - Running DeletedBlockTransactionScanner
2019-06-14 08:43:34,308 WARN  block.DeletedBlockLogImpl (DeletedBlockLogImpl.java:commitTransactions(205)) - Transaction txId=1 commit by dnId=374189d0-76c5-49d2-81b4-45a4af1368a2 for containerID=#1 failed. Corresponding entry not found.
2019-06-14 08:43:34,310 DEBUG block.SCMBlockDeletingService (SCMBlockDeletingService.java:call(155)) - Scanned deleted blocks log and got 0 delTX to process.
2019-06-14 08:43:34,310 DEBUG block.DeletedBlockLogImpl (DeletedBlockLogImpl.java:isTransactionFailed(245)) - Got block deletion ACK from datanode, TXIDs=1, success=true
2019-06-14 08:43:34,310 WARN  block.DeletedBlockLogImpl (DeletedBlockLogImpl.java:commitTransactions(205)) - Transaction txId=1 commit by dnId=374189d0-76c5-49d2-81b4-45a4af1368a2 for containerID=#1 failed. Corresponding entry not found.
2019-06-14 08:43:34,310 DEBUG block.DeletedBlockLogImpl (DeletedBlockLogImpl.java:isTransactionFailed(245)) - Got block deletion ACK from datanode, TXIDs=1, success=true
2019-06-14 08:43:34,311 WARN  block.DeletedBlockLogImpl (DeletedBlockLogImpl.java:commitTransactions(205)) - Transaction txId=1 commit by dnId=374189d0-76c5-49d2-81b4-45a4af1368a2 for containerID=#1 failed. Corresponding entry not found.
2019-06-14 08:43:34,311 DEBUG block.DeletedBlockLogImpl (DeletedBlockLogImpl.java:isTransactionFailed(245)) - Got block deletion ACK from datanode, TXIDs=1, success=true
2019-06-14 08:43:34,311 WARN  block.DeletedBlockLogImpl (DeletedBlockLogImpl.java:commitTransactions(205)) - Transaction txId=1 commit by dnId=374189d0-76c5-49d2-81b4-45a4af1368a2 for containerID=#1 failed. Corresponding entry not found.
2019-06-14 08:43:34,311 DEBUG block.DeletedBlockLogImpl (DeletedBlockLogImpl.java:isTransactionFailed(245)) - Got block deletion ACK from datanode, TXIDs=1, success=true
2019-06-14 08:43:34,311 WARN  block.DeletedBlockLogImpl (DeletedBlockLogImpl.java:commitTransactions(205)) - Transaction txId=1 commit by dnId=374189d0-76c5-49d2-81b4-45a4af1368a2 for containerID=#1 failed. Corresponding entry not found.
2019-06-14 08:43:34,311 DEBUG block.DeletedBlockLogImpl (DeletedBlockLogImpl.java:isTransactionFailed(245)) - Got block deletion ACK from datanode, TXIDs=1, success=true
2019-06-14 08:43:34,311 WARN  block.DeletedBlockLogImpl (DeletedBlockLogImpl.java:commitTransactions(205)) - Transaction txId=1 commit by dnId=374189d0-76c5-49d2-81b4-45a4af1368a2 for containerID=#1 failed. Corresponding entry not found.
2019-06-14 08:43:34,311 DEBUG block.DeletedBlockLogImpl (DeletedBlockLogImpl.java:isTransactionFailed(245)) - Got block deletion ACK from datanode, TXIDs=1, success=true
2019-06-14 08:43:34,311 WARN  block.DeletedBlockLogImpl (DeletedBlockLogImpl.java:commitTransactions(205)) - Transaction txId=1 commit by dnId=374189d0-76c5-49d2-81b4-45a4af1368a2 for containerID=#1 failed. Corresponding entry not found.
2019-06-14 08:43:34,311 DEBUG block.DeletedBlockLogImpl (DeletedBlockLogImpl.java:isTransactionFailed(245)) - Got block deletion ACK from datanode, TXIDs=1, success=true
2019-06-14 08:43:34,311 WARN  block.DeletedBlockLogImpl (DeletedBlockLogImpl.java:commitTransactions(205)) - Transaction txId=1 commit by dnId=374189d0-76c5-49d2-81b4-45a4af1368a2 for containerID=#1 failed. Corresponding entry not found.
2019-06-14 08:43:34,311 DEBUG block.DeletedBlockLogImpl (DeletedBlockLogImpl.java:isTransactionFailed(245)) - Got block deletion ACK from datanode, TXIDs=1, success=true
2019-06-14 08:43:34,311 WARN  block.DeletedBlockLogImpl (DeletedBlockLogImpl.java:commitTransactions(205)) - Transaction txId=1 commit by dnId=374189d0-76c5-49d2-81b4-45a4af1368a2 for containerID=#1 failed. Corresponding entry not found.
2019-06-14 08:43:34,312 DEBUG block.DeletedBlockLogImpl (DeletedBlockLogImpl.java:isTransactionFailed(245)) - Got block deletion ACK from datanode, TXIDs=1, success=true
2019-06-14 08:43:34,312 WARN  block.DeletedBlockLogImpl (DeletedBlockLogImpl.java:commitTransactions(205)) - Transaction txId=1 commit by dnId=374189d0-76c5-49d2-81b4-45a4af1368a2 for containerID=#1 failed. Corresponding entry not found.
2019-06-14 08:43:34,312 DEBUG block.DeletedBlockLogImpl (DeletedBlockLogImpl.java:isTransactionFailed(245)) - Got block deletion ACK from datanode, TXIDs=1, success=true
2019-06-14 08:43:34,312 WARN  block.DeletedBlockLogImpl (DeletedBlockLogImpl.java:commitTransactions(205)) - Transaction txId=1 commit by dnId=374189d0-76c5-49d2-81b4-45a4af1368a2 for containerID=#1 failed. Corresponding entry not found.
2019-06-14 08:43:34,312 DEBUG block.DeletedBlockLogImpl (DeletedBlockLogImpl.java:isTransactionFailed(245)) - Got block deletion ACK from datanode, TXIDs=1, success=true
2019-06-14 08:43:34,312 INFO  commands.RetriableDatanodeEventWatcher (DeletedBlockLogImpl.java:commitTransactions(205)) - Transaction txId=1 commit by dnId=374189d0-76c5-49d2-81b4-45a4af1368a2 for containerID=#1 failed. Corresponding entry not found.
2019-06-14 08:43:34,312 DEBUG block.DeletedBlockLogImpl (RetriableDatanodeEventWatcher.java:onTimeout(47)) - RetriableDatanodeCommand type=deleteBlocksCommand with id=1560501803604 timed out. Retrying.
DeletedBlockLogImpl.java:isTransactionFailed(245)) - Got block deletion ACK from datanode, TXIDs=1, success=true
2019-06-14 08:43:34,312 INFO  commands.RetriableDatanodeEventWatcher (RetriableDatanodeEventWatcher.java:onTimeout(47)) - RetriableDatanodeCommand type=deleteBlocksCommand with id=1560501803604 timed out. Retrying.
2019-06-14 08:43:34,312 WARN  block.DeletedBlockLogImpl (DeletedBlockLogImpl.java:commitTransactions(205)) - Transaction txId=1 commit by dnId=374189d0-76c5-49d2-81b4-45a4af1368a2 for containerID=#1 failed. Corresponding entry not found.
2019-06-14 08:43:34,312 DEBUG block.DeletedBlockLogImpl (DeletedBlockLogImpl.java:isTransactionFailed(245)) - Got block deletion ACK from datanode, TXIDs=1, success=true
2019-06-14 08:43:34,312 WARN  block.DeletedBlockLogImpl (DeletedBlockLogImpl.java:commitTransactions(205)) - Transaction txId=1 commit by dnId=374189d0-76c5-49d2-81b4-45a4af1368a2 for containerID=#1 failed. Corresponding entry not found.
2019-06-14 08:43:34,312 DEBUG block.DeletedBlockLogImpl (DeletedBlockLogImpl.java:isTransactionFailed(245)) - Got block deletion ACK from datanode, TXIDs=1, success=true
2019-06-14 08:43:34,312 WARN  block.DeletedBlockLogImpl (DeletedBlockLogImpl.java:commitTransactions(205)) - Transaction txId=1 commit by dnId=374189d0-76c5-49d2-81b4-45a4af1368a2 for containerID=#1 failed. Corresponding entry not found.
2019-06-14 08:43:34,313 DEBUG block.DeletedBlockLogImpl (DeletedBlockLogImpl.java:isTransactionFailed(245)) - Got block deletion ACK from datanode, TXIDs=1, success=true
2019-06-14 08:43:34,313 WARN  block.DeletedBlockLogImpl (DeletedBlockLogImpl.java:commitTransactions(205)) - Transaction txId=1 commit by dnId=374189d0-76c5-49d2-81b4-45a4af1368a2 for containerID=#1 failed. Corresponding entry not found.
2019-06-14 08:43:34,313 DEBUG block.DeletedBlockLogImpl (DeletedBlockLogImpl.java:isTransactionFailed(245)) - Got block deletion ACK from datanode, TXIDs=1, success=true
2019-06-14 08:43:34,313 WARN  block.DeletedBlockLogImpl (DeletedBlockLogImpl.java:commitTransactions(205)) - Transaction txId=1 commit by dnId=374189d0-76c5-49d2-81b4-45a4af1368a2 for containerID=#1 failed. Corresponding entry not found.
2019-06-14 08:43:34,313 DEBUG block.DeletedBlockLogImpl (DeletedBlockLogImpl.java:isTransactionFailed(245)) - Got block deletion ACK from datanode, TXIDs=1, success=true
2019-06-14 08:43:34,313 WARN  block.DeletedBlockLogImpl (DeletedBlockLogImpl.java:commitTransactions(205)) - Transaction txId=1 commit by dnId=374189d0-76c5-49d2-81b4-45a4af1368a2 for containerID=#1 failed. Corresponding entry not found.
2019-06-14 08:43:34,313 DEBUG block.DeletedBlockLogImpl (DeletedBlockLogImpl.java:isTransactionFailed(245)) - Got block deletion ACK from datanode, TXIDs=1, success=true
2019-06-14 08:43:34,313 WARN  block.DeletedBlockLogImpl (DeletedBlockLogImpl.java:commitTransactions(205)) - Transaction txId=1 commit by dnId=374189d0-76c5-49d2-81b4-45a4af1368a2 for containerID=#1 failed. Corresponding entry not found.
2019-06-14 08:43:34,313 DEBUG block.DeletedBlockLogImpl (DeletedBlockLogImpl.java:isTransactionFailed(245)) - Got block deletion ACK from datanode, TXIDs=1, success=true
2019-06-14 08:43:34,313 WARN  block.DeletedBlockLogImpl (DeletedBlockLogImpl.java:commitTransactions(205)) - Transaction txId=1 commit by dnId=374189d0-76c5-49d2-81b4-45a4af1368a2 for containerID=#1 failed. Corresponding entry not found.
2019-06-14 08:43:34,313 DEBUG block.DeletedBlockLogImpl (DeletedBlockLogImpl.java:isTransactionFailed(245)) - Got block deletion ACK from datanode, TXIDs=1, success=true
2019-06-14 08:43:34,314 WARN  block.DeletedBlockLogImpl (DeletedBlockLogImpl.java:commitTransactions(205)) - Transaction txId=1 commit by dnId=374189d0-76c5-49d2-81b4-45a4af1368a2 for containerID=#1 failed. Corresponding entry not found.
2019-06-14 08:43:34,314 DEBUG block.DeletedBlockLogImpl (DeletedBlockLogImpl.java:isTransactionFailed(245)) - Got block deletion ACK from datanode, TXIDs=1, success=true
2019-06-14 08:43:34,314 WARN  block.DeletedBlockLogImpl (DeletedBlockLogImpl.java:commitTransactions(205)) - Transaction txId=1 commit by dnId=374189d0-76c5-49d2-81b4-45a4af1368a2 for containerID=#1 failed. Corresponding entry not found.
2019-06-14 08:43:34,314 DEBUG block.DeletedBlockLogImpl (DeletedBlockLogImpl.java:isTransactionFailed(245)) - Got block deletion ACK from datanode, TXIDs=1, success=true
2019-06-14 08:43:34,314 WARN  block.DeletedBlockLogImpl (DeletedBlockLogImpl.java:commitTransactions(205)) - Transaction txId=1 commit by dnId=374189d0-76c5-49d2-81b4-45a4af1368a2 for containerID=#1 failed. Corresponding entry not found.
2019-06-14 08:43:34,314 DEBUG block.DeletedBlockLogImpl (DeletedBlockLogImpl.java:isTransactionFailed(245)) - Got block deletion ACK from datanode, TXIDs=1, success=true
2019-06-14 08:43:34,314 WARN  block.DeletedBlockLogImpl (DeletedBlockLogImpl.java:commitTransactions(205)) - Transaction txId=1 commit by dnId=374189d0-76c5-49d2-81b4-45a4af1368a2 for containerID=#1 failed. Corresponding entry not found.
2019-06-14 08:43:34,314 DEBUG block.DeletedBlockLogImpl (DeletedBlockLogImpl.java:isTransactionFailed(245)) - Got block deletion ACK from datanode, TXIDs=1, success=true
2019-06-14 08:43:34,314 WARN  block.DeletedBlockLogImpl (DeletedBlockLogImpl.java:commitTransactions(205)) - Transaction txId=1 commit by dnId=374189d0-76c5-49d2-81b4-45a4af1368a2 for containerID=#1 failed. Corresponding entry not found.
2019-06-14 08:43:34,314 DEBUG block.DeletedBlockLogImpl (DeletedBlockLogImpl.java:isTransactionFailed(245)) - Got block deletion ACK from datanode, TXIDs=1, success=true
2019-06-14 08:43:34,314 WARN  block.DeletedBlockLogImpl (DeletedBlockLogImpl.java:commitTransactions(205)) - Transaction txId=1 commit by dnId=374189d0-76c5-49d2-81b4-45a4af1368a2 for containerID=#1 failed. Corresponding entry not found.
2019-06-14 08:43:34,315 DEBUG block.DeletedBlockLogImpl (DeletedBlockLogImpl.java:isTransactionFailed(245)) - Got block deletion ACK from datanode, TXIDs=1, success=true
2019-06-14 08:43:34,315 WARN  block.DeletedBlockLogImpl (DeletedBlockLogImpl.java:commitTransactions(205)) - Transaction txId=1 commit by dnId=374189d0-76c5-49d2-81b4-45a4af1368a2 for containerID=#1 failed. Corresponding entry not found.
2019-06-14 08:43:34,315 DEBUG block.DeletedBlockLogImpl (DeletedBlockLogImpl.java:isTransactionFailed(245)) - Got block deletion ACK from datanode, TXIDs=1, success=true
2019-06-14 08:43:34,315 WARN  block.DeletedBlockLogImpl (DeletedBlockLogImpl.java:commitTransactions(205)) - Transaction txId=1 commit by dnId=374189d0-76c5-49d2-81b4-45a4af1368a2 for containerID=#1 failed. Corresponding entry not found.
2019-06-14 08:43:34,310 INFO  commandhandler.DeleteBlocksCommandHandler (DeleteBlocksCommandHandler.java:handle(106)) - Start to delete container blocks, TXIDs=[1(0),2(0),3(0)], numOfContainers=3, numOfBlocks=553
2019-06-14 08:43:34,316 INFO  commandhandler.DeleteBlocksCommandHandler (DeleteBlocksCommandHandler.java:handle(106)) - Start to delete container blocks, TXIDs=[1(0),2(0),3(0)], numOfContainers=3, numOfBlocks=553
2019-06-14 08:43:34,317 INFO  commandhandler.DeleteBlocksCommandHandler (DeleteBlocksCommandHandler.java:handle(106)) - Start to delete container blocks, TXIDs=[1(0),2(0),3(0)], numOfContainers=3, numOfBlocks=553
2019-06-14 08:43:34,317 INFO  commandhandler.DeleteBlocksCommandHandler (DeleteBlocksCommandHandler.java:handle(106)) - Start to delete container blocks, TXIDs=[1(0),2(0),3(0)], numOfContainers=3, numOfBlocks=553
2019-06-14 08:43:34,318 INFO  commandhandler.DeleteBlocksCommandHandler (DeleteBlocksCommandHandler.java:handle(106)) - Start to delete container blocks, TXIDs=[1(0),2(0),3(0)], numOfContainers=3, numOfBlocks=553
2019-06-14 08:43:34,318 INFO  commands.RetriableDatanodeEventWatcher (RetriableDatanodeEventWatcher.java:onTimeout(47)) - RetriableDatanodeCommand type=deleteBlocksCommand with id=1560501803614 timed out. Retrying.
2019-06-14 08:43:34,319 INFO  commandhandler.DeleteBlocksCommandHandler (DeleteBlocksCommandHandler.java:handle(106)) - Start to delete container blocks, TXIDs=[1(0),2(0),3(0)], numOfContainers=3, numOfBlocks=553
2019-06-14 08:43:34,320 INFO  commandhandler.DeleteBlocksCommandHandler (DeleteBlocksCommandHandler.java:handle(106)) - Start to delete container blocks, TXIDs=[1(0),2(0),3(0)], numOfContainers=3, numOfBlocks=553
2019-06-14 08:43:34,321 INFO  commandhandler.DeleteBlocksCommandHandler (DeleteBlocksCommandHandler.java:handle(106)) - Start to delete container blocks, TXIDs=[1(0),2(0),3(0)], numOfContainers=3, numOfBlocks=553
2019-06-14 08:43:34,322 INFO  commandhandler.DeleteBlocksCommandHandler (DeleteBlocksCommandHandler.java:handle(106)) - Start to delete container blocks, TXIDs=[1(0),2(0),3(0)], numOfContainers=3, numOfBlocks=553
2019-06-14 08:43:34,323 INFO  commandhandler.DeleteBlocksCommandHandler (DeleteBlocksCommandHandler.java:handle(106)) - Start to delete container blocks, TXIDs=[1(0),2(0),3(0)], numOfContainers=3, numOfBlocks=553
2019-06-14 08:43:34,324 INFO  commandhandler.DeleteBlocksCommandHandler (DeleteBlocksCommandHandler.java:handle(106)) - Start to delete container blocks, TXIDs=[1(0),2(0),3(0)], numOfContainers=3, numOfBlocks=553
2019-06-14 08:43:34,324 INFO  commandhandler.DeleteBlocksCommandHandler (DeleteBlocksCommandHandler.java:handle(106)) - Start to delete container blocks, TXIDs=[1(0),2(0),3(0)], numOfContainers=3, numOfBlocks=553
2019-06-14 08:43:34,325 INFO  commandhandler.DeleteBlocksCommandHandler (DeleteBlocksCommandHandler.java:handle(106)) - Start to delete container blocks, TXIDs=[1(0),2(0),3(0)], numOfContainers=3, numOfBlocks=553
2019-06-14 08:43:34,325 INFO  commandhandler.DeleteBlocksCommandHandler (DeleteBlocksCommandHandler.java:handle(106)) - Start to delete container blocks, TXIDs=[1(0),2(0),3(0)], numOfContainers=3, numOfBlocks=553
2019-06-14 08:43:34,326 INFO  commandhandler.DeleteBlocksCommandHandler (DeleteBlocksCommandHandler.java:handle(106)) - Start to delete container blocks, TXIDs=[1(0),2(0),3(0)], numOfContainers=3, numOfBlocks=553
2019-06-14 08:43:34,327 INFO  commandhandler.DeleteBlocksCommandHandler (DeleteBlocksCommandHandler.java:handle(106)) - Start to delete container blocks, TXIDs=[1(0),2(0),3(0)], numOfContainers=3, numOfBlocks=553
2019-06-14 08:43:34,327 INFO  commandhandler.DeleteBlocksCommandHandler (DeleteBlocksCommandHandler.java:handle(106)) - Start to delete container blocks, TXIDs=[1(0),2(0),3(0)], numOfContainers=3, numOfBlocks=553
2019-06-14 08:43:34,328 INFO  commandhandler.DeleteBlocksCommandHandler (DeleteBlocksCommandHandler.java:handle(106)) - Start to delete container blocks, TXIDs=[1(0),2(0),3(0)], numOfContainers=3, numOfBlocks=553
2019-06-14 08:43:34,328 INFO  commandhandler.DeleteBlocksCommandHandler (DeleteBlocksCommandHandler.java:handle(106)) - Start to delete container blocks, TXIDs=[1(0),2(0),3(0)], numOfContainers=3, numOfBlocks=553
2019-06-14 08:43:34,329 INFO  commandhandler.DeleteBlocksCommandHandler (DeleteBlocksCommandHandler.java:handle(106)) - Start to delete container blocks, TXIDs=[1(0),2(0),3(0)], numOfContainers=3, numOfBlocks=553
2019-06-14 08:43:34,329 INFO  commandhandler.DeleteBlocksCommandHandler (DeleteBlocksCommandHandler.java:handle(106)) - Start to delete container blocks, TXIDs=[1(0),2(0),3(0)], numOfContainers=3, numOfBlocks=553
2019-06-14 08:43:34,330 INFO  commandhandler.DeleteBlocksCommandHandler (DeleteBlocksCommandHandler.java:handle(106)) - Start to delete container blocks, TXIDs=[1(0),2(0),3(0)], numOfContainers=3, numOfBlocks=553
2019-06-14 08:43:34,330 INFO  commandhandler.DeleteBlocksCommandHandler (DeleteBlocksCommandHandler.java:handle(106)) - Start to delete container blocks, TXIDs=[1(0),2(0),3(0)], numOfContainers=3, numOfBlocks=553
2019-06-14 08:43:34,331 INFO  commandhandler.DeleteBlocksCommandHandler (DeleteBlocksCommandHandler.java:handle(106)) - Start to delete container blocks, TXIDs=[1(0),2(0),3(0)], numOfContainers=3, numOfBlocks=553
2019-06-14 08:43:34,332 INFO  commandhandler.DeleteBlocksCommandHandler (DeleteBlocksCommandHandler.java:handle(106)) - Start to delete container blocks, TXIDs=[1(0),2(0),3(0)], numOfContainers=3, numOfBlocks=553
2019-06-14 08:43:34,332 INFO  commandhandler.DeleteBlocksCommandHandler (DeleteBlocksCommandHandler.java:handle(106)) - Start to delete container blocks, TXIDs=[1(0),2(0),3(0)], numOfContainers=3, numOfBlocks=553
2019-06-14 08:43:34,333 INFO  commandhandler.DeleteBlocksCommandHandler (DeleteBlocksCommandHandler.java:handle(106)) - Start to delete container blocks, TXIDs=[1(0),2(0),3(0)], numOfContainers=3, numOfBlocks=553
2019-06-14 08:43:34,333 INFO  commandhandler.DeleteBlocksCommandHandler (DeleteBlocksCommandHandler.java:handle(106)) - Start to delete container blocks, TXIDs=[1(0),2(0),3(0)], numOfContainers=3, numOfBlocks=553
2019-06-14 08:43:34,334 INFO  commandhandler.DeleteBlocksCommandHandler (DeleteBlocksCommandHandler.java:handle(106)) - Start to delete container blocks, TXIDs=[1(0),2(0),3(0)], numOfContainers=3, numOfBlocks=553
2019-06-14 08:43:34,334 INFO  commandhandler.DeleteBlocksCommandHandler (DeleteBlocksCommandHandler.java:handle(106)) - Start to delete container blocks, TXIDs=[1(0),2(0),3(0)], numOfContainers=3, numOfBlocks=553
2019-06-14 08:43:34,335 INFO  commandhandler.DeleteBlocksCommandHandler (DeleteBlocksCommandHandler.java:handle(106)) - Start to delete container blocks, TXIDs=[1(0),2(0),3(0)], numOfContainers=3, numOfBlocks=553
2019-06-14 08:43:34,336 INFO  commandhandler.DeleteBlocksCommandHandler (DeleteBlocksCommandHandler.java:handle(106)) - Start to delete container blocks, TXIDs=[1(0),2(0),3(0)], numOfContainers=3, numOfBlocks=553
2019-06-14 08:43:34,336 INFO  commandhandler.DeleteBlocksCommandHandler (DeleteBlocksCommandHandler.java:handle(106)) - Start to delete container blocks, TXIDs=[1(0),2(0),3(0)], numOfContainers=3, numOfBlocks=553
2019-06-14 08:43:34,337 INFO  commandhandler.DeleteBlocksCommandHandler (DeleteBlocksCommandHandler.java:handle(106)) - Start to delete container blocks, TXIDs=[1(0),2(0),3(0)], numOfContainers=3, numOfBlocks=553
2019-06-14 08:43:34,337 INFO  commandhandler.DeleteBlocksCommandHandler (DeleteBlocksCommandHandler.java:handle(106)) - Start to delete container blocks, TXIDs=[1(0),2(0),3(0)], numOfContainers=3, numOfBlocks=553
2019-06-14 08:43:34,338 INFO  commandhandler.DeleteBlocksCommandHandler (DeleteBlocksCommandHandler.java:handle(106)) - Start to delete container blocks, TXIDs=[1(0),2(0),3(0)], numOfContainers=3, numOfBlocks=553
2019-06-14 08:43:34,338 INFO  commandhandler.DeleteBlocksCommandHandler (DeleteBlocksCommandHandler.java:handle(106)) - Start to delete container blocks, TXIDs=[1(0),2(0),3(0)], numOfContainers=3, numOfBlocks=553
2019-06-14 08:43:34,339 INFO  commandhandler.DeleteBlocksCommandHandler (DeleteBlocksCommandHandler.java:handle(106)) - Start to delete container blocks, TXIDs=[1(0),2(0),3(0)], numOfContainers=3, numOfBlocks=553
2019-06-14 08:43:34,340 INFO  commandhandler.DeleteBlocksCommandHandler (DeleteBlocksCommandHandler.java:handle(106)) - Start to delete container blocks, TXIDs=[1(0),2(0),3(0)], numOfContainers=3, numOfBlocks=553
2019-06-14 08:43:34,340 INFO  commandhandler.DeleteBlocksCommandHandler (DeleteBlocksCommandHandler.java:handle(106)) - Start to delete container blocks, TXIDs=[1(0),2(0),3(0)], numOfContainers=3, numOfBlocks=553
2019-06-14 08:43:34,341 INFO  commandhandler.DeleteBlocksCommandHandler (DeleteBlocksCommandHandler.java:handle(106)) - Start to delete container blocks, TXIDs=[1(0),2(0),3(0)], numOfContainers=3, numOfBlocks=553
2019-06-14 08:43:34,341 INFO  commandhandler.DeleteBlocksCommandHandler (DeleteBlocksCommandHandler.java:handle(106)) - Start to delete container blocks, TXIDs=[1(0),2(0),3(0)], numOfContainers=3, numOfBlocks=553
2019-06-14 08:43:34,342 INFO  commandhandler.DeleteBlocksCommandHandler (DeleteBlocksCommandHandler.java:handle(106)) - Start to delete container blocks, TXIDs=[1(0),2(0),3(0)], numOfContainers=3, numOfBlocks=553
2019-06-14 08:43:34,342 INFO  commandhandler.DeleteBlocksCommandHandler (DeleteBlocksCommandHandler.java:handle(106)) - Start to delete container blocks, TXIDs=[1(0),2(0),3(0)], numOfContainers=3, numOfBlocks=553
2019-06-14 08:43:34,343 INFO  commandhandler.DeleteBlocksCommandHandler (DeleteBlocksCommandHandler.java:handle(106)) - Start to delete container blocks, TXIDs=[1(0),2(0),3(0)], numOfContainers=3, numOfBlocks=553
2019-06-14 08:43:34,343 INFO  commandhandler.DeleteBlocksCommandHandler (DeleteBlocksCommandHandler.java:handle(106)) - Start to delete container blocks, TXIDs=[1(0),2(0),3(0)], numOfContainers=3, numOfBlocks=553
2019-06-14 08:43:34,344 INFO  commandhandler.DeleteBlocksCommandHandler (DeleteBlocksCommandHandler.java:handle(106)) - Start to delete container blocks, TXIDs=[1(0),2(0),3(0)], numOfContainers=3, numOfBlocks=553
2019-06-14 08:43:34,345 INFO  commandhandler.DeleteBlocksCommandHandler (DeleteBlocksCommandHandler.java:handle(106)) - Start to delete container blocks, TXIDs=[1(0),2(0),3(0)], numOfContainers=3, numOfBlocks=553
2019-06-14 08:43:34,345 INFO  commandhandler.DeleteBlocksCommandHandler (DeleteBlocksCommandHandler.java:handle(106)) - Start to delete container blocks, TXIDs=[1(0),2(0),3(0)], numOfContainers=3, numOfBlocks=553
2019-06-14 08:43:34,346 INFO  commandhandler.DeleteBlocksCommandHandler (DeleteBlocksCommandHandler.java:handle(106)) - Start to delete container blocks, TXIDs=[1(0),2(0),3(0)], numOfContainers=3, numOfBlocks=553
2019-06-14 08:43:34,346 INFO  commandhandler.DeleteBlocksCommandHandler (DeleteBlocksCommandHandler.java:handle(106)) - Start to delete container blocks, TXIDs=[1(0),2(0),3(0)], numOfContainers=3, numOfBlocks=553
2019-06-14 08:43:34,347 INFO  commandhandler.DeleteBlocksCommandHandler (DeleteBlocksCommandHandler.java:handle(106)) - Start to delete container blocks, TXIDs=[1(0),2(0),3(0)], numOfContainers=3, numOfBlocks=553
2019-06-14 08:43:34,347 INFO  commandhandler.DeleteBlocksCommandHandler (DeleteBlocksCommandHandler.java:handle(106)) - Start to delete container blocks, TXIDs=[1(0),2(0),3(0)], numOfContainers=3, numOfBlocks=553
2019-06-14 08:43:34,348 INFO  commandhandler.DeleteBlocksCommandHandler (DeleteBlocksCommandHandler.java:handle(106)) - Start to delete container blocks, TXIDs=[1(0),2(0),3(0)], numOfContainers=3, numOfBlocks=553
2019-06-14 08:43:34,348 INFO  commandhandler.DeleteBlocksCommandHandler (DeleteBlocksCommandHandler.java:handle(106)) - Start to delete container blocks, TXIDs=[1(0),2(0),3(0)], numOfContainers=3, numOfBlocks=553
2019-06-14 08:43:34,349 INFO  commandhandler.DeleteBlocksCommandHandler (DeleteBlocksCommandHandler.java:handle(106)) - Start to delete container blocks, TXIDs=[1(0),2(0),3(0)], numOfContainers=3, numOfBlocks=553
2019-06-14 08:43:34,350 INFO  commandhandler.DeleteBlocksCommandHandler (DeleteBlocksCommandHandler.java:handle(106)) - Start to delete container blocks, TXIDs=[1(0),2(0),3(0)], numOfContainers=3, numOfBlocks=553
2019-06-14 08:43:34,350 INFO  commandhandler.DeleteBlocksCommandHandler (DeleteBlocksCommandHandler.java:handle(106)) - Start to delete container blocks, TXIDs=[1(0),2(0),3(0)], numOfContainers=3, numOfBlocks=553
2019-06-14 08:43:34,351 INFO  commandhandler.DeleteBlocksCommandHandler (DeleteBlocksCommandHandler.java:handle(106)) - Start to delete container blocks, TXIDs=[1(0),2(0),3(0)], numOfContainers=3, numOfBlocks=553
2019-06-14 08:43:34,351 INFO  commandhandler.DeleteBlocksCommandHandler (DeleteBlocksCommandHandler.java:handle(106)) - Start to delete container blocks, TXIDs=[1(0),2(0),3(0)], numOfContainers=3, numOfBlocks=553
2019-06-14 08:43:34,352 INFO  commandhandler.DeleteBlocksCommandHandler (DeleteBlocksCommandHandler.java:handle(106)) - Start to delete container blocks, TXIDs=[1(0),2(0),3(0)], numOfContainers=3, numOfBlocks=553
2019-06-14 08:43:34,352 INFO  commandhandler.DeleteBlocksCommandHandler (DeleteBlocksCommandHandler.java:handle(106)) - Start to delete container blocks, TXIDs=[1(0),2(0),3(0)], numOfContainers=3, numOfBlocks=553
2019-06-14 08:43:34,353 INFO  commandhandler.DeleteBlocksCommandHandler (DeleteBlocksCommandHandler.java:handle(106)) - Start to delete container blocks, TXIDs=[1(0),2(0),3(0)], numOfContainers=3, numOfBlocks=553
2019-06-14 08:43:34,354 INFO  commandhandler.DeleteBlocksCommandHandler (DeleteBlocksCommandHandler.java:handle(106)) - Start to delete container blocks, TXIDs=[1(0),2(0),3(0)], numOfContainers=3, numOfBlocks=553
2019-06-14 08:43:34,354 INFO  commandhandler.DeleteBlocksCommandHandler (DeleteBlocksCommandHandler.java:handle(106)) - Start to delete container blocks, TXIDs=[1(0),2(0),3(0)], numOfContainers=3, numOfBlocks=553
2019-06-14 08:43:34,355 INFO  commandhandler.DeleteBlocksCommandHandler (DeleteBlocksCommandHandler.java:handle(106)) - Start to delete container blocks, TXIDs=[1(0),2(0),3(0)], numOfContainers=3, numOfBlocks=553
2019-06-14 08:43:34,355 INFO  commandhandler.DeleteBlocksCommandHandler (DeleteBlocksCommandHandler.java:handle(106)) - Start to delete container blocks, TXIDs=[1(0),2(0),3(0)], numOfContainers=3, numOfBlocks=553
2019-06-14 08:43:34,356 INFO  commandhandler.DeleteBlocksCommandHandler (DeleteBlocksCommandHandler.java:handle(106)) - Start to delete container blocks, TXIDs=[1(0),2(0),3(0)], numOfContainers=3, numOfBlocks=553
2019-06-14 08:43:34,356 INFO  commandhandler.DeleteBlocksCommandHandler (DeleteBlocksCommandHandler.java:handle(106)) - Start to delete container blocks, TXIDs=[1(0),2(0),3(0)], numOfContainers=3, numOfBlocks=553
2019-06-14 08:43:34,357 INFO  commandhandler.DeleteBlocksCommandHandler (DeleteBlocksCommandHandler.java:handle(106)) - Start to delete container blocks, TXIDs=[1(0),2(0),3(0)], numOfContainers=3, numOfBlocks=553
2019-06-14 08:43:34,357 INFO  commandhandler.DeleteBlocksCommandHandler (DeleteBlocksCommandHandler.java:handle(106)) - Start to delete container blocks, TXIDs=[1(0),2(0),3(0)], numOfContainers=3, numOfBlocks=553
2019-06-14 08:43:34,358 INFO  commandhandler.DeleteBlocksCommandHandler (DeleteBlocksCommandHandler.java:handle(106)) - Start to delete container blocks, TXIDs=[1(0),2(0),3(0)], numOfContainers=3, numOfBlocks=553
2019-06-14 08:43:34,359 INFO  commandhandler.DeleteBlocksCommandHandler (DeleteBlocksCommandHandler.java:handle(106)) - Start to delete container blocks, TXIDs=[1(0),2(0),3(0)], numOfContainers=3, numOfBlocks=553
2019-06-14 08:43:34,359 INFO  commandhandler.DeleteBlocksCommandHandler (DeleteBlocksCommandHandler.java:handle(106)) - Start to delete container blocks, TXIDs=[1(0),2(0),3(0)], numOfContainers=3, numOfBlocks=553
2019-06-14 08:43:34,360 INFO  commandhandler.DeleteBlocksCommandHandler (DeleteBlocksCommandHandler.java:handle(106)) - Start to delete container blocks, TXIDs=[1(0),2(0),3(0)], numOfContainers=3, numOfBlocks=553
2019-06-14 08:43:34,360 INFO  commandhandler.DeleteBlocksCommandHandler (DeleteBlocksCommandHandler.java:handle(106)) - Start to delete container blocks, TXIDs=[1(0),2(0),3(0)], numOfContainers=3, numOfBlocks=553
2019-06-14 08:43:34,361 INFO  commandhandler.DeleteBlocksCommandHandler (DeleteBlocksCommandHandler.java:handle(106)) - Start to delete container blocks, TXIDs=[1(0),2(0),3(0)], numOfContainers=3, numOfBlocks=553
2019-06-14 08:43:34,361 INFO  commandhandler.DeleteBlocksCommandHandler (DeleteBlocksCommandHandler.java:handle(106)) - Start to delete container blocks, TXIDs=[1(0),2(0),3(0)], numOfContainers=3, numOfBlocks=553
2019-06-14 08:43:34,362 INFO  commandhandler.DeleteBlocksCommandHandler (DeleteBlocksCommandHandler.java:handle(106)) - Start to delete container blocks, TXIDs=[1(0),2(0),3(0)], numOfContainers=3, numOfBlocks=553
2019-06-14 08:43:34,363 INFO  commandhandler.DeleteBlocksCommandHandler (DeleteBlocksCommandHandler.java:handle(106)) - Start to delete container blocks, TXIDs=[1(0),2(0),3(0)], numOfContainers=3, numOfBlocks=553
2019-06-14 08:43:34,363 INFO  commandhandler.DeleteBlocksCommandHandler (DeleteBlocksCommandHandler.java:handle(106)) - Start to delete container blocks, TXIDs=[1(0),2(0),3(0)], numOfContainers=3, numOfBlocks=553
2019-06-14 08:43:34,364 INFO  commandhandler.DeleteBlocksCommandHandler (DeleteBlocksCommandHandler.java:handle(106)) - Start to delete container blocks, TXIDs=[1(0),2(0),3(0)], numOfContainers=3, numOfBlocks=553
2019-06-14 08:43:34,364 INFO  commandhandler.DeleteBlocksCommandHandler (DeleteBlocksCommandHandler.java:handle(106)) - Start to delete container blocks, TXIDs=[1(0),2(0),3(0)], numOfContainers=3, numOfBlocks=553
2019-06-14 08:43:34,365 INFO  commandhandler.DeleteBlocksCommandHandler (DeleteBlocksCommandHandler.java:handle(106)) - Start to delete container blocks, TXIDs=[1(0),2(0),3(0)], numOfContainers=3, numOfBlocks=553
2019-06-14 08:43:34,365 INFO  commandhandler.DeleteBlocksCommandHandler (DeleteBlocksCommandHandler.java:handle(106)) - Start to delete container blocks, TXIDs=[1(0),2(0),3(0)], numOfContainers=3, numOfBlocks=553
2019-06-14 08:43:34,366 INFO  commandhandler.DeleteBlocksCommandHandler (DeleteBlocksCommandHandler.java:handle(106)) - Start to delete container blocks, TXIDs=[1(0),2(0),3(0)], numOfContainers=3, numOfBlocks=553
2019-06-14 08:43:34,366 INFO  commandhandler.DeleteBlocksCommandHandler (DeleteBlocksCommandHandler.java:handle(106)) - Start to delete container blocks, TXIDs=[1(0),2(0),3(0)], numOfContainers=3, numOfBlocks=553
2019-06-14 08:43:34,367 INFO  commandhandler.DeleteBlocksCommandHandler (DeleteBlocksCommandHandler.java:handle(106)) - Start to delete container blocks, TXIDs=[1(0),2(0),3(0)], numOfContainers=3, numOfBlocks=553
2019-06-14 08:43:34,367 INFO  commandhandler.DeleteBlocksCommandHandler (DeleteBlocksCommandHandler.java:handle(106)) - Start to delete container blocks, TXIDs=[1(0),2(0),3(0)], numOfContainers=3, numOfBlocks=553
2019-06-14 08:43:34,368 INFO  commandhandler.DeleteBlocksCommandHandler (DeleteBlocksCommandHandler.java:handle(106)) - Start to delete container blocks, TXIDs=[1(0),2(0),3(0)], numOfContainers=3, numOfBlocks=553
2019-06-14 08:43:34,369 INFO  commandhandler.DeleteBlocksCommandHandler (DeleteBlocksCommandHandler.java:handle(106)) - Start to delete container blocks, TXIDs=[1(0),2(0),3(0)], numOfContainers=3, numOfBlocks=553
2019-06-14 08:43:34,369 INFO  commandhandler.DeleteBlocksCommandHandler (DeleteBlocksCommandHandler.java:handle(106)) - Start to delete container blocks, TXIDs=[1(0),2(0),3(0)], numOfContainers=3, numOfBlocks=553
2019-06-14 08:43:34,370 INFO  commandhandler.DeleteBlocksCommandHandler (DeleteBlocksCommandHandler.java:handle(106)) - Start to delete container blocks, TXIDs=[1(0),2(0),3(0)], numOfContainers=3, numOfBlocks=553
2019-06-14 08:43:34,370 INFO  commands.RetriableDatanodeEventWatcher (RetriableDatanodeEventWatcher.java:onTimeout(47)) - RetriableDatanodeCommand type=deleteBlocksCommand with id=1560501803624 timed out. Retrying.
2019-06-14 08:43:34,370 INFO  commandhandler.DeleteBlocksCommandHandler (DeleteBlocksCommandHandler.java:handle(106)) - Start to delete container blocks, TXIDs=[1(0),2(0),3(0)], numOfContainers=3, numOfBlocks=553
2019-06-14 08:43:34,371 INFO  commandhandler.DeleteBlocksCommandHandler (DeleteBlocksCommandHandler.java:handle(106)) - Start to delete container blocks, TXIDs=[1(0),2(0),3(0)], numOfContainers=3, numOfBlocks=553
2019-06-14 08:43:34,371 INFO  commandhandler.DeleteBlocksCommandHandler (DeleteBlocksCommandHandler.java:handle(106)) - Start to delete container blocks, TXIDs=[1(0),2(0),3(0)], numOfContainers=3, numOfBlocks=553
2019-06-14 08:43:34,372 INFO  commandhandler.DeleteBlocksCommandHandler (DeleteBlocksCommandHandler.java:handle(106)) - Start to delete container blocks, TXIDs=[1(0),2(0),3(0)], numOfContainers=3, numOfBlocks=553
2019-06-14 08:43:34,372 INFO  commandhandler.DeleteBlocksCommandHandler (DeleteBlocksCommandHandler.java:handle(106)) - Start to delete container blocks, TXIDs=[1(0),2(0),3(0)], numOfContainers=3, numOfBlocks=553
2019-06-14 08:43:34,373 INFO  commandhandler.DeleteBlocksCommandHandler (DeleteBlocksCommandHandler.java:handle(106)) - Start to delete container blocks, TXIDs=[1(0),2(0),3(0)], numOfContainers=3, numOfBlocks=553
2019-06-14 08:43:34,374 INFO  commandhandler.DeleteBlocksCommandHandler (DeleteBlocksCommandHandler.java:handle(106)) - Start to delete container blocks, TXIDs=[1(0),2(0),3(0)], numOfContainers=3, numOfBlocks=553
2019-06-14 08:43:34,374 INFO  commandhandler.DeleteBlocksCommandHandler (DeleteBlocksCommandHandler.java:handle(106)) - Start to delete container blocks, TXIDs=[1(0),2(0),3(0)], numOfContainers=3, numOfBlocks=553
2019-06-14 08:43:34,375 INFO  commandhandler.DeleteBlocksCommandHandler (DeleteBlocksCommandHandler.java:handle(106)) - Start to delete container blocks, TXIDs=[1(0),2(0),3(0)], numOfContainers=3, numOfBlocks=553
2019-06-14 08:43:34,375 INFO  commandhandler.DeleteBlocksCommandHandler (DeleteBlocksCommandHandler.java:handle(106)) - Start to delete container blocks, TXIDs=[1(0),2(0),3(0)], numOfContainers=3, numOfBlocks=553
2019-06-14 08:43:34,376 INFO  commandhandler.DeleteBlocksCommandHandler (DeleteBlocksCommandHandler.java:handle(106)) - Start to delete container blocks, TXIDs=[1(0),2(0),3(0)], numOfContainers=3, numOfBlocks=553
2019-06-14 08:43:34,376 INFO  commandhandler.DeleteBlocksCommandHandler (DeleteBlocksCommandHandler.java:handle(106)) - Start to delete container blocks, TXIDs=[1(0),2(0),3(0)], numOfContainers=3, numOfBlocks=553
2019-06-14 08:43:34,377 INFO  commandhandler.DeleteBlocksCommandHandler (DeleteBlocksCommandHandler.java:handle(106)) - Start to delete container blocks, TXIDs=[1(33),2(33),3(33)], numOfContainers=3, numOfBlocks=553
2019-06-14 08:43:34,378 INFO  commandhandler.DeleteBlocksCommandHandler (DeleteBlocksCommandHandler.java:handle(106)) - Start to delete container blocks, TXIDs=[1(0),2(0),3(0)], numOfContainers=3, numOfBlocks=553
2019-06-14 08:43:34,378 INFO  commandhandler.DeleteBlocksCommandHandler (DeleteBlocksCommandHandler.java:handle(106)) - Start to delete container blocks, TXIDs=[1(0),2(0),3(0)], numOfContainers=3, numOfBlocks=553
2019-06-14 08:43:34,379 INFO  commandhandler.DeleteBlocksCommandHandler (DeleteBlocksCommandHandler.java:handle(106)) - Start to delete container blocks, TXIDs=[1(0),2(0),3(0)], numOfContainers=3, numOfBlocks=553
2019-06-14 08:43:34,379 INFO  commands.RetriableDatanodeEventWatcher (RetriableDatanodeEventWatcher.java:onTimeout(47)) - RetriableDatanodeCommand type=deleteBlocksCommand with id=1560501803634 timed out. Retrying.
2019-06-14 08:43:34,379 INFO  commandhandler.DeleteBlocksCommandHandler (DeleteBlocksCommandHandler.java:handle(106)) - Start to delete container blocks, TXIDs=[1(0),2(0),3(0)], numOfContainers=3, numOfBlocks=553
2019-06-14 08:43:34,380 INFO  commandhandler.DeleteBlocksCommandHandler (DeleteBlocksCommandHandler.java:handle(106)) - Start to delete container blocks, TXIDs=[1(0),2(0),3(0)], numOfContainers=3, numOfBlocks=553
2019-06-14 08:43:34,380 INFO  commandhandler.DeleteBlocksCommandHandler (DeleteBlocksCommandHandler.java:handle(106)) - Start to delete container blocks, TXIDs=[1(0),2(0),3(0)], numOfContainers=3, numOfBlocks=553
2019-06-14 08:43:34,381 INFO  commandhandler.DeleteBlocksCommandHandler (DeleteBlocksCommandHandler.java:handle(106)) - Start to delete container blocks, TXIDs=[1(0),2(0),3(0)], numOfContainers=3, numOfBlocks=553
2019-06-14 08:43:34,381 INFO  commandhandler.DeleteBlocksCommandHandler (DeleteBlocksCommandHandler.java:handle(106)) - Start to delete container blocks, TXIDs=[1(0),2(0),3(0)], numOfContainers=3, numOfBlocks=553
2019-06-14 08:43:34,382 INFO  commandhandler.DeleteBlocksCommandHandler (DeleteBlocksCommandHandler.java:handle(106)) - Start to delete container blocks, TXIDs=[1(0),2(0),3(0)], numOfContainers=3, numOfBlocks=553
2019-06-14 08:43:34,383 INFO  commandhandler.DeleteBlocksCommandHandler (DeleteBlocksCommandHandler.java:handle(106)) - Start to delete container blocks, TXIDs=[1(477),2(477),3(477)], numOfContainers=3, numOfBlocks=553
2019-06-14 08:43:34,383 INFO  commandhandler.DeleteBlocksCommandHandler (DeleteBlocksCommandHandler.java:handle(106)) - Start to delete container blocks, TXIDs=[1(0),2(0),3(0)], numOfContainers=3, numOfBlocks=553
2019-06-14 08:43:34,384 INFO  commandhandler.DeleteBlocksCommandHandler (DeleteBlocksCommandHandler.java:handle(106)) - Start to delete container blocks, TXIDs=[1(0),2(0),3(0)], numOfContainers=3, numOfBlocks=553
2019-06-14 08:43:34,385 INFO  commandhandler.DeleteBlocksCommandHandler (DeleteBlocksCommandHandler.java:handle(106)) - Start to delete container blocks, TXIDs=[1(0),2(0),3(0)], numOfContainers=3, numOfBlocks=553
2019-06-14 08:43:34,385 INFO  commandhandler.DeleteBlocksCommandHandler (DeleteBlocksCommandHandler.java:handle(106)) - Start to delete container blocks, TXIDs=[1(0),2(0),3(0)], numOfContainers=3, numOfBlocks=553
2019-06-14 08:43:34,386 INFO  commandhandler.DeleteBlocksCommandHandler (DeleteBlocksCommandHandler.java:handle(106)) - Start to delete container blocks, TXIDs=[1(0),2(0),3(0)], numOfContainers=3, numOfBlocks=553
2019-06-14 08:43:34,386 INFO  commandhandler.DeleteBlocksCommandHandler (DeleteBlocksCommandHandler.java:handle(106)) - Start to delete container blocks, TXIDs=[1(0),2(0),3(0)], numOfContainers=3, numOfBlocks=553
2019-06-14 08:43:34,387 INFO  commandhandler.DeleteBlocksCommandHandler (DeleteBlocksCommandHandler.java:handle(106)) - Start to delete container blocks, TXIDs=[1(0),2(0),3(0)], numOfContainers=3, numOfBlocks=553
2019-06-14 08:43:34,387 INFO  commands.RetriableDatanodeEventWatcher (RetriableDatanodeEventWatcher.java:onTimeout(47)) - RetriableDatanodeCommand type=deleteBlocksCommand with id=1560501803644 timed out. Retrying.
2019-06-14 08:43:34,387 INFO  commandhandler.DeleteBlocksCommandHandler (DeleteBlocksCommandHandler.java:handle(106)) - Start to delete container blocks, TXIDs=[1(0),2(0),3(0)], numOfContainers=3, numOfBlocks=553
2019-06-14 08:43:34,388 INFO  commandhandler.DeleteBlocksCommandHandler (DeleteBlocksCommandHandler.java:handle(106)) - Start to delete container blocks, TXIDs=[1(0),2(0),3(0)], numOfContainers=3, numOfBlocks=553
2019-06-14 08:43:34,389 INFO  commandhandler.DeleteBlocksCommandHandler (DeleteBlocksCommandHandler.java:handle(106)) - Start to delete container blocks, TXIDs=[1(477),2(477),3(477)], numOfContainers=3, numOfBlocks=553
2019-06-14 08:43:34,389 INFO  commandhandler.DeleteBlocksCommandHandler (DeleteBlocksCommandHandler.java:handle(106)) - Start to delete container blocks, TXIDs=[1(0),2(0),3(0)], numOfContainers=3, numOfBlocks=553
2019-06-14 08:43:34,390 INFO  commandhandler.DeleteBlocksCommandHandler (DeleteBlocksCommandHandler.java:handle(106)) - Start to delete container blocks, TXIDs=[1(0),2(0),3(0)], numOfContainers=3, numOfBlocks=553
2019-06-14 08:43:34,390 INFO  commandhandler.DeleteBlocksCommandHandler (DeleteBlocksCommandHandler.java:handle(106)) - Start to delete container blocks, TXIDs=[1(0),2(0),3(0)], numOfContainers=3, numOfBlocks=553
2019-06-14 08:43:34,391 INFO  commandhandler.DeleteBlocksCommandHandler (DeleteBlocksCommandHandler.java:handle(106)) - Start to delete container blocks, TXIDs=[1(0),2(0),3(0)], numOfContainers=3, numOfBlocks=553
2019-06-14 08:43:34,391 INFO  commandhandler.DeleteBlocksCommandHandler (DeleteBlocksCommandHandler.java:handle(106)) - Start to delete container blocks, TXIDs=[1(0),2(0),3(0)], numOfContainers=3, numOfBlocks=553
2019-06-14 08:43:34,392 INFO  commandhandler.DeleteBlocksCommandHandler (DeleteBlocksCommandHandler.java:handle(106)) - Start to delete container blocks, TXIDs=[1(0),2(0),3(0)], numOfContainers=3, numOfBlocks=553
2019-06-14 08:43:34,392 INFO  commandhandler.DeleteBlocksCommandHandler (DeleteBlocksCommandHandler.java:handle(106)) - Start to delete container blocks, TXIDs=[1(0),2(0),3(0)], numOfContainers=3, numOfBlocks=553
2019-06-14 08:43:34,393 INFO  commandhandler.DeleteBlocksCommandHandler (DeleteBlocksCommandHandler.java:handle(106)) - Start to delete container blocks, TXIDs=[1(0),2(0),3(0)], numOfContainers=3, numOfBlocks=553
2019-06-14 08:43:34,394 INFO  commandhandler.DeleteBlocksCommandHandler (DeleteBlocksCommandHandler.java:handle(106)) - Start to delete container blocks, TXIDs=[1(0),2(0),3(0)], numOfContainers=3, numOfBlocks=553
2019-06-14 08:43:34,394 INFO  commandhandler.DeleteBlocksCommandHandler (DeleteBlocksCommandHandler.java:handle(106)) - Start to delete container blocks, TXIDs=[1(477),2(477),3(477)], numOfContainers=3, numOfBlocks=553
2019-06-14 08:43:34,395 INFO  commandhandler.DeleteBlocksCommandHandler (DeleteBlocksCommandHandler.java:handle(106)) - Start to delete container blocks, TXIDs=[1(0),2(0),3(0)], numOfContainers=3, numOfBlocks=553
2019-06-14 08:43:34,395 INFO  commandhandler.DeleteBlocksCommandHandler (DeleteBlocksCommandHandler.java:handle(106)) - Start to delete container blocks, TXIDs=[1(0),2(0),3(0)], numOfContainers=3, numOfBlocks=553
2019-06-14 08:43:34,396 INFO  commandhandler.DeleteBlocksCommandHandler (DeleteBlocksCommandHandler.java:handle(106)) - Start to delete container blocks, TXIDs=[1(0),2(0),3(0)], numOfContainers=3, numOfBlocks=553
2019-06-14 08:43:34,397 INFO  commandhandler.DeleteBlocksCommandHandler (DeleteBlocksCommandHandler.java:handle(106)) - Start to delete container blocks, TXIDs=[1(0),2(0),3(0)], numOfContainers=3, numOfBlocks=553
2019-06-14 08:43:34,397 INFO  commandhandler.DeleteBlocksCommandHandler (DeleteBlocksCommandHandler.java:handle(106)) - Start to delete container blocks, TXIDs=[1(0),2(0),3(0)], numOfContainers=3, numOfBlocks=553
2019-06-14 08:43:34,398 INFO  commandhandler.DeleteBlocksCommandHandler (DeleteBlocksCommandHandler.java:handle(106)) - Start to delete container blocks, TXIDs=[1(0),2(0),3(0)], numOfContainers=3, numOfBlocks=553
2019-06-14 08:43:34,398 INFO  commandhandler.DeleteBlocksCommandHandler (DeleteBlocksCommandHandler.java:handle(106)) - Start to delete container blocks, TXIDs=[1(0),2(0),3(0)], numOfContainers=3, numOfBlocks=553
2019-06-14 08:43:34,399 INFO  commandhandler.DeleteBlocksCommandHandler (DeleteBlocksCommandHandler.java:handle(106)) - Start to delete container blocks, TXIDs=[1(0),2(0),3(0)], numOfContainers=3, numOfBlocks=553
2019-06-14 08:43:34,400 INFO  commandhandler.DeleteBlocksCommandHandler (DeleteBlocksCommandHandler.java:handle(106)) - Start to delete container blocks, TXIDs=[1(0),2(0),3(0)], numOfContainers=3, numOfBlocks=553
2019-06-14 08:43:34,401 INFO  commands.RetriableDatanodeEventWatcher (RetriableDatanodeEventWatcher.java:onTimeout(47)) - RetriableDatanodeCommand type=deleteBlocksCommand with id=1560501803654 timed out. Retrying.
2019-06-14 08:43:34,409 INFO  commandhandler.DeleteBlocksCommandHandler (DeleteBlocksCommandHandler.java:handle(106)) - Start to delete container blocks, TXIDs=[1(477),2(477),3(477)], numOfContainers=3, numOfBlocks=553
2019-06-14 08:43:34,409 INFO  commandhandler.DeleteBlocksCommandHandler (DeleteBlocksCommandHandler.java:handle(106)) - Start to delete container blocks, TXIDs=[1(0),2(0),3(0)], numOfContainers=3, numOfBlocks=553
2019-06-14 08:43:34,410 INFO  commandhandler.DeleteBlocksCommandHandler (DeleteBlocksCommandHandler.java:handle(106)) - Start to delete container blocks, TXIDs=[1(0),2(0),3(0)], numOfContainers=3, numOfBlocks=553
2019-06-14 08:43:34,410 INFO  commandhandler.DeleteBlocksCommandHandler (DeleteBlocksCommandHandler.java:handle(106)) - Start to delete container blocks, TXIDs=[1(0),2(0),3(0)], numOfContainers=3, numOfBlocks=553
SCMBlockDeletingService.java:call(138)) - Running DeletedBlockTransactionScanner
2019-06-14 08:43:34,410 INFO  commandhandler.DeleteBlocksCommandHandler (DeleteBlocksCommandHandler.java:handle(106)) - Start to delete container blocks, TXIDs=[1(0),2(0),3(0)], numOfContainers=3, numOfBlocks=553
2019-06-14 08:43:34,410 DEBUG block.SCMBlockDeletingService (SCMBlockDeletingService.java:call(155)) - Scanned deleted blocks log and got 0 delTX to process.
2019-06-14 08:43:34,411 INFO  commandhandler.DeleteBlocksCommandHandler (DeleteBlocksCommandHandler.java:handle(106)) - Start to delete container blocks, TXIDs=[1(0),2(0),3(0)], numOfContainers=3, numOfBlocks=553
2019-06-14 08:43:34,412 INFO  commandhandler.DeleteBlocksCommandHandler (DeleteBlocksCommandHandler.java:handle(106)) - Start to delete container blocks, TXIDs=[1(0),2(0),3(0)], numOfContainers=3, numOfBlocks=553
2019-06-14 08:43:34,412 INFO  commands.RetriableDatanodeEventWatcher (RetriableDatanodeEventWatcher.java:onTimeout(47)) - RetriableDatanodeCommand type=deleteBlocksCommand with id=1560501803605 timed out. Retrying.
2019-06-14 08:43:34,412 INFO  commandhandler.DeleteBlocksCommandHandler (DeleteBlocksCommandHandler.java:handle(106)) - Start to delete container blocks, TXIDs=[1(0),2(0),3(0)], numOfContainers=3, numOfBlocks=553
2019-06-14 08:43:34,413 INFO  commandhandler.DeleteBlocksCommandHandler (DeleteBlocksCommandHandler.java:handle(106)) - Start to delete container blocks, TXIDs=[1(0),2(0),3(0)], numOfContainers=3, numOfBlocks=553
2019-06-14 08:43:34,413 INFO  commandhandler.DeleteBlocksCommandHandler (DeleteBlocksCommandHandler.java:handle(106)) - Start to delete container blocks, TXIDs=[1(0),2(0),3(0)], numOfContainers=3, numOfBlocks=553
2019-06-14 08:43:34,414 INFO  commandhandler.DeleteBlocksCommandHandler (DeleteBlocksCommandHandler.java:handle(106)) - Start to delete container blocks, TXIDs=[1(0),2(0),3(0)], numOfContainers=3, numOfBlocks=553
2019-06-14 08:43:34,414 INFO  commandhandler.DeleteBlocksCommandHandler (DeleteBlocksCommandHandler.java:handle(106)) - Start to delete container blocks, TXIDs=[1(477),2(477),3(477)], numOfContainers=3, numOfBlocks=553
2019-06-14 08:43:34,415 INFO  commandhandler.DeleteBlocksCommandHandler (DeleteBlocksCommandHandler.java:handle(106)) - Start to delete container blocks, TXIDs=[1(0),2(0),3(0)], numOfContainers=3, numOfBlocks=553
2019-06-14 08:43:34,416 INFO  commandhandler.DeleteBlocksCommandHandler (DeleteBlocksCommandHandler.java:handle(106)) - Start to delete container blocks, TXIDs=[1(0),2(0),3(0)], numOfContainers=3, numOfBlocks=553
2019-06-14 08:43:34,416 INFO  commandhandler.DeleteBlocksCommandHandler (DeleteBlocksCommandHandler.java:handle(106)) - Start to delete container blocks, TXIDs=[1(0),2(0),3(0)], numOfContainers=3, numOfBlocks=553
2019-06-14 08:43:34,417 INFO  commandhandler.DeleteBlocksCommandHandler (DeleteBlocksCommandHandler.java:handle(106)) - Start to delete container blocks, TXIDs=[1(0),2(0),3(0)], numOfContainers=3, numOfBlocks=553
2019-06-14 08:43:34,417 INFO  commandhandler.DeleteBlocksCommandHandler (DeleteBlocksCommandHandler.java:handle(106)) - Start to delete container blocks, TXIDs=[1(0),2(0),3(0)], numOfContainers=3, numOfBlocks=553
2019-06-14 08:43:34,418 INFO  commandhandler.DeleteBlocksCommandHandler (DeleteBlocksCommandHandler.java:handle(106)) - Start to delete container blocks, TXIDs=[1(536),2(536),3(536)], numOfContainers=3, numOfBlocks=553
2019-06-14 08:43:34,418 INFO  commandhandler.DeleteBlocksCommandHandler (DeleteBlocksCommandHandler.java:handle(106)) - Start to delete container blocks, TXIDs=[1(0),2(0),3(0)], numOfContainers=3, numOfBlocks=553
2019-06-14 08:43:34,419 INFO  commandhandler.DeleteBlocksCommandHandler (DeleteBlocksCommandHandler.java:handle(106)) - Start to delete container blocks, TXIDs=[1(0),2(0),3(0)], numOfContainers=3, numOfBlocks=553
2019-06-14 08:43:34,420 INFO  commandhandler.DeleteBlocksCommandHandler (DeleteBlocksCommandHandler.java:handle(106)) - Start to delete container blocks, TXIDs=[1(0),2(0),3(0)], numOfContainers=3, numOfBlocks=553
2019-06-14 08:43:34,420 INFO  commands.RetriableDatanodeEventWatcher (RetriableDatanodeEventWatcher.java:onTimeout(47)) - RetriableDatanodeCommand type=deleteBlocksCommand with id=1560501803615 timed out. Retrying.
2019-06-14 08:43:34,420 INFO  commandhandler.DeleteBlocksCommandHandler (DeleteBlocksCommandHandler.java:handle(106)) - Start to delete container blocks, TXIDs=[1(0),2(0),3(0)], numOfContainers=3, numOfBlocks=553
2019-06-14 08:43:34,421 INFO  commandhandler.DeleteBlocksCommandHandler (RaftLogWorker.java:execute(469)) - 374189d0-76c5-49d2-81b4-45a4af1368a2-RaftLogWorker: created new log segment /opt/src/hadoop-ozone/integration-test/target/test-dir/MiniOzoneClusterImpl-1994f8b8-dd4d-445c-bf25-0c6d40f9b14d/datanode-0/data/ratis/dc81c04b-0653-47e2-a11b-0f599abd88cc/current/log_inprogress_0
2019-06-14 08:43:34,421 INFO  commandhandler.DeleteBlocksCommandHandler (DeleteBlocksCommandHandler.java:handle(106)) - Start to delete container blocks, TXIDs=[1(0),2(0),3(0)], numOfContainers=3, numOfBlocks=553
2019-06-14 08:43:34,421 INFO  commandhandler.DeleteBlocksCommandHandler (DeleteBlocksCommandHandler.java:handle(106)) - Start to delete container blocks, TXIDs=[1(0),2(0),3(0)], numOfContainers=3, numOfBlocks=553
2019-06-14 08:43:34,422 INFO  commandhandler.DeleteBlocksCommandHandler (DeleteBlocksCommandHandler.java:handle(106)) - Start to delete container blocks, TXIDs=[1(0),2(0),3(0)], numOfContainers=3, numOfBlocks=553
2019-06-14 08:43:34,422 INFO  commandhandler.DeleteBlocksCommandHandler (DeleteBlocksCommandHandler.java:handle(106)) - Start to delete container blocks, TXIDs=[1(0),2(0),3(0)], numOfContainers=3, numOfBlocks=553
2019-06-14 08:43:34,423 INFO  commandhandler.DeleteBlocksCommandHandler (DeleteBlocksCommandHandler.java:handle(106)) - Start to delete container blocks, TXIDs=[1(0),2(0),3(0)], numOfContainers=3, numOfBlocks=553
2019-06-14 08:43:34,424 INFO  commandhandler.DeleteBlocksCommandHandler (DeleteBlocksCommandHandler.java:handle(106)) - Start to delete container blocks, TXIDs=[1(0),2(0),3(0)], numOfContainers=3, numOfBlocks=553
2019-06-14 08:43:34,424 INFO  commandhandler.DeleteBlocksCommandHandler (DeleteBlocksCommandHandler.java:handle(106)) - Start to delete container blocks, TXIDs=[1(0),2(0),3(0)], numOfContainers=3, numOfBlocks=553
2019-06-14 08:43:34,425 INFO  commandhandler.DeleteBlocksCommandHandler (DeleteBlocksCommandHandler.java:handle(106)) - Start to delete container blocks, TXIDs=[1(0),2(0),3(0)], numOfContainers=3, numOfBlocks=553
2019-06-14 08:43:34,425 INFO  commandhandler.DeleteBlocksCommandHandler (DeleteBlocksCommandHandler.java:handle(106)) - Start to delete container blocks, TXIDs=[1(0),2(0),3(0)], numOfContainers=3, numOfBlocks=553
2019-06-14 08:43:34,426 INFO  commandhandler.DeleteBlocksCommandHandler (DeleteBlocksCommandHandler.java:handle(106)) - Start to delete container blocks, TXIDs=[1(0),2(0),3(0)], numOfContainers=3, numOfBlocks=553
2019-06-14 08:43:34,426 INFO  commandhandler.DeleteBlocksCommandHandler (DeleteBlocksCommandHandler.java:handle(106)) - Start to delete container blocks, TXIDs=[1(544),2(544),3(544)], numOfContainers=3, numOfBlocks=553
2019-06-14 08:43:34,427 INFO  commandhandler.DeleteBlocksCommandHandler (DeleteBlocksCommandHandler.java:handle(106)) - Start to delete container blocks, TXIDs=[1(0),2(0),3(0)], numOfContainers=3, numOfBlocks=553
2019-06-14 08:43:34,427 INFO  commandhandler.DeleteBlocksCommandHandler (DeleteBlocksCommandHandler.java:handle(106)) - Start to delete container blocks, TXIDs=[1(0),2(0),3(0)], numOfContainers=3, numOfBlocks=553
2019-06-14 08:43:34,428 INFO  commandhandler.DeleteBlocksCommandHandler (DeleteBlocksCommandHandler.java:handle(106)) - Start to delete container blocks, TXIDs=[1(0),2(0),3(0)], numOfContainers=3, numOfBlocks=553
2019-06-14 08:43:34,429 INFO  commandhandler.DeleteBlocksCommandHandler (DeleteBlocksCommandHandler.java:handle(106)) - Start to delete container blocks, TXIDs=[1(0),2(0),3(0)], numOfContainers=3, numOfBlocks=553
2019-06-14 08:43:34,429 INFO  commandhandler.DeleteBlocksCommandHandler (DeleteBlocksCommandHandler.java:handle(106)) - Start to delete container blocks, TXIDs=[1(0),2(0),3(0)], numOfContainers=3, numOfBlocks=553
2019-06-14 08:43:34,430 INFO  commandhandler.DeleteBlocksCommandHandler (DeleteBlocksCommandHandler.java:handle(106)) - Start to delete container blocks, TXIDs=[1(0),2(0),3(0)], numOfContainers=3, numOfBlocks=553
2019-06-14 08:43:34,430 INFO  commandhandler.DeleteBlocksCommandHandler (DeleteBlocksCommandHandler.java:handle(106)) - Start to delete container blocks, TXIDs=[1(0),2(0),3(0)], numOfContainers=3, numOfBlocks=553
2019-06-14 08:43:34,431 INFO  commandhandler.DeleteBlocksCommandHandler (DeleteBlocksCommandHandler.java:handle(106)) - Start to delete container blocks, TXIDs=[1(0),2(0),3(0)], numOfContainers=3, numOfBlocks=553
2019-06-14 08:43:34,431 INFO  commandhandler.DeleteBlocksCommandHandler (DeleteBlocksCommandHandler.java:handle(106)) - Start to delete container blocks, TXIDs=[1(0),2(0),3(0)], numOfContainers=3, numOfBlocks=553
2019-06-14 08:43:34,432 INFO  commandhandler.DeleteBlocksCommandHandler (DeleteBlocksCommandHandler.java:handle(106)) - Start to delete container blocks, TXIDs=[1(0),2(0),3(0)], numOfContainers=3, numOfBlocks=553
2019-06-14 08:43:34,432 INFO  commandhandler.DeleteBlocksCommandHandler (DeleteBlocksCommandHandler.java:handle(106)) - Start to delete container blocks, TXIDs=[1(558),2(558),3(558)], numOfContainers=3, numOfBlocks=553
2019-06-14 08:43:34,433 INFO  commandhandler.DeleteBlocksCommandHandler (DeleteBlocksCommandHandler.java:handle(106)) - Start to delete container blocks, TXIDs=[1(0),2(0),3(0)], numOfContainers=3, numOfBlocks=553
2019-06-14 08:43:34,434 INFO  commandhandler.DeleteBlocksCommandHandler (DeleteBlocksCommandHandler.java:handle(106)) - Start to delete container blocks, TXIDs=[1(0),2(0),3(0)], numOfContainers=3, numOfBlocks=553
2019-06-14 08:43:34,434 INFO  commandhandler.DeleteBlocksCommandHandler (DeleteBlocksCommandHandler.java:handle(106)) - Start to delete container blocks, TXIDs=[1(0),2(0),3(0)], numOfContainers=3, numOfBlocks=553
2019-06-14 08:43:34,435 INFO  commandhandler.DeleteBlocksCommandHandler (DeleteBlocksCommandHandler.java:handle(106)) - Start to delete container blocks, TXIDs=[1(0),2(0),3(0)], numOfContainers=3, numOfBlocks=553
2019-06-14 08:43:34,435 INFO  commandhandler.DeleteBlocksCommandHandler (DeleteBlocksCommandHandler.java:handle(106)) - Start to delete container blocks, TXIDs=[1(0),2(0),3(0)], numOfContainers=3, numOfBlocks=553
2019-06-14 08:43:34,436 INFO  commandhandler.DeleteBlocksCommandHandler (DeleteBlocksCommandHandler.java:handle(106)) - Start to delete container blocks, TXIDs=[1(0),2(0),3(0)], numOfContainers=3, numOfBlocks=553
2019-06-14 08:43:34,436 INFO  commandhandler.DeleteBlocksCommandHandler (DeleteBlocksCommandHandler.java:handle(106)) - Start to delete container blocks, TXIDs=[1(0),2(0),3(0)], numOfContainers=3, numOfBlocks=553
2019-06-14 08:43:34,437 INFO  commandhandler.DeleteBlocksCommandHandler (DeleteBlocksCommandHandler.java:handle(106)) - Start to delete container blocks, TXIDs=[1(0),2(0),3(0)], numOfContainers=3, numOfBlocks=553
2019-06-14 08:43:34,438 INFO  commandhandler.DeleteBlocksCommandHandler (DeleteBlocksCommandHandler.java:handle(106)) - Start to delete container blocks, TXIDs=[1(0),2(0),3(0)], numOfContainers=3, numOfBlocks=553
2019-06-14 08:43:34,438 INFO  commandhandler.DeleteBlocksCommandHandler (DeleteBlocksCommandHandler.java:handle(106)) - Start to delete container blocks, TXIDs=[1(0),2(0),3(0)], numOfContainers=3, numOfBlocks=553
2019-06-14 08:43:34,439 INFO  commandhandler.DeleteBlocksCommandHandler (DeleteBlocksCommandHandler.java:handle(106)) - Start to delete container blocks, TXIDs=[1(558),2(558),3(558)], numOfContainers=3, numOfBlocks=553
2019-06-14 08:43:34,439 INFO  commandhandler.DeleteBlocksCommandHandler (DeleteBlocksCommandHandler.java:handle(106)) - Start to delete container blocks, TXIDs=[1(0),2(0),3(0)], numOfContainers=3, numOfBlocks=553
2019-06-14 08:43:34,440 INFO  commandhandler.DeleteBlocksCommandHandler (DeleteBlocksCommandHandler.java:handle(106)) - Start to delete container blocks, TXIDs=[1(0),2(0),3(0)], numOfContainers=3, numOfBlocks=553
2019-06-14 08:43:34,440 INFO  commandhandler.DeleteBlocksCommandHandler (DeleteBlocksCommandHandler.java:handle(106)) - Start to delete container blocks, TXIDs=[1(0),2(0),3(0)], numOfContainers=3, numOfBlocks=553
2019-06-14 08:43:34,441 INFO  commandhandler.DeleteBlocksCommandHandler (DeleteBlocksCommandHandler.java:handle(106)) - Start to delete container blocks, TXIDs=[1(0),2(0),3(0)], numOfContainers=3, numOfBlocks=553
2019-06-14 08:43:34,442 INFO  commandhandler.DeleteBlocksCommandHandler (DeleteBlocksCommandHandler.java:handle(106)) - Start to delete container blocks, TXIDs=[1(0),2(0),3(0)], numOfContainers=3, numOfBlocks=553
2019-06-14 08:43:34,442 INFO  commandhandler.DeleteBlocksCommandHandler (DeleteBlocksCommandHandler.java:handle(106)) - Start to delete container blocks, TXIDs=[1(0),2(0),3(0)], numOfContainers=3, numOfBlocks=553
2019-06-14 08:43:34,443 INFO  commandhandler.DeleteBlocksCommandHandler (DeleteBlocksCommandHandler.java:handle(106)) - Start to delete container blocks, TXIDs=[1(0),2(0),3(0)], numOfContainers=3, numOfBlocks=553
2019-06-14 08:43:34,443 INFO  commandhandler.DeleteBlocksCommandHandler (DeleteBlocksCommandHandler.java:handle(106)) - Start to delete container blocks, TXIDs=[1(0),2(0),3(0)], numOfContainers=3, numOfBlocks=553
2019-06-14 08:43:34,444 INFO  commandhandler.DeleteBlocksCommandHandler (DeleteBlocksCommandHandler.java:handle(106)) - Start to delete container blocks, TXIDs=[1(33),2(33),3(33)], numOfContainers=3, numOfBlocks=553
2019-06-14 08:43:34,444 INFO  commandhandler.DeleteBlocksCommandHandler (DeleteBlocksCommandHandler.java:handle(106)) - Start to delete container blocks, TXIDs=[1(0),2(0),3(0)], numOfContainers=3, numOfBlocks=553
2019-06-14 08:43:34,445 INFO  commandhandler.DeleteBlocksCommandHandler (DeleteBlocksCommandHandler.java:handle(106)) - Start to delete container blocks, TXIDs=[1(579),2(579),3(579)], numOfContainers=3, numOfBlocks=553
2019-06-14 08:43:34,446 INFO  commandhandler.DeleteBlocksCommandHandler (DeleteBlocksCommandHandler.java:handle(106)) - Start to delete container blocks, TXIDs=[1(0),2(0),3(0)], numOfContainers=3, numOfBlocks=553
2019-06-14 08:43:34,446 INFO  commandhandler.DeleteBlocksCommandHandler (DeleteBlocksCommandHandler.java:handle(106)) - Start to delete container blocks, TXIDs=[1(0),2(0),3(0)], numOfContainers=3, numOfBlocks=553
2019-06-14 08:43:34,447 INFO  commandhandler.DeleteBlocksCommandHandler (DeleteBlocksCommandHandler.java:handle(106)) - Start to delete container blocks, TXIDs=[1(0),2(0),3(0)], numOfContainers=3, numOfBlocks=553
2019-06-14 08:43:34,447 INFO  commandhandler.DeleteBlocksCommandHandler (DeleteBlocksCommandHandler.java:handle(106)) - Start to delete container blocks, TXIDs=[1(0),2(0),3(0)], numOfContainers=3, numOfBlocks=553
2019-06-14 08:43:34,448 INFO  commandhandler.DeleteBlocksCommandHandler (DeleteBlocksCommandHandler.java:handle(106)) - Start to delete container blocks, TXIDs=[1(0),2(0),3(0)], numOfContainers=3, numOfBlocks=553
2019-06-14 08:43:34,448 INFO  commandhandler.DeleteBlocksCommandHandler (DeleteBlocksCommandHandler.java:handle(106)) - Start to delete container blocks, TXIDs=[1(0),2(0),3(0)], numOfContainers=3, numOfBlocks=553
2019-06-14 08:43:34,449 INFO  commandhandler.DeleteBlocksCommandHandler (DeleteBlocksCommandHandler.java:handle(106)) - Start to delete container blocks, TXIDs=[1(0),2(0),3(0)], numOfContainers=3, numOfBlocks=553
2019-06-14 08:43:34,449 INFO  commandhandler.DeleteBlocksCommandHandler (DeleteBlocksCommandHandler.java:handle(106)) - Start to delete container blocks, TXIDs=[1(0),2(0),3(0)], numOfContainers=3, numOfBlocks=553
2019-06-14 08:43:34,450 INFO  commandhandler.DeleteBlocksCommandHandler (DeleteBlocksCommandHandler.java:handle(106)) - Start to delete container blocks, TXIDs=[1(477),2(477),3(477)], numOfContainers=3, numOfBlocks=553
2019-06-14 08:43:34,450 INFO  commandhandler.DeleteBlocksCommandHandler (DeleteBlocksCommandHandler.java:handle(106)) - Start to delete container blocks, TXIDs=[1(0),2(0),3(0)], numOfContainers=3, numOfBlocks=553
2019-06-14 08:43:34,451 INFO  commandhandler.DeleteBlocksCommandHandler (DeleteBlocksCommandHandler.java:handle(106)) - Start to delete container blocks, TXIDs=[1(579),2(579),3(579)], numOfContainers=3, numOfBlocks=553
2019-06-14 08:43:34,451 INFO  commandhandler.DeleteBlocksCommandHandler (DeleteBlocksCommandHandler.java:handle(106)) - Start to delete container blocks, TXIDs=[1(0),2(0),3(0)], numOfContainers=3, numOfBlocks=553
2019-06-14 08:43:34,452 INFO  commandhandler.DeleteBlocksCommandHandler (DeleteBlocksCommandHandler.java:handle(106)) - Start to delete container blocks, TXIDs=[1(0),2(0),3(0)], numOfContainers=3, numOfBlocks=553
2019-06-14 08:43:34,453 INFO  commandhandler.DeleteBlocksCommandHandler (DeleteBlocksCommandHandler.java:handle(106)) - Start to delete container blocks, TXIDs=[1(0),2(0),3(0)], numOfContainers=3, numOfBlocks=553
2019-06-14 08:43:34,453 INFO  commandhandler.DeleteBlocksCommandHandler (DeleteBlocksCommandHandler.java:handle(106)) - Start to delete container blocks, TXIDs=[1(0),2(0),3(0)], numOfContainers=3, numOfBlocks=553
2019-06-14 08:43:34,454 INFO  commandhandler.DeleteBlocksCommandHandler (DeleteBlocksCommandHandler.java:handle(106)) - Start to delete container blocks, TXIDs=[1(0),2(0),3(0)], numOfContainers=3, numOfBlocks=553
2019-06-14 08:43:34,454 INFO  commandhandler.DeleteBlocksCommandHandler (DeleteBlocksCommandHandler.java:handle(106)) - Start to delete container blocks, TXIDs=[1(0),2(0),3(0)], numOfContainers=3, numOfBlocks=553
2019-06-14 08:43:34,455 INFO  commandhandler.DeleteBlocksCommandHandler (DeleteBlocksCommandHandler.java:handle(106)) - Start to delete container blocks, TXIDs=[1(0),2(0),3(0)], numOfContainers=3, numOfBlocks=553
2019-06-14 08:43:34,455 INFO  commandhandler.DeleteBlocksCommandHandler (DeleteBlocksCommandHandler.java:handle(106)) - Start to delete container blocks, TXIDs=[1(0),2(0),3(0)], numOfContainers=3, numOfBlocks=553
2019-06-14 08:43:34,456 INFO  commandhandler.DeleteBlocksCommandHandler (DeleteBlocksCommandHandler.java:handle(106)) - Start to delete container blocks, TXIDs=[1(477),2(477),3(477)], numOfContainers=3, numOfBlocks=553
2019-06-14 08:43:34,456 INFO  commandhandler.DeleteBlocksCommandHandler (DeleteBlocksCommandHandler.java:handle(106)) - Start to delete container blocks, TXIDs=[1(0),2(0),3(0)], numOfContainers=3, numOfBlocks=553
2019-06-14 08:43:34,457 INFO  commandhandler.DeleteBlocksCommandHandler (DeleteBlocksCommandHandler.java:handle(106)) - Start to delete container blocks, TXIDs=[1(601),2(601),3(601)], numOfContainers=3, numOfBlocks=553
2019-06-14 08:43:34,457 INFO  commandhandler.DeleteBlocksCommandHandler (DeleteBlocksCommandHandler.java:handle(106)) - Start to delete container blocks, TXIDs=[1(0),2(0),3(0)], numOfContainers=3, numOfBlocks=553
2019-06-14 08:43:34,458 INFO  commandhandler.DeleteBlocksCommandHandler (DeleteBlocksCommandHandler.java:handle(106)) - Start to delete container blocks, TXIDs=[1(0),2(0),3(0)], numOfContainers=3, numOfBlocks=553
2019-06-14 08:43:34,459 INFO  commandhandler.DeleteBlocksCommandHandler (DeleteBlocksCommandHandler.java:handle(106)) - Start to delete container blocks, TXIDs=[1(0),2(0),3(0)], numOfContainers=3, numOfBlocks=553
2019-06-14 08:43:34,459 INFO  commandhandler.DeleteBlocksCommandHandler (DeleteBlocksCommandHandler.java:handle(106)) - Start to delete container blocks, TXIDs=[1(0),2(0),3(0)], numOfContainers=3, numOfBlocks=553
2019-06-14 08:43:34,460 INFO  commandhandler.DeleteBlocksCommandHandler (DeleteBlocksCommandHandler.java:handle(106)) - Start to delete container blocks, TXIDs=[1(0),2(0),3(0)], numOfContainers=3, numOfBlocks=553
2019-06-14 08:43:34,460 INFO  commandhandler.DeleteBlocksCommandHandler (DeleteBlocksCommandHandler.java:handle(106)) - Start to delete container blocks, TXIDs=[1(0),2(0),3(0)], numOfContainers=3, numOfBlocks=553
2019-06-14 08:43:34,461 INFO  commandhandler.DeleteBlocksCommandHandler (DeleteBlocksCommandHandler.java:handle(106)) - Start to delete container blocks, TXIDs=[1(0),2(0),3(0)], numOfContainers=3, numOfBlocks=553
2019-06-14 08:43:34,461 INFO  commandhandler.DeleteBlocksCommandHandler (DeleteBlocksCommandHandler.java:handle(106)) - Start to delete container blocks, TXIDs=[1(0),2(0),3(0)], numOfContainers=3, numOfBlocks=553
2019-06-14 08:43:34,462 INFO  commandhandler.DeleteBlocksCommandHandler (DeleteBlocksCommandHandler.java:handle(106)) - Start to delete container blocks, TXIDs=[1(477),2(477),3(477)], numOfContainers=3, numOfBlocks=553
2019-06-14 08:43:34,462 INFO  commandhandler.DeleteBlocksCommandHandler (DeleteBlocksCommandHandler.java:handle(106)) - Start to delete container blocks, TXIDs=[1(0),2(0),3(0)], numOfContainers=3, numOfBlocks=553
2019-06-14 08:43:34,463 INFO  commandhandler.DeleteBlocksCommandHandler (DeleteBlocksCommandHandler.java:handle(106)) - Start to delete container blocks, TXIDs=[1(601),2(601),3(601)], numOfContainers=3, numOfBlocks=553
2019-06-14 08:43:34,463 INFO  commandhandler.DeleteBlocksCommandHandler (DeleteBlocksCommandHandler.java:handle(106)) - Start to delete container blocks, TXIDs=[1(0),2(0),3(0)], numOfContainers=3, numOfBlocks=553
2019-06-14 08:43:34,464 INFO  commandhandler.DeleteBlocksCommandHandler (DeleteBlocksCommandHandler.java:handle(106)) - Start to delete container blocks, TXIDs=[1(0),2(0),3(0)], numOfContainers=3, numOfBlocks=553
2019-06-14 08:43:34,465 INFO  commandhandler.DeleteBlocksCommandHandler (DeleteBlocksCommandHandler.java:handle(106)) - Start to delete container blocks, TXIDs=[1(0),2(0),3(0)], numOfContainers=3, numOfBlocks=553
2019-06-14 08:43:34,469 WARN  block.DeletedBlockLogImpl (DeletedBlockLogImpl.java:incrementCount(141)) - Deleted TXID not found.
2019-06-14 08:43:34,469 WARN  events.EventWatcher (EventWatcher.java:lambda$start$0(110)) - Completion event without active lease. Id=1560501803590
2019-06-14 08:43:34,470 WARN  events.EventWatcher (EventWatcher.java:lambda$start$0(110)) - Completion event without active lease. Id=1560501803591
2019-06-14 08:43:34,470 WARN  events.EventWatcher (EventWatcher.java:lambda$start$0(110)) - Completion event without active lease. Id=1560501803600
2019-06-14 08:43:34,470 WARN  events.EventWatcher (EventWatcher.java:lambda$start$0(110)) - Completion event without active lease. Id=1560501803560
2019-06-14 08:43:34,470 WARN  events.EventWatcher (EventWatcher.java:lambda$start$0(110)) - Completion event without active lease. Id=1560501803561
2019-06-14 08:43:34,470 WARN  events.EventWatcher (EventWatcher.java:lambda$start$0(110)) - Completion event without active lease. Id=1560501803580
2019-06-14 08:43:34,470 WARN  events.EventWatcher (EventWatcher.java:lambda$start$0(110)) - Completion event without active lease. Id=1560501803581
2019-06-14 08:43:34,470 WARN  events.EventWatcher (EventWatcher.java:lambda$start$0(110)) - Completion event without active lease. Id=1560501803570
2019-06-14 08:43:34,470 WARN  events.EventWatcher (EventWatcher.java:lambda$start$0(110)) - Completion event without active lease. Id=1560501803571
2019-06-14 08:43:34,469 WARN  block.DeletedBlockLogImpl (DeletedBlockLogImpl.java:incrementCount(141)) - Deleted TXID not found.
2019-06-14 08:43:34,470 WARN  block.DeletedBlockLogImpl (DeletedBlockLogImpl.java:incrementCount(141)) - Deleted TXID not found.
2019-06-14 08:43:34,470 DEBUG block.DeletedBlockLogImpl (DeletedBlockLogImpl.java:isTransactionFailed(245)) - Got block deletion ACK from datanode, TXIDs=1, success=true
2019-06-14 08:43:34,470 WARN  block.DeletedBlockLogImpl (DeletedBlockLogImpl.java:commitTransactions(205)) - Transaction txId=1 commit by dnId=374189d0-76c5-49d2-81b4-45a4af1368a2 for containerID=#1 failed. Corresponding entry not found.
2019-06-14 08:43:34,470 WARN  block.DeletedBlockLogImpl (DeletedBlockLogImpl.java:incrementCount(141)) - Deleted TXID not found.
2019-06-14 08:43:34,471 WARN  block.DeletedBlockLogImpl (DeletedBlockLogImpl.java:incrementCount(141)) - Deleted TXID not found.
2019-06-14 08:43:34,471 WARN  block.DeletedBlockLogImpl (DeletedBlockLogImpl.java:incrementCount(141)) - Deleted TXID not found.
2019-06-14 08:43:34,471 DEBUG block.DeletedBlockLogImpl (DeletedBlockLogImpl.java:isTransactionFailed(245)) - Got block deletion ACK from datanode, TXIDs=1, success=true
2019-06-14 08:43:34,471 WARN  block.DeletedBlockLogImpl (DeletedBlockLogImpl.java:commitTransactions(205)) - Transaction txId=1 commit by dnId=374189d0-76c5-49d2-81b4-45a4af1368a2 for containerID=#1 failed. Corresponding entry not found.
2019-06-14 08:43:34,471 WARN  block.DeletedBlockLogImpl (DeletedBlockLogImpl.java:incrementCount(141)) - Deleted TXID not found.
2019-06-14 08:43:34,471 WARN  block.DeletedBlockLogImpl (DeletedBlockLogImpl.java:incrementCount(141)) - Deleted TXID not found.
2019-06-14 08:43:34,471 WARN  block.DeletedBlockLogImpl (DeletedBlockLogImpl.java:incrementCount(141)) - Deleted TXID not found.
2019-06-14 08:43:34,471 DEBUG block.DeletedBlockLogImpl (DeletedBlockLogImpl.java:isTransactionFailed(245)) - Got block deletion ACK from datanode, TXIDs=1, success=true
2019-06-14 08:43:34,471 WARN  block.DeletedBlockLogImpl (DeletedBlockLogImpl.java:commitTransactions(205)) - Transaction txId=1 commit by dnId=374189d0-76c5-49d2-81b4-45a4af1368a2 for containerID=#1 failed. Corresponding entry not found.
2019-06-14 08:43:34,471 WARN  block.DeletedBlockLogImpl (DeletedBlockLogImpl.java:incrementCount(141)) - Deleted TXID not found.
2019-06-14 08:43:34,471 WARN  block.DeletedBlockLogImpl (DeletedBlockLogImpl.java:incrementCount(141)) - Deleted TXID not found.
2019-06-14 08:43:34,471 WARN  block.DeletedBlockLogImpl (DeletedBlockLogImpl.java:incrementCount(141)) - Deleted TXID not found.
2019-06-14 08:43:34,471 DEBUG block.DeletedBlockLogImpl (DeletedBlockLogImpl.java:isTransactionFailed(245)) - Got block deletion ACK from datanode, TXIDs=1, success=true
2019-06-14 08:43:34,471 WARN  block.DeletedBlockLogImpl (DeletedBlockLogImpl.java:commitTransactions(205)) - Transaction txId=1 commit by dnId=374189d0-76c5-49d2-81b4-45a4af1368a2 for containerID=#1 failed. Corresponding entry not found.
2019-06-14 08:43:34,471 WARN  block.DeletedBlockLogImpl (DeletedBlockLogImpl.java:incrementCount(141)) - Deleted TXID not found.
2019-06-14 08:43:34,471 WARN  block.DeletedBlockLogImpl (DeletedBlockLogImpl.java:incrementCount(141)) - Deleted TXID not found.
2019-06-14 08:43:34,471 WARN  block.DeletedBlockLogImpl (DeletedBlockLogImpl.java:incrementCount(141)) - Deleted TXID not found.
2019-06-14 08:43:34,472 DEBUG block.DeletedBlockLogImpl (DeletedBlockLogImpl.java:isTransactionFailed(245)) - Got block deletion ACK from datanode, TXIDs=1, success=true
2019-06-14 08:43:34,472 WARN  block.DeletedBlockLogImpl (DeletedBlockLogImpl.java:commitTransactions(205)) - Transaction txId=1 commit by dnId=374189d0-76c5-49d2-81b4-45a4af1368a2 for containerID=#1 failed. Corresponding entry not found.
2019-06-14 08:43:34,472 DEBUG block.DeletedBlockLogImpl (DeletedBlockLogImpl.java:isTransactionFailed(245)) - Got block deletion ACK from datanode, TXIDs=1, success=true
2019-06-14 08:43:34,472 WARN  block.DeletedBlockLogImpl (DeletedBlockLogImpl.java:commitTransactions(205)) - Transaction txId=1 commit by dnId=374189d0-76c5-49d2-81b4-45a4af1368a2 for containerID=#1 failed. Corresponding entry not found.
2019-06-14 08:43:34,472 DEBUG block.DeletedBlockLogImpl (DeletedBlockLogImpl.java:isTransactionFailed(245)) - Got block deletion ACK from datanode, TXIDs=1, success=true
2019-06-14 08:43:34,472 WARN  block.DeletedBlockLogImpl (DeletedBlockLogImpl.java:commitTransactions(205)) - Transaction txId=1 commit by dnId=374189d0-76c5-49d2-81b4-45a4af1368a2 for containerID=#1 failed. Corresponding entry not found.
2019-06-14 08:43:34,472 DEBUG block.DeletedBlockLogImpl (DeletedBlockLogImpl.java:isTransactionFailed(245)) - Got block deletion ACK from datanode, TXIDs=1, success=true
2019-06-14 08:43:34,472 WARN  block.DeletedBlockLogImpl (DeletedBlockLogImpl.java:commitTransactions(205)) - Transaction txId=1 commit by dnId=374189d0-76c5-49d2-81b4-45a4af1368a2 for containerID=#1 failed. Corresponding entry not found.
2019-06-14 08:43:34,472 DEBUG block.DeletedBlockLogImpl (DeletedBlockLogImpl.java:isTransactionFailed(245)) - Got block deletion ACK from datanode, TXIDs=1, success=true
2019-06-14 08:43:34,472 WARN  block.DeletedBlockLogImpl (DeletedBlockLogImpl.java:commitTransactions(205)) - Transaction txId=1 commit by dnId=374189d0-76c5-49d2-81b4-45a4af1368a2 for containerID=#1 failed. Corresponding entry not found.
2019-06-14 08:43:34,472 DEBUG block.DeletedBlockLogImpl (DeletedBlockLogImpl.java:isTransactionFailed(245)) - Got block deletion ACK from datanode, TXIDs=1, success=true
2019-06-14 08:43:34,472 WARN  block.DeletedBlockLogImpl (DeletedBlockLogImpl.java:commitTransactions(205)) - Transaction txId=1 commit by dnId=374189d0-76c5-49d2-81b4-45a4af1368a2 for containerID=#1 failed. Corresponding entry not found.
2019-06-14 08:43:34,472 DEBUG block.DeletedBlockLogImpl (DeletedBlockLogImpl.java:isTransactionFailed(245)) - Got block deletion ACK from datanode, TXIDs=1, success=true
2019-06-14 08:43:34,472 WARN  block.DeletedBlockLogImpl (DeletedBlockLogImpl.java:commitTransactions(205)) - Transaction txId=1 commit by dnId=374189d0-76c5-49d2-81b4-45a4af1368a2 for containerID=#1 failed. Corresponding entry not found.
2019-06-14 08:43:34,472 WARN  block.DeletedBlockLogImpl (DeletedBlockLogImpl.java:incrementCount(141)) - Deleted TXID not found.
2019-06-14 08:43:34,472 WARN  block.DeletedBlockLogImpl (DeletedBlockLogImpl.java:incrementCount(141)) - Deleted TXID not found.
2019-06-14 08:43:34,472 WARN  block.DeletedBlockLogImpl (DeletedBlockLogImpl.java:incrementCount(141)) - Deleted TXID not found.
2019-06-14 08:43:34,472 DEBUG block.DeletedBlockLogImpl (DeletedBlockLogImpl.java:isTransactionFailed(245)) - Got block deletion ACK from datanode, TXIDs=1, success=true
2019-06-14 08:43:34,472 WARN  block.DeletedBlockLogImpl (DeletedBlockLogImpl.java:commitTransactions(205)) - Transaction txId=1 commit by dnId=374189d0-76c5-49d2-81b4-45a4af1368a2 for containerID=#1 failed. Corresponding entry not found.
2019-06-14 08:43:34,472 WARN  block.DeletedBlockLogImpl (DeletedBlockLogImpl.java:incrementCount(141)) - Deleted TXID not found.
2019-06-14 08:43:34,473 WARN  block.DeletedBlockLogImpl (DeletedBlockLogImpl.java:incrementCount(141)) - Deleted TXID not found.
2019-06-14 08:43:34,473 WARN  block.DeletedBlockLogImpl (DeletedBlockLogImpl.java:incrementCount(141)) - Deleted TXID not found.
2019-06-14 08:43:34,473 WARN  block.DeletedBlockLogImpl (DeletedBlockLogImpl.java:incrementCount(141)) - Deleted TXID not found.
2019-06-14 08:43:34,473 WARN  block.DeletedBlockLogImpl (DeletedBlockLogImpl.java:incrementCount(141)) - Deleted TXID not found.
2019-06-14 08:43:34,473 WARN  block.DeletedBlockLogImpl (DeletedBlockLogImpl.java:incrementCount(141)) - Deleted TXID not found.
2019-06-14 08:43:34,473 WARN  block.DeletedBlockLogImpl (DeletedBlockLogImpl.java:incrementCount(141)) - Deleted TXID not found.
2019-06-14 08:43:34,473 WARN  block.DeletedBlockLogImpl (DeletedBlockLogImpl.java:incrementCount(141)) - Deleted TXID not found.
2019-06-14 08:43:34,473 WARN  block.DeletedBlockLogImpl (DeletedBlockLogImpl.java:incrementCount(141)) - Deleted TXID not found.
2019-06-14 08:43:34,473 WARN  block.DeletedBlockLogImpl (DeletedBlockLogImpl.java:incrementCount(141)) - Deleted TXID not found.
2019-06-14 08:43:34,473 WARN  block.DeletedBlockLogImpl (DeletedBlockLogImpl.java:incrementCount(141)) - Deleted TXID not found.
2019-06-14 08:43:34,473 WARN  block.DeletedBlockLogImpl (DeletedBlockLogImpl.java:incrementCount(141)) - Deleted TXID not found.
2019-06-14 08:43:34,473 WARN  block.DeletedBlockLogImpl (DeletedBlockLogImpl.java:incrementCount(141)) - Deleted TXID not found.
2019-06-14 08:43:34,473 WARN  block.DeletedBlockLogImpl (DeletedBlockLogImpl.java:incrementCount(141)) - Deleted TXID not found.
2019-06-14 08:43:34,473 WARN  block.DeletedBlockLogImpl (DeletedBlockLogImpl.java:incrementCount(141)) - Deleted TXID not found.
2019-06-14 08:43:34,473 WARN  block.DeletedBlockLogImpl (DeletedBlockLogImpl.java:incrementCount(141)) - Deleted TXID not found.
2019-06-14 08:43:34,473 WARN  block.DeletedBlockLogImpl (DeletedBlockLogImpl.java:incrementCount(141)) - Deleted TXID not found.
2019-06-14 08:43:34,474 WARN  block.DeletedBlockLogImpl (DeletedBlockLogImpl.java:incrementCount(141)) - Deleted TXID not found.
2019-06-14 08:43:34,474 WARN  block.DeletedBlockLogImpl (DeletedBlockLogImpl.java:incrementCount(141)) - Deleted TXID not found.
2019-06-14 08:43:34,474 WARN  block.DeletedBlockLogImpl (DeletedBlockLogImpl.java:incrementCount(141)) - Deleted TXID not found.
2019-06-14 08:43:34,474 WARN  block.DeletedBlockLogImpl (DeletedBlockLogImpl.java:incrementCount(141)) - Deleted TXID not found.
2019-06-14 08:43:34,474 WARN  block.DeletedBlockLogImpl (DeletedBlockLogImpl.java:incrementCount(141)) - Deleted TXID not found.
2019-06-14 08:43:34,474 WARN  block.DeletedBlockLogImpl (DeletedBlockLogImpl.java:incrementCount(141)) - Deleted TXID not found.
2019-06-14 08:43:34,474 WARN  block.DeletedBlockLogImpl (DeletedBlockLogImpl.java:incrementCount(141)) - Deleted TXID not found.
2019-06-14 08:43:34,478 DEBUG block.DeletedBlockLogImpl (DeletedBlockLogImpl.java:isTransactionFailed(245)) - Got block deletion ACK from datanode, TXIDs=1, success=true
2019-06-14 08:43:34,479 WARN  block.DeletedBlockLogImpl (DeletedBlockLogImpl.java:commitTransactions(205)) - Transaction txId=1 commit by dnId=374189d0-76c5-49d2-81b4-45a4af1368a2 for containerID=#1 failed. Corresponding entry not found.
2019-06-14 08:43:34,479 DEBUG block.DeletedBlockLogImpl (DeletedBlockLogImpl.java:isTransactionFailed(245)) - Got block deletion ACK from datanode, TXIDs=1, success=true
2019-06-14 08:43:34,479 WARN  block.DeletedBlockLogImpl (DeletedBlockLogImpl.java:commitTransactions(205)) - Transaction txId=1 commit by dnId=374189d0-76c5-49d2-81b4-45a4af1368a2 for containerID=#1 failed. Corresponding entry not found.
2019-06-14 08:43:34,479 DEBUG block.DeletedBlockLogImpl (DeletedBlockLogImpl.java:isTransactionFailed(245)) - Got block deletion ACK from datanode, TXIDs=1, success=true
2019-06-14 08:43:34,479 WARN  block.DeletedBlockLogImpl (DeletedBlockLogImpl.java:commitTransactions(205)) - Transaction txId=1 commit by dnId=374189d0-76c5-49d2-81b4-45a4af1368a2 for containerID=#1 failed. Corresponding entry not found.
2019-06-14 08:43:34,479 DEBUG block.DeletedBlockLogImpl (DeletedBlockLogImpl.java:isTransactionFailed(245)) - Got block deletion ACK from datanode, TXIDs=1, success=true
2019-06-14 08:43:34,479 WARN  block.DeletedBlockLogImpl (DeletedBlockLogImpl.java:commitTransactions(205)) - Transaction txId=1 commit by dnId=374189d0-76c5-49d2-81b4-45a4af1368a2 for containerID=#1 failed. Corresponding entry not found.
2019-06-14 08:43:34,479 DEBUG block.DeletedBlockLogImpl (DeletedBlockLogImpl.java:isTransactionFailed(245)) - Got block deletion ACK from datanode, TXIDs=1, success=true
2019-06-14 08:43:34,479 WARN  block.DeletedBlockLogImpl (DeletedBlockLogImpl.java:commitTransactions(205)) - Transaction txId=1 commit by dnId=374189d0-76c5-49d2-81b4-45a4af1368a2 for containerID=#1 failed. Corresponding entry not found.
2019-06-14 08:43:34,479 DEBUG block.DeletedBlockLogImpl (DeletedBlockLogImpl.java:isTransactionFailed(245)) - Got block deletion ACK from datanode, TXIDs=1, success=true
2019-06-14 08:43:34,479 WARN  block.DeletedBlockLogImpl (DeletedBlockLogImpl.java:commitTransactions(205)) - Transaction txId=1 commit by dnId=374189d0-76c5-49d2-81b4-45a4af1368a2 for containerID=#1 failed. Corresponding entry not found.
2019-06-14 08:43:34,479 DEBUG block.DeletedBlockLogImpl (DeletedBlockLogImpl.java:isTransactionFailed(245)) - Got block deletion ACK from datanode, TXIDs=1, success=true
2019-06-14 08:43:34,479 WARN  block.DeletedBlockLogImpl (DeletedBlockLogImpl.java:commitTransactions(205)) - Transaction txId=1 commit by dnId=374189d0-76c5-49d2-81b4-45a4af1368a2 for containerID=#1 failed. Corresponding entry not found.
2019-06-14 08:43:34,479 DEBUG block.DeletedBlockLogImpl (DeletedBlockLogImpl.java:isTransactionFailed(245)) - Got block deletion ACK from datanode, TXIDs=1, success=true
2019-06-14 08:43:34,479 WARN  block.DeletedBlockLogImpl (DeletedBlockLogImpl.java:commitTransactions(205)) - Transaction txId=1 commit by dnId=374189d0-76c5-49d2-81b4-45a4af1368a2 for containerID=#1 failed. Corresponding entry not found.
2019-06-14 08:43:34,479 DEBUG block.DeletedBlockLogImpl (DeletedBlockLogImpl.java:isTransactionFailed(245)) - Got block deletion ACK from datanode, TXIDs=1, success=true
2019-06-14 08:43:34,479 WARN  block.DeletedBlockLogImpl (DeletedBlockLogImpl.java:commitTransactions(205)) - Transaction txId=1 commit by dnId=374189d0-76c5-49d2-81b4-45a4af1368a2 for containerID=#1 failed. Corresponding entry not found.
2019-06-14 08:43:34,479 DEBUG block.DeletedBlockLogImpl (DeletedBlockLogImpl.java:isTransactionFailed(245)) - Got block deletion ACK from datanode, TXIDs=1, success=true
2019-06-14 08:43:34,479 WARN  block.DeletedBlockLogImpl (DeletedBlockLogImpl.java:commitTransactions(205)) - Transaction txId=1 commit by dnId=374189d0-76c5-49d2-81b4-45a4af1368a2 for containerID=#1 failed. Corresponding entry not found.
2019-06-14 08:43:34,480 DEBUG block.DeletedBlockLogImpl (DeletedBlockLogImpl.java:isTransactionFailed(245)) - Got block deletion ACK from datanode, TXIDs=1, success=true
2019-06-14 08:43:34,480 WARN  block.DeletedBlockLogImpl (DeletedBlockLogImpl.java:commitTransactions(205)) - Transaction txId=1 commit by dnId=374189d0-76c5-49d2-81b4-45a4af1368a2 for containerID=#1 failed. Corresponding entry not found.
2019-06-14 08:43:34,480 DEBUG block.DeletedBlockLogImpl (DeletedBlockLogImpl.java:isTransactionFailed(245)) - Got block deletion ACK from datanode, TXIDs=1, success=true
2019-06-14 08:43:34,480 WARN  block.DeletedBlockLogImpl (DeletedBlockLogImpl.java:commitTransactions(205)) - Transaction txId=1 commit by dnId=374189d0-76c5-49d2-81b4-45a4af1368a2 for containerID=#1 failed. Corresponding entry not found.
2019-06-14 08:43:34,480 DEBUG block.DeletedBlockLogImpl (DeletedBlockLogImpl.java:isTransactionFailed(245)) - Got block deletion ACK from datanode, TXIDs=1, success=true
2019-06-14 08:43:34,480 WARN  block.DeletedBlockLogImpl (DeletedBlockLogImpl.java:commitTransactions(205)) - Transaction txId=1 commit by dnId=374189d0-76c5-49d2-81b4-45a4af1368a2 for containerID=#1 failed. Corresponding entry not found.
2019-06-14 08:43:34,480 DEBUG block.DeletedBlockLogImpl (DeletedBlockLogImpl.java:isTransactionFailed(245)) - Got block deletion ACK from datanode, TXIDs=1, success=true
2019-06-14 08:43:34,480 WARN  block.DeletedBlockLogImpl (DeletedBlockLogImpl.java:commitTransactions(205)) - Transaction txId=1 commit by dnId=374189d0-76c5-49d2-81b4-45a4af1368a2 for containerID=#1 failed. Corresponding entry not found.
2019-06-14 08:43:34,480 DEBUG block.DeletedBlockLogImpl (DeletedBlockLogImpl.java:isTransactionFailed(245)) - Got block deletion ACK from datanode, TXIDs=1, success=true
2019-06-14 08:43:34,480 WARN  block.DeletedBlockLogImpl (DeletedBlockLogImpl.java:commitTransactions(205)) - Transaction txId=1 commit by dnId=374189d0-76c5-49d2-81b4-45a4af1368a2 for containerID=#1 failed. Corresponding entry not found.
2019-06-14 08:43:34,480 DEBUG block.DeletedBlockLogImpl (DeletedBlockLogImpl.java:isTransactionFailed(245)) - Got block deletion ACK from datanode, TXIDs=1, success=true
2019-06-14 08:43:34,480 WARN  block.DeletedBlockLogImpl (DeletedBlockLogImpl.java:commitTransactions(205)) - Transaction txId=1 commit by dnId=374189d0-76c5-49d2-81b4-45a4af1368a2 for containerID=#1 failed. Corresponding entry not found.
2019-06-14 08:43:34,480 DEBUG block.DeletedBlockLogImpl (DeletedBlockLogImpl.java:isTransactionFailed(245)) - Got block deletion ACK from datanode, TXIDs=1, success=true
2019-06-14 08:43:34,480 WARN  block.DeletedBlockLogImpl (DeletedBlockLogImpl.java:commitTransactions(205)) - Transaction txId=1 commit by dnId=374189d0-76c5-49d2-81b4-45a4af1368a2 for containerID=#1 failed. Corresponding entry not found.
2019-06-14 08:43:34,480 DEBUG block.DeletedBlockLogImpl (DeletedBlockLogImpl.java:isTransactionFailed(245)) - Got block deletion ACK from datanode, TXIDs=1, success=true
2019-06-14 08:43:34,480 WARN  block.DeletedBlockLogImpl (DeletedBlockLogImpl.java:commitTransactions(205)) - Transaction txId=1 commit by dnId=374189d0-76c5-49d2-81b4-45a4af1368a2 for containerID=#1 failed. Corresponding entry not found.
2019-06-14 08:43:34,481 DEBUG block.DeletedBlockLogImpl (DeletedBlockLogImpl.java:isTransactionFailed(245)) - Got block deletion ACK from datanode, TXIDs=1, success=true
2019-06-14 08:43:34,481 WARN  block.DeletedBlockLogImpl (DeletedBlockLogImpl.java:commitTransactions(205)) - Transaction txId=1 commit by dnId=374189d0-76c5-49d2-81b4-45a4af1368a2 for containerID=#1 failed. Corresponding entry not found.
2019-06-14 08:43:34,481 DEBUG block.DeletedBlockLogImpl (DeletedBlockLogImpl.java:isTransactionFailed(245)) - Got block deletion ACK from datanode, TXIDs=1, success=true
2019-06-14 08:43:34,481 WARN  block.DeletedBlockLogImpl (DeletedBlockLogImpl.java:commitTransactions(205)) - Transaction txId=1 commit by dnId=374189d0-76c5-49d2-81b4-45a4af1368a2 for containerID=#1 failed. Corresponding entry not found.
2019-06-14 08:43:34,481 DEBUG block.DeletedBlockLogImpl (DeletedBlockLogImpl.java:isTransactionFailed(245)) - Got block deletion ACK from datanode, TXIDs=1, success=true
2019-06-14 08:43:34,481 WARN  block.DeletedBlockLogImpl (DeletedBlockLogImpl.java:commitTransactions(205)) - Transaction txId=1 commit by dnId=374189d0-76c5-49d2-81b4-45a4af1368a2 for containerID=#1 failed. Corresponding entry not found.
2019-06-14 08:43:34,481 DEBUG block.DeletedBlockLogImpl (DeletedBlockLogImpl.java:isTransactionFailed(245)) - Got block deletion ACK from datanode, TXIDs=1, success=true
2019-06-14 08:43:34,481 WARN  block.DeletedBlockLogImpl (DeletedBlockLogImpl.java:commitTransactions(205)) - Transaction txId=1 commit by dnId=374189d0-76c5-49d2-81b4-45a4af1368a2 for containerID=#1 failed. Corresponding entry not found.
2019-06-14 08:43:34,481 DEBUG block.DeletedBlockLogImpl (DeletedBlockLogImpl.java:isTransactionFailed(245)) - Got block deletion ACK from datanode, TXIDs=1, success=true
2019-06-14 08:43:34,481 WARN  block.DeletedBlockLogImpl (DeletedBlockLogImpl.java:commitTransactions(205)) - Transaction txId=1 commit by dnId=374189d0-76c5-49d2-81b4-45a4af1368a2 for containerID=#1 failed. Corresponding entry not found.
2019-06-14 08:43:34,481 DEBUG block.DeletedBlockLogImpl (DeletedBlockLogImpl.java:isTransactionFailed(245)) - Got block deletion ACK from datanode, TXIDs=1, success=true
2019-06-14 08:43:34,481 WARN  block.DeletedBlockLogImpl (DeletedBlockLogImpl.java:commitTransactions(205)) - Transaction txId=1 commit by dnId=374189d0-76c5-49d2-81b4-45a4af1368a2 for containerID=#1 failed. Corresponding entry not found.
2019-06-14 08:43:34,481 DEBUG block.DeletedBlockLogImpl (DeletedBlockLogImpl.java:isTransactionFailed(245)) - Got block deletion ACK from datanode, TXIDs=1, success=true
2019-06-14 08:43:34,481 WARN  block.DeletedBlockLogImpl (DeletedBlockLogImpl.java:commitTransactions(205)) - Transaction txId=1 commit by dnId=374189d0-76c5-49d2-81b4-45a4af1368a2 for containerID=#1 failed. Corresponding entry not found.
2019-06-14 08:43:34,481 DEBUG block.DeletedBlockLogImpl (DeletedBlockLogImpl.java:isTransactionFailed(245)) - Got block deletion ACK from datanode, TXIDs=1, success=true
2019-06-14 08:43:34,481 WARN  block.DeletedBlockLogImpl (DeletedBlockLogImpl.java:commitTransactions(205)) - Transaction txId=1 commit by dnId=374189d0-76c5-49d2-81b4-45a4af1368a2 for containerID=#1 failed. Corresponding entry not found.
2019-06-14 08:43:34,481 DEBUG block.DeletedBlockLogImpl (DeletedBlockLogImpl.java:isTransactionFailed(245)) - Got block deletion ACK from datanode, TXIDs=1, success=true
2019-06-14 08:43:34,481 WARN  block.DeletedBlockLogImpl (DeletedBlockLogImpl.java:commitTransactions(205)) - Transaction txId=1 commit by dnId=374189d0-76c5-49d2-81b4-45a4af1368a2 for containerID=#1 failed. Corresponding entry not found.
2019-06-14 08:43:34,481 DEBUG block.DeletedBlockLogImpl (DeletedBlockLogImpl.java:isTransactionFailed(245)) - Got block deletion ACK from datanode, TXIDs=1, success=true
2019-06-14 08:43:34,482 WARN  block.DeletedBlockLogImpl (DeletedBlockLogImpl.java:commitTransactions(205)) - Transaction txId=1 commit by dnId=374189d0-76c5-49d2-81b4-45a4af1368a2 for containerID=#1 failed. Corresponding entry not found.
2019-06-14 08:43:34,482 DEBUG block.DeletedBlockLogImpl (DeletedBlockLogImpl.java:isTransactionFailed(245)) - Got block deletion ACK from datanode, TXIDs=1, success=true
2019-06-14 08:43:34,482 WARN  block.DeletedBlockLogImpl (DeletedBlockLogImpl.java:commitTransactions(205)) - Transaction txId=1 commit by dnId=374189d0-76c5-49d2-81b4-45a4af1368a2 for containerID=#1 failed. Corresponding entry not found.
2019-06-14 08:43:34,482 DEBUG block.DeletedBlockLogImpl (DeletedBlockLogImpl.java:isTransactionFailed(245)) - Got block deletion ACK from datanode, TXIDs=1, success=true
2019-06-14 08:43:34,482 WARN  block.DeletedBlockLogImpl (DeletedBlockLogImpl.java:commitTransactions(205)) - Transaction txId=1 commit by dnId=374189d0-76c5-49d2-81b4-45a4af1368a2 for containerID=#1 failed. Corresponding entry not found.
2019-06-14 08:43:34,482 DEBUG block.DeletedBlockLogImpl (DeletedBlockLogImpl.java:isTransactionFailed(245)) - Got block deletion ACK from datanode, TXIDs=1, success=true
2019-06-14 08:43:34,482 WARN  block.DeletedBlockLogImpl (DeletedBlockLogImpl.java:commitTransactions(205)) - Transaction txId=1 commit by dnId=374189d0-76c5-49d2-81b4-45a4af1368a2 for containerID=#1 failed. Corresponding entry not found.
2019-06-14 08:43:34,482 DEBUG block.DeletedBlockLogImpl (DeletedBlockLogImpl.java:isTransactionFailed(245)) - Got block deletion ACK from datanode, TXIDs=1, success=true
2019-06-14 08:43:34,482 WARN  block.DeletedBlockLogImpl (DeletedBlockLogImpl.java:commitTransactions(205)) - Transaction txId=1 commit by dnId=374189d0-76c5-49d2-81b4-45a4af1368a2 for containerID=#1 failed. Corresponding entry not found.
2019-06-14 08:43:34,482 DEBUG block.DeletedBlockLogImpl (DeletedBlockLogImpl.java:isTransactionFailed(245)) - Got block deletion ACK from datanode, TXIDs=1, success=true
2019-06-14 08:43:34,482 WARN  block.DeletedBlockLogImpl (DeletedBlockLogImpl.java:commitTransactions(205)) - Transaction txId=1 commit by dnId=374189d0-76c5-49d2-81b4-45a4af1368a2 for containerID=#1 failed. Corresponding entry not found.
2019-06-14 08:43:34,503 INFO  commands.RetriableDatanodeEventWatcher (RetriableDatanodeEventWatcher.java:onTimeout(47)) - RetriableDatanodeCommand type=deleteBlocksCommand with id=1560501803655 timed out. Retrying.
2019-06-14 08:43:34,504 INFO  commands.RetriableDatanodeEventWatcher (RetriableDatanodeEventWatcher.java:onTimeout(47)) - RetriableDatanodeCommand type=deleteBlocksCommand with id=1560501803645 timed out. Retrying.
2019-06-14 08:43:34,511 DEBUG block.SCMBlockDeletingService (SCMBlockDeletingService.java:call(138)) - Running DeletedBlockTransactionScanner
2019-06-14 08:43:34,511 DEBUG block.SCMBlockDeletingService (SCMBlockDeletingService.java:call(155)) - Scanned deleted blocks log and got 0 delTX to process.
2019-06-14 08:43:34,589 INFO  commands.RetriableDatanodeEventWatcher (RetriableDatanodeEventWatcher.java:onTimeout(47)) - RetriableDatanodeCommand type=deleteBlocksCommand with id=1560501803646 timed out. Retrying.
2019-06-14 08:43:34,603 INFO  commands.RetriableDatanodeEventWatcher (RetriableDatanodeEventWatcher.java:onTimeout(47)) - RetriableDatanodeCommand type=deleteBlocksCommand with id=1560501803656 timed out. Retrying.
2019-06-14 08:43:34,611 DEBUG block.SCMBlockDeletingService (SCMBlockDeletingService.java:call(138)) - Running DeletedBlockTransactionScanner
2019-06-14 08:43:34,611 DEBUG block.SCMBlockDeletingService (SCMBlockDeletingService.java:call(155)) - Scanned deleted blocks log and got 0 delTX to process.
2019-06-14 08:43:34,669 WARN  block.DeletedBlockLogImpl (DeletedBlockLogImpl.java:incrementCount(141)) - Deleted TXID not found.
2019-06-14 08:43:34,669 WARN  block.DeletedBlockLogImpl (DeletedBlockLogImpl.java:incrementCount(141)) - Deleted TXID not found.
2019-06-14 08:43:34,669 WARN  events.EventWatcher (EventWatcher.java:lambda$start$0(110)) - Completion event without active lease. Id=1560501803592
2019-06-14 08:43:34,669 WARN  block.DeletedBlockLogImpl (DeletedBlockLogImpl.java:incrementCount(141)) - Deleted TXID not found.
2019-06-14 08:43:34,669 WARN  events.EventWatcher (EventWatcher.java:lambda$start$0(110)) - Completion event without active lease. Id=1560501803593
2019-06-14 08:43:34,669 WARN  block.DeletedBlockLogImpl (DeletedBlockLogImpl.java:incrementCount(141)) - Deleted TXID not found.
2019-06-14 08:43:34,669 WARN  events.EventWatcher (EventWatcher.java:lambda$start$0(110)) - Completion event without active lease. Id=1560501803612
2019-06-14 08:43:34,669 WARN  block.DeletedBlockLogImpl (DeletedBlockLogImpl.java:incrementCount(141)) - Deleted TXID not found.
2019-06-14 08:43:34,669 WARN  events.EventWatcher (EventWatcher.java:lambda$start$0(110)) - Completion event without active lease. Id=1560501803613
2019-06-14 08:43:34,669 WARN  block.DeletedBlockLogImpl (DeletedBlockLogImpl.java:incrementCount(141)) - Deleted TXID not found.
2019-06-14 08:43:34,670 WARN  events.EventWatcher (EventWatcher.java:lambda$start$0(110)) - Completion event without active lease. Id=1560501803602
2019-06-14 08:43:34,670 WARN  block.DeletedBlockLogImpl (DeletedBlockLogImpl.java:incrementCount(141)) - Deleted TXID not found.
2019-06-14 08:43:34,670 WARN  events.EventWatcher (EventWatcher.java:lambda$start$0(110)) - Completion event without active lease. Id=1560501803603
2019-06-14 08:43:34,670 WARN  block.DeletedBlockLogImpl (DeletedBlockLogImpl.java:incrementCount(141)) - Deleted TXID not found.
2019-06-14 08:43:34,670 WARN  events.EventWatcher (EventWatcher.java:lambda$start$0(110)) - Completion event without active lease. Id=1560501803631
2019-06-14 08:43:34,670 WARN  block.DeletedBlockLogImpl (DeletedBlockLogImpl.java:incrementCount(141)) - Deleted TXID not found.
2019-06-14 08:43:34,670 WARN  events.EventWatcher (EventWatcher.java:lambda$start$0(110)) - Completion event without active lease. Id=1560501803622
2019-06-14 08:43:34,670 WARN  block.DeletedBlockLogImpl (DeletedBlockLogImpl.java:incrementCount(141)) - Deleted TXID not found.
2019-06-14 08:43:34,670 WARN  block.DeletedBlockLogImpl (DeletedBlockLogImpl.java:incrementCount(141)) - Deleted TXID not found.
2019-06-14 08:43:34,670 WARN  block.DeletedBlockLogImpl (DeletedBlockLogImpl.java:incrementCount(141)) - Deleted TXID not found.
2019-06-14 08:43:34,673 DEBUG block.DeletedBlockLogImpl (DeletedBlockLogImpl.java:isTransactionFailed(245)) - Got block deletion ACK from datanode, TXIDs=1, success=true
2019-06-14 08:43:34,673 WARN  block.DeletedBlockLogImpl (DeletedBlockLogImpl.java:commitTransactions(205)) - Transaction txId=1 commit by dnId=374189d0-76c5-49d2-81b4-45a4af1368a2 for containerID=#1 failed. Corresponding entry not found.
2019-06-14 08:43:34,673 DEBUG block.DeletedBlockLogImpl (DeletedBlockLogImpl.java:isTransactionFailed(245)) - Got block deletion ACK from datanode, TXIDs=1, success=true
2019-06-14 08:43:34,670 WARN  events.EventWatcher (EventWatcher.java:lambda$start$0(110)) - Completion event without active lease. Id=1560501803623
2019-06-14 08:43:34,673 WARN  block.DeletedBlockLogImpl (DeletedBlockLogImpl.java:commitTransactions(205)) - Transaction txId=1 commit by dnId=374189d0-76c5-49d2-81b4-45a4af1368a2 for containerID=#1 failed. Corresponding entry not found.
2019-06-14 08:43:34,673 WARN  events.EventWatcher (EventWatcher.java:lambda$start$0(110)) - Completion event without active lease. Id=1560501803632
2019-06-14 08:43:34,673 DEBUG block.DeletedBlockLogImpl (DeletedBlockLogImpl.java:isTransactionFailed(245)) - Got block deletion ACK from datanode, TXIDs=1, success=true
2019-06-14 08:43:34,673 WARN  events.EventWatcher (EventWatcher.java:lambda$start$0(110)) - Completion event without active lease. Id=1560501803562
2019-06-14 08:43:34,673 WARN  events.EventWatcher (EventWatcher.java:lambda$start$0(110)) - Completion event without active lease. Id=1560501803563
2019-06-14 08:43:34,673 WARN  events.EventWatcher (EventWatcher.java:lambda$start$0(110)) - Completion event without active lease. Id=1560501803582
2019-06-14 08:43:34,674 WARN  events.EventWatcher (EventWatcher.java:lambda$start$0(110)) - Completion event without active lease. Id=1560501803583
2019-06-14 08:43:34,673 WARN  block.DeletedBlockLogImpl (DeletedBlockLogImpl.java:commitTransactions(205)) - Transaction txId=1 commit by dnId=374189d0-76c5-49d2-81b4-45a4af1368a2 for containerID=#1 failed. Corresponding entry not found.
2019-06-14 08:43:34,674 WARN  events.EventWatcher (EventWatcher.java:lambda$start$0(110)) - Completion event without active lease. Id=1560501803572
2019-06-14 08:43:34,674 DEBUG block.DeletedBlockLogImpl (DeletedBlockLogImpl.java:isTransactionFailed(245)) - Got block deletion ACK from datanode, TXIDs=1, success=true
2019-06-14 08:43:34,674 WARN  events.EventWatcher (EventWatcher.java:lambda$start$0(110)) - Completion event without active lease. Id=1560501803573
2019-06-14 08:43:34,674 WARN  block.DeletedBlockLogImpl (DeletedBlockLogImpl.java:commitTransactions(205)) - Transaction txId=1 commit by dnId=374189d0-76c5-49d2-81b4-45a4af1368a2 for containerID=#1 failed. Corresponding entry not found.
2019-06-14 08:43:34,674 DEBUG block.DeletedBlockLogImpl (DeletedBlockLogImpl.java:isTransactionFailed(245)) - Got block deletion ACK from datanode, TXIDs=1, success=true
2019-06-14 08:43:34,674 WARN  block.DeletedBlockLogImpl (DeletedBlockLogImpl.java:commitTransactions(205)) - Transaction txId=1 commit by dnId=374189d0-76c5-49d2-81b4-45a4af1368a2 for containerID=#1 failed. Corresponding entry not found.
2019-06-14 08:43:34,674 DEBUG block.DeletedBlockLogImpl (DeletedBlockLogImpl.java:isTransactionFailed(245)) - Got block deletion ACK from datanode, TXIDs=1, success=true
2019-06-14 08:43:34,674 WARN  block.DeletedBlockLogImpl (DeletedBlockLogImpl.java:commitTransactions(205)) - Transaction txId=1 commit by dnId=374189d0-76c5-49d2-81b4-45a4af1368a2 for containerID=#1 failed. Corresponding entry not found.
2019-06-14 08:43:34,674 DEBUG block.DeletedBlockLogImpl (DeletedBlockLogImpl.java:isTransactionFailed(245)) - Got block deletion ACK from datanode, TXIDs=1, success=true
2019-06-14 08:43:34,674 WARN  block.DeletedBlockLogImpl (DeletedBlockLogImpl.java:commitTransactions(205)) - Transaction txId=1 commit by dnId=374189d0-76c5-49d2-81b4-45a4af1368a2 for containerID=#1 failed. Corresponding entry not found.
2019-06-14 08:43:34,674 DEBUG block.DeletedBlockLogImpl (DeletedBlockLogImpl.java:isTransactionFailed(245)) - Got block deletion ACK from datanode, TXIDs=1, success=true
2019-06-14 08:43:34,674 WARN  block.DeletedBlockLogImpl (DeletedBlockLogImpl.java:commitTransactions(205)) - Transaction txId=1 commit by dnId=374189d0-76c5-49d2-81b4-45a4af1368a2 for containerID=#1 failed. Corresponding entry not found.
2019-06-14 08:43:34,674 DEBUG block.DeletedBlockLogImpl (DeletedBlockLogImpl.java:isTransactionFailed(245)) - Got block deletion ACK from datanode, TXIDs=1, success=true
2019-06-14 08:43:34,675 WARN  block.DeletedBlockLogImpl (DeletedBlockLogImpl.java:commitTransactions(205)) - Transaction txId=1 commit by dnId=374189d0-76c5-49d2-81b4-45a4af1368a2 for containerID=#1 failed. Corresponding entry not found.
2019-06-14 08:43:34,675 DEBUG block.DeletedBlockLogImpl (DeletedBlockLogImpl.java:isTransactionFailed(245)) - Got block deletion ACK from datanode, TXIDs=1, success=true
2019-06-14 08:43:34,675 WARN  block.DeletedBlockLogImpl (DeletedBlockLogImpl.java:commitTransactions(205)) - Transaction txId=1 commit by dnId=374189d0-76c5-49d2-81b4-45a4af1368a2 for containerID=#1 failed. Corresponding entry not found.
2019-06-14 08:43:34,675 DEBUG block.DeletedBlockLogImpl (DeletedBlockLogImpl.java:isTransactionFailed(245)) - Got block deletion ACK from datanode, TXIDs=1, success=true
2019-06-14 08:43:34,675 WARN  block.DeletedBlockLogImpl (DeletedBlockLogImpl.java:commitTransactions(205)) - Transaction txId=1 commit by dnId=374189d0-76c5-49d2-81b4-45a4af1368a2 for containerID=#1 failed. Corresponding entry not found.
2019-06-14 08:43:34,675 DEBUG block.DeletedBlockLogImpl (DeletedBlockLogImpl.java:isTransactionFailed(245)) - Got block deletion ACK from datanode, TXIDs=1, success=true
2019-06-14 08:43:34,675 WARN  block.DeletedBlockLogImpl (DeletedBlockLogImpl.java:commitTransactions(205)) - Transaction txId=1 commit by dnId=374189d0-76c5-49d2-81b4-45a4af1368a2 for containerID=#1 failed. Corresponding entry not found.
2019-06-14 08:43:34,675 DEBUG block.DeletedBlockLogImpl (DeletedBlockLogImpl.java:isTransactionFailed(245)) - Got block deletion ACK from datanode, TXIDs=1, success=true
2019-06-14 08:43:34,675 WARN  block.DeletedBlockLogImpl (DeletedBlockLogImpl.java:commitTransactions(205)) - Transaction txId=1 commit by dnId=374189d0-76c5-49d2-81b4-45a4af1368a2 for containerID=#1 failed. Corresponding entry not found.
2019-06-14 08:43:34,675 DEBUG block.DeletedBlockLogImpl (DeletedBlockLogImpl.java:isTransactionFailed(245)) - Got block deletion ACK from datanode, TXIDs=1, success=true
2019-06-14 08:43:34,675 WARN  block.DeletedBlockLogImpl (DeletedBlockLogImpl.java:commitTransactions(205)) - Transaction txId=1 commit by dnId=374189d0-76c5-49d2-81b4-45a4af1368a2 for containerID=#1 failed. Corresponding entry not found.
2019-06-14 08:43:34,675 DEBUG block.DeletedBlockLogImpl (DeletedBlockLogImpl.java:isTransactionFailed(245)) - Got block deletion ACK from datanode, TXIDs=1, success=true
2019-06-14 08:43:34,675 WARN  block.DeletedBlockLogImpl (DeletedBlockLogImpl.java:commitTransactions(205)) - Transaction txId=1 commit by dnId=374189d0-76c5-49d2-81b4-45a4af1368a2 for containerID=#1 failed. Corresponding entry not found.
2019-06-14 08:43:34,675 DEBUG block.DeletedBlockLogImpl (DeletedBlockLogImpl.java:isTransactionFailed(245)) - Got block deletion ACK from datanode, TXIDs=1, success=true
2019-06-14 08:43:34,675 WARN  block.DeletedBlockLogImpl (DeletedBlockLogImpl.java:commitTransactions(205)) - Transaction txId=1 commit by dnId=374189d0-76c5-49d2-81b4-45a4af1368a2 for containerID=#1 failed. Corresponding entry not found.
2019-06-14 08:43:34,675 DEBUG block.DeletedBlockLogImpl (DeletedBlockLogImpl.java:isTransactionFailed(245)) - Got block deletion ACK from datanode, TXIDs=1, success=true
2019-06-14 08:43:34,676 WARN  block.DeletedBlockLogImpl (DeletedBlockLogImpl.java:commitTransactions(205)) - Transaction txId=1 commit by dnId=374189d0-76c5-49d2-81b4-45a4af1368a2 for containerID=#1 failed. Corresponding entry not found.
2019-06-14 08:43:34,676 DEBUG block.DeletedBlockLogImpl (DeletedBlockLogImpl.java:isTransactionFailed(245)) - Got block deletion ACK from datanode, TXIDs=1, success=true
2019-06-14 08:43:34,676 WARN  block.DeletedBlockLogImpl (DeletedBlockLogImpl.java:commitTransactions(205)) - Transaction txId=1 commit by dnId=374189d0-76c5-49d2-81b4-45a4af1368a2 for containerID=#1 failed. Corresponding entry not found.
2019-06-14 08:43:34,676 DEBUG block.DeletedBlockLogImpl (DeletedBlockLogImpl.java:isTransactionFailed(245)) - Got block deletion ACK from datanode, TXIDs=1, success=true
2019-06-14 08:43:34,676 WARN  block.DeletedBlockLogImpl (DeletedBlockLogImpl.java:commitTransactions(205)) - Transaction txId=1 commit by dnId=374189d0-76c5-49d2-81b4-45a4af1368a2 for containerID=#1 failed. Corresponding entry not found.
2019-06-14 08:43:34,676 DEBUG block.DeletedBlockLogImpl (DeletedBlockLogImpl.java:isTransactionFailed(245)) - Got block deletion ACK from datanode, TXIDs=1, success=true
2019-06-14 08:43:34,676 WARN  block.DeletedBlockLogImpl (DeletedBlockLogImpl.java:commitTransactions(205)) - Transaction txId=1 commit by dnId=374189d0-76c5-49d2-81b4-45a4af1368a2 for containerID=#1 failed. Corresponding entry not found.
2019-06-14 08:43:34,676 DEBUG block.DeletedBlockLogImpl (DeletedBlockLogImpl.java:isTransactionFailed(245)) - Got block deletion ACK from datanode, TXIDs=1, success=true
2019-06-14 08:43:34,676 WARN  block.DeletedBlockLogImpl (DeletedBlockLogImpl.java:commitTransactions(205)) - Transaction txId=1 commit by dnId=374189d0-76c5-49d2-81b4-45a4af1368a2 for containerID=#1 failed. Corresponding entry not found.
2019-06-14 08:43:34,676 DEBUG block.DeletedBlockLogImpl (DeletedBlockLogImpl.java:isTransactionFailed(245)) - Got block deletion ACK from datanode, TXIDs=1, success=true
2019-06-14 08:43:34,676 WARN  block.DeletedBlockLogImpl (DeletedBlockLogImpl.java:commitTransactions(205)) - Transaction txId=1 commit by dnId=374189d0-76c5-49d2-81b4-45a4af1368a2 for containerID=#1 failed. Corresponding entry not found.
2019-06-14 08:43:34,676 DEBUG block.DeletedBlockLogImpl (DeletedBlockLogImpl.java:isTransactionFailed(245)) - Got block deletion ACK from datanode, TXIDs=1, success=true
2019-06-14 08:43:34,676 WARN  block.DeletedBlockLogImpl (DeletedBlockLogImpl.java:commitTransactions(205)) - Transaction txId=1 commit by dnId=374189d0-76c5-49d2-81b4-45a4af1368a2 for containerID=#1 failed. Corresponding entry not found.
2019-06-14 08:43:34,676 DEBUG block.DeletedBlockLogImpl (DeletedBlockLogImpl.java:isTransactionFailed(245)) - Got block deletion ACK from datanode, TXIDs=1, success=true
2019-06-14 08:43:34,676 WARN  block.DeletedBlockLogImpl (DeletedBlockLogImpl.java:commitTransactions(205)) - Transaction txId=1 commit by dnId=374189d0-76c5-49d2-81b4-45a4af1368a2 for containerID=#1 failed. Corresponding entry not found.
2019-06-14 08:43:34,676 DEBUG block.DeletedBlockLogImpl (DeletedBlockLogImpl.java:isTransactionFailed(245)) - Got block deletion ACK from datanode, TXIDs=1, success=true
2019-06-14 08:43:34,676 WARN  block.DeletedBlockLogImpl (DeletedBlockLogImpl.java:commitTransactions(205)) - Transaction txId=1 commit by dnId=374189d0-76c5-49d2-81b4-45a4af1368a2 for containerID=#1 failed. Corresponding entry not found.
2019-06-14 08:43:34,677 DEBUG block.DeletedBlockLogImpl (DeletedBlockLogImpl.java:isTransactionFailed(245)) - Got block deletion ACK from datanode, TXIDs=1, success=true
2019-06-14 08:43:34,677 WARN  block.DeletedBlockLogImpl (DeletedBlockLogImpl.java:commitTransactions(205)) - Transaction txId=1 commit by dnId=374189d0-76c5-49d2-81b4-45a4af1368a2 for containerID=#1 failed. Corresponding entry not found.
2019-06-14 08:43:34,677 DEBUG block.DeletedBlockLogImpl (DeletedBlockLogImpl.java:isTransactionFailed(245)) - Got block deletion ACK from datanode, TXIDs=1, success=true
2019-06-14 08:43:34,677 WARN  block.DeletedBlockLogImpl (DeletedBlockLogImpl.java:commitTransactions(205)) - Transaction txId=1 commit by dnId=374189d0-76c5-49d2-81b4-45a4af1368a2 for containerID=#1 failed. Corresponding entry not found.
2019-06-14 08:43:34,677 DEBUG block.DeletedBlockLogImpl (DeletedBlockLogImpl.java:isTransactionFailed(245)) - Got block deletion ACK from datanode, TXIDs=1, success=true
2019-06-14 08:43:34,677 WARN  block.DeletedBlockLogImpl (DeletedBlockLogImpl.java:commitTransactions(205)) - Transaction txId=1 commit by dnId=374189d0-76c5-49d2-81b4-45a4af1368a2 for containerID=#1 failed. Corresponding entry not found.
2019-06-14 08:43:34,677 DEBUG block.DeletedBlockLogImpl (DeletedBlockLogImpl.java:isTransactionFailed(245)) - Got block deletion ACK from datanode, TXIDs=1, success=true
2019-06-14 08:43:34,677 WARN  block.DeletedBlockLogImpl (DeletedBlockLogImpl.java:commitTransactions(205)) - Transaction txId=1 commit by dnId=374189d0-76c5-49d2-81b4-45a4af1368a2 for containerID=#1 failed. Corresponding entry not found.
2019-06-14 08:43:34,677 DEBUG block.DeletedBlockLogImpl (DeletedBlockLogImpl.java:isTransactionFailed(245)) - Got block deletion ACK from datanode, TXIDs=1, success=true
2019-06-14 08:43:34,677 WARN  block.DeletedBlockLogImpl (DeletedBlockLogImpl.java:commitTransactions(205)) - Transaction txId=1 commit by dnId=374189d0-76c5-49d2-81b4-45a4af1368a2 for containerID=#1 failed. Corresponding entry not found.
2019-06-14 08:43:34,677 DEBUG block.DeletedBlockLogImpl (DeletedBlockLogImpl.java:isTransactionFailed(245)) - Got block deletion ACK from datanode, TXIDs=1, success=true
2019-06-14 08:43:34,677 WARN  block.DeletedBlockLogImpl (DeletedBlockLogImpl.java:commitTransactions(205)) - Transaction txId=1 commit by dnId=374189d0-76c5-49d2-81b4-45a4af1368a2 for containerID=#1 failed. Corresponding entry not found.
2019-06-14 08:43:34,677 DEBUG block.DeletedBlockLogImpl (DeletedBlockLogImpl.java:isTransactionFailed(245)) - Got block deletion ACK from datanode, TXIDs=1, success=true
2019-06-14 08:43:34,677 WARN  block.DeletedBlockLogImpl (DeletedBlockLogImpl.java:commitTransactions(205)) - Transaction txId=1 commit by dnId=374189d0-76c5-49d2-81b4-45a4af1368a2 for containerID=#1 failed. Corresponding entry not found.
2019-06-14 08:43:34,677 DEBUG block.DeletedBlockLogImpl (DeletedBlockLogImpl.java:isTransactionFailed(245)) - Got block deletion ACK from datanode, TXIDs=1, success=true
2019-06-14 08:43:34,677 WARN  block.DeletedBlockLogImpl (DeletedBlockLogImpl.java:commitTransactions(205)) - Transaction txId=1 commit by dnId=374189d0-76c5-49d2-81b4-45a4af1368a2 for containerID=#1 failed. Corresponding entry not found.
2019-06-14 08:43:34,678 DEBUG block.DeletedBlockLogImpl (DeletedBlockLogImpl.java:isTransactionFailed(245)) - Got block deletion ACK from datanode, TXIDs=1, success=true
2019-06-14 08:43:34,678 WARN  block.DeletedBlockLogImpl (DeletedBlockLogImpl.java:commitTransactions(205)) - Transaction txId=1 commit by dnId=374189d0-76c5-49d2-81b4-45a4af1368a2 for containerID=#1 failed. Corresponding entry not found.
2019-06-14 08:43:34,678 DEBUG block.DeletedBlockLogImpl (DeletedBlockLogImpl.java:isTransactionFailed(245)) - Got block deletion ACK from datanode, TXIDs=1, success=true
2019-06-14 08:43:34,678 WARN  block.DeletedBlockLogImpl (DeletedBlockLogImpl.java:commitTransactions(205)) - Transaction txId=1 commit by dnId=374189d0-76c5-49d2-81b4-45a4af1368a2 for containerID=#1 failed. Corresponding entry not found.
2019-06-14 08:43:34,678 DEBUG block.DeletedBlockLogImpl (DeletedBlockLogImpl.java:isTransactionFailed(245)) - Got block deletion ACK from datanode, TXIDs=1, success=true
2019-06-14 08:43:34,678 WARN  block.DeletedBlockLogImpl (DeletedBlockLogImpl.java:commitTransactions(205)) - Transaction txId=1 commit by dnId=374189d0-76c5-49d2-81b4-45a4af1368a2 for containerID=#1 failed. Corresponding entry not found.
2019-06-14 08:43:34,678 DEBUG block.DeletedBlockLogImpl (DeletedBlockLogImpl.java:isTransactionFailed(245)) - Got block deletion ACK from datanode, TXIDs=1, success=true
2019-06-14 08:43:34,678 WARN  block.DeletedBlockLogImpl (DeletedBlockLogImpl.java:commitTransactions(205)) - Transaction txId=1 commit by dnId=374189d0-76c5-49d2-81b4-45a4af1368a2 for containerID=#1 failed. Corresponding entry not found.
2019-06-14 08:43:34,678 DEBUG block.DeletedBlockLogImpl (DeletedBlockLogImpl.java:isTransactionFailed(245)) - Got block deletion ACK from datanode, TXIDs=1, success=true
2019-06-14 08:43:34,678 WARN  block.DeletedBlockLogImpl (DeletedBlockLogImpl.java:commitTransactions(205)) - Transaction txId=1 commit by dnId=374189d0-76c5-49d2-81b4-45a4af1368a2 for containerID=#1 failed. Corresponding entry not found.
2019-06-14 08:43:34,678 DEBUG block.DeletedBlockLogImpl (DeletedBlockLogImpl.java:isTransactionFailed(245)) - Got block deletion ACK from datanode, TXIDs=1, success=true
2019-06-14 08:43:34,678 WARN  block.DeletedBlockLogImpl (DeletedBlockLogImpl.java:commitTransactions(205)) - Transaction txId=1 commit by dnId=374189d0-76c5-49d2-81b4-45a4af1368a2 for containerID=#1 failed. Corresponding entry not found.
2019-06-14 08:43:34,678 DEBUG block.DeletedBlockLogImpl (DeletedBlockLogImpl.java:isTransactionFailed(245)) - Got block deletion ACK from datanode, TXIDs=1, success=true
2019-06-14 08:43:34,678 WARN  block.DeletedBlockLogImpl (DeletedBlockLogImpl.java:commitTransactions(205)) - Transaction txId=1 commit by dnId=374189d0-76c5-49d2-81b4-45a4af1368a2 for containerID=#1 failed. Corresponding entry not found.
2019-06-14 08:43:34,678 DEBUG block.DeletedBlockLogImpl (DeletedBlockLogImpl.java:isTransactionFailed(245)) - Got block deletion ACK from datanode, TXIDs=1, success=true
2019-06-14 08:43:34,678 WARN  block.DeletedBlockLogImpl (DeletedBlockLogImpl.java:commitTransactions(205)) - Transaction txId=1 commit by dnId=374189d0-76c5-49d2-81b4-45a4af1368a2 for containerID=#1 failed. Corresponding entry not found.
2019-06-14 08:43:34,679 DEBUG block.DeletedBlockLogImpl (DeletedBlockLogImpl.java:isTransactionFailed(245)) - Got block deletion ACK from datanode, TXIDs=1, success=true
2019-06-14 08:43:34,679 WARN  block.DeletedBlockLogImpl (DeletedBlockLogImpl.java:commitTransactions(205)) - Transaction txId=1 commit by dnId=374189d0-76c5-49d2-81b4-45a4af1368a2 for containerID=#1 failed. Corresponding entry not found.
2019-06-14 08:43:34,711 DEBUG block.SCMBlockDeletingService (SCMBlockDeletingService.java:call(138)) - Running DeletedBlockTransactionScanner
2019-06-14 08:43:34,712 DEBUG block.SCMBlockDeletingService (SCMBlockDeletingService.java:call(155)) - Scanned deleted blocks log and got 0 delTX to process.
2019-06-14 08:43:34,812 DEBUG block.SCMBlockDeletingService (SCMBlockDeletingService.java:call(138)) - Running DeletedBlockTransactionScanner
2019-06-14 08:43:34,812 DEBUG block.SCMBlockDeletingService (SCMBlockDeletingService.java:call(155)) - Scanned deleted blocks log and got 0 delTX to process.
2019-06-14 08:43:34,912 DEBUG block.SCMBlockDeletingService (SCMBlockDeletingService.java:call(138)) - Running DeletedBlockTransactionScanner
2019-06-14 08:43:34,912 DEBUG block.SCMBlockDeletingService (SCMBlockDeletingService.java:call(155)) - Scanned deleted blocks log and got 0 delTX to process.
2019-06-14 08:43:35,013 DEBUG block.SCMBlockDeletingService (SCMBlockDeletingService.java:call(138)) - Running DeletedBlockTransactionScanner
2019-06-14 08:43:35,013 DEBUG block.SCMBlockDeletingService (SCMBlockDeletingService.java:call(155)) - Scanned deleted blocks log and got 0 delTX to process.
2019-06-14 08:43:35,113 DEBUG block.SCMBlockDeletingService (SCMBlockDeletingService.java:call(138)) - Running DeletedBlockTransactionScanner
2019-06-14 08:43:35,113 DEBUG block.SCMBlockDeletingService (SCMBlockDeletingService.java:call(155)) - Scanned deleted blocks log and got 0 delTX to process.
2019-06-14 08:43:35,213 DEBUG block.SCMBlockDeletingService (SCMBlockDeletingService.java:call(138)) - Running DeletedBlockTransactionScanner
2019-06-14 08:43:35,214 DEBUG block.SCMBlockDeletingService (SCMBlockDeletingService.java:call(155)) - Scanned deleted blocks log and got 0 delTX to process.
2019-06-14 08:43:35,299 INFO  commands.RetriableDatanodeEventWatcher (RetriableDatanodeEventWatcher.java:onTimeout(47)) - RetriableDatanodeCommand type=deleteBlocksCommand with id=1560501803574 timed out. Retrying.
2019-06-14 08:43:35,314 DEBUG block.SCMBlockDeletingService (SCMBlockDeletingService.java:call(138)) - Running DeletedBlockTransactionScanner
2019-06-14 08:43:35,314 DEBUG block.SCMBlockDeletingService (SCMBlockDeletingService.java:call(155)) - Scanned deleted blocks log and got 0 delTX to process.
]]></system-out>
    <system-err><![CDATA[ERROR StatusLogger No Log4j 2 configuration file found. Using default configuration (logging only errors to the console), or user programmatically provided configurations. Set system property 'log4j2.debug' to show Log4j 2 internal initialization logging. See https://logging.apache.org/log4j/2.x/manual/configuration.html for instructions on how to configure Log4j 2
Jun 14, 2019 8:42:39 AM com.sun.jersey.server.impl.application.WebApplicationImpl _initiate
INFO: Initiating Jersey application, version 'Jersey: 1.19 02/11/2015 03:25 AM'
Jun 14, 2019 8:43:26 AM com.sun.jersey.server.impl.application.WebApplicationImpl _initiate
INFO: Initiating Jersey application, version 'Jersey: 1.19 02/11/2015 03:25 AM'
]]></system-err>
  </testcase>
</testsuite>