<?xml version="1.0" encoding="UTF-8"?>
<testsuite xmlns:xsi="http://www.w3.org/2001/XMLSchema-instance" xsi:noNamespaceSchemaLocation="https://maven.apache.org/surefire/maven-surefire-plugin/xsd/surefire-test-report.xsd" name="org.apache.hadoop.hdds.scm.pipeline.TestNodeFailure" time="10.391" tests="1" errors="0" skipped="1" failures="0">
  <properties>
    <property name="awt.toolkit" value="sun.awt.X11.XToolkit"/>
    <property name="file.encoding.pkg" value="sun.io"/>
    <property name="java.specification.version" value="1.8"/>
    <property name="sun.cpu.isalist" value=""/>
    <property name="sun.jnu.encoding" value="UTF-8"/>
    <property name="java.class.path" value="/opt/src/hadoop-ozone/integration-test/target/test-classes:/opt/src/hadoop-ozone/integration-test/target/classes:/root/.m2/repository/org/apache/hadoop/hadoop-ozone-common/0.5.0-SNAPSHOT/hadoop-ozone-common-0.5.0-SNAPSHOT.jar:/root/.m2/repository/org/apache/commons/commons-compress/1.4.1/commons-compress-1.4.1.jar:/root/.m2/repository/org/tukaani/xz/1.0/xz-1.0.jar:/root/.m2/repository/org/apache/hadoop/hadoop-common/3.2.0/hadoop-common-3.2.0.jar:/root/.m2/repository/org/apache/hadoop/hadoop-hdfs/3.2.0/hadoop-hdfs-3.2.0.jar:/root/.m2/repository/org/apache/hadoop/hadoop-hdfs-client/3.2.0/hadoop-hdfs-client-3.2.0.jar:/root/.m2/repository/com/fasterxml/jackson/core/jackson-annotations/2.9.5/jackson-annotations-2.9.5.jar:/root/.m2/repository/org/apache/hadoop/hadoop-hdds-common/0.5.0-SNAPSHOT/hadoop-hdds-common-0.5.0-SNAPSHOT.jar:/root/.m2/repository/javax/annotation/javax.annotation-api/1.2/javax.annotation-api-1.2.jar:/root/.m2/repository/org/apache/ratis/ratis-server/0.4.0-fe2b15d-SNAPSHOT/ratis-server-0.4.0-fe2b15d-SNAPSHOT.jar:/root/.m2/repository/org/apache/ratis/ratis-thirdparty-misc/0.2.0/ratis-thirdparty-misc-0.2.0.jar:/root/.m2/repository/org/apache/ratis/ratis-proto/0.4.0-fe2b15d-SNAPSHOT/ratis-proto-0.4.0-fe2b15d-SNAPSHOT.jar:/root/.m2/repository/org/apache/ratis/ratis-common/0.4.0-fe2b15d-SNAPSHOT/ratis-common-0.4.0-fe2b15d-SNAPSHOT.jar:/root/.m2/repository/org/apache/ratis/ratis-client/0.4.0-fe2b15d-SNAPSHOT/ratis-client-0.4.0-fe2b15d-SNAPSHOT.jar:/root/.m2/repository/org/apache/ratis/ratis-netty/0.4.0-fe2b15d-SNAPSHOT/ratis-netty-0.4.0-fe2b15d-SNAPSHOT.jar:/root/.m2/repository/org/apache/ratis/ratis-grpc/0.4.0-fe2b15d-SNAPSHOT/ratis-grpc-0.4.0-fe2b15d-SNAPSHOT.jar:/root/.m2/repository/org/rocksdb/rocksdbjni/5.14.2/rocksdbjni-5.14.2.jar:/root/.m2/repository/org/apache/logging/log4j/log4j-api/2.11.0/log4j-api-2.11.0.jar:/root/.m2/repository/org/apache/logging/log4j/log4j-core/2.11.0/log4j-core-2.11.0.jar:/root/.m2/repository/com/lmax/disruptor/3.4.2/disruptor-3.4.2.jar:/root/.m2/repository/org/apache/commons/commons-pool2/2.6.0/commons-pool2-2.6.0.jar:/root/.m2/repository/org/bouncycastle/bcpkix-jdk15on/1.60/bcpkix-jdk15on-1.60.jar:/root/.m2/repository/commons-validator/commons-validator/1.6/commons-validator-1.6.jar:/root/.m2/repository/commons-digester/commons-digester/1.8.1/commons-digester-1.8.1.jar:/root/.m2/repository/io/jaegertracing/jaeger-client/0.33.1/jaeger-client-0.33.1.jar:/root/.m2/repository/io/jaegertracing/jaeger-thrift/0.33.1/jaeger-thrift-0.33.1.jar:/root/.m2/repository/org/apache/thrift/libthrift/0.11.0/libthrift-0.11.0.jar:/root/.m2/repository/com/squareup/okhttp3/okhttp/3.9.0/okhttp-3.9.0.jar:/root/.m2/repository/com/squareup/okio/okio/1.13.0/okio-1.13.0.jar:/root/.m2/repository/io/jaegertracing/jaeger-core/0.33.1/jaeger-core-0.33.1.jar:/root/.m2/repository/io/jaegertracing/jaeger-tracerresolver/0.33.1/jaeger-tracerresolver-0.33.1.jar:/root/.m2/repository/io/opentracing/contrib/opentracing-tracerresolver/0.1.5/opentracing-tracerresolver-0.1.5.jar:/root/.m2/repository/io/opentracing/opentracing-util/0.31.0/opentracing-util-0.31.0.jar:/root/.m2/repository/io/opentracing/opentracing-api/0.31.0/opentracing-api-0.31.0.jar:/root/.m2/repository/io/opentracing/opentracing-noop/0.31.0/opentracing-noop-0.31.0.jar:/root/.m2/repository/org/apache/hadoop/hadoop-hdds-server-framework/0.5.0-SNAPSHOT/hadoop-hdds-server-framework-0.5.0-SNAPSHOT.jar:/root/.m2/repository/org/apache/hadoop/hadoop-hdds-server-scm/0.5.0-SNAPSHOT/hadoop-hdds-server-scm-0.5.0-SNAPSHOT.jar:/root/.m2/repository/org/apache/hadoop/hadoop-hdds-container-service/0.5.0-SNAPSHOT/hadoop-hdds-container-service-0.5.0-SNAPSHOT.jar:/root/.m2/repository/org/apache/hadoop/hadoop-hdds-client/0.5.0-SNAPSHOT/hadoop-hdds-client-0.5.0-SNAPSHOT.jar:/root/.m2/repository/org/apache/hadoop/hadoop-hdds-tools/0.5.0-SNAPSHOT/hadoop-hdds-tools-0.5.0-SNAPSHOT.jar:/root/.m2/repository/org/apache/hadoop/hadoop-ozone-ozone-manager/0.5.0-SNAPSHOT/hadoop-ozone-ozone-manager-0.5.0-SNAPSHOT.jar:/root/.m2/repository/org/apache/hadoop/hadoop-hdds-docs/0.5.0-SNAPSHOT/hadoop-hdds-docs-0.5.0-SNAPSHOT.jar:/root/.m2/repository/org/bouncycastle/bcprov-jdk15on/1.60/bcprov-jdk15on-1.60.jar:/root/.m2/repository/org/apache/hadoop/hadoop-minikdc/3.2.0/hadoop-minikdc-3.2.0.jar:/root/.m2/repository/commons-io/commons-io/2.5/commons-io-2.5.jar:/root/.m2/repository/org/apache/kerby/kerb-simplekdc/1.0.1/kerb-simplekdc-1.0.1.jar:/root/.m2/repository/org/apache/kerby/kerb-client/1.0.1/kerb-client-1.0.1.jar:/root/.m2/repository/org/apache/kerby/kerby-config/1.0.1/kerby-config-1.0.1.jar:/root/.m2/repository/org/apache/kerby/kerb-core/1.0.1/kerb-core-1.0.1.jar:/root/.m2/repository/org/apache/kerby/kerby-pkix/1.0.1/kerby-pkix-1.0.1.jar:/root/.m2/repository/org/apache/kerby/kerby-asn1/1.0.1/kerby-asn1-1.0.1.jar:/root/.m2/repository/org/apache/kerby/kerby-util/1.0.1/kerby-util-1.0.1.jar:/root/.m2/repository/org/apache/kerby/kerb-common/1.0.1/kerb-common-1.0.1.jar:/root/.m2/repository/org/apache/kerby/kerb-crypto/1.0.1/kerb-crypto-1.0.1.jar:/root/.m2/repository/org/apache/kerby/kerb-util/1.0.1/kerb-util-1.0.1.jar:/root/.m2/repository/org/apache/kerby/token-provider/1.0.1/token-provider-1.0.1.jar:/root/.m2/repository/org/apache/kerby/kerb-admin/1.0.1/kerb-admin-1.0.1.jar:/root/.m2/repository/org/apache/kerby/kerb-server/1.0.1/kerb-server-1.0.1.jar:/root/.m2/repository/org/apache/kerby/kerb-identity/1.0.1/kerb-identity-1.0.1.jar:/root/.m2/repository/org/apache/kerby/kerby-xdr/1.0.1/kerby-xdr-1.0.1.jar:/root/.m2/repository/org/slf4j/slf4j-log4j12/1.7.25/slf4j-log4j12-1.7.25.jar:/root/.m2/repository/org/apache/hadoop/hadoop-ozone-objectstore-service/0.5.0-SNAPSHOT/hadoop-ozone-objectstore-service-0.5.0-SNAPSHOT.jar:/root/.m2/repository/org/apache/hadoop/hadoop-ozone-s3gateway/0.5.0-SNAPSHOT/hadoop-ozone-s3gateway-0.5.0-SNAPSHOT.jar:/root/.m2/repository/org/jboss/weld/servlet/weld-servlet/2.4.7.Final/weld-servlet-2.4.7.Final.jar:/root/.m2/repository/org/glassfish/jersey/containers/jersey-container-servlet-core/2.27/jersey-container-servlet-core-2.27.jar:/root/.m2/repository/org/glassfish/hk2/external/javax.inject/2.5.0-b42/javax.inject-2.5.0-b42.jar:/root/.m2/repository/org/glassfish/jersey/core/jersey-common/2.27/jersey-common-2.27.jar:/root/.m2/repository/org/glassfish/hk2/osgi-resource-locator/1.0.1/osgi-resource-locator-1.0.1.jar:/root/.m2/repository/javax/ws/rs/javax.ws.rs-api/2.1/javax.ws.rs-api-2.1.jar:/root/.m2/repository/org/glassfish/jersey/ext/cdi/jersey-cdi1x/2.27/jersey-cdi1x-2.27.jar:/root/.m2/repository/org/glassfish/jersey/inject/jersey-hk2/2.27/jersey-hk2-2.27.jar:/root/.m2/repository/org/glassfish/hk2/hk2-locator/2.5.0-b42/hk2-locator-2.5.0-b42.jar:/root/.m2/repository/org/javassist/javassist/3.22.0-CR2/javassist-3.22.0-CR2.jar:/root/.m2/repository/org/glassfish/hk2/hk2-api/2.5.0/hk2-api-2.5.0.jar:/root/.m2/repository/org/glassfish/hk2/external/jakarta.inject/2.5.0/jakarta.inject-2.5.0.jar:/root/.m2/repository/org/glassfish/hk2/hk2-utils/2.5.0/hk2-utils-2.5.0.jar:/root/.m2/repository/jakarta/annotation/jakarta.annotation-api/1.3.4/jakarta.annotation-api-1.3.4.jar:/root/.m2/repository/org/glassfish/hk2/external/aopalliance-repackaged/2.5.0/aopalliance-repackaged-2.5.0.jar:/root/.m2/repository/com/fasterxml/jackson/dataformat/jackson-dataformat-xml/2.9.0/jackson-dataformat-xml-2.9.0.jar:/root/.m2/repository/com/fasterxml/jackson/core/jackson-core/2.9.5/jackson-core-2.9.5.jar:/root/.m2/repository/com/fasterxml/jackson/module/jackson-module-jaxb-annotations/2.9.5/jackson-module-jaxb-annotations-2.9.5.jar:/root/.m2/repository/javax/enterprise/cdi-api/1.2/cdi-api-1.2.jar:/root/.m2/repository/javax/el/javax.el-api/3.0.0/javax.el-api-3.0.0.jar:/root/.m2/repository/javax/interceptor/javax.interceptor-api/1.2/javax.interceptor-api-1.2.jar:/root/.m2/repository/javax/inject/javax.inject/1/javax.inject-1.jar:/root/.m2/repository/com/sun/xml/bind/jaxb-impl/2.3.0.1/jaxb-impl-2.3.0.1.jar:/root/.m2/repository/com/sun/xml/bind/jaxb-core/2.3.0.1/jaxb-core-2.3.0.1.jar:/root/.m2/repository/javax/xml/bind/jaxb-api/2.3.0/jaxb-api-2.3.0.jar:/root/.m2/repository/javax/activation/activation/1.1.1/activation-1.1.1.jar:/root/.m2/repository/org/apache/hadoop/hadoop-ozone-csi/0.5.0-SNAPSHOT/hadoop-ozone-csi-0.5.0-SNAPSHOT.jar:/root/.m2/repository/com/google/protobuf/protobuf-java-util/3.5.1/protobuf-java-util-3.5.1.jar:/root/.m2/repository/org/apache/hadoop/hadoop-hdds-config/0.5.0-SNAPSHOT/hadoop-hdds-config-0.5.0-SNAPSHOT.jar:/root/.m2/repository/com/google/guava/guava/11.0.2/guava-11.0.2.jar:/root/.m2/repository/com/google/protobuf/protobuf-java/2.5.0/protobuf-java-2.5.0.jar:/root/.m2/repository/io/grpc/grpc-netty/1.17.1/grpc-netty-1.17.1.jar:/root/.m2/repository/io/grpc/grpc-core/1.17.1/grpc-core-1.17.1.jar:/root/.m2/repository/io/grpc/grpc-context/1.17.1/grpc-context-1.17.1.jar:/root/.m2/repository/com/google/errorprone/error_prone_annotations/2.2.0/error_prone_annotations-2.2.0.jar:/root/.m2/repository/org/codehaus/mojo/animal-sniffer-annotations/1.17/animal-sniffer-annotations-1.17.jar:/root/.m2/repository/io/opencensus/opencensus-api/0.17.0/opencensus-api-0.17.0.jar:/root/.m2/repository/io/opencensus/opencensus-contrib-grpc-metrics/0.17.0/opencensus-contrib-grpc-metrics-0.17.0.jar:/root/.m2/repository/io/netty/netty-codec-http2/4.1.30.Final/netty-codec-http2-4.1.30.Final.jar:/root/.m2/repository/io/netty/netty-codec-http/4.1.30.Final/netty-codec-http-4.1.30.Final.jar:/root/.m2/repository/io/netty/netty-codec/4.1.30.Final/netty-codec-4.1.30.Final.jar:/root/.m2/repository/io/netty/netty-handler/4.1.30.Final/netty-handler-4.1.30.Final.jar:/root/.m2/repository/io/netty/netty-handler-proxy/4.1.30.Final/netty-handler-proxy-4.1.30.Final.jar:/root/.m2/repository/io/netty/netty-codec-socks/4.1.30.Final/netty-codec-socks-4.1.30.Final.jar:/root/.m2/repository/io/netty/netty-transport-native-epoll/4.1.30.Final/netty-transport-native-epoll-4.1.30.Final.jar:/root/.m2/repository/io/netty/netty-common/4.1.30.Final/netty-common-4.1.30.Final.jar:/root/.m2/repository/io/netty/netty-buffer/4.1.30.Final/netty-buffer-4.1.30.Final.jar:/root/.m2/repository/io/netty/netty-transport/4.1.30.Final/netty-transport-4.1.30.Final.jar:/root/.m2/repository/io/netty/netty-resolver/4.1.30.Final/netty-resolver-4.1.30.Final.jar:/root/.m2/repository/io/netty/netty-transport-native-unix-common/4.1.30.Final/netty-transport-native-unix-common-4.1.30.Final.jar:/root/.m2/repository/io/grpc/grpc-protobuf/1.17.1/grpc-protobuf-1.17.1.jar:/root/.m2/repository/com/google/api/grpc/proto-google-common-protos/1.0.0/proto-google-common-protos-1.0.0.jar:/root/.m2/repository/io/grpc/grpc-protobuf-lite/1.17.1/grpc-protobuf-lite-1.17.1.jar:/root/.m2/repository/io/grpc/grpc-stub/1.17.1/grpc-stub-1.17.1.jar:/root/.m2/repository/org/apache/hadoop/hadoop-ozone-recon/0.5.0-SNAPSHOT/hadoop-ozone-recon-0.5.0-SNAPSHOT.jar:/root/.m2/repository/org/apache/hadoop/hadoop-ozone-reconcodegen/0.5.0-SNAPSHOT/hadoop-ozone-reconcodegen-0.5.0-SNAPSHOT.jar:/root/.m2/repository/com/google/inject/extensions/guice-multibindings/4.0/guice-multibindings-4.0.jar:/root/.m2/repository/com/google/inject/guice/4.0/guice-4.0.jar:/root/.m2/repository/aopalliance/aopalliance/1.0/aopalliance-1.0.jar:/root/.m2/repository/com/google/inject/extensions/guice-servlet/4.0/guice-servlet-4.0.jar:/root/.m2/repository/org/glassfish/jersey/containers/jersey-container-servlet/2.27/jersey-container-servlet-2.27.jar:/root/.m2/repository/org/glassfish/hk2/guice-bridge/2.5.0/guice-bridge-2.5.0.jar:/root/.m2/repository/org/glassfish/jersey/core/jersey-server/2.27/jersey-server-2.27.jar:/root/.m2/repository/org/glassfish/jersey/core/jersey-client/2.27/jersey-client-2.27.jar:/root/.m2/repository/org/glassfish/jersey/media/jersey-media-jaxb/2.27/jersey-media-jaxb-2.27.jar:/root/.m2/repository/javax/validation/validation-api/1.1.0.Final/validation-api-1.1.0.Final.jar:/root/.m2/repository/org/glassfish/jersey/media/jersey-media-json-jackson/2.27/jersey-media-json-jackson-2.27.jar:/root/.m2/repository/org/glassfish/jersey/ext/jersey-entity-filtering/2.27/jersey-entity-filtering-2.27.jar:/root/.m2/repository/com/google/inject/extensions/guice-assistedinject/4.0/guice-assistedinject-4.0.jar:/root/.m2/repository/org/jooq/jooq/3.11.10/jooq-3.11.10.jar:/root/.m2/repository/org/jooq/jooq-meta/3.11.10/jooq-meta-3.11.10.jar:/root/.m2/repository/org/jooq/jooq-codegen/3.11.10/jooq-codegen-3.11.10.jar:/root/.m2/repository/com/jolbox/bonecp/0.8.0.RELEASE/bonecp-0.8.0.RELEASE.jar:/root/.m2/repository/org/xerial/sqlite-jdbc/3.25.2/sqlite-jdbc-3.25.2.jar:/root/.m2/repository/org/springframework/spring-jdbc/5.1.3.RELEASE/spring-jdbc-5.1.3.RELEASE.jar:/root/.m2/repository/org/springframework/spring-beans/5.1.3.RELEASE/spring-beans-5.1.3.RELEASE.jar:/root/.m2/repository/org/springframework/spring-core/5.1.3.RELEASE/spring-core-5.1.3.RELEASE.jar:/root/.m2/repository/org/springframework/spring-jcl/5.1.3.RELEASE/spring-jcl-5.1.3.RELEASE.jar:/root/.m2/repository/org/springframework/spring-tx/5.1.3.RELEASE/spring-tx-5.1.3.RELEASE.jar:/root/.m2/repository/org/apache/hadoop/hadoop-ozone-client/0.5.0-SNAPSHOT/hadoop-ozone-client-0.5.0-SNAPSHOT.jar:/root/.m2/repository/org/apache/hadoop/hadoop-ozone-ozone-manager/0.5.0-SNAPSHOT/hadoop-ozone-ozone-manager-0.5.0-SNAPSHOT-tests.jar:/root/.m2/repository/junit/junit/4.11/junit-4.11.jar:/root/.m2/repository/org/hamcrest/hamcrest-core/1.3/hamcrest-core-1.3.jar:/root/.m2/repository/org/openjdk/jmh/jmh-core/1.19/jmh-core-1.19.jar:/root/.m2/repository/net/sf/jopt-simple/jopt-simple/4.6/jopt-simple-4.6.jar:/root/.m2/repository/org/apache/commons/commons-math3/3.1.1/commons-math3-3.1.1.jar:/root/.m2/repository/org/openjdk/jmh/jmh-generator-annprocess/1.19/jmh-generator-annprocess-1.19.jar:/root/.m2/repository/org/mockito/mockito-all/1.8.5/mockito-all-1.8.5.jar:/root/.m2/repository/org/apache/hadoop/hadoop-kms/3.2.0/hadoop-kms-3.2.0.jar:/root/.m2/repository/org/apache/hadoop/hadoop-auth/3.2.0/hadoop-auth-3.2.0.jar:/root/.m2/repository/com/nimbusds/nimbus-jose-jwt/4.41.1/nimbus-jose-jwt-4.41.1.jar:/root/.m2/repository/com/github/stephenc/jcip/jcip-annotations/1.0-1/jcip-annotations-1.0-1.jar:/root/.m2/repository/net/minidev/json-smart/2.3/json-smart-2.3.jar:/root/.m2/repository/net/minidev/accessors-smart/1.2/accessors-smart-1.2.jar:/root/.m2/repository/org/ow2/asm/asm/5.0.4/asm-5.0.4.jar:/root/.m2/repository/org/apache/curator/curator-framework/2.12.0/curator-framework-2.12.0.jar:/root/.m2/repository/com/sun/jersey/jersey-core/1.19/jersey-core-1.19.jar:/root/.m2/repository/javax/ws/rs/jsr311-api/1.1.1/jsr311-api-1.1.1.jar:/root/.m2/repository/com/sun/jersey/jersey-server/1.19/jersey-server-1.19.jar:/root/.m2/repository/javax/servlet/javax.servlet-api/3.1.0/javax.servlet-api-3.1.0.jar:/root/.m2/repository/org/eclipse/jetty/jetty-server/9.3.24.v20180605/jetty-server-9.3.24.v20180605.jar:/root/.m2/repository/org/eclipse/jetty/jetty-http/9.3.24.v20180605/jetty-http-9.3.24.v20180605.jar:/root/.m2/repository/org/eclipse/jetty/jetty-io/9.3.24.v20180605/jetty-io-9.3.24.v20180605.jar:/root/.m2/repository/org/eclipse/jetty/jetty-webapp/9.3.24.v20180605/jetty-webapp-9.3.24.v20180605.jar:/root/.m2/repository/org/eclipse/jetty/jetty-xml/9.3.24.v20180605/jetty-xml-9.3.24.v20180605.jar:/root/.m2/repository/log4j/log4j/1.2.17/log4j-1.2.17.jar:/root/.m2/repository/org/slf4j/slf4j-api/1.7.25/slf4j-api-1.7.25.jar:/root/.m2/repository/org/slf4j/jul-to-slf4j/1.7.25/jul-to-slf4j-1.7.25.jar:/root/.m2/repository/org/eclipse/jetty/jetty-util/9.3.24.v20180605/jetty-util-9.3.24.v20180605.jar:/root/.m2/repository/io/dropwizard/metrics/metrics-core/3.2.4/metrics-core-3.2.4.jar:/root/.m2/repository/com/fasterxml/jackson/core/jackson-databind/2.9.5/jackson-databind-2.9.5.jar:/root/.m2/repository/org/apache/hadoop/hadoop-kms/3.2.0/hadoop-kms-3.2.0-tests.jar:/root/.m2/repository/org/apache/hadoop/hadoop-hdds-server-scm/0.5.0-SNAPSHOT/hadoop-hdds-server-scm-0.5.0-SNAPSHOT-tests.jar:/root/.m2/repository/org/hamcrest/hamcrest-all/1.3/hamcrest-all-1.3.jar:/root/.m2/repository/info/picocli/picocli/3.9.6/picocli-3.9.6.jar:/root/.m2/repository/org/apache/hadoop/hadoop-hdds-container-service/0.5.0-SNAPSHOT/hadoop-hdds-container-service-0.5.0-SNAPSHOT-tests.jar:/root/.m2/repository/org/yaml/snakeyaml/1.16/snakeyaml-1.16.jar:/root/.m2/repository/org/apache/hadoop/hadoop-common/3.2.0/hadoop-common-3.2.0-tests.jar:/root/.m2/repository/org/apache/hadoop/hadoop-annotations/3.2.0/hadoop-annotations-3.2.0.jar:/usr/lib/jvm/java-1.8-openjdk/jre/../lib/tools.jar:/root/.m2/repository/commons-cli/commons-cli/1.2/commons-cli-1.2.jar:/root/.m2/repository/org/apache/httpcomponents/httpclient/4.5.2/httpclient-4.5.2.jar:/root/.m2/repository/org/apache/httpcomponents/httpcore/4.4.4/httpcore-4.4.4.jar:/root/.m2/repository/commons-codec/commons-codec/1.11/commons-codec-1.11.jar:/root/.m2/repository/commons-net/commons-net/3.6/commons-net-3.6.jar:/root/.m2/repository/commons-collections/commons-collections/3.2.2/commons-collections-3.2.2.jar:/root/.m2/repository/org/eclipse/jetty/jetty-servlet/9.3.24.v20180605/jetty-servlet-9.3.24.v20180605.jar:/root/.m2/repository/org/eclipse/jetty/jetty-security/9.3.24.v20180605/jetty-security-9.3.24.v20180605.jar:/root/.m2/repository/javax/servlet/jsp/jsp-api/2.1/jsp-api-2.1.jar:/root/.m2/repository/com/sun/jersey/jersey-servlet/1.19/jersey-servlet-1.19.jar:/root/.m2/repository/com/sun/jersey/jersey-json/1.19/jersey-json-1.19.jar:/root/.m2/repository/org/codehaus/jettison/jettison/1.1/jettison-1.1.jar:/root/.m2/repository/org/codehaus/jackson/jackson-core-asl/1.9.13/jackson-core-asl-1.9.13.jar:/root/.m2/repository/org/codehaus/jackson/jackson-mapper-asl/1.9.13/jackson-mapper-asl-1.9.13.jar:/root/.m2/repository/org/codehaus/jackson/jackson-jaxrs/1.9.13/jackson-jaxrs-1.9.13.jar:/root/.m2/repository/org/codehaus/jackson/jackson-xc/1.9.13/jackson-xc-1.9.13.jar:/root/.m2/repository/commons-logging/commons-logging/1.1.3/commons-logging-1.1.3.jar:/root/.m2/repository/commons-beanutils/commons-beanutils/1.9.3/commons-beanutils-1.9.3.jar:/root/.m2/repository/org/apache/commons/commons-configuration2/2.1.1/commons-configuration2-2.1.1.jar:/root/.m2/repository/org/apache/commons/commons-lang3/3.7/commons-lang3-3.7.jar:/root/.m2/repository/org/apache/commons/commons-text/1.4/commons-text-1.4.jar:/root/.m2/repository/org/apache/avro/avro/1.7.7/avro-1.7.7.jar:/root/.m2/repository/com/thoughtworks/paranamer/paranamer/2.3/paranamer-2.3.jar:/root/.m2/repository/org/xerial/snappy/snappy-java/1.0.5/snappy-java-1.0.5.jar:/root/.m2/repository/com/google/re2j/re2j/1.1/re2j-1.1.jar:/root/.m2/repository/com/google/code/gson/gson/2.2.4/gson-2.2.4.jar:/root/.m2/repository/com/jcraft/jsch/0.1.54/jsch-0.1.54.jar:/root/.m2/repository/org/apache/curator/curator-client/2.12.0/curator-client-2.12.0.jar:/root/.m2/repository/org/apache/curator/curator-recipes/2.12.0/curator-recipes-2.12.0.jar:/root/.m2/repository/com/google/code/findbugs/jsr305/3.0.0/jsr305-3.0.0.jar:/root/.m2/repository/org/apache/htrace/htrace-core4/4.1.0-incubating/htrace-core4-4.1.0-incubating.jar:/root/.m2/repository/org/apache/zookeeper/zookeeper/3.4.13/zookeeper-3.4.13.jar:/root/.m2/repository/org/apache/yetus/audience-annotations/0.5.0/audience-annotations-0.5.0.jar:/root/.m2/repository/org/codehaus/woodstox/stax2-api/3.1.4/stax2-api-3.1.4.jar:/root/.m2/repository/com/fasterxml/woodstox/woodstox-core/5.0.3/woodstox-core-5.0.3.jar:/root/.m2/repository/dnsjava/dnsjava/2.1.7/dnsjava-2.1.7.jar:/root/.m2/repository/org/apache/hadoop/hadoop-hdfs/3.2.0/hadoop-hdfs-3.2.0-tests.jar:/root/.m2/repository/org/eclipse/jetty/jetty-util-ajax/9.3.24.v20180605/jetty-util-ajax-9.3.24.v20180605.jar:/root/.m2/repository/commons-daemon/commons-daemon/1.0.13/commons-daemon-1.0.13.jar:/root/.m2/repository/io/netty/netty/3.10.5.Final/netty-3.10.5.Final.jar:/root/.m2/repository/io/netty/netty-all/4.0.52.Final/netty-all-4.0.52.Final.jar:/root/.m2/repository/org/fusesource/leveldbjni/leveldbjni-all/1.8/leveldbjni-all-1.8.jar:"/>
    <property name="java.vm.vendor" value="IcedTea"/>
    <property name="sun.arch.data.model" value="64"/>
    <property name="test.build.dir" value="/opt/src/hadoop-ozone/integration-test/target/test-dir"/>
    <property name="test.cache.data" value=""/>
    <property name="java.vendor.url" value="https://icedtea.classpath.org"/>
    <property name="user.timezone" value=""/>
    <property name="java.vm.specification.version" value="1.8"/>
    <property name="os.name" value="Linux"/>
    <property name="test.build.data" value="/opt/src/hadoop-ozone/integration-test/target/test-dir"/>
    <property name="user.country" value="US"/>
    <property name="sun.java.launcher" value="SUN_STANDARD"/>
    <property name="sun.boot.library.path" value="/usr/lib/jvm/java-1.8-openjdk/jre/lib/amd64"/>
    <property name="sun.java.command" value="/opt/src/hadoop-ozone/integration-test/target/surefire/surefirebooter4824876338648232318.jar /opt/src/hadoop-ozone/integration-test/target/surefire 2019-06-14T08-21-37_603-jvmRun1 surefire7296939796847759259tmp surefire_8914702250272317743tmp"/>
    <property name="surefire.test.class.path" value="/opt/src/hadoop-ozone/integration-test/target/test-classes:/opt/src/hadoop-ozone/integration-test/target/classes:/root/.m2/repository/org/apache/hadoop/hadoop-ozone-common/0.5.0-SNAPSHOT/hadoop-ozone-common-0.5.0-SNAPSHOT.jar:/root/.m2/repository/org/apache/commons/commons-compress/1.4.1/commons-compress-1.4.1.jar:/root/.m2/repository/org/tukaani/xz/1.0/xz-1.0.jar:/root/.m2/repository/org/apache/hadoop/hadoop-common/3.2.0/hadoop-common-3.2.0.jar:/root/.m2/repository/org/apache/hadoop/hadoop-hdfs/3.2.0/hadoop-hdfs-3.2.0.jar:/root/.m2/repository/org/apache/hadoop/hadoop-hdfs-client/3.2.0/hadoop-hdfs-client-3.2.0.jar:/root/.m2/repository/com/fasterxml/jackson/core/jackson-annotations/2.9.5/jackson-annotations-2.9.5.jar:/root/.m2/repository/org/apache/hadoop/hadoop-hdds-common/0.5.0-SNAPSHOT/hadoop-hdds-common-0.5.0-SNAPSHOT.jar:/root/.m2/repository/javax/annotation/javax.annotation-api/1.2/javax.annotation-api-1.2.jar:/root/.m2/repository/org/apache/ratis/ratis-server/0.4.0-fe2b15d-SNAPSHOT/ratis-server-0.4.0-fe2b15d-SNAPSHOT.jar:/root/.m2/repository/org/apache/ratis/ratis-thirdparty-misc/0.2.0/ratis-thirdparty-misc-0.2.0.jar:/root/.m2/repository/org/apache/ratis/ratis-proto/0.4.0-fe2b15d-SNAPSHOT/ratis-proto-0.4.0-fe2b15d-SNAPSHOT.jar:/root/.m2/repository/org/apache/ratis/ratis-common/0.4.0-fe2b15d-SNAPSHOT/ratis-common-0.4.0-fe2b15d-SNAPSHOT.jar:/root/.m2/repository/org/apache/ratis/ratis-client/0.4.0-fe2b15d-SNAPSHOT/ratis-client-0.4.0-fe2b15d-SNAPSHOT.jar:/root/.m2/repository/org/apache/ratis/ratis-netty/0.4.0-fe2b15d-SNAPSHOT/ratis-netty-0.4.0-fe2b15d-SNAPSHOT.jar:/root/.m2/repository/org/apache/ratis/ratis-grpc/0.4.0-fe2b15d-SNAPSHOT/ratis-grpc-0.4.0-fe2b15d-SNAPSHOT.jar:/root/.m2/repository/org/rocksdb/rocksdbjni/5.14.2/rocksdbjni-5.14.2.jar:/root/.m2/repository/org/apache/logging/log4j/log4j-api/2.11.0/log4j-api-2.11.0.jar:/root/.m2/repository/org/apache/logging/log4j/log4j-core/2.11.0/log4j-core-2.11.0.jar:/root/.m2/repository/com/lmax/disruptor/3.4.2/disruptor-3.4.2.jar:/root/.m2/repository/org/apache/commons/commons-pool2/2.6.0/commons-pool2-2.6.0.jar:/root/.m2/repository/org/bouncycastle/bcpkix-jdk15on/1.60/bcpkix-jdk15on-1.60.jar:/root/.m2/repository/commons-validator/commons-validator/1.6/commons-validator-1.6.jar:/root/.m2/repository/commons-digester/commons-digester/1.8.1/commons-digester-1.8.1.jar:/root/.m2/repository/io/jaegertracing/jaeger-client/0.33.1/jaeger-client-0.33.1.jar:/root/.m2/repository/io/jaegertracing/jaeger-thrift/0.33.1/jaeger-thrift-0.33.1.jar:/root/.m2/repository/org/apache/thrift/libthrift/0.11.0/libthrift-0.11.0.jar:/root/.m2/repository/com/squareup/okhttp3/okhttp/3.9.0/okhttp-3.9.0.jar:/root/.m2/repository/com/squareup/okio/okio/1.13.0/okio-1.13.0.jar:/root/.m2/repository/io/jaegertracing/jaeger-core/0.33.1/jaeger-core-0.33.1.jar:/root/.m2/repository/io/jaegertracing/jaeger-tracerresolver/0.33.1/jaeger-tracerresolver-0.33.1.jar:/root/.m2/repository/io/opentracing/contrib/opentracing-tracerresolver/0.1.5/opentracing-tracerresolver-0.1.5.jar:/root/.m2/repository/io/opentracing/opentracing-util/0.31.0/opentracing-util-0.31.0.jar:/root/.m2/repository/io/opentracing/opentracing-api/0.31.0/opentracing-api-0.31.0.jar:/root/.m2/repository/io/opentracing/opentracing-noop/0.31.0/opentracing-noop-0.31.0.jar:/root/.m2/repository/org/apache/hadoop/hadoop-hdds-server-framework/0.5.0-SNAPSHOT/hadoop-hdds-server-framework-0.5.0-SNAPSHOT.jar:/root/.m2/repository/org/apache/hadoop/hadoop-hdds-server-scm/0.5.0-SNAPSHOT/hadoop-hdds-server-scm-0.5.0-SNAPSHOT.jar:/root/.m2/repository/org/apache/hadoop/hadoop-hdds-container-service/0.5.0-SNAPSHOT/hadoop-hdds-container-service-0.5.0-SNAPSHOT.jar:/root/.m2/repository/org/apache/hadoop/hadoop-hdds-client/0.5.0-SNAPSHOT/hadoop-hdds-client-0.5.0-SNAPSHOT.jar:/root/.m2/repository/org/apache/hadoop/hadoop-hdds-tools/0.5.0-SNAPSHOT/hadoop-hdds-tools-0.5.0-SNAPSHOT.jar:/root/.m2/repository/org/apache/hadoop/hadoop-ozone-ozone-manager/0.5.0-SNAPSHOT/hadoop-ozone-ozone-manager-0.5.0-SNAPSHOT.jar:/root/.m2/repository/org/apache/hadoop/hadoop-hdds-docs/0.5.0-SNAPSHOT/hadoop-hdds-docs-0.5.0-SNAPSHOT.jar:/root/.m2/repository/org/bouncycastle/bcprov-jdk15on/1.60/bcprov-jdk15on-1.60.jar:/root/.m2/repository/org/apache/hadoop/hadoop-minikdc/3.2.0/hadoop-minikdc-3.2.0.jar:/root/.m2/repository/commons-io/commons-io/2.5/commons-io-2.5.jar:/root/.m2/repository/org/apache/kerby/kerb-simplekdc/1.0.1/kerb-simplekdc-1.0.1.jar:/root/.m2/repository/org/apache/kerby/kerb-client/1.0.1/kerb-client-1.0.1.jar:/root/.m2/repository/org/apache/kerby/kerby-config/1.0.1/kerby-config-1.0.1.jar:/root/.m2/repository/org/apache/kerby/kerb-core/1.0.1/kerb-core-1.0.1.jar:/root/.m2/repository/org/apache/kerby/kerby-pkix/1.0.1/kerby-pkix-1.0.1.jar:/root/.m2/repository/org/apache/kerby/kerby-asn1/1.0.1/kerby-asn1-1.0.1.jar:/root/.m2/repository/org/apache/kerby/kerby-util/1.0.1/kerby-util-1.0.1.jar:/root/.m2/repository/org/apache/kerby/kerb-common/1.0.1/kerb-common-1.0.1.jar:/root/.m2/repository/org/apache/kerby/kerb-crypto/1.0.1/kerb-crypto-1.0.1.jar:/root/.m2/repository/org/apache/kerby/kerb-util/1.0.1/kerb-util-1.0.1.jar:/root/.m2/repository/org/apache/kerby/token-provider/1.0.1/token-provider-1.0.1.jar:/root/.m2/repository/org/apache/kerby/kerb-admin/1.0.1/kerb-admin-1.0.1.jar:/root/.m2/repository/org/apache/kerby/kerb-server/1.0.1/kerb-server-1.0.1.jar:/root/.m2/repository/org/apache/kerby/kerb-identity/1.0.1/kerb-identity-1.0.1.jar:/root/.m2/repository/org/apache/kerby/kerby-xdr/1.0.1/kerby-xdr-1.0.1.jar:/root/.m2/repository/org/slf4j/slf4j-log4j12/1.7.25/slf4j-log4j12-1.7.25.jar:/root/.m2/repository/org/apache/hadoop/hadoop-ozone-objectstore-service/0.5.0-SNAPSHOT/hadoop-ozone-objectstore-service-0.5.0-SNAPSHOT.jar:/root/.m2/repository/org/apache/hadoop/hadoop-ozone-s3gateway/0.5.0-SNAPSHOT/hadoop-ozone-s3gateway-0.5.0-SNAPSHOT.jar:/root/.m2/repository/org/jboss/weld/servlet/weld-servlet/2.4.7.Final/weld-servlet-2.4.7.Final.jar:/root/.m2/repository/org/glassfish/jersey/containers/jersey-container-servlet-core/2.27/jersey-container-servlet-core-2.27.jar:/root/.m2/repository/org/glassfish/hk2/external/javax.inject/2.5.0-b42/javax.inject-2.5.0-b42.jar:/root/.m2/repository/org/glassfish/jersey/core/jersey-common/2.27/jersey-common-2.27.jar:/root/.m2/repository/org/glassfish/hk2/osgi-resource-locator/1.0.1/osgi-resource-locator-1.0.1.jar:/root/.m2/repository/javax/ws/rs/javax.ws.rs-api/2.1/javax.ws.rs-api-2.1.jar:/root/.m2/repository/org/glassfish/jersey/ext/cdi/jersey-cdi1x/2.27/jersey-cdi1x-2.27.jar:/root/.m2/repository/org/glassfish/jersey/inject/jersey-hk2/2.27/jersey-hk2-2.27.jar:/root/.m2/repository/org/glassfish/hk2/hk2-locator/2.5.0-b42/hk2-locator-2.5.0-b42.jar:/root/.m2/repository/org/javassist/javassist/3.22.0-CR2/javassist-3.22.0-CR2.jar:/root/.m2/repository/org/glassfish/hk2/hk2-api/2.5.0/hk2-api-2.5.0.jar:/root/.m2/repository/org/glassfish/hk2/external/jakarta.inject/2.5.0/jakarta.inject-2.5.0.jar:/root/.m2/repository/org/glassfish/hk2/hk2-utils/2.5.0/hk2-utils-2.5.0.jar:/root/.m2/repository/jakarta/annotation/jakarta.annotation-api/1.3.4/jakarta.annotation-api-1.3.4.jar:/root/.m2/repository/org/glassfish/hk2/external/aopalliance-repackaged/2.5.0/aopalliance-repackaged-2.5.0.jar:/root/.m2/repository/com/fasterxml/jackson/dataformat/jackson-dataformat-xml/2.9.0/jackson-dataformat-xml-2.9.0.jar:/root/.m2/repository/com/fasterxml/jackson/core/jackson-core/2.9.5/jackson-core-2.9.5.jar:/root/.m2/repository/com/fasterxml/jackson/module/jackson-module-jaxb-annotations/2.9.5/jackson-module-jaxb-annotations-2.9.5.jar:/root/.m2/repository/javax/enterprise/cdi-api/1.2/cdi-api-1.2.jar:/root/.m2/repository/javax/el/javax.el-api/3.0.0/javax.el-api-3.0.0.jar:/root/.m2/repository/javax/interceptor/javax.interceptor-api/1.2/javax.interceptor-api-1.2.jar:/root/.m2/repository/javax/inject/javax.inject/1/javax.inject-1.jar:/root/.m2/repository/com/sun/xml/bind/jaxb-impl/2.3.0.1/jaxb-impl-2.3.0.1.jar:/root/.m2/repository/com/sun/xml/bind/jaxb-core/2.3.0.1/jaxb-core-2.3.0.1.jar:/root/.m2/repository/javax/xml/bind/jaxb-api/2.3.0/jaxb-api-2.3.0.jar:/root/.m2/repository/javax/activation/activation/1.1.1/activation-1.1.1.jar:/root/.m2/repository/org/apache/hadoop/hadoop-ozone-csi/0.5.0-SNAPSHOT/hadoop-ozone-csi-0.5.0-SNAPSHOT.jar:/root/.m2/repository/com/google/protobuf/protobuf-java-util/3.5.1/protobuf-java-util-3.5.1.jar:/root/.m2/repository/org/apache/hadoop/hadoop-hdds-config/0.5.0-SNAPSHOT/hadoop-hdds-config-0.5.0-SNAPSHOT.jar:/root/.m2/repository/com/google/guava/guava/11.0.2/guava-11.0.2.jar:/root/.m2/repository/com/google/protobuf/protobuf-java/2.5.0/protobuf-java-2.5.0.jar:/root/.m2/repository/io/grpc/grpc-netty/1.17.1/grpc-netty-1.17.1.jar:/root/.m2/repository/io/grpc/grpc-core/1.17.1/grpc-core-1.17.1.jar:/root/.m2/repository/io/grpc/grpc-context/1.17.1/grpc-context-1.17.1.jar:/root/.m2/repository/com/google/errorprone/error_prone_annotations/2.2.0/error_prone_annotations-2.2.0.jar:/root/.m2/repository/org/codehaus/mojo/animal-sniffer-annotations/1.17/animal-sniffer-annotations-1.17.jar:/root/.m2/repository/io/opencensus/opencensus-api/0.17.0/opencensus-api-0.17.0.jar:/root/.m2/repository/io/opencensus/opencensus-contrib-grpc-metrics/0.17.0/opencensus-contrib-grpc-metrics-0.17.0.jar:/root/.m2/repository/io/netty/netty-codec-http2/4.1.30.Final/netty-codec-http2-4.1.30.Final.jar:/root/.m2/repository/io/netty/netty-codec-http/4.1.30.Final/netty-codec-http-4.1.30.Final.jar:/root/.m2/repository/io/netty/netty-codec/4.1.30.Final/netty-codec-4.1.30.Final.jar:/root/.m2/repository/io/netty/netty-handler/4.1.30.Final/netty-handler-4.1.30.Final.jar:/root/.m2/repository/io/netty/netty-handler-proxy/4.1.30.Final/netty-handler-proxy-4.1.30.Final.jar:/root/.m2/repository/io/netty/netty-codec-socks/4.1.30.Final/netty-codec-socks-4.1.30.Final.jar:/root/.m2/repository/io/netty/netty-transport-native-epoll/4.1.30.Final/netty-transport-native-epoll-4.1.30.Final.jar:/root/.m2/repository/io/netty/netty-common/4.1.30.Final/netty-common-4.1.30.Final.jar:/root/.m2/repository/io/netty/netty-buffer/4.1.30.Final/netty-buffer-4.1.30.Final.jar:/root/.m2/repository/io/netty/netty-transport/4.1.30.Final/netty-transport-4.1.30.Final.jar:/root/.m2/repository/io/netty/netty-resolver/4.1.30.Final/netty-resolver-4.1.30.Final.jar:/root/.m2/repository/io/netty/netty-transport-native-unix-common/4.1.30.Final/netty-transport-native-unix-common-4.1.30.Final.jar:/root/.m2/repository/io/grpc/grpc-protobuf/1.17.1/grpc-protobuf-1.17.1.jar:/root/.m2/repository/com/google/api/grpc/proto-google-common-protos/1.0.0/proto-google-common-protos-1.0.0.jar:/root/.m2/repository/io/grpc/grpc-protobuf-lite/1.17.1/grpc-protobuf-lite-1.17.1.jar:/root/.m2/repository/io/grpc/grpc-stub/1.17.1/grpc-stub-1.17.1.jar:/root/.m2/repository/org/apache/hadoop/hadoop-ozone-recon/0.5.0-SNAPSHOT/hadoop-ozone-recon-0.5.0-SNAPSHOT.jar:/root/.m2/repository/org/apache/hadoop/hadoop-ozone-reconcodegen/0.5.0-SNAPSHOT/hadoop-ozone-reconcodegen-0.5.0-SNAPSHOT.jar:/root/.m2/repository/com/google/inject/extensions/guice-multibindings/4.0/guice-multibindings-4.0.jar:/root/.m2/repository/com/google/inject/guice/4.0/guice-4.0.jar:/root/.m2/repository/aopalliance/aopalliance/1.0/aopalliance-1.0.jar:/root/.m2/repository/com/google/inject/extensions/guice-servlet/4.0/guice-servlet-4.0.jar:/root/.m2/repository/org/glassfish/jersey/containers/jersey-container-servlet/2.27/jersey-container-servlet-2.27.jar:/root/.m2/repository/org/glassfish/hk2/guice-bridge/2.5.0/guice-bridge-2.5.0.jar:/root/.m2/repository/org/glassfish/jersey/core/jersey-server/2.27/jersey-server-2.27.jar:/root/.m2/repository/org/glassfish/jersey/core/jersey-client/2.27/jersey-client-2.27.jar:/root/.m2/repository/org/glassfish/jersey/media/jersey-media-jaxb/2.27/jersey-media-jaxb-2.27.jar:/root/.m2/repository/javax/validation/validation-api/1.1.0.Final/validation-api-1.1.0.Final.jar:/root/.m2/repository/org/glassfish/jersey/media/jersey-media-json-jackson/2.27/jersey-media-json-jackson-2.27.jar:/root/.m2/repository/org/glassfish/jersey/ext/jersey-entity-filtering/2.27/jersey-entity-filtering-2.27.jar:/root/.m2/repository/com/google/inject/extensions/guice-assistedinject/4.0/guice-assistedinject-4.0.jar:/root/.m2/repository/org/jooq/jooq/3.11.10/jooq-3.11.10.jar:/root/.m2/repository/org/jooq/jooq-meta/3.11.10/jooq-meta-3.11.10.jar:/root/.m2/repository/org/jooq/jooq-codegen/3.11.10/jooq-codegen-3.11.10.jar:/root/.m2/repository/com/jolbox/bonecp/0.8.0.RELEASE/bonecp-0.8.0.RELEASE.jar:/root/.m2/repository/org/xerial/sqlite-jdbc/3.25.2/sqlite-jdbc-3.25.2.jar:/root/.m2/repository/org/springframework/spring-jdbc/5.1.3.RELEASE/spring-jdbc-5.1.3.RELEASE.jar:/root/.m2/repository/org/springframework/spring-beans/5.1.3.RELEASE/spring-beans-5.1.3.RELEASE.jar:/root/.m2/repository/org/springframework/spring-core/5.1.3.RELEASE/spring-core-5.1.3.RELEASE.jar:/root/.m2/repository/org/springframework/spring-jcl/5.1.3.RELEASE/spring-jcl-5.1.3.RELEASE.jar:/root/.m2/repository/org/springframework/spring-tx/5.1.3.RELEASE/spring-tx-5.1.3.RELEASE.jar:/root/.m2/repository/org/apache/hadoop/hadoop-ozone-client/0.5.0-SNAPSHOT/hadoop-ozone-client-0.5.0-SNAPSHOT.jar:/root/.m2/repository/org/apache/hadoop/hadoop-ozone-ozone-manager/0.5.0-SNAPSHOT/hadoop-ozone-ozone-manager-0.5.0-SNAPSHOT-tests.jar:/root/.m2/repository/junit/junit/4.11/junit-4.11.jar:/root/.m2/repository/org/hamcrest/hamcrest-core/1.3/hamcrest-core-1.3.jar:/root/.m2/repository/org/openjdk/jmh/jmh-core/1.19/jmh-core-1.19.jar:/root/.m2/repository/net/sf/jopt-simple/jopt-simple/4.6/jopt-simple-4.6.jar:/root/.m2/repository/org/apache/commons/commons-math3/3.1.1/commons-math3-3.1.1.jar:/root/.m2/repository/org/openjdk/jmh/jmh-generator-annprocess/1.19/jmh-generator-annprocess-1.19.jar:/root/.m2/repository/org/mockito/mockito-all/1.8.5/mockito-all-1.8.5.jar:/root/.m2/repository/org/apache/hadoop/hadoop-kms/3.2.0/hadoop-kms-3.2.0.jar:/root/.m2/repository/org/apache/hadoop/hadoop-auth/3.2.0/hadoop-auth-3.2.0.jar:/root/.m2/repository/com/nimbusds/nimbus-jose-jwt/4.41.1/nimbus-jose-jwt-4.41.1.jar:/root/.m2/repository/com/github/stephenc/jcip/jcip-annotations/1.0-1/jcip-annotations-1.0-1.jar:/root/.m2/repository/net/minidev/json-smart/2.3/json-smart-2.3.jar:/root/.m2/repository/net/minidev/accessors-smart/1.2/accessors-smart-1.2.jar:/root/.m2/repository/org/ow2/asm/asm/5.0.4/asm-5.0.4.jar:/root/.m2/repository/org/apache/curator/curator-framework/2.12.0/curator-framework-2.12.0.jar:/root/.m2/repository/com/sun/jersey/jersey-core/1.19/jersey-core-1.19.jar:/root/.m2/repository/javax/ws/rs/jsr311-api/1.1.1/jsr311-api-1.1.1.jar:/root/.m2/repository/com/sun/jersey/jersey-server/1.19/jersey-server-1.19.jar:/root/.m2/repository/javax/servlet/javax.servlet-api/3.1.0/javax.servlet-api-3.1.0.jar:/root/.m2/repository/org/eclipse/jetty/jetty-server/9.3.24.v20180605/jetty-server-9.3.24.v20180605.jar:/root/.m2/repository/org/eclipse/jetty/jetty-http/9.3.24.v20180605/jetty-http-9.3.24.v20180605.jar:/root/.m2/repository/org/eclipse/jetty/jetty-io/9.3.24.v20180605/jetty-io-9.3.24.v20180605.jar:/root/.m2/repository/org/eclipse/jetty/jetty-webapp/9.3.24.v20180605/jetty-webapp-9.3.24.v20180605.jar:/root/.m2/repository/org/eclipse/jetty/jetty-xml/9.3.24.v20180605/jetty-xml-9.3.24.v20180605.jar:/root/.m2/repository/log4j/log4j/1.2.17/log4j-1.2.17.jar:/root/.m2/repository/org/slf4j/slf4j-api/1.7.25/slf4j-api-1.7.25.jar:/root/.m2/repository/org/slf4j/jul-to-slf4j/1.7.25/jul-to-slf4j-1.7.25.jar:/root/.m2/repository/org/eclipse/jetty/jetty-util/9.3.24.v20180605/jetty-util-9.3.24.v20180605.jar:/root/.m2/repository/io/dropwizard/metrics/metrics-core/3.2.4/metrics-core-3.2.4.jar:/root/.m2/repository/com/fasterxml/jackson/core/jackson-databind/2.9.5/jackson-databind-2.9.5.jar:/root/.m2/repository/org/apache/hadoop/hadoop-kms/3.2.0/hadoop-kms-3.2.0-tests.jar:/root/.m2/repository/org/apache/hadoop/hadoop-hdds-server-scm/0.5.0-SNAPSHOT/hadoop-hdds-server-scm-0.5.0-SNAPSHOT-tests.jar:/root/.m2/repository/org/hamcrest/hamcrest-all/1.3/hamcrest-all-1.3.jar:/root/.m2/repository/info/picocli/picocli/3.9.6/picocli-3.9.6.jar:/root/.m2/repository/org/apache/hadoop/hadoop-hdds-container-service/0.5.0-SNAPSHOT/hadoop-hdds-container-service-0.5.0-SNAPSHOT-tests.jar:/root/.m2/repository/org/yaml/snakeyaml/1.16/snakeyaml-1.16.jar:/root/.m2/repository/org/apache/hadoop/hadoop-common/3.2.0/hadoop-common-3.2.0-tests.jar:/root/.m2/repository/org/apache/hadoop/hadoop-annotations/3.2.0/hadoop-annotations-3.2.0.jar:/usr/lib/jvm/java-1.8-openjdk/jre/../lib/tools.jar:/root/.m2/repository/commons-cli/commons-cli/1.2/commons-cli-1.2.jar:/root/.m2/repository/org/apache/httpcomponents/httpclient/4.5.2/httpclient-4.5.2.jar:/root/.m2/repository/org/apache/httpcomponents/httpcore/4.4.4/httpcore-4.4.4.jar:/root/.m2/repository/commons-codec/commons-codec/1.11/commons-codec-1.11.jar:/root/.m2/repository/commons-net/commons-net/3.6/commons-net-3.6.jar:/root/.m2/repository/commons-collections/commons-collections/3.2.2/commons-collections-3.2.2.jar:/root/.m2/repository/org/eclipse/jetty/jetty-servlet/9.3.24.v20180605/jetty-servlet-9.3.24.v20180605.jar:/root/.m2/repository/org/eclipse/jetty/jetty-security/9.3.24.v20180605/jetty-security-9.3.24.v20180605.jar:/root/.m2/repository/javax/servlet/jsp/jsp-api/2.1/jsp-api-2.1.jar:/root/.m2/repository/com/sun/jersey/jersey-servlet/1.19/jersey-servlet-1.19.jar:/root/.m2/repository/com/sun/jersey/jersey-json/1.19/jersey-json-1.19.jar:/root/.m2/repository/org/codehaus/jettison/jettison/1.1/jettison-1.1.jar:/root/.m2/repository/org/codehaus/jackson/jackson-core-asl/1.9.13/jackson-core-asl-1.9.13.jar:/root/.m2/repository/org/codehaus/jackson/jackson-mapper-asl/1.9.13/jackson-mapper-asl-1.9.13.jar:/root/.m2/repository/org/codehaus/jackson/jackson-jaxrs/1.9.13/jackson-jaxrs-1.9.13.jar:/root/.m2/repository/org/codehaus/jackson/jackson-xc/1.9.13/jackson-xc-1.9.13.jar:/root/.m2/repository/commons-logging/commons-logging/1.1.3/commons-logging-1.1.3.jar:/root/.m2/repository/commons-beanutils/commons-beanutils/1.9.3/commons-beanutils-1.9.3.jar:/root/.m2/repository/org/apache/commons/commons-configuration2/2.1.1/commons-configuration2-2.1.1.jar:/root/.m2/repository/org/apache/commons/commons-lang3/3.7/commons-lang3-3.7.jar:/root/.m2/repository/org/apache/commons/commons-text/1.4/commons-text-1.4.jar:/root/.m2/repository/org/apache/avro/avro/1.7.7/avro-1.7.7.jar:/root/.m2/repository/com/thoughtworks/paranamer/paranamer/2.3/paranamer-2.3.jar:/root/.m2/repository/org/xerial/snappy/snappy-java/1.0.5/snappy-java-1.0.5.jar:/root/.m2/repository/com/google/re2j/re2j/1.1/re2j-1.1.jar:/root/.m2/repository/com/google/code/gson/gson/2.2.4/gson-2.2.4.jar:/root/.m2/repository/com/jcraft/jsch/0.1.54/jsch-0.1.54.jar:/root/.m2/repository/org/apache/curator/curator-client/2.12.0/curator-client-2.12.0.jar:/root/.m2/repository/org/apache/curator/curator-recipes/2.12.0/curator-recipes-2.12.0.jar:/root/.m2/repository/com/google/code/findbugs/jsr305/3.0.0/jsr305-3.0.0.jar:/root/.m2/repository/org/apache/htrace/htrace-core4/4.1.0-incubating/htrace-core4-4.1.0-incubating.jar:/root/.m2/repository/org/apache/zookeeper/zookeeper/3.4.13/zookeeper-3.4.13.jar:/root/.m2/repository/org/apache/yetus/audience-annotations/0.5.0/audience-annotations-0.5.0.jar:/root/.m2/repository/org/codehaus/woodstox/stax2-api/3.1.4/stax2-api-3.1.4.jar:/root/.m2/repository/com/fasterxml/woodstox/woodstox-core/5.0.3/woodstox-core-5.0.3.jar:/root/.m2/repository/dnsjava/dnsjava/2.1.7/dnsjava-2.1.7.jar:/root/.m2/repository/org/apache/hadoop/hadoop-hdfs/3.2.0/hadoop-hdfs-3.2.0-tests.jar:/root/.m2/repository/org/eclipse/jetty/jetty-util-ajax/9.3.24.v20180605/jetty-util-ajax-9.3.24.v20180605.jar:/root/.m2/repository/commons-daemon/commons-daemon/1.0.13/commons-daemon-1.0.13.jar:/root/.m2/repository/io/netty/netty/3.10.5.Final/netty-3.10.5.Final.jar:/root/.m2/repository/io/netty/netty-all/4.0.52.Final/netty-all-4.0.52.Final.jar:/root/.m2/repository/org/fusesource/leveldbjni/leveldbjni-all/1.8/leveldbjni-all-1.8.jar:"/>
    <property name="sun.cpu.endian" value="little"/>
    <property name="user.home" value="/root"/>
    <property name="user.language" value="en"/>
    <property name="java.specification.vendor" value="Oracle Corporation"/>
    <property name="java.home" value="/usr/lib/jvm/java-1.8-openjdk/jre"/>
    <property name="java.security.krb5.conf" value="/opt/src/hadoop-ozone/integration-test/target/test-classes/krb5.conf"/>
    <property name="basedir" value="/opt/src/hadoop-ozone/integration-test"/>
    <property name="file.separator" value="/"/>
    <property name="line.separator" value="&#10;"/>
    <property name="java.vm.specification.vendor" value="Oracle Corporation"/>
    <property name="java.specification.name" value="Java Platform API Specification"/>
    <property name="java.awt.graphicsenv" value="sun.awt.X11GraphicsEnvironment"/>
    <property name="surefire.real.class.path" value="/opt/src/hadoop-ozone/integration-test/target/surefire/surefirebooter4824876338648232318.jar"/>
    <property name="hadoop.log.dir" value="/opt/src/hadoop-ozone/integration-test/target/log"/>
    <property name="sun.boot.class.path" value="/usr/lib/jvm/java-1.8-openjdk/jre/lib/resources.jar:/usr/lib/jvm/java-1.8-openjdk/jre/lib/rt.jar:/usr/lib/jvm/java-1.8-openjdk/jre/lib/sunrsasign.jar:/usr/lib/jvm/java-1.8-openjdk/jre/lib/jsse.jar:/usr/lib/jvm/java-1.8-openjdk/jre/lib/jce.jar:/usr/lib/jvm/java-1.8-openjdk/jre/lib/charsets.jar:/usr/lib/jvm/java-1.8-openjdk/jre/lib/jfr.jar:/usr/lib/jvm/java-1.8-openjdk/jre/classes"/>
    <property name="sun.management.compiler" value="HotSpot 64-Bit Tiered Compilers"/>
    <property name="java.runtime.version" value="1.8.0_212-b04"/>
    <property name="java.net.preferIPv4Stack" value="true"/>
    <property name="user.name" value="root"/>
    <property name="path.separator" value=":"/>
    <property name="java.security.egd" value="file:///dev/urandom"/>
    <property name="os.version" value="4.15.0-1021-aws"/>
    <property name="java.endorsed.dirs" value="/usr/lib/jvm/java-1.8-openjdk/jre/lib/endorsed"/>
    <property name="java.runtime.name" value="OpenJDK Runtime Environment"/>
    <property name="file.encoding" value="UTF-8"/>
    <property name="java.vm.name" value="OpenJDK 64-Bit Server VM"/>
    <property name="test.build.webapps" value=""/>
    <property name="localRepository" value="/root/.m2/repository"/>
    <property name="java.vendor.url.bug" value="https://icedtea.classpath.org/bugzilla"/>
    <property name="java.io.tmpdir" value="/tmp"/>
    <property name="require.test.libhadoop" value=""/>
    <property name="java.version" value="1.8.0_212"/>
    <property name="user.dir" value="/opt/src/hadoop-ozone/integration-test"/>
    <property name="os.arch" value="amd64"/>
    <property name="java.vm.specification.name" value="Java Virtual Machine Specification"/>
    <property name="test.build.classes" value="/opt/src/hadoop-ozone/integration-test/target/test-classes"/>
    <property name="java.awt.printerjob" value="sun.print.PSPrinterJob"/>
    <property name="sun.os.patch.level" value="unknown"/>
    <property name="hadoop.tmp.dir" value="/opt/src/hadoop-ozone/integration-test/target/tmp"/>
    <property name="java.library.path" value="/usr/lib/jvm/java-1.8-openjdk/jre/lib/amd64/server:/usr/lib/jvm/java-1.8-openjdk/jre/lib/amd64:/usr/lib/jvm/java-1.8-openjdk/jre/../lib/amd64:/opt/src/hadoop-ozone/integration-test/target/native/target/usr/local/lib:/opt/src/hadoop-ozone/integration-test/../../hadoop-common-project/hadoop-common/target/native/target/usr/local/lib:/usr/java/packages/lib/amd64:/usr/lib64:/lib64:/lib:/usr/lib"/>
    <property name="java.vm.info" value="mixed mode"/>
    <property name="java.vendor" value="IcedTea"/>
    <property name="java.vm.version" value="25.212-b04"/>
    <property name="java.ext.dirs" value="/usr/lib/jvm/java-1.8-openjdk/jre/lib/ext:/usr/java/packages/lib/ext"/>
    <property name="sun.io.unicode.encoding" value="UnicodeLittle"/>
    <property name="java.class.version" value="52.0"/>
  </properties>
  <testcase name="testPipelineFail" classname="org.apache.hadoop.hdds.scm.pipeline.TestNodeFailure" time="0">
    <skipped/>
    <system-out><![CDATA[2019-06-14 08:25:31,141 WARN  server.ServerUtils (ServerUtils.java:getScmDbDir(145)) - ozone.scm.db.dirs is not configured. We recommend adding this setting. Falling back to ozone.metadata.dirs instead.
2019-06-14 08:25:31,206 WARN  server.ServerUtils (ServerUtils.java:getScmDbDir(145)) - ozone.scm.db.dirs is not configured. We recommend adding this setting. Falling back to ozone.metadata.dirs instead.
2019-06-14 08:25:31,209 WARN  server.ServerUtils (ServerUtils.java:getScmDbDir(145)) - ozone.scm.db.dirs is not configured. We recommend adding this setting. Falling back to ozone.metadata.dirs instead.
2019-06-14 08:25:31,223 INFO  util.log (Log.java:initialized(192)) - Logging initialized @655ms
2019-06-14 08:25:31,302 INFO  db.DBStoreBuilder (DBStoreBuilder.java:addTable(110)) - using custom profile for table: deletedBlocks
2019-06-14 08:25:31,302 INFO  db.DBStoreBuilder (DBStoreBuilder.java:processTables(161)) - Using default column profile:DBProfile.DISK for Table:deletedBlocks
2019-06-14 08:25:31,303 INFO  db.DBStoreBuilder (DBStoreBuilder.java:addTable(110)) - using custom profile for table: validCerts
2019-06-14 08:25:31,303 INFO  db.DBStoreBuilder (DBStoreBuilder.java:processTables(161)) - Using default column profile:DBProfile.DISK for Table:validCerts
2019-06-14 08:25:31,303 INFO  db.DBStoreBuilder (DBStoreBuilder.java:addTable(110)) - using custom profile for table: revokedCerts
2019-06-14 08:25:31,303 INFO  db.DBStoreBuilder (DBStoreBuilder.java:processTables(161)) - Using default column profile:DBProfile.DISK for Table:revokedCerts
2019-06-14 08:25:31,312 INFO  db.DBStoreBuilder (DBStoreBuilder.java:addTable(110)) - using custom profile for table: default
2019-06-14 08:25:31,313 INFO  db.DBStoreBuilder (DBStoreBuilder.java:processTables(167)) - Using default column profile:DBProfile.DISK for Table:default
2019-06-14 08:25:31,314 INFO  db.DBStoreBuilder (DBStoreBuilder.java:getDbProfile(198)) - Using default options. DBProfile.DISK
2019-06-14 08:25:31,378 INFO  node.SCMNodeManager (SCMNodeManager.java:<init>(108)) - Entering startup safe mode.
2019-06-14 08:25:31,428 INFO  net.NodeSchemaLoader (NodeSchemaLoader.java:loadSchemaFromFile(125)) - Loading file from sun.misc.CompoundEnumeration@443118b0
2019-06-14 08:25:31,429 INFO  net.NodeSchemaLoader (NodeSchemaLoader.java:loadSchema(171)) - Loading network topology layer schema file
2019-06-14 08:25:31,476 WARN  server.ServerUtils (ServerUtils.java:getScmDbDir(145)) - ozone.scm.db.dirs is not configured. We recommend adding this setting. Falling back to ozone.metadata.dirs instead.
2019-06-14 08:25:31,495 INFO  pipeline.SCMPipelineManager (SCMPipelineManager.java:initializePipelineState(126)) - No pipeline exists in current db
2019-06-14 08:25:31,497 WARN  server.ServerUtils (ServerUtils.java:getScmDbDir(145)) - ozone.scm.db.dirs is not configured. We recommend adding this setting. Falling back to ozone.metadata.dirs instead.
2019-06-14 08:25:31,549 WARN  events.EventQueue (EventQueue.java:fireEvent(175)) - No event handler registered for event TypedEvent{payloadType=SafeModeStatus, name='SafeModeStatus'}
2019-06-14 08:25:31,819 INFO  ipc.CallQueueManager (CallQueueManager.java:<init>(84)) - Using callQueue: class java.util.concurrent.LinkedBlockingQueue, queueCapacity: 2000, scheduler: class org.apache.hadoop.ipc.DefaultRpcScheduler, ipcBackoff: false.
2019-06-14 08:25:31,842 INFO  ipc.Server (Server.java:run(1074)) - Starting Socket Reader #1 for port 46271
2019-06-14 08:25:31,864 INFO  ipc.CallQueueManager (CallQueueManager.java:<init>(84)) - Using callQueue: class java.util.concurrent.LinkedBlockingQueue, queueCapacity: 2000, scheduler: class org.apache.hadoop.ipc.DefaultRpcScheduler, ipcBackoff: false.
2019-06-14 08:25:31,865 INFO  ipc.Server (Server.java:run(1074)) - Starting Socket Reader #1 for port 41321
2019-06-14 08:25:31,871 INFO  ipc.CallQueueManager (CallQueueManager.java:<init>(84)) - Using callQueue: class java.util.concurrent.LinkedBlockingQueue, queueCapacity: 2000, scheduler: class org.apache.hadoop.ipc.DefaultRpcScheduler, ipcBackoff: false.
2019-06-14 08:25:31,898 INFO  ipc.Server (Server.java:run(1074)) - Starting Socket Reader #1 for port 37921
2019-06-14 08:25:31,948 INFO  hdfs.DFSUtil (DFSUtil.java:httpServerTemplateForNNAndJN(1641)) - Starting Web-server for scm at: http://0.0.0.0:0
2019-06-14 08:25:32,074 INFO  server.AuthenticationFilter (AuthenticationFilter.java:constructSecretProvider(240)) - Unable to initialize FileSignerSecretProvider, falling back to use random secrets.
2019-06-14 08:25:32,080 WARN  http.HttpRequestLog (HttpRequestLog.java:getRequestLog(97)) - Jetty request log can only be enabled using Log4j
2019-06-14 08:25:32,086 INFO  http.HttpServer2 (HttpServer2.java:addGlobalFilter(975)) - Added global filter 'safety' (class=org.apache.hadoop.http.HttpServer2$QuotingInputFilter)
2019-06-14 08:25:32,089 INFO  http.HttpServer2 (HttpServer2.java:addFilter(948)) - Added filter static_user_filter (class=org.apache.hadoop.http.lib.StaticUserWebFilter$StaticUserFilter) to context scm
2019-06-14 08:25:32,089 INFO  http.HttpServer2 (HttpServer2.java:addFilter(958)) - Added filter static_user_filter (class=org.apache.hadoop.http.lib.StaticUserWebFilter$StaticUserFilter) to context logs
2019-06-14 08:25:32,089 INFO  http.HttpServer2 (HttpServer2.java:addFilter(958)) - Added filter static_user_filter (class=org.apache.hadoop.http.lib.StaticUserWebFilter$StaticUserFilter) to context static
2019-06-14 08:25:32,113 INFO  server.StorageContainerManager (StorageContainerManager.java:start(752)) - StorageContainerLocationProtocol RPC server is listening at /0.0.0.0:37921
2019-06-14 08:25:32,157 WARN  impl.MetricsConfig (MetricsConfig.java:loadFirst(134)) - Cannot locate configuration: tried hadoop-metrics2-storagecontainermanager.properties,hadoop-metrics2.properties
2019-06-14 08:25:32,166 INFO  impl.MetricsSystemImpl (MetricsSystemImpl.java:startTimer(374)) - Scheduled Metric snapshot period at 10 second(s).
2019-06-14 08:25:32,166 INFO  impl.MetricsSystemImpl (MetricsSystemImpl.java:start(191)) - StorageContainerManager metrics system started
2019-06-14 08:25:32,323 INFO  server.SCMClientProtocolServer (SCMClientProtocolServer.java:start(149)) - RPC server for Client  is listening at /0.0.0.0:37921
2019-06-14 08:25:32,323 INFO  ipc.Server (Server.java:run(1314)) - IPC Server Responder: starting
2019-06-14 08:25:32,323 INFO  ipc.Server (Server.java:run(1153)) - IPC Server listener on 37921: starting
2019-06-14 08:25:32,326 INFO  server.StorageContainerManager (StorageContainerManager.java:start(761)) - ScmBlockLocationProtocol RPC server is listening at /0.0.0.0:41321
2019-06-14 08:25:32,326 INFO  server.SCMBlockProtocolServer (SCMBlockProtocolServer.java:start(137)) - RPC server for Block Protocol is listening at /0.0.0.0:41321
2019-06-14 08:25:32,326 INFO  ipc.Server (Server.java:run(1314)) - IPC Server Responder: starting
2019-06-14 08:25:32,326 INFO  ipc.Server (Server.java:run(1153)) - IPC Server listener on 41321: starting
2019-06-14 08:25:32,328 INFO  server.StorageContainerManager (StorageContainerManager.java:start(765)) - ScmDatanodeProtocl RPC server is listening at /0.0.0.0:46271
2019-06-14 08:25:32,328 INFO  server.SCMDatanodeProtocolServer (SCMDatanodeProtocolServer.java:start(191)) - RPC server for DataNodes is listening at /0.0.0.0:46271
2019-06-14 08:25:32,329 INFO  ipc.Server (Server.java:run(1314)) - IPC Server Responder: starting
2019-06-14 08:25:32,329 INFO  ipc.Server (Server.java:run(1153)) - IPC Server listener on 46271: starting
2019-06-14 08:25:32,332 INFO  http.HttpServer2 (HttpServer2.java:bindListener(1191)) - Jetty bound to port 36987
2019-06-14 08:25:32,333 INFO  server.Server (Server.java:doStart(351)) - jetty-9.3.24.v20180605, build timestamp: 2018-06-05T17:11:56Z, git hash: 84205aa28f11a4f31f2a3b86d1bba2cc8ab69827
2019-06-14 08:25:32,360 INFO  handler.ContextHandler (ContextHandler.java:doStart(781)) - Started o.e.j.s.ServletContextHandler@2df6226d{/logs,file:///opt/src/hadoop-ozone/integration-test/target/log,AVAILABLE}
2019-06-14 08:25:32,361 INFO  handler.ContextHandler (ContextHandler.java:doStart(781)) - Started o.e.j.s.ServletContextHandler@4ff4357f{/static,file:///opt/src/hadoop-ozone/integration-test/target/test-classes/webapps/static,AVAILABLE}
2019-06-14 08:25:32,384 INFO  handler.ContextHandler (ContextHandler.java:doStart(781)) - Started o.e.j.w.WebAppContext@2484f433{/,file:///opt/src/hadoop-ozone/integration-test/target/test-classes/webapps/scm/,AVAILABLE}{/scm}
2019-06-14 08:25:32,389 INFO  server.AbstractConnector (AbstractConnector.java:doStart(278)) - Started ServerConnector@841e575{HTTP/1.1,[http/1.1]}{0.0.0.0:36987}
2019-06-14 08:25:32,389 INFO  server.Server (Server.java:doStart(419)) - Started @1821ms
2019-06-14 08:25:32,390 INFO  server.BaseHttpServer (BaseHttpServer.java:updateConnectorAddress(207)) - HTTP server of SCM is listening at http://0.0.0.0:36987
2019-06-14 08:25:32,396 INFO  util.JvmPauseMonitor (JvmPauseMonitor.java:run(188)) - Starting JVM pause monitor
2019-06-14 08:25:32,399 WARN  scm.ScmUtils (ScmUtils.java:getDBPath(63)) - ozone.om.db.dirs is not configured. We recommend adding this setting. Falling back to ozone.metadata.dirs instead.
2019-06-14 08:25:32,479 WARN  scm.ScmUtils (ScmUtils.java:getDBPath(63)) - ozone.om.db.dirs is not configured. We recommend adding this setting. Falling back to ozone.metadata.dirs instead.
2019-06-14 08:25:32,480 INFO  om.OzoneManager (OzoneManager.java:setOMNodeDetails(519)) - OM Service ID is not set. Setting it to the default ID: omServiceIdDefault
2019-06-14 08:25:32,481 INFO  om.OzoneManager (OzoneManager.java:setOMNodeDetails(525)) - OM Node ID is not set. Setting it to the OmStorage's OmID: 0361e2ff-f389-46c4-9caf-69209c7be02b
2019-06-14 08:25:32,482 WARN  scm.HddsServerUtil (HddsServerUtil.java:getDefaultRatisDirectory(354)) - Storage directory for Ratis is not configured. It is a good idea to map this to an SSD disk. Falling back to ozone.metadata.dirs
2019-06-14 08:25:32,482 WARN  scm.HddsServerUtil (HddsServerUtil.java:getDefaultRatisDirectory(354)) - Storage directory for Ratis is not configured. It is a good idea to map this to an SSD disk. Falling back to ozone.metadata.dirs
2019-06-14 08:25:32,483 INFO  om.OzoneManager (OzoneManager.java:loadOMHAConfigs(476)) - Found matching OM address with OMServiceId: null, OMNodeId: null, RPC Address: localhost:0 and Ratis port: 9872
2019-06-14 08:25:32,634 WARN  scm.ScmUtils (ScmUtils.java:getDBPath(63)) - ozone.om.db.dirs is not configured. We recommend adding this setting. Falling back to ozone.metadata.dirs instead.
2019-06-14 08:25:32,642 INFO  db.DBStoreBuilder (DBStoreBuilder.java:addTable(110)) - using custom profile for table: userTable
2019-06-14 08:25:32,642 INFO  db.DBStoreBuilder (DBStoreBuilder.java:processTables(161)) - Using default column profile:DBProfile.DISK for Table:userTable
2019-06-14 08:25:32,643 INFO  db.DBStoreBuilder (DBStoreBuilder.java:addTable(110)) - using custom profile for table: volumeTable
2019-06-14 08:25:32,643 INFO  db.DBStoreBuilder (DBStoreBuilder.java:processTables(161)) - Using default column profile:DBProfile.DISK for Table:volumeTable
2019-06-14 08:25:32,643 INFO  db.DBStoreBuilder (DBStoreBuilder.java:addTable(110)) - using custom profile for table: bucketTable
2019-06-14 08:25:32,643 INFO  db.DBStoreBuilder (DBStoreBuilder.java:processTables(161)) - Using default column profile:DBProfile.DISK for Table:bucketTable
2019-06-14 08:25:32,644 INFO  db.DBStoreBuilder (DBStoreBuilder.java:addTable(110)) - using custom profile for table: keyTable
2019-06-14 08:25:32,644 INFO  db.DBStoreBuilder (DBStoreBuilder.java:processTables(161)) - Using default column profile:DBProfile.DISK for Table:keyTable
2019-06-14 08:25:32,644 INFO  db.DBStoreBuilder (DBStoreBuilder.java:addTable(110)) - using custom profile for table: deletedTable
2019-06-14 08:25:32,645 INFO  db.DBStoreBuilder (DBStoreBuilder.java:processTables(161)) - Using default column profile:DBProfile.DISK for Table:deletedTable
2019-06-14 08:25:32,645 INFO  db.DBStoreBuilder (DBStoreBuilder.java:addTable(110)) - using custom profile for table: openKeyTable
2019-06-14 08:25:32,645 INFO  db.DBStoreBuilder (DBStoreBuilder.java:processTables(161)) - Using default column profile:DBProfile.DISK for Table:openKeyTable
2019-06-14 08:25:32,646 INFO  db.DBStoreBuilder (DBStoreBuilder.java:addTable(110)) - using custom profile for table: s3Table
2019-06-14 08:25:32,646 INFO  db.DBStoreBuilder (DBStoreBuilder.java:processTables(161)) - Using default column profile:DBProfile.DISK for Table:s3Table
2019-06-14 08:25:32,646 INFO  db.DBStoreBuilder (DBStoreBuilder.java:addTable(110)) - using custom profile for table: multipartInfoTable
2019-06-14 08:25:32,646 INFO  db.DBStoreBuilder (DBStoreBuilder.java:processTables(161)) - Using default column profile:DBProfile.DISK for Table:multipartInfoTable
2019-06-14 08:25:32,647 INFO  db.DBStoreBuilder (DBStoreBuilder.java:addTable(110)) - using custom profile for table: dTokenTable
2019-06-14 08:25:32,647 INFO  db.DBStoreBuilder (DBStoreBuilder.java:processTables(161)) - Using default column profile:DBProfile.DISK for Table:dTokenTable
2019-06-14 08:25:32,647 INFO  db.DBStoreBuilder (DBStoreBuilder.java:addTable(110)) - using custom profile for table: s3SecretTable
2019-06-14 08:25:32,647 INFO  db.DBStoreBuilder (DBStoreBuilder.java:processTables(161)) - Using default column profile:DBProfile.DISK for Table:s3SecretTable
2019-06-14 08:25:32,648 INFO  db.DBStoreBuilder (DBStoreBuilder.java:addTable(110)) - using custom profile for table: prefixTable
2019-06-14 08:25:32,648 INFO  db.DBStoreBuilder (DBStoreBuilder.java:processTables(161)) - Using default column profile:DBProfile.DISK for Table:prefixTable
2019-06-14 08:25:32,648 INFO  db.DBStoreBuilder (DBStoreBuilder.java:addTable(110)) - using custom profile for table: default
2019-06-14 08:25:32,649 INFO  db.DBStoreBuilder (DBStoreBuilder.java:processTables(167)) - Using default column profile:DBProfile.DISK for Table:default
2019-06-14 08:25:32,649 INFO  db.DBStoreBuilder (DBStoreBuilder.java:getDbProfile(198)) - Using default options. DBProfile.DISK
2019-06-14 08:25:33,120 INFO  ipc.CallQueueManager (CallQueueManager.java:<init>(84)) - Using callQueue: class java.util.concurrent.LinkedBlockingQueue, queueCapacity: 2000, scheduler: class org.apache.hadoop.ipc.DefaultRpcScheduler, ipcBackoff: false.
2019-06-14 08:25:33,121 INFO  ipc.Server (Server.java:run(1074)) - Starting Socket Reader #1 for port 43811
2019-06-14 08:25:33,141 WARN  scm.ScmUtils (ScmUtils.java:getDBPath(63)) - ozone.om.db.dirs is not configured. We recommend adding this setting. Falling back to ozone.metadata.dirs instead.
2019-06-14 08:25:33,141 INFO  om.OzoneManager (OzoneManager.java:start(1217)) - OzoneManager RPC server is listening at localhost/127.0.0.1:43811
2019-06-14 08:25:33,142 INFO  impl.MetricsSystemImpl (MetricsSystemImpl.java:init(158)) - OzoneManager metrics system started (again)
2019-06-14 08:25:33,143 INFO  ipc.Server (Server.java:run(1314)) - IPC Server Responder: starting
2019-06-14 08:25:33,143 INFO  ipc.Server (Server.java:run(1153)) - IPC Server listener on 43811: starting
2019-06-14 08:25:33,188 INFO  hdfs.DFSUtil (DFSUtil.java:httpServerTemplateForNNAndJN(1641)) - Starting Web-server for ozoneManager at: http://0.0.0.0:0
2019-06-14 08:25:33,189 INFO  server.AuthenticationFilter (AuthenticationFilter.java:constructSecretProvider(240)) - Unable to initialize FileSignerSecretProvider, falling back to use random secrets.
2019-06-14 08:25:33,190 WARN  http.HttpRequestLog (HttpRequestLog.java:getRequestLog(97)) - Jetty request log can only be enabled using Log4j
2019-06-14 08:25:33,192 INFO  http.HttpServer2 (HttpServer2.java:addGlobalFilter(975)) - Added global filter 'safety' (class=org.apache.hadoop.http.HttpServer2$QuotingInputFilter)
2019-06-14 08:25:33,192 INFO  http.HttpServer2 (HttpServer2.java:addFilter(948)) - Added filter static_user_filter (class=org.apache.hadoop.http.lib.StaticUserWebFilter$StaticUserFilter) to context ozoneManager
2019-06-14 08:25:33,192 INFO  http.HttpServer2 (HttpServer2.java:addFilter(958)) - Added filter static_user_filter (class=org.apache.hadoop.http.lib.StaticUserWebFilter$StaticUserFilter) to context logs
2019-06-14 08:25:33,193 INFO  http.HttpServer2 (HttpServer2.java:addFilter(958)) - Added filter static_user_filter (class=org.apache.hadoop.http.lib.StaticUserWebFilter$StaticUserFilter) to context static
2019-06-14 08:25:33,194 INFO  http.HttpServer2 (HttpServer2.java:bindListener(1191)) - Jetty bound to port 41563
2019-06-14 08:25:33,194 INFO  server.Server (Server.java:doStart(351)) - jetty-9.3.24.v20180605, build timestamp: 2018-06-05T17:11:56Z, git hash: 84205aa28f11a4f31f2a3b86d1bba2cc8ab69827
2019-06-14 08:25:33,195 INFO  handler.ContextHandler (ContextHandler.java:doStart(781)) - Started o.e.j.s.ServletContextHandler@7c2a69b4{/logs,file:///opt/src/hadoop-ozone/integration-test/target/log,AVAILABLE}
2019-06-14 08:25:33,196 INFO  handler.ContextHandler (ContextHandler.java:doStart(781)) - Started o.e.j.s.ServletContextHandler@648ee871{/static,file:///opt/src/hadoop-ozone/integration-test/target/test-classes/webapps/static,AVAILABLE}
2019-06-14 08:25:33,199 INFO  handler.ContextHandler (ContextHandler.java:doStart(781)) - Started o.e.j.w.WebAppContext@6f012914{/,file:///opt/src/hadoop-ozone/integration-test/target/test-classes/webapps/ozoneManager/,AVAILABLE}{/ozoneManager}
2019-06-14 08:25:33,199 INFO  server.AbstractConnector (AbstractConnector.java:doStart(278)) - Started ServerConnector@18fdb6cf{HTTP/1.1,[http/1.1]}{0.0.0.0:41563}
2019-06-14 08:25:33,200 INFO  server.Server (Server.java:doStart(419)) - Started @2631ms
2019-06-14 08:25:33,200 INFO  server.BaseHttpServer (BaseHttpServer.java:updateConnectorAddress(207)) - HTTP server of OZONEMANAGER is listening at http://0.0.0.0:41563
2019-06-14 08:25:33,313 INFO  impl.MetricsSystemImpl (MetricsSystemImpl.java:init(158)) - HddsDatanode metrics system started (again)
2019-06-14 08:25:33,443 INFO  ozone.HddsDatanodeService (HddsDatanodeService.java:start(185)) - HddsDatanodeService host:ozone-rp9nx-1314784558 ip:192.168.11.250
2019-06-14 08:25:33,467 INFO  volume.HddsVolume (HddsVolume.java:<init>(176)) - Creating Volume: /opt/src/hadoop-ozone/integration-test/target/test-dir/MiniOzoneClusterImpl-5c3c1a88-3322-4ecb-bf8b-f5fe79ad96ba/datanode-0/data/containers/hdds of  storage type : DISK and capacity : 104021790720
2019-06-14 08:25:33,468 INFO  volume.VolumeSet (VolumeSet.java:initializeVolumeSet(170)) - Added Volume : /opt/src/hadoop-ozone/integration-test/target/test-dir/MiniOzoneClusterImpl-5c3c1a88-3322-4ecb-bf8b-f5fe79ad96ba/datanode-0/data/containers/hdds to VolumeSet
2019-06-14 08:25:33,472 INFO  volume.ThrottledAsyncChecker (ThrottledAsyncChecker.java:schedule(140)) - Scheduling a check for org.apache.hadoop.ozone.container.common.volume.HddsVolume@4a6c18ad
2019-06-14 08:25:33,489 INFO  volume.HddsVolumeChecker (HddsVolumeChecker.java:checkAllVolumes(203)) - Scheduled health check for volume org.apache.hadoop.ozone.container.common.volume.HddsVolume@4a6c18ad
2019-06-14 08:25:33,534 INFO  ratis.XceiverServerRatis (XceiverServerRatis.java:newXceiverServerRatis(401)) - Found a free port for the server : 36573
2019-06-14 08:25:33,605 INFO  impl.RaftServerProxy (ConfUtils.java:logGet(43)) - raft.rpc.type = GRPC (default)
2019-06-14 08:25:33,613 INFO  grpc.GrpcConfigKeys$Server (ConfUtils.java:logGet(43)) - raft.grpc.server.port = 36573 (custom)
2019-06-14 08:25:33,614 INFO  server.GrpcService (ConfUtils.java:logGet(43)) - raft.grpc.message.size.max = 33570816 (custom)
2019-06-14 08:25:33,615 INFO  server.RaftServerConfigKeys (ConfUtils.java:logGet(43)) - raft.server.log.appender.buffer.byte-limit = 33554432 (custom)
2019-06-14 08:25:33,616 INFO  server.GrpcService (ConfUtils.java:logGet(43)) - raft.grpc.flow.control.window = 1MB (=1048576) (default)
2019-06-14 08:25:33,617 INFO  server.RaftServerConfigKeys (ConfUtils.java:logGet(43)) - raft.server.rpc.request.timeout = 3000ms (default)
2019-06-14 08:25:33,735 INFO  server.RaftServerConfigKeys (ConfUtils.java:logGet(43)) - raft.server.storage.dir = [/opt/src/hadoop-ozone/integration-test/target/test-dir/MiniOzoneClusterImpl-5c3c1a88-3322-4ecb-bf8b-f5fe79ad96ba/datanode-0/data/ratis] (custom)
2019-06-14 08:25:33,740 INFO  server.XceiverServerGrpc (XceiverServerGrpc.java:<init>(97)) - Found a free port for the server : 36913
2019-06-14 08:25:33,761 INFO  replication.SimpleContainerDownloader (SimpleContainerDownloader.java:<init>(72)) - Starting container downloader service to copy containers to replicate.
2019-06-14 08:25:33,770 INFO  hdfs.DFSUtil (DFSUtil.java:httpServerTemplateForNNAndJN(1641)) - Starting Web-server for hddsDatanode at: http://0.0.0.0:0
2019-06-14 08:25:33,772 INFO  server.AuthenticationFilter (AuthenticationFilter.java:constructSecretProvider(240)) - Unable to initialize FileSignerSecretProvider, falling back to use random secrets.
2019-06-14 08:25:33,772 WARN  http.HttpRequestLog (HttpRequestLog.java:getRequestLog(97)) - Jetty request log can only be enabled using Log4j
2019-06-14 08:25:33,773 INFO  http.HttpServer2 (HttpServer2.java:addGlobalFilter(975)) - Added global filter 'safety' (class=org.apache.hadoop.http.HttpServer2$QuotingInputFilter)
2019-06-14 08:25:33,774 INFO  http.HttpServer2 (HttpServer2.java:addFilter(948)) - Added filter static_user_filter (class=org.apache.hadoop.http.lib.StaticUserWebFilter$StaticUserFilter) to context hddsDatanode
2019-06-14 08:25:33,774 INFO  http.HttpServer2 (HttpServer2.java:addFilter(958)) - Added filter static_user_filter (class=org.apache.hadoop.http.lib.StaticUserWebFilter$StaticUserFilter) to context logs
2019-06-14 08:25:33,774 INFO  http.HttpServer2 (HttpServer2.java:addFilter(958)) - Added filter static_user_filter (class=org.apache.hadoop.http.lib.StaticUserWebFilter$StaticUserFilter) to context static
2019-06-14 08:25:33,775 INFO  http.HttpServer2 (HttpServer2.java:bindListener(1191)) - Jetty bound to port 46501
2019-06-14 08:25:33,775 INFO  server.Server (Server.java:doStart(351)) - jetty-9.3.24.v20180605, build timestamp: 2018-06-05T17:11:56Z, git hash: 84205aa28f11a4f31f2a3b86d1bba2cc8ab69827
2019-06-14 08:25:33,776 INFO  handler.ContextHandler (ContextHandler.java:doStart(781)) - Started o.e.j.s.ServletContextHandler@2e51d054{/logs,file:///opt/src/hadoop-ozone/integration-test/target/log,AVAILABLE}
2019-06-14 08:25:33,777 INFO  handler.ContextHandler (ContextHandler.java:doStart(781)) - Started o.e.j.s.ServletContextHandler@615e3f51{/static,jar:file:/root/.m2/repository/org/apache/hadoop/hadoop-hdds-container-service/0.5.0-SNAPSHOT/hadoop-hdds-container-service-0.5.0-SNAPSHOT.jar!/webapps/static,AVAILABLE}
2019-06-14 08:25:33,800 INFO  handler.ContextHandler (ContextHandler.java:doStart(781)) - Started o.e.j.w.WebAppContext@5e1fc2aa{/,file:///tmp/jetty-0.0.0.0-46501-hddsDatanode-_-any-3019067255927829595.dir/webapp/,AVAILABLE}{/hddsDatanode}
2019-06-14 08:25:33,801 INFO  server.AbstractConnector (AbstractConnector.java:doStart(278)) - Started ServerConnector@688d411b{HTTP/1.1,[http/1.1]}{0.0.0.0:46501}
2019-06-14 08:25:33,801 INFO  server.Server (Server.java:doStart(419)) - Started @3233ms
2019-06-14 08:25:33,802 INFO  server.BaseHttpServer (BaseHttpServer.java:updateConnectorAddress(207)) - HTTP server of HDDSDATANODE is listening at http://0.0.0.0:46501
2019-06-14 08:25:34,560 INFO  ozone.HddsDatanodeService (HddsDatanodeService.java:startPlugins(396)) - Started plug-in org.apache.hadoop.ozone.web.OzoneHddsDatanodeService@30bf26df
2019-06-14 08:25:34,561 INFO  impl.MetricsSystemImpl (MetricsSystemImpl.java:init(158)) - HddsDatanode metrics system started (again)
2019-06-14 08:25:34,561 INFO  ozone.HddsDatanodeService (HddsDatanodeService.java:start(185)) - HddsDatanodeService host:ozone-rp9nx-1314784558 ip:192.168.11.250
2019-06-14 08:25:34,567 INFO  util.JvmPauseMonitor (JvmPauseMonitor.java:run(188)) - Starting JVM pause monitor
2019-06-14 08:25:34,572 INFO  volume.HddsVolume (HddsVolume.java:<init>(176)) - Creating Volume: /opt/src/hadoop-ozone/integration-test/target/test-dir/MiniOzoneClusterImpl-5c3c1a88-3322-4ecb-bf8b-f5fe79ad96ba/datanode-1/data/containers/hdds of  storage type : DISK and capacity : 104021790720
2019-06-14 08:25:34,572 INFO  volume.VolumeSet (VolumeSet.java:initializeVolumeSet(170)) - Added Volume : /opt/src/hadoop-ozone/integration-test/target/test-dir/MiniOzoneClusterImpl-5c3c1a88-3322-4ecb-bf8b-f5fe79ad96ba/datanode-1/data/containers/hdds to VolumeSet
2019-06-14 08:25:34,572 INFO  volume.ThrottledAsyncChecker (ThrottledAsyncChecker.java:schedule(140)) - Scheduling a check for org.apache.hadoop.ozone.container.common.volume.HddsVolume@f171912
2019-06-14 08:25:34,583 INFO  volume.HddsVolumeChecker (HddsVolumeChecker.java:checkAllVolumes(203)) - Scheduled health check for volume org.apache.hadoop.ozone.container.common.volume.HddsVolume@f171912
2019-06-14 08:25:34,599 INFO  ratis.XceiverServerRatis (XceiverServerRatis.java:newXceiverServerRatis(401)) - Found a free port for the server : 34289
2019-06-14 08:25:34,600 INFO  impl.RaftServerProxy (ConfUtils.java:logGet(43)) - raft.rpc.type = GRPC (default)
2019-06-14 08:25:34,600 INFO  grpc.GrpcConfigKeys$Server (ConfUtils.java:logGet(43)) - raft.grpc.server.port = 34289 (custom)
2019-06-14 08:25:34,600 INFO  server.GrpcService (ConfUtils.java:logGet(43)) - raft.grpc.message.size.max = 33570816 (custom)
2019-06-14 08:25:34,601 INFO  server.RaftServerConfigKeys (ConfUtils.java:logGet(43)) - raft.server.log.appender.buffer.byte-limit = 33554432 (custom)
2019-06-14 08:25:34,601 INFO  server.GrpcService (ConfUtils.java:logGet(43)) - raft.grpc.flow.control.window = 1MB (=1048576) (default)
2019-06-14 08:25:34,601 INFO  server.RaftServerConfigKeys (ConfUtils.java:logGet(43)) - raft.server.rpc.request.timeout = 3000ms (default)
2019-06-14 08:25:34,602 INFO  server.RaftServerConfigKeys (ConfUtils.java:logGet(43)) - raft.server.storage.dir = [/opt/src/hadoop-ozone/integration-test/target/test-dir/MiniOzoneClusterImpl-5c3c1a88-3322-4ecb-bf8b-f5fe79ad96ba/datanode-1/data/ratis] (custom)
2019-06-14 08:25:34,602 INFO  server.XceiverServerGrpc (XceiverServerGrpc.java:<init>(97)) - Found a free port for the server : 34089
2019-06-14 08:25:34,603 INFO  replication.SimpleContainerDownloader (SimpleContainerDownloader.java:<init>(72)) - Starting container downloader service to copy containers to replicate.
2019-06-14 08:25:34,604 INFO  hdfs.DFSUtil (DFSUtil.java:httpServerTemplateForNNAndJN(1641)) - Starting Web-server for hddsDatanode at: http://0.0.0.0:0
2019-06-14 08:25:34,605 INFO  server.AuthenticationFilter (AuthenticationFilter.java:constructSecretProvider(240)) - Unable to initialize FileSignerSecretProvider, falling back to use random secrets.
2019-06-14 08:25:34,606 WARN  http.HttpRequestLog (HttpRequestLog.java:getRequestLog(97)) - Jetty request log can only be enabled using Log4j
2019-06-14 08:25:34,608 INFO  http.HttpServer2 (HttpServer2.java:addGlobalFilter(975)) - Added global filter 'safety' (class=org.apache.hadoop.http.HttpServer2$QuotingInputFilter)
2019-06-14 08:25:34,608 INFO  http.HttpServer2 (HttpServer2.java:addFilter(948)) - Added filter static_user_filter (class=org.apache.hadoop.http.lib.StaticUserWebFilter$StaticUserFilter) to context hddsDatanode
2019-06-14 08:25:34,608 INFO  http.HttpServer2 (HttpServer2.java:addFilter(958)) - Added filter static_user_filter (class=org.apache.hadoop.http.lib.StaticUserWebFilter$StaticUserFilter) to context logs
2019-06-14 08:25:34,608 INFO  http.HttpServer2 (HttpServer2.java:addFilter(958)) - Added filter static_user_filter (class=org.apache.hadoop.http.lib.StaticUserWebFilter$StaticUserFilter) to context static
2019-06-14 08:25:34,609 INFO  http.HttpServer2 (HttpServer2.java:bindListener(1191)) - Jetty bound to port 36135
2019-06-14 08:25:34,609 INFO  server.Server (Server.java:doStart(351)) - jetty-9.3.24.v20180605, build timestamp: 2018-06-05T17:11:56Z, git hash: 84205aa28f11a4f31f2a3b86d1bba2cc8ab69827
2019-06-14 08:25:34,623 INFO  handler.ContextHandler (ContextHandler.java:doStart(781)) - Started o.e.j.s.ServletContextHandler@18b6d3c1{/logs,file:///opt/src/hadoop-ozone/integration-test/target/log,AVAILABLE}
2019-06-14 08:25:34,626 INFO  handler.ContextHandler (ContextHandler.java:doStart(781)) - Started o.e.j.s.ServletContextHandler@3fe512d2{/static,jar:file:/root/.m2/repository/org/apache/hadoop/hadoop-hdds-container-service/0.5.0-SNAPSHOT/hadoop-hdds-container-service-0.5.0-SNAPSHOT.jar!/webapps/static,AVAILABLE}
2019-06-14 08:25:34,650 INFO  handler.ContextHandler (ContextHandler.java:doStart(781)) - Started o.e.j.w.WebAppContext@e7b265e{/,file:///tmp/jetty-0.0.0.0-36135-hddsDatanode-_-any-3608070748764304686.dir/webapp/,AVAILABLE}{/hddsDatanode}
2019-06-14 08:25:34,651 INFO  server.AbstractConnector (AbstractConnector.java:doStart(278)) - Started ServerConnector@51da32e5{HTTP/1.1,[http/1.1]}{0.0.0.0:36135}
2019-06-14 08:25:34,651 INFO  server.Server (Server.java:doStart(419)) - Started @4083ms
2019-06-14 08:25:34,652 INFO  server.BaseHttpServer (BaseHttpServer.java:updateConnectorAddress(207)) - HTTP server of HDDSDATANODE is listening at http://0.0.0.0:36135
2019-06-14 08:25:34,669 INFO  datanode.InitDatanodeState (InitDatanodeState.java:persistContainerDatanodeDetails(140)) - DatanodeDetails is persisted to /opt/src/hadoop-ozone/integration-test/target/test-dir/MiniOzoneClusterImpl-5c3c1a88-3322-4ecb-bf8b-f5fe79ad96ba/datanode-0/meta/datanode.id
2019-06-14 08:25:34,785 INFO  ozone.HddsDatanodeService (HddsDatanodeService.java:startPlugins(396)) - Started plug-in org.apache.hadoop.ozone.web.OzoneHddsDatanodeService@1d6751e3
2019-06-14 08:25:34,787 INFO  impl.MetricsSystemImpl (MetricsSystemImpl.java:init(158)) - HddsDatanode metrics system started (again)
2019-06-14 08:25:34,787 INFO  ozone.HddsDatanodeService (HddsDatanodeService.java:start(185)) - HddsDatanodeService host:ozone-rp9nx-1314784558 ip:192.168.11.250
2019-06-14 08:25:34,808 INFO  util.JvmPauseMonitor (JvmPauseMonitor.java:run(188)) - Starting JVM pause monitor
2019-06-14 08:25:34,813 INFO  volume.HddsVolume (HddsVolume.java:<init>(176)) - Creating Volume: /opt/src/hadoop-ozone/integration-test/target/test-dir/MiniOzoneClusterImpl-5c3c1a88-3322-4ecb-bf8b-f5fe79ad96ba/datanode-2/data/containers/hdds of  storage type : DISK and capacity : 104021790720
2019-06-14 08:25:34,813 INFO  volume.VolumeSet (VolumeSet.java:initializeVolumeSet(170)) - Added Volume : /opt/src/hadoop-ozone/integration-test/target/test-dir/MiniOzoneClusterImpl-5c3c1a88-3322-4ecb-bf8b-f5fe79ad96ba/datanode-2/data/containers/hdds to VolumeSet
2019-06-14 08:25:34,814 INFO  volume.ThrottledAsyncChecker (ThrottledAsyncChecker.java:schedule(140)) - Scheduling a check for org.apache.hadoop.ozone.container.common.volume.HddsVolume@2e7af36e
2019-06-14 08:25:34,822 INFO  volume.HddsVolumeChecker (HddsVolumeChecker.java:checkAllVolumes(203)) - Scheduled health check for volume org.apache.hadoop.ozone.container.common.volume.HddsVolume@2e7af36e
2019-06-14 08:25:34,824 INFO  datanode.InitDatanodeState (InitDatanodeState.java:persistContainerDatanodeDetails(140)) - DatanodeDetails is persisted to /opt/src/hadoop-ozone/integration-test/target/test-dir/MiniOzoneClusterImpl-5c3c1a88-3322-4ecb-bf8b-f5fe79ad96ba/datanode-1/meta/datanode.id
2019-06-14 08:25:34,833 INFO  ratis.XceiverServerRatis (XceiverServerRatis.java:newXceiverServerRatis(401)) - Found a free port for the server : 38487
2019-06-14 08:25:34,835 INFO  impl.RaftServerProxy (ConfUtils.java:logGet(43)) - raft.rpc.type = GRPC (default)
2019-06-14 08:25:34,835 INFO  grpc.GrpcConfigKeys$Server (ConfUtils.java:logGet(43)) - raft.grpc.server.port = 38487 (custom)
2019-06-14 08:25:34,835 INFO  server.GrpcService (ConfUtils.java:logGet(43)) - raft.grpc.message.size.max = 33570816 (custom)
2019-06-14 08:25:34,836 INFO  server.RaftServerConfigKeys (ConfUtils.java:logGet(43)) - raft.server.log.appender.buffer.byte-limit = 33554432 (custom)
2019-06-14 08:25:34,836 INFO  server.GrpcService (ConfUtils.java:logGet(43)) - raft.grpc.flow.control.window = 1MB (=1048576) (default)
2019-06-14 08:25:34,836 INFO  server.RaftServerConfigKeys (ConfUtils.java:logGet(43)) - raft.server.rpc.request.timeout = 3000ms (default)
2019-06-14 08:25:34,837 INFO  server.RaftServerConfigKeys (ConfUtils.java:logGet(43)) - raft.server.storage.dir = [/opt/src/hadoop-ozone/integration-test/target/test-dir/MiniOzoneClusterImpl-5c3c1a88-3322-4ecb-bf8b-f5fe79ad96ba/datanode-2/data/ratis] (custom)
2019-06-14 08:25:34,837 INFO  server.XceiverServerGrpc (XceiverServerGrpc.java:<init>(97)) - Found a free port for the server : 40407
2019-06-14 08:25:34,838 INFO  replication.SimpleContainerDownloader (SimpleContainerDownloader.java:<init>(72)) - Starting container downloader service to copy containers to replicate.
2019-06-14 08:25:34,839 INFO  hdfs.DFSUtil (DFSUtil.java:httpServerTemplateForNNAndJN(1641)) - Starting Web-server for hddsDatanode at: http://0.0.0.0:0
2019-06-14 08:25:34,840 INFO  server.AuthenticationFilter (AuthenticationFilter.java:constructSecretProvider(240)) - Unable to initialize FileSignerSecretProvider, falling back to use random secrets.
2019-06-14 08:25:34,843 WARN  http.HttpRequestLog (HttpRequestLog.java:getRequestLog(97)) - Jetty request log can only be enabled using Log4j
2019-06-14 08:25:34,844 INFO  http.HttpServer2 (HttpServer2.java:addGlobalFilter(975)) - Added global filter 'safety' (class=org.apache.hadoop.http.HttpServer2$QuotingInputFilter)
2019-06-14 08:25:34,845 INFO  http.HttpServer2 (HttpServer2.java:addFilter(948)) - Added filter static_user_filter (class=org.apache.hadoop.http.lib.StaticUserWebFilter$StaticUserFilter) to context hddsDatanode
2019-06-14 08:25:34,845 INFO  http.HttpServer2 (HttpServer2.java:addFilter(958)) - Added filter static_user_filter (class=org.apache.hadoop.http.lib.StaticUserWebFilter$StaticUserFilter) to context static
2019-06-14 08:25:34,845 INFO  http.HttpServer2 (HttpServer2.java:addFilter(958)) - Added filter static_user_filter (class=org.apache.hadoop.http.lib.StaticUserWebFilter$StaticUserFilter) to context logs
2019-06-14 08:25:34,846 INFO  http.HttpServer2 (HttpServer2.java:bindListener(1191)) - Jetty bound to port 38443
2019-06-14 08:25:34,846 INFO  server.Server (Server.java:doStart(351)) - jetty-9.3.24.v20180605, build timestamp: 2018-06-05T17:11:56Z, git hash: 84205aa28f11a4f31f2a3b86d1bba2cc8ab69827
2019-06-14 08:25:34,866 INFO  handler.ContextHandler (ContextHandler.java:doStart(781)) - Started o.e.j.s.ServletContextHandler@674da77b{/logs,file:///opt/src/hadoop-ozone/integration-test/target/log,AVAILABLE}
2019-06-14 08:25:34,883 INFO  handler.ContextHandler (ContextHandler.java:doStart(781)) - Started o.e.j.s.ServletContextHandler@6010d0d1{/static,jar:file:/root/.m2/repository/org/apache/hadoop/hadoop-hdds-container-service/0.5.0-SNAPSHOT/hadoop-hdds-container-service-0.5.0-SNAPSHOT.jar!/webapps/static,AVAILABLE}
2019-06-14 08:25:34,916 INFO  handler.ContextHandler (ContextHandler.java:doStart(781)) - Started o.e.j.w.WebAppContext@624b523{/,file:///tmp/jetty-0.0.0.0-38443-hddsDatanode-_-any-6093661512493870811.dir/webapp/,AVAILABLE}{/hddsDatanode}
2019-06-14 08:25:34,917 INFO  server.AbstractConnector (AbstractConnector.java:doStart(278)) - Started ServerConnector@50b46e24{HTTP/1.1,[http/1.1]}{0.0.0.0:38443}
2019-06-14 08:25:34,917 INFO  server.Server (Server.java:doStart(419)) - Started @4349ms
2019-06-14 08:25:34,918 INFO  server.BaseHttpServer (BaseHttpServer.java:updateConnectorAddress(207)) - HTTP server of HDDSDATANODE is listening at http://0.0.0.0:38443
2019-06-14 08:25:35,106 INFO  ozone.HddsDatanodeService (HddsDatanodeService.java:startPlugins(396)) - Started plug-in org.apache.hadoop.ozone.web.OzoneHddsDatanodeService@662be9f7
2019-06-14 08:25:35,107 INFO  impl.MetricsSystemImpl (MetricsSystemImpl.java:init(158)) - HddsDatanode metrics system started (again)
2019-06-14 08:25:35,107 INFO  ozone.HddsDatanodeService (HddsDatanodeService.java:start(185)) - HddsDatanodeService host:ozone-rp9nx-1314784558 ip:192.168.11.250
2019-06-14 08:25:35,119 INFO  util.JvmPauseMonitor (JvmPauseMonitor.java:run(188)) - Starting JVM pause monitor
2019-06-14 08:25:35,126 INFO  datanode.InitDatanodeState (InitDatanodeState.java:persistContainerDatanodeDetails(140)) - DatanodeDetails is persisted to /opt/src/hadoop-ozone/integration-test/target/test-dir/MiniOzoneClusterImpl-5c3c1a88-3322-4ecb-bf8b-f5fe79ad96ba/datanode-2/meta/datanode.id
2019-06-14 08:25:35,135 INFO  volume.HddsVolume (HddsVolume.java:<init>(176)) - Creating Volume: /opt/src/hadoop-ozone/integration-test/target/test-dir/MiniOzoneClusterImpl-5c3c1a88-3322-4ecb-bf8b-f5fe79ad96ba/datanode-3/data/containers/hdds of  storage type : DISK and capacity : 104021790720
2019-06-14 08:25:35,135 INFO  volume.VolumeSet (VolumeSet.java:initializeVolumeSet(170)) - Added Volume : /opt/src/hadoop-ozone/integration-test/target/test-dir/MiniOzoneClusterImpl-5c3c1a88-3322-4ecb-bf8b-f5fe79ad96ba/datanode-3/data/containers/hdds to VolumeSet
2019-06-14 08:25:35,135 INFO  volume.ThrottledAsyncChecker (ThrottledAsyncChecker.java:schedule(140)) - Scheduling a check for org.apache.hadoop.ozone.container.common.volume.HddsVolume@2f9dda71
2019-06-14 08:25:35,136 INFO  volume.HddsVolumeChecker (HddsVolumeChecker.java:checkAllVolumes(203)) - Scheduled health check for volume org.apache.hadoop.ozone.container.common.volume.HddsVolume@2f9dda71
2019-06-14 08:25:35,171 INFO  ratis.XceiverServerRatis (XceiverServerRatis.java:newXceiverServerRatis(401)) - Found a free port for the server : 44559
2019-06-14 08:25:35,172 INFO  impl.RaftServerProxy (ConfUtils.java:logGet(43)) - raft.rpc.type = GRPC (default)
2019-06-14 08:25:35,173 INFO  grpc.GrpcConfigKeys$Server (ConfUtils.java:logGet(43)) - raft.grpc.server.port = 44559 (custom)
2019-06-14 08:25:35,173 INFO  server.GrpcService (ConfUtils.java:logGet(43)) - raft.grpc.message.size.max = 33570816 (custom)
2019-06-14 08:25:35,173 INFO  server.RaftServerConfigKeys (ConfUtils.java:logGet(43)) - raft.server.log.appender.buffer.byte-limit = 33554432 (custom)
2019-06-14 08:25:35,173 INFO  server.GrpcService (ConfUtils.java:logGet(43)) - raft.grpc.flow.control.window = 1MB (=1048576) (default)
2019-06-14 08:25:35,173 INFO  server.RaftServerConfigKeys (ConfUtils.java:logGet(43)) - raft.server.rpc.request.timeout = 3000ms (default)
2019-06-14 08:25:35,174 INFO  server.RaftServerConfigKeys (ConfUtils.java:logGet(43)) - raft.server.storage.dir = [/opt/src/hadoop-ozone/integration-test/target/test-dir/MiniOzoneClusterImpl-5c3c1a88-3322-4ecb-bf8b-f5fe79ad96ba/datanode-3/data/ratis] (custom)
2019-06-14 08:25:35,174 INFO  server.XceiverServerGrpc (XceiverServerGrpc.java:<init>(97)) - Found a free port for the server : 46295
2019-06-14 08:25:35,175 INFO  replication.SimpleContainerDownloader (SimpleContainerDownloader.java:<init>(72)) - Starting container downloader service to copy containers to replicate.
2019-06-14 08:25:35,176 INFO  hdfs.DFSUtil (DFSUtil.java:httpServerTemplateForNNAndJN(1641)) - Starting Web-server for hddsDatanode at: http://0.0.0.0:0
2019-06-14 08:25:35,177 INFO  server.AuthenticationFilter (AuthenticationFilter.java:constructSecretProvider(240)) - Unable to initialize FileSignerSecretProvider, falling back to use random secrets.
2019-06-14 08:25:35,179 WARN  http.HttpRequestLog (HttpRequestLog.java:getRequestLog(97)) - Jetty request log can only be enabled using Log4j
2019-06-14 08:25:35,180 INFO  http.HttpServer2 (HttpServer2.java:addGlobalFilter(975)) - Added global filter 'safety' (class=org.apache.hadoop.http.HttpServer2$QuotingInputFilter)
2019-06-14 08:25:35,181 INFO  http.HttpServer2 (HttpServer2.java:addFilter(948)) - Added filter static_user_filter (class=org.apache.hadoop.http.lib.StaticUserWebFilter$StaticUserFilter) to context hddsDatanode
2019-06-14 08:25:35,181 INFO  http.HttpServer2 (HttpServer2.java:addFilter(958)) - Added filter static_user_filter (class=org.apache.hadoop.http.lib.StaticUserWebFilter$StaticUserFilter) to context static
2019-06-14 08:25:35,181 INFO  http.HttpServer2 (HttpServer2.java:addFilter(958)) - Added filter static_user_filter (class=org.apache.hadoop.http.lib.StaticUserWebFilter$StaticUserFilter) to context logs
2019-06-14 08:25:35,182 INFO  http.HttpServer2 (HttpServer2.java:bindListener(1191)) - Jetty bound to port 44405
2019-06-14 08:25:35,182 INFO  server.Server (Server.java:doStart(351)) - jetty-9.3.24.v20180605, build timestamp: 2018-06-05T17:11:56Z, git hash: 84205aa28f11a4f31f2a3b86d1bba2cc8ab69827
2019-06-14 08:25:35,196 INFO  handler.ContextHandler (ContextHandler.java:doStart(781)) - Started o.e.j.s.ServletContextHandler@1f15e689{/logs,file:///opt/src/hadoop-ozone/integration-test/target/log,AVAILABLE}
2019-06-14 08:25:35,199 INFO  handler.ContextHandler (ContextHandler.java:doStart(781)) - Started o.e.j.s.ServletContextHandler@3ebc955b{/static,jar:file:/root/.m2/repository/org/apache/hadoop/hadoop-hdds-container-service/0.5.0-SNAPSHOT/hadoop-hdds-container-service-0.5.0-SNAPSHOT.jar!/webapps/static,AVAILABLE}
2019-06-14 08:25:35,231 INFO  handler.ContextHandler (ContextHandler.java:doStart(781)) - Started o.e.j.w.WebAppContext@9fe720a{/,file:///tmp/jetty-0.0.0.0-44405-hddsDatanode-_-any-323057233463062384.dir/webapp/,AVAILABLE}{/hddsDatanode}
2019-06-14 08:25:35,232 INFO  server.AbstractConnector (AbstractConnector.java:doStart(278)) - Started ServerConnector@149274cb{HTTP/1.1,[http/1.1]}{0.0.0.0:44405}
2019-06-14 08:25:35,234 INFO  server.Server (Server.java:doStart(419)) - Started @4666ms
2019-06-14 08:25:35,235 INFO  server.BaseHttpServer (BaseHttpServer.java:updateConnectorAddress(207)) - HTTP server of HDDSDATANODE is listening at http://0.0.0.0:44405
2019-06-14 08:25:35,369 INFO  ozone.HddsDatanodeService (HddsDatanodeService.java:startPlugins(396)) - Started plug-in org.apache.hadoop.ozone.web.OzoneHddsDatanodeService@7aded903
2019-06-14 08:25:35,370 INFO  impl.MetricsSystemImpl (MetricsSystemImpl.java:init(158)) - HddsDatanode metrics system started (again)
2019-06-14 08:25:35,370 INFO  ozone.HddsDatanodeService (HddsDatanodeService.java:start(185)) - HddsDatanodeService host:ozone-rp9nx-1314784558 ip:192.168.11.250
2019-06-14 08:25:35,375 INFO  util.JvmPauseMonitor (JvmPauseMonitor.java:run(188)) - Starting JVM pause monitor
2019-06-14 08:25:35,379 INFO  datanode.InitDatanodeState (InitDatanodeState.java:persistContainerDatanodeDetails(140)) - DatanodeDetails is persisted to /opt/src/hadoop-ozone/integration-test/target/test-dir/MiniOzoneClusterImpl-5c3c1a88-3322-4ecb-bf8b-f5fe79ad96ba/datanode-3/meta/datanode.id
2019-06-14 08:25:35,387 INFO  volume.HddsVolume (HddsVolume.java:<init>(176)) - Creating Volume: /opt/src/hadoop-ozone/integration-test/target/test-dir/MiniOzoneClusterImpl-5c3c1a88-3322-4ecb-bf8b-f5fe79ad96ba/datanode-4/data/containers/hdds of  storage type : DISK and capacity : 104021790720
2019-06-14 08:25:35,387 INFO  volume.VolumeSet (VolumeSet.java:initializeVolumeSet(170)) - Added Volume : /opt/src/hadoop-ozone/integration-test/target/test-dir/MiniOzoneClusterImpl-5c3c1a88-3322-4ecb-bf8b-f5fe79ad96ba/datanode-4/data/containers/hdds to VolumeSet
2019-06-14 08:25:35,387 INFO  volume.ThrottledAsyncChecker (ThrottledAsyncChecker.java:schedule(140)) - Scheduling a check for org.apache.hadoop.ozone.container.common.volume.HddsVolume@66f16742
2019-06-14 08:25:35,395 INFO  volume.HddsVolumeChecker (HddsVolumeChecker.java:checkAllVolumes(203)) - Scheduled health check for volume org.apache.hadoop.ozone.container.common.volume.HddsVolume@66f16742
2019-06-14 08:25:35,407 INFO  ratis.XceiverServerRatis (XceiverServerRatis.java:newXceiverServerRatis(401)) - Found a free port for the server : 43169
2019-06-14 08:25:35,408 INFO  impl.RaftServerProxy (ConfUtils.java:logGet(43)) - raft.rpc.type = GRPC (default)
2019-06-14 08:25:35,409 INFO  grpc.GrpcConfigKeys$Server (ConfUtils.java:logGet(43)) - raft.grpc.server.port = 43169 (custom)
2019-06-14 08:25:35,409 INFO  server.GrpcService (ConfUtils.java:logGet(43)) - raft.grpc.message.size.max = 33570816 (custom)
2019-06-14 08:25:35,409 INFO  server.RaftServerConfigKeys (ConfUtils.java:logGet(43)) - raft.server.log.appender.buffer.byte-limit = 33554432 (custom)
2019-06-14 08:25:35,409 INFO  server.GrpcService (ConfUtils.java:logGet(43)) - raft.grpc.flow.control.window = 1MB (=1048576) (default)
2019-06-14 08:25:35,409 INFO  server.RaftServerConfigKeys (ConfUtils.java:logGet(43)) - raft.server.rpc.request.timeout = 3000ms (default)
2019-06-14 08:25:35,410 INFO  server.RaftServerConfigKeys (ConfUtils.java:logGet(43)) - raft.server.storage.dir = [/opt/src/hadoop-ozone/integration-test/target/test-dir/MiniOzoneClusterImpl-5c3c1a88-3322-4ecb-bf8b-f5fe79ad96ba/datanode-4/data/ratis] (custom)
2019-06-14 08:25:35,410 INFO  server.XceiverServerGrpc (XceiverServerGrpc.java:<init>(97)) - Found a free port for the server : 44053
2019-06-14 08:25:35,411 INFO  replication.SimpleContainerDownloader (SimpleContainerDownloader.java:<init>(72)) - Starting container downloader service to copy containers to replicate.
2019-06-14 08:25:35,412 INFO  hdfs.DFSUtil (DFSUtil.java:httpServerTemplateForNNAndJN(1641)) - Starting Web-server for hddsDatanode at: http://0.0.0.0:0
2019-06-14 08:25:35,413 INFO  server.AuthenticationFilter (AuthenticationFilter.java:constructSecretProvider(240)) - Unable to initialize FileSignerSecretProvider, falling back to use random secrets.
2019-06-14 08:25:35,413 WARN  http.HttpRequestLog (HttpRequestLog.java:getRequestLog(97)) - Jetty request log can only be enabled using Log4j
2019-06-14 08:25:35,415 INFO  http.HttpServer2 (HttpServer2.java:addGlobalFilter(975)) - Added global filter 'safety' (class=org.apache.hadoop.http.HttpServer2$QuotingInputFilter)
2019-06-14 08:25:35,415 INFO  http.HttpServer2 (HttpServer2.java:addFilter(948)) - Added filter static_user_filter (class=org.apache.hadoop.http.lib.StaticUserWebFilter$StaticUserFilter) to context hddsDatanode
2019-06-14 08:25:35,415 INFO  http.HttpServer2 (HttpServer2.java:addFilter(958)) - Added filter static_user_filter (class=org.apache.hadoop.http.lib.StaticUserWebFilter$StaticUserFilter) to context logs
2019-06-14 08:25:35,415 INFO  http.HttpServer2 (HttpServer2.java:addFilter(958)) - Added filter static_user_filter (class=org.apache.hadoop.http.lib.StaticUserWebFilter$StaticUserFilter) to context static
2019-06-14 08:25:35,416 INFO  http.HttpServer2 (HttpServer2.java:bindListener(1191)) - Jetty bound to port 46555
2019-06-14 08:25:35,416 INFO  server.Server (Server.java:doStart(351)) - jetty-9.3.24.v20180605, build timestamp: 2018-06-05T17:11:56Z, git hash: 84205aa28f11a4f31f2a3b86d1bba2cc8ab69827
2019-06-14 08:25:35,419 INFO  handler.ContextHandler (ContextHandler.java:doStart(781)) - Started o.e.j.s.ServletContextHandler@4ef18604{/logs,file:///opt/src/hadoop-ozone/integration-test/target/log,AVAILABLE}
2019-06-14 08:25:35,420 INFO  handler.ContextHandler (ContextHandler.java:doStart(781)) - Started o.e.j.s.ServletContextHandler@16cf8438{/static,jar:file:/root/.m2/repository/org/apache/hadoop/hadoop-hdds-container-service/0.5.0-SNAPSHOT/hadoop-hdds-container-service-0.5.0-SNAPSHOT.jar!/webapps/static,AVAILABLE}
2019-06-14 08:25:35,449 INFO  handler.ContextHandler (ContextHandler.java:doStart(781)) - Started o.e.j.w.WebAppContext@2ca3d826{/,file:///tmp/jetty-0.0.0.0-46555-hddsDatanode-_-any-1518523570718422214.dir/webapp/,AVAILABLE}{/hddsDatanode}
2019-06-14 08:25:35,450 INFO  server.AbstractConnector (AbstractConnector.java:doStart(278)) - Started ServerConnector@5d194314{HTTP/1.1,[http/1.1]}{0.0.0.0:46555}
2019-06-14 08:25:35,451 INFO  server.Server (Server.java:doStart(419)) - Started @4882ms
2019-06-14 08:25:35,452 INFO  server.BaseHttpServer (BaseHttpServer.java:updateConnectorAddress(207)) - HTTP server of HDDSDATANODE is listening at http://0.0.0.0:46555
2019-06-14 08:25:35,587 INFO  ozone.HddsDatanodeService (HddsDatanodeService.java:startPlugins(396)) - Started plug-in org.apache.hadoop.ozone.web.OzoneHddsDatanodeService@454bcbbf
2019-06-14 08:25:35,588 INFO  impl.MetricsSystemImpl (MetricsSystemImpl.java:init(158)) - HddsDatanode metrics system started (again)
2019-06-14 08:25:35,588 INFO  ozone.HddsDatanodeService (HddsDatanodeService.java:start(185)) - HddsDatanodeService host:ozone-rp9nx-1314784558 ip:192.168.11.250
2019-06-14 08:25:35,590 INFO  util.JvmPauseMonitor (JvmPauseMonitor.java:run(188)) - Starting JVM pause monitor
2019-06-14 08:25:35,591 INFO  datanode.InitDatanodeState (InitDatanodeState.java:persistContainerDatanodeDetails(140)) - DatanodeDetails is persisted to /opt/src/hadoop-ozone/integration-test/target/test-dir/MiniOzoneClusterImpl-5c3c1a88-3322-4ecb-bf8b-f5fe79ad96ba/datanode-4/meta/datanode.id
2019-06-14 08:25:35,600 INFO  volume.HddsVolume (HddsVolume.java:<init>(176)) - Creating Volume: /opt/src/hadoop-ozone/integration-test/target/test-dir/MiniOzoneClusterImpl-5c3c1a88-3322-4ecb-bf8b-f5fe79ad96ba/datanode-5/data/containers/hdds of  storage type : DISK and capacity : 104021790720
2019-06-14 08:25:35,600 INFO  volume.VolumeSet (VolumeSet.java:initializeVolumeSet(170)) - Added Volume : /opt/src/hadoop-ozone/integration-test/target/test-dir/MiniOzoneClusterImpl-5c3c1a88-3322-4ecb-bf8b-f5fe79ad96ba/datanode-5/data/containers/hdds to VolumeSet
2019-06-14 08:25:35,600 INFO  volume.ThrottledAsyncChecker (ThrottledAsyncChecker.java:schedule(140)) - Scheduling a check for org.apache.hadoop.ozone.container.common.volume.HddsVolume@7ea42c82
2019-06-14 08:25:35,603 INFO  volume.HddsVolumeChecker (HddsVolumeChecker.java:checkAllVolumes(203)) - Scheduled health check for volume org.apache.hadoop.ozone.container.common.volume.HddsVolume@7ea42c82
2019-06-14 08:25:35,612 INFO  ratis.XceiverServerRatis (XceiverServerRatis.java:newXceiverServerRatis(401)) - Found a free port for the server : 41839
2019-06-14 08:25:35,614 INFO  impl.RaftServerProxy (ConfUtils.java:logGet(43)) - raft.rpc.type = GRPC (default)
2019-06-14 08:25:35,614 INFO  grpc.GrpcConfigKeys$Server (ConfUtils.java:logGet(43)) - raft.grpc.server.port = 41839 (custom)
2019-06-14 08:25:35,614 INFO  server.GrpcService (ConfUtils.java:logGet(43)) - raft.grpc.message.size.max = 33570816 (custom)
2019-06-14 08:25:35,614 INFO  server.RaftServerConfigKeys (ConfUtils.java:logGet(43)) - raft.server.log.appender.buffer.byte-limit = 33554432 (custom)
2019-06-14 08:25:35,614 INFO  server.GrpcService (ConfUtils.java:logGet(43)) - raft.grpc.flow.control.window = 1MB (=1048576) (default)
2019-06-14 08:25:35,614 INFO  server.RaftServerConfigKeys (ConfUtils.java:logGet(43)) - raft.server.rpc.request.timeout = 3000ms (default)
2019-06-14 08:25:35,615 INFO  server.RaftServerConfigKeys (ConfUtils.java:logGet(43)) - raft.server.storage.dir = [/opt/src/hadoop-ozone/integration-test/target/test-dir/MiniOzoneClusterImpl-5c3c1a88-3322-4ecb-bf8b-f5fe79ad96ba/datanode-5/data/ratis] (custom)
2019-06-14 08:25:35,615 INFO  server.XceiverServerGrpc (XceiverServerGrpc.java:<init>(97)) - Found a free port for the server : 39297
2019-06-14 08:25:35,615 INFO  replication.SimpleContainerDownloader (SimpleContainerDownloader.java:<init>(72)) - Starting container downloader service to copy containers to replicate.
2019-06-14 08:25:35,616 INFO  hdfs.DFSUtil (DFSUtil.java:httpServerTemplateForNNAndJN(1641)) - Starting Web-server for hddsDatanode at: http://0.0.0.0:0
2019-06-14 08:25:35,617 INFO  server.AuthenticationFilter (AuthenticationFilter.java:constructSecretProvider(240)) - Unable to initialize FileSignerSecretProvider, falling back to use random secrets.
2019-06-14 08:25:35,618 WARN  http.HttpRequestLog (HttpRequestLog.java:getRequestLog(97)) - Jetty request log can only be enabled using Log4j
2019-06-14 08:25:35,619 INFO  http.HttpServer2 (HttpServer2.java:addGlobalFilter(975)) - Added global filter 'safety' (class=org.apache.hadoop.http.HttpServer2$QuotingInputFilter)
2019-06-14 08:25:35,619 INFO  http.HttpServer2 (HttpServer2.java:addFilter(948)) - Added filter static_user_filter (class=org.apache.hadoop.http.lib.StaticUserWebFilter$StaticUserFilter) to context hddsDatanode
2019-06-14 08:25:35,619 INFO  http.HttpServer2 (HttpServer2.java:addFilter(958)) - Added filter static_user_filter (class=org.apache.hadoop.http.lib.StaticUserWebFilter$StaticUserFilter) to context static
2019-06-14 08:25:35,619 INFO  http.HttpServer2 (HttpServer2.java:addFilter(958)) - Added filter static_user_filter (class=org.apache.hadoop.http.lib.StaticUserWebFilter$StaticUserFilter) to context logs
2019-06-14 08:25:35,620 INFO  http.HttpServer2 (HttpServer2.java:bindListener(1191)) - Jetty bound to port 38799
2019-06-14 08:25:35,620 INFO  server.Server (Server.java:doStart(351)) - jetty-9.3.24.v20180605, build timestamp: 2018-06-05T17:11:56Z, git hash: 84205aa28f11a4f31f2a3b86d1bba2cc8ab69827
2019-06-14 08:25:35,621 INFO  handler.ContextHandler (ContextHandler.java:doStart(781)) - Started o.e.j.s.ServletContextHandler@58a7dc4{/logs,file:///opt/src/hadoop-ozone/integration-test/target/log,AVAILABLE}
2019-06-14 08:25:35,622 INFO  handler.ContextHandler (ContextHandler.java:doStart(781)) - Started o.e.j.s.ServletContextHandler@27f71195{/static,jar:file:/root/.m2/repository/org/apache/hadoop/hadoop-hdds-container-service/0.5.0-SNAPSHOT/hadoop-hdds-container-service-0.5.0-SNAPSHOT.jar!/webapps/static,AVAILABLE}
2019-06-14 08:25:35,643 INFO  handler.ContextHandler (ContextHandler.java:doStart(781)) - Started o.e.j.w.WebAppContext@26b3c9a2{/,file:///tmp/jetty-0.0.0.0-38799-hddsDatanode-_-any-5615151222382070738.dir/webapp/,AVAILABLE}{/hddsDatanode}
2019-06-14 08:25:35,644 INFO  server.AbstractConnector (AbstractConnector.java:doStart(278)) - Started ServerConnector@241b971f{HTTP/1.1,[http/1.1]}{0.0.0.0:38799}
2019-06-14 08:25:35,644 INFO  server.Server (Server.java:doStart(419)) - Started @5076ms
2019-06-14 08:25:35,645 INFO  server.BaseHttpServer (BaseHttpServer.java:updateConnectorAddress(207)) - HTTP server of HDDSDATANODE is listening at http://0.0.0.0:38799
2019-06-14 08:25:35,771 INFO  ozone.HddsDatanodeService (HddsDatanodeService.java:startPlugins(396)) - Started plug-in org.apache.hadoop.ozone.web.OzoneHddsDatanodeService@693f2213
2019-06-14 08:25:35,771 INFO  ozone.MiniOzoneClusterImpl (MiniOzoneClusterImpl.java:lambda$waitForClusterToBeReady$0(142)) - Waiting for cluster to be ready. Got 0 of 6 DN Heartbeats.
2019-06-14 08:25:35,775 INFO  util.JvmPauseMonitor (JvmPauseMonitor.java:run(188)) - Starting JVM pause monitor
2019-06-14 08:25:35,776 INFO  datanode.InitDatanodeState (InitDatanodeState.java:persistContainerDatanodeDetails(140)) - DatanodeDetails is persisted to /opt/src/hadoop-ozone/integration-test/target/test-dir/MiniOzoneClusterImpl-5c3c1a88-3322-4ecb-bf8b-f5fe79ad96ba/datanode-5/meta/datanode.id
2019-06-14 08:25:36,588 INFO  ozoneimpl.OzoneContainer (OzoneContainer.java:start(186)) - Attempting to start container services.
2019-06-14 08:25:36,588 INFO  ozoneimpl.OzoneContainer (OzoneContainer.java:startContainerScrub(160)) - Background container scrubber has been disabled by hdds.containerscrub.enabled
2019-06-14 08:25:36,588 INFO  ratis.XceiverServerRatis (XceiverServerRatis.java:start(418)) - Starting XceiverServerRatis e6714b64-c040-4d89-a045-f9ecac8e2434 at port 36573
2019-06-14 08:25:36,601 INFO  impl.RaftServerProxy (RaftServerProxy.java:lambda$start$3(299)) - e6714b64-c040-4d89-a045-f9ecac8e2434: start RPC server
2019-06-14 08:25:36,712 INFO  server.GrpcService (GrpcService.java:startImpl(148)) - e6714b64-c040-4d89-a045-f9ecac8e2434: GrpcService started, listening on 0.0.0.0/0.0.0.0:36573
2019-06-14 08:25:36,772 INFO  ozone.MiniOzoneClusterImpl (MiniOzoneClusterImpl.java:lambda$waitForClusterToBeReady$0(142)) - Waiting for cluster to be ready. Got 0 of 6 DN Heartbeats.
2019-06-14 08:25:36,812 INFO  ozoneimpl.OzoneContainer (OzoneContainer.java:start(186)) - Attempting to start container services.
2019-06-14 08:25:36,812 INFO  ozoneimpl.OzoneContainer (OzoneContainer.java:startContainerScrub(160)) - Background container scrubber has been disabled by hdds.containerscrub.enabled
2019-06-14 08:25:36,812 INFO  ratis.XceiverServerRatis (XceiverServerRatis.java:start(418)) - Starting XceiverServerRatis 9c481f34-7a96-445c-ab07-3fb45ef6c5ce at port 34289
2019-06-14 08:25:36,818 INFO  impl.RaftServerProxy (RaftServerProxy.java:lambda$start$3(299)) - 9c481f34-7a96-445c-ab07-3fb45ef6c5ce: start RPC server
2019-06-14 08:25:36,820 INFO  server.GrpcService (GrpcService.java:startImpl(148)) - 9c481f34-7a96-445c-ab07-3fb45ef6c5ce: GrpcService started, listening on 0.0.0.0/0.0.0.0:34289
2019-06-14 08:25:37,124 INFO  ozoneimpl.OzoneContainer (OzoneContainer.java:start(186)) - Attempting to start container services.
2019-06-14 08:25:37,125 INFO  ozoneimpl.OzoneContainer (OzoneContainer.java:startContainerScrub(160)) - Background container scrubber has been disabled by hdds.containerscrub.enabled
2019-06-14 08:25:37,125 INFO  ratis.XceiverServerRatis (XceiverServerRatis.java:start(418)) - Starting XceiverServerRatis 7d7bd66f-e4c6-4b32-8fdb-3a5b56fa0014 at port 38487
2019-06-14 08:25:37,133 INFO  impl.RaftServerProxy (RaftServerProxy.java:lambda$start$3(299)) - 7d7bd66f-e4c6-4b32-8fdb-3a5b56fa0014: start RPC server
2019-06-14 08:25:37,134 INFO  server.GrpcService (GrpcService.java:startImpl(148)) - 7d7bd66f-e4c6-4b32-8fdb-3a5b56fa0014: GrpcService started, listening on 0.0.0.0/0.0.0.0:38487
2019-06-14 08:25:37,380 INFO  ozoneimpl.OzoneContainer (OzoneContainer.java:start(186)) - Attempting to start container services.
2019-06-14 08:25:37,381 INFO  ozoneimpl.OzoneContainer (OzoneContainer.java:startContainerScrub(160)) - Background container scrubber has been disabled by hdds.containerscrub.enabled
2019-06-14 08:25:37,381 INFO  ratis.XceiverServerRatis (XceiverServerRatis.java:start(418)) - Starting XceiverServerRatis 2d734415-1b99-489d-8d9d-97d74f8a7c80 at port 44559
2019-06-14 08:25:37,397 INFO  impl.RaftServerProxy (RaftServerProxy.java:lambda$start$3(299)) - 2d734415-1b99-489d-8d9d-97d74f8a7c80: start RPC server
2019-06-14 08:25:37,398 INFO  server.GrpcService (GrpcService.java:startImpl(148)) - 2d734415-1b99-489d-8d9d-97d74f8a7c80: GrpcService started, listening on 0.0.0.0/0.0.0.0:44559
2019-06-14 08:25:37,594 INFO  ozoneimpl.OzoneContainer (OzoneContainer.java:start(186)) - Attempting to start container services.
2019-06-14 08:25:37,595 INFO  ozoneimpl.OzoneContainer (OzoneContainer.java:startContainerScrub(160)) - Background container scrubber has been disabled by hdds.containerscrub.enabled
2019-06-14 08:25:37,596 INFO  ratis.XceiverServerRatis (XceiverServerRatis.java:start(418)) - Starting XceiverServerRatis 7a300a81-5303-4855-9563-b5dd746e0e75 at port 43169
2019-06-14 08:25:37,607 INFO  impl.RaftServerProxy (RaftServerProxy.java:lambda$start$3(299)) - 7a300a81-5303-4855-9563-b5dd746e0e75: start RPC server
2019-06-14 08:25:37,609 INFO  server.GrpcService (GrpcService.java:startImpl(148)) - 7a300a81-5303-4855-9563-b5dd746e0e75: GrpcService started, listening on 0.0.0.0/0.0.0.0:43169
2019-06-14 08:25:37,772 INFO  ozone.MiniOzoneClusterImpl (MiniOzoneClusterImpl.java:lambda$waitForClusterToBeReady$0(142)) - Waiting for cluster to be ready. Got 0 of 6 DN Heartbeats.
2019-06-14 08:25:37,780 INFO  ozoneimpl.OzoneContainer (OzoneContainer.java:start(186)) - Attempting to start container services.
2019-06-14 08:25:37,781 INFO  ozoneimpl.OzoneContainer (OzoneContainer.java:startContainerScrub(160)) - Background container scrubber has been disabled by hdds.containerscrub.enabled
2019-06-14 08:25:37,781 INFO  ratis.XceiverServerRatis (XceiverServerRatis.java:start(418)) - Starting XceiverServerRatis d4841fd6-bdf5-49b4-be8b-15b481f2cb00 at port 41839
2019-06-14 08:25:37,785 INFO  impl.RaftServerProxy (RaftServerProxy.java:lambda$start$3(299)) - d4841fd6-bdf5-49b4-be8b-15b481f2cb00: start RPC server
2019-06-14 08:25:37,787 INFO  server.GrpcService (GrpcService.java:startImpl(148)) - d4841fd6-bdf5-49b4-be8b-15b481f2cb00: GrpcService started, listening on 0.0.0.0/0.0.0.0:41839
2019-06-14 08:25:38,588 INFO  node.SCMNodeManager (SCMNodeManager.java:register(234)) - Registered Data node : e6714b64-c040-4d89-a045-f9ecac8e2434{ip: 192.168.11.250, host: ozone-rp9nx-1314784558, networkLocation: /default-rack, certSerialId: null}
2019-06-14 08:25:38,599 INFO  safemode.SCMSafeModeManager (DataNodeSafeModeRule.java:process(71)) - SCM in safe mode. 1 DataNodes registered, 1 required.
2019-06-14 08:25:38,599 INFO  safemode.SCMSafeModeManager (SCMSafeModeManager.java:validateSafeModeExitRules(177)) - ScmSafeModeManager, all rules are successfully validated
2019-06-14 08:25:38,599 INFO  safemode.SCMSafeModeManager (SCMSafeModeManager.java:exitSafeMode(193)) - SCM exiting safe mode.
2019-06-14 08:25:38,772 INFO  ozone.MiniOzoneClusterImpl (MiniOzoneClusterImpl.java:lambda$waitForClusterToBeReady$0(142)) - Waiting for cluster to be ready. Got 1 of 6 DN Heartbeats.
2019-06-14 08:25:38,810 INFO  node.SCMNodeManager (SCMNodeManager.java:register(234)) - Registered Data node : 9c481f34-7a96-445c-ab07-3fb45ef6c5ce{ip: 192.168.11.250, host: ozone-rp9nx-1314784558, networkLocation: /default-rack, certSerialId: null}
2019-06-14 08:25:38,930 INFO  impl.RaftServerProxy (RaftServerProxy.java:addNew(89)) - e6714b64-c040-4d89-a045-f9ecac8e2434: addNew group-449DE11643FD:[e6714b64-c040-4d89-a045-f9ecac8e2434:192.168.11.250:36573] returns group-449DE11643FD:java.util.concurrent.CompletableFuture@35a75699[Not completed]
2019-06-14 08:25:38,935 INFO  impl.RaftServerImpl (RaftServerImpl.java:<init>(91)) - e6714b64-c040-4d89-a045-f9ecac8e2434: new RaftServerImpl for group-449DE11643FD:[e6714b64-c040-4d89-a045-f9ecac8e2434:192.168.11.250:36573] with ContainerStateMachine:uninitialized
2019-06-14 08:25:38,936 INFO  server.RaftServerConfigKeys (ConfUtils.java:logGet(43)) - raft.server.rpc.timeout.min = 1s (custom)
2019-06-14 08:25:38,936 INFO  server.RaftServerConfigKeys (ConfUtils.java:logGet(43)) - raft.server.rpc.timeout.max = 1200ms (custom)
2019-06-14 08:25:38,936 INFO  server.RaftServerConfigKeys (ConfUtils.java:logGet(43)) - raft.server.rpcslowness.timeout = 10s (custom)
2019-06-14 08:25:38,937 INFO  server.RaftServerConfigKeys (ConfUtils.java:logGet(43)) - raft.server.log.appender.install.snapshot.enabled = true (default)
2019-06-14 08:25:38,941 INFO  impl.RaftServerImpl (ServerState.java:<init>(101)) - e6714b64-c040-4d89-a045-f9ecac8e2434:group-449DE11643FD ConfigurationManager, init=-1: [e6714b64-c040-4d89-a045-f9ecac8e2434:192.168.11.250:36573], old=null, confs=<EMPTY_MAP>
2019-06-14 08:25:38,942 INFO  server.RaftServerConfigKeys (ConfUtils.java:logGet(43)) - raft.server.storage.dir = [/opt/src/hadoop-ozone/integration-test/target/test-dir/MiniOzoneClusterImpl-5c3c1a88-3322-4ecb-bf8b-f5fe79ad96ba/datanode-0/data/ratis] (custom)
2019-06-14 08:25:38,946 INFO  storage.RaftStorageDirectory (RaftStorageDirectory.java:analyzeStorage(246)) - The storage directory /opt/src/hadoop-ozone/integration-test/target/test-dir/MiniOzoneClusterImpl-5c3c1a88-3322-4ecb-bf8b-f5fe79ad96ba/datanode-0/data/ratis/ef1dcc69-1b7a-42db-bece-449de11643fd does not exist. Creating ...
2019-06-14 08:25:38,951 INFO  storage.RaftStorageDirectory (RaftStorageDirectory.java:tryLock(328)) - Lock on /opt/src/hadoop-ozone/integration-test/target/test-dir/MiniOzoneClusterImpl-5c3c1a88-3322-4ecb-bf8b-f5fe79ad96ba/datanode-0/data/ratis/ef1dcc69-1b7a-42db-bece-449de11643fd/in_use.lock acquired by nodename 10129@ozone-rp9nx-1314784558
2019-06-14 08:25:38,954 INFO  storage.RaftStorage (RaftStorage.java:format(75)) - Storage directory /opt/src/hadoop-ozone/integration-test/target/test-dir/MiniOzoneClusterImpl-5c3c1a88-3322-4ecb-bf8b-f5fe79ad96ba/datanode-0/data/ratis/ef1dcc69-1b7a-42db-bece-449de11643fd has been successfully formatted.
2019-06-14 08:25:38,956 INFO  ratis.ContainerStateMachine (ContainerStateMachine.java:loadSnapshot(199)) - The snapshot info is null.Setting the last applied index to:(t:0, i:~)
2019-06-14 08:25:38,956 INFO  server.RaftServerConfigKeys (ConfUtils.java:logGet(43)) - raft.server.leader.election.timeout = 10s (custom)
2019-06-14 08:25:38,957 INFO  server.RaftServerConfigKeys (ConfUtils.java:logGet(43)) - raft.server.log.use.memory = false (default)
2019-06-14 08:25:38,959 INFO  server.RaftServerConfigKeys (ConfUtils.java:logGet(43)) - raft.server.log.appender.buffer.byte-limit = 33554432 (custom)
2019-06-14 08:25:39,080 INFO  server.RaftServerConfigKeys (ConfUtils.java:logGet(43)) - raft.server.log.segment.size.max = 16384 (custom)
2019-06-14 08:25:39,085 INFO  server.RaftServerConfigKeys (ConfUtils.java:logGet(43)) - raft.server.log.segment.cache.num.max = 2 (custom)
2019-06-14 08:25:39,088 INFO  storage.RaftLogWorker (RaftLogWorker.java:<init>(123)) - new e6714b64-c040-4d89-a045-f9ecac8e2434-RaftLogWorker for Storage Directory /opt/src/hadoop-ozone/integration-test/target/test-dir/MiniOzoneClusterImpl-5c3c1a88-3322-4ecb-bf8b-f5fe79ad96ba/datanode-0/data/ratis/ef1dcc69-1b7a-42db-bece-449de11643fd
2019-06-14 08:25:39,088 INFO  server.RaftServerConfigKeys (ConfUtils.java:logGet(43)) - raft.server.log.queue.byte-limit = 2147483647 (custom)
2019-06-14 08:25:39,089 INFO  server.RaftServerConfigKeys (ConfUtils.java:logGet(43)) - raft.server.log.queue.element-limit = 1024 (custom)
2019-06-14 08:25:39,090 INFO  server.RaftServerConfigKeys (ConfUtils.java:logGet(43)) - raft.server.log.segment.size.max = 16384 (custom)
2019-06-14 08:25:39,091 INFO  server.RaftServerConfigKeys (ConfUtils.java:logGet(43)) - raft.server.log.preallocated.size = 16384 (custom)
2019-06-14 08:25:39,091 INFO  server.RaftServerConfigKeys (ConfUtils.java:logGet(43)) - raft.server.log.write.buffer.size = 33554432 (custom)
2019-06-14 08:25:39,092 INFO  server.RaftServerConfigKeys (ConfUtils.java:logGet(43)) - raft.server.log.force.sync.num = 128 (default)
2019-06-14 08:25:39,093 INFO  server.RaftServerConfigKeys (ConfUtils.java:logGet(43)) - raft.server.log.statemachine.data.sync = true (default)
2019-06-14 08:25:39,093 INFO  server.RaftServerConfigKeys (ConfUtils.java:logGet(43)) - raft.server.log.statemachine.data.sync.timeout = 10s (default)
2019-06-14 08:25:39,093 INFO  server.RaftServerConfigKeys (ConfUtils.java:logGet(43)) - raft.server.log.statemachine.data.sync.timeout.retry = -1 (default)
2019-06-14 08:25:39,096 INFO  server.RaftServerConfigKeys (ConfUtils.java:logGet(43)) - raft.server.log.statemachine.data.caching.enabled = true (custom)
2019-06-14 08:25:39,102 INFO  server.RaftServerConfigKeys (ConfUtils.java:logGet(43)) - raft.server.snapshot.auto.trigger.enabled = true (custom)
2019-06-14 08:25:39,102 INFO  server.RaftServerConfigKeys (ConfUtils.java:logGet(43)) - raft.server.snapshot.auto.trigger.threshold = 10000 (custom)
2019-06-14 08:25:39,103 INFO  server.RaftServerConfigKeys (ConfUtils.java:logGet(43)) - raft.server.retrycache.expirytime = 600000ms (custom)
2019-06-14 08:25:39,122 INFO  node.SCMNodeManager (SCMNodeManager.java:register(234)) - Registered Data node : 7d7bd66f-e4c6-4b32-8fdb-3a5b56fa0014{ip: 192.168.11.250, host: ozone-rp9nx-1314784558, networkLocation: /default-rack, certSerialId: null}
2019-06-14 08:25:39,123 INFO  impl.RaftServerImpl (RaftServerImpl.java:start(173)) - e6714b64-c040-4d89-a045-f9ecac8e2434: start group-449DE11643FD
2019-06-14 08:25:39,123 INFO  impl.RaftServerImpl (RaftServerImpl.java:setRole(164)) - e6714b64-c040-4d89-a045-f9ecac8e2434:group-449DE11643FD changes role from null to FOLLOWER at term 0 for startAsFollower
2019-06-14 08:25:39,124 INFO  impl.RoleInfo (RoleInfo.java:updateAndGet(143)) - e6714b64-c040-4d89-a045-f9ecac8e2434: start FollowerState
2019-06-14 08:25:39,126 INFO  util.JmxRegister (JmxRegister.java:tryRegister(44)) - Successfully registered JMX Bean with object name Ratis:service=RaftServer,group=group-449DE11643FD,id=e6714b64-c040-4d89-a045-f9ecac8e2434
2019-06-14 08:25:39,167 INFO  pipeline.PipelineStateManager (PipelineStateManager.java:addPipeline(56)) - Created pipeline Pipeline[ Id: ef1dcc69-1b7a-42db-bece-449de11643fd, Nodes: e6714b64-c040-4d89-a045-f9ecac8e2434{ip: 192.168.11.250, host: ozone-rp9nx-1314784558, networkLocation: /default-rack, certSerialId: null}, Type:RATIS, Factor:ONE, State:OPEN]
2019-06-14 08:25:39,185 INFO  impl.RaftServerProxy (RaftServerProxy.java:addNew(89)) - 9c481f34-7a96-445c-ab07-3fb45ef6c5ce: addNew group-2FDD78F27FA4:[9c481f34-7a96-445c-ab07-3fb45ef6c5ce:192.168.11.250:34289] returns group-2FDD78F27FA4:java.util.concurrent.CompletableFuture@4200e19f[Not completed]
2019-06-14 08:25:39,185 INFO  impl.RaftServerImpl (RaftServerImpl.java:<init>(91)) - 9c481f34-7a96-445c-ab07-3fb45ef6c5ce: new RaftServerImpl for group-2FDD78F27FA4:[9c481f34-7a96-445c-ab07-3fb45ef6c5ce:192.168.11.250:34289] with ContainerStateMachine:uninitialized
2019-06-14 08:25:39,186 INFO  server.RaftServerConfigKeys (ConfUtils.java:logGet(43)) - raft.server.rpc.timeout.min = 1s (custom)
2019-06-14 08:25:39,186 INFO  server.RaftServerConfigKeys (ConfUtils.java:logGet(43)) - raft.server.rpc.timeout.max = 1200ms (custom)
2019-06-14 08:25:39,186 INFO  server.RaftServerConfigKeys (ConfUtils.java:logGet(43)) - raft.server.rpcslowness.timeout = 10s (custom)
2019-06-14 08:25:39,187 INFO  server.RaftServerConfigKeys (ConfUtils.java:logGet(43)) - raft.server.log.appender.install.snapshot.enabled = true (default)
2019-06-14 08:25:39,187 INFO  impl.RaftServerImpl (ServerState.java:<init>(101)) - 9c481f34-7a96-445c-ab07-3fb45ef6c5ce:group-2FDD78F27FA4 ConfigurationManager, init=-1: [9c481f34-7a96-445c-ab07-3fb45ef6c5ce:192.168.11.250:34289], old=null, confs=<EMPTY_MAP>
2019-06-14 08:25:39,187 INFO  server.RaftServerConfigKeys (ConfUtils.java:logGet(43)) - raft.server.storage.dir = [/opt/src/hadoop-ozone/integration-test/target/test-dir/MiniOzoneClusterImpl-5c3c1a88-3322-4ecb-bf8b-f5fe79ad96ba/datanode-1/data/ratis] (custom)
2019-06-14 08:25:39,187 INFO  storage.RaftStorageDirectory (RaftStorageDirectory.java:analyzeStorage(246)) - The storage directory /opt/src/hadoop-ozone/integration-test/target/test-dir/MiniOzoneClusterImpl-5c3c1a88-3322-4ecb-bf8b-f5fe79ad96ba/datanode-1/data/ratis/b9da8b78-e29f-44c1-99c3-2fdd78f27fa4 does not exist. Creating ...
2019-06-14 08:25:39,189 INFO  storage.RaftStorageDirectory (RaftStorageDirectory.java:tryLock(328)) - Lock on /opt/src/hadoop-ozone/integration-test/target/test-dir/MiniOzoneClusterImpl-5c3c1a88-3322-4ecb-bf8b-f5fe79ad96ba/datanode-1/data/ratis/b9da8b78-e29f-44c1-99c3-2fdd78f27fa4/in_use.lock acquired by nodename 10129@ozone-rp9nx-1314784558
2019-06-14 08:25:39,191 INFO  storage.RaftStorage (RaftStorage.java:format(75)) - Storage directory /opt/src/hadoop-ozone/integration-test/target/test-dir/MiniOzoneClusterImpl-5c3c1a88-3322-4ecb-bf8b-f5fe79ad96ba/datanode-1/data/ratis/b9da8b78-e29f-44c1-99c3-2fdd78f27fa4 has been successfully formatted.
2019-06-14 08:25:39,191 INFO  ratis.ContainerStateMachine (ContainerStateMachine.java:loadSnapshot(199)) - The snapshot info is null.Setting the last applied index to:(t:0, i:~)
2019-06-14 08:25:39,191 INFO  server.RaftServerConfigKeys (ConfUtils.java:logGet(43)) - raft.server.leader.election.timeout = 10s (custom)
2019-06-14 08:25:39,191 INFO  server.RaftServerConfigKeys (ConfUtils.java:logGet(43)) - raft.server.log.use.memory = false (default)
2019-06-14 08:25:39,192 INFO  server.RaftServerConfigKeys (ConfUtils.java:logGet(43)) - raft.server.log.appender.buffer.byte-limit = 33554432 (custom)
2019-06-14 08:25:39,192 INFO  server.RaftServerConfigKeys (ConfUtils.java:logGet(43)) - raft.server.log.segment.size.max = 16384 (custom)
2019-06-14 08:25:39,192 INFO  server.RaftServerConfigKeys (ConfUtils.java:logGet(43)) - raft.server.log.segment.cache.num.max = 2 (custom)
2019-06-14 08:25:39,192 INFO  storage.RaftLogWorker (RaftLogWorker.java:<init>(123)) - new 9c481f34-7a96-445c-ab07-3fb45ef6c5ce-RaftLogWorker for Storage Directory /opt/src/hadoop-ozone/integration-test/target/test-dir/MiniOzoneClusterImpl-5c3c1a88-3322-4ecb-bf8b-f5fe79ad96ba/datanode-1/data/ratis/b9da8b78-e29f-44c1-99c3-2fdd78f27fa4
2019-06-14 08:25:39,193 INFO  server.RaftServerConfigKeys (ConfUtils.java:logGet(43)) - raft.server.log.queue.byte-limit = 2147483647 (custom)
2019-06-14 08:25:39,193 INFO  server.RaftServerConfigKeys (ConfUtils.java:logGet(43)) - raft.server.log.queue.element-limit = 1024 (custom)
2019-06-14 08:25:39,193 INFO  server.RaftServerConfigKeys (ConfUtils.java:logGet(43)) - raft.server.log.segment.size.max = 16384 (custom)
2019-06-14 08:25:39,193 INFO  server.RaftServerConfigKeys (ConfUtils.java:logGet(43)) - raft.server.log.preallocated.size = 16384 (custom)
2019-06-14 08:25:39,193 INFO  server.RaftServerConfigKeys (ConfUtils.java:logGet(43)) - raft.server.log.write.buffer.size = 33554432 (custom)
2019-06-14 08:25:39,193 INFO  server.RaftServerConfigKeys (ConfUtils.java:logGet(43)) - raft.server.log.force.sync.num = 128 (default)
2019-06-14 08:25:39,193 INFO  server.RaftServerConfigKeys (ConfUtils.java:logGet(43)) - raft.server.log.statemachine.data.sync = true (default)
2019-06-14 08:25:39,193 INFO  server.RaftServerConfigKeys (ConfUtils.java:logGet(43)) - raft.server.log.statemachine.data.sync.timeout = 10s (default)
2019-06-14 08:25:39,193 INFO  server.RaftServerConfigKeys (ConfUtils.java:logGet(43)) - raft.server.log.statemachine.data.sync.timeout.retry = -1 (default)
2019-06-14 08:25:39,193 INFO  server.RaftServerConfigKeys (ConfUtils.java:logGet(43)) - raft.server.log.statemachine.data.caching.enabled = true (custom)
2019-06-14 08:25:39,194 INFO  server.RaftServerConfigKeys (ConfUtils.java:logGet(43)) - raft.server.snapshot.auto.trigger.enabled = true (custom)
2019-06-14 08:25:39,194 INFO  server.RaftServerConfigKeys (ConfUtils.java:logGet(43)) - raft.server.snapshot.auto.trigger.threshold = 10000 (custom)
2019-06-14 08:25:39,194 INFO  server.RaftServerConfigKeys (ConfUtils.java:logGet(43)) - raft.server.retrycache.expirytime = 600000ms (custom)
2019-06-14 08:25:39,194 INFO  impl.RaftServerImpl (RaftServerImpl.java:start(173)) - 9c481f34-7a96-445c-ab07-3fb45ef6c5ce: start group-2FDD78F27FA4
2019-06-14 08:25:39,194 INFO  impl.RaftServerImpl (RaftServerImpl.java:setRole(164)) - 9c481f34-7a96-445c-ab07-3fb45ef6c5ce:group-2FDD78F27FA4 changes role from null to FOLLOWER at term 0 for startAsFollower
2019-06-14 08:25:39,194 INFO  impl.RoleInfo (RoleInfo.java:updateAndGet(143)) - 9c481f34-7a96-445c-ab07-3fb45ef6c5ce: start FollowerState
2019-06-14 08:25:39,195 INFO  util.JmxRegister (JmxRegister.java:tryRegister(44)) - Successfully registered JMX Bean with object name Ratis:service=RaftServer,group=group-2FDD78F27FA4,id=9c481f34-7a96-445c-ab07-3fb45ef6c5ce
2019-06-14 08:25:39,203 INFO  pipeline.PipelineStateManager (PipelineStateManager.java:addPipeline(56)) - Created pipeline Pipeline[ Id: b9da8b78-e29f-44c1-99c3-2fdd78f27fa4, Nodes: 9c481f34-7a96-445c-ab07-3fb45ef6c5ce{ip: 192.168.11.250, host: ozone-rp9nx-1314784558, networkLocation: /default-rack, certSerialId: null}, Type:RATIS, Factor:ONE, State:OPEN]
2019-06-14 08:25:39,217 INFO  impl.RaftServerProxy (RaftServerProxy.java:addNew(89)) - 7d7bd66f-e4c6-4b32-8fdb-3a5b56fa0014: addNew group-07C6400CD491:[7d7bd66f-e4c6-4b32-8fdb-3a5b56fa0014:192.168.11.250:38487] returns group-07C6400CD491:java.util.concurrent.CompletableFuture@4e514b31[Not completed]
2019-06-14 08:25:39,243 INFO  impl.RaftServerImpl (RaftServerImpl.java:<init>(91)) - 7d7bd66f-e4c6-4b32-8fdb-3a5b56fa0014: new RaftServerImpl for group-07C6400CD491:[7d7bd66f-e4c6-4b32-8fdb-3a5b56fa0014:192.168.11.250:38487] with ContainerStateMachine:uninitialized
2019-06-14 08:25:39,243 INFO  server.RaftServerConfigKeys (ConfUtils.java:logGet(43)) - raft.server.rpc.timeout.min = 1s (custom)
2019-06-14 08:25:39,244 INFO  server.RaftServerConfigKeys (ConfUtils.java:logGet(43)) - raft.server.rpc.timeout.max = 1200ms (custom)
2019-06-14 08:25:39,244 INFO  server.RaftServerConfigKeys (ConfUtils.java:logGet(43)) - raft.server.rpcslowness.timeout = 10s (custom)
2019-06-14 08:25:39,244 INFO  server.RaftServerConfigKeys (ConfUtils.java:logGet(43)) - raft.server.log.appender.install.snapshot.enabled = true (default)
2019-06-14 08:25:39,244 INFO  impl.RaftServerImpl (ServerState.java:<init>(101)) - 7d7bd66f-e4c6-4b32-8fdb-3a5b56fa0014:group-07C6400CD491 ConfigurationManager, init=-1: [7d7bd66f-e4c6-4b32-8fdb-3a5b56fa0014:192.168.11.250:38487], old=null, confs=<EMPTY_MAP>
2019-06-14 08:25:39,244 INFO  server.RaftServerConfigKeys (ConfUtils.java:logGet(43)) - raft.server.storage.dir = [/opt/src/hadoop-ozone/integration-test/target/test-dir/MiniOzoneClusterImpl-5c3c1a88-3322-4ecb-bf8b-f5fe79ad96ba/datanode-2/data/ratis] (custom)
2019-06-14 08:25:39,244 INFO  storage.RaftStorageDirectory (RaftStorageDirectory.java:analyzeStorage(246)) - The storage directory /opt/src/hadoop-ozone/integration-test/target/test-dir/MiniOzoneClusterImpl-5c3c1a88-3322-4ecb-bf8b-f5fe79ad96ba/datanode-2/data/ratis/ff41386f-f8a1-42f8-a5d7-07c6400cd491 does not exist. Creating ...
2019-06-14 08:25:39,247 INFO  storage.RaftStorageDirectory (RaftStorageDirectory.java:tryLock(328)) - Lock on /opt/src/hadoop-ozone/integration-test/target/test-dir/MiniOzoneClusterImpl-5c3c1a88-3322-4ecb-bf8b-f5fe79ad96ba/datanode-2/data/ratis/ff41386f-f8a1-42f8-a5d7-07c6400cd491/in_use.lock acquired by nodename 10129@ozone-rp9nx-1314784558
2019-06-14 08:25:39,249 INFO  storage.RaftStorage (RaftStorage.java:format(75)) - Storage directory /opt/src/hadoop-ozone/integration-test/target/test-dir/MiniOzoneClusterImpl-5c3c1a88-3322-4ecb-bf8b-f5fe79ad96ba/datanode-2/data/ratis/ff41386f-f8a1-42f8-a5d7-07c6400cd491 has been successfully formatted.
2019-06-14 08:25:39,250 INFO  ratis.ContainerStateMachine (ContainerStateMachine.java:loadSnapshot(199)) - The snapshot info is null.Setting the last applied index to:(t:0, i:~)
2019-06-14 08:25:39,251 INFO  server.RaftServerConfigKeys (ConfUtils.java:logGet(43)) - raft.server.leader.election.timeout = 10s (custom)
2019-06-14 08:25:39,251 INFO  server.RaftServerConfigKeys (ConfUtils.java:logGet(43)) - raft.server.log.use.memory = false (default)
2019-06-14 08:25:39,251 INFO  server.RaftServerConfigKeys (ConfUtils.java:logGet(43)) - raft.server.log.appender.buffer.byte-limit = 33554432 (custom)
2019-06-14 08:25:39,252 INFO  server.RaftServerConfigKeys (ConfUtils.java:logGet(43)) - raft.server.log.segment.size.max = 16384 (custom)
2019-06-14 08:25:39,252 INFO  server.RaftServerConfigKeys (ConfUtils.java:logGet(43)) - raft.server.log.segment.cache.num.max = 2 (custom)
2019-06-14 08:25:39,252 INFO  storage.RaftLogWorker (RaftLogWorker.java:<init>(123)) - new 7d7bd66f-e4c6-4b32-8fdb-3a5b56fa0014-RaftLogWorker for Storage Directory /opt/src/hadoop-ozone/integration-test/target/test-dir/MiniOzoneClusterImpl-5c3c1a88-3322-4ecb-bf8b-f5fe79ad96ba/datanode-2/data/ratis/ff41386f-f8a1-42f8-a5d7-07c6400cd491
2019-06-14 08:25:39,252 INFO  server.RaftServerConfigKeys (ConfUtils.java:logGet(43)) - raft.server.log.queue.byte-limit = 2147483647 (custom)
2019-06-14 08:25:39,252 INFO  server.RaftServerConfigKeys (ConfUtils.java:logGet(43)) - raft.server.log.queue.element-limit = 1024 (custom)
2019-06-14 08:25:39,252 INFO  server.RaftServerConfigKeys (ConfUtils.java:logGet(43)) - raft.server.log.segment.size.max = 16384 (custom)
2019-06-14 08:25:39,252 INFO  server.RaftServerConfigKeys (ConfUtils.java:logGet(43)) - raft.server.log.preallocated.size = 16384 (custom)
2019-06-14 08:25:39,252 INFO  server.RaftServerConfigKeys (ConfUtils.java:logGet(43)) - raft.server.log.write.buffer.size = 33554432 (custom)
2019-06-14 08:25:39,252 INFO  server.RaftServerConfigKeys (ConfUtils.java:logGet(43)) - raft.server.log.force.sync.num = 128 (default)
2019-06-14 08:25:39,252 INFO  server.RaftServerConfigKeys (ConfUtils.java:logGet(43)) - raft.server.log.statemachine.data.sync = true (default)
2019-06-14 08:25:39,252 INFO  server.RaftServerConfigKeys (ConfUtils.java:logGet(43)) - raft.server.log.statemachine.data.sync.timeout = 10s (default)
2019-06-14 08:25:39,252 INFO  server.RaftServerConfigKeys (ConfUtils.java:logGet(43)) - raft.server.log.statemachine.data.sync.timeout.retry = -1 (default)
2019-06-14 08:25:39,252 INFO  server.RaftServerConfigKeys (ConfUtils.java:logGet(43)) - raft.server.log.statemachine.data.caching.enabled = true (custom)
2019-06-14 08:25:39,253 INFO  server.RaftServerConfigKeys (ConfUtils.java:logGet(43)) - raft.server.snapshot.auto.trigger.enabled = true (custom)
2019-06-14 08:25:39,253 INFO  server.RaftServerConfigKeys (ConfUtils.java:logGet(43)) - raft.server.snapshot.auto.trigger.threshold = 10000 (custom)
2019-06-14 08:25:39,253 INFO  server.RaftServerConfigKeys (ConfUtils.java:logGet(43)) - raft.server.retrycache.expirytime = 600000ms (custom)
2019-06-14 08:25:39,253 INFO  impl.RaftServerImpl (RaftServerImpl.java:start(173)) - 7d7bd66f-e4c6-4b32-8fdb-3a5b56fa0014: start group-07C6400CD491
2019-06-14 08:25:39,253 INFO  impl.RaftServerImpl (RaftServerImpl.java:setRole(164)) - 7d7bd66f-e4c6-4b32-8fdb-3a5b56fa0014:group-07C6400CD491 changes role from null to FOLLOWER at term 0 for startAsFollower
2019-06-14 08:25:39,253 INFO  impl.RoleInfo (RoleInfo.java:updateAndGet(143)) - 7d7bd66f-e4c6-4b32-8fdb-3a5b56fa0014: start FollowerState
2019-06-14 08:25:39,254 INFO  util.JmxRegister (JmxRegister.java:tryRegister(44)) - Successfully registered JMX Bean with object name Ratis:service=RaftServer,group=group-07C6400CD491,id=7d7bd66f-e4c6-4b32-8fdb-3a5b56fa0014
2019-06-14 08:25:39,262 INFO  pipeline.PipelineStateManager (PipelineStateManager.java:addPipeline(56)) - Created pipeline Pipeline[ Id: ff41386f-f8a1-42f8-a5d7-07c6400cd491, Nodes: 7d7bd66f-e4c6-4b32-8fdb-3a5b56fa0014{ip: 192.168.11.250, host: ozone-rp9nx-1314784558, networkLocation: /default-rack, certSerialId: null}, Type:RATIS, Factor:ONE, State:OPEN]
2019-06-14 08:25:39,288 INFO  impl.RaftServerProxy (RaftServerProxy.java:addNew(89)) - 9c481f34-7a96-445c-ab07-3fb45ef6c5ce: addNew group-6B425BEC3B28:[7d7bd66f-e4c6-4b32-8fdb-3a5b56fa0014:192.168.11.250:38487, e6714b64-c040-4d89-a045-f9ecac8e2434:192.168.11.250:36573, 9c481f34-7a96-445c-ab07-3fb45ef6c5ce:192.168.11.250:34289] returns group-6B425BEC3B28:java.util.concurrent.CompletableFuture@baae229[Not completed]
2019-06-14 08:25:39,291 INFO  impl.RaftServerImpl (RaftServerImpl.java:<init>(91)) - 9c481f34-7a96-445c-ab07-3fb45ef6c5ce: new RaftServerImpl for group-6B425BEC3B28:[7d7bd66f-e4c6-4b32-8fdb-3a5b56fa0014:192.168.11.250:38487, e6714b64-c040-4d89-a045-f9ecac8e2434:192.168.11.250:36573, 9c481f34-7a96-445c-ab07-3fb45ef6c5ce:192.168.11.250:34289] with ContainerStateMachine:uninitialized
2019-06-14 08:25:39,292 INFO  server.RaftServerConfigKeys (ConfUtils.java:logGet(43)) - raft.server.rpc.timeout.min = 1s (custom)
2019-06-14 08:25:39,292 INFO  server.RaftServerConfigKeys (ConfUtils.java:logGet(43)) - raft.server.rpc.timeout.max = 1200ms (custom)
2019-06-14 08:25:39,292 INFO  server.RaftServerConfigKeys (ConfUtils.java:logGet(43)) - raft.server.rpcslowness.timeout = 10s (custom)
2019-06-14 08:25:39,292 INFO  server.RaftServerConfigKeys (ConfUtils.java:logGet(43)) - raft.server.log.appender.install.snapshot.enabled = true (default)
2019-06-14 08:25:39,292 INFO  impl.RaftServerImpl (ServerState.java:<init>(101)) - 9c481f34-7a96-445c-ab07-3fb45ef6c5ce:group-6B425BEC3B28 ConfigurationManager, init=-1: [7d7bd66f-e4c6-4b32-8fdb-3a5b56fa0014:192.168.11.250:38487, e6714b64-c040-4d89-a045-f9ecac8e2434:192.168.11.250:36573, 9c481f34-7a96-445c-ab07-3fb45ef6c5ce:192.168.11.250:34289], old=null, confs=<EMPTY_MAP>
2019-06-14 08:25:39,292 INFO  server.RaftServerConfigKeys (ConfUtils.java:logGet(43)) - raft.server.storage.dir = [/opt/src/hadoop-ozone/integration-test/target/test-dir/MiniOzoneClusterImpl-5c3c1a88-3322-4ecb-bf8b-f5fe79ad96ba/datanode-1/data/ratis] (custom)
2019-06-14 08:25:39,292 INFO  storage.RaftStorageDirectory (RaftStorageDirectory.java:analyzeStorage(246)) - The storage directory /opt/src/hadoop-ozone/integration-test/target/test-dir/MiniOzoneClusterImpl-5c3c1a88-3322-4ecb-bf8b-f5fe79ad96ba/datanode-1/data/ratis/a270d580-699c-41db-8289-6b425bec3b28 does not exist. Creating ...
2019-06-14 08:25:39,294 INFO  storage.RaftStorageDirectory (RaftStorageDirectory.java:tryLock(328)) - Lock on /opt/src/hadoop-ozone/integration-test/target/test-dir/MiniOzoneClusterImpl-5c3c1a88-3322-4ecb-bf8b-f5fe79ad96ba/datanode-1/data/ratis/a270d580-699c-41db-8289-6b425bec3b28/in_use.lock acquired by nodename 10129@ozone-rp9nx-1314784558
2019-06-14 08:25:39,296 INFO  storage.RaftStorage (RaftStorage.java:format(75)) - Storage directory /opt/src/hadoop-ozone/integration-test/target/test-dir/MiniOzoneClusterImpl-5c3c1a88-3322-4ecb-bf8b-f5fe79ad96ba/datanode-1/data/ratis/a270d580-699c-41db-8289-6b425bec3b28 has been successfully formatted.
2019-06-14 08:25:39,297 INFO  ratis.ContainerStateMachine (ContainerStateMachine.java:loadSnapshot(199)) - The snapshot info is null.Setting the last applied index to:(t:0, i:~)
2019-06-14 08:25:39,297 INFO  server.RaftServerConfigKeys (ConfUtils.java:logGet(43)) - raft.server.leader.election.timeout = 10s (custom)
2019-06-14 08:25:39,297 INFO  server.RaftServerConfigKeys (ConfUtils.java:logGet(43)) - raft.server.log.use.memory = false (default)
2019-06-14 08:25:39,297 INFO  server.RaftServerConfigKeys (ConfUtils.java:logGet(43)) - raft.server.log.appender.buffer.byte-limit = 33554432 (custom)
2019-06-14 08:25:39,297 INFO  server.RaftServerConfigKeys (ConfUtils.java:logGet(43)) - raft.server.log.segment.size.max = 16384 (custom)
2019-06-14 08:25:39,297 INFO  server.RaftServerConfigKeys (ConfUtils.java:logGet(43)) - raft.server.log.segment.cache.num.max = 2 (custom)
2019-06-14 08:25:39,297 INFO  storage.RaftLogWorker (RaftLogWorker.java:<init>(123)) - new 9c481f34-7a96-445c-ab07-3fb45ef6c5ce-RaftLogWorker for Storage Directory /opt/src/hadoop-ozone/integration-test/target/test-dir/MiniOzoneClusterImpl-5c3c1a88-3322-4ecb-bf8b-f5fe79ad96ba/datanode-1/data/ratis/a270d580-699c-41db-8289-6b425bec3b28
2019-06-14 08:25:39,297 INFO  server.RaftServerConfigKeys (ConfUtils.java:logGet(43)) - raft.server.log.queue.byte-limit = 2147483647 (custom)
2019-06-14 08:25:39,297 INFO  server.RaftServerConfigKeys (ConfUtils.java:logGet(43)) - raft.server.log.queue.element-limit = 1024 (custom)
2019-06-14 08:25:39,297 INFO  server.RaftServerConfigKeys (ConfUtils.java:logGet(43)) - raft.server.log.segment.size.max = 16384 (custom)
2019-06-14 08:25:39,297 INFO  server.RaftServerConfigKeys (ConfUtils.java:logGet(43)) - raft.server.log.preallocated.size = 16384 (custom)
2019-06-14 08:25:39,297 INFO  server.RaftServerConfigKeys (ConfUtils.java:logGet(43)) - raft.server.log.write.buffer.size = 33554432 (custom)
2019-06-14 08:25:39,298 INFO  server.RaftServerConfigKeys (ConfUtils.java:logGet(43)) - raft.server.log.force.sync.num = 128 (default)
2019-06-14 08:25:39,298 INFO  server.RaftServerConfigKeys (ConfUtils.java:logGet(43)) - raft.server.log.statemachine.data.sync = true (default)
2019-06-14 08:25:39,298 INFO  server.RaftServerConfigKeys (ConfUtils.java:logGet(43)) - raft.server.log.statemachine.data.sync.timeout = 10s (default)
2019-06-14 08:25:39,298 INFO  server.RaftServerConfigKeys (ConfUtils.java:logGet(43)) - raft.server.log.statemachine.data.sync.timeout.retry = -1 (default)
2019-06-14 08:25:39,298 INFO  server.RaftServerConfigKeys (ConfUtils.java:logGet(43)) - raft.server.log.statemachine.data.caching.enabled = true (custom)
2019-06-14 08:25:39,298 INFO  server.RaftServerConfigKeys (ConfUtils.java:logGet(43)) - raft.server.snapshot.auto.trigger.enabled = true (custom)
2019-06-14 08:25:39,298 INFO  server.RaftServerConfigKeys (ConfUtils.java:logGet(43)) - raft.server.snapshot.auto.trigger.threshold = 10000 (custom)
2019-06-14 08:25:39,298 INFO  server.RaftServerConfigKeys (ConfUtils.java:logGet(43)) - raft.server.retrycache.expirytime = 600000ms (custom)
2019-06-14 08:25:39,299 INFO  impl.RaftServerImpl (RaftServerImpl.java:start(173)) - 9c481f34-7a96-445c-ab07-3fb45ef6c5ce: start group-6B425BEC3B28
2019-06-14 08:25:39,299 INFO  impl.RaftServerImpl (RaftServerImpl.java:setRole(164)) - 9c481f34-7a96-445c-ab07-3fb45ef6c5ce:group-6B425BEC3B28 changes role from null to FOLLOWER at term 0 for startAsFollower
2019-06-14 08:25:39,299 INFO  impl.RoleInfo (RoleInfo.java:updateAndGet(143)) - 9c481f34-7a96-445c-ab07-3fb45ef6c5ce: start FollowerState
2019-06-14 08:25:39,299 INFO  util.JmxRegister (JmxRegister.java:tryRegister(44)) - Successfully registered JMX Bean with object name Ratis:service=RaftServer,group=group-6B425BEC3B28,id=9c481f34-7a96-445c-ab07-3fb45ef6c5ce
2019-06-14 08:25:39,308 INFO  impl.RaftServerProxy (RaftServerProxy.java:addNew(89)) - 7d7bd66f-e4c6-4b32-8fdb-3a5b56fa0014: addNew group-6B425BEC3B28:[7d7bd66f-e4c6-4b32-8fdb-3a5b56fa0014:192.168.11.250:38487, e6714b64-c040-4d89-a045-f9ecac8e2434:192.168.11.250:36573, 9c481f34-7a96-445c-ab07-3fb45ef6c5ce:192.168.11.250:34289] returns group-6B425BEC3B28:java.util.concurrent.CompletableFuture@36f86885[Not completed]
2019-06-14 08:25:39,309 INFO  impl.RaftServerImpl (RaftServerImpl.java:<init>(91)) - 7d7bd66f-e4c6-4b32-8fdb-3a5b56fa0014: new RaftServerImpl for group-6B425BEC3B28:[7d7bd66f-e4c6-4b32-8fdb-3a5b56fa0014:192.168.11.250:38487, e6714b64-c040-4d89-a045-f9ecac8e2434:192.168.11.250:36573, 9c481f34-7a96-445c-ab07-3fb45ef6c5ce:192.168.11.250:34289] with ContainerStateMachine:uninitialized
2019-06-14 08:25:39,309 INFO  server.RaftServerConfigKeys (ConfUtils.java:logGet(43)) - raft.server.rpc.timeout.min = 1s (custom)
2019-06-14 08:25:39,310 INFO  impl.RaftServerProxy (RaftServerProxy.java:addNew(89)) - e6714b64-c040-4d89-a045-f9ecac8e2434: addNew group-6B425BEC3B28:[7d7bd66f-e4c6-4b32-8fdb-3a5b56fa0014:192.168.11.250:38487, e6714b64-c040-4d89-a045-f9ecac8e2434:192.168.11.250:36573, 9c481f34-7a96-445c-ab07-3fb45ef6c5ce:192.168.11.250:34289] returns group-6B425BEC3B28:java.util.concurrent.CompletableFuture@385dfaeb[Not completed]
2019-06-14 08:25:39,311 INFO  impl.RaftServerImpl (RaftServerImpl.java:<init>(91)) - e6714b64-c040-4d89-a045-f9ecac8e2434: new RaftServerImpl for group-6B425BEC3B28:[7d7bd66f-e4c6-4b32-8fdb-3a5b56fa0014:192.168.11.250:38487, e6714b64-c040-4d89-a045-f9ecac8e2434:192.168.11.250:36573, 9c481f34-7a96-445c-ab07-3fb45ef6c5ce:192.168.11.250:34289] with ContainerStateMachine:uninitialized
2019-06-14 08:25:39,313 INFO  server.RaftServerConfigKeys (ConfUtils.java:logGet(43)) - raft.server.rpc.timeout.min = 1s (custom)
2019-06-14 08:25:39,313 INFO  server.RaftServerConfigKeys (ConfUtils.java:logGet(43)) - raft.server.rpc.timeout.max = 1200ms (custom)
2019-06-14 08:25:39,313 INFO  server.RaftServerConfigKeys (ConfUtils.java:logGet(43)) - raft.server.rpcslowness.timeout = 10s (custom)
2019-06-14 08:25:39,313 INFO  server.RaftServerConfigKeys (ConfUtils.java:logGet(43)) - raft.server.log.appender.install.snapshot.enabled = true (default)
2019-06-14 08:25:39,313 INFO  impl.RaftServerImpl (ServerState.java:<init>(101)) - e6714b64-c040-4d89-a045-f9ecac8e2434:group-6B425BEC3B28 ConfigurationManager, init=-1: [7d7bd66f-e4c6-4b32-8fdb-3a5b56fa0014:192.168.11.250:38487, e6714b64-c040-4d89-a045-f9ecac8e2434:192.168.11.250:36573, 9c481f34-7a96-445c-ab07-3fb45ef6c5ce:192.168.11.250:34289], old=null, confs=<EMPTY_MAP>
2019-06-14 08:25:39,313 INFO  server.RaftServerConfigKeys (ConfUtils.java:logGet(43)) - raft.server.storage.dir = [/opt/src/hadoop-ozone/integration-test/target/test-dir/MiniOzoneClusterImpl-5c3c1a88-3322-4ecb-bf8b-f5fe79ad96ba/datanode-0/data/ratis] (custom)
2019-06-14 08:25:39,313 INFO  storage.RaftStorageDirectory (RaftStorageDirectory.java:analyzeStorage(246)) - The storage directory /opt/src/hadoop-ozone/integration-test/target/test-dir/MiniOzoneClusterImpl-5c3c1a88-3322-4ecb-bf8b-f5fe79ad96ba/datanode-0/data/ratis/a270d580-699c-41db-8289-6b425bec3b28 does not exist. Creating ...
2019-06-14 08:25:39,312 INFO  server.RaftServerConfigKeys (ConfUtils.java:logGet(43)) - raft.server.rpc.timeout.max = 1200ms (custom)
2019-06-14 08:25:39,314 INFO  server.RaftServerConfigKeys (ConfUtils.java:logGet(43)) - raft.server.rpcslowness.timeout = 10s (custom)
2019-06-14 08:25:39,314 INFO  server.RaftServerConfigKeys (ConfUtils.java:logGet(43)) - raft.server.log.appender.install.snapshot.enabled = true (default)
2019-06-14 08:25:39,314 INFO  impl.RaftServerImpl (ServerState.java:<init>(101)) - 7d7bd66f-e4c6-4b32-8fdb-3a5b56fa0014:group-6B425BEC3B28 ConfigurationManager, init=-1: [7d7bd66f-e4c6-4b32-8fdb-3a5b56fa0014:192.168.11.250:38487, e6714b64-c040-4d89-a045-f9ecac8e2434:192.168.11.250:36573, 9c481f34-7a96-445c-ab07-3fb45ef6c5ce:192.168.11.250:34289], old=null, confs=<EMPTY_MAP>
2019-06-14 08:25:39,314 INFO  server.RaftServerConfigKeys (ConfUtils.java:logGet(43)) - raft.server.storage.dir = [/opt/src/hadoop-ozone/integration-test/target/test-dir/MiniOzoneClusterImpl-5c3c1a88-3322-4ecb-bf8b-f5fe79ad96ba/datanode-2/data/ratis] (custom)
2019-06-14 08:25:39,315 INFO  storage.RaftStorageDirectory (RaftStorageDirectory.java:analyzeStorage(246)) - The storage directory /opt/src/hadoop-ozone/integration-test/target/test-dir/MiniOzoneClusterImpl-5c3c1a88-3322-4ecb-bf8b-f5fe79ad96ba/datanode-2/data/ratis/a270d580-699c-41db-8289-6b425bec3b28 does not exist. Creating ...
2019-06-14 08:25:39,322 INFO  storage.RaftStorageDirectory (RaftStorageDirectory.java:tryLock(328)) - Lock on /opt/src/hadoop-ozone/integration-test/target/test-dir/MiniOzoneClusterImpl-5c3c1a88-3322-4ecb-bf8b-f5fe79ad96ba/datanode-0/data/ratis/a270d580-699c-41db-8289-6b425bec3b28/in_use.lock acquired by nodename 10129@ozone-rp9nx-1314784558
2019-06-14 08:25:39,324 INFO  storage.RaftStorageDirectory (RaftStorageDirectory.java:tryLock(328)) - Lock on /opt/src/hadoop-ozone/integration-test/target/test-dir/MiniOzoneClusterImpl-5c3c1a88-3322-4ecb-bf8b-f5fe79ad96ba/datanode-2/data/ratis/a270d580-699c-41db-8289-6b425bec3b28/in_use.lock acquired by nodename 10129@ozone-rp9nx-1314784558
2019-06-14 08:25:39,324 INFO  storage.RaftStorage (RaftStorage.java:format(75)) - Storage directory /opt/src/hadoop-ozone/integration-test/target/test-dir/MiniOzoneClusterImpl-5c3c1a88-3322-4ecb-bf8b-f5fe79ad96ba/datanode-0/data/ratis/a270d580-699c-41db-8289-6b425bec3b28 has been successfully formatted.
2019-06-14 08:25:39,324 INFO  ratis.ContainerStateMachine (ContainerStateMachine.java:loadSnapshot(199)) - The snapshot info is null.Setting the last applied index to:(t:0, i:~)
2019-06-14 08:25:39,324 INFO  server.RaftServerConfigKeys (ConfUtils.java:logGet(43)) - raft.server.leader.election.timeout = 10s (custom)
2019-06-14 08:25:39,324 INFO  server.RaftServerConfigKeys (ConfUtils.java:logGet(43)) - raft.server.log.use.memory = false (default)
2019-06-14 08:25:39,324 INFO  server.RaftServerConfigKeys (ConfUtils.java:logGet(43)) - raft.server.log.appender.buffer.byte-limit = 33554432 (custom)
2019-06-14 08:25:39,324 INFO  server.RaftServerConfigKeys (ConfUtils.java:logGet(43)) - raft.server.log.segment.size.max = 16384 (custom)
2019-06-14 08:25:39,325 INFO  server.RaftServerConfigKeys (ConfUtils.java:logGet(43)) - raft.server.log.segment.cache.num.max = 2 (custom)
2019-06-14 08:25:39,325 INFO  storage.RaftLogWorker (RaftLogWorker.java:<init>(123)) - new e6714b64-c040-4d89-a045-f9ecac8e2434-RaftLogWorker for Storage Directory /opt/src/hadoop-ozone/integration-test/target/test-dir/MiniOzoneClusterImpl-5c3c1a88-3322-4ecb-bf8b-f5fe79ad96ba/datanode-0/data/ratis/a270d580-699c-41db-8289-6b425bec3b28
2019-06-14 08:25:39,325 INFO  server.RaftServerConfigKeys (ConfUtils.java:logGet(43)) - raft.server.log.queue.byte-limit = 2147483647 (custom)
2019-06-14 08:25:39,325 INFO  server.RaftServerConfigKeys (ConfUtils.java:logGet(43)) - raft.server.log.queue.element-limit = 1024 (custom)
2019-06-14 08:25:39,325 INFO  server.RaftServerConfigKeys (ConfUtils.java:logGet(43)) - raft.server.log.segment.size.max = 16384 (custom)
2019-06-14 08:25:39,325 INFO  server.RaftServerConfigKeys (ConfUtils.java:logGet(43)) - raft.server.log.preallocated.size = 16384 (custom)
2019-06-14 08:25:39,325 INFO  server.RaftServerConfigKeys (ConfUtils.java:logGet(43)) - raft.server.log.write.buffer.size = 33554432 (custom)
2019-06-14 08:25:39,325 INFO  server.RaftServerConfigKeys (ConfUtils.java:logGet(43)) - raft.server.log.force.sync.num = 128 (default)
2019-06-14 08:25:39,325 INFO  server.RaftServerConfigKeys (ConfUtils.java:logGet(43)) - raft.server.log.statemachine.data.sync = true (default)
2019-06-14 08:25:39,325 INFO  server.RaftServerConfigKeys (ConfUtils.java:logGet(43)) - raft.server.log.statemachine.data.sync.timeout = 10s (default)
2019-06-14 08:25:39,325 INFO  server.RaftServerConfigKeys (ConfUtils.java:logGet(43)) - raft.server.log.statemachine.data.sync.timeout.retry = -1 (default)
2019-06-14 08:25:39,326 INFO  server.RaftServerConfigKeys (ConfUtils.java:logGet(43)) - raft.server.log.statemachine.data.caching.enabled = true (custom)
2019-06-14 08:25:39,326 INFO  storage.RaftStorage (RaftStorage.java:format(75)) - Storage directory /opt/src/hadoop-ozone/integration-test/target/test-dir/MiniOzoneClusterImpl-5c3c1a88-3322-4ecb-bf8b-f5fe79ad96ba/datanode-2/data/ratis/a270d580-699c-41db-8289-6b425bec3b28 has been successfully formatted.
2019-06-14 08:25:39,326 INFO  ratis.ContainerStateMachine (ContainerStateMachine.java:loadSnapshot(199)) - The snapshot info is null.Setting the last applied index to:(t:0, i:~)
2019-06-14 08:25:39,326 INFO  server.RaftServerConfigKeys (ConfUtils.java:logGet(43)) - raft.server.leader.election.timeout = 10s (custom)
2019-06-14 08:25:39,326 INFO  server.RaftServerConfigKeys (ConfUtils.java:logGet(43)) - raft.server.log.use.memory = false (default)
2019-06-14 08:25:39,326 INFO  server.RaftServerConfigKeys (ConfUtils.java:logGet(43)) - raft.server.log.appender.buffer.byte-limit = 33554432 (custom)
2019-06-14 08:25:39,326 INFO  server.RaftServerConfigKeys (ConfUtils.java:logGet(43)) - raft.server.log.segment.size.max = 16384 (custom)
2019-06-14 08:25:39,327 INFO  server.RaftServerConfigKeys (ConfUtils.java:logGet(43)) - raft.server.log.segment.cache.num.max = 2 (custom)
2019-06-14 08:25:39,327 INFO  storage.RaftLogWorker (RaftLogWorker.java:<init>(123)) - new 7d7bd66f-e4c6-4b32-8fdb-3a5b56fa0014-RaftLogWorker for Storage Directory /opt/src/hadoop-ozone/integration-test/target/test-dir/MiniOzoneClusterImpl-5c3c1a88-3322-4ecb-bf8b-f5fe79ad96ba/datanode-2/data/ratis/a270d580-699c-41db-8289-6b425bec3b28
2019-06-14 08:25:39,327 INFO  server.RaftServerConfigKeys (ConfUtils.java:logGet(43)) - raft.server.log.queue.byte-limit = 2147483647 (custom)
2019-06-14 08:25:39,327 INFO  server.RaftServerConfigKeys (ConfUtils.java:logGet(43)) - raft.server.log.queue.element-limit = 1024 (custom)
2019-06-14 08:25:39,327 INFO  server.RaftServerConfigKeys (ConfUtils.java:logGet(43)) - raft.server.log.segment.size.max = 16384 (custom)
2019-06-14 08:25:39,327 INFO  server.RaftServerConfigKeys (ConfUtils.java:logGet(43)) - raft.server.log.preallocated.size = 16384 (custom)
2019-06-14 08:25:39,327 INFO  server.RaftServerConfigKeys (ConfUtils.java:logGet(43)) - raft.server.log.write.buffer.size = 33554432 (custom)
2019-06-14 08:25:39,327 INFO  server.RaftServerConfigKeys (ConfUtils.java:logGet(43)) - raft.server.snapshot.auto.trigger.enabled = true (custom)
2019-06-14 08:25:39,327 INFO  server.RaftServerConfigKeys (ConfUtils.java:logGet(43)) - raft.server.snapshot.auto.trigger.threshold = 10000 (custom)
2019-06-14 08:25:39,327 INFO  server.RaftServerConfigKeys (ConfUtils.java:logGet(43)) - raft.server.retrycache.expirytime = 600000ms (custom)
2019-06-14 08:25:39,328 INFO  impl.RaftServerImpl (RaftServerImpl.java:start(173)) - e6714b64-c040-4d89-a045-f9ecac8e2434: start group-6B425BEC3B28
2019-06-14 08:25:39,328 INFO  impl.RaftServerImpl (RaftServerImpl.java:setRole(164)) - e6714b64-c040-4d89-a045-f9ecac8e2434:group-6B425BEC3B28 changes role from null to FOLLOWER at term 0 for startAsFollower
2019-06-14 08:25:39,328 INFO  impl.RoleInfo (RoleInfo.java:updateAndGet(143)) - e6714b64-c040-4d89-a045-f9ecac8e2434: start FollowerState
2019-06-14 08:25:39,328 INFO  server.RaftServerConfigKeys (ConfUtils.java:logGet(43)) - raft.server.log.force.sync.num = 128 (default)
2019-06-14 08:25:39,328 INFO  util.JmxRegister (JmxRegister.java:tryRegister(44)) - Successfully registered JMX Bean with object name Ratis:service=RaftServer,group=group-6B425BEC3B28,id=e6714b64-c040-4d89-a045-f9ecac8e2434
2019-06-14 08:25:39,328 INFO  server.RaftServerConfigKeys (ConfUtils.java:logGet(43)) - raft.server.log.statemachine.data.sync = true (default)
2019-06-14 08:25:39,328 INFO  server.RaftServerConfigKeys (ConfUtils.java:logGet(43)) - raft.server.log.statemachine.data.sync.timeout = 10s (default)
2019-06-14 08:25:39,328 INFO  server.RaftServerConfigKeys (ConfUtils.java:logGet(43)) - raft.server.log.statemachine.data.sync.timeout.retry = -1 (default)
2019-06-14 08:25:39,329 INFO  server.RaftServerConfigKeys (ConfUtils.java:logGet(43)) - raft.server.log.statemachine.data.caching.enabled = true (custom)
2019-06-14 08:25:39,329 INFO  server.RaftServerConfigKeys (ConfUtils.java:logGet(43)) - raft.server.snapshot.auto.trigger.enabled = true (custom)
2019-06-14 08:25:39,329 INFO  server.RaftServerConfigKeys (ConfUtils.java:logGet(43)) - raft.server.snapshot.auto.trigger.threshold = 10000 (custom)
2019-06-14 08:25:39,329 INFO  server.RaftServerConfigKeys (ConfUtils.java:logGet(43)) - raft.server.retrycache.expirytime = 600000ms (custom)
2019-06-14 08:25:39,329 INFO  impl.RaftServerImpl (RaftServerImpl.java:start(173)) - 7d7bd66f-e4c6-4b32-8fdb-3a5b56fa0014: start group-6B425BEC3B28
2019-06-14 08:25:39,329 INFO  impl.RaftServerImpl (RaftServerImpl.java:setRole(164)) - 7d7bd66f-e4c6-4b32-8fdb-3a5b56fa0014:group-6B425BEC3B28 changes role from null to FOLLOWER at term 0 for startAsFollower
2019-06-14 08:25:39,330 INFO  impl.RoleInfo (RoleInfo.java:updateAndGet(143)) - 7d7bd66f-e4c6-4b32-8fdb-3a5b56fa0014: start FollowerState
2019-06-14 08:25:39,338 INFO  util.JmxRegister (JmxRegister.java:tryRegister(44)) - Successfully registered JMX Bean with object name Ratis:service=RaftServer,group=group-6B425BEC3B28,id=7d7bd66f-e4c6-4b32-8fdb-3a5b56fa0014
2019-06-14 08:25:39,346 INFO  pipeline.PipelineStateManager (PipelineStateManager.java:addPipeline(56)) - Created pipeline Pipeline[ Id: a270d580-699c-41db-8289-6b425bec3b28, Nodes: 9c481f34-7a96-445c-ab07-3fb45ef6c5ce{ip: 192.168.11.250, host: ozone-rp9nx-1314784558, networkLocation: /default-rack, certSerialId: null}7d7bd66f-e4c6-4b32-8fdb-3a5b56fa0014{ip: 192.168.11.250, host: ozone-rp9nx-1314784558, networkLocation: /default-rack, certSerialId: null}e6714b64-c040-4d89-a045-f9ecac8e2434{ip: 192.168.11.250, host: ozone-rp9nx-1314784558, networkLocation: /default-rack, certSerialId: null}, Type:RATIS, Factor:THREE, State:OPEN]
2019-06-14 08:25:39,377 INFO  node.SCMNodeManager (SCMNodeManager.java:register(234)) - Registered Data node : 2d734415-1b99-489d-8d9d-97d74f8a7c80{ip: 192.168.11.250, host: ozone-rp9nx-1314784558, networkLocation: /default-rack, certSerialId: null}
2019-06-14 08:25:39,387 INFO  impl.RaftServerProxy (RaftServerProxy.java:addNew(89)) - 2d734415-1b99-489d-8d9d-97d74f8a7c80: addNew group-852CB7E8C4D4:[2d734415-1b99-489d-8d9d-97d74f8a7c80:192.168.11.250:44559] returns group-852CB7E8C4D4:java.util.concurrent.CompletableFuture@77a709ab[Not completed]
2019-06-14 08:25:39,392 INFO  impl.RaftServerImpl (RaftServerImpl.java:<init>(91)) - 2d734415-1b99-489d-8d9d-97d74f8a7c80: new RaftServerImpl for group-852CB7E8C4D4:[2d734415-1b99-489d-8d9d-97d74f8a7c80:192.168.11.250:44559] with ContainerStateMachine:uninitialized
2019-06-14 08:25:39,392 INFO  server.RaftServerConfigKeys (ConfUtils.java:logGet(43)) - raft.server.rpc.timeout.min = 1s (custom)
2019-06-14 08:25:39,392 INFO  server.RaftServerConfigKeys (ConfUtils.java:logGet(43)) - raft.server.rpc.timeout.max = 1200ms (custom)
2019-06-14 08:25:39,392 INFO  server.RaftServerConfigKeys (ConfUtils.java:logGet(43)) - raft.server.rpcslowness.timeout = 10s (custom)
2019-06-14 08:25:39,392 INFO  server.RaftServerConfigKeys (ConfUtils.java:logGet(43)) - raft.server.log.appender.install.snapshot.enabled = true (default)
2019-06-14 08:25:39,392 INFO  impl.RaftServerImpl (ServerState.java:<init>(101)) - 2d734415-1b99-489d-8d9d-97d74f8a7c80:group-852CB7E8C4D4 ConfigurationManager, init=-1: [2d734415-1b99-489d-8d9d-97d74f8a7c80:192.168.11.250:44559], old=null, confs=<EMPTY_MAP>
2019-06-14 08:25:39,392 INFO  server.RaftServerConfigKeys (ConfUtils.java:logGet(43)) - raft.server.storage.dir = [/opt/src/hadoop-ozone/integration-test/target/test-dir/MiniOzoneClusterImpl-5c3c1a88-3322-4ecb-bf8b-f5fe79ad96ba/datanode-3/data/ratis] (custom)
2019-06-14 08:25:39,393 INFO  storage.RaftStorageDirectory (RaftStorageDirectory.java:analyzeStorage(246)) - The storage directory /opt/src/hadoop-ozone/integration-test/target/test-dir/MiniOzoneClusterImpl-5c3c1a88-3322-4ecb-bf8b-f5fe79ad96ba/datanode-3/data/ratis/20ac1f3a-b7c2-4138-8047-852cb7e8c4d4 does not exist. Creating ...
2019-06-14 08:25:39,395 INFO  storage.RaftStorageDirectory (RaftStorageDirectory.java:tryLock(328)) - Lock on /opt/src/hadoop-ozone/integration-test/target/test-dir/MiniOzoneClusterImpl-5c3c1a88-3322-4ecb-bf8b-f5fe79ad96ba/datanode-3/data/ratis/20ac1f3a-b7c2-4138-8047-852cb7e8c4d4/in_use.lock acquired by nodename 10129@ozone-rp9nx-1314784558
2019-06-14 08:25:39,397 INFO  storage.RaftStorage (RaftStorage.java:format(75)) - Storage directory /opt/src/hadoop-ozone/integration-test/target/test-dir/MiniOzoneClusterImpl-5c3c1a88-3322-4ecb-bf8b-f5fe79ad96ba/datanode-3/data/ratis/20ac1f3a-b7c2-4138-8047-852cb7e8c4d4 has been successfully formatted.
2019-06-14 08:25:39,397 INFO  ratis.ContainerStateMachine (ContainerStateMachine.java:loadSnapshot(199)) - The snapshot info is null.Setting the last applied index to:(t:0, i:~)
2019-06-14 08:25:39,397 INFO  server.RaftServerConfigKeys (ConfUtils.java:logGet(43)) - raft.server.leader.election.timeout = 10s (custom)
2019-06-14 08:25:39,397 INFO  server.RaftServerConfigKeys (ConfUtils.java:logGet(43)) - raft.server.log.use.memory = false (default)
2019-06-14 08:25:39,397 INFO  server.RaftServerConfigKeys (ConfUtils.java:logGet(43)) - raft.server.log.appender.buffer.byte-limit = 33554432 (custom)
2019-06-14 08:25:39,398 INFO  server.RaftServerConfigKeys (ConfUtils.java:logGet(43)) - raft.server.log.segment.size.max = 16384 (custom)
2019-06-14 08:25:39,398 INFO  server.RaftServerConfigKeys (ConfUtils.java:logGet(43)) - raft.server.log.segment.cache.num.max = 2 (custom)
2019-06-14 08:25:39,398 INFO  storage.RaftLogWorker (RaftLogWorker.java:<init>(123)) - new 2d734415-1b99-489d-8d9d-97d74f8a7c80-RaftLogWorker for Storage Directory /opt/src/hadoop-ozone/integration-test/target/test-dir/MiniOzoneClusterImpl-5c3c1a88-3322-4ecb-bf8b-f5fe79ad96ba/datanode-3/data/ratis/20ac1f3a-b7c2-4138-8047-852cb7e8c4d4
2019-06-14 08:25:39,398 INFO  server.RaftServerConfigKeys (ConfUtils.java:logGet(43)) - raft.server.log.queue.byte-limit = 2147483647 (custom)
2019-06-14 08:25:39,398 INFO  server.RaftServerConfigKeys (ConfUtils.java:logGet(43)) - raft.server.log.queue.element-limit = 1024 (custom)
2019-06-14 08:25:39,398 INFO  server.RaftServerConfigKeys (ConfUtils.java:logGet(43)) - raft.server.log.segment.size.max = 16384 (custom)
2019-06-14 08:25:39,398 INFO  server.RaftServerConfigKeys (ConfUtils.java:logGet(43)) - raft.server.log.preallocated.size = 16384 (custom)
2019-06-14 08:25:39,398 INFO  server.RaftServerConfigKeys (ConfUtils.java:logGet(43)) - raft.server.log.write.buffer.size = 33554432 (custom)
2019-06-14 08:25:39,398 INFO  server.RaftServerConfigKeys (ConfUtils.java:logGet(43)) - raft.server.log.force.sync.num = 128 (default)
2019-06-14 08:25:39,399 INFO  server.RaftServerConfigKeys (ConfUtils.java:logGet(43)) - raft.server.log.statemachine.data.sync = true (default)
2019-06-14 08:25:39,399 INFO  server.RaftServerConfigKeys (ConfUtils.java:logGet(43)) - raft.server.log.statemachine.data.sync.timeout = 10s (default)
2019-06-14 08:25:39,399 INFO  server.RaftServerConfigKeys (ConfUtils.java:logGet(43)) - raft.server.log.statemachine.data.sync.timeout.retry = -1 (default)
2019-06-14 08:25:39,399 INFO  server.RaftServerConfigKeys (ConfUtils.java:logGet(43)) - raft.server.log.statemachine.data.caching.enabled = true (custom)
2019-06-14 08:25:39,399 INFO  server.RaftServerConfigKeys (ConfUtils.java:logGet(43)) - raft.server.snapshot.auto.trigger.enabled = true (custom)
2019-06-14 08:25:39,399 INFO  server.RaftServerConfigKeys (ConfUtils.java:logGet(43)) - raft.server.snapshot.auto.trigger.threshold = 10000 (custom)
2019-06-14 08:25:39,400 INFO  server.RaftServerConfigKeys (ConfUtils.java:logGet(43)) - raft.server.retrycache.expirytime = 600000ms (custom)
2019-06-14 08:25:39,400 INFO  impl.RaftServerImpl (RaftServerImpl.java:start(173)) - 2d734415-1b99-489d-8d9d-97d74f8a7c80: start group-852CB7E8C4D4
2019-06-14 08:25:39,400 INFO  impl.RaftServerImpl (RaftServerImpl.java:setRole(164)) - 2d734415-1b99-489d-8d9d-97d74f8a7c80:group-852CB7E8C4D4 changes role from null to FOLLOWER at term 0 for startAsFollower
2019-06-14 08:25:39,400 INFO  impl.RoleInfo (RoleInfo.java:updateAndGet(143)) - 2d734415-1b99-489d-8d9d-97d74f8a7c80: start FollowerState
2019-06-14 08:25:39,401 INFO  util.JmxRegister (JmxRegister.java:tryRegister(44)) - Successfully registered JMX Bean with object name Ratis:service=RaftServer,group=group-852CB7E8C4D4,id=2d734415-1b99-489d-8d9d-97d74f8a7c80
2019-06-14 08:25:39,404 INFO  pipeline.PipelineStateManager (PipelineStateManager.java:addPipeline(56)) - Created pipeline Pipeline[ Id: 20ac1f3a-b7c2-4138-8047-852cb7e8c4d4, Nodes: 2d734415-1b99-489d-8d9d-97d74f8a7c80{ip: 192.168.11.250, host: ozone-rp9nx-1314784558, networkLocation: /default-rack, certSerialId: null}, Type:RATIS, Factor:ONE, State:OPEN]
2019-06-14 08:25:39,594 INFO  node.SCMNodeManager (SCMNodeManager.java:register(234)) - Registered Data node : 7a300a81-5303-4855-9563-b5dd746e0e75{ip: 192.168.11.250, host: ozone-rp9nx-1314784558, networkLocation: /default-rack, certSerialId: null}
2019-06-14 08:25:39,608 INFO  impl.RaftServerProxy (RaftServerProxy.java:addNew(89)) - 7a300a81-5303-4855-9563-b5dd746e0e75: addNew group-38DDD38B94D4:[7a300a81-5303-4855-9563-b5dd746e0e75:192.168.11.250:43169] returns group-38DDD38B94D4:java.util.concurrent.CompletableFuture@58ad560b[Not completed]
2019-06-14 08:25:39,609 INFO  impl.RaftServerImpl (RaftServerImpl.java:<init>(91)) - 7a300a81-5303-4855-9563-b5dd746e0e75: new RaftServerImpl for group-38DDD38B94D4:[7a300a81-5303-4855-9563-b5dd746e0e75:192.168.11.250:43169] with ContainerStateMachine:uninitialized
2019-06-14 08:25:39,609 INFO  server.RaftServerConfigKeys (ConfUtils.java:logGet(43)) - raft.server.rpc.timeout.min = 1s (custom)
2019-06-14 08:25:39,609 INFO  server.RaftServerConfigKeys (ConfUtils.java:logGet(43)) - raft.server.rpc.timeout.max = 1200ms (custom)
2019-06-14 08:25:39,609 INFO  server.RaftServerConfigKeys (ConfUtils.java:logGet(43)) - raft.server.rpcslowness.timeout = 10s (custom)
2019-06-14 08:25:39,609 INFO  server.RaftServerConfigKeys (ConfUtils.java:logGet(43)) - raft.server.log.appender.install.snapshot.enabled = true (default)
2019-06-14 08:25:39,609 INFO  impl.RaftServerImpl (ServerState.java:<init>(101)) - 7a300a81-5303-4855-9563-b5dd746e0e75:group-38DDD38B94D4 ConfigurationManager, init=-1: [7a300a81-5303-4855-9563-b5dd746e0e75:192.168.11.250:43169], old=null, confs=<EMPTY_MAP>
2019-06-14 08:25:39,609 INFO  server.RaftServerConfigKeys (ConfUtils.java:logGet(43)) - raft.server.storage.dir = [/opt/src/hadoop-ozone/integration-test/target/test-dir/MiniOzoneClusterImpl-5c3c1a88-3322-4ecb-bf8b-f5fe79ad96ba/datanode-4/data/ratis] (custom)
2019-06-14 08:25:39,610 INFO  storage.RaftStorageDirectory (RaftStorageDirectory.java:analyzeStorage(246)) - The storage directory /opt/src/hadoop-ozone/integration-test/target/test-dir/MiniOzoneClusterImpl-5c3c1a88-3322-4ecb-bf8b-f5fe79ad96ba/datanode-4/data/ratis/1e27138c-30bf-462c-88c4-38ddd38b94d4 does not exist. Creating ...
2019-06-14 08:25:39,611 INFO  storage.RaftStorageDirectory (RaftStorageDirectory.java:tryLock(328)) - Lock on /opt/src/hadoop-ozone/integration-test/target/test-dir/MiniOzoneClusterImpl-5c3c1a88-3322-4ecb-bf8b-f5fe79ad96ba/datanode-4/data/ratis/1e27138c-30bf-462c-88c4-38ddd38b94d4/in_use.lock acquired by nodename 10129@ozone-rp9nx-1314784558
2019-06-14 08:25:39,613 INFO  storage.RaftStorage (RaftStorage.java:format(75)) - Storage directory /opt/src/hadoop-ozone/integration-test/target/test-dir/MiniOzoneClusterImpl-5c3c1a88-3322-4ecb-bf8b-f5fe79ad96ba/datanode-4/data/ratis/1e27138c-30bf-462c-88c4-38ddd38b94d4 has been successfully formatted.
2019-06-14 08:25:39,614 INFO  ratis.ContainerStateMachine (ContainerStateMachine.java:loadSnapshot(199)) - The snapshot info is null.Setting the last applied index to:(t:0, i:~)
2019-06-14 08:25:39,614 INFO  server.RaftServerConfigKeys (ConfUtils.java:logGet(43)) - raft.server.leader.election.timeout = 10s (custom)
2019-06-14 08:25:39,614 INFO  server.RaftServerConfigKeys (ConfUtils.java:logGet(43)) - raft.server.log.use.memory = false (default)
2019-06-14 08:25:39,614 INFO  server.RaftServerConfigKeys (ConfUtils.java:logGet(43)) - raft.server.log.appender.buffer.byte-limit = 33554432 (custom)
2019-06-14 08:25:39,614 INFO  server.RaftServerConfigKeys (ConfUtils.java:logGet(43)) - raft.server.log.segment.size.max = 16384 (custom)
2019-06-14 08:25:39,614 INFO  server.RaftServerConfigKeys (ConfUtils.java:logGet(43)) - raft.server.log.segment.cache.num.max = 2 (custom)
2019-06-14 08:25:39,614 INFO  storage.RaftLogWorker (RaftLogWorker.java:<init>(123)) - new 7a300a81-5303-4855-9563-b5dd746e0e75-RaftLogWorker for Storage Directory /opt/src/hadoop-ozone/integration-test/target/test-dir/MiniOzoneClusterImpl-5c3c1a88-3322-4ecb-bf8b-f5fe79ad96ba/datanode-4/data/ratis/1e27138c-30bf-462c-88c4-38ddd38b94d4
2019-06-14 08:25:39,614 INFO  server.RaftServerConfigKeys (ConfUtils.java:logGet(43)) - raft.server.log.queue.byte-limit = 2147483647 (custom)
2019-06-14 08:25:39,614 INFO  server.RaftServerConfigKeys (ConfUtils.java:logGet(43)) - raft.server.log.queue.element-limit = 1024 (custom)
2019-06-14 08:25:39,615 INFO  server.RaftServerConfigKeys (ConfUtils.java:logGet(43)) - raft.server.log.segment.size.max = 16384 (custom)
2019-06-14 08:25:39,615 INFO  server.RaftServerConfigKeys (ConfUtils.java:logGet(43)) - raft.server.log.preallocated.size = 16384 (custom)
2019-06-14 08:25:39,615 INFO  server.RaftServerConfigKeys (ConfUtils.java:logGet(43)) - raft.server.log.write.buffer.size = 33554432 (custom)
2019-06-14 08:25:39,615 INFO  server.RaftServerConfigKeys (ConfUtils.java:logGet(43)) - raft.server.log.force.sync.num = 128 (default)
2019-06-14 08:25:39,615 INFO  server.RaftServerConfigKeys (ConfUtils.java:logGet(43)) - raft.server.log.statemachine.data.sync = true (default)
2019-06-14 08:25:39,615 INFO  server.RaftServerConfigKeys (ConfUtils.java:logGet(43)) - raft.server.log.statemachine.data.sync.timeout = 10s (default)
2019-06-14 08:25:39,615 INFO  server.RaftServerConfigKeys (ConfUtils.java:logGet(43)) - raft.server.log.statemachine.data.sync.timeout.retry = -1 (default)
2019-06-14 08:25:39,615 INFO  server.RaftServerConfigKeys (ConfUtils.java:logGet(43)) - raft.server.log.statemachine.data.caching.enabled = true (custom)
2019-06-14 08:25:39,616 INFO  server.RaftServerConfigKeys (ConfUtils.java:logGet(43)) - raft.server.snapshot.auto.trigger.enabled = true (custom)
2019-06-14 08:25:39,616 INFO  server.RaftServerConfigKeys (ConfUtils.java:logGet(43)) - raft.server.snapshot.auto.trigger.threshold = 10000 (custom)
2019-06-14 08:25:39,616 INFO  server.RaftServerConfigKeys (ConfUtils.java:logGet(43)) - raft.server.retrycache.expirytime = 600000ms (custom)
2019-06-14 08:25:39,616 INFO  impl.RaftServerImpl (RaftServerImpl.java:start(173)) - 7a300a81-5303-4855-9563-b5dd746e0e75: start group-38DDD38B94D4
2019-06-14 08:25:39,616 INFO  impl.RaftServerImpl (RaftServerImpl.java:setRole(164)) - 7a300a81-5303-4855-9563-b5dd746e0e75:group-38DDD38B94D4 changes role from null to FOLLOWER at term 0 for startAsFollower
2019-06-14 08:25:39,616 INFO  impl.RoleInfo (RoleInfo.java:updateAndGet(143)) - 7a300a81-5303-4855-9563-b5dd746e0e75: start FollowerState
2019-06-14 08:25:39,616 INFO  util.JmxRegister (JmxRegister.java:tryRegister(44)) - Successfully registered JMX Bean with object name Ratis:service=RaftServer,group=group-38DDD38B94D4,id=7a300a81-5303-4855-9563-b5dd746e0e75
2019-06-14 08:25:39,621 INFO  pipeline.PipelineStateManager (PipelineStateManager.java:addPipeline(56)) - Created pipeline Pipeline[ Id: 1e27138c-30bf-462c-88c4-38ddd38b94d4, Nodes: 7a300a81-5303-4855-9563-b5dd746e0e75{ip: 192.168.11.250, host: ozone-rp9nx-1314784558, networkLocation: /default-rack, certSerialId: null}, Type:RATIS, Factor:ONE, State:OPEN]
2019-06-14 08:25:39,773 INFO  ozone.MiniOzoneClusterImpl (MiniOzoneClusterImpl.java:lambda$waitForClusterToBeReady$0(142)) - Waiting for cluster to be ready. Got 5 of 6 DN Heartbeats.
2019-06-14 08:25:39,779 INFO  node.SCMNodeManager (SCMNodeManager.java:register(234)) - Registered Data node : d4841fd6-bdf5-49b4-be8b-15b481f2cb00{ip: 192.168.11.250, host: ozone-rp9nx-1314784558, networkLocation: /default-rack, certSerialId: null}
2019-06-14 08:25:39,789 INFO  impl.RaftServerProxy (RaftServerProxy.java:addNew(89)) - d4841fd6-bdf5-49b4-be8b-15b481f2cb00: addNew group-367F4C491384:[d4841fd6-bdf5-49b4-be8b-15b481f2cb00:192.168.11.250:41839] returns group-367F4C491384:java.util.concurrent.CompletableFuture@710661b7[Not completed]
2019-06-14 08:25:39,789 INFO  impl.RaftServerImpl (RaftServerImpl.java:<init>(91)) - d4841fd6-bdf5-49b4-be8b-15b481f2cb00: new RaftServerImpl for group-367F4C491384:[d4841fd6-bdf5-49b4-be8b-15b481f2cb00:192.168.11.250:41839] with ContainerStateMachine:uninitialized
2019-06-14 08:25:39,789 INFO  server.RaftServerConfigKeys (ConfUtils.java:logGet(43)) - raft.server.rpc.timeout.min = 1s (custom)
2019-06-14 08:25:39,790 INFO  server.RaftServerConfigKeys (ConfUtils.java:logGet(43)) - raft.server.rpc.timeout.max = 1200ms (custom)
2019-06-14 08:25:39,790 INFO  server.RaftServerConfigKeys (ConfUtils.java:logGet(43)) - raft.server.rpcslowness.timeout = 10s (custom)
2019-06-14 08:25:39,790 INFO  server.RaftServerConfigKeys (ConfUtils.java:logGet(43)) - raft.server.log.appender.install.snapshot.enabled = true (default)
2019-06-14 08:25:39,790 INFO  impl.RaftServerImpl (ServerState.java:<init>(101)) - d4841fd6-bdf5-49b4-be8b-15b481f2cb00:group-367F4C491384 ConfigurationManager, init=-1: [d4841fd6-bdf5-49b4-be8b-15b481f2cb00:192.168.11.250:41839], old=null, confs=<EMPTY_MAP>
2019-06-14 08:25:39,790 INFO  server.RaftServerConfigKeys (ConfUtils.java:logGet(43)) - raft.server.storage.dir = [/opt/src/hadoop-ozone/integration-test/target/test-dir/MiniOzoneClusterImpl-5c3c1a88-3322-4ecb-bf8b-f5fe79ad96ba/datanode-5/data/ratis] (custom)
2019-06-14 08:25:39,790 INFO  storage.RaftStorageDirectory (RaftStorageDirectory.java:analyzeStorage(246)) - The storage directory /opt/src/hadoop-ozone/integration-test/target/test-dir/MiniOzoneClusterImpl-5c3c1a88-3322-4ecb-bf8b-f5fe79ad96ba/datanode-5/data/ratis/376e2f3d-ec34-45ec-ac41-367f4c491384 does not exist. Creating ...
2019-06-14 08:25:39,792 INFO  storage.RaftStorageDirectory (RaftStorageDirectory.java:tryLock(328)) - Lock on /opt/src/hadoop-ozone/integration-test/target/test-dir/MiniOzoneClusterImpl-5c3c1a88-3322-4ecb-bf8b-f5fe79ad96ba/datanode-5/data/ratis/376e2f3d-ec34-45ec-ac41-367f4c491384/in_use.lock acquired by nodename 10129@ozone-rp9nx-1314784558
2019-06-14 08:25:39,794 INFO  storage.RaftStorage (RaftStorage.java:format(75)) - Storage directory /opt/src/hadoop-ozone/integration-test/target/test-dir/MiniOzoneClusterImpl-5c3c1a88-3322-4ecb-bf8b-f5fe79ad96ba/datanode-5/data/ratis/376e2f3d-ec34-45ec-ac41-367f4c491384 has been successfully formatted.
2019-06-14 08:25:39,795 INFO  ratis.ContainerStateMachine (ContainerStateMachine.java:loadSnapshot(199)) - The snapshot info is null.Setting the last applied index to:(t:0, i:~)
2019-06-14 08:25:39,795 INFO  server.RaftServerConfigKeys (ConfUtils.java:logGet(43)) - raft.server.leader.election.timeout = 10s (custom)
2019-06-14 08:25:39,795 INFO  server.RaftServerConfigKeys (ConfUtils.java:logGet(43)) - raft.server.log.use.memory = false (default)
2019-06-14 08:25:39,795 INFO  server.RaftServerConfigKeys (ConfUtils.java:logGet(43)) - raft.server.log.appender.buffer.byte-limit = 33554432 (custom)
2019-06-14 08:25:39,795 INFO  server.RaftServerConfigKeys (ConfUtils.java:logGet(43)) - raft.server.log.segment.size.max = 16384 (custom)
2019-06-14 08:25:39,795 INFO  server.RaftServerConfigKeys (ConfUtils.java:logGet(43)) - raft.server.log.segment.cache.num.max = 2 (custom)
2019-06-14 08:25:39,795 INFO  storage.RaftLogWorker (RaftLogWorker.java:<init>(123)) - new d4841fd6-bdf5-49b4-be8b-15b481f2cb00-RaftLogWorker for Storage Directory /opt/src/hadoop-ozone/integration-test/target/test-dir/MiniOzoneClusterImpl-5c3c1a88-3322-4ecb-bf8b-f5fe79ad96ba/datanode-5/data/ratis/376e2f3d-ec34-45ec-ac41-367f4c491384
2019-06-14 08:25:39,795 INFO  server.RaftServerConfigKeys (ConfUtils.java:logGet(43)) - raft.server.log.queue.byte-limit = 2147483647 (custom)
2019-06-14 08:25:39,795 INFO  server.RaftServerConfigKeys (ConfUtils.java:logGet(43)) - raft.server.log.queue.element-limit = 1024 (custom)
2019-06-14 08:25:39,795 INFO  server.RaftServerConfigKeys (ConfUtils.java:logGet(43)) - raft.server.log.segment.size.max = 16384 (custom)
2019-06-14 08:25:39,795 INFO  server.RaftServerConfigKeys (ConfUtils.java:logGet(43)) - raft.server.log.preallocated.size = 16384 (custom)
2019-06-14 08:25:39,795 INFO  server.RaftServerConfigKeys (ConfUtils.java:logGet(43)) - raft.server.log.write.buffer.size = 33554432 (custom)
2019-06-14 08:25:39,795 INFO  server.RaftServerConfigKeys (ConfUtils.java:logGet(43)) - raft.server.log.force.sync.num = 128 (default)
2019-06-14 08:25:39,796 INFO  server.RaftServerConfigKeys (ConfUtils.java:logGet(43)) - raft.server.log.statemachine.data.sync = true (default)
2019-06-14 08:25:39,796 INFO  server.RaftServerConfigKeys (ConfUtils.java:logGet(43)) - raft.server.log.statemachine.data.sync.timeout = 10s (default)
2019-06-14 08:25:39,796 INFO  server.RaftServerConfigKeys (ConfUtils.java:logGet(43)) - raft.server.log.statemachine.data.sync.timeout.retry = -1 (default)
2019-06-14 08:25:39,796 INFO  server.RaftServerConfigKeys (ConfUtils.java:logGet(43)) - raft.server.log.statemachine.data.caching.enabled = true (custom)
2019-06-14 08:25:39,796 INFO  server.RaftServerConfigKeys (ConfUtils.java:logGet(43)) - raft.server.snapshot.auto.trigger.enabled = true (custom)
2019-06-14 08:25:39,796 INFO  server.RaftServerConfigKeys (ConfUtils.java:logGet(43)) - raft.server.snapshot.auto.trigger.threshold = 10000 (custom)
2019-06-14 08:25:39,796 INFO  server.RaftServerConfigKeys (ConfUtils.java:logGet(43)) - raft.server.retrycache.expirytime = 600000ms (custom)
2019-06-14 08:25:39,796 INFO  impl.RaftServerImpl (RaftServerImpl.java:start(173)) - d4841fd6-bdf5-49b4-be8b-15b481f2cb00: start group-367F4C491384
2019-06-14 08:25:39,797 INFO  impl.RaftServerImpl (RaftServerImpl.java:setRole(164)) - d4841fd6-bdf5-49b4-be8b-15b481f2cb00:group-367F4C491384 changes role from null to FOLLOWER at term 0 for startAsFollower
2019-06-14 08:25:39,797 INFO  impl.RoleInfo (RoleInfo.java:updateAndGet(143)) - d4841fd6-bdf5-49b4-be8b-15b481f2cb00: start FollowerState
2019-06-14 08:25:39,797 INFO  util.JmxRegister (JmxRegister.java:tryRegister(44)) - Successfully registered JMX Bean with object name Ratis:service=RaftServer,group=group-367F4C491384,id=d4841fd6-bdf5-49b4-be8b-15b481f2cb00
2019-06-14 08:25:39,803 INFO  pipeline.PipelineStateManager (PipelineStateManager.java:addPipeline(56)) - Created pipeline Pipeline[ Id: 376e2f3d-ec34-45ec-ac41-367f4c491384, Nodes: d4841fd6-bdf5-49b4-be8b-15b481f2cb00{ip: 192.168.11.250, host: ozone-rp9nx-1314784558, networkLocation: /default-rack, certSerialId: null}, Type:RATIS, Factor:ONE, State:OPEN]
2019-06-14 08:25:39,821 INFO  impl.RaftServerProxy (RaftServerProxy.java:addNew(89)) - 7a300a81-5303-4855-9563-b5dd746e0e75: addNew group-5247A704E8B8:[7a300a81-5303-4855-9563-b5dd746e0e75:192.168.11.250:43169, 2d734415-1b99-489d-8d9d-97d74f8a7c80:192.168.11.250:44559, d4841fd6-bdf5-49b4-be8b-15b481f2cb00:192.168.11.250:41839] returns group-5247A704E8B8:java.util.concurrent.CompletableFuture@d234190[Not completed]
2019-06-14 08:25:39,822 INFO  impl.RaftServerImpl (RaftServerImpl.java:<init>(91)) - 7a300a81-5303-4855-9563-b5dd746e0e75: new RaftServerImpl for group-5247A704E8B8:[7a300a81-5303-4855-9563-b5dd746e0e75:192.168.11.250:43169, 2d734415-1b99-489d-8d9d-97d74f8a7c80:192.168.11.250:44559, d4841fd6-bdf5-49b4-be8b-15b481f2cb00:192.168.11.250:41839] with ContainerStateMachine:uninitialized
2019-06-14 08:25:39,822 INFO  server.RaftServerConfigKeys (ConfUtils.java:logGet(43)) - raft.server.rpc.timeout.min = 1s (custom)
2019-06-14 08:25:39,822 INFO  server.RaftServerConfigKeys (ConfUtils.java:logGet(43)) - raft.server.rpc.timeout.max = 1200ms (custom)
2019-06-14 08:25:39,822 INFO  server.RaftServerConfigKeys (ConfUtils.java:logGet(43)) - raft.server.rpcslowness.timeout = 10s (custom)
2019-06-14 08:25:39,822 INFO  server.RaftServerConfigKeys (ConfUtils.java:logGet(43)) - raft.server.log.appender.install.snapshot.enabled = true (default)
2019-06-14 08:25:39,822 INFO  impl.RaftServerImpl (ServerState.java:<init>(101)) - 7a300a81-5303-4855-9563-b5dd746e0e75:group-5247A704E8B8 ConfigurationManager, init=-1: [7a300a81-5303-4855-9563-b5dd746e0e75:192.168.11.250:43169, 2d734415-1b99-489d-8d9d-97d74f8a7c80:192.168.11.250:44559, d4841fd6-bdf5-49b4-be8b-15b481f2cb00:192.168.11.250:41839], old=null, confs=<EMPTY_MAP>
2019-06-14 08:25:39,822 INFO  server.RaftServerConfigKeys (ConfUtils.java:logGet(43)) - raft.server.storage.dir = [/opt/src/hadoop-ozone/integration-test/target/test-dir/MiniOzoneClusterImpl-5c3c1a88-3322-4ecb-bf8b-f5fe79ad96ba/datanode-4/data/ratis] (custom)
2019-06-14 08:25:39,823 INFO  storage.RaftStorageDirectory (RaftStorageDirectory.java:analyzeStorage(246)) - The storage directory /opt/src/hadoop-ozone/integration-test/target/test-dir/MiniOzoneClusterImpl-5c3c1a88-3322-4ecb-bf8b-f5fe79ad96ba/datanode-4/data/ratis/25d624a7-6e15-428c-b3ae-5247a704e8b8 does not exist. Creating ...
2019-06-14 08:25:39,823 INFO  impl.RaftServerProxy (RaftServerProxy.java:addNew(89)) - 2d734415-1b99-489d-8d9d-97d74f8a7c80: addNew group-5247A704E8B8:[7a300a81-5303-4855-9563-b5dd746e0e75:192.168.11.250:43169, 2d734415-1b99-489d-8d9d-97d74f8a7c80:192.168.11.250:44559, d4841fd6-bdf5-49b4-be8b-15b481f2cb00:192.168.11.250:41839] returns group-5247A704E8B8:java.util.concurrent.CompletableFuture@91cc4ec[Not completed]
2019-06-14 08:25:39,824 INFO  impl.RaftServerImpl (RaftServerImpl.java:<init>(91)) - 2d734415-1b99-489d-8d9d-97d74f8a7c80: new RaftServerImpl for group-5247A704E8B8:[7a300a81-5303-4855-9563-b5dd746e0e75:192.168.11.250:43169, 2d734415-1b99-489d-8d9d-97d74f8a7c80:192.168.11.250:44559, d4841fd6-bdf5-49b4-be8b-15b481f2cb00:192.168.11.250:41839] with ContainerStateMachine:uninitialized
2019-06-14 08:25:39,824 INFO  server.RaftServerConfigKeys (ConfUtils.java:logGet(43)) - raft.server.rpc.timeout.min = 1s (custom)
2019-06-14 08:25:39,824 INFO  server.RaftServerConfigKeys (ConfUtils.java:logGet(43)) - raft.server.rpc.timeout.max = 1200ms (custom)
2019-06-14 08:25:39,824 INFO  server.RaftServerConfigKeys (ConfUtils.java:logGet(43)) - raft.server.rpcslowness.timeout = 10s (custom)
2019-06-14 08:25:39,824 INFO  server.RaftServerConfigKeys (ConfUtils.java:logGet(43)) - raft.server.log.appender.install.snapshot.enabled = true (default)
2019-06-14 08:25:39,824 INFO  impl.RaftServerImpl (ServerState.java:<init>(101)) - 2d734415-1b99-489d-8d9d-97d74f8a7c80:group-5247A704E8B8 ConfigurationManager, init=-1: [7a300a81-5303-4855-9563-b5dd746e0e75:192.168.11.250:43169, 2d734415-1b99-489d-8d9d-97d74f8a7c80:192.168.11.250:44559, d4841fd6-bdf5-49b4-be8b-15b481f2cb00:192.168.11.250:41839], old=null, confs=<EMPTY_MAP>
2019-06-14 08:25:39,824 INFO  server.RaftServerConfigKeys (ConfUtils.java:logGet(43)) - raft.server.storage.dir = [/opt/src/hadoop-ozone/integration-test/target/test-dir/MiniOzoneClusterImpl-5c3c1a88-3322-4ecb-bf8b-f5fe79ad96ba/datanode-3/data/ratis] (custom)
2019-06-14 08:25:39,825 INFO  storage.RaftStorageDirectory (RaftStorageDirectory.java:analyzeStorage(246)) - The storage directory /opt/src/hadoop-ozone/integration-test/target/test-dir/MiniOzoneClusterImpl-5c3c1a88-3322-4ecb-bf8b-f5fe79ad96ba/datanode-3/data/ratis/25d624a7-6e15-428c-b3ae-5247a704e8b8 does not exist. Creating ...
2019-06-14 08:25:39,825 INFO  storage.RaftStorageDirectory (RaftStorageDirectory.java:tryLock(328)) - Lock on /opt/src/hadoop-ozone/integration-test/target/test-dir/MiniOzoneClusterImpl-5c3c1a88-3322-4ecb-bf8b-f5fe79ad96ba/datanode-4/data/ratis/25d624a7-6e15-428c-b3ae-5247a704e8b8/in_use.lock acquired by nodename 10129@ozone-rp9nx-1314784558
2019-06-14 08:25:39,827 INFO  storage.RaftStorage (RaftStorage.java:format(75)) - Storage directory /opt/src/hadoop-ozone/integration-test/target/test-dir/MiniOzoneClusterImpl-5c3c1a88-3322-4ecb-bf8b-f5fe79ad96ba/datanode-4/data/ratis/25d624a7-6e15-428c-b3ae-5247a704e8b8 has been successfully formatted.
2019-06-14 08:25:39,827 INFO  impl.RaftServerProxy (RaftServerProxy.java:addNew(89)) - d4841fd6-bdf5-49b4-be8b-15b481f2cb00: addNew group-5247A704E8B8:[7a300a81-5303-4855-9563-b5dd746e0e75:192.168.11.250:43169, 2d734415-1b99-489d-8d9d-97d74f8a7c80:192.168.11.250:44559, d4841fd6-bdf5-49b4-be8b-15b481f2cb00:192.168.11.250:41839] returns group-5247A704E8B8:java.util.concurrent.CompletableFuture@2f2fea6d[Not completed]
2019-06-14 08:25:39,828 INFO  storage.RaftStorageDirectory (RaftStorageDirectory.java:tryLock(328)) - Lock on /opt/src/hadoop-ozone/integration-test/target/test-dir/MiniOzoneClusterImpl-5c3c1a88-3322-4ecb-bf8b-f5fe79ad96ba/datanode-3/data/ratis/25d624a7-6e15-428c-b3ae-5247a704e8b8/in_use.lock acquired by nodename 10129@ozone-rp9nx-1314784558
2019-06-14 08:25:39,828 INFO  ratis.ContainerStateMachine (ContainerStateMachine.java:loadSnapshot(199)) - The snapshot info is null.Setting the last applied index to:(t:0, i:~)
2019-06-14 08:25:39,828 INFO  server.RaftServerConfigKeys (ConfUtils.java:logGet(43)) - raft.server.leader.election.timeout = 10s (custom)
2019-06-14 08:25:39,828 INFO  server.RaftServerConfigKeys (ConfUtils.java:logGet(43)) - raft.server.log.use.memory = false (default)
2019-06-14 08:25:39,828 INFO  server.RaftServerConfigKeys (ConfUtils.java:logGet(43)) - raft.server.log.appender.buffer.byte-limit = 33554432 (custom)
2019-06-14 08:25:39,828 INFO  server.RaftServerConfigKeys (ConfUtils.java:logGet(43)) - raft.server.log.segment.size.max = 16384 (custom)
2019-06-14 08:25:39,828 INFO  server.RaftServerConfigKeys (ConfUtils.java:logGet(43)) - raft.server.log.segment.cache.num.max = 2 (custom)
2019-06-14 08:25:39,828 INFO  storage.RaftLogWorker (RaftLogWorker.java:<init>(123)) - new 7a300a81-5303-4855-9563-b5dd746e0e75-RaftLogWorker for Storage Directory /opt/src/hadoop-ozone/integration-test/target/test-dir/MiniOzoneClusterImpl-5c3c1a88-3322-4ecb-bf8b-f5fe79ad96ba/datanode-4/data/ratis/25d624a7-6e15-428c-b3ae-5247a704e8b8
2019-06-14 08:25:39,828 INFO  server.RaftServerConfigKeys (ConfUtils.java:logGet(43)) - raft.server.log.queue.byte-limit = 2147483647 (custom)
2019-06-14 08:25:39,829 INFO  server.RaftServerConfigKeys (ConfUtils.java:logGet(43)) - raft.server.log.queue.element-limit = 1024 (custom)
2019-06-14 08:25:39,829 INFO  server.RaftServerConfigKeys (ConfUtils.java:logGet(43)) - raft.server.log.segment.size.max = 16384 (custom)
2019-06-14 08:25:39,829 INFO  server.RaftServerConfigKeys (ConfUtils.java:logGet(43)) - raft.server.log.preallocated.size = 16384 (custom)
2019-06-14 08:25:39,829 INFO  server.RaftServerConfigKeys (ConfUtils.java:logGet(43)) - raft.server.log.write.buffer.size = 33554432 (custom)
2019-06-14 08:25:39,829 INFO  server.RaftServerConfigKeys (ConfUtils.java:logGet(43)) - raft.server.log.force.sync.num = 128 (default)
2019-06-14 08:25:39,829 INFO  server.RaftServerConfigKeys (ConfUtils.java:logGet(43)) - raft.server.log.statemachine.data.sync = true (default)
2019-06-14 08:25:39,829 INFO  impl.RaftServerImpl (RaftServerImpl.java:<init>(91)) - d4841fd6-bdf5-49b4-be8b-15b481f2cb00: new RaftServerImpl for group-5247A704E8B8:[7a300a81-5303-4855-9563-b5dd746e0e75:192.168.11.250:43169, 2d734415-1b99-489d-8d9d-97d74f8a7c80:192.168.11.250:44559, d4841fd6-bdf5-49b4-be8b-15b481f2cb00:192.168.11.250:41839] with ContainerStateMachine:uninitialized
2019-06-14 08:25:39,829 INFO  server.RaftServerConfigKeys (ConfUtils.java:logGet(43)) - raft.server.log.statemachine.data.sync.timeout = 10s (default)
2019-06-14 08:25:39,829 INFO  server.RaftServerConfigKeys (ConfUtils.java:logGet(43)) - raft.server.rpc.timeout.min = 1s (custom)
2019-06-14 08:25:39,829 INFO  server.RaftServerConfigKeys (ConfUtils.java:logGet(43)) - raft.server.log.statemachine.data.sync.timeout.retry = -1 (default)
2019-06-14 08:25:39,830 INFO  server.RaftServerConfigKeys (ConfUtils.java:logGet(43)) - raft.server.rpc.timeout.max = 1200ms (custom)
2019-06-14 08:25:39,830 INFO  storage.RaftStorage (RaftStorage.java:format(75)) - Storage directory /opt/src/hadoop-ozone/integration-test/target/test-dir/MiniOzoneClusterImpl-5c3c1a88-3322-4ecb-bf8b-f5fe79ad96ba/datanode-3/data/ratis/25d624a7-6e15-428c-b3ae-5247a704e8b8 has been successfully formatted.
2019-06-14 08:25:39,830 INFO  server.RaftServerConfigKeys (ConfUtils.java:logGet(43)) - raft.server.log.statemachine.data.caching.enabled = true (custom)
2019-06-14 08:25:39,830 INFO  ratis.ContainerStateMachine (ContainerStateMachine.java:loadSnapshot(199)) - The snapshot info is null.Setting the last applied index to:(t:0, i:~)
2019-06-14 08:25:39,830 INFO  server.RaftServerConfigKeys (ConfUtils.java:logGet(43)) - raft.server.leader.election.timeout = 10s (custom)
2019-06-14 08:25:39,830 INFO  server.RaftServerConfigKeys (ConfUtils.java:logGet(43)) - raft.server.log.use.memory = false (default)
2019-06-14 08:25:39,830 INFO  server.RaftServerConfigKeys (ConfUtils.java:logGet(43)) - raft.server.rpcslowness.timeout = 10s (custom)
2019-06-14 08:25:39,830 INFO  server.RaftServerConfigKeys (ConfUtils.java:logGet(43)) - raft.server.log.appender.buffer.byte-limit = 33554432 (custom)
2019-06-14 08:25:39,831 INFO  server.RaftServerConfigKeys (ConfUtils.java:logGet(43)) - raft.server.log.segment.size.max = 16384 (custom)
2019-06-14 08:25:39,831 INFO  server.RaftServerConfigKeys (ConfUtils.java:logGet(43)) - raft.server.log.segment.cache.num.max = 2 (custom)
2019-06-14 08:25:39,831 INFO  storage.RaftLogWorker (RaftLogWorker.java:<init>(123)) - new 2d734415-1b99-489d-8d9d-97d74f8a7c80-RaftLogWorker for Storage Directory /opt/src/hadoop-ozone/integration-test/target/test-dir/MiniOzoneClusterImpl-5c3c1a88-3322-4ecb-bf8b-f5fe79ad96ba/datanode-3/data/ratis/25d624a7-6e15-428c-b3ae-5247a704e8b8
2019-06-14 08:25:39,831 INFO  server.RaftServerConfigKeys (ConfUtils.java:logGet(43)) - raft.server.log.queue.byte-limit = 2147483647 (custom)
2019-06-14 08:25:39,831 INFO  server.RaftServerConfigKeys (ConfUtils.java:logGet(43)) - raft.server.log.queue.element-limit = 1024 (custom)
2019-06-14 08:25:39,831 INFO  server.RaftServerConfigKeys (ConfUtils.java:logGet(43)) - raft.server.log.segment.size.max = 16384 (custom)
2019-06-14 08:25:39,831 INFO  server.RaftServerConfigKeys (ConfUtils.java:logGet(43)) - raft.server.log.preallocated.size = 16384 (custom)
2019-06-14 08:25:39,831 INFO  server.RaftServerConfigKeys (ConfUtils.java:logGet(43)) - raft.server.log.write.buffer.size = 33554432 (custom)
2019-06-14 08:25:39,831 INFO  server.RaftServerConfigKeys (ConfUtils.java:logGet(43)) - raft.server.log.force.sync.num = 128 (default)
2019-06-14 08:25:39,832 INFO  server.RaftServerConfigKeys (ConfUtils.java:logGet(43)) - raft.server.log.statemachine.data.sync = true (default)
2019-06-14 08:25:39,832 INFO  server.RaftServerConfigKeys (ConfUtils.java:logGet(43)) - raft.server.log.statemachine.data.sync.timeout = 10s (default)
2019-06-14 08:25:39,832 INFO  server.RaftServerConfigKeys (ConfUtils.java:logGet(43)) - raft.server.log.statemachine.data.sync.timeout.retry = -1 (default)
2019-06-14 08:25:39,832 INFO  server.RaftServerConfigKeys (ConfUtils.java:logGet(43)) - raft.server.log.statemachine.data.caching.enabled = true (custom)
2019-06-14 08:25:39,832 INFO  server.RaftServerConfigKeys (ConfUtils.java:logGet(43)) - raft.server.log.appender.install.snapshot.enabled = true (default)
2019-06-14 08:25:39,832 INFO  server.RaftServerConfigKeys (ConfUtils.java:logGet(43)) - raft.server.snapshot.auto.trigger.enabled = true (custom)
2019-06-14 08:25:39,832 INFO  server.RaftServerConfigKeys (ConfUtils.java:logGet(43)) - raft.server.snapshot.auto.trigger.threshold = 10000 (custom)
2019-06-14 08:25:39,832 INFO  impl.RaftServerImpl (ServerState.java:<init>(101)) - d4841fd6-bdf5-49b4-be8b-15b481f2cb00:group-5247A704E8B8 ConfigurationManager, init=-1: [7a300a81-5303-4855-9563-b5dd746e0e75:192.168.11.250:43169, 2d734415-1b99-489d-8d9d-97d74f8a7c80:192.168.11.250:44559, d4841fd6-bdf5-49b4-be8b-15b481f2cb00:192.168.11.250:41839], old=null, confs=<EMPTY_MAP>
2019-06-14 08:25:39,833 INFO  server.RaftServerConfigKeys (ConfUtils.java:logGet(43)) - raft.server.storage.dir = [/opt/src/hadoop-ozone/integration-test/target/test-dir/MiniOzoneClusterImpl-5c3c1a88-3322-4ecb-bf8b-f5fe79ad96ba/datanode-5/data/ratis] (custom)
2019-06-14 08:25:39,833 INFO  storage.RaftStorageDirectory (RaftStorageDirectory.java:analyzeStorage(246)) - The storage directory /opt/src/hadoop-ozone/integration-test/target/test-dir/MiniOzoneClusterImpl-5c3c1a88-3322-4ecb-bf8b-f5fe79ad96ba/datanode-5/data/ratis/25d624a7-6e15-428c-b3ae-5247a704e8b8 does not exist. Creating ...
2019-06-14 08:25:39,838 INFO  server.RaftServerConfigKeys (ConfUtils.java:logGet(43)) - raft.server.retrycache.expirytime = 600000ms (custom)
2019-06-14 08:25:39,838 INFO  server.RaftServerConfigKeys (ConfUtils.java:logGet(43)) - raft.server.snapshot.auto.trigger.enabled = true (custom)
2019-06-14 08:25:39,838 INFO  impl.RaftServerImpl (RaftServerImpl.java:start(173)) - 7a300a81-5303-4855-9563-b5dd746e0e75: start group-5247A704E8B8
2019-06-14 08:25:39,838 INFO  server.RaftServerConfigKeys (ConfUtils.java:logGet(43)) - raft.server.snapshot.auto.trigger.threshold = 10000 (custom)
2019-06-14 08:25:39,838 INFO  impl.RaftServerImpl (RaftServerImpl.java:setRole(164)) - 7a300a81-5303-4855-9563-b5dd746e0e75:group-5247A704E8B8 changes role from null to FOLLOWER at term 0 for startAsFollower
2019-06-14 08:25:39,838 INFO  server.RaftServerConfigKeys (ConfUtils.java:logGet(43)) - raft.server.retrycache.expirytime = 600000ms (custom)
2019-06-14 08:25:39,838 INFO  impl.RoleInfo (RoleInfo.java:updateAndGet(143)) - 7a300a81-5303-4855-9563-b5dd746e0e75: start FollowerState
2019-06-14 08:25:39,838 INFO  impl.RaftServerImpl (RaftServerImpl.java:start(173)) - 2d734415-1b99-489d-8d9d-97d74f8a7c80: start group-5247A704E8B8
2019-06-14 08:25:39,839 INFO  impl.RaftServerImpl (RaftServerImpl.java:setRole(164)) - 2d734415-1b99-489d-8d9d-97d74f8a7c80:group-5247A704E8B8 changes role from null to FOLLOWER at term 0 for startAsFollower
2019-06-14 08:25:39,839 INFO  storage.RaftStorageDirectory (RaftStorageDirectory.java:tryLock(328)) - Lock on /opt/src/hadoop-ozone/integration-test/target/test-dir/MiniOzoneClusterImpl-5c3c1a88-3322-4ecb-bf8b-f5fe79ad96ba/datanode-5/data/ratis/25d624a7-6e15-428c-b3ae-5247a704e8b8/in_use.lock acquired by nodename 10129@ozone-rp9nx-1314784558
2019-06-14 08:25:39,841 INFO  storage.RaftStorage (RaftStorage.java:format(75)) - Storage directory /opt/src/hadoop-ozone/integration-test/target/test-dir/MiniOzoneClusterImpl-5c3c1a88-3322-4ecb-bf8b-f5fe79ad96ba/datanode-5/data/ratis/25d624a7-6e15-428c-b3ae-5247a704e8b8 has been successfully formatted.
2019-06-14 08:25:39,842 INFO  ratis.ContainerStateMachine (ContainerStateMachine.java:loadSnapshot(199)) - The snapshot info is null.Setting the last applied index to:(t:0, i:~)
2019-06-14 08:25:39,842 INFO  server.RaftServerConfigKeys (ConfUtils.java:logGet(43)) - raft.server.leader.election.timeout = 10s (custom)
2019-06-14 08:25:39,842 INFO  server.RaftServerConfigKeys (ConfUtils.java:logGet(43)) - raft.server.log.use.memory = false (default)
2019-06-14 08:25:39,842 INFO  server.RaftServerConfigKeys (ConfUtils.java:logGet(43)) - raft.server.log.appender.buffer.byte-limit = 33554432 (custom)
2019-06-14 08:25:39,842 INFO  server.RaftServerConfigKeys (ConfUtils.java:logGet(43)) - raft.server.log.segment.size.max = 16384 (custom)
2019-06-14 08:25:39,842 INFO  server.RaftServerConfigKeys (ConfUtils.java:logGet(43)) - raft.server.log.segment.cache.num.max = 2 (custom)
2019-06-14 08:25:39,842 INFO  storage.RaftLogWorker (RaftLogWorker.java:<init>(123)) - new d4841fd6-bdf5-49b4-be8b-15b481f2cb00-RaftLogWorker for Storage Directory /opt/src/hadoop-ozone/integration-test/target/test-dir/MiniOzoneClusterImpl-5c3c1a88-3322-4ecb-bf8b-f5fe79ad96ba/datanode-5/data/ratis/25d624a7-6e15-428c-b3ae-5247a704e8b8
2019-06-14 08:25:39,842 INFO  server.RaftServerConfigKeys (ConfUtils.java:logGet(43)) - raft.server.log.queue.byte-limit = 2147483647 (custom)
2019-06-14 08:25:39,842 INFO  server.RaftServerConfigKeys (ConfUtils.java:logGet(43)) - raft.server.log.queue.element-limit = 1024 (custom)
2019-06-14 08:25:39,842 INFO  server.RaftServerConfigKeys (ConfUtils.java:logGet(43)) - raft.server.log.segment.size.max = 16384 (custom)
2019-06-14 08:25:39,842 INFO  server.RaftServerConfigKeys (ConfUtils.java:logGet(43)) - raft.server.log.preallocated.size = 16384 (custom)
2019-06-14 08:25:39,842 INFO  impl.RoleInfo (RoleInfo.java:updateAndGet(143)) - 2d734415-1b99-489d-8d9d-97d74f8a7c80: start FollowerState
2019-06-14 08:25:39,843 INFO  util.JmxRegister (JmxRegister.java:tryRegister(44)) - Successfully registered JMX Bean with object name Ratis:service=RaftServer,group=group-5247A704E8B8,id=7a300a81-5303-4855-9563-b5dd746e0e75
2019-06-14 08:25:39,842 INFO  server.RaftServerConfigKeys (ConfUtils.java:logGet(43)) - raft.server.log.write.buffer.size = 33554432 (custom)
2019-06-14 08:25:39,843 INFO  server.RaftServerConfigKeys (ConfUtils.java:logGet(43)) - raft.server.log.force.sync.num = 128 (default)
2019-06-14 08:25:39,843 INFO  server.RaftServerConfigKeys (ConfUtils.java:logGet(43)) - raft.server.log.statemachine.data.sync = true (default)
2019-06-14 08:25:39,843 INFO  server.RaftServerConfigKeys (ConfUtils.java:logGet(43)) - raft.server.log.statemachine.data.sync.timeout = 10s (default)
2019-06-14 08:25:39,843 INFO  server.RaftServerConfigKeys (ConfUtils.java:logGet(43)) - raft.server.log.statemachine.data.sync.timeout.retry = -1 (default)
2019-06-14 08:25:39,843 INFO  server.RaftServerConfigKeys (ConfUtils.java:logGet(43)) - raft.server.log.statemachine.data.caching.enabled = true (custom)
2019-06-14 08:25:39,843 INFO  util.JmxRegister (JmxRegister.java:tryRegister(44)) - Successfully registered JMX Bean with object name Ratis:service=RaftServer,group=group-5247A704E8B8,id=2d734415-1b99-489d-8d9d-97d74f8a7c80
2019-06-14 08:25:39,851 INFO  server.RaftServerConfigKeys (ConfUtils.java:logGet(43)) - raft.server.snapshot.auto.trigger.enabled = true (custom)
2019-06-14 08:25:39,851 INFO  server.RaftServerConfigKeys (ConfUtils.java:logGet(43)) - raft.server.snapshot.auto.trigger.threshold = 10000 (custom)
2019-06-14 08:25:39,851 INFO  server.RaftServerConfigKeys (ConfUtils.java:logGet(43)) - raft.server.retrycache.expirytime = 600000ms (custom)
2019-06-14 08:25:39,851 INFO  impl.RaftServerImpl (RaftServerImpl.java:start(173)) - d4841fd6-bdf5-49b4-be8b-15b481f2cb00: start group-5247A704E8B8
2019-06-14 08:25:39,851 INFO  impl.RaftServerImpl (RaftServerImpl.java:setRole(164)) - d4841fd6-bdf5-49b4-be8b-15b481f2cb00:group-5247A704E8B8 changes role from null to FOLLOWER at term 0 for startAsFollower
2019-06-14 08:25:39,851 INFO  impl.RoleInfo (RoleInfo.java:updateAndGet(143)) - d4841fd6-bdf5-49b4-be8b-15b481f2cb00: start FollowerState
2019-06-14 08:25:39,852 INFO  util.JmxRegister (JmxRegister.java:tryRegister(44)) - Successfully registered JMX Bean with object name Ratis:service=RaftServer,group=group-5247A704E8B8,id=d4841fd6-bdf5-49b4-be8b-15b481f2cb00
2019-06-14 08:25:39,868 INFO  pipeline.PipelineStateManager (PipelineStateManager.java:addPipeline(56)) - Created pipeline Pipeline[ Id: 25d624a7-6e15-428c-b3ae-5247a704e8b8, Nodes: 2d734415-1b99-489d-8d9d-97d74f8a7c80{ip: 192.168.11.250, host: ozone-rp9nx-1314784558, networkLocation: /default-rack, certSerialId: null}7a300a81-5303-4855-9563-b5dd746e0e75{ip: 192.168.11.250, host: ozone-rp9nx-1314784558, networkLocation: /default-rack, certSerialId: null}d4841fd6-bdf5-49b4-be8b-15b481f2cb00{ip: 192.168.11.250, host: ozone-rp9nx-1314784558, networkLocation: /default-rack, certSerialId: null}, Type:RATIS, Factor:THREE, State:OPEN]
2019-06-14 08:25:40,245 INFO  impl.FollowerState (FollowerState.java:run(101)) - 9c481f34-7a96-445c-ab07-3fb45ef6c5ce:group-2FDD78F27FA4 changes to CANDIDATE, lastRpcTime:1051, electionTimeout:1050ms
2019-06-14 08:25:40,246 INFO  impl.RoleInfo (RoleInfo.java:shutdownFollowerState(121)) - 9c481f34-7a96-445c-ab07-3fb45ef6c5ce: shutdown FollowerState
2019-06-14 08:25:40,246 INFO  impl.RaftServerImpl (RaftServerImpl.java:setRole(164)) - 9c481f34-7a96-445c-ab07-3fb45ef6c5ce:group-2FDD78F27FA4 changes role from FOLLOWER to CANDIDATE at term 0 for changeToCandidate
2019-06-14 08:25:40,247 INFO  impl.RoleInfo (RoleInfo.java:updateAndGet(143)) - 9c481f34-7a96-445c-ab07-3fb45ef6c5ce: start LeaderElection
2019-06-14 08:25:40,253 INFO  impl.LeaderElection (LeaderElection.java:askForVotes(181)) - 9c481f34-7a96-445c-ab07-3fb45ef6c5ce:group-2FDD78F27FA4:LeaderElection1: begin an election at term 1 for -1: [9c481f34-7a96-445c-ab07-3fb45ef6c5ce:192.168.11.250:34289], old=null
2019-06-14 08:25:40,255 INFO  impl.RoleInfo (RoleInfo.java:shutdownLeaderElection(134)) - 9c481f34-7a96-445c-ab07-3fb45ef6c5ce: shutdown LeaderElection
2019-06-14 08:25:40,255 INFO  impl.RaftServerImpl (RaftServerImpl.java:setRole(164)) - 9c481f34-7a96-445c-ab07-3fb45ef6c5ce:group-2FDD78F27FA4 changes role from CANDIDATE to LEADER at term 1 for changeToLeader
2019-06-14 08:25:40,255 INFO  impl.RaftServerImpl (ServerState.java:setLeader(263)) - 9c481f34-7a96-445c-ab07-3fb45ef6c5ce:group-2FDD78F27FA4 change Leader from null to 9c481f34-7a96-445c-ab07-3fb45ef6c5ce at term 1 for becomeLeader, leader elected after 1064ms
2019-06-14 08:25:40,259 INFO  server.RaftServerConfigKeys (ConfUtils.java:logGet(43)) - raft.server.staging.catchup.gap = 1000 (default)
2019-06-14 08:25:40,259 INFO  server.RaftServerConfigKeys (ConfUtils.java:logGet(43)) - raft.server.rpc.sleep.time = 25ms (default)
2019-06-14 08:25:40,262 INFO  server.RaftServerConfigKeys (ConfUtils.java:logGet(43)) - raft.server.watch.timeout = 10s (default)
2019-06-14 08:25:40,262 INFO  server.RaftServerConfigKeys (ConfUtils.java:logGet(43)) - raft.server.watch.timeout.denomination = 1s (default)
2019-06-14 08:25:40,267 INFO  impl.RoleInfo (RoleInfo.java:updateAndGet(143)) - 9c481f34-7a96-445c-ab07-3fb45ef6c5ce: start LeaderState
2019-06-14 08:25:40,279 INFO  storage.RaftLogWorker (RaftLogWorker.java:startLogSegment(298)) - 9c481f34-7a96-445c-ab07-3fb45ef6c5ce-RaftLogWorker: Starting segment from index:0
2019-06-14 08:25:40,288 INFO  impl.RaftServerImpl (ServerState.java:setRaftConf(361)) - 9c481f34-7a96-445c-ab07-3fb45ef6c5ce:group-2FDD78F27FA4 set configuration 0: [9c481f34-7a96-445c-ab07-3fb45ef6c5ce:192.168.11.250:34289], old=null at 0
2019-06-14 08:25:40,293 INFO  impl.FollowerState (FollowerState.java:run(101)) - e6714b64-c040-4d89-a045-f9ecac8e2434:group-449DE11643FD changes to CANDIDATE, lastRpcTime:1168, electionTimeout:1168ms
2019-06-14 08:25:40,293 INFO  impl.RoleInfo (RoleInfo.java:shutdownFollowerState(121)) - e6714b64-c040-4d89-a045-f9ecac8e2434: shutdown FollowerState
2019-06-14 08:25:40,294 INFO  impl.RaftServerImpl (RaftServerImpl.java:setRole(164)) - e6714b64-c040-4d89-a045-f9ecac8e2434:group-449DE11643FD changes role from FOLLOWER to CANDIDATE at term 0 for changeToCandidate
2019-06-14 08:25:40,294 INFO  impl.RoleInfo (RoleInfo.java:updateAndGet(143)) - e6714b64-c040-4d89-a045-f9ecac8e2434: start LeaderElection
2019-06-14 08:25:40,299 INFO  impl.LeaderElection (LeaderElection.java:askForVotes(181)) - e6714b64-c040-4d89-a045-f9ecac8e2434:group-449DE11643FD:LeaderElection2: begin an election at term 1 for -1: [e6714b64-c040-4d89-a045-f9ecac8e2434:192.168.11.250:36573], old=null
2019-06-14 08:25:40,299 INFO  impl.RoleInfo (RoleInfo.java:shutdownLeaderElection(134)) - e6714b64-c040-4d89-a045-f9ecac8e2434: shutdown LeaderElection
2019-06-14 08:25:40,300 INFO  impl.RaftServerImpl (RaftServerImpl.java:setRole(164)) - e6714b64-c040-4d89-a045-f9ecac8e2434:group-449DE11643FD changes role from CANDIDATE to LEADER at term 1 for changeToLeader
2019-06-14 08:25:40,300 INFO  impl.RaftServerImpl (ServerState.java:setLeader(263)) - e6714b64-c040-4d89-a045-f9ecac8e2434:group-449DE11643FD change Leader from null to e6714b64-c040-4d89-a045-f9ecac8e2434 at term 1 for becomeLeader, leader elected after 1343ms
2019-06-14 08:25:40,300 INFO  server.RaftServerConfigKeys (ConfUtils.java:logGet(43)) - raft.server.staging.catchup.gap = 1000 (default)
2019-06-14 08:25:40,300 INFO  server.RaftServerConfigKeys (ConfUtils.java:logGet(43)) - raft.server.rpc.sleep.time = 25ms (default)
2019-06-14 08:25:40,300 INFO  server.RaftServerConfigKeys (ConfUtils.java:logGet(43)) - raft.server.watch.timeout = 10s (default)
2019-06-14 08:25:40,300 INFO  server.RaftServerConfigKeys (ConfUtils.java:logGet(43)) - raft.server.watch.timeout.denomination = 1s (default)
2019-06-14 08:25:40,300 INFO  impl.RoleInfo (RoleInfo.java:updateAndGet(143)) - e6714b64-c040-4d89-a045-f9ecac8e2434: start LeaderState
2019-06-14 08:25:40,300 INFO  storage.RaftLogWorker (RaftLogWorker.java:startLogSegment(298)) - e6714b64-c040-4d89-a045-f9ecac8e2434-RaftLogWorker: Starting segment from index:0
2019-06-14 08:25:40,301 INFO  impl.RaftServerImpl (ServerState.java:setRaftConf(361)) - e6714b64-c040-4d89-a045-f9ecac8e2434:group-449DE11643FD set configuration 0: [e6714b64-c040-4d89-a045-f9ecac8e2434:192.168.11.250:36573], old=null at 0
2019-06-14 08:25:40,395 INFO  impl.FollowerState (FollowerState.java:run(101)) - 9c481f34-7a96-445c-ab07-3fb45ef6c5ce:group-6B425BEC3B28 changes to CANDIDATE, lastRpcTime:1096, electionTimeout:1095ms
2019-06-14 08:25:40,395 INFO  impl.RoleInfo (RoleInfo.java:shutdownFollowerState(121)) - 9c481f34-7a96-445c-ab07-3fb45ef6c5ce: shutdown FollowerState
2019-06-14 08:25:40,395 INFO  impl.RaftServerImpl (RaftServerImpl.java:setRole(164)) - 9c481f34-7a96-445c-ab07-3fb45ef6c5ce:group-6B425BEC3B28 changes role from FOLLOWER to CANDIDATE at term 0 for changeToCandidate
2019-06-14 08:25:40,395 INFO  impl.RoleInfo (RoleInfo.java:updateAndGet(143)) - 9c481f34-7a96-445c-ab07-3fb45ef6c5ce: start LeaderElection
2019-06-14 08:25:40,425 INFO  impl.LeaderElection (LeaderElection.java:askForVotes(181)) - 9c481f34-7a96-445c-ab07-3fb45ef6c5ce:group-6B425BEC3B28:LeaderElection3: begin an election at term 1 for -1: [7d7bd66f-e4c6-4b32-8fdb-3a5b56fa0014:192.168.11.250:38487, e6714b64-c040-4d89-a045-f9ecac8e2434:192.168.11.250:36573, 9c481f34-7a96-445c-ab07-3fb45ef6c5ce:192.168.11.250:34289], old=null
2019-06-14 08:25:40,428 INFO  storage.RaftLogWorker (RaftLogWorker.java:execute(469)) - 9c481f34-7a96-445c-ab07-3fb45ef6c5ce-RaftLogWorker: created new log segment /opt/src/hadoop-ozone/integration-test/target/test-dir/MiniOzoneClusterImpl-5c3c1a88-3322-4ecb-bf8b-f5fe79ad96ba/datanode-1/data/ratis/b9da8b78-e29f-44c1-99c3-2fdd78f27fa4/current/log_inprogress_0
2019-06-14 08:25:40,442 INFO  impl.FollowerState (FollowerState.java:run(101)) - 7d7bd66f-e4c6-4b32-8fdb-3a5b56fa0014:group-07C6400CD491 changes to CANDIDATE, lastRpcTime:1188, electionTimeout:1184ms
2019-06-14 08:25:40,442 INFO  impl.RoleInfo (RoleInfo.java:shutdownFollowerState(121)) - 7d7bd66f-e4c6-4b32-8fdb-3a5b56fa0014: shutdown FollowerState
2019-06-14 08:25:40,443 INFO  impl.RaftServerImpl (RaftServerImpl.java:setRole(164)) - 7d7bd66f-e4c6-4b32-8fdb-3a5b56fa0014:group-07C6400CD491 changes role from FOLLOWER to CANDIDATE at term 0 for changeToCandidate
2019-06-14 08:25:40,443 INFO  impl.RoleInfo (RoleInfo.java:updateAndGet(143)) - 7d7bd66f-e4c6-4b32-8fdb-3a5b56fa0014: start LeaderElection
2019-06-14 08:25:40,444 INFO  storage.RaftLogWorker (RaftLogWorker.java:execute(469)) - e6714b64-c040-4d89-a045-f9ecac8e2434-RaftLogWorker: created new log segment /opt/src/hadoop-ozone/integration-test/target/test-dir/MiniOzoneClusterImpl-5c3c1a88-3322-4ecb-bf8b-f5fe79ad96ba/datanode-0/data/ratis/ef1dcc69-1b7a-42db-bece-449de11643fd/current/log_inprogress_0
2019-06-14 08:25:40,448 INFO  impl.FollowerState (FollowerState.java:run(101)) - 7d7bd66f-e4c6-4b32-8fdb-3a5b56fa0014:group-6B425BEC3B28 changes to CANDIDATE, lastRpcTime:1118, electionTimeout:1109ms
2019-06-14 08:25:40,448 INFO  impl.RoleInfo (RoleInfo.java:shutdownFollowerState(121)) - 7d7bd66f-e4c6-4b32-8fdb-3a5b56fa0014: shutdown FollowerState
2019-06-14 08:25:40,448 INFO  impl.RaftServerImpl (RaftServerImpl.java:setRole(164)) - 7d7bd66f-e4c6-4b32-8fdb-3a5b56fa0014:group-6B425BEC3B28 changes role from FOLLOWER to CANDIDATE at term 0 for changeToCandidate
2019-06-14 08:25:40,449 INFO  impl.RoleInfo (RoleInfo.java:updateAndGet(143)) - 7d7bd66f-e4c6-4b32-8fdb-3a5b56fa0014: start LeaderElection
2019-06-14 08:25:40,457 INFO  impl.LeaderElection (LeaderElection.java:askForVotes(181)) - 7d7bd66f-e4c6-4b32-8fdb-3a5b56fa0014:group-07C6400CD491:LeaderElection4: begin an election at term 1 for -1: [7d7bd66f-e4c6-4b32-8fdb-3a5b56fa0014:192.168.11.250:38487], old=null
2019-06-14 08:25:40,457 INFO  impl.RoleInfo (RoleInfo.java:shutdownLeaderElection(134)) - 7d7bd66f-e4c6-4b32-8fdb-3a5b56fa0014: shutdown LeaderElection
2019-06-14 08:25:40,457 INFO  impl.RaftServerImpl (RaftServerImpl.java:setRole(164)) - 7d7bd66f-e4c6-4b32-8fdb-3a5b56fa0014:group-07C6400CD491 changes role from CANDIDATE to LEADER at term 1 for changeToLeader
2019-06-14 08:25:40,457 INFO  impl.RaftServerImpl (ServerState.java:setLeader(263)) - 7d7bd66f-e4c6-4b32-8fdb-3a5b56fa0014:group-07C6400CD491 change Leader from null to 7d7bd66f-e4c6-4b32-8fdb-3a5b56fa0014 at term 1 for becomeLeader, leader elected after 1206ms
2019-06-14 08:25:40,461 INFO  server.RaftServerConfigKeys (ConfUtils.java:logGet(43)) - raft.server.staging.catchup.gap = 1000 (default)
2019-06-14 08:25:40,461 INFO  server.RaftServerConfigKeys (ConfUtils.java:logGet(43)) - raft.server.rpc.sleep.time = 25ms (default)
2019-06-14 08:25:40,461 INFO  impl.LeaderElection (LeaderElection.java:askForVotes(181)) - 7d7bd66f-e4c6-4b32-8fdb-3a5b56fa0014:group-6B425BEC3B28:LeaderElection5: begin an election at term 1 for -1: [7d7bd66f-e4c6-4b32-8fdb-3a5b56fa0014:192.168.11.250:38487, e6714b64-c040-4d89-a045-f9ecac8e2434:192.168.11.250:36573, 9c481f34-7a96-445c-ab07-3fb45ef6c5ce:192.168.11.250:34289], old=null
2019-06-14 08:25:40,461 INFO  server.RaftServerConfigKeys (ConfUtils.java:logGet(43)) - raft.server.watch.timeout = 10s (default)
2019-06-14 08:25:40,461 INFO  server.RaftServerConfigKeys (ConfUtils.java:logGet(43)) - raft.server.watch.timeout.denomination = 1s (default)
2019-06-14 08:25:40,461 INFO  impl.RoleInfo (RoleInfo.java:updateAndGet(143)) - 7d7bd66f-e4c6-4b32-8fdb-3a5b56fa0014: start LeaderState
2019-06-14 08:25:40,462 INFO  storage.RaftLogWorker (RaftLogWorker.java:startLogSegment(298)) - 7d7bd66f-e4c6-4b32-8fdb-3a5b56fa0014-RaftLogWorker: Starting segment from index:0
2019-06-14 08:25:40,475 INFO  impl.RaftServerImpl (ServerState.java:setRaftConf(361)) - 7d7bd66f-e4c6-4b32-8fdb-3a5b56fa0014:group-07C6400CD491 set configuration 0: [7d7bd66f-e4c6-4b32-8fdb-3a5b56fa0014:192.168.11.250:38487], old=null at 0
2019-06-14 08:25:40,483 INFO  impl.FollowerState (FollowerState.java:run(101)) - 2d734415-1b99-489d-8d9d-97d74f8a7c80:group-852CB7E8C4D4 changes to CANDIDATE, lastRpcTime:1082, electionTimeout:1077ms
2019-06-14 08:25:40,484 INFO  impl.RoleInfo (RoleInfo.java:shutdownFollowerState(121)) - 2d734415-1b99-489d-8d9d-97d74f8a7c80: shutdown FollowerState
2019-06-14 08:25:40,484 INFO  impl.RaftServerImpl (RaftServerImpl.java:setRole(164)) - 2d734415-1b99-489d-8d9d-97d74f8a7c80:group-852CB7E8C4D4 changes role from FOLLOWER to CANDIDATE at term 0 for changeToCandidate
2019-06-14 08:25:40,484 INFO  impl.RoleInfo (RoleInfo.java:updateAndGet(143)) - 2d734415-1b99-489d-8d9d-97d74f8a7c80: start LeaderElection
2019-06-14 08:25:40,504 INFO  impl.RaftServerImpl (RaftServerImpl.java:setRole(164)) - e6714b64-c040-4d89-a045-f9ecac8e2434:group-6B425BEC3B28 changes role from FOLLOWER to FOLLOWER at term 1 for recognizeCandidate:9c481f34-7a96-445c-ab07-3fb45ef6c5ce
2019-06-14 08:25:40,504 INFO  impl.RoleInfo (RoleInfo.java:shutdownFollowerState(121)) - e6714b64-c040-4d89-a045-f9ecac8e2434: shutdown FollowerState
2019-06-14 08:25:40,504 INFO  impl.RoleInfo (RoleInfo.java:updateAndGet(143)) - e6714b64-c040-4d89-a045-f9ecac8e2434: start FollowerState
2019-06-14 08:25:40,504 INFO  storage.RaftLogWorker (RaftLogWorker.java:execute(469)) - 7d7bd66f-e4c6-4b32-8fdb-3a5b56fa0014-RaftLogWorker: created new log segment /opt/src/hadoop-ozone/integration-test/target/test-dir/MiniOzoneClusterImpl-5c3c1a88-3322-4ecb-bf8b-f5fe79ad96ba/datanode-2/data/ratis/ff41386f-f8a1-42f8-a5d7-07c6400cd491/current/log_inprogress_0
2019-06-14 08:25:40,505 INFO  impl.FollowerState (FollowerState.java:run(109)) - e6714b64-c040-4d89-a045-f9ecac8e2434: FollowerState was interrupted: java.lang.InterruptedException: sleep interrupted
2019-06-14 08:25:40,512 INFO  impl.LeaderElection (LeaderElection.java:askForVotes(181)) - 2d734415-1b99-489d-8d9d-97d74f8a7c80:group-852CB7E8C4D4:LeaderElection6: begin an election at term 1 for -1: [2d734415-1b99-489d-8d9d-97d74f8a7c80:192.168.11.250:44559], old=null
2019-06-14 08:25:40,512 INFO  impl.RoleInfo (RoleInfo.java:shutdownLeaderElection(134)) - 2d734415-1b99-489d-8d9d-97d74f8a7c80: shutdown LeaderElection
2019-06-14 08:25:40,512 INFO  impl.RaftServerImpl (RaftServerImpl.java:setRole(164)) - 2d734415-1b99-489d-8d9d-97d74f8a7c80:group-852CB7E8C4D4 changes role from CANDIDATE to LEADER at term 1 for changeToLeader
2019-06-14 08:25:40,512 INFO  impl.RaftServerImpl (ServerState.java:setLeader(263)) - 2d734415-1b99-489d-8d9d-97d74f8a7c80:group-852CB7E8C4D4 change Leader from null to 2d734415-1b99-489d-8d9d-97d74f8a7c80 at term 1 for becomeLeader, leader elected after 1115ms
2019-06-14 08:25:40,519 INFO  server.RaftServerConfigKeys (ConfUtils.java:logGet(43)) - raft.server.staging.catchup.gap = 1000 (default)
2019-06-14 08:25:40,519 INFO  server.RaftServerConfigKeys (ConfUtils.java:logGet(43)) - raft.server.rpc.sleep.time = 25ms (default)
2019-06-14 08:25:40,519 INFO  server.RaftServerConfigKeys (ConfUtils.java:logGet(43)) - raft.server.watch.timeout = 10s (default)
2019-06-14 08:25:40,519 INFO  server.RaftServerConfigKeys (ConfUtils.java:logGet(43)) - raft.server.watch.timeout.denomination = 1s (default)
2019-06-14 08:25:40,520 INFO  impl.RoleInfo (RoleInfo.java:updateAndGet(143)) - 2d734415-1b99-489d-8d9d-97d74f8a7c80: start LeaderState
2019-06-14 08:25:40,520 INFO  storage.RaftLogWorker (RaftLogWorker.java:startLogSegment(298)) - 2d734415-1b99-489d-8d9d-97d74f8a7c80-RaftLogWorker: Starting segment from index:0
2019-06-14 08:25:40,520 INFO  impl.RaftServerImpl (ServerState.java:setRaftConf(361)) - 2d734415-1b99-489d-8d9d-97d74f8a7c80:group-852CB7E8C4D4 set configuration 0: [2d734415-1b99-489d-8d9d-97d74f8a7c80:192.168.11.250:44559], old=null at 0
2019-06-14 08:25:40,563 INFO  impl.LeaderElection (LeaderElection.java:logAndReturn(56)) - 9c481f34-7a96-445c-ab07-3fb45ef6c5ce:group-6B425BEC3B28:LeaderElection3: Election PASSED; received 2 response(s) [9c481f34-7a96-445c-ab07-3fb45ef6c5ce->7d7bd66f-e4c6-4b32-8fdb-3a5b56fa0014,false-t1, 9c481f34-7a96-445c-ab07-3fb45ef6c5ce->e6714b64-c040-4d89-a045-f9ecac8e2434,true-t1] and 0 exception(s); 9c481f34-7a96-445c-ab07-3fb45ef6c5ce:t1, leader=null, voted=9c481f34-7a96-445c-ab07-3fb45ef6c5ce, raftlog=9c481f34-7a96-445c-ab07-3fb45ef6c5ce-SegmentedRaftLog:OPENED:c-1,f-1,i0, conf=-1: [7d7bd66f-e4c6-4b32-8fdb-3a5b56fa0014:192.168.11.250:38487, e6714b64-c040-4d89-a045-f9ecac8e2434:192.168.11.250:36573, 9c481f34-7a96-445c-ab07-3fb45ef6c5ce:192.168.11.250:34289], old=null
2019-06-14 08:25:40,563 INFO  impl.RoleInfo (RoleInfo.java:shutdownLeaderElection(134)) - 9c481f34-7a96-445c-ab07-3fb45ef6c5ce: shutdown LeaderElection
2019-06-14 08:25:40,563 INFO  impl.RaftServerImpl (RaftServerImpl.java:setRole(164)) - 9c481f34-7a96-445c-ab07-3fb45ef6c5ce:group-6B425BEC3B28 changes role from CANDIDATE to LEADER at term 1 for changeToLeader
2019-06-14 08:25:40,563 INFO  impl.RaftServerImpl (ServerState.java:setLeader(263)) - 9c481f34-7a96-445c-ab07-3fb45ef6c5ce:group-6B425BEC3B28 change Leader from null to 9c481f34-7a96-445c-ab07-3fb45ef6c5ce at term 1 for becomeLeader, leader elected after 1266ms
2019-06-14 08:25:40,563 INFO  server.RaftServerConfigKeys (ConfUtils.java:logGet(43)) - raft.server.staging.catchup.gap = 1000 (default)
2019-06-14 08:25:40,563 INFO  server.RaftServerConfigKeys (ConfUtils.java:logGet(43)) - raft.server.rpc.sleep.time = 25ms (default)
2019-06-14 08:25:40,564 INFO  server.RaftServerConfigKeys (ConfUtils.java:logGet(43)) - raft.server.watch.timeout = 10s (default)
2019-06-14 08:25:40,564 INFO  server.RaftServerConfigKeys (ConfUtils.java:logGet(43)) - raft.server.watch.timeout.denomination = 1s (default)
2019-06-14 08:25:40,565 INFO  storage.RaftLogWorker (RaftLogWorker.java:execute(469)) - 2d734415-1b99-489d-8d9d-97d74f8a7c80-RaftLogWorker: created new log segment /opt/src/hadoop-ozone/integration-test/target/test-dir/MiniOzoneClusterImpl-5c3c1a88-3322-4ecb-bf8b-f5fe79ad96ba/datanode-3/data/ratis/20ac1f3a-b7c2-4138-8047-852cb7e8c4d4/current/log_inprogress_0
2019-06-14 08:25:40,567 INFO  impl.LeaderElection (LeaderElection.java:logAndReturn(56)) - 7d7bd66f-e4c6-4b32-8fdb-3a5b56fa0014:group-6B425BEC3B28:LeaderElection5: Election REJECTED; received 2 response(s) [7d7bd66f-e4c6-4b32-8fdb-3a5b56fa0014->e6714b64-c040-4d89-a045-f9ecac8e2434,false-t1, 7d7bd66f-e4c6-4b32-8fdb-3a5b56fa0014->9c481f34-7a96-445c-ab07-3fb45ef6c5ce,false-t1] and 0 exception(s); 7d7bd66f-e4c6-4b32-8fdb-3a5b56fa0014:t1, leader=null, voted=7d7bd66f-e4c6-4b32-8fdb-3a5b56fa0014, raftlog=7d7bd66f-e4c6-4b32-8fdb-3a5b56fa0014-SegmentedRaftLog:OPENED:c-1,f-1,i0, conf=-1: [7d7bd66f-e4c6-4b32-8fdb-3a5b56fa0014:192.168.11.250:38487, e6714b64-c040-4d89-a045-f9ecac8e2434:192.168.11.250:36573, 9c481f34-7a96-445c-ab07-3fb45ef6c5ce:192.168.11.250:34289], old=null
2019-06-14 08:25:40,567 INFO  impl.RaftServerImpl (RaftServerImpl.java:setRole(164)) - 7d7bd66f-e4c6-4b32-8fdb-3a5b56fa0014:group-6B425BEC3B28 changes role from CANDIDATE to FOLLOWER at term 1 for DISCOVERED_A_NEW_TERM
2019-06-14 08:25:40,568 INFO  impl.RoleInfo (RoleInfo.java:shutdownLeaderElection(134)) - 7d7bd66f-e4c6-4b32-8fdb-3a5b56fa0014: shutdown LeaderElection
2019-06-14 08:25:40,568 INFO  impl.RoleInfo (RoleInfo.java:updateAndGet(143)) - 7d7bd66f-e4c6-4b32-8fdb-3a5b56fa0014: start FollowerState
2019-06-14 08:25:40,577 INFO  server.RaftServerConfigKeys (ConfUtils.java:logGet(43)) - raft.server.log.appender.snapshot.chunk.size.max = 16MB (=16777216) (default)
2019-06-14 08:25:40,581 INFO  server.RaftServerConfigKeys (ConfUtils.java:logGet(43)) - raft.server.log.appender.buffer.byte-limit = 33554432 (custom)
2019-06-14 08:25:40,581 INFO  server.RaftServerConfigKeys (ConfUtils.java:logGet(43)) - raft.server.log.appender.buffer.element-limit = 1 (custom)
2019-06-14 08:25:40,583 INFO  grpc.GrpcConfigKeys$Server (ConfUtils.java:logGet(43)) - raft.grpc.server.leader.outstanding.appends.max = 128 (default)
2019-06-14 08:25:40,583 INFO  server.RaftServerConfigKeys (ConfUtils.java:logGet(43)) - raft.server.rpc.request.timeout = 3000ms (default)
2019-06-14 08:25:40,583 INFO  server.RaftServerConfigKeys (ConfUtils.java:logGet(43)) - raft.server.log.appender.install.snapshot.enabled = true (default)
2019-06-14 08:25:40,583 INFO  server.RaftServerConfigKeys (ConfUtils.java:logGet(43)) - raft.server.log.appender.snapshot.chunk.size.max = 16MB (=16777216) (default)
2019-06-14 08:25:40,583 INFO  server.RaftServerConfigKeys (ConfUtils.java:logGet(43)) - raft.server.log.appender.buffer.byte-limit = 33554432 (custom)
2019-06-14 08:25:40,583 INFO  server.RaftServerConfigKeys (ConfUtils.java:logGet(43)) - raft.server.log.appender.buffer.element-limit = 1 (custom)
2019-06-14 08:25:40,583 INFO  grpc.GrpcConfigKeys$Server (ConfUtils.java:logGet(43)) - raft.grpc.server.leader.outstanding.appends.max = 128 (default)
2019-06-14 08:25:40,583 INFO  server.RaftServerConfigKeys (ConfUtils.java:logGet(43)) - raft.server.rpc.request.timeout = 3000ms (default)
2019-06-14 08:25:40,583 INFO  server.RaftServerConfigKeys (ConfUtils.java:logGet(43)) - raft.server.log.appender.install.snapshot.enabled = true (default)
2019-06-14 08:25:40,584 INFO  impl.RoleInfo (RoleInfo.java:updateAndGet(143)) - 9c481f34-7a96-445c-ab07-3fb45ef6c5ce: start LeaderState
2019-06-14 08:25:40,584 INFO  storage.RaftLogWorker (RaftLogWorker.java:startLogSegment(298)) - 9c481f34-7a96-445c-ab07-3fb45ef6c5ce-RaftLogWorker: Starting segment from index:0
2019-06-14 08:25:40,606 INFO  impl.RaftServerImpl (ServerState.java:setRaftConf(361)) - 9c481f34-7a96-445c-ab07-3fb45ef6c5ce:group-6B425BEC3B28 set configuration 0: [7d7bd66f-e4c6-4b32-8fdb-3a5b56fa0014:192.168.11.250:38487, e6714b64-c040-4d89-a045-f9ecac8e2434:192.168.11.250:36573, 9c481f34-7a96-445c-ab07-3fb45ef6c5ce:192.168.11.250:34289], old=null at 0
2019-06-14 08:25:40,632 INFO  storage.RaftLogWorker (RaftLogWorker.java:execute(469)) - 9c481f34-7a96-445c-ab07-3fb45ef6c5ce-RaftLogWorker: created new log segment /opt/src/hadoop-ozone/integration-test/target/test-dir/MiniOzoneClusterImpl-5c3c1a88-3322-4ecb-bf8b-f5fe79ad96ba/datanode-1/data/ratis/a270d580-699c-41db-8289-6b425bec3b28/current/log_inprogress_0
2019-06-14 08:25:40,642 INFO  impl.RaftServerImpl (ServerState.java:setLeader(263)) - 7d7bd66f-e4c6-4b32-8fdb-3a5b56fa0014:group-6B425BEC3B28 change Leader from null to 9c481f34-7a96-445c-ab07-3fb45ef6c5ce at term 1 for appendEntries, leader elected after 1316ms
2019-06-14 08:25:40,645 INFO  impl.RaftServerImpl (ServerState.java:setLeader(263)) - e6714b64-c040-4d89-a045-f9ecac8e2434:group-6B425BEC3B28 change Leader from null to 9c481f34-7a96-445c-ab07-3fb45ef6c5ce at term 1 for appendEntries, leader elected after 1320ms
2019-06-14 08:25:40,666 INFO  impl.RaftServerImpl (ServerState.java:setRaftConf(361)) - e6714b64-c040-4d89-a045-f9ecac8e2434:group-6B425BEC3B28 set configuration 0: [7d7bd66f-e4c6-4b32-8fdb-3a5b56fa0014:192.168.11.250:38487, e6714b64-c040-4d89-a045-f9ecac8e2434:192.168.11.250:36573, 9c481f34-7a96-445c-ab07-3fb45ef6c5ce:192.168.11.250:34289], old=null at 0
2019-06-14 08:25:40,666 INFO  impl.RaftServerImpl (ServerState.java:setRaftConf(361)) - 7d7bd66f-e4c6-4b32-8fdb-3a5b56fa0014:group-6B425BEC3B28 set configuration 0: [7d7bd66f-e4c6-4b32-8fdb-3a5b56fa0014:192.168.11.250:38487, e6714b64-c040-4d89-a045-f9ecac8e2434:192.168.11.250:36573, 9c481f34-7a96-445c-ab07-3fb45ef6c5ce:192.168.11.250:34289], old=null at 0
2019-06-14 08:25:40,667 INFO  storage.RaftLogWorker (RaftLogWorker.java:startLogSegment(298)) - e6714b64-c040-4d89-a045-f9ecac8e2434-RaftLogWorker: Starting segment from index:0
2019-06-14 08:25:40,667 INFO  storage.RaftLogWorker (RaftLogWorker.java:startLogSegment(298)) - 7d7bd66f-e4c6-4b32-8fdb-3a5b56fa0014-RaftLogWorker: Starting segment from index:0
2019-06-14 08:25:40,698 INFO  impl.FollowerState (FollowerState.java:run(101)) - 7a300a81-5303-4855-9563-b5dd746e0e75:group-38DDD38B94D4 changes to CANDIDATE, lastRpcTime:1082, electionTimeout:1082ms
2019-06-14 08:25:40,699 INFO  impl.RoleInfo (RoleInfo.java:shutdownFollowerState(121)) - 7a300a81-5303-4855-9563-b5dd746e0e75: shutdown FollowerState
2019-06-14 08:25:40,699 INFO  impl.RaftServerImpl (RaftServerImpl.java:setRole(164)) - 7a300a81-5303-4855-9563-b5dd746e0e75:group-38DDD38B94D4 changes role from FOLLOWER to CANDIDATE at term 0 for changeToCandidate
2019-06-14 08:25:40,699 INFO  impl.RoleInfo (RoleInfo.java:updateAndGet(143)) - 7a300a81-5303-4855-9563-b5dd746e0e75: start LeaderElection
2019-06-14 08:25:40,714 INFO  storage.RaftLogWorker (RaftLogWorker.java:execute(469)) - e6714b64-c040-4d89-a045-f9ecac8e2434-RaftLogWorker: created new log segment /opt/src/hadoop-ozone/integration-test/target/test-dir/MiniOzoneClusterImpl-5c3c1a88-3322-4ecb-bf8b-f5fe79ad96ba/datanode-0/data/ratis/a270d580-699c-41db-8289-6b425bec3b28/current/log_inprogress_0
2019-06-14 08:25:40,715 INFO  storage.RaftLogWorker (RaftLogWorker.java:execute(469)) - 7d7bd66f-e4c6-4b32-8fdb-3a5b56fa0014-RaftLogWorker: created new log segment /opt/src/hadoop-ozone/integration-test/target/test-dir/MiniOzoneClusterImpl-5c3c1a88-3322-4ecb-bf8b-f5fe79ad96ba/datanode-2/data/ratis/a270d580-699c-41db-8289-6b425bec3b28/current/log_inprogress_0
2019-06-14 08:25:40,717 INFO  impl.LeaderElection (LeaderElection.java:askForVotes(181)) - 7a300a81-5303-4855-9563-b5dd746e0e75:group-38DDD38B94D4:LeaderElection7: begin an election at term 1 for -1: [7a300a81-5303-4855-9563-b5dd746e0e75:192.168.11.250:43169], old=null
2019-06-14 08:25:40,717 INFO  impl.RoleInfo (RoleInfo.java:shutdownLeaderElection(134)) - 7a300a81-5303-4855-9563-b5dd746e0e75: shutdown LeaderElection
2019-06-14 08:25:40,717 INFO  impl.RaftServerImpl (RaftServerImpl.java:setRole(164)) - 7a300a81-5303-4855-9563-b5dd746e0e75:group-38DDD38B94D4 changes role from CANDIDATE to LEADER at term 1 for changeToLeader
2019-06-14 08:25:40,717 INFO  impl.RaftServerImpl (ServerState.java:setLeader(263)) - 7a300a81-5303-4855-9563-b5dd746e0e75:group-38DDD38B94D4 change Leader from null to 7a300a81-5303-4855-9563-b5dd746e0e75 at term 1 for becomeLeader, leader elected after 1103ms
2019-06-14 08:25:40,722 INFO  server.RaftServerConfigKeys (ConfUtils.java:logGet(43)) - raft.server.staging.catchup.gap = 1000 (default)
2019-06-14 08:25:40,722 INFO  server.RaftServerConfigKeys (ConfUtils.java:logGet(43)) - raft.server.rpc.sleep.time = 25ms (default)
2019-06-14 08:25:40,723 INFO  server.RaftServerConfigKeys (ConfUtils.java:logGet(43)) - raft.server.watch.timeout = 10s (default)
2019-06-14 08:25:40,723 INFO  server.RaftServerConfigKeys (ConfUtils.java:logGet(43)) - raft.server.watch.timeout.denomination = 1s (default)
2019-06-14 08:25:40,723 INFO  impl.RoleInfo (RoleInfo.java:updateAndGet(143)) - 7a300a81-5303-4855-9563-b5dd746e0e75: start LeaderState
2019-06-14 08:25:40,723 INFO  storage.RaftLogWorker (RaftLogWorker.java:startLogSegment(298)) - 7a300a81-5303-4855-9563-b5dd746e0e75-RaftLogWorker: Starting segment from index:0
2019-06-14 08:25:40,724 INFO  impl.RaftServerImpl (ServerState.java:setRaftConf(361)) - 7a300a81-5303-4855-9563-b5dd746e0e75:group-38DDD38B94D4 set configuration 0: [7a300a81-5303-4855-9563-b5dd746e0e75:192.168.11.250:43169], old=null at 0
2019-06-14 08:25:40,759 INFO  storage.RaftLogWorker (RaftLogWorker.java:execute(469)) - 7a300a81-5303-4855-9563-b5dd746e0e75-RaftLogWorker: created new log segment /opt/src/hadoop-ozone/integration-test/target/test-dir/MiniOzoneClusterImpl-5c3c1a88-3322-4ecb-bf8b-f5fe79ad96ba/datanode-4/data/ratis/1e27138c-30bf-462c-88c4-38ddd38b94d4/current/log_inprogress_0
2019-06-14 08:25:40,773 INFO  ozone.MiniOzoneClusterImpl (MiniOzoneClusterImpl.java:lambda$waitForClusterToBeReady$0(142)) - Cluster is ready. Got 6 of 6 DN Heartbeats.
]]></system-out>
    <system-err><![CDATA[ERROR StatusLogger No Log4j 2 configuration file found. Using default configuration (logging only errors to the console), or user programmatically provided configurations. Set system property 'log4j2.debug' to show Log4j 2 internal initialization logging. See https://logging.apache.org/log4j/2.x/manual/configuration.html for instructions on how to configure Log4j 2
Jun 14, 2019 8:25:33 AM com.sun.jersey.server.impl.application.WebApplicationImpl _initiate
INFO: Initiating Jersey application, version 'Jersey: 1.19 02/11/2015 03:25 AM'
Jun 14, 2019 8:25:34 AM com.sun.jersey.server.impl.application.WebApplicationImpl _initiate
INFO: Initiating Jersey application, version 'Jersey: 1.19 02/11/2015 03:25 AM'
Jun 14, 2019 8:25:34 AM com.sun.jersey.server.impl.application.WebApplicationImpl _initiate
INFO: Initiating Jersey application, version 'Jersey: 1.19 02/11/2015 03:25 AM'
Jun 14, 2019 8:25:35 AM com.sun.jersey.server.impl.application.WebApplicationImpl _initiate
INFO: Initiating Jersey application, version 'Jersey: 1.19 02/11/2015 03:25 AM'
Jun 14, 2019 8:25:35 AM com.sun.jersey.server.impl.application.WebApplicationImpl _initiate
INFO: Initiating Jersey application, version 'Jersey: 1.19 02/11/2015 03:25 AM'
Jun 14, 2019 8:25:35 AM com.sun.jersey.server.impl.application.WebApplicationImpl _initiate
INFO: Initiating Jersey application, version 'Jersey: 1.19 02/11/2015 03:25 AM'
]]></system-err>
  </testcase>
</testsuite>