<?xml version="1.0" encoding="UTF-8"?>
<testsuite xmlns:xsi="http://www.w3.org/2001/XMLSchema-instance" xsi:noNamespaceSchemaLocation="https://maven.apache.org/surefire/maven-surefire-plugin/xsd/surefire-test-report.xsd" name="org.apache.hadoop.ozone.client.rpc.TestWatchForCommit" time="145.023" tests="6" errors="0" skipped="0" failures="1">
  <properties>
    <property name="awt.toolkit" value="sun.awt.X11.XToolkit"/>
    <property name="file.encoding.pkg" value="sun.io"/>
    <property name="java.specification.version" value="1.8"/>
    <property name="sun.cpu.isalist" value=""/>
    <property name="sun.jnu.encoding" value="UTF-8"/>
    <property name="java.class.path" value="/opt/src/hadoop-ozone/integration-test/target/test-classes:/opt/src/hadoop-ozone/integration-test/target/classes:/root/.m2/repository/org/apache/hadoop/hadoop-ozone-common/0.5.0-SNAPSHOT/hadoop-ozone-common-0.5.0-SNAPSHOT.jar:/root/.m2/repository/org/apache/commons/commons-compress/1.4.1/commons-compress-1.4.1.jar:/root/.m2/repository/org/tukaani/xz/1.0/xz-1.0.jar:/root/.m2/repository/org/apache/hadoop/hadoop-common/3.2.0/hadoop-common-3.2.0.jar:/root/.m2/repository/org/apache/hadoop/hadoop-hdfs/3.2.0/hadoop-hdfs-3.2.0.jar:/root/.m2/repository/org/apache/hadoop/hadoop-hdfs-client/3.2.0/hadoop-hdfs-client-3.2.0.jar:/root/.m2/repository/com/fasterxml/jackson/core/jackson-annotations/2.9.5/jackson-annotations-2.9.5.jar:/root/.m2/repository/org/apache/hadoop/hadoop-hdds-common/0.5.0-SNAPSHOT/hadoop-hdds-common-0.5.0-SNAPSHOT.jar:/root/.m2/repository/javax/annotation/javax.annotation-api/1.2/javax.annotation-api-1.2.jar:/root/.m2/repository/org/apache/ratis/ratis-server/0.4.0-fe2b15d-SNAPSHOT/ratis-server-0.4.0-fe2b15d-SNAPSHOT.jar:/root/.m2/repository/org/apache/ratis/ratis-thirdparty-misc/0.2.0/ratis-thirdparty-misc-0.2.0.jar:/root/.m2/repository/org/apache/ratis/ratis-proto/0.4.0-fe2b15d-SNAPSHOT/ratis-proto-0.4.0-fe2b15d-SNAPSHOT.jar:/root/.m2/repository/org/apache/ratis/ratis-common/0.4.0-fe2b15d-SNAPSHOT/ratis-common-0.4.0-fe2b15d-SNAPSHOT.jar:/root/.m2/repository/org/apache/ratis/ratis-client/0.4.0-fe2b15d-SNAPSHOT/ratis-client-0.4.0-fe2b15d-SNAPSHOT.jar:/root/.m2/repository/org/apache/ratis/ratis-netty/0.4.0-fe2b15d-SNAPSHOT/ratis-netty-0.4.0-fe2b15d-SNAPSHOT.jar:/root/.m2/repository/org/apache/ratis/ratis-grpc/0.4.0-fe2b15d-SNAPSHOT/ratis-grpc-0.4.0-fe2b15d-SNAPSHOT.jar:/root/.m2/repository/org/rocksdb/rocksdbjni/5.14.2/rocksdbjni-5.14.2.jar:/root/.m2/repository/org/apache/logging/log4j/log4j-api/2.11.0/log4j-api-2.11.0.jar:/root/.m2/repository/org/apache/logging/log4j/log4j-core/2.11.0/log4j-core-2.11.0.jar:/root/.m2/repository/com/lmax/disruptor/3.4.2/disruptor-3.4.2.jar:/root/.m2/repository/org/apache/commons/commons-pool2/2.6.0/commons-pool2-2.6.0.jar:/root/.m2/repository/org/bouncycastle/bcpkix-jdk15on/1.60/bcpkix-jdk15on-1.60.jar:/root/.m2/repository/commons-validator/commons-validator/1.6/commons-validator-1.6.jar:/root/.m2/repository/commons-digester/commons-digester/1.8.1/commons-digester-1.8.1.jar:/root/.m2/repository/io/jaegertracing/jaeger-client/0.33.1/jaeger-client-0.33.1.jar:/root/.m2/repository/io/jaegertracing/jaeger-thrift/0.33.1/jaeger-thrift-0.33.1.jar:/root/.m2/repository/org/apache/thrift/libthrift/0.11.0/libthrift-0.11.0.jar:/root/.m2/repository/com/squareup/okhttp3/okhttp/3.9.0/okhttp-3.9.0.jar:/root/.m2/repository/com/squareup/okio/okio/1.13.0/okio-1.13.0.jar:/root/.m2/repository/io/jaegertracing/jaeger-core/0.33.1/jaeger-core-0.33.1.jar:/root/.m2/repository/io/jaegertracing/jaeger-tracerresolver/0.33.1/jaeger-tracerresolver-0.33.1.jar:/root/.m2/repository/io/opentracing/contrib/opentracing-tracerresolver/0.1.5/opentracing-tracerresolver-0.1.5.jar:/root/.m2/repository/io/opentracing/opentracing-util/0.31.0/opentracing-util-0.31.0.jar:/root/.m2/repository/io/opentracing/opentracing-api/0.31.0/opentracing-api-0.31.0.jar:/root/.m2/repository/io/opentracing/opentracing-noop/0.31.0/opentracing-noop-0.31.0.jar:/root/.m2/repository/org/apache/hadoop/hadoop-hdds-server-framework/0.5.0-SNAPSHOT/hadoop-hdds-server-framework-0.5.0-SNAPSHOT.jar:/root/.m2/repository/org/apache/hadoop/hadoop-hdds-server-scm/0.5.0-SNAPSHOT/hadoop-hdds-server-scm-0.5.0-SNAPSHOT.jar:/root/.m2/repository/org/apache/hadoop/hadoop-hdds-container-service/0.5.0-SNAPSHOT/hadoop-hdds-container-service-0.5.0-SNAPSHOT.jar:/root/.m2/repository/org/apache/hadoop/hadoop-hdds-client/0.5.0-SNAPSHOT/hadoop-hdds-client-0.5.0-SNAPSHOT.jar:/root/.m2/repository/org/apache/hadoop/hadoop-hdds-tools/0.5.0-SNAPSHOT/hadoop-hdds-tools-0.5.0-SNAPSHOT.jar:/root/.m2/repository/org/apache/hadoop/hadoop-ozone-ozone-manager/0.5.0-SNAPSHOT/hadoop-ozone-ozone-manager-0.5.0-SNAPSHOT.jar:/root/.m2/repository/org/apache/hadoop/hadoop-hdds-docs/0.5.0-SNAPSHOT/hadoop-hdds-docs-0.5.0-SNAPSHOT.jar:/root/.m2/repository/org/bouncycastle/bcprov-jdk15on/1.60/bcprov-jdk15on-1.60.jar:/root/.m2/repository/org/apache/hadoop/hadoop-minikdc/3.2.0/hadoop-minikdc-3.2.0.jar:/root/.m2/repository/commons-io/commons-io/2.5/commons-io-2.5.jar:/root/.m2/repository/org/apache/kerby/kerb-simplekdc/1.0.1/kerb-simplekdc-1.0.1.jar:/root/.m2/repository/org/apache/kerby/kerb-client/1.0.1/kerb-client-1.0.1.jar:/root/.m2/repository/org/apache/kerby/kerby-config/1.0.1/kerby-config-1.0.1.jar:/root/.m2/repository/org/apache/kerby/kerb-core/1.0.1/kerb-core-1.0.1.jar:/root/.m2/repository/org/apache/kerby/kerby-pkix/1.0.1/kerby-pkix-1.0.1.jar:/root/.m2/repository/org/apache/kerby/kerby-asn1/1.0.1/kerby-asn1-1.0.1.jar:/root/.m2/repository/org/apache/kerby/kerby-util/1.0.1/kerby-util-1.0.1.jar:/root/.m2/repository/org/apache/kerby/kerb-common/1.0.1/kerb-common-1.0.1.jar:/root/.m2/repository/org/apache/kerby/kerb-crypto/1.0.1/kerb-crypto-1.0.1.jar:/root/.m2/repository/org/apache/kerby/kerb-util/1.0.1/kerb-util-1.0.1.jar:/root/.m2/repository/org/apache/kerby/token-provider/1.0.1/token-provider-1.0.1.jar:/root/.m2/repository/org/apache/kerby/kerb-admin/1.0.1/kerb-admin-1.0.1.jar:/root/.m2/repository/org/apache/kerby/kerb-server/1.0.1/kerb-server-1.0.1.jar:/root/.m2/repository/org/apache/kerby/kerb-identity/1.0.1/kerb-identity-1.0.1.jar:/root/.m2/repository/org/apache/kerby/kerby-xdr/1.0.1/kerby-xdr-1.0.1.jar:/root/.m2/repository/org/slf4j/slf4j-log4j12/1.7.25/slf4j-log4j12-1.7.25.jar:/root/.m2/repository/org/apache/hadoop/hadoop-ozone-objectstore-service/0.5.0-SNAPSHOT/hadoop-ozone-objectstore-service-0.5.0-SNAPSHOT.jar:/root/.m2/repository/org/apache/hadoop/hadoop-ozone-s3gateway/0.5.0-SNAPSHOT/hadoop-ozone-s3gateway-0.5.0-SNAPSHOT.jar:/root/.m2/repository/org/jboss/weld/servlet/weld-servlet/2.4.7.Final/weld-servlet-2.4.7.Final.jar:/root/.m2/repository/org/glassfish/jersey/containers/jersey-container-servlet-core/2.27/jersey-container-servlet-core-2.27.jar:/root/.m2/repository/org/glassfish/hk2/external/javax.inject/2.5.0-b42/javax.inject-2.5.0-b42.jar:/root/.m2/repository/org/glassfish/jersey/core/jersey-common/2.27/jersey-common-2.27.jar:/root/.m2/repository/org/glassfish/hk2/osgi-resource-locator/1.0.1/osgi-resource-locator-1.0.1.jar:/root/.m2/repository/javax/ws/rs/javax.ws.rs-api/2.1/javax.ws.rs-api-2.1.jar:/root/.m2/repository/org/glassfish/jersey/ext/cdi/jersey-cdi1x/2.27/jersey-cdi1x-2.27.jar:/root/.m2/repository/org/glassfish/jersey/inject/jersey-hk2/2.27/jersey-hk2-2.27.jar:/root/.m2/repository/org/glassfish/hk2/hk2-locator/2.5.0-b42/hk2-locator-2.5.0-b42.jar:/root/.m2/repository/org/javassist/javassist/3.22.0-CR2/javassist-3.22.0-CR2.jar:/root/.m2/repository/org/glassfish/hk2/hk2-api/2.5.0/hk2-api-2.5.0.jar:/root/.m2/repository/org/glassfish/hk2/external/jakarta.inject/2.5.0/jakarta.inject-2.5.0.jar:/root/.m2/repository/org/glassfish/hk2/hk2-utils/2.5.0/hk2-utils-2.5.0.jar:/root/.m2/repository/jakarta/annotation/jakarta.annotation-api/1.3.4/jakarta.annotation-api-1.3.4.jar:/root/.m2/repository/org/glassfish/hk2/external/aopalliance-repackaged/2.5.0/aopalliance-repackaged-2.5.0.jar:/root/.m2/repository/com/fasterxml/jackson/dataformat/jackson-dataformat-xml/2.9.0/jackson-dataformat-xml-2.9.0.jar:/root/.m2/repository/com/fasterxml/jackson/core/jackson-core/2.9.5/jackson-core-2.9.5.jar:/root/.m2/repository/com/fasterxml/jackson/module/jackson-module-jaxb-annotations/2.9.5/jackson-module-jaxb-annotations-2.9.5.jar:/root/.m2/repository/javax/enterprise/cdi-api/1.2/cdi-api-1.2.jar:/root/.m2/repository/javax/el/javax.el-api/3.0.0/javax.el-api-3.0.0.jar:/root/.m2/repository/javax/interceptor/javax.interceptor-api/1.2/javax.interceptor-api-1.2.jar:/root/.m2/repository/javax/inject/javax.inject/1/javax.inject-1.jar:/root/.m2/repository/com/sun/xml/bind/jaxb-impl/2.3.0.1/jaxb-impl-2.3.0.1.jar:/root/.m2/repository/com/sun/xml/bind/jaxb-core/2.3.0.1/jaxb-core-2.3.0.1.jar:/root/.m2/repository/javax/xml/bind/jaxb-api/2.3.0/jaxb-api-2.3.0.jar:/root/.m2/repository/javax/activation/activation/1.1.1/activation-1.1.1.jar:/root/.m2/repository/org/apache/hadoop/hadoop-ozone-csi/0.5.0-SNAPSHOT/hadoop-ozone-csi-0.5.0-SNAPSHOT.jar:/root/.m2/repository/com/google/protobuf/protobuf-java-util/3.5.1/protobuf-java-util-3.5.1.jar:/root/.m2/repository/org/apache/hadoop/hadoop-hdds-config/0.5.0-SNAPSHOT/hadoop-hdds-config-0.5.0-SNAPSHOT.jar:/root/.m2/repository/com/google/guava/guava/11.0.2/guava-11.0.2.jar:/root/.m2/repository/com/google/protobuf/protobuf-java/2.5.0/protobuf-java-2.5.0.jar:/root/.m2/repository/io/grpc/grpc-netty/1.17.1/grpc-netty-1.17.1.jar:/root/.m2/repository/io/grpc/grpc-core/1.17.1/grpc-core-1.17.1.jar:/root/.m2/repository/io/grpc/grpc-context/1.17.1/grpc-context-1.17.1.jar:/root/.m2/repository/com/google/errorprone/error_prone_annotations/2.2.0/error_prone_annotations-2.2.0.jar:/root/.m2/repository/org/codehaus/mojo/animal-sniffer-annotations/1.17/animal-sniffer-annotations-1.17.jar:/root/.m2/repository/io/opencensus/opencensus-api/0.17.0/opencensus-api-0.17.0.jar:/root/.m2/repository/io/opencensus/opencensus-contrib-grpc-metrics/0.17.0/opencensus-contrib-grpc-metrics-0.17.0.jar:/root/.m2/repository/io/netty/netty-codec-http2/4.1.30.Final/netty-codec-http2-4.1.30.Final.jar:/root/.m2/repository/io/netty/netty-codec-http/4.1.30.Final/netty-codec-http-4.1.30.Final.jar:/root/.m2/repository/io/netty/netty-codec/4.1.30.Final/netty-codec-4.1.30.Final.jar:/root/.m2/repository/io/netty/netty-handler/4.1.30.Final/netty-handler-4.1.30.Final.jar:/root/.m2/repository/io/netty/netty-handler-proxy/4.1.30.Final/netty-handler-proxy-4.1.30.Final.jar:/root/.m2/repository/io/netty/netty-codec-socks/4.1.30.Final/netty-codec-socks-4.1.30.Final.jar:/root/.m2/repository/io/netty/netty-transport-native-epoll/4.1.30.Final/netty-transport-native-epoll-4.1.30.Final.jar:/root/.m2/repository/io/netty/netty-common/4.1.30.Final/netty-common-4.1.30.Final.jar:/root/.m2/repository/io/netty/netty-buffer/4.1.30.Final/netty-buffer-4.1.30.Final.jar:/root/.m2/repository/io/netty/netty-transport/4.1.30.Final/netty-transport-4.1.30.Final.jar:/root/.m2/repository/io/netty/netty-resolver/4.1.30.Final/netty-resolver-4.1.30.Final.jar:/root/.m2/repository/io/netty/netty-transport-native-unix-common/4.1.30.Final/netty-transport-native-unix-common-4.1.30.Final.jar:/root/.m2/repository/io/grpc/grpc-protobuf/1.17.1/grpc-protobuf-1.17.1.jar:/root/.m2/repository/com/google/api/grpc/proto-google-common-protos/1.0.0/proto-google-common-protos-1.0.0.jar:/root/.m2/repository/io/grpc/grpc-protobuf-lite/1.17.1/grpc-protobuf-lite-1.17.1.jar:/root/.m2/repository/io/grpc/grpc-stub/1.17.1/grpc-stub-1.17.1.jar:/root/.m2/repository/org/apache/hadoop/hadoop-ozone-recon/0.5.0-SNAPSHOT/hadoop-ozone-recon-0.5.0-SNAPSHOT.jar:/root/.m2/repository/org/apache/hadoop/hadoop-ozone-reconcodegen/0.5.0-SNAPSHOT/hadoop-ozone-reconcodegen-0.5.0-SNAPSHOT.jar:/root/.m2/repository/com/google/inject/extensions/guice-multibindings/4.0/guice-multibindings-4.0.jar:/root/.m2/repository/com/google/inject/guice/4.0/guice-4.0.jar:/root/.m2/repository/aopalliance/aopalliance/1.0/aopalliance-1.0.jar:/root/.m2/repository/com/google/inject/extensions/guice-servlet/4.0/guice-servlet-4.0.jar:/root/.m2/repository/org/glassfish/jersey/containers/jersey-container-servlet/2.27/jersey-container-servlet-2.27.jar:/root/.m2/repository/org/glassfish/hk2/guice-bridge/2.5.0/guice-bridge-2.5.0.jar:/root/.m2/repository/org/glassfish/jersey/core/jersey-server/2.27/jersey-server-2.27.jar:/root/.m2/repository/org/glassfish/jersey/core/jersey-client/2.27/jersey-client-2.27.jar:/root/.m2/repository/org/glassfish/jersey/media/jersey-media-jaxb/2.27/jersey-media-jaxb-2.27.jar:/root/.m2/repository/javax/validation/validation-api/1.1.0.Final/validation-api-1.1.0.Final.jar:/root/.m2/repository/org/glassfish/jersey/media/jersey-media-json-jackson/2.27/jersey-media-json-jackson-2.27.jar:/root/.m2/repository/org/glassfish/jersey/ext/jersey-entity-filtering/2.27/jersey-entity-filtering-2.27.jar:/root/.m2/repository/com/google/inject/extensions/guice-assistedinject/4.0/guice-assistedinject-4.0.jar:/root/.m2/repository/org/jooq/jooq/3.11.10/jooq-3.11.10.jar:/root/.m2/repository/org/jooq/jooq-meta/3.11.10/jooq-meta-3.11.10.jar:/root/.m2/repository/org/jooq/jooq-codegen/3.11.10/jooq-codegen-3.11.10.jar:/root/.m2/repository/com/jolbox/bonecp/0.8.0.RELEASE/bonecp-0.8.0.RELEASE.jar:/root/.m2/repository/org/xerial/sqlite-jdbc/3.25.2/sqlite-jdbc-3.25.2.jar:/root/.m2/repository/org/springframework/spring-jdbc/5.1.3.RELEASE/spring-jdbc-5.1.3.RELEASE.jar:/root/.m2/repository/org/springframework/spring-beans/5.1.3.RELEASE/spring-beans-5.1.3.RELEASE.jar:/root/.m2/repository/org/springframework/spring-core/5.1.3.RELEASE/spring-core-5.1.3.RELEASE.jar:/root/.m2/repository/org/springframework/spring-jcl/5.1.3.RELEASE/spring-jcl-5.1.3.RELEASE.jar:/root/.m2/repository/org/springframework/spring-tx/5.1.3.RELEASE/spring-tx-5.1.3.RELEASE.jar:/root/.m2/repository/org/apache/hadoop/hadoop-ozone-client/0.5.0-SNAPSHOT/hadoop-ozone-client-0.5.0-SNAPSHOT.jar:/root/.m2/repository/org/apache/hadoop/hadoop-ozone-ozone-manager/0.5.0-SNAPSHOT/hadoop-ozone-ozone-manager-0.5.0-SNAPSHOT-tests.jar:/root/.m2/repository/junit/junit/4.11/junit-4.11.jar:/root/.m2/repository/org/hamcrest/hamcrest-core/1.3/hamcrest-core-1.3.jar:/root/.m2/repository/org/openjdk/jmh/jmh-core/1.19/jmh-core-1.19.jar:/root/.m2/repository/net/sf/jopt-simple/jopt-simple/4.6/jopt-simple-4.6.jar:/root/.m2/repository/org/apache/commons/commons-math3/3.1.1/commons-math3-3.1.1.jar:/root/.m2/repository/org/openjdk/jmh/jmh-generator-annprocess/1.19/jmh-generator-annprocess-1.19.jar:/root/.m2/repository/org/mockito/mockito-all/1.8.5/mockito-all-1.8.5.jar:/root/.m2/repository/org/apache/hadoop/hadoop-kms/3.2.0/hadoop-kms-3.2.0.jar:/root/.m2/repository/org/apache/hadoop/hadoop-auth/3.2.0/hadoop-auth-3.2.0.jar:/root/.m2/repository/com/nimbusds/nimbus-jose-jwt/4.41.1/nimbus-jose-jwt-4.41.1.jar:/root/.m2/repository/com/github/stephenc/jcip/jcip-annotations/1.0-1/jcip-annotations-1.0-1.jar:/root/.m2/repository/net/minidev/json-smart/2.3/json-smart-2.3.jar:/root/.m2/repository/net/minidev/accessors-smart/1.2/accessors-smart-1.2.jar:/root/.m2/repository/org/ow2/asm/asm/5.0.4/asm-5.0.4.jar:/root/.m2/repository/org/apache/curator/curator-framework/2.12.0/curator-framework-2.12.0.jar:/root/.m2/repository/com/sun/jersey/jersey-core/1.19/jersey-core-1.19.jar:/root/.m2/repository/javax/ws/rs/jsr311-api/1.1.1/jsr311-api-1.1.1.jar:/root/.m2/repository/com/sun/jersey/jersey-server/1.19/jersey-server-1.19.jar:/root/.m2/repository/javax/servlet/javax.servlet-api/3.1.0/javax.servlet-api-3.1.0.jar:/root/.m2/repository/org/eclipse/jetty/jetty-server/9.3.24.v20180605/jetty-server-9.3.24.v20180605.jar:/root/.m2/repository/org/eclipse/jetty/jetty-http/9.3.24.v20180605/jetty-http-9.3.24.v20180605.jar:/root/.m2/repository/org/eclipse/jetty/jetty-io/9.3.24.v20180605/jetty-io-9.3.24.v20180605.jar:/root/.m2/repository/org/eclipse/jetty/jetty-webapp/9.3.24.v20180605/jetty-webapp-9.3.24.v20180605.jar:/root/.m2/repository/org/eclipse/jetty/jetty-xml/9.3.24.v20180605/jetty-xml-9.3.24.v20180605.jar:/root/.m2/repository/log4j/log4j/1.2.17/log4j-1.2.17.jar:/root/.m2/repository/org/slf4j/slf4j-api/1.7.25/slf4j-api-1.7.25.jar:/root/.m2/repository/org/slf4j/jul-to-slf4j/1.7.25/jul-to-slf4j-1.7.25.jar:/root/.m2/repository/org/eclipse/jetty/jetty-util/9.3.24.v20180605/jetty-util-9.3.24.v20180605.jar:/root/.m2/repository/io/dropwizard/metrics/metrics-core/3.2.4/metrics-core-3.2.4.jar:/root/.m2/repository/com/fasterxml/jackson/core/jackson-databind/2.9.5/jackson-databind-2.9.5.jar:/root/.m2/repository/org/apache/hadoop/hadoop-kms/3.2.0/hadoop-kms-3.2.0-tests.jar:/root/.m2/repository/org/apache/hadoop/hadoop-hdds-server-scm/0.5.0-SNAPSHOT/hadoop-hdds-server-scm-0.5.0-SNAPSHOT-tests.jar:/root/.m2/repository/org/hamcrest/hamcrest-all/1.3/hamcrest-all-1.3.jar:/root/.m2/repository/info/picocli/picocli/3.9.6/picocli-3.9.6.jar:/root/.m2/repository/org/apache/hadoop/hadoop-hdds-container-service/0.5.0-SNAPSHOT/hadoop-hdds-container-service-0.5.0-SNAPSHOT-tests.jar:/root/.m2/repository/org/yaml/snakeyaml/1.16/snakeyaml-1.16.jar:/root/.m2/repository/org/apache/hadoop/hadoop-common/3.2.0/hadoop-common-3.2.0-tests.jar:/root/.m2/repository/org/apache/hadoop/hadoop-annotations/3.2.0/hadoop-annotations-3.2.0.jar:/usr/lib/jvm/java-1.8-openjdk/jre/../lib/tools.jar:/root/.m2/repository/commons-cli/commons-cli/1.2/commons-cli-1.2.jar:/root/.m2/repository/org/apache/httpcomponents/httpclient/4.5.2/httpclient-4.5.2.jar:/root/.m2/repository/org/apache/httpcomponents/httpcore/4.4.4/httpcore-4.4.4.jar:/root/.m2/repository/commons-codec/commons-codec/1.11/commons-codec-1.11.jar:/root/.m2/repository/commons-net/commons-net/3.6/commons-net-3.6.jar:/root/.m2/repository/commons-collections/commons-collections/3.2.2/commons-collections-3.2.2.jar:/root/.m2/repository/org/eclipse/jetty/jetty-servlet/9.3.24.v20180605/jetty-servlet-9.3.24.v20180605.jar:/root/.m2/repository/org/eclipse/jetty/jetty-security/9.3.24.v20180605/jetty-security-9.3.24.v20180605.jar:/root/.m2/repository/javax/servlet/jsp/jsp-api/2.1/jsp-api-2.1.jar:/root/.m2/repository/com/sun/jersey/jersey-servlet/1.19/jersey-servlet-1.19.jar:/root/.m2/repository/com/sun/jersey/jersey-json/1.19/jersey-json-1.19.jar:/root/.m2/repository/org/codehaus/jettison/jettison/1.1/jettison-1.1.jar:/root/.m2/repository/org/codehaus/jackson/jackson-core-asl/1.9.13/jackson-core-asl-1.9.13.jar:/root/.m2/repository/org/codehaus/jackson/jackson-mapper-asl/1.9.13/jackson-mapper-asl-1.9.13.jar:/root/.m2/repository/org/codehaus/jackson/jackson-jaxrs/1.9.13/jackson-jaxrs-1.9.13.jar:/root/.m2/repository/org/codehaus/jackson/jackson-xc/1.9.13/jackson-xc-1.9.13.jar:/root/.m2/repository/commons-logging/commons-logging/1.1.3/commons-logging-1.1.3.jar:/root/.m2/repository/commons-beanutils/commons-beanutils/1.9.3/commons-beanutils-1.9.3.jar:/root/.m2/repository/org/apache/commons/commons-configuration2/2.1.1/commons-configuration2-2.1.1.jar:/root/.m2/repository/org/apache/commons/commons-lang3/3.7/commons-lang3-3.7.jar:/root/.m2/repository/org/apache/commons/commons-text/1.4/commons-text-1.4.jar:/root/.m2/repository/org/apache/avro/avro/1.7.7/avro-1.7.7.jar:/root/.m2/repository/com/thoughtworks/paranamer/paranamer/2.3/paranamer-2.3.jar:/root/.m2/repository/org/xerial/snappy/snappy-java/1.0.5/snappy-java-1.0.5.jar:/root/.m2/repository/com/google/re2j/re2j/1.1/re2j-1.1.jar:/root/.m2/repository/com/google/code/gson/gson/2.2.4/gson-2.2.4.jar:/root/.m2/repository/com/jcraft/jsch/0.1.54/jsch-0.1.54.jar:/root/.m2/repository/org/apache/curator/curator-client/2.12.0/curator-client-2.12.0.jar:/root/.m2/repository/org/apache/curator/curator-recipes/2.12.0/curator-recipes-2.12.0.jar:/root/.m2/repository/com/google/code/findbugs/jsr305/3.0.0/jsr305-3.0.0.jar:/root/.m2/repository/org/apache/htrace/htrace-core4/4.1.0-incubating/htrace-core4-4.1.0-incubating.jar:/root/.m2/repository/org/apache/zookeeper/zookeeper/3.4.13/zookeeper-3.4.13.jar:/root/.m2/repository/org/apache/yetus/audience-annotations/0.5.0/audience-annotations-0.5.0.jar:/root/.m2/repository/org/codehaus/woodstox/stax2-api/3.1.4/stax2-api-3.1.4.jar:/root/.m2/repository/com/fasterxml/woodstox/woodstox-core/5.0.3/woodstox-core-5.0.3.jar:/root/.m2/repository/dnsjava/dnsjava/2.1.7/dnsjava-2.1.7.jar:/root/.m2/repository/org/apache/hadoop/hadoop-hdfs/3.2.0/hadoop-hdfs-3.2.0-tests.jar:/root/.m2/repository/org/eclipse/jetty/jetty-util-ajax/9.3.24.v20180605/jetty-util-ajax-9.3.24.v20180605.jar:/root/.m2/repository/commons-daemon/commons-daemon/1.0.13/commons-daemon-1.0.13.jar:/root/.m2/repository/io/netty/netty/3.10.5.Final/netty-3.10.5.Final.jar:/root/.m2/repository/io/netty/netty-all/4.0.52.Final/netty-all-4.0.52.Final.jar:/root/.m2/repository/org/fusesource/leveldbjni/leveldbjni-all/1.8/leveldbjni-all-1.8.jar:"/>
    <property name="java.vm.vendor" value="IcedTea"/>
    <property name="sun.arch.data.model" value="64"/>
    <property name="test.build.dir" value="/opt/src/hadoop-ozone/integration-test/target/test-dir"/>
    <property name="test.cache.data" value=""/>
    <property name="java.vendor.url" value="https://icedtea.classpath.org"/>
    <property name="user.timezone" value=""/>
    <property name="java.vm.specification.version" value="1.8"/>
    <property name="os.name" value="Linux"/>
    <property name="test.build.data" value="/opt/src/hadoop-ozone/integration-test/target/test-dir"/>
    <property name="user.country" value="US"/>
    <property name="sun.java.launcher" value="SUN_STANDARD"/>
    <property name="sun.boot.library.path" value="/usr/lib/jvm/java-1.8-openjdk/jre/lib/amd64"/>
    <property name="sun.java.command" value="/opt/src/hadoop-ozone/integration-test/target/surefire/surefirebooter4832040759587882514.jar /opt/src/hadoop-ozone/integration-test/target/surefire 2019-06-14T08-21-37_603-jvmRun1 surefire3693510736471172214tmp surefire_218772463166654587422tmp"/>
    <property name="surefire.test.class.path" value="/opt/src/hadoop-ozone/integration-test/target/test-classes:/opt/src/hadoop-ozone/integration-test/target/classes:/root/.m2/repository/org/apache/hadoop/hadoop-ozone-common/0.5.0-SNAPSHOT/hadoop-ozone-common-0.5.0-SNAPSHOT.jar:/root/.m2/repository/org/apache/commons/commons-compress/1.4.1/commons-compress-1.4.1.jar:/root/.m2/repository/org/tukaani/xz/1.0/xz-1.0.jar:/root/.m2/repository/org/apache/hadoop/hadoop-common/3.2.0/hadoop-common-3.2.0.jar:/root/.m2/repository/org/apache/hadoop/hadoop-hdfs/3.2.0/hadoop-hdfs-3.2.0.jar:/root/.m2/repository/org/apache/hadoop/hadoop-hdfs-client/3.2.0/hadoop-hdfs-client-3.2.0.jar:/root/.m2/repository/com/fasterxml/jackson/core/jackson-annotations/2.9.5/jackson-annotations-2.9.5.jar:/root/.m2/repository/org/apache/hadoop/hadoop-hdds-common/0.5.0-SNAPSHOT/hadoop-hdds-common-0.5.0-SNAPSHOT.jar:/root/.m2/repository/javax/annotation/javax.annotation-api/1.2/javax.annotation-api-1.2.jar:/root/.m2/repository/org/apache/ratis/ratis-server/0.4.0-fe2b15d-SNAPSHOT/ratis-server-0.4.0-fe2b15d-SNAPSHOT.jar:/root/.m2/repository/org/apache/ratis/ratis-thirdparty-misc/0.2.0/ratis-thirdparty-misc-0.2.0.jar:/root/.m2/repository/org/apache/ratis/ratis-proto/0.4.0-fe2b15d-SNAPSHOT/ratis-proto-0.4.0-fe2b15d-SNAPSHOT.jar:/root/.m2/repository/org/apache/ratis/ratis-common/0.4.0-fe2b15d-SNAPSHOT/ratis-common-0.4.0-fe2b15d-SNAPSHOT.jar:/root/.m2/repository/org/apache/ratis/ratis-client/0.4.0-fe2b15d-SNAPSHOT/ratis-client-0.4.0-fe2b15d-SNAPSHOT.jar:/root/.m2/repository/org/apache/ratis/ratis-netty/0.4.0-fe2b15d-SNAPSHOT/ratis-netty-0.4.0-fe2b15d-SNAPSHOT.jar:/root/.m2/repository/org/apache/ratis/ratis-grpc/0.4.0-fe2b15d-SNAPSHOT/ratis-grpc-0.4.0-fe2b15d-SNAPSHOT.jar:/root/.m2/repository/org/rocksdb/rocksdbjni/5.14.2/rocksdbjni-5.14.2.jar:/root/.m2/repository/org/apache/logging/log4j/log4j-api/2.11.0/log4j-api-2.11.0.jar:/root/.m2/repository/org/apache/logging/log4j/log4j-core/2.11.0/log4j-core-2.11.0.jar:/root/.m2/repository/com/lmax/disruptor/3.4.2/disruptor-3.4.2.jar:/root/.m2/repository/org/apache/commons/commons-pool2/2.6.0/commons-pool2-2.6.0.jar:/root/.m2/repository/org/bouncycastle/bcpkix-jdk15on/1.60/bcpkix-jdk15on-1.60.jar:/root/.m2/repository/commons-validator/commons-validator/1.6/commons-validator-1.6.jar:/root/.m2/repository/commons-digester/commons-digester/1.8.1/commons-digester-1.8.1.jar:/root/.m2/repository/io/jaegertracing/jaeger-client/0.33.1/jaeger-client-0.33.1.jar:/root/.m2/repository/io/jaegertracing/jaeger-thrift/0.33.1/jaeger-thrift-0.33.1.jar:/root/.m2/repository/org/apache/thrift/libthrift/0.11.0/libthrift-0.11.0.jar:/root/.m2/repository/com/squareup/okhttp3/okhttp/3.9.0/okhttp-3.9.0.jar:/root/.m2/repository/com/squareup/okio/okio/1.13.0/okio-1.13.0.jar:/root/.m2/repository/io/jaegertracing/jaeger-core/0.33.1/jaeger-core-0.33.1.jar:/root/.m2/repository/io/jaegertracing/jaeger-tracerresolver/0.33.1/jaeger-tracerresolver-0.33.1.jar:/root/.m2/repository/io/opentracing/contrib/opentracing-tracerresolver/0.1.5/opentracing-tracerresolver-0.1.5.jar:/root/.m2/repository/io/opentracing/opentracing-util/0.31.0/opentracing-util-0.31.0.jar:/root/.m2/repository/io/opentracing/opentracing-api/0.31.0/opentracing-api-0.31.0.jar:/root/.m2/repository/io/opentracing/opentracing-noop/0.31.0/opentracing-noop-0.31.0.jar:/root/.m2/repository/org/apache/hadoop/hadoop-hdds-server-framework/0.5.0-SNAPSHOT/hadoop-hdds-server-framework-0.5.0-SNAPSHOT.jar:/root/.m2/repository/org/apache/hadoop/hadoop-hdds-server-scm/0.5.0-SNAPSHOT/hadoop-hdds-server-scm-0.5.0-SNAPSHOT.jar:/root/.m2/repository/org/apache/hadoop/hadoop-hdds-container-service/0.5.0-SNAPSHOT/hadoop-hdds-container-service-0.5.0-SNAPSHOT.jar:/root/.m2/repository/org/apache/hadoop/hadoop-hdds-client/0.5.0-SNAPSHOT/hadoop-hdds-client-0.5.0-SNAPSHOT.jar:/root/.m2/repository/org/apache/hadoop/hadoop-hdds-tools/0.5.0-SNAPSHOT/hadoop-hdds-tools-0.5.0-SNAPSHOT.jar:/root/.m2/repository/org/apache/hadoop/hadoop-ozone-ozone-manager/0.5.0-SNAPSHOT/hadoop-ozone-ozone-manager-0.5.0-SNAPSHOT.jar:/root/.m2/repository/org/apache/hadoop/hadoop-hdds-docs/0.5.0-SNAPSHOT/hadoop-hdds-docs-0.5.0-SNAPSHOT.jar:/root/.m2/repository/org/bouncycastle/bcprov-jdk15on/1.60/bcprov-jdk15on-1.60.jar:/root/.m2/repository/org/apache/hadoop/hadoop-minikdc/3.2.0/hadoop-minikdc-3.2.0.jar:/root/.m2/repository/commons-io/commons-io/2.5/commons-io-2.5.jar:/root/.m2/repository/org/apache/kerby/kerb-simplekdc/1.0.1/kerb-simplekdc-1.0.1.jar:/root/.m2/repository/org/apache/kerby/kerb-client/1.0.1/kerb-client-1.0.1.jar:/root/.m2/repository/org/apache/kerby/kerby-config/1.0.1/kerby-config-1.0.1.jar:/root/.m2/repository/org/apache/kerby/kerb-core/1.0.1/kerb-core-1.0.1.jar:/root/.m2/repository/org/apache/kerby/kerby-pkix/1.0.1/kerby-pkix-1.0.1.jar:/root/.m2/repository/org/apache/kerby/kerby-asn1/1.0.1/kerby-asn1-1.0.1.jar:/root/.m2/repository/org/apache/kerby/kerby-util/1.0.1/kerby-util-1.0.1.jar:/root/.m2/repository/org/apache/kerby/kerb-common/1.0.1/kerb-common-1.0.1.jar:/root/.m2/repository/org/apache/kerby/kerb-crypto/1.0.1/kerb-crypto-1.0.1.jar:/root/.m2/repository/org/apache/kerby/kerb-util/1.0.1/kerb-util-1.0.1.jar:/root/.m2/repository/org/apache/kerby/token-provider/1.0.1/token-provider-1.0.1.jar:/root/.m2/repository/org/apache/kerby/kerb-admin/1.0.1/kerb-admin-1.0.1.jar:/root/.m2/repository/org/apache/kerby/kerb-server/1.0.1/kerb-server-1.0.1.jar:/root/.m2/repository/org/apache/kerby/kerb-identity/1.0.1/kerb-identity-1.0.1.jar:/root/.m2/repository/org/apache/kerby/kerby-xdr/1.0.1/kerby-xdr-1.0.1.jar:/root/.m2/repository/org/slf4j/slf4j-log4j12/1.7.25/slf4j-log4j12-1.7.25.jar:/root/.m2/repository/org/apache/hadoop/hadoop-ozone-objectstore-service/0.5.0-SNAPSHOT/hadoop-ozone-objectstore-service-0.5.0-SNAPSHOT.jar:/root/.m2/repository/org/apache/hadoop/hadoop-ozone-s3gateway/0.5.0-SNAPSHOT/hadoop-ozone-s3gateway-0.5.0-SNAPSHOT.jar:/root/.m2/repository/org/jboss/weld/servlet/weld-servlet/2.4.7.Final/weld-servlet-2.4.7.Final.jar:/root/.m2/repository/org/glassfish/jersey/containers/jersey-container-servlet-core/2.27/jersey-container-servlet-core-2.27.jar:/root/.m2/repository/org/glassfish/hk2/external/javax.inject/2.5.0-b42/javax.inject-2.5.0-b42.jar:/root/.m2/repository/org/glassfish/jersey/core/jersey-common/2.27/jersey-common-2.27.jar:/root/.m2/repository/org/glassfish/hk2/osgi-resource-locator/1.0.1/osgi-resource-locator-1.0.1.jar:/root/.m2/repository/javax/ws/rs/javax.ws.rs-api/2.1/javax.ws.rs-api-2.1.jar:/root/.m2/repository/org/glassfish/jersey/ext/cdi/jersey-cdi1x/2.27/jersey-cdi1x-2.27.jar:/root/.m2/repository/org/glassfish/jersey/inject/jersey-hk2/2.27/jersey-hk2-2.27.jar:/root/.m2/repository/org/glassfish/hk2/hk2-locator/2.5.0-b42/hk2-locator-2.5.0-b42.jar:/root/.m2/repository/org/javassist/javassist/3.22.0-CR2/javassist-3.22.0-CR2.jar:/root/.m2/repository/org/glassfish/hk2/hk2-api/2.5.0/hk2-api-2.5.0.jar:/root/.m2/repository/org/glassfish/hk2/external/jakarta.inject/2.5.0/jakarta.inject-2.5.0.jar:/root/.m2/repository/org/glassfish/hk2/hk2-utils/2.5.0/hk2-utils-2.5.0.jar:/root/.m2/repository/jakarta/annotation/jakarta.annotation-api/1.3.4/jakarta.annotation-api-1.3.4.jar:/root/.m2/repository/org/glassfish/hk2/external/aopalliance-repackaged/2.5.0/aopalliance-repackaged-2.5.0.jar:/root/.m2/repository/com/fasterxml/jackson/dataformat/jackson-dataformat-xml/2.9.0/jackson-dataformat-xml-2.9.0.jar:/root/.m2/repository/com/fasterxml/jackson/core/jackson-core/2.9.5/jackson-core-2.9.5.jar:/root/.m2/repository/com/fasterxml/jackson/module/jackson-module-jaxb-annotations/2.9.5/jackson-module-jaxb-annotations-2.9.5.jar:/root/.m2/repository/javax/enterprise/cdi-api/1.2/cdi-api-1.2.jar:/root/.m2/repository/javax/el/javax.el-api/3.0.0/javax.el-api-3.0.0.jar:/root/.m2/repository/javax/interceptor/javax.interceptor-api/1.2/javax.interceptor-api-1.2.jar:/root/.m2/repository/javax/inject/javax.inject/1/javax.inject-1.jar:/root/.m2/repository/com/sun/xml/bind/jaxb-impl/2.3.0.1/jaxb-impl-2.3.0.1.jar:/root/.m2/repository/com/sun/xml/bind/jaxb-core/2.3.0.1/jaxb-core-2.3.0.1.jar:/root/.m2/repository/javax/xml/bind/jaxb-api/2.3.0/jaxb-api-2.3.0.jar:/root/.m2/repository/javax/activation/activation/1.1.1/activation-1.1.1.jar:/root/.m2/repository/org/apache/hadoop/hadoop-ozone-csi/0.5.0-SNAPSHOT/hadoop-ozone-csi-0.5.0-SNAPSHOT.jar:/root/.m2/repository/com/google/protobuf/protobuf-java-util/3.5.1/protobuf-java-util-3.5.1.jar:/root/.m2/repository/org/apache/hadoop/hadoop-hdds-config/0.5.0-SNAPSHOT/hadoop-hdds-config-0.5.0-SNAPSHOT.jar:/root/.m2/repository/com/google/guava/guava/11.0.2/guava-11.0.2.jar:/root/.m2/repository/com/google/protobuf/protobuf-java/2.5.0/protobuf-java-2.5.0.jar:/root/.m2/repository/io/grpc/grpc-netty/1.17.1/grpc-netty-1.17.1.jar:/root/.m2/repository/io/grpc/grpc-core/1.17.1/grpc-core-1.17.1.jar:/root/.m2/repository/io/grpc/grpc-context/1.17.1/grpc-context-1.17.1.jar:/root/.m2/repository/com/google/errorprone/error_prone_annotations/2.2.0/error_prone_annotations-2.2.0.jar:/root/.m2/repository/org/codehaus/mojo/animal-sniffer-annotations/1.17/animal-sniffer-annotations-1.17.jar:/root/.m2/repository/io/opencensus/opencensus-api/0.17.0/opencensus-api-0.17.0.jar:/root/.m2/repository/io/opencensus/opencensus-contrib-grpc-metrics/0.17.0/opencensus-contrib-grpc-metrics-0.17.0.jar:/root/.m2/repository/io/netty/netty-codec-http2/4.1.30.Final/netty-codec-http2-4.1.30.Final.jar:/root/.m2/repository/io/netty/netty-codec-http/4.1.30.Final/netty-codec-http-4.1.30.Final.jar:/root/.m2/repository/io/netty/netty-codec/4.1.30.Final/netty-codec-4.1.30.Final.jar:/root/.m2/repository/io/netty/netty-handler/4.1.30.Final/netty-handler-4.1.30.Final.jar:/root/.m2/repository/io/netty/netty-handler-proxy/4.1.30.Final/netty-handler-proxy-4.1.30.Final.jar:/root/.m2/repository/io/netty/netty-codec-socks/4.1.30.Final/netty-codec-socks-4.1.30.Final.jar:/root/.m2/repository/io/netty/netty-transport-native-epoll/4.1.30.Final/netty-transport-native-epoll-4.1.30.Final.jar:/root/.m2/repository/io/netty/netty-common/4.1.30.Final/netty-common-4.1.30.Final.jar:/root/.m2/repository/io/netty/netty-buffer/4.1.30.Final/netty-buffer-4.1.30.Final.jar:/root/.m2/repository/io/netty/netty-transport/4.1.30.Final/netty-transport-4.1.30.Final.jar:/root/.m2/repository/io/netty/netty-resolver/4.1.30.Final/netty-resolver-4.1.30.Final.jar:/root/.m2/repository/io/netty/netty-transport-native-unix-common/4.1.30.Final/netty-transport-native-unix-common-4.1.30.Final.jar:/root/.m2/repository/io/grpc/grpc-protobuf/1.17.1/grpc-protobuf-1.17.1.jar:/root/.m2/repository/com/google/api/grpc/proto-google-common-protos/1.0.0/proto-google-common-protos-1.0.0.jar:/root/.m2/repository/io/grpc/grpc-protobuf-lite/1.17.1/grpc-protobuf-lite-1.17.1.jar:/root/.m2/repository/io/grpc/grpc-stub/1.17.1/grpc-stub-1.17.1.jar:/root/.m2/repository/org/apache/hadoop/hadoop-ozone-recon/0.5.0-SNAPSHOT/hadoop-ozone-recon-0.5.0-SNAPSHOT.jar:/root/.m2/repository/org/apache/hadoop/hadoop-ozone-reconcodegen/0.5.0-SNAPSHOT/hadoop-ozone-reconcodegen-0.5.0-SNAPSHOT.jar:/root/.m2/repository/com/google/inject/extensions/guice-multibindings/4.0/guice-multibindings-4.0.jar:/root/.m2/repository/com/google/inject/guice/4.0/guice-4.0.jar:/root/.m2/repository/aopalliance/aopalliance/1.0/aopalliance-1.0.jar:/root/.m2/repository/com/google/inject/extensions/guice-servlet/4.0/guice-servlet-4.0.jar:/root/.m2/repository/org/glassfish/jersey/containers/jersey-container-servlet/2.27/jersey-container-servlet-2.27.jar:/root/.m2/repository/org/glassfish/hk2/guice-bridge/2.5.0/guice-bridge-2.5.0.jar:/root/.m2/repository/org/glassfish/jersey/core/jersey-server/2.27/jersey-server-2.27.jar:/root/.m2/repository/org/glassfish/jersey/core/jersey-client/2.27/jersey-client-2.27.jar:/root/.m2/repository/org/glassfish/jersey/media/jersey-media-jaxb/2.27/jersey-media-jaxb-2.27.jar:/root/.m2/repository/javax/validation/validation-api/1.1.0.Final/validation-api-1.1.0.Final.jar:/root/.m2/repository/org/glassfish/jersey/media/jersey-media-json-jackson/2.27/jersey-media-json-jackson-2.27.jar:/root/.m2/repository/org/glassfish/jersey/ext/jersey-entity-filtering/2.27/jersey-entity-filtering-2.27.jar:/root/.m2/repository/com/google/inject/extensions/guice-assistedinject/4.0/guice-assistedinject-4.0.jar:/root/.m2/repository/org/jooq/jooq/3.11.10/jooq-3.11.10.jar:/root/.m2/repository/org/jooq/jooq-meta/3.11.10/jooq-meta-3.11.10.jar:/root/.m2/repository/org/jooq/jooq-codegen/3.11.10/jooq-codegen-3.11.10.jar:/root/.m2/repository/com/jolbox/bonecp/0.8.0.RELEASE/bonecp-0.8.0.RELEASE.jar:/root/.m2/repository/org/xerial/sqlite-jdbc/3.25.2/sqlite-jdbc-3.25.2.jar:/root/.m2/repository/org/springframework/spring-jdbc/5.1.3.RELEASE/spring-jdbc-5.1.3.RELEASE.jar:/root/.m2/repository/org/springframework/spring-beans/5.1.3.RELEASE/spring-beans-5.1.3.RELEASE.jar:/root/.m2/repository/org/springframework/spring-core/5.1.3.RELEASE/spring-core-5.1.3.RELEASE.jar:/root/.m2/repository/org/springframework/spring-jcl/5.1.3.RELEASE/spring-jcl-5.1.3.RELEASE.jar:/root/.m2/repository/org/springframework/spring-tx/5.1.3.RELEASE/spring-tx-5.1.3.RELEASE.jar:/root/.m2/repository/org/apache/hadoop/hadoop-ozone-client/0.5.0-SNAPSHOT/hadoop-ozone-client-0.5.0-SNAPSHOT.jar:/root/.m2/repository/org/apache/hadoop/hadoop-ozone-ozone-manager/0.5.0-SNAPSHOT/hadoop-ozone-ozone-manager-0.5.0-SNAPSHOT-tests.jar:/root/.m2/repository/junit/junit/4.11/junit-4.11.jar:/root/.m2/repository/org/hamcrest/hamcrest-core/1.3/hamcrest-core-1.3.jar:/root/.m2/repository/org/openjdk/jmh/jmh-core/1.19/jmh-core-1.19.jar:/root/.m2/repository/net/sf/jopt-simple/jopt-simple/4.6/jopt-simple-4.6.jar:/root/.m2/repository/org/apache/commons/commons-math3/3.1.1/commons-math3-3.1.1.jar:/root/.m2/repository/org/openjdk/jmh/jmh-generator-annprocess/1.19/jmh-generator-annprocess-1.19.jar:/root/.m2/repository/org/mockito/mockito-all/1.8.5/mockito-all-1.8.5.jar:/root/.m2/repository/org/apache/hadoop/hadoop-kms/3.2.0/hadoop-kms-3.2.0.jar:/root/.m2/repository/org/apache/hadoop/hadoop-auth/3.2.0/hadoop-auth-3.2.0.jar:/root/.m2/repository/com/nimbusds/nimbus-jose-jwt/4.41.1/nimbus-jose-jwt-4.41.1.jar:/root/.m2/repository/com/github/stephenc/jcip/jcip-annotations/1.0-1/jcip-annotations-1.0-1.jar:/root/.m2/repository/net/minidev/json-smart/2.3/json-smart-2.3.jar:/root/.m2/repository/net/minidev/accessors-smart/1.2/accessors-smart-1.2.jar:/root/.m2/repository/org/ow2/asm/asm/5.0.4/asm-5.0.4.jar:/root/.m2/repository/org/apache/curator/curator-framework/2.12.0/curator-framework-2.12.0.jar:/root/.m2/repository/com/sun/jersey/jersey-core/1.19/jersey-core-1.19.jar:/root/.m2/repository/javax/ws/rs/jsr311-api/1.1.1/jsr311-api-1.1.1.jar:/root/.m2/repository/com/sun/jersey/jersey-server/1.19/jersey-server-1.19.jar:/root/.m2/repository/javax/servlet/javax.servlet-api/3.1.0/javax.servlet-api-3.1.0.jar:/root/.m2/repository/org/eclipse/jetty/jetty-server/9.3.24.v20180605/jetty-server-9.3.24.v20180605.jar:/root/.m2/repository/org/eclipse/jetty/jetty-http/9.3.24.v20180605/jetty-http-9.3.24.v20180605.jar:/root/.m2/repository/org/eclipse/jetty/jetty-io/9.3.24.v20180605/jetty-io-9.3.24.v20180605.jar:/root/.m2/repository/org/eclipse/jetty/jetty-webapp/9.3.24.v20180605/jetty-webapp-9.3.24.v20180605.jar:/root/.m2/repository/org/eclipse/jetty/jetty-xml/9.3.24.v20180605/jetty-xml-9.3.24.v20180605.jar:/root/.m2/repository/log4j/log4j/1.2.17/log4j-1.2.17.jar:/root/.m2/repository/org/slf4j/slf4j-api/1.7.25/slf4j-api-1.7.25.jar:/root/.m2/repository/org/slf4j/jul-to-slf4j/1.7.25/jul-to-slf4j-1.7.25.jar:/root/.m2/repository/org/eclipse/jetty/jetty-util/9.3.24.v20180605/jetty-util-9.3.24.v20180605.jar:/root/.m2/repository/io/dropwizard/metrics/metrics-core/3.2.4/metrics-core-3.2.4.jar:/root/.m2/repository/com/fasterxml/jackson/core/jackson-databind/2.9.5/jackson-databind-2.9.5.jar:/root/.m2/repository/org/apache/hadoop/hadoop-kms/3.2.0/hadoop-kms-3.2.0-tests.jar:/root/.m2/repository/org/apache/hadoop/hadoop-hdds-server-scm/0.5.0-SNAPSHOT/hadoop-hdds-server-scm-0.5.0-SNAPSHOT-tests.jar:/root/.m2/repository/org/hamcrest/hamcrest-all/1.3/hamcrest-all-1.3.jar:/root/.m2/repository/info/picocli/picocli/3.9.6/picocli-3.9.6.jar:/root/.m2/repository/org/apache/hadoop/hadoop-hdds-container-service/0.5.0-SNAPSHOT/hadoop-hdds-container-service-0.5.0-SNAPSHOT-tests.jar:/root/.m2/repository/org/yaml/snakeyaml/1.16/snakeyaml-1.16.jar:/root/.m2/repository/org/apache/hadoop/hadoop-common/3.2.0/hadoop-common-3.2.0-tests.jar:/root/.m2/repository/org/apache/hadoop/hadoop-annotations/3.2.0/hadoop-annotations-3.2.0.jar:/usr/lib/jvm/java-1.8-openjdk/jre/../lib/tools.jar:/root/.m2/repository/commons-cli/commons-cli/1.2/commons-cli-1.2.jar:/root/.m2/repository/org/apache/httpcomponents/httpclient/4.5.2/httpclient-4.5.2.jar:/root/.m2/repository/org/apache/httpcomponents/httpcore/4.4.4/httpcore-4.4.4.jar:/root/.m2/repository/commons-codec/commons-codec/1.11/commons-codec-1.11.jar:/root/.m2/repository/commons-net/commons-net/3.6/commons-net-3.6.jar:/root/.m2/repository/commons-collections/commons-collections/3.2.2/commons-collections-3.2.2.jar:/root/.m2/repository/org/eclipse/jetty/jetty-servlet/9.3.24.v20180605/jetty-servlet-9.3.24.v20180605.jar:/root/.m2/repository/org/eclipse/jetty/jetty-security/9.3.24.v20180605/jetty-security-9.3.24.v20180605.jar:/root/.m2/repository/javax/servlet/jsp/jsp-api/2.1/jsp-api-2.1.jar:/root/.m2/repository/com/sun/jersey/jersey-servlet/1.19/jersey-servlet-1.19.jar:/root/.m2/repository/com/sun/jersey/jersey-json/1.19/jersey-json-1.19.jar:/root/.m2/repository/org/codehaus/jettison/jettison/1.1/jettison-1.1.jar:/root/.m2/repository/org/codehaus/jackson/jackson-core-asl/1.9.13/jackson-core-asl-1.9.13.jar:/root/.m2/repository/org/codehaus/jackson/jackson-mapper-asl/1.9.13/jackson-mapper-asl-1.9.13.jar:/root/.m2/repository/org/codehaus/jackson/jackson-jaxrs/1.9.13/jackson-jaxrs-1.9.13.jar:/root/.m2/repository/org/codehaus/jackson/jackson-xc/1.9.13/jackson-xc-1.9.13.jar:/root/.m2/repository/commons-logging/commons-logging/1.1.3/commons-logging-1.1.3.jar:/root/.m2/repository/commons-beanutils/commons-beanutils/1.9.3/commons-beanutils-1.9.3.jar:/root/.m2/repository/org/apache/commons/commons-configuration2/2.1.1/commons-configuration2-2.1.1.jar:/root/.m2/repository/org/apache/commons/commons-lang3/3.7/commons-lang3-3.7.jar:/root/.m2/repository/org/apache/commons/commons-text/1.4/commons-text-1.4.jar:/root/.m2/repository/org/apache/avro/avro/1.7.7/avro-1.7.7.jar:/root/.m2/repository/com/thoughtworks/paranamer/paranamer/2.3/paranamer-2.3.jar:/root/.m2/repository/org/xerial/snappy/snappy-java/1.0.5/snappy-java-1.0.5.jar:/root/.m2/repository/com/google/re2j/re2j/1.1/re2j-1.1.jar:/root/.m2/repository/com/google/code/gson/gson/2.2.4/gson-2.2.4.jar:/root/.m2/repository/com/jcraft/jsch/0.1.54/jsch-0.1.54.jar:/root/.m2/repository/org/apache/curator/curator-client/2.12.0/curator-client-2.12.0.jar:/root/.m2/repository/org/apache/curator/curator-recipes/2.12.0/curator-recipes-2.12.0.jar:/root/.m2/repository/com/google/code/findbugs/jsr305/3.0.0/jsr305-3.0.0.jar:/root/.m2/repository/org/apache/htrace/htrace-core4/4.1.0-incubating/htrace-core4-4.1.0-incubating.jar:/root/.m2/repository/org/apache/zookeeper/zookeeper/3.4.13/zookeeper-3.4.13.jar:/root/.m2/repository/org/apache/yetus/audience-annotations/0.5.0/audience-annotations-0.5.0.jar:/root/.m2/repository/org/codehaus/woodstox/stax2-api/3.1.4/stax2-api-3.1.4.jar:/root/.m2/repository/com/fasterxml/woodstox/woodstox-core/5.0.3/woodstox-core-5.0.3.jar:/root/.m2/repository/dnsjava/dnsjava/2.1.7/dnsjava-2.1.7.jar:/root/.m2/repository/org/apache/hadoop/hadoop-hdfs/3.2.0/hadoop-hdfs-3.2.0-tests.jar:/root/.m2/repository/org/eclipse/jetty/jetty-util-ajax/9.3.24.v20180605/jetty-util-ajax-9.3.24.v20180605.jar:/root/.m2/repository/commons-daemon/commons-daemon/1.0.13/commons-daemon-1.0.13.jar:/root/.m2/repository/io/netty/netty/3.10.5.Final/netty-3.10.5.Final.jar:/root/.m2/repository/io/netty/netty-all/4.0.52.Final/netty-all-4.0.52.Final.jar:/root/.m2/repository/org/fusesource/leveldbjni/leveldbjni-all/1.8/leveldbjni-all-1.8.jar:"/>
    <property name="sun.cpu.endian" value="little"/>
    <property name="user.home" value="/root"/>
    <property name="user.language" value="en"/>
    <property name="java.specification.vendor" value="Oracle Corporation"/>
    <property name="java.home" value="/usr/lib/jvm/java-1.8-openjdk/jre"/>
    <property name="java.security.krb5.conf" value="/opt/src/hadoop-ozone/integration-test/target/test-classes/krb5.conf"/>
    <property name="basedir" value="/opt/src/hadoop-ozone/integration-test"/>
    <property name="file.separator" value="/"/>
    <property name="line.separator" value="&#10;"/>
    <property name="java.vm.specification.vendor" value="Oracle Corporation"/>
    <property name="java.specification.name" value="Java Platform API Specification"/>
    <property name="java.awt.graphicsenv" value="sun.awt.X11GraphicsEnvironment"/>
    <property name="surefire.real.class.path" value="/opt/src/hadoop-ozone/integration-test/target/surefire/surefirebooter4832040759587882514.jar"/>
    <property name="hadoop.log.dir" value="/opt/src/hadoop-ozone/integration-test/target/log"/>
    <property name="sun.boot.class.path" value="/usr/lib/jvm/java-1.8-openjdk/jre/lib/resources.jar:/usr/lib/jvm/java-1.8-openjdk/jre/lib/rt.jar:/usr/lib/jvm/java-1.8-openjdk/jre/lib/sunrsasign.jar:/usr/lib/jvm/java-1.8-openjdk/jre/lib/jsse.jar:/usr/lib/jvm/java-1.8-openjdk/jre/lib/jce.jar:/usr/lib/jvm/java-1.8-openjdk/jre/lib/charsets.jar:/usr/lib/jvm/java-1.8-openjdk/jre/lib/jfr.jar:/usr/lib/jvm/java-1.8-openjdk/jre/classes"/>
    <property name="sun.management.compiler" value="HotSpot 64-Bit Tiered Compilers"/>
    <property name="java.runtime.version" value="1.8.0_212-b04"/>
    <property name="java.net.preferIPv4Stack" value="true"/>
    <property name="user.name" value="root"/>
    <property name="path.separator" value=":"/>
    <property name="java.security.egd" value="file:///dev/urandom"/>
    <property name="os.version" value="4.15.0-1021-aws"/>
    <property name="java.endorsed.dirs" value="/usr/lib/jvm/java-1.8-openjdk/jre/lib/endorsed"/>
    <property name="java.runtime.name" value="OpenJDK Runtime Environment"/>
    <property name="file.encoding" value="UTF-8"/>
    <property name="java.vm.name" value="OpenJDK 64-Bit Server VM"/>
    <property name="test.build.webapps" value=""/>
    <property name="localRepository" value="/root/.m2/repository"/>
    <property name="java.vendor.url.bug" value="https://icedtea.classpath.org/bugzilla"/>
    <property name="java.io.tmpdir" value="/tmp"/>
    <property name="require.test.libhadoop" value=""/>
    <property name="java.version" value="1.8.0_212"/>
    <property name="user.dir" value="/opt/src/hadoop-ozone/integration-test"/>
    <property name="os.arch" value="amd64"/>
    <property name="java.vm.specification.name" value="Java Virtual Machine Specification"/>
    <property name="test.build.classes" value="/opt/src/hadoop-ozone/integration-test/target/test-classes"/>
    <property name="java.awt.printerjob" value="sun.print.PSPrinterJob"/>
    <property name="sun.os.patch.level" value="unknown"/>
    <property name="hadoop.tmp.dir" value="/opt/src/hadoop-ozone/integration-test/target/tmp"/>
    <property name="java.library.path" value="/usr/lib/jvm/java-1.8-openjdk/jre/lib/amd64/server:/usr/lib/jvm/java-1.8-openjdk/jre/lib/amd64:/usr/lib/jvm/java-1.8-openjdk/jre/../lib/amd64:/opt/src/hadoop-ozone/integration-test/target/native/target/usr/local/lib:/opt/src/hadoop-ozone/integration-test/../../hadoop-common-project/hadoop-common/target/native/target/usr/local/lib:/usr/java/packages/lib/amd64:/usr/lib64:/lib64:/lib:/usr/lib"/>
    <property name="java.vm.info" value="mixed mode"/>
    <property name="java.vendor" value="IcedTea"/>
    <property name="java.vm.version" value="25.212-b04"/>
    <property name="java.ext.dirs" value="/usr/lib/jvm/java-1.8-openjdk/jre/lib/ext:/usr/java/packages/lib/ext"/>
    <property name="sun.io.unicode.encoding" value="UnicodeLittle"/>
    <property name="java.class.version" value="52.0"/>
  </properties>
  <testcase name="testWatchForCommitWithKeyWrite" classname="org.apache.hadoop.ozone.client.rpc.TestWatchForCommit" time="21.876"/>
  <testcase name="testWatchForCommitWithSmallerTimeoutValue" classname="org.apache.hadoop.ozone.client.rpc.TestWatchForCommit" time="14.98"/>
  <testcase name="testWatchForCommitForRetryfailure" classname="org.apache.hadoop.ozone.client.rpc.TestWatchForCommit" time="47.754">
    <failure type="java.lang.AssertionError">java.lang.AssertionError
	at org.junit.Assert.fail(Assert.java:86)
	at org.junit.Assert.assertTrue(Assert.java:41)
	at org.junit.Assert.assertTrue(Assert.java:52)
	at org.apache.hadoop.ozone.client.rpc.TestWatchForCommit.testWatchForCommitForRetryfailure(TestWatchForCommit.java:350)
	at sun.reflect.NativeMethodAccessorImpl.invoke0(Native Method)
	at sun.reflect.NativeMethodAccessorImpl.invoke(NativeMethodAccessorImpl.java:62)
	at sun.reflect.DelegatingMethodAccessorImpl.invoke(DelegatingMethodAccessorImpl.java:43)
	at java.lang.reflect.Method.invoke(Method.java:498)
	at org.junit.runners.model.FrameworkMethod$1.runReflectiveCall(FrameworkMethod.java:47)
	at org.junit.internal.runners.model.ReflectiveCallable.run(ReflectiveCallable.java:12)
	at org.junit.runners.model.FrameworkMethod.invokeExplosively(FrameworkMethod.java:44)
	at org.junit.internal.runners.statements.InvokeMethod.evaluate(InvokeMethod.java:17)
	at org.junit.runners.ParentRunner.runLeaf(ParentRunner.java:271)
	at org.junit.runners.BlockJUnit4ClassRunner.runChild(BlockJUnit4ClassRunner.java:70)
	at org.junit.runners.BlockJUnit4ClassRunner.runChild(BlockJUnit4ClassRunner.java:50)
	at org.junit.runners.ParentRunner$3.run(ParentRunner.java:238)
	at org.junit.runners.ParentRunner$1.schedule(ParentRunner.java:63)
	at org.junit.runners.ParentRunner.runChildren(ParentRunner.java:236)
	at org.junit.runners.ParentRunner.access$000(ParentRunner.java:53)
	at org.junit.runners.ParentRunner$2.evaluate(ParentRunner.java:229)
	at org.junit.runners.ParentRunner.run(ParentRunner.java:309)
	at org.apache.maven.surefire.junit4.JUnit4Provider.execute(JUnit4Provider.java:365)
	at org.apache.maven.surefire.junit4.JUnit4Provider.executeWithRerun(JUnit4Provider.java:273)
	at org.apache.maven.surefire.junit4.JUnit4Provider.executeTestSet(JUnit4Provider.java:238)
	at org.apache.maven.surefire.junit4.JUnit4Provider.invoke(JUnit4Provider.java:159)
	at org.apache.maven.surefire.booter.ForkedBooter.invokeProviderInSameClassLoader(ForkedBooter.java:384)
	at org.apache.maven.surefire.booter.ForkedBooter.runSuitesInProcess(ForkedBooter.java:345)
	at org.apache.maven.surefire.booter.ForkedBooter.execute(ForkedBooter.java:126)
	at org.apache.maven.surefire.booter.ForkedBooter.main(ForkedBooter.java:418)
</failure>
    <system-out><![CDATA[2019-06-14 08:36:10,266 WARN  server.ServerUtils (ServerUtils.java:getScmDbDir(145)) - ozone.scm.db.dirs is not configured. We recommend adding this setting. Falling back to ozone.metadata.dirs instead.
2019-06-14 08:36:10,270 WARN  server.ServerUtils (ServerUtils.java:getScmDbDir(145)) - ozone.scm.db.dirs is not configured. We recommend adding this setting. Falling back to ozone.metadata.dirs instead.
2019-06-14 08:36:10,270 WARN  server.ServerUtils (ServerUtils.java:getScmDbDir(145)) - ozone.scm.db.dirs is not configured. We recommend adding this setting. Falling back to ozone.metadata.dirs instead.
2019-06-14 08:36:10,270 INFO  db.DBStoreBuilder (DBStoreBuilder.java:addTable(110)) - using custom profile for table: deletedBlocks
2019-06-14 08:36:10,270 INFO  db.DBStoreBuilder (DBStoreBuilder.java:processTables(161)) - Using default column profile:DBProfile.DISK for Table:deletedBlocks
2019-06-14 08:36:10,270 INFO  db.DBStoreBuilder (DBStoreBuilder.java:addTable(110)) - using custom profile for table: validCerts
2019-06-14 08:36:10,271 INFO  db.DBStoreBuilder (DBStoreBuilder.java:processTables(161)) - Using default column profile:DBProfile.DISK for Table:validCerts
2019-06-14 08:36:10,271 INFO  db.DBStoreBuilder (DBStoreBuilder.java:addTable(110)) - using custom profile for table: revokedCerts
2019-06-14 08:36:10,271 INFO  db.DBStoreBuilder (DBStoreBuilder.java:processTables(161)) - Using default column profile:DBProfile.DISK for Table:revokedCerts
2019-06-14 08:36:10,271 INFO  db.DBStoreBuilder (DBStoreBuilder.java:addTable(110)) - using custom profile for table: default
2019-06-14 08:36:10,271 INFO  db.DBStoreBuilder (DBStoreBuilder.java:processTables(167)) - Using default column profile:DBProfile.DISK for Table:default
2019-06-14 08:36:10,271 INFO  db.DBStoreBuilder (DBStoreBuilder.java:getDbProfile(198)) - Using default options. DBProfile.DISK
2019-06-14 08:36:10,311 WARN  server.ServerUtils (ServerUtils.java:sanitizeUserArgs(70)) - ozone.scm.stale.node.interval value = 300000 is larger than max = 100000 based on the key value of ozone.scm.heartbeat.thread.interval, reset to the max value 100000.
2019-06-14 08:36:10,311 WARN  server.ServerUtils (ServerUtils.java:sanitizeUserArgs(70)) - ozone.scm.stale.node.interval value = 300000 is larger than max = 100000 based on the key value of ozone.scm.heartbeat.thread.interval, reset to the max value 100000.
2019-06-14 08:36:10,311 INFO  node.SCMNodeManager (SCMNodeManager.java:<init>(108)) - Entering startup safe mode.
2019-06-14 08:36:10,312 INFO  net.NodeSchemaLoader (NodeSchemaLoader.java:loadSchemaFromFile(125)) - Loading file from sun.misc.CompoundEnumeration@10dbf660
2019-06-14 08:36:10,312 INFO  net.NodeSchemaLoader (NodeSchemaLoader.java:loadSchema(171)) - Loading network topology layer schema file
2019-06-14 08:36:10,314 WARN  server.ServerUtils (ServerUtils.java:getScmDbDir(145)) - ozone.scm.db.dirs is not configured. We recommend adding this setting. Falling back to ozone.metadata.dirs instead.
2019-06-14 08:36:10,328 INFO  pipeline.SCMPipelineManager (SCMPipelineManager.java:initializePipelineState(126)) - No pipeline exists in current db
2019-06-14 08:36:10,328 WARN  server.ServerUtils (ServerUtils.java:getScmDbDir(145)) - ozone.scm.db.dirs is not configured. We recommend adding this setting. Falling back to ozone.metadata.dirs instead.
2019-06-14 08:36:10,342 WARN  events.EventQueue (EventQueue.java:fireEvent(175)) - No event handler registered for event TypedEvent{payloadType=SafeModeStatus, name='SafeModeStatus'}
2019-06-14 08:36:10,343 INFO  ipc.CallQueueManager (CallQueueManager.java:<init>(84)) - Using callQueue: class java.util.concurrent.LinkedBlockingQueue, queueCapacity: 2000, scheduler: class org.apache.hadoop.ipc.DefaultRpcScheduler, ipcBackoff: false.
2019-06-14 08:36:10,343 INFO  ipc.Server (Server.java:run(1074)) - Starting Socket Reader #1 for port 39833
2019-06-14 08:36:10,348 INFO  ipc.CallQueueManager (CallQueueManager.java:<init>(84)) - Using callQueue: class java.util.concurrent.LinkedBlockingQueue, queueCapacity: 2000, scheduler: class org.apache.hadoop.ipc.DefaultRpcScheduler, ipcBackoff: false.
2019-06-14 08:36:10,349 INFO  ipc.Server (Server.java:run(1074)) - Starting Socket Reader #1 for port 41293
2019-06-14 08:36:10,350 INFO  ipc.CallQueueManager (CallQueueManager.java:<init>(84)) - Using callQueue: class java.util.concurrent.LinkedBlockingQueue, queueCapacity: 2000, scheduler: class org.apache.hadoop.ipc.DefaultRpcScheduler, ipcBackoff: false.
2019-06-14 08:36:10,351 INFO  ipc.Server (Server.java:run(1074)) - Starting Socket Reader #1 for port 44423
2019-06-14 08:36:10,355 INFO  hdfs.DFSUtil (DFSUtil.java:httpServerTemplateForNNAndJN(1641)) - Starting Web-server for scm at: http://0.0.0.0:0
2019-06-14 08:36:10,356 INFO  server.AuthenticationFilter (AuthenticationFilter.java:constructSecretProvider(240)) - Unable to initialize FileSignerSecretProvider, falling back to use random secrets.
2019-06-14 08:36:10,357 WARN  http.HttpRequestLog (HttpRequestLog.java:getRequestLog(97)) - Jetty request log can only be enabled using Log4j
2019-06-14 08:36:10,358 INFO  http.HttpServer2 (HttpServer2.java:addGlobalFilter(975)) - Added global filter 'safety' (class=org.apache.hadoop.http.HttpServer2$QuotingInputFilter)
2019-06-14 08:36:10,358 INFO  http.HttpServer2 (HttpServer2.java:addFilter(948)) - Added filter static_user_filter (class=org.apache.hadoop.http.lib.StaticUserWebFilter$StaticUserFilter) to context scm
2019-06-14 08:36:10,358 INFO  http.HttpServer2 (HttpServer2.java:addFilter(958)) - Added filter static_user_filter (class=org.apache.hadoop.http.lib.StaticUserWebFilter$StaticUserFilter) to context static
2019-06-14 08:36:10,358 INFO  http.HttpServer2 (HttpServer2.java:addFilter(958)) - Added filter static_user_filter (class=org.apache.hadoop.http.lib.StaticUserWebFilter$StaticUserFilter) to context logs
2019-06-14 08:36:10,361 INFO  server.StorageContainerManager (StorageContainerManager.java:start(752)) - StorageContainerLocationProtocol RPC server is listening at /0.0.0.0:44423
2019-06-14 08:36:10,361 INFO  impl.MetricsSystemImpl (MetricsSystemImpl.java:init(158)) - StorageContainerManager metrics system started (again)
2019-06-14 08:36:10,362 INFO  server.SCMClientProtocolServer (SCMClientProtocolServer.java:start(149)) - RPC server for Client  is listening at /0.0.0.0:44423
2019-06-14 08:36:10,362 INFO  ipc.Server (Server.java:run(1314)) - IPC Server Responder: starting
2019-06-14 08:36:10,362 INFO  ipc.Server (Server.java:run(1153)) - IPC Server listener on 44423: starting
2019-06-14 08:36:10,365 INFO  server.StorageContainerManager (StorageContainerManager.java:start(761)) - ScmBlockLocationProtocol RPC server is listening at /0.0.0.0:41293
2019-06-14 08:36:10,365 INFO  server.SCMBlockProtocolServer (SCMBlockProtocolServer.java:start(137)) - RPC server for Block Protocol is listening at /0.0.0.0:41293
2019-06-14 08:36:10,365 INFO  ipc.Server (Server.java:run(1314)) - IPC Server Responder: starting
2019-06-14 08:36:10,366 INFO  ipc.Server (Server.java:run(1153)) - IPC Server listener on 41293: starting
2019-06-14 08:36:10,368 INFO  server.StorageContainerManager (StorageContainerManager.java:start(765)) - ScmDatanodeProtocl RPC server is listening at /0.0.0.0:39833
2019-06-14 08:36:10,368 INFO  server.SCMDatanodeProtocolServer (SCMDatanodeProtocolServer.java:start(191)) - RPC server for DataNodes is listening at /0.0.0.0:39833
2019-06-14 08:36:10,368 INFO  ipc.Server (Server.java:run(1314)) - IPC Server Responder: starting
2019-06-14 08:36:10,369 INFO  ipc.Server (Server.java:run(1153)) - IPC Server listener on 39833: starting
2019-06-14 08:36:10,373 INFO  http.HttpServer2 (HttpServer2.java:bindListener(1191)) - Jetty bound to port 46035
2019-06-14 08:36:10,373 INFO  server.Server (Server.java:doStart(351)) - jetty-9.3.24.v20180605, build timestamp: 2018-06-05T17:11:56Z, git hash: 84205aa28f11a4f31f2a3b86d1bba2cc8ab69827
2019-06-14 08:36:10,375 INFO  handler.ContextHandler (ContextHandler.java:doStart(781)) - Started o.e.j.s.ServletContextHandler@62cf86d6{/logs,file:///opt/src/hadoop-ozone/integration-test/target/log,AVAILABLE}
2019-06-14 08:36:10,375 INFO  handler.ContextHandler (ContextHandler.java:doStart(781)) - Started o.e.j.s.ServletContextHandler@6dd2e453{/static,file:///opt/src/hadoop-ozone/integration-test/target/test-classes/webapps/static,AVAILABLE}
2019-06-14 08:36:10,379 INFO  handler.ContextHandler (ContextHandler.java:doStart(781)) - Started o.e.j.w.WebAppContext@6fefc5ea{/,file:///opt/src/hadoop-ozone/integration-test/target/test-classes/webapps/scm/,AVAILABLE}{/scm}
2019-06-14 08:36:10,380 INFO  server.AbstractConnector (AbstractConnector.java:doStart(278)) - Started ServerConnector@6159fb3c{HTTP/1.1,[http/1.1]}{0.0.0.0:46035}
2019-06-14 08:36:10,380 INFO  server.Server (Server.java:doStart(419)) - Started @37288ms
2019-06-14 08:36:10,381 INFO  server.BaseHttpServer (BaseHttpServer.java:updateConnectorAddress(207)) - HTTP server of SCM is listening at http://0.0.0.0:46035
2019-06-14 08:36:10,382 WARN  scm.ScmUtils (ScmUtils.java:getDBPath(63)) - ozone.om.db.dirs is not configured. We recommend adding this setting. Falling back to ozone.metadata.dirs instead.
2019-06-14 08:36:10,382 INFO  util.JvmPauseMonitor (JvmPauseMonitor.java:run(188)) - Starting JVM pause monitor
2019-06-14 08:36:10,384 WARN  scm.ScmUtils (ScmUtils.java:getDBPath(63)) - ozone.om.db.dirs is not configured. We recommend adding this setting. Falling back to ozone.metadata.dirs instead.
2019-06-14 08:36:10,385 INFO  om.OzoneManager (OzoneManager.java:setOMNodeDetails(519)) - OM Service ID is not set. Setting it to the default ID: omServiceIdDefault
2019-06-14 08:36:10,385 INFO  om.OzoneManager (OzoneManager.java:setOMNodeDetails(525)) - OM Node ID is not set. Setting it to the OmStorage's OmID: 5cfda841-8604-43d4-a2ec-c0763291de2c
2019-06-14 08:36:10,385 WARN  scm.HddsServerUtil (HddsServerUtil.java:getDefaultRatisDirectory(354)) - Storage directory for Ratis is not configured. It is a good idea to map this to an SSD disk. Falling back to ozone.metadata.dirs
2019-06-14 08:36:10,385 WARN  scm.HddsServerUtil (HddsServerUtil.java:getDefaultRatisDirectory(354)) - Storage directory for Ratis is not configured. It is a good idea to map this to an SSD disk. Falling back to ozone.metadata.dirs
2019-06-14 08:36:10,385 INFO  om.OzoneManager (OzoneManager.java:loadOMHAConfigs(476)) - Found matching OM address with OMServiceId: null, OMNodeId: null, RPC Address: localhost:0 and Ratis port: 9872
2019-06-14 08:36:10,393 WARN  scm.ScmUtils (ScmUtils.java:getDBPath(63)) - ozone.om.db.dirs is not configured. We recommend adding this setting. Falling back to ozone.metadata.dirs instead.
2019-06-14 08:36:10,393 INFO  db.DBStoreBuilder (DBStoreBuilder.java:addTable(110)) - using custom profile for table: userTable
2019-06-14 08:36:10,393 INFO  db.DBStoreBuilder (DBStoreBuilder.java:processTables(161)) - Using default column profile:DBProfile.DISK for Table:userTable
2019-06-14 08:36:10,393 INFO  db.DBStoreBuilder (DBStoreBuilder.java:addTable(110)) - using custom profile for table: volumeTable
2019-06-14 08:36:10,393 INFO  db.DBStoreBuilder (DBStoreBuilder.java:processTables(161)) - Using default column profile:DBProfile.DISK for Table:volumeTable
2019-06-14 08:36:10,394 INFO  db.DBStoreBuilder (DBStoreBuilder.java:addTable(110)) - using custom profile for table: bucketTable
2019-06-14 08:36:10,394 INFO  db.DBStoreBuilder (DBStoreBuilder.java:processTables(161)) - Using default column profile:DBProfile.DISK for Table:bucketTable
2019-06-14 08:36:10,394 INFO  db.DBStoreBuilder (DBStoreBuilder.java:addTable(110)) - using custom profile for table: keyTable
2019-06-14 08:36:10,394 INFO  db.DBStoreBuilder (DBStoreBuilder.java:processTables(161)) - Using default column profile:DBProfile.DISK for Table:keyTable
2019-06-14 08:36:10,394 INFO  db.DBStoreBuilder (DBStoreBuilder.java:addTable(110)) - using custom profile for table: deletedTable
2019-06-14 08:36:10,394 INFO  db.DBStoreBuilder (DBStoreBuilder.java:processTables(161)) - Using default column profile:DBProfile.DISK for Table:deletedTable
2019-06-14 08:36:10,395 INFO  db.DBStoreBuilder (DBStoreBuilder.java:addTable(110)) - using custom profile for table: openKeyTable
2019-06-14 08:36:10,395 INFO  db.DBStoreBuilder (DBStoreBuilder.java:processTables(161)) - Using default column profile:DBProfile.DISK for Table:openKeyTable
2019-06-14 08:36:10,395 INFO  db.DBStoreBuilder (DBStoreBuilder.java:addTable(110)) - using custom profile for table: s3Table
2019-06-14 08:36:10,395 INFO  db.DBStoreBuilder (DBStoreBuilder.java:processTables(161)) - Using default column profile:DBProfile.DISK for Table:s3Table
2019-06-14 08:36:10,395 INFO  db.DBStoreBuilder (DBStoreBuilder.java:addTable(110)) - using custom profile for table: multipartInfoTable
2019-06-14 08:36:10,395 INFO  db.DBStoreBuilder (DBStoreBuilder.java:processTables(161)) - Using default column profile:DBProfile.DISK for Table:multipartInfoTable
2019-06-14 08:36:10,395 INFO  db.DBStoreBuilder (DBStoreBuilder.java:addTable(110)) - using custom profile for table: dTokenTable
2019-06-14 08:36:10,395 INFO  db.DBStoreBuilder (DBStoreBuilder.java:processTables(161)) - Using default column profile:DBProfile.DISK for Table:dTokenTable
2019-06-14 08:36:10,396 INFO  db.DBStoreBuilder (DBStoreBuilder.java:addTable(110)) - using custom profile for table: s3SecretTable
2019-06-14 08:36:10,396 INFO  db.DBStoreBuilder (DBStoreBuilder.java:processTables(161)) - Using default column profile:DBProfile.DISK for Table:s3SecretTable
2019-06-14 08:36:10,396 INFO  db.DBStoreBuilder (DBStoreBuilder.java:addTable(110)) - using custom profile for table: prefixTable
2019-06-14 08:36:10,396 INFO  db.DBStoreBuilder (DBStoreBuilder.java:processTables(161)) - Using default column profile:DBProfile.DISK for Table:prefixTable
2019-06-14 08:36:10,396 INFO  db.DBStoreBuilder (DBStoreBuilder.java:addTable(110)) - using custom profile for table: default
2019-06-14 08:36:10,396 INFO  db.DBStoreBuilder (DBStoreBuilder.java:processTables(167)) - Using default column profile:DBProfile.DISK for Table:default
2019-06-14 08:36:10,396 INFO  db.DBStoreBuilder (DBStoreBuilder.java:getDbProfile(198)) - Using default options. DBProfile.DISK
2019-06-14 08:36:10,522 INFO  ipc.CallQueueManager (CallQueueManager.java:<init>(84)) - Using callQueue: class java.util.concurrent.LinkedBlockingQueue, queueCapacity: 2000, scheduler: class org.apache.hadoop.ipc.DefaultRpcScheduler, ipcBackoff: false.
2019-06-14 08:36:10,523 INFO  ipc.Server (Server.java:run(1074)) - Starting Socket Reader #1 for port 43137
2019-06-14 08:36:10,532 WARN  scm.ScmUtils (ScmUtils.java:getDBPath(63)) - ozone.om.db.dirs is not configured. We recommend adding this setting. Falling back to ozone.metadata.dirs instead.
2019-06-14 08:36:10,532 INFO  om.OzoneManager (OzoneManager.java:start(1217)) - OzoneManager RPC server is listening at localhost/127.0.0.1:43137
2019-06-14 08:36:10,532 INFO  impl.MetricsSystemImpl (MetricsSystemImpl.java:init(158)) - OzoneManager metrics system started (again)
2019-06-14 08:36:10,533 INFO  ipc.Server (Server.java:run(1314)) - IPC Server Responder: starting
2019-06-14 08:36:10,533 INFO  ipc.Server (Server.java:run(1153)) - IPC Server listener on 43137: starting
2019-06-14 08:36:10,537 INFO  hdfs.DFSUtil (DFSUtil.java:httpServerTemplateForNNAndJN(1641)) - Starting Web-server for ozoneManager at: http://0.0.0.0:0
2019-06-14 08:36:10,538 INFO  server.AuthenticationFilter (AuthenticationFilter.java:constructSecretProvider(240)) - Unable to initialize FileSignerSecretProvider, falling back to use random secrets.
2019-06-14 08:36:10,538 WARN  http.HttpRequestLog (HttpRequestLog.java:getRequestLog(97)) - Jetty request log can only be enabled using Log4j
2019-06-14 08:36:10,540 INFO  http.HttpServer2 (HttpServer2.java:addGlobalFilter(975)) - Added global filter 'safety' (class=org.apache.hadoop.http.HttpServer2$QuotingInputFilter)
2019-06-14 08:36:10,540 INFO  http.HttpServer2 (HttpServer2.java:addFilter(948)) - Added filter static_user_filter (class=org.apache.hadoop.http.lib.StaticUserWebFilter$StaticUserFilter) to context ozoneManager
2019-06-14 08:36:10,540 INFO  http.HttpServer2 (HttpServer2.java:addFilter(958)) - Added filter static_user_filter (class=org.apache.hadoop.http.lib.StaticUserWebFilter$StaticUserFilter) to context logs
2019-06-14 08:36:10,541 INFO  http.HttpServer2 (HttpServer2.java:addFilter(958)) - Added filter static_user_filter (class=org.apache.hadoop.http.lib.StaticUserWebFilter$StaticUserFilter) to context static
2019-06-14 08:36:10,541 INFO  http.HttpServer2 (HttpServer2.java:bindListener(1191)) - Jetty bound to port 39667
2019-06-14 08:36:10,541 INFO  server.Server (Server.java:doStart(351)) - jetty-9.3.24.v20180605, build timestamp: 2018-06-05T17:11:56Z, git hash: 84205aa28f11a4f31f2a3b86d1bba2cc8ab69827
2019-06-14 08:36:10,542 INFO  handler.ContextHandler (ContextHandler.java:doStart(781)) - Started o.e.j.s.ServletContextHandler@36ecf9f6{/logs,file:///opt/src/hadoop-ozone/integration-test/target/log,AVAILABLE}
2019-06-14 08:36:10,543 INFO  handler.ContextHandler (ContextHandler.java:doStart(781)) - Started o.e.j.s.ServletContextHandler@3bda1f0{/static,file:///opt/src/hadoop-ozone/integration-test/target/test-classes/webapps/static,AVAILABLE}
2019-06-14 08:36:10,545 INFO  handler.ContextHandler (ContextHandler.java:doStart(781)) - Started o.e.j.w.WebAppContext@3c98981e{/,file:///opt/src/hadoop-ozone/integration-test/target/test-classes/webapps/ozoneManager/,AVAILABLE}{/ozoneManager}
2019-06-14 08:36:10,545 INFO  server.AbstractConnector (AbstractConnector.java:doStart(278)) - Started ServerConnector@6dcee890{HTTP/1.1,[http/1.1]}{0.0.0.0:39667}
2019-06-14 08:36:10,546 INFO  server.Server (Server.java:doStart(419)) - Started @37454ms
2019-06-14 08:36:10,547 INFO  server.BaseHttpServer (BaseHttpServer.java:updateConnectorAddress(207)) - HTTP server of OZONEMANAGER is listening at http://0.0.0.0:39667
2019-06-14 08:36:10,558 INFO  impl.MetricsSystemImpl (MetricsSystemImpl.java:init(158)) - HddsDatanode metrics system started (again)
2019-06-14 08:36:10,558 INFO  ozone.HddsDatanodeService (HddsDatanodeService.java:start(185)) - HddsDatanodeService host:ozone-rp9nx-1314784558 ip:192.168.11.250
2019-06-14 08:36:10,563 INFO  volume.HddsVolume (HddsVolume.java:<init>(176)) - Creating Volume: /opt/src/hadoop-ozone/integration-test/target/test-dir/MiniOzoneClusterImpl-26a55514-a2c5-4524-ba36-82f1d26e9fd2/datanode-0/data/containers/hdds of  storage type : DISK and capacity : 104021790720
2019-06-14 08:36:10,563 INFO  volume.VolumeSet (VolumeSet.java:initializeVolumeSet(170)) - Added Volume : /opt/src/hadoop-ozone/integration-test/target/test-dir/MiniOzoneClusterImpl-26a55514-a2c5-4524-ba36-82f1d26e9fd2/datanode-0/data/containers/hdds to VolumeSet
2019-06-14 08:36:10,563 INFO  volume.ThrottledAsyncChecker (ThrottledAsyncChecker.java:schedule(140)) - Scheduling a check for org.apache.hadoop.ozone.container.common.volume.HddsVolume@572b4072
2019-06-14 08:36:10,563 INFO  volume.HddsVolumeChecker (HddsVolumeChecker.java:checkAllVolumes(203)) - Scheduled health check for volume org.apache.hadoop.ozone.container.common.volume.HddsVolume@572b4072
2019-06-14 08:36:10,572 INFO  ratis.XceiverServerRatis (XceiverServerRatis.java:newXceiverServerRatis(401)) - Found a free port for the server : 37719
2019-06-14 08:36:10,574 INFO  impl.RaftServerProxy (ConfUtils.java:logGet(43)) - raft.rpc.type = GRPC (default)
2019-06-14 08:36:10,574 INFO  grpc.GrpcConfigKeys$Server (ConfUtils.java:logGet(43)) - raft.grpc.server.port = 37719 (custom)
2019-06-14 08:36:10,574 INFO  server.GrpcService (ConfUtils.java:logGet(43)) - raft.grpc.message.size.max = 33570816 (custom)
2019-06-14 08:36:10,575 INFO  server.RaftServerConfigKeys (ConfUtils.java:logGet(43)) - raft.server.log.appender.buffer.byte-limit = 33554432 (custom)
2019-06-14 08:36:10,575 INFO  server.GrpcService (ConfUtils.java:logGet(43)) - raft.grpc.flow.control.window = 1MB (=1048576) (default)
2019-06-14 08:36:10,575 INFO  server.RaftServerConfigKeys (ConfUtils.java:logGet(43)) - raft.server.rpc.request.timeout = 3000ms (default)
2019-06-14 08:36:10,575 INFO  server.RaftServerConfigKeys (ConfUtils.java:logGet(43)) - raft.server.storage.dir = [/opt/src/hadoop-ozone/integration-test/target/test-dir/MiniOzoneClusterImpl-26a55514-a2c5-4524-ba36-82f1d26e9fd2/datanode-0/data/ratis] (custom)
2019-06-14 08:36:10,576 INFO  server.XceiverServerGrpc (XceiverServerGrpc.java:<init>(97)) - Found a free port for the server : 42591
2019-06-14 08:36:10,576 INFO  replication.SimpleContainerDownloader (SimpleContainerDownloader.java:<init>(72)) - Starting container downloader service to copy containers to replicate.
2019-06-14 08:36:10,577 INFO  hdfs.DFSUtil (DFSUtil.java:httpServerTemplateForNNAndJN(1641)) - Starting Web-server for hddsDatanode at: http://0.0.0.0:0
2019-06-14 08:36:10,578 INFO  server.AuthenticationFilter (AuthenticationFilter.java:constructSecretProvider(240)) - Unable to initialize FileSignerSecretProvider, falling back to use random secrets.
2019-06-14 08:36:10,578 WARN  http.HttpRequestLog (HttpRequestLog.java:getRequestLog(97)) - Jetty request log can only be enabled using Log4j
2019-06-14 08:36:10,579 INFO  http.HttpServer2 (HttpServer2.java:addGlobalFilter(975)) - Added global filter 'safety' (class=org.apache.hadoop.http.HttpServer2$QuotingInputFilter)
2019-06-14 08:36:10,580 INFO  http.HttpServer2 (HttpServer2.java:addFilter(948)) - Added filter static_user_filter (class=org.apache.hadoop.http.lib.StaticUserWebFilter$StaticUserFilter) to context hddsDatanode
2019-06-14 08:36:10,580 INFO  http.HttpServer2 (HttpServer2.java:addFilter(958)) - Added filter static_user_filter (class=org.apache.hadoop.http.lib.StaticUserWebFilter$StaticUserFilter) to context static
2019-06-14 08:36:10,580 INFO  http.HttpServer2 (HttpServer2.java:addFilter(958)) - Added filter static_user_filter (class=org.apache.hadoop.http.lib.StaticUserWebFilter$StaticUserFilter) to context logs
2019-06-14 08:36:10,580 INFO  http.HttpServer2 (HttpServer2.java:bindListener(1191)) - Jetty bound to port 46369
2019-06-14 08:36:10,580 INFO  server.Server (Server.java:doStart(351)) - jetty-9.3.24.v20180605, build timestamp: 2018-06-05T17:11:56Z, git hash: 84205aa28f11a4f31f2a3b86d1bba2cc8ab69827
2019-06-14 08:36:10,582 INFO  handler.ContextHandler (ContextHandler.java:doStart(781)) - Started o.e.j.s.ServletContextHandler@1c459c28{/logs,file:///opt/src/hadoop-ozone/integration-test/target/log,AVAILABLE}
2019-06-14 08:36:10,583 INFO  handler.ContextHandler (ContextHandler.java:doStart(781)) - Started o.e.j.s.ServletContextHandler@4a3509b0{/static,jar:file:/root/.m2/repository/org/apache/hadoop/hadoop-hdds-container-service/0.5.0-SNAPSHOT/hadoop-hdds-container-service-0.5.0-SNAPSHOT.jar!/webapps/static,AVAILABLE}
2019-06-14 08:36:10,606 INFO  handler.ContextHandler (ContextHandler.java:doStart(781)) - Started o.e.j.w.WebAppContext@669580e2{/,file:///tmp/jetty-0.0.0.0-46369-hddsDatanode-_-any-8097021184627156612.dir/webapp/,AVAILABLE}{/hddsDatanode}
2019-06-14 08:36:10,606 INFO  server.AbstractConnector (AbstractConnector.java:doStart(278)) - Started ServerConnector@5d22ed6c{HTTP/1.1,[http/1.1]}{0.0.0.0:46369}
2019-06-14 08:36:10,607 INFO  server.Server (Server.java:doStart(419)) - Started @37515ms
2019-06-14 08:36:10,610 INFO  server.BaseHttpServer (BaseHttpServer.java:updateConnectorAddress(207)) - HTTP server of HDDSDATANODE is listening at http://0.0.0.0:46369
2019-06-14 08:36:10,750 INFO  ozone.HddsDatanodeService (HddsDatanodeService.java:startPlugins(396)) - Started plug-in org.apache.hadoop.ozone.web.OzoneHddsDatanodeService@6d4c18b8
2019-06-14 08:36:10,750 INFO  impl.MetricsSystemImpl (MetricsSystemImpl.java:init(158)) - HddsDatanode metrics system started (again)
2019-06-14 08:36:10,751 INFO  ozone.HddsDatanodeService (HddsDatanodeService.java:start(185)) - HddsDatanodeService host:ozone-rp9nx-1314784558 ip:192.168.11.250
2019-06-14 08:36:10,756 INFO  util.JvmPauseMonitor (JvmPauseMonitor.java:run(188)) - Starting JVM pause monitor
2019-06-14 08:36:10,757 INFO  datanode.InitDatanodeState (InitDatanodeState.java:persistContainerDatanodeDetails(140)) - DatanodeDetails is persisted to /opt/src/hadoop-ozone/integration-test/target/test-dir/MiniOzoneClusterImpl-26a55514-a2c5-4524-ba36-82f1d26e9fd2/datanode-0/meta/datanode.id
2019-06-14 08:36:10,758 INFO  volume.HddsVolume (HddsVolume.java:<init>(176)) - Creating Volume: /opt/src/hadoop-ozone/integration-test/target/test-dir/MiniOzoneClusterImpl-26a55514-a2c5-4524-ba36-82f1d26e9fd2/datanode-1/data/containers/hdds of  storage type : DISK and capacity : 104021790720
2019-06-14 08:36:10,759 INFO  volume.VolumeSet (VolumeSet.java:initializeVolumeSet(170)) - Added Volume : /opt/src/hadoop-ozone/integration-test/target/test-dir/MiniOzoneClusterImpl-26a55514-a2c5-4524-ba36-82f1d26e9fd2/datanode-1/data/containers/hdds to VolumeSet
2019-06-14 08:36:10,759 INFO  volume.ThrottledAsyncChecker (ThrottledAsyncChecker.java:schedule(140)) - Scheduling a check for org.apache.hadoop.ozone.container.common.volume.HddsVolume@7f64bd7
2019-06-14 08:36:10,759 INFO  volume.HddsVolumeChecker (HddsVolumeChecker.java:checkAllVolumes(203)) - Scheduled health check for volume org.apache.hadoop.ozone.container.common.volume.HddsVolume@7f64bd7
2019-06-14 08:36:10,773 INFO  ratis.XceiverServerRatis (XceiverServerRatis.java:newXceiverServerRatis(401)) - Found a free port for the server : 35601
2019-06-14 08:36:10,774 INFO  impl.RaftServerProxy (ConfUtils.java:logGet(43)) - raft.rpc.type = GRPC (default)
2019-06-14 08:36:10,774 INFO  grpc.GrpcConfigKeys$Server (ConfUtils.java:logGet(43)) - raft.grpc.server.port = 35601 (custom)
2019-06-14 08:36:10,775 INFO  server.GrpcService (ConfUtils.java:logGet(43)) - raft.grpc.message.size.max = 33570816 (custom)
2019-06-14 08:36:10,775 INFO  server.RaftServerConfigKeys (ConfUtils.java:logGet(43)) - raft.server.log.appender.buffer.byte-limit = 33554432 (custom)
2019-06-14 08:36:10,775 INFO  server.GrpcService (ConfUtils.java:logGet(43)) - raft.grpc.flow.control.window = 1MB (=1048576) (default)
2019-06-14 08:36:10,775 INFO  server.RaftServerConfigKeys (ConfUtils.java:logGet(43)) - raft.server.rpc.request.timeout = 3000ms (default)
2019-06-14 08:36:10,776 INFO  server.RaftServerConfigKeys (ConfUtils.java:logGet(43)) - raft.server.storage.dir = [/opt/src/hadoop-ozone/integration-test/target/test-dir/MiniOzoneClusterImpl-26a55514-a2c5-4524-ba36-82f1d26e9fd2/datanode-1/data/ratis] (custom)
2019-06-14 08:36:10,776 INFO  server.XceiverServerGrpc (XceiverServerGrpc.java:<init>(97)) - Found a free port for the server : 40837
2019-06-14 08:36:10,776 INFO  replication.SimpleContainerDownloader (SimpleContainerDownloader.java:<init>(72)) - Starting container downloader service to copy containers to replicate.
2019-06-14 08:36:10,778 INFO  hdfs.DFSUtil (DFSUtil.java:httpServerTemplateForNNAndJN(1641)) - Starting Web-server for hddsDatanode at: http://0.0.0.0:0
2019-06-14 08:36:10,779 INFO  server.AuthenticationFilter (AuthenticationFilter.java:constructSecretProvider(240)) - Unable to initialize FileSignerSecretProvider, falling back to use random secrets.
2019-06-14 08:36:10,780 WARN  http.HttpRequestLog (HttpRequestLog.java:getRequestLog(97)) - Jetty request log can only be enabled using Log4j
2019-06-14 08:36:10,781 INFO  http.HttpServer2 (HttpServer2.java:addGlobalFilter(975)) - Added global filter 'safety' (class=org.apache.hadoop.http.HttpServer2$QuotingInputFilter)
2019-06-14 08:36:10,781 INFO  http.HttpServer2 (HttpServer2.java:addFilter(948)) - Added filter static_user_filter (class=org.apache.hadoop.http.lib.StaticUserWebFilter$StaticUserFilter) to context hddsDatanode
2019-06-14 08:36:10,781 INFO  http.HttpServer2 (HttpServer2.java:addFilter(958)) - Added filter static_user_filter (class=org.apache.hadoop.http.lib.StaticUserWebFilter$StaticUserFilter) to context logs
2019-06-14 08:36:10,781 INFO  http.HttpServer2 (HttpServer2.java:addFilter(958)) - Added filter static_user_filter (class=org.apache.hadoop.http.lib.StaticUserWebFilter$StaticUserFilter) to context static
2019-06-14 08:36:10,782 INFO  http.HttpServer2 (HttpServer2.java:bindListener(1191)) - Jetty bound to port 44405
2019-06-14 08:36:10,782 INFO  server.Server (Server.java:doStart(351)) - jetty-9.3.24.v20180605, build timestamp: 2018-06-05T17:11:56Z, git hash: 84205aa28f11a4f31f2a3b86d1bba2cc8ab69827
2019-06-14 08:36:10,784 INFO  handler.ContextHandler (ContextHandler.java:doStart(781)) - Started o.e.j.s.ServletContextHandler@3f87780b{/logs,file:///opt/src/hadoop-ozone/integration-test/target/log,AVAILABLE}
2019-06-14 08:36:10,784 INFO  handler.ContextHandler (ContextHandler.java:doStart(781)) - Started o.e.j.s.ServletContextHandler@231d3ce{/static,jar:file:/root/.m2/repository/org/apache/hadoop/hadoop-hdds-container-service/0.5.0-SNAPSHOT/hadoop-hdds-container-service-0.5.0-SNAPSHOT.jar!/webapps/static,AVAILABLE}
2019-06-14 08:36:10,813 INFO  handler.ContextHandler (ContextHandler.java:doStart(781)) - Started o.e.j.w.WebAppContext@57167ccb{/,file:///tmp/jetty-0.0.0.0-44405-hddsDatanode-_-any-2334074770550743080.dir/webapp/,AVAILABLE}{/hddsDatanode}
2019-06-14 08:36:10,813 INFO  server.AbstractConnector (AbstractConnector.java:doStart(278)) - Started ServerConnector@37753b69{HTTP/1.1,[http/1.1]}{0.0.0.0:44405}
2019-06-14 08:36:10,814 INFO  server.Server (Server.java:doStart(419)) - Started @37722ms
2019-06-14 08:36:10,815 INFO  server.BaseHttpServer (BaseHttpServer.java:updateConnectorAddress(207)) - HTTP server of HDDSDATANODE is listening at http://0.0.0.0:44405
2019-06-14 08:36:10,914 INFO  ozone.HddsDatanodeService (HddsDatanodeService.java:startPlugins(396)) - Started plug-in org.apache.hadoop.ozone.web.OzoneHddsDatanodeService@3831f4c2
2019-06-14 08:36:10,915 INFO  impl.MetricsSystemImpl (MetricsSystemImpl.java:init(158)) - HddsDatanode metrics system started (again)
2019-06-14 08:36:10,915 INFO  ozone.HddsDatanodeService (HddsDatanodeService.java:start(185)) - HddsDatanodeService host:ozone-rp9nx-1314784558 ip:192.168.11.250
2019-06-14 08:36:10,922 INFO  util.JvmPauseMonitor (JvmPauseMonitor.java:run(188)) - Starting JVM pause monitor
2019-06-14 08:36:10,923 INFO  volume.HddsVolume (HddsVolume.java:<init>(176)) - Creating Volume: /opt/src/hadoop-ozone/integration-test/target/test-dir/MiniOzoneClusterImpl-26a55514-a2c5-4524-ba36-82f1d26e9fd2/datanode-2/data/containers/hdds of  storage type : DISK and capacity : 104021790720
2019-06-14 08:36:10,923 INFO  volume.VolumeSet (VolumeSet.java:initializeVolumeSet(170)) - Added Volume : /opt/src/hadoop-ozone/integration-test/target/test-dir/MiniOzoneClusterImpl-26a55514-a2c5-4524-ba36-82f1d26e9fd2/datanode-2/data/containers/hdds to VolumeSet
2019-06-14 08:36:10,923 INFO  volume.ThrottledAsyncChecker (ThrottledAsyncChecker.java:schedule(140)) - Scheduling a check for org.apache.hadoop.ozone.container.common.volume.HddsVolume@28c7fd9d
2019-06-14 08:36:10,924 INFO  datanode.InitDatanodeState (InitDatanodeState.java:persistContainerDatanodeDetails(140)) - DatanodeDetails is persisted to /opt/src/hadoop-ozone/integration-test/target/test-dir/MiniOzoneClusterImpl-26a55514-a2c5-4524-ba36-82f1d26e9fd2/datanode-1/meta/datanode.id
2019-06-14 08:36:10,927 INFO  volume.HddsVolumeChecker (HddsVolumeChecker.java:checkAllVolumes(203)) - Scheduled health check for volume org.apache.hadoop.ozone.container.common.volume.HddsVolume@28c7fd9d
2019-06-14 08:36:10,936 INFO  ratis.XceiverServerRatis (XceiverServerRatis.java:newXceiverServerRatis(401)) - Found a free port for the server : 36501
2019-06-14 08:36:10,937 INFO  impl.RaftServerProxy (ConfUtils.java:logGet(43)) - raft.rpc.type = GRPC (default)
2019-06-14 08:36:10,937 INFO  grpc.GrpcConfigKeys$Server (ConfUtils.java:logGet(43)) - raft.grpc.server.port = 36501 (custom)
2019-06-14 08:36:10,937 INFO  server.GrpcService (ConfUtils.java:logGet(43)) - raft.grpc.message.size.max = 33570816 (custom)
2019-06-14 08:36:10,937 INFO  server.RaftServerConfigKeys (ConfUtils.java:logGet(43)) - raft.server.log.appender.buffer.byte-limit = 33554432 (custom)
2019-06-14 08:36:10,938 INFO  server.GrpcService (ConfUtils.java:logGet(43)) - raft.grpc.flow.control.window = 1MB (=1048576) (default)
2019-06-14 08:36:10,938 INFO  server.RaftServerConfigKeys (ConfUtils.java:logGet(43)) - raft.server.rpc.request.timeout = 3000ms (default)
2019-06-14 08:36:10,938 INFO  server.RaftServerConfigKeys (ConfUtils.java:logGet(43)) - raft.server.storage.dir = [/opt/src/hadoop-ozone/integration-test/target/test-dir/MiniOzoneClusterImpl-26a55514-a2c5-4524-ba36-82f1d26e9fd2/datanode-2/data/ratis] (custom)
2019-06-14 08:36:10,938 INFO  server.XceiverServerGrpc (XceiverServerGrpc.java:<init>(97)) - Found a free port for the server : 42321
2019-06-14 08:36:10,939 INFO  replication.SimpleContainerDownloader (SimpleContainerDownloader.java:<init>(72)) - Starting container downloader service to copy containers to replicate.
2019-06-14 08:36:10,942 INFO  hdfs.DFSUtil (DFSUtil.java:httpServerTemplateForNNAndJN(1641)) - Starting Web-server for hddsDatanode at: http://0.0.0.0:0
2019-06-14 08:36:10,945 INFO  server.AuthenticationFilter (AuthenticationFilter.java:constructSecretProvider(240)) - Unable to initialize FileSignerSecretProvider, falling back to use random secrets.
2019-06-14 08:36:10,946 WARN  http.HttpRequestLog (HttpRequestLog.java:getRequestLog(97)) - Jetty request log can only be enabled using Log4j
2019-06-14 08:36:10,946 INFO  http.HttpServer2 (HttpServer2.java:addGlobalFilter(975)) - Added global filter 'safety' (class=org.apache.hadoop.http.HttpServer2$QuotingInputFilter)
2019-06-14 08:36:10,947 INFO  http.HttpServer2 (HttpServer2.java:addFilter(948)) - Added filter static_user_filter (class=org.apache.hadoop.http.lib.StaticUserWebFilter$StaticUserFilter) to context hddsDatanode
2019-06-14 08:36:10,947 INFO  http.HttpServer2 (HttpServer2.java:addFilter(958)) - Added filter static_user_filter (class=org.apache.hadoop.http.lib.StaticUserWebFilter$StaticUserFilter) to context logs
2019-06-14 08:36:10,947 INFO  http.HttpServer2 (HttpServer2.java:addFilter(958)) - Added filter static_user_filter (class=org.apache.hadoop.http.lib.StaticUserWebFilter$StaticUserFilter) to context static
2019-06-14 08:36:10,947 INFO  http.HttpServer2 (HttpServer2.java:bindListener(1191)) - Jetty bound to port 44783
2019-06-14 08:36:10,948 INFO  server.Server (Server.java:doStart(351)) - jetty-9.3.24.v20180605, build timestamp: 2018-06-05T17:11:56Z, git hash: 84205aa28f11a4f31f2a3b86d1bba2cc8ab69827
2019-06-14 08:36:10,951 INFO  handler.ContextHandler (ContextHandler.java:doStart(781)) - Started o.e.j.s.ServletContextHandler@7ebaf0d{/logs,file:///opt/src/hadoop-ozone/integration-test/target/log,AVAILABLE}
2019-06-14 08:36:10,952 INFO  handler.ContextHandler (ContextHandler.java:doStart(781)) - Started o.e.j.s.ServletContextHandler@5690c2a8{/static,jar:file:/root/.m2/repository/org/apache/hadoop/hadoop-hdds-container-service/0.5.0-SNAPSHOT/hadoop-hdds-container-service-0.5.0-SNAPSHOT.jar!/webapps/static,AVAILABLE}
2019-06-14 08:36:10,976 INFO  handler.ContextHandler (ContextHandler.java:doStart(781)) - Started o.e.j.w.WebAppContext@3a5e4f32{/,file:///tmp/jetty-0.0.0.0-44783-hddsDatanode-_-any-1879520740633328026.dir/webapp/,AVAILABLE}{/hddsDatanode}
2019-06-14 08:36:10,976 INFO  server.AbstractConnector (AbstractConnector.java:doStart(278)) - Started ServerConnector@2b0494a8{HTTP/1.1,[http/1.1]}{0.0.0.0:44783}
2019-06-14 08:36:10,981 INFO  server.Server (Server.java:doStart(419)) - Started @37888ms
2019-06-14 08:36:10,981 INFO  server.BaseHttpServer (BaseHttpServer.java:updateConnectorAddress(207)) - HTTP server of HDDSDATANODE is listening at http://0.0.0.0:44783
2019-06-14 08:36:11,055 INFO  ozone.HddsDatanodeService (HddsDatanodeService.java:startPlugins(396)) - Started plug-in org.apache.hadoop.ozone.web.OzoneHddsDatanodeService@20960b51
2019-06-14 08:36:11,055 INFO  impl.MetricsSystemImpl (MetricsSystemImpl.java:init(158)) - HddsDatanode metrics system started (again)
2019-06-14 08:36:11,055 INFO  ozone.HddsDatanodeService (HddsDatanodeService.java:start(185)) - HddsDatanodeService host:ozone-rp9nx-1314784558 ip:192.168.11.250
2019-06-14 08:36:11,062 INFO  util.JvmPauseMonitor (JvmPauseMonitor.java:run(188)) - Starting JVM pause monitor
2019-06-14 08:36:11,068 INFO  volume.HddsVolume (HddsVolume.java:<init>(176)) - Creating Volume: /opt/src/hadoop-ozone/integration-test/target/test-dir/MiniOzoneClusterImpl-26a55514-a2c5-4524-ba36-82f1d26e9fd2/datanode-3/data/containers/hdds of  storage type : DISK and capacity : 104021790720
2019-06-14 08:36:11,068 INFO  volume.VolumeSet (VolumeSet.java:initializeVolumeSet(170)) - Added Volume : /opt/src/hadoop-ozone/integration-test/target/test-dir/MiniOzoneClusterImpl-26a55514-a2c5-4524-ba36-82f1d26e9fd2/datanode-3/data/containers/hdds to VolumeSet
2019-06-14 08:36:11,069 INFO  volume.ThrottledAsyncChecker (ThrottledAsyncChecker.java:schedule(140)) - Scheduling a check for org.apache.hadoop.ozone.container.common.volume.HddsVolume@4c579b5b
2019-06-14 08:36:11,069 INFO  volume.HddsVolumeChecker (HddsVolumeChecker.java:checkAllVolumes(203)) - Scheduled health check for volume org.apache.hadoop.ozone.container.common.volume.HddsVolume@4c579b5b
2019-06-14 08:36:11,070 INFO  datanode.InitDatanodeState (InitDatanodeState.java:persistContainerDatanodeDetails(140)) - DatanodeDetails is persisted to /opt/src/hadoop-ozone/integration-test/target/test-dir/MiniOzoneClusterImpl-26a55514-a2c5-4524-ba36-82f1d26e9fd2/datanode-2/meta/datanode.id
2019-06-14 08:36:11,078 INFO  ratis.XceiverServerRatis (XceiverServerRatis.java:newXceiverServerRatis(401)) - Found a free port for the server : 37373
2019-06-14 08:36:11,080 INFO  impl.RaftServerProxy (ConfUtils.java:logGet(43)) - raft.rpc.type = GRPC (default)
2019-06-14 08:36:11,080 INFO  grpc.GrpcConfigKeys$Server (ConfUtils.java:logGet(43)) - raft.grpc.server.port = 37373 (custom)
2019-06-14 08:36:11,080 INFO  server.GrpcService (ConfUtils.java:logGet(43)) - raft.grpc.message.size.max = 33570816 (custom)
2019-06-14 08:36:11,080 INFO  server.RaftServerConfigKeys (ConfUtils.java:logGet(43)) - raft.server.log.appender.buffer.byte-limit = 33554432 (custom)
2019-06-14 08:36:11,080 INFO  server.GrpcService (ConfUtils.java:logGet(43)) - raft.grpc.flow.control.window = 1MB (=1048576) (default)
2019-06-14 08:36:11,080 INFO  server.RaftServerConfigKeys (ConfUtils.java:logGet(43)) - raft.server.rpc.request.timeout = 3000ms (default)
2019-06-14 08:36:11,081 INFO  server.RaftServerConfigKeys (ConfUtils.java:logGet(43)) - raft.server.storage.dir = [/opt/src/hadoop-ozone/integration-test/target/test-dir/MiniOzoneClusterImpl-26a55514-a2c5-4524-ba36-82f1d26e9fd2/datanode-3/data/ratis] (custom)
2019-06-14 08:36:11,081 INFO  server.XceiverServerGrpc (XceiverServerGrpc.java:<init>(97)) - Found a free port for the server : 33313
2019-06-14 08:36:11,081 INFO  replication.SimpleContainerDownloader (SimpleContainerDownloader.java:<init>(72)) - Starting container downloader service to copy containers to replicate.
2019-06-14 08:36:11,082 INFO  hdfs.DFSUtil (DFSUtil.java:httpServerTemplateForNNAndJN(1641)) - Starting Web-server for hddsDatanode at: http://0.0.0.0:0
2019-06-14 08:36:11,083 INFO  server.AuthenticationFilter (AuthenticationFilter.java:constructSecretProvider(240)) - Unable to initialize FileSignerSecretProvider, falling back to use random secrets.
2019-06-14 08:36:11,086 WARN  http.HttpRequestLog (HttpRequestLog.java:getRequestLog(97)) - Jetty request log can only be enabled using Log4j
2019-06-14 08:36:11,087 INFO  http.HttpServer2 (HttpServer2.java:addGlobalFilter(975)) - Added global filter 'safety' (class=org.apache.hadoop.http.HttpServer2$QuotingInputFilter)
2019-06-14 08:36:11,088 INFO  http.HttpServer2 (HttpServer2.java:addFilter(948)) - Added filter static_user_filter (class=org.apache.hadoop.http.lib.StaticUserWebFilter$StaticUserFilter) to context hddsDatanode
2019-06-14 08:36:11,088 INFO  http.HttpServer2 (HttpServer2.java:addFilter(958)) - Added filter static_user_filter (class=org.apache.hadoop.http.lib.StaticUserWebFilter$StaticUserFilter) to context logs
2019-06-14 08:36:11,088 INFO  http.HttpServer2 (HttpServer2.java:addFilter(958)) - Added filter static_user_filter (class=org.apache.hadoop.http.lib.StaticUserWebFilter$StaticUserFilter) to context static
2019-06-14 08:36:11,088 INFO  http.HttpServer2 (HttpServer2.java:bindListener(1191)) - Jetty bound to port 34359
2019-06-14 08:36:11,088 INFO  server.Server (Server.java:doStart(351)) - jetty-9.3.24.v20180605, build timestamp: 2018-06-05T17:11:56Z, git hash: 84205aa28f11a4f31f2a3b86d1bba2cc8ab69827
2019-06-14 08:36:11,103 INFO  handler.ContextHandler (ContextHandler.java:doStart(781)) - Started o.e.j.s.ServletContextHandler@618fb1{/logs,file:///opt/src/hadoop-ozone/integration-test/target/log,AVAILABLE}
2019-06-14 08:36:11,105 INFO  handler.ContextHandler (ContextHandler.java:doStart(781)) - Started o.e.j.s.ServletContextHandler@471a9e8c{/static,jar:file:/root/.m2/repository/org/apache/hadoop/hadoop-hdds-container-service/0.5.0-SNAPSHOT/hadoop-hdds-container-service-0.5.0-SNAPSHOT.jar!/webapps/static,AVAILABLE}
2019-06-14 08:36:11,126 INFO  handler.ContextHandler (ContextHandler.java:doStart(781)) - Started o.e.j.w.WebAppContext@3e89f5bc{/,file:///tmp/jetty-0.0.0.0-34359-hddsDatanode-_-any-1307940338634645068.dir/webapp/,AVAILABLE}{/hddsDatanode}
2019-06-14 08:36:11,128 INFO  server.AbstractConnector (AbstractConnector.java:doStart(278)) - Started ServerConnector@259aec72{HTTP/1.1,[http/1.1]}{0.0.0.0:34359}
2019-06-14 08:36:11,129 INFO  server.Server (Server.java:doStart(419)) - Started @38036ms
2019-06-14 08:36:11,132 INFO  server.BaseHttpServer (BaseHttpServer.java:updateConnectorAddress(207)) - HTTP server of HDDSDATANODE is listening at http://0.0.0.0:34359
2019-06-14 08:36:11,207 INFO  ozone.HddsDatanodeService (HddsDatanodeService.java:startPlugins(396)) - Started plug-in org.apache.hadoop.ozone.web.OzoneHddsDatanodeService@4b5cdd07
2019-06-14 08:36:11,207 INFO  impl.MetricsSystemImpl (MetricsSystemImpl.java:init(158)) - HddsDatanode metrics system started (again)
2019-06-14 08:36:11,207 INFO  ozone.HddsDatanodeService (HddsDatanodeService.java:start(185)) - HddsDatanodeService host:ozone-rp9nx-1314784558 ip:192.168.11.250
2019-06-14 08:36:11,211 INFO  util.JvmPauseMonitor (JvmPauseMonitor.java:run(188)) - Starting JVM pause monitor
2019-06-14 08:36:11,212 INFO  datanode.InitDatanodeState (InitDatanodeState.java:persistContainerDatanodeDetails(140)) - DatanodeDetails is persisted to /opt/src/hadoop-ozone/integration-test/target/test-dir/MiniOzoneClusterImpl-26a55514-a2c5-4524-ba36-82f1d26e9fd2/datanode-3/meta/datanode.id
2019-06-14 08:36:11,213 INFO  volume.HddsVolume (HddsVolume.java:<init>(176)) - Creating Volume: /opt/src/hadoop-ozone/integration-test/target/test-dir/MiniOzoneClusterImpl-26a55514-a2c5-4524-ba36-82f1d26e9fd2/datanode-4/data/containers/hdds of  storage type : DISK and capacity : 104021790720
2019-06-14 08:36:11,213 INFO  volume.VolumeSet (VolumeSet.java:initializeVolumeSet(170)) - Added Volume : /opt/src/hadoop-ozone/integration-test/target/test-dir/MiniOzoneClusterImpl-26a55514-a2c5-4524-ba36-82f1d26e9fd2/datanode-4/data/containers/hdds to VolumeSet
2019-06-14 08:36:11,213 INFO  volume.ThrottledAsyncChecker (ThrottledAsyncChecker.java:schedule(140)) - Scheduling a check for org.apache.hadoop.ozone.container.common.volume.HddsVolume@79349b61
2019-06-14 08:36:11,214 INFO  volume.HddsVolumeChecker (HddsVolumeChecker.java:checkAllVolumes(203)) - Scheduled health check for volume org.apache.hadoop.ozone.container.common.volume.HddsVolume@79349b61
2019-06-14 08:36:11,222 INFO  ratis.XceiverServerRatis (XceiverServerRatis.java:newXceiverServerRatis(401)) - Found a free port for the server : 39127
2019-06-14 08:36:11,224 INFO  impl.RaftServerProxy (ConfUtils.java:logGet(43)) - raft.rpc.type = GRPC (default)
2019-06-14 08:36:11,224 INFO  grpc.GrpcConfigKeys$Server (ConfUtils.java:logGet(43)) - raft.grpc.server.port = 39127 (custom)
2019-06-14 08:36:11,224 INFO  server.GrpcService (ConfUtils.java:logGet(43)) - raft.grpc.message.size.max = 33570816 (custom)
2019-06-14 08:36:11,224 INFO  server.RaftServerConfigKeys (ConfUtils.java:logGet(43)) - raft.server.log.appender.buffer.byte-limit = 33554432 (custom)
2019-06-14 08:36:11,224 INFO  server.GrpcService (ConfUtils.java:logGet(43)) - raft.grpc.flow.control.window = 1MB (=1048576) (default)
2019-06-14 08:36:11,225 INFO  server.RaftServerConfigKeys (ConfUtils.java:logGet(43)) - raft.server.rpc.request.timeout = 3000ms (default)
2019-06-14 08:36:11,225 INFO  server.RaftServerConfigKeys (ConfUtils.java:logGet(43)) - raft.server.storage.dir = [/opt/src/hadoop-ozone/integration-test/target/test-dir/MiniOzoneClusterImpl-26a55514-a2c5-4524-ba36-82f1d26e9fd2/datanode-4/data/ratis] (custom)
2019-06-14 08:36:11,225 INFO  server.XceiverServerGrpc (XceiverServerGrpc.java:<init>(97)) - Found a free port for the server : 37531
2019-06-14 08:36:11,225 INFO  replication.SimpleContainerDownloader (SimpleContainerDownloader.java:<init>(72)) - Starting container downloader service to copy containers to replicate.
2019-06-14 08:36:11,230 INFO  hdfs.DFSUtil (DFSUtil.java:httpServerTemplateForNNAndJN(1641)) - Starting Web-server for hddsDatanode at: http://0.0.0.0:0
2019-06-14 08:36:11,231 INFO  server.AuthenticationFilter (AuthenticationFilter.java:constructSecretProvider(240)) - Unable to initialize FileSignerSecretProvider, falling back to use random secrets.
2019-06-14 08:36:11,232 WARN  http.HttpRequestLog (HttpRequestLog.java:getRequestLog(97)) - Jetty request log can only be enabled using Log4j
2019-06-14 08:36:11,233 INFO  http.HttpServer2 (HttpServer2.java:addGlobalFilter(975)) - Added global filter 'safety' (class=org.apache.hadoop.http.HttpServer2$QuotingInputFilter)
2019-06-14 08:36:11,233 INFO  http.HttpServer2 (HttpServer2.java:addFilter(948)) - Added filter static_user_filter (class=org.apache.hadoop.http.lib.StaticUserWebFilter$StaticUserFilter) to context hddsDatanode
2019-06-14 08:36:11,234 INFO  http.HttpServer2 (HttpServer2.java:addFilter(958)) - Added filter static_user_filter (class=org.apache.hadoop.http.lib.StaticUserWebFilter$StaticUserFilter) to context static
2019-06-14 08:36:11,234 INFO  http.HttpServer2 (HttpServer2.java:addFilter(958)) - Added filter static_user_filter (class=org.apache.hadoop.http.lib.StaticUserWebFilter$StaticUserFilter) to context logs
2019-06-14 08:36:11,234 INFO  http.HttpServer2 (HttpServer2.java:bindListener(1191)) - Jetty bound to port 41321
2019-06-14 08:36:11,234 INFO  server.Server (Server.java:doStart(351)) - jetty-9.3.24.v20180605, build timestamp: 2018-06-05T17:11:56Z, git hash: 84205aa28f11a4f31f2a3b86d1bba2cc8ab69827
2019-06-14 08:36:11,235 INFO  handler.ContextHandler (ContextHandler.java:doStart(781)) - Started o.e.j.s.ServletContextHandler@23d12a3a{/logs,file:///opt/src/hadoop-ozone/integration-test/target/log,AVAILABLE}
2019-06-14 08:36:11,236 INFO  handler.ContextHandler (ContextHandler.java:doStart(781)) - Started o.e.j.s.ServletContextHandler@64a7ad02{/static,jar:file:/root/.m2/repository/org/apache/hadoop/hadoop-hdds-container-service/0.5.0-SNAPSHOT/hadoop-hdds-container-service-0.5.0-SNAPSHOT.jar!/webapps/static,AVAILABLE}
2019-06-14 08:36:11,267 INFO  handler.ContextHandler (ContextHandler.java:doStart(781)) - Started o.e.j.w.WebAppContext@77226121{/,file:///tmp/jetty-0.0.0.0-41321-hddsDatanode-_-any-332055270924608475.dir/webapp/,AVAILABLE}{/hddsDatanode}
2019-06-14 08:36:11,267 INFO  server.AbstractConnector (AbstractConnector.java:doStart(278)) - Started ServerConnector@3117ac8d{HTTP/1.1,[http/1.1]}{0.0.0.0:41321}
2019-06-14 08:36:11,268 INFO  server.Server (Server.java:doStart(419)) - Started @38176ms
2019-06-14 08:36:11,269 INFO  server.BaseHttpServer (BaseHttpServer.java:updateConnectorAddress(207)) - HTTP server of HDDSDATANODE is listening at http://0.0.0.0:41321
2019-06-14 08:36:11,408 INFO  ozone.HddsDatanodeService (HddsDatanodeService.java:startPlugins(396)) - Started plug-in org.apache.hadoop.ozone.web.OzoneHddsDatanodeService@5f4f6f89
2019-06-14 08:36:11,408 INFO  impl.MetricsSystemImpl (MetricsSystemImpl.java:init(158)) - HddsDatanode metrics system started (again)
2019-06-14 08:36:11,409 INFO  ozone.HddsDatanodeService (HddsDatanodeService.java:start(185)) - HddsDatanodeService host:ozone-rp9nx-1314784558 ip:192.168.11.250
2019-06-14 08:36:11,411 INFO  util.JvmPauseMonitor (JvmPauseMonitor.java:run(188)) - Starting JVM pause monitor
2019-06-14 08:36:11,412 INFO  datanode.InitDatanodeState (InitDatanodeState.java:persistContainerDatanodeDetails(140)) - DatanodeDetails is persisted to /opt/src/hadoop-ozone/integration-test/target/test-dir/MiniOzoneClusterImpl-26a55514-a2c5-4524-ba36-82f1d26e9fd2/datanode-4/meta/datanode.id
2019-06-14 08:36:11,417 INFO  volume.HddsVolume (HddsVolume.java:<init>(176)) - Creating Volume: /opt/src/hadoop-ozone/integration-test/target/test-dir/MiniOzoneClusterImpl-26a55514-a2c5-4524-ba36-82f1d26e9fd2/datanode-5/data/containers/hdds of  storage type : DISK and capacity : 104021790720
2019-06-14 08:36:11,417 INFO  volume.VolumeSet (VolumeSet.java:initializeVolumeSet(170)) - Added Volume : /opt/src/hadoop-ozone/integration-test/target/test-dir/MiniOzoneClusterImpl-26a55514-a2c5-4524-ba36-82f1d26e9fd2/datanode-5/data/containers/hdds to VolumeSet
2019-06-14 08:36:11,417 INFO  volume.ThrottledAsyncChecker (ThrottledAsyncChecker.java:schedule(140)) - Scheduling a check for org.apache.hadoop.ozone.container.common.volume.HddsVolume@77988c45
2019-06-14 08:36:11,418 INFO  volume.HddsVolumeChecker (HddsVolumeChecker.java:checkAllVolumes(203)) - Scheduled health check for volume org.apache.hadoop.ozone.container.common.volume.HddsVolume@77988c45
2019-06-14 08:36:11,430 INFO  ratis.XceiverServerRatis (XceiverServerRatis.java:newXceiverServerRatis(401)) - Found a free port for the server : 38773
2019-06-14 08:36:11,431 INFO  impl.RaftServerProxy (ConfUtils.java:logGet(43)) - raft.rpc.type = GRPC (default)
2019-06-14 08:36:11,431 INFO  grpc.GrpcConfigKeys$Server (ConfUtils.java:logGet(43)) - raft.grpc.server.port = 38773 (custom)
2019-06-14 08:36:11,431 INFO  server.GrpcService (ConfUtils.java:logGet(43)) - raft.grpc.message.size.max = 33570816 (custom)
2019-06-14 08:36:11,431 INFO  server.RaftServerConfigKeys (ConfUtils.java:logGet(43)) - raft.server.log.appender.buffer.byte-limit = 33554432 (custom)
2019-06-14 08:36:11,432 INFO  server.GrpcService (ConfUtils.java:logGet(43)) - raft.grpc.flow.control.window = 1MB (=1048576) (default)
2019-06-14 08:36:11,432 INFO  server.RaftServerConfigKeys (ConfUtils.java:logGet(43)) - raft.server.rpc.request.timeout = 3000ms (default)
2019-06-14 08:36:11,432 INFO  server.RaftServerConfigKeys (ConfUtils.java:logGet(43)) - raft.server.storage.dir = [/opt/src/hadoop-ozone/integration-test/target/test-dir/MiniOzoneClusterImpl-26a55514-a2c5-4524-ba36-82f1d26e9fd2/datanode-5/data/ratis] (custom)
2019-06-14 08:36:11,432 INFO  server.XceiverServerGrpc (XceiverServerGrpc.java:<init>(97)) - Found a free port for the server : 38081
2019-06-14 08:36:11,433 INFO  replication.SimpleContainerDownloader (SimpleContainerDownloader.java:<init>(72)) - Starting container downloader service to copy containers to replicate.
2019-06-14 08:36:11,433 INFO  hdfs.DFSUtil (DFSUtil.java:httpServerTemplateForNNAndJN(1641)) - Starting Web-server for hddsDatanode at: http://0.0.0.0:0
2019-06-14 08:36:11,434 INFO  server.AuthenticationFilter (AuthenticationFilter.java:constructSecretProvider(240)) - Unable to initialize FileSignerSecretProvider, falling back to use random secrets.
2019-06-14 08:36:11,435 WARN  http.HttpRequestLog (HttpRequestLog.java:getRequestLog(97)) - Jetty request log can only be enabled using Log4j
2019-06-14 08:36:11,436 INFO  http.HttpServer2 (HttpServer2.java:addGlobalFilter(975)) - Added global filter 'safety' (class=org.apache.hadoop.http.HttpServer2$QuotingInputFilter)
2019-06-14 08:36:11,436 INFO  http.HttpServer2 (HttpServer2.java:addFilter(948)) - Added filter static_user_filter (class=org.apache.hadoop.http.lib.StaticUserWebFilter$StaticUserFilter) to context hddsDatanode
2019-06-14 08:36:11,436 INFO  http.HttpServer2 (HttpServer2.java:addFilter(958)) - Added filter static_user_filter (class=org.apache.hadoop.http.lib.StaticUserWebFilter$StaticUserFilter) to context static
2019-06-14 08:36:11,437 INFO  http.HttpServer2 (HttpServer2.java:addFilter(958)) - Added filter static_user_filter (class=org.apache.hadoop.http.lib.StaticUserWebFilter$StaticUserFilter) to context logs
2019-06-14 08:36:11,437 INFO  http.HttpServer2 (HttpServer2.java:bindListener(1191)) - Jetty bound to port 35015
2019-06-14 08:36:11,437 INFO  server.Server (Server.java:doStart(351)) - jetty-9.3.24.v20180605, build timestamp: 2018-06-05T17:11:56Z, git hash: 84205aa28f11a4f31f2a3b86d1bba2cc8ab69827
2019-06-14 08:36:11,439 INFO  handler.ContextHandler (ContextHandler.java:doStart(781)) - Started o.e.j.s.ServletContextHandler@221cdd87{/logs,file:///opt/src/hadoop-ozone/integration-test/target/log,AVAILABLE}
2019-06-14 08:36:11,443 INFO  handler.ContextHandler (ContextHandler.java:doStart(781)) - Started o.e.j.s.ServletContextHandler@7c79f2cf{/static,jar:file:/root/.m2/repository/org/apache/hadoop/hadoop-hdds-container-service/0.5.0-SNAPSHOT/hadoop-hdds-container-service-0.5.0-SNAPSHOT.jar!/webapps/static,AVAILABLE}
2019-06-14 08:36:11,463 INFO  handler.ContextHandler (ContextHandler.java:doStart(781)) - Started o.e.j.w.WebAppContext@35f35c59{/,file:///tmp/jetty-0.0.0.0-35015-hddsDatanode-_-any-2412535848224184715.dir/webapp/,AVAILABLE}{/hddsDatanode}
2019-06-14 08:36:11,466 INFO  server.AbstractConnector (AbstractConnector.java:doStart(278)) - Started ServerConnector@2245ccaa{HTTP/1.1,[http/1.1]}{0.0.0.0:35015}
2019-06-14 08:36:11,466 INFO  server.Server (Server.java:doStart(419)) - Started @38374ms
2019-06-14 08:36:11,467 INFO  server.BaseHttpServer (BaseHttpServer.java:updateConnectorAddress(207)) - HTTP server of HDDSDATANODE is listening at http://0.0.0.0:35015
2019-06-14 08:36:11,558 INFO  ozone.HddsDatanodeService (HddsDatanodeService.java:startPlugins(396)) - Started plug-in org.apache.hadoop.ozone.web.OzoneHddsDatanodeService@2e38d44e
2019-06-14 08:36:11,558 INFO  impl.MetricsSystemImpl (MetricsSystemImpl.java:init(158)) - HddsDatanode metrics system started (again)
2019-06-14 08:36:11,558 INFO  ozone.HddsDatanodeService (HddsDatanodeService.java:start(185)) - HddsDatanodeService host:ozone-rp9nx-1314784558 ip:192.168.11.250
2019-06-14 08:36:11,561 INFO  datanode.InitDatanodeState (InitDatanodeState.java:persistContainerDatanodeDetails(140)) - DatanodeDetails is persisted to /opt/src/hadoop-ozone/integration-test/target/test-dir/MiniOzoneClusterImpl-26a55514-a2c5-4524-ba36-82f1d26e9fd2/datanode-5/meta/datanode.id
2019-06-14 08:36:11,561 INFO  util.JvmPauseMonitor (JvmPauseMonitor.java:run(188)) - Starting JVM pause monitor
2019-06-14 08:36:11,567 INFO  volume.HddsVolume (HddsVolume.java:<init>(176)) - Creating Volume: /opt/src/hadoop-ozone/integration-test/target/test-dir/MiniOzoneClusterImpl-26a55514-a2c5-4524-ba36-82f1d26e9fd2/datanode-6/data/containers/hdds of  storage type : DISK and capacity : 104021790720
2019-06-14 08:36:11,567 INFO  volume.VolumeSet (VolumeSet.java:initializeVolumeSet(170)) - Added Volume : /opt/src/hadoop-ozone/integration-test/target/test-dir/MiniOzoneClusterImpl-26a55514-a2c5-4524-ba36-82f1d26e9fd2/datanode-6/data/containers/hdds to VolumeSet
2019-06-14 08:36:11,567 INFO  volume.ThrottledAsyncChecker (ThrottledAsyncChecker.java:schedule(140)) - Scheduling a check for org.apache.hadoop.ozone.container.common.volume.HddsVolume@4d71ec5b
2019-06-14 08:36:11,567 INFO  volume.HddsVolumeChecker (HddsVolumeChecker.java:checkAllVolumes(203)) - Scheduled health check for volume org.apache.hadoop.ozone.container.common.volume.HddsVolume@4d71ec5b
2019-06-14 08:36:11,577 INFO  ratis.XceiverServerRatis (XceiverServerRatis.java:newXceiverServerRatis(401)) - Found a free port for the server : 33271
2019-06-14 08:36:11,578 INFO  impl.RaftServerProxy (ConfUtils.java:logGet(43)) - raft.rpc.type = GRPC (default)
2019-06-14 08:36:11,578 INFO  grpc.GrpcConfigKeys$Server (ConfUtils.java:logGet(43)) - raft.grpc.server.port = 33271 (custom)
2019-06-14 08:36:11,579 INFO  server.GrpcService (ConfUtils.java:logGet(43)) - raft.grpc.message.size.max = 33570816 (custom)
2019-06-14 08:36:11,579 INFO  server.RaftServerConfigKeys (ConfUtils.java:logGet(43)) - raft.server.log.appender.buffer.byte-limit = 33554432 (custom)
2019-06-14 08:36:11,579 INFO  server.GrpcService (ConfUtils.java:logGet(43)) - raft.grpc.flow.control.window = 1MB (=1048576) (default)
2019-06-14 08:36:11,579 INFO  server.RaftServerConfigKeys (ConfUtils.java:logGet(43)) - raft.server.rpc.request.timeout = 3000ms (default)
2019-06-14 08:36:11,579 INFO  server.RaftServerConfigKeys (ConfUtils.java:logGet(43)) - raft.server.storage.dir = [/opt/src/hadoop-ozone/integration-test/target/test-dir/MiniOzoneClusterImpl-26a55514-a2c5-4524-ba36-82f1d26e9fd2/datanode-6/data/ratis] (custom)
2019-06-14 08:36:11,580 INFO  server.XceiverServerGrpc (XceiverServerGrpc.java:<init>(97)) - Found a free port for the server : 37269
2019-06-14 08:36:11,580 INFO  replication.SimpleContainerDownloader (SimpleContainerDownloader.java:<init>(72)) - Starting container downloader service to copy containers to replicate.
2019-06-14 08:36:11,582 INFO  hdfs.DFSUtil (DFSUtil.java:httpServerTemplateForNNAndJN(1641)) - Starting Web-server for hddsDatanode at: http://0.0.0.0:0
2019-06-14 08:36:11,583 INFO  server.AuthenticationFilter (AuthenticationFilter.java:constructSecretProvider(240)) - Unable to initialize FileSignerSecretProvider, falling back to use random secrets.
2019-06-14 08:36:11,587 WARN  http.HttpRequestLog (HttpRequestLog.java:getRequestLog(97)) - Jetty request log can only be enabled using Log4j
2019-06-14 08:36:11,588 INFO  http.HttpServer2 (HttpServer2.java:addGlobalFilter(975)) - Added global filter 'safety' (class=org.apache.hadoop.http.HttpServer2$QuotingInputFilter)
2019-06-14 08:36:11,588 INFO  http.HttpServer2 (HttpServer2.java:addFilter(948)) - Added filter static_user_filter (class=org.apache.hadoop.http.lib.StaticUserWebFilter$StaticUserFilter) to context hddsDatanode
2019-06-14 08:36:11,588 INFO  http.HttpServer2 (HttpServer2.java:addFilter(958)) - Added filter static_user_filter (class=org.apache.hadoop.http.lib.StaticUserWebFilter$StaticUserFilter) to context static
2019-06-14 08:36:11,588 INFO  http.HttpServer2 (HttpServer2.java:addFilter(958)) - Added filter static_user_filter (class=org.apache.hadoop.http.lib.StaticUserWebFilter$StaticUserFilter) to context logs
2019-06-14 08:36:11,588 INFO  http.HttpServer2 (HttpServer2.java:bindListener(1191)) - Jetty bound to port 33053
2019-06-14 08:36:11,589 INFO  server.Server (Server.java:doStart(351)) - jetty-9.3.24.v20180605, build timestamp: 2018-06-05T17:11:56Z, git hash: 84205aa28f11a4f31f2a3b86d1bba2cc8ab69827
2019-06-14 08:36:11,590 INFO  handler.ContextHandler (ContextHandler.java:doStart(781)) - Started o.e.j.s.ServletContextHandler@4a094f90{/logs,file:///opt/src/hadoop-ozone/integration-test/target/log,AVAILABLE}
2019-06-14 08:36:11,591 INFO  handler.ContextHandler (ContextHandler.java:doStart(781)) - Started o.e.j.s.ServletContextHandler@8c34631{/static,jar:file:/root/.m2/repository/org/apache/hadoop/hadoop-hdds-container-service/0.5.0-SNAPSHOT/hadoop-hdds-container-service-0.5.0-SNAPSHOT.jar!/webapps/static,AVAILABLE}
2019-06-14 08:36:11,619 INFO  handler.ContextHandler (ContextHandler.java:doStart(781)) - Started o.e.j.w.WebAppContext@792eeae6{/,file:///tmp/jetty-0.0.0.0-33053-hddsDatanode-_-any-7304297847601803881.dir/webapp/,AVAILABLE}{/hddsDatanode}
2019-06-14 08:36:11,621 INFO  server.AbstractConnector (AbstractConnector.java:doStart(278)) - Started ServerConnector@50cf8e1a{HTTP/1.1,[http/1.1]}{0.0.0.0:33053}
2019-06-14 08:36:11,621 INFO  server.Server (Server.java:doStart(419)) - Started @38529ms
2019-06-14 08:36:11,623 INFO  server.BaseHttpServer (BaseHttpServer.java:updateConnectorAddress(207)) - HTTP server of HDDSDATANODE is listening at http://0.0.0.0:33053
2019-06-14 08:36:11,702 INFO  ozone.HddsDatanodeService (HddsDatanodeService.java:startPlugins(396)) - Started plug-in org.apache.hadoop.ozone.web.OzoneHddsDatanodeService@8b1bfdf
2019-06-14 08:36:11,703 INFO  ozone.MiniOzoneClusterImpl (MiniOzoneClusterImpl.java:lambda$waitForClusterToBeReady$0(142)) - Waiting for cluster to be ready. Got 0 of 7 DN Heartbeats.
2019-06-14 08:36:11,708 INFO  util.JvmPauseMonitor (JvmPauseMonitor.java:run(188)) - Starting JVM pause monitor
2019-06-14 08:36:11,709 INFO  datanode.InitDatanodeState (InitDatanodeState.java:persistContainerDatanodeDetails(140)) - DatanodeDetails is persisted to /opt/src/hadoop-ozone/integration-test/target/test-dir/MiniOzoneClusterImpl-26a55514-a2c5-4524-ba36-82f1d26e9fd2/datanode-6/meta/datanode.id
2019-06-14 08:36:12,703 INFO  ozone.MiniOzoneClusterImpl (MiniOzoneClusterImpl.java:lambda$waitForClusterToBeReady$0(142)) - Waiting for cluster to be ready. Got 0 of 7 DN Heartbeats.
2019-06-14 08:36:12,765 INFO  ozoneimpl.OzoneContainer (OzoneContainer.java:start(186)) - Attempting to start container services.
2019-06-14 08:36:12,765 INFO  ozoneimpl.OzoneContainer (OzoneContainer.java:startContainerScrub(160)) - Background container scrubber has been disabled by hdds.containerscrub.enabled
2019-06-14 08:36:12,765 INFO  ratis.XceiverServerRatis (XceiverServerRatis.java:start(418)) - Starting XceiverServerRatis 1ec1d2b4-9587-487d-b414-640d8937b625 at port 37719
2019-06-14 08:36:12,768 INFO  impl.RaftServerProxy (RaftServerProxy.java:lambda$start$3(299)) - 1ec1d2b4-9587-487d-b414-640d8937b625: start RPC server
2019-06-14 08:36:12,769 INFO  server.GrpcService (GrpcService.java:startImpl(148)) - 1ec1d2b4-9587-487d-b414-640d8937b625: GrpcService started, listening on 0.0.0.0/0.0.0.0:37719
2019-06-14 08:36:12,926 INFO  ozoneimpl.OzoneContainer (OzoneContainer.java:start(186)) - Attempting to start container services.
2019-06-14 08:36:12,926 INFO  ozoneimpl.OzoneContainer (OzoneContainer.java:startContainerScrub(160)) - Background container scrubber has been disabled by hdds.containerscrub.enabled
2019-06-14 08:36:12,926 INFO  ratis.XceiverServerRatis (XceiverServerRatis.java:start(418)) - Starting XceiverServerRatis dbc720ab-70b9-4009-8748-b891edcf2a35 at port 35601
2019-06-14 08:36:12,929 INFO  impl.RaftServerProxy (RaftServerProxy.java:lambda$start$3(299)) - dbc720ab-70b9-4009-8748-b891edcf2a35: start RPC server
2019-06-14 08:36:12,930 INFO  server.GrpcService (GrpcService.java:startImpl(148)) - dbc720ab-70b9-4009-8748-b891edcf2a35: GrpcService started, listening on 0.0.0.0/0.0.0.0:35601
2019-06-14 08:36:13,065 INFO  ozoneimpl.OzoneContainer (OzoneContainer.java:start(186)) - Attempting to start container services.
2019-06-14 08:36:13,065 INFO  ozoneimpl.OzoneContainer (OzoneContainer.java:startContainerScrub(160)) - Background container scrubber has been disabled by hdds.containerscrub.enabled
2019-06-14 08:36:13,065 INFO  ratis.XceiverServerRatis (XceiverServerRatis.java:start(418)) - Starting XceiverServerRatis e70f6017-e2d9-433f-ac29-d89cc01ed1d7 at port 36501
2019-06-14 08:36:13,068 INFO  impl.RaftServerProxy (RaftServerProxy.java:lambda$start$3(299)) - e70f6017-e2d9-433f-ac29-d89cc01ed1d7: start RPC server
2019-06-14 08:36:13,069 INFO  server.GrpcService (GrpcService.java:startImpl(148)) - e70f6017-e2d9-433f-ac29-d89cc01ed1d7: GrpcService started, listening on 0.0.0.0/0.0.0.0:36501
2019-06-14 08:36:13,214 INFO  ozoneimpl.OzoneContainer (OzoneContainer.java:start(186)) - Attempting to start container services.
2019-06-14 08:36:13,214 INFO  ozoneimpl.OzoneContainer (OzoneContainer.java:startContainerScrub(160)) - Background container scrubber has been disabled by hdds.containerscrub.enabled
2019-06-14 08:36:13,215 INFO  ratis.XceiverServerRatis (XceiverServerRatis.java:start(418)) - Starting XceiverServerRatis 90d25e9e-8e34-4124-9605-b24393a840ab at port 37373
2019-06-14 08:36:13,218 INFO  impl.RaftServerProxy (RaftServerProxy.java:lambda$start$3(299)) - 90d25e9e-8e34-4124-9605-b24393a840ab: start RPC server
2019-06-14 08:36:13,218 INFO  server.GrpcService (GrpcService.java:startImpl(148)) - 90d25e9e-8e34-4124-9605-b24393a840ab: GrpcService started, listening on 0.0.0.0/0.0.0.0:37373
2019-06-14 08:36:13,414 INFO  ozoneimpl.OzoneContainer (OzoneContainer.java:start(186)) - Attempting to start container services.
2019-06-14 08:36:13,414 INFO  ozoneimpl.OzoneContainer (OzoneContainer.java:startContainerScrub(160)) - Background container scrubber has been disabled by hdds.containerscrub.enabled
2019-06-14 08:36:13,414 INFO  ratis.XceiverServerRatis (XceiverServerRatis.java:start(418)) - Starting XceiverServerRatis ead1e677-2543-412d-b74f-78773de8f177 at port 39127
2019-06-14 08:36:13,417 INFO  impl.RaftServerProxy (RaftServerProxy.java:lambda$start$3(299)) - ead1e677-2543-412d-b74f-78773de8f177: start RPC server
2019-06-14 08:36:13,418 INFO  server.GrpcService (GrpcService.java:startImpl(148)) - ead1e677-2543-412d-b74f-78773de8f177: GrpcService started, listening on 0.0.0.0/0.0.0.0:39127
2019-06-14 08:36:13,563 INFO  ozoneimpl.OzoneContainer (OzoneContainer.java:start(186)) - Attempting to start container services.
2019-06-14 08:36:13,563 INFO  ozoneimpl.OzoneContainer (OzoneContainer.java:startContainerScrub(160)) - Background container scrubber has been disabled by hdds.containerscrub.enabled
2019-06-14 08:36:13,563 INFO  ratis.XceiverServerRatis (XceiverServerRatis.java:start(418)) - Starting XceiverServerRatis 517f2f3f-a155-4f9e-9148-a5bf7085e160 at port 38773
2019-06-14 08:36:13,566 INFO  impl.RaftServerProxy (RaftServerProxy.java:lambda$start$3(299)) - 517f2f3f-a155-4f9e-9148-a5bf7085e160: start RPC server
2019-06-14 08:36:13,567 INFO  server.GrpcService (GrpcService.java:startImpl(148)) - 517f2f3f-a155-4f9e-9148-a5bf7085e160: GrpcService started, listening on 0.0.0.0/0.0.0.0:38773
2019-06-14 08:36:13,703 INFO  ozone.MiniOzoneClusterImpl (MiniOzoneClusterImpl.java:lambda$waitForClusterToBeReady$0(142)) - Waiting for cluster to be ready. Got 0 of 7 DN Heartbeats.
2019-06-14 08:36:13,711 INFO  ozoneimpl.OzoneContainer (OzoneContainer.java:start(186)) - Attempting to start container services.
2019-06-14 08:36:13,711 INFO  ozoneimpl.OzoneContainer (OzoneContainer.java:startContainerScrub(160)) - Background container scrubber has been disabled by hdds.containerscrub.enabled
2019-06-14 08:36:13,711 INFO  ratis.XceiverServerRatis (XceiverServerRatis.java:start(418)) - Starting XceiverServerRatis 76a83660-9d85-410c-94b0-abb1d93e6122 at port 33271
2019-06-14 08:36:13,714 INFO  impl.RaftServerProxy (RaftServerProxy.java:lambda$start$3(299)) - 76a83660-9d85-410c-94b0-abb1d93e6122: start RPC server
2019-06-14 08:36:13,715 INFO  server.GrpcService (GrpcService.java:startImpl(148)) - 76a83660-9d85-410c-94b0-abb1d93e6122: GrpcService started, listening on 0.0.0.0/0.0.0.0:33271
2019-06-14 08:36:14,704 INFO  ozone.MiniOzoneClusterImpl (MiniOzoneClusterImpl.java:lambda$waitForClusterToBeReady$0(142)) - Waiting for cluster to be ready. Got 0 of 7 DN Heartbeats.
2019-06-14 08:36:14,760 INFO  node.SCMNodeManager (SCMNodeManager.java:register(234)) - Registered Data node : 1ec1d2b4-9587-487d-b414-640d8937b625{ip: 192.168.11.250, host: ozone-rp9nx-1314784558, networkLocation: /default-rack, certSerialId: null}
2019-06-14 08:36:14,763 INFO  safemode.SCMSafeModeManager (DataNodeSafeModeRule.java:process(71)) - SCM in safe mode. 1 DataNodes registered, 1 required.
2019-06-14 08:36:14,764 INFO  safemode.SCMSafeModeManager (SCMSafeModeManager.java:validateSafeModeExitRules(177)) - ScmSafeModeManager, all rules are successfully validated
2019-06-14 08:36:14,764 INFO  safemode.SCMSafeModeManager (SCMSafeModeManager.java:exitSafeMode(193)) - SCM exiting safe mode.
2019-06-14 08:36:14,770 INFO  impl.RaftServerProxy (RaftServerProxy.java:addNew(89)) - 1ec1d2b4-9587-487d-b414-640d8937b625: addNew group-FF2F35F32008:[1ec1d2b4-9587-487d-b414-640d8937b625:192.168.11.250:37719] returns group-FF2F35F32008:java.util.concurrent.CompletableFuture@219c929c[Not completed]
2019-06-14 08:36:14,771 INFO  impl.RaftServerImpl (RaftServerImpl.java:<init>(91)) - 1ec1d2b4-9587-487d-b414-640d8937b625: new RaftServerImpl for group-FF2F35F32008:[1ec1d2b4-9587-487d-b414-640d8937b625:192.168.11.250:37719] with ContainerStateMachine:uninitialized
2019-06-14 08:36:14,771 INFO  server.RaftServerConfigKeys (ConfUtils.java:logGet(43)) - raft.server.rpc.timeout.min = 1s (custom)
2019-06-14 08:36:14,771 INFO  server.RaftServerConfigKeys (ConfUtils.java:logGet(43)) - raft.server.rpc.timeout.max = 1200ms (custom)
2019-06-14 08:36:14,771 INFO  server.RaftServerConfigKeys (ConfUtils.java:logGet(43)) - raft.server.rpcslowness.timeout = 120s (custom)
2019-06-14 08:36:14,771 INFO  server.RaftServerConfigKeys (ConfUtils.java:logGet(43)) - raft.server.log.appender.install.snapshot.enabled = true (default)
2019-06-14 08:36:14,771 INFO  impl.RaftServerImpl (ServerState.java:<init>(101)) - 1ec1d2b4-9587-487d-b414-640d8937b625:group-FF2F35F32008 ConfigurationManager, init=-1: [1ec1d2b4-9587-487d-b414-640d8937b625:192.168.11.250:37719], old=null, confs=<EMPTY_MAP>
2019-06-14 08:36:14,771 INFO  server.RaftServerConfigKeys (ConfUtils.java:logGet(43)) - raft.server.storage.dir = [/opt/src/hadoop-ozone/integration-test/target/test-dir/MiniOzoneClusterImpl-26a55514-a2c5-4524-ba36-82f1d26e9fd2/datanode-0/data/ratis] (custom)
2019-06-14 08:36:14,772 INFO  storage.RaftStorageDirectory (RaftStorageDirectory.java:analyzeStorage(246)) - The storage directory /opt/src/hadoop-ozone/integration-test/target/test-dir/MiniOzoneClusterImpl-26a55514-a2c5-4524-ba36-82f1d26e9fd2/datanode-0/data/ratis/90de675b-7e29-44ac-841b-ff2f35f32008 does not exist. Creating ...
2019-06-14 08:36:14,774 INFO  storage.RaftStorageDirectory (RaftStorageDirectory.java:tryLock(328)) - Lock on /opt/src/hadoop-ozone/integration-test/target/test-dir/MiniOzoneClusterImpl-26a55514-a2c5-4524-ba36-82f1d26e9fd2/datanode-0/data/ratis/90de675b-7e29-44ac-841b-ff2f35f32008/in_use.lock acquired by nodename 9324@ozone-rp9nx-1314784558
2019-06-14 08:36:14,776 INFO  storage.RaftStorage (RaftStorage.java:format(75)) - Storage directory /opt/src/hadoop-ozone/integration-test/target/test-dir/MiniOzoneClusterImpl-26a55514-a2c5-4524-ba36-82f1d26e9fd2/datanode-0/data/ratis/90de675b-7e29-44ac-841b-ff2f35f32008 has been successfully formatted.
2019-06-14 08:36:14,776 INFO  ratis.ContainerStateMachine (ContainerStateMachine.java:loadSnapshot(199)) - The snapshot info is null.Setting the last applied index to:(t:0, i:~)
2019-06-14 08:36:14,776 INFO  server.RaftServerConfigKeys (ConfUtils.java:logGet(43)) - raft.server.leader.election.timeout = 120s (custom)
2019-06-14 08:36:14,776 INFO  server.RaftServerConfigKeys (ConfUtils.java:logGet(43)) - raft.server.log.use.memory = false (default)
2019-06-14 08:36:14,776 INFO  server.RaftServerConfigKeys (ConfUtils.java:logGet(43)) - raft.server.log.appender.buffer.byte-limit = 33554432 (custom)
2019-06-14 08:36:14,776 INFO  server.RaftServerConfigKeys (ConfUtils.java:logGet(43)) - raft.server.log.segment.size.max = 16384 (custom)
2019-06-14 08:36:14,776 INFO  server.RaftServerConfigKeys (ConfUtils.java:logGet(43)) - raft.server.log.segment.cache.num.max = 2 (custom)
2019-06-14 08:36:14,776 INFO  storage.RaftLogWorker (RaftLogWorker.java:<init>(123)) - new 1ec1d2b4-9587-487d-b414-640d8937b625-RaftLogWorker for Storage Directory /opt/src/hadoop-ozone/integration-test/target/test-dir/MiniOzoneClusterImpl-26a55514-a2c5-4524-ba36-82f1d26e9fd2/datanode-0/data/ratis/90de675b-7e29-44ac-841b-ff2f35f32008
2019-06-14 08:36:14,776 INFO  server.RaftServerConfigKeys (ConfUtils.java:logGet(43)) - raft.server.log.queue.byte-limit = 2147483647 (custom)
2019-06-14 08:36:14,776 INFO  server.RaftServerConfigKeys (ConfUtils.java:logGet(43)) - raft.server.log.queue.element-limit = 1024 (custom)
2019-06-14 08:36:14,776 INFO  server.RaftServerConfigKeys (ConfUtils.java:logGet(43)) - raft.server.log.segment.size.max = 16384 (custom)
2019-06-14 08:36:14,777 INFO  server.RaftServerConfigKeys (ConfUtils.java:logGet(43)) - raft.server.log.preallocated.size = 16384 (custom)
2019-06-14 08:36:14,777 INFO  server.RaftServerConfigKeys (ConfUtils.java:logGet(43)) - raft.server.log.write.buffer.size = 33554432 (custom)
2019-06-14 08:36:14,777 INFO  server.RaftServerConfigKeys (ConfUtils.java:logGet(43)) - raft.server.log.force.sync.num = 128 (default)
2019-06-14 08:36:14,777 INFO  server.RaftServerConfigKeys (ConfUtils.java:logGet(43)) - raft.server.log.statemachine.data.sync = true (default)
2019-06-14 08:36:14,777 INFO  server.RaftServerConfigKeys (ConfUtils.java:logGet(43)) - raft.server.log.statemachine.data.sync.timeout = 10s (default)
2019-06-14 08:36:14,777 INFO  server.RaftServerConfigKeys (ConfUtils.java:logGet(43)) - raft.server.log.statemachine.data.sync.timeout.retry = -1 (default)
2019-06-14 08:36:14,777 INFO  server.RaftServerConfigKeys (ConfUtils.java:logGet(43)) - raft.server.log.statemachine.data.caching.enabled = true (custom)
2019-06-14 08:36:14,777 INFO  server.RaftServerConfigKeys (ConfUtils.java:logGet(43)) - raft.server.snapshot.auto.trigger.enabled = true (custom)
2019-06-14 08:36:14,777 INFO  server.RaftServerConfigKeys (ConfUtils.java:logGet(43)) - raft.server.snapshot.auto.trigger.threshold = 10000 (custom)
2019-06-14 08:36:14,777 INFO  server.RaftServerConfigKeys (ConfUtils.java:logGet(43)) - raft.server.retrycache.expirytime = 600000ms (custom)
2019-06-14 08:36:14,777 INFO  impl.RaftServerImpl (RaftServerImpl.java:start(173)) - 1ec1d2b4-9587-487d-b414-640d8937b625: start group-FF2F35F32008
2019-06-14 08:36:14,778 INFO  impl.RaftServerImpl (RaftServerImpl.java:setRole(164)) - 1ec1d2b4-9587-487d-b414-640d8937b625:group-FF2F35F32008 changes role from null to FOLLOWER at term 0 for startAsFollower
2019-06-14 08:36:14,778 INFO  impl.RoleInfo (RoleInfo.java:updateAndGet(143)) - 1ec1d2b4-9587-487d-b414-640d8937b625: start FollowerState
2019-06-14 08:36:14,778 INFO  util.JmxRegister (JmxRegister.java:tryRegister(44)) - Successfully registered JMX Bean with object name Ratis:service=RaftServer,group=group-FF2F35F32008,id=1ec1d2b4-9587-487d-b414-640d8937b625
2019-06-14 08:36:14,780 INFO  pipeline.PipelineStateManager (PipelineStateManager.java:addPipeline(56)) - Created pipeline Pipeline[ Id: 90de675b-7e29-44ac-841b-ff2f35f32008, Nodes: 1ec1d2b4-9587-487d-b414-640d8937b625{ip: 192.168.11.250, host: ozone-rp9nx-1314784558, networkLocation: /default-rack, certSerialId: null}, Type:RATIS, Factor:ONE, State:OPEN]
2019-06-14 08:36:14,923 INFO  node.SCMNodeManager (SCMNodeManager.java:register(234)) - Registered Data node : dbc720ab-70b9-4009-8748-b891edcf2a35{ip: 192.168.11.250, host: ozone-rp9nx-1314784558, networkLocation: /default-rack, certSerialId: null}
2019-06-14 08:36:14,938 INFO  impl.RaftServerProxy (RaftServerProxy.java:addNew(89)) - dbc720ab-70b9-4009-8748-b891edcf2a35: addNew group-2E20A832494F:[dbc720ab-70b9-4009-8748-b891edcf2a35:192.168.11.250:35601] returns group-2E20A832494F:java.util.concurrent.CompletableFuture@24f43d19[Not completed]
2019-06-14 08:36:14,938 INFO  impl.RaftServerImpl (RaftServerImpl.java:<init>(91)) - dbc720ab-70b9-4009-8748-b891edcf2a35: new RaftServerImpl for group-2E20A832494F:[dbc720ab-70b9-4009-8748-b891edcf2a35:192.168.11.250:35601] with ContainerStateMachine:uninitialized
2019-06-14 08:36:14,939 INFO  server.RaftServerConfigKeys (ConfUtils.java:logGet(43)) - raft.server.rpc.timeout.min = 1s (custom)
2019-06-14 08:36:14,939 INFO  server.RaftServerConfigKeys (ConfUtils.java:logGet(43)) - raft.server.rpc.timeout.max = 1200ms (custom)
2019-06-14 08:36:14,939 INFO  server.RaftServerConfigKeys (ConfUtils.java:logGet(43)) - raft.server.rpcslowness.timeout = 120s (custom)
2019-06-14 08:36:14,939 INFO  server.RaftServerConfigKeys (ConfUtils.java:logGet(43)) - raft.server.log.appender.install.snapshot.enabled = true (default)
2019-06-14 08:36:14,939 INFO  impl.RaftServerImpl (ServerState.java:<init>(101)) - dbc720ab-70b9-4009-8748-b891edcf2a35:group-2E20A832494F ConfigurationManager, init=-1: [dbc720ab-70b9-4009-8748-b891edcf2a35:192.168.11.250:35601], old=null, confs=<EMPTY_MAP>
2019-06-14 08:36:14,939 INFO  server.RaftServerConfigKeys (ConfUtils.java:logGet(43)) - raft.server.storage.dir = [/opt/src/hadoop-ozone/integration-test/target/test-dir/MiniOzoneClusterImpl-26a55514-a2c5-4524-ba36-82f1d26e9fd2/datanode-1/data/ratis] (custom)
2019-06-14 08:36:14,939 INFO  storage.RaftStorageDirectory (RaftStorageDirectory.java:analyzeStorage(246)) - The storage directory /opt/src/hadoop-ozone/integration-test/target/test-dir/MiniOzoneClusterImpl-26a55514-a2c5-4524-ba36-82f1d26e9fd2/datanode-1/data/ratis/e2ada2e3-5cbd-42ba-8462-2e20a832494f does not exist. Creating ...
2019-06-14 08:36:14,942 INFO  storage.RaftStorageDirectory (RaftStorageDirectory.java:tryLock(328)) - Lock on /opt/src/hadoop-ozone/integration-test/target/test-dir/MiniOzoneClusterImpl-26a55514-a2c5-4524-ba36-82f1d26e9fd2/datanode-1/data/ratis/e2ada2e3-5cbd-42ba-8462-2e20a832494f/in_use.lock acquired by nodename 9324@ozone-rp9nx-1314784558
2019-06-14 08:36:14,944 INFO  storage.RaftStorage (RaftStorage.java:format(75)) - Storage directory /opt/src/hadoop-ozone/integration-test/target/test-dir/MiniOzoneClusterImpl-26a55514-a2c5-4524-ba36-82f1d26e9fd2/datanode-1/data/ratis/e2ada2e3-5cbd-42ba-8462-2e20a832494f has been successfully formatted.
2019-06-14 08:36:14,944 INFO  ratis.ContainerStateMachine (ContainerStateMachine.java:loadSnapshot(199)) - The snapshot info is null.Setting the last applied index to:(t:0, i:~)
2019-06-14 08:36:14,944 INFO  server.RaftServerConfigKeys (ConfUtils.java:logGet(43)) - raft.server.leader.election.timeout = 120s (custom)
2019-06-14 08:36:14,944 INFO  server.RaftServerConfigKeys (ConfUtils.java:logGet(43)) - raft.server.log.use.memory = false (default)
2019-06-14 08:36:14,944 INFO  server.RaftServerConfigKeys (ConfUtils.java:logGet(43)) - raft.server.log.appender.buffer.byte-limit = 33554432 (custom)
2019-06-14 08:36:14,944 INFO  server.RaftServerConfigKeys (ConfUtils.java:logGet(43)) - raft.server.log.segment.size.max = 16384 (custom)
2019-06-14 08:36:14,944 INFO  server.RaftServerConfigKeys (ConfUtils.java:logGet(43)) - raft.server.log.segment.cache.num.max = 2 (custom)
2019-06-14 08:36:14,945 INFO  storage.RaftLogWorker (RaftLogWorker.java:<init>(123)) - new dbc720ab-70b9-4009-8748-b891edcf2a35-RaftLogWorker for Storage Directory /opt/src/hadoop-ozone/integration-test/target/test-dir/MiniOzoneClusterImpl-26a55514-a2c5-4524-ba36-82f1d26e9fd2/datanode-1/data/ratis/e2ada2e3-5cbd-42ba-8462-2e20a832494f
2019-06-14 08:36:14,945 INFO  server.RaftServerConfigKeys (ConfUtils.java:logGet(43)) - raft.server.log.queue.byte-limit = 2147483647 (custom)
2019-06-14 08:36:14,945 INFO  server.RaftServerConfigKeys (ConfUtils.java:logGet(43)) - raft.server.log.queue.element-limit = 1024 (custom)
2019-06-14 08:36:14,945 INFO  server.RaftServerConfigKeys (ConfUtils.java:logGet(43)) - raft.server.log.segment.size.max = 16384 (custom)
2019-06-14 08:36:14,945 INFO  server.RaftServerConfigKeys (ConfUtils.java:logGet(43)) - raft.server.log.preallocated.size = 16384 (custom)
2019-06-14 08:36:14,945 INFO  server.RaftServerConfigKeys (ConfUtils.java:logGet(43)) - raft.server.log.write.buffer.size = 33554432 (custom)
2019-06-14 08:36:14,945 INFO  server.RaftServerConfigKeys (ConfUtils.java:logGet(43)) - raft.server.log.force.sync.num = 128 (default)
2019-06-14 08:36:14,945 INFO  server.RaftServerConfigKeys (ConfUtils.java:logGet(43)) - raft.server.log.statemachine.data.sync = true (default)
2019-06-14 08:36:14,945 INFO  server.RaftServerConfigKeys (ConfUtils.java:logGet(43)) - raft.server.log.statemachine.data.sync.timeout = 10s (default)
2019-06-14 08:36:14,945 INFO  server.RaftServerConfigKeys (ConfUtils.java:logGet(43)) - raft.server.log.statemachine.data.sync.timeout.retry = -1 (default)
2019-06-14 08:36:14,946 INFO  server.RaftServerConfigKeys (ConfUtils.java:logGet(43)) - raft.server.log.statemachine.data.caching.enabled = true (custom)
2019-06-14 08:36:14,946 INFO  server.RaftServerConfigKeys (ConfUtils.java:logGet(43)) - raft.server.snapshot.auto.trigger.enabled = true (custom)
2019-06-14 08:36:14,946 INFO  server.RaftServerConfigKeys (ConfUtils.java:logGet(43)) - raft.server.snapshot.auto.trigger.threshold = 10000 (custom)
2019-06-14 08:36:14,946 INFO  server.RaftServerConfigKeys (ConfUtils.java:logGet(43)) - raft.server.retrycache.expirytime = 600000ms (custom)
2019-06-14 08:36:14,946 INFO  impl.RaftServerImpl (RaftServerImpl.java:start(173)) - dbc720ab-70b9-4009-8748-b891edcf2a35: start group-2E20A832494F
2019-06-14 08:36:14,946 INFO  impl.RaftServerImpl (RaftServerImpl.java:setRole(164)) - dbc720ab-70b9-4009-8748-b891edcf2a35:group-2E20A832494F changes role from null to FOLLOWER at term 0 for startAsFollower
2019-06-14 08:36:14,946 INFO  impl.RoleInfo (RoleInfo.java:updateAndGet(143)) - dbc720ab-70b9-4009-8748-b891edcf2a35: start FollowerState
2019-06-14 08:36:14,947 INFO  util.JmxRegister (JmxRegister.java:tryRegister(44)) - Successfully registered JMX Bean with object name Ratis:service=RaftServer,group=group-2E20A832494F,id=dbc720ab-70b9-4009-8748-b891edcf2a35
2019-06-14 08:36:14,948 INFO  pipeline.PipelineStateManager (PipelineStateManager.java:addPipeline(56)) - Created pipeline Pipeline[ Id: e2ada2e3-5cbd-42ba-8462-2e20a832494f, Nodes: dbc720ab-70b9-4009-8748-b891edcf2a35{ip: 192.168.11.250, host: ozone-rp9nx-1314784558, networkLocation: /default-rack, certSerialId: null}, Type:RATIS, Factor:ONE, State:OPEN]
2019-06-14 08:36:15,063 INFO  node.SCMNodeManager (SCMNodeManager.java:register(234)) - Registered Data node : e70f6017-e2d9-433f-ac29-d89cc01ed1d7{ip: 192.168.11.250, host: ozone-rp9nx-1314784558, networkLocation: /default-rack, certSerialId: null}
2019-06-14 08:36:15,072 INFO  impl.RaftServerProxy (RaftServerProxy.java:addNew(89)) - e70f6017-e2d9-433f-ac29-d89cc01ed1d7: addNew group-5BE4A16801D8:[e70f6017-e2d9-433f-ac29-d89cc01ed1d7:192.168.11.250:36501] returns group-5BE4A16801D8:java.util.concurrent.CompletableFuture@4f768273[Not completed]
2019-06-14 08:36:15,073 INFO  impl.RaftServerImpl (RaftServerImpl.java:<init>(91)) - e70f6017-e2d9-433f-ac29-d89cc01ed1d7: new RaftServerImpl for group-5BE4A16801D8:[e70f6017-e2d9-433f-ac29-d89cc01ed1d7:192.168.11.250:36501] with ContainerStateMachine:uninitialized
2019-06-14 08:36:15,073 INFO  server.RaftServerConfigKeys (ConfUtils.java:logGet(43)) - raft.server.rpc.timeout.min = 1s (custom)
2019-06-14 08:36:15,073 INFO  server.RaftServerConfigKeys (ConfUtils.java:logGet(43)) - raft.server.rpc.timeout.max = 1200ms (custom)
2019-06-14 08:36:15,073 INFO  server.RaftServerConfigKeys (ConfUtils.java:logGet(43)) - raft.server.rpcslowness.timeout = 120s (custom)
2019-06-14 08:36:15,073 INFO  server.RaftServerConfigKeys (ConfUtils.java:logGet(43)) - raft.server.log.appender.install.snapshot.enabled = true (default)
2019-06-14 08:36:15,073 INFO  impl.RaftServerImpl (ServerState.java:<init>(101)) - e70f6017-e2d9-433f-ac29-d89cc01ed1d7:group-5BE4A16801D8 ConfigurationManager, init=-1: [e70f6017-e2d9-433f-ac29-d89cc01ed1d7:192.168.11.250:36501], old=null, confs=<EMPTY_MAP>
2019-06-14 08:36:15,073 INFO  server.RaftServerConfigKeys (ConfUtils.java:logGet(43)) - raft.server.storage.dir = [/opt/src/hadoop-ozone/integration-test/target/test-dir/MiniOzoneClusterImpl-26a55514-a2c5-4524-ba36-82f1d26e9fd2/datanode-2/data/ratis] (custom)
2019-06-14 08:36:15,074 INFO  storage.RaftStorageDirectory (RaftStorageDirectory.java:analyzeStorage(246)) - The storage directory /opt/src/hadoop-ozone/integration-test/target/test-dir/MiniOzoneClusterImpl-26a55514-a2c5-4524-ba36-82f1d26e9fd2/datanode-2/data/ratis/385f5ecb-0cf7-47c3-b6ab-5be4a16801d8 does not exist. Creating ...
2019-06-14 08:36:15,076 INFO  storage.RaftStorageDirectory (RaftStorageDirectory.java:tryLock(328)) - Lock on /opt/src/hadoop-ozone/integration-test/target/test-dir/MiniOzoneClusterImpl-26a55514-a2c5-4524-ba36-82f1d26e9fd2/datanode-2/data/ratis/385f5ecb-0cf7-47c3-b6ab-5be4a16801d8/in_use.lock acquired by nodename 9324@ozone-rp9nx-1314784558
2019-06-14 08:36:15,078 INFO  storage.RaftStorage (RaftStorage.java:format(75)) - Storage directory /opt/src/hadoop-ozone/integration-test/target/test-dir/MiniOzoneClusterImpl-26a55514-a2c5-4524-ba36-82f1d26e9fd2/datanode-2/data/ratis/385f5ecb-0cf7-47c3-b6ab-5be4a16801d8 has been successfully formatted.
2019-06-14 08:36:15,078 INFO  ratis.ContainerStateMachine (ContainerStateMachine.java:loadSnapshot(199)) - The snapshot info is null.Setting the last applied index to:(t:0, i:~)
2019-06-14 08:36:15,078 INFO  server.RaftServerConfigKeys (ConfUtils.java:logGet(43)) - raft.server.leader.election.timeout = 120s (custom)
2019-06-14 08:36:15,078 INFO  server.RaftServerConfigKeys (ConfUtils.java:logGet(43)) - raft.server.log.use.memory = false (default)
2019-06-14 08:36:15,078 INFO  server.RaftServerConfigKeys (ConfUtils.java:logGet(43)) - raft.server.log.appender.buffer.byte-limit = 33554432 (custom)
2019-06-14 08:36:15,078 INFO  server.RaftServerConfigKeys (ConfUtils.java:logGet(43)) - raft.server.log.segment.size.max = 16384 (custom)
2019-06-14 08:36:15,079 INFO  server.RaftServerConfigKeys (ConfUtils.java:logGet(43)) - raft.server.log.segment.cache.num.max = 2 (custom)
2019-06-14 08:36:15,079 INFO  storage.RaftLogWorker (RaftLogWorker.java:<init>(123)) - new e70f6017-e2d9-433f-ac29-d89cc01ed1d7-RaftLogWorker for Storage Directory /opt/src/hadoop-ozone/integration-test/target/test-dir/MiniOzoneClusterImpl-26a55514-a2c5-4524-ba36-82f1d26e9fd2/datanode-2/data/ratis/385f5ecb-0cf7-47c3-b6ab-5be4a16801d8
2019-06-14 08:36:15,079 INFO  server.RaftServerConfigKeys (ConfUtils.java:logGet(43)) - raft.server.log.queue.byte-limit = 2147483647 (custom)
2019-06-14 08:36:15,079 INFO  server.RaftServerConfigKeys (ConfUtils.java:logGet(43)) - raft.server.log.queue.element-limit = 1024 (custom)
2019-06-14 08:36:15,079 INFO  server.RaftServerConfigKeys (ConfUtils.java:logGet(43)) - raft.server.log.segment.size.max = 16384 (custom)
2019-06-14 08:36:15,079 INFO  server.RaftServerConfigKeys (ConfUtils.java:logGet(43)) - raft.server.log.preallocated.size = 16384 (custom)
2019-06-14 08:36:15,079 INFO  server.RaftServerConfigKeys (ConfUtils.java:logGet(43)) - raft.server.log.write.buffer.size = 33554432 (custom)
2019-06-14 08:36:15,079 INFO  server.RaftServerConfigKeys (ConfUtils.java:logGet(43)) - raft.server.log.force.sync.num = 128 (default)
2019-06-14 08:36:15,079 INFO  server.RaftServerConfigKeys (ConfUtils.java:logGet(43)) - raft.server.log.statemachine.data.sync = true (default)
2019-06-14 08:36:15,080 INFO  server.RaftServerConfigKeys (ConfUtils.java:logGet(43)) - raft.server.log.statemachine.data.sync.timeout = 10s (default)
2019-06-14 08:36:15,080 INFO  server.RaftServerConfigKeys (ConfUtils.java:logGet(43)) - raft.server.log.statemachine.data.sync.timeout.retry = -1 (default)
2019-06-14 08:36:15,080 INFO  server.RaftServerConfigKeys (ConfUtils.java:logGet(43)) - raft.server.log.statemachine.data.caching.enabled = true (custom)
2019-06-14 08:36:15,080 INFO  server.RaftServerConfigKeys (ConfUtils.java:logGet(43)) - raft.server.snapshot.auto.trigger.enabled = true (custom)
2019-06-14 08:36:15,080 INFO  server.RaftServerConfigKeys (ConfUtils.java:logGet(43)) - raft.server.snapshot.auto.trigger.threshold = 10000 (custom)
2019-06-14 08:36:15,080 INFO  server.RaftServerConfigKeys (ConfUtils.java:logGet(43)) - raft.server.retrycache.expirytime = 600000ms (custom)
2019-06-14 08:36:15,081 INFO  impl.RaftServerImpl (RaftServerImpl.java:start(173)) - e70f6017-e2d9-433f-ac29-d89cc01ed1d7: start group-5BE4A16801D8
2019-06-14 08:36:15,081 INFO  impl.RaftServerImpl (RaftServerImpl.java:setRole(164)) - e70f6017-e2d9-433f-ac29-d89cc01ed1d7:group-5BE4A16801D8 changes role from null to FOLLOWER at term 0 for startAsFollower
2019-06-14 08:36:15,081 INFO  impl.RoleInfo (RoleInfo.java:updateAndGet(143)) - e70f6017-e2d9-433f-ac29-d89cc01ed1d7: start FollowerState
2019-06-14 08:36:15,081 INFO  util.JmxRegister (JmxRegister.java:tryRegister(44)) - Successfully registered JMX Bean with object name Ratis:service=RaftServer,group=group-5BE4A16801D8,id=e70f6017-e2d9-433f-ac29-d89cc01ed1d7
2019-06-14 08:36:15,084 INFO  pipeline.PipelineStateManager (PipelineStateManager.java:addPipeline(56)) - Created pipeline Pipeline[ Id: 385f5ecb-0cf7-47c3-b6ab-5be4a16801d8, Nodes: e70f6017-e2d9-433f-ac29-d89cc01ed1d7{ip: 192.168.11.250, host: ozone-rp9nx-1314784558, networkLocation: /default-rack, certSerialId: null}, Type:RATIS, Factor:ONE, State:OPEN]
2019-06-14 08:36:15,100 INFO  impl.RaftServerProxy (RaftServerProxy.java:addNew(89)) - 1ec1d2b4-9587-487d-b414-640d8937b625: addNew group-0E47A2B6CD2C:[e70f6017-e2d9-433f-ac29-d89cc01ed1d7:192.168.11.250:36501, dbc720ab-70b9-4009-8748-b891edcf2a35:192.168.11.250:35601, 1ec1d2b4-9587-487d-b414-640d8937b625:192.168.11.250:37719] returns group-0E47A2B6CD2C:java.util.concurrent.CompletableFuture@73bc024d[Not completed]
2019-06-14 08:36:15,100 INFO  impl.RaftServerImpl (RaftServerImpl.java:<init>(91)) - 1ec1d2b4-9587-487d-b414-640d8937b625: new RaftServerImpl for group-0E47A2B6CD2C:[e70f6017-e2d9-433f-ac29-d89cc01ed1d7:192.168.11.250:36501, dbc720ab-70b9-4009-8748-b891edcf2a35:192.168.11.250:35601, 1ec1d2b4-9587-487d-b414-640d8937b625:192.168.11.250:37719] with ContainerStateMachine:uninitialized
2019-06-14 08:36:15,100 INFO  server.RaftServerConfigKeys (ConfUtils.java:logGet(43)) - raft.server.rpc.timeout.min = 1s (custom)
2019-06-14 08:36:15,101 INFO  server.RaftServerConfigKeys (ConfUtils.java:logGet(43)) - raft.server.rpc.timeout.max = 1200ms (custom)
2019-06-14 08:36:15,101 INFO  server.RaftServerConfigKeys (ConfUtils.java:logGet(43)) - raft.server.rpcslowness.timeout = 120s (custom)
2019-06-14 08:36:15,101 INFO  server.RaftServerConfigKeys (ConfUtils.java:logGet(43)) - raft.server.log.appender.install.snapshot.enabled = true (default)
2019-06-14 08:36:15,101 INFO  impl.RaftServerImpl (ServerState.java:<init>(101)) - 1ec1d2b4-9587-487d-b414-640d8937b625:group-0E47A2B6CD2C ConfigurationManager, init=-1: [e70f6017-e2d9-433f-ac29-d89cc01ed1d7:192.168.11.250:36501, dbc720ab-70b9-4009-8748-b891edcf2a35:192.168.11.250:35601, 1ec1d2b4-9587-487d-b414-640d8937b625:192.168.11.250:37719], old=null, confs=<EMPTY_MAP>
2019-06-14 08:36:15,101 INFO  server.RaftServerConfigKeys (ConfUtils.java:logGet(43)) - raft.server.storage.dir = [/opt/src/hadoop-ozone/integration-test/target/test-dir/MiniOzoneClusterImpl-26a55514-a2c5-4524-ba36-82f1d26e9fd2/datanode-0/data/ratis] (custom)
2019-06-14 08:36:15,101 INFO  storage.RaftStorageDirectory (RaftStorageDirectory.java:analyzeStorage(246)) - The storage directory /opt/src/hadoop-ozone/integration-test/target/test-dir/MiniOzoneClusterImpl-26a55514-a2c5-4524-ba36-82f1d26e9fd2/datanode-0/data/ratis/c38d9bc2-b850-497e-b927-0e47a2b6cd2c does not exist. Creating ...
2019-06-14 08:36:15,101 INFO  impl.RaftServerProxy (RaftServerProxy.java:addNew(89)) - dbc720ab-70b9-4009-8748-b891edcf2a35: addNew group-0E47A2B6CD2C:[e70f6017-e2d9-433f-ac29-d89cc01ed1d7:192.168.11.250:36501, dbc720ab-70b9-4009-8748-b891edcf2a35:192.168.11.250:35601, 1ec1d2b4-9587-487d-b414-640d8937b625:192.168.11.250:37719] returns group-0E47A2B6CD2C:java.util.concurrent.CompletableFuture@8a26353[Not completed]
2019-06-14 08:36:15,102 INFO  impl.RaftServerImpl (RaftServerImpl.java:<init>(91)) - dbc720ab-70b9-4009-8748-b891edcf2a35: new RaftServerImpl for group-0E47A2B6CD2C:[e70f6017-e2d9-433f-ac29-d89cc01ed1d7:192.168.11.250:36501, dbc720ab-70b9-4009-8748-b891edcf2a35:192.168.11.250:35601, 1ec1d2b4-9587-487d-b414-640d8937b625:192.168.11.250:37719] with ContainerStateMachine:uninitialized
2019-06-14 08:36:15,102 INFO  server.RaftServerConfigKeys (ConfUtils.java:logGet(43)) - raft.server.rpc.timeout.min = 1s (custom)
2019-06-14 08:36:15,102 INFO  server.RaftServerConfigKeys (ConfUtils.java:logGet(43)) - raft.server.rpc.timeout.max = 1200ms (custom)
2019-06-14 08:36:15,102 INFO  server.RaftServerConfigKeys (ConfUtils.java:logGet(43)) - raft.server.rpcslowness.timeout = 120s (custom)
2019-06-14 08:36:15,102 INFO  server.RaftServerConfigKeys (ConfUtils.java:logGet(43)) - raft.server.log.appender.install.snapshot.enabled = true (default)
2019-06-14 08:36:15,102 INFO  impl.RaftServerImpl (ServerState.java:<init>(101)) - dbc720ab-70b9-4009-8748-b891edcf2a35:group-0E47A2B6CD2C ConfigurationManager, init=-1: [e70f6017-e2d9-433f-ac29-d89cc01ed1d7:192.168.11.250:36501, dbc720ab-70b9-4009-8748-b891edcf2a35:192.168.11.250:35601, 1ec1d2b4-9587-487d-b414-640d8937b625:192.168.11.250:37719], old=null, confs=<EMPTY_MAP>
2019-06-14 08:36:15,102 INFO  server.RaftServerConfigKeys (ConfUtils.java:logGet(43)) - raft.server.storage.dir = [/opt/src/hadoop-ozone/integration-test/target/test-dir/MiniOzoneClusterImpl-26a55514-a2c5-4524-ba36-82f1d26e9fd2/datanode-1/data/ratis] (custom)
2019-06-14 08:36:15,103 INFO  storage.RaftStorageDirectory (RaftStorageDirectory.java:analyzeStorage(246)) - The storage directory /opt/src/hadoop-ozone/integration-test/target/test-dir/MiniOzoneClusterImpl-26a55514-a2c5-4524-ba36-82f1d26e9fd2/datanode-1/data/ratis/c38d9bc2-b850-497e-b927-0e47a2b6cd2c does not exist. Creating ...
2019-06-14 08:36:15,103 INFO  storage.RaftStorageDirectory (RaftStorageDirectory.java:tryLock(328)) - Lock on /opt/src/hadoop-ozone/integration-test/target/test-dir/MiniOzoneClusterImpl-26a55514-a2c5-4524-ba36-82f1d26e9fd2/datanode-0/data/ratis/c38d9bc2-b850-497e-b927-0e47a2b6cd2c/in_use.lock acquired by nodename 9324@ozone-rp9nx-1314784558
2019-06-14 08:36:15,105 INFO  storage.RaftStorageDirectory (RaftStorageDirectory.java:tryLock(328)) - Lock on /opt/src/hadoop-ozone/integration-test/target/test-dir/MiniOzoneClusterImpl-26a55514-a2c5-4524-ba36-82f1d26e9fd2/datanode-1/data/ratis/c38d9bc2-b850-497e-b927-0e47a2b6cd2c/in_use.lock acquired by nodename 9324@ozone-rp9nx-1314784558
2019-06-14 08:36:15,107 INFO  storage.RaftStorage (RaftStorage.java:format(75)) - Storage directory /opt/src/hadoop-ozone/integration-test/target/test-dir/MiniOzoneClusterImpl-26a55514-a2c5-4524-ba36-82f1d26e9fd2/datanode-0/data/ratis/c38d9bc2-b850-497e-b927-0e47a2b6cd2c has been successfully formatted.
2019-06-14 08:36:15,107 INFO  ratis.ContainerStateMachine (ContainerStateMachine.java:loadSnapshot(199)) - The snapshot info is null.Setting the last applied index to:(t:0, i:~)
2019-06-14 08:36:15,107 INFO  impl.RaftServerProxy (RaftServerProxy.java:addNew(89)) - e70f6017-e2d9-433f-ac29-d89cc01ed1d7: addNew group-0E47A2B6CD2C:[e70f6017-e2d9-433f-ac29-d89cc01ed1d7:192.168.11.250:36501, dbc720ab-70b9-4009-8748-b891edcf2a35:192.168.11.250:35601, 1ec1d2b4-9587-487d-b414-640d8937b625:192.168.11.250:37719] returns group-0E47A2B6CD2C:java.util.concurrent.CompletableFuture@39eff4cc[Not completed]
2019-06-14 08:36:15,108 INFO  storage.RaftStorage (RaftStorage.java:format(75)) - Storage directory /opt/src/hadoop-ozone/integration-test/target/test-dir/MiniOzoneClusterImpl-26a55514-a2c5-4524-ba36-82f1d26e9fd2/datanode-1/data/ratis/c38d9bc2-b850-497e-b927-0e47a2b6cd2c has been successfully formatted.
2019-06-14 08:36:15,108 INFO  ratis.ContainerStateMachine (ContainerStateMachine.java:loadSnapshot(199)) - The snapshot info is null.Setting the last applied index to:(t:0, i:~)
2019-06-14 08:36:15,108 INFO  server.RaftServerConfigKeys (ConfUtils.java:logGet(43)) - raft.server.leader.election.timeout = 120s (custom)
2019-06-14 08:36:15,108 INFO  server.RaftServerConfigKeys (ConfUtils.java:logGet(43)) - raft.server.log.use.memory = false (default)
2019-06-14 08:36:15,108 INFO  server.RaftServerConfigKeys (ConfUtils.java:logGet(43)) - raft.server.log.appender.buffer.byte-limit = 33554432 (custom)
2019-06-14 08:36:15,109 INFO  server.RaftServerConfigKeys (ConfUtils.java:logGet(43)) - raft.server.log.segment.size.max = 16384 (custom)
2019-06-14 08:36:15,109 INFO  server.RaftServerConfigKeys (ConfUtils.java:logGet(43)) - raft.server.log.segment.cache.num.max = 2 (custom)
2019-06-14 08:36:15,109 INFO  storage.RaftLogWorker (RaftLogWorker.java:<init>(123)) - new 1ec1d2b4-9587-487d-b414-640d8937b625-RaftLogWorker for Storage Directory /opt/src/hadoop-ozone/integration-test/target/test-dir/MiniOzoneClusterImpl-26a55514-a2c5-4524-ba36-82f1d26e9fd2/datanode-0/data/ratis/c38d9bc2-b850-497e-b927-0e47a2b6cd2c
2019-06-14 08:36:15,109 INFO  server.RaftServerConfigKeys (ConfUtils.java:logGet(43)) - raft.server.log.queue.byte-limit = 2147483647 (custom)
2019-06-14 08:36:15,109 INFO  server.RaftServerConfigKeys (ConfUtils.java:logGet(43)) - raft.server.log.queue.element-limit = 1024 (custom)
2019-06-14 08:36:15,109 INFO  server.RaftServerConfigKeys (ConfUtils.java:logGet(43)) - raft.server.log.segment.size.max = 16384 (custom)
2019-06-14 08:36:15,109 INFO  server.RaftServerConfigKeys (ConfUtils.java:logGet(43)) - raft.server.log.preallocated.size = 16384 (custom)
2019-06-14 08:36:15,109 INFO  server.RaftServerConfigKeys (ConfUtils.java:logGet(43)) - raft.server.log.write.buffer.size = 33554432 (custom)
2019-06-14 08:36:15,110 INFO  server.RaftServerConfigKeys (ConfUtils.java:logGet(43)) - raft.server.log.force.sync.num = 128 (default)
2019-06-14 08:36:15,110 INFO  server.RaftServerConfigKeys (ConfUtils.java:logGet(43)) - raft.server.log.statemachine.data.sync = true (default)
2019-06-14 08:36:15,110 INFO  server.RaftServerConfigKeys (ConfUtils.java:logGet(43)) - raft.server.log.statemachine.data.sync.timeout = 10s (default)
2019-06-14 08:36:15,110 INFO  server.RaftServerConfigKeys (ConfUtils.java:logGet(43)) - raft.server.log.statemachine.data.sync.timeout.retry = -1 (default)
2019-06-14 08:36:15,110 INFO  server.RaftServerConfigKeys (ConfUtils.java:logGet(43)) - raft.server.log.statemachine.data.caching.enabled = true (custom)
2019-06-14 08:36:15,108 INFO  server.RaftServerConfigKeys (ConfUtils.java:logGet(43)) - raft.server.leader.election.timeout = 120s (custom)
2019-06-14 08:36:15,110 INFO  server.RaftServerConfigKeys (ConfUtils.java:logGet(43)) - raft.server.log.use.memory = false (default)
2019-06-14 08:36:15,111 INFO  server.RaftServerConfigKeys (ConfUtils.java:logGet(43)) - raft.server.snapshot.auto.trigger.enabled = true (custom)
2019-06-14 08:36:15,108 INFO  impl.RaftServerImpl (RaftServerImpl.java:<init>(91)) - e70f6017-e2d9-433f-ac29-d89cc01ed1d7: new RaftServerImpl for group-0E47A2B6CD2C:[e70f6017-e2d9-433f-ac29-d89cc01ed1d7:192.168.11.250:36501, dbc720ab-70b9-4009-8748-b891edcf2a35:192.168.11.250:35601, 1ec1d2b4-9587-487d-b414-640d8937b625:192.168.11.250:37719] with ContainerStateMachine:uninitialized
2019-06-14 08:36:15,111 INFO  server.RaftServerConfigKeys (ConfUtils.java:logGet(43)) - raft.server.rpc.timeout.min = 1s (custom)
2019-06-14 08:36:15,111 INFO  server.RaftServerConfigKeys (ConfUtils.java:logGet(43)) - raft.server.rpc.timeout.max = 1200ms (custom)
2019-06-14 08:36:15,111 INFO  server.RaftServerConfigKeys (ConfUtils.java:logGet(43)) - raft.server.rpcslowness.timeout = 120s (custom)
2019-06-14 08:36:15,111 INFO  server.RaftServerConfigKeys (ConfUtils.java:logGet(43)) - raft.server.log.appender.install.snapshot.enabled = true (default)
2019-06-14 08:36:15,111 INFO  impl.RaftServerImpl (ServerState.java:<init>(101)) - e70f6017-e2d9-433f-ac29-d89cc01ed1d7:group-0E47A2B6CD2C ConfigurationManager, init=-1: [e70f6017-e2d9-433f-ac29-d89cc01ed1d7:192.168.11.250:36501, dbc720ab-70b9-4009-8748-b891edcf2a35:192.168.11.250:35601, 1ec1d2b4-9587-487d-b414-640d8937b625:192.168.11.250:37719], old=null, confs=<EMPTY_MAP>
2019-06-14 08:36:15,111 INFO  server.RaftServerConfigKeys (ConfUtils.java:logGet(43)) - raft.server.storage.dir = [/opt/src/hadoop-ozone/integration-test/target/test-dir/MiniOzoneClusterImpl-26a55514-a2c5-4524-ba36-82f1d26e9fd2/datanode-2/data/ratis] (custom)
2019-06-14 08:36:15,111 INFO  storage.RaftStorageDirectory (RaftStorageDirectory.java:analyzeStorage(246)) - The storage directory /opt/src/hadoop-ozone/integration-test/target/test-dir/MiniOzoneClusterImpl-26a55514-a2c5-4524-ba36-82f1d26e9fd2/datanode-2/data/ratis/c38d9bc2-b850-497e-b927-0e47a2b6cd2c does not exist. Creating ...
2019-06-14 08:36:15,111 INFO  server.RaftServerConfigKeys (ConfUtils.java:logGet(43)) - raft.server.snapshot.auto.trigger.threshold = 10000 (custom)
2019-06-14 08:36:15,112 INFO  server.RaftServerConfigKeys (ConfUtils.java:logGet(43)) - raft.server.retrycache.expirytime = 600000ms (custom)
2019-06-14 08:36:15,112 INFO  impl.RaftServerImpl (RaftServerImpl.java:start(173)) - 1ec1d2b4-9587-487d-b414-640d8937b625: start group-0E47A2B6CD2C
2019-06-14 08:36:15,112 INFO  impl.RaftServerImpl (RaftServerImpl.java:setRole(164)) - 1ec1d2b4-9587-487d-b414-640d8937b625:group-0E47A2B6CD2C changes role from null to FOLLOWER at term 0 for startAsFollower
2019-06-14 08:36:15,112 INFO  impl.RoleInfo (RoleInfo.java:updateAndGet(143)) - 1ec1d2b4-9587-487d-b414-640d8937b625: start FollowerState
2019-06-14 08:36:15,111 INFO  server.RaftServerConfigKeys (ConfUtils.java:logGet(43)) - raft.server.log.appender.buffer.byte-limit = 33554432 (custom)
2019-06-14 08:36:15,113 INFO  server.RaftServerConfigKeys (ConfUtils.java:logGet(43)) - raft.server.log.segment.size.max = 16384 (custom)
2019-06-14 08:36:15,113 INFO  server.RaftServerConfigKeys (ConfUtils.java:logGet(43)) - raft.server.log.segment.cache.num.max = 2 (custom)
2019-06-14 08:36:15,113 INFO  storage.RaftLogWorker (RaftLogWorker.java:<init>(123)) - new dbc720ab-70b9-4009-8748-b891edcf2a35-RaftLogWorker for Storage Directory /opt/src/hadoop-ozone/integration-test/target/test-dir/MiniOzoneClusterImpl-26a55514-a2c5-4524-ba36-82f1d26e9fd2/datanode-1/data/ratis/c38d9bc2-b850-497e-b927-0e47a2b6cd2c
2019-06-14 08:36:15,113 INFO  server.RaftServerConfigKeys (ConfUtils.java:logGet(43)) - raft.server.log.queue.byte-limit = 2147483647 (custom)
2019-06-14 08:36:15,113 INFO  server.RaftServerConfigKeys (ConfUtils.java:logGet(43)) - raft.server.log.queue.element-limit = 1024 (custom)
2019-06-14 08:36:15,113 INFO  server.RaftServerConfigKeys (ConfUtils.java:logGet(43)) - raft.server.log.segment.size.max = 16384 (custom)
2019-06-14 08:36:15,113 INFO  server.RaftServerConfigKeys (ConfUtils.java:logGet(43)) - raft.server.log.preallocated.size = 16384 (custom)
2019-06-14 08:36:15,113 INFO  server.RaftServerConfigKeys (ConfUtils.java:logGet(43)) - raft.server.log.write.buffer.size = 33554432 (custom)
2019-06-14 08:36:15,113 INFO  server.RaftServerConfigKeys (ConfUtils.java:logGet(43)) - raft.server.log.force.sync.num = 128 (default)
2019-06-14 08:36:15,114 INFO  server.RaftServerConfigKeys (ConfUtils.java:logGet(43)) - raft.server.log.statemachine.data.sync = true (default)
2019-06-14 08:36:15,114 INFO  server.RaftServerConfigKeys (ConfUtils.java:logGet(43)) - raft.server.log.statemachine.data.sync.timeout = 10s (default)
2019-06-14 08:36:15,114 INFO  server.RaftServerConfigKeys (ConfUtils.java:logGet(43)) - raft.server.log.statemachine.data.sync.timeout.retry = -1 (default)
2019-06-14 08:36:15,114 INFO  server.RaftServerConfigKeys (ConfUtils.java:logGet(43)) - raft.server.log.statemachine.data.caching.enabled = true (custom)
2019-06-14 08:36:15,114 INFO  util.JmxRegister (JmxRegister.java:tryRegister(44)) - Successfully registered JMX Bean with object name Ratis:service=RaftServer,group=group-0E47A2B6CD2C,id=1ec1d2b4-9587-487d-b414-640d8937b625
2019-06-14 08:36:15,115 INFO  server.RaftServerConfigKeys (ConfUtils.java:logGet(43)) - raft.server.snapshot.auto.trigger.enabled = true (custom)
2019-06-14 08:36:15,115 INFO  server.RaftServerConfigKeys (ConfUtils.java:logGet(43)) - raft.server.snapshot.auto.trigger.threshold = 10000 (custom)
2019-06-14 08:36:15,115 INFO  server.RaftServerConfigKeys (ConfUtils.java:logGet(43)) - raft.server.retrycache.expirytime = 600000ms (custom)
2019-06-14 08:36:15,116 INFO  impl.RaftServerImpl (RaftServerImpl.java:start(173)) - dbc720ab-70b9-4009-8748-b891edcf2a35: start group-0E47A2B6CD2C
2019-06-14 08:36:15,116 INFO  impl.RaftServerImpl (RaftServerImpl.java:setRole(164)) - dbc720ab-70b9-4009-8748-b891edcf2a35:group-0E47A2B6CD2C changes role from null to FOLLOWER at term 0 for startAsFollower
2019-06-14 08:36:15,116 INFO  impl.RoleInfo (RoleInfo.java:updateAndGet(143)) - dbc720ab-70b9-4009-8748-b891edcf2a35: start FollowerState
2019-06-14 08:36:15,117 INFO  storage.RaftStorageDirectory (RaftStorageDirectory.java:tryLock(328)) - Lock on /opt/src/hadoop-ozone/integration-test/target/test-dir/MiniOzoneClusterImpl-26a55514-a2c5-4524-ba36-82f1d26e9fd2/datanode-2/data/ratis/c38d9bc2-b850-497e-b927-0e47a2b6cd2c/in_use.lock acquired by nodename 9324@ozone-rp9nx-1314784558
2019-06-14 08:36:15,119 INFO  util.JmxRegister (JmxRegister.java:tryRegister(44)) - Successfully registered JMX Bean with object name Ratis:service=RaftServer,group=group-0E47A2B6CD2C,id=dbc720ab-70b9-4009-8748-b891edcf2a35
2019-06-14 08:36:15,119 INFO  storage.RaftStorage (RaftStorage.java:format(75)) - Storage directory /opt/src/hadoop-ozone/integration-test/target/test-dir/MiniOzoneClusterImpl-26a55514-a2c5-4524-ba36-82f1d26e9fd2/datanode-2/data/ratis/c38d9bc2-b850-497e-b927-0e47a2b6cd2c has been successfully formatted.
2019-06-14 08:36:15,119 INFO  ratis.ContainerStateMachine (ContainerStateMachine.java:loadSnapshot(199)) - The snapshot info is null.Setting the last applied index to:(t:0, i:~)
2019-06-14 08:36:15,119 INFO  server.RaftServerConfigKeys (ConfUtils.java:logGet(43)) - raft.server.leader.election.timeout = 120s (custom)
2019-06-14 08:36:15,119 INFO  server.RaftServerConfigKeys (ConfUtils.java:logGet(43)) - raft.server.log.use.memory = false (default)
2019-06-14 08:36:15,119 INFO  server.RaftServerConfigKeys (ConfUtils.java:logGet(43)) - raft.server.log.appender.buffer.byte-limit = 33554432 (custom)
2019-06-14 08:36:15,119 INFO  server.RaftServerConfigKeys (ConfUtils.java:logGet(43)) - raft.server.log.segment.size.max = 16384 (custom)
2019-06-14 08:36:15,119 INFO  server.RaftServerConfigKeys (ConfUtils.java:logGet(43)) - raft.server.log.segment.cache.num.max = 2 (custom)
2019-06-14 08:36:15,119 INFO  storage.RaftLogWorker (RaftLogWorker.java:<init>(123)) - new e70f6017-e2d9-433f-ac29-d89cc01ed1d7-RaftLogWorker for Storage Directory /opt/src/hadoop-ozone/integration-test/target/test-dir/MiniOzoneClusterImpl-26a55514-a2c5-4524-ba36-82f1d26e9fd2/datanode-2/data/ratis/c38d9bc2-b850-497e-b927-0e47a2b6cd2c
2019-06-14 08:36:15,120 INFO  server.RaftServerConfigKeys (ConfUtils.java:logGet(43)) - raft.server.log.queue.byte-limit = 2147483647 (custom)
2019-06-14 08:36:15,120 INFO  server.RaftServerConfigKeys (ConfUtils.java:logGet(43)) - raft.server.log.queue.element-limit = 1024 (custom)
2019-06-14 08:36:15,120 INFO  server.RaftServerConfigKeys (ConfUtils.java:logGet(43)) - raft.server.log.segment.size.max = 16384 (custom)
2019-06-14 08:36:15,120 INFO  server.RaftServerConfigKeys (ConfUtils.java:logGet(43)) - raft.server.log.preallocated.size = 16384 (custom)
2019-06-14 08:36:15,120 INFO  server.RaftServerConfigKeys (ConfUtils.java:logGet(43)) - raft.server.log.write.buffer.size = 33554432 (custom)
2019-06-14 08:36:15,120 INFO  server.RaftServerConfigKeys (ConfUtils.java:logGet(43)) - raft.server.log.force.sync.num = 128 (default)
2019-06-14 08:36:15,120 INFO  server.RaftServerConfigKeys (ConfUtils.java:logGet(43)) - raft.server.log.statemachine.data.sync = true (default)
2019-06-14 08:36:15,120 INFO  server.RaftServerConfigKeys (ConfUtils.java:logGet(43)) - raft.server.log.statemachine.data.sync.timeout = 10s (default)
2019-06-14 08:36:15,120 INFO  server.RaftServerConfigKeys (ConfUtils.java:logGet(43)) - raft.server.log.statemachine.data.sync.timeout.retry = -1 (default)
2019-06-14 08:36:15,121 INFO  server.RaftServerConfigKeys (ConfUtils.java:logGet(43)) - raft.server.log.statemachine.data.caching.enabled = true (custom)
2019-06-14 08:36:15,127 INFO  server.RaftServerConfigKeys (ConfUtils.java:logGet(43)) - raft.server.snapshot.auto.trigger.enabled = true (custom)
2019-06-14 08:36:15,127 INFO  server.RaftServerConfigKeys (ConfUtils.java:logGet(43)) - raft.server.snapshot.auto.trigger.threshold = 10000 (custom)
2019-06-14 08:36:15,127 INFO  server.RaftServerConfigKeys (ConfUtils.java:logGet(43)) - raft.server.retrycache.expirytime = 600000ms (custom)
2019-06-14 08:36:15,127 INFO  impl.RaftServerImpl (RaftServerImpl.java:start(173)) - e70f6017-e2d9-433f-ac29-d89cc01ed1d7: start group-0E47A2B6CD2C
2019-06-14 08:36:15,127 INFO  impl.RaftServerImpl (RaftServerImpl.java:setRole(164)) - e70f6017-e2d9-433f-ac29-d89cc01ed1d7:group-0E47A2B6CD2C changes role from null to FOLLOWER at term 0 for startAsFollower
2019-06-14 08:36:15,127 INFO  impl.RoleInfo (RoleInfo.java:updateAndGet(143)) - e70f6017-e2d9-433f-ac29-d89cc01ed1d7: start FollowerState
2019-06-14 08:36:15,127 INFO  util.JmxRegister (JmxRegister.java:tryRegister(44)) - Successfully registered JMX Bean with object name Ratis:service=RaftServer,group=group-0E47A2B6CD2C,id=e70f6017-e2d9-433f-ac29-d89cc01ed1d7
2019-06-14 08:36:15,130 INFO  pipeline.PipelineStateManager (PipelineStateManager.java:addPipeline(56)) - Created pipeline Pipeline[ Id: c38d9bc2-b850-497e-b927-0e47a2b6cd2c, Nodes: e70f6017-e2d9-433f-ac29-d89cc01ed1d7{ip: 192.168.11.250, host: ozone-rp9nx-1314784558, networkLocation: /default-rack, certSerialId: null}1ec1d2b4-9587-487d-b414-640d8937b625{ip: 192.168.11.250, host: ozone-rp9nx-1314784558, networkLocation: /default-rack, certSerialId: null}dbc720ab-70b9-4009-8748-b891edcf2a35{ip: 192.168.11.250, host: ozone-rp9nx-1314784558, networkLocation: /default-rack, certSerialId: null}, Type:RATIS, Factor:THREE, State:OPEN]
2019-06-14 08:36:15,213 INFO  node.SCMNodeManager (SCMNodeManager.java:register(234)) - Registered Data node : 90d25e9e-8e34-4124-9605-b24393a840ab{ip: 192.168.11.250, host: ozone-rp9nx-1314784558, networkLocation: /default-rack, certSerialId: null}
2019-06-14 08:36:15,219 INFO  impl.RaftServerProxy (RaftServerProxy.java:addNew(89)) - 90d25e9e-8e34-4124-9605-b24393a840ab: addNew group-D21556578DB5:[90d25e9e-8e34-4124-9605-b24393a840ab:192.168.11.250:37373] returns group-D21556578DB5:java.util.concurrent.CompletableFuture@66d2b0e5[Not completed]
2019-06-14 08:36:15,226 INFO  impl.RaftServerImpl (RaftServerImpl.java:<init>(91)) - 90d25e9e-8e34-4124-9605-b24393a840ab: new RaftServerImpl for group-D21556578DB5:[90d25e9e-8e34-4124-9605-b24393a840ab:192.168.11.250:37373] with ContainerStateMachine:uninitialized
2019-06-14 08:36:15,226 INFO  server.RaftServerConfigKeys (ConfUtils.java:logGet(43)) - raft.server.rpc.timeout.min = 1s (custom)
2019-06-14 08:36:15,226 INFO  server.RaftServerConfigKeys (ConfUtils.java:logGet(43)) - raft.server.rpc.timeout.max = 1200ms (custom)
2019-06-14 08:36:15,226 INFO  server.RaftServerConfigKeys (ConfUtils.java:logGet(43)) - raft.server.rpcslowness.timeout = 120s (custom)
2019-06-14 08:36:15,226 INFO  server.RaftServerConfigKeys (ConfUtils.java:logGet(43)) - raft.server.log.appender.install.snapshot.enabled = true (default)
2019-06-14 08:36:15,227 INFO  impl.RaftServerImpl (ServerState.java:<init>(101)) - 90d25e9e-8e34-4124-9605-b24393a840ab:group-D21556578DB5 ConfigurationManager, init=-1: [90d25e9e-8e34-4124-9605-b24393a840ab:192.168.11.250:37373], old=null, confs=<EMPTY_MAP>
2019-06-14 08:36:15,227 INFO  server.RaftServerConfigKeys (ConfUtils.java:logGet(43)) - raft.server.storage.dir = [/opt/src/hadoop-ozone/integration-test/target/test-dir/MiniOzoneClusterImpl-26a55514-a2c5-4524-ba36-82f1d26e9fd2/datanode-3/data/ratis] (custom)
2019-06-14 08:36:15,227 INFO  storage.RaftStorageDirectory (RaftStorageDirectory.java:analyzeStorage(246)) - The storage directory /opt/src/hadoop-ozone/integration-test/target/test-dir/MiniOzoneClusterImpl-26a55514-a2c5-4524-ba36-82f1d26e9fd2/datanode-3/data/ratis/956e8656-f8e1-47f9-8052-d21556578db5 does not exist. Creating ...
2019-06-14 08:36:15,229 INFO  storage.RaftStorageDirectory (RaftStorageDirectory.java:tryLock(328)) - Lock on /opt/src/hadoop-ozone/integration-test/target/test-dir/MiniOzoneClusterImpl-26a55514-a2c5-4524-ba36-82f1d26e9fd2/datanode-3/data/ratis/956e8656-f8e1-47f9-8052-d21556578db5/in_use.lock acquired by nodename 9324@ozone-rp9nx-1314784558
2019-06-14 08:36:15,231 INFO  storage.RaftStorage (RaftStorage.java:format(75)) - Storage directory /opt/src/hadoop-ozone/integration-test/target/test-dir/MiniOzoneClusterImpl-26a55514-a2c5-4524-ba36-82f1d26e9fd2/datanode-3/data/ratis/956e8656-f8e1-47f9-8052-d21556578db5 has been successfully formatted.
2019-06-14 08:36:15,231 INFO  ratis.ContainerStateMachine (ContainerStateMachine.java:loadSnapshot(199)) - The snapshot info is null.Setting the last applied index to:(t:0, i:~)
2019-06-14 08:36:15,231 INFO  server.RaftServerConfigKeys (ConfUtils.java:logGet(43)) - raft.server.leader.election.timeout = 120s (custom)
2019-06-14 08:36:15,231 INFO  server.RaftServerConfigKeys (ConfUtils.java:logGet(43)) - raft.server.log.use.memory = false (default)
2019-06-14 08:36:15,231 INFO  server.RaftServerConfigKeys (ConfUtils.java:logGet(43)) - raft.server.log.appender.buffer.byte-limit = 33554432 (custom)
2019-06-14 08:36:15,231 INFO  server.RaftServerConfigKeys (ConfUtils.java:logGet(43)) - raft.server.log.segment.size.max = 16384 (custom)
2019-06-14 08:36:15,231 INFO  server.RaftServerConfigKeys (ConfUtils.java:logGet(43)) - raft.server.log.segment.cache.num.max = 2 (custom)
2019-06-14 08:36:15,232 INFO  storage.RaftLogWorker (RaftLogWorker.java:<init>(123)) - new 90d25e9e-8e34-4124-9605-b24393a840ab-RaftLogWorker for Storage Directory /opt/src/hadoop-ozone/integration-test/target/test-dir/MiniOzoneClusterImpl-26a55514-a2c5-4524-ba36-82f1d26e9fd2/datanode-3/data/ratis/956e8656-f8e1-47f9-8052-d21556578db5
2019-06-14 08:36:15,232 INFO  server.RaftServerConfigKeys (ConfUtils.java:logGet(43)) - raft.server.log.queue.byte-limit = 2147483647 (custom)
2019-06-14 08:36:15,232 INFO  server.RaftServerConfigKeys (ConfUtils.java:logGet(43)) - raft.server.log.queue.element-limit = 1024 (custom)
2019-06-14 08:36:15,232 INFO  server.RaftServerConfigKeys (ConfUtils.java:logGet(43)) - raft.server.log.segment.size.max = 16384 (custom)
2019-06-14 08:36:15,232 INFO  server.RaftServerConfigKeys (ConfUtils.java:logGet(43)) - raft.server.log.preallocated.size = 16384 (custom)
2019-06-14 08:36:15,232 INFO  server.RaftServerConfigKeys (ConfUtils.java:logGet(43)) - raft.server.log.write.buffer.size = 33554432 (custom)
2019-06-14 08:36:15,232 INFO  server.RaftServerConfigKeys (ConfUtils.java:logGet(43)) - raft.server.log.force.sync.num = 128 (default)
2019-06-14 08:36:15,232 INFO  server.RaftServerConfigKeys (ConfUtils.java:logGet(43)) - raft.server.log.statemachine.data.sync = true (default)
2019-06-14 08:36:15,232 INFO  server.RaftServerConfigKeys (ConfUtils.java:logGet(43)) - raft.server.log.statemachine.data.sync.timeout = 10s (default)
2019-06-14 08:36:15,232 INFO  server.RaftServerConfigKeys (ConfUtils.java:logGet(43)) - raft.server.log.statemachine.data.sync.timeout.retry = -1 (default)
2019-06-14 08:36:15,233 INFO  server.RaftServerConfigKeys (ConfUtils.java:logGet(43)) - raft.server.log.statemachine.data.caching.enabled = true (custom)
2019-06-14 08:36:15,233 INFO  server.RaftServerConfigKeys (ConfUtils.java:logGet(43)) - raft.server.snapshot.auto.trigger.enabled = true (custom)
2019-06-14 08:36:15,233 INFO  server.RaftServerConfigKeys (ConfUtils.java:logGet(43)) - raft.server.snapshot.auto.trigger.threshold = 10000 (custom)
2019-06-14 08:36:15,233 INFO  server.RaftServerConfigKeys (ConfUtils.java:logGet(43)) - raft.server.retrycache.expirytime = 600000ms (custom)
2019-06-14 08:36:15,233 INFO  impl.RaftServerImpl (RaftServerImpl.java:start(173)) - 90d25e9e-8e34-4124-9605-b24393a840ab: start group-D21556578DB5
2019-06-14 08:36:15,233 INFO  impl.RaftServerImpl (RaftServerImpl.java:setRole(164)) - 90d25e9e-8e34-4124-9605-b24393a840ab:group-D21556578DB5 changes role from null to FOLLOWER at term 0 for startAsFollower
2019-06-14 08:36:15,234 INFO  impl.RoleInfo (RoleInfo.java:updateAndGet(143)) - 90d25e9e-8e34-4124-9605-b24393a840ab: start FollowerState
2019-06-14 08:36:15,234 INFO  util.JmxRegister (JmxRegister.java:tryRegister(44)) - Successfully registered JMX Bean with object name Ratis:service=RaftServer,group=group-D21556578DB5,id=90d25e9e-8e34-4124-9605-b24393a840ab
2019-06-14 08:36:15,237 INFO  pipeline.PipelineStateManager (PipelineStateManager.java:addPipeline(56)) - Created pipeline Pipeline[ Id: 956e8656-f8e1-47f9-8052-d21556578db5, Nodes: 90d25e9e-8e34-4124-9605-b24393a840ab{ip: 192.168.11.250, host: ozone-rp9nx-1314784558, networkLocation: /default-rack, certSerialId: null}, Type:RATIS, Factor:ONE, State:OPEN]
2019-06-14 08:36:15,412 INFO  node.SCMNodeManager (SCMNodeManager.java:register(234)) - Registered Data node : ead1e677-2543-412d-b74f-78773de8f177{ip: 192.168.11.250, host: ozone-rp9nx-1314784558, networkLocation: /default-rack, certSerialId: null}
2019-06-14 08:36:15,423 INFO  impl.RaftServerProxy (RaftServerProxy.java:addNew(89)) - ead1e677-2543-412d-b74f-78773de8f177: addNew group-CEF44127ECE3:[ead1e677-2543-412d-b74f-78773de8f177:192.168.11.250:39127] returns group-CEF44127ECE3:java.util.concurrent.CompletableFuture@5d523bcd[Not completed]
2019-06-14 08:36:15,423 INFO  impl.RaftServerImpl (RaftServerImpl.java:<init>(91)) - ead1e677-2543-412d-b74f-78773de8f177: new RaftServerImpl for group-CEF44127ECE3:[ead1e677-2543-412d-b74f-78773de8f177:192.168.11.250:39127] with ContainerStateMachine:uninitialized
2019-06-14 08:36:15,424 INFO  server.RaftServerConfigKeys (ConfUtils.java:logGet(43)) - raft.server.rpc.timeout.min = 1s (custom)
2019-06-14 08:36:15,424 INFO  server.RaftServerConfigKeys (ConfUtils.java:logGet(43)) - raft.server.rpc.timeout.max = 1200ms (custom)
2019-06-14 08:36:15,424 INFO  server.RaftServerConfigKeys (ConfUtils.java:logGet(43)) - raft.server.rpcslowness.timeout = 120s (custom)
2019-06-14 08:36:15,424 INFO  server.RaftServerConfigKeys (ConfUtils.java:logGet(43)) - raft.server.log.appender.install.snapshot.enabled = true (default)
2019-06-14 08:36:15,424 INFO  impl.RaftServerImpl (ServerState.java:<init>(101)) - ead1e677-2543-412d-b74f-78773de8f177:group-CEF44127ECE3 ConfigurationManager, init=-1: [ead1e677-2543-412d-b74f-78773de8f177:192.168.11.250:39127], old=null, confs=<EMPTY_MAP>
2019-06-14 08:36:15,424 INFO  server.RaftServerConfigKeys (ConfUtils.java:logGet(43)) - raft.server.storage.dir = [/opt/src/hadoop-ozone/integration-test/target/test-dir/MiniOzoneClusterImpl-26a55514-a2c5-4524-ba36-82f1d26e9fd2/datanode-4/data/ratis] (custom)
2019-06-14 08:36:15,424 INFO  storage.RaftStorageDirectory (RaftStorageDirectory.java:analyzeStorage(246)) - The storage directory /opt/src/hadoop-ozone/integration-test/target/test-dir/MiniOzoneClusterImpl-26a55514-a2c5-4524-ba36-82f1d26e9fd2/datanode-4/data/ratis/3e10d65d-9e9c-40c3-9b76-cef44127ece3 does not exist. Creating ...
2019-06-14 08:36:15,427 INFO  storage.RaftStorageDirectory (RaftStorageDirectory.java:tryLock(328)) - Lock on /opt/src/hadoop-ozone/integration-test/target/test-dir/MiniOzoneClusterImpl-26a55514-a2c5-4524-ba36-82f1d26e9fd2/datanode-4/data/ratis/3e10d65d-9e9c-40c3-9b76-cef44127ece3/in_use.lock acquired by nodename 9324@ozone-rp9nx-1314784558
2019-06-14 08:36:15,429 INFO  storage.RaftStorage (RaftStorage.java:format(75)) - Storage directory /opt/src/hadoop-ozone/integration-test/target/test-dir/MiniOzoneClusterImpl-26a55514-a2c5-4524-ba36-82f1d26e9fd2/datanode-4/data/ratis/3e10d65d-9e9c-40c3-9b76-cef44127ece3 has been successfully formatted.
2019-06-14 08:36:15,429 INFO  ratis.ContainerStateMachine (ContainerStateMachine.java:loadSnapshot(199)) - The snapshot info is null.Setting the last applied index to:(t:0, i:~)
2019-06-14 08:36:15,429 INFO  server.RaftServerConfigKeys (ConfUtils.java:logGet(43)) - raft.server.leader.election.timeout = 120s (custom)
2019-06-14 08:36:15,429 INFO  server.RaftServerConfigKeys (ConfUtils.java:logGet(43)) - raft.server.log.use.memory = false (default)
2019-06-14 08:36:15,429 INFO  server.RaftServerConfigKeys (ConfUtils.java:logGet(43)) - raft.server.log.appender.buffer.byte-limit = 33554432 (custom)
2019-06-14 08:36:15,430 INFO  server.RaftServerConfigKeys (ConfUtils.java:logGet(43)) - raft.server.log.segment.size.max = 16384 (custom)
2019-06-14 08:36:15,430 INFO  server.RaftServerConfigKeys (ConfUtils.java:logGet(43)) - raft.server.log.segment.cache.num.max = 2 (custom)
2019-06-14 08:36:15,430 INFO  storage.RaftLogWorker (RaftLogWorker.java:<init>(123)) - new ead1e677-2543-412d-b74f-78773de8f177-RaftLogWorker for Storage Directory /opt/src/hadoop-ozone/integration-test/target/test-dir/MiniOzoneClusterImpl-26a55514-a2c5-4524-ba36-82f1d26e9fd2/datanode-4/data/ratis/3e10d65d-9e9c-40c3-9b76-cef44127ece3
2019-06-14 08:36:15,430 INFO  server.RaftServerConfigKeys (ConfUtils.java:logGet(43)) - raft.server.log.queue.byte-limit = 2147483647 (custom)
2019-06-14 08:36:15,430 INFO  server.RaftServerConfigKeys (ConfUtils.java:logGet(43)) - raft.server.log.queue.element-limit = 1024 (custom)
2019-06-14 08:36:15,430 INFO  server.RaftServerConfigKeys (ConfUtils.java:logGet(43)) - raft.server.log.segment.size.max = 16384 (custom)
2019-06-14 08:36:15,430 INFO  server.RaftServerConfigKeys (ConfUtils.java:logGet(43)) - raft.server.log.preallocated.size = 16384 (custom)
2019-06-14 08:36:15,430 INFO  server.RaftServerConfigKeys (ConfUtils.java:logGet(43)) - raft.server.log.write.buffer.size = 33554432 (custom)
2019-06-14 08:36:15,430 INFO  server.RaftServerConfigKeys (ConfUtils.java:logGet(43)) - raft.server.log.force.sync.num = 128 (default)
2019-06-14 08:36:15,430 INFO  server.RaftServerConfigKeys (ConfUtils.java:logGet(43)) - raft.server.log.statemachine.data.sync = true (default)
2019-06-14 08:36:15,430 INFO  server.RaftServerConfigKeys (ConfUtils.java:logGet(43)) - raft.server.log.statemachine.data.sync.timeout = 10s (default)
2019-06-14 08:36:15,430 INFO  server.RaftServerConfigKeys (ConfUtils.java:logGet(43)) - raft.server.log.statemachine.data.sync.timeout.retry = -1 (default)
2019-06-14 08:36:15,430 INFO  server.RaftServerConfigKeys (ConfUtils.java:logGet(43)) - raft.server.log.statemachine.data.caching.enabled = true (custom)
2019-06-14 08:36:15,431 INFO  server.RaftServerConfigKeys (ConfUtils.java:logGet(43)) - raft.server.snapshot.auto.trigger.enabled = true (custom)
2019-06-14 08:36:15,431 INFO  server.RaftServerConfigKeys (ConfUtils.java:logGet(43)) - raft.server.snapshot.auto.trigger.threshold = 10000 (custom)
2019-06-14 08:36:15,431 INFO  server.RaftServerConfigKeys (ConfUtils.java:logGet(43)) - raft.server.retrycache.expirytime = 600000ms (custom)
2019-06-14 08:36:15,431 INFO  impl.RaftServerImpl (RaftServerImpl.java:start(173)) - ead1e677-2543-412d-b74f-78773de8f177: start group-CEF44127ECE3
2019-06-14 08:36:15,431 INFO  impl.RaftServerImpl (RaftServerImpl.java:setRole(164)) - ead1e677-2543-412d-b74f-78773de8f177:group-CEF44127ECE3 changes role from null to FOLLOWER at term 0 for startAsFollower
2019-06-14 08:36:15,431 INFO  impl.RoleInfo (RoleInfo.java:updateAndGet(143)) - ead1e677-2543-412d-b74f-78773de8f177: start FollowerState
2019-06-14 08:36:15,432 INFO  util.JmxRegister (JmxRegister.java:tryRegister(44)) - Successfully registered JMX Bean with object name Ratis:service=RaftServer,group=group-CEF44127ECE3,id=ead1e677-2543-412d-b74f-78773de8f177
2019-06-14 08:36:15,438 INFO  pipeline.PipelineStateManager (PipelineStateManager.java:addPipeline(56)) - Created pipeline Pipeline[ Id: 3e10d65d-9e9c-40c3-9b76-cef44127ece3, Nodes: ead1e677-2543-412d-b74f-78773de8f177{ip: 192.168.11.250, host: ozone-rp9nx-1314784558, networkLocation: /default-rack, certSerialId: null}, Type:RATIS, Factor:ONE, State:OPEN]
2019-06-14 08:36:15,560 INFO  node.SCMNodeManager (SCMNodeManager.java:register(234)) - Registered Data node : 517f2f3f-a155-4f9e-9148-a5bf7085e160{ip: 192.168.11.250, host: ozone-rp9nx-1314784558, networkLocation: /default-rack, certSerialId: null}
2019-06-14 08:36:15,568 INFO  impl.RaftServerProxy (RaftServerProxy.java:addNew(89)) - 517f2f3f-a155-4f9e-9148-a5bf7085e160: addNew group-87815CC6C83C:[517f2f3f-a155-4f9e-9148-a5bf7085e160:192.168.11.250:38773] returns group-87815CC6C83C:java.util.concurrent.CompletableFuture@782794d7[Not completed]
2019-06-14 08:36:15,569 INFO  impl.RaftServerImpl (RaftServerImpl.java:<init>(91)) - 517f2f3f-a155-4f9e-9148-a5bf7085e160: new RaftServerImpl for group-87815CC6C83C:[517f2f3f-a155-4f9e-9148-a5bf7085e160:192.168.11.250:38773] with ContainerStateMachine:uninitialized
2019-06-14 08:36:15,569 INFO  server.RaftServerConfigKeys (ConfUtils.java:logGet(43)) - raft.server.rpc.timeout.min = 1s (custom)
2019-06-14 08:36:15,569 INFO  server.RaftServerConfigKeys (ConfUtils.java:logGet(43)) - raft.server.rpc.timeout.max = 1200ms (custom)
2019-06-14 08:36:15,569 INFO  server.RaftServerConfigKeys (ConfUtils.java:logGet(43)) - raft.server.rpcslowness.timeout = 120s (custom)
2019-06-14 08:36:15,569 INFO  server.RaftServerConfigKeys (ConfUtils.java:logGet(43)) - raft.server.log.appender.install.snapshot.enabled = true (default)
2019-06-14 08:36:15,569 INFO  impl.RaftServerImpl (ServerState.java:<init>(101)) - 517f2f3f-a155-4f9e-9148-a5bf7085e160:group-87815CC6C83C ConfigurationManager, init=-1: [517f2f3f-a155-4f9e-9148-a5bf7085e160:192.168.11.250:38773], old=null, confs=<EMPTY_MAP>
2019-06-14 08:36:15,569 INFO  server.RaftServerConfigKeys (ConfUtils.java:logGet(43)) - raft.server.storage.dir = [/opt/src/hadoop-ozone/integration-test/target/test-dir/MiniOzoneClusterImpl-26a55514-a2c5-4524-ba36-82f1d26e9fd2/datanode-5/data/ratis] (custom)
2019-06-14 08:36:15,570 INFO  storage.RaftStorageDirectory (RaftStorageDirectory.java:analyzeStorage(246)) - The storage directory /opt/src/hadoop-ozone/integration-test/target/test-dir/MiniOzoneClusterImpl-26a55514-a2c5-4524-ba36-82f1d26e9fd2/datanode-5/data/ratis/8250bccb-25b0-4ddf-aaf0-87815cc6c83c does not exist. Creating ...
2019-06-14 08:36:15,572 INFO  storage.RaftStorageDirectory (RaftStorageDirectory.java:tryLock(328)) - Lock on /opt/src/hadoop-ozone/integration-test/target/test-dir/MiniOzoneClusterImpl-26a55514-a2c5-4524-ba36-82f1d26e9fd2/datanode-5/data/ratis/8250bccb-25b0-4ddf-aaf0-87815cc6c83c/in_use.lock acquired by nodename 9324@ozone-rp9nx-1314784558
2019-06-14 08:36:15,574 INFO  storage.RaftStorage (RaftStorage.java:format(75)) - Storage directory /opt/src/hadoop-ozone/integration-test/target/test-dir/MiniOzoneClusterImpl-26a55514-a2c5-4524-ba36-82f1d26e9fd2/datanode-5/data/ratis/8250bccb-25b0-4ddf-aaf0-87815cc6c83c has been successfully formatted.
2019-06-14 08:36:15,574 INFO  ratis.ContainerStateMachine (ContainerStateMachine.java:loadSnapshot(199)) - The snapshot info is null.Setting the last applied index to:(t:0, i:~)
2019-06-14 08:36:15,574 INFO  server.RaftServerConfigKeys (ConfUtils.java:logGet(43)) - raft.server.leader.election.timeout = 120s (custom)
2019-06-14 08:36:15,575 INFO  server.RaftServerConfigKeys (ConfUtils.java:logGet(43)) - raft.server.log.use.memory = false (default)
2019-06-14 08:36:15,575 INFO  server.RaftServerConfigKeys (ConfUtils.java:logGet(43)) - raft.server.log.appender.buffer.byte-limit = 33554432 (custom)
2019-06-14 08:36:15,575 INFO  server.RaftServerConfigKeys (ConfUtils.java:logGet(43)) - raft.server.log.segment.size.max = 16384 (custom)
2019-06-14 08:36:15,575 INFO  server.RaftServerConfigKeys (ConfUtils.java:logGet(43)) - raft.server.log.segment.cache.num.max = 2 (custom)
2019-06-14 08:36:15,575 INFO  storage.RaftLogWorker (RaftLogWorker.java:<init>(123)) - new 517f2f3f-a155-4f9e-9148-a5bf7085e160-RaftLogWorker for Storage Directory /opt/src/hadoop-ozone/integration-test/target/test-dir/MiniOzoneClusterImpl-26a55514-a2c5-4524-ba36-82f1d26e9fd2/datanode-5/data/ratis/8250bccb-25b0-4ddf-aaf0-87815cc6c83c
2019-06-14 08:36:15,575 INFO  server.RaftServerConfigKeys (ConfUtils.java:logGet(43)) - raft.server.log.queue.byte-limit = 2147483647 (custom)
2019-06-14 08:36:15,575 INFO  server.RaftServerConfigKeys (ConfUtils.java:logGet(43)) - raft.server.log.queue.element-limit = 1024 (custom)
2019-06-14 08:36:15,575 INFO  server.RaftServerConfigKeys (ConfUtils.java:logGet(43)) - raft.server.log.segment.size.max = 16384 (custom)
2019-06-14 08:36:15,575 INFO  server.RaftServerConfigKeys (ConfUtils.java:logGet(43)) - raft.server.log.preallocated.size = 16384 (custom)
2019-06-14 08:36:15,575 INFO  server.RaftServerConfigKeys (ConfUtils.java:logGet(43)) - raft.server.log.write.buffer.size = 33554432 (custom)
2019-06-14 08:36:15,576 INFO  server.RaftServerConfigKeys (ConfUtils.java:logGet(43)) - raft.server.log.force.sync.num = 128 (default)
2019-06-14 08:36:15,576 INFO  server.RaftServerConfigKeys (ConfUtils.java:logGet(43)) - raft.server.log.statemachine.data.sync = true (default)
2019-06-14 08:36:15,576 INFO  server.RaftServerConfigKeys (ConfUtils.java:logGet(43)) - raft.server.log.statemachine.data.sync.timeout = 10s (default)
2019-06-14 08:36:15,576 INFO  server.RaftServerConfigKeys (ConfUtils.java:logGet(43)) - raft.server.log.statemachine.data.sync.timeout.retry = -1 (default)
2019-06-14 08:36:15,576 INFO  server.RaftServerConfigKeys (ConfUtils.java:logGet(43)) - raft.server.log.statemachine.data.caching.enabled = true (custom)
2019-06-14 08:36:15,576 INFO  server.RaftServerConfigKeys (ConfUtils.java:logGet(43)) - raft.server.snapshot.auto.trigger.enabled = true (custom)
2019-06-14 08:36:15,577 INFO  server.RaftServerConfigKeys (ConfUtils.java:logGet(43)) - raft.server.snapshot.auto.trigger.threshold = 10000 (custom)
2019-06-14 08:36:15,577 INFO  server.RaftServerConfigKeys (ConfUtils.java:logGet(43)) - raft.server.retrycache.expirytime = 600000ms (custom)
2019-06-14 08:36:15,577 INFO  impl.RaftServerImpl (RaftServerImpl.java:start(173)) - 517f2f3f-a155-4f9e-9148-a5bf7085e160: start group-87815CC6C83C
2019-06-14 08:36:15,577 INFO  impl.RaftServerImpl (RaftServerImpl.java:setRole(164)) - 517f2f3f-a155-4f9e-9148-a5bf7085e160:group-87815CC6C83C changes role from null to FOLLOWER at term 0 for startAsFollower
2019-06-14 08:36:15,577 INFO  impl.RoleInfo (RoleInfo.java:updateAndGet(143)) - 517f2f3f-a155-4f9e-9148-a5bf7085e160: start FollowerState
2019-06-14 08:36:15,579 INFO  util.JmxRegister (JmxRegister.java:tryRegister(44)) - Successfully registered JMX Bean with object name Ratis:service=RaftServer,group=group-87815CC6C83C,id=517f2f3f-a155-4f9e-9148-a5bf7085e160
2019-06-14 08:36:15,582 INFO  pipeline.PipelineStateManager (PipelineStateManager.java:addPipeline(56)) - Created pipeline Pipeline[ Id: 8250bccb-25b0-4ddf-aaf0-87815cc6c83c, Nodes: 517f2f3f-a155-4f9e-9148-a5bf7085e160{ip: 192.168.11.250, host: ozone-rp9nx-1314784558, networkLocation: /default-rack, certSerialId: null}, Type:RATIS, Factor:ONE, State:OPEN]
2019-06-14 08:36:15,592 INFO  impl.RaftServerProxy (RaftServerProxy.java:addNew(89)) - ead1e677-2543-412d-b74f-78773de8f177: addNew group-85AD2AF68090:[517f2f3f-a155-4f9e-9148-a5bf7085e160:192.168.11.250:38773, 90d25e9e-8e34-4124-9605-b24393a840ab:192.168.11.250:37373, ead1e677-2543-412d-b74f-78773de8f177:192.168.11.250:39127] returns group-85AD2AF68090:java.util.concurrent.CompletableFuture@343a5130[Not completed]
2019-06-14 08:36:15,592 INFO  impl.RaftServerImpl (RaftServerImpl.java:<init>(91)) - ead1e677-2543-412d-b74f-78773de8f177: new RaftServerImpl for group-85AD2AF68090:[517f2f3f-a155-4f9e-9148-a5bf7085e160:192.168.11.250:38773, 90d25e9e-8e34-4124-9605-b24393a840ab:192.168.11.250:37373, ead1e677-2543-412d-b74f-78773de8f177:192.168.11.250:39127] with ContainerStateMachine:uninitialized
2019-06-14 08:36:15,592 INFO  impl.RaftServerProxy (RaftServerProxy.java:addNew(89)) - 90d25e9e-8e34-4124-9605-b24393a840ab: addNew group-85AD2AF68090:[517f2f3f-a155-4f9e-9148-a5bf7085e160:192.168.11.250:38773, 90d25e9e-8e34-4124-9605-b24393a840ab:192.168.11.250:37373, ead1e677-2543-412d-b74f-78773de8f177:192.168.11.250:39127] returns group-85AD2AF68090:java.util.concurrent.CompletableFuture@364e3e55[Not completed]
2019-06-14 08:36:15,593 INFO  impl.RaftServerImpl (RaftServerImpl.java:<init>(91)) - 90d25e9e-8e34-4124-9605-b24393a840ab: new RaftServerImpl for group-85AD2AF68090:[517f2f3f-a155-4f9e-9148-a5bf7085e160:192.168.11.250:38773, 90d25e9e-8e34-4124-9605-b24393a840ab:192.168.11.250:37373, ead1e677-2543-412d-b74f-78773de8f177:192.168.11.250:39127] with ContainerStateMachine:uninitialized
2019-06-14 08:36:15,593 INFO  server.RaftServerConfigKeys (ConfUtils.java:logGet(43)) - raft.server.rpc.timeout.min = 1s (custom)
2019-06-14 08:36:15,593 INFO  server.RaftServerConfigKeys (ConfUtils.java:logGet(43)) - raft.server.rpc.timeout.max = 1200ms (custom)
2019-06-14 08:36:15,593 INFO  server.RaftServerConfigKeys (ConfUtils.java:logGet(43)) - raft.server.rpcslowness.timeout = 120s (custom)
2019-06-14 08:36:15,593 INFO  server.RaftServerConfigKeys (ConfUtils.java:logGet(43)) - raft.server.log.appender.install.snapshot.enabled = true (default)
2019-06-14 08:36:15,593 INFO  impl.RaftServerImpl (ServerState.java:<init>(101)) - 90d25e9e-8e34-4124-9605-b24393a840ab:group-85AD2AF68090 ConfigurationManager, init=-1: [517f2f3f-a155-4f9e-9148-a5bf7085e160:192.168.11.250:38773, 90d25e9e-8e34-4124-9605-b24393a840ab:192.168.11.250:37373, ead1e677-2543-412d-b74f-78773de8f177:192.168.11.250:39127], old=null, confs=<EMPTY_MAP>
2019-06-14 08:36:15,593 INFO  server.RaftServerConfigKeys (ConfUtils.java:logGet(43)) - raft.server.storage.dir = [/opt/src/hadoop-ozone/integration-test/target/test-dir/MiniOzoneClusterImpl-26a55514-a2c5-4524-ba36-82f1d26e9fd2/datanode-3/data/ratis] (custom)
2019-06-14 08:36:15,593 INFO  storage.RaftStorageDirectory (RaftStorageDirectory.java:analyzeStorage(246)) - The storage directory /opt/src/hadoop-ozone/integration-test/target/test-dir/MiniOzoneClusterImpl-26a55514-a2c5-4524-ba36-82f1d26e9fd2/datanode-3/data/ratis/ae2f381c-a87f-4f9d-9ed8-85ad2af68090 does not exist. Creating ...
2019-06-14 08:36:15,592 INFO  server.RaftServerConfigKeys (ConfUtils.java:logGet(43)) - raft.server.rpc.timeout.min = 1s (custom)
2019-06-14 08:36:15,594 INFO  server.RaftServerConfigKeys (ConfUtils.java:logGet(43)) - raft.server.rpc.timeout.max = 1200ms (custom)
2019-06-14 08:36:15,594 INFO  server.RaftServerConfigKeys (ConfUtils.java:logGet(43)) - raft.server.rpcslowness.timeout = 120s (custom)
2019-06-14 08:36:15,594 INFO  server.RaftServerConfigKeys (ConfUtils.java:logGet(43)) - raft.server.log.appender.install.snapshot.enabled = true (default)
2019-06-14 08:36:15,594 INFO  impl.RaftServerImpl (ServerState.java:<init>(101)) - ead1e677-2543-412d-b74f-78773de8f177:group-85AD2AF68090 ConfigurationManager, init=-1: [517f2f3f-a155-4f9e-9148-a5bf7085e160:192.168.11.250:38773, 90d25e9e-8e34-4124-9605-b24393a840ab:192.168.11.250:37373, ead1e677-2543-412d-b74f-78773de8f177:192.168.11.250:39127], old=null, confs=<EMPTY_MAP>
2019-06-14 08:36:15,594 INFO  server.RaftServerConfigKeys (ConfUtils.java:logGet(43)) - raft.server.storage.dir = [/opt/src/hadoop-ozone/integration-test/target/test-dir/MiniOzoneClusterImpl-26a55514-a2c5-4524-ba36-82f1d26e9fd2/datanode-4/data/ratis] (custom)
2019-06-14 08:36:15,594 INFO  impl.RaftServerProxy (RaftServerProxy.java:addNew(89)) - 517f2f3f-a155-4f9e-9148-a5bf7085e160: addNew group-85AD2AF68090:[517f2f3f-a155-4f9e-9148-a5bf7085e160:192.168.11.250:38773, 90d25e9e-8e34-4124-9605-b24393a840ab:192.168.11.250:37373, ead1e677-2543-412d-b74f-78773de8f177:192.168.11.250:39127] returns group-85AD2AF68090:java.util.concurrent.CompletableFuture@3f525abb[Not completed]
2019-06-14 08:36:15,594 INFO  storage.RaftStorageDirectory (RaftStorageDirectory.java:analyzeStorage(246)) - The storage directory /opt/src/hadoop-ozone/integration-test/target/test-dir/MiniOzoneClusterImpl-26a55514-a2c5-4524-ba36-82f1d26e9fd2/datanode-4/data/ratis/ae2f381c-a87f-4f9d-9ed8-85ad2af68090 does not exist. Creating ...
2019-06-14 08:36:15,595 INFO  impl.RaftServerImpl (RaftServerImpl.java:<init>(91)) - 517f2f3f-a155-4f9e-9148-a5bf7085e160: new RaftServerImpl for group-85AD2AF68090:[517f2f3f-a155-4f9e-9148-a5bf7085e160:192.168.11.250:38773, 90d25e9e-8e34-4124-9605-b24393a840ab:192.168.11.250:37373, ead1e677-2543-412d-b74f-78773de8f177:192.168.11.250:39127] with ContainerStateMachine:uninitialized
2019-06-14 08:36:15,595 INFO  server.RaftServerConfigKeys (ConfUtils.java:logGet(43)) - raft.server.rpc.timeout.min = 1s (custom)
2019-06-14 08:36:15,595 INFO  server.RaftServerConfigKeys (ConfUtils.java:logGet(43)) - raft.server.rpc.timeout.max = 1200ms (custom)
2019-06-14 08:36:15,595 INFO  server.RaftServerConfigKeys (ConfUtils.java:logGet(43)) - raft.server.rpcslowness.timeout = 120s (custom)
2019-06-14 08:36:15,595 INFO  server.RaftServerConfigKeys (ConfUtils.java:logGet(43)) - raft.server.log.appender.install.snapshot.enabled = true (default)
2019-06-14 08:36:15,595 INFO  impl.RaftServerImpl (ServerState.java:<init>(101)) - 517f2f3f-a155-4f9e-9148-a5bf7085e160:group-85AD2AF68090 ConfigurationManager, init=-1: [517f2f3f-a155-4f9e-9148-a5bf7085e160:192.168.11.250:38773, 90d25e9e-8e34-4124-9605-b24393a840ab:192.168.11.250:37373, ead1e677-2543-412d-b74f-78773de8f177:192.168.11.250:39127], old=null, confs=<EMPTY_MAP>
2019-06-14 08:36:15,595 INFO  server.RaftServerConfigKeys (ConfUtils.java:logGet(43)) - raft.server.storage.dir = [/opt/src/hadoop-ozone/integration-test/target/test-dir/MiniOzoneClusterImpl-26a55514-a2c5-4524-ba36-82f1d26e9fd2/datanode-5/data/ratis] (custom)
2019-06-14 08:36:15,595 INFO  storage.RaftStorageDirectory (RaftStorageDirectory.java:analyzeStorage(246)) - The storage directory /opt/src/hadoop-ozone/integration-test/target/test-dir/MiniOzoneClusterImpl-26a55514-a2c5-4524-ba36-82f1d26e9fd2/datanode-5/data/ratis/ae2f381c-a87f-4f9d-9ed8-85ad2af68090 does not exist. Creating ...
2019-06-14 08:36:15,596 INFO  storage.RaftStorageDirectory (RaftStorageDirectory.java:tryLock(328)) - Lock on /opt/src/hadoop-ozone/integration-test/target/test-dir/MiniOzoneClusterImpl-26a55514-a2c5-4524-ba36-82f1d26e9fd2/datanode-3/data/ratis/ae2f381c-a87f-4f9d-9ed8-85ad2af68090/in_use.lock acquired by nodename 9324@ozone-rp9nx-1314784558
2019-06-14 08:36:15,598 INFO  storage.RaftStorageDirectory (RaftStorageDirectory.java:tryLock(328)) - Lock on /opt/src/hadoop-ozone/integration-test/target/test-dir/MiniOzoneClusterImpl-26a55514-a2c5-4524-ba36-82f1d26e9fd2/datanode-5/data/ratis/ae2f381c-a87f-4f9d-9ed8-85ad2af68090/in_use.lock acquired by nodename 9324@ozone-rp9nx-1314784558
2019-06-14 08:36:15,598 INFO  storage.RaftStorageDirectory (RaftStorageDirectory.java:tryLock(328)) - Lock on /opt/src/hadoop-ozone/integration-test/target/test-dir/MiniOzoneClusterImpl-26a55514-a2c5-4524-ba36-82f1d26e9fd2/datanode-4/data/ratis/ae2f381c-a87f-4f9d-9ed8-85ad2af68090/in_use.lock acquired by nodename 9324@ozone-rp9nx-1314784558
2019-06-14 08:36:15,599 INFO  storage.RaftStorage (RaftStorage.java:format(75)) - Storage directory /opt/src/hadoop-ozone/integration-test/target/test-dir/MiniOzoneClusterImpl-26a55514-a2c5-4524-ba36-82f1d26e9fd2/datanode-3/data/ratis/ae2f381c-a87f-4f9d-9ed8-85ad2af68090 has been successfully formatted.
2019-06-14 08:36:15,599 INFO  ratis.ContainerStateMachine (ContainerStateMachine.java:loadSnapshot(199)) - The snapshot info is null.Setting the last applied index to:(t:0, i:~)
2019-06-14 08:36:15,599 INFO  server.RaftServerConfigKeys (ConfUtils.java:logGet(43)) - raft.server.leader.election.timeout = 120s (custom)
2019-06-14 08:36:15,599 INFO  server.RaftServerConfigKeys (ConfUtils.java:logGet(43)) - raft.server.log.use.memory = false (default)
2019-06-14 08:36:15,599 INFO  server.RaftServerConfigKeys (ConfUtils.java:logGet(43)) - raft.server.log.appender.buffer.byte-limit = 33554432 (custom)
2019-06-14 08:36:15,599 INFO  server.RaftServerConfigKeys (ConfUtils.java:logGet(43)) - raft.server.log.segment.size.max = 16384 (custom)
2019-06-14 08:36:15,599 INFO  server.RaftServerConfigKeys (ConfUtils.java:logGet(43)) - raft.server.log.segment.cache.num.max = 2 (custom)
2019-06-14 08:36:15,599 INFO  storage.RaftLogWorker (RaftLogWorker.java:<init>(123)) - new 90d25e9e-8e34-4124-9605-b24393a840ab-RaftLogWorker for Storage Directory /opt/src/hadoop-ozone/integration-test/target/test-dir/MiniOzoneClusterImpl-26a55514-a2c5-4524-ba36-82f1d26e9fd2/datanode-3/data/ratis/ae2f381c-a87f-4f9d-9ed8-85ad2af68090
2019-06-14 08:36:15,600 INFO  server.RaftServerConfigKeys (ConfUtils.java:logGet(43)) - raft.server.log.queue.byte-limit = 2147483647 (custom)
2019-06-14 08:36:15,600 INFO  server.RaftServerConfigKeys (ConfUtils.java:logGet(43)) - raft.server.log.queue.element-limit = 1024 (custom)
2019-06-14 08:36:15,600 INFO  server.RaftServerConfigKeys (ConfUtils.java:logGet(43)) - raft.server.log.segment.size.max = 16384 (custom)
2019-06-14 08:36:15,600 INFO  server.RaftServerConfigKeys (ConfUtils.java:logGet(43)) - raft.server.log.preallocated.size = 16384 (custom)
2019-06-14 08:36:15,600 INFO  server.RaftServerConfigKeys (ConfUtils.java:logGet(43)) - raft.server.log.write.buffer.size = 33554432 (custom)
2019-06-14 08:36:15,600 INFO  server.RaftServerConfigKeys (ConfUtils.java:logGet(43)) - raft.server.log.force.sync.num = 128 (default)
2019-06-14 08:36:15,600 INFO  server.RaftServerConfigKeys (ConfUtils.java:logGet(43)) - raft.server.log.statemachine.data.sync = true (default)
2019-06-14 08:36:15,600 INFO  storage.RaftStorage (RaftStorage.java:format(75)) - Storage directory /opt/src/hadoop-ozone/integration-test/target/test-dir/MiniOzoneClusterImpl-26a55514-a2c5-4524-ba36-82f1d26e9fd2/datanode-5/data/ratis/ae2f381c-a87f-4f9d-9ed8-85ad2af68090 has been successfully formatted.
2019-06-14 08:36:15,600 INFO  server.RaftServerConfigKeys (ConfUtils.java:logGet(43)) - raft.server.log.statemachine.data.sync.timeout = 10s (default)
2019-06-14 08:36:15,601 INFO  ratis.ContainerStateMachine (ContainerStateMachine.java:loadSnapshot(199)) - The snapshot info is null.Setting the last applied index to:(t:0, i:~)
2019-06-14 08:36:15,601 INFO  storage.RaftStorage (RaftStorage.java:format(75)) - Storage directory /opt/src/hadoop-ozone/integration-test/target/test-dir/MiniOzoneClusterImpl-26a55514-a2c5-4524-ba36-82f1d26e9fd2/datanode-4/data/ratis/ae2f381c-a87f-4f9d-9ed8-85ad2af68090 has been successfully formatted.
2019-06-14 08:36:15,601 INFO  ratis.ContainerStateMachine (ContainerStateMachine.java:loadSnapshot(199)) - The snapshot info is null.Setting the last applied index to:(t:0, i:~)
2019-06-14 08:36:15,601 INFO  server.RaftServerConfigKeys (ConfUtils.java:logGet(43)) - raft.server.leader.election.timeout = 120s (custom)
2019-06-14 08:36:15,601 INFO  server.RaftServerConfigKeys (ConfUtils.java:logGet(43)) - raft.server.log.use.memory = false (default)
2019-06-14 08:36:15,601 INFO  server.RaftServerConfigKeys (ConfUtils.java:logGet(43)) - raft.server.log.appender.buffer.byte-limit = 33554432 (custom)
2019-06-14 08:36:15,601 INFO  server.RaftServerConfigKeys (ConfUtils.java:logGet(43)) - raft.server.log.segment.size.max = 16384 (custom)
2019-06-14 08:36:15,601 INFO  server.RaftServerConfigKeys (ConfUtils.java:logGet(43)) - raft.server.log.segment.cache.num.max = 2 (custom)
2019-06-14 08:36:15,601 INFO  storage.RaftLogWorker (RaftLogWorker.java:<init>(123)) - new ead1e677-2543-412d-b74f-78773de8f177-RaftLogWorker for Storage Directory /opt/src/hadoop-ozone/integration-test/target/test-dir/MiniOzoneClusterImpl-26a55514-a2c5-4524-ba36-82f1d26e9fd2/datanode-4/data/ratis/ae2f381c-a87f-4f9d-9ed8-85ad2af68090
2019-06-14 08:36:15,601 INFO  server.RaftServerConfigKeys (ConfUtils.java:logGet(43)) - raft.server.log.queue.byte-limit = 2147483647 (custom)
2019-06-14 08:36:15,601 INFO  server.RaftServerConfigKeys (ConfUtils.java:logGet(43)) - raft.server.log.queue.element-limit = 1024 (custom)
2019-06-14 08:36:15,601 INFO  server.RaftServerConfigKeys (ConfUtils.java:logGet(43)) - raft.server.log.statemachine.data.sync.timeout.retry = -1 (default)
2019-06-14 08:36:15,602 INFO  server.RaftServerConfigKeys (ConfUtils.java:logGet(43)) - raft.server.log.statemachine.data.caching.enabled = true (custom)
2019-06-14 08:36:15,603 INFO  server.RaftServerConfigKeys (ConfUtils.java:logGet(43)) - raft.server.log.segment.size.max = 16384 (custom)
2019-06-14 08:36:15,603 INFO  server.RaftServerConfigKeys (ConfUtils.java:logGet(43)) - raft.server.log.preallocated.size = 16384 (custom)
2019-06-14 08:36:15,603 INFO  server.RaftServerConfigKeys (ConfUtils.java:logGet(43)) - raft.server.log.write.buffer.size = 33554432 (custom)
2019-06-14 08:36:15,603 INFO  server.RaftServerConfigKeys (ConfUtils.java:logGet(43)) - raft.server.log.force.sync.num = 128 (default)
2019-06-14 08:36:15,603 INFO  server.RaftServerConfigKeys (ConfUtils.java:logGet(43)) - raft.server.log.statemachine.data.sync = true (default)
2019-06-14 08:36:15,603 INFO  server.RaftServerConfigKeys (ConfUtils.java:logGet(43)) - raft.server.log.statemachine.data.sync.timeout = 10s (default)
2019-06-14 08:36:15,604 INFO  server.RaftServerConfigKeys (ConfUtils.java:logGet(43)) - raft.server.log.statemachine.data.sync.timeout.retry = -1 (default)
2019-06-14 08:36:15,605 INFO  server.RaftServerConfigKeys (ConfUtils.java:logGet(43)) - raft.server.snapshot.auto.trigger.enabled = true (custom)
2019-06-14 08:36:15,605 INFO  server.RaftServerConfigKeys (ConfUtils.java:logGet(43)) - raft.server.snapshot.auto.trigger.threshold = 10000 (custom)
2019-06-14 08:36:15,605 INFO  server.RaftServerConfigKeys (ConfUtils.java:logGet(43)) - raft.server.retrycache.expirytime = 600000ms (custom)
2019-06-14 08:36:15,605 INFO  impl.RaftServerImpl (RaftServerImpl.java:start(173)) - 90d25e9e-8e34-4124-9605-b24393a840ab: start group-85AD2AF68090
2019-06-14 08:36:15,605 INFO  impl.RaftServerImpl (RaftServerImpl.java:setRole(164)) - 90d25e9e-8e34-4124-9605-b24393a840ab:group-85AD2AF68090 changes role from null to FOLLOWER at term 0 for startAsFollower
2019-06-14 08:36:15,606 INFO  impl.RoleInfo (RoleInfo.java:updateAndGet(143)) - 90d25e9e-8e34-4124-9605-b24393a840ab: start FollowerState
2019-06-14 08:36:15,601 INFO  server.RaftServerConfigKeys (ConfUtils.java:logGet(43)) - raft.server.leader.election.timeout = 120s (custom)
2019-06-14 08:36:15,607 INFO  server.RaftServerConfigKeys (ConfUtils.java:logGet(43)) - raft.server.log.use.memory = false (default)
2019-06-14 08:36:15,607 INFO  server.RaftServerConfigKeys (ConfUtils.java:logGet(43)) - raft.server.log.appender.buffer.byte-limit = 33554432 (custom)
2019-06-14 08:36:15,607 INFO  server.RaftServerConfigKeys (ConfUtils.java:logGet(43)) - raft.server.log.segment.size.max = 16384 (custom)
2019-06-14 08:36:15,607 INFO  server.RaftServerConfigKeys (ConfUtils.java:logGet(43)) - raft.server.log.segment.cache.num.max = 2 (custom)
2019-06-14 08:36:15,607 INFO  storage.RaftLogWorker (RaftLogWorker.java:<init>(123)) - new 517f2f3f-a155-4f9e-9148-a5bf7085e160-RaftLogWorker for Storage Directory /opt/src/hadoop-ozone/integration-test/target/test-dir/MiniOzoneClusterImpl-26a55514-a2c5-4524-ba36-82f1d26e9fd2/datanode-5/data/ratis/ae2f381c-a87f-4f9d-9ed8-85ad2af68090
2019-06-14 08:36:15,607 INFO  server.RaftServerConfigKeys (ConfUtils.java:logGet(43)) - raft.server.log.queue.byte-limit = 2147483647 (custom)
2019-06-14 08:36:15,607 INFO  server.RaftServerConfigKeys (ConfUtils.java:logGet(43)) - raft.server.log.queue.element-limit = 1024 (custom)
2019-06-14 08:36:15,607 INFO  server.RaftServerConfigKeys (ConfUtils.java:logGet(43)) - raft.server.log.segment.size.max = 16384 (custom)
2019-06-14 08:36:15,607 INFO  server.RaftServerConfigKeys (ConfUtils.java:logGet(43)) - raft.server.log.preallocated.size = 16384 (custom)
2019-06-14 08:36:15,607 INFO  server.RaftServerConfigKeys (ConfUtils.java:logGet(43)) - raft.server.log.write.buffer.size = 33554432 (custom)
2019-06-14 08:36:15,607 INFO  server.RaftServerConfigKeys (ConfUtils.java:logGet(43)) - raft.server.log.force.sync.num = 128 (default)
2019-06-14 08:36:15,607 INFO  server.RaftServerConfigKeys (ConfUtils.java:logGet(43)) - raft.server.log.statemachine.data.sync = true (default)
2019-06-14 08:36:15,608 INFO  server.RaftServerConfigKeys (ConfUtils.java:logGet(43)) - raft.server.log.statemachine.data.sync.timeout = 10s (default)
2019-06-14 08:36:15,608 INFO  server.RaftServerConfigKeys (ConfUtils.java:logGet(43)) - raft.server.log.statemachine.data.sync.timeout.retry = -1 (default)
2019-06-14 08:36:15,608 INFO  util.JmxRegister (JmxRegister.java:tryRegister(44)) - Successfully registered JMX Bean with object name Ratis:service=RaftServer,group=group-85AD2AF68090,id=90d25e9e-8e34-4124-9605-b24393a840ab
2019-06-14 08:36:15,615 INFO  server.RaftServerConfigKeys (ConfUtils.java:logGet(43)) - raft.server.log.statemachine.data.caching.enabled = true (custom)
2019-06-14 08:36:15,615 INFO  server.RaftServerConfigKeys (ConfUtils.java:logGet(43)) - raft.server.log.statemachine.data.caching.enabled = true (custom)
2019-06-14 08:36:15,615 INFO  server.RaftServerConfigKeys (ConfUtils.java:logGet(43)) - raft.server.snapshot.auto.trigger.enabled = true (custom)
2019-06-14 08:36:15,615 INFO  server.RaftServerConfigKeys (ConfUtils.java:logGet(43)) - raft.server.snapshot.auto.trigger.threshold = 10000 (custom)
2019-06-14 08:36:15,616 INFO  server.RaftServerConfigKeys (ConfUtils.java:logGet(43)) - raft.server.retrycache.expirytime = 600000ms (custom)
2019-06-14 08:36:15,616 INFO  impl.RaftServerImpl (RaftServerImpl.java:start(173)) - 517f2f3f-a155-4f9e-9148-a5bf7085e160: start group-85AD2AF68090
2019-06-14 08:36:15,616 INFO  impl.RaftServerImpl (RaftServerImpl.java:setRole(164)) - 517f2f3f-a155-4f9e-9148-a5bf7085e160:group-85AD2AF68090 changes role from null to FOLLOWER at term 0 for startAsFollower
2019-06-14 08:36:15,616 INFO  impl.RoleInfo (RoleInfo.java:updateAndGet(143)) - 517f2f3f-a155-4f9e-9148-a5bf7085e160: start FollowerState
2019-06-14 08:36:15,615 INFO  server.RaftServerConfigKeys (ConfUtils.java:logGet(43)) - raft.server.snapshot.auto.trigger.enabled = true (custom)
2019-06-14 08:36:15,616 INFO  server.RaftServerConfigKeys (ConfUtils.java:logGet(43)) - raft.server.snapshot.auto.trigger.threshold = 10000 (custom)
2019-06-14 08:36:15,616 INFO  util.JmxRegister (JmxRegister.java:tryRegister(44)) - Successfully registered JMX Bean with object name Ratis:service=RaftServer,group=group-85AD2AF68090,id=517f2f3f-a155-4f9e-9148-a5bf7085e160
2019-06-14 08:36:15,617 INFO  server.RaftServerConfigKeys (ConfUtils.java:logGet(43)) - raft.server.retrycache.expirytime = 600000ms (custom)
2019-06-14 08:36:15,618 INFO  impl.RaftServerImpl (RaftServerImpl.java:start(173)) - ead1e677-2543-412d-b74f-78773de8f177: start group-85AD2AF68090
2019-06-14 08:36:15,618 INFO  impl.RaftServerImpl (RaftServerImpl.java:setRole(164)) - ead1e677-2543-412d-b74f-78773de8f177:group-85AD2AF68090 changes role from null to FOLLOWER at term 0 for startAsFollower
2019-06-14 08:36:15,618 INFO  impl.RoleInfo (RoleInfo.java:updateAndGet(143)) - ead1e677-2543-412d-b74f-78773de8f177: start FollowerState
2019-06-14 08:36:15,618 INFO  util.JmxRegister (JmxRegister.java:tryRegister(44)) - Successfully registered JMX Bean with object name Ratis:service=RaftServer,group=group-85AD2AF68090,id=ead1e677-2543-412d-b74f-78773de8f177
2019-06-14 08:36:15,623 INFO  pipeline.PipelineStateManager (PipelineStateManager.java:addPipeline(56)) - Created pipeline Pipeline[ Id: ae2f381c-a87f-4f9d-9ed8-85ad2af68090, Nodes: 90d25e9e-8e34-4124-9605-b24393a840ab{ip: 192.168.11.250, host: ozone-rp9nx-1314784558, networkLocation: /default-rack, certSerialId: null}517f2f3f-a155-4f9e-9148-a5bf7085e160{ip: 192.168.11.250, host: ozone-rp9nx-1314784558, networkLocation: /default-rack, certSerialId: null}ead1e677-2543-412d-b74f-78773de8f177{ip: 192.168.11.250, host: ozone-rp9nx-1314784558, networkLocation: /default-rack, certSerialId: null}, Type:RATIS, Factor:THREE, State:OPEN]
2019-06-14 08:36:15,704 INFO  ozone.MiniOzoneClusterImpl (MiniOzoneClusterImpl.java:lambda$waitForClusterToBeReady$0(142)) - Waiting for cluster to be ready. Got 6 of 7 DN Heartbeats.
2019-06-14 08:36:15,709 INFO  node.SCMNodeManager (SCMNodeManager.java:register(234)) - Registered Data node : 76a83660-9d85-410c-94b0-abb1d93e6122{ip: 192.168.11.250, host: ozone-rp9nx-1314784558, networkLocation: /default-rack, certSerialId: null}
2019-06-14 08:36:15,721 INFO  impl.RaftServerProxy (RaftServerProxy.java:addNew(89)) - 76a83660-9d85-410c-94b0-abb1d93e6122: addNew group-1641304CAD13:[76a83660-9d85-410c-94b0-abb1d93e6122:192.168.11.250:33271] returns group-1641304CAD13:java.util.concurrent.CompletableFuture@79aff85f[Not completed]
2019-06-14 08:36:15,723 INFO  impl.RaftServerImpl (RaftServerImpl.java:<init>(91)) - 76a83660-9d85-410c-94b0-abb1d93e6122: new RaftServerImpl for group-1641304CAD13:[76a83660-9d85-410c-94b0-abb1d93e6122:192.168.11.250:33271] with ContainerStateMachine:uninitialized
2019-06-14 08:36:15,723 INFO  server.RaftServerConfigKeys (ConfUtils.java:logGet(43)) - raft.server.rpc.timeout.min = 1s (custom)
2019-06-14 08:36:15,723 INFO  server.RaftServerConfigKeys (ConfUtils.java:logGet(43)) - raft.server.rpc.timeout.max = 1200ms (custom)
2019-06-14 08:36:15,723 INFO  server.RaftServerConfigKeys (ConfUtils.java:logGet(43)) - raft.server.rpcslowness.timeout = 120s (custom)
2019-06-14 08:36:15,723 INFO  server.RaftServerConfigKeys (ConfUtils.java:logGet(43)) - raft.server.log.appender.install.snapshot.enabled = true (default)
2019-06-14 08:36:15,723 INFO  impl.RaftServerImpl (ServerState.java:<init>(101)) - 76a83660-9d85-410c-94b0-abb1d93e6122:group-1641304CAD13 ConfigurationManager, init=-1: [76a83660-9d85-410c-94b0-abb1d93e6122:192.168.11.250:33271], old=null, confs=<EMPTY_MAP>
2019-06-14 08:36:15,723 INFO  server.RaftServerConfigKeys (ConfUtils.java:logGet(43)) - raft.server.storage.dir = [/opt/src/hadoop-ozone/integration-test/target/test-dir/MiniOzoneClusterImpl-26a55514-a2c5-4524-ba36-82f1d26e9fd2/datanode-6/data/ratis] (custom)
2019-06-14 08:36:15,724 INFO  storage.RaftStorageDirectory (RaftStorageDirectory.java:analyzeStorage(246)) - The storage directory /opt/src/hadoop-ozone/integration-test/target/test-dir/MiniOzoneClusterImpl-26a55514-a2c5-4524-ba36-82f1d26e9fd2/datanode-6/data/ratis/228a0a39-7a39-4656-9833-1641304cad13 does not exist. Creating ...
2019-06-14 08:36:15,726 INFO  storage.RaftStorageDirectory (RaftStorageDirectory.java:tryLock(328)) - Lock on /opt/src/hadoop-ozone/integration-test/target/test-dir/MiniOzoneClusterImpl-26a55514-a2c5-4524-ba36-82f1d26e9fd2/datanode-6/data/ratis/228a0a39-7a39-4656-9833-1641304cad13/in_use.lock acquired by nodename 9324@ozone-rp9nx-1314784558
2019-06-14 08:36:15,728 INFO  storage.RaftStorage (RaftStorage.java:format(75)) - Storage directory /opt/src/hadoop-ozone/integration-test/target/test-dir/MiniOzoneClusterImpl-26a55514-a2c5-4524-ba36-82f1d26e9fd2/datanode-6/data/ratis/228a0a39-7a39-4656-9833-1641304cad13 has been successfully formatted.
2019-06-14 08:36:15,728 INFO  ratis.ContainerStateMachine (ContainerStateMachine.java:loadSnapshot(199)) - The snapshot info is null.Setting the last applied index to:(t:0, i:~)
2019-06-14 08:36:15,729 INFO  server.RaftServerConfigKeys (ConfUtils.java:logGet(43)) - raft.server.leader.election.timeout = 120s (custom)
2019-06-14 08:36:15,729 INFO  server.RaftServerConfigKeys (ConfUtils.java:logGet(43)) - raft.server.log.use.memory = false (default)
2019-06-14 08:36:15,729 INFO  server.RaftServerConfigKeys (ConfUtils.java:logGet(43)) - raft.server.log.appender.buffer.byte-limit = 33554432 (custom)
2019-06-14 08:36:15,729 INFO  server.RaftServerConfigKeys (ConfUtils.java:logGet(43)) - raft.server.log.segment.size.max = 16384 (custom)
2019-06-14 08:36:15,729 INFO  server.RaftServerConfigKeys (ConfUtils.java:logGet(43)) - raft.server.log.segment.cache.num.max = 2 (custom)
2019-06-14 08:36:15,729 INFO  storage.RaftLogWorker (RaftLogWorker.java:<init>(123)) - new 76a83660-9d85-410c-94b0-abb1d93e6122-RaftLogWorker for Storage Directory /opt/src/hadoop-ozone/integration-test/target/test-dir/MiniOzoneClusterImpl-26a55514-a2c5-4524-ba36-82f1d26e9fd2/datanode-6/data/ratis/228a0a39-7a39-4656-9833-1641304cad13
2019-06-14 08:36:15,729 INFO  server.RaftServerConfigKeys (ConfUtils.java:logGet(43)) - raft.server.log.queue.byte-limit = 2147483647 (custom)
2019-06-14 08:36:15,729 INFO  server.RaftServerConfigKeys (ConfUtils.java:logGet(43)) - raft.server.log.queue.element-limit = 1024 (custom)
2019-06-14 08:36:15,729 INFO  server.RaftServerConfigKeys (ConfUtils.java:logGet(43)) - raft.server.log.segment.size.max = 16384 (custom)
2019-06-14 08:36:15,729 INFO  server.RaftServerConfigKeys (ConfUtils.java:logGet(43)) - raft.server.log.preallocated.size = 16384 (custom)
2019-06-14 08:36:15,729 INFO  server.RaftServerConfigKeys (ConfUtils.java:logGet(43)) - raft.server.log.write.buffer.size = 33554432 (custom)
2019-06-14 08:36:15,730 INFO  server.RaftServerConfigKeys (ConfUtils.java:logGet(43)) - raft.server.log.force.sync.num = 128 (default)
2019-06-14 08:36:15,730 INFO  server.RaftServerConfigKeys (ConfUtils.java:logGet(43)) - raft.server.log.statemachine.data.sync = true (default)
2019-06-14 08:36:15,730 INFO  server.RaftServerConfigKeys (ConfUtils.java:logGet(43)) - raft.server.log.statemachine.data.sync.timeout = 10s (default)
2019-06-14 08:36:15,730 INFO  server.RaftServerConfigKeys (ConfUtils.java:logGet(43)) - raft.server.log.statemachine.data.sync.timeout.retry = -1 (default)
2019-06-14 08:36:15,730 INFO  server.RaftServerConfigKeys (ConfUtils.java:logGet(43)) - raft.server.log.statemachine.data.caching.enabled = true (custom)
2019-06-14 08:36:15,730 INFO  server.RaftServerConfigKeys (ConfUtils.java:logGet(43)) - raft.server.snapshot.auto.trigger.enabled = true (custom)
2019-06-14 08:36:15,730 INFO  server.RaftServerConfigKeys (ConfUtils.java:logGet(43)) - raft.server.snapshot.auto.trigger.threshold = 10000 (custom)
2019-06-14 08:36:15,730 INFO  server.RaftServerConfigKeys (ConfUtils.java:logGet(43)) - raft.server.retrycache.expirytime = 600000ms (custom)
2019-06-14 08:36:15,730 INFO  impl.RaftServerImpl (RaftServerImpl.java:start(173)) - 76a83660-9d85-410c-94b0-abb1d93e6122: start group-1641304CAD13
2019-06-14 08:36:15,731 INFO  impl.RaftServerImpl (RaftServerImpl.java:setRole(164)) - 76a83660-9d85-410c-94b0-abb1d93e6122:group-1641304CAD13 changes role from null to FOLLOWER at term 0 for startAsFollower
2019-06-14 08:36:15,731 INFO  impl.RoleInfo (RoleInfo.java:updateAndGet(143)) - 76a83660-9d85-410c-94b0-abb1d93e6122: start FollowerState
2019-06-14 08:36:15,731 INFO  util.JmxRegister (JmxRegister.java:tryRegister(44)) - Successfully registered JMX Bean with object name Ratis:service=RaftServer,group=group-1641304CAD13,id=76a83660-9d85-410c-94b0-abb1d93e6122
2019-06-14 08:36:15,733 INFO  pipeline.PipelineStateManager (PipelineStateManager.java:addPipeline(56)) - Created pipeline Pipeline[ Id: 228a0a39-7a39-4656-9833-1641304cad13, Nodes: 76a83660-9d85-410c-94b0-abb1d93e6122{ip: 192.168.11.250, host: ozone-rp9nx-1314784558, networkLocation: /default-rack, certSerialId: null}, Type:RATIS, Factor:ONE, State:OPEN]
2019-06-14 08:36:15,950 INFO  impl.FollowerState (FollowerState.java:run(101)) - 1ec1d2b4-9587-487d-b414-640d8937b625:group-FF2F35F32008 changes to CANDIDATE, lastRpcTime:1172, electionTimeout:1172ms
2019-06-14 08:36:15,950 INFO  impl.RoleInfo (RoleInfo.java:shutdownFollowerState(121)) - 1ec1d2b4-9587-487d-b414-640d8937b625: shutdown FollowerState
2019-06-14 08:36:15,950 INFO  impl.RaftServerImpl (RaftServerImpl.java:setRole(164)) - 1ec1d2b4-9587-487d-b414-640d8937b625:group-FF2F35F32008 changes role from FOLLOWER to CANDIDATE at term 0 for changeToCandidate
2019-06-14 08:36:15,950 INFO  impl.RoleInfo (RoleInfo.java:updateAndGet(143)) - 1ec1d2b4-9587-487d-b414-640d8937b625: start LeaderElection
2019-06-14 08:36:15,957 INFO  impl.LeaderElection (LeaderElection.java:askForVotes(181)) - 1ec1d2b4-9587-487d-b414-640d8937b625:group-FF2F35F32008:LeaderElection37: begin an election at term 1 for -1: [1ec1d2b4-9587-487d-b414-640d8937b625:192.168.11.250:37719], old=null
2019-06-14 08:36:15,957 INFO  impl.RoleInfo (RoleInfo.java:shutdownLeaderElection(134)) - 1ec1d2b4-9587-487d-b414-640d8937b625: shutdown LeaderElection
2019-06-14 08:36:15,957 INFO  impl.RaftServerImpl (RaftServerImpl.java:setRole(164)) - 1ec1d2b4-9587-487d-b414-640d8937b625:group-FF2F35F32008 changes role from CANDIDATE to LEADER at term 1 for changeToLeader
2019-06-14 08:36:15,957 INFO  impl.RaftServerImpl (ServerState.java:setLeader(263)) - 1ec1d2b4-9587-487d-b414-640d8937b625:group-FF2F35F32008 change Leader from null to 1ec1d2b4-9587-487d-b414-640d8937b625 at term 1 for becomeLeader, leader elected after 1181ms
2019-06-14 08:36:15,957 INFO  server.RaftServerConfigKeys (ConfUtils.java:logGet(43)) - raft.server.staging.catchup.gap = 1000 (default)
2019-06-14 08:36:15,958 INFO  server.RaftServerConfigKeys (ConfUtils.java:logGet(43)) - raft.server.rpc.sleep.time = 25ms (default)
2019-06-14 08:36:15,958 INFO  server.RaftServerConfigKeys (ConfUtils.java:logGet(43)) - raft.server.watch.timeout = 10s (default)
2019-06-14 08:36:15,958 INFO  server.RaftServerConfigKeys (ConfUtils.java:logGet(43)) - raft.server.watch.timeout.denomination = 1s (default)
2019-06-14 08:36:15,958 INFO  impl.RoleInfo (RoleInfo.java:updateAndGet(143)) - 1ec1d2b4-9587-487d-b414-640d8937b625: start LeaderState
2019-06-14 08:36:15,958 INFO  storage.RaftLogWorker (RaftLogWorker.java:startLogSegment(298)) - 1ec1d2b4-9587-487d-b414-640d8937b625-RaftLogWorker: Starting segment from index:0
2019-06-14 08:36:15,959 INFO  impl.RaftServerImpl (ServerState.java:setRaftConf(361)) - 1ec1d2b4-9587-487d-b414-640d8937b625:group-FF2F35F32008 set configuration 0: [1ec1d2b4-9587-487d-b414-640d8937b625:192.168.11.250:37719], old=null at 0
2019-06-14 08:36:15,996 INFO  storage.RaftLogWorker (RaftLogWorker.java:execute(469)) - 1ec1d2b4-9587-487d-b414-640d8937b625-RaftLogWorker: created new log segment /opt/src/hadoop-ozone/integration-test/target/test-dir/MiniOzoneClusterImpl-26a55514-a2c5-4524-ba36-82f1d26e9fd2/datanode-0/data/ratis/90de675b-7e29-44ac-841b-ff2f35f32008/current/log_inprogress_0
2019-06-14 08:36:15,997 INFO  impl.FollowerState (FollowerState.java:run(101)) - dbc720ab-70b9-4009-8748-b891edcf2a35:group-2E20A832494F changes to CANDIDATE, lastRpcTime:1050, electionTimeout:1050ms
2019-06-14 08:36:15,997 INFO  impl.RoleInfo (RoleInfo.java:shutdownFollowerState(121)) - dbc720ab-70b9-4009-8748-b891edcf2a35: shutdown FollowerState
2019-06-14 08:36:15,997 INFO  impl.RaftServerImpl (RaftServerImpl.java:setRole(164)) - dbc720ab-70b9-4009-8748-b891edcf2a35:group-2E20A832494F changes role from FOLLOWER to CANDIDATE at term 0 for changeToCandidate
2019-06-14 08:36:15,997 INFO  impl.RoleInfo (RoleInfo.java:updateAndGet(143)) - dbc720ab-70b9-4009-8748-b891edcf2a35: start LeaderElection
2019-06-14 08:36:16,003 INFO  impl.LeaderElection (LeaderElection.java:askForVotes(181)) - dbc720ab-70b9-4009-8748-b891edcf2a35:group-2E20A832494F:LeaderElection38: begin an election at term 1 for -1: [dbc720ab-70b9-4009-8748-b891edcf2a35:192.168.11.250:35601], old=null
2019-06-14 08:36:16,003 INFO  impl.RoleInfo (RoleInfo.java:shutdownLeaderElection(134)) - dbc720ab-70b9-4009-8748-b891edcf2a35: shutdown LeaderElection
2019-06-14 08:36:16,003 INFO  impl.RaftServerImpl (RaftServerImpl.java:setRole(164)) - dbc720ab-70b9-4009-8748-b891edcf2a35:group-2E20A832494F changes role from CANDIDATE to LEADER at term 1 for changeToLeader
2019-06-14 08:36:16,003 INFO  impl.RaftServerImpl (ServerState.java:setLeader(263)) - dbc720ab-70b9-4009-8748-b891edcf2a35:group-2E20A832494F change Leader from null to dbc720ab-70b9-4009-8748-b891edcf2a35 at term 1 for becomeLeader, leader elected after 1059ms
2019-06-14 08:36:16,003 INFO  server.RaftServerConfigKeys (ConfUtils.java:logGet(43)) - raft.server.staging.catchup.gap = 1000 (default)
2019-06-14 08:36:16,004 INFO  server.RaftServerConfigKeys (ConfUtils.java:logGet(43)) - raft.server.rpc.sleep.time = 25ms (default)
2019-06-14 08:36:16,004 INFO  server.RaftServerConfigKeys (ConfUtils.java:logGet(43)) - raft.server.watch.timeout = 10s (default)
2019-06-14 08:36:16,004 INFO  server.RaftServerConfigKeys (ConfUtils.java:logGet(43)) - raft.server.watch.timeout.denomination = 1s (default)
2019-06-14 08:36:16,004 INFO  impl.RoleInfo (RoleInfo.java:updateAndGet(143)) - dbc720ab-70b9-4009-8748-b891edcf2a35: start LeaderState
2019-06-14 08:36:16,004 INFO  storage.RaftLogWorker (RaftLogWorker.java:startLogSegment(298)) - dbc720ab-70b9-4009-8748-b891edcf2a35-RaftLogWorker: Starting segment from index:0
2019-06-14 08:36:16,004 INFO  impl.RaftServerImpl (ServerState.java:setRaftConf(361)) - dbc720ab-70b9-4009-8748-b891edcf2a35:group-2E20A832494F set configuration 0: [dbc720ab-70b9-4009-8748-b891edcf2a35:192.168.11.250:35601], old=null at 0
2019-06-14 08:36:16,040 INFO  storage.RaftLogWorker (RaftLogWorker.java:execute(469)) - dbc720ab-70b9-4009-8748-b891edcf2a35-RaftLogWorker: created new log segment /opt/src/hadoop-ozone/integration-test/target/test-dir/MiniOzoneClusterImpl-26a55514-a2c5-4524-ba36-82f1d26e9fd2/datanode-1/data/ratis/e2ada2e3-5cbd-42ba-8462-2e20a832494f/current/log_inprogress_0
2019-06-14 08:36:16,121 INFO  impl.FollowerState (FollowerState.java:run(101)) - dbc720ab-70b9-4009-8748-b891edcf2a35:group-0E47A2B6CD2C changes to CANDIDATE, lastRpcTime:1004, electionTimeout:1002ms
2019-06-14 08:36:16,121 INFO  impl.RoleInfo (RoleInfo.java:shutdownFollowerState(121)) - dbc720ab-70b9-4009-8748-b891edcf2a35: shutdown FollowerState
2019-06-14 08:36:16,121 INFO  impl.RaftServerImpl (RaftServerImpl.java:setRole(164)) - dbc720ab-70b9-4009-8748-b891edcf2a35:group-0E47A2B6CD2C changes role from FOLLOWER to CANDIDATE at term 0 for changeToCandidate
2019-06-14 08:36:16,121 INFO  impl.RoleInfo (RoleInfo.java:updateAndGet(143)) - dbc720ab-70b9-4009-8748-b891edcf2a35: start LeaderElection
2019-06-14 08:36:16,127 INFO  impl.LeaderElection (LeaderElection.java:askForVotes(181)) - dbc720ab-70b9-4009-8748-b891edcf2a35:group-0E47A2B6CD2C:LeaderElection39: begin an election at term 1 for -1: [e70f6017-e2d9-433f-ac29-d89cc01ed1d7:192.168.11.250:36501, dbc720ab-70b9-4009-8748-b891edcf2a35:192.168.11.250:35601, 1ec1d2b4-9587-487d-b414-640d8937b625:192.168.11.250:37719], old=null
2019-06-14 08:36:16,139 INFO  impl.RaftServerImpl (RaftServerImpl.java:setRole(164)) - e70f6017-e2d9-433f-ac29-d89cc01ed1d7:group-0E47A2B6CD2C changes role from FOLLOWER to FOLLOWER at term 1 for recognizeCandidate:dbc720ab-70b9-4009-8748-b891edcf2a35
2019-06-14 08:36:16,139 INFO  impl.RoleInfo (RoleInfo.java:shutdownFollowerState(121)) - e70f6017-e2d9-433f-ac29-d89cc01ed1d7: shutdown FollowerState
2019-06-14 08:36:16,139 INFO  impl.RoleInfo (RoleInfo.java:updateAndGet(143)) - e70f6017-e2d9-433f-ac29-d89cc01ed1d7: start FollowerState
2019-06-14 08:36:16,143 INFO  impl.LeaderElection (LeaderElection.java:logAndReturn(56)) - dbc720ab-70b9-4009-8748-b891edcf2a35:group-0E47A2B6CD2C:LeaderElection39: Election PASSED; received 1 response(s) [dbc720ab-70b9-4009-8748-b891edcf2a35->e70f6017-e2d9-433f-ac29-d89cc01ed1d7,true-t1] and 0 exception(s); dbc720ab-70b9-4009-8748-b891edcf2a35:t1, leader=null, voted=dbc720ab-70b9-4009-8748-b891edcf2a35, raftlog=dbc720ab-70b9-4009-8748-b891edcf2a35-SegmentedRaftLog:OPENED:c-1,f-1,i0, conf=-1: [e70f6017-e2d9-433f-ac29-d89cc01ed1d7:192.168.11.250:36501, dbc720ab-70b9-4009-8748-b891edcf2a35:192.168.11.250:35601, 1ec1d2b4-9587-487d-b414-640d8937b625:192.168.11.250:37719], old=null
2019-06-14 08:36:16,143 INFO  impl.RoleInfo (RoleInfo.java:shutdownLeaderElection(134)) - dbc720ab-70b9-4009-8748-b891edcf2a35: shutdown LeaderElection
2019-06-14 08:36:16,143 INFO  impl.RaftServerImpl (RaftServerImpl.java:setRole(164)) - dbc720ab-70b9-4009-8748-b891edcf2a35:group-0E47A2B6CD2C changes role from CANDIDATE to LEADER at term 1 for changeToLeader
2019-06-14 08:36:16,143 INFO  impl.RaftServerImpl (ServerState.java:setLeader(263)) - dbc720ab-70b9-4009-8748-b891edcf2a35:group-0E47A2B6CD2C change Leader from null to dbc720ab-70b9-4009-8748-b891edcf2a35 at term 1 for becomeLeader, leader elected after 1034ms
2019-06-14 08:36:16,143 INFO  server.RaftServerConfigKeys (ConfUtils.java:logGet(43)) - raft.server.staging.catchup.gap = 1000 (default)
2019-06-14 08:36:16,143 INFO  server.RaftServerConfigKeys (ConfUtils.java:logGet(43)) - raft.server.rpc.sleep.time = 25ms (default)
2019-06-14 08:36:16,144 INFO  server.RaftServerConfigKeys (ConfUtils.java:logGet(43)) - raft.server.watch.timeout = 10s (default)
2019-06-14 08:36:16,144 INFO  server.RaftServerConfigKeys (ConfUtils.java:logGet(43)) - raft.server.watch.timeout.denomination = 1s (default)
2019-06-14 08:36:16,144 INFO  server.RaftServerConfigKeys (ConfUtils.java:logGet(43)) - raft.server.log.appender.snapshot.chunk.size.max = 16MB (=16777216) (default)
2019-06-14 08:36:16,144 INFO  server.RaftServerConfigKeys (ConfUtils.java:logGet(43)) - raft.server.log.appender.buffer.byte-limit = 33554432 (custom)
2019-06-14 08:36:16,144 INFO  server.RaftServerConfigKeys (ConfUtils.java:logGet(43)) - raft.server.log.appender.buffer.element-limit = 1 (custom)
2019-06-14 08:36:16,144 INFO  grpc.GrpcConfigKeys$Server (ConfUtils.java:logGet(43)) - raft.grpc.server.leader.outstanding.appends.max = 128 (default)
2019-06-14 08:36:16,144 INFO  server.RaftServerConfigKeys (ConfUtils.java:logGet(43)) - raft.server.rpc.request.timeout = 3000ms (default)
2019-06-14 08:36:16,144 INFO  server.RaftServerConfigKeys (ConfUtils.java:logGet(43)) - raft.server.log.appender.install.snapshot.enabled = true (default)
2019-06-14 08:36:16,144 INFO  server.RaftServerConfigKeys (ConfUtils.java:logGet(43)) - raft.server.log.appender.snapshot.chunk.size.max = 16MB (=16777216) (default)
2019-06-14 08:36:16,144 INFO  server.RaftServerConfigKeys (ConfUtils.java:logGet(43)) - raft.server.log.appender.buffer.byte-limit = 33554432 (custom)
2019-06-14 08:36:16,144 INFO  server.RaftServerConfigKeys (ConfUtils.java:logGet(43)) - raft.server.log.appender.buffer.element-limit = 1 (custom)
2019-06-14 08:36:16,144 INFO  grpc.GrpcConfigKeys$Server (ConfUtils.java:logGet(43)) - raft.grpc.server.leader.outstanding.appends.max = 128 (default)
2019-06-14 08:36:16,150 INFO  server.RaftServerConfigKeys (ConfUtils.java:logGet(43)) - raft.server.rpc.request.timeout = 3000ms (default)
2019-06-14 08:36:16,150 INFO  server.RaftServerConfigKeys (ConfUtils.java:logGet(43)) - raft.server.log.appender.install.snapshot.enabled = true (default)
2019-06-14 08:36:16,150 INFO  impl.RoleInfo (RoleInfo.java:updateAndGet(143)) - dbc720ab-70b9-4009-8748-b891edcf2a35: start LeaderState
2019-06-14 08:36:16,150 INFO  storage.RaftLogWorker (RaftLogWorker.java:startLogSegment(298)) - dbc720ab-70b9-4009-8748-b891edcf2a35-RaftLogWorker: Starting segment from index:0
2019-06-14 08:36:16,151 INFO  impl.RaftServerImpl (RaftServerImpl.java:setRole(164)) - 1ec1d2b4-9587-487d-b414-640d8937b625:group-0E47A2B6CD2C changes role from FOLLOWER to FOLLOWER at term 1 for recognizeCandidate:dbc720ab-70b9-4009-8748-b891edcf2a35
2019-06-14 08:36:16,151 INFO  impl.RoleInfo (RoleInfo.java:shutdownFollowerState(121)) - 1ec1d2b4-9587-487d-b414-640d8937b625: shutdown FollowerState
2019-06-14 08:36:16,151 INFO  impl.RoleInfo (RoleInfo.java:updateAndGet(143)) - 1ec1d2b4-9587-487d-b414-640d8937b625: start FollowerState
2019-06-14 08:36:16,151 INFO  impl.FollowerState (FollowerState.java:run(109)) - 1ec1d2b4-9587-487d-b414-640d8937b625: FollowerState was interrupted: java.lang.InterruptedException: sleep interrupted
2019-06-14 08:36:16,173 INFO  impl.RaftServerImpl (ServerState.java:setRaftConf(361)) - dbc720ab-70b9-4009-8748-b891edcf2a35:group-0E47A2B6CD2C set configuration 0: [e70f6017-e2d9-433f-ac29-d89cc01ed1d7:192.168.11.250:36501, dbc720ab-70b9-4009-8748-b891edcf2a35:192.168.11.250:35601, 1ec1d2b4-9587-487d-b414-640d8937b625:192.168.11.250:37719], old=null at 0
2019-06-14 08:36:16,175 INFO  impl.RaftServerImpl (ServerState.java:setLeader(263)) - e70f6017-e2d9-433f-ac29-d89cc01ed1d7:group-0E47A2B6CD2C change Leader from null to dbc720ab-70b9-4009-8748-b891edcf2a35 at term 1 for appendEntries, leader elected after 1055ms
2019-06-14 08:36:16,180 INFO  impl.RaftServerImpl (ServerState.java:setLeader(263)) - 1ec1d2b4-9587-487d-b414-640d8937b625:group-0E47A2B6CD2C change Leader from null to dbc720ab-70b9-4009-8748-b891edcf2a35 at term 1 for appendEntries, leader elected after 1072ms
2019-06-14 08:36:16,195 INFO  impl.RaftServerImpl (ServerState.java:setRaftConf(361)) - 1ec1d2b4-9587-487d-b414-640d8937b625:group-0E47A2B6CD2C set configuration 0: [e70f6017-e2d9-433f-ac29-d89cc01ed1d7:192.168.11.250:36501, dbc720ab-70b9-4009-8748-b891edcf2a35:192.168.11.250:35601, 1ec1d2b4-9587-487d-b414-640d8937b625:192.168.11.250:37719], old=null at 0
2019-06-14 08:36:16,195 INFO  impl.RaftServerImpl (ServerState.java:setRaftConf(361)) - e70f6017-e2d9-433f-ac29-d89cc01ed1d7:group-0E47A2B6CD2C set configuration 0: [e70f6017-e2d9-433f-ac29-d89cc01ed1d7:192.168.11.250:36501, dbc720ab-70b9-4009-8748-b891edcf2a35:192.168.11.250:35601, 1ec1d2b4-9587-487d-b414-640d8937b625:192.168.11.250:37719], old=null at 0
2019-06-14 08:36:16,195 INFO  storage.RaftLogWorker (RaftLogWorker.java:startLogSegment(298)) - 1ec1d2b4-9587-487d-b414-640d8937b625-RaftLogWorker: Starting segment from index:0
2019-06-14 08:36:16,196 INFO  storage.RaftLogWorker (RaftLogWorker.java:startLogSegment(298)) - e70f6017-e2d9-433f-ac29-d89cc01ed1d7-RaftLogWorker: Starting segment from index:0
2019-06-14 08:36:16,196 INFO  storage.RaftLogWorker (RaftLogWorker.java:execute(469)) - dbc720ab-70b9-4009-8748-b891edcf2a35-RaftLogWorker: created new log segment /opt/src/hadoop-ozone/integration-test/target/test-dir/MiniOzoneClusterImpl-26a55514-a2c5-4524-ba36-82f1d26e9fd2/datanode-1/data/ratis/c38d9bc2-b850-497e-b927-0e47a2b6cd2c/current/log_inprogress_0
2019-06-14 08:36:16,212 INFO  impl.FollowerState (FollowerState.java:run(101)) - e70f6017-e2d9-433f-ac29-d89cc01ed1d7:group-5BE4A16801D8 changes to CANDIDATE, lastRpcTime:1131, electionTimeout:1131ms
2019-06-14 08:36:16,212 INFO  impl.RoleInfo (RoleInfo.java:shutdownFollowerState(121)) - e70f6017-e2d9-433f-ac29-d89cc01ed1d7: shutdown FollowerState
2019-06-14 08:36:16,212 INFO  impl.RaftServerImpl (RaftServerImpl.java:setRole(164)) - e70f6017-e2d9-433f-ac29-d89cc01ed1d7:group-5BE4A16801D8 changes role from FOLLOWER to CANDIDATE at term 0 for changeToCandidate
2019-06-14 08:36:16,212 INFO  impl.RoleInfo (RoleInfo.java:updateAndGet(143)) - e70f6017-e2d9-433f-ac29-d89cc01ed1d7: start LeaderElection
2019-06-14 08:36:16,222 INFO  impl.LeaderElection (LeaderElection.java:askForVotes(181)) - e70f6017-e2d9-433f-ac29-d89cc01ed1d7:group-5BE4A16801D8:LeaderElection40: begin an election at term 1 for -1: [e70f6017-e2d9-433f-ac29-d89cc01ed1d7:192.168.11.250:36501], old=null
2019-06-14 08:36:16,222 INFO  impl.RoleInfo (RoleInfo.java:shutdownLeaderElection(134)) - e70f6017-e2d9-433f-ac29-d89cc01ed1d7: shutdown LeaderElection
2019-06-14 08:36:16,222 INFO  impl.RaftServerImpl (RaftServerImpl.java:setRole(164)) - e70f6017-e2d9-433f-ac29-d89cc01ed1d7:group-5BE4A16801D8 changes role from CANDIDATE to LEADER at term 1 for changeToLeader
2019-06-14 08:36:16,222 INFO  impl.RaftServerImpl (ServerState.java:setLeader(263)) - e70f6017-e2d9-433f-ac29-d89cc01ed1d7:group-5BE4A16801D8 change Leader from null to e70f6017-e2d9-433f-ac29-d89cc01ed1d7 at term 1 for becomeLeader, leader elected after 1144ms
2019-06-14 08:36:16,222 INFO  server.RaftServerConfigKeys (ConfUtils.java:logGet(43)) - raft.server.staging.catchup.gap = 1000 (default)
2019-06-14 08:36:16,222 INFO  server.RaftServerConfigKeys (ConfUtils.java:logGet(43)) - raft.server.rpc.sleep.time = 25ms (default)
2019-06-14 08:36:16,222 INFO  server.RaftServerConfigKeys (ConfUtils.java:logGet(43)) - raft.server.watch.timeout = 10s (default)
2019-06-14 08:36:16,222 INFO  server.RaftServerConfigKeys (ConfUtils.java:logGet(43)) - raft.server.watch.timeout.denomination = 1s (default)
2019-06-14 08:36:16,223 INFO  impl.RoleInfo (RoleInfo.java:updateAndGet(143)) - e70f6017-e2d9-433f-ac29-d89cc01ed1d7: start LeaderState
2019-06-14 08:36:16,223 INFO  storage.RaftLogWorker (RaftLogWorker.java:startLogSegment(298)) - e70f6017-e2d9-433f-ac29-d89cc01ed1d7-RaftLogWorker: Starting segment from index:0
2019-06-14 08:36:16,223 INFO  impl.RaftServerImpl (ServerState.java:setRaftConf(361)) - e70f6017-e2d9-433f-ac29-d89cc01ed1d7:group-5BE4A16801D8 set configuration 0: [e70f6017-e2d9-433f-ac29-d89cc01ed1d7:192.168.11.250:36501], old=null at 0
2019-06-14 08:36:16,244 INFO  storage.RaftLogWorker (RaftLogWorker.java:execute(469)) - e70f6017-e2d9-433f-ac29-d89cc01ed1d7-RaftLogWorker: created new log segment /opt/src/hadoop-ozone/integration-test/target/test-dir/MiniOzoneClusterImpl-26a55514-a2c5-4524-ba36-82f1d26e9fd2/datanode-2/data/ratis/c38d9bc2-b850-497e-b927-0e47a2b6cd2c/current/log_inprogress_0
2019-06-14 08:36:16,247 INFO  storage.RaftLogWorker (RaftLogWorker.java:execute(469)) - 1ec1d2b4-9587-487d-b414-640d8937b625-RaftLogWorker: created new log segment /opt/src/hadoop-ozone/integration-test/target/test-dir/MiniOzoneClusterImpl-26a55514-a2c5-4524-ba36-82f1d26e9fd2/datanode-0/data/ratis/c38d9bc2-b850-497e-b927-0e47a2b6cd2c/current/log_inprogress_0
2019-06-14 08:36:16,265 INFO  storage.RaftLogWorker (RaftLogWorker.java:execute(469)) - e70f6017-e2d9-433f-ac29-d89cc01ed1d7-RaftLogWorker: created new log segment /opt/src/hadoop-ozone/integration-test/target/test-dir/MiniOzoneClusterImpl-26a55514-a2c5-4524-ba36-82f1d26e9fd2/datanode-2/data/ratis/385f5ecb-0cf7-47c3-b6ab-5be4a16801d8/current/log_inprogress_0
2019-06-14 08:36:16,338 INFO  impl.FollowerState (FollowerState.java:run(101)) - 90d25e9e-8e34-4124-9605-b24393a840ab:group-D21556578DB5 changes to CANDIDATE, lastRpcTime:1104, electionTimeout:1104ms
2019-06-14 08:36:16,338 INFO  impl.RoleInfo (RoleInfo.java:shutdownFollowerState(121)) - 90d25e9e-8e34-4124-9605-b24393a840ab: shutdown FollowerState
2019-06-14 08:36:16,338 INFO  impl.RaftServerImpl (RaftServerImpl.java:setRole(164)) - 90d25e9e-8e34-4124-9605-b24393a840ab:group-D21556578DB5 changes role from FOLLOWER to CANDIDATE at term 0 for changeToCandidate
2019-06-14 08:36:16,338 INFO  impl.RoleInfo (RoleInfo.java:updateAndGet(143)) - 90d25e9e-8e34-4124-9605-b24393a840ab: start LeaderElection
2019-06-14 08:36:16,345 INFO  impl.LeaderElection (LeaderElection.java:askForVotes(181)) - 90d25e9e-8e34-4124-9605-b24393a840ab:group-D21556578DB5:LeaderElection41: begin an election at term 1 for -1: [90d25e9e-8e34-4124-9605-b24393a840ab:192.168.11.250:37373], old=null
2019-06-14 08:36:16,345 INFO  impl.RoleInfo (RoleInfo.java:shutdownLeaderElection(134)) - 90d25e9e-8e34-4124-9605-b24393a840ab: shutdown LeaderElection
2019-06-14 08:36:16,345 INFO  impl.RaftServerImpl (RaftServerImpl.java:setRole(164)) - 90d25e9e-8e34-4124-9605-b24393a840ab:group-D21556578DB5 changes role from CANDIDATE to LEADER at term 1 for changeToLeader
2019-06-14 08:36:16,346 INFO  impl.RaftServerImpl (ServerState.java:setLeader(263)) - 90d25e9e-8e34-4124-9605-b24393a840ab:group-D21556578DB5 change Leader from null to 90d25e9e-8e34-4124-9605-b24393a840ab at term 1 for becomeLeader, leader elected after 1114ms
2019-06-14 08:36:16,346 INFO  server.RaftServerConfigKeys (ConfUtils.java:logGet(43)) - raft.server.staging.catchup.gap = 1000 (default)
2019-06-14 08:36:16,346 INFO  server.RaftServerConfigKeys (ConfUtils.java:logGet(43)) - raft.server.rpc.sleep.time = 25ms (default)
2019-06-14 08:36:16,346 INFO  server.RaftServerConfigKeys (ConfUtils.java:logGet(43)) - raft.server.watch.timeout = 10s (default)
2019-06-14 08:36:16,346 INFO  server.RaftServerConfigKeys (ConfUtils.java:logGet(43)) - raft.server.watch.timeout.denomination = 1s (default)
2019-06-14 08:36:16,346 INFO  impl.RoleInfo (RoleInfo.java:updateAndGet(143)) - 90d25e9e-8e34-4124-9605-b24393a840ab: start LeaderState
2019-06-14 08:36:16,346 INFO  storage.RaftLogWorker (RaftLogWorker.java:startLogSegment(298)) - 90d25e9e-8e34-4124-9605-b24393a840ab-RaftLogWorker: Starting segment from index:0
2019-06-14 08:36:16,347 INFO  impl.RaftServerImpl (ServerState.java:setRaftConf(361)) - 90d25e9e-8e34-4124-9605-b24393a840ab:group-D21556578DB5 set configuration 0: [90d25e9e-8e34-4124-9605-b24393a840ab:192.168.11.250:37373], old=null at 0
2019-06-14 08:36:16,383 INFO  storage.RaftLogWorker (RaftLogWorker.java:execute(469)) - 90d25e9e-8e34-4124-9605-b24393a840ab-RaftLogWorker: created new log segment /opt/src/hadoop-ozone/integration-test/target/test-dir/MiniOzoneClusterImpl-26a55514-a2c5-4524-ba36-82f1d26e9fd2/datanode-3/data/ratis/956e8656-f8e1-47f9-8052-d21556578db5/current/log_inprogress_0
2019-06-14 08:36:16,564 INFO  impl.FollowerState (FollowerState.java:run(101)) - ead1e677-2543-412d-b74f-78773de8f177:group-CEF44127ECE3 changes to CANDIDATE, lastRpcTime:1132, electionTimeout:1132ms
2019-06-14 08:36:16,564 INFO  impl.RoleInfo (RoleInfo.java:shutdownFollowerState(121)) - ead1e677-2543-412d-b74f-78773de8f177: shutdown FollowerState
2019-06-14 08:36:16,564 INFO  impl.RaftServerImpl (RaftServerImpl.java:setRole(164)) - ead1e677-2543-412d-b74f-78773de8f177:group-CEF44127ECE3 changes role from FOLLOWER to CANDIDATE at term 0 for changeToCandidate
2019-06-14 08:36:16,564 INFO  impl.RoleInfo (RoleInfo.java:updateAndGet(143)) - ead1e677-2543-412d-b74f-78773de8f177: start LeaderElection
2019-06-14 08:36:16,570 INFO  impl.LeaderElection (LeaderElection.java:askForVotes(181)) - ead1e677-2543-412d-b74f-78773de8f177:group-CEF44127ECE3:LeaderElection42: begin an election at term 1 for -1: [ead1e677-2543-412d-b74f-78773de8f177:192.168.11.250:39127], old=null
2019-06-14 08:36:16,570 INFO  impl.RoleInfo (RoleInfo.java:shutdownLeaderElection(134)) - ead1e677-2543-412d-b74f-78773de8f177: shutdown LeaderElection
2019-06-14 08:36:16,570 INFO  impl.RaftServerImpl (RaftServerImpl.java:setRole(164)) - ead1e677-2543-412d-b74f-78773de8f177:group-CEF44127ECE3 changes role from CANDIDATE to LEADER at term 1 for changeToLeader
2019-06-14 08:36:16,571 INFO  impl.RaftServerImpl (ServerState.java:setLeader(263)) - ead1e677-2543-412d-b74f-78773de8f177:group-CEF44127ECE3 change Leader from null to ead1e677-2543-412d-b74f-78773de8f177 at term 1 for becomeLeader, leader elected after 1141ms
2019-06-14 08:36:16,571 INFO  server.RaftServerConfigKeys (ConfUtils.java:logGet(43)) - raft.server.staging.catchup.gap = 1000 (default)
2019-06-14 08:36:16,571 INFO  server.RaftServerConfigKeys (ConfUtils.java:logGet(43)) - raft.server.rpc.sleep.time = 25ms (default)
2019-06-14 08:36:16,571 INFO  server.RaftServerConfigKeys (ConfUtils.java:logGet(43)) - raft.server.watch.timeout = 10s (default)
2019-06-14 08:36:16,571 INFO  server.RaftServerConfigKeys (ConfUtils.java:logGet(43)) - raft.server.watch.timeout.denomination = 1s (default)
2019-06-14 08:36:16,571 INFO  impl.RoleInfo (RoleInfo.java:updateAndGet(143)) - ead1e677-2543-412d-b74f-78773de8f177: start LeaderState
2019-06-14 08:36:16,571 INFO  storage.RaftLogWorker (RaftLogWorker.java:startLogSegment(298)) - ead1e677-2543-412d-b74f-78773de8f177-RaftLogWorker: Starting segment from index:0
2019-06-14 08:36:16,574 INFO  impl.RaftServerImpl (ServerState.java:setRaftConf(361)) - ead1e677-2543-412d-b74f-78773de8f177:group-CEF44127ECE3 set configuration 0: [ead1e677-2543-412d-b74f-78773de8f177:192.168.11.250:39127], old=null at 0
2019-06-14 08:36:16,615 INFO  storage.RaftLogWorker (RaftLogWorker.java:execute(469)) - ead1e677-2543-412d-b74f-78773de8f177-RaftLogWorker: created new log segment /opt/src/hadoop-ozone/integration-test/target/test-dir/MiniOzoneClusterImpl-26a55514-a2c5-4524-ba36-82f1d26e9fd2/datanode-4/data/ratis/3e10d65d-9e9c-40c3-9b76-cef44127ece3/current/log_inprogress_0
2019-06-14 08:36:16,704 INFO  ozone.MiniOzoneClusterImpl (MiniOzoneClusterImpl.java:lambda$waitForClusterToBeReady$0(142)) - Cluster is ready. Got 7 of 7 DN Heartbeats.
2019-06-14 08:36:16,729 INFO  rpc.RpcClient (RpcClient.java:createVolume(289)) - Creating Volume: watchforcommithandlingtest, with root as owner.
2019-06-14 08:36:16,739 INFO  impl.FollowerState (FollowerState.java:run(101)) - 517f2f3f-a155-4f9e-9148-a5bf7085e160:group-87815CC6C83C changes to CANDIDATE, lastRpcTime:1162, electionTimeout:1159ms
2019-06-14 08:36:16,741 INFO  impl.RoleInfo (RoleInfo.java:shutdownFollowerState(121)) - 517f2f3f-a155-4f9e-9148-a5bf7085e160: shutdown FollowerState
2019-06-14 08:36:16,741 INFO  impl.RaftServerImpl (RaftServerImpl.java:setRole(164)) - 517f2f3f-a155-4f9e-9148-a5bf7085e160:group-87815CC6C83C changes role from FOLLOWER to CANDIDATE at term 0 for changeToCandidate
2019-06-14 08:36:16,741 INFO  impl.RoleInfo (RoleInfo.java:updateAndGet(143)) - 517f2f3f-a155-4f9e-9148-a5bf7085e160: start LeaderElection
2019-06-14 08:36:16,744 INFO  rpc.RpcClient (RpcClient.java:createBucket(426)) - Creating Bucket: watchforcommithandlingtest/watchforcommithandlingtest, with Versioning false and Storage Type set to DISK and Encryption set to false 
2019-06-14 08:36:16,747 INFO  impl.LeaderElection (LeaderElection.java:askForVotes(181)) - 517f2f3f-a155-4f9e-9148-a5bf7085e160:group-87815CC6C83C:LeaderElection43: begin an election at term 1 for -1: [517f2f3f-a155-4f9e-9148-a5bf7085e160:192.168.11.250:38773], old=null
2019-06-14 08:36:16,747 INFO  impl.RoleInfo (RoleInfo.java:shutdownLeaderElection(134)) - 517f2f3f-a155-4f9e-9148-a5bf7085e160: shutdown LeaderElection
2019-06-14 08:36:16,747 INFO  impl.RaftServerImpl (RaftServerImpl.java:setRole(164)) - 517f2f3f-a155-4f9e-9148-a5bf7085e160:group-87815CC6C83C changes role from CANDIDATE to LEADER at term 1 for changeToLeader
2019-06-14 08:36:16,747 INFO  impl.RaftServerImpl (ServerState.java:setLeader(263)) - 517f2f3f-a155-4f9e-9148-a5bf7085e160:group-87815CC6C83C change Leader from null to 517f2f3f-a155-4f9e-9148-a5bf7085e160 at term 1 for becomeLeader, leader elected after 1172ms
2019-06-14 08:36:16,747 INFO  server.RaftServerConfigKeys (ConfUtils.java:logGet(43)) - raft.server.staging.catchup.gap = 1000 (default)
2019-06-14 08:36:16,747 INFO  ozone.MiniOzoneClusterImpl (MiniOzoneClusterImpl.java:getStorageContainerLocationClient(241)) - Creating StorageContainerLocationProtocol RPC client with address /0.0.0.0:44423
2019-06-14 08:36:16,747 INFO  server.RaftServerConfigKeys (ConfUtils.java:logGet(43)) - raft.server.rpc.sleep.time = 25ms (default)
2019-06-14 08:36:16,748 INFO  server.RaftServerConfigKeys (ConfUtils.java:logGet(43)) - raft.server.watch.timeout = 10s (default)
2019-06-14 08:36:16,748 INFO  server.RaftServerConfigKeys (ConfUtils.java:logGet(43)) - raft.server.watch.timeout.denomination = 1s (default)
2019-06-14 08:36:16,748 INFO  impl.RoleInfo (RoleInfo.java:updateAndGet(143)) - 517f2f3f-a155-4f9e-9148-a5bf7085e160: start LeaderState
2019-06-14 08:36:16,750 INFO  storage.RaftLogWorker (RaftLogWorker.java:startLogSegment(298)) - 517f2f3f-a155-4f9e-9148-a5bf7085e160-RaftLogWorker: Starting segment from index:0
2019-06-14 08:36:16,755 INFO  impl.RaftServerImpl (ServerState.java:setRaftConf(361)) - 517f2f3f-a155-4f9e-9148-a5bf7085e160:group-87815CC6C83C set configuration 0: [517f2f3f-a155-4f9e-9148-a5bf7085e160:192.168.11.250:38773], old=null at 0
2019-06-14 08:36:16,775 INFO  client.GrpcClientProtocolClient (GrpcClientProtocolClient.java:onNext(254)) - client-3E877FCCF0F8->e70f6017-e2d9-433f-ac29-d89cc01ed1d7: receive RaftClientReply:client-3E877FCCF0F8->e70f6017-e2d9-433f-ac29-d89cc01ed1d7@group-0E47A2B6CD2C, cid=66, FAILED org.apache.ratis.protocol.NotLeaderException: Server e70f6017-e2d9-433f-ac29-d89cc01ed1d7 is not the leader (dbc720ab-70b9-4009-8748-b891edcf2a35:192.168.11.250:35601). Request must be sent to leader., logIndex=0, commits[e70f6017-e2d9-433f-ac29-d89cc01ed1d7:c0, dbc720ab-70b9-4009-8748-b891edcf2a35:c0, 1ec1d2b4-9587-487d-b414-640d8937b625:c-1]
2019-06-14 08:36:16,799 INFO  impl.FollowerState (FollowerState.java:run(101)) - ead1e677-2543-412d-b74f-78773de8f177:group-85AD2AF68090 changes to CANDIDATE, lastRpcTime:1180, electionTimeout:1170ms
2019-06-14 08:36:16,800 INFO  impl.RoleInfo (RoleInfo.java:shutdownFollowerState(121)) - ead1e677-2543-412d-b74f-78773de8f177: shutdown FollowerState
2019-06-14 08:36:16,800 INFO  impl.RaftServerImpl (RaftServerImpl.java:setRole(164)) - ead1e677-2543-412d-b74f-78773de8f177:group-85AD2AF68090 changes role from FOLLOWER to CANDIDATE at term 0 for changeToCandidate
2019-06-14 08:36:16,801 INFO  impl.RoleInfo (RoleInfo.java:updateAndGet(143)) - ead1e677-2543-412d-b74f-78773de8f177: start LeaderElection
2019-06-14 08:36:16,799 INFO  impl.FollowerState (FollowerState.java:run(101)) - 90d25e9e-8e34-4124-9605-b24393a840ab:group-85AD2AF68090 changes to CANDIDATE, lastRpcTime:1193, electionTimeout:1178ms
2019-06-14 08:36:16,801 INFO  impl.RoleInfo (RoleInfo.java:shutdownFollowerState(121)) - 90d25e9e-8e34-4124-9605-b24393a840ab: shutdown FollowerState
2019-06-14 08:36:16,801 INFO  impl.RaftServerImpl (RaftServerImpl.java:setRole(164)) - 90d25e9e-8e34-4124-9605-b24393a840ab:group-85AD2AF68090 changes role from FOLLOWER to CANDIDATE at term 0 for changeToCandidate
2019-06-14 08:36:16,801 INFO  impl.RoleInfo (RoleInfo.java:updateAndGet(143)) - 90d25e9e-8e34-4124-9605-b24393a840ab: start LeaderElection
2019-06-14 08:36:16,801 WARN  client.GrpcClientProtocolService (LogUtils.java:warn(134)) - 0-OrderedRequestStreamObserver0: onError: org.apache.ratis.thirdparty.io.grpc.StatusRuntimeException: CANCELLED: cancelled before receiving half close
2019-06-14 08:36:16,804 INFO  storage.RaftLogWorker (RaftLogWorker.java:execute(469)) - 517f2f3f-a155-4f9e-9148-a5bf7085e160-RaftLogWorker: created new log segment /opt/src/hadoop-ozone/integration-test/target/test-dir/MiniOzoneClusterImpl-26a55514-a2c5-4524-ba36-82f1d26e9fd2/datanode-5/data/ratis/8250bccb-25b0-4ddf-aaf0-87815cc6c83c/current/log_inprogress_0
2019-06-14 08:36:16,806 INFO  impl.LeaderElection (LeaderElection.java:askForVotes(181)) - ead1e677-2543-412d-b74f-78773de8f177:group-85AD2AF68090:LeaderElection44: begin an election at term 1 for -1: [517f2f3f-a155-4f9e-9148-a5bf7085e160:192.168.11.250:38773, 90d25e9e-8e34-4124-9605-b24393a840ab:192.168.11.250:37373, ead1e677-2543-412d-b74f-78773de8f177:192.168.11.250:39127], old=null
2019-06-14 08:36:16,806 INFO  impl.LeaderElection (LeaderElection.java:askForVotes(181)) - 90d25e9e-8e34-4124-9605-b24393a840ab:group-85AD2AF68090:LeaderElection45: begin an election at term 1 for -1: [517f2f3f-a155-4f9e-9148-a5bf7085e160:192.168.11.250:38773, 90d25e9e-8e34-4124-9605-b24393a840ab:192.168.11.250:37373, ead1e677-2543-412d-b74f-78773de8f177:192.168.11.250:39127], old=null
2019-06-14 08:36:16,808 INFO  impl.FollowerState (FollowerState.java:run(101)) - 517f2f3f-a155-4f9e-9148-a5bf7085e160:group-85AD2AF68090 changes to CANDIDATE, lastRpcTime:1191, electionTimeout:1191ms
2019-06-14 08:36:16,808 INFO  impl.RoleInfo (RoleInfo.java:shutdownFollowerState(121)) - 517f2f3f-a155-4f9e-9148-a5bf7085e160: shutdown FollowerState
2019-06-14 08:36:16,808 INFO  impl.RaftServerImpl (RaftServerImpl.java:setRole(164)) - 517f2f3f-a155-4f9e-9148-a5bf7085e160:group-85AD2AF68090 changes role from FOLLOWER to CANDIDATE at term 0 for changeToCandidate
2019-06-14 08:36:16,808 INFO  impl.RoleInfo (RoleInfo.java:updateAndGet(143)) - 517f2f3f-a155-4f9e-9148-a5bf7085e160: start LeaderElection
2019-06-14 08:36:16,824 INFO  impl.LeaderElection (LeaderElection.java:askForVotes(181)) - 517f2f3f-a155-4f9e-9148-a5bf7085e160:group-85AD2AF68090:LeaderElection46: begin an election at term 1 for -1: [517f2f3f-a155-4f9e-9148-a5bf7085e160:192.168.11.250:38773, 90d25e9e-8e34-4124-9605-b24393a840ab:192.168.11.250:37373, ead1e677-2543-412d-b74f-78773de8f177:192.168.11.250:39127], old=null
2019-06-14 08:36:16,825 INFO  impl.LeaderElection (LeaderElection.java:logAndReturn(56)) - ead1e677-2543-412d-b74f-78773de8f177:group-85AD2AF68090:LeaderElection44: Election REJECTED; received 2 response(s) [ead1e677-2543-412d-b74f-78773de8f177->517f2f3f-a155-4f9e-9148-a5bf7085e160,false-t1, ead1e677-2543-412d-b74f-78773de8f177->90d25e9e-8e34-4124-9605-b24393a840ab,false-t1] and 0 exception(s); ead1e677-2543-412d-b74f-78773de8f177:t1, leader=null, voted=ead1e677-2543-412d-b74f-78773de8f177, raftlog=ead1e677-2543-412d-b74f-78773de8f177-SegmentedRaftLog:OPENED:c-1,f-1,i0, conf=-1: [517f2f3f-a155-4f9e-9148-a5bf7085e160:192.168.11.250:38773, 90d25e9e-8e34-4124-9605-b24393a840ab:192.168.11.250:37373, ead1e677-2543-412d-b74f-78773de8f177:192.168.11.250:39127], old=null
2019-06-14 08:36:16,826 INFO  impl.RaftServerImpl (RaftServerImpl.java:setRole(164)) - ead1e677-2543-412d-b74f-78773de8f177:group-85AD2AF68090 changes role from CANDIDATE to FOLLOWER at term 1 for DISCOVERED_A_NEW_TERM
2019-06-14 08:36:16,826 INFO  impl.RoleInfo (RoleInfo.java:shutdownLeaderElection(134)) - ead1e677-2543-412d-b74f-78773de8f177: shutdown LeaderElection
2019-06-14 08:36:16,826 INFO  impl.RoleInfo (RoleInfo.java:updateAndGet(143)) - ead1e677-2543-412d-b74f-78773de8f177: start FollowerState
2019-06-14 08:36:16,831 INFO  impl.LeaderElection (LeaderElection.java:logAndReturn(56)) - 90d25e9e-8e34-4124-9605-b24393a840ab:group-85AD2AF68090:LeaderElection45: Election REJECTED; received 2 response(s) [90d25e9e-8e34-4124-9605-b24393a840ab->517f2f3f-a155-4f9e-9148-a5bf7085e160,false-t1, 90d25e9e-8e34-4124-9605-b24393a840ab->ead1e677-2543-412d-b74f-78773de8f177,false-t1] and 0 exception(s); 90d25e9e-8e34-4124-9605-b24393a840ab:t1, leader=null, voted=90d25e9e-8e34-4124-9605-b24393a840ab, raftlog=90d25e9e-8e34-4124-9605-b24393a840ab-SegmentedRaftLog:OPENED:c-1,f-1,i0, conf=-1: [517f2f3f-a155-4f9e-9148-a5bf7085e160:192.168.11.250:38773, 90d25e9e-8e34-4124-9605-b24393a840ab:192.168.11.250:37373, ead1e677-2543-412d-b74f-78773de8f177:192.168.11.250:39127], old=null
2019-06-14 08:36:16,831 INFO  impl.RaftServerImpl (RaftServerImpl.java:setRole(164)) - 90d25e9e-8e34-4124-9605-b24393a840ab:group-85AD2AF68090 changes role from CANDIDATE to FOLLOWER at term 1 for DISCOVERED_A_NEW_TERM
2019-06-14 08:36:16,831 INFO  impl.RoleInfo (RoleInfo.java:shutdownLeaderElection(134)) - 90d25e9e-8e34-4124-9605-b24393a840ab: shutdown LeaderElection
2019-06-14 08:36:16,831 INFO  impl.RoleInfo (RoleInfo.java:updateAndGet(143)) - 90d25e9e-8e34-4124-9605-b24393a840ab: start FollowerState
2019-06-14 08:36:16,835 INFO  impl.LeaderElection (LeaderElection.java:logAndReturn(56)) - 517f2f3f-a155-4f9e-9148-a5bf7085e160:group-85AD2AF68090:LeaderElection46: Election REJECTED; received 2 response(s) [517f2f3f-a155-4f9e-9148-a5bf7085e160->90d25e9e-8e34-4124-9605-b24393a840ab,false-t1, 517f2f3f-a155-4f9e-9148-a5bf7085e160->ead1e677-2543-412d-b74f-78773de8f177,false-t1] and 0 exception(s); 517f2f3f-a155-4f9e-9148-a5bf7085e160:t1, leader=null, voted=517f2f3f-a155-4f9e-9148-a5bf7085e160, raftlog=517f2f3f-a155-4f9e-9148-a5bf7085e160-SegmentedRaftLog:OPENED:c-1,f-1,i0, conf=-1: [517f2f3f-a155-4f9e-9148-a5bf7085e160:192.168.11.250:38773, 90d25e9e-8e34-4124-9605-b24393a840ab:192.168.11.250:37373, ead1e677-2543-412d-b74f-78773de8f177:192.168.11.250:39127], old=null
2019-06-14 08:36:16,835 INFO  impl.RaftServerImpl (RaftServerImpl.java:setRole(164)) - 517f2f3f-a155-4f9e-9148-a5bf7085e160:group-85AD2AF68090 changes role from CANDIDATE to FOLLOWER at term 1 for DISCOVERED_A_NEW_TERM
2019-06-14 08:36:16,835 INFO  impl.RoleInfo (RoleInfo.java:shutdownLeaderElection(134)) - 517f2f3f-a155-4f9e-9148-a5bf7085e160: shutdown LeaderElection
2019-06-14 08:36:16,835 INFO  impl.RoleInfo (RoleInfo.java:updateAndGet(143)) - 517f2f3f-a155-4f9e-9148-a5bf7085e160: start FollowerState
2019-06-14 08:36:16,890 INFO  impl.FollowerState (FollowerState.java:run(101)) - 76a83660-9d85-410c-94b0-abb1d93e6122:group-1641304CAD13 changes to CANDIDATE, lastRpcTime:1159, electionTimeout:1159ms
2019-06-14 08:36:16,890 INFO  impl.RoleInfo (RoleInfo.java:shutdownFollowerState(121)) - 76a83660-9d85-410c-94b0-abb1d93e6122: shutdown FollowerState
2019-06-14 08:36:16,890 INFO  impl.RaftServerImpl (RaftServerImpl.java:setRole(164)) - 76a83660-9d85-410c-94b0-abb1d93e6122:group-1641304CAD13 changes role from FOLLOWER to CANDIDATE at term 0 for changeToCandidate
2019-06-14 08:36:16,890 INFO  impl.RoleInfo (RoleInfo.java:updateAndGet(143)) - 76a83660-9d85-410c-94b0-abb1d93e6122: start LeaderElection
2019-06-14 08:36:16,899 INFO  impl.LeaderElection (LeaderElection.java:askForVotes(181)) - 76a83660-9d85-410c-94b0-abb1d93e6122:group-1641304CAD13:LeaderElection47: begin an election at term 1 for -1: [76a83660-9d85-410c-94b0-abb1d93e6122:192.168.11.250:33271], old=null
2019-06-14 08:36:16,899 INFO  impl.RoleInfo (RoleInfo.java:shutdownLeaderElection(134)) - 76a83660-9d85-410c-94b0-abb1d93e6122: shutdown LeaderElection
2019-06-14 08:36:16,899 INFO  impl.RaftServerImpl (RaftServerImpl.java:setRole(164)) - 76a83660-9d85-410c-94b0-abb1d93e6122:group-1641304CAD13 changes role from CANDIDATE to LEADER at term 1 for changeToLeader
2019-06-14 08:36:16,899 INFO  impl.RaftServerImpl (ServerState.java:setLeader(263)) - 76a83660-9d85-410c-94b0-abb1d93e6122:group-1641304CAD13 change Leader from null to 76a83660-9d85-410c-94b0-abb1d93e6122 at term 1 for becomeLeader, leader elected after 1170ms
2019-06-14 08:36:16,899 INFO  server.RaftServerConfigKeys (ConfUtils.java:logGet(43)) - raft.server.staging.catchup.gap = 1000 (default)
2019-06-14 08:36:16,899 INFO  server.RaftServerConfigKeys (ConfUtils.java:logGet(43)) - raft.server.rpc.sleep.time = 25ms (default)
2019-06-14 08:36:16,899 INFO  server.RaftServerConfigKeys (ConfUtils.java:logGet(43)) - raft.server.watch.timeout = 10s (default)
2019-06-14 08:36:16,899 INFO  server.RaftServerConfigKeys (ConfUtils.java:logGet(43)) - raft.server.watch.timeout.denomination = 1s (default)
2019-06-14 08:36:16,899 INFO  impl.RoleInfo (RoleInfo.java:updateAndGet(143)) - 76a83660-9d85-410c-94b0-abb1d93e6122: start LeaderState
2019-06-14 08:36:16,900 INFO  storage.RaftLogWorker (RaftLogWorker.java:startLogSegment(298)) - 76a83660-9d85-410c-94b0-abb1d93e6122-RaftLogWorker: Starting segment from index:0
2019-06-14 08:36:16,900 INFO  impl.RaftServerImpl (ServerState.java:setRaftConf(361)) - 76a83660-9d85-410c-94b0-abb1d93e6122:group-1641304CAD13 set configuration 0: [76a83660-9d85-410c-94b0-abb1d93e6122:192.168.11.250:33271], old=null at 0
2019-06-14 08:36:16,937 INFO  storage.RaftLogWorker (RaftLogWorker.java:execute(469)) - 76a83660-9d85-410c-94b0-abb1d93e6122-RaftLogWorker: created new log segment /opt/src/hadoop-ozone/integration-test/target/test-dir/MiniOzoneClusterImpl-26a55514-a2c5-4524-ba36-82f1d26e9fd2/datanode-6/data/ratis/228a0a39-7a39-4656-9833-1641304cad13/current/log_inprogress_0
2019-06-14 08:36:17,839 INFO  client.GrpcClientProtocolClient (GrpcClientProtocolClient.java:onNext(254)) - client-3E877FCCF0F8->dbc720ab-70b9-4009-8748-b891edcf2a35: receive RaftClientReply:client-3E877FCCF0F8->dbc720ab-70b9-4009-8748-b891edcf2a35@group-0E47A2B6CD2C, cid=66, SUCCESS, logIndex=1, commits[dbc720ab-70b9-4009-8748-b891edcf2a35:c2, e70f6017-e2d9-433f-ac29-d89cc01ed1d7:c1, 1ec1d2b4-9587-487d-b414-640d8937b625:c1]
2019-06-14 08:36:17,841 INFO  datanode.ObjectStoreHandler (ObjectStoreHandler.java:close(155)) - Closing ObjectStoreHandler.
2019-06-14 08:36:17,843 INFO  ozone.HddsDatanodeService (HddsDatanodeService.java:stop(452)) - Stopped plug-in org.apache.hadoop.ozone.web.OzoneHddsDatanodeService@20960b51
2019-06-14 08:36:17,843 INFO  statemachine.DatanodeStateMachine (DatanodeStateMachine.java:lambda$startDaemon$0(350)) - Ozone container server started.
2019-06-14 08:36:17,844 INFO  impl.FollowerState (FollowerState.java:run(101)) - 90d25e9e-8e34-4124-9605-b24393a840ab:group-85AD2AF68090 changes to CANDIDATE, lastRpcTime:1012, electionTimeout:1012ms
2019-06-14 08:36:17,844 INFO  impl.RoleInfo (RoleInfo.java:shutdownFollowerState(121)) - 90d25e9e-8e34-4124-9605-b24393a840ab: shutdown FollowerState
2019-06-14 08:36:17,844 INFO  impl.RaftServerImpl (RaftServerImpl.java:setRole(164)) - 90d25e9e-8e34-4124-9605-b24393a840ab:group-85AD2AF68090 changes role from FOLLOWER to CANDIDATE at term 1 for changeToCandidate
2019-06-14 08:36:17,844 INFO  impl.RoleInfo (RoleInfo.java:updateAndGet(143)) - 90d25e9e-8e34-4124-9605-b24393a840ab: start LeaderElection
2019-06-14 08:36:17,844 INFO  ozoneimpl.OzoneContainer (OzoneContainer.java:stop(199)) - Attempting to stop container services.
2019-06-14 08:36:17,847 INFO  impl.RaftServerProxy (RaftServerProxy.java:lambda$close$4(314)) - e70f6017-e2d9-433f-ac29-d89cc01ed1d7: close
2019-06-14 08:36:17,848 INFO  impl.RaftServerImpl (RaftServerImpl.java:lambda$shutdown$3(238)) - e70f6017-e2d9-433f-ac29-d89cc01ed1d7: shutdown group-0E47A2B6CD2C
2019-06-14 08:36:17,848 INFO  util.JmxRegister (JmxRegister.java:unregister(73)) - Successfully un-registered JMX Bean with object name Ratis:service=RaftServer,group=group-0E47A2B6CD2C,id=e70f6017-e2d9-433f-ac29-d89cc01ed1d7
2019-06-14 08:36:17,848 INFO  impl.RoleInfo (RoleInfo.java:shutdownFollowerState(121)) - e70f6017-e2d9-433f-ac29-d89cc01ed1d7: shutdown FollowerState
2019-06-14 08:36:17,848 INFO  impl.StateMachineUpdater (StateMachineUpdater.java:stopAndJoin(109)) - StateMachineUpdater-e70f6017-e2d9-433f-ac29-d89cc01ed1d7-group-0E47A2B6CD2C: set stopIndex = 1
2019-06-14 08:36:17,848 INFO  ratis.ContainerStateMachine (ContainerStateMachine.java:takeSnapshot(245)) - Taking snapshot at termIndex:(t:1, i:1)
2019-06-14 08:36:17,848 INFO  ratis.ContainerStateMachine (ContainerStateMachine.java:takeSnapshot(249)) - Taking a snapshot to file /opt/src/hadoop-ozone/integration-test/target/test-dir/MiniOzoneClusterImpl-26a55514-a2c5-4524-ba36-82f1d26e9fd2/datanode-2/data/ratis/c38d9bc2-b850-497e-b927-0e47a2b6cd2c/sm/snapshot.1_1
2019-06-14 08:36:17,848 INFO  impl.FollowerState (FollowerState.java:run(109)) - e70f6017-e2d9-433f-ac29-d89cc01ed1d7: FollowerState was interrupted: java.lang.InterruptedException: sleep interrupted
2019-06-14 08:36:17,849 INFO  impl.RaftServerImpl (ServerState.java:close(394)) - e70f6017-e2d9-433f-ac29-d89cc01ed1d7:group-0E47A2B6CD2C closes. The last applied log index is 1
2019-06-14 08:36:17,849 INFO  storage.RaftLogWorker (RaftLogWorker.java:run(236)) - e70f6017-e2d9-433f-ac29-d89cc01ed1d7-RaftLogWorker was interrupted, exiting. There are 0 tasks remaining in the queue.
2019-06-14 08:36:17,851 INFO  storage.RaftLogWorker (RaftLogWorker.java:close(168)) - e70f6017-e2d9-433f-ac29-d89cc01ed1d7-RaftLogWorker close()
2019-06-14 08:36:17,856 INFO  impl.RaftServerImpl (RaftServerImpl.java:lambda$shutdown$3(238)) - e70f6017-e2d9-433f-ac29-d89cc01ed1d7: shutdown group-5BE4A16801D8
2019-06-14 08:36:17,856 INFO  util.JmxRegister (JmxRegister.java:unregister(73)) - Successfully un-registered JMX Bean with object name Ratis:service=RaftServer,group=group-5BE4A16801D8,id=e70f6017-e2d9-433f-ac29-d89cc01ed1d7
2019-06-14 08:36:17,856 INFO  impl.RoleInfo (RoleInfo.java:shutdownLeaderState(104)) - e70f6017-e2d9-433f-ac29-d89cc01ed1d7: shutdown LeaderState
2019-06-14 08:36:17,857 INFO  impl.PendingRequests (PendingRequests.java:sendNotLeaderResponses(140)) - e70f6017-e2d9-433f-ac29-d89cc01ed1d7-PendingRequests: sendNotLeaderResponses
2019-06-14 08:36:17,859 INFO  impl.LeaderElection (LeaderElection.java:askForVotes(181)) - 90d25e9e-8e34-4124-9605-b24393a840ab:group-85AD2AF68090:LeaderElection48: begin an election at term 2 for -1: [517f2f3f-a155-4f9e-9148-a5bf7085e160:192.168.11.250:38773, 90d25e9e-8e34-4124-9605-b24393a840ab:192.168.11.250:37373, ead1e677-2543-412d-b74f-78773de8f177:192.168.11.250:39127], old=null
2019-06-14 08:36:17,864 INFO  impl.StateMachineUpdater (StateMachineUpdater.java:stopAndJoin(109)) - StateMachineUpdater-e70f6017-e2d9-433f-ac29-d89cc01ed1d7-group-5BE4A16801D8: set stopIndex = 0
2019-06-14 08:36:17,864 INFO  ratis.ContainerStateMachine (ContainerStateMachine.java:takeSnapshot(245)) - Taking snapshot at termIndex:(t:0, i:~)
2019-06-14 08:36:17,864 INFO  impl.RaftServerImpl (ServerState.java:close(394)) - e70f6017-e2d9-433f-ac29-d89cc01ed1d7:group-5BE4A16801D8 closes. The last applied log index is 0
2019-06-14 08:36:17,865 INFO  storage.RaftLogWorker (RaftLogWorker.java:run(236)) - e70f6017-e2d9-433f-ac29-d89cc01ed1d7-RaftLogWorker was interrupted, exiting. There are 0 tasks remaining in the queue.
2019-06-14 08:36:17,866 INFO  storage.RaftLogWorker (RaftLogWorker.java:close(168)) - e70f6017-e2d9-433f-ac29-d89cc01ed1d7-RaftLogWorker close()
2019-06-14 08:36:17,868 INFO  server.GrpcService (GrpcService.java:closeImpl(154)) - e70f6017-e2d9-433f-ac29-d89cc01ed1d7: shutdown server with port 36501 now
2019-06-14 08:36:17,868 WARN  server.GrpcServerProtocolService (LogUtils.java:warn(134)) - e70f6017-e2d9-433f-ac29-d89cc01ed1d7: appendEntries onError: org.apache.ratis.thirdparty.io.grpc.StatusRuntimeException: CANCELLED: cancelled before receiving half close
2019-06-14 08:36:17,869 WARN  server.GrpcLogAppender (LogUtils.java:warn(134)) - dbc720ab-70b9-4009-8748-b891edcf2a35: Failed appendEntries to e70f6017-e2d9-433f-ac29-d89cc01ed1d7:192.168.11.250:36501: org.apache.ratis.thirdparty.io.grpc.StatusRuntimeException: CANCELLED: HTTP/2 error code: CANCEL
Received Rst Stream
2019-06-14 08:36:17,869 INFO  server.GrpcService (GrpcService.java:closeImpl(162)) - e70f6017-e2d9-433f-ac29-d89cc01ed1d7: shutdown server with port 36501 successfully
2019-06-14 08:36:17,870 WARN  fs.CachingGetSpaceUsed (CachingGetSpaceUsed.java:run(183)) - Thread Interrupted waiting to refresh disk information: sleep interrupted
2019-06-14 08:36:17,869 INFO  impl.FollowerInfo (FollowerInfo.java:lambda$new$0(50)) - dbc720ab-70b9-4009-8748-b891edcf2a35->e70f6017-e2d9-433f-ac29-d89cc01ed1d7: nextIndex: updateUnconditionally 3 -> 0
2019-06-14 08:36:17,871 INFO  impl.RaftServerImpl (RaftServerImpl.java:setRole(164)) - ead1e677-2543-412d-b74f-78773de8f177:group-85AD2AF68090 changes role from FOLLOWER to FOLLOWER at term 2 for recognizeCandidate:90d25e9e-8e34-4124-9605-b24393a840ab
2019-06-14 08:36:17,871 INFO  impl.RoleInfo (RoleInfo.java:shutdownFollowerState(121)) - ead1e677-2543-412d-b74f-78773de8f177: shutdown FollowerState
2019-06-14 08:36:17,872 INFO  impl.RoleInfo (RoleInfo.java:updateAndGet(143)) - ead1e677-2543-412d-b74f-78773de8f177: start FollowerState
2019-06-14 08:36:17,872 INFO  impl.RaftServerImpl (RaftServerImpl.java:setRole(164)) - 517f2f3f-a155-4f9e-9148-a5bf7085e160:group-85AD2AF68090 changes role from FOLLOWER to FOLLOWER at term 2 for recognizeCandidate:90d25e9e-8e34-4124-9605-b24393a840ab
2019-06-14 08:36:17,872 INFO  impl.RoleInfo (RoleInfo.java:shutdownFollowerState(121)) - 517f2f3f-a155-4f9e-9148-a5bf7085e160: shutdown FollowerState
2019-06-14 08:36:17,872 INFO  impl.FollowerState (FollowerState.java:run(109)) - ead1e677-2543-412d-b74f-78773de8f177: FollowerState was interrupted: java.lang.InterruptedException: sleep interrupted
2019-06-14 08:36:17,879 INFO  impl.LeaderElection (LeaderElection.java:logAndReturn(56)) - 90d25e9e-8e34-4124-9605-b24393a840ab:group-85AD2AF68090:LeaderElection48: Election PASSED; received 1 response(s) [90d25e9e-8e34-4124-9605-b24393a840ab->ead1e677-2543-412d-b74f-78773de8f177,true-t2] and 0 exception(s); 90d25e9e-8e34-4124-9605-b24393a840ab:t2, leader=null, voted=90d25e9e-8e34-4124-9605-b24393a840ab, raftlog=90d25e9e-8e34-4124-9605-b24393a840ab-SegmentedRaftLog:OPENED:c-1,f-1,i0, conf=-1: [517f2f3f-a155-4f9e-9148-a5bf7085e160:192.168.11.250:38773, 90d25e9e-8e34-4124-9605-b24393a840ab:192.168.11.250:37373, ead1e677-2543-412d-b74f-78773de8f177:192.168.11.250:39127], old=null
2019-06-14 08:36:17,879 INFO  impl.RoleInfo (RoleInfo.java:shutdownLeaderElection(134)) - 90d25e9e-8e34-4124-9605-b24393a840ab: shutdown LeaderElection
2019-06-14 08:36:17,879 INFO  impl.RaftServerImpl (RaftServerImpl.java:setRole(164)) - 90d25e9e-8e34-4124-9605-b24393a840ab:group-85AD2AF68090 changes role from CANDIDATE to LEADER at term 2 for changeToLeader
2019-06-14 08:36:17,879 INFO  impl.RaftServerImpl (ServerState.java:setLeader(263)) - 90d25e9e-8e34-4124-9605-b24393a840ab:group-85AD2AF68090 change Leader from null to 90d25e9e-8e34-4124-9605-b24393a840ab at term 2 for becomeLeader, leader elected after 2280ms
2019-06-14 08:36:17,879 INFO  server.RaftServerConfigKeys (ConfUtils.java:logGet(43)) - raft.server.staging.catchup.gap = 1000 (default)
2019-06-14 08:36:17,879 INFO  server.RaftServerConfigKeys (ConfUtils.java:logGet(43)) - raft.server.rpc.sleep.time = 25ms (default)
2019-06-14 08:36:17,879 INFO  impl.RoleInfo (RoleInfo.java:updateAndGet(143)) - 517f2f3f-a155-4f9e-9148-a5bf7085e160: start FollowerState
2019-06-14 08:36:17,879 INFO  server.RaftServerConfigKeys (ConfUtils.java:logGet(43)) - raft.server.watch.timeout = 10s (default)
2019-06-14 08:36:17,880 INFO  impl.FollowerState (FollowerState.java:run(109)) - 517f2f3f-a155-4f9e-9148-a5bf7085e160: FollowerState was interrupted: java.lang.InterruptedException: sleep interrupted
2019-06-14 08:36:17,880 INFO  server.RaftServerConfigKeys (ConfUtils.java:logGet(43)) - raft.server.watch.timeout.denomination = 1s (default)
2019-06-14 08:36:17,888 INFO  server.RaftServerConfigKeys (ConfUtils.java:logGet(43)) - raft.server.log.appender.snapshot.chunk.size.max = 16MB (=16777216) (default)
2019-06-14 08:36:17,891 INFO  server.RaftServerConfigKeys (ConfUtils.java:logGet(43)) - raft.server.log.appender.buffer.byte-limit = 33554432 (custom)
2019-06-14 08:36:17,893 INFO  server.RaftServerConfigKeys (ConfUtils.java:logGet(43)) - raft.server.log.appender.buffer.element-limit = 1 (custom)
2019-06-14 08:36:17,893 INFO  grpc.GrpcConfigKeys$Server (ConfUtils.java:logGet(43)) - raft.grpc.server.leader.outstanding.appends.max = 128 (default)
2019-06-14 08:36:17,893 INFO  server.RaftServerConfigKeys (ConfUtils.java:logGet(43)) - raft.server.rpc.request.timeout = 3000ms (default)
2019-06-14 08:36:17,893 INFO  server.RaftServerConfigKeys (ConfUtils.java:logGet(43)) - raft.server.log.appender.install.snapshot.enabled = true (default)
2019-06-14 08:36:17,893 INFO  server.RaftServerConfigKeys (ConfUtils.java:logGet(43)) - raft.server.log.appender.snapshot.chunk.size.max = 16MB (=16777216) (default)
2019-06-14 08:36:17,893 INFO  server.RaftServerConfigKeys (ConfUtils.java:logGet(43)) - raft.server.log.appender.buffer.byte-limit = 33554432 (custom)
2019-06-14 08:36:17,893 INFO  server.RaftServerConfigKeys (ConfUtils.java:logGet(43)) - raft.server.log.appender.buffer.element-limit = 1 (custom)
2019-06-14 08:36:17,893 INFO  grpc.GrpcConfigKeys$Server (ConfUtils.java:logGet(43)) - raft.grpc.server.leader.outstanding.appends.max = 128 (default)
2019-06-14 08:36:17,893 INFO  server.RaftServerConfigKeys (ConfUtils.java:logGet(43)) - raft.server.rpc.request.timeout = 3000ms (default)
2019-06-14 08:36:17,893 INFO  server.RaftServerConfigKeys (ConfUtils.java:logGet(43)) - raft.server.log.appender.install.snapshot.enabled = true (default)
2019-06-14 08:36:17,894 INFO  impl.RoleInfo (RoleInfo.java:updateAndGet(143)) - 90d25e9e-8e34-4124-9605-b24393a840ab: start LeaderState
2019-06-14 08:36:17,894 INFO  storage.RaftLogWorker (RaftLogWorker.java:startLogSegment(298)) - 90d25e9e-8e34-4124-9605-b24393a840ab-RaftLogWorker: Starting segment from index:0
2019-06-14 08:36:17,892 INFO  statemachine.DatanodeStateMachine (DatanodeStateMachine.java:stopDaemon(395)) - Ozone container server stopped.
2019-06-14 08:36:17,895 INFO  impl.RaftServerImpl (ServerState.java:setRaftConf(361)) - 90d25e9e-8e34-4124-9605-b24393a840ab:group-85AD2AF68090 set configuration 0: [517f2f3f-a155-4f9e-9148-a5bf7085e160:192.168.11.250:38773, 90d25e9e-8e34-4124-9605-b24393a840ab:192.168.11.250:37373, ead1e677-2543-412d-b74f-78773de8f177:192.168.11.250:39127], old=null at 0
2019-06-14 08:36:17,895 INFO  handler.ContextHandler (ContextHandler.java:doStop(910)) - Stopped o.e.j.w.WebAppContext@3a5e4f32{/,null,UNAVAILABLE}{/hddsDatanode}
2019-06-14 08:36:17,916 INFO  server.AbstractConnector (AbstractConnector.java:doStop(318)) - Stopped ServerConnector@2b0494a8{HTTP/1.1,[http/1.1]}{0.0.0.0:0}
2019-06-14 08:36:17,916 INFO  handler.ContextHandler (ContextHandler.java:doStop(910)) - Stopped o.e.j.s.ServletContextHandler@5690c2a8{/static,jar:file:/root/.m2/repository/org/apache/hadoop/hadoop-hdds-container-service/0.5.0-SNAPSHOT/hadoop-hdds-container-service-0.5.0-SNAPSHOT.jar!/webapps/static,UNAVAILABLE}
2019-06-14 08:36:17,917 INFO  handler.ContextHandler (ContextHandler.java:doStop(910)) - Stopped o.e.j.s.ServletContextHandler@7ebaf0d{/logs,file:///opt/src/hadoop-ozone/integration-test/target/log,UNAVAILABLE}
2019-06-14 08:36:17,918 INFO  impl.RaftServerImpl (ServerState.java:setLeader(263)) - 517f2f3f-a155-4f9e-9148-a5bf7085e160:group-85AD2AF68090 change Leader from null to 90d25e9e-8e34-4124-9605-b24393a840ab at term 2 for appendEntries, leader elected after 2317ms
2019-06-14 08:36:17,917 INFO  impl.RaftServerImpl (ServerState.java:setLeader(263)) - ead1e677-2543-412d-b74f-78773de8f177:group-85AD2AF68090 change Leader from null to 90d25e9e-8e34-4124-9605-b24393a840ab at term 2 for appendEntries, leader elected after 2316ms
2019-06-14 08:36:17,922 INFO  datanode.ObjectStoreHandler (ObjectStoreHandler.java:close(155)) - Closing ObjectStoreHandler.
2019-06-14 08:36:17,923 INFO  ozone.HddsDatanodeService (HddsDatanodeService.java:stop(452)) - Stopped plug-in org.apache.hadoop.ozone.web.OzoneHddsDatanodeService@6d4c18b8
2019-06-14 08:36:17,924 INFO  statemachine.DatanodeStateMachine (DatanodeStateMachine.java:lambda$startDaemon$0(350)) - Ozone container server started.
2019-06-14 08:36:17,924 INFO  ozoneimpl.OzoneContainer (OzoneContainer.java:stop(199)) - Attempting to stop container services.
2019-06-14 08:36:17,924 INFO  impl.RaftServerImpl (ServerState.java:setRaftConf(361)) - ead1e677-2543-412d-b74f-78773de8f177:group-85AD2AF68090 set configuration 0: [517f2f3f-a155-4f9e-9148-a5bf7085e160:192.168.11.250:38773, 90d25e9e-8e34-4124-9605-b24393a840ab:192.168.11.250:37373, ead1e677-2543-412d-b74f-78773de8f177:192.168.11.250:39127], old=null at 0
2019-06-14 08:36:17,924 INFO  storage.RaftLogWorker (RaftLogWorker.java:startLogSegment(298)) - ead1e677-2543-412d-b74f-78773de8f177-RaftLogWorker: Starting segment from index:0
2019-06-14 08:36:17,925 INFO  impl.RaftServerProxy (RaftServerProxy.java:lambda$close$4(314)) - 1ec1d2b4-9587-487d-b414-640d8937b625: close
2019-06-14 08:36:17,927 INFO  impl.RaftServerImpl (ServerState.java:setRaftConf(361)) - 517f2f3f-a155-4f9e-9148-a5bf7085e160:group-85AD2AF68090 set configuration 0: [517f2f3f-a155-4f9e-9148-a5bf7085e160:192.168.11.250:38773, 90d25e9e-8e34-4124-9605-b24393a840ab:192.168.11.250:37373, ead1e677-2543-412d-b74f-78773de8f177:192.168.11.250:39127], old=null at 0
2019-06-14 08:36:17,931 INFO  storage.RaftLogWorker (RaftLogWorker.java:startLogSegment(298)) - 517f2f3f-a155-4f9e-9148-a5bf7085e160-RaftLogWorker: Starting segment from index:0
2019-06-14 08:36:17,932 INFO  impl.RaftServerImpl (RaftServerImpl.java:lambda$shutdown$3(238)) - 1ec1d2b4-9587-487d-b414-640d8937b625: shutdown group-0E47A2B6CD2C
2019-06-14 08:36:17,933 INFO  util.JmxRegister (JmxRegister.java:unregister(73)) - Successfully un-registered JMX Bean with object name Ratis:service=RaftServer,group=group-0E47A2B6CD2C,id=1ec1d2b4-9587-487d-b414-640d8937b625
2019-06-14 08:36:17,933 INFO  impl.RoleInfo (RoleInfo.java:shutdownFollowerState(121)) - 1ec1d2b4-9587-487d-b414-640d8937b625: shutdown FollowerState
2019-06-14 08:36:17,933 INFO  impl.StateMachineUpdater (StateMachineUpdater.java:stopAndJoin(109)) - StateMachineUpdater-1ec1d2b4-9587-487d-b414-640d8937b625-group-0E47A2B6CD2C: set stopIndex = 1
2019-06-14 08:36:17,933 INFO  ratis.ContainerStateMachine (ContainerStateMachine.java:takeSnapshot(245)) - Taking snapshot at termIndex:(t:1, i:1)
2019-06-14 08:36:17,933 INFO  ratis.ContainerStateMachine (ContainerStateMachine.java:takeSnapshot(249)) - Taking a snapshot to file /opt/src/hadoop-ozone/integration-test/target/test-dir/MiniOzoneClusterImpl-26a55514-a2c5-4524-ba36-82f1d26e9fd2/datanode-0/data/ratis/c38d9bc2-b850-497e-b927-0e47a2b6cd2c/sm/snapshot.1_1
2019-06-14 08:36:17,933 INFO  impl.FollowerState (FollowerState.java:run(109)) - 1ec1d2b4-9587-487d-b414-640d8937b625: FollowerState was interrupted: java.lang.InterruptedException: sleep interrupted
2019-06-14 08:36:17,934 INFO  impl.RaftServerImpl (ServerState.java:close(394)) - 1ec1d2b4-9587-487d-b414-640d8937b625:group-0E47A2B6CD2C closes. The last applied log index is 1
2019-06-14 08:36:17,934 INFO  storage.RaftLogWorker (RaftLogWorker.java:run(236)) - 1ec1d2b4-9587-487d-b414-640d8937b625-RaftLogWorker was interrupted, exiting. There are 0 tasks remaining in the queue.
2019-06-14 08:36:17,954 INFO  storage.RaftLogWorker (RaftLogWorker.java:close(168)) - 1ec1d2b4-9587-487d-b414-640d8937b625-RaftLogWorker close()
2019-06-14 08:36:17,974 INFO  impl.RaftServerImpl (RaftServerImpl.java:lambda$shutdown$3(238)) - 1ec1d2b4-9587-487d-b414-640d8937b625: shutdown group-FF2F35F32008
2019-06-14 08:36:17,974 INFO  storage.RaftLogWorker (RaftLogWorker.java:execute(469)) - 90d25e9e-8e34-4124-9605-b24393a840ab-RaftLogWorker: created new log segment /opt/src/hadoop-ozone/integration-test/target/test-dir/MiniOzoneClusterImpl-26a55514-a2c5-4524-ba36-82f1d26e9fd2/datanode-3/data/ratis/ae2f381c-a87f-4f9d-9ed8-85ad2af68090/current/log_inprogress_0
2019-06-14 08:36:17,974 INFO  util.JmxRegister (JmxRegister.java:unregister(73)) - Successfully un-registered JMX Bean with object name Ratis:service=RaftServer,group=group-FF2F35F32008,id=1ec1d2b4-9587-487d-b414-640d8937b625
2019-06-14 08:36:17,975 INFO  impl.RoleInfo (RoleInfo.java:shutdownLeaderState(104)) - 1ec1d2b4-9587-487d-b414-640d8937b625: shutdown LeaderState
2019-06-14 08:36:17,975 INFO  impl.PendingRequests (PendingRequests.java:sendNotLeaderResponses(140)) - 1ec1d2b4-9587-487d-b414-640d8937b625-PendingRequests: sendNotLeaderResponses
2019-06-14 08:36:17,975 INFO  impl.StateMachineUpdater (StateMachineUpdater.java:stopAndJoin(109)) - StateMachineUpdater-1ec1d2b4-9587-487d-b414-640d8937b625-group-FF2F35F32008: set stopIndex = 0
2019-06-14 08:36:17,975 INFO  ratis.ContainerStateMachine (ContainerStateMachine.java:takeSnapshot(245)) - Taking snapshot at termIndex:(t:0, i:~)
2019-06-14 08:36:17,975 INFO  impl.RaftServerImpl (ServerState.java:close(394)) - 1ec1d2b4-9587-487d-b414-640d8937b625:group-FF2F35F32008 closes. The last applied log index is 0
2019-06-14 08:36:17,976 INFO  storage.RaftLogWorker (RaftLogWorker.java:execute(469)) - 517f2f3f-a155-4f9e-9148-a5bf7085e160-RaftLogWorker: created new log segment /opt/src/hadoop-ozone/integration-test/target/test-dir/MiniOzoneClusterImpl-26a55514-a2c5-4524-ba36-82f1d26e9fd2/datanode-5/data/ratis/ae2f381c-a87f-4f9d-9ed8-85ad2af68090/current/log_inprogress_0
2019-06-14 08:36:17,976 INFO  storage.RaftLogWorker (RaftLogWorker.java:run(236)) - 1ec1d2b4-9587-487d-b414-640d8937b625-RaftLogWorker was interrupted, exiting. There are 0 tasks remaining in the queue.
2019-06-14 08:36:17,979 INFO  storage.RaftLogWorker (RaftLogWorker.java:execute(469)) - ead1e677-2543-412d-b74f-78773de8f177-RaftLogWorker: created new log segment /opt/src/hadoop-ozone/integration-test/target/test-dir/MiniOzoneClusterImpl-26a55514-a2c5-4524-ba36-82f1d26e9fd2/datanode-4/data/ratis/ae2f381c-a87f-4f9d-9ed8-85ad2af68090/current/log_inprogress_0
2019-06-14 08:36:17,979 INFO  storage.RaftLogWorker (RaftLogWorker.java:close(168)) - 1ec1d2b4-9587-487d-b414-640d8937b625-RaftLogWorker close()
2019-06-14 08:36:17,983 INFO  server.GrpcService (GrpcService.java:closeImpl(154)) - 1ec1d2b4-9587-487d-b414-640d8937b625: shutdown server with port 37719 now
2019-06-14 08:36:17,984 WARN  server.GrpcServerProtocolService (LogUtils.java:warn(134)) - 1ec1d2b4-9587-487d-b414-640d8937b625: appendEntries onError: org.apache.ratis.thirdparty.io.grpc.StatusRuntimeException: CANCELLED: cancelled before receiving half close
2019-06-14 08:36:17,984 INFO  server.GrpcService (GrpcService.java:closeImpl(162)) - 1ec1d2b4-9587-487d-b414-640d8937b625: shutdown server with port 37719 successfully
2019-06-14 08:36:17,985 WARN  server.GrpcLogAppender (LogUtils.java:warn(134)) - dbc720ab-70b9-4009-8748-b891edcf2a35: Failed appendEntries to 1ec1d2b4-9587-487d-b414-640d8937b625:192.168.11.250:37719: org.apache.ratis.thirdparty.io.grpc.StatusRuntimeException: CANCELLED: HTTP/2 error code: CANCEL
Received Rst Stream
2019-06-14 08:36:17,985 WARN  fs.CachingGetSpaceUsed (CachingGetSpaceUsed.java:run(183)) - Thread Interrupted waiting to refresh disk information: sleep interrupted
2019-06-14 08:36:17,985 INFO  impl.FollowerInfo (FollowerInfo.java:lambda$new$0(50)) - dbc720ab-70b9-4009-8748-b891edcf2a35->1ec1d2b4-9587-487d-b414-640d8937b625: nextIndex: updateUnconditionally 3 -> 0
2019-06-14 08:36:17,997 INFO  statemachine.DatanodeStateMachine (DatanodeStateMachine.java:stopDaemon(395)) - Ozone container server stopped.
2019-06-14 08:36:17,998 INFO  handler.ContextHandler (ContextHandler.java:doStop(910)) - Stopped o.e.j.w.WebAppContext@669580e2{/,null,UNAVAILABLE}{/hddsDatanode}
2019-06-14 08:36:17,998 INFO  server.AbstractConnector (AbstractConnector.java:doStop(318)) - Stopped ServerConnector@5d22ed6c{HTTP/1.1,[http/1.1]}{0.0.0.0:0}
2019-06-14 08:36:17,999 INFO  handler.ContextHandler (ContextHandler.java:doStop(910)) - Stopped o.e.j.s.ServletContextHandler@4a3509b0{/static,jar:file:/root/.m2/repository/org/apache/hadoop/hadoop-hdds-container-service/0.5.0-SNAPSHOT/hadoop-hdds-container-service-0.5.0-SNAPSHOT.jar!/webapps/static,UNAVAILABLE}
2019-06-14 08:36:17,999 INFO  handler.ContextHandler (ContextHandler.java:doStop(910)) - Stopped o.e.j.s.ServletContextHandler@1c459c28{/logs,file:///opt/src/hadoop-ozone/integration-test/target/log,UNAVAILABLE}
2019-06-14 08:36:18,313 WARN  server.GrpcLogAppender (LogUtils.java:warn(134)) - dbc720ab-70b9-4009-8748-b891edcf2a35: Failed appendEntries to 1ec1d2b4-9587-487d-b414-640d8937b625:192.168.11.250:37719: org.apache.ratis.thirdparty.io.grpc.StatusRuntimeException: UNAVAILABLE: io exception
2019-06-14 08:36:18,313 INFO  impl.FollowerInfo (FollowerInfo.java:lambda$new$0(50)) - dbc720ab-70b9-4009-8748-b891edcf2a35->1ec1d2b4-9587-487d-b414-640d8937b625: nextIndex: updateUnconditionally 0 -> 0
2019-06-14 08:36:18,313 WARN  server.GrpcLogAppender (LogUtils.java:warn(134)) - dbc720ab-70b9-4009-8748-b891edcf2a35: Failed appendEntries to e70f6017-e2d9-433f-ac29-d89cc01ed1d7:192.168.11.250:36501: org.apache.ratis.thirdparty.io.grpc.StatusRuntimeException: UNAVAILABLE: io exception
2019-06-14 08:36:18,314 INFO  impl.FollowerInfo (FollowerInfo.java:lambda$new$0(50)) - dbc720ab-70b9-4009-8748-b891edcf2a35->e70f6017-e2d9-433f-ac29-d89cc01ed1d7: nextIndex: updateUnconditionally 0 -> 0
2019-06-14 08:36:18,814 WARN  server.GrpcLogAppender (LogUtils.java:warn(134)) - dbc720ab-70b9-4009-8748-b891edcf2a35: Failed appendEntries to 1ec1d2b4-9587-487d-b414-640d8937b625:192.168.11.250:37719: org.apache.ratis.thirdparty.io.grpc.StatusRuntimeException: UNAVAILABLE: io exception
2019-06-14 08:36:18,814 INFO  impl.FollowerInfo (FollowerInfo.java:lambda$new$0(50)) - dbc720ab-70b9-4009-8748-b891edcf2a35->1ec1d2b4-9587-487d-b414-640d8937b625: nextIndex: updateUnconditionally 0 -> 0
2019-06-14 08:36:18,815 WARN  server.GrpcLogAppender (LogUtils.java:warn(134)) - dbc720ab-70b9-4009-8748-b891edcf2a35: Failed appendEntries to e70f6017-e2d9-433f-ac29-d89cc01ed1d7:192.168.11.250:36501: org.apache.ratis.thirdparty.io.grpc.StatusRuntimeException: UNAVAILABLE: io exception
2019-06-14 08:36:18,815 INFO  impl.FollowerInfo (FollowerInfo.java:lambda$new$0(50)) - dbc720ab-70b9-4009-8748-b891edcf2a35->e70f6017-e2d9-433f-ac29-d89cc01ed1d7: nextIndex: updateUnconditionally 0 -> 0
2019-06-14 08:36:19,314 WARN  server.GrpcLogAppender (LogUtils.java:warn(134)) - dbc720ab-70b9-4009-8748-b891edcf2a35: Failed appendEntries to 1ec1d2b4-9587-487d-b414-640d8937b625:192.168.11.250:37719: org.apache.ratis.thirdparty.io.grpc.StatusRuntimeException: UNAVAILABLE: io exception
2019-06-14 08:36:19,314 INFO  impl.FollowerInfo (FollowerInfo.java:lambda$new$0(50)) - dbc720ab-70b9-4009-8748-b891edcf2a35->1ec1d2b4-9587-487d-b414-640d8937b625: nextIndex: updateUnconditionally 0 -> 0
2019-06-14 08:36:19,314 WARN  server.GrpcLogAppender (LogUtils.java:warn(134)) - dbc720ab-70b9-4009-8748-b891edcf2a35: Failed appendEntries to e70f6017-e2d9-433f-ac29-d89cc01ed1d7:192.168.11.250:36501: org.apache.ratis.thirdparty.io.grpc.StatusRuntimeException: UNAVAILABLE: io exception
2019-06-14 08:36:19,315 INFO  impl.FollowerInfo (FollowerInfo.java:lambda$new$0(50)) - dbc720ab-70b9-4009-8748-b891edcf2a35->e70f6017-e2d9-433f-ac29-d89cc01ed1d7: nextIndex: updateUnconditionally 0 -> 0
2019-06-14 08:36:19,814 WARN  server.GrpcLogAppender (LogUtils.java:warn(134)) - dbc720ab-70b9-4009-8748-b891edcf2a35: Failed appendEntries to 1ec1d2b4-9587-487d-b414-640d8937b625:192.168.11.250:37719: org.apache.ratis.thirdparty.io.grpc.StatusRuntimeException: UNAVAILABLE: io exception
2019-06-14 08:36:19,815 WARN  server.GrpcLogAppender (LogUtils.java:warn(134)) - dbc720ab-70b9-4009-8748-b891edcf2a35: Failed appendEntries to e70f6017-e2d9-433f-ac29-d89cc01ed1d7:192.168.11.250:36501: org.apache.ratis.thirdparty.io.grpc.StatusRuntimeException: UNAVAILABLE: io exception
2019-06-14 08:36:19,815 INFO  impl.FollowerInfo (FollowerInfo.java:lambda$new$0(50)) - dbc720ab-70b9-4009-8748-b891edcf2a35->1ec1d2b4-9587-487d-b414-640d8937b625: nextIndex: updateUnconditionally 0 -> 0
2019-06-14 08:36:19,815 INFO  impl.FollowerInfo (FollowerInfo.java:lambda$new$0(50)) - dbc720ab-70b9-4009-8748-b891edcf2a35->e70f6017-e2d9-433f-ac29-d89cc01ed1d7: nextIndex: updateUnconditionally 0 -> 0
2019-06-14 08:36:20,315 WARN  server.GrpcLogAppender (LogUtils.java:warn(134)) - dbc720ab-70b9-4009-8748-b891edcf2a35: Failed appendEntries to 1ec1d2b4-9587-487d-b414-640d8937b625:192.168.11.250:37719: org.apache.ratis.thirdparty.io.grpc.StatusRuntimeException: UNAVAILABLE: io exception
2019-06-14 08:36:20,315 WARN  server.GrpcLogAppender (LogUtils.java:warn(134)) - dbc720ab-70b9-4009-8748-b891edcf2a35: Failed appendEntries to e70f6017-e2d9-433f-ac29-d89cc01ed1d7:192.168.11.250:36501: org.apache.ratis.thirdparty.io.grpc.StatusRuntimeException: UNAVAILABLE: io exception
2019-06-14 08:36:20,316 INFO  impl.FollowerInfo (FollowerInfo.java:lambda$new$0(50)) - dbc720ab-70b9-4009-8748-b891edcf2a35->1ec1d2b4-9587-487d-b414-640d8937b625: nextIndex: updateUnconditionally 0 -> 0
2019-06-14 08:36:20,316 INFO  impl.FollowerInfo (FollowerInfo.java:lambda$new$0(50)) - dbc720ab-70b9-4009-8748-b891edcf2a35->e70f6017-e2d9-433f-ac29-d89cc01ed1d7: nextIndex: updateUnconditionally 0 -> 0
2019-06-14 08:36:20,816 WARN  server.GrpcLogAppender (LogUtils.java:warn(134)) - dbc720ab-70b9-4009-8748-b891edcf2a35: Failed appendEntries to e70f6017-e2d9-433f-ac29-d89cc01ed1d7:192.168.11.250:36501: org.apache.ratis.thirdparty.io.grpc.StatusRuntimeException: UNAVAILABLE: io exception
2019-06-14 08:36:20,816 WARN  server.GrpcLogAppender (LogUtils.java:warn(134)) - dbc720ab-70b9-4009-8748-b891edcf2a35: Failed appendEntries to 1ec1d2b4-9587-487d-b414-640d8937b625:192.168.11.250:37719: org.apache.ratis.thirdparty.io.grpc.StatusRuntimeException: UNAVAILABLE: io exception
2019-06-14 08:36:20,816 INFO  impl.FollowerInfo (FollowerInfo.java:lambda$new$0(50)) - dbc720ab-70b9-4009-8748-b891edcf2a35->e70f6017-e2d9-433f-ac29-d89cc01ed1d7: nextIndex: updateUnconditionally 0 -> 0
2019-06-14 08:36:20,816 INFO  impl.FollowerInfo (FollowerInfo.java:lambda$new$0(50)) - dbc720ab-70b9-4009-8748-b891edcf2a35->1ec1d2b4-9587-487d-b414-640d8937b625: nextIndex: updateUnconditionally 0 -> 0
2019-06-14 08:36:21,316 WARN  server.GrpcLogAppender (LogUtils.java:warn(134)) - dbc720ab-70b9-4009-8748-b891edcf2a35: Failed appendEntries to e70f6017-e2d9-433f-ac29-d89cc01ed1d7:192.168.11.250:36501: org.apache.ratis.thirdparty.io.grpc.StatusRuntimeException: UNAVAILABLE: io exception
2019-06-14 08:36:21,316 WARN  server.GrpcLogAppender (LogUtils.java:warn(134)) - dbc720ab-70b9-4009-8748-b891edcf2a35: Failed appendEntries to 1ec1d2b4-9587-487d-b414-640d8937b625:192.168.11.250:37719: org.apache.ratis.thirdparty.io.grpc.StatusRuntimeException: UNAVAILABLE: io exception
2019-06-14 08:36:21,317 INFO  impl.FollowerInfo (FollowerInfo.java:lambda$new$0(50)) - dbc720ab-70b9-4009-8748-b891edcf2a35->e70f6017-e2d9-433f-ac29-d89cc01ed1d7: nextIndex: updateUnconditionally 0 -> 0
2019-06-14 08:36:21,317 INFO  impl.FollowerInfo (FollowerInfo.java:lambda$new$0(50)) - dbc720ab-70b9-4009-8748-b891edcf2a35->1ec1d2b4-9587-487d-b414-640d8937b625: nextIndex: updateUnconditionally 0 -> 0
2019-06-14 08:36:21,817 WARN  server.GrpcLogAppender (LogUtils.java:warn(134)) - dbc720ab-70b9-4009-8748-b891edcf2a35: Failed appendEntries to 1ec1d2b4-9587-487d-b414-640d8937b625:192.168.11.250:37719: org.apache.ratis.thirdparty.io.grpc.StatusRuntimeException: UNAVAILABLE: io exception
2019-06-14 08:36:21,817 WARN  server.GrpcLogAppender (LogUtils.java:warn(134)) - dbc720ab-70b9-4009-8748-b891edcf2a35: Failed appendEntries to e70f6017-e2d9-433f-ac29-d89cc01ed1d7:192.168.11.250:36501: org.apache.ratis.thirdparty.io.grpc.StatusRuntimeException: UNAVAILABLE: io exception
2019-06-14 08:36:21,817 INFO  impl.FollowerInfo (FollowerInfo.java:lambda$new$0(50)) - dbc720ab-70b9-4009-8748-b891edcf2a35->1ec1d2b4-9587-487d-b414-640d8937b625: nextIndex: updateUnconditionally 0 -> 0
2019-06-14 08:36:21,818 INFO  impl.FollowerInfo (FollowerInfo.java:lambda$new$0(50)) - dbc720ab-70b9-4009-8748-b891edcf2a35->e70f6017-e2d9-433f-ac29-d89cc01ed1d7: nextIndex: updateUnconditionally 0 -> 0
2019-06-14 08:36:22,318 WARN  server.GrpcLogAppender (LogUtils.java:warn(134)) - dbc720ab-70b9-4009-8748-b891edcf2a35: Failed appendEntries to e70f6017-e2d9-433f-ac29-d89cc01ed1d7:192.168.11.250:36501: org.apache.ratis.thirdparty.io.grpc.StatusRuntimeException: UNAVAILABLE: io exception
2019-06-14 08:36:22,318 WARN  server.GrpcLogAppender (LogUtils.java:warn(134)) - dbc720ab-70b9-4009-8748-b891edcf2a35: Failed appendEntries to 1ec1d2b4-9587-487d-b414-640d8937b625:192.168.11.250:37719: org.apache.ratis.thirdparty.io.grpc.StatusRuntimeException: UNAVAILABLE: io exception
2019-06-14 08:36:22,318 INFO  impl.FollowerInfo (FollowerInfo.java:lambda$new$0(50)) - dbc720ab-70b9-4009-8748-b891edcf2a35->e70f6017-e2d9-433f-ac29-d89cc01ed1d7: nextIndex: updateUnconditionally 0 -> 0
2019-06-14 08:36:22,318 INFO  impl.FollowerInfo (FollowerInfo.java:lambda$new$0(50)) - dbc720ab-70b9-4009-8748-b891edcf2a35->1ec1d2b4-9587-487d-b414-640d8937b625: nextIndex: updateUnconditionally 0 -> 0
2019-06-14 08:36:22,818 WARN  server.GrpcLogAppender (LogUtils.java:warn(134)) - dbc720ab-70b9-4009-8748-b891edcf2a35: Failed appendEntries to 1ec1d2b4-9587-487d-b414-640d8937b625:192.168.11.250:37719: org.apache.ratis.thirdparty.io.grpc.StatusRuntimeException: UNAVAILABLE: io exception
2019-06-14 08:36:22,819 INFO  impl.FollowerInfo (FollowerInfo.java:lambda$new$0(50)) - dbc720ab-70b9-4009-8748-b891edcf2a35->1ec1d2b4-9587-487d-b414-640d8937b625: nextIndex: updateUnconditionally 0 -> 0
2019-06-14 08:36:22,818 WARN  server.GrpcLogAppender (LogUtils.java:warn(134)) - dbc720ab-70b9-4009-8748-b891edcf2a35: Failed appendEntries to e70f6017-e2d9-433f-ac29-d89cc01ed1d7:192.168.11.250:36501: org.apache.ratis.thirdparty.io.grpc.StatusRuntimeException: UNAVAILABLE: io exception
2019-06-14 08:36:22,819 INFO  impl.FollowerInfo (FollowerInfo.java:lambda$new$0(50)) - dbc720ab-70b9-4009-8748-b891edcf2a35->e70f6017-e2d9-433f-ac29-d89cc01ed1d7: nextIndex: updateUnconditionally 0 -> 0
2019-06-14 08:36:23,319 WARN  server.GrpcLogAppender (LogUtils.java:warn(134)) - dbc720ab-70b9-4009-8748-b891edcf2a35: Failed appendEntries to 1ec1d2b4-9587-487d-b414-640d8937b625:192.168.11.250:37719: org.apache.ratis.thirdparty.io.grpc.StatusRuntimeException: UNAVAILABLE: io exception
2019-06-14 08:36:23,319 INFO  impl.FollowerInfo (FollowerInfo.java:lambda$new$0(50)) - dbc720ab-70b9-4009-8748-b891edcf2a35->1ec1d2b4-9587-487d-b414-640d8937b625: nextIndex: updateUnconditionally 0 -> 0
2019-06-14 08:36:23,320 WARN  server.GrpcLogAppender (LogUtils.java:warn(134)) - dbc720ab-70b9-4009-8748-b891edcf2a35: Failed appendEntries to e70f6017-e2d9-433f-ac29-d89cc01ed1d7:192.168.11.250:36501: org.apache.ratis.thirdparty.io.grpc.StatusRuntimeException: UNAVAILABLE: io exception
2019-06-14 08:36:23,320 INFO  impl.FollowerInfo (FollowerInfo.java:lambda$new$0(50)) - dbc720ab-70b9-4009-8748-b891edcf2a35->e70f6017-e2d9-433f-ac29-d89cc01ed1d7: nextIndex: updateUnconditionally 0 -> 0
2019-06-14 08:36:23,820 WARN  server.GrpcLogAppender (LogUtils.java:warn(134)) - dbc720ab-70b9-4009-8748-b891edcf2a35: Failed appendEntries to e70f6017-e2d9-433f-ac29-d89cc01ed1d7:192.168.11.250:36501: org.apache.ratis.thirdparty.io.grpc.StatusRuntimeException: UNAVAILABLE: io exception
2019-06-14 08:36:23,820 INFO  impl.FollowerInfo (FollowerInfo.java:lambda$new$0(50)) - dbc720ab-70b9-4009-8748-b891edcf2a35->e70f6017-e2d9-433f-ac29-d89cc01ed1d7: nextIndex: updateUnconditionally 0 -> 0
2019-06-14 08:36:23,821 WARN  server.GrpcLogAppender (LogUtils.java:warn(134)) - dbc720ab-70b9-4009-8748-b891edcf2a35: Failed appendEntries to 1ec1d2b4-9587-487d-b414-640d8937b625:192.168.11.250:37719: org.apache.ratis.thirdparty.io.grpc.StatusRuntimeException: UNAVAILABLE: io exception
2019-06-14 08:36:23,821 INFO  impl.FollowerInfo (FollowerInfo.java:lambda$new$0(50)) - dbc720ab-70b9-4009-8748-b891edcf2a35->1ec1d2b4-9587-487d-b414-640d8937b625: nextIndex: updateUnconditionally 0 -> 0
2019-06-14 08:36:24,321 WARN  server.GrpcLogAppender (LogUtils.java:warn(134)) - dbc720ab-70b9-4009-8748-b891edcf2a35: Failed appendEntries to 1ec1d2b4-9587-487d-b414-640d8937b625:192.168.11.250:37719: org.apache.ratis.thirdparty.io.grpc.StatusRuntimeException: UNAVAILABLE: io exception
2019-06-14 08:36:24,321 INFO  impl.FollowerInfo (FollowerInfo.java:lambda$new$0(50)) - dbc720ab-70b9-4009-8748-b891edcf2a35->1ec1d2b4-9587-487d-b414-640d8937b625: nextIndex: updateUnconditionally 0 -> 0
2019-06-14 08:36:24,322 WARN  server.GrpcLogAppender (LogUtils.java:warn(134)) - dbc720ab-70b9-4009-8748-b891edcf2a35: Failed appendEntries to e70f6017-e2d9-433f-ac29-d89cc01ed1d7:192.168.11.250:36501: org.apache.ratis.thirdparty.io.grpc.StatusRuntimeException: UNAVAILABLE: io exception
2019-06-14 08:36:24,323 INFO  impl.FollowerInfo (FollowerInfo.java:lambda$new$0(50)) - dbc720ab-70b9-4009-8748-b891edcf2a35->e70f6017-e2d9-433f-ac29-d89cc01ed1d7: nextIndex: updateUnconditionally 0 -> 0
2019-06-14 08:36:24,822 WARN  server.GrpcLogAppender (LogUtils.java:warn(134)) - dbc720ab-70b9-4009-8748-b891edcf2a35: Failed appendEntries to e70f6017-e2d9-433f-ac29-d89cc01ed1d7:192.168.11.250:36501: org.apache.ratis.thirdparty.io.grpc.StatusRuntimeException: UNAVAILABLE: io exception
2019-06-14 08:36:24,822 INFO  impl.FollowerInfo (FollowerInfo.java:lambda$new$0(50)) - dbc720ab-70b9-4009-8748-b891edcf2a35->e70f6017-e2d9-433f-ac29-d89cc01ed1d7: nextIndex: updateUnconditionally 0 -> 0
2019-06-14 08:36:24,822 WARN  server.GrpcLogAppender (LogUtils.java:warn(134)) - dbc720ab-70b9-4009-8748-b891edcf2a35: Failed appendEntries to 1ec1d2b4-9587-487d-b414-640d8937b625:192.168.11.250:37719: org.apache.ratis.thirdparty.io.grpc.StatusRuntimeException: UNAVAILABLE: io exception
2019-06-14 08:36:24,823 INFO  impl.FollowerInfo (FollowerInfo.java:lambda$new$0(50)) - dbc720ab-70b9-4009-8748-b891edcf2a35->1ec1d2b4-9587-487d-b414-640d8937b625: nextIndex: updateUnconditionally 0 -> 0
2019-06-14 08:36:25,322 WARN  server.GrpcLogAppender (LogUtils.java:warn(134)) - dbc720ab-70b9-4009-8748-b891edcf2a35: Failed appendEntries to e70f6017-e2d9-433f-ac29-d89cc01ed1d7:192.168.11.250:36501: org.apache.ratis.thirdparty.io.grpc.StatusRuntimeException: UNAVAILABLE: io exception
2019-06-14 08:36:25,323 INFO  impl.FollowerInfo (FollowerInfo.java:lambda$new$0(50)) - dbc720ab-70b9-4009-8748-b891edcf2a35->e70f6017-e2d9-433f-ac29-d89cc01ed1d7: nextIndex: updateUnconditionally 0 -> 0
2019-06-14 08:36:25,323 WARN  server.GrpcLogAppender (LogUtils.java:warn(134)) - dbc720ab-70b9-4009-8748-b891edcf2a35: Failed appendEntries to 1ec1d2b4-9587-487d-b414-640d8937b625:192.168.11.250:37719: org.apache.ratis.thirdparty.io.grpc.StatusRuntimeException: UNAVAILABLE: io exception
2019-06-14 08:36:25,323 INFO  impl.FollowerInfo (FollowerInfo.java:lambda$new$0(50)) - dbc720ab-70b9-4009-8748-b891edcf2a35->1ec1d2b4-9587-487d-b414-640d8937b625: nextIndex: updateUnconditionally 0 -> 0
2019-06-14 08:36:25,823 WARN  server.GrpcLogAppender (LogUtils.java:warn(134)) - dbc720ab-70b9-4009-8748-b891edcf2a35: Failed appendEntries to 1ec1d2b4-9587-487d-b414-640d8937b625:192.168.11.250:37719: org.apache.ratis.thirdparty.io.grpc.StatusRuntimeException: UNAVAILABLE: io exception
2019-06-14 08:36:25,823 INFO  impl.FollowerInfo (FollowerInfo.java:lambda$new$0(50)) - dbc720ab-70b9-4009-8748-b891edcf2a35->1ec1d2b4-9587-487d-b414-640d8937b625: nextIndex: updateUnconditionally 0 -> 0
2019-06-14 08:36:25,824 WARN  server.GrpcLogAppender (LogUtils.java:warn(134)) - dbc720ab-70b9-4009-8748-b891edcf2a35: Failed appendEntries to e70f6017-e2d9-433f-ac29-d89cc01ed1d7:192.168.11.250:36501: org.apache.ratis.thirdparty.io.grpc.StatusRuntimeException: UNAVAILABLE: io exception
2019-06-14 08:36:25,824 INFO  impl.FollowerInfo (FollowerInfo.java:lambda$new$0(50)) - dbc720ab-70b9-4009-8748-b891edcf2a35->e70f6017-e2d9-433f-ac29-d89cc01ed1d7: nextIndex: updateUnconditionally 0 -> 0
2019-06-14 08:36:26,324 WARN  server.GrpcLogAppender (LogUtils.java:warn(134)) - dbc720ab-70b9-4009-8748-b891edcf2a35: Failed appendEntries to e70f6017-e2d9-433f-ac29-d89cc01ed1d7:192.168.11.250:36501: org.apache.ratis.thirdparty.io.grpc.StatusRuntimeException: UNAVAILABLE: io exception
2019-06-14 08:36:26,324 INFO  impl.FollowerInfo (FollowerInfo.java:lambda$new$0(50)) - dbc720ab-70b9-4009-8748-b891edcf2a35->e70f6017-e2d9-433f-ac29-d89cc01ed1d7: nextIndex: updateUnconditionally 0 -> 0
2019-06-14 08:36:26,324 WARN  server.GrpcLogAppender (LogUtils.java:warn(134)) - dbc720ab-70b9-4009-8748-b891edcf2a35: Failed appendEntries to 1ec1d2b4-9587-487d-b414-640d8937b625:192.168.11.250:37719: org.apache.ratis.thirdparty.io.grpc.StatusRuntimeException: UNAVAILABLE: io exception
2019-06-14 08:36:26,324 INFO  impl.FollowerInfo (FollowerInfo.java:lambda$new$0(50)) - dbc720ab-70b9-4009-8748-b891edcf2a35->1ec1d2b4-9587-487d-b414-640d8937b625: nextIndex: updateUnconditionally 0 -> 0
2019-06-14 08:36:26,825 WARN  server.GrpcLogAppender (LogUtils.java:warn(134)) - dbc720ab-70b9-4009-8748-b891edcf2a35: Failed appendEntries to 1ec1d2b4-9587-487d-b414-640d8937b625:192.168.11.250:37719: org.apache.ratis.thirdparty.io.grpc.StatusRuntimeException: UNAVAILABLE: io exception
2019-06-14 08:36:26,825 INFO  impl.FollowerInfo (FollowerInfo.java:lambda$new$0(50)) - dbc720ab-70b9-4009-8748-b891edcf2a35->1ec1d2b4-9587-487d-b414-640d8937b625: nextIndex: updateUnconditionally 0 -> 0
2019-06-14 08:36:26,825 WARN  server.GrpcLogAppender (LogUtils.java:warn(134)) - dbc720ab-70b9-4009-8748-b891edcf2a35: Failed appendEntries to e70f6017-e2d9-433f-ac29-d89cc01ed1d7:192.168.11.250:36501: org.apache.ratis.thirdparty.io.grpc.StatusRuntimeException: UNAVAILABLE: io exception
2019-06-14 08:36:26,826 INFO  impl.FollowerInfo (FollowerInfo.java:lambda$new$0(50)) - dbc720ab-70b9-4009-8748-b891edcf2a35->e70f6017-e2d9-433f-ac29-d89cc01ed1d7: nextIndex: updateUnconditionally 0 -> 0
2019-06-14 08:36:27,325 WARN  server.GrpcLogAppender (LogUtils.java:warn(134)) - dbc720ab-70b9-4009-8748-b891edcf2a35: Failed appendEntries to 1ec1d2b4-9587-487d-b414-640d8937b625:192.168.11.250:37719: org.apache.ratis.thirdparty.io.grpc.StatusRuntimeException: UNAVAILABLE: io exception
2019-06-14 08:36:27,326 INFO  impl.FollowerInfo (FollowerInfo.java:lambda$new$0(50)) - dbc720ab-70b9-4009-8748-b891edcf2a35->1ec1d2b4-9587-487d-b414-640d8937b625: nextIndex: updateUnconditionally 0 -> 0
2019-06-14 08:36:27,326 WARN  server.GrpcLogAppender (LogUtils.java:warn(134)) - dbc720ab-70b9-4009-8748-b891edcf2a35: Failed appendEntries to e70f6017-e2d9-433f-ac29-d89cc01ed1d7:192.168.11.250:36501: org.apache.ratis.thirdparty.io.grpc.StatusRuntimeException: UNAVAILABLE: io exception
2019-06-14 08:36:27,326 INFO  impl.FollowerInfo (FollowerInfo.java:lambda$new$0(50)) - dbc720ab-70b9-4009-8748-b891edcf2a35->e70f6017-e2d9-433f-ac29-d89cc01ed1d7: nextIndex: updateUnconditionally 0 -> 0
2019-06-14 08:36:27,826 WARN  server.GrpcLogAppender (LogUtils.java:warn(134)) - dbc720ab-70b9-4009-8748-b891edcf2a35: Failed appendEntries to e70f6017-e2d9-433f-ac29-d89cc01ed1d7:192.168.11.250:36501: org.apache.ratis.thirdparty.io.grpc.StatusRuntimeException: UNAVAILABLE: io exception
2019-06-14 08:36:27,827 INFO  impl.FollowerInfo (FollowerInfo.java:lambda$new$0(50)) - dbc720ab-70b9-4009-8748-b891edcf2a35->e70f6017-e2d9-433f-ac29-d89cc01ed1d7: nextIndex: updateUnconditionally 0 -> 0
2019-06-14 08:36:27,827 WARN  server.GrpcLogAppender (LogUtils.java:warn(134)) - dbc720ab-70b9-4009-8748-b891edcf2a35: Failed appendEntries to 1ec1d2b4-9587-487d-b414-640d8937b625:192.168.11.250:37719: org.apache.ratis.thirdparty.io.grpc.StatusRuntimeException: UNAVAILABLE: io exception
2019-06-14 08:36:27,827 INFO  impl.FollowerInfo (FollowerInfo.java:lambda$new$0(50)) - dbc720ab-70b9-4009-8748-b891edcf2a35->1ec1d2b4-9587-487d-b414-640d8937b625: nextIndex: updateUnconditionally 0 -> 0
2019-06-14 08:36:28,327 WARN  server.GrpcLogAppender (LogUtils.java:warn(134)) - dbc720ab-70b9-4009-8748-b891edcf2a35: Failed appendEntries to 1ec1d2b4-9587-487d-b414-640d8937b625:192.168.11.250:37719: org.apache.ratis.thirdparty.io.grpc.StatusRuntimeException: UNAVAILABLE: io exception
2019-06-14 08:36:28,327 WARN  server.GrpcLogAppender (LogUtils.java:warn(134)) - dbc720ab-70b9-4009-8748-b891edcf2a35: Failed appendEntries to e70f6017-e2d9-433f-ac29-d89cc01ed1d7:192.168.11.250:36501: org.apache.ratis.thirdparty.io.grpc.StatusRuntimeException: UNAVAILABLE: io exception
2019-06-14 08:36:28,327 INFO  impl.FollowerInfo (FollowerInfo.java:lambda$new$0(50)) - dbc720ab-70b9-4009-8748-b891edcf2a35->1ec1d2b4-9587-487d-b414-640d8937b625: nextIndex: updateUnconditionally 0 -> 0
2019-06-14 08:36:28,327 INFO  impl.FollowerInfo (FollowerInfo.java:lambda$new$0(50)) - dbc720ab-70b9-4009-8748-b891edcf2a35->e70f6017-e2d9-433f-ac29-d89cc01ed1d7: nextIndex: updateUnconditionally 0 -> 0
2019-06-14 08:36:28,710 INFO  client.GrpcClientProtocolService (GrpcClientProtocolService.java:lambda$processClientRequest$0(264)) - Failed RaftClientRequest:client-3E877FCCF0F8->dbc720ab-70b9-4009-8748-b891edcf2a35@group-0E47A2B6CD2C, cid=67, seq=0, Watch-ALL_COMMITTED(2), Message:<EMPTY>, reply=RaftClientReply:client-3E877FCCF0F8->dbc720ab-70b9-4009-8748-b891edcf2a35@group-0E47A2B6CD2C, cid=67, FAILED org.apache.ratis.protocol.NotReplicatedException: Request with call Id 67 and log index 2 is not yet replicated to ALL_COMMITTED, logIndex=2, commits[dbc720ab-70b9-4009-8748-b891edcf2a35:c2, e70f6017-e2d9-433f-ac29-d89cc01ed1d7:c1, 1ec1d2b4-9587-487d-b414-640d8937b625:c1]
2019-06-14 08:36:28,827 WARN  server.GrpcLogAppender (LogUtils.java:warn(134)) - dbc720ab-70b9-4009-8748-b891edcf2a35: Failed appendEntries to e70f6017-e2d9-433f-ac29-d89cc01ed1d7:192.168.11.250:36501: org.apache.ratis.thirdparty.io.grpc.StatusRuntimeException: UNAVAILABLE: io exception
2019-06-14 08:36:28,828 INFO  impl.FollowerInfo (FollowerInfo.java:lambda$new$0(50)) - dbc720ab-70b9-4009-8748-b891edcf2a35->e70f6017-e2d9-433f-ac29-d89cc01ed1d7: nextIndex: updateUnconditionally 0 -> 0
2019-06-14 08:36:28,828 WARN  server.GrpcLogAppender (LogUtils.java:warn(134)) - dbc720ab-70b9-4009-8748-b891edcf2a35: Failed appendEntries to 1ec1d2b4-9587-487d-b414-640d8937b625:192.168.11.250:37719: org.apache.ratis.thirdparty.io.grpc.StatusRuntimeException: UNAVAILABLE: io exception
2019-06-14 08:36:28,828 INFO  impl.FollowerInfo (FollowerInfo.java:lambda$new$0(50)) - dbc720ab-70b9-4009-8748-b891edcf2a35->1ec1d2b4-9587-487d-b414-640d8937b625: nextIndex: updateUnconditionally 0 -> 0
2019-06-14 08:36:29,328 WARN  server.GrpcLogAppender (LogUtils.java:warn(134)) - dbc720ab-70b9-4009-8748-b891edcf2a35: Failed appendEntries to e70f6017-e2d9-433f-ac29-d89cc01ed1d7:192.168.11.250:36501: org.apache.ratis.thirdparty.io.grpc.StatusRuntimeException: UNAVAILABLE: io exception
2019-06-14 08:36:29,329 INFO  impl.FollowerInfo (FollowerInfo.java:lambda$new$0(50)) - dbc720ab-70b9-4009-8748-b891edcf2a35->e70f6017-e2d9-433f-ac29-d89cc01ed1d7: nextIndex: updateUnconditionally 0 -> 0
2019-06-14 08:36:29,329 WARN  server.GrpcLogAppender (LogUtils.java:warn(134)) - dbc720ab-70b9-4009-8748-b891edcf2a35: Failed appendEntries to 1ec1d2b4-9587-487d-b414-640d8937b625:192.168.11.250:37719: org.apache.ratis.thirdparty.io.grpc.StatusRuntimeException: UNAVAILABLE: io exception
2019-06-14 08:36:29,329 INFO  impl.FollowerInfo (FollowerInfo.java:lambda$new$0(50)) - dbc720ab-70b9-4009-8748-b891edcf2a35->1ec1d2b4-9587-487d-b414-640d8937b625: nextIndex: updateUnconditionally 0 -> 0
2019-06-14 08:36:29,829 WARN  server.GrpcLogAppender (LogUtils.java:warn(134)) - dbc720ab-70b9-4009-8748-b891edcf2a35: Failed appendEntries to 1ec1d2b4-9587-487d-b414-640d8937b625:192.168.11.250:37719: org.apache.ratis.thirdparty.io.grpc.StatusRuntimeException: UNAVAILABLE: io exception
2019-06-14 08:36:29,829 WARN  server.GrpcLogAppender (LogUtils.java:warn(134)) - dbc720ab-70b9-4009-8748-b891edcf2a35: Failed appendEntries to e70f6017-e2d9-433f-ac29-d89cc01ed1d7:192.168.11.250:36501: org.apache.ratis.thirdparty.io.grpc.StatusRuntimeException: UNAVAILABLE: io exception
2019-06-14 08:36:29,830 INFO  impl.FollowerInfo (FollowerInfo.java:lambda$new$0(50)) - dbc720ab-70b9-4009-8748-b891edcf2a35->1ec1d2b4-9587-487d-b414-640d8937b625: nextIndex: updateUnconditionally 0 -> 0
2019-06-14 08:36:29,830 INFO  impl.FollowerInfo (FollowerInfo.java:lambda$new$0(50)) - dbc720ab-70b9-4009-8748-b891edcf2a35->e70f6017-e2d9-433f-ac29-d89cc01ed1d7: nextIndex: updateUnconditionally 0 -> 0
2019-06-14 08:36:30,329 WARN  server.GrpcLogAppender (LogUtils.java:warn(134)) - dbc720ab-70b9-4009-8748-b891edcf2a35: Failed appendEntries to 1ec1d2b4-9587-487d-b414-640d8937b625:192.168.11.250:37719: org.apache.ratis.thirdparty.io.grpc.StatusRuntimeException: UNAVAILABLE: io exception
2019-06-14 08:36:30,329 WARN  server.GrpcLogAppender (LogUtils.java:warn(134)) - dbc720ab-70b9-4009-8748-b891edcf2a35: Failed appendEntries to e70f6017-e2d9-433f-ac29-d89cc01ed1d7:192.168.11.250:36501: org.apache.ratis.thirdparty.io.grpc.StatusRuntimeException: UNAVAILABLE: io exception
2019-06-14 08:36:30,330 INFO  impl.FollowerInfo (FollowerInfo.java:lambda$new$0(50)) - dbc720ab-70b9-4009-8748-b891edcf2a35->1ec1d2b4-9587-487d-b414-640d8937b625: nextIndex: updateUnconditionally 0 -> 0
2019-06-14 08:36:30,330 INFO  impl.FollowerInfo (FollowerInfo.java:lambda$new$0(50)) - dbc720ab-70b9-4009-8748-b891edcf2a35->e70f6017-e2d9-433f-ac29-d89cc01ed1d7: nextIndex: updateUnconditionally 0 -> 0
2019-06-14 08:36:30,830 WARN  server.GrpcLogAppender (LogUtils.java:warn(134)) - dbc720ab-70b9-4009-8748-b891edcf2a35: Failed appendEntries to e70f6017-e2d9-433f-ac29-d89cc01ed1d7:192.168.11.250:36501: org.apache.ratis.thirdparty.io.grpc.StatusRuntimeException: UNAVAILABLE: io exception
2019-06-14 08:36:30,830 INFO  impl.FollowerInfo (FollowerInfo.java:lambda$new$0(50)) - dbc720ab-70b9-4009-8748-b891edcf2a35->e70f6017-e2d9-433f-ac29-d89cc01ed1d7: nextIndex: updateUnconditionally 0 -> 0
2019-06-14 08:36:30,830 WARN  server.GrpcLogAppender (LogUtils.java:warn(134)) - dbc720ab-70b9-4009-8748-b891edcf2a35: Failed appendEntries to 1ec1d2b4-9587-487d-b414-640d8937b625:192.168.11.250:37719: org.apache.ratis.thirdparty.io.grpc.StatusRuntimeException: UNAVAILABLE: io exception
2019-06-14 08:36:30,831 INFO  impl.FollowerInfo (FollowerInfo.java:lambda$new$0(50)) - dbc720ab-70b9-4009-8748-b891edcf2a35->1ec1d2b4-9587-487d-b414-640d8937b625: nextIndex: updateUnconditionally 0 -> 0
2019-06-14 08:36:31,330 WARN  server.GrpcLogAppender (LogUtils.java:warn(134)) - dbc720ab-70b9-4009-8748-b891edcf2a35: Failed appendEntries to 1ec1d2b4-9587-487d-b414-640d8937b625:192.168.11.250:37719: org.apache.ratis.thirdparty.io.grpc.StatusRuntimeException: UNAVAILABLE: io exception
2019-06-14 08:36:31,330 WARN  server.GrpcLogAppender (LogUtils.java:warn(134)) - dbc720ab-70b9-4009-8748-b891edcf2a35: Failed appendEntries to e70f6017-e2d9-433f-ac29-d89cc01ed1d7:192.168.11.250:36501: org.apache.ratis.thirdparty.io.grpc.StatusRuntimeException: UNAVAILABLE: io exception
2019-06-14 08:36:31,331 INFO  impl.FollowerInfo (FollowerInfo.java:lambda$new$0(50)) - dbc720ab-70b9-4009-8748-b891edcf2a35->1ec1d2b4-9587-487d-b414-640d8937b625: nextIndex: updateUnconditionally 0 -> 0
2019-06-14 08:36:31,331 INFO  impl.FollowerInfo (FollowerInfo.java:lambda$new$0(50)) - dbc720ab-70b9-4009-8748-b891edcf2a35->e70f6017-e2d9-433f-ac29-d89cc01ed1d7: nextIndex: updateUnconditionally 0 -> 0
2019-06-14 08:36:31,831 WARN  server.GrpcLogAppender (LogUtils.java:warn(134)) - dbc720ab-70b9-4009-8748-b891edcf2a35: Failed appendEntries to e70f6017-e2d9-433f-ac29-d89cc01ed1d7:192.168.11.250:36501: org.apache.ratis.thirdparty.io.grpc.StatusRuntimeException: UNAVAILABLE: io exception
2019-06-14 08:36:31,831 WARN  server.GrpcLogAppender (LogUtils.java:warn(134)) - dbc720ab-70b9-4009-8748-b891edcf2a35: Failed appendEntries to 1ec1d2b4-9587-487d-b414-640d8937b625:192.168.11.250:37719: org.apache.ratis.thirdparty.io.grpc.StatusRuntimeException: UNAVAILABLE: io exception
2019-06-14 08:36:31,832 INFO  impl.FollowerInfo (FollowerInfo.java:lambda$new$0(50)) - dbc720ab-70b9-4009-8748-b891edcf2a35->e70f6017-e2d9-433f-ac29-d89cc01ed1d7: nextIndex: updateUnconditionally 0 -> 0
2019-06-14 08:36:31,832 INFO  impl.FollowerInfo (FollowerInfo.java:lambda$new$0(50)) - dbc720ab-70b9-4009-8748-b891edcf2a35->1ec1d2b4-9587-487d-b414-640d8937b625: nextIndex: updateUnconditionally 0 -> 0
2019-06-14 08:36:32,052 WARN  client.GrpcClientProtocolService (LogUtils.java:warn(134)) - 3-UnorderedRequestStreamObserver3: onError: org.apache.ratis.thirdparty.io.grpc.StatusRuntimeException: CANCELLED: cancelled before receiving half close
2019-06-14 08:36:32,397 WARN  server.GrpcLogAppender (LogUtils.java:warn(134)) - dbc720ab-70b9-4009-8748-b891edcf2a35: Failed appendEntries to e70f6017-e2d9-433f-ac29-d89cc01ed1d7:192.168.11.250:36501: org.apache.ratis.thirdparty.io.grpc.StatusRuntimeException: UNAVAILABLE: io exception
2019-06-14 08:36:32,398 INFO  impl.FollowerInfo (FollowerInfo.java:lambda$new$0(50)) - dbc720ab-70b9-4009-8748-b891edcf2a35->e70f6017-e2d9-433f-ac29-d89cc01ed1d7: nextIndex: updateUnconditionally 0 -> 0
2019-06-14 08:36:32,398 WARN  server.GrpcLogAppender (LogUtils.java:warn(134)) - dbc720ab-70b9-4009-8748-b891edcf2a35: Failed appendEntries to 1ec1d2b4-9587-487d-b414-640d8937b625:192.168.11.250:37719: org.apache.ratis.thirdparty.io.grpc.StatusRuntimeException: UNAVAILABLE: io exception
2019-06-14 08:36:32,398 INFO  impl.FollowerInfo (FollowerInfo.java:lambda$new$0(50)) - dbc720ab-70b9-4009-8748-b891edcf2a35->1ec1d2b4-9587-487d-b414-640d8937b625: nextIndex: updateUnconditionally 0 -> 0
2019-06-14 08:36:32,833 WARN  server.GrpcLogAppender (LogUtils.java:warn(134)) - dbc720ab-70b9-4009-8748-b891edcf2a35: Failed appendEntries to 1ec1d2b4-9587-487d-b414-640d8937b625:192.168.11.250:37719: org.apache.ratis.thirdparty.io.grpc.StatusRuntimeException: UNAVAILABLE: io exception
2019-06-14 08:36:32,833 INFO  impl.FollowerInfo (FollowerInfo.java:lambda$new$0(50)) - dbc720ab-70b9-4009-8748-b891edcf2a35->1ec1d2b4-9587-487d-b414-640d8937b625: nextIndex: updateUnconditionally 0 -> 0
2019-06-14 08:36:32,894 WARN  server.GrpcLogAppender (LogUtils.java:warn(134)) - dbc720ab-70b9-4009-8748-b891edcf2a35: Failed appendEntries to e70f6017-e2d9-433f-ac29-d89cc01ed1d7:192.168.11.250:36501: org.apache.ratis.thirdparty.io.grpc.StatusRuntimeException: UNAVAILABLE: io exception
2019-06-14 08:36:32,894 INFO  impl.FollowerInfo (FollowerInfo.java:lambda$new$0(50)) - dbc720ab-70b9-4009-8748-b891edcf2a35->e70f6017-e2d9-433f-ac29-d89cc01ed1d7: nextIndex: updateUnconditionally 0 -> 0
2019-06-14 08:36:33,333 WARN  server.GrpcLogAppender (LogUtils.java:warn(134)) - dbc720ab-70b9-4009-8748-b891edcf2a35: Failed appendEntries to 1ec1d2b4-9587-487d-b414-640d8937b625:192.168.11.250:37719: org.apache.ratis.thirdparty.io.grpc.StatusRuntimeException: UNAVAILABLE: io exception
2019-06-14 08:36:33,333 INFO  impl.FollowerInfo (FollowerInfo.java:lambda$new$0(50)) - dbc720ab-70b9-4009-8748-b891edcf2a35->1ec1d2b4-9587-487d-b414-640d8937b625: nextIndex: updateUnconditionally 0 -> 0
2019-06-14 08:36:33,394 WARN  server.GrpcLogAppender (LogUtils.java:warn(134)) - dbc720ab-70b9-4009-8748-b891edcf2a35: Failed appendEntries to e70f6017-e2d9-433f-ac29-d89cc01ed1d7:192.168.11.250:36501: org.apache.ratis.thirdparty.io.grpc.StatusRuntimeException: UNAVAILABLE: io exception
2019-06-14 08:36:33,395 INFO  impl.FollowerInfo (FollowerInfo.java:lambda$new$0(50)) - dbc720ab-70b9-4009-8748-b891edcf2a35->e70f6017-e2d9-433f-ac29-d89cc01ed1d7: nextIndex: updateUnconditionally 0 -> 0
2019-06-14 08:36:33,707 INFO  client.GrpcClientProtocolService (GrpcClientProtocolService.java:lambda$processClientRequest$0(264)) - Failed RaftClientRequest:client-3E877FCCF0F8->dbc720ab-70b9-4009-8748-b891edcf2a35@group-0E47A2B6CD2C, cid=67, seq=0, Watch-ALL_COMMITTED(2), Message:<EMPTY>, reply=RaftClientReply:client-3E877FCCF0F8->dbc720ab-70b9-4009-8748-b891edcf2a35@group-0E47A2B6CD2C, cid=67, FAILED org.apache.ratis.protocol.NotReplicatedException: Request with call Id 67 and log index 2 is not yet replicated to ALL_COMMITTED, logIndex=2, commits[dbc720ab-70b9-4009-8748-b891edcf2a35:c2, e70f6017-e2d9-433f-ac29-d89cc01ed1d7:c1, 1ec1d2b4-9587-487d-b414-640d8937b625:c1]
2019-06-14 08:36:33,834 WARN  server.GrpcLogAppender (LogUtils.java:warn(134)) - dbc720ab-70b9-4009-8748-b891edcf2a35: Failed appendEntries to 1ec1d2b4-9587-487d-b414-640d8937b625:192.168.11.250:37719: org.apache.ratis.thirdparty.io.grpc.StatusRuntimeException: UNAVAILABLE: io exception
2019-06-14 08:36:33,834 INFO  impl.FollowerInfo (FollowerInfo.java:lambda$new$0(50)) - dbc720ab-70b9-4009-8748-b891edcf2a35->1ec1d2b4-9587-487d-b414-640d8937b625: nextIndex: updateUnconditionally 0 -> 0
2019-06-14 08:36:33,895 WARN  server.GrpcLogAppender (LogUtils.java:warn(134)) - dbc720ab-70b9-4009-8748-b891edcf2a35: Failed appendEntries to e70f6017-e2d9-433f-ac29-d89cc01ed1d7:192.168.11.250:36501: org.apache.ratis.thirdparty.io.grpc.StatusRuntimeException: UNAVAILABLE: io exception
2019-06-14 08:36:33,896 INFO  impl.FollowerInfo (FollowerInfo.java:lambda$new$0(50)) - dbc720ab-70b9-4009-8748-b891edcf2a35->e70f6017-e2d9-433f-ac29-d89cc01ed1d7: nextIndex: updateUnconditionally 0 -> 0
2019-06-14 08:36:34,334 WARN  server.GrpcLogAppender (LogUtils.java:warn(134)) - dbc720ab-70b9-4009-8748-b891edcf2a35: Failed appendEntries to 1ec1d2b4-9587-487d-b414-640d8937b625:192.168.11.250:37719: org.apache.ratis.thirdparty.io.grpc.StatusRuntimeException: UNAVAILABLE: io exception
2019-06-14 08:36:34,335 INFO  impl.FollowerInfo (FollowerInfo.java:lambda$new$0(50)) - dbc720ab-70b9-4009-8748-b891edcf2a35->1ec1d2b4-9587-487d-b414-640d8937b625: nextIndex: updateUnconditionally 0 -> 0
2019-06-14 08:36:34,396 WARN  server.GrpcLogAppender (LogUtils.java:warn(134)) - dbc720ab-70b9-4009-8748-b891edcf2a35: Failed appendEntries to e70f6017-e2d9-433f-ac29-d89cc01ed1d7:192.168.11.250:36501: org.apache.ratis.thirdparty.io.grpc.StatusRuntimeException: UNAVAILABLE: io exception
2019-06-14 08:36:34,396 INFO  impl.FollowerInfo (FollowerInfo.java:lambda$new$0(50)) - dbc720ab-70b9-4009-8748-b891edcf2a35->e70f6017-e2d9-433f-ac29-d89cc01ed1d7: nextIndex: updateUnconditionally 0 -> 0
2019-06-14 08:36:34,835 WARN  server.GrpcLogAppender (LogUtils.java:warn(134)) - dbc720ab-70b9-4009-8748-b891edcf2a35: Failed appendEntries to 1ec1d2b4-9587-487d-b414-640d8937b625:192.168.11.250:37719: org.apache.ratis.thirdparty.io.grpc.StatusRuntimeException: UNAVAILABLE: io exception
2019-06-14 08:36:34,836 INFO  impl.FollowerInfo (FollowerInfo.java:lambda$new$0(50)) - dbc720ab-70b9-4009-8748-b891edcf2a35->1ec1d2b4-9587-487d-b414-640d8937b625: nextIndex: updateUnconditionally 0 -> 0
2019-06-14 08:36:34,896 WARN  server.GrpcLogAppender (LogUtils.java:warn(134)) - dbc720ab-70b9-4009-8748-b891edcf2a35: Failed appendEntries to e70f6017-e2d9-433f-ac29-d89cc01ed1d7:192.168.11.250:36501: org.apache.ratis.thirdparty.io.grpc.StatusRuntimeException: UNAVAILABLE: io exception
2019-06-14 08:36:34,897 INFO  impl.FollowerInfo (FollowerInfo.java:lambda$new$0(50)) - dbc720ab-70b9-4009-8748-b891edcf2a35->e70f6017-e2d9-433f-ac29-d89cc01ed1d7: nextIndex: updateUnconditionally 0 -> 0
2019-06-14 08:36:35,336 WARN  server.GrpcLogAppender (LogUtils.java:warn(134)) - dbc720ab-70b9-4009-8748-b891edcf2a35: Failed appendEntries to 1ec1d2b4-9587-487d-b414-640d8937b625:192.168.11.250:37719: org.apache.ratis.thirdparty.io.grpc.StatusRuntimeException: UNAVAILABLE: io exception
2019-06-14 08:36:35,336 INFO  impl.FollowerInfo (FollowerInfo.java:lambda$new$0(50)) - dbc720ab-70b9-4009-8748-b891edcf2a35->1ec1d2b4-9587-487d-b414-640d8937b625: nextIndex: updateUnconditionally 0 -> 0
2019-06-14 08:36:35,397 WARN  server.GrpcLogAppender (LogUtils.java:warn(134)) - dbc720ab-70b9-4009-8748-b891edcf2a35: Failed appendEntries to e70f6017-e2d9-433f-ac29-d89cc01ed1d7:192.168.11.250:36501: org.apache.ratis.thirdparty.io.grpc.StatusRuntimeException: UNAVAILABLE: io exception
2019-06-14 08:36:35,397 INFO  impl.FollowerInfo (FollowerInfo.java:lambda$new$0(50)) - dbc720ab-70b9-4009-8748-b891edcf2a35->e70f6017-e2d9-433f-ac29-d89cc01ed1d7: nextIndex: updateUnconditionally 0 -> 0
2019-06-14 08:36:35,836 WARN  server.GrpcLogAppender (LogUtils.java:warn(134)) - dbc720ab-70b9-4009-8748-b891edcf2a35: Failed appendEntries to 1ec1d2b4-9587-487d-b414-640d8937b625:192.168.11.250:37719: org.apache.ratis.thirdparty.io.grpc.StatusRuntimeException: UNAVAILABLE: io exception
2019-06-14 08:36:35,837 INFO  impl.FollowerInfo (FollowerInfo.java:lambda$new$0(50)) - dbc720ab-70b9-4009-8748-b891edcf2a35->1ec1d2b4-9587-487d-b414-640d8937b625: nextIndex: updateUnconditionally 0 -> 0
2019-06-14 08:36:35,897 WARN  server.GrpcLogAppender (LogUtils.java:warn(134)) - dbc720ab-70b9-4009-8748-b891edcf2a35: Failed appendEntries to e70f6017-e2d9-433f-ac29-d89cc01ed1d7:192.168.11.250:36501: org.apache.ratis.thirdparty.io.grpc.StatusRuntimeException: UNAVAILABLE: io exception
2019-06-14 08:36:35,898 INFO  impl.FollowerInfo (FollowerInfo.java:lambda$new$0(50)) - dbc720ab-70b9-4009-8748-b891edcf2a35->e70f6017-e2d9-433f-ac29-d89cc01ed1d7: nextIndex: updateUnconditionally 0 -> 0
2019-06-14 08:36:36,337 WARN  server.GrpcLogAppender (LogUtils.java:warn(134)) - dbc720ab-70b9-4009-8748-b891edcf2a35: Failed appendEntries to 1ec1d2b4-9587-487d-b414-640d8937b625:192.168.11.250:37719: org.apache.ratis.thirdparty.io.grpc.StatusRuntimeException: UNAVAILABLE: io exception
2019-06-14 08:36:36,337 INFO  impl.FollowerInfo (FollowerInfo.java:lambda$new$0(50)) - dbc720ab-70b9-4009-8748-b891edcf2a35->1ec1d2b4-9587-487d-b414-640d8937b625: nextIndex: updateUnconditionally 0 -> 0
2019-06-14 08:36:36,398 WARN  server.GrpcLogAppender (LogUtils.java:warn(134)) - dbc720ab-70b9-4009-8748-b891edcf2a35: Failed appendEntries to e70f6017-e2d9-433f-ac29-d89cc01ed1d7:192.168.11.250:36501: org.apache.ratis.thirdparty.io.grpc.StatusRuntimeException: UNAVAILABLE: io exception
2019-06-14 08:36:36,398 INFO  impl.FollowerInfo (FollowerInfo.java:lambda$new$0(50)) - dbc720ab-70b9-4009-8748-b891edcf2a35->e70f6017-e2d9-433f-ac29-d89cc01ed1d7: nextIndex: updateUnconditionally 0 -> 0
2019-06-14 08:36:36,837 WARN  server.GrpcLogAppender (LogUtils.java:warn(134)) - dbc720ab-70b9-4009-8748-b891edcf2a35: Failed appendEntries to 1ec1d2b4-9587-487d-b414-640d8937b625:192.168.11.250:37719: org.apache.ratis.thirdparty.io.grpc.StatusRuntimeException: UNAVAILABLE: io exception
2019-06-14 08:36:36,838 INFO  impl.FollowerInfo (FollowerInfo.java:lambda$new$0(50)) - dbc720ab-70b9-4009-8748-b891edcf2a35->1ec1d2b4-9587-487d-b414-640d8937b625: nextIndex: updateUnconditionally 0 -> 0
2019-06-14 08:36:36,898 WARN  server.GrpcLogAppender (LogUtils.java:warn(134)) - dbc720ab-70b9-4009-8748-b891edcf2a35: Failed appendEntries to e70f6017-e2d9-433f-ac29-d89cc01ed1d7:192.168.11.250:36501: org.apache.ratis.thirdparty.io.grpc.StatusRuntimeException: UNAVAILABLE: io exception
2019-06-14 08:36:36,899 INFO  impl.FollowerInfo (FollowerInfo.java:lambda$new$0(50)) - dbc720ab-70b9-4009-8748-b891edcf2a35->e70f6017-e2d9-433f-ac29-d89cc01ed1d7: nextIndex: updateUnconditionally 0 -> 0
2019-06-14 08:36:37,338 WARN  server.GrpcLogAppender (LogUtils.java:warn(134)) - dbc720ab-70b9-4009-8748-b891edcf2a35: Failed appendEntries to 1ec1d2b4-9587-487d-b414-640d8937b625:192.168.11.250:37719: org.apache.ratis.thirdparty.io.grpc.StatusRuntimeException: UNAVAILABLE: io exception
2019-06-14 08:36:37,338 INFO  impl.FollowerInfo (FollowerInfo.java:lambda$new$0(50)) - dbc720ab-70b9-4009-8748-b891edcf2a35->1ec1d2b4-9587-487d-b414-640d8937b625: nextIndex: updateUnconditionally 0 -> 0
2019-06-14 08:36:37,399 WARN  server.GrpcLogAppender (LogUtils.java:warn(134)) - dbc720ab-70b9-4009-8748-b891edcf2a35: Failed appendEntries to e70f6017-e2d9-433f-ac29-d89cc01ed1d7:192.168.11.250:36501: org.apache.ratis.thirdparty.io.grpc.StatusRuntimeException: UNAVAILABLE: io exception
2019-06-14 08:36:37,399 INFO  impl.FollowerInfo (FollowerInfo.java:lambda$new$0(50)) - dbc720ab-70b9-4009-8748-b891edcf2a35->e70f6017-e2d9-433f-ac29-d89cc01ed1d7: nextIndex: updateUnconditionally 0 -> 0
2019-06-14 08:36:37,838 WARN  server.GrpcLogAppender (LogUtils.java:warn(134)) - dbc720ab-70b9-4009-8748-b891edcf2a35: Failed appendEntries to 1ec1d2b4-9587-487d-b414-640d8937b625:192.168.11.250:37719: org.apache.ratis.thirdparty.io.grpc.StatusRuntimeException: UNAVAILABLE: io exception
2019-06-14 08:36:37,838 INFO  impl.FollowerInfo (FollowerInfo.java:lambda$new$0(50)) - dbc720ab-70b9-4009-8748-b891edcf2a35->1ec1d2b4-9587-487d-b414-640d8937b625: nextIndex: updateUnconditionally 0 -> 0
2019-06-14 08:36:37,899 WARN  server.GrpcLogAppender (LogUtils.java:warn(134)) - dbc720ab-70b9-4009-8748-b891edcf2a35: Failed appendEntries to e70f6017-e2d9-433f-ac29-d89cc01ed1d7:192.168.11.250:36501: org.apache.ratis.thirdparty.io.grpc.StatusRuntimeException: UNAVAILABLE: io exception
2019-06-14 08:36:37,900 INFO  impl.FollowerInfo (FollowerInfo.java:lambda$new$0(50)) - dbc720ab-70b9-4009-8748-b891edcf2a35->e70f6017-e2d9-433f-ac29-d89cc01ed1d7: nextIndex: updateUnconditionally 0 -> 0
2019-06-14 08:36:38,003 WARN  scm.XceiverClientRatis (XceiverClientRatis.java:watchForCommit(260)) - 3 way commit failed 
java.util.concurrent.TimeoutException
	at java.util.concurrent.CompletableFuture.timedGet(CompletableFuture.java:1771)
	at java.util.concurrent.CompletableFuture.get(CompletableFuture.java:1915)
	at org.apache.hadoop.hdds.scm.XceiverClientRatis.watchForCommit(XceiverClientRatis.java:257)
	at org.apache.hadoop.ozone.client.rpc.TestWatchForCommit.testWatchForCommitForRetryfailure(TestWatchForCommit.java:347)
	at sun.reflect.NativeMethodAccessorImpl.invoke0(Native Method)
	at sun.reflect.NativeMethodAccessorImpl.invoke(NativeMethodAccessorImpl.java:62)
	at sun.reflect.DelegatingMethodAccessorImpl.invoke(DelegatingMethodAccessorImpl.java:43)
	at java.lang.reflect.Method.invoke(Method.java:498)
	at org.junit.runners.model.FrameworkMethod$1.runReflectiveCall(FrameworkMethod.java:47)
	at org.junit.internal.runners.model.ReflectiveCallable.run(ReflectiveCallable.java:12)
	at org.junit.runners.model.FrameworkMethod.invokeExplosively(FrameworkMethod.java:44)
	at org.junit.internal.runners.statements.InvokeMethod.evaluate(InvokeMethod.java:17)
	at org.junit.runners.ParentRunner.runLeaf(ParentRunner.java:271)
	at org.junit.runners.BlockJUnit4ClassRunner.runChild(BlockJUnit4ClassRunner.java:70)
	at org.junit.runners.BlockJUnit4ClassRunner.runChild(BlockJUnit4ClassRunner.java:50)
	at org.junit.runners.ParentRunner$3.run(ParentRunner.java:238)
	at org.junit.runners.ParentRunner$1.schedule(ParentRunner.java:63)
	at org.junit.runners.ParentRunner.runChildren(ParentRunner.java:236)
	at org.junit.runners.ParentRunner.access$000(ParentRunner.java:53)
	at org.junit.runners.ParentRunner$2.evaluate(ParentRunner.java:229)
	at org.junit.runners.ParentRunner.run(ParentRunner.java:309)
	at org.apache.maven.surefire.junit4.JUnit4Provider.execute(JUnit4Provider.java:365)
	at org.apache.maven.surefire.junit4.JUnit4Provider.executeWithRerun(JUnit4Provider.java:273)
	at org.apache.maven.surefire.junit4.JUnit4Provider.executeTestSet(JUnit4Provider.java:238)
	at org.apache.maven.surefire.junit4.JUnit4Provider.invoke(JUnit4Provider.java:159)
	at org.apache.maven.surefire.booter.ForkedBooter.invokeProviderInSameClassLoader(ForkedBooter.java:384)
	at org.apache.maven.surefire.booter.ForkedBooter.runSuitesInProcess(ForkedBooter.java:345)
	at org.apache.maven.surefire.booter.ForkedBooter.execute(ForkedBooter.java:126)
	at org.apache.maven.surefire.booter.ForkedBooter.main(ForkedBooter.java:418)
2019-06-14 08:36:38,339 WARN  server.GrpcLogAppender (LogUtils.java:warn(134)) - dbc720ab-70b9-4009-8748-b891edcf2a35: Failed appendEntries to 1ec1d2b4-9587-487d-b414-640d8937b625:192.168.11.250:37719: org.apache.ratis.thirdparty.io.grpc.StatusRuntimeException: UNAVAILABLE: io exception
2019-06-14 08:36:38,339 INFO  impl.FollowerInfo (FollowerInfo.java:lambda$new$0(50)) - dbc720ab-70b9-4009-8748-b891edcf2a35->1ec1d2b4-9587-487d-b414-640d8937b625: nextIndex: updateUnconditionally 0 -> 0
2019-06-14 08:36:38,400 WARN  server.GrpcLogAppender (LogUtils.java:warn(134)) - dbc720ab-70b9-4009-8748-b891edcf2a35: Failed appendEntries to e70f6017-e2d9-433f-ac29-d89cc01ed1d7:192.168.11.250:36501: org.apache.ratis.thirdparty.io.grpc.StatusRuntimeException: UNAVAILABLE: io exception
2019-06-14 08:36:38,400 INFO  impl.FollowerInfo (FollowerInfo.java:lambda$new$0(50)) - dbc720ab-70b9-4009-8748-b891edcf2a35->e70f6017-e2d9-433f-ac29-d89cc01ed1d7: nextIndex: updateUnconditionally 0 -> 0
2019-06-14 08:36:38,839 WARN  server.GrpcLogAppender (LogUtils.java:warn(134)) - dbc720ab-70b9-4009-8748-b891edcf2a35: Failed appendEntries to 1ec1d2b4-9587-487d-b414-640d8937b625:192.168.11.250:37719: org.apache.ratis.thirdparty.io.grpc.StatusRuntimeException: UNAVAILABLE: io exception
2019-06-14 08:36:38,840 INFO  impl.FollowerInfo (FollowerInfo.java:lambda$new$0(50)) - dbc720ab-70b9-4009-8748-b891edcf2a35->1ec1d2b4-9587-487d-b414-640d8937b625: nextIndex: updateUnconditionally 0 -> 0
2019-06-14 08:36:38,900 WARN  server.GrpcLogAppender (LogUtils.java:warn(134)) - dbc720ab-70b9-4009-8748-b891edcf2a35: Failed appendEntries to e70f6017-e2d9-433f-ac29-d89cc01ed1d7:192.168.11.250:36501: org.apache.ratis.thirdparty.io.grpc.StatusRuntimeException: UNAVAILABLE: io exception
2019-06-14 08:36:38,901 INFO  impl.FollowerInfo (FollowerInfo.java:lambda$new$0(50)) - dbc720ab-70b9-4009-8748-b891edcf2a35->e70f6017-e2d9-433f-ac29-d89cc01ed1d7: nextIndex: updateUnconditionally 0 -> 0
2019-06-14 08:36:39,340 WARN  server.GrpcLogAppender (LogUtils.java:warn(134)) - dbc720ab-70b9-4009-8748-b891edcf2a35: Failed appendEntries to 1ec1d2b4-9587-487d-b414-640d8937b625:192.168.11.250:37719: org.apache.ratis.thirdparty.io.grpc.StatusRuntimeException: UNAVAILABLE: io exception
2019-06-14 08:36:39,340 INFO  impl.FollowerInfo (FollowerInfo.java:lambda$new$0(50)) - dbc720ab-70b9-4009-8748-b891edcf2a35->1ec1d2b4-9587-487d-b414-640d8937b625: nextIndex: updateUnconditionally 0 -> 0
2019-06-14 08:36:39,401 WARN  server.GrpcLogAppender (LogUtils.java:warn(134)) - dbc720ab-70b9-4009-8748-b891edcf2a35: Failed appendEntries to e70f6017-e2d9-433f-ac29-d89cc01ed1d7:192.168.11.250:36501: org.apache.ratis.thirdparty.io.grpc.StatusRuntimeException: UNAVAILABLE: io exception
2019-06-14 08:36:39,401 INFO  impl.FollowerInfo (FollowerInfo.java:lambda$new$0(50)) - dbc720ab-70b9-4009-8748-b891edcf2a35->e70f6017-e2d9-433f-ac29-d89cc01ed1d7: nextIndex: updateUnconditionally 0 -> 0
2019-06-14 08:36:39,707 INFO  client.GrpcClientProtocolService (GrpcClientProtocolService.java:lambda$processClientRequest$0(264)) - Failed RaftClientRequest:client-3E877FCCF0F8->dbc720ab-70b9-4009-8748-b891edcf2a35@group-0E47A2B6CD2C, cid=67, seq=0, Watch-ALL_COMMITTED(2), Message:<EMPTY>, reply=RaftClientReply:client-3E877FCCF0F8->dbc720ab-70b9-4009-8748-b891edcf2a35@group-0E47A2B6CD2C, cid=67, FAILED org.apache.ratis.protocol.NotReplicatedException: Request with call Id 67 and log index 2 is not yet replicated to ALL_COMMITTED, logIndex=2, commits[dbc720ab-70b9-4009-8748-b891edcf2a35:c2, e70f6017-e2d9-433f-ac29-d89cc01ed1d7:c1, 1ec1d2b4-9587-487d-b414-640d8937b625:c1]
2019-06-14 08:36:39,841 WARN  server.GrpcLogAppender (LogUtils.java:warn(134)) - dbc720ab-70b9-4009-8748-b891edcf2a35: Failed appendEntries to 1ec1d2b4-9587-487d-b414-640d8937b625:192.168.11.250:37719: org.apache.ratis.thirdparty.io.grpc.StatusRuntimeException: UNAVAILABLE: io exception
2019-06-14 08:36:39,841 INFO  impl.FollowerInfo (FollowerInfo.java:lambda$new$0(50)) - dbc720ab-70b9-4009-8748-b891edcf2a35->1ec1d2b4-9587-487d-b414-640d8937b625: nextIndex: updateUnconditionally 0 -> 0
2019-06-14 08:36:39,901 WARN  server.GrpcLogAppender (LogUtils.java:warn(134)) - dbc720ab-70b9-4009-8748-b891edcf2a35: Failed appendEntries to e70f6017-e2d9-433f-ac29-d89cc01ed1d7:192.168.11.250:36501: org.apache.ratis.thirdparty.io.grpc.StatusRuntimeException: UNAVAILABLE: io exception
2019-06-14 08:36:39,902 INFO  impl.FollowerInfo (FollowerInfo.java:lambda$new$0(50)) - dbc720ab-70b9-4009-8748-b891edcf2a35->e70f6017-e2d9-433f-ac29-d89cc01ed1d7: nextIndex: updateUnconditionally 0 -> 0
2019-06-14 08:36:40,341 WARN  server.GrpcLogAppender (LogUtils.java:warn(134)) - dbc720ab-70b9-4009-8748-b891edcf2a35: Failed appendEntries to 1ec1d2b4-9587-487d-b414-640d8937b625:192.168.11.250:37719: org.apache.ratis.thirdparty.io.grpc.StatusRuntimeException: UNAVAILABLE: io exception
2019-06-14 08:36:40,342 INFO  impl.FollowerInfo (FollowerInfo.java:lambda$new$0(50)) - dbc720ab-70b9-4009-8748-b891edcf2a35->1ec1d2b4-9587-487d-b414-640d8937b625: nextIndex: updateUnconditionally 0 -> 0
2019-06-14 08:36:40,402 WARN  server.GrpcLogAppender (LogUtils.java:warn(134)) - dbc720ab-70b9-4009-8748-b891edcf2a35: Failed appendEntries to e70f6017-e2d9-433f-ac29-d89cc01ed1d7:192.168.11.250:36501: org.apache.ratis.thirdparty.io.grpc.StatusRuntimeException: UNAVAILABLE: io exception
2019-06-14 08:36:40,403 INFO  impl.FollowerInfo (FollowerInfo.java:lambda$new$0(50)) - dbc720ab-70b9-4009-8748-b891edcf2a35->e70f6017-e2d9-433f-ac29-d89cc01ed1d7: nextIndex: updateUnconditionally 0 -> 0
2019-06-14 08:36:40,842 WARN  server.GrpcLogAppender (LogUtils.java:warn(134)) - dbc720ab-70b9-4009-8748-b891edcf2a35: Failed appendEntries to 1ec1d2b4-9587-487d-b414-640d8937b625:192.168.11.250:37719: org.apache.ratis.thirdparty.io.grpc.StatusRuntimeException: UNAVAILABLE: io exception
2019-06-14 08:36:40,842 INFO  impl.FollowerInfo (FollowerInfo.java:lambda$new$0(50)) - dbc720ab-70b9-4009-8748-b891edcf2a35->1ec1d2b4-9587-487d-b414-640d8937b625: nextIndex: updateUnconditionally 0 -> 0
2019-06-14 08:36:40,903 WARN  server.GrpcLogAppender (LogUtils.java:warn(134)) - dbc720ab-70b9-4009-8748-b891edcf2a35: Failed appendEntries to e70f6017-e2d9-433f-ac29-d89cc01ed1d7:192.168.11.250:36501: org.apache.ratis.thirdparty.io.grpc.StatusRuntimeException: UNAVAILABLE: io exception
2019-06-14 08:36:40,903 INFO  impl.FollowerInfo (FollowerInfo.java:lambda$new$0(50)) - dbc720ab-70b9-4009-8748-b891edcf2a35->e70f6017-e2d9-433f-ac29-d89cc01ed1d7: nextIndex: updateUnconditionally 0 -> 0
2019-06-14 08:36:41,343 WARN  server.GrpcLogAppender (LogUtils.java:warn(134)) - dbc720ab-70b9-4009-8748-b891edcf2a35: Failed appendEntries to 1ec1d2b4-9587-487d-b414-640d8937b625:192.168.11.250:37719: org.apache.ratis.thirdparty.io.grpc.StatusRuntimeException: UNAVAILABLE: io exception
2019-06-14 08:36:41,343 INFO  impl.FollowerInfo (FollowerInfo.java:lambda$new$0(50)) - dbc720ab-70b9-4009-8748-b891edcf2a35->1ec1d2b4-9587-487d-b414-640d8937b625: nextIndex: updateUnconditionally 0 -> 0
2019-06-14 08:36:41,403 WARN  server.GrpcLogAppender (LogUtils.java:warn(134)) - dbc720ab-70b9-4009-8748-b891edcf2a35: Failed appendEntries to e70f6017-e2d9-433f-ac29-d89cc01ed1d7:192.168.11.250:36501: org.apache.ratis.thirdparty.io.grpc.StatusRuntimeException: UNAVAILABLE: io exception
2019-06-14 08:36:41,404 INFO  impl.FollowerInfo (FollowerInfo.java:lambda$new$0(50)) - dbc720ab-70b9-4009-8748-b891edcf2a35->e70f6017-e2d9-433f-ac29-d89cc01ed1d7: nextIndex: updateUnconditionally 0 -> 0
2019-06-14 08:36:41,843 WARN  server.GrpcLogAppender (LogUtils.java:warn(134)) - dbc720ab-70b9-4009-8748-b891edcf2a35: Failed appendEntries to 1ec1d2b4-9587-487d-b414-640d8937b625:192.168.11.250:37719: org.apache.ratis.thirdparty.io.grpc.StatusRuntimeException: UNAVAILABLE: io exception
2019-06-14 08:36:41,844 INFO  impl.FollowerInfo (FollowerInfo.java:lambda$new$0(50)) - dbc720ab-70b9-4009-8748-b891edcf2a35->1ec1d2b4-9587-487d-b414-640d8937b625: nextIndex: updateUnconditionally 0 -> 0
2019-06-14 08:36:41,904 WARN  server.GrpcLogAppender (LogUtils.java:warn(134)) - dbc720ab-70b9-4009-8748-b891edcf2a35: Failed appendEntries to e70f6017-e2d9-433f-ac29-d89cc01ed1d7:192.168.11.250:36501: org.apache.ratis.thirdparty.io.grpc.StatusRuntimeException: UNAVAILABLE: io exception
2019-06-14 08:36:41,904 INFO  impl.FollowerInfo (FollowerInfo.java:lambda$new$0(50)) - dbc720ab-70b9-4009-8748-b891edcf2a35->e70f6017-e2d9-433f-ac29-d89cc01ed1d7: nextIndex: updateUnconditionally 0 -> 0
2019-06-14 08:36:42,344 WARN  server.GrpcLogAppender (LogUtils.java:warn(134)) - dbc720ab-70b9-4009-8748-b891edcf2a35: Failed appendEntries to 1ec1d2b4-9587-487d-b414-640d8937b625:192.168.11.250:37719: org.apache.ratis.thirdparty.io.grpc.StatusRuntimeException: UNAVAILABLE: io exception
2019-06-14 08:36:42,344 INFO  impl.FollowerInfo (FollowerInfo.java:lambda$new$0(50)) - dbc720ab-70b9-4009-8748-b891edcf2a35->1ec1d2b4-9587-487d-b414-640d8937b625: nextIndex: updateUnconditionally 0 -> 0
2019-06-14 08:36:42,404 WARN  server.GrpcLogAppender (LogUtils.java:warn(134)) - dbc720ab-70b9-4009-8748-b891edcf2a35: Failed appendEntries to e70f6017-e2d9-433f-ac29-d89cc01ed1d7:192.168.11.250:36501: org.apache.ratis.thirdparty.io.grpc.StatusRuntimeException: UNAVAILABLE: io exception
2019-06-14 08:36:42,405 INFO  impl.FollowerInfo (FollowerInfo.java:lambda$new$0(50)) - dbc720ab-70b9-4009-8748-b891edcf2a35->e70f6017-e2d9-433f-ac29-d89cc01ed1d7: nextIndex: updateUnconditionally 0 -> 0
2019-06-14 08:36:42,844 WARN  server.GrpcLogAppender (LogUtils.java:warn(134)) - dbc720ab-70b9-4009-8748-b891edcf2a35: Failed appendEntries to 1ec1d2b4-9587-487d-b414-640d8937b625:192.168.11.250:37719: org.apache.ratis.thirdparty.io.grpc.StatusRuntimeException: UNAVAILABLE: io exception
2019-06-14 08:36:42,845 INFO  impl.FollowerInfo (FollowerInfo.java:lambda$new$0(50)) - dbc720ab-70b9-4009-8748-b891edcf2a35->1ec1d2b4-9587-487d-b414-640d8937b625: nextIndex: updateUnconditionally 0 -> 0
2019-06-14 08:36:42,905 WARN  server.GrpcLogAppender (LogUtils.java:warn(134)) - dbc720ab-70b9-4009-8748-b891edcf2a35: Failed appendEntries to e70f6017-e2d9-433f-ac29-d89cc01ed1d7:192.168.11.250:36501: org.apache.ratis.thirdparty.io.grpc.StatusRuntimeException: UNAVAILABLE: io exception
2019-06-14 08:36:42,905 INFO  impl.FollowerInfo (FollowerInfo.java:lambda$new$0(50)) - dbc720ab-70b9-4009-8748-b891edcf2a35->e70f6017-e2d9-433f-ac29-d89cc01ed1d7: nextIndex: updateUnconditionally 0 -> 0
2019-06-14 08:36:43,345 WARN  server.GrpcLogAppender (LogUtils.java:warn(134)) - dbc720ab-70b9-4009-8748-b891edcf2a35: Failed appendEntries to 1ec1d2b4-9587-487d-b414-640d8937b625:192.168.11.250:37719: org.apache.ratis.thirdparty.io.grpc.StatusRuntimeException: UNAVAILABLE: io exception
2019-06-14 08:36:43,346 INFO  impl.FollowerInfo (FollowerInfo.java:lambda$new$0(50)) - dbc720ab-70b9-4009-8748-b891edcf2a35->1ec1d2b4-9587-487d-b414-640d8937b625: nextIndex: updateUnconditionally 0 -> 0
2019-06-14 08:36:43,406 WARN  server.GrpcLogAppender (LogUtils.java:warn(134)) - dbc720ab-70b9-4009-8748-b891edcf2a35: Failed appendEntries to e70f6017-e2d9-433f-ac29-d89cc01ed1d7:192.168.11.250:36501: org.apache.ratis.thirdparty.io.grpc.StatusRuntimeException: UNAVAILABLE: io exception
2019-06-14 08:36:43,406 INFO  impl.FollowerInfo (FollowerInfo.java:lambda$new$0(50)) - dbc720ab-70b9-4009-8748-b891edcf2a35->e70f6017-e2d9-433f-ac29-d89cc01ed1d7: nextIndex: updateUnconditionally 0 -> 0
2019-06-14 08:36:43,846 WARN  server.GrpcLogAppender (LogUtils.java:warn(134)) - dbc720ab-70b9-4009-8748-b891edcf2a35: Failed appendEntries to 1ec1d2b4-9587-487d-b414-640d8937b625:192.168.11.250:37719: org.apache.ratis.thirdparty.io.grpc.StatusRuntimeException: UNAVAILABLE: io exception
2019-06-14 08:36:43,846 INFO  impl.FollowerInfo (FollowerInfo.java:lambda$new$0(50)) - dbc720ab-70b9-4009-8748-b891edcf2a35->1ec1d2b4-9587-487d-b414-640d8937b625: nextIndex: updateUnconditionally 0 -> 0
2019-06-14 08:36:43,907 WARN  server.GrpcLogAppender (LogUtils.java:warn(134)) - dbc720ab-70b9-4009-8748-b891edcf2a35: Failed appendEntries to e70f6017-e2d9-433f-ac29-d89cc01ed1d7:192.168.11.250:36501: org.apache.ratis.thirdparty.io.grpc.StatusRuntimeException: UNAVAILABLE: io exception
2019-06-14 08:36:43,907 INFO  impl.FollowerInfo (FollowerInfo.java:lambda$new$0(50)) - dbc720ab-70b9-4009-8748-b891edcf2a35->e70f6017-e2d9-433f-ac29-d89cc01ed1d7: nextIndex: updateUnconditionally 0 -> 0
2019-06-14 08:36:44,346 WARN  server.GrpcLogAppender (LogUtils.java:warn(134)) - dbc720ab-70b9-4009-8748-b891edcf2a35: Failed appendEntries to 1ec1d2b4-9587-487d-b414-640d8937b625:192.168.11.250:37719: org.apache.ratis.thirdparty.io.grpc.StatusRuntimeException: UNAVAILABLE: io exception
2019-06-14 08:36:44,346 INFO  impl.FollowerInfo (FollowerInfo.java:lambda$new$0(50)) - dbc720ab-70b9-4009-8748-b891edcf2a35->1ec1d2b4-9587-487d-b414-640d8937b625: nextIndex: updateUnconditionally 0 -> 0
2019-06-14 08:36:44,407 WARN  server.GrpcLogAppender (LogUtils.java:warn(134)) - dbc720ab-70b9-4009-8748-b891edcf2a35: Failed appendEntries to e70f6017-e2d9-433f-ac29-d89cc01ed1d7:192.168.11.250:36501: org.apache.ratis.thirdparty.io.grpc.StatusRuntimeException: UNAVAILABLE: io exception
2019-06-14 08:36:44,408 INFO  impl.FollowerInfo (FollowerInfo.java:lambda$new$0(50)) - dbc720ab-70b9-4009-8748-b891edcf2a35->e70f6017-e2d9-433f-ac29-d89cc01ed1d7: nextIndex: updateUnconditionally 0 -> 0
2019-06-14 08:36:44,707 INFO  client.GrpcClientProtocolService (GrpcClientProtocolService.java:lambda$processClientRequest$0(264)) - Failed RaftClientRequest:client-3E877FCCF0F8->dbc720ab-70b9-4009-8748-b891edcf2a35@group-0E47A2B6CD2C, cid=67, seq=0, Watch-ALL_COMMITTED(2), Message:<EMPTY>, reply=RaftClientReply:client-3E877FCCF0F8->dbc720ab-70b9-4009-8748-b891edcf2a35@group-0E47A2B6CD2C, cid=67, FAILED org.apache.ratis.protocol.NotReplicatedException: Request with call Id 67 and log index 2 is not yet replicated to ALL_COMMITTED, logIndex=2, commits[dbc720ab-70b9-4009-8748-b891edcf2a35:c2, e70f6017-e2d9-433f-ac29-d89cc01ed1d7:c1, 1ec1d2b4-9587-487d-b414-640d8937b625:c1]
2019-06-14 08:36:44,847 WARN  server.GrpcLogAppender (LogUtils.java:warn(134)) - dbc720ab-70b9-4009-8748-b891edcf2a35: Failed appendEntries to 1ec1d2b4-9587-487d-b414-640d8937b625:192.168.11.250:37719: org.apache.ratis.thirdparty.io.grpc.StatusRuntimeException: UNAVAILABLE: io exception
2019-06-14 08:36:44,847 INFO  impl.FollowerInfo (FollowerInfo.java:lambda$new$0(50)) - dbc720ab-70b9-4009-8748-b891edcf2a35->1ec1d2b4-9587-487d-b414-640d8937b625: nextIndex: updateUnconditionally 0 -> 0
2019-06-14 08:36:44,908 WARN  server.GrpcLogAppender (LogUtils.java:warn(134)) - dbc720ab-70b9-4009-8748-b891edcf2a35: Failed appendEntries to e70f6017-e2d9-433f-ac29-d89cc01ed1d7:192.168.11.250:36501: org.apache.ratis.thirdparty.io.grpc.StatusRuntimeException: UNAVAILABLE: io exception
2019-06-14 08:36:44,908 INFO  impl.FollowerInfo (FollowerInfo.java:lambda$new$0(50)) - dbc720ab-70b9-4009-8748-b891edcf2a35->e70f6017-e2d9-433f-ac29-d89cc01ed1d7: nextIndex: updateUnconditionally 0 -> 0
2019-06-14 08:36:45,348 WARN  server.GrpcLogAppender (LogUtils.java:warn(134)) - dbc720ab-70b9-4009-8748-b891edcf2a35: Failed appendEntries to 1ec1d2b4-9587-487d-b414-640d8937b625:192.168.11.250:37719: org.apache.ratis.thirdparty.io.grpc.StatusRuntimeException: UNAVAILABLE: io exception
2019-06-14 08:36:45,348 INFO  impl.FollowerInfo (FollowerInfo.java:lambda$new$0(50)) - dbc720ab-70b9-4009-8748-b891edcf2a35->1ec1d2b4-9587-487d-b414-640d8937b625: nextIndex: updateUnconditionally 0 -> 0
2019-06-14 08:36:45,408 WARN  server.GrpcLogAppender (LogUtils.java:warn(134)) - dbc720ab-70b9-4009-8748-b891edcf2a35: Failed appendEntries to e70f6017-e2d9-433f-ac29-d89cc01ed1d7:192.168.11.250:36501: org.apache.ratis.thirdparty.io.grpc.StatusRuntimeException: UNAVAILABLE: io exception
2019-06-14 08:36:45,409 INFO  impl.FollowerInfo (FollowerInfo.java:lambda$new$0(50)) - dbc720ab-70b9-4009-8748-b891edcf2a35->e70f6017-e2d9-433f-ac29-d89cc01ed1d7: nextIndex: updateUnconditionally 0 -> 0
2019-06-14 08:36:45,848 WARN  server.GrpcLogAppender (LogUtils.java:warn(134)) - dbc720ab-70b9-4009-8748-b891edcf2a35: Failed appendEntries to 1ec1d2b4-9587-487d-b414-640d8937b625:192.168.11.250:37719: org.apache.ratis.thirdparty.io.grpc.StatusRuntimeException: UNAVAILABLE: io exception
2019-06-14 08:36:45,848 INFO  impl.FollowerInfo (FollowerInfo.java:lambda$new$0(50)) - dbc720ab-70b9-4009-8748-b891edcf2a35->1ec1d2b4-9587-487d-b414-640d8937b625: nextIndex: updateUnconditionally 0 -> 0
2019-06-14 08:36:45,909 WARN  server.GrpcLogAppender (LogUtils.java:warn(134)) - dbc720ab-70b9-4009-8748-b891edcf2a35: Failed appendEntries to e70f6017-e2d9-433f-ac29-d89cc01ed1d7:192.168.11.250:36501: org.apache.ratis.thirdparty.io.grpc.StatusRuntimeException: UNAVAILABLE: io exception
2019-06-14 08:36:45,909 INFO  impl.FollowerInfo (FollowerInfo.java:lambda$new$0(50)) - dbc720ab-70b9-4009-8748-b891edcf2a35->e70f6017-e2d9-433f-ac29-d89cc01ed1d7: nextIndex: updateUnconditionally 0 -> 0
2019-06-14 08:36:46,348 WARN  server.GrpcLogAppender (LogUtils.java:warn(134)) - dbc720ab-70b9-4009-8748-b891edcf2a35: Failed appendEntries to 1ec1d2b4-9587-487d-b414-640d8937b625:192.168.11.250:37719: org.apache.ratis.thirdparty.io.grpc.StatusRuntimeException: UNAVAILABLE: io exception
2019-06-14 08:36:46,349 INFO  impl.FollowerInfo (FollowerInfo.java:lambda$new$0(50)) - dbc720ab-70b9-4009-8748-b891edcf2a35->1ec1d2b4-9587-487d-b414-640d8937b625: nextIndex: updateUnconditionally 0 -> 0
2019-06-14 08:36:46,409 WARN  server.GrpcLogAppender (LogUtils.java:warn(134)) - dbc720ab-70b9-4009-8748-b891edcf2a35: Failed appendEntries to e70f6017-e2d9-433f-ac29-d89cc01ed1d7:192.168.11.250:36501: org.apache.ratis.thirdparty.io.grpc.StatusRuntimeException: UNAVAILABLE: io exception
2019-06-14 08:36:46,409 INFO  impl.FollowerInfo (FollowerInfo.java:lambda$new$0(50)) - dbc720ab-70b9-4009-8748-b891edcf2a35->e70f6017-e2d9-433f-ac29-d89cc01ed1d7: nextIndex: updateUnconditionally 0 -> 0
2019-06-14 08:36:46,849 WARN  server.GrpcLogAppender (LogUtils.java:warn(134)) - dbc720ab-70b9-4009-8748-b891edcf2a35: Failed appendEntries to 1ec1d2b4-9587-487d-b414-640d8937b625:192.168.11.250:37719: org.apache.ratis.thirdparty.io.grpc.StatusRuntimeException: UNAVAILABLE: io exception
2019-06-14 08:36:46,849 INFO  impl.FollowerInfo (FollowerInfo.java:lambda$new$0(50)) - dbc720ab-70b9-4009-8748-b891edcf2a35->1ec1d2b4-9587-487d-b414-640d8937b625: nextIndex: updateUnconditionally 0 -> 0
2019-06-14 08:36:46,910 WARN  server.GrpcLogAppender (LogUtils.java:warn(134)) - dbc720ab-70b9-4009-8748-b891edcf2a35: Failed appendEntries to e70f6017-e2d9-433f-ac29-d89cc01ed1d7:192.168.11.250:36501: org.apache.ratis.thirdparty.io.grpc.StatusRuntimeException: UNAVAILABLE: io exception
2019-06-14 08:36:46,910 INFO  impl.FollowerInfo (FollowerInfo.java:lambda$new$0(50)) - dbc720ab-70b9-4009-8748-b891edcf2a35->e70f6017-e2d9-433f-ac29-d89cc01ed1d7: nextIndex: updateUnconditionally 0 -> 0
2019-06-14 08:36:47,349 WARN  server.GrpcLogAppender (LogUtils.java:warn(134)) - dbc720ab-70b9-4009-8748-b891edcf2a35: Failed appendEntries to 1ec1d2b4-9587-487d-b414-640d8937b625:192.168.11.250:37719: org.apache.ratis.thirdparty.io.grpc.StatusRuntimeException: UNAVAILABLE: io exception
2019-06-14 08:36:47,350 INFO  impl.FollowerInfo (FollowerInfo.java:lambda$new$0(50)) - dbc720ab-70b9-4009-8748-b891edcf2a35->1ec1d2b4-9587-487d-b414-640d8937b625: nextIndex: updateUnconditionally 0 -> 0
2019-06-14 08:36:47,410 WARN  server.GrpcLogAppender (LogUtils.java:warn(134)) - dbc720ab-70b9-4009-8748-b891edcf2a35: Failed appendEntries to e70f6017-e2d9-433f-ac29-d89cc01ed1d7:192.168.11.250:36501: org.apache.ratis.thirdparty.io.grpc.StatusRuntimeException: UNAVAILABLE: io exception
2019-06-14 08:36:47,411 INFO  impl.FollowerInfo (FollowerInfo.java:lambda$new$0(50)) - dbc720ab-70b9-4009-8748-b891edcf2a35->e70f6017-e2d9-433f-ac29-d89cc01ed1d7: nextIndex: updateUnconditionally 0 -> 0
2019-06-14 08:36:47,850 WARN  server.GrpcLogAppender (LogUtils.java:warn(134)) - dbc720ab-70b9-4009-8748-b891edcf2a35: Failed appendEntries to 1ec1d2b4-9587-487d-b414-640d8937b625:192.168.11.250:37719: org.apache.ratis.thirdparty.io.grpc.StatusRuntimeException: UNAVAILABLE: io exception
2019-06-14 08:36:47,850 INFO  impl.FollowerInfo (FollowerInfo.java:lambda$new$0(50)) - dbc720ab-70b9-4009-8748-b891edcf2a35->1ec1d2b4-9587-487d-b414-640d8937b625: nextIndex: updateUnconditionally 0 -> 0
2019-06-14 08:36:47,911 WARN  server.GrpcLogAppender (LogUtils.java:warn(134)) - dbc720ab-70b9-4009-8748-b891edcf2a35: Failed appendEntries to e70f6017-e2d9-433f-ac29-d89cc01ed1d7:192.168.11.250:36501: org.apache.ratis.thirdparty.io.grpc.StatusRuntimeException: UNAVAILABLE: io exception
2019-06-14 08:36:47,912 INFO  impl.FollowerInfo (FollowerInfo.java:lambda$new$0(50)) - dbc720ab-70b9-4009-8748-b891edcf2a35->e70f6017-e2d9-433f-ac29-d89cc01ed1d7: nextIndex: updateUnconditionally 0 -> 0
2019-06-14 08:36:48,350 WARN  server.GrpcLogAppender (LogUtils.java:warn(134)) - dbc720ab-70b9-4009-8748-b891edcf2a35: Failed appendEntries to 1ec1d2b4-9587-487d-b414-640d8937b625:192.168.11.250:37719: org.apache.ratis.thirdparty.io.grpc.StatusRuntimeException: UNAVAILABLE: io exception
2019-06-14 08:36:48,351 INFO  impl.FollowerInfo (FollowerInfo.java:lambda$new$0(50)) - dbc720ab-70b9-4009-8748-b891edcf2a35->1ec1d2b4-9587-487d-b414-640d8937b625: nextIndex: updateUnconditionally 0 -> 0
2019-06-14 08:36:48,412 WARN  server.GrpcLogAppender (LogUtils.java:warn(134)) - dbc720ab-70b9-4009-8748-b891edcf2a35: Failed appendEntries to e70f6017-e2d9-433f-ac29-d89cc01ed1d7:192.168.11.250:36501: org.apache.ratis.thirdparty.io.grpc.StatusRuntimeException: UNAVAILABLE: io exception
2019-06-14 08:36:48,412 INFO  impl.FollowerInfo (FollowerInfo.java:lambda$new$0(50)) - dbc720ab-70b9-4009-8748-b891edcf2a35->e70f6017-e2d9-433f-ac29-d89cc01ed1d7: nextIndex: updateUnconditionally 0 -> 0
2019-06-14 08:36:48,707 INFO  client.GrpcClientProtocolService (GrpcClientProtocolService.java:lambda$processClientRequest$0(264)) - Failed RaftClientRequest:client-3E877FCCF0F8->dbc720ab-70b9-4009-8748-b891edcf2a35@group-0E47A2B6CD2C, cid=67, seq=0, Watch-ALL_COMMITTED(2), Message:<EMPTY>, reply=RaftClientReply:client-3E877FCCF0F8->dbc720ab-70b9-4009-8748-b891edcf2a35@group-0E47A2B6CD2C, cid=67, FAILED org.apache.ratis.protocol.NotReplicatedException: Request with call Id 67 and log index 2 is not yet replicated to ALL_COMMITTED, logIndex=2, commits[dbc720ab-70b9-4009-8748-b891edcf2a35:c2, e70f6017-e2d9-433f-ac29-d89cc01ed1d7:c1, 1ec1d2b4-9587-487d-b414-640d8937b625:c1]
2019-06-14 08:36:48,851 WARN  server.GrpcLogAppender (LogUtils.java:warn(134)) - dbc720ab-70b9-4009-8748-b891edcf2a35: Failed appendEntries to 1ec1d2b4-9587-487d-b414-640d8937b625:192.168.11.250:37719: org.apache.ratis.thirdparty.io.grpc.StatusRuntimeException: UNAVAILABLE: io exception
2019-06-14 08:36:48,851 INFO  impl.FollowerInfo (FollowerInfo.java:lambda$new$0(50)) - dbc720ab-70b9-4009-8748-b891edcf2a35->1ec1d2b4-9587-487d-b414-640d8937b625: nextIndex: updateUnconditionally 0 -> 0
2019-06-14 08:36:48,912 WARN  server.GrpcLogAppender (LogUtils.java:warn(134)) - dbc720ab-70b9-4009-8748-b891edcf2a35: Failed appendEntries to e70f6017-e2d9-433f-ac29-d89cc01ed1d7:192.168.11.250:36501: org.apache.ratis.thirdparty.io.grpc.StatusRuntimeException: UNAVAILABLE: io exception
2019-06-14 08:36:48,912 INFO  impl.FollowerInfo (FollowerInfo.java:lambda$new$0(50)) - dbc720ab-70b9-4009-8748-b891edcf2a35->e70f6017-e2d9-433f-ac29-d89cc01ed1d7: nextIndex: updateUnconditionally 0 -> 0
2019-06-14 08:36:49,351 WARN  server.GrpcLogAppender (LogUtils.java:warn(134)) - dbc720ab-70b9-4009-8748-b891edcf2a35: Failed appendEntries to 1ec1d2b4-9587-487d-b414-640d8937b625:192.168.11.250:37719: org.apache.ratis.thirdparty.io.grpc.StatusRuntimeException: UNAVAILABLE: io exception
2019-06-14 08:36:49,352 INFO  impl.FollowerInfo (FollowerInfo.java:lambda$new$0(50)) - dbc720ab-70b9-4009-8748-b891edcf2a35->1ec1d2b4-9587-487d-b414-640d8937b625: nextIndex: updateUnconditionally 0 -> 0
2019-06-14 08:36:49,415 WARN  server.GrpcLogAppender (LogUtils.java:warn(134)) - dbc720ab-70b9-4009-8748-b891edcf2a35: Failed appendEntries to e70f6017-e2d9-433f-ac29-d89cc01ed1d7:192.168.11.250:36501: org.apache.ratis.thirdparty.io.grpc.StatusRuntimeException: UNAVAILABLE: io exception
2019-06-14 08:36:49,415 INFO  impl.FollowerInfo (FollowerInfo.java:lambda$new$0(50)) - dbc720ab-70b9-4009-8748-b891edcf2a35->e70f6017-e2d9-433f-ac29-d89cc01ed1d7: nextIndex: updateUnconditionally 0 -> 0
2019-06-14 08:36:49,708 INFO  client.GrpcClientProtocolService (GrpcClientProtocolService.java:lambda$processClientRequest$0(264)) - Failed RaftClientRequest:client-3E877FCCF0F8->dbc720ab-70b9-4009-8748-b891edcf2a35@group-0E47A2B6CD2C, cid=68, seq=0, Watch-MAJORITY_COMMITTED(2), Message:<EMPTY>, reply=RaftClientReply:client-3E877FCCF0F8->dbc720ab-70b9-4009-8748-b891edcf2a35@group-0E47A2B6CD2C, cid=68, FAILED org.apache.ratis.protocol.NotReplicatedException: Request with call Id 68 and log index 2 is not yet replicated to MAJORITY_COMMITTED, logIndex=2, commits[dbc720ab-70b9-4009-8748-b891edcf2a35:c2, e70f6017-e2d9-433f-ac29-d89cc01ed1d7:c1, 1ec1d2b4-9587-487d-b414-640d8937b625:c1]
2019-06-14 08:36:49,852 WARN  server.GrpcLogAppender (LogUtils.java:warn(134)) - dbc720ab-70b9-4009-8748-b891edcf2a35: Failed appendEntries to 1ec1d2b4-9587-487d-b414-640d8937b625:192.168.11.250:37719: org.apache.ratis.thirdparty.io.grpc.StatusRuntimeException: UNAVAILABLE: io exception
2019-06-14 08:36:49,853 INFO  impl.FollowerInfo (FollowerInfo.java:lambda$new$0(50)) - dbc720ab-70b9-4009-8748-b891edcf2a35->1ec1d2b4-9587-487d-b414-640d8937b625: nextIndex: updateUnconditionally 0 -> 0
2019-06-14 08:36:49,913 WARN  server.GrpcLogAppender (LogUtils.java:warn(134)) - dbc720ab-70b9-4009-8748-b891edcf2a35: Failed appendEntries to e70f6017-e2d9-433f-ac29-d89cc01ed1d7:192.168.11.250:36501: org.apache.ratis.thirdparty.io.grpc.StatusRuntimeException: UNAVAILABLE: io exception
2019-06-14 08:36:49,914 INFO  impl.FollowerInfo (FollowerInfo.java:lambda$new$0(50)) - dbc720ab-70b9-4009-8748-b891edcf2a35->e70f6017-e2d9-433f-ac29-d89cc01ed1d7: nextIndex: updateUnconditionally 0 -> 0
2019-06-14 08:36:50,353 WARN  server.GrpcLogAppender (LogUtils.java:warn(134)) - dbc720ab-70b9-4009-8748-b891edcf2a35: Failed appendEntries to 1ec1d2b4-9587-487d-b414-640d8937b625:192.168.11.250:37719: org.apache.ratis.thirdparty.io.grpc.StatusRuntimeException: UNAVAILABLE: io exception
2019-06-14 08:36:50,353 INFO  impl.FollowerInfo (FollowerInfo.java:lambda$new$0(50)) - dbc720ab-70b9-4009-8748-b891edcf2a35->1ec1d2b4-9587-487d-b414-640d8937b625: nextIndex: updateUnconditionally 0 -> 0
2019-06-14 08:36:50,414 WARN  server.GrpcLogAppender (LogUtils.java:warn(134)) - dbc720ab-70b9-4009-8748-b891edcf2a35: Failed appendEntries to e70f6017-e2d9-433f-ac29-d89cc01ed1d7:192.168.11.250:36501: org.apache.ratis.thirdparty.io.grpc.StatusRuntimeException: UNAVAILABLE: io exception
2019-06-14 08:36:50,414 INFO  impl.FollowerInfo (FollowerInfo.java:lambda$new$0(50)) - dbc720ab-70b9-4009-8748-b891edcf2a35->e70f6017-e2d9-433f-ac29-d89cc01ed1d7: nextIndex: updateUnconditionally 0 -> 0
2019-06-14 08:36:50,853 WARN  server.GrpcLogAppender (LogUtils.java:warn(134)) - dbc720ab-70b9-4009-8748-b891edcf2a35: Failed appendEntries to 1ec1d2b4-9587-487d-b414-640d8937b625:192.168.11.250:37719: org.apache.ratis.thirdparty.io.grpc.StatusRuntimeException: UNAVAILABLE: io exception
2019-06-14 08:36:50,853 INFO  impl.FollowerInfo (FollowerInfo.java:lambda$new$0(50)) - dbc720ab-70b9-4009-8748-b891edcf2a35->1ec1d2b4-9587-487d-b414-640d8937b625: nextIndex: updateUnconditionally 0 -> 0
2019-06-14 08:36:50,914 WARN  server.GrpcLogAppender (LogUtils.java:warn(134)) - dbc720ab-70b9-4009-8748-b891edcf2a35: Failed appendEntries to e70f6017-e2d9-433f-ac29-d89cc01ed1d7:192.168.11.250:36501: org.apache.ratis.thirdparty.io.grpc.StatusRuntimeException: UNAVAILABLE: io exception
2019-06-14 08:36:50,915 INFO  impl.FollowerInfo (FollowerInfo.java:lambda$new$0(50)) - dbc720ab-70b9-4009-8748-b891edcf2a35->e70f6017-e2d9-433f-ac29-d89cc01ed1d7: nextIndex: updateUnconditionally 0 -> 0
2019-06-14 08:36:51,354 WARN  server.GrpcLogAppender (LogUtils.java:warn(134)) - dbc720ab-70b9-4009-8748-b891edcf2a35: Failed appendEntries to 1ec1d2b4-9587-487d-b414-640d8937b625:192.168.11.250:37719: org.apache.ratis.thirdparty.io.grpc.StatusRuntimeException: UNAVAILABLE: io exception
2019-06-14 08:36:51,354 INFO  impl.FollowerInfo (FollowerInfo.java:lambda$new$0(50)) - dbc720ab-70b9-4009-8748-b891edcf2a35->1ec1d2b4-9587-487d-b414-640d8937b625: nextIndex: updateUnconditionally 0 -> 0
2019-06-14 08:36:51,415 WARN  server.GrpcLogAppender (LogUtils.java:warn(134)) - dbc720ab-70b9-4009-8748-b891edcf2a35: Failed appendEntries to e70f6017-e2d9-433f-ac29-d89cc01ed1d7:192.168.11.250:36501: org.apache.ratis.thirdparty.io.grpc.StatusRuntimeException: UNAVAILABLE: io exception
2019-06-14 08:36:51,415 INFO  impl.FollowerInfo (FollowerInfo.java:lambda$new$0(50)) - dbc720ab-70b9-4009-8748-b891edcf2a35->e70f6017-e2d9-433f-ac29-d89cc01ed1d7: nextIndex: updateUnconditionally 0 -> 0
2019-06-14 08:36:51,854 WARN  server.GrpcLogAppender (LogUtils.java:warn(134)) - dbc720ab-70b9-4009-8748-b891edcf2a35: Failed appendEntries to 1ec1d2b4-9587-487d-b414-640d8937b625:192.168.11.250:37719: org.apache.ratis.thirdparty.io.grpc.StatusRuntimeException: UNAVAILABLE: io exception
2019-06-14 08:36:51,855 INFO  impl.FollowerInfo (FollowerInfo.java:lambda$new$0(50)) - dbc720ab-70b9-4009-8748-b891edcf2a35->1ec1d2b4-9587-487d-b414-640d8937b625: nextIndex: updateUnconditionally 0 -> 0
2019-06-14 08:36:51,915 WARN  server.GrpcLogAppender (LogUtils.java:warn(134)) - dbc720ab-70b9-4009-8748-b891edcf2a35: Failed appendEntries to e70f6017-e2d9-433f-ac29-d89cc01ed1d7:192.168.11.250:36501: org.apache.ratis.thirdparty.io.grpc.StatusRuntimeException: UNAVAILABLE: io exception
2019-06-14 08:36:51,916 INFO  impl.FollowerInfo (FollowerInfo.java:lambda$new$0(50)) - dbc720ab-70b9-4009-8748-b891edcf2a35->e70f6017-e2d9-433f-ac29-d89cc01ed1d7: nextIndex: updateUnconditionally 0 -> 0
2019-06-14 08:36:52,355 WARN  server.GrpcLogAppender (LogUtils.java:warn(134)) - dbc720ab-70b9-4009-8748-b891edcf2a35: Failed appendEntries to 1ec1d2b4-9587-487d-b414-640d8937b625:192.168.11.250:37719: org.apache.ratis.thirdparty.io.grpc.StatusRuntimeException: UNAVAILABLE: io exception
2019-06-14 08:36:52,355 INFO  impl.FollowerInfo (FollowerInfo.java:lambda$new$0(50)) - dbc720ab-70b9-4009-8748-b891edcf2a35->1ec1d2b4-9587-487d-b414-640d8937b625: nextIndex: updateUnconditionally 0 -> 0
2019-06-14 08:36:52,416 WARN  server.GrpcLogAppender (LogUtils.java:warn(134)) - dbc720ab-70b9-4009-8748-b891edcf2a35: Failed appendEntries to e70f6017-e2d9-433f-ac29-d89cc01ed1d7:192.168.11.250:36501: org.apache.ratis.thirdparty.io.grpc.StatusRuntimeException: UNAVAILABLE: io exception
2019-06-14 08:36:52,416 INFO  impl.FollowerInfo (FollowerInfo.java:lambda$new$0(50)) - dbc720ab-70b9-4009-8748-b891edcf2a35->e70f6017-e2d9-433f-ac29-d89cc01ed1d7: nextIndex: updateUnconditionally 0 -> 0
2019-06-14 08:36:52,707 INFO  client.GrpcClientProtocolService (GrpcClientProtocolService.java:lambda$processClientRequest$0(264)) - Failed RaftClientRequest:client-3E877FCCF0F8->dbc720ab-70b9-4009-8748-b891edcf2a35@group-0E47A2B6CD2C, cid=68, seq=0, Watch-MAJORITY_COMMITTED(2), Message:<EMPTY>, reply=RaftClientReply:client-3E877FCCF0F8->dbc720ab-70b9-4009-8748-b891edcf2a35@group-0E47A2B6CD2C, cid=68, FAILED org.apache.ratis.protocol.NotReplicatedException: Request with call Id 68 and log index 2 is not yet replicated to MAJORITY_COMMITTED, logIndex=2, commits[dbc720ab-70b9-4009-8748-b891edcf2a35:c2, e70f6017-e2d9-433f-ac29-d89cc01ed1d7:c1, 1ec1d2b4-9587-487d-b414-640d8937b625:c1]
2019-06-14 08:36:52,855 WARN  server.GrpcLogAppender (LogUtils.java:warn(134)) - dbc720ab-70b9-4009-8748-b891edcf2a35: Failed appendEntries to 1ec1d2b4-9587-487d-b414-640d8937b625:192.168.11.250:37719: org.apache.ratis.thirdparty.io.grpc.StatusRuntimeException: UNAVAILABLE: io exception
2019-06-14 08:36:52,856 INFO  impl.FollowerInfo (FollowerInfo.java:lambda$new$0(50)) - dbc720ab-70b9-4009-8748-b891edcf2a35->1ec1d2b4-9587-487d-b414-640d8937b625: nextIndex: updateUnconditionally 0 -> 0
2019-06-14 08:36:52,917 WARN  server.GrpcLogAppender (LogUtils.java:warn(134)) - dbc720ab-70b9-4009-8748-b891edcf2a35: Failed appendEntries to e70f6017-e2d9-433f-ac29-d89cc01ed1d7:192.168.11.250:36501: org.apache.ratis.thirdparty.io.grpc.StatusRuntimeException: UNAVAILABLE: io exception
2019-06-14 08:36:52,917 INFO  impl.FollowerInfo (FollowerInfo.java:lambda$new$0(50)) - dbc720ab-70b9-4009-8748-b891edcf2a35->e70f6017-e2d9-433f-ac29-d89cc01ed1d7: nextIndex: updateUnconditionally 0 -> 0
2019-06-14 08:36:53,356 WARN  server.GrpcLogAppender (LogUtils.java:warn(134)) - dbc720ab-70b9-4009-8748-b891edcf2a35: Failed appendEntries to 1ec1d2b4-9587-487d-b414-640d8937b625:192.168.11.250:37719: org.apache.ratis.thirdparty.io.grpc.StatusRuntimeException: UNAVAILABLE: io exception
2019-06-14 08:36:53,357 INFO  impl.FollowerInfo (FollowerInfo.java:lambda$new$0(50)) - dbc720ab-70b9-4009-8748-b891edcf2a35->1ec1d2b4-9587-487d-b414-640d8937b625: nextIndex: updateUnconditionally 0 -> 0
2019-06-14 08:36:53,417 WARN  server.GrpcLogAppender (LogUtils.java:warn(134)) - dbc720ab-70b9-4009-8748-b891edcf2a35: Failed appendEntries to e70f6017-e2d9-433f-ac29-d89cc01ed1d7:192.168.11.250:36501: org.apache.ratis.thirdparty.io.grpc.StatusRuntimeException: UNAVAILABLE: io exception
2019-06-14 08:36:53,418 INFO  impl.FollowerInfo (FollowerInfo.java:lambda$new$0(50)) - dbc720ab-70b9-4009-8748-b891edcf2a35->e70f6017-e2d9-433f-ac29-d89cc01ed1d7: nextIndex: updateUnconditionally 0 -> 0
2019-06-14 08:36:53,707 INFO  client.GrpcClientProtocolService (GrpcClientProtocolService.java:lambda$processClientRequest$0(264)) - Failed RaftClientRequest:client-3E877FCCF0F8->dbc720ab-70b9-4009-8748-b891edcf2a35@group-0E47A2B6CD2C, cid=67, seq=0, Watch-ALL_COMMITTED(2), Message:<EMPTY>, reply=RaftClientReply:client-3E877FCCF0F8->dbc720ab-70b9-4009-8748-b891edcf2a35@group-0E47A2B6CD2C, cid=67, FAILED org.apache.ratis.protocol.NotReplicatedException: Request with call Id 67 and log index 2 is not yet replicated to ALL_COMMITTED, logIndex=2, commits[dbc720ab-70b9-4009-8748-b891edcf2a35:c2, e70f6017-e2d9-433f-ac29-d89cc01ed1d7:c1, 1ec1d2b4-9587-487d-b414-640d8937b625:c1]
2019-06-14 08:36:53,857 WARN  server.GrpcLogAppender (LogUtils.java:warn(134)) - dbc720ab-70b9-4009-8748-b891edcf2a35: Failed appendEntries to 1ec1d2b4-9587-487d-b414-640d8937b625:192.168.11.250:37719: org.apache.ratis.thirdparty.io.grpc.StatusRuntimeException: UNAVAILABLE: io exception
2019-06-14 08:36:53,857 INFO  impl.FollowerInfo (FollowerInfo.java:lambda$new$0(50)) - dbc720ab-70b9-4009-8748-b891edcf2a35->1ec1d2b4-9587-487d-b414-640d8937b625: nextIndex: updateUnconditionally 0 -> 0
2019-06-14 08:36:53,918 WARN  server.GrpcLogAppender (LogUtils.java:warn(134)) - dbc720ab-70b9-4009-8748-b891edcf2a35: Failed appendEntries to e70f6017-e2d9-433f-ac29-d89cc01ed1d7:192.168.11.250:36501: org.apache.ratis.thirdparty.io.grpc.StatusRuntimeException: UNAVAILABLE: io exception
2019-06-14 08:36:53,918 INFO  impl.FollowerInfo (FollowerInfo.java:lambda$new$0(50)) - dbc720ab-70b9-4009-8748-b891edcf2a35->e70f6017-e2d9-433f-ac29-d89cc01ed1d7: nextIndex: updateUnconditionally 0 -> 0
2019-06-14 08:36:54,357 WARN  server.GrpcLogAppender (LogUtils.java:warn(134)) - dbc720ab-70b9-4009-8748-b891edcf2a35: Failed appendEntries to 1ec1d2b4-9587-487d-b414-640d8937b625:192.168.11.250:37719: org.apache.ratis.thirdparty.io.grpc.StatusRuntimeException: UNAVAILABLE: io exception
2019-06-14 08:36:54,358 INFO  impl.FollowerInfo (FollowerInfo.java:lambda$new$0(50)) - dbc720ab-70b9-4009-8748-b891edcf2a35->1ec1d2b4-9587-487d-b414-640d8937b625: nextIndex: updateUnconditionally 0 -> 0
2019-06-14 08:36:54,418 WARN  server.GrpcLogAppender (LogUtils.java:warn(134)) - dbc720ab-70b9-4009-8748-b891edcf2a35: Failed appendEntries to e70f6017-e2d9-433f-ac29-d89cc01ed1d7:192.168.11.250:36501: org.apache.ratis.thirdparty.io.grpc.StatusRuntimeException: UNAVAILABLE: io exception
2019-06-14 08:36:54,419 INFO  impl.FollowerInfo (FollowerInfo.java:lambda$new$0(50)) - dbc720ab-70b9-4009-8748-b891edcf2a35->e70f6017-e2d9-433f-ac29-d89cc01ed1d7: nextIndex: updateUnconditionally 0 -> 0
2019-06-14 08:36:54,858 WARN  server.GrpcLogAppender (LogUtils.java:warn(134)) - dbc720ab-70b9-4009-8748-b891edcf2a35: Failed appendEntries to 1ec1d2b4-9587-487d-b414-640d8937b625:192.168.11.250:37719: org.apache.ratis.thirdparty.io.grpc.StatusRuntimeException: UNAVAILABLE: io exception
2019-06-14 08:36:54,858 INFO  impl.FollowerInfo (FollowerInfo.java:lambda$new$0(50)) - dbc720ab-70b9-4009-8748-b891edcf2a35->1ec1d2b4-9587-487d-b414-640d8937b625: nextIndex: updateUnconditionally 0 -> 0
2019-06-14 08:36:54,919 WARN  server.GrpcLogAppender (LogUtils.java:warn(134)) - dbc720ab-70b9-4009-8748-b891edcf2a35: Failed appendEntries to e70f6017-e2d9-433f-ac29-d89cc01ed1d7:192.168.11.250:36501: org.apache.ratis.thirdparty.io.grpc.StatusRuntimeException: UNAVAILABLE: io exception
2019-06-14 08:36:54,919 INFO  impl.FollowerInfo (FollowerInfo.java:lambda$new$0(50)) - dbc720ab-70b9-4009-8748-b891edcf2a35->e70f6017-e2d9-433f-ac29-d89cc01ed1d7: nextIndex: updateUnconditionally 0 -> 0
2019-06-14 08:36:55,358 WARN  server.GrpcLogAppender (LogUtils.java:warn(134)) - dbc720ab-70b9-4009-8748-b891edcf2a35: Failed appendEntries to 1ec1d2b4-9587-487d-b414-640d8937b625:192.168.11.250:37719: org.apache.ratis.thirdparty.io.grpc.StatusRuntimeException: UNAVAILABLE: io exception
2019-06-14 08:36:55,359 INFO  impl.FollowerInfo (FollowerInfo.java:lambda$new$0(50)) - dbc720ab-70b9-4009-8748-b891edcf2a35->1ec1d2b4-9587-487d-b414-640d8937b625: nextIndex: updateUnconditionally 0 -> 0
2019-06-14 08:36:55,419 WARN  server.GrpcLogAppender (LogUtils.java:warn(134)) - dbc720ab-70b9-4009-8748-b891edcf2a35: Failed appendEntries to e70f6017-e2d9-433f-ac29-d89cc01ed1d7:192.168.11.250:36501: org.apache.ratis.thirdparty.io.grpc.StatusRuntimeException: UNAVAILABLE: io exception
2019-06-14 08:36:55,419 INFO  impl.FollowerInfo (FollowerInfo.java:lambda$new$0(50)) - dbc720ab-70b9-4009-8748-b891edcf2a35->e70f6017-e2d9-433f-ac29-d89cc01ed1d7: nextIndex: updateUnconditionally 0 -> 0
2019-06-14 08:36:55,859 WARN  server.GrpcLogAppender (LogUtils.java:warn(134)) - dbc720ab-70b9-4009-8748-b891edcf2a35: Failed appendEntries to 1ec1d2b4-9587-487d-b414-640d8937b625:192.168.11.250:37719: org.apache.ratis.thirdparty.io.grpc.StatusRuntimeException: UNAVAILABLE: io exception
2019-06-14 08:36:55,859 INFO  impl.FollowerInfo (FollowerInfo.java:lambda$new$0(50)) - dbc720ab-70b9-4009-8748-b891edcf2a35->1ec1d2b4-9587-487d-b414-640d8937b625: nextIndex: updateUnconditionally 0 -> 0
2019-06-14 08:36:55,923 WARN  server.GrpcLogAppender (LogUtils.java:warn(134)) - dbc720ab-70b9-4009-8748-b891edcf2a35: Failed appendEntries to e70f6017-e2d9-433f-ac29-d89cc01ed1d7:192.168.11.250:36501: org.apache.ratis.thirdparty.io.grpc.StatusRuntimeException: UNAVAILABLE: io exception
2019-06-14 08:36:55,924 INFO  impl.FollowerInfo (FollowerInfo.java:lambda$new$0(50)) - dbc720ab-70b9-4009-8748-b891edcf2a35->e70f6017-e2d9-433f-ac29-d89cc01ed1d7: nextIndex: updateUnconditionally 0 -> 0
2019-06-14 08:36:56,361 WARN  server.GrpcLogAppender (LogUtils.java:warn(134)) - dbc720ab-70b9-4009-8748-b891edcf2a35: Failed appendEntries to 1ec1d2b4-9587-487d-b414-640d8937b625:192.168.11.250:37719: org.apache.ratis.thirdparty.io.grpc.StatusRuntimeException: UNAVAILABLE: io exception
2019-06-14 08:36:56,362 INFO  impl.FollowerInfo (FollowerInfo.java:lambda$new$0(50)) - dbc720ab-70b9-4009-8748-b891edcf2a35->1ec1d2b4-9587-487d-b414-640d8937b625: nextIndex: updateUnconditionally 0 -> 0
2019-06-14 08:36:56,420 WARN  server.GrpcLogAppender (LogUtils.java:warn(134)) - dbc720ab-70b9-4009-8748-b891edcf2a35: Failed appendEntries to e70f6017-e2d9-433f-ac29-d89cc01ed1d7:192.168.11.250:36501: org.apache.ratis.thirdparty.io.grpc.StatusRuntimeException: UNAVAILABLE: io exception
2019-06-14 08:36:56,421 INFO  impl.FollowerInfo (FollowerInfo.java:lambda$new$0(50)) - dbc720ab-70b9-4009-8748-b891edcf2a35->e70f6017-e2d9-433f-ac29-d89cc01ed1d7: nextIndex: updateUnconditionally 0 -> 0
2019-06-14 08:36:56,860 WARN  server.GrpcLogAppender (LogUtils.java:warn(134)) - dbc720ab-70b9-4009-8748-b891edcf2a35: Failed appendEntries to 1ec1d2b4-9587-487d-b414-640d8937b625:192.168.11.250:37719: org.apache.ratis.thirdparty.io.grpc.StatusRuntimeException: UNAVAILABLE: io exception
2019-06-14 08:36:56,860 INFO  impl.FollowerInfo (FollowerInfo.java:lambda$new$0(50)) - dbc720ab-70b9-4009-8748-b891edcf2a35->1ec1d2b4-9587-487d-b414-640d8937b625: nextIndex: updateUnconditionally 0 -> 0
2019-06-14 08:36:56,921 WARN  server.GrpcLogAppender (LogUtils.java:warn(134)) - dbc720ab-70b9-4009-8748-b891edcf2a35: Failed appendEntries to e70f6017-e2d9-433f-ac29-d89cc01ed1d7:192.168.11.250:36501: org.apache.ratis.thirdparty.io.grpc.StatusRuntimeException: UNAVAILABLE: io exception
2019-06-14 08:36:56,921 INFO  impl.FollowerInfo (FollowerInfo.java:lambda$new$0(50)) - dbc720ab-70b9-4009-8748-b891edcf2a35->e70f6017-e2d9-433f-ac29-d89cc01ed1d7: nextIndex: updateUnconditionally 0 -> 0
2019-06-14 08:36:57,361 WARN  server.GrpcLogAppender (LogUtils.java:warn(134)) - dbc720ab-70b9-4009-8748-b891edcf2a35: Failed appendEntries to 1ec1d2b4-9587-487d-b414-640d8937b625:192.168.11.250:37719: org.apache.ratis.thirdparty.io.grpc.StatusRuntimeException: UNAVAILABLE: io exception
2019-06-14 08:36:57,361 INFO  impl.FollowerInfo (FollowerInfo.java:lambda$new$0(50)) - dbc720ab-70b9-4009-8748-b891edcf2a35->1ec1d2b4-9587-487d-b414-640d8937b625: nextIndex: updateUnconditionally 0 -> 0
2019-06-14 08:36:57,421 WARN  server.GrpcLogAppender (LogUtils.java:warn(134)) - dbc720ab-70b9-4009-8748-b891edcf2a35: Failed appendEntries to e70f6017-e2d9-433f-ac29-d89cc01ed1d7:192.168.11.250:36501: org.apache.ratis.thirdparty.io.grpc.StatusRuntimeException: UNAVAILABLE: io exception
2019-06-14 08:36:57,422 INFO  impl.FollowerInfo (FollowerInfo.java:lambda$new$0(50)) - dbc720ab-70b9-4009-8748-b891edcf2a35->e70f6017-e2d9-433f-ac29-d89cc01ed1d7: nextIndex: updateUnconditionally 0 -> 0
2019-06-14 08:36:57,708 INFO  client.GrpcClientProtocolService (GrpcClientProtocolService.java:lambda$processClientRequest$0(264)) - Failed RaftClientRequest:client-3E877FCCF0F8->dbc720ab-70b9-4009-8748-b891edcf2a35@group-0E47A2B6CD2C, cid=68, seq=0, Watch-MAJORITY_COMMITTED(2), Message:<EMPTY>, reply=RaftClientReply:client-3E877FCCF0F8->dbc720ab-70b9-4009-8748-b891edcf2a35@group-0E47A2B6CD2C, cid=68, FAILED org.apache.ratis.protocol.NotReplicatedException: Request with call Id 68 and log index 2 is not yet replicated to MAJORITY_COMMITTED, logIndex=2, commits[dbc720ab-70b9-4009-8748-b891edcf2a35:c2, e70f6017-e2d9-433f-ac29-d89cc01ed1d7:c1, 1ec1d2b4-9587-487d-b414-640d8937b625:c1]
2019-06-14 08:36:57,861 WARN  server.GrpcLogAppender (LogUtils.java:warn(134)) - dbc720ab-70b9-4009-8748-b891edcf2a35: Failed appendEntries to 1ec1d2b4-9587-487d-b414-640d8937b625:192.168.11.250:37719: org.apache.ratis.thirdparty.io.grpc.StatusRuntimeException: UNAVAILABLE: io exception
2019-06-14 08:36:57,862 INFO  impl.FollowerInfo (FollowerInfo.java:lambda$new$0(50)) - dbc720ab-70b9-4009-8748-b891edcf2a35->1ec1d2b4-9587-487d-b414-640d8937b625: nextIndex: updateUnconditionally 0 -> 0
2019-06-14 08:36:57,922 WARN  server.GrpcLogAppender (LogUtils.java:warn(134)) - dbc720ab-70b9-4009-8748-b891edcf2a35: Failed appendEntries to e70f6017-e2d9-433f-ac29-d89cc01ed1d7:192.168.11.250:36501: org.apache.ratis.thirdparty.io.grpc.StatusRuntimeException: UNAVAILABLE: io exception
2019-06-14 08:36:57,922 INFO  impl.FollowerInfo (FollowerInfo.java:lambda$new$0(50)) - dbc720ab-70b9-4009-8748-b891edcf2a35->e70f6017-e2d9-433f-ac29-d89cc01ed1d7: nextIndex: updateUnconditionally 0 -> 0
]]></system-out>
    <system-err><![CDATA[Jun 14, 2019 8:36:10 AM com.sun.jersey.server.impl.application.WebApplicationImpl _initiate
INFO: Initiating Jersey application, version 'Jersey: 1.19 02/11/2015 03:25 AM'
Jun 14, 2019 8:36:10 AM com.sun.jersey.server.impl.application.WebApplicationImpl _initiate
INFO: Initiating Jersey application, version 'Jersey: 1.19 02/11/2015 03:25 AM'
Jun 14, 2019 8:36:10 AM com.sun.jersey.server.impl.application.WebApplicationImpl _initiate
INFO: Initiating Jersey application, version 'Jersey: 1.19 02/11/2015 03:25 AM'
Jun 14, 2019 8:36:11 AM com.sun.jersey.server.impl.application.WebApplicationImpl _initiate
INFO: Initiating Jersey application, version 'Jersey: 1.19 02/11/2015 03:25 AM'
Jun 14, 2019 8:36:11 AM com.sun.jersey.server.impl.application.WebApplicationImpl _initiate
INFO: Initiating Jersey application, version 'Jersey: 1.19 02/11/2015 03:25 AM'
Jun 14, 2019 8:36:11 AM com.sun.jersey.server.impl.application.WebApplicationImpl _initiate
INFO: Initiating Jersey application, version 'Jersey: 1.19 02/11/2015 03:25 AM'
Jun 14, 2019 8:36:11 AM com.sun.jersey.server.impl.application.WebApplicationImpl _initiate
INFO: Initiating Jersey application, version 'Jersey: 1.19 02/11/2015 03:25 AM'
]]></system-err>
  </testcase>
  <testcase name="testWatchForCommitForGroupMismatchException" classname="org.apache.hadoop.ozone.client.rpc.TestWatchForCommit" time="9.042"/>
  <testcase name="test2WayCommitForTimeoutException" classname="org.apache.hadoop.ozone.client.rpc.TestWatchForCommit" time="19.122"/>
  <testcase name="test2WayCommitForRetryfailure" classname="org.apache.hadoop.ozone.client.rpc.TestWatchForCommit" time="32.192"/>
</testsuite>