<?xml version="1.0" encoding="UTF-8"?>
<testsuite xmlns:xsi="http://www.w3.org/2001/XMLSchema-instance" xsi:noNamespaceSchemaLocation="https://maven.apache.org/surefire/maven-surefire-plugin/xsd/surefire-test-report.xsd" name="org.apache.hadoop.hdds.scm.pipeline.TestNodeFailure" time="10.564" tests="1" errors="0" skipped="1" failures="0">
  <properties>
    <property name="awt.toolkit" value="sun.awt.X11.XToolkit"/>
    <property name="file.encoding.pkg" value="sun.io"/>
    <property name="java.specification.version" value="1.8"/>
    <property name="sun.cpu.isalist" value=""/>
    <property name="sun.jnu.encoding" value="UTF-8"/>
    <property name="java.class.path" value="/opt/src/hadoop-ozone/integration-test/target/test-classes:/opt/src/hadoop-ozone/integration-test/target/classes:/root/.m2/repository/org/apache/hadoop/hadoop-ozone-common/0.5.0-SNAPSHOT/hadoop-ozone-common-0.5.0-SNAPSHOT.jar:/root/.m2/repository/org/apache/commons/commons-compress/1.4.1/commons-compress-1.4.1.jar:/root/.m2/repository/org/tukaani/xz/1.0/xz-1.0.jar:/root/.m2/repository/org/apache/hadoop/hadoop-common/3.2.0/hadoop-common-3.2.0.jar:/root/.m2/repository/org/apache/hadoop/hadoop-hdfs/3.2.0/hadoop-hdfs-3.2.0.jar:/root/.m2/repository/org/apache/hadoop/hadoop-hdfs-client/3.2.0/hadoop-hdfs-client-3.2.0.jar:/root/.m2/repository/com/fasterxml/jackson/core/jackson-annotations/2.9.5/jackson-annotations-2.9.5.jar:/root/.m2/repository/org/apache/hadoop/hadoop-hdds-common/0.5.0-SNAPSHOT/hadoop-hdds-common-0.5.0-SNAPSHOT.jar:/root/.m2/repository/javax/annotation/javax.annotation-api/1.2/javax.annotation-api-1.2.jar:/root/.m2/repository/org/apache/ratis/ratis-server/0.4.0-fe2b15d-SNAPSHOT/ratis-server-0.4.0-fe2b15d-SNAPSHOT.jar:/root/.m2/repository/org/apache/ratis/ratis-thirdparty-misc/0.2.0/ratis-thirdparty-misc-0.2.0.jar:/root/.m2/repository/org/apache/ratis/ratis-proto/0.4.0-fe2b15d-SNAPSHOT/ratis-proto-0.4.0-fe2b15d-SNAPSHOT.jar:/root/.m2/repository/org/apache/ratis/ratis-common/0.4.0-fe2b15d-SNAPSHOT/ratis-common-0.4.0-fe2b15d-SNAPSHOT.jar:/root/.m2/repository/org/apache/ratis/ratis-client/0.4.0-fe2b15d-SNAPSHOT/ratis-client-0.4.0-fe2b15d-SNAPSHOT.jar:/root/.m2/repository/org/apache/ratis/ratis-netty/0.4.0-fe2b15d-SNAPSHOT/ratis-netty-0.4.0-fe2b15d-SNAPSHOT.jar:/root/.m2/repository/org/apache/ratis/ratis-grpc/0.4.0-fe2b15d-SNAPSHOT/ratis-grpc-0.4.0-fe2b15d-SNAPSHOT.jar:/root/.m2/repository/org/rocksdb/rocksdbjni/5.14.2/rocksdbjni-5.14.2.jar:/root/.m2/repository/org/apache/logging/log4j/log4j-api/2.11.0/log4j-api-2.11.0.jar:/root/.m2/repository/org/apache/logging/log4j/log4j-core/2.11.0/log4j-core-2.11.0.jar:/root/.m2/repository/com/lmax/disruptor/3.4.2/disruptor-3.4.2.jar:/root/.m2/repository/org/apache/commons/commons-pool2/2.6.0/commons-pool2-2.6.0.jar:/root/.m2/repository/org/bouncycastle/bcpkix-jdk15on/1.60/bcpkix-jdk15on-1.60.jar:/root/.m2/repository/commons-validator/commons-validator/1.6/commons-validator-1.6.jar:/root/.m2/repository/commons-digester/commons-digester/1.8.1/commons-digester-1.8.1.jar:/root/.m2/repository/io/jaegertracing/jaeger-client/0.33.1/jaeger-client-0.33.1.jar:/root/.m2/repository/io/jaegertracing/jaeger-thrift/0.33.1/jaeger-thrift-0.33.1.jar:/root/.m2/repository/org/apache/thrift/libthrift/0.11.0/libthrift-0.11.0.jar:/root/.m2/repository/com/squareup/okhttp3/okhttp/3.9.0/okhttp-3.9.0.jar:/root/.m2/repository/com/squareup/okio/okio/1.13.0/okio-1.13.0.jar:/root/.m2/repository/io/jaegertracing/jaeger-core/0.33.1/jaeger-core-0.33.1.jar:/root/.m2/repository/io/jaegertracing/jaeger-tracerresolver/0.33.1/jaeger-tracerresolver-0.33.1.jar:/root/.m2/repository/io/opentracing/contrib/opentracing-tracerresolver/0.1.5/opentracing-tracerresolver-0.1.5.jar:/root/.m2/repository/io/opentracing/opentracing-util/0.31.0/opentracing-util-0.31.0.jar:/root/.m2/repository/io/opentracing/opentracing-api/0.31.0/opentracing-api-0.31.0.jar:/root/.m2/repository/io/opentracing/opentracing-noop/0.31.0/opentracing-noop-0.31.0.jar:/root/.m2/repository/org/apache/hadoop/hadoop-hdds-server-framework/0.5.0-SNAPSHOT/hadoop-hdds-server-framework-0.5.0-SNAPSHOT.jar:/root/.m2/repository/org/apache/hadoop/hadoop-hdds-server-scm/0.5.0-SNAPSHOT/hadoop-hdds-server-scm-0.5.0-SNAPSHOT.jar:/root/.m2/repository/org/apache/hadoop/hadoop-hdds-container-service/0.5.0-SNAPSHOT/hadoop-hdds-container-service-0.5.0-SNAPSHOT.jar:/root/.m2/repository/org/apache/hadoop/hadoop-hdds-client/0.5.0-SNAPSHOT/hadoop-hdds-client-0.5.0-SNAPSHOT.jar:/root/.m2/repository/org/apache/hadoop/hadoop-hdds-tools/0.5.0-SNAPSHOT/hadoop-hdds-tools-0.5.0-SNAPSHOT.jar:/root/.m2/repository/org/apache/hadoop/hadoop-ozone-ozone-manager/0.5.0-SNAPSHOT/hadoop-ozone-ozone-manager-0.5.0-SNAPSHOT.jar:/root/.m2/repository/org/apache/hadoop/hadoop-hdds-docs/0.5.0-SNAPSHOT/hadoop-hdds-docs-0.5.0-SNAPSHOT.jar:/root/.m2/repository/org/bouncycastle/bcprov-jdk15on/1.60/bcprov-jdk15on-1.60.jar:/root/.m2/repository/org/apache/hadoop/hadoop-minikdc/3.2.0/hadoop-minikdc-3.2.0.jar:/root/.m2/repository/commons-io/commons-io/2.5/commons-io-2.5.jar:/root/.m2/repository/org/apache/kerby/kerb-simplekdc/1.0.1/kerb-simplekdc-1.0.1.jar:/root/.m2/repository/org/apache/kerby/kerb-client/1.0.1/kerb-client-1.0.1.jar:/root/.m2/repository/org/apache/kerby/kerby-config/1.0.1/kerby-config-1.0.1.jar:/root/.m2/repository/org/apache/kerby/kerb-core/1.0.1/kerb-core-1.0.1.jar:/root/.m2/repository/org/apache/kerby/kerby-pkix/1.0.1/kerby-pkix-1.0.1.jar:/root/.m2/repository/org/apache/kerby/kerby-asn1/1.0.1/kerby-asn1-1.0.1.jar:/root/.m2/repository/org/apache/kerby/kerby-util/1.0.1/kerby-util-1.0.1.jar:/root/.m2/repository/org/apache/kerby/kerb-common/1.0.1/kerb-common-1.0.1.jar:/root/.m2/repository/org/apache/kerby/kerb-crypto/1.0.1/kerb-crypto-1.0.1.jar:/root/.m2/repository/org/apache/kerby/kerb-util/1.0.1/kerb-util-1.0.1.jar:/root/.m2/repository/org/apache/kerby/token-provider/1.0.1/token-provider-1.0.1.jar:/root/.m2/repository/org/apache/kerby/kerb-admin/1.0.1/kerb-admin-1.0.1.jar:/root/.m2/repository/org/apache/kerby/kerb-server/1.0.1/kerb-server-1.0.1.jar:/root/.m2/repository/org/apache/kerby/kerb-identity/1.0.1/kerb-identity-1.0.1.jar:/root/.m2/repository/org/apache/kerby/kerby-xdr/1.0.1/kerby-xdr-1.0.1.jar:/root/.m2/repository/org/slf4j/slf4j-log4j12/1.7.25/slf4j-log4j12-1.7.25.jar:/root/.m2/repository/org/apache/hadoop/hadoop-ozone-objectstore-service/0.5.0-SNAPSHOT/hadoop-ozone-objectstore-service-0.5.0-SNAPSHOT.jar:/root/.m2/repository/org/apache/hadoop/hadoop-ozone-s3gateway/0.5.0-SNAPSHOT/hadoop-ozone-s3gateway-0.5.0-SNAPSHOT.jar:/root/.m2/repository/org/jboss/weld/servlet/weld-servlet/2.4.7.Final/weld-servlet-2.4.7.Final.jar:/root/.m2/repository/org/glassfish/jersey/containers/jersey-container-servlet-core/2.27/jersey-container-servlet-core-2.27.jar:/root/.m2/repository/org/glassfish/hk2/external/javax.inject/2.5.0-b42/javax.inject-2.5.0-b42.jar:/root/.m2/repository/org/glassfish/jersey/core/jersey-common/2.27/jersey-common-2.27.jar:/root/.m2/repository/org/glassfish/hk2/osgi-resource-locator/1.0.1/osgi-resource-locator-1.0.1.jar:/root/.m2/repository/javax/ws/rs/javax.ws.rs-api/2.1/javax.ws.rs-api-2.1.jar:/root/.m2/repository/org/glassfish/jersey/ext/cdi/jersey-cdi1x/2.27/jersey-cdi1x-2.27.jar:/root/.m2/repository/org/glassfish/jersey/inject/jersey-hk2/2.27/jersey-hk2-2.27.jar:/root/.m2/repository/org/glassfish/hk2/hk2-locator/2.5.0-b42/hk2-locator-2.5.0-b42.jar:/root/.m2/repository/org/javassist/javassist/3.22.0-CR2/javassist-3.22.0-CR2.jar:/root/.m2/repository/org/glassfish/hk2/hk2-api/2.5.0/hk2-api-2.5.0.jar:/root/.m2/repository/org/glassfish/hk2/external/jakarta.inject/2.5.0/jakarta.inject-2.5.0.jar:/root/.m2/repository/org/glassfish/hk2/hk2-utils/2.5.0/hk2-utils-2.5.0.jar:/root/.m2/repository/jakarta/annotation/jakarta.annotation-api/1.3.4/jakarta.annotation-api-1.3.4.jar:/root/.m2/repository/org/glassfish/hk2/external/aopalliance-repackaged/2.5.0/aopalliance-repackaged-2.5.0.jar:/root/.m2/repository/com/fasterxml/jackson/dataformat/jackson-dataformat-xml/2.9.0/jackson-dataformat-xml-2.9.0.jar:/root/.m2/repository/com/fasterxml/jackson/core/jackson-core/2.9.5/jackson-core-2.9.5.jar:/root/.m2/repository/com/fasterxml/jackson/module/jackson-module-jaxb-annotations/2.9.5/jackson-module-jaxb-annotations-2.9.5.jar:/root/.m2/repository/javax/enterprise/cdi-api/1.2/cdi-api-1.2.jar:/root/.m2/repository/javax/el/javax.el-api/3.0.0/javax.el-api-3.0.0.jar:/root/.m2/repository/javax/interceptor/javax.interceptor-api/1.2/javax.interceptor-api-1.2.jar:/root/.m2/repository/javax/inject/javax.inject/1/javax.inject-1.jar:/root/.m2/repository/com/sun/xml/bind/jaxb-impl/2.3.0.1/jaxb-impl-2.3.0.1.jar:/root/.m2/repository/com/sun/xml/bind/jaxb-core/2.3.0.1/jaxb-core-2.3.0.1.jar:/root/.m2/repository/javax/xml/bind/jaxb-api/2.3.0/jaxb-api-2.3.0.jar:/root/.m2/repository/javax/activation/activation/1.1.1/activation-1.1.1.jar:/root/.m2/repository/org/apache/hadoop/hadoop-ozone-csi/0.5.0-SNAPSHOT/hadoop-ozone-csi-0.5.0-SNAPSHOT.jar:/root/.m2/repository/com/google/protobuf/protobuf-java-util/3.5.1/protobuf-java-util-3.5.1.jar:/root/.m2/repository/org/apache/hadoop/hadoop-hdds-config/0.5.0-SNAPSHOT/hadoop-hdds-config-0.5.0-SNAPSHOT.jar:/root/.m2/repository/com/google/guava/guava/11.0.2/guava-11.0.2.jar:/root/.m2/repository/com/google/protobuf/protobuf-java/2.5.0/protobuf-java-2.5.0.jar:/root/.m2/repository/io/grpc/grpc-netty/1.17.1/grpc-netty-1.17.1.jar:/root/.m2/repository/io/grpc/grpc-core/1.17.1/grpc-core-1.17.1.jar:/root/.m2/repository/io/grpc/grpc-context/1.17.1/grpc-context-1.17.1.jar:/root/.m2/repository/com/google/errorprone/error_prone_annotations/2.2.0/error_prone_annotations-2.2.0.jar:/root/.m2/repository/org/codehaus/mojo/animal-sniffer-annotations/1.17/animal-sniffer-annotations-1.17.jar:/root/.m2/repository/io/opencensus/opencensus-api/0.17.0/opencensus-api-0.17.0.jar:/root/.m2/repository/io/opencensus/opencensus-contrib-grpc-metrics/0.17.0/opencensus-contrib-grpc-metrics-0.17.0.jar:/root/.m2/repository/io/netty/netty-codec-http2/4.1.30.Final/netty-codec-http2-4.1.30.Final.jar:/root/.m2/repository/io/netty/netty-codec-http/4.1.30.Final/netty-codec-http-4.1.30.Final.jar:/root/.m2/repository/io/netty/netty-codec/4.1.30.Final/netty-codec-4.1.30.Final.jar:/root/.m2/repository/io/netty/netty-handler/4.1.30.Final/netty-handler-4.1.30.Final.jar:/root/.m2/repository/io/netty/netty-handler-proxy/4.1.30.Final/netty-handler-proxy-4.1.30.Final.jar:/root/.m2/repository/io/netty/netty-codec-socks/4.1.30.Final/netty-codec-socks-4.1.30.Final.jar:/root/.m2/repository/io/netty/netty-transport-native-epoll/4.1.30.Final/netty-transport-native-epoll-4.1.30.Final.jar:/root/.m2/repository/io/netty/netty-common/4.1.30.Final/netty-common-4.1.30.Final.jar:/root/.m2/repository/io/netty/netty-buffer/4.1.30.Final/netty-buffer-4.1.30.Final.jar:/root/.m2/repository/io/netty/netty-transport/4.1.30.Final/netty-transport-4.1.30.Final.jar:/root/.m2/repository/io/netty/netty-resolver/4.1.30.Final/netty-resolver-4.1.30.Final.jar:/root/.m2/repository/io/netty/netty-transport-native-unix-common/4.1.30.Final/netty-transport-native-unix-common-4.1.30.Final.jar:/root/.m2/repository/io/grpc/grpc-protobuf/1.17.1/grpc-protobuf-1.17.1.jar:/root/.m2/repository/com/google/api/grpc/proto-google-common-protos/1.0.0/proto-google-common-protos-1.0.0.jar:/root/.m2/repository/io/grpc/grpc-protobuf-lite/1.17.1/grpc-protobuf-lite-1.17.1.jar:/root/.m2/repository/io/grpc/grpc-stub/1.17.1/grpc-stub-1.17.1.jar:/root/.m2/repository/org/apache/hadoop/hadoop-ozone-recon/0.5.0-SNAPSHOT/hadoop-ozone-recon-0.5.0-SNAPSHOT.jar:/root/.m2/repository/org/apache/hadoop/hadoop-ozone-reconcodegen/0.5.0-SNAPSHOT/hadoop-ozone-reconcodegen-0.5.0-SNAPSHOT.jar:/root/.m2/repository/com/google/inject/extensions/guice-multibindings/4.0/guice-multibindings-4.0.jar:/root/.m2/repository/com/google/inject/guice/4.0/guice-4.0.jar:/root/.m2/repository/aopalliance/aopalliance/1.0/aopalliance-1.0.jar:/root/.m2/repository/com/google/inject/extensions/guice-servlet/4.0/guice-servlet-4.0.jar:/root/.m2/repository/org/glassfish/jersey/containers/jersey-container-servlet/2.27/jersey-container-servlet-2.27.jar:/root/.m2/repository/org/glassfish/hk2/guice-bridge/2.5.0/guice-bridge-2.5.0.jar:/root/.m2/repository/org/glassfish/jersey/core/jersey-server/2.27/jersey-server-2.27.jar:/root/.m2/repository/org/glassfish/jersey/core/jersey-client/2.27/jersey-client-2.27.jar:/root/.m2/repository/org/glassfish/jersey/media/jersey-media-jaxb/2.27/jersey-media-jaxb-2.27.jar:/root/.m2/repository/javax/validation/validation-api/1.1.0.Final/validation-api-1.1.0.Final.jar:/root/.m2/repository/org/glassfish/jersey/media/jersey-media-json-jackson/2.27/jersey-media-json-jackson-2.27.jar:/root/.m2/repository/org/glassfish/jersey/ext/jersey-entity-filtering/2.27/jersey-entity-filtering-2.27.jar:/root/.m2/repository/com/google/inject/extensions/guice-assistedinject/4.0/guice-assistedinject-4.0.jar:/root/.m2/repository/org/jooq/jooq/3.11.10/jooq-3.11.10.jar:/root/.m2/repository/org/jooq/jooq-meta/3.11.10/jooq-meta-3.11.10.jar:/root/.m2/repository/org/jooq/jooq-codegen/3.11.10/jooq-codegen-3.11.10.jar:/root/.m2/repository/com/jolbox/bonecp/0.8.0.RELEASE/bonecp-0.8.0.RELEASE.jar:/root/.m2/repository/org/xerial/sqlite-jdbc/3.25.2/sqlite-jdbc-3.25.2.jar:/root/.m2/repository/org/springframework/spring-jdbc/5.1.3.RELEASE/spring-jdbc-5.1.3.RELEASE.jar:/root/.m2/repository/org/springframework/spring-beans/5.1.3.RELEASE/spring-beans-5.1.3.RELEASE.jar:/root/.m2/repository/org/springframework/spring-core/5.1.3.RELEASE/spring-core-5.1.3.RELEASE.jar:/root/.m2/repository/org/springframework/spring-jcl/5.1.3.RELEASE/spring-jcl-5.1.3.RELEASE.jar:/root/.m2/repository/org/springframework/spring-tx/5.1.3.RELEASE/spring-tx-5.1.3.RELEASE.jar:/root/.m2/repository/org/apache/hadoop/hadoop-ozone-client/0.5.0-SNAPSHOT/hadoop-ozone-client-0.5.0-SNAPSHOT.jar:/root/.m2/repository/org/apache/hadoop/hadoop-ozone-ozone-manager/0.5.0-SNAPSHOT/hadoop-ozone-ozone-manager-0.5.0-SNAPSHOT-tests.jar:/root/.m2/repository/junit/junit/4.11/junit-4.11.jar:/root/.m2/repository/org/hamcrest/hamcrest-core/1.3/hamcrest-core-1.3.jar:/root/.m2/repository/org/openjdk/jmh/jmh-core/1.19/jmh-core-1.19.jar:/root/.m2/repository/net/sf/jopt-simple/jopt-simple/4.6/jopt-simple-4.6.jar:/root/.m2/repository/org/apache/commons/commons-math3/3.1.1/commons-math3-3.1.1.jar:/root/.m2/repository/org/openjdk/jmh/jmh-generator-annprocess/1.19/jmh-generator-annprocess-1.19.jar:/root/.m2/repository/org/mockito/mockito-all/1.8.5/mockito-all-1.8.5.jar:/root/.m2/repository/org/apache/hadoop/hadoop-kms/3.2.0/hadoop-kms-3.2.0.jar:/root/.m2/repository/org/apache/hadoop/hadoop-auth/3.2.0/hadoop-auth-3.2.0.jar:/root/.m2/repository/com/nimbusds/nimbus-jose-jwt/4.41.1/nimbus-jose-jwt-4.41.1.jar:/root/.m2/repository/com/github/stephenc/jcip/jcip-annotations/1.0-1/jcip-annotations-1.0-1.jar:/root/.m2/repository/net/minidev/json-smart/2.3/json-smart-2.3.jar:/root/.m2/repository/net/minidev/accessors-smart/1.2/accessors-smart-1.2.jar:/root/.m2/repository/org/ow2/asm/asm/5.0.4/asm-5.0.4.jar:/root/.m2/repository/org/apache/curator/curator-framework/2.12.0/curator-framework-2.12.0.jar:/root/.m2/repository/com/sun/jersey/jersey-core/1.19/jersey-core-1.19.jar:/root/.m2/repository/javax/ws/rs/jsr311-api/1.1.1/jsr311-api-1.1.1.jar:/root/.m2/repository/com/sun/jersey/jersey-server/1.19/jersey-server-1.19.jar:/root/.m2/repository/javax/servlet/javax.servlet-api/3.1.0/javax.servlet-api-3.1.0.jar:/root/.m2/repository/org/eclipse/jetty/jetty-server/9.3.24.v20180605/jetty-server-9.3.24.v20180605.jar:/root/.m2/repository/org/eclipse/jetty/jetty-http/9.3.24.v20180605/jetty-http-9.3.24.v20180605.jar:/root/.m2/repository/org/eclipse/jetty/jetty-io/9.3.24.v20180605/jetty-io-9.3.24.v20180605.jar:/root/.m2/repository/org/eclipse/jetty/jetty-webapp/9.3.24.v20180605/jetty-webapp-9.3.24.v20180605.jar:/root/.m2/repository/org/eclipse/jetty/jetty-xml/9.3.24.v20180605/jetty-xml-9.3.24.v20180605.jar:/root/.m2/repository/log4j/log4j/1.2.17/log4j-1.2.17.jar:/root/.m2/repository/org/slf4j/slf4j-api/1.7.25/slf4j-api-1.7.25.jar:/root/.m2/repository/org/slf4j/jul-to-slf4j/1.7.25/jul-to-slf4j-1.7.25.jar:/root/.m2/repository/org/eclipse/jetty/jetty-util/9.3.24.v20180605/jetty-util-9.3.24.v20180605.jar:/root/.m2/repository/io/dropwizard/metrics/metrics-core/3.2.4/metrics-core-3.2.4.jar:/root/.m2/repository/com/fasterxml/jackson/core/jackson-databind/2.9.5/jackson-databind-2.9.5.jar:/root/.m2/repository/org/apache/hadoop/hadoop-kms/3.2.0/hadoop-kms-3.2.0-tests.jar:/root/.m2/repository/org/apache/hadoop/hadoop-hdds-server-scm/0.5.0-SNAPSHOT/hadoop-hdds-server-scm-0.5.0-SNAPSHOT-tests.jar:/root/.m2/repository/org/hamcrest/hamcrest-all/1.3/hamcrest-all-1.3.jar:/root/.m2/repository/info/picocli/picocli/3.9.6/picocli-3.9.6.jar:/root/.m2/repository/org/apache/hadoop/hadoop-hdds-container-service/0.5.0-SNAPSHOT/hadoop-hdds-container-service-0.5.0-SNAPSHOT-tests.jar:/root/.m2/repository/org/yaml/snakeyaml/1.16/snakeyaml-1.16.jar:/root/.m2/repository/org/apache/hadoop/hadoop-common/3.2.0/hadoop-common-3.2.0-tests.jar:/root/.m2/repository/org/apache/hadoop/hadoop-annotations/3.2.0/hadoop-annotations-3.2.0.jar:/usr/lib/jvm/java-1.8-openjdk/jre/../lib/tools.jar:/root/.m2/repository/commons-cli/commons-cli/1.2/commons-cli-1.2.jar:/root/.m2/repository/org/apache/httpcomponents/httpclient/4.5.2/httpclient-4.5.2.jar:/root/.m2/repository/org/apache/httpcomponents/httpcore/4.4.4/httpcore-4.4.4.jar:/root/.m2/repository/commons-codec/commons-codec/1.11/commons-codec-1.11.jar:/root/.m2/repository/commons-net/commons-net/3.6/commons-net-3.6.jar:/root/.m2/repository/commons-collections/commons-collections/3.2.2/commons-collections-3.2.2.jar:/root/.m2/repository/org/eclipse/jetty/jetty-servlet/9.3.24.v20180605/jetty-servlet-9.3.24.v20180605.jar:/root/.m2/repository/org/eclipse/jetty/jetty-security/9.3.24.v20180605/jetty-security-9.3.24.v20180605.jar:/root/.m2/repository/javax/servlet/jsp/jsp-api/2.1/jsp-api-2.1.jar:/root/.m2/repository/com/sun/jersey/jersey-servlet/1.19/jersey-servlet-1.19.jar:/root/.m2/repository/com/sun/jersey/jersey-json/1.19/jersey-json-1.19.jar:/root/.m2/repository/org/codehaus/jettison/jettison/1.1/jettison-1.1.jar:/root/.m2/repository/org/codehaus/jackson/jackson-core-asl/1.9.13/jackson-core-asl-1.9.13.jar:/root/.m2/repository/org/codehaus/jackson/jackson-mapper-asl/1.9.13/jackson-mapper-asl-1.9.13.jar:/root/.m2/repository/org/codehaus/jackson/jackson-jaxrs/1.9.13/jackson-jaxrs-1.9.13.jar:/root/.m2/repository/org/codehaus/jackson/jackson-xc/1.9.13/jackson-xc-1.9.13.jar:/root/.m2/repository/commons-logging/commons-logging/1.1.3/commons-logging-1.1.3.jar:/root/.m2/repository/commons-beanutils/commons-beanutils/1.9.3/commons-beanutils-1.9.3.jar:/root/.m2/repository/org/apache/commons/commons-configuration2/2.1.1/commons-configuration2-2.1.1.jar:/root/.m2/repository/org/apache/commons/commons-lang3/3.7/commons-lang3-3.7.jar:/root/.m2/repository/org/apache/commons/commons-text/1.4/commons-text-1.4.jar:/root/.m2/repository/org/apache/avro/avro/1.7.7/avro-1.7.7.jar:/root/.m2/repository/com/thoughtworks/paranamer/paranamer/2.3/paranamer-2.3.jar:/root/.m2/repository/org/xerial/snappy/snappy-java/1.0.5/snappy-java-1.0.5.jar:/root/.m2/repository/com/google/re2j/re2j/1.1/re2j-1.1.jar:/root/.m2/repository/com/google/code/gson/gson/2.2.4/gson-2.2.4.jar:/root/.m2/repository/com/jcraft/jsch/0.1.54/jsch-0.1.54.jar:/root/.m2/repository/org/apache/curator/curator-client/2.12.0/curator-client-2.12.0.jar:/root/.m2/repository/org/apache/curator/curator-recipes/2.12.0/curator-recipes-2.12.0.jar:/root/.m2/repository/com/google/code/findbugs/jsr305/3.0.0/jsr305-3.0.0.jar:/root/.m2/repository/org/apache/htrace/htrace-core4/4.1.0-incubating/htrace-core4-4.1.0-incubating.jar:/root/.m2/repository/org/apache/zookeeper/zookeeper/3.4.13/zookeeper-3.4.13.jar:/root/.m2/repository/org/apache/yetus/audience-annotations/0.5.0/audience-annotations-0.5.0.jar:/root/.m2/repository/org/codehaus/woodstox/stax2-api/3.1.4/stax2-api-3.1.4.jar:/root/.m2/repository/com/fasterxml/woodstox/woodstox-core/5.0.3/woodstox-core-5.0.3.jar:/root/.m2/repository/dnsjava/dnsjava/2.1.7/dnsjava-2.1.7.jar:/root/.m2/repository/org/apache/hadoop/hadoop-hdfs/3.2.0/hadoop-hdfs-3.2.0-tests.jar:/root/.m2/repository/org/eclipse/jetty/jetty-util-ajax/9.3.24.v20180605/jetty-util-ajax-9.3.24.v20180605.jar:/root/.m2/repository/commons-daemon/commons-daemon/1.0.13/commons-daemon-1.0.13.jar:/root/.m2/repository/io/netty/netty/3.10.5.Final/netty-3.10.5.Final.jar:/root/.m2/repository/io/netty/netty-all/4.0.52.Final/netty-all-4.0.52.Final.jar:/root/.m2/repository/org/fusesource/leveldbjni/leveldbjni-all/1.8/leveldbjni-all-1.8.jar:"/>
    <property name="java.vm.vendor" value="IcedTea"/>
    <property name="sun.arch.data.model" value="64"/>
    <property name="test.build.dir" value="/opt/src/hadoop-ozone/integration-test/target/test-dir"/>
    <property name="test.cache.data" value=""/>
    <property name="java.vendor.url" value="https://icedtea.classpath.org"/>
    <property name="user.timezone" value=""/>
    <property name="java.vm.specification.version" value="1.8"/>
    <property name="os.name" value="Linux"/>
    <property name="test.build.data" value="/opt/src/hadoop-ozone/integration-test/target/test-dir"/>
    <property name="user.country" value="US"/>
    <property name="sun.java.launcher" value="SUN_STANDARD"/>
    <property name="sun.boot.library.path" value="/usr/lib/jvm/java-1.8-openjdk/jre/lib/amd64"/>
    <property name="sun.java.command" value="/opt/src/hadoop-ozone/integration-test/target/surefire/surefirebooter4170197238550226643.jar /opt/src/hadoop-ozone/integration-test/target/surefire 2019-06-14T11-31-18_575-jvmRun1 surefire5068435405760107254tmp surefire_81861853968495141847tmp"/>
    <property name="surefire.test.class.path" value="/opt/src/hadoop-ozone/integration-test/target/test-classes:/opt/src/hadoop-ozone/integration-test/target/classes:/root/.m2/repository/org/apache/hadoop/hadoop-ozone-common/0.5.0-SNAPSHOT/hadoop-ozone-common-0.5.0-SNAPSHOT.jar:/root/.m2/repository/org/apache/commons/commons-compress/1.4.1/commons-compress-1.4.1.jar:/root/.m2/repository/org/tukaani/xz/1.0/xz-1.0.jar:/root/.m2/repository/org/apache/hadoop/hadoop-common/3.2.0/hadoop-common-3.2.0.jar:/root/.m2/repository/org/apache/hadoop/hadoop-hdfs/3.2.0/hadoop-hdfs-3.2.0.jar:/root/.m2/repository/org/apache/hadoop/hadoop-hdfs-client/3.2.0/hadoop-hdfs-client-3.2.0.jar:/root/.m2/repository/com/fasterxml/jackson/core/jackson-annotations/2.9.5/jackson-annotations-2.9.5.jar:/root/.m2/repository/org/apache/hadoop/hadoop-hdds-common/0.5.0-SNAPSHOT/hadoop-hdds-common-0.5.0-SNAPSHOT.jar:/root/.m2/repository/javax/annotation/javax.annotation-api/1.2/javax.annotation-api-1.2.jar:/root/.m2/repository/org/apache/ratis/ratis-server/0.4.0-fe2b15d-SNAPSHOT/ratis-server-0.4.0-fe2b15d-SNAPSHOT.jar:/root/.m2/repository/org/apache/ratis/ratis-thirdparty-misc/0.2.0/ratis-thirdparty-misc-0.2.0.jar:/root/.m2/repository/org/apache/ratis/ratis-proto/0.4.0-fe2b15d-SNAPSHOT/ratis-proto-0.4.0-fe2b15d-SNAPSHOT.jar:/root/.m2/repository/org/apache/ratis/ratis-common/0.4.0-fe2b15d-SNAPSHOT/ratis-common-0.4.0-fe2b15d-SNAPSHOT.jar:/root/.m2/repository/org/apache/ratis/ratis-client/0.4.0-fe2b15d-SNAPSHOT/ratis-client-0.4.0-fe2b15d-SNAPSHOT.jar:/root/.m2/repository/org/apache/ratis/ratis-netty/0.4.0-fe2b15d-SNAPSHOT/ratis-netty-0.4.0-fe2b15d-SNAPSHOT.jar:/root/.m2/repository/org/apache/ratis/ratis-grpc/0.4.0-fe2b15d-SNAPSHOT/ratis-grpc-0.4.0-fe2b15d-SNAPSHOT.jar:/root/.m2/repository/org/rocksdb/rocksdbjni/5.14.2/rocksdbjni-5.14.2.jar:/root/.m2/repository/org/apache/logging/log4j/log4j-api/2.11.0/log4j-api-2.11.0.jar:/root/.m2/repository/org/apache/logging/log4j/log4j-core/2.11.0/log4j-core-2.11.0.jar:/root/.m2/repository/com/lmax/disruptor/3.4.2/disruptor-3.4.2.jar:/root/.m2/repository/org/apache/commons/commons-pool2/2.6.0/commons-pool2-2.6.0.jar:/root/.m2/repository/org/bouncycastle/bcpkix-jdk15on/1.60/bcpkix-jdk15on-1.60.jar:/root/.m2/repository/commons-validator/commons-validator/1.6/commons-validator-1.6.jar:/root/.m2/repository/commons-digester/commons-digester/1.8.1/commons-digester-1.8.1.jar:/root/.m2/repository/io/jaegertracing/jaeger-client/0.33.1/jaeger-client-0.33.1.jar:/root/.m2/repository/io/jaegertracing/jaeger-thrift/0.33.1/jaeger-thrift-0.33.1.jar:/root/.m2/repository/org/apache/thrift/libthrift/0.11.0/libthrift-0.11.0.jar:/root/.m2/repository/com/squareup/okhttp3/okhttp/3.9.0/okhttp-3.9.0.jar:/root/.m2/repository/com/squareup/okio/okio/1.13.0/okio-1.13.0.jar:/root/.m2/repository/io/jaegertracing/jaeger-core/0.33.1/jaeger-core-0.33.1.jar:/root/.m2/repository/io/jaegertracing/jaeger-tracerresolver/0.33.1/jaeger-tracerresolver-0.33.1.jar:/root/.m2/repository/io/opentracing/contrib/opentracing-tracerresolver/0.1.5/opentracing-tracerresolver-0.1.5.jar:/root/.m2/repository/io/opentracing/opentracing-util/0.31.0/opentracing-util-0.31.0.jar:/root/.m2/repository/io/opentracing/opentracing-api/0.31.0/opentracing-api-0.31.0.jar:/root/.m2/repository/io/opentracing/opentracing-noop/0.31.0/opentracing-noop-0.31.0.jar:/root/.m2/repository/org/apache/hadoop/hadoop-hdds-server-framework/0.5.0-SNAPSHOT/hadoop-hdds-server-framework-0.5.0-SNAPSHOT.jar:/root/.m2/repository/org/apache/hadoop/hadoop-hdds-server-scm/0.5.0-SNAPSHOT/hadoop-hdds-server-scm-0.5.0-SNAPSHOT.jar:/root/.m2/repository/org/apache/hadoop/hadoop-hdds-container-service/0.5.0-SNAPSHOT/hadoop-hdds-container-service-0.5.0-SNAPSHOT.jar:/root/.m2/repository/org/apache/hadoop/hadoop-hdds-client/0.5.0-SNAPSHOT/hadoop-hdds-client-0.5.0-SNAPSHOT.jar:/root/.m2/repository/org/apache/hadoop/hadoop-hdds-tools/0.5.0-SNAPSHOT/hadoop-hdds-tools-0.5.0-SNAPSHOT.jar:/root/.m2/repository/org/apache/hadoop/hadoop-ozone-ozone-manager/0.5.0-SNAPSHOT/hadoop-ozone-ozone-manager-0.5.0-SNAPSHOT.jar:/root/.m2/repository/org/apache/hadoop/hadoop-hdds-docs/0.5.0-SNAPSHOT/hadoop-hdds-docs-0.5.0-SNAPSHOT.jar:/root/.m2/repository/org/bouncycastle/bcprov-jdk15on/1.60/bcprov-jdk15on-1.60.jar:/root/.m2/repository/org/apache/hadoop/hadoop-minikdc/3.2.0/hadoop-minikdc-3.2.0.jar:/root/.m2/repository/commons-io/commons-io/2.5/commons-io-2.5.jar:/root/.m2/repository/org/apache/kerby/kerb-simplekdc/1.0.1/kerb-simplekdc-1.0.1.jar:/root/.m2/repository/org/apache/kerby/kerb-client/1.0.1/kerb-client-1.0.1.jar:/root/.m2/repository/org/apache/kerby/kerby-config/1.0.1/kerby-config-1.0.1.jar:/root/.m2/repository/org/apache/kerby/kerb-core/1.0.1/kerb-core-1.0.1.jar:/root/.m2/repository/org/apache/kerby/kerby-pkix/1.0.1/kerby-pkix-1.0.1.jar:/root/.m2/repository/org/apache/kerby/kerby-asn1/1.0.1/kerby-asn1-1.0.1.jar:/root/.m2/repository/org/apache/kerby/kerby-util/1.0.1/kerby-util-1.0.1.jar:/root/.m2/repository/org/apache/kerby/kerb-common/1.0.1/kerb-common-1.0.1.jar:/root/.m2/repository/org/apache/kerby/kerb-crypto/1.0.1/kerb-crypto-1.0.1.jar:/root/.m2/repository/org/apache/kerby/kerb-util/1.0.1/kerb-util-1.0.1.jar:/root/.m2/repository/org/apache/kerby/token-provider/1.0.1/token-provider-1.0.1.jar:/root/.m2/repository/org/apache/kerby/kerb-admin/1.0.1/kerb-admin-1.0.1.jar:/root/.m2/repository/org/apache/kerby/kerb-server/1.0.1/kerb-server-1.0.1.jar:/root/.m2/repository/org/apache/kerby/kerb-identity/1.0.1/kerb-identity-1.0.1.jar:/root/.m2/repository/org/apache/kerby/kerby-xdr/1.0.1/kerby-xdr-1.0.1.jar:/root/.m2/repository/org/slf4j/slf4j-log4j12/1.7.25/slf4j-log4j12-1.7.25.jar:/root/.m2/repository/org/apache/hadoop/hadoop-ozone-objectstore-service/0.5.0-SNAPSHOT/hadoop-ozone-objectstore-service-0.5.0-SNAPSHOT.jar:/root/.m2/repository/org/apache/hadoop/hadoop-ozone-s3gateway/0.5.0-SNAPSHOT/hadoop-ozone-s3gateway-0.5.0-SNAPSHOT.jar:/root/.m2/repository/org/jboss/weld/servlet/weld-servlet/2.4.7.Final/weld-servlet-2.4.7.Final.jar:/root/.m2/repository/org/glassfish/jersey/containers/jersey-container-servlet-core/2.27/jersey-container-servlet-core-2.27.jar:/root/.m2/repository/org/glassfish/hk2/external/javax.inject/2.5.0-b42/javax.inject-2.5.0-b42.jar:/root/.m2/repository/org/glassfish/jersey/core/jersey-common/2.27/jersey-common-2.27.jar:/root/.m2/repository/org/glassfish/hk2/osgi-resource-locator/1.0.1/osgi-resource-locator-1.0.1.jar:/root/.m2/repository/javax/ws/rs/javax.ws.rs-api/2.1/javax.ws.rs-api-2.1.jar:/root/.m2/repository/org/glassfish/jersey/ext/cdi/jersey-cdi1x/2.27/jersey-cdi1x-2.27.jar:/root/.m2/repository/org/glassfish/jersey/inject/jersey-hk2/2.27/jersey-hk2-2.27.jar:/root/.m2/repository/org/glassfish/hk2/hk2-locator/2.5.0-b42/hk2-locator-2.5.0-b42.jar:/root/.m2/repository/org/javassist/javassist/3.22.0-CR2/javassist-3.22.0-CR2.jar:/root/.m2/repository/org/glassfish/hk2/hk2-api/2.5.0/hk2-api-2.5.0.jar:/root/.m2/repository/org/glassfish/hk2/external/jakarta.inject/2.5.0/jakarta.inject-2.5.0.jar:/root/.m2/repository/org/glassfish/hk2/hk2-utils/2.5.0/hk2-utils-2.5.0.jar:/root/.m2/repository/jakarta/annotation/jakarta.annotation-api/1.3.4/jakarta.annotation-api-1.3.4.jar:/root/.m2/repository/org/glassfish/hk2/external/aopalliance-repackaged/2.5.0/aopalliance-repackaged-2.5.0.jar:/root/.m2/repository/com/fasterxml/jackson/dataformat/jackson-dataformat-xml/2.9.0/jackson-dataformat-xml-2.9.0.jar:/root/.m2/repository/com/fasterxml/jackson/core/jackson-core/2.9.5/jackson-core-2.9.5.jar:/root/.m2/repository/com/fasterxml/jackson/module/jackson-module-jaxb-annotations/2.9.5/jackson-module-jaxb-annotations-2.9.5.jar:/root/.m2/repository/javax/enterprise/cdi-api/1.2/cdi-api-1.2.jar:/root/.m2/repository/javax/el/javax.el-api/3.0.0/javax.el-api-3.0.0.jar:/root/.m2/repository/javax/interceptor/javax.interceptor-api/1.2/javax.interceptor-api-1.2.jar:/root/.m2/repository/javax/inject/javax.inject/1/javax.inject-1.jar:/root/.m2/repository/com/sun/xml/bind/jaxb-impl/2.3.0.1/jaxb-impl-2.3.0.1.jar:/root/.m2/repository/com/sun/xml/bind/jaxb-core/2.3.0.1/jaxb-core-2.3.0.1.jar:/root/.m2/repository/javax/xml/bind/jaxb-api/2.3.0/jaxb-api-2.3.0.jar:/root/.m2/repository/javax/activation/activation/1.1.1/activation-1.1.1.jar:/root/.m2/repository/org/apache/hadoop/hadoop-ozone-csi/0.5.0-SNAPSHOT/hadoop-ozone-csi-0.5.0-SNAPSHOT.jar:/root/.m2/repository/com/google/protobuf/protobuf-java-util/3.5.1/protobuf-java-util-3.5.1.jar:/root/.m2/repository/org/apache/hadoop/hadoop-hdds-config/0.5.0-SNAPSHOT/hadoop-hdds-config-0.5.0-SNAPSHOT.jar:/root/.m2/repository/com/google/guava/guava/11.0.2/guava-11.0.2.jar:/root/.m2/repository/com/google/protobuf/protobuf-java/2.5.0/protobuf-java-2.5.0.jar:/root/.m2/repository/io/grpc/grpc-netty/1.17.1/grpc-netty-1.17.1.jar:/root/.m2/repository/io/grpc/grpc-core/1.17.1/grpc-core-1.17.1.jar:/root/.m2/repository/io/grpc/grpc-context/1.17.1/grpc-context-1.17.1.jar:/root/.m2/repository/com/google/errorprone/error_prone_annotations/2.2.0/error_prone_annotations-2.2.0.jar:/root/.m2/repository/org/codehaus/mojo/animal-sniffer-annotations/1.17/animal-sniffer-annotations-1.17.jar:/root/.m2/repository/io/opencensus/opencensus-api/0.17.0/opencensus-api-0.17.0.jar:/root/.m2/repository/io/opencensus/opencensus-contrib-grpc-metrics/0.17.0/opencensus-contrib-grpc-metrics-0.17.0.jar:/root/.m2/repository/io/netty/netty-codec-http2/4.1.30.Final/netty-codec-http2-4.1.30.Final.jar:/root/.m2/repository/io/netty/netty-codec-http/4.1.30.Final/netty-codec-http-4.1.30.Final.jar:/root/.m2/repository/io/netty/netty-codec/4.1.30.Final/netty-codec-4.1.30.Final.jar:/root/.m2/repository/io/netty/netty-handler/4.1.30.Final/netty-handler-4.1.30.Final.jar:/root/.m2/repository/io/netty/netty-handler-proxy/4.1.30.Final/netty-handler-proxy-4.1.30.Final.jar:/root/.m2/repository/io/netty/netty-codec-socks/4.1.30.Final/netty-codec-socks-4.1.30.Final.jar:/root/.m2/repository/io/netty/netty-transport-native-epoll/4.1.30.Final/netty-transport-native-epoll-4.1.30.Final.jar:/root/.m2/repository/io/netty/netty-common/4.1.30.Final/netty-common-4.1.30.Final.jar:/root/.m2/repository/io/netty/netty-buffer/4.1.30.Final/netty-buffer-4.1.30.Final.jar:/root/.m2/repository/io/netty/netty-transport/4.1.30.Final/netty-transport-4.1.30.Final.jar:/root/.m2/repository/io/netty/netty-resolver/4.1.30.Final/netty-resolver-4.1.30.Final.jar:/root/.m2/repository/io/netty/netty-transport-native-unix-common/4.1.30.Final/netty-transport-native-unix-common-4.1.30.Final.jar:/root/.m2/repository/io/grpc/grpc-protobuf/1.17.1/grpc-protobuf-1.17.1.jar:/root/.m2/repository/com/google/api/grpc/proto-google-common-protos/1.0.0/proto-google-common-protos-1.0.0.jar:/root/.m2/repository/io/grpc/grpc-protobuf-lite/1.17.1/grpc-protobuf-lite-1.17.1.jar:/root/.m2/repository/io/grpc/grpc-stub/1.17.1/grpc-stub-1.17.1.jar:/root/.m2/repository/org/apache/hadoop/hadoop-ozone-recon/0.5.0-SNAPSHOT/hadoop-ozone-recon-0.5.0-SNAPSHOT.jar:/root/.m2/repository/org/apache/hadoop/hadoop-ozone-reconcodegen/0.5.0-SNAPSHOT/hadoop-ozone-reconcodegen-0.5.0-SNAPSHOT.jar:/root/.m2/repository/com/google/inject/extensions/guice-multibindings/4.0/guice-multibindings-4.0.jar:/root/.m2/repository/com/google/inject/guice/4.0/guice-4.0.jar:/root/.m2/repository/aopalliance/aopalliance/1.0/aopalliance-1.0.jar:/root/.m2/repository/com/google/inject/extensions/guice-servlet/4.0/guice-servlet-4.0.jar:/root/.m2/repository/org/glassfish/jersey/containers/jersey-container-servlet/2.27/jersey-container-servlet-2.27.jar:/root/.m2/repository/org/glassfish/hk2/guice-bridge/2.5.0/guice-bridge-2.5.0.jar:/root/.m2/repository/org/glassfish/jersey/core/jersey-server/2.27/jersey-server-2.27.jar:/root/.m2/repository/org/glassfish/jersey/core/jersey-client/2.27/jersey-client-2.27.jar:/root/.m2/repository/org/glassfish/jersey/media/jersey-media-jaxb/2.27/jersey-media-jaxb-2.27.jar:/root/.m2/repository/javax/validation/validation-api/1.1.0.Final/validation-api-1.1.0.Final.jar:/root/.m2/repository/org/glassfish/jersey/media/jersey-media-json-jackson/2.27/jersey-media-json-jackson-2.27.jar:/root/.m2/repository/org/glassfish/jersey/ext/jersey-entity-filtering/2.27/jersey-entity-filtering-2.27.jar:/root/.m2/repository/com/google/inject/extensions/guice-assistedinject/4.0/guice-assistedinject-4.0.jar:/root/.m2/repository/org/jooq/jooq/3.11.10/jooq-3.11.10.jar:/root/.m2/repository/org/jooq/jooq-meta/3.11.10/jooq-meta-3.11.10.jar:/root/.m2/repository/org/jooq/jooq-codegen/3.11.10/jooq-codegen-3.11.10.jar:/root/.m2/repository/com/jolbox/bonecp/0.8.0.RELEASE/bonecp-0.8.0.RELEASE.jar:/root/.m2/repository/org/xerial/sqlite-jdbc/3.25.2/sqlite-jdbc-3.25.2.jar:/root/.m2/repository/org/springframework/spring-jdbc/5.1.3.RELEASE/spring-jdbc-5.1.3.RELEASE.jar:/root/.m2/repository/org/springframework/spring-beans/5.1.3.RELEASE/spring-beans-5.1.3.RELEASE.jar:/root/.m2/repository/org/springframework/spring-core/5.1.3.RELEASE/spring-core-5.1.3.RELEASE.jar:/root/.m2/repository/org/springframework/spring-jcl/5.1.3.RELEASE/spring-jcl-5.1.3.RELEASE.jar:/root/.m2/repository/org/springframework/spring-tx/5.1.3.RELEASE/spring-tx-5.1.3.RELEASE.jar:/root/.m2/repository/org/apache/hadoop/hadoop-ozone-client/0.5.0-SNAPSHOT/hadoop-ozone-client-0.5.0-SNAPSHOT.jar:/root/.m2/repository/org/apache/hadoop/hadoop-ozone-ozone-manager/0.5.0-SNAPSHOT/hadoop-ozone-ozone-manager-0.5.0-SNAPSHOT-tests.jar:/root/.m2/repository/junit/junit/4.11/junit-4.11.jar:/root/.m2/repository/org/hamcrest/hamcrest-core/1.3/hamcrest-core-1.3.jar:/root/.m2/repository/org/openjdk/jmh/jmh-core/1.19/jmh-core-1.19.jar:/root/.m2/repository/net/sf/jopt-simple/jopt-simple/4.6/jopt-simple-4.6.jar:/root/.m2/repository/org/apache/commons/commons-math3/3.1.1/commons-math3-3.1.1.jar:/root/.m2/repository/org/openjdk/jmh/jmh-generator-annprocess/1.19/jmh-generator-annprocess-1.19.jar:/root/.m2/repository/org/mockito/mockito-all/1.8.5/mockito-all-1.8.5.jar:/root/.m2/repository/org/apache/hadoop/hadoop-kms/3.2.0/hadoop-kms-3.2.0.jar:/root/.m2/repository/org/apache/hadoop/hadoop-auth/3.2.0/hadoop-auth-3.2.0.jar:/root/.m2/repository/com/nimbusds/nimbus-jose-jwt/4.41.1/nimbus-jose-jwt-4.41.1.jar:/root/.m2/repository/com/github/stephenc/jcip/jcip-annotations/1.0-1/jcip-annotations-1.0-1.jar:/root/.m2/repository/net/minidev/json-smart/2.3/json-smart-2.3.jar:/root/.m2/repository/net/minidev/accessors-smart/1.2/accessors-smart-1.2.jar:/root/.m2/repository/org/ow2/asm/asm/5.0.4/asm-5.0.4.jar:/root/.m2/repository/org/apache/curator/curator-framework/2.12.0/curator-framework-2.12.0.jar:/root/.m2/repository/com/sun/jersey/jersey-core/1.19/jersey-core-1.19.jar:/root/.m2/repository/javax/ws/rs/jsr311-api/1.1.1/jsr311-api-1.1.1.jar:/root/.m2/repository/com/sun/jersey/jersey-server/1.19/jersey-server-1.19.jar:/root/.m2/repository/javax/servlet/javax.servlet-api/3.1.0/javax.servlet-api-3.1.0.jar:/root/.m2/repository/org/eclipse/jetty/jetty-server/9.3.24.v20180605/jetty-server-9.3.24.v20180605.jar:/root/.m2/repository/org/eclipse/jetty/jetty-http/9.3.24.v20180605/jetty-http-9.3.24.v20180605.jar:/root/.m2/repository/org/eclipse/jetty/jetty-io/9.3.24.v20180605/jetty-io-9.3.24.v20180605.jar:/root/.m2/repository/org/eclipse/jetty/jetty-webapp/9.3.24.v20180605/jetty-webapp-9.3.24.v20180605.jar:/root/.m2/repository/org/eclipse/jetty/jetty-xml/9.3.24.v20180605/jetty-xml-9.3.24.v20180605.jar:/root/.m2/repository/log4j/log4j/1.2.17/log4j-1.2.17.jar:/root/.m2/repository/org/slf4j/slf4j-api/1.7.25/slf4j-api-1.7.25.jar:/root/.m2/repository/org/slf4j/jul-to-slf4j/1.7.25/jul-to-slf4j-1.7.25.jar:/root/.m2/repository/org/eclipse/jetty/jetty-util/9.3.24.v20180605/jetty-util-9.3.24.v20180605.jar:/root/.m2/repository/io/dropwizard/metrics/metrics-core/3.2.4/metrics-core-3.2.4.jar:/root/.m2/repository/com/fasterxml/jackson/core/jackson-databind/2.9.5/jackson-databind-2.9.5.jar:/root/.m2/repository/org/apache/hadoop/hadoop-kms/3.2.0/hadoop-kms-3.2.0-tests.jar:/root/.m2/repository/org/apache/hadoop/hadoop-hdds-server-scm/0.5.0-SNAPSHOT/hadoop-hdds-server-scm-0.5.0-SNAPSHOT-tests.jar:/root/.m2/repository/org/hamcrest/hamcrest-all/1.3/hamcrest-all-1.3.jar:/root/.m2/repository/info/picocli/picocli/3.9.6/picocli-3.9.6.jar:/root/.m2/repository/org/apache/hadoop/hadoop-hdds-container-service/0.5.0-SNAPSHOT/hadoop-hdds-container-service-0.5.0-SNAPSHOT-tests.jar:/root/.m2/repository/org/yaml/snakeyaml/1.16/snakeyaml-1.16.jar:/root/.m2/repository/org/apache/hadoop/hadoop-common/3.2.0/hadoop-common-3.2.0-tests.jar:/root/.m2/repository/org/apache/hadoop/hadoop-annotations/3.2.0/hadoop-annotations-3.2.0.jar:/usr/lib/jvm/java-1.8-openjdk/jre/../lib/tools.jar:/root/.m2/repository/commons-cli/commons-cli/1.2/commons-cli-1.2.jar:/root/.m2/repository/org/apache/httpcomponents/httpclient/4.5.2/httpclient-4.5.2.jar:/root/.m2/repository/org/apache/httpcomponents/httpcore/4.4.4/httpcore-4.4.4.jar:/root/.m2/repository/commons-codec/commons-codec/1.11/commons-codec-1.11.jar:/root/.m2/repository/commons-net/commons-net/3.6/commons-net-3.6.jar:/root/.m2/repository/commons-collections/commons-collections/3.2.2/commons-collections-3.2.2.jar:/root/.m2/repository/org/eclipse/jetty/jetty-servlet/9.3.24.v20180605/jetty-servlet-9.3.24.v20180605.jar:/root/.m2/repository/org/eclipse/jetty/jetty-security/9.3.24.v20180605/jetty-security-9.3.24.v20180605.jar:/root/.m2/repository/javax/servlet/jsp/jsp-api/2.1/jsp-api-2.1.jar:/root/.m2/repository/com/sun/jersey/jersey-servlet/1.19/jersey-servlet-1.19.jar:/root/.m2/repository/com/sun/jersey/jersey-json/1.19/jersey-json-1.19.jar:/root/.m2/repository/org/codehaus/jettison/jettison/1.1/jettison-1.1.jar:/root/.m2/repository/org/codehaus/jackson/jackson-core-asl/1.9.13/jackson-core-asl-1.9.13.jar:/root/.m2/repository/org/codehaus/jackson/jackson-mapper-asl/1.9.13/jackson-mapper-asl-1.9.13.jar:/root/.m2/repository/org/codehaus/jackson/jackson-jaxrs/1.9.13/jackson-jaxrs-1.9.13.jar:/root/.m2/repository/org/codehaus/jackson/jackson-xc/1.9.13/jackson-xc-1.9.13.jar:/root/.m2/repository/commons-logging/commons-logging/1.1.3/commons-logging-1.1.3.jar:/root/.m2/repository/commons-beanutils/commons-beanutils/1.9.3/commons-beanutils-1.9.3.jar:/root/.m2/repository/org/apache/commons/commons-configuration2/2.1.1/commons-configuration2-2.1.1.jar:/root/.m2/repository/org/apache/commons/commons-lang3/3.7/commons-lang3-3.7.jar:/root/.m2/repository/org/apache/commons/commons-text/1.4/commons-text-1.4.jar:/root/.m2/repository/org/apache/avro/avro/1.7.7/avro-1.7.7.jar:/root/.m2/repository/com/thoughtworks/paranamer/paranamer/2.3/paranamer-2.3.jar:/root/.m2/repository/org/xerial/snappy/snappy-java/1.0.5/snappy-java-1.0.5.jar:/root/.m2/repository/com/google/re2j/re2j/1.1/re2j-1.1.jar:/root/.m2/repository/com/google/code/gson/gson/2.2.4/gson-2.2.4.jar:/root/.m2/repository/com/jcraft/jsch/0.1.54/jsch-0.1.54.jar:/root/.m2/repository/org/apache/curator/curator-client/2.12.0/curator-client-2.12.0.jar:/root/.m2/repository/org/apache/curator/curator-recipes/2.12.0/curator-recipes-2.12.0.jar:/root/.m2/repository/com/google/code/findbugs/jsr305/3.0.0/jsr305-3.0.0.jar:/root/.m2/repository/org/apache/htrace/htrace-core4/4.1.0-incubating/htrace-core4-4.1.0-incubating.jar:/root/.m2/repository/org/apache/zookeeper/zookeeper/3.4.13/zookeeper-3.4.13.jar:/root/.m2/repository/org/apache/yetus/audience-annotations/0.5.0/audience-annotations-0.5.0.jar:/root/.m2/repository/org/codehaus/woodstox/stax2-api/3.1.4/stax2-api-3.1.4.jar:/root/.m2/repository/com/fasterxml/woodstox/woodstox-core/5.0.3/woodstox-core-5.0.3.jar:/root/.m2/repository/dnsjava/dnsjava/2.1.7/dnsjava-2.1.7.jar:/root/.m2/repository/org/apache/hadoop/hadoop-hdfs/3.2.0/hadoop-hdfs-3.2.0-tests.jar:/root/.m2/repository/org/eclipse/jetty/jetty-util-ajax/9.3.24.v20180605/jetty-util-ajax-9.3.24.v20180605.jar:/root/.m2/repository/commons-daemon/commons-daemon/1.0.13/commons-daemon-1.0.13.jar:/root/.m2/repository/io/netty/netty/3.10.5.Final/netty-3.10.5.Final.jar:/root/.m2/repository/io/netty/netty-all/4.0.52.Final/netty-all-4.0.52.Final.jar:/root/.m2/repository/org/fusesource/leveldbjni/leveldbjni-all/1.8/leveldbjni-all-1.8.jar:"/>
    <property name="sun.cpu.endian" value="little"/>
    <property name="user.home" value="/root"/>
    <property name="user.language" value="en"/>
    <property name="java.specification.vendor" value="Oracle Corporation"/>
    <property name="java.home" value="/usr/lib/jvm/java-1.8-openjdk/jre"/>
    <property name="java.security.krb5.conf" value="/opt/src/hadoop-ozone/integration-test/target/test-classes/krb5.conf"/>
    <property name="basedir" value="/opt/src/hadoop-ozone/integration-test"/>
    <property name="file.separator" value="/"/>
    <property name="line.separator" value="&#10;"/>
    <property name="java.vm.specification.vendor" value="Oracle Corporation"/>
    <property name="java.specification.name" value="Java Platform API Specification"/>
    <property name="java.awt.graphicsenv" value="sun.awt.X11GraphicsEnvironment"/>
    <property name="surefire.real.class.path" value="/opt/src/hadoop-ozone/integration-test/target/surefire/surefirebooter4170197238550226643.jar"/>
    <property name="hadoop.log.dir" value="/opt/src/hadoop-ozone/integration-test/target/log"/>
    <property name="sun.boot.class.path" value="/usr/lib/jvm/java-1.8-openjdk/jre/lib/resources.jar:/usr/lib/jvm/java-1.8-openjdk/jre/lib/rt.jar:/usr/lib/jvm/java-1.8-openjdk/jre/lib/sunrsasign.jar:/usr/lib/jvm/java-1.8-openjdk/jre/lib/jsse.jar:/usr/lib/jvm/java-1.8-openjdk/jre/lib/jce.jar:/usr/lib/jvm/java-1.8-openjdk/jre/lib/charsets.jar:/usr/lib/jvm/java-1.8-openjdk/jre/lib/jfr.jar:/usr/lib/jvm/java-1.8-openjdk/jre/classes"/>
    <property name="sun.management.compiler" value="HotSpot 64-Bit Tiered Compilers"/>
    <property name="java.runtime.version" value="1.8.0_212-b04"/>
    <property name="java.net.preferIPv4Stack" value="true"/>
    <property name="user.name" value="root"/>
    <property name="path.separator" value=":"/>
    <property name="java.security.egd" value="file:///dev/urandom"/>
    <property name="os.version" value="4.15.0-1021-aws"/>
    <property name="java.endorsed.dirs" value="/usr/lib/jvm/java-1.8-openjdk/jre/lib/endorsed"/>
    <property name="java.runtime.name" value="OpenJDK Runtime Environment"/>
    <property name="file.encoding" value="UTF-8"/>
    <property name="java.vm.name" value="OpenJDK 64-Bit Server VM"/>
    <property name="test.build.webapps" value=""/>
    <property name="localRepository" value="/root/.m2/repository"/>
    <property name="java.vendor.url.bug" value="https://icedtea.classpath.org/bugzilla"/>
    <property name="java.io.tmpdir" value="/tmp"/>
    <property name="require.test.libhadoop" value=""/>
    <property name="java.version" value="1.8.0_212"/>
    <property name="user.dir" value="/opt/src/hadoop-ozone/integration-test"/>
    <property name="os.arch" value="amd64"/>
    <property name="java.vm.specification.name" value="Java Virtual Machine Specification"/>
    <property name="test.build.classes" value="/opt/src/hadoop-ozone/integration-test/target/test-classes"/>
    <property name="java.awt.printerjob" value="sun.print.PSPrinterJob"/>
    <property name="sun.os.patch.level" value="unknown"/>
    <property name="hadoop.tmp.dir" value="/opt/src/hadoop-ozone/integration-test/target/tmp"/>
    <property name="java.library.path" value="/usr/lib/jvm/java-1.8-openjdk/jre/lib/amd64/server:/usr/lib/jvm/java-1.8-openjdk/jre/lib/amd64:/usr/lib/jvm/java-1.8-openjdk/jre/../lib/amd64:/opt/src/hadoop-ozone/integration-test/target/native/target/usr/local/lib:/opt/src/hadoop-ozone/integration-test/../../hadoop-common-project/hadoop-common/target/native/target/usr/local/lib:/usr/java/packages/lib/amd64:/usr/lib64:/lib64:/lib:/usr/lib"/>
    <property name="java.vm.info" value="mixed mode"/>
    <property name="java.vendor" value="IcedTea"/>
    <property name="java.vm.version" value="25.212-b04"/>
    <property name="java.ext.dirs" value="/usr/lib/jvm/java-1.8-openjdk/jre/lib/ext:/usr/java/packages/lib/ext"/>
    <property name="sun.io.unicode.encoding" value="UnicodeLittle"/>
    <property name="java.class.version" value="52.0"/>
  </properties>
  <testcase name="testPipelineFail" classname="org.apache.hadoop.hdds.scm.pipeline.TestNodeFailure" time="0">
    <skipped/>
    <system-out><![CDATA[2019-06-14 11:35:11,772 WARN  server.ServerUtils (ServerUtils.java:getScmDbDir(145)) - ozone.scm.db.dirs is not configured. We recommend adding this setting. Falling back to ozone.metadata.dirs instead.
2019-06-14 11:35:11,833 WARN  server.ServerUtils (ServerUtils.java:getScmDbDir(145)) - ozone.scm.db.dirs is not configured. We recommend adding this setting. Falling back to ozone.metadata.dirs instead.
2019-06-14 11:35:11,835 WARN  server.ServerUtils (ServerUtils.java:getScmDbDir(145)) - ozone.scm.db.dirs is not configured. We recommend adding this setting. Falling back to ozone.metadata.dirs instead.
2019-06-14 11:35:11,848 INFO  util.log (Log.java:initialized(192)) - Logging initialized @629ms
2019-06-14 11:35:11,926 INFO  db.DBStoreBuilder (DBStoreBuilder.java:addTable(110)) - using custom profile for table: deletedBlocks
2019-06-14 11:35:11,926 INFO  db.DBStoreBuilder (DBStoreBuilder.java:processTables(161)) - Using default column profile:DBProfile.DISK for Table:deletedBlocks
2019-06-14 11:35:11,926 INFO  db.DBStoreBuilder (DBStoreBuilder.java:addTable(110)) - using custom profile for table: validCerts
2019-06-14 11:35:11,926 INFO  db.DBStoreBuilder (DBStoreBuilder.java:processTables(161)) - Using default column profile:DBProfile.DISK for Table:validCerts
2019-06-14 11:35:11,927 INFO  db.DBStoreBuilder (DBStoreBuilder.java:addTable(110)) - using custom profile for table: revokedCerts
2019-06-14 11:35:11,927 INFO  db.DBStoreBuilder (DBStoreBuilder.java:processTables(161)) - Using default column profile:DBProfile.DISK for Table:revokedCerts
2019-06-14 11:35:11,936 INFO  db.DBStoreBuilder (DBStoreBuilder.java:addTable(110)) - using custom profile for table: default
2019-06-14 11:35:11,936 INFO  db.DBStoreBuilder (DBStoreBuilder.java:processTables(167)) - Using default column profile:DBProfile.DISK for Table:default
2019-06-14 11:35:11,937 INFO  db.DBStoreBuilder (DBStoreBuilder.java:getDbProfile(198)) - Using default options. DBProfile.DISK
2019-06-14 11:35:12,000 INFO  node.SCMNodeManager (SCMNodeManager.java:<init>(108)) - Entering startup safe mode.
2019-06-14 11:35:12,050 INFO  net.NodeSchemaLoader (NodeSchemaLoader.java:loadSchemaFromFile(125)) - Loading file from sun.misc.CompoundEnumeration@443118b0
2019-06-14 11:35:12,052 INFO  net.NodeSchemaLoader (NodeSchemaLoader.java:loadSchema(171)) - Loading network topology layer schema file
2019-06-14 11:35:12,104 WARN  server.ServerUtils (ServerUtils.java:getScmDbDir(145)) - ozone.scm.db.dirs is not configured. We recommend adding this setting. Falling back to ozone.metadata.dirs instead.
2019-06-14 11:35:12,123 INFO  pipeline.SCMPipelineManager (SCMPipelineManager.java:initializePipelineState(126)) - No pipeline exists in current db
2019-06-14 11:35:12,125 WARN  server.ServerUtils (ServerUtils.java:getScmDbDir(145)) - ozone.scm.db.dirs is not configured. We recommend adding this setting. Falling back to ozone.metadata.dirs instead.
2019-06-14 11:35:12,174 WARN  events.EventQueue (EventQueue.java:fireEvent(175)) - No event handler registered for event TypedEvent{payloadType=SafeModeStatus, name='SafeModeStatus'}
2019-06-14 11:35:12,463 INFO  ipc.CallQueueManager (CallQueueManager.java:<init>(84)) - Using callQueue: class java.util.concurrent.LinkedBlockingQueue, queueCapacity: 2000, scheduler: class org.apache.hadoop.ipc.DefaultRpcScheduler, ipcBackoff: false.
2019-06-14 11:35:12,486 INFO  ipc.Server (Server.java:run(1074)) - Starting Socket Reader #1 for port 46219
2019-06-14 11:35:12,505 INFO  ipc.CallQueueManager (CallQueueManager.java:<init>(84)) - Using callQueue: class java.util.concurrent.LinkedBlockingQueue, queueCapacity: 2000, scheduler: class org.apache.hadoop.ipc.DefaultRpcScheduler, ipcBackoff: false.
2019-06-14 11:35:12,505 INFO  ipc.Server (Server.java:run(1074)) - Starting Socket Reader #1 for port 35447
2019-06-14 11:35:12,512 INFO  ipc.CallQueueManager (CallQueueManager.java:<init>(84)) - Using callQueue: class java.util.concurrent.LinkedBlockingQueue, queueCapacity: 2000, scheduler: class org.apache.hadoop.ipc.DefaultRpcScheduler, ipcBackoff: false.
2019-06-14 11:35:12,538 INFO  ipc.Server (Server.java:run(1074)) - Starting Socket Reader #1 for port 40673
2019-06-14 11:35:12,557 INFO  hdfs.DFSUtil (DFSUtil.java:httpServerTemplateForNNAndJN(1641)) - Starting Web-server for scm at: http://0.0.0.0:0
2019-06-14 11:35:12,680 INFO  server.AuthenticationFilter (AuthenticationFilter.java:constructSecretProvider(240)) - Unable to initialize FileSignerSecretProvider, falling back to use random secrets.
2019-06-14 11:35:12,685 WARN  http.HttpRequestLog (HttpRequestLog.java:getRequestLog(97)) - Jetty request log can only be enabled using Log4j
2019-06-14 11:35:12,692 INFO  http.HttpServer2 (HttpServer2.java:addGlobalFilter(975)) - Added global filter 'safety' (class=org.apache.hadoop.http.HttpServer2$QuotingInputFilter)
2019-06-14 11:35:12,694 INFO  http.HttpServer2 (HttpServer2.java:addFilter(948)) - Added filter static_user_filter (class=org.apache.hadoop.http.lib.StaticUserWebFilter$StaticUserFilter) to context scm
2019-06-14 11:35:12,694 INFO  http.HttpServer2 (HttpServer2.java:addFilter(958)) - Added filter static_user_filter (class=org.apache.hadoop.http.lib.StaticUserWebFilter$StaticUserFilter) to context logs
2019-06-14 11:35:12,694 INFO  http.HttpServer2 (HttpServer2.java:addFilter(958)) - Added filter static_user_filter (class=org.apache.hadoop.http.lib.StaticUserWebFilter$StaticUserFilter) to context static
2019-06-14 11:35:12,714 INFO  server.StorageContainerManager (StorageContainerManager.java:start(752)) - StorageContainerLocationProtocol RPC server is listening at /0.0.0.0:40673
2019-06-14 11:35:12,756 WARN  impl.MetricsConfig (MetricsConfig.java:loadFirst(134)) - Cannot locate configuration: tried hadoop-metrics2-storagecontainermanager.properties,hadoop-metrics2.properties
2019-06-14 11:35:12,765 INFO  impl.MetricsSystemImpl (MetricsSystemImpl.java:startTimer(374)) - Scheduled Metric snapshot period at 10 second(s).
2019-06-14 11:35:12,765 INFO  impl.MetricsSystemImpl (MetricsSystemImpl.java:start(191)) - StorageContainerManager metrics system started
2019-06-14 11:35:12,939 INFO  server.SCMClientProtocolServer (SCMClientProtocolServer.java:start(149)) - RPC server for Client  is listening at /0.0.0.0:40673
2019-06-14 11:35:12,940 INFO  ipc.Server (Server.java:run(1314)) - IPC Server Responder: starting
2019-06-14 11:35:12,940 INFO  ipc.Server (Server.java:run(1153)) - IPC Server listener on 40673: starting
2019-06-14 11:35:12,942 INFO  server.StorageContainerManager (StorageContainerManager.java:start(761)) - ScmBlockLocationProtocol RPC server is listening at /0.0.0.0:35447
2019-06-14 11:35:12,942 INFO  server.SCMBlockProtocolServer (SCMBlockProtocolServer.java:start(137)) - RPC server for Block Protocol is listening at /0.0.0.0:35447
2019-06-14 11:35:12,943 INFO  ipc.Server (Server.java:run(1314)) - IPC Server Responder: starting
2019-06-14 11:35:12,943 INFO  ipc.Server (Server.java:run(1153)) - IPC Server listener on 35447: starting
2019-06-14 11:35:12,945 INFO  server.StorageContainerManager (StorageContainerManager.java:start(765)) - ScmDatanodeProtocl RPC server is listening at /0.0.0.0:46219
2019-06-14 11:35:12,945 INFO  server.SCMDatanodeProtocolServer (SCMDatanodeProtocolServer.java:start(191)) - RPC server for DataNodes is listening at /0.0.0.0:46219
2019-06-14 11:35:12,945 INFO  ipc.Server (Server.java:run(1314)) - IPC Server Responder: starting
2019-06-14 11:35:12,946 INFO  ipc.Server (Server.java:run(1153)) - IPC Server listener on 46219: starting
2019-06-14 11:35:12,949 INFO  http.HttpServer2 (HttpServer2.java:bindListener(1191)) - Jetty bound to port 42847
2019-06-14 11:35:12,950 INFO  server.Server (Server.java:doStart(351)) - jetty-9.3.24.v20180605, build timestamp: 2018-06-05T17:11:56Z, git hash: 84205aa28f11a4f31f2a3b86d1bba2cc8ab69827
2019-06-14 11:35:12,989 INFO  handler.ContextHandler (ContextHandler.java:doStart(781)) - Started o.e.j.s.ServletContextHandler@2df6226d{/logs,file:///opt/src/hadoop-ozone/integration-test/target/log,AVAILABLE}
2019-06-14 11:35:12,990 INFO  handler.ContextHandler (ContextHandler.java:doStart(781)) - Started o.e.j.s.ServletContextHandler@4ff4357f{/static,file:///opt/src/hadoop-ozone/integration-test/target/test-classes/webapps/static,AVAILABLE}
2019-06-14 11:35:13,027 INFO  handler.ContextHandler (ContextHandler.java:doStart(781)) - Started o.e.j.w.WebAppContext@2484f433{/,file:///opt/src/hadoop-ozone/integration-test/target/test-classes/webapps/scm/,AVAILABLE}{/scm}
2019-06-14 11:35:13,033 INFO  server.AbstractConnector (AbstractConnector.java:doStart(278)) - Started ServerConnector@841e575{HTTP/1.1,[http/1.1]}{0.0.0.0:42847}
2019-06-14 11:35:13,033 INFO  server.Server (Server.java:doStart(419)) - Started @1815ms
2019-06-14 11:35:13,066 INFO  server.BaseHttpServer (BaseHttpServer.java:updateConnectorAddress(207)) - HTTP server of SCM is listening at http://0.0.0.0:42847
2019-06-14 11:35:13,072 INFO  util.JvmPauseMonitor (JvmPauseMonitor.java:run(188)) - Starting JVM pause monitor
2019-06-14 11:35:13,074 WARN  scm.ScmUtils (ScmUtils.java:getDBPath(63)) - ozone.om.db.dirs is not configured. We recommend adding this setting. Falling back to ozone.metadata.dirs instead.
2019-06-14 11:35:13,164 WARN  scm.ScmUtils (ScmUtils.java:getDBPath(63)) - ozone.om.db.dirs is not configured. We recommend adding this setting. Falling back to ozone.metadata.dirs instead.
2019-06-14 11:35:13,165 INFO  om.OzoneManager (OzoneManager.java:setOMNodeDetails(519)) - OM Service ID is not set. Setting it to the default ID: omServiceIdDefault
2019-06-14 11:35:13,165 INFO  om.OzoneManager (OzoneManager.java:setOMNodeDetails(525)) - OM Node ID is not set. Setting it to the OmStorage's OmID: e1db425a-3a23-470c-8aaa-dc231414c59b
2019-06-14 11:35:13,167 WARN  scm.HddsServerUtil (HddsServerUtil.java:getDefaultRatisDirectory(354)) - Storage directory for Ratis is not configured. It is a good idea to map this to an SSD disk. Falling back to ozone.metadata.dirs
2019-06-14 11:35:13,167 WARN  scm.HddsServerUtil (HddsServerUtil.java:getDefaultRatisDirectory(354)) - Storage directory for Ratis is not configured. It is a good idea to map this to an SSD disk. Falling back to ozone.metadata.dirs
2019-06-14 11:35:13,168 INFO  om.OzoneManager (OzoneManager.java:loadOMHAConfigs(476)) - Found matching OM address with OMServiceId: null, OMNodeId: null, RPC Address: localhost:0 and Ratis port: 9872
2019-06-14 11:35:13,337 WARN  scm.ScmUtils (ScmUtils.java:getDBPath(63)) - ozone.om.db.dirs is not configured. We recommend adding this setting. Falling back to ozone.metadata.dirs instead.
2019-06-14 11:35:13,344 INFO  db.DBStoreBuilder (DBStoreBuilder.java:addTable(110)) - using custom profile for table: userTable
2019-06-14 11:35:13,344 INFO  db.DBStoreBuilder (DBStoreBuilder.java:processTables(161)) - Using default column profile:DBProfile.DISK for Table:userTable
2019-06-14 11:35:13,345 INFO  db.DBStoreBuilder (DBStoreBuilder.java:addTable(110)) - using custom profile for table: volumeTable
2019-06-14 11:35:13,345 INFO  db.DBStoreBuilder (DBStoreBuilder.java:processTables(161)) - Using default column profile:DBProfile.DISK for Table:volumeTable
2019-06-14 11:35:13,345 INFO  db.DBStoreBuilder (DBStoreBuilder.java:addTable(110)) - using custom profile for table: bucketTable
2019-06-14 11:35:13,345 INFO  db.DBStoreBuilder (DBStoreBuilder.java:processTables(161)) - Using default column profile:DBProfile.DISK for Table:bucketTable
2019-06-14 11:35:13,346 INFO  db.DBStoreBuilder (DBStoreBuilder.java:addTable(110)) - using custom profile for table: keyTable
2019-06-14 11:35:13,346 INFO  db.DBStoreBuilder (DBStoreBuilder.java:processTables(161)) - Using default column profile:DBProfile.DISK for Table:keyTable
2019-06-14 11:35:13,346 INFO  db.DBStoreBuilder (DBStoreBuilder.java:addTable(110)) - using custom profile for table: deletedTable
2019-06-14 11:35:13,346 INFO  db.DBStoreBuilder (DBStoreBuilder.java:processTables(161)) - Using default column profile:DBProfile.DISK for Table:deletedTable
2019-06-14 11:35:13,347 INFO  db.DBStoreBuilder (DBStoreBuilder.java:addTable(110)) - using custom profile for table: openKeyTable
2019-06-14 11:35:13,347 INFO  db.DBStoreBuilder (DBStoreBuilder.java:processTables(161)) - Using default column profile:DBProfile.DISK for Table:openKeyTable
2019-06-14 11:35:13,347 INFO  db.DBStoreBuilder (DBStoreBuilder.java:addTable(110)) - using custom profile for table: s3Table
2019-06-14 11:35:13,347 INFO  db.DBStoreBuilder (DBStoreBuilder.java:processTables(161)) - Using default column profile:DBProfile.DISK for Table:s3Table
2019-06-14 11:35:13,348 INFO  db.DBStoreBuilder (DBStoreBuilder.java:addTable(110)) - using custom profile for table: multipartInfoTable
2019-06-14 11:35:13,348 INFO  db.DBStoreBuilder (DBStoreBuilder.java:processTables(161)) - Using default column profile:DBProfile.DISK for Table:multipartInfoTable
2019-06-14 11:35:13,348 INFO  db.DBStoreBuilder (DBStoreBuilder.java:addTable(110)) - using custom profile for table: dTokenTable
2019-06-14 11:35:13,348 INFO  db.DBStoreBuilder (DBStoreBuilder.java:processTables(161)) - Using default column profile:DBProfile.DISK for Table:dTokenTable
2019-06-14 11:35:13,349 INFO  db.DBStoreBuilder (DBStoreBuilder.java:addTable(110)) - using custom profile for table: s3SecretTable
2019-06-14 11:35:13,349 INFO  db.DBStoreBuilder (DBStoreBuilder.java:processTables(161)) - Using default column profile:DBProfile.DISK for Table:s3SecretTable
2019-06-14 11:35:13,349 INFO  db.DBStoreBuilder (DBStoreBuilder.java:addTable(110)) - using custom profile for table: prefixTable
2019-06-14 11:35:13,349 INFO  db.DBStoreBuilder (DBStoreBuilder.java:processTables(161)) - Using default column profile:DBProfile.DISK for Table:prefixTable
2019-06-14 11:35:13,349 INFO  db.DBStoreBuilder (DBStoreBuilder.java:addTable(110)) - using custom profile for table: default
2019-06-14 11:35:13,350 INFO  db.DBStoreBuilder (DBStoreBuilder.java:processTables(167)) - Using default column profile:DBProfile.DISK for Table:default
2019-06-14 11:35:13,350 INFO  db.DBStoreBuilder (DBStoreBuilder.java:getDbProfile(198)) - Using default options. DBProfile.DISK
2019-06-14 11:35:13,802 INFO  ipc.CallQueueManager (CallQueueManager.java:<init>(84)) - Using callQueue: class java.util.concurrent.LinkedBlockingQueue, queueCapacity: 2000, scheduler: class org.apache.hadoop.ipc.DefaultRpcScheduler, ipcBackoff: false.
2019-06-14 11:35:13,802 INFO  ipc.Server (Server.java:run(1074)) - Starting Socket Reader #1 for port 43563
2019-06-14 11:35:13,822 WARN  scm.ScmUtils (ScmUtils.java:getDBPath(63)) - ozone.om.db.dirs is not configured. We recommend adding this setting. Falling back to ozone.metadata.dirs instead.
2019-06-14 11:35:13,822 INFO  om.OzoneManager (OzoneManager.java:start(1217)) - OzoneManager RPC server is listening at localhost/127.0.0.1:43563
2019-06-14 11:35:13,822 INFO  impl.MetricsSystemImpl (MetricsSystemImpl.java:init(158)) - OzoneManager metrics system started (again)
2019-06-14 11:35:13,826 INFO  ipc.Server (Server.java:run(1314)) - IPC Server Responder: starting
2019-06-14 11:35:13,829 INFO  ipc.Server (Server.java:run(1153)) - IPC Server listener on 43563: starting
2019-06-14 11:35:13,869 INFO  hdfs.DFSUtil (DFSUtil.java:httpServerTemplateForNNAndJN(1641)) - Starting Web-server for ozoneManager at: http://0.0.0.0:0
2019-06-14 11:35:13,871 INFO  server.AuthenticationFilter (AuthenticationFilter.java:constructSecretProvider(240)) - Unable to initialize FileSignerSecretProvider, falling back to use random secrets.
2019-06-14 11:35:13,871 WARN  http.HttpRequestLog (HttpRequestLog.java:getRequestLog(97)) - Jetty request log can only be enabled using Log4j
2019-06-14 11:35:13,873 INFO  http.HttpServer2 (HttpServer2.java:addGlobalFilter(975)) - Added global filter 'safety' (class=org.apache.hadoop.http.HttpServer2$QuotingInputFilter)
2019-06-14 11:35:13,873 INFO  http.HttpServer2 (HttpServer2.java:addFilter(948)) - Added filter static_user_filter (class=org.apache.hadoop.http.lib.StaticUserWebFilter$StaticUserFilter) to context ozoneManager
2019-06-14 11:35:13,873 INFO  http.HttpServer2 (HttpServer2.java:addFilter(958)) - Added filter static_user_filter (class=org.apache.hadoop.http.lib.StaticUserWebFilter$StaticUserFilter) to context logs
2019-06-14 11:35:13,874 INFO  http.HttpServer2 (HttpServer2.java:addFilter(958)) - Added filter static_user_filter (class=org.apache.hadoop.http.lib.StaticUserWebFilter$StaticUserFilter) to context static
2019-06-14 11:35:13,875 INFO  http.HttpServer2 (HttpServer2.java:bindListener(1191)) - Jetty bound to port 45381
2019-06-14 11:35:13,875 INFO  server.Server (Server.java:doStart(351)) - jetty-9.3.24.v20180605, build timestamp: 2018-06-05T17:11:56Z, git hash: 84205aa28f11a4f31f2a3b86d1bba2cc8ab69827
2019-06-14 11:35:13,877 INFO  handler.ContextHandler (ContextHandler.java:doStart(781)) - Started o.e.j.s.ServletContextHandler@7c2a69b4{/logs,file:///opt/src/hadoop-ozone/integration-test/target/log,AVAILABLE}
2019-06-14 11:35:13,877 INFO  handler.ContextHandler (ContextHandler.java:doStart(781)) - Started o.e.j.s.ServletContextHandler@648ee871{/static,file:///opt/src/hadoop-ozone/integration-test/target/test-classes/webapps/static,AVAILABLE}
2019-06-14 11:35:13,881 INFO  handler.ContextHandler (ContextHandler.java:doStart(781)) - Started o.e.j.w.WebAppContext@6f012914{/,file:///opt/src/hadoop-ozone/integration-test/target/test-classes/webapps/ozoneManager/,AVAILABLE}{/ozoneManager}
2019-06-14 11:35:13,881 INFO  server.AbstractConnector (AbstractConnector.java:doStart(278)) - Started ServerConnector@18fdb6cf{HTTP/1.1,[http/1.1]}{0.0.0.0:45381}
2019-06-14 11:35:13,881 INFO  server.Server (Server.java:doStart(419)) - Started @2663ms
2019-06-14 11:35:13,882 INFO  server.BaseHttpServer (BaseHttpServer.java:updateConnectorAddress(207)) - HTTP server of OZONEMANAGER is listening at http://0.0.0.0:45381
2019-06-14 11:35:13,995 INFO  impl.MetricsSystemImpl (MetricsSystemImpl.java:init(158)) - HddsDatanode metrics system started (again)
2019-06-14 11:35:14,138 INFO  ozone.HddsDatanodeService (HddsDatanodeService.java:start(185)) - HddsDatanodeService host:ozone-ln5s8-3576005631 ip:192.168.134.79
2019-06-14 11:35:14,159 INFO  volume.HddsVolume (HddsVolume.java:<init>(176)) - Creating Volume: /opt/src/hadoop-ozone/integration-test/target/test-dir/MiniOzoneClusterImpl-1d708769-a828-425d-b56d-eb5e13d4ac72/datanode-0/data/containers/hdds of  storage type : DISK and capacity : 104021790720
2019-06-14 11:35:14,161 INFO  volume.VolumeSet (VolumeSet.java:initializeVolumeSet(170)) - Added Volume : /opt/src/hadoop-ozone/integration-test/target/test-dir/MiniOzoneClusterImpl-1d708769-a828-425d-b56d-eb5e13d4ac72/datanode-0/data/containers/hdds to VolumeSet
2019-06-14 11:35:14,163 INFO  volume.ThrottledAsyncChecker (ThrottledAsyncChecker.java:schedule(140)) - Scheduling a check for org.apache.hadoop.ozone.container.common.volume.HddsVolume@4a6c18ad
2019-06-14 11:35:14,175 INFO  volume.HddsVolumeChecker (HddsVolumeChecker.java:checkAllVolumes(203)) - Scheduled health check for volume org.apache.hadoop.ozone.container.common.volume.HddsVolume@4a6c18ad
2019-06-14 11:35:14,212 INFO  ratis.XceiverServerRatis (XceiverServerRatis.java:newXceiverServerRatis(401)) - Found a free port for the server : 45527
2019-06-14 11:35:14,267 INFO  impl.RaftServerProxy (ConfUtils.java:logGet(43)) - raft.rpc.type = GRPC (default)
2019-06-14 11:35:14,275 INFO  grpc.GrpcConfigKeys$Server (ConfUtils.java:logGet(43)) - raft.grpc.server.port = 45527 (custom)
2019-06-14 11:35:14,276 INFO  server.GrpcService (ConfUtils.java:logGet(43)) - raft.grpc.message.size.max = 33570816 (custom)
2019-06-14 11:35:14,277 INFO  server.RaftServerConfigKeys (ConfUtils.java:logGet(43)) - raft.server.log.appender.buffer.byte-limit = 33554432 (custom)
2019-06-14 11:35:14,278 INFO  server.GrpcService (ConfUtils.java:logGet(43)) - raft.grpc.flow.control.window = 1MB (=1048576) (default)
2019-06-14 11:35:14,279 INFO  server.RaftServerConfigKeys (ConfUtils.java:logGet(43)) - raft.server.rpc.request.timeout = 3000ms (default)
2019-06-14 11:35:14,387 INFO  server.RaftServerConfigKeys (ConfUtils.java:logGet(43)) - raft.server.storage.dir = [/opt/src/hadoop-ozone/integration-test/target/test-dir/MiniOzoneClusterImpl-1d708769-a828-425d-b56d-eb5e13d4ac72/datanode-0/data/ratis] (custom)
2019-06-14 11:35:14,393 INFO  server.XceiverServerGrpc (XceiverServerGrpc.java:<init>(97)) - Found a free port for the server : 42859
2019-06-14 11:35:14,414 INFO  replication.SimpleContainerDownloader (SimpleContainerDownloader.java:<init>(72)) - Starting container downloader service to copy containers to replicate.
2019-06-14 11:35:14,423 INFO  hdfs.DFSUtil (DFSUtil.java:httpServerTemplateForNNAndJN(1641)) - Starting Web-server for hddsDatanode at: http://0.0.0.0:0
2019-06-14 11:35:14,424 INFO  server.AuthenticationFilter (AuthenticationFilter.java:constructSecretProvider(240)) - Unable to initialize FileSignerSecretProvider, falling back to use random secrets.
2019-06-14 11:35:14,425 WARN  http.HttpRequestLog (HttpRequestLog.java:getRequestLog(97)) - Jetty request log can only be enabled using Log4j
2019-06-14 11:35:14,427 INFO  http.HttpServer2 (HttpServer2.java:addGlobalFilter(975)) - Added global filter 'safety' (class=org.apache.hadoop.http.HttpServer2$QuotingInputFilter)
2019-06-14 11:35:14,428 INFO  http.HttpServer2 (HttpServer2.java:addFilter(948)) - Added filter static_user_filter (class=org.apache.hadoop.http.lib.StaticUserWebFilter$StaticUserFilter) to context hddsDatanode
2019-06-14 11:35:14,428 INFO  http.HttpServer2 (HttpServer2.java:addFilter(958)) - Added filter static_user_filter (class=org.apache.hadoop.http.lib.StaticUserWebFilter$StaticUserFilter) to context logs
2019-06-14 11:35:14,428 INFO  http.HttpServer2 (HttpServer2.java:addFilter(958)) - Added filter static_user_filter (class=org.apache.hadoop.http.lib.StaticUserWebFilter$StaticUserFilter) to context static
2019-06-14 11:35:14,429 INFO  http.HttpServer2 (HttpServer2.java:bindListener(1191)) - Jetty bound to port 44517
2019-06-14 11:35:14,429 INFO  server.Server (Server.java:doStart(351)) - jetty-9.3.24.v20180605, build timestamp: 2018-06-05T17:11:56Z, git hash: 84205aa28f11a4f31f2a3b86d1bba2cc8ab69827
2019-06-14 11:35:14,431 INFO  handler.ContextHandler (ContextHandler.java:doStart(781)) - Started o.e.j.s.ServletContextHandler@2e51d054{/logs,file:///opt/src/hadoop-ozone/integration-test/target/log,AVAILABLE}
2019-06-14 11:35:14,432 INFO  handler.ContextHandler (ContextHandler.java:doStart(781)) - Started o.e.j.s.ServletContextHandler@615e3f51{/static,jar:file:/root/.m2/repository/org/apache/hadoop/hadoop-hdds-container-service/0.5.0-SNAPSHOT/hadoop-hdds-container-service-0.5.0-SNAPSHOT.jar!/webapps/static,AVAILABLE}
2019-06-14 11:35:14,465 INFO  handler.ContextHandler (ContextHandler.java:doStart(781)) - Started o.e.j.w.WebAppContext@5e1fc2aa{/,file:///tmp/jetty-0.0.0.0-44517-hddsDatanode-_-any-1745231296972191742.dir/webapp/,AVAILABLE}{/hddsDatanode}
2019-06-14 11:35:14,466 INFO  server.AbstractConnector (AbstractConnector.java:doStart(278)) - Started ServerConnector@688d411b{HTTP/1.1,[http/1.1]}{0.0.0.0:44517}
2019-06-14 11:35:14,466 INFO  server.Server (Server.java:doStart(419)) - Started @3248ms
2019-06-14 11:35:14,467 INFO  server.BaseHttpServer (BaseHttpServer.java:updateConnectorAddress(207)) - HTTP server of HDDSDATANODE is listening at http://0.0.0.0:44517
2019-06-14 11:35:15,330 INFO  ozone.HddsDatanodeService (HddsDatanodeService.java:startPlugins(396)) - Started plug-in org.apache.hadoop.ozone.web.OzoneHddsDatanodeService@30bf26df
2019-06-14 11:35:15,331 INFO  impl.MetricsSystemImpl (MetricsSystemImpl.java:init(158)) - HddsDatanode metrics system started (again)
2019-06-14 11:35:15,331 INFO  ozone.HddsDatanodeService (HddsDatanodeService.java:start(185)) - HddsDatanodeService host:ozone-ln5s8-3576005631 ip:192.168.134.79
2019-06-14 11:35:15,347 INFO  util.JvmPauseMonitor (JvmPauseMonitor.java:run(188)) - Starting JVM pause monitor
2019-06-14 11:35:15,350 INFO  volume.HddsVolume (HddsVolume.java:<init>(176)) - Creating Volume: /opt/src/hadoop-ozone/integration-test/target/test-dir/MiniOzoneClusterImpl-1d708769-a828-425d-b56d-eb5e13d4ac72/datanode-1/data/containers/hdds of  storage type : DISK and capacity : 104021790720
2019-06-14 11:35:15,350 INFO  volume.VolumeSet (VolumeSet.java:initializeVolumeSet(170)) - Added Volume : /opt/src/hadoop-ozone/integration-test/target/test-dir/MiniOzoneClusterImpl-1d708769-a828-425d-b56d-eb5e13d4ac72/datanode-1/data/containers/hdds to VolumeSet
2019-06-14 11:35:15,350 INFO  volume.ThrottledAsyncChecker (ThrottledAsyncChecker.java:schedule(140)) - Scheduling a check for org.apache.hadoop.ozone.container.common.volume.HddsVolume@f171912
2019-06-14 11:35:15,358 INFO  volume.HddsVolumeChecker (HddsVolumeChecker.java:checkAllVolumes(203)) - Scheduled health check for volume org.apache.hadoop.ozone.container.common.volume.HddsVolume@f171912
2019-06-14 11:35:15,379 INFO  ratis.XceiverServerRatis (XceiverServerRatis.java:newXceiverServerRatis(401)) - Found a free port for the server : 46849
2019-06-14 11:35:15,381 INFO  impl.RaftServerProxy (ConfUtils.java:logGet(43)) - raft.rpc.type = GRPC (default)
2019-06-14 11:35:15,382 INFO  grpc.GrpcConfigKeys$Server (ConfUtils.java:logGet(43)) - raft.grpc.server.port = 46849 (custom)
2019-06-14 11:35:15,382 INFO  server.GrpcService (ConfUtils.java:logGet(43)) - raft.grpc.message.size.max = 33570816 (custom)
2019-06-14 11:35:15,382 INFO  server.RaftServerConfigKeys (ConfUtils.java:logGet(43)) - raft.server.log.appender.buffer.byte-limit = 33554432 (custom)
2019-06-14 11:35:15,382 INFO  server.GrpcService (ConfUtils.java:logGet(43)) - raft.grpc.flow.control.window = 1MB (=1048576) (default)
2019-06-14 11:35:15,383 INFO  server.RaftServerConfigKeys (ConfUtils.java:logGet(43)) - raft.server.rpc.request.timeout = 3000ms (default)
2019-06-14 11:35:15,383 INFO  server.RaftServerConfigKeys (ConfUtils.java:logGet(43)) - raft.server.storage.dir = [/opt/src/hadoop-ozone/integration-test/target/test-dir/MiniOzoneClusterImpl-1d708769-a828-425d-b56d-eb5e13d4ac72/datanode-1/data/ratis] (custom)
2019-06-14 11:35:15,384 INFO  server.XceiverServerGrpc (XceiverServerGrpc.java:<init>(97)) - Found a free port for the server : 35655
2019-06-14 11:35:15,384 INFO  replication.SimpleContainerDownloader (SimpleContainerDownloader.java:<init>(72)) - Starting container downloader service to copy containers to replicate.
2019-06-14 11:35:15,385 INFO  hdfs.DFSUtil (DFSUtil.java:httpServerTemplateForNNAndJN(1641)) - Starting Web-server for hddsDatanode at: http://0.0.0.0:0
2019-06-14 11:35:15,386 INFO  server.AuthenticationFilter (AuthenticationFilter.java:constructSecretProvider(240)) - Unable to initialize FileSignerSecretProvider, falling back to use random secrets.
2019-06-14 11:35:15,388 WARN  http.HttpRequestLog (HttpRequestLog.java:getRequestLog(97)) - Jetty request log can only be enabled using Log4j
2019-06-14 11:35:15,390 INFO  http.HttpServer2 (HttpServer2.java:addGlobalFilter(975)) - Added global filter 'safety' (class=org.apache.hadoop.http.HttpServer2$QuotingInputFilter)
2019-06-14 11:35:15,391 INFO  http.HttpServer2 (HttpServer2.java:addFilter(948)) - Added filter static_user_filter (class=org.apache.hadoop.http.lib.StaticUserWebFilter$StaticUserFilter) to context hddsDatanode
2019-06-14 11:35:15,391 INFO  http.HttpServer2 (HttpServer2.java:addFilter(958)) - Added filter static_user_filter (class=org.apache.hadoop.http.lib.StaticUserWebFilter$StaticUserFilter) to context logs
2019-06-14 11:35:15,391 INFO  http.HttpServer2 (HttpServer2.java:addFilter(958)) - Added filter static_user_filter (class=org.apache.hadoop.http.lib.StaticUserWebFilter$StaticUserFilter) to context static
2019-06-14 11:35:15,392 INFO  http.HttpServer2 (HttpServer2.java:bindListener(1191)) - Jetty bound to port 42613
2019-06-14 11:35:15,392 INFO  server.Server (Server.java:doStart(351)) - jetty-9.3.24.v20180605, build timestamp: 2018-06-05T17:11:56Z, git hash: 84205aa28f11a4f31f2a3b86d1bba2cc8ab69827
2019-06-14 11:35:15,399 INFO  handler.ContextHandler (ContextHandler.java:doStart(781)) - Started o.e.j.s.ServletContextHandler@18b6d3c1{/logs,file:///opt/src/hadoop-ozone/integration-test/target/log,AVAILABLE}
2019-06-14 11:35:15,400 INFO  handler.ContextHandler (ContextHandler.java:doStart(781)) - Started o.e.j.s.ServletContextHandler@3fe512d2{/static,jar:file:/root/.m2/repository/org/apache/hadoop/hadoop-hdds-container-service/0.5.0-SNAPSHOT/hadoop-hdds-container-service-0.5.0-SNAPSHOT.jar!/webapps/static,AVAILABLE}
2019-06-14 11:35:15,443 INFO  handler.ContextHandler (ContextHandler.java:doStart(781)) - Started o.e.j.w.WebAppContext@e7b265e{/,file:///tmp/jetty-0.0.0.0-42613-hddsDatanode-_-any-4111614953380952641.dir/webapp/,AVAILABLE}{/hddsDatanode}
2019-06-14 11:35:15,443 INFO  server.AbstractConnector (AbstractConnector.java:doStart(278)) - Started ServerConnector@51da32e5{HTTP/1.1,[http/1.1]}{0.0.0.0:42613}
2019-06-14 11:35:15,445 INFO  server.Server (Server.java:doStart(419)) - Started @4226ms
2019-06-14 11:35:15,447 INFO  server.BaseHttpServer (BaseHttpServer.java:updateConnectorAddress(207)) - HTTP server of HDDSDATANODE is listening at http://0.0.0.0:42613
2019-06-14 11:35:15,447 INFO  datanode.InitDatanodeState (InitDatanodeState.java:persistContainerDatanodeDetails(140)) - DatanodeDetails is persisted to /opt/src/hadoop-ozone/integration-test/target/test-dir/MiniOzoneClusterImpl-1d708769-a828-425d-b56d-eb5e13d4ac72/datanode-0/meta/datanode.id
2019-06-14 11:35:15,579 INFO  ozone.HddsDatanodeService (HddsDatanodeService.java:startPlugins(396)) - Started plug-in org.apache.hadoop.ozone.web.OzoneHddsDatanodeService@1d6751e3
2019-06-14 11:35:15,580 INFO  impl.MetricsSystemImpl (MetricsSystemImpl.java:init(158)) - HddsDatanode metrics system started (again)
2019-06-14 11:35:15,581 INFO  ozone.HddsDatanodeService (HddsDatanodeService.java:start(185)) - HddsDatanodeService host:ozone-ln5s8-3576005631 ip:192.168.134.79
2019-06-14 11:35:15,599 INFO  util.JvmPauseMonitor (JvmPauseMonitor.java:run(188)) - Starting JVM pause monitor
2019-06-14 11:35:15,601 INFO  volume.HddsVolume (HddsVolume.java:<init>(176)) - Creating Volume: /opt/src/hadoop-ozone/integration-test/target/test-dir/MiniOzoneClusterImpl-1d708769-a828-425d-b56d-eb5e13d4ac72/datanode-2/data/containers/hdds of  storage type : DISK and capacity : 104021790720
2019-06-14 11:35:15,601 INFO  volume.VolumeSet (VolumeSet.java:initializeVolumeSet(170)) - Added Volume : /opt/src/hadoop-ozone/integration-test/target/test-dir/MiniOzoneClusterImpl-1d708769-a828-425d-b56d-eb5e13d4ac72/datanode-2/data/containers/hdds to VolumeSet
2019-06-14 11:35:15,601 INFO  volume.ThrottledAsyncChecker (ThrottledAsyncChecker.java:schedule(140)) - Scheduling a check for org.apache.hadoop.ozone.container.common.volume.HddsVolume@2e7af36e
2019-06-14 11:35:15,608 INFO  volume.HddsVolumeChecker (HddsVolumeChecker.java:checkAllVolumes(203)) - Scheduled health check for volume org.apache.hadoop.ozone.container.common.volume.HddsVolume@2e7af36e
2019-06-14 11:35:15,626 INFO  datanode.InitDatanodeState (InitDatanodeState.java:persistContainerDatanodeDetails(140)) - DatanodeDetails is persisted to /opt/src/hadoop-ozone/integration-test/target/test-dir/MiniOzoneClusterImpl-1d708769-a828-425d-b56d-eb5e13d4ac72/datanode-1/meta/datanode.id
2019-06-14 11:35:15,631 INFO  ratis.XceiverServerRatis (XceiverServerRatis.java:newXceiverServerRatis(401)) - Found a free port for the server : 39405
2019-06-14 11:35:15,632 INFO  impl.RaftServerProxy (ConfUtils.java:logGet(43)) - raft.rpc.type = GRPC (default)
2019-06-14 11:35:15,632 INFO  grpc.GrpcConfigKeys$Server (ConfUtils.java:logGet(43)) - raft.grpc.server.port = 39405 (custom)
2019-06-14 11:35:15,633 INFO  server.GrpcService (ConfUtils.java:logGet(43)) - raft.grpc.message.size.max = 33570816 (custom)
2019-06-14 11:35:15,633 INFO  server.RaftServerConfigKeys (ConfUtils.java:logGet(43)) - raft.server.log.appender.buffer.byte-limit = 33554432 (custom)
2019-06-14 11:35:15,633 INFO  server.GrpcService (ConfUtils.java:logGet(43)) - raft.grpc.flow.control.window = 1MB (=1048576) (default)
2019-06-14 11:35:15,634 INFO  server.RaftServerConfigKeys (ConfUtils.java:logGet(43)) - raft.server.rpc.request.timeout = 3000ms (default)
2019-06-14 11:35:15,634 INFO  server.RaftServerConfigKeys (ConfUtils.java:logGet(43)) - raft.server.storage.dir = [/opt/src/hadoop-ozone/integration-test/target/test-dir/MiniOzoneClusterImpl-1d708769-a828-425d-b56d-eb5e13d4ac72/datanode-2/data/ratis] (custom)
2019-06-14 11:35:15,635 INFO  server.XceiverServerGrpc (XceiverServerGrpc.java:<init>(97)) - Found a free port for the server : 39459
2019-06-14 11:35:15,636 INFO  replication.SimpleContainerDownloader (SimpleContainerDownloader.java:<init>(72)) - Starting container downloader service to copy containers to replicate.
2019-06-14 11:35:15,636 INFO  hdfs.DFSUtil (DFSUtil.java:httpServerTemplateForNNAndJN(1641)) - Starting Web-server for hddsDatanode at: http://0.0.0.0:0
2019-06-14 11:35:15,638 INFO  server.AuthenticationFilter (AuthenticationFilter.java:constructSecretProvider(240)) - Unable to initialize FileSignerSecretProvider, falling back to use random secrets.
2019-06-14 11:35:15,638 WARN  http.HttpRequestLog (HttpRequestLog.java:getRequestLog(97)) - Jetty request log can only be enabled using Log4j
2019-06-14 11:35:15,640 INFO  http.HttpServer2 (HttpServer2.java:addGlobalFilter(975)) - Added global filter 'safety' (class=org.apache.hadoop.http.HttpServer2$QuotingInputFilter)
2019-06-14 11:35:15,640 INFO  http.HttpServer2 (HttpServer2.java:addFilter(948)) - Added filter static_user_filter (class=org.apache.hadoop.http.lib.StaticUserWebFilter$StaticUserFilter) to context hddsDatanode
2019-06-14 11:35:15,640 INFO  http.HttpServer2 (HttpServer2.java:addFilter(958)) - Added filter static_user_filter (class=org.apache.hadoop.http.lib.StaticUserWebFilter$StaticUserFilter) to context static
2019-06-14 11:35:15,641 INFO  http.HttpServer2 (HttpServer2.java:addFilter(958)) - Added filter static_user_filter (class=org.apache.hadoop.http.lib.StaticUserWebFilter$StaticUserFilter) to context logs
2019-06-14 11:35:15,641 INFO  http.HttpServer2 (HttpServer2.java:bindListener(1191)) - Jetty bound to port 36759
2019-06-14 11:35:15,641 INFO  server.Server (Server.java:doStart(351)) - jetty-9.3.24.v20180605, build timestamp: 2018-06-05T17:11:56Z, git hash: 84205aa28f11a4f31f2a3b86d1bba2cc8ab69827
2019-06-14 11:35:15,644 INFO  handler.ContextHandler (ContextHandler.java:doStart(781)) - Started o.e.j.s.ServletContextHandler@674da77b{/logs,file:///opt/src/hadoop-ozone/integration-test/target/log,AVAILABLE}
2019-06-14 11:35:15,644 INFO  handler.ContextHandler (ContextHandler.java:doStart(781)) - Started o.e.j.s.ServletContextHandler@6010d0d1{/static,jar:file:/root/.m2/repository/org/apache/hadoop/hadoop-hdds-container-service/0.5.0-SNAPSHOT/hadoop-hdds-container-service-0.5.0-SNAPSHOT.jar!/webapps/static,AVAILABLE}
2019-06-14 11:35:15,674 INFO  handler.ContextHandler (ContextHandler.java:doStart(781)) - Started o.e.j.w.WebAppContext@624b523{/,file:///tmp/jetty-0.0.0.0-36759-hddsDatanode-_-any-8423761304379178951.dir/webapp/,AVAILABLE}{/hddsDatanode}
2019-06-14 11:35:15,675 INFO  server.AbstractConnector (AbstractConnector.java:doStart(278)) - Started ServerConnector@14badc09{HTTP/1.1,[http/1.1]}{0.0.0.0:36759}
2019-06-14 11:35:15,676 INFO  server.Server (Server.java:doStart(419)) - Started @4457ms
2019-06-14 11:35:15,677 INFO  server.BaseHttpServer (BaseHttpServer.java:updateConnectorAddress(207)) - HTTP server of HDDSDATANODE is listening at http://0.0.0.0:36759
2019-06-14 11:35:15,879 INFO  ozone.HddsDatanodeService (HddsDatanodeService.java:startPlugins(396)) - Started plug-in org.apache.hadoop.ozone.web.OzoneHddsDatanodeService@11c78080
2019-06-14 11:35:15,880 INFO  impl.MetricsSystemImpl (MetricsSystemImpl.java:init(158)) - HddsDatanode metrics system started (again)
2019-06-14 11:35:15,881 INFO  ozone.HddsDatanodeService (HddsDatanodeService.java:start(185)) - HddsDatanodeService host:ozone-ln5s8-3576005631 ip:192.168.134.79
2019-06-14 11:35:15,903 INFO  util.JvmPauseMonitor (JvmPauseMonitor.java:run(188)) - Starting JVM pause monitor
2019-06-14 11:35:15,904 INFO  datanode.InitDatanodeState (InitDatanodeState.java:persistContainerDatanodeDetails(140)) - DatanodeDetails is persisted to /opt/src/hadoop-ozone/integration-test/target/test-dir/MiniOzoneClusterImpl-1d708769-a828-425d-b56d-eb5e13d4ac72/datanode-2/meta/datanode.id
2019-06-14 11:35:15,907 INFO  volume.HddsVolume (HddsVolume.java:<init>(176)) - Creating Volume: /opt/src/hadoop-ozone/integration-test/target/test-dir/MiniOzoneClusterImpl-1d708769-a828-425d-b56d-eb5e13d4ac72/datanode-3/data/containers/hdds of  storage type : DISK and capacity : 104021790720
2019-06-14 11:35:15,907 INFO  volume.VolumeSet (VolumeSet.java:initializeVolumeSet(170)) - Added Volume : /opt/src/hadoop-ozone/integration-test/target/test-dir/MiniOzoneClusterImpl-1d708769-a828-425d-b56d-eb5e13d4ac72/datanode-3/data/containers/hdds to VolumeSet
2019-06-14 11:35:15,907 INFO  volume.ThrottledAsyncChecker (ThrottledAsyncChecker.java:schedule(140)) - Scheduling a check for org.apache.hadoop.ozone.container.common.volume.HddsVolume@7c11d32
2019-06-14 11:35:15,915 INFO  volume.HddsVolumeChecker (HddsVolumeChecker.java:checkAllVolumes(203)) - Scheduled health check for volume org.apache.hadoop.ozone.container.common.volume.HddsVolume@7c11d32
2019-06-14 11:35:15,933 INFO  ratis.XceiverServerRatis (XceiverServerRatis.java:newXceiverServerRatis(401)) - Found a free port for the server : 42189
2019-06-14 11:35:15,934 INFO  impl.RaftServerProxy (ConfUtils.java:logGet(43)) - raft.rpc.type = GRPC (default)
2019-06-14 11:35:15,934 INFO  grpc.GrpcConfigKeys$Server (ConfUtils.java:logGet(43)) - raft.grpc.server.port = 42189 (custom)
2019-06-14 11:35:15,936 INFO  server.GrpcService (ConfUtils.java:logGet(43)) - raft.grpc.message.size.max = 33570816 (custom)
2019-06-14 11:35:15,936 INFO  server.RaftServerConfigKeys (ConfUtils.java:logGet(43)) - raft.server.log.appender.buffer.byte-limit = 33554432 (custom)
2019-06-14 11:35:15,936 INFO  server.GrpcService (ConfUtils.java:logGet(43)) - raft.grpc.flow.control.window = 1MB (=1048576) (default)
2019-06-14 11:35:15,937 INFO  server.RaftServerConfigKeys (ConfUtils.java:logGet(43)) - raft.server.rpc.request.timeout = 3000ms (default)
2019-06-14 11:35:15,937 INFO  server.RaftServerConfigKeys (ConfUtils.java:logGet(43)) - raft.server.storage.dir = [/opt/src/hadoop-ozone/integration-test/target/test-dir/MiniOzoneClusterImpl-1d708769-a828-425d-b56d-eb5e13d4ac72/datanode-3/data/ratis] (custom)
2019-06-14 11:35:15,938 INFO  server.XceiverServerGrpc (XceiverServerGrpc.java:<init>(97)) - Found a free port for the server : 35367
2019-06-14 11:35:15,938 INFO  replication.SimpleContainerDownloader (SimpleContainerDownloader.java:<init>(72)) - Starting container downloader service to copy containers to replicate.
2019-06-14 11:35:15,939 INFO  hdfs.DFSUtil (DFSUtil.java:httpServerTemplateForNNAndJN(1641)) - Starting Web-server for hddsDatanode at: http://0.0.0.0:0
2019-06-14 11:35:15,941 INFO  server.AuthenticationFilter (AuthenticationFilter.java:constructSecretProvider(240)) - Unable to initialize FileSignerSecretProvider, falling back to use random secrets.
2019-06-14 11:35:15,942 WARN  http.HttpRequestLog (HttpRequestLog.java:getRequestLog(97)) - Jetty request log can only be enabled using Log4j
2019-06-14 11:35:15,945 INFO  http.HttpServer2 (HttpServer2.java:addGlobalFilter(975)) - Added global filter 'safety' (class=org.apache.hadoop.http.HttpServer2$QuotingInputFilter)
2019-06-14 11:35:15,946 INFO  http.HttpServer2 (HttpServer2.java:addFilter(948)) - Added filter static_user_filter (class=org.apache.hadoop.http.lib.StaticUserWebFilter$StaticUserFilter) to context hddsDatanode
2019-06-14 11:35:15,946 INFO  http.HttpServer2 (HttpServer2.java:addFilter(958)) - Added filter static_user_filter (class=org.apache.hadoop.http.lib.StaticUserWebFilter$StaticUserFilter) to context logs
2019-06-14 11:35:15,946 INFO  http.HttpServer2 (HttpServer2.java:addFilter(958)) - Added filter static_user_filter (class=org.apache.hadoop.http.lib.StaticUserWebFilter$StaticUserFilter) to context static
2019-06-14 11:35:15,947 INFO  http.HttpServer2 (HttpServer2.java:bindListener(1191)) - Jetty bound to port 45259
2019-06-14 11:35:15,947 INFO  server.Server (Server.java:doStart(351)) - jetty-9.3.24.v20180605, build timestamp: 2018-06-05T17:11:56Z, git hash: 84205aa28f11a4f31f2a3b86d1bba2cc8ab69827
2019-06-14 11:35:15,952 INFO  handler.ContextHandler (ContextHandler.java:doStart(781)) - Started o.e.j.s.ServletContextHandler@25974207{/logs,file:///opt/src/hadoop-ozone/integration-test/target/log,AVAILABLE}
2019-06-14 11:35:15,953 INFO  handler.ContextHandler (ContextHandler.java:doStart(781)) - Started o.e.j.s.ServletContextHandler@195113de{/static,jar:file:/root/.m2/repository/org/apache/hadoop/hadoop-hdds-container-service/0.5.0-SNAPSHOT/hadoop-hdds-container-service-0.5.0-SNAPSHOT.jar!/webapps/static,AVAILABLE}
2019-06-14 11:35:15,983 INFO  handler.ContextHandler (ContextHandler.java:doStart(781)) - Started o.e.j.w.WebAppContext@74c9e11{/,file:///tmp/jetty-0.0.0.0-45259-hddsDatanode-_-any-8040521416322700673.dir/webapp/,AVAILABLE}{/hddsDatanode}
2019-06-14 11:35:15,984 INFO  server.AbstractConnector (AbstractConnector.java:doStart(278)) - Started ServerConnector@9fe720a{HTTP/1.1,[http/1.1]}{0.0.0.0:45259}
2019-06-14 11:35:15,985 INFO  server.Server (Server.java:doStart(419)) - Started @4766ms
2019-06-14 11:35:15,985 INFO  server.BaseHttpServer (BaseHttpServer.java:updateConnectorAddress(207)) - HTTP server of HDDSDATANODE is listening at http://0.0.0.0:45259
2019-06-14 11:35:16,137 INFO  ozone.HddsDatanodeService (HddsDatanodeService.java:startPlugins(396)) - Started plug-in org.apache.hadoop.ozone.web.OzoneHddsDatanodeService@76216830
2019-06-14 11:35:16,137 INFO  impl.MetricsSystemImpl (MetricsSystemImpl.java:init(158)) - HddsDatanode metrics system started (again)
2019-06-14 11:35:16,138 INFO  ozone.HddsDatanodeService (HddsDatanodeService.java:start(185)) - HddsDatanodeService host:ozone-ln5s8-3576005631 ip:192.168.134.79
2019-06-14 11:35:16,155 INFO  util.JvmPauseMonitor (JvmPauseMonitor.java:run(188)) - Starting JVM pause monitor
2019-06-14 11:35:16,160 INFO  volume.HddsVolume (HddsVolume.java:<init>(176)) - Creating Volume: /opt/src/hadoop-ozone/integration-test/target/test-dir/MiniOzoneClusterImpl-1d708769-a828-425d-b56d-eb5e13d4ac72/datanode-4/data/containers/hdds of  storage type : DISK and capacity : 104021790720
2019-06-14 11:35:16,160 INFO  volume.VolumeSet (VolumeSet.java:initializeVolumeSet(170)) - Added Volume : /opt/src/hadoop-ozone/integration-test/target/test-dir/MiniOzoneClusterImpl-1d708769-a828-425d-b56d-eb5e13d4ac72/datanode-4/data/containers/hdds to VolumeSet
2019-06-14 11:35:16,161 INFO  volume.ThrottledAsyncChecker (ThrottledAsyncChecker.java:schedule(140)) - Scheduling a check for org.apache.hadoop.ozone.container.common.volume.HddsVolume@391d1e33
2019-06-14 11:35:16,164 INFO  volume.HddsVolumeChecker (HddsVolumeChecker.java:checkAllVolumes(203)) - Scheduled health check for volume org.apache.hadoop.ozone.container.common.volume.HddsVolume@391d1e33
2019-06-14 11:35:16,165 INFO  datanode.InitDatanodeState (InitDatanodeState.java:persistContainerDatanodeDetails(140)) - DatanodeDetails is persisted to /opt/src/hadoop-ozone/integration-test/target/test-dir/MiniOzoneClusterImpl-1d708769-a828-425d-b56d-eb5e13d4ac72/datanode-3/meta/datanode.id
2019-06-14 11:35:16,182 INFO  ratis.XceiverServerRatis (XceiverServerRatis.java:newXceiverServerRatis(401)) - Found a free port for the server : 34061
2019-06-14 11:35:16,183 INFO  impl.RaftServerProxy (ConfUtils.java:logGet(43)) - raft.rpc.type = GRPC (default)
2019-06-14 11:35:16,184 INFO  grpc.GrpcConfigKeys$Server (ConfUtils.java:logGet(43)) - raft.grpc.server.port = 34061 (custom)
2019-06-14 11:35:16,184 INFO  server.GrpcService (ConfUtils.java:logGet(43)) - raft.grpc.message.size.max = 33570816 (custom)
2019-06-14 11:35:16,184 INFO  server.RaftServerConfigKeys (ConfUtils.java:logGet(43)) - raft.server.log.appender.buffer.byte-limit = 33554432 (custom)
2019-06-14 11:35:16,184 INFO  server.GrpcService (ConfUtils.java:logGet(43)) - raft.grpc.flow.control.window = 1MB (=1048576) (default)
2019-06-14 11:35:16,185 INFO  server.RaftServerConfigKeys (ConfUtils.java:logGet(43)) - raft.server.rpc.request.timeout = 3000ms (default)
2019-06-14 11:35:16,185 INFO  server.RaftServerConfigKeys (ConfUtils.java:logGet(43)) - raft.server.storage.dir = [/opt/src/hadoop-ozone/integration-test/target/test-dir/MiniOzoneClusterImpl-1d708769-a828-425d-b56d-eb5e13d4ac72/datanode-4/data/ratis] (custom)
2019-06-14 11:35:16,186 INFO  server.XceiverServerGrpc (XceiverServerGrpc.java:<init>(97)) - Found a free port for the server : 46373
2019-06-14 11:35:16,186 INFO  replication.SimpleContainerDownloader (SimpleContainerDownloader.java:<init>(72)) - Starting container downloader service to copy containers to replicate.
2019-06-14 11:35:16,187 INFO  hdfs.DFSUtil (DFSUtil.java:httpServerTemplateForNNAndJN(1641)) - Starting Web-server for hddsDatanode at: http://0.0.0.0:0
2019-06-14 11:35:16,188 INFO  server.AuthenticationFilter (AuthenticationFilter.java:constructSecretProvider(240)) - Unable to initialize FileSignerSecretProvider, falling back to use random secrets.
2019-06-14 11:35:16,189 WARN  http.HttpRequestLog (HttpRequestLog.java:getRequestLog(97)) - Jetty request log can only be enabled using Log4j
2019-06-14 11:35:16,191 INFO  http.HttpServer2 (HttpServer2.java:addGlobalFilter(975)) - Added global filter 'safety' (class=org.apache.hadoop.http.HttpServer2$QuotingInputFilter)
2019-06-14 11:35:16,191 INFO  http.HttpServer2 (HttpServer2.java:addFilter(948)) - Added filter static_user_filter (class=org.apache.hadoop.http.lib.StaticUserWebFilter$StaticUserFilter) to context hddsDatanode
2019-06-14 11:35:16,192 INFO  http.HttpServer2 (HttpServer2.java:addFilter(958)) - Added filter static_user_filter (class=org.apache.hadoop.http.lib.StaticUserWebFilter$StaticUserFilter) to context static
2019-06-14 11:35:16,192 INFO  http.HttpServer2 (HttpServer2.java:addFilter(958)) - Added filter static_user_filter (class=org.apache.hadoop.http.lib.StaticUserWebFilter$StaticUserFilter) to context logs
2019-06-14 11:35:16,192 INFO  http.HttpServer2 (HttpServer2.java:bindListener(1191)) - Jetty bound to port 41743
2019-06-14 11:35:16,193 INFO  server.Server (Server.java:doStart(351)) - jetty-9.3.24.v20180605, build timestamp: 2018-06-05T17:11:56Z, git hash: 84205aa28f11a4f31f2a3b86d1bba2cc8ab69827
2019-06-14 11:35:16,199 INFO  handler.ContextHandler (ContextHandler.java:doStart(781)) - Started o.e.j.s.ServletContextHandler@6f38f084{/logs,file:///opt/src/hadoop-ozone/integration-test/target/log,AVAILABLE}
2019-06-14 11:35:16,202 INFO  handler.ContextHandler (ContextHandler.java:doStart(781)) - Started o.e.j.s.ServletContextHandler@372f0a99{/static,jar:file:/root/.m2/repository/org/apache/hadoop/hadoop-hdds-container-service/0.5.0-SNAPSHOT/hadoop-hdds-container-service-0.5.0-SNAPSHOT.jar!/webapps/static,AVAILABLE}
2019-06-14 11:35:16,239 INFO  handler.ContextHandler (ContextHandler.java:doStart(781)) - Started o.e.j.w.WebAppContext@6b2fdffc{/,file:///tmp/jetty-0.0.0.0-41743-hddsDatanode-_-any-9151031197331431616.dir/webapp/,AVAILABLE}{/hddsDatanode}
2019-06-14 11:35:16,239 INFO  server.AbstractConnector (AbstractConnector.java:doStart(278)) - Started ServerConnector@2ca3d826{HTTP/1.1,[http/1.1]}{0.0.0.0:41743}
2019-06-14 11:35:16,240 INFO  server.Server (Server.java:doStart(419)) - Started @5022ms
2019-06-14 11:35:16,241 INFO  server.BaseHttpServer (BaseHttpServer.java:updateConnectorAddress(207)) - HTTP server of HDDSDATANODE is listening at http://0.0.0.0:41743
2019-06-14 11:35:16,388 INFO  ozone.HddsDatanodeService (HddsDatanodeService.java:startPlugins(396)) - Started plug-in org.apache.hadoop.ozone.web.OzoneHddsDatanodeService@624b3544
2019-06-14 11:35:16,394 INFO  impl.MetricsSystemImpl (MetricsSystemImpl.java:init(158)) - HddsDatanode metrics system started (again)
2019-06-14 11:35:16,394 INFO  ozone.HddsDatanodeService (HddsDatanodeService.java:start(185)) - HddsDatanodeService host:ozone-ln5s8-3576005631 ip:192.168.134.79
2019-06-14 11:35:16,406 INFO  util.JvmPauseMonitor (JvmPauseMonitor.java:run(188)) - Starting JVM pause monitor
2019-06-14 11:35:16,408 INFO  datanode.InitDatanodeState (InitDatanodeState.java:persistContainerDatanodeDetails(140)) - DatanodeDetails is persisted to /opt/src/hadoop-ozone/integration-test/target/test-dir/MiniOzoneClusterImpl-1d708769-a828-425d-b56d-eb5e13d4ac72/datanode-4/meta/datanode.id
2019-06-14 11:35:16,425 INFO  volume.HddsVolume (HddsVolume.java:<init>(176)) - Creating Volume: /opt/src/hadoop-ozone/integration-test/target/test-dir/MiniOzoneClusterImpl-1d708769-a828-425d-b56d-eb5e13d4ac72/datanode-5/data/containers/hdds of  storage type : DISK and capacity : 104021790720
2019-06-14 11:35:16,425 INFO  volume.VolumeSet (VolumeSet.java:initializeVolumeSet(170)) - Added Volume : /opt/src/hadoop-ozone/integration-test/target/test-dir/MiniOzoneClusterImpl-1d708769-a828-425d-b56d-eb5e13d4ac72/datanode-5/data/containers/hdds to VolumeSet
2019-06-14 11:35:16,425 INFO  volume.ThrottledAsyncChecker (ThrottledAsyncChecker.java:schedule(140)) - Scheduling a check for org.apache.hadoop.ozone.container.common.volume.HddsVolume@55a0f011
2019-06-14 11:35:16,426 INFO  volume.HddsVolumeChecker (HddsVolumeChecker.java:checkAllVolumes(203)) - Scheduled health check for volume org.apache.hadoop.ozone.container.common.volume.HddsVolume@55a0f011
2019-06-14 11:35:16,449 INFO  ratis.XceiverServerRatis (XceiverServerRatis.java:newXceiverServerRatis(401)) - Found a free port for the server : 37941
2019-06-14 11:35:16,451 INFO  impl.RaftServerProxy (ConfUtils.java:logGet(43)) - raft.rpc.type = GRPC (default)
2019-06-14 11:35:16,451 INFO  grpc.GrpcConfigKeys$Server (ConfUtils.java:logGet(43)) - raft.grpc.server.port = 37941 (custom)
2019-06-14 11:35:16,451 INFO  server.GrpcService (ConfUtils.java:logGet(43)) - raft.grpc.message.size.max = 33570816 (custom)
2019-06-14 11:35:16,452 INFO  server.RaftServerConfigKeys (ConfUtils.java:logGet(43)) - raft.server.log.appender.buffer.byte-limit = 33554432 (custom)
2019-06-14 11:35:16,452 INFO  server.GrpcService (ConfUtils.java:logGet(43)) - raft.grpc.flow.control.window = 1MB (=1048576) (default)
2019-06-14 11:35:16,452 INFO  server.RaftServerConfigKeys (ConfUtils.java:logGet(43)) - raft.server.rpc.request.timeout = 3000ms (default)
2019-06-14 11:35:16,453 INFO  server.RaftServerConfigKeys (ConfUtils.java:logGet(43)) - raft.server.storage.dir = [/opt/src/hadoop-ozone/integration-test/target/test-dir/MiniOzoneClusterImpl-1d708769-a828-425d-b56d-eb5e13d4ac72/datanode-5/data/ratis] (custom)
2019-06-14 11:35:16,454 INFO  server.XceiverServerGrpc (XceiverServerGrpc.java:<init>(97)) - Found a free port for the server : 45605
2019-06-14 11:35:16,454 INFO  replication.SimpleContainerDownloader (SimpleContainerDownloader.java:<init>(72)) - Starting container downloader service to copy containers to replicate.
2019-06-14 11:35:16,455 INFO  hdfs.DFSUtil (DFSUtil.java:httpServerTemplateForNNAndJN(1641)) - Starting Web-server for hddsDatanode at: http://0.0.0.0:0
2019-06-14 11:35:16,457 INFO  server.AuthenticationFilter (AuthenticationFilter.java:constructSecretProvider(240)) - Unable to initialize FileSignerSecretProvider, falling back to use random secrets.
2019-06-14 11:35:16,457 WARN  http.HttpRequestLog (HttpRequestLog.java:getRequestLog(97)) - Jetty request log can only be enabled using Log4j
2019-06-14 11:35:16,460 INFO  http.HttpServer2 (HttpServer2.java:addGlobalFilter(975)) - Added global filter 'safety' (class=org.apache.hadoop.http.HttpServer2$QuotingInputFilter)
2019-06-14 11:35:16,460 INFO  http.HttpServer2 (HttpServer2.java:addFilter(948)) - Added filter static_user_filter (class=org.apache.hadoop.http.lib.StaticUserWebFilter$StaticUserFilter) to context hddsDatanode
2019-06-14 11:35:16,460 INFO  http.HttpServer2 (HttpServer2.java:addFilter(958)) - Added filter static_user_filter (class=org.apache.hadoop.http.lib.StaticUserWebFilter$StaticUserFilter) to context logs
2019-06-14 11:35:16,461 INFO  http.HttpServer2 (HttpServer2.java:addFilter(958)) - Added filter static_user_filter (class=org.apache.hadoop.http.lib.StaticUserWebFilter$StaticUserFilter) to context static
2019-06-14 11:35:16,462 INFO  http.HttpServer2 (HttpServer2.java:bindListener(1191)) - Jetty bound to port 39645
2019-06-14 11:35:16,462 INFO  server.Server (Server.java:doStart(351)) - jetty-9.3.24.v20180605, build timestamp: 2018-06-05T17:11:56Z, git hash: 84205aa28f11a4f31f2a3b86d1bba2cc8ab69827
2019-06-14 11:35:16,487 INFO  handler.ContextHandler (ContextHandler.java:doStart(781)) - Started o.e.j.s.ServletContextHandler@23e61112{/logs,file:///opt/src/hadoop-ozone/integration-test/target/log,AVAILABLE}
2019-06-14 11:35:16,491 INFO  handler.ContextHandler (ContextHandler.java:doStart(781)) - Started o.e.j.s.ServletContextHandler@61b60600{/static,jar:file:/root/.m2/repository/org/apache/hadoop/hadoop-hdds-container-service/0.5.0-SNAPSHOT/hadoop-hdds-container-service-0.5.0-SNAPSHOT.jar!/webapps/static,AVAILABLE}
2019-06-14 11:35:16,523 INFO  handler.ContextHandler (ContextHandler.java:doStart(781)) - Started o.e.j.w.WebAppContext@245cb8df{/,file:///tmp/jetty-0.0.0.0-39645-hddsDatanode-_-any-4392208778884570519.dir/webapp/,AVAILABLE}{/hddsDatanode}
2019-06-14 11:35:16,523 INFO  server.AbstractConnector (AbstractConnector.java:doStart(278)) - Started ServerConnector@26b3c9a2{HTTP/1.1,[http/1.1]}{0.0.0.0:39645}
2019-06-14 11:35:16,524 INFO  server.Server (Server.java:doStart(419)) - Started @5306ms
2019-06-14 11:35:16,525 INFO  server.BaseHttpServer (BaseHttpServer.java:updateConnectorAddress(207)) - HTTP server of HDDSDATANODE is listening at http://0.0.0.0:39645
2019-06-14 11:35:16,724 INFO  ozone.HddsDatanodeService (HddsDatanodeService.java:startPlugins(396)) - Started plug-in org.apache.hadoop.ozone.web.OzoneHddsDatanodeService@4662752a
2019-06-14 11:35:16,725 INFO  ozone.MiniOzoneClusterImpl (MiniOzoneClusterImpl.java:lambda$waitForClusterToBeReady$0(142)) - Waiting for cluster to be ready. Got 0 of 6 DN Heartbeats.
2019-06-14 11:35:16,734 INFO  util.JvmPauseMonitor (JvmPauseMonitor.java:run(188)) - Starting JVM pause monitor
2019-06-14 11:35:16,745 INFO  datanode.InitDatanodeState (InitDatanodeState.java:persistContainerDatanodeDetails(140)) - DatanodeDetails is persisted to /opt/src/hadoop-ozone/integration-test/target/test-dir/MiniOzoneClusterImpl-1d708769-a828-425d-b56d-eb5e13d4ac72/datanode-5/meta/datanode.id
2019-06-14 11:35:17,366 INFO  ozoneimpl.OzoneContainer (OzoneContainer.java:start(186)) - Attempting to start container services.
2019-06-14 11:35:17,366 INFO  ozoneimpl.OzoneContainer (OzoneContainer.java:startContainerScrub(160)) - Background container scrubber has been disabled by hdds.containerscrub.enabled
2019-06-14 11:35:17,366 INFO  ratis.XceiverServerRatis (XceiverServerRatis.java:start(418)) - Starting XceiverServerRatis 16c00515-191d-4011-9c79-a76f6a68ac3c at port 45527
2019-06-14 11:35:17,400 INFO  impl.RaftServerProxy (RaftServerProxy.java:lambda$start$3(299)) - 16c00515-191d-4011-9c79-a76f6a68ac3c: start RPC server
2019-06-14 11:35:17,510 INFO  server.GrpcService (GrpcService.java:startImpl(148)) - 16c00515-191d-4011-9c79-a76f6a68ac3c: GrpcService started, listening on 0.0.0.0/0.0.0.0:45527
2019-06-14 11:35:17,603 INFO  ozoneimpl.OzoneContainer (OzoneContainer.java:start(186)) - Attempting to start container services.
2019-06-14 11:35:17,604 INFO  ozoneimpl.OzoneContainer (OzoneContainer.java:startContainerScrub(160)) - Background container scrubber has been disabled by hdds.containerscrub.enabled
2019-06-14 11:35:17,605 INFO  ratis.XceiverServerRatis (XceiverServerRatis.java:start(418)) - Starting XceiverServerRatis 9d609ef0-7a4e-4291-bea8-46a3858a6ef9 at port 46849
2019-06-14 11:35:17,612 INFO  impl.RaftServerProxy (RaftServerProxy.java:lambda$start$3(299)) - 9d609ef0-7a4e-4291-bea8-46a3858a6ef9: start RPC server
2019-06-14 11:35:17,614 INFO  server.GrpcService (GrpcService.java:startImpl(148)) - 9d609ef0-7a4e-4291-bea8-46a3858a6ef9: GrpcService started, listening on 0.0.0.0/0.0.0.0:46849
2019-06-14 11:35:17,725 INFO  ozone.MiniOzoneClusterImpl (MiniOzoneClusterImpl.java:lambda$waitForClusterToBeReady$0(142)) - Waiting for cluster to be ready. Got 0 of 6 DN Heartbeats.
2019-06-14 11:35:17,916 INFO  ozoneimpl.OzoneContainer (OzoneContainer.java:start(186)) - Attempting to start container services.
2019-06-14 11:35:17,918 INFO  ozoneimpl.OzoneContainer (OzoneContainer.java:startContainerScrub(160)) - Background container scrubber has been disabled by hdds.containerscrub.enabled
2019-06-14 11:35:17,918 INFO  ratis.XceiverServerRatis (XceiverServerRatis.java:start(418)) - Starting XceiverServerRatis 5d0900bf-8ef1-4385-8966-0c4ec6490248 at port 39405
2019-06-14 11:35:17,951 INFO  impl.RaftServerProxy (RaftServerProxy.java:lambda$start$3(299)) - 5d0900bf-8ef1-4385-8966-0c4ec6490248: start RPC server
2019-06-14 11:35:17,955 INFO  server.GrpcService (GrpcService.java:startImpl(148)) - 5d0900bf-8ef1-4385-8966-0c4ec6490248: GrpcService started, listening on 0.0.0.0/0.0.0.0:39405
2019-06-14 11:35:18,160 INFO  ozoneimpl.OzoneContainer (OzoneContainer.java:start(186)) - Attempting to start container services.
2019-06-14 11:35:18,161 INFO  ozoneimpl.OzoneContainer (OzoneContainer.java:startContainerScrub(160)) - Background container scrubber has been disabled by hdds.containerscrub.enabled
2019-06-14 11:35:18,161 INFO  ratis.XceiverServerRatis (XceiverServerRatis.java:start(418)) - Starting XceiverServerRatis 03d28d71-1ad6-49d4-b246-f1d1f9a39f37 at port 42189
2019-06-14 11:35:18,177 INFO  impl.RaftServerProxy (RaftServerProxy.java:lambda$start$3(299)) - 03d28d71-1ad6-49d4-b246-f1d1f9a39f37: start RPC server
2019-06-14 11:35:18,179 INFO  server.GrpcService (GrpcService.java:startImpl(148)) - 03d28d71-1ad6-49d4-b246-f1d1f9a39f37: GrpcService started, listening on 0.0.0.0/0.0.0.0:42189
2019-06-14 11:35:18,410 INFO  ozoneimpl.OzoneContainer (OzoneContainer.java:start(186)) - Attempting to start container services.
2019-06-14 11:35:18,412 INFO  ozoneimpl.OzoneContainer (OzoneContainer.java:startContainerScrub(160)) - Background container scrubber has been disabled by hdds.containerscrub.enabled
2019-06-14 11:35:18,412 INFO  ratis.XceiverServerRatis (XceiverServerRatis.java:start(418)) - Starting XceiverServerRatis 82965dc9-8004-4378-a14c-979b0d3927e1 at port 34061
2019-06-14 11:35:18,417 INFO  impl.RaftServerProxy (RaftServerProxy.java:lambda$start$3(299)) - 82965dc9-8004-4378-a14c-979b0d3927e1: start RPC server
2019-06-14 11:35:18,419 INFO  server.GrpcService (GrpcService.java:startImpl(148)) - 82965dc9-8004-4378-a14c-979b0d3927e1: GrpcService started, listening on 0.0.0.0/0.0.0.0:34061
2019-06-14 11:35:18,725 INFO  ozone.MiniOzoneClusterImpl (MiniOzoneClusterImpl.java:lambda$waitForClusterToBeReady$0(142)) - Waiting for cluster to be ready. Got 0 of 6 DN Heartbeats.
2019-06-14 11:35:18,738 INFO  ozoneimpl.OzoneContainer (OzoneContainer.java:start(186)) - Attempting to start container services.
2019-06-14 11:35:18,740 INFO  ozoneimpl.OzoneContainer (OzoneContainer.java:startContainerScrub(160)) - Background container scrubber has been disabled by hdds.containerscrub.enabled
2019-06-14 11:35:18,740 INFO  ratis.XceiverServerRatis (XceiverServerRatis.java:start(418)) - Starting XceiverServerRatis 90f6f9bf-169a-4c9a-b4c6-9c2e3239f6d5 at port 37941
2019-06-14 11:35:18,756 INFO  impl.RaftServerProxy (RaftServerProxy.java:lambda$start$3(299)) - 90f6f9bf-169a-4c9a-b4c6-9c2e3239f6d5: start RPC server
2019-06-14 11:35:18,759 INFO  server.GrpcService (GrpcService.java:startImpl(148)) - 90f6f9bf-169a-4c9a-b4c6-9c2e3239f6d5: GrpcService started, listening on 0.0.0.0/0.0.0.0:37941
2019-06-14 11:35:19,367 INFO  node.SCMNodeManager (SCMNodeManager.java:register(234)) - Registered Data node : 16c00515-191d-4011-9c79-a76f6a68ac3c{ip: 192.168.134.79, host: ozone-ln5s8-3576005631, networkLocation: /default-rack, certSerialId: null}
2019-06-14 11:35:19,374 INFO  safemode.SCMSafeModeManager (DataNodeSafeModeRule.java:process(71)) - SCM in safe mode. 1 DataNodes registered, 1 required.
2019-06-14 11:35:19,374 INFO  safemode.SCMSafeModeManager (SCMSafeModeManager.java:validateSafeModeExitRules(177)) - ScmSafeModeManager, all rules are successfully validated
2019-06-14 11:35:19,374 INFO  safemode.SCMSafeModeManager (SCMSafeModeManager.java:exitSafeMode(193)) - SCM exiting safe mode.
2019-06-14 11:35:19,601 INFO  node.SCMNodeManager (SCMNodeManager.java:register(234)) - Registered Data node : 9d609ef0-7a4e-4291-bea8-46a3858a6ef9{ip: 192.168.134.79, host: ozone-ln5s8-3576005631, networkLocation: /default-rack, certSerialId: null}
2019-06-14 11:35:19,695 INFO  impl.RaftServerProxy (RaftServerProxy.java:addNew(89)) - 16c00515-191d-4011-9c79-a76f6a68ac3c: addNew group-A2BD0493D333:[16c00515-191d-4011-9c79-a76f6a68ac3c:192.168.134.79:45527] returns group-A2BD0493D333:java.util.concurrent.CompletableFuture@40e4f019[Not completed]
2019-06-14 11:35:19,702 INFO  impl.RaftServerImpl (RaftServerImpl.java:<init>(91)) - 16c00515-191d-4011-9c79-a76f6a68ac3c: new RaftServerImpl for group-A2BD0493D333:[16c00515-191d-4011-9c79-a76f6a68ac3c:192.168.134.79:45527] with ContainerStateMachine:uninitialized
2019-06-14 11:35:19,703 INFO  server.RaftServerConfigKeys (ConfUtils.java:logGet(43)) - raft.server.rpc.timeout.min = 1s (custom)
2019-06-14 11:35:19,704 INFO  server.RaftServerConfigKeys (ConfUtils.java:logGet(43)) - raft.server.rpc.timeout.max = 1200ms (custom)
2019-06-14 11:35:19,704 INFO  server.RaftServerConfigKeys (ConfUtils.java:logGet(43)) - raft.server.rpcslowness.timeout = 10s (custom)
2019-06-14 11:35:19,704 INFO  server.RaftServerConfigKeys (ConfUtils.java:logGet(43)) - raft.server.log.appender.install.snapshot.enabled = true (default)
2019-06-14 11:35:19,709 INFO  impl.RaftServerImpl (ServerState.java:<init>(101)) - 16c00515-191d-4011-9c79-a76f6a68ac3c:group-A2BD0493D333 ConfigurationManager, init=-1: [16c00515-191d-4011-9c79-a76f6a68ac3c:192.168.134.79:45527], old=null, confs=<EMPTY_MAP>
2019-06-14 11:35:19,710 INFO  server.RaftServerConfigKeys (ConfUtils.java:logGet(43)) - raft.server.storage.dir = [/opt/src/hadoop-ozone/integration-test/target/test-dir/MiniOzoneClusterImpl-1d708769-a828-425d-b56d-eb5e13d4ac72/datanode-0/data/ratis] (custom)
2019-06-14 11:35:19,715 INFO  storage.RaftStorageDirectory (RaftStorageDirectory.java:analyzeStorage(246)) - The storage directory /opt/src/hadoop-ozone/integration-test/target/test-dir/MiniOzoneClusterImpl-1d708769-a828-425d-b56d-eb5e13d4ac72/datanode-0/data/ratis/e45476ba-346d-45fe-bd1d-a2bd0493d333 does not exist. Creating ...
2019-06-14 11:35:19,719 INFO  storage.RaftStorageDirectory (RaftStorageDirectory.java:tryLock(328)) - Lock on /opt/src/hadoop-ozone/integration-test/target/test-dir/MiniOzoneClusterImpl-1d708769-a828-425d-b56d-eb5e13d4ac72/datanode-0/data/ratis/e45476ba-346d-45fe-bd1d-a2bd0493d333/in_use.lock acquired by nodename 10088@ozone-ln5s8-3576005631
2019-06-14 11:35:19,722 INFO  storage.RaftStorage (RaftStorage.java:format(75)) - Storage directory /opt/src/hadoop-ozone/integration-test/target/test-dir/MiniOzoneClusterImpl-1d708769-a828-425d-b56d-eb5e13d4ac72/datanode-0/data/ratis/e45476ba-346d-45fe-bd1d-a2bd0493d333 has been successfully formatted.
2019-06-14 11:35:19,724 INFO  ratis.ContainerStateMachine (ContainerStateMachine.java:loadSnapshot(199)) - The snapshot info is null.Setting the last applied index to:(t:0, i:~)
2019-06-14 11:35:19,724 INFO  server.RaftServerConfigKeys (ConfUtils.java:logGet(43)) - raft.server.leader.election.timeout = 10s (custom)
2019-06-14 11:35:19,725 INFO  server.RaftServerConfigKeys (ConfUtils.java:logGet(43)) - raft.server.log.use.memory = false (default)
2019-06-14 11:35:19,726 INFO  ozone.MiniOzoneClusterImpl (MiniOzoneClusterImpl.java:lambda$waitForClusterToBeReady$0(142)) - Waiting for cluster to be ready. Got 2 of 6 DN Heartbeats.
2019-06-14 11:35:19,727 INFO  server.RaftServerConfigKeys (ConfUtils.java:logGet(43)) - raft.server.log.appender.buffer.byte-limit = 33554432 (custom)
2019-06-14 11:35:19,851 INFO  server.RaftServerConfigKeys (ConfUtils.java:logGet(43)) - raft.server.log.segment.size.max = 16384 (custom)
2019-06-14 11:35:19,855 INFO  server.RaftServerConfigKeys (ConfUtils.java:logGet(43)) - raft.server.log.segment.cache.num.max = 2 (custom)
2019-06-14 11:35:19,858 INFO  storage.RaftLogWorker (RaftLogWorker.java:<init>(123)) - new 16c00515-191d-4011-9c79-a76f6a68ac3c-RaftLogWorker for Storage Directory /opt/src/hadoop-ozone/integration-test/target/test-dir/MiniOzoneClusterImpl-1d708769-a828-425d-b56d-eb5e13d4ac72/datanode-0/data/ratis/e45476ba-346d-45fe-bd1d-a2bd0493d333
2019-06-14 11:35:19,859 INFO  server.RaftServerConfigKeys (ConfUtils.java:logGet(43)) - raft.server.log.queue.byte-limit = 2147483647 (custom)
2019-06-14 11:35:19,859 INFO  server.RaftServerConfigKeys (ConfUtils.java:logGet(43)) - raft.server.log.queue.element-limit = 1024 (custom)
2019-06-14 11:35:19,861 INFO  server.RaftServerConfigKeys (ConfUtils.java:logGet(43)) - raft.server.log.segment.size.max = 16384 (custom)
2019-06-14 11:35:19,862 INFO  server.RaftServerConfigKeys (ConfUtils.java:logGet(43)) - raft.server.log.preallocated.size = 16384 (custom)
2019-06-14 11:35:19,862 INFO  server.RaftServerConfigKeys (ConfUtils.java:logGet(43)) - raft.server.log.write.buffer.size = 33554432 (custom)
2019-06-14 11:35:19,863 INFO  server.RaftServerConfigKeys (ConfUtils.java:logGet(43)) - raft.server.log.force.sync.num = 128 (default)
2019-06-14 11:35:19,864 INFO  server.RaftServerConfigKeys (ConfUtils.java:logGet(43)) - raft.server.log.statemachine.data.sync = true (default)
2019-06-14 11:35:19,864 INFO  server.RaftServerConfigKeys (ConfUtils.java:logGet(43)) - raft.server.log.statemachine.data.sync.timeout = 10s (default)
2019-06-14 11:35:19,864 INFO  server.RaftServerConfigKeys (ConfUtils.java:logGet(43)) - raft.server.log.statemachine.data.sync.timeout.retry = -1 (default)
2019-06-14 11:35:19,867 INFO  server.RaftServerConfigKeys (ConfUtils.java:logGet(43)) - raft.server.log.statemachine.data.caching.enabled = true (custom)
2019-06-14 11:35:19,873 INFO  server.RaftServerConfigKeys (ConfUtils.java:logGet(43)) - raft.server.snapshot.auto.trigger.enabled = true (custom)
2019-06-14 11:35:19,873 INFO  server.RaftServerConfigKeys (ConfUtils.java:logGet(43)) - raft.server.snapshot.auto.trigger.threshold = 10000 (custom)
2019-06-14 11:35:19,874 INFO  server.RaftServerConfigKeys (ConfUtils.java:logGet(43)) - raft.server.retrycache.expirytime = 600000ms (custom)
2019-06-14 11:35:19,893 INFO  impl.RaftServerImpl (RaftServerImpl.java:start(173)) - 16c00515-191d-4011-9c79-a76f6a68ac3c: start group-A2BD0493D333
2019-06-14 11:35:19,894 INFO  impl.RaftServerImpl (RaftServerImpl.java:setRole(164)) - 16c00515-191d-4011-9c79-a76f6a68ac3c:group-A2BD0493D333 changes role from null to FOLLOWER at term 0 for startAsFollower
2019-06-14 11:35:19,895 INFO  impl.RoleInfo (RoleInfo.java:updateAndGet(143)) - 16c00515-191d-4011-9c79-a76f6a68ac3c: start FollowerState
2019-06-14 11:35:19,897 INFO  util.JmxRegister (JmxRegister.java:tryRegister(44)) - Successfully registered JMX Bean with object name Ratis:service=RaftServer,group=group-A2BD0493D333,id=16c00515-191d-4011-9c79-a76f6a68ac3c
2019-06-14 11:35:19,905 INFO  node.SCMNodeManager (SCMNodeManager.java:register(234)) - Registered Data node : 5d0900bf-8ef1-4385-8966-0c4ec6490248{ip: 192.168.134.79, host: ozone-ln5s8-3576005631, networkLocation: /default-rack, certSerialId: null}
2019-06-14 11:35:19,939 INFO  pipeline.PipelineStateManager (PipelineStateManager.java:addPipeline(56)) - Created pipeline Pipeline[ Id: e45476ba-346d-45fe-bd1d-a2bd0493d333, Nodes: 16c00515-191d-4011-9c79-a76f6a68ac3c{ip: 192.168.134.79, host: ozone-ln5s8-3576005631, networkLocation: /default-rack, certSerialId: null}, Type:RATIS, Factor:ONE, State:OPEN]
2019-06-14 11:35:19,955 INFO  impl.RaftServerProxy (RaftServerProxy.java:addNew(89)) - 9d609ef0-7a4e-4291-bea8-46a3858a6ef9: addNew group-A8C4D8F2ACFF:[9d609ef0-7a4e-4291-bea8-46a3858a6ef9:192.168.134.79:46849] returns group-A8C4D8F2ACFF:java.util.concurrent.CompletableFuture@58c2d2c3[Not completed]
2019-06-14 11:35:19,955 INFO  impl.RaftServerImpl (RaftServerImpl.java:<init>(91)) - 9d609ef0-7a4e-4291-bea8-46a3858a6ef9: new RaftServerImpl for group-A8C4D8F2ACFF:[9d609ef0-7a4e-4291-bea8-46a3858a6ef9:192.168.134.79:46849] with ContainerStateMachine:uninitialized
2019-06-14 11:35:19,956 INFO  server.RaftServerConfigKeys (ConfUtils.java:logGet(43)) - raft.server.rpc.timeout.min = 1s (custom)
2019-06-14 11:35:19,957 INFO  server.RaftServerConfigKeys (ConfUtils.java:logGet(43)) - raft.server.rpc.timeout.max = 1200ms (custom)
2019-06-14 11:35:19,957 INFO  server.RaftServerConfigKeys (ConfUtils.java:logGet(43)) - raft.server.rpcslowness.timeout = 10s (custom)
2019-06-14 11:35:19,957 INFO  server.RaftServerConfigKeys (ConfUtils.java:logGet(43)) - raft.server.log.appender.install.snapshot.enabled = true (default)
2019-06-14 11:35:19,957 INFO  impl.RaftServerImpl (ServerState.java:<init>(101)) - 9d609ef0-7a4e-4291-bea8-46a3858a6ef9:group-A8C4D8F2ACFF ConfigurationManager, init=-1: [9d609ef0-7a4e-4291-bea8-46a3858a6ef9:192.168.134.79:46849], old=null, confs=<EMPTY_MAP>
2019-06-14 11:35:19,957 INFO  server.RaftServerConfigKeys (ConfUtils.java:logGet(43)) - raft.server.storage.dir = [/opt/src/hadoop-ozone/integration-test/target/test-dir/MiniOzoneClusterImpl-1d708769-a828-425d-b56d-eb5e13d4ac72/datanode-1/data/ratis] (custom)
2019-06-14 11:35:19,957 INFO  storage.RaftStorageDirectory (RaftStorageDirectory.java:analyzeStorage(246)) - The storage directory /opt/src/hadoop-ozone/integration-test/target/test-dir/MiniOzoneClusterImpl-1d708769-a828-425d-b56d-eb5e13d4ac72/datanode-1/data/ratis/f04e53c9-25d7-4cf4-89c1-a8c4d8f2acff does not exist. Creating ...
2019-06-14 11:35:19,959 INFO  storage.RaftStorageDirectory (RaftStorageDirectory.java:tryLock(328)) - Lock on /opt/src/hadoop-ozone/integration-test/target/test-dir/MiniOzoneClusterImpl-1d708769-a828-425d-b56d-eb5e13d4ac72/datanode-1/data/ratis/f04e53c9-25d7-4cf4-89c1-a8c4d8f2acff/in_use.lock acquired by nodename 10088@ozone-ln5s8-3576005631
2019-06-14 11:35:19,961 INFO  storage.RaftStorage (RaftStorage.java:format(75)) - Storage directory /opt/src/hadoop-ozone/integration-test/target/test-dir/MiniOzoneClusterImpl-1d708769-a828-425d-b56d-eb5e13d4ac72/datanode-1/data/ratis/f04e53c9-25d7-4cf4-89c1-a8c4d8f2acff has been successfully formatted.
2019-06-14 11:35:19,962 INFO  ratis.ContainerStateMachine (ContainerStateMachine.java:loadSnapshot(199)) - The snapshot info is null.Setting the last applied index to:(t:0, i:~)
2019-06-14 11:35:19,962 INFO  server.RaftServerConfigKeys (ConfUtils.java:logGet(43)) - raft.server.leader.election.timeout = 10s (custom)
2019-06-14 11:35:19,962 INFO  server.RaftServerConfigKeys (ConfUtils.java:logGet(43)) - raft.server.log.use.memory = false (default)
2019-06-14 11:35:19,962 INFO  server.RaftServerConfigKeys (ConfUtils.java:logGet(43)) - raft.server.log.appender.buffer.byte-limit = 33554432 (custom)
2019-06-14 11:35:19,962 INFO  server.RaftServerConfigKeys (ConfUtils.java:logGet(43)) - raft.server.log.segment.size.max = 16384 (custom)
2019-06-14 11:35:19,962 INFO  server.RaftServerConfigKeys (ConfUtils.java:logGet(43)) - raft.server.log.segment.cache.num.max = 2 (custom)
2019-06-14 11:35:19,962 INFO  storage.RaftLogWorker (RaftLogWorker.java:<init>(123)) - new 9d609ef0-7a4e-4291-bea8-46a3858a6ef9-RaftLogWorker for Storage Directory /opt/src/hadoop-ozone/integration-test/target/test-dir/MiniOzoneClusterImpl-1d708769-a828-425d-b56d-eb5e13d4ac72/datanode-1/data/ratis/f04e53c9-25d7-4cf4-89c1-a8c4d8f2acff
2019-06-14 11:35:19,963 INFO  server.RaftServerConfigKeys (ConfUtils.java:logGet(43)) - raft.server.log.queue.byte-limit = 2147483647 (custom)
2019-06-14 11:35:19,963 INFO  server.RaftServerConfigKeys (ConfUtils.java:logGet(43)) - raft.server.log.queue.element-limit = 1024 (custom)
2019-06-14 11:35:19,963 INFO  server.RaftServerConfigKeys (ConfUtils.java:logGet(43)) - raft.server.log.segment.size.max = 16384 (custom)
2019-06-14 11:35:19,963 INFO  server.RaftServerConfigKeys (ConfUtils.java:logGet(43)) - raft.server.log.preallocated.size = 16384 (custom)
2019-06-14 11:35:19,963 INFO  server.RaftServerConfigKeys (ConfUtils.java:logGet(43)) - raft.server.log.write.buffer.size = 33554432 (custom)
2019-06-14 11:35:19,963 INFO  server.RaftServerConfigKeys (ConfUtils.java:logGet(43)) - raft.server.log.force.sync.num = 128 (default)
2019-06-14 11:35:19,963 INFO  server.RaftServerConfigKeys (ConfUtils.java:logGet(43)) - raft.server.log.statemachine.data.sync = true (default)
2019-06-14 11:35:19,964 INFO  server.RaftServerConfigKeys (ConfUtils.java:logGet(43)) - raft.server.log.statemachine.data.sync.timeout = 10s (default)
2019-06-14 11:35:19,964 INFO  server.RaftServerConfigKeys (ConfUtils.java:logGet(43)) - raft.server.log.statemachine.data.sync.timeout.retry = -1 (default)
2019-06-14 11:35:19,964 INFO  server.RaftServerConfigKeys (ConfUtils.java:logGet(43)) - raft.server.log.statemachine.data.caching.enabled = true (custom)
2019-06-14 11:35:19,964 INFO  server.RaftServerConfigKeys (ConfUtils.java:logGet(43)) - raft.server.snapshot.auto.trigger.enabled = true (custom)
2019-06-14 11:35:19,964 INFO  server.RaftServerConfigKeys (ConfUtils.java:logGet(43)) - raft.server.snapshot.auto.trigger.threshold = 10000 (custom)
2019-06-14 11:35:19,964 INFO  server.RaftServerConfigKeys (ConfUtils.java:logGet(43)) - raft.server.retrycache.expirytime = 600000ms (custom)
2019-06-14 11:35:19,964 INFO  impl.RaftServerImpl (RaftServerImpl.java:start(173)) - 9d609ef0-7a4e-4291-bea8-46a3858a6ef9: start group-A8C4D8F2ACFF
2019-06-14 11:35:19,965 INFO  impl.RaftServerImpl (RaftServerImpl.java:setRole(164)) - 9d609ef0-7a4e-4291-bea8-46a3858a6ef9:group-A8C4D8F2ACFF changes role from null to FOLLOWER at term 0 for startAsFollower
2019-06-14 11:35:19,965 INFO  impl.RoleInfo (RoleInfo.java:updateAndGet(143)) - 9d609ef0-7a4e-4291-bea8-46a3858a6ef9: start FollowerState
2019-06-14 11:35:19,966 INFO  util.JmxRegister (JmxRegister.java:tryRegister(44)) - Successfully registered JMX Bean with object name Ratis:service=RaftServer,group=group-A8C4D8F2ACFF,id=9d609ef0-7a4e-4291-bea8-46a3858a6ef9
2019-06-14 11:35:19,973 INFO  pipeline.PipelineStateManager (PipelineStateManager.java:addPipeline(56)) - Created pipeline Pipeline[ Id: f04e53c9-25d7-4cf4-89c1-a8c4d8f2acff, Nodes: 9d609ef0-7a4e-4291-bea8-46a3858a6ef9{ip: 192.168.134.79, host: ozone-ln5s8-3576005631, networkLocation: /default-rack, certSerialId: null}, Type:RATIS, Factor:ONE, State:OPEN]
2019-06-14 11:35:19,985 INFO  impl.RaftServerProxy (RaftServerProxy.java:addNew(89)) - 5d0900bf-8ef1-4385-8966-0c4ec6490248: addNew group-59FCFC014031:[5d0900bf-8ef1-4385-8966-0c4ec6490248:192.168.134.79:39405] returns group-59FCFC014031:java.util.concurrent.CompletableFuture@6f1a26e9[Not completed]
2019-06-14 11:35:20,007 INFO  impl.RaftServerImpl (RaftServerImpl.java:<init>(91)) - 5d0900bf-8ef1-4385-8966-0c4ec6490248: new RaftServerImpl for group-59FCFC014031:[5d0900bf-8ef1-4385-8966-0c4ec6490248:192.168.134.79:39405] with ContainerStateMachine:uninitialized
2019-06-14 11:35:20,007 INFO  server.RaftServerConfigKeys (ConfUtils.java:logGet(43)) - raft.server.rpc.timeout.min = 1s (custom)
2019-06-14 11:35:20,008 INFO  server.RaftServerConfigKeys (ConfUtils.java:logGet(43)) - raft.server.rpc.timeout.max = 1200ms (custom)
2019-06-14 11:35:20,008 INFO  server.RaftServerConfigKeys (ConfUtils.java:logGet(43)) - raft.server.rpcslowness.timeout = 10s (custom)
2019-06-14 11:35:20,008 INFO  server.RaftServerConfigKeys (ConfUtils.java:logGet(43)) - raft.server.log.appender.install.snapshot.enabled = true (default)
2019-06-14 11:35:20,008 INFO  impl.RaftServerImpl (ServerState.java:<init>(101)) - 5d0900bf-8ef1-4385-8966-0c4ec6490248:group-59FCFC014031 ConfigurationManager, init=-1: [5d0900bf-8ef1-4385-8966-0c4ec6490248:192.168.134.79:39405], old=null, confs=<EMPTY_MAP>
2019-06-14 11:35:20,008 INFO  server.RaftServerConfigKeys (ConfUtils.java:logGet(43)) - raft.server.storage.dir = [/opt/src/hadoop-ozone/integration-test/target/test-dir/MiniOzoneClusterImpl-1d708769-a828-425d-b56d-eb5e13d4ac72/datanode-2/data/ratis] (custom)
2019-06-14 11:35:20,008 INFO  storage.RaftStorageDirectory (RaftStorageDirectory.java:analyzeStorage(246)) - The storage directory /opt/src/hadoop-ozone/integration-test/target/test-dir/MiniOzoneClusterImpl-1d708769-a828-425d-b56d-eb5e13d4ac72/datanode-2/data/ratis/61a5d785-fd20-4d47-bd0d-59fcfc014031 does not exist. Creating ...
2019-06-14 11:35:20,011 INFO  storage.RaftStorageDirectory (RaftStorageDirectory.java:tryLock(328)) - Lock on /opt/src/hadoop-ozone/integration-test/target/test-dir/MiniOzoneClusterImpl-1d708769-a828-425d-b56d-eb5e13d4ac72/datanode-2/data/ratis/61a5d785-fd20-4d47-bd0d-59fcfc014031/in_use.lock acquired by nodename 10088@ozone-ln5s8-3576005631
2019-06-14 11:35:20,013 INFO  storage.RaftStorage (RaftStorage.java:format(75)) - Storage directory /opt/src/hadoop-ozone/integration-test/target/test-dir/MiniOzoneClusterImpl-1d708769-a828-425d-b56d-eb5e13d4ac72/datanode-2/data/ratis/61a5d785-fd20-4d47-bd0d-59fcfc014031 has been successfully formatted.
2019-06-14 11:35:20,014 INFO  ratis.ContainerStateMachine (ContainerStateMachine.java:loadSnapshot(199)) - The snapshot info is null.Setting the last applied index to:(t:0, i:~)
2019-06-14 11:35:20,015 INFO  server.RaftServerConfigKeys (ConfUtils.java:logGet(43)) - raft.server.leader.election.timeout = 10s (custom)
2019-06-14 11:35:20,015 INFO  server.RaftServerConfigKeys (ConfUtils.java:logGet(43)) - raft.server.log.use.memory = false (default)
2019-06-14 11:35:20,015 INFO  server.RaftServerConfigKeys (ConfUtils.java:logGet(43)) - raft.server.log.appender.buffer.byte-limit = 33554432 (custom)
2019-06-14 11:35:20,015 INFO  server.RaftServerConfigKeys (ConfUtils.java:logGet(43)) - raft.server.log.segment.size.max = 16384 (custom)
2019-06-14 11:35:20,015 INFO  server.RaftServerConfigKeys (ConfUtils.java:logGet(43)) - raft.server.log.segment.cache.num.max = 2 (custom)
2019-06-14 11:35:20,015 INFO  storage.RaftLogWorker (RaftLogWorker.java:<init>(123)) - new 5d0900bf-8ef1-4385-8966-0c4ec6490248-RaftLogWorker for Storage Directory /opt/src/hadoop-ozone/integration-test/target/test-dir/MiniOzoneClusterImpl-1d708769-a828-425d-b56d-eb5e13d4ac72/datanode-2/data/ratis/61a5d785-fd20-4d47-bd0d-59fcfc014031
2019-06-14 11:35:20,015 INFO  server.RaftServerConfigKeys (ConfUtils.java:logGet(43)) - raft.server.log.queue.byte-limit = 2147483647 (custom)
2019-06-14 11:35:20,015 INFO  server.RaftServerConfigKeys (ConfUtils.java:logGet(43)) - raft.server.log.queue.element-limit = 1024 (custom)
2019-06-14 11:35:20,015 INFO  server.RaftServerConfigKeys (ConfUtils.java:logGet(43)) - raft.server.log.segment.size.max = 16384 (custom)
2019-06-14 11:35:20,016 INFO  server.RaftServerConfigKeys (ConfUtils.java:logGet(43)) - raft.server.log.preallocated.size = 16384 (custom)
2019-06-14 11:35:20,016 INFO  server.RaftServerConfigKeys (ConfUtils.java:logGet(43)) - raft.server.log.write.buffer.size = 33554432 (custom)
2019-06-14 11:35:20,016 INFO  server.RaftServerConfigKeys (ConfUtils.java:logGet(43)) - raft.server.log.force.sync.num = 128 (default)
2019-06-14 11:35:20,016 INFO  server.RaftServerConfigKeys (ConfUtils.java:logGet(43)) - raft.server.log.statemachine.data.sync = true (default)
2019-06-14 11:35:20,016 INFO  server.RaftServerConfigKeys (ConfUtils.java:logGet(43)) - raft.server.log.statemachine.data.sync.timeout = 10s (default)
2019-06-14 11:35:20,016 INFO  server.RaftServerConfigKeys (ConfUtils.java:logGet(43)) - raft.server.log.statemachine.data.sync.timeout.retry = -1 (default)
2019-06-14 11:35:20,016 INFO  server.RaftServerConfigKeys (ConfUtils.java:logGet(43)) - raft.server.log.statemachine.data.caching.enabled = true (custom)
2019-06-14 11:35:20,016 INFO  server.RaftServerConfigKeys (ConfUtils.java:logGet(43)) - raft.server.snapshot.auto.trigger.enabled = true (custom)
2019-06-14 11:35:20,016 INFO  server.RaftServerConfigKeys (ConfUtils.java:logGet(43)) - raft.server.snapshot.auto.trigger.threshold = 10000 (custom)
2019-06-14 11:35:20,017 INFO  server.RaftServerConfigKeys (ConfUtils.java:logGet(43)) - raft.server.retrycache.expirytime = 600000ms (custom)
2019-06-14 11:35:20,017 INFO  impl.RaftServerImpl (RaftServerImpl.java:start(173)) - 5d0900bf-8ef1-4385-8966-0c4ec6490248: start group-59FCFC014031
2019-06-14 11:35:20,017 INFO  impl.RaftServerImpl (RaftServerImpl.java:setRole(164)) - 5d0900bf-8ef1-4385-8966-0c4ec6490248:group-59FCFC014031 changes role from null to FOLLOWER at term 0 for startAsFollower
2019-06-14 11:35:20,017 INFO  impl.RoleInfo (RoleInfo.java:updateAndGet(143)) - 5d0900bf-8ef1-4385-8966-0c4ec6490248: start FollowerState
2019-06-14 11:35:20,017 INFO  util.JmxRegister (JmxRegister.java:tryRegister(44)) - Successfully registered JMX Bean with object name Ratis:service=RaftServer,group=group-59FCFC014031,id=5d0900bf-8ef1-4385-8966-0c4ec6490248
2019-06-14 11:35:20,024 INFO  pipeline.PipelineStateManager (PipelineStateManager.java:addPipeline(56)) - Created pipeline Pipeline[ Id: 61a5d785-fd20-4d47-bd0d-59fcfc014031, Nodes: 5d0900bf-8ef1-4385-8966-0c4ec6490248{ip: 192.168.134.79, host: ozone-ln5s8-3576005631, networkLocation: /default-rack, certSerialId: null}, Type:RATIS, Factor:ONE, State:OPEN]
2019-06-14 11:35:20,058 INFO  impl.RaftServerProxy (RaftServerProxy.java:addNew(89)) - 5d0900bf-8ef1-4385-8966-0c4ec6490248: addNew group-AE0907C13276:[5d0900bf-8ef1-4385-8966-0c4ec6490248:192.168.134.79:39405, 16c00515-191d-4011-9c79-a76f6a68ac3c:192.168.134.79:45527, 9d609ef0-7a4e-4291-bea8-46a3858a6ef9:192.168.134.79:46849] returns group-AE0907C13276:java.util.concurrent.CompletableFuture@37ce50a[Not completed]
2019-06-14 11:35:20,059 INFO  impl.RaftServerImpl (RaftServerImpl.java:<init>(91)) - 5d0900bf-8ef1-4385-8966-0c4ec6490248: new RaftServerImpl for group-AE0907C13276:[5d0900bf-8ef1-4385-8966-0c4ec6490248:192.168.134.79:39405, 16c00515-191d-4011-9c79-a76f6a68ac3c:192.168.134.79:45527, 9d609ef0-7a4e-4291-bea8-46a3858a6ef9:192.168.134.79:46849] with ContainerStateMachine:uninitialized
2019-06-14 11:35:20,059 INFO  server.RaftServerConfigKeys (ConfUtils.java:logGet(43)) - raft.server.rpc.timeout.min = 1s (custom)
2019-06-14 11:35:20,059 INFO  server.RaftServerConfigKeys (ConfUtils.java:logGet(43)) - raft.server.rpc.timeout.max = 1200ms (custom)
2019-06-14 11:35:20,059 INFO  server.RaftServerConfigKeys (ConfUtils.java:logGet(43)) - raft.server.rpcslowness.timeout = 10s (custom)
2019-06-14 11:35:20,059 INFO  server.RaftServerConfigKeys (ConfUtils.java:logGet(43)) - raft.server.log.appender.install.snapshot.enabled = true (default)
2019-06-14 11:35:20,059 INFO  impl.RaftServerImpl (ServerState.java:<init>(101)) - 5d0900bf-8ef1-4385-8966-0c4ec6490248:group-AE0907C13276 ConfigurationManager, init=-1: [5d0900bf-8ef1-4385-8966-0c4ec6490248:192.168.134.79:39405, 16c00515-191d-4011-9c79-a76f6a68ac3c:192.168.134.79:45527, 9d609ef0-7a4e-4291-bea8-46a3858a6ef9:192.168.134.79:46849], old=null, confs=<EMPTY_MAP>
2019-06-14 11:35:20,060 INFO  server.RaftServerConfigKeys (ConfUtils.java:logGet(43)) - raft.server.storage.dir = [/opt/src/hadoop-ozone/integration-test/target/test-dir/MiniOzoneClusterImpl-1d708769-a828-425d-b56d-eb5e13d4ac72/datanode-2/data/ratis] (custom)
2019-06-14 11:35:20,060 INFO  storage.RaftStorageDirectory (RaftStorageDirectory.java:analyzeStorage(246)) - The storage directory /opt/src/hadoop-ozone/integration-test/target/test-dir/MiniOzoneClusterImpl-1d708769-a828-425d-b56d-eb5e13d4ac72/datanode-2/data/ratis/3d29cb9a-6c2b-46bc-a2fd-ae0907c13276 does not exist. Creating ...
2019-06-14 11:35:20,061 INFO  impl.RaftServerProxy (RaftServerProxy.java:addNew(89)) - 9d609ef0-7a4e-4291-bea8-46a3858a6ef9: addNew group-AE0907C13276:[5d0900bf-8ef1-4385-8966-0c4ec6490248:192.168.134.79:39405, 16c00515-191d-4011-9c79-a76f6a68ac3c:192.168.134.79:45527, 9d609ef0-7a4e-4291-bea8-46a3858a6ef9:192.168.134.79:46849] returns group-AE0907C13276:java.util.concurrent.CompletableFuture@b88dd0f[Not completed]
2019-06-14 11:35:20,063 INFO  storage.RaftStorageDirectory (RaftStorageDirectory.java:tryLock(328)) - Lock on /opt/src/hadoop-ozone/integration-test/target/test-dir/MiniOzoneClusterImpl-1d708769-a828-425d-b56d-eb5e13d4ac72/datanode-2/data/ratis/3d29cb9a-6c2b-46bc-a2fd-ae0907c13276/in_use.lock acquired by nodename 10088@ozone-ln5s8-3576005631
2019-06-14 11:35:20,065 INFO  impl.RaftServerImpl (RaftServerImpl.java:<init>(91)) - 9d609ef0-7a4e-4291-bea8-46a3858a6ef9: new RaftServerImpl for group-AE0907C13276:[5d0900bf-8ef1-4385-8966-0c4ec6490248:192.168.134.79:39405, 16c00515-191d-4011-9c79-a76f6a68ac3c:192.168.134.79:45527, 9d609ef0-7a4e-4291-bea8-46a3858a6ef9:192.168.134.79:46849] with ContainerStateMachine:uninitialized
2019-06-14 11:35:20,066 INFO  server.RaftServerConfigKeys (ConfUtils.java:logGet(43)) - raft.server.rpc.timeout.min = 1s (custom)
2019-06-14 11:35:20,066 INFO  server.RaftServerConfigKeys (ConfUtils.java:logGet(43)) - raft.server.rpc.timeout.max = 1200ms (custom)
2019-06-14 11:35:20,066 INFO  server.RaftServerConfigKeys (ConfUtils.java:logGet(43)) - raft.server.rpcslowness.timeout = 10s (custom)
2019-06-14 11:35:20,066 INFO  server.RaftServerConfigKeys (ConfUtils.java:logGet(43)) - raft.server.log.appender.install.snapshot.enabled = true (default)
2019-06-14 11:35:20,066 INFO  impl.RaftServerImpl (ServerState.java:<init>(101)) - 9d609ef0-7a4e-4291-bea8-46a3858a6ef9:group-AE0907C13276 ConfigurationManager, init=-1: [5d0900bf-8ef1-4385-8966-0c4ec6490248:192.168.134.79:39405, 16c00515-191d-4011-9c79-a76f6a68ac3c:192.168.134.79:45527, 9d609ef0-7a4e-4291-bea8-46a3858a6ef9:192.168.134.79:46849], old=null, confs=<EMPTY_MAP>
2019-06-14 11:35:20,066 INFO  server.RaftServerConfigKeys (ConfUtils.java:logGet(43)) - raft.server.storage.dir = [/opt/src/hadoop-ozone/integration-test/target/test-dir/MiniOzoneClusterImpl-1d708769-a828-425d-b56d-eb5e13d4ac72/datanode-1/data/ratis] (custom)
2019-06-14 11:35:20,066 INFO  storage.RaftStorageDirectory (RaftStorageDirectory.java:analyzeStorage(246)) - The storage directory /opt/src/hadoop-ozone/integration-test/target/test-dir/MiniOzoneClusterImpl-1d708769-a828-425d-b56d-eb5e13d4ac72/datanode-1/data/ratis/3d29cb9a-6c2b-46bc-a2fd-ae0907c13276 does not exist. Creating ...
2019-06-14 11:35:20,067 INFO  storage.RaftStorage (RaftStorage.java:format(75)) - Storage directory /opt/src/hadoop-ozone/integration-test/target/test-dir/MiniOzoneClusterImpl-1d708769-a828-425d-b56d-eb5e13d4ac72/datanode-2/data/ratis/3d29cb9a-6c2b-46bc-a2fd-ae0907c13276 has been successfully formatted.
2019-06-14 11:35:20,068 INFO  ratis.ContainerStateMachine (ContainerStateMachine.java:loadSnapshot(199)) - The snapshot info is null.Setting the last applied index to:(t:0, i:~)
2019-06-14 11:35:20,068 INFO  storage.RaftStorageDirectory (RaftStorageDirectory.java:tryLock(328)) - Lock on /opt/src/hadoop-ozone/integration-test/target/test-dir/MiniOzoneClusterImpl-1d708769-a828-425d-b56d-eb5e13d4ac72/datanode-1/data/ratis/3d29cb9a-6c2b-46bc-a2fd-ae0907c13276/in_use.lock acquired by nodename 10088@ozone-ln5s8-3576005631
2019-06-14 11:35:20,071 INFO  impl.RaftServerProxy (RaftServerProxy.java:addNew(89)) - 16c00515-191d-4011-9c79-a76f6a68ac3c: addNew group-AE0907C13276:[5d0900bf-8ef1-4385-8966-0c4ec6490248:192.168.134.79:39405, 16c00515-191d-4011-9c79-a76f6a68ac3c:192.168.134.79:45527, 9d609ef0-7a4e-4291-bea8-46a3858a6ef9:192.168.134.79:46849] returns group-AE0907C13276:java.util.concurrent.CompletableFuture@359b9ff9[Not completed]
2019-06-14 11:35:20,071 INFO  server.RaftServerConfigKeys (ConfUtils.java:logGet(43)) - raft.server.leader.election.timeout = 10s (custom)
2019-06-14 11:35:20,071 INFO  server.RaftServerConfigKeys (ConfUtils.java:logGet(43)) - raft.server.log.use.memory = false (default)
2019-06-14 11:35:20,071 INFO  server.RaftServerConfigKeys (ConfUtils.java:logGet(43)) - raft.server.log.appender.buffer.byte-limit = 33554432 (custom)
2019-06-14 11:35:20,071 INFO  impl.RaftServerImpl (RaftServerImpl.java:<init>(91)) - 16c00515-191d-4011-9c79-a76f6a68ac3c: new RaftServerImpl for group-AE0907C13276:[5d0900bf-8ef1-4385-8966-0c4ec6490248:192.168.134.79:39405, 16c00515-191d-4011-9c79-a76f6a68ac3c:192.168.134.79:45527, 9d609ef0-7a4e-4291-bea8-46a3858a6ef9:192.168.134.79:46849] with ContainerStateMachine:uninitialized
2019-06-14 11:35:20,072 INFO  server.RaftServerConfigKeys (ConfUtils.java:logGet(43)) - raft.server.rpc.timeout.min = 1s (custom)
2019-06-14 11:35:20,072 INFO  server.RaftServerConfigKeys (ConfUtils.java:logGet(43)) - raft.server.rpc.timeout.max = 1200ms (custom)
2019-06-14 11:35:20,072 INFO  server.RaftServerConfigKeys (ConfUtils.java:logGet(43)) - raft.server.rpcslowness.timeout = 10s (custom)
2019-06-14 11:35:20,072 INFO  server.RaftServerConfigKeys (ConfUtils.java:logGet(43)) - raft.server.log.appender.install.snapshot.enabled = true (default)
2019-06-14 11:35:20,072 INFO  impl.RaftServerImpl (ServerState.java:<init>(101)) - 16c00515-191d-4011-9c79-a76f6a68ac3c:group-AE0907C13276 ConfigurationManager, init=-1: [5d0900bf-8ef1-4385-8966-0c4ec6490248:192.168.134.79:39405, 16c00515-191d-4011-9c79-a76f6a68ac3c:192.168.134.79:45527, 9d609ef0-7a4e-4291-bea8-46a3858a6ef9:192.168.134.79:46849], old=null, confs=<EMPTY_MAP>
2019-06-14 11:35:20,072 INFO  server.RaftServerConfigKeys (ConfUtils.java:logGet(43)) - raft.server.storage.dir = [/opt/src/hadoop-ozone/integration-test/target/test-dir/MiniOzoneClusterImpl-1d708769-a828-425d-b56d-eb5e13d4ac72/datanode-0/data/ratis] (custom)
2019-06-14 11:35:20,072 INFO  storage.RaftStorageDirectory (RaftStorageDirectory.java:analyzeStorage(246)) - The storage directory /opt/src/hadoop-ozone/integration-test/target/test-dir/MiniOzoneClusterImpl-1d708769-a828-425d-b56d-eb5e13d4ac72/datanode-0/data/ratis/3d29cb9a-6c2b-46bc-a2fd-ae0907c13276 does not exist. Creating ...
2019-06-14 11:35:20,073 INFO  storage.RaftStorage (RaftStorage.java:format(75)) - Storage directory /opt/src/hadoop-ozone/integration-test/target/test-dir/MiniOzoneClusterImpl-1d708769-a828-425d-b56d-eb5e13d4ac72/datanode-1/data/ratis/3d29cb9a-6c2b-46bc-a2fd-ae0907c13276 has been successfully formatted.
2019-06-14 11:35:20,073 INFO  ratis.ContainerStateMachine (ContainerStateMachine.java:loadSnapshot(199)) - The snapshot info is null.Setting the last applied index to:(t:0, i:~)
2019-06-14 11:35:20,073 INFO  server.RaftServerConfigKeys (ConfUtils.java:logGet(43)) - raft.server.leader.election.timeout = 10s (custom)
2019-06-14 11:35:20,073 INFO  server.RaftServerConfigKeys (ConfUtils.java:logGet(43)) - raft.server.log.use.memory = false (default)
2019-06-14 11:35:20,073 INFO  server.RaftServerConfigKeys (ConfUtils.java:logGet(43)) - raft.server.log.appender.buffer.byte-limit = 33554432 (custom)
2019-06-14 11:35:20,073 INFO  server.RaftServerConfigKeys (ConfUtils.java:logGet(43)) - raft.server.log.segment.size.max = 16384 (custom)
2019-06-14 11:35:20,073 INFO  server.RaftServerConfigKeys (ConfUtils.java:logGet(43)) - raft.server.log.segment.cache.num.max = 2 (custom)
2019-06-14 11:35:20,073 INFO  storage.RaftLogWorker (RaftLogWorker.java:<init>(123)) - new 9d609ef0-7a4e-4291-bea8-46a3858a6ef9-RaftLogWorker for Storage Directory /opt/src/hadoop-ozone/integration-test/target/test-dir/MiniOzoneClusterImpl-1d708769-a828-425d-b56d-eb5e13d4ac72/datanode-1/data/ratis/3d29cb9a-6c2b-46bc-a2fd-ae0907c13276
2019-06-14 11:35:20,074 INFO  server.RaftServerConfigKeys (ConfUtils.java:logGet(43)) - raft.server.log.queue.byte-limit = 2147483647 (custom)
2019-06-14 11:35:20,074 INFO  server.RaftServerConfigKeys (ConfUtils.java:logGet(43)) - raft.server.log.queue.element-limit = 1024 (custom)
2019-06-14 11:35:20,074 INFO  server.RaftServerConfigKeys (ConfUtils.java:logGet(43)) - raft.server.log.segment.size.max = 16384 (custom)
2019-06-14 11:35:20,074 INFO  server.RaftServerConfigKeys (ConfUtils.java:logGet(43)) - raft.server.log.preallocated.size = 16384 (custom)
2019-06-14 11:35:20,074 INFO  server.RaftServerConfigKeys (ConfUtils.java:logGet(43)) - raft.server.log.write.buffer.size = 33554432 (custom)
2019-06-14 11:35:20,074 INFO  storage.RaftStorageDirectory (RaftStorageDirectory.java:tryLock(328)) - Lock on /opt/src/hadoop-ozone/integration-test/target/test-dir/MiniOzoneClusterImpl-1d708769-a828-425d-b56d-eb5e13d4ac72/datanode-0/data/ratis/3d29cb9a-6c2b-46bc-a2fd-ae0907c13276/in_use.lock acquired by nodename 10088@ozone-ln5s8-3576005631
2019-06-14 11:35:20,074 INFO  server.RaftServerConfigKeys (ConfUtils.java:logGet(43)) - raft.server.log.segment.size.max = 16384 (custom)
2019-06-14 11:35:20,074 INFO  server.RaftServerConfigKeys (ConfUtils.java:logGet(43)) - raft.server.log.force.sync.num = 128 (default)
2019-06-14 11:35:20,075 INFO  server.RaftServerConfigKeys (ConfUtils.java:logGet(43)) - raft.server.log.statemachine.data.sync = true (default)
2019-06-14 11:35:20,075 INFO  server.RaftServerConfigKeys (ConfUtils.java:logGet(43)) - raft.server.log.statemachine.data.sync.timeout = 10s (default)
2019-06-14 11:35:20,075 INFO  server.RaftServerConfigKeys (ConfUtils.java:logGet(43)) - raft.server.log.statemachine.data.sync.timeout.retry = -1 (default)
2019-06-14 11:35:20,075 INFO  server.RaftServerConfigKeys (ConfUtils.java:logGet(43)) - raft.server.log.statemachine.data.caching.enabled = true (custom)
2019-06-14 11:35:20,075 INFO  server.RaftServerConfigKeys (ConfUtils.java:logGet(43)) - raft.server.snapshot.auto.trigger.enabled = true (custom)
2019-06-14 11:35:20,075 INFO  server.RaftServerConfigKeys (ConfUtils.java:logGet(43)) - raft.server.snapshot.auto.trigger.threshold = 10000 (custom)
2019-06-14 11:35:20,076 INFO  server.RaftServerConfigKeys (ConfUtils.java:logGet(43)) - raft.server.retrycache.expirytime = 600000ms (custom)
2019-06-14 11:35:20,076 INFO  impl.RaftServerImpl (RaftServerImpl.java:start(173)) - 9d609ef0-7a4e-4291-bea8-46a3858a6ef9: start group-AE0907C13276
2019-06-14 11:35:20,076 INFO  impl.RaftServerImpl (RaftServerImpl.java:setRole(164)) - 9d609ef0-7a4e-4291-bea8-46a3858a6ef9:group-AE0907C13276 changes role from null to FOLLOWER at term 0 for startAsFollower
2019-06-14 11:35:20,076 INFO  impl.RoleInfo (RoleInfo.java:updateAndGet(143)) - 9d609ef0-7a4e-4291-bea8-46a3858a6ef9: start FollowerState
2019-06-14 11:35:20,076 INFO  util.JmxRegister (JmxRegister.java:tryRegister(44)) - Successfully registered JMX Bean with object name Ratis:service=RaftServer,group=group-AE0907C13276,id=9d609ef0-7a4e-4291-bea8-46a3858a6ef9
2019-06-14 11:35:20,076 INFO  storage.RaftStorage (RaftStorage.java:format(75)) - Storage directory /opt/src/hadoop-ozone/integration-test/target/test-dir/MiniOzoneClusterImpl-1d708769-a828-425d-b56d-eb5e13d4ac72/datanode-0/data/ratis/3d29cb9a-6c2b-46bc-a2fd-ae0907c13276 has been successfully formatted.
2019-06-14 11:35:20,076 INFO  ratis.ContainerStateMachine (ContainerStateMachine.java:loadSnapshot(199)) - The snapshot info is null.Setting the last applied index to:(t:0, i:~)
2019-06-14 11:35:20,077 INFO  server.RaftServerConfigKeys (ConfUtils.java:logGet(43)) - raft.server.leader.election.timeout = 10s (custom)
2019-06-14 11:35:20,077 INFO  server.RaftServerConfigKeys (ConfUtils.java:logGet(43)) - raft.server.log.segment.cache.num.max = 2 (custom)
2019-06-14 11:35:20,077 INFO  server.RaftServerConfigKeys (ConfUtils.java:logGet(43)) - raft.server.log.use.memory = false (default)
2019-06-14 11:35:20,077 INFO  server.RaftServerConfigKeys (ConfUtils.java:logGet(43)) - raft.server.log.appender.buffer.byte-limit = 33554432 (custom)
2019-06-14 11:35:20,077 INFO  server.RaftServerConfigKeys (ConfUtils.java:logGet(43)) - raft.server.log.segment.size.max = 16384 (custom)
2019-06-14 11:35:20,077 INFO  server.RaftServerConfigKeys (ConfUtils.java:logGet(43)) - raft.server.log.segment.cache.num.max = 2 (custom)
2019-06-14 11:35:20,077 INFO  storage.RaftLogWorker (RaftLogWorker.java:<init>(123)) - new 16c00515-191d-4011-9c79-a76f6a68ac3c-RaftLogWorker for Storage Directory /opt/src/hadoop-ozone/integration-test/target/test-dir/MiniOzoneClusterImpl-1d708769-a828-425d-b56d-eb5e13d4ac72/datanode-0/data/ratis/3d29cb9a-6c2b-46bc-a2fd-ae0907c13276
2019-06-14 11:35:20,077 INFO  server.RaftServerConfigKeys (ConfUtils.java:logGet(43)) - raft.server.log.queue.byte-limit = 2147483647 (custom)
2019-06-14 11:35:20,077 INFO  server.RaftServerConfigKeys (ConfUtils.java:logGet(43)) - raft.server.log.queue.element-limit = 1024 (custom)
2019-06-14 11:35:20,078 INFO  server.RaftServerConfigKeys (ConfUtils.java:logGet(43)) - raft.server.log.segment.size.max = 16384 (custom)
2019-06-14 11:35:20,078 INFO  server.RaftServerConfigKeys (ConfUtils.java:logGet(43)) - raft.server.log.preallocated.size = 16384 (custom)
2019-06-14 11:35:20,078 INFO  server.RaftServerConfigKeys (ConfUtils.java:logGet(43)) - raft.server.log.write.buffer.size = 33554432 (custom)
2019-06-14 11:35:20,078 INFO  server.RaftServerConfigKeys (ConfUtils.java:logGet(43)) - raft.server.log.force.sync.num = 128 (default)
2019-06-14 11:35:20,080 INFO  server.RaftServerConfigKeys (ConfUtils.java:logGet(43)) - raft.server.log.statemachine.data.sync = true (default)
2019-06-14 11:35:20,080 INFO  server.RaftServerConfigKeys (ConfUtils.java:logGet(43)) - raft.server.log.statemachine.data.sync.timeout = 10s (default)
2019-06-14 11:35:20,081 INFO  server.RaftServerConfigKeys (ConfUtils.java:logGet(43)) - raft.server.log.statemachine.data.sync.timeout.retry = -1 (default)
2019-06-14 11:35:20,082 INFO  storage.RaftLogWorker (RaftLogWorker.java:<init>(123)) - new 5d0900bf-8ef1-4385-8966-0c4ec6490248-RaftLogWorker for Storage Directory /opt/src/hadoop-ozone/integration-test/target/test-dir/MiniOzoneClusterImpl-1d708769-a828-425d-b56d-eb5e13d4ac72/datanode-2/data/ratis/3d29cb9a-6c2b-46bc-a2fd-ae0907c13276
2019-06-14 11:35:20,082 INFO  server.RaftServerConfigKeys (ConfUtils.java:logGet(43)) - raft.server.log.statemachine.data.caching.enabled = true (custom)
2019-06-14 11:35:20,084 INFO  server.RaftServerConfigKeys (ConfUtils.java:logGet(43)) - raft.server.log.queue.byte-limit = 2147483647 (custom)
2019-06-14 11:35:20,084 INFO  server.RaftServerConfigKeys (ConfUtils.java:logGet(43)) - raft.server.log.queue.element-limit = 1024 (custom)
2019-06-14 11:35:20,084 INFO  server.RaftServerConfigKeys (ConfUtils.java:logGet(43)) - raft.server.log.segment.size.max = 16384 (custom)
2019-06-14 11:35:20,084 INFO  server.RaftServerConfigKeys (ConfUtils.java:logGet(43)) - raft.server.log.preallocated.size = 16384 (custom)
2019-06-14 11:35:20,084 INFO  server.RaftServerConfigKeys (ConfUtils.java:logGet(43)) - raft.server.snapshot.auto.trigger.enabled = true (custom)
2019-06-14 11:35:20,084 INFO  server.RaftServerConfigKeys (ConfUtils.java:logGet(43)) - raft.server.log.write.buffer.size = 33554432 (custom)
2019-06-14 11:35:20,084 INFO  server.RaftServerConfigKeys (ConfUtils.java:logGet(43)) - raft.server.snapshot.auto.trigger.threshold = 10000 (custom)
2019-06-14 11:35:20,085 INFO  server.RaftServerConfigKeys (ConfUtils.java:logGet(43)) - raft.server.retrycache.expirytime = 600000ms (custom)
2019-06-14 11:35:20,085 INFO  impl.RaftServerImpl (RaftServerImpl.java:start(173)) - 16c00515-191d-4011-9c79-a76f6a68ac3c: start group-AE0907C13276
2019-06-14 11:35:20,085 INFO  impl.RaftServerImpl (RaftServerImpl.java:setRole(164)) - 16c00515-191d-4011-9c79-a76f6a68ac3c:group-AE0907C13276 changes role from null to FOLLOWER at term 0 for startAsFollower
2019-06-14 11:35:20,085 INFO  impl.RoleInfo (RoleInfo.java:updateAndGet(143)) - 16c00515-191d-4011-9c79-a76f6a68ac3c: start FollowerState
2019-06-14 11:35:20,085 INFO  util.JmxRegister (JmxRegister.java:tryRegister(44)) - Successfully registered JMX Bean with object name Ratis:service=RaftServer,group=group-AE0907C13276,id=16c00515-191d-4011-9c79-a76f6a68ac3c
2019-06-14 11:35:20,086 INFO  server.RaftServerConfigKeys (ConfUtils.java:logGet(43)) - raft.server.log.force.sync.num = 128 (default)
2019-06-14 11:35:20,086 INFO  server.RaftServerConfigKeys (ConfUtils.java:logGet(43)) - raft.server.log.statemachine.data.sync = true (default)
2019-06-14 11:35:20,086 INFO  server.RaftServerConfigKeys (ConfUtils.java:logGet(43)) - raft.server.log.statemachine.data.sync.timeout = 10s (default)
2019-06-14 11:35:20,086 INFO  server.RaftServerConfigKeys (ConfUtils.java:logGet(43)) - raft.server.log.statemachine.data.sync.timeout.retry = -1 (default)
2019-06-14 11:35:20,086 INFO  server.RaftServerConfigKeys (ConfUtils.java:logGet(43)) - raft.server.log.statemachine.data.caching.enabled = true (custom)
2019-06-14 11:35:20,086 INFO  server.RaftServerConfigKeys (ConfUtils.java:logGet(43)) - raft.server.snapshot.auto.trigger.enabled = true (custom)
2019-06-14 11:35:20,091 INFO  server.RaftServerConfigKeys (ConfUtils.java:logGet(43)) - raft.server.snapshot.auto.trigger.threshold = 10000 (custom)
2019-06-14 11:35:20,091 INFO  server.RaftServerConfigKeys (ConfUtils.java:logGet(43)) - raft.server.retrycache.expirytime = 600000ms (custom)
2019-06-14 11:35:20,091 INFO  impl.RaftServerImpl (RaftServerImpl.java:start(173)) - 5d0900bf-8ef1-4385-8966-0c4ec6490248: start group-AE0907C13276
2019-06-14 11:35:20,091 INFO  impl.RaftServerImpl (RaftServerImpl.java:setRole(164)) - 5d0900bf-8ef1-4385-8966-0c4ec6490248:group-AE0907C13276 changes role from null to FOLLOWER at term 0 for startAsFollower
2019-06-14 11:35:20,091 INFO  impl.RoleInfo (RoleInfo.java:updateAndGet(143)) - 5d0900bf-8ef1-4385-8966-0c4ec6490248: start FollowerState
2019-06-14 11:35:20,096 INFO  util.JmxRegister (JmxRegister.java:tryRegister(44)) - Successfully registered JMX Bean with object name Ratis:service=RaftServer,group=group-AE0907C13276,id=5d0900bf-8ef1-4385-8966-0c4ec6490248
2019-06-14 11:35:20,105 INFO  pipeline.PipelineStateManager (PipelineStateManager.java:addPipeline(56)) - Created pipeline Pipeline[ Id: 3d29cb9a-6c2b-46bc-a2fd-ae0907c13276, Nodes: 9d609ef0-7a4e-4291-bea8-46a3858a6ef9{ip: 192.168.134.79, host: ozone-ln5s8-3576005631, networkLocation: /default-rack, certSerialId: null}16c00515-191d-4011-9c79-a76f6a68ac3c{ip: 192.168.134.79, host: ozone-ln5s8-3576005631, networkLocation: /default-rack, certSerialId: null}5d0900bf-8ef1-4385-8966-0c4ec6490248{ip: 192.168.134.79, host: ozone-ln5s8-3576005631, networkLocation: /default-rack, certSerialId: null}, Type:RATIS, Factor:THREE, State:OPEN]
2019-06-14 11:35:20,158 INFO  node.SCMNodeManager (SCMNodeManager.java:register(234)) - Registered Data node : 03d28d71-1ad6-49d4-b246-f1d1f9a39f37{ip: 192.168.134.79, host: ozone-ln5s8-3576005631, networkLocation: /default-rack, certSerialId: null}
2019-06-14 11:35:20,169 INFO  impl.RaftServerProxy (RaftServerProxy.java:addNew(89)) - 03d28d71-1ad6-49d4-b246-f1d1f9a39f37: addNew group-B76E123E2449:[03d28d71-1ad6-49d4-b246-f1d1f9a39f37:192.168.134.79:42189] returns group-B76E123E2449:java.util.concurrent.CompletableFuture@d28753a[Not completed]
2019-06-14 11:35:20,170 INFO  impl.RaftServerImpl (RaftServerImpl.java:<init>(91)) - 03d28d71-1ad6-49d4-b246-f1d1f9a39f37: new RaftServerImpl for group-B76E123E2449:[03d28d71-1ad6-49d4-b246-f1d1f9a39f37:192.168.134.79:42189] with ContainerStateMachine:uninitialized
2019-06-14 11:35:20,171 INFO  server.RaftServerConfigKeys (ConfUtils.java:logGet(43)) - raft.server.rpc.timeout.min = 1s (custom)
2019-06-14 11:35:20,171 INFO  server.RaftServerConfigKeys (ConfUtils.java:logGet(43)) - raft.server.rpc.timeout.max = 1200ms (custom)
2019-06-14 11:35:20,171 INFO  server.RaftServerConfigKeys (ConfUtils.java:logGet(43)) - raft.server.rpcslowness.timeout = 10s (custom)
2019-06-14 11:35:20,171 INFO  server.RaftServerConfigKeys (ConfUtils.java:logGet(43)) - raft.server.log.appender.install.snapshot.enabled = true (default)
2019-06-14 11:35:20,171 INFO  impl.RaftServerImpl (ServerState.java:<init>(101)) - 03d28d71-1ad6-49d4-b246-f1d1f9a39f37:group-B76E123E2449 ConfigurationManager, init=-1: [03d28d71-1ad6-49d4-b246-f1d1f9a39f37:192.168.134.79:42189], old=null, confs=<EMPTY_MAP>
2019-06-14 11:35:20,171 INFO  server.RaftServerConfigKeys (ConfUtils.java:logGet(43)) - raft.server.storage.dir = [/opt/src/hadoop-ozone/integration-test/target/test-dir/MiniOzoneClusterImpl-1d708769-a828-425d-b56d-eb5e13d4ac72/datanode-3/data/ratis] (custom)
2019-06-14 11:35:20,171 INFO  storage.RaftStorageDirectory (RaftStorageDirectory.java:analyzeStorage(246)) - The storage directory /opt/src/hadoop-ozone/integration-test/target/test-dir/MiniOzoneClusterImpl-1d708769-a828-425d-b56d-eb5e13d4ac72/datanode-3/data/ratis/dea086b7-8a8c-4dcb-a1a8-b76e123e2449 does not exist. Creating ...
2019-06-14 11:35:20,173 INFO  storage.RaftStorageDirectory (RaftStorageDirectory.java:tryLock(328)) - Lock on /opt/src/hadoop-ozone/integration-test/target/test-dir/MiniOzoneClusterImpl-1d708769-a828-425d-b56d-eb5e13d4ac72/datanode-3/data/ratis/dea086b7-8a8c-4dcb-a1a8-b76e123e2449/in_use.lock acquired by nodename 10088@ozone-ln5s8-3576005631
2019-06-14 11:35:20,175 INFO  storage.RaftStorage (RaftStorage.java:format(75)) - Storage directory /opt/src/hadoop-ozone/integration-test/target/test-dir/MiniOzoneClusterImpl-1d708769-a828-425d-b56d-eb5e13d4ac72/datanode-3/data/ratis/dea086b7-8a8c-4dcb-a1a8-b76e123e2449 has been successfully formatted.
2019-06-14 11:35:20,175 INFO  ratis.ContainerStateMachine (ContainerStateMachine.java:loadSnapshot(199)) - The snapshot info is null.Setting the last applied index to:(t:0, i:~)
2019-06-14 11:35:20,175 INFO  server.RaftServerConfigKeys (ConfUtils.java:logGet(43)) - raft.server.leader.election.timeout = 10s (custom)
2019-06-14 11:35:20,176 INFO  server.RaftServerConfigKeys (ConfUtils.java:logGet(43)) - raft.server.log.use.memory = false (default)
2019-06-14 11:35:20,176 INFO  server.RaftServerConfigKeys (ConfUtils.java:logGet(43)) - raft.server.log.appender.buffer.byte-limit = 33554432 (custom)
2019-06-14 11:35:20,176 INFO  server.RaftServerConfigKeys (ConfUtils.java:logGet(43)) - raft.server.log.segment.size.max = 16384 (custom)
2019-06-14 11:35:20,176 INFO  server.RaftServerConfigKeys (ConfUtils.java:logGet(43)) - raft.server.log.segment.cache.num.max = 2 (custom)
2019-06-14 11:35:20,176 INFO  storage.RaftLogWorker (RaftLogWorker.java:<init>(123)) - new 03d28d71-1ad6-49d4-b246-f1d1f9a39f37-RaftLogWorker for Storage Directory /opt/src/hadoop-ozone/integration-test/target/test-dir/MiniOzoneClusterImpl-1d708769-a828-425d-b56d-eb5e13d4ac72/datanode-3/data/ratis/dea086b7-8a8c-4dcb-a1a8-b76e123e2449
2019-06-14 11:35:20,176 INFO  server.RaftServerConfigKeys (ConfUtils.java:logGet(43)) - raft.server.log.queue.byte-limit = 2147483647 (custom)
2019-06-14 11:35:20,176 INFO  server.RaftServerConfigKeys (ConfUtils.java:logGet(43)) - raft.server.log.queue.element-limit = 1024 (custom)
2019-06-14 11:35:20,176 INFO  server.RaftServerConfigKeys (ConfUtils.java:logGet(43)) - raft.server.log.segment.size.max = 16384 (custom)
2019-06-14 11:35:20,176 INFO  server.RaftServerConfigKeys (ConfUtils.java:logGet(43)) - raft.server.log.preallocated.size = 16384 (custom)
2019-06-14 11:35:20,176 INFO  server.RaftServerConfigKeys (ConfUtils.java:logGet(43)) - raft.server.log.write.buffer.size = 33554432 (custom)
2019-06-14 11:35:20,176 INFO  server.RaftServerConfigKeys (ConfUtils.java:logGet(43)) - raft.server.log.force.sync.num = 128 (default)
2019-06-14 11:35:20,176 INFO  server.RaftServerConfigKeys (ConfUtils.java:logGet(43)) - raft.server.log.statemachine.data.sync = true (default)
2019-06-14 11:35:20,176 INFO  server.RaftServerConfigKeys (ConfUtils.java:logGet(43)) - raft.server.log.statemachine.data.sync.timeout = 10s (default)
2019-06-14 11:35:20,176 INFO  server.RaftServerConfigKeys (ConfUtils.java:logGet(43)) - raft.server.log.statemachine.data.sync.timeout.retry = -1 (default)
2019-06-14 11:35:20,177 INFO  server.RaftServerConfigKeys (ConfUtils.java:logGet(43)) - raft.server.log.statemachine.data.caching.enabled = true (custom)
2019-06-14 11:35:20,177 INFO  server.RaftServerConfigKeys (ConfUtils.java:logGet(43)) - raft.server.snapshot.auto.trigger.enabled = true (custom)
2019-06-14 11:35:20,177 INFO  server.RaftServerConfigKeys (ConfUtils.java:logGet(43)) - raft.server.snapshot.auto.trigger.threshold = 10000 (custom)
2019-06-14 11:35:20,177 INFO  server.RaftServerConfigKeys (ConfUtils.java:logGet(43)) - raft.server.retrycache.expirytime = 600000ms (custom)
2019-06-14 11:35:20,178 INFO  impl.RaftServerImpl (RaftServerImpl.java:start(173)) - 03d28d71-1ad6-49d4-b246-f1d1f9a39f37: start group-B76E123E2449
2019-06-14 11:35:20,178 INFO  impl.RaftServerImpl (RaftServerImpl.java:setRole(164)) - 03d28d71-1ad6-49d4-b246-f1d1f9a39f37:group-B76E123E2449 changes role from null to FOLLOWER at term 0 for startAsFollower
2019-06-14 11:35:20,178 INFO  impl.RoleInfo (RoleInfo.java:updateAndGet(143)) - 03d28d71-1ad6-49d4-b246-f1d1f9a39f37: start FollowerState
2019-06-14 11:35:20,178 INFO  util.JmxRegister (JmxRegister.java:tryRegister(44)) - Successfully registered JMX Bean with object name Ratis:service=RaftServer,group=group-B76E123E2449,id=03d28d71-1ad6-49d4-b246-f1d1f9a39f37
2019-06-14 11:35:20,186 INFO  pipeline.PipelineStateManager (PipelineStateManager.java:addPipeline(56)) - Created pipeline Pipeline[ Id: dea086b7-8a8c-4dcb-a1a8-b76e123e2449, Nodes: 03d28d71-1ad6-49d4-b246-f1d1f9a39f37{ip: 192.168.134.79, host: ozone-ln5s8-3576005631, networkLocation: /default-rack, certSerialId: null}, Type:RATIS, Factor:ONE, State:OPEN]
2019-06-14 11:35:20,409 INFO  node.SCMNodeManager (SCMNodeManager.java:register(234)) - Registered Data node : 82965dc9-8004-4378-a14c-979b0d3927e1{ip: 192.168.134.79, host: ozone-ln5s8-3576005631, networkLocation: /default-rack, certSerialId: null}
2019-06-14 11:35:20,421 INFO  impl.RaftServerProxy (RaftServerProxy.java:addNew(89)) - 82965dc9-8004-4378-a14c-979b0d3927e1: addNew group-35C8E62C54F9:[82965dc9-8004-4378-a14c-979b0d3927e1:192.168.134.79:34061] returns group-35C8E62C54F9:java.util.concurrent.CompletableFuture@2050e7fa[Not completed]
2019-06-14 11:35:20,421 INFO  impl.RaftServerImpl (RaftServerImpl.java:<init>(91)) - 82965dc9-8004-4378-a14c-979b0d3927e1: new RaftServerImpl for group-35C8E62C54F9:[82965dc9-8004-4378-a14c-979b0d3927e1:192.168.134.79:34061] with ContainerStateMachine:uninitialized
2019-06-14 11:35:20,421 INFO  server.RaftServerConfigKeys (ConfUtils.java:logGet(43)) - raft.server.rpc.timeout.min = 1s (custom)
2019-06-14 11:35:20,421 INFO  server.RaftServerConfigKeys (ConfUtils.java:logGet(43)) - raft.server.rpc.timeout.max = 1200ms (custom)
2019-06-14 11:35:20,422 INFO  server.RaftServerConfigKeys (ConfUtils.java:logGet(43)) - raft.server.rpcslowness.timeout = 10s (custom)
2019-06-14 11:35:20,422 INFO  server.RaftServerConfigKeys (ConfUtils.java:logGet(43)) - raft.server.log.appender.install.snapshot.enabled = true (default)
2019-06-14 11:35:20,422 INFO  impl.RaftServerImpl (ServerState.java:<init>(101)) - 82965dc9-8004-4378-a14c-979b0d3927e1:group-35C8E62C54F9 ConfigurationManager, init=-1: [82965dc9-8004-4378-a14c-979b0d3927e1:192.168.134.79:34061], old=null, confs=<EMPTY_MAP>
2019-06-14 11:35:20,422 INFO  server.RaftServerConfigKeys (ConfUtils.java:logGet(43)) - raft.server.storage.dir = [/opt/src/hadoop-ozone/integration-test/target/test-dir/MiniOzoneClusterImpl-1d708769-a828-425d-b56d-eb5e13d4ac72/datanode-4/data/ratis] (custom)
2019-06-14 11:35:20,422 INFO  storage.RaftStorageDirectory (RaftStorageDirectory.java:analyzeStorage(246)) - The storage directory /opt/src/hadoop-ozone/integration-test/target/test-dir/MiniOzoneClusterImpl-1d708769-a828-425d-b56d-eb5e13d4ac72/datanode-4/data/ratis/53ff9cc3-65fa-47e5-86d7-35c8e62c54f9 does not exist. Creating ...
2019-06-14 11:35:20,425 INFO  storage.RaftStorageDirectory (RaftStorageDirectory.java:tryLock(328)) - Lock on /opt/src/hadoop-ozone/integration-test/target/test-dir/MiniOzoneClusterImpl-1d708769-a828-425d-b56d-eb5e13d4ac72/datanode-4/data/ratis/53ff9cc3-65fa-47e5-86d7-35c8e62c54f9/in_use.lock acquired by nodename 10088@ozone-ln5s8-3576005631
2019-06-14 11:35:20,427 INFO  storage.RaftStorage (RaftStorage.java:format(75)) - Storage directory /opt/src/hadoop-ozone/integration-test/target/test-dir/MiniOzoneClusterImpl-1d708769-a828-425d-b56d-eb5e13d4ac72/datanode-4/data/ratis/53ff9cc3-65fa-47e5-86d7-35c8e62c54f9 has been successfully formatted.
2019-06-14 11:35:20,427 INFO  ratis.ContainerStateMachine (ContainerStateMachine.java:loadSnapshot(199)) - The snapshot info is null.Setting the last applied index to:(t:0, i:~)
2019-06-14 11:35:20,427 INFO  server.RaftServerConfigKeys (ConfUtils.java:logGet(43)) - raft.server.leader.election.timeout = 10s (custom)
2019-06-14 11:35:20,427 INFO  server.RaftServerConfigKeys (ConfUtils.java:logGet(43)) - raft.server.log.use.memory = false (default)
2019-06-14 11:35:20,427 INFO  server.RaftServerConfigKeys (ConfUtils.java:logGet(43)) - raft.server.log.appender.buffer.byte-limit = 33554432 (custom)
2019-06-14 11:35:20,427 INFO  server.RaftServerConfigKeys (ConfUtils.java:logGet(43)) - raft.server.log.segment.size.max = 16384 (custom)
2019-06-14 11:35:20,427 INFO  server.RaftServerConfigKeys (ConfUtils.java:logGet(43)) - raft.server.log.segment.cache.num.max = 2 (custom)
2019-06-14 11:35:20,428 INFO  storage.RaftLogWorker (RaftLogWorker.java:<init>(123)) - new 82965dc9-8004-4378-a14c-979b0d3927e1-RaftLogWorker for Storage Directory /opt/src/hadoop-ozone/integration-test/target/test-dir/MiniOzoneClusterImpl-1d708769-a828-425d-b56d-eb5e13d4ac72/datanode-4/data/ratis/53ff9cc3-65fa-47e5-86d7-35c8e62c54f9
2019-06-14 11:35:20,428 INFO  server.RaftServerConfigKeys (ConfUtils.java:logGet(43)) - raft.server.log.queue.byte-limit = 2147483647 (custom)
2019-06-14 11:35:20,428 INFO  server.RaftServerConfigKeys (ConfUtils.java:logGet(43)) - raft.server.log.queue.element-limit = 1024 (custom)
2019-06-14 11:35:20,428 INFO  server.RaftServerConfigKeys (ConfUtils.java:logGet(43)) - raft.server.log.segment.size.max = 16384 (custom)
2019-06-14 11:35:20,428 INFO  server.RaftServerConfigKeys (ConfUtils.java:logGet(43)) - raft.server.log.preallocated.size = 16384 (custom)
2019-06-14 11:35:20,428 INFO  server.RaftServerConfigKeys (ConfUtils.java:logGet(43)) - raft.server.log.write.buffer.size = 33554432 (custom)
2019-06-14 11:35:20,428 INFO  server.RaftServerConfigKeys (ConfUtils.java:logGet(43)) - raft.server.log.force.sync.num = 128 (default)
2019-06-14 11:35:20,428 INFO  server.RaftServerConfigKeys (ConfUtils.java:logGet(43)) - raft.server.log.statemachine.data.sync = true (default)
2019-06-14 11:35:20,428 INFO  server.RaftServerConfigKeys (ConfUtils.java:logGet(43)) - raft.server.log.statemachine.data.sync.timeout = 10s (default)
2019-06-14 11:35:20,428 INFO  server.RaftServerConfigKeys (ConfUtils.java:logGet(43)) - raft.server.log.statemachine.data.sync.timeout.retry = -1 (default)
2019-06-14 11:35:20,428 INFO  server.RaftServerConfigKeys (ConfUtils.java:logGet(43)) - raft.server.log.statemachine.data.caching.enabled = true (custom)
2019-06-14 11:35:20,429 INFO  server.RaftServerConfigKeys (ConfUtils.java:logGet(43)) - raft.server.snapshot.auto.trigger.enabled = true (custom)
2019-06-14 11:35:20,429 INFO  server.RaftServerConfigKeys (ConfUtils.java:logGet(43)) - raft.server.snapshot.auto.trigger.threshold = 10000 (custom)
2019-06-14 11:35:20,429 INFO  server.RaftServerConfigKeys (ConfUtils.java:logGet(43)) - raft.server.retrycache.expirytime = 600000ms (custom)
2019-06-14 11:35:20,429 INFO  impl.RaftServerImpl (RaftServerImpl.java:start(173)) - 82965dc9-8004-4378-a14c-979b0d3927e1: start group-35C8E62C54F9
2019-06-14 11:35:20,429 INFO  impl.RaftServerImpl (RaftServerImpl.java:setRole(164)) - 82965dc9-8004-4378-a14c-979b0d3927e1:group-35C8E62C54F9 changes role from null to FOLLOWER at term 0 for startAsFollower
2019-06-14 11:35:20,429 INFO  impl.RoleInfo (RoleInfo.java:updateAndGet(143)) - 82965dc9-8004-4378-a14c-979b0d3927e1: start FollowerState
2019-06-14 11:35:20,430 INFO  util.JmxRegister (JmxRegister.java:tryRegister(44)) - Successfully registered JMX Bean with object name Ratis:service=RaftServer,group=group-35C8E62C54F9,id=82965dc9-8004-4378-a14c-979b0d3927e1
2019-06-14 11:35:20,433 INFO  pipeline.PipelineStateManager (PipelineStateManager.java:addPipeline(56)) - Created pipeline Pipeline[ Id: 53ff9cc3-65fa-47e5-86d7-35c8e62c54f9, Nodes: 82965dc9-8004-4378-a14c-979b0d3927e1{ip: 192.168.134.79, host: ozone-ln5s8-3576005631, networkLocation: /default-rack, certSerialId: null}, Type:RATIS, Factor:ONE, State:OPEN]
2019-06-14 11:35:20,726 INFO  ozone.MiniOzoneClusterImpl (MiniOzoneClusterImpl.java:lambda$waitForClusterToBeReady$0(142)) - Waiting for cluster to be ready. Got 5 of 6 DN Heartbeats.
2019-06-14 11:35:20,737 INFO  node.SCMNodeManager (SCMNodeManager.java:register(234)) - Registered Data node : 90f6f9bf-169a-4c9a-b4c6-9c2e3239f6d5{ip: 192.168.134.79, host: ozone-ln5s8-3576005631, networkLocation: /default-rack, certSerialId: null}
2019-06-14 11:35:20,751 INFO  impl.RaftServerProxy (RaftServerProxy.java:addNew(89)) - 90f6f9bf-169a-4c9a-b4c6-9c2e3239f6d5: addNew group-C0D5E82794E8:[90f6f9bf-169a-4c9a-b4c6-9c2e3239f6d5:192.168.134.79:37941] returns group-C0D5E82794E8:java.util.concurrent.CompletableFuture@927b1d9[Not completed]
2019-06-14 11:35:20,752 INFO  impl.RaftServerImpl (RaftServerImpl.java:<init>(91)) - 90f6f9bf-169a-4c9a-b4c6-9c2e3239f6d5: new RaftServerImpl for group-C0D5E82794E8:[90f6f9bf-169a-4c9a-b4c6-9c2e3239f6d5:192.168.134.79:37941] with ContainerStateMachine:uninitialized
2019-06-14 11:35:20,752 INFO  server.RaftServerConfigKeys (ConfUtils.java:logGet(43)) - raft.server.rpc.timeout.min = 1s (custom)
2019-06-14 11:35:20,752 INFO  server.RaftServerConfigKeys (ConfUtils.java:logGet(43)) - raft.server.rpc.timeout.max = 1200ms (custom)
2019-06-14 11:35:20,752 INFO  server.RaftServerConfigKeys (ConfUtils.java:logGet(43)) - raft.server.rpcslowness.timeout = 10s (custom)
2019-06-14 11:35:20,753 INFO  server.RaftServerConfigKeys (ConfUtils.java:logGet(43)) - raft.server.log.appender.install.snapshot.enabled = true (default)
2019-06-14 11:35:20,753 INFO  impl.RaftServerImpl (ServerState.java:<init>(101)) - 90f6f9bf-169a-4c9a-b4c6-9c2e3239f6d5:group-C0D5E82794E8 ConfigurationManager, init=-1: [90f6f9bf-169a-4c9a-b4c6-9c2e3239f6d5:192.168.134.79:37941], old=null, confs=<EMPTY_MAP>
2019-06-14 11:35:20,753 INFO  server.RaftServerConfigKeys (ConfUtils.java:logGet(43)) - raft.server.storage.dir = [/opt/src/hadoop-ozone/integration-test/target/test-dir/MiniOzoneClusterImpl-1d708769-a828-425d-b56d-eb5e13d4ac72/datanode-5/data/ratis] (custom)
2019-06-14 11:35:20,753 INFO  storage.RaftStorageDirectory (RaftStorageDirectory.java:analyzeStorage(246)) - The storage directory /opt/src/hadoop-ozone/integration-test/target/test-dir/MiniOzoneClusterImpl-1d708769-a828-425d-b56d-eb5e13d4ac72/datanode-5/data/ratis/e204b793-3b0b-4e01-9610-c0d5e82794e8 does not exist. Creating ...
2019-06-14 11:35:20,755 INFO  storage.RaftStorageDirectory (RaftStorageDirectory.java:tryLock(328)) - Lock on /opt/src/hadoop-ozone/integration-test/target/test-dir/MiniOzoneClusterImpl-1d708769-a828-425d-b56d-eb5e13d4ac72/datanode-5/data/ratis/e204b793-3b0b-4e01-9610-c0d5e82794e8/in_use.lock acquired by nodename 10088@ozone-ln5s8-3576005631
2019-06-14 11:35:20,757 INFO  storage.RaftStorage (RaftStorage.java:format(75)) - Storage directory /opt/src/hadoop-ozone/integration-test/target/test-dir/MiniOzoneClusterImpl-1d708769-a828-425d-b56d-eb5e13d4ac72/datanode-5/data/ratis/e204b793-3b0b-4e01-9610-c0d5e82794e8 has been successfully formatted.
2019-06-14 11:35:20,758 INFO  ratis.ContainerStateMachine (ContainerStateMachine.java:loadSnapshot(199)) - The snapshot info is null.Setting the last applied index to:(t:0, i:~)
2019-06-14 11:35:20,758 INFO  server.RaftServerConfigKeys (ConfUtils.java:logGet(43)) - raft.server.leader.election.timeout = 10s (custom)
2019-06-14 11:35:20,758 INFO  server.RaftServerConfigKeys (ConfUtils.java:logGet(43)) - raft.server.log.use.memory = false (default)
2019-06-14 11:35:20,758 INFO  server.RaftServerConfigKeys (ConfUtils.java:logGet(43)) - raft.server.log.appender.buffer.byte-limit = 33554432 (custom)
2019-06-14 11:35:20,758 INFO  server.RaftServerConfigKeys (ConfUtils.java:logGet(43)) - raft.server.log.segment.size.max = 16384 (custom)
2019-06-14 11:35:20,758 INFO  server.RaftServerConfigKeys (ConfUtils.java:logGet(43)) - raft.server.log.segment.cache.num.max = 2 (custom)
2019-06-14 11:35:20,759 INFO  storage.RaftLogWorker (RaftLogWorker.java:<init>(123)) - new 90f6f9bf-169a-4c9a-b4c6-9c2e3239f6d5-RaftLogWorker for Storage Directory /opt/src/hadoop-ozone/integration-test/target/test-dir/MiniOzoneClusterImpl-1d708769-a828-425d-b56d-eb5e13d4ac72/datanode-5/data/ratis/e204b793-3b0b-4e01-9610-c0d5e82794e8
2019-06-14 11:35:20,759 INFO  server.RaftServerConfigKeys (ConfUtils.java:logGet(43)) - raft.server.log.queue.byte-limit = 2147483647 (custom)
2019-06-14 11:35:20,759 INFO  server.RaftServerConfigKeys (ConfUtils.java:logGet(43)) - raft.server.log.queue.element-limit = 1024 (custom)
2019-06-14 11:35:20,759 INFO  server.RaftServerConfigKeys (ConfUtils.java:logGet(43)) - raft.server.log.segment.size.max = 16384 (custom)
2019-06-14 11:35:20,759 INFO  server.RaftServerConfigKeys (ConfUtils.java:logGet(43)) - raft.server.log.preallocated.size = 16384 (custom)
2019-06-14 11:35:20,759 INFO  server.RaftServerConfigKeys (ConfUtils.java:logGet(43)) - raft.server.log.write.buffer.size = 33554432 (custom)
2019-06-14 11:35:20,759 INFO  server.RaftServerConfigKeys (ConfUtils.java:logGet(43)) - raft.server.log.force.sync.num = 128 (default)
2019-06-14 11:35:20,759 INFO  server.RaftServerConfigKeys (ConfUtils.java:logGet(43)) - raft.server.log.statemachine.data.sync = true (default)
2019-06-14 11:35:20,760 INFO  server.RaftServerConfigKeys (ConfUtils.java:logGet(43)) - raft.server.log.statemachine.data.sync.timeout = 10s (default)
2019-06-14 11:35:20,760 INFO  server.RaftServerConfigKeys (ConfUtils.java:logGet(43)) - raft.server.log.statemachine.data.sync.timeout.retry = -1 (default)
2019-06-14 11:35:20,760 INFO  server.RaftServerConfigKeys (ConfUtils.java:logGet(43)) - raft.server.log.statemachine.data.caching.enabled = true (custom)
2019-06-14 11:35:20,760 INFO  server.RaftServerConfigKeys (ConfUtils.java:logGet(43)) - raft.server.snapshot.auto.trigger.enabled = true (custom)
2019-06-14 11:35:20,760 INFO  server.RaftServerConfigKeys (ConfUtils.java:logGet(43)) - raft.server.snapshot.auto.trigger.threshold = 10000 (custom)
2019-06-14 11:35:20,761 INFO  server.RaftServerConfigKeys (ConfUtils.java:logGet(43)) - raft.server.retrycache.expirytime = 600000ms (custom)
2019-06-14 11:35:20,761 INFO  impl.RaftServerImpl (RaftServerImpl.java:start(173)) - 90f6f9bf-169a-4c9a-b4c6-9c2e3239f6d5: start group-C0D5E82794E8
2019-06-14 11:35:20,761 INFO  impl.RaftServerImpl (RaftServerImpl.java:setRole(164)) - 90f6f9bf-169a-4c9a-b4c6-9c2e3239f6d5:group-C0D5E82794E8 changes role from null to FOLLOWER at term 0 for startAsFollower
2019-06-14 11:35:20,761 INFO  impl.RoleInfo (RoleInfo.java:updateAndGet(143)) - 90f6f9bf-169a-4c9a-b4c6-9c2e3239f6d5: start FollowerState
2019-06-14 11:35:20,761 INFO  util.JmxRegister (JmxRegister.java:tryRegister(44)) - Successfully registered JMX Bean with object name Ratis:service=RaftServer,group=group-C0D5E82794E8,id=90f6f9bf-169a-4c9a-b4c6-9c2e3239f6d5
2019-06-14 11:35:20,770 INFO  pipeline.PipelineStateManager (PipelineStateManager.java:addPipeline(56)) - Created pipeline Pipeline[ Id: e204b793-3b0b-4e01-9610-c0d5e82794e8, Nodes: 90f6f9bf-169a-4c9a-b4c6-9c2e3239f6d5{ip: 192.168.134.79, host: ozone-ln5s8-3576005631, networkLocation: /default-rack, certSerialId: null}, Type:RATIS, Factor:ONE, State:OPEN]
2019-06-14 11:35:20,788 INFO  impl.RaftServerProxy (RaftServerProxy.java:addNew(89)) - 03d28d71-1ad6-49d4-b246-f1d1f9a39f37: addNew group-EFF7CFEA2F21:[03d28d71-1ad6-49d4-b246-f1d1f9a39f37:192.168.134.79:42189, 82965dc9-8004-4378-a14c-979b0d3927e1:192.168.134.79:34061, 90f6f9bf-169a-4c9a-b4c6-9c2e3239f6d5:192.168.134.79:37941] returns group-EFF7CFEA2F21:java.util.concurrent.CompletableFuture@4241ef31[Not completed]
2019-06-14 11:35:20,789 INFO  impl.RaftServerProxy (RaftServerProxy.java:addNew(89)) - 82965dc9-8004-4378-a14c-979b0d3927e1: addNew group-EFF7CFEA2F21:[03d28d71-1ad6-49d4-b246-f1d1f9a39f37:192.168.134.79:42189, 82965dc9-8004-4378-a14c-979b0d3927e1:192.168.134.79:34061, 90f6f9bf-169a-4c9a-b4c6-9c2e3239f6d5:192.168.134.79:37941] returns group-EFF7CFEA2F21:java.util.concurrent.CompletableFuture@76946fbd[Not completed]
2019-06-14 11:35:20,790 INFO  impl.RaftServerImpl (RaftServerImpl.java:<init>(91)) - 82965dc9-8004-4378-a14c-979b0d3927e1: new RaftServerImpl for group-EFF7CFEA2F21:[03d28d71-1ad6-49d4-b246-f1d1f9a39f37:192.168.134.79:42189, 82965dc9-8004-4378-a14c-979b0d3927e1:192.168.134.79:34061, 90f6f9bf-169a-4c9a-b4c6-9c2e3239f6d5:192.168.134.79:37941] with ContainerStateMachine:uninitialized
2019-06-14 11:35:20,791 INFO  impl.RaftServerImpl (RaftServerImpl.java:<init>(91)) - 03d28d71-1ad6-49d4-b246-f1d1f9a39f37: new RaftServerImpl for group-EFF7CFEA2F21:[03d28d71-1ad6-49d4-b246-f1d1f9a39f37:192.168.134.79:42189, 82965dc9-8004-4378-a14c-979b0d3927e1:192.168.134.79:34061, 90f6f9bf-169a-4c9a-b4c6-9c2e3239f6d5:192.168.134.79:37941] with ContainerStateMachine:uninitialized
2019-06-14 11:35:20,791 INFO  server.RaftServerConfigKeys (ConfUtils.java:logGet(43)) - raft.server.rpc.timeout.min = 1s (custom)
2019-06-14 11:35:20,791 INFO  server.RaftServerConfigKeys (ConfUtils.java:logGet(43)) - raft.server.rpc.timeout.min = 1s (custom)
2019-06-14 11:35:20,791 INFO  impl.RaftServerProxy (RaftServerProxy.java:addNew(89)) - 90f6f9bf-169a-4c9a-b4c6-9c2e3239f6d5: addNew group-EFF7CFEA2F21:[03d28d71-1ad6-49d4-b246-f1d1f9a39f37:192.168.134.79:42189, 82965dc9-8004-4378-a14c-979b0d3927e1:192.168.134.79:34061, 90f6f9bf-169a-4c9a-b4c6-9c2e3239f6d5:192.168.134.79:37941] returns group-EFF7CFEA2F21:java.util.concurrent.CompletableFuture@4289b1cf[Not completed]
2019-06-14 11:35:20,791 INFO  server.RaftServerConfigKeys (ConfUtils.java:logGet(43)) - raft.server.rpc.timeout.max = 1200ms (custom)
2019-06-14 11:35:20,792 INFO  server.RaftServerConfigKeys (ConfUtils.java:logGet(43)) - raft.server.rpcslowness.timeout = 10s (custom)
2019-06-14 11:35:20,792 INFO  server.RaftServerConfigKeys (ConfUtils.java:logGet(43)) - raft.server.log.appender.install.snapshot.enabled = true (default)
2019-06-14 11:35:20,792 INFO  impl.RaftServerImpl (RaftServerImpl.java:<init>(91)) - 90f6f9bf-169a-4c9a-b4c6-9c2e3239f6d5: new RaftServerImpl for group-EFF7CFEA2F21:[03d28d71-1ad6-49d4-b246-f1d1f9a39f37:192.168.134.79:42189, 82965dc9-8004-4378-a14c-979b0d3927e1:192.168.134.79:34061, 90f6f9bf-169a-4c9a-b4c6-9c2e3239f6d5:192.168.134.79:37941] with ContainerStateMachine:uninitialized
2019-06-14 11:35:20,791 INFO  server.RaftServerConfigKeys (ConfUtils.java:logGet(43)) - raft.server.rpc.timeout.max = 1200ms (custom)
2019-06-14 11:35:20,792 INFO  server.RaftServerConfigKeys (ConfUtils.java:logGet(43)) - raft.server.rpc.timeout.min = 1s (custom)
2019-06-14 11:35:20,792 INFO  impl.RaftServerImpl (ServerState.java:<init>(101)) - 82965dc9-8004-4378-a14c-979b0d3927e1:group-EFF7CFEA2F21 ConfigurationManager, init=-1: [03d28d71-1ad6-49d4-b246-f1d1f9a39f37:192.168.134.79:42189, 82965dc9-8004-4378-a14c-979b0d3927e1:192.168.134.79:34061, 90f6f9bf-169a-4c9a-b4c6-9c2e3239f6d5:192.168.134.79:37941], old=null, confs=<EMPTY_MAP>
2019-06-14 11:35:20,792 INFO  server.RaftServerConfigKeys (ConfUtils.java:logGet(43)) - raft.server.storage.dir = [/opt/src/hadoop-ozone/integration-test/target/test-dir/MiniOzoneClusterImpl-1d708769-a828-425d-b56d-eb5e13d4ac72/datanode-4/data/ratis] (custom)
2019-06-14 11:35:20,792 INFO  storage.RaftStorageDirectory (RaftStorageDirectory.java:analyzeStorage(246)) - The storage directory /opt/src/hadoop-ozone/integration-test/target/test-dir/MiniOzoneClusterImpl-1d708769-a828-425d-b56d-eb5e13d4ac72/datanode-4/data/ratis/1c53e558-d7e4-4f49-9b2c-eff7cfea2f21 does not exist. Creating ...
2019-06-14 11:35:20,792 INFO  server.RaftServerConfigKeys (ConfUtils.java:logGet(43)) - raft.server.rpcslowness.timeout = 10s (custom)
2019-06-14 11:35:20,793 INFO  server.RaftServerConfigKeys (ConfUtils.java:logGet(43)) - raft.server.log.appender.install.snapshot.enabled = true (default)
2019-06-14 11:35:20,793 INFO  impl.RaftServerImpl (ServerState.java:<init>(101)) - 03d28d71-1ad6-49d4-b246-f1d1f9a39f37:group-EFF7CFEA2F21 ConfigurationManager, init=-1: [03d28d71-1ad6-49d4-b246-f1d1f9a39f37:192.168.134.79:42189, 82965dc9-8004-4378-a14c-979b0d3927e1:192.168.134.79:34061, 90f6f9bf-169a-4c9a-b4c6-9c2e3239f6d5:192.168.134.79:37941], old=null, confs=<EMPTY_MAP>
2019-06-14 11:35:20,793 INFO  server.RaftServerConfigKeys (ConfUtils.java:logGet(43)) - raft.server.storage.dir = [/opt/src/hadoop-ozone/integration-test/target/test-dir/MiniOzoneClusterImpl-1d708769-a828-425d-b56d-eb5e13d4ac72/datanode-3/data/ratis] (custom)
2019-06-14 11:35:20,793 INFO  storage.RaftStorageDirectory (RaftStorageDirectory.java:analyzeStorage(246)) - The storage directory /opt/src/hadoop-ozone/integration-test/target/test-dir/MiniOzoneClusterImpl-1d708769-a828-425d-b56d-eb5e13d4ac72/datanode-3/data/ratis/1c53e558-d7e4-4f49-9b2c-eff7cfea2f21 does not exist. Creating ...
2019-06-14 11:35:20,793 INFO  server.RaftServerConfigKeys (ConfUtils.java:logGet(43)) - raft.server.rpc.timeout.max = 1200ms (custom)
2019-06-14 11:35:20,793 INFO  server.RaftServerConfigKeys (ConfUtils.java:logGet(43)) - raft.server.rpcslowness.timeout = 10s (custom)
2019-06-14 11:35:20,793 INFO  server.RaftServerConfigKeys (ConfUtils.java:logGet(43)) - raft.server.log.appender.install.snapshot.enabled = true (default)
2019-06-14 11:35:20,793 INFO  impl.RaftServerImpl (ServerState.java:<init>(101)) - 90f6f9bf-169a-4c9a-b4c6-9c2e3239f6d5:group-EFF7CFEA2F21 ConfigurationManager, init=-1: [03d28d71-1ad6-49d4-b246-f1d1f9a39f37:192.168.134.79:42189, 82965dc9-8004-4378-a14c-979b0d3927e1:192.168.134.79:34061, 90f6f9bf-169a-4c9a-b4c6-9c2e3239f6d5:192.168.134.79:37941], old=null, confs=<EMPTY_MAP>
2019-06-14 11:35:20,794 INFO  server.RaftServerConfigKeys (ConfUtils.java:logGet(43)) - raft.server.storage.dir = [/opt/src/hadoop-ozone/integration-test/target/test-dir/MiniOzoneClusterImpl-1d708769-a828-425d-b56d-eb5e13d4ac72/datanode-5/data/ratis] (custom)
2019-06-14 11:35:20,794 INFO  storage.RaftStorageDirectory (RaftStorageDirectory.java:analyzeStorage(246)) - The storage directory /opt/src/hadoop-ozone/integration-test/target/test-dir/MiniOzoneClusterImpl-1d708769-a828-425d-b56d-eb5e13d4ac72/datanode-5/data/ratis/1c53e558-d7e4-4f49-9b2c-eff7cfea2f21 does not exist. Creating ...
2019-06-14 11:35:20,795 INFO  storage.RaftStorageDirectory (RaftStorageDirectory.java:tryLock(328)) - Lock on /opt/src/hadoop-ozone/integration-test/target/test-dir/MiniOzoneClusterImpl-1d708769-a828-425d-b56d-eb5e13d4ac72/datanode-4/data/ratis/1c53e558-d7e4-4f49-9b2c-eff7cfea2f21/in_use.lock acquired by nodename 10088@ozone-ln5s8-3576005631
2019-06-14 11:35:20,796 INFO  storage.RaftStorageDirectory (RaftStorageDirectory.java:tryLock(328)) - Lock on /opt/src/hadoop-ozone/integration-test/target/test-dir/MiniOzoneClusterImpl-1d708769-a828-425d-b56d-eb5e13d4ac72/datanode-3/data/ratis/1c53e558-d7e4-4f49-9b2c-eff7cfea2f21/in_use.lock acquired by nodename 10088@ozone-ln5s8-3576005631
2019-06-14 11:35:20,797 INFO  storage.RaftStorageDirectory (RaftStorageDirectory.java:tryLock(328)) - Lock on /opt/src/hadoop-ozone/integration-test/target/test-dir/MiniOzoneClusterImpl-1d708769-a828-425d-b56d-eb5e13d4ac72/datanode-5/data/ratis/1c53e558-d7e4-4f49-9b2c-eff7cfea2f21/in_use.lock acquired by nodename 10088@ozone-ln5s8-3576005631
2019-06-14 11:35:20,797 INFO  storage.RaftStorage (RaftStorage.java:format(75)) - Storage directory /opt/src/hadoop-ozone/integration-test/target/test-dir/MiniOzoneClusterImpl-1d708769-a828-425d-b56d-eb5e13d4ac72/datanode-4/data/ratis/1c53e558-d7e4-4f49-9b2c-eff7cfea2f21 has been successfully formatted.
2019-06-14 11:35:20,797 INFO  ratis.ContainerStateMachine (ContainerStateMachine.java:loadSnapshot(199)) - The snapshot info is null.Setting the last applied index to:(t:0, i:~)
2019-06-14 11:35:20,798 INFO  server.RaftServerConfigKeys (ConfUtils.java:logGet(43)) - raft.server.leader.election.timeout = 10s (custom)
2019-06-14 11:35:20,798 INFO  server.RaftServerConfigKeys (ConfUtils.java:logGet(43)) - raft.server.log.use.memory = false (default)
2019-06-14 11:35:20,798 INFO  server.RaftServerConfigKeys (ConfUtils.java:logGet(43)) - raft.server.log.appender.buffer.byte-limit = 33554432 (custom)
2019-06-14 11:35:20,798 INFO  server.RaftServerConfigKeys (ConfUtils.java:logGet(43)) - raft.server.log.segment.size.max = 16384 (custom)
2019-06-14 11:35:20,798 INFO  server.RaftServerConfigKeys (ConfUtils.java:logGet(43)) - raft.server.log.segment.cache.num.max = 2 (custom)
2019-06-14 11:35:20,798 INFO  storage.RaftLogWorker (RaftLogWorker.java:<init>(123)) - new 82965dc9-8004-4378-a14c-979b0d3927e1-RaftLogWorker for Storage Directory /opt/src/hadoop-ozone/integration-test/target/test-dir/MiniOzoneClusterImpl-1d708769-a828-425d-b56d-eb5e13d4ac72/datanode-4/data/ratis/1c53e558-d7e4-4f49-9b2c-eff7cfea2f21
2019-06-14 11:35:20,798 INFO  server.RaftServerConfigKeys (ConfUtils.java:logGet(43)) - raft.server.log.queue.byte-limit = 2147483647 (custom)
2019-06-14 11:35:20,798 INFO  server.RaftServerConfigKeys (ConfUtils.java:logGet(43)) - raft.server.log.queue.element-limit = 1024 (custom)
2019-06-14 11:35:20,798 INFO  server.RaftServerConfigKeys (ConfUtils.java:logGet(43)) - raft.server.log.segment.size.max = 16384 (custom)
2019-06-14 11:35:20,799 INFO  server.RaftServerConfigKeys (ConfUtils.java:logGet(43)) - raft.server.log.preallocated.size = 16384 (custom)
2019-06-14 11:35:20,799 INFO  server.RaftServerConfigKeys (ConfUtils.java:logGet(43)) - raft.server.log.write.buffer.size = 33554432 (custom)
2019-06-14 11:35:20,799 INFO  server.RaftServerConfigKeys (ConfUtils.java:logGet(43)) - raft.server.log.force.sync.num = 128 (default)
2019-06-14 11:35:20,799 INFO  server.RaftServerConfigKeys (ConfUtils.java:logGet(43)) - raft.server.log.statemachine.data.sync = true (default)
2019-06-14 11:35:20,799 INFO  server.RaftServerConfigKeys (ConfUtils.java:logGet(43)) - raft.server.log.statemachine.data.sync.timeout = 10s (default)
2019-06-14 11:35:20,799 INFO  server.RaftServerConfigKeys (ConfUtils.java:logGet(43)) - raft.server.log.statemachine.data.sync.timeout.retry = -1 (default)
2019-06-14 11:35:20,799 INFO  server.RaftServerConfigKeys (ConfUtils.java:logGet(43)) - raft.server.log.statemachine.data.caching.enabled = true (custom)
2019-06-14 11:35:20,800 INFO  server.RaftServerConfigKeys (ConfUtils.java:logGet(43)) - raft.server.snapshot.auto.trigger.enabled = true (custom)
2019-06-14 11:35:20,800 INFO  storage.RaftStorage (RaftStorage.java:format(75)) - Storage directory /opt/src/hadoop-ozone/integration-test/target/test-dir/MiniOzoneClusterImpl-1d708769-a828-425d-b56d-eb5e13d4ac72/datanode-3/data/ratis/1c53e558-d7e4-4f49-9b2c-eff7cfea2f21 has been successfully formatted.
2019-06-14 11:35:20,800 INFO  ratis.ContainerStateMachine (ContainerStateMachine.java:loadSnapshot(199)) - The snapshot info is null.Setting the last applied index to:(t:0, i:~)
2019-06-14 11:35:20,800 INFO  server.RaftServerConfigKeys (ConfUtils.java:logGet(43)) - raft.server.leader.election.timeout = 10s (custom)
2019-06-14 11:35:20,800 INFO  server.RaftServerConfigKeys (ConfUtils.java:logGet(43)) - raft.server.log.use.memory = false (default)
2019-06-14 11:35:20,800 INFO  storage.RaftStorage (RaftStorage.java:format(75)) - Storage directory /opt/src/hadoop-ozone/integration-test/target/test-dir/MiniOzoneClusterImpl-1d708769-a828-425d-b56d-eb5e13d4ac72/datanode-5/data/ratis/1c53e558-d7e4-4f49-9b2c-eff7cfea2f21 has been successfully formatted.
2019-06-14 11:35:20,800 INFO  server.RaftServerConfigKeys (ConfUtils.java:logGet(43)) - raft.server.snapshot.auto.trigger.threshold = 10000 (custom)
2019-06-14 11:35:20,800 INFO  server.RaftServerConfigKeys (ConfUtils.java:logGet(43)) - raft.server.log.appender.buffer.byte-limit = 33554432 (custom)
2019-06-14 11:35:20,800 INFO  server.RaftServerConfigKeys (ConfUtils.java:logGet(43)) - raft.server.retrycache.expirytime = 600000ms (custom)
2019-06-14 11:35:20,801 INFO  impl.RaftServerImpl (RaftServerImpl.java:start(173)) - 82965dc9-8004-4378-a14c-979b0d3927e1: start group-EFF7CFEA2F21
2019-06-14 11:35:20,801 INFO  impl.RaftServerImpl (RaftServerImpl.java:setRole(164)) - 82965dc9-8004-4378-a14c-979b0d3927e1:group-EFF7CFEA2F21 changes role from null to FOLLOWER at term 0 for startAsFollower
2019-06-14 11:35:20,801 INFO  impl.RoleInfo (RoleInfo.java:updateAndGet(143)) - 82965dc9-8004-4378-a14c-979b0d3927e1: start FollowerState
2019-06-14 11:35:20,800 INFO  ratis.ContainerStateMachine (ContainerStateMachine.java:loadSnapshot(199)) - The snapshot info is null.Setting the last applied index to:(t:0, i:~)
2019-06-14 11:35:20,800 INFO  server.RaftServerConfigKeys (ConfUtils.java:logGet(43)) - raft.server.log.segment.size.max = 16384 (custom)
2019-06-14 11:35:20,801 INFO  server.RaftServerConfigKeys (ConfUtils.java:logGet(43)) - raft.server.leader.election.timeout = 10s (custom)
2019-06-14 11:35:20,801 INFO  server.RaftServerConfigKeys (ConfUtils.java:logGet(43)) - raft.server.log.segment.cache.num.max = 2 (custom)
2019-06-14 11:35:20,801 INFO  server.RaftServerConfigKeys (ConfUtils.java:logGet(43)) - raft.server.log.use.memory = false (default)
2019-06-14 11:35:20,801 INFO  storage.RaftLogWorker (RaftLogWorker.java:<init>(123)) - new 03d28d71-1ad6-49d4-b246-f1d1f9a39f37-RaftLogWorker for Storage Directory /opt/src/hadoop-ozone/integration-test/target/test-dir/MiniOzoneClusterImpl-1d708769-a828-425d-b56d-eb5e13d4ac72/datanode-3/data/ratis/1c53e558-d7e4-4f49-9b2c-eff7cfea2f21
2019-06-14 11:35:20,802 INFO  server.RaftServerConfigKeys (ConfUtils.java:logGet(43)) - raft.server.log.appender.buffer.byte-limit = 33554432 (custom)
2019-06-14 11:35:20,802 INFO  server.RaftServerConfigKeys (ConfUtils.java:logGet(43)) - raft.server.log.queue.byte-limit = 2147483647 (custom)
2019-06-14 11:35:20,802 INFO  server.RaftServerConfigKeys (ConfUtils.java:logGet(43)) - raft.server.log.segment.size.max = 16384 (custom)
2019-06-14 11:35:20,802 INFO  server.RaftServerConfigKeys (ConfUtils.java:logGet(43)) - raft.server.log.queue.element-limit = 1024 (custom)
2019-06-14 11:35:20,802 INFO  server.RaftServerConfigKeys (ConfUtils.java:logGet(43)) - raft.server.log.segment.cache.num.max = 2 (custom)
2019-06-14 11:35:20,802 INFO  server.RaftServerConfigKeys (ConfUtils.java:logGet(43)) - raft.server.log.segment.size.max = 16384 (custom)
2019-06-14 11:35:20,802 INFO  storage.RaftLogWorker (RaftLogWorker.java:<init>(123)) - new 90f6f9bf-169a-4c9a-b4c6-9c2e3239f6d5-RaftLogWorker for Storage Directory /opt/src/hadoop-ozone/integration-test/target/test-dir/MiniOzoneClusterImpl-1d708769-a828-425d-b56d-eb5e13d4ac72/datanode-5/data/ratis/1c53e558-d7e4-4f49-9b2c-eff7cfea2f21
2019-06-14 11:35:20,802 INFO  util.JmxRegister (JmxRegister.java:tryRegister(44)) - Successfully registered JMX Bean with object name Ratis:service=RaftServer,group=group-EFF7CFEA2F21,id=82965dc9-8004-4378-a14c-979b0d3927e1
2019-06-14 11:35:20,802 INFO  server.RaftServerConfigKeys (ConfUtils.java:logGet(43)) - raft.server.log.preallocated.size = 16384 (custom)
2019-06-14 11:35:20,802 INFO  server.RaftServerConfigKeys (ConfUtils.java:logGet(43)) - raft.server.log.queue.byte-limit = 2147483647 (custom)
2019-06-14 11:35:20,802 INFO  server.RaftServerConfigKeys (ConfUtils.java:logGet(43)) - raft.server.log.write.buffer.size = 33554432 (custom)
2019-06-14 11:35:20,803 INFO  server.RaftServerConfigKeys (ConfUtils.java:logGet(43)) - raft.server.log.queue.element-limit = 1024 (custom)
2019-06-14 11:35:20,803 INFO  server.RaftServerConfigKeys (ConfUtils.java:logGet(43)) - raft.server.log.segment.size.max = 16384 (custom)
2019-06-14 11:35:20,803 INFO  server.RaftServerConfigKeys (ConfUtils.java:logGet(43)) - raft.server.log.preallocated.size = 16384 (custom)
2019-06-14 11:35:20,803 INFO  server.RaftServerConfigKeys (ConfUtils.java:logGet(43)) - raft.server.log.write.buffer.size = 33554432 (custom)
2019-06-14 11:35:20,803 INFO  server.RaftServerConfigKeys (ConfUtils.java:logGet(43)) - raft.server.log.force.sync.num = 128 (default)
2019-06-14 11:35:20,803 INFO  server.RaftServerConfigKeys (ConfUtils.java:logGet(43)) - raft.server.log.statemachine.data.sync = true (default)
2019-06-14 11:35:20,803 INFO  server.RaftServerConfigKeys (ConfUtils.java:logGet(43)) - raft.server.log.statemachine.data.sync.timeout = 10s (default)
2019-06-14 11:35:20,803 INFO  server.RaftServerConfigKeys (ConfUtils.java:logGet(43)) - raft.server.log.statemachine.data.sync.timeout.retry = -1 (default)
2019-06-14 11:35:20,804 INFO  server.RaftServerConfigKeys (ConfUtils.java:logGet(43)) - raft.server.log.statemachine.data.caching.enabled = true (custom)
2019-06-14 11:35:20,803 INFO  server.RaftServerConfigKeys (ConfUtils.java:logGet(43)) - raft.server.log.force.sync.num = 128 (default)
2019-06-14 11:35:20,804 INFO  server.RaftServerConfigKeys (ConfUtils.java:logGet(43)) - raft.server.log.statemachine.data.sync = true (default)
2019-06-14 11:35:20,804 INFO  server.RaftServerConfigKeys (ConfUtils.java:logGet(43)) - raft.server.log.statemachine.data.sync.timeout = 10s (default)
2019-06-14 11:35:20,804 INFO  server.RaftServerConfigKeys (ConfUtils.java:logGet(43)) - raft.server.log.statemachine.data.sync.timeout.retry = -1 (default)
2019-06-14 11:35:20,804 INFO  server.RaftServerConfigKeys (ConfUtils.java:logGet(43)) - raft.server.log.statemachine.data.caching.enabled = true (custom)
2019-06-14 11:35:20,804 INFO  server.RaftServerConfigKeys (ConfUtils.java:logGet(43)) - raft.server.snapshot.auto.trigger.enabled = true (custom)
2019-06-14 11:35:20,805 INFO  server.RaftServerConfigKeys (ConfUtils.java:logGet(43)) - raft.server.snapshot.auto.trigger.threshold = 10000 (custom)
2019-06-14 11:35:20,805 INFO  server.RaftServerConfigKeys (ConfUtils.java:logGet(43)) - raft.server.snapshot.auto.trigger.enabled = true (custom)
2019-06-14 11:35:20,805 INFO  server.RaftServerConfigKeys (ConfUtils.java:logGet(43)) - raft.server.snapshot.auto.trigger.threshold = 10000 (custom)
2019-06-14 11:35:20,805 INFO  server.RaftServerConfigKeys (ConfUtils.java:logGet(43)) - raft.server.retrycache.expirytime = 600000ms (custom)
2019-06-14 11:35:20,805 INFO  impl.RaftServerImpl (RaftServerImpl.java:start(173)) - 03d28d71-1ad6-49d4-b246-f1d1f9a39f37: start group-EFF7CFEA2F21
2019-06-14 11:35:20,805 INFO  impl.RaftServerImpl (RaftServerImpl.java:setRole(164)) - 03d28d71-1ad6-49d4-b246-f1d1f9a39f37:group-EFF7CFEA2F21 changes role from null to FOLLOWER at term 0 for startAsFollower
2019-06-14 11:35:20,805 INFO  impl.RoleInfo (RoleInfo.java:updateAndGet(143)) - 03d28d71-1ad6-49d4-b246-f1d1f9a39f37: start FollowerState
2019-06-14 11:35:20,806 INFO  server.RaftServerConfigKeys (ConfUtils.java:logGet(43)) - raft.server.retrycache.expirytime = 600000ms (custom)
2019-06-14 11:35:20,806 INFO  impl.RaftServerImpl (RaftServerImpl.java:start(173)) - 90f6f9bf-169a-4c9a-b4c6-9c2e3239f6d5: start group-EFF7CFEA2F21
2019-06-14 11:35:20,806 INFO  impl.RaftServerImpl (RaftServerImpl.java:setRole(164)) - 90f6f9bf-169a-4c9a-b4c6-9c2e3239f6d5:group-EFF7CFEA2F21 changes role from null to FOLLOWER at term 0 for startAsFollower
2019-06-14 11:35:20,808 INFO  impl.RoleInfo (RoleInfo.java:updateAndGet(143)) - 90f6f9bf-169a-4c9a-b4c6-9c2e3239f6d5: start FollowerState
2019-06-14 11:35:20,808 INFO  util.JmxRegister (JmxRegister.java:tryRegister(44)) - Successfully registered JMX Bean with object name Ratis:service=RaftServer,group=group-EFF7CFEA2F21,id=03d28d71-1ad6-49d4-b246-f1d1f9a39f37
2019-06-14 11:35:20,809 INFO  util.JmxRegister (JmxRegister.java:tryRegister(44)) - Successfully registered JMX Bean with object name Ratis:service=RaftServer,group=group-EFF7CFEA2F21,id=90f6f9bf-169a-4c9a-b4c6-9c2e3239f6d5
2019-06-14 11:35:20,824 INFO  pipeline.PipelineStateManager (PipelineStateManager.java:addPipeline(56)) - Created pipeline Pipeline[ Id: 1c53e558-d7e4-4f49-9b2c-eff7cfea2f21, Nodes: 03d28d71-1ad6-49d4-b246-f1d1f9a39f37{ip: 192.168.134.79, host: ozone-ln5s8-3576005631, networkLocation: /default-rack, certSerialId: null}82965dc9-8004-4378-a14c-979b0d3927e1{ip: 192.168.134.79, host: ozone-ln5s8-3576005631, networkLocation: /default-rack, certSerialId: null}90f6f9bf-169a-4c9a-b4c6-9c2e3239f6d5{ip: 192.168.134.79, host: ozone-ln5s8-3576005631, networkLocation: /default-rack, certSerialId: null}, Type:RATIS, Factor:THREE, State:OPEN]
2019-06-14 11:35:21,065 INFO  impl.FollowerState (FollowerState.java:run(101)) - 16c00515-191d-4011-9c79-a76f6a68ac3c:group-A2BD0493D333 changes to CANDIDATE, lastRpcTime:1169, electionTimeout:1169ms
2019-06-14 11:35:21,065 INFO  impl.RoleInfo (RoleInfo.java:shutdownFollowerState(121)) - 16c00515-191d-4011-9c79-a76f6a68ac3c: shutdown FollowerState
2019-06-14 11:35:21,065 INFO  impl.RaftServerImpl (RaftServerImpl.java:setRole(164)) - 16c00515-191d-4011-9c79-a76f6a68ac3c:group-A2BD0493D333 changes role from FOLLOWER to CANDIDATE at term 0 for changeToCandidate
2019-06-14 11:35:21,067 INFO  impl.RoleInfo (RoleInfo.java:updateAndGet(143)) - 16c00515-191d-4011-9c79-a76f6a68ac3c: start LeaderElection
2019-06-14 11:35:21,074 INFO  impl.LeaderElection (LeaderElection.java:askForVotes(181)) - 16c00515-191d-4011-9c79-a76f6a68ac3c:group-A2BD0493D333:LeaderElection1: begin an election at term 1 for -1: [16c00515-191d-4011-9c79-a76f6a68ac3c:192.168.134.79:45527], old=null
2019-06-14 11:35:21,074 INFO  impl.FollowerState (FollowerState.java:run(101)) - 5d0900bf-8ef1-4385-8966-0c4ec6490248:group-59FCFC014031 changes to CANDIDATE, lastRpcTime:1057, electionTimeout:1057ms
2019-06-14 11:35:21,075 INFO  impl.RoleInfo (RoleInfo.java:shutdownFollowerState(121)) - 5d0900bf-8ef1-4385-8966-0c4ec6490248: shutdown FollowerState
2019-06-14 11:35:21,075 INFO  impl.RaftServerImpl (RaftServerImpl.java:setRole(164)) - 5d0900bf-8ef1-4385-8966-0c4ec6490248:group-59FCFC014031 changes role from FOLLOWER to CANDIDATE at term 0 for changeToCandidate
2019-06-14 11:35:21,075 INFO  impl.RoleInfo (RoleInfo.java:updateAndGet(143)) - 5d0900bf-8ef1-4385-8966-0c4ec6490248: start LeaderElection
2019-06-14 11:35:21,079 INFO  impl.RoleInfo (RoleInfo.java:shutdownLeaderElection(134)) - 16c00515-191d-4011-9c79-a76f6a68ac3c: shutdown LeaderElection
2019-06-14 11:35:21,079 INFO  impl.RaftServerImpl (RaftServerImpl.java:setRole(164)) - 16c00515-191d-4011-9c79-a76f6a68ac3c:group-A2BD0493D333 changes role from CANDIDATE to LEADER at term 1 for changeToLeader
2019-06-14 11:35:21,080 INFO  impl.RaftServerImpl (ServerState.java:setLeader(263)) - 16c00515-191d-4011-9c79-a76f6a68ac3c:group-A2BD0493D333 change Leader from null to 16c00515-191d-4011-9c79-a76f6a68ac3c at term 1 for becomeLeader, leader elected after 1355ms
2019-06-14 11:35:21,080 INFO  impl.LeaderElection (LeaderElection.java:askForVotes(181)) - 5d0900bf-8ef1-4385-8966-0c4ec6490248:group-59FCFC014031:LeaderElection2: begin an election at term 1 for -1: [5d0900bf-8ef1-4385-8966-0c4ec6490248:192.168.134.79:39405], old=null
2019-06-14 11:35:21,082 INFO  impl.RoleInfo (RoleInfo.java:shutdownLeaderElection(134)) - 5d0900bf-8ef1-4385-8966-0c4ec6490248: shutdown LeaderElection
2019-06-14 11:35:21,082 INFO  impl.RaftServerImpl (RaftServerImpl.java:setRole(164)) - 5d0900bf-8ef1-4385-8966-0c4ec6490248:group-59FCFC014031 changes role from CANDIDATE to LEADER at term 1 for changeToLeader
2019-06-14 11:35:21,082 INFO  impl.RaftServerImpl (ServerState.java:setLeader(263)) - 5d0900bf-8ef1-4385-8966-0c4ec6490248:group-59FCFC014031 change Leader from null to 5d0900bf-8ef1-4385-8966-0c4ec6490248 at term 1 for becomeLeader, leader elected after 1067ms
2019-06-14 11:35:21,084 INFO  server.RaftServerConfigKeys (ConfUtils.java:logGet(43)) - raft.server.staging.catchup.gap = 1000 (default)
2019-06-14 11:35:21,085 INFO  server.RaftServerConfigKeys (ConfUtils.java:logGet(43)) - raft.server.staging.catchup.gap = 1000 (default)
2019-06-14 11:35:21,085 INFO  server.RaftServerConfigKeys (ConfUtils.java:logGet(43)) - raft.server.rpc.sleep.time = 25ms (default)
2019-06-14 11:35:21,085 INFO  server.RaftServerConfigKeys (ConfUtils.java:logGet(43)) - raft.server.rpc.sleep.time = 25ms (default)
2019-06-14 11:35:21,087 INFO  server.RaftServerConfigKeys (ConfUtils.java:logGet(43)) - raft.server.watch.timeout = 10s (default)
2019-06-14 11:35:21,087 INFO  server.RaftServerConfigKeys (ConfUtils.java:logGet(43)) - raft.server.watch.timeout = 10s (default)
2019-06-14 11:35:21,087 INFO  server.RaftServerConfigKeys (ConfUtils.java:logGet(43)) - raft.server.watch.timeout.denomination = 1s (default)
2019-06-14 11:35:21,087 INFO  server.RaftServerConfigKeys (ConfUtils.java:logGet(43)) - raft.server.watch.timeout.denomination = 1s (default)
2019-06-14 11:35:21,092 INFO  impl.FollowerState (FollowerState.java:run(101)) - 9d609ef0-7a4e-4291-bea8-46a3858a6ef9:group-A8C4D8F2ACFF changes to CANDIDATE, lastRpcTime:1127, electionTimeout:1126ms
2019-06-14 11:35:21,092 INFO  impl.RoleInfo (RoleInfo.java:shutdownFollowerState(121)) - 9d609ef0-7a4e-4291-bea8-46a3858a6ef9: shutdown FollowerState
2019-06-14 11:35:21,092 INFO  impl.RaftServerImpl (RaftServerImpl.java:setRole(164)) - 9d609ef0-7a4e-4291-bea8-46a3858a6ef9:group-A8C4D8F2ACFF changes role from FOLLOWER to CANDIDATE at term 0 for changeToCandidate
2019-06-14 11:35:21,092 INFO  impl.RoleInfo (RoleInfo.java:updateAndGet(143)) - 9d609ef0-7a4e-4291-bea8-46a3858a6ef9: start LeaderElection
2019-06-14 11:35:21,096 INFO  impl.RoleInfo (RoleInfo.java:updateAndGet(143)) - 5d0900bf-8ef1-4385-8966-0c4ec6490248: start LeaderState
2019-06-14 11:35:21,099 INFO  impl.RoleInfo (RoleInfo.java:updateAndGet(143)) - 16c00515-191d-4011-9c79-a76f6a68ac3c: start LeaderState
2019-06-14 11:35:21,101 INFO  impl.LeaderElection (LeaderElection.java:askForVotes(181)) - 9d609ef0-7a4e-4291-bea8-46a3858a6ef9:group-A8C4D8F2ACFF:LeaderElection3: begin an election at term 1 for -1: [9d609ef0-7a4e-4291-bea8-46a3858a6ef9:192.168.134.79:46849], old=null
2019-06-14 11:35:21,101 INFO  impl.RoleInfo (RoleInfo.java:shutdownLeaderElection(134)) - 9d609ef0-7a4e-4291-bea8-46a3858a6ef9: shutdown LeaderElection
2019-06-14 11:35:21,101 INFO  impl.RaftServerImpl (RaftServerImpl.java:setRole(164)) - 9d609ef0-7a4e-4291-bea8-46a3858a6ef9:group-A8C4D8F2ACFF changes role from CANDIDATE to LEADER at term 1 for changeToLeader
2019-06-14 11:35:21,101 INFO  impl.RaftServerImpl (ServerState.java:setLeader(263)) - 9d609ef0-7a4e-4291-bea8-46a3858a6ef9:group-A8C4D8F2ACFF change Leader from null to 9d609ef0-7a4e-4291-bea8-46a3858a6ef9 at term 1 for becomeLeader, leader elected after 1139ms
2019-06-14 11:35:21,102 INFO  server.RaftServerConfigKeys (ConfUtils.java:logGet(43)) - raft.server.staging.catchup.gap = 1000 (default)
2019-06-14 11:35:21,102 INFO  server.RaftServerConfigKeys (ConfUtils.java:logGet(43)) - raft.server.rpc.sleep.time = 25ms (default)
2019-06-14 11:35:21,102 INFO  server.RaftServerConfigKeys (ConfUtils.java:logGet(43)) - raft.server.watch.timeout = 10s (default)
2019-06-14 11:35:21,102 INFO  server.RaftServerConfigKeys (ConfUtils.java:logGet(43)) - raft.server.watch.timeout.denomination = 1s (default)
2019-06-14 11:35:21,102 INFO  impl.RoleInfo (RoleInfo.java:updateAndGet(143)) - 9d609ef0-7a4e-4291-bea8-46a3858a6ef9: start LeaderState
2019-06-14 11:35:21,115 INFO  storage.RaftLogWorker (RaftLogWorker.java:startLogSegment(298)) - 5d0900bf-8ef1-4385-8966-0c4ec6490248-RaftLogWorker: Starting segment from index:0
2019-06-14 11:35:21,115 INFO  storage.RaftLogWorker (RaftLogWorker.java:startLogSegment(298)) - 9d609ef0-7a4e-4291-bea8-46a3858a6ef9-RaftLogWorker: Starting segment from index:0
2019-06-14 11:35:21,115 INFO  storage.RaftLogWorker (RaftLogWorker.java:startLogSegment(298)) - 16c00515-191d-4011-9c79-a76f6a68ac3c-RaftLogWorker: Starting segment from index:0
2019-06-14 11:35:21,123 INFO  impl.FollowerState (FollowerState.java:run(101)) - 9d609ef0-7a4e-4291-bea8-46a3858a6ef9:group-AE0907C13276 changes to CANDIDATE, lastRpcTime:1047, electionTimeout:1047ms
2019-06-14 11:35:21,123 INFO  impl.RoleInfo (RoleInfo.java:shutdownFollowerState(121)) - 9d609ef0-7a4e-4291-bea8-46a3858a6ef9: shutdown FollowerState
2019-06-14 11:35:21,123 INFO  impl.RaftServerImpl (RaftServerImpl.java:setRole(164)) - 9d609ef0-7a4e-4291-bea8-46a3858a6ef9:group-AE0907C13276 changes role from FOLLOWER to CANDIDATE at term 0 for changeToCandidate
2019-06-14 11:35:21,125 INFO  impl.RoleInfo (RoleInfo.java:updateAndGet(143)) - 9d609ef0-7a4e-4291-bea8-46a3858a6ef9: start LeaderElection
2019-06-14 11:35:21,126 INFO  impl.RaftServerImpl (ServerState.java:setRaftConf(361)) - 9d609ef0-7a4e-4291-bea8-46a3858a6ef9:group-A8C4D8F2ACFF set configuration 0: [9d609ef0-7a4e-4291-bea8-46a3858a6ef9:192.168.134.79:46849], old=null at 0
2019-06-14 11:35:21,131 INFO  impl.RaftServerImpl (ServerState.java:setRaftConf(361)) - 16c00515-191d-4011-9c79-a76f6a68ac3c:group-A2BD0493D333 set configuration 0: [16c00515-191d-4011-9c79-a76f6a68ac3c:192.168.134.79:45527], old=null at 0
2019-06-14 11:35:21,138 INFO  impl.RaftServerImpl (ServerState.java:setRaftConf(361)) - 5d0900bf-8ef1-4385-8966-0c4ec6490248:group-59FCFC014031 set configuration 0: [5d0900bf-8ef1-4385-8966-0c4ec6490248:192.168.134.79:39405], old=null at 0
2019-06-14 11:35:21,140 INFO  impl.LeaderElection (LeaderElection.java:askForVotes(181)) - 9d609ef0-7a4e-4291-bea8-46a3858a6ef9:group-AE0907C13276:LeaderElection4: begin an election at term 1 for -1: [5d0900bf-8ef1-4385-8966-0c4ec6490248:192.168.134.79:39405, 16c00515-191d-4011-9c79-a76f6a68ac3c:192.168.134.79:45527, 9d609ef0-7a4e-4291-bea8-46a3858a6ef9:192.168.134.79:46849], old=null
2019-06-14 11:35:21,158 INFO  impl.RaftServerImpl (RaftServerImpl.java:setRole(164)) - 16c00515-191d-4011-9c79-a76f6a68ac3c:group-AE0907C13276 changes role from FOLLOWER to FOLLOWER at term 1 for recognizeCandidate:9d609ef0-7a4e-4291-bea8-46a3858a6ef9
2019-06-14 11:35:21,158 INFO  impl.RoleInfo (RoleInfo.java:shutdownFollowerState(121)) - 16c00515-191d-4011-9c79-a76f6a68ac3c: shutdown FollowerState
2019-06-14 11:35:21,158 INFO  impl.FollowerState (FollowerState.java:run(109)) - 16c00515-191d-4011-9c79-a76f6a68ac3c: FollowerState was interrupted: java.lang.InterruptedException: sleep interrupted
2019-06-14 11:35:21,159 INFO  impl.RoleInfo (RoleInfo.java:updateAndGet(143)) - 16c00515-191d-4011-9c79-a76f6a68ac3c: start FollowerState
2019-06-14 11:35:21,163 INFO  impl.RaftServerImpl (RaftServerImpl.java:setRole(164)) - 5d0900bf-8ef1-4385-8966-0c4ec6490248:group-AE0907C13276 changes role from FOLLOWER to FOLLOWER at term 1 for recognizeCandidate:9d609ef0-7a4e-4291-bea8-46a3858a6ef9
2019-06-14 11:35:21,163 INFO  impl.RoleInfo (RoleInfo.java:shutdownFollowerState(121)) - 5d0900bf-8ef1-4385-8966-0c4ec6490248: shutdown FollowerState
2019-06-14 11:35:21,163 INFO  impl.RoleInfo (RoleInfo.java:updateAndGet(143)) - 5d0900bf-8ef1-4385-8966-0c4ec6490248: start FollowerState
2019-06-14 11:35:21,163 INFO  impl.FollowerState (FollowerState.java:run(109)) - 5d0900bf-8ef1-4385-8966-0c4ec6490248: FollowerState was interrupted: java.lang.InterruptedException: sleep interrupted
2019-06-14 11:35:21,172 INFO  impl.LeaderElection (LeaderElection.java:logAndReturn(56)) - 9d609ef0-7a4e-4291-bea8-46a3858a6ef9:group-AE0907C13276:LeaderElection4: Election PASSED; received 1 response(s) [9d609ef0-7a4e-4291-bea8-46a3858a6ef9->16c00515-191d-4011-9c79-a76f6a68ac3c,true-t1] and 0 exception(s); 9d609ef0-7a4e-4291-bea8-46a3858a6ef9:t1, leader=null, voted=9d609ef0-7a4e-4291-bea8-46a3858a6ef9, raftlog=9d609ef0-7a4e-4291-bea8-46a3858a6ef9-SegmentedRaftLog:OPENED:c-1,f-1,i0, conf=-1: [5d0900bf-8ef1-4385-8966-0c4ec6490248:192.168.134.79:39405, 16c00515-191d-4011-9c79-a76f6a68ac3c:192.168.134.79:45527, 9d609ef0-7a4e-4291-bea8-46a3858a6ef9:192.168.134.79:46849], old=null
2019-06-14 11:35:21,172 INFO  impl.RoleInfo (RoleInfo.java:shutdownLeaderElection(134)) - 9d609ef0-7a4e-4291-bea8-46a3858a6ef9: shutdown LeaderElection
2019-06-14 11:35:21,173 INFO  impl.RaftServerImpl (RaftServerImpl.java:setRole(164)) - 9d609ef0-7a4e-4291-bea8-46a3858a6ef9:group-AE0907C13276 changes role from CANDIDATE to LEADER at term 1 for changeToLeader
2019-06-14 11:35:21,173 INFO  impl.RaftServerImpl (ServerState.java:setLeader(263)) - 9d609ef0-7a4e-4291-bea8-46a3858a6ef9:group-AE0907C13276 change Leader from null to 9d609ef0-7a4e-4291-bea8-46a3858a6ef9 at term 1 for becomeLeader, leader elected after 1100ms
2019-06-14 11:35:21,174 INFO  server.RaftServerConfigKeys (ConfUtils.java:logGet(43)) - raft.server.staging.catchup.gap = 1000 (default)
2019-06-14 11:35:21,174 INFO  server.RaftServerConfigKeys (ConfUtils.java:logGet(43)) - raft.server.rpc.sleep.time = 25ms (default)
2019-06-14 11:35:21,175 INFO  server.RaftServerConfigKeys (ConfUtils.java:logGet(43)) - raft.server.watch.timeout = 10s (default)
2019-06-14 11:35:21,175 INFO  server.RaftServerConfigKeys (ConfUtils.java:logGet(43)) - raft.server.watch.timeout.denomination = 1s (default)
2019-06-14 11:35:21,177 INFO  server.RaftServerConfigKeys (ConfUtils.java:logGet(43)) - raft.server.log.appender.snapshot.chunk.size.max = 16MB (=16777216) (default)
2019-06-14 11:35:21,177 INFO  server.RaftServerConfigKeys (ConfUtils.java:logGet(43)) - raft.server.log.appender.buffer.byte-limit = 33554432 (custom)
2019-06-14 11:35:21,177 INFO  server.RaftServerConfigKeys (ConfUtils.java:logGet(43)) - raft.server.log.appender.buffer.element-limit = 1 (custom)
2019-06-14 11:35:21,182 INFO  grpc.GrpcConfigKeys$Server (ConfUtils.java:logGet(43)) - raft.grpc.server.leader.outstanding.appends.max = 128 (default)
2019-06-14 11:35:21,182 INFO  server.RaftServerConfigKeys (ConfUtils.java:logGet(43)) - raft.server.rpc.request.timeout = 3000ms (default)
2019-06-14 11:35:21,183 INFO  server.RaftServerConfigKeys (ConfUtils.java:logGet(43)) - raft.server.log.appender.install.snapshot.enabled = true (default)
2019-06-14 11:35:21,183 INFO  server.RaftServerConfigKeys (ConfUtils.java:logGet(43)) - raft.server.log.appender.snapshot.chunk.size.max = 16MB (=16777216) (default)
2019-06-14 11:35:21,183 INFO  server.RaftServerConfigKeys (ConfUtils.java:logGet(43)) - raft.server.log.appender.buffer.byte-limit = 33554432 (custom)
2019-06-14 11:35:21,183 INFO  server.RaftServerConfigKeys (ConfUtils.java:logGet(43)) - raft.server.log.appender.buffer.element-limit = 1 (custom)
2019-06-14 11:35:21,183 INFO  impl.FollowerState (FollowerState.java:run(101)) - 03d28d71-1ad6-49d4-b246-f1d1f9a39f37:group-B76E123E2449 changes to CANDIDATE, lastRpcTime:1005, electionTimeout:1005ms
2019-06-14 11:35:21,184 INFO  grpc.GrpcConfigKeys$Server (ConfUtils.java:logGet(43)) - raft.grpc.server.leader.outstanding.appends.max = 128 (default)
2019-06-14 11:35:21,184 INFO  impl.RoleInfo (RoleInfo.java:shutdownFollowerState(121)) - 03d28d71-1ad6-49d4-b246-f1d1f9a39f37: shutdown FollowerState
2019-06-14 11:35:21,184 INFO  server.RaftServerConfigKeys (ConfUtils.java:logGet(43)) - raft.server.rpc.request.timeout = 3000ms (default)
2019-06-14 11:35:21,184 INFO  impl.RaftServerImpl (RaftServerImpl.java:setRole(164)) - 03d28d71-1ad6-49d4-b246-f1d1f9a39f37:group-B76E123E2449 changes role from FOLLOWER to CANDIDATE at term 0 for changeToCandidate
2019-06-14 11:35:21,184 INFO  server.RaftServerConfigKeys (ConfUtils.java:logGet(43)) - raft.server.log.appender.install.snapshot.enabled = true (default)
2019-06-14 11:35:21,184 INFO  impl.RoleInfo (RoleInfo.java:updateAndGet(143)) - 03d28d71-1ad6-49d4-b246-f1d1f9a39f37: start LeaderElection
2019-06-14 11:35:21,184 INFO  impl.RoleInfo (RoleInfo.java:updateAndGet(143)) - 9d609ef0-7a4e-4291-bea8-46a3858a6ef9: start LeaderState
2019-06-14 11:35:21,188 INFO  storage.RaftLogWorker (RaftLogWorker.java:startLogSegment(298)) - 9d609ef0-7a4e-4291-bea8-46a3858a6ef9-RaftLogWorker: Starting segment from index:0
2019-06-14 11:35:21,189 INFO  impl.RaftServerImpl (ServerState.java:setRaftConf(361)) - 9d609ef0-7a4e-4291-bea8-46a3858a6ef9:group-AE0907C13276 set configuration 0: [5d0900bf-8ef1-4385-8966-0c4ec6490248:192.168.134.79:39405, 16c00515-191d-4011-9c79-a76f6a68ac3c:192.168.134.79:45527, 9d609ef0-7a4e-4291-bea8-46a3858a6ef9:192.168.134.79:46849], old=null at 0
2019-06-14 11:35:21,190 INFO  impl.LeaderElection (LeaderElection.java:askForVotes(181)) - 03d28d71-1ad6-49d4-b246-f1d1f9a39f37:group-B76E123E2449:LeaderElection5: begin an election at term 1 for -1: [03d28d71-1ad6-49d4-b246-f1d1f9a39f37:192.168.134.79:42189], old=null
2019-06-14 11:35:21,190 INFO  impl.RoleInfo (RoleInfo.java:shutdownLeaderElection(134)) - 03d28d71-1ad6-49d4-b246-f1d1f9a39f37: shutdown LeaderElection
2019-06-14 11:35:21,190 INFO  impl.RaftServerImpl (RaftServerImpl.java:setRole(164)) - 03d28d71-1ad6-49d4-b246-f1d1f9a39f37:group-B76E123E2449 changes role from CANDIDATE to LEADER at term 1 for changeToLeader
2019-06-14 11:35:21,190 INFO  impl.RaftServerImpl (ServerState.java:setLeader(263)) - 03d28d71-1ad6-49d4-b246-f1d1f9a39f37:group-B76E123E2449 change Leader from null to 03d28d71-1ad6-49d4-b246-f1d1f9a39f37 at term 1 for becomeLeader, leader elected after 1014ms
2019-06-14 11:35:21,191 INFO  server.RaftServerConfigKeys (ConfUtils.java:logGet(43)) - raft.server.staging.catchup.gap = 1000 (default)
2019-06-14 11:35:21,191 INFO  server.RaftServerConfigKeys (ConfUtils.java:logGet(43)) - raft.server.rpc.sleep.time = 25ms (default)
2019-06-14 11:35:21,191 INFO  server.RaftServerConfigKeys (ConfUtils.java:logGet(43)) - raft.server.watch.timeout = 10s (default)
2019-06-14 11:35:21,192 INFO  server.RaftServerConfigKeys (ConfUtils.java:logGet(43)) - raft.server.watch.timeout.denomination = 1s (default)
2019-06-14 11:35:21,192 INFO  impl.RoleInfo (RoleInfo.java:updateAndGet(143)) - 03d28d71-1ad6-49d4-b246-f1d1f9a39f37: start LeaderState
2019-06-14 11:35:21,192 INFO  storage.RaftLogWorker (RaftLogWorker.java:startLogSegment(298)) - 03d28d71-1ad6-49d4-b246-f1d1f9a39f37-RaftLogWorker: Starting segment from index:0
2019-06-14 11:35:21,192 INFO  impl.RaftServerImpl (ServerState.java:setRaftConf(361)) - 03d28d71-1ad6-49d4-b246-f1d1f9a39f37:group-B76E123E2449 set configuration 0: [03d28d71-1ad6-49d4-b246-f1d1f9a39f37:192.168.134.79:42189], old=null at 0
2019-06-14 11:35:21,215 INFO  impl.RaftServerImpl (ServerState.java:setLeader(263)) - 16c00515-191d-4011-9c79-a76f6a68ac3c:group-AE0907C13276 change Leader from null to 9d609ef0-7a4e-4291-bea8-46a3858a6ef9 at term 1 for appendEntries, leader elected after 1138ms
2019-06-14 11:35:21,219 INFO  impl.RaftServerImpl (ServerState.java:setLeader(263)) - 5d0900bf-8ef1-4385-8966-0c4ec6490248:group-AE0907C13276 change Leader from null to 9d609ef0-7a4e-4291-bea8-46a3858a6ef9 at term 1 for appendEntries, leader elected after 1148ms
2019-06-14 11:35:21,237 INFO  impl.RaftServerImpl (ServerState.java:setRaftConf(361)) - 5d0900bf-8ef1-4385-8966-0c4ec6490248:group-AE0907C13276 set configuration 0: [5d0900bf-8ef1-4385-8966-0c4ec6490248:192.168.134.79:39405, 16c00515-191d-4011-9c79-a76f6a68ac3c:192.168.134.79:45527, 9d609ef0-7a4e-4291-bea8-46a3858a6ef9:192.168.134.79:46849], old=null at 0
2019-06-14 11:35:21,237 INFO  impl.RaftServerImpl (ServerState.java:setRaftConf(361)) - 16c00515-191d-4011-9c79-a76f6a68ac3c:group-AE0907C13276 set configuration 0: [5d0900bf-8ef1-4385-8966-0c4ec6490248:192.168.134.79:39405, 16c00515-191d-4011-9c79-a76f6a68ac3c:192.168.134.79:45527, 9d609ef0-7a4e-4291-bea8-46a3858a6ef9:192.168.134.79:46849], old=null at 0
2019-06-14 11:35:21,237 INFO  storage.RaftLogWorker (RaftLogWorker.java:startLogSegment(298)) - 5d0900bf-8ef1-4385-8966-0c4ec6490248-RaftLogWorker: Starting segment from index:0
2019-06-14 11:35:21,237 INFO  storage.RaftLogWorker (RaftLogWorker.java:startLogSegment(298)) - 16c00515-191d-4011-9c79-a76f6a68ac3c-RaftLogWorker: Starting segment from index:0
2019-06-14 11:35:21,340 INFO  storage.RaftLogWorker (RaftLogWorker.java:execute(469)) - 9d609ef0-7a4e-4291-bea8-46a3858a6ef9-RaftLogWorker: created new log segment /opt/src/hadoop-ozone/integration-test/target/test-dir/MiniOzoneClusterImpl-1d708769-a828-425d-b56d-eb5e13d4ac72/datanode-1/data/ratis/3d29cb9a-6c2b-46bc-a2fd-ae0907c13276/current/log_inprogress_0
2019-06-14 11:35:21,341 INFO  storage.RaftLogWorker (RaftLogWorker.java:execute(469)) - 16c00515-191d-4011-9c79-a76f6a68ac3c-RaftLogWorker: created new log segment /opt/src/hadoop-ozone/integration-test/target/test-dir/MiniOzoneClusterImpl-1d708769-a828-425d-b56d-eb5e13d4ac72/datanode-0/data/ratis/e45476ba-346d-45fe-bd1d-a2bd0493d333/current/log_inprogress_0
2019-06-14 11:35:21,348 INFO  storage.RaftLogWorker (RaftLogWorker.java:execute(469)) - 5d0900bf-8ef1-4385-8966-0c4ec6490248-RaftLogWorker: created new log segment /opt/src/hadoop-ozone/integration-test/target/test-dir/MiniOzoneClusterImpl-1d708769-a828-425d-b56d-eb5e13d4ac72/datanode-2/data/ratis/61a5d785-fd20-4d47-bd0d-59fcfc014031/current/log_inprogress_0
2019-06-14 11:35:21,374 INFO  storage.RaftLogWorker (RaftLogWorker.java:execute(469)) - 5d0900bf-8ef1-4385-8966-0c4ec6490248-RaftLogWorker: created new log segment /opt/src/hadoop-ozone/integration-test/target/test-dir/MiniOzoneClusterImpl-1d708769-a828-425d-b56d-eb5e13d4ac72/datanode-2/data/ratis/3d29cb9a-6c2b-46bc-a2fd-ae0907c13276/current/log_inprogress_0
2019-06-14 11:35:21,374 INFO  storage.RaftLogWorker (RaftLogWorker.java:execute(469)) - 16c00515-191d-4011-9c79-a76f6a68ac3c-RaftLogWorker: created new log segment /opt/src/hadoop-ozone/integration-test/target/test-dir/MiniOzoneClusterImpl-1d708769-a828-425d-b56d-eb5e13d4ac72/datanode-0/data/ratis/3d29cb9a-6c2b-46bc-a2fd-ae0907c13276/current/log_inprogress_0
2019-06-14 11:35:21,374 INFO  storage.RaftLogWorker (RaftLogWorker.java:execute(469)) - 03d28d71-1ad6-49d4-b246-f1d1f9a39f37-RaftLogWorker: created new log segment /opt/src/hadoop-ozone/integration-test/target/test-dir/MiniOzoneClusterImpl-1d708769-a828-425d-b56d-eb5e13d4ac72/datanode-3/data/ratis/dea086b7-8a8c-4dcb-a1a8-b76e123e2449/current/log_inprogress_0
2019-06-14 11:35:21,375 INFO  storage.RaftLogWorker (RaftLogWorker.java:execute(469)) - 9d609ef0-7a4e-4291-bea8-46a3858a6ef9-RaftLogWorker: created new log segment /opt/src/hadoop-ozone/integration-test/target/test-dir/MiniOzoneClusterImpl-1d708769-a828-425d-b56d-eb5e13d4ac72/datanode-1/data/ratis/f04e53c9-25d7-4cf4-89c1-a8c4d8f2acff/current/log_inprogress_0
2019-06-14 11:35:21,513 INFO  impl.FollowerState (FollowerState.java:run(101)) - 82965dc9-8004-4378-a14c-979b0d3927e1:group-35C8E62C54F9 changes to CANDIDATE, lastRpcTime:1083, electionTimeout:1083ms
2019-06-14 11:35:21,513 INFO  impl.RoleInfo (RoleInfo.java:shutdownFollowerState(121)) - 82965dc9-8004-4378-a14c-979b0d3927e1: shutdown FollowerState
2019-06-14 11:35:21,513 INFO  impl.RaftServerImpl (RaftServerImpl.java:setRole(164)) - 82965dc9-8004-4378-a14c-979b0d3927e1:group-35C8E62C54F9 changes role from FOLLOWER to CANDIDATE at term 0 for changeToCandidate
2019-06-14 11:35:21,513 INFO  impl.RoleInfo (RoleInfo.java:updateAndGet(143)) - 82965dc9-8004-4378-a14c-979b0d3927e1: start LeaderElection
2019-06-14 11:35:21,518 INFO  impl.LeaderElection (LeaderElection.java:askForVotes(181)) - 82965dc9-8004-4378-a14c-979b0d3927e1:group-35C8E62C54F9:LeaderElection6: begin an election at term 1 for -1: [82965dc9-8004-4378-a14c-979b0d3927e1:192.168.134.79:34061], old=null
2019-06-14 11:35:21,518 INFO  impl.RoleInfo (RoleInfo.java:shutdownLeaderElection(134)) - 82965dc9-8004-4378-a14c-979b0d3927e1: shutdown LeaderElection
2019-06-14 11:35:21,518 INFO  impl.RaftServerImpl (RaftServerImpl.java:setRole(164)) - 82965dc9-8004-4378-a14c-979b0d3927e1:group-35C8E62C54F9 changes role from CANDIDATE to LEADER at term 1 for changeToLeader
2019-06-14 11:35:21,518 INFO  impl.RaftServerImpl (ServerState.java:setLeader(263)) - 82965dc9-8004-4378-a14c-979b0d3927e1:group-35C8E62C54F9 change Leader from null to 82965dc9-8004-4378-a14c-979b0d3927e1 at term 1 for becomeLeader, leader elected after 1091ms
2019-06-14 11:35:21,519 INFO  server.RaftServerConfigKeys (ConfUtils.java:logGet(43)) - raft.server.staging.catchup.gap = 1000 (default)
2019-06-14 11:35:21,519 INFO  server.RaftServerConfigKeys (ConfUtils.java:logGet(43)) - raft.server.rpc.sleep.time = 25ms (default)
2019-06-14 11:35:21,520 INFO  server.RaftServerConfigKeys (ConfUtils.java:logGet(43)) - raft.server.watch.timeout = 10s (default)
2019-06-14 11:35:21,520 INFO  server.RaftServerConfigKeys (ConfUtils.java:logGet(43)) - raft.server.watch.timeout.denomination = 1s (default)
2019-06-14 11:35:21,520 INFO  impl.RoleInfo (RoleInfo.java:updateAndGet(143)) - 82965dc9-8004-4378-a14c-979b0d3927e1: start LeaderState
2019-06-14 11:35:21,520 INFO  storage.RaftLogWorker (RaftLogWorker.java:startLogSegment(298)) - 82965dc9-8004-4378-a14c-979b0d3927e1-RaftLogWorker: Starting segment from index:0
2019-06-14 11:35:21,520 INFO  impl.RaftServerImpl (ServerState.java:setRaftConf(361)) - 82965dc9-8004-4378-a14c-979b0d3927e1:group-35C8E62C54F9 set configuration 0: [82965dc9-8004-4378-a14c-979b0d3927e1:192.168.134.79:34061], old=null at 0
2019-06-14 11:35:21,556 INFO  storage.RaftLogWorker (RaftLogWorker.java:execute(469)) - 82965dc9-8004-4378-a14c-979b0d3927e1-RaftLogWorker: created new log segment /opt/src/hadoop-ozone/integration-test/target/test-dir/MiniOzoneClusterImpl-1d708769-a828-425d-b56d-eb5e13d4ac72/datanode-4/data/ratis/53ff9cc3-65fa-47e5-86d7-35c8e62c54f9/current/log_inprogress_0
2019-06-14 11:35:21,726 INFO  ozone.MiniOzoneClusterImpl (MiniOzoneClusterImpl.java:lambda$waitForClusterToBeReady$0(142)) - Cluster is ready. Got 6 of 6 DN Heartbeats.
]]></system-out>
    <system-err><![CDATA[ERROR StatusLogger No Log4j 2 configuration file found. Using default configuration (logging only errors to the console), or user programmatically provided configurations. Set system property 'log4j2.debug' to show Log4j 2 internal initialization logging. See https://logging.apache.org/log4j/2.x/manual/configuration.html for instructions on how to configure Log4j 2
Jun 14, 2019 11:35:14 AM com.sun.jersey.server.impl.application.WebApplicationImpl _initiate
INFO: Initiating Jersey application, version 'Jersey: 1.19 02/11/2015 03:25 AM'
Jun 14, 2019 11:35:15 AM com.sun.jersey.server.impl.application.WebApplicationImpl _initiate
INFO: Initiating Jersey application, version 'Jersey: 1.19 02/11/2015 03:25 AM'
Jun 14, 2019 11:35:15 AM com.sun.jersey.server.impl.application.WebApplicationImpl _initiate
INFO: Initiating Jersey application, version 'Jersey: 1.19 02/11/2015 03:25 AM'
Jun 14, 2019 11:35:15 AM com.sun.jersey.server.impl.application.WebApplicationImpl _initiate
INFO: Initiating Jersey application, version 'Jersey: 1.19 02/11/2015 03:25 AM'
Jun 14, 2019 11:35:16 AM com.sun.jersey.server.impl.application.WebApplicationImpl _initiate
INFO: Initiating Jersey application, version 'Jersey: 1.19 02/11/2015 03:25 AM'
Jun 14, 2019 11:35:16 AM com.sun.jersey.server.impl.application.WebApplicationImpl _initiate
INFO: Initiating Jersey application, version 'Jersey: 1.19 02/11/2015 03:25 AM'
]]></system-err>
  </testcase>
</testsuite>