<?xml version="1.0" encoding="UTF-8"?>
<testsuite xmlns:xsi="http://www.w3.org/2001/XMLSchema-instance" xsi:noNamespaceSchemaLocation="https://maven.apache.org/surefire/maven-surefire-plugin/xsd/surefire-test-report.xsd" name="org.apache.hadoop.hdds.scm.pipeline.TestNodeFailure" time="15.339" tests="1" errors="0" skipped="1" failures="0">
  <properties>
    <property name="awt.toolkit" value="sun.awt.X11.XToolkit"/>
    <property name="file.encoding.pkg" value="sun.io"/>
    <property name="java.specification.version" value="1.8"/>
    <property name="sun.cpu.isalist" value=""/>
    <property name="sun.jnu.encoding" value="UTF-8"/>
    <property name="java.class.path" value="/opt/src/hadoop-ozone/integration-test/target/test-classes:/opt/src/hadoop-ozone/integration-test/target/classes:/home/user/.m2/repository/org/apache/hadoop/hadoop-ozone-common/0.5.0-SNAPSHOT/hadoop-ozone-common-0.5.0-SNAPSHOT.jar:/home/user/.m2/repository/org/apache/commons/commons-compress/1.4.1/commons-compress-1.4.1.jar:/home/user/.m2/repository/org/tukaani/xz/1.0/xz-1.0.jar:/home/user/.m2/repository/org/apache/hadoop/hadoop-common/3.2.0/hadoop-common-3.2.0.jar:/home/user/.m2/repository/org/apache/hadoop/hadoop-hdfs/3.2.0/hadoop-hdfs-3.2.0.jar:/home/user/.m2/repository/org/apache/hadoop/hadoop-hdfs-client/3.2.0/hadoop-hdfs-client-3.2.0.jar:/home/user/.m2/repository/com/fasterxml/jackson/core/jackson-annotations/2.9.5/jackson-annotations-2.9.5.jar:/home/user/.m2/repository/org/apache/hadoop/hadoop-hdds-common/0.5.0-SNAPSHOT/hadoop-hdds-common-0.5.0-SNAPSHOT.jar:/home/user/.m2/repository/javax/annotation/javax.annotation-api/1.2/javax.annotation-api-1.2.jar:/home/user/.m2/repository/org/apache/ratis/ratis-server/0.4.0-fe2b15d-SNAPSHOT/ratis-server-0.4.0-fe2b15d-SNAPSHOT.jar:/home/user/.m2/repository/org/apache/ratis/ratis-thirdparty-misc/0.2.0/ratis-thirdparty-misc-0.2.0.jar:/home/user/.m2/repository/org/apache/ratis/ratis-proto/0.4.0-fe2b15d-SNAPSHOT/ratis-proto-0.4.0-fe2b15d-SNAPSHOT.jar:/home/user/.m2/repository/org/apache/ratis/ratis-common/0.4.0-fe2b15d-SNAPSHOT/ratis-common-0.4.0-fe2b15d-SNAPSHOT.jar:/home/user/.m2/repository/org/apache/ratis/ratis-client/0.4.0-fe2b15d-SNAPSHOT/ratis-client-0.4.0-fe2b15d-SNAPSHOT.jar:/home/user/.m2/repository/org/apache/ratis/ratis-netty/0.4.0-fe2b15d-SNAPSHOT/ratis-netty-0.4.0-fe2b15d-SNAPSHOT.jar:/home/user/.m2/repository/org/apache/ratis/ratis-grpc/0.4.0-fe2b15d-SNAPSHOT/ratis-grpc-0.4.0-fe2b15d-SNAPSHOT.jar:/home/user/.m2/repository/org/rocksdb/rocksdbjni/5.14.2/rocksdbjni-5.14.2.jar:/home/user/.m2/repository/org/apache/logging/log4j/log4j-api/2.11.0/log4j-api-2.11.0.jar:/home/user/.m2/repository/org/apache/logging/log4j/log4j-core/2.11.0/log4j-core-2.11.0.jar:/home/user/.m2/repository/com/lmax/disruptor/3.4.2/disruptor-3.4.2.jar:/home/user/.m2/repository/org/apache/commons/commons-pool2/2.6.0/commons-pool2-2.6.0.jar:/home/user/.m2/repository/org/bouncycastle/bcpkix-jdk15on/1.60/bcpkix-jdk15on-1.60.jar:/home/user/.m2/repository/commons-validator/commons-validator/1.6/commons-validator-1.6.jar:/home/user/.m2/repository/commons-digester/commons-digester/1.8.1/commons-digester-1.8.1.jar:/home/user/.m2/repository/io/jaegertracing/jaeger-client/0.33.1/jaeger-client-0.33.1.jar:/home/user/.m2/repository/io/jaegertracing/jaeger-thrift/0.33.1/jaeger-thrift-0.33.1.jar:/home/user/.m2/repository/org/apache/thrift/libthrift/0.11.0/libthrift-0.11.0.jar:/home/user/.m2/repository/com/squareup/okhttp3/okhttp/3.9.0/okhttp-3.9.0.jar:/home/user/.m2/repository/com/squareup/okio/okio/1.13.0/okio-1.13.0.jar:/home/user/.m2/repository/io/jaegertracing/jaeger-core/0.33.1/jaeger-core-0.33.1.jar:/home/user/.m2/repository/io/jaegertracing/jaeger-tracerresolver/0.33.1/jaeger-tracerresolver-0.33.1.jar:/home/user/.m2/repository/io/opentracing/contrib/opentracing-tracerresolver/0.1.5/opentracing-tracerresolver-0.1.5.jar:/home/user/.m2/repository/io/opentracing/opentracing-util/0.31.0/opentracing-util-0.31.0.jar:/home/user/.m2/repository/io/opentracing/opentracing-api/0.31.0/opentracing-api-0.31.0.jar:/home/user/.m2/repository/io/opentracing/opentracing-noop/0.31.0/opentracing-noop-0.31.0.jar:/home/user/.m2/repository/org/apache/hadoop/hadoop-hdds-server-framework/0.5.0-SNAPSHOT/hadoop-hdds-server-framework-0.5.0-SNAPSHOT.jar:/home/user/.m2/repository/org/apache/hadoop/hadoop-hdds-server-scm/0.5.0-SNAPSHOT/hadoop-hdds-server-scm-0.5.0-SNAPSHOT.jar:/home/user/.m2/repository/org/apache/hadoop/hadoop-hdds-container-service/0.5.0-SNAPSHOT/hadoop-hdds-container-service-0.5.0-SNAPSHOT.jar:/home/user/.m2/repository/org/apache/hadoop/hadoop-hdds-client/0.5.0-SNAPSHOT/hadoop-hdds-client-0.5.0-SNAPSHOT.jar:/home/user/.m2/repository/org/apache/hadoop/hadoop-hdds-tools/0.5.0-SNAPSHOT/hadoop-hdds-tools-0.5.0-SNAPSHOT.jar:/home/user/.m2/repository/org/apache/hadoop/hadoop-ozone-ozone-manager/0.5.0-SNAPSHOT/hadoop-ozone-ozone-manager-0.5.0-SNAPSHOT.jar:/home/user/.m2/repository/org/apache/hadoop/hadoop-hdds-docs/0.5.0-SNAPSHOT/hadoop-hdds-docs-0.5.0-SNAPSHOT.jar:/home/user/.m2/repository/org/bouncycastle/bcprov-jdk15on/1.60/bcprov-jdk15on-1.60.jar:/home/user/.m2/repository/org/apache/hadoop/hadoop-minikdc/3.2.0/hadoop-minikdc-3.2.0.jar:/home/user/.m2/repository/commons-io/commons-io/2.5/commons-io-2.5.jar:/home/user/.m2/repository/org/apache/kerby/kerb-simplekdc/1.0.1/kerb-simplekdc-1.0.1.jar:/home/user/.m2/repository/org/apache/kerby/kerb-client/1.0.1/kerb-client-1.0.1.jar:/home/user/.m2/repository/org/apache/kerby/kerby-config/1.0.1/kerby-config-1.0.1.jar:/home/user/.m2/repository/org/apache/kerby/kerb-core/1.0.1/kerb-core-1.0.1.jar:/home/user/.m2/repository/org/apache/kerby/kerby-pkix/1.0.1/kerby-pkix-1.0.1.jar:/home/user/.m2/repository/org/apache/kerby/kerby-asn1/1.0.1/kerby-asn1-1.0.1.jar:/home/user/.m2/repository/org/apache/kerby/kerby-util/1.0.1/kerby-util-1.0.1.jar:/home/user/.m2/repository/org/apache/kerby/kerb-common/1.0.1/kerb-common-1.0.1.jar:/home/user/.m2/repository/org/apache/kerby/kerb-crypto/1.0.1/kerb-crypto-1.0.1.jar:/home/user/.m2/repository/org/apache/kerby/kerb-util/1.0.1/kerb-util-1.0.1.jar:/home/user/.m2/repository/org/apache/kerby/token-provider/1.0.1/token-provider-1.0.1.jar:/home/user/.m2/repository/org/apache/kerby/kerb-admin/1.0.1/kerb-admin-1.0.1.jar:/home/user/.m2/repository/org/apache/kerby/kerb-server/1.0.1/kerb-server-1.0.1.jar:/home/user/.m2/repository/org/apache/kerby/kerb-identity/1.0.1/kerb-identity-1.0.1.jar:/home/user/.m2/repository/org/apache/kerby/kerby-xdr/1.0.1/kerby-xdr-1.0.1.jar:/home/user/.m2/repository/org/slf4j/slf4j-log4j12/1.7.25/slf4j-log4j12-1.7.25.jar:/home/user/.m2/repository/org/apache/hadoop/hadoop-ozone-objectstore-service/0.5.0-SNAPSHOT/hadoop-ozone-objectstore-service-0.5.0-SNAPSHOT.jar:/home/user/.m2/repository/org/apache/hadoop/hadoop-ozone-s3gateway/0.5.0-SNAPSHOT/hadoop-ozone-s3gateway-0.5.0-SNAPSHOT.jar:/home/user/.m2/repository/org/jboss/weld/servlet/weld-servlet/2.4.7.Final/weld-servlet-2.4.7.Final.jar:/home/user/.m2/repository/org/glassfish/jersey/containers/jersey-container-servlet-core/2.27/jersey-container-servlet-core-2.27.jar:/home/user/.m2/repository/org/glassfish/hk2/external/javax.inject/2.5.0-b42/javax.inject-2.5.0-b42.jar:/home/user/.m2/repository/org/glassfish/jersey/core/jersey-common/2.27/jersey-common-2.27.jar:/home/user/.m2/repository/org/glassfish/hk2/osgi-resource-locator/1.0.1/osgi-resource-locator-1.0.1.jar:/home/user/.m2/repository/javax/ws/rs/javax.ws.rs-api/2.1/javax.ws.rs-api-2.1.jar:/home/user/.m2/repository/org/glassfish/jersey/ext/cdi/jersey-cdi1x/2.27/jersey-cdi1x-2.27.jar:/home/user/.m2/repository/org/glassfish/jersey/inject/jersey-hk2/2.27/jersey-hk2-2.27.jar:/home/user/.m2/repository/org/glassfish/hk2/hk2-locator/2.5.0-b42/hk2-locator-2.5.0-b42.jar:/home/user/.m2/repository/org/javassist/javassist/3.22.0-CR2/javassist-3.22.0-CR2.jar:/home/user/.m2/repository/org/glassfish/hk2/hk2-api/2.5.0/hk2-api-2.5.0.jar:/home/user/.m2/repository/org/glassfish/hk2/external/jakarta.inject/2.5.0/jakarta.inject-2.5.0.jar:/home/user/.m2/repository/org/glassfish/hk2/hk2-utils/2.5.0/hk2-utils-2.5.0.jar:/home/user/.m2/repository/jakarta/annotation/jakarta.annotation-api/1.3.4/jakarta.annotation-api-1.3.4.jar:/home/user/.m2/repository/org/glassfish/hk2/external/aopalliance-repackaged/2.5.0/aopalliance-repackaged-2.5.0.jar:/home/user/.m2/repository/com/fasterxml/jackson/dataformat/jackson-dataformat-xml/2.9.0/jackson-dataformat-xml-2.9.0.jar:/home/user/.m2/repository/com/fasterxml/jackson/core/jackson-core/2.9.5/jackson-core-2.9.5.jar:/home/user/.m2/repository/com/fasterxml/jackson/module/jackson-module-jaxb-annotations/2.9.5/jackson-module-jaxb-annotations-2.9.5.jar:/home/user/.m2/repository/javax/enterprise/cdi-api/1.2/cdi-api-1.2.jar:/home/user/.m2/repository/javax/el/javax.el-api/3.0.0/javax.el-api-3.0.0.jar:/home/user/.m2/repository/javax/interceptor/javax.interceptor-api/1.2/javax.interceptor-api-1.2.jar:/home/user/.m2/repository/javax/inject/javax.inject/1/javax.inject-1.jar:/home/user/.m2/repository/com/sun/xml/bind/jaxb-impl/2.3.0.1/jaxb-impl-2.3.0.1.jar:/home/user/.m2/repository/com/sun/xml/bind/jaxb-core/2.3.0.1/jaxb-core-2.3.0.1.jar:/home/user/.m2/repository/javax/xml/bind/jaxb-api/2.3.0/jaxb-api-2.3.0.jar:/home/user/.m2/repository/javax/activation/activation/1.1.1/activation-1.1.1.jar:/home/user/.m2/repository/org/apache/hadoop/hadoop-ozone-csi/0.5.0-SNAPSHOT/hadoop-ozone-csi-0.5.0-SNAPSHOT.jar:/home/user/.m2/repository/com/google/protobuf/protobuf-java-util/3.5.1/protobuf-java-util-3.5.1.jar:/home/user/.m2/repository/org/apache/hadoop/hadoop-hdds-config/0.5.0-SNAPSHOT/hadoop-hdds-config-0.5.0-SNAPSHOT.jar:/home/user/.m2/repository/com/google/guava/guava/11.0.2/guava-11.0.2.jar:/home/user/.m2/repository/com/google/protobuf/protobuf-java/2.5.0/protobuf-java-2.5.0.jar:/home/user/.m2/repository/io/grpc/grpc-netty/1.17.1/grpc-netty-1.17.1.jar:/home/user/.m2/repository/io/grpc/grpc-core/1.17.1/grpc-core-1.17.1.jar:/home/user/.m2/repository/io/grpc/grpc-context/1.17.1/grpc-context-1.17.1.jar:/home/user/.m2/repository/com/google/errorprone/error_prone_annotations/2.2.0/error_prone_annotations-2.2.0.jar:/home/user/.m2/repository/org/codehaus/mojo/animal-sniffer-annotations/1.17/animal-sniffer-annotations-1.17.jar:/home/user/.m2/repository/io/opencensus/opencensus-api/0.17.0/opencensus-api-0.17.0.jar:/home/user/.m2/repository/io/opencensus/opencensus-contrib-grpc-metrics/0.17.0/opencensus-contrib-grpc-metrics-0.17.0.jar:/home/user/.m2/repository/io/netty/netty-codec-http2/4.1.30.Final/netty-codec-http2-4.1.30.Final.jar:/home/user/.m2/repository/io/netty/netty-codec-http/4.1.30.Final/netty-codec-http-4.1.30.Final.jar:/home/user/.m2/repository/io/netty/netty-codec/4.1.30.Final/netty-codec-4.1.30.Final.jar:/home/user/.m2/repository/io/netty/netty-handler/4.1.30.Final/netty-handler-4.1.30.Final.jar:/home/user/.m2/repository/io/netty/netty-handler-proxy/4.1.30.Final/netty-handler-proxy-4.1.30.Final.jar:/home/user/.m2/repository/io/netty/netty-codec-socks/4.1.30.Final/netty-codec-socks-4.1.30.Final.jar:/home/user/.m2/repository/io/netty/netty-transport-native-epoll/4.1.30.Final/netty-transport-native-epoll-4.1.30.Final.jar:/home/user/.m2/repository/io/netty/netty-common/4.1.30.Final/netty-common-4.1.30.Final.jar:/home/user/.m2/repository/io/netty/netty-buffer/4.1.30.Final/netty-buffer-4.1.30.Final.jar:/home/user/.m2/repository/io/netty/netty-transport/4.1.30.Final/netty-transport-4.1.30.Final.jar:/home/user/.m2/repository/io/netty/netty-resolver/4.1.30.Final/netty-resolver-4.1.30.Final.jar:/home/user/.m2/repository/io/netty/netty-transport-native-unix-common/4.1.30.Final/netty-transport-native-unix-common-4.1.30.Final.jar:/home/user/.m2/repository/io/grpc/grpc-protobuf/1.17.1/grpc-protobuf-1.17.1.jar:/home/user/.m2/repository/com/google/api/grpc/proto-google-common-protos/1.0.0/proto-google-common-protos-1.0.0.jar:/home/user/.m2/repository/io/grpc/grpc-protobuf-lite/1.17.1/grpc-protobuf-lite-1.17.1.jar:/home/user/.m2/repository/io/grpc/grpc-stub/1.17.1/grpc-stub-1.17.1.jar:/home/user/.m2/repository/org/apache/hadoop/hadoop-ozone-recon/0.5.0-SNAPSHOT/hadoop-ozone-recon-0.5.0-SNAPSHOT.jar:/home/user/.m2/repository/org/apache/hadoop/hadoop-ozone-reconcodegen/0.5.0-SNAPSHOT/hadoop-ozone-reconcodegen-0.5.0-SNAPSHOT.jar:/home/user/.m2/repository/com/google/inject/extensions/guice-multibindings/4.0/guice-multibindings-4.0.jar:/home/user/.m2/repository/com/google/inject/guice/4.0/guice-4.0.jar:/home/user/.m2/repository/aopalliance/aopalliance/1.0/aopalliance-1.0.jar:/home/user/.m2/repository/com/google/inject/extensions/guice-servlet/4.0/guice-servlet-4.0.jar:/home/user/.m2/repository/org/glassfish/jersey/containers/jersey-container-servlet/2.27/jersey-container-servlet-2.27.jar:/home/user/.m2/repository/org/glassfish/hk2/guice-bridge/2.5.0/guice-bridge-2.5.0.jar:/home/user/.m2/repository/org/glassfish/jersey/core/jersey-server/2.27/jersey-server-2.27.jar:/home/user/.m2/repository/org/glassfish/jersey/core/jersey-client/2.27/jersey-client-2.27.jar:/home/user/.m2/repository/org/glassfish/jersey/media/jersey-media-jaxb/2.27/jersey-media-jaxb-2.27.jar:/home/user/.m2/repository/javax/validation/validation-api/1.1.0.Final/validation-api-1.1.0.Final.jar:/home/user/.m2/repository/org/glassfish/jersey/media/jersey-media-json-jackson/2.27/jersey-media-json-jackson-2.27.jar:/home/user/.m2/repository/org/glassfish/jersey/ext/jersey-entity-filtering/2.27/jersey-entity-filtering-2.27.jar:/home/user/.m2/repository/com/google/inject/extensions/guice-assistedinject/4.0/guice-assistedinject-4.0.jar:/home/user/.m2/repository/org/jooq/jooq/3.11.10/jooq-3.11.10.jar:/home/user/.m2/repository/org/jooq/jooq-meta/3.11.10/jooq-meta-3.11.10.jar:/home/user/.m2/repository/org/jooq/jooq-codegen/3.11.10/jooq-codegen-3.11.10.jar:/home/user/.m2/repository/com/jolbox/bonecp/0.8.0.RELEASE/bonecp-0.8.0.RELEASE.jar:/home/user/.m2/repository/org/xerial/sqlite-jdbc/3.25.2/sqlite-jdbc-3.25.2.jar:/home/user/.m2/repository/org/springframework/spring-jdbc/5.1.3.RELEASE/spring-jdbc-5.1.3.RELEASE.jar:/home/user/.m2/repository/org/springframework/spring-beans/5.1.3.RELEASE/spring-beans-5.1.3.RELEASE.jar:/home/user/.m2/repository/org/springframework/spring-core/5.1.3.RELEASE/spring-core-5.1.3.RELEASE.jar:/home/user/.m2/repository/org/springframework/spring-jcl/5.1.3.RELEASE/spring-jcl-5.1.3.RELEASE.jar:/home/user/.m2/repository/org/springframework/spring-tx/5.1.3.RELEASE/spring-tx-5.1.3.RELEASE.jar:/home/user/.m2/repository/org/apache/hadoop/hadoop-ozone-client/0.5.0-SNAPSHOT/hadoop-ozone-client-0.5.0-SNAPSHOT.jar:/home/user/.m2/repository/org/apache/hadoop/hadoop-ozone-ozone-manager/0.5.0-SNAPSHOT/hadoop-ozone-ozone-manager-0.5.0-SNAPSHOT-tests.jar:/home/user/.m2/repository/junit/junit/4.11/junit-4.11.jar:/home/user/.m2/repository/org/hamcrest/hamcrest-core/1.3/hamcrest-core-1.3.jar:/home/user/.m2/repository/org/openjdk/jmh/jmh-core/1.19/jmh-core-1.19.jar:/home/user/.m2/repository/net/sf/jopt-simple/jopt-simple/4.6/jopt-simple-4.6.jar:/home/user/.m2/repository/org/apache/commons/commons-math3/3.1.1/commons-math3-3.1.1.jar:/home/user/.m2/repository/org/openjdk/jmh/jmh-generator-annprocess/1.19/jmh-generator-annprocess-1.19.jar:/home/user/.m2/repository/org/mockito/mockito-all/1.8.5/mockito-all-1.8.5.jar:/home/user/.m2/repository/org/apache/hadoop/hadoop-kms/3.2.0/hadoop-kms-3.2.0.jar:/home/user/.m2/repository/org/apache/hadoop/hadoop-auth/3.2.0/hadoop-auth-3.2.0.jar:/home/user/.m2/repository/com/nimbusds/nimbus-jose-jwt/4.41.1/nimbus-jose-jwt-4.41.1.jar:/home/user/.m2/repository/com/github/stephenc/jcip/jcip-annotations/1.0-1/jcip-annotations-1.0-1.jar:/home/user/.m2/repository/net/minidev/json-smart/2.3/json-smart-2.3.jar:/home/user/.m2/repository/net/minidev/accessors-smart/1.2/accessors-smart-1.2.jar:/home/user/.m2/repository/org/ow2/asm/asm/5.0.4/asm-5.0.4.jar:/home/user/.m2/repository/org/apache/curator/curator-framework/2.12.0/curator-framework-2.12.0.jar:/home/user/.m2/repository/com/sun/jersey/jersey-core/1.19/jersey-core-1.19.jar:/home/user/.m2/repository/javax/ws/rs/jsr311-api/1.1.1/jsr311-api-1.1.1.jar:/home/user/.m2/repository/com/sun/jersey/jersey-server/1.19/jersey-server-1.19.jar:/home/user/.m2/repository/javax/servlet/javax.servlet-api/3.1.0/javax.servlet-api-3.1.0.jar:/home/user/.m2/repository/org/eclipse/jetty/jetty-server/9.3.24.v20180605/jetty-server-9.3.24.v20180605.jar:/home/user/.m2/repository/org/eclipse/jetty/jetty-http/9.3.24.v20180605/jetty-http-9.3.24.v20180605.jar:/home/user/.m2/repository/org/eclipse/jetty/jetty-io/9.3.24.v20180605/jetty-io-9.3.24.v20180605.jar:/home/user/.m2/repository/org/eclipse/jetty/jetty-webapp/9.3.24.v20180605/jetty-webapp-9.3.24.v20180605.jar:/home/user/.m2/repository/org/eclipse/jetty/jetty-xml/9.3.24.v20180605/jetty-xml-9.3.24.v20180605.jar:/home/user/.m2/repository/log4j/log4j/1.2.17/log4j-1.2.17.jar:/home/user/.m2/repository/org/slf4j/slf4j-api/1.7.25/slf4j-api-1.7.25.jar:/home/user/.m2/repository/org/slf4j/jul-to-slf4j/1.7.25/jul-to-slf4j-1.7.25.jar:/home/user/.m2/repository/org/eclipse/jetty/jetty-util/9.3.24.v20180605/jetty-util-9.3.24.v20180605.jar:/home/user/.m2/repository/io/dropwizard/metrics/metrics-core/3.2.4/metrics-core-3.2.4.jar:/home/user/.m2/repository/com/fasterxml/jackson/core/jackson-databind/2.9.5/jackson-databind-2.9.5.jar:/home/user/.m2/repository/org/apache/hadoop/hadoop-kms/3.2.0/hadoop-kms-3.2.0-tests.jar:/home/user/.m2/repository/org/apache/hadoop/hadoop-hdds-server-scm/0.5.0-SNAPSHOT/hadoop-hdds-server-scm-0.5.0-SNAPSHOT-tests.jar:/home/user/.m2/repository/org/hamcrest/hamcrest-all/1.3/hamcrest-all-1.3.jar:/home/user/.m2/repository/info/picocli/picocli/3.9.6/picocli-3.9.6.jar:/home/user/.m2/repository/org/apache/hadoop/hadoop-hdds-container-service/0.5.0-SNAPSHOT/hadoop-hdds-container-service-0.5.0-SNAPSHOT-tests.jar:/home/user/.m2/repository/org/yaml/snakeyaml/1.16/snakeyaml-1.16.jar:/home/user/.m2/repository/org/apache/hadoop/hadoop-common/3.2.0/hadoop-common-3.2.0-tests.jar:/home/user/.m2/repository/org/apache/hadoop/hadoop-annotations/3.2.0/hadoop-annotations-3.2.0.jar:/usr/lib/jvm/java-1.8-openjdk/jre/../lib/tools.jar:/home/user/.m2/repository/commons-cli/commons-cli/1.2/commons-cli-1.2.jar:/home/user/.m2/repository/org/apache/httpcomponents/httpclient/4.5.2/httpclient-4.5.2.jar:/home/user/.m2/repository/org/apache/httpcomponents/httpcore/4.4.4/httpcore-4.4.4.jar:/home/user/.m2/repository/commons-codec/commons-codec/1.11/commons-codec-1.11.jar:/home/user/.m2/repository/commons-net/commons-net/3.6/commons-net-3.6.jar:/home/user/.m2/repository/commons-collections/commons-collections/3.2.2/commons-collections-3.2.2.jar:/home/user/.m2/repository/org/eclipse/jetty/jetty-servlet/9.3.24.v20180605/jetty-servlet-9.3.24.v20180605.jar:/home/user/.m2/repository/org/eclipse/jetty/jetty-security/9.3.24.v20180605/jetty-security-9.3.24.v20180605.jar:/home/user/.m2/repository/javax/servlet/jsp/jsp-api/2.1/jsp-api-2.1.jar:/home/user/.m2/repository/com/sun/jersey/jersey-servlet/1.19/jersey-servlet-1.19.jar:/home/user/.m2/repository/com/sun/jersey/jersey-json/1.19/jersey-json-1.19.jar:/home/user/.m2/repository/org/codehaus/jettison/jettison/1.1/jettison-1.1.jar:/home/user/.m2/repository/org/codehaus/jackson/jackson-core-asl/1.9.13/jackson-core-asl-1.9.13.jar:/home/user/.m2/repository/org/codehaus/jackson/jackson-mapper-asl/1.9.13/jackson-mapper-asl-1.9.13.jar:/home/user/.m2/repository/org/codehaus/jackson/jackson-jaxrs/1.9.13/jackson-jaxrs-1.9.13.jar:/home/user/.m2/repository/org/codehaus/jackson/jackson-xc/1.9.13/jackson-xc-1.9.13.jar:/home/user/.m2/repository/commons-logging/commons-logging/1.1.3/commons-logging-1.1.3.jar:/home/user/.m2/repository/commons-beanutils/commons-beanutils/1.9.3/commons-beanutils-1.9.3.jar:/home/user/.m2/repository/org/apache/commons/commons-configuration2/2.1.1/commons-configuration2-2.1.1.jar:/home/user/.m2/repository/org/apache/commons/commons-lang3/3.7/commons-lang3-3.7.jar:/home/user/.m2/repository/org/apache/commons/commons-text/1.4/commons-text-1.4.jar:/home/user/.m2/repository/org/apache/avro/avro/1.7.7/avro-1.7.7.jar:/home/user/.m2/repository/com/thoughtworks/paranamer/paranamer/2.3/paranamer-2.3.jar:/home/user/.m2/repository/org/xerial/snappy/snappy-java/1.0.5/snappy-java-1.0.5.jar:/home/user/.m2/repository/com/google/re2j/re2j/1.1/re2j-1.1.jar:/home/user/.m2/repository/com/google/code/gson/gson/2.2.4/gson-2.2.4.jar:/home/user/.m2/repository/com/jcraft/jsch/0.1.54/jsch-0.1.54.jar:/home/user/.m2/repository/org/apache/curator/curator-client/2.12.0/curator-client-2.12.0.jar:/home/user/.m2/repository/org/apache/curator/curator-recipes/2.12.0/curator-recipes-2.12.0.jar:/home/user/.m2/repository/com/google/code/findbugs/jsr305/3.0.0/jsr305-3.0.0.jar:/home/user/.m2/repository/org/apache/htrace/htrace-core4/4.1.0-incubating/htrace-core4-4.1.0-incubating.jar:/home/user/.m2/repository/org/apache/zookeeper/zookeeper/3.4.13/zookeeper-3.4.13.jar:/home/user/.m2/repository/org/apache/yetus/audience-annotations/0.5.0/audience-annotations-0.5.0.jar:/home/user/.m2/repository/org/codehaus/woodstox/stax2-api/3.1.4/stax2-api-3.1.4.jar:/home/user/.m2/repository/com/fasterxml/woodstox/woodstox-core/5.0.3/woodstox-core-5.0.3.jar:/home/user/.m2/repository/dnsjava/dnsjava/2.1.7/dnsjava-2.1.7.jar:/home/user/.m2/repository/org/apache/hadoop/hadoop-hdfs/3.2.0/hadoop-hdfs-3.2.0-tests.jar:/home/user/.m2/repository/org/eclipse/jetty/jetty-util-ajax/9.3.24.v20180605/jetty-util-ajax-9.3.24.v20180605.jar:/home/user/.m2/repository/commons-daemon/commons-daemon/1.0.13/commons-daemon-1.0.13.jar:/home/user/.m2/repository/io/netty/netty/3.10.5.Final/netty-3.10.5.Final.jar:/home/user/.m2/repository/io/netty/netty-all/4.0.52.Final/netty-all-4.0.52.Final.jar:/home/user/.m2/repository/org/fusesource/leveldbjni/leveldbjni-all/1.8/leveldbjni-all-1.8.jar:"/>
    <property name="java.vm.vendor" value="IcedTea"/>
    <property name="sun.arch.data.model" value="64"/>
    <property name="test.build.dir" value="/opt/src/hadoop-ozone/integration-test/target/test-dir"/>
    <property name="test.cache.data" value=""/>
    <property name="java.vendor.url" value="https://icedtea.classpath.org"/>
    <property name="user.timezone" value=""/>
    <property name="java.vm.specification.version" value="1.8"/>
    <property name="os.name" value="Linux"/>
    <property name="test.build.data" value="/opt/src/hadoop-ozone/integration-test/target/test-dir"/>
    <property name="user.country" value="US"/>
    <property name="sun.java.launcher" value="SUN_STANDARD"/>
    <property name="sun.boot.library.path" value="/usr/lib/jvm/java-1.8-openjdk/jre/lib/amd64"/>
    <property name="sun.java.command" value="/opt/src/hadoop-ozone/integration-test/target/surefire/surefirebooter9057839356650617372.jar /opt/src/hadoop-ozone/integration-test/target/surefire 2019-06-15T11-20-45_160-jvmRun1 surefire7140070799373812268tmp surefire_89174409396595018780tmp"/>
    <property name="surefire.test.class.path" value="/opt/src/hadoop-ozone/integration-test/target/test-classes:/opt/src/hadoop-ozone/integration-test/target/classes:/home/user/.m2/repository/org/apache/hadoop/hadoop-ozone-common/0.5.0-SNAPSHOT/hadoop-ozone-common-0.5.0-SNAPSHOT.jar:/home/user/.m2/repository/org/apache/commons/commons-compress/1.4.1/commons-compress-1.4.1.jar:/home/user/.m2/repository/org/tukaani/xz/1.0/xz-1.0.jar:/home/user/.m2/repository/org/apache/hadoop/hadoop-common/3.2.0/hadoop-common-3.2.0.jar:/home/user/.m2/repository/org/apache/hadoop/hadoop-hdfs/3.2.0/hadoop-hdfs-3.2.0.jar:/home/user/.m2/repository/org/apache/hadoop/hadoop-hdfs-client/3.2.0/hadoop-hdfs-client-3.2.0.jar:/home/user/.m2/repository/com/fasterxml/jackson/core/jackson-annotations/2.9.5/jackson-annotations-2.9.5.jar:/home/user/.m2/repository/org/apache/hadoop/hadoop-hdds-common/0.5.0-SNAPSHOT/hadoop-hdds-common-0.5.0-SNAPSHOT.jar:/home/user/.m2/repository/javax/annotation/javax.annotation-api/1.2/javax.annotation-api-1.2.jar:/home/user/.m2/repository/org/apache/ratis/ratis-server/0.4.0-fe2b15d-SNAPSHOT/ratis-server-0.4.0-fe2b15d-SNAPSHOT.jar:/home/user/.m2/repository/org/apache/ratis/ratis-thirdparty-misc/0.2.0/ratis-thirdparty-misc-0.2.0.jar:/home/user/.m2/repository/org/apache/ratis/ratis-proto/0.4.0-fe2b15d-SNAPSHOT/ratis-proto-0.4.0-fe2b15d-SNAPSHOT.jar:/home/user/.m2/repository/org/apache/ratis/ratis-common/0.4.0-fe2b15d-SNAPSHOT/ratis-common-0.4.0-fe2b15d-SNAPSHOT.jar:/home/user/.m2/repository/org/apache/ratis/ratis-client/0.4.0-fe2b15d-SNAPSHOT/ratis-client-0.4.0-fe2b15d-SNAPSHOT.jar:/home/user/.m2/repository/org/apache/ratis/ratis-netty/0.4.0-fe2b15d-SNAPSHOT/ratis-netty-0.4.0-fe2b15d-SNAPSHOT.jar:/home/user/.m2/repository/org/apache/ratis/ratis-grpc/0.4.0-fe2b15d-SNAPSHOT/ratis-grpc-0.4.0-fe2b15d-SNAPSHOT.jar:/home/user/.m2/repository/org/rocksdb/rocksdbjni/5.14.2/rocksdbjni-5.14.2.jar:/home/user/.m2/repository/org/apache/logging/log4j/log4j-api/2.11.0/log4j-api-2.11.0.jar:/home/user/.m2/repository/org/apache/logging/log4j/log4j-core/2.11.0/log4j-core-2.11.0.jar:/home/user/.m2/repository/com/lmax/disruptor/3.4.2/disruptor-3.4.2.jar:/home/user/.m2/repository/org/apache/commons/commons-pool2/2.6.0/commons-pool2-2.6.0.jar:/home/user/.m2/repository/org/bouncycastle/bcpkix-jdk15on/1.60/bcpkix-jdk15on-1.60.jar:/home/user/.m2/repository/commons-validator/commons-validator/1.6/commons-validator-1.6.jar:/home/user/.m2/repository/commons-digester/commons-digester/1.8.1/commons-digester-1.8.1.jar:/home/user/.m2/repository/io/jaegertracing/jaeger-client/0.33.1/jaeger-client-0.33.1.jar:/home/user/.m2/repository/io/jaegertracing/jaeger-thrift/0.33.1/jaeger-thrift-0.33.1.jar:/home/user/.m2/repository/org/apache/thrift/libthrift/0.11.0/libthrift-0.11.0.jar:/home/user/.m2/repository/com/squareup/okhttp3/okhttp/3.9.0/okhttp-3.9.0.jar:/home/user/.m2/repository/com/squareup/okio/okio/1.13.0/okio-1.13.0.jar:/home/user/.m2/repository/io/jaegertracing/jaeger-core/0.33.1/jaeger-core-0.33.1.jar:/home/user/.m2/repository/io/jaegertracing/jaeger-tracerresolver/0.33.1/jaeger-tracerresolver-0.33.1.jar:/home/user/.m2/repository/io/opentracing/contrib/opentracing-tracerresolver/0.1.5/opentracing-tracerresolver-0.1.5.jar:/home/user/.m2/repository/io/opentracing/opentracing-util/0.31.0/opentracing-util-0.31.0.jar:/home/user/.m2/repository/io/opentracing/opentracing-api/0.31.0/opentracing-api-0.31.0.jar:/home/user/.m2/repository/io/opentracing/opentracing-noop/0.31.0/opentracing-noop-0.31.0.jar:/home/user/.m2/repository/org/apache/hadoop/hadoop-hdds-server-framework/0.5.0-SNAPSHOT/hadoop-hdds-server-framework-0.5.0-SNAPSHOT.jar:/home/user/.m2/repository/org/apache/hadoop/hadoop-hdds-server-scm/0.5.0-SNAPSHOT/hadoop-hdds-server-scm-0.5.0-SNAPSHOT.jar:/home/user/.m2/repository/org/apache/hadoop/hadoop-hdds-container-service/0.5.0-SNAPSHOT/hadoop-hdds-container-service-0.5.0-SNAPSHOT.jar:/home/user/.m2/repository/org/apache/hadoop/hadoop-hdds-client/0.5.0-SNAPSHOT/hadoop-hdds-client-0.5.0-SNAPSHOT.jar:/home/user/.m2/repository/org/apache/hadoop/hadoop-hdds-tools/0.5.0-SNAPSHOT/hadoop-hdds-tools-0.5.0-SNAPSHOT.jar:/home/user/.m2/repository/org/apache/hadoop/hadoop-ozone-ozone-manager/0.5.0-SNAPSHOT/hadoop-ozone-ozone-manager-0.5.0-SNAPSHOT.jar:/home/user/.m2/repository/org/apache/hadoop/hadoop-hdds-docs/0.5.0-SNAPSHOT/hadoop-hdds-docs-0.5.0-SNAPSHOT.jar:/home/user/.m2/repository/org/bouncycastle/bcprov-jdk15on/1.60/bcprov-jdk15on-1.60.jar:/home/user/.m2/repository/org/apache/hadoop/hadoop-minikdc/3.2.0/hadoop-minikdc-3.2.0.jar:/home/user/.m2/repository/commons-io/commons-io/2.5/commons-io-2.5.jar:/home/user/.m2/repository/org/apache/kerby/kerb-simplekdc/1.0.1/kerb-simplekdc-1.0.1.jar:/home/user/.m2/repository/org/apache/kerby/kerb-client/1.0.1/kerb-client-1.0.1.jar:/home/user/.m2/repository/org/apache/kerby/kerby-config/1.0.1/kerby-config-1.0.1.jar:/home/user/.m2/repository/org/apache/kerby/kerb-core/1.0.1/kerb-core-1.0.1.jar:/home/user/.m2/repository/org/apache/kerby/kerby-pkix/1.0.1/kerby-pkix-1.0.1.jar:/home/user/.m2/repository/org/apache/kerby/kerby-asn1/1.0.1/kerby-asn1-1.0.1.jar:/home/user/.m2/repository/org/apache/kerby/kerby-util/1.0.1/kerby-util-1.0.1.jar:/home/user/.m2/repository/org/apache/kerby/kerb-common/1.0.1/kerb-common-1.0.1.jar:/home/user/.m2/repository/org/apache/kerby/kerb-crypto/1.0.1/kerb-crypto-1.0.1.jar:/home/user/.m2/repository/org/apache/kerby/kerb-util/1.0.1/kerb-util-1.0.1.jar:/home/user/.m2/repository/org/apache/kerby/token-provider/1.0.1/token-provider-1.0.1.jar:/home/user/.m2/repository/org/apache/kerby/kerb-admin/1.0.1/kerb-admin-1.0.1.jar:/home/user/.m2/repository/org/apache/kerby/kerb-server/1.0.1/kerb-server-1.0.1.jar:/home/user/.m2/repository/org/apache/kerby/kerb-identity/1.0.1/kerb-identity-1.0.1.jar:/home/user/.m2/repository/org/apache/kerby/kerby-xdr/1.0.1/kerby-xdr-1.0.1.jar:/home/user/.m2/repository/org/slf4j/slf4j-log4j12/1.7.25/slf4j-log4j12-1.7.25.jar:/home/user/.m2/repository/org/apache/hadoop/hadoop-ozone-objectstore-service/0.5.0-SNAPSHOT/hadoop-ozone-objectstore-service-0.5.0-SNAPSHOT.jar:/home/user/.m2/repository/org/apache/hadoop/hadoop-ozone-s3gateway/0.5.0-SNAPSHOT/hadoop-ozone-s3gateway-0.5.0-SNAPSHOT.jar:/home/user/.m2/repository/org/jboss/weld/servlet/weld-servlet/2.4.7.Final/weld-servlet-2.4.7.Final.jar:/home/user/.m2/repository/org/glassfish/jersey/containers/jersey-container-servlet-core/2.27/jersey-container-servlet-core-2.27.jar:/home/user/.m2/repository/org/glassfish/hk2/external/javax.inject/2.5.0-b42/javax.inject-2.5.0-b42.jar:/home/user/.m2/repository/org/glassfish/jersey/core/jersey-common/2.27/jersey-common-2.27.jar:/home/user/.m2/repository/org/glassfish/hk2/osgi-resource-locator/1.0.1/osgi-resource-locator-1.0.1.jar:/home/user/.m2/repository/javax/ws/rs/javax.ws.rs-api/2.1/javax.ws.rs-api-2.1.jar:/home/user/.m2/repository/org/glassfish/jersey/ext/cdi/jersey-cdi1x/2.27/jersey-cdi1x-2.27.jar:/home/user/.m2/repository/org/glassfish/jersey/inject/jersey-hk2/2.27/jersey-hk2-2.27.jar:/home/user/.m2/repository/org/glassfish/hk2/hk2-locator/2.5.0-b42/hk2-locator-2.5.0-b42.jar:/home/user/.m2/repository/org/javassist/javassist/3.22.0-CR2/javassist-3.22.0-CR2.jar:/home/user/.m2/repository/org/glassfish/hk2/hk2-api/2.5.0/hk2-api-2.5.0.jar:/home/user/.m2/repository/org/glassfish/hk2/external/jakarta.inject/2.5.0/jakarta.inject-2.5.0.jar:/home/user/.m2/repository/org/glassfish/hk2/hk2-utils/2.5.0/hk2-utils-2.5.0.jar:/home/user/.m2/repository/jakarta/annotation/jakarta.annotation-api/1.3.4/jakarta.annotation-api-1.3.4.jar:/home/user/.m2/repository/org/glassfish/hk2/external/aopalliance-repackaged/2.5.0/aopalliance-repackaged-2.5.0.jar:/home/user/.m2/repository/com/fasterxml/jackson/dataformat/jackson-dataformat-xml/2.9.0/jackson-dataformat-xml-2.9.0.jar:/home/user/.m2/repository/com/fasterxml/jackson/core/jackson-core/2.9.5/jackson-core-2.9.5.jar:/home/user/.m2/repository/com/fasterxml/jackson/module/jackson-module-jaxb-annotations/2.9.5/jackson-module-jaxb-annotations-2.9.5.jar:/home/user/.m2/repository/javax/enterprise/cdi-api/1.2/cdi-api-1.2.jar:/home/user/.m2/repository/javax/el/javax.el-api/3.0.0/javax.el-api-3.0.0.jar:/home/user/.m2/repository/javax/interceptor/javax.interceptor-api/1.2/javax.interceptor-api-1.2.jar:/home/user/.m2/repository/javax/inject/javax.inject/1/javax.inject-1.jar:/home/user/.m2/repository/com/sun/xml/bind/jaxb-impl/2.3.0.1/jaxb-impl-2.3.0.1.jar:/home/user/.m2/repository/com/sun/xml/bind/jaxb-core/2.3.0.1/jaxb-core-2.3.0.1.jar:/home/user/.m2/repository/javax/xml/bind/jaxb-api/2.3.0/jaxb-api-2.3.0.jar:/home/user/.m2/repository/javax/activation/activation/1.1.1/activation-1.1.1.jar:/home/user/.m2/repository/org/apache/hadoop/hadoop-ozone-csi/0.5.0-SNAPSHOT/hadoop-ozone-csi-0.5.0-SNAPSHOT.jar:/home/user/.m2/repository/com/google/protobuf/protobuf-java-util/3.5.1/protobuf-java-util-3.5.1.jar:/home/user/.m2/repository/org/apache/hadoop/hadoop-hdds-config/0.5.0-SNAPSHOT/hadoop-hdds-config-0.5.0-SNAPSHOT.jar:/home/user/.m2/repository/com/google/guava/guava/11.0.2/guava-11.0.2.jar:/home/user/.m2/repository/com/google/protobuf/protobuf-java/2.5.0/protobuf-java-2.5.0.jar:/home/user/.m2/repository/io/grpc/grpc-netty/1.17.1/grpc-netty-1.17.1.jar:/home/user/.m2/repository/io/grpc/grpc-core/1.17.1/grpc-core-1.17.1.jar:/home/user/.m2/repository/io/grpc/grpc-context/1.17.1/grpc-context-1.17.1.jar:/home/user/.m2/repository/com/google/errorprone/error_prone_annotations/2.2.0/error_prone_annotations-2.2.0.jar:/home/user/.m2/repository/org/codehaus/mojo/animal-sniffer-annotations/1.17/animal-sniffer-annotations-1.17.jar:/home/user/.m2/repository/io/opencensus/opencensus-api/0.17.0/opencensus-api-0.17.0.jar:/home/user/.m2/repository/io/opencensus/opencensus-contrib-grpc-metrics/0.17.0/opencensus-contrib-grpc-metrics-0.17.0.jar:/home/user/.m2/repository/io/netty/netty-codec-http2/4.1.30.Final/netty-codec-http2-4.1.30.Final.jar:/home/user/.m2/repository/io/netty/netty-codec-http/4.1.30.Final/netty-codec-http-4.1.30.Final.jar:/home/user/.m2/repository/io/netty/netty-codec/4.1.30.Final/netty-codec-4.1.30.Final.jar:/home/user/.m2/repository/io/netty/netty-handler/4.1.30.Final/netty-handler-4.1.30.Final.jar:/home/user/.m2/repository/io/netty/netty-handler-proxy/4.1.30.Final/netty-handler-proxy-4.1.30.Final.jar:/home/user/.m2/repository/io/netty/netty-codec-socks/4.1.30.Final/netty-codec-socks-4.1.30.Final.jar:/home/user/.m2/repository/io/netty/netty-transport-native-epoll/4.1.30.Final/netty-transport-native-epoll-4.1.30.Final.jar:/home/user/.m2/repository/io/netty/netty-common/4.1.30.Final/netty-common-4.1.30.Final.jar:/home/user/.m2/repository/io/netty/netty-buffer/4.1.30.Final/netty-buffer-4.1.30.Final.jar:/home/user/.m2/repository/io/netty/netty-transport/4.1.30.Final/netty-transport-4.1.30.Final.jar:/home/user/.m2/repository/io/netty/netty-resolver/4.1.30.Final/netty-resolver-4.1.30.Final.jar:/home/user/.m2/repository/io/netty/netty-transport-native-unix-common/4.1.30.Final/netty-transport-native-unix-common-4.1.30.Final.jar:/home/user/.m2/repository/io/grpc/grpc-protobuf/1.17.1/grpc-protobuf-1.17.1.jar:/home/user/.m2/repository/com/google/api/grpc/proto-google-common-protos/1.0.0/proto-google-common-protos-1.0.0.jar:/home/user/.m2/repository/io/grpc/grpc-protobuf-lite/1.17.1/grpc-protobuf-lite-1.17.1.jar:/home/user/.m2/repository/io/grpc/grpc-stub/1.17.1/grpc-stub-1.17.1.jar:/home/user/.m2/repository/org/apache/hadoop/hadoop-ozone-recon/0.5.0-SNAPSHOT/hadoop-ozone-recon-0.5.0-SNAPSHOT.jar:/home/user/.m2/repository/org/apache/hadoop/hadoop-ozone-reconcodegen/0.5.0-SNAPSHOT/hadoop-ozone-reconcodegen-0.5.0-SNAPSHOT.jar:/home/user/.m2/repository/com/google/inject/extensions/guice-multibindings/4.0/guice-multibindings-4.0.jar:/home/user/.m2/repository/com/google/inject/guice/4.0/guice-4.0.jar:/home/user/.m2/repository/aopalliance/aopalliance/1.0/aopalliance-1.0.jar:/home/user/.m2/repository/com/google/inject/extensions/guice-servlet/4.0/guice-servlet-4.0.jar:/home/user/.m2/repository/org/glassfish/jersey/containers/jersey-container-servlet/2.27/jersey-container-servlet-2.27.jar:/home/user/.m2/repository/org/glassfish/hk2/guice-bridge/2.5.0/guice-bridge-2.5.0.jar:/home/user/.m2/repository/org/glassfish/jersey/core/jersey-server/2.27/jersey-server-2.27.jar:/home/user/.m2/repository/org/glassfish/jersey/core/jersey-client/2.27/jersey-client-2.27.jar:/home/user/.m2/repository/org/glassfish/jersey/media/jersey-media-jaxb/2.27/jersey-media-jaxb-2.27.jar:/home/user/.m2/repository/javax/validation/validation-api/1.1.0.Final/validation-api-1.1.0.Final.jar:/home/user/.m2/repository/org/glassfish/jersey/media/jersey-media-json-jackson/2.27/jersey-media-json-jackson-2.27.jar:/home/user/.m2/repository/org/glassfish/jersey/ext/jersey-entity-filtering/2.27/jersey-entity-filtering-2.27.jar:/home/user/.m2/repository/com/google/inject/extensions/guice-assistedinject/4.0/guice-assistedinject-4.0.jar:/home/user/.m2/repository/org/jooq/jooq/3.11.10/jooq-3.11.10.jar:/home/user/.m2/repository/org/jooq/jooq-meta/3.11.10/jooq-meta-3.11.10.jar:/home/user/.m2/repository/org/jooq/jooq-codegen/3.11.10/jooq-codegen-3.11.10.jar:/home/user/.m2/repository/com/jolbox/bonecp/0.8.0.RELEASE/bonecp-0.8.0.RELEASE.jar:/home/user/.m2/repository/org/xerial/sqlite-jdbc/3.25.2/sqlite-jdbc-3.25.2.jar:/home/user/.m2/repository/org/springframework/spring-jdbc/5.1.3.RELEASE/spring-jdbc-5.1.3.RELEASE.jar:/home/user/.m2/repository/org/springframework/spring-beans/5.1.3.RELEASE/spring-beans-5.1.3.RELEASE.jar:/home/user/.m2/repository/org/springframework/spring-core/5.1.3.RELEASE/spring-core-5.1.3.RELEASE.jar:/home/user/.m2/repository/org/springframework/spring-jcl/5.1.3.RELEASE/spring-jcl-5.1.3.RELEASE.jar:/home/user/.m2/repository/org/springframework/spring-tx/5.1.3.RELEASE/spring-tx-5.1.3.RELEASE.jar:/home/user/.m2/repository/org/apache/hadoop/hadoop-ozone-client/0.5.0-SNAPSHOT/hadoop-ozone-client-0.5.0-SNAPSHOT.jar:/home/user/.m2/repository/org/apache/hadoop/hadoop-ozone-ozone-manager/0.5.0-SNAPSHOT/hadoop-ozone-ozone-manager-0.5.0-SNAPSHOT-tests.jar:/home/user/.m2/repository/junit/junit/4.11/junit-4.11.jar:/home/user/.m2/repository/org/hamcrest/hamcrest-core/1.3/hamcrest-core-1.3.jar:/home/user/.m2/repository/org/openjdk/jmh/jmh-core/1.19/jmh-core-1.19.jar:/home/user/.m2/repository/net/sf/jopt-simple/jopt-simple/4.6/jopt-simple-4.6.jar:/home/user/.m2/repository/org/apache/commons/commons-math3/3.1.1/commons-math3-3.1.1.jar:/home/user/.m2/repository/org/openjdk/jmh/jmh-generator-annprocess/1.19/jmh-generator-annprocess-1.19.jar:/home/user/.m2/repository/org/mockito/mockito-all/1.8.5/mockito-all-1.8.5.jar:/home/user/.m2/repository/org/apache/hadoop/hadoop-kms/3.2.0/hadoop-kms-3.2.0.jar:/home/user/.m2/repository/org/apache/hadoop/hadoop-auth/3.2.0/hadoop-auth-3.2.0.jar:/home/user/.m2/repository/com/nimbusds/nimbus-jose-jwt/4.41.1/nimbus-jose-jwt-4.41.1.jar:/home/user/.m2/repository/com/github/stephenc/jcip/jcip-annotations/1.0-1/jcip-annotations-1.0-1.jar:/home/user/.m2/repository/net/minidev/json-smart/2.3/json-smart-2.3.jar:/home/user/.m2/repository/net/minidev/accessors-smart/1.2/accessors-smart-1.2.jar:/home/user/.m2/repository/org/ow2/asm/asm/5.0.4/asm-5.0.4.jar:/home/user/.m2/repository/org/apache/curator/curator-framework/2.12.0/curator-framework-2.12.0.jar:/home/user/.m2/repository/com/sun/jersey/jersey-core/1.19/jersey-core-1.19.jar:/home/user/.m2/repository/javax/ws/rs/jsr311-api/1.1.1/jsr311-api-1.1.1.jar:/home/user/.m2/repository/com/sun/jersey/jersey-server/1.19/jersey-server-1.19.jar:/home/user/.m2/repository/javax/servlet/javax.servlet-api/3.1.0/javax.servlet-api-3.1.0.jar:/home/user/.m2/repository/org/eclipse/jetty/jetty-server/9.3.24.v20180605/jetty-server-9.3.24.v20180605.jar:/home/user/.m2/repository/org/eclipse/jetty/jetty-http/9.3.24.v20180605/jetty-http-9.3.24.v20180605.jar:/home/user/.m2/repository/org/eclipse/jetty/jetty-io/9.3.24.v20180605/jetty-io-9.3.24.v20180605.jar:/home/user/.m2/repository/org/eclipse/jetty/jetty-webapp/9.3.24.v20180605/jetty-webapp-9.3.24.v20180605.jar:/home/user/.m2/repository/org/eclipse/jetty/jetty-xml/9.3.24.v20180605/jetty-xml-9.3.24.v20180605.jar:/home/user/.m2/repository/log4j/log4j/1.2.17/log4j-1.2.17.jar:/home/user/.m2/repository/org/slf4j/slf4j-api/1.7.25/slf4j-api-1.7.25.jar:/home/user/.m2/repository/org/slf4j/jul-to-slf4j/1.7.25/jul-to-slf4j-1.7.25.jar:/home/user/.m2/repository/org/eclipse/jetty/jetty-util/9.3.24.v20180605/jetty-util-9.3.24.v20180605.jar:/home/user/.m2/repository/io/dropwizard/metrics/metrics-core/3.2.4/metrics-core-3.2.4.jar:/home/user/.m2/repository/com/fasterxml/jackson/core/jackson-databind/2.9.5/jackson-databind-2.9.5.jar:/home/user/.m2/repository/org/apache/hadoop/hadoop-kms/3.2.0/hadoop-kms-3.2.0-tests.jar:/home/user/.m2/repository/org/apache/hadoop/hadoop-hdds-server-scm/0.5.0-SNAPSHOT/hadoop-hdds-server-scm-0.5.0-SNAPSHOT-tests.jar:/home/user/.m2/repository/org/hamcrest/hamcrest-all/1.3/hamcrest-all-1.3.jar:/home/user/.m2/repository/info/picocli/picocli/3.9.6/picocli-3.9.6.jar:/home/user/.m2/repository/org/apache/hadoop/hadoop-hdds-container-service/0.5.0-SNAPSHOT/hadoop-hdds-container-service-0.5.0-SNAPSHOT-tests.jar:/home/user/.m2/repository/org/yaml/snakeyaml/1.16/snakeyaml-1.16.jar:/home/user/.m2/repository/org/apache/hadoop/hadoop-common/3.2.0/hadoop-common-3.2.0-tests.jar:/home/user/.m2/repository/org/apache/hadoop/hadoop-annotations/3.2.0/hadoop-annotations-3.2.0.jar:/usr/lib/jvm/java-1.8-openjdk/jre/../lib/tools.jar:/home/user/.m2/repository/commons-cli/commons-cli/1.2/commons-cli-1.2.jar:/home/user/.m2/repository/org/apache/httpcomponents/httpclient/4.5.2/httpclient-4.5.2.jar:/home/user/.m2/repository/org/apache/httpcomponents/httpcore/4.4.4/httpcore-4.4.4.jar:/home/user/.m2/repository/commons-codec/commons-codec/1.11/commons-codec-1.11.jar:/home/user/.m2/repository/commons-net/commons-net/3.6/commons-net-3.6.jar:/home/user/.m2/repository/commons-collections/commons-collections/3.2.2/commons-collections-3.2.2.jar:/home/user/.m2/repository/org/eclipse/jetty/jetty-servlet/9.3.24.v20180605/jetty-servlet-9.3.24.v20180605.jar:/home/user/.m2/repository/org/eclipse/jetty/jetty-security/9.3.24.v20180605/jetty-security-9.3.24.v20180605.jar:/home/user/.m2/repository/javax/servlet/jsp/jsp-api/2.1/jsp-api-2.1.jar:/home/user/.m2/repository/com/sun/jersey/jersey-servlet/1.19/jersey-servlet-1.19.jar:/home/user/.m2/repository/com/sun/jersey/jersey-json/1.19/jersey-json-1.19.jar:/home/user/.m2/repository/org/codehaus/jettison/jettison/1.1/jettison-1.1.jar:/home/user/.m2/repository/org/codehaus/jackson/jackson-core-asl/1.9.13/jackson-core-asl-1.9.13.jar:/home/user/.m2/repository/org/codehaus/jackson/jackson-mapper-asl/1.9.13/jackson-mapper-asl-1.9.13.jar:/home/user/.m2/repository/org/codehaus/jackson/jackson-jaxrs/1.9.13/jackson-jaxrs-1.9.13.jar:/home/user/.m2/repository/org/codehaus/jackson/jackson-xc/1.9.13/jackson-xc-1.9.13.jar:/home/user/.m2/repository/commons-logging/commons-logging/1.1.3/commons-logging-1.1.3.jar:/home/user/.m2/repository/commons-beanutils/commons-beanutils/1.9.3/commons-beanutils-1.9.3.jar:/home/user/.m2/repository/org/apache/commons/commons-configuration2/2.1.1/commons-configuration2-2.1.1.jar:/home/user/.m2/repository/org/apache/commons/commons-lang3/3.7/commons-lang3-3.7.jar:/home/user/.m2/repository/org/apache/commons/commons-text/1.4/commons-text-1.4.jar:/home/user/.m2/repository/org/apache/avro/avro/1.7.7/avro-1.7.7.jar:/home/user/.m2/repository/com/thoughtworks/paranamer/paranamer/2.3/paranamer-2.3.jar:/home/user/.m2/repository/org/xerial/snappy/snappy-java/1.0.5/snappy-java-1.0.5.jar:/home/user/.m2/repository/com/google/re2j/re2j/1.1/re2j-1.1.jar:/home/user/.m2/repository/com/google/code/gson/gson/2.2.4/gson-2.2.4.jar:/home/user/.m2/repository/com/jcraft/jsch/0.1.54/jsch-0.1.54.jar:/home/user/.m2/repository/org/apache/curator/curator-client/2.12.0/curator-client-2.12.0.jar:/home/user/.m2/repository/org/apache/curator/curator-recipes/2.12.0/curator-recipes-2.12.0.jar:/home/user/.m2/repository/com/google/code/findbugs/jsr305/3.0.0/jsr305-3.0.0.jar:/home/user/.m2/repository/org/apache/htrace/htrace-core4/4.1.0-incubating/htrace-core4-4.1.0-incubating.jar:/home/user/.m2/repository/org/apache/zookeeper/zookeeper/3.4.13/zookeeper-3.4.13.jar:/home/user/.m2/repository/org/apache/yetus/audience-annotations/0.5.0/audience-annotations-0.5.0.jar:/home/user/.m2/repository/org/codehaus/woodstox/stax2-api/3.1.4/stax2-api-3.1.4.jar:/home/user/.m2/repository/com/fasterxml/woodstox/woodstox-core/5.0.3/woodstox-core-5.0.3.jar:/home/user/.m2/repository/dnsjava/dnsjava/2.1.7/dnsjava-2.1.7.jar:/home/user/.m2/repository/org/apache/hadoop/hadoop-hdfs/3.2.0/hadoop-hdfs-3.2.0-tests.jar:/home/user/.m2/repository/org/eclipse/jetty/jetty-util-ajax/9.3.24.v20180605/jetty-util-ajax-9.3.24.v20180605.jar:/home/user/.m2/repository/commons-daemon/commons-daemon/1.0.13/commons-daemon-1.0.13.jar:/home/user/.m2/repository/io/netty/netty/3.10.5.Final/netty-3.10.5.Final.jar:/home/user/.m2/repository/io/netty/netty-all/4.0.52.Final/netty-all-4.0.52.Final.jar:/home/user/.m2/repository/org/fusesource/leveldbjni/leveldbjni-all/1.8/leveldbjni-all-1.8.jar:"/>
    <property name="sun.cpu.endian" value="little"/>
    <property name="user.home" value="/home/user"/>
    <property name="user.language" value="en"/>
    <property name="java.specification.vendor" value="Oracle Corporation"/>
    <property name="java.home" value="/usr/lib/jvm/java-1.8-openjdk/jre"/>
    <property name="java.security.krb5.conf" value="/opt/src/hadoop-ozone/integration-test/target/test-classes/krb5.conf"/>
    <property name="basedir" value="/opt/src/hadoop-ozone/integration-test"/>
    <property name="file.separator" value="/"/>
    <property name="line.separator" value="&#10;"/>
    <property name="java.vm.specification.vendor" value="Oracle Corporation"/>
    <property name="java.specification.name" value="Java Platform API Specification"/>
    <property name="java.awt.graphicsenv" value="sun.awt.X11GraphicsEnvironment"/>
    <property name="surefire.real.class.path" value="/opt/src/hadoop-ozone/integration-test/target/surefire/surefirebooter9057839356650617372.jar"/>
    <property name="hadoop.log.dir" value="/opt/src/hadoop-ozone/integration-test/target/log"/>
    <property name="sun.boot.class.path" value="/usr/lib/jvm/java-1.8-openjdk/jre/lib/resources.jar:/usr/lib/jvm/java-1.8-openjdk/jre/lib/rt.jar:/usr/lib/jvm/java-1.8-openjdk/jre/lib/sunrsasign.jar:/usr/lib/jvm/java-1.8-openjdk/jre/lib/jsse.jar:/usr/lib/jvm/java-1.8-openjdk/jre/lib/jce.jar:/usr/lib/jvm/java-1.8-openjdk/jre/lib/charsets.jar:/usr/lib/jvm/java-1.8-openjdk/jre/lib/jfr.jar:/usr/lib/jvm/java-1.8-openjdk/jre/classes"/>
    <property name="sun.management.compiler" value="HotSpot 64-Bit Tiered Compilers"/>
    <property name="java.runtime.version" value="1.8.0_212-b04"/>
    <property name="java.net.preferIPv4Stack" value="true"/>
    <property name="user.name" value="jenkins1000"/>
    <property name="path.separator" value=":"/>
    <property name="java.security.egd" value="file:///dev/urandom"/>
    <property name="os.version" value="4.15.0-1021-aws"/>
    <property name="java.endorsed.dirs" value="/usr/lib/jvm/java-1.8-openjdk/jre/lib/endorsed"/>
    <property name="java.runtime.name" value="OpenJDK Runtime Environment"/>
    <property name="file.encoding" value="UTF-8"/>
    <property name="java.vm.name" value="OpenJDK 64-Bit Server VM"/>
    <property name="test.build.webapps" value=""/>
    <property name="localRepository" value="/home/user/.m2/repository"/>
    <property name="java.vendor.url.bug" value="https://icedtea.classpath.org/bugzilla"/>
    <property name="java.io.tmpdir" value="/tmp"/>
    <property name="require.test.libhadoop" value=""/>
    <property name="java.version" value="1.8.0_212"/>
    <property name="user.dir" value="/opt/src/hadoop-ozone/integration-test"/>
    <property name="os.arch" value="amd64"/>
    <property name="java.vm.specification.name" value="Java Virtual Machine Specification"/>
    <property name="test.build.classes" value="/opt/src/hadoop-ozone/integration-test/target/test-classes"/>
    <property name="java.awt.printerjob" value="sun.print.PSPrinterJob"/>
    <property name="sun.os.patch.level" value="unknown"/>
    <property name="hadoop.tmp.dir" value="/opt/src/hadoop-ozone/integration-test/target/tmp"/>
    <property name="java.library.path" value="/usr/lib/jvm/java-1.8-openjdk/jre/lib/amd64/server:/usr/lib/jvm/java-1.8-openjdk/jre/lib/amd64:/usr/lib/jvm/java-1.8-openjdk/jre/../lib/amd64:/opt/src/hadoop-ozone/integration-test/target/native/target/usr/local/lib:/opt/src/hadoop-ozone/integration-test/../../hadoop-common-project/hadoop-common/target/native/target/usr/local/lib:/usr/java/packages/lib/amd64:/usr/lib64:/lib64:/lib:/usr/lib"/>
    <property name="java.vm.info" value="mixed mode"/>
    <property name="java.vendor" value="IcedTea"/>
    <property name="java.vm.version" value="25.212-b04"/>
    <property name="java.ext.dirs" value="/usr/lib/jvm/java-1.8-openjdk/jre/lib/ext:/usr/java/packages/lib/ext"/>
    <property name="sun.io.unicode.encoding" value="UnicodeLittle"/>
    <property name="java.class.version" value="52.0"/>
  </properties>
  <testcase name="testPipelineFail" classname="org.apache.hadoop.hdds.scm.pipeline.TestNodeFailure" time="0">
    <skipped/>
    <system-out><![CDATA[2019-06-15 11:24:36,355 WARN  server.ServerUtils (ServerUtils.java:getScmDbDir(145)) - ozone.scm.db.dirs is not configured. We recommend adding this setting. Falling back to ozone.metadata.dirs instead.
2019-06-15 11:24:36,528 WARN  server.ServerUtils (ServerUtils.java:getScmDbDir(145)) - ozone.scm.db.dirs is not configured. We recommend adding this setting. Falling back to ozone.metadata.dirs instead.
2019-06-15 11:24:36,531 WARN  server.ServerUtils (ServerUtils.java:getScmDbDir(145)) - ozone.scm.db.dirs is not configured. We recommend adding this setting. Falling back to ozone.metadata.dirs instead.
2019-06-15 11:24:36,549 INFO  util.log (Log.java:initialized(192)) - Logging initialized @849ms
2019-06-15 11:24:36,667 INFO  db.DBStoreBuilder (DBStoreBuilder.java:addTable(110)) - using custom profile for table: deletedBlocks
2019-06-15 11:24:36,667 INFO  db.DBStoreBuilder (DBStoreBuilder.java:processTables(161)) - Using default column profile:DBProfile.DISK for Table:deletedBlocks
2019-06-15 11:24:36,667 INFO  db.DBStoreBuilder (DBStoreBuilder.java:addTable(110)) - using custom profile for table: validCerts
2019-06-15 11:24:36,668 INFO  db.DBStoreBuilder (DBStoreBuilder.java:processTables(161)) - Using default column profile:DBProfile.DISK for Table:validCerts
2019-06-15 11:24:36,668 INFO  db.DBStoreBuilder (DBStoreBuilder.java:addTable(110)) - using custom profile for table: revokedCerts
2019-06-15 11:24:36,668 INFO  db.DBStoreBuilder (DBStoreBuilder.java:processTables(161)) - Using default column profile:DBProfile.DISK for Table:revokedCerts
2019-06-15 11:24:36,678 INFO  db.DBStoreBuilder (DBStoreBuilder.java:addTable(110)) - using custom profile for table: default
2019-06-15 11:24:36,678 INFO  db.DBStoreBuilder (DBStoreBuilder.java:processTables(167)) - Using default column profile:DBProfile.DISK for Table:default
2019-06-15 11:24:36,679 INFO  db.DBStoreBuilder (DBStoreBuilder.java:getDbProfile(198)) - Using default options. DBProfile.DISK
2019-06-15 11:24:37,360 INFO  net.NodeSchemaLoader (NodeSchemaLoader.java:loadSchemaFromFile(125)) - Loading file from sun.misc.CompoundEnumeration@27ce24aa
2019-06-15 11:24:37,361 INFO  net.NodeSchemaLoader (NodeSchemaLoader.java:loadSchema(171)) - Loading network topology layer schema file
2019-06-15 11:24:37,414 INFO  node.SCMNodeManager (SCMNodeManager.java:<init>(119)) - Entering startup safe mode.
2019-06-15 11:24:37,481 WARN  server.ServerUtils (ServerUtils.java:getScmDbDir(145)) - ozone.scm.db.dirs is not configured. We recommend adding this setting. Falling back to ozone.metadata.dirs instead.
2019-06-15 11:24:37,887 INFO  pipeline.SCMPipelineManager (SCMPipelineManager.java:initializePipelineState(126)) - No pipeline exists in current db
2019-06-15 11:24:37,888 WARN  server.ServerUtils (ServerUtils.java:getScmDbDir(145)) - ozone.scm.db.dirs is not configured. We recommend adding this setting. Falling back to ozone.metadata.dirs instead.
2019-06-15 11:24:38,320 WARN  events.EventQueue (EventQueue.java:fireEvent(175)) - No event handler registered for event TypedEvent{payloadType=SafeModeStatus, name='SafeModeStatus'}
2019-06-15 11:24:38,600 INFO  ipc.CallQueueManager (CallQueueManager.java:<init>(84)) - Using callQueue: class java.util.concurrent.LinkedBlockingQueue, queueCapacity: 2000, scheduler: class org.apache.hadoop.ipc.DefaultRpcScheduler, ipcBackoff: false.
2019-06-15 11:24:38,622 INFO  ipc.Server (Server.java:run(1074)) - Starting Socket Reader #1 for port 44429
2019-06-15 11:24:38,642 INFO  ipc.CallQueueManager (CallQueueManager.java:<init>(84)) - Using callQueue: class java.util.concurrent.LinkedBlockingQueue, queueCapacity: 2000, scheduler: class org.apache.hadoop.ipc.DefaultRpcScheduler, ipcBackoff: false.
2019-06-15 11:24:38,668 INFO  ipc.Server (Server.java:run(1074)) - Starting Socket Reader #1 for port 40501
2019-06-15 11:24:38,677 INFO  ipc.CallQueueManager (CallQueueManager.java:<init>(84)) - Using callQueue: class java.util.concurrent.LinkedBlockingQueue, queueCapacity: 2000, scheduler: class org.apache.hadoop.ipc.DefaultRpcScheduler, ipcBackoff: false.
2019-06-15 11:24:38,677 INFO  ipc.Server (Server.java:run(1074)) - Starting Socket Reader #1 for port 36287
2019-06-15 11:24:38,696 INFO  hdfs.DFSUtil (DFSUtil.java:httpServerTemplateForNNAndJN(1641)) - Starting Web-server for scm at: http://0.0.0.0:0
2019-06-15 11:24:38,896 INFO  server.AuthenticationFilter (AuthenticationFilter.java:constructSecretProvider(240)) - Unable to initialize FileSignerSecretProvider, falling back to use random secrets.
2019-06-15 11:24:38,905 WARN  http.HttpRequestLog (HttpRequestLog.java:getRequestLog(97)) - Jetty request log can only be enabled using Log4j
2019-06-15 11:24:38,920 INFO  http.HttpServer2 (HttpServer2.java:addGlobalFilter(975)) - Added global filter 'safety' (class=org.apache.hadoop.http.HttpServer2$QuotingInputFilter)
2019-06-15 11:24:38,925 INFO  http.HttpServer2 (HttpServer2.java:addFilter(948)) - Added filter static_user_filter (class=org.apache.hadoop.http.lib.StaticUserWebFilter$StaticUserFilter) to context scm
2019-06-15 11:24:38,925 INFO  http.HttpServer2 (HttpServer2.java:addFilter(958)) - Added filter static_user_filter (class=org.apache.hadoop.http.lib.StaticUserWebFilter$StaticUserFilter) to context logs
2019-06-15 11:24:38,925 INFO  http.HttpServer2 (HttpServer2.java:addFilter(958)) - Added filter static_user_filter (class=org.apache.hadoop.http.lib.StaticUserWebFilter$StaticUserFilter) to context static
2019-06-15 11:24:38,978 INFO  server.StorageContainerManager (StorageContainerManager.java:start(753)) - StorageContainerLocationProtocol RPC server is listening at /0.0.0.0:36287
2019-06-15 11:24:39,057 WARN  impl.MetricsConfig (MetricsConfig.java:loadFirst(134)) - Cannot locate configuration: tried hadoop-metrics2-storagecontainermanager.properties,hadoop-metrics2.properties
2019-06-15 11:24:39,074 INFO  impl.MetricsSystemImpl (MetricsSystemImpl.java:startTimer(374)) - Scheduled Metric snapshot period at 10 second(s).
2019-06-15 11:24:39,075 INFO  impl.MetricsSystemImpl (MetricsSystemImpl.java:start(191)) - StorageContainerManager metrics system started
2019-06-15 11:24:39,325 INFO  server.SCMClientProtocolServer (SCMClientProtocolServer.java:start(149)) - RPC server for Client  is listening at /0.0.0.0:36287
2019-06-15 11:24:39,326 INFO  ipc.Server (Server.java:run(1314)) - IPC Server Responder: starting
2019-06-15 11:24:39,327 INFO  ipc.Server (Server.java:run(1153)) - IPC Server listener on 36287: starting
2019-06-15 11:24:39,334 INFO  server.StorageContainerManager (StorageContainerManager.java:start(762)) - ScmBlockLocationProtocol RPC server is listening at /0.0.0.0:40501
2019-06-15 11:24:39,334 INFO  server.SCMBlockProtocolServer (SCMBlockProtocolServer.java:start(137)) - RPC server for Block Protocol is listening at /0.0.0.0:40501
2019-06-15 11:24:39,335 INFO  ipc.Server (Server.java:run(1314)) - IPC Server Responder: starting
2019-06-15 11:24:39,335 INFO  ipc.Server (Server.java:run(1153)) - IPC Server listener on 40501: starting
2019-06-15 11:24:39,337 INFO  server.StorageContainerManager (StorageContainerManager.java:start(766)) - ScmDatanodeProtocl RPC server is listening at /0.0.0.0:44429
2019-06-15 11:24:39,337 INFO  server.SCMDatanodeProtocolServer (SCMDatanodeProtocolServer.java:start(191)) - RPC server for DataNodes is listening at /0.0.0.0:44429
2019-06-15 11:24:39,338 INFO  ipc.Server (Server.java:run(1314)) - IPC Server Responder: starting
2019-06-15 11:24:39,338 INFO  ipc.Server (Server.java:run(1153)) - IPC Server listener on 44429: starting
2019-06-15 11:24:39,343 INFO  http.HttpServer2 (HttpServer2.java:bindListener(1191)) - Jetty bound to port 34107
2019-06-15 11:24:39,345 INFO  server.Server (Server.java:doStart(351)) - jetty-9.3.24.v20180605, build timestamp: 2018-06-05T17:11:56Z, git hash: 84205aa28f11a4f31f2a3b86d1bba2cc8ab69827
2019-06-15 11:24:39,400 INFO  handler.ContextHandler (ContextHandler.java:doStart(781)) - Started o.e.j.s.ServletContextHandler@16c63f5{/logs,file:///opt/src/hadoop-ozone/integration-test/target/log,AVAILABLE}
2019-06-15 11:24:39,402 INFO  handler.ContextHandler (ContextHandler.java:doStart(781)) - Started o.e.j.s.ServletContextHandler@6d3c5255{/static,file:///opt/src/hadoop-ozone/integration-test/target/test-classes/webapps/static,AVAILABLE}
2019-06-15 11:24:39,435 INFO  handler.ContextHandler (ContextHandler.java:doStart(781)) - Started o.e.j.w.WebAppContext@28a0fd6c{/,file:///opt/src/hadoop-ozone/integration-test/target/test-classes/webapps/scm/,AVAILABLE}{/scm}
2019-06-15 11:24:39,442 INFO  server.AbstractConnector (AbstractConnector.java:doStart(278)) - Started ServerConnector@292a54bb{HTTP/1.1,[http/1.1]}{0.0.0.0:34107}
2019-06-15 11:24:39,442 INFO  server.Server (Server.java:doStart(419)) - Started @3742ms
2019-06-15 11:24:39,444 INFO  server.BaseHttpServer (BaseHttpServer.java:updateConnectorAddress(207)) - HTTP server of SCM is listening at http://0.0.0.0:34107
2019-06-15 11:24:39,454 WARN  scm.ScmUtils (ScmUtils.java:getDBPath(63)) - ozone.om.db.dirs is not configured. We recommend adding this setting. Falling back to ozone.metadata.dirs instead.
2019-06-15 11:24:39,456 INFO  util.JvmPauseMonitor (JvmPauseMonitor.java:run(188)) - Starting JVM pause monitor
2019-06-15 11:24:39,599 WARN  scm.ScmUtils (ScmUtils.java:getDBPath(63)) - ozone.om.db.dirs is not configured. We recommend adding this setting. Falling back to ozone.metadata.dirs instead.
2019-06-15 11:24:39,601 INFO  om.OzoneManager (OzoneManager.java:setOMNodeDetails(532)) - OM Service ID is not set. Setting it to the default ID: omServiceIdDefault
2019-06-15 11:24:39,601 INFO  om.OzoneManager (OzoneManager.java:setOMNodeDetails(538)) - OM Node ID is not set. Setting it to the OmStorage's OmID: 3b95b8ea-987d-4f36-a7d4-4c19b388e129
2019-06-15 11:24:39,602 WARN  scm.HddsServerUtil (HddsServerUtil.java:getDefaultRatisDirectory(354)) - Storage directory for Ratis is not configured. It is a good idea to map this to an SSD disk. Falling back to ozone.metadata.dirs
2019-06-15 11:24:39,602 WARN  scm.HddsServerUtil (HddsServerUtil.java:getDefaultRatisDirectory(354)) - Storage directory for Ratis is not configured. It is a good idea to map this to an SSD disk. Falling back to ozone.metadata.dirs
2019-06-15 11:24:39,603 INFO  om.OzoneManager (OzoneManager.java:loadOMHAConfigs(489)) - Found matching OM address with OMServiceId: null, OMNodeId: null, RPC Address: localhost:0 and Ratis port: 9872
2019-06-15 11:24:39,808 WARN  scm.ScmUtils (ScmUtils.java:getDBPath(63)) - ozone.om.db.dirs is not configured. We recommend adding this setting. Falling back to ozone.metadata.dirs instead.
2019-06-15 11:24:39,814 INFO  db.DBStoreBuilder (DBStoreBuilder.java:addTable(110)) - using custom profile for table: userTable
2019-06-15 11:24:39,814 INFO  db.DBStoreBuilder (DBStoreBuilder.java:processTables(161)) - Using default column profile:DBProfile.DISK for Table:userTable
2019-06-15 11:24:39,815 INFO  db.DBStoreBuilder (DBStoreBuilder.java:addTable(110)) - using custom profile for table: volumeTable
2019-06-15 11:24:39,815 INFO  db.DBStoreBuilder (DBStoreBuilder.java:processTables(161)) - Using default column profile:DBProfile.DISK for Table:volumeTable
2019-06-15 11:24:39,815 INFO  db.DBStoreBuilder (DBStoreBuilder.java:addTable(110)) - using custom profile for table: bucketTable
2019-06-15 11:24:39,815 INFO  db.DBStoreBuilder (DBStoreBuilder.java:processTables(161)) - Using default column profile:DBProfile.DISK for Table:bucketTable
2019-06-15 11:24:39,816 INFO  db.DBStoreBuilder (DBStoreBuilder.java:addTable(110)) - using custom profile for table: keyTable
2019-06-15 11:24:39,816 INFO  db.DBStoreBuilder (DBStoreBuilder.java:processTables(161)) - Using default column profile:DBProfile.DISK for Table:keyTable
2019-06-15 11:24:39,816 INFO  db.DBStoreBuilder (DBStoreBuilder.java:addTable(110)) - using custom profile for table: deletedTable
2019-06-15 11:24:39,816 INFO  db.DBStoreBuilder (DBStoreBuilder.java:processTables(161)) - Using default column profile:DBProfile.DISK for Table:deletedTable
2019-06-15 11:24:39,817 INFO  db.DBStoreBuilder (DBStoreBuilder.java:addTable(110)) - using custom profile for table: openKeyTable
2019-06-15 11:24:39,817 INFO  db.DBStoreBuilder (DBStoreBuilder.java:processTables(161)) - Using default column profile:DBProfile.DISK for Table:openKeyTable
2019-06-15 11:24:39,817 INFO  db.DBStoreBuilder (DBStoreBuilder.java:addTable(110)) - using custom profile for table: s3Table
2019-06-15 11:24:39,817 INFO  db.DBStoreBuilder (DBStoreBuilder.java:processTables(161)) - Using default column profile:DBProfile.DISK for Table:s3Table
2019-06-15 11:24:39,818 INFO  db.DBStoreBuilder (DBStoreBuilder.java:addTable(110)) - using custom profile for table: multipartInfoTable
2019-06-15 11:24:39,818 INFO  db.DBStoreBuilder (DBStoreBuilder.java:processTables(161)) - Using default column profile:DBProfile.DISK for Table:multipartInfoTable
2019-06-15 11:24:39,818 INFO  db.DBStoreBuilder (DBStoreBuilder.java:addTable(110)) - using custom profile for table: dTokenTable
2019-06-15 11:24:39,818 INFO  db.DBStoreBuilder (DBStoreBuilder.java:processTables(161)) - Using default column profile:DBProfile.DISK for Table:dTokenTable
2019-06-15 11:24:39,818 INFO  db.DBStoreBuilder (DBStoreBuilder.java:addTable(110)) - using custom profile for table: s3SecretTable
2019-06-15 11:24:39,819 INFO  db.DBStoreBuilder (DBStoreBuilder.java:processTables(161)) - Using default column profile:DBProfile.DISK for Table:s3SecretTable
2019-06-15 11:24:39,819 INFO  db.DBStoreBuilder (DBStoreBuilder.java:addTable(110)) - using custom profile for table: prefixTable
2019-06-15 11:24:39,819 INFO  db.DBStoreBuilder (DBStoreBuilder.java:processTables(161)) - Using default column profile:DBProfile.DISK for Table:prefixTable
2019-06-15 11:24:39,819 INFO  db.DBStoreBuilder (DBStoreBuilder.java:addTable(110)) - using custom profile for table: default
2019-06-15 11:24:39,819 INFO  db.DBStoreBuilder (DBStoreBuilder.java:processTables(167)) - Using default column profile:DBProfile.DISK for Table:default
2019-06-15 11:24:39,819 INFO  db.DBStoreBuilder (DBStoreBuilder.java:getDbProfile(198)) - Using default options. DBProfile.DISK
2019-06-15 11:24:41,282 INFO  ipc.CallQueueManager (CallQueueManager.java:<init>(84)) - Using callQueue: class java.util.concurrent.LinkedBlockingQueue, queueCapacity: 2000, scheduler: class org.apache.hadoop.ipc.DefaultRpcScheduler, ipcBackoff: false.
2019-06-15 11:24:41,283 INFO  ipc.Server (Server.java:run(1074)) - Starting Socket Reader #1 for port 34357
2019-06-15 11:24:41,316 WARN  scm.ScmUtils (ScmUtils.java:getDBPath(63)) - ozone.om.db.dirs is not configured. We recommend adding this setting. Falling back to ozone.metadata.dirs instead.
2019-06-15 11:24:41,316 INFO  om.OzoneManager (OzoneManager.java:start(1230)) - OzoneManager RPC server is listening at localhost/127.0.0.1:34357
2019-06-15 11:24:41,316 INFO  impl.MetricsSystemImpl (MetricsSystemImpl.java:init(158)) - OzoneManager metrics system started (again)
2019-06-15 11:24:41,317 INFO  ipc.Server (Server.java:run(1153)) - IPC Server listener on 34357: starting
2019-06-15 11:24:41,322 INFO  ipc.Server (Server.java:run(1314)) - IPC Server Responder: starting
2019-06-15 11:24:41,344 INFO  hdfs.DFSUtil (DFSUtil.java:httpServerTemplateForNNAndJN(1641)) - Starting Web-server for ozoneManager at: http://0.0.0.0:0
2019-06-15 11:24:41,345 INFO  server.AuthenticationFilter (AuthenticationFilter.java:constructSecretProvider(240)) - Unable to initialize FileSignerSecretProvider, falling back to use random secrets.
2019-06-15 11:24:41,346 WARN  http.HttpRequestLog (HttpRequestLog.java:getRequestLog(97)) - Jetty request log can only be enabled using Log4j
2019-06-15 11:24:41,347 INFO  http.HttpServer2 (HttpServer2.java:addGlobalFilter(975)) - Added global filter 'safety' (class=org.apache.hadoop.http.HttpServer2$QuotingInputFilter)
2019-06-15 11:24:41,348 INFO  http.HttpServer2 (HttpServer2.java:addFilter(948)) - Added filter static_user_filter (class=org.apache.hadoop.http.lib.StaticUserWebFilter$StaticUserFilter) to context ozoneManager
2019-06-15 11:24:41,348 INFO  http.HttpServer2 (HttpServer2.java:addFilter(958)) - Added filter static_user_filter (class=org.apache.hadoop.http.lib.StaticUserWebFilter$StaticUserFilter) to context static
2019-06-15 11:24:41,348 INFO  http.HttpServer2 (HttpServer2.java:addFilter(958)) - Added filter static_user_filter (class=org.apache.hadoop.http.lib.StaticUserWebFilter$StaticUserFilter) to context logs
2019-06-15 11:24:41,350 INFO  http.HttpServer2 (HttpServer2.java:bindListener(1191)) - Jetty bound to port 46489
2019-06-15 11:24:41,350 INFO  server.Server (Server.java:doStart(351)) - jetty-9.3.24.v20180605, build timestamp: 2018-06-05T17:11:56Z, git hash: 84205aa28f11a4f31f2a3b86d1bba2cc8ab69827
2019-06-15 11:24:41,355 INFO  handler.ContextHandler (ContextHandler.java:doStart(781)) - Started o.e.j.s.ServletContextHandler@4d847d32{/logs,file:///opt/src/hadoop-ozone/integration-test/target/log,AVAILABLE}
2019-06-15 11:24:41,357 INFO  handler.ContextHandler (ContextHandler.java:doStart(781)) - Started o.e.j.s.ServletContextHandler@3d7fa3ae{/static,file:///opt/src/hadoop-ozone/integration-test/target/test-classes/webapps/static,AVAILABLE}
2019-06-15 11:24:41,361 INFO  handler.ContextHandler (ContextHandler.java:doStart(781)) - Started o.e.j.w.WebAppContext@312afbc7{/,file:///opt/src/hadoop-ozone/integration-test/target/test-classes/webapps/ozoneManager/,AVAILABLE}{/ozoneManager}
2019-06-15 11:24:41,362 INFO  server.AbstractConnector (AbstractConnector.java:doStart(278)) - Started ServerConnector@599f571f{HTTP/1.1,[http/1.1]}{0.0.0.0:46489}
2019-06-15 11:24:41,362 INFO  server.Server (Server.java:doStart(419)) - Started @5662ms
2019-06-15 11:24:41,363 INFO  server.BaseHttpServer (BaseHttpServer.java:updateConnectorAddress(207)) - HTTP server of OZONEMANAGER is listening at http://0.0.0.0:46489
2019-06-15 11:24:41,497 INFO  impl.MetricsSystemImpl (MetricsSystemImpl.java:init(158)) - HddsDatanode metrics system started (again)
2019-06-15 11:24:41,647 INFO  ozone.HddsDatanodeService (HddsDatanodeService.java:start(185)) - HddsDatanodeService host:ozone-unit-076618677d3-mp878-3497958072 ip:192.168.134.95
2019-06-15 11:24:41,675 INFO  volume.HddsVolume (HddsVolume.java:<init>(176)) - Creating Volume: /opt/src/hadoop-ozone/integration-test/target/test-dir/MiniOzoneClusterImpl-183e12c7-b939-43db-bd65-893d8fd2ea15/datanode-0/data/containers/hdds of  storage type : DISK and capacity : 104021790720
2019-06-15 11:24:41,687 INFO  volume.VolumeSet (VolumeSet.java:initializeVolumeSet(170)) - Added Volume : /opt/src/hadoop-ozone/integration-test/target/test-dir/MiniOzoneClusterImpl-183e12c7-b939-43db-bd65-893d8fd2ea15/datanode-0/data/containers/hdds to VolumeSet
2019-06-15 11:24:41,690 INFO  volume.ThrottledAsyncChecker (ThrottledAsyncChecker.java:schedule(140)) - Scheduling a check for org.apache.hadoop.ozone.container.common.volume.HddsVolume@676ff3b0
2019-06-15 11:24:41,704 INFO  volume.HddsVolumeChecker (HddsVolumeChecker.java:checkAllVolumes(203)) - Scheduled health check for volume org.apache.hadoop.ozone.container.common.volume.HddsVolume@676ff3b0
2019-06-15 11:24:41,742 INFO  ratis.XceiverServerRatis (XceiverServerRatis.java:newXceiverServerRatis(401)) - Found a free port for the server : 42699
2019-06-15 11:24:41,800 INFO  impl.RaftServerProxy (ConfUtils.java:logGet(43)) - raft.rpc.type = GRPC (default)
2019-06-15 11:24:41,809 INFO  grpc.GrpcConfigKeys$Server (ConfUtils.java:logGet(43)) - raft.grpc.server.port = 42699 (custom)
2019-06-15 11:24:41,810 INFO  server.GrpcService (ConfUtils.java:logGet(43)) - raft.grpc.message.size.max = 33570816 (custom)
2019-06-15 11:24:41,811 INFO  server.RaftServerConfigKeys (ConfUtils.java:logGet(43)) - raft.server.log.appender.buffer.byte-limit = 33554432 (custom)
2019-06-15 11:24:41,812 INFO  server.GrpcService (ConfUtils.java:logGet(43)) - raft.grpc.flow.control.window = 1MB (=1048576) (default)
2019-06-15 11:24:41,813 INFO  server.RaftServerConfigKeys (ConfUtils.java:logGet(43)) - raft.server.rpc.request.timeout = 3000ms (default)
2019-06-15 11:24:41,943 INFO  server.RaftServerConfigKeys (ConfUtils.java:logGet(43)) - raft.server.storage.dir = [/opt/src/hadoop-ozone/integration-test/target/test-dir/MiniOzoneClusterImpl-183e12c7-b939-43db-bd65-893d8fd2ea15/datanode-0/data/ratis] (custom)
2019-06-15 11:24:41,951 INFO  server.XceiverServerGrpc (XceiverServerGrpc.java:<init>(97)) - Found a free port for the server : 35067
2019-06-15 11:24:41,976 INFO  replication.SimpleContainerDownloader (SimpleContainerDownloader.java:<init>(72)) - Starting container downloader service to copy containers to replicate.
2019-06-15 11:24:41,996 INFO  hdfs.DFSUtil (DFSUtil.java:httpServerTemplateForNNAndJN(1641)) - Starting Web-server for hddsDatanode at: http://0.0.0.0:0
2019-06-15 11:24:41,997 INFO  server.AuthenticationFilter (AuthenticationFilter.java:constructSecretProvider(240)) - Unable to initialize FileSignerSecretProvider, falling back to use random secrets.
2019-06-15 11:24:41,998 WARN  http.HttpRequestLog (HttpRequestLog.java:getRequestLog(97)) - Jetty request log can only be enabled using Log4j
2019-06-15 11:24:42,000 INFO  http.HttpServer2 (HttpServer2.java:addGlobalFilter(975)) - Added global filter 'safety' (class=org.apache.hadoop.http.HttpServer2$QuotingInputFilter)
2019-06-15 11:24:42,000 INFO  http.HttpServer2 (HttpServer2.java:addFilter(948)) - Added filter static_user_filter (class=org.apache.hadoop.http.lib.StaticUserWebFilter$StaticUserFilter) to context hddsDatanode
2019-06-15 11:24:42,000 INFO  http.HttpServer2 (HttpServer2.java:addFilter(958)) - Added filter static_user_filter (class=org.apache.hadoop.http.lib.StaticUserWebFilter$StaticUserFilter) to context logs
2019-06-15 11:24:42,001 INFO  http.HttpServer2 (HttpServer2.java:addFilter(958)) - Added filter static_user_filter (class=org.apache.hadoop.http.lib.StaticUserWebFilter$StaticUserFilter) to context static
2019-06-15 11:24:42,001 INFO  http.HttpServer2 (HttpServer2.java:bindListener(1191)) - Jetty bound to port 35859
2019-06-15 11:24:42,002 INFO  server.Server (Server.java:doStart(351)) - jetty-9.3.24.v20180605, build timestamp: 2018-06-05T17:11:56Z, git hash: 84205aa28f11a4f31f2a3b86d1bba2cc8ab69827
2019-06-15 11:24:42,039 INFO  handler.ContextHandler (ContextHandler.java:doStart(781)) - Started o.e.j.s.ServletContextHandler@ebd06a9{/logs,file:///opt/src/hadoop-ozone/integration-test/target/log,AVAILABLE}
2019-06-15 11:24:42,040 INFO  handler.ContextHandler (ContextHandler.java:doStart(781)) - Started o.e.j.s.ServletContextHandler@4cdb8504{/static,jar:file:/home/user/.m2/repository/org/apache/hadoop/hadoop-hdds-container-service/0.5.0-SNAPSHOT/hadoop-hdds-container-service-0.5.0-SNAPSHOT.jar!/webapps/static,AVAILABLE}
2019-06-15 11:24:42,109 INFO  handler.ContextHandler (ContextHandler.java:doStart(781)) - Started o.e.j.w.WebAppContext@126f1ba8{/,file:///tmp/jetty-0.0.0.0-35859-hddsDatanode-_-any-8294516956787228499.dir/webapp/,AVAILABLE}{/hddsDatanode}
2019-06-15 11:24:42,112 INFO  server.AbstractConnector (AbstractConnector.java:doStart(278)) - Started ServerConnector@5bbbc9be{HTTP/1.1,[http/1.1]}{0.0.0.0:35859}
2019-06-15 11:24:42,112 INFO  server.Server (Server.java:doStart(419)) - Started @6413ms
2019-06-15 11:24:42,113 INFO  server.BaseHttpServer (BaseHttpServer.java:updateConnectorAddress(207)) - HTTP server of HDDSDATANODE is listening at http://0.0.0.0:35859
2019-06-15 11:24:43,413 INFO  ozone.HddsDatanodeService (HddsDatanodeService.java:startPlugins(396)) - Started plug-in org.apache.hadoop.ozone.web.OzoneHddsDatanodeService@4e245739
2019-06-15 11:24:43,418 INFO  impl.MetricsSystemImpl (MetricsSystemImpl.java:init(158)) - HddsDatanode metrics system started (again)
2019-06-15 11:24:43,423 INFO  ozone.HddsDatanodeService (HddsDatanodeService.java:start(185)) - HddsDatanodeService host:ozone-unit-076618677d3-mp878-3497958072 ip:192.168.134.95
2019-06-15 11:24:43,458 INFO  volume.HddsVolume (HddsVolume.java:<init>(176)) - Creating Volume: /opt/src/hadoop-ozone/integration-test/target/test-dir/MiniOzoneClusterImpl-183e12c7-b939-43db-bd65-893d8fd2ea15/datanode-1/data/containers/hdds of  storage type : DISK and capacity : 104021790720
2019-06-15 11:24:43,458 INFO  volume.VolumeSet (VolumeSet.java:initializeVolumeSet(170)) - Added Volume : /opt/src/hadoop-ozone/integration-test/target/test-dir/MiniOzoneClusterImpl-183e12c7-b939-43db-bd65-893d8fd2ea15/datanode-1/data/containers/hdds to VolumeSet
2019-06-15 11:24:43,459 INFO  volume.ThrottledAsyncChecker (ThrottledAsyncChecker.java:schedule(140)) - Scheduling a check for org.apache.hadoop.ozone.container.common.volume.HddsVolume@637791d
2019-06-15 11:24:43,460 INFO  volume.HddsVolumeChecker (HddsVolumeChecker.java:checkAllVolumes(203)) - Scheduled health check for volume org.apache.hadoop.ozone.container.common.volume.HddsVolume@637791d
2019-06-15 11:24:43,478 INFO  util.JvmPauseMonitor (JvmPauseMonitor.java:run(188)) - Starting JVM pause monitor
2019-06-15 11:24:43,490 INFO  ratis.XceiverServerRatis (XceiverServerRatis.java:newXceiverServerRatis(401)) - Found a free port for the server : 33621
2019-06-15 11:24:43,491 INFO  impl.RaftServerProxy (ConfUtils.java:logGet(43)) - raft.rpc.type = GRPC (default)
2019-06-15 11:24:43,494 INFO  grpc.GrpcConfigKeys$Server (ConfUtils.java:logGet(43)) - raft.grpc.server.port = 33621 (custom)
2019-06-15 11:24:43,494 INFO  server.GrpcService (ConfUtils.java:logGet(43)) - raft.grpc.message.size.max = 33570816 (custom)
2019-06-15 11:24:43,495 INFO  server.RaftServerConfigKeys (ConfUtils.java:logGet(43)) - raft.server.log.appender.buffer.byte-limit = 33554432 (custom)
2019-06-15 11:24:43,495 INFO  server.GrpcService (ConfUtils.java:logGet(43)) - raft.grpc.flow.control.window = 1MB (=1048576) (default)
2019-06-15 11:24:43,495 INFO  server.RaftServerConfigKeys (ConfUtils.java:logGet(43)) - raft.server.rpc.request.timeout = 3000ms (default)
2019-06-15 11:24:43,496 INFO  server.RaftServerConfigKeys (ConfUtils.java:logGet(43)) - raft.server.storage.dir = [/opt/src/hadoop-ozone/integration-test/target/test-dir/MiniOzoneClusterImpl-183e12c7-b939-43db-bd65-893d8fd2ea15/datanode-1/data/ratis] (custom)
2019-06-15 11:24:43,496 INFO  server.XceiverServerGrpc (XceiverServerGrpc.java:<init>(97)) - Found a free port for the server : 46717
2019-06-15 11:24:43,496 INFO  replication.SimpleContainerDownloader (SimpleContainerDownloader.java:<init>(72)) - Starting container downloader service to copy containers to replicate.
2019-06-15 11:24:43,506 INFO  hdfs.DFSUtil (DFSUtil.java:httpServerTemplateForNNAndJN(1641)) - Starting Web-server for hddsDatanode at: http://0.0.0.0:0
2019-06-15 11:24:43,507 INFO  server.AuthenticationFilter (AuthenticationFilter.java:constructSecretProvider(240)) - Unable to initialize FileSignerSecretProvider, falling back to use random secrets.
2019-06-15 11:24:43,508 WARN  http.HttpRequestLog (HttpRequestLog.java:getRequestLog(97)) - Jetty request log can only be enabled using Log4j
2019-06-15 11:24:43,509 INFO  http.HttpServer2 (HttpServer2.java:addGlobalFilter(975)) - Added global filter 'safety' (class=org.apache.hadoop.http.HttpServer2$QuotingInputFilter)
2019-06-15 11:24:43,510 INFO  http.HttpServer2 (HttpServer2.java:addFilter(948)) - Added filter static_user_filter (class=org.apache.hadoop.http.lib.StaticUserWebFilter$StaticUserFilter) to context hddsDatanode
2019-06-15 11:24:43,510 INFO  http.HttpServer2 (HttpServer2.java:addFilter(958)) - Added filter static_user_filter (class=org.apache.hadoop.http.lib.StaticUserWebFilter$StaticUserFilter) to context logs
2019-06-15 11:24:43,510 INFO  http.HttpServer2 (HttpServer2.java:addFilter(958)) - Added filter static_user_filter (class=org.apache.hadoop.http.lib.StaticUserWebFilter$StaticUserFilter) to context static
2019-06-15 11:24:43,511 INFO  http.HttpServer2 (HttpServer2.java:bindListener(1191)) - Jetty bound to port 36427
2019-06-15 11:24:43,511 INFO  server.Server (Server.java:doStart(351)) - jetty-9.3.24.v20180605, build timestamp: 2018-06-05T17:11:56Z, git hash: 84205aa28f11a4f31f2a3b86d1bba2cc8ab69827
2019-06-15 11:24:43,520 INFO  handler.ContextHandler (ContextHandler.java:doStart(781)) - Started o.e.j.s.ServletContextHandler@3946075{/logs,file:///opt/src/hadoop-ozone/integration-test/target/log,AVAILABLE}
2019-06-15 11:24:43,521 INFO  handler.ContextHandler (ContextHandler.java:doStart(781)) - Started o.e.j.s.ServletContextHandler@2ac519dc{/static,jar:file:/home/user/.m2/repository/org/apache/hadoop/hadoop-hdds-container-service/0.5.0-SNAPSHOT/hadoop-hdds-container-service-0.5.0-SNAPSHOT.jar!/webapps/static,AVAILABLE}
2019-06-15 11:24:43,569 INFO  handler.ContextHandler (ContextHandler.java:doStart(781)) - Started o.e.j.w.WebAppContext@322e49ee{/,file:///tmp/jetty-0.0.0.0-36427-hddsDatanode-_-any-2212363465623037868.dir/webapp/,AVAILABLE}{/hddsDatanode}
2019-06-15 11:24:43,569 INFO  server.AbstractConnector (AbstractConnector.java:doStart(278)) - Started ServerConnector@4aeb0e2b{HTTP/1.1,[http/1.1]}{0.0.0.0:36427}
2019-06-15 11:24:43,570 INFO  server.Server (Server.java:doStart(419)) - Started @7870ms
2019-06-15 11:24:43,590 INFO  server.BaseHttpServer (BaseHttpServer.java:updateConnectorAddress(207)) - HTTP server of HDDSDATANODE is listening at http://0.0.0.0:36427
2019-06-15 11:24:43,706 INFO  datanode.InitDatanodeState (InitDatanodeState.java:persistContainerDatanodeDetails(140)) - DatanodeDetails is persisted to /opt/src/hadoop-ozone/integration-test/target/test-dir/MiniOzoneClusterImpl-183e12c7-b939-43db-bd65-893d8fd2ea15/datanode-0/meta/datanode.id
2019-06-15 11:24:44,046 INFO  ozone.HddsDatanodeService (HddsDatanodeService.java:startPlugins(396)) - Started plug-in org.apache.hadoop.ozone.web.OzoneHddsDatanodeService@74667e6a
2019-06-15 11:24:44,052 INFO  impl.MetricsSystemImpl (MetricsSystemImpl.java:init(158)) - HddsDatanode metrics system started (again)
2019-06-15 11:24:44,057 INFO  ozone.HddsDatanodeService (HddsDatanodeService.java:start(185)) - HddsDatanodeService host:ozone-unit-076618677d3-mp878-3497958072 ip:192.168.134.95
2019-06-15 11:24:44,091 INFO  util.JvmPauseMonitor (JvmPauseMonitor.java:run(188)) - Starting JVM pause monitor
2019-06-15 11:24:44,119 INFO  datanode.InitDatanodeState (InitDatanodeState.java:persistContainerDatanodeDetails(140)) - DatanodeDetails is persisted to /opt/src/hadoop-ozone/integration-test/target/test-dir/MiniOzoneClusterImpl-183e12c7-b939-43db-bd65-893d8fd2ea15/datanode-1/meta/datanode.id
2019-06-15 11:24:44,121 INFO  volume.HddsVolume (HddsVolume.java:<init>(176)) - Creating Volume: /opt/src/hadoop-ozone/integration-test/target/test-dir/MiniOzoneClusterImpl-183e12c7-b939-43db-bd65-893d8fd2ea15/datanode-2/data/containers/hdds of  storage type : DISK and capacity : 104021790720
2019-06-15 11:24:44,121 INFO  volume.VolumeSet (VolumeSet.java:initializeVolumeSet(170)) - Added Volume : /opt/src/hadoop-ozone/integration-test/target/test-dir/MiniOzoneClusterImpl-183e12c7-b939-43db-bd65-893d8fd2ea15/datanode-2/data/containers/hdds to VolumeSet
2019-06-15 11:24:44,122 INFO  volume.ThrottledAsyncChecker (ThrottledAsyncChecker.java:schedule(140)) - Scheduling a check for org.apache.hadoop.ozone.container.common.volume.HddsVolume@13d019a4
2019-06-15 11:24:44,135 INFO  volume.HddsVolumeChecker (HddsVolumeChecker.java:checkAllVolumes(203)) - Scheduled health check for volume org.apache.hadoop.ozone.container.common.volume.HddsVolume@13d019a4
2019-06-15 11:24:44,153 INFO  ratis.XceiverServerRatis (XceiverServerRatis.java:newXceiverServerRatis(401)) - Found a free port for the server : 35673
2019-06-15 11:24:44,155 INFO  impl.RaftServerProxy (ConfUtils.java:logGet(43)) - raft.rpc.type = GRPC (default)
2019-06-15 11:24:44,155 INFO  grpc.GrpcConfigKeys$Server (ConfUtils.java:logGet(43)) - raft.grpc.server.port = 35673 (custom)
2019-06-15 11:24:44,155 INFO  server.GrpcService (ConfUtils.java:logGet(43)) - raft.grpc.message.size.max = 33570816 (custom)
2019-06-15 11:24:44,155 INFO  server.RaftServerConfigKeys (ConfUtils.java:logGet(43)) - raft.server.log.appender.buffer.byte-limit = 33554432 (custom)
2019-06-15 11:24:44,156 INFO  server.GrpcService (ConfUtils.java:logGet(43)) - raft.grpc.flow.control.window = 1MB (=1048576) (default)
2019-06-15 11:24:44,156 INFO  server.RaftServerConfigKeys (ConfUtils.java:logGet(43)) - raft.server.rpc.request.timeout = 3000ms (default)
2019-06-15 11:24:44,156 INFO  server.RaftServerConfigKeys (ConfUtils.java:logGet(43)) - raft.server.storage.dir = [/opt/src/hadoop-ozone/integration-test/target/test-dir/MiniOzoneClusterImpl-183e12c7-b939-43db-bd65-893d8fd2ea15/datanode-2/data/ratis] (custom)
2019-06-15 11:24:44,157 INFO  server.XceiverServerGrpc (XceiverServerGrpc.java:<init>(97)) - Found a free port for the server : 45845
2019-06-15 11:24:44,157 INFO  replication.SimpleContainerDownloader (SimpleContainerDownloader.java:<init>(72)) - Starting container downloader service to copy containers to replicate.
2019-06-15 11:24:44,161 INFO  hdfs.DFSUtil (DFSUtil.java:httpServerTemplateForNNAndJN(1641)) - Starting Web-server for hddsDatanode at: http://0.0.0.0:0
2019-06-15 11:24:44,162 INFO  server.AuthenticationFilter (AuthenticationFilter.java:constructSecretProvider(240)) - Unable to initialize FileSignerSecretProvider, falling back to use random secrets.
2019-06-15 11:24:44,163 WARN  http.HttpRequestLog (HttpRequestLog.java:getRequestLog(97)) - Jetty request log can only be enabled using Log4j
2019-06-15 11:24:44,165 INFO  http.HttpServer2 (HttpServer2.java:addGlobalFilter(975)) - Added global filter 'safety' (class=org.apache.hadoop.http.HttpServer2$QuotingInputFilter)
2019-06-15 11:24:44,165 INFO  http.HttpServer2 (HttpServer2.java:addFilter(948)) - Added filter static_user_filter (class=org.apache.hadoop.http.lib.StaticUserWebFilter$StaticUserFilter) to context hddsDatanode
2019-06-15 11:24:44,166 INFO  http.HttpServer2 (HttpServer2.java:addFilter(958)) - Added filter static_user_filter (class=org.apache.hadoop.http.lib.StaticUserWebFilter$StaticUserFilter) to context static
2019-06-15 11:24:44,166 INFO  http.HttpServer2 (HttpServer2.java:addFilter(958)) - Added filter static_user_filter (class=org.apache.hadoop.http.lib.StaticUserWebFilter$StaticUserFilter) to context logs
2019-06-15 11:24:44,167 INFO  http.HttpServer2 (HttpServer2.java:bindListener(1191)) - Jetty bound to port 36929
2019-06-15 11:24:44,167 INFO  server.Server (Server.java:doStart(351)) - jetty-9.3.24.v20180605, build timestamp: 2018-06-05T17:11:56Z, git hash: 84205aa28f11a4f31f2a3b86d1bba2cc8ab69827
2019-06-15 11:24:44,184 INFO  handler.ContextHandler (ContextHandler.java:doStart(781)) - Started o.e.j.s.ServletContextHandler@49edcb30{/logs,file:///opt/src/hadoop-ozone/integration-test/target/log,AVAILABLE}
2019-06-15 11:24:44,184 INFO  handler.ContextHandler (ContextHandler.java:doStart(781)) - Started o.e.j.s.ServletContextHandler@61e86192{/static,jar:file:/home/user/.m2/repository/org/apache/hadoop/hadoop-hdds-container-service/0.5.0-SNAPSHOT/hadoop-hdds-container-service-0.5.0-SNAPSHOT.jar!/webapps/static,AVAILABLE}
2019-06-15 11:24:44,214 INFO  handler.ContextHandler (ContextHandler.java:doStart(781)) - Started o.e.j.w.WebAppContext@5b251fb9{/,file:///tmp/jetty-0.0.0.0-36929-hddsDatanode-_-any-3460041853668630801.dir/webapp/,AVAILABLE}{/hddsDatanode}
2019-06-15 11:24:44,214 INFO  server.AbstractConnector (AbstractConnector.java:doStart(278)) - Started ServerConnector@67d4c48d{HTTP/1.1,[http/1.1]}{0.0.0.0:36929}
2019-06-15 11:24:44,215 INFO  server.Server (Server.java:doStart(419)) - Started @8515ms
2019-06-15 11:24:44,216 INFO  server.BaseHttpServer (BaseHttpServer.java:updateConnectorAddress(207)) - HTTP server of HDDSDATANODE is listening at http://0.0.0.0:36929
2019-06-15 11:24:44,394 INFO  ozone.HddsDatanodeService (HddsDatanodeService.java:startPlugins(396)) - Started plug-in org.apache.hadoop.ozone.web.OzoneHddsDatanodeService@7c1503a3
2019-06-15 11:24:44,394 INFO  impl.MetricsSystemImpl (MetricsSystemImpl.java:init(158)) - HddsDatanode metrics system started (again)
2019-06-15 11:24:44,395 INFO  ozone.HddsDatanodeService (HddsDatanodeService.java:start(185)) - HddsDatanodeService host:ozone-unit-076618677d3-mp878-3497958072 ip:192.168.134.95
2019-06-15 11:24:44,414 INFO  util.JvmPauseMonitor (JvmPauseMonitor.java:run(188)) - Starting JVM pause monitor
2019-06-15 11:24:44,416 INFO  volume.HddsVolume (HddsVolume.java:<init>(176)) - Creating Volume: /opt/src/hadoop-ozone/integration-test/target/test-dir/MiniOzoneClusterImpl-183e12c7-b939-43db-bd65-893d8fd2ea15/datanode-3/data/containers/hdds of  storage type : DISK and capacity : 104021790720
2019-06-15 11:24:44,416 INFO  volume.VolumeSet (VolumeSet.java:initializeVolumeSet(170)) - Added Volume : /opt/src/hadoop-ozone/integration-test/target/test-dir/MiniOzoneClusterImpl-183e12c7-b939-43db-bd65-893d8fd2ea15/datanode-3/data/containers/hdds to VolumeSet
2019-06-15 11:24:44,417 INFO  volume.ThrottledAsyncChecker (ThrottledAsyncChecker.java:schedule(140)) - Scheduling a check for org.apache.hadoop.ozone.container.common.volume.HddsVolume@3f857e08
2019-06-15 11:24:44,419 INFO  datanode.InitDatanodeState (InitDatanodeState.java:persistContainerDatanodeDetails(140)) - DatanodeDetails is persisted to /opt/src/hadoop-ozone/integration-test/target/test-dir/MiniOzoneClusterImpl-183e12c7-b939-43db-bd65-893d8fd2ea15/datanode-2/meta/datanode.id
2019-06-15 11:24:44,420 INFO  volume.HddsVolumeChecker (HddsVolumeChecker.java:checkAllVolumes(203)) - Scheduled health check for volume org.apache.hadoop.ozone.container.common.volume.HddsVolume@3f857e08
2019-06-15 11:24:44,436 INFO  ratis.XceiverServerRatis (XceiverServerRatis.java:newXceiverServerRatis(401)) - Found a free port for the server : 34907
2019-06-15 11:24:44,437 INFO  impl.RaftServerProxy (ConfUtils.java:logGet(43)) - raft.rpc.type = GRPC (default)
2019-06-15 11:24:44,438 INFO  grpc.GrpcConfigKeys$Server (ConfUtils.java:logGet(43)) - raft.grpc.server.port = 34907 (custom)
2019-06-15 11:24:44,438 INFO  server.GrpcService (ConfUtils.java:logGet(43)) - raft.grpc.message.size.max = 33570816 (custom)
2019-06-15 11:24:44,438 INFO  server.RaftServerConfigKeys (ConfUtils.java:logGet(43)) - raft.server.log.appender.buffer.byte-limit = 33554432 (custom)
2019-06-15 11:24:44,438 INFO  server.GrpcService (ConfUtils.java:logGet(43)) - raft.grpc.flow.control.window = 1MB (=1048576) (default)
2019-06-15 11:24:44,438 INFO  server.RaftServerConfigKeys (ConfUtils.java:logGet(43)) - raft.server.rpc.request.timeout = 3000ms (default)
2019-06-15 11:24:44,439 INFO  server.RaftServerConfigKeys (ConfUtils.java:logGet(43)) - raft.server.storage.dir = [/opt/src/hadoop-ozone/integration-test/target/test-dir/MiniOzoneClusterImpl-183e12c7-b939-43db-bd65-893d8fd2ea15/datanode-3/data/ratis] (custom)
2019-06-15 11:24:44,439 INFO  server.XceiverServerGrpc (XceiverServerGrpc.java:<init>(97)) - Found a free port for the server : 38237
2019-06-15 11:24:44,440 INFO  replication.SimpleContainerDownloader (SimpleContainerDownloader.java:<init>(72)) - Starting container downloader service to copy containers to replicate.
2019-06-15 11:24:44,440 INFO  hdfs.DFSUtil (DFSUtil.java:httpServerTemplateForNNAndJN(1641)) - Starting Web-server for hddsDatanode at: http://0.0.0.0:0
2019-06-15 11:24:44,441 INFO  server.AuthenticationFilter (AuthenticationFilter.java:constructSecretProvider(240)) - Unable to initialize FileSignerSecretProvider, falling back to use random secrets.
2019-06-15 11:24:44,442 WARN  http.HttpRequestLog (HttpRequestLog.java:getRequestLog(97)) - Jetty request log can only be enabled using Log4j
2019-06-15 11:24:44,444 INFO  http.HttpServer2 (HttpServer2.java:addGlobalFilter(975)) - Added global filter 'safety' (class=org.apache.hadoop.http.HttpServer2$QuotingInputFilter)
2019-06-15 11:24:44,444 INFO  http.HttpServer2 (HttpServer2.java:addFilter(948)) - Added filter static_user_filter (class=org.apache.hadoop.http.lib.StaticUserWebFilter$StaticUserFilter) to context hddsDatanode
2019-06-15 11:24:44,445 INFO  http.HttpServer2 (HttpServer2.java:addFilter(958)) - Added filter static_user_filter (class=org.apache.hadoop.http.lib.StaticUserWebFilter$StaticUserFilter) to context static
2019-06-15 11:24:44,445 INFO  http.HttpServer2 (HttpServer2.java:addFilter(958)) - Added filter static_user_filter (class=org.apache.hadoop.http.lib.StaticUserWebFilter$StaticUserFilter) to context logs
2019-06-15 11:24:44,446 INFO  http.HttpServer2 (HttpServer2.java:bindListener(1191)) - Jetty bound to port 38047
2019-06-15 11:24:44,446 INFO  server.Server (Server.java:doStart(351)) - jetty-9.3.24.v20180605, build timestamp: 2018-06-05T17:11:56Z, git hash: 84205aa28f11a4f31f2a3b86d1bba2cc8ab69827
2019-06-15 11:24:44,454 INFO  handler.ContextHandler (ContextHandler.java:doStart(781)) - Started o.e.j.s.ServletContextHandler@191c6e13{/logs,file:///opt/src/hadoop-ozone/integration-test/target/log,AVAILABLE}
2019-06-15 11:24:44,455 INFO  handler.ContextHandler (ContextHandler.java:doStart(781)) - Started o.e.j.s.ServletContextHandler@1a8e9ed9{/static,jar:file:/home/user/.m2/repository/org/apache/hadoop/hadoop-hdds-container-service/0.5.0-SNAPSHOT/hadoop-hdds-container-service-0.5.0-SNAPSHOT.jar!/webapps/static,AVAILABLE}
2019-06-15 11:24:44,491 INFO  handler.ContextHandler (ContextHandler.java:doStart(781)) - Started o.e.j.w.WebAppContext@cc9ef8d{/,file:///tmp/jetty-0.0.0.0-38047-hddsDatanode-_-any-7650266195028694028.dir/webapp/,AVAILABLE}{/hddsDatanode}
2019-06-15 11:24:44,491 INFO  server.AbstractConnector (AbstractConnector.java:doStart(278)) - Started ServerConnector@14b528b6{HTTP/1.1,[http/1.1]}{0.0.0.0:38047}
2019-06-15 11:24:44,492 INFO  server.Server (Server.java:doStart(419)) - Started @8792ms
2019-06-15 11:24:44,498 INFO  server.BaseHttpServer (BaseHttpServer.java:updateConnectorAddress(207)) - HTTP server of HDDSDATANODE is listening at http://0.0.0.0:38047
2019-06-15 11:24:44,666 INFO  ozone.HddsDatanodeService (HddsDatanodeService.java:startPlugins(396)) - Started plug-in org.apache.hadoop.ozone.web.OzoneHddsDatanodeService@6cbb7a7d
2019-06-15 11:24:44,666 INFO  impl.MetricsSystemImpl (MetricsSystemImpl.java:init(158)) - HddsDatanode metrics system started (again)
2019-06-15 11:24:44,666 INFO  ozone.HddsDatanodeService (HddsDatanodeService.java:start(185)) - HddsDatanodeService host:ozone-unit-076618677d3-mp878-3497958072 ip:192.168.134.95
2019-06-15 11:24:44,694 INFO  volume.HddsVolume (HddsVolume.java:<init>(176)) - Creating Volume: /opt/src/hadoop-ozone/integration-test/target/test-dir/MiniOzoneClusterImpl-183e12c7-b939-43db-bd65-893d8fd2ea15/datanode-4/data/containers/hdds of  storage type : DISK and capacity : 104021790720
2019-06-15 11:24:44,694 INFO  volume.VolumeSet (VolumeSet.java:initializeVolumeSet(170)) - Added Volume : /opt/src/hadoop-ozone/integration-test/target/test-dir/MiniOzoneClusterImpl-183e12c7-b939-43db-bd65-893d8fd2ea15/datanode-4/data/containers/hdds to VolumeSet
2019-06-15 11:24:44,694 INFO  volume.ThrottledAsyncChecker (ThrottledAsyncChecker.java:schedule(140)) - Scheduling a check for org.apache.hadoop.ozone.container.common.volume.HddsVolume@65cc5252
2019-06-15 11:24:44,720 INFO  volume.HddsVolumeChecker (HddsVolumeChecker.java:checkAllVolumes(203)) - Scheduled health check for volume org.apache.hadoop.ozone.container.common.volume.HddsVolume@65cc5252
2019-06-15 11:24:44,738 INFO  util.JvmPauseMonitor (JvmPauseMonitor.java:run(188)) - Starting JVM pause monitor
2019-06-15 11:24:44,740 INFO  datanode.InitDatanodeState (InitDatanodeState.java:persistContainerDatanodeDetails(140)) - DatanodeDetails is persisted to /opt/src/hadoop-ozone/integration-test/target/test-dir/MiniOzoneClusterImpl-183e12c7-b939-43db-bd65-893d8fd2ea15/datanode-3/meta/datanode.id
2019-06-15 11:24:44,758 INFO  ratis.XceiverServerRatis (XceiverServerRatis.java:newXceiverServerRatis(401)) - Found a free port for the server : 34889
2019-06-15 11:24:44,759 INFO  impl.RaftServerProxy (ConfUtils.java:logGet(43)) - raft.rpc.type = GRPC (default)
2019-06-15 11:24:44,759 INFO  grpc.GrpcConfigKeys$Server (ConfUtils.java:logGet(43)) - raft.grpc.server.port = 34889 (custom)
2019-06-15 11:24:44,759 INFO  server.GrpcService (ConfUtils.java:logGet(43)) - raft.grpc.message.size.max = 33570816 (custom)
2019-06-15 11:24:44,760 INFO  server.RaftServerConfigKeys (ConfUtils.java:logGet(43)) - raft.server.log.appender.buffer.byte-limit = 33554432 (custom)
2019-06-15 11:24:44,760 INFO  server.GrpcService (ConfUtils.java:logGet(43)) - raft.grpc.flow.control.window = 1MB (=1048576) (default)
2019-06-15 11:24:44,760 INFO  server.RaftServerConfigKeys (ConfUtils.java:logGet(43)) - raft.server.rpc.request.timeout = 3000ms (default)
2019-06-15 11:24:44,760 INFO  server.RaftServerConfigKeys (ConfUtils.java:logGet(43)) - raft.server.storage.dir = [/opt/src/hadoop-ozone/integration-test/target/test-dir/MiniOzoneClusterImpl-183e12c7-b939-43db-bd65-893d8fd2ea15/datanode-4/data/ratis] (custom)
2019-06-15 11:24:44,761 INFO  server.XceiverServerGrpc (XceiverServerGrpc.java:<init>(97)) - Found a free port for the server : 35639
2019-06-15 11:24:44,761 INFO  replication.SimpleContainerDownloader (SimpleContainerDownloader.java:<init>(72)) - Starting container downloader service to copy containers to replicate.
2019-06-15 11:24:44,762 INFO  hdfs.DFSUtil (DFSUtil.java:httpServerTemplateForNNAndJN(1641)) - Starting Web-server for hddsDatanode at: http://0.0.0.0:0
2019-06-15 11:24:44,771 INFO  server.AuthenticationFilter (AuthenticationFilter.java:constructSecretProvider(240)) - Unable to initialize FileSignerSecretProvider, falling back to use random secrets.
2019-06-15 11:24:44,774 WARN  http.HttpRequestLog (HttpRequestLog.java:getRequestLog(97)) - Jetty request log can only be enabled using Log4j
2019-06-15 11:24:44,776 INFO  http.HttpServer2 (HttpServer2.java:addGlobalFilter(975)) - Added global filter 'safety' (class=org.apache.hadoop.http.HttpServer2$QuotingInputFilter)
2019-06-15 11:24:44,776 INFO  http.HttpServer2 (HttpServer2.java:addFilter(948)) - Added filter static_user_filter (class=org.apache.hadoop.http.lib.StaticUserWebFilter$StaticUserFilter) to context hddsDatanode
2019-06-15 11:24:44,776 INFO  http.HttpServer2 (HttpServer2.java:addFilter(958)) - Added filter static_user_filter (class=org.apache.hadoop.http.lib.StaticUserWebFilter$StaticUserFilter) to context static
2019-06-15 11:24:44,776 INFO  http.HttpServer2 (HttpServer2.java:addFilter(958)) - Added filter static_user_filter (class=org.apache.hadoop.http.lib.StaticUserWebFilter$StaticUserFilter) to context logs
2019-06-15 11:24:44,778 INFO  http.HttpServer2 (HttpServer2.java:bindListener(1191)) - Jetty bound to port 36737
2019-06-15 11:24:44,778 INFO  server.Server (Server.java:doStart(351)) - jetty-9.3.24.v20180605, build timestamp: 2018-06-05T17:11:56Z, git hash: 84205aa28f11a4f31f2a3b86d1bba2cc8ab69827
2019-06-15 11:24:44,826 INFO  handler.ContextHandler (ContextHandler.java:doStart(781)) - Started o.e.j.s.ServletContextHandler@6094de13{/logs,file:///opt/src/hadoop-ozone/integration-test/target/log,AVAILABLE}
2019-06-15 11:24:44,837 INFO  handler.ContextHandler (ContextHandler.java:doStart(781)) - Started o.e.j.s.ServletContextHandler@3e6ec74{/static,jar:file:/home/user/.m2/repository/org/apache/hadoop/hadoop-hdds-container-service/0.5.0-SNAPSHOT/hadoop-hdds-container-service-0.5.0-SNAPSHOT.jar!/webapps/static,AVAILABLE}
2019-06-15 11:24:44,878 INFO  handler.ContextHandler (ContextHandler.java:doStart(781)) - Started o.e.j.w.WebAppContext@7d0cd23c{/,file:///tmp/jetty-0.0.0.0-36737-hddsDatanode-_-any-1962386791132313304.dir/webapp/,AVAILABLE}{/hddsDatanode}
2019-06-15 11:24:44,879 INFO  server.AbstractConnector (AbstractConnector.java:doStart(278)) - Started ServerConnector@61959d5b{HTTP/1.1,[http/1.1]}{0.0.0.0:36737}
2019-06-15 11:24:44,880 INFO  server.Server (Server.java:doStart(419)) - Started @9180ms
2019-06-15 11:24:44,882 INFO  server.BaseHttpServer (BaseHttpServer.java:updateConnectorAddress(207)) - HTTP server of HDDSDATANODE is listening at http://0.0.0.0:36737
2019-06-15 11:24:45,152 INFO  ozone.HddsDatanodeService (HddsDatanodeService.java:startPlugins(396)) - Started plug-in org.apache.hadoop.ozone.web.OzoneHddsDatanodeService@1c7f9861
2019-06-15 11:24:45,160 INFO  impl.MetricsSystemImpl (MetricsSystemImpl.java:init(158)) - HddsDatanode metrics system started (again)
2019-06-15 11:24:45,160 INFO  ozone.HddsDatanodeService (HddsDatanodeService.java:start(185)) - HddsDatanodeService host:ozone-unit-076618677d3-mp878-3497958072 ip:192.168.134.95
2019-06-15 11:24:45,196 INFO  util.JvmPauseMonitor (JvmPauseMonitor.java:run(188)) - Starting JVM pause monitor
2019-06-15 11:24:45,214 INFO  datanode.InitDatanodeState (InitDatanodeState.java:persistContainerDatanodeDetails(140)) - DatanodeDetails is persisted to /opt/src/hadoop-ozone/integration-test/target/test-dir/MiniOzoneClusterImpl-183e12c7-b939-43db-bd65-893d8fd2ea15/datanode-4/meta/datanode.id
2019-06-15 11:24:45,226 INFO  volume.HddsVolume (HddsVolume.java:<init>(176)) - Creating Volume: /opt/src/hadoop-ozone/integration-test/target/test-dir/MiniOzoneClusterImpl-183e12c7-b939-43db-bd65-893d8fd2ea15/datanode-5/data/containers/hdds of  storage type : DISK and capacity : 104021790720
2019-06-15 11:24:45,226 INFO  volume.VolumeSet (VolumeSet.java:initializeVolumeSet(170)) - Added Volume : /opt/src/hadoop-ozone/integration-test/target/test-dir/MiniOzoneClusterImpl-183e12c7-b939-43db-bd65-893d8fd2ea15/datanode-5/data/containers/hdds to VolumeSet
2019-06-15 11:24:45,227 INFO  volume.ThrottledAsyncChecker (ThrottledAsyncChecker.java:schedule(140)) - Scheduling a check for org.apache.hadoop.ozone.container.common.volume.HddsVolume@1ea930eb
2019-06-15 11:24:45,239 INFO  volume.HddsVolumeChecker (HddsVolumeChecker.java:checkAllVolumes(203)) - Scheduled health check for volume org.apache.hadoop.ozone.container.common.volume.HddsVolume@1ea930eb
2019-06-15 11:24:45,270 INFO  ratis.XceiverServerRatis (XceiverServerRatis.java:newXceiverServerRatis(401)) - Found a free port for the server : 40037
2019-06-15 11:24:45,271 INFO  impl.RaftServerProxy (ConfUtils.java:logGet(43)) - raft.rpc.type = GRPC (default)
2019-06-15 11:24:45,272 INFO  grpc.GrpcConfigKeys$Server (ConfUtils.java:logGet(43)) - raft.grpc.server.port = 40037 (custom)
2019-06-15 11:24:45,272 INFO  server.GrpcService (ConfUtils.java:logGet(43)) - raft.grpc.message.size.max = 33570816 (custom)
2019-06-15 11:24:45,272 INFO  server.RaftServerConfigKeys (ConfUtils.java:logGet(43)) - raft.server.log.appender.buffer.byte-limit = 33554432 (custom)
2019-06-15 11:24:45,272 INFO  server.GrpcService (ConfUtils.java:logGet(43)) - raft.grpc.flow.control.window = 1MB (=1048576) (default)
2019-06-15 11:24:45,272 INFO  server.RaftServerConfigKeys (ConfUtils.java:logGet(43)) - raft.server.rpc.request.timeout = 3000ms (default)
2019-06-15 11:24:45,273 INFO  server.RaftServerConfigKeys (ConfUtils.java:logGet(43)) - raft.server.storage.dir = [/opt/src/hadoop-ozone/integration-test/target/test-dir/MiniOzoneClusterImpl-183e12c7-b939-43db-bd65-893d8fd2ea15/datanode-5/data/ratis] (custom)
2019-06-15 11:24:45,273 INFO  server.XceiverServerGrpc (XceiverServerGrpc.java:<init>(97)) - Found a free port for the server : 41513
2019-06-15 11:24:45,274 INFO  replication.SimpleContainerDownloader (SimpleContainerDownloader.java:<init>(72)) - Starting container downloader service to copy containers to replicate.
2019-06-15 11:24:45,384 INFO  hdfs.DFSUtil (DFSUtil.java:httpServerTemplateForNNAndJN(1641)) - Starting Web-server for hddsDatanode at: http://0.0.0.0:0
2019-06-15 11:24:45,385 INFO  server.AuthenticationFilter (AuthenticationFilter.java:constructSecretProvider(240)) - Unable to initialize FileSignerSecretProvider, falling back to use random secrets.
2019-06-15 11:24:45,386 WARN  http.HttpRequestLog (HttpRequestLog.java:getRequestLog(97)) - Jetty request log can only be enabled using Log4j
2019-06-15 11:24:45,387 INFO  http.HttpServer2 (HttpServer2.java:addGlobalFilter(975)) - Added global filter 'safety' (class=org.apache.hadoop.http.HttpServer2$QuotingInputFilter)
2019-06-15 11:24:45,388 INFO  http.HttpServer2 (HttpServer2.java:addFilter(948)) - Added filter static_user_filter (class=org.apache.hadoop.http.lib.StaticUserWebFilter$StaticUserFilter) to context hddsDatanode
2019-06-15 11:24:45,388 INFO  http.HttpServer2 (HttpServer2.java:addFilter(958)) - Added filter static_user_filter (class=org.apache.hadoop.http.lib.StaticUserWebFilter$StaticUserFilter) to context logs
2019-06-15 11:24:45,388 INFO  http.HttpServer2 (HttpServer2.java:addFilter(958)) - Added filter static_user_filter (class=org.apache.hadoop.http.lib.StaticUserWebFilter$StaticUserFilter) to context static
2019-06-15 11:24:45,389 INFO  http.HttpServer2 (HttpServer2.java:bindListener(1191)) - Jetty bound to port 42119
2019-06-15 11:24:45,389 INFO  server.Server (Server.java:doStart(351)) - jetty-9.3.24.v20180605, build timestamp: 2018-06-05T17:11:56Z, git hash: 84205aa28f11a4f31f2a3b86d1bba2cc8ab69827
2019-06-15 11:24:45,414 INFO  handler.ContextHandler (ContextHandler.java:doStart(781)) - Started o.e.j.s.ServletContextHandler@7761e342{/logs,file:///opt/src/hadoop-ozone/integration-test/target/log,AVAILABLE}
2019-06-15 11:24:45,430 INFO  handler.ContextHandler (ContextHandler.java:doStart(781)) - Started o.e.j.s.ServletContextHandler@4eb9ae4d{/static,jar:file:/home/user/.m2/repository/org/apache/hadoop/hadoop-hdds-container-service/0.5.0-SNAPSHOT/hadoop-hdds-container-service-0.5.0-SNAPSHOT.jar!/webapps/static,AVAILABLE}
2019-06-15 11:24:45,466 INFO  handler.ContextHandler (ContextHandler.java:doStart(781)) - Started o.e.j.w.WebAppContext@781654f8{/,file:///tmp/jetty-0.0.0.0-42119-hddsDatanode-_-any-293929903358488612.dir/webapp/,AVAILABLE}{/hddsDatanode}
2019-06-15 11:24:45,472 INFO  server.AbstractConnector (AbstractConnector.java:doStart(278)) - Started ServerConnector@38c44977{HTTP/1.1,[http/1.1]}{0.0.0.0:42119}
2019-06-15 11:24:45,473 INFO  server.Server (Server.java:doStart(419)) - Started @9773ms
2019-06-15 11:24:45,473 INFO  server.BaseHttpServer (BaseHttpServer.java:updateConnectorAddress(207)) - HTTP server of HDDSDATANODE is listening at http://0.0.0.0:42119
2019-06-15 11:24:45,536 INFO  ozoneimpl.OzoneContainer (OzoneContainer.java:start(186)) - Attempting to start container services.
2019-06-15 11:24:45,545 INFO  ozoneimpl.OzoneContainer (OzoneContainer.java:startContainerScrub(160)) - Background container scrubber has been disabled by hdds.containerscrub.enabled
2019-06-15 11:24:45,545 INFO  ratis.XceiverServerRatis (XceiverServerRatis.java:start(418)) - Starting XceiverServerRatis 54656667-56fe-48a8-9c7b-7689ace0d370 at port 42699
2019-06-15 11:24:45,652 INFO  impl.RaftServerProxy (RaftServerProxy.java:lambda$start$3(299)) - 54656667-56fe-48a8-9c7b-7689ace0d370: start RPC server
2019-06-15 11:24:45,769 INFO  ozone.HddsDatanodeService (HddsDatanodeService.java:startPlugins(396)) - Started plug-in org.apache.hadoop.ozone.web.OzoneHddsDatanodeService@3e38c472
2019-06-15 11:24:45,772 INFO  ozone.MiniOzoneClusterImpl (MiniOzoneClusterImpl.java:lambda$waitForClusterToBeReady$0(142)) - Waiting for cluster to be ready. Got 0 of 6 DN Heartbeats.
2019-06-15 11:24:45,794 INFO  util.JvmPauseMonitor (JvmPauseMonitor.java:run(188)) - Starting JVM pause monitor
2019-06-15 11:24:45,810 INFO  datanode.InitDatanodeState (InitDatanodeState.java:persistContainerDatanodeDetails(140)) - DatanodeDetails is persisted to /opt/src/hadoop-ozone/integration-test/target/test-dir/MiniOzoneClusterImpl-183e12c7-b939-43db-bd65-893d8fd2ea15/datanode-5/meta/datanode.id
2019-06-15 11:24:45,883 INFO  server.GrpcService (GrpcService.java:startImpl(148)) - 54656667-56fe-48a8-9c7b-7689ace0d370: GrpcService started, listening on 0.0.0.0/0.0.0.0:42699
2019-06-15 11:24:46,110 INFO  ozoneimpl.OzoneContainer (OzoneContainer.java:start(186)) - Attempting to start container services.
2019-06-15 11:24:46,112 INFO  ozoneimpl.OzoneContainer (OzoneContainer.java:startContainerScrub(160)) - Background container scrubber has been disabled by hdds.containerscrub.enabled
2019-06-15 11:24:46,113 INFO  ratis.XceiverServerRatis (XceiverServerRatis.java:start(418)) - Starting XceiverServerRatis 8bb1ec0f-2155-4714-b47f-16dca82d9d62 at port 33621
2019-06-15 11:24:46,360 INFO  impl.RaftServerProxy (RaftServerProxy.java:lambda$start$3(299)) - 8bb1ec0f-2155-4714-b47f-16dca82d9d62: start RPC server
2019-06-15 11:24:46,379 INFO  server.GrpcService (GrpcService.java:startImpl(148)) - 8bb1ec0f-2155-4714-b47f-16dca82d9d62: GrpcService started, listening on 0.0.0.0/0.0.0.0:33621
2019-06-15 11:24:46,427 INFO  ozoneimpl.OzoneContainer (OzoneContainer.java:start(186)) - Attempting to start container services.
2019-06-15 11:24:46,429 INFO  ozoneimpl.OzoneContainer (OzoneContainer.java:startContainerScrub(160)) - Background container scrubber has been disabled by hdds.containerscrub.enabled
2019-06-15 11:24:46,429 INFO  ratis.XceiverServerRatis (XceiverServerRatis.java:start(418)) - Starting XceiverServerRatis 4481157c-7ad0-41fd-8768-5c637c4e3293 at port 35673
2019-06-15 11:24:46,497 INFO  impl.RaftServerProxy (RaftServerProxy.java:lambda$start$3(299)) - 4481157c-7ad0-41fd-8768-5c637c4e3293: start RPC server
2019-06-15 11:24:46,500 INFO  server.GrpcService (GrpcService.java:startImpl(148)) - 4481157c-7ad0-41fd-8768-5c637c4e3293: GrpcService started, listening on 0.0.0.0/0.0.0.0:35673
2019-06-15 11:24:46,745 INFO  ozoneimpl.OzoneContainer (OzoneContainer.java:start(186)) - Attempting to start container services.
2019-06-15 11:24:46,750 INFO  ozoneimpl.OzoneContainer (OzoneContainer.java:startContainerScrub(160)) - Background container scrubber has been disabled by hdds.containerscrub.enabled
2019-06-15 11:24:46,750 INFO  ratis.XceiverServerRatis (XceiverServerRatis.java:start(418)) - Starting XceiverServerRatis 222cbad4-9e48-4b3e-a974-e6c3ac42b23f at port 34907
2019-06-15 11:24:46,764 INFO  impl.RaftServerProxy (RaftServerProxy.java:lambda$start$3(299)) - 222cbad4-9e48-4b3e-a974-e6c3ac42b23f: start RPC server
2019-06-15 11:24:46,768 INFO  server.GrpcService (GrpcService.java:startImpl(148)) - 222cbad4-9e48-4b3e-a974-e6c3ac42b23f: GrpcService started, listening on 0.0.0.0/0.0.0.0:34907
2019-06-15 11:24:46,772 INFO  ozone.MiniOzoneClusterImpl (MiniOzoneClusterImpl.java:lambda$waitForClusterToBeReady$0(142)) - Waiting for cluster to be ready. Got 0 of 6 DN Heartbeats.
2019-06-15 11:24:47,203 INFO  ozoneimpl.OzoneContainer (OzoneContainer.java:start(186)) - Attempting to start container services.
2019-06-15 11:24:47,203 INFO  ozoneimpl.OzoneContainer (OzoneContainer.java:startContainerScrub(160)) - Background container scrubber has been disabled by hdds.containerscrub.enabled
2019-06-15 11:24:47,203 INFO  ratis.XceiverServerRatis (XceiverServerRatis.java:start(418)) - Starting XceiverServerRatis ab26de49-13b6-4535-b39b-8139edd8ddad at port 34889
2019-06-15 11:24:47,216 INFO  impl.RaftServerProxy (RaftServerProxy.java:lambda$start$3(299)) - ab26de49-13b6-4535-b39b-8139edd8ddad: start RPC server
2019-06-15 11:24:47,225 INFO  server.GrpcService (GrpcService.java:startImpl(148)) - ab26de49-13b6-4535-b39b-8139edd8ddad: GrpcService started, listening on 0.0.0.0/0.0.0.0:34889
2019-06-15 11:24:47,489 INFO  net.NetworkTopology (NetworkTopologyImpl.java:add(109)) - Added a new node: /default-rack/192.168.134.95
2019-06-15 11:24:47,490 INFO  node.SCMNodeManager (SCMNodeManager.java:register(269)) - Registered Data node : 54656667-56fe-48a8-9c7b-7689ace0d370{ip: 192.168.134.95, host: ozone-unit-076618677d3-mp878-3497958072, networkLocation: /default-rack, certSerialId: null}
2019-06-15 11:24:47,506 INFO  safemode.SCMSafeModeManager (DataNodeSafeModeRule.java:process(71)) - SCM in safe mode. 1 DataNodes registered, 1 required.
2019-06-15 11:24:47,506 INFO  safemode.SCMSafeModeManager (SCMSafeModeManager.java:validateSafeModeExitRules(177)) - ScmSafeModeManager, all rules are successfully validated
2019-06-15 11:24:47,507 INFO  safemode.SCMSafeModeManager (SCMSafeModeManager.java:exitSafeMode(193)) - SCM exiting safe mode.
2019-06-15 11:24:47,772 INFO  ozone.MiniOzoneClusterImpl (MiniOzoneClusterImpl.java:lambda$waitForClusterToBeReady$0(142)) - Waiting for cluster to be ready. Got 1 of 6 DN Heartbeats.
2019-06-15 11:24:47,821 INFO  ozoneimpl.OzoneContainer (OzoneContainer.java:start(186)) - Attempting to start container services.
2019-06-15 11:24:47,821 INFO  ozoneimpl.OzoneContainer (OzoneContainer.java:startContainerScrub(160)) - Background container scrubber has been disabled by hdds.containerscrub.enabled
2019-06-15 11:24:47,821 INFO  ratis.XceiverServerRatis (XceiverServerRatis.java:start(418)) - Starting XceiverServerRatis 0bb5789c-9972-4389-9a3c-260c06dc843d at port 40037
2019-06-15 11:24:48,006 INFO  impl.RaftServerProxy (RaftServerProxy.java:lambda$start$3(299)) - 0bb5789c-9972-4389-9a3c-260c06dc843d: start RPC server
2019-06-15 11:24:48,016 INFO  server.GrpcService (GrpcService.java:startImpl(148)) - 0bb5789c-9972-4389-9a3c-260c06dc843d: GrpcService started, listening on 0.0.0.0/0.0.0.0:40037
2019-06-15 11:24:48,107 INFO  node.SCMNodeManager (SCMNodeManager.java:register(269)) - Registered Data node : 8bb1ec0f-2155-4714-b47f-16dca82d9d62{ip: 192.168.134.95, host: ozone-unit-076618677d3-mp878-3497958072, networkLocation: /default-rack, certSerialId: null}
2019-06-15 11:24:48,406 INFO  impl.RaftServerProxy (RaftServerProxy.java:addNew(89)) - 54656667-56fe-48a8-9c7b-7689ace0d370: addNew group-A8D8A306531B:[54656667-56fe-48a8-9c7b-7689ace0d370:192.168.134.95:42699] returns group-A8D8A306531B:java.util.concurrent.CompletableFuture@ebddecb[Not completed]
2019-06-15 11:24:48,441 INFO  impl.RaftServerImpl (RaftServerImpl.java:<init>(91)) - 54656667-56fe-48a8-9c7b-7689ace0d370: new RaftServerImpl for group-A8D8A306531B:[54656667-56fe-48a8-9c7b-7689ace0d370:192.168.134.95:42699] with ContainerStateMachine:uninitialized
2019-06-15 11:24:48,443 INFO  server.RaftServerConfigKeys (ConfUtils.java:logGet(43)) - raft.server.rpc.timeout.min = 1s (custom)
2019-06-15 11:24:48,446 INFO  server.RaftServerConfigKeys (ConfUtils.java:logGet(43)) - raft.server.rpc.timeout.max = 1200ms (custom)
2019-06-15 11:24:48,446 INFO  server.RaftServerConfigKeys (ConfUtils.java:logGet(43)) - raft.server.rpcslowness.timeout = 10s (custom)
2019-06-15 11:24:48,447 INFO  node.SCMNodeManager (SCMNodeManager.java:register(269)) - Registered Data node : 4481157c-7ad0-41fd-8768-5c637c4e3293{ip: 192.168.134.95, host: ozone-unit-076618677d3-mp878-3497958072, networkLocation: /default-rack, certSerialId: null}
2019-06-15 11:24:48,447 INFO  server.RaftServerConfigKeys (ConfUtils.java:logGet(43)) - raft.server.log.appender.install.snapshot.enabled = true (default)
2019-06-15 11:24:48,454 INFO  impl.RaftServerImpl (ServerState.java:<init>(101)) - 54656667-56fe-48a8-9c7b-7689ace0d370:group-A8D8A306531B ConfigurationManager, init=-1: [54656667-56fe-48a8-9c7b-7689ace0d370:192.168.134.95:42699], old=null, confs=<EMPTY_MAP>
2019-06-15 11:24:48,454 INFO  server.RaftServerConfigKeys (ConfUtils.java:logGet(43)) - raft.server.storage.dir = [/opt/src/hadoop-ozone/integration-test/target/test-dir/MiniOzoneClusterImpl-183e12c7-b939-43db-bd65-893d8fd2ea15/datanode-0/data/ratis] (custom)
2019-06-15 11:24:48,596 INFO  storage.RaftStorageDirectory (RaftStorageDirectory.java:analyzeStorage(246)) - The storage directory /opt/src/hadoop-ozone/integration-test/target/test-dir/MiniOzoneClusterImpl-183e12c7-b939-43db-bd65-893d8fd2ea15/datanode-0/data/ratis/6b2781be-960f-49d5-83ef-a8d8a306531b does not exist. Creating ...
2019-06-15 11:24:48,602 INFO  storage.RaftStorageDirectory (RaftStorageDirectory.java:tryLock(328)) - Lock on /opt/src/hadoop-ozone/integration-test/target/test-dir/MiniOzoneClusterImpl-183e12c7-b939-43db-bd65-893d8fd2ea15/datanode-0/data/ratis/6b2781be-960f-49d5-83ef-a8d8a306531b/in_use.lock acquired by nodename 10008@ozone-unit-076618677d3-mp878-3497958072
2019-06-15 11:24:48,606 INFO  storage.RaftStorage (RaftStorage.java:format(75)) - Storage directory /opt/src/hadoop-ozone/integration-test/target/test-dir/MiniOzoneClusterImpl-183e12c7-b939-43db-bd65-893d8fd2ea15/datanode-0/data/ratis/6b2781be-960f-49d5-83ef-a8d8a306531b has been successfully formatted.
2019-06-15 11:24:48,608 INFO  ratis.ContainerStateMachine (ContainerStateMachine.java:loadSnapshot(199)) - The snapshot info is null.Setting the last applied index to:(t:0, i:~)
2019-06-15 11:24:48,608 INFO  server.RaftServerConfigKeys (ConfUtils.java:logGet(43)) - raft.server.leader.election.timeout = 10s (custom)
2019-06-15 11:24:48,610 INFO  server.RaftServerConfigKeys (ConfUtils.java:logGet(43)) - raft.server.log.use.memory = false (default)
2019-06-15 11:24:48,613 INFO  server.RaftServerConfigKeys (ConfUtils.java:logGet(43)) - raft.server.log.appender.buffer.byte-limit = 33554432 (custom)
2019-06-15 11:24:48,616 INFO  server.RaftServerConfigKeys (ConfUtils.java:logGet(43)) - raft.server.log.segment.size.max = 16384 (custom)
2019-06-15 11:24:48,621 INFO  server.RaftServerConfigKeys (ConfUtils.java:logGet(43)) - raft.server.log.segment.cache.num.max = 2 (custom)
2019-06-15 11:24:48,624 INFO  storage.RaftLogWorker (RaftLogWorker.java:<init>(123)) - new 54656667-56fe-48a8-9c7b-7689ace0d370-RaftLogWorker for Storage Directory /opt/src/hadoop-ozone/integration-test/target/test-dir/MiniOzoneClusterImpl-183e12c7-b939-43db-bd65-893d8fd2ea15/datanode-0/data/ratis/6b2781be-960f-49d5-83ef-a8d8a306531b
2019-06-15 11:24:48,624 INFO  server.RaftServerConfigKeys (ConfUtils.java:logGet(43)) - raft.server.log.queue.byte-limit = 2147483647 (custom)
2019-06-15 11:24:48,625 INFO  server.RaftServerConfigKeys (ConfUtils.java:logGet(43)) - raft.server.log.queue.element-limit = 1024 (custom)
2019-06-15 11:24:48,627 INFO  server.RaftServerConfigKeys (ConfUtils.java:logGet(43)) - raft.server.log.segment.size.max = 16384 (custom)
2019-06-15 11:24:48,627 INFO  server.RaftServerConfigKeys (ConfUtils.java:logGet(43)) - raft.server.log.preallocated.size = 16384 (custom)
2019-06-15 11:24:48,628 INFO  server.RaftServerConfigKeys (ConfUtils.java:logGet(43)) - raft.server.log.write.buffer.size = 33554432 (custom)
2019-06-15 11:24:48,628 INFO  server.RaftServerConfigKeys (ConfUtils.java:logGet(43)) - raft.server.log.force.sync.num = 128 (default)
2019-06-15 11:24:48,629 INFO  server.RaftServerConfigKeys (ConfUtils.java:logGet(43)) - raft.server.log.statemachine.data.sync = true (default)
2019-06-15 11:24:48,629 INFO  server.RaftServerConfigKeys (ConfUtils.java:logGet(43)) - raft.server.log.statemachine.data.sync.timeout = 10s (default)
2019-06-15 11:24:48,630 INFO  server.RaftServerConfigKeys (ConfUtils.java:logGet(43)) - raft.server.log.statemachine.data.sync.timeout.retry = -1 (default)
2019-06-15 11:24:48,632 INFO  server.RaftServerConfigKeys (ConfUtils.java:logGet(43)) - raft.server.log.statemachine.data.caching.enabled = true (custom)
2019-06-15 11:24:48,644 INFO  server.RaftServerConfigKeys (ConfUtils.java:logGet(43)) - raft.server.snapshot.auto.trigger.enabled = true (custom)
2019-06-15 11:24:48,645 INFO  server.RaftServerConfigKeys (ConfUtils.java:logGet(43)) - raft.server.snapshot.auto.trigger.threshold = 10000 (custom)
2019-06-15 11:24:48,646 INFO  server.RaftServerConfigKeys (ConfUtils.java:logGet(43)) - raft.server.retrycache.expirytime = 600000ms (custom)
2019-06-15 11:24:48,666 INFO  impl.RaftServerImpl (RaftServerImpl.java:start(173)) - 54656667-56fe-48a8-9c7b-7689ace0d370: start group-A8D8A306531B
2019-06-15 11:24:48,667 INFO  impl.RaftServerImpl (RaftServerImpl.java:setRole(164)) - 54656667-56fe-48a8-9c7b-7689ace0d370:group-A8D8A306531B changes role from null to FOLLOWER at term 0 for startAsFollower
2019-06-15 11:24:48,668 INFO  impl.RoleInfo (RoleInfo.java:updateAndGet(143)) - 54656667-56fe-48a8-9c7b-7689ace0d370: start FollowerState
2019-06-15 11:24:48,680 INFO  util.JmxRegister (JmxRegister.java:tryRegister(44)) - Successfully registered JMX Bean with object name Ratis:service=RaftServer,group=group-A8D8A306531B,id=54656667-56fe-48a8-9c7b-7689ace0d370
2019-06-15 11:24:48,750 INFO  node.SCMNodeManager (SCMNodeManager.java:register(269)) - Registered Data node : 222cbad4-9e48-4b3e-a974-e6c3ac42b23f{ip: 192.168.134.95, host: ozone-unit-076618677d3-mp878-3497958072, networkLocation: /default-rack, certSerialId: null}
2019-06-15 11:24:48,774 INFO  ozone.MiniOzoneClusterImpl (MiniOzoneClusterImpl.java:lambda$waitForClusterToBeReady$0(142)) - Waiting for cluster to be ready. Got 4 of 6 DN Heartbeats.
2019-06-15 11:24:48,775 INFO  pipeline.PipelineStateManager (PipelineStateManager.java:addPipeline(56)) - Created pipeline Pipeline[ Id: 6b2781be-960f-49d5-83ef-a8d8a306531b, Nodes: 54656667-56fe-48a8-9c7b-7689ace0d370{ip: 192.168.134.95, host: ozone-unit-076618677d3-mp878-3497958072, networkLocation: /default-rack, certSerialId: null}, Type:RATIS, Factor:ONE, State:OPEN]
2019-06-15 11:24:48,800 INFO  impl.RaftServerProxy (RaftServerProxy.java:addNew(89)) - 8bb1ec0f-2155-4714-b47f-16dca82d9d62: addNew group-9A083ECE7E0A:[8bb1ec0f-2155-4714-b47f-16dca82d9d62:192.168.134.95:33621] returns group-9A083ECE7E0A:java.util.concurrent.CompletableFuture@3160b3d3[Not completed]
2019-06-15 11:24:48,801 INFO  impl.RaftServerImpl (RaftServerImpl.java:<init>(91)) - 8bb1ec0f-2155-4714-b47f-16dca82d9d62: new RaftServerImpl for group-9A083ECE7E0A:[8bb1ec0f-2155-4714-b47f-16dca82d9d62:192.168.134.95:33621] with ContainerStateMachine:uninitialized
2019-06-15 11:24:48,803 INFO  server.RaftServerConfigKeys (ConfUtils.java:logGet(43)) - raft.server.rpc.timeout.min = 1s (custom)
2019-06-15 11:24:48,804 INFO  server.RaftServerConfigKeys (ConfUtils.java:logGet(43)) - raft.server.rpc.timeout.max = 1200ms (custom)
2019-06-15 11:24:48,804 INFO  server.RaftServerConfigKeys (ConfUtils.java:logGet(43)) - raft.server.rpcslowness.timeout = 10s (custom)
2019-06-15 11:24:48,804 INFO  server.RaftServerConfigKeys (ConfUtils.java:logGet(43)) - raft.server.log.appender.install.snapshot.enabled = true (default)
2019-06-15 11:24:48,804 INFO  impl.RaftServerImpl (ServerState.java:<init>(101)) - 8bb1ec0f-2155-4714-b47f-16dca82d9d62:group-9A083ECE7E0A ConfigurationManager, init=-1: [8bb1ec0f-2155-4714-b47f-16dca82d9d62:192.168.134.95:33621], old=null, confs=<EMPTY_MAP>
2019-06-15 11:24:48,804 INFO  server.RaftServerConfigKeys (ConfUtils.java:logGet(43)) - raft.server.storage.dir = [/opt/src/hadoop-ozone/integration-test/target/test-dir/MiniOzoneClusterImpl-183e12c7-b939-43db-bd65-893d8fd2ea15/datanode-1/data/ratis] (custom)
2019-06-15 11:24:48,804 INFO  storage.RaftStorageDirectory (RaftStorageDirectory.java:analyzeStorage(246)) - The storage directory /opt/src/hadoop-ozone/integration-test/target/test-dir/MiniOzoneClusterImpl-183e12c7-b939-43db-bd65-893d8fd2ea15/datanode-1/data/ratis/595f9f0b-a605-43d8-adc2-9a083ece7e0a does not exist. Creating ...
2019-06-15 11:24:48,808 INFO  storage.RaftStorageDirectory (RaftStorageDirectory.java:tryLock(328)) - Lock on /opt/src/hadoop-ozone/integration-test/target/test-dir/MiniOzoneClusterImpl-183e12c7-b939-43db-bd65-893d8fd2ea15/datanode-1/data/ratis/595f9f0b-a605-43d8-adc2-9a083ece7e0a/in_use.lock acquired by nodename 10008@ozone-unit-076618677d3-mp878-3497958072
2019-06-15 11:24:48,810 INFO  storage.RaftStorage (RaftStorage.java:format(75)) - Storage directory /opt/src/hadoop-ozone/integration-test/target/test-dir/MiniOzoneClusterImpl-183e12c7-b939-43db-bd65-893d8fd2ea15/datanode-1/data/ratis/595f9f0b-a605-43d8-adc2-9a083ece7e0a has been successfully formatted.
2019-06-15 11:24:48,811 INFO  ratis.ContainerStateMachine (ContainerStateMachine.java:loadSnapshot(199)) - The snapshot info is null.Setting the last applied index to:(t:0, i:~)
2019-06-15 11:24:48,812 INFO  server.RaftServerConfigKeys (ConfUtils.java:logGet(43)) - raft.server.leader.election.timeout = 10s (custom)
2019-06-15 11:24:48,813 INFO  server.RaftServerConfigKeys (ConfUtils.java:logGet(43)) - raft.server.log.use.memory = false (default)
2019-06-15 11:24:48,813 INFO  server.RaftServerConfigKeys (ConfUtils.java:logGet(43)) - raft.server.log.appender.buffer.byte-limit = 33554432 (custom)
2019-06-15 11:24:48,813 INFO  server.RaftServerConfigKeys (ConfUtils.java:logGet(43)) - raft.server.log.segment.size.max = 16384 (custom)
2019-06-15 11:24:48,813 INFO  server.RaftServerConfigKeys (ConfUtils.java:logGet(43)) - raft.server.log.segment.cache.num.max = 2 (custom)
2019-06-15 11:24:48,813 INFO  storage.RaftLogWorker (RaftLogWorker.java:<init>(123)) - new 8bb1ec0f-2155-4714-b47f-16dca82d9d62-RaftLogWorker for Storage Directory /opt/src/hadoop-ozone/integration-test/target/test-dir/MiniOzoneClusterImpl-183e12c7-b939-43db-bd65-893d8fd2ea15/datanode-1/data/ratis/595f9f0b-a605-43d8-adc2-9a083ece7e0a
2019-06-15 11:24:48,814 INFO  server.RaftServerConfigKeys (ConfUtils.java:logGet(43)) - raft.server.log.queue.byte-limit = 2147483647 (custom)
2019-06-15 11:24:48,814 INFO  server.RaftServerConfigKeys (ConfUtils.java:logGet(43)) - raft.server.log.queue.element-limit = 1024 (custom)
2019-06-15 11:24:48,814 INFO  server.RaftServerConfigKeys (ConfUtils.java:logGet(43)) - raft.server.log.segment.size.max = 16384 (custom)
2019-06-15 11:24:48,815 INFO  server.RaftServerConfigKeys (ConfUtils.java:logGet(43)) - raft.server.log.preallocated.size = 16384 (custom)
2019-06-15 11:24:48,815 INFO  server.RaftServerConfigKeys (ConfUtils.java:logGet(43)) - raft.server.log.write.buffer.size = 33554432 (custom)
2019-06-15 11:24:48,815 INFO  server.RaftServerConfigKeys (ConfUtils.java:logGet(43)) - raft.server.log.force.sync.num = 128 (default)
2019-06-15 11:24:48,815 INFO  server.RaftServerConfigKeys (ConfUtils.java:logGet(43)) - raft.server.log.statemachine.data.sync = true (default)
2019-06-15 11:24:48,815 INFO  server.RaftServerConfigKeys (ConfUtils.java:logGet(43)) - raft.server.log.statemachine.data.sync.timeout = 10s (default)
2019-06-15 11:24:48,815 INFO  server.RaftServerConfigKeys (ConfUtils.java:logGet(43)) - raft.server.log.statemachine.data.sync.timeout.retry = -1 (default)
2019-06-15 11:24:48,815 INFO  server.RaftServerConfigKeys (ConfUtils.java:logGet(43)) - raft.server.log.statemachine.data.caching.enabled = true (custom)
2019-06-15 11:24:48,817 INFO  server.RaftServerConfigKeys (ConfUtils.java:logGet(43)) - raft.server.snapshot.auto.trigger.enabled = true (custom)
2019-06-15 11:24:48,817 INFO  server.RaftServerConfigKeys (ConfUtils.java:logGet(43)) - raft.server.snapshot.auto.trigger.threshold = 10000 (custom)
2019-06-15 11:24:48,818 INFO  server.RaftServerConfigKeys (ConfUtils.java:logGet(43)) - raft.server.retrycache.expirytime = 600000ms (custom)
2019-06-15 11:24:48,818 INFO  impl.RaftServerImpl (RaftServerImpl.java:start(173)) - 8bb1ec0f-2155-4714-b47f-16dca82d9d62: start group-9A083ECE7E0A
2019-06-15 11:24:48,818 INFO  impl.RaftServerImpl (RaftServerImpl.java:setRole(164)) - 8bb1ec0f-2155-4714-b47f-16dca82d9d62:group-9A083ECE7E0A changes role from null to FOLLOWER at term 0 for startAsFollower
2019-06-15 11:24:48,818 INFO  impl.RoleInfo (RoleInfo.java:updateAndGet(143)) - 8bb1ec0f-2155-4714-b47f-16dca82d9d62: start FollowerState
2019-06-15 11:24:48,824 INFO  util.JmxRegister (JmxRegister.java:tryRegister(44)) - Successfully registered JMX Bean with object name Ratis:service=RaftServer,group=group-9A083ECE7E0A,id=8bb1ec0f-2155-4714-b47f-16dca82d9d62
2019-06-15 11:24:48,846 INFO  pipeline.PipelineStateManager (PipelineStateManager.java:addPipeline(56)) - Created pipeline Pipeline[ Id: 595f9f0b-a605-43d8-adc2-9a083ece7e0a, Nodes: 8bb1ec0f-2155-4714-b47f-16dca82d9d62{ip: 192.168.134.95, host: ozone-unit-076618677d3-mp878-3497958072, networkLocation: /default-rack, certSerialId: null}, Type:RATIS, Factor:ONE, State:OPEN]
2019-06-15 11:24:48,870 INFO  impl.RaftServerProxy (RaftServerProxy.java:addNew(89)) - 222cbad4-9e48-4b3e-a974-e6c3ac42b23f: addNew group-A3690E4124A3:[222cbad4-9e48-4b3e-a974-e6c3ac42b23f:192.168.134.95:34907] returns group-A3690E4124A3:java.util.concurrent.CompletableFuture@5b9ea634[Not completed]
2019-06-15 11:24:48,911 INFO  impl.RaftServerImpl (RaftServerImpl.java:<init>(91)) - 222cbad4-9e48-4b3e-a974-e6c3ac42b23f: new RaftServerImpl for group-A3690E4124A3:[222cbad4-9e48-4b3e-a974-e6c3ac42b23f:192.168.134.95:34907] with ContainerStateMachine:uninitialized
2019-06-15 11:24:48,911 INFO  server.RaftServerConfigKeys (ConfUtils.java:logGet(43)) - raft.server.rpc.timeout.min = 1s (custom)
2019-06-15 11:24:48,912 INFO  server.RaftServerConfigKeys (ConfUtils.java:logGet(43)) - raft.server.rpc.timeout.max = 1200ms (custom)
2019-06-15 11:24:48,912 INFO  server.RaftServerConfigKeys (ConfUtils.java:logGet(43)) - raft.server.rpcslowness.timeout = 10s (custom)
2019-06-15 11:24:48,912 INFO  server.RaftServerConfigKeys (ConfUtils.java:logGet(43)) - raft.server.log.appender.install.snapshot.enabled = true (default)
2019-06-15 11:24:48,912 INFO  impl.RaftServerImpl (ServerState.java:<init>(101)) - 222cbad4-9e48-4b3e-a974-e6c3ac42b23f:group-A3690E4124A3 ConfigurationManager, init=-1: [222cbad4-9e48-4b3e-a974-e6c3ac42b23f:192.168.134.95:34907], old=null, confs=<EMPTY_MAP>
2019-06-15 11:24:48,912 INFO  server.RaftServerConfigKeys (ConfUtils.java:logGet(43)) - raft.server.storage.dir = [/opt/src/hadoop-ozone/integration-test/target/test-dir/MiniOzoneClusterImpl-183e12c7-b939-43db-bd65-893d8fd2ea15/datanode-3/data/ratis] (custom)
2019-06-15 11:24:48,912 INFO  storage.RaftStorageDirectory (RaftStorageDirectory.java:analyzeStorage(246)) - The storage directory /opt/src/hadoop-ozone/integration-test/target/test-dir/MiniOzoneClusterImpl-183e12c7-b939-43db-bd65-893d8fd2ea15/datanode-3/data/ratis/1056bd48-46b9-4ddb-addd-a3690e4124a3 does not exist. Creating ...
2019-06-15 11:24:48,918 INFO  storage.RaftStorageDirectory (RaftStorageDirectory.java:tryLock(328)) - Lock on /opt/src/hadoop-ozone/integration-test/target/test-dir/MiniOzoneClusterImpl-183e12c7-b939-43db-bd65-893d8fd2ea15/datanode-3/data/ratis/1056bd48-46b9-4ddb-addd-a3690e4124a3/in_use.lock acquired by nodename 10008@ozone-unit-076618677d3-mp878-3497958072
2019-06-15 11:24:48,920 INFO  storage.RaftStorage (RaftStorage.java:format(75)) - Storage directory /opt/src/hadoop-ozone/integration-test/target/test-dir/MiniOzoneClusterImpl-183e12c7-b939-43db-bd65-893d8fd2ea15/datanode-3/data/ratis/1056bd48-46b9-4ddb-addd-a3690e4124a3 has been successfully formatted.
2019-06-15 11:24:48,920 INFO  ratis.ContainerStateMachine (ContainerStateMachine.java:loadSnapshot(199)) - The snapshot info is null.Setting the last applied index to:(t:0, i:~)
2019-06-15 11:24:48,920 INFO  server.RaftServerConfigKeys (ConfUtils.java:logGet(43)) - raft.server.leader.election.timeout = 10s (custom)
2019-06-15 11:24:48,920 INFO  server.RaftServerConfigKeys (ConfUtils.java:logGet(43)) - raft.server.log.use.memory = false (default)
2019-06-15 11:24:48,920 INFO  server.RaftServerConfigKeys (ConfUtils.java:logGet(43)) - raft.server.log.appender.buffer.byte-limit = 33554432 (custom)
2019-06-15 11:24:48,921 INFO  server.RaftServerConfigKeys (ConfUtils.java:logGet(43)) - raft.server.log.segment.size.max = 16384 (custom)
2019-06-15 11:24:48,921 INFO  server.RaftServerConfigKeys (ConfUtils.java:logGet(43)) - raft.server.log.segment.cache.num.max = 2 (custom)
2019-06-15 11:24:48,921 INFO  storage.RaftLogWorker (RaftLogWorker.java:<init>(123)) - new 222cbad4-9e48-4b3e-a974-e6c3ac42b23f-RaftLogWorker for Storage Directory /opt/src/hadoop-ozone/integration-test/target/test-dir/MiniOzoneClusterImpl-183e12c7-b939-43db-bd65-893d8fd2ea15/datanode-3/data/ratis/1056bd48-46b9-4ddb-addd-a3690e4124a3
2019-06-15 11:24:48,921 INFO  server.RaftServerConfigKeys (ConfUtils.java:logGet(43)) - raft.server.log.queue.byte-limit = 2147483647 (custom)
2019-06-15 11:24:48,921 INFO  server.RaftServerConfigKeys (ConfUtils.java:logGet(43)) - raft.server.log.queue.element-limit = 1024 (custom)
2019-06-15 11:24:48,921 INFO  server.RaftServerConfigKeys (ConfUtils.java:logGet(43)) - raft.server.log.segment.size.max = 16384 (custom)
2019-06-15 11:24:48,921 INFO  server.RaftServerConfigKeys (ConfUtils.java:logGet(43)) - raft.server.log.preallocated.size = 16384 (custom)
2019-06-15 11:24:48,921 INFO  server.RaftServerConfigKeys (ConfUtils.java:logGet(43)) - raft.server.log.write.buffer.size = 33554432 (custom)
2019-06-15 11:24:48,921 INFO  server.RaftServerConfigKeys (ConfUtils.java:logGet(43)) - raft.server.log.force.sync.num = 128 (default)
2019-06-15 11:24:48,921 INFO  server.RaftServerConfigKeys (ConfUtils.java:logGet(43)) - raft.server.log.statemachine.data.sync = true (default)
2019-06-15 11:24:48,922 INFO  server.RaftServerConfigKeys (ConfUtils.java:logGet(43)) - raft.server.log.statemachine.data.sync.timeout = 10s (default)
2019-06-15 11:24:48,922 INFO  server.RaftServerConfigKeys (ConfUtils.java:logGet(43)) - raft.server.log.statemachine.data.sync.timeout.retry = -1 (default)
2019-06-15 11:24:48,922 INFO  server.RaftServerConfigKeys (ConfUtils.java:logGet(43)) - raft.server.log.statemachine.data.caching.enabled = true (custom)
2019-06-15 11:24:48,924 INFO  server.RaftServerConfigKeys (ConfUtils.java:logGet(43)) - raft.server.snapshot.auto.trigger.enabled = true (custom)
2019-06-15 11:24:48,924 INFO  server.RaftServerConfigKeys (ConfUtils.java:logGet(43)) - raft.server.snapshot.auto.trigger.threshold = 10000 (custom)
2019-06-15 11:24:48,924 INFO  server.RaftServerConfigKeys (ConfUtils.java:logGet(43)) - raft.server.retrycache.expirytime = 600000ms (custom)
2019-06-15 11:24:48,925 INFO  impl.RaftServerImpl (RaftServerImpl.java:start(173)) - 222cbad4-9e48-4b3e-a974-e6c3ac42b23f: start group-A3690E4124A3
2019-06-15 11:24:48,925 INFO  impl.RaftServerImpl (RaftServerImpl.java:setRole(164)) - 222cbad4-9e48-4b3e-a974-e6c3ac42b23f:group-A3690E4124A3 changes role from null to FOLLOWER at term 0 for startAsFollower
2019-06-15 11:24:48,925 INFO  impl.RoleInfo (RoleInfo.java:updateAndGet(143)) - 222cbad4-9e48-4b3e-a974-e6c3ac42b23f: start FollowerState
2019-06-15 11:24:48,925 INFO  util.JmxRegister (JmxRegister.java:tryRegister(44)) - Successfully registered JMX Bean with object name Ratis:service=RaftServer,group=group-A3690E4124A3,id=222cbad4-9e48-4b3e-a974-e6c3ac42b23f
2019-06-15 11:24:48,940 INFO  pipeline.PipelineStateManager (PipelineStateManager.java:addPipeline(56)) - Created pipeline Pipeline[ Id: 1056bd48-46b9-4ddb-addd-a3690e4124a3, Nodes: 222cbad4-9e48-4b3e-a974-e6c3ac42b23f{ip: 192.168.134.95, host: ozone-unit-076618677d3-mp878-3497958072, networkLocation: /default-rack, certSerialId: null}, Type:RATIS, Factor:ONE, State:OPEN]
2019-06-15 11:24:48,969 INFO  impl.RaftServerProxy (RaftServerProxy.java:addNew(89)) - 4481157c-7ad0-41fd-8768-5c637c4e3293: addNew group-57CAA06D2216:[4481157c-7ad0-41fd-8768-5c637c4e3293:192.168.134.95:35673] returns group-57CAA06D2216:java.util.concurrent.CompletableFuture@35367219[Not completed]
2019-06-15 11:24:48,979 INFO  impl.RaftServerImpl (RaftServerImpl.java:<init>(91)) - 4481157c-7ad0-41fd-8768-5c637c4e3293: new RaftServerImpl for group-57CAA06D2216:[4481157c-7ad0-41fd-8768-5c637c4e3293:192.168.134.95:35673] with ContainerStateMachine:uninitialized
2019-06-15 11:24:48,979 INFO  server.RaftServerConfigKeys (ConfUtils.java:logGet(43)) - raft.server.rpc.timeout.min = 1s (custom)
2019-06-15 11:24:48,979 INFO  server.RaftServerConfigKeys (ConfUtils.java:logGet(43)) - raft.server.rpc.timeout.max = 1200ms (custom)
2019-06-15 11:24:48,979 INFO  server.RaftServerConfigKeys (ConfUtils.java:logGet(43)) - raft.server.rpcslowness.timeout = 10s (custom)
2019-06-15 11:24:48,979 INFO  server.RaftServerConfigKeys (ConfUtils.java:logGet(43)) - raft.server.log.appender.install.snapshot.enabled = true (default)
2019-06-15 11:24:48,979 INFO  impl.RaftServerImpl (ServerState.java:<init>(101)) - 4481157c-7ad0-41fd-8768-5c637c4e3293:group-57CAA06D2216 ConfigurationManager, init=-1: [4481157c-7ad0-41fd-8768-5c637c4e3293:192.168.134.95:35673], old=null, confs=<EMPTY_MAP>
2019-06-15 11:24:48,979 INFO  server.RaftServerConfigKeys (ConfUtils.java:logGet(43)) - raft.server.storage.dir = [/opt/src/hadoop-ozone/integration-test/target/test-dir/MiniOzoneClusterImpl-183e12c7-b939-43db-bd65-893d8fd2ea15/datanode-2/data/ratis] (custom)
2019-06-15 11:24:48,980 INFO  storage.RaftStorageDirectory (RaftStorageDirectory.java:analyzeStorage(246)) - The storage directory /opt/src/hadoop-ozone/integration-test/target/test-dir/MiniOzoneClusterImpl-183e12c7-b939-43db-bd65-893d8fd2ea15/datanode-2/data/ratis/4972c9a8-498a-4889-8275-57caa06d2216 does not exist. Creating ...
2019-06-15 11:24:48,982 INFO  storage.RaftStorageDirectory (RaftStorageDirectory.java:tryLock(328)) - Lock on /opt/src/hadoop-ozone/integration-test/target/test-dir/MiniOzoneClusterImpl-183e12c7-b939-43db-bd65-893d8fd2ea15/datanode-2/data/ratis/4972c9a8-498a-4889-8275-57caa06d2216/in_use.lock acquired by nodename 10008@ozone-unit-076618677d3-mp878-3497958072
2019-06-15 11:24:48,984 INFO  storage.RaftStorage (RaftStorage.java:format(75)) - Storage directory /opt/src/hadoop-ozone/integration-test/target/test-dir/MiniOzoneClusterImpl-183e12c7-b939-43db-bd65-893d8fd2ea15/datanode-2/data/ratis/4972c9a8-498a-4889-8275-57caa06d2216 has been successfully formatted.
2019-06-15 11:24:48,984 INFO  ratis.ContainerStateMachine (ContainerStateMachine.java:loadSnapshot(199)) - The snapshot info is null.Setting the last applied index to:(t:0, i:~)
2019-06-15 11:24:48,984 INFO  server.RaftServerConfigKeys (ConfUtils.java:logGet(43)) - raft.server.leader.election.timeout = 10s (custom)
2019-06-15 11:24:48,984 INFO  server.RaftServerConfigKeys (ConfUtils.java:logGet(43)) - raft.server.log.use.memory = false (default)
2019-06-15 11:24:48,985 INFO  server.RaftServerConfigKeys (ConfUtils.java:logGet(43)) - raft.server.log.appender.buffer.byte-limit = 33554432 (custom)
2019-06-15 11:24:48,985 INFO  server.RaftServerConfigKeys (ConfUtils.java:logGet(43)) - raft.server.log.segment.size.max = 16384 (custom)
2019-06-15 11:24:48,985 INFO  server.RaftServerConfigKeys (ConfUtils.java:logGet(43)) - raft.server.log.segment.cache.num.max = 2 (custom)
2019-06-15 11:24:48,985 INFO  storage.RaftLogWorker (RaftLogWorker.java:<init>(123)) - new 4481157c-7ad0-41fd-8768-5c637c4e3293-RaftLogWorker for Storage Directory /opt/src/hadoop-ozone/integration-test/target/test-dir/MiniOzoneClusterImpl-183e12c7-b939-43db-bd65-893d8fd2ea15/datanode-2/data/ratis/4972c9a8-498a-4889-8275-57caa06d2216
2019-06-15 11:24:48,985 INFO  server.RaftServerConfigKeys (ConfUtils.java:logGet(43)) - raft.server.log.queue.byte-limit = 2147483647 (custom)
2019-06-15 11:24:48,985 INFO  server.RaftServerConfigKeys (ConfUtils.java:logGet(43)) - raft.server.log.queue.element-limit = 1024 (custom)
2019-06-15 11:24:48,985 INFO  server.RaftServerConfigKeys (ConfUtils.java:logGet(43)) - raft.server.log.segment.size.max = 16384 (custom)
2019-06-15 11:24:48,985 INFO  server.RaftServerConfigKeys (ConfUtils.java:logGet(43)) - raft.server.log.preallocated.size = 16384 (custom)
2019-06-15 11:24:48,985 INFO  server.RaftServerConfigKeys (ConfUtils.java:logGet(43)) - raft.server.log.write.buffer.size = 33554432 (custom)
2019-06-15 11:24:48,985 INFO  server.RaftServerConfigKeys (ConfUtils.java:logGet(43)) - raft.server.log.force.sync.num = 128 (default)
2019-06-15 11:24:48,986 INFO  server.RaftServerConfigKeys (ConfUtils.java:logGet(43)) - raft.server.log.statemachine.data.sync = true (default)
2019-06-15 11:24:48,986 INFO  server.RaftServerConfigKeys (ConfUtils.java:logGet(43)) - raft.server.log.statemachine.data.sync.timeout = 10s (default)
2019-06-15 11:24:48,986 INFO  server.RaftServerConfigKeys (ConfUtils.java:logGet(43)) - raft.server.log.statemachine.data.sync.timeout.retry = -1 (default)
2019-06-15 11:24:48,986 INFO  server.RaftServerConfigKeys (ConfUtils.java:logGet(43)) - raft.server.log.statemachine.data.caching.enabled = true (custom)
2019-06-15 11:24:48,986 INFO  server.RaftServerConfigKeys (ConfUtils.java:logGet(43)) - raft.server.snapshot.auto.trigger.enabled = true (custom)
2019-06-15 11:24:48,987 INFO  server.RaftServerConfigKeys (ConfUtils.java:logGet(43)) - raft.server.snapshot.auto.trigger.threshold = 10000 (custom)
2019-06-15 11:24:48,987 INFO  server.RaftServerConfigKeys (ConfUtils.java:logGet(43)) - raft.server.retrycache.expirytime = 600000ms (custom)
2019-06-15 11:24:48,987 INFO  impl.RaftServerImpl (RaftServerImpl.java:start(173)) - 4481157c-7ad0-41fd-8768-5c637c4e3293: start group-57CAA06D2216
2019-06-15 11:24:48,987 INFO  impl.RaftServerImpl (RaftServerImpl.java:setRole(164)) - 4481157c-7ad0-41fd-8768-5c637c4e3293:group-57CAA06D2216 changes role from null to FOLLOWER at term 0 for startAsFollower
2019-06-15 11:24:48,987 INFO  impl.RoleInfo (RoleInfo.java:updateAndGet(143)) - 4481157c-7ad0-41fd-8768-5c637c4e3293: start FollowerState
2019-06-15 11:24:48,988 INFO  util.JmxRegister (JmxRegister.java:tryRegister(44)) - Successfully registered JMX Bean with object name Ratis:service=RaftServer,group=group-57CAA06D2216,id=4481157c-7ad0-41fd-8768-5c637c4e3293
2019-06-15 11:24:49,002 INFO  pipeline.PipelineStateManager (PipelineStateManager.java:addPipeline(56)) - Created pipeline Pipeline[ Id: 4972c9a8-498a-4889-8275-57caa06d2216, Nodes: 4481157c-7ad0-41fd-8768-5c637c4e3293{ip: 192.168.134.95, host: ozone-unit-076618677d3-mp878-3497958072, networkLocation: /default-rack, certSerialId: null}, Type:RATIS, Factor:ONE, State:OPEN]
2019-06-15 11:24:49,103 INFO  impl.RaftServerProxy (RaftServerProxy.java:addNew(89)) - 8bb1ec0f-2155-4714-b47f-16dca82d9d62: addNew group-054B170B4451:[8bb1ec0f-2155-4714-b47f-16dca82d9d62:192.168.134.95:33621, 54656667-56fe-48a8-9c7b-7689ace0d370:192.168.134.95:42699, 222cbad4-9e48-4b3e-a974-e6c3ac42b23f:192.168.134.95:34907] returns group-054B170B4451:java.util.concurrent.CompletableFuture@247fec9d[Not completed]
2019-06-15 11:24:49,105 INFO  impl.RaftServerImpl (RaftServerImpl.java:<init>(91)) - 8bb1ec0f-2155-4714-b47f-16dca82d9d62: new RaftServerImpl for group-054B170B4451:[8bb1ec0f-2155-4714-b47f-16dca82d9d62:192.168.134.95:33621, 54656667-56fe-48a8-9c7b-7689ace0d370:192.168.134.95:42699, 222cbad4-9e48-4b3e-a974-e6c3ac42b23f:192.168.134.95:34907] with ContainerStateMachine:uninitialized
2019-06-15 11:24:49,105 INFO  server.RaftServerConfigKeys (ConfUtils.java:logGet(43)) - raft.server.rpc.timeout.min = 1s (custom)
2019-06-15 11:24:49,105 INFO  server.RaftServerConfigKeys (ConfUtils.java:logGet(43)) - raft.server.rpc.timeout.max = 1200ms (custom)
2019-06-15 11:24:49,105 INFO  server.RaftServerConfigKeys (ConfUtils.java:logGet(43)) - raft.server.rpcslowness.timeout = 10s (custom)
2019-06-15 11:24:49,105 INFO  server.RaftServerConfigKeys (ConfUtils.java:logGet(43)) - raft.server.log.appender.install.snapshot.enabled = true (default)
2019-06-15 11:24:49,105 INFO  impl.RaftServerImpl (ServerState.java:<init>(101)) - 8bb1ec0f-2155-4714-b47f-16dca82d9d62:group-054B170B4451 ConfigurationManager, init=-1: [8bb1ec0f-2155-4714-b47f-16dca82d9d62:192.168.134.95:33621, 54656667-56fe-48a8-9c7b-7689ace0d370:192.168.134.95:42699, 222cbad4-9e48-4b3e-a974-e6c3ac42b23f:192.168.134.95:34907], old=null, confs=<EMPTY_MAP>
2019-06-15 11:24:49,106 INFO  server.RaftServerConfigKeys (ConfUtils.java:logGet(43)) - raft.server.storage.dir = [/opt/src/hadoop-ozone/integration-test/target/test-dir/MiniOzoneClusterImpl-183e12c7-b939-43db-bd65-893d8fd2ea15/datanode-1/data/ratis] (custom)
2019-06-15 11:24:49,106 INFO  storage.RaftStorageDirectory (RaftStorageDirectory.java:analyzeStorage(246)) - The storage directory /opt/src/hadoop-ozone/integration-test/target/test-dir/MiniOzoneClusterImpl-183e12c7-b939-43db-bd65-893d8fd2ea15/datanode-1/data/ratis/eee94b04-a2bf-43d9-b89c-054b170b4451 does not exist. Creating ...
2019-06-15 11:24:49,114 INFO  storage.RaftStorageDirectory (RaftStorageDirectory.java:tryLock(328)) - Lock on /opt/src/hadoop-ozone/integration-test/target/test-dir/MiniOzoneClusterImpl-183e12c7-b939-43db-bd65-893d8fd2ea15/datanode-1/data/ratis/eee94b04-a2bf-43d9-b89c-054b170b4451/in_use.lock acquired by nodename 10008@ozone-unit-076618677d3-mp878-3497958072
2019-06-15 11:24:49,122 INFO  storage.RaftStorage (RaftStorage.java:format(75)) - Storage directory /opt/src/hadoop-ozone/integration-test/target/test-dir/MiniOzoneClusterImpl-183e12c7-b939-43db-bd65-893d8fd2ea15/datanode-1/data/ratis/eee94b04-a2bf-43d9-b89c-054b170b4451 has been successfully formatted.
2019-06-15 11:24:49,122 INFO  ratis.ContainerStateMachine (ContainerStateMachine.java:loadSnapshot(199)) - The snapshot info is null.Setting the last applied index to:(t:0, i:~)
2019-06-15 11:24:49,122 INFO  server.RaftServerConfigKeys (ConfUtils.java:logGet(43)) - raft.server.leader.election.timeout = 10s (custom)
2019-06-15 11:24:49,122 INFO  server.RaftServerConfigKeys (ConfUtils.java:logGet(43)) - raft.server.log.use.memory = false (default)
2019-06-15 11:24:49,123 INFO  server.RaftServerConfigKeys (ConfUtils.java:logGet(43)) - raft.server.log.appender.buffer.byte-limit = 33554432 (custom)
2019-06-15 11:24:49,123 INFO  server.RaftServerConfigKeys (ConfUtils.java:logGet(43)) - raft.server.log.segment.size.max = 16384 (custom)
2019-06-15 11:24:49,123 INFO  server.RaftServerConfigKeys (ConfUtils.java:logGet(43)) - raft.server.log.segment.cache.num.max = 2 (custom)
2019-06-15 11:24:49,123 INFO  storage.RaftLogWorker (RaftLogWorker.java:<init>(123)) - new 8bb1ec0f-2155-4714-b47f-16dca82d9d62-RaftLogWorker for Storage Directory /opt/src/hadoop-ozone/integration-test/target/test-dir/MiniOzoneClusterImpl-183e12c7-b939-43db-bd65-893d8fd2ea15/datanode-1/data/ratis/eee94b04-a2bf-43d9-b89c-054b170b4451
2019-06-15 11:24:49,123 INFO  server.RaftServerConfigKeys (ConfUtils.java:logGet(43)) - raft.server.log.queue.byte-limit = 2147483647 (custom)
2019-06-15 11:24:49,123 INFO  server.RaftServerConfigKeys (ConfUtils.java:logGet(43)) - raft.server.log.queue.element-limit = 1024 (custom)
2019-06-15 11:24:49,123 INFO  server.RaftServerConfigKeys (ConfUtils.java:logGet(43)) - raft.server.log.segment.size.max = 16384 (custom)
2019-06-15 11:24:49,123 INFO  server.RaftServerConfigKeys (ConfUtils.java:logGet(43)) - raft.server.log.preallocated.size = 16384 (custom)
2019-06-15 11:24:49,124 INFO  server.RaftServerConfigKeys (ConfUtils.java:logGet(43)) - raft.server.log.write.buffer.size = 33554432 (custom)
2019-06-15 11:24:49,124 INFO  server.RaftServerConfigKeys (ConfUtils.java:logGet(43)) - raft.server.log.force.sync.num = 128 (default)
2019-06-15 11:24:49,124 INFO  server.RaftServerConfigKeys (ConfUtils.java:logGet(43)) - raft.server.log.statemachine.data.sync = true (default)
2019-06-15 11:24:49,124 INFO  server.RaftServerConfigKeys (ConfUtils.java:logGet(43)) - raft.server.log.statemachine.data.sync.timeout = 10s (default)
2019-06-15 11:24:49,124 INFO  server.RaftServerConfigKeys (ConfUtils.java:logGet(43)) - raft.server.log.statemachine.data.sync.timeout.retry = -1 (default)
2019-06-15 11:24:49,124 INFO  server.RaftServerConfigKeys (ConfUtils.java:logGet(43)) - raft.server.log.statemachine.data.caching.enabled = true (custom)
2019-06-15 11:24:49,125 INFO  server.RaftServerConfigKeys (ConfUtils.java:logGet(43)) - raft.server.snapshot.auto.trigger.enabled = true (custom)
2019-06-15 11:24:49,125 INFO  server.RaftServerConfigKeys (ConfUtils.java:logGet(43)) - raft.server.snapshot.auto.trigger.threshold = 10000 (custom)
2019-06-15 11:24:49,125 INFO  server.RaftServerConfigKeys (ConfUtils.java:logGet(43)) - raft.server.retrycache.expirytime = 600000ms (custom)
2019-06-15 11:24:49,125 INFO  impl.RaftServerImpl (RaftServerImpl.java:start(173)) - 8bb1ec0f-2155-4714-b47f-16dca82d9d62: start group-054B170B4451
2019-06-15 11:24:49,125 INFO  impl.RaftServerImpl (RaftServerImpl.java:setRole(164)) - 8bb1ec0f-2155-4714-b47f-16dca82d9d62:group-054B170B4451 changes role from null to FOLLOWER at term 0 for startAsFollower
2019-06-15 11:24:49,126 INFO  impl.RoleInfo (RoleInfo.java:updateAndGet(143)) - 8bb1ec0f-2155-4714-b47f-16dca82d9d62: start FollowerState
2019-06-15 11:24:49,134 INFO  impl.RaftServerProxy (RaftServerProxy.java:addNew(89)) - 222cbad4-9e48-4b3e-a974-e6c3ac42b23f: addNew group-054B170B4451:[8bb1ec0f-2155-4714-b47f-16dca82d9d62:192.168.134.95:33621, 54656667-56fe-48a8-9c7b-7689ace0d370:192.168.134.95:42699, 222cbad4-9e48-4b3e-a974-e6c3ac42b23f:192.168.134.95:34907] returns group-054B170B4451:java.util.concurrent.CompletableFuture@20407cca[Not completed]
2019-06-15 11:24:49,135 INFO  util.JmxRegister (JmxRegister.java:tryRegister(44)) - Successfully registered JMX Bean with object name Ratis:service=RaftServer,group=group-054B170B4451,id=8bb1ec0f-2155-4714-b47f-16dca82d9d62
2019-06-15 11:24:49,143 INFO  impl.RaftServerImpl (RaftServerImpl.java:<init>(91)) - 222cbad4-9e48-4b3e-a974-e6c3ac42b23f: new RaftServerImpl for group-054B170B4451:[8bb1ec0f-2155-4714-b47f-16dca82d9d62:192.168.134.95:33621, 54656667-56fe-48a8-9c7b-7689ace0d370:192.168.134.95:42699, 222cbad4-9e48-4b3e-a974-e6c3ac42b23f:192.168.134.95:34907] with ContainerStateMachine:uninitialized
2019-06-15 11:24:49,143 INFO  server.RaftServerConfigKeys (ConfUtils.java:logGet(43)) - raft.server.rpc.timeout.min = 1s (custom)
2019-06-15 11:24:49,143 INFO  server.RaftServerConfigKeys (ConfUtils.java:logGet(43)) - raft.server.rpc.timeout.max = 1200ms (custom)
2019-06-15 11:24:49,143 INFO  server.RaftServerConfigKeys (ConfUtils.java:logGet(43)) - raft.server.rpcslowness.timeout = 10s (custom)
2019-06-15 11:24:49,144 INFO  server.RaftServerConfigKeys (ConfUtils.java:logGet(43)) - raft.server.log.appender.install.snapshot.enabled = true (default)
2019-06-15 11:24:49,144 INFO  impl.RaftServerImpl (ServerState.java:<init>(101)) - 222cbad4-9e48-4b3e-a974-e6c3ac42b23f:group-054B170B4451 ConfigurationManager, init=-1: [8bb1ec0f-2155-4714-b47f-16dca82d9d62:192.168.134.95:33621, 54656667-56fe-48a8-9c7b-7689ace0d370:192.168.134.95:42699, 222cbad4-9e48-4b3e-a974-e6c3ac42b23f:192.168.134.95:34907], old=null, confs=<EMPTY_MAP>
2019-06-15 11:24:49,144 INFO  server.RaftServerConfigKeys (ConfUtils.java:logGet(43)) - raft.server.storage.dir = [/opt/src/hadoop-ozone/integration-test/target/test-dir/MiniOzoneClusterImpl-183e12c7-b939-43db-bd65-893d8fd2ea15/datanode-3/data/ratis] (custom)
2019-06-15 11:24:49,144 INFO  storage.RaftStorageDirectory (RaftStorageDirectory.java:analyzeStorage(246)) - The storage directory /opt/src/hadoop-ozone/integration-test/target/test-dir/MiniOzoneClusterImpl-183e12c7-b939-43db-bd65-893d8fd2ea15/datanode-3/data/ratis/eee94b04-a2bf-43d9-b89c-054b170b4451 does not exist. Creating ...
2019-06-15 11:24:49,145 INFO  impl.RaftServerProxy (RaftServerProxy.java:addNew(89)) - 54656667-56fe-48a8-9c7b-7689ace0d370: addNew group-054B170B4451:[8bb1ec0f-2155-4714-b47f-16dca82d9d62:192.168.134.95:33621, 54656667-56fe-48a8-9c7b-7689ace0d370:192.168.134.95:42699, 222cbad4-9e48-4b3e-a974-e6c3ac42b23f:192.168.134.95:34907] returns group-054B170B4451:java.util.concurrent.CompletableFuture@6542e6a6[Not completed]
2019-06-15 11:24:49,149 INFO  impl.RaftServerImpl (RaftServerImpl.java:<init>(91)) - 54656667-56fe-48a8-9c7b-7689ace0d370: new RaftServerImpl for group-054B170B4451:[8bb1ec0f-2155-4714-b47f-16dca82d9d62:192.168.134.95:33621, 54656667-56fe-48a8-9c7b-7689ace0d370:192.168.134.95:42699, 222cbad4-9e48-4b3e-a974-e6c3ac42b23f:192.168.134.95:34907] with ContainerStateMachine:uninitialized
2019-06-15 11:24:49,149 INFO  server.RaftServerConfigKeys (ConfUtils.java:logGet(43)) - raft.server.rpc.timeout.min = 1s (custom)
2019-06-15 11:24:49,149 INFO  server.RaftServerConfigKeys (ConfUtils.java:logGet(43)) - raft.server.rpc.timeout.max = 1200ms (custom)
2019-06-15 11:24:49,149 INFO  server.RaftServerConfigKeys (ConfUtils.java:logGet(43)) - raft.server.rpcslowness.timeout = 10s (custom)
2019-06-15 11:24:49,150 INFO  server.RaftServerConfigKeys (ConfUtils.java:logGet(43)) - raft.server.log.appender.install.snapshot.enabled = true (default)
2019-06-15 11:24:49,150 INFO  impl.RaftServerImpl (ServerState.java:<init>(101)) - 54656667-56fe-48a8-9c7b-7689ace0d370:group-054B170B4451 ConfigurationManager, init=-1: [8bb1ec0f-2155-4714-b47f-16dca82d9d62:192.168.134.95:33621, 54656667-56fe-48a8-9c7b-7689ace0d370:192.168.134.95:42699, 222cbad4-9e48-4b3e-a974-e6c3ac42b23f:192.168.134.95:34907], old=null, confs=<EMPTY_MAP>
2019-06-15 11:24:49,150 INFO  server.RaftServerConfigKeys (ConfUtils.java:logGet(43)) - raft.server.storage.dir = [/opt/src/hadoop-ozone/integration-test/target/test-dir/MiniOzoneClusterImpl-183e12c7-b939-43db-bd65-893d8fd2ea15/datanode-0/data/ratis] (custom)
2019-06-15 11:24:49,150 INFO  storage.RaftStorageDirectory (RaftStorageDirectory.java:analyzeStorage(246)) - The storage directory /opt/src/hadoop-ozone/integration-test/target/test-dir/MiniOzoneClusterImpl-183e12c7-b939-43db-bd65-893d8fd2ea15/datanode-0/data/ratis/eee94b04-a2bf-43d9-b89c-054b170b4451 does not exist. Creating ...
2019-06-15 11:24:49,151 INFO  storage.RaftStorageDirectory (RaftStorageDirectory.java:tryLock(328)) - Lock on /opt/src/hadoop-ozone/integration-test/target/test-dir/MiniOzoneClusterImpl-183e12c7-b939-43db-bd65-893d8fd2ea15/datanode-3/data/ratis/eee94b04-a2bf-43d9-b89c-054b170b4451/in_use.lock acquired by nodename 10008@ozone-unit-076618677d3-mp878-3497958072
2019-06-15 11:24:49,154 INFO  storage.RaftStorageDirectory (RaftStorageDirectory.java:tryLock(328)) - Lock on /opt/src/hadoop-ozone/integration-test/target/test-dir/MiniOzoneClusterImpl-183e12c7-b939-43db-bd65-893d8fd2ea15/datanode-0/data/ratis/eee94b04-a2bf-43d9-b89c-054b170b4451/in_use.lock acquired by nodename 10008@ozone-unit-076618677d3-mp878-3497958072
2019-06-15 11:24:49,155 INFO  storage.RaftStorage (RaftStorage.java:format(75)) - Storage directory /opt/src/hadoop-ozone/integration-test/target/test-dir/MiniOzoneClusterImpl-183e12c7-b939-43db-bd65-893d8fd2ea15/datanode-3/data/ratis/eee94b04-a2bf-43d9-b89c-054b170b4451 has been successfully formatted.
2019-06-15 11:24:49,155 INFO  ratis.ContainerStateMachine (ContainerStateMachine.java:loadSnapshot(199)) - The snapshot info is null.Setting the last applied index to:(t:0, i:~)
2019-06-15 11:24:49,155 INFO  server.RaftServerConfigKeys (ConfUtils.java:logGet(43)) - raft.server.leader.election.timeout = 10s (custom)
2019-06-15 11:24:49,156 INFO  server.RaftServerConfigKeys (ConfUtils.java:logGet(43)) - raft.server.log.use.memory = false (default)
2019-06-15 11:24:49,156 INFO  server.RaftServerConfigKeys (ConfUtils.java:logGet(43)) - raft.server.log.appender.buffer.byte-limit = 33554432 (custom)
2019-06-15 11:24:49,156 INFO  server.RaftServerConfigKeys (ConfUtils.java:logGet(43)) - raft.server.log.segment.size.max = 16384 (custom)
2019-06-15 11:24:49,156 INFO  server.RaftServerConfigKeys (ConfUtils.java:logGet(43)) - raft.server.log.segment.cache.num.max = 2 (custom)
2019-06-15 11:24:49,156 INFO  storage.RaftLogWorker (RaftLogWorker.java:<init>(123)) - new 222cbad4-9e48-4b3e-a974-e6c3ac42b23f-RaftLogWorker for Storage Directory /opt/src/hadoop-ozone/integration-test/target/test-dir/MiniOzoneClusterImpl-183e12c7-b939-43db-bd65-893d8fd2ea15/datanode-3/data/ratis/eee94b04-a2bf-43d9-b89c-054b170b4451
2019-06-15 11:24:49,156 INFO  server.RaftServerConfigKeys (ConfUtils.java:logGet(43)) - raft.server.log.queue.byte-limit = 2147483647 (custom)
2019-06-15 11:24:49,156 INFO  server.RaftServerConfigKeys (ConfUtils.java:logGet(43)) - raft.server.log.queue.element-limit = 1024 (custom)
2019-06-15 11:24:49,157 INFO  server.RaftServerConfigKeys (ConfUtils.java:logGet(43)) - raft.server.log.segment.size.max = 16384 (custom)
2019-06-15 11:24:49,157 INFO  server.RaftServerConfigKeys (ConfUtils.java:logGet(43)) - raft.server.log.preallocated.size = 16384 (custom)
2019-06-15 11:24:49,157 INFO  server.RaftServerConfigKeys (ConfUtils.java:logGet(43)) - raft.server.log.write.buffer.size = 33554432 (custom)
2019-06-15 11:24:49,157 INFO  server.RaftServerConfigKeys (ConfUtils.java:logGet(43)) - raft.server.log.force.sync.num = 128 (default)
2019-06-15 11:24:49,157 INFO  server.RaftServerConfigKeys (ConfUtils.java:logGet(43)) - raft.server.log.statemachine.data.sync = true (default)
2019-06-15 11:24:49,157 INFO  server.RaftServerConfigKeys (ConfUtils.java:logGet(43)) - raft.server.log.statemachine.data.sync.timeout = 10s (default)
2019-06-15 11:24:49,157 INFO  server.RaftServerConfigKeys (ConfUtils.java:logGet(43)) - raft.server.log.statemachine.data.sync.timeout.retry = -1 (default)
2019-06-15 11:24:49,157 INFO  server.RaftServerConfigKeys (ConfUtils.java:logGet(43)) - raft.server.log.statemachine.data.caching.enabled = true (custom)
2019-06-15 11:24:49,157 INFO  storage.RaftStorage (RaftStorage.java:format(75)) - Storage directory /opt/src/hadoop-ozone/integration-test/target/test-dir/MiniOzoneClusterImpl-183e12c7-b939-43db-bd65-893d8fd2ea15/datanode-0/data/ratis/eee94b04-a2bf-43d9-b89c-054b170b4451 has been successfully formatted.
2019-06-15 11:24:49,158 INFO  ratis.ContainerStateMachine (ContainerStateMachine.java:loadSnapshot(199)) - The snapshot info is null.Setting the last applied index to:(t:0, i:~)
2019-06-15 11:24:49,158 INFO  server.RaftServerConfigKeys (ConfUtils.java:logGet(43)) - raft.server.leader.election.timeout = 10s (custom)
2019-06-15 11:24:49,158 INFO  server.RaftServerConfigKeys (ConfUtils.java:logGet(43)) - raft.server.log.use.memory = false (default)
2019-06-15 11:24:49,158 INFO  server.RaftServerConfigKeys (ConfUtils.java:logGet(43)) - raft.server.log.appender.buffer.byte-limit = 33554432 (custom)
2019-06-15 11:24:49,158 INFO  server.RaftServerConfigKeys (ConfUtils.java:logGet(43)) - raft.server.log.segment.size.max = 16384 (custom)
2019-06-15 11:24:49,158 INFO  server.RaftServerConfigKeys (ConfUtils.java:logGet(43)) - raft.server.log.segment.cache.num.max = 2 (custom)
2019-06-15 11:24:49,158 INFO  storage.RaftLogWorker (RaftLogWorker.java:<init>(123)) - new 54656667-56fe-48a8-9c7b-7689ace0d370-RaftLogWorker for Storage Directory /opt/src/hadoop-ozone/integration-test/target/test-dir/MiniOzoneClusterImpl-183e12c7-b939-43db-bd65-893d8fd2ea15/datanode-0/data/ratis/eee94b04-a2bf-43d9-b89c-054b170b4451
2019-06-15 11:24:49,159 INFO  server.RaftServerConfigKeys (ConfUtils.java:logGet(43)) - raft.server.log.queue.byte-limit = 2147483647 (custom)
2019-06-15 11:24:49,159 INFO  server.RaftServerConfigKeys (ConfUtils.java:logGet(43)) - raft.server.log.queue.element-limit = 1024 (custom)
2019-06-15 11:24:49,159 INFO  server.RaftServerConfigKeys (ConfUtils.java:logGet(43)) - raft.server.log.segment.size.max = 16384 (custom)
2019-06-15 11:24:49,159 INFO  server.RaftServerConfigKeys (ConfUtils.java:logGet(43)) - raft.server.log.preallocated.size = 16384 (custom)
2019-06-15 11:24:49,159 INFO  server.RaftServerConfigKeys (ConfUtils.java:logGet(43)) - raft.server.log.write.buffer.size = 33554432 (custom)
2019-06-15 11:24:49,159 INFO  server.RaftServerConfigKeys (ConfUtils.java:logGet(43)) - raft.server.log.force.sync.num = 128 (default)
2019-06-15 11:24:49,159 INFO  server.RaftServerConfigKeys (ConfUtils.java:logGet(43)) - raft.server.log.statemachine.data.sync = true (default)
2019-06-15 11:24:49,159 INFO  server.RaftServerConfigKeys (ConfUtils.java:logGet(43)) - raft.server.log.statemachine.data.sync.timeout = 10s (default)
2019-06-15 11:24:49,159 INFO  server.RaftServerConfigKeys (ConfUtils.java:logGet(43)) - raft.server.log.statemachine.data.sync.timeout.retry = -1 (default)
2019-06-15 11:24:49,160 INFO  server.RaftServerConfigKeys (ConfUtils.java:logGet(43)) - raft.server.log.statemachine.data.caching.enabled = true (custom)
2019-06-15 11:24:49,160 INFO  server.RaftServerConfigKeys (ConfUtils.java:logGet(43)) - raft.server.snapshot.auto.trigger.enabled = true (custom)
2019-06-15 11:24:49,160 INFO  server.RaftServerConfigKeys (ConfUtils.java:logGet(43)) - raft.server.snapshot.auto.trigger.threshold = 10000 (custom)
2019-06-15 11:24:49,161 INFO  server.RaftServerConfigKeys (ConfUtils.java:logGet(43)) - raft.server.snapshot.auto.trigger.enabled = true (custom)
2019-06-15 11:24:49,161 INFO  server.RaftServerConfigKeys (ConfUtils.java:logGet(43)) - raft.server.snapshot.auto.trigger.threshold = 10000 (custom)
2019-06-15 11:24:49,161 INFO  server.RaftServerConfigKeys (ConfUtils.java:logGet(43)) - raft.server.retrycache.expirytime = 600000ms (custom)
2019-06-15 11:24:49,161 INFO  server.RaftServerConfigKeys (ConfUtils.java:logGet(43)) - raft.server.retrycache.expirytime = 600000ms (custom)
2019-06-15 11:24:49,162 INFO  impl.RaftServerImpl (RaftServerImpl.java:start(173)) - 54656667-56fe-48a8-9c7b-7689ace0d370: start group-054B170B4451
2019-06-15 11:24:49,162 INFO  impl.RaftServerImpl (RaftServerImpl.java:start(173)) - 222cbad4-9e48-4b3e-a974-e6c3ac42b23f: start group-054B170B4451
2019-06-15 11:24:49,162 INFO  impl.RaftServerImpl (RaftServerImpl.java:setRole(164)) - 222cbad4-9e48-4b3e-a974-e6c3ac42b23f:group-054B170B4451 changes role from null to FOLLOWER at term 0 for startAsFollower
2019-06-15 11:24:49,162 INFO  impl.RaftServerImpl (RaftServerImpl.java:setRole(164)) - 54656667-56fe-48a8-9c7b-7689ace0d370:group-054B170B4451 changes role from null to FOLLOWER at term 0 for startAsFollower
2019-06-15 11:24:49,163 INFO  impl.RoleInfo (RoleInfo.java:updateAndGet(143)) - 222cbad4-9e48-4b3e-a974-e6c3ac42b23f: start FollowerState
2019-06-15 11:24:49,163 INFO  impl.RoleInfo (RoleInfo.java:updateAndGet(143)) - 54656667-56fe-48a8-9c7b-7689ace0d370: start FollowerState
2019-06-15 11:24:49,163 INFO  util.JmxRegister (JmxRegister.java:tryRegister(44)) - Successfully registered JMX Bean with object name Ratis:service=RaftServer,group=group-054B170B4451,id=222cbad4-9e48-4b3e-a974-e6c3ac42b23f
2019-06-15 11:24:49,164 INFO  util.JmxRegister (JmxRegister.java:tryRegister(44)) - Successfully registered JMX Bean with object name Ratis:service=RaftServer,group=group-054B170B4451,id=54656667-56fe-48a8-9c7b-7689ace0d370
2019-06-15 11:24:49,226 INFO  node.SCMNodeManager (SCMNodeManager.java:register(269)) - Registered Data node : ab26de49-13b6-4535-b39b-8139edd8ddad{ip: 192.168.134.95, host: ozone-unit-076618677d3-mp878-3497958072, networkLocation: /default-rack, certSerialId: null}
2019-06-15 11:24:49,236 INFO  pipeline.PipelineStateManager (PipelineStateManager.java:addPipeline(56)) - Created pipeline Pipeline[ Id: eee94b04-a2bf-43d9-b89c-054b170b4451, Nodes: 8bb1ec0f-2155-4714-b47f-16dca82d9d62{ip: 192.168.134.95, host: ozone-unit-076618677d3-mp878-3497958072, networkLocation: /default-rack, certSerialId: null}222cbad4-9e48-4b3e-a974-e6c3ac42b23f{ip: 192.168.134.95, host: ozone-unit-076618677d3-mp878-3497958072, networkLocation: /default-rack, certSerialId: null}54656667-56fe-48a8-9c7b-7689ace0d370{ip: 192.168.134.95, host: ozone-unit-076618677d3-mp878-3497958072, networkLocation: /default-rack, certSerialId: null}, Type:RATIS, Factor:THREE, State:OPEN]
2019-06-15 11:24:49,277 INFO  impl.RaftServerProxy (RaftServerProxy.java:addNew(89)) - ab26de49-13b6-4535-b39b-8139edd8ddad: addNew group-99E30E5C7B49:[ab26de49-13b6-4535-b39b-8139edd8ddad:192.168.134.95:34889] returns group-99E30E5C7B49:java.util.concurrent.CompletableFuture@77e8a664[Not completed]
2019-06-15 11:24:49,279 INFO  impl.RaftServerImpl (RaftServerImpl.java:<init>(91)) - ab26de49-13b6-4535-b39b-8139edd8ddad: new RaftServerImpl for group-99E30E5C7B49:[ab26de49-13b6-4535-b39b-8139edd8ddad:192.168.134.95:34889] with ContainerStateMachine:uninitialized
2019-06-15 11:24:49,281 INFO  server.RaftServerConfigKeys (ConfUtils.java:logGet(43)) - raft.server.rpc.timeout.min = 1s (custom)
2019-06-15 11:24:49,281 INFO  server.RaftServerConfigKeys (ConfUtils.java:logGet(43)) - raft.server.rpc.timeout.max = 1200ms (custom)
2019-06-15 11:24:49,281 INFO  server.RaftServerConfigKeys (ConfUtils.java:logGet(43)) - raft.server.rpcslowness.timeout = 10s (custom)
2019-06-15 11:24:49,281 INFO  server.RaftServerConfigKeys (ConfUtils.java:logGet(43)) - raft.server.log.appender.install.snapshot.enabled = true (default)
2019-06-15 11:24:49,281 INFO  impl.RaftServerImpl (ServerState.java:<init>(101)) - ab26de49-13b6-4535-b39b-8139edd8ddad:group-99E30E5C7B49 ConfigurationManager, init=-1: [ab26de49-13b6-4535-b39b-8139edd8ddad:192.168.134.95:34889], old=null, confs=<EMPTY_MAP>
2019-06-15 11:24:49,282 INFO  server.RaftServerConfigKeys (ConfUtils.java:logGet(43)) - raft.server.storage.dir = [/opt/src/hadoop-ozone/integration-test/target/test-dir/MiniOzoneClusterImpl-183e12c7-b939-43db-bd65-893d8fd2ea15/datanode-4/data/ratis] (custom)
2019-06-15 11:24:49,282 INFO  storage.RaftStorageDirectory (RaftStorageDirectory.java:analyzeStorage(246)) - The storage directory /opt/src/hadoop-ozone/integration-test/target/test-dir/MiniOzoneClusterImpl-183e12c7-b939-43db-bd65-893d8fd2ea15/datanode-4/data/ratis/db2c20b8-d3ba-4a40-a679-99e30e5c7b49 does not exist. Creating ...
2019-06-15 11:24:49,284 INFO  storage.RaftStorageDirectory (RaftStorageDirectory.java:tryLock(328)) - Lock on /opt/src/hadoop-ozone/integration-test/target/test-dir/MiniOzoneClusterImpl-183e12c7-b939-43db-bd65-893d8fd2ea15/datanode-4/data/ratis/db2c20b8-d3ba-4a40-a679-99e30e5c7b49/in_use.lock acquired by nodename 10008@ozone-unit-076618677d3-mp878-3497958072
2019-06-15 11:24:49,287 INFO  storage.RaftStorage (RaftStorage.java:format(75)) - Storage directory /opt/src/hadoop-ozone/integration-test/target/test-dir/MiniOzoneClusterImpl-183e12c7-b939-43db-bd65-893d8fd2ea15/datanode-4/data/ratis/db2c20b8-d3ba-4a40-a679-99e30e5c7b49 has been successfully formatted.
2019-06-15 11:24:49,287 INFO  ratis.ContainerStateMachine (ContainerStateMachine.java:loadSnapshot(199)) - The snapshot info is null.Setting the last applied index to:(t:0, i:~)
2019-06-15 11:24:49,287 INFO  server.RaftServerConfigKeys (ConfUtils.java:logGet(43)) - raft.server.leader.election.timeout = 10s (custom)
2019-06-15 11:24:49,288 INFO  server.RaftServerConfigKeys (ConfUtils.java:logGet(43)) - raft.server.log.use.memory = false (default)
2019-06-15 11:24:49,288 INFO  server.RaftServerConfigKeys (ConfUtils.java:logGet(43)) - raft.server.log.appender.buffer.byte-limit = 33554432 (custom)
2019-06-15 11:24:49,288 INFO  server.RaftServerConfigKeys (ConfUtils.java:logGet(43)) - raft.server.log.segment.size.max = 16384 (custom)
2019-06-15 11:24:49,288 INFO  server.RaftServerConfigKeys (ConfUtils.java:logGet(43)) - raft.server.log.segment.cache.num.max = 2 (custom)
2019-06-15 11:24:49,288 INFO  storage.RaftLogWorker (RaftLogWorker.java:<init>(123)) - new ab26de49-13b6-4535-b39b-8139edd8ddad-RaftLogWorker for Storage Directory /opt/src/hadoop-ozone/integration-test/target/test-dir/MiniOzoneClusterImpl-183e12c7-b939-43db-bd65-893d8fd2ea15/datanode-4/data/ratis/db2c20b8-d3ba-4a40-a679-99e30e5c7b49
2019-06-15 11:24:49,289 INFO  server.RaftServerConfigKeys (ConfUtils.java:logGet(43)) - raft.server.log.queue.byte-limit = 2147483647 (custom)
2019-06-15 11:24:49,289 INFO  server.RaftServerConfigKeys (ConfUtils.java:logGet(43)) - raft.server.log.queue.element-limit = 1024 (custom)
2019-06-15 11:24:49,289 INFO  server.RaftServerConfigKeys (ConfUtils.java:logGet(43)) - raft.server.log.segment.size.max = 16384 (custom)
2019-06-15 11:24:49,289 INFO  server.RaftServerConfigKeys (ConfUtils.java:logGet(43)) - raft.server.log.preallocated.size = 16384 (custom)
2019-06-15 11:24:49,289 INFO  server.RaftServerConfigKeys (ConfUtils.java:logGet(43)) - raft.server.log.write.buffer.size = 33554432 (custom)
2019-06-15 11:24:49,289 INFO  server.RaftServerConfigKeys (ConfUtils.java:logGet(43)) - raft.server.log.force.sync.num = 128 (default)
2019-06-15 11:24:49,290 INFO  server.RaftServerConfigKeys (ConfUtils.java:logGet(43)) - raft.server.log.statemachine.data.sync = true (default)
2019-06-15 11:24:49,290 INFO  server.RaftServerConfigKeys (ConfUtils.java:logGet(43)) - raft.server.log.statemachine.data.sync.timeout = 10s (default)
2019-06-15 11:24:49,290 INFO  server.RaftServerConfigKeys (ConfUtils.java:logGet(43)) - raft.server.log.statemachine.data.sync.timeout.retry = -1 (default)
2019-06-15 11:24:49,290 INFO  server.RaftServerConfigKeys (ConfUtils.java:logGet(43)) - raft.server.log.statemachine.data.caching.enabled = true (custom)
2019-06-15 11:24:49,298 INFO  server.RaftServerConfigKeys (ConfUtils.java:logGet(43)) - raft.server.snapshot.auto.trigger.enabled = true (custom)
2019-06-15 11:24:49,299 INFO  server.RaftServerConfigKeys (ConfUtils.java:logGet(43)) - raft.server.snapshot.auto.trigger.threshold = 10000 (custom)
2019-06-15 11:24:49,299 INFO  server.RaftServerConfigKeys (ConfUtils.java:logGet(43)) - raft.server.retrycache.expirytime = 600000ms (custom)
2019-06-15 11:24:49,299 INFO  impl.RaftServerImpl (RaftServerImpl.java:start(173)) - ab26de49-13b6-4535-b39b-8139edd8ddad: start group-99E30E5C7B49
2019-06-15 11:24:49,299 INFO  impl.RaftServerImpl (RaftServerImpl.java:setRole(164)) - ab26de49-13b6-4535-b39b-8139edd8ddad:group-99E30E5C7B49 changes role from null to FOLLOWER at term 0 for startAsFollower
2019-06-15 11:24:49,299 INFO  impl.RoleInfo (RoleInfo.java:updateAndGet(143)) - ab26de49-13b6-4535-b39b-8139edd8ddad: start FollowerState
2019-06-15 11:24:49,316 INFO  util.JmxRegister (JmxRegister.java:tryRegister(44)) - Successfully registered JMX Bean with object name Ratis:service=RaftServer,group=group-99E30E5C7B49,id=ab26de49-13b6-4535-b39b-8139edd8ddad
2019-06-15 11:24:49,328 INFO  pipeline.PipelineStateManager (PipelineStateManager.java:addPipeline(56)) - Created pipeline Pipeline[ Id: db2c20b8-d3ba-4a40-a679-99e30e5c7b49, Nodes: ab26de49-13b6-4535-b39b-8139edd8ddad{ip: 192.168.134.95, host: ozone-unit-076618677d3-mp878-3497958072, networkLocation: /default-rack, certSerialId: null}, Type:RATIS, Factor:ONE, State:OPEN]
2019-06-15 11:24:49,753 INFO  impl.FollowerState (FollowerState.java:run(101)) - 54656667-56fe-48a8-9c7b-7689ace0d370:group-A8D8A306531B changes to CANDIDATE, lastRpcTime:1085, electionTimeout:1075ms
2019-06-15 11:24:49,754 INFO  impl.RoleInfo (RoleInfo.java:shutdownFollowerState(121)) - 54656667-56fe-48a8-9c7b-7689ace0d370: shutdown FollowerState
2019-06-15 11:24:49,754 INFO  impl.RaftServerImpl (RaftServerImpl.java:setRole(164)) - 54656667-56fe-48a8-9c7b-7689ace0d370:group-A8D8A306531B changes role from FOLLOWER to CANDIDATE at term 0 for changeToCandidate
2019-06-15 11:24:49,757 INFO  impl.RoleInfo (RoleInfo.java:updateAndGet(143)) - 54656667-56fe-48a8-9c7b-7689ace0d370: start LeaderElection
2019-06-15 11:24:49,766 INFO  impl.LeaderElection (LeaderElection.java:askForVotes(181)) - 54656667-56fe-48a8-9c7b-7689ace0d370:group-A8D8A306531B:LeaderElection1: begin an election at term 1 for -1: [54656667-56fe-48a8-9c7b-7689ace0d370:192.168.134.95:42699], old=null
2019-06-15 11:24:49,768 INFO  impl.RoleInfo (RoleInfo.java:shutdownLeaderElection(134)) - 54656667-56fe-48a8-9c7b-7689ace0d370: shutdown LeaderElection
2019-06-15 11:24:49,768 INFO  impl.RaftServerImpl (RaftServerImpl.java:setRole(164)) - 54656667-56fe-48a8-9c7b-7689ace0d370:group-A8D8A306531B changes role from CANDIDATE to LEADER at term 1 for changeToLeader
2019-06-15 11:24:49,768 INFO  impl.RaftServerImpl (ServerState.java:setLeader(263)) - 54656667-56fe-48a8-9c7b-7689ace0d370:group-A8D8A306531B change Leader from null to 54656667-56fe-48a8-9c7b-7689ace0d370 at term 1 for becomeLeader, leader elected after 1159ms
2019-06-15 11:24:49,783 INFO  ozone.MiniOzoneClusterImpl (MiniOzoneClusterImpl.java:lambda$waitForClusterToBeReady$0(142)) - Waiting for cluster to be ready. Got 5 of 6 DN Heartbeats.
2019-06-15 11:24:49,783 INFO  server.RaftServerConfigKeys (ConfUtils.java:logGet(43)) - raft.server.staging.catchup.gap = 1000 (default)
2019-06-15 11:24:49,783 INFO  server.RaftServerConfigKeys (ConfUtils.java:logGet(43)) - raft.server.rpc.sleep.time = 25ms (default)
2019-06-15 11:24:49,787 INFO  server.RaftServerConfigKeys (ConfUtils.java:logGet(43)) - raft.server.watch.timeout = 10s (default)
2019-06-15 11:24:49,787 INFO  server.RaftServerConfigKeys (ConfUtils.java:logGet(43)) - raft.server.watch.timeout.denomination = 1s (default)
2019-06-15 11:24:49,794 INFO  impl.RoleInfo (RoleInfo.java:updateAndGet(143)) - 54656667-56fe-48a8-9c7b-7689ace0d370: start LeaderState
2019-06-15 11:24:49,815 INFO  storage.RaftLogWorker (RaftLogWorker.java:startLogSegment(298)) - 54656667-56fe-48a8-9c7b-7689ace0d370-RaftLogWorker: Starting segment from index:0
2019-06-15 11:24:49,818 INFO  node.SCMNodeManager (SCMNodeManager.java:register(269)) - Registered Data node : 0bb5789c-9972-4389-9a3c-260c06dc843d{ip: 192.168.134.95, host: ozone-unit-076618677d3-mp878-3497958072, networkLocation: /default-rack, certSerialId: null}
2019-06-15 11:24:49,847 INFO  impl.FollowerState (FollowerState.java:run(101)) - 8bb1ec0f-2155-4714-b47f-16dca82d9d62:group-9A083ECE7E0A changes to CANDIDATE, lastRpcTime:1029, electionTimeout:1022ms
2019-06-15 11:24:49,863 INFO  impl.RoleInfo (RoleInfo.java:shutdownFollowerState(121)) - 8bb1ec0f-2155-4714-b47f-16dca82d9d62: shutdown FollowerState
2019-06-15 11:24:49,863 INFO  impl.RaftServerImpl (RaftServerImpl.java:setRole(164)) - 8bb1ec0f-2155-4714-b47f-16dca82d9d62:group-9A083ECE7E0A changes role from FOLLOWER to CANDIDATE at term 0 for changeToCandidate
2019-06-15 11:24:49,863 INFO  impl.RoleInfo (RoleInfo.java:updateAndGet(143)) - 8bb1ec0f-2155-4714-b47f-16dca82d9d62: start LeaderElection
2019-06-15 11:24:49,869 INFO  impl.RaftServerImpl (ServerState.java:setRaftConf(361)) - 54656667-56fe-48a8-9c7b-7689ace0d370:group-A8D8A306531B set configuration 0: [54656667-56fe-48a8-9c7b-7689ace0d370:192.168.134.95:42699], old=null at 0
2019-06-15 11:24:49,886 INFO  impl.RaftServerProxy (RaftServerProxy.java:addNew(89)) - 0bb5789c-9972-4389-9a3c-260c06dc843d: addNew group-42B09EAB5508:[0bb5789c-9972-4389-9a3c-260c06dc843d:192.168.134.95:40037] returns group-42B09EAB5508:java.util.concurrent.CompletableFuture@5e85d83a[Not completed]
2019-06-15 11:24:49,887 INFO  impl.LeaderElection (LeaderElection.java:askForVotes(181)) - 8bb1ec0f-2155-4714-b47f-16dca82d9d62:group-9A083ECE7E0A:LeaderElection2: begin an election at term 1 for -1: [8bb1ec0f-2155-4714-b47f-16dca82d9d62:192.168.134.95:33621], old=null
2019-06-15 11:24:49,894 INFO  impl.RoleInfo (RoleInfo.java:shutdownLeaderElection(134)) - 8bb1ec0f-2155-4714-b47f-16dca82d9d62: shutdown LeaderElection
2019-06-15 11:24:49,894 INFO  impl.RaftServerImpl (RaftServerImpl.java:setRole(164)) - 8bb1ec0f-2155-4714-b47f-16dca82d9d62:group-9A083ECE7E0A changes role from CANDIDATE to LEADER at term 1 for changeToLeader
2019-06-15 11:24:49,894 INFO  impl.RaftServerImpl (ServerState.java:setLeader(263)) - 8bb1ec0f-2155-4714-b47f-16dca82d9d62:group-9A083ECE7E0A change Leader from null to 8bb1ec0f-2155-4714-b47f-16dca82d9d62 at term 1 for becomeLeader, leader elected after 1081ms
2019-06-15 11:24:49,900 INFO  impl.RaftServerImpl (RaftServerImpl.java:<init>(91)) - 0bb5789c-9972-4389-9a3c-260c06dc843d: new RaftServerImpl for group-42B09EAB5508:[0bb5789c-9972-4389-9a3c-260c06dc843d:192.168.134.95:40037] with ContainerStateMachine:uninitialized
2019-06-15 11:24:49,900 INFO  server.RaftServerConfigKeys (ConfUtils.java:logGet(43)) - raft.server.rpc.timeout.min = 1s (custom)
2019-06-15 11:24:49,900 INFO  server.RaftServerConfigKeys (ConfUtils.java:logGet(43)) - raft.server.rpc.timeout.max = 1200ms (custom)
2019-06-15 11:24:49,900 INFO  server.RaftServerConfigKeys (ConfUtils.java:logGet(43)) - raft.server.rpcslowness.timeout = 10s (custom)
2019-06-15 11:24:49,900 INFO  server.RaftServerConfigKeys (ConfUtils.java:logGet(43)) - raft.server.log.appender.install.snapshot.enabled = true (default)
2019-06-15 11:24:49,900 INFO  impl.RaftServerImpl (ServerState.java:<init>(101)) - 0bb5789c-9972-4389-9a3c-260c06dc843d:group-42B09EAB5508 ConfigurationManager, init=-1: [0bb5789c-9972-4389-9a3c-260c06dc843d:192.168.134.95:40037], old=null, confs=<EMPTY_MAP>
2019-06-15 11:24:49,900 INFO  server.RaftServerConfigKeys (ConfUtils.java:logGet(43)) - raft.server.storage.dir = [/opt/src/hadoop-ozone/integration-test/target/test-dir/MiniOzoneClusterImpl-183e12c7-b939-43db-bd65-893d8fd2ea15/datanode-5/data/ratis] (custom)
2019-06-15 11:24:49,901 INFO  storage.RaftStorageDirectory (RaftStorageDirectory.java:analyzeStorage(246)) - The storage directory /opt/src/hadoop-ozone/integration-test/target/test-dir/MiniOzoneClusterImpl-183e12c7-b939-43db-bd65-893d8fd2ea15/datanode-5/data/ratis/4661a331-071e-41a4-95c7-42b09eab5508 does not exist. Creating ...
2019-06-15 11:24:49,901 INFO  server.RaftServerConfigKeys (ConfUtils.java:logGet(43)) - raft.server.staging.catchup.gap = 1000 (default)
2019-06-15 11:24:49,901 INFO  server.RaftServerConfigKeys (ConfUtils.java:logGet(43)) - raft.server.rpc.sleep.time = 25ms (default)
2019-06-15 11:24:49,901 INFO  server.RaftServerConfigKeys (ConfUtils.java:logGet(43)) - raft.server.watch.timeout = 10s (default)
2019-06-15 11:24:49,902 INFO  server.RaftServerConfigKeys (ConfUtils.java:logGet(43)) - raft.server.watch.timeout.denomination = 1s (default)
2019-06-15 11:24:49,902 INFO  impl.RoleInfo (RoleInfo.java:updateAndGet(143)) - 8bb1ec0f-2155-4714-b47f-16dca82d9d62: start LeaderState
2019-06-15 11:24:49,902 INFO  storage.RaftLogWorker (RaftLogWorker.java:startLogSegment(298)) - 8bb1ec0f-2155-4714-b47f-16dca82d9d62-RaftLogWorker: Starting segment from index:0
2019-06-15 11:24:49,903 INFO  storage.RaftStorageDirectory (RaftStorageDirectory.java:tryLock(328)) - Lock on /opt/src/hadoop-ozone/integration-test/target/test-dir/MiniOzoneClusterImpl-183e12c7-b939-43db-bd65-893d8fd2ea15/datanode-5/data/ratis/4661a331-071e-41a4-95c7-42b09eab5508/in_use.lock acquired by nodename 10008@ozone-unit-076618677d3-mp878-3497958072
2019-06-15 11:24:49,906 INFO  storage.RaftStorage (RaftStorage.java:format(75)) - Storage directory /opt/src/hadoop-ozone/integration-test/target/test-dir/MiniOzoneClusterImpl-183e12c7-b939-43db-bd65-893d8fd2ea15/datanode-5/data/ratis/4661a331-071e-41a4-95c7-42b09eab5508 has been successfully formatted.
2019-06-15 11:24:49,907 INFO  ratis.ContainerStateMachine (ContainerStateMachine.java:loadSnapshot(199)) - The snapshot info is null.Setting the last applied index to:(t:0, i:~)
2019-06-15 11:24:49,907 INFO  server.RaftServerConfigKeys (ConfUtils.java:logGet(43)) - raft.server.leader.election.timeout = 10s (custom)
2019-06-15 11:24:49,907 INFO  server.RaftServerConfigKeys (ConfUtils.java:logGet(43)) - raft.server.log.use.memory = false (default)
2019-06-15 11:24:49,907 INFO  server.RaftServerConfigKeys (ConfUtils.java:logGet(43)) - raft.server.log.appender.buffer.byte-limit = 33554432 (custom)
2019-06-15 11:24:49,907 INFO  server.RaftServerConfigKeys (ConfUtils.java:logGet(43)) - raft.server.log.segment.size.max = 16384 (custom)
2019-06-15 11:24:49,908 INFO  server.RaftServerConfigKeys (ConfUtils.java:logGet(43)) - raft.server.log.segment.cache.num.max = 2 (custom)
2019-06-15 11:24:49,908 INFO  storage.RaftLogWorker (RaftLogWorker.java:<init>(123)) - new 0bb5789c-9972-4389-9a3c-260c06dc843d-RaftLogWorker for Storage Directory /opt/src/hadoop-ozone/integration-test/target/test-dir/MiniOzoneClusterImpl-183e12c7-b939-43db-bd65-893d8fd2ea15/datanode-5/data/ratis/4661a331-071e-41a4-95c7-42b09eab5508
2019-06-15 11:24:49,908 INFO  server.RaftServerConfigKeys (ConfUtils.java:logGet(43)) - raft.server.log.queue.byte-limit = 2147483647 (custom)
2019-06-15 11:24:49,908 INFO  server.RaftServerConfigKeys (ConfUtils.java:logGet(43)) - raft.server.log.queue.element-limit = 1024 (custom)
2019-06-15 11:24:49,908 INFO  server.RaftServerConfigKeys (ConfUtils.java:logGet(43)) - raft.server.log.segment.size.max = 16384 (custom)
2019-06-15 11:24:49,908 INFO  server.RaftServerConfigKeys (ConfUtils.java:logGet(43)) - raft.server.log.preallocated.size = 16384 (custom)
2019-06-15 11:24:49,908 INFO  server.RaftServerConfigKeys (ConfUtils.java:logGet(43)) - raft.server.log.write.buffer.size = 33554432 (custom)
2019-06-15 11:24:49,908 INFO  server.RaftServerConfigKeys (ConfUtils.java:logGet(43)) - raft.server.log.force.sync.num = 128 (default)
2019-06-15 11:24:49,908 INFO  server.RaftServerConfigKeys (ConfUtils.java:logGet(43)) - raft.server.log.statemachine.data.sync = true (default)
2019-06-15 11:24:49,908 INFO  server.RaftServerConfigKeys (ConfUtils.java:logGet(43)) - raft.server.log.statemachine.data.sync.timeout = 10s (default)
2019-06-15 11:24:49,909 INFO  server.RaftServerConfigKeys (ConfUtils.java:logGet(43)) - raft.server.log.statemachine.data.sync.timeout.retry = -1 (default)
2019-06-15 11:24:49,910 INFO  impl.RaftServerImpl (ServerState.java:setRaftConf(361)) - 8bb1ec0f-2155-4714-b47f-16dca82d9d62:group-9A083ECE7E0A set configuration 0: [8bb1ec0f-2155-4714-b47f-16dca82d9d62:192.168.134.95:33621], old=null at 0
2019-06-15 11:24:49,923 INFO  server.RaftServerConfigKeys (ConfUtils.java:logGet(43)) - raft.server.log.statemachine.data.caching.enabled = true (custom)
2019-06-15 11:24:49,926 INFO  server.RaftServerConfigKeys (ConfUtils.java:logGet(43)) - raft.server.snapshot.auto.trigger.enabled = true (custom)
2019-06-15 11:24:49,926 INFO  server.RaftServerConfigKeys (ConfUtils.java:logGet(43)) - raft.server.snapshot.auto.trigger.threshold = 10000 (custom)
2019-06-15 11:24:49,926 INFO  server.RaftServerConfigKeys (ConfUtils.java:logGet(43)) - raft.server.retrycache.expirytime = 600000ms (custom)
2019-06-15 11:24:49,926 INFO  impl.RaftServerImpl (RaftServerImpl.java:start(173)) - 0bb5789c-9972-4389-9a3c-260c06dc843d: start group-42B09EAB5508
2019-06-15 11:24:49,927 INFO  impl.RaftServerImpl (RaftServerImpl.java:setRole(164)) - 0bb5789c-9972-4389-9a3c-260c06dc843d:group-42B09EAB5508 changes role from null to FOLLOWER at term 0 for startAsFollower
2019-06-15 11:24:49,927 INFO  impl.RoleInfo (RoleInfo.java:updateAndGet(143)) - 0bb5789c-9972-4389-9a3c-260c06dc843d: start FollowerState
2019-06-15 11:24:49,928 INFO  util.JmxRegister (JmxRegister.java:tryRegister(44)) - Successfully registered JMX Bean with object name Ratis:service=RaftServer,group=group-42B09EAB5508,id=0bb5789c-9972-4389-9a3c-260c06dc843d
2019-06-15 11:24:49,964 INFO  pipeline.PipelineStateManager (PipelineStateManager.java:addPipeline(56)) - Created pipeline Pipeline[ Id: 4661a331-071e-41a4-95c7-42b09eab5508, Nodes: 0bb5789c-9972-4389-9a3c-260c06dc843d{ip: 192.168.134.95, host: ozone-unit-076618677d3-mp878-3497958072, networkLocation: /default-rack, certSerialId: null}, Type:RATIS, Factor:ONE, State:OPEN]
2019-06-15 11:24:50,014 INFO  impl.RaftServerProxy (RaftServerProxy.java:addNew(89)) - 0bb5789c-9972-4389-9a3c-260c06dc843d: addNew group-D5F5B66F8D9F:[ab26de49-13b6-4535-b39b-8139edd8ddad:192.168.134.95:34889, 0bb5789c-9972-4389-9a3c-260c06dc843d:192.168.134.95:40037, 4481157c-7ad0-41fd-8768-5c637c4e3293:192.168.134.95:35673] returns group-D5F5B66F8D9F:java.util.concurrent.CompletableFuture@cc2ee87[Not completed]
2019-06-15 11:24:50,015 INFO  impl.RaftServerImpl (RaftServerImpl.java:<init>(91)) - 0bb5789c-9972-4389-9a3c-260c06dc843d: new RaftServerImpl for group-D5F5B66F8D9F:[ab26de49-13b6-4535-b39b-8139edd8ddad:192.168.134.95:34889, 0bb5789c-9972-4389-9a3c-260c06dc843d:192.168.134.95:40037, 4481157c-7ad0-41fd-8768-5c637c4e3293:192.168.134.95:35673] with ContainerStateMachine:uninitialized
2019-06-15 11:24:50,015 INFO  server.RaftServerConfigKeys (ConfUtils.java:logGet(43)) - raft.server.rpc.timeout.min = 1s (custom)
2019-06-15 11:24:50,015 INFO  server.RaftServerConfigKeys (ConfUtils.java:logGet(43)) - raft.server.rpc.timeout.max = 1200ms (custom)
2019-06-15 11:24:50,016 INFO  server.RaftServerConfigKeys (ConfUtils.java:logGet(43)) - raft.server.rpcslowness.timeout = 10s (custom)
2019-06-15 11:24:50,016 INFO  server.RaftServerConfigKeys (ConfUtils.java:logGet(43)) - raft.server.log.appender.install.snapshot.enabled = true (default)
2019-06-15 11:24:50,016 INFO  impl.RaftServerImpl (ServerState.java:<init>(101)) - 0bb5789c-9972-4389-9a3c-260c06dc843d:group-D5F5B66F8D9F ConfigurationManager, init=-1: [ab26de49-13b6-4535-b39b-8139edd8ddad:192.168.134.95:34889, 0bb5789c-9972-4389-9a3c-260c06dc843d:192.168.134.95:40037, 4481157c-7ad0-41fd-8768-5c637c4e3293:192.168.134.95:35673], old=null, confs=<EMPTY_MAP>
2019-06-15 11:24:50,016 INFO  server.RaftServerConfigKeys (ConfUtils.java:logGet(43)) - raft.server.storage.dir = [/opt/src/hadoop-ozone/integration-test/target/test-dir/MiniOzoneClusterImpl-183e12c7-b939-43db-bd65-893d8fd2ea15/datanode-5/data/ratis] (custom)
2019-06-15 11:24:50,016 INFO  storage.RaftStorageDirectory (RaftStorageDirectory.java:analyzeStorage(246)) - The storage directory /opt/src/hadoop-ozone/integration-test/target/test-dir/MiniOzoneClusterImpl-183e12c7-b939-43db-bd65-893d8fd2ea15/datanode-5/data/ratis/f749a03a-d792-49b4-a26d-d5f5b66f8d9f does not exist. Creating ...
2019-06-15 11:24:50,018 INFO  storage.RaftStorageDirectory (RaftStorageDirectory.java:tryLock(328)) - Lock on /opt/src/hadoop-ozone/integration-test/target/test-dir/MiniOzoneClusterImpl-183e12c7-b939-43db-bd65-893d8fd2ea15/datanode-5/data/ratis/f749a03a-d792-49b4-a26d-d5f5b66f8d9f/in_use.lock acquired by nodename 10008@ozone-unit-076618677d3-mp878-3497958072
2019-06-15 11:24:50,021 INFO  storage.RaftStorage (RaftStorage.java:format(75)) - Storage directory /opt/src/hadoop-ozone/integration-test/target/test-dir/MiniOzoneClusterImpl-183e12c7-b939-43db-bd65-893d8fd2ea15/datanode-5/data/ratis/f749a03a-d792-49b4-a26d-d5f5b66f8d9f has been successfully formatted.
2019-06-15 11:24:50,021 INFO  ratis.ContainerStateMachine (ContainerStateMachine.java:loadSnapshot(199)) - The snapshot info is null.Setting the last applied index to:(t:0, i:~)
2019-06-15 11:24:50,021 INFO  server.RaftServerConfigKeys (ConfUtils.java:logGet(43)) - raft.server.leader.election.timeout = 10s (custom)
2019-06-15 11:24:50,021 INFO  server.RaftServerConfigKeys (ConfUtils.java:logGet(43)) - raft.server.log.use.memory = false (default)
2019-06-15 11:24:50,021 INFO  server.RaftServerConfigKeys (ConfUtils.java:logGet(43)) - raft.server.log.appender.buffer.byte-limit = 33554432 (custom)
2019-06-15 11:24:50,021 INFO  server.RaftServerConfigKeys (ConfUtils.java:logGet(43)) - raft.server.log.segment.size.max = 16384 (custom)
2019-06-15 11:24:50,021 INFO  server.RaftServerConfigKeys (ConfUtils.java:logGet(43)) - raft.server.log.segment.cache.num.max = 2 (custom)
2019-06-15 11:24:50,021 INFO  storage.RaftLogWorker (RaftLogWorker.java:<init>(123)) - new 0bb5789c-9972-4389-9a3c-260c06dc843d-RaftLogWorker for Storage Directory /opt/src/hadoop-ozone/integration-test/target/test-dir/MiniOzoneClusterImpl-183e12c7-b939-43db-bd65-893d8fd2ea15/datanode-5/data/ratis/f749a03a-d792-49b4-a26d-d5f5b66f8d9f
2019-06-15 11:24:50,021 INFO  server.RaftServerConfigKeys (ConfUtils.java:logGet(43)) - raft.server.log.queue.byte-limit = 2147483647 (custom)
2019-06-15 11:24:50,022 INFO  server.RaftServerConfigKeys (ConfUtils.java:logGet(43)) - raft.server.log.queue.element-limit = 1024 (custom)
2019-06-15 11:24:50,022 INFO  server.RaftServerConfigKeys (ConfUtils.java:logGet(43)) - raft.server.log.segment.size.max = 16384 (custom)
2019-06-15 11:24:50,022 INFO  server.RaftServerConfigKeys (ConfUtils.java:logGet(43)) - raft.server.log.preallocated.size = 16384 (custom)
2019-06-15 11:24:50,022 INFO  server.RaftServerConfigKeys (ConfUtils.java:logGet(43)) - raft.server.log.write.buffer.size = 33554432 (custom)
2019-06-15 11:24:50,022 INFO  server.RaftServerConfigKeys (ConfUtils.java:logGet(43)) - raft.server.log.force.sync.num = 128 (default)
2019-06-15 11:24:50,022 INFO  server.RaftServerConfigKeys (ConfUtils.java:logGet(43)) - raft.server.log.statemachine.data.sync = true (default)
2019-06-15 11:24:50,022 INFO  server.RaftServerConfigKeys (ConfUtils.java:logGet(43)) - raft.server.log.statemachine.data.sync.timeout = 10s (default)
2019-06-15 11:24:50,022 INFO  server.RaftServerConfigKeys (ConfUtils.java:logGet(43)) - raft.server.log.statemachine.data.sync.timeout.retry = -1 (default)
2019-06-15 11:24:50,027 INFO  impl.RaftServerProxy (RaftServerProxy.java:addNew(89)) - ab26de49-13b6-4535-b39b-8139edd8ddad: addNew group-D5F5B66F8D9F:[ab26de49-13b6-4535-b39b-8139edd8ddad:192.168.134.95:34889, 0bb5789c-9972-4389-9a3c-260c06dc843d:192.168.134.95:40037, 4481157c-7ad0-41fd-8768-5c637c4e3293:192.168.134.95:35673] returns group-D5F5B66F8D9F:java.util.concurrent.CompletableFuture@43157c97[Not completed]
2019-06-15 11:24:50,031 INFO  server.RaftServerConfigKeys (ConfUtils.java:logGet(43)) - raft.server.log.statemachine.data.caching.enabled = true (custom)
2019-06-15 11:24:50,038 INFO  server.RaftServerConfigKeys (ConfUtils.java:logGet(43)) - raft.server.snapshot.auto.trigger.enabled = true (custom)
2019-06-15 11:24:50,038 INFO  impl.RaftServerProxy (RaftServerProxy.java:addNew(89)) - 4481157c-7ad0-41fd-8768-5c637c4e3293: addNew group-D5F5B66F8D9F:[ab26de49-13b6-4535-b39b-8139edd8ddad:192.168.134.95:34889, 0bb5789c-9972-4389-9a3c-260c06dc843d:192.168.134.95:40037, 4481157c-7ad0-41fd-8768-5c637c4e3293:192.168.134.95:35673] returns group-D5F5B66F8D9F:java.util.concurrent.CompletableFuture@409f6e20[Not completed]
2019-06-15 11:24:50,039 INFO  server.RaftServerConfigKeys (ConfUtils.java:logGet(43)) - raft.server.snapshot.auto.trigger.threshold = 10000 (custom)
2019-06-15 11:24:50,039 INFO  server.RaftServerConfigKeys (ConfUtils.java:logGet(43)) - raft.server.retrycache.expirytime = 600000ms (custom)
2019-06-15 11:24:50,039 INFO  impl.RaftServerImpl (RaftServerImpl.java:start(173)) - 0bb5789c-9972-4389-9a3c-260c06dc843d: start group-D5F5B66F8D9F
2019-06-15 11:24:50,039 INFO  impl.RaftServerImpl (RaftServerImpl.java:setRole(164)) - 0bb5789c-9972-4389-9a3c-260c06dc843d:group-D5F5B66F8D9F changes role from null to FOLLOWER at term 0 for startAsFollower
2019-06-15 11:24:50,039 INFO  impl.RoleInfo (RoleInfo.java:updateAndGet(143)) - 0bb5789c-9972-4389-9a3c-260c06dc843d: start FollowerState
2019-06-15 11:24:50,041 INFO  impl.RaftServerImpl (RaftServerImpl.java:<init>(91)) - 4481157c-7ad0-41fd-8768-5c637c4e3293: new RaftServerImpl for group-D5F5B66F8D9F:[ab26de49-13b6-4535-b39b-8139edd8ddad:192.168.134.95:34889, 0bb5789c-9972-4389-9a3c-260c06dc843d:192.168.134.95:40037, 4481157c-7ad0-41fd-8768-5c637c4e3293:192.168.134.95:35673] with ContainerStateMachine:uninitialized
2019-06-15 11:24:50,041 INFO  server.RaftServerConfigKeys (ConfUtils.java:logGet(43)) - raft.server.rpc.timeout.min = 1s (custom)
2019-06-15 11:24:50,041 INFO  server.RaftServerConfigKeys (ConfUtils.java:logGet(43)) - raft.server.rpc.timeout.max = 1200ms (custom)
2019-06-15 11:24:50,041 INFO  server.RaftServerConfigKeys (ConfUtils.java:logGet(43)) - raft.server.rpcslowness.timeout = 10s (custom)
2019-06-15 11:24:50,041 INFO  server.RaftServerConfigKeys (ConfUtils.java:logGet(43)) - raft.server.log.appender.install.snapshot.enabled = true (default)
2019-06-15 11:24:50,041 INFO  impl.RaftServerImpl (ServerState.java:<init>(101)) - 4481157c-7ad0-41fd-8768-5c637c4e3293:group-D5F5B66F8D9F ConfigurationManager, init=-1: [ab26de49-13b6-4535-b39b-8139edd8ddad:192.168.134.95:34889, 0bb5789c-9972-4389-9a3c-260c06dc843d:192.168.134.95:40037, 4481157c-7ad0-41fd-8768-5c637c4e3293:192.168.134.95:35673], old=null, confs=<EMPTY_MAP>
2019-06-15 11:24:50,042 INFO  server.RaftServerConfigKeys (ConfUtils.java:logGet(43)) - raft.server.storage.dir = [/opt/src/hadoop-ozone/integration-test/target/test-dir/MiniOzoneClusterImpl-183e12c7-b939-43db-bd65-893d8fd2ea15/datanode-2/data/ratis] (custom)
2019-06-15 11:24:50,042 INFO  storage.RaftStorageDirectory (RaftStorageDirectory.java:analyzeStorage(246)) - The storage directory /opt/src/hadoop-ozone/integration-test/target/test-dir/MiniOzoneClusterImpl-183e12c7-b939-43db-bd65-893d8fd2ea15/datanode-2/data/ratis/f749a03a-d792-49b4-a26d-d5f5b66f8d9f does not exist. Creating ...
2019-06-15 11:24:50,042 INFO  impl.RaftServerImpl (RaftServerImpl.java:<init>(91)) - ab26de49-13b6-4535-b39b-8139edd8ddad: new RaftServerImpl for group-D5F5B66F8D9F:[ab26de49-13b6-4535-b39b-8139edd8ddad:192.168.134.95:34889, 0bb5789c-9972-4389-9a3c-260c06dc843d:192.168.134.95:40037, 4481157c-7ad0-41fd-8768-5c637c4e3293:192.168.134.95:35673] with ContainerStateMachine:uninitialized
2019-06-15 11:24:50,043 INFO  server.RaftServerConfigKeys (ConfUtils.java:logGet(43)) - raft.server.rpc.timeout.min = 1s (custom)
2019-06-15 11:24:50,043 INFO  server.RaftServerConfigKeys (ConfUtils.java:logGet(43)) - raft.server.rpc.timeout.max = 1200ms (custom)
2019-06-15 11:24:50,043 INFO  server.RaftServerConfigKeys (ConfUtils.java:logGet(43)) - raft.server.rpcslowness.timeout = 10s (custom)
2019-06-15 11:24:50,043 INFO  server.RaftServerConfigKeys (ConfUtils.java:logGet(43)) - raft.server.log.appender.install.snapshot.enabled = true (default)
2019-06-15 11:24:50,043 INFO  impl.RaftServerImpl (ServerState.java:<init>(101)) - ab26de49-13b6-4535-b39b-8139edd8ddad:group-D5F5B66F8D9F ConfigurationManager, init=-1: [ab26de49-13b6-4535-b39b-8139edd8ddad:192.168.134.95:34889, 0bb5789c-9972-4389-9a3c-260c06dc843d:192.168.134.95:40037, 4481157c-7ad0-41fd-8768-5c637c4e3293:192.168.134.95:35673], old=null, confs=<EMPTY_MAP>
2019-06-15 11:24:50,043 INFO  server.RaftServerConfigKeys (ConfUtils.java:logGet(43)) - raft.server.storage.dir = [/opt/src/hadoop-ozone/integration-test/target/test-dir/MiniOzoneClusterImpl-183e12c7-b939-43db-bd65-893d8fd2ea15/datanode-4/data/ratis] (custom)
2019-06-15 11:24:50,043 INFO  storage.RaftStorageDirectory (RaftStorageDirectory.java:analyzeStorage(246)) - The storage directory /opt/src/hadoop-ozone/integration-test/target/test-dir/MiniOzoneClusterImpl-183e12c7-b939-43db-bd65-893d8fd2ea15/datanode-4/data/ratis/f749a03a-d792-49b4-a26d-d5f5b66f8d9f does not exist. Creating ...
2019-06-15 11:24:50,044 INFO  util.JmxRegister (JmxRegister.java:tryRegister(44)) - Successfully registered JMX Bean with object name Ratis:service=RaftServer,group=group-D5F5B66F8D9F,id=0bb5789c-9972-4389-9a3c-260c06dc843d
2019-06-15 11:24:50,045 INFO  storage.RaftStorageDirectory (RaftStorageDirectory.java:tryLock(328)) - Lock on /opt/src/hadoop-ozone/integration-test/target/test-dir/MiniOzoneClusterImpl-183e12c7-b939-43db-bd65-893d8fd2ea15/datanode-4/data/ratis/f749a03a-d792-49b4-a26d-d5f5b66f8d9f/in_use.lock acquired by nodename 10008@ozone-unit-076618677d3-mp878-3497958072
2019-06-15 11:24:50,045 INFO  storage.RaftStorageDirectory (RaftStorageDirectory.java:tryLock(328)) - Lock on /opt/src/hadoop-ozone/integration-test/target/test-dir/MiniOzoneClusterImpl-183e12c7-b939-43db-bd65-893d8fd2ea15/datanode-2/data/ratis/f749a03a-d792-49b4-a26d-d5f5b66f8d9f/in_use.lock acquired by nodename 10008@ozone-unit-076618677d3-mp878-3497958072
2019-06-15 11:24:50,047 INFO  storage.RaftStorage (RaftStorage.java:format(75)) - Storage directory /opt/src/hadoop-ozone/integration-test/target/test-dir/MiniOzoneClusterImpl-183e12c7-b939-43db-bd65-893d8fd2ea15/datanode-2/data/ratis/f749a03a-d792-49b4-a26d-d5f5b66f8d9f has been successfully formatted.
2019-06-15 11:24:50,048 INFO  ratis.ContainerStateMachine (ContainerStateMachine.java:loadSnapshot(199)) - The snapshot info is null.Setting the last applied index to:(t:0, i:~)
2019-06-15 11:24:50,048 INFO  server.RaftServerConfigKeys (ConfUtils.java:logGet(43)) - raft.server.leader.election.timeout = 10s (custom)
2019-06-15 11:24:50,048 INFO  server.RaftServerConfigKeys (ConfUtils.java:logGet(43)) - raft.server.log.use.memory = false (default)
2019-06-15 11:24:50,048 INFO  server.RaftServerConfigKeys (ConfUtils.java:logGet(43)) - raft.server.log.appender.buffer.byte-limit = 33554432 (custom)
2019-06-15 11:24:50,048 INFO  server.RaftServerConfigKeys (ConfUtils.java:logGet(43)) - raft.server.log.segment.size.max = 16384 (custom)
2019-06-15 11:24:50,048 INFO  server.RaftServerConfigKeys (ConfUtils.java:logGet(43)) - raft.server.log.segment.cache.num.max = 2 (custom)
2019-06-15 11:24:50,048 INFO  storage.RaftLogWorker (RaftLogWorker.java:<init>(123)) - new 4481157c-7ad0-41fd-8768-5c637c4e3293-RaftLogWorker for Storage Directory /opt/src/hadoop-ozone/integration-test/target/test-dir/MiniOzoneClusterImpl-183e12c7-b939-43db-bd65-893d8fd2ea15/datanode-2/data/ratis/f749a03a-d792-49b4-a26d-d5f5b66f8d9f
2019-06-15 11:24:50,048 INFO  server.RaftServerConfigKeys (ConfUtils.java:logGet(43)) - raft.server.log.queue.byte-limit = 2147483647 (custom)
2019-06-15 11:24:50,048 INFO  server.RaftServerConfigKeys (ConfUtils.java:logGet(43)) - raft.server.log.queue.element-limit = 1024 (custom)
2019-06-15 11:24:50,049 INFO  server.RaftServerConfigKeys (ConfUtils.java:logGet(43)) - raft.server.log.segment.size.max = 16384 (custom)
2019-06-15 11:24:50,049 INFO  server.RaftServerConfigKeys (ConfUtils.java:logGet(43)) - raft.server.log.preallocated.size = 16384 (custom)
2019-06-15 11:24:50,049 INFO  server.RaftServerConfigKeys (ConfUtils.java:logGet(43)) - raft.server.log.write.buffer.size = 33554432 (custom)
2019-06-15 11:24:50,049 INFO  server.RaftServerConfigKeys (ConfUtils.java:logGet(43)) - raft.server.log.force.sync.num = 128 (default)
2019-06-15 11:24:50,049 INFO  server.RaftServerConfigKeys (ConfUtils.java:logGet(43)) - raft.server.log.statemachine.data.sync = true (default)
2019-06-15 11:24:50,049 INFO  server.RaftServerConfigKeys (ConfUtils.java:logGet(43)) - raft.server.log.statemachine.data.sync.timeout = 10s (default)
2019-06-15 11:24:50,049 INFO  server.RaftServerConfigKeys (ConfUtils.java:logGet(43)) - raft.server.log.statemachine.data.sync.timeout.retry = -1 (default)
2019-06-15 11:24:50,047 INFO  storage.RaftStorage (RaftStorage.java:format(75)) - Storage directory /opt/src/hadoop-ozone/integration-test/target/test-dir/MiniOzoneClusterImpl-183e12c7-b939-43db-bd65-893d8fd2ea15/datanode-4/data/ratis/f749a03a-d792-49b4-a26d-d5f5b66f8d9f has been successfully formatted.
2019-06-15 11:24:50,049 INFO  ratis.ContainerStateMachine (ContainerStateMachine.java:loadSnapshot(199)) - The snapshot info is null.Setting the last applied index to:(t:0, i:~)
2019-06-15 11:24:50,050 INFO  server.RaftServerConfigKeys (ConfUtils.java:logGet(43)) - raft.server.leader.election.timeout = 10s (custom)
2019-06-15 11:24:50,050 INFO  server.RaftServerConfigKeys (ConfUtils.java:logGet(43)) - raft.server.log.use.memory = false (default)
2019-06-15 11:24:50,050 INFO  server.RaftServerConfigKeys (ConfUtils.java:logGet(43)) - raft.server.log.appender.buffer.byte-limit = 33554432 (custom)
2019-06-15 11:24:50,050 INFO  server.RaftServerConfigKeys (ConfUtils.java:logGet(43)) - raft.server.log.segment.size.max = 16384 (custom)
2019-06-15 11:24:50,050 INFO  server.RaftServerConfigKeys (ConfUtils.java:logGet(43)) - raft.server.log.segment.cache.num.max = 2 (custom)
2019-06-15 11:24:50,050 INFO  storage.RaftLogWorker (RaftLogWorker.java:<init>(123)) - new ab26de49-13b6-4535-b39b-8139edd8ddad-RaftLogWorker for Storage Directory /opt/src/hadoop-ozone/integration-test/target/test-dir/MiniOzoneClusterImpl-183e12c7-b939-43db-bd65-893d8fd2ea15/datanode-4/data/ratis/f749a03a-d792-49b4-a26d-d5f5b66f8d9f
2019-06-15 11:24:50,050 INFO  server.RaftServerConfigKeys (ConfUtils.java:logGet(43)) - raft.server.log.queue.byte-limit = 2147483647 (custom)
2019-06-15 11:24:50,050 INFO  server.RaftServerConfigKeys (ConfUtils.java:logGet(43)) - raft.server.log.queue.element-limit = 1024 (custom)
2019-06-15 11:24:50,050 INFO  server.RaftServerConfigKeys (ConfUtils.java:logGet(43)) - raft.server.log.segment.size.max = 16384 (custom)
2019-06-15 11:24:50,050 INFO  server.RaftServerConfigKeys (ConfUtils.java:logGet(43)) - raft.server.log.preallocated.size = 16384 (custom)
2019-06-15 11:24:50,051 INFO  server.RaftServerConfigKeys (ConfUtils.java:logGet(43)) - raft.server.log.write.buffer.size = 33554432 (custom)
2019-06-15 11:24:50,051 INFO  server.RaftServerConfigKeys (ConfUtils.java:logGet(43)) - raft.server.log.force.sync.num = 128 (default)
2019-06-15 11:24:50,051 INFO  server.RaftServerConfigKeys (ConfUtils.java:logGet(43)) - raft.server.log.statemachine.data.sync = true (default)
2019-06-15 11:24:50,051 INFO  server.RaftServerConfigKeys (ConfUtils.java:logGet(43)) - raft.server.log.statemachine.data.sync.timeout = 10s (default)
2019-06-15 11:24:50,051 INFO  server.RaftServerConfigKeys (ConfUtils.java:logGet(43)) - raft.server.log.statemachine.data.sync.timeout.retry = -1 (default)
2019-06-15 11:24:50,057 INFO  impl.FollowerState (FollowerState.java:run(101)) - 4481157c-7ad0-41fd-8768-5c637c4e3293:group-57CAA06D2216 changes to CANDIDATE, lastRpcTime:1069, electionTimeout:1066ms
2019-06-15 11:24:50,057 INFO  impl.RoleInfo (RoleInfo.java:shutdownFollowerState(121)) - 4481157c-7ad0-41fd-8768-5c637c4e3293: shutdown FollowerState
2019-06-15 11:24:50,057 INFO  impl.RaftServerImpl (RaftServerImpl.java:setRole(164)) - 4481157c-7ad0-41fd-8768-5c637c4e3293:group-57CAA06D2216 changes role from FOLLOWER to CANDIDATE at term 0 for changeToCandidate
2019-06-15 11:24:50,070 INFO  impl.RoleInfo (RoleInfo.java:updateAndGet(143)) - 4481157c-7ad0-41fd-8768-5c637c4e3293: start LeaderElection
2019-06-15 11:24:50,074 INFO  server.RaftServerConfigKeys (ConfUtils.java:logGet(43)) - raft.server.log.statemachine.data.caching.enabled = true (custom)
2019-06-15 11:24:50,079 INFO  server.RaftServerConfigKeys (ConfUtils.java:logGet(43)) - raft.server.snapshot.auto.trigger.enabled = true (custom)
2019-06-15 11:24:50,079 INFO  server.RaftServerConfigKeys (ConfUtils.java:logGet(43)) - raft.server.snapshot.auto.trigger.threshold = 10000 (custom)
2019-06-15 11:24:50,079 INFO  server.RaftServerConfigKeys (ConfUtils.java:logGet(43)) - raft.server.retrycache.expirytime = 600000ms (custom)
2019-06-15 11:24:50,079 INFO  impl.RaftServerImpl (RaftServerImpl.java:start(173)) - ab26de49-13b6-4535-b39b-8139edd8ddad: start group-D5F5B66F8D9F
2019-06-15 11:24:50,080 INFO  impl.RaftServerImpl (RaftServerImpl.java:setRole(164)) - ab26de49-13b6-4535-b39b-8139edd8ddad:group-D5F5B66F8D9F changes role from null to FOLLOWER at term 0 for startAsFollower
2019-06-15 11:24:50,080 INFO  impl.RoleInfo (RoleInfo.java:updateAndGet(143)) - ab26de49-13b6-4535-b39b-8139edd8ddad: start FollowerState
2019-06-15 11:24:50,081 INFO  util.JmxRegister (JmxRegister.java:tryRegister(44)) - Successfully registered JMX Bean with object name Ratis:service=RaftServer,group=group-D5F5B66F8D9F,id=ab26de49-13b6-4535-b39b-8139edd8ddad
2019-06-15 11:24:50,082 INFO  server.RaftServerConfigKeys (ConfUtils.java:logGet(43)) - raft.server.log.statemachine.data.caching.enabled = true (custom)
2019-06-15 11:24:50,083 INFO  server.RaftServerConfigKeys (ConfUtils.java:logGet(43)) - raft.server.snapshot.auto.trigger.enabled = true (custom)
2019-06-15 11:24:50,084 INFO  server.RaftServerConfigKeys (ConfUtils.java:logGet(43)) - raft.server.snapshot.auto.trigger.threshold = 10000 (custom)
2019-06-15 11:24:50,084 INFO  server.RaftServerConfigKeys (ConfUtils.java:logGet(43)) - raft.server.retrycache.expirytime = 600000ms (custom)
2019-06-15 11:24:50,084 INFO  impl.RaftServerImpl (RaftServerImpl.java:start(173)) - 4481157c-7ad0-41fd-8768-5c637c4e3293: start group-D5F5B66F8D9F
2019-06-15 11:24:50,084 INFO  impl.RaftServerImpl (RaftServerImpl.java:setRole(164)) - 4481157c-7ad0-41fd-8768-5c637c4e3293:group-D5F5B66F8D9F changes role from null to FOLLOWER at term 0 for startAsFollower
2019-06-15 11:24:50,084 INFO  impl.RoleInfo (RoleInfo.java:updateAndGet(143)) - 4481157c-7ad0-41fd-8768-5c637c4e3293: start FollowerState
2019-06-15 11:24:50,086 INFO  util.JmxRegister (JmxRegister.java:tryRegister(44)) - Successfully registered JMX Bean with object name Ratis:service=RaftServer,group=group-D5F5B66F8D9F,id=4481157c-7ad0-41fd-8768-5c637c4e3293
2019-06-15 11:24:50,121 INFO  impl.FollowerState (FollowerState.java:run(101)) - 222cbad4-9e48-4b3e-a974-e6c3ac42b23f:group-A3690E4124A3 changes to CANDIDATE, lastRpcTime:1196, electionTimeout:1190ms
2019-06-15 11:24:50,121 INFO  impl.RoleInfo (RoleInfo.java:shutdownFollowerState(121)) - 222cbad4-9e48-4b3e-a974-e6c3ac42b23f: shutdown FollowerState
2019-06-15 11:24:50,121 INFO  impl.RaftServerImpl (RaftServerImpl.java:setRole(164)) - 222cbad4-9e48-4b3e-a974-e6c3ac42b23f:group-A3690E4124A3 changes role from FOLLOWER to CANDIDATE at term 0 for changeToCandidate
2019-06-15 11:24:50,121 INFO  impl.RoleInfo (RoleInfo.java:updateAndGet(143)) - 222cbad4-9e48-4b3e-a974-e6c3ac42b23f: start LeaderElection
2019-06-15 11:24:50,185 INFO  impl.FollowerState (FollowerState.java:run(101)) - 222cbad4-9e48-4b3e-a974-e6c3ac42b23f:group-054B170B4451 changes to CANDIDATE, lastRpcTime:1022, electionTimeout:1001ms
2019-06-15 11:24:50,185 INFO  impl.RoleInfo (RoleInfo.java:shutdownFollowerState(121)) - 222cbad4-9e48-4b3e-a974-e6c3ac42b23f: shutdown FollowerState
2019-06-15 11:24:50,185 INFO  impl.RaftServerImpl (RaftServerImpl.java:setRole(164)) - 222cbad4-9e48-4b3e-a974-e6c3ac42b23f:group-054B170B4451 changes role from FOLLOWER to CANDIDATE at term 0 for changeToCandidate
2019-06-15 11:24:50,185 INFO  impl.RoleInfo (RoleInfo.java:updateAndGet(143)) - 222cbad4-9e48-4b3e-a974-e6c3ac42b23f: start LeaderElection
2019-06-15 11:24:50,186 INFO  impl.LeaderElection (LeaderElection.java:askForVotes(181)) - 4481157c-7ad0-41fd-8768-5c637c4e3293:group-57CAA06D2216:LeaderElection3: begin an election at term 1 for -1: [4481157c-7ad0-41fd-8768-5c637c4e3293:192.168.134.95:35673], old=null
2019-06-15 11:24:50,186 INFO  impl.RoleInfo (RoleInfo.java:shutdownLeaderElection(134)) - 4481157c-7ad0-41fd-8768-5c637c4e3293: shutdown LeaderElection
2019-06-15 11:24:50,186 INFO  impl.RaftServerImpl (RaftServerImpl.java:setRole(164)) - 4481157c-7ad0-41fd-8768-5c637c4e3293:group-57CAA06D2216 changes role from CANDIDATE to LEADER at term 1 for changeToLeader
2019-06-15 11:24:50,186 INFO  impl.RaftServerImpl (ServerState.java:setLeader(263)) - 4481157c-7ad0-41fd-8768-5c637c4e3293:group-57CAA06D2216 change Leader from null to 4481157c-7ad0-41fd-8768-5c637c4e3293 at term 1 for becomeLeader, leader elected after 1202ms
2019-06-15 11:24:50,192 INFO  server.RaftServerConfigKeys (ConfUtils.java:logGet(43)) - raft.server.staging.catchup.gap = 1000 (default)
2019-06-15 11:24:50,192 INFO  server.RaftServerConfigKeys (ConfUtils.java:logGet(43)) - raft.server.rpc.sleep.time = 25ms (default)
2019-06-15 11:24:50,192 INFO  server.RaftServerConfigKeys (ConfUtils.java:logGet(43)) - raft.server.watch.timeout = 10s (default)
2019-06-15 11:24:50,192 INFO  server.RaftServerConfigKeys (ConfUtils.java:logGet(43)) - raft.server.watch.timeout.denomination = 1s (default)
2019-06-15 11:24:50,193 INFO  impl.RoleInfo (RoleInfo.java:updateAndGet(143)) - 4481157c-7ad0-41fd-8768-5c637c4e3293: start LeaderState
2019-06-15 11:24:50,193 INFO  storage.RaftLogWorker (RaftLogWorker.java:startLogSegment(298)) - 4481157c-7ad0-41fd-8768-5c637c4e3293-RaftLogWorker: Starting segment from index:0
2019-06-15 11:24:50,193 INFO  storage.RaftLogWorker (RaftLogWorker.java:execute(469)) - 8bb1ec0f-2155-4714-b47f-16dca82d9d62-RaftLogWorker: created new log segment /opt/src/hadoop-ozone/integration-test/target/test-dir/MiniOzoneClusterImpl-183e12c7-b939-43db-bd65-893d8fd2ea15/datanode-1/data/ratis/595f9f0b-a605-43d8-adc2-9a083ece7e0a/current/log_inprogress_0
2019-06-15 11:24:50,198 INFO  impl.FollowerState (FollowerState.java:run(101)) - 8bb1ec0f-2155-4714-b47f-16dca82d9d62:group-054B170B4451 changes to CANDIDATE, lastRpcTime:1072, electionTimeout:1056ms
2019-06-15 11:24:50,198 INFO  impl.RoleInfo (RoleInfo.java:shutdownFollowerState(121)) - 8bb1ec0f-2155-4714-b47f-16dca82d9d62: shutdown FollowerState
2019-06-15 11:24:50,198 INFO  impl.RaftServerImpl (RaftServerImpl.java:setRole(164)) - 8bb1ec0f-2155-4714-b47f-16dca82d9d62:group-054B170B4451 changes role from FOLLOWER to CANDIDATE at term 0 for changeToCandidate
2019-06-15 11:24:50,198 INFO  pipeline.PipelineStateManager (PipelineStateManager.java:addPipeline(56)) - Created pipeline Pipeline[ Id: f749a03a-d792-49b4-a26d-d5f5b66f8d9f, Nodes: 0bb5789c-9972-4389-9a3c-260c06dc843d{ip: 192.168.134.95, host: ozone-unit-076618677d3-mp878-3497958072, networkLocation: /default-rack, certSerialId: null}4481157c-7ad0-41fd-8768-5c637c4e3293{ip: 192.168.134.95, host: ozone-unit-076618677d3-mp878-3497958072, networkLocation: /default-rack, certSerialId: null}ab26de49-13b6-4535-b39b-8139edd8ddad{ip: 192.168.134.95, host: ozone-unit-076618677d3-mp878-3497958072, networkLocation: /default-rack, certSerialId: null}, Type:RATIS, Factor:THREE, State:OPEN]
2019-06-15 11:24:50,210 INFO  impl.RaftServerImpl (ServerState.java:setRaftConf(361)) - 4481157c-7ad0-41fd-8768-5c637c4e3293:group-57CAA06D2216 set configuration 0: [4481157c-7ad0-41fd-8768-5c637c4e3293:192.168.134.95:35673], old=null at 0
2019-06-15 11:24:50,226 INFO  impl.RoleInfo (RoleInfo.java:updateAndGet(143)) - 8bb1ec0f-2155-4714-b47f-16dca82d9d62: start LeaderElection
2019-06-15 11:24:50,228 INFO  impl.LeaderElection (LeaderElection.java:askForVotes(181)) - 222cbad4-9e48-4b3e-a974-e6c3ac42b23f:group-A3690E4124A3:LeaderElection4: begin an election at term 1 for -1: [222cbad4-9e48-4b3e-a974-e6c3ac42b23f:192.168.134.95:34907], old=null
2019-06-15 11:24:50,230 INFO  impl.RoleInfo (RoleInfo.java:shutdownLeaderElection(134)) - 222cbad4-9e48-4b3e-a974-e6c3ac42b23f: shutdown LeaderElection
2019-06-15 11:24:50,230 INFO  impl.RaftServerImpl (RaftServerImpl.java:setRole(164)) - 222cbad4-9e48-4b3e-a974-e6c3ac42b23f:group-A3690E4124A3 changes role from CANDIDATE to LEADER at term 1 for changeToLeader
2019-06-15 11:24:50,230 INFO  impl.RaftServerImpl (ServerState.java:setLeader(263)) - 222cbad4-9e48-4b3e-a974-e6c3ac42b23f:group-A3690E4124A3 change Leader from null to 222cbad4-9e48-4b3e-a974-e6c3ac42b23f at term 1 for becomeLeader, leader elected after 1310ms
2019-06-15 11:24:50,226 INFO  storage.RaftLogWorker (RaftLogWorker.java:execute(469)) - 54656667-56fe-48a8-9c7b-7689ace0d370-RaftLogWorker: created new log segment /opt/src/hadoop-ozone/integration-test/target/test-dir/MiniOzoneClusterImpl-183e12c7-b939-43db-bd65-893d8fd2ea15/datanode-0/data/ratis/6b2781be-960f-49d5-83ef-a8d8a306531b/current/log_inprogress_0
2019-06-15 11:24:50,258 INFO  impl.LeaderElection (LeaderElection.java:askForVotes(181)) - 222cbad4-9e48-4b3e-a974-e6c3ac42b23f:group-054B170B4451:LeaderElection5: begin an election at term 1 for -1: [8bb1ec0f-2155-4714-b47f-16dca82d9d62:192.168.134.95:33621, 54656667-56fe-48a8-9c7b-7689ace0d370:192.168.134.95:42699, 222cbad4-9e48-4b3e-a974-e6c3ac42b23f:192.168.134.95:34907], old=null
2019-06-15 11:24:50,261 INFO  impl.FollowerState (FollowerState.java:run(101)) - 54656667-56fe-48a8-9c7b-7689ace0d370:group-054B170B4451 changes to CANDIDATE, lastRpcTime:1098, electionTimeout:1097ms
2019-06-15 11:24:50,261 INFO  impl.RoleInfo (RoleInfo.java:shutdownFollowerState(121)) - 54656667-56fe-48a8-9c7b-7689ace0d370: shutdown FollowerState
2019-06-15 11:24:50,261 INFO  impl.RaftServerImpl (RaftServerImpl.java:setRole(164)) - 54656667-56fe-48a8-9c7b-7689ace0d370:group-054B170B4451 changes role from FOLLOWER to CANDIDATE at term 0 for changeToCandidate
2019-06-15 11:24:50,262 INFO  impl.RoleInfo (RoleInfo.java:updateAndGet(143)) - 54656667-56fe-48a8-9c7b-7689ace0d370: start LeaderElection
2019-06-15 11:24:50,263 INFO  storage.RaftLogWorker (RaftLogWorker.java:execute(469)) - 4481157c-7ad0-41fd-8768-5c637c4e3293-RaftLogWorker: created new log segment /opt/src/hadoop-ozone/integration-test/target/test-dir/MiniOzoneClusterImpl-183e12c7-b939-43db-bd65-893d8fd2ea15/datanode-2/data/ratis/4972c9a8-498a-4889-8275-57caa06d2216/current/log_inprogress_0
2019-06-15 11:24:50,255 INFO  server.RaftServerConfigKeys (ConfUtils.java:logGet(43)) - raft.server.staging.catchup.gap = 1000 (default)
2019-06-15 11:24:50,270 INFO  server.RaftServerConfigKeys (ConfUtils.java:logGet(43)) - raft.server.rpc.sleep.time = 25ms (default)
2019-06-15 11:24:50,279 INFO  server.RaftServerConfigKeys (ConfUtils.java:logGet(43)) - raft.server.watch.timeout = 10s (default)
2019-06-15 11:24:50,279 INFO  server.RaftServerConfigKeys (ConfUtils.java:logGet(43)) - raft.server.watch.timeout.denomination = 1s (default)
2019-06-15 11:24:50,279 INFO  impl.RoleInfo (RoleInfo.java:updateAndGet(143)) - 222cbad4-9e48-4b3e-a974-e6c3ac42b23f: start LeaderState
2019-06-15 11:24:50,280 INFO  storage.RaftLogWorker (RaftLogWorker.java:startLogSegment(298)) - 222cbad4-9e48-4b3e-a974-e6c3ac42b23f-RaftLogWorker: Starting segment from index:0
2019-06-15 11:24:50,282 INFO  impl.LeaderElection (LeaderElection.java:askForVotes(181)) - 8bb1ec0f-2155-4714-b47f-16dca82d9d62:group-054B170B4451:LeaderElection6: begin an election at term 1 for -1: [8bb1ec0f-2155-4714-b47f-16dca82d9d62:192.168.134.95:33621, 54656667-56fe-48a8-9c7b-7689ace0d370:192.168.134.95:42699, 222cbad4-9e48-4b3e-a974-e6c3ac42b23f:192.168.134.95:34907], old=null
2019-06-15 11:24:50,291 INFO  impl.RaftServerImpl (ServerState.java:setRaftConf(361)) - 222cbad4-9e48-4b3e-a974-e6c3ac42b23f:group-A3690E4124A3 set configuration 0: [222cbad4-9e48-4b3e-a974-e6c3ac42b23f:192.168.134.95:34907], old=null at 0
2019-06-15 11:24:50,336 INFO  impl.LeaderElection (LeaderElection.java:askForVotes(181)) - 54656667-56fe-48a8-9c7b-7689ace0d370:group-054B170B4451:LeaderElection7: begin an election at term 1 for -1: [8bb1ec0f-2155-4714-b47f-16dca82d9d62:192.168.134.95:33621, 54656667-56fe-48a8-9c7b-7689ace0d370:192.168.134.95:42699, 222cbad4-9e48-4b3e-a974-e6c3ac42b23f:192.168.134.95:34907], old=null
2019-06-15 11:24:50,339 INFO  storage.RaftLogWorker (RaftLogWorker.java:execute(469)) - 222cbad4-9e48-4b3e-a974-e6c3ac42b23f-RaftLogWorker: created new log segment /opt/src/hadoop-ozone/integration-test/target/test-dir/MiniOzoneClusterImpl-183e12c7-b939-43db-bd65-893d8fd2ea15/datanode-3/data/ratis/1056bd48-46b9-4ddb-addd-a3690e4124a3/current/log_inprogress_0
2019-06-15 11:24:50,400 INFO  impl.LeaderElection (LeaderElection.java:logAndReturn(56)) - 222cbad4-9e48-4b3e-a974-e6c3ac42b23f:group-054B170B4451:LeaderElection5: Election REJECTED; received 2 response(s) [222cbad4-9e48-4b3e-a974-e6c3ac42b23f->8bb1ec0f-2155-4714-b47f-16dca82d9d62,false-t1, 222cbad4-9e48-4b3e-a974-e6c3ac42b23f->54656667-56fe-48a8-9c7b-7689ace0d370,false-t1] and 0 exception(s); 222cbad4-9e48-4b3e-a974-e6c3ac42b23f:t1, leader=null, voted=222cbad4-9e48-4b3e-a974-e6c3ac42b23f, raftlog=222cbad4-9e48-4b3e-a974-e6c3ac42b23f-SegmentedRaftLog:OPENED:c-1,f-1,i0, conf=-1: [8bb1ec0f-2155-4714-b47f-16dca82d9d62:192.168.134.95:33621, 54656667-56fe-48a8-9c7b-7689ace0d370:192.168.134.95:42699, 222cbad4-9e48-4b3e-a974-e6c3ac42b23f:192.168.134.95:34907], old=null
2019-06-15 11:24:50,400 INFO  impl.LeaderElection (LeaderElection.java:logAndReturn(56)) - 8bb1ec0f-2155-4714-b47f-16dca82d9d62:group-054B170B4451:LeaderElection6: Election REJECTED; received 2 response(s) [8bb1ec0f-2155-4714-b47f-16dca82d9d62->54656667-56fe-48a8-9c7b-7689ace0d370,false-t1, 8bb1ec0f-2155-4714-b47f-16dca82d9d62->222cbad4-9e48-4b3e-a974-e6c3ac42b23f,false-t1] and 0 exception(s); 8bb1ec0f-2155-4714-b47f-16dca82d9d62:t1, leader=null, voted=8bb1ec0f-2155-4714-b47f-16dca82d9d62, raftlog=8bb1ec0f-2155-4714-b47f-16dca82d9d62-SegmentedRaftLog:OPENED:c-1,f-1,i0, conf=-1: [8bb1ec0f-2155-4714-b47f-16dca82d9d62:192.168.134.95:33621, 54656667-56fe-48a8-9c7b-7689ace0d370:192.168.134.95:42699, 222cbad4-9e48-4b3e-a974-e6c3ac42b23f:192.168.134.95:34907], old=null
2019-06-15 11:24:50,400 INFO  impl.RaftServerImpl (RaftServerImpl.java:setRole(164)) - 8bb1ec0f-2155-4714-b47f-16dca82d9d62:group-054B170B4451 changes role from CANDIDATE to FOLLOWER at term 1 for DISCOVERED_A_NEW_TERM
2019-06-15 11:24:50,400 INFO  impl.RoleInfo (RoleInfo.java:shutdownLeaderElection(134)) - 8bb1ec0f-2155-4714-b47f-16dca82d9d62: shutdown LeaderElection
2019-06-15 11:24:50,401 INFO  impl.RoleInfo (RoleInfo.java:updateAndGet(143)) - 8bb1ec0f-2155-4714-b47f-16dca82d9d62: start FollowerState
2019-06-15 11:24:50,400 INFO  impl.RaftServerImpl (RaftServerImpl.java:setRole(164)) - 222cbad4-9e48-4b3e-a974-e6c3ac42b23f:group-054B170B4451 changes role from CANDIDATE to FOLLOWER at term 1 for DISCOVERED_A_NEW_TERM
2019-06-15 11:24:50,407 INFO  impl.RoleInfo (RoleInfo.java:shutdownLeaderElection(134)) - 222cbad4-9e48-4b3e-a974-e6c3ac42b23f: shutdown LeaderElection
2019-06-15 11:24:50,407 INFO  impl.RoleInfo (RoleInfo.java:updateAndGet(143)) - 222cbad4-9e48-4b3e-a974-e6c3ac42b23f: start FollowerState
2019-06-15 11:24:50,408 INFO  impl.LeaderElection (LeaderElection.java:logAndReturn(56)) - 54656667-56fe-48a8-9c7b-7689ace0d370:group-054B170B4451:LeaderElection7: Election REJECTED; received 2 response(s) [54656667-56fe-48a8-9c7b-7689ace0d370->8bb1ec0f-2155-4714-b47f-16dca82d9d62,false-t1, 54656667-56fe-48a8-9c7b-7689ace0d370->222cbad4-9e48-4b3e-a974-e6c3ac42b23f,false-t1] and 0 exception(s); 54656667-56fe-48a8-9c7b-7689ace0d370:t1, leader=null, voted=54656667-56fe-48a8-9c7b-7689ace0d370, raftlog=54656667-56fe-48a8-9c7b-7689ace0d370-SegmentedRaftLog:OPENED:c-1,f-1,i0, conf=-1: [8bb1ec0f-2155-4714-b47f-16dca82d9d62:192.168.134.95:33621, 54656667-56fe-48a8-9c7b-7689ace0d370:192.168.134.95:42699, 222cbad4-9e48-4b3e-a974-e6c3ac42b23f:192.168.134.95:34907], old=null
2019-06-15 11:24:50,410 INFO  impl.RaftServerImpl (RaftServerImpl.java:setRole(164)) - 54656667-56fe-48a8-9c7b-7689ace0d370:group-054B170B4451 changes role from CANDIDATE to FOLLOWER at term 1 for DISCOVERED_A_NEW_TERM
2019-06-15 11:24:50,411 INFO  impl.RoleInfo (RoleInfo.java:shutdownLeaderElection(134)) - 54656667-56fe-48a8-9c7b-7689ace0d370: shutdown LeaderElection
2019-06-15 11:24:50,413 INFO  impl.RoleInfo (RoleInfo.java:updateAndGet(143)) - 54656667-56fe-48a8-9c7b-7689ace0d370: start FollowerState
2019-06-15 11:24:50,477 INFO  impl.FollowerState (FollowerState.java:run(101)) - ab26de49-13b6-4535-b39b-8139edd8ddad:group-99E30E5C7B49 changes to CANDIDATE, lastRpcTime:1177, electionTimeout:1160ms
2019-06-15 11:24:50,478 INFO  impl.RoleInfo (RoleInfo.java:shutdownFollowerState(121)) - ab26de49-13b6-4535-b39b-8139edd8ddad: shutdown FollowerState
2019-06-15 11:24:50,478 INFO  impl.RaftServerImpl (RaftServerImpl.java:setRole(164)) - ab26de49-13b6-4535-b39b-8139edd8ddad:group-99E30E5C7B49 changes role from FOLLOWER to CANDIDATE at term 0 for changeToCandidate
2019-06-15 11:24:50,478 INFO  impl.RoleInfo (RoleInfo.java:updateAndGet(143)) - ab26de49-13b6-4535-b39b-8139edd8ddad: start LeaderElection
2019-06-15 11:24:50,483 INFO  impl.LeaderElection (LeaderElection.java:askForVotes(181)) - ab26de49-13b6-4535-b39b-8139edd8ddad:group-99E30E5C7B49:LeaderElection8: begin an election at term 1 for -1: [ab26de49-13b6-4535-b39b-8139edd8ddad:192.168.134.95:34889], old=null
2019-06-15 11:24:50,483 INFO  impl.RoleInfo (RoleInfo.java:shutdownLeaderElection(134)) - ab26de49-13b6-4535-b39b-8139edd8ddad: shutdown LeaderElection
2019-06-15 11:24:50,483 INFO  impl.RaftServerImpl (RaftServerImpl.java:setRole(164)) - ab26de49-13b6-4535-b39b-8139edd8ddad:group-99E30E5C7B49 changes role from CANDIDATE to LEADER at term 1 for changeToLeader
2019-06-15 11:24:50,483 INFO  impl.RaftServerImpl (ServerState.java:setLeader(263)) - ab26de49-13b6-4535-b39b-8139edd8ddad:group-99E30E5C7B49 change Leader from null to ab26de49-13b6-4535-b39b-8139edd8ddad at term 1 for becomeLeader, leader elected after 1195ms
2019-06-15 11:24:50,486 INFO  server.RaftServerConfigKeys (ConfUtils.java:logGet(43)) - raft.server.staging.catchup.gap = 1000 (default)
2019-06-15 11:24:50,486 INFO  server.RaftServerConfigKeys (ConfUtils.java:logGet(43)) - raft.server.rpc.sleep.time = 25ms (default)
2019-06-15 11:24:50,486 INFO  server.RaftServerConfigKeys (ConfUtils.java:logGet(43)) - raft.server.watch.timeout = 10s (default)
2019-06-15 11:24:50,486 INFO  server.RaftServerConfigKeys (ConfUtils.java:logGet(43)) - raft.server.watch.timeout.denomination = 1s (default)
2019-06-15 11:24:50,487 INFO  impl.RoleInfo (RoleInfo.java:updateAndGet(143)) - ab26de49-13b6-4535-b39b-8139edd8ddad: start LeaderState
2019-06-15 11:24:50,487 INFO  storage.RaftLogWorker (RaftLogWorker.java:startLogSegment(298)) - ab26de49-13b6-4535-b39b-8139edd8ddad-RaftLogWorker: Starting segment from index:0
2019-06-15 11:24:50,494 INFO  impl.RaftServerImpl (ServerState.java:setRaftConf(361)) - ab26de49-13b6-4535-b39b-8139edd8ddad:group-99E30E5C7B49 set configuration 0: [ab26de49-13b6-4535-b39b-8139edd8ddad:192.168.134.95:34889], old=null at 0
2019-06-15 11:24:50,535 INFO  storage.RaftLogWorker (RaftLogWorker.java:execute(469)) - ab26de49-13b6-4535-b39b-8139edd8ddad-RaftLogWorker: created new log segment /opt/src/hadoop-ozone/integration-test/target/test-dir/MiniOzoneClusterImpl-183e12c7-b939-43db-bd65-893d8fd2ea15/datanode-4/data/ratis/db2c20b8-d3ba-4a40-a679-99e30e5c7b49/current/log_inprogress_0
2019-06-15 11:24:50,783 INFO  ozone.MiniOzoneClusterImpl (MiniOzoneClusterImpl.java:lambda$waitForClusterToBeReady$0(142)) - Cluster is ready. Got 6 of 6 DN Heartbeats.
]]></system-out>
    <system-err><![CDATA[ERROR StatusLogger No Log4j 2 configuration file found. Using default configuration (logging only errors to the console), or user programmatically provided configurations. Set system property 'log4j2.debug' to show Log4j 2 internal initialization logging. See https://logging.apache.org/log4j/2.x/manual/configuration.html for instructions on how to configure Log4j 2
Jun 15, 2019 11:24:42 AM com.sun.jersey.server.impl.application.WebApplicationImpl _initiate
INFO: Initiating Jersey application, version 'Jersey: 1.19 02/11/2015 03:25 AM'
Jun 15, 2019 11:24:43 AM com.sun.jersey.server.impl.application.WebApplicationImpl _initiate
INFO: Initiating Jersey application, version 'Jersey: 1.19 02/11/2015 03:25 AM'
Jun 15, 2019 11:24:44 AM com.sun.jersey.server.impl.application.WebApplicationImpl _initiate
INFO: Initiating Jersey application, version 'Jersey: 1.19 02/11/2015 03:25 AM'
Jun 15, 2019 11:24:44 AM com.sun.jersey.server.impl.application.WebApplicationImpl _initiate
INFO: Initiating Jersey application, version 'Jersey: 1.19 02/11/2015 03:25 AM'
Jun 15, 2019 11:24:44 AM com.sun.jersey.server.impl.application.WebApplicationImpl _initiate
INFO: Initiating Jersey application, version 'Jersey: 1.19 02/11/2015 03:25 AM'
Jun 15, 2019 11:24:45 AM com.sun.jersey.server.impl.application.WebApplicationImpl _initiate
INFO: Initiating Jersey application, version 'Jersey: 1.19 02/11/2015 03:25 AM'
]]></system-err>
  </testcase>
</testsuite>