<?xml version="1.0" encoding="UTF-8"?>
<testsuite xmlns:xsi="http://www.w3.org/2001/XMLSchema-instance" xsi:noNamespaceSchemaLocation="https://maven.apache.org/surefire/maven-surefire-plugin/xsd/surefire-test-report.xsd" name="org.apache.hadoop.ozone.freon.TestFreonWithPipelineDestroy" time="20.393" tests="1" errors="1" skipped="0" failures="0">
  <properties>
    <property name="awt.toolkit" value="sun.awt.X11.XToolkit"/>
    <property name="file.encoding.pkg" value="sun.io"/>
    <property name="java.specification.version" value="1.8"/>
    <property name="sun.cpu.isalist" value=""/>
    <property name="sun.jnu.encoding" value="UTF-8"/>
    <property name="java.class.path" value="/opt/src/hadoop-ozone/tools/target/test-classes:/opt/src/hadoop-ozone/tools/target/classes:/opt/src/hadoop-ozone/ozone-manager/target/classes:/opt/src/hadoop-hdds/docs/target/classes:/home/user/.m2/repository/org/bouncycastle/bcprov-jdk15on/1.60/bcprov-jdk15on-1.60.jar:/opt/src/hadoop-ozone/common/target/classes:/home/user/.m2/repository/org/apache/commons/commons-compress/1.4.1/commons-compress-1.4.1.jar:/home/user/.m2/repository/org/tukaani/xz/1.0/xz-1.0.jar:/home/user/.m2/repository/org/apache/hadoop/hadoop-hdfs-client/3.2.0/hadoop-hdfs-client-3.2.0.jar:/home/user/.m2/repository/com/fasterxml/jackson/core/jackson-annotations/2.9.5/jackson-annotations-2.9.5.jar:/opt/src/hadoop-hdds/common/target/classes:/opt/src/hadoop-hdds/config/target/classes:/home/user/.m2/repository/javax/annotation/javax.annotation-api/1.2/javax.annotation-api-1.2.jar:/home/user/.m2/repository/org/apache/ratis/ratis-server/0.4.0-fe2b15d-SNAPSHOT/ratis-server-0.4.0-fe2b15d-SNAPSHOT.jar:/home/user/.m2/repository/org/apache/ratis/ratis-thirdparty-misc/0.2.0/ratis-thirdparty-misc-0.2.0.jar:/home/user/.m2/repository/org/apache/ratis/ratis-proto/0.4.0-fe2b15d-SNAPSHOT/ratis-proto-0.4.0-fe2b15d-SNAPSHOT.jar:/home/user/.m2/repository/org/apache/ratis/ratis-common/0.4.0-fe2b15d-SNAPSHOT/ratis-common-0.4.0-fe2b15d-SNAPSHOT.jar:/home/user/.m2/repository/org/apache/ratis/ratis-client/0.4.0-fe2b15d-SNAPSHOT/ratis-client-0.4.0-fe2b15d-SNAPSHOT.jar:/home/user/.m2/repository/org/apache/ratis/ratis-netty/0.4.0-fe2b15d-SNAPSHOT/ratis-netty-0.4.0-fe2b15d-SNAPSHOT.jar:/home/user/.m2/repository/org/apache/ratis/ratis-grpc/0.4.0-fe2b15d-SNAPSHOT/ratis-grpc-0.4.0-fe2b15d-SNAPSHOT.jar:/home/user/.m2/repository/org/rocksdb/rocksdbjni/5.14.2/rocksdbjni-5.14.2.jar:/home/user/.m2/repository/org/apache/logging/log4j/log4j-api/2.11.0/log4j-api-2.11.0.jar:/home/user/.m2/repository/org/apache/logging/log4j/log4j-core/2.11.0/log4j-core-2.11.0.jar:/home/user/.m2/repository/com/lmax/disruptor/3.4.2/disruptor-3.4.2.jar:/home/user/.m2/repository/org/apache/commons/commons-pool2/2.6.0/commons-pool2-2.6.0.jar:/home/user/.m2/repository/org/bouncycastle/bcpkix-jdk15on/1.60/bcpkix-jdk15on-1.60.jar:/home/user/.m2/repository/commons-validator/commons-validator/1.6/commons-validator-1.6.jar:/home/user/.m2/repository/commons-digester/commons-digester/1.8.1/commons-digester-1.8.1.jar:/home/user/.m2/repository/io/jaegertracing/jaeger-client/0.33.1/jaeger-client-0.33.1.jar:/home/user/.m2/repository/io/jaegertracing/jaeger-thrift/0.33.1/jaeger-thrift-0.33.1.jar:/home/user/.m2/repository/org/apache/thrift/libthrift/0.11.0/libthrift-0.11.0.jar:/home/user/.m2/repository/com/squareup/okhttp3/okhttp/3.9.0/okhttp-3.9.0.jar:/home/user/.m2/repository/com/squareup/okio/okio/1.13.0/okio-1.13.0.jar:/home/user/.m2/repository/io/jaegertracing/jaeger-core/0.33.1/jaeger-core-0.33.1.jar:/home/user/.m2/repository/io/jaegertracing/jaeger-tracerresolver/0.33.1/jaeger-tracerresolver-0.33.1.jar:/home/user/.m2/repository/io/opentracing/contrib/opentracing-tracerresolver/0.1.5/opentracing-tracerresolver-0.1.5.jar:/home/user/.m2/repository/io/opentracing/opentracing-util/0.31.0/opentracing-util-0.31.0.jar:/home/user/.m2/repository/io/opentracing/opentracing-api/0.31.0/opentracing-api-0.31.0.jar:/home/user/.m2/repository/io/opentracing/opentracing-noop/0.31.0/opentracing-noop-0.31.0.jar:/home/user/.m2/repository/org/yaml/snakeyaml/1.16/snakeyaml-1.16.jar:/opt/src/hadoop-hdds/server-scm/target/classes:/home/user/.m2/repository/org/hamcrest/hamcrest-all/1.3/hamcrest-all-1.3.jar:/opt/src/hadoop-hdds/container-service/target/classes:/opt/src/hadoop-hdds/client/target/classes:/opt/src/hadoop-hdds/tools/target/classes:/home/user/.m2/repository/org/xerial/sqlite-jdbc/3.25.2/sqlite-jdbc-3.25.2.jar:/opt/src/hadoop-ozone/client/target/classes:/home/user/.m2/repository/org/apache/hadoop/hadoop-ozone-filesystem/0.5.0-SNAPSHOT/hadoop-ozone-filesystem-0.5.0-SNAPSHOT.jar:/opt/src/hadoop-hdds/framework/target/classes:/home/user/.m2/repository/info/picocli/picocli/3.9.6/picocli-3.9.6.jar:/home/user/.m2/repository/com/google/protobuf/protobuf-java/2.5.0/protobuf-java-2.5.0.jar:/home/user/.m2/repository/com/google/guava/guava/11.0.2/guava-11.0.2.jar:/home/user/.m2/repository/org/apache/hadoop/hadoop-common/3.2.0/hadoop-common-3.2.0.jar:/home/user/.m2/repository/org/apache/hadoop/hadoop-annotations/3.2.0/hadoop-annotations-3.2.0.jar:/usr/lib/jvm/java-1.8-openjdk/jre/../lib/tools.jar:/home/user/.m2/repository/commons-cli/commons-cli/1.2/commons-cli-1.2.jar:/home/user/.m2/repository/org/apache/commons/commons-math3/3.1.1/commons-math3-3.1.1.jar:/home/user/.m2/repository/org/apache/httpcomponents/httpclient/4.5.2/httpclient-4.5.2.jar:/home/user/.m2/repository/org/apache/httpcomponents/httpcore/4.4.4/httpcore-4.4.4.jar:/home/user/.m2/repository/commons-codec/commons-codec/1.11/commons-codec-1.11.jar:/home/user/.m2/repository/commons-io/commons-io/2.5/commons-io-2.5.jar:/home/user/.m2/repository/commons-net/commons-net/3.6/commons-net-3.6.jar:/home/user/.m2/repository/commons-collections/commons-collections/3.2.2/commons-collections-3.2.2.jar:/home/user/.m2/repository/javax/servlet/javax.servlet-api/3.1.0/javax.servlet-api-3.1.0.jar:/home/user/.m2/repository/org/eclipse/jetty/jetty-server/9.3.24.v20180605/jetty-server-9.3.24.v20180605.jar:/home/user/.m2/repository/org/eclipse/jetty/jetty-http/9.3.24.v20180605/jetty-http-9.3.24.v20180605.jar:/home/user/.m2/repository/org/eclipse/jetty/jetty-io/9.3.24.v20180605/jetty-io-9.3.24.v20180605.jar:/home/user/.m2/repository/org/eclipse/jetty/jetty-util/9.3.24.v20180605/jetty-util-9.3.24.v20180605.jar:/home/user/.m2/repository/org/eclipse/jetty/jetty-servlet/9.3.24.v20180605/jetty-servlet-9.3.24.v20180605.jar:/home/user/.m2/repository/org/eclipse/jetty/jetty-security/9.3.24.v20180605/jetty-security-9.3.24.v20180605.jar:/home/user/.m2/repository/org/eclipse/jetty/jetty-webapp/9.3.24.v20180605/jetty-webapp-9.3.24.v20180605.jar:/home/user/.m2/repository/org/eclipse/jetty/jetty-xml/9.3.24.v20180605/jetty-xml-9.3.24.v20180605.jar:/home/user/.m2/repository/javax/servlet/jsp/jsp-api/2.1/jsp-api-2.1.jar:/home/user/.m2/repository/com/sun/jersey/jersey-core/1.19/jersey-core-1.19.jar:/home/user/.m2/repository/javax/ws/rs/jsr311-api/1.1.1/jsr311-api-1.1.1.jar:/home/user/.m2/repository/com/sun/jersey/jersey-servlet/1.19/jersey-servlet-1.19.jar:/home/user/.m2/repository/com/sun/jersey/jersey-json/1.19/jersey-json-1.19.jar:/home/user/.m2/repository/org/codehaus/jettison/jettison/1.1/jettison-1.1.jar:/home/user/.m2/repository/com/sun/xml/bind/jaxb-impl/2.3.0.1/jaxb-impl-2.3.0.1.jar:/home/user/.m2/repository/org/codehaus/jackson/jackson-core-asl/1.9.13/jackson-core-asl-1.9.13.jar:/home/user/.m2/repository/org/codehaus/jackson/jackson-mapper-asl/1.9.13/jackson-mapper-asl-1.9.13.jar:/home/user/.m2/repository/org/codehaus/jackson/jackson-jaxrs/1.9.13/jackson-jaxrs-1.9.13.jar:/home/user/.m2/repository/org/codehaus/jackson/jackson-xc/1.9.13/jackson-xc-1.9.13.jar:/home/user/.m2/repository/com/sun/jersey/jersey-server/1.19/jersey-server-1.19.jar:/home/user/.m2/repository/commons-logging/commons-logging/1.1.3/commons-logging-1.1.3.jar:/home/user/.m2/repository/log4j/log4j/1.2.17/log4j-1.2.17.jar:/home/user/.m2/repository/commons-beanutils/commons-beanutils/1.9.3/commons-beanutils-1.9.3.jar:/home/user/.m2/repository/org/apache/commons/commons-configuration2/2.1.1/commons-configuration2-2.1.1.jar:/home/user/.m2/repository/org/apache/commons/commons-lang3/3.7/commons-lang3-3.7.jar:/home/user/.m2/repository/org/apache/commons/commons-text/1.4/commons-text-1.4.jar:/home/user/.m2/repository/org/slf4j/slf4j-api/1.7.25/slf4j-api-1.7.25.jar:/home/user/.m2/repository/org/slf4j/slf4j-log4j12/1.7.25/slf4j-log4j12-1.7.25.jar:/home/user/.m2/repository/org/apache/avro/avro/1.7.7/avro-1.7.7.jar:/home/user/.m2/repository/com/thoughtworks/paranamer/paranamer/2.3/paranamer-2.3.jar:/home/user/.m2/repository/org/xerial/snappy/snappy-java/1.0.5/snappy-java-1.0.5.jar:/home/user/.m2/repository/com/google/re2j/re2j/1.1/re2j-1.1.jar:/home/user/.m2/repository/com/google/code/gson/gson/2.2.4/gson-2.2.4.jar:/home/user/.m2/repository/org/apache/hadoop/hadoop-auth/3.2.0/hadoop-auth-3.2.0.jar:/home/user/.m2/repository/com/nimbusds/nimbus-jose-jwt/4.41.1/nimbus-jose-jwt-4.41.1.jar:/home/user/.m2/repository/com/github/stephenc/jcip/jcip-annotations/1.0-1/jcip-annotations-1.0-1.jar:/home/user/.m2/repository/net/minidev/json-smart/2.3/json-smart-2.3.jar:/home/user/.m2/repository/net/minidev/accessors-smart/1.2/accessors-smart-1.2.jar:/home/user/.m2/repository/org/apache/curator/curator-framework/2.12.0/curator-framework-2.12.0.jar:/home/user/.m2/repository/com/jcraft/jsch/0.1.54/jsch-0.1.54.jar:/home/user/.m2/repository/org/apache/curator/curator-client/2.12.0/curator-client-2.12.0.jar:/home/user/.m2/repository/org/apache/curator/curator-recipes/2.12.0/curator-recipes-2.12.0.jar:/home/user/.m2/repository/com/google/code/findbugs/jsr305/3.0.0/jsr305-3.0.0.jar:/home/user/.m2/repository/org/apache/htrace/htrace-core4/4.1.0-incubating/htrace-core4-4.1.0-incubating.jar:/home/user/.m2/repository/org/apache/zookeeper/zookeeper/3.4.13/zookeeper-3.4.13.jar:/home/user/.m2/repository/org/apache/yetus/audience-annotations/0.5.0/audience-annotations-0.5.0.jar:/home/user/.m2/repository/org/apache/kerby/kerb-simplekdc/1.0.1/kerb-simplekdc-1.0.1.jar:/home/user/.m2/repository/org/apache/kerby/kerb-client/1.0.1/kerb-client-1.0.1.jar:/home/user/.m2/repository/org/apache/kerby/kerby-config/1.0.1/kerby-config-1.0.1.jar:/home/user/.m2/repository/org/apache/kerby/kerb-core/1.0.1/kerb-core-1.0.1.jar:/home/user/.m2/repository/org/apache/kerby/kerby-pkix/1.0.1/kerby-pkix-1.0.1.jar:/home/user/.m2/repository/org/apache/kerby/kerby-asn1/1.0.1/kerby-asn1-1.0.1.jar:/home/user/.m2/repository/org/apache/kerby/kerby-util/1.0.1/kerby-util-1.0.1.jar:/home/user/.m2/repository/org/apache/kerby/kerb-common/1.0.1/kerb-common-1.0.1.jar:/home/user/.m2/repository/org/apache/kerby/kerb-crypto/1.0.1/kerb-crypto-1.0.1.jar:/home/user/.m2/repository/org/apache/kerby/kerb-util/1.0.1/kerb-util-1.0.1.jar:/home/user/.m2/repository/org/apache/kerby/token-provider/1.0.1/token-provider-1.0.1.jar:/home/user/.m2/repository/org/apache/kerby/kerb-admin/1.0.1/kerb-admin-1.0.1.jar:/home/user/.m2/repository/org/apache/kerby/kerb-server/1.0.1/kerb-server-1.0.1.jar:/home/user/.m2/repository/org/apache/kerby/kerb-identity/1.0.1/kerb-identity-1.0.1.jar:/home/user/.m2/repository/org/apache/kerby/kerby-xdr/1.0.1/kerby-xdr-1.0.1.jar:/home/user/.m2/repository/com/fasterxml/jackson/core/jackson-databind/2.9.5/jackson-databind-2.9.5.jar:/home/user/.m2/repository/com/fasterxml/jackson/core/jackson-core/2.9.5/jackson-core-2.9.5.jar:/home/user/.m2/repository/org/codehaus/woodstox/stax2-api/3.1.4/stax2-api-3.1.4.jar:/home/user/.m2/repository/com/fasterxml/woodstox/woodstox-core/5.0.3/woodstox-core-5.0.3.jar:/home/user/.m2/repository/dnsjava/dnsjava/2.1.7/dnsjava-2.1.7.jar:/home/user/.m2/repository/org/apache/hadoop/hadoop-hdfs/3.2.0/hadoop-hdfs-3.2.0.jar:/home/user/.m2/repository/org/eclipse/jetty/jetty-util-ajax/9.3.24.v20180605/jetty-util-ajax-9.3.24.v20180605.jar:/home/user/.m2/repository/commons-daemon/commons-daemon/1.0.13/commons-daemon-1.0.13.jar:/home/user/.m2/repository/io/netty/netty/3.10.5.Final/netty-3.10.5.Final.jar:/home/user/.m2/repository/io/netty/netty-all/4.0.52.Final/netty-all-4.0.52.Final.jar:/home/user/.m2/repository/org/fusesource/leveldbjni/leveldbjni-all/1.8/leveldbjni-all-1.8.jar:/home/user/.m2/repository/com/sun/xml/bind/jaxb-core/2.3.0.1/jaxb-core-2.3.0.1.jar:/home/user/.m2/repository/javax/xml/bind/jaxb-api/2.3.0/jaxb-api-2.3.0.jar:/home/user/.m2/repository/javax/activation/activation/1.1.1/activation-1.1.1.jar:/home/user/.m2/repository/io/dropwizard/metrics/metrics-core/3.2.4/metrics-core-3.2.4.jar:/home/user/.m2/repository/org/openjdk/jmh/jmh-core/1.19/jmh-core-1.19.jar:/home/user/.m2/repository/net/sf/jopt-simple/jopt-simple/4.6/jopt-simple-4.6.jar:/home/user/.m2/repository/org/openjdk/jmh/jmh-generator-annprocess/1.19/jmh-generator-annprocess-1.19.jar:/home/user/.m2/repository/com/google/code/findbugs/findbugs/3.0.1/findbugs-3.0.1.jar:/home/user/.m2/repository/net/jcip/jcip-annotations/1.0/jcip-annotations-1.0.jar:/home/user/.m2/repository/com/google/code/findbugs/bcel-findbugs/6.0/bcel-findbugs-6.0.jar:/home/user/.m2/repository/com/google/code/findbugs/jFormatString/2.0.1/jFormatString-2.0.1.jar:/home/user/.m2/repository/dom4j/dom4j/1.6.1/dom4j-1.6.1.jar:/home/user/.m2/repository/xml-apis/xml-apis/1.0.b2/xml-apis-1.0.b2.jar:/home/user/.m2/repository/org/ow2/asm/asm-debug-all/5.0.2/asm-debug-all-5.0.2.jar:/home/user/.m2/repository/org/ow2/asm/asm-commons/5.0.2/asm-commons-5.0.2.jar:/home/user/.m2/repository/org/ow2/asm/asm-tree/5.0.2/asm-tree-5.0.2.jar:/home/user/.m2/repository/org/ow2/asm/asm/5.0.4/asm-5.0.4.jar:/home/user/.m2/repository/commons-lang/commons-lang/2.6/commons-lang-2.6.jar:/home/user/.m2/repository/com/apple/AppleJavaExtensions/1.4/AppleJavaExtensions-1.4.jar:/home/user/.m2/repository/jaxen/jaxen/1.1.6/jaxen-1.1.6.jar:/home/user/.m2/repository/junit/junit/4.11/junit-4.11.jar:/home/user/.m2/repository/org/hamcrest/hamcrest-core/1.3/hamcrest-core-1.3.jar:/home/user/.m2/repository/org/apache/hadoop/hadoop-common/3.2.0/hadoop-common-3.2.0-tests.jar:/home/user/.m2/repository/org/apache/hadoop/hadoop-ozone-integration-test/0.5.0-SNAPSHOT/hadoop-ozone-integration-test-0.5.0-SNAPSHOT-tests.jar:/opt/src/hadoop-ozone/objectstore-service/target/classes:/opt/src/hadoop-ozone/s3gateway/target/classes:/home/user/.m2/repository/org/jboss/weld/servlet/weld-servlet/2.4.7.Final/weld-servlet-2.4.7.Final.jar:/home/user/.m2/repository/org/glassfish/jersey/containers/jersey-container-servlet-core/2.27/jersey-container-servlet-core-2.27.jar:/home/user/.m2/repository/org/glassfish/hk2/external/javax.inject/2.5.0-b42/javax.inject-2.5.0-b42.jar:/home/user/.m2/repository/org/glassfish/jersey/core/jersey-common/2.27/jersey-common-2.27.jar:/home/user/.m2/repository/org/glassfish/hk2/osgi-resource-locator/1.0.1/osgi-resource-locator-1.0.1.jar:/home/user/.m2/repository/javax/ws/rs/javax.ws.rs-api/2.1/javax.ws.rs-api-2.1.jar:/home/user/.m2/repository/org/glassfish/jersey/ext/cdi/jersey-cdi1x/2.27/jersey-cdi1x-2.27.jar:/home/user/.m2/repository/org/glassfish/jersey/inject/jersey-hk2/2.27/jersey-hk2-2.27.jar:/home/user/.m2/repository/org/glassfish/hk2/hk2-locator/2.5.0-b42/hk2-locator-2.5.0-b42.jar:/home/user/.m2/repository/org/javassist/javassist/3.22.0-CR2/javassist-3.22.0-CR2.jar:/home/user/.m2/repository/org/glassfish/hk2/hk2-api/2.5.0/hk2-api-2.5.0.jar:/home/user/.m2/repository/org/glassfish/hk2/external/jakarta.inject/2.5.0/jakarta.inject-2.5.0.jar:/home/user/.m2/repository/org/glassfish/hk2/hk2-utils/2.5.0/hk2-utils-2.5.0.jar:/home/user/.m2/repository/jakarta/annotation/jakarta.annotation-api/1.3.4/jakarta.annotation-api-1.3.4.jar:/home/user/.m2/repository/org/glassfish/hk2/external/aopalliance-repackaged/2.5.0/aopalliance-repackaged-2.5.0.jar:/home/user/.m2/repository/com/fasterxml/jackson/dataformat/jackson-dataformat-xml/2.9.0/jackson-dataformat-xml-2.9.0.jar:/home/user/.m2/repository/com/fasterxml/jackson/module/jackson-module-jaxb-annotations/2.9.5/jackson-module-jaxb-annotations-2.9.5.jar:/home/user/.m2/repository/javax/enterprise/cdi-api/1.2/cdi-api-1.2.jar:/home/user/.m2/repository/javax/el/javax.el-api/3.0.0/javax.el-api-3.0.0.jar:/home/user/.m2/repository/javax/interceptor/javax.interceptor-api/1.2/javax.interceptor-api-1.2.jar:/home/user/.m2/repository/javax/inject/javax.inject/1/javax.inject-1.jar:/opt/src/hadoop-ozone/csi/target/classes:/home/user/.m2/repository/com/google/protobuf/protobuf-java-util/3.5.1/protobuf-java-util-3.5.1.jar:/home/user/.m2/repository/io/grpc/grpc-netty/1.17.1/grpc-netty-1.17.1.jar:/home/user/.m2/repository/io/grpc/grpc-core/1.17.1/grpc-core-1.17.1.jar:/home/user/.m2/repository/io/grpc/grpc-context/1.17.1/grpc-context-1.17.1.jar:/home/user/.m2/repository/com/google/errorprone/error_prone_annotations/2.2.0/error_prone_annotations-2.2.0.jar:/home/user/.m2/repository/org/codehaus/mojo/animal-sniffer-annotations/1.17/animal-sniffer-annotations-1.17.jar:/home/user/.m2/repository/io/opencensus/opencensus-api/0.17.0/opencensus-api-0.17.0.jar:/home/user/.m2/repository/io/opencensus/opencensus-contrib-grpc-metrics/0.17.0/opencensus-contrib-grpc-metrics-0.17.0.jar:/home/user/.m2/repository/io/netty/netty-codec-http2/4.1.30.Final/netty-codec-http2-4.1.30.Final.jar:/home/user/.m2/repository/io/netty/netty-codec-http/4.1.30.Final/netty-codec-http-4.1.30.Final.jar:/home/user/.m2/repository/io/netty/netty-codec/4.1.30.Final/netty-codec-4.1.30.Final.jar:/home/user/.m2/repository/io/netty/netty-handler/4.1.30.Final/netty-handler-4.1.30.Final.jar:/home/user/.m2/repository/io/netty/netty-handler-proxy/4.1.30.Final/netty-handler-proxy-4.1.30.Final.jar:/home/user/.m2/repository/io/netty/netty-codec-socks/4.1.30.Final/netty-codec-socks-4.1.30.Final.jar:/home/user/.m2/repository/io/netty/netty-transport-native-epoll/4.1.30.Final/netty-transport-native-epoll-4.1.30.Final.jar:/home/user/.m2/repository/io/netty/netty-common/4.1.30.Final/netty-common-4.1.30.Final.jar:/home/user/.m2/repository/io/netty/netty-buffer/4.1.30.Final/netty-buffer-4.1.30.Final.jar:/home/user/.m2/repository/io/netty/netty-transport/4.1.30.Final/netty-transport-4.1.30.Final.jar:/home/user/.m2/repository/io/netty/netty-resolver/4.1.30.Final/netty-resolver-4.1.30.Final.jar:/home/user/.m2/repository/io/netty/netty-transport-native-unix-common/4.1.30.Final/netty-transport-native-unix-common-4.1.30.Final.jar:/home/user/.m2/repository/io/grpc/grpc-protobuf/1.17.1/grpc-protobuf-1.17.1.jar:/home/user/.m2/repository/com/google/api/grpc/proto-google-common-protos/1.0.0/proto-google-common-protos-1.0.0.jar:/home/user/.m2/repository/io/grpc/grpc-protobuf-lite/1.17.1/grpc-protobuf-lite-1.17.1.jar:/home/user/.m2/repository/io/grpc/grpc-stub/1.17.1/grpc-stub-1.17.1.jar:/opt/src/hadoop-ozone/ozone-recon/target/classes:/opt/src/hadoop-ozone/ozone-recon-codegen/target/classes:/home/user/.m2/repository/com/google/inject/extensions/guice-multibindings/4.0/guice-multibindings-4.0.jar:/home/user/.m2/repository/com/google/inject/guice/4.0/guice-4.0.jar:/home/user/.m2/repository/aopalliance/aopalliance/1.0/aopalliance-1.0.jar:/home/user/.m2/repository/com/google/inject/extensions/guice-servlet/4.0/guice-servlet-4.0.jar:/home/user/.m2/repository/org/glassfish/jersey/containers/jersey-container-servlet/2.27/jersey-container-servlet-2.27.jar:/home/user/.m2/repository/org/glassfish/hk2/guice-bridge/2.5.0/guice-bridge-2.5.0.jar:/home/user/.m2/repository/org/glassfish/jersey/core/jersey-server/2.27/jersey-server-2.27.jar:/home/user/.m2/repository/org/glassfish/jersey/core/jersey-client/2.27/jersey-client-2.27.jar:/home/user/.m2/repository/org/glassfish/jersey/media/jersey-media-jaxb/2.27/jersey-media-jaxb-2.27.jar:/home/user/.m2/repository/javax/validation/validation-api/1.1.0.Final/validation-api-1.1.0.Final.jar:/home/user/.m2/repository/org/glassfish/jersey/media/jersey-media-json-jackson/2.27/jersey-media-json-jackson-2.27.jar:/home/user/.m2/repository/org/glassfish/jersey/ext/jersey-entity-filtering/2.27/jersey-entity-filtering-2.27.jar:/home/user/.m2/repository/com/google/inject/extensions/guice-assistedinject/4.0/guice-assistedinject-4.0.jar:/home/user/.m2/repository/org/jooq/jooq/3.11.10/jooq-3.11.10.jar:/home/user/.m2/repository/org/jooq/jooq-meta/3.11.10/jooq-meta-3.11.10.jar:/home/user/.m2/repository/org/jooq/jooq-codegen/3.11.10/jooq-codegen-3.11.10.jar:/home/user/.m2/repository/com/jolbox/bonecp/0.8.0.RELEASE/bonecp-0.8.0.RELEASE.jar:/home/user/.m2/repository/org/springframework/spring-jdbc/5.1.3.RELEASE/spring-jdbc-5.1.3.RELEASE.jar:/home/user/.m2/repository/org/springframework/spring-beans/5.1.3.RELEASE/spring-beans-5.1.3.RELEASE.jar:/home/user/.m2/repository/org/springframework/spring-core/5.1.3.RELEASE/spring-core-5.1.3.RELEASE.jar:/home/user/.m2/repository/org/springframework/spring-jcl/5.1.3.RELEASE/spring-jcl-5.1.3.RELEASE.jar:/home/user/.m2/repository/org/springframework/spring-tx/5.1.3.RELEASE/spring-tx-5.1.3.RELEASE.jar:/home/user/.m2/repository/org/mockito/mockito-core/2.15.0/mockito-core-2.15.0.jar:/home/user/.m2/repository/net/bytebuddy/byte-buddy/1.7.9/byte-buddy-1.7.9.jar:/home/user/.m2/repository/net/bytebuddy/byte-buddy-agent/1.7.9/byte-buddy-agent-1.7.9.jar:/home/user/.m2/repository/org/objenesis/objenesis/1.0/objenesis-1.0.jar:"/>
    <property name="java.vm.vendor" value="IcedTea"/>
    <property name="sun.arch.data.model" value="64"/>
    <property name="test.build.dir" value="/opt/src/hadoop-ozone/tools/target/test-dir"/>
    <property name="test.cache.data" value=""/>
    <property name="java.vendor.url" value="https://icedtea.classpath.org"/>
    <property name="user.timezone" value=""/>
    <property name="java.vm.specification.version" value="1.8"/>
    <property name="os.name" value="Linux"/>
    <property name="test.build.data" value="/opt/src/hadoop-ozone/tools/target/test-dir"/>
    <property name="user.country" value="US"/>
    <property name="sun.java.launcher" value="SUN_STANDARD"/>
    <property name="sun.boot.library.path" value="/usr/lib/jvm/java-1.8-openjdk/jre/lib/amd64"/>
    <property name="sun.java.command" value="/opt/src/hadoop-ozone/tools/target/surefire/surefirebooter5019858812121591676.jar /opt/src/hadoop-ozone/tools/target/surefire 2019-06-17T21-01-15_686-jvmRun1 surefire2929194077429833800tmp surefire_898683464857480164165tmp"/>
    <property name="surefire.test.class.path" value="/opt/src/hadoop-ozone/tools/target/test-classes:/opt/src/hadoop-ozone/tools/target/classes:/opt/src/hadoop-ozone/ozone-manager/target/classes:/opt/src/hadoop-hdds/docs/target/classes:/home/user/.m2/repository/org/bouncycastle/bcprov-jdk15on/1.60/bcprov-jdk15on-1.60.jar:/opt/src/hadoop-ozone/common/target/classes:/home/user/.m2/repository/org/apache/commons/commons-compress/1.4.1/commons-compress-1.4.1.jar:/home/user/.m2/repository/org/tukaani/xz/1.0/xz-1.0.jar:/home/user/.m2/repository/org/apache/hadoop/hadoop-hdfs-client/3.2.0/hadoop-hdfs-client-3.2.0.jar:/home/user/.m2/repository/com/fasterxml/jackson/core/jackson-annotations/2.9.5/jackson-annotations-2.9.5.jar:/opt/src/hadoop-hdds/common/target/classes:/opt/src/hadoop-hdds/config/target/classes:/home/user/.m2/repository/javax/annotation/javax.annotation-api/1.2/javax.annotation-api-1.2.jar:/home/user/.m2/repository/org/apache/ratis/ratis-server/0.4.0-fe2b15d-SNAPSHOT/ratis-server-0.4.0-fe2b15d-SNAPSHOT.jar:/home/user/.m2/repository/org/apache/ratis/ratis-thirdparty-misc/0.2.0/ratis-thirdparty-misc-0.2.0.jar:/home/user/.m2/repository/org/apache/ratis/ratis-proto/0.4.0-fe2b15d-SNAPSHOT/ratis-proto-0.4.0-fe2b15d-SNAPSHOT.jar:/home/user/.m2/repository/org/apache/ratis/ratis-common/0.4.0-fe2b15d-SNAPSHOT/ratis-common-0.4.0-fe2b15d-SNAPSHOT.jar:/home/user/.m2/repository/org/apache/ratis/ratis-client/0.4.0-fe2b15d-SNAPSHOT/ratis-client-0.4.0-fe2b15d-SNAPSHOT.jar:/home/user/.m2/repository/org/apache/ratis/ratis-netty/0.4.0-fe2b15d-SNAPSHOT/ratis-netty-0.4.0-fe2b15d-SNAPSHOT.jar:/home/user/.m2/repository/org/apache/ratis/ratis-grpc/0.4.0-fe2b15d-SNAPSHOT/ratis-grpc-0.4.0-fe2b15d-SNAPSHOT.jar:/home/user/.m2/repository/org/rocksdb/rocksdbjni/5.14.2/rocksdbjni-5.14.2.jar:/home/user/.m2/repository/org/apache/logging/log4j/log4j-api/2.11.0/log4j-api-2.11.0.jar:/home/user/.m2/repository/org/apache/logging/log4j/log4j-core/2.11.0/log4j-core-2.11.0.jar:/home/user/.m2/repository/com/lmax/disruptor/3.4.2/disruptor-3.4.2.jar:/home/user/.m2/repository/org/apache/commons/commons-pool2/2.6.0/commons-pool2-2.6.0.jar:/home/user/.m2/repository/org/bouncycastle/bcpkix-jdk15on/1.60/bcpkix-jdk15on-1.60.jar:/home/user/.m2/repository/commons-validator/commons-validator/1.6/commons-validator-1.6.jar:/home/user/.m2/repository/commons-digester/commons-digester/1.8.1/commons-digester-1.8.1.jar:/home/user/.m2/repository/io/jaegertracing/jaeger-client/0.33.1/jaeger-client-0.33.1.jar:/home/user/.m2/repository/io/jaegertracing/jaeger-thrift/0.33.1/jaeger-thrift-0.33.1.jar:/home/user/.m2/repository/org/apache/thrift/libthrift/0.11.0/libthrift-0.11.0.jar:/home/user/.m2/repository/com/squareup/okhttp3/okhttp/3.9.0/okhttp-3.9.0.jar:/home/user/.m2/repository/com/squareup/okio/okio/1.13.0/okio-1.13.0.jar:/home/user/.m2/repository/io/jaegertracing/jaeger-core/0.33.1/jaeger-core-0.33.1.jar:/home/user/.m2/repository/io/jaegertracing/jaeger-tracerresolver/0.33.1/jaeger-tracerresolver-0.33.1.jar:/home/user/.m2/repository/io/opentracing/contrib/opentracing-tracerresolver/0.1.5/opentracing-tracerresolver-0.1.5.jar:/home/user/.m2/repository/io/opentracing/opentracing-util/0.31.0/opentracing-util-0.31.0.jar:/home/user/.m2/repository/io/opentracing/opentracing-api/0.31.0/opentracing-api-0.31.0.jar:/home/user/.m2/repository/io/opentracing/opentracing-noop/0.31.0/opentracing-noop-0.31.0.jar:/home/user/.m2/repository/org/yaml/snakeyaml/1.16/snakeyaml-1.16.jar:/opt/src/hadoop-hdds/server-scm/target/classes:/home/user/.m2/repository/org/hamcrest/hamcrest-all/1.3/hamcrest-all-1.3.jar:/opt/src/hadoop-hdds/container-service/target/classes:/opt/src/hadoop-hdds/client/target/classes:/opt/src/hadoop-hdds/tools/target/classes:/home/user/.m2/repository/org/xerial/sqlite-jdbc/3.25.2/sqlite-jdbc-3.25.2.jar:/opt/src/hadoop-ozone/client/target/classes:/home/user/.m2/repository/org/apache/hadoop/hadoop-ozone-filesystem/0.5.0-SNAPSHOT/hadoop-ozone-filesystem-0.5.0-SNAPSHOT.jar:/opt/src/hadoop-hdds/framework/target/classes:/home/user/.m2/repository/info/picocli/picocli/3.9.6/picocli-3.9.6.jar:/home/user/.m2/repository/com/google/protobuf/protobuf-java/2.5.0/protobuf-java-2.5.0.jar:/home/user/.m2/repository/com/google/guava/guava/11.0.2/guava-11.0.2.jar:/home/user/.m2/repository/org/apache/hadoop/hadoop-common/3.2.0/hadoop-common-3.2.0.jar:/home/user/.m2/repository/org/apache/hadoop/hadoop-annotations/3.2.0/hadoop-annotations-3.2.0.jar:/usr/lib/jvm/java-1.8-openjdk/jre/../lib/tools.jar:/home/user/.m2/repository/commons-cli/commons-cli/1.2/commons-cli-1.2.jar:/home/user/.m2/repository/org/apache/commons/commons-math3/3.1.1/commons-math3-3.1.1.jar:/home/user/.m2/repository/org/apache/httpcomponents/httpclient/4.5.2/httpclient-4.5.2.jar:/home/user/.m2/repository/org/apache/httpcomponents/httpcore/4.4.4/httpcore-4.4.4.jar:/home/user/.m2/repository/commons-codec/commons-codec/1.11/commons-codec-1.11.jar:/home/user/.m2/repository/commons-io/commons-io/2.5/commons-io-2.5.jar:/home/user/.m2/repository/commons-net/commons-net/3.6/commons-net-3.6.jar:/home/user/.m2/repository/commons-collections/commons-collections/3.2.2/commons-collections-3.2.2.jar:/home/user/.m2/repository/javax/servlet/javax.servlet-api/3.1.0/javax.servlet-api-3.1.0.jar:/home/user/.m2/repository/org/eclipse/jetty/jetty-server/9.3.24.v20180605/jetty-server-9.3.24.v20180605.jar:/home/user/.m2/repository/org/eclipse/jetty/jetty-http/9.3.24.v20180605/jetty-http-9.3.24.v20180605.jar:/home/user/.m2/repository/org/eclipse/jetty/jetty-io/9.3.24.v20180605/jetty-io-9.3.24.v20180605.jar:/home/user/.m2/repository/org/eclipse/jetty/jetty-util/9.3.24.v20180605/jetty-util-9.3.24.v20180605.jar:/home/user/.m2/repository/org/eclipse/jetty/jetty-servlet/9.3.24.v20180605/jetty-servlet-9.3.24.v20180605.jar:/home/user/.m2/repository/org/eclipse/jetty/jetty-security/9.3.24.v20180605/jetty-security-9.3.24.v20180605.jar:/home/user/.m2/repository/org/eclipse/jetty/jetty-webapp/9.3.24.v20180605/jetty-webapp-9.3.24.v20180605.jar:/home/user/.m2/repository/org/eclipse/jetty/jetty-xml/9.3.24.v20180605/jetty-xml-9.3.24.v20180605.jar:/home/user/.m2/repository/javax/servlet/jsp/jsp-api/2.1/jsp-api-2.1.jar:/home/user/.m2/repository/com/sun/jersey/jersey-core/1.19/jersey-core-1.19.jar:/home/user/.m2/repository/javax/ws/rs/jsr311-api/1.1.1/jsr311-api-1.1.1.jar:/home/user/.m2/repository/com/sun/jersey/jersey-servlet/1.19/jersey-servlet-1.19.jar:/home/user/.m2/repository/com/sun/jersey/jersey-json/1.19/jersey-json-1.19.jar:/home/user/.m2/repository/org/codehaus/jettison/jettison/1.1/jettison-1.1.jar:/home/user/.m2/repository/com/sun/xml/bind/jaxb-impl/2.3.0.1/jaxb-impl-2.3.0.1.jar:/home/user/.m2/repository/org/codehaus/jackson/jackson-core-asl/1.9.13/jackson-core-asl-1.9.13.jar:/home/user/.m2/repository/org/codehaus/jackson/jackson-mapper-asl/1.9.13/jackson-mapper-asl-1.9.13.jar:/home/user/.m2/repository/org/codehaus/jackson/jackson-jaxrs/1.9.13/jackson-jaxrs-1.9.13.jar:/home/user/.m2/repository/org/codehaus/jackson/jackson-xc/1.9.13/jackson-xc-1.9.13.jar:/home/user/.m2/repository/com/sun/jersey/jersey-server/1.19/jersey-server-1.19.jar:/home/user/.m2/repository/commons-logging/commons-logging/1.1.3/commons-logging-1.1.3.jar:/home/user/.m2/repository/log4j/log4j/1.2.17/log4j-1.2.17.jar:/home/user/.m2/repository/commons-beanutils/commons-beanutils/1.9.3/commons-beanutils-1.9.3.jar:/home/user/.m2/repository/org/apache/commons/commons-configuration2/2.1.1/commons-configuration2-2.1.1.jar:/home/user/.m2/repository/org/apache/commons/commons-lang3/3.7/commons-lang3-3.7.jar:/home/user/.m2/repository/org/apache/commons/commons-text/1.4/commons-text-1.4.jar:/home/user/.m2/repository/org/slf4j/slf4j-api/1.7.25/slf4j-api-1.7.25.jar:/home/user/.m2/repository/org/slf4j/slf4j-log4j12/1.7.25/slf4j-log4j12-1.7.25.jar:/home/user/.m2/repository/org/apache/avro/avro/1.7.7/avro-1.7.7.jar:/home/user/.m2/repository/com/thoughtworks/paranamer/paranamer/2.3/paranamer-2.3.jar:/home/user/.m2/repository/org/xerial/snappy/snappy-java/1.0.5/snappy-java-1.0.5.jar:/home/user/.m2/repository/com/google/re2j/re2j/1.1/re2j-1.1.jar:/home/user/.m2/repository/com/google/code/gson/gson/2.2.4/gson-2.2.4.jar:/home/user/.m2/repository/org/apache/hadoop/hadoop-auth/3.2.0/hadoop-auth-3.2.0.jar:/home/user/.m2/repository/com/nimbusds/nimbus-jose-jwt/4.41.1/nimbus-jose-jwt-4.41.1.jar:/home/user/.m2/repository/com/github/stephenc/jcip/jcip-annotations/1.0-1/jcip-annotations-1.0-1.jar:/home/user/.m2/repository/net/minidev/json-smart/2.3/json-smart-2.3.jar:/home/user/.m2/repository/net/minidev/accessors-smart/1.2/accessors-smart-1.2.jar:/home/user/.m2/repository/org/apache/curator/curator-framework/2.12.0/curator-framework-2.12.0.jar:/home/user/.m2/repository/com/jcraft/jsch/0.1.54/jsch-0.1.54.jar:/home/user/.m2/repository/org/apache/curator/curator-client/2.12.0/curator-client-2.12.0.jar:/home/user/.m2/repository/org/apache/curator/curator-recipes/2.12.0/curator-recipes-2.12.0.jar:/home/user/.m2/repository/com/google/code/findbugs/jsr305/3.0.0/jsr305-3.0.0.jar:/home/user/.m2/repository/org/apache/htrace/htrace-core4/4.1.0-incubating/htrace-core4-4.1.0-incubating.jar:/home/user/.m2/repository/org/apache/zookeeper/zookeeper/3.4.13/zookeeper-3.4.13.jar:/home/user/.m2/repository/org/apache/yetus/audience-annotations/0.5.0/audience-annotations-0.5.0.jar:/home/user/.m2/repository/org/apache/kerby/kerb-simplekdc/1.0.1/kerb-simplekdc-1.0.1.jar:/home/user/.m2/repository/org/apache/kerby/kerb-client/1.0.1/kerb-client-1.0.1.jar:/home/user/.m2/repository/org/apache/kerby/kerby-config/1.0.1/kerby-config-1.0.1.jar:/home/user/.m2/repository/org/apache/kerby/kerb-core/1.0.1/kerb-core-1.0.1.jar:/home/user/.m2/repository/org/apache/kerby/kerby-pkix/1.0.1/kerby-pkix-1.0.1.jar:/home/user/.m2/repository/org/apache/kerby/kerby-asn1/1.0.1/kerby-asn1-1.0.1.jar:/home/user/.m2/repository/org/apache/kerby/kerby-util/1.0.1/kerby-util-1.0.1.jar:/home/user/.m2/repository/org/apache/kerby/kerb-common/1.0.1/kerb-common-1.0.1.jar:/home/user/.m2/repository/org/apache/kerby/kerb-crypto/1.0.1/kerb-crypto-1.0.1.jar:/home/user/.m2/repository/org/apache/kerby/kerb-util/1.0.1/kerb-util-1.0.1.jar:/home/user/.m2/repository/org/apache/kerby/token-provider/1.0.1/token-provider-1.0.1.jar:/home/user/.m2/repository/org/apache/kerby/kerb-admin/1.0.1/kerb-admin-1.0.1.jar:/home/user/.m2/repository/org/apache/kerby/kerb-server/1.0.1/kerb-server-1.0.1.jar:/home/user/.m2/repository/org/apache/kerby/kerb-identity/1.0.1/kerb-identity-1.0.1.jar:/home/user/.m2/repository/org/apache/kerby/kerby-xdr/1.0.1/kerby-xdr-1.0.1.jar:/home/user/.m2/repository/com/fasterxml/jackson/core/jackson-databind/2.9.5/jackson-databind-2.9.5.jar:/home/user/.m2/repository/com/fasterxml/jackson/core/jackson-core/2.9.5/jackson-core-2.9.5.jar:/home/user/.m2/repository/org/codehaus/woodstox/stax2-api/3.1.4/stax2-api-3.1.4.jar:/home/user/.m2/repository/com/fasterxml/woodstox/woodstox-core/5.0.3/woodstox-core-5.0.3.jar:/home/user/.m2/repository/dnsjava/dnsjava/2.1.7/dnsjava-2.1.7.jar:/home/user/.m2/repository/org/apache/hadoop/hadoop-hdfs/3.2.0/hadoop-hdfs-3.2.0.jar:/home/user/.m2/repository/org/eclipse/jetty/jetty-util-ajax/9.3.24.v20180605/jetty-util-ajax-9.3.24.v20180605.jar:/home/user/.m2/repository/commons-daemon/commons-daemon/1.0.13/commons-daemon-1.0.13.jar:/home/user/.m2/repository/io/netty/netty/3.10.5.Final/netty-3.10.5.Final.jar:/home/user/.m2/repository/io/netty/netty-all/4.0.52.Final/netty-all-4.0.52.Final.jar:/home/user/.m2/repository/org/fusesource/leveldbjni/leveldbjni-all/1.8/leveldbjni-all-1.8.jar:/home/user/.m2/repository/com/sun/xml/bind/jaxb-core/2.3.0.1/jaxb-core-2.3.0.1.jar:/home/user/.m2/repository/javax/xml/bind/jaxb-api/2.3.0/jaxb-api-2.3.0.jar:/home/user/.m2/repository/javax/activation/activation/1.1.1/activation-1.1.1.jar:/home/user/.m2/repository/io/dropwizard/metrics/metrics-core/3.2.4/metrics-core-3.2.4.jar:/home/user/.m2/repository/org/openjdk/jmh/jmh-core/1.19/jmh-core-1.19.jar:/home/user/.m2/repository/net/sf/jopt-simple/jopt-simple/4.6/jopt-simple-4.6.jar:/home/user/.m2/repository/org/openjdk/jmh/jmh-generator-annprocess/1.19/jmh-generator-annprocess-1.19.jar:/home/user/.m2/repository/com/google/code/findbugs/findbugs/3.0.1/findbugs-3.0.1.jar:/home/user/.m2/repository/net/jcip/jcip-annotations/1.0/jcip-annotations-1.0.jar:/home/user/.m2/repository/com/google/code/findbugs/bcel-findbugs/6.0/bcel-findbugs-6.0.jar:/home/user/.m2/repository/com/google/code/findbugs/jFormatString/2.0.1/jFormatString-2.0.1.jar:/home/user/.m2/repository/dom4j/dom4j/1.6.1/dom4j-1.6.1.jar:/home/user/.m2/repository/xml-apis/xml-apis/1.0.b2/xml-apis-1.0.b2.jar:/home/user/.m2/repository/org/ow2/asm/asm-debug-all/5.0.2/asm-debug-all-5.0.2.jar:/home/user/.m2/repository/org/ow2/asm/asm-commons/5.0.2/asm-commons-5.0.2.jar:/home/user/.m2/repository/org/ow2/asm/asm-tree/5.0.2/asm-tree-5.0.2.jar:/home/user/.m2/repository/org/ow2/asm/asm/5.0.4/asm-5.0.4.jar:/home/user/.m2/repository/commons-lang/commons-lang/2.6/commons-lang-2.6.jar:/home/user/.m2/repository/com/apple/AppleJavaExtensions/1.4/AppleJavaExtensions-1.4.jar:/home/user/.m2/repository/jaxen/jaxen/1.1.6/jaxen-1.1.6.jar:/home/user/.m2/repository/junit/junit/4.11/junit-4.11.jar:/home/user/.m2/repository/org/hamcrest/hamcrest-core/1.3/hamcrest-core-1.3.jar:/home/user/.m2/repository/org/apache/hadoop/hadoop-common/3.2.0/hadoop-common-3.2.0-tests.jar:/home/user/.m2/repository/org/apache/hadoop/hadoop-ozone-integration-test/0.5.0-SNAPSHOT/hadoop-ozone-integration-test-0.5.0-SNAPSHOT-tests.jar:/opt/src/hadoop-ozone/objectstore-service/target/classes:/opt/src/hadoop-ozone/s3gateway/target/classes:/home/user/.m2/repository/org/jboss/weld/servlet/weld-servlet/2.4.7.Final/weld-servlet-2.4.7.Final.jar:/home/user/.m2/repository/org/glassfish/jersey/containers/jersey-container-servlet-core/2.27/jersey-container-servlet-core-2.27.jar:/home/user/.m2/repository/org/glassfish/hk2/external/javax.inject/2.5.0-b42/javax.inject-2.5.0-b42.jar:/home/user/.m2/repository/org/glassfish/jersey/core/jersey-common/2.27/jersey-common-2.27.jar:/home/user/.m2/repository/org/glassfish/hk2/osgi-resource-locator/1.0.1/osgi-resource-locator-1.0.1.jar:/home/user/.m2/repository/javax/ws/rs/javax.ws.rs-api/2.1/javax.ws.rs-api-2.1.jar:/home/user/.m2/repository/org/glassfish/jersey/ext/cdi/jersey-cdi1x/2.27/jersey-cdi1x-2.27.jar:/home/user/.m2/repository/org/glassfish/jersey/inject/jersey-hk2/2.27/jersey-hk2-2.27.jar:/home/user/.m2/repository/org/glassfish/hk2/hk2-locator/2.5.0-b42/hk2-locator-2.5.0-b42.jar:/home/user/.m2/repository/org/javassist/javassist/3.22.0-CR2/javassist-3.22.0-CR2.jar:/home/user/.m2/repository/org/glassfish/hk2/hk2-api/2.5.0/hk2-api-2.5.0.jar:/home/user/.m2/repository/org/glassfish/hk2/external/jakarta.inject/2.5.0/jakarta.inject-2.5.0.jar:/home/user/.m2/repository/org/glassfish/hk2/hk2-utils/2.5.0/hk2-utils-2.5.0.jar:/home/user/.m2/repository/jakarta/annotation/jakarta.annotation-api/1.3.4/jakarta.annotation-api-1.3.4.jar:/home/user/.m2/repository/org/glassfish/hk2/external/aopalliance-repackaged/2.5.0/aopalliance-repackaged-2.5.0.jar:/home/user/.m2/repository/com/fasterxml/jackson/dataformat/jackson-dataformat-xml/2.9.0/jackson-dataformat-xml-2.9.0.jar:/home/user/.m2/repository/com/fasterxml/jackson/module/jackson-module-jaxb-annotations/2.9.5/jackson-module-jaxb-annotations-2.9.5.jar:/home/user/.m2/repository/javax/enterprise/cdi-api/1.2/cdi-api-1.2.jar:/home/user/.m2/repository/javax/el/javax.el-api/3.0.0/javax.el-api-3.0.0.jar:/home/user/.m2/repository/javax/interceptor/javax.interceptor-api/1.2/javax.interceptor-api-1.2.jar:/home/user/.m2/repository/javax/inject/javax.inject/1/javax.inject-1.jar:/opt/src/hadoop-ozone/csi/target/classes:/home/user/.m2/repository/com/google/protobuf/protobuf-java-util/3.5.1/protobuf-java-util-3.5.1.jar:/home/user/.m2/repository/io/grpc/grpc-netty/1.17.1/grpc-netty-1.17.1.jar:/home/user/.m2/repository/io/grpc/grpc-core/1.17.1/grpc-core-1.17.1.jar:/home/user/.m2/repository/io/grpc/grpc-context/1.17.1/grpc-context-1.17.1.jar:/home/user/.m2/repository/com/google/errorprone/error_prone_annotations/2.2.0/error_prone_annotations-2.2.0.jar:/home/user/.m2/repository/org/codehaus/mojo/animal-sniffer-annotations/1.17/animal-sniffer-annotations-1.17.jar:/home/user/.m2/repository/io/opencensus/opencensus-api/0.17.0/opencensus-api-0.17.0.jar:/home/user/.m2/repository/io/opencensus/opencensus-contrib-grpc-metrics/0.17.0/opencensus-contrib-grpc-metrics-0.17.0.jar:/home/user/.m2/repository/io/netty/netty-codec-http2/4.1.30.Final/netty-codec-http2-4.1.30.Final.jar:/home/user/.m2/repository/io/netty/netty-codec-http/4.1.30.Final/netty-codec-http-4.1.30.Final.jar:/home/user/.m2/repository/io/netty/netty-codec/4.1.30.Final/netty-codec-4.1.30.Final.jar:/home/user/.m2/repository/io/netty/netty-handler/4.1.30.Final/netty-handler-4.1.30.Final.jar:/home/user/.m2/repository/io/netty/netty-handler-proxy/4.1.30.Final/netty-handler-proxy-4.1.30.Final.jar:/home/user/.m2/repository/io/netty/netty-codec-socks/4.1.30.Final/netty-codec-socks-4.1.30.Final.jar:/home/user/.m2/repository/io/netty/netty-transport-native-epoll/4.1.30.Final/netty-transport-native-epoll-4.1.30.Final.jar:/home/user/.m2/repository/io/netty/netty-common/4.1.30.Final/netty-common-4.1.30.Final.jar:/home/user/.m2/repository/io/netty/netty-buffer/4.1.30.Final/netty-buffer-4.1.30.Final.jar:/home/user/.m2/repository/io/netty/netty-transport/4.1.30.Final/netty-transport-4.1.30.Final.jar:/home/user/.m2/repository/io/netty/netty-resolver/4.1.30.Final/netty-resolver-4.1.30.Final.jar:/home/user/.m2/repository/io/netty/netty-transport-native-unix-common/4.1.30.Final/netty-transport-native-unix-common-4.1.30.Final.jar:/home/user/.m2/repository/io/grpc/grpc-protobuf/1.17.1/grpc-protobuf-1.17.1.jar:/home/user/.m2/repository/com/google/api/grpc/proto-google-common-protos/1.0.0/proto-google-common-protos-1.0.0.jar:/home/user/.m2/repository/io/grpc/grpc-protobuf-lite/1.17.1/grpc-protobuf-lite-1.17.1.jar:/home/user/.m2/repository/io/grpc/grpc-stub/1.17.1/grpc-stub-1.17.1.jar:/opt/src/hadoop-ozone/ozone-recon/target/classes:/opt/src/hadoop-ozone/ozone-recon-codegen/target/classes:/home/user/.m2/repository/com/google/inject/extensions/guice-multibindings/4.0/guice-multibindings-4.0.jar:/home/user/.m2/repository/com/google/inject/guice/4.0/guice-4.0.jar:/home/user/.m2/repository/aopalliance/aopalliance/1.0/aopalliance-1.0.jar:/home/user/.m2/repository/com/google/inject/extensions/guice-servlet/4.0/guice-servlet-4.0.jar:/home/user/.m2/repository/org/glassfish/jersey/containers/jersey-container-servlet/2.27/jersey-container-servlet-2.27.jar:/home/user/.m2/repository/org/glassfish/hk2/guice-bridge/2.5.0/guice-bridge-2.5.0.jar:/home/user/.m2/repository/org/glassfish/jersey/core/jersey-server/2.27/jersey-server-2.27.jar:/home/user/.m2/repository/org/glassfish/jersey/core/jersey-client/2.27/jersey-client-2.27.jar:/home/user/.m2/repository/org/glassfish/jersey/media/jersey-media-jaxb/2.27/jersey-media-jaxb-2.27.jar:/home/user/.m2/repository/javax/validation/validation-api/1.1.0.Final/validation-api-1.1.0.Final.jar:/home/user/.m2/repository/org/glassfish/jersey/media/jersey-media-json-jackson/2.27/jersey-media-json-jackson-2.27.jar:/home/user/.m2/repository/org/glassfish/jersey/ext/jersey-entity-filtering/2.27/jersey-entity-filtering-2.27.jar:/home/user/.m2/repository/com/google/inject/extensions/guice-assistedinject/4.0/guice-assistedinject-4.0.jar:/home/user/.m2/repository/org/jooq/jooq/3.11.10/jooq-3.11.10.jar:/home/user/.m2/repository/org/jooq/jooq-meta/3.11.10/jooq-meta-3.11.10.jar:/home/user/.m2/repository/org/jooq/jooq-codegen/3.11.10/jooq-codegen-3.11.10.jar:/home/user/.m2/repository/com/jolbox/bonecp/0.8.0.RELEASE/bonecp-0.8.0.RELEASE.jar:/home/user/.m2/repository/org/springframework/spring-jdbc/5.1.3.RELEASE/spring-jdbc-5.1.3.RELEASE.jar:/home/user/.m2/repository/org/springframework/spring-beans/5.1.3.RELEASE/spring-beans-5.1.3.RELEASE.jar:/home/user/.m2/repository/org/springframework/spring-core/5.1.3.RELEASE/spring-core-5.1.3.RELEASE.jar:/home/user/.m2/repository/org/springframework/spring-jcl/5.1.3.RELEASE/spring-jcl-5.1.3.RELEASE.jar:/home/user/.m2/repository/org/springframework/spring-tx/5.1.3.RELEASE/spring-tx-5.1.3.RELEASE.jar:/home/user/.m2/repository/org/mockito/mockito-core/2.15.0/mockito-core-2.15.0.jar:/home/user/.m2/repository/net/bytebuddy/byte-buddy/1.7.9/byte-buddy-1.7.9.jar:/home/user/.m2/repository/net/bytebuddy/byte-buddy-agent/1.7.9/byte-buddy-agent-1.7.9.jar:/home/user/.m2/repository/org/objenesis/objenesis/1.0/objenesis-1.0.jar:"/>
    <property name="sun.cpu.endian" value="little"/>
    <property name="user.home" value="/home/user"/>
    <property name="user.language" value="en"/>
    <property name="java.specification.vendor" value="Oracle Corporation"/>
    <property name="java.home" value="/usr/lib/jvm/java-1.8-openjdk/jre"/>
    <property name="java.security.krb5.conf" value="/opt/src/hadoop-ozone/tools/target/test-classes/krb5.conf"/>
    <property name="basedir" value="/opt/src/hadoop-ozone/tools"/>
    <property name="file.separator" value="/"/>
    <property name="line.separator" value="&#10;"/>
    <property name="java.vm.specification.vendor" value="Oracle Corporation"/>
    <property name="java.specification.name" value="Java Platform API Specification"/>
    <property name="java.awt.graphicsenv" value="sun.awt.X11GraphicsEnvironment"/>
    <property name="surefire.real.class.path" value="/opt/src/hadoop-ozone/tools/target/surefire/surefirebooter5019858812121591676.jar"/>
    <property name="hadoop.log.dir" value="/opt/src/hadoop-ozone/tools/target/log"/>
    <property name="sun.boot.class.path" value="/usr/lib/jvm/java-1.8-openjdk/jre/lib/resources.jar:/usr/lib/jvm/java-1.8-openjdk/jre/lib/rt.jar:/usr/lib/jvm/java-1.8-openjdk/jre/lib/sunrsasign.jar:/usr/lib/jvm/java-1.8-openjdk/jre/lib/jsse.jar:/usr/lib/jvm/java-1.8-openjdk/jre/lib/jce.jar:/usr/lib/jvm/java-1.8-openjdk/jre/lib/charsets.jar:/usr/lib/jvm/java-1.8-openjdk/jre/lib/jfr.jar:/usr/lib/jvm/java-1.8-openjdk/jre/classes"/>
    <property name="sun.management.compiler" value="HotSpot 64-Bit Tiered Compilers"/>
    <property name="java.runtime.version" value="1.8.0_212-b04"/>
    <property name="java.net.preferIPv4Stack" value="true"/>
    <property name="user.name" value="jenkins1000"/>
    <property name="path.separator" value=":"/>
    <property name="java.security.egd" value="file:///dev/urandom"/>
    <property name="os.version" value="4.15.0-1021-aws"/>
    <property name="java.endorsed.dirs" value="/usr/lib/jvm/java-1.8-openjdk/jre/lib/endorsed"/>
    <property name="java.runtime.name" value="OpenJDK Runtime Environment"/>
    <property name="file.encoding" value="UTF-8"/>
    <property name="java.vm.name" value="OpenJDK 64-Bit Server VM"/>
    <property name="test.build.webapps" value=""/>
    <property name="localRepository" value="/home/user/.m2/repository"/>
    <property name="java.vendor.url.bug" value="https://icedtea.classpath.org/bugzilla"/>
    <property name="java.io.tmpdir" value="/tmp"/>
    <property name="require.test.libhadoop" value=""/>
    <property name="java.version" value="1.8.0_212"/>
    <property name="user.dir" value="/opt/src/hadoop-ozone/tools"/>
    <property name="os.arch" value="amd64"/>
    <property name="java.vm.specification.name" value="Java Virtual Machine Specification"/>
    <property name="test.build.classes" value="/opt/src/hadoop-ozone/tools/target/test-classes"/>
    <property name="java.awt.printerjob" value="sun.print.PSPrinterJob"/>
    <property name="sun.os.patch.level" value="unknown"/>
    <property name="hadoop.tmp.dir" value="/opt/src/hadoop-ozone/tools/target/tmp"/>
    <property name="java.library.path" value="/usr/lib/jvm/java-1.8-openjdk/jre/lib/amd64/server:/usr/lib/jvm/java-1.8-openjdk/jre/lib/amd64:/usr/lib/jvm/java-1.8-openjdk/jre/../lib/amd64:/opt/src/hadoop-ozone/tools/target/native/target/usr/local/lib:/opt/src/hadoop-ozone/tools/../../hadoop-common-project/hadoop-common/target/native/target/usr/local/lib:/usr/java/packages/lib/amd64:/usr/lib64:/lib64:/lib:/usr/lib"/>
    <property name="java.vm.info" value="mixed mode"/>
    <property name="java.vendor" value="IcedTea"/>
    <property name="java.vm.version" value="25.212-b04"/>
    <property name="java.ext.dirs" value="/usr/lib/jvm/java-1.8-openjdk/jre/lib/ext:/usr/java/packages/lib/ext"/>
    <property name="sun.io.unicode.encoding" value="UnicodeLittle"/>
    <property name="java.class.version" value="52.0"/>
  </properties>
  <testcase name="testRestart" classname="org.apache.hadoop.ozone.freon.TestFreonWithPipelineDestroy" time="9.835">
    <error message="Unexpected Storage Container Exception: org.apache.hadoop.hdds.scm.container.common.helpers.StorageContainerException: ContainerID 4 does not exist" type="java.io.IOException">java.io.IOException: Unexpected Storage Container Exception: org.apache.hadoop.hdds.scm.container.common.helpers.StorageContainerException: ContainerID 4 does not exist
	at org.apache.hadoop.hdds.scm.storage.BlockOutputStream.setIoException(BlockOutputStream.java:548)
	at org.apache.hadoop.hdds.scm.storage.BlockOutputStream.validateResponse(BlockOutputStream.java:539)
	at org.apache.hadoop.hdds.scm.storage.BlockOutputStream.lambda$writeChunkToContainer$2(BlockOutputStream.java:614)
	at java.util.concurrent.CompletableFuture.uniApply(CompletableFuture.java:602)
	at java.util.concurrent.CompletableFuture$UniApply.tryFire(CompletableFuture.java:577)
	at java.util.concurrent.CompletableFuture$Completion.run(CompletableFuture.java:442)
	at java.util.concurrent.ThreadPoolExecutor.runWorker(ThreadPoolExecutor.java:1149)
	at java.util.concurrent.ThreadPoolExecutor$Worker.run(ThreadPoolExecutor.java:624)
	at java.lang.Thread.run(Thread.java:748)
Caused by: org.apache.hadoop.hdds.scm.container.common.helpers.StorageContainerException: ContainerID 4 does not exist
	at org.apache.hadoop.hdds.scm.storage.ContainerProtocolCalls.validateContainerResponse(ContainerProtocolCalls.java:536)
	at org.apache.hadoop.hdds.scm.storage.BlockOutputStream.validateResponse(BlockOutputStream.java:536)
	... 7 more
</error>
    <system-out><![CDATA[2019-06-17 21:05:21,707 WARN  server.ServerUtils (ServerUtils.java:getScmDbDir(145)) - ozone.scm.db.dirs is not configured. We recommend adding this setting. Falling back to ozone.metadata.dirs instead.
2019-06-17 21:05:21,800 WARN  server.ServerUtils (ServerUtils.java:getScmDbDir(145)) - ozone.scm.db.dirs is not configured. We recommend adding this setting. Falling back to ozone.metadata.dirs instead.
2019-06-17 21:05:21,803 WARN  server.ServerUtils (ServerUtils.java:getScmDbDir(145)) - ozone.scm.db.dirs is not configured. We recommend adding this setting. Falling back to ozone.metadata.dirs instead.
2019-06-17 21:05:21,826 INFO  util.log (Log.java:initialized(192)) - Logging initialized @798ms
2019-06-17 21:05:21,926 INFO  db.DBStoreBuilder (DBStoreBuilder.java:addTable(110)) - using custom profile for table: deletedBlocks
2019-06-17 21:05:21,926 INFO  db.DBStoreBuilder (DBStoreBuilder.java:processTables(161)) - Using default column profile:DBProfile.DISK for Table:deletedBlocks
2019-06-17 21:05:21,927 INFO  db.DBStoreBuilder (DBStoreBuilder.java:addTable(110)) - using custom profile for table: validCerts
2019-06-17 21:05:21,927 INFO  db.DBStoreBuilder (DBStoreBuilder.java:processTables(161)) - Using default column profile:DBProfile.DISK for Table:validCerts
2019-06-17 21:05:21,927 INFO  db.DBStoreBuilder (DBStoreBuilder.java:addTable(110)) - using custom profile for table: revokedCerts
2019-06-17 21:05:21,927 INFO  db.DBStoreBuilder (DBStoreBuilder.java:processTables(161)) - Using default column profile:DBProfile.DISK for Table:revokedCerts
2019-06-17 21:05:21,939 INFO  db.DBStoreBuilder (DBStoreBuilder.java:addTable(110)) - using custom profile for table: default
2019-06-17 21:05:21,939 INFO  db.DBStoreBuilder (DBStoreBuilder.java:processTables(167)) - Using default column profile:DBProfile.DISK for Table:default
2019-06-17 21:05:21,941 INFO  db.DBStoreBuilder (DBStoreBuilder.java:getDbProfile(198)) - Using default options. DBProfile.DISK
2019-06-17 21:05:22,003 INFO  net.NodeSchemaLoader (NodeSchemaLoader.java:loadSchemaFromFile(125)) - Loading file from sun.misc.CompoundEnumeration@2f112965
2019-06-17 21:05:22,004 INFO  net.NodeSchemaLoader (NodeSchemaLoader.java:loadSchema(171)) - Loading network topology layer schema file
2019-06-17 21:05:22,080 INFO  node.SCMNodeManager (SCMNodeManager.java:<init>(119)) - Entering startup safe mode.
2019-06-17 21:05:22,168 WARN  server.ServerUtils (ServerUtils.java:getScmDbDir(145)) - ozone.scm.db.dirs is not configured. We recommend adding this setting. Falling back to ozone.metadata.dirs instead.
2019-06-17 21:05:22,190 INFO  pipeline.SCMPipelineManager (SCMPipelineManager.java:initializePipelineState(126)) - No pipeline exists in current db
2019-06-17 21:05:22,192 WARN  server.ServerUtils (ServerUtils.java:getScmDbDir(145)) - ozone.scm.db.dirs is not configured. We recommend adding this setting. Falling back to ozone.metadata.dirs instead.
2019-06-17 21:05:22,259 WARN  events.EventQueue (EventQueue.java:fireEvent(175)) - No event handler registered for event TypedEvent{payloadType=SafeModeStatus, name='SafeModeStatus'}
2019-06-17 21:05:22,661 INFO  ipc.CallQueueManager (CallQueueManager.java:<init>(84)) - Using callQueue: class java.util.concurrent.LinkedBlockingQueue, queueCapacity: 2000, scheduler: class org.apache.hadoop.ipc.DefaultRpcScheduler, ipcBackoff: false.
2019-06-17 21:05:22,686 INFO  ipc.Server (Server.java:run(1074)) - Starting Socket Reader #1 for port 33197
2019-06-17 21:05:22,709 INFO  ipc.CallQueueManager (CallQueueManager.java:<init>(84)) - Using callQueue: class java.util.concurrent.LinkedBlockingQueue, queueCapacity: 2000, scheduler: class org.apache.hadoop.ipc.DefaultRpcScheduler, ipcBackoff: false.
2019-06-17 21:05:22,710 INFO  ipc.Server (Server.java:run(1074)) - Starting Socket Reader #1 for port 42793
2019-06-17 21:05:22,719 INFO  ipc.CallQueueManager (CallQueueManager.java:<init>(84)) - Using callQueue: class java.util.concurrent.LinkedBlockingQueue, queueCapacity: 2000, scheduler: class org.apache.hadoop.ipc.DefaultRpcScheduler, ipcBackoff: false.
2019-06-17 21:05:22,720 INFO  ipc.Server (Server.java:run(1074)) - Starting Socket Reader #1 for port 38349
2019-06-17 21:05:22,738 INFO  hdfs.DFSUtil (DFSUtil.java:httpServerTemplateForNNAndJN(1641)) - Starting Web-server for scm at: http://0.0.0.0:0
2019-06-17 21:05:22,922 INFO  server.AuthenticationFilter (AuthenticationFilter.java:constructSecretProvider(240)) - Unable to initialize FileSignerSecretProvider, falling back to use random secrets.
2019-06-17 21:05:22,935 WARN  http.HttpRequestLog (HttpRequestLog.java:getRequestLog(97)) - Jetty request log can only be enabled using Log4j
2019-06-17 21:05:22,943 INFO  http.HttpServer2 (HttpServer2.java:addGlobalFilter(975)) - Added global filter 'safety' (class=org.apache.hadoop.http.HttpServer2$QuotingInputFilter)
2019-06-17 21:05:22,946 INFO  http.HttpServer2 (HttpServer2.java:addFilter(948)) - Added filter static_user_filter (class=org.apache.hadoop.http.lib.StaticUserWebFilter$StaticUserFilter) to context scm
2019-06-17 21:05:22,947 INFO  http.HttpServer2 (HttpServer2.java:addFilter(958)) - Added filter static_user_filter (class=org.apache.hadoop.http.lib.StaticUserWebFilter$StaticUserFilter) to context logs
2019-06-17 21:05:22,947 INFO  http.HttpServer2 (HttpServer2.java:addFilter(958)) - Added filter static_user_filter (class=org.apache.hadoop.http.lib.StaticUserWebFilter$StaticUserFilter) to context static
2019-06-17 21:05:22,971 INFO  server.StorageContainerManager (StorageContainerManager.java:start(753)) - StorageContainerLocationProtocol RPC server is listening at /0.0.0.0:38349
2019-06-17 21:05:23,027 WARN  impl.MetricsConfig (MetricsConfig.java:loadFirst(134)) - Cannot locate configuration: tried hadoop-metrics2-storagecontainermanager.properties,hadoop-metrics2.properties
2019-06-17 21:05:23,040 INFO  impl.MetricsSystemImpl (MetricsSystemImpl.java:startTimer(374)) - Scheduled Metric snapshot period at 10 second(s).
2019-06-17 21:05:23,041 INFO  impl.MetricsSystemImpl (MetricsSystemImpl.java:start(191)) - StorageContainerManager metrics system started
2019-06-17 21:05:23,247 INFO  server.SCMClientProtocolServer (SCMClientProtocolServer.java:start(149)) - RPC server for Client  is listening at /0.0.0.0:38349
2019-06-17 21:05:23,248 INFO  ipc.Server (Server.java:run(1314)) - IPC Server Responder: starting
2019-06-17 21:05:23,248 INFO  ipc.Server (Server.java:run(1153)) - IPC Server listener on 38349: starting
2019-06-17 21:05:23,255 INFO  server.StorageContainerManager (StorageContainerManager.java:start(762)) - ScmBlockLocationProtocol RPC server is listening at /0.0.0.0:42793
2019-06-17 21:05:23,255 INFO  server.SCMBlockProtocolServer (SCMBlockProtocolServer.java:start(137)) - RPC server for Block Protocol is listening at /0.0.0.0:42793
2019-06-17 21:05:23,262 INFO  ipc.Server (Server.java:run(1314)) - IPC Server Responder: starting
2019-06-17 21:05:23,262 INFO  ipc.Server (Server.java:run(1153)) - IPC Server listener on 42793: starting
2019-06-17 21:05:23,270 INFO  server.StorageContainerManager (StorageContainerManager.java:start(766)) - ScmDatanodeProtocl RPC server is listening at /0.0.0.0:33197
2019-06-17 21:05:23,270 INFO  server.SCMDatanodeProtocolServer (SCMDatanodeProtocolServer.java:start(191)) - RPC server for DataNodes is listening at /0.0.0.0:33197
2019-06-17 21:05:23,270 INFO  ipc.Server (Server.java:run(1314)) - IPC Server Responder: starting
2019-06-17 21:05:23,270 INFO  ipc.Server (Server.java:run(1153)) - IPC Server listener on 33197: starting
2019-06-17 21:05:23,275 INFO  http.HttpServer2 (HttpServer2.java:bindListener(1191)) - Jetty bound to port 36029
2019-06-17 21:05:23,276 INFO  server.Server (Server.java:doStart(351)) - jetty-9.3.24.v20180605, build timestamp: 2018-06-05T17:11:56Z, git hash: 84205aa28f11a4f31f2a3b86d1bba2cc8ab69827
2019-06-17 21:05:23,308 INFO  handler.ContextHandler (ContextHandler.java:doStart(781)) - Started o.e.j.s.ServletContextHandler@481ba2cf{/logs,file:///opt/src/hadoop-ozone/tools/target/log,AVAILABLE}
2019-06-17 21:05:23,309 INFO  handler.ContextHandler (ContextHandler.java:doStart(781)) - Started o.e.j.s.ServletContextHandler@2e48362c{/static,file:///opt/src/hadoop-hdds/server-scm/target/classes/webapps/static/,AVAILABLE}
2019-06-17 21:05:23,336 INFO  handler.ContextHandler (ContextHandler.java:doStart(781)) - Started o.e.j.w.WebAppContext@13c3c1e1{/,file:///opt/src/hadoop-hdds/server-scm/target/classes/webapps/scm/,AVAILABLE}{/scm}
2019-06-17 21:05:23,341 INFO  server.AbstractConnector (AbstractConnector.java:doStart(278)) - Started ServerConnector@3d484181{HTTP/1.1,[http/1.1]}{0.0.0.0:36029}
2019-06-17 21:05:23,341 INFO  server.Server (Server.java:doStart(419)) - Started @2313ms
2019-06-17 21:05:23,342 INFO  server.BaseHttpServer (BaseHttpServer.java:updateConnectorAddress(207)) - HTTP server of SCM is listening at http://0.0.0.0:36029
2019-06-17 21:05:23,350 INFO  util.JvmPauseMonitor (JvmPauseMonitor.java:run(188)) - Starting JVM pause monitor
2019-06-17 21:05:23,353 WARN  scm.ScmUtils (ScmUtils.java:getDBPath(63)) - ozone.om.db.dirs is not configured. We recommend adding this setting. Falling back to ozone.metadata.dirs instead.
2019-06-17 21:05:23,456 WARN  scm.ScmUtils (ScmUtils.java:getDBPath(63)) - ozone.om.db.dirs is not configured. We recommend adding this setting. Falling back to ozone.metadata.dirs instead.
2019-06-17 21:05:23,457 INFO  om.OzoneManager (OzoneManager.java:setOMNodeDetails(532)) - OM Service ID is not set. Setting it to the default ID: omServiceIdDefault
2019-06-17 21:05:23,457 INFO  om.OzoneManager (OzoneManager.java:setOMNodeDetails(538)) - OM Node ID is not set. Setting it to the OmStorage's OmID: 48f7d91e-f651-4da9-a3f0-d3cc8c79a6a8
2019-06-17 21:05:23,459 WARN  scm.HddsServerUtil (HddsServerUtil.java:getDefaultRatisDirectory(354)) - Storage directory for Ratis is not configured. It is a good idea to map this to an SSD disk. Falling back to ozone.metadata.dirs
2019-06-17 21:05:23,460 WARN  scm.HddsServerUtil (HddsServerUtil.java:getDefaultRatisDirectory(354)) - Storage directory for Ratis is not configured. It is a good idea to map this to an SSD disk. Falling back to ozone.metadata.dirs
2019-06-17 21:05:23,460 INFO  om.OzoneManager (OzoneManager.java:loadOMHAConfigs(489)) - Found matching OM address with OMServiceId: null, OMNodeId: null, RPC Address: localhost:0 and Ratis port: 9872
2019-06-17 21:05:23,711 WARN  scm.ScmUtils (ScmUtils.java:getDBPath(63)) - ozone.om.db.dirs is not configured. We recommend adding this setting. Falling back to ozone.metadata.dirs instead.
2019-06-17 21:05:23,725 INFO  db.DBStoreBuilder (DBStoreBuilder.java:addTable(110)) - using custom profile for table: userTable
2019-06-17 21:05:23,726 INFO  db.DBStoreBuilder (DBStoreBuilder.java:processTables(161)) - Using default column profile:DBProfile.DISK for Table:userTable
2019-06-17 21:05:23,726 INFO  db.DBStoreBuilder (DBStoreBuilder.java:addTable(110)) - using custom profile for table: volumeTable
2019-06-17 21:05:23,726 INFO  db.DBStoreBuilder (DBStoreBuilder.java:processTables(161)) - Using default column profile:DBProfile.DISK for Table:volumeTable
2019-06-17 21:05:23,727 INFO  db.DBStoreBuilder (DBStoreBuilder.java:addTable(110)) - using custom profile for table: bucketTable
2019-06-17 21:05:23,727 INFO  db.DBStoreBuilder (DBStoreBuilder.java:processTables(161)) - Using default column profile:DBProfile.DISK for Table:bucketTable
2019-06-17 21:05:23,727 INFO  db.DBStoreBuilder (DBStoreBuilder.java:addTable(110)) - using custom profile for table: keyTable
2019-06-17 21:05:23,727 INFO  db.DBStoreBuilder (DBStoreBuilder.java:processTables(161)) - Using default column profile:DBProfile.DISK for Table:keyTable
2019-06-17 21:05:23,728 INFO  db.DBStoreBuilder (DBStoreBuilder.java:addTable(110)) - using custom profile for table: deletedTable
2019-06-17 21:05:23,728 INFO  db.DBStoreBuilder (DBStoreBuilder.java:processTables(161)) - Using default column profile:DBProfile.DISK for Table:deletedTable
2019-06-17 21:05:23,728 INFO  db.DBStoreBuilder (DBStoreBuilder.java:addTable(110)) - using custom profile for table: openKeyTable
2019-06-17 21:05:23,728 INFO  db.DBStoreBuilder (DBStoreBuilder.java:processTables(161)) - Using default column profile:DBProfile.DISK for Table:openKeyTable
2019-06-17 21:05:23,729 INFO  db.DBStoreBuilder (DBStoreBuilder.java:addTable(110)) - using custom profile for table: s3Table
2019-06-17 21:05:23,729 INFO  db.DBStoreBuilder (DBStoreBuilder.java:processTables(161)) - Using default column profile:DBProfile.DISK for Table:s3Table
2019-06-17 21:05:23,729 INFO  db.DBStoreBuilder (DBStoreBuilder.java:addTable(110)) - using custom profile for table: multipartInfoTable
2019-06-17 21:05:23,730 INFO  db.DBStoreBuilder (DBStoreBuilder.java:processTables(161)) - Using default column profile:DBProfile.DISK for Table:multipartInfoTable
2019-06-17 21:05:23,730 INFO  db.DBStoreBuilder (DBStoreBuilder.java:addTable(110)) - using custom profile for table: dTokenTable
2019-06-17 21:05:23,730 INFO  db.DBStoreBuilder (DBStoreBuilder.java:processTables(161)) - Using default column profile:DBProfile.DISK for Table:dTokenTable
2019-06-17 21:05:23,731 INFO  db.DBStoreBuilder (DBStoreBuilder.java:addTable(110)) - using custom profile for table: s3SecretTable
2019-06-17 21:05:23,731 INFO  db.DBStoreBuilder (DBStoreBuilder.java:processTables(161)) - Using default column profile:DBProfile.DISK for Table:s3SecretTable
2019-06-17 21:05:23,731 INFO  db.DBStoreBuilder (DBStoreBuilder.java:addTable(110)) - using custom profile for table: prefixTable
2019-06-17 21:05:23,731 INFO  db.DBStoreBuilder (DBStoreBuilder.java:processTables(161)) - Using default column profile:DBProfile.DISK for Table:prefixTable
2019-06-17 21:05:23,732 INFO  db.DBStoreBuilder (DBStoreBuilder.java:addTable(110)) - using custom profile for table: default
2019-06-17 21:05:23,732 INFO  db.DBStoreBuilder (DBStoreBuilder.java:processTables(167)) - Using default column profile:DBProfile.DISK for Table:default
2019-06-17 21:05:23,732 INFO  db.DBStoreBuilder (DBStoreBuilder.java:getDbProfile(198)) - Using default options. DBProfile.DISK
2019-06-17 21:05:24,315 INFO  ipc.CallQueueManager (CallQueueManager.java:<init>(84)) - Using callQueue: class java.util.concurrent.LinkedBlockingQueue, queueCapacity: 2000, scheduler: class org.apache.hadoop.ipc.DefaultRpcScheduler, ipcBackoff: false.
2019-06-17 21:05:24,315 INFO  ipc.Server (Server.java:run(1074)) - Starting Socket Reader #1 for port 40133
2019-06-17 21:05:24,346 WARN  scm.ScmUtils (ScmUtils.java:getDBPath(63)) - ozone.om.db.dirs is not configured. We recommend adding this setting. Falling back to ozone.metadata.dirs instead.
2019-06-17 21:05:24,346 INFO  om.OzoneManager (OzoneManager.java:start(1230)) - OzoneManager RPC server is listening at localhost/127.0.0.1:40133
2019-06-17 21:05:24,346 INFO  impl.MetricsSystemImpl (MetricsSystemImpl.java:init(158)) - OzoneManager metrics system started (again)
2019-06-17 21:05:24,349 INFO  ipc.Server (Server.java:run(1314)) - IPC Server Responder: starting
2019-06-17 21:05:24,349 INFO  ipc.Server (Server.java:run(1153)) - IPC Server listener on 40133: starting
2019-06-17 21:05:24,362 INFO  hdfs.DFSUtil (DFSUtil.java:httpServerTemplateForNNAndJN(1641)) - Starting Web-server for ozoneManager at: http://0.0.0.0:0
2019-06-17 21:05:24,363 INFO  server.AuthenticationFilter (AuthenticationFilter.java:constructSecretProvider(240)) - Unable to initialize FileSignerSecretProvider, falling back to use random secrets.
2019-06-17 21:05:24,366 WARN  http.HttpRequestLog (HttpRequestLog.java:getRequestLog(97)) - Jetty request log can only be enabled using Log4j
2019-06-17 21:05:24,368 INFO  http.HttpServer2 (HttpServer2.java:addGlobalFilter(975)) - Added global filter 'safety' (class=org.apache.hadoop.http.HttpServer2$QuotingInputFilter)
2019-06-17 21:05:24,369 INFO  http.HttpServer2 (HttpServer2.java:addFilter(948)) - Added filter static_user_filter (class=org.apache.hadoop.http.lib.StaticUserWebFilter$StaticUserFilter) to context ozoneManager
2019-06-17 21:05:24,369 INFO  http.HttpServer2 (HttpServer2.java:addFilter(958)) - Added filter static_user_filter (class=org.apache.hadoop.http.lib.StaticUserWebFilter$StaticUserFilter) to context static
2019-06-17 21:05:24,370 INFO  http.HttpServer2 (HttpServer2.java:addFilter(958)) - Added filter static_user_filter (class=org.apache.hadoop.http.lib.StaticUserWebFilter$StaticUserFilter) to context logs
2019-06-17 21:05:24,371 INFO  http.HttpServer2 (HttpServer2.java:bindListener(1191)) - Jetty bound to port 45015
2019-06-17 21:05:24,372 INFO  server.Server (Server.java:doStart(351)) - jetty-9.3.24.v20180605, build timestamp: 2018-06-05T17:11:56Z, git hash: 84205aa28f11a4f31f2a3b86d1bba2cc8ab69827
2019-06-17 21:05:24,373 INFO  handler.ContextHandler (ContextHandler.java:doStart(781)) - Started o.e.j.s.ServletContextHandler@7a34b7b8{/logs,file:///opt/src/hadoop-ozone/tools/target/log,AVAILABLE}
2019-06-17 21:05:24,374 INFO  handler.ContextHandler (ContextHandler.java:doStart(781)) - Started o.e.j.s.ServletContextHandler@3be8821f{/static,file:///opt/src/hadoop-ozone/ozone-manager/target/classes/webapps/static/,AVAILABLE}
2019-06-17 21:05:24,378 INFO  handler.ContextHandler (ContextHandler.java:doStart(781)) - Started o.e.j.w.WebAppContext@60b85ba1{/,file:///opt/src/hadoop-ozone/ozone-manager/target/classes/webapps/ozoneManager/,AVAILABLE}{/ozoneManager}
2019-06-17 21:05:24,379 INFO  server.AbstractConnector (AbstractConnector.java:doStart(278)) - Started ServerConnector@492fc69e{HTTP/1.1,[http/1.1]}{0.0.0.0:45015}
2019-06-17 21:05:24,379 INFO  server.Server (Server.java:doStart(419)) - Started @3352ms
2019-06-17 21:05:24,380 INFO  server.BaseHttpServer (BaseHttpServer.java:updateConnectorAddress(207)) - HTTP server of OZONEMANAGER is listening at http://0.0.0.0:45015
2019-06-17 21:05:24,504 INFO  impl.MetricsSystemImpl (MetricsSystemImpl.java:init(158)) - HddsDatanode metrics system started (again)
2019-06-17 21:05:24,665 INFO  ozone.HddsDatanodeService (HddsDatanodeService.java:start(185)) - HddsDatanodeService host:ozone-unit-076618677d38kpfn-3395997600 ip:192.168.134.96
2019-06-17 21:05:24,702 INFO  volume.HddsVolume (HddsVolume.java:<init>(176)) - Creating Volume: /opt/src/hadoop-ozone/tools/target/test-dir/MiniOzoneClusterImpl-f521264a-2c93-42ed-b45c-3cc3700eb292/datanode-0/data/containers/hdds of  storage type : DISK and capacity : 104021790720
2019-06-17 21:05:24,704 INFO  volume.VolumeSet (VolumeSet.java:initializeVolumeSet(170)) - Added Volume : /opt/src/hadoop-ozone/tools/target/test-dir/MiniOzoneClusterImpl-f521264a-2c93-42ed-b45c-3cc3700eb292/datanode-0/data/containers/hdds to VolumeSet
2019-06-17 21:05:24,706 INFO  volume.ThrottledAsyncChecker (ThrottledAsyncChecker.java:schedule(140)) - Scheduling a check for org.apache.hadoop.ozone.container.common.volume.HddsVolume@5c089b2f
2019-06-17 21:05:24,727 INFO  volume.HddsVolumeChecker (HddsVolumeChecker.java:checkAllVolumes(203)) - Scheduled health check for volume org.apache.hadoop.ozone.container.common.volume.HddsVolume@5c089b2f
2019-06-17 21:05:24,792 INFO  ratis.XceiverServerRatis (XceiverServerRatis.java:newXceiverServerRatis(401)) - Found a free port for the server : 41659
2019-06-17 21:05:24,863 INFO  impl.RaftServerProxy (ConfUtils.java:logGet(43)) - raft.rpc.type = GRPC (default)
2019-06-17 21:05:24,872 INFO  grpc.GrpcConfigKeys$Server (ConfUtils.java:logGet(43)) - raft.grpc.server.port = 41659 (custom)
2019-06-17 21:05:24,872 INFO  server.GrpcService (ConfUtils.java:logGet(43)) - raft.grpc.message.size.max = 33570816 (custom)
2019-06-17 21:05:24,874 INFO  server.RaftServerConfigKeys (ConfUtils.java:logGet(43)) - raft.server.log.appender.buffer.byte-limit = 33554432 (custom)
2019-06-17 21:05:24,875 INFO  server.GrpcService (ConfUtils.java:logGet(43)) - raft.grpc.flow.control.window = 1MB (=1048576) (default)
2019-06-17 21:05:24,875 INFO  server.RaftServerConfigKeys (ConfUtils.java:logGet(43)) - raft.server.rpc.request.timeout = 3000ms (default)
2019-06-17 21:05:25,041 INFO  server.RaftServerConfigKeys (ConfUtils.java:logGet(43)) - raft.server.storage.dir = [/opt/src/hadoop-ozone/tools/target/test-dir/MiniOzoneClusterImpl-f521264a-2c93-42ed-b45c-3cc3700eb292/datanode-0/data/ratis] (custom)
2019-06-17 21:05:25,052 INFO  server.XceiverServerGrpc (XceiverServerGrpc.java:<init>(97)) - Found a free port for the server : 39025
2019-06-17 21:05:25,107 INFO  replication.SimpleContainerDownloader (SimpleContainerDownloader.java:<init>(72)) - Starting container downloader service to copy containers to replicate.
2019-06-17 21:05:25,128 INFO  hdfs.DFSUtil (DFSUtil.java:httpServerTemplateForNNAndJN(1641)) - Starting Web-server for hddsDatanode at: http://0.0.0.0:0
2019-06-17 21:05:25,129 INFO  server.AuthenticationFilter (AuthenticationFilter.java:constructSecretProvider(240)) - Unable to initialize FileSignerSecretProvider, falling back to use random secrets.
2019-06-17 21:05:25,130 WARN  http.HttpRequestLog (HttpRequestLog.java:getRequestLog(97)) - Jetty request log can only be enabled using Log4j
2019-06-17 21:05:25,131 INFO  http.HttpServer2 (HttpServer2.java:addGlobalFilter(975)) - Added global filter 'safety' (class=org.apache.hadoop.http.HttpServer2$QuotingInputFilter)
2019-06-17 21:05:25,132 INFO  http.HttpServer2 (HttpServer2.java:addFilter(948)) - Added filter static_user_filter (class=org.apache.hadoop.http.lib.StaticUserWebFilter$StaticUserFilter) to context hddsDatanode
2019-06-17 21:05:25,132 INFO  http.HttpServer2 (HttpServer2.java:addFilter(958)) - Added filter static_user_filter (class=org.apache.hadoop.http.lib.StaticUserWebFilter$StaticUserFilter) to context static
2019-06-17 21:05:25,132 INFO  http.HttpServer2 (HttpServer2.java:addFilter(958)) - Added filter static_user_filter (class=org.apache.hadoop.http.lib.StaticUserWebFilter$StaticUserFilter) to context logs
2019-06-17 21:05:25,133 INFO  http.HttpServer2 (HttpServer2.java:bindListener(1191)) - Jetty bound to port 40713
2019-06-17 21:05:25,133 INFO  server.Server (Server.java:doStart(351)) - jetty-9.3.24.v20180605, build timestamp: 2018-06-05T17:11:56Z, git hash: 84205aa28f11a4f31f2a3b86d1bba2cc8ab69827
2019-06-17 21:05:25,135 INFO  handler.ContextHandler (ContextHandler.java:doStart(781)) - Started o.e.j.s.ServletContextHandler@61fafb74{/logs,file:///opt/src/hadoop-ozone/tools/target/log,AVAILABLE}
2019-06-17 21:05:25,136 INFO  handler.ContextHandler (ContextHandler.java:doStart(781)) - Started o.e.j.s.ServletContextHandler@58496dc{/static,file:///opt/src/hadoop-hdds/container-service/target/classes/webapps/static,AVAILABLE}
2019-06-17 21:05:25,140 INFO  handler.ContextHandler (ContextHandler.java:doStart(781)) - Started o.e.j.w.WebAppContext@36f1046f{/,file:///opt/src/hadoop-hdds/container-service/target/classes/webapps/hddsDatanode/,AVAILABLE}{/hddsDatanode}
2019-06-17 21:05:25,141 INFO  server.AbstractConnector (AbstractConnector.java:doStart(278)) - Started ServerConnector@56d93692{HTTP/1.1,[http/1.1]}{0.0.0.0:40713}
2019-06-17 21:05:25,141 INFO  server.Server (Server.java:doStart(419)) - Started @4114ms
2019-06-17 21:05:25,142 INFO  server.BaseHttpServer (BaseHttpServer.java:updateConnectorAddress(207)) - HTTP server of HDDSDATANODE is listening at http://0.0.0.0:40713
2019-06-17 21:05:26,155 INFO  ozone.HddsDatanodeService (HddsDatanodeService.java:startPlugins(396)) - Started plug-in org.apache.hadoop.ozone.web.OzoneHddsDatanodeService@1d50a7ca
2019-06-17 21:05:26,156 INFO  impl.MetricsSystemImpl (MetricsSystemImpl.java:init(158)) - HddsDatanode metrics system started (again)
2019-06-17 21:05:26,156 INFO  ozone.HddsDatanodeService (HddsDatanodeService.java:start(185)) - HddsDatanodeService host:ozone-unit-076618677d38kpfn-3395997600 ip:192.168.134.96
2019-06-17 21:05:26,178 INFO  util.JvmPauseMonitor (JvmPauseMonitor.java:run(188)) - Starting JVM pause monitor
2019-06-17 21:05:26,179 INFO  volume.HddsVolume (HddsVolume.java:<init>(176)) - Creating Volume: /opt/src/hadoop-ozone/tools/target/test-dir/MiniOzoneClusterImpl-f521264a-2c93-42ed-b45c-3cc3700eb292/datanode-1/data/containers/hdds of  storage type : DISK and capacity : 104021790720
2019-06-17 21:05:26,179 INFO  volume.VolumeSet (VolumeSet.java:initializeVolumeSet(170)) - Added Volume : /opt/src/hadoop-ozone/tools/target/test-dir/MiniOzoneClusterImpl-f521264a-2c93-42ed-b45c-3cc3700eb292/datanode-1/data/containers/hdds to VolumeSet
2019-06-17 21:05:26,179 INFO  volume.ThrottledAsyncChecker (ThrottledAsyncChecker.java:schedule(140)) - Scheduling a check for org.apache.hadoop.ozone.container.common.volume.HddsVolume@5f174dd2
2019-06-17 21:05:26,180 INFO  volume.HddsVolumeChecker (HddsVolumeChecker.java:checkAllVolumes(203)) - Scheduled health check for volume org.apache.hadoop.ozone.container.common.volume.HddsVolume@5f174dd2
2019-06-17 21:05:26,200 INFO  ratis.XceiverServerRatis (XceiverServerRatis.java:newXceiverServerRatis(401)) - Found a free port for the server : 44351
2019-06-17 21:05:26,203 INFO  impl.RaftServerProxy (ConfUtils.java:logGet(43)) - raft.rpc.type = GRPC (default)
2019-06-17 21:05:26,204 INFO  grpc.GrpcConfigKeys$Server (ConfUtils.java:logGet(43)) - raft.grpc.server.port = 44351 (custom)
2019-06-17 21:05:26,204 INFO  server.GrpcService (ConfUtils.java:logGet(43)) - raft.grpc.message.size.max = 33570816 (custom)
2019-06-17 21:05:26,204 INFO  server.RaftServerConfigKeys (ConfUtils.java:logGet(43)) - raft.server.log.appender.buffer.byte-limit = 33554432 (custom)
2019-06-17 21:05:26,204 INFO  server.GrpcService (ConfUtils.java:logGet(43)) - raft.grpc.flow.control.window = 1MB (=1048576) (default)
2019-06-17 21:05:26,205 INFO  server.RaftServerConfigKeys (ConfUtils.java:logGet(43)) - raft.server.rpc.request.timeout = 3000ms (default)
2019-06-17 21:05:26,205 INFO  server.RaftServerConfigKeys (ConfUtils.java:logGet(43)) - raft.server.storage.dir = [/opt/src/hadoop-ozone/tools/target/test-dir/MiniOzoneClusterImpl-f521264a-2c93-42ed-b45c-3cc3700eb292/datanode-1/data/ratis] (custom)
2019-06-17 21:05:26,206 INFO  server.XceiverServerGrpc (XceiverServerGrpc.java:<init>(97)) - Found a free port for the server : 43279
2019-06-17 21:05:26,207 INFO  replication.SimpleContainerDownloader (SimpleContainerDownloader.java:<init>(72)) - Starting container downloader service to copy containers to replicate.
2019-06-17 21:05:26,208 INFO  hdfs.DFSUtil (DFSUtil.java:httpServerTemplateForNNAndJN(1641)) - Starting Web-server for hddsDatanode at: http://0.0.0.0:0
2019-06-17 21:05:26,210 INFO  server.AuthenticationFilter (AuthenticationFilter.java:constructSecretProvider(240)) - Unable to initialize FileSignerSecretProvider, falling back to use random secrets.
2019-06-17 21:05:26,211 WARN  http.HttpRequestLog (HttpRequestLog.java:getRequestLog(97)) - Jetty request log can only be enabled using Log4j
2019-06-17 21:05:26,213 INFO  http.HttpServer2 (HttpServer2.java:addGlobalFilter(975)) - Added global filter 'safety' (class=org.apache.hadoop.http.HttpServer2$QuotingInputFilter)
2019-06-17 21:05:26,214 INFO  http.HttpServer2 (HttpServer2.java:addFilter(948)) - Added filter static_user_filter (class=org.apache.hadoop.http.lib.StaticUserWebFilter$StaticUserFilter) to context hddsDatanode
2019-06-17 21:05:26,214 INFO  http.HttpServer2 (HttpServer2.java:addFilter(958)) - Added filter static_user_filter (class=org.apache.hadoop.http.lib.StaticUserWebFilter$StaticUserFilter) to context static
2019-06-17 21:05:26,214 INFO  http.HttpServer2 (HttpServer2.java:addFilter(958)) - Added filter static_user_filter (class=org.apache.hadoop.http.lib.StaticUserWebFilter$StaticUserFilter) to context logs
2019-06-17 21:05:26,215 INFO  http.HttpServer2 (HttpServer2.java:bindListener(1191)) - Jetty bound to port 45567
2019-06-17 21:05:26,215 INFO  server.Server (Server.java:doStart(351)) - jetty-9.3.24.v20180605, build timestamp: 2018-06-05T17:11:56Z, git hash: 84205aa28f11a4f31f2a3b86d1bba2cc8ab69827
2019-06-17 21:05:26,220 INFO  handler.ContextHandler (ContextHandler.java:doStart(781)) - Started o.e.j.s.ServletContextHandler@53ed80d3{/logs,file:///opt/src/hadoop-ozone/tools/target/log,AVAILABLE}
2019-06-17 21:05:26,222 INFO  handler.ContextHandler (ContextHandler.java:doStart(781)) - Started o.e.j.s.ServletContextHandler@7c51782d{/static,file:///opt/src/hadoop-hdds/container-service/target/classes/webapps/static,AVAILABLE}
2019-06-17 21:05:26,227 INFO  handler.ContextHandler (ContextHandler.java:doStart(781)) - Started o.e.j.w.WebAppContext@5b7aa898{/,file:///opt/src/hadoop-hdds/container-service/target/classes/webapps/hddsDatanode/,AVAILABLE}{/hddsDatanode}
2019-06-17 21:05:26,228 INFO  server.AbstractConnector (AbstractConnector.java:doStart(278)) - Started ServerConnector@41b13f3d{HTTP/1.1,[http/1.1]}{0.0.0.0:45567}
2019-06-17 21:05:26,230 INFO  server.Server (Server.java:doStart(419)) - Started @5202ms
2019-06-17 21:05:26,230 INFO  server.BaseHttpServer (BaseHttpServer.java:updateConnectorAddress(207)) - HTTP server of HDDSDATANODE is listening at http://0.0.0.0:45567
2019-06-17 21:05:26,330 INFO  datanode.InitDatanodeState (InitDatanodeState.java:persistContainerDatanodeDetails(140)) - DatanodeDetails is persisted to /opt/src/hadoop-ozone/tools/target/test-dir/MiniOzoneClusterImpl-f521264a-2c93-42ed-b45c-3cc3700eb292/datanode-0/meta/datanode.id
2019-06-17 21:05:26,425 INFO  ozone.HddsDatanodeService (HddsDatanodeService.java:startPlugins(396)) - Started plug-in org.apache.hadoop.ozone.web.OzoneHddsDatanodeService@6c479fdf
2019-06-17 21:05:26,426 INFO  impl.MetricsSystemImpl (MetricsSystemImpl.java:init(158)) - HddsDatanode metrics system started (again)
2019-06-17 21:05:26,426 INFO  ozone.HddsDatanodeService (HddsDatanodeService.java:start(185)) - HddsDatanodeService host:ozone-unit-076618677d38kpfn-3395997600 ip:192.168.134.96
2019-06-17 21:05:26,435 INFO  util.JvmPauseMonitor (JvmPauseMonitor.java:run(188)) - Starting JVM pause monitor
2019-06-17 21:05:26,438 INFO  volume.HddsVolume (HddsVolume.java:<init>(176)) - Creating Volume: /opt/src/hadoop-ozone/tools/target/test-dir/MiniOzoneClusterImpl-f521264a-2c93-42ed-b45c-3cc3700eb292/datanode-2/data/containers/hdds of  storage type : DISK and capacity : 104021790720
2019-06-17 21:05:26,438 INFO  volume.VolumeSet (VolumeSet.java:initializeVolumeSet(170)) - Added Volume : /opt/src/hadoop-ozone/tools/target/test-dir/MiniOzoneClusterImpl-f521264a-2c93-42ed-b45c-3cc3700eb292/datanode-2/data/containers/hdds to VolumeSet
2019-06-17 21:05:26,439 INFO  volume.ThrottledAsyncChecker (ThrottledAsyncChecker.java:schedule(140)) - Scheduling a check for org.apache.hadoop.ozone.container.common.volume.HddsVolume@6e03db1f
2019-06-17 21:05:26,443 INFO  volume.HddsVolumeChecker (HddsVolumeChecker.java:checkAllVolumes(203)) - Scheduled health check for volume org.apache.hadoop.ozone.container.common.volume.HddsVolume@6e03db1f
2019-06-17 21:05:26,449 INFO  datanode.InitDatanodeState (InitDatanodeState.java:persistContainerDatanodeDetails(140)) - DatanodeDetails is persisted to /opt/src/hadoop-ozone/tools/target/test-dir/MiniOzoneClusterImpl-f521264a-2c93-42ed-b45c-3cc3700eb292/datanode-1/meta/datanode.id
2019-06-17 21:05:26,461 INFO  ratis.XceiverServerRatis (XceiverServerRatis.java:newXceiverServerRatis(401)) - Found a free port for the server : 38717
2019-06-17 21:05:26,463 INFO  impl.RaftServerProxy (ConfUtils.java:logGet(43)) - raft.rpc.type = GRPC (default)
2019-06-17 21:05:26,463 INFO  grpc.GrpcConfigKeys$Server (ConfUtils.java:logGet(43)) - raft.grpc.server.port = 38717 (custom)
2019-06-17 21:05:26,463 INFO  server.GrpcService (ConfUtils.java:logGet(43)) - raft.grpc.message.size.max = 33570816 (custom)
2019-06-17 21:05:26,463 INFO  server.RaftServerConfigKeys (ConfUtils.java:logGet(43)) - raft.server.log.appender.buffer.byte-limit = 33554432 (custom)
2019-06-17 21:05:26,464 INFO  server.GrpcService (ConfUtils.java:logGet(43)) - raft.grpc.flow.control.window = 1MB (=1048576) (default)
2019-06-17 21:05:26,464 INFO  server.RaftServerConfigKeys (ConfUtils.java:logGet(43)) - raft.server.rpc.request.timeout = 3000ms (default)
2019-06-17 21:05:26,464 INFO  server.RaftServerConfigKeys (ConfUtils.java:logGet(43)) - raft.server.storage.dir = [/opt/src/hadoop-ozone/tools/target/test-dir/MiniOzoneClusterImpl-f521264a-2c93-42ed-b45c-3cc3700eb292/datanode-2/data/ratis] (custom)
2019-06-17 21:05:26,465 INFO  server.XceiverServerGrpc (XceiverServerGrpc.java:<init>(97)) - Found a free port for the server : 37259
2019-06-17 21:05:26,465 INFO  replication.SimpleContainerDownloader (SimpleContainerDownloader.java:<init>(72)) - Starting container downloader service to copy containers to replicate.
2019-06-17 21:05:26,466 INFO  hdfs.DFSUtil (DFSUtil.java:httpServerTemplateForNNAndJN(1641)) - Starting Web-server for hddsDatanode at: http://0.0.0.0:0
2019-06-17 21:05:26,468 INFO  server.AuthenticationFilter (AuthenticationFilter.java:constructSecretProvider(240)) - Unable to initialize FileSignerSecretProvider, falling back to use random secrets.
2019-06-17 21:05:26,468 WARN  http.HttpRequestLog (HttpRequestLog.java:getRequestLog(97)) - Jetty request log can only be enabled using Log4j
2019-06-17 21:05:26,470 INFO  http.HttpServer2 (HttpServer2.java:addGlobalFilter(975)) - Added global filter 'safety' (class=org.apache.hadoop.http.HttpServer2$QuotingInputFilter)
2019-06-17 21:05:26,470 INFO  http.HttpServer2 (HttpServer2.java:addFilter(948)) - Added filter static_user_filter (class=org.apache.hadoop.http.lib.StaticUserWebFilter$StaticUserFilter) to context hddsDatanode
2019-06-17 21:05:26,471 INFO  http.HttpServer2 (HttpServer2.java:addFilter(958)) - Added filter static_user_filter (class=org.apache.hadoop.http.lib.StaticUserWebFilter$StaticUserFilter) to context logs
2019-06-17 21:05:26,471 INFO  http.HttpServer2 (HttpServer2.java:addFilter(958)) - Added filter static_user_filter (class=org.apache.hadoop.http.lib.StaticUserWebFilter$StaticUserFilter) to context static
2019-06-17 21:05:26,471 INFO  http.HttpServer2 (HttpServer2.java:bindListener(1191)) - Jetty bound to port 38631
2019-06-17 21:05:26,472 INFO  server.Server (Server.java:doStart(351)) - jetty-9.3.24.v20180605, build timestamp: 2018-06-05T17:11:56Z, git hash: 84205aa28f11a4f31f2a3b86d1bba2cc8ab69827
2019-06-17 21:05:26,491 INFO  handler.ContextHandler (ContextHandler.java:doStart(781)) - Started o.e.j.s.ServletContextHandler@7da34b26{/logs,file:///opt/src/hadoop-ozone/tools/target/log,AVAILABLE}
2019-06-17 21:05:26,491 INFO  handler.ContextHandler (ContextHandler.java:doStart(781)) - Started o.e.j.s.ServletContextHandler@3b2553d9{/static,file:///opt/src/hadoop-hdds/container-service/target/classes/webapps/static,AVAILABLE}
2019-06-17 21:05:26,503 INFO  handler.ContextHandler (ContextHandler.java:doStart(781)) - Started o.e.j.w.WebAppContext@1d4fb213{/,file:///opt/src/hadoop-hdds/container-service/target/classes/webapps/hddsDatanode/,AVAILABLE}{/hddsDatanode}
2019-06-17 21:05:26,503 INFO  server.AbstractConnector (AbstractConnector.java:doStart(278)) - Started ServerConnector@6ef60295{HTTP/1.1,[http/1.1]}{0.0.0.0:38631}
2019-06-17 21:05:26,504 INFO  server.Server (Server.java:doStart(419)) - Started @5476ms
2019-06-17 21:05:26,505 INFO  server.BaseHttpServer (BaseHttpServer.java:updateConnectorAddress(207)) - HTTP server of HDDSDATANODE is listening at http://0.0.0.0:38631
2019-06-17 21:05:26,694 INFO  ozone.HddsDatanodeService (HddsDatanodeService.java:startPlugins(396)) - Started plug-in org.apache.hadoop.ozone.web.OzoneHddsDatanodeService@78fe204a
2019-06-17 21:05:26,695 INFO  ozone.MiniOzoneClusterImpl (MiniOzoneClusterImpl.java:lambda$waitForClusterToBeReady$0(142)) - Waiting for cluster to be ready. Got 0 of 3 DN Heartbeats.
2019-06-17 21:05:26,698 INFO  util.JvmPauseMonitor (JvmPauseMonitor.java:run(188)) - Starting JVM pause monitor
2019-06-17 21:05:26,699 INFO  datanode.InitDatanodeState (InitDatanodeState.java:persistContainerDatanodeDetails(140)) - DatanodeDetails is persisted to /opt/src/hadoop-ozone/tools/target/test-dir/MiniOzoneClusterImpl-f521264a-2c93-42ed-b45c-3cc3700eb292/datanode-2/meta/datanode.id
2019-06-17 21:05:27,696 INFO  ozone.MiniOzoneClusterImpl (MiniOzoneClusterImpl.java:lambda$waitForClusterToBeReady$0(142)) - Waiting for cluster to be ready. Got 0 of 3 DN Heartbeats.
2019-06-17 21:05:28,222 INFO  ozoneimpl.OzoneContainer (OzoneContainer.java:start(186)) - Attempting to start container services.
2019-06-17 21:05:28,222 INFO  ozoneimpl.OzoneContainer (OzoneContainer.java:startContainerScrub(160)) - Background container scrubber has been disabled by hdds.containerscrub.enabled
2019-06-17 21:05:28,223 INFO  ratis.XceiverServerRatis (XceiverServerRatis.java:start(418)) - Starting XceiverServerRatis 72118071-fbf0-4ea5-bd03-a53b480c9686 at port 41659
2019-06-17 21:05:28,235 INFO  impl.RaftServerProxy (RaftServerProxy.java:lambda$start$3(299)) - 72118071-fbf0-4ea5-bd03-a53b480c9686: start RPC server
2019-06-17 21:05:28,357 INFO  server.GrpcService (GrpcService.java:startImpl(148)) - 72118071-fbf0-4ea5-bd03-a53b480c9686: GrpcService started, listening on 0.0.0.0/0.0.0.0:41659
2019-06-17 21:05:28,439 INFO  ozoneimpl.OzoneContainer (OzoneContainer.java:start(186)) - Attempting to start container services.
2019-06-17 21:05:28,440 INFO  ozoneimpl.OzoneContainer (OzoneContainer.java:startContainerScrub(160)) - Background container scrubber has been disabled by hdds.containerscrub.enabled
2019-06-17 21:05:28,440 INFO  ratis.XceiverServerRatis (XceiverServerRatis.java:start(418)) - Starting XceiverServerRatis 5e67044a-ef5c-4276-a0f1-c429ed621be7 at port 44351
2019-06-17 21:05:28,445 INFO  impl.RaftServerProxy (RaftServerProxy.java:lambda$start$3(299)) - 5e67044a-ef5c-4276-a0f1-c429ed621be7: start RPC server
2019-06-17 21:05:28,447 INFO  server.GrpcService (GrpcService.java:startImpl(148)) - 5e67044a-ef5c-4276-a0f1-c429ed621be7: GrpcService started, listening on 0.0.0.0/0.0.0.0:44351
2019-06-17 21:05:28,696 INFO  ozone.MiniOzoneClusterImpl (MiniOzoneClusterImpl.java:lambda$waitForClusterToBeReady$0(142)) - Waiting for cluster to be ready. Got 0 of 3 DN Heartbeats.
2019-06-17 21:05:28,705 INFO  ozoneimpl.OzoneContainer (OzoneContainer.java:start(186)) - Attempting to start container services.
2019-06-17 21:05:28,706 INFO  ozoneimpl.OzoneContainer (OzoneContainer.java:startContainerScrub(160)) - Background container scrubber has been disabled by hdds.containerscrub.enabled
2019-06-17 21:05:28,706 INFO  ratis.XceiverServerRatis (XceiverServerRatis.java:start(418)) - Starting XceiverServerRatis 304b8175-2dc1-486f-8c2c-80e11ee3f8b0 at port 38717
2019-06-17 21:05:28,712 INFO  impl.RaftServerProxy (RaftServerProxy.java:lambda$start$3(299)) - 304b8175-2dc1-486f-8c2c-80e11ee3f8b0: start RPC server
2019-06-17 21:05:28,714 INFO  server.GrpcService (GrpcService.java:startImpl(148)) - 304b8175-2dc1-486f-8c2c-80e11ee3f8b0: GrpcService started, listening on 0.0.0.0/0.0.0.0:38717
2019-06-17 21:05:29,696 INFO  ozone.MiniOzoneClusterImpl (MiniOzoneClusterImpl.java:lambda$waitForClusterToBeReady$0(142)) - Waiting for cluster to be ready. Got 0 of 3 DN Heartbeats.
2019-06-17 21:05:30,224 INFO  net.NetworkTopology (NetworkTopologyImpl.java:add(109)) - Added a new node: /default-rack/192.168.134.96
2019-06-17 21:05:30,225 INFO  node.SCMNodeManager (SCMNodeManager.java:register(269)) - Registered Data node : 72118071-fbf0-4ea5-bd03-a53b480c9686{ip: 192.168.134.96, host: ozone-unit-076618677d38kpfn-3395997600, networkLocation: /default-rack, certSerialId: null}
2019-06-17 21:05:30,229 INFO  safemode.SCMSafeModeManager (DataNodeSafeModeRule.java:process(71)) - SCM in safe mode. 1 DataNodes registered, 1 required.
2019-06-17 21:05:30,236 INFO  safemode.SCMSafeModeManager (SCMSafeModeManager.java:validateSafeModeExitRules(177)) - ScmSafeModeManager, all rules are successfully validated
2019-06-17 21:05:30,236 INFO  safemode.SCMSafeModeManager (SCMSafeModeManager.java:exitSafeMode(193)) - SCM exiting safe mode.
2019-06-17 21:05:30,438 INFO  node.SCMNodeManager (SCMNodeManager.java:register(269)) - Registered Data node : 5e67044a-ef5c-4276-a0f1-c429ed621be7{ip: 192.168.134.96, host: ozone-unit-076618677d38kpfn-3395997600, networkLocation: /default-rack, certSerialId: null}
2019-06-17 21:05:30,665 INFO  impl.RaftServerProxy (RaftServerProxy.java:addNew(89)) - 72118071-fbf0-4ea5-bd03-a53b480c9686: addNew group-DA2262950A14:[72118071-fbf0-4ea5-bd03-a53b480c9686:192.168.134.96:41659] returns group-DA2262950A14:java.util.concurrent.CompletableFuture@12ef844[Not completed]
2019-06-17 21:05:30,671 INFO  impl.RaftServerImpl (RaftServerImpl.java:<init>(91)) - 72118071-fbf0-4ea5-bd03-a53b480c9686: new RaftServerImpl for group-DA2262950A14:[72118071-fbf0-4ea5-bd03-a53b480c9686:192.168.134.96:41659] with ContainerStateMachine:uninitialized
2019-06-17 21:05:30,672 INFO  server.RaftServerConfigKeys (ConfUtils.java:logGet(43)) - raft.server.rpc.timeout.min = 1s (custom)
2019-06-17 21:05:30,672 INFO  server.RaftServerConfigKeys (ConfUtils.java:logGet(43)) - raft.server.rpc.timeout.max = 1200ms (custom)
2019-06-17 21:05:30,672 INFO  server.RaftServerConfigKeys (ConfUtils.java:logGet(43)) - raft.server.rpcslowness.timeout = 120s (custom)
2019-06-17 21:05:30,673 INFO  server.RaftServerConfigKeys (ConfUtils.java:logGet(43)) - raft.server.log.appender.install.snapshot.enabled = true (default)
2019-06-17 21:05:30,680 INFO  impl.RaftServerImpl (ServerState.java:<init>(101)) - 72118071-fbf0-4ea5-bd03-a53b480c9686:group-DA2262950A14 ConfigurationManager, init=-1: [72118071-fbf0-4ea5-bd03-a53b480c9686:192.168.134.96:41659], old=null, confs=<EMPTY_MAP>
2019-06-17 21:05:30,680 INFO  server.RaftServerConfigKeys (ConfUtils.java:logGet(43)) - raft.server.storage.dir = [/opt/src/hadoop-ozone/tools/target/test-dir/MiniOzoneClusterImpl-f521264a-2c93-42ed-b45c-3cc3700eb292/datanode-0/data/ratis] (custom)
2019-06-17 21:05:30,688 INFO  storage.RaftStorageDirectory (RaftStorageDirectory.java:analyzeStorage(246)) - The storage directory /opt/src/hadoop-ozone/tools/target/test-dir/MiniOzoneClusterImpl-f521264a-2c93-42ed-b45c-3cc3700eb292/datanode-0/data/ratis/3fffc3fc-bbfe-454d-9e65-da2262950a14 does not exist. Creating ...
2019-06-17 21:05:30,696 INFO  storage.RaftStorageDirectory (RaftStorageDirectory.java:tryLock(328)) - Lock on /opt/src/hadoop-ozone/tools/target/test-dir/MiniOzoneClusterImpl-f521264a-2c93-42ed-b45c-3cc3700eb292/datanode-0/data/ratis/3fffc3fc-bbfe-454d-9e65-da2262950a14/in_use.lock acquired by nodename 18180@ozone-unit-076618677d38kpfn-3395997600
2019-06-17 21:05:30,697 INFO  ozone.MiniOzoneClusterImpl (MiniOzoneClusterImpl.java:lambda$waitForClusterToBeReady$0(142)) - Waiting for cluster to be ready. Got 2 of 3 DN Heartbeats.
2019-06-17 21:05:30,701 INFO  storage.RaftStorage (RaftStorage.java:format(75)) - Storage directory /opt/src/hadoop-ozone/tools/target/test-dir/MiniOzoneClusterImpl-f521264a-2c93-42ed-b45c-3cc3700eb292/datanode-0/data/ratis/3fffc3fc-bbfe-454d-9e65-da2262950a14 has been successfully formatted.
2019-06-17 21:05:30,702 INFO  node.SCMNodeManager (SCMNodeManager.java:register(269)) - Registered Data node : 304b8175-2dc1-486f-8c2c-80e11ee3f8b0{ip: 192.168.134.96, host: ozone-unit-076618677d38kpfn-3395997600, networkLocation: /default-rack, certSerialId: null}
2019-06-17 21:05:30,703 INFO  ratis.ContainerStateMachine (ContainerStateMachine.java:loadSnapshot(199)) - The snapshot info is null.Setting the last applied index to:(t:0, i:~)
2019-06-17 21:05:30,704 INFO  server.RaftServerConfigKeys (ConfUtils.java:logGet(43)) - raft.server.leader.election.timeout = 120s (custom)
2019-06-17 21:05:30,706 INFO  server.RaftServerConfigKeys (ConfUtils.java:logGet(43)) - raft.server.log.use.memory = false (default)
2019-06-17 21:05:30,708 INFO  server.RaftServerConfigKeys (ConfUtils.java:logGet(43)) - raft.server.log.appender.buffer.byte-limit = 33554432 (custom)
2019-06-17 21:05:30,712 INFO  server.RaftServerConfigKeys (ConfUtils.java:logGet(43)) - raft.server.log.segment.size.max = 16384 (custom)
2019-06-17 21:05:30,718 INFO  server.RaftServerConfigKeys (ConfUtils.java:logGet(43)) - raft.server.log.segment.cache.num.max = 2 (custom)
2019-06-17 21:05:30,721 INFO  storage.RaftLogWorker (RaftLogWorker.java:<init>(123)) - new 72118071-fbf0-4ea5-bd03-a53b480c9686-RaftLogWorker for Storage Directory /opt/src/hadoop-ozone/tools/target/test-dir/MiniOzoneClusterImpl-f521264a-2c93-42ed-b45c-3cc3700eb292/datanode-0/data/ratis/3fffc3fc-bbfe-454d-9e65-da2262950a14
2019-06-17 21:05:30,722 INFO  server.RaftServerConfigKeys (ConfUtils.java:logGet(43)) - raft.server.log.queue.byte-limit = 2147483647 (custom)
2019-06-17 21:05:30,723 INFO  server.RaftServerConfigKeys (ConfUtils.java:logGet(43)) - raft.server.log.queue.element-limit = 1024 (custom)
2019-06-17 21:05:30,725 INFO  server.RaftServerConfigKeys (ConfUtils.java:logGet(43)) - raft.server.log.segment.size.max = 16384 (custom)
2019-06-17 21:05:30,725 INFO  server.RaftServerConfigKeys (ConfUtils.java:logGet(43)) - raft.server.log.preallocated.size = 16384 (custom)
2019-06-17 21:05:30,726 INFO  server.RaftServerConfigKeys (ConfUtils.java:logGet(43)) - raft.server.log.write.buffer.size = 33554432 (custom)
2019-06-17 21:05:30,726 INFO  server.RaftServerConfigKeys (ConfUtils.java:logGet(43)) - raft.server.log.force.sync.num = 128 (default)
2019-06-17 21:05:30,728 INFO  server.RaftServerConfigKeys (ConfUtils.java:logGet(43)) - raft.server.log.statemachine.data.sync = true (default)
2019-06-17 21:05:30,728 INFO  server.RaftServerConfigKeys (ConfUtils.java:logGet(43)) - raft.server.log.statemachine.data.sync.timeout = 10s (default)
2019-06-17 21:05:30,729 INFO  server.RaftServerConfigKeys (ConfUtils.java:logGet(43)) - raft.server.log.statemachine.data.sync.timeout.retry = -1 (default)
2019-06-17 21:05:30,732 INFO  server.RaftServerConfigKeys (ConfUtils.java:logGet(43)) - raft.server.log.statemachine.data.caching.enabled = true (custom)
2019-06-17 21:05:30,739 INFO  server.RaftServerConfigKeys (ConfUtils.java:logGet(43)) - raft.server.snapshot.auto.trigger.enabled = true (custom)
2019-06-17 21:05:30,740 INFO  server.RaftServerConfigKeys (ConfUtils.java:logGet(43)) - raft.server.snapshot.auto.trigger.threshold = 10000 (custom)
2019-06-17 21:05:30,740 INFO  server.RaftServerConfigKeys (ConfUtils.java:logGet(43)) - raft.server.retrycache.expirytime = 600000ms (custom)
2019-06-17 21:05:30,757 INFO  impl.RaftServerImpl (RaftServerImpl.java:start(173)) - 72118071-fbf0-4ea5-bd03-a53b480c9686: start group-DA2262950A14
2019-06-17 21:05:30,758 INFO  impl.RaftServerImpl (RaftServerImpl.java:setRole(164)) - 72118071-fbf0-4ea5-bd03-a53b480c9686:group-DA2262950A14 changes role from null to FOLLOWER at term 0 for startAsFollower
2019-06-17 21:05:30,759 INFO  impl.RoleInfo (RoleInfo.java:updateAndGet(143)) - 72118071-fbf0-4ea5-bd03-a53b480c9686: start FollowerState
2019-06-17 21:05:30,760 INFO  util.JmxRegister (JmxRegister.java:tryRegister(44)) - Successfully registered JMX Bean with object name Ratis:service=RaftServer,group=group-DA2262950A14,id=72118071-fbf0-4ea5-bd03-a53b480c9686
2019-06-17 21:05:31,010 INFO  pipeline.PipelineStateManager (PipelineStateManager.java:addPipeline(56)) - Created pipeline Pipeline[ Id: 3fffc3fc-bbfe-454d-9e65-da2262950a14, Nodes: 72118071-fbf0-4ea5-bd03-a53b480c9686{ip: 192.168.134.96, host: ozone-unit-076618677d38kpfn-3395997600, networkLocation: /default-rack, certSerialId: null}, Type:RATIS, Factor:ONE, State:OPEN]
2019-06-17 21:05:31,033 INFO  impl.RaftServerProxy (RaftServerProxy.java:addNew(89)) - 5e67044a-ef5c-4276-a0f1-c429ed621be7: addNew group-80F410965A60:[5e67044a-ef5c-4276-a0f1-c429ed621be7:192.168.134.96:44351] returns group-80F410965A60:java.util.concurrent.CompletableFuture@7ae79aaf[Not completed]
2019-06-17 21:05:31,049 INFO  impl.RaftServerImpl (RaftServerImpl.java:<init>(91)) - 5e67044a-ef5c-4276-a0f1-c429ed621be7: new RaftServerImpl for group-80F410965A60:[5e67044a-ef5c-4276-a0f1-c429ed621be7:192.168.134.96:44351] with ContainerStateMachine:uninitialized
2019-06-17 21:05:31,051 INFO  server.RaftServerConfigKeys (ConfUtils.java:logGet(43)) - raft.server.rpc.timeout.min = 1s (custom)
2019-06-17 21:05:31,051 INFO  server.RaftServerConfigKeys (ConfUtils.java:logGet(43)) - raft.server.rpc.timeout.max = 1200ms (custom)
2019-06-17 21:05:31,051 INFO  server.RaftServerConfigKeys (ConfUtils.java:logGet(43)) - raft.server.rpcslowness.timeout = 120s (custom)
2019-06-17 21:05:31,051 INFO  server.RaftServerConfigKeys (ConfUtils.java:logGet(43)) - raft.server.log.appender.install.snapshot.enabled = true (default)
2019-06-17 21:05:31,051 INFO  impl.RaftServerImpl (ServerState.java:<init>(101)) - 5e67044a-ef5c-4276-a0f1-c429ed621be7:group-80F410965A60 ConfigurationManager, init=-1: [5e67044a-ef5c-4276-a0f1-c429ed621be7:192.168.134.96:44351], old=null, confs=<EMPTY_MAP>
2019-06-17 21:05:31,051 INFO  server.RaftServerConfigKeys (ConfUtils.java:logGet(43)) - raft.server.storage.dir = [/opt/src/hadoop-ozone/tools/target/test-dir/MiniOzoneClusterImpl-f521264a-2c93-42ed-b45c-3cc3700eb292/datanode-1/data/ratis] (custom)
2019-06-17 21:05:31,052 INFO  storage.RaftStorageDirectory (RaftStorageDirectory.java:analyzeStorage(246)) - The storage directory /opt/src/hadoop-ozone/tools/target/test-dir/MiniOzoneClusterImpl-f521264a-2c93-42ed-b45c-3cc3700eb292/datanode-1/data/ratis/667ad285-6cf5-4c19-b38d-80f410965a60 does not exist. Creating ...
2019-06-17 21:05:31,055 INFO  storage.RaftStorageDirectory (RaftStorageDirectory.java:tryLock(328)) - Lock on /opt/src/hadoop-ozone/tools/target/test-dir/MiniOzoneClusterImpl-f521264a-2c93-42ed-b45c-3cc3700eb292/datanode-1/data/ratis/667ad285-6cf5-4c19-b38d-80f410965a60/in_use.lock acquired by nodename 18180@ozone-unit-076618677d38kpfn-3395997600
2019-06-17 21:05:31,057 INFO  storage.RaftStorage (RaftStorage.java:format(75)) - Storage directory /opt/src/hadoop-ozone/tools/target/test-dir/MiniOzoneClusterImpl-f521264a-2c93-42ed-b45c-3cc3700eb292/datanode-1/data/ratis/667ad285-6cf5-4c19-b38d-80f410965a60 has been successfully formatted.
2019-06-17 21:05:31,058 INFO  ratis.ContainerStateMachine (ContainerStateMachine.java:loadSnapshot(199)) - The snapshot info is null.Setting the last applied index to:(t:0, i:~)
2019-06-17 21:05:31,058 INFO  server.RaftServerConfigKeys (ConfUtils.java:logGet(43)) - raft.server.leader.election.timeout = 120s (custom)
2019-06-17 21:05:31,058 INFO  server.RaftServerConfigKeys (ConfUtils.java:logGet(43)) - raft.server.log.use.memory = false (default)
2019-06-17 21:05:31,058 INFO  server.RaftServerConfigKeys (ConfUtils.java:logGet(43)) - raft.server.log.appender.buffer.byte-limit = 33554432 (custom)
2019-06-17 21:05:31,059 INFO  server.RaftServerConfigKeys (ConfUtils.java:logGet(43)) - raft.server.log.segment.size.max = 16384 (custom)
2019-06-17 21:05:31,059 INFO  server.RaftServerConfigKeys (ConfUtils.java:logGet(43)) - raft.server.log.segment.cache.num.max = 2 (custom)
2019-06-17 21:05:31,059 INFO  storage.RaftLogWorker (RaftLogWorker.java:<init>(123)) - new 5e67044a-ef5c-4276-a0f1-c429ed621be7-RaftLogWorker for Storage Directory /opt/src/hadoop-ozone/tools/target/test-dir/MiniOzoneClusterImpl-f521264a-2c93-42ed-b45c-3cc3700eb292/datanode-1/data/ratis/667ad285-6cf5-4c19-b38d-80f410965a60
2019-06-17 21:05:31,060 INFO  server.RaftServerConfigKeys (ConfUtils.java:logGet(43)) - raft.server.log.queue.byte-limit = 2147483647 (custom)
2019-06-17 21:05:31,060 INFO  server.RaftServerConfigKeys (ConfUtils.java:logGet(43)) - raft.server.log.queue.element-limit = 1024 (custom)
2019-06-17 21:05:31,060 INFO  server.RaftServerConfigKeys (ConfUtils.java:logGet(43)) - raft.server.log.segment.size.max = 16384 (custom)
2019-06-17 21:05:31,060 INFO  server.RaftServerConfigKeys (ConfUtils.java:logGet(43)) - raft.server.log.preallocated.size = 16384 (custom)
2019-06-17 21:05:31,060 INFO  server.RaftServerConfigKeys (ConfUtils.java:logGet(43)) - raft.server.log.write.buffer.size = 33554432 (custom)
2019-06-17 21:05:31,060 INFO  server.RaftServerConfigKeys (ConfUtils.java:logGet(43)) - raft.server.log.force.sync.num = 128 (default)
2019-06-17 21:05:31,060 INFO  server.RaftServerConfigKeys (ConfUtils.java:logGet(43)) - raft.server.log.statemachine.data.sync = true (default)
2019-06-17 21:05:31,060 INFO  server.RaftServerConfigKeys (ConfUtils.java:logGet(43)) - raft.server.log.statemachine.data.sync.timeout = 10s (default)
2019-06-17 21:05:31,061 INFO  server.RaftServerConfigKeys (ConfUtils.java:logGet(43)) - raft.server.log.statemachine.data.sync.timeout.retry = -1 (default)
2019-06-17 21:05:31,061 INFO  server.RaftServerConfigKeys (ConfUtils.java:logGet(43)) - raft.server.log.statemachine.data.caching.enabled = true (custom)
2019-06-17 21:05:31,061 INFO  server.RaftServerConfigKeys (ConfUtils.java:logGet(43)) - raft.server.snapshot.auto.trigger.enabled = true (custom)
2019-06-17 21:05:31,061 INFO  server.RaftServerConfigKeys (ConfUtils.java:logGet(43)) - raft.server.snapshot.auto.trigger.threshold = 10000 (custom)
2019-06-17 21:05:31,062 INFO  server.RaftServerConfigKeys (ConfUtils.java:logGet(43)) - raft.server.retrycache.expirytime = 600000ms (custom)
2019-06-17 21:05:31,062 INFO  impl.RaftServerImpl (RaftServerImpl.java:start(173)) - 5e67044a-ef5c-4276-a0f1-c429ed621be7: start group-80F410965A60
2019-06-17 21:05:31,062 INFO  impl.RaftServerImpl (RaftServerImpl.java:setRole(164)) - 5e67044a-ef5c-4276-a0f1-c429ed621be7:group-80F410965A60 changes role from null to FOLLOWER at term 0 for startAsFollower
2019-06-17 21:05:31,062 INFO  impl.RoleInfo (RoleInfo.java:updateAndGet(143)) - 5e67044a-ef5c-4276-a0f1-c429ed621be7: start FollowerState
2019-06-17 21:05:31,063 INFO  util.JmxRegister (JmxRegister.java:tryRegister(44)) - Successfully registered JMX Bean with object name Ratis:service=RaftServer,group=group-80F410965A60,id=5e67044a-ef5c-4276-a0f1-c429ed621be7
2019-06-17 21:05:31,078 INFO  pipeline.PipelineStateManager (PipelineStateManager.java:addPipeline(56)) - Created pipeline Pipeline[ Id: 667ad285-6cf5-4c19-b38d-80f410965a60, Nodes: 5e67044a-ef5c-4276-a0f1-c429ed621be7{ip: 192.168.134.96, host: ozone-unit-076618677d38kpfn-3395997600, networkLocation: /default-rack, certSerialId: null}, Type:RATIS, Factor:ONE, State:OPEN]
2019-06-17 21:05:31,095 INFO  impl.RaftServerProxy (RaftServerProxy.java:addNew(89)) - 304b8175-2dc1-486f-8c2c-80e11ee3f8b0: addNew group-008B3E801C97:[304b8175-2dc1-486f-8c2c-80e11ee3f8b0:192.168.134.96:38717] returns group-008B3E801C97:java.util.concurrent.CompletableFuture@5b133d0d[Not completed]
2019-06-17 21:05:31,100 INFO  impl.RaftServerImpl (RaftServerImpl.java:<init>(91)) - 304b8175-2dc1-486f-8c2c-80e11ee3f8b0: new RaftServerImpl for group-008B3E801C97:[304b8175-2dc1-486f-8c2c-80e11ee3f8b0:192.168.134.96:38717] with ContainerStateMachine:uninitialized
2019-06-17 21:05:31,102 INFO  server.RaftServerConfigKeys (ConfUtils.java:logGet(43)) - raft.server.rpc.timeout.min = 1s (custom)
2019-06-17 21:05:31,102 INFO  server.RaftServerConfigKeys (ConfUtils.java:logGet(43)) - raft.server.rpc.timeout.max = 1200ms (custom)
2019-06-17 21:05:31,102 INFO  server.RaftServerConfigKeys (ConfUtils.java:logGet(43)) - raft.server.rpcslowness.timeout = 120s (custom)
2019-06-17 21:05:31,102 INFO  server.RaftServerConfigKeys (ConfUtils.java:logGet(43)) - raft.server.log.appender.install.snapshot.enabled = true (default)
2019-06-17 21:05:31,102 INFO  impl.RaftServerImpl (ServerState.java:<init>(101)) - 304b8175-2dc1-486f-8c2c-80e11ee3f8b0:group-008B3E801C97 ConfigurationManager, init=-1: [304b8175-2dc1-486f-8c2c-80e11ee3f8b0:192.168.134.96:38717], old=null, confs=<EMPTY_MAP>
2019-06-17 21:05:31,103 INFO  server.RaftServerConfigKeys (ConfUtils.java:logGet(43)) - raft.server.storage.dir = [/opt/src/hadoop-ozone/tools/target/test-dir/MiniOzoneClusterImpl-f521264a-2c93-42ed-b45c-3cc3700eb292/datanode-2/data/ratis] (custom)
2019-06-17 21:05:31,103 INFO  storage.RaftStorageDirectory (RaftStorageDirectory.java:analyzeStorage(246)) - The storage directory /opt/src/hadoop-ozone/tools/target/test-dir/MiniOzoneClusterImpl-f521264a-2c93-42ed-b45c-3cc3700eb292/datanode-2/data/ratis/d51194cc-05ec-4b7e-b4c6-008b3e801c97 does not exist. Creating ...
2019-06-17 21:05:31,105 INFO  storage.RaftStorageDirectory (RaftStorageDirectory.java:tryLock(328)) - Lock on /opt/src/hadoop-ozone/tools/target/test-dir/MiniOzoneClusterImpl-f521264a-2c93-42ed-b45c-3cc3700eb292/datanode-2/data/ratis/d51194cc-05ec-4b7e-b4c6-008b3e801c97/in_use.lock acquired by nodename 18180@ozone-unit-076618677d38kpfn-3395997600
2019-06-17 21:05:31,109 INFO  storage.RaftStorage (RaftStorage.java:format(75)) - Storage directory /opt/src/hadoop-ozone/tools/target/test-dir/MiniOzoneClusterImpl-f521264a-2c93-42ed-b45c-3cc3700eb292/datanode-2/data/ratis/d51194cc-05ec-4b7e-b4c6-008b3e801c97 has been successfully formatted.
2019-06-17 21:05:31,109 INFO  ratis.ContainerStateMachine (ContainerStateMachine.java:loadSnapshot(199)) - The snapshot info is null.Setting the last applied index to:(t:0, i:~)
2019-06-17 21:05:31,109 INFO  server.RaftServerConfigKeys (ConfUtils.java:logGet(43)) - raft.server.leader.election.timeout = 120s (custom)
2019-06-17 21:05:31,109 INFO  server.RaftServerConfigKeys (ConfUtils.java:logGet(43)) - raft.server.log.use.memory = false (default)
2019-06-17 21:05:31,109 INFO  server.RaftServerConfigKeys (ConfUtils.java:logGet(43)) - raft.server.log.appender.buffer.byte-limit = 33554432 (custom)
2019-06-17 21:05:31,110 INFO  server.RaftServerConfigKeys (ConfUtils.java:logGet(43)) - raft.server.log.segment.size.max = 16384 (custom)
2019-06-17 21:05:31,110 INFO  server.RaftServerConfigKeys (ConfUtils.java:logGet(43)) - raft.server.log.segment.cache.num.max = 2 (custom)
2019-06-17 21:05:31,110 INFO  storage.RaftLogWorker (RaftLogWorker.java:<init>(123)) - new 304b8175-2dc1-486f-8c2c-80e11ee3f8b0-RaftLogWorker for Storage Directory /opt/src/hadoop-ozone/tools/target/test-dir/MiniOzoneClusterImpl-f521264a-2c93-42ed-b45c-3cc3700eb292/datanode-2/data/ratis/d51194cc-05ec-4b7e-b4c6-008b3e801c97
2019-06-17 21:05:31,110 INFO  server.RaftServerConfigKeys (ConfUtils.java:logGet(43)) - raft.server.log.queue.byte-limit = 2147483647 (custom)
2019-06-17 21:05:31,110 INFO  server.RaftServerConfigKeys (ConfUtils.java:logGet(43)) - raft.server.log.queue.element-limit = 1024 (custom)
2019-06-17 21:05:31,110 INFO  server.RaftServerConfigKeys (ConfUtils.java:logGet(43)) - raft.server.log.segment.size.max = 16384 (custom)
2019-06-17 21:05:31,111 INFO  server.RaftServerConfigKeys (ConfUtils.java:logGet(43)) - raft.server.log.preallocated.size = 16384 (custom)
2019-06-17 21:05:31,111 INFO  server.RaftServerConfigKeys (ConfUtils.java:logGet(43)) - raft.server.log.write.buffer.size = 33554432 (custom)
2019-06-17 21:05:31,111 INFO  server.RaftServerConfigKeys (ConfUtils.java:logGet(43)) - raft.server.log.force.sync.num = 128 (default)
2019-06-17 21:05:31,111 INFO  server.RaftServerConfigKeys (ConfUtils.java:logGet(43)) - raft.server.log.statemachine.data.sync = true (default)
2019-06-17 21:05:31,111 INFO  server.RaftServerConfigKeys (ConfUtils.java:logGet(43)) - raft.server.log.statemachine.data.sync.timeout = 10s (default)
2019-06-17 21:05:31,111 INFO  server.RaftServerConfigKeys (ConfUtils.java:logGet(43)) - raft.server.log.statemachine.data.sync.timeout.retry = -1 (default)
2019-06-17 21:05:31,111 INFO  server.RaftServerConfigKeys (ConfUtils.java:logGet(43)) - raft.server.log.statemachine.data.caching.enabled = true (custom)
2019-06-17 21:05:31,112 INFO  server.RaftServerConfigKeys (ConfUtils.java:logGet(43)) - raft.server.snapshot.auto.trigger.enabled = true (custom)
2019-06-17 21:05:31,112 INFO  server.RaftServerConfigKeys (ConfUtils.java:logGet(43)) - raft.server.snapshot.auto.trigger.threshold = 10000 (custom)
2019-06-17 21:05:31,112 INFO  server.RaftServerConfigKeys (ConfUtils.java:logGet(43)) - raft.server.retrycache.expirytime = 600000ms (custom)
2019-06-17 21:05:31,112 INFO  impl.RaftServerImpl (RaftServerImpl.java:start(173)) - 304b8175-2dc1-486f-8c2c-80e11ee3f8b0: start group-008B3E801C97
2019-06-17 21:05:31,113 INFO  impl.RaftServerImpl (RaftServerImpl.java:setRole(164)) - 304b8175-2dc1-486f-8c2c-80e11ee3f8b0:group-008B3E801C97 changes role from null to FOLLOWER at term 0 for startAsFollower
2019-06-17 21:05:31,113 INFO  impl.RoleInfo (RoleInfo.java:updateAndGet(143)) - 304b8175-2dc1-486f-8c2c-80e11ee3f8b0: start FollowerState
2019-06-17 21:05:31,113 INFO  util.JmxRegister (JmxRegister.java:tryRegister(44)) - Successfully registered JMX Bean with object name Ratis:service=RaftServer,group=group-008B3E801C97,id=304b8175-2dc1-486f-8c2c-80e11ee3f8b0
2019-06-17 21:05:31,123 INFO  pipeline.PipelineStateManager (PipelineStateManager.java:addPipeline(56)) - Created pipeline Pipeline[ Id: d51194cc-05ec-4b7e-b4c6-008b3e801c97, Nodes: 304b8175-2dc1-486f-8c2c-80e11ee3f8b0{ip: 192.168.134.96, host: ozone-unit-076618677d38kpfn-3395997600, networkLocation: /default-rack, certSerialId: null}, Type:RATIS, Factor:ONE, State:OPEN]
2019-06-17 21:05:31,160 INFO  impl.RaftServerProxy (RaftServerProxy.java:addNew(89)) - 304b8175-2dc1-486f-8c2c-80e11ee3f8b0: addNew group-B7D41F3A1BE1:[72118071-fbf0-4ea5-bd03-a53b480c9686:192.168.134.96:41659, 5e67044a-ef5c-4276-a0f1-c429ed621be7:192.168.134.96:44351, 304b8175-2dc1-486f-8c2c-80e11ee3f8b0:192.168.134.96:38717] returns group-B7D41F3A1BE1:java.util.concurrent.CompletableFuture@7875b0ea[Not completed]
2019-06-17 21:05:31,161 INFO  impl.RaftServerImpl (RaftServerImpl.java:<init>(91)) - 304b8175-2dc1-486f-8c2c-80e11ee3f8b0: new RaftServerImpl for group-B7D41F3A1BE1:[72118071-fbf0-4ea5-bd03-a53b480c9686:192.168.134.96:41659, 5e67044a-ef5c-4276-a0f1-c429ed621be7:192.168.134.96:44351, 304b8175-2dc1-486f-8c2c-80e11ee3f8b0:192.168.134.96:38717] with ContainerStateMachine:uninitialized
2019-06-17 21:05:31,162 INFO  server.RaftServerConfigKeys (ConfUtils.java:logGet(43)) - raft.server.rpc.timeout.min = 1s (custom)
2019-06-17 21:05:31,162 INFO  server.RaftServerConfigKeys (ConfUtils.java:logGet(43)) - raft.server.rpc.timeout.max = 1200ms (custom)
2019-06-17 21:05:31,162 INFO  server.RaftServerConfigKeys (ConfUtils.java:logGet(43)) - raft.server.rpcslowness.timeout = 120s (custom)
2019-06-17 21:05:31,162 INFO  server.RaftServerConfigKeys (ConfUtils.java:logGet(43)) - raft.server.log.appender.install.snapshot.enabled = true (default)
2019-06-17 21:05:31,162 INFO  impl.RaftServerImpl (ServerState.java:<init>(101)) - 304b8175-2dc1-486f-8c2c-80e11ee3f8b0:group-B7D41F3A1BE1 ConfigurationManager, init=-1: [72118071-fbf0-4ea5-bd03-a53b480c9686:192.168.134.96:41659, 5e67044a-ef5c-4276-a0f1-c429ed621be7:192.168.134.96:44351, 304b8175-2dc1-486f-8c2c-80e11ee3f8b0:192.168.134.96:38717], old=null, confs=<EMPTY_MAP>
2019-06-17 21:05:31,162 INFO  server.RaftServerConfigKeys (ConfUtils.java:logGet(43)) - raft.server.storage.dir = [/opt/src/hadoop-ozone/tools/target/test-dir/MiniOzoneClusterImpl-f521264a-2c93-42ed-b45c-3cc3700eb292/datanode-2/data/ratis] (custom)
2019-06-17 21:05:31,163 INFO  storage.RaftStorageDirectory (RaftStorageDirectory.java:analyzeStorage(246)) - The storage directory /opt/src/hadoop-ozone/tools/target/test-dir/MiniOzoneClusterImpl-f521264a-2c93-42ed-b45c-3cc3700eb292/datanode-2/data/ratis/ae79eaac-df61-493e-9e81-b7d41f3a1be1 does not exist. Creating ...
2019-06-17 21:05:31,165 INFO  impl.RaftServerProxy (RaftServerProxy.java:addNew(89)) - 5e67044a-ef5c-4276-a0f1-c429ed621be7: addNew group-B7D41F3A1BE1:[72118071-fbf0-4ea5-bd03-a53b480c9686:192.168.134.96:41659, 5e67044a-ef5c-4276-a0f1-c429ed621be7:192.168.134.96:44351, 304b8175-2dc1-486f-8c2c-80e11ee3f8b0:192.168.134.96:38717] returns group-B7D41F3A1BE1:java.util.concurrent.CompletableFuture@644902fa[Not completed]
2019-06-17 21:05:31,165 INFO  impl.RaftServerProxy (RaftServerProxy.java:addNew(89)) - 72118071-fbf0-4ea5-bd03-a53b480c9686: addNew group-B7D41F3A1BE1:[72118071-fbf0-4ea5-bd03-a53b480c9686:192.168.134.96:41659, 5e67044a-ef5c-4276-a0f1-c429ed621be7:192.168.134.96:44351, 304b8175-2dc1-486f-8c2c-80e11ee3f8b0:192.168.134.96:38717] returns group-B7D41F3A1BE1:java.util.concurrent.CompletableFuture@babd265[Not completed]
2019-06-17 21:05:31,165 INFO  storage.RaftStorageDirectory (RaftStorageDirectory.java:tryLock(328)) - Lock on /opt/src/hadoop-ozone/tools/target/test-dir/MiniOzoneClusterImpl-f521264a-2c93-42ed-b45c-3cc3700eb292/datanode-2/data/ratis/ae79eaac-df61-493e-9e81-b7d41f3a1be1/in_use.lock acquired by nodename 18180@ozone-unit-076618677d38kpfn-3395997600
2019-06-17 21:05:31,166 INFO  impl.RaftServerImpl (RaftServerImpl.java:<init>(91)) - 72118071-fbf0-4ea5-bd03-a53b480c9686: new RaftServerImpl for group-B7D41F3A1BE1:[72118071-fbf0-4ea5-bd03-a53b480c9686:192.168.134.96:41659, 5e67044a-ef5c-4276-a0f1-c429ed621be7:192.168.134.96:44351, 304b8175-2dc1-486f-8c2c-80e11ee3f8b0:192.168.134.96:38717] with ContainerStateMachine:uninitialized
2019-06-17 21:05:31,166 INFO  server.RaftServerConfigKeys (ConfUtils.java:logGet(43)) - raft.server.rpc.timeout.min = 1s (custom)
2019-06-17 21:05:31,166 INFO  server.RaftServerConfigKeys (ConfUtils.java:logGet(43)) - raft.server.rpc.timeout.max = 1200ms (custom)
2019-06-17 21:05:31,167 INFO  server.RaftServerConfigKeys (ConfUtils.java:logGet(43)) - raft.server.rpcslowness.timeout = 120s (custom)
2019-06-17 21:05:31,167 INFO  server.RaftServerConfigKeys (ConfUtils.java:logGet(43)) - raft.server.log.appender.install.snapshot.enabled = true (default)
2019-06-17 21:05:31,168 INFO  impl.RaftServerImpl (ServerState.java:<init>(101)) - 72118071-fbf0-4ea5-bd03-a53b480c9686:group-B7D41F3A1BE1 ConfigurationManager, init=-1: [72118071-fbf0-4ea5-bd03-a53b480c9686:192.168.134.96:41659, 5e67044a-ef5c-4276-a0f1-c429ed621be7:192.168.134.96:44351, 304b8175-2dc1-486f-8c2c-80e11ee3f8b0:192.168.134.96:38717], old=null, confs=<EMPTY_MAP>
2019-06-17 21:05:31,168 INFO  server.RaftServerConfigKeys (ConfUtils.java:logGet(43)) - raft.server.storage.dir = [/opt/src/hadoop-ozone/tools/target/test-dir/MiniOzoneClusterImpl-f521264a-2c93-42ed-b45c-3cc3700eb292/datanode-0/data/ratis] (custom)
2019-06-17 21:05:31,168 INFO  storage.RaftStorageDirectory (RaftStorageDirectory.java:analyzeStorage(246)) - The storage directory /opt/src/hadoop-ozone/tools/target/test-dir/MiniOzoneClusterImpl-f521264a-2c93-42ed-b45c-3cc3700eb292/datanode-0/data/ratis/ae79eaac-df61-493e-9e81-b7d41f3a1be1 does not exist. Creating ...
2019-06-17 21:05:31,167 INFO  impl.RaftServerImpl (RaftServerImpl.java:<init>(91)) - 5e67044a-ef5c-4276-a0f1-c429ed621be7: new RaftServerImpl for group-B7D41F3A1BE1:[72118071-fbf0-4ea5-bd03-a53b480c9686:192.168.134.96:41659, 5e67044a-ef5c-4276-a0f1-c429ed621be7:192.168.134.96:44351, 304b8175-2dc1-486f-8c2c-80e11ee3f8b0:192.168.134.96:38717] with ContainerStateMachine:uninitialized
2019-06-17 21:05:31,168 INFO  storage.RaftStorage (RaftStorage.java:format(75)) - Storage directory /opt/src/hadoop-ozone/tools/target/test-dir/MiniOzoneClusterImpl-f521264a-2c93-42ed-b45c-3cc3700eb292/datanode-2/data/ratis/ae79eaac-df61-493e-9e81-b7d41f3a1be1 has been successfully formatted.
2019-06-17 21:05:31,169 INFO  server.RaftServerConfigKeys (ConfUtils.java:logGet(43)) - raft.server.rpc.timeout.min = 1s (custom)
2019-06-17 21:05:31,169 INFO  ratis.ContainerStateMachine (ContainerStateMachine.java:loadSnapshot(199)) - The snapshot info is null.Setting the last applied index to:(t:0, i:~)
2019-06-17 21:05:31,169 INFO  server.RaftServerConfigKeys (ConfUtils.java:logGet(43)) - raft.server.leader.election.timeout = 120s (custom)
2019-06-17 21:05:31,169 INFO  server.RaftServerConfigKeys (ConfUtils.java:logGet(43)) - raft.server.log.use.memory = false (default)
2019-06-17 21:05:31,170 INFO  server.RaftServerConfigKeys (ConfUtils.java:logGet(43)) - raft.server.log.appender.buffer.byte-limit = 33554432 (custom)
2019-06-17 21:05:31,170 INFO  server.RaftServerConfigKeys (ConfUtils.java:logGet(43)) - raft.server.log.segment.size.max = 16384 (custom)
2019-06-17 21:05:31,170 INFO  storage.RaftStorageDirectory (RaftStorageDirectory.java:tryLock(328)) - Lock on /opt/src/hadoop-ozone/tools/target/test-dir/MiniOzoneClusterImpl-f521264a-2c93-42ed-b45c-3cc3700eb292/datanode-0/data/ratis/ae79eaac-df61-493e-9e81-b7d41f3a1be1/in_use.lock acquired by nodename 18180@ozone-unit-076618677d38kpfn-3395997600
2019-06-17 21:05:31,169 INFO  server.RaftServerConfigKeys (ConfUtils.java:logGet(43)) - raft.server.rpc.timeout.max = 1200ms (custom)
2019-06-17 21:05:31,170 INFO  server.RaftServerConfigKeys (ConfUtils.java:logGet(43)) - raft.server.rpcslowness.timeout = 120s (custom)
2019-06-17 21:05:31,171 INFO  server.RaftServerConfigKeys (ConfUtils.java:logGet(43)) - raft.server.log.appender.install.snapshot.enabled = true (default)
2019-06-17 21:05:31,171 INFO  impl.RaftServerImpl (ServerState.java:<init>(101)) - 5e67044a-ef5c-4276-a0f1-c429ed621be7:group-B7D41F3A1BE1 ConfigurationManager, init=-1: [72118071-fbf0-4ea5-bd03-a53b480c9686:192.168.134.96:41659, 5e67044a-ef5c-4276-a0f1-c429ed621be7:192.168.134.96:44351, 304b8175-2dc1-486f-8c2c-80e11ee3f8b0:192.168.134.96:38717], old=null, confs=<EMPTY_MAP>
2019-06-17 21:05:31,171 INFO  server.RaftServerConfigKeys (ConfUtils.java:logGet(43)) - raft.server.storage.dir = [/opt/src/hadoop-ozone/tools/target/test-dir/MiniOzoneClusterImpl-f521264a-2c93-42ed-b45c-3cc3700eb292/datanode-1/data/ratis] (custom)
2019-06-17 21:05:31,171 INFO  storage.RaftStorageDirectory (RaftStorageDirectory.java:analyzeStorage(246)) - The storage directory /opt/src/hadoop-ozone/tools/target/test-dir/MiniOzoneClusterImpl-f521264a-2c93-42ed-b45c-3cc3700eb292/datanode-1/data/ratis/ae79eaac-df61-493e-9e81-b7d41f3a1be1 does not exist. Creating ...
2019-06-17 21:05:31,170 INFO  server.RaftServerConfigKeys (ConfUtils.java:logGet(43)) - raft.server.log.segment.cache.num.max = 2 (custom)
2019-06-17 21:05:31,172 INFO  storage.RaftLogWorker (RaftLogWorker.java:<init>(123)) - new 304b8175-2dc1-486f-8c2c-80e11ee3f8b0-RaftLogWorker for Storage Directory /opt/src/hadoop-ozone/tools/target/test-dir/MiniOzoneClusterImpl-f521264a-2c93-42ed-b45c-3cc3700eb292/datanode-2/data/ratis/ae79eaac-df61-493e-9e81-b7d41f3a1be1
2019-06-17 21:05:31,172 INFO  server.RaftServerConfigKeys (ConfUtils.java:logGet(43)) - raft.server.log.queue.byte-limit = 2147483647 (custom)
2019-06-17 21:05:31,172 INFO  server.RaftServerConfigKeys (ConfUtils.java:logGet(43)) - raft.server.log.queue.element-limit = 1024 (custom)
2019-06-17 21:05:31,173 INFO  storage.RaftStorage (RaftStorage.java:format(75)) - Storage directory /opt/src/hadoop-ozone/tools/target/test-dir/MiniOzoneClusterImpl-f521264a-2c93-42ed-b45c-3cc3700eb292/datanode-0/data/ratis/ae79eaac-df61-493e-9e81-b7d41f3a1be1 has been successfully formatted.
2019-06-17 21:05:31,173 INFO  server.RaftServerConfigKeys (ConfUtils.java:logGet(43)) - raft.server.log.segment.size.max = 16384 (custom)
2019-06-17 21:05:31,173 INFO  ratis.ContainerStateMachine (ContainerStateMachine.java:loadSnapshot(199)) - The snapshot info is null.Setting the last applied index to:(t:0, i:~)
2019-06-17 21:05:31,173 INFO  server.RaftServerConfigKeys (ConfUtils.java:logGet(43)) - raft.server.log.preallocated.size = 16384 (custom)
2019-06-17 21:05:31,173 INFO  server.RaftServerConfigKeys (ConfUtils.java:logGet(43)) - raft.server.leader.election.timeout = 120s (custom)
2019-06-17 21:05:31,173 INFO  server.RaftServerConfigKeys (ConfUtils.java:logGet(43)) - raft.server.log.write.buffer.size = 33554432 (custom)
2019-06-17 21:05:31,173 INFO  server.RaftServerConfigKeys (ConfUtils.java:logGet(43)) - raft.server.log.force.sync.num = 128 (default)
2019-06-17 21:05:31,173 INFO  server.RaftServerConfigKeys (ConfUtils.java:logGet(43)) - raft.server.log.use.memory = false (default)
2019-06-17 21:05:31,174 INFO  server.RaftServerConfigKeys (ConfUtils.java:logGet(43)) - raft.server.log.statemachine.data.sync = true (default)
2019-06-17 21:05:31,174 INFO  server.RaftServerConfigKeys (ConfUtils.java:logGet(43)) - raft.server.log.appender.buffer.byte-limit = 33554432 (custom)
2019-06-17 21:05:31,174 INFO  server.RaftServerConfigKeys (ConfUtils.java:logGet(43)) - raft.server.log.statemachine.data.sync.timeout = 10s (default)
2019-06-17 21:05:31,174 INFO  storage.RaftStorageDirectory (RaftStorageDirectory.java:tryLock(328)) - Lock on /opt/src/hadoop-ozone/tools/target/test-dir/MiniOzoneClusterImpl-f521264a-2c93-42ed-b45c-3cc3700eb292/datanode-1/data/ratis/ae79eaac-df61-493e-9e81-b7d41f3a1be1/in_use.lock acquired by nodename 18180@ozone-unit-076618677d38kpfn-3395997600
2019-06-17 21:05:31,174 INFO  server.RaftServerConfigKeys (ConfUtils.java:logGet(43)) - raft.server.log.statemachine.data.sync.timeout.retry = -1 (default)
2019-06-17 21:05:31,174 INFO  server.RaftServerConfigKeys (ConfUtils.java:logGet(43)) - raft.server.log.segment.size.max = 16384 (custom)
2019-06-17 21:05:31,174 INFO  server.RaftServerConfigKeys (ConfUtils.java:logGet(43)) - raft.server.log.statemachine.data.caching.enabled = true (custom)
2019-06-17 21:05:31,175 INFO  server.RaftServerConfigKeys (ConfUtils.java:logGet(43)) - raft.server.log.segment.cache.num.max = 2 (custom)
2019-06-17 21:05:31,175 INFO  storage.RaftLogWorker (RaftLogWorker.java:<init>(123)) - new 72118071-fbf0-4ea5-bd03-a53b480c9686-RaftLogWorker for Storage Directory /opt/src/hadoop-ozone/tools/target/test-dir/MiniOzoneClusterImpl-f521264a-2c93-42ed-b45c-3cc3700eb292/datanode-0/data/ratis/ae79eaac-df61-493e-9e81-b7d41f3a1be1
2019-06-17 21:05:31,175 INFO  server.RaftServerConfigKeys (ConfUtils.java:logGet(43)) - raft.server.log.queue.byte-limit = 2147483647 (custom)
2019-06-17 21:05:31,175 INFO  server.RaftServerConfigKeys (ConfUtils.java:logGet(43)) - raft.server.log.queue.element-limit = 1024 (custom)
2019-06-17 21:05:31,175 INFO  server.RaftServerConfigKeys (ConfUtils.java:logGet(43)) - raft.server.log.segment.size.max = 16384 (custom)
2019-06-17 21:05:31,175 INFO  server.RaftServerConfigKeys (ConfUtils.java:logGet(43)) - raft.server.log.preallocated.size = 16384 (custom)
2019-06-17 21:05:31,175 INFO  server.RaftServerConfigKeys (ConfUtils.java:logGet(43)) - raft.server.log.write.buffer.size = 33554432 (custom)
2019-06-17 21:05:31,175 INFO  server.RaftServerConfigKeys (ConfUtils.java:logGet(43)) - raft.server.log.force.sync.num = 128 (default)
2019-06-17 21:05:31,176 INFO  server.RaftServerConfigKeys (ConfUtils.java:logGet(43)) - raft.server.log.statemachine.data.sync = true (default)
2019-06-17 21:05:31,176 INFO  server.RaftServerConfigKeys (ConfUtils.java:logGet(43)) - raft.server.log.statemachine.data.sync.timeout = 10s (default)
2019-06-17 21:05:31,176 INFO  server.RaftServerConfigKeys (ConfUtils.java:logGet(43)) - raft.server.log.statemachine.data.sync.timeout.retry = -1 (default)
2019-06-17 21:05:31,176 INFO  server.RaftServerConfigKeys (ConfUtils.java:logGet(43)) - raft.server.log.statemachine.data.caching.enabled = true (custom)
2019-06-17 21:05:31,176 INFO  server.RaftServerConfigKeys (ConfUtils.java:logGet(43)) - raft.server.snapshot.auto.trigger.enabled = true (custom)
2019-06-17 21:05:31,176 INFO  server.RaftServerConfigKeys (ConfUtils.java:logGet(43)) - raft.server.snapshot.auto.trigger.threshold = 10000 (custom)
2019-06-17 21:05:31,176 INFO  server.RaftServerConfigKeys (ConfUtils.java:logGet(43)) - raft.server.retrycache.expirytime = 600000ms (custom)
2019-06-17 21:05:31,177 INFO  impl.RaftServerImpl (RaftServerImpl.java:start(173)) - 304b8175-2dc1-486f-8c2c-80e11ee3f8b0: start group-B7D41F3A1BE1
2019-06-17 21:05:31,177 INFO  impl.RaftServerImpl (RaftServerImpl.java:setRole(164)) - 304b8175-2dc1-486f-8c2c-80e11ee3f8b0:group-B7D41F3A1BE1 changes role from null to FOLLOWER at term 0 for startAsFollower
2019-06-17 21:05:31,177 INFO  server.RaftServerConfigKeys (ConfUtils.java:logGet(43)) - raft.server.snapshot.auto.trigger.enabled = true (custom)
2019-06-17 21:05:31,177 INFO  impl.RoleInfo (RoleInfo.java:updateAndGet(143)) - 304b8175-2dc1-486f-8c2c-80e11ee3f8b0: start FollowerState
2019-06-17 21:05:31,177 INFO  storage.RaftStorage (RaftStorage.java:format(75)) - Storage directory /opt/src/hadoop-ozone/tools/target/test-dir/MiniOzoneClusterImpl-f521264a-2c93-42ed-b45c-3cc3700eb292/datanode-1/data/ratis/ae79eaac-df61-493e-9e81-b7d41f3a1be1 has been successfully formatted.
2019-06-17 21:05:31,177 INFO  ratis.ContainerStateMachine (ContainerStateMachine.java:loadSnapshot(199)) - The snapshot info is null.Setting the last applied index to:(t:0, i:~)
2019-06-17 21:05:31,178 INFO  server.RaftServerConfigKeys (ConfUtils.java:logGet(43)) - raft.server.leader.election.timeout = 120s (custom)
2019-06-17 21:05:31,178 INFO  server.RaftServerConfigKeys (ConfUtils.java:logGet(43)) - raft.server.log.use.memory = false (default)
2019-06-17 21:05:31,178 INFO  server.RaftServerConfigKeys (ConfUtils.java:logGet(43)) - raft.server.log.appender.buffer.byte-limit = 33554432 (custom)
2019-06-17 21:05:31,178 INFO  server.RaftServerConfigKeys (ConfUtils.java:logGet(43)) - raft.server.log.segment.size.max = 16384 (custom)
2019-06-17 21:05:31,178 INFO  server.RaftServerConfigKeys (ConfUtils.java:logGet(43)) - raft.server.log.segment.cache.num.max = 2 (custom)
2019-06-17 21:05:31,178 INFO  storage.RaftLogWorker (RaftLogWorker.java:<init>(123)) - new 5e67044a-ef5c-4276-a0f1-c429ed621be7-RaftLogWorker for Storage Directory /opt/src/hadoop-ozone/tools/target/test-dir/MiniOzoneClusterImpl-f521264a-2c93-42ed-b45c-3cc3700eb292/datanode-1/data/ratis/ae79eaac-df61-493e-9e81-b7d41f3a1be1
2019-06-17 21:05:31,179 INFO  server.RaftServerConfigKeys (ConfUtils.java:logGet(43)) - raft.server.log.queue.byte-limit = 2147483647 (custom)
2019-06-17 21:05:31,179 INFO  server.RaftServerConfigKeys (ConfUtils.java:logGet(43)) - raft.server.log.queue.element-limit = 1024 (custom)
2019-06-17 21:05:31,179 INFO  server.RaftServerConfigKeys (ConfUtils.java:logGet(43)) - raft.server.log.segment.size.max = 16384 (custom)
2019-06-17 21:05:31,179 INFO  server.RaftServerConfigKeys (ConfUtils.java:logGet(43)) - raft.server.log.preallocated.size = 16384 (custom)
2019-06-17 21:05:31,179 INFO  server.RaftServerConfigKeys (ConfUtils.java:logGet(43)) - raft.server.log.write.buffer.size = 33554432 (custom)
2019-06-17 21:05:31,179 INFO  server.RaftServerConfigKeys (ConfUtils.java:logGet(43)) - raft.server.log.force.sync.num = 128 (default)
2019-06-17 21:05:31,179 INFO  server.RaftServerConfigKeys (ConfUtils.java:logGet(43)) - raft.server.log.statemachine.data.sync = true (default)
2019-06-17 21:05:31,180 INFO  server.RaftServerConfigKeys (ConfUtils.java:logGet(43)) - raft.server.log.statemachine.data.sync.timeout = 10s (default)
2019-06-17 21:05:31,180 INFO  server.RaftServerConfigKeys (ConfUtils.java:logGet(43)) - raft.server.log.statemachine.data.sync.timeout.retry = -1 (default)
2019-06-17 21:05:31,177 INFO  server.RaftServerConfigKeys (ConfUtils.java:logGet(43)) - raft.server.snapshot.auto.trigger.threshold = 10000 (custom)
2019-06-17 21:05:31,188 INFO  server.RaftServerConfigKeys (ConfUtils.java:logGet(43)) - raft.server.retrycache.expirytime = 600000ms (custom)
2019-06-17 21:05:31,188 INFO  util.JmxRegister (JmxRegister.java:tryRegister(44)) - Successfully registered JMX Bean with object name Ratis:service=RaftServer,group=group-B7D41F3A1BE1,id=304b8175-2dc1-486f-8c2c-80e11ee3f8b0
2019-06-17 21:05:31,188 INFO  server.RaftServerConfigKeys (ConfUtils.java:logGet(43)) - raft.server.log.statemachine.data.caching.enabled = true (custom)
2019-06-17 21:05:31,188 INFO  impl.RaftServerImpl (RaftServerImpl.java:start(173)) - 72118071-fbf0-4ea5-bd03-a53b480c9686: start group-B7D41F3A1BE1
2019-06-17 21:05:31,189 INFO  impl.RaftServerImpl (RaftServerImpl.java:setRole(164)) - 72118071-fbf0-4ea5-bd03-a53b480c9686:group-B7D41F3A1BE1 changes role from null to FOLLOWER at term 0 for startAsFollower
2019-06-17 21:05:31,189 INFO  impl.RoleInfo (RoleInfo.java:updateAndGet(143)) - 72118071-fbf0-4ea5-bd03-a53b480c9686: start FollowerState
2019-06-17 21:05:31,189 INFO  server.RaftServerConfigKeys (ConfUtils.java:logGet(43)) - raft.server.snapshot.auto.trigger.enabled = true (custom)
2019-06-17 21:05:31,189 INFO  server.RaftServerConfigKeys (ConfUtils.java:logGet(43)) - raft.server.snapshot.auto.trigger.threshold = 10000 (custom)
2019-06-17 21:05:31,190 INFO  util.JmxRegister (JmxRegister.java:tryRegister(44)) - Successfully registered JMX Bean with object name Ratis:service=RaftServer,group=group-B7D41F3A1BE1,id=72118071-fbf0-4ea5-bd03-a53b480c9686
2019-06-17 21:05:31,190 INFO  server.RaftServerConfigKeys (ConfUtils.java:logGet(43)) - raft.server.retrycache.expirytime = 600000ms (custom)
2019-06-17 21:05:31,195 INFO  impl.RaftServerImpl (RaftServerImpl.java:start(173)) - 5e67044a-ef5c-4276-a0f1-c429ed621be7: start group-B7D41F3A1BE1
2019-06-17 21:05:31,195 INFO  impl.RaftServerImpl (RaftServerImpl.java:setRole(164)) - 5e67044a-ef5c-4276-a0f1-c429ed621be7:group-B7D41F3A1BE1 changes role from null to FOLLOWER at term 0 for startAsFollower
2019-06-17 21:05:31,195 INFO  impl.RoleInfo (RoleInfo.java:updateAndGet(143)) - 5e67044a-ef5c-4276-a0f1-c429ed621be7: start FollowerState
2019-06-17 21:05:31,196 INFO  util.JmxRegister (JmxRegister.java:tryRegister(44)) - Successfully registered JMX Bean with object name Ratis:service=RaftServer,group=group-B7D41F3A1BE1,id=5e67044a-ef5c-4276-a0f1-c429ed621be7
2019-06-17 21:05:31,217 INFO  pipeline.PipelineStateManager (PipelineStateManager.java:addPipeline(56)) - Created pipeline Pipeline[ Id: ae79eaac-df61-493e-9e81-b7d41f3a1be1, Nodes: 72118071-fbf0-4ea5-bd03-a53b480c9686{ip: 192.168.134.96, host: ozone-unit-076618677d38kpfn-3395997600, networkLocation: /default-rack, certSerialId: null}5e67044a-ef5c-4276-a0f1-c429ed621be7{ip: 192.168.134.96, host: ozone-unit-076618677d38kpfn-3395997600, networkLocation: /default-rack, certSerialId: null}304b8175-2dc1-486f-8c2c-80e11ee3f8b0{ip: 192.168.134.96, host: ozone-unit-076618677d38kpfn-3395997600, networkLocation: /default-rack, certSerialId: null}, Type:RATIS, Factor:THREE, State:OPEN]
2019-06-17 21:05:31,702 INFO  ozone.MiniOzoneClusterImpl (MiniOzoneClusterImpl.java:lambda$waitForClusterToBeReady$0(142)) - Cluster is ready. Got 3 of 3 DN Heartbeats.
2019-06-17 21:05:31,777 INFO  impl.FollowerState (FollowerState.java:run(101)) - 72118071-fbf0-4ea5-bd03-a53b480c9686:group-DA2262950A14 changes to CANDIDATE, lastRpcTime:1018, electionTimeout:1018ms
2019-06-17 21:05:31,778 INFO  impl.RoleInfo (RoleInfo.java:shutdownFollowerState(121)) - 72118071-fbf0-4ea5-bd03-a53b480c9686: shutdown FollowerState
2019-06-17 21:05:31,778 INFO  impl.RaftServerImpl (RaftServerImpl.java:setRole(164)) - 72118071-fbf0-4ea5-bd03-a53b480c9686:group-DA2262950A14 changes role from FOLLOWER to CANDIDATE at term 0 for changeToCandidate
2019-06-17 21:05:31,780 INFO  impl.RoleInfo (RoleInfo.java:updateAndGet(143)) - 72118071-fbf0-4ea5-bd03-a53b480c9686: start LeaderElection
2019-06-17 21:05:31,786 INFO  impl.LeaderElection (LeaderElection.java:askForVotes(181)) - 72118071-fbf0-4ea5-bd03-a53b480c9686:group-DA2262950A14:LeaderElection1: begin an election at term 1 for -1: [72118071-fbf0-4ea5-bd03-a53b480c9686:192.168.134.96:41659], old=null
2019-06-17 21:05:31,787 INFO  impl.RoleInfo (RoleInfo.java:shutdownLeaderElection(134)) - 72118071-fbf0-4ea5-bd03-a53b480c9686: shutdown LeaderElection
2019-06-17 21:05:31,788 INFO  impl.RaftServerImpl (RaftServerImpl.java:setRole(164)) - 72118071-fbf0-4ea5-bd03-a53b480c9686:group-DA2262950A14 changes role from CANDIDATE to LEADER at term 1 for changeToLeader
2019-06-17 21:05:31,788 INFO  impl.RaftServerImpl (ServerState.java:setLeader(263)) - 72118071-fbf0-4ea5-bd03-a53b480c9686:group-DA2262950A14 change Leader from null to 72118071-fbf0-4ea5-bd03-a53b480c9686 at term 1 for becomeLeader, leader elected after 1084ms
2019-06-17 21:05:31,792 INFO  server.RaftServerConfigKeys (ConfUtils.java:logGet(43)) - raft.server.staging.catchup.gap = 1000 (default)
2019-06-17 21:05:31,792 INFO  server.RaftServerConfigKeys (ConfUtils.java:logGet(43)) - raft.server.rpc.sleep.time = 25ms (default)
2019-06-17 21:05:31,794 INFO  server.RaftServerConfigKeys (ConfUtils.java:logGet(43)) - raft.server.watch.timeout = 10s (default)
2019-06-17 21:05:31,795 INFO  server.RaftServerConfigKeys (ConfUtils.java:logGet(43)) - raft.server.watch.timeout.denomination = 1s (default)
2019-06-17 21:05:31,801 INFO  impl.RoleInfo (RoleInfo.java:updateAndGet(143)) - 72118071-fbf0-4ea5-bd03-a53b480c9686: start LeaderState
2019-06-17 21:05:31,818 INFO  storage.RaftLogWorker (RaftLogWorker.java:startLogSegment(298)) - 72118071-fbf0-4ea5-bd03-a53b480c9686-RaftLogWorker: Starting segment from index:0
2019-06-17 21:05:31,842 INFO  impl.RaftServerImpl (ServerState.java:setRaftConf(361)) - 72118071-fbf0-4ea5-bd03-a53b480c9686:group-DA2262950A14 set configuration 0: [72118071-fbf0-4ea5-bd03-a53b480c9686:192.168.134.96:41659], old=null at 0
2019-06-17 21:05:32,018 INFO  storage.RaftLogWorker (RaftLogWorker.java:execute(469)) - 72118071-fbf0-4ea5-bd03-a53b480c9686-RaftLogWorker: created new log segment /opt/src/hadoop-ozone/tools/target/test-dir/MiniOzoneClusterImpl-f521264a-2c93-42ed-b45c-3cc3700eb292/datanode-0/data/ratis/3fffc3fc-bbfe-454d-9e65-da2262950a14/current/log_inprogress_0
2019-06-17 21:05:32,151 INFO  freon.RandomKeyGenerator (RandomKeyGenerator.java:call(261)) - Number of Threads: 10
2019-06-17 21:05:32,152 INFO  freon.RandomKeyGenerator (RandomKeyGenerator.java:call(267)) - Number of Volumes: 1.
2019-06-17 21:05:32,152 INFO  freon.RandomKeyGenerator (RandomKeyGenerator.java:call(268)) - Number of Buckets per Volume: 1.
2019-06-17 21:05:32,152 INFO  freon.RandomKeyGenerator (RandomKeyGenerator.java:call(269)) - Number of Keys per Bucket: 1.
2019-06-17 21:05:32,152 INFO  freon.RandomKeyGenerator (RandomKeyGenerator.java:call(270)) - Key size: 20971520 bytes
2019-06-17 21:05:32,153 INFO  freon.RandomKeyGenerator (RandomKeyGenerator.java:call(271)) - Buffer size: 4096 bytes
2019-06-17 21:05:32,156 INFO  freon.RandomKeyGenerator (RandomKeyGenerator.java:call(287)) - Data validation is enabled.
2019-06-17 21:05:32,158 INFO  freon.RandomKeyGenerator (RandomKeyGenerator.java:call(300)) - Starting progress bar Thread.

 0.00% |█                                                                                                    |  0/1 Time: 0:00:002019-06-17 21:05:32,163 INFO  impl.FollowerState (FollowerState.java:run(101)) - 5e67044a-ef5c-4276-a0f1-c429ed621be7:group-80F410965A60 changes to CANDIDATE, lastRpcTime:1100, electionTimeout:1100ms
2019-06-17 21:05:32,164 INFO  impl.RoleInfo (RoleInfo.java:shutdownFollowerState(121)) - 5e67044a-ef5c-4276-a0f1-c429ed621be7: shutdown FollowerState
2019-06-17 21:05:32,164 INFO  impl.RaftServerImpl (RaftServerImpl.java:setRole(164)) - 5e67044a-ef5c-4276-a0f1-c429ed621be7:group-80F410965A60 changes role from FOLLOWER to CANDIDATE at term 0 for changeToCandidate
2019-06-17 21:05:32,165 INFO  impl.RoleInfo (RoleInfo.java:updateAndGet(143)) - 5e67044a-ef5c-4276-a0f1-c429ed621be7: start LeaderElection
2019-06-17 21:05:32,172 INFO  impl.LeaderElection (LeaderElection.java:askForVotes(181)) - 5e67044a-ef5c-4276-a0f1-c429ed621be7:group-80F410965A60:LeaderElection2: begin an election at term 1 for -1: [5e67044a-ef5c-4276-a0f1-c429ed621be7:192.168.134.96:44351], old=null
2019-06-17 21:05:32,173 INFO  impl.RoleInfo (RoleInfo.java:shutdownLeaderElection(134)) - 5e67044a-ef5c-4276-a0f1-c429ed621be7: shutdown LeaderElection
2019-06-17 21:05:32,173 INFO  impl.RaftServerImpl (RaftServerImpl.java:setRole(164)) - 5e67044a-ef5c-4276-a0f1-c429ed621be7:group-80F410965A60 changes role from CANDIDATE to LEADER at term 1 for changeToLeader
2019-06-17 21:05:32,173 INFO  impl.RaftServerImpl (ServerState.java:setLeader(263)) - 5e67044a-ef5c-4276-a0f1-c429ed621be7:group-80F410965A60 change Leader from null to 5e67044a-ef5c-4276-a0f1-c429ed621be7 at term 1 for becomeLeader, leader elected after 1114ms
2019-06-17 21:05:32,173 INFO  server.RaftServerConfigKeys (ConfUtils.java:logGet(43)) - raft.server.staging.catchup.gap = 1000 (default)
2019-06-17 21:05:32,173 INFO  server.RaftServerConfigKeys (ConfUtils.java:logGet(43)) - raft.server.rpc.sleep.time = 25ms (default)
2019-06-17 21:05:32,174 INFO  server.RaftServerConfigKeys (ConfUtils.java:logGet(43)) - raft.server.watch.timeout = 10s (default)
2019-06-17 21:05:32,174 INFO  server.RaftServerConfigKeys (ConfUtils.java:logGet(43)) - raft.server.watch.timeout.denomination = 1s (default)
2019-06-17 21:05:32,174 INFO  impl.RoleInfo (RoleInfo.java:updateAndGet(143)) - 5e67044a-ef5c-4276-a0f1-c429ed621be7: start LeaderState
2019-06-17 21:05:32,174 INFO  storage.RaftLogWorker (RaftLogWorker.java:startLogSegment(298)) - 5e67044a-ef5c-4276-a0f1-c429ed621be7-RaftLogWorker: Starting segment from index:0
2019-06-17 21:05:32,175 INFO  impl.RaftServerImpl (ServerState.java:setRaftConf(361)) - 5e67044a-ef5c-4276-a0f1-c429ed621be7:group-80F410965A60 set configuration 0: [5e67044a-ef5c-4276-a0f1-c429ed621be7:192.168.134.96:44351], old=null at 0
2019-06-17 21:05:32,221 INFO  storage.RaftLogWorker (RaftLogWorker.java:execute(469)) - 5e67044a-ef5c-4276-a0f1-c429ed621be7-RaftLogWorker: created new log segment /opt/src/hadoop-ozone/tools/target/test-dir/MiniOzoneClusterImpl-f521264a-2c93-42ed-b45c-3cc3700eb292/datanode-1/data/ratis/667ad285-6cf5-4c19-b38d-80f410965a60/current/log_inprogress_0
2019-06-17 21:05:32,227 INFO  rpc.RpcClient (RpcClient.java:createVolume(289)) - Creating Volume: vol-0-38897, with jenkins1000 as owner.
2019-06-17 21:05:32,258 INFO  rpc.RpcClient (RpcClient.java:createBucket(426)) - Creating Bucket: vol-0-38897/bucket-0-47496, with Versioning false and Storage Type set to DISK and Encryption set to false 
2019-06-17 21:05:32,261 INFO  impl.FollowerState (FollowerState.java:run(101)) - 304b8175-2dc1-486f-8c2c-80e11ee3f8b0:group-B7D41F3A1BE1 changes to CANDIDATE, lastRpcTime:1084, electionTimeout:1073ms
2019-06-17 21:05:32,262 INFO  impl.RoleInfo (RoleInfo.java:shutdownFollowerState(121)) - 304b8175-2dc1-486f-8c2c-80e11ee3f8b0: shutdown FollowerState
2019-06-17 21:05:32,262 INFO  impl.RaftServerImpl (RaftServerImpl.java:setRole(164)) - 304b8175-2dc1-486f-8c2c-80e11ee3f8b0:group-B7D41F3A1BE1 changes role from FOLLOWER to CANDIDATE at term 0 for changeToCandidate
2019-06-17 21:05:32,262 INFO  impl.RoleInfo (RoleInfo.java:updateAndGet(143)) - 304b8175-2dc1-486f-8c2c-80e11ee3f8b0: start LeaderElection
2019-06-17 21:05:32,271 INFO  impl.LeaderElection (LeaderElection.java:askForVotes(181)) - 304b8175-2dc1-486f-8c2c-80e11ee3f8b0:group-B7D41F3A1BE1:LeaderElection3: begin an election at term 1 for -1: [72118071-fbf0-4ea5-bd03-a53b480c9686:192.168.134.96:41659, 5e67044a-ef5c-4276-a0f1-c429ed621be7:192.168.134.96:44351, 304b8175-2dc1-486f-8c2c-80e11ee3f8b0:192.168.134.96:38717], old=null
2019-06-17 21:05:32,282 INFO  impl.FollowerState (FollowerState.java:run(101)) - 304b8175-2dc1-486f-8c2c-80e11ee3f8b0:group-008B3E801C97 changes to CANDIDATE, lastRpcTime:1169, electionTimeout:1169ms
2019-06-17 21:05:32,284 INFO  impl.RoleInfo (RoleInfo.java:shutdownFollowerState(121)) - 304b8175-2dc1-486f-8c2c-80e11ee3f8b0: shutdown FollowerState
2019-06-17 21:05:32,284 INFO  impl.RaftServerImpl (RaftServerImpl.java:setRole(164)) - 304b8175-2dc1-486f-8c2c-80e11ee3f8b0:group-008B3E801C97 changes role from FOLLOWER to CANDIDATE at term 0 for changeToCandidate
2019-06-17 21:05:32,285 INFO  impl.RoleInfo (RoleInfo.java:updateAndGet(143)) - 304b8175-2dc1-486f-8c2c-80e11ee3f8b0: start LeaderElection
2019-06-17 21:05:32,297 INFO  impl.LeaderElection (LeaderElection.java:askForVotes(181)) - 304b8175-2dc1-486f-8c2c-80e11ee3f8b0:group-008B3E801C97:LeaderElection4: begin an election at term 1 for -1: [304b8175-2dc1-486f-8c2c-80e11ee3f8b0:192.168.134.96:38717], old=null
2019-06-17 21:05:32,297 INFO  impl.RoleInfo (RoleInfo.java:shutdownLeaderElection(134)) - 304b8175-2dc1-486f-8c2c-80e11ee3f8b0: shutdown LeaderElection
2019-06-17 21:05:32,297 INFO  impl.RaftServerImpl (RaftServerImpl.java:setRole(164)) - 304b8175-2dc1-486f-8c2c-80e11ee3f8b0:group-008B3E801C97 changes role from CANDIDATE to LEADER at term 1 for changeToLeader
2019-06-17 21:05:32,297 INFO  impl.RaftServerImpl (ServerState.java:setLeader(263)) - 304b8175-2dc1-486f-8c2c-80e11ee3f8b0:group-008B3E801C97 change Leader from null to 304b8175-2dc1-486f-8c2c-80e11ee3f8b0 at term 1 for becomeLeader, leader elected after 1188ms
2019-06-17 21:05:32,298 INFO  server.RaftServerConfigKeys (ConfUtils.java:logGet(43)) - raft.server.staging.catchup.gap = 1000 (default)
2019-06-17 21:05:32,298 INFO  server.RaftServerConfigKeys (ConfUtils.java:logGet(43)) - raft.server.rpc.sleep.time = 25ms (default)
2019-06-17 21:05:32,298 INFO  server.RaftServerConfigKeys (ConfUtils.java:logGet(43)) - raft.server.watch.timeout = 10s (default)
2019-06-17 21:05:32,298 INFO  server.RaftServerConfigKeys (ConfUtils.java:logGet(43)) - raft.server.watch.timeout.denomination = 1s (default)
2019-06-17 21:05:32,298 INFO  impl.RoleInfo (RoleInfo.java:updateAndGet(143)) - 304b8175-2dc1-486f-8c2c-80e11ee3f8b0: start LeaderState
2019-06-17 21:05:32,299 INFO  storage.RaftLogWorker (RaftLogWorker.java:startLogSegment(298)) - 304b8175-2dc1-486f-8c2c-80e11ee3f8b0-RaftLogWorker: Starting segment from index:0
2019-06-17 21:05:32,302 INFO  impl.RaftServerImpl (ServerState.java:setRaftConf(361)) - 304b8175-2dc1-486f-8c2c-80e11ee3f8b0:group-008B3E801C97 set configuration 0: [304b8175-2dc1-486f-8c2c-80e11ee3f8b0:192.168.134.96:38717], old=null at 0
2019-06-17 21:05:32,325 INFO  impl.RaftServerImpl (RaftServerImpl.java:setRole(164)) - 5e67044a-ef5c-4276-a0f1-c429ed621be7:group-B7D41F3A1BE1 changes role from FOLLOWER to FOLLOWER at term 1 for recognizeCandidate:304b8175-2dc1-486f-8c2c-80e11ee3f8b0
2019-06-17 21:05:32,325 INFO  impl.RoleInfo (RoleInfo.java:shutdownFollowerState(121)) - 5e67044a-ef5c-4276-a0f1-c429ed621be7: shutdown FollowerState
2019-06-17 21:05:32,326 INFO  impl.RoleInfo (RoleInfo.java:updateAndGet(143)) - 5e67044a-ef5c-4276-a0f1-c429ed621be7: start FollowerState
2019-06-17 21:05:32,326 INFO  impl.FollowerState (FollowerState.java:run(109)) - 5e67044a-ef5c-4276-a0f1-c429ed621be7: FollowerState was interrupted: java.lang.InterruptedException: sleep interrupted
2019-06-17 21:05:32,340 INFO  impl.FollowerState (FollowerState.java:run(101)) - 72118071-fbf0-4ea5-bd03-a53b480c9686:group-B7D41F3A1BE1 changes to CANDIDATE, lastRpcTime:1150, electionTimeout:1144ms
2019-06-17 21:05:32,340 INFO  impl.RoleInfo (RoleInfo.java:shutdownFollowerState(121)) - 72118071-fbf0-4ea5-bd03-a53b480c9686: shutdown FollowerState
2019-06-17 21:05:32,340 INFO  impl.RaftServerImpl (RaftServerImpl.java:setRole(164)) - 72118071-fbf0-4ea5-bd03-a53b480c9686:group-B7D41F3A1BE1 changes role from FOLLOWER to CANDIDATE at term 0 for changeToCandidate
2019-06-17 21:05:32,340 INFO  impl.RoleInfo (RoleInfo.java:updateAndGet(143)) - 72118071-fbf0-4ea5-bd03-a53b480c9686: start LeaderElection
2019-06-17 21:05:32,368 INFO  impl.RaftServerImpl (RaftServerImpl.java:setRole(164)) - 72118071-fbf0-4ea5-bd03-a53b480c9686:group-B7D41F3A1BE1 changes role from CANDIDATE to FOLLOWER at term 1 for recognizeCandidate:304b8175-2dc1-486f-8c2c-80e11ee3f8b0
2019-06-17 21:05:32,368 INFO  impl.RoleInfo (RoleInfo.java:shutdownLeaderElection(134)) - 72118071-fbf0-4ea5-bd03-a53b480c9686: shutdown LeaderElection
2019-06-17 21:05:32,368 INFO  impl.RoleInfo (RoleInfo.java:updateAndGet(143)) - 72118071-fbf0-4ea5-bd03-a53b480c9686: start FollowerState
2019-06-17 21:05:32,369 INFO  storage.RaftLogWorker (RaftLogWorker.java:execute(469)) - 304b8175-2dc1-486f-8c2c-80e11ee3f8b0-RaftLogWorker: created new log segment /opt/src/hadoop-ozone/tools/target/test-dir/MiniOzoneClusterImpl-f521264a-2c93-42ed-b45c-3cc3700eb292/datanode-2/data/ratis/d51194cc-05ec-4b7e-b4c6-008b3e801c97/current/log_inprogress_0
2019-06-17 21:05:32,380 INFO  impl.LeaderElection (LeaderElection.java:askForVotes(181)) - 72118071-fbf0-4ea5-bd03-a53b480c9686:group-B7D41F3A1BE1:LeaderElection5: begin an election at term 2 for -1: [72118071-fbf0-4ea5-bd03-a53b480c9686:192.168.134.96:41659, 5e67044a-ef5c-4276-a0f1-c429ed621be7:192.168.134.96:44351, 304b8175-2dc1-486f-8c2c-80e11ee3f8b0:192.168.134.96:38717], old=null
2019-06-17 21:05:32,382 INFO  impl.LeaderElection (LeaderElection.java:logAndReturn(56)) - 304b8175-2dc1-486f-8c2c-80e11ee3f8b0:group-B7D41F3A1BE1:LeaderElection3: Election PASSED; received 1 response(s) [304b8175-2dc1-486f-8c2c-80e11ee3f8b0->5e67044a-ef5c-4276-a0f1-c429ed621be7,true-t1] and 0 exception(s); 304b8175-2dc1-486f-8c2c-80e11ee3f8b0:t1, leader=null, voted=304b8175-2dc1-486f-8c2c-80e11ee3f8b0, raftlog=304b8175-2dc1-486f-8c2c-80e11ee3f8b0-SegmentedRaftLog:OPENED:c-1,f-1,i0, conf=-1: [72118071-fbf0-4ea5-bd03-a53b480c9686:192.168.134.96:41659, 5e67044a-ef5c-4276-a0f1-c429ed621be7:192.168.134.96:44351, 304b8175-2dc1-486f-8c2c-80e11ee3f8b0:192.168.134.96:38717], old=null
2019-06-17 21:05:32,384 INFO  impl.RoleInfo (RoleInfo.java:shutdownLeaderElection(134)) - 304b8175-2dc1-486f-8c2c-80e11ee3f8b0: shutdown LeaderElection
2019-06-17 21:05:32,387 INFO  impl.LeaderElection (LeaderElection.java:logAndReturn(56)) - 72118071-fbf0-4ea5-bd03-a53b480c9686:group-B7D41F3A1BE1:LeaderElection5: Election REJECTED; received 0 response(s) [] and 0 exception(s); 72118071-fbf0-4ea5-bd03-a53b480c9686:t2, leader=null, voted=72118071-fbf0-4ea5-bd03-a53b480c9686, raftlog=72118071-fbf0-4ea5-bd03-a53b480c9686-SegmentedRaftLog:OPENED:c-1,f-1,i0, conf=-1: [72118071-fbf0-4ea5-bd03-a53b480c9686:192.168.134.96:41659, 5e67044a-ef5c-4276-a0f1-c429ed621be7:192.168.134.96:44351, 304b8175-2dc1-486f-8c2c-80e11ee3f8b0:192.168.134.96:38717], old=null
2019-06-17 21:05:32,389 INFO  impl.RaftServerImpl (RaftServerImpl.java:setRole(164)) - 304b8175-2dc1-486f-8c2c-80e11ee3f8b0:group-B7D41F3A1BE1 changes role from CANDIDATE to LEADER at term 1 for changeToLeader
2019-06-17 21:05:32,389 INFO  impl.RaftServerImpl (ServerState.java:setLeader(263)) - 304b8175-2dc1-486f-8c2c-80e11ee3f8b0:group-B7D41F3A1BE1 change Leader from null to 304b8175-2dc1-486f-8c2c-80e11ee3f8b0 at term 1 for becomeLeader, leader elected after 1219ms
2019-06-17 21:05:32,389 INFO  server.RaftServerConfigKeys (ConfUtils.java:logGet(43)) - raft.server.staging.catchup.gap = 1000 (default)
2019-06-17 21:05:32,389 INFO  server.RaftServerConfigKeys (ConfUtils.java:logGet(43)) - raft.server.rpc.sleep.time = 25ms (default)
2019-06-17 21:05:32,394 INFO  server.RaftServerConfigKeys (ConfUtils.java:logGet(43)) - raft.server.watch.timeout = 10s (default)
2019-06-17 21:05:32,394 INFO  server.RaftServerConfigKeys (ConfUtils.java:logGet(43)) - raft.server.watch.timeout.denomination = 1s (default)
2019-06-17 21:05:32,401 INFO  server.RaftServerConfigKeys (ConfUtils.java:logGet(43)) - raft.server.log.appender.snapshot.chunk.size.max = 16MB (=16777216) (default)
2019-06-17 21:05:32,401 INFO  server.RaftServerConfigKeys (ConfUtils.java:logGet(43)) - raft.server.log.appender.buffer.byte-limit = 33554432 (custom)
2019-06-17 21:05:32,401 INFO  server.RaftServerConfigKeys (ConfUtils.java:logGet(43)) - raft.server.log.appender.buffer.element-limit = 1 (custom)
2019-06-17 21:05:32,403 INFO  grpc.GrpcConfigKeys$Server (ConfUtils.java:logGet(43)) - raft.grpc.server.leader.outstanding.appends.max = 128 (default)
2019-06-17 21:05:32,403 INFO  server.RaftServerConfigKeys (ConfUtils.java:logGet(43)) - raft.server.rpc.request.timeout = 3000ms (default)
2019-06-17 21:05:32,403 INFO  server.RaftServerConfigKeys (ConfUtils.java:logGet(43)) - raft.server.log.appender.install.snapshot.enabled = true (default)
2019-06-17 21:05:32,403 INFO  server.RaftServerConfigKeys (ConfUtils.java:logGet(43)) - raft.server.log.appender.snapshot.chunk.size.max = 16MB (=16777216) (default)
2019-06-17 21:05:32,404 INFO  server.RaftServerConfigKeys (ConfUtils.java:logGet(43)) - raft.server.log.appender.buffer.byte-limit = 33554432 (custom)
2019-06-17 21:05:32,404 INFO  server.RaftServerConfigKeys (ConfUtils.java:logGet(43)) - raft.server.log.appender.buffer.element-limit = 1 (custom)
2019-06-17 21:05:32,404 INFO  grpc.GrpcConfigKeys$Server (ConfUtils.java:logGet(43)) - raft.grpc.server.leader.outstanding.appends.max = 128 (default)
2019-06-17 21:05:32,404 INFO  server.RaftServerConfigKeys (ConfUtils.java:logGet(43)) - raft.server.rpc.request.timeout = 3000ms (default)
2019-06-17 21:05:32,404 INFO  server.RaftServerConfigKeys (ConfUtils.java:logGet(43)) - raft.server.log.appender.install.snapshot.enabled = true (default)
2019-06-17 21:05:32,404 INFO  impl.RoleInfo (RoleInfo.java:updateAndGet(143)) - 304b8175-2dc1-486f-8c2c-80e11ee3f8b0: start LeaderState
2019-06-17 21:05:32,405 INFO  storage.RaftLogWorker (RaftLogWorker.java:startLogSegment(298)) - 304b8175-2dc1-486f-8c2c-80e11ee3f8b0-RaftLogWorker: Starting segment from index:0
2019-06-17 21:05:32,411 INFO  impl.RaftServerImpl (ServerState.java:setRaftConf(361)) - 304b8175-2dc1-486f-8c2c-80e11ee3f8b0:group-B7D41F3A1BE1 set configuration 0: [72118071-fbf0-4ea5-bd03-a53b480c9686:192.168.134.96:41659, 5e67044a-ef5c-4276-a0f1-c429ed621be7:192.168.134.96:44351, 304b8175-2dc1-486f-8c2c-80e11ee3f8b0:192.168.134.96:38717], old=null at 0
2019-06-17 21:05:32,446 INFO  storage.RaftLogWorker (RaftLogWorker.java:execute(469)) - 304b8175-2dc1-486f-8c2c-80e11ee3f8b0-RaftLogWorker: created new log segment /opt/src/hadoop-ozone/tools/target/test-dir/MiniOzoneClusterImpl-f521264a-2c93-42ed-b45c-3cc3700eb292/datanode-2/data/ratis/ae79eaac-df61-493e-9e81-b7d41f3a1be1/current/log_inprogress_0
2019-06-17 21:05:32,453 INFO  impl.RaftServerImpl (RaftServerImpl.java:setRole(164)) - 5e67044a-ef5c-4276-a0f1-c429ed621be7:group-B7D41F3A1BE1 changes role from FOLLOWER to FOLLOWER at term 2 for recognizeCandidate:72118071-fbf0-4ea5-bd03-a53b480c9686
2019-06-17 21:05:32,454 INFO  impl.RoleInfo (RoleInfo.java:shutdownFollowerState(121)) - 5e67044a-ef5c-4276-a0f1-c429ed621be7: shutdown FollowerState
2019-06-17 21:05:32,454 INFO  impl.FollowerState (FollowerState.java:run(109)) - 5e67044a-ef5c-4276-a0f1-c429ed621be7: FollowerState was interrupted: java.lang.InterruptedException: sleep interrupted
2019-06-17 21:05:32,454 INFO  impl.RoleInfo (RoleInfo.java:updateAndGet(143)) - 5e67044a-ef5c-4276-a0f1-c429ed621be7: start FollowerState
2019-06-17 21:05:32,458 INFO  impl.RaftServerImpl (ServerState.java:setLeader(263)) - 304b8175-2dc1-486f-8c2c-80e11ee3f8b0:group-B7D41F3A1BE1 change Leader from 304b8175-2dc1-486f-8c2c-80e11ee3f8b0 to null at term 2 for updateCurrentTerm
2019-06-17 21:05:32,459 INFO  impl.RaftServerImpl (RaftServerImpl.java:setRole(164)) - 304b8175-2dc1-486f-8c2c-80e11ee3f8b0:group-B7D41F3A1BE1 changes role from LEADER to FOLLOWER at term 2 for recognizeCandidate:72118071-fbf0-4ea5-bd03-a53b480c9686
2019-06-17 21:05:32,459 INFO  impl.RoleInfo (RoleInfo.java:shutdownLeaderState(104)) - 304b8175-2dc1-486f-8c2c-80e11ee3f8b0: shutdown LeaderState
2019-06-17 21:05:32,459 INFO  impl.PendingRequests (PendingRequests.java:sendNotLeaderResponses(140)) - 304b8175-2dc1-486f-8c2c-80e11ee3f8b0-PendingRequests: sendNotLeaderResponses
2019-06-17 21:05:32,463 WARN  server.GrpcLogAppender (GrpcLogAppender.java:mayWait(142)) - GrpcLogAppender(304b8175-2dc1-486f-8c2c-80e11ee3f8b0 -> 5e67044a-ef5c-4276-a0f1-c429ed621be7): Wait interrupted by java.lang.InterruptedException
2019-06-17 21:05:32,465 INFO  impl.RoleInfo (RoleInfo.java:updateAndGet(143)) - 304b8175-2dc1-486f-8c2c-80e11ee3f8b0: start FollowerState
2019-06-17 21:05:32,465 WARN  server.GrpcLogAppender (GrpcLogAppender.java:mayWait(142)) - GrpcLogAppender(304b8175-2dc1-486f-8c2c-80e11ee3f8b0 -> 72118071-fbf0-4ea5-bd03-a53b480c9686): Wait interrupted by java.lang.InterruptedException
2019-06-17 21:05:32,471 INFO  server.GrpcServerProtocolService (GrpcServerProtocolService.java:onCompleted(104)) - 5e67044a-ef5c-4276-a0f1-c429ed621be7: appendEntries completed
2019-06-17 21:05:32,473 INFO  server.GrpcServerProtocolService (GrpcServerProtocolService.java:onCompleted(104)) - 72118071-fbf0-4ea5-bd03-a53b480c9686: appendEntries completed
2019-06-17 21:05:32,474 INFO  server.GrpcLogAppender (GrpcLogAppender.java:onCompleted(277)) - 304b8175-2dc1-486f-8c2c-80e11ee3f8b0: follower 304b8175-2dc1-486f-8c2c-80e11ee3f8b0->5e67044a-ef5c-4276-a0f1-c429ed621be7(c-1,m0,n0, attendVote=true, lastRpcSendTime=11, lastRpcResponseTime=2) response Completed
2019-06-17 21:05:32,477 INFO  impl.FollowerInfo (FollowerInfo.java:lambda$new$0(50)) - 304b8175-2dc1-486f-8c2c-80e11ee3f8b0->5e67044a-ef5c-4276-a0f1-c429ed621be7: nextIndex: updateUnconditionally 0 -> 0
2019-06-17 21:05:32,479 INFO  server.GrpcLogAppender (GrpcLogAppender.java:onCompleted(277)) - 304b8175-2dc1-486f-8c2c-80e11ee3f8b0: follower 304b8175-2dc1-486f-8c2c-80e11ee3f8b0->72118071-fbf0-4ea5-bd03-a53b480c9686(c-1,m0,n0, attendVote=true, lastRpcSendTime=13, lastRpcResponseTime=0) response Completed
2019-06-17 21:05:32,479 INFO  impl.FollowerInfo (FollowerInfo.java:lambda$new$0(50)) - 304b8175-2dc1-486f-8c2c-80e11ee3f8b0->72118071-fbf0-4ea5-bd03-a53b480c9686: nextIndex: updateUnconditionally 0 -> 0
2019-06-17 21:05:32,653 INFO  client.GrpcClientProtocolClient (GrpcClientProtocolClient.java:onNext(254)) - client-7B65BD4DE4BE->72118071-fbf0-4ea5-bd03-a53b480c9686: receive RaftClientReply:client-7B65BD4DE4BE->72118071-fbf0-4ea5-bd03-a53b480c9686@group-B7D41F3A1BE1, cid=6, FAILED org.apache.ratis.protocol.NotLeaderException: Server 72118071-fbf0-4ea5-bd03-a53b480c9686 is not the leader (5e67044a-ef5c-4276-a0f1-c429ed621be7:192.168.134.96:44351). Request must be sent to leader., logIndex=0, commits[72118071-fbf0-4ea5-bd03-a53b480c9686:c-1]
2019-06-17 21:05:32,666 WARN  client.GrpcClientProtocolService (LogUtils.java:warn(134)) - 0-OrderedRequestStreamObserver0: onError: org.apache.ratis.thirdparty.io.grpc.StatusRuntimeException: CANCELLED: cancelled before receiving half close
 0.00% |█                                                                                                    |  0/1 Time: 0:00:012019-06-17 21:05:33,420 INFO  impl.FollowerState (FollowerState.java:run(101)) - 72118071-fbf0-4ea5-bd03-a53b480c9686:group-B7D41F3A1BE1 changes to CANDIDATE, lastRpcTime:1052, electionTimeout:1051ms
2019-06-17 21:05:33,422 INFO  impl.RoleInfo (RoleInfo.java:shutdownFollowerState(121)) - 72118071-fbf0-4ea5-bd03-a53b480c9686: shutdown FollowerState
2019-06-17 21:05:33,422 INFO  impl.RaftServerImpl (RaftServerImpl.java:setRole(164)) - 72118071-fbf0-4ea5-bd03-a53b480c9686:group-B7D41F3A1BE1 changes role from FOLLOWER to CANDIDATE at term 2 for changeToCandidate
2019-06-17 21:05:33,422 INFO  impl.RoleInfo (RoleInfo.java:updateAndGet(143)) - 72118071-fbf0-4ea5-bd03-a53b480c9686: start LeaderElection
2019-06-17 21:05:33,427 INFO  impl.LeaderElection (LeaderElection.java:askForVotes(181)) - 72118071-fbf0-4ea5-bd03-a53b480c9686:group-B7D41F3A1BE1:LeaderElection6: begin an election at term 3 for -1: [72118071-fbf0-4ea5-bd03-a53b480c9686:192.168.134.96:41659, 5e67044a-ef5c-4276-a0f1-c429ed621be7:192.168.134.96:44351, 304b8175-2dc1-486f-8c2c-80e11ee3f8b0:192.168.134.96:38717], old=null
2019-06-17 21:05:33,437 INFO  impl.RaftServerImpl (RaftServerImpl.java:setRole(164)) - 5e67044a-ef5c-4276-a0f1-c429ed621be7:group-B7D41F3A1BE1 changes role from FOLLOWER to FOLLOWER at term 3 for recognizeCandidate:72118071-fbf0-4ea5-bd03-a53b480c9686
2019-06-17 21:05:33,437 INFO  impl.RoleInfo (RoleInfo.java:shutdownFollowerState(121)) - 5e67044a-ef5c-4276-a0f1-c429ed621be7: shutdown FollowerState
2019-06-17 21:05:33,438 INFO  impl.RoleInfo (RoleInfo.java:updateAndGet(143)) - 5e67044a-ef5c-4276-a0f1-c429ed621be7: start FollowerState
2019-06-17 21:05:33,438 INFO  impl.FollowerState (FollowerState.java:run(109)) - 5e67044a-ef5c-4276-a0f1-c429ed621be7: FollowerState was interrupted: java.lang.InterruptedException: sleep interrupted
2019-06-17 21:05:33,444 INFO  impl.RaftServerImpl (RaftServerImpl.java:setRole(164)) - 304b8175-2dc1-486f-8c2c-80e11ee3f8b0:group-B7D41F3A1BE1 changes role from FOLLOWER to FOLLOWER at term 3 for recognizeCandidate:72118071-fbf0-4ea5-bd03-a53b480c9686
2019-06-17 21:05:33,444 INFO  impl.RoleInfo (RoleInfo.java:shutdownFollowerState(121)) - 304b8175-2dc1-486f-8c2c-80e11ee3f8b0: shutdown FollowerState
2019-06-17 21:05:33,444 INFO  impl.RoleInfo (RoleInfo.java:updateAndGet(143)) - 304b8175-2dc1-486f-8c2c-80e11ee3f8b0: start FollowerState
2019-06-17 21:05:33,444 INFO  impl.FollowerState (FollowerState.java:run(109)) - 304b8175-2dc1-486f-8c2c-80e11ee3f8b0: FollowerState was interrupted: java.lang.InterruptedException: sleep interrupted
2019-06-17 21:05:33,455 INFO  impl.LeaderElection (LeaderElection.java:logAndReturn(56)) - 72118071-fbf0-4ea5-bd03-a53b480c9686:group-B7D41F3A1BE1:LeaderElection6: Election PASSED; received 1 response(s) [72118071-fbf0-4ea5-bd03-a53b480c9686->5e67044a-ef5c-4276-a0f1-c429ed621be7,true-t3] and 0 exception(s); 72118071-fbf0-4ea5-bd03-a53b480c9686:t3, leader=null, voted=72118071-fbf0-4ea5-bd03-a53b480c9686, raftlog=72118071-fbf0-4ea5-bd03-a53b480c9686-SegmentedRaftLog:OPENED:c-1,f-1,i0, conf=-1: [72118071-fbf0-4ea5-bd03-a53b480c9686:192.168.134.96:41659, 5e67044a-ef5c-4276-a0f1-c429ed621be7:192.168.134.96:44351, 304b8175-2dc1-486f-8c2c-80e11ee3f8b0:192.168.134.96:38717], old=null
2019-06-17 21:05:33,455 INFO  impl.RoleInfo (RoleInfo.java:shutdownLeaderElection(134)) - 72118071-fbf0-4ea5-bd03-a53b480c9686: shutdown LeaderElection
2019-06-17 21:05:33,455 INFO  impl.RaftServerImpl (RaftServerImpl.java:setRole(164)) - 72118071-fbf0-4ea5-bd03-a53b480c9686:group-B7D41F3A1BE1 changes role from CANDIDATE to LEADER at term 3 for changeToLeader
2019-06-17 21:05:33,455 INFO  impl.RaftServerImpl (ServerState.java:setLeader(263)) - 72118071-fbf0-4ea5-bd03-a53b480c9686:group-B7D41F3A1BE1 change Leader from null to 72118071-fbf0-4ea5-bd03-a53b480c9686 at term 3 for becomeLeader, leader elected after 2282ms
2019-06-17 21:05:33,455 INFO  server.RaftServerConfigKeys (ConfUtils.java:logGet(43)) - raft.server.staging.catchup.gap = 1000 (default)
2019-06-17 21:05:33,455 INFO  server.RaftServerConfigKeys (ConfUtils.java:logGet(43)) - raft.server.rpc.sleep.time = 25ms (default)
2019-06-17 21:05:33,456 INFO  server.RaftServerConfigKeys (ConfUtils.java:logGet(43)) - raft.server.watch.timeout = 10s (default)
2019-06-17 21:05:33,456 INFO  server.RaftServerConfigKeys (ConfUtils.java:logGet(43)) - raft.server.watch.timeout.denomination = 1s (default)
2019-06-17 21:05:33,456 INFO  server.RaftServerConfigKeys (ConfUtils.java:logGet(43)) - raft.server.log.appender.snapshot.chunk.size.max = 16MB (=16777216) (default)
2019-06-17 21:05:33,456 INFO  server.RaftServerConfigKeys (ConfUtils.java:logGet(43)) - raft.server.log.appender.buffer.byte-limit = 33554432 (custom)
2019-06-17 21:05:33,456 INFO  server.RaftServerConfigKeys (ConfUtils.java:logGet(43)) - raft.server.log.appender.buffer.element-limit = 1 (custom)
2019-06-17 21:05:33,456 INFO  grpc.GrpcConfigKeys$Server (ConfUtils.java:logGet(43)) - raft.grpc.server.leader.outstanding.appends.max = 128 (default)
2019-06-17 21:05:33,456 INFO  server.RaftServerConfigKeys (ConfUtils.java:logGet(43)) - raft.server.rpc.request.timeout = 3000ms (default)
2019-06-17 21:05:33,457 INFO  server.RaftServerConfigKeys (ConfUtils.java:logGet(43)) - raft.server.log.appender.install.snapshot.enabled = true (default)
2019-06-17 21:05:33,457 INFO  server.RaftServerConfigKeys (ConfUtils.java:logGet(43)) - raft.server.log.appender.snapshot.chunk.size.max = 16MB (=16777216) (default)
2019-06-17 21:05:33,457 INFO  server.RaftServerConfigKeys (ConfUtils.java:logGet(43)) - raft.server.log.appender.buffer.byte-limit = 33554432 (custom)
2019-06-17 21:05:33,457 INFO  server.RaftServerConfigKeys (ConfUtils.java:logGet(43)) - raft.server.log.appender.buffer.element-limit = 1 (custom)
2019-06-17 21:05:33,457 INFO  grpc.GrpcConfigKeys$Server (ConfUtils.java:logGet(43)) - raft.grpc.server.leader.outstanding.appends.max = 128 (default)
2019-06-17 21:05:33,457 INFO  server.RaftServerConfigKeys (ConfUtils.java:logGet(43)) - raft.server.rpc.request.timeout = 3000ms (default)
2019-06-17 21:05:33,457 INFO  server.RaftServerConfigKeys (ConfUtils.java:logGet(43)) - raft.server.log.appender.install.snapshot.enabled = true (default)
2019-06-17 21:05:33,458 INFO  impl.RoleInfo (RoleInfo.java:updateAndGet(143)) - 72118071-fbf0-4ea5-bd03-a53b480c9686: start LeaderState
2019-06-17 21:05:33,458 INFO  storage.RaftLogWorker (RaftLogWorker.java:startLogSegment(298)) - 72118071-fbf0-4ea5-bd03-a53b480c9686-RaftLogWorker: Starting segment from index:0
2019-06-17 21:05:33,483 INFO  impl.RaftServerImpl (ServerState.java:setRaftConf(361)) - 72118071-fbf0-4ea5-bd03-a53b480c9686:group-B7D41F3A1BE1 set configuration 0: [72118071-fbf0-4ea5-bd03-a53b480c9686:192.168.134.96:41659, 5e67044a-ef5c-4276-a0f1-c429ed621be7:192.168.134.96:44351, 304b8175-2dc1-486f-8c2c-80e11ee3f8b0:192.168.134.96:38717], old=null at 0
2019-06-17 21:05:33,506 INFO  impl.RaftServerImpl (ServerState.java:setLeader(263)) - 304b8175-2dc1-486f-8c2c-80e11ee3f8b0:group-B7D41F3A1BE1 change Leader from null to 72118071-fbf0-4ea5-bd03-a53b480c9686 at term 3 for appendEntries, leader elected after 1047ms
2019-06-17 21:05:33,507 INFO  storage.RaftLogWorker (RaftLogWorker.java:execute(469)) - 72118071-fbf0-4ea5-bd03-a53b480c9686-RaftLogWorker: created new log segment /opt/src/hadoop-ozone/tools/target/test-dir/MiniOzoneClusterImpl-f521264a-2c93-42ed-b45c-3cc3700eb292/datanode-0/data/ratis/ae79eaac-df61-493e-9e81-b7d41f3a1be1/current/log_inprogress_0
2019-06-17 21:05:33,510 INFO  impl.RaftServerImpl (ServerState.java:setLeader(263)) - 5e67044a-ef5c-4276-a0f1-c429ed621be7:group-B7D41F3A1BE1 change Leader from null to 72118071-fbf0-4ea5-bd03-a53b480c9686 at term 3 for appendEntries, leader elected after 2332ms
2019-06-17 21:05:33,521 INFO  impl.RaftServerImpl (ServerState.java:setRaftConf(361)) - 304b8175-2dc1-486f-8c2c-80e11ee3f8b0:group-B7D41F3A1BE1 set configuration 0: [72118071-fbf0-4ea5-bd03-a53b480c9686:192.168.134.96:41659, 5e67044a-ef5c-4276-a0f1-c429ed621be7:192.168.134.96:44351, 304b8175-2dc1-486f-8c2c-80e11ee3f8b0:192.168.134.96:38717], old=null at 0
2019-06-17 21:05:33,521 INFO  impl.RaftServerImpl (ServerState.java:setRaftConf(361)) - 5e67044a-ef5c-4276-a0f1-c429ed621be7:group-B7D41F3A1BE1 set configuration 0: [72118071-fbf0-4ea5-bd03-a53b480c9686:192.168.134.96:41659, 5e67044a-ef5c-4276-a0f1-c429ed621be7:192.168.134.96:44351, 304b8175-2dc1-486f-8c2c-80e11ee3f8b0:192.168.134.96:38717], old=null at 0
2019-06-17 21:05:33,522 INFO  storage.RaftLogWorker (RaftLogWorker.java:startLogSegment(298)) - 5e67044a-ef5c-4276-a0f1-c429ed621be7-RaftLogWorker: Starting segment from index:0
2019-06-17 21:05:33,523 INFO  storage.RaftLogWorker (RaftLogWorker.java:truncate(314)) - 304b8175-2dc1-486f-8c2c-80e11ee3f8b0-RaftLogWorker: Truncating segments toTruncate: null
  toDelete: [(0, 0) isOpen? true, length=0, newEndIndex=-1], start index 0
2019-06-17 21:05:33,524 INFO  storage.RaftLogWorker (RaftLogWorker.java:startLogSegment(298)) - 304b8175-2dc1-486f-8c2c-80e11ee3f8b0-RaftLogWorker: Starting segment from index:0
2019-06-17 21:05:33,525 INFO  storage.RaftLogWorker (RaftLogWorker.java:execute(533)) - 304b8175-2dc1-486f-8c2c-80e11ee3f8b0-RaftLogWorker: Deleted log file /opt/src/hadoop-ozone/tools/target/test-dir/MiniOzoneClusterImpl-f521264a-2c93-42ed-b45c-3cc3700eb292/datanode-2/data/ratis/ae79eaac-df61-493e-9e81-b7d41f3a1be1/current/log_inprogress_0
2019-06-17 21:05:33,571 INFO  storage.RaftLogWorker (RaftLogWorker.java:execute(469)) - 5e67044a-ef5c-4276-a0f1-c429ed621be7-RaftLogWorker: created new log segment /opt/src/hadoop-ozone/tools/target/test-dir/MiniOzoneClusterImpl-f521264a-2c93-42ed-b45c-3cc3700eb292/datanode-1/data/ratis/ae79eaac-df61-493e-9e81-b7d41f3a1be1/current/log_inprogress_0
2019-06-17 21:05:33,574 INFO  storage.RaftLogWorker (RaftLogWorker.java:execute(469)) - 304b8175-2dc1-486f-8c2c-80e11ee3f8b0-RaftLogWorker: created new log segment /opt/src/hadoop-ozone/tools/target/test-dir/MiniOzoneClusterImpl-f521264a-2c93-42ed-b45c-3cc3700eb292/datanode-2/data/ratis/ae79eaac-df61-493e-9e81-b7d41f3a1be1/current/log_inprogress_0
2019-06-17 21:05:33,676 INFO  client.GrpcClientProtocolClient (GrpcClientProtocolClient.java:onNext(254)) - client-7B65BD4DE4BE->304b8175-2dc1-486f-8c2c-80e11ee3f8b0: receive RaftClientReply:client-7B65BD4DE4BE->304b8175-2dc1-486f-8c2c-80e11ee3f8b0@group-B7D41F3A1BE1, cid=6, FAILED org.apache.ratis.protocol.NotLeaderException: Server 304b8175-2dc1-486f-8c2c-80e11ee3f8b0 is not the leader (72118071-fbf0-4ea5-bd03-a53b480c9686:192.168.134.96:41659). Request must be sent to leader., logIndex=0, commits[304b8175-2dc1-486f-8c2c-80e11ee3f8b0:c0, 72118071-fbf0-4ea5-bd03-a53b480c9686:c0, 5e67044a-ef5c-4276-a0f1-c429ed621be7:c-1]
2019-06-17 21:05:33,679 WARN  client.GrpcClientProtocolService (LogUtils.java:warn(134)) - 0-OrderedRequestStreamObserver0: onError: org.apache.ratis.thirdparty.io.grpc.StatusRuntimeException: CANCELLED: cancelled before receiving half close
 0.00% |█                                                                                                    |  0/1 Time: 0:00:022019-06-17 21:05:34,927 INFO  client.GrpcClientProtocolClient (GrpcClientProtocolClient.java:onNext(254)) - client-7B65BD4DE4BE->72118071-fbf0-4ea5-bd03-a53b480c9686: receive RaftClientReply:client-7B65BD4DE4BE->72118071-fbf0-4ea5-bd03-a53b480c9686@group-B7D41F3A1BE1, cid=6, SUCCESS, logIndex=1, commits[72118071-fbf0-4ea5-bd03-a53b480c9686:c1, 5e67044a-ef5c-4276-a0f1-c429ed621be7:c0, 304b8175-2dc1-486f-8c2c-80e11ee3f8b0:c0]
2019-06-17 21:05:35,015 INFO  client.GrpcClientProtocolClient (GrpcClientProtocolClient.java:onNext(254)) - client-7B65BD4DE4BE->72118071-fbf0-4ea5-bd03-a53b480c9686: receive RaftClientReply:client-7B65BD4DE4BE->72118071-fbf0-4ea5-bd03-a53b480c9686@group-B7D41F3A1BE1, cid=7, SUCCESS, logIndex=3, commits[72118071-fbf0-4ea5-bd03-a53b480c9686:c4, 5e67044a-ef5c-4276-a0f1-c429ed621be7:c3, 304b8175-2dc1-486f-8c2c-80e11ee3f8b0:c3]
2019-06-17 21:05:35,046 INFO  client.GrpcClientProtocolClient (GrpcClientProtocolClient.java:onNext(254)) - client-7B65BD4DE4BE->72118071-fbf0-4ea5-bd03-a53b480c9686: receive RaftClientReply:client-7B65BD4DE4BE->72118071-fbf0-4ea5-bd03-a53b480c9686@group-B7D41F3A1BE1, cid=8, SUCCESS, logIndex=5, commits[72118071-fbf0-4ea5-bd03-a53b480c9686:c5, 5e67044a-ef5c-4276-a0f1-c429ed621be7:c4, 304b8175-2dc1-486f-8c2c-80e11ee3f8b0:c3]
2019-06-17 21:05:35,051 INFO  client.GrpcClientProtocolClient (GrpcClientProtocolClient.java:onNext(254)) - client-7B65BD4DE4BE->72118071-fbf0-4ea5-bd03-a53b480c9686: receive RaftClientReply:client-7B65BD4DE4BE->72118071-fbf0-4ea5-bd03-a53b480c9686@group-B7D41F3A1BE1, cid=9, SUCCESS, logIndex=6, commits[72118071-fbf0-4ea5-bd03-a53b480c9686:c6, 5e67044a-ef5c-4276-a0f1-c429ed621be7:c4, 304b8175-2dc1-486f-8c2c-80e11ee3f8b0:c3]
2019-06-17 21:05:35,096 INFO  client.GrpcClientProtocolClient (GrpcClientProtocolClient.java:onNext(254)) - client-7B65BD4DE4BE->72118071-fbf0-4ea5-bd03-a53b480c9686: receive RaftClientReply:client-7B65BD4DE4BE->72118071-fbf0-4ea5-bd03-a53b480c9686@group-B7D41F3A1BE1, cid=10, SUCCESS, logIndex=9, commits[72118071-fbf0-4ea5-bd03-a53b480c9686:c9, 5e67044a-ef5c-4276-a0f1-c429ed621be7:c6, 304b8175-2dc1-486f-8c2c-80e11ee3f8b0:c8]
2019-06-17 21:05:35,104 INFO  client.GrpcClientProtocolClient (GrpcClientProtocolClient.java:onNext(254)) - client-7B65BD4DE4BE->72118071-fbf0-4ea5-bd03-a53b480c9686: receive RaftClientReply:client-7B65BD4DE4BE->72118071-fbf0-4ea5-bd03-a53b480c9686@group-B7D41F3A1BE1, cid=11, SUCCESS, logIndex=11, commits[72118071-fbf0-4ea5-bd03-a53b480c9686:c11, 5e67044a-ef5c-4276-a0f1-c429ed621be7:c9, 304b8175-2dc1-486f-8c2c-80e11ee3f8b0:c9]
2019-06-17 21:05:35,133 INFO  client.GrpcClientProtocolClient (GrpcClientProtocolClient.java:onNext(254)) - client-7B65BD4DE4BE->72118071-fbf0-4ea5-bd03-a53b480c9686: receive RaftClientReply:client-7B65BD4DE4BE->72118071-fbf0-4ea5-bd03-a53b480c9686@group-B7D41F3A1BE1, cid=12, SUCCESS, logIndex=13, commits[72118071-fbf0-4ea5-bd03-a53b480c9686:c13, 5e67044a-ef5c-4276-a0f1-c429ed621be7:c12, 304b8175-2dc1-486f-8c2c-80e11ee3f8b0:c11]
2019-06-17 21:05:35,145 INFO  client.GrpcClientProtocolClient (GrpcClientProtocolClient.java:onNext(254)) - client-7B65BD4DE4BE->72118071-fbf0-4ea5-bd03-a53b480c9686: receive RaftClientReply:client-7B65BD4DE4BE->72118071-fbf0-4ea5-bd03-a53b480c9686@group-B7D41F3A1BE1, cid=13, SUCCESS, logIndex=15, commits[72118071-fbf0-4ea5-bd03-a53b480c9686:c15, 5e67044a-ef5c-4276-a0f1-c429ed621be7:c13, 304b8175-2dc1-486f-8c2c-80e11ee3f8b0:c13]
2019-06-17 21:05:35,159 INFO  client.GrpcClientProtocolClient (GrpcClientProtocolClient.java:onNext(254)) - client-7B65BD4DE4BE->72118071-fbf0-4ea5-bd03-a53b480c9686: receive RaftClientReply:client-7B65BD4DE4BE->72118071-fbf0-4ea5-bd03-a53b480c9686@group-B7D41F3A1BE1, cid=14, SUCCESS, logIndex=0, commits[72118071-fbf0-4ea5-bd03-a53b480c9686:c16, 5e67044a-ef5c-4276-a0f1-c429ed621be7:c15, 304b8175-2dc1-486f-8c2c-80e11ee3f8b0:c15]
 0.00% |█                                                                                                    |  0/1 Time: 0:00:032019-06-17 21:05:35,249 INFO  client.GrpcClientProtocolClient (GrpcClientProtocolClient.java:onNext(254)) - client-7B65BD4DE4BE->72118071-fbf0-4ea5-bd03-a53b480c9686: receive RaftClientReply:client-7B65BD4DE4BE->72118071-fbf0-4ea5-bd03-a53b480c9686@group-B7D41F3A1BE1, cid=15, SUCCESS, logIndex=17, commits[72118071-fbf0-4ea5-bd03-a53b480c9686:c17, 5e67044a-ef5c-4276-a0f1-c429ed621be7:c16, 304b8175-2dc1-486f-8c2c-80e11ee3f8b0:c16]
2019-06-17 21:05:35,291 INFO  client.GrpcClientProtocolClient (GrpcClientProtocolClient.java:onNext(254)) - client-7B65BD4DE4BE->72118071-fbf0-4ea5-bd03-a53b480c9686: receive RaftClientReply:client-7B65BD4DE4BE->72118071-fbf0-4ea5-bd03-a53b480c9686@group-B7D41F3A1BE1, cid=16, SUCCESS, logIndex=19, commits[72118071-fbf0-4ea5-bd03-a53b480c9686:c24, 5e67044a-ef5c-4276-a0f1-c429ed621be7:c22, 304b8175-2dc1-486f-8c2c-80e11ee3f8b0:c22]
2019-06-17 21:05:35,301 INFO  client.GrpcClientProtocolClient (GrpcClientProtocolClient.java:onNext(254)) - client-7B65BD4DE4BE->72118071-fbf0-4ea5-bd03-a53b480c9686: receive RaftClientReply:client-7B65BD4DE4BE->72118071-fbf0-4ea5-bd03-a53b480c9686@group-B7D41F3A1BE1, cid=17, SUCCESS, logIndex=20, commits[72118071-fbf0-4ea5-bd03-a53b480c9686:c24, 5e67044a-ef5c-4276-a0f1-c429ed621be7:c22, 304b8175-2dc1-486f-8c2c-80e11ee3f8b0:c22]
2019-06-17 21:05:35,315 INFO  client.GrpcClientProtocolClient (GrpcClientProtocolClient.java:onNext(254)) - client-7B65BD4DE4BE->72118071-fbf0-4ea5-bd03-a53b480c9686: receive RaftClientReply:client-7B65BD4DE4BE->72118071-fbf0-4ea5-bd03-a53b480c9686@group-B7D41F3A1BE1, cid=18, SUCCESS, logIndex=22, commits[72118071-fbf0-4ea5-bd03-a53b480c9686:c24, 5e67044a-ef5c-4276-a0f1-c429ed621be7:c22, 304b8175-2dc1-486f-8c2c-80e11ee3f8b0:c22]
2019-06-17 21:05:35,339 INFO  client.GrpcClientProtocolClient (GrpcClientProtocolClient.java:onNext(254)) - client-7B65BD4DE4BE->72118071-fbf0-4ea5-bd03-a53b480c9686: receive RaftClientReply:client-7B65BD4DE4BE->72118071-fbf0-4ea5-bd03-a53b480c9686@group-B7D41F3A1BE1, cid=19, SUCCESS, logIndex=25, commits[72118071-fbf0-4ea5-bd03-a53b480c9686:c25, 5e67044a-ef5c-4276-a0f1-c429ed621be7:c22, 304b8175-2dc1-486f-8c2c-80e11ee3f8b0:c24]
2019-06-17 21:05:35,351 INFO  client.GrpcClientProtocolClient (GrpcClientProtocolClient.java:onNext(254)) - client-7B65BD4DE4BE->72118071-fbf0-4ea5-bd03-a53b480c9686: receive RaftClientReply:client-7B65BD4DE4BE->72118071-fbf0-4ea5-bd03-a53b480c9686@group-B7D41F3A1BE1, cid=20, SUCCESS, logIndex=27, commits[72118071-fbf0-4ea5-bd03-a53b480c9686:c27, 5e67044a-ef5c-4276-a0f1-c429ed621be7:c24, 304b8175-2dc1-486f-8c2c-80e11ee3f8b0:c25]
2019-06-17 21:05:35,366 INFO  client.GrpcClientProtocolClient (GrpcClientProtocolClient.java:onNext(254)) - client-7B65BD4DE4BE->72118071-fbf0-4ea5-bd03-a53b480c9686: receive RaftClientReply:client-7B65BD4DE4BE->72118071-fbf0-4ea5-bd03-a53b480c9686@group-B7D41F3A1BE1, cid=21, SUCCESS, logIndex=28, commits[72118071-fbf0-4ea5-bd03-a53b480c9686:c29, 5e67044a-ef5c-4276-a0f1-c429ed621be7:c25, 304b8175-2dc1-486f-8c2c-80e11ee3f8b0:c26]
2019-06-17 21:05:35,367 INFO  client.GrpcClientProtocolClient (GrpcClientProtocolClient.java:onNext(254)) - client-7B65BD4DE4BE->72118071-fbf0-4ea5-bd03-a53b480c9686: receive RaftClientReply:client-7B65BD4DE4BE->72118071-fbf0-4ea5-bd03-a53b480c9686@group-B7D41F3A1BE1, cid=22, SUCCESS, logIndex=29, commits[72118071-fbf0-4ea5-bd03-a53b480c9686:c29, 5e67044a-ef5c-4276-a0f1-c429ed621be7:c25, 304b8175-2dc1-486f-8c2c-80e11ee3f8b0:c26]
2019-06-17 21:05:35,374 INFO  client.GrpcClientProtocolClient (GrpcClientProtocolClient.java:onNext(254)) - client-7B65BD4DE4BE->72118071-fbf0-4ea5-bd03-a53b480c9686: receive RaftClientReply:client-7B65BD4DE4BE->72118071-fbf0-4ea5-bd03-a53b480c9686@group-B7D41F3A1BE1, cid=23, SUCCESS, logIndex=0, commits[72118071-fbf0-4ea5-bd03-a53b480c9686:c32, 5e67044a-ef5c-4276-a0f1-c429ed621be7:c27, 304b8175-2dc1-486f-8c2c-80e11ee3f8b0:c29]
2019-06-17 21:05:35,379 INFO  client.GrpcClientProtocolClient (GrpcClientProtocolClient.java:onNext(254)) - client-7B65BD4DE4BE->72118071-fbf0-4ea5-bd03-a53b480c9686: receive RaftClientReply:client-7B65BD4DE4BE->72118071-fbf0-4ea5-bd03-a53b480c9686@group-B7D41F3A1BE1, cid=24, SUCCESS, logIndex=0, commits[72118071-fbf0-4ea5-bd03-a53b480c9686:c32, 5e67044a-ef5c-4276-a0f1-c429ed621be7:c29, 304b8175-2dc1-486f-8c2c-80e11ee3f8b0:c29]
2019-06-17 21:05:35,458 INFO  client.GrpcClientProtocolClient (GrpcClientProtocolClient.java:onNext(254)) - client-7B65BD4DE4BE->72118071-fbf0-4ea5-bd03-a53b480c9686: receive RaftClientReply:client-7B65BD4DE4BE->72118071-fbf0-4ea5-bd03-a53b480c9686@group-B7D41F3A1BE1, cid=25, SUCCESS, logIndex=33, commits[72118071-fbf0-4ea5-bd03-a53b480c9686:c34, 5e67044a-ef5c-4276-a0f1-c429ed621be7:c32, 304b8175-2dc1-486f-8c2c-80e11ee3f8b0:c32]
2019-06-17 21:05:35,500 INFO  client.GrpcClientProtocolClient (GrpcClientProtocolClient.java:onNext(254)) - client-7B65BD4DE4BE->72118071-fbf0-4ea5-bd03-a53b480c9686: receive RaftClientReply:client-7B65BD4DE4BE->72118071-fbf0-4ea5-bd03-a53b480c9686@group-B7D41F3A1BE1, cid=26, SUCCESS, logIndex=35, commits[72118071-fbf0-4ea5-bd03-a53b480c9686:c39, 5e67044a-ef5c-4276-a0f1-c429ed621be7:c35, 304b8175-2dc1-486f-8c2c-80e11ee3f8b0:c34]
2019-06-17 21:05:35,501 INFO  client.GrpcClientProtocolClient (GrpcClientProtocolClient.java:onNext(254)) - client-7B65BD4DE4BE->72118071-fbf0-4ea5-bd03-a53b480c9686: receive RaftClientReply:client-7B65BD4DE4BE->72118071-fbf0-4ea5-bd03-a53b480c9686@group-B7D41F3A1BE1, cid=27, SUCCESS, logIndex=36, commits[72118071-fbf0-4ea5-bd03-a53b480c9686:c39, 5e67044a-ef5c-4276-a0f1-c429ed621be7:c35, 304b8175-2dc1-486f-8c2c-80e11ee3f8b0:c37]
2019-06-17 21:05:35,507 INFO  client.GrpcClientProtocolClient (GrpcClientProtocolClient.java:onNext(254)) - client-7B65BD4DE4BE->72118071-fbf0-4ea5-bd03-a53b480c9686: receive RaftClientReply:client-7B65BD4DE4BE->72118071-fbf0-4ea5-bd03-a53b480c9686@group-B7D41F3A1BE1, cid=28, SUCCESS, logIndex=37, commits[72118071-fbf0-4ea5-bd03-a53b480c9686:c40, 5e67044a-ef5c-4276-a0f1-c429ed621be7:c35, 304b8175-2dc1-486f-8c2c-80e11ee3f8b0:c37]
2019-06-17 21:05:35,535 INFO  client.GrpcClientProtocolClient (GrpcClientProtocolClient.java:onNext(254)) - client-7B65BD4DE4BE->72118071-fbf0-4ea5-bd03-a53b480c9686: receive RaftClientReply:client-7B65BD4DE4BE->72118071-fbf0-4ea5-bd03-a53b480c9686@group-B7D41F3A1BE1, cid=29, SUCCESS, logIndex=41, commits[72118071-fbf0-4ea5-bd03-a53b480c9686:c41, 5e67044a-ef5c-4276-a0f1-c429ed621be7:c40, 304b8175-2dc1-486f-8c2c-80e11ee3f8b0:c37]
2019-06-17 21:05:35,541 INFO  client.GrpcClientProtocolClient (GrpcClientProtocolClient.java:onNext(254)) - client-7B65BD4DE4BE->72118071-fbf0-4ea5-bd03-a53b480c9686: receive RaftClientReply:client-7B65BD4DE4BE->72118071-fbf0-4ea5-bd03-a53b480c9686@group-B7D41F3A1BE1, cid=30, SUCCESS, logIndex=43, commits[72118071-fbf0-4ea5-bd03-a53b480c9686:c43, 5e67044a-ef5c-4276-a0f1-c429ed621be7:c42, 304b8175-2dc1-486f-8c2c-80e11ee3f8b0:c41]
2019-06-17 21:05:35,563 INFO  client.GrpcClientProtocolClient (GrpcClientProtocolClient.java:onNext(254)) - client-7B65BD4DE4BE->72118071-fbf0-4ea5-bd03-a53b480c9686: receive RaftClientReply:client-7B65BD4DE4BE->72118071-fbf0-4ea5-bd03-a53b480c9686@group-B7D41F3A1BE1, cid=31, SUCCESS, logIndex=45, commits[72118071-fbf0-4ea5-bd03-a53b480c9686:c45, 5e67044a-ef5c-4276-a0f1-c429ed621be7:c44, 304b8175-2dc1-486f-8c2c-80e11ee3f8b0:c43]
2019-06-17 21:05:35,573 INFO  client.GrpcClientProtocolClient (GrpcClientProtocolClient.java:onNext(254)) - client-7B65BD4DE4BE->72118071-fbf0-4ea5-bd03-a53b480c9686: receive RaftClientReply:client-7B65BD4DE4BE->72118071-fbf0-4ea5-bd03-a53b480c9686@group-B7D41F3A1BE1, cid=32, SUCCESS, logIndex=47, commits[72118071-fbf0-4ea5-bd03-a53b480c9686:c47, 5e67044a-ef5c-4276-a0f1-c429ed621be7:c45, 304b8175-2dc1-486f-8c2c-80e11ee3f8b0:c45]
2019-06-17 21:05:35,578 INFO  client.GrpcClientProtocolClient (GrpcClientProtocolClient.java:onNext(254)) - client-7B65BD4DE4BE->72118071-fbf0-4ea5-bd03-a53b480c9686: receive RaftClientReply:client-7B65BD4DE4BE->72118071-fbf0-4ea5-bd03-a53b480c9686@group-B7D41F3A1BE1, cid=33, SUCCESS, logIndex=0, commits[72118071-fbf0-4ea5-bd03-a53b480c9686:c48, 5e67044a-ef5c-4276-a0f1-c429ed621be7:c47, 304b8175-2dc1-486f-8c2c-80e11ee3f8b0:c47]
2019-06-17 21:05:35,601 INFO  client.GrpcClientProtocolClient (GrpcClientProtocolClient.java:onNext(254)) - client-7B65BD4DE4BE->72118071-fbf0-4ea5-bd03-a53b480c9686: receive RaftClientReply:client-7B65BD4DE4BE->72118071-fbf0-4ea5-bd03-a53b480c9686@group-B7D41F3A1BE1, cid=34, SUCCESS, logIndex=49, commits[72118071-fbf0-4ea5-bd03-a53b480c9686:c49, 5e67044a-ef5c-4276-a0f1-c429ed621be7:c47, 304b8175-2dc1-486f-8c2c-80e11ee3f8b0:c48]
2019-06-17 21:05:35,615 INFO  client.GrpcClientProtocolClient (GrpcClientProtocolClient.java:onNext(254)) - client-7B65BD4DE4BE->72118071-fbf0-4ea5-bd03-a53b480c9686: receive RaftClientReply:client-7B65BD4DE4BE->72118071-fbf0-4ea5-bd03-a53b480c9686@group-B7D41F3A1BE1, cid=35, SUCCESS, logIndex=51, commits[72118071-fbf0-4ea5-bd03-a53b480c9686:c51, 5e67044a-ef5c-4276-a0f1-c429ed621be7:c49, 304b8175-2dc1-486f-8c2c-80e11ee3f8b0:c49]
2019-06-17 21:05:35,622 INFO  client.GrpcClientProtocolClient (GrpcClientProtocolClient.java:onNext(254)) - client-7B65BD4DE4BE->72118071-fbf0-4ea5-bd03-a53b480c9686: receive RaftClientReply:client-7B65BD4DE4BE->72118071-fbf0-4ea5-bd03-a53b480c9686@group-B7D41F3A1BE1, cid=36, SUCCESS, logIndex=52, commits[72118071-fbf0-4ea5-bd03-a53b480c9686:c52, 5e67044a-ef5c-4276-a0f1-c429ed621be7:c49, 304b8175-2dc1-486f-8c2c-80e11ee3f8b0:c50]
2019-06-17 21:05:35,624 INFO  client.GrpcClientProtocolClient (GrpcClientProtocolClient.java:onNext(254)) - client-7B65BD4DE4BE->72118071-fbf0-4ea5-bd03-a53b480c9686: receive RaftClientReply:client-7B65BD4DE4BE->72118071-fbf0-4ea5-bd03-a53b480c9686@group-B7D41F3A1BE1, cid=37, SUCCESS, logIndex=53, commits[72118071-fbf0-4ea5-bd03-a53b480c9686:c54, 5e67044a-ef5c-4276-a0f1-c429ed621be7:c49, 304b8175-2dc1-486f-8c2c-80e11ee3f8b0:c51]
2019-06-17 21:05:35,626 INFO  client.GrpcClientProtocolClient (GrpcClientProtocolClient.java:onNext(254)) - client-7B65BD4DE4BE->72118071-fbf0-4ea5-bd03-a53b480c9686: receive RaftClientReply:client-7B65BD4DE4BE->72118071-fbf0-4ea5-bd03-a53b480c9686@group-B7D41F3A1BE1, cid=38, SUCCESS, logIndex=0, commits[72118071-fbf0-4ea5-bd03-a53b480c9686:c55, 5e67044a-ef5c-4276-a0f1-c429ed621be7:c52, 304b8175-2dc1-486f-8c2c-80e11ee3f8b0:c52]
2019-06-17 21:05:35,659 INFO  client.GrpcClientProtocolClient (GrpcClientProtocolClient.java:onNext(254)) - client-7B65BD4DE4BE->72118071-fbf0-4ea5-bd03-a53b480c9686: receive RaftClientReply:client-7B65BD4DE4BE->72118071-fbf0-4ea5-bd03-a53b480c9686@group-B7D41F3A1BE1, cid=39, SUCCESS, logIndex=56, commits[72118071-fbf0-4ea5-bd03-a53b480c9686:c56, 5e67044a-ef5c-4276-a0f1-c429ed621be7:c55, 304b8175-2dc1-486f-8c2c-80e11ee3f8b0:c52]
2019-06-17 21:05:35,666 INFO  client.GrpcClientProtocolClient (GrpcClientProtocolClient.java:onNext(254)) - client-7B65BD4DE4BE->72118071-fbf0-4ea5-bd03-a53b480c9686: receive RaftClientReply:client-7B65BD4DE4BE->72118071-fbf0-4ea5-bd03-a53b480c9686@group-B7D41F3A1BE1, cid=40, SUCCESS, logIndex=58, commits[72118071-fbf0-4ea5-bd03-a53b480c9686:c58, 5e67044a-ef5c-4276-a0f1-c429ed621be7:c57, 304b8175-2dc1-486f-8c2c-80e11ee3f8b0:c57]
2019-06-17 21:05:35,693 INFO  client.GrpcClientProtocolClient (GrpcClientProtocolClient.java:onNext(254)) - client-7B65BD4DE4BE->72118071-fbf0-4ea5-bd03-a53b480c9686: receive RaftClientReply:client-7B65BD4DE4BE->72118071-fbf0-4ea5-bd03-a53b480c9686@group-B7D41F3A1BE1, cid=41, SUCCESS, logIndex=60, commits[72118071-fbf0-4ea5-bd03-a53b480c9686:c60, 5e67044a-ef5c-4276-a0f1-c429ed621be7:c59, 304b8175-2dc1-486f-8c2c-80e11ee3f8b0:c58]
2019-06-17 21:05:35,705 INFO  client.GrpcClientProtocolClient (GrpcClientProtocolClient.java:onNext(254)) - client-7B65BD4DE4BE->72118071-fbf0-4ea5-bd03-a53b480c9686: receive RaftClientReply:client-7B65BD4DE4BE->72118071-fbf0-4ea5-bd03-a53b480c9686@group-B7D41F3A1BE1, cid=42, SUCCESS, logIndex=62, commits[72118071-fbf0-4ea5-bd03-a53b480c9686:c62, 5e67044a-ef5c-4276-a0f1-c429ed621be7:c61, 304b8175-2dc1-486f-8c2c-80e11ee3f8b0:c59]
2019-06-17 21:05:35,707 INFO  client.GrpcClientProtocolClient (GrpcClientProtocolClient.java:onNext(254)) - client-7B65BD4DE4BE->72118071-fbf0-4ea5-bd03-a53b480c9686: receive RaftClientReply:client-7B65BD4DE4BE->72118071-fbf0-4ea5-bd03-a53b480c9686@group-B7D41F3A1BE1, cid=43, SUCCESS, logIndex=0, commits[72118071-fbf0-4ea5-bd03-a53b480c9686:c63, 5e67044a-ef5c-4276-a0f1-c429ed621be7:c62, 304b8175-2dc1-486f-8c2c-80e11ee3f8b0:c62]
2019-06-17 21:05:35,737 INFO  client.GrpcClientProtocolClient (GrpcClientProtocolClient.java:onNext(254)) - client-7B65BD4DE4BE->72118071-fbf0-4ea5-bd03-a53b480c9686: receive RaftClientReply:client-7B65BD4DE4BE->72118071-fbf0-4ea5-bd03-a53b480c9686@group-B7D41F3A1BE1, cid=44, SUCCESS, logIndex=64, commits[72118071-fbf0-4ea5-bd03-a53b480c9686:c64, 5e67044a-ef5c-4276-a0f1-c429ed621be7:c63, 304b8175-2dc1-486f-8c2c-80e11ee3f8b0:c62]
2019-06-17 21:05:35,753 INFO  client.GrpcClientProtocolClient (GrpcClientProtocolClient.java:onNext(254)) - client-7B65BD4DE4BE->72118071-fbf0-4ea5-bd03-a53b480c9686: receive RaftClientReply:client-7B65BD4DE4BE->72118071-fbf0-4ea5-bd03-a53b480c9686@group-B7D41F3A1BE1, cid=45, SUCCESS, logIndex=66, commits[72118071-fbf0-4ea5-bd03-a53b480c9686:c66, 5e67044a-ef5c-4276-a0f1-c429ed621be7:c65, 304b8175-2dc1-486f-8c2c-80e11ee3f8b0:c65]
2019-06-17 21:05:35,763 INFO  client.GrpcClientProtocolClient (GrpcClientProtocolClient.java:onNext(254)) - client-7B65BD4DE4BE->72118071-fbf0-4ea5-bd03-a53b480c9686: receive RaftClientReply:client-7B65BD4DE4BE->72118071-fbf0-4ea5-bd03-a53b480c9686@group-B7D41F3A1BE1, cid=46, SUCCESS, logIndex=67, commits[72118071-fbf0-4ea5-bd03-a53b480c9686:c67, 5e67044a-ef5c-4276-a0f1-c429ed621be7:c65, 304b8175-2dc1-486f-8c2c-80e11ee3f8b0:c65]
2019-06-17 21:05:35,765 INFO  client.GrpcClientProtocolClient (GrpcClientProtocolClient.java:onNext(254)) - client-7B65BD4DE4BE->72118071-fbf0-4ea5-bd03-a53b480c9686: receive RaftClientReply:client-7B65BD4DE4BE->72118071-fbf0-4ea5-bd03-a53b480c9686@group-B7D41F3A1BE1, cid=47, SUCCESS, logIndex=68, commits[72118071-fbf0-4ea5-bd03-a53b480c9686:c70, 5e67044a-ef5c-4276-a0f1-c429ed621be7:c65, 304b8175-2dc1-486f-8c2c-80e11ee3f8b0:c67]
2019-06-17 21:05:35,766 INFO  client.GrpcClientProtocolClient (GrpcClientProtocolClient.java:onNext(254)) - client-7B65BD4DE4BE->72118071-fbf0-4ea5-bd03-a53b480c9686: receive RaftClientReply:client-7B65BD4DE4BE->72118071-fbf0-4ea5-bd03-a53b480c9686@group-B7D41F3A1BE1, cid=48, SUCCESS, logIndex=0, commits[72118071-fbf0-4ea5-bd03-a53b480c9686:c70, 5e67044a-ef5c-4276-a0f1-c429ed621be7:c67, 304b8175-2dc1-486f-8c2c-80e11ee3f8b0:c67]
2019-06-17 21:05:35,791 INFO  client.GrpcClientProtocolClient (GrpcClientProtocolClient.java:onNext(254)) - client-7B65BD4DE4BE->72118071-fbf0-4ea5-bd03-a53b480c9686: receive RaftClientReply:client-7B65BD4DE4BE->72118071-fbf0-4ea5-bd03-a53b480c9686@group-B7D41F3A1BE1, cid=49, SUCCESS, logIndex=71, commits[72118071-fbf0-4ea5-bd03-a53b480c9686:c71, 5e67044a-ef5c-4276-a0f1-c429ed621be7:c70, 304b8175-2dc1-486f-8c2c-80e11ee3f8b0:c67]
2019-06-17 21:05:35,797 INFO  client.GrpcClientProtocolClient (GrpcClientProtocolClient.java:onNext(254)) - client-7B65BD4DE4BE->72118071-fbf0-4ea5-bd03-a53b480c9686: receive RaftClientReply:client-7B65BD4DE4BE->72118071-fbf0-4ea5-bd03-a53b480c9686@group-B7D41F3A1BE1, cid=50, SUCCESS, logIndex=73, commits[72118071-fbf0-4ea5-bd03-a53b480c9686:c73, 5e67044a-ef5c-4276-a0f1-c429ed621be7:c71, 304b8175-2dc1-486f-8c2c-80e11ee3f8b0:c71]
2019-06-17 21:05:35,813 INFO  client.GrpcClientProtocolClient (GrpcClientProtocolClient.java:onNext(254)) - client-7B65BD4DE4BE->72118071-fbf0-4ea5-bd03-a53b480c9686: receive RaftClientReply:client-7B65BD4DE4BE->72118071-fbf0-4ea5-bd03-a53b480c9686@group-B7D41F3A1BE1, cid=51, SUCCESS, logIndex=75, commits[72118071-fbf0-4ea5-bd03-a53b480c9686:c75, 5e67044a-ef5c-4276-a0f1-c429ed621be7:c73, 304b8175-2dc1-486f-8c2c-80e11ee3f8b0:c74]
2019-06-17 21:05:35,826 INFO  client.GrpcClientProtocolClient (GrpcClientProtocolClient.java:onNext(254)) - client-7B65BD4DE4BE->72118071-fbf0-4ea5-bd03-a53b480c9686: receive RaftClientReply:client-7B65BD4DE4BE->72118071-fbf0-4ea5-bd03-a53b480c9686@group-B7D41F3A1BE1, cid=52, SUCCESS, logIndex=77, commits[72118071-fbf0-4ea5-bd03-a53b480c9686:c77, 5e67044a-ef5c-4276-a0f1-c429ed621be7:c74, 304b8175-2dc1-486f-8c2c-80e11ee3f8b0:c75]
2019-06-17 21:05:35,832 INFO  client.GrpcClientProtocolClient (GrpcClientProtocolClient.java:onNext(254)) - client-7B65BD4DE4BE->72118071-fbf0-4ea5-bd03-a53b480c9686: receive RaftClientReply:client-7B65BD4DE4BE->72118071-fbf0-4ea5-bd03-a53b480c9686@group-B7D41F3A1BE1, cid=53, SUCCESS, logIndex=0, commits[72118071-fbf0-4ea5-bd03-a53b480c9686:c78, 5e67044a-ef5c-4276-a0f1-c429ed621be7:c77, 304b8175-2dc1-486f-8c2c-80e11ee3f8b0:c77]
 100.00% |█████████████████████████████████████████████████████████████████████████████████████████████████████|  1/1 Time: 0:00:04
2019-06-17 21:05:36,311 WARN  client.GrpcClientProtocolService (LogUtils.java:warn(134)) - 2-UnorderedRequestStreamObserver2: onError: org.apache.ratis.thirdparty.io.grpc.StatusRuntimeException: CANCELLED: cancelled before receiving half close
2019-06-17 21:05:36,313 WARN  client.GrpcClientProtocolService (LogUtils.java:warn(134)) - 1-OrderedRequestStreamObserver1: onError: org.apache.ratis.thirdparty.io.grpc.StatusRuntimeException: CANCELLED: cancelled before receiving half close
2019-06-17 21:05:36,316 INFO  pipeline.SCMPipelineManager (SCMPipelineManager.java:finalizeAndDestroyPipeline(307)) - destroying pipeline:Pipeline[ Id: ae79eaac-df61-493e-9e81-b7d41f3a1be1, Nodes: 72118071-fbf0-4ea5-bd03-a53b480c9686{ip: 192.168.134.96, host: ozone-unit-076618677d38kpfn-3395997600, networkLocation: /default-rack, certSerialId: null}5e67044a-ef5c-4276-a0f1-c429ed621be7{ip: 192.168.134.96, host: ozone-unit-076618677d38kpfn-3395997600, networkLocation: /default-rack, certSerialId: null}304b8175-2dc1-486f-8c2c-80e11ee3f8b0{ip: 192.168.134.96, host: ozone-unit-076618677d38kpfn-3395997600, networkLocation: /default-rack, certSerialId: null}, Type:RATIS, Factor:THREE, State:OPEN]
2019-06-17 21:05:36,317 INFO  pipeline.PipelineStateManager (PipelineStateManager.java:finalizePipeline(123)) - Pipeline Pipeline[ Id: ae79eaac-df61-493e-9e81-b7d41f3a1be1, Nodes: 72118071-fbf0-4ea5-bd03-a53b480c9686{ip: 192.168.134.96, host: ozone-unit-076618677d38kpfn-3395997600, networkLocation: /default-rack, certSerialId: null}5e67044a-ef5c-4276-a0f1-c429ed621be7{ip: 192.168.134.96, host: ozone-unit-076618677d38kpfn-3395997600, networkLocation: /default-rack, certSerialId: null}304b8175-2dc1-486f-8c2c-80e11ee3f8b0{ip: 192.168.134.96, host: ozone-unit-076618677d38kpfn-3395997600, networkLocation: /default-rack, certSerialId: null}, Type:RATIS, Factor:THREE, State:CLOSED] moved to CLOSED state
2019-06-17 21:05:36,318 INFO  container.CloseContainerEventHandler (CloseContainerEventHandler.java:onMessage(61)) - Close container Event triggered for container : #1
2019-06-17 21:05:36,325 INFO  container.CloseContainerEventHandler (CloseContainerEventHandler.java:onMessage(61)) - Close container Event triggered for container : #2
2019-06-17 21:05:36,326 INFO  container.CloseContainerEventHandler (CloseContainerEventHandler.java:onMessage(61)) - Close container Event triggered for container : #3
2019-06-17 21:05:36,330 INFO  impl.RaftServerProxy (RaftServerProxy.java:remove(95)) - 72118071-fbf0-4ea5-bd03-a53b480c9686: remove   LEADER group-B7D41F3A1BE1 72118071-fbf0-4ea5-bd03-a53b480c9686:t3, leader=72118071-fbf0-4ea5-bd03-a53b480c9686, voted=72118071-fbf0-4ea5-bd03-a53b480c9686, raftlog=72118071-fbf0-4ea5-bd03-a53b480c9686-SegmentedRaftLog:OPENED:c78,f78,i78, conf=0: [72118071-fbf0-4ea5-bd03-a53b480c9686:192.168.134.96:41659, 5e67044a-ef5c-4276-a0f1-c429ed621be7:192.168.134.96:44351, 304b8175-2dc1-486f-8c2c-80e11ee3f8b0:192.168.134.96:38717], old=null RUNNING
2019-06-17 21:05:36,333 INFO  impl.RaftServerImpl (RaftServerImpl.java:lambda$shutdown$3(238)) - 72118071-fbf0-4ea5-bd03-a53b480c9686: shutdown group-B7D41F3A1BE1
2019-06-17 21:05:36,333 INFO  util.JmxRegister (JmxRegister.java:unregister(73)) - Successfully un-registered JMX Bean with object name Ratis:service=RaftServer,group=group-B7D41F3A1BE1,id=72118071-fbf0-4ea5-bd03-a53b480c9686
2019-06-17 21:05:36,333 INFO  impl.RoleInfo (RoleInfo.java:shutdownLeaderState(104)) - 72118071-fbf0-4ea5-bd03-a53b480c9686: shutdown LeaderState
2019-06-17 21:05:36,333 INFO  impl.PendingRequests (PendingRequests.java:sendNotLeaderResponses(140)) - 72118071-fbf0-4ea5-bd03-a53b480c9686-PendingRequests: sendNotLeaderResponses
2019-06-17 21:05:36,333 WARN  server.GrpcLogAppender (GrpcLogAppender.java:mayWait(142)) - GrpcLogAppender(72118071-fbf0-4ea5-bd03-a53b480c9686 -> 5e67044a-ef5c-4276-a0f1-c429ed621be7): Wait interrupted by java.lang.InterruptedException
2019-06-17 21:05:36,334 WARN  server.GrpcLogAppender (GrpcLogAppender.java:mayWait(142)) - GrpcLogAppender(72118071-fbf0-4ea5-bd03-a53b480c9686 -> 304b8175-2dc1-486f-8c2c-80e11ee3f8b0): Wait interrupted by java.lang.InterruptedException
2019-06-17 21:05:36,334 INFO  server.GrpcServerProtocolService (GrpcServerProtocolService.java:onCompleted(104)) - 5e67044a-ef5c-4276-a0f1-c429ed621be7: appendEntries completed
2019-06-17 21:05:36,335 INFO  server.GrpcServerProtocolService (GrpcServerProtocolService.java:onCompleted(104)) - 304b8175-2dc1-486f-8c2c-80e11ee3f8b0: appendEntries completed
2019-06-17 21:05:36,335 INFO  server.GrpcLogAppender (GrpcLogAppender.java:onCompleted(277)) - 72118071-fbf0-4ea5-bd03-a53b480c9686: follower 72118071-fbf0-4ea5-bd03-a53b480c9686->5e67044a-ef5c-4276-a0f1-c429ed621be7(c78,m78,n79, attendVote=true, lastRpcSendTime=3, lastRpcResponseTime=2) response Completed
2019-06-17 21:05:36,344 INFO  server.GrpcLogAppender (GrpcLogAppender.java:onCompleted(277)) - 72118071-fbf0-4ea5-bd03-a53b480c9686: follower 72118071-fbf0-4ea5-bd03-a53b480c9686->304b8175-2dc1-486f-8c2c-80e11ee3f8b0(c78,m78,n79, attendVote=true, lastRpcSendTime=16, lastRpcResponseTime=12) response Completed
2019-06-17 21:05:36,344 INFO  impl.FollowerInfo (FollowerInfo.java:lambda$new$0(50)) - 72118071-fbf0-4ea5-bd03-a53b480c9686->5e67044a-ef5c-4276-a0f1-c429ed621be7: nextIndex: updateUnconditionally 79 -> 0
2019-06-17 21:05:36,347 INFO  impl.StateMachineUpdater (StateMachineUpdater.java:stopAndJoin(109)) - StateMachineUpdater-72118071-fbf0-4ea5-bd03-a53b480c9686-group-B7D41F3A1BE1: set stopIndex = 78
2019-06-17 21:05:36,347 INFO  ratis.ContainerStateMachine (ContainerStateMachine.java:takeSnapshot(245)) - Taking snapshot at termIndex:(t:3, i:77)
2019-06-17 21:05:36,348 INFO  impl.FollowerInfo (FollowerInfo.java:lambda$new$0(50)) - 72118071-fbf0-4ea5-bd03-a53b480c9686->304b8175-2dc1-486f-8c2c-80e11ee3f8b0: nextIndex: updateUnconditionally 79 -> 0
2019-06-17 21:05:36,348 INFO  ratis.ContainerStateMachine (ContainerStateMachine.java:takeSnapshot(249)) - Taking a snapshot to file /opt/src/hadoop-ozone/tools/target/test-dir/MiniOzoneClusterImpl-f521264a-2c93-42ed-b45c-3cc3700eb292/datanode-0/data/ratis/ae79eaac-df61-493e-9e81-b7d41f3a1be1/sm/snapshot.3_77
2019-06-17 21:05:36,361 INFO  impl.RaftServerImpl (ServerState.java:close(394)) - 72118071-fbf0-4ea5-bd03-a53b480c9686:group-B7D41F3A1BE1 closes. The last applied log index is 78
2019-06-17 21:05:36,362 INFO  storage.RaftLogWorker (RaftLogWorker.java:run(236)) - 72118071-fbf0-4ea5-bd03-a53b480c9686-RaftLogWorker was interrupted, exiting. There are 0 tasks remaining in the queue.
2019-06-17 21:05:36,363 INFO  storage.RaftLogWorker (RaftLogWorker.java:close(168)) - 72118071-fbf0-4ea5-bd03-a53b480c9686-RaftLogWorker close()
2019-06-17 21:05:36,385 INFO  impl.RaftServerProxy (RaftServerProxy.java:remove(95)) - 5e67044a-ef5c-4276-a0f1-c429ed621be7: remove FOLLOWER group-B7D41F3A1BE1 5e67044a-ef5c-4276-a0f1-c429ed621be7:t3, leader=72118071-fbf0-4ea5-bd03-a53b480c9686, voted=72118071-fbf0-4ea5-bd03-a53b480c9686, raftlog=5e67044a-ef5c-4276-a0f1-c429ed621be7-SegmentedRaftLog:OPENED:c78,f78,i78, conf=0: [72118071-fbf0-4ea5-bd03-a53b480c9686:192.168.134.96:41659, 5e67044a-ef5c-4276-a0f1-c429ed621be7:192.168.134.96:44351, 304b8175-2dc1-486f-8c2c-80e11ee3f8b0:192.168.134.96:38717], old=null RUNNING
2019-06-17 21:05:36,385 INFO  impl.RaftServerImpl (RaftServerImpl.java:lambda$shutdown$3(238)) - 5e67044a-ef5c-4276-a0f1-c429ed621be7: shutdown group-B7D41F3A1BE1
2019-06-17 21:05:36,386 INFO  util.JmxRegister (JmxRegister.java:unregister(73)) - Successfully un-registered JMX Bean with object name Ratis:service=RaftServer,group=group-B7D41F3A1BE1,id=5e67044a-ef5c-4276-a0f1-c429ed621be7
2019-06-17 21:05:36,386 INFO  impl.RoleInfo (RoleInfo.java:shutdownFollowerState(121)) - 5e67044a-ef5c-4276-a0f1-c429ed621be7: shutdown FollowerState
2019-06-17 21:05:36,386 INFO  impl.StateMachineUpdater (StateMachineUpdater.java:stopAndJoin(109)) - StateMachineUpdater-5e67044a-ef5c-4276-a0f1-c429ed621be7-group-B7D41F3A1BE1: set stopIndex = 78
2019-06-17 21:05:36,386 INFO  impl.FollowerState (FollowerState.java:run(109)) - 5e67044a-ef5c-4276-a0f1-c429ed621be7: FollowerState was interrupted: java.lang.InterruptedException: sleep interrupted
2019-06-17 21:05:36,386 INFO  ratis.ContainerStateMachine (ContainerStateMachine.java:takeSnapshot(245)) - Taking snapshot at termIndex:(t:3, i:77)
2019-06-17 21:05:36,387 INFO  ratis.ContainerStateMachine (ContainerStateMachine.java:takeSnapshot(249)) - Taking a snapshot to file /opt/src/hadoop-ozone/tools/target/test-dir/MiniOzoneClusterImpl-f521264a-2c93-42ed-b45c-3cc3700eb292/datanode-1/data/ratis/ae79eaac-df61-493e-9e81-b7d41f3a1be1/sm/snapshot.3_77
2019-06-17 21:05:36,388 INFO  impl.RaftServerImpl (ServerState.java:close(394)) - 5e67044a-ef5c-4276-a0f1-c429ed621be7:group-B7D41F3A1BE1 closes. The last applied log index is 78
2019-06-17 21:05:36,389 INFO  storage.RaftLogWorker (RaftLogWorker.java:run(236)) - 5e67044a-ef5c-4276-a0f1-c429ed621be7-RaftLogWorker was interrupted, exiting. There are 0 tasks remaining in the queue.
2019-06-17 21:05:36,390 INFO  storage.RaftLogWorker (RaftLogWorker.java:close(168)) - 5e67044a-ef5c-4276-a0f1-c429ed621be7-RaftLogWorker close()
2019-06-17 21:05:36,406 INFO  impl.RaftServerProxy (RaftServerProxy.java:remove(95)) - 304b8175-2dc1-486f-8c2c-80e11ee3f8b0: remove FOLLOWER group-B7D41F3A1BE1 304b8175-2dc1-486f-8c2c-80e11ee3f8b0:t3, leader=72118071-fbf0-4ea5-bd03-a53b480c9686, voted=null, raftlog=304b8175-2dc1-486f-8c2c-80e11ee3f8b0-SegmentedRaftLog:OPENED:c78,f78,i78, conf=0: [72118071-fbf0-4ea5-bd03-a53b480c9686:192.168.134.96:41659, 5e67044a-ef5c-4276-a0f1-c429ed621be7:192.168.134.96:44351, 304b8175-2dc1-486f-8c2c-80e11ee3f8b0:192.168.134.96:38717], old=null RUNNING
2019-06-17 21:05:36,407 INFO  impl.RaftServerImpl (RaftServerImpl.java:lambda$shutdown$3(238)) - 304b8175-2dc1-486f-8c2c-80e11ee3f8b0: shutdown group-B7D41F3A1BE1
2019-06-17 21:05:36,407 INFO  util.JmxRegister (JmxRegister.java:unregister(73)) - Successfully un-registered JMX Bean with object name Ratis:service=RaftServer,group=group-B7D41F3A1BE1,id=304b8175-2dc1-486f-8c2c-80e11ee3f8b0
2019-06-17 21:05:36,407 INFO  impl.RoleInfo (RoleInfo.java:shutdownFollowerState(121)) - 304b8175-2dc1-486f-8c2c-80e11ee3f8b0: shutdown FollowerState
2019-06-17 21:05:36,407 INFO  impl.StateMachineUpdater (StateMachineUpdater.java:stopAndJoin(109)) - StateMachineUpdater-304b8175-2dc1-486f-8c2c-80e11ee3f8b0-group-B7D41F3A1BE1: set stopIndex = 78
2019-06-17 21:05:36,407 INFO  impl.FollowerState (FollowerState.java:run(109)) - 304b8175-2dc1-486f-8c2c-80e11ee3f8b0: FollowerState was interrupted: java.lang.InterruptedException: sleep interrupted
2019-06-17 21:05:36,407 INFO  ratis.ContainerStateMachine (ContainerStateMachine.java:takeSnapshot(245)) - Taking snapshot at termIndex:(t:3, i:77)
2019-06-17 21:05:36,409 INFO  ratis.ContainerStateMachine (ContainerStateMachine.java:takeSnapshot(249)) - Taking a snapshot to file /opt/src/hadoop-ozone/tools/target/test-dir/MiniOzoneClusterImpl-f521264a-2c93-42ed-b45c-3cc3700eb292/datanode-2/data/ratis/ae79eaac-df61-493e-9e81-b7d41f3a1be1/sm/snapshot.3_77
2019-06-17 21:05:36,411 INFO  impl.RaftServerImpl (ServerState.java:close(394)) - 304b8175-2dc1-486f-8c2c-80e11ee3f8b0:group-B7D41F3A1BE1 closes. The last applied log index is 78
2019-06-17 21:05:36,412 INFO  storage.RaftLogWorker (RaftLogWorker.java:run(236)) - 304b8175-2dc1-486f-8c2c-80e11ee3f8b0-RaftLogWorker was interrupted, exiting. There are 0 tasks remaining in the queue.
2019-06-17 21:05:36,413 INFO  storage.RaftLogWorker (RaftLogWorker.java:close(168)) - 304b8175-2dc1-486f-8c2c-80e11ee3f8b0-RaftLogWorker close()
2019-06-17 21:05:36,417 INFO  pipeline.PipelineStateManager (PipelineStateManager.java:removePipeline(108)) - Pipeline Pipeline[ Id: ae79eaac-df61-493e-9e81-b7d41f3a1be1, Nodes: 72118071-fbf0-4ea5-bd03-a53b480c9686{ip: 192.168.134.96, host: ozone-unit-076618677d38kpfn-3395997600, networkLocation: /default-rack, certSerialId: null}5e67044a-ef5c-4276-a0f1-c429ed621be7{ip: 192.168.134.96, host: ozone-unit-076618677d38kpfn-3395997600, networkLocation: /default-rack, certSerialId: null}304b8175-2dc1-486f-8c2c-80e11ee3f8b0{ip: 192.168.134.96, host: ozone-unit-076618677d38kpfn-3395997600, networkLocation: /default-rack, certSerialId: null}, Type:RATIS, Factor:THREE, State:CLOSED] removed from db
2019-06-17 21:05:36,445 INFO  impl.RaftServerProxy (RaftServerProxy.java:addNew(89)) - 5e67044a-ef5c-4276-a0f1-c429ed621be7: addNew group-9B909B638F1D:[72118071-fbf0-4ea5-bd03-a53b480c9686:192.168.134.96:41659, 5e67044a-ef5c-4276-a0f1-c429ed621be7:192.168.134.96:44351, 304b8175-2dc1-486f-8c2c-80e11ee3f8b0:192.168.134.96:38717] returns group-9B909B638F1D:java.util.concurrent.CompletableFuture@7e659dd7[Not completed]
2019-06-17 21:05:36,445 INFO  impl.RaftServerProxy (RaftServerProxy.java:addNew(89)) - 72118071-fbf0-4ea5-bd03-a53b480c9686: addNew group-9B909B638F1D:[72118071-fbf0-4ea5-bd03-a53b480c9686:192.168.134.96:41659, 5e67044a-ef5c-4276-a0f1-c429ed621be7:192.168.134.96:44351, 304b8175-2dc1-486f-8c2c-80e11ee3f8b0:192.168.134.96:38717] returns group-9B909B638F1D:java.util.concurrent.CompletableFuture@2627501d[Not completed]
2019-06-17 21:05:36,447 INFO  impl.RaftServerImpl (RaftServerImpl.java:<init>(91)) - 72118071-fbf0-4ea5-bd03-a53b480c9686: new RaftServerImpl for group-9B909B638F1D:[72118071-fbf0-4ea5-bd03-a53b480c9686:192.168.134.96:41659, 5e67044a-ef5c-4276-a0f1-c429ed621be7:192.168.134.96:44351, 304b8175-2dc1-486f-8c2c-80e11ee3f8b0:192.168.134.96:38717] with ContainerStateMachine:uninitialized
2019-06-17 21:05:36,449 INFO  server.RaftServerConfigKeys (ConfUtils.java:logGet(43)) - raft.server.rpc.timeout.min = 1s (custom)
2019-06-17 21:05:36,449 INFO  server.RaftServerConfigKeys (ConfUtils.java:logGet(43)) - raft.server.rpc.timeout.max = 1200ms (custom)
2019-06-17 21:05:36,449 INFO  server.RaftServerConfigKeys (ConfUtils.java:logGet(43)) - raft.server.rpcslowness.timeout = 120s (custom)
2019-06-17 21:05:36,450 INFO  server.RaftServerConfigKeys (ConfUtils.java:logGet(43)) - raft.server.log.appender.install.snapshot.enabled = true (default)
2019-06-17 21:05:36,450 INFO  impl.RaftServerImpl (ServerState.java:<init>(101)) - 72118071-fbf0-4ea5-bd03-a53b480c9686:group-9B909B638F1D ConfigurationManager, init=-1: [72118071-fbf0-4ea5-bd03-a53b480c9686:192.168.134.96:41659, 5e67044a-ef5c-4276-a0f1-c429ed621be7:192.168.134.96:44351, 304b8175-2dc1-486f-8c2c-80e11ee3f8b0:192.168.134.96:38717], old=null, confs=<EMPTY_MAP>
2019-06-17 21:05:36,450 INFO  server.RaftServerConfigKeys (ConfUtils.java:logGet(43)) - raft.server.storage.dir = [/opt/src/hadoop-ozone/tools/target/test-dir/MiniOzoneClusterImpl-f521264a-2c93-42ed-b45c-3cc3700eb292/datanode-0/data/ratis] (custom)
2019-06-17 21:05:36,450 INFO  storage.RaftStorageDirectory (RaftStorageDirectory.java:analyzeStorage(246)) - The storage directory /opt/src/hadoop-ozone/tools/target/test-dir/MiniOzoneClusterImpl-f521264a-2c93-42ed-b45c-3cc3700eb292/datanode-0/data/ratis/54a644db-5305-430a-be63-9b909b638f1d does not exist. Creating ...
2019-06-17 21:05:36,446 INFO  impl.RaftServerImpl (RaftServerImpl.java:<init>(91)) - 5e67044a-ef5c-4276-a0f1-c429ed621be7: new RaftServerImpl for group-9B909B638F1D:[72118071-fbf0-4ea5-bd03-a53b480c9686:192.168.134.96:41659, 5e67044a-ef5c-4276-a0f1-c429ed621be7:192.168.134.96:44351, 304b8175-2dc1-486f-8c2c-80e11ee3f8b0:192.168.134.96:38717] with ContainerStateMachine:uninitialized
2019-06-17 21:05:36,450 INFO  impl.RaftServerImpl (RaftServerImpl.java:<init>(91)) - 304b8175-2dc1-486f-8c2c-80e11ee3f8b0: new RaftServerImpl for group-9B909B638F1D:[72118071-fbf0-4ea5-bd03-a53b480c9686:192.168.134.96:41659, 5e67044a-ef5c-4276-a0f1-c429ed621be7:192.168.134.96:44351, 304b8175-2dc1-486f-8c2c-80e11ee3f8b0:192.168.134.96:38717] with ContainerStateMachine:uninitialized
2019-06-17 21:05:36,451 INFO  server.RaftServerConfigKeys (ConfUtils.java:logGet(43)) - raft.server.rpc.timeout.min = 1s (custom)
2019-06-17 21:05:36,451 INFO  server.RaftServerConfigKeys (ConfUtils.java:logGet(43)) - raft.server.rpc.timeout.max = 1200ms (custom)
2019-06-17 21:05:36,451 INFO  server.RaftServerConfigKeys (ConfUtils.java:logGet(43)) - raft.server.rpcslowness.timeout = 120s (custom)
2019-06-17 21:05:36,451 INFO  server.RaftServerConfigKeys (ConfUtils.java:logGet(43)) - raft.server.log.appender.install.snapshot.enabled = true (default)
2019-06-17 21:05:36,451 INFO  impl.RaftServerImpl (ServerState.java:<init>(101)) - 304b8175-2dc1-486f-8c2c-80e11ee3f8b0:group-9B909B638F1D ConfigurationManager, init=-1: [72118071-fbf0-4ea5-bd03-a53b480c9686:192.168.134.96:41659, 5e67044a-ef5c-4276-a0f1-c429ed621be7:192.168.134.96:44351, 304b8175-2dc1-486f-8c2c-80e11ee3f8b0:192.168.134.96:38717], old=null, confs=<EMPTY_MAP>
2019-06-17 21:05:36,452 INFO  server.RaftServerConfigKeys (ConfUtils.java:logGet(43)) - raft.server.storage.dir = [/opt/src/hadoop-ozone/tools/target/test-dir/MiniOzoneClusterImpl-f521264a-2c93-42ed-b45c-3cc3700eb292/datanode-2/data/ratis] (custom)
2019-06-17 21:05:36,452 INFO  storage.RaftStorageDirectory (RaftStorageDirectory.java:analyzeStorage(246)) - The storage directory /opt/src/hadoop-ozone/tools/target/test-dir/MiniOzoneClusterImpl-f521264a-2c93-42ed-b45c-3cc3700eb292/datanode-2/data/ratis/54a644db-5305-430a-be63-9b909b638f1d does not exist. Creating ...
2019-06-17 21:05:36,449 INFO  impl.RaftServerProxy (RaftServerProxy.java:addNew(89)) - 304b8175-2dc1-486f-8c2c-80e11ee3f8b0: addNew group-9B909B638F1D:[72118071-fbf0-4ea5-bd03-a53b480c9686:192.168.134.96:41659, 5e67044a-ef5c-4276-a0f1-c429ed621be7:192.168.134.96:44351, 304b8175-2dc1-486f-8c2c-80e11ee3f8b0:192.168.134.96:38717] returns group-9B909B638F1D:java.util.concurrent.CompletableFuture@1cd0ef1d[Not completed]
2019-06-17 21:05:36,451 INFO  server.RaftServerConfigKeys (ConfUtils.java:logGet(43)) - raft.server.rpc.timeout.min = 1s (custom)
2019-06-17 21:05:36,452 INFO  server.RaftServerConfigKeys (ConfUtils.java:logGet(43)) - raft.server.rpc.timeout.max = 1200ms (custom)
2019-06-17 21:05:36,452 INFO  server.RaftServerConfigKeys (ConfUtils.java:logGet(43)) - raft.server.rpcslowness.timeout = 120s (custom)
2019-06-17 21:05:36,452 INFO  server.RaftServerConfigKeys (ConfUtils.java:logGet(43)) - raft.server.log.appender.install.snapshot.enabled = true (default)
2019-06-17 21:05:36,452 INFO  impl.RaftServerImpl (ServerState.java:<init>(101)) - 5e67044a-ef5c-4276-a0f1-c429ed621be7:group-9B909B638F1D ConfigurationManager, init=-1: [72118071-fbf0-4ea5-bd03-a53b480c9686:192.168.134.96:41659, 5e67044a-ef5c-4276-a0f1-c429ed621be7:192.168.134.96:44351, 304b8175-2dc1-486f-8c2c-80e11ee3f8b0:192.168.134.96:38717], old=null, confs=<EMPTY_MAP>
2019-06-17 21:05:36,453 INFO  server.RaftServerConfigKeys (ConfUtils.java:logGet(43)) - raft.server.storage.dir = [/opt/src/hadoop-ozone/tools/target/test-dir/MiniOzoneClusterImpl-f521264a-2c93-42ed-b45c-3cc3700eb292/datanode-1/data/ratis] (custom)
2019-06-17 21:05:36,453 INFO  storage.RaftStorageDirectory (RaftStorageDirectory.java:analyzeStorage(246)) - The storage directory /opt/src/hadoop-ozone/tools/target/test-dir/MiniOzoneClusterImpl-f521264a-2c93-42ed-b45c-3cc3700eb292/datanode-1/data/ratis/54a644db-5305-430a-be63-9b909b638f1d does not exist. Creating ...
2019-06-17 21:05:36,453 INFO  storage.RaftStorageDirectory (RaftStorageDirectory.java:tryLock(328)) - Lock on /opt/src/hadoop-ozone/tools/target/test-dir/MiniOzoneClusterImpl-f521264a-2c93-42ed-b45c-3cc3700eb292/datanode-0/data/ratis/54a644db-5305-430a-be63-9b909b638f1d/in_use.lock acquired by nodename 18180@ozone-unit-076618677d38kpfn-3395997600
2019-06-17 21:05:36,455 INFO  storage.RaftStorageDirectory (RaftStorageDirectory.java:tryLock(328)) - Lock on /opt/src/hadoop-ozone/tools/target/test-dir/MiniOzoneClusterImpl-f521264a-2c93-42ed-b45c-3cc3700eb292/datanode-2/data/ratis/54a644db-5305-430a-be63-9b909b638f1d/in_use.lock acquired by nodename 18180@ozone-unit-076618677d38kpfn-3395997600
2019-06-17 21:05:36,455 INFO  storage.RaftStorageDirectory (RaftStorageDirectory.java:tryLock(328)) - Lock on /opt/src/hadoop-ozone/tools/target/test-dir/MiniOzoneClusterImpl-f521264a-2c93-42ed-b45c-3cc3700eb292/datanode-1/data/ratis/54a644db-5305-430a-be63-9b909b638f1d/in_use.lock acquired by nodename 18180@ozone-unit-076618677d38kpfn-3395997600
2019-06-17 21:05:36,458 INFO  storage.RaftStorage (RaftStorage.java:format(75)) - Storage directory /opt/src/hadoop-ozone/tools/target/test-dir/MiniOzoneClusterImpl-f521264a-2c93-42ed-b45c-3cc3700eb292/datanode-2/data/ratis/54a644db-5305-430a-be63-9b909b638f1d has been successfully formatted.
2019-06-17 21:05:36,458 INFO  ratis.ContainerStateMachine (ContainerStateMachine.java:loadSnapshot(199)) - The snapshot info is null.Setting the last applied index to:(t:0, i:~)
2019-06-17 21:05:36,458 INFO  server.RaftServerConfigKeys (ConfUtils.java:logGet(43)) - raft.server.leader.election.timeout = 120s (custom)
2019-06-17 21:05:36,458 INFO  server.RaftServerConfigKeys (ConfUtils.java:logGet(43)) - raft.server.log.use.memory = false (default)
2019-06-17 21:05:36,458 INFO  server.RaftServerConfigKeys (ConfUtils.java:logGet(43)) - raft.server.log.appender.buffer.byte-limit = 33554432 (custom)
2019-06-17 21:05:36,458 INFO  server.RaftServerConfigKeys (ConfUtils.java:logGet(43)) - raft.server.log.segment.size.max = 16384 (custom)
2019-06-17 21:05:36,458 INFO  server.RaftServerConfigKeys (ConfUtils.java:logGet(43)) - raft.server.log.segment.cache.num.max = 2 (custom)
2019-06-17 21:05:36,459 INFO  storage.RaftLogWorker (RaftLogWorker.java:<init>(123)) - new 304b8175-2dc1-486f-8c2c-80e11ee3f8b0-RaftLogWorker for Storage Directory /opt/src/hadoop-ozone/tools/target/test-dir/MiniOzoneClusterImpl-f521264a-2c93-42ed-b45c-3cc3700eb292/datanode-2/data/ratis/54a644db-5305-430a-be63-9b909b638f1d
2019-06-17 21:05:36,459 INFO  server.RaftServerConfigKeys (ConfUtils.java:logGet(43)) - raft.server.log.queue.byte-limit = 2147483647 (custom)
2019-06-17 21:05:36,459 INFO  server.RaftServerConfigKeys (ConfUtils.java:logGet(43)) - raft.server.log.queue.element-limit = 1024 (custom)
2019-06-17 21:05:36,459 INFO  server.RaftServerConfigKeys (ConfUtils.java:logGet(43)) - raft.server.log.segment.size.max = 16384 (custom)
2019-06-17 21:05:36,459 INFO  server.RaftServerConfigKeys (ConfUtils.java:logGet(43)) - raft.server.log.preallocated.size = 16384 (custom)
2019-06-17 21:05:36,459 INFO  server.RaftServerConfigKeys (ConfUtils.java:logGet(43)) - raft.server.log.write.buffer.size = 33554432 (custom)
2019-06-17 21:05:36,459 INFO  server.RaftServerConfigKeys (ConfUtils.java:logGet(43)) - raft.server.log.force.sync.num = 128 (default)
2019-06-17 21:05:36,459 INFO  server.RaftServerConfigKeys (ConfUtils.java:logGet(43)) - raft.server.log.statemachine.data.sync = true (default)
2019-06-17 21:05:36,459 INFO  server.RaftServerConfigKeys (ConfUtils.java:logGet(43)) - raft.server.log.statemachine.data.sync.timeout = 10s (default)
2019-06-17 21:05:36,459 INFO  server.RaftServerConfigKeys (ConfUtils.java:logGet(43)) - raft.server.log.statemachine.data.sync.timeout.retry = -1 (default)
2019-06-17 21:05:36,460 INFO  server.RaftServerConfigKeys (ConfUtils.java:logGet(43)) - raft.server.log.statemachine.data.caching.enabled = true (custom)
2019-06-17 21:05:36,460 INFO  storage.RaftStorage (RaftStorage.java:format(75)) - Storage directory /opt/src/hadoop-ozone/tools/target/test-dir/MiniOzoneClusterImpl-f521264a-2c93-42ed-b45c-3cc3700eb292/datanode-1/data/ratis/54a644db-5305-430a-be63-9b909b638f1d has been successfully formatted.
2019-06-17 21:05:36,460 INFO  ratis.ContainerStateMachine (ContainerStateMachine.java:loadSnapshot(199)) - The snapshot info is null.Setting the last applied index to:(t:0, i:~)
2019-06-17 21:05:36,460 INFO  server.RaftServerConfigKeys (ConfUtils.java:logGet(43)) - raft.server.leader.election.timeout = 120s (custom)
2019-06-17 21:05:36,460 INFO  server.RaftServerConfigKeys (ConfUtils.java:logGet(43)) - raft.server.log.use.memory = false (default)
2019-06-17 21:05:36,460 INFO  server.RaftServerConfigKeys (ConfUtils.java:logGet(43)) - raft.server.log.appender.buffer.byte-limit = 33554432 (custom)
2019-06-17 21:05:36,461 INFO  server.RaftServerConfigKeys (ConfUtils.java:logGet(43)) - raft.server.log.segment.size.max = 16384 (custom)
2019-06-17 21:05:36,461 INFO  server.RaftServerConfigKeys (ConfUtils.java:logGet(43)) - raft.server.log.segment.cache.num.max = 2 (custom)
2019-06-17 21:05:36,461 INFO  storage.RaftLogWorker (RaftLogWorker.java:<init>(123)) - new 5e67044a-ef5c-4276-a0f1-c429ed621be7-RaftLogWorker for Storage Directory /opt/src/hadoop-ozone/tools/target/test-dir/MiniOzoneClusterImpl-f521264a-2c93-42ed-b45c-3cc3700eb292/datanode-1/data/ratis/54a644db-5305-430a-be63-9b909b638f1d
2019-06-17 21:05:36,461 INFO  server.RaftServerConfigKeys (ConfUtils.java:logGet(43)) - raft.server.log.queue.byte-limit = 2147483647 (custom)
2019-06-17 21:05:36,461 INFO  server.RaftServerConfigKeys (ConfUtils.java:logGet(43)) - raft.server.log.queue.element-limit = 1024 (custom)
2019-06-17 21:05:36,461 INFO  server.RaftServerConfigKeys (ConfUtils.java:logGet(43)) - raft.server.log.segment.size.max = 16384 (custom)
2019-06-17 21:05:36,461 INFO  server.RaftServerConfigKeys (ConfUtils.java:logGet(43)) - raft.server.log.preallocated.size = 16384 (custom)
2019-06-17 21:05:36,461 INFO  server.RaftServerConfigKeys (ConfUtils.java:logGet(43)) - raft.server.log.write.buffer.size = 33554432 (custom)
2019-06-17 21:05:36,461 INFO  server.RaftServerConfigKeys (ConfUtils.java:logGet(43)) - raft.server.log.force.sync.num = 128 (default)
2019-06-17 21:05:36,461 INFO  server.RaftServerConfigKeys (ConfUtils.java:logGet(43)) - raft.server.log.statemachine.data.sync = true (default)
2019-06-17 21:05:36,461 INFO  server.RaftServerConfigKeys (ConfUtils.java:logGet(43)) - raft.server.log.statemachine.data.sync.timeout = 10s (default)
2019-06-17 21:05:36,461 INFO  server.RaftServerConfigKeys (ConfUtils.java:logGet(43)) - raft.server.log.statemachine.data.sync.timeout.retry = -1 (default)
2019-06-17 21:05:36,462 INFO  storage.RaftStorage (RaftStorage.java:format(75)) - Storage directory /opt/src/hadoop-ozone/tools/target/test-dir/MiniOzoneClusterImpl-f521264a-2c93-42ed-b45c-3cc3700eb292/datanode-0/data/ratis/54a644db-5305-430a-be63-9b909b638f1d has been successfully formatted.
2019-06-17 21:05:36,462 INFO  ratis.ContainerStateMachine (ContainerStateMachine.java:loadSnapshot(199)) - The snapshot info is null.Setting the last applied index to:(t:0, i:~)
2019-06-17 21:05:36,462 INFO  server.RaftServerConfigKeys (ConfUtils.java:logGet(43)) - raft.server.leader.election.timeout = 120s (custom)
2019-06-17 21:05:36,462 INFO  server.RaftServerConfigKeys (ConfUtils.java:logGet(43)) - raft.server.log.use.memory = false (default)
2019-06-17 21:05:36,462 INFO  server.RaftServerConfigKeys (ConfUtils.java:logGet(43)) - raft.server.log.appender.buffer.byte-limit = 33554432 (custom)
2019-06-17 21:05:36,462 INFO  server.RaftServerConfigKeys (ConfUtils.java:logGet(43)) - raft.server.log.segment.size.max = 16384 (custom)
2019-06-17 21:05:36,462 INFO  server.RaftServerConfigKeys (ConfUtils.java:logGet(43)) - raft.server.log.segment.cache.num.max = 2 (custom)
2019-06-17 21:05:36,462 INFO  storage.RaftLogWorker (RaftLogWorker.java:<init>(123)) - new 72118071-fbf0-4ea5-bd03-a53b480c9686-RaftLogWorker for Storage Directory /opt/src/hadoop-ozone/tools/target/test-dir/MiniOzoneClusterImpl-f521264a-2c93-42ed-b45c-3cc3700eb292/datanode-0/data/ratis/54a644db-5305-430a-be63-9b909b638f1d
2019-06-17 21:05:36,463 INFO  server.RaftServerConfigKeys (ConfUtils.java:logGet(43)) - raft.server.log.queue.byte-limit = 2147483647 (custom)
2019-06-17 21:05:36,463 INFO  server.RaftServerConfigKeys (ConfUtils.java:logGet(43)) - raft.server.log.queue.element-limit = 1024 (custom)
2019-06-17 21:05:36,463 INFO  server.RaftServerConfigKeys (ConfUtils.java:logGet(43)) - raft.server.log.segment.size.max = 16384 (custom)
2019-06-17 21:05:36,463 INFO  server.RaftServerConfigKeys (ConfUtils.java:logGet(43)) - raft.server.log.preallocated.size = 16384 (custom)
2019-06-17 21:05:36,463 INFO  server.RaftServerConfigKeys (ConfUtils.java:logGet(43)) - raft.server.log.write.buffer.size = 33554432 (custom)
2019-06-17 21:05:36,463 INFO  server.RaftServerConfigKeys (ConfUtils.java:logGet(43)) - raft.server.log.force.sync.num = 128 (default)
2019-06-17 21:05:36,463 INFO  server.RaftServerConfigKeys (ConfUtils.java:logGet(43)) - raft.server.log.statemachine.data.sync = true (default)
2019-06-17 21:05:36,463 INFO  server.RaftServerConfigKeys (ConfUtils.java:logGet(43)) - raft.server.log.statemachine.data.sync.timeout = 10s (default)
2019-06-17 21:05:36,463 INFO  server.RaftServerConfigKeys (ConfUtils.java:logGet(43)) - raft.server.log.statemachine.data.sync.timeout.retry = -1 (default)
2019-06-17 21:05:36,466 INFO  server.RaftServerConfigKeys (ConfUtils.java:logGet(43)) - raft.server.snapshot.auto.trigger.enabled = true (custom)
2019-06-17 21:05:36,466 INFO  server.RaftServerConfigKeys (ConfUtils.java:logGet(43)) - raft.server.snapshot.auto.trigger.threshold = 10000 (custom)
2019-06-17 21:05:36,466 INFO  server.RaftServerConfigKeys (ConfUtils.java:logGet(43)) - raft.server.retrycache.expirytime = 600000ms (custom)
2019-06-17 21:05:36,466 INFO  impl.RaftServerImpl (RaftServerImpl.java:start(173)) - 304b8175-2dc1-486f-8c2c-80e11ee3f8b0: start group-9B909B638F1D
2019-06-17 21:05:36,467 INFO  impl.RaftServerImpl (RaftServerImpl.java:setRole(164)) - 304b8175-2dc1-486f-8c2c-80e11ee3f8b0:group-9B909B638F1D changes role from null to FOLLOWER at term 0 for startAsFollower
2019-06-17 21:05:36,467 INFO  impl.RoleInfo (RoleInfo.java:updateAndGet(143)) - 304b8175-2dc1-486f-8c2c-80e11ee3f8b0: start FollowerState
2019-06-17 21:05:36,471 INFO  server.RaftServerConfigKeys (ConfUtils.java:logGet(43)) - raft.server.log.statemachine.data.caching.enabled = true (custom)
2019-06-17 21:05:36,471 INFO  server.RaftServerConfigKeys (ConfUtils.java:logGet(43)) - raft.server.log.statemachine.data.caching.enabled = true (custom)
2019-06-17 21:05:36,471 INFO  util.JmxRegister (JmxRegister.java:tryRegister(44)) - Successfully registered JMX Bean with object name Ratis:service=RaftServer,group=group-9B909B638F1D,id=304b8175-2dc1-486f-8c2c-80e11ee3f8b0
2019-06-17 21:05:36,471 INFO  server.RaftServerConfigKeys (ConfUtils.java:logGet(43)) - raft.server.snapshot.auto.trigger.enabled = true (custom)
2019-06-17 21:05:36,471 INFO  server.RaftServerConfigKeys (ConfUtils.java:logGet(43)) - raft.server.snapshot.auto.trigger.threshold = 10000 (custom)
2019-06-17 21:05:36,471 INFO  server.RaftServerConfigKeys (ConfUtils.java:logGet(43)) - raft.server.snapshot.auto.trigger.enabled = true (custom)
2019-06-17 21:05:36,471 INFO  server.RaftServerConfigKeys (ConfUtils.java:logGet(43)) - raft.server.snapshot.auto.trigger.threshold = 10000 (custom)
2019-06-17 21:05:36,472 INFO  server.RaftServerConfigKeys (ConfUtils.java:logGet(43)) - raft.server.retrycache.expirytime = 600000ms (custom)
2019-06-17 21:05:36,472 INFO  impl.RaftServerImpl (RaftServerImpl.java:start(173)) - 5e67044a-ef5c-4276-a0f1-c429ed621be7: start group-9B909B638F1D
2019-06-17 21:05:36,472 INFO  impl.RaftServerImpl (RaftServerImpl.java:setRole(164)) - 5e67044a-ef5c-4276-a0f1-c429ed621be7:group-9B909B638F1D changes role from null to FOLLOWER at term 0 for startAsFollower
2019-06-17 21:05:36,472 INFO  impl.RoleInfo (RoleInfo.java:updateAndGet(143)) - 5e67044a-ef5c-4276-a0f1-c429ed621be7: start FollowerState
2019-06-17 21:05:36,472 INFO  util.JmxRegister (JmxRegister.java:tryRegister(44)) - Successfully registered JMX Bean with object name Ratis:service=RaftServer,group=group-9B909B638F1D,id=5e67044a-ef5c-4276-a0f1-c429ed621be7
2019-06-17 21:05:36,474 INFO  server.RaftServerConfigKeys (ConfUtils.java:logGet(43)) - raft.server.retrycache.expirytime = 600000ms (custom)
2019-06-17 21:05:36,474 INFO  impl.RaftServerImpl (RaftServerImpl.java:start(173)) - 72118071-fbf0-4ea5-bd03-a53b480c9686: start group-9B909B638F1D
2019-06-17 21:05:36,474 INFO  impl.RaftServerImpl (RaftServerImpl.java:setRole(164)) - 72118071-fbf0-4ea5-bd03-a53b480c9686:group-9B909B638F1D changes role from null to FOLLOWER at term 0 for startAsFollower
2019-06-17 21:05:36,474 INFO  impl.RoleInfo (RoleInfo.java:updateAndGet(143)) - 72118071-fbf0-4ea5-bd03-a53b480c9686: start FollowerState
2019-06-17 21:05:36,475 INFO  util.JmxRegister (JmxRegister.java:tryRegister(44)) - Successfully registered JMX Bean with object name Ratis:service=RaftServer,group=group-9B909B638F1D,id=72118071-fbf0-4ea5-bd03-a53b480c9686
2019-06-17 21:05:36,515 INFO  pipeline.PipelineStateManager (PipelineStateManager.java:addPipeline(56)) - Created pipeline Pipeline[ Id: 54a644db-5305-430a-be63-9b909b638f1d, Nodes: 72118071-fbf0-4ea5-bd03-a53b480c9686{ip: 192.168.134.96, host: ozone-unit-076618677d38kpfn-3395997600, networkLocation: /default-rack, certSerialId: null}5e67044a-ef5c-4276-a0f1-c429ed621be7{ip: 192.168.134.96, host: ozone-unit-076618677d38kpfn-3395997600, networkLocation: /default-rack, certSerialId: null}304b8175-2dc1-486f-8c2c-80e11ee3f8b0{ip: 192.168.134.96, host: ozone-unit-076618677d38kpfn-3395997600, networkLocation: /default-rack, certSerialId: null}, Type:RATIS, Factor:THREE, State:OPEN]
2019-06-17 21:05:36,527 INFO  freon.RandomKeyGenerator (RandomKeyGenerator.java:call(261)) - Number of Threads: 10
2019-06-17 21:05:36,527 INFO  freon.RandomKeyGenerator (RandomKeyGenerator.java:call(267)) - Number of Volumes: 1.
2019-06-17 21:05:36,527 INFO  freon.RandomKeyGenerator (RandomKeyGenerator.java:call(268)) - Number of Buckets per Volume: 1.
2019-06-17 21:05:36,527 INFO  freon.RandomKeyGenerator (RandomKeyGenerator.java:call(269)) - Number of Keys per Bucket: 1.
2019-06-17 21:05:36,527 INFO  freon.RandomKeyGenerator (RandomKeyGenerator.java:call(270)) - Key size: 20971520 bytes
2019-06-17 21:05:36,527 INFO  freon.RandomKeyGenerator (RandomKeyGenerator.java:call(271)) - Buffer size: 4096 bytes
2019-06-17 21:05:36,528 INFO  freon.RandomKeyGenerator (RandomKeyGenerator.java:call(287)) - Data validation is enabled.
2019-06-17 21:05:36,528 INFO  freon.RandomKeyGenerator (RandomKeyGenerator.java:call(300)) - Starting progress bar Thread.

2019-06-17 21:05:36,528 INFO  rpc.RpcClient (RpcClient.java:createVolume(289)) - Creating Volume: vol-0-82749, with jenkins1000 as owner.
 0.00% |█                                                                                                    |  0/1 Time: 0:00:002019-06-17 21:05:36,535 INFO  rpc.RpcClient (RpcClient.java:createBucket(426)) - Creating Bucket: vol-0-82749/bucket-0-18157, with Versioning false and Storage Type set to DISK and Encryption set to false 
2019-06-17 21:05:36,562 INFO  client.GrpcClientProtocolClient (GrpcClientProtocolClient.java:onNext(254)) - client-C233E465EE6E->72118071-fbf0-4ea5-bd03-a53b480c9686: receive RaftClientReply:client-C233E465EE6E->72118071-fbf0-4ea5-bd03-a53b480c9686@group-9B909B638F1D, cid=60, FAILED org.apache.ratis.protocol.NotLeaderException: Server 72118071-fbf0-4ea5-bd03-a53b480c9686 is not the leader (304b8175-2dc1-486f-8c2c-80e11ee3f8b0:192.168.134.96:38717). Request must be sent to leader., logIndex=0, commits[72118071-fbf0-4ea5-bd03-a53b480c9686:c-1]
2019-06-17 21:05:36,565 WARN  client.GrpcClientProtocolService (LogUtils.java:warn(134)) - 3-OrderedRequestStreamObserver3: onError: org.apache.ratis.thirdparty.io.grpc.StatusRuntimeException: CANCELLED: cancelled before receiving half close
2019-06-17 21:05:37,484 INFO  impl.FollowerState (FollowerState.java:run(101)) - 5e67044a-ef5c-4276-a0f1-c429ed621be7:group-9B909B638F1D changes to CANDIDATE, lastRpcTime:1012, electionTimeout:1012ms
2019-06-17 21:05:37,485 INFO  impl.RoleInfo (RoleInfo.java:shutdownFollowerState(121)) - 5e67044a-ef5c-4276-a0f1-c429ed621be7: shutdown FollowerState
2019-06-17 21:05:37,486 INFO  impl.RaftServerImpl (RaftServerImpl.java:setRole(164)) - 5e67044a-ef5c-4276-a0f1-c429ed621be7:group-9B909B638F1D changes role from FOLLOWER to CANDIDATE at term 0 for changeToCandidate
2019-06-17 21:05:37,486 INFO  impl.RoleInfo (RoleInfo.java:updateAndGet(143)) - 5e67044a-ef5c-4276-a0f1-c429ed621be7: start LeaderElection
2019-06-17 21:05:37,492 INFO  impl.LeaderElection (LeaderElection.java:askForVotes(181)) - 5e67044a-ef5c-4276-a0f1-c429ed621be7:group-9B909B638F1D:LeaderElection7: begin an election at term 1 for -1: [72118071-fbf0-4ea5-bd03-a53b480c9686:192.168.134.96:41659, 5e67044a-ef5c-4276-a0f1-c429ed621be7:192.168.134.96:44351, 304b8175-2dc1-486f-8c2c-80e11ee3f8b0:192.168.134.96:38717], old=null
2019-06-17 21:05:37,507 INFO  impl.RaftServerImpl (RaftServerImpl.java:setRole(164)) - 304b8175-2dc1-486f-8c2c-80e11ee3f8b0:group-9B909B638F1D changes role from FOLLOWER to FOLLOWER at term 1 for recognizeCandidate:5e67044a-ef5c-4276-a0f1-c429ed621be7
2019-06-17 21:05:37,507 INFO  impl.RoleInfo (RoleInfo.java:shutdownFollowerState(121)) - 304b8175-2dc1-486f-8c2c-80e11ee3f8b0: shutdown FollowerState
2019-06-17 21:05:37,507 INFO  impl.RoleInfo (RoleInfo.java:updateAndGet(143)) - 304b8175-2dc1-486f-8c2c-80e11ee3f8b0: start FollowerState
2019-06-17 21:05:37,507 INFO  impl.RaftServerImpl (RaftServerImpl.java:setRole(164)) - 72118071-fbf0-4ea5-bd03-a53b480c9686:group-9B909B638F1D changes role from FOLLOWER to FOLLOWER at term 1 for recognizeCandidate:5e67044a-ef5c-4276-a0f1-c429ed621be7
2019-06-17 21:05:37,507 INFO  impl.FollowerState (FollowerState.java:run(109)) - 304b8175-2dc1-486f-8c2c-80e11ee3f8b0: FollowerState was interrupted: java.lang.InterruptedException: sleep interrupted
2019-06-17 21:05:37,507 INFO  impl.RoleInfo (RoleInfo.java:shutdownFollowerState(121)) - 72118071-fbf0-4ea5-bd03-a53b480c9686: shutdown FollowerState
2019-06-17 21:05:37,507 INFO  impl.RoleInfo (RoleInfo.java:updateAndGet(143)) - 72118071-fbf0-4ea5-bd03-a53b480c9686: start FollowerState
2019-06-17 21:05:37,507 INFO  impl.FollowerState (FollowerState.java:run(109)) - 72118071-fbf0-4ea5-bd03-a53b480c9686: FollowerState was interrupted: java.lang.InterruptedException: sleep interrupted
2019-06-17 21:05:37,516 INFO  impl.LeaderElection (LeaderElection.java:logAndReturn(56)) - 5e67044a-ef5c-4276-a0f1-c429ed621be7:group-9B909B638F1D:LeaderElection7: Election PASSED; received 1 response(s) [5e67044a-ef5c-4276-a0f1-c429ed621be7->304b8175-2dc1-486f-8c2c-80e11ee3f8b0,true-t1] and 0 exception(s); 5e67044a-ef5c-4276-a0f1-c429ed621be7:t1, leader=null, voted=5e67044a-ef5c-4276-a0f1-c429ed621be7, raftlog=5e67044a-ef5c-4276-a0f1-c429ed621be7-SegmentedRaftLog:OPENED:c-1,f-1,i0, conf=-1: [72118071-fbf0-4ea5-bd03-a53b480c9686:192.168.134.96:41659, 5e67044a-ef5c-4276-a0f1-c429ed621be7:192.168.134.96:44351, 304b8175-2dc1-486f-8c2c-80e11ee3f8b0:192.168.134.96:38717], old=null
2019-06-17 21:05:37,516 INFO  impl.RoleInfo (RoleInfo.java:shutdownLeaderElection(134)) - 5e67044a-ef5c-4276-a0f1-c429ed621be7: shutdown LeaderElection
2019-06-17 21:05:37,516 INFO  impl.RaftServerImpl (RaftServerImpl.java:setRole(164)) - 5e67044a-ef5c-4276-a0f1-c429ed621be7:group-9B909B638F1D changes role from CANDIDATE to LEADER at term 1 for changeToLeader
2019-06-17 21:05:37,516 INFO  impl.RaftServerImpl (ServerState.java:setLeader(263)) - 5e67044a-ef5c-4276-a0f1-c429ed621be7:group-9B909B638F1D change Leader from null to 5e67044a-ef5c-4276-a0f1-c429ed621be7 at term 1 for becomeLeader, leader elected after 1055ms
2019-06-17 21:05:37,516 INFO  server.RaftServerConfigKeys (ConfUtils.java:logGet(43)) - raft.server.staging.catchup.gap = 1000 (default)
2019-06-17 21:05:37,516 INFO  server.RaftServerConfigKeys (ConfUtils.java:logGet(43)) - raft.server.rpc.sleep.time = 25ms (default)
2019-06-17 21:05:37,516 INFO  server.RaftServerConfigKeys (ConfUtils.java:logGet(43)) - raft.server.watch.timeout = 10s (default)
2019-06-17 21:05:37,516 INFO  server.RaftServerConfigKeys (ConfUtils.java:logGet(43)) - raft.server.watch.timeout.denomination = 1s (default)
2019-06-17 21:05:37,517 INFO  server.RaftServerConfigKeys (ConfUtils.java:logGet(43)) - raft.server.log.appender.snapshot.chunk.size.max = 16MB (=16777216) (default)
2019-06-17 21:05:37,517 INFO  server.RaftServerConfigKeys (ConfUtils.java:logGet(43)) - raft.server.log.appender.buffer.byte-limit = 33554432 (custom)
2019-06-17 21:05:37,517 INFO  server.RaftServerConfigKeys (ConfUtils.java:logGet(43)) - raft.server.log.appender.buffer.element-limit = 1 (custom)
2019-06-17 21:05:37,517 INFO  grpc.GrpcConfigKeys$Server (ConfUtils.java:logGet(43)) - raft.grpc.server.leader.outstanding.appends.max = 128 (default)
2019-06-17 21:05:37,517 INFO  server.RaftServerConfigKeys (ConfUtils.java:logGet(43)) - raft.server.rpc.request.timeout = 3000ms (default)
2019-06-17 21:05:37,517 INFO  server.RaftServerConfigKeys (ConfUtils.java:logGet(43)) - raft.server.log.appender.install.snapshot.enabled = true (default)
2019-06-17 21:05:37,518 INFO  server.RaftServerConfigKeys (ConfUtils.java:logGet(43)) - raft.server.log.appender.snapshot.chunk.size.max = 16MB (=16777216) (default)
2019-06-17 21:05:37,518 INFO  server.RaftServerConfigKeys (ConfUtils.java:logGet(43)) - raft.server.log.appender.buffer.byte-limit = 33554432 (custom)
2019-06-17 21:05:37,521 INFO  server.RaftServerConfigKeys (ConfUtils.java:logGet(43)) - raft.server.log.appender.buffer.element-limit = 1 (custom)
2019-06-17 21:05:37,521 INFO  grpc.GrpcConfigKeys$Server (ConfUtils.java:logGet(43)) - raft.grpc.server.leader.outstanding.appends.max = 128 (default)
2019-06-17 21:05:37,521 INFO  server.RaftServerConfigKeys (ConfUtils.java:logGet(43)) - raft.server.rpc.request.timeout = 3000ms (default)
2019-06-17 21:05:37,521 INFO  server.RaftServerConfigKeys (ConfUtils.java:logGet(43)) - raft.server.log.appender.install.snapshot.enabled = true (default)
2019-06-17 21:05:37,521 INFO  impl.RoleInfo (RoleInfo.java:updateAndGet(143)) - 5e67044a-ef5c-4276-a0f1-c429ed621be7: start LeaderState
2019-06-17 21:05:37,521 INFO  storage.RaftLogWorker (RaftLogWorker.java:startLogSegment(298)) - 5e67044a-ef5c-4276-a0f1-c429ed621be7-RaftLogWorker: Starting segment from index:0
2019-06-17 21:05:37,525 INFO  impl.RaftServerImpl (ServerState.java:setRaftConf(361)) - 5e67044a-ef5c-4276-a0f1-c429ed621be7:group-9B909B638F1D set configuration 0: [72118071-fbf0-4ea5-bd03-a53b480c9686:192.168.134.96:41659, 5e67044a-ef5c-4276-a0f1-c429ed621be7:192.168.134.96:44351, 304b8175-2dc1-486f-8c2c-80e11ee3f8b0:192.168.134.96:38717], old=null at 0
2019-06-17 21:05:37,543 INFO  impl.RaftServerImpl (ServerState.java:setLeader(263)) - 72118071-fbf0-4ea5-bd03-a53b480c9686:group-9B909B638F1D change Leader from null to 5e67044a-ef5c-4276-a0f1-c429ed621be7 at term 1 for appendEntries, leader elected after 1081ms
 0.00% |█                                                                                                    |  0/1 Time: 0:00:012019-06-17 21:05:37,546 INFO  impl.RaftServerImpl (ServerState.java:setRaftConf(361)) - 72118071-fbf0-4ea5-bd03-a53b480c9686:group-9B909B638F1D set configuration 0: [72118071-fbf0-4ea5-bd03-a53b480c9686:192.168.134.96:41659, 5e67044a-ef5c-4276-a0f1-c429ed621be7:192.168.134.96:44351, 304b8175-2dc1-486f-8c2c-80e11ee3f8b0:192.168.134.96:38717], old=null at 0
2019-06-17 21:05:37,547 INFO  storage.RaftLogWorker (RaftLogWorker.java:startLogSegment(298)) - 72118071-fbf0-4ea5-bd03-a53b480c9686-RaftLogWorker: Starting segment from index:0
2019-06-17 21:05:37,570 INFO  impl.RaftServerImpl (ServerState.java:setLeader(263)) - 304b8175-2dc1-486f-8c2c-80e11ee3f8b0:group-9B909B638F1D change Leader from null to 5e67044a-ef5c-4276-a0f1-c429ed621be7 at term 1 for appendEntries, leader elected after 1111ms
2019-06-17 21:05:37,607 INFO  storage.RaftLogWorker (RaftLogWorker.java:execute(469)) - 72118071-fbf0-4ea5-bd03-a53b480c9686-RaftLogWorker: created new log segment /opt/src/hadoop-ozone/tools/target/test-dir/MiniOzoneClusterImpl-f521264a-2c93-42ed-b45c-3cc3700eb292/datanode-0/data/ratis/54a644db-5305-430a-be63-9b909b638f1d/current/log_inprogress_0
2019-06-17 21:05:37,611 INFO  storage.RaftLogWorker (RaftLogWorker.java:execute(469)) - 5e67044a-ef5c-4276-a0f1-c429ed621be7-RaftLogWorker: created new log segment /opt/src/hadoop-ozone/tools/target/test-dir/MiniOzoneClusterImpl-f521264a-2c93-42ed-b45c-3cc3700eb292/datanode-1/data/ratis/54a644db-5305-430a-be63-9b909b638f1d/current/log_inprogress_0
2019-06-17 21:05:37,613 INFO  impl.RaftServerImpl (ServerState.java:setRaftConf(361)) - 304b8175-2dc1-486f-8c2c-80e11ee3f8b0:group-9B909B638F1D set configuration 0: [72118071-fbf0-4ea5-bd03-a53b480c9686:192.168.134.96:41659, 5e67044a-ef5c-4276-a0f1-c429ed621be7:192.168.134.96:44351, 304b8175-2dc1-486f-8c2c-80e11ee3f8b0:192.168.134.96:38717], old=null at 0
2019-06-17 21:05:37,614 INFO  storage.RaftLogWorker (RaftLogWorker.java:startLogSegment(298)) - 304b8175-2dc1-486f-8c2c-80e11ee3f8b0-RaftLogWorker: Starting segment from index:0
2019-06-17 21:05:37,626 INFO  keyvalue.KeyValueHandler (ContainerUtils.java:logAndReturnError(146)) - Operation: CreateContainer : Trace ID: a60f6bc815df41cb:1d36649b319653ab:5b94476b8fe392f3:0 : Message: Container creation failed, due to disk out of space : Result: DISK_OUT_OF_SPACE
21:05:37.628 [pool-47-thread-21] ERROR DNAudit - user=null | ip=null | op=WRITE_CHUNK {blockData=conID: 4 locID: 102288951642619911 bcsId: 0} | ret=FAILURE
org.apache.hadoop.hdds.scm.container.common.helpers.StorageContainerException: ContainerID 4 creation failed
	at org.apache.hadoop.ozone.container.common.impl.HddsDispatcher.dispatchRequest(HddsDispatcher.java:227) ~[classes/:?]
	at org.apache.hadoop.ozone.container.common.impl.HddsDispatcher.dispatch(HddsDispatcher.java:148) ~[classes/:?]
	at org.apache.hadoop.ozone.container.common.transport.server.ratis.ContainerStateMachine.dispatchCommand(ContainerStateMachine.java:347) ~[classes/:?]
	at org.apache.hadoop.ozone.container.common.transport.server.ratis.ContainerStateMachine.runCommand(ContainerStateMachine.java:354) ~[classes/:?]
	at org.apache.hadoop.ozone.container.common.transport.server.ratis.ContainerStateMachine.lambda$handleWriteChunk$0(ContainerStateMachine.java:385) ~[classes/:?]
	at java.util.concurrent.CompletableFuture$AsyncSupply.run(CompletableFuture.java:1590) [?:1.8.0_212]
	at java.util.concurrent.ThreadPoolExecutor.runWorker(ThreadPoolExecutor.java:1149) [?:1.8.0_212]
	at java.util.concurrent.ThreadPoolExecutor$Worker.run(ThreadPoolExecutor.java:624) [?:1.8.0_212]
	at java.lang.Thread.run(Thread.java:748) [?:1.8.0_212]
2019-06-17 21:05:37,639 INFO  impl.HddsDispatcher (ContainerUtils.java:logAndReturnError(146)) - Operation: WriteChunk : Trace ID: a60f6bc815df41cb:1d36649b319653ab:5b94476b8fe392f3:0 : Message: ContainerID 4 creation failed : Result: DISK_OUT_OF_SPACE
2019-06-17 21:05:37,673 INFO  storage.RaftLogWorker (RaftLogWorker.java:execute(469)) - 304b8175-2dc1-486f-8c2c-80e11ee3f8b0-RaftLogWorker: created new log segment /opt/src/hadoop-ozone/tools/target/test-dir/MiniOzoneClusterImpl-f521264a-2c93-42ed-b45c-3cc3700eb292/datanode-2/data/ratis/54a644db-5305-430a-be63-9b909b638f1d/current/log_inprogress_0
21:05:37.679 [pool-52-thread-1] ERROR DNAudit - user=null | ip=null | op=WRITE_CHUNK {blockData=conID: 4 locID: 102288951642619911 bcsId: 0} | ret=FAILURE
org.apache.hadoop.hdds.scm.container.common.helpers.StorageContainerException: ContainerID 4 does not exist
	at org.apache.hadoop.ozone.container.common.impl.HddsDispatcher.dispatchRequest(HddsDispatcher.java:242) ~[classes/:?]
	at org.apache.hadoop.ozone.container.common.impl.HddsDispatcher.dispatch(HddsDispatcher.java:148) ~[classes/:?]
	at org.apache.hadoop.ozone.container.common.transport.server.ratis.ContainerStateMachine.dispatchCommand(ContainerStateMachine.java:347) ~[classes/:?]
	at org.apache.hadoop.ozone.container.common.transport.server.ratis.ContainerStateMachine.runCommand(ContainerStateMachine.java:354) ~[classes/:?]
	at org.apache.hadoop.ozone.container.common.transport.server.ratis.ContainerStateMachine.lambda$applyTransaction$5(ContainerStateMachine.java:621) ~[classes/:?]
	at java.util.concurrent.CompletableFuture$AsyncSupply.run(CompletableFuture.java:1590) [?:1.8.0_212]
	at java.util.concurrent.ThreadPoolExecutor.runWorker(ThreadPoolExecutor.java:1149) [?:1.8.0_212]
	at java.util.concurrent.ThreadPoolExecutor$Worker.run(ThreadPoolExecutor.java:624) [?:1.8.0_212]
	at java.lang.Thread.run(Thread.java:748) [?:1.8.0_212]
2019-06-17 21:05:37,680 INFO  impl.HddsDispatcher (ContainerUtils.java:logAndReturnError(146)) - Operation: WriteChunk : Trace ID: a60f6bc815df41cb:1d36649b319653ab:5b94476b8fe392f3:0 : Message: ContainerID 4 does not exist : Result: CONTAINER_NOT_FOUND
2019-06-17 21:05:37,689 INFO  client.GrpcClientProtocolClient (GrpcClientProtocolClient.java:onNext(254)) - client-C233E465EE6E->5e67044a-ef5c-4276-a0f1-c429ed621be7: receive RaftClientReply:client-C233E465EE6E->5e67044a-ef5c-4276-a0f1-c429ed621be7@group-9B909B638F1D, cid=60, SUCCESS, logIndex=1, commits[5e67044a-ef5c-4276-a0f1-c429ed621be7:c1, 72118071-fbf0-4ea5-bd03-a53b480c9686:c0, 304b8175-2dc1-486f-8c2c-80e11ee3f8b0:c0]
2019-06-17 21:05:37,693 ERROR storage.BlockOutputStream (BlockOutputStream.java:validateResponse(538)) - Unexpected Storage Container Exception: 
org.apache.hadoop.hdds.scm.container.common.helpers.StorageContainerException: ContainerID 4 does not exist
	at org.apache.hadoop.hdds.scm.storage.ContainerProtocolCalls.validateContainerResponse(ContainerProtocolCalls.java:536)
	at org.apache.hadoop.hdds.scm.storage.BlockOutputStream.validateResponse(BlockOutputStream.java:536)
	at org.apache.hadoop.hdds.scm.storage.BlockOutputStream.lambda$writeChunkToContainer$2(BlockOutputStream.java:614)
	at java.util.concurrent.CompletableFuture.uniApply(CompletableFuture.java:602)
	at java.util.concurrent.CompletableFuture$UniApply.tryFire(CompletableFuture.java:577)
	at java.util.concurrent.CompletableFuture$Completion.run(CompletableFuture.java:442)
	at java.util.concurrent.ThreadPoolExecutor.runWorker(ThreadPoolExecutor.java:1149)
	at java.util.concurrent.ThreadPoolExecutor$Worker.run(ThreadPoolExecutor.java:624)
	at java.lang.Thread.run(Thread.java:748)
21:05:37.707 [pool-52-thread-1] ERROR DNAudit - user=null | ip=null | op=PUT_BLOCK {blockData=[blockId=conID: 4 locID: 102288951642619911 bcsId: 0,size=1048576]} | ret=FAILURE
org.apache.hadoop.hdds.scm.container.common.helpers.StorageContainerException: ContainerID 4 does not exist
	at org.apache.hadoop.ozone.container.common.impl.HddsDispatcher.dispatchRequest(HddsDispatcher.java:242) ~[classes/:?]
	at org.apache.hadoop.ozone.container.common.impl.HddsDispatcher.dispatch(HddsDispatcher.java:148) ~[classes/:?]
	at org.apache.hadoop.ozone.container.common.transport.server.ratis.ContainerStateMachine.dispatchCommand(ContainerStateMachine.java:347) ~[classes/:?]
	at org.apache.hadoop.ozone.container.common.transport.server.ratis.ContainerStateMachine.runCommand(ContainerStateMachine.java:354) ~[classes/:?]
	at org.apache.hadoop.ozone.container.common.transport.server.ratis.ContainerStateMachine.lambda$applyTransaction$5(ContainerStateMachine.java:621) ~[classes/:?]
	at java.util.concurrent.CompletableFuture$AsyncSupply.run(CompletableFuture.java:1590) [?:1.8.0_212]
	at java.util.concurrent.ThreadPoolExecutor.runWorker(ThreadPoolExecutor.java:1149) [?:1.8.0_212]
	at java.util.concurrent.ThreadPoolExecutor$Worker.run(ThreadPoolExecutor.java:624) [?:1.8.0_212]
	at java.lang.Thread.run(Thread.java:748) [?:1.8.0_212]
2019-06-17 21:05:37,708 INFO  impl.HddsDispatcher (ContainerUtils.java:logAndReturnError(146)) - Operation: PutBlock : Trace ID: a60f6bc815df41cb:4644eceaa8b12606:5b94476b8fe392f3:0 : Message: ContainerID 4 does not exist : Result: CONTAINER_NOT_FOUND
2019-06-17 21:05:37,711 INFO  client.GrpcClientProtocolClient (GrpcClientProtocolClient.java:onNext(254)) - client-C233E465EE6E->5e67044a-ef5c-4276-a0f1-c429ed621be7: receive RaftClientReply:client-C233E465EE6E->5e67044a-ef5c-4276-a0f1-c429ed621be7@group-9B909B638F1D, cid=61, SUCCESS, logIndex=3, commits[5e67044a-ef5c-4276-a0f1-c429ed621be7:c3, 72118071-fbf0-4ea5-bd03-a53b480c9686:c2, 304b8175-2dc1-486f-8c2c-80e11ee3f8b0:c2]
2019-06-17 21:05:37,715 INFO  keyvalue.KeyValueHandler (ContainerUtils.java:logAndReturnError(146)) - Operation: CreateContainer : Trace ID: a60f6bc815df41cb:cebde0c1a16dae29:5b94476b8fe392f3:0 : Message: Container creation failed, due to disk out of space : Result: DISK_OUT_OF_SPACE
21:05:37.715 [pool-47-thread-24] ERROR DNAudit - user=null | ip=null | op=WRITE_CHUNK {blockData=conID: 4 locID: 102288951642619911 bcsId: 0} | ret=FAILURE
org.apache.hadoop.hdds.scm.container.common.helpers.StorageContainerException: ContainerID 4 creation failed
	at org.apache.hadoop.ozone.container.common.impl.HddsDispatcher.dispatchRequest(HddsDispatcher.java:227) ~[classes/:?]
	at org.apache.hadoop.ozone.container.common.impl.HddsDispatcher.dispatch(HddsDispatcher.java:148) ~[classes/:?]
	at org.apache.hadoop.ozone.container.common.transport.server.ratis.ContainerStateMachine.dispatchCommand(ContainerStateMachine.java:347) ~[classes/:?]
	at org.apache.hadoop.ozone.container.common.transport.server.ratis.ContainerStateMachine.runCommand(ContainerStateMachine.java:354) ~[classes/:?]
	at org.apache.hadoop.ozone.container.common.transport.server.ratis.ContainerStateMachine.lambda$handleWriteChunk$0(ContainerStateMachine.java:385) ~[classes/:?]
	at java.util.concurrent.CompletableFuture$AsyncSupply.run(CompletableFuture.java:1590) [?:1.8.0_212]
	at java.util.concurrent.ThreadPoolExecutor.runWorker(ThreadPoolExecutor.java:1149) [?:1.8.0_212]
	at java.util.concurrent.ThreadPoolExecutor$Worker.run(ThreadPoolExecutor.java:624) [?:1.8.0_212]
	at java.lang.Thread.run(Thread.java:748) [?:1.8.0_212]
2019-06-17 21:05:37,716 INFO  impl.HddsDispatcher (ContainerUtils.java:logAndReturnError(146)) - Operation: WriteChunk : Trace ID: a60f6bc815df41cb:cebde0c1a16dae29:5b94476b8fe392f3:0 : Message: ContainerID 4 creation failed : Result: DISK_OUT_OF_SPACE
21:05:37.728 [pool-52-thread-1] ERROR DNAudit - user=null | ip=null | op=WRITE_CHUNK {blockData=conID: 4 locID: 102288951642619911 bcsId: 0} | ret=FAILURE
org.apache.hadoop.hdds.scm.container.common.helpers.StorageContainerException: ContainerID 4 does not exist
	at org.apache.hadoop.ozone.container.common.impl.HddsDispatcher.dispatchRequest(HddsDispatcher.java:242) ~[classes/:?]
	at org.apache.hadoop.ozone.container.common.impl.HddsDispatcher.dispatch(HddsDispatcher.java:148) ~[classes/:?]
	at org.apache.hadoop.ozone.container.common.transport.server.ratis.ContainerStateMachine.dispatchCommand(ContainerStateMachine.java:347) ~[classes/:?]
	at org.apache.hadoop.ozone.container.common.transport.server.ratis.ContainerStateMachine.runCommand(ContainerStateMachine.java:354) ~[classes/:?]
	at org.apache.hadoop.ozone.container.common.transport.server.ratis.ContainerStateMachine.lambda$applyTransaction$5(ContainerStateMachine.java:621) ~[classes/:?]
	at java.util.concurrent.CompletableFuture$AsyncSupply.run(CompletableFuture.java:1590) [?:1.8.0_212]
	at java.util.concurrent.ThreadPoolExecutor.runWorker(ThreadPoolExecutor.java:1149) [?:1.8.0_212]
	at java.util.concurrent.ThreadPoolExecutor$Worker.run(ThreadPoolExecutor.java:624) [?:1.8.0_212]
	at java.lang.Thread.run(Thread.java:748) [?:1.8.0_212]
2019-06-17 21:05:37,728 INFO  impl.HddsDispatcher (ContainerUtils.java:logAndReturnError(146)) - Operation: WriteChunk : Trace ID: a60f6bc815df41cb:cebde0c1a16dae29:5b94476b8fe392f3:0 : Message: ContainerID 4 does not exist : Result: CONTAINER_NOT_FOUND
2019-06-17 21:05:37,730 INFO  client.GrpcClientProtocolClient (GrpcClientProtocolClient.java:onNext(254)) - client-C233E465EE6E->5e67044a-ef5c-4276-a0f1-c429ed621be7: receive RaftClientReply:client-C233E465EE6E->5e67044a-ef5c-4276-a0f1-c429ed621be7@group-9B909B638F1D, cid=62, SUCCESS, logIndex=5, commits[5e67044a-ef5c-4276-a0f1-c429ed621be7:c5, 72118071-fbf0-4ea5-bd03-a53b480c9686:c3, 304b8175-2dc1-486f-8c2c-80e11ee3f8b0:c3]
21:05:37.735 [pool-52-thread-1] ERROR DNAudit - user=null | ip=null | op=PUT_BLOCK {blockData=[blockId=conID: 4 locID: 102288951642619911 bcsId: 0,size=2097152]} | ret=FAILURE
org.apache.hadoop.hdds.scm.container.common.helpers.StorageContainerException: ContainerID 4 does not exist
	at org.apache.hadoop.ozone.container.common.impl.HddsDispatcher.dispatchRequest(HddsDispatcher.java:242) ~[classes/:?]
	at org.apache.hadoop.ozone.container.common.impl.HddsDispatcher.dispatch(HddsDispatcher.java:148) ~[classes/:?]
	at org.apache.hadoop.ozone.container.common.transport.server.ratis.ContainerStateMachine.dispatchCommand(ContainerStateMachine.java:347) ~[classes/:?]
	at org.apache.hadoop.ozone.container.common.transport.server.ratis.ContainerStateMachine.runCommand(ContainerStateMachine.java:354) ~[classes/:?]
	at org.apache.hadoop.ozone.container.common.transport.server.ratis.ContainerStateMachine.lambda$applyTransaction$5(ContainerStateMachine.java:621) ~[classes/:?]
	at java.util.concurrent.CompletableFuture$AsyncSupply.run(CompletableFuture.java:1590) [?:1.8.0_212]
	at java.util.concurrent.ThreadPoolExecutor.runWorker(ThreadPoolExecutor.java:1149) [?:1.8.0_212]
	at java.util.concurrent.ThreadPoolExecutor$Worker.run(ThreadPoolExecutor.java:624) [?:1.8.0_212]
	at java.lang.Thread.run(Thread.java:748) [?:1.8.0_212]
2019-06-17 21:05:37,736 INFO  impl.HddsDispatcher (ContainerUtils.java:logAndReturnError(146)) - Operation: PutBlock : Trace ID: a60f6bc815df41cb:b5a0374014484851:5b94476b8fe392f3:0 : Message: ContainerID 4 does not exist : Result: CONTAINER_NOT_FOUND
2019-06-17 21:05:37,740 INFO  client.GrpcClientProtocolClient (GrpcClientProtocolClient.java:onNext(254)) - client-C233E465EE6E->5e67044a-ef5c-4276-a0f1-c429ed621be7: receive RaftClientReply:client-C233E465EE6E->5e67044a-ef5c-4276-a0f1-c429ed621be7@group-9B909B638F1D, cid=63, SUCCESS, logIndex=7, commits[5e67044a-ef5c-4276-a0f1-c429ed621be7:c7, 72118071-fbf0-4ea5-bd03-a53b480c9686:c6, 304b8175-2dc1-486f-8c2c-80e11ee3f8b0:c5]
2019-06-17 21:05:37,742 ERROR freon.RandomKeyGenerator (RandomKeyGenerator.java:run(675)) - Exception while adding key: key-0-29341 in bucket: org.apache.hadoop.ozone.client.OzoneBucket@6323d7bf of volume: org.apache.hadoop.ozone.client.OzoneVolume@54306f87.
java.io.IOException: Unexpected Storage Container Exception: org.apache.hadoop.hdds.scm.container.common.helpers.StorageContainerException: ContainerID 4 does not exist
	at org.apache.hadoop.hdds.scm.storage.BlockOutputStream.setIoException(BlockOutputStream.java:548)
	at org.apache.hadoop.hdds.scm.storage.BlockOutputStream.validateResponse(BlockOutputStream.java:539)
	at org.apache.hadoop.hdds.scm.storage.BlockOutputStream.lambda$writeChunkToContainer$2(BlockOutputStream.java:614)
	at java.util.concurrent.CompletableFuture.uniApply(CompletableFuture.java:602)
	at java.util.concurrent.CompletableFuture$UniApply.tryFire(CompletableFuture.java:577)
	at java.util.concurrent.CompletableFuture$Completion.run(CompletableFuture.java:442)
	at java.util.concurrent.ThreadPoolExecutor.runWorker(ThreadPoolExecutor.java:1149)
	at java.util.concurrent.ThreadPoolExecutor$Worker.run(ThreadPoolExecutor.java:624)
	at java.lang.Thread.run(Thread.java:748)
Caused by: org.apache.hadoop.hdds.scm.container.common.helpers.StorageContainerException: ContainerID 4 does not exist
	at org.apache.hadoop.hdds.scm.storage.ContainerProtocolCalls.validateContainerResponse(ContainerProtocolCalls.java:536)
	at org.apache.hadoop.hdds.scm.storage.BlockOutputStream.validateResponse(BlockOutputStream.java:536)
	... 7 more
 100.00% |█████████████████████████████████████████████████████████████████████████████████████████████████████|  1/1 Time: 0:00:02
]]></system-out>
    <system-err><![CDATA[ERROR StatusLogger No Log4j 2 configuration file found. Using default configuration (logging only errors to the console), or user programmatically provided configurations. Set system property 'log4j2.debug' to show Log4j 2 internal initialization logging. See https://logging.apache.org/log4j/2.x/manual/configuration.html for instructions on how to configure Log4j 2
Jun 17, 2019 9:05:25 PM com.sun.jersey.server.impl.application.WebApplicationImpl _initiate
INFO: Initiating Jersey application, version 'Jersey: 1.19 02/11/2015 03:25 AM'
Jun 17, 2019 9:05:26 PM com.sun.jersey.server.impl.application.WebApplicationImpl _initiate
INFO: Initiating Jersey application, version 'Jersey: 1.19 02/11/2015 03:25 AM'
Jun 17, 2019 9:05:26 PM com.sun.jersey.server.impl.application.WebApplicationImpl _initiate
INFO: Initiating Jersey application, version 'Jersey: 1.19 02/11/2015 03:25 AM'
]]></system-err>
  </testcase>
</testsuite>