<?xml version="1.0" encoding="UTF-8"?>
<testsuite xmlns:xsi="http://www.w3.org/2001/XMLSchema-instance" xsi:noNamespaceSchemaLocation="https://maven.apache.org/surefire/maven-surefire-plugin/xsd/surefire-test-report.xsd" name="org.apache.hadoop.ozone.client.rpc.TestWatchForCommit" time="123.104" tests="6" errors="0" skipped="0" failures="1">
  <properties>
    <property name="awt.toolkit" value="sun.awt.X11.XToolkit"/>
    <property name="file.encoding.pkg" value="sun.io"/>
    <property name="java.specification.version" value="1.8"/>
    <property name="sun.cpu.isalist" value=""/>
    <property name="sun.jnu.encoding" value="UTF-8"/>
    <property name="java.class.path" value="/opt/src/hadoop-ozone/integration-test/target/test-classes:/opt/src/hadoop-ozone/integration-test/target/classes:/home/user/.m2/repository/org/apache/hadoop/hadoop-ozone-common/0.5.0-SNAPSHOT/hadoop-ozone-common-0.5.0-SNAPSHOT.jar:/home/user/.m2/repository/org/apache/commons/commons-compress/1.4.1/commons-compress-1.4.1.jar:/home/user/.m2/repository/org/tukaani/xz/1.0/xz-1.0.jar:/home/user/.m2/repository/org/apache/hadoop/hadoop-common/3.2.0/hadoop-common-3.2.0.jar:/home/user/.m2/repository/org/apache/hadoop/hadoop-hdfs/3.2.0/hadoop-hdfs-3.2.0.jar:/home/user/.m2/repository/org/apache/hadoop/hadoop-hdfs-client/3.2.0/hadoop-hdfs-client-3.2.0.jar:/home/user/.m2/repository/com/fasterxml/jackson/core/jackson-annotations/2.9.5/jackson-annotations-2.9.5.jar:/home/user/.m2/repository/org/apache/hadoop/hadoop-hdds-common/0.5.0-SNAPSHOT/hadoop-hdds-common-0.5.0-SNAPSHOT.jar:/home/user/.m2/repository/javax/annotation/javax.annotation-api/1.2/javax.annotation-api-1.2.jar:/home/user/.m2/repository/org/apache/ratis/ratis-server/0.4.0-2337318-SNAPSHOT/ratis-server-0.4.0-2337318-SNAPSHOT.jar:/home/user/.m2/repository/org/apache/ratis/ratis-thirdparty-misc/0.2.0/ratis-thirdparty-misc-0.2.0.jar:/home/user/.m2/repository/org/apache/ratis/ratis-proto/0.4.0-2337318-SNAPSHOT/ratis-proto-0.4.0-2337318-SNAPSHOT.jar:/home/user/.m2/repository/org/apache/ratis/ratis-common/0.4.0-2337318-SNAPSHOT/ratis-common-0.4.0-2337318-SNAPSHOT.jar:/home/user/.m2/repository/org/apache/ratis/ratis-client/0.4.0-2337318-SNAPSHOT/ratis-client-0.4.0-2337318-SNAPSHOT.jar:/home/user/.m2/repository/org/apache/ratis/ratis-metrics/0.4.0-2337318-SNAPSHOT/ratis-metrics-0.4.0-2337318-SNAPSHOT.jar:/home/user/.m2/repository/org/apache/ratis/ratis-netty/0.4.0-2337318-SNAPSHOT/ratis-netty-0.4.0-2337318-SNAPSHOT.jar:/home/user/.m2/repository/org/apache/ratis/ratis-grpc/0.4.0-2337318-SNAPSHOT/ratis-grpc-0.4.0-2337318-SNAPSHOT.jar:/home/user/.m2/repository/org/rocksdb/rocksdbjni/6.0.1/rocksdbjni-6.0.1.jar:/home/user/.m2/repository/org/apache/logging/log4j/log4j-api/2.11.0/log4j-api-2.11.0.jar:/home/user/.m2/repository/org/apache/logging/log4j/log4j-core/2.11.0/log4j-core-2.11.0.jar:/home/user/.m2/repository/com/lmax/disruptor/3.4.2/disruptor-3.4.2.jar:/home/user/.m2/repository/org/apache/commons/commons-pool2/2.6.0/commons-pool2-2.6.0.jar:/home/user/.m2/repository/org/bouncycastle/bcpkix-jdk15on/1.60/bcpkix-jdk15on-1.60.jar:/home/user/.m2/repository/commons-validator/commons-validator/1.6/commons-validator-1.6.jar:/home/user/.m2/repository/commons-digester/commons-digester/1.8.1/commons-digester-1.8.1.jar:/home/user/.m2/repository/io/jaegertracing/jaeger-client/0.33.1/jaeger-client-0.33.1.jar:/home/user/.m2/repository/io/jaegertracing/jaeger-thrift/0.33.1/jaeger-thrift-0.33.1.jar:/home/user/.m2/repository/org/apache/thrift/libthrift/0.11.0/libthrift-0.11.0.jar:/home/user/.m2/repository/com/squareup/okhttp3/okhttp/3.9.0/okhttp-3.9.0.jar:/home/user/.m2/repository/com/squareup/okio/okio/1.13.0/okio-1.13.0.jar:/home/user/.m2/repository/io/jaegertracing/jaeger-core/0.33.1/jaeger-core-0.33.1.jar:/home/user/.m2/repository/io/jaegertracing/jaeger-tracerresolver/0.33.1/jaeger-tracerresolver-0.33.1.jar:/home/user/.m2/repository/io/opentracing/contrib/opentracing-tracerresolver/0.1.5/opentracing-tracerresolver-0.1.5.jar:/home/user/.m2/repository/io/opentracing/opentracing-util/0.31.0/opentracing-util-0.31.0.jar:/home/user/.m2/repository/io/opentracing/opentracing-api/0.31.0/opentracing-api-0.31.0.jar:/home/user/.m2/repository/io/opentracing/opentracing-noop/0.31.0/opentracing-noop-0.31.0.jar:/home/user/.m2/repository/org/apache/hadoop/hadoop-hdds-server-framework/0.5.0-SNAPSHOT/hadoop-hdds-server-framework-0.5.0-SNAPSHOT.jar:/home/user/.m2/repository/org/apache/hadoop/hadoop-hdds-container-service/0.5.0-SNAPSHOT/hadoop-hdds-container-service-0.5.0-SNAPSHOT.jar:/home/user/.m2/repository/org/apache/hadoop/hadoop-hdds-client/0.5.0-SNAPSHOT/hadoop-hdds-client-0.5.0-SNAPSHOT.jar:/home/user/.m2/repository/org/apache/hadoop/hadoop-hdds-tools/0.5.0-SNAPSHOT/hadoop-hdds-tools-0.5.0-SNAPSHOT.jar:/home/user/.m2/repository/org/apache/hadoop/hadoop-hdds-server-scm/0.5.0-SNAPSHOT/hadoop-hdds-server-scm-0.5.0-SNAPSHOT.jar:/home/user/.m2/repository/org/apache/hadoop/hadoop-hdds-docs/0.5.0-SNAPSHOT/hadoop-hdds-docs-0.5.0-SNAPSHOT.jar:/home/user/.m2/repository/io/dropwizard/metrics/metrics-core/3.2.4/metrics-core-3.2.4.jar:/home/user/.m2/repository/org/hamcrest/hamcrest-all/1.3/hamcrest-all-1.3.jar:/home/user/.m2/repository/org/bouncycastle/bcprov-jdk15on/1.60/bcprov-jdk15on-1.60.jar:/home/user/.m2/repository/info/picocli/picocli/3.9.6/picocli-3.9.6.jar:/home/user/.m2/repository/com/google/protobuf/protobuf-java/2.5.0/protobuf-java-2.5.0.jar:/home/user/.m2/repository/com/google/guava/guava/11.0.2/guava-11.0.2.jar:/home/user/.m2/repository/org/apache/hadoop/hadoop-ozone-ozone-manager/0.5.0-SNAPSHOT/hadoop-ozone-ozone-manager-0.5.0-SNAPSHOT.jar:/home/user/.m2/repository/org/apache/hadoop/hadoop-minikdc/3.2.0/hadoop-minikdc-3.2.0.jar:/home/user/.m2/repository/commons-io/commons-io/2.5/commons-io-2.5.jar:/home/user/.m2/repository/org/apache/kerby/kerb-simplekdc/1.0.1/kerb-simplekdc-1.0.1.jar:/home/user/.m2/repository/org/apache/kerby/kerb-client/1.0.1/kerb-client-1.0.1.jar:/home/user/.m2/repository/org/apache/kerby/kerby-config/1.0.1/kerby-config-1.0.1.jar:/home/user/.m2/repository/org/apache/kerby/kerb-core/1.0.1/kerb-core-1.0.1.jar:/home/user/.m2/repository/org/apache/kerby/kerby-pkix/1.0.1/kerby-pkix-1.0.1.jar:/home/user/.m2/repository/org/apache/kerby/kerby-asn1/1.0.1/kerby-asn1-1.0.1.jar:/home/user/.m2/repository/org/apache/kerby/kerby-util/1.0.1/kerby-util-1.0.1.jar:/home/user/.m2/repository/org/apache/kerby/kerb-common/1.0.1/kerb-common-1.0.1.jar:/home/user/.m2/repository/org/apache/kerby/kerb-crypto/1.0.1/kerb-crypto-1.0.1.jar:/home/user/.m2/repository/org/apache/kerby/kerb-util/1.0.1/kerb-util-1.0.1.jar:/home/user/.m2/repository/org/apache/kerby/token-provider/1.0.1/token-provider-1.0.1.jar:/home/user/.m2/repository/org/apache/kerby/kerb-admin/1.0.1/kerb-admin-1.0.1.jar:/home/user/.m2/repository/org/apache/kerby/kerb-server/1.0.1/kerb-server-1.0.1.jar:/home/user/.m2/repository/org/apache/kerby/kerb-identity/1.0.1/kerb-identity-1.0.1.jar:/home/user/.m2/repository/org/apache/kerby/kerby-xdr/1.0.1/kerby-xdr-1.0.1.jar:/home/user/.m2/repository/org/slf4j/slf4j-log4j12/1.7.25/slf4j-log4j12-1.7.25.jar:/home/user/.m2/repository/org/apache/hadoop/hadoop-ozone-objectstore-service/0.5.0-SNAPSHOT/hadoop-ozone-objectstore-service-0.5.0-SNAPSHOT.jar:/home/user/.m2/repository/org/apache/hadoop/hadoop-ozone-s3gateway/0.5.0-SNAPSHOT/hadoop-ozone-s3gateway-0.5.0-SNAPSHOT.jar:/home/user/.m2/repository/org/jboss/weld/servlet/weld-servlet/2.4.7.Final/weld-servlet-2.4.7.Final.jar:/home/user/.m2/repository/org/glassfish/jersey/containers/jersey-container-servlet-core/2.27/jersey-container-servlet-core-2.27.jar:/home/user/.m2/repository/org/glassfish/hk2/external/javax.inject/2.5.0-b42/javax.inject-2.5.0-b42.jar:/home/user/.m2/repository/org/glassfish/jersey/core/jersey-common/2.27/jersey-common-2.27.jar:/home/user/.m2/repository/org/glassfish/hk2/osgi-resource-locator/1.0.1/osgi-resource-locator-1.0.1.jar:/home/user/.m2/repository/javax/ws/rs/javax.ws.rs-api/2.1/javax.ws.rs-api-2.1.jar:/home/user/.m2/repository/org/glassfish/jersey/ext/cdi/jersey-cdi1x/2.27/jersey-cdi1x-2.27.jar:/home/user/.m2/repository/org/glassfish/jersey/inject/jersey-hk2/2.27/jersey-hk2-2.27.jar:/home/user/.m2/repository/org/glassfish/hk2/hk2-locator/2.5.0-b42/hk2-locator-2.5.0-b42.jar:/home/user/.m2/repository/org/javassist/javassist/3.22.0-CR2/javassist-3.22.0-CR2.jar:/home/user/.m2/repository/org/glassfish/hk2/hk2-api/2.5.0/hk2-api-2.5.0.jar:/home/user/.m2/repository/org/glassfish/hk2/external/jakarta.inject/2.5.0/jakarta.inject-2.5.0.jar:/home/user/.m2/repository/org/glassfish/hk2/hk2-utils/2.5.0/hk2-utils-2.5.0.jar:/home/user/.m2/repository/jakarta/annotation/jakarta.annotation-api/1.3.4/jakarta.annotation-api-1.3.4.jar:/home/user/.m2/repository/org/glassfish/hk2/external/aopalliance-repackaged/2.5.0/aopalliance-repackaged-2.5.0.jar:/home/user/.m2/repository/com/fasterxml/jackson/dataformat/jackson-dataformat-xml/2.9.0/jackson-dataformat-xml-2.9.0.jar:/home/user/.m2/repository/com/fasterxml/jackson/core/jackson-core/2.9.5/jackson-core-2.9.5.jar:/home/user/.m2/repository/com/fasterxml/jackson/module/jackson-module-jaxb-annotations/2.9.5/jackson-module-jaxb-annotations-2.9.5.jar:/home/user/.m2/repository/javax/enterprise/cdi-api/1.2/cdi-api-1.2.jar:/home/user/.m2/repository/javax/el/javax.el-api/3.0.0/javax.el-api-3.0.0.jar:/home/user/.m2/repository/javax/interceptor/javax.interceptor-api/1.2/javax.interceptor-api-1.2.jar:/home/user/.m2/repository/javax/inject/javax.inject/1/javax.inject-1.jar:/home/user/.m2/repository/com/sun/xml/bind/jaxb-impl/2.3.0.1/jaxb-impl-2.3.0.1.jar:/home/user/.m2/repository/com/sun/xml/bind/jaxb-core/2.3.0.1/jaxb-core-2.3.0.1.jar:/home/user/.m2/repository/javax/xml/bind/jaxb-api/2.3.0/jaxb-api-2.3.0.jar:/home/user/.m2/repository/javax/activation/activation/1.1.1/activation-1.1.1.jar:/home/user/.m2/repository/org/apache/hadoop/hadoop-ozone-csi/0.5.0-SNAPSHOT/hadoop-ozone-csi-0.5.0-SNAPSHOT.jar:/home/user/.m2/repository/com/google/protobuf/protobuf-java-util/3.5.1/protobuf-java-util-3.5.1.jar:/home/user/.m2/repository/org/apache/hadoop/hadoop-hdds-config/0.5.0-SNAPSHOT/hadoop-hdds-config-0.5.0-SNAPSHOT.jar:/home/user/.m2/repository/io/grpc/grpc-netty/1.17.1/grpc-netty-1.17.1.jar:/home/user/.m2/repository/io/grpc/grpc-core/1.17.1/grpc-core-1.17.1.jar:/home/user/.m2/repository/io/grpc/grpc-context/1.17.1/grpc-context-1.17.1.jar:/home/user/.m2/repository/com/google/errorprone/error_prone_annotations/2.2.0/error_prone_annotations-2.2.0.jar:/home/user/.m2/repository/org/codehaus/mojo/animal-sniffer-annotations/1.17/animal-sniffer-annotations-1.17.jar:/home/user/.m2/repository/io/opencensus/opencensus-api/0.17.0/opencensus-api-0.17.0.jar:/home/user/.m2/repository/io/opencensus/opencensus-contrib-grpc-metrics/0.17.0/opencensus-contrib-grpc-metrics-0.17.0.jar:/home/user/.m2/repository/io/netty/netty-codec-http2/4.1.30.Final/netty-codec-http2-4.1.30.Final.jar:/home/user/.m2/repository/io/netty/netty-codec-http/4.1.30.Final/netty-codec-http-4.1.30.Final.jar:/home/user/.m2/repository/io/netty/netty-codec/4.1.30.Final/netty-codec-4.1.30.Final.jar:/home/user/.m2/repository/io/netty/netty-handler/4.1.30.Final/netty-handler-4.1.30.Final.jar:/home/user/.m2/repository/io/netty/netty-handler-proxy/4.1.30.Final/netty-handler-proxy-4.1.30.Final.jar:/home/user/.m2/repository/io/netty/netty-codec-socks/4.1.30.Final/netty-codec-socks-4.1.30.Final.jar:/home/user/.m2/repository/io/netty/netty-transport-native-epoll/4.1.30.Final/netty-transport-native-epoll-4.1.30.Final.jar:/home/user/.m2/repository/io/netty/netty-common/4.1.30.Final/netty-common-4.1.30.Final.jar:/home/user/.m2/repository/io/netty/netty-buffer/4.1.30.Final/netty-buffer-4.1.30.Final.jar:/home/user/.m2/repository/io/netty/netty-transport/4.1.30.Final/netty-transport-4.1.30.Final.jar:/home/user/.m2/repository/io/netty/netty-resolver/4.1.30.Final/netty-resolver-4.1.30.Final.jar:/home/user/.m2/repository/io/netty/netty-transport-native-unix-common/4.1.30.Final/netty-transport-native-unix-common-4.1.30.Final.jar:/home/user/.m2/repository/io/grpc/grpc-protobuf/1.17.1/grpc-protobuf-1.17.1.jar:/home/user/.m2/repository/com/google/api/grpc/proto-google-common-protos/1.0.0/proto-google-common-protos-1.0.0.jar:/home/user/.m2/repository/io/grpc/grpc-protobuf-lite/1.17.1/grpc-protobuf-lite-1.17.1.jar:/home/user/.m2/repository/io/grpc/grpc-stub/1.17.1/grpc-stub-1.17.1.jar:/home/user/.m2/repository/org/apache/hadoop/hadoop-ozone-recon/0.5.0-SNAPSHOT/hadoop-ozone-recon-0.5.0-SNAPSHOT.jar:/home/user/.m2/repository/org/apache/hadoop/hadoop-ozone-reconcodegen/0.5.0-SNAPSHOT/hadoop-ozone-reconcodegen-0.5.0-SNAPSHOT.jar:/home/user/.m2/repository/com/google/inject/extensions/guice-multibindings/4.0/guice-multibindings-4.0.jar:/home/user/.m2/repository/com/google/inject/guice/4.0/guice-4.0.jar:/home/user/.m2/repository/aopalliance/aopalliance/1.0/aopalliance-1.0.jar:/home/user/.m2/repository/com/google/inject/extensions/guice-servlet/4.0/guice-servlet-4.0.jar:/home/user/.m2/repository/org/glassfish/jersey/containers/jersey-container-servlet/2.27/jersey-container-servlet-2.27.jar:/home/user/.m2/repository/org/glassfish/hk2/guice-bridge/2.5.0/guice-bridge-2.5.0.jar:/home/user/.m2/repository/org/glassfish/jersey/core/jersey-server/2.27/jersey-server-2.27.jar:/home/user/.m2/repository/org/glassfish/jersey/core/jersey-client/2.27/jersey-client-2.27.jar:/home/user/.m2/repository/org/glassfish/jersey/media/jersey-media-jaxb/2.27/jersey-media-jaxb-2.27.jar:/home/user/.m2/repository/javax/validation/validation-api/1.1.0.Final/validation-api-1.1.0.Final.jar:/home/user/.m2/repository/org/glassfish/jersey/media/jersey-media-json-jackson/2.27/jersey-media-json-jackson-2.27.jar:/home/user/.m2/repository/org/glassfish/jersey/ext/jersey-entity-filtering/2.27/jersey-entity-filtering-2.27.jar:/home/user/.m2/repository/com/google/inject/extensions/guice-assistedinject/4.0/guice-assistedinject-4.0.jar:/home/user/.m2/repository/org/jooq/jooq/3.11.10/jooq-3.11.10.jar:/home/user/.m2/repository/org/jooq/jooq-meta/3.11.10/jooq-meta-3.11.10.jar:/home/user/.m2/repository/org/jooq/jooq-codegen/3.11.10/jooq-codegen-3.11.10.jar:/home/user/.m2/repository/com/jolbox/bonecp/0.8.0.RELEASE/bonecp-0.8.0.RELEASE.jar:/home/user/.m2/repository/org/xerial/sqlite-jdbc/3.25.2/sqlite-jdbc-3.25.2.jar:/home/user/.m2/repository/org/springframework/spring-jdbc/5.1.3.RELEASE/spring-jdbc-5.1.3.RELEASE.jar:/home/user/.m2/repository/org/springframework/spring-beans/5.1.3.RELEASE/spring-beans-5.1.3.RELEASE.jar:/home/user/.m2/repository/org/springframework/spring-core/5.1.3.RELEASE/spring-core-5.1.3.RELEASE.jar:/home/user/.m2/repository/org/springframework/spring-jcl/5.1.3.RELEASE/spring-jcl-5.1.3.RELEASE.jar:/home/user/.m2/repository/org/springframework/spring-tx/5.1.3.RELEASE/spring-tx-5.1.3.RELEASE.jar:/home/user/.m2/repository/org/apache/hadoop/hadoop-ozone-client/0.5.0-SNAPSHOT/hadoop-ozone-client-0.5.0-SNAPSHOT.jar:/home/user/.m2/repository/commons-lang/commons-lang/2.6/commons-lang-2.6.jar:/home/user/.m2/repository/org/apache/hadoop/hadoop-ozone-ozone-manager/0.5.0-SNAPSHOT/hadoop-ozone-ozone-manager-0.5.0-SNAPSHOT-tests.jar:/home/user/.m2/repository/junit/junit/4.11/junit-4.11.jar:/home/user/.m2/repository/org/hamcrest/hamcrest-core/1.3/hamcrest-core-1.3.jar:/home/user/.m2/repository/org/openjdk/jmh/jmh-core/1.19/jmh-core-1.19.jar:/home/user/.m2/repository/net/sf/jopt-simple/jopt-simple/4.6/jopt-simple-4.6.jar:/home/user/.m2/repository/org/apache/commons/commons-math3/3.1.1/commons-math3-3.1.1.jar:/home/user/.m2/repository/org/openjdk/jmh/jmh-generator-annprocess/1.19/jmh-generator-annprocess-1.19.jar:/home/user/.m2/repository/org/mockito/mockito-all/1.8.5/mockito-all-1.8.5.jar:/home/user/.m2/repository/org/apache/hadoop/hadoop-kms/3.2.0/hadoop-kms-3.2.0.jar:/home/user/.m2/repository/org/apache/hadoop/hadoop-auth/3.2.0/hadoop-auth-3.2.0.jar:/home/user/.m2/repository/com/nimbusds/nimbus-jose-jwt/4.41.1/nimbus-jose-jwt-4.41.1.jar:/home/user/.m2/repository/com/github/stephenc/jcip/jcip-annotations/1.0-1/jcip-annotations-1.0-1.jar:/home/user/.m2/repository/net/minidev/json-smart/2.3/json-smart-2.3.jar:/home/user/.m2/repository/net/minidev/accessors-smart/1.2/accessors-smart-1.2.jar:/home/user/.m2/repository/org/ow2/asm/asm/5.0.4/asm-5.0.4.jar:/home/user/.m2/repository/org/apache/curator/curator-framework/2.12.0/curator-framework-2.12.0.jar:/home/user/.m2/repository/com/sun/jersey/jersey-core/1.19/jersey-core-1.19.jar:/home/user/.m2/repository/javax/ws/rs/jsr311-api/1.1.1/jsr311-api-1.1.1.jar:/home/user/.m2/repository/com/sun/jersey/jersey-server/1.19/jersey-server-1.19.jar:/home/user/.m2/repository/javax/servlet/javax.servlet-api/3.1.0/javax.servlet-api-3.1.0.jar:/home/user/.m2/repository/org/eclipse/jetty/jetty-server/9.3.24.v20180605/jetty-server-9.3.24.v20180605.jar:/home/user/.m2/repository/org/eclipse/jetty/jetty-http/9.3.24.v20180605/jetty-http-9.3.24.v20180605.jar:/home/user/.m2/repository/org/eclipse/jetty/jetty-io/9.3.24.v20180605/jetty-io-9.3.24.v20180605.jar:/home/user/.m2/repository/org/eclipse/jetty/jetty-webapp/9.3.24.v20180605/jetty-webapp-9.3.24.v20180605.jar:/home/user/.m2/repository/org/eclipse/jetty/jetty-xml/9.3.24.v20180605/jetty-xml-9.3.24.v20180605.jar:/home/user/.m2/repository/log4j/log4j/1.2.17/log4j-1.2.17.jar:/home/user/.m2/repository/org/slf4j/slf4j-api/1.7.25/slf4j-api-1.7.25.jar:/home/user/.m2/repository/org/slf4j/jul-to-slf4j/1.7.25/jul-to-slf4j-1.7.25.jar:/home/user/.m2/repository/org/eclipse/jetty/jetty-util/9.3.24.v20180605/jetty-util-9.3.24.v20180605.jar:/home/user/.m2/repository/com/fasterxml/jackson/core/jackson-databind/2.9.5/jackson-databind-2.9.5.jar:/home/user/.m2/repository/org/apache/hadoop/hadoop-kms/3.2.0/hadoop-kms-3.2.0-tests.jar:/home/user/.m2/repository/org/apache/hadoop/hadoop-hdds-server-scm/0.5.0-SNAPSHOT/hadoop-hdds-server-scm-0.5.0-SNAPSHOT-tests.jar:/home/user/.m2/repository/org/apache/hadoop/hadoop-hdds-container-service/0.5.0-SNAPSHOT/hadoop-hdds-container-service-0.5.0-SNAPSHOT-tests.jar:/home/user/.m2/repository/org/yaml/snakeyaml/1.16/snakeyaml-1.16.jar:/home/user/.m2/repository/org/apache/hadoop/hadoop-common/3.2.0/hadoop-common-3.2.0-tests.jar:/home/user/.m2/repository/org/apache/hadoop/hadoop-annotations/3.2.0/hadoop-annotations-3.2.0.jar:/usr/lib/jvm/java-1.8-openjdk/jre/../lib/tools.jar:/home/user/.m2/repository/commons-cli/commons-cli/1.2/commons-cli-1.2.jar:/home/user/.m2/repository/org/apache/httpcomponents/httpclient/4.5.2/httpclient-4.5.2.jar:/home/user/.m2/repository/org/apache/httpcomponents/httpcore/4.4.4/httpcore-4.4.4.jar:/home/user/.m2/repository/commons-codec/commons-codec/1.11/commons-codec-1.11.jar:/home/user/.m2/repository/commons-net/commons-net/3.6/commons-net-3.6.jar:/home/user/.m2/repository/commons-collections/commons-collections/3.2.2/commons-collections-3.2.2.jar:/home/user/.m2/repository/org/eclipse/jetty/jetty-servlet/9.3.24.v20180605/jetty-servlet-9.3.24.v20180605.jar:/home/user/.m2/repository/org/eclipse/jetty/jetty-security/9.3.24.v20180605/jetty-security-9.3.24.v20180605.jar:/home/user/.m2/repository/javax/servlet/jsp/jsp-api/2.1/jsp-api-2.1.jar:/home/user/.m2/repository/com/sun/jersey/jersey-servlet/1.19/jersey-servlet-1.19.jar:/home/user/.m2/repository/com/sun/jersey/jersey-json/1.19/jersey-json-1.19.jar:/home/user/.m2/repository/org/codehaus/jettison/jettison/1.1/jettison-1.1.jar:/home/user/.m2/repository/org/codehaus/jackson/jackson-core-asl/1.9.13/jackson-core-asl-1.9.13.jar:/home/user/.m2/repository/org/codehaus/jackson/jackson-mapper-asl/1.9.13/jackson-mapper-asl-1.9.13.jar:/home/user/.m2/repository/org/codehaus/jackson/jackson-jaxrs/1.9.13/jackson-jaxrs-1.9.13.jar:/home/user/.m2/repository/org/codehaus/jackson/jackson-xc/1.9.13/jackson-xc-1.9.13.jar:/home/user/.m2/repository/commons-logging/commons-logging/1.1.3/commons-logging-1.1.3.jar:/home/user/.m2/repository/commons-beanutils/commons-beanutils/1.9.3/commons-beanutils-1.9.3.jar:/home/user/.m2/repository/org/apache/commons/commons-configuration2/2.1.1/commons-configuration2-2.1.1.jar:/home/user/.m2/repository/org/apache/commons/commons-lang3/3.7/commons-lang3-3.7.jar:/home/user/.m2/repository/org/apache/commons/commons-text/1.4/commons-text-1.4.jar:/home/user/.m2/repository/org/apache/avro/avro/1.7.7/avro-1.7.7.jar:/home/user/.m2/repository/com/thoughtworks/paranamer/paranamer/2.3/paranamer-2.3.jar:/home/user/.m2/repository/org/xerial/snappy/snappy-java/1.0.5/snappy-java-1.0.5.jar:/home/user/.m2/repository/com/google/re2j/re2j/1.1/re2j-1.1.jar:/home/user/.m2/repository/com/google/code/gson/gson/2.2.4/gson-2.2.4.jar:/home/user/.m2/repository/com/jcraft/jsch/0.1.54/jsch-0.1.54.jar:/home/user/.m2/repository/org/apache/curator/curator-client/2.12.0/curator-client-2.12.0.jar:/home/user/.m2/repository/org/apache/curator/curator-recipes/2.12.0/curator-recipes-2.12.0.jar:/home/user/.m2/repository/com/google/code/findbugs/jsr305/3.0.0/jsr305-3.0.0.jar:/home/user/.m2/repository/org/apache/htrace/htrace-core4/4.1.0-incubating/htrace-core4-4.1.0-incubating.jar:/home/user/.m2/repository/org/apache/zookeeper/zookeeper/3.4.13/zookeeper-3.4.13.jar:/home/user/.m2/repository/org/apache/yetus/audience-annotations/0.5.0/audience-annotations-0.5.0.jar:/home/user/.m2/repository/org/codehaus/woodstox/stax2-api/3.1.4/stax2-api-3.1.4.jar:/home/user/.m2/repository/com/fasterxml/woodstox/woodstox-core/5.0.3/woodstox-core-5.0.3.jar:/home/user/.m2/repository/dnsjava/dnsjava/2.1.7/dnsjava-2.1.7.jar:/home/user/.m2/repository/org/apache/hadoop/hadoop-hdfs/3.2.0/hadoop-hdfs-3.2.0-tests.jar:/home/user/.m2/repository/org/eclipse/jetty/jetty-util-ajax/9.3.24.v20180605/jetty-util-ajax-9.3.24.v20180605.jar:/home/user/.m2/repository/commons-daemon/commons-daemon/1.0.13/commons-daemon-1.0.13.jar:/home/user/.m2/repository/io/netty/netty/3.10.5.Final/netty-3.10.5.Final.jar:/home/user/.m2/repository/io/netty/netty-all/4.0.52.Final/netty-all-4.0.52.Final.jar:/home/user/.m2/repository/org/fusesource/leveldbjni/leveldbjni-all/1.8/leveldbjni-all-1.8.jar:"/>
    <property name="java.vm.vendor" value="IcedTea"/>
    <property name="sun.arch.data.model" value="64"/>
    <property name="test.build.dir" value="/opt/src/hadoop-ozone/integration-test/target/test-dir"/>
    <property name="test.cache.data" value=""/>
    <property name="java.vendor.url" value="https://icedtea.classpath.org"/>
    <property name="user.timezone" value=""/>
    <property name="java.vm.specification.version" value="1.8"/>
    <property name="os.name" value="Linux"/>
    <property name="test.build.data" value="/opt/src/hadoop-ozone/integration-test/target/test-dir"/>
    <property name="user.country" value="US"/>
    <property name="sun.java.launcher" value="SUN_STANDARD"/>
    <property name="sun.boot.library.path" value="/usr/lib/jvm/java-1.8-openjdk/jre/lib/amd64"/>
    <property name="sun.java.command" value="/opt/src/hadoop-ozone/integration-test/target/surefire/surefirebooter5652987233867300777.jar /opt/src/hadoop-ozone/integration-test/target/surefire 2019-07-03T21-53-23_177-jvmRun1 surefire1994753646463779725tmp surefire_475655229127609118060tmp"/>
    <property name="surefire.test.class.path" value="/opt/src/hadoop-ozone/integration-test/target/test-classes:/opt/src/hadoop-ozone/integration-test/target/classes:/home/user/.m2/repository/org/apache/hadoop/hadoop-ozone-common/0.5.0-SNAPSHOT/hadoop-ozone-common-0.5.0-SNAPSHOT.jar:/home/user/.m2/repository/org/apache/commons/commons-compress/1.4.1/commons-compress-1.4.1.jar:/home/user/.m2/repository/org/tukaani/xz/1.0/xz-1.0.jar:/home/user/.m2/repository/org/apache/hadoop/hadoop-common/3.2.0/hadoop-common-3.2.0.jar:/home/user/.m2/repository/org/apache/hadoop/hadoop-hdfs/3.2.0/hadoop-hdfs-3.2.0.jar:/home/user/.m2/repository/org/apache/hadoop/hadoop-hdfs-client/3.2.0/hadoop-hdfs-client-3.2.0.jar:/home/user/.m2/repository/com/fasterxml/jackson/core/jackson-annotations/2.9.5/jackson-annotations-2.9.5.jar:/home/user/.m2/repository/org/apache/hadoop/hadoop-hdds-common/0.5.0-SNAPSHOT/hadoop-hdds-common-0.5.0-SNAPSHOT.jar:/home/user/.m2/repository/javax/annotation/javax.annotation-api/1.2/javax.annotation-api-1.2.jar:/home/user/.m2/repository/org/apache/ratis/ratis-server/0.4.0-2337318-SNAPSHOT/ratis-server-0.4.0-2337318-SNAPSHOT.jar:/home/user/.m2/repository/org/apache/ratis/ratis-thirdparty-misc/0.2.0/ratis-thirdparty-misc-0.2.0.jar:/home/user/.m2/repository/org/apache/ratis/ratis-proto/0.4.0-2337318-SNAPSHOT/ratis-proto-0.4.0-2337318-SNAPSHOT.jar:/home/user/.m2/repository/org/apache/ratis/ratis-common/0.4.0-2337318-SNAPSHOT/ratis-common-0.4.0-2337318-SNAPSHOT.jar:/home/user/.m2/repository/org/apache/ratis/ratis-client/0.4.0-2337318-SNAPSHOT/ratis-client-0.4.0-2337318-SNAPSHOT.jar:/home/user/.m2/repository/org/apache/ratis/ratis-metrics/0.4.0-2337318-SNAPSHOT/ratis-metrics-0.4.0-2337318-SNAPSHOT.jar:/home/user/.m2/repository/org/apache/ratis/ratis-netty/0.4.0-2337318-SNAPSHOT/ratis-netty-0.4.0-2337318-SNAPSHOT.jar:/home/user/.m2/repository/org/apache/ratis/ratis-grpc/0.4.0-2337318-SNAPSHOT/ratis-grpc-0.4.0-2337318-SNAPSHOT.jar:/home/user/.m2/repository/org/rocksdb/rocksdbjni/6.0.1/rocksdbjni-6.0.1.jar:/home/user/.m2/repository/org/apache/logging/log4j/log4j-api/2.11.0/log4j-api-2.11.0.jar:/home/user/.m2/repository/org/apache/logging/log4j/log4j-core/2.11.0/log4j-core-2.11.0.jar:/home/user/.m2/repository/com/lmax/disruptor/3.4.2/disruptor-3.4.2.jar:/home/user/.m2/repository/org/apache/commons/commons-pool2/2.6.0/commons-pool2-2.6.0.jar:/home/user/.m2/repository/org/bouncycastle/bcpkix-jdk15on/1.60/bcpkix-jdk15on-1.60.jar:/home/user/.m2/repository/commons-validator/commons-validator/1.6/commons-validator-1.6.jar:/home/user/.m2/repository/commons-digester/commons-digester/1.8.1/commons-digester-1.8.1.jar:/home/user/.m2/repository/io/jaegertracing/jaeger-client/0.33.1/jaeger-client-0.33.1.jar:/home/user/.m2/repository/io/jaegertracing/jaeger-thrift/0.33.1/jaeger-thrift-0.33.1.jar:/home/user/.m2/repository/org/apache/thrift/libthrift/0.11.0/libthrift-0.11.0.jar:/home/user/.m2/repository/com/squareup/okhttp3/okhttp/3.9.0/okhttp-3.9.0.jar:/home/user/.m2/repository/com/squareup/okio/okio/1.13.0/okio-1.13.0.jar:/home/user/.m2/repository/io/jaegertracing/jaeger-core/0.33.1/jaeger-core-0.33.1.jar:/home/user/.m2/repository/io/jaegertracing/jaeger-tracerresolver/0.33.1/jaeger-tracerresolver-0.33.1.jar:/home/user/.m2/repository/io/opentracing/contrib/opentracing-tracerresolver/0.1.5/opentracing-tracerresolver-0.1.5.jar:/home/user/.m2/repository/io/opentracing/opentracing-util/0.31.0/opentracing-util-0.31.0.jar:/home/user/.m2/repository/io/opentracing/opentracing-api/0.31.0/opentracing-api-0.31.0.jar:/home/user/.m2/repository/io/opentracing/opentracing-noop/0.31.0/opentracing-noop-0.31.0.jar:/home/user/.m2/repository/org/apache/hadoop/hadoop-hdds-server-framework/0.5.0-SNAPSHOT/hadoop-hdds-server-framework-0.5.0-SNAPSHOT.jar:/home/user/.m2/repository/org/apache/hadoop/hadoop-hdds-container-service/0.5.0-SNAPSHOT/hadoop-hdds-container-service-0.5.0-SNAPSHOT.jar:/home/user/.m2/repository/org/apache/hadoop/hadoop-hdds-client/0.5.0-SNAPSHOT/hadoop-hdds-client-0.5.0-SNAPSHOT.jar:/home/user/.m2/repository/org/apache/hadoop/hadoop-hdds-tools/0.5.0-SNAPSHOT/hadoop-hdds-tools-0.5.0-SNAPSHOT.jar:/home/user/.m2/repository/org/apache/hadoop/hadoop-hdds-server-scm/0.5.0-SNAPSHOT/hadoop-hdds-server-scm-0.5.0-SNAPSHOT.jar:/home/user/.m2/repository/org/apache/hadoop/hadoop-hdds-docs/0.5.0-SNAPSHOT/hadoop-hdds-docs-0.5.0-SNAPSHOT.jar:/home/user/.m2/repository/io/dropwizard/metrics/metrics-core/3.2.4/metrics-core-3.2.4.jar:/home/user/.m2/repository/org/hamcrest/hamcrest-all/1.3/hamcrest-all-1.3.jar:/home/user/.m2/repository/org/bouncycastle/bcprov-jdk15on/1.60/bcprov-jdk15on-1.60.jar:/home/user/.m2/repository/info/picocli/picocli/3.9.6/picocli-3.9.6.jar:/home/user/.m2/repository/com/google/protobuf/protobuf-java/2.5.0/protobuf-java-2.5.0.jar:/home/user/.m2/repository/com/google/guava/guava/11.0.2/guava-11.0.2.jar:/home/user/.m2/repository/org/apache/hadoop/hadoop-ozone-ozone-manager/0.5.0-SNAPSHOT/hadoop-ozone-ozone-manager-0.5.0-SNAPSHOT.jar:/home/user/.m2/repository/org/apache/hadoop/hadoop-minikdc/3.2.0/hadoop-minikdc-3.2.0.jar:/home/user/.m2/repository/commons-io/commons-io/2.5/commons-io-2.5.jar:/home/user/.m2/repository/org/apache/kerby/kerb-simplekdc/1.0.1/kerb-simplekdc-1.0.1.jar:/home/user/.m2/repository/org/apache/kerby/kerb-client/1.0.1/kerb-client-1.0.1.jar:/home/user/.m2/repository/org/apache/kerby/kerby-config/1.0.1/kerby-config-1.0.1.jar:/home/user/.m2/repository/org/apache/kerby/kerb-core/1.0.1/kerb-core-1.0.1.jar:/home/user/.m2/repository/org/apache/kerby/kerby-pkix/1.0.1/kerby-pkix-1.0.1.jar:/home/user/.m2/repository/org/apache/kerby/kerby-asn1/1.0.1/kerby-asn1-1.0.1.jar:/home/user/.m2/repository/org/apache/kerby/kerby-util/1.0.1/kerby-util-1.0.1.jar:/home/user/.m2/repository/org/apache/kerby/kerb-common/1.0.1/kerb-common-1.0.1.jar:/home/user/.m2/repository/org/apache/kerby/kerb-crypto/1.0.1/kerb-crypto-1.0.1.jar:/home/user/.m2/repository/org/apache/kerby/kerb-util/1.0.1/kerb-util-1.0.1.jar:/home/user/.m2/repository/org/apache/kerby/token-provider/1.0.1/token-provider-1.0.1.jar:/home/user/.m2/repository/org/apache/kerby/kerb-admin/1.0.1/kerb-admin-1.0.1.jar:/home/user/.m2/repository/org/apache/kerby/kerb-server/1.0.1/kerb-server-1.0.1.jar:/home/user/.m2/repository/org/apache/kerby/kerb-identity/1.0.1/kerb-identity-1.0.1.jar:/home/user/.m2/repository/org/apache/kerby/kerby-xdr/1.0.1/kerby-xdr-1.0.1.jar:/home/user/.m2/repository/org/slf4j/slf4j-log4j12/1.7.25/slf4j-log4j12-1.7.25.jar:/home/user/.m2/repository/org/apache/hadoop/hadoop-ozone-objectstore-service/0.5.0-SNAPSHOT/hadoop-ozone-objectstore-service-0.5.0-SNAPSHOT.jar:/home/user/.m2/repository/org/apache/hadoop/hadoop-ozone-s3gateway/0.5.0-SNAPSHOT/hadoop-ozone-s3gateway-0.5.0-SNAPSHOT.jar:/home/user/.m2/repository/org/jboss/weld/servlet/weld-servlet/2.4.7.Final/weld-servlet-2.4.7.Final.jar:/home/user/.m2/repository/org/glassfish/jersey/containers/jersey-container-servlet-core/2.27/jersey-container-servlet-core-2.27.jar:/home/user/.m2/repository/org/glassfish/hk2/external/javax.inject/2.5.0-b42/javax.inject-2.5.0-b42.jar:/home/user/.m2/repository/org/glassfish/jersey/core/jersey-common/2.27/jersey-common-2.27.jar:/home/user/.m2/repository/org/glassfish/hk2/osgi-resource-locator/1.0.1/osgi-resource-locator-1.0.1.jar:/home/user/.m2/repository/javax/ws/rs/javax.ws.rs-api/2.1/javax.ws.rs-api-2.1.jar:/home/user/.m2/repository/org/glassfish/jersey/ext/cdi/jersey-cdi1x/2.27/jersey-cdi1x-2.27.jar:/home/user/.m2/repository/org/glassfish/jersey/inject/jersey-hk2/2.27/jersey-hk2-2.27.jar:/home/user/.m2/repository/org/glassfish/hk2/hk2-locator/2.5.0-b42/hk2-locator-2.5.0-b42.jar:/home/user/.m2/repository/org/javassist/javassist/3.22.0-CR2/javassist-3.22.0-CR2.jar:/home/user/.m2/repository/org/glassfish/hk2/hk2-api/2.5.0/hk2-api-2.5.0.jar:/home/user/.m2/repository/org/glassfish/hk2/external/jakarta.inject/2.5.0/jakarta.inject-2.5.0.jar:/home/user/.m2/repository/org/glassfish/hk2/hk2-utils/2.5.0/hk2-utils-2.5.0.jar:/home/user/.m2/repository/jakarta/annotation/jakarta.annotation-api/1.3.4/jakarta.annotation-api-1.3.4.jar:/home/user/.m2/repository/org/glassfish/hk2/external/aopalliance-repackaged/2.5.0/aopalliance-repackaged-2.5.0.jar:/home/user/.m2/repository/com/fasterxml/jackson/dataformat/jackson-dataformat-xml/2.9.0/jackson-dataformat-xml-2.9.0.jar:/home/user/.m2/repository/com/fasterxml/jackson/core/jackson-core/2.9.5/jackson-core-2.9.5.jar:/home/user/.m2/repository/com/fasterxml/jackson/module/jackson-module-jaxb-annotations/2.9.5/jackson-module-jaxb-annotations-2.9.5.jar:/home/user/.m2/repository/javax/enterprise/cdi-api/1.2/cdi-api-1.2.jar:/home/user/.m2/repository/javax/el/javax.el-api/3.0.0/javax.el-api-3.0.0.jar:/home/user/.m2/repository/javax/interceptor/javax.interceptor-api/1.2/javax.interceptor-api-1.2.jar:/home/user/.m2/repository/javax/inject/javax.inject/1/javax.inject-1.jar:/home/user/.m2/repository/com/sun/xml/bind/jaxb-impl/2.3.0.1/jaxb-impl-2.3.0.1.jar:/home/user/.m2/repository/com/sun/xml/bind/jaxb-core/2.3.0.1/jaxb-core-2.3.0.1.jar:/home/user/.m2/repository/javax/xml/bind/jaxb-api/2.3.0/jaxb-api-2.3.0.jar:/home/user/.m2/repository/javax/activation/activation/1.1.1/activation-1.1.1.jar:/home/user/.m2/repository/org/apache/hadoop/hadoop-ozone-csi/0.5.0-SNAPSHOT/hadoop-ozone-csi-0.5.0-SNAPSHOT.jar:/home/user/.m2/repository/com/google/protobuf/protobuf-java-util/3.5.1/protobuf-java-util-3.5.1.jar:/home/user/.m2/repository/org/apache/hadoop/hadoop-hdds-config/0.5.0-SNAPSHOT/hadoop-hdds-config-0.5.0-SNAPSHOT.jar:/home/user/.m2/repository/io/grpc/grpc-netty/1.17.1/grpc-netty-1.17.1.jar:/home/user/.m2/repository/io/grpc/grpc-core/1.17.1/grpc-core-1.17.1.jar:/home/user/.m2/repository/io/grpc/grpc-context/1.17.1/grpc-context-1.17.1.jar:/home/user/.m2/repository/com/google/errorprone/error_prone_annotations/2.2.0/error_prone_annotations-2.2.0.jar:/home/user/.m2/repository/org/codehaus/mojo/animal-sniffer-annotations/1.17/animal-sniffer-annotations-1.17.jar:/home/user/.m2/repository/io/opencensus/opencensus-api/0.17.0/opencensus-api-0.17.0.jar:/home/user/.m2/repository/io/opencensus/opencensus-contrib-grpc-metrics/0.17.0/opencensus-contrib-grpc-metrics-0.17.0.jar:/home/user/.m2/repository/io/netty/netty-codec-http2/4.1.30.Final/netty-codec-http2-4.1.30.Final.jar:/home/user/.m2/repository/io/netty/netty-codec-http/4.1.30.Final/netty-codec-http-4.1.30.Final.jar:/home/user/.m2/repository/io/netty/netty-codec/4.1.30.Final/netty-codec-4.1.30.Final.jar:/home/user/.m2/repository/io/netty/netty-handler/4.1.30.Final/netty-handler-4.1.30.Final.jar:/home/user/.m2/repository/io/netty/netty-handler-proxy/4.1.30.Final/netty-handler-proxy-4.1.30.Final.jar:/home/user/.m2/repository/io/netty/netty-codec-socks/4.1.30.Final/netty-codec-socks-4.1.30.Final.jar:/home/user/.m2/repository/io/netty/netty-transport-native-epoll/4.1.30.Final/netty-transport-native-epoll-4.1.30.Final.jar:/home/user/.m2/repository/io/netty/netty-common/4.1.30.Final/netty-common-4.1.30.Final.jar:/home/user/.m2/repository/io/netty/netty-buffer/4.1.30.Final/netty-buffer-4.1.30.Final.jar:/home/user/.m2/repository/io/netty/netty-transport/4.1.30.Final/netty-transport-4.1.30.Final.jar:/home/user/.m2/repository/io/netty/netty-resolver/4.1.30.Final/netty-resolver-4.1.30.Final.jar:/home/user/.m2/repository/io/netty/netty-transport-native-unix-common/4.1.30.Final/netty-transport-native-unix-common-4.1.30.Final.jar:/home/user/.m2/repository/io/grpc/grpc-protobuf/1.17.1/grpc-protobuf-1.17.1.jar:/home/user/.m2/repository/com/google/api/grpc/proto-google-common-protos/1.0.0/proto-google-common-protos-1.0.0.jar:/home/user/.m2/repository/io/grpc/grpc-protobuf-lite/1.17.1/grpc-protobuf-lite-1.17.1.jar:/home/user/.m2/repository/io/grpc/grpc-stub/1.17.1/grpc-stub-1.17.1.jar:/home/user/.m2/repository/org/apache/hadoop/hadoop-ozone-recon/0.5.0-SNAPSHOT/hadoop-ozone-recon-0.5.0-SNAPSHOT.jar:/home/user/.m2/repository/org/apache/hadoop/hadoop-ozone-reconcodegen/0.5.0-SNAPSHOT/hadoop-ozone-reconcodegen-0.5.0-SNAPSHOT.jar:/home/user/.m2/repository/com/google/inject/extensions/guice-multibindings/4.0/guice-multibindings-4.0.jar:/home/user/.m2/repository/com/google/inject/guice/4.0/guice-4.0.jar:/home/user/.m2/repository/aopalliance/aopalliance/1.0/aopalliance-1.0.jar:/home/user/.m2/repository/com/google/inject/extensions/guice-servlet/4.0/guice-servlet-4.0.jar:/home/user/.m2/repository/org/glassfish/jersey/containers/jersey-container-servlet/2.27/jersey-container-servlet-2.27.jar:/home/user/.m2/repository/org/glassfish/hk2/guice-bridge/2.5.0/guice-bridge-2.5.0.jar:/home/user/.m2/repository/org/glassfish/jersey/core/jersey-server/2.27/jersey-server-2.27.jar:/home/user/.m2/repository/org/glassfish/jersey/core/jersey-client/2.27/jersey-client-2.27.jar:/home/user/.m2/repository/org/glassfish/jersey/media/jersey-media-jaxb/2.27/jersey-media-jaxb-2.27.jar:/home/user/.m2/repository/javax/validation/validation-api/1.1.0.Final/validation-api-1.1.0.Final.jar:/home/user/.m2/repository/org/glassfish/jersey/media/jersey-media-json-jackson/2.27/jersey-media-json-jackson-2.27.jar:/home/user/.m2/repository/org/glassfish/jersey/ext/jersey-entity-filtering/2.27/jersey-entity-filtering-2.27.jar:/home/user/.m2/repository/com/google/inject/extensions/guice-assistedinject/4.0/guice-assistedinject-4.0.jar:/home/user/.m2/repository/org/jooq/jooq/3.11.10/jooq-3.11.10.jar:/home/user/.m2/repository/org/jooq/jooq-meta/3.11.10/jooq-meta-3.11.10.jar:/home/user/.m2/repository/org/jooq/jooq-codegen/3.11.10/jooq-codegen-3.11.10.jar:/home/user/.m2/repository/com/jolbox/bonecp/0.8.0.RELEASE/bonecp-0.8.0.RELEASE.jar:/home/user/.m2/repository/org/xerial/sqlite-jdbc/3.25.2/sqlite-jdbc-3.25.2.jar:/home/user/.m2/repository/org/springframework/spring-jdbc/5.1.3.RELEASE/spring-jdbc-5.1.3.RELEASE.jar:/home/user/.m2/repository/org/springframework/spring-beans/5.1.3.RELEASE/spring-beans-5.1.3.RELEASE.jar:/home/user/.m2/repository/org/springframework/spring-core/5.1.3.RELEASE/spring-core-5.1.3.RELEASE.jar:/home/user/.m2/repository/org/springframework/spring-jcl/5.1.3.RELEASE/spring-jcl-5.1.3.RELEASE.jar:/home/user/.m2/repository/org/springframework/spring-tx/5.1.3.RELEASE/spring-tx-5.1.3.RELEASE.jar:/home/user/.m2/repository/org/apache/hadoop/hadoop-ozone-client/0.5.0-SNAPSHOT/hadoop-ozone-client-0.5.0-SNAPSHOT.jar:/home/user/.m2/repository/commons-lang/commons-lang/2.6/commons-lang-2.6.jar:/home/user/.m2/repository/org/apache/hadoop/hadoop-ozone-ozone-manager/0.5.0-SNAPSHOT/hadoop-ozone-ozone-manager-0.5.0-SNAPSHOT-tests.jar:/home/user/.m2/repository/junit/junit/4.11/junit-4.11.jar:/home/user/.m2/repository/org/hamcrest/hamcrest-core/1.3/hamcrest-core-1.3.jar:/home/user/.m2/repository/org/openjdk/jmh/jmh-core/1.19/jmh-core-1.19.jar:/home/user/.m2/repository/net/sf/jopt-simple/jopt-simple/4.6/jopt-simple-4.6.jar:/home/user/.m2/repository/org/apache/commons/commons-math3/3.1.1/commons-math3-3.1.1.jar:/home/user/.m2/repository/org/openjdk/jmh/jmh-generator-annprocess/1.19/jmh-generator-annprocess-1.19.jar:/home/user/.m2/repository/org/mockito/mockito-all/1.8.5/mockito-all-1.8.5.jar:/home/user/.m2/repository/org/apache/hadoop/hadoop-kms/3.2.0/hadoop-kms-3.2.0.jar:/home/user/.m2/repository/org/apache/hadoop/hadoop-auth/3.2.0/hadoop-auth-3.2.0.jar:/home/user/.m2/repository/com/nimbusds/nimbus-jose-jwt/4.41.1/nimbus-jose-jwt-4.41.1.jar:/home/user/.m2/repository/com/github/stephenc/jcip/jcip-annotations/1.0-1/jcip-annotations-1.0-1.jar:/home/user/.m2/repository/net/minidev/json-smart/2.3/json-smart-2.3.jar:/home/user/.m2/repository/net/minidev/accessors-smart/1.2/accessors-smart-1.2.jar:/home/user/.m2/repository/org/ow2/asm/asm/5.0.4/asm-5.0.4.jar:/home/user/.m2/repository/org/apache/curator/curator-framework/2.12.0/curator-framework-2.12.0.jar:/home/user/.m2/repository/com/sun/jersey/jersey-core/1.19/jersey-core-1.19.jar:/home/user/.m2/repository/javax/ws/rs/jsr311-api/1.1.1/jsr311-api-1.1.1.jar:/home/user/.m2/repository/com/sun/jersey/jersey-server/1.19/jersey-server-1.19.jar:/home/user/.m2/repository/javax/servlet/javax.servlet-api/3.1.0/javax.servlet-api-3.1.0.jar:/home/user/.m2/repository/org/eclipse/jetty/jetty-server/9.3.24.v20180605/jetty-server-9.3.24.v20180605.jar:/home/user/.m2/repository/org/eclipse/jetty/jetty-http/9.3.24.v20180605/jetty-http-9.3.24.v20180605.jar:/home/user/.m2/repository/org/eclipse/jetty/jetty-io/9.3.24.v20180605/jetty-io-9.3.24.v20180605.jar:/home/user/.m2/repository/org/eclipse/jetty/jetty-webapp/9.3.24.v20180605/jetty-webapp-9.3.24.v20180605.jar:/home/user/.m2/repository/org/eclipse/jetty/jetty-xml/9.3.24.v20180605/jetty-xml-9.3.24.v20180605.jar:/home/user/.m2/repository/log4j/log4j/1.2.17/log4j-1.2.17.jar:/home/user/.m2/repository/org/slf4j/slf4j-api/1.7.25/slf4j-api-1.7.25.jar:/home/user/.m2/repository/org/slf4j/jul-to-slf4j/1.7.25/jul-to-slf4j-1.7.25.jar:/home/user/.m2/repository/org/eclipse/jetty/jetty-util/9.3.24.v20180605/jetty-util-9.3.24.v20180605.jar:/home/user/.m2/repository/com/fasterxml/jackson/core/jackson-databind/2.9.5/jackson-databind-2.9.5.jar:/home/user/.m2/repository/org/apache/hadoop/hadoop-kms/3.2.0/hadoop-kms-3.2.0-tests.jar:/home/user/.m2/repository/org/apache/hadoop/hadoop-hdds-server-scm/0.5.0-SNAPSHOT/hadoop-hdds-server-scm-0.5.0-SNAPSHOT-tests.jar:/home/user/.m2/repository/org/apache/hadoop/hadoop-hdds-container-service/0.5.0-SNAPSHOT/hadoop-hdds-container-service-0.5.0-SNAPSHOT-tests.jar:/home/user/.m2/repository/org/yaml/snakeyaml/1.16/snakeyaml-1.16.jar:/home/user/.m2/repository/org/apache/hadoop/hadoop-common/3.2.0/hadoop-common-3.2.0-tests.jar:/home/user/.m2/repository/org/apache/hadoop/hadoop-annotations/3.2.0/hadoop-annotations-3.2.0.jar:/usr/lib/jvm/java-1.8-openjdk/jre/../lib/tools.jar:/home/user/.m2/repository/commons-cli/commons-cli/1.2/commons-cli-1.2.jar:/home/user/.m2/repository/org/apache/httpcomponents/httpclient/4.5.2/httpclient-4.5.2.jar:/home/user/.m2/repository/org/apache/httpcomponents/httpcore/4.4.4/httpcore-4.4.4.jar:/home/user/.m2/repository/commons-codec/commons-codec/1.11/commons-codec-1.11.jar:/home/user/.m2/repository/commons-net/commons-net/3.6/commons-net-3.6.jar:/home/user/.m2/repository/commons-collections/commons-collections/3.2.2/commons-collections-3.2.2.jar:/home/user/.m2/repository/org/eclipse/jetty/jetty-servlet/9.3.24.v20180605/jetty-servlet-9.3.24.v20180605.jar:/home/user/.m2/repository/org/eclipse/jetty/jetty-security/9.3.24.v20180605/jetty-security-9.3.24.v20180605.jar:/home/user/.m2/repository/javax/servlet/jsp/jsp-api/2.1/jsp-api-2.1.jar:/home/user/.m2/repository/com/sun/jersey/jersey-servlet/1.19/jersey-servlet-1.19.jar:/home/user/.m2/repository/com/sun/jersey/jersey-json/1.19/jersey-json-1.19.jar:/home/user/.m2/repository/org/codehaus/jettison/jettison/1.1/jettison-1.1.jar:/home/user/.m2/repository/org/codehaus/jackson/jackson-core-asl/1.9.13/jackson-core-asl-1.9.13.jar:/home/user/.m2/repository/org/codehaus/jackson/jackson-mapper-asl/1.9.13/jackson-mapper-asl-1.9.13.jar:/home/user/.m2/repository/org/codehaus/jackson/jackson-jaxrs/1.9.13/jackson-jaxrs-1.9.13.jar:/home/user/.m2/repository/org/codehaus/jackson/jackson-xc/1.9.13/jackson-xc-1.9.13.jar:/home/user/.m2/repository/commons-logging/commons-logging/1.1.3/commons-logging-1.1.3.jar:/home/user/.m2/repository/commons-beanutils/commons-beanutils/1.9.3/commons-beanutils-1.9.3.jar:/home/user/.m2/repository/org/apache/commons/commons-configuration2/2.1.1/commons-configuration2-2.1.1.jar:/home/user/.m2/repository/org/apache/commons/commons-lang3/3.7/commons-lang3-3.7.jar:/home/user/.m2/repository/org/apache/commons/commons-text/1.4/commons-text-1.4.jar:/home/user/.m2/repository/org/apache/avro/avro/1.7.7/avro-1.7.7.jar:/home/user/.m2/repository/com/thoughtworks/paranamer/paranamer/2.3/paranamer-2.3.jar:/home/user/.m2/repository/org/xerial/snappy/snappy-java/1.0.5/snappy-java-1.0.5.jar:/home/user/.m2/repository/com/google/re2j/re2j/1.1/re2j-1.1.jar:/home/user/.m2/repository/com/google/code/gson/gson/2.2.4/gson-2.2.4.jar:/home/user/.m2/repository/com/jcraft/jsch/0.1.54/jsch-0.1.54.jar:/home/user/.m2/repository/org/apache/curator/curator-client/2.12.0/curator-client-2.12.0.jar:/home/user/.m2/repository/org/apache/curator/curator-recipes/2.12.0/curator-recipes-2.12.0.jar:/home/user/.m2/repository/com/google/code/findbugs/jsr305/3.0.0/jsr305-3.0.0.jar:/home/user/.m2/repository/org/apache/htrace/htrace-core4/4.1.0-incubating/htrace-core4-4.1.0-incubating.jar:/home/user/.m2/repository/org/apache/zookeeper/zookeeper/3.4.13/zookeeper-3.4.13.jar:/home/user/.m2/repository/org/apache/yetus/audience-annotations/0.5.0/audience-annotations-0.5.0.jar:/home/user/.m2/repository/org/codehaus/woodstox/stax2-api/3.1.4/stax2-api-3.1.4.jar:/home/user/.m2/repository/com/fasterxml/woodstox/woodstox-core/5.0.3/woodstox-core-5.0.3.jar:/home/user/.m2/repository/dnsjava/dnsjava/2.1.7/dnsjava-2.1.7.jar:/home/user/.m2/repository/org/apache/hadoop/hadoop-hdfs/3.2.0/hadoop-hdfs-3.2.0-tests.jar:/home/user/.m2/repository/org/eclipse/jetty/jetty-util-ajax/9.3.24.v20180605/jetty-util-ajax-9.3.24.v20180605.jar:/home/user/.m2/repository/commons-daemon/commons-daemon/1.0.13/commons-daemon-1.0.13.jar:/home/user/.m2/repository/io/netty/netty/3.10.5.Final/netty-3.10.5.Final.jar:/home/user/.m2/repository/io/netty/netty-all/4.0.52.Final/netty-all-4.0.52.Final.jar:/home/user/.m2/repository/org/fusesource/leveldbjni/leveldbjni-all/1.8/leveldbjni-all-1.8.jar:"/>
    <property name="sun.cpu.endian" value="little"/>
    <property name="user.home" value="/home/user"/>
    <property name="user.language" value="en"/>
    <property name="java.specification.vendor" value="Oracle Corporation"/>
    <property name="java.home" value="/usr/lib/jvm/java-1.8-openjdk/jre"/>
    <property name="java.security.krb5.conf" value="/opt/src/hadoop-ozone/integration-test/target/test-classes/krb5.conf"/>
    <property name="basedir" value="/opt/src/hadoop-ozone/integration-test"/>
    <property name="file.separator" value="/"/>
    <property name="line.separator" value="&#10;"/>
    <property name="java.vm.specification.vendor" value="Oracle Corporation"/>
    <property name="java.specification.name" value="Java Platform API Specification"/>
    <property name="java.awt.graphicsenv" value="sun.awt.X11GraphicsEnvironment"/>
    <property name="surefire.real.class.path" value="/opt/src/hadoop-ozone/integration-test/target/surefire/surefirebooter5652987233867300777.jar"/>
    <property name="hadoop.log.dir" value="/opt/src/hadoop-ozone/integration-test/target/log"/>
    <property name="sun.boot.class.path" value="/usr/lib/jvm/java-1.8-openjdk/jre/lib/resources.jar:/usr/lib/jvm/java-1.8-openjdk/jre/lib/rt.jar:/usr/lib/jvm/java-1.8-openjdk/jre/lib/sunrsasign.jar:/usr/lib/jvm/java-1.8-openjdk/jre/lib/jsse.jar:/usr/lib/jvm/java-1.8-openjdk/jre/lib/jce.jar:/usr/lib/jvm/java-1.8-openjdk/jre/lib/charsets.jar:/usr/lib/jvm/java-1.8-openjdk/jre/lib/jfr.jar:/usr/lib/jvm/java-1.8-openjdk/jre/classes"/>
    <property name="sun.management.compiler" value="HotSpot 64-Bit Tiered Compilers"/>
    <property name="java.runtime.version" value="1.8.0_212-b04"/>
    <property name="java.net.preferIPv4Stack" value="true"/>
    <property name="user.name" value="jenkins1000"/>
    <property name="path.separator" value=":"/>
    <property name="java.security.egd" value="file:///dev/urandom"/>
    <property name="os.version" value="3.10.0-957.12.2.el7.x86_64"/>
    <property name="java.endorsed.dirs" value="/usr/lib/jvm/java-1.8-openjdk/jre/lib/endorsed"/>
    <property name="java.runtime.name" value="OpenJDK Runtime Environment"/>
    <property name="file.encoding" value="UTF-8"/>
    <property name="java.vm.name" value="OpenJDK 64-Bit Server VM"/>
    <property name="test.build.webapps" value=""/>
    <property name="localRepository" value="/home/user/.m2/repository"/>
    <property name="java.vendor.url.bug" value="https://icedtea.classpath.org/bugzilla"/>
    <property name="java.io.tmpdir" value="/tmp"/>
    <property name="require.test.libhadoop" value=""/>
    <property name="java.version" value="1.8.0_212"/>
    <property name="user.dir" value="/opt/src/hadoop-ozone/integration-test"/>
    <property name="os.arch" value="amd64"/>
    <property name="java.vm.specification.name" value="Java Virtual Machine Specification"/>
    <property name="test.build.classes" value="/opt/src/hadoop-ozone/integration-test/target/test-classes"/>
    <property name="java.awt.printerjob" value="sun.print.PSPrinterJob"/>
    <property name="sun.os.patch.level" value="unknown"/>
    <property name="hadoop.tmp.dir" value="/opt/src/hadoop-ozone/integration-test/target/tmp"/>
    <property name="java.library.path" value="/usr/lib/jvm/java-1.8-openjdk/jre/lib/amd64/server:/usr/lib/jvm/java-1.8-openjdk/jre/lib/amd64:/usr/lib/jvm/java-1.8-openjdk/jre/../lib/amd64:/opt/src/hadoop-ozone/integration-test/target/native/target/usr/local/lib:/opt/src/hadoop-ozone/integration-test/../../hadoop-common-project/hadoop-common/target/native/target/usr/local/lib:/usr/java/packages/lib/amd64:/usr/lib64:/lib64:/lib:/usr/lib"/>
    <property name="java.vm.info" value="mixed mode"/>
    <property name="java.vendor" value="IcedTea"/>
    <property name="java.vm.version" value="25.212-b04"/>
    <property name="java.ext.dirs" value="/usr/lib/jvm/java-1.8-openjdk/jre/lib/ext:/usr/java/packages/lib/ext"/>
    <property name="sun.io.unicode.encoding" value="UnicodeLittle"/>
    <property name="java.class.version" value="52.0"/>
  </properties>
  <testcase name="testWatchForCommitWithKeyWrite" classname="org.apache.hadoop.ozone.client.rpc.TestWatchForCommit" time="20.416"/>
  <testcase name="testWatchForCommitWithSmallerTimeoutValue" classname="org.apache.hadoop.ozone.client.rpc.TestWatchForCommit" time="15.348"/>
  <testcase name="testWatchForCommitForRetryfailure" classname="org.apache.hadoop.ozone.client.rpc.TestWatchForCommit" time="28.854">
    <failure type="java.lang.AssertionError">java.lang.AssertionError
	at org.junit.Assert.fail(Assert.java:86)
	at org.junit.Assert.assertTrue(Assert.java:41)
	at org.junit.Assert.assertTrue(Assert.java:52)
	at org.apache.hadoop.ozone.client.rpc.TestWatchForCommit.testWatchForCommitForRetryfailure(TestWatchForCommit.java:350)
	at sun.reflect.NativeMethodAccessorImpl.invoke0(Native Method)
	at sun.reflect.NativeMethodAccessorImpl.invoke(NativeMethodAccessorImpl.java:62)
	at sun.reflect.DelegatingMethodAccessorImpl.invoke(DelegatingMethodAccessorImpl.java:43)
	at java.lang.reflect.Method.invoke(Method.java:498)
	at org.junit.runners.model.FrameworkMethod$1.runReflectiveCall(FrameworkMethod.java:47)
	at org.junit.internal.runners.model.ReflectiveCallable.run(ReflectiveCallable.java:12)
	at org.junit.runners.model.FrameworkMethod.invokeExplosively(FrameworkMethod.java:44)
	at org.junit.internal.runners.statements.InvokeMethod.evaluate(InvokeMethod.java:17)
	at org.junit.runners.ParentRunner.runLeaf(ParentRunner.java:271)
	at org.junit.runners.BlockJUnit4ClassRunner.runChild(BlockJUnit4ClassRunner.java:70)
	at org.junit.runners.BlockJUnit4ClassRunner.runChild(BlockJUnit4ClassRunner.java:50)
	at org.junit.runners.ParentRunner$3.run(ParentRunner.java:238)
	at org.junit.runners.ParentRunner$1.schedule(ParentRunner.java:63)
	at org.junit.runners.ParentRunner.runChildren(ParentRunner.java:236)
	at org.junit.runners.ParentRunner.access$000(ParentRunner.java:53)
	at org.junit.runners.ParentRunner$2.evaluate(ParentRunner.java:229)
	at org.junit.runners.ParentRunner.run(ParentRunner.java:309)
	at org.apache.maven.surefire.junit4.JUnit4Provider.execute(JUnit4Provider.java:365)
	at org.apache.maven.surefire.junit4.JUnit4Provider.executeWithRerun(JUnit4Provider.java:273)
	at org.apache.maven.surefire.junit4.JUnit4Provider.executeTestSet(JUnit4Provider.java:238)
	at org.apache.maven.surefire.junit4.JUnit4Provider.invoke(JUnit4Provider.java:159)
	at org.apache.maven.surefire.booter.ForkedBooter.invokeProviderInSameClassLoader(ForkedBooter.java:384)
	at org.apache.maven.surefire.booter.ForkedBooter.runSuitesInProcess(ForkedBooter.java:345)
	at org.apache.maven.surefire.booter.ForkedBooter.execute(ForkedBooter.java:126)
	at org.apache.maven.surefire.booter.ForkedBooter.main(ForkedBooter.java:418)
</failure>
    <system-out><![CDATA[2019-07-03 22:21:16,766 WARN  server.ServerUtils (ServerUtils.java:getScmDbDir(145)) - ozone.scm.db.dirs is not configured. We recommend adding this setting. Falling back to ozone.metadata.dirs instead.
2019-07-03 22:21:16,782 WARN  server.ServerUtils (ServerUtils.java:getScmDbDir(145)) - ozone.scm.db.dirs is not configured. We recommend adding this setting. Falling back to ozone.metadata.dirs instead.
2019-07-03 22:21:16,782 WARN  server.ServerUtils (ServerUtils.java:getScmDbDir(145)) - ozone.scm.db.dirs is not configured. We recommend adding this setting. Falling back to ozone.metadata.dirs instead.
2019-07-03 22:21:16,783 INFO  db.DBStoreBuilder (DBStoreBuilder.java:addTable(110)) - using custom profile for table: deletedBlocks
2019-07-03 22:21:16,783 INFO  db.DBStoreBuilder (DBStoreBuilder.java:processTables(161)) - Using default column profile:DBProfile.DISK for Table:deletedBlocks
2019-07-03 22:21:16,783 INFO  db.DBStoreBuilder (DBStoreBuilder.java:addTable(110)) - using custom profile for table: validCerts
2019-07-03 22:21:16,783 INFO  db.DBStoreBuilder (DBStoreBuilder.java:processTables(161)) - Using default column profile:DBProfile.DISK for Table:validCerts
2019-07-03 22:21:16,783 INFO  db.DBStoreBuilder (DBStoreBuilder.java:addTable(110)) - using custom profile for table: revokedCerts
2019-07-03 22:21:16,783 INFO  db.DBStoreBuilder (DBStoreBuilder.java:processTables(161)) - Using default column profile:DBProfile.DISK for Table:revokedCerts
2019-07-03 22:21:16,784 INFO  db.DBStoreBuilder (DBStoreBuilder.java:addTable(110)) - using custom profile for table: default
2019-07-03 22:21:16,784 INFO  db.DBStoreBuilder (DBStoreBuilder.java:processTables(167)) - Using default column profile:DBProfile.DISK for Table:default
2019-07-03 22:21:16,784 INFO  db.DBStoreBuilder (DBStoreBuilder.java:getDbProfile(198)) - Using default options. DBProfile.DISK
2019-07-03 22:21:16,935 INFO  net.NodeSchemaLoader (NodeSchemaLoader.java:loadSchemaFromFile(125)) - Loading file from sun.misc.CompoundEnumeration@54bc3bcf
2019-07-03 22:21:16,936 INFO  net.NodeSchemaLoader (NodeSchemaLoader.java:loadSchema(171)) - Loading network topology layer schema file
2019-07-03 22:21:16,941 WARN  server.ServerUtils (ServerUtils.java:sanitizeUserArgs(70)) - ozone.scm.stale.node.interval value = 300000 is larger than max = 100000 based on the key value of ozone.scm.heartbeat.thread.interval, reset to the max value 100000.
2019-07-03 22:21:16,941 WARN  server.ServerUtils (ServerUtils.java:sanitizeUserArgs(70)) - ozone.scm.stale.node.interval value = 300000 is larger than max = 100000 based on the key value of ozone.scm.heartbeat.thread.interval, reset to the max value 100000.
2019-07-03 22:21:16,942 INFO  node.SCMNodeManager (SCMNodeManager.java:<init>(119)) - Entering startup safe mode.
2019-07-03 22:21:16,943 WARN  server.ServerUtils (ServerUtils.java:getScmDbDir(145)) - ozone.scm.db.dirs is not configured. We recommend adding this setting. Falling back to ozone.metadata.dirs instead.
2019-07-03 22:21:16,967 INFO  pipeline.SCMPipelineManager (SCMPipelineManager.java:initializePipelineState(126)) - No pipeline exists in current db
2019-07-03 22:21:16,967 WARN  server.ServerUtils (ServerUtils.java:getScmDbDir(145)) - ozone.scm.db.dirs is not configured. We recommend adding this setting. Falling back to ozone.metadata.dirs instead.
2019-07-03 22:21:16,995 WARN  events.EventQueue (EventQueue.java:fireEvent(175)) - No event handler registered for event TypedEvent{payloadType=SafeModeStatus, name='SafeModeStatus'}
2019-07-03 22:21:16,997 INFO  ipc.CallQueueManager (CallQueueManager.java:<init>(84)) - Using callQueue: class java.util.concurrent.LinkedBlockingQueue, queueCapacity: 2000, scheduler: class org.apache.hadoop.ipc.DefaultRpcScheduler, ipcBackoff: false.
2019-07-03 22:21:16,998 INFO  ipc.Server (Server.java:run(1074)) - Starting Socket Reader #1 for port 44887
2019-07-03 22:21:17,002 INFO  ipc.CallQueueManager (CallQueueManager.java:<init>(84)) - Using callQueue: class java.util.concurrent.LinkedBlockingQueue, queueCapacity: 2000, scheduler: class org.apache.hadoop.ipc.DefaultRpcScheduler, ipcBackoff: false.
2019-07-03 22:21:17,003 INFO  ipc.Server (Server.java:run(1074)) - Starting Socket Reader #1 for port 40240
2019-07-03 22:21:17,006 INFO  ipc.CallQueueManager (CallQueueManager.java:<init>(84)) - Using callQueue: class java.util.concurrent.LinkedBlockingQueue, queueCapacity: 2000, scheduler: class org.apache.hadoop.ipc.DefaultRpcScheduler, ipcBackoff: false.
2019-07-03 22:21:17,007 INFO  ipc.Server (Server.java:run(1074)) - Starting Socket Reader #1 for port 42728
2019-07-03 22:21:17,011 INFO  hdfs.DFSUtil (DFSUtil.java:httpServerTemplateForNNAndJN(1641)) - Starting Web-server for scm at: http://0.0.0.0:0
2019-07-03 22:21:17,013 INFO  server.AuthenticationFilter (AuthenticationFilter.java:constructSecretProvider(240)) - Unable to initialize FileSignerSecretProvider, falling back to use random secrets.
2019-07-03 22:21:17,014 WARN  http.HttpRequestLog (HttpRequestLog.java:getRequestLog(97)) - Jetty request log can only be enabled using Log4j
2019-07-03 22:21:17,016 INFO  http.HttpServer2 (HttpServer2.java:addGlobalFilter(975)) - Added global filter 'safety' (class=org.apache.hadoop.http.HttpServer2$QuotingInputFilter)
2019-07-03 22:21:17,017 INFO  http.HttpServer2 (HttpServer2.java:addFilter(948)) - Added filter static_user_filter (class=org.apache.hadoop.http.lib.StaticUserWebFilter$StaticUserFilter) to context scm
2019-07-03 22:21:17,017 INFO  http.HttpServer2 (HttpServer2.java:addFilter(958)) - Added filter static_user_filter (class=org.apache.hadoop.http.lib.StaticUserWebFilter$StaticUserFilter) to context logs
2019-07-03 22:21:17,018 INFO  http.HttpServer2 (HttpServer2.java:addFilter(958)) - Added filter static_user_filter (class=org.apache.hadoop.http.lib.StaticUserWebFilter$StaticUserFilter) to context static
2019-07-03 22:21:17,027 INFO  server.StorageContainerManager (StorageContainerManager.java:start(753)) - StorageContainerLocationProtocol RPC server is listening at /0.0.0.0:42728
2019-07-03 22:21:17,027 INFO  impl.MetricsSystemImpl (MetricsSystemImpl.java:init(158)) - StorageContainerManager metrics system started (again)
2019-07-03 22:21:17,028 INFO  server.SCMClientProtocolServer (SCMClientProtocolServer.java:start(149)) - RPC server for Client  is listening at /0.0.0.0:42728
2019-07-03 22:21:17,029 INFO  ipc.Server (Server.java:run(1314)) - IPC Server Responder: starting
2019-07-03 22:21:17,029 INFO  ipc.Server (Server.java:run(1153)) - IPC Server listener on 42728: starting
2019-07-03 22:21:17,035 INFO  server.StorageContainerManager (StorageContainerManager.java:start(762)) - ScmBlockLocationProtocol RPC server is listening at /0.0.0.0:40240
2019-07-03 22:21:17,035 INFO  server.SCMBlockProtocolServer (SCMBlockProtocolServer.java:start(137)) - RPC server for Block Protocol is listening at /0.0.0.0:40240
2019-07-03 22:21:17,035 INFO  ipc.Server (Server.java:run(1314)) - IPC Server Responder: starting
2019-07-03 22:21:17,036 INFO  ipc.Server (Server.java:run(1153)) - IPC Server listener on 40240: starting
2019-07-03 22:21:17,041 INFO  server.StorageContainerManager (StorageContainerManager.java:start(766)) - ScmDatanodeProtocl RPC server is listening at /0.0.0.0:44887
2019-07-03 22:21:17,042 INFO  server.SCMDatanodeProtocolServer (SCMDatanodeProtocolServer.java:start(191)) - RPC server for DataNodes is listening at /0.0.0.0:44887
2019-07-03 22:21:17,042 INFO  ipc.Server (Server.java:run(1314)) - IPC Server Responder: starting
2019-07-03 22:21:17,042 INFO  ipc.Server (Server.java:run(1153)) - IPC Server listener on 44887: starting
2019-07-03 22:21:17,048 INFO  http.HttpServer2 (HttpServer2.java:bindListener(1191)) - Jetty bound to port 45375
2019-07-03 22:21:17,048 INFO  server.Server (Server.java:doStart(351)) - jetty-9.3.24.v20180605, build timestamp: 2018-06-05T17:11:56Z, git hash: 84205aa28f11a4f31f2a3b86d1bba2cc8ab69827
2019-07-03 22:21:17,050 INFO  handler.ContextHandler (ContextHandler.java:doStart(781)) - Started o.e.j.s.ServletContextHandler@4bca8eaf{/logs,file:///opt/src/hadoop-ozone/integration-test/target/log,AVAILABLE}
2019-07-03 22:21:17,051 INFO  handler.ContextHandler (ContextHandler.java:doStart(781)) - Started o.e.j.s.ServletContextHandler@b8142f4{/static,file:///opt/src/hadoop-ozone/integration-test/target/test-classes/webapps/static,AVAILABLE}
2019-07-03 22:21:17,057 INFO  handler.ContextHandler (ContextHandler.java:doStart(781)) - Started o.e.j.w.WebAppContext@2133b712{/,file:///opt/src/hadoop-ozone/integration-test/target/test-classes/webapps/scm/,AVAILABLE}{/scm}
2019-07-03 22:21:17,057 INFO  server.AbstractConnector (AbstractConnector.java:doStart(278)) - Started ServerConnector@4b7e4d14{HTTP/1.1,[http/1.1]}{0.0.0.0:45375}
2019-07-03 22:21:17,058 INFO  server.Server (Server.java:doStart(419)) - Started @36471ms
2019-07-03 22:21:17,060 INFO  server.BaseHttpServer (BaseHttpServer.java:updateConnectorAddress(207)) - HTTP server of SCM is listening at http://0.0.0.0:45375
2019-07-03 22:21:17,062 WARN  server.ServerUtils (ServerUtils.java:getDBPath(222)) - ozone.om.db.dirs is not configured. We recommend adding this setting. Falling back to ozone.metadata.dirs instead.
2019-07-03 22:21:17,062 INFO  util.JvmPauseMonitor (JvmPauseMonitor.java:run(188)) - Starting JVM pause monitor
2019-07-03 22:21:17,073 WARN  server.ServerUtils (ServerUtils.java:getDBPath(222)) - ozone.om.db.dirs is not configured. We recommend adding this setting. Falling back to ozone.metadata.dirs instead.
2019-07-03 22:21:17,074 INFO  om.OzoneManager (OzoneManager.java:setOMNodeDetails(621)) - OM Service ID is not set. Setting it to the default ID: omServiceIdDefault
2019-07-03 22:21:17,074 INFO  om.OzoneManager (OzoneManager.java:setOMNodeDetails(627)) - OM Node ID is not set. Setting it to the OmStorage's OmID: 77b733dc-24fb-4f0d-b504-a3921eb153a6
2019-07-03 22:21:17,075 INFO  om.OzoneManager (OzoneManager.java:loadOMHAConfigs(578)) - Found matching OM address with OMServiceId: null, OMNodeId: null, RPC Address: localhost:0 and Ratis port: 9872
2019-07-03 22:21:17,083 WARN  server.ServerUtils (ServerUtils.java:getDBPath(222)) - ozone.om.db.dirs is not configured. We recommend adding this setting. Falling back to ozone.metadata.dirs instead.
2019-07-03 22:21:17,084 INFO  db.DBStoreBuilder (DBStoreBuilder.java:addTable(110)) - using custom profile for table: userTable
2019-07-03 22:21:17,084 INFO  db.DBStoreBuilder (DBStoreBuilder.java:processTables(161)) - Using default column profile:DBProfile.DISK for Table:userTable
2019-07-03 22:21:17,084 INFO  db.DBStoreBuilder (DBStoreBuilder.java:addTable(110)) - using custom profile for table: volumeTable
2019-07-03 22:21:17,084 INFO  db.DBStoreBuilder (DBStoreBuilder.java:processTables(161)) - Using default column profile:DBProfile.DISK for Table:volumeTable
2019-07-03 22:21:17,085 INFO  db.DBStoreBuilder (DBStoreBuilder.java:addTable(110)) - using custom profile for table: bucketTable
2019-07-03 22:21:17,085 INFO  db.DBStoreBuilder (DBStoreBuilder.java:processTables(161)) - Using default column profile:DBProfile.DISK for Table:bucketTable
2019-07-03 22:21:17,085 INFO  db.DBStoreBuilder (DBStoreBuilder.java:addTable(110)) - using custom profile for table: keyTable
2019-07-03 22:21:17,085 INFO  db.DBStoreBuilder (DBStoreBuilder.java:processTables(161)) - Using default column profile:DBProfile.DISK for Table:keyTable
2019-07-03 22:21:17,086 INFO  db.DBStoreBuilder (DBStoreBuilder.java:addTable(110)) - using custom profile for table: deletedTable
2019-07-03 22:21:17,086 INFO  db.DBStoreBuilder (DBStoreBuilder.java:processTables(161)) - Using default column profile:DBProfile.DISK for Table:deletedTable
2019-07-03 22:21:17,086 INFO  db.DBStoreBuilder (DBStoreBuilder.java:addTable(110)) - using custom profile for table: openKeyTable
2019-07-03 22:21:17,086 INFO  db.DBStoreBuilder (DBStoreBuilder.java:processTables(161)) - Using default column profile:DBProfile.DISK for Table:openKeyTable
2019-07-03 22:21:17,087 INFO  db.DBStoreBuilder (DBStoreBuilder.java:addTable(110)) - using custom profile for table: s3Table
2019-07-03 22:21:17,087 INFO  db.DBStoreBuilder (DBStoreBuilder.java:processTables(161)) - Using default column profile:DBProfile.DISK for Table:s3Table
2019-07-03 22:21:17,087 INFO  db.DBStoreBuilder (DBStoreBuilder.java:addTable(110)) - using custom profile for table: multipartInfoTable
2019-07-03 22:21:17,087 INFO  db.DBStoreBuilder (DBStoreBuilder.java:processTables(161)) - Using default column profile:DBProfile.DISK for Table:multipartInfoTable
2019-07-03 22:21:17,088 INFO  db.DBStoreBuilder (DBStoreBuilder.java:addTable(110)) - using custom profile for table: dTokenTable
2019-07-03 22:21:17,088 INFO  db.DBStoreBuilder (DBStoreBuilder.java:processTables(161)) - Using default column profile:DBProfile.DISK for Table:dTokenTable
2019-07-03 22:21:17,088 INFO  db.DBStoreBuilder (DBStoreBuilder.java:addTable(110)) - using custom profile for table: s3SecretTable
2019-07-03 22:21:17,088 INFO  db.DBStoreBuilder (DBStoreBuilder.java:processTables(161)) - Using default column profile:DBProfile.DISK for Table:s3SecretTable
2019-07-03 22:21:17,089 INFO  db.DBStoreBuilder (DBStoreBuilder.java:addTable(110)) - using custom profile for table: prefixTable
2019-07-03 22:21:17,089 INFO  db.DBStoreBuilder (DBStoreBuilder.java:processTables(161)) - Using default column profile:DBProfile.DISK for Table:prefixTable
2019-07-03 22:21:17,089 INFO  db.DBStoreBuilder (DBStoreBuilder.java:addTable(110)) - using custom profile for table: default
2019-07-03 22:21:17,089 INFO  db.DBStoreBuilder (DBStoreBuilder.java:processTables(167)) - Using default column profile:DBProfile.DISK for Table:default
2019-07-03 22:21:17,090 INFO  db.DBStoreBuilder (DBStoreBuilder.java:getDbProfile(198)) - Using default options. DBProfile.DISK
2019-07-03 22:21:17,561 INFO  ipc.CallQueueManager (CallQueueManager.java:<init>(84)) - Using callQueue: class java.util.concurrent.LinkedBlockingQueue, queueCapacity: 2000, scheduler: class org.apache.hadoop.ipc.DefaultRpcScheduler, ipcBackoff: false.
2019-07-03 22:21:17,562 INFO  ipc.Server (Server.java:run(1074)) - Starting Socket Reader #1 for port 37580
2019-07-03 22:21:17,586 WARN  server.ServerUtils (ServerUtils.java:getDBPath(222)) - ozone.om.db.dirs is not configured. We recommend adding this setting. Falling back to ozone.metadata.dirs instead.
2019-07-03 22:21:17,586 INFO  om.OzoneManager (OzoneManager.java:start(1219)) - OzoneManager RPC server is listening at localhost/127.0.0.1:37580
2019-07-03 22:21:17,586 INFO  impl.MetricsSystemImpl (MetricsSystemImpl.java:init(158)) - OzoneManager metrics system started (again)
2019-07-03 22:21:17,587 INFO  ipc.Server (Server.java:run(1314)) - IPC Server Responder: starting
2019-07-03 22:21:17,587 INFO  ipc.Server (Server.java:run(1153)) - IPC Server listener on 37580: starting
2019-07-03 22:21:17,594 INFO  hdfs.DFSUtil (DFSUtil.java:httpServerTemplateForNNAndJN(1641)) - Starting Web-server for ozoneManager at: http://0.0.0.0:0
2019-07-03 22:21:17,597 INFO  server.AuthenticationFilter (AuthenticationFilter.java:constructSecretProvider(240)) - Unable to initialize FileSignerSecretProvider, falling back to use random secrets.
2019-07-03 22:21:17,600 WARN  http.HttpRequestLog (HttpRequestLog.java:getRequestLog(97)) - Jetty request log can only be enabled using Log4j
2019-07-03 22:21:17,602 INFO  http.HttpServer2 (HttpServer2.java:addGlobalFilter(975)) - Added global filter 'safety' (class=org.apache.hadoop.http.HttpServer2$QuotingInputFilter)
2019-07-03 22:21:17,603 INFO  http.HttpServer2 (HttpServer2.java:addFilter(948)) - Added filter static_user_filter (class=org.apache.hadoop.http.lib.StaticUserWebFilter$StaticUserFilter) to context ozoneManager
2019-07-03 22:21:17,603 INFO  http.HttpServer2 (HttpServer2.java:addFilter(958)) - Added filter static_user_filter (class=org.apache.hadoop.http.lib.StaticUserWebFilter$StaticUserFilter) to context logs
2019-07-03 22:21:17,603 INFO  http.HttpServer2 (HttpServer2.java:addFilter(958)) - Added filter static_user_filter (class=org.apache.hadoop.http.lib.StaticUserWebFilter$StaticUserFilter) to context static
2019-07-03 22:21:17,604 INFO  http.HttpServer2 (HttpServer2.java:bindListener(1191)) - Jetty bound to port 39219
2019-07-03 22:21:17,604 INFO  server.Server (Server.java:doStart(351)) - jetty-9.3.24.v20180605, build timestamp: 2018-06-05T17:11:56Z, git hash: 84205aa28f11a4f31f2a3b86d1bba2cc8ab69827
2019-07-03 22:21:17,606 INFO  handler.ContextHandler (ContextHandler.java:doStart(781)) - Started o.e.j.s.ServletContextHandler@25f14e93{/logs,file:///opt/src/hadoop-ozone/integration-test/target/log,AVAILABLE}
2019-07-03 22:21:17,607 INFO  handler.ContextHandler (ContextHandler.java:doStart(781)) - Started o.e.j.s.ServletContextHandler@4c02899{/static,file:///opt/src/hadoop-ozone/integration-test/target/test-classes/webapps/static,AVAILABLE}
2019-07-03 22:21:17,612 INFO  handler.ContextHandler (ContextHandler.java:doStart(781)) - Started o.e.j.w.WebAppContext@22ff11ef{/,file:///opt/src/hadoop-ozone/integration-test/target/test-classes/webapps/ozoneManager/,AVAILABLE}{/ozoneManager}
2019-07-03 22:21:17,613 INFO  server.AbstractConnector (AbstractConnector.java:doStart(278)) - Started ServerConnector@7c5ac0{HTTP/1.1,[http/1.1]}{0.0.0.0:39219}
2019-07-03 22:21:17,614 INFO  server.Server (Server.java:doStart(419)) - Started @37027ms
2019-07-03 22:21:17,615 INFO  server.BaseHttpServer (BaseHttpServer.java:updateConnectorAddress(207)) - HTTP server of OZONEMANAGER is listening at http://0.0.0.0:39219
2019-07-03 22:21:17,632 INFO  impl.MetricsSystemImpl (MetricsSystemImpl.java:init(158)) - HddsDatanode metrics system started (again)
2019-07-03 22:21:17,633 INFO  ozone.HddsDatanodeService (HddsDatanodeService.java:start(185)) - HddsDatanodeService host:ozone-hdds-1735-npfgf-2442002169 ip:192.168.157.198
2019-07-03 22:21:17,641 INFO  volume.HddsVolume (HddsVolume.java:<init>(176)) - Creating Volume: /opt/src/hadoop-ozone/integration-test/target/test-dir/MiniOzoneClusterImpl-737b2755-c87f-4af6-b1f9-662dbe2214cd/datanode-0/data/containers/hdds of  storage type : DISK and capacity : 52710309888
2019-07-03 22:21:17,642 INFO  volume.VolumeSet (VolumeSet.java:initializeVolumeSet(170)) - Added Volume : /opt/src/hadoop-ozone/integration-test/target/test-dir/MiniOzoneClusterImpl-737b2755-c87f-4af6-b1f9-662dbe2214cd/datanode-0/data/containers/hdds to VolumeSet
2019-07-03 22:21:17,642 INFO  volume.ThrottledAsyncChecker (ThrottledAsyncChecker.java:schedule(140)) - Scheduling a check for org.apache.hadoop.ozone.container.common.volume.HddsVolume@3063be68
2019-07-03 22:21:17,643 INFO  volume.HddsVolumeChecker (HddsVolumeChecker.java:checkAllVolumes(203)) - Scheduled health check for volume org.apache.hadoop.ozone.container.common.volume.HddsVolume@3063be68
2019-07-03 22:21:17,656 INFO  ratis.XceiverServerRatis (XceiverServerRatis.java:newXceiverServerRatis(411)) - Found a free port for the server : 33182
2019-07-03 22:21:17,658 INFO  impl.RaftServerProxy (ConfUtils.java:logGet(43)) - raft.rpc.type = GRPC (default)
2019-07-03 22:21:17,658 INFO  grpc.GrpcFactory (GrpcFactory.java:checkPooledByteBufAllocatorUseCacheForAllThreads(45)) - PERFORMANCE WARNING: useCacheForAllThreads is true that may cause Netty to create a lot garbage objects and, as a result, trigger GC.
	It is recommended to disable useCacheForAllThreads by setting -Dorg.apache.ratis.thirdparty.io.netty.allocator.useCacheForAllThreads=false in command line.
2019-07-03 22:21:17,658 INFO  grpc.GrpcConfigKeys$Server (ConfUtils.java:logGet(43)) - raft.grpc.server.port = 33182 (custom)
2019-07-03 22:21:17,659 INFO  server.GrpcService (ConfUtils.java:logGet(43)) - raft.grpc.message.size.max = 33570816 (custom)
2019-07-03 22:21:17,659 INFO  server.RaftServerConfigKeys (ConfUtils.java:logGet(43)) - raft.server.log.appender.buffer.byte-limit = 33554432 (custom)
2019-07-03 22:21:17,659 INFO  server.GrpcService (ConfUtils.java:logGet(43)) - raft.grpc.flow.control.window = 1MB (=1048576) (default)
2019-07-03 22:21:17,659 INFO  server.RaftServerConfigKeys (ConfUtils.java:logGet(43)) - raft.server.rpc.request.timeout = 3000ms (default)
2019-07-03 22:21:17,660 INFO  server.RaftServerConfigKeys (ConfUtils.java:logGet(43)) - raft.server.storage.dir = [/opt/src/hadoop-ozone/integration-test/target/test-dir/MiniOzoneClusterImpl-737b2755-c87f-4af6-b1f9-662dbe2214cd/datanode-0/data/ratis] (custom)
2019-07-03 22:21:17,660 INFO  server.XceiverServerGrpc (XceiverServerGrpc.java:<init>(97)) - Found a free port for the server : 40562
2019-07-03 22:21:17,661 INFO  replication.SimpleContainerDownloader (SimpleContainerDownloader.java:<init>(72)) - Starting container downloader service to copy containers to replicate.
2019-07-03 22:21:17,662 INFO  hdfs.DFSUtil (DFSUtil.java:httpServerTemplateForNNAndJN(1641)) - Starting Web-server for hddsDatanode at: http://0.0.0.0:0
2019-07-03 22:21:17,663 INFO  server.AuthenticationFilter (AuthenticationFilter.java:constructSecretProvider(240)) - Unable to initialize FileSignerSecretProvider, falling back to use random secrets.
2019-07-03 22:21:17,663 WARN  http.HttpRequestLog (HttpRequestLog.java:getRequestLog(97)) - Jetty request log can only be enabled using Log4j
2019-07-03 22:21:17,665 INFO  http.HttpServer2 (HttpServer2.java:addGlobalFilter(975)) - Added global filter 'safety' (class=org.apache.hadoop.http.HttpServer2$QuotingInputFilter)
2019-07-03 22:21:17,665 INFO  http.HttpServer2 (HttpServer2.java:addFilter(948)) - Added filter static_user_filter (class=org.apache.hadoop.http.lib.StaticUserWebFilter$StaticUserFilter) to context hddsDatanode
2019-07-03 22:21:17,665 INFO  http.HttpServer2 (HttpServer2.java:addFilter(958)) - Added filter static_user_filter (class=org.apache.hadoop.http.lib.StaticUserWebFilter$StaticUserFilter) to context logs
2019-07-03 22:21:17,665 INFO  http.HttpServer2 (HttpServer2.java:addFilter(958)) - Added filter static_user_filter (class=org.apache.hadoop.http.lib.StaticUserWebFilter$StaticUserFilter) to context static
2019-07-03 22:21:17,666 INFO  http.HttpServer2 (HttpServer2.java:bindListener(1191)) - Jetty bound to port 44240
2019-07-03 22:21:17,666 INFO  server.Server (Server.java:doStart(351)) - jetty-9.3.24.v20180605, build timestamp: 2018-06-05T17:11:56Z, git hash: 84205aa28f11a4f31f2a3b86d1bba2cc8ab69827
2019-07-03 22:21:17,668 INFO  handler.ContextHandler (ContextHandler.java:doStart(781)) - Started o.e.j.s.ServletContextHandler@6d842877{/logs,file:///opt/src/hadoop-ozone/integration-test/target/log,AVAILABLE}
2019-07-03 22:21:17,668 INFO  handler.ContextHandler (ContextHandler.java:doStart(781)) - Started o.e.j.s.ServletContextHandler@3835d3fd{/static,jar:file:/home/user/.m2/repository/org/apache/hadoop/hadoop-hdds-container-service/0.5.0-SNAPSHOT/hadoop-hdds-container-service-0.5.0-SNAPSHOT.jar!/webapps/static,AVAILABLE}
2019-07-03 22:21:17,696 INFO  handler.ContextHandler (ContextHandler.java:doStart(781)) - Started o.e.j.w.WebAppContext@77a85e76{/,file:///tmp/jetty-0.0.0.0-44240-hddsDatanode-_-any-8079036487916665757.dir/webapp/,AVAILABLE}{/hddsDatanode}
2019-07-03 22:21:17,697 INFO  server.AbstractConnector (AbstractConnector.java:doStart(278)) - Started ServerConnector@2cebf82f{HTTP/1.1,[http/1.1]}{0.0.0.0:44240}
2019-07-03 22:21:17,698 INFO  server.Server (Server.java:doStart(419)) - Started @37111ms
2019-07-03 22:21:17,699 INFO  server.BaseHttpServer (BaseHttpServer.java:updateConnectorAddress(207)) - HTTP server of HDDSDATANODE is listening at http://0.0.0.0:44240
2019-07-03 22:21:17,807 INFO  ozone.HddsDatanodeService (HddsDatanodeService.java:startPlugins(396)) - Started plug-in org.apache.hadoop.ozone.web.OzoneHddsDatanodeService@5ebf776c
2019-07-03 22:21:17,808 INFO  impl.MetricsSystemImpl (MetricsSystemImpl.java:init(158)) - HddsDatanode metrics system started (again)
2019-07-03 22:21:17,808 INFO  ozone.HddsDatanodeService (HddsDatanodeService.java:start(185)) - HddsDatanodeService host:ozone-hdds-1735-npfgf-2442002169 ip:192.168.157.198
2019-07-03 22:21:17,809 INFO  util.JvmPauseMonitor (JvmPauseMonitor.java:run(188)) - Starting JVM pause monitor
2019-07-03 22:21:17,812 INFO  datanode.InitDatanodeState (InitDatanodeState.java:persistContainerDatanodeDetails(140)) - DatanodeDetails is persisted to /opt/src/hadoop-ozone/integration-test/target/test-dir/MiniOzoneClusterImpl-737b2755-c87f-4af6-b1f9-662dbe2214cd/datanode-0/meta/datanode.id
2019-07-03 22:21:17,817 INFO  volume.HddsVolume (HddsVolume.java:<init>(176)) - Creating Volume: /opt/src/hadoop-ozone/integration-test/target/test-dir/MiniOzoneClusterImpl-737b2755-c87f-4af6-b1f9-662dbe2214cd/datanode-1/data/containers/hdds of  storage type : DISK and capacity : 52710309888
2019-07-03 22:21:17,818 INFO  volume.VolumeSet (VolumeSet.java:initializeVolumeSet(170)) - Added Volume : /opt/src/hadoop-ozone/integration-test/target/test-dir/MiniOzoneClusterImpl-737b2755-c87f-4af6-b1f9-662dbe2214cd/datanode-1/data/containers/hdds to VolumeSet
2019-07-03 22:21:17,818 INFO  volume.ThrottledAsyncChecker (ThrottledAsyncChecker.java:schedule(140)) - Scheduling a check for org.apache.hadoop.ozone.container.common.volume.HddsVolume@3a0baec0
2019-07-03 22:21:17,818 INFO  volume.HddsVolumeChecker (HddsVolumeChecker.java:checkAllVolumes(203)) - Scheduled health check for volume org.apache.hadoop.ozone.container.common.volume.HddsVolume@3a0baec0
2019-07-03 22:21:17,836 INFO  ratis.XceiverServerRatis (XceiverServerRatis.java:newXceiverServerRatis(411)) - Found a free port for the server : 34154
2019-07-03 22:21:17,836 INFO  impl.RaftServerProxy (ConfUtils.java:logGet(43)) - raft.rpc.type = GRPC (default)
2019-07-03 22:21:17,837 INFO  grpc.GrpcFactory (GrpcFactory.java:checkPooledByteBufAllocatorUseCacheForAllThreads(45)) - PERFORMANCE WARNING: useCacheForAllThreads is true that may cause Netty to create a lot garbage objects and, as a result, trigger GC.
	It is recommended to disable useCacheForAllThreads by setting -Dorg.apache.ratis.thirdparty.io.netty.allocator.useCacheForAllThreads=false in command line.
2019-07-03 22:21:17,837 INFO  grpc.GrpcConfigKeys$Server (ConfUtils.java:logGet(43)) - raft.grpc.server.port = 34154 (custom)
2019-07-03 22:21:17,837 INFO  server.GrpcService (ConfUtils.java:logGet(43)) - raft.grpc.message.size.max = 33570816 (custom)
2019-07-03 22:21:17,837 INFO  server.RaftServerConfigKeys (ConfUtils.java:logGet(43)) - raft.server.log.appender.buffer.byte-limit = 33554432 (custom)
2019-07-03 22:21:17,837 INFO  server.GrpcService (ConfUtils.java:logGet(43)) - raft.grpc.flow.control.window = 1MB (=1048576) (default)
2019-07-03 22:21:17,838 INFO  server.RaftServerConfigKeys (ConfUtils.java:logGet(43)) - raft.server.rpc.request.timeout = 3000ms (default)
2019-07-03 22:21:17,838 INFO  server.RaftServerConfigKeys (ConfUtils.java:logGet(43)) - raft.server.storage.dir = [/opt/src/hadoop-ozone/integration-test/target/test-dir/MiniOzoneClusterImpl-737b2755-c87f-4af6-b1f9-662dbe2214cd/datanode-1/data/ratis] (custom)
2019-07-03 22:21:17,838 INFO  server.XceiverServerGrpc (XceiverServerGrpc.java:<init>(97)) - Found a free port for the server : 40420
2019-07-03 22:21:17,839 INFO  replication.SimpleContainerDownloader (SimpleContainerDownloader.java:<init>(72)) - Starting container downloader service to copy containers to replicate.
2019-07-03 22:21:17,840 INFO  hdfs.DFSUtil (DFSUtil.java:httpServerTemplateForNNAndJN(1641)) - Starting Web-server for hddsDatanode at: http://0.0.0.0:0
2019-07-03 22:21:17,845 INFO  server.AuthenticationFilter (AuthenticationFilter.java:constructSecretProvider(240)) - Unable to initialize FileSignerSecretProvider, falling back to use random secrets.
2019-07-03 22:21:17,845 WARN  http.HttpRequestLog (HttpRequestLog.java:getRequestLog(97)) - Jetty request log can only be enabled using Log4j
2019-07-03 22:21:17,846 INFO  http.HttpServer2 (HttpServer2.java:addGlobalFilter(975)) - Added global filter 'safety' (class=org.apache.hadoop.http.HttpServer2$QuotingInputFilter)
2019-07-03 22:21:17,847 INFO  http.HttpServer2 (HttpServer2.java:addFilter(948)) - Added filter static_user_filter (class=org.apache.hadoop.http.lib.StaticUserWebFilter$StaticUserFilter) to context hddsDatanode
2019-07-03 22:21:17,847 INFO  http.HttpServer2 (HttpServer2.java:addFilter(958)) - Added filter static_user_filter (class=org.apache.hadoop.http.lib.StaticUserWebFilter$StaticUserFilter) to context static
2019-07-03 22:21:17,847 INFO  http.HttpServer2 (HttpServer2.java:addFilter(958)) - Added filter static_user_filter (class=org.apache.hadoop.http.lib.StaticUserWebFilter$StaticUserFilter) to context logs
2019-07-03 22:21:17,848 INFO  http.HttpServer2 (HttpServer2.java:bindListener(1191)) - Jetty bound to port 35095
2019-07-03 22:21:17,848 INFO  server.Server (Server.java:doStart(351)) - jetty-9.3.24.v20180605, build timestamp: 2018-06-05T17:11:56Z, git hash: 84205aa28f11a4f31f2a3b86d1bba2cc8ab69827
2019-07-03 22:21:17,850 INFO  handler.ContextHandler (ContextHandler.java:doStart(781)) - Started o.e.j.s.ServletContextHandler@44e79e9e{/logs,file:///opt/src/hadoop-ozone/integration-test/target/log,AVAILABLE}
2019-07-03 22:21:17,850 INFO  handler.ContextHandler (ContextHandler.java:doStart(781)) - Started o.e.j.s.ServletContextHandler@4b99648a{/static,jar:file:/home/user/.m2/repository/org/apache/hadoop/hadoop-hdds-container-service/0.5.0-SNAPSHOT/hadoop-hdds-container-service-0.5.0-SNAPSHOT.jar!/webapps/static,AVAILABLE}
2019-07-03 22:21:17,877 INFO  handler.ContextHandler (ContextHandler.java:doStart(781)) - Started o.e.j.w.WebAppContext@6a116354{/,file:///tmp/jetty-0.0.0.0-35095-hddsDatanode-_-any-152013829197355724.dir/webapp/,AVAILABLE}{/hddsDatanode}
2019-07-03 22:21:17,877 INFO  server.AbstractConnector (AbstractConnector.java:doStart(278)) - Started ServerConnector@66716959{HTTP/1.1,[http/1.1]}{0.0.0.0:35095}
2019-07-03 22:21:17,881 INFO  server.Server (Server.java:doStart(419)) - Started @37294ms
2019-07-03 22:21:17,882 INFO  server.BaseHttpServer (BaseHttpServer.java:updateConnectorAddress(207)) - HTTP server of HDDSDATANODE is listening at http://0.0.0.0:35095
2019-07-03 22:21:18,016 INFO  ozone.HddsDatanodeService (HddsDatanodeService.java:startPlugins(396)) - Started plug-in org.apache.hadoop.ozone.web.OzoneHddsDatanodeService@79b4cff
2019-07-03 22:21:18,017 INFO  impl.MetricsSystemImpl (MetricsSystemImpl.java:init(158)) - HddsDatanode metrics system started (again)
2019-07-03 22:21:18,017 INFO  ozone.HddsDatanodeService (HddsDatanodeService.java:start(185)) - HddsDatanodeService host:ozone-hdds-1735-npfgf-2442002169 ip:192.168.157.198
2019-07-03 22:21:18,018 INFO  util.JvmPauseMonitor (JvmPauseMonitor.java:run(188)) - Starting JVM pause monitor
2019-07-03 22:21:18,022 INFO  datanode.InitDatanodeState (InitDatanodeState.java:persistContainerDatanodeDetails(140)) - DatanodeDetails is persisted to /opt/src/hadoop-ozone/integration-test/target/test-dir/MiniOzoneClusterImpl-737b2755-c87f-4af6-b1f9-662dbe2214cd/datanode-1/meta/datanode.id
2019-07-03 22:21:18,026 INFO  volume.HddsVolume (HddsVolume.java:<init>(176)) - Creating Volume: /opt/src/hadoop-ozone/integration-test/target/test-dir/MiniOzoneClusterImpl-737b2755-c87f-4af6-b1f9-662dbe2214cd/datanode-2/data/containers/hdds of  storage type : DISK and capacity : 52710309888
2019-07-03 22:21:18,026 INFO  volume.VolumeSet (VolumeSet.java:initializeVolumeSet(170)) - Added Volume : /opt/src/hadoop-ozone/integration-test/target/test-dir/MiniOzoneClusterImpl-737b2755-c87f-4af6-b1f9-662dbe2214cd/datanode-2/data/containers/hdds to VolumeSet
2019-07-03 22:21:18,027 INFO  volume.ThrottledAsyncChecker (ThrottledAsyncChecker.java:schedule(140)) - Scheduling a check for org.apache.hadoop.ozone.container.common.volume.HddsVolume@62c46e53
2019-07-03 22:21:18,027 INFO  volume.HddsVolumeChecker (HddsVolumeChecker.java:checkAllVolumes(203)) - Scheduled health check for volume org.apache.hadoop.ozone.container.common.volume.HddsVolume@62c46e53
2019-07-03 22:21:18,041 INFO  ratis.XceiverServerRatis (XceiverServerRatis.java:newXceiverServerRatis(411)) - Found a free port for the server : 40328
2019-07-03 22:21:18,042 INFO  impl.RaftServerProxy (ConfUtils.java:logGet(43)) - raft.rpc.type = GRPC (default)
2019-07-03 22:21:18,042 INFO  grpc.GrpcFactory (GrpcFactory.java:checkPooledByteBufAllocatorUseCacheForAllThreads(45)) - PERFORMANCE WARNING: useCacheForAllThreads is true that may cause Netty to create a lot garbage objects and, as a result, trigger GC.
	It is recommended to disable useCacheForAllThreads by setting -Dorg.apache.ratis.thirdparty.io.netty.allocator.useCacheForAllThreads=false in command line.
2019-07-03 22:21:18,043 INFO  grpc.GrpcConfigKeys$Server (ConfUtils.java:logGet(43)) - raft.grpc.server.port = 40328 (custom)
2019-07-03 22:21:18,043 INFO  server.GrpcService (ConfUtils.java:logGet(43)) - raft.grpc.message.size.max = 33570816 (custom)
2019-07-03 22:21:18,043 INFO  server.RaftServerConfigKeys (ConfUtils.java:logGet(43)) - raft.server.log.appender.buffer.byte-limit = 33554432 (custom)
2019-07-03 22:21:18,043 INFO  server.GrpcService (ConfUtils.java:logGet(43)) - raft.grpc.flow.control.window = 1MB (=1048576) (default)
2019-07-03 22:21:18,043 INFO  server.RaftServerConfigKeys (ConfUtils.java:logGet(43)) - raft.server.rpc.request.timeout = 3000ms (default)
2019-07-03 22:21:18,044 INFO  server.RaftServerConfigKeys (ConfUtils.java:logGet(43)) - raft.server.storage.dir = [/opt/src/hadoop-ozone/integration-test/target/test-dir/MiniOzoneClusterImpl-737b2755-c87f-4af6-b1f9-662dbe2214cd/datanode-2/data/ratis] (custom)
2019-07-03 22:21:18,044 INFO  server.XceiverServerGrpc (XceiverServerGrpc.java:<init>(97)) - Found a free port for the server : 39259
2019-07-03 22:21:18,044 INFO  replication.SimpleContainerDownloader (SimpleContainerDownloader.java:<init>(72)) - Starting container downloader service to copy containers to replicate.
2019-07-03 22:21:18,045 INFO  hdfs.DFSUtil (DFSUtil.java:httpServerTemplateForNNAndJN(1641)) - Starting Web-server for hddsDatanode at: http://0.0.0.0:0
2019-07-03 22:21:18,046 INFO  server.AuthenticationFilter (AuthenticationFilter.java:constructSecretProvider(240)) - Unable to initialize FileSignerSecretProvider, falling back to use random secrets.
2019-07-03 22:21:18,047 WARN  http.HttpRequestLog (HttpRequestLog.java:getRequestLog(97)) - Jetty request log can only be enabled using Log4j
2019-07-03 22:21:18,048 INFO  http.HttpServer2 (HttpServer2.java:addGlobalFilter(975)) - Added global filter 'safety' (class=org.apache.hadoop.http.HttpServer2$QuotingInputFilter)
2019-07-03 22:21:18,048 INFO  http.HttpServer2 (HttpServer2.java:addFilter(948)) - Added filter static_user_filter (class=org.apache.hadoop.http.lib.StaticUserWebFilter$StaticUserFilter) to context hddsDatanode
2019-07-03 22:21:18,049 INFO  http.HttpServer2 (HttpServer2.java:addFilter(958)) - Added filter static_user_filter (class=org.apache.hadoop.http.lib.StaticUserWebFilter$StaticUserFilter) to context static
2019-07-03 22:21:18,049 INFO  http.HttpServer2 (HttpServer2.java:addFilter(958)) - Added filter static_user_filter (class=org.apache.hadoop.http.lib.StaticUserWebFilter$StaticUserFilter) to context logs
2019-07-03 22:21:18,049 INFO  http.HttpServer2 (HttpServer2.java:bindListener(1191)) - Jetty bound to port 43810
2019-07-03 22:21:18,050 INFO  server.Server (Server.java:doStart(351)) - jetty-9.3.24.v20180605, build timestamp: 2018-06-05T17:11:56Z, git hash: 84205aa28f11a4f31f2a3b86d1bba2cc8ab69827
2019-07-03 22:21:18,051 INFO  handler.ContextHandler (ContextHandler.java:doStart(781)) - Started o.e.j.s.ServletContextHandler@60fbc34d{/logs,file:///opt/src/hadoop-ozone/integration-test/target/log,AVAILABLE}
2019-07-03 22:21:18,052 INFO  handler.ContextHandler (ContextHandler.java:doStart(781)) - Started o.e.j.s.ServletContextHandler@5f911d24{/static,jar:file:/home/user/.m2/repository/org/apache/hadoop/hadoop-hdds-container-service/0.5.0-SNAPSHOT/hadoop-hdds-container-service-0.5.0-SNAPSHOT.jar!/webapps/static,AVAILABLE}
2019-07-03 22:21:18,078 INFO  handler.ContextHandler (ContextHandler.java:doStart(781)) - Started o.e.j.w.WebAppContext@6e90cec8{/,file:///tmp/jetty-0.0.0.0-43810-hddsDatanode-_-any-3964839815584956359.dir/webapp/,AVAILABLE}{/hddsDatanode}
2019-07-03 22:21:18,078 INFO  server.AbstractConnector (AbstractConnector.java:doStart(278)) - Started ServerConnector@13f182b9{HTTP/1.1,[http/1.1]}{0.0.0.0:43810}
2019-07-03 22:21:18,080 INFO  server.Server (Server.java:doStart(419)) - Started @37492ms
2019-07-03 22:21:18,080 INFO  server.BaseHttpServer (BaseHttpServer.java:updateConnectorAddress(207)) - HTTP server of HDDSDATANODE is listening at http://0.0.0.0:43810
2019-07-03 22:21:18,185 INFO  ozone.HddsDatanodeService (HddsDatanodeService.java:startPlugins(396)) - Started plug-in org.apache.hadoop.ozone.web.OzoneHddsDatanodeService@733bd6f3
2019-07-03 22:21:18,186 INFO  impl.MetricsSystemImpl (MetricsSystemImpl.java:init(158)) - HddsDatanode metrics system started (again)
2019-07-03 22:21:18,186 INFO  ozone.HddsDatanodeService (HddsDatanodeService.java:start(185)) - HddsDatanodeService host:ozone-hdds-1735-npfgf-2442002169 ip:192.168.157.198
2019-07-03 22:21:18,187 INFO  util.JvmPauseMonitor (JvmPauseMonitor.java:run(188)) - Starting JVM pause monitor
2019-07-03 22:21:18,189 INFO  datanode.InitDatanodeState (InitDatanodeState.java:persistContainerDatanodeDetails(140)) - DatanodeDetails is persisted to /opt/src/hadoop-ozone/integration-test/target/test-dir/MiniOzoneClusterImpl-737b2755-c87f-4af6-b1f9-662dbe2214cd/datanode-2/meta/datanode.id
2019-07-03 22:21:18,195 INFO  volume.HddsVolume (HddsVolume.java:<init>(176)) - Creating Volume: /opt/src/hadoop-ozone/integration-test/target/test-dir/MiniOzoneClusterImpl-737b2755-c87f-4af6-b1f9-662dbe2214cd/datanode-3/data/containers/hdds of  storage type : DISK and capacity : 52710309888
2019-07-03 22:21:18,195 INFO  volume.VolumeSet (VolumeSet.java:initializeVolumeSet(170)) - Added Volume : /opt/src/hadoop-ozone/integration-test/target/test-dir/MiniOzoneClusterImpl-737b2755-c87f-4af6-b1f9-662dbe2214cd/datanode-3/data/containers/hdds to VolumeSet
2019-07-03 22:21:18,195 INFO  volume.ThrottledAsyncChecker (ThrottledAsyncChecker.java:schedule(140)) - Scheduling a check for org.apache.hadoop.ozone.container.common.volume.HddsVolume@470b5213
2019-07-03 22:21:18,196 INFO  volume.HddsVolumeChecker (HddsVolumeChecker.java:checkAllVolumes(203)) - Scheduled health check for volume org.apache.hadoop.ozone.container.common.volume.HddsVolume@470b5213
2019-07-03 22:21:18,209 INFO  ratis.XceiverServerRatis (XceiverServerRatis.java:newXceiverServerRatis(411)) - Found a free port for the server : 42514
2019-07-03 22:21:18,211 INFO  impl.RaftServerProxy (ConfUtils.java:logGet(43)) - raft.rpc.type = GRPC (default)
2019-07-03 22:21:18,211 INFO  grpc.GrpcFactory (GrpcFactory.java:checkPooledByteBufAllocatorUseCacheForAllThreads(45)) - PERFORMANCE WARNING: useCacheForAllThreads is true that may cause Netty to create a lot garbage objects and, as a result, trigger GC.
	It is recommended to disable useCacheForAllThreads by setting -Dorg.apache.ratis.thirdparty.io.netty.allocator.useCacheForAllThreads=false in command line.
2019-07-03 22:21:18,211 INFO  grpc.GrpcConfigKeys$Server (ConfUtils.java:logGet(43)) - raft.grpc.server.port = 42514 (custom)
2019-07-03 22:21:18,211 INFO  server.GrpcService (ConfUtils.java:logGet(43)) - raft.grpc.message.size.max = 33570816 (custom)
2019-07-03 22:21:18,211 INFO  server.RaftServerConfigKeys (ConfUtils.java:logGet(43)) - raft.server.log.appender.buffer.byte-limit = 33554432 (custom)
2019-07-03 22:21:18,212 INFO  server.GrpcService (ConfUtils.java:logGet(43)) - raft.grpc.flow.control.window = 1MB (=1048576) (default)
2019-07-03 22:21:18,212 INFO  server.RaftServerConfigKeys (ConfUtils.java:logGet(43)) - raft.server.rpc.request.timeout = 3000ms (default)
2019-07-03 22:21:18,212 INFO  server.RaftServerConfigKeys (ConfUtils.java:logGet(43)) - raft.server.storage.dir = [/opt/src/hadoop-ozone/integration-test/target/test-dir/MiniOzoneClusterImpl-737b2755-c87f-4af6-b1f9-662dbe2214cd/datanode-3/data/ratis] (custom)
2019-07-03 22:21:18,213 INFO  server.XceiverServerGrpc (XceiverServerGrpc.java:<init>(97)) - Found a free port for the server : 39881
2019-07-03 22:21:18,213 INFO  replication.SimpleContainerDownloader (SimpleContainerDownloader.java:<init>(72)) - Starting container downloader service to copy containers to replicate.
2019-07-03 22:21:18,214 INFO  hdfs.DFSUtil (DFSUtil.java:httpServerTemplateForNNAndJN(1641)) - Starting Web-server for hddsDatanode at: http://0.0.0.0:0
2019-07-03 22:21:18,215 INFO  server.AuthenticationFilter (AuthenticationFilter.java:constructSecretProvider(240)) - Unable to initialize FileSignerSecretProvider, falling back to use random secrets.
2019-07-03 22:21:18,215 WARN  http.HttpRequestLog (HttpRequestLog.java:getRequestLog(97)) - Jetty request log can only be enabled using Log4j
2019-07-03 22:21:18,216 INFO  http.HttpServer2 (HttpServer2.java:addGlobalFilter(975)) - Added global filter 'safety' (class=org.apache.hadoop.http.HttpServer2$QuotingInputFilter)
2019-07-03 22:21:18,217 INFO  http.HttpServer2 (HttpServer2.java:addFilter(948)) - Added filter static_user_filter (class=org.apache.hadoop.http.lib.StaticUserWebFilter$StaticUserFilter) to context hddsDatanode
2019-07-03 22:21:18,217 INFO  http.HttpServer2 (HttpServer2.java:addFilter(958)) - Added filter static_user_filter (class=org.apache.hadoop.http.lib.StaticUserWebFilter$StaticUserFilter) to context logs
2019-07-03 22:21:18,217 INFO  http.HttpServer2 (HttpServer2.java:addFilter(958)) - Added filter static_user_filter (class=org.apache.hadoop.http.lib.StaticUserWebFilter$StaticUserFilter) to context static
2019-07-03 22:21:18,218 INFO  http.HttpServer2 (HttpServer2.java:bindListener(1191)) - Jetty bound to port 43636
2019-07-03 22:21:18,218 INFO  server.Server (Server.java:doStart(351)) - jetty-9.3.24.v20180605, build timestamp: 2018-06-05T17:11:56Z, git hash: 84205aa28f11a4f31f2a3b86d1bba2cc8ab69827
2019-07-03 22:21:18,220 INFO  handler.ContextHandler (ContextHandler.java:doStart(781)) - Started o.e.j.s.ServletContextHandler@50e24ea4{/logs,file:///opt/src/hadoop-ozone/integration-test/target/log,AVAILABLE}
2019-07-03 22:21:18,220 INFO  handler.ContextHandler (ContextHandler.java:doStart(781)) - Started o.e.j.s.ServletContextHandler@22172b00{/static,jar:file:/home/user/.m2/repository/org/apache/hadoop/hadoop-hdds-container-service/0.5.0-SNAPSHOT/hadoop-hdds-container-service-0.5.0-SNAPSHOT.jar!/webapps/static,AVAILABLE}
2019-07-03 22:21:18,247 INFO  handler.ContextHandler (ContextHandler.java:doStart(781)) - Started o.e.j.w.WebAppContext@7d483ebe{/,file:///tmp/jetty-0.0.0.0-43636-hddsDatanode-_-any-972860547001902046.dir/webapp/,AVAILABLE}{/hddsDatanode}
2019-07-03 22:21:18,247 INFO  server.AbstractConnector (AbstractConnector.java:doStart(278)) - Started ServerConnector@cea67b1{HTTP/1.1,[http/1.1]}{0.0.0.0:43636}
2019-07-03 22:21:18,248 INFO  server.Server (Server.java:doStart(419)) - Started @37661ms
2019-07-03 22:21:18,249 INFO  server.BaseHttpServer (BaseHttpServer.java:updateConnectorAddress(207)) - HTTP server of HDDSDATANODE is listening at http://0.0.0.0:43636
2019-07-03 22:21:18,352 INFO  ozone.HddsDatanodeService (HddsDatanodeService.java:startPlugins(396)) - Started plug-in org.apache.hadoop.ozone.web.OzoneHddsDatanodeService@7341baa3
2019-07-03 22:21:18,353 INFO  impl.MetricsSystemImpl (MetricsSystemImpl.java:init(158)) - HddsDatanode metrics system started (again)
2019-07-03 22:21:18,353 INFO  ozone.HddsDatanodeService (HddsDatanodeService.java:start(185)) - HddsDatanodeService host:ozone-hdds-1735-npfgf-2442002169 ip:192.168.157.198
2019-07-03 22:21:18,354 INFO  util.JvmPauseMonitor (JvmPauseMonitor.java:run(188)) - Starting JVM pause monitor
2019-07-03 22:21:18,357 INFO  datanode.InitDatanodeState (InitDatanodeState.java:persistContainerDatanodeDetails(140)) - DatanodeDetails is persisted to /opt/src/hadoop-ozone/integration-test/target/test-dir/MiniOzoneClusterImpl-737b2755-c87f-4af6-b1f9-662dbe2214cd/datanode-3/meta/datanode.id
2019-07-03 22:21:18,362 INFO  volume.HddsVolume (HddsVolume.java:<init>(176)) - Creating Volume: /opt/src/hadoop-ozone/integration-test/target/test-dir/MiniOzoneClusterImpl-737b2755-c87f-4af6-b1f9-662dbe2214cd/datanode-4/data/containers/hdds of  storage type : DISK and capacity : 52710309888
2019-07-03 22:21:18,363 INFO  volume.VolumeSet (VolumeSet.java:initializeVolumeSet(170)) - Added Volume : /opt/src/hadoop-ozone/integration-test/target/test-dir/MiniOzoneClusterImpl-737b2755-c87f-4af6-b1f9-662dbe2214cd/datanode-4/data/containers/hdds to VolumeSet
2019-07-03 22:21:18,363 INFO  volume.ThrottledAsyncChecker (ThrottledAsyncChecker.java:schedule(140)) - Scheduling a check for org.apache.hadoop.ozone.container.common.volume.HddsVolume@301770d9
2019-07-03 22:21:18,363 INFO  volume.HddsVolumeChecker (HddsVolumeChecker.java:checkAllVolumes(203)) - Scheduled health check for volume org.apache.hadoop.ozone.container.common.volume.HddsVolume@301770d9
2019-07-03 22:21:18,376 INFO  ratis.XceiverServerRatis (XceiverServerRatis.java:newXceiverServerRatis(411)) - Found a free port for the server : 38274
2019-07-03 22:21:18,377 INFO  impl.RaftServerProxy (ConfUtils.java:logGet(43)) - raft.rpc.type = GRPC (default)
2019-07-03 22:21:18,378 INFO  grpc.GrpcFactory (GrpcFactory.java:checkPooledByteBufAllocatorUseCacheForAllThreads(45)) - PERFORMANCE WARNING: useCacheForAllThreads is true that may cause Netty to create a lot garbage objects and, as a result, trigger GC.
	It is recommended to disable useCacheForAllThreads by setting -Dorg.apache.ratis.thirdparty.io.netty.allocator.useCacheForAllThreads=false in command line.
2019-07-03 22:21:18,378 INFO  grpc.GrpcConfigKeys$Server (ConfUtils.java:logGet(43)) - raft.grpc.server.port = 38274 (custom)
2019-07-03 22:21:18,378 INFO  server.GrpcService (ConfUtils.java:logGet(43)) - raft.grpc.message.size.max = 33570816 (custom)
2019-07-03 22:21:18,378 INFO  server.RaftServerConfigKeys (ConfUtils.java:logGet(43)) - raft.server.log.appender.buffer.byte-limit = 33554432 (custom)
2019-07-03 22:21:18,378 INFO  server.GrpcService (ConfUtils.java:logGet(43)) - raft.grpc.flow.control.window = 1MB (=1048576) (default)
2019-07-03 22:21:18,379 INFO  server.RaftServerConfigKeys (ConfUtils.java:logGet(43)) - raft.server.rpc.request.timeout = 3000ms (default)
2019-07-03 22:21:18,379 INFO  server.RaftServerConfigKeys (ConfUtils.java:logGet(43)) - raft.server.storage.dir = [/opt/src/hadoop-ozone/integration-test/target/test-dir/MiniOzoneClusterImpl-737b2755-c87f-4af6-b1f9-662dbe2214cd/datanode-4/data/ratis] (custom)
2019-07-03 22:21:18,379 INFO  server.XceiverServerGrpc (XceiverServerGrpc.java:<init>(97)) - Found a free port for the server : 44078
2019-07-03 22:21:18,380 INFO  replication.SimpleContainerDownloader (SimpleContainerDownloader.java:<init>(72)) - Starting container downloader service to copy containers to replicate.
2019-07-03 22:21:18,381 INFO  hdfs.DFSUtil (DFSUtil.java:httpServerTemplateForNNAndJN(1641)) - Starting Web-server for hddsDatanode at: http://0.0.0.0:0
2019-07-03 22:21:18,382 INFO  server.AuthenticationFilter (AuthenticationFilter.java:constructSecretProvider(240)) - Unable to initialize FileSignerSecretProvider, falling back to use random secrets.
2019-07-03 22:21:18,382 WARN  http.HttpRequestLog (HttpRequestLog.java:getRequestLog(97)) - Jetty request log can only be enabled using Log4j
2019-07-03 22:21:18,383 INFO  http.HttpServer2 (HttpServer2.java:addGlobalFilter(975)) - Added global filter 'safety' (class=org.apache.hadoop.http.HttpServer2$QuotingInputFilter)
2019-07-03 22:21:18,384 INFO  http.HttpServer2 (HttpServer2.java:addFilter(948)) - Added filter static_user_filter (class=org.apache.hadoop.http.lib.StaticUserWebFilter$StaticUserFilter) to context hddsDatanode
2019-07-03 22:21:18,384 INFO  http.HttpServer2 (HttpServer2.java:addFilter(958)) - Added filter static_user_filter (class=org.apache.hadoop.http.lib.StaticUserWebFilter$StaticUserFilter) to context logs
2019-07-03 22:21:18,384 INFO  http.HttpServer2 (HttpServer2.java:addFilter(958)) - Added filter static_user_filter (class=org.apache.hadoop.http.lib.StaticUserWebFilter$StaticUserFilter) to context static
2019-07-03 22:21:18,385 INFO  http.HttpServer2 (HttpServer2.java:bindListener(1191)) - Jetty bound to port 33519
2019-07-03 22:21:18,385 INFO  server.Server (Server.java:doStart(351)) - jetty-9.3.24.v20180605, build timestamp: 2018-06-05T17:11:56Z, git hash: 84205aa28f11a4f31f2a3b86d1bba2cc8ab69827
2019-07-03 22:21:18,387 INFO  handler.ContextHandler (ContextHandler.java:doStart(781)) - Started o.e.j.s.ServletContextHandler@4a14f7d7{/logs,file:///opt/src/hadoop-ozone/integration-test/target/log,AVAILABLE}
2019-07-03 22:21:18,387 INFO  handler.ContextHandler (ContextHandler.java:doStart(781)) - Started o.e.j.s.ServletContextHandler@15ce261{/static,jar:file:/home/user/.m2/repository/org/apache/hadoop/hadoop-hdds-container-service/0.5.0-SNAPSHOT/hadoop-hdds-container-service-0.5.0-SNAPSHOT.jar!/webapps/static,AVAILABLE}
2019-07-03 22:21:18,414 INFO  handler.ContextHandler (ContextHandler.java:doStart(781)) - Started o.e.j.w.WebAppContext@11ca8f71{/,file:///tmp/jetty-0.0.0.0-33519-hddsDatanode-_-any-7742270128096576824.dir/webapp/,AVAILABLE}{/hddsDatanode}
2019-07-03 22:21:18,414 INFO  server.AbstractConnector (AbstractConnector.java:doStart(278)) - Started ServerConnector@1e54e900{HTTP/1.1,[http/1.1]}{0.0.0.0:33519}
2019-07-03 22:21:18,415 INFO  server.Server (Server.java:doStart(419)) - Started @37828ms
2019-07-03 22:21:18,416 INFO  server.BaseHttpServer (BaseHttpServer.java:updateConnectorAddress(207)) - HTTP server of HDDSDATANODE is listening at http://0.0.0.0:33519
2019-07-03 22:21:18,519 INFO  ozone.HddsDatanodeService (HddsDatanodeService.java:startPlugins(396)) - Started plug-in org.apache.hadoop.ozone.web.OzoneHddsDatanodeService@ebff59d
2019-07-03 22:21:18,519 INFO  impl.MetricsSystemImpl (MetricsSystemImpl.java:init(158)) - HddsDatanode metrics system started (again)
2019-07-03 22:21:18,519 INFO  ozone.HddsDatanodeService (HddsDatanodeService.java:start(185)) - HddsDatanodeService host:ozone-hdds-1735-npfgf-2442002169 ip:192.168.157.198
2019-07-03 22:21:18,521 INFO  util.JvmPauseMonitor (JvmPauseMonitor.java:run(188)) - Starting JVM pause monitor
2019-07-03 22:21:18,524 INFO  datanode.InitDatanodeState (InitDatanodeState.java:persistContainerDatanodeDetails(140)) - DatanodeDetails is persisted to /opt/src/hadoop-ozone/integration-test/target/test-dir/MiniOzoneClusterImpl-737b2755-c87f-4af6-b1f9-662dbe2214cd/datanode-4/meta/datanode.id
2019-07-03 22:21:18,535 INFO  volume.HddsVolume (HddsVolume.java:<init>(176)) - Creating Volume: /opt/src/hadoop-ozone/integration-test/target/test-dir/MiniOzoneClusterImpl-737b2755-c87f-4af6-b1f9-662dbe2214cd/datanode-5/data/containers/hdds of  storage type : DISK and capacity : 52710309888
2019-07-03 22:21:18,535 INFO  volume.VolumeSet (VolumeSet.java:initializeVolumeSet(170)) - Added Volume : /opt/src/hadoop-ozone/integration-test/target/test-dir/MiniOzoneClusterImpl-737b2755-c87f-4af6-b1f9-662dbe2214cd/datanode-5/data/containers/hdds to VolumeSet
2019-07-03 22:21:18,535 INFO  volume.ThrottledAsyncChecker (ThrottledAsyncChecker.java:schedule(140)) - Scheduling a check for org.apache.hadoop.ozone.container.common.volume.HddsVolume@6765b6a2
2019-07-03 22:21:18,536 INFO  volume.HddsVolumeChecker (HddsVolumeChecker.java:checkAllVolumes(203)) - Scheduled health check for volume org.apache.hadoop.ozone.container.common.volume.HddsVolume@6765b6a2
2019-07-03 22:21:18,549 INFO  ratis.XceiverServerRatis (XceiverServerRatis.java:newXceiverServerRatis(411)) - Found a free port for the server : 42480
2019-07-03 22:21:18,551 INFO  impl.RaftServerProxy (ConfUtils.java:logGet(43)) - raft.rpc.type = GRPC (default)
2019-07-03 22:21:18,551 INFO  grpc.GrpcFactory (GrpcFactory.java:checkPooledByteBufAllocatorUseCacheForAllThreads(45)) - PERFORMANCE WARNING: useCacheForAllThreads is true that may cause Netty to create a lot garbage objects and, as a result, trigger GC.
	It is recommended to disable useCacheForAllThreads by setting -Dorg.apache.ratis.thirdparty.io.netty.allocator.useCacheForAllThreads=false in command line.
2019-07-03 22:21:18,551 INFO  grpc.GrpcConfigKeys$Server (ConfUtils.java:logGet(43)) - raft.grpc.server.port = 42480 (custom)
2019-07-03 22:21:18,552 INFO  server.GrpcService (ConfUtils.java:logGet(43)) - raft.grpc.message.size.max = 33570816 (custom)
2019-07-03 22:21:18,552 INFO  server.RaftServerConfigKeys (ConfUtils.java:logGet(43)) - raft.server.log.appender.buffer.byte-limit = 33554432 (custom)
2019-07-03 22:21:18,552 INFO  server.GrpcService (ConfUtils.java:logGet(43)) - raft.grpc.flow.control.window = 1MB (=1048576) (default)
2019-07-03 22:21:18,552 INFO  server.RaftServerConfigKeys (ConfUtils.java:logGet(43)) - raft.server.rpc.request.timeout = 3000ms (default)
2019-07-03 22:21:18,553 INFO  server.RaftServerConfigKeys (ConfUtils.java:logGet(43)) - raft.server.storage.dir = [/opt/src/hadoop-ozone/integration-test/target/test-dir/MiniOzoneClusterImpl-737b2755-c87f-4af6-b1f9-662dbe2214cd/datanode-5/data/ratis] (custom)
2019-07-03 22:21:18,553 INFO  server.XceiverServerGrpc (XceiverServerGrpc.java:<init>(97)) - Found a free port for the server : 45427
2019-07-03 22:21:18,553 INFO  replication.SimpleContainerDownloader (SimpleContainerDownloader.java:<init>(72)) - Starting container downloader service to copy containers to replicate.
2019-07-03 22:21:18,554 INFO  hdfs.DFSUtil (DFSUtil.java:httpServerTemplateForNNAndJN(1641)) - Starting Web-server for hddsDatanode at: http://0.0.0.0:0
2019-07-03 22:21:18,555 INFO  server.AuthenticationFilter (AuthenticationFilter.java:constructSecretProvider(240)) - Unable to initialize FileSignerSecretProvider, falling back to use random secrets.
2019-07-03 22:21:18,556 WARN  http.HttpRequestLog (HttpRequestLog.java:getRequestLog(97)) - Jetty request log can only be enabled using Log4j
2019-07-03 22:21:18,557 INFO  http.HttpServer2 (HttpServer2.java:addGlobalFilter(975)) - Added global filter 'safety' (class=org.apache.hadoop.http.HttpServer2$QuotingInputFilter)
2019-07-03 22:21:18,557 INFO  http.HttpServer2 (HttpServer2.java:addFilter(948)) - Added filter static_user_filter (class=org.apache.hadoop.http.lib.StaticUserWebFilter$StaticUserFilter) to context hddsDatanode
2019-07-03 22:21:18,558 INFO  http.HttpServer2 (HttpServer2.java:addFilter(958)) - Added filter static_user_filter (class=org.apache.hadoop.http.lib.StaticUserWebFilter$StaticUserFilter) to context logs
2019-07-03 22:21:18,558 INFO  http.HttpServer2 (HttpServer2.java:addFilter(958)) - Added filter static_user_filter (class=org.apache.hadoop.http.lib.StaticUserWebFilter$StaticUserFilter) to context static
2019-07-03 22:21:18,558 INFO  http.HttpServer2 (HttpServer2.java:bindListener(1191)) - Jetty bound to port 36803
2019-07-03 22:21:18,558 INFO  server.Server (Server.java:doStart(351)) - jetty-9.3.24.v20180605, build timestamp: 2018-06-05T17:11:56Z, git hash: 84205aa28f11a4f31f2a3b86d1bba2cc8ab69827
2019-07-03 22:21:18,560 INFO  handler.ContextHandler (ContextHandler.java:doStart(781)) - Started o.e.j.s.ServletContextHandler@52963839{/logs,file:///opt/src/hadoop-ozone/integration-test/target/log,AVAILABLE}
2019-07-03 22:21:18,561 INFO  handler.ContextHandler (ContextHandler.java:doStart(781)) - Started o.e.j.s.ServletContextHandler@399fd710{/static,jar:file:/home/user/.m2/repository/org/apache/hadoop/hadoop-hdds-container-service/0.5.0-SNAPSHOT/hadoop-hdds-container-service-0.5.0-SNAPSHOT.jar!/webapps/static,AVAILABLE}
2019-07-03 22:21:18,622 INFO  handler.ContextHandler (ContextHandler.java:doStart(781)) - Started o.e.j.w.WebAppContext@3d3b852e{/,file:///tmp/jetty-0.0.0.0-36803-hddsDatanode-_-any-718363727997401024.dir/webapp/,AVAILABLE}{/hddsDatanode}
2019-07-03 22:21:18,623 INFO  server.AbstractConnector (AbstractConnector.java:doStart(278)) - Started ServerConnector@14ba7f15{HTTP/1.1,[http/1.1]}{0.0.0.0:36803}
2019-07-03 22:21:18,624 INFO  server.Server (Server.java:doStart(419)) - Started @38037ms
2019-07-03 22:21:18,625 INFO  server.BaseHttpServer (BaseHttpServer.java:updateConnectorAddress(207)) - HTTP server of HDDSDATANODE is listening at http://0.0.0.0:36803
2019-07-03 22:21:18,774 INFO  ozone.HddsDatanodeService (HddsDatanodeService.java:startPlugins(396)) - Started plug-in org.apache.hadoop.ozone.web.OzoneHddsDatanodeService@720c0996
2019-07-03 22:21:18,775 INFO  impl.MetricsSystemImpl (MetricsSystemImpl.java:init(158)) - HddsDatanode metrics system started (again)
2019-07-03 22:21:18,775 INFO  ozone.HddsDatanodeService (HddsDatanodeService.java:start(185)) - HddsDatanodeService host:ozone-hdds-1735-npfgf-2442002169 ip:192.168.157.198
2019-07-03 22:21:18,776 INFO  util.JvmPauseMonitor (JvmPauseMonitor.java:run(188)) - Starting JVM pause monitor
2019-07-03 22:21:18,778 INFO  datanode.InitDatanodeState (InitDatanodeState.java:persistContainerDatanodeDetails(140)) - DatanodeDetails is persisted to /opt/src/hadoop-ozone/integration-test/target/test-dir/MiniOzoneClusterImpl-737b2755-c87f-4af6-b1f9-662dbe2214cd/datanode-5/meta/datanode.id
2019-07-03 22:21:18,785 INFO  volume.HddsVolume (HddsVolume.java:<init>(176)) - Creating Volume: /opt/src/hadoop-ozone/integration-test/target/test-dir/MiniOzoneClusterImpl-737b2755-c87f-4af6-b1f9-662dbe2214cd/datanode-6/data/containers/hdds of  storage type : DISK and capacity : 52710309888
2019-07-03 22:21:18,785 INFO  volume.VolumeSet (VolumeSet.java:initializeVolumeSet(170)) - Added Volume : /opt/src/hadoop-ozone/integration-test/target/test-dir/MiniOzoneClusterImpl-737b2755-c87f-4af6-b1f9-662dbe2214cd/datanode-6/data/containers/hdds to VolumeSet
2019-07-03 22:21:18,785 INFO  volume.ThrottledAsyncChecker (ThrottledAsyncChecker.java:schedule(140)) - Scheduling a check for org.apache.hadoop.ozone.container.common.volume.HddsVolume@7a85dc58
2019-07-03 22:21:18,786 INFO  volume.HddsVolumeChecker (HddsVolumeChecker.java:checkAllVolumes(203)) - Scheduled health check for volume org.apache.hadoop.ozone.container.common.volume.HddsVolume@7a85dc58
2019-07-03 22:21:18,801 INFO  ratis.XceiverServerRatis (XceiverServerRatis.java:newXceiverServerRatis(411)) - Found a free port for the server : 45601
2019-07-03 22:21:18,802 INFO  impl.RaftServerProxy (ConfUtils.java:logGet(43)) - raft.rpc.type = GRPC (default)
2019-07-03 22:21:18,802 INFO  grpc.GrpcFactory (GrpcFactory.java:checkPooledByteBufAllocatorUseCacheForAllThreads(45)) - PERFORMANCE WARNING: useCacheForAllThreads is true that may cause Netty to create a lot garbage objects and, as a result, trigger GC.
	It is recommended to disable useCacheForAllThreads by setting -Dorg.apache.ratis.thirdparty.io.netty.allocator.useCacheForAllThreads=false in command line.
2019-07-03 22:21:18,803 INFO  grpc.GrpcConfigKeys$Server (ConfUtils.java:logGet(43)) - raft.grpc.server.port = 45601 (custom)
2019-07-03 22:21:18,803 INFO  server.GrpcService (ConfUtils.java:logGet(43)) - raft.grpc.message.size.max = 33570816 (custom)
2019-07-03 22:21:18,803 INFO  server.RaftServerConfigKeys (ConfUtils.java:logGet(43)) - raft.server.log.appender.buffer.byte-limit = 33554432 (custom)
2019-07-03 22:21:18,803 INFO  server.GrpcService (ConfUtils.java:logGet(43)) - raft.grpc.flow.control.window = 1MB (=1048576) (default)
2019-07-03 22:21:18,803 INFO  server.RaftServerConfigKeys (ConfUtils.java:logGet(43)) - raft.server.rpc.request.timeout = 3000ms (default)
2019-07-03 22:21:18,804 INFO  server.RaftServerConfigKeys (ConfUtils.java:logGet(43)) - raft.server.storage.dir = [/opt/src/hadoop-ozone/integration-test/target/test-dir/MiniOzoneClusterImpl-737b2755-c87f-4af6-b1f9-662dbe2214cd/datanode-6/data/ratis] (custom)
2019-07-03 22:21:18,804 INFO  server.XceiverServerGrpc (XceiverServerGrpc.java:<init>(97)) - Found a free port for the server : 34482
2019-07-03 22:21:18,804 INFO  replication.SimpleContainerDownloader (SimpleContainerDownloader.java:<init>(72)) - Starting container downloader service to copy containers to replicate.
2019-07-03 22:21:18,805 INFO  hdfs.DFSUtil (DFSUtil.java:httpServerTemplateForNNAndJN(1641)) - Starting Web-server for hddsDatanode at: http://0.0.0.0:0
2019-07-03 22:21:18,807 INFO  server.AuthenticationFilter (AuthenticationFilter.java:constructSecretProvider(240)) - Unable to initialize FileSignerSecretProvider, falling back to use random secrets.
2019-07-03 22:21:18,807 WARN  http.HttpRequestLog (HttpRequestLog.java:getRequestLog(97)) - Jetty request log can only be enabled using Log4j
2019-07-03 22:21:18,808 INFO  http.HttpServer2 (HttpServer2.java:addGlobalFilter(975)) - Added global filter 'safety' (class=org.apache.hadoop.http.HttpServer2$QuotingInputFilter)
2019-07-03 22:21:18,809 INFO  http.HttpServer2 (HttpServer2.java:addFilter(948)) - Added filter static_user_filter (class=org.apache.hadoop.http.lib.StaticUserWebFilter$StaticUserFilter) to context hddsDatanode
2019-07-03 22:21:18,809 INFO  http.HttpServer2 (HttpServer2.java:addFilter(958)) - Added filter static_user_filter (class=org.apache.hadoop.http.lib.StaticUserWebFilter$StaticUserFilter) to context static
2019-07-03 22:21:18,809 INFO  http.HttpServer2 (HttpServer2.java:addFilter(958)) - Added filter static_user_filter (class=org.apache.hadoop.http.lib.StaticUserWebFilter$StaticUserFilter) to context logs
2019-07-03 22:21:18,809 INFO  http.HttpServer2 (HttpServer2.java:bindListener(1191)) - Jetty bound to port 37208
2019-07-03 22:21:18,810 INFO  server.Server (Server.java:doStart(351)) - jetty-9.3.24.v20180605, build timestamp: 2018-06-05T17:11:56Z, git hash: 84205aa28f11a4f31f2a3b86d1bba2cc8ab69827
2019-07-03 22:21:18,811 INFO  handler.ContextHandler (ContextHandler.java:doStart(781)) - Started o.e.j.s.ServletContextHandler@a44ad33{/logs,file:///opt/src/hadoop-ozone/integration-test/target/log,AVAILABLE}
2019-07-03 22:21:18,812 INFO  handler.ContextHandler (ContextHandler.java:doStart(781)) - Started o.e.j.s.ServletContextHandler@627d5f99{/static,jar:file:/home/user/.m2/repository/org/apache/hadoop/hadoop-hdds-container-service/0.5.0-SNAPSHOT/hadoop-hdds-container-service-0.5.0-SNAPSHOT.jar!/webapps/static,AVAILABLE}
2019-07-03 22:21:18,838 INFO  handler.ContextHandler (ContextHandler.java:doStart(781)) - Started o.e.j.w.WebAppContext@14e93c46{/,file:///tmp/jetty-0.0.0.0-37208-hddsDatanode-_-any-7485089938223358131.dir/webapp/,AVAILABLE}{/hddsDatanode}
2019-07-03 22:21:18,839 INFO  server.AbstractConnector (AbstractConnector.java:doStart(278)) - Started ServerConnector@89465d9{HTTP/1.1,[http/1.1]}{0.0.0.0:37208}
2019-07-03 22:21:18,840 INFO  server.Server (Server.java:doStart(419)) - Started @38253ms
2019-07-03 22:21:18,841 INFO  server.BaseHttpServer (BaseHttpServer.java:updateConnectorAddress(207)) - HTTP server of HDDSDATANODE is listening at http://0.0.0.0:37208
2019-07-03 22:21:18,944 INFO  ozone.HddsDatanodeService (HddsDatanodeService.java:startPlugins(396)) - Started plug-in org.apache.hadoop.ozone.web.OzoneHddsDatanodeService@48697181
2019-07-03 22:21:18,944 INFO  ozone.MiniOzoneClusterImpl (MiniOzoneClusterImpl.java:lambda$waitForClusterToBeReady$0(142)) - Waiting for cluster to be ready. Got 0 of 7 DN Heartbeats.
2019-07-03 22:21:18,945 INFO  util.JvmPauseMonitor (JvmPauseMonitor.java:run(188)) - Starting JVM pause monitor
2019-07-03 22:21:18,947 INFO  datanode.InitDatanodeState (InitDatanodeState.java:persistContainerDatanodeDetails(140)) - DatanodeDetails is persisted to /opt/src/hadoop-ozone/integration-test/target/test-dir/MiniOzoneClusterImpl-737b2755-c87f-4af6-b1f9-662dbe2214cd/datanode-6/meta/datanode.id
2019-07-03 22:21:19,846 INFO  ozoneimpl.OzoneContainer (OzoneContainer.java:start(186)) - Attempting to start container services.
2019-07-03 22:21:19,847 INFO  ozoneimpl.OzoneContainer (OzoneContainer.java:startContainerScrub(160)) - Background container scrubber has been disabled by hdds.containerscrub.enabled
2019-07-03 22:21:19,847 INFO  ratis.XceiverServerRatis (XceiverServerRatis.java:start(428)) - Starting XceiverServerRatis 87cfe954-f73b-4338-b667-ddb9ab422782 at port 33182
2019-07-03 22:21:19,854 INFO  impl.RaftServerProxy (RaftServerProxy.java:lambda$start$3(299)) - 87cfe954-f73b-4338-b667-ddb9ab422782: start RPC server
2019-07-03 22:21:19,858 INFO  server.GrpcService (GrpcService.java:startImpl(149)) - 87cfe954-f73b-4338-b667-ddb9ab422782: GrpcService started, listening on 0.0.0.0/0.0.0.0:33182
2019-07-03 22:21:19,944 INFO  ozone.MiniOzoneClusterImpl (MiniOzoneClusterImpl.java:lambda$waitForClusterToBeReady$0(142)) - Waiting for cluster to be ready. Got 0 of 7 DN Heartbeats.
2019-07-03 22:21:20,036 INFO  ozoneimpl.OzoneContainer (OzoneContainer.java:start(186)) - Attempting to start container services.
2019-07-03 22:21:20,036 INFO  ozoneimpl.OzoneContainer (OzoneContainer.java:startContainerScrub(160)) - Background container scrubber has been disabled by hdds.containerscrub.enabled
2019-07-03 22:21:20,037 INFO  ratis.XceiverServerRatis (XceiverServerRatis.java:start(428)) - Starting XceiverServerRatis 1e752786-2ac8-4902-8fcc-43fce6129c02 at port 34154
2019-07-03 22:21:20,044 INFO  impl.RaftServerProxy (RaftServerProxy.java:lambda$start$3(299)) - 1e752786-2ac8-4902-8fcc-43fce6129c02: start RPC server
2019-07-03 22:21:20,045 INFO  server.GrpcService (GrpcService.java:startImpl(149)) - 1e752786-2ac8-4902-8fcc-43fce6129c02: GrpcService started, listening on 0.0.0.0/0.0.0.0:34154
2019-07-03 22:21:20,202 INFO  ozoneimpl.OzoneContainer (OzoneContainer.java:start(186)) - Attempting to start container services.
2019-07-03 22:21:20,202 INFO  ozoneimpl.OzoneContainer (OzoneContainer.java:startContainerScrub(160)) - Background container scrubber has been disabled by hdds.containerscrub.enabled
2019-07-03 22:21:20,203 INFO  ratis.XceiverServerRatis (XceiverServerRatis.java:start(428)) - Starting XceiverServerRatis d3698b3f-1344-4ce7-a2e3-7ee27cbcefb9 at port 40328
2019-07-03 22:21:20,209 INFO  impl.RaftServerProxy (RaftServerProxy.java:lambda$start$3(299)) - d3698b3f-1344-4ce7-a2e3-7ee27cbcefb9: start RPC server
2019-07-03 22:21:20,210 INFO  server.GrpcService (GrpcService.java:startImpl(149)) - d3698b3f-1344-4ce7-a2e3-7ee27cbcefb9: GrpcService started, listening on 0.0.0.0/0.0.0.0:40328
2019-07-03 22:21:20,370 INFO  ozoneimpl.OzoneContainer (OzoneContainer.java:start(186)) - Attempting to start container services.
2019-07-03 22:21:20,371 INFO  ozoneimpl.OzoneContainer (OzoneContainer.java:startContainerScrub(160)) - Background container scrubber has been disabled by hdds.containerscrub.enabled
2019-07-03 22:21:20,371 INFO  ratis.XceiverServerRatis (XceiverServerRatis.java:start(428)) - Starting XceiverServerRatis b6f622b3-376e-4582-b587-ae6ef97df5ee at port 42514
2019-07-03 22:21:20,379 INFO  impl.RaftServerProxy (RaftServerProxy.java:lambda$start$3(299)) - b6f622b3-376e-4582-b587-ae6ef97df5ee: start RPC server
2019-07-03 22:21:20,380 INFO  server.GrpcService (GrpcService.java:startImpl(149)) - b6f622b3-376e-4582-b587-ae6ef97df5ee: GrpcService started, listening on 0.0.0.0/0.0.0.0:42514
2019-07-03 22:21:20,536 INFO  ozoneimpl.OzoneContainer (OzoneContainer.java:start(186)) - Attempting to start container services.
2019-07-03 22:21:20,536 INFO  ozoneimpl.OzoneContainer (OzoneContainer.java:startContainerScrub(160)) - Background container scrubber has been disabled by hdds.containerscrub.enabled
2019-07-03 22:21:20,536 INFO  ratis.XceiverServerRatis (XceiverServerRatis.java:start(428)) - Starting XceiverServerRatis 80ff6d79-52a3-49fc-aeb4-9644884541fb at port 38274
2019-07-03 22:21:20,544 INFO  impl.RaftServerProxy (RaftServerProxy.java:lambda$start$3(299)) - 80ff6d79-52a3-49fc-aeb4-9644884541fb: start RPC server
2019-07-03 22:21:20,545 INFO  server.GrpcService (GrpcService.java:startImpl(149)) - 80ff6d79-52a3-49fc-aeb4-9644884541fb: GrpcService started, listening on 0.0.0.0/0.0.0.0:38274
2019-07-03 22:21:20,791 INFO  ozoneimpl.OzoneContainer (OzoneContainer.java:start(186)) - Attempting to start container services.
2019-07-03 22:21:20,792 INFO  ozoneimpl.OzoneContainer (OzoneContainer.java:startContainerScrub(160)) - Background container scrubber has been disabled by hdds.containerscrub.enabled
2019-07-03 22:21:20,792 INFO  ratis.XceiverServerRatis (XceiverServerRatis.java:start(428)) - Starting XceiverServerRatis c2cd9d93-ce36-45e6-8c30-f7c322d7067d at port 42480
2019-07-03 22:21:20,799 INFO  impl.RaftServerProxy (RaftServerProxy.java:lambda$start$3(299)) - c2cd9d93-ce36-45e6-8c30-f7c322d7067d: start RPC server
2019-07-03 22:21:20,800 INFO  server.GrpcService (GrpcService.java:startImpl(149)) - c2cd9d93-ce36-45e6-8c30-f7c322d7067d: GrpcService started, listening on 0.0.0.0/0.0.0.0:42480
2019-07-03 22:21:20,945 INFO  ozone.MiniOzoneClusterImpl (MiniOzoneClusterImpl.java:lambda$waitForClusterToBeReady$0(142)) - Waiting for cluster to be ready. Got 0 of 7 DN Heartbeats.
2019-07-03 22:21:20,961 INFO  ozoneimpl.OzoneContainer (OzoneContainer.java:start(186)) - Attempting to start container services.
2019-07-03 22:21:20,961 INFO  ozoneimpl.OzoneContainer (OzoneContainer.java:startContainerScrub(160)) - Background container scrubber has been disabled by hdds.containerscrub.enabled
2019-07-03 22:21:20,961 INFO  ratis.XceiverServerRatis (XceiverServerRatis.java:start(428)) - Starting XceiverServerRatis 2410e211-5485-4791-80df-7d5992515081 at port 45601
2019-07-03 22:21:20,969 INFO  impl.RaftServerProxy (RaftServerProxy.java:lambda$start$3(299)) - 2410e211-5485-4791-80df-7d5992515081: start RPC server
2019-07-03 22:21:20,969 INFO  server.GrpcService (GrpcService.java:startImpl(149)) - 2410e211-5485-4791-80df-7d5992515081: GrpcService started, listening on 0.0.0.0/0.0.0.0:45601
2019-07-03 22:21:21,817 INFO  net.NetworkTopology (NetworkTopologyImpl.java:add(109)) - Added a new node: /default-rack/192.168.157.198
2019-07-03 22:21:21,820 INFO  node.SCMNodeManager (SCMNodeManager.java:register(268)) - Registered Data node : 87cfe954-f73b-4338-b667-ddb9ab422782{ip: 192.168.157.198, host: ozone-hdds-1735-npfgf-2442002169, networkLocation: /default-rack, certSerialId: null}
2019-07-03 22:21:21,820 INFO  safemode.SCMSafeModeManager (DataNodeSafeModeRule.java:process(71)) - SCM in safe mode. 1 DataNodes registered, 1 required.
2019-07-03 22:21:21,823 INFO  safemode.SCMSafeModeManager (SCMSafeModeManager.java:validateSafeModeExitRules(177)) - ScmSafeModeManager, all rules are successfully validated
2019-07-03 22:21:21,823 INFO  safemode.SCMSafeModeManager (SCMSafeModeManager.java:exitSafeMode(193)) - SCM exiting safe mode.
2019-07-03 22:21:21,833 INFO  impl.RaftServerProxy (RaftServerProxy.java:addNew(89)) - 87cfe954-f73b-4338-b667-ddb9ab422782: addNew group-4149844BDEDD:[87cfe954-f73b-4338-b667-ddb9ab422782:192.168.157.198:33182] returns group-4149844BDEDD:java.util.concurrent.CompletableFuture@3e8a10ad[Not completed]
2019-07-03 22:21:21,834 INFO  impl.RaftServerImpl (RaftServerImpl.java:<init>(93)) - 87cfe954-f73b-4338-b667-ddb9ab422782: new RaftServerImpl for group-4149844BDEDD:[87cfe954-f73b-4338-b667-ddb9ab422782:192.168.157.198:33182] with ContainerStateMachine:uninitialized
2019-07-03 22:21:21,834 INFO  server.RaftServerConfigKeys (ConfUtils.java:logGet(43)) - raft.server.rpc.timeout.min = 1s (custom)
2019-07-03 22:21:21,834 INFO  server.RaftServerConfigKeys (ConfUtils.java:logGet(43)) - raft.server.rpc.timeout.max = 1200ms (custom)
2019-07-03 22:21:21,834 INFO  server.RaftServerConfigKeys (ConfUtils.java:logGet(43)) - raft.server.rpcslowness.timeout = 120s (custom)
2019-07-03 22:21:21,834 INFO  server.RaftServerConfigKeys (ConfUtils.java:logGet(43)) - raft.server.sleep.deviation.threshold = 300 (default)
2019-07-03 22:21:21,835 INFO  server.RaftServerConfigKeys (ConfUtils.java:logGet(43)) - raft.server.log.appender.install.snapshot.enabled = false (custom)
2019-07-03 22:21:21,835 INFO  impl.RaftServerImpl (ServerState.java:<init>(105)) - 87cfe954-f73b-4338-b667-ddb9ab422782:group-4149844BDEDD ConfigurationManager, init=-1: [87cfe954-f73b-4338-b667-ddb9ab422782:192.168.157.198:33182], old=null, confs=<EMPTY_MAP>
2019-07-03 22:21:21,835 INFO  server.RaftServerConfigKeys (ConfUtils.java:logGet(43)) - raft.server.storage.dir = [/opt/src/hadoop-ozone/integration-test/target/test-dir/MiniOzoneClusterImpl-737b2755-c87f-4af6-b1f9-662dbe2214cd/datanode-0/data/ratis] (custom)
2019-07-03 22:21:21,835 INFO  storage.RaftStorageDirectory (RaftStorageDirectory.java:analyzeStorage(246)) - The storage directory /opt/src/hadoop-ozone/integration-test/target/test-dir/MiniOzoneClusterImpl-737b2755-c87f-4af6-b1f9-662dbe2214cd/datanode-0/data/ratis/983bf3b7-5b5b-417f-a981-4149844bdedd does not exist. Creating ...
2019-07-03 22:21:21,849 INFO  storage.RaftStorageDirectory (RaftStorageDirectory.java:tryLock(328)) - Lock on /opt/src/hadoop-ozone/integration-test/target/test-dir/MiniOzoneClusterImpl-737b2755-c87f-4af6-b1f9-662dbe2214cd/datanode-0/data/ratis/983bf3b7-5b5b-417f-a981-4149844bdedd/in_use.lock acquired by nodename 9000@ozone-hdds-1735-npfgf-2442002169
2019-07-03 22:21:21,862 INFO  storage.RaftStorage (RaftStorage.java:format(72)) - Storage directory /opt/src/hadoop-ozone/integration-test/target/test-dir/MiniOzoneClusterImpl-737b2755-c87f-4af6-b1f9-662dbe2214cd/datanode-0/data/ratis/983bf3b7-5b5b-417f-a981-4149844bdedd has been successfully formatted.
2019-07-03 22:21:21,863 INFO  ratis.ContainerStateMachine (ContainerStateMachine.java:loadSnapshot(198)) - The snapshot info is null.Setting the last applied index to:(t:0, i:~)
2019-07-03 22:21:21,863 INFO  server.RaftServerConfigKeys (ConfUtils.java:logGet(43)) - raft.server.leader.election.timeout = 120s (custom)
2019-07-03 22:21:21,863 INFO  server.RaftServerConfigKeys (ConfUtils.java:logGet(43)) - raft.server.log.use.memory = false (default)
2019-07-03 22:21:21,863 INFO  server.RaftServerConfigKeys (ConfUtils.java:logGet(43)) - raft.server.log.purge.gap = 1000000000 (custom)
2019-07-03 22:21:21,863 INFO  server.RaftServerConfigKeys (ConfUtils.java:logGet(43)) - raft.server.log.appender.buffer.byte-limit = 33554432 (custom)
2019-07-03 22:21:21,863 INFO  server.RaftServerConfigKeys (ConfUtils.java:logGet(43)) - raft.server.log.segment.size.max = 1048576 (custom)
2019-07-03 22:21:21,863 INFO  server.RaftServerConfigKeys (ConfUtils.java:logGet(43)) - raft.server.log.segment.cache.num.max = 2 (custom)
2019-07-03 22:21:21,864 INFO  segmented.SegmentedRaftLogWorker (SegmentedRaftLogWorker.java:<init>(172)) - new 87cfe954-f73b-4338-b667-ddb9ab422782-SegmentedRaftLogWorker:Storage Directory /opt/src/hadoop-ozone/integration-test/target/test-dir/MiniOzoneClusterImpl-737b2755-c87f-4af6-b1f9-662dbe2214cd/datanode-0/data/ratis/983bf3b7-5b5b-417f-a981-4149844bdedd for RaftStorage:Storage Directory /opt/src/hadoop-ozone/integration-test/target/test-dir/MiniOzoneClusterImpl-737b2755-c87f-4af6-b1f9-662dbe2214cd/datanode-0/data/ratis/983bf3b7-5b5b-417f-a981-4149844bdedd
2019-07-03 22:21:21,864 INFO  server.RaftServerConfigKeys (ConfUtils.java:logGet(43)) - raft.server.log.queue.byte-limit = 2147483647 (custom)
2019-07-03 22:21:21,864 INFO  server.RaftServerConfigKeys (ConfUtils.java:logGet(43)) - raft.server.log.queue.element-limit = 1024 (custom)
2019-07-03 22:21:21,864 INFO  server.RaftServerConfigKeys (ConfUtils.java:logGet(43)) - raft.server.log.segment.size.max = 1048576 (custom)
2019-07-03 22:21:21,864 INFO  server.RaftServerConfigKeys (ConfUtils.java:logGet(43)) - raft.server.log.preallocated.size = 16384 (custom)
2019-07-03 22:21:21,864 INFO  server.RaftServerConfigKeys (ConfUtils.java:logGet(43)) - raft.server.log.write.buffer.size = 33554432 (custom)
2019-07-03 22:21:21,864 INFO  server.RaftServerConfigKeys (ConfUtils.java:logGet(43)) - raft.server.log.force.sync.num = 128 (default)
2019-07-03 22:21:21,865 INFO  server.RaftServerConfigKeys (ConfUtils.java:logGet(43)) - raft.server.log.statemachine.data.sync = true (default)
2019-07-03 22:21:21,865 INFO  server.RaftServerConfigKeys (ConfUtils.java:logGet(43)) - raft.server.log.statemachine.data.sync.timeout = 10s (default)
2019-07-03 22:21:21,865 INFO  server.RaftServerConfigKeys (ConfUtils.java:logGet(43)) - raft.server.log.statemachine.data.sync.timeout.retry = -1 (default)
2019-07-03 22:21:21,865 INFO  server.RaftServerConfigKeys (ConfUtils.java:logGet(43)) - raft.server.log.statemachine.data.caching.enabled = true (custom)
2019-07-03 22:21:21,866 INFO  segmented.SegmentedRaftLogWorker (SegmentedRaftLogWorker.java:lambda$new$0(132)) - 87cfe954-f73b-4338-b667-ddb9ab422782-SegmentedRaftLogWorker:Storage Directory /opt/src/hadoop-ozone/integration-test/target/test-dir/MiniOzoneClusterImpl-737b2755-c87f-4af6-b1f9-662dbe2214cd/datanode-0/data/ratis/983bf3b7-5b5b-417f-a981-4149844bdedd: flushIndex: setUnconditionally 0 -> -1
2019-07-03 22:21:21,866 INFO  server.RaftServerConfigKeys (ConfUtils.java:logGet(43)) - raft.server.snapshot.auto.trigger.enabled = true (custom)
2019-07-03 22:21:21,866 INFO  server.RaftServerConfigKeys (ConfUtils.java:logGet(43)) - raft.server.snapshot.auto.trigger.threshold = 10000 (custom)
2019-07-03 22:21:21,866 INFO  server.RaftServerConfigKeys (ConfUtils.java:logGet(43)) - raft.server.retrycache.expirytime = 600000ms (custom)
2019-07-03 22:21:21,866 INFO  impl.RaftServerImpl (RaftServerImpl.java:start(180)) - 87cfe954-f73b-4338-b667-ddb9ab422782: start group-4149844BDEDD
2019-07-03 22:21:21,866 INFO  impl.RaftServerImpl (RaftServerImpl.java:setRole(171)) - 87cfe954-f73b-4338-b667-ddb9ab422782:group-4149844BDEDD changes role from null to FOLLOWER at term 0 for startAsFollower
2019-07-03 22:21:21,867 INFO  impl.RoleInfo (RoleInfo.java:updateAndGet(143)) - 87cfe954-f73b-4338-b667-ddb9ab422782: start FollowerState
2019-07-03 22:21:21,867 INFO  util.JmxRegister (JmxRegister.java:tryRegister(44)) - Successfully registered JMX Bean with object name Ratis:service=RaftServer,group=group-4149844BDEDD,id=87cfe954-f73b-4338-b667-ddb9ab422782
2019-07-03 22:21:21,870 INFO  pipeline.PipelineStateManager (PipelineStateManager.java:addPipeline(56)) - Created pipeline Pipeline[ Id: 983bf3b7-5b5b-417f-a981-4149844bdedd, Nodes: 87cfe954-f73b-4338-b667-ddb9ab422782{ip: 192.168.157.198, host: ozone-hdds-1735-npfgf-2442002169, networkLocation: /default-rack, certSerialId: null}, Type:RATIS, Factor:ONE, State:OPEN]
2019-07-03 22:21:21,945 INFO  ozone.MiniOzoneClusterImpl (MiniOzoneClusterImpl.java:lambda$waitForClusterToBeReady$0(142)) - Waiting for cluster to be ready. Got 1 of 7 DN Heartbeats.
2019-07-03 22:21:22,020 INFO  node.SCMNodeManager (SCMNodeManager.java:register(268)) - Registered Data node : 1e752786-2ac8-4902-8fcc-43fce6129c02{ip: 192.168.157.198, host: ozone-hdds-1735-npfgf-2442002169, networkLocation: /default-rack, certSerialId: null}
2019-07-03 22:21:22,048 INFO  impl.RaftServerProxy (RaftServerProxy.java:addNew(89)) - 1e752786-2ac8-4902-8fcc-43fce6129c02: addNew group-4B79AC403320:[1e752786-2ac8-4902-8fcc-43fce6129c02:192.168.157.198:34154] returns group-4B79AC403320:java.util.concurrent.CompletableFuture@251d5782[Not completed]
2019-07-03 22:21:22,049 INFO  impl.RaftServerImpl (RaftServerImpl.java:<init>(93)) - 1e752786-2ac8-4902-8fcc-43fce6129c02: new RaftServerImpl for group-4B79AC403320:[1e752786-2ac8-4902-8fcc-43fce6129c02:192.168.157.198:34154] with ContainerStateMachine:uninitialized
2019-07-03 22:21:22,049 INFO  server.RaftServerConfigKeys (ConfUtils.java:logGet(43)) - raft.server.rpc.timeout.min = 1s (custom)
2019-07-03 22:21:22,050 INFO  server.RaftServerConfigKeys (ConfUtils.java:logGet(43)) - raft.server.rpc.timeout.max = 1200ms (custom)
2019-07-03 22:21:22,050 INFO  server.RaftServerConfigKeys (ConfUtils.java:logGet(43)) - raft.server.rpcslowness.timeout = 120s (custom)
2019-07-03 22:21:22,050 INFO  server.RaftServerConfigKeys (ConfUtils.java:logGet(43)) - raft.server.sleep.deviation.threshold = 300 (default)
2019-07-03 22:21:22,050 INFO  server.RaftServerConfigKeys (ConfUtils.java:logGet(43)) - raft.server.log.appender.install.snapshot.enabled = false (custom)
2019-07-03 22:21:22,050 INFO  impl.RaftServerImpl (ServerState.java:<init>(105)) - 1e752786-2ac8-4902-8fcc-43fce6129c02:group-4B79AC403320 ConfigurationManager, init=-1: [1e752786-2ac8-4902-8fcc-43fce6129c02:192.168.157.198:34154], old=null, confs=<EMPTY_MAP>
2019-07-03 22:21:22,050 INFO  server.RaftServerConfigKeys (ConfUtils.java:logGet(43)) - raft.server.storage.dir = [/opt/src/hadoop-ozone/integration-test/target/test-dir/MiniOzoneClusterImpl-737b2755-c87f-4af6-b1f9-662dbe2214cd/datanode-1/data/ratis] (custom)
2019-07-03 22:21:22,051 INFO  storage.RaftStorageDirectory (RaftStorageDirectory.java:analyzeStorage(246)) - The storage directory /opt/src/hadoop-ozone/integration-test/target/test-dir/MiniOzoneClusterImpl-737b2755-c87f-4af6-b1f9-662dbe2214cd/datanode-1/data/ratis/87ff74c2-291f-4733-9aa4-4b79ac403320 does not exist. Creating ...
2019-07-03 22:21:22,065 INFO  storage.RaftStorageDirectory (RaftStorageDirectory.java:tryLock(328)) - Lock on /opt/src/hadoop-ozone/integration-test/target/test-dir/MiniOzoneClusterImpl-737b2755-c87f-4af6-b1f9-662dbe2214cd/datanode-1/data/ratis/87ff74c2-291f-4733-9aa4-4b79ac403320/in_use.lock acquired by nodename 9000@ozone-hdds-1735-npfgf-2442002169
2019-07-03 22:21:22,078 INFO  storage.RaftStorage (RaftStorage.java:format(72)) - Storage directory /opt/src/hadoop-ozone/integration-test/target/test-dir/MiniOzoneClusterImpl-737b2755-c87f-4af6-b1f9-662dbe2214cd/datanode-1/data/ratis/87ff74c2-291f-4733-9aa4-4b79ac403320 has been successfully formatted.
2019-07-03 22:21:22,079 INFO  ratis.ContainerStateMachine (ContainerStateMachine.java:loadSnapshot(198)) - The snapshot info is null.Setting the last applied index to:(t:0, i:~)
2019-07-03 22:21:22,079 INFO  server.RaftServerConfigKeys (ConfUtils.java:logGet(43)) - raft.server.leader.election.timeout = 120s (custom)
2019-07-03 22:21:22,079 INFO  server.RaftServerConfigKeys (ConfUtils.java:logGet(43)) - raft.server.log.use.memory = false (default)
2019-07-03 22:21:22,079 INFO  server.RaftServerConfigKeys (ConfUtils.java:logGet(43)) - raft.server.log.purge.gap = 1000000000 (custom)
2019-07-03 22:21:22,079 INFO  server.RaftServerConfigKeys (ConfUtils.java:logGet(43)) - raft.server.log.appender.buffer.byte-limit = 33554432 (custom)
2019-07-03 22:21:22,080 INFO  server.RaftServerConfigKeys (ConfUtils.java:logGet(43)) - raft.server.log.segment.size.max = 1048576 (custom)
2019-07-03 22:21:22,080 INFO  server.RaftServerConfigKeys (ConfUtils.java:logGet(43)) - raft.server.log.segment.cache.num.max = 2 (custom)
2019-07-03 22:21:22,080 INFO  segmented.SegmentedRaftLogWorker (SegmentedRaftLogWorker.java:<init>(172)) - new 1e752786-2ac8-4902-8fcc-43fce6129c02-SegmentedRaftLogWorker:Storage Directory /opt/src/hadoop-ozone/integration-test/target/test-dir/MiniOzoneClusterImpl-737b2755-c87f-4af6-b1f9-662dbe2214cd/datanode-1/data/ratis/87ff74c2-291f-4733-9aa4-4b79ac403320 for RaftStorage:Storage Directory /opt/src/hadoop-ozone/integration-test/target/test-dir/MiniOzoneClusterImpl-737b2755-c87f-4af6-b1f9-662dbe2214cd/datanode-1/data/ratis/87ff74c2-291f-4733-9aa4-4b79ac403320
2019-07-03 22:21:22,080 INFO  server.RaftServerConfigKeys (ConfUtils.java:logGet(43)) - raft.server.log.queue.byte-limit = 2147483647 (custom)
2019-07-03 22:21:22,080 INFO  server.RaftServerConfigKeys (ConfUtils.java:logGet(43)) - raft.server.log.queue.element-limit = 1024 (custom)
2019-07-03 22:21:22,081 INFO  server.RaftServerConfigKeys (ConfUtils.java:logGet(43)) - raft.server.log.segment.size.max = 1048576 (custom)
2019-07-03 22:21:22,081 INFO  server.RaftServerConfigKeys (ConfUtils.java:logGet(43)) - raft.server.log.preallocated.size = 16384 (custom)
2019-07-03 22:21:22,081 INFO  server.RaftServerConfigKeys (ConfUtils.java:logGet(43)) - raft.server.log.write.buffer.size = 33554432 (custom)
2019-07-03 22:21:22,081 INFO  server.RaftServerConfigKeys (ConfUtils.java:logGet(43)) - raft.server.log.force.sync.num = 128 (default)
2019-07-03 22:21:22,081 INFO  server.RaftServerConfigKeys (ConfUtils.java:logGet(43)) - raft.server.log.statemachine.data.sync = true (default)
2019-07-03 22:21:22,081 INFO  server.RaftServerConfigKeys (ConfUtils.java:logGet(43)) - raft.server.log.statemachine.data.sync.timeout = 10s (default)
2019-07-03 22:21:22,082 INFO  server.RaftServerConfigKeys (ConfUtils.java:logGet(43)) - raft.server.log.statemachine.data.sync.timeout.retry = -1 (default)
2019-07-03 22:21:22,082 INFO  server.RaftServerConfigKeys (ConfUtils.java:logGet(43)) - raft.server.log.statemachine.data.caching.enabled = true (custom)
2019-07-03 22:21:22,082 INFO  segmented.SegmentedRaftLogWorker (SegmentedRaftLogWorker.java:lambda$new$0(132)) - 1e752786-2ac8-4902-8fcc-43fce6129c02-SegmentedRaftLogWorker:Storage Directory /opt/src/hadoop-ozone/integration-test/target/test-dir/MiniOzoneClusterImpl-737b2755-c87f-4af6-b1f9-662dbe2214cd/datanode-1/data/ratis/87ff74c2-291f-4733-9aa4-4b79ac403320: flushIndex: setUnconditionally 0 -> -1
2019-07-03 22:21:22,083 INFO  server.RaftServerConfigKeys (ConfUtils.java:logGet(43)) - raft.server.snapshot.auto.trigger.enabled = true (custom)
2019-07-03 22:21:22,083 INFO  server.RaftServerConfigKeys (ConfUtils.java:logGet(43)) - raft.server.snapshot.auto.trigger.threshold = 10000 (custom)
2019-07-03 22:21:22,083 INFO  server.RaftServerConfigKeys (ConfUtils.java:logGet(43)) - raft.server.retrycache.expirytime = 600000ms (custom)
2019-07-03 22:21:22,083 INFO  impl.RaftServerImpl (RaftServerImpl.java:start(180)) - 1e752786-2ac8-4902-8fcc-43fce6129c02: start group-4B79AC403320
2019-07-03 22:21:22,083 INFO  impl.RaftServerImpl (RaftServerImpl.java:setRole(171)) - 1e752786-2ac8-4902-8fcc-43fce6129c02:group-4B79AC403320 changes role from null to FOLLOWER at term 0 for startAsFollower
2019-07-03 22:21:22,084 INFO  impl.RoleInfo (RoleInfo.java:updateAndGet(143)) - 1e752786-2ac8-4902-8fcc-43fce6129c02: start FollowerState
2019-07-03 22:21:22,084 INFO  util.JmxRegister (JmxRegister.java:tryRegister(44)) - Successfully registered JMX Bean with object name Ratis:service=RaftServer,group=group-4B79AC403320,id=1e752786-2ac8-4902-8fcc-43fce6129c02
2019-07-03 22:21:22,087 INFO  pipeline.PipelineStateManager (PipelineStateManager.java:addPipeline(56)) - Created pipeline Pipeline[ Id: 87ff74c2-291f-4733-9aa4-4b79ac403320, Nodes: 1e752786-2ac8-4902-8fcc-43fce6129c02{ip: 192.168.157.198, host: ozone-hdds-1735-npfgf-2442002169, networkLocation: /default-rack, certSerialId: null}, Type:RATIS, Factor:ONE, State:OPEN]
2019-07-03 22:21:22,190 INFO  node.SCMNodeManager (SCMNodeManager.java:register(268)) - Registered Data node : d3698b3f-1344-4ce7-a2e3-7ee27cbcefb9{ip: 192.168.157.198, host: ozone-hdds-1735-npfgf-2442002169, networkLocation: /default-rack, certSerialId: null}
2019-07-03 22:21:22,213 INFO  impl.RaftServerProxy (RaftServerProxy.java:addNew(89)) - d3698b3f-1344-4ce7-a2e3-7ee27cbcefb9: addNew group-94ADBC09E7F8:[d3698b3f-1344-4ce7-a2e3-7ee27cbcefb9:192.168.157.198:40328] returns group-94ADBC09E7F8:java.util.concurrent.CompletableFuture@5ba7f473[Not completed]
2019-07-03 22:21:22,215 INFO  impl.RaftServerImpl (RaftServerImpl.java:<init>(93)) - d3698b3f-1344-4ce7-a2e3-7ee27cbcefb9: new RaftServerImpl for group-94ADBC09E7F8:[d3698b3f-1344-4ce7-a2e3-7ee27cbcefb9:192.168.157.198:40328] with ContainerStateMachine:uninitialized
2019-07-03 22:21:22,215 INFO  server.RaftServerConfigKeys (ConfUtils.java:logGet(43)) - raft.server.rpc.timeout.min = 1s (custom)
2019-07-03 22:21:22,215 INFO  server.RaftServerConfigKeys (ConfUtils.java:logGet(43)) - raft.server.rpc.timeout.max = 1200ms (custom)
2019-07-03 22:21:22,215 INFO  server.RaftServerConfigKeys (ConfUtils.java:logGet(43)) - raft.server.rpcslowness.timeout = 120s (custom)
2019-07-03 22:21:22,216 INFO  server.RaftServerConfigKeys (ConfUtils.java:logGet(43)) - raft.server.sleep.deviation.threshold = 300 (default)
2019-07-03 22:21:22,216 INFO  server.RaftServerConfigKeys (ConfUtils.java:logGet(43)) - raft.server.log.appender.install.snapshot.enabled = false (custom)
2019-07-03 22:21:22,216 INFO  impl.RaftServerImpl (ServerState.java:<init>(105)) - d3698b3f-1344-4ce7-a2e3-7ee27cbcefb9:group-94ADBC09E7F8 ConfigurationManager, init=-1: [d3698b3f-1344-4ce7-a2e3-7ee27cbcefb9:192.168.157.198:40328], old=null, confs=<EMPTY_MAP>
2019-07-03 22:21:22,216 INFO  server.RaftServerConfigKeys (ConfUtils.java:logGet(43)) - raft.server.storage.dir = [/opt/src/hadoop-ozone/integration-test/target/test-dir/MiniOzoneClusterImpl-737b2755-c87f-4af6-b1f9-662dbe2214cd/datanode-2/data/ratis] (custom)
2019-07-03 22:21:22,217 INFO  storage.RaftStorageDirectory (RaftStorageDirectory.java:analyzeStorage(246)) - The storage directory /opt/src/hadoop-ozone/integration-test/target/test-dir/MiniOzoneClusterImpl-737b2755-c87f-4af6-b1f9-662dbe2214cd/datanode-2/data/ratis/887e7f39-f606-469e-8e04-94adbc09e7f8 does not exist. Creating ...
2019-07-03 22:21:22,230 INFO  storage.RaftStorageDirectory (RaftStorageDirectory.java:tryLock(328)) - Lock on /opt/src/hadoop-ozone/integration-test/target/test-dir/MiniOzoneClusterImpl-737b2755-c87f-4af6-b1f9-662dbe2214cd/datanode-2/data/ratis/887e7f39-f606-469e-8e04-94adbc09e7f8/in_use.lock acquired by nodename 9000@ozone-hdds-1735-npfgf-2442002169
2019-07-03 22:21:22,258 INFO  storage.RaftStorage (RaftStorage.java:format(72)) - Storage directory /opt/src/hadoop-ozone/integration-test/target/test-dir/MiniOzoneClusterImpl-737b2755-c87f-4af6-b1f9-662dbe2214cd/datanode-2/data/ratis/887e7f39-f606-469e-8e04-94adbc09e7f8 has been successfully formatted.
2019-07-03 22:21:22,258 INFO  ratis.ContainerStateMachine (ContainerStateMachine.java:loadSnapshot(198)) - The snapshot info is null.Setting the last applied index to:(t:0, i:~)
2019-07-03 22:21:22,258 INFO  server.RaftServerConfigKeys (ConfUtils.java:logGet(43)) - raft.server.leader.election.timeout = 120s (custom)
2019-07-03 22:21:22,259 INFO  server.RaftServerConfigKeys (ConfUtils.java:logGet(43)) - raft.server.log.use.memory = false (default)
2019-07-03 22:21:22,259 INFO  server.RaftServerConfigKeys (ConfUtils.java:logGet(43)) - raft.server.log.purge.gap = 1000000000 (custom)
2019-07-03 22:21:22,259 INFO  server.RaftServerConfigKeys (ConfUtils.java:logGet(43)) - raft.server.log.appender.buffer.byte-limit = 33554432 (custom)
2019-07-03 22:21:22,259 INFO  server.RaftServerConfigKeys (ConfUtils.java:logGet(43)) - raft.server.log.segment.size.max = 1048576 (custom)
2019-07-03 22:21:22,259 INFO  server.RaftServerConfigKeys (ConfUtils.java:logGet(43)) - raft.server.log.segment.cache.num.max = 2 (custom)
2019-07-03 22:21:22,260 INFO  segmented.SegmentedRaftLogWorker (SegmentedRaftLogWorker.java:<init>(172)) - new d3698b3f-1344-4ce7-a2e3-7ee27cbcefb9-SegmentedRaftLogWorker:Storage Directory /opt/src/hadoop-ozone/integration-test/target/test-dir/MiniOzoneClusterImpl-737b2755-c87f-4af6-b1f9-662dbe2214cd/datanode-2/data/ratis/887e7f39-f606-469e-8e04-94adbc09e7f8 for RaftStorage:Storage Directory /opt/src/hadoop-ozone/integration-test/target/test-dir/MiniOzoneClusterImpl-737b2755-c87f-4af6-b1f9-662dbe2214cd/datanode-2/data/ratis/887e7f39-f606-469e-8e04-94adbc09e7f8
2019-07-03 22:21:22,260 INFO  server.RaftServerConfigKeys (ConfUtils.java:logGet(43)) - raft.server.log.queue.byte-limit = 2147483647 (custom)
2019-07-03 22:21:22,260 INFO  server.RaftServerConfigKeys (ConfUtils.java:logGet(43)) - raft.server.log.queue.element-limit = 1024 (custom)
2019-07-03 22:21:22,260 INFO  server.RaftServerConfigKeys (ConfUtils.java:logGet(43)) - raft.server.log.segment.size.max = 1048576 (custom)
2019-07-03 22:21:22,261 INFO  server.RaftServerConfigKeys (ConfUtils.java:logGet(43)) - raft.server.log.preallocated.size = 16384 (custom)
2019-07-03 22:21:22,261 INFO  server.RaftServerConfigKeys (ConfUtils.java:logGet(43)) - raft.server.log.write.buffer.size = 33554432 (custom)
2019-07-03 22:21:22,261 INFO  server.RaftServerConfigKeys (ConfUtils.java:logGet(43)) - raft.server.log.force.sync.num = 128 (default)
2019-07-03 22:21:22,261 INFO  server.RaftServerConfigKeys (ConfUtils.java:logGet(43)) - raft.server.log.statemachine.data.sync = true (default)
2019-07-03 22:21:22,261 INFO  server.RaftServerConfigKeys (ConfUtils.java:logGet(43)) - raft.server.log.statemachine.data.sync.timeout = 10s (default)
2019-07-03 22:21:22,261 INFO  server.RaftServerConfigKeys (ConfUtils.java:logGet(43)) - raft.server.log.statemachine.data.sync.timeout.retry = -1 (default)
2019-07-03 22:21:22,262 INFO  server.RaftServerConfigKeys (ConfUtils.java:logGet(43)) - raft.server.log.statemachine.data.caching.enabled = true (custom)
2019-07-03 22:21:22,262 INFO  segmented.SegmentedRaftLogWorker (SegmentedRaftLogWorker.java:lambda$new$0(132)) - d3698b3f-1344-4ce7-a2e3-7ee27cbcefb9-SegmentedRaftLogWorker:Storage Directory /opt/src/hadoop-ozone/integration-test/target/test-dir/MiniOzoneClusterImpl-737b2755-c87f-4af6-b1f9-662dbe2214cd/datanode-2/data/ratis/887e7f39-f606-469e-8e04-94adbc09e7f8: flushIndex: setUnconditionally 0 -> -1
2019-07-03 22:21:22,263 INFO  server.RaftServerConfigKeys (ConfUtils.java:logGet(43)) - raft.server.snapshot.auto.trigger.enabled = true (custom)
2019-07-03 22:21:22,263 INFO  server.RaftServerConfigKeys (ConfUtils.java:logGet(43)) - raft.server.snapshot.auto.trigger.threshold = 10000 (custom)
2019-07-03 22:21:22,263 INFO  server.RaftServerConfigKeys (ConfUtils.java:logGet(43)) - raft.server.retrycache.expirytime = 600000ms (custom)
2019-07-03 22:21:22,263 INFO  impl.RaftServerImpl (RaftServerImpl.java:start(180)) - d3698b3f-1344-4ce7-a2e3-7ee27cbcefb9: start group-94ADBC09E7F8
2019-07-03 22:21:22,264 INFO  impl.RaftServerImpl (RaftServerImpl.java:setRole(171)) - d3698b3f-1344-4ce7-a2e3-7ee27cbcefb9:group-94ADBC09E7F8 changes role from null to FOLLOWER at term 0 for startAsFollower
2019-07-03 22:21:22,264 INFO  impl.RoleInfo (RoleInfo.java:updateAndGet(143)) - d3698b3f-1344-4ce7-a2e3-7ee27cbcefb9: start FollowerState
2019-07-03 22:21:22,265 INFO  util.JmxRegister (JmxRegister.java:tryRegister(44)) - Successfully registered JMX Bean with object name Ratis:service=RaftServer,group=group-94ADBC09E7F8,id=d3698b3f-1344-4ce7-a2e3-7ee27cbcefb9
2019-07-03 22:21:22,268 INFO  pipeline.PipelineStateManager (PipelineStateManager.java:addPipeline(56)) - Created pipeline Pipeline[ Id: 887e7f39-f606-469e-8e04-94adbc09e7f8, Nodes: d3698b3f-1344-4ce7-a2e3-7ee27cbcefb9{ip: 192.168.157.198, host: ozone-hdds-1735-npfgf-2442002169, networkLocation: /default-rack, certSerialId: null}, Type:RATIS, Factor:ONE, State:OPEN]
2019-07-03 22:21:22,304 INFO  impl.RaftServerProxy (RaftServerProxy.java:addNew(89)) - d3698b3f-1344-4ce7-a2e3-7ee27cbcefb9: addNew group-39D97B489EF2:[d3698b3f-1344-4ce7-a2e3-7ee27cbcefb9:192.168.157.198:40328, 87cfe954-f73b-4338-b667-ddb9ab422782:192.168.157.198:33182, 1e752786-2ac8-4902-8fcc-43fce6129c02:192.168.157.198:34154] returns group-39D97B489EF2:java.util.concurrent.CompletableFuture@4f4709e0[Not completed]
2019-07-03 22:21:22,304 INFO  impl.RaftServerProxy (RaftServerProxy.java:addNew(89)) - 1e752786-2ac8-4902-8fcc-43fce6129c02: addNew group-39D97B489EF2:[d3698b3f-1344-4ce7-a2e3-7ee27cbcefb9:192.168.157.198:40328, 87cfe954-f73b-4338-b667-ddb9ab422782:192.168.157.198:33182, 1e752786-2ac8-4902-8fcc-43fce6129c02:192.168.157.198:34154] returns group-39D97B489EF2:java.util.concurrent.CompletableFuture@3eb8542b[Not completed]
2019-07-03 22:21:22,304 INFO  impl.RaftServerProxy (RaftServerProxy.java:addNew(89)) - 87cfe954-f73b-4338-b667-ddb9ab422782: addNew group-39D97B489EF2:[d3698b3f-1344-4ce7-a2e3-7ee27cbcefb9:192.168.157.198:40328, 87cfe954-f73b-4338-b667-ddb9ab422782:192.168.157.198:33182, 1e752786-2ac8-4902-8fcc-43fce6129c02:192.168.157.198:34154] returns group-39D97B489EF2:java.util.concurrent.CompletableFuture@35d11a95[Not completed]
2019-07-03 22:21:22,305 INFO  impl.RaftServerImpl (RaftServerImpl.java:<init>(93)) - d3698b3f-1344-4ce7-a2e3-7ee27cbcefb9: new RaftServerImpl for group-39D97B489EF2:[d3698b3f-1344-4ce7-a2e3-7ee27cbcefb9:192.168.157.198:40328, 87cfe954-f73b-4338-b667-ddb9ab422782:192.168.157.198:33182, 1e752786-2ac8-4902-8fcc-43fce6129c02:192.168.157.198:34154] with ContainerStateMachine:uninitialized
2019-07-03 22:21:22,305 INFO  server.RaftServerConfigKeys (ConfUtils.java:logGet(43)) - raft.server.rpc.timeout.min = 1s (custom)
2019-07-03 22:21:22,305 INFO  server.RaftServerConfigKeys (ConfUtils.java:logGet(43)) - raft.server.rpc.timeout.max = 1200ms (custom)
2019-07-03 22:21:22,305 INFO  server.RaftServerConfigKeys (ConfUtils.java:logGet(43)) - raft.server.rpcslowness.timeout = 120s (custom)
2019-07-03 22:21:22,305 INFO  impl.RaftServerImpl (RaftServerImpl.java:<init>(93)) - 87cfe954-f73b-4338-b667-ddb9ab422782: new RaftServerImpl for group-39D97B489EF2:[d3698b3f-1344-4ce7-a2e3-7ee27cbcefb9:192.168.157.198:40328, 87cfe954-f73b-4338-b667-ddb9ab422782:192.168.157.198:33182, 1e752786-2ac8-4902-8fcc-43fce6129c02:192.168.157.198:34154] with ContainerStateMachine:uninitialized
2019-07-03 22:21:22,305 INFO  server.RaftServerConfigKeys (ConfUtils.java:logGet(43)) - raft.server.sleep.deviation.threshold = 300 (default)
2019-07-03 22:21:22,306 INFO  server.RaftServerConfigKeys (ConfUtils.java:logGet(43)) - raft.server.rpc.timeout.min = 1s (custom)
2019-07-03 22:21:22,306 INFO  server.RaftServerConfigKeys (ConfUtils.java:logGet(43)) - raft.server.log.appender.install.snapshot.enabled = false (custom)
2019-07-03 22:21:22,306 INFO  impl.RaftServerImpl (RaftServerImpl.java:<init>(93)) - 1e752786-2ac8-4902-8fcc-43fce6129c02: new RaftServerImpl for group-39D97B489EF2:[d3698b3f-1344-4ce7-a2e3-7ee27cbcefb9:192.168.157.198:40328, 87cfe954-f73b-4338-b667-ddb9ab422782:192.168.157.198:33182, 1e752786-2ac8-4902-8fcc-43fce6129c02:192.168.157.198:34154] with ContainerStateMachine:uninitialized
2019-07-03 22:21:22,306 INFO  server.RaftServerConfigKeys (ConfUtils.java:logGet(43)) - raft.server.rpc.timeout.max = 1200ms (custom)
2019-07-03 22:21:22,306 INFO  server.RaftServerConfigKeys (ConfUtils.java:logGet(43)) - raft.server.rpc.timeout.min = 1s (custom)
2019-07-03 22:21:22,306 INFO  impl.RaftServerImpl (ServerState.java:<init>(105)) - d3698b3f-1344-4ce7-a2e3-7ee27cbcefb9:group-39D97B489EF2 ConfigurationManager, init=-1: [d3698b3f-1344-4ce7-a2e3-7ee27cbcefb9:192.168.157.198:40328, 87cfe954-f73b-4338-b667-ddb9ab422782:192.168.157.198:33182, 1e752786-2ac8-4902-8fcc-43fce6129c02:192.168.157.198:34154], old=null, confs=<EMPTY_MAP>
2019-07-03 22:21:22,307 INFO  server.RaftServerConfigKeys (ConfUtils.java:logGet(43)) - raft.server.rpc.timeout.max = 1200ms (custom)
2019-07-03 22:21:22,306 INFO  server.RaftServerConfigKeys (ConfUtils.java:logGet(43)) - raft.server.rpcslowness.timeout = 120s (custom)
2019-07-03 22:21:22,307 INFO  server.RaftServerConfigKeys (ConfUtils.java:logGet(43)) - raft.server.rpcslowness.timeout = 120s (custom)
2019-07-03 22:21:22,307 INFO  server.RaftServerConfigKeys (ConfUtils.java:logGet(43)) - raft.server.storage.dir = [/opt/src/hadoop-ozone/integration-test/target/test-dir/MiniOzoneClusterImpl-737b2755-c87f-4af6-b1f9-662dbe2214cd/datanode-2/data/ratis] (custom)
2019-07-03 22:21:22,307 INFO  server.RaftServerConfigKeys (ConfUtils.java:logGet(43)) - raft.server.sleep.deviation.threshold = 300 (default)
2019-07-03 22:21:22,307 INFO  server.RaftServerConfigKeys (ConfUtils.java:logGet(43)) - raft.server.sleep.deviation.threshold = 300 (default)
2019-07-03 22:21:22,308 INFO  storage.RaftStorageDirectory (RaftStorageDirectory.java:analyzeStorage(246)) - The storage directory /opt/src/hadoop-ozone/integration-test/target/test-dir/MiniOzoneClusterImpl-737b2755-c87f-4af6-b1f9-662dbe2214cd/datanode-2/data/ratis/482d53f3-533a-4aee-bfd0-39d97b489ef2 does not exist. Creating ...
2019-07-03 22:21:22,307 INFO  server.RaftServerConfigKeys (ConfUtils.java:logGet(43)) - raft.server.log.appender.install.snapshot.enabled = false (custom)
2019-07-03 22:21:22,308 INFO  server.RaftServerConfigKeys (ConfUtils.java:logGet(43)) - raft.server.log.appender.install.snapshot.enabled = false (custom)
2019-07-03 22:21:22,308 INFO  impl.RaftServerImpl (ServerState.java:<init>(105)) - 1e752786-2ac8-4902-8fcc-43fce6129c02:group-39D97B489EF2 ConfigurationManager, init=-1: [d3698b3f-1344-4ce7-a2e3-7ee27cbcefb9:192.168.157.198:40328, 87cfe954-f73b-4338-b667-ddb9ab422782:192.168.157.198:33182, 1e752786-2ac8-4902-8fcc-43fce6129c02:192.168.157.198:34154], old=null, confs=<EMPTY_MAP>
2019-07-03 22:21:22,308 INFO  impl.RaftServerImpl (ServerState.java:<init>(105)) - 87cfe954-f73b-4338-b667-ddb9ab422782:group-39D97B489EF2 ConfigurationManager, init=-1: [d3698b3f-1344-4ce7-a2e3-7ee27cbcefb9:192.168.157.198:40328, 87cfe954-f73b-4338-b667-ddb9ab422782:192.168.157.198:33182, 1e752786-2ac8-4902-8fcc-43fce6129c02:192.168.157.198:34154], old=null, confs=<EMPTY_MAP>
2019-07-03 22:21:22,308 INFO  server.RaftServerConfigKeys (ConfUtils.java:logGet(43)) - raft.server.storage.dir = [/opt/src/hadoop-ozone/integration-test/target/test-dir/MiniOzoneClusterImpl-737b2755-c87f-4af6-b1f9-662dbe2214cd/datanode-1/data/ratis] (custom)
2019-07-03 22:21:22,308 INFO  server.RaftServerConfigKeys (ConfUtils.java:logGet(43)) - raft.server.storage.dir = [/opt/src/hadoop-ozone/integration-test/target/test-dir/MiniOzoneClusterImpl-737b2755-c87f-4af6-b1f9-662dbe2214cd/datanode-0/data/ratis] (custom)
2019-07-03 22:21:22,309 INFO  storage.RaftStorageDirectory (RaftStorageDirectory.java:analyzeStorage(246)) - The storage directory /opt/src/hadoop-ozone/integration-test/target/test-dir/MiniOzoneClusterImpl-737b2755-c87f-4af6-b1f9-662dbe2214cd/datanode-1/data/ratis/482d53f3-533a-4aee-bfd0-39d97b489ef2 does not exist. Creating ...
2019-07-03 22:21:22,309 INFO  storage.RaftStorageDirectory (RaftStorageDirectory.java:analyzeStorage(246)) - The storage directory /opt/src/hadoop-ozone/integration-test/target/test-dir/MiniOzoneClusterImpl-737b2755-c87f-4af6-b1f9-662dbe2214cd/datanode-0/data/ratis/482d53f3-533a-4aee-bfd0-39d97b489ef2 does not exist. Creating ...
2019-07-03 22:21:22,321 INFO  storage.RaftStorageDirectory (RaftStorageDirectory.java:tryLock(328)) - Lock on /opt/src/hadoop-ozone/integration-test/target/test-dir/MiniOzoneClusterImpl-737b2755-c87f-4af6-b1f9-662dbe2214cd/datanode-1/data/ratis/482d53f3-533a-4aee-bfd0-39d97b489ef2/in_use.lock acquired by nodename 9000@ozone-hdds-1735-npfgf-2442002169
2019-07-03 22:21:22,321 INFO  storage.RaftStorageDirectory (RaftStorageDirectory.java:tryLock(328)) - Lock on /opt/src/hadoop-ozone/integration-test/target/test-dir/MiniOzoneClusterImpl-737b2755-c87f-4af6-b1f9-662dbe2214cd/datanode-2/data/ratis/482d53f3-533a-4aee-bfd0-39d97b489ef2/in_use.lock acquired by nodename 9000@ozone-hdds-1735-npfgf-2442002169
2019-07-03 22:21:22,321 INFO  storage.RaftStorageDirectory (RaftStorageDirectory.java:tryLock(328)) - Lock on /opt/src/hadoop-ozone/integration-test/target/test-dir/MiniOzoneClusterImpl-737b2755-c87f-4af6-b1f9-662dbe2214cd/datanode-0/data/ratis/482d53f3-533a-4aee-bfd0-39d97b489ef2/in_use.lock acquired by nodename 9000@ozone-hdds-1735-npfgf-2442002169
2019-07-03 22:21:22,336 INFO  storage.RaftStorage (RaftStorage.java:format(72)) - Storage directory /opt/src/hadoop-ozone/integration-test/target/test-dir/MiniOzoneClusterImpl-737b2755-c87f-4af6-b1f9-662dbe2214cd/datanode-2/data/ratis/482d53f3-533a-4aee-bfd0-39d97b489ef2 has been successfully formatted.
2019-07-03 22:21:22,336 INFO  storage.RaftStorage (RaftStorage.java:format(72)) - Storage directory /opt/src/hadoop-ozone/integration-test/target/test-dir/MiniOzoneClusterImpl-737b2755-c87f-4af6-b1f9-662dbe2214cd/datanode-1/data/ratis/482d53f3-533a-4aee-bfd0-39d97b489ef2 has been successfully formatted.
2019-07-03 22:21:22,336 INFO  ratis.ContainerStateMachine (ContainerStateMachine.java:loadSnapshot(198)) - The snapshot info is null.Setting the last applied index to:(t:0, i:~)
2019-07-03 22:21:22,336 INFO  storage.RaftStorage (RaftStorage.java:format(72)) - Storage directory /opt/src/hadoop-ozone/integration-test/target/test-dir/MiniOzoneClusterImpl-737b2755-c87f-4af6-b1f9-662dbe2214cd/datanode-0/data/ratis/482d53f3-533a-4aee-bfd0-39d97b489ef2 has been successfully formatted.
2019-07-03 22:21:22,336 INFO  server.RaftServerConfigKeys (ConfUtils.java:logGet(43)) - raft.server.leader.election.timeout = 120s (custom)
2019-07-03 22:21:22,336 INFO  ratis.ContainerStateMachine (ContainerStateMachine.java:loadSnapshot(198)) - The snapshot info is null.Setting the last applied index to:(t:0, i:~)
2019-07-03 22:21:22,337 INFO  server.RaftServerConfigKeys (ConfUtils.java:logGet(43)) - raft.server.log.use.memory = false (default)
2019-07-03 22:21:22,337 INFO  ratis.ContainerStateMachine (ContainerStateMachine.java:loadSnapshot(198)) - The snapshot info is null.Setting the last applied index to:(t:0, i:~)
2019-07-03 22:21:22,337 INFO  server.RaftServerConfigKeys (ConfUtils.java:logGet(43)) - raft.server.log.purge.gap = 1000000000 (custom)
2019-07-03 22:21:22,337 INFO  server.RaftServerConfigKeys (ConfUtils.java:logGet(43)) - raft.server.leader.election.timeout = 120s (custom)
2019-07-03 22:21:22,337 INFO  server.RaftServerConfigKeys (ConfUtils.java:logGet(43)) - raft.server.log.appender.buffer.byte-limit = 33554432 (custom)
2019-07-03 22:21:22,337 INFO  server.RaftServerConfigKeys (ConfUtils.java:logGet(43)) - raft.server.leader.election.timeout = 120s (custom)
2019-07-03 22:21:22,338 INFO  server.RaftServerConfigKeys (ConfUtils.java:logGet(43)) - raft.server.log.segment.size.max = 1048576 (custom)
2019-07-03 22:21:22,337 INFO  server.RaftServerConfigKeys (ConfUtils.java:logGet(43)) - raft.server.log.use.memory = false (default)
2019-07-03 22:21:22,338 INFO  server.RaftServerConfigKeys (ConfUtils.java:logGet(43)) - raft.server.log.segment.cache.num.max = 2 (custom)
2019-07-03 22:21:22,338 INFO  segmented.SegmentedRaftLogWorker (SegmentedRaftLogWorker.java:<init>(172)) - new d3698b3f-1344-4ce7-a2e3-7ee27cbcefb9-SegmentedRaftLogWorker:Storage Directory /opt/src/hadoop-ozone/integration-test/target/test-dir/MiniOzoneClusterImpl-737b2755-c87f-4af6-b1f9-662dbe2214cd/datanode-2/data/ratis/482d53f3-533a-4aee-bfd0-39d97b489ef2 for RaftStorage:Storage Directory /opt/src/hadoop-ozone/integration-test/target/test-dir/MiniOzoneClusterImpl-737b2755-c87f-4af6-b1f9-662dbe2214cd/datanode-2/data/ratis/482d53f3-533a-4aee-bfd0-39d97b489ef2
2019-07-03 22:21:22,338 INFO  server.RaftServerConfigKeys (ConfUtils.java:logGet(43)) - raft.server.log.use.memory = false (default)
2019-07-03 22:21:22,338 INFO  server.RaftServerConfigKeys (ConfUtils.java:logGet(43)) - raft.server.log.queue.byte-limit = 2147483647 (custom)
2019-07-03 22:21:22,338 INFO  server.RaftServerConfigKeys (ConfUtils.java:logGet(43)) - raft.server.log.purge.gap = 1000000000 (custom)
2019-07-03 22:21:22,339 INFO  server.RaftServerConfigKeys (ConfUtils.java:logGet(43)) - raft.server.log.queue.element-limit = 1024 (custom)
2019-07-03 22:21:22,339 INFO  server.RaftServerConfigKeys (ConfUtils.java:logGet(43)) - raft.server.log.purge.gap = 1000000000 (custom)
2019-07-03 22:21:22,339 INFO  server.RaftServerConfigKeys (ConfUtils.java:logGet(43)) - raft.server.log.segment.size.max = 1048576 (custom)
2019-07-03 22:21:22,339 INFO  server.RaftServerConfigKeys (ConfUtils.java:logGet(43)) - raft.server.log.appender.buffer.byte-limit = 33554432 (custom)
2019-07-03 22:21:22,339 INFO  server.RaftServerConfigKeys (ConfUtils.java:logGet(43)) - raft.server.log.preallocated.size = 16384 (custom)
2019-07-03 22:21:22,339 INFO  server.RaftServerConfigKeys (ConfUtils.java:logGet(43)) - raft.server.log.appender.buffer.byte-limit = 33554432 (custom)
2019-07-03 22:21:22,340 INFO  server.RaftServerConfigKeys (ConfUtils.java:logGet(43)) - raft.server.log.write.buffer.size = 33554432 (custom)
2019-07-03 22:21:22,340 INFO  server.RaftServerConfigKeys (ConfUtils.java:logGet(43)) - raft.server.log.segment.size.max = 1048576 (custom)
2019-07-03 22:21:22,340 INFO  server.RaftServerConfigKeys (ConfUtils.java:logGet(43)) - raft.server.log.force.sync.num = 128 (default)
2019-07-03 22:21:22,340 INFO  server.RaftServerConfigKeys (ConfUtils.java:logGet(43)) - raft.server.log.segment.size.max = 1048576 (custom)
2019-07-03 22:21:22,340 INFO  server.RaftServerConfigKeys (ConfUtils.java:logGet(43)) - raft.server.log.statemachine.data.sync = true (default)
2019-07-03 22:21:22,340 INFO  server.RaftServerConfigKeys (ConfUtils.java:logGet(43)) - raft.server.log.segment.cache.num.max = 2 (custom)
2019-07-03 22:21:22,341 INFO  server.RaftServerConfigKeys (ConfUtils.java:logGet(43)) - raft.server.log.statemachine.data.sync.timeout = 10s (default)
2019-07-03 22:21:22,341 INFO  server.RaftServerConfigKeys (ConfUtils.java:logGet(43)) - raft.server.log.segment.cache.num.max = 2 (custom)
2019-07-03 22:21:22,341 INFO  server.RaftServerConfigKeys (ConfUtils.java:logGet(43)) - raft.server.log.statemachine.data.sync.timeout.retry = -1 (default)
2019-07-03 22:21:22,341 INFO  segmented.SegmentedRaftLogWorker (SegmentedRaftLogWorker.java:<init>(172)) - new 1e752786-2ac8-4902-8fcc-43fce6129c02-SegmentedRaftLogWorker:Storage Directory /opt/src/hadoop-ozone/integration-test/target/test-dir/MiniOzoneClusterImpl-737b2755-c87f-4af6-b1f9-662dbe2214cd/datanode-1/data/ratis/482d53f3-533a-4aee-bfd0-39d97b489ef2 for RaftStorage:Storage Directory /opt/src/hadoop-ozone/integration-test/target/test-dir/MiniOzoneClusterImpl-737b2755-c87f-4af6-b1f9-662dbe2214cd/datanode-1/data/ratis/482d53f3-533a-4aee-bfd0-39d97b489ef2
2019-07-03 22:21:22,341 INFO  server.RaftServerConfigKeys (ConfUtils.java:logGet(43)) - raft.server.log.statemachine.data.caching.enabled = true (custom)
2019-07-03 22:21:22,341 INFO  segmented.SegmentedRaftLogWorker (SegmentedRaftLogWorker.java:<init>(172)) - new 87cfe954-f73b-4338-b667-ddb9ab422782-SegmentedRaftLogWorker:Storage Directory /opt/src/hadoop-ozone/integration-test/target/test-dir/MiniOzoneClusterImpl-737b2755-c87f-4af6-b1f9-662dbe2214cd/datanode-0/data/ratis/482d53f3-533a-4aee-bfd0-39d97b489ef2 for RaftStorage:Storage Directory /opt/src/hadoop-ozone/integration-test/target/test-dir/MiniOzoneClusterImpl-737b2755-c87f-4af6-b1f9-662dbe2214cd/datanode-0/data/ratis/482d53f3-533a-4aee-bfd0-39d97b489ef2
2019-07-03 22:21:22,342 INFO  server.RaftServerConfigKeys (ConfUtils.java:logGet(43)) - raft.server.log.queue.byte-limit = 2147483647 (custom)
2019-07-03 22:21:22,342 INFO  server.RaftServerConfigKeys (ConfUtils.java:logGet(43)) - raft.server.log.queue.byte-limit = 2147483647 (custom)
2019-07-03 22:21:22,342 INFO  segmented.SegmentedRaftLogWorker (SegmentedRaftLogWorker.java:lambda$new$0(132)) - d3698b3f-1344-4ce7-a2e3-7ee27cbcefb9-SegmentedRaftLogWorker:Storage Directory /opt/src/hadoop-ozone/integration-test/target/test-dir/MiniOzoneClusterImpl-737b2755-c87f-4af6-b1f9-662dbe2214cd/datanode-2/data/ratis/482d53f3-533a-4aee-bfd0-39d97b489ef2: flushIndex: setUnconditionally 0 -> -1
2019-07-03 22:21:22,342 INFO  server.RaftServerConfigKeys (ConfUtils.java:logGet(43)) - raft.server.log.queue.element-limit = 1024 (custom)
2019-07-03 22:21:22,342 INFO  server.RaftServerConfigKeys (ConfUtils.java:logGet(43)) - raft.server.log.queue.element-limit = 1024 (custom)
2019-07-03 22:21:22,343 INFO  server.RaftServerConfigKeys (ConfUtils.java:logGet(43)) - raft.server.snapshot.auto.trigger.enabled = true (custom)
2019-07-03 22:21:22,343 INFO  server.RaftServerConfigKeys (ConfUtils.java:logGet(43)) - raft.server.log.segment.size.max = 1048576 (custom)
2019-07-03 22:21:22,343 INFO  server.RaftServerConfigKeys (ConfUtils.java:logGet(43)) - raft.server.snapshot.auto.trigger.threshold = 10000 (custom)
2019-07-03 22:21:22,343 INFO  server.RaftServerConfigKeys (ConfUtils.java:logGet(43)) - raft.server.log.segment.size.max = 1048576 (custom)
2019-07-03 22:21:22,343 INFO  server.RaftServerConfigKeys (ConfUtils.java:logGet(43)) - raft.server.retrycache.expirytime = 600000ms (custom)
2019-07-03 22:21:22,343 INFO  server.RaftServerConfigKeys (ConfUtils.java:logGet(43)) - raft.server.log.preallocated.size = 16384 (custom)
2019-07-03 22:21:22,344 INFO  impl.RaftServerImpl (RaftServerImpl.java:start(180)) - d3698b3f-1344-4ce7-a2e3-7ee27cbcefb9: start group-39D97B489EF2
2019-07-03 22:21:22,344 INFO  impl.RaftServerImpl (RaftServerImpl.java:setRole(171)) - d3698b3f-1344-4ce7-a2e3-7ee27cbcefb9:group-39D97B489EF2 changes role from null to FOLLOWER at term 0 for startAsFollower
2019-07-03 22:21:22,343 INFO  server.RaftServerConfigKeys (ConfUtils.java:logGet(43)) - raft.server.log.preallocated.size = 16384 (custom)
2019-07-03 22:21:22,344 INFO  impl.RoleInfo (RoleInfo.java:updateAndGet(143)) - d3698b3f-1344-4ce7-a2e3-7ee27cbcefb9: start FollowerState
2019-07-03 22:21:22,344 INFO  server.RaftServerConfigKeys (ConfUtils.java:logGet(43)) - raft.server.log.write.buffer.size = 33554432 (custom)
2019-07-03 22:21:22,345 INFO  server.RaftServerConfigKeys (ConfUtils.java:logGet(43)) - raft.server.log.write.buffer.size = 33554432 (custom)
2019-07-03 22:21:22,345 INFO  server.RaftServerConfigKeys (ConfUtils.java:logGet(43)) - raft.server.log.force.sync.num = 128 (default)
2019-07-03 22:21:22,345 INFO  util.JmxRegister (JmxRegister.java:tryRegister(44)) - Successfully registered JMX Bean with object name Ratis:service=RaftServer,group=group-39D97B489EF2,id=d3698b3f-1344-4ce7-a2e3-7ee27cbcefb9
2019-07-03 22:21:22,345 INFO  server.RaftServerConfigKeys (ConfUtils.java:logGet(43)) - raft.server.log.force.sync.num = 128 (default)
2019-07-03 22:21:22,345 INFO  server.RaftServerConfigKeys (ConfUtils.java:logGet(43)) - raft.server.log.statemachine.data.sync = true (default)
2019-07-03 22:21:22,346 INFO  server.RaftServerConfigKeys (ConfUtils.java:logGet(43)) - raft.server.log.statemachine.data.sync = true (default)
2019-07-03 22:21:22,346 INFO  server.RaftServerConfigKeys (ConfUtils.java:logGet(43)) - raft.server.log.statemachine.data.sync.timeout = 10s (default)
2019-07-03 22:21:22,346 INFO  server.RaftServerConfigKeys (ConfUtils.java:logGet(43)) - raft.server.log.statemachine.data.sync.timeout = 10s (default)
2019-07-03 22:21:22,346 INFO  server.RaftServerConfigKeys (ConfUtils.java:logGet(43)) - raft.server.log.statemachine.data.sync.timeout.retry = -1 (default)
2019-07-03 22:21:22,346 INFO  server.RaftServerConfigKeys (ConfUtils.java:logGet(43)) - raft.server.log.statemachine.data.sync.timeout.retry = -1 (default)
2019-07-03 22:21:22,346 INFO  server.RaftServerConfigKeys (ConfUtils.java:logGet(43)) - raft.server.log.statemachine.data.caching.enabled = true (custom)
2019-07-03 22:21:22,347 INFO  server.RaftServerConfigKeys (ConfUtils.java:logGet(43)) - raft.server.log.statemachine.data.caching.enabled = true (custom)
2019-07-03 22:21:22,347 INFO  segmented.SegmentedRaftLogWorker (SegmentedRaftLogWorker.java:lambda$new$0(132)) - 87cfe954-f73b-4338-b667-ddb9ab422782-SegmentedRaftLogWorker:Storage Directory /opt/src/hadoop-ozone/integration-test/target/test-dir/MiniOzoneClusterImpl-737b2755-c87f-4af6-b1f9-662dbe2214cd/datanode-0/data/ratis/482d53f3-533a-4aee-bfd0-39d97b489ef2: flushIndex: setUnconditionally 0 -> -1
2019-07-03 22:21:22,347 INFO  segmented.SegmentedRaftLogWorker (SegmentedRaftLogWorker.java:lambda$new$0(132)) - 1e752786-2ac8-4902-8fcc-43fce6129c02-SegmentedRaftLogWorker:Storage Directory /opt/src/hadoop-ozone/integration-test/target/test-dir/MiniOzoneClusterImpl-737b2755-c87f-4af6-b1f9-662dbe2214cd/datanode-1/data/ratis/482d53f3-533a-4aee-bfd0-39d97b489ef2: flushIndex: setUnconditionally 0 -> -1
2019-07-03 22:21:22,347 INFO  server.RaftServerConfigKeys (ConfUtils.java:logGet(43)) - raft.server.snapshot.auto.trigger.enabled = true (custom)
2019-07-03 22:21:22,347 INFO  server.RaftServerConfigKeys (ConfUtils.java:logGet(43)) - raft.server.snapshot.auto.trigger.threshold = 10000 (custom)
2019-07-03 22:21:22,348 INFO  server.RaftServerConfigKeys (ConfUtils.java:logGet(43)) - raft.server.snapshot.auto.trigger.enabled = true (custom)
2019-07-03 22:21:22,348 INFO  server.RaftServerConfigKeys (ConfUtils.java:logGet(43)) - raft.server.retrycache.expirytime = 600000ms (custom)
2019-07-03 22:21:22,348 INFO  server.RaftServerConfigKeys (ConfUtils.java:logGet(43)) - raft.server.snapshot.auto.trigger.threshold = 10000 (custom)
2019-07-03 22:21:22,348 INFO  impl.RaftServerImpl (RaftServerImpl.java:start(180)) - 87cfe954-f73b-4338-b667-ddb9ab422782: start group-39D97B489EF2
2019-07-03 22:21:22,348 INFO  server.RaftServerConfigKeys (ConfUtils.java:logGet(43)) - raft.server.retrycache.expirytime = 600000ms (custom)
2019-07-03 22:21:22,348 INFO  impl.RaftServerImpl (RaftServerImpl.java:setRole(171)) - 87cfe954-f73b-4338-b667-ddb9ab422782:group-39D97B489EF2 changes role from null to FOLLOWER at term 0 for startAsFollower
2019-07-03 22:21:22,348 INFO  impl.RaftServerImpl (RaftServerImpl.java:start(180)) - 1e752786-2ac8-4902-8fcc-43fce6129c02: start group-39D97B489EF2
2019-07-03 22:21:22,349 INFO  impl.RoleInfo (RoleInfo.java:updateAndGet(143)) - 87cfe954-f73b-4338-b667-ddb9ab422782: start FollowerState
2019-07-03 22:21:22,349 INFO  impl.RaftServerImpl (RaftServerImpl.java:setRole(171)) - 1e752786-2ac8-4902-8fcc-43fce6129c02:group-39D97B489EF2 changes role from null to FOLLOWER at term 0 for startAsFollower
2019-07-03 22:21:22,349 INFO  impl.RoleInfo (RoleInfo.java:updateAndGet(143)) - 1e752786-2ac8-4902-8fcc-43fce6129c02: start FollowerState
2019-07-03 22:21:22,349 INFO  util.JmxRegister (JmxRegister.java:tryRegister(44)) - Successfully registered JMX Bean with object name Ratis:service=RaftServer,group=group-39D97B489EF2,id=87cfe954-f73b-4338-b667-ddb9ab422782
2019-07-03 22:21:22,349 INFO  util.JmxRegister (JmxRegister.java:tryRegister(44)) - Successfully registered JMX Bean with object name Ratis:service=RaftServer,group=group-39D97B489EF2,id=1e752786-2ac8-4902-8fcc-43fce6129c02
2019-07-03 22:21:22,353 INFO  pipeline.PipelineStateManager (PipelineStateManager.java:addPipeline(56)) - Created pipeline Pipeline[ Id: 482d53f3-533a-4aee-bfd0-39d97b489ef2, Nodes: d3698b3f-1344-4ce7-a2e3-7ee27cbcefb9{ip: 192.168.157.198, host: ozone-hdds-1735-npfgf-2442002169, networkLocation: /default-rack, certSerialId: null}87cfe954-f73b-4338-b667-ddb9ab422782{ip: 192.168.157.198, host: ozone-hdds-1735-npfgf-2442002169, networkLocation: /default-rack, certSerialId: null}1e752786-2ac8-4902-8fcc-43fce6129c02{ip: 192.168.157.198, host: ozone-hdds-1735-npfgf-2442002169, networkLocation: /default-rack, certSerialId: null}, Type:RATIS, Factor:THREE, State:OPEN]
2019-07-03 22:21:22,357 INFO  node.SCMNodeManager (SCMNodeManager.java:register(268)) - Registered Data node : b6f622b3-376e-4582-b587-ae6ef97df5ee{ip: 192.168.157.198, host: ozone-hdds-1735-npfgf-2442002169, networkLocation: /default-rack, certSerialId: null}
2019-07-03 22:21:22,366 INFO  impl.RaftServerProxy (RaftServerProxy.java:addNew(89)) - b6f622b3-376e-4582-b587-ae6ef97df5ee: addNew group-C22970649E6B:[b6f622b3-376e-4582-b587-ae6ef97df5ee:192.168.157.198:42514] returns group-C22970649E6B:java.util.concurrent.CompletableFuture@411a93c1[Not completed]
2019-07-03 22:21:22,367 INFO  impl.RaftServerImpl (RaftServerImpl.java:<init>(93)) - b6f622b3-376e-4582-b587-ae6ef97df5ee: new RaftServerImpl for group-C22970649E6B:[b6f622b3-376e-4582-b587-ae6ef97df5ee:192.168.157.198:42514] with ContainerStateMachine:uninitialized
2019-07-03 22:21:22,367 INFO  server.RaftServerConfigKeys (ConfUtils.java:logGet(43)) - raft.server.rpc.timeout.min = 1s (custom)
2019-07-03 22:21:22,368 INFO  server.RaftServerConfigKeys (ConfUtils.java:logGet(43)) - raft.server.rpc.timeout.max = 1200ms (custom)
2019-07-03 22:21:22,368 INFO  server.RaftServerConfigKeys (ConfUtils.java:logGet(43)) - raft.server.rpcslowness.timeout = 120s (custom)
2019-07-03 22:21:22,368 INFO  server.RaftServerConfigKeys (ConfUtils.java:logGet(43)) - raft.server.sleep.deviation.threshold = 300 (default)
2019-07-03 22:21:22,368 INFO  server.RaftServerConfigKeys (ConfUtils.java:logGet(43)) - raft.server.log.appender.install.snapshot.enabled = false (custom)
2019-07-03 22:21:22,368 INFO  impl.RaftServerImpl (ServerState.java:<init>(105)) - b6f622b3-376e-4582-b587-ae6ef97df5ee:group-C22970649E6B ConfigurationManager, init=-1: [b6f622b3-376e-4582-b587-ae6ef97df5ee:192.168.157.198:42514], old=null, confs=<EMPTY_MAP>
2019-07-03 22:21:22,368 INFO  server.RaftServerConfigKeys (ConfUtils.java:logGet(43)) - raft.server.storage.dir = [/opt/src/hadoop-ozone/integration-test/target/test-dir/MiniOzoneClusterImpl-737b2755-c87f-4af6-b1f9-662dbe2214cd/datanode-3/data/ratis] (custom)
2019-07-03 22:21:22,369 INFO  storage.RaftStorageDirectory (RaftStorageDirectory.java:analyzeStorage(246)) - The storage directory /opt/src/hadoop-ozone/integration-test/target/test-dir/MiniOzoneClusterImpl-737b2755-c87f-4af6-b1f9-662dbe2214cd/datanode-3/data/ratis/9fb7aece-26fc-4969-8b82-c22970649e6b does not exist. Creating ...
2019-07-03 22:21:22,382 INFO  storage.RaftStorageDirectory (RaftStorageDirectory.java:tryLock(328)) - Lock on /opt/src/hadoop-ozone/integration-test/target/test-dir/MiniOzoneClusterImpl-737b2755-c87f-4af6-b1f9-662dbe2214cd/datanode-3/data/ratis/9fb7aece-26fc-4969-8b82-c22970649e6b/in_use.lock acquired by nodename 9000@ozone-hdds-1735-npfgf-2442002169
2019-07-03 22:21:22,385 INFO  storage.RaftStorage (RaftStorage.java:format(72)) - Storage directory /opt/src/hadoop-ozone/integration-test/target/test-dir/MiniOzoneClusterImpl-737b2755-c87f-4af6-b1f9-662dbe2214cd/datanode-3/data/ratis/9fb7aece-26fc-4969-8b82-c22970649e6b has been successfully formatted.
2019-07-03 22:21:22,385 INFO  ratis.ContainerStateMachine (ContainerStateMachine.java:loadSnapshot(198)) - The snapshot info is null.Setting the last applied index to:(t:0, i:~)
2019-07-03 22:21:22,385 INFO  server.RaftServerConfigKeys (ConfUtils.java:logGet(43)) - raft.server.leader.election.timeout = 120s (custom)
2019-07-03 22:21:22,385 INFO  server.RaftServerConfigKeys (ConfUtils.java:logGet(43)) - raft.server.log.use.memory = false (default)
2019-07-03 22:21:22,386 INFO  server.RaftServerConfigKeys (ConfUtils.java:logGet(43)) - raft.server.log.purge.gap = 1000000000 (custom)
2019-07-03 22:21:22,386 INFO  server.RaftServerConfigKeys (ConfUtils.java:logGet(43)) - raft.server.log.appender.buffer.byte-limit = 33554432 (custom)
2019-07-03 22:21:22,386 INFO  server.RaftServerConfigKeys (ConfUtils.java:logGet(43)) - raft.server.log.segment.size.max = 1048576 (custom)
2019-07-03 22:21:22,386 INFO  server.RaftServerConfigKeys (ConfUtils.java:logGet(43)) - raft.server.log.segment.cache.num.max = 2 (custom)
2019-07-03 22:21:22,386 INFO  segmented.SegmentedRaftLogWorker (SegmentedRaftLogWorker.java:<init>(172)) - new b6f622b3-376e-4582-b587-ae6ef97df5ee-SegmentedRaftLogWorker:Storage Directory /opt/src/hadoop-ozone/integration-test/target/test-dir/MiniOzoneClusterImpl-737b2755-c87f-4af6-b1f9-662dbe2214cd/datanode-3/data/ratis/9fb7aece-26fc-4969-8b82-c22970649e6b for RaftStorage:Storage Directory /opt/src/hadoop-ozone/integration-test/target/test-dir/MiniOzoneClusterImpl-737b2755-c87f-4af6-b1f9-662dbe2214cd/datanode-3/data/ratis/9fb7aece-26fc-4969-8b82-c22970649e6b
2019-07-03 22:21:22,386 INFO  server.RaftServerConfigKeys (ConfUtils.java:logGet(43)) - raft.server.log.queue.byte-limit = 2147483647 (custom)
2019-07-03 22:21:22,387 INFO  server.RaftServerConfigKeys (ConfUtils.java:logGet(43)) - raft.server.log.queue.element-limit = 1024 (custom)
2019-07-03 22:21:22,387 INFO  server.RaftServerConfigKeys (ConfUtils.java:logGet(43)) - raft.server.log.segment.size.max = 1048576 (custom)
2019-07-03 22:21:22,387 INFO  server.RaftServerConfigKeys (ConfUtils.java:logGet(43)) - raft.server.log.preallocated.size = 16384 (custom)
2019-07-03 22:21:22,387 INFO  server.RaftServerConfigKeys (ConfUtils.java:logGet(43)) - raft.server.log.write.buffer.size = 33554432 (custom)
2019-07-03 22:21:22,387 INFO  server.RaftServerConfigKeys (ConfUtils.java:logGet(43)) - raft.server.log.force.sync.num = 128 (default)
2019-07-03 22:21:22,387 INFO  server.RaftServerConfigKeys (ConfUtils.java:logGet(43)) - raft.server.log.statemachine.data.sync = true (default)
2019-07-03 22:21:22,388 INFO  server.RaftServerConfigKeys (ConfUtils.java:logGet(43)) - raft.server.log.statemachine.data.sync.timeout = 10s (default)
2019-07-03 22:21:22,388 INFO  server.RaftServerConfigKeys (ConfUtils.java:logGet(43)) - raft.server.log.statemachine.data.sync.timeout.retry = -1 (default)
2019-07-03 22:21:22,388 INFO  server.RaftServerConfigKeys (ConfUtils.java:logGet(43)) - raft.server.log.statemachine.data.caching.enabled = true (custom)
2019-07-03 22:21:22,388 INFO  segmented.SegmentedRaftLogWorker (SegmentedRaftLogWorker.java:lambda$new$0(132)) - b6f622b3-376e-4582-b587-ae6ef97df5ee-SegmentedRaftLogWorker:Storage Directory /opt/src/hadoop-ozone/integration-test/target/test-dir/MiniOzoneClusterImpl-737b2755-c87f-4af6-b1f9-662dbe2214cd/datanode-3/data/ratis/9fb7aece-26fc-4969-8b82-c22970649e6b: flushIndex: setUnconditionally 0 -> -1
2019-07-03 22:21:22,389 INFO  server.RaftServerConfigKeys (ConfUtils.java:logGet(43)) - raft.server.snapshot.auto.trigger.enabled = true (custom)
2019-07-03 22:21:22,389 INFO  server.RaftServerConfigKeys (ConfUtils.java:logGet(43)) - raft.server.snapshot.auto.trigger.threshold = 10000 (custom)
2019-07-03 22:21:22,389 INFO  server.RaftServerConfigKeys (ConfUtils.java:logGet(43)) - raft.server.retrycache.expirytime = 600000ms (custom)
2019-07-03 22:21:22,389 INFO  impl.RaftServerImpl (RaftServerImpl.java:start(180)) - b6f622b3-376e-4582-b587-ae6ef97df5ee: start group-C22970649E6B
2019-07-03 22:21:22,390 INFO  impl.RaftServerImpl (RaftServerImpl.java:setRole(171)) - b6f622b3-376e-4582-b587-ae6ef97df5ee:group-C22970649E6B changes role from null to FOLLOWER at term 0 for startAsFollower
2019-07-03 22:21:22,390 INFO  impl.RoleInfo (RoleInfo.java:updateAndGet(143)) - b6f622b3-376e-4582-b587-ae6ef97df5ee: start FollowerState
2019-07-03 22:21:22,390 INFO  util.JmxRegister (JmxRegister.java:tryRegister(44)) - Successfully registered JMX Bean with object name Ratis:service=RaftServer,group=group-C22970649E6B,id=b6f622b3-376e-4582-b587-ae6ef97df5ee
2019-07-03 22:21:22,393 INFO  pipeline.PipelineStateManager (PipelineStateManager.java:addPipeline(56)) - Created pipeline Pipeline[ Id: 9fb7aece-26fc-4969-8b82-c22970649e6b, Nodes: b6f622b3-376e-4582-b587-ae6ef97df5ee{ip: 192.168.157.198, host: ozone-hdds-1735-npfgf-2442002169, networkLocation: /default-rack, certSerialId: null}, Type:RATIS, Factor:ONE, State:OPEN]
2019-07-03 22:21:22,523 INFO  node.SCMNodeManager (SCMNodeManager.java:register(268)) - Registered Data node : 80ff6d79-52a3-49fc-aeb4-9644884541fb{ip: 192.168.157.198, host: ozone-hdds-1735-npfgf-2442002169, networkLocation: /default-rack, certSerialId: null}
2019-07-03 22:21:22,535 INFO  impl.RaftServerProxy (RaftServerProxy.java:addNew(89)) - 80ff6d79-52a3-49fc-aeb4-9644884541fb: addNew group-60D8B848F0A8:[80ff6d79-52a3-49fc-aeb4-9644884541fb:192.168.157.198:38274] returns group-60D8B848F0A8:java.util.concurrent.CompletableFuture@4fc5eef[Not completed]
2019-07-03 22:21:22,536 INFO  impl.RaftServerImpl (RaftServerImpl.java:<init>(93)) - 80ff6d79-52a3-49fc-aeb4-9644884541fb: new RaftServerImpl for group-60D8B848F0A8:[80ff6d79-52a3-49fc-aeb4-9644884541fb:192.168.157.198:38274] with ContainerStateMachine:uninitialized
2019-07-03 22:21:22,536 INFO  server.RaftServerConfigKeys (ConfUtils.java:logGet(43)) - raft.server.rpc.timeout.min = 1s (custom)
2019-07-03 22:21:22,536 INFO  server.RaftServerConfigKeys (ConfUtils.java:logGet(43)) - raft.server.rpc.timeout.max = 1200ms (custom)
2019-07-03 22:21:22,536 INFO  server.RaftServerConfigKeys (ConfUtils.java:logGet(43)) - raft.server.rpcslowness.timeout = 120s (custom)
2019-07-03 22:21:22,536 INFO  server.RaftServerConfigKeys (ConfUtils.java:logGet(43)) - raft.server.sleep.deviation.threshold = 300 (default)
2019-07-03 22:21:22,536 INFO  server.RaftServerConfigKeys (ConfUtils.java:logGet(43)) - raft.server.log.appender.install.snapshot.enabled = false (custom)
2019-07-03 22:21:22,537 INFO  impl.RaftServerImpl (ServerState.java:<init>(105)) - 80ff6d79-52a3-49fc-aeb4-9644884541fb:group-60D8B848F0A8 ConfigurationManager, init=-1: [80ff6d79-52a3-49fc-aeb4-9644884541fb:192.168.157.198:38274], old=null, confs=<EMPTY_MAP>
2019-07-03 22:21:22,537 INFO  server.RaftServerConfigKeys (ConfUtils.java:logGet(43)) - raft.server.storage.dir = [/opt/src/hadoop-ozone/integration-test/target/test-dir/MiniOzoneClusterImpl-737b2755-c87f-4af6-b1f9-662dbe2214cd/datanode-4/data/ratis] (custom)
2019-07-03 22:21:22,537 INFO  storage.RaftStorageDirectory (RaftStorageDirectory.java:analyzeStorage(246)) - The storage directory /opt/src/hadoop-ozone/integration-test/target/test-dir/MiniOzoneClusterImpl-737b2755-c87f-4af6-b1f9-662dbe2214cd/datanode-4/data/ratis/05ba83dc-763e-4e86-bbdb-60d8b848f0a8 does not exist. Creating ...
2019-07-03 22:21:22,554 INFO  storage.RaftStorageDirectory (RaftStorageDirectory.java:tryLock(328)) - Lock on /opt/src/hadoop-ozone/integration-test/target/test-dir/MiniOzoneClusterImpl-737b2755-c87f-4af6-b1f9-662dbe2214cd/datanode-4/data/ratis/05ba83dc-763e-4e86-bbdb-60d8b848f0a8/in_use.lock acquired by nodename 9000@ozone-hdds-1735-npfgf-2442002169
2019-07-03 22:21:22,568 INFO  storage.RaftStorage (RaftStorage.java:format(72)) - Storage directory /opt/src/hadoop-ozone/integration-test/target/test-dir/MiniOzoneClusterImpl-737b2755-c87f-4af6-b1f9-662dbe2214cd/datanode-4/data/ratis/05ba83dc-763e-4e86-bbdb-60d8b848f0a8 has been successfully formatted.
2019-07-03 22:21:22,568 INFO  ratis.ContainerStateMachine (ContainerStateMachine.java:loadSnapshot(198)) - The snapshot info is null.Setting the last applied index to:(t:0, i:~)
2019-07-03 22:21:22,568 INFO  server.RaftServerConfigKeys (ConfUtils.java:logGet(43)) - raft.server.leader.election.timeout = 120s (custom)
2019-07-03 22:21:22,568 INFO  server.RaftServerConfigKeys (ConfUtils.java:logGet(43)) - raft.server.log.use.memory = false (default)
2019-07-03 22:21:22,569 INFO  server.RaftServerConfigKeys (ConfUtils.java:logGet(43)) - raft.server.log.purge.gap = 1000000000 (custom)
2019-07-03 22:21:22,569 INFO  server.RaftServerConfigKeys (ConfUtils.java:logGet(43)) - raft.server.log.appender.buffer.byte-limit = 33554432 (custom)
2019-07-03 22:21:22,569 INFO  server.RaftServerConfigKeys (ConfUtils.java:logGet(43)) - raft.server.log.segment.size.max = 1048576 (custom)
2019-07-03 22:21:22,569 INFO  server.RaftServerConfigKeys (ConfUtils.java:logGet(43)) - raft.server.log.segment.cache.num.max = 2 (custom)
2019-07-03 22:21:22,569 INFO  segmented.SegmentedRaftLogWorker (SegmentedRaftLogWorker.java:<init>(172)) - new 80ff6d79-52a3-49fc-aeb4-9644884541fb-SegmentedRaftLogWorker:Storage Directory /opt/src/hadoop-ozone/integration-test/target/test-dir/MiniOzoneClusterImpl-737b2755-c87f-4af6-b1f9-662dbe2214cd/datanode-4/data/ratis/05ba83dc-763e-4e86-bbdb-60d8b848f0a8 for RaftStorage:Storage Directory /opt/src/hadoop-ozone/integration-test/target/test-dir/MiniOzoneClusterImpl-737b2755-c87f-4af6-b1f9-662dbe2214cd/datanode-4/data/ratis/05ba83dc-763e-4e86-bbdb-60d8b848f0a8
2019-07-03 22:21:22,570 INFO  server.RaftServerConfigKeys (ConfUtils.java:logGet(43)) - raft.server.log.queue.byte-limit = 2147483647 (custom)
2019-07-03 22:21:22,570 INFO  server.RaftServerConfigKeys (ConfUtils.java:logGet(43)) - raft.server.log.queue.element-limit = 1024 (custom)
2019-07-03 22:21:22,570 INFO  server.RaftServerConfigKeys (ConfUtils.java:logGet(43)) - raft.server.log.segment.size.max = 1048576 (custom)
2019-07-03 22:21:22,570 INFO  server.RaftServerConfigKeys (ConfUtils.java:logGet(43)) - raft.server.log.preallocated.size = 16384 (custom)
2019-07-03 22:21:22,570 INFO  server.RaftServerConfigKeys (ConfUtils.java:logGet(43)) - raft.server.log.write.buffer.size = 33554432 (custom)
2019-07-03 22:21:22,570 INFO  server.RaftServerConfigKeys (ConfUtils.java:logGet(43)) - raft.server.log.force.sync.num = 128 (default)
2019-07-03 22:21:22,571 INFO  server.RaftServerConfigKeys (ConfUtils.java:logGet(43)) - raft.server.log.statemachine.data.sync = true (default)
2019-07-03 22:21:22,571 INFO  server.RaftServerConfigKeys (ConfUtils.java:logGet(43)) - raft.server.log.statemachine.data.sync.timeout = 10s (default)
2019-07-03 22:21:22,571 INFO  server.RaftServerConfigKeys (ConfUtils.java:logGet(43)) - raft.server.log.statemachine.data.sync.timeout.retry = -1 (default)
2019-07-03 22:21:22,571 INFO  server.RaftServerConfigKeys (ConfUtils.java:logGet(43)) - raft.server.log.statemachine.data.caching.enabled = true (custom)
2019-07-03 22:21:22,572 INFO  segmented.SegmentedRaftLogWorker (SegmentedRaftLogWorker.java:lambda$new$0(132)) - 80ff6d79-52a3-49fc-aeb4-9644884541fb-SegmentedRaftLogWorker:Storage Directory /opt/src/hadoop-ozone/integration-test/target/test-dir/MiniOzoneClusterImpl-737b2755-c87f-4af6-b1f9-662dbe2214cd/datanode-4/data/ratis/05ba83dc-763e-4e86-bbdb-60d8b848f0a8: flushIndex: setUnconditionally 0 -> -1
2019-07-03 22:21:22,572 INFO  server.RaftServerConfigKeys (ConfUtils.java:logGet(43)) - raft.server.snapshot.auto.trigger.enabled = true (custom)
2019-07-03 22:21:22,572 INFO  server.RaftServerConfigKeys (ConfUtils.java:logGet(43)) - raft.server.snapshot.auto.trigger.threshold = 10000 (custom)
2019-07-03 22:21:22,573 INFO  server.RaftServerConfigKeys (ConfUtils.java:logGet(43)) - raft.server.retrycache.expirytime = 600000ms (custom)
2019-07-03 22:21:22,573 INFO  impl.RaftServerImpl (RaftServerImpl.java:start(180)) - 80ff6d79-52a3-49fc-aeb4-9644884541fb: start group-60D8B848F0A8
2019-07-03 22:21:22,573 INFO  impl.RaftServerImpl (RaftServerImpl.java:setRole(171)) - 80ff6d79-52a3-49fc-aeb4-9644884541fb:group-60D8B848F0A8 changes role from null to FOLLOWER at term 0 for startAsFollower
2019-07-03 22:21:22,573 INFO  impl.RoleInfo (RoleInfo.java:updateAndGet(143)) - 80ff6d79-52a3-49fc-aeb4-9644884541fb: start FollowerState
2019-07-03 22:21:22,574 INFO  util.JmxRegister (JmxRegister.java:tryRegister(44)) - Successfully registered JMX Bean with object name Ratis:service=RaftServer,group=group-60D8B848F0A8,id=80ff6d79-52a3-49fc-aeb4-9644884541fb
2019-07-03 22:21:22,576 INFO  pipeline.PipelineStateManager (PipelineStateManager.java:addPipeline(56)) - Created pipeline Pipeline[ Id: 05ba83dc-763e-4e86-bbdb-60d8b848f0a8, Nodes: 80ff6d79-52a3-49fc-aeb4-9644884541fb{ip: 192.168.157.198, host: ozone-hdds-1735-npfgf-2442002169, networkLocation: /default-rack, certSerialId: null}, Type:RATIS, Factor:ONE, State:OPEN]
2019-07-03 22:21:22,778 INFO  node.SCMNodeManager (SCMNodeManager.java:register(268)) - Registered Data node : c2cd9d93-ce36-45e6-8c30-f7c322d7067d{ip: 192.168.157.198, host: ozone-hdds-1735-npfgf-2442002169, networkLocation: /default-rack, certSerialId: null}
2019-07-03 22:21:22,797 INFO  impl.RaftServerProxy (RaftServerProxy.java:addNew(89)) - c2cd9d93-ce36-45e6-8c30-f7c322d7067d: addNew group-66B3ECE1A2FF:[c2cd9d93-ce36-45e6-8c30-f7c322d7067d:192.168.157.198:42480] returns group-66B3ECE1A2FF:java.util.concurrent.CompletableFuture@5e654faf[Not completed]
2019-07-03 22:21:22,798 INFO  impl.RaftServerImpl (RaftServerImpl.java:<init>(93)) - c2cd9d93-ce36-45e6-8c30-f7c322d7067d: new RaftServerImpl for group-66B3ECE1A2FF:[c2cd9d93-ce36-45e6-8c30-f7c322d7067d:192.168.157.198:42480] with ContainerStateMachine:uninitialized
2019-07-03 22:21:22,798 INFO  server.RaftServerConfigKeys (ConfUtils.java:logGet(43)) - raft.server.rpc.timeout.min = 1s (custom)
2019-07-03 22:21:22,798 INFO  server.RaftServerConfigKeys (ConfUtils.java:logGet(43)) - raft.server.rpc.timeout.max = 1200ms (custom)
2019-07-03 22:21:22,798 INFO  server.RaftServerConfigKeys (ConfUtils.java:logGet(43)) - raft.server.rpcslowness.timeout = 120s (custom)
2019-07-03 22:21:22,799 INFO  server.RaftServerConfigKeys (ConfUtils.java:logGet(43)) - raft.server.sleep.deviation.threshold = 300 (default)
2019-07-03 22:21:22,799 INFO  server.RaftServerConfigKeys (ConfUtils.java:logGet(43)) - raft.server.log.appender.install.snapshot.enabled = false (custom)
2019-07-03 22:21:22,799 INFO  impl.RaftServerImpl (ServerState.java:<init>(105)) - c2cd9d93-ce36-45e6-8c30-f7c322d7067d:group-66B3ECE1A2FF ConfigurationManager, init=-1: [c2cd9d93-ce36-45e6-8c30-f7c322d7067d:192.168.157.198:42480], old=null, confs=<EMPTY_MAP>
2019-07-03 22:21:22,799 INFO  server.RaftServerConfigKeys (ConfUtils.java:logGet(43)) - raft.server.storage.dir = [/opt/src/hadoop-ozone/integration-test/target/test-dir/MiniOzoneClusterImpl-737b2755-c87f-4af6-b1f9-662dbe2214cd/datanode-5/data/ratis] (custom)
2019-07-03 22:21:22,800 INFO  storage.RaftStorageDirectory (RaftStorageDirectory.java:analyzeStorage(246)) - The storage directory /opt/src/hadoop-ozone/integration-test/target/test-dir/MiniOzoneClusterImpl-737b2755-c87f-4af6-b1f9-662dbe2214cd/datanode-5/data/ratis/3d6de3a0-bee3-4bee-9d77-66b3ece1a2ff does not exist. Creating ...
2019-07-03 22:21:22,812 INFO  storage.RaftStorageDirectory (RaftStorageDirectory.java:tryLock(328)) - Lock on /opt/src/hadoop-ozone/integration-test/target/test-dir/MiniOzoneClusterImpl-737b2755-c87f-4af6-b1f9-662dbe2214cd/datanode-5/data/ratis/3d6de3a0-bee3-4bee-9d77-66b3ece1a2ff/in_use.lock acquired by nodename 9000@ozone-hdds-1735-npfgf-2442002169
2019-07-03 22:21:22,839 INFO  storage.RaftStorage (RaftStorage.java:format(72)) - Storage directory /opt/src/hadoop-ozone/integration-test/target/test-dir/MiniOzoneClusterImpl-737b2755-c87f-4af6-b1f9-662dbe2214cd/datanode-5/data/ratis/3d6de3a0-bee3-4bee-9d77-66b3ece1a2ff has been successfully formatted.
2019-07-03 22:21:22,839 INFO  ratis.ContainerStateMachine (ContainerStateMachine.java:loadSnapshot(198)) - The snapshot info is null.Setting the last applied index to:(t:0, i:~)
2019-07-03 22:21:22,839 INFO  server.RaftServerConfigKeys (ConfUtils.java:logGet(43)) - raft.server.leader.election.timeout = 120s (custom)
2019-07-03 22:21:22,839 INFO  server.RaftServerConfigKeys (ConfUtils.java:logGet(43)) - raft.server.log.use.memory = false (default)
2019-07-03 22:21:22,839 INFO  server.RaftServerConfigKeys (ConfUtils.java:logGet(43)) - raft.server.log.purge.gap = 1000000000 (custom)
2019-07-03 22:21:22,840 INFO  server.RaftServerConfigKeys (ConfUtils.java:logGet(43)) - raft.server.log.appender.buffer.byte-limit = 33554432 (custom)
2019-07-03 22:21:22,840 INFO  server.RaftServerConfigKeys (ConfUtils.java:logGet(43)) - raft.server.log.segment.size.max = 1048576 (custom)
2019-07-03 22:21:22,840 INFO  server.RaftServerConfigKeys (ConfUtils.java:logGet(43)) - raft.server.log.segment.cache.num.max = 2 (custom)
2019-07-03 22:21:22,840 INFO  segmented.SegmentedRaftLogWorker (SegmentedRaftLogWorker.java:<init>(172)) - new c2cd9d93-ce36-45e6-8c30-f7c322d7067d-SegmentedRaftLogWorker:Storage Directory /opt/src/hadoop-ozone/integration-test/target/test-dir/MiniOzoneClusterImpl-737b2755-c87f-4af6-b1f9-662dbe2214cd/datanode-5/data/ratis/3d6de3a0-bee3-4bee-9d77-66b3ece1a2ff for RaftStorage:Storage Directory /opt/src/hadoop-ozone/integration-test/target/test-dir/MiniOzoneClusterImpl-737b2755-c87f-4af6-b1f9-662dbe2214cd/datanode-5/data/ratis/3d6de3a0-bee3-4bee-9d77-66b3ece1a2ff
2019-07-03 22:21:22,840 INFO  server.RaftServerConfigKeys (ConfUtils.java:logGet(43)) - raft.server.log.queue.byte-limit = 2147483647 (custom)
2019-07-03 22:21:22,840 INFO  server.RaftServerConfigKeys (ConfUtils.java:logGet(43)) - raft.server.log.queue.element-limit = 1024 (custom)
2019-07-03 22:21:22,841 INFO  server.RaftServerConfigKeys (ConfUtils.java:logGet(43)) - raft.server.log.segment.size.max = 1048576 (custom)
2019-07-03 22:21:22,841 INFO  server.RaftServerConfigKeys (ConfUtils.java:logGet(43)) - raft.server.log.preallocated.size = 16384 (custom)
2019-07-03 22:21:22,841 INFO  server.RaftServerConfigKeys (ConfUtils.java:logGet(43)) - raft.server.log.write.buffer.size = 33554432 (custom)
2019-07-03 22:21:22,841 INFO  server.RaftServerConfigKeys (ConfUtils.java:logGet(43)) - raft.server.log.force.sync.num = 128 (default)
2019-07-03 22:21:22,841 INFO  server.RaftServerConfigKeys (ConfUtils.java:logGet(43)) - raft.server.log.statemachine.data.sync = true (default)
2019-07-03 22:21:22,842 INFO  server.RaftServerConfigKeys (ConfUtils.java:logGet(43)) - raft.server.log.statemachine.data.sync.timeout = 10s (default)
2019-07-03 22:21:22,842 INFO  server.RaftServerConfigKeys (ConfUtils.java:logGet(43)) - raft.server.log.statemachine.data.sync.timeout.retry = -1 (default)
2019-07-03 22:21:22,842 INFO  server.RaftServerConfigKeys (ConfUtils.java:logGet(43)) - raft.server.log.statemachine.data.caching.enabled = true (custom)
2019-07-03 22:21:22,843 INFO  segmented.SegmentedRaftLogWorker (SegmentedRaftLogWorker.java:lambda$new$0(132)) - c2cd9d93-ce36-45e6-8c30-f7c322d7067d-SegmentedRaftLogWorker:Storage Directory /opt/src/hadoop-ozone/integration-test/target/test-dir/MiniOzoneClusterImpl-737b2755-c87f-4af6-b1f9-662dbe2214cd/datanode-5/data/ratis/3d6de3a0-bee3-4bee-9d77-66b3ece1a2ff: flushIndex: setUnconditionally 0 -> -1
2019-07-03 22:21:22,843 INFO  server.RaftServerConfigKeys (ConfUtils.java:logGet(43)) - raft.server.snapshot.auto.trigger.enabled = true (custom)
2019-07-03 22:21:22,843 INFO  server.RaftServerConfigKeys (ConfUtils.java:logGet(43)) - raft.server.snapshot.auto.trigger.threshold = 10000 (custom)
2019-07-03 22:21:22,843 INFO  server.RaftServerConfigKeys (ConfUtils.java:logGet(43)) - raft.server.retrycache.expirytime = 600000ms (custom)
2019-07-03 22:21:22,844 INFO  impl.RaftServerImpl (RaftServerImpl.java:start(180)) - c2cd9d93-ce36-45e6-8c30-f7c322d7067d: start group-66B3ECE1A2FF
2019-07-03 22:21:22,844 INFO  impl.RaftServerImpl (RaftServerImpl.java:setRole(171)) - c2cd9d93-ce36-45e6-8c30-f7c322d7067d:group-66B3ECE1A2FF changes role from null to FOLLOWER at term 0 for startAsFollower
2019-07-03 22:21:22,844 INFO  impl.RoleInfo (RoleInfo.java:updateAndGet(143)) - c2cd9d93-ce36-45e6-8c30-f7c322d7067d: start FollowerState
2019-07-03 22:21:22,844 INFO  util.JmxRegister (JmxRegister.java:tryRegister(44)) - Successfully registered JMX Bean with object name Ratis:service=RaftServer,group=group-66B3ECE1A2FF,id=c2cd9d93-ce36-45e6-8c30-f7c322d7067d
2019-07-03 22:21:22,847 INFO  pipeline.PipelineStateManager (PipelineStateManager.java:addPipeline(56)) - Created pipeline Pipeline[ Id: 3d6de3a0-bee3-4bee-9d77-66b3ece1a2ff, Nodes: c2cd9d93-ce36-45e6-8c30-f7c322d7067d{ip: 192.168.157.198, host: ozone-hdds-1735-npfgf-2442002169, networkLocation: /default-rack, certSerialId: null}, Type:RATIS, Factor:ONE, State:OPEN]
2019-07-03 22:21:22,864 INFO  impl.RaftServerProxy (RaftServerProxy.java:addNew(89)) - 80ff6d79-52a3-49fc-aeb4-9644884541fb: addNew group-939ADD6750F1:[c2cd9d93-ce36-45e6-8c30-f7c322d7067d:192.168.157.198:42480, b6f622b3-376e-4582-b587-ae6ef97df5ee:192.168.157.198:42514, 80ff6d79-52a3-49fc-aeb4-9644884541fb:192.168.157.198:38274] returns group-939ADD6750F1:java.util.concurrent.CompletableFuture@17e48f9d[Not completed]
2019-07-03 22:21:22,867 INFO  impl.RaftServerProxy (RaftServerProxy.java:addNew(89)) - c2cd9d93-ce36-45e6-8c30-f7c322d7067d: addNew group-939ADD6750F1:[c2cd9d93-ce36-45e6-8c30-f7c322d7067d:192.168.157.198:42480, b6f622b3-376e-4582-b587-ae6ef97df5ee:192.168.157.198:42514, 80ff6d79-52a3-49fc-aeb4-9644884541fb:192.168.157.198:38274] returns group-939ADD6750F1:java.util.concurrent.CompletableFuture@3365690e[Not completed]
2019-07-03 22:21:22,867 INFO  impl.RaftServerProxy (RaftServerProxy.java:addNew(89)) - b6f622b3-376e-4582-b587-ae6ef97df5ee: addNew group-939ADD6750F1:[c2cd9d93-ce36-45e6-8c30-f7c322d7067d:192.168.157.198:42480, b6f622b3-376e-4582-b587-ae6ef97df5ee:192.168.157.198:42514, 80ff6d79-52a3-49fc-aeb4-9644884541fb:192.168.157.198:38274] returns group-939ADD6750F1:java.util.concurrent.CompletableFuture@412316dd[Not completed]
2019-07-03 22:21:22,868 INFO  impl.RaftServerImpl (RaftServerImpl.java:<init>(93)) - 80ff6d79-52a3-49fc-aeb4-9644884541fb: new RaftServerImpl for group-939ADD6750F1:[c2cd9d93-ce36-45e6-8c30-f7c322d7067d:192.168.157.198:42480, b6f622b3-376e-4582-b587-ae6ef97df5ee:192.168.157.198:42514, 80ff6d79-52a3-49fc-aeb4-9644884541fb:192.168.157.198:38274] with ContainerStateMachine:uninitialized
2019-07-03 22:21:22,868 INFO  server.RaftServerConfigKeys (ConfUtils.java:logGet(43)) - raft.server.rpc.timeout.min = 1s (custom)
2019-07-03 22:21:22,869 INFO  server.RaftServerConfigKeys (ConfUtils.java:logGet(43)) - raft.server.rpc.timeout.max = 1200ms (custom)
2019-07-03 22:21:22,869 INFO  server.RaftServerConfigKeys (ConfUtils.java:logGet(43)) - raft.server.rpcslowness.timeout = 120s (custom)
2019-07-03 22:21:22,869 INFO  server.RaftServerConfigKeys (ConfUtils.java:logGet(43)) - raft.server.sleep.deviation.threshold = 300 (default)
2019-07-03 22:21:22,869 INFO  server.RaftServerConfigKeys (ConfUtils.java:logGet(43)) - raft.server.log.appender.install.snapshot.enabled = false (custom)
2019-07-03 22:21:22,869 INFO  impl.RaftServerImpl (RaftServerImpl.java:<init>(93)) - b6f622b3-376e-4582-b587-ae6ef97df5ee: new RaftServerImpl for group-939ADD6750F1:[c2cd9d93-ce36-45e6-8c30-f7c322d7067d:192.168.157.198:42480, b6f622b3-376e-4582-b587-ae6ef97df5ee:192.168.157.198:42514, 80ff6d79-52a3-49fc-aeb4-9644884541fb:192.168.157.198:38274] with ContainerStateMachine:uninitialized
2019-07-03 22:21:22,869 INFO  impl.RaftServerImpl (ServerState.java:<init>(105)) - 80ff6d79-52a3-49fc-aeb4-9644884541fb:group-939ADD6750F1 ConfigurationManager, init=-1: [c2cd9d93-ce36-45e6-8c30-f7c322d7067d:192.168.157.198:42480, b6f622b3-376e-4582-b587-ae6ef97df5ee:192.168.157.198:42514, 80ff6d79-52a3-49fc-aeb4-9644884541fb:192.168.157.198:38274], old=null, confs=<EMPTY_MAP>
2019-07-03 22:21:22,869 INFO  server.RaftServerConfigKeys (ConfUtils.java:logGet(43)) - raft.server.rpc.timeout.min = 1s (custom)
2019-07-03 22:21:22,870 INFO  server.RaftServerConfigKeys (ConfUtils.java:logGet(43)) - raft.server.storage.dir = [/opt/src/hadoop-ozone/integration-test/target/test-dir/MiniOzoneClusterImpl-737b2755-c87f-4af6-b1f9-662dbe2214cd/datanode-4/data/ratis] (custom)
2019-07-03 22:21:22,870 INFO  server.RaftServerConfigKeys (ConfUtils.java:logGet(43)) - raft.server.rpc.timeout.max = 1200ms (custom)
2019-07-03 22:21:22,870 INFO  impl.RaftServerImpl (RaftServerImpl.java:<init>(93)) - c2cd9d93-ce36-45e6-8c30-f7c322d7067d: new RaftServerImpl for group-939ADD6750F1:[c2cd9d93-ce36-45e6-8c30-f7c322d7067d:192.168.157.198:42480, b6f622b3-376e-4582-b587-ae6ef97df5ee:192.168.157.198:42514, 80ff6d79-52a3-49fc-aeb4-9644884541fb:192.168.157.198:38274] with ContainerStateMachine:uninitialized
2019-07-03 22:21:22,870 INFO  server.RaftServerConfigKeys (ConfUtils.java:logGet(43)) - raft.server.rpcslowness.timeout = 120s (custom)
2019-07-03 22:21:22,870 INFO  storage.RaftStorageDirectory (RaftStorageDirectory.java:analyzeStorage(246)) - The storage directory /opt/src/hadoop-ozone/integration-test/target/test-dir/MiniOzoneClusterImpl-737b2755-c87f-4af6-b1f9-662dbe2214cd/datanode-4/data/ratis/500fb081-3b6b-4441-9f3a-939add6750f1 does not exist. Creating ...
2019-07-03 22:21:22,870 INFO  server.RaftServerConfigKeys (ConfUtils.java:logGet(43)) - raft.server.sleep.deviation.threshold = 300 (default)
2019-07-03 22:21:22,870 INFO  server.RaftServerConfigKeys (ConfUtils.java:logGet(43)) - raft.server.rpc.timeout.min = 1s (custom)
2019-07-03 22:21:22,871 INFO  server.RaftServerConfigKeys (ConfUtils.java:logGet(43)) - raft.server.log.appender.install.snapshot.enabled = false (custom)
2019-07-03 22:21:22,871 INFO  server.RaftServerConfigKeys (ConfUtils.java:logGet(43)) - raft.server.rpc.timeout.max = 1200ms (custom)
2019-07-03 22:21:22,871 INFO  impl.RaftServerImpl (ServerState.java:<init>(105)) - b6f622b3-376e-4582-b587-ae6ef97df5ee:group-939ADD6750F1 ConfigurationManager, init=-1: [c2cd9d93-ce36-45e6-8c30-f7c322d7067d:192.168.157.198:42480, b6f622b3-376e-4582-b587-ae6ef97df5ee:192.168.157.198:42514, 80ff6d79-52a3-49fc-aeb4-9644884541fb:192.168.157.198:38274], old=null, confs=<EMPTY_MAP>
2019-07-03 22:21:22,871 INFO  server.RaftServerConfigKeys (ConfUtils.java:logGet(43)) - raft.server.rpcslowness.timeout = 120s (custom)
2019-07-03 22:21:22,872 INFO  server.RaftServerConfigKeys (ConfUtils.java:logGet(43)) - raft.server.storage.dir = [/opt/src/hadoop-ozone/integration-test/target/test-dir/MiniOzoneClusterImpl-737b2755-c87f-4af6-b1f9-662dbe2214cd/datanode-3/data/ratis] (custom)
2019-07-03 22:21:22,872 INFO  server.RaftServerConfigKeys (ConfUtils.java:logGet(43)) - raft.server.sleep.deviation.threshold = 300 (default)
2019-07-03 22:21:22,872 INFO  server.RaftServerConfigKeys (ConfUtils.java:logGet(43)) - raft.server.log.appender.install.snapshot.enabled = false (custom)
2019-07-03 22:21:22,872 INFO  storage.RaftStorageDirectory (RaftStorageDirectory.java:analyzeStorage(246)) - The storage directory /opt/src/hadoop-ozone/integration-test/target/test-dir/MiniOzoneClusterImpl-737b2755-c87f-4af6-b1f9-662dbe2214cd/datanode-3/data/ratis/500fb081-3b6b-4441-9f3a-939add6750f1 does not exist. Creating ...
2019-07-03 22:21:22,872 INFO  impl.RaftServerImpl (ServerState.java:<init>(105)) - c2cd9d93-ce36-45e6-8c30-f7c322d7067d:group-939ADD6750F1 ConfigurationManager, init=-1: [c2cd9d93-ce36-45e6-8c30-f7c322d7067d:192.168.157.198:42480, b6f622b3-376e-4582-b587-ae6ef97df5ee:192.168.157.198:42514, 80ff6d79-52a3-49fc-aeb4-9644884541fb:192.168.157.198:38274], old=null, confs=<EMPTY_MAP>
2019-07-03 22:21:22,873 INFO  server.RaftServerConfigKeys (ConfUtils.java:logGet(43)) - raft.server.storage.dir = [/opt/src/hadoop-ozone/integration-test/target/test-dir/MiniOzoneClusterImpl-737b2755-c87f-4af6-b1f9-662dbe2214cd/datanode-5/data/ratis] (custom)
2019-07-03 22:21:22,873 INFO  storage.RaftStorageDirectory (RaftStorageDirectory.java:analyzeStorage(246)) - The storage directory /opt/src/hadoop-ozone/integration-test/target/test-dir/MiniOzoneClusterImpl-737b2755-c87f-4af6-b1f9-662dbe2214cd/datanode-5/data/ratis/500fb081-3b6b-4441-9f3a-939add6750f1 does not exist. Creating ...
2019-07-03 22:21:22,885 INFO  storage.RaftStorageDirectory (RaftStorageDirectory.java:tryLock(328)) - Lock on /opt/src/hadoop-ozone/integration-test/target/test-dir/MiniOzoneClusterImpl-737b2755-c87f-4af6-b1f9-662dbe2214cd/datanode-3/data/ratis/500fb081-3b6b-4441-9f3a-939add6750f1/in_use.lock acquired by nodename 9000@ozone-hdds-1735-npfgf-2442002169
2019-07-03 22:21:22,885 INFO  storage.RaftStorageDirectory (RaftStorageDirectory.java:tryLock(328)) - Lock on /opt/src/hadoop-ozone/integration-test/target/test-dir/MiniOzoneClusterImpl-737b2755-c87f-4af6-b1f9-662dbe2214cd/datanode-4/data/ratis/500fb081-3b6b-4441-9f3a-939add6750f1/in_use.lock acquired by nodename 9000@ozone-hdds-1735-npfgf-2442002169
2019-07-03 22:21:22,885 INFO  storage.RaftStorageDirectory (RaftStorageDirectory.java:tryLock(328)) - Lock on /opt/src/hadoop-ozone/integration-test/target/test-dir/MiniOzoneClusterImpl-737b2755-c87f-4af6-b1f9-662dbe2214cd/datanode-5/data/ratis/500fb081-3b6b-4441-9f3a-939add6750f1/in_use.lock acquired by nodename 9000@ozone-hdds-1735-npfgf-2442002169
2019-07-03 22:21:22,900 INFO  storage.RaftStorage (RaftStorage.java:format(72)) - Storage directory /opt/src/hadoop-ozone/integration-test/target/test-dir/MiniOzoneClusterImpl-737b2755-c87f-4af6-b1f9-662dbe2214cd/datanode-3/data/ratis/500fb081-3b6b-4441-9f3a-939add6750f1 has been successfully formatted.
2019-07-03 22:21:22,900 INFO  storage.RaftStorage (RaftStorage.java:format(72)) - Storage directory /opt/src/hadoop-ozone/integration-test/target/test-dir/MiniOzoneClusterImpl-737b2755-c87f-4af6-b1f9-662dbe2214cd/datanode-5/data/ratis/500fb081-3b6b-4441-9f3a-939add6750f1 has been successfully formatted.
2019-07-03 22:21:22,900 INFO  ratis.ContainerStateMachine (ContainerStateMachine.java:loadSnapshot(198)) - The snapshot info is null.Setting the last applied index to:(t:0, i:~)
2019-07-03 22:21:22,900 INFO  storage.RaftStorage (RaftStorage.java:format(72)) - Storage directory /opt/src/hadoop-ozone/integration-test/target/test-dir/MiniOzoneClusterImpl-737b2755-c87f-4af6-b1f9-662dbe2214cd/datanode-4/data/ratis/500fb081-3b6b-4441-9f3a-939add6750f1 has been successfully formatted.
2019-07-03 22:21:22,901 INFO  ratis.ContainerStateMachine (ContainerStateMachine.java:loadSnapshot(198)) - The snapshot info is null.Setting the last applied index to:(t:0, i:~)
2019-07-03 22:21:22,901 INFO  server.RaftServerConfigKeys (ConfUtils.java:logGet(43)) - raft.server.leader.election.timeout = 120s (custom)
2019-07-03 22:21:22,901 INFO  server.RaftServerConfigKeys (ConfUtils.java:logGet(43)) - raft.server.leader.election.timeout = 120s (custom)
2019-07-03 22:21:22,901 INFO  ratis.ContainerStateMachine (ContainerStateMachine.java:loadSnapshot(198)) - The snapshot info is null.Setting the last applied index to:(t:0, i:~)
2019-07-03 22:21:22,901 INFO  server.RaftServerConfigKeys (ConfUtils.java:logGet(43)) - raft.server.log.use.memory = false (default)
2019-07-03 22:21:22,901 INFO  server.RaftServerConfigKeys (ConfUtils.java:logGet(43)) - raft.server.log.use.memory = false (default)
2019-07-03 22:21:22,902 INFO  server.RaftServerConfigKeys (ConfUtils.java:logGet(43)) - raft.server.log.purge.gap = 1000000000 (custom)
2019-07-03 22:21:22,901 INFO  server.RaftServerConfigKeys (ConfUtils.java:logGet(43)) - raft.server.leader.election.timeout = 120s (custom)
2019-07-03 22:21:22,902 INFO  server.RaftServerConfigKeys (ConfUtils.java:logGet(43)) - raft.server.log.appender.buffer.byte-limit = 33554432 (custom)
2019-07-03 22:21:22,902 INFO  server.RaftServerConfigKeys (ConfUtils.java:logGet(43)) - raft.server.log.purge.gap = 1000000000 (custom)
2019-07-03 22:21:22,902 INFO  server.RaftServerConfigKeys (ConfUtils.java:logGet(43)) - raft.server.log.segment.size.max = 1048576 (custom)
2019-07-03 22:21:22,902 INFO  server.RaftServerConfigKeys (ConfUtils.java:logGet(43)) - raft.server.log.use.memory = false (default)
2019-07-03 22:21:22,903 INFO  server.RaftServerConfigKeys (ConfUtils.java:logGet(43)) - raft.server.log.segment.cache.num.max = 2 (custom)
2019-07-03 22:21:22,903 INFO  server.RaftServerConfigKeys (ConfUtils.java:logGet(43)) - raft.server.log.appender.buffer.byte-limit = 33554432 (custom)
2019-07-03 22:21:22,903 INFO  segmented.SegmentedRaftLogWorker (SegmentedRaftLogWorker.java:<init>(172)) - new c2cd9d93-ce36-45e6-8c30-f7c322d7067d-SegmentedRaftLogWorker:Storage Directory /opt/src/hadoop-ozone/integration-test/target/test-dir/MiniOzoneClusterImpl-737b2755-c87f-4af6-b1f9-662dbe2214cd/datanode-5/data/ratis/500fb081-3b6b-4441-9f3a-939add6750f1 for RaftStorage:Storage Directory /opt/src/hadoop-ozone/integration-test/target/test-dir/MiniOzoneClusterImpl-737b2755-c87f-4af6-b1f9-662dbe2214cd/datanode-5/data/ratis/500fb081-3b6b-4441-9f3a-939add6750f1
2019-07-03 22:21:22,903 INFO  server.RaftServerConfigKeys (ConfUtils.java:logGet(43)) - raft.server.log.purge.gap = 1000000000 (custom)
2019-07-03 22:21:22,903 INFO  server.RaftServerConfigKeys (ConfUtils.java:logGet(43)) - raft.server.log.queue.byte-limit = 2147483647 (custom)
2019-07-03 22:21:22,903 INFO  server.RaftServerConfigKeys (ConfUtils.java:logGet(43)) - raft.server.log.segment.size.max = 1048576 (custom)
2019-07-03 22:21:22,904 INFO  server.RaftServerConfigKeys (ConfUtils.java:logGet(43)) - raft.server.log.queue.element-limit = 1024 (custom)
2019-07-03 22:21:22,903 INFO  server.RaftServerConfigKeys (ConfUtils.java:logGet(43)) - raft.server.log.appender.buffer.byte-limit = 33554432 (custom)
2019-07-03 22:21:22,904 INFO  server.RaftServerConfigKeys (ConfUtils.java:logGet(43)) - raft.server.log.segment.size.max = 1048576 (custom)
2019-07-03 22:21:22,904 INFO  server.RaftServerConfigKeys (ConfUtils.java:logGet(43)) - raft.server.log.segment.cache.num.max = 2 (custom)
2019-07-03 22:21:22,904 INFO  server.RaftServerConfigKeys (ConfUtils.java:logGet(43)) - raft.server.log.preallocated.size = 16384 (custom)
2019-07-03 22:21:22,904 INFO  server.RaftServerConfigKeys (ConfUtils.java:logGet(43)) - raft.server.log.segment.size.max = 1048576 (custom)
2019-07-03 22:21:22,905 INFO  server.RaftServerConfigKeys (ConfUtils.java:logGet(43)) - raft.server.log.write.buffer.size = 33554432 (custom)
2019-07-03 22:21:22,904 INFO  segmented.SegmentedRaftLogWorker (SegmentedRaftLogWorker.java:<init>(172)) - new b6f622b3-376e-4582-b587-ae6ef97df5ee-SegmentedRaftLogWorker:Storage Directory /opt/src/hadoop-ozone/integration-test/target/test-dir/MiniOzoneClusterImpl-737b2755-c87f-4af6-b1f9-662dbe2214cd/datanode-3/data/ratis/500fb081-3b6b-4441-9f3a-939add6750f1 for RaftStorage:Storage Directory /opt/src/hadoop-ozone/integration-test/target/test-dir/MiniOzoneClusterImpl-737b2755-c87f-4af6-b1f9-662dbe2214cd/datanode-3/data/ratis/500fb081-3b6b-4441-9f3a-939add6750f1
2019-07-03 22:21:22,905 INFO  server.RaftServerConfigKeys (ConfUtils.java:logGet(43)) - raft.server.log.force.sync.num = 128 (default)
2019-07-03 22:21:22,905 INFO  server.RaftServerConfigKeys (ConfUtils.java:logGet(43)) - raft.server.log.segment.cache.num.max = 2 (custom)
2019-07-03 22:21:22,905 INFO  server.RaftServerConfigKeys (ConfUtils.java:logGet(43)) - raft.server.log.statemachine.data.sync = true (default)
2019-07-03 22:21:22,905 INFO  server.RaftServerConfigKeys (ConfUtils.java:logGet(43)) - raft.server.log.queue.byte-limit = 2147483647 (custom)
2019-07-03 22:21:22,906 INFO  server.RaftServerConfigKeys (ConfUtils.java:logGet(43)) - raft.server.log.statemachine.data.sync.timeout = 10s (default)
2019-07-03 22:21:22,905 INFO  segmented.SegmentedRaftLogWorker (SegmentedRaftLogWorker.java:<init>(172)) - new 80ff6d79-52a3-49fc-aeb4-9644884541fb-SegmentedRaftLogWorker:Storage Directory /opt/src/hadoop-ozone/integration-test/target/test-dir/MiniOzoneClusterImpl-737b2755-c87f-4af6-b1f9-662dbe2214cd/datanode-4/data/ratis/500fb081-3b6b-4441-9f3a-939add6750f1 for RaftStorage:Storage Directory /opt/src/hadoop-ozone/integration-test/target/test-dir/MiniOzoneClusterImpl-737b2755-c87f-4af6-b1f9-662dbe2214cd/datanode-4/data/ratis/500fb081-3b6b-4441-9f3a-939add6750f1
2019-07-03 22:21:22,906 INFO  server.RaftServerConfigKeys (ConfUtils.java:logGet(43)) - raft.server.log.statemachine.data.sync.timeout.retry = -1 (default)
2019-07-03 22:21:22,906 INFO  server.RaftServerConfigKeys (ConfUtils.java:logGet(43)) - raft.server.log.queue.element-limit = 1024 (custom)
2019-07-03 22:21:22,906 INFO  server.RaftServerConfigKeys (ConfUtils.java:logGet(43)) - raft.server.log.statemachine.data.caching.enabled = true (custom)
2019-07-03 22:21:22,906 INFO  server.RaftServerConfigKeys (ConfUtils.java:logGet(43)) - raft.server.log.queue.byte-limit = 2147483647 (custom)
2019-07-03 22:21:22,907 INFO  server.RaftServerConfigKeys (ConfUtils.java:logGet(43)) - raft.server.log.queue.element-limit = 1024 (custom)
2019-07-03 22:21:22,907 INFO  server.RaftServerConfigKeys (ConfUtils.java:logGet(43)) - raft.server.log.segment.size.max = 1048576 (custom)
2019-07-03 22:21:22,907 INFO  server.RaftServerConfigKeys (ConfUtils.java:logGet(43)) - raft.server.log.segment.size.max = 1048576 (custom)
2019-07-03 22:21:22,907 INFO  segmented.SegmentedRaftLogWorker (SegmentedRaftLogWorker.java:lambda$new$0(132)) - c2cd9d93-ce36-45e6-8c30-f7c322d7067d-SegmentedRaftLogWorker:Storage Directory /opt/src/hadoop-ozone/integration-test/target/test-dir/MiniOzoneClusterImpl-737b2755-c87f-4af6-b1f9-662dbe2214cd/datanode-5/data/ratis/500fb081-3b6b-4441-9f3a-939add6750f1: flushIndex: setUnconditionally 0 -> -1
2019-07-03 22:21:22,907 INFO  server.RaftServerConfigKeys (ConfUtils.java:logGet(43)) - raft.server.log.preallocated.size = 16384 (custom)
2019-07-03 22:21:22,908 INFO  server.RaftServerConfigKeys (ConfUtils.java:logGet(43)) - raft.server.log.write.buffer.size = 33554432 (custom)
2019-07-03 22:21:22,907 INFO  server.RaftServerConfigKeys (ConfUtils.java:logGet(43)) - raft.server.log.preallocated.size = 16384 (custom)
2019-07-03 22:21:22,908 INFO  server.RaftServerConfigKeys (ConfUtils.java:logGet(43)) - raft.server.log.force.sync.num = 128 (default)
2019-07-03 22:21:22,908 INFO  server.RaftServerConfigKeys (ConfUtils.java:logGet(43)) - raft.server.snapshot.auto.trigger.enabled = true (custom)
2019-07-03 22:21:22,908 INFO  server.RaftServerConfigKeys (ConfUtils.java:logGet(43)) - raft.server.log.statemachine.data.sync = true (default)
2019-07-03 22:21:22,909 INFO  server.RaftServerConfigKeys (ConfUtils.java:logGet(43)) - raft.server.log.statemachine.data.sync.timeout = 10s (default)
2019-07-03 22:21:22,908 INFO  server.RaftServerConfigKeys (ConfUtils.java:logGet(43)) - raft.server.log.write.buffer.size = 33554432 (custom)
2019-07-03 22:21:22,909 INFO  server.RaftServerConfigKeys (ConfUtils.java:logGet(43)) - raft.server.log.statemachine.data.sync.timeout.retry = -1 (default)
2019-07-03 22:21:22,908 INFO  server.RaftServerConfigKeys (ConfUtils.java:logGet(43)) - raft.server.snapshot.auto.trigger.threshold = 10000 (custom)
2019-07-03 22:21:22,909 INFO  server.RaftServerConfigKeys (ConfUtils.java:logGet(43)) - raft.server.log.statemachine.data.caching.enabled = true (custom)
2019-07-03 22:21:22,909 INFO  server.RaftServerConfigKeys (ConfUtils.java:logGet(43)) - raft.server.log.force.sync.num = 128 (default)
2019-07-03 22:21:22,910 INFO  segmented.SegmentedRaftLogWorker (SegmentedRaftLogWorker.java:lambda$new$0(132)) - 80ff6d79-52a3-49fc-aeb4-9644884541fb-SegmentedRaftLogWorker:Storage Directory /opt/src/hadoop-ozone/integration-test/target/test-dir/MiniOzoneClusterImpl-737b2755-c87f-4af6-b1f9-662dbe2214cd/datanode-4/data/ratis/500fb081-3b6b-4441-9f3a-939add6750f1: flushIndex: setUnconditionally 0 -> -1
2019-07-03 22:21:22,909 INFO  server.RaftServerConfigKeys (ConfUtils.java:logGet(43)) - raft.server.retrycache.expirytime = 600000ms (custom)
2019-07-03 22:21:22,910 INFO  server.RaftServerConfigKeys (ConfUtils.java:logGet(43)) - raft.server.log.statemachine.data.sync = true (default)
2019-07-03 22:21:22,910 INFO  impl.RaftServerImpl (RaftServerImpl.java:start(180)) - c2cd9d93-ce36-45e6-8c30-f7c322d7067d: start group-939ADD6750F1
2019-07-03 22:21:22,910 INFO  server.RaftServerConfigKeys (ConfUtils.java:logGet(43)) - raft.server.snapshot.auto.trigger.enabled = true (custom)
2019-07-03 22:21:22,910 INFO  impl.RaftServerImpl (RaftServerImpl.java:setRole(171)) - c2cd9d93-ce36-45e6-8c30-f7c322d7067d:group-939ADD6750F1 changes role from null to FOLLOWER at term 0 for startAsFollower
2019-07-03 22:21:22,910 INFO  server.RaftServerConfigKeys (ConfUtils.java:logGet(43)) - raft.server.log.statemachine.data.sync.timeout = 10s (default)
2019-07-03 22:21:22,911 INFO  impl.RoleInfo (RoleInfo.java:updateAndGet(143)) - c2cd9d93-ce36-45e6-8c30-f7c322d7067d: start FollowerState
2019-07-03 22:21:22,911 INFO  server.RaftServerConfigKeys (ConfUtils.java:logGet(43)) - raft.server.snapshot.auto.trigger.threshold = 10000 (custom)
2019-07-03 22:21:22,911 INFO  server.RaftServerConfigKeys (ConfUtils.java:logGet(43)) - raft.server.log.statemachine.data.sync.timeout.retry = -1 (default)
2019-07-03 22:21:22,911 INFO  server.RaftServerConfigKeys (ConfUtils.java:logGet(43)) - raft.server.retrycache.expirytime = 600000ms (custom)
2019-07-03 22:21:22,911 INFO  server.RaftServerConfigKeys (ConfUtils.java:logGet(43)) - raft.server.log.statemachine.data.caching.enabled = true (custom)
2019-07-03 22:21:22,911 INFO  util.JmxRegister (JmxRegister.java:tryRegister(44)) - Successfully registered JMX Bean with object name Ratis:service=RaftServer,group=group-939ADD6750F1,id=c2cd9d93-ce36-45e6-8c30-f7c322d7067d
2019-07-03 22:21:22,912 INFO  impl.RaftServerImpl (RaftServerImpl.java:start(180)) - 80ff6d79-52a3-49fc-aeb4-9644884541fb: start group-939ADD6750F1
2019-07-03 22:21:22,912 INFO  segmented.SegmentedRaftLogWorker (SegmentedRaftLogWorker.java:lambda$new$0(132)) - b6f622b3-376e-4582-b587-ae6ef97df5ee-SegmentedRaftLogWorker:Storage Directory /opt/src/hadoop-ozone/integration-test/target/test-dir/MiniOzoneClusterImpl-737b2755-c87f-4af6-b1f9-662dbe2214cd/datanode-3/data/ratis/500fb081-3b6b-4441-9f3a-939add6750f1: flushIndex: setUnconditionally 0 -> -1
2019-07-03 22:21:22,912 INFO  impl.RaftServerImpl (RaftServerImpl.java:setRole(171)) - 80ff6d79-52a3-49fc-aeb4-9644884541fb:group-939ADD6750F1 changes role from null to FOLLOWER at term 0 for startAsFollower
2019-07-03 22:21:22,912 INFO  server.RaftServerConfigKeys (ConfUtils.java:logGet(43)) - raft.server.snapshot.auto.trigger.enabled = true (custom)
2019-07-03 22:21:22,912 INFO  impl.RoleInfo (RoleInfo.java:updateAndGet(143)) - 80ff6d79-52a3-49fc-aeb4-9644884541fb: start FollowerState
2019-07-03 22:21:22,913 INFO  server.RaftServerConfigKeys (ConfUtils.java:logGet(43)) - raft.server.snapshot.auto.trigger.threshold = 10000 (custom)
2019-07-03 22:21:22,913 INFO  server.RaftServerConfigKeys (ConfUtils.java:logGet(43)) - raft.server.retrycache.expirytime = 600000ms (custom)
2019-07-03 22:21:22,913 INFO  util.JmxRegister (JmxRegister.java:tryRegister(44)) - Successfully registered JMX Bean with object name Ratis:service=RaftServer,group=group-939ADD6750F1,id=80ff6d79-52a3-49fc-aeb4-9644884541fb
2019-07-03 22:21:22,913 INFO  impl.RaftServerImpl (RaftServerImpl.java:start(180)) - b6f622b3-376e-4582-b587-ae6ef97df5ee: start group-939ADD6750F1
2019-07-03 22:21:22,913 INFO  impl.RaftServerImpl (RaftServerImpl.java:setRole(171)) - b6f622b3-376e-4582-b587-ae6ef97df5ee:group-939ADD6750F1 changes role from null to FOLLOWER at term 0 for startAsFollower
2019-07-03 22:21:22,914 INFO  impl.RoleInfo (RoleInfo.java:updateAndGet(143)) - b6f622b3-376e-4582-b587-ae6ef97df5ee: start FollowerState
2019-07-03 22:21:22,914 INFO  util.JmxRegister (JmxRegister.java:tryRegister(44)) - Successfully registered JMX Bean with object name Ratis:service=RaftServer,group=group-939ADD6750F1,id=b6f622b3-376e-4582-b587-ae6ef97df5ee
2019-07-03 22:21:22,918 INFO  pipeline.PipelineStateManager (PipelineStateManager.java:addPipeline(56)) - Created pipeline Pipeline[ Id: 500fb081-3b6b-4441-9f3a-939add6750f1, Nodes: b6f622b3-376e-4582-b587-ae6ef97df5ee{ip: 192.168.157.198, host: ozone-hdds-1735-npfgf-2442002169, networkLocation: /default-rack, certSerialId: null}80ff6d79-52a3-49fc-aeb4-9644884541fb{ip: 192.168.157.198, host: ozone-hdds-1735-npfgf-2442002169, networkLocation: /default-rack, certSerialId: null}c2cd9d93-ce36-45e6-8c30-f7c322d7067d{ip: 192.168.157.198, host: ozone-hdds-1735-npfgf-2442002169, networkLocation: /default-rack, certSerialId: null}, Type:RATIS, Factor:THREE, State:OPEN]
2019-07-03 22:21:22,946 INFO  ozone.MiniOzoneClusterImpl (MiniOzoneClusterImpl.java:lambda$waitForClusterToBeReady$0(142)) - Waiting for cluster to be ready. Got 6 of 7 DN Heartbeats.
2019-07-03 22:21:22,947 INFO  node.SCMNodeManager (SCMNodeManager.java:register(268)) - Registered Data node : 2410e211-5485-4791-80df-7d5992515081{ip: 192.168.157.198, host: ozone-hdds-1735-npfgf-2442002169, networkLocation: /default-rack, certSerialId: null}
2019-07-03 22:21:22,957 INFO  impl.RaftServerProxy (RaftServerProxy.java:addNew(89)) - 2410e211-5485-4791-80df-7d5992515081: addNew group-BBD45A6CECD7:[2410e211-5485-4791-80df-7d5992515081:192.168.157.198:45601] returns group-BBD45A6CECD7:java.util.concurrent.CompletableFuture@57201d[Not completed]
2019-07-03 22:21:22,958 INFO  impl.RaftServerImpl (RaftServerImpl.java:<init>(93)) - 2410e211-5485-4791-80df-7d5992515081: new RaftServerImpl for group-BBD45A6CECD7:[2410e211-5485-4791-80df-7d5992515081:192.168.157.198:45601] with ContainerStateMachine:uninitialized
2019-07-03 22:21:22,958 INFO  server.RaftServerConfigKeys (ConfUtils.java:logGet(43)) - raft.server.rpc.timeout.min = 1s (custom)
2019-07-03 22:21:22,959 INFO  server.RaftServerConfigKeys (ConfUtils.java:logGet(43)) - raft.server.rpc.timeout.max = 1200ms (custom)
2019-07-03 22:21:22,959 INFO  server.RaftServerConfigKeys (ConfUtils.java:logGet(43)) - raft.server.rpcslowness.timeout = 120s (custom)
2019-07-03 22:21:22,959 INFO  server.RaftServerConfigKeys (ConfUtils.java:logGet(43)) - raft.server.sleep.deviation.threshold = 300 (default)
2019-07-03 22:21:22,959 INFO  server.RaftServerConfigKeys (ConfUtils.java:logGet(43)) - raft.server.log.appender.install.snapshot.enabled = false (custom)
2019-07-03 22:21:22,959 INFO  impl.RaftServerImpl (ServerState.java:<init>(105)) - 2410e211-5485-4791-80df-7d5992515081:group-BBD45A6CECD7 ConfigurationManager, init=-1: [2410e211-5485-4791-80df-7d5992515081:192.168.157.198:45601], old=null, confs=<EMPTY_MAP>
2019-07-03 22:21:22,959 INFO  server.RaftServerConfigKeys (ConfUtils.java:logGet(43)) - raft.server.storage.dir = [/opt/src/hadoop-ozone/integration-test/target/test-dir/MiniOzoneClusterImpl-737b2755-c87f-4af6-b1f9-662dbe2214cd/datanode-6/data/ratis] (custom)
2019-07-03 22:21:22,960 INFO  storage.RaftStorageDirectory (RaftStorageDirectory.java:analyzeStorage(246)) - The storage directory /opt/src/hadoop-ozone/integration-test/target/test-dir/MiniOzoneClusterImpl-737b2755-c87f-4af6-b1f9-662dbe2214cd/datanode-6/data/ratis/8e77f357-6c31-4ca9-bc31-bbd45a6cecd7 does not exist. Creating ...
2019-07-03 22:21:22,974 INFO  storage.RaftStorageDirectory (RaftStorageDirectory.java:tryLock(328)) - Lock on /opt/src/hadoop-ozone/integration-test/target/test-dir/MiniOzoneClusterImpl-737b2755-c87f-4af6-b1f9-662dbe2214cd/datanode-6/data/ratis/8e77f357-6c31-4ca9-bc31-bbd45a6cecd7/in_use.lock acquired by nodename 9000@ozone-hdds-1735-npfgf-2442002169
2019-07-03 22:21:22,974 INFO  impl.FollowerState (FollowerState.java:run(106)) - 87cfe954-f73b-4338-b667-ddb9ab422782:group-4149844BDEDD changes to CANDIDATE, lastRpcTime:1107, electionTimeout:1107ms
2019-07-03 22:21:22,974 INFO  impl.RoleInfo (RoleInfo.java:shutdownFollowerState(121)) - 87cfe954-f73b-4338-b667-ddb9ab422782: shutdown FollowerState
2019-07-03 22:21:22,975 INFO  impl.RaftServerImpl (RaftServerImpl.java:setRole(171)) - 87cfe954-f73b-4338-b667-ddb9ab422782:group-4149844BDEDD changes role from FOLLOWER to CANDIDATE at term 0 for changeToCandidate
2019-07-03 22:21:22,975 INFO  impl.RoleInfo (RoleInfo.java:updateAndGet(143)) - 87cfe954-f73b-4338-b667-ddb9ab422782: start LeaderElection
2019-07-03 22:21:22,988 INFO  storage.RaftStorage (RaftStorage.java:format(72)) - Storage directory /opt/src/hadoop-ozone/integration-test/target/test-dir/MiniOzoneClusterImpl-737b2755-c87f-4af6-b1f9-662dbe2214cd/datanode-6/data/ratis/8e77f357-6c31-4ca9-bc31-bbd45a6cecd7 has been successfully formatted.
2019-07-03 22:21:22,988 INFO  impl.LeaderElection (LeaderElection.java:askForVotes(181)) - 87cfe954-f73b-4338-b667-ddb9ab422782:group-4149844BDEDD:LeaderElection31: begin an election at term 1 for -1: [87cfe954-f73b-4338-b667-ddb9ab422782:192.168.157.198:33182], old=null
2019-07-03 22:21:22,988 INFO  ratis.ContainerStateMachine (ContainerStateMachine.java:loadSnapshot(198)) - The snapshot info is null.Setting the last applied index to:(t:0, i:~)
2019-07-03 22:21:22,988 INFO  impl.RoleInfo (RoleInfo.java:shutdownLeaderElection(134)) - 87cfe954-f73b-4338-b667-ddb9ab422782: shutdown LeaderElection
2019-07-03 22:21:22,989 INFO  server.RaftServerConfigKeys (ConfUtils.java:logGet(43)) - raft.server.leader.election.timeout = 120s (custom)
2019-07-03 22:21:22,989 INFO  impl.RaftServerImpl (RaftServerImpl.java:setRole(171)) - 87cfe954-f73b-4338-b667-ddb9ab422782:group-4149844BDEDD changes role from CANDIDATE to LEADER at term 1 for changeToLeader
2019-07-03 22:21:22,989 INFO  server.RaftServerConfigKeys (ConfUtils.java:logGet(43)) - raft.server.log.use.memory = false (default)
2019-07-03 22:21:22,989 INFO  impl.RaftServerImpl (ServerState.java:setLeader(263)) - 87cfe954-f73b-4338-b667-ddb9ab422782:group-4149844BDEDD change Leader from null to 87cfe954-f73b-4338-b667-ddb9ab422782 at term 1 for becomeLeader, leader elected after 1126ms
2019-07-03 22:21:22,989 INFO  server.RaftServerConfigKeys (ConfUtils.java:logGet(43)) - raft.server.log.purge.gap = 1000000000 (custom)
2019-07-03 22:21:22,989 INFO  server.RaftServerConfigKeys (ConfUtils.java:logGet(43)) - raft.server.staging.catchup.gap = 1000 (default)
2019-07-03 22:21:22,989 INFO  server.RaftServerConfigKeys (ConfUtils.java:logGet(43)) - raft.server.log.appender.buffer.byte-limit = 33554432 (custom)
2019-07-03 22:21:22,990 INFO  server.RaftServerConfigKeys (ConfUtils.java:logGet(43)) - raft.server.rpc.sleep.time = 25ms (default)
2019-07-03 22:21:22,990 INFO  server.RaftServerConfigKeys (ConfUtils.java:logGet(43)) - raft.server.log.segment.size.max = 1048576 (custom)
2019-07-03 22:21:22,990 INFO  server.RaftServerConfigKeys (ConfUtils.java:logGet(43)) - raft.server.write.element-limit = 4096 (default)
2019-07-03 22:21:22,990 INFO  server.RaftServerConfigKeys (ConfUtils.java:logGet(43)) - raft.server.log.segment.cache.num.max = 2 (custom)
2019-07-03 22:21:22,990 INFO  server.RaftServerConfigKeys (ConfUtils.java:logGet(43)) - raft.server.watch.timeout = 10s (default)
2019-07-03 22:21:22,990 INFO  segmented.SegmentedRaftLogWorker (SegmentedRaftLogWorker.java:<init>(172)) - new 2410e211-5485-4791-80df-7d5992515081-SegmentedRaftLogWorker:Storage Directory /opt/src/hadoop-ozone/integration-test/target/test-dir/MiniOzoneClusterImpl-737b2755-c87f-4af6-b1f9-662dbe2214cd/datanode-6/data/ratis/8e77f357-6c31-4ca9-bc31-bbd45a6cecd7 for RaftStorage:Storage Directory /opt/src/hadoop-ozone/integration-test/target/test-dir/MiniOzoneClusterImpl-737b2755-c87f-4af6-b1f9-662dbe2214cd/datanode-6/data/ratis/8e77f357-6c31-4ca9-bc31-bbd45a6cecd7
2019-07-03 22:21:22,991 INFO  server.RaftServerConfigKeys (ConfUtils.java:logGet(43)) - raft.server.watch.timeout.denomination = 1s (default)
2019-07-03 22:21:22,991 INFO  server.RaftServerConfigKeys (ConfUtils.java:logGet(43)) - raft.server.log.queue.byte-limit = 2147483647 (custom)
2019-07-03 22:21:22,991 INFO  server.RaftServerConfigKeys (ConfUtils.java:logGet(43)) - raft.server.watch.element-limit = 65536 (default)
2019-07-03 22:21:22,991 INFO  server.RaftServerConfigKeys (ConfUtils.java:logGet(43)) - raft.server.log.queue.element-limit = 1024 (custom)
2019-07-03 22:21:22,991 INFO  impl.RoleInfo (RoleInfo.java:updateAndGet(143)) - 87cfe954-f73b-4338-b667-ddb9ab422782: start LeaderState
2019-07-03 22:21:22,991 INFO  server.RaftServerConfigKeys (ConfUtils.java:logGet(43)) - raft.server.log.segment.size.max = 1048576 (custom)
2019-07-03 22:21:22,992 INFO  server.RaftServerConfigKeys (ConfUtils.java:logGet(43)) - raft.server.log.preallocated.size = 16384 (custom)
2019-07-03 22:21:22,992 INFO  segmented.SegmentedRaftLogWorker (SegmentedRaftLogWorker.java:startLogSegment(380)) - 87cfe954-f73b-4338-b667-ddb9ab422782-SegmentedRaftLogWorker:Storage Directory /opt/src/hadoop-ozone/integration-test/target/test-dir/MiniOzoneClusterImpl-737b2755-c87f-4af6-b1f9-662dbe2214cd/datanode-0/data/ratis/983bf3b7-5b5b-417f-a981-4149844bdedd: Starting segment from index:0
2019-07-03 22:21:22,992 INFO  server.RaftServerConfigKeys (ConfUtils.java:logGet(43)) - raft.server.log.write.buffer.size = 33554432 (custom)
2019-07-03 22:21:22,992 INFO  server.RaftServerConfigKeys (ConfUtils.java:logGet(43)) - raft.server.log.force.sync.num = 128 (default)
2019-07-03 22:21:22,992 INFO  server.RaftServerConfigKeys (ConfUtils.java:logGet(43)) - raft.server.log.statemachine.data.sync = true (default)
2019-07-03 22:21:22,992 INFO  server.RaftServerConfigKeys (ConfUtils.java:logGet(43)) - raft.server.log.statemachine.data.sync.timeout = 10s (default)
2019-07-03 22:21:22,992 INFO  impl.RaftServerImpl (ServerState.java:setRaftConf(361)) - 87cfe954-f73b-4338-b667-ddb9ab422782:group-4149844BDEDD set configuration 0: [87cfe954-f73b-4338-b667-ddb9ab422782:192.168.157.198:33182], old=null at 0
2019-07-03 22:21:22,993 INFO  server.RaftServerConfigKeys (ConfUtils.java:logGet(43)) - raft.server.log.statemachine.data.sync.timeout.retry = -1 (default)
2019-07-03 22:21:22,993 INFO  server.RaftServerConfigKeys (ConfUtils.java:logGet(43)) - raft.server.log.statemachine.data.caching.enabled = true (custom)
2019-07-03 22:21:22,993 INFO  segmented.SegmentedRaftLogWorker (SegmentedRaftLogWorker.java:lambda$new$0(132)) - 2410e211-5485-4791-80df-7d5992515081-SegmentedRaftLogWorker:Storage Directory /opt/src/hadoop-ozone/integration-test/target/test-dir/MiniOzoneClusterImpl-737b2755-c87f-4af6-b1f9-662dbe2214cd/datanode-6/data/ratis/8e77f357-6c31-4ca9-bc31-bbd45a6cecd7: flushIndex: setUnconditionally 0 -> -1
2019-07-03 22:21:22,994 INFO  server.RaftServerConfigKeys (ConfUtils.java:logGet(43)) - raft.server.snapshot.auto.trigger.enabled = true (custom)
2019-07-03 22:21:22,994 INFO  server.RaftServerConfigKeys (ConfUtils.java:logGet(43)) - raft.server.snapshot.auto.trigger.threshold = 10000 (custom)
2019-07-03 22:21:22,994 INFO  server.RaftServerConfigKeys (ConfUtils.java:logGet(43)) - raft.server.retrycache.expirytime = 600000ms (custom)
2019-07-03 22:21:22,994 INFO  impl.RaftServerImpl (RaftServerImpl.java:start(180)) - 2410e211-5485-4791-80df-7d5992515081: start group-BBD45A6CECD7
2019-07-03 22:21:22,994 INFO  impl.RaftServerImpl (RaftServerImpl.java:setRole(171)) - 2410e211-5485-4791-80df-7d5992515081:group-BBD45A6CECD7 changes role from null to FOLLOWER at term 0 for startAsFollower
2019-07-03 22:21:22,994 INFO  impl.RoleInfo (RoleInfo.java:updateAndGet(143)) - 2410e211-5485-4791-80df-7d5992515081: start FollowerState
2019-07-03 22:21:22,995 INFO  util.JmxRegister (JmxRegister.java:tryRegister(44)) - Successfully registered JMX Bean with object name Ratis:service=RaftServer,group=group-BBD45A6CECD7,id=2410e211-5485-4791-80df-7d5992515081
2019-07-03 22:21:22,998 INFO  pipeline.PipelineStateManager (PipelineStateManager.java:addPipeline(56)) - Created pipeline Pipeline[ Id: 8e77f357-6c31-4ca9-bc31-bbd45a6cecd7, Nodes: 2410e211-5485-4791-80df-7d5992515081{ip: 192.168.157.198, host: ozone-hdds-1735-npfgf-2442002169, networkLocation: /default-rack, certSerialId: null}, Type:RATIS, Factor:ONE, State:OPEN]
2019-07-03 22:21:23,025 INFO  segmented.SegmentedRaftLogWorker (SegmentedRaftLogWorker.java:execute(569)) - 87cfe954-f73b-4338-b667-ddb9ab422782-SegmentedRaftLogWorker:Storage Directory /opt/src/hadoop-ozone/integration-test/target/test-dir/MiniOzoneClusterImpl-737b2755-c87f-4af6-b1f9-662dbe2214cd/datanode-0/data/ratis/983bf3b7-5b5b-417f-a981-4149844bdedd: created new log segment /opt/src/hadoop-ozone/integration-test/target/test-dir/MiniOzoneClusterImpl-737b2755-c87f-4af6-b1f9-662dbe2214cd/datanode-0/data/ratis/983bf3b7-5b5b-417f-a981-4149844bdedd/current/log_inprogress_0
2019-07-03 22:21:23,253 INFO  impl.FollowerState (FollowerState.java:run(106)) - 1e752786-2ac8-4902-8fcc-43fce6129c02:group-4B79AC403320 changes to CANDIDATE, lastRpcTime:1169, electionTimeout:1169ms
2019-07-03 22:21:23,253 INFO  impl.RoleInfo (RoleInfo.java:shutdownFollowerState(121)) - 1e752786-2ac8-4902-8fcc-43fce6129c02: shutdown FollowerState
2019-07-03 22:21:23,254 INFO  impl.RaftServerImpl (RaftServerImpl.java:setRole(171)) - 1e752786-2ac8-4902-8fcc-43fce6129c02:group-4B79AC403320 changes role from FOLLOWER to CANDIDATE at term 0 for changeToCandidate
2019-07-03 22:21:23,254 INFO  impl.RoleInfo (RoleInfo.java:updateAndGet(143)) - 1e752786-2ac8-4902-8fcc-43fce6129c02: start LeaderElection
2019-07-03 22:21:23,275 INFO  impl.LeaderElection (LeaderElection.java:askForVotes(181)) - 1e752786-2ac8-4902-8fcc-43fce6129c02:group-4B79AC403320:LeaderElection32: begin an election at term 1 for -1: [1e752786-2ac8-4902-8fcc-43fce6129c02:192.168.157.198:34154], old=null
2019-07-03 22:21:23,275 INFO  impl.RoleInfo (RoleInfo.java:shutdownLeaderElection(134)) - 1e752786-2ac8-4902-8fcc-43fce6129c02: shutdown LeaderElection
2019-07-03 22:21:23,275 INFO  impl.RaftServerImpl (RaftServerImpl.java:setRole(171)) - 1e752786-2ac8-4902-8fcc-43fce6129c02:group-4B79AC403320 changes role from CANDIDATE to LEADER at term 1 for changeToLeader
2019-07-03 22:21:23,275 INFO  impl.RaftServerImpl (ServerState.java:setLeader(263)) - 1e752786-2ac8-4902-8fcc-43fce6129c02:group-4B79AC403320 change Leader from null to 1e752786-2ac8-4902-8fcc-43fce6129c02 at term 1 for becomeLeader, leader elected after 1196ms
2019-07-03 22:21:23,276 INFO  server.RaftServerConfigKeys (ConfUtils.java:logGet(43)) - raft.server.staging.catchup.gap = 1000 (default)
2019-07-03 22:21:23,276 INFO  server.RaftServerConfigKeys (ConfUtils.java:logGet(43)) - raft.server.rpc.sleep.time = 25ms (default)
2019-07-03 22:21:23,276 INFO  server.RaftServerConfigKeys (ConfUtils.java:logGet(43)) - raft.server.write.element-limit = 4096 (default)
2019-07-03 22:21:23,276 INFO  server.RaftServerConfigKeys (ConfUtils.java:logGet(43)) - raft.server.watch.timeout = 10s (default)
2019-07-03 22:21:23,276 INFO  server.RaftServerConfigKeys (ConfUtils.java:logGet(43)) - raft.server.watch.timeout.denomination = 1s (default)
2019-07-03 22:21:23,276 INFO  server.RaftServerConfigKeys (ConfUtils.java:logGet(43)) - raft.server.watch.element-limit = 65536 (default)
2019-07-03 22:21:23,277 INFO  impl.RoleInfo (RoleInfo.java:updateAndGet(143)) - 1e752786-2ac8-4902-8fcc-43fce6129c02: start LeaderState
2019-07-03 22:21:23,277 INFO  segmented.SegmentedRaftLogWorker (SegmentedRaftLogWorker.java:startLogSegment(380)) - 1e752786-2ac8-4902-8fcc-43fce6129c02-SegmentedRaftLogWorker:Storage Directory /opt/src/hadoop-ozone/integration-test/target/test-dir/MiniOzoneClusterImpl-737b2755-c87f-4af6-b1f9-662dbe2214cd/datanode-1/data/ratis/87ff74c2-291f-4733-9aa4-4b79ac403320: Starting segment from index:0
2019-07-03 22:21:23,277 INFO  impl.RaftServerImpl (ServerState.java:setRaftConf(361)) - 1e752786-2ac8-4902-8fcc-43fce6129c02:group-4B79AC403320 set configuration 0: [1e752786-2ac8-4902-8fcc-43fce6129c02:192.168.157.198:34154], old=null at 0
2019-07-03 22:21:23,310 INFO  segmented.SegmentedRaftLogWorker (SegmentedRaftLogWorker.java:execute(569)) - 1e752786-2ac8-4902-8fcc-43fce6129c02-SegmentedRaftLogWorker:Storage Directory /opt/src/hadoop-ozone/integration-test/target/test-dir/MiniOzoneClusterImpl-737b2755-c87f-4af6-b1f9-662dbe2214cd/datanode-1/data/ratis/87ff74c2-291f-4733-9aa4-4b79ac403320: created new log segment /opt/src/hadoop-ozone/integration-test/target/test-dir/MiniOzoneClusterImpl-737b2755-c87f-4af6-b1f9-662dbe2214cd/datanode-1/data/ratis/87ff74c2-291f-4733-9aa4-4b79ac403320/current/log_inprogress_0
2019-07-03 22:21:23,365 INFO  impl.FollowerState (FollowerState.java:run(106)) - 1e752786-2ac8-4902-8fcc-43fce6129c02:group-39D97B489EF2 changes to CANDIDATE, lastRpcTime:1015, electionTimeout:1015ms
2019-07-03 22:21:23,365 INFO  impl.RoleInfo (RoleInfo.java:shutdownFollowerState(121)) - 1e752786-2ac8-4902-8fcc-43fce6129c02: shutdown FollowerState
2019-07-03 22:21:23,365 INFO  impl.RaftServerImpl (RaftServerImpl.java:setRole(171)) - 1e752786-2ac8-4902-8fcc-43fce6129c02:group-39D97B489EF2 changes role from FOLLOWER to CANDIDATE at term 0 for changeToCandidate
2019-07-03 22:21:23,365 INFO  impl.RoleInfo (RoleInfo.java:updateAndGet(143)) - 1e752786-2ac8-4902-8fcc-43fce6129c02: start LeaderElection
2019-07-03 22:21:23,385 INFO  impl.LeaderElection (LeaderElection.java:askForVotes(181)) - 1e752786-2ac8-4902-8fcc-43fce6129c02:group-39D97B489EF2:LeaderElection33: begin an election at term 1 for -1: [d3698b3f-1344-4ce7-a2e3-7ee27cbcefb9:192.168.157.198:40328, 87cfe954-f73b-4338-b667-ddb9ab422782:192.168.157.198:33182, 1e752786-2ac8-4902-8fcc-43fce6129c02:192.168.157.198:34154], old=null
2019-07-03 22:21:23,408 INFO  impl.RaftServerImpl (RaftServerImpl.java:setRole(171)) - d3698b3f-1344-4ce7-a2e3-7ee27cbcefb9:group-39D97B489EF2 changes role from FOLLOWER to FOLLOWER at term 1 for recognizeCandidate:1e752786-2ac8-4902-8fcc-43fce6129c02
2019-07-03 22:21:23,409 INFO  impl.RoleInfo (RoleInfo.java:shutdownFollowerState(121)) - d3698b3f-1344-4ce7-a2e3-7ee27cbcefb9: shutdown FollowerState
2019-07-03 22:21:23,408 INFO  impl.RaftServerImpl (RaftServerImpl.java:setRole(171)) - 87cfe954-f73b-4338-b667-ddb9ab422782:group-39D97B489EF2 changes role from FOLLOWER to FOLLOWER at term 1 for recognizeCandidate:1e752786-2ac8-4902-8fcc-43fce6129c02
2019-07-03 22:21:23,409 INFO  impl.FollowerState (FollowerState.java:run(114)) - d3698b3f-1344-4ce7-a2e3-7ee27cbcefb9: FollowerState was interrupted: java.lang.InterruptedException: sleep interrupted
2019-07-03 22:21:23,409 INFO  impl.RoleInfo (RoleInfo.java:updateAndGet(143)) - d3698b3f-1344-4ce7-a2e3-7ee27cbcefb9: start FollowerState
2019-07-03 22:21:23,409 INFO  impl.RoleInfo (RoleInfo.java:shutdownFollowerState(121)) - 87cfe954-f73b-4338-b667-ddb9ab422782: shutdown FollowerState
2019-07-03 22:21:23,410 INFO  impl.RoleInfo (RoleInfo.java:updateAndGet(143)) - 87cfe954-f73b-4338-b667-ddb9ab422782: start FollowerState
2019-07-03 22:21:23,410 INFO  impl.FollowerState (FollowerState.java:run(114)) - 87cfe954-f73b-4338-b667-ddb9ab422782: FollowerState was interrupted: java.lang.InterruptedException: sleep interrupted
2019-07-03 22:21:23,425 INFO  impl.LeaderElection (LeaderElection.java:logAndReturn(56)) - 1e752786-2ac8-4902-8fcc-43fce6129c02:group-39D97B489EF2:LeaderElection33: Election PASSED; received 1 response(s) [1e752786-2ac8-4902-8fcc-43fce6129c02<-87cfe954-f73b-4338-b667-ddb9ab422782#0:OK-t1] and 0 exception(s); 1e752786-2ac8-4902-8fcc-43fce6129c02:t1, leader=null, voted=1e752786-2ac8-4902-8fcc-43fce6129c02, raftlog=1e752786-2ac8-4902-8fcc-43fce6129c02-SegmentedRaftLog:OPENED:c-1,f-1,i0, conf=-1: [d3698b3f-1344-4ce7-a2e3-7ee27cbcefb9:192.168.157.198:40328, 87cfe954-f73b-4338-b667-ddb9ab422782:192.168.157.198:33182, 1e752786-2ac8-4902-8fcc-43fce6129c02:192.168.157.198:34154], old=null
2019-07-03 22:21:23,425 INFO  impl.RoleInfo (RoleInfo.java:shutdownLeaderElection(134)) - 1e752786-2ac8-4902-8fcc-43fce6129c02: shutdown LeaderElection
2019-07-03 22:21:23,425 INFO  impl.RaftServerImpl (RaftServerImpl.java:setRole(171)) - 1e752786-2ac8-4902-8fcc-43fce6129c02:group-39D97B489EF2 changes role from CANDIDATE to LEADER at term 1 for changeToLeader
2019-07-03 22:21:23,425 INFO  impl.RaftServerImpl (ServerState.java:setLeader(263)) - 1e752786-2ac8-4902-8fcc-43fce6129c02:group-39D97B489EF2 change Leader from null to 1e752786-2ac8-4902-8fcc-43fce6129c02 at term 1 for becomeLeader, leader elected after 1088ms
2019-07-03 22:21:23,426 INFO  server.RaftServerConfigKeys (ConfUtils.java:logGet(43)) - raft.server.staging.catchup.gap = 1000 (default)
2019-07-03 22:21:23,426 INFO  server.RaftServerConfigKeys (ConfUtils.java:logGet(43)) - raft.server.rpc.sleep.time = 25ms (default)
2019-07-03 22:21:23,426 INFO  server.RaftServerConfigKeys (ConfUtils.java:logGet(43)) - raft.server.write.element-limit = 4096 (default)
2019-07-03 22:21:23,426 INFO  server.RaftServerConfigKeys (ConfUtils.java:logGet(43)) - raft.server.watch.timeout = 10s (default)
2019-07-03 22:21:23,426 INFO  server.RaftServerConfigKeys (ConfUtils.java:logGet(43)) - raft.server.watch.timeout.denomination = 1s (default)
2019-07-03 22:21:23,426 INFO  server.RaftServerConfigKeys (ConfUtils.java:logGet(43)) - raft.server.watch.element-limit = 65536 (default)
2019-07-03 22:21:23,427 INFO  server.RaftServerConfigKeys (ConfUtils.java:logGet(43)) - raft.server.log.appender.snapshot.chunk.size.max = 16MB (=16777216) (default)
2019-07-03 22:21:23,427 INFO  server.RaftServerConfigKeys (ConfUtils.java:logGet(43)) - raft.server.log.appender.buffer.byte-limit = 33554432 (custom)
2019-07-03 22:21:23,427 INFO  server.RaftServerConfigKeys (ConfUtils.java:logGet(43)) - raft.server.log.appender.buffer.element-limit = 1 (custom)
2019-07-03 22:21:23,427 INFO  grpc.GrpcConfigKeys$Server (ConfUtils.java:logGet(43)) - raft.grpc.server.leader.outstanding.appends.max = 128 (default)
2019-07-03 22:21:23,427 INFO  server.RaftServerConfigKeys (ConfUtils.java:logGet(43)) - raft.server.rpc.request.timeout = 3000ms (default)
2019-07-03 22:21:23,428 INFO  server.RaftServerConfigKeys (ConfUtils.java:logGet(43)) - raft.server.log.appender.install.snapshot.enabled = false (custom)
2019-07-03 22:21:23,428 INFO  server.RaftServerConfigKeys (ConfUtils.java:logGet(43)) - raft.server.log.appender.snapshot.chunk.size.max = 16MB (=16777216) (default)
2019-07-03 22:21:23,428 INFO  server.RaftServerConfigKeys (ConfUtils.java:logGet(43)) - raft.server.log.appender.buffer.byte-limit = 33554432 (custom)
2019-07-03 22:21:23,428 INFO  server.RaftServerConfigKeys (ConfUtils.java:logGet(43)) - raft.server.log.appender.buffer.element-limit = 1 (custom)
2019-07-03 22:21:23,428 INFO  grpc.GrpcConfigKeys$Server (ConfUtils.java:logGet(43)) - raft.grpc.server.leader.outstanding.appends.max = 128 (default)
2019-07-03 22:21:23,428 INFO  server.RaftServerConfigKeys (ConfUtils.java:logGet(43)) - raft.server.rpc.request.timeout = 3000ms (default)
2019-07-03 22:21:23,429 INFO  server.RaftServerConfigKeys (ConfUtils.java:logGet(43)) - raft.server.log.appender.install.snapshot.enabled = false (custom)
2019-07-03 22:21:23,429 INFO  impl.RoleInfo (RoleInfo.java:updateAndGet(143)) - 1e752786-2ac8-4902-8fcc-43fce6129c02: start LeaderState
2019-07-03 22:21:23,429 INFO  segmented.SegmentedRaftLogWorker (SegmentedRaftLogWorker.java:startLogSegment(380)) - 1e752786-2ac8-4902-8fcc-43fce6129c02-SegmentedRaftLogWorker:Storage Directory /opt/src/hadoop-ozone/integration-test/target/test-dir/MiniOzoneClusterImpl-737b2755-c87f-4af6-b1f9-662dbe2214cd/datanode-1/data/ratis/482d53f3-533a-4aee-bfd0-39d97b489ef2: Starting segment from index:0
2019-07-03 22:21:23,430 INFO  impl.RaftServerImpl (ServerState.java:setRaftConf(361)) - 1e752786-2ac8-4902-8fcc-43fce6129c02:group-39D97B489EF2 set configuration 0: [d3698b3f-1344-4ce7-a2e3-7ee27cbcefb9:192.168.157.198:40328, 87cfe954-f73b-4338-b667-ddb9ab422782:192.168.157.198:33182, 1e752786-2ac8-4902-8fcc-43fce6129c02:192.168.157.198:34154], old=null at 0
2019-07-03 22:21:23,451 INFO  impl.RaftServerImpl (ServerState.java:setLeader(263)) - d3698b3f-1344-4ce7-a2e3-7ee27cbcefb9:group-39D97B489EF2 change Leader from null to 1e752786-2ac8-4902-8fcc-43fce6129c02 at term 1 for appendEntries, leader elected after 1115ms
2019-07-03 22:21:23,451 INFO  impl.RaftServerImpl (ServerState.java:setLeader(263)) - 87cfe954-f73b-4338-b667-ddb9ab422782:group-39D97B489EF2 change Leader from null to 1e752786-2ac8-4902-8fcc-43fce6129c02 at term 1 for appendEntries, leader elected after 1114ms
2019-07-03 22:21:23,455 INFO  impl.RaftServerImpl (ServerState.java:setRaftConf(361)) - 87cfe954-f73b-4338-b667-ddb9ab422782:group-39D97B489EF2 set configuration 0: [d3698b3f-1344-4ce7-a2e3-7ee27cbcefb9:192.168.157.198:40328, 87cfe954-f73b-4338-b667-ddb9ab422782:192.168.157.198:33182, 1e752786-2ac8-4902-8fcc-43fce6129c02:192.168.157.198:34154], old=null at 0
2019-07-03 22:21:23,455 INFO  impl.RaftServerImpl (ServerState.java:setRaftConf(361)) - d3698b3f-1344-4ce7-a2e3-7ee27cbcefb9:group-39D97B489EF2 set configuration 0: [d3698b3f-1344-4ce7-a2e3-7ee27cbcefb9:192.168.157.198:40328, 87cfe954-f73b-4338-b667-ddb9ab422782:192.168.157.198:33182, 1e752786-2ac8-4902-8fcc-43fce6129c02:192.168.157.198:34154], old=null at 0
2019-07-03 22:21:23,455 INFO  segmented.SegmentedRaftLogWorker (SegmentedRaftLogWorker.java:startLogSegment(380)) - 87cfe954-f73b-4338-b667-ddb9ab422782-SegmentedRaftLogWorker:Storage Directory /opt/src/hadoop-ozone/integration-test/target/test-dir/MiniOzoneClusterImpl-737b2755-c87f-4af6-b1f9-662dbe2214cd/datanode-0/data/ratis/482d53f3-533a-4aee-bfd0-39d97b489ef2: Starting segment from index:0
2019-07-03 22:21:23,456 INFO  segmented.SegmentedRaftLogWorker (SegmentedRaftLogWorker.java:startLogSegment(380)) - d3698b3f-1344-4ce7-a2e3-7ee27cbcefb9-SegmentedRaftLogWorker:Storage Directory /opt/src/hadoop-ozone/integration-test/target/test-dir/MiniOzoneClusterImpl-737b2755-c87f-4af6-b1f9-662dbe2214cd/datanode-2/data/ratis/482d53f3-533a-4aee-bfd0-39d97b489ef2: Starting segment from index:0
2019-07-03 22:21:23,465 INFO  segmented.SegmentedRaftLogWorker (SegmentedRaftLogWorker.java:execute(569)) - 1e752786-2ac8-4902-8fcc-43fce6129c02-SegmentedRaftLogWorker:Storage Directory /opt/src/hadoop-ozone/integration-test/target/test-dir/MiniOzoneClusterImpl-737b2755-c87f-4af6-b1f9-662dbe2214cd/datanode-1/data/ratis/482d53f3-533a-4aee-bfd0-39d97b489ef2: created new log segment /opt/src/hadoop-ozone/integration-test/target/test-dir/MiniOzoneClusterImpl-737b2755-c87f-4af6-b1f9-662dbe2214cd/datanode-1/data/ratis/482d53f3-533a-4aee-bfd0-39d97b489ef2/current/log_inprogress_0
2019-07-03 22:21:23,465 INFO  impl.FollowerState (FollowerState.java:run(106)) - d3698b3f-1344-4ce7-a2e3-7ee27cbcefb9:group-94ADBC09E7F8 changes to CANDIDATE, lastRpcTime:1200, electionTimeout:1200ms
2019-07-03 22:21:23,465 INFO  impl.RoleInfo (RoleInfo.java:shutdownFollowerState(121)) - d3698b3f-1344-4ce7-a2e3-7ee27cbcefb9: shutdown FollowerState
2019-07-03 22:21:23,465 INFO  impl.RaftServerImpl (RaftServerImpl.java:setRole(171)) - d3698b3f-1344-4ce7-a2e3-7ee27cbcefb9:group-94ADBC09E7F8 changes role from FOLLOWER to CANDIDATE at term 0 for changeToCandidate
2019-07-03 22:21:23,465 INFO  impl.RoleInfo (RoleInfo.java:updateAndGet(143)) - d3698b3f-1344-4ce7-a2e3-7ee27cbcefb9: start LeaderElection
2019-07-03 22:21:23,497 INFO  segmented.SegmentedRaftLogWorker (SegmentedRaftLogWorker.java:execute(569)) - 87cfe954-f73b-4338-b667-ddb9ab422782-SegmentedRaftLogWorker:Storage Directory /opt/src/hadoop-ozone/integration-test/target/test-dir/MiniOzoneClusterImpl-737b2755-c87f-4af6-b1f9-662dbe2214cd/datanode-0/data/ratis/482d53f3-533a-4aee-bfd0-39d97b489ef2: created new log segment /opt/src/hadoop-ozone/integration-test/target/test-dir/MiniOzoneClusterImpl-737b2755-c87f-4af6-b1f9-662dbe2214cd/datanode-0/data/ratis/482d53f3-533a-4aee-bfd0-39d97b489ef2/current/log_inprogress_0
2019-07-03 22:21:23,497 INFO  impl.LeaderElection (LeaderElection.java:askForVotes(181)) - d3698b3f-1344-4ce7-a2e3-7ee27cbcefb9:group-94ADBC09E7F8:LeaderElection34: begin an election at term 1 for -1: [d3698b3f-1344-4ce7-a2e3-7ee27cbcefb9:192.168.157.198:40328], old=null
2019-07-03 22:21:23,497 INFO  segmented.SegmentedRaftLogWorker (SegmentedRaftLogWorker.java:execute(569)) - d3698b3f-1344-4ce7-a2e3-7ee27cbcefb9-SegmentedRaftLogWorker:Storage Directory /opt/src/hadoop-ozone/integration-test/target/test-dir/MiniOzoneClusterImpl-737b2755-c87f-4af6-b1f9-662dbe2214cd/datanode-2/data/ratis/482d53f3-533a-4aee-bfd0-39d97b489ef2: created new log segment /opt/src/hadoop-ozone/integration-test/target/test-dir/MiniOzoneClusterImpl-737b2755-c87f-4af6-b1f9-662dbe2214cd/datanode-2/data/ratis/482d53f3-533a-4aee-bfd0-39d97b489ef2/current/log_inprogress_0
2019-07-03 22:21:23,497 INFO  impl.RoleInfo (RoleInfo.java:shutdownLeaderElection(134)) - d3698b3f-1344-4ce7-a2e3-7ee27cbcefb9: shutdown LeaderElection
2019-07-03 22:21:23,498 INFO  impl.RaftServerImpl (RaftServerImpl.java:setRole(171)) - d3698b3f-1344-4ce7-a2e3-7ee27cbcefb9:group-94ADBC09E7F8 changes role from CANDIDATE to LEADER at term 1 for changeToLeader
2019-07-03 22:21:23,498 INFO  impl.RaftServerImpl (ServerState.java:setLeader(263)) - d3698b3f-1344-4ce7-a2e3-7ee27cbcefb9:group-94ADBC09E7F8 change Leader from null to d3698b3f-1344-4ce7-a2e3-7ee27cbcefb9 at term 1 for becomeLeader, leader elected after 1239ms
2019-07-03 22:21:23,498 INFO  server.RaftServerConfigKeys (ConfUtils.java:logGet(43)) - raft.server.staging.catchup.gap = 1000 (default)
2019-07-03 22:21:23,498 INFO  server.RaftServerConfigKeys (ConfUtils.java:logGet(43)) - raft.server.rpc.sleep.time = 25ms (default)
2019-07-03 22:21:23,498 INFO  server.RaftServerConfigKeys (ConfUtils.java:logGet(43)) - raft.server.write.element-limit = 4096 (default)
2019-07-03 22:21:23,499 INFO  server.RaftServerConfigKeys (ConfUtils.java:logGet(43)) - raft.server.watch.timeout = 10s (default)
2019-07-03 22:21:23,499 INFO  server.RaftServerConfigKeys (ConfUtils.java:logGet(43)) - raft.server.watch.timeout.denomination = 1s (default)
2019-07-03 22:21:23,499 INFO  server.RaftServerConfigKeys (ConfUtils.java:logGet(43)) - raft.server.watch.element-limit = 65536 (default)
2019-07-03 22:21:23,499 INFO  impl.RoleInfo (RoleInfo.java:updateAndGet(143)) - d3698b3f-1344-4ce7-a2e3-7ee27cbcefb9: start LeaderState
2019-07-03 22:21:23,499 INFO  segmented.SegmentedRaftLogWorker (SegmentedRaftLogWorker.java:startLogSegment(380)) - d3698b3f-1344-4ce7-a2e3-7ee27cbcefb9-SegmentedRaftLogWorker:Storage Directory /opt/src/hadoop-ozone/integration-test/target/test-dir/MiniOzoneClusterImpl-737b2755-c87f-4af6-b1f9-662dbe2214cd/datanode-2/data/ratis/887e7f39-f606-469e-8e04-94adbc09e7f8: Starting segment from index:0
2019-07-03 22:21:23,500 INFO  impl.RaftServerImpl (ServerState.java:setRaftConf(361)) - d3698b3f-1344-4ce7-a2e3-7ee27cbcefb9:group-94ADBC09E7F8 set configuration 0: [d3698b3f-1344-4ce7-a2e3-7ee27cbcefb9:192.168.157.198:40328], old=null at 0
2019-07-03 22:21:23,530 INFO  segmented.SegmentedRaftLogWorker (SegmentedRaftLogWorker.java:execute(569)) - d3698b3f-1344-4ce7-a2e3-7ee27cbcefb9-SegmentedRaftLogWorker:Storage Directory /opt/src/hadoop-ozone/integration-test/target/test-dir/MiniOzoneClusterImpl-737b2755-c87f-4af6-b1f9-662dbe2214cd/datanode-2/data/ratis/887e7f39-f606-469e-8e04-94adbc09e7f8: created new log segment /opt/src/hadoop-ozone/integration-test/target/test-dir/MiniOzoneClusterImpl-737b2755-c87f-4af6-b1f9-662dbe2214cd/datanode-2/data/ratis/887e7f39-f606-469e-8e04-94adbc09e7f8/current/log_inprogress_0
2019-07-03 22:21:23,572 INFO  impl.FollowerState (FollowerState.java:run(106)) - b6f622b3-376e-4582-b587-ae6ef97df5ee:group-C22970649E6B changes to CANDIDATE, lastRpcTime:1182, electionTimeout:1182ms
2019-07-03 22:21:23,573 INFO  impl.RoleInfo (RoleInfo.java:shutdownFollowerState(121)) - b6f622b3-376e-4582-b587-ae6ef97df5ee: shutdown FollowerState
2019-07-03 22:21:23,573 INFO  impl.RaftServerImpl (RaftServerImpl.java:setRole(171)) - b6f622b3-376e-4582-b587-ae6ef97df5ee:group-C22970649E6B changes role from FOLLOWER to CANDIDATE at term 0 for changeToCandidate
2019-07-03 22:21:23,573 INFO  impl.RoleInfo (RoleInfo.java:updateAndGet(143)) - b6f622b3-376e-4582-b587-ae6ef97df5ee: start LeaderElection
2019-07-03 22:21:23,594 INFO  impl.LeaderElection (LeaderElection.java:askForVotes(181)) - b6f622b3-376e-4582-b587-ae6ef97df5ee:group-C22970649E6B:LeaderElection35: begin an election at term 1 for -1: [b6f622b3-376e-4582-b587-ae6ef97df5ee:192.168.157.198:42514], old=null
2019-07-03 22:21:23,594 INFO  impl.RoleInfo (RoleInfo.java:shutdownLeaderElection(134)) - b6f622b3-376e-4582-b587-ae6ef97df5ee: shutdown LeaderElection
2019-07-03 22:21:23,594 INFO  impl.RaftServerImpl (RaftServerImpl.java:setRole(171)) - b6f622b3-376e-4582-b587-ae6ef97df5ee:group-C22970649E6B changes role from CANDIDATE to LEADER at term 1 for changeToLeader
2019-07-03 22:21:23,594 INFO  impl.RaftServerImpl (ServerState.java:setLeader(263)) - b6f622b3-376e-4582-b587-ae6ef97df5ee:group-C22970649E6B change Leader from null to b6f622b3-376e-4582-b587-ae6ef97df5ee at term 1 for becomeLeader, leader elected after 1208ms
2019-07-03 22:21:23,594 INFO  server.RaftServerConfigKeys (ConfUtils.java:logGet(43)) - raft.server.staging.catchup.gap = 1000 (default)
2019-07-03 22:21:23,594 INFO  server.RaftServerConfigKeys (ConfUtils.java:logGet(43)) - raft.server.rpc.sleep.time = 25ms (default)
2019-07-03 22:21:23,595 INFO  server.RaftServerConfigKeys (ConfUtils.java:logGet(43)) - raft.server.write.element-limit = 4096 (default)
2019-07-03 22:21:23,595 INFO  server.RaftServerConfigKeys (ConfUtils.java:logGet(43)) - raft.server.watch.timeout = 10s (default)
2019-07-03 22:21:23,595 INFO  server.RaftServerConfigKeys (ConfUtils.java:logGet(43)) - raft.server.watch.timeout.denomination = 1s (default)
2019-07-03 22:21:23,595 INFO  server.RaftServerConfigKeys (ConfUtils.java:logGet(43)) - raft.server.watch.element-limit = 65536 (default)
2019-07-03 22:21:23,595 INFO  impl.RoleInfo (RoleInfo.java:updateAndGet(143)) - b6f622b3-376e-4582-b587-ae6ef97df5ee: start LeaderState
2019-07-03 22:21:23,596 INFO  segmented.SegmentedRaftLogWorker (SegmentedRaftLogWorker.java:startLogSegment(380)) - b6f622b3-376e-4582-b587-ae6ef97df5ee-SegmentedRaftLogWorker:Storage Directory /opt/src/hadoop-ozone/integration-test/target/test-dir/MiniOzoneClusterImpl-737b2755-c87f-4af6-b1f9-662dbe2214cd/datanode-3/data/ratis/9fb7aece-26fc-4969-8b82-c22970649e6b: Starting segment from index:0
2019-07-03 22:21:23,596 INFO  impl.RaftServerImpl (ServerState.java:setRaftConf(361)) - b6f622b3-376e-4582-b587-ae6ef97df5ee:group-C22970649E6B set configuration 0: [b6f622b3-376e-4582-b587-ae6ef97df5ee:192.168.157.198:42514], old=null at 0
2019-07-03 22:21:23,618 INFO  impl.FollowerState (FollowerState.java:run(106)) - 80ff6d79-52a3-49fc-aeb4-9644884541fb:group-60D8B848F0A8 changes to CANDIDATE, lastRpcTime:1044, electionTimeout:1044ms
2019-07-03 22:21:23,618 INFO  impl.RoleInfo (RoleInfo.java:shutdownFollowerState(121)) - 80ff6d79-52a3-49fc-aeb4-9644884541fb: shutdown FollowerState
2019-07-03 22:21:23,618 INFO  impl.RaftServerImpl (RaftServerImpl.java:setRole(171)) - 80ff6d79-52a3-49fc-aeb4-9644884541fb:group-60D8B848F0A8 changes role from FOLLOWER to CANDIDATE at term 0 for changeToCandidate
2019-07-03 22:21:23,618 INFO  impl.RoleInfo (RoleInfo.java:updateAndGet(143)) - 80ff6d79-52a3-49fc-aeb4-9644884541fb: start LeaderElection
2019-07-03 22:21:23,626 INFO  segmented.SegmentedRaftLogWorker (SegmentedRaftLogWorker.java:execute(569)) - b6f622b3-376e-4582-b587-ae6ef97df5ee-SegmentedRaftLogWorker:Storage Directory /opt/src/hadoop-ozone/integration-test/target/test-dir/MiniOzoneClusterImpl-737b2755-c87f-4af6-b1f9-662dbe2214cd/datanode-3/data/ratis/9fb7aece-26fc-4969-8b82-c22970649e6b: created new log segment /opt/src/hadoop-ozone/integration-test/target/test-dir/MiniOzoneClusterImpl-737b2755-c87f-4af6-b1f9-662dbe2214cd/datanode-3/data/ratis/9fb7aece-26fc-4969-8b82-c22970649e6b/current/log_inprogress_0
2019-07-03 22:21:23,650 INFO  impl.LeaderElection (LeaderElection.java:askForVotes(181)) - 80ff6d79-52a3-49fc-aeb4-9644884541fb:group-60D8B848F0A8:LeaderElection36: begin an election at term 1 for -1: [80ff6d79-52a3-49fc-aeb4-9644884541fb:192.168.157.198:38274], old=null
2019-07-03 22:21:23,650 INFO  impl.RoleInfo (RoleInfo.java:shutdownLeaderElection(134)) - 80ff6d79-52a3-49fc-aeb4-9644884541fb: shutdown LeaderElection
2019-07-03 22:21:23,650 INFO  impl.RaftServerImpl (RaftServerImpl.java:setRole(171)) - 80ff6d79-52a3-49fc-aeb4-9644884541fb:group-60D8B848F0A8 changes role from CANDIDATE to LEADER at term 1 for changeToLeader
2019-07-03 22:21:23,650 INFO  impl.RaftServerImpl (ServerState.java:setLeader(263)) - 80ff6d79-52a3-49fc-aeb4-9644884541fb:group-60D8B848F0A8 change Leader from null to 80ff6d79-52a3-49fc-aeb4-9644884541fb at term 1 for becomeLeader, leader elected after 1082ms
2019-07-03 22:21:23,651 INFO  server.RaftServerConfigKeys (ConfUtils.java:logGet(43)) - raft.server.staging.catchup.gap = 1000 (default)
2019-07-03 22:21:23,651 INFO  server.RaftServerConfigKeys (ConfUtils.java:logGet(43)) - raft.server.rpc.sleep.time = 25ms (default)
2019-07-03 22:21:23,651 INFO  server.RaftServerConfigKeys (ConfUtils.java:logGet(43)) - raft.server.write.element-limit = 4096 (default)
2019-07-03 22:21:23,651 INFO  server.RaftServerConfigKeys (ConfUtils.java:logGet(43)) - raft.server.watch.timeout = 10s (default)
2019-07-03 22:21:23,651 INFO  server.RaftServerConfigKeys (ConfUtils.java:logGet(43)) - raft.server.watch.timeout.denomination = 1s (default)
2019-07-03 22:21:23,651 INFO  server.RaftServerConfigKeys (ConfUtils.java:logGet(43)) - raft.server.watch.element-limit = 65536 (default)
2019-07-03 22:21:23,652 INFO  impl.RoleInfo (RoleInfo.java:updateAndGet(143)) - 80ff6d79-52a3-49fc-aeb4-9644884541fb: start LeaderState
2019-07-03 22:21:23,652 INFO  segmented.SegmentedRaftLogWorker (SegmentedRaftLogWorker.java:startLogSegment(380)) - 80ff6d79-52a3-49fc-aeb4-9644884541fb-SegmentedRaftLogWorker:Storage Directory /opt/src/hadoop-ozone/integration-test/target/test-dir/MiniOzoneClusterImpl-737b2755-c87f-4af6-b1f9-662dbe2214cd/datanode-4/data/ratis/05ba83dc-763e-4e86-bbdb-60d8b848f0a8: Starting segment from index:0
2019-07-03 22:21:23,652 INFO  impl.RaftServerImpl (ServerState.java:setRaftConf(361)) - 80ff6d79-52a3-49fc-aeb4-9644884541fb:group-60D8B848F0A8 set configuration 0: [80ff6d79-52a3-49fc-aeb4-9644884541fb:192.168.157.198:38274], old=null at 0
2019-07-03 22:21:23,684 INFO  segmented.SegmentedRaftLogWorker (SegmentedRaftLogWorker.java:execute(569)) - 80ff6d79-52a3-49fc-aeb4-9644884541fb-SegmentedRaftLogWorker:Storage Directory /opt/src/hadoop-ozone/integration-test/target/test-dir/MiniOzoneClusterImpl-737b2755-c87f-4af6-b1f9-662dbe2214cd/datanode-4/data/ratis/05ba83dc-763e-4e86-bbdb-60d8b848f0a8: created new log segment /opt/src/hadoop-ozone/integration-test/target/test-dir/MiniOzoneClusterImpl-737b2755-c87f-4af6-b1f9-662dbe2214cd/datanode-4/data/ratis/05ba83dc-763e-4e86-bbdb-60d8b848f0a8/current/log_inprogress_0
2019-07-03 22:21:23,923 INFO  impl.FollowerState (FollowerState.java:run(106)) - b6f622b3-376e-4582-b587-ae6ef97df5ee:group-939ADD6750F1 changes to CANDIDATE, lastRpcTime:1009, electionTimeout:1009ms
2019-07-03 22:21:23,923 INFO  impl.RoleInfo (RoleInfo.java:shutdownFollowerState(121)) - b6f622b3-376e-4582-b587-ae6ef97df5ee: shutdown FollowerState
2019-07-03 22:21:23,924 INFO  impl.RaftServerImpl (RaftServerImpl.java:setRole(171)) - b6f622b3-376e-4582-b587-ae6ef97df5ee:group-939ADD6750F1 changes role from FOLLOWER to CANDIDATE at term 0 for changeToCandidate
2019-07-03 22:21:23,924 INFO  impl.RoleInfo (RoleInfo.java:updateAndGet(143)) - b6f622b3-376e-4582-b587-ae6ef97df5ee: start LeaderElection
2019-07-03 22:21:23,947 INFO  ozone.MiniOzoneClusterImpl (MiniOzoneClusterImpl.java:lambda$waitForClusterToBeReady$0(142)) - Cluster is ready. Got 7 of 7 DN Heartbeats.
2019-07-03 22:21:23,950 INFO  impl.LeaderElection (LeaderElection.java:askForVotes(181)) - b6f622b3-376e-4582-b587-ae6ef97df5ee:group-939ADD6750F1:LeaderElection37: begin an election at term 1 for -1: [c2cd9d93-ce36-45e6-8c30-f7c322d7067d:192.168.157.198:42480, b6f622b3-376e-4582-b587-ae6ef97df5ee:192.168.157.198:42514, 80ff6d79-52a3-49fc-aeb4-9644884541fb:192.168.157.198:38274], old=null
2019-07-03 22:21:23,959 INFO  impl.FollowerState (FollowerState.java:run(106)) - 80ff6d79-52a3-49fc-aeb4-9644884541fb:group-939ADD6750F1 changes to CANDIDATE, lastRpcTime:1046, electionTimeout:1046ms
2019-07-03 22:21:23,959 INFO  impl.RoleInfo (RoleInfo.java:shutdownFollowerState(121)) - 80ff6d79-52a3-49fc-aeb4-9644884541fb: shutdown FollowerState
2019-07-03 22:21:23,959 INFO  impl.RaftServerImpl (RaftServerImpl.java:setRole(171)) - 80ff6d79-52a3-49fc-aeb4-9644884541fb:group-939ADD6750F1 changes role from FOLLOWER to CANDIDATE at term 0 for changeToCandidate
2019-07-03 22:21:23,959 INFO  impl.RoleInfo (RoleInfo.java:updateAndGet(143)) - 80ff6d79-52a3-49fc-aeb4-9644884541fb: start LeaderElection
2019-07-03 22:21:23,993 INFO  impl.LeaderElection (LeaderElection.java:askForVotes(181)) - 80ff6d79-52a3-49fc-aeb4-9644884541fb:group-939ADD6750F1:LeaderElection38: begin an election at term 1 for -1: [c2cd9d93-ce36-45e6-8c30-f7c322d7067d:192.168.157.198:42480, b6f622b3-376e-4582-b587-ae6ef97df5ee:192.168.157.198:42514, 80ff6d79-52a3-49fc-aeb4-9644884541fb:192.168.157.198:38274], old=null
2019-07-03 22:21:23,997 INFO  impl.RaftServerImpl (RaftServerImpl.java:setRole(171)) - c2cd9d93-ce36-45e6-8c30-f7c322d7067d:group-939ADD6750F1 changes role from FOLLOWER to FOLLOWER at term 1 for recognizeCandidate:b6f622b3-376e-4582-b587-ae6ef97df5ee
2019-07-03 22:21:23,997 INFO  impl.RoleInfo (RoleInfo.java:shutdownFollowerState(121)) - c2cd9d93-ce36-45e6-8c30-f7c322d7067d: shutdown FollowerState
2019-07-03 22:21:23,997 INFO  impl.RoleInfo (RoleInfo.java:updateAndGet(143)) - c2cd9d93-ce36-45e6-8c30-f7c322d7067d: start FollowerState
2019-07-03 22:21:23,997 INFO  impl.FollowerState (FollowerState.java:run(114)) - c2cd9d93-ce36-45e6-8c30-f7c322d7067d: FollowerState was interrupted: java.lang.InterruptedException: sleep interrupted
2019-07-03 22:21:24,005 INFO  rpc.RpcClient (RpcClient.java:createVolume(289)) - Creating Volume: watchforcommithandlingtest, with jenkins1000 as owner.
2019-07-03 22:21:24,026 INFO  impl.FollowerState (FollowerState.java:run(106)) - c2cd9d93-ce36-45e6-8c30-f7c322d7067d:group-66B3ECE1A2FF changes to CANDIDATE, lastRpcTime:1178, electionTimeout:1176ms
2019-07-03 22:21:24,026 INFO  impl.RoleInfo (RoleInfo.java:shutdownFollowerState(121)) - c2cd9d93-ce36-45e6-8c30-f7c322d7067d: shutdown FollowerState
2019-07-03 22:21:24,026 INFO  impl.RaftServerImpl (RaftServerImpl.java:setRole(171)) - c2cd9d93-ce36-45e6-8c30-f7c322d7067d:group-66B3ECE1A2FF changes role from FOLLOWER to CANDIDATE at term 0 for changeToCandidate
2019-07-03 22:21:24,026 INFO  impl.RoleInfo (RoleInfo.java:updateAndGet(143)) - c2cd9d93-ce36-45e6-8c30-f7c322d7067d: start LeaderElection
2019-07-03 22:21:24,032 INFO  impl.LeaderElection (LeaderElection.java:logAndReturn(56)) - 80ff6d79-52a3-49fc-aeb4-9644884541fb:group-939ADD6750F1:LeaderElection38: Election REJECTED; received 2 response(s) [80ff6d79-52a3-49fc-aeb4-9644884541fb<-c2cd9d93-ce36-45e6-8c30-f7c322d7067d#0:FAIL-t1, 80ff6d79-52a3-49fc-aeb4-9644884541fb<-b6f622b3-376e-4582-b587-ae6ef97df5ee#0:FAIL-t1] and 0 exception(s); 80ff6d79-52a3-49fc-aeb4-9644884541fb:t1, leader=null, voted=80ff6d79-52a3-49fc-aeb4-9644884541fb, raftlog=80ff6d79-52a3-49fc-aeb4-9644884541fb-SegmentedRaftLog:OPENED:c-1,f-1,i0, conf=-1: [c2cd9d93-ce36-45e6-8c30-f7c322d7067d:192.168.157.198:42480, b6f622b3-376e-4582-b587-ae6ef97df5ee:192.168.157.198:42514, 80ff6d79-52a3-49fc-aeb4-9644884541fb:192.168.157.198:38274], old=null
2019-07-03 22:21:24,032 INFO  rpc.RpcClient (RpcClient.java:createBucket(426)) - Creating Bucket: watchforcommithandlingtest/watchforcommithandlingtest, with Versioning false and Storage Type set to DISK and Encryption set to false 
2019-07-03 22:21:24,032 INFO  impl.LeaderElection (LeaderElection.java:logAndReturn(56)) - b6f622b3-376e-4582-b587-ae6ef97df5ee:group-939ADD6750F1:LeaderElection37: Election PASSED; received 2 response(s) [b6f622b3-376e-4582-b587-ae6ef97df5ee<-c2cd9d93-ce36-45e6-8c30-f7c322d7067d#0:OK-t1, b6f622b3-376e-4582-b587-ae6ef97df5ee<-80ff6d79-52a3-49fc-aeb4-9644884541fb#0:FAIL-t1] and 0 exception(s); b6f622b3-376e-4582-b587-ae6ef97df5ee:t1, leader=null, voted=b6f622b3-376e-4582-b587-ae6ef97df5ee, raftlog=b6f622b3-376e-4582-b587-ae6ef97df5ee-SegmentedRaftLog:OPENED:c-1,f-1,i0, conf=-1: [c2cd9d93-ce36-45e6-8c30-f7c322d7067d:192.168.157.198:42480, b6f622b3-376e-4582-b587-ae6ef97df5ee:192.168.157.198:42514, 80ff6d79-52a3-49fc-aeb4-9644884541fb:192.168.157.198:38274], old=null
2019-07-03 22:21:24,032 INFO  impl.RaftServerImpl (RaftServerImpl.java:setRole(171)) - 80ff6d79-52a3-49fc-aeb4-9644884541fb:group-939ADD6750F1 changes role from CANDIDATE to FOLLOWER at term 1 for DISCOVERED_A_NEW_TERM
2019-07-03 22:21:24,032 INFO  impl.RoleInfo (RoleInfo.java:shutdownLeaderElection(134)) - b6f622b3-376e-4582-b587-ae6ef97df5ee: shutdown LeaderElection
2019-07-03 22:21:24,033 INFO  impl.RoleInfo (RoleInfo.java:shutdownLeaderElection(134)) - 80ff6d79-52a3-49fc-aeb4-9644884541fb: shutdown LeaderElection
2019-07-03 22:21:24,033 INFO  impl.RaftServerImpl (RaftServerImpl.java:setRole(171)) - b6f622b3-376e-4582-b587-ae6ef97df5ee:group-939ADD6750F1 changes role from CANDIDATE to LEADER at term 1 for changeToLeader
2019-07-03 22:21:24,033 INFO  impl.RoleInfo (RoleInfo.java:updateAndGet(143)) - 80ff6d79-52a3-49fc-aeb4-9644884541fb: start FollowerState
2019-07-03 22:21:24,033 INFO  impl.RaftServerImpl (ServerState.java:setLeader(263)) - b6f622b3-376e-4582-b587-ae6ef97df5ee:group-939ADD6750F1 change Leader from null to b6f622b3-376e-4582-b587-ae6ef97df5ee at term 1 for becomeLeader, leader elected after 1132ms
2019-07-03 22:21:24,033 INFO  server.RaftServerConfigKeys (ConfUtils.java:logGet(43)) - raft.server.staging.catchup.gap = 1000 (default)
2019-07-03 22:21:24,033 INFO  server.RaftServerConfigKeys (ConfUtils.java:logGet(43)) - raft.server.rpc.sleep.time = 25ms (default)
2019-07-03 22:21:24,036 INFO  server.RaftServerConfigKeys (ConfUtils.java:logGet(43)) - raft.server.write.element-limit = 4096 (default)
2019-07-03 22:21:24,036 INFO  server.RaftServerConfigKeys (ConfUtils.java:logGet(43)) - raft.server.watch.timeout = 10s (default)
2019-07-03 22:21:24,036 INFO  server.RaftServerConfigKeys (ConfUtils.java:logGet(43)) - raft.server.watch.timeout.denomination = 1s (default)
2019-07-03 22:21:24,036 INFO  server.RaftServerConfigKeys (ConfUtils.java:logGet(43)) - raft.server.watch.element-limit = 65536 (default)
2019-07-03 22:21:24,037 INFO  server.RaftServerConfigKeys (ConfUtils.java:logGet(43)) - raft.server.log.appender.snapshot.chunk.size.max = 16MB (=16777216) (default)
2019-07-03 22:21:24,037 INFO  ozone.MiniOzoneClusterImpl (MiniOzoneClusterImpl.java:getStorageContainerLocationClient(241)) - Creating StorageContainerLocationProtocol RPC client with address /0.0.0.0:42728
2019-07-03 22:21:24,037 INFO  server.RaftServerConfigKeys (ConfUtils.java:logGet(43)) - raft.server.log.appender.buffer.byte-limit = 33554432 (custom)
2019-07-03 22:21:24,037 INFO  server.RaftServerConfigKeys (ConfUtils.java:logGet(43)) - raft.server.log.appender.buffer.element-limit = 1 (custom)
2019-07-03 22:21:24,038 INFO  grpc.GrpcConfigKeys$Server (ConfUtils.java:logGet(43)) - raft.grpc.server.leader.outstanding.appends.max = 128 (default)
2019-07-03 22:21:24,038 INFO  server.RaftServerConfigKeys (ConfUtils.java:logGet(43)) - raft.server.rpc.request.timeout = 3000ms (default)
2019-07-03 22:21:24,038 INFO  server.RaftServerConfigKeys (ConfUtils.java:logGet(43)) - raft.server.log.appender.install.snapshot.enabled = false (custom)
2019-07-03 22:21:24,038 INFO  server.RaftServerConfigKeys (ConfUtils.java:logGet(43)) - raft.server.log.appender.snapshot.chunk.size.max = 16MB (=16777216) (default)
2019-07-03 22:21:24,038 INFO  server.RaftServerConfigKeys (ConfUtils.java:logGet(43)) - raft.server.log.appender.buffer.byte-limit = 33554432 (custom)
2019-07-03 22:21:24,039 INFO  server.RaftServerConfigKeys (ConfUtils.java:logGet(43)) - raft.server.log.appender.buffer.element-limit = 1 (custom)
2019-07-03 22:21:24,039 INFO  grpc.GrpcConfigKeys$Server (ConfUtils.java:logGet(43)) - raft.grpc.server.leader.outstanding.appends.max = 128 (default)
2019-07-03 22:21:24,039 INFO  server.RaftServerConfigKeys (ConfUtils.java:logGet(43)) - raft.server.rpc.request.timeout = 3000ms (default)
2019-07-03 22:21:24,039 INFO  server.RaftServerConfigKeys (ConfUtils.java:logGet(43)) - raft.server.log.appender.install.snapshot.enabled = false (custom)
2019-07-03 22:21:24,039 INFO  impl.RoleInfo (RoleInfo.java:updateAndGet(143)) - b6f622b3-376e-4582-b587-ae6ef97df5ee: start LeaderState
2019-07-03 22:21:24,040 INFO  segmented.SegmentedRaftLogWorker (SegmentedRaftLogWorker.java:startLogSegment(380)) - b6f622b3-376e-4582-b587-ae6ef97df5ee-SegmentedRaftLogWorker:Storage Directory /opt/src/hadoop-ozone/integration-test/target/test-dir/MiniOzoneClusterImpl-737b2755-c87f-4af6-b1f9-662dbe2214cd/datanode-3/data/ratis/500fb081-3b6b-4441-9f3a-939add6750f1: Starting segment from index:0
2019-07-03 22:21:24,041 INFO  impl.RaftServerImpl (ServerState.java:setRaftConf(361)) - b6f622b3-376e-4582-b587-ae6ef97df5ee:group-939ADD6750F1 set configuration 0: [c2cd9d93-ce36-45e6-8c30-f7c322d7067d:192.168.157.198:42480, b6f622b3-376e-4582-b587-ae6ef97df5ee:192.168.157.198:42514, 80ff6d79-52a3-49fc-aeb4-9644884541fb:192.168.157.198:38274], old=null at 0
2019-07-03 22:21:24,042 INFO  impl.RaftServerImpl (ServerState.java:setLeader(263)) - 80ff6d79-52a3-49fc-aeb4-9644884541fb:group-939ADD6750F1 change Leader from null to b6f622b3-376e-4582-b587-ae6ef97df5ee at term 1 for appendEntries, leader elected after 1140ms
2019-07-03 22:21:24,043 INFO  impl.RaftServerImpl (ServerState.java:setLeader(263)) - c2cd9d93-ce36-45e6-8c30-f7c322d7067d:group-939ADD6750F1 change Leader from null to b6f622b3-376e-4582-b587-ae6ef97df5ee at term 1 for appendEntries, leader elected after 1141ms
2019-07-03 22:21:24,062 INFO  impl.LeaderElection (LeaderElection.java:askForVotes(181)) - c2cd9d93-ce36-45e6-8c30-f7c322d7067d:group-66B3ECE1A2FF:LeaderElection39: begin an election at term 1 for -1: [c2cd9d93-ce36-45e6-8c30-f7c322d7067d:192.168.157.198:42480], old=null
2019-07-03 22:21:24,062 INFO  impl.RoleInfo (RoleInfo.java:shutdownLeaderElection(134)) - c2cd9d93-ce36-45e6-8c30-f7c322d7067d: shutdown LeaderElection
2019-07-03 22:21:24,062 INFO  impl.RaftServerImpl (RaftServerImpl.java:setRole(171)) - c2cd9d93-ce36-45e6-8c30-f7c322d7067d:group-66B3ECE1A2FF changes role from CANDIDATE to LEADER at term 1 for changeToLeader
2019-07-03 22:21:24,062 INFO  impl.RaftServerImpl (ServerState.java:setLeader(263)) - c2cd9d93-ce36-45e6-8c30-f7c322d7067d:group-66B3ECE1A2FF change Leader from null to c2cd9d93-ce36-45e6-8c30-f7c322d7067d at term 1 for becomeLeader, leader elected after 1223ms
2019-07-03 22:21:24,063 INFO  server.RaftServerConfigKeys (ConfUtils.java:logGet(43)) - raft.server.staging.catchup.gap = 1000 (default)
2019-07-03 22:21:24,063 INFO  server.RaftServerConfigKeys (ConfUtils.java:logGet(43)) - raft.server.rpc.sleep.time = 25ms (default)
2019-07-03 22:21:24,063 INFO  server.RaftServerConfigKeys (ConfUtils.java:logGet(43)) - raft.server.write.element-limit = 4096 (default)
2019-07-03 22:21:24,063 INFO  server.RaftServerConfigKeys (ConfUtils.java:logGet(43)) - raft.server.watch.timeout = 10s (default)
2019-07-03 22:21:24,064 INFO  server.RaftServerConfigKeys (ConfUtils.java:logGet(43)) - raft.server.watch.timeout.denomination = 1s (default)
2019-07-03 22:21:24,064 INFO  server.RaftServerConfigKeys (ConfUtils.java:logGet(43)) - raft.server.watch.element-limit = 65536 (default)
2019-07-03 22:21:24,066 INFO  impl.RoleInfo (RoleInfo.java:updateAndGet(143)) - c2cd9d93-ce36-45e6-8c30-f7c322d7067d: start LeaderState
2019-07-03 22:21:24,067 INFO  segmented.SegmentedRaftLogWorker (SegmentedRaftLogWorker.java:startLogSegment(380)) - c2cd9d93-ce36-45e6-8c30-f7c322d7067d-SegmentedRaftLogWorker:Storage Directory /opt/src/hadoop-ozone/integration-test/target/test-dir/MiniOzoneClusterImpl-737b2755-c87f-4af6-b1f9-662dbe2214cd/datanode-5/data/ratis/3d6de3a0-bee3-4bee-9d77-66b3ece1a2ff: Starting segment from index:0
2019-07-03 22:21:24,067 INFO  impl.RaftServerImpl (ServerState.java:setRaftConf(361)) - 80ff6d79-52a3-49fc-aeb4-9644884541fb:group-939ADD6750F1 set configuration 0: [c2cd9d93-ce36-45e6-8c30-f7c322d7067d:192.168.157.198:42480, b6f622b3-376e-4582-b587-ae6ef97df5ee:192.168.157.198:42514, 80ff6d79-52a3-49fc-aeb4-9644884541fb:192.168.157.198:38274], old=null at 0
2019-07-03 22:21:24,067 INFO  segmented.SegmentedRaftLogWorker (SegmentedRaftLogWorker.java:startLogSegment(380)) - 80ff6d79-52a3-49fc-aeb4-9644884541fb-SegmentedRaftLogWorker:Storage Directory /opt/src/hadoop-ozone/integration-test/target/test-dir/MiniOzoneClusterImpl-737b2755-c87f-4af6-b1f9-662dbe2214cd/datanode-4/data/ratis/500fb081-3b6b-4441-9f3a-939add6750f1: Starting segment from index:0
2019-07-03 22:21:24,067 INFO  client.GrpcClientProtocolClient (GrpcClientProtocolClient.java:onNext(255)) - client-89DC47DCF6B0->d3698b3f-1344-4ce7-a2e3-7ee27cbcefb9: receive RaftClientReply:client-89DC47DCF6B0->d3698b3f-1344-4ce7-a2e3-7ee27cbcefb9@group-39D97B489EF2, cid=66, FAILED org.apache.ratis.protocol.NotLeaderException: Server d3698b3f-1344-4ce7-a2e3-7ee27cbcefb9 is not the leader (1e752786-2ac8-4902-8fcc-43fce6129c02:192.168.157.198:34154). Request must be sent to leader., logIndex=0, commits[d3698b3f-1344-4ce7-a2e3-7ee27cbcefb9:c0, 87cfe954-f73b-4338-b667-ddb9ab422782:c-1, 1e752786-2ac8-4902-8fcc-43fce6129c02:c0]
2019-07-03 22:21:24,067 INFO  impl.RaftServerImpl (ServerState.java:setRaftConf(361)) - c2cd9d93-ce36-45e6-8c30-f7c322d7067d:group-939ADD6750F1 set configuration 0: [c2cd9d93-ce36-45e6-8c30-f7c322d7067d:192.168.157.198:42480, b6f622b3-376e-4582-b587-ae6ef97df5ee:192.168.157.198:42514, 80ff6d79-52a3-49fc-aeb4-9644884541fb:192.168.157.198:38274], old=null at 0
2019-07-03 22:21:24,067 INFO  impl.RaftServerImpl (ServerState.java:setRaftConf(361)) - c2cd9d93-ce36-45e6-8c30-f7c322d7067d:group-66B3ECE1A2FF set configuration 0: [c2cd9d93-ce36-45e6-8c30-f7c322d7067d:192.168.157.198:42480], old=null at 0
2019-07-03 22:21:24,094 INFO  segmented.SegmentedRaftLogWorker (SegmentedRaftLogWorker.java:startLogSegment(380)) - c2cd9d93-ce36-45e6-8c30-f7c322d7067d-SegmentedRaftLogWorker:Storage Directory /opt/src/hadoop-ozone/integration-test/target/test-dir/MiniOzoneClusterImpl-737b2755-c87f-4af6-b1f9-662dbe2214cd/datanode-5/data/ratis/500fb081-3b6b-4441-9f3a-939add6750f1: Starting segment from index:0
2019-07-03 22:21:24,094 INFO  segmented.SegmentedRaftLogWorker (SegmentedRaftLogWorker.java:execute(569)) - b6f622b3-376e-4582-b587-ae6ef97df5ee-SegmentedRaftLogWorker:Storage Directory /opt/src/hadoop-ozone/integration-test/target/test-dir/MiniOzoneClusterImpl-737b2755-c87f-4af6-b1f9-662dbe2214cd/datanode-3/data/ratis/500fb081-3b6b-4441-9f3a-939add6750f1: created new log segment /opt/src/hadoop-ozone/integration-test/target/test-dir/MiniOzoneClusterImpl-737b2755-c87f-4af6-b1f9-662dbe2214cd/datanode-3/data/ratis/500fb081-3b6b-4441-9f3a-939add6750f1/current/log_inprogress_0
2019-07-03 22:21:24,115 INFO  segmented.SegmentedRaftLogWorker (SegmentedRaftLogWorker.java:execute(569)) - c2cd9d93-ce36-45e6-8c30-f7c322d7067d-SegmentedRaftLogWorker:Storage Directory /opt/src/hadoop-ozone/integration-test/target/test-dir/MiniOzoneClusterImpl-737b2755-c87f-4af6-b1f9-662dbe2214cd/datanode-5/data/ratis/3d6de3a0-bee3-4bee-9d77-66b3ece1a2ff: created new log segment /opt/src/hadoop-ozone/integration-test/target/test-dir/MiniOzoneClusterImpl-737b2755-c87f-4af6-b1f9-662dbe2214cd/datanode-5/data/ratis/3d6de3a0-bee3-4bee-9d77-66b3ece1a2ff/current/log_inprogress_0
2019-07-03 22:21:24,134 INFO  segmented.SegmentedRaftLogWorker (SegmentedRaftLogWorker.java:execute(569)) - 80ff6d79-52a3-49fc-aeb4-9644884541fb-SegmentedRaftLogWorker:Storage Directory /opt/src/hadoop-ozone/integration-test/target/test-dir/MiniOzoneClusterImpl-737b2755-c87f-4af6-b1f9-662dbe2214cd/datanode-4/data/ratis/500fb081-3b6b-4441-9f3a-939add6750f1: created new log segment /opt/src/hadoop-ozone/integration-test/target/test-dir/MiniOzoneClusterImpl-737b2755-c87f-4af6-b1f9-662dbe2214cd/datanode-4/data/ratis/500fb081-3b6b-4441-9f3a-939add6750f1/current/log_inprogress_0
2019-07-03 22:21:24,147 INFO  segmented.SegmentedRaftLogWorker (SegmentedRaftLogWorker.java:execute(569)) - c2cd9d93-ce36-45e6-8c30-f7c322d7067d-SegmentedRaftLogWorker:Storage Directory /opt/src/hadoop-ozone/integration-test/target/test-dir/MiniOzoneClusterImpl-737b2755-c87f-4af6-b1f9-662dbe2214cd/datanode-5/data/ratis/500fb081-3b6b-4441-9f3a-939add6750f1: created new log segment /opt/src/hadoop-ozone/integration-test/target/test-dir/MiniOzoneClusterImpl-737b2755-c87f-4af6-b1f9-662dbe2214cd/datanode-5/data/ratis/500fb081-3b6b-4441-9f3a-939add6750f1/current/log_inprogress_0
2019-07-03 22:21:24,171 INFO  impl.FollowerState (FollowerState.java:run(106)) - 2410e211-5485-4791-80df-7d5992515081:group-BBD45A6CECD7 changes to CANDIDATE, lastRpcTime:1176, electionTimeout:1176ms
2019-07-03 22:21:24,171 INFO  impl.RoleInfo (RoleInfo.java:shutdownFollowerState(121)) - 2410e211-5485-4791-80df-7d5992515081: shutdown FollowerState
2019-07-03 22:21:24,171 INFO  impl.RaftServerImpl (RaftServerImpl.java:setRole(171)) - 2410e211-5485-4791-80df-7d5992515081:group-BBD45A6CECD7 changes role from FOLLOWER to CANDIDATE at term 0 for changeToCandidate
2019-07-03 22:21:24,172 INFO  impl.RoleInfo (RoleInfo.java:updateAndGet(143)) - 2410e211-5485-4791-80df-7d5992515081: start LeaderElection
2019-07-03 22:21:24,197 INFO  impl.LeaderElection (LeaderElection.java:askForVotes(181)) - 2410e211-5485-4791-80df-7d5992515081:group-BBD45A6CECD7:LeaderElection40: begin an election at term 1 for -1: [2410e211-5485-4791-80df-7d5992515081:192.168.157.198:45601], old=null
2019-07-03 22:21:24,197 INFO  impl.RoleInfo (RoleInfo.java:shutdownLeaderElection(134)) - 2410e211-5485-4791-80df-7d5992515081: shutdown LeaderElection
2019-07-03 22:21:24,197 INFO  impl.RaftServerImpl (RaftServerImpl.java:setRole(171)) - 2410e211-5485-4791-80df-7d5992515081:group-BBD45A6CECD7 changes role from CANDIDATE to LEADER at term 1 for changeToLeader
2019-07-03 22:21:24,197 INFO  impl.RaftServerImpl (ServerState.java:setLeader(263)) - 2410e211-5485-4791-80df-7d5992515081:group-BBD45A6CECD7 change Leader from null to 2410e211-5485-4791-80df-7d5992515081 at term 1 for becomeLeader, leader elected after 1208ms
2019-07-03 22:21:24,197 INFO  server.RaftServerConfigKeys (ConfUtils.java:logGet(43)) - raft.server.staging.catchup.gap = 1000 (default)
2019-07-03 22:21:24,198 INFO  server.RaftServerConfigKeys (ConfUtils.java:logGet(43)) - raft.server.rpc.sleep.time = 25ms (default)
2019-07-03 22:21:24,198 INFO  server.RaftServerConfigKeys (ConfUtils.java:logGet(43)) - raft.server.write.element-limit = 4096 (default)
2019-07-03 22:21:24,198 INFO  server.RaftServerConfigKeys (ConfUtils.java:logGet(43)) - raft.server.watch.timeout = 10s (default)
2019-07-03 22:21:24,198 INFO  server.RaftServerConfigKeys (ConfUtils.java:logGet(43)) - raft.server.watch.timeout.denomination = 1s (default)
2019-07-03 22:21:24,198 INFO  server.RaftServerConfigKeys (ConfUtils.java:logGet(43)) - raft.server.watch.element-limit = 65536 (default)
2019-07-03 22:21:24,198 INFO  impl.RoleInfo (RoleInfo.java:updateAndGet(143)) - 2410e211-5485-4791-80df-7d5992515081: start LeaderState
2019-07-03 22:21:24,199 INFO  segmented.SegmentedRaftLogWorker (SegmentedRaftLogWorker.java:startLogSegment(380)) - 2410e211-5485-4791-80df-7d5992515081-SegmentedRaftLogWorker:Storage Directory /opt/src/hadoop-ozone/integration-test/target/test-dir/MiniOzoneClusterImpl-737b2755-c87f-4af6-b1f9-662dbe2214cd/datanode-6/data/ratis/8e77f357-6c31-4ca9-bc31-bbd45a6cecd7: Starting segment from index:0
2019-07-03 22:21:24,199 INFO  impl.RaftServerImpl (ServerState.java:setRaftConf(361)) - 2410e211-5485-4791-80df-7d5992515081:group-BBD45A6CECD7 set configuration 0: [2410e211-5485-4791-80df-7d5992515081:192.168.157.198:45601], old=null at 0
2019-07-03 22:21:24,232 INFO  segmented.SegmentedRaftLogWorker (SegmentedRaftLogWorker.java:execute(569)) - 2410e211-5485-4791-80df-7d5992515081-SegmentedRaftLogWorker:Storage Directory /opt/src/hadoop-ozone/integration-test/target/test-dir/MiniOzoneClusterImpl-737b2755-c87f-4af6-b1f9-662dbe2214cd/datanode-6/data/ratis/8e77f357-6c31-4ca9-bc31-bbd45a6cecd7: created new log segment /opt/src/hadoop-ozone/integration-test/target/test-dir/MiniOzoneClusterImpl-737b2755-c87f-4af6-b1f9-662dbe2214cd/datanode-6/data/ratis/8e77f357-6c31-4ca9-bc31-bbd45a6cecd7/current/log_inprogress_0
2019-07-03 22:21:24,242 INFO  client.GrpcClientProtocolClient (GrpcClientProtocolClient.java:onNext(255)) - client-89DC47DCF6B0->1e752786-2ac8-4902-8fcc-43fce6129c02: receive RaftClientReply:client-89DC47DCF6B0->1e752786-2ac8-4902-8fcc-43fce6129c02@group-39D97B489EF2, cid=66, SUCCESS, logIndex=1, commits[1e752786-2ac8-4902-8fcc-43fce6129c02:c2, d3698b3f-1344-4ce7-a2e3-7ee27cbcefb9:c1, 87cfe954-f73b-4338-b667-ddb9ab422782:c1]
2019-07-03 22:21:24,245 INFO  datanode.ObjectStoreHandler (ObjectStoreHandler.java:close(155)) - Closing ObjectStoreHandler.
2019-07-03 22:21:24,246 INFO  ozone.HddsDatanodeService (HddsDatanodeService.java:stop(452)) - Stopped plug-in org.apache.hadoop.ozone.web.OzoneHddsDatanodeService@733bd6f3
2019-07-03 22:21:24,246 INFO  statemachine.DatanodeStateMachine (DatanodeStateMachine.java:lambda$startDaemon$0(350)) - Ozone container server started.
2019-07-03 22:21:24,247 INFO  ozoneimpl.OzoneContainer (OzoneContainer.java:stop(199)) - Attempting to stop container services.
2019-07-03 22:21:24,247 INFO  impl.RaftServerProxy (RaftServerProxy.java:lambda$close$4(314)) - d3698b3f-1344-4ce7-a2e3-7ee27cbcefb9: close
2019-07-03 22:21:24,247 INFO  impl.RaftServerImpl (RaftServerImpl.java:lambda$shutdown$3(245)) - d3698b3f-1344-4ce7-a2e3-7ee27cbcefb9: shutdown group-94ADBC09E7F8
2019-07-03 22:21:24,248 INFO  impl.RaftServerImpl (RaftServerImpl.java:lambda$shutdown$3(245)) - d3698b3f-1344-4ce7-a2e3-7ee27cbcefb9: shutdown group-39D97B489EF2
2019-07-03 22:21:24,248 INFO  util.JmxRegister (JmxRegister.java:unregister(73)) - Successfully un-registered JMX Bean with object name Ratis:service=RaftServer,group=group-94ADBC09E7F8,id=d3698b3f-1344-4ce7-a2e3-7ee27cbcefb9
2019-07-03 22:21:24,248 INFO  util.JmxRegister (JmxRegister.java:unregister(73)) - Successfully un-registered JMX Bean with object name Ratis:service=RaftServer,group=group-39D97B489EF2,id=d3698b3f-1344-4ce7-a2e3-7ee27cbcefb9
2019-07-03 22:21:24,248 INFO  impl.RoleInfo (RoleInfo.java:shutdownLeaderState(104)) - d3698b3f-1344-4ce7-a2e3-7ee27cbcefb9: shutdown LeaderState
2019-07-03 22:21:24,248 INFO  impl.RoleInfo (RoleInfo.java:shutdownFollowerState(121)) - d3698b3f-1344-4ce7-a2e3-7ee27cbcefb9: shutdown FollowerState
2019-07-03 22:21:24,249 INFO  impl.PendingRequests (PendingRequests.java:sendNotLeaderResponses(202)) - d3698b3f-1344-4ce7-a2e3-7ee27cbcefb9-PendingRequests: sendNotLeaderResponses
2019-07-03 22:21:24,249 INFO  impl.FollowerState (FollowerState.java:run(114)) - d3698b3f-1344-4ce7-a2e3-7ee27cbcefb9: FollowerState was interrupted: java.lang.InterruptedException: sleep interrupted
2019-07-03 22:21:24,249 INFO  ratis.ContainerStateMachine (ContainerStateMachine.java:takeSnapshot(244)) - Taking snapshot at termIndex:(t:0, i:~)
2019-07-03 22:21:24,249 INFO  impl.StateMachineUpdater (StateMachineUpdater.java:stopAndJoin(115)) - StateMachineUpdater:d3698b3f-1344-4ce7-a2e3-7ee27cbcefb9:group-39D97B489EF2: set stopIndex = 1
2019-07-03 22:21:24,249 INFO  ratis.ContainerStateMachine (ContainerStateMachine.java:takeSnapshot(244)) - Taking snapshot at termIndex:(t:0, i:~)
2019-07-03 22:21:24,249 INFO  impl.StateMachineUpdater (StateMachineUpdater.java:stopAndJoin(115)) - StateMachineUpdater:d3698b3f-1344-4ce7-a2e3-7ee27cbcefb9:group-94ADBC09E7F8: set stopIndex = 0
2019-07-03 22:21:24,250 INFO  impl.RaftServerImpl (ServerState.java:close(394)) - d3698b3f-1344-4ce7-a2e3-7ee27cbcefb9:group-94ADBC09E7F8 closes. The last applied log index is 0
2019-07-03 22:21:24,250 INFO  impl.RaftServerImpl (ServerState.java:close(394)) - d3698b3f-1344-4ce7-a2e3-7ee27cbcefb9:group-39D97B489EF2 closes. The last applied log index is 1
2019-07-03 22:21:24,251 INFO  segmented.SegmentedRaftLogWorker (SegmentedRaftLogWorker.java:run(313)) - d3698b3f-1344-4ce7-a2e3-7ee27cbcefb9-SegmentedRaftLogWorker:Storage Directory /opt/src/hadoop-ozone/integration-test/target/test-dir/MiniOzoneClusterImpl-737b2755-c87f-4af6-b1f9-662dbe2214cd/datanode-2/data/ratis/887e7f39-f606-469e-8e04-94adbc09e7f8 was interrupted, exiting. There are 0 tasks remaining in the queue.
2019-07-03 22:21:24,251 INFO  segmented.SegmentedRaftLogWorker (SegmentedRaftLogWorker.java:run(313)) - d3698b3f-1344-4ce7-a2e3-7ee27cbcefb9-SegmentedRaftLogWorker:Storage Directory /opt/src/hadoop-ozone/integration-test/target/test-dir/MiniOzoneClusterImpl-737b2755-c87f-4af6-b1f9-662dbe2214cd/datanode-2/data/ratis/482d53f3-533a-4aee-bfd0-39d97b489ef2 was interrupted, exiting. There are 0 tasks remaining in the queue.
2019-07-03 22:21:24,251 INFO  segmented.SegmentedRaftLogWorker (SegmentedRaftLogWorker.java:close(228)) - d3698b3f-1344-4ce7-a2e3-7ee27cbcefb9-SegmentedRaftLogWorker:Storage Directory /opt/src/hadoop-ozone/integration-test/target/test-dir/MiniOzoneClusterImpl-737b2755-c87f-4af6-b1f9-662dbe2214cd/datanode-2/data/ratis/887e7f39-f606-469e-8e04-94adbc09e7f8 close()
2019-07-03 22:21:24,251 INFO  segmented.SegmentedRaftLogWorker (SegmentedRaftLogWorker.java:close(228)) - d3698b3f-1344-4ce7-a2e3-7ee27cbcefb9-SegmentedRaftLogWorker:Storage Directory /opt/src/hadoop-ozone/integration-test/target/test-dir/MiniOzoneClusterImpl-737b2755-c87f-4af6-b1f9-662dbe2214cd/datanode-2/data/ratis/482d53f3-533a-4aee-bfd0-39d97b489ef2 close()
2019-07-03 22:21:24,257 INFO  server.GrpcService (GrpcService.java:closeImpl(155)) - d3698b3f-1344-4ce7-a2e3-7ee27cbcefb9: shutdown server with port 40328 now
2019-07-03 22:21:24,259 WARN  server.GrpcServerProtocolService (LogUtils.java:warn(134)) - d3698b3f-1344-4ce7-a2e3-7ee27cbcefb9: appendEntries onError: org.apache.ratis.thirdparty.io.grpc.StatusRuntimeException: CANCELLED: cancelled before receiving half close
2019-07-03 22:21:24,259 INFO  server.GrpcService (GrpcService.java:closeImpl(163)) - d3698b3f-1344-4ce7-a2e3-7ee27cbcefb9: shutdown server with port 40328 successfully
2019-07-03 22:21:24,259 WARN  server.GrpcLogAppender (LogUtils.java:warn(134)) - 1e752786-2ac8-4902-8fcc-43fce6129c02->d3698b3f-1344-4ce7-a2e3-7ee27cbcefb9: Failed appendEntries: org.apache.ratis.thirdparty.io.grpc.StatusRuntimeException: CANCELLED: HTTP/2 error code: CANCEL
Received Rst Stream
2019-07-03 22:21:24,263 INFO  impl.FollowerInfo (FollowerInfo.java:lambda$new$0(50)) - 1e752786-2ac8-4902-8fcc-43fce6129c02->d3698b3f-1344-4ce7-a2e3-7ee27cbcefb9: nextIndex: updateUnconditionally 3 -> 2
2019-07-03 22:21:24,263 WARN  fs.CachingGetSpaceUsed (CachingGetSpaceUsed.java:run(183)) - Thread Interrupted waiting to refresh disk information: sleep interrupted
2019-07-03 22:21:24,311 INFO  statemachine.DatanodeStateMachine (DatanodeStateMachine.java:stopDaemon(395)) - Ozone container server stopped.
2019-07-03 22:21:24,313 INFO  handler.ContextHandler (ContextHandler.java:doStop(910)) - Stopped o.e.j.w.WebAppContext@6e90cec8{/,null,UNAVAILABLE}{/hddsDatanode}
2019-07-03 22:21:24,314 INFO  server.AbstractConnector (AbstractConnector.java:doStop(318)) - Stopped ServerConnector@13f182b9{HTTP/1.1,[http/1.1]}{0.0.0.0:0}
2019-07-03 22:21:24,314 INFO  handler.ContextHandler (ContextHandler.java:doStop(910)) - Stopped o.e.j.s.ServletContextHandler@5f911d24{/static,jar:file:/home/user/.m2/repository/org/apache/hadoop/hadoop-hdds-container-service/0.5.0-SNAPSHOT/hadoop-hdds-container-service-0.5.0-SNAPSHOT.jar!/webapps/static,UNAVAILABLE}
2019-07-03 22:21:24,314 INFO  handler.ContextHandler (ContextHandler.java:doStop(910)) - Stopped o.e.j.s.ServletContextHandler@60fbc34d{/logs,file:///opt/src/hadoop-ozone/integration-test/target/log,UNAVAILABLE}
2019-07-03 22:21:24,315 INFO  datanode.ObjectStoreHandler (ObjectStoreHandler.java:close(155)) - Closing ObjectStoreHandler.
2019-07-03 22:21:24,317 INFO  ozone.HddsDatanodeService (HddsDatanodeService.java:stop(452)) - Stopped plug-in org.apache.hadoop.ozone.web.OzoneHddsDatanodeService@5ebf776c
2019-07-03 22:21:24,317 INFO  statemachine.DatanodeStateMachine (DatanodeStateMachine.java:lambda$startDaemon$0(350)) - Ozone container server started.
2019-07-03 22:21:24,317 INFO  ozoneimpl.OzoneContainer (OzoneContainer.java:stop(199)) - Attempting to stop container services.
2019-07-03 22:21:24,318 INFO  impl.RaftServerProxy (RaftServerProxy.java:lambda$close$4(314)) - 87cfe954-f73b-4338-b667-ddb9ab422782: close
2019-07-03 22:21:24,319 INFO  impl.RaftServerImpl (RaftServerImpl.java:lambda$shutdown$3(245)) - 87cfe954-f73b-4338-b667-ddb9ab422782: shutdown group-4149844BDEDD
2019-07-03 22:21:24,319 INFO  impl.RaftServerImpl (RaftServerImpl.java:lambda$shutdown$3(245)) - 87cfe954-f73b-4338-b667-ddb9ab422782: shutdown group-39D97B489EF2
2019-07-03 22:21:24,319 INFO  util.JmxRegister (JmxRegister.java:unregister(73)) - Successfully un-registered JMX Bean with object name Ratis:service=RaftServer,group=group-4149844BDEDD,id=87cfe954-f73b-4338-b667-ddb9ab422782
2019-07-03 22:21:24,319 INFO  util.JmxRegister (JmxRegister.java:unregister(73)) - Successfully un-registered JMX Bean with object name Ratis:service=RaftServer,group=group-39D97B489EF2,id=87cfe954-f73b-4338-b667-ddb9ab422782
2019-07-03 22:21:24,320 INFO  impl.RoleInfo (RoleInfo.java:shutdownLeaderState(104)) - 87cfe954-f73b-4338-b667-ddb9ab422782: shutdown LeaderState
2019-07-03 22:21:24,320 INFO  impl.RoleInfo (RoleInfo.java:shutdownFollowerState(121)) - 87cfe954-f73b-4338-b667-ddb9ab422782: shutdown FollowerState
2019-07-03 22:21:24,320 INFO  impl.PendingRequests (PendingRequests.java:sendNotLeaderResponses(202)) - 87cfe954-f73b-4338-b667-ddb9ab422782-PendingRequests: sendNotLeaderResponses
2019-07-03 22:21:24,320 INFO  ratis.ContainerStateMachine (ContainerStateMachine.java:takeSnapshot(244)) - Taking snapshot at termIndex:(t:1, i:1)
2019-07-03 22:21:24,321 INFO  impl.StateMachineUpdater (StateMachineUpdater.java:stopAndJoin(115)) - StateMachineUpdater:87cfe954-f73b-4338-b667-ddb9ab422782:group-4149844BDEDD: set stopIndex = 0
2019-07-03 22:21:24,320 INFO  impl.FollowerState (FollowerState.java:run(114)) - 87cfe954-f73b-4338-b667-ddb9ab422782: FollowerState was interrupted: java.lang.InterruptedException: sleep interrupted
2019-07-03 22:21:24,320 INFO  impl.StateMachineUpdater (StateMachineUpdater.java:stopAndJoin(115)) - StateMachineUpdater:87cfe954-f73b-4338-b667-ddb9ab422782:group-39D97B489EF2: set stopIndex = 1
2019-07-03 22:21:24,321 INFO  ratis.ContainerStateMachine (ContainerStateMachine.java:takeSnapshot(244)) - Taking snapshot at termIndex:(t:0, i:~)
2019-07-03 22:21:24,321 INFO  ratis.ContainerStateMachine (ContainerStateMachine.java:takeSnapshot(248)) - Taking a snapshot to file /opt/src/hadoop-ozone/integration-test/target/test-dir/MiniOzoneClusterImpl-737b2755-c87f-4af6-b1f9-662dbe2214cd/datanode-0/data/ratis/482d53f3-533a-4aee-bfd0-39d97b489ef2/sm/snapshot.1_1
2019-07-03 22:21:24,322 INFO  impl.RaftServerImpl (ServerState.java:close(394)) - 87cfe954-f73b-4338-b667-ddb9ab422782:group-4149844BDEDD closes. The last applied log index is 0
2019-07-03 22:21:24,322 INFO  impl.StateMachineUpdater (StateMachineUpdater.java:takeSnapshot(242)) - StateMachineUpdater:87cfe954-f73b-4338-b667-ddb9ab422782:group-39D97B489EF2: Took a snapshot at index 1
2019-07-03 22:21:24,322 INFO  segmented.SegmentedRaftLogWorker (SegmentedRaftLogWorker.java:run(313)) - 87cfe954-f73b-4338-b667-ddb9ab422782-SegmentedRaftLogWorker:Storage Directory /opt/src/hadoop-ozone/integration-test/target/test-dir/MiniOzoneClusterImpl-737b2755-c87f-4af6-b1f9-662dbe2214cd/datanode-0/data/ratis/983bf3b7-5b5b-417f-a981-4149844bdedd was interrupted, exiting. There are 0 tasks remaining in the queue.
2019-07-03 22:21:24,322 INFO  impl.StateMachineUpdater (StateMachineUpdater.java:lambda$new$0(80)) - StateMachineUpdater:87cfe954-f73b-4338-b667-ddb9ab422782:group-39D97B489EF2: snapshotIndex: updateIncreasingly -1 -> 1
2019-07-03 22:21:24,323 INFO  segmented.SegmentedRaftLogWorker (SegmentedRaftLogWorker.java:close(228)) - 87cfe954-f73b-4338-b667-ddb9ab422782-SegmentedRaftLogWorker:Storage Directory /opt/src/hadoop-ozone/integration-test/target/test-dir/MiniOzoneClusterImpl-737b2755-c87f-4af6-b1f9-662dbe2214cd/datanode-0/data/ratis/983bf3b7-5b5b-417f-a981-4149844bdedd close()
2019-07-03 22:21:24,323 INFO  impl.RaftServerImpl (ServerState.java:close(394)) - 87cfe954-f73b-4338-b667-ddb9ab422782:group-39D97B489EF2 closes. The last applied log index is 1
2019-07-03 22:21:24,326 INFO  segmented.SegmentedRaftLogWorker (SegmentedRaftLogWorker.java:run(313)) - 87cfe954-f73b-4338-b667-ddb9ab422782-SegmentedRaftLogWorker:Storage Directory /opt/src/hadoop-ozone/integration-test/target/test-dir/MiniOzoneClusterImpl-737b2755-c87f-4af6-b1f9-662dbe2214cd/datanode-0/data/ratis/482d53f3-533a-4aee-bfd0-39d97b489ef2 was interrupted, exiting. There are 0 tasks remaining in the queue.
2019-07-03 22:21:24,326 INFO  segmented.SegmentedRaftLogWorker (SegmentedRaftLogWorker.java:close(228)) - 87cfe954-f73b-4338-b667-ddb9ab422782-SegmentedRaftLogWorker:Storage Directory /opt/src/hadoop-ozone/integration-test/target/test-dir/MiniOzoneClusterImpl-737b2755-c87f-4af6-b1f9-662dbe2214cd/datanode-0/data/ratis/482d53f3-533a-4aee-bfd0-39d97b489ef2 close()
2019-07-03 22:21:24,329 INFO  server.GrpcService (GrpcService.java:closeImpl(155)) - 87cfe954-f73b-4338-b667-ddb9ab422782: shutdown server with port 33182 now
2019-07-03 22:21:24,331 WARN  server.GrpcServerProtocolService (LogUtils.java:warn(134)) - 87cfe954-f73b-4338-b667-ddb9ab422782: appendEntries onError: org.apache.ratis.thirdparty.io.grpc.StatusRuntimeException: CANCELLED: cancelled before receiving half close
2019-07-03 22:21:24,331 INFO  server.GrpcService (GrpcService.java:closeImpl(163)) - 87cfe954-f73b-4338-b667-ddb9ab422782: shutdown server with port 33182 successfully
2019-07-03 22:21:24,331 WARN  server.GrpcLogAppender (LogUtils.java:warn(134)) - 1e752786-2ac8-4902-8fcc-43fce6129c02->87cfe954-f73b-4338-b667-ddb9ab422782: Failed appendEntries: org.apache.ratis.thirdparty.io.grpc.StatusRuntimeException: CANCELLED: HTTP/2 error code: CANCEL
Received Rst Stream
2019-07-03 22:21:24,340 INFO  impl.FollowerInfo (FollowerInfo.java:lambda$new$0(50)) - 1e752786-2ac8-4902-8fcc-43fce6129c02->87cfe954-f73b-4338-b667-ddb9ab422782: nextIndex: updateUnconditionally 3 -> 2
2019-07-03 22:21:24,341 WARN  fs.CachingGetSpaceUsed (CachingGetSpaceUsed.java:run(183)) - Thread Interrupted waiting to refresh disk information: sleep interrupted
2019-07-03 22:21:24,363 INFO  statemachine.DatanodeStateMachine (DatanodeStateMachine.java:stopDaemon(395)) - Ozone container server stopped.
2019-07-03 22:21:24,364 INFO  handler.ContextHandler (ContextHandler.java:doStop(910)) - Stopped o.e.j.w.WebAppContext@77a85e76{/,null,UNAVAILABLE}{/hddsDatanode}
2019-07-03 22:21:24,364 INFO  server.AbstractConnector (AbstractConnector.java:doStop(318)) - Stopped ServerConnector@2cebf82f{HTTP/1.1,[http/1.1]}{0.0.0.0:0}
2019-07-03 22:21:24,365 INFO  handler.ContextHandler (ContextHandler.java:doStop(910)) - Stopped o.e.j.s.ServletContextHandler@3835d3fd{/static,jar:file:/home/user/.m2/repository/org/apache/hadoop/hadoop-hdds-container-service/0.5.0-SNAPSHOT/hadoop-hdds-container-service-0.5.0-SNAPSHOT.jar!/webapps/static,UNAVAILABLE}
2019-07-03 22:21:24,365 INFO  handler.ContextHandler (ContextHandler.java:doStop(910)) - Stopped o.e.j.s.ServletContextHandler@6d842877{/logs,file:///opt/src/hadoop-ozone/integration-test/target/log,UNAVAILABLE}
2019-07-03 22:21:24,663 WARN  server.GrpcLogAppender (LogUtils.java:warn(134)) - 1e752786-2ac8-4902-8fcc-43fce6129c02->d3698b3f-1344-4ce7-a2e3-7ee27cbcefb9: Failed appendEntries: org.apache.ratis.thirdparty.io.grpc.StatusRuntimeException: UNAVAILABLE: io exception
2019-07-03 22:21:24,663 WARN  server.GrpcLogAppender (LogUtils.java:warn(134)) - 1e752786-2ac8-4902-8fcc-43fce6129c02->87cfe954-f73b-4338-b667-ddb9ab422782: Failed appendEntries: org.apache.ratis.thirdparty.io.grpc.StatusRuntimeException: UNAVAILABLE: io exception
2019-07-03 22:21:24,664 INFO  impl.FollowerInfo (FollowerInfo.java:lambda$new$0(50)) - 1e752786-2ac8-4902-8fcc-43fce6129c02->d3698b3f-1344-4ce7-a2e3-7ee27cbcefb9: nextIndex: updateUnconditionally 2 -> 1
2019-07-03 22:21:24,664 INFO  impl.FollowerInfo (FollowerInfo.java:lambda$new$0(50)) - 1e752786-2ac8-4902-8fcc-43fce6129c02->87cfe954-f73b-4338-b667-ddb9ab422782: nextIndex: updateUnconditionally 2 -> 1
2019-07-03 22:21:25,164 WARN  server.GrpcLogAppender (LogUtils.java:warn(134)) - 1e752786-2ac8-4902-8fcc-43fce6129c02->d3698b3f-1344-4ce7-a2e3-7ee27cbcefb9: Failed appendEntries: org.apache.ratis.thirdparty.io.grpc.StatusRuntimeException: UNAVAILABLE: io exception
2019-07-03 22:21:25,164 WARN  server.GrpcLogAppender (LogUtils.java:warn(134)) - 1e752786-2ac8-4902-8fcc-43fce6129c02->87cfe954-f73b-4338-b667-ddb9ab422782: Failed appendEntries: org.apache.ratis.thirdparty.io.grpc.StatusRuntimeException: UNAVAILABLE: io exception
2019-07-03 22:21:25,164 INFO  impl.FollowerInfo (FollowerInfo.java:lambda$new$0(50)) - 1e752786-2ac8-4902-8fcc-43fce6129c02->d3698b3f-1344-4ce7-a2e3-7ee27cbcefb9: nextIndex: updateUnconditionally 1 -> 0
2019-07-03 22:21:25,165 INFO  impl.FollowerInfo (FollowerInfo.java:lambda$new$0(50)) - 1e752786-2ac8-4902-8fcc-43fce6129c02->87cfe954-f73b-4338-b667-ddb9ab422782: nextIndex: updateUnconditionally 1 -> 0
2019-07-03 22:21:25,665 WARN  server.GrpcLogAppender (LogUtils.java:warn(134)) - 1e752786-2ac8-4902-8fcc-43fce6129c02->d3698b3f-1344-4ce7-a2e3-7ee27cbcefb9: Failed appendEntries: org.apache.ratis.thirdparty.io.grpc.StatusRuntimeException: UNAVAILABLE: io exception
2019-07-03 22:21:25,666 WARN  server.GrpcLogAppender (LogUtils.java:warn(134)) - 1e752786-2ac8-4902-8fcc-43fce6129c02->87cfe954-f73b-4338-b667-ddb9ab422782: Failed appendEntries: org.apache.ratis.thirdparty.io.grpc.StatusRuntimeException: UNAVAILABLE: io exception
2019-07-03 22:21:25,666 INFO  impl.FollowerInfo (FollowerInfo.java:lambda$new$0(50)) - 1e752786-2ac8-4902-8fcc-43fce6129c02->d3698b3f-1344-4ce7-a2e3-7ee27cbcefb9: nextIndex: updateUnconditionally 0 -> 0
2019-07-03 22:21:25,666 INFO  impl.FollowerInfo (FollowerInfo.java:lambda$new$0(50)) - 1e752786-2ac8-4902-8fcc-43fce6129c02->87cfe954-f73b-4338-b667-ddb9ab422782: nextIndex: updateUnconditionally 0 -> 0
2019-07-03 22:21:26,166 WARN  server.GrpcLogAppender (LogUtils.java:warn(134)) - 1e752786-2ac8-4902-8fcc-43fce6129c02->87cfe954-f73b-4338-b667-ddb9ab422782: Failed appendEntries: org.apache.ratis.thirdparty.io.grpc.StatusRuntimeException: UNAVAILABLE: io exception
2019-07-03 22:21:26,166 WARN  server.GrpcLogAppender (LogUtils.java:warn(134)) - 1e752786-2ac8-4902-8fcc-43fce6129c02->d3698b3f-1344-4ce7-a2e3-7ee27cbcefb9: Failed appendEntries: org.apache.ratis.thirdparty.io.grpc.StatusRuntimeException: UNAVAILABLE: io exception
2019-07-03 22:21:26,166 INFO  impl.FollowerInfo (FollowerInfo.java:lambda$new$0(50)) - 1e752786-2ac8-4902-8fcc-43fce6129c02->87cfe954-f73b-4338-b667-ddb9ab422782: nextIndex: updateUnconditionally 0 -> 0
2019-07-03 22:21:26,167 INFO  impl.FollowerInfo (FollowerInfo.java:lambda$new$0(50)) - 1e752786-2ac8-4902-8fcc-43fce6129c02->d3698b3f-1344-4ce7-a2e3-7ee27cbcefb9: nextIndex: updateUnconditionally 0 -> 0
2019-07-03 22:21:26,667 WARN  server.GrpcLogAppender (LogUtils.java:warn(134)) - 1e752786-2ac8-4902-8fcc-43fce6129c02->87cfe954-f73b-4338-b667-ddb9ab422782: Failed appendEntries: org.apache.ratis.thirdparty.io.grpc.StatusRuntimeException: UNAVAILABLE: io exception
2019-07-03 22:21:26,667 WARN  server.GrpcLogAppender (LogUtils.java:warn(134)) - 1e752786-2ac8-4902-8fcc-43fce6129c02->d3698b3f-1344-4ce7-a2e3-7ee27cbcefb9: Failed appendEntries: org.apache.ratis.thirdparty.io.grpc.StatusRuntimeException: UNAVAILABLE: io exception
2019-07-03 22:21:26,667 INFO  impl.FollowerInfo (FollowerInfo.java:lambda$new$0(50)) - 1e752786-2ac8-4902-8fcc-43fce6129c02->87cfe954-f73b-4338-b667-ddb9ab422782: nextIndex: updateUnconditionally 0 -> 0
2019-07-03 22:21:26,668 INFO  impl.FollowerInfo (FollowerInfo.java:lambda$new$0(50)) - 1e752786-2ac8-4902-8fcc-43fce6129c02->d3698b3f-1344-4ce7-a2e3-7ee27cbcefb9: nextIndex: updateUnconditionally 0 -> 0
2019-07-03 22:21:27,167 WARN  server.GrpcLogAppender (LogUtils.java:warn(134)) - 1e752786-2ac8-4902-8fcc-43fce6129c02->87cfe954-f73b-4338-b667-ddb9ab422782: Failed appendEntries: org.apache.ratis.thirdparty.io.grpc.StatusRuntimeException: UNAVAILABLE: io exception
2019-07-03 22:21:27,168 INFO  impl.FollowerInfo (FollowerInfo.java:lambda$new$0(50)) - 1e752786-2ac8-4902-8fcc-43fce6129c02->87cfe954-f73b-4338-b667-ddb9ab422782: nextIndex: updateUnconditionally 0 -> 0
2019-07-03 22:21:27,168 WARN  server.GrpcLogAppender (LogUtils.java:warn(134)) - 1e752786-2ac8-4902-8fcc-43fce6129c02->d3698b3f-1344-4ce7-a2e3-7ee27cbcefb9: Failed appendEntries: org.apache.ratis.thirdparty.io.grpc.StatusRuntimeException: UNAVAILABLE: io exception
2019-07-03 22:21:27,168 INFO  impl.FollowerInfo (FollowerInfo.java:lambda$new$0(50)) - 1e752786-2ac8-4902-8fcc-43fce6129c02->d3698b3f-1344-4ce7-a2e3-7ee27cbcefb9: nextIndex: updateUnconditionally 0 -> 0
2019-07-03 22:21:27,669 WARN  server.GrpcLogAppender (LogUtils.java:warn(134)) - 1e752786-2ac8-4902-8fcc-43fce6129c02->d3698b3f-1344-4ce7-a2e3-7ee27cbcefb9: Failed appendEntries: org.apache.ratis.thirdparty.io.grpc.StatusRuntimeException: UNAVAILABLE: io exception
2019-07-03 22:21:27,672 INFO  impl.FollowerInfo (FollowerInfo.java:lambda$new$0(50)) - 1e752786-2ac8-4902-8fcc-43fce6129c02->d3698b3f-1344-4ce7-a2e3-7ee27cbcefb9: nextIndex: updateUnconditionally 0 -> 0
2019-07-03 22:21:27,672 WARN  server.GrpcLogAppender (LogUtils.java:warn(134)) - 1e752786-2ac8-4902-8fcc-43fce6129c02->87cfe954-f73b-4338-b667-ddb9ab422782: Failed appendEntries: org.apache.ratis.thirdparty.io.grpc.StatusRuntimeException: UNAVAILABLE: io exception
2019-07-03 22:21:27,673 INFO  impl.FollowerInfo (FollowerInfo.java:lambda$new$0(50)) - 1e752786-2ac8-4902-8fcc-43fce6129c02->87cfe954-f73b-4338-b667-ddb9ab422782: nextIndex: updateUnconditionally 0 -> 0
2019-07-03 22:21:28,170 WARN  server.GrpcLogAppender (LogUtils.java:warn(134)) - 1e752786-2ac8-4902-8fcc-43fce6129c02->87cfe954-f73b-4338-b667-ddb9ab422782: Failed appendEntries: org.apache.ratis.thirdparty.io.grpc.StatusRuntimeException: UNAVAILABLE: io exception
2019-07-03 22:21:28,170 WARN  server.GrpcLogAppender (LogUtils.java:warn(134)) - 1e752786-2ac8-4902-8fcc-43fce6129c02->d3698b3f-1344-4ce7-a2e3-7ee27cbcefb9: Failed appendEntries: org.apache.ratis.thirdparty.io.grpc.StatusRuntimeException: UNAVAILABLE: io exception
2019-07-03 22:21:28,171 INFO  impl.FollowerInfo (FollowerInfo.java:lambda$new$0(50)) - 1e752786-2ac8-4902-8fcc-43fce6129c02->87cfe954-f73b-4338-b667-ddb9ab422782: nextIndex: updateUnconditionally 0 -> 0
2019-07-03 22:21:28,171 INFO  impl.FollowerInfo (FollowerInfo.java:lambda$new$0(50)) - 1e752786-2ac8-4902-8fcc-43fce6129c02->d3698b3f-1344-4ce7-a2e3-7ee27cbcefb9: nextIndex: updateUnconditionally 0 -> 0
2019-07-03 22:21:28,672 WARN  server.GrpcLogAppender (LogUtils.java:warn(134)) - 1e752786-2ac8-4902-8fcc-43fce6129c02->87cfe954-f73b-4338-b667-ddb9ab422782: Failed appendEntries: org.apache.ratis.thirdparty.io.grpc.StatusRuntimeException: UNAVAILABLE: io exception
2019-07-03 22:21:28,672 WARN  server.GrpcLogAppender (LogUtils.java:warn(134)) - 1e752786-2ac8-4902-8fcc-43fce6129c02->d3698b3f-1344-4ce7-a2e3-7ee27cbcefb9: Failed appendEntries: org.apache.ratis.thirdparty.io.grpc.StatusRuntimeException: UNAVAILABLE: io exception
2019-07-03 22:21:28,672 INFO  impl.FollowerInfo (FollowerInfo.java:lambda$new$0(50)) - 1e752786-2ac8-4902-8fcc-43fce6129c02->87cfe954-f73b-4338-b667-ddb9ab422782: nextIndex: updateUnconditionally 0 -> 0
2019-07-03 22:21:28,673 INFO  impl.FollowerInfo (FollowerInfo.java:lambda$new$0(50)) - 1e752786-2ac8-4902-8fcc-43fce6129c02->d3698b3f-1344-4ce7-a2e3-7ee27cbcefb9: nextIndex: updateUnconditionally 0 -> 0
2019-07-03 22:21:29,172 WARN  server.GrpcLogAppender (LogUtils.java:warn(134)) - 1e752786-2ac8-4902-8fcc-43fce6129c02->d3698b3f-1344-4ce7-a2e3-7ee27cbcefb9: Failed appendEntries: org.apache.ratis.thirdparty.io.grpc.StatusRuntimeException: UNAVAILABLE: io exception
2019-07-03 22:21:29,172 WARN  server.GrpcLogAppender (LogUtils.java:warn(134)) - 1e752786-2ac8-4902-8fcc-43fce6129c02->87cfe954-f73b-4338-b667-ddb9ab422782: Failed appendEntries: org.apache.ratis.thirdparty.io.grpc.StatusRuntimeException: UNAVAILABLE: io exception
2019-07-03 22:21:29,172 INFO  impl.FollowerInfo (FollowerInfo.java:lambda$new$0(50)) - 1e752786-2ac8-4902-8fcc-43fce6129c02->d3698b3f-1344-4ce7-a2e3-7ee27cbcefb9: nextIndex: updateUnconditionally 0 -> 0
2019-07-03 22:21:29,173 INFO  impl.FollowerInfo (FollowerInfo.java:lambda$new$0(50)) - 1e752786-2ac8-4902-8fcc-43fce6129c02->87cfe954-f73b-4338-b667-ddb9ab422782: nextIndex: updateUnconditionally 0 -> 0
2019-07-03 22:21:29,674 WARN  server.GrpcLogAppender (LogUtils.java:warn(134)) - 1e752786-2ac8-4902-8fcc-43fce6129c02->d3698b3f-1344-4ce7-a2e3-7ee27cbcefb9: Failed appendEntries: org.apache.ratis.thirdparty.io.grpc.StatusRuntimeException: UNAVAILABLE: io exception
2019-07-03 22:21:29,674 WARN  server.GrpcLogAppender (LogUtils.java:warn(134)) - 1e752786-2ac8-4902-8fcc-43fce6129c02->87cfe954-f73b-4338-b667-ddb9ab422782: Failed appendEntries: org.apache.ratis.thirdparty.io.grpc.StatusRuntimeException: UNAVAILABLE: io exception
2019-07-03 22:21:29,674 INFO  impl.FollowerInfo (FollowerInfo.java:lambda$new$0(50)) - 1e752786-2ac8-4902-8fcc-43fce6129c02->d3698b3f-1344-4ce7-a2e3-7ee27cbcefb9: nextIndex: updateUnconditionally 0 -> 0
2019-07-03 22:21:29,674 INFO  impl.FollowerInfo (FollowerInfo.java:lambda$new$0(50)) - 1e752786-2ac8-4902-8fcc-43fce6129c02->87cfe954-f73b-4338-b667-ddb9ab422782: nextIndex: updateUnconditionally 0 -> 0
2019-07-03 22:21:30,175 WARN  server.GrpcLogAppender (LogUtils.java:warn(134)) - 1e752786-2ac8-4902-8fcc-43fce6129c02->d3698b3f-1344-4ce7-a2e3-7ee27cbcefb9: Failed appendEntries: org.apache.ratis.thirdparty.io.grpc.StatusRuntimeException: UNAVAILABLE: io exception
2019-07-03 22:21:30,175 WARN  server.GrpcLogAppender (LogUtils.java:warn(134)) - 1e752786-2ac8-4902-8fcc-43fce6129c02->87cfe954-f73b-4338-b667-ddb9ab422782: Failed appendEntries: org.apache.ratis.thirdparty.io.grpc.StatusRuntimeException: UNAVAILABLE: io exception
2019-07-03 22:21:30,176 INFO  impl.FollowerInfo (FollowerInfo.java:lambda$new$0(50)) - 1e752786-2ac8-4902-8fcc-43fce6129c02->d3698b3f-1344-4ce7-a2e3-7ee27cbcefb9: nextIndex: updateUnconditionally 0 -> 0
2019-07-03 22:21:30,176 INFO  impl.FollowerInfo (FollowerInfo.java:lambda$new$0(50)) - 1e752786-2ac8-4902-8fcc-43fce6129c02->87cfe954-f73b-4338-b667-ddb9ab422782: nextIndex: updateUnconditionally 0 -> 0
2019-07-03 22:21:30,678 WARN  server.GrpcLogAppender (LogUtils.java:warn(134)) - 1e752786-2ac8-4902-8fcc-43fce6129c02->d3698b3f-1344-4ce7-a2e3-7ee27cbcefb9: Failed appendEntries: org.apache.ratis.thirdparty.io.grpc.StatusRuntimeException: UNAVAILABLE: io exception
2019-07-03 22:21:30,678 WARN  server.GrpcLogAppender (LogUtils.java:warn(134)) - 1e752786-2ac8-4902-8fcc-43fce6129c02->87cfe954-f73b-4338-b667-ddb9ab422782: Failed appendEntries: org.apache.ratis.thirdparty.io.grpc.StatusRuntimeException: UNAVAILABLE: io exception
2019-07-03 22:21:30,679 INFO  impl.FollowerInfo (FollowerInfo.java:lambda$new$0(50)) - 1e752786-2ac8-4902-8fcc-43fce6129c02->d3698b3f-1344-4ce7-a2e3-7ee27cbcefb9: nextIndex: updateUnconditionally 0 -> 0
2019-07-03 22:21:30,679 INFO  impl.FollowerInfo (FollowerInfo.java:lambda$new$0(50)) - 1e752786-2ac8-4902-8fcc-43fce6129c02->87cfe954-f73b-4338-b667-ddb9ab422782: nextIndex: updateUnconditionally 0 -> 0
2019-07-03 22:21:31,177 WARN  server.GrpcLogAppender (LogUtils.java:warn(134)) - 1e752786-2ac8-4902-8fcc-43fce6129c02->87cfe954-f73b-4338-b667-ddb9ab422782: Failed appendEntries: org.apache.ratis.thirdparty.io.grpc.StatusRuntimeException: UNAVAILABLE: io exception
2019-07-03 22:21:31,177 WARN  server.GrpcLogAppender (LogUtils.java:warn(134)) - 1e752786-2ac8-4902-8fcc-43fce6129c02->d3698b3f-1344-4ce7-a2e3-7ee27cbcefb9: Failed appendEntries: org.apache.ratis.thirdparty.io.grpc.StatusRuntimeException: UNAVAILABLE: io exception
2019-07-03 22:21:31,178 INFO  impl.FollowerInfo (FollowerInfo.java:lambda$new$0(50)) - 1e752786-2ac8-4902-8fcc-43fce6129c02->87cfe954-f73b-4338-b667-ddb9ab422782: nextIndex: updateUnconditionally 0 -> 0
2019-07-03 22:21:31,178 INFO  impl.FollowerInfo (FollowerInfo.java:lambda$new$0(50)) - 1e752786-2ac8-4902-8fcc-43fce6129c02->d3698b3f-1344-4ce7-a2e3-7ee27cbcefb9: nextIndex: updateUnconditionally 0 -> 0
2019-07-03 22:21:31,678 WARN  server.GrpcLogAppender (LogUtils.java:warn(134)) - 1e752786-2ac8-4902-8fcc-43fce6129c02->87cfe954-f73b-4338-b667-ddb9ab422782: Failed appendEntries: org.apache.ratis.thirdparty.io.grpc.StatusRuntimeException: UNAVAILABLE: io exception
2019-07-03 22:21:31,678 WARN  server.GrpcLogAppender (LogUtils.java:warn(134)) - 1e752786-2ac8-4902-8fcc-43fce6129c02->d3698b3f-1344-4ce7-a2e3-7ee27cbcefb9: Failed appendEntries: org.apache.ratis.thirdparty.io.grpc.StatusRuntimeException: UNAVAILABLE: io exception
2019-07-03 22:21:31,678 INFO  impl.FollowerInfo (FollowerInfo.java:lambda$new$0(50)) - 1e752786-2ac8-4902-8fcc-43fce6129c02->87cfe954-f73b-4338-b667-ddb9ab422782: nextIndex: updateUnconditionally 0 -> 0
2019-07-03 22:21:31,678 INFO  impl.FollowerInfo (FollowerInfo.java:lambda$new$0(50)) - 1e752786-2ac8-4902-8fcc-43fce6129c02->d3698b3f-1344-4ce7-a2e3-7ee27cbcefb9: nextIndex: updateUnconditionally 0 -> 0
2019-07-03 22:21:32,178 WARN  server.GrpcLogAppender (LogUtils.java:warn(134)) - 1e752786-2ac8-4902-8fcc-43fce6129c02->87cfe954-f73b-4338-b667-ddb9ab422782: Failed appendEntries: org.apache.ratis.thirdparty.io.grpc.StatusRuntimeException: UNAVAILABLE: io exception
2019-07-03 22:21:32,178 WARN  server.GrpcLogAppender (LogUtils.java:warn(134)) - 1e752786-2ac8-4902-8fcc-43fce6129c02->d3698b3f-1344-4ce7-a2e3-7ee27cbcefb9: Failed appendEntries: org.apache.ratis.thirdparty.io.grpc.StatusRuntimeException: UNAVAILABLE: io exception
2019-07-03 22:21:32,179 INFO  impl.FollowerInfo (FollowerInfo.java:lambda$new$0(50)) - 1e752786-2ac8-4902-8fcc-43fce6129c02->87cfe954-f73b-4338-b667-ddb9ab422782: nextIndex: updateUnconditionally 0 -> 0
2019-07-03 22:21:32,179 INFO  impl.FollowerInfo (FollowerInfo.java:lambda$new$0(50)) - 1e752786-2ac8-4902-8fcc-43fce6129c02->d3698b3f-1344-4ce7-a2e3-7ee27cbcefb9: nextIndex: updateUnconditionally 0 -> 0
2019-07-03 22:21:32,679 WARN  server.GrpcLogAppender (LogUtils.java:warn(134)) - 1e752786-2ac8-4902-8fcc-43fce6129c02->d3698b3f-1344-4ce7-a2e3-7ee27cbcefb9: Failed appendEntries: org.apache.ratis.thirdparty.io.grpc.StatusRuntimeException: UNAVAILABLE: io exception
2019-07-03 22:21:32,679 INFO  impl.FollowerInfo (FollowerInfo.java:lambda$new$0(50)) - 1e752786-2ac8-4902-8fcc-43fce6129c02->d3698b3f-1344-4ce7-a2e3-7ee27cbcefb9: nextIndex: updateUnconditionally 0 -> 0
2019-07-03 22:21:32,679 WARN  server.GrpcLogAppender (LogUtils.java:warn(134)) - 1e752786-2ac8-4902-8fcc-43fce6129c02->87cfe954-f73b-4338-b667-ddb9ab422782: Failed appendEntries: org.apache.ratis.thirdparty.io.grpc.StatusRuntimeException: UNAVAILABLE: io exception
2019-07-03 22:21:32,680 INFO  impl.FollowerInfo (FollowerInfo.java:lambda$new$0(50)) - 1e752786-2ac8-4902-8fcc-43fce6129c02->87cfe954-f73b-4338-b667-ddb9ab422782: nextIndex: updateUnconditionally 0 -> 0
2019-07-03 22:21:33,180 WARN  server.GrpcLogAppender (LogUtils.java:warn(134)) - 1e752786-2ac8-4902-8fcc-43fce6129c02->87cfe954-f73b-4338-b667-ddb9ab422782: Failed appendEntries: org.apache.ratis.thirdparty.io.grpc.StatusRuntimeException: UNAVAILABLE: io exception
2019-07-03 22:21:33,180 WARN  server.GrpcLogAppender (LogUtils.java:warn(134)) - 1e752786-2ac8-4902-8fcc-43fce6129c02->d3698b3f-1344-4ce7-a2e3-7ee27cbcefb9: Failed appendEntries: org.apache.ratis.thirdparty.io.grpc.StatusRuntimeException: UNAVAILABLE: io exception
2019-07-03 22:21:33,180 INFO  impl.FollowerInfo (FollowerInfo.java:lambda$new$0(50)) - 1e752786-2ac8-4902-8fcc-43fce6129c02->87cfe954-f73b-4338-b667-ddb9ab422782: nextIndex: updateUnconditionally 0 -> 0
2019-07-03 22:21:33,181 INFO  impl.FollowerInfo (FollowerInfo.java:lambda$new$0(50)) - 1e752786-2ac8-4902-8fcc-43fce6129c02->d3698b3f-1344-4ce7-a2e3-7ee27cbcefb9: nextIndex: updateUnconditionally 0 -> 0
2019-07-03 22:21:33,680 WARN  server.GrpcLogAppender (LogUtils.java:warn(134)) - 1e752786-2ac8-4902-8fcc-43fce6129c02->87cfe954-f73b-4338-b667-ddb9ab422782: Failed appendEntries: org.apache.ratis.thirdparty.io.grpc.StatusRuntimeException: UNAVAILABLE: io exception
2019-07-03 22:21:33,680 WARN  server.GrpcLogAppender (LogUtils.java:warn(134)) - 1e752786-2ac8-4902-8fcc-43fce6129c02->d3698b3f-1344-4ce7-a2e3-7ee27cbcefb9: Failed appendEntries: org.apache.ratis.thirdparty.io.grpc.StatusRuntimeException: UNAVAILABLE: io exception
2019-07-03 22:21:33,681 INFO  impl.FollowerInfo (FollowerInfo.java:lambda$new$0(50)) - 1e752786-2ac8-4902-8fcc-43fce6129c02->87cfe954-f73b-4338-b667-ddb9ab422782: nextIndex: updateUnconditionally 0 -> 0
2019-07-03 22:21:33,681 INFO  impl.FollowerInfo (FollowerInfo.java:lambda$new$0(50)) - 1e752786-2ac8-4902-8fcc-43fce6129c02->d3698b3f-1344-4ce7-a2e3-7ee27cbcefb9: nextIndex: updateUnconditionally 0 -> 0
2019-07-03 22:21:34,182 WARN  server.GrpcLogAppender (LogUtils.java:warn(134)) - 1e752786-2ac8-4902-8fcc-43fce6129c02->87cfe954-f73b-4338-b667-ddb9ab422782: Failed appendEntries: org.apache.ratis.thirdparty.io.grpc.StatusRuntimeException: UNAVAILABLE: io exception
2019-07-03 22:21:34,182 WARN  server.GrpcLogAppender (LogUtils.java:warn(134)) - 1e752786-2ac8-4902-8fcc-43fce6129c02->d3698b3f-1344-4ce7-a2e3-7ee27cbcefb9: Failed appendEntries: org.apache.ratis.thirdparty.io.grpc.StatusRuntimeException: UNAVAILABLE: io exception
2019-07-03 22:21:34,183 INFO  impl.FollowerInfo (FollowerInfo.java:lambda$new$0(50)) - 1e752786-2ac8-4902-8fcc-43fce6129c02->87cfe954-f73b-4338-b667-ddb9ab422782: nextIndex: updateUnconditionally 0 -> 0
2019-07-03 22:21:34,183 INFO  impl.FollowerInfo (FollowerInfo.java:lambda$new$0(50)) - 1e752786-2ac8-4902-8fcc-43fce6129c02->d3698b3f-1344-4ce7-a2e3-7ee27cbcefb9: nextIndex: updateUnconditionally 0 -> 0
2019-07-03 22:21:34,588 INFO  client.GrpcClientProtocolService (GrpcClientProtocolService.java:lambda$processClientRequest$0(278)) - Failed RaftClientRequest:client-89DC47DCF6B0->1e752786-2ac8-4902-8fcc-43fce6129c02@group-39D97B489EF2, cid=67, seq=0, Watch-ALL_COMMITTED(2), Message:<EMPTY>, reply=RaftClientReply:client-89DC47DCF6B0->1e752786-2ac8-4902-8fcc-43fce6129c02@group-39D97B489EF2, cid=67, FAILED org.apache.ratis.protocol.NotReplicatedException: Request with call Id 67 and log index 2 is not yet replicated to ALL_COMMITTED, logIndex=2, commits[1e752786-2ac8-4902-8fcc-43fce6129c02:c2, d3698b3f-1344-4ce7-a2e3-7ee27cbcefb9:c1, 87cfe954-f73b-4338-b667-ddb9ab422782:c1]
2019-07-03 22:21:34,595 INFO  client.GrpcClientProtocolClient (GrpcClientProtocolClient.java:onNext(255)) - client-89DC47DCF6B0->1e752786-2ac8-4902-8fcc-43fce6129c02: receive RaftClientReply:client-89DC47DCF6B0->1e752786-2ac8-4902-8fcc-43fce6129c02@group-39D97B489EF2, cid=67, FAILED org.apache.ratis.protocol.NotReplicatedException: Request with call Id 67 and log index 2 is not yet replicated to ALL_COMMITTED, logIndex=2, commits[1e752786-2ac8-4902-8fcc-43fce6129c02:c2, d3698b3f-1344-4ce7-a2e3-7ee27cbcefb9:c1, 87cfe954-f73b-4338-b667-ddb9ab422782:c1]
2019-07-03 22:21:34,600 WARN  scm.XceiverClientRatis (XceiverClientRatis.java:watchForCommit(262)) - 3 way commit failed 
java.util.concurrent.ExecutionException: org.apache.ratis.protocol.NotReplicatedException: Request with call Id 67 and log index 2 is not yet replicated to ALL_COMMITTED
	at java.util.concurrent.CompletableFuture.reportGet(CompletableFuture.java:357)
	at java.util.concurrent.CompletableFuture.get(CompletableFuture.java:1915)
	at org.apache.hadoop.hdds.scm.XceiverClientRatis.watchForCommit(XceiverClientRatis.java:259)
	at org.apache.hadoop.ozone.client.rpc.TestWatchForCommit.testWatchForCommitForRetryfailure(TestWatchForCommit.java:347)
	at sun.reflect.NativeMethodAccessorImpl.invoke0(Native Method)
	at sun.reflect.NativeMethodAccessorImpl.invoke(NativeMethodAccessorImpl.java:62)
	at sun.reflect.DelegatingMethodAccessorImpl.invoke(DelegatingMethodAccessorImpl.java:43)
	at java.lang.reflect.Method.invoke(Method.java:498)
	at org.junit.runners.model.FrameworkMethod$1.runReflectiveCall(FrameworkMethod.java:47)
	at org.junit.internal.runners.model.ReflectiveCallable.run(ReflectiveCallable.java:12)
	at org.junit.runners.model.FrameworkMethod.invokeExplosively(FrameworkMethod.java:44)
	at org.junit.internal.runners.statements.InvokeMethod.evaluate(InvokeMethod.java:17)
	at org.junit.runners.ParentRunner.runLeaf(ParentRunner.java:271)
	at org.junit.runners.BlockJUnit4ClassRunner.runChild(BlockJUnit4ClassRunner.java:70)
	at org.junit.runners.BlockJUnit4ClassRunner.runChild(BlockJUnit4ClassRunner.java:50)
	at org.junit.runners.ParentRunner$3.run(ParentRunner.java:238)
	at org.junit.runners.ParentRunner$1.schedule(ParentRunner.java:63)
	at org.junit.runners.ParentRunner.runChildren(ParentRunner.java:236)
	at org.junit.runners.ParentRunner.access$000(ParentRunner.java:53)
	at org.junit.runners.ParentRunner$2.evaluate(ParentRunner.java:229)
	at org.junit.runners.ParentRunner.run(ParentRunner.java:309)
	at org.apache.maven.surefire.junit4.JUnit4Provider.execute(JUnit4Provider.java:365)
	at org.apache.maven.surefire.junit4.JUnit4Provider.executeWithRerun(JUnit4Provider.java:273)
	at org.apache.maven.surefire.junit4.JUnit4Provider.executeTestSet(JUnit4Provider.java:238)
	at org.apache.maven.surefire.junit4.JUnit4Provider.invoke(JUnit4Provider.java:159)
	at org.apache.maven.surefire.booter.ForkedBooter.invokeProviderInSameClassLoader(ForkedBooter.java:384)
	at org.apache.maven.surefire.booter.ForkedBooter.runSuitesInProcess(ForkedBooter.java:345)
	at org.apache.maven.surefire.booter.ForkedBooter.execute(ForkedBooter.java:126)
	at org.apache.maven.surefire.booter.ForkedBooter.main(ForkedBooter.java:418)
Caused by: org.apache.ratis.protocol.NotReplicatedException: Request with call Id 67 and log index 2 is not yet replicated to ALL_COMMITTED
	at org.apache.ratis.client.impl.ClientProtoUtils.toRaftClientReply(ClientProtoUtils.java:245)
	at org.apache.ratis.grpc.client.GrpcClientProtocolClient$AsyncStreamObservers$1.onNext(GrpcClientProtocolClient.java:254)
	at org.apache.ratis.grpc.client.GrpcClientProtocolClient$AsyncStreamObservers$1.onNext(GrpcClientProtocolClient.java:249)
	at org.apache.ratis.thirdparty.io.grpc.stub.ClientCalls$StreamObserverToCallListenerAdapter.onMessage(ClientCalls.java:421)
	at org.apache.ratis.thirdparty.io.grpc.ForwardingClientCallListener.onMessage(ForwardingClientCallListener.java:33)
	at org.apache.ratis.thirdparty.io.grpc.ForwardingClientCallListener.onMessage(ForwardingClientCallListener.java:33)
	at org.apache.ratis.thirdparty.io.grpc.internal.ClientCallImpl$ClientStreamListenerImpl$1MessagesAvailable.runInContext(ClientCallImpl.java:519)
	at org.apache.ratis.thirdparty.io.grpc.internal.ContextRunnable.run(ContextRunnable.java:37)
	at org.apache.ratis.thirdparty.io.grpc.internal.SerializingExecutor.run(SerializingExecutor.java:123)
	at java.util.concurrent.ThreadPoolExecutor.runWorker(ThreadPoolExecutor.java:1149)
	at java.util.concurrent.ThreadPoolExecutor$Worker.run(ThreadPoolExecutor.java:624)
	at java.lang.Thread.run(Thread.java:748)
2019-07-03 22:21:34,683 WARN  server.GrpcLogAppender (LogUtils.java:warn(134)) - 1e752786-2ac8-4902-8fcc-43fce6129c02->87cfe954-f73b-4338-b667-ddb9ab422782: Failed appendEntries: org.apache.ratis.thirdparty.io.grpc.StatusRuntimeException: UNAVAILABLE: io exception
2019-07-03 22:21:34,683 WARN  server.GrpcLogAppender (LogUtils.java:warn(134)) - 1e752786-2ac8-4902-8fcc-43fce6129c02->d3698b3f-1344-4ce7-a2e3-7ee27cbcefb9: Failed appendEntries: org.apache.ratis.thirdparty.io.grpc.StatusRuntimeException: UNAVAILABLE: io exception
2019-07-03 22:21:34,683 INFO  impl.FollowerInfo (FollowerInfo.java:lambda$new$0(50)) - 1e752786-2ac8-4902-8fcc-43fce6129c02->87cfe954-f73b-4338-b667-ddb9ab422782: nextIndex: updateUnconditionally 0 -> 0
2019-07-03 22:21:34,684 INFO  impl.FollowerInfo (FollowerInfo.java:lambda$new$0(50)) - 1e752786-2ac8-4902-8fcc-43fce6129c02->d3698b3f-1344-4ce7-a2e3-7ee27cbcefb9: nextIndex: updateUnconditionally 0 -> 0
2019-07-03 22:21:35,184 WARN  server.GrpcLogAppender (LogUtils.java:warn(134)) - 1e752786-2ac8-4902-8fcc-43fce6129c02->d3698b3f-1344-4ce7-a2e3-7ee27cbcefb9: Failed appendEntries: org.apache.ratis.thirdparty.io.grpc.StatusRuntimeException: UNAVAILABLE: io exception
2019-07-03 22:21:35,184 WARN  server.GrpcLogAppender (LogUtils.java:warn(134)) - 1e752786-2ac8-4902-8fcc-43fce6129c02->87cfe954-f73b-4338-b667-ddb9ab422782: Failed appendEntries: org.apache.ratis.thirdparty.io.grpc.StatusRuntimeException: UNAVAILABLE: io exception
2019-07-03 22:21:35,184 INFO  impl.FollowerInfo (FollowerInfo.java:lambda$new$0(50)) - 1e752786-2ac8-4902-8fcc-43fce6129c02->d3698b3f-1344-4ce7-a2e3-7ee27cbcefb9: nextIndex: updateUnconditionally 0 -> 0
2019-07-03 22:21:35,185 INFO  impl.FollowerInfo (FollowerInfo.java:lambda$new$0(50)) - 1e752786-2ac8-4902-8fcc-43fce6129c02->87cfe954-f73b-4338-b667-ddb9ab422782: nextIndex: updateUnconditionally 0 -> 0
2019-07-03 22:21:35,685 WARN  server.GrpcLogAppender (LogUtils.java:warn(134)) - 1e752786-2ac8-4902-8fcc-43fce6129c02->87cfe954-f73b-4338-b667-ddb9ab422782: Failed appendEntries: org.apache.ratis.thirdparty.io.grpc.StatusRuntimeException: UNAVAILABLE: io exception
2019-07-03 22:21:35,685 WARN  server.GrpcLogAppender (LogUtils.java:warn(134)) - 1e752786-2ac8-4902-8fcc-43fce6129c02->d3698b3f-1344-4ce7-a2e3-7ee27cbcefb9: Failed appendEntries: org.apache.ratis.thirdparty.io.grpc.StatusRuntimeException: UNAVAILABLE: io exception
2019-07-03 22:21:35,685 INFO  impl.FollowerInfo (FollowerInfo.java:lambda$new$0(50)) - 1e752786-2ac8-4902-8fcc-43fce6129c02->87cfe954-f73b-4338-b667-ddb9ab422782: nextIndex: updateUnconditionally 0 -> 0
2019-07-03 22:21:35,685 INFO  impl.FollowerInfo (FollowerInfo.java:lambda$new$0(50)) - 1e752786-2ac8-4902-8fcc-43fce6129c02->d3698b3f-1344-4ce7-a2e3-7ee27cbcefb9: nextIndex: updateUnconditionally 0 -> 0
2019-07-03 22:21:36,186 WARN  server.GrpcLogAppender (LogUtils.java:warn(134)) - 1e752786-2ac8-4902-8fcc-43fce6129c02->87cfe954-f73b-4338-b667-ddb9ab422782: Failed appendEntries: org.apache.ratis.thirdparty.io.grpc.StatusRuntimeException: UNAVAILABLE: io exception
2019-07-03 22:21:36,186 WARN  server.GrpcLogAppender (LogUtils.java:warn(134)) - 1e752786-2ac8-4902-8fcc-43fce6129c02->d3698b3f-1344-4ce7-a2e3-7ee27cbcefb9: Failed appendEntries: org.apache.ratis.thirdparty.io.grpc.StatusRuntimeException: UNAVAILABLE: io exception
2019-07-03 22:21:36,186 INFO  impl.FollowerInfo (FollowerInfo.java:lambda$new$0(50)) - 1e752786-2ac8-4902-8fcc-43fce6129c02->87cfe954-f73b-4338-b667-ddb9ab422782: nextIndex: updateUnconditionally 0 -> 0
2019-07-03 22:21:36,186 INFO  impl.FollowerInfo (FollowerInfo.java:lambda$new$0(50)) - 1e752786-2ac8-4902-8fcc-43fce6129c02->d3698b3f-1344-4ce7-a2e3-7ee27cbcefb9: nextIndex: updateUnconditionally 0 -> 0
2019-07-03 22:21:36,687 WARN  server.GrpcLogAppender (LogUtils.java:warn(134)) - 1e752786-2ac8-4902-8fcc-43fce6129c02->87cfe954-f73b-4338-b667-ddb9ab422782: Failed appendEntries: org.apache.ratis.thirdparty.io.grpc.StatusRuntimeException: UNAVAILABLE: io exception
2019-07-03 22:21:36,687 WARN  server.GrpcLogAppender (LogUtils.java:warn(134)) - 1e752786-2ac8-4902-8fcc-43fce6129c02->d3698b3f-1344-4ce7-a2e3-7ee27cbcefb9: Failed appendEntries: org.apache.ratis.thirdparty.io.grpc.StatusRuntimeException: UNAVAILABLE: io exception
2019-07-03 22:21:36,687 INFO  impl.FollowerInfo (FollowerInfo.java:lambda$new$0(50)) - 1e752786-2ac8-4902-8fcc-43fce6129c02->87cfe954-f73b-4338-b667-ddb9ab422782: nextIndex: updateUnconditionally 0 -> 0
2019-07-03 22:21:36,688 INFO  impl.FollowerInfo (FollowerInfo.java:lambda$new$0(50)) - 1e752786-2ac8-4902-8fcc-43fce6129c02->d3698b3f-1344-4ce7-a2e3-7ee27cbcefb9: nextIndex: updateUnconditionally 0 -> 0
2019-07-03 22:21:37,190 WARN  server.GrpcLogAppender (LogUtils.java:warn(134)) - 1e752786-2ac8-4902-8fcc-43fce6129c02->87cfe954-f73b-4338-b667-ddb9ab422782: Failed appendEntries: org.apache.ratis.thirdparty.io.grpc.StatusRuntimeException: UNAVAILABLE: io exception
2019-07-03 22:21:37,190 WARN  server.GrpcLogAppender (LogUtils.java:warn(134)) - 1e752786-2ac8-4902-8fcc-43fce6129c02->d3698b3f-1344-4ce7-a2e3-7ee27cbcefb9: Failed appendEntries: org.apache.ratis.thirdparty.io.grpc.StatusRuntimeException: UNAVAILABLE: io exception
2019-07-03 22:21:37,191 INFO  impl.FollowerInfo (FollowerInfo.java:lambda$new$0(50)) - 1e752786-2ac8-4902-8fcc-43fce6129c02->87cfe954-f73b-4338-b667-ddb9ab422782: nextIndex: updateUnconditionally 0 -> 0
2019-07-03 22:21:37,191 INFO  impl.FollowerInfo (FollowerInfo.java:lambda$new$0(50)) - 1e752786-2ac8-4902-8fcc-43fce6129c02->d3698b3f-1344-4ce7-a2e3-7ee27cbcefb9: nextIndex: updateUnconditionally 0 -> 0
2019-07-03 22:21:37,690 WARN  server.GrpcLogAppender (LogUtils.java:warn(134)) - 1e752786-2ac8-4902-8fcc-43fce6129c02->87cfe954-f73b-4338-b667-ddb9ab422782: Failed appendEntries: org.apache.ratis.thirdparty.io.grpc.StatusRuntimeException: UNAVAILABLE: io exception
2019-07-03 22:21:37,690 WARN  server.GrpcLogAppender (LogUtils.java:warn(134)) - 1e752786-2ac8-4902-8fcc-43fce6129c02->d3698b3f-1344-4ce7-a2e3-7ee27cbcefb9: Failed appendEntries: org.apache.ratis.thirdparty.io.grpc.StatusRuntimeException: UNAVAILABLE: io exception
2019-07-03 22:21:37,690 INFO  impl.FollowerInfo (FollowerInfo.java:lambda$new$0(50)) - 1e752786-2ac8-4902-8fcc-43fce6129c02->87cfe954-f73b-4338-b667-ddb9ab422782: nextIndex: updateUnconditionally 0 -> 0
2019-07-03 22:21:37,690 INFO  impl.FollowerInfo (FollowerInfo.java:lambda$new$0(50)) - 1e752786-2ac8-4902-8fcc-43fce6129c02->d3698b3f-1344-4ce7-a2e3-7ee27cbcefb9: nextIndex: updateUnconditionally 0 -> 0
2019-07-03 22:21:38,190 WARN  server.GrpcLogAppender (LogUtils.java:warn(134)) - 1e752786-2ac8-4902-8fcc-43fce6129c02->d3698b3f-1344-4ce7-a2e3-7ee27cbcefb9: Failed appendEntries: org.apache.ratis.thirdparty.io.grpc.StatusRuntimeException: UNAVAILABLE: io exception
2019-07-03 22:21:38,190 WARN  server.GrpcLogAppender (LogUtils.java:warn(134)) - 1e752786-2ac8-4902-8fcc-43fce6129c02->87cfe954-f73b-4338-b667-ddb9ab422782: Failed appendEntries: org.apache.ratis.thirdparty.io.grpc.StatusRuntimeException: UNAVAILABLE: io exception
2019-07-03 22:21:38,191 INFO  impl.FollowerInfo (FollowerInfo.java:lambda$new$0(50)) - 1e752786-2ac8-4902-8fcc-43fce6129c02->d3698b3f-1344-4ce7-a2e3-7ee27cbcefb9: nextIndex: updateUnconditionally 0 -> 0
2019-07-03 22:21:38,191 INFO  impl.FollowerInfo (FollowerInfo.java:lambda$new$0(50)) - 1e752786-2ac8-4902-8fcc-43fce6129c02->87cfe954-f73b-4338-b667-ddb9ab422782: nextIndex: updateUnconditionally 0 -> 0
2019-07-03 22:21:38,586 INFO  client.GrpcClientProtocolService (GrpcClientProtocolService.java:lambda$processClientRequest$0(278)) - Failed RaftClientRequest:client-89DC47DCF6B0->1e752786-2ac8-4902-8fcc-43fce6129c02@group-39D97B489EF2, cid=67, seq=0, Watch-ALL_COMMITTED(2), Message:<EMPTY>, reply=RaftClientReply:client-89DC47DCF6B0->1e752786-2ac8-4902-8fcc-43fce6129c02@group-39D97B489EF2, cid=67, FAILED org.apache.ratis.protocol.NotReplicatedException: Request with call Id 67 and log index 2 is not yet replicated to ALL_COMMITTED, logIndex=2, commits[1e752786-2ac8-4902-8fcc-43fce6129c02:c2, d3698b3f-1344-4ce7-a2e3-7ee27cbcefb9:c1, 87cfe954-f73b-4338-b667-ddb9ab422782:c1]
2019-07-03 22:21:38,588 INFO  client.GrpcClientProtocolClient (GrpcClientProtocolClient.java:onNext(255)) - client-89DC47DCF6B0->1e752786-2ac8-4902-8fcc-43fce6129c02: receive RaftClientReply:client-89DC47DCF6B0->1e752786-2ac8-4902-8fcc-43fce6129c02@group-39D97B489EF2, cid=67, FAILED org.apache.ratis.protocol.NotReplicatedException: Request with call Id 67 and log index 2 is not yet replicated to ALL_COMMITTED, logIndex=2, commits[1e752786-2ac8-4902-8fcc-43fce6129c02:c2, d3698b3f-1344-4ce7-a2e3-7ee27cbcefb9:c1, 87cfe954-f73b-4338-b667-ddb9ab422782:c1]
2019-07-03 22:21:38,691 WARN  server.GrpcLogAppender (LogUtils.java:warn(134)) - 1e752786-2ac8-4902-8fcc-43fce6129c02->d3698b3f-1344-4ce7-a2e3-7ee27cbcefb9: Failed appendEntries: org.apache.ratis.thirdparty.io.grpc.StatusRuntimeException: UNAVAILABLE: io exception
2019-07-03 22:21:38,691 WARN  server.GrpcLogAppender (LogUtils.java:warn(134)) - 1e752786-2ac8-4902-8fcc-43fce6129c02->87cfe954-f73b-4338-b667-ddb9ab422782: Failed appendEntries: org.apache.ratis.thirdparty.io.grpc.StatusRuntimeException: UNAVAILABLE: io exception
2019-07-03 22:21:38,692 INFO  impl.FollowerInfo (FollowerInfo.java:lambda$new$0(50)) - 1e752786-2ac8-4902-8fcc-43fce6129c02->d3698b3f-1344-4ce7-a2e3-7ee27cbcefb9: nextIndex: updateUnconditionally 0 -> 0
2019-07-03 22:21:38,692 INFO  impl.FollowerInfo (FollowerInfo.java:lambda$new$0(50)) - 1e752786-2ac8-4902-8fcc-43fce6129c02->87cfe954-f73b-4338-b667-ddb9ab422782: nextIndex: updateUnconditionally 0 -> 0
2019-07-03 22:21:39,192 WARN  server.GrpcLogAppender (LogUtils.java:warn(134)) - 1e752786-2ac8-4902-8fcc-43fce6129c02->d3698b3f-1344-4ce7-a2e3-7ee27cbcefb9: Failed appendEntries: org.apache.ratis.thirdparty.io.grpc.StatusRuntimeException: UNAVAILABLE: io exception
2019-07-03 22:21:39,192 WARN  server.GrpcLogAppender (LogUtils.java:warn(134)) - 1e752786-2ac8-4902-8fcc-43fce6129c02->87cfe954-f73b-4338-b667-ddb9ab422782: Failed appendEntries: org.apache.ratis.thirdparty.io.grpc.StatusRuntimeException: UNAVAILABLE: io exception
2019-07-03 22:21:39,192 INFO  impl.FollowerInfo (FollowerInfo.java:lambda$new$0(50)) - 1e752786-2ac8-4902-8fcc-43fce6129c02->d3698b3f-1344-4ce7-a2e3-7ee27cbcefb9: nextIndex: updateUnconditionally 0 -> 0
2019-07-03 22:21:39,193 INFO  impl.FollowerInfo (FollowerInfo.java:lambda$new$0(50)) - 1e752786-2ac8-4902-8fcc-43fce6129c02->87cfe954-f73b-4338-b667-ddb9ab422782: nextIndex: updateUnconditionally 0 -> 0
2019-07-03 22:21:39,694 WARN  server.GrpcLogAppender (LogUtils.java:warn(134)) - 1e752786-2ac8-4902-8fcc-43fce6129c02->87cfe954-f73b-4338-b667-ddb9ab422782: Failed appendEntries: org.apache.ratis.thirdparty.io.grpc.StatusRuntimeException: UNAVAILABLE: io exception
2019-07-03 22:21:39,694 WARN  server.GrpcLogAppender (LogUtils.java:warn(134)) - 1e752786-2ac8-4902-8fcc-43fce6129c02->d3698b3f-1344-4ce7-a2e3-7ee27cbcefb9: Failed appendEntries: org.apache.ratis.thirdparty.io.grpc.StatusRuntimeException: UNAVAILABLE: io exception
2019-07-03 22:21:39,694 INFO  impl.FollowerInfo (FollowerInfo.java:lambda$new$0(50)) - 1e752786-2ac8-4902-8fcc-43fce6129c02->87cfe954-f73b-4338-b667-ddb9ab422782: nextIndex: updateUnconditionally 0 -> 0
2019-07-03 22:21:39,695 INFO  impl.FollowerInfo (FollowerInfo.java:lambda$new$0(50)) - 1e752786-2ac8-4902-8fcc-43fce6129c02->d3698b3f-1344-4ce7-a2e3-7ee27cbcefb9: nextIndex: updateUnconditionally 0 -> 0
2019-07-03 22:21:40,194 WARN  server.GrpcLogAppender (LogUtils.java:warn(134)) - 1e752786-2ac8-4902-8fcc-43fce6129c02->d3698b3f-1344-4ce7-a2e3-7ee27cbcefb9: Failed appendEntries: org.apache.ratis.thirdparty.io.grpc.StatusRuntimeException: UNAVAILABLE: io exception
2019-07-03 22:21:40,194 WARN  server.GrpcLogAppender (LogUtils.java:warn(134)) - 1e752786-2ac8-4902-8fcc-43fce6129c02->87cfe954-f73b-4338-b667-ddb9ab422782: Failed appendEntries: org.apache.ratis.thirdparty.io.grpc.StatusRuntimeException: UNAVAILABLE: io exception
2019-07-03 22:21:40,195 INFO  impl.FollowerInfo (FollowerInfo.java:lambda$new$0(50)) - 1e752786-2ac8-4902-8fcc-43fce6129c02->d3698b3f-1344-4ce7-a2e3-7ee27cbcefb9: nextIndex: updateUnconditionally 0 -> 0
2019-07-03 22:21:40,195 INFO  impl.FollowerInfo (FollowerInfo.java:lambda$new$0(50)) - 1e752786-2ac8-4902-8fcc-43fce6129c02->87cfe954-f73b-4338-b667-ddb9ab422782: nextIndex: updateUnconditionally 0 -> 0
2019-07-03 22:21:40,695 WARN  server.GrpcLogAppender (LogUtils.java:warn(134)) - 1e752786-2ac8-4902-8fcc-43fce6129c02->d3698b3f-1344-4ce7-a2e3-7ee27cbcefb9: Failed appendEntries: org.apache.ratis.thirdparty.io.grpc.StatusRuntimeException: UNAVAILABLE: io exception
2019-07-03 22:21:40,696 WARN  server.GrpcLogAppender (LogUtils.java:warn(134)) - 1e752786-2ac8-4902-8fcc-43fce6129c02->87cfe954-f73b-4338-b667-ddb9ab422782: Failed appendEntries: org.apache.ratis.thirdparty.io.grpc.StatusRuntimeException: UNAVAILABLE: io exception
2019-07-03 22:21:40,696 INFO  impl.FollowerInfo (FollowerInfo.java:lambda$new$0(50)) - 1e752786-2ac8-4902-8fcc-43fce6129c02->d3698b3f-1344-4ce7-a2e3-7ee27cbcefb9: nextIndex: updateUnconditionally 0 -> 0
2019-07-03 22:21:40,696 INFO  impl.FollowerInfo (FollowerInfo.java:lambda$new$0(50)) - 1e752786-2ac8-4902-8fcc-43fce6129c02->87cfe954-f73b-4338-b667-ddb9ab422782: nextIndex: updateUnconditionally 0 -> 0
2019-07-03 22:21:41,196 WARN  server.GrpcLogAppender (LogUtils.java:warn(134)) - 1e752786-2ac8-4902-8fcc-43fce6129c02->87cfe954-f73b-4338-b667-ddb9ab422782: Failed appendEntries: org.apache.ratis.thirdparty.io.grpc.StatusRuntimeException: UNAVAILABLE: io exception
2019-07-03 22:21:41,196 WARN  server.GrpcLogAppender (LogUtils.java:warn(134)) - 1e752786-2ac8-4902-8fcc-43fce6129c02->d3698b3f-1344-4ce7-a2e3-7ee27cbcefb9: Failed appendEntries: org.apache.ratis.thirdparty.io.grpc.StatusRuntimeException: UNAVAILABLE: io exception
2019-07-03 22:21:41,197 INFO  impl.FollowerInfo (FollowerInfo.java:lambda$new$0(50)) - 1e752786-2ac8-4902-8fcc-43fce6129c02->87cfe954-f73b-4338-b667-ddb9ab422782: nextIndex: updateUnconditionally 0 -> 0
2019-07-03 22:21:41,197 INFO  impl.FollowerInfo (FollowerInfo.java:lambda$new$0(50)) - 1e752786-2ac8-4902-8fcc-43fce6129c02->d3698b3f-1344-4ce7-a2e3-7ee27cbcefb9: nextIndex: updateUnconditionally 0 -> 0
2019-07-03 22:21:41,697 WARN  server.GrpcLogAppender (LogUtils.java:warn(134)) - 1e752786-2ac8-4902-8fcc-43fce6129c02->87cfe954-f73b-4338-b667-ddb9ab422782: Failed appendEntries: org.apache.ratis.thirdparty.io.grpc.StatusRuntimeException: UNAVAILABLE: io exception
2019-07-03 22:21:41,697 WARN  server.GrpcLogAppender (LogUtils.java:warn(134)) - 1e752786-2ac8-4902-8fcc-43fce6129c02->d3698b3f-1344-4ce7-a2e3-7ee27cbcefb9: Failed appendEntries: org.apache.ratis.thirdparty.io.grpc.StatusRuntimeException: UNAVAILABLE: io exception
2019-07-03 22:21:41,698 INFO  impl.FollowerInfo (FollowerInfo.java:lambda$new$0(50)) - 1e752786-2ac8-4902-8fcc-43fce6129c02->87cfe954-f73b-4338-b667-ddb9ab422782: nextIndex: updateUnconditionally 0 -> 0
2019-07-03 22:21:41,698 INFO  impl.FollowerInfo (FollowerInfo.java:lambda$new$0(50)) - 1e752786-2ac8-4902-8fcc-43fce6129c02->d3698b3f-1344-4ce7-a2e3-7ee27cbcefb9: nextIndex: updateUnconditionally 0 -> 0
2019-07-03 22:21:42,197 WARN  server.GrpcLogAppender (LogUtils.java:warn(134)) - 1e752786-2ac8-4902-8fcc-43fce6129c02->d3698b3f-1344-4ce7-a2e3-7ee27cbcefb9: Failed appendEntries: org.apache.ratis.thirdparty.io.grpc.StatusRuntimeException: UNAVAILABLE: io exception
2019-07-03 22:21:42,197 WARN  server.GrpcLogAppender (LogUtils.java:warn(134)) - 1e752786-2ac8-4902-8fcc-43fce6129c02->87cfe954-f73b-4338-b667-ddb9ab422782: Failed appendEntries: org.apache.ratis.thirdparty.io.grpc.StatusRuntimeException: UNAVAILABLE: io exception
2019-07-03 22:21:42,198 INFO  impl.FollowerInfo (FollowerInfo.java:lambda$new$0(50)) - 1e752786-2ac8-4902-8fcc-43fce6129c02->d3698b3f-1344-4ce7-a2e3-7ee27cbcefb9: nextIndex: updateUnconditionally 0 -> 0
2019-07-03 22:21:42,198 INFO  impl.FollowerInfo (FollowerInfo.java:lambda$new$0(50)) - 1e752786-2ac8-4902-8fcc-43fce6129c02->87cfe954-f73b-4338-b667-ddb9ab422782: nextIndex: updateUnconditionally 0 -> 0
2019-07-03 22:21:42,584 INFO  client.GrpcClientProtocolService (GrpcClientProtocolService.java:lambda$processClientRequest$0(278)) - Failed RaftClientRequest:client-89DC47DCF6B0->1e752786-2ac8-4902-8fcc-43fce6129c02@group-39D97B489EF2, cid=67, seq=0, Watch-ALL_COMMITTED(2), Message:<EMPTY>, reply=RaftClientReply:client-89DC47DCF6B0->1e752786-2ac8-4902-8fcc-43fce6129c02@group-39D97B489EF2, cid=67, FAILED org.apache.ratis.protocol.NotReplicatedException: Request with call Id 67 and log index 2 is not yet replicated to ALL_COMMITTED, logIndex=2, commits[1e752786-2ac8-4902-8fcc-43fce6129c02:c2, d3698b3f-1344-4ce7-a2e3-7ee27cbcefb9:c1, 87cfe954-f73b-4338-b667-ddb9ab422782:c1]
2019-07-03 22:21:42,585 INFO  client.GrpcClientProtocolClient (GrpcClientProtocolClient.java:onNext(255)) - client-89DC47DCF6B0->1e752786-2ac8-4902-8fcc-43fce6129c02: receive RaftClientReply:client-89DC47DCF6B0->1e752786-2ac8-4902-8fcc-43fce6129c02@group-39D97B489EF2, cid=67, FAILED org.apache.ratis.protocol.NotReplicatedException: Request with call Id 67 and log index 2 is not yet replicated to ALL_COMMITTED, logIndex=2, commits[1e752786-2ac8-4902-8fcc-43fce6129c02:c2, d3698b3f-1344-4ce7-a2e3-7ee27cbcefb9:c1, 87cfe954-f73b-4338-b667-ddb9ab422782:c1]
2019-07-03 22:21:42,698 WARN  server.GrpcLogAppender (LogUtils.java:warn(134)) - 1e752786-2ac8-4902-8fcc-43fce6129c02->87cfe954-f73b-4338-b667-ddb9ab422782: Failed appendEntries: org.apache.ratis.thirdparty.io.grpc.StatusRuntimeException: UNAVAILABLE: io exception
2019-07-03 22:21:42,698 WARN  server.GrpcLogAppender (LogUtils.java:warn(134)) - 1e752786-2ac8-4902-8fcc-43fce6129c02->d3698b3f-1344-4ce7-a2e3-7ee27cbcefb9: Failed appendEntries: org.apache.ratis.thirdparty.io.grpc.StatusRuntimeException: UNAVAILABLE: io exception
2019-07-03 22:21:42,699 INFO  impl.FollowerInfo (FollowerInfo.java:lambda$new$0(50)) - 1e752786-2ac8-4902-8fcc-43fce6129c02->87cfe954-f73b-4338-b667-ddb9ab422782: nextIndex: updateUnconditionally 0 -> 0
2019-07-03 22:21:42,699 INFO  impl.FollowerInfo (FollowerInfo.java:lambda$new$0(50)) - 1e752786-2ac8-4902-8fcc-43fce6129c02->d3698b3f-1344-4ce7-a2e3-7ee27cbcefb9: nextIndex: updateUnconditionally 0 -> 0
2019-07-03 22:21:43,199 WARN  server.GrpcLogAppender (LogUtils.java:warn(134)) - 1e752786-2ac8-4902-8fcc-43fce6129c02->d3698b3f-1344-4ce7-a2e3-7ee27cbcefb9: Failed appendEntries: org.apache.ratis.thirdparty.io.grpc.StatusRuntimeException: UNAVAILABLE: io exception
2019-07-03 22:21:43,199 WARN  server.GrpcLogAppender (LogUtils.java:warn(134)) - 1e752786-2ac8-4902-8fcc-43fce6129c02->87cfe954-f73b-4338-b667-ddb9ab422782: Failed appendEntries: org.apache.ratis.thirdparty.io.grpc.StatusRuntimeException: UNAVAILABLE: io exception
2019-07-03 22:21:43,199 INFO  impl.FollowerInfo (FollowerInfo.java:lambda$new$0(50)) - 1e752786-2ac8-4902-8fcc-43fce6129c02->d3698b3f-1344-4ce7-a2e3-7ee27cbcefb9: nextIndex: updateUnconditionally 0 -> 0
2019-07-03 22:21:43,200 INFO  impl.FollowerInfo (FollowerInfo.java:lambda$new$0(50)) - 1e752786-2ac8-4902-8fcc-43fce6129c02->87cfe954-f73b-4338-b667-ddb9ab422782: nextIndex: updateUnconditionally 0 -> 0
2019-07-03 22:21:43,700 WARN  server.GrpcLogAppender (LogUtils.java:warn(134)) - 1e752786-2ac8-4902-8fcc-43fce6129c02->d3698b3f-1344-4ce7-a2e3-7ee27cbcefb9: Failed appendEntries: org.apache.ratis.thirdparty.io.grpc.StatusRuntimeException: UNAVAILABLE: io exception
2019-07-03 22:21:43,700 WARN  server.GrpcLogAppender (LogUtils.java:warn(134)) - 1e752786-2ac8-4902-8fcc-43fce6129c02->87cfe954-f73b-4338-b667-ddb9ab422782: Failed appendEntries: org.apache.ratis.thirdparty.io.grpc.StatusRuntimeException: UNAVAILABLE: io exception
2019-07-03 22:21:43,700 INFO  impl.FollowerInfo (FollowerInfo.java:lambda$new$0(50)) - 1e752786-2ac8-4902-8fcc-43fce6129c02->d3698b3f-1344-4ce7-a2e3-7ee27cbcefb9: nextIndex: updateUnconditionally 0 -> 0
2019-07-03 22:21:43,700 INFO  impl.FollowerInfo (FollowerInfo.java:lambda$new$0(50)) - 1e752786-2ac8-4902-8fcc-43fce6129c02->87cfe954-f73b-4338-b667-ddb9ab422782: nextIndex: updateUnconditionally 0 -> 0
2019-07-03 22:21:44,200 WARN  server.GrpcLogAppender (LogUtils.java:warn(134)) - 1e752786-2ac8-4902-8fcc-43fce6129c02->d3698b3f-1344-4ce7-a2e3-7ee27cbcefb9: Failed appendEntries: org.apache.ratis.thirdparty.io.grpc.StatusRuntimeException: UNAVAILABLE: io exception
2019-07-03 22:21:44,200 WARN  server.GrpcLogAppender (LogUtils.java:warn(134)) - 1e752786-2ac8-4902-8fcc-43fce6129c02->87cfe954-f73b-4338-b667-ddb9ab422782: Failed appendEntries: org.apache.ratis.thirdparty.io.grpc.StatusRuntimeException: UNAVAILABLE: io exception
2019-07-03 22:21:44,200 INFO  impl.FollowerInfo (FollowerInfo.java:lambda$new$0(50)) - 1e752786-2ac8-4902-8fcc-43fce6129c02->d3698b3f-1344-4ce7-a2e3-7ee27cbcefb9: nextIndex: updateUnconditionally 0 -> 0
2019-07-03 22:21:44,201 INFO  impl.FollowerInfo (FollowerInfo.java:lambda$new$0(50)) - 1e752786-2ac8-4902-8fcc-43fce6129c02->87cfe954-f73b-4338-b667-ddb9ab422782: nextIndex: updateUnconditionally 0 -> 0
2019-07-03 22:21:44,701 WARN  server.GrpcLogAppender (LogUtils.java:warn(134)) - 1e752786-2ac8-4902-8fcc-43fce6129c02->d3698b3f-1344-4ce7-a2e3-7ee27cbcefb9: Failed appendEntries: org.apache.ratis.thirdparty.io.grpc.StatusRuntimeException: UNAVAILABLE: io exception
2019-07-03 22:21:44,701 WARN  server.GrpcLogAppender (LogUtils.java:warn(134)) - 1e752786-2ac8-4902-8fcc-43fce6129c02->87cfe954-f73b-4338-b667-ddb9ab422782: Failed appendEntries: org.apache.ratis.thirdparty.io.grpc.StatusRuntimeException: UNAVAILABLE: io exception
2019-07-03 22:21:44,702 INFO  impl.FollowerInfo (FollowerInfo.java:lambda$new$0(50)) - 1e752786-2ac8-4902-8fcc-43fce6129c02->d3698b3f-1344-4ce7-a2e3-7ee27cbcefb9: nextIndex: updateUnconditionally 0 -> 0
2019-07-03 22:21:44,702 INFO  impl.FollowerInfo (FollowerInfo.java:lambda$new$0(50)) - 1e752786-2ac8-4902-8fcc-43fce6129c02->87cfe954-f73b-4338-b667-ddb9ab422782: nextIndex: updateUnconditionally 0 -> 0
2019-07-03 22:21:45,201 WARN  server.GrpcLogAppender (LogUtils.java:warn(134)) - 1e752786-2ac8-4902-8fcc-43fce6129c02->d3698b3f-1344-4ce7-a2e3-7ee27cbcefb9: Failed appendEntries: org.apache.ratis.thirdparty.io.grpc.StatusRuntimeException: UNAVAILABLE: io exception
2019-07-03 22:21:45,201 WARN  server.GrpcLogAppender (LogUtils.java:warn(134)) - 1e752786-2ac8-4902-8fcc-43fce6129c02->87cfe954-f73b-4338-b667-ddb9ab422782: Failed appendEntries: org.apache.ratis.thirdparty.io.grpc.StatusRuntimeException: UNAVAILABLE: io exception
2019-07-03 22:21:45,202 INFO  impl.FollowerInfo (FollowerInfo.java:lambda$new$0(50)) - 1e752786-2ac8-4902-8fcc-43fce6129c02->d3698b3f-1344-4ce7-a2e3-7ee27cbcefb9: nextIndex: updateUnconditionally 0 -> 0
2019-07-03 22:21:45,202 INFO  impl.FollowerInfo (FollowerInfo.java:lambda$new$0(50)) - 1e752786-2ac8-4902-8fcc-43fce6129c02->87cfe954-f73b-4338-b667-ddb9ab422782: nextIndex: updateUnconditionally 0 -> 0
2019-07-03 22:21:45,586 INFO  client.GrpcClientProtocolService (GrpcClientProtocolService.java:lambda$processClientRequest$0(278)) - Failed RaftClientRequest:client-89DC47DCF6B0->1e752786-2ac8-4902-8fcc-43fce6129c02@group-39D97B489EF2, cid=68, seq=0, Watch-MAJORITY_COMMITTED(2), Message:<EMPTY>, reply=RaftClientReply:client-89DC47DCF6B0->1e752786-2ac8-4902-8fcc-43fce6129c02@group-39D97B489EF2, cid=68, FAILED org.apache.ratis.protocol.NotReplicatedException: Request with call Id 68 and log index 2 is not yet replicated to MAJORITY_COMMITTED, logIndex=2, commits[1e752786-2ac8-4902-8fcc-43fce6129c02:c2, d3698b3f-1344-4ce7-a2e3-7ee27cbcefb9:c1, 87cfe954-f73b-4338-b667-ddb9ab422782:c1]
2019-07-03 22:21:45,587 INFO  client.GrpcClientProtocolClient (GrpcClientProtocolClient.java:onNext(255)) - client-89DC47DCF6B0->1e752786-2ac8-4902-8fcc-43fce6129c02: receive RaftClientReply:client-89DC47DCF6B0->1e752786-2ac8-4902-8fcc-43fce6129c02@group-39D97B489EF2, cid=68, FAILED org.apache.ratis.protocol.NotReplicatedException: Request with call Id 68 and log index 2 is not yet replicated to MAJORITY_COMMITTED, logIndex=2, commits[1e752786-2ac8-4902-8fcc-43fce6129c02:c2, d3698b3f-1344-4ce7-a2e3-7ee27cbcefb9:c1, 87cfe954-f73b-4338-b667-ddb9ab422782:c1]
]]></system-out>
    <system-err><![CDATA[Jul 03, 2019 10:21:17 PM com.sun.jersey.server.impl.application.WebApplicationImpl _initiate
INFO: Initiating Jersey application, version 'Jersey: 1.19 02/11/2015 03:25 AM'
Jul 03, 2019 10:21:17 PM com.sun.jersey.server.impl.application.WebApplicationImpl _initiate
INFO: Initiating Jersey application, version 'Jersey: 1.19 02/11/2015 03:25 AM'
Jul 03, 2019 10:21:18 PM com.sun.jersey.server.impl.application.WebApplicationImpl _initiate
INFO: Initiating Jersey application, version 'Jersey: 1.19 02/11/2015 03:25 AM'
Jul 03, 2019 10:21:18 PM com.sun.jersey.server.impl.application.WebApplicationImpl _initiate
INFO: Initiating Jersey application, version 'Jersey: 1.19 02/11/2015 03:25 AM'
Jul 03, 2019 10:21:18 PM com.sun.jersey.server.impl.application.WebApplicationImpl _initiate
INFO: Initiating Jersey application, version 'Jersey: 1.19 02/11/2015 03:25 AM'
Jul 03, 2019 10:21:18 PM com.sun.jersey.server.impl.application.WebApplicationImpl _initiate
INFO: Initiating Jersey application, version 'Jersey: 1.19 02/11/2015 03:25 AM'
Jul 03, 2019 10:21:18 PM com.sun.jersey.server.impl.application.WebApplicationImpl _initiate
INFO: Initiating Jersey application, version 'Jersey: 1.19 02/11/2015 03:25 AM'
]]></system-err>
  </testcase>
  <testcase name="testWatchForCommitForGroupMismatchException" classname="org.apache.hadoop.ozone.client.rpc.TestWatchForCommit" time="28.185"/>
  <testcase name="test2WayCommitForTimeoutException" classname="org.apache.hadoop.ozone.client.rpc.TestWatchForCommit" time="11.133"/>
  <testcase name="test2WayCommitForRetryfailure" classname="org.apache.hadoop.ozone.client.rpc.TestWatchForCommit" time="19.104"/>
</testsuite>