<?xml version="1.0" encoding="UTF-8"?>
<testsuite xmlns:xsi="http://www.w3.org/2001/XMLSchema-instance" xsi:noNamespaceSchemaLocation="https://maven.apache.org/surefire/maven-surefire-plugin/xsd/surefire-test-report.xsd" name="org.apache.hadoop.hdds.scm.pipeline.TestNodeFailure" time="11.469" tests="1" errors="0" skipped="1" failures="0">
  <properties>
    <property name="awt.toolkit" value="sun.awt.X11.XToolkit"/>
    <property name="file.encoding.pkg" value="sun.io"/>
    <property name="java.specification.version" value="1.8"/>
    <property name="sun.cpu.isalist" value=""/>
    <property name="sun.jnu.encoding" value="UTF-8"/>
    <property name="java.class.path" value="/opt/src/hadoop-ozone/integration-test/target/test-classes:/opt/src/hadoop-ozone/integration-test/target/classes:/home/user/.m2/repository/org/apache/hadoop/hadoop-ozone-common/0.5.0-SNAPSHOT/hadoop-ozone-common-0.5.0-SNAPSHOT.jar:/home/user/.m2/repository/org/apache/commons/commons-compress/1.4.1/commons-compress-1.4.1.jar:/home/user/.m2/repository/org/tukaani/xz/1.0/xz-1.0.jar:/home/user/.m2/repository/org/apache/hadoop/hadoop-common/3.2.0/hadoop-common-3.2.0.jar:/home/user/.m2/repository/org/apache/hadoop/hadoop-hdfs/3.2.0/hadoop-hdfs-3.2.0.jar:/home/user/.m2/repository/org/apache/hadoop/hadoop-hdfs-client/3.2.0/hadoop-hdfs-client-3.2.0.jar:/home/user/.m2/repository/com/fasterxml/jackson/core/jackson-annotations/2.9.5/jackson-annotations-2.9.5.jar:/home/user/.m2/repository/org/apache/hadoop/hadoop-hdds-common/0.5.0-SNAPSHOT/hadoop-hdds-common-0.5.0-SNAPSHOT.jar:/home/user/.m2/repository/javax/annotation/javax.annotation-api/1.2/javax.annotation-api-1.2.jar:/home/user/.m2/repository/org/apache/ratis/ratis-server/0.4.0-fe2b15d-SNAPSHOT/ratis-server-0.4.0-fe2b15d-SNAPSHOT.jar:/home/user/.m2/repository/org/apache/ratis/ratis-thirdparty-misc/0.2.0/ratis-thirdparty-misc-0.2.0.jar:/home/user/.m2/repository/org/apache/ratis/ratis-proto/0.4.0-fe2b15d-SNAPSHOT/ratis-proto-0.4.0-fe2b15d-SNAPSHOT.jar:/home/user/.m2/repository/org/apache/ratis/ratis-common/0.4.0-fe2b15d-SNAPSHOT/ratis-common-0.4.0-fe2b15d-SNAPSHOT.jar:/home/user/.m2/repository/org/apache/ratis/ratis-client/0.4.0-fe2b15d-SNAPSHOT/ratis-client-0.4.0-fe2b15d-SNAPSHOT.jar:/home/user/.m2/repository/org/apache/ratis/ratis-netty/0.4.0-fe2b15d-SNAPSHOT/ratis-netty-0.4.0-fe2b15d-SNAPSHOT.jar:/home/user/.m2/repository/org/apache/ratis/ratis-grpc/0.4.0-fe2b15d-SNAPSHOT/ratis-grpc-0.4.0-fe2b15d-SNAPSHOT.jar:/home/user/.m2/repository/org/rocksdb/rocksdbjni/5.14.2/rocksdbjni-5.14.2.jar:/home/user/.m2/repository/org/apache/logging/log4j/log4j-api/2.11.0/log4j-api-2.11.0.jar:/home/user/.m2/repository/org/apache/logging/log4j/log4j-core/2.11.0/log4j-core-2.11.0.jar:/home/user/.m2/repository/com/lmax/disruptor/3.4.2/disruptor-3.4.2.jar:/home/user/.m2/repository/org/apache/commons/commons-pool2/2.6.0/commons-pool2-2.6.0.jar:/home/user/.m2/repository/org/bouncycastle/bcpkix-jdk15on/1.60/bcpkix-jdk15on-1.60.jar:/home/user/.m2/repository/commons-validator/commons-validator/1.6/commons-validator-1.6.jar:/home/user/.m2/repository/commons-digester/commons-digester/1.8.1/commons-digester-1.8.1.jar:/home/user/.m2/repository/io/jaegertracing/jaeger-client/0.33.1/jaeger-client-0.33.1.jar:/home/user/.m2/repository/io/jaegertracing/jaeger-thrift/0.33.1/jaeger-thrift-0.33.1.jar:/home/user/.m2/repository/org/apache/thrift/libthrift/0.11.0/libthrift-0.11.0.jar:/home/user/.m2/repository/com/squareup/okhttp3/okhttp/3.9.0/okhttp-3.9.0.jar:/home/user/.m2/repository/com/squareup/okio/okio/1.13.0/okio-1.13.0.jar:/home/user/.m2/repository/io/jaegertracing/jaeger-core/0.33.1/jaeger-core-0.33.1.jar:/home/user/.m2/repository/io/jaegertracing/jaeger-tracerresolver/0.33.1/jaeger-tracerresolver-0.33.1.jar:/home/user/.m2/repository/io/opentracing/contrib/opentracing-tracerresolver/0.1.5/opentracing-tracerresolver-0.1.5.jar:/home/user/.m2/repository/io/opentracing/opentracing-util/0.31.0/opentracing-util-0.31.0.jar:/home/user/.m2/repository/io/opentracing/opentracing-api/0.31.0/opentracing-api-0.31.0.jar:/home/user/.m2/repository/io/opentracing/opentracing-noop/0.31.0/opentracing-noop-0.31.0.jar:/home/user/.m2/repository/org/apache/hadoop/hadoop-hdds-server-framework/0.5.0-SNAPSHOT/hadoop-hdds-server-framework-0.5.0-SNAPSHOT.jar:/home/user/.m2/repository/org/apache/hadoop/hadoop-hdds-server-scm/0.5.0-SNAPSHOT/hadoop-hdds-server-scm-0.5.0-SNAPSHOT.jar:/home/user/.m2/repository/org/apache/hadoop/hadoop-hdds-container-service/0.5.0-SNAPSHOT/hadoop-hdds-container-service-0.5.0-SNAPSHOT.jar:/home/user/.m2/repository/org/apache/hadoop/hadoop-hdds-client/0.5.0-SNAPSHOT/hadoop-hdds-client-0.5.0-SNAPSHOT.jar:/home/user/.m2/repository/org/apache/hadoop/hadoop-hdds-tools/0.5.0-SNAPSHOT/hadoop-hdds-tools-0.5.0-SNAPSHOT.jar:/home/user/.m2/repository/org/apache/hadoop/hadoop-ozone-ozone-manager/0.5.0-SNAPSHOT/hadoop-ozone-ozone-manager-0.5.0-SNAPSHOT.jar:/home/user/.m2/repository/org/apache/hadoop/hadoop-hdds-docs/0.5.0-SNAPSHOT/hadoop-hdds-docs-0.5.0-SNAPSHOT.jar:/home/user/.m2/repository/org/bouncycastle/bcprov-jdk15on/1.60/bcprov-jdk15on-1.60.jar:/home/user/.m2/repository/org/apache/hadoop/hadoop-minikdc/3.2.0/hadoop-minikdc-3.2.0.jar:/home/user/.m2/repository/commons-io/commons-io/2.5/commons-io-2.5.jar:/home/user/.m2/repository/org/apache/kerby/kerb-simplekdc/1.0.1/kerb-simplekdc-1.0.1.jar:/home/user/.m2/repository/org/apache/kerby/kerb-client/1.0.1/kerb-client-1.0.1.jar:/home/user/.m2/repository/org/apache/kerby/kerby-config/1.0.1/kerby-config-1.0.1.jar:/home/user/.m2/repository/org/apache/kerby/kerb-core/1.0.1/kerb-core-1.0.1.jar:/home/user/.m2/repository/org/apache/kerby/kerby-pkix/1.0.1/kerby-pkix-1.0.1.jar:/home/user/.m2/repository/org/apache/kerby/kerby-asn1/1.0.1/kerby-asn1-1.0.1.jar:/home/user/.m2/repository/org/apache/kerby/kerby-util/1.0.1/kerby-util-1.0.1.jar:/home/user/.m2/repository/org/apache/kerby/kerb-common/1.0.1/kerb-common-1.0.1.jar:/home/user/.m2/repository/org/apache/kerby/kerb-crypto/1.0.1/kerb-crypto-1.0.1.jar:/home/user/.m2/repository/org/apache/kerby/kerb-util/1.0.1/kerb-util-1.0.1.jar:/home/user/.m2/repository/org/apache/kerby/token-provider/1.0.1/token-provider-1.0.1.jar:/home/user/.m2/repository/org/apache/kerby/kerb-admin/1.0.1/kerb-admin-1.0.1.jar:/home/user/.m2/repository/org/apache/kerby/kerb-server/1.0.1/kerb-server-1.0.1.jar:/home/user/.m2/repository/org/apache/kerby/kerb-identity/1.0.1/kerb-identity-1.0.1.jar:/home/user/.m2/repository/org/apache/kerby/kerby-xdr/1.0.1/kerby-xdr-1.0.1.jar:/home/user/.m2/repository/org/slf4j/slf4j-log4j12/1.7.25/slf4j-log4j12-1.7.25.jar:/home/user/.m2/repository/org/apache/hadoop/hadoop-ozone-objectstore-service/0.5.0-SNAPSHOT/hadoop-ozone-objectstore-service-0.5.0-SNAPSHOT.jar:/home/user/.m2/repository/org/apache/hadoop/hadoop-ozone-s3gateway/0.5.0-SNAPSHOT/hadoop-ozone-s3gateway-0.5.0-SNAPSHOT.jar:/home/user/.m2/repository/org/jboss/weld/servlet/weld-servlet/2.4.7.Final/weld-servlet-2.4.7.Final.jar:/home/user/.m2/repository/org/glassfish/jersey/containers/jersey-container-servlet-core/2.27/jersey-container-servlet-core-2.27.jar:/home/user/.m2/repository/org/glassfish/hk2/external/javax.inject/2.5.0-b42/javax.inject-2.5.0-b42.jar:/home/user/.m2/repository/org/glassfish/jersey/core/jersey-common/2.27/jersey-common-2.27.jar:/home/user/.m2/repository/org/glassfish/hk2/osgi-resource-locator/1.0.1/osgi-resource-locator-1.0.1.jar:/home/user/.m2/repository/javax/ws/rs/javax.ws.rs-api/2.1/javax.ws.rs-api-2.1.jar:/home/user/.m2/repository/org/glassfish/jersey/ext/cdi/jersey-cdi1x/2.27/jersey-cdi1x-2.27.jar:/home/user/.m2/repository/org/glassfish/jersey/inject/jersey-hk2/2.27/jersey-hk2-2.27.jar:/home/user/.m2/repository/org/glassfish/hk2/hk2-locator/2.5.0-b42/hk2-locator-2.5.0-b42.jar:/home/user/.m2/repository/org/javassist/javassist/3.22.0-CR2/javassist-3.22.0-CR2.jar:/home/user/.m2/repository/org/glassfish/hk2/hk2-api/2.5.0/hk2-api-2.5.0.jar:/home/user/.m2/repository/org/glassfish/hk2/external/jakarta.inject/2.5.0/jakarta.inject-2.5.0.jar:/home/user/.m2/repository/org/glassfish/hk2/hk2-utils/2.5.0/hk2-utils-2.5.0.jar:/home/user/.m2/repository/jakarta/annotation/jakarta.annotation-api/1.3.4/jakarta.annotation-api-1.3.4.jar:/home/user/.m2/repository/org/glassfish/hk2/external/aopalliance-repackaged/2.5.0/aopalliance-repackaged-2.5.0.jar:/home/user/.m2/repository/com/fasterxml/jackson/dataformat/jackson-dataformat-xml/2.9.0/jackson-dataformat-xml-2.9.0.jar:/home/user/.m2/repository/com/fasterxml/jackson/core/jackson-core/2.9.5/jackson-core-2.9.5.jar:/home/user/.m2/repository/com/fasterxml/jackson/module/jackson-module-jaxb-annotations/2.9.5/jackson-module-jaxb-annotations-2.9.5.jar:/home/user/.m2/repository/javax/enterprise/cdi-api/1.2/cdi-api-1.2.jar:/home/user/.m2/repository/javax/el/javax.el-api/3.0.0/javax.el-api-3.0.0.jar:/home/user/.m2/repository/javax/interceptor/javax.interceptor-api/1.2/javax.interceptor-api-1.2.jar:/home/user/.m2/repository/javax/inject/javax.inject/1/javax.inject-1.jar:/home/user/.m2/repository/com/sun/xml/bind/jaxb-impl/2.3.0.1/jaxb-impl-2.3.0.1.jar:/home/user/.m2/repository/com/sun/xml/bind/jaxb-core/2.3.0.1/jaxb-core-2.3.0.1.jar:/home/user/.m2/repository/javax/xml/bind/jaxb-api/2.3.0/jaxb-api-2.3.0.jar:/home/user/.m2/repository/javax/activation/activation/1.1.1/activation-1.1.1.jar:/home/user/.m2/repository/org/apache/hadoop/hadoop-ozone-csi/0.5.0-SNAPSHOT/hadoop-ozone-csi-0.5.0-SNAPSHOT.jar:/home/user/.m2/repository/com/google/protobuf/protobuf-java-util/3.5.1/protobuf-java-util-3.5.1.jar:/home/user/.m2/repository/org/apache/hadoop/hadoop-hdds-config/0.5.0-SNAPSHOT/hadoop-hdds-config-0.5.0-SNAPSHOT.jar:/home/user/.m2/repository/com/google/guava/guava/11.0.2/guava-11.0.2.jar:/home/user/.m2/repository/com/google/protobuf/protobuf-java/2.5.0/protobuf-java-2.5.0.jar:/home/user/.m2/repository/io/grpc/grpc-netty/1.17.1/grpc-netty-1.17.1.jar:/home/user/.m2/repository/io/grpc/grpc-core/1.17.1/grpc-core-1.17.1.jar:/home/user/.m2/repository/io/grpc/grpc-context/1.17.1/grpc-context-1.17.1.jar:/home/user/.m2/repository/com/google/errorprone/error_prone_annotations/2.2.0/error_prone_annotations-2.2.0.jar:/home/user/.m2/repository/org/codehaus/mojo/animal-sniffer-annotations/1.17/animal-sniffer-annotations-1.17.jar:/home/user/.m2/repository/io/opencensus/opencensus-api/0.17.0/opencensus-api-0.17.0.jar:/home/user/.m2/repository/io/opencensus/opencensus-contrib-grpc-metrics/0.17.0/opencensus-contrib-grpc-metrics-0.17.0.jar:/home/user/.m2/repository/io/netty/netty-codec-http2/4.1.30.Final/netty-codec-http2-4.1.30.Final.jar:/home/user/.m2/repository/io/netty/netty-codec-http/4.1.30.Final/netty-codec-http-4.1.30.Final.jar:/home/user/.m2/repository/io/netty/netty-codec/4.1.30.Final/netty-codec-4.1.30.Final.jar:/home/user/.m2/repository/io/netty/netty-handler/4.1.30.Final/netty-handler-4.1.30.Final.jar:/home/user/.m2/repository/io/netty/netty-handler-proxy/4.1.30.Final/netty-handler-proxy-4.1.30.Final.jar:/home/user/.m2/repository/io/netty/netty-codec-socks/4.1.30.Final/netty-codec-socks-4.1.30.Final.jar:/home/user/.m2/repository/io/netty/netty-transport-native-epoll/4.1.30.Final/netty-transport-native-epoll-4.1.30.Final.jar:/home/user/.m2/repository/io/netty/netty-common/4.1.30.Final/netty-common-4.1.30.Final.jar:/home/user/.m2/repository/io/netty/netty-buffer/4.1.30.Final/netty-buffer-4.1.30.Final.jar:/home/user/.m2/repository/io/netty/netty-transport/4.1.30.Final/netty-transport-4.1.30.Final.jar:/home/user/.m2/repository/io/netty/netty-resolver/4.1.30.Final/netty-resolver-4.1.30.Final.jar:/home/user/.m2/repository/io/netty/netty-transport-native-unix-common/4.1.30.Final/netty-transport-native-unix-common-4.1.30.Final.jar:/home/user/.m2/repository/io/grpc/grpc-protobuf/1.17.1/grpc-protobuf-1.17.1.jar:/home/user/.m2/repository/com/google/api/grpc/proto-google-common-protos/1.0.0/proto-google-common-protos-1.0.0.jar:/home/user/.m2/repository/io/grpc/grpc-protobuf-lite/1.17.1/grpc-protobuf-lite-1.17.1.jar:/home/user/.m2/repository/io/grpc/grpc-stub/1.17.1/grpc-stub-1.17.1.jar:/home/user/.m2/repository/org/apache/hadoop/hadoop-ozone-recon/0.5.0-SNAPSHOT/hadoop-ozone-recon-0.5.0-SNAPSHOT.jar:/home/user/.m2/repository/org/apache/hadoop/hadoop-ozone-reconcodegen/0.5.0-SNAPSHOT/hadoop-ozone-reconcodegen-0.5.0-SNAPSHOT.jar:/home/user/.m2/repository/com/google/inject/extensions/guice-multibindings/4.0/guice-multibindings-4.0.jar:/home/user/.m2/repository/com/google/inject/guice/4.0/guice-4.0.jar:/home/user/.m2/repository/aopalliance/aopalliance/1.0/aopalliance-1.0.jar:/home/user/.m2/repository/com/google/inject/extensions/guice-servlet/4.0/guice-servlet-4.0.jar:/home/user/.m2/repository/org/glassfish/jersey/containers/jersey-container-servlet/2.27/jersey-container-servlet-2.27.jar:/home/user/.m2/repository/org/glassfish/hk2/guice-bridge/2.5.0/guice-bridge-2.5.0.jar:/home/user/.m2/repository/org/glassfish/jersey/core/jersey-server/2.27/jersey-server-2.27.jar:/home/user/.m2/repository/org/glassfish/jersey/core/jersey-client/2.27/jersey-client-2.27.jar:/home/user/.m2/repository/org/glassfish/jersey/media/jersey-media-jaxb/2.27/jersey-media-jaxb-2.27.jar:/home/user/.m2/repository/javax/validation/validation-api/1.1.0.Final/validation-api-1.1.0.Final.jar:/home/user/.m2/repository/org/glassfish/jersey/media/jersey-media-json-jackson/2.27/jersey-media-json-jackson-2.27.jar:/home/user/.m2/repository/org/glassfish/jersey/ext/jersey-entity-filtering/2.27/jersey-entity-filtering-2.27.jar:/home/user/.m2/repository/com/google/inject/extensions/guice-assistedinject/4.0/guice-assistedinject-4.0.jar:/home/user/.m2/repository/org/jooq/jooq/3.11.10/jooq-3.11.10.jar:/home/user/.m2/repository/org/jooq/jooq-meta/3.11.10/jooq-meta-3.11.10.jar:/home/user/.m2/repository/org/jooq/jooq-codegen/3.11.10/jooq-codegen-3.11.10.jar:/home/user/.m2/repository/com/jolbox/bonecp/0.8.0.RELEASE/bonecp-0.8.0.RELEASE.jar:/home/user/.m2/repository/org/xerial/sqlite-jdbc/3.25.2/sqlite-jdbc-3.25.2.jar:/home/user/.m2/repository/org/springframework/spring-jdbc/5.1.3.RELEASE/spring-jdbc-5.1.3.RELEASE.jar:/home/user/.m2/repository/org/springframework/spring-beans/5.1.3.RELEASE/spring-beans-5.1.3.RELEASE.jar:/home/user/.m2/repository/org/springframework/spring-core/5.1.3.RELEASE/spring-core-5.1.3.RELEASE.jar:/home/user/.m2/repository/org/springframework/spring-jcl/5.1.3.RELEASE/spring-jcl-5.1.3.RELEASE.jar:/home/user/.m2/repository/org/springframework/spring-tx/5.1.3.RELEASE/spring-tx-5.1.3.RELEASE.jar:/home/user/.m2/repository/org/apache/hadoop/hadoop-ozone-client/0.5.0-SNAPSHOT/hadoop-ozone-client-0.5.0-SNAPSHOT.jar:/home/user/.m2/repository/org/apache/hadoop/hadoop-ozone-ozone-manager/0.5.0-SNAPSHOT/hadoop-ozone-ozone-manager-0.5.0-SNAPSHOT-tests.jar:/home/user/.m2/repository/junit/junit/4.11/junit-4.11.jar:/home/user/.m2/repository/org/hamcrest/hamcrest-core/1.3/hamcrest-core-1.3.jar:/home/user/.m2/repository/org/openjdk/jmh/jmh-core/1.19/jmh-core-1.19.jar:/home/user/.m2/repository/net/sf/jopt-simple/jopt-simple/4.6/jopt-simple-4.6.jar:/home/user/.m2/repository/org/apache/commons/commons-math3/3.1.1/commons-math3-3.1.1.jar:/home/user/.m2/repository/org/openjdk/jmh/jmh-generator-annprocess/1.19/jmh-generator-annprocess-1.19.jar:/home/user/.m2/repository/org/mockito/mockito-all/1.8.5/mockito-all-1.8.5.jar:/home/user/.m2/repository/org/apache/hadoop/hadoop-kms/3.2.0/hadoop-kms-3.2.0.jar:/home/user/.m2/repository/org/apache/hadoop/hadoop-auth/3.2.0/hadoop-auth-3.2.0.jar:/home/user/.m2/repository/com/nimbusds/nimbus-jose-jwt/4.41.1/nimbus-jose-jwt-4.41.1.jar:/home/user/.m2/repository/com/github/stephenc/jcip/jcip-annotations/1.0-1/jcip-annotations-1.0-1.jar:/home/user/.m2/repository/net/minidev/json-smart/2.3/json-smart-2.3.jar:/home/user/.m2/repository/net/minidev/accessors-smart/1.2/accessors-smart-1.2.jar:/home/user/.m2/repository/org/ow2/asm/asm/5.0.4/asm-5.0.4.jar:/home/user/.m2/repository/org/apache/curator/curator-framework/2.12.0/curator-framework-2.12.0.jar:/home/user/.m2/repository/com/sun/jersey/jersey-core/1.19/jersey-core-1.19.jar:/home/user/.m2/repository/javax/ws/rs/jsr311-api/1.1.1/jsr311-api-1.1.1.jar:/home/user/.m2/repository/com/sun/jersey/jersey-server/1.19/jersey-server-1.19.jar:/home/user/.m2/repository/javax/servlet/javax.servlet-api/3.1.0/javax.servlet-api-3.1.0.jar:/home/user/.m2/repository/org/eclipse/jetty/jetty-server/9.3.24.v20180605/jetty-server-9.3.24.v20180605.jar:/home/user/.m2/repository/org/eclipse/jetty/jetty-http/9.3.24.v20180605/jetty-http-9.3.24.v20180605.jar:/home/user/.m2/repository/org/eclipse/jetty/jetty-io/9.3.24.v20180605/jetty-io-9.3.24.v20180605.jar:/home/user/.m2/repository/org/eclipse/jetty/jetty-webapp/9.3.24.v20180605/jetty-webapp-9.3.24.v20180605.jar:/home/user/.m2/repository/org/eclipse/jetty/jetty-xml/9.3.24.v20180605/jetty-xml-9.3.24.v20180605.jar:/home/user/.m2/repository/log4j/log4j/1.2.17/log4j-1.2.17.jar:/home/user/.m2/repository/org/slf4j/slf4j-api/1.7.25/slf4j-api-1.7.25.jar:/home/user/.m2/repository/org/slf4j/jul-to-slf4j/1.7.25/jul-to-slf4j-1.7.25.jar:/home/user/.m2/repository/org/eclipse/jetty/jetty-util/9.3.24.v20180605/jetty-util-9.3.24.v20180605.jar:/home/user/.m2/repository/io/dropwizard/metrics/metrics-core/3.2.4/metrics-core-3.2.4.jar:/home/user/.m2/repository/com/fasterxml/jackson/core/jackson-databind/2.9.5/jackson-databind-2.9.5.jar:/home/user/.m2/repository/org/apache/hadoop/hadoop-kms/3.2.0/hadoop-kms-3.2.0-tests.jar:/home/user/.m2/repository/org/apache/hadoop/hadoop-hdds-server-scm/0.5.0-SNAPSHOT/hadoop-hdds-server-scm-0.5.0-SNAPSHOT-tests.jar:/home/user/.m2/repository/org/hamcrest/hamcrest-all/1.3/hamcrest-all-1.3.jar:/home/user/.m2/repository/info/picocli/picocli/3.9.6/picocli-3.9.6.jar:/home/user/.m2/repository/org/apache/hadoop/hadoop-hdds-container-service/0.5.0-SNAPSHOT/hadoop-hdds-container-service-0.5.0-SNAPSHOT-tests.jar:/home/user/.m2/repository/org/yaml/snakeyaml/1.16/snakeyaml-1.16.jar:/home/user/.m2/repository/org/apache/hadoop/hadoop-common/3.2.0/hadoop-common-3.2.0-tests.jar:/home/user/.m2/repository/org/apache/hadoop/hadoop-annotations/3.2.0/hadoop-annotations-3.2.0.jar:/usr/lib/jvm/java-1.8-openjdk/jre/../lib/tools.jar:/home/user/.m2/repository/commons-cli/commons-cli/1.2/commons-cli-1.2.jar:/home/user/.m2/repository/org/apache/httpcomponents/httpclient/4.5.2/httpclient-4.5.2.jar:/home/user/.m2/repository/org/apache/httpcomponents/httpcore/4.4.4/httpcore-4.4.4.jar:/home/user/.m2/repository/commons-codec/commons-codec/1.11/commons-codec-1.11.jar:/home/user/.m2/repository/commons-net/commons-net/3.6/commons-net-3.6.jar:/home/user/.m2/repository/commons-collections/commons-collections/3.2.2/commons-collections-3.2.2.jar:/home/user/.m2/repository/org/eclipse/jetty/jetty-servlet/9.3.24.v20180605/jetty-servlet-9.3.24.v20180605.jar:/home/user/.m2/repository/org/eclipse/jetty/jetty-security/9.3.24.v20180605/jetty-security-9.3.24.v20180605.jar:/home/user/.m2/repository/javax/servlet/jsp/jsp-api/2.1/jsp-api-2.1.jar:/home/user/.m2/repository/com/sun/jersey/jersey-servlet/1.19/jersey-servlet-1.19.jar:/home/user/.m2/repository/com/sun/jersey/jersey-json/1.19/jersey-json-1.19.jar:/home/user/.m2/repository/org/codehaus/jettison/jettison/1.1/jettison-1.1.jar:/home/user/.m2/repository/org/codehaus/jackson/jackson-core-asl/1.9.13/jackson-core-asl-1.9.13.jar:/home/user/.m2/repository/org/codehaus/jackson/jackson-mapper-asl/1.9.13/jackson-mapper-asl-1.9.13.jar:/home/user/.m2/repository/org/codehaus/jackson/jackson-jaxrs/1.9.13/jackson-jaxrs-1.9.13.jar:/home/user/.m2/repository/org/codehaus/jackson/jackson-xc/1.9.13/jackson-xc-1.9.13.jar:/home/user/.m2/repository/commons-logging/commons-logging/1.1.3/commons-logging-1.1.3.jar:/home/user/.m2/repository/commons-beanutils/commons-beanutils/1.9.3/commons-beanutils-1.9.3.jar:/home/user/.m2/repository/org/apache/commons/commons-configuration2/2.1.1/commons-configuration2-2.1.1.jar:/home/user/.m2/repository/org/apache/commons/commons-lang3/3.7/commons-lang3-3.7.jar:/home/user/.m2/repository/org/apache/commons/commons-text/1.4/commons-text-1.4.jar:/home/user/.m2/repository/org/apache/avro/avro/1.7.7/avro-1.7.7.jar:/home/user/.m2/repository/com/thoughtworks/paranamer/paranamer/2.3/paranamer-2.3.jar:/home/user/.m2/repository/org/xerial/snappy/snappy-java/1.0.5/snappy-java-1.0.5.jar:/home/user/.m2/repository/com/google/re2j/re2j/1.1/re2j-1.1.jar:/home/user/.m2/repository/com/google/code/gson/gson/2.2.4/gson-2.2.4.jar:/home/user/.m2/repository/com/jcraft/jsch/0.1.54/jsch-0.1.54.jar:/home/user/.m2/repository/org/apache/curator/curator-client/2.12.0/curator-client-2.12.0.jar:/home/user/.m2/repository/org/apache/curator/curator-recipes/2.12.0/curator-recipes-2.12.0.jar:/home/user/.m2/repository/com/google/code/findbugs/jsr305/3.0.0/jsr305-3.0.0.jar:/home/user/.m2/repository/org/apache/htrace/htrace-core4/4.1.0-incubating/htrace-core4-4.1.0-incubating.jar:/home/user/.m2/repository/org/apache/zookeeper/zookeeper/3.4.13/zookeeper-3.4.13.jar:/home/user/.m2/repository/org/apache/yetus/audience-annotations/0.5.0/audience-annotations-0.5.0.jar:/home/user/.m2/repository/org/codehaus/woodstox/stax2-api/3.1.4/stax2-api-3.1.4.jar:/home/user/.m2/repository/com/fasterxml/woodstox/woodstox-core/5.0.3/woodstox-core-5.0.3.jar:/home/user/.m2/repository/dnsjava/dnsjava/2.1.7/dnsjava-2.1.7.jar:/home/user/.m2/repository/org/apache/hadoop/hadoop-hdfs/3.2.0/hadoop-hdfs-3.2.0-tests.jar:/home/user/.m2/repository/org/eclipse/jetty/jetty-util-ajax/9.3.24.v20180605/jetty-util-ajax-9.3.24.v20180605.jar:/home/user/.m2/repository/commons-daemon/commons-daemon/1.0.13/commons-daemon-1.0.13.jar:/home/user/.m2/repository/io/netty/netty/3.10.5.Final/netty-3.10.5.Final.jar:/home/user/.m2/repository/io/netty/netty-all/4.0.52.Final/netty-all-4.0.52.Final.jar:/home/user/.m2/repository/org/fusesource/leveldbjni/leveldbjni-all/1.8/leveldbjni-all-1.8.jar:"/>
    <property name="java.vm.vendor" value="IcedTea"/>
    <property name="sun.arch.data.model" value="64"/>
    <property name="test.build.dir" value="/opt/src/hadoop-ozone/integration-test/target/test-dir"/>
    <property name="test.cache.data" value=""/>
    <property name="java.vendor.url" value="https://icedtea.classpath.org"/>
    <property name="user.timezone" value=""/>
    <property name="java.vm.specification.version" value="1.8"/>
    <property name="os.name" value="Linux"/>
    <property name="test.build.data" value="/opt/src/hadoop-ozone/integration-test/target/test-dir"/>
    <property name="user.country" value="US"/>
    <property name="sun.java.launcher" value="SUN_STANDARD"/>
    <property name="sun.boot.library.path" value="/usr/lib/jvm/java-1.8-openjdk/jre/lib/amd64"/>
    <property name="sun.java.command" value="/opt/src/hadoop-ozone/integration-test/target/surefire/surefirebooter8945946366699137866.jar /opt/src/hadoop-ozone/integration-test/target/surefire 2019-06-15T13-36-32_096-jvmRun1 surefire8652166330515169271tmp surefire_83505242845471661961tmp"/>
    <property name="surefire.test.class.path" value="/opt/src/hadoop-ozone/integration-test/target/test-classes:/opt/src/hadoop-ozone/integration-test/target/classes:/home/user/.m2/repository/org/apache/hadoop/hadoop-ozone-common/0.5.0-SNAPSHOT/hadoop-ozone-common-0.5.0-SNAPSHOT.jar:/home/user/.m2/repository/org/apache/commons/commons-compress/1.4.1/commons-compress-1.4.1.jar:/home/user/.m2/repository/org/tukaani/xz/1.0/xz-1.0.jar:/home/user/.m2/repository/org/apache/hadoop/hadoop-common/3.2.0/hadoop-common-3.2.0.jar:/home/user/.m2/repository/org/apache/hadoop/hadoop-hdfs/3.2.0/hadoop-hdfs-3.2.0.jar:/home/user/.m2/repository/org/apache/hadoop/hadoop-hdfs-client/3.2.0/hadoop-hdfs-client-3.2.0.jar:/home/user/.m2/repository/com/fasterxml/jackson/core/jackson-annotations/2.9.5/jackson-annotations-2.9.5.jar:/home/user/.m2/repository/org/apache/hadoop/hadoop-hdds-common/0.5.0-SNAPSHOT/hadoop-hdds-common-0.5.0-SNAPSHOT.jar:/home/user/.m2/repository/javax/annotation/javax.annotation-api/1.2/javax.annotation-api-1.2.jar:/home/user/.m2/repository/org/apache/ratis/ratis-server/0.4.0-fe2b15d-SNAPSHOT/ratis-server-0.4.0-fe2b15d-SNAPSHOT.jar:/home/user/.m2/repository/org/apache/ratis/ratis-thirdparty-misc/0.2.0/ratis-thirdparty-misc-0.2.0.jar:/home/user/.m2/repository/org/apache/ratis/ratis-proto/0.4.0-fe2b15d-SNAPSHOT/ratis-proto-0.4.0-fe2b15d-SNAPSHOT.jar:/home/user/.m2/repository/org/apache/ratis/ratis-common/0.4.0-fe2b15d-SNAPSHOT/ratis-common-0.4.0-fe2b15d-SNAPSHOT.jar:/home/user/.m2/repository/org/apache/ratis/ratis-client/0.4.0-fe2b15d-SNAPSHOT/ratis-client-0.4.0-fe2b15d-SNAPSHOT.jar:/home/user/.m2/repository/org/apache/ratis/ratis-netty/0.4.0-fe2b15d-SNAPSHOT/ratis-netty-0.4.0-fe2b15d-SNAPSHOT.jar:/home/user/.m2/repository/org/apache/ratis/ratis-grpc/0.4.0-fe2b15d-SNAPSHOT/ratis-grpc-0.4.0-fe2b15d-SNAPSHOT.jar:/home/user/.m2/repository/org/rocksdb/rocksdbjni/5.14.2/rocksdbjni-5.14.2.jar:/home/user/.m2/repository/org/apache/logging/log4j/log4j-api/2.11.0/log4j-api-2.11.0.jar:/home/user/.m2/repository/org/apache/logging/log4j/log4j-core/2.11.0/log4j-core-2.11.0.jar:/home/user/.m2/repository/com/lmax/disruptor/3.4.2/disruptor-3.4.2.jar:/home/user/.m2/repository/org/apache/commons/commons-pool2/2.6.0/commons-pool2-2.6.0.jar:/home/user/.m2/repository/org/bouncycastle/bcpkix-jdk15on/1.60/bcpkix-jdk15on-1.60.jar:/home/user/.m2/repository/commons-validator/commons-validator/1.6/commons-validator-1.6.jar:/home/user/.m2/repository/commons-digester/commons-digester/1.8.1/commons-digester-1.8.1.jar:/home/user/.m2/repository/io/jaegertracing/jaeger-client/0.33.1/jaeger-client-0.33.1.jar:/home/user/.m2/repository/io/jaegertracing/jaeger-thrift/0.33.1/jaeger-thrift-0.33.1.jar:/home/user/.m2/repository/org/apache/thrift/libthrift/0.11.0/libthrift-0.11.0.jar:/home/user/.m2/repository/com/squareup/okhttp3/okhttp/3.9.0/okhttp-3.9.0.jar:/home/user/.m2/repository/com/squareup/okio/okio/1.13.0/okio-1.13.0.jar:/home/user/.m2/repository/io/jaegertracing/jaeger-core/0.33.1/jaeger-core-0.33.1.jar:/home/user/.m2/repository/io/jaegertracing/jaeger-tracerresolver/0.33.1/jaeger-tracerresolver-0.33.1.jar:/home/user/.m2/repository/io/opentracing/contrib/opentracing-tracerresolver/0.1.5/opentracing-tracerresolver-0.1.5.jar:/home/user/.m2/repository/io/opentracing/opentracing-util/0.31.0/opentracing-util-0.31.0.jar:/home/user/.m2/repository/io/opentracing/opentracing-api/0.31.0/opentracing-api-0.31.0.jar:/home/user/.m2/repository/io/opentracing/opentracing-noop/0.31.0/opentracing-noop-0.31.0.jar:/home/user/.m2/repository/org/apache/hadoop/hadoop-hdds-server-framework/0.5.0-SNAPSHOT/hadoop-hdds-server-framework-0.5.0-SNAPSHOT.jar:/home/user/.m2/repository/org/apache/hadoop/hadoop-hdds-server-scm/0.5.0-SNAPSHOT/hadoop-hdds-server-scm-0.5.0-SNAPSHOT.jar:/home/user/.m2/repository/org/apache/hadoop/hadoop-hdds-container-service/0.5.0-SNAPSHOT/hadoop-hdds-container-service-0.5.0-SNAPSHOT.jar:/home/user/.m2/repository/org/apache/hadoop/hadoop-hdds-client/0.5.0-SNAPSHOT/hadoop-hdds-client-0.5.0-SNAPSHOT.jar:/home/user/.m2/repository/org/apache/hadoop/hadoop-hdds-tools/0.5.0-SNAPSHOT/hadoop-hdds-tools-0.5.0-SNAPSHOT.jar:/home/user/.m2/repository/org/apache/hadoop/hadoop-ozone-ozone-manager/0.5.0-SNAPSHOT/hadoop-ozone-ozone-manager-0.5.0-SNAPSHOT.jar:/home/user/.m2/repository/org/apache/hadoop/hadoop-hdds-docs/0.5.0-SNAPSHOT/hadoop-hdds-docs-0.5.0-SNAPSHOT.jar:/home/user/.m2/repository/org/bouncycastle/bcprov-jdk15on/1.60/bcprov-jdk15on-1.60.jar:/home/user/.m2/repository/org/apache/hadoop/hadoop-minikdc/3.2.0/hadoop-minikdc-3.2.0.jar:/home/user/.m2/repository/commons-io/commons-io/2.5/commons-io-2.5.jar:/home/user/.m2/repository/org/apache/kerby/kerb-simplekdc/1.0.1/kerb-simplekdc-1.0.1.jar:/home/user/.m2/repository/org/apache/kerby/kerb-client/1.0.1/kerb-client-1.0.1.jar:/home/user/.m2/repository/org/apache/kerby/kerby-config/1.0.1/kerby-config-1.0.1.jar:/home/user/.m2/repository/org/apache/kerby/kerb-core/1.0.1/kerb-core-1.0.1.jar:/home/user/.m2/repository/org/apache/kerby/kerby-pkix/1.0.1/kerby-pkix-1.0.1.jar:/home/user/.m2/repository/org/apache/kerby/kerby-asn1/1.0.1/kerby-asn1-1.0.1.jar:/home/user/.m2/repository/org/apache/kerby/kerby-util/1.0.1/kerby-util-1.0.1.jar:/home/user/.m2/repository/org/apache/kerby/kerb-common/1.0.1/kerb-common-1.0.1.jar:/home/user/.m2/repository/org/apache/kerby/kerb-crypto/1.0.1/kerb-crypto-1.0.1.jar:/home/user/.m2/repository/org/apache/kerby/kerb-util/1.0.1/kerb-util-1.0.1.jar:/home/user/.m2/repository/org/apache/kerby/token-provider/1.0.1/token-provider-1.0.1.jar:/home/user/.m2/repository/org/apache/kerby/kerb-admin/1.0.1/kerb-admin-1.0.1.jar:/home/user/.m2/repository/org/apache/kerby/kerb-server/1.0.1/kerb-server-1.0.1.jar:/home/user/.m2/repository/org/apache/kerby/kerb-identity/1.0.1/kerb-identity-1.0.1.jar:/home/user/.m2/repository/org/apache/kerby/kerby-xdr/1.0.1/kerby-xdr-1.0.1.jar:/home/user/.m2/repository/org/slf4j/slf4j-log4j12/1.7.25/slf4j-log4j12-1.7.25.jar:/home/user/.m2/repository/org/apache/hadoop/hadoop-ozone-objectstore-service/0.5.0-SNAPSHOT/hadoop-ozone-objectstore-service-0.5.0-SNAPSHOT.jar:/home/user/.m2/repository/org/apache/hadoop/hadoop-ozone-s3gateway/0.5.0-SNAPSHOT/hadoop-ozone-s3gateway-0.5.0-SNAPSHOT.jar:/home/user/.m2/repository/org/jboss/weld/servlet/weld-servlet/2.4.7.Final/weld-servlet-2.4.7.Final.jar:/home/user/.m2/repository/org/glassfish/jersey/containers/jersey-container-servlet-core/2.27/jersey-container-servlet-core-2.27.jar:/home/user/.m2/repository/org/glassfish/hk2/external/javax.inject/2.5.0-b42/javax.inject-2.5.0-b42.jar:/home/user/.m2/repository/org/glassfish/jersey/core/jersey-common/2.27/jersey-common-2.27.jar:/home/user/.m2/repository/org/glassfish/hk2/osgi-resource-locator/1.0.1/osgi-resource-locator-1.0.1.jar:/home/user/.m2/repository/javax/ws/rs/javax.ws.rs-api/2.1/javax.ws.rs-api-2.1.jar:/home/user/.m2/repository/org/glassfish/jersey/ext/cdi/jersey-cdi1x/2.27/jersey-cdi1x-2.27.jar:/home/user/.m2/repository/org/glassfish/jersey/inject/jersey-hk2/2.27/jersey-hk2-2.27.jar:/home/user/.m2/repository/org/glassfish/hk2/hk2-locator/2.5.0-b42/hk2-locator-2.5.0-b42.jar:/home/user/.m2/repository/org/javassist/javassist/3.22.0-CR2/javassist-3.22.0-CR2.jar:/home/user/.m2/repository/org/glassfish/hk2/hk2-api/2.5.0/hk2-api-2.5.0.jar:/home/user/.m2/repository/org/glassfish/hk2/external/jakarta.inject/2.5.0/jakarta.inject-2.5.0.jar:/home/user/.m2/repository/org/glassfish/hk2/hk2-utils/2.5.0/hk2-utils-2.5.0.jar:/home/user/.m2/repository/jakarta/annotation/jakarta.annotation-api/1.3.4/jakarta.annotation-api-1.3.4.jar:/home/user/.m2/repository/org/glassfish/hk2/external/aopalliance-repackaged/2.5.0/aopalliance-repackaged-2.5.0.jar:/home/user/.m2/repository/com/fasterxml/jackson/dataformat/jackson-dataformat-xml/2.9.0/jackson-dataformat-xml-2.9.0.jar:/home/user/.m2/repository/com/fasterxml/jackson/core/jackson-core/2.9.5/jackson-core-2.9.5.jar:/home/user/.m2/repository/com/fasterxml/jackson/module/jackson-module-jaxb-annotations/2.9.5/jackson-module-jaxb-annotations-2.9.5.jar:/home/user/.m2/repository/javax/enterprise/cdi-api/1.2/cdi-api-1.2.jar:/home/user/.m2/repository/javax/el/javax.el-api/3.0.0/javax.el-api-3.0.0.jar:/home/user/.m2/repository/javax/interceptor/javax.interceptor-api/1.2/javax.interceptor-api-1.2.jar:/home/user/.m2/repository/javax/inject/javax.inject/1/javax.inject-1.jar:/home/user/.m2/repository/com/sun/xml/bind/jaxb-impl/2.3.0.1/jaxb-impl-2.3.0.1.jar:/home/user/.m2/repository/com/sun/xml/bind/jaxb-core/2.3.0.1/jaxb-core-2.3.0.1.jar:/home/user/.m2/repository/javax/xml/bind/jaxb-api/2.3.0/jaxb-api-2.3.0.jar:/home/user/.m2/repository/javax/activation/activation/1.1.1/activation-1.1.1.jar:/home/user/.m2/repository/org/apache/hadoop/hadoop-ozone-csi/0.5.0-SNAPSHOT/hadoop-ozone-csi-0.5.0-SNAPSHOT.jar:/home/user/.m2/repository/com/google/protobuf/protobuf-java-util/3.5.1/protobuf-java-util-3.5.1.jar:/home/user/.m2/repository/org/apache/hadoop/hadoop-hdds-config/0.5.0-SNAPSHOT/hadoop-hdds-config-0.5.0-SNAPSHOT.jar:/home/user/.m2/repository/com/google/guava/guava/11.0.2/guava-11.0.2.jar:/home/user/.m2/repository/com/google/protobuf/protobuf-java/2.5.0/protobuf-java-2.5.0.jar:/home/user/.m2/repository/io/grpc/grpc-netty/1.17.1/grpc-netty-1.17.1.jar:/home/user/.m2/repository/io/grpc/grpc-core/1.17.1/grpc-core-1.17.1.jar:/home/user/.m2/repository/io/grpc/grpc-context/1.17.1/grpc-context-1.17.1.jar:/home/user/.m2/repository/com/google/errorprone/error_prone_annotations/2.2.0/error_prone_annotations-2.2.0.jar:/home/user/.m2/repository/org/codehaus/mojo/animal-sniffer-annotations/1.17/animal-sniffer-annotations-1.17.jar:/home/user/.m2/repository/io/opencensus/opencensus-api/0.17.0/opencensus-api-0.17.0.jar:/home/user/.m2/repository/io/opencensus/opencensus-contrib-grpc-metrics/0.17.0/opencensus-contrib-grpc-metrics-0.17.0.jar:/home/user/.m2/repository/io/netty/netty-codec-http2/4.1.30.Final/netty-codec-http2-4.1.30.Final.jar:/home/user/.m2/repository/io/netty/netty-codec-http/4.1.30.Final/netty-codec-http-4.1.30.Final.jar:/home/user/.m2/repository/io/netty/netty-codec/4.1.30.Final/netty-codec-4.1.30.Final.jar:/home/user/.m2/repository/io/netty/netty-handler/4.1.30.Final/netty-handler-4.1.30.Final.jar:/home/user/.m2/repository/io/netty/netty-handler-proxy/4.1.30.Final/netty-handler-proxy-4.1.30.Final.jar:/home/user/.m2/repository/io/netty/netty-codec-socks/4.1.30.Final/netty-codec-socks-4.1.30.Final.jar:/home/user/.m2/repository/io/netty/netty-transport-native-epoll/4.1.30.Final/netty-transport-native-epoll-4.1.30.Final.jar:/home/user/.m2/repository/io/netty/netty-common/4.1.30.Final/netty-common-4.1.30.Final.jar:/home/user/.m2/repository/io/netty/netty-buffer/4.1.30.Final/netty-buffer-4.1.30.Final.jar:/home/user/.m2/repository/io/netty/netty-transport/4.1.30.Final/netty-transport-4.1.30.Final.jar:/home/user/.m2/repository/io/netty/netty-resolver/4.1.30.Final/netty-resolver-4.1.30.Final.jar:/home/user/.m2/repository/io/netty/netty-transport-native-unix-common/4.1.30.Final/netty-transport-native-unix-common-4.1.30.Final.jar:/home/user/.m2/repository/io/grpc/grpc-protobuf/1.17.1/grpc-protobuf-1.17.1.jar:/home/user/.m2/repository/com/google/api/grpc/proto-google-common-protos/1.0.0/proto-google-common-protos-1.0.0.jar:/home/user/.m2/repository/io/grpc/grpc-protobuf-lite/1.17.1/grpc-protobuf-lite-1.17.1.jar:/home/user/.m2/repository/io/grpc/grpc-stub/1.17.1/grpc-stub-1.17.1.jar:/home/user/.m2/repository/org/apache/hadoop/hadoop-ozone-recon/0.5.0-SNAPSHOT/hadoop-ozone-recon-0.5.0-SNAPSHOT.jar:/home/user/.m2/repository/org/apache/hadoop/hadoop-ozone-reconcodegen/0.5.0-SNAPSHOT/hadoop-ozone-reconcodegen-0.5.0-SNAPSHOT.jar:/home/user/.m2/repository/com/google/inject/extensions/guice-multibindings/4.0/guice-multibindings-4.0.jar:/home/user/.m2/repository/com/google/inject/guice/4.0/guice-4.0.jar:/home/user/.m2/repository/aopalliance/aopalliance/1.0/aopalliance-1.0.jar:/home/user/.m2/repository/com/google/inject/extensions/guice-servlet/4.0/guice-servlet-4.0.jar:/home/user/.m2/repository/org/glassfish/jersey/containers/jersey-container-servlet/2.27/jersey-container-servlet-2.27.jar:/home/user/.m2/repository/org/glassfish/hk2/guice-bridge/2.5.0/guice-bridge-2.5.0.jar:/home/user/.m2/repository/org/glassfish/jersey/core/jersey-server/2.27/jersey-server-2.27.jar:/home/user/.m2/repository/org/glassfish/jersey/core/jersey-client/2.27/jersey-client-2.27.jar:/home/user/.m2/repository/org/glassfish/jersey/media/jersey-media-jaxb/2.27/jersey-media-jaxb-2.27.jar:/home/user/.m2/repository/javax/validation/validation-api/1.1.0.Final/validation-api-1.1.0.Final.jar:/home/user/.m2/repository/org/glassfish/jersey/media/jersey-media-json-jackson/2.27/jersey-media-json-jackson-2.27.jar:/home/user/.m2/repository/org/glassfish/jersey/ext/jersey-entity-filtering/2.27/jersey-entity-filtering-2.27.jar:/home/user/.m2/repository/com/google/inject/extensions/guice-assistedinject/4.0/guice-assistedinject-4.0.jar:/home/user/.m2/repository/org/jooq/jooq/3.11.10/jooq-3.11.10.jar:/home/user/.m2/repository/org/jooq/jooq-meta/3.11.10/jooq-meta-3.11.10.jar:/home/user/.m2/repository/org/jooq/jooq-codegen/3.11.10/jooq-codegen-3.11.10.jar:/home/user/.m2/repository/com/jolbox/bonecp/0.8.0.RELEASE/bonecp-0.8.0.RELEASE.jar:/home/user/.m2/repository/org/xerial/sqlite-jdbc/3.25.2/sqlite-jdbc-3.25.2.jar:/home/user/.m2/repository/org/springframework/spring-jdbc/5.1.3.RELEASE/spring-jdbc-5.1.3.RELEASE.jar:/home/user/.m2/repository/org/springframework/spring-beans/5.1.3.RELEASE/spring-beans-5.1.3.RELEASE.jar:/home/user/.m2/repository/org/springframework/spring-core/5.1.3.RELEASE/spring-core-5.1.3.RELEASE.jar:/home/user/.m2/repository/org/springframework/spring-jcl/5.1.3.RELEASE/spring-jcl-5.1.3.RELEASE.jar:/home/user/.m2/repository/org/springframework/spring-tx/5.1.3.RELEASE/spring-tx-5.1.3.RELEASE.jar:/home/user/.m2/repository/org/apache/hadoop/hadoop-ozone-client/0.5.0-SNAPSHOT/hadoop-ozone-client-0.5.0-SNAPSHOT.jar:/home/user/.m2/repository/org/apache/hadoop/hadoop-ozone-ozone-manager/0.5.0-SNAPSHOT/hadoop-ozone-ozone-manager-0.5.0-SNAPSHOT-tests.jar:/home/user/.m2/repository/junit/junit/4.11/junit-4.11.jar:/home/user/.m2/repository/org/hamcrest/hamcrest-core/1.3/hamcrest-core-1.3.jar:/home/user/.m2/repository/org/openjdk/jmh/jmh-core/1.19/jmh-core-1.19.jar:/home/user/.m2/repository/net/sf/jopt-simple/jopt-simple/4.6/jopt-simple-4.6.jar:/home/user/.m2/repository/org/apache/commons/commons-math3/3.1.1/commons-math3-3.1.1.jar:/home/user/.m2/repository/org/openjdk/jmh/jmh-generator-annprocess/1.19/jmh-generator-annprocess-1.19.jar:/home/user/.m2/repository/org/mockito/mockito-all/1.8.5/mockito-all-1.8.5.jar:/home/user/.m2/repository/org/apache/hadoop/hadoop-kms/3.2.0/hadoop-kms-3.2.0.jar:/home/user/.m2/repository/org/apache/hadoop/hadoop-auth/3.2.0/hadoop-auth-3.2.0.jar:/home/user/.m2/repository/com/nimbusds/nimbus-jose-jwt/4.41.1/nimbus-jose-jwt-4.41.1.jar:/home/user/.m2/repository/com/github/stephenc/jcip/jcip-annotations/1.0-1/jcip-annotations-1.0-1.jar:/home/user/.m2/repository/net/minidev/json-smart/2.3/json-smart-2.3.jar:/home/user/.m2/repository/net/minidev/accessors-smart/1.2/accessors-smart-1.2.jar:/home/user/.m2/repository/org/ow2/asm/asm/5.0.4/asm-5.0.4.jar:/home/user/.m2/repository/org/apache/curator/curator-framework/2.12.0/curator-framework-2.12.0.jar:/home/user/.m2/repository/com/sun/jersey/jersey-core/1.19/jersey-core-1.19.jar:/home/user/.m2/repository/javax/ws/rs/jsr311-api/1.1.1/jsr311-api-1.1.1.jar:/home/user/.m2/repository/com/sun/jersey/jersey-server/1.19/jersey-server-1.19.jar:/home/user/.m2/repository/javax/servlet/javax.servlet-api/3.1.0/javax.servlet-api-3.1.0.jar:/home/user/.m2/repository/org/eclipse/jetty/jetty-server/9.3.24.v20180605/jetty-server-9.3.24.v20180605.jar:/home/user/.m2/repository/org/eclipse/jetty/jetty-http/9.3.24.v20180605/jetty-http-9.3.24.v20180605.jar:/home/user/.m2/repository/org/eclipse/jetty/jetty-io/9.3.24.v20180605/jetty-io-9.3.24.v20180605.jar:/home/user/.m2/repository/org/eclipse/jetty/jetty-webapp/9.3.24.v20180605/jetty-webapp-9.3.24.v20180605.jar:/home/user/.m2/repository/org/eclipse/jetty/jetty-xml/9.3.24.v20180605/jetty-xml-9.3.24.v20180605.jar:/home/user/.m2/repository/log4j/log4j/1.2.17/log4j-1.2.17.jar:/home/user/.m2/repository/org/slf4j/slf4j-api/1.7.25/slf4j-api-1.7.25.jar:/home/user/.m2/repository/org/slf4j/jul-to-slf4j/1.7.25/jul-to-slf4j-1.7.25.jar:/home/user/.m2/repository/org/eclipse/jetty/jetty-util/9.3.24.v20180605/jetty-util-9.3.24.v20180605.jar:/home/user/.m2/repository/io/dropwizard/metrics/metrics-core/3.2.4/metrics-core-3.2.4.jar:/home/user/.m2/repository/com/fasterxml/jackson/core/jackson-databind/2.9.5/jackson-databind-2.9.5.jar:/home/user/.m2/repository/org/apache/hadoop/hadoop-kms/3.2.0/hadoop-kms-3.2.0-tests.jar:/home/user/.m2/repository/org/apache/hadoop/hadoop-hdds-server-scm/0.5.0-SNAPSHOT/hadoop-hdds-server-scm-0.5.0-SNAPSHOT-tests.jar:/home/user/.m2/repository/org/hamcrest/hamcrest-all/1.3/hamcrest-all-1.3.jar:/home/user/.m2/repository/info/picocli/picocli/3.9.6/picocli-3.9.6.jar:/home/user/.m2/repository/org/apache/hadoop/hadoop-hdds-container-service/0.5.0-SNAPSHOT/hadoop-hdds-container-service-0.5.0-SNAPSHOT-tests.jar:/home/user/.m2/repository/org/yaml/snakeyaml/1.16/snakeyaml-1.16.jar:/home/user/.m2/repository/org/apache/hadoop/hadoop-common/3.2.0/hadoop-common-3.2.0-tests.jar:/home/user/.m2/repository/org/apache/hadoop/hadoop-annotations/3.2.0/hadoop-annotations-3.2.0.jar:/usr/lib/jvm/java-1.8-openjdk/jre/../lib/tools.jar:/home/user/.m2/repository/commons-cli/commons-cli/1.2/commons-cli-1.2.jar:/home/user/.m2/repository/org/apache/httpcomponents/httpclient/4.5.2/httpclient-4.5.2.jar:/home/user/.m2/repository/org/apache/httpcomponents/httpcore/4.4.4/httpcore-4.4.4.jar:/home/user/.m2/repository/commons-codec/commons-codec/1.11/commons-codec-1.11.jar:/home/user/.m2/repository/commons-net/commons-net/3.6/commons-net-3.6.jar:/home/user/.m2/repository/commons-collections/commons-collections/3.2.2/commons-collections-3.2.2.jar:/home/user/.m2/repository/org/eclipse/jetty/jetty-servlet/9.3.24.v20180605/jetty-servlet-9.3.24.v20180605.jar:/home/user/.m2/repository/org/eclipse/jetty/jetty-security/9.3.24.v20180605/jetty-security-9.3.24.v20180605.jar:/home/user/.m2/repository/javax/servlet/jsp/jsp-api/2.1/jsp-api-2.1.jar:/home/user/.m2/repository/com/sun/jersey/jersey-servlet/1.19/jersey-servlet-1.19.jar:/home/user/.m2/repository/com/sun/jersey/jersey-json/1.19/jersey-json-1.19.jar:/home/user/.m2/repository/org/codehaus/jettison/jettison/1.1/jettison-1.1.jar:/home/user/.m2/repository/org/codehaus/jackson/jackson-core-asl/1.9.13/jackson-core-asl-1.9.13.jar:/home/user/.m2/repository/org/codehaus/jackson/jackson-mapper-asl/1.9.13/jackson-mapper-asl-1.9.13.jar:/home/user/.m2/repository/org/codehaus/jackson/jackson-jaxrs/1.9.13/jackson-jaxrs-1.9.13.jar:/home/user/.m2/repository/org/codehaus/jackson/jackson-xc/1.9.13/jackson-xc-1.9.13.jar:/home/user/.m2/repository/commons-logging/commons-logging/1.1.3/commons-logging-1.1.3.jar:/home/user/.m2/repository/commons-beanutils/commons-beanutils/1.9.3/commons-beanutils-1.9.3.jar:/home/user/.m2/repository/org/apache/commons/commons-configuration2/2.1.1/commons-configuration2-2.1.1.jar:/home/user/.m2/repository/org/apache/commons/commons-lang3/3.7/commons-lang3-3.7.jar:/home/user/.m2/repository/org/apache/commons/commons-text/1.4/commons-text-1.4.jar:/home/user/.m2/repository/org/apache/avro/avro/1.7.7/avro-1.7.7.jar:/home/user/.m2/repository/com/thoughtworks/paranamer/paranamer/2.3/paranamer-2.3.jar:/home/user/.m2/repository/org/xerial/snappy/snappy-java/1.0.5/snappy-java-1.0.5.jar:/home/user/.m2/repository/com/google/re2j/re2j/1.1/re2j-1.1.jar:/home/user/.m2/repository/com/google/code/gson/gson/2.2.4/gson-2.2.4.jar:/home/user/.m2/repository/com/jcraft/jsch/0.1.54/jsch-0.1.54.jar:/home/user/.m2/repository/org/apache/curator/curator-client/2.12.0/curator-client-2.12.0.jar:/home/user/.m2/repository/org/apache/curator/curator-recipes/2.12.0/curator-recipes-2.12.0.jar:/home/user/.m2/repository/com/google/code/findbugs/jsr305/3.0.0/jsr305-3.0.0.jar:/home/user/.m2/repository/org/apache/htrace/htrace-core4/4.1.0-incubating/htrace-core4-4.1.0-incubating.jar:/home/user/.m2/repository/org/apache/zookeeper/zookeeper/3.4.13/zookeeper-3.4.13.jar:/home/user/.m2/repository/org/apache/yetus/audience-annotations/0.5.0/audience-annotations-0.5.0.jar:/home/user/.m2/repository/org/codehaus/woodstox/stax2-api/3.1.4/stax2-api-3.1.4.jar:/home/user/.m2/repository/com/fasterxml/woodstox/woodstox-core/5.0.3/woodstox-core-5.0.3.jar:/home/user/.m2/repository/dnsjava/dnsjava/2.1.7/dnsjava-2.1.7.jar:/home/user/.m2/repository/org/apache/hadoop/hadoop-hdfs/3.2.0/hadoop-hdfs-3.2.0-tests.jar:/home/user/.m2/repository/org/eclipse/jetty/jetty-util-ajax/9.3.24.v20180605/jetty-util-ajax-9.3.24.v20180605.jar:/home/user/.m2/repository/commons-daemon/commons-daemon/1.0.13/commons-daemon-1.0.13.jar:/home/user/.m2/repository/io/netty/netty/3.10.5.Final/netty-3.10.5.Final.jar:/home/user/.m2/repository/io/netty/netty-all/4.0.52.Final/netty-all-4.0.52.Final.jar:/home/user/.m2/repository/org/fusesource/leveldbjni/leveldbjni-all/1.8/leveldbjni-all-1.8.jar:"/>
    <property name="sun.cpu.endian" value="little"/>
    <property name="user.home" value="/home/user"/>
    <property name="user.language" value="en"/>
    <property name="java.specification.vendor" value="Oracle Corporation"/>
    <property name="java.home" value="/usr/lib/jvm/java-1.8-openjdk/jre"/>
    <property name="java.security.krb5.conf" value="/opt/src/hadoop-ozone/integration-test/target/test-classes/krb5.conf"/>
    <property name="basedir" value="/opt/src/hadoop-ozone/integration-test"/>
    <property name="file.separator" value="/"/>
    <property name="line.separator" value="&#10;"/>
    <property name="java.vm.specification.vendor" value="Oracle Corporation"/>
    <property name="java.specification.name" value="Java Platform API Specification"/>
    <property name="java.awt.graphicsenv" value="sun.awt.X11GraphicsEnvironment"/>
    <property name="surefire.real.class.path" value="/opt/src/hadoop-ozone/integration-test/target/surefire/surefirebooter8945946366699137866.jar"/>
    <property name="hadoop.log.dir" value="/opt/src/hadoop-ozone/integration-test/target/log"/>
    <property name="sun.boot.class.path" value="/usr/lib/jvm/java-1.8-openjdk/jre/lib/resources.jar:/usr/lib/jvm/java-1.8-openjdk/jre/lib/rt.jar:/usr/lib/jvm/java-1.8-openjdk/jre/lib/sunrsasign.jar:/usr/lib/jvm/java-1.8-openjdk/jre/lib/jsse.jar:/usr/lib/jvm/java-1.8-openjdk/jre/lib/jce.jar:/usr/lib/jvm/java-1.8-openjdk/jre/lib/charsets.jar:/usr/lib/jvm/java-1.8-openjdk/jre/lib/jfr.jar:/usr/lib/jvm/java-1.8-openjdk/jre/classes"/>
    <property name="sun.management.compiler" value="HotSpot 64-Bit Tiered Compilers"/>
    <property name="java.runtime.version" value="1.8.0_212-b04"/>
    <property name="java.net.preferIPv4Stack" value="true"/>
    <property name="user.name" value="jenkins1000"/>
    <property name="path.separator" value=":"/>
    <property name="java.security.egd" value="file:///dev/urandom"/>
    <property name="os.version" value="4.15.0-1021-aws"/>
    <property name="java.endorsed.dirs" value="/usr/lib/jvm/java-1.8-openjdk/jre/lib/endorsed"/>
    <property name="java.runtime.name" value="OpenJDK Runtime Environment"/>
    <property name="file.encoding" value="UTF-8"/>
    <property name="java.vm.name" value="OpenJDK 64-Bit Server VM"/>
    <property name="test.build.webapps" value=""/>
    <property name="localRepository" value="/home/user/.m2/repository"/>
    <property name="java.vendor.url.bug" value="https://icedtea.classpath.org/bugzilla"/>
    <property name="java.io.tmpdir" value="/tmp"/>
    <property name="require.test.libhadoop" value=""/>
    <property name="java.version" value="1.8.0_212"/>
    <property name="user.dir" value="/opt/src/hadoop-ozone/integration-test"/>
    <property name="os.arch" value="amd64"/>
    <property name="java.vm.specification.name" value="Java Virtual Machine Specification"/>
    <property name="test.build.classes" value="/opt/src/hadoop-ozone/integration-test/target/test-classes"/>
    <property name="java.awt.printerjob" value="sun.print.PSPrinterJob"/>
    <property name="sun.os.patch.level" value="unknown"/>
    <property name="hadoop.tmp.dir" value="/opt/src/hadoop-ozone/integration-test/target/tmp"/>
    <property name="java.library.path" value="/usr/lib/jvm/java-1.8-openjdk/jre/lib/amd64/server:/usr/lib/jvm/java-1.8-openjdk/jre/lib/amd64:/usr/lib/jvm/java-1.8-openjdk/jre/../lib/amd64:/opt/src/hadoop-ozone/integration-test/target/native/target/usr/local/lib:/opt/src/hadoop-ozone/integration-test/../../hadoop-common-project/hadoop-common/target/native/target/usr/local/lib:/usr/java/packages/lib/amd64:/usr/lib64:/lib64:/lib:/usr/lib"/>
    <property name="java.vm.info" value="mixed mode"/>
    <property name="java.vendor" value="IcedTea"/>
    <property name="java.vm.version" value="25.212-b04"/>
    <property name="java.ext.dirs" value="/usr/lib/jvm/java-1.8-openjdk/jre/lib/ext:/usr/java/packages/lib/ext"/>
    <property name="sun.io.unicode.encoding" value="UnicodeLittle"/>
    <property name="java.class.version" value="52.0"/>
  </properties>
  <testcase name="testPipelineFail" classname="org.apache.hadoop.hdds.scm.pipeline.TestNodeFailure" time="0">
    <skipped/>
    <system-out><![CDATA[2019-06-15 13:40:12,589 WARN  server.ServerUtils (ServerUtils.java:getScmDbDir(145)) - ozone.scm.db.dirs is not configured. We recommend adding this setting. Falling back to ozone.metadata.dirs instead.
2019-06-15 13:40:12,680 WARN  server.ServerUtils (ServerUtils.java:getScmDbDir(145)) - ozone.scm.db.dirs is not configured. We recommend adding this setting. Falling back to ozone.metadata.dirs instead.
2019-06-15 13:40:12,683 WARN  server.ServerUtils (ServerUtils.java:getScmDbDir(145)) - ozone.scm.db.dirs is not configured. We recommend adding this setting. Falling back to ozone.metadata.dirs instead.
2019-06-15 13:40:12,698 INFO  util.log (Log.java:initialized(192)) - Logging initialized @788ms
2019-06-15 13:40:12,787 INFO  db.DBStoreBuilder (DBStoreBuilder.java:addTable(110)) - using custom profile for table: deletedBlocks
2019-06-15 13:40:12,787 INFO  db.DBStoreBuilder (DBStoreBuilder.java:processTables(161)) - Using default column profile:DBProfile.DISK for Table:deletedBlocks
2019-06-15 13:40:12,788 INFO  db.DBStoreBuilder (DBStoreBuilder.java:addTable(110)) - using custom profile for table: validCerts
2019-06-15 13:40:12,788 INFO  db.DBStoreBuilder (DBStoreBuilder.java:processTables(161)) - Using default column profile:DBProfile.DISK for Table:validCerts
2019-06-15 13:40:12,788 INFO  db.DBStoreBuilder (DBStoreBuilder.java:addTable(110)) - using custom profile for table: revokedCerts
2019-06-15 13:40:12,788 INFO  db.DBStoreBuilder (DBStoreBuilder.java:processTables(161)) - Using default column profile:DBProfile.DISK for Table:revokedCerts
2019-06-15 13:40:12,799 INFO  db.DBStoreBuilder (DBStoreBuilder.java:addTable(110)) - using custom profile for table: default
2019-06-15 13:40:12,799 INFO  db.DBStoreBuilder (DBStoreBuilder.java:processTables(167)) - Using default column profile:DBProfile.DISK for Table:default
2019-06-15 13:40:12,800 INFO  db.DBStoreBuilder (DBStoreBuilder.java:getDbProfile(198)) - Using default options. DBProfile.DISK
2019-06-15 13:40:12,857 INFO  net.NodeSchemaLoader (NodeSchemaLoader.java:loadSchemaFromFile(125)) - Loading file from sun.misc.CompoundEnumeration@27ce24aa
2019-06-15 13:40:12,858 INFO  net.NodeSchemaLoader (NodeSchemaLoader.java:loadSchema(171)) - Loading network topology layer schema file
2019-06-15 13:40:12,916 INFO  node.SCMNodeManager (SCMNodeManager.java:<init>(119)) - Entering startup safe mode.
2019-06-15 13:40:12,989 WARN  server.ServerUtils (ServerUtils.java:getScmDbDir(145)) - ozone.scm.db.dirs is not configured. We recommend adding this setting. Falling back to ozone.metadata.dirs instead.
2019-06-15 13:40:13,008 INFO  pipeline.SCMPipelineManager (SCMPipelineManager.java:initializePipelineState(126)) - No pipeline exists in current db
2019-06-15 13:40:13,010 WARN  server.ServerUtils (ServerUtils.java:getScmDbDir(145)) - ozone.scm.db.dirs is not configured. We recommend adding this setting. Falling back to ozone.metadata.dirs instead.
2019-06-15 13:40:13,063 WARN  events.EventQueue (EventQueue.java:fireEvent(175)) - No event handler registered for event TypedEvent{payloadType=SafeModeStatus, name='SafeModeStatus'}
2019-06-15 13:40:13,362 INFO  ipc.CallQueueManager (CallQueueManager.java:<init>(84)) - Using callQueue: class java.util.concurrent.LinkedBlockingQueue, queueCapacity: 2000, scheduler: class org.apache.hadoop.ipc.DefaultRpcScheduler, ipcBackoff: false.
2019-06-15 13:40:13,425 INFO  ipc.Server (Server.java:run(1074)) - Starting Socket Reader #1 for port 46221
2019-06-15 13:40:13,447 INFO  ipc.CallQueueManager (CallQueueManager.java:<init>(84)) - Using callQueue: class java.util.concurrent.LinkedBlockingQueue, queueCapacity: 2000, scheduler: class org.apache.hadoop.ipc.DefaultRpcScheduler, ipcBackoff: false.
2019-06-15 13:40:13,447 INFO  ipc.Server (Server.java:run(1074)) - Starting Socket Reader #1 for port 43913
2019-06-15 13:40:13,454 INFO  ipc.CallQueueManager (CallQueueManager.java:<init>(84)) - Using callQueue: class java.util.concurrent.LinkedBlockingQueue, queueCapacity: 2000, scheduler: class org.apache.hadoop.ipc.DefaultRpcScheduler, ipcBackoff: false.
2019-06-15 13:40:13,455 INFO  ipc.Server (Server.java:run(1074)) - Starting Socket Reader #1 for port 44763
2019-06-15 13:40:13,476 INFO  hdfs.DFSUtil (DFSUtil.java:httpServerTemplateForNNAndJN(1641)) - Starting Web-server for scm at: http://0.0.0.0:0
2019-06-15 13:40:13,648 INFO  server.AuthenticationFilter (AuthenticationFilter.java:constructSecretProvider(240)) - Unable to initialize FileSignerSecretProvider, falling back to use random secrets.
2019-06-15 13:40:13,654 WARN  http.HttpRequestLog (HttpRequestLog.java:getRequestLog(97)) - Jetty request log can only be enabled using Log4j
2019-06-15 13:40:13,661 INFO  http.HttpServer2 (HttpServer2.java:addGlobalFilter(975)) - Added global filter 'safety' (class=org.apache.hadoop.http.HttpServer2$QuotingInputFilter)
2019-06-15 13:40:13,663 INFO  http.HttpServer2 (HttpServer2.java:addFilter(948)) - Added filter static_user_filter (class=org.apache.hadoop.http.lib.StaticUserWebFilter$StaticUserFilter) to context scm
2019-06-15 13:40:13,663 INFO  http.HttpServer2 (HttpServer2.java:addFilter(958)) - Added filter static_user_filter (class=org.apache.hadoop.http.lib.StaticUserWebFilter$StaticUserFilter) to context logs
2019-06-15 13:40:13,663 INFO  http.HttpServer2 (HttpServer2.java:addFilter(958)) - Added filter static_user_filter (class=org.apache.hadoop.http.lib.StaticUserWebFilter$StaticUserFilter) to context static
2019-06-15 13:40:13,686 INFO  server.StorageContainerManager (StorageContainerManager.java:start(753)) - StorageContainerLocationProtocol RPC server is listening at /0.0.0.0:44763
2019-06-15 13:40:13,733 WARN  impl.MetricsConfig (MetricsConfig.java:loadFirst(134)) - Cannot locate configuration: tried hadoop-metrics2-storagecontainermanager.properties,hadoop-metrics2.properties
2019-06-15 13:40:13,743 INFO  impl.MetricsSystemImpl (MetricsSystemImpl.java:startTimer(374)) - Scheduled Metric snapshot period at 10 second(s).
2019-06-15 13:40:13,744 INFO  impl.MetricsSystemImpl (MetricsSystemImpl.java:start(191)) - StorageContainerManager metrics system started
2019-06-15 13:40:13,952 INFO  server.SCMClientProtocolServer (SCMClientProtocolServer.java:start(149)) - RPC server for Client  is listening at /0.0.0.0:44763
2019-06-15 13:40:13,953 INFO  ipc.Server (Server.java:run(1314)) - IPC Server Responder: starting
2019-06-15 13:40:13,953 INFO  ipc.Server (Server.java:run(1153)) - IPC Server listener on 44763: starting
2019-06-15 13:40:13,956 INFO  server.StorageContainerManager (StorageContainerManager.java:start(762)) - ScmBlockLocationProtocol RPC server is listening at /0.0.0.0:43913
2019-06-15 13:40:13,956 INFO  server.SCMBlockProtocolServer (SCMBlockProtocolServer.java:start(137)) - RPC server for Block Protocol is listening at /0.0.0.0:43913
2019-06-15 13:40:13,957 INFO  ipc.Server (Server.java:run(1314)) - IPC Server Responder: starting
2019-06-15 13:40:13,957 INFO  ipc.Server (Server.java:run(1153)) - IPC Server listener on 43913: starting
2019-06-15 13:40:13,962 INFO  server.StorageContainerManager (StorageContainerManager.java:start(766)) - ScmDatanodeProtocl RPC server is listening at /0.0.0.0:46221
2019-06-15 13:40:13,962 INFO  server.SCMDatanodeProtocolServer (SCMDatanodeProtocolServer.java:start(191)) - RPC server for DataNodes is listening at /0.0.0.0:46221
2019-06-15 13:40:13,962 INFO  ipc.Server (Server.java:run(1314)) - IPC Server Responder: starting
2019-06-15 13:40:13,962 INFO  ipc.Server (Server.java:run(1153)) - IPC Server listener on 46221: starting
2019-06-15 13:40:13,971 INFO  http.HttpServer2 (HttpServer2.java:bindListener(1191)) - Jetty bound to port 40483
2019-06-15 13:40:13,973 INFO  server.Server (Server.java:doStart(351)) - jetty-9.3.24.v20180605, build timestamp: 2018-06-05T17:11:56Z, git hash: 84205aa28f11a4f31f2a3b86d1bba2cc8ab69827
2019-06-15 13:40:14,009 INFO  handler.ContextHandler (ContextHandler.java:doStart(781)) - Started o.e.j.s.ServletContextHandler@16c63f5{/logs,file:///opt/src/hadoop-ozone/integration-test/target/log,AVAILABLE}
2019-06-15 13:40:14,009 INFO  handler.ContextHandler (ContextHandler.java:doStart(781)) - Started o.e.j.s.ServletContextHandler@6d3c5255{/static,file:///opt/src/hadoop-ozone/integration-test/target/test-classes/webapps/static,AVAILABLE}
2019-06-15 13:40:14,037 INFO  handler.ContextHandler (ContextHandler.java:doStart(781)) - Started o.e.j.w.WebAppContext@28a0fd6c{/,file:///opt/src/hadoop-ozone/integration-test/target/test-classes/webapps/scm/,AVAILABLE}{/scm}
2019-06-15 13:40:14,042 INFO  server.AbstractConnector (AbstractConnector.java:doStart(278)) - Started ServerConnector@5f4d427e{HTTP/1.1,[http/1.1]}{0.0.0.0:40483}
2019-06-15 13:40:14,042 INFO  server.Server (Server.java:doStart(419)) - Started @2132ms
2019-06-15 13:40:14,043 INFO  server.BaseHttpServer (BaseHttpServer.java:updateConnectorAddress(207)) - HTTP server of SCM is listening at http://0.0.0.0:40483
2019-06-15 13:40:14,059 INFO  util.JvmPauseMonitor (JvmPauseMonitor.java:run(188)) - Starting JVM pause monitor
2019-06-15 13:40:14,061 WARN  scm.ScmUtils (ScmUtils.java:getDBPath(63)) - ozone.om.db.dirs is not configured. We recommend adding this setting. Falling back to ozone.metadata.dirs instead.
2019-06-15 13:40:14,140 WARN  scm.ScmUtils (ScmUtils.java:getDBPath(63)) - ozone.om.db.dirs is not configured. We recommend adding this setting. Falling back to ozone.metadata.dirs instead.
2019-06-15 13:40:14,141 INFO  om.OzoneManager (OzoneManager.java:setOMNodeDetails(532)) - OM Service ID is not set. Setting it to the default ID: omServiceIdDefault
2019-06-15 13:40:14,142 INFO  om.OzoneManager (OzoneManager.java:setOMNodeDetails(538)) - OM Node ID is not set. Setting it to the OmStorage's OmID: 727d6cba-74c2-44cc-90be-4a67063f1003
2019-06-15 13:40:14,143 WARN  scm.HddsServerUtil (HddsServerUtil.java:getDefaultRatisDirectory(354)) - Storage directory for Ratis is not configured. It is a good idea to map this to an SSD disk. Falling back to ozone.metadata.dirs
2019-06-15 13:40:14,143 WARN  scm.HddsServerUtil (HddsServerUtil.java:getDefaultRatisDirectory(354)) - Storage directory for Ratis is not configured. It is a good idea to map this to an SSD disk. Falling back to ozone.metadata.dirs
2019-06-15 13:40:14,144 INFO  om.OzoneManager (OzoneManager.java:loadOMHAConfigs(489)) - Found matching OM address with OMServiceId: null, OMNodeId: null, RPC Address: localhost:0 and Ratis port: 9872
2019-06-15 13:40:14,346 WARN  scm.ScmUtils (ScmUtils.java:getDBPath(63)) - ozone.om.db.dirs is not configured. We recommend adding this setting. Falling back to ozone.metadata.dirs instead.
2019-06-15 13:40:14,353 INFO  db.DBStoreBuilder (DBStoreBuilder.java:addTable(110)) - using custom profile for table: userTable
2019-06-15 13:40:14,353 INFO  db.DBStoreBuilder (DBStoreBuilder.java:processTables(161)) - Using default column profile:DBProfile.DISK for Table:userTable
2019-06-15 13:40:14,354 INFO  db.DBStoreBuilder (DBStoreBuilder.java:addTable(110)) - using custom profile for table: volumeTable
2019-06-15 13:40:14,354 INFO  db.DBStoreBuilder (DBStoreBuilder.java:processTables(161)) - Using default column profile:DBProfile.DISK for Table:volumeTable
2019-06-15 13:40:14,354 INFO  db.DBStoreBuilder (DBStoreBuilder.java:addTable(110)) - using custom profile for table: bucketTable
2019-06-15 13:40:14,354 INFO  db.DBStoreBuilder (DBStoreBuilder.java:processTables(161)) - Using default column profile:DBProfile.DISK for Table:bucketTable
2019-06-15 13:40:14,355 INFO  db.DBStoreBuilder (DBStoreBuilder.java:addTable(110)) - using custom profile for table: keyTable
2019-06-15 13:40:14,355 INFO  db.DBStoreBuilder (DBStoreBuilder.java:processTables(161)) - Using default column profile:DBProfile.DISK for Table:keyTable
2019-06-15 13:40:14,355 INFO  db.DBStoreBuilder (DBStoreBuilder.java:addTable(110)) - using custom profile for table: deletedTable
2019-06-15 13:40:14,355 INFO  db.DBStoreBuilder (DBStoreBuilder.java:processTables(161)) - Using default column profile:DBProfile.DISK for Table:deletedTable
2019-06-15 13:40:14,356 INFO  db.DBStoreBuilder (DBStoreBuilder.java:addTable(110)) - using custom profile for table: openKeyTable
2019-06-15 13:40:14,356 INFO  db.DBStoreBuilder (DBStoreBuilder.java:processTables(161)) - Using default column profile:DBProfile.DISK for Table:openKeyTable
2019-06-15 13:40:14,356 INFO  db.DBStoreBuilder (DBStoreBuilder.java:addTable(110)) - using custom profile for table: s3Table
2019-06-15 13:40:14,356 INFO  db.DBStoreBuilder (DBStoreBuilder.java:processTables(161)) - Using default column profile:DBProfile.DISK for Table:s3Table
2019-06-15 13:40:14,357 INFO  db.DBStoreBuilder (DBStoreBuilder.java:addTable(110)) - using custom profile for table: multipartInfoTable
2019-06-15 13:40:14,357 INFO  db.DBStoreBuilder (DBStoreBuilder.java:processTables(161)) - Using default column profile:DBProfile.DISK for Table:multipartInfoTable
2019-06-15 13:40:14,357 INFO  db.DBStoreBuilder (DBStoreBuilder.java:addTable(110)) - using custom profile for table: dTokenTable
2019-06-15 13:40:14,357 INFO  db.DBStoreBuilder (DBStoreBuilder.java:processTables(161)) - Using default column profile:DBProfile.DISK for Table:dTokenTable
2019-06-15 13:40:14,358 INFO  db.DBStoreBuilder (DBStoreBuilder.java:addTable(110)) - using custom profile for table: s3SecretTable
2019-06-15 13:40:14,358 INFO  db.DBStoreBuilder (DBStoreBuilder.java:processTables(161)) - Using default column profile:DBProfile.DISK for Table:s3SecretTable
2019-06-15 13:40:14,358 INFO  db.DBStoreBuilder (DBStoreBuilder.java:addTable(110)) - using custom profile for table: prefixTable
2019-06-15 13:40:14,358 INFO  db.DBStoreBuilder (DBStoreBuilder.java:processTables(161)) - Using default column profile:DBProfile.DISK for Table:prefixTable
2019-06-15 13:40:14,359 INFO  db.DBStoreBuilder (DBStoreBuilder.java:addTable(110)) - using custom profile for table: default
2019-06-15 13:40:14,359 INFO  db.DBStoreBuilder (DBStoreBuilder.java:processTables(167)) - Using default column profile:DBProfile.DISK for Table:default
2019-06-15 13:40:14,359 INFO  db.DBStoreBuilder (DBStoreBuilder.java:getDbProfile(198)) - Using default options. DBProfile.DISK
2019-06-15 13:40:14,934 INFO  ipc.CallQueueManager (CallQueueManager.java:<init>(84)) - Using callQueue: class java.util.concurrent.LinkedBlockingQueue, queueCapacity: 2000, scheduler: class org.apache.hadoop.ipc.DefaultRpcScheduler, ipcBackoff: false.
2019-06-15 13:40:14,935 INFO  ipc.Server (Server.java:run(1074)) - Starting Socket Reader #1 for port 37103
2019-06-15 13:40:14,963 WARN  scm.ScmUtils (ScmUtils.java:getDBPath(63)) - ozone.om.db.dirs is not configured. We recommend adding this setting. Falling back to ozone.metadata.dirs instead.
2019-06-15 13:40:14,964 INFO  om.OzoneManager (OzoneManager.java:start(1230)) - OzoneManager RPC server is listening at localhost/127.0.0.1:37103
2019-06-15 13:40:14,964 INFO  impl.MetricsSystemImpl (MetricsSystemImpl.java:init(158)) - OzoneManager metrics system started (again)
2019-06-15 13:40:14,965 INFO  ipc.Server (Server.java:run(1314)) - IPC Server Responder: starting
2019-06-15 13:40:14,965 INFO  ipc.Server (Server.java:run(1153)) - IPC Server listener on 37103: starting
2019-06-15 13:40:15,042 INFO  hdfs.DFSUtil (DFSUtil.java:httpServerTemplateForNNAndJN(1641)) - Starting Web-server for ozoneManager at: http://0.0.0.0:0
2019-06-15 13:40:15,043 INFO  server.AuthenticationFilter (AuthenticationFilter.java:constructSecretProvider(240)) - Unable to initialize FileSignerSecretProvider, falling back to use random secrets.
2019-06-15 13:40:15,044 WARN  http.HttpRequestLog (HttpRequestLog.java:getRequestLog(97)) - Jetty request log can only be enabled using Log4j
2019-06-15 13:40:15,046 INFO  http.HttpServer2 (HttpServer2.java:addGlobalFilter(975)) - Added global filter 'safety' (class=org.apache.hadoop.http.HttpServer2$QuotingInputFilter)
2019-06-15 13:40:15,047 INFO  http.HttpServer2 (HttpServer2.java:addFilter(948)) - Added filter static_user_filter (class=org.apache.hadoop.http.lib.StaticUserWebFilter$StaticUserFilter) to context ozoneManager
2019-06-15 13:40:15,047 INFO  http.HttpServer2 (HttpServer2.java:addFilter(958)) - Added filter static_user_filter (class=org.apache.hadoop.http.lib.StaticUserWebFilter$StaticUserFilter) to context logs
2019-06-15 13:40:15,047 INFO  http.HttpServer2 (HttpServer2.java:addFilter(958)) - Added filter static_user_filter (class=org.apache.hadoop.http.lib.StaticUserWebFilter$StaticUserFilter) to context static
2019-06-15 13:40:15,049 INFO  http.HttpServer2 (HttpServer2.java:bindListener(1191)) - Jetty bound to port 44879
2019-06-15 13:40:15,049 INFO  server.Server (Server.java:doStart(351)) - jetty-9.3.24.v20180605, build timestamp: 2018-06-05T17:11:56Z, git hash: 84205aa28f11a4f31f2a3b86d1bba2cc8ab69827
2019-06-15 13:40:15,058 INFO  handler.ContextHandler (ContextHandler.java:doStart(781)) - Started o.e.j.s.ServletContextHandler@7c2327fa{/logs,file:///opt/src/hadoop-ozone/integration-test/target/log,AVAILABLE}
2019-06-15 13:40:15,059 INFO  handler.ContextHandler (ContextHandler.java:doStart(781)) - Started o.e.j.s.ServletContextHandler@5f462e3b{/static,file:///opt/src/hadoop-ozone/integration-test/target/test-classes/webapps/static,AVAILABLE}
2019-06-15 13:40:15,063 INFO  handler.ContextHandler (ContextHandler.java:doStart(781)) - Started o.e.j.w.WebAppContext@15723761{/,file:///opt/src/hadoop-ozone/integration-test/target/test-classes/webapps/ozoneManager/,AVAILABLE}{/ozoneManager}
2019-06-15 13:40:15,063 INFO  server.AbstractConnector (AbstractConnector.java:doStart(278)) - Started ServerConnector@312afbc7{HTTP/1.1,[http/1.1]}{0.0.0.0:44879}
2019-06-15 13:40:15,063 INFO  server.Server (Server.java:doStart(419)) - Started @3153ms
2019-06-15 13:40:15,064 INFO  server.BaseHttpServer (BaseHttpServer.java:updateConnectorAddress(207)) - HTTP server of OZONEMANAGER is listening at http://0.0.0.0:44879
2019-06-15 13:40:15,215 INFO  impl.MetricsSystemImpl (MetricsSystemImpl.java:init(158)) - HddsDatanode metrics system started (again)
2019-06-15 13:40:15,419 INFO  ozone.HddsDatanodeService (HddsDatanodeService.java:start(185)) - HddsDatanodeService host:ozone-unit-076618677d3-jtqkr-187985704 ip:192.168.46.1
2019-06-15 13:40:15,446 INFO  volume.HddsVolume (HddsVolume.java:<init>(176)) - Creating Volume: /opt/src/hadoop-ozone/integration-test/target/test-dir/MiniOzoneClusterImpl-91e88ffd-adb2-41f1-9e97-8306ea9a42d1/datanode-0/data/containers/hdds of  storage type : DISK and capacity : 104021790720
2019-06-15 13:40:15,447 INFO  volume.VolumeSet (VolumeSet.java:initializeVolumeSet(170)) - Added Volume : /opt/src/hadoop-ozone/integration-test/target/test-dir/MiniOzoneClusterImpl-91e88ffd-adb2-41f1-9e97-8306ea9a42d1/datanode-0/data/containers/hdds to VolumeSet
2019-06-15 13:40:15,451 INFO  volume.ThrottledAsyncChecker (ThrottledAsyncChecker.java:schedule(140)) - Scheduling a check for org.apache.hadoop.ozone.container.common.volume.HddsVolume@74ad8d05
2019-06-15 13:40:15,470 INFO  volume.HddsVolumeChecker (HddsVolumeChecker.java:checkAllVolumes(203)) - Scheduled health check for volume org.apache.hadoop.ozone.container.common.volume.HddsVolume@74ad8d05
2019-06-15 13:40:15,519 INFO  ratis.XceiverServerRatis (XceiverServerRatis.java:newXceiverServerRatis(401)) - Found a free port for the server : 40627
2019-06-15 13:40:15,589 INFO  impl.RaftServerProxy (ConfUtils.java:logGet(43)) - raft.rpc.type = GRPC (default)
2019-06-15 13:40:15,599 INFO  grpc.GrpcConfigKeys$Server (ConfUtils.java:logGet(43)) - raft.grpc.server.port = 40627 (custom)
2019-06-15 13:40:15,600 INFO  server.GrpcService (ConfUtils.java:logGet(43)) - raft.grpc.message.size.max = 33570816 (custom)
2019-06-15 13:40:15,602 INFO  server.RaftServerConfigKeys (ConfUtils.java:logGet(43)) - raft.server.log.appender.buffer.byte-limit = 33554432 (custom)
2019-06-15 13:40:15,602 INFO  server.GrpcService (ConfUtils.java:logGet(43)) - raft.grpc.flow.control.window = 1MB (=1048576) (default)
2019-06-15 13:40:15,603 INFO  server.RaftServerConfigKeys (ConfUtils.java:logGet(43)) - raft.server.rpc.request.timeout = 3000ms (default)
2019-06-15 13:40:15,765 INFO  server.RaftServerConfigKeys (ConfUtils.java:logGet(43)) - raft.server.storage.dir = [/opt/src/hadoop-ozone/integration-test/target/test-dir/MiniOzoneClusterImpl-91e88ffd-adb2-41f1-9e97-8306ea9a42d1/datanode-0/data/ratis] (custom)
2019-06-15 13:40:15,772 INFO  server.XceiverServerGrpc (XceiverServerGrpc.java:<init>(97)) - Found a free port for the server : 39357
2019-06-15 13:40:15,803 INFO  replication.SimpleContainerDownloader (SimpleContainerDownloader.java:<init>(72)) - Starting container downloader service to copy containers to replicate.
2019-06-15 13:40:15,816 INFO  hdfs.DFSUtil (DFSUtil.java:httpServerTemplateForNNAndJN(1641)) - Starting Web-server for hddsDatanode at: http://0.0.0.0:0
2019-06-15 13:40:15,817 INFO  server.AuthenticationFilter (AuthenticationFilter.java:constructSecretProvider(240)) - Unable to initialize FileSignerSecretProvider, falling back to use random secrets.
2019-06-15 13:40:15,818 WARN  http.HttpRequestLog (HttpRequestLog.java:getRequestLog(97)) - Jetty request log can only be enabled using Log4j
2019-06-15 13:40:15,820 INFO  http.HttpServer2 (HttpServer2.java:addGlobalFilter(975)) - Added global filter 'safety' (class=org.apache.hadoop.http.HttpServer2$QuotingInputFilter)
2019-06-15 13:40:15,820 INFO  http.HttpServer2 (HttpServer2.java:addFilter(948)) - Added filter static_user_filter (class=org.apache.hadoop.http.lib.StaticUserWebFilter$StaticUserFilter) to context hddsDatanode
2019-06-15 13:40:15,820 INFO  http.HttpServer2 (HttpServer2.java:addFilter(958)) - Added filter static_user_filter (class=org.apache.hadoop.http.lib.StaticUserWebFilter$StaticUserFilter) to context logs
2019-06-15 13:40:15,820 INFO  http.HttpServer2 (HttpServer2.java:addFilter(958)) - Added filter static_user_filter (class=org.apache.hadoop.http.lib.StaticUserWebFilter$StaticUserFilter) to context static
2019-06-15 13:40:15,821 INFO  http.HttpServer2 (HttpServer2.java:bindListener(1191)) - Jetty bound to port 35455
2019-06-15 13:40:15,821 INFO  server.Server (Server.java:doStart(351)) - jetty-9.3.24.v20180605, build timestamp: 2018-06-05T17:11:56Z, git hash: 84205aa28f11a4f31f2a3b86d1bba2cc8ab69827
2019-06-15 13:40:15,824 INFO  handler.ContextHandler (ContextHandler.java:doStart(781)) - Started o.e.j.s.ServletContextHandler@7569ea63{/logs,file:///opt/src/hadoop-ozone/integration-test/target/log,AVAILABLE}
2019-06-15 13:40:15,825 INFO  handler.ContextHandler (ContextHandler.java:doStart(781)) - Started o.e.j.s.ServletContextHandler@16c587de{/static,jar:file:/home/user/.m2/repository/org/apache/hadoop/hadoop-hdds-container-service/0.5.0-SNAPSHOT/hadoop-hdds-container-service-0.5.0-SNAPSHOT.jar!/webapps/static,AVAILABLE}
2019-06-15 13:40:15,857 INFO  handler.ContextHandler (ContextHandler.java:doStart(781)) - Started o.e.j.w.WebAppContext@4487c0c2{/,file:///tmp/jetty-0.0.0.0-35455-hddsDatanode-_-any-9077402546287320279.dir/webapp/,AVAILABLE}{/hddsDatanode}
2019-06-15 13:40:15,858 INFO  server.AbstractConnector (AbstractConnector.java:doStart(278)) - Started ServerConnector@126f1ba8{HTTP/1.1,[http/1.1]}{0.0.0.0:35455}
2019-06-15 13:40:15,858 INFO  server.Server (Server.java:doStart(419)) - Started @3947ms
2019-06-15 13:40:15,865 INFO  server.BaseHttpServer (BaseHttpServer.java:updateConnectorAddress(207)) - HTTP server of HDDSDATANODE is listening at http://0.0.0.0:35455
2019-06-15 13:40:16,879 INFO  ozone.HddsDatanodeService (HddsDatanodeService.java:startPlugins(396)) - Started plug-in org.apache.hadoop.ozone.web.OzoneHddsDatanodeService@2f20f7ad
2019-06-15 13:40:16,880 INFO  impl.MetricsSystemImpl (MetricsSystemImpl.java:init(158)) - HddsDatanode metrics system started (again)
2019-06-15 13:40:16,881 INFO  ozone.HddsDatanodeService (HddsDatanodeService.java:start(185)) - HddsDatanodeService host:ozone-unit-076618677d3-jtqkr-187985704 ip:192.168.46.1
2019-06-15 13:40:16,884 INFO  util.JvmPauseMonitor (JvmPauseMonitor.java:run(188)) - Starting JVM pause monitor
2019-06-15 13:40:16,907 INFO  volume.HddsVolume (HddsVolume.java:<init>(176)) - Creating Volume: /opt/src/hadoop-ozone/integration-test/target/test-dir/MiniOzoneClusterImpl-91e88ffd-adb2-41f1-9e97-8306ea9a42d1/datanode-1/data/containers/hdds of  storage type : DISK and capacity : 104021790720
2019-06-15 13:40:16,908 INFO  volume.VolumeSet (VolumeSet.java:initializeVolumeSet(170)) - Added Volume : /opt/src/hadoop-ozone/integration-test/target/test-dir/MiniOzoneClusterImpl-91e88ffd-adb2-41f1-9e97-8306ea9a42d1/datanode-1/data/containers/hdds to VolumeSet
2019-06-15 13:40:16,908 INFO  volume.ThrottledAsyncChecker (ThrottledAsyncChecker.java:schedule(140)) - Scheduling a check for org.apache.hadoop.ozone.container.common.volume.HddsVolume@18b6d3c1
2019-06-15 13:40:16,917 INFO  volume.HddsVolumeChecker (HddsVolumeChecker.java:checkAllVolumes(203)) - Scheduled health check for volume org.apache.hadoop.ozone.container.common.volume.HddsVolume@18b6d3c1
2019-06-15 13:40:16,933 INFO  ratis.XceiverServerRatis (XceiverServerRatis.java:newXceiverServerRatis(401)) - Found a free port for the server : 44079
2019-06-15 13:40:16,936 INFO  impl.RaftServerProxy (ConfUtils.java:logGet(43)) - raft.rpc.type = GRPC (default)
2019-06-15 13:40:16,936 INFO  grpc.GrpcConfigKeys$Server (ConfUtils.java:logGet(43)) - raft.grpc.server.port = 44079 (custom)
2019-06-15 13:40:16,936 INFO  server.GrpcService (ConfUtils.java:logGet(43)) - raft.grpc.message.size.max = 33570816 (custom)
2019-06-15 13:40:16,937 INFO  server.RaftServerConfigKeys (ConfUtils.java:logGet(43)) - raft.server.log.appender.buffer.byte-limit = 33554432 (custom)
2019-06-15 13:40:16,937 INFO  server.GrpcService (ConfUtils.java:logGet(43)) - raft.grpc.flow.control.window = 1MB (=1048576) (default)
2019-06-15 13:40:16,937 INFO  server.RaftServerConfigKeys (ConfUtils.java:logGet(43)) - raft.server.rpc.request.timeout = 3000ms (default)
2019-06-15 13:40:16,938 INFO  server.RaftServerConfigKeys (ConfUtils.java:logGet(43)) - raft.server.storage.dir = [/opt/src/hadoop-ozone/integration-test/target/test-dir/MiniOzoneClusterImpl-91e88ffd-adb2-41f1-9e97-8306ea9a42d1/datanode-1/data/ratis] (custom)
2019-06-15 13:40:16,938 INFO  server.XceiverServerGrpc (XceiverServerGrpc.java:<init>(97)) - Found a free port for the server : 46787
2019-06-15 13:40:16,938 INFO  replication.SimpleContainerDownloader (SimpleContainerDownloader.java:<init>(72)) - Starting container downloader service to copy containers to replicate.
2019-06-15 13:40:16,945 INFO  hdfs.DFSUtil (DFSUtil.java:httpServerTemplateForNNAndJN(1641)) - Starting Web-server for hddsDatanode at: http://0.0.0.0:0
2019-06-15 13:40:16,947 INFO  server.AuthenticationFilter (AuthenticationFilter.java:constructSecretProvider(240)) - Unable to initialize FileSignerSecretProvider, falling back to use random secrets.
2019-06-15 13:40:16,947 WARN  http.HttpRequestLog (HttpRequestLog.java:getRequestLog(97)) - Jetty request log can only be enabled using Log4j
2019-06-15 13:40:16,949 INFO  http.HttpServer2 (HttpServer2.java:addGlobalFilter(975)) - Added global filter 'safety' (class=org.apache.hadoop.http.HttpServer2$QuotingInputFilter)
2019-06-15 13:40:16,950 INFO  http.HttpServer2 (HttpServer2.java:addFilter(948)) - Added filter static_user_filter (class=org.apache.hadoop.http.lib.StaticUserWebFilter$StaticUserFilter) to context hddsDatanode
2019-06-15 13:40:16,950 INFO  http.HttpServer2 (HttpServer2.java:addFilter(958)) - Added filter static_user_filter (class=org.apache.hadoop.http.lib.StaticUserWebFilter$StaticUserFilter) to context logs
2019-06-15 13:40:16,950 INFO  http.HttpServer2 (HttpServer2.java:addFilter(958)) - Added filter static_user_filter (class=org.apache.hadoop.http.lib.StaticUserWebFilter$StaticUserFilter) to context static
2019-06-15 13:40:16,951 INFO  http.HttpServer2 (HttpServer2.java:bindListener(1191)) - Jetty bound to port 35995
2019-06-15 13:40:16,951 INFO  server.Server (Server.java:doStart(351)) - jetty-9.3.24.v20180605, build timestamp: 2018-06-05T17:11:56Z, git hash: 84205aa28f11a4f31f2a3b86d1bba2cc8ab69827
2019-06-15 13:40:16,961 INFO  handler.ContextHandler (ContextHandler.java:doStart(781)) - Started o.e.j.s.ServletContextHandler@1de4bee0{/logs,file:///opt/src/hadoop-ozone/integration-test/target/log,AVAILABLE}
2019-06-15 13:40:16,962 INFO  handler.ContextHandler (ContextHandler.java:doStart(781)) - Started o.e.j.s.ServletContextHandler@3cc79c02{/static,jar:file:/home/user/.m2/repository/org/apache/hadoop/hadoop-hdds-container-service/0.5.0-SNAPSHOT/hadoop-hdds-container-service-0.5.0-SNAPSHOT.jar!/webapps/static,AVAILABLE}
2019-06-15 13:40:17,004 INFO  handler.ContextHandler (ContextHandler.java:doStart(781)) - Started o.e.j.w.WebAppContext@7126e26{/,file:///tmp/jetty-0.0.0.0-35995-hddsDatanode-_-any-5307962569727457275.dir/webapp/,AVAILABLE}{/hddsDatanode}
2019-06-15 13:40:17,006 INFO  server.AbstractConnector (AbstractConnector.java:doStart(278)) - Started ServerConnector@50a796ee{HTTP/1.1,[http/1.1]}{0.0.0.0:35995}
2019-06-15 13:40:17,007 INFO  server.Server (Server.java:doStart(419)) - Started @5096ms
2019-06-15 13:40:17,008 INFO  server.BaseHttpServer (BaseHttpServer.java:updateConnectorAddress(207)) - HTTP server of HDDSDATANODE is listening at http://0.0.0.0:35995
2019-06-15 13:40:17,025 INFO  datanode.InitDatanodeState (InitDatanodeState.java:persistContainerDatanodeDetails(140)) - DatanodeDetails is persisted to /opt/src/hadoop-ozone/integration-test/target/test-dir/MiniOzoneClusterImpl-91e88ffd-adb2-41f1-9e97-8306ea9a42d1/datanode-0/meta/datanode.id
2019-06-15 13:40:17,178 INFO  ozone.HddsDatanodeService (HddsDatanodeService.java:startPlugins(396)) - Started plug-in org.apache.hadoop.ozone.web.OzoneHddsDatanodeService@4d4436d0
2019-06-15 13:40:17,178 INFO  impl.MetricsSystemImpl (MetricsSystemImpl.java:init(158)) - HddsDatanode metrics system started (again)
2019-06-15 13:40:17,179 INFO  ozone.HddsDatanodeService (HddsDatanodeService.java:start(185)) - HddsDatanodeService host:ozone-unit-076618677d3-jtqkr-187985704 ip:192.168.46.1
2019-06-15 13:40:17,186 INFO  util.JvmPauseMonitor (JvmPauseMonitor.java:run(188)) - Starting JVM pause monitor
2019-06-15 13:40:17,194 INFO  volume.HddsVolume (HddsVolume.java:<init>(176)) - Creating Volume: /opt/src/hadoop-ozone/integration-test/target/test-dir/MiniOzoneClusterImpl-91e88ffd-adb2-41f1-9e97-8306ea9a42d1/datanode-2/data/containers/hdds of  storage type : DISK and capacity : 104021790720
2019-06-15 13:40:17,194 INFO  volume.VolumeSet (VolumeSet.java:initializeVolumeSet(170)) - Added Volume : /opt/src/hadoop-ozone/integration-test/target/test-dir/MiniOzoneClusterImpl-91e88ffd-adb2-41f1-9e97-8306ea9a42d1/datanode-2/data/containers/hdds to VolumeSet
2019-06-15 13:40:17,195 INFO  volume.ThrottledAsyncChecker (ThrottledAsyncChecker.java:schedule(140)) - Scheduling a check for org.apache.hadoop.ozone.container.common.volume.HddsVolume@5934ca1e
2019-06-15 13:40:17,195 INFO  volume.HddsVolumeChecker (HddsVolumeChecker.java:checkAllVolumes(203)) - Scheduled health check for volume org.apache.hadoop.ozone.container.common.volume.HddsVolume@5934ca1e
2019-06-15 13:40:17,217 INFO  datanode.InitDatanodeState (InitDatanodeState.java:persistContainerDatanodeDetails(140)) - DatanodeDetails is persisted to /opt/src/hadoop-ozone/integration-test/target/test-dir/MiniOzoneClusterImpl-91e88ffd-adb2-41f1-9e97-8306ea9a42d1/datanode-1/meta/datanode.id
2019-06-15 13:40:17,222 INFO  ratis.XceiverServerRatis (XceiverServerRatis.java:newXceiverServerRatis(401)) - Found a free port for the server : 43949
2019-06-15 13:40:17,223 INFO  impl.RaftServerProxy (ConfUtils.java:logGet(43)) - raft.rpc.type = GRPC (default)
2019-06-15 13:40:17,223 INFO  grpc.GrpcConfigKeys$Server (ConfUtils.java:logGet(43)) - raft.grpc.server.port = 43949 (custom)
2019-06-15 13:40:17,224 INFO  server.GrpcService (ConfUtils.java:logGet(43)) - raft.grpc.message.size.max = 33570816 (custom)
2019-06-15 13:40:17,224 INFO  server.RaftServerConfigKeys (ConfUtils.java:logGet(43)) - raft.server.log.appender.buffer.byte-limit = 33554432 (custom)
2019-06-15 13:40:17,224 INFO  server.GrpcService (ConfUtils.java:logGet(43)) - raft.grpc.flow.control.window = 1MB (=1048576) (default)
2019-06-15 13:40:17,224 INFO  server.RaftServerConfigKeys (ConfUtils.java:logGet(43)) - raft.server.rpc.request.timeout = 3000ms (default)
2019-06-15 13:40:17,225 INFO  server.RaftServerConfigKeys (ConfUtils.java:logGet(43)) - raft.server.storage.dir = [/opt/src/hadoop-ozone/integration-test/target/test-dir/MiniOzoneClusterImpl-91e88ffd-adb2-41f1-9e97-8306ea9a42d1/datanode-2/data/ratis] (custom)
2019-06-15 13:40:17,225 INFO  server.XceiverServerGrpc (XceiverServerGrpc.java:<init>(97)) - Found a free port for the server : 46577
2019-06-15 13:40:17,226 INFO  replication.SimpleContainerDownloader (SimpleContainerDownloader.java:<init>(72)) - Starting container downloader service to copy containers to replicate.
2019-06-15 13:40:17,228 INFO  hdfs.DFSUtil (DFSUtil.java:httpServerTemplateForNNAndJN(1641)) - Starting Web-server for hddsDatanode at: http://0.0.0.0:0
2019-06-15 13:40:17,229 INFO  server.AuthenticationFilter (AuthenticationFilter.java:constructSecretProvider(240)) - Unable to initialize FileSignerSecretProvider, falling back to use random secrets.
2019-06-15 13:40:17,229 WARN  http.HttpRequestLog (HttpRequestLog.java:getRequestLog(97)) - Jetty request log can only be enabled using Log4j
2019-06-15 13:40:17,231 INFO  http.HttpServer2 (HttpServer2.java:addGlobalFilter(975)) - Added global filter 'safety' (class=org.apache.hadoop.http.HttpServer2$QuotingInputFilter)
2019-06-15 13:40:17,232 INFO  http.HttpServer2 (HttpServer2.java:addFilter(948)) - Added filter static_user_filter (class=org.apache.hadoop.http.lib.StaticUserWebFilter$StaticUserFilter) to context hddsDatanode
2019-06-15 13:40:17,232 INFO  http.HttpServer2 (HttpServer2.java:addFilter(958)) - Added filter static_user_filter (class=org.apache.hadoop.http.lib.StaticUserWebFilter$StaticUserFilter) to context static
2019-06-15 13:40:17,232 INFO  http.HttpServer2 (HttpServer2.java:addFilter(958)) - Added filter static_user_filter (class=org.apache.hadoop.http.lib.StaticUserWebFilter$StaticUserFilter) to context logs
2019-06-15 13:40:17,233 INFO  http.HttpServer2 (HttpServer2.java:bindListener(1191)) - Jetty bound to port 38061
2019-06-15 13:40:17,233 INFO  server.Server (Server.java:doStart(351)) - jetty-9.3.24.v20180605, build timestamp: 2018-06-05T17:11:56Z, git hash: 84205aa28f11a4f31f2a3b86d1bba2cc8ab69827
2019-06-15 13:40:17,240 INFO  handler.ContextHandler (ContextHandler.java:doStart(781)) - Started o.e.j.s.ServletContextHandler@481b2f10{/logs,file:///opt/src/hadoop-ozone/integration-test/target/log,AVAILABLE}
2019-06-15 13:40:17,241 INFO  handler.ContextHandler (ContextHandler.java:doStart(781)) - Started o.e.j.s.ServletContextHandler@31acfd4e{/static,jar:file:/home/user/.m2/repository/org/apache/hadoop/hadoop-hdds-container-service/0.5.0-SNAPSHOT/hadoop-hdds-container-service-0.5.0-SNAPSHOT.jar!/webapps/static,AVAILABLE}
2019-06-15 13:40:17,263 INFO  handler.ContextHandler (ContextHandler.java:doStart(781)) - Started o.e.j.w.WebAppContext@149c39b{/,file:///tmp/jetty-0.0.0.0-38061-hddsDatanode-_-any-8658378783759441864.dir/webapp/,AVAILABLE}{/hddsDatanode}
2019-06-15 13:40:17,264 INFO  server.AbstractConnector (AbstractConnector.java:doStart(278)) - Started ServerConnector@f2d890c{HTTP/1.1,[http/1.1]}{0.0.0.0:38061}
2019-06-15 13:40:17,265 INFO  server.Server (Server.java:doStart(419)) - Started @5355ms
2019-06-15 13:40:17,266 INFO  server.BaseHttpServer (BaseHttpServer.java:updateConnectorAddress(207)) - HTTP server of HDDSDATANODE is listening at http://0.0.0.0:38061
2019-06-15 13:40:17,415 INFO  ozone.HddsDatanodeService (HddsDatanodeService.java:startPlugins(396)) - Started plug-in org.apache.hadoop.ozone.web.OzoneHddsDatanodeService@68af87ad
2019-06-15 13:40:17,416 INFO  impl.MetricsSystemImpl (MetricsSystemImpl.java:init(158)) - HddsDatanode metrics system started (again)
2019-06-15 13:40:17,416 INFO  ozone.HddsDatanodeService (HddsDatanodeService.java:start(185)) - HddsDatanodeService host:ozone-unit-076618677d3-jtqkr-187985704 ip:192.168.46.1
2019-06-15 13:40:17,422 INFO  util.JvmPauseMonitor (JvmPauseMonitor.java:run(188)) - Starting JVM pause monitor
2019-06-15 13:40:17,433 INFO  datanode.InitDatanodeState (InitDatanodeState.java:persistContainerDatanodeDetails(140)) - DatanodeDetails is persisted to /opt/src/hadoop-ozone/integration-test/target/test-dir/MiniOzoneClusterImpl-91e88ffd-adb2-41f1-9e97-8306ea9a42d1/datanode-2/meta/datanode.id
2019-06-15 13:40:17,433 INFO  volume.HddsVolume (HddsVolume.java:<init>(176)) - Creating Volume: /opt/src/hadoop-ozone/integration-test/target/test-dir/MiniOzoneClusterImpl-91e88ffd-adb2-41f1-9e97-8306ea9a42d1/datanode-3/data/containers/hdds of  storage type : DISK and capacity : 104021790720
2019-06-15 13:40:17,433 INFO  volume.VolumeSet (VolumeSet.java:initializeVolumeSet(170)) - Added Volume : /opt/src/hadoop-ozone/integration-test/target/test-dir/MiniOzoneClusterImpl-91e88ffd-adb2-41f1-9e97-8306ea9a42d1/datanode-3/data/containers/hdds to VolumeSet
2019-06-15 13:40:17,434 INFO  volume.ThrottledAsyncChecker (ThrottledAsyncChecker.java:schedule(140)) - Scheduling a check for org.apache.hadoop.ozone.container.common.volume.HddsVolume@7675c171
2019-06-15 13:40:17,444 INFO  volume.HddsVolumeChecker (HddsVolumeChecker.java:checkAllVolumes(203)) - Scheduled health check for volume org.apache.hadoop.ozone.container.common.volume.HddsVolume@7675c171
2019-06-15 13:40:17,457 INFO  ratis.XceiverServerRatis (XceiverServerRatis.java:newXceiverServerRatis(401)) - Found a free port for the server : 39677
2019-06-15 13:40:17,462 INFO  impl.RaftServerProxy (ConfUtils.java:logGet(43)) - raft.rpc.type = GRPC (default)
2019-06-15 13:40:17,463 INFO  grpc.GrpcConfigKeys$Server (ConfUtils.java:logGet(43)) - raft.grpc.server.port = 39677 (custom)
2019-06-15 13:40:17,463 INFO  server.GrpcService (ConfUtils.java:logGet(43)) - raft.grpc.message.size.max = 33570816 (custom)
2019-06-15 13:40:17,463 INFO  server.RaftServerConfigKeys (ConfUtils.java:logGet(43)) - raft.server.log.appender.buffer.byte-limit = 33554432 (custom)
2019-06-15 13:40:17,463 INFO  server.GrpcService (ConfUtils.java:logGet(43)) - raft.grpc.flow.control.window = 1MB (=1048576) (default)
2019-06-15 13:40:17,463 INFO  server.RaftServerConfigKeys (ConfUtils.java:logGet(43)) - raft.server.rpc.request.timeout = 3000ms (default)
2019-06-15 13:40:17,464 INFO  server.RaftServerConfigKeys (ConfUtils.java:logGet(43)) - raft.server.storage.dir = [/opt/src/hadoop-ozone/integration-test/target/test-dir/MiniOzoneClusterImpl-91e88ffd-adb2-41f1-9e97-8306ea9a42d1/datanode-3/data/ratis] (custom)
2019-06-15 13:40:17,464 INFO  server.XceiverServerGrpc (XceiverServerGrpc.java:<init>(97)) - Found a free port for the server : 46469
2019-06-15 13:40:17,465 INFO  replication.SimpleContainerDownloader (SimpleContainerDownloader.java:<init>(72)) - Starting container downloader service to copy containers to replicate.
2019-06-15 13:40:17,466 INFO  hdfs.DFSUtil (DFSUtil.java:httpServerTemplateForNNAndJN(1641)) - Starting Web-server for hddsDatanode at: http://0.0.0.0:0
2019-06-15 13:40:17,468 INFO  server.AuthenticationFilter (AuthenticationFilter.java:constructSecretProvider(240)) - Unable to initialize FileSignerSecretProvider, falling back to use random secrets.
2019-06-15 13:40:17,468 WARN  http.HttpRequestLog (HttpRequestLog.java:getRequestLog(97)) - Jetty request log can only be enabled using Log4j
2019-06-15 13:40:17,470 INFO  http.HttpServer2 (HttpServer2.java:addGlobalFilter(975)) - Added global filter 'safety' (class=org.apache.hadoop.http.HttpServer2$QuotingInputFilter)
2019-06-15 13:40:17,470 INFO  http.HttpServer2 (HttpServer2.java:addFilter(948)) - Added filter static_user_filter (class=org.apache.hadoop.http.lib.StaticUserWebFilter$StaticUserFilter) to context hddsDatanode
2019-06-15 13:40:17,470 INFO  http.HttpServer2 (HttpServer2.java:addFilter(958)) - Added filter static_user_filter (class=org.apache.hadoop.http.lib.StaticUserWebFilter$StaticUserFilter) to context static
2019-06-15 13:40:17,471 INFO  http.HttpServer2 (HttpServer2.java:addFilter(958)) - Added filter static_user_filter (class=org.apache.hadoop.http.lib.StaticUserWebFilter$StaticUserFilter) to context logs
2019-06-15 13:40:17,471 INFO  http.HttpServer2 (HttpServer2.java:bindListener(1191)) - Jetty bound to port 40437
2019-06-15 13:40:17,471 INFO  server.Server (Server.java:doStart(351)) - jetty-9.3.24.v20180605, build timestamp: 2018-06-05T17:11:56Z, git hash: 84205aa28f11a4f31f2a3b86d1bba2cc8ab69827
2019-06-15 13:40:17,482 INFO  handler.ContextHandler (ContextHandler.java:doStart(781)) - Started o.e.j.s.ServletContextHandler@4776e209{/logs,file:///opt/src/hadoop-ozone/integration-test/target/log,AVAILABLE}
2019-06-15 13:40:17,483 INFO  handler.ContextHandler (ContextHandler.java:doStart(781)) - Started o.e.j.s.ServletContextHandler@1f536481{/static,jar:file:/home/user/.m2/repository/org/apache/hadoop/hadoop-hdds-container-service/0.5.0-SNAPSHOT/hadoop-hdds-container-service-0.5.0-SNAPSHOT.jar!/webapps/static,AVAILABLE}
2019-06-15 13:40:17,513 INFO  handler.ContextHandler (ContextHandler.java:doStart(781)) - Started o.e.j.w.WebAppContext@d653e41{/,file:///tmp/jetty-0.0.0.0-40437-hddsDatanode-_-any-7302893575924905241.dir/webapp/,AVAILABLE}{/hddsDatanode}
2019-06-15 13:40:17,513 INFO  server.AbstractConnector (AbstractConnector.java:doStart(278)) - Started ServerConnector@3b78c683{HTTP/1.1,[http/1.1]}{0.0.0.0:40437}
2019-06-15 13:40:17,514 INFO  server.Server (Server.java:doStart(419)) - Started @5603ms
2019-06-15 13:40:17,515 INFO  server.BaseHttpServer (BaseHttpServer.java:updateConnectorAddress(207)) - HTTP server of HDDSDATANODE is listening at http://0.0.0.0:40437
2019-06-15 13:40:17,666 INFO  ozone.HddsDatanodeService (HddsDatanodeService.java:startPlugins(396)) - Started plug-in org.apache.hadoop.ozone.web.OzoneHddsDatanodeService@18dcb8a7
2019-06-15 13:40:17,666 INFO  impl.MetricsSystemImpl (MetricsSystemImpl.java:init(158)) - HddsDatanode metrics system started (again)
2019-06-15 13:40:17,667 INFO  ozone.HddsDatanodeService (HddsDatanodeService.java:start(185)) - HddsDatanodeService host:ozone-unit-076618677d3-jtqkr-187985704 ip:192.168.46.1
2019-06-15 13:40:17,691 INFO  util.JvmPauseMonitor (JvmPauseMonitor.java:run(188)) - Starting JVM pause monitor
2019-06-15 13:40:17,696 INFO  volume.HddsVolume (HddsVolume.java:<init>(176)) - Creating Volume: /opt/src/hadoop-ozone/integration-test/target/test-dir/MiniOzoneClusterImpl-91e88ffd-adb2-41f1-9e97-8306ea9a42d1/datanode-4/data/containers/hdds of  storage type : DISK and capacity : 104021790720
2019-06-15 13:40:17,696 INFO  volume.VolumeSet (VolumeSet.java:initializeVolumeSet(170)) - Added Volume : /opt/src/hadoop-ozone/integration-test/target/test-dir/MiniOzoneClusterImpl-91e88ffd-adb2-41f1-9e97-8306ea9a42d1/datanode-4/data/containers/hdds to VolumeSet
2019-06-15 13:40:17,696 INFO  volume.ThrottledAsyncChecker (ThrottledAsyncChecker.java:schedule(140)) - Scheduling a check for org.apache.hadoop.ozone.container.common.volume.HddsVolume@3709748f
2019-06-15 13:40:17,697 INFO  datanode.InitDatanodeState (InitDatanodeState.java:persistContainerDatanodeDetails(140)) - DatanodeDetails is persisted to /opt/src/hadoop-ozone/integration-test/target/test-dir/MiniOzoneClusterImpl-91e88ffd-adb2-41f1-9e97-8306ea9a42d1/datanode-3/meta/datanode.id
2019-06-15 13:40:17,706 INFO  volume.HddsVolumeChecker (HddsVolumeChecker.java:checkAllVolumes(203)) - Scheduled health check for volume org.apache.hadoop.ozone.container.common.volume.HddsVolume@3709748f
2019-06-15 13:40:17,751 INFO  ratis.XceiverServerRatis (XceiverServerRatis.java:newXceiverServerRatis(401)) - Found a free port for the server : 36413
2019-06-15 13:40:17,752 INFO  impl.RaftServerProxy (ConfUtils.java:logGet(43)) - raft.rpc.type = GRPC (default)
2019-06-15 13:40:17,753 INFO  grpc.GrpcConfigKeys$Server (ConfUtils.java:logGet(43)) - raft.grpc.server.port = 36413 (custom)
2019-06-15 13:40:17,754 INFO  server.GrpcService (ConfUtils.java:logGet(43)) - raft.grpc.message.size.max = 33570816 (custom)
2019-06-15 13:40:17,754 INFO  server.RaftServerConfigKeys (ConfUtils.java:logGet(43)) - raft.server.log.appender.buffer.byte-limit = 33554432 (custom)
2019-06-15 13:40:17,754 INFO  server.GrpcService (ConfUtils.java:logGet(43)) - raft.grpc.flow.control.window = 1MB (=1048576) (default)
2019-06-15 13:40:17,754 INFO  server.RaftServerConfigKeys (ConfUtils.java:logGet(43)) - raft.server.rpc.request.timeout = 3000ms (default)
2019-06-15 13:40:17,755 INFO  server.RaftServerConfigKeys (ConfUtils.java:logGet(43)) - raft.server.storage.dir = [/opt/src/hadoop-ozone/integration-test/target/test-dir/MiniOzoneClusterImpl-91e88ffd-adb2-41f1-9e97-8306ea9a42d1/datanode-4/data/ratis] (custom)
2019-06-15 13:40:17,755 INFO  server.XceiverServerGrpc (XceiverServerGrpc.java:<init>(97)) - Found a free port for the server : 46135
2019-06-15 13:40:17,756 INFO  replication.SimpleContainerDownloader (SimpleContainerDownloader.java:<init>(72)) - Starting container downloader service to copy containers to replicate.
2019-06-15 13:40:17,768 INFO  hdfs.DFSUtil (DFSUtil.java:httpServerTemplateForNNAndJN(1641)) - Starting Web-server for hddsDatanode at: http://0.0.0.0:0
2019-06-15 13:40:17,779 INFO  server.AuthenticationFilter (AuthenticationFilter.java:constructSecretProvider(240)) - Unable to initialize FileSignerSecretProvider, falling back to use random secrets.
2019-06-15 13:40:17,785 WARN  http.HttpRequestLog (HttpRequestLog.java:getRequestLog(97)) - Jetty request log can only be enabled using Log4j
2019-06-15 13:40:17,791 INFO  http.HttpServer2 (HttpServer2.java:addGlobalFilter(975)) - Added global filter 'safety' (class=org.apache.hadoop.http.HttpServer2$QuotingInputFilter)
2019-06-15 13:40:17,792 INFO  http.HttpServer2 (HttpServer2.java:addFilter(948)) - Added filter static_user_filter (class=org.apache.hadoop.http.lib.StaticUserWebFilter$StaticUserFilter) to context hddsDatanode
2019-06-15 13:40:17,792 INFO  http.HttpServer2 (HttpServer2.java:addFilter(958)) - Added filter static_user_filter (class=org.apache.hadoop.http.lib.StaticUserWebFilter$StaticUserFilter) to context logs
2019-06-15 13:40:17,792 INFO  http.HttpServer2 (HttpServer2.java:addFilter(958)) - Added filter static_user_filter (class=org.apache.hadoop.http.lib.StaticUserWebFilter$StaticUserFilter) to context static
2019-06-15 13:40:17,793 INFO  http.HttpServer2 (HttpServer2.java:bindListener(1191)) - Jetty bound to port 35113
2019-06-15 13:40:17,796 INFO  server.Server (Server.java:doStart(351)) - jetty-9.3.24.v20180605, build timestamp: 2018-06-05T17:11:56Z, git hash: 84205aa28f11a4f31f2a3b86d1bba2cc8ab69827
2019-06-15 13:40:17,803 INFO  handler.ContextHandler (ContextHandler.java:doStart(781)) - Started o.e.j.s.ServletContextHandler@dbed7fd{/logs,file:///opt/src/hadoop-ozone/integration-test/target/log,AVAILABLE}
2019-06-15 13:40:17,804 INFO  handler.ContextHandler (ContextHandler.java:doStart(781)) - Started o.e.j.s.ServletContextHandler@76c86567{/static,jar:file:/home/user/.m2/repository/org/apache/hadoop/hadoop-hdds-container-service/0.5.0-SNAPSHOT/hadoop-hdds-container-service-0.5.0-SNAPSHOT.jar!/webapps/static,AVAILABLE}
2019-06-15 13:40:17,837 INFO  handler.ContextHandler (ContextHandler.java:doStart(781)) - Started o.e.j.w.WebAppContext@4a216eb4{/,file:///tmp/jetty-0.0.0.0-35113-hddsDatanode-_-any-3823205069445125668.dir/webapp/,AVAILABLE}{/hddsDatanode}
2019-06-15 13:40:17,838 INFO  server.AbstractConnector (AbstractConnector.java:doStart(278)) - Started ServerConnector@bb3ecfe{HTTP/1.1,[http/1.1]}{0.0.0.0:35113}
2019-06-15 13:40:17,838 INFO  server.Server (Server.java:doStart(419)) - Started @5928ms
2019-06-15 13:40:17,839 INFO  server.BaseHttpServer (BaseHttpServer.java:updateConnectorAddress(207)) - HTTP server of HDDSDATANODE is listening at http://0.0.0.0:35113
2019-06-15 13:40:17,986 INFO  ozone.HddsDatanodeService (HddsDatanodeService.java:startPlugins(396)) - Started plug-in org.apache.hadoop.ozone.web.OzoneHddsDatanodeService@747f6c5a
2019-06-15 13:40:17,987 INFO  impl.MetricsSystemImpl (MetricsSystemImpl.java:init(158)) - HddsDatanode metrics system started (again)
2019-06-15 13:40:17,987 INFO  ozone.HddsDatanodeService (HddsDatanodeService.java:start(185)) - HddsDatanodeService host:ozone-unit-076618677d3-jtqkr-187985704 ip:192.168.46.1
2019-06-15 13:40:17,990 INFO  util.JvmPauseMonitor (JvmPauseMonitor.java:run(188)) - Starting JVM pause monitor
2019-06-15 13:40:18,002 INFO  volume.HddsVolume (HddsVolume.java:<init>(176)) - Creating Volume: /opt/src/hadoop-ozone/integration-test/target/test-dir/MiniOzoneClusterImpl-91e88ffd-adb2-41f1-9e97-8306ea9a42d1/datanode-5/data/containers/hdds of  storage type : DISK and capacity : 104021790720
2019-06-15 13:40:18,003 INFO  datanode.InitDatanodeState (InitDatanodeState.java:persistContainerDatanodeDetails(140)) - DatanodeDetails is persisted to /opt/src/hadoop-ozone/integration-test/target/test-dir/MiniOzoneClusterImpl-91e88ffd-adb2-41f1-9e97-8306ea9a42d1/datanode-4/meta/datanode.id
2019-06-15 13:40:18,003 INFO  volume.VolumeSet (VolumeSet.java:initializeVolumeSet(170)) - Added Volume : /opt/src/hadoop-ozone/integration-test/target/test-dir/MiniOzoneClusterImpl-91e88ffd-adb2-41f1-9e97-8306ea9a42d1/datanode-5/data/containers/hdds to VolumeSet
2019-06-15 13:40:18,003 INFO  volume.ThrottledAsyncChecker (ThrottledAsyncChecker.java:schedule(140)) - Scheduling a check for org.apache.hadoop.ozone.container.common.volume.HddsVolume@3bbf1c0d
2019-06-15 13:40:18,015 INFO  volume.HddsVolumeChecker (HddsVolumeChecker.java:checkAllVolumes(203)) - Scheduled health check for volume org.apache.hadoop.ozone.container.common.volume.HddsVolume@3bbf1c0d
2019-06-15 13:40:18,034 INFO  ratis.XceiverServerRatis (XceiverServerRatis.java:newXceiverServerRatis(401)) - Found a free port for the server : 41881
2019-06-15 13:40:18,034 INFO  impl.RaftServerProxy (ConfUtils.java:logGet(43)) - raft.rpc.type = GRPC (default)
2019-06-15 13:40:18,035 INFO  grpc.GrpcConfigKeys$Server (ConfUtils.java:logGet(43)) - raft.grpc.server.port = 41881 (custom)
2019-06-15 13:40:18,036 INFO  server.GrpcService (ConfUtils.java:logGet(43)) - raft.grpc.message.size.max = 33570816 (custom)
2019-06-15 13:40:18,036 INFO  server.RaftServerConfigKeys (ConfUtils.java:logGet(43)) - raft.server.log.appender.buffer.byte-limit = 33554432 (custom)
2019-06-15 13:40:18,036 INFO  server.GrpcService (ConfUtils.java:logGet(43)) - raft.grpc.flow.control.window = 1MB (=1048576) (default)
2019-06-15 13:40:18,036 INFO  server.RaftServerConfigKeys (ConfUtils.java:logGet(43)) - raft.server.rpc.request.timeout = 3000ms (default)
2019-06-15 13:40:18,037 INFO  server.RaftServerConfigKeys (ConfUtils.java:logGet(43)) - raft.server.storage.dir = [/opt/src/hadoop-ozone/integration-test/target/test-dir/MiniOzoneClusterImpl-91e88ffd-adb2-41f1-9e97-8306ea9a42d1/datanode-5/data/ratis] (custom)
2019-06-15 13:40:18,037 INFO  server.XceiverServerGrpc (XceiverServerGrpc.java:<init>(97)) - Found a free port for the server : 46051
2019-06-15 13:40:18,038 INFO  replication.SimpleContainerDownloader (SimpleContainerDownloader.java:<init>(72)) - Starting container downloader service to copy containers to replicate.
2019-06-15 13:40:18,039 INFO  hdfs.DFSUtil (DFSUtil.java:httpServerTemplateForNNAndJN(1641)) - Starting Web-server for hddsDatanode at: http://0.0.0.0:0
2019-06-15 13:40:18,040 INFO  server.AuthenticationFilter (AuthenticationFilter.java:constructSecretProvider(240)) - Unable to initialize FileSignerSecretProvider, falling back to use random secrets.
2019-06-15 13:40:18,041 WARN  http.HttpRequestLog (HttpRequestLog.java:getRequestLog(97)) - Jetty request log can only be enabled using Log4j
2019-06-15 13:40:18,042 INFO  http.HttpServer2 (HttpServer2.java:addGlobalFilter(975)) - Added global filter 'safety' (class=org.apache.hadoop.http.HttpServer2$QuotingInputFilter)
2019-06-15 13:40:18,043 INFO  http.HttpServer2 (HttpServer2.java:addFilter(948)) - Added filter static_user_filter (class=org.apache.hadoop.http.lib.StaticUserWebFilter$StaticUserFilter) to context hddsDatanode
2019-06-15 13:40:18,043 INFO  http.HttpServer2 (HttpServer2.java:addFilter(958)) - Added filter static_user_filter (class=org.apache.hadoop.http.lib.StaticUserWebFilter$StaticUserFilter) to context static
2019-06-15 13:40:18,043 INFO  http.HttpServer2 (HttpServer2.java:addFilter(958)) - Added filter static_user_filter (class=org.apache.hadoop.http.lib.StaticUserWebFilter$StaticUserFilter) to context logs
2019-06-15 13:40:18,044 INFO  http.HttpServer2 (HttpServer2.java:bindListener(1191)) - Jetty bound to port 41479
2019-06-15 13:40:18,044 INFO  server.Server (Server.java:doStart(351)) - jetty-9.3.24.v20180605, build timestamp: 2018-06-05T17:11:56Z, git hash: 84205aa28f11a4f31f2a3b86d1bba2cc8ab69827
2019-06-15 13:40:18,062 INFO  handler.ContextHandler (ContextHandler.java:doStart(781)) - Started o.e.j.s.ServletContextHandler@34a6d9db{/logs,file:///opt/src/hadoop-ozone/integration-test/target/log,AVAILABLE}
2019-06-15 13:40:18,063 INFO  handler.ContextHandler (ContextHandler.java:doStart(781)) - Started o.e.j.s.ServletContextHandler@756808cc{/static,jar:file:/home/user/.m2/repository/org/apache/hadoop/hadoop-hdds-container-service/0.5.0-SNAPSHOT/hadoop-hdds-container-service-0.5.0-SNAPSHOT.jar!/webapps/static,AVAILABLE}
2019-06-15 13:40:18,094 INFO  handler.ContextHandler (ContextHandler.java:doStart(781)) - Started o.e.j.w.WebAppContext@5ea7bc4{/,file:///tmp/jetty-0.0.0.0-41479-hddsDatanode-_-any-8043905503178398479.dir/webapp/,AVAILABLE}{/hddsDatanode}
2019-06-15 13:40:18,095 INFO  server.AbstractConnector (AbstractConnector.java:doStart(278)) - Started ServerConnector@cdfd817{HTTP/1.1,[http/1.1]}{0.0.0.0:41479}
2019-06-15 13:40:18,096 INFO  server.Server (Server.java:doStart(419)) - Started @6185ms
2019-06-15 13:40:18,096 INFO  server.BaseHttpServer (BaseHttpServer.java:updateConnectorAddress(207)) - HTTP server of HDDSDATANODE is listening at http://0.0.0.0:41479
2019-06-15 13:40:18,244 INFO  ozone.HddsDatanodeService (HddsDatanodeService.java:startPlugins(396)) - Started plug-in org.apache.hadoop.ozone.web.OzoneHddsDatanodeService@1304e0d7
2019-06-15 13:40:18,250 INFO  ozone.MiniOzoneClusterImpl (MiniOzoneClusterImpl.java:lambda$waitForClusterToBeReady$0(142)) - Waiting for cluster to be ready. Got 0 of 6 DN Heartbeats.
2019-06-15 13:40:18,251 INFO  util.JvmPauseMonitor (JvmPauseMonitor.java:run(188)) - Starting JVM pause monitor
2019-06-15 13:40:18,252 INFO  datanode.InitDatanodeState (InitDatanodeState.java:persistContainerDatanodeDetails(140)) - DatanodeDetails is persisted to /opt/src/hadoop-ozone/integration-test/target/test-dir/MiniOzoneClusterImpl-91e88ffd-adb2-41f1-9e97-8306ea9a42d1/datanode-5/meta/datanode.id
2019-06-15 13:40:18,908 INFO  ozoneimpl.OzoneContainer (OzoneContainer.java:start(186)) - Attempting to start container services.
2019-06-15 13:40:18,908 INFO  ozoneimpl.OzoneContainer (OzoneContainer.java:startContainerScrub(160)) - Background container scrubber has been disabled by hdds.containerscrub.enabled
2019-06-15 13:40:18,908 INFO  ratis.XceiverServerRatis (XceiverServerRatis.java:start(418)) - Starting XceiverServerRatis 466351a5-52b3-46a1-a98e-79b6af3414db at port 40627
2019-06-15 13:40:18,922 INFO  impl.RaftServerProxy (RaftServerProxy.java:lambda$start$3(299)) - 466351a5-52b3-46a1-a98e-79b6af3414db: start RPC server
2019-06-15 13:40:19,078 INFO  server.GrpcService (GrpcService.java:startImpl(148)) - 466351a5-52b3-46a1-a98e-79b6af3414db: GrpcService started, listening on 0.0.0.0/0.0.0.0:40627
2019-06-15 13:40:19,190 INFO  ozoneimpl.OzoneContainer (OzoneContainer.java:start(186)) - Attempting to start container services.
2019-06-15 13:40:19,191 INFO  ozoneimpl.OzoneContainer (OzoneContainer.java:startContainerScrub(160)) - Background container scrubber has been disabled by hdds.containerscrub.enabled
2019-06-15 13:40:19,191 INFO  ratis.XceiverServerRatis (XceiverServerRatis.java:start(418)) - Starting XceiverServerRatis 435aec56-64bd-4989-b144-f50301337d21 at port 44079
2019-06-15 13:40:19,197 INFO  impl.RaftServerProxy (RaftServerProxy.java:lambda$start$3(299)) - 435aec56-64bd-4989-b144-f50301337d21: start RPC server
2019-06-15 13:40:19,210 INFO  server.GrpcService (GrpcService.java:startImpl(148)) - 435aec56-64bd-4989-b144-f50301337d21: GrpcService started, listening on 0.0.0.0/0.0.0.0:44079
2019-06-15 13:40:19,250 INFO  ozone.MiniOzoneClusterImpl (MiniOzoneClusterImpl.java:lambda$waitForClusterToBeReady$0(142)) - Waiting for cluster to be ready. Got 0 of 6 DN Heartbeats.
2019-06-15 13:40:19,427 INFO  ozoneimpl.OzoneContainer (OzoneContainer.java:start(186)) - Attempting to start container services.
2019-06-15 13:40:19,428 INFO  ozoneimpl.OzoneContainer (OzoneContainer.java:startContainerScrub(160)) - Background container scrubber has been disabled by hdds.containerscrub.enabled
2019-06-15 13:40:19,428 INFO  ratis.XceiverServerRatis (XceiverServerRatis.java:start(418)) - Starting XceiverServerRatis 684cf9fb-e479-489c-a91c-375b0f942c31 at port 43949
2019-06-15 13:40:19,433 INFO  impl.RaftServerProxy (RaftServerProxy.java:lambda$start$3(299)) - 684cf9fb-e479-489c-a91c-375b0f942c31: start RPC server
2019-06-15 13:40:19,436 INFO  server.GrpcService (GrpcService.java:startImpl(148)) - 684cf9fb-e479-489c-a91c-375b0f942c31: GrpcService started, listening on 0.0.0.0/0.0.0.0:43949
2019-06-15 13:40:19,695 INFO  ozoneimpl.OzoneContainer (OzoneContainer.java:start(186)) - Attempting to start container services.
2019-06-15 13:40:19,697 INFO  ozoneimpl.OzoneContainer (OzoneContainer.java:startContainerScrub(160)) - Background container scrubber has been disabled by hdds.containerscrub.enabled
2019-06-15 13:40:19,697 INFO  ratis.XceiverServerRatis (XceiverServerRatis.java:start(418)) - Starting XceiverServerRatis 6f940a4e-8f6f-4018-b39e-205441962300 at port 39677
2019-06-15 13:40:19,706 INFO  impl.RaftServerProxy (RaftServerProxy.java:lambda$start$3(299)) - 6f940a4e-8f6f-4018-b39e-205441962300: start RPC server
2019-06-15 13:40:19,708 INFO  server.GrpcService (GrpcService.java:startImpl(148)) - 6f940a4e-8f6f-4018-b39e-205441962300: GrpcService started, listening on 0.0.0.0/0.0.0.0:39677
2019-06-15 13:40:19,994 INFO  ozoneimpl.OzoneContainer (OzoneContainer.java:start(186)) - Attempting to start container services.
2019-06-15 13:40:19,996 INFO  ozoneimpl.OzoneContainer (OzoneContainer.java:startContainerScrub(160)) - Background container scrubber has been disabled by hdds.containerscrub.enabled
2019-06-15 13:40:19,996 INFO  ratis.XceiverServerRatis (XceiverServerRatis.java:start(418)) - Starting XceiverServerRatis 0d4f6ada-158c-4ffd-bc7a-733a4920de18 at port 36413
2019-06-15 13:40:20,004 INFO  impl.RaftServerProxy (RaftServerProxy.java:lambda$start$3(299)) - 0d4f6ada-158c-4ffd-bc7a-733a4920de18: start RPC server
2019-06-15 13:40:20,006 INFO  server.GrpcService (GrpcService.java:startImpl(148)) - 0d4f6ada-158c-4ffd-bc7a-733a4920de18: GrpcService started, listening on 0.0.0.0/0.0.0.0:36413
2019-06-15 13:40:20,250 INFO  ozone.MiniOzoneClusterImpl (MiniOzoneClusterImpl.java:lambda$waitForClusterToBeReady$0(142)) - Waiting for cluster to be ready. Got 0 of 6 DN Heartbeats.
2019-06-15 13:40:20,255 INFO  ozoneimpl.OzoneContainer (OzoneContainer.java:start(186)) - Attempting to start container services.
2019-06-15 13:40:20,257 INFO  ozoneimpl.OzoneContainer (OzoneContainer.java:startContainerScrub(160)) - Background container scrubber has been disabled by hdds.containerscrub.enabled
2019-06-15 13:40:20,258 INFO  ratis.XceiverServerRatis (XceiverServerRatis.java:start(418)) - Starting XceiverServerRatis 56203738-bf2f-431f-908d-d7cf855d50d1 at port 41881
2019-06-15 13:40:20,262 INFO  impl.RaftServerProxy (RaftServerProxy.java:lambda$start$3(299)) - 56203738-bf2f-431f-908d-d7cf855d50d1: start RPC server
2019-06-15 13:40:20,265 INFO  server.GrpcService (GrpcService.java:startImpl(148)) - 56203738-bf2f-431f-908d-d7cf855d50d1: GrpcService started, listening on 0.0.0.0/0.0.0.0:41881
2019-06-15 13:40:20,907 INFO  net.NetworkTopology (NetworkTopologyImpl.java:add(109)) - Added a new node: /default-rack/192.168.46.1
2019-06-15 13:40:20,908 INFO  node.SCMNodeManager (SCMNodeManager.java:register(269)) - Registered Data node : 466351a5-52b3-46a1-a98e-79b6af3414db{ip: 192.168.46.1, host: ozone-unit-076618677d3-jtqkr-187985704, networkLocation: /default-rack, certSerialId: null}
2019-06-15 13:40:20,914 INFO  safemode.SCMSafeModeManager (DataNodeSafeModeRule.java:process(71)) - SCM in safe mode. 1 DataNodes registered, 1 required.
2019-06-15 13:40:20,919 INFO  safemode.SCMSafeModeManager (SCMSafeModeManager.java:validateSafeModeExitRules(177)) - ScmSafeModeManager, all rules are successfully validated
2019-06-15 13:40:20,919 INFO  safemode.SCMSafeModeManager (SCMSafeModeManager.java:exitSafeMode(193)) - SCM exiting safe mode.
2019-06-15 13:40:21,188 INFO  node.SCMNodeManager (SCMNodeManager.java:register(269)) - Registered Data node : 435aec56-64bd-4989-b144-f50301337d21{ip: 192.168.46.1, host: ozone-unit-076618677d3-jtqkr-187985704, networkLocation: /default-rack, certSerialId: null}
2019-06-15 13:40:21,250 INFO  ozone.MiniOzoneClusterImpl (MiniOzoneClusterImpl.java:lambda$waitForClusterToBeReady$0(142)) - Waiting for cluster to be ready. Got 2 of 6 DN Heartbeats.
2019-06-15 13:40:21,322 INFO  impl.RaftServerProxy (RaftServerProxy.java:addNew(89)) - 466351a5-52b3-46a1-a98e-79b6af3414db: addNew group-233BB4305E41:[466351a5-52b3-46a1-a98e-79b6af3414db:192.168.46.1:40627] returns group-233BB4305E41:java.util.concurrent.CompletableFuture@790cb165[Not completed]
2019-06-15 13:40:21,329 INFO  impl.RaftServerImpl (RaftServerImpl.java:<init>(91)) - 466351a5-52b3-46a1-a98e-79b6af3414db: new RaftServerImpl for group-233BB4305E41:[466351a5-52b3-46a1-a98e-79b6af3414db:192.168.46.1:40627] with ContainerStateMachine:uninitialized
2019-06-15 13:40:21,330 INFO  server.RaftServerConfigKeys (ConfUtils.java:logGet(43)) - raft.server.rpc.timeout.min = 1s (custom)
2019-06-15 13:40:21,330 INFO  server.RaftServerConfigKeys (ConfUtils.java:logGet(43)) - raft.server.rpc.timeout.max = 1200ms (custom)
2019-06-15 13:40:21,331 INFO  server.RaftServerConfigKeys (ConfUtils.java:logGet(43)) - raft.server.rpcslowness.timeout = 10s (custom)
2019-06-15 13:40:21,331 INFO  server.RaftServerConfigKeys (ConfUtils.java:logGet(43)) - raft.server.log.appender.install.snapshot.enabled = true (default)
2019-06-15 13:40:21,337 INFO  impl.RaftServerImpl (ServerState.java:<init>(101)) - 466351a5-52b3-46a1-a98e-79b6af3414db:group-233BB4305E41 ConfigurationManager, init=-1: [466351a5-52b3-46a1-a98e-79b6af3414db:192.168.46.1:40627], old=null, confs=<EMPTY_MAP>
2019-06-15 13:40:21,337 INFO  server.RaftServerConfigKeys (ConfUtils.java:logGet(43)) - raft.server.storage.dir = [/opt/src/hadoop-ozone/integration-test/target/test-dir/MiniOzoneClusterImpl-91e88ffd-adb2-41f1-9e97-8306ea9a42d1/datanode-0/data/ratis] (custom)
2019-06-15 13:40:21,342 INFO  storage.RaftStorageDirectory (RaftStorageDirectory.java:analyzeStorage(246)) - The storage directory /opt/src/hadoop-ozone/integration-test/target/test-dir/MiniOzoneClusterImpl-91e88ffd-adb2-41f1-9e97-8306ea9a42d1/datanode-0/data/ratis/84a93427-1f0b-4f71-af27-233bb4305e41 does not exist. Creating ...
2019-06-15 13:40:21,347 INFO  storage.RaftStorageDirectory (RaftStorageDirectory.java:tryLock(328)) - Lock on /opt/src/hadoop-ozone/integration-test/target/test-dir/MiniOzoneClusterImpl-91e88ffd-adb2-41f1-9e97-8306ea9a42d1/datanode-0/data/ratis/84a93427-1f0b-4f71-af27-233bb4305e41/in_use.lock acquired by nodename 10167@ozone-unit-076618677d3-jtqkr-187985704
2019-06-15 13:40:21,589 INFO  node.SCMNodeManager (SCMNodeManager.java:register(269)) - Registered Data node : 684cf9fb-e479-489c-a91c-375b0f942c31{ip: 192.168.46.1, host: ozone-unit-076618677d3-jtqkr-187985704, networkLocation: /default-rack, certSerialId: null}
2019-06-15 13:40:21,598 INFO  storage.RaftStorage (RaftStorage.java:format(75)) - Storage directory /opt/src/hadoop-ozone/integration-test/target/test-dir/MiniOzoneClusterImpl-91e88ffd-adb2-41f1-9e97-8306ea9a42d1/datanode-0/data/ratis/84a93427-1f0b-4f71-af27-233bb4305e41 has been successfully formatted.
2019-06-15 13:40:21,614 INFO  ratis.ContainerStateMachine (ContainerStateMachine.java:loadSnapshot(199)) - The snapshot info is null.Setting the last applied index to:(t:0, i:~)
2019-06-15 13:40:21,614 INFO  server.RaftServerConfigKeys (ConfUtils.java:logGet(43)) - raft.server.leader.election.timeout = 10s (custom)
2019-06-15 13:40:21,616 INFO  server.RaftServerConfigKeys (ConfUtils.java:logGet(43)) - raft.server.log.use.memory = false (default)
2019-06-15 13:40:21,618 INFO  server.RaftServerConfigKeys (ConfUtils.java:logGet(43)) - raft.server.log.appender.buffer.byte-limit = 33554432 (custom)
2019-06-15 13:40:21,621 INFO  server.RaftServerConfigKeys (ConfUtils.java:logGet(43)) - raft.server.log.segment.size.max = 16384 (custom)
2019-06-15 13:40:21,625 INFO  server.RaftServerConfigKeys (ConfUtils.java:logGet(43)) - raft.server.log.segment.cache.num.max = 2 (custom)
2019-06-15 13:40:21,628 INFO  storage.RaftLogWorker (RaftLogWorker.java:<init>(123)) - new 466351a5-52b3-46a1-a98e-79b6af3414db-RaftLogWorker for Storage Directory /opt/src/hadoop-ozone/integration-test/target/test-dir/MiniOzoneClusterImpl-91e88ffd-adb2-41f1-9e97-8306ea9a42d1/datanode-0/data/ratis/84a93427-1f0b-4f71-af27-233bb4305e41
2019-06-15 13:40:21,628 INFO  server.RaftServerConfigKeys (ConfUtils.java:logGet(43)) - raft.server.log.queue.byte-limit = 2147483647 (custom)
2019-06-15 13:40:21,629 INFO  server.RaftServerConfigKeys (ConfUtils.java:logGet(43)) - raft.server.log.queue.element-limit = 1024 (custom)
2019-06-15 13:40:21,631 INFO  server.RaftServerConfigKeys (ConfUtils.java:logGet(43)) - raft.server.log.segment.size.max = 16384 (custom)
2019-06-15 13:40:21,631 INFO  server.RaftServerConfigKeys (ConfUtils.java:logGet(43)) - raft.server.log.preallocated.size = 16384 (custom)
2019-06-15 13:40:21,631 INFO  server.RaftServerConfigKeys (ConfUtils.java:logGet(43)) - raft.server.log.write.buffer.size = 33554432 (custom)
2019-06-15 13:40:21,632 INFO  server.RaftServerConfigKeys (ConfUtils.java:logGet(43)) - raft.server.log.force.sync.num = 128 (default)
2019-06-15 13:40:21,633 INFO  server.RaftServerConfigKeys (ConfUtils.java:logGet(43)) - raft.server.log.statemachine.data.sync = true (default)
2019-06-15 13:40:21,633 INFO  server.RaftServerConfigKeys (ConfUtils.java:logGet(43)) - raft.server.log.statemachine.data.sync.timeout = 10s (default)
2019-06-15 13:40:21,634 INFO  server.RaftServerConfigKeys (ConfUtils.java:logGet(43)) - raft.server.log.statemachine.data.sync.timeout.retry = -1 (default)
2019-06-15 13:40:21,636 INFO  server.RaftServerConfigKeys (ConfUtils.java:logGet(43)) - raft.server.log.statemachine.data.caching.enabled = true (custom)
2019-06-15 13:40:21,641 INFO  server.RaftServerConfigKeys (ConfUtils.java:logGet(43)) - raft.server.snapshot.auto.trigger.enabled = true (custom)
2019-06-15 13:40:21,642 INFO  server.RaftServerConfigKeys (ConfUtils.java:logGet(43)) - raft.server.snapshot.auto.trigger.threshold = 10000 (custom)
2019-06-15 13:40:21,642 INFO  server.RaftServerConfigKeys (ConfUtils.java:logGet(43)) - raft.server.retrycache.expirytime = 600000ms (custom)
2019-06-15 13:40:21,658 INFO  impl.RaftServerImpl (RaftServerImpl.java:start(173)) - 466351a5-52b3-46a1-a98e-79b6af3414db: start group-233BB4305E41
2019-06-15 13:40:21,659 INFO  impl.RaftServerImpl (RaftServerImpl.java:setRole(164)) - 466351a5-52b3-46a1-a98e-79b6af3414db:group-233BB4305E41 changes role from null to FOLLOWER at term 0 for startAsFollower
2019-06-15 13:40:21,660 INFO  impl.RoleInfo (RoleInfo.java:updateAndGet(143)) - 466351a5-52b3-46a1-a98e-79b6af3414db: start FollowerState
2019-06-15 13:40:21,662 INFO  util.JmxRegister (JmxRegister.java:tryRegister(44)) - Successfully registered JMX Bean with object name Ratis:service=RaftServer,group=group-233BB4305E41,id=466351a5-52b3-46a1-a98e-79b6af3414db
2019-06-15 13:40:21,696 INFO  node.SCMNodeManager (SCMNodeManager.java:register(269)) - Registered Data node : 6f940a4e-8f6f-4018-b39e-205441962300{ip: 192.168.46.1, host: ozone-unit-076618677d3-jtqkr-187985704, networkLocation: /default-rack, certSerialId: null}
2019-06-15 13:40:21,707 INFO  pipeline.PipelineStateManager (PipelineStateManager.java:addPipeline(56)) - Created pipeline Pipeline[ Id: 84a93427-1f0b-4f71-af27-233bb4305e41, Nodes: 466351a5-52b3-46a1-a98e-79b6af3414db{ip: 192.168.46.1, host: ozone-unit-076618677d3-jtqkr-187985704, networkLocation: /default-rack, certSerialId: null}, Type:RATIS, Factor:ONE, State:OPEN]
2019-06-15 13:40:21,727 INFO  impl.RaftServerProxy (RaftServerProxy.java:addNew(89)) - 684cf9fb-e479-489c-a91c-375b0f942c31: addNew group-ECF1A37C61D9:[684cf9fb-e479-489c-a91c-375b0f942c31:192.168.46.1:43949] returns group-ECF1A37C61D9:java.util.concurrent.CompletableFuture@6a387c33[Not completed]
2019-06-15 13:40:21,765 INFO  impl.RaftServerImpl (RaftServerImpl.java:<init>(91)) - 684cf9fb-e479-489c-a91c-375b0f942c31: new RaftServerImpl for group-ECF1A37C61D9:[684cf9fb-e479-489c-a91c-375b0f942c31:192.168.46.1:43949] with ContainerStateMachine:uninitialized
2019-06-15 13:40:21,767 INFO  server.RaftServerConfigKeys (ConfUtils.java:logGet(43)) - raft.server.rpc.timeout.min = 1s (custom)
2019-06-15 13:40:21,767 INFO  server.RaftServerConfigKeys (ConfUtils.java:logGet(43)) - raft.server.rpc.timeout.max = 1200ms (custom)
2019-06-15 13:40:21,767 INFO  server.RaftServerConfigKeys (ConfUtils.java:logGet(43)) - raft.server.rpcslowness.timeout = 10s (custom)
2019-06-15 13:40:21,768 INFO  server.RaftServerConfigKeys (ConfUtils.java:logGet(43)) - raft.server.log.appender.install.snapshot.enabled = true (default)
2019-06-15 13:40:21,768 INFO  impl.RaftServerImpl (ServerState.java:<init>(101)) - 684cf9fb-e479-489c-a91c-375b0f942c31:group-ECF1A37C61D9 ConfigurationManager, init=-1: [684cf9fb-e479-489c-a91c-375b0f942c31:192.168.46.1:43949], old=null, confs=<EMPTY_MAP>
2019-06-15 13:40:21,768 INFO  server.RaftServerConfigKeys (ConfUtils.java:logGet(43)) - raft.server.storage.dir = [/opt/src/hadoop-ozone/integration-test/target/test-dir/MiniOzoneClusterImpl-91e88ffd-adb2-41f1-9e97-8306ea9a42d1/datanode-2/data/ratis] (custom)
2019-06-15 13:40:21,768 INFO  storage.RaftStorageDirectory (RaftStorageDirectory.java:analyzeStorage(246)) - The storage directory /opt/src/hadoop-ozone/integration-test/target/test-dir/MiniOzoneClusterImpl-91e88ffd-adb2-41f1-9e97-8306ea9a42d1/datanode-2/data/ratis/90050af8-ce5f-4eed-bc7c-ecf1a37c61d9 does not exist. Creating ...
2019-06-15 13:40:21,771 INFO  storage.RaftStorageDirectory (RaftStorageDirectory.java:tryLock(328)) - Lock on /opt/src/hadoop-ozone/integration-test/target/test-dir/MiniOzoneClusterImpl-91e88ffd-adb2-41f1-9e97-8306ea9a42d1/datanode-2/data/ratis/90050af8-ce5f-4eed-bc7c-ecf1a37c61d9/in_use.lock acquired by nodename 10167@ozone-unit-076618677d3-jtqkr-187985704
2019-06-15 13:40:21,773 INFO  storage.RaftStorage (RaftStorage.java:format(75)) - Storage directory /opt/src/hadoop-ozone/integration-test/target/test-dir/MiniOzoneClusterImpl-91e88ffd-adb2-41f1-9e97-8306ea9a42d1/datanode-2/data/ratis/90050af8-ce5f-4eed-bc7c-ecf1a37c61d9 has been successfully formatted.
2019-06-15 13:40:21,775 INFO  ratis.ContainerStateMachine (ContainerStateMachine.java:loadSnapshot(199)) - The snapshot info is null.Setting the last applied index to:(t:0, i:~)
2019-06-15 13:40:21,776 INFO  server.RaftServerConfigKeys (ConfUtils.java:logGet(43)) - raft.server.leader.election.timeout = 10s (custom)
2019-06-15 13:40:21,776 INFO  server.RaftServerConfigKeys (ConfUtils.java:logGet(43)) - raft.server.log.use.memory = false (default)
2019-06-15 13:40:21,776 INFO  server.RaftServerConfigKeys (ConfUtils.java:logGet(43)) - raft.server.log.appender.buffer.byte-limit = 33554432 (custom)
2019-06-15 13:40:21,776 INFO  server.RaftServerConfigKeys (ConfUtils.java:logGet(43)) - raft.server.log.segment.size.max = 16384 (custom)
2019-06-15 13:40:21,776 INFO  server.RaftServerConfigKeys (ConfUtils.java:logGet(43)) - raft.server.log.segment.cache.num.max = 2 (custom)
2019-06-15 13:40:21,776 INFO  storage.RaftLogWorker (RaftLogWorker.java:<init>(123)) - new 684cf9fb-e479-489c-a91c-375b0f942c31-RaftLogWorker for Storage Directory /opt/src/hadoop-ozone/integration-test/target/test-dir/MiniOzoneClusterImpl-91e88ffd-adb2-41f1-9e97-8306ea9a42d1/datanode-2/data/ratis/90050af8-ce5f-4eed-bc7c-ecf1a37c61d9
2019-06-15 13:40:21,777 INFO  server.RaftServerConfigKeys (ConfUtils.java:logGet(43)) - raft.server.log.queue.byte-limit = 2147483647 (custom)
2019-06-15 13:40:21,777 INFO  server.RaftServerConfigKeys (ConfUtils.java:logGet(43)) - raft.server.log.queue.element-limit = 1024 (custom)
2019-06-15 13:40:21,777 INFO  server.RaftServerConfigKeys (ConfUtils.java:logGet(43)) - raft.server.log.segment.size.max = 16384 (custom)
2019-06-15 13:40:21,778 INFO  server.RaftServerConfigKeys (ConfUtils.java:logGet(43)) - raft.server.log.preallocated.size = 16384 (custom)
2019-06-15 13:40:21,778 INFO  server.RaftServerConfigKeys (ConfUtils.java:logGet(43)) - raft.server.log.write.buffer.size = 33554432 (custom)
2019-06-15 13:40:21,778 INFO  server.RaftServerConfigKeys (ConfUtils.java:logGet(43)) - raft.server.log.force.sync.num = 128 (default)
2019-06-15 13:40:21,778 INFO  server.RaftServerConfigKeys (ConfUtils.java:logGet(43)) - raft.server.log.statemachine.data.sync = true (default)
2019-06-15 13:40:21,778 INFO  server.RaftServerConfigKeys (ConfUtils.java:logGet(43)) - raft.server.log.statemachine.data.sync.timeout = 10s (default)
2019-06-15 13:40:21,778 INFO  server.RaftServerConfigKeys (ConfUtils.java:logGet(43)) - raft.server.log.statemachine.data.sync.timeout.retry = -1 (default)
2019-06-15 13:40:21,778 INFO  server.RaftServerConfigKeys (ConfUtils.java:logGet(43)) - raft.server.log.statemachine.data.caching.enabled = true (custom)
2019-06-15 13:40:21,779 INFO  server.RaftServerConfigKeys (ConfUtils.java:logGet(43)) - raft.server.snapshot.auto.trigger.enabled = true (custom)
2019-06-15 13:40:21,779 INFO  server.RaftServerConfigKeys (ConfUtils.java:logGet(43)) - raft.server.snapshot.auto.trigger.threshold = 10000 (custom)
2019-06-15 13:40:21,779 INFO  server.RaftServerConfigKeys (ConfUtils.java:logGet(43)) - raft.server.retrycache.expirytime = 600000ms (custom)
2019-06-15 13:40:21,779 INFO  impl.RaftServerImpl (RaftServerImpl.java:start(173)) - 684cf9fb-e479-489c-a91c-375b0f942c31: start group-ECF1A37C61D9
2019-06-15 13:40:21,779 INFO  impl.RaftServerImpl (RaftServerImpl.java:setRole(164)) - 684cf9fb-e479-489c-a91c-375b0f942c31:group-ECF1A37C61D9 changes role from null to FOLLOWER at term 0 for startAsFollower
2019-06-15 13:40:21,779 INFO  impl.RoleInfo (RoleInfo.java:updateAndGet(143)) - 684cf9fb-e479-489c-a91c-375b0f942c31: start FollowerState
2019-06-15 13:40:21,781 INFO  util.JmxRegister (JmxRegister.java:tryRegister(44)) - Successfully registered JMX Bean with object name Ratis:service=RaftServer,group=group-ECF1A37C61D9,id=684cf9fb-e479-489c-a91c-375b0f942c31
2019-06-15 13:40:21,796 INFO  pipeline.PipelineStateManager (PipelineStateManager.java:addPipeline(56)) - Created pipeline Pipeline[ Id: 90050af8-ce5f-4eed-bc7c-ecf1a37c61d9, Nodes: 684cf9fb-e479-489c-a91c-375b0f942c31{ip: 192.168.46.1, host: ozone-unit-076618677d3-jtqkr-187985704, networkLocation: /default-rack, certSerialId: null}, Type:RATIS, Factor:ONE, State:OPEN]
2019-06-15 13:40:21,810 INFO  impl.RaftServerProxy (RaftServerProxy.java:addNew(89)) - 6f940a4e-8f6f-4018-b39e-205441962300: addNew group-1EA9FB149224:[6f940a4e-8f6f-4018-b39e-205441962300:192.168.46.1:39677] returns group-1EA9FB149224:java.util.concurrent.CompletableFuture@35d40766[Not completed]
2019-06-15 13:40:21,814 INFO  impl.RaftServerImpl (RaftServerImpl.java:<init>(91)) - 6f940a4e-8f6f-4018-b39e-205441962300: new RaftServerImpl for group-1EA9FB149224:[6f940a4e-8f6f-4018-b39e-205441962300:192.168.46.1:39677] with ContainerStateMachine:uninitialized
2019-06-15 13:40:21,815 INFO  server.RaftServerConfigKeys (ConfUtils.java:logGet(43)) - raft.server.rpc.timeout.min = 1s (custom)
2019-06-15 13:40:21,815 INFO  server.RaftServerConfigKeys (ConfUtils.java:logGet(43)) - raft.server.rpc.timeout.max = 1200ms (custom)
2019-06-15 13:40:21,815 INFO  server.RaftServerConfigKeys (ConfUtils.java:logGet(43)) - raft.server.rpcslowness.timeout = 10s (custom)
2019-06-15 13:40:21,815 INFO  server.RaftServerConfigKeys (ConfUtils.java:logGet(43)) - raft.server.log.appender.install.snapshot.enabled = true (default)
2019-06-15 13:40:21,815 INFO  impl.RaftServerImpl (ServerState.java:<init>(101)) - 6f940a4e-8f6f-4018-b39e-205441962300:group-1EA9FB149224 ConfigurationManager, init=-1: [6f940a4e-8f6f-4018-b39e-205441962300:192.168.46.1:39677], old=null, confs=<EMPTY_MAP>
2019-06-15 13:40:21,815 INFO  server.RaftServerConfigKeys (ConfUtils.java:logGet(43)) - raft.server.storage.dir = [/opt/src/hadoop-ozone/integration-test/target/test-dir/MiniOzoneClusterImpl-91e88ffd-adb2-41f1-9e97-8306ea9a42d1/datanode-3/data/ratis] (custom)
2019-06-15 13:40:21,816 INFO  storage.RaftStorageDirectory (RaftStorageDirectory.java:analyzeStorage(246)) - The storage directory /opt/src/hadoop-ozone/integration-test/target/test-dir/MiniOzoneClusterImpl-91e88ffd-adb2-41f1-9e97-8306ea9a42d1/datanode-3/data/ratis/ac1d3947-a1fe-4d03-8478-1ea9fb149224 does not exist. Creating ...
2019-06-15 13:40:21,818 INFO  storage.RaftStorageDirectory (RaftStorageDirectory.java:tryLock(328)) - Lock on /opt/src/hadoop-ozone/integration-test/target/test-dir/MiniOzoneClusterImpl-91e88ffd-adb2-41f1-9e97-8306ea9a42d1/datanode-3/data/ratis/ac1d3947-a1fe-4d03-8478-1ea9fb149224/in_use.lock acquired by nodename 10167@ozone-unit-076618677d3-jtqkr-187985704
2019-06-15 13:40:21,820 INFO  storage.RaftStorage (RaftStorage.java:format(75)) - Storage directory /opt/src/hadoop-ozone/integration-test/target/test-dir/MiniOzoneClusterImpl-91e88ffd-adb2-41f1-9e97-8306ea9a42d1/datanode-3/data/ratis/ac1d3947-a1fe-4d03-8478-1ea9fb149224 has been successfully formatted.
2019-06-15 13:40:21,820 INFO  ratis.ContainerStateMachine (ContainerStateMachine.java:loadSnapshot(199)) - The snapshot info is null.Setting the last applied index to:(t:0, i:~)
2019-06-15 13:40:21,820 INFO  server.RaftServerConfigKeys (ConfUtils.java:logGet(43)) - raft.server.leader.election.timeout = 10s (custom)
2019-06-15 13:40:21,820 INFO  server.RaftServerConfigKeys (ConfUtils.java:logGet(43)) - raft.server.log.use.memory = false (default)
2019-06-15 13:40:21,820 INFO  server.RaftServerConfigKeys (ConfUtils.java:logGet(43)) - raft.server.log.appender.buffer.byte-limit = 33554432 (custom)
2019-06-15 13:40:21,820 INFO  server.RaftServerConfigKeys (ConfUtils.java:logGet(43)) - raft.server.log.segment.size.max = 16384 (custom)
2019-06-15 13:40:21,820 INFO  server.RaftServerConfigKeys (ConfUtils.java:logGet(43)) - raft.server.log.segment.cache.num.max = 2 (custom)
2019-06-15 13:40:21,821 INFO  storage.RaftLogWorker (RaftLogWorker.java:<init>(123)) - new 6f940a4e-8f6f-4018-b39e-205441962300-RaftLogWorker for Storage Directory /opt/src/hadoop-ozone/integration-test/target/test-dir/MiniOzoneClusterImpl-91e88ffd-adb2-41f1-9e97-8306ea9a42d1/datanode-3/data/ratis/ac1d3947-a1fe-4d03-8478-1ea9fb149224
2019-06-15 13:40:21,821 INFO  server.RaftServerConfigKeys (ConfUtils.java:logGet(43)) - raft.server.log.queue.byte-limit = 2147483647 (custom)
2019-06-15 13:40:21,821 INFO  server.RaftServerConfigKeys (ConfUtils.java:logGet(43)) - raft.server.log.queue.element-limit = 1024 (custom)
2019-06-15 13:40:21,821 INFO  server.RaftServerConfigKeys (ConfUtils.java:logGet(43)) - raft.server.log.segment.size.max = 16384 (custom)
2019-06-15 13:40:21,821 INFO  server.RaftServerConfigKeys (ConfUtils.java:logGet(43)) - raft.server.log.preallocated.size = 16384 (custom)
2019-06-15 13:40:21,821 INFO  server.RaftServerConfigKeys (ConfUtils.java:logGet(43)) - raft.server.log.write.buffer.size = 33554432 (custom)
2019-06-15 13:40:21,821 INFO  server.RaftServerConfigKeys (ConfUtils.java:logGet(43)) - raft.server.log.force.sync.num = 128 (default)
2019-06-15 13:40:21,821 INFO  server.RaftServerConfigKeys (ConfUtils.java:logGet(43)) - raft.server.log.statemachine.data.sync = true (default)
2019-06-15 13:40:21,821 INFO  server.RaftServerConfigKeys (ConfUtils.java:logGet(43)) - raft.server.log.statemachine.data.sync.timeout = 10s (default)
2019-06-15 13:40:21,821 INFO  server.RaftServerConfigKeys (ConfUtils.java:logGet(43)) - raft.server.log.statemachine.data.sync.timeout.retry = -1 (default)
2019-06-15 13:40:21,822 INFO  server.RaftServerConfigKeys (ConfUtils.java:logGet(43)) - raft.server.log.statemachine.data.caching.enabled = true (custom)
2019-06-15 13:40:21,822 INFO  server.RaftServerConfigKeys (ConfUtils.java:logGet(43)) - raft.server.snapshot.auto.trigger.enabled = true (custom)
2019-06-15 13:40:21,822 INFO  server.RaftServerConfigKeys (ConfUtils.java:logGet(43)) - raft.server.snapshot.auto.trigger.threshold = 10000 (custom)
2019-06-15 13:40:21,822 INFO  server.RaftServerConfigKeys (ConfUtils.java:logGet(43)) - raft.server.retrycache.expirytime = 600000ms (custom)
2019-06-15 13:40:21,822 INFO  impl.RaftServerImpl (RaftServerImpl.java:start(173)) - 6f940a4e-8f6f-4018-b39e-205441962300: start group-1EA9FB149224
2019-06-15 13:40:21,822 INFO  impl.RaftServerImpl (RaftServerImpl.java:setRole(164)) - 6f940a4e-8f6f-4018-b39e-205441962300:group-1EA9FB149224 changes role from null to FOLLOWER at term 0 for startAsFollower
2019-06-15 13:40:21,822 INFO  impl.RoleInfo (RoleInfo.java:updateAndGet(143)) - 6f940a4e-8f6f-4018-b39e-205441962300: start FollowerState
2019-06-15 13:40:21,823 INFO  util.JmxRegister (JmxRegister.java:tryRegister(44)) - Successfully registered JMX Bean with object name Ratis:service=RaftServer,group=group-1EA9FB149224,id=6f940a4e-8f6f-4018-b39e-205441962300
2019-06-15 13:40:21,830 INFO  pipeline.PipelineStateManager (PipelineStateManager.java:addPipeline(56)) - Created pipeline Pipeline[ Id: ac1d3947-a1fe-4d03-8478-1ea9fb149224, Nodes: 6f940a4e-8f6f-4018-b39e-205441962300{ip: 192.168.46.1, host: ozone-unit-076618677d3-jtqkr-187985704, networkLocation: /default-rack, certSerialId: null}, Type:RATIS, Factor:ONE, State:OPEN]
2019-06-15 13:40:21,844 INFO  impl.RaftServerProxy (RaftServerProxy.java:addNew(89)) - 435aec56-64bd-4989-b144-f50301337d21: addNew group-8DFC7DF8387E:[435aec56-64bd-4989-b144-f50301337d21:192.168.46.1:44079] returns group-8DFC7DF8387E:java.util.concurrent.CompletableFuture@6f20224f[Not completed]
2019-06-15 13:40:21,846 INFO  impl.RaftServerImpl (RaftServerImpl.java:<init>(91)) - 435aec56-64bd-4989-b144-f50301337d21: new RaftServerImpl for group-8DFC7DF8387E:[435aec56-64bd-4989-b144-f50301337d21:192.168.46.1:44079] with ContainerStateMachine:uninitialized
2019-06-15 13:40:21,847 INFO  server.RaftServerConfigKeys (ConfUtils.java:logGet(43)) - raft.server.rpc.timeout.min = 1s (custom)
2019-06-15 13:40:21,847 INFO  server.RaftServerConfigKeys (ConfUtils.java:logGet(43)) - raft.server.rpc.timeout.max = 1200ms (custom)
2019-06-15 13:40:21,847 INFO  server.RaftServerConfigKeys (ConfUtils.java:logGet(43)) - raft.server.rpcslowness.timeout = 10s (custom)
2019-06-15 13:40:21,847 INFO  server.RaftServerConfigKeys (ConfUtils.java:logGet(43)) - raft.server.log.appender.install.snapshot.enabled = true (default)
2019-06-15 13:40:21,847 INFO  impl.RaftServerImpl (ServerState.java:<init>(101)) - 435aec56-64bd-4989-b144-f50301337d21:group-8DFC7DF8387E ConfigurationManager, init=-1: [435aec56-64bd-4989-b144-f50301337d21:192.168.46.1:44079], old=null, confs=<EMPTY_MAP>
2019-06-15 13:40:21,847 INFO  server.RaftServerConfigKeys (ConfUtils.java:logGet(43)) - raft.server.storage.dir = [/opt/src/hadoop-ozone/integration-test/target/test-dir/MiniOzoneClusterImpl-91e88ffd-adb2-41f1-9e97-8306ea9a42d1/datanode-1/data/ratis] (custom)
2019-06-15 13:40:21,848 INFO  storage.RaftStorageDirectory (RaftStorageDirectory.java:analyzeStorage(246)) - The storage directory /opt/src/hadoop-ozone/integration-test/target/test-dir/MiniOzoneClusterImpl-91e88ffd-adb2-41f1-9e97-8306ea9a42d1/datanode-1/data/ratis/cb2e15c5-0add-4ab0-a779-8dfc7df8387e does not exist. Creating ...
2019-06-15 13:40:21,850 INFO  storage.RaftStorageDirectory (RaftStorageDirectory.java:tryLock(328)) - Lock on /opt/src/hadoop-ozone/integration-test/target/test-dir/MiniOzoneClusterImpl-91e88ffd-adb2-41f1-9e97-8306ea9a42d1/datanode-1/data/ratis/cb2e15c5-0add-4ab0-a779-8dfc7df8387e/in_use.lock acquired by nodename 10167@ozone-unit-076618677d3-jtqkr-187985704
2019-06-15 13:40:21,852 INFO  storage.RaftStorage (RaftStorage.java:format(75)) - Storage directory /opt/src/hadoop-ozone/integration-test/target/test-dir/MiniOzoneClusterImpl-91e88ffd-adb2-41f1-9e97-8306ea9a42d1/datanode-1/data/ratis/cb2e15c5-0add-4ab0-a779-8dfc7df8387e has been successfully formatted.
2019-06-15 13:40:21,852 INFO  ratis.ContainerStateMachine (ContainerStateMachine.java:loadSnapshot(199)) - The snapshot info is null.Setting the last applied index to:(t:0, i:~)
2019-06-15 13:40:21,852 INFO  server.RaftServerConfigKeys (ConfUtils.java:logGet(43)) - raft.server.leader.election.timeout = 10s (custom)
2019-06-15 13:40:21,852 INFO  server.RaftServerConfigKeys (ConfUtils.java:logGet(43)) - raft.server.log.use.memory = false (default)
2019-06-15 13:40:21,852 INFO  server.RaftServerConfigKeys (ConfUtils.java:logGet(43)) - raft.server.log.appender.buffer.byte-limit = 33554432 (custom)
2019-06-15 13:40:21,852 INFO  server.RaftServerConfigKeys (ConfUtils.java:logGet(43)) - raft.server.log.segment.size.max = 16384 (custom)
2019-06-15 13:40:21,852 INFO  server.RaftServerConfigKeys (ConfUtils.java:logGet(43)) - raft.server.log.segment.cache.num.max = 2 (custom)
2019-06-15 13:40:21,852 INFO  storage.RaftLogWorker (RaftLogWorker.java:<init>(123)) - new 435aec56-64bd-4989-b144-f50301337d21-RaftLogWorker for Storage Directory /opt/src/hadoop-ozone/integration-test/target/test-dir/MiniOzoneClusterImpl-91e88ffd-adb2-41f1-9e97-8306ea9a42d1/datanode-1/data/ratis/cb2e15c5-0add-4ab0-a779-8dfc7df8387e
2019-06-15 13:40:21,852 INFO  server.RaftServerConfigKeys (ConfUtils.java:logGet(43)) - raft.server.log.queue.byte-limit = 2147483647 (custom)
2019-06-15 13:40:21,853 INFO  server.RaftServerConfigKeys (ConfUtils.java:logGet(43)) - raft.server.log.queue.element-limit = 1024 (custom)
2019-06-15 13:40:21,853 INFO  server.RaftServerConfigKeys (ConfUtils.java:logGet(43)) - raft.server.log.segment.size.max = 16384 (custom)
2019-06-15 13:40:21,853 INFO  server.RaftServerConfigKeys (ConfUtils.java:logGet(43)) - raft.server.log.preallocated.size = 16384 (custom)
2019-06-15 13:40:21,853 INFO  server.RaftServerConfigKeys (ConfUtils.java:logGet(43)) - raft.server.log.write.buffer.size = 33554432 (custom)
2019-06-15 13:40:21,853 INFO  server.RaftServerConfigKeys (ConfUtils.java:logGet(43)) - raft.server.log.force.sync.num = 128 (default)
2019-06-15 13:40:21,853 INFO  server.RaftServerConfigKeys (ConfUtils.java:logGet(43)) - raft.server.log.statemachine.data.sync = true (default)
2019-06-15 13:40:21,853 INFO  server.RaftServerConfigKeys (ConfUtils.java:logGet(43)) - raft.server.log.statemachine.data.sync.timeout = 10s (default)
2019-06-15 13:40:21,853 INFO  server.RaftServerConfigKeys (ConfUtils.java:logGet(43)) - raft.server.log.statemachine.data.sync.timeout.retry = -1 (default)
2019-06-15 13:40:21,853 INFO  server.RaftServerConfigKeys (ConfUtils.java:logGet(43)) - raft.server.log.statemachine.data.caching.enabled = true (custom)
2019-06-15 13:40:21,854 INFO  server.RaftServerConfigKeys (ConfUtils.java:logGet(43)) - raft.server.snapshot.auto.trigger.enabled = true (custom)
2019-06-15 13:40:21,854 INFO  server.RaftServerConfigKeys (ConfUtils.java:logGet(43)) - raft.server.snapshot.auto.trigger.threshold = 10000 (custom)
2019-06-15 13:40:21,854 INFO  server.RaftServerConfigKeys (ConfUtils.java:logGet(43)) - raft.server.retrycache.expirytime = 600000ms (custom)
2019-06-15 13:40:21,854 INFO  impl.RaftServerImpl (RaftServerImpl.java:start(173)) - 435aec56-64bd-4989-b144-f50301337d21: start group-8DFC7DF8387E
2019-06-15 13:40:21,854 INFO  impl.RaftServerImpl (RaftServerImpl.java:setRole(164)) - 435aec56-64bd-4989-b144-f50301337d21:group-8DFC7DF8387E changes role from null to FOLLOWER at term 0 for startAsFollower
2019-06-15 13:40:21,854 INFO  impl.RoleInfo (RoleInfo.java:updateAndGet(143)) - 435aec56-64bd-4989-b144-f50301337d21: start FollowerState
2019-06-15 13:40:21,854 INFO  util.JmxRegister (JmxRegister.java:tryRegister(44)) - Successfully registered JMX Bean with object name Ratis:service=RaftServer,group=group-8DFC7DF8387E,id=435aec56-64bd-4989-b144-f50301337d21
2019-06-15 13:40:21,864 INFO  pipeline.PipelineStateManager (PipelineStateManager.java:addPipeline(56)) - Created pipeline Pipeline[ Id: cb2e15c5-0add-4ab0-a779-8dfc7df8387e, Nodes: 435aec56-64bd-4989-b144-f50301337d21{ip: 192.168.46.1, host: ozone-unit-076618677d3-jtqkr-187985704, networkLocation: /default-rack, certSerialId: null}, Type:RATIS, Factor:ONE, State:OPEN]
2019-06-15 13:40:21,896 INFO  impl.RaftServerProxy (RaftServerProxy.java:addNew(89)) - 466351a5-52b3-46a1-a98e-79b6af3414db: addNew group-939D8D9AD9B0:[466351a5-52b3-46a1-a98e-79b6af3414db:192.168.46.1:40627, 6f940a4e-8f6f-4018-b39e-205441962300:192.168.46.1:39677, 684cf9fb-e479-489c-a91c-375b0f942c31:192.168.46.1:43949] returns group-939D8D9AD9B0:java.util.concurrent.CompletableFuture@6e6a848a[Not completed]
2019-06-15 13:40:21,897 INFO  impl.RaftServerImpl (RaftServerImpl.java:<init>(91)) - 466351a5-52b3-46a1-a98e-79b6af3414db: new RaftServerImpl for group-939D8D9AD9B0:[466351a5-52b3-46a1-a98e-79b6af3414db:192.168.46.1:40627, 6f940a4e-8f6f-4018-b39e-205441962300:192.168.46.1:39677, 684cf9fb-e479-489c-a91c-375b0f942c31:192.168.46.1:43949] with ContainerStateMachine:uninitialized
2019-06-15 13:40:21,897 INFO  server.RaftServerConfigKeys (ConfUtils.java:logGet(43)) - raft.server.rpc.timeout.min = 1s (custom)
2019-06-15 13:40:21,897 INFO  server.RaftServerConfigKeys (ConfUtils.java:logGet(43)) - raft.server.rpc.timeout.max = 1200ms (custom)
2019-06-15 13:40:21,897 INFO  server.RaftServerConfigKeys (ConfUtils.java:logGet(43)) - raft.server.rpcslowness.timeout = 10s (custom)
2019-06-15 13:40:21,897 INFO  server.RaftServerConfigKeys (ConfUtils.java:logGet(43)) - raft.server.log.appender.install.snapshot.enabled = true (default)
2019-06-15 13:40:21,897 INFO  impl.RaftServerImpl (ServerState.java:<init>(101)) - 466351a5-52b3-46a1-a98e-79b6af3414db:group-939D8D9AD9B0 ConfigurationManager, init=-1: [466351a5-52b3-46a1-a98e-79b6af3414db:192.168.46.1:40627, 6f940a4e-8f6f-4018-b39e-205441962300:192.168.46.1:39677, 684cf9fb-e479-489c-a91c-375b0f942c31:192.168.46.1:43949], old=null, confs=<EMPTY_MAP>
2019-06-15 13:40:21,897 INFO  server.RaftServerConfigKeys (ConfUtils.java:logGet(43)) - raft.server.storage.dir = [/opt/src/hadoop-ozone/integration-test/target/test-dir/MiniOzoneClusterImpl-91e88ffd-adb2-41f1-9e97-8306ea9a42d1/datanode-0/data/ratis] (custom)
2019-06-15 13:40:21,898 INFO  storage.RaftStorageDirectory (RaftStorageDirectory.java:analyzeStorage(246)) - The storage directory /opt/src/hadoop-ozone/integration-test/target/test-dir/MiniOzoneClusterImpl-91e88ffd-adb2-41f1-9e97-8306ea9a42d1/datanode-0/data/ratis/5bbd9d75-633b-4e1a-be43-939d8d9ad9b0 does not exist. Creating ...
2019-06-15 13:40:21,900 INFO  storage.RaftStorageDirectory (RaftStorageDirectory.java:tryLock(328)) - Lock on /opt/src/hadoop-ozone/integration-test/target/test-dir/MiniOzoneClusterImpl-91e88ffd-adb2-41f1-9e97-8306ea9a42d1/datanode-0/data/ratis/5bbd9d75-633b-4e1a-be43-939d8d9ad9b0/in_use.lock acquired by nodename 10167@ozone-unit-076618677d3-jtqkr-187985704
2019-06-15 13:40:21,903 INFO  storage.RaftStorage (RaftStorage.java:format(75)) - Storage directory /opt/src/hadoop-ozone/integration-test/target/test-dir/MiniOzoneClusterImpl-91e88ffd-adb2-41f1-9e97-8306ea9a42d1/datanode-0/data/ratis/5bbd9d75-633b-4e1a-be43-939d8d9ad9b0 has been successfully formatted.
2019-06-15 13:40:21,903 INFO  ratis.ContainerStateMachine (ContainerStateMachine.java:loadSnapshot(199)) - The snapshot info is null.Setting the last applied index to:(t:0, i:~)
2019-06-15 13:40:21,903 INFO  server.RaftServerConfigKeys (ConfUtils.java:logGet(43)) - raft.server.leader.election.timeout = 10s (custom)
2019-06-15 13:40:21,903 INFO  server.RaftServerConfigKeys (ConfUtils.java:logGet(43)) - raft.server.log.use.memory = false (default)
2019-06-15 13:40:21,904 INFO  server.RaftServerConfigKeys (ConfUtils.java:logGet(43)) - raft.server.log.appender.buffer.byte-limit = 33554432 (custom)
2019-06-15 13:40:21,904 INFO  server.RaftServerConfigKeys (ConfUtils.java:logGet(43)) - raft.server.log.segment.size.max = 16384 (custom)
2019-06-15 13:40:21,904 INFO  server.RaftServerConfigKeys (ConfUtils.java:logGet(43)) - raft.server.log.segment.cache.num.max = 2 (custom)
2019-06-15 13:40:21,905 INFO  storage.RaftLogWorker (RaftLogWorker.java:<init>(123)) - new 466351a5-52b3-46a1-a98e-79b6af3414db-RaftLogWorker for Storage Directory /opt/src/hadoop-ozone/integration-test/target/test-dir/MiniOzoneClusterImpl-91e88ffd-adb2-41f1-9e97-8306ea9a42d1/datanode-0/data/ratis/5bbd9d75-633b-4e1a-be43-939d8d9ad9b0
2019-06-15 13:40:21,905 INFO  server.RaftServerConfigKeys (ConfUtils.java:logGet(43)) - raft.server.log.queue.byte-limit = 2147483647 (custom)
2019-06-15 13:40:21,905 INFO  server.RaftServerConfigKeys (ConfUtils.java:logGet(43)) - raft.server.log.queue.element-limit = 1024 (custom)
2019-06-15 13:40:21,905 INFO  server.RaftServerConfigKeys (ConfUtils.java:logGet(43)) - raft.server.log.segment.size.max = 16384 (custom)
2019-06-15 13:40:21,905 INFO  server.RaftServerConfigKeys (ConfUtils.java:logGet(43)) - raft.server.log.preallocated.size = 16384 (custom)
2019-06-15 13:40:21,905 INFO  server.RaftServerConfigKeys (ConfUtils.java:logGet(43)) - raft.server.log.write.buffer.size = 33554432 (custom)
2019-06-15 13:40:21,906 INFO  server.RaftServerConfigKeys (ConfUtils.java:logGet(43)) - raft.server.log.force.sync.num = 128 (default)
2019-06-15 13:40:21,906 INFO  server.RaftServerConfigKeys (ConfUtils.java:logGet(43)) - raft.server.log.statemachine.data.sync = true (default)
2019-06-15 13:40:21,906 INFO  server.RaftServerConfigKeys (ConfUtils.java:logGet(43)) - raft.server.log.statemachine.data.sync.timeout = 10s (default)
2019-06-15 13:40:21,906 INFO  server.RaftServerConfigKeys (ConfUtils.java:logGet(43)) - raft.server.log.statemachine.data.sync.timeout.retry = -1 (default)
2019-06-15 13:40:21,906 INFO  server.RaftServerConfigKeys (ConfUtils.java:logGet(43)) - raft.server.log.statemachine.data.caching.enabled = true (custom)
2019-06-15 13:40:21,906 INFO  server.RaftServerConfigKeys (ConfUtils.java:logGet(43)) - raft.server.snapshot.auto.trigger.enabled = true (custom)
2019-06-15 13:40:21,908 INFO  impl.RaftServerImpl (RaftServerImpl.java:<init>(91)) - 6f940a4e-8f6f-4018-b39e-205441962300: new RaftServerImpl for group-939D8D9AD9B0:[466351a5-52b3-46a1-a98e-79b6af3414db:192.168.46.1:40627, 6f940a4e-8f6f-4018-b39e-205441962300:192.168.46.1:39677, 684cf9fb-e479-489c-a91c-375b0f942c31:192.168.46.1:43949] with ContainerStateMachine:uninitialized
2019-06-15 13:40:21,909 INFO  server.RaftServerConfigKeys (ConfUtils.java:logGet(43)) - raft.server.rpc.timeout.min = 1s (custom)
2019-06-15 13:40:21,908 INFO  impl.RaftServerProxy (RaftServerProxy.java:addNew(89)) - 684cf9fb-e479-489c-a91c-375b0f942c31: addNew group-939D8D9AD9B0:[466351a5-52b3-46a1-a98e-79b6af3414db:192.168.46.1:40627, 6f940a4e-8f6f-4018-b39e-205441962300:192.168.46.1:39677, 684cf9fb-e479-489c-a91c-375b0f942c31:192.168.46.1:43949] returns group-939D8D9AD9B0:java.util.concurrent.CompletableFuture@5876d08b[Not completed]
2019-06-15 13:40:21,908 INFO  impl.RaftServerProxy (RaftServerProxy.java:addNew(89)) - 6f940a4e-8f6f-4018-b39e-205441962300: addNew group-939D8D9AD9B0:[466351a5-52b3-46a1-a98e-79b6af3414db:192.168.46.1:40627, 6f940a4e-8f6f-4018-b39e-205441962300:192.168.46.1:39677, 684cf9fb-e479-489c-a91c-375b0f942c31:192.168.46.1:43949] returns group-939D8D9AD9B0:java.util.concurrent.CompletableFuture@23c3b33f[Not completed]
2019-06-15 13:40:21,909 INFO  server.RaftServerConfigKeys (ConfUtils.java:logGet(43)) - raft.server.snapshot.auto.trigger.threshold = 10000 (custom)
2019-06-15 13:40:21,909 INFO  server.RaftServerConfigKeys (ConfUtils.java:logGet(43)) - raft.server.rpc.timeout.max = 1200ms (custom)
2019-06-15 13:40:21,909 INFO  server.RaftServerConfigKeys (ConfUtils.java:logGet(43)) - raft.server.rpcslowness.timeout = 10s (custom)
2019-06-15 13:40:21,909 INFO  server.RaftServerConfigKeys (ConfUtils.java:logGet(43)) - raft.server.log.appender.install.snapshot.enabled = true (default)
2019-06-15 13:40:21,910 INFO  impl.RaftServerImpl (ServerState.java:<init>(101)) - 6f940a4e-8f6f-4018-b39e-205441962300:group-939D8D9AD9B0 ConfigurationManager, init=-1: [466351a5-52b3-46a1-a98e-79b6af3414db:192.168.46.1:40627, 6f940a4e-8f6f-4018-b39e-205441962300:192.168.46.1:39677, 684cf9fb-e479-489c-a91c-375b0f942c31:192.168.46.1:43949], old=null, confs=<EMPTY_MAP>
2019-06-15 13:40:21,910 INFO  server.RaftServerConfigKeys (ConfUtils.java:logGet(43)) - raft.server.storage.dir = [/opt/src/hadoop-ozone/integration-test/target/test-dir/MiniOzoneClusterImpl-91e88ffd-adb2-41f1-9e97-8306ea9a42d1/datanode-3/data/ratis] (custom)
2019-06-15 13:40:21,910 INFO  storage.RaftStorageDirectory (RaftStorageDirectory.java:analyzeStorage(246)) - The storage directory /opt/src/hadoop-ozone/integration-test/target/test-dir/MiniOzoneClusterImpl-91e88ffd-adb2-41f1-9e97-8306ea9a42d1/datanode-3/data/ratis/5bbd9d75-633b-4e1a-be43-939d8d9ad9b0 does not exist. Creating ...
2019-06-15 13:40:21,909 INFO  impl.RaftServerImpl (RaftServerImpl.java:<init>(91)) - 684cf9fb-e479-489c-a91c-375b0f942c31: new RaftServerImpl for group-939D8D9AD9B0:[466351a5-52b3-46a1-a98e-79b6af3414db:192.168.46.1:40627, 6f940a4e-8f6f-4018-b39e-205441962300:192.168.46.1:39677, 684cf9fb-e479-489c-a91c-375b0f942c31:192.168.46.1:43949] with ContainerStateMachine:uninitialized
2019-06-15 13:40:21,910 INFO  server.RaftServerConfigKeys (ConfUtils.java:logGet(43)) - raft.server.rpc.timeout.min = 1s (custom)
2019-06-15 13:40:21,910 INFO  server.RaftServerConfigKeys (ConfUtils.java:logGet(43)) - raft.server.rpc.timeout.max = 1200ms (custom)
2019-06-15 13:40:21,910 INFO  server.RaftServerConfigKeys (ConfUtils.java:logGet(43)) - raft.server.rpcslowness.timeout = 10s (custom)
2019-06-15 13:40:21,910 INFO  server.RaftServerConfigKeys (ConfUtils.java:logGet(43)) - raft.server.log.appender.install.snapshot.enabled = true (default)
2019-06-15 13:40:21,911 INFO  impl.RaftServerImpl (ServerState.java:<init>(101)) - 684cf9fb-e479-489c-a91c-375b0f942c31:group-939D8D9AD9B0 ConfigurationManager, init=-1: [466351a5-52b3-46a1-a98e-79b6af3414db:192.168.46.1:40627, 6f940a4e-8f6f-4018-b39e-205441962300:192.168.46.1:39677, 684cf9fb-e479-489c-a91c-375b0f942c31:192.168.46.1:43949], old=null, confs=<EMPTY_MAP>
2019-06-15 13:40:21,911 INFO  server.RaftServerConfigKeys (ConfUtils.java:logGet(43)) - raft.server.storage.dir = [/opt/src/hadoop-ozone/integration-test/target/test-dir/MiniOzoneClusterImpl-91e88ffd-adb2-41f1-9e97-8306ea9a42d1/datanode-2/data/ratis] (custom)
2019-06-15 13:40:21,911 INFO  storage.RaftStorageDirectory (RaftStorageDirectory.java:analyzeStorage(246)) - The storage directory /opt/src/hadoop-ozone/integration-test/target/test-dir/MiniOzoneClusterImpl-91e88ffd-adb2-41f1-9e97-8306ea9a42d1/datanode-2/data/ratis/5bbd9d75-633b-4e1a-be43-939d8d9ad9b0 does not exist. Creating ...
2019-06-15 13:40:21,911 INFO  server.RaftServerConfigKeys (ConfUtils.java:logGet(43)) - raft.server.retrycache.expirytime = 600000ms (custom)
2019-06-15 13:40:21,911 INFO  impl.RaftServerImpl (RaftServerImpl.java:start(173)) - 466351a5-52b3-46a1-a98e-79b6af3414db: start group-939D8D9AD9B0
2019-06-15 13:40:21,911 INFO  impl.RaftServerImpl (RaftServerImpl.java:setRole(164)) - 466351a5-52b3-46a1-a98e-79b6af3414db:group-939D8D9AD9B0 changes role from null to FOLLOWER at term 0 for startAsFollower
2019-06-15 13:40:21,911 INFO  impl.RoleInfo (RoleInfo.java:updateAndGet(143)) - 466351a5-52b3-46a1-a98e-79b6af3414db: start FollowerState
2019-06-15 13:40:21,912 INFO  util.JmxRegister (JmxRegister.java:tryRegister(44)) - Successfully registered JMX Bean with object name Ratis:service=RaftServer,group=group-939D8D9AD9B0,id=466351a5-52b3-46a1-a98e-79b6af3414db
2019-06-15 13:40:21,912 INFO  storage.RaftStorageDirectory (RaftStorageDirectory.java:tryLock(328)) - Lock on /opt/src/hadoop-ozone/integration-test/target/test-dir/MiniOzoneClusterImpl-91e88ffd-adb2-41f1-9e97-8306ea9a42d1/datanode-2/data/ratis/5bbd9d75-633b-4e1a-be43-939d8d9ad9b0/in_use.lock acquired by nodename 10167@ozone-unit-076618677d3-jtqkr-187985704
2019-06-15 13:40:21,912 INFO  storage.RaftStorageDirectory (RaftStorageDirectory.java:tryLock(328)) - Lock on /opt/src/hadoop-ozone/integration-test/target/test-dir/MiniOzoneClusterImpl-91e88ffd-adb2-41f1-9e97-8306ea9a42d1/datanode-3/data/ratis/5bbd9d75-633b-4e1a-be43-939d8d9ad9b0/in_use.lock acquired by nodename 10167@ozone-unit-076618677d3-jtqkr-187985704
2019-06-15 13:40:21,915 INFO  storage.RaftStorage (RaftStorage.java:format(75)) - Storage directory /opt/src/hadoop-ozone/integration-test/target/test-dir/MiniOzoneClusterImpl-91e88ffd-adb2-41f1-9e97-8306ea9a42d1/datanode-2/data/ratis/5bbd9d75-633b-4e1a-be43-939d8d9ad9b0 has been successfully formatted.
2019-06-15 13:40:21,915 INFO  storage.RaftStorage (RaftStorage.java:format(75)) - Storage directory /opt/src/hadoop-ozone/integration-test/target/test-dir/MiniOzoneClusterImpl-91e88ffd-adb2-41f1-9e97-8306ea9a42d1/datanode-3/data/ratis/5bbd9d75-633b-4e1a-be43-939d8d9ad9b0 has been successfully formatted.
2019-06-15 13:40:21,915 INFO  ratis.ContainerStateMachine (ContainerStateMachine.java:loadSnapshot(199)) - The snapshot info is null.Setting the last applied index to:(t:0, i:~)
2019-06-15 13:40:21,916 INFO  server.RaftServerConfigKeys (ConfUtils.java:logGet(43)) - raft.server.leader.election.timeout = 10s (custom)
2019-06-15 13:40:21,916 INFO  server.RaftServerConfigKeys (ConfUtils.java:logGet(43)) - raft.server.log.use.memory = false (default)
2019-06-15 13:40:21,916 INFO  server.RaftServerConfigKeys (ConfUtils.java:logGet(43)) - raft.server.log.appender.buffer.byte-limit = 33554432 (custom)
2019-06-15 13:40:21,916 INFO  server.RaftServerConfigKeys (ConfUtils.java:logGet(43)) - raft.server.log.segment.size.max = 16384 (custom)
2019-06-15 13:40:21,916 INFO  server.RaftServerConfigKeys (ConfUtils.java:logGet(43)) - raft.server.log.segment.cache.num.max = 2 (custom)
2019-06-15 13:40:21,916 INFO  storage.RaftLogWorker (RaftLogWorker.java:<init>(123)) - new 6f940a4e-8f6f-4018-b39e-205441962300-RaftLogWorker for Storage Directory /opt/src/hadoop-ozone/integration-test/target/test-dir/MiniOzoneClusterImpl-91e88ffd-adb2-41f1-9e97-8306ea9a42d1/datanode-3/data/ratis/5bbd9d75-633b-4e1a-be43-939d8d9ad9b0
2019-06-15 13:40:21,916 INFO  server.RaftServerConfigKeys (ConfUtils.java:logGet(43)) - raft.server.log.queue.byte-limit = 2147483647 (custom)
2019-06-15 13:40:21,916 INFO  server.RaftServerConfigKeys (ConfUtils.java:logGet(43)) - raft.server.log.queue.element-limit = 1024 (custom)
2019-06-15 13:40:21,916 INFO  server.RaftServerConfigKeys (ConfUtils.java:logGet(43)) - raft.server.log.segment.size.max = 16384 (custom)
2019-06-15 13:40:21,916 INFO  server.RaftServerConfigKeys (ConfUtils.java:logGet(43)) - raft.server.log.preallocated.size = 16384 (custom)
2019-06-15 13:40:21,917 INFO  server.RaftServerConfigKeys (ConfUtils.java:logGet(43)) - raft.server.log.write.buffer.size = 33554432 (custom)
2019-06-15 13:40:21,917 INFO  server.RaftServerConfigKeys (ConfUtils.java:logGet(43)) - raft.server.log.force.sync.num = 128 (default)
2019-06-15 13:40:21,917 INFO  server.RaftServerConfigKeys (ConfUtils.java:logGet(43)) - raft.server.log.statemachine.data.sync = true (default)
2019-06-15 13:40:21,917 INFO  server.RaftServerConfigKeys (ConfUtils.java:logGet(43)) - raft.server.log.statemachine.data.sync.timeout = 10s (default)
2019-06-15 13:40:21,917 INFO  server.RaftServerConfigKeys (ConfUtils.java:logGet(43)) - raft.server.log.statemachine.data.sync.timeout.retry = -1 (default)
2019-06-15 13:40:21,917 INFO  server.RaftServerConfigKeys (ConfUtils.java:logGet(43)) - raft.server.log.statemachine.data.caching.enabled = true (custom)
2019-06-15 13:40:21,918 INFO  server.RaftServerConfigKeys (ConfUtils.java:logGet(43)) - raft.server.snapshot.auto.trigger.enabled = true (custom)
2019-06-15 13:40:21,915 INFO  ratis.ContainerStateMachine (ContainerStateMachine.java:loadSnapshot(199)) - The snapshot info is null.Setting the last applied index to:(t:0, i:~)
2019-06-15 13:40:21,919 INFO  server.RaftServerConfigKeys (ConfUtils.java:logGet(43)) - raft.server.snapshot.auto.trigger.threshold = 10000 (custom)
2019-06-15 13:40:21,919 INFO  server.RaftServerConfigKeys (ConfUtils.java:logGet(43)) - raft.server.retrycache.expirytime = 600000ms (custom)
2019-06-15 13:40:21,919 INFO  impl.RaftServerImpl (RaftServerImpl.java:start(173)) - 6f940a4e-8f6f-4018-b39e-205441962300: start group-939D8D9AD9B0
2019-06-15 13:40:21,920 INFO  impl.RaftServerImpl (RaftServerImpl.java:setRole(164)) - 6f940a4e-8f6f-4018-b39e-205441962300:group-939D8D9AD9B0 changes role from null to FOLLOWER at term 0 for startAsFollower
2019-06-15 13:40:21,921 INFO  impl.RoleInfo (RoleInfo.java:updateAndGet(143)) - 6f940a4e-8f6f-4018-b39e-205441962300: start FollowerState
2019-06-15 13:40:21,919 INFO  server.RaftServerConfigKeys (ConfUtils.java:logGet(43)) - raft.server.leader.election.timeout = 10s (custom)
2019-06-15 13:40:21,921 INFO  server.RaftServerConfigKeys (ConfUtils.java:logGet(43)) - raft.server.log.use.memory = false (default)
2019-06-15 13:40:21,921 INFO  util.JmxRegister (JmxRegister.java:tryRegister(44)) - Successfully registered JMX Bean with object name Ratis:service=RaftServer,group=group-939D8D9AD9B0,id=6f940a4e-8f6f-4018-b39e-205441962300
2019-06-15 13:40:21,921 INFO  server.RaftServerConfigKeys (ConfUtils.java:logGet(43)) - raft.server.log.appender.buffer.byte-limit = 33554432 (custom)
2019-06-15 13:40:21,921 INFO  server.RaftServerConfigKeys (ConfUtils.java:logGet(43)) - raft.server.log.segment.size.max = 16384 (custom)
2019-06-15 13:40:21,921 INFO  server.RaftServerConfigKeys (ConfUtils.java:logGet(43)) - raft.server.log.segment.cache.num.max = 2 (custom)
2019-06-15 13:40:21,921 INFO  storage.RaftLogWorker (RaftLogWorker.java:<init>(123)) - new 684cf9fb-e479-489c-a91c-375b0f942c31-RaftLogWorker for Storage Directory /opt/src/hadoop-ozone/integration-test/target/test-dir/MiniOzoneClusterImpl-91e88ffd-adb2-41f1-9e97-8306ea9a42d1/datanode-2/data/ratis/5bbd9d75-633b-4e1a-be43-939d8d9ad9b0
2019-06-15 13:40:21,922 INFO  server.RaftServerConfigKeys (ConfUtils.java:logGet(43)) - raft.server.log.queue.byte-limit = 2147483647 (custom)
2019-06-15 13:40:21,922 INFO  server.RaftServerConfigKeys (ConfUtils.java:logGet(43)) - raft.server.log.queue.element-limit = 1024 (custom)
2019-06-15 13:40:21,922 INFO  server.RaftServerConfigKeys (ConfUtils.java:logGet(43)) - raft.server.log.segment.size.max = 16384 (custom)
2019-06-15 13:40:21,922 INFO  server.RaftServerConfigKeys (ConfUtils.java:logGet(43)) - raft.server.log.preallocated.size = 16384 (custom)
2019-06-15 13:40:21,922 INFO  server.RaftServerConfigKeys (ConfUtils.java:logGet(43)) - raft.server.log.write.buffer.size = 33554432 (custom)
2019-06-15 13:40:21,922 INFO  server.RaftServerConfigKeys (ConfUtils.java:logGet(43)) - raft.server.log.force.sync.num = 128 (default)
2019-06-15 13:40:21,922 INFO  server.RaftServerConfigKeys (ConfUtils.java:logGet(43)) - raft.server.log.statemachine.data.sync = true (default)
2019-06-15 13:40:21,922 INFO  server.RaftServerConfigKeys (ConfUtils.java:logGet(43)) - raft.server.log.statemachine.data.sync.timeout = 10s (default)
2019-06-15 13:40:21,922 INFO  server.RaftServerConfigKeys (ConfUtils.java:logGet(43)) - raft.server.log.statemachine.data.sync.timeout.retry = -1 (default)
2019-06-15 13:40:21,922 INFO  server.RaftServerConfigKeys (ConfUtils.java:logGet(43)) - raft.server.log.statemachine.data.caching.enabled = true (custom)
2019-06-15 13:40:21,923 INFO  server.RaftServerConfigKeys (ConfUtils.java:logGet(43)) - raft.server.snapshot.auto.trigger.enabled = true (custom)
2019-06-15 13:40:21,923 INFO  server.RaftServerConfigKeys (ConfUtils.java:logGet(43)) - raft.server.snapshot.auto.trigger.threshold = 10000 (custom)
2019-06-15 13:40:21,935 INFO  server.RaftServerConfigKeys (ConfUtils.java:logGet(43)) - raft.server.retrycache.expirytime = 600000ms (custom)
2019-06-15 13:40:21,935 INFO  impl.RaftServerImpl (RaftServerImpl.java:start(173)) - 684cf9fb-e479-489c-a91c-375b0f942c31: start group-939D8D9AD9B0
2019-06-15 13:40:21,937 INFO  impl.RaftServerImpl (RaftServerImpl.java:setRole(164)) - 684cf9fb-e479-489c-a91c-375b0f942c31:group-939D8D9AD9B0 changes role from null to FOLLOWER at term 0 for startAsFollower
2019-06-15 13:40:21,937 INFO  impl.RoleInfo (RoleInfo.java:updateAndGet(143)) - 684cf9fb-e479-489c-a91c-375b0f942c31: start FollowerState
2019-06-15 13:40:21,938 INFO  util.JmxRegister (JmxRegister.java:tryRegister(44)) - Successfully registered JMX Bean with object name Ratis:service=RaftServer,group=group-939D8D9AD9B0,id=684cf9fb-e479-489c-a91c-375b0f942c31
2019-06-15 13:40:21,964 INFO  pipeline.PipelineStateManager (PipelineStateManager.java:addPipeline(56)) - Created pipeline Pipeline[ Id: 5bbd9d75-633b-4e1a-be43-939d8d9ad9b0, Nodes: 684cf9fb-e479-489c-a91c-375b0f942c31{ip: 192.168.46.1, host: ozone-unit-076618677d3-jtqkr-187985704, networkLocation: /default-rack, certSerialId: null}6f940a4e-8f6f-4018-b39e-205441962300{ip: 192.168.46.1, host: ozone-unit-076618677d3-jtqkr-187985704, networkLocation: /default-rack, certSerialId: null}466351a5-52b3-46a1-a98e-79b6af3414db{ip: 192.168.46.1, host: ozone-unit-076618677d3-jtqkr-187985704, networkLocation: /default-rack, certSerialId: null}, Type:RATIS, Factor:THREE, State:OPEN]
2019-06-15 13:40:21,992 INFO  node.SCMNodeManager (SCMNodeManager.java:register(269)) - Registered Data node : 0d4f6ada-158c-4ffd-bc7a-733a4920de18{ip: 192.168.46.1, host: ozone-unit-076618677d3-jtqkr-187985704, networkLocation: /default-rack, certSerialId: null}
2019-06-15 13:40:22,007 INFO  impl.RaftServerProxy (RaftServerProxy.java:addNew(89)) - 0d4f6ada-158c-4ffd-bc7a-733a4920de18: addNew group-BA1B3D2A49CE:[0d4f6ada-158c-4ffd-bc7a-733a4920de18:192.168.46.1:36413] returns group-BA1B3D2A49CE:java.util.concurrent.CompletableFuture@6db25694[Not completed]
2019-06-15 13:40:22,011 INFO  impl.RaftServerImpl (RaftServerImpl.java:<init>(91)) - 0d4f6ada-158c-4ffd-bc7a-733a4920de18: new RaftServerImpl for group-BA1B3D2A49CE:[0d4f6ada-158c-4ffd-bc7a-733a4920de18:192.168.46.1:36413] with ContainerStateMachine:uninitialized
2019-06-15 13:40:22,012 INFO  server.RaftServerConfigKeys (ConfUtils.java:logGet(43)) - raft.server.rpc.timeout.min = 1s (custom)
2019-06-15 13:40:22,012 INFO  server.RaftServerConfigKeys (ConfUtils.java:logGet(43)) - raft.server.rpc.timeout.max = 1200ms (custom)
2019-06-15 13:40:22,012 INFO  server.RaftServerConfigKeys (ConfUtils.java:logGet(43)) - raft.server.rpcslowness.timeout = 10s (custom)
2019-06-15 13:40:22,012 INFO  server.RaftServerConfigKeys (ConfUtils.java:logGet(43)) - raft.server.log.appender.install.snapshot.enabled = true (default)
2019-06-15 13:40:22,013 INFO  impl.RaftServerImpl (ServerState.java:<init>(101)) - 0d4f6ada-158c-4ffd-bc7a-733a4920de18:group-BA1B3D2A49CE ConfigurationManager, init=-1: [0d4f6ada-158c-4ffd-bc7a-733a4920de18:192.168.46.1:36413], old=null, confs=<EMPTY_MAP>
2019-06-15 13:40:22,013 INFO  server.RaftServerConfigKeys (ConfUtils.java:logGet(43)) - raft.server.storage.dir = [/opt/src/hadoop-ozone/integration-test/target/test-dir/MiniOzoneClusterImpl-91e88ffd-adb2-41f1-9e97-8306ea9a42d1/datanode-4/data/ratis] (custom)
2019-06-15 13:40:22,013 INFO  storage.RaftStorageDirectory (RaftStorageDirectory.java:analyzeStorage(246)) - The storage directory /opt/src/hadoop-ozone/integration-test/target/test-dir/MiniOzoneClusterImpl-91e88ffd-adb2-41f1-9e97-8306ea9a42d1/datanode-4/data/ratis/ff83eea1-0285-46e2-b152-ba1b3d2a49ce does not exist. Creating ...
2019-06-15 13:40:22,015 INFO  storage.RaftStorageDirectory (RaftStorageDirectory.java:tryLock(328)) - Lock on /opt/src/hadoop-ozone/integration-test/target/test-dir/MiniOzoneClusterImpl-91e88ffd-adb2-41f1-9e97-8306ea9a42d1/datanode-4/data/ratis/ff83eea1-0285-46e2-b152-ba1b3d2a49ce/in_use.lock acquired by nodename 10167@ozone-unit-076618677d3-jtqkr-187985704
2019-06-15 13:40:22,017 INFO  storage.RaftStorage (RaftStorage.java:format(75)) - Storage directory /opt/src/hadoop-ozone/integration-test/target/test-dir/MiniOzoneClusterImpl-91e88ffd-adb2-41f1-9e97-8306ea9a42d1/datanode-4/data/ratis/ff83eea1-0285-46e2-b152-ba1b3d2a49ce has been successfully formatted.
2019-06-15 13:40:22,017 INFO  ratis.ContainerStateMachine (ContainerStateMachine.java:loadSnapshot(199)) - The snapshot info is null.Setting the last applied index to:(t:0, i:~)
2019-06-15 13:40:22,018 INFO  server.RaftServerConfigKeys (ConfUtils.java:logGet(43)) - raft.server.leader.election.timeout = 10s (custom)
2019-06-15 13:40:22,018 INFO  server.RaftServerConfigKeys (ConfUtils.java:logGet(43)) - raft.server.log.use.memory = false (default)
2019-06-15 13:40:22,018 INFO  server.RaftServerConfigKeys (ConfUtils.java:logGet(43)) - raft.server.log.appender.buffer.byte-limit = 33554432 (custom)
2019-06-15 13:40:22,018 INFO  server.RaftServerConfigKeys (ConfUtils.java:logGet(43)) - raft.server.log.segment.size.max = 16384 (custom)
2019-06-15 13:40:22,018 INFO  server.RaftServerConfigKeys (ConfUtils.java:logGet(43)) - raft.server.log.segment.cache.num.max = 2 (custom)
2019-06-15 13:40:22,018 INFO  storage.RaftLogWorker (RaftLogWorker.java:<init>(123)) - new 0d4f6ada-158c-4ffd-bc7a-733a4920de18-RaftLogWorker for Storage Directory /opt/src/hadoop-ozone/integration-test/target/test-dir/MiniOzoneClusterImpl-91e88ffd-adb2-41f1-9e97-8306ea9a42d1/datanode-4/data/ratis/ff83eea1-0285-46e2-b152-ba1b3d2a49ce
2019-06-15 13:40:22,018 INFO  server.RaftServerConfigKeys (ConfUtils.java:logGet(43)) - raft.server.log.queue.byte-limit = 2147483647 (custom)
2019-06-15 13:40:22,018 INFO  server.RaftServerConfigKeys (ConfUtils.java:logGet(43)) - raft.server.log.queue.element-limit = 1024 (custom)
2019-06-15 13:40:22,018 INFO  server.RaftServerConfigKeys (ConfUtils.java:logGet(43)) - raft.server.log.segment.size.max = 16384 (custom)
2019-06-15 13:40:22,019 INFO  server.RaftServerConfigKeys (ConfUtils.java:logGet(43)) - raft.server.log.preallocated.size = 16384 (custom)
2019-06-15 13:40:22,019 INFO  server.RaftServerConfigKeys (ConfUtils.java:logGet(43)) - raft.server.log.write.buffer.size = 33554432 (custom)
2019-06-15 13:40:22,019 INFO  server.RaftServerConfigKeys (ConfUtils.java:logGet(43)) - raft.server.log.force.sync.num = 128 (default)
2019-06-15 13:40:22,019 INFO  server.RaftServerConfigKeys (ConfUtils.java:logGet(43)) - raft.server.log.statemachine.data.sync = true (default)
2019-06-15 13:40:22,019 INFO  server.RaftServerConfigKeys (ConfUtils.java:logGet(43)) - raft.server.log.statemachine.data.sync.timeout = 10s (default)
2019-06-15 13:40:22,019 INFO  server.RaftServerConfigKeys (ConfUtils.java:logGet(43)) - raft.server.log.statemachine.data.sync.timeout.retry = -1 (default)
2019-06-15 13:40:22,019 INFO  server.RaftServerConfigKeys (ConfUtils.java:logGet(43)) - raft.server.log.statemachine.data.caching.enabled = true (custom)
2019-06-15 13:40:22,020 INFO  server.RaftServerConfigKeys (ConfUtils.java:logGet(43)) - raft.server.snapshot.auto.trigger.enabled = true (custom)
2019-06-15 13:40:22,020 INFO  server.RaftServerConfigKeys (ConfUtils.java:logGet(43)) - raft.server.snapshot.auto.trigger.threshold = 10000 (custom)
2019-06-15 13:40:22,020 INFO  server.RaftServerConfigKeys (ConfUtils.java:logGet(43)) - raft.server.retrycache.expirytime = 600000ms (custom)
2019-06-15 13:40:22,020 INFO  impl.RaftServerImpl (RaftServerImpl.java:start(173)) - 0d4f6ada-158c-4ffd-bc7a-733a4920de18: start group-BA1B3D2A49CE
2019-06-15 13:40:22,020 INFO  impl.RaftServerImpl (RaftServerImpl.java:setRole(164)) - 0d4f6ada-158c-4ffd-bc7a-733a4920de18:group-BA1B3D2A49CE changes role from null to FOLLOWER at term 0 for startAsFollower
2019-06-15 13:40:22,020 INFO  impl.RoleInfo (RoleInfo.java:updateAndGet(143)) - 0d4f6ada-158c-4ffd-bc7a-733a4920de18: start FollowerState
2019-06-15 13:40:22,021 INFO  util.JmxRegister (JmxRegister.java:tryRegister(44)) - Successfully registered JMX Bean with object name Ratis:service=RaftServer,group=group-BA1B3D2A49CE,id=0d4f6ada-158c-4ffd-bc7a-733a4920de18
2019-06-15 13:40:22,026 INFO  pipeline.PipelineStateManager (PipelineStateManager.java:addPipeline(56)) - Created pipeline Pipeline[ Id: ff83eea1-0285-46e2-b152-ba1b3d2a49ce, Nodes: 0d4f6ada-158c-4ffd-bc7a-733a4920de18{ip: 192.168.46.1, host: ozone-unit-076618677d3-jtqkr-187985704, networkLocation: /default-rack, certSerialId: null}, Type:RATIS, Factor:ONE, State:OPEN]
2019-06-15 13:40:22,251 INFO  ozone.MiniOzoneClusterImpl (MiniOzoneClusterImpl.java:lambda$waitForClusterToBeReady$0(142)) - Waiting for cluster to be ready. Got 5 of 6 DN Heartbeats.
2019-06-15 13:40:22,253 INFO  node.SCMNodeManager (SCMNodeManager.java:register(269)) - Registered Data node : 56203738-bf2f-431f-908d-d7cf855d50d1{ip: 192.168.46.1, host: ozone-unit-076618677d3-jtqkr-187985704, networkLocation: /default-rack, certSerialId: null}
2019-06-15 13:40:22,264 INFO  impl.RaftServerProxy (RaftServerProxy.java:addNew(89)) - 56203738-bf2f-431f-908d-d7cf855d50d1: addNew group-C980B1454CBB:[56203738-bf2f-431f-908d-d7cf855d50d1:192.168.46.1:41881] returns group-C980B1454CBB:java.util.concurrent.CompletableFuture@2d1464b[Not completed]
2019-06-15 13:40:22,264 INFO  impl.RaftServerImpl (RaftServerImpl.java:<init>(91)) - 56203738-bf2f-431f-908d-d7cf855d50d1: new RaftServerImpl for group-C980B1454CBB:[56203738-bf2f-431f-908d-d7cf855d50d1:192.168.46.1:41881] with ContainerStateMachine:uninitialized
2019-06-15 13:40:22,265 INFO  server.RaftServerConfigKeys (ConfUtils.java:logGet(43)) - raft.server.rpc.timeout.min = 1s (custom)
2019-06-15 13:40:22,266 INFO  server.RaftServerConfigKeys (ConfUtils.java:logGet(43)) - raft.server.rpc.timeout.max = 1200ms (custom)
2019-06-15 13:40:22,266 INFO  server.RaftServerConfigKeys (ConfUtils.java:logGet(43)) - raft.server.rpcslowness.timeout = 10s (custom)
2019-06-15 13:40:22,266 INFO  server.RaftServerConfigKeys (ConfUtils.java:logGet(43)) - raft.server.log.appender.install.snapshot.enabled = true (default)
2019-06-15 13:40:22,266 INFO  impl.RaftServerImpl (ServerState.java:<init>(101)) - 56203738-bf2f-431f-908d-d7cf855d50d1:group-C980B1454CBB ConfigurationManager, init=-1: [56203738-bf2f-431f-908d-d7cf855d50d1:192.168.46.1:41881], old=null, confs=<EMPTY_MAP>
2019-06-15 13:40:22,266 INFO  server.RaftServerConfigKeys (ConfUtils.java:logGet(43)) - raft.server.storage.dir = [/opt/src/hadoop-ozone/integration-test/target/test-dir/MiniOzoneClusterImpl-91e88ffd-adb2-41f1-9e97-8306ea9a42d1/datanode-5/data/ratis] (custom)
2019-06-15 13:40:22,266 INFO  storage.RaftStorageDirectory (RaftStorageDirectory.java:analyzeStorage(246)) - The storage directory /opt/src/hadoop-ozone/integration-test/target/test-dir/MiniOzoneClusterImpl-91e88ffd-adb2-41f1-9e97-8306ea9a42d1/datanode-5/data/ratis/6fd0fcc3-f25f-4282-8af7-c980b1454cbb does not exist. Creating ...
2019-06-15 13:40:22,268 INFO  storage.RaftStorageDirectory (RaftStorageDirectory.java:tryLock(328)) - Lock on /opt/src/hadoop-ozone/integration-test/target/test-dir/MiniOzoneClusterImpl-91e88ffd-adb2-41f1-9e97-8306ea9a42d1/datanode-5/data/ratis/6fd0fcc3-f25f-4282-8af7-c980b1454cbb/in_use.lock acquired by nodename 10167@ozone-unit-076618677d3-jtqkr-187985704
2019-06-15 13:40:22,270 INFO  storage.RaftStorage (RaftStorage.java:format(75)) - Storage directory /opt/src/hadoop-ozone/integration-test/target/test-dir/MiniOzoneClusterImpl-91e88ffd-adb2-41f1-9e97-8306ea9a42d1/datanode-5/data/ratis/6fd0fcc3-f25f-4282-8af7-c980b1454cbb has been successfully formatted.
2019-06-15 13:40:22,270 INFO  ratis.ContainerStateMachine (ContainerStateMachine.java:loadSnapshot(199)) - The snapshot info is null.Setting the last applied index to:(t:0, i:~)
2019-06-15 13:40:22,271 INFO  server.RaftServerConfigKeys (ConfUtils.java:logGet(43)) - raft.server.leader.election.timeout = 10s (custom)
2019-06-15 13:40:22,271 INFO  server.RaftServerConfigKeys (ConfUtils.java:logGet(43)) - raft.server.log.use.memory = false (default)
2019-06-15 13:40:22,271 INFO  server.RaftServerConfigKeys (ConfUtils.java:logGet(43)) - raft.server.log.appender.buffer.byte-limit = 33554432 (custom)
2019-06-15 13:40:22,271 INFO  server.RaftServerConfigKeys (ConfUtils.java:logGet(43)) - raft.server.log.segment.size.max = 16384 (custom)
2019-06-15 13:40:22,271 INFO  server.RaftServerConfigKeys (ConfUtils.java:logGet(43)) - raft.server.log.segment.cache.num.max = 2 (custom)
2019-06-15 13:40:22,271 INFO  storage.RaftLogWorker (RaftLogWorker.java:<init>(123)) - new 56203738-bf2f-431f-908d-d7cf855d50d1-RaftLogWorker for Storage Directory /opt/src/hadoop-ozone/integration-test/target/test-dir/MiniOzoneClusterImpl-91e88ffd-adb2-41f1-9e97-8306ea9a42d1/datanode-5/data/ratis/6fd0fcc3-f25f-4282-8af7-c980b1454cbb
2019-06-15 13:40:22,271 INFO  server.RaftServerConfigKeys (ConfUtils.java:logGet(43)) - raft.server.log.queue.byte-limit = 2147483647 (custom)
2019-06-15 13:40:22,271 INFO  server.RaftServerConfigKeys (ConfUtils.java:logGet(43)) - raft.server.log.queue.element-limit = 1024 (custom)
2019-06-15 13:40:22,271 INFO  server.RaftServerConfigKeys (ConfUtils.java:logGet(43)) - raft.server.log.segment.size.max = 16384 (custom)
2019-06-15 13:40:22,271 INFO  server.RaftServerConfigKeys (ConfUtils.java:logGet(43)) - raft.server.log.preallocated.size = 16384 (custom)
2019-06-15 13:40:22,271 INFO  server.RaftServerConfigKeys (ConfUtils.java:logGet(43)) - raft.server.log.write.buffer.size = 33554432 (custom)
2019-06-15 13:40:22,272 INFO  server.RaftServerConfigKeys (ConfUtils.java:logGet(43)) - raft.server.log.force.sync.num = 128 (default)
2019-06-15 13:40:22,272 INFO  server.RaftServerConfigKeys (ConfUtils.java:logGet(43)) - raft.server.log.statemachine.data.sync = true (default)
2019-06-15 13:40:22,272 INFO  server.RaftServerConfigKeys (ConfUtils.java:logGet(43)) - raft.server.log.statemachine.data.sync.timeout = 10s (default)
2019-06-15 13:40:22,272 INFO  server.RaftServerConfigKeys (ConfUtils.java:logGet(43)) - raft.server.log.statemachine.data.sync.timeout.retry = -1 (default)
2019-06-15 13:40:22,272 INFO  server.RaftServerConfigKeys (ConfUtils.java:logGet(43)) - raft.server.log.statemachine.data.caching.enabled = true (custom)
2019-06-15 13:40:22,279 INFO  server.RaftServerConfigKeys (ConfUtils.java:logGet(43)) - raft.server.snapshot.auto.trigger.enabled = true (custom)
2019-06-15 13:40:22,279 INFO  server.RaftServerConfigKeys (ConfUtils.java:logGet(43)) - raft.server.snapshot.auto.trigger.threshold = 10000 (custom)
2019-06-15 13:40:22,280 INFO  server.RaftServerConfigKeys (ConfUtils.java:logGet(43)) - raft.server.retrycache.expirytime = 600000ms (custom)
2019-06-15 13:40:22,280 INFO  impl.RaftServerImpl (RaftServerImpl.java:start(173)) - 56203738-bf2f-431f-908d-d7cf855d50d1: start group-C980B1454CBB
2019-06-15 13:40:22,280 INFO  impl.RaftServerImpl (RaftServerImpl.java:setRole(164)) - 56203738-bf2f-431f-908d-d7cf855d50d1:group-C980B1454CBB changes role from null to FOLLOWER at term 0 for startAsFollower
2019-06-15 13:40:22,280 INFO  impl.RoleInfo (RoleInfo.java:updateAndGet(143)) - 56203738-bf2f-431f-908d-d7cf855d50d1: start FollowerState
2019-06-15 13:40:22,280 INFO  util.JmxRegister (JmxRegister.java:tryRegister(44)) - Successfully registered JMX Bean with object name Ratis:service=RaftServer,group=group-C980B1454CBB,id=56203738-bf2f-431f-908d-d7cf855d50d1
2019-06-15 13:40:22,286 INFO  pipeline.PipelineStateManager (PipelineStateManager.java:addPipeline(56)) - Created pipeline Pipeline[ Id: 6fd0fcc3-f25f-4282-8af7-c980b1454cbb, Nodes: 56203738-bf2f-431f-908d-d7cf855d50d1{ip: 192.168.46.1, host: ozone-unit-076618677d3-jtqkr-187985704, networkLocation: /default-rack, certSerialId: null}, Type:RATIS, Factor:ONE, State:OPEN]
2019-06-15 13:40:22,306 INFO  impl.RaftServerProxy (RaftServerProxy.java:addNew(89)) - 56203738-bf2f-431f-908d-d7cf855d50d1: addNew group-7B4F2FB62B89:[0d4f6ada-158c-4ffd-bc7a-733a4920de18:192.168.46.1:36413, 56203738-bf2f-431f-908d-d7cf855d50d1:192.168.46.1:41881, 435aec56-64bd-4989-b144-f50301337d21:192.168.46.1:44079] returns group-7B4F2FB62B89:java.util.concurrent.CompletableFuture@418dae73[Not completed]
2019-06-15 13:40:22,306 INFO  impl.RaftServerImpl (RaftServerImpl.java:<init>(91)) - 56203738-bf2f-431f-908d-d7cf855d50d1: new RaftServerImpl for group-7B4F2FB62B89:[0d4f6ada-158c-4ffd-bc7a-733a4920de18:192.168.46.1:36413, 56203738-bf2f-431f-908d-d7cf855d50d1:192.168.46.1:41881, 435aec56-64bd-4989-b144-f50301337d21:192.168.46.1:44079] with ContainerStateMachine:uninitialized
2019-06-15 13:40:22,307 INFO  server.RaftServerConfigKeys (ConfUtils.java:logGet(43)) - raft.server.rpc.timeout.min = 1s (custom)
2019-06-15 13:40:22,307 INFO  server.RaftServerConfigKeys (ConfUtils.java:logGet(43)) - raft.server.rpc.timeout.max = 1200ms (custom)
2019-06-15 13:40:22,307 INFO  server.RaftServerConfigKeys (ConfUtils.java:logGet(43)) - raft.server.rpcslowness.timeout = 10s (custom)
2019-06-15 13:40:22,307 INFO  server.RaftServerConfigKeys (ConfUtils.java:logGet(43)) - raft.server.log.appender.install.snapshot.enabled = true (default)
2019-06-15 13:40:22,307 INFO  impl.RaftServerImpl (ServerState.java:<init>(101)) - 56203738-bf2f-431f-908d-d7cf855d50d1:group-7B4F2FB62B89 ConfigurationManager, init=-1: [0d4f6ada-158c-4ffd-bc7a-733a4920de18:192.168.46.1:36413, 56203738-bf2f-431f-908d-d7cf855d50d1:192.168.46.1:41881, 435aec56-64bd-4989-b144-f50301337d21:192.168.46.1:44079], old=null, confs=<EMPTY_MAP>
2019-06-15 13:40:22,307 INFO  server.RaftServerConfigKeys (ConfUtils.java:logGet(43)) - raft.server.storage.dir = [/opt/src/hadoop-ozone/integration-test/target/test-dir/MiniOzoneClusterImpl-91e88ffd-adb2-41f1-9e97-8306ea9a42d1/datanode-5/data/ratis] (custom)
2019-06-15 13:40:22,308 INFO  storage.RaftStorageDirectory (RaftStorageDirectory.java:analyzeStorage(246)) - The storage directory /opt/src/hadoop-ozone/integration-test/target/test-dir/MiniOzoneClusterImpl-91e88ffd-adb2-41f1-9e97-8306ea9a42d1/datanode-5/data/ratis/e374802e-2f11-445d-84ad-7b4f2fb62b89 does not exist. Creating ...
2019-06-15 13:40:22,309 INFO  impl.RaftServerProxy (RaftServerProxy.java:addNew(89)) - 435aec56-64bd-4989-b144-f50301337d21: addNew group-7B4F2FB62B89:[0d4f6ada-158c-4ffd-bc7a-733a4920de18:192.168.46.1:36413, 56203738-bf2f-431f-908d-d7cf855d50d1:192.168.46.1:41881, 435aec56-64bd-4989-b144-f50301337d21:192.168.46.1:44079] returns group-7B4F2FB62B89:java.util.concurrent.CompletableFuture@207d224f[Not completed]
2019-06-15 13:40:22,309 INFO  impl.RaftServerProxy (RaftServerProxy.java:addNew(89)) - 0d4f6ada-158c-4ffd-bc7a-733a4920de18: addNew group-7B4F2FB62B89:[0d4f6ada-158c-4ffd-bc7a-733a4920de18:192.168.46.1:36413, 56203738-bf2f-431f-908d-d7cf855d50d1:192.168.46.1:41881, 435aec56-64bd-4989-b144-f50301337d21:192.168.46.1:44079] returns group-7B4F2FB62B89:java.util.concurrent.CompletableFuture@2fd1de57[Not completed]
2019-06-15 13:40:22,310 INFO  impl.RaftServerImpl (RaftServerImpl.java:<init>(91)) - 435aec56-64bd-4989-b144-f50301337d21: new RaftServerImpl for group-7B4F2FB62B89:[0d4f6ada-158c-4ffd-bc7a-733a4920de18:192.168.46.1:36413, 56203738-bf2f-431f-908d-d7cf855d50d1:192.168.46.1:41881, 435aec56-64bd-4989-b144-f50301337d21:192.168.46.1:44079] with ContainerStateMachine:uninitialized
2019-06-15 13:40:22,310 INFO  server.RaftServerConfigKeys (ConfUtils.java:logGet(43)) - raft.server.rpc.timeout.min = 1s (custom)
2019-06-15 13:40:22,310 INFO  server.RaftServerConfigKeys (ConfUtils.java:logGet(43)) - raft.server.rpc.timeout.max = 1200ms (custom)
2019-06-15 13:40:22,310 INFO  server.RaftServerConfigKeys (ConfUtils.java:logGet(43)) - raft.server.rpcslowness.timeout = 10s (custom)
2019-06-15 13:40:22,310 INFO  server.RaftServerConfigKeys (ConfUtils.java:logGet(43)) - raft.server.log.appender.install.snapshot.enabled = true (default)
2019-06-15 13:40:22,310 INFO  impl.RaftServerImpl (RaftServerImpl.java:<init>(91)) - 0d4f6ada-158c-4ffd-bc7a-733a4920de18: new RaftServerImpl for group-7B4F2FB62B89:[0d4f6ada-158c-4ffd-bc7a-733a4920de18:192.168.46.1:36413, 56203738-bf2f-431f-908d-d7cf855d50d1:192.168.46.1:41881, 435aec56-64bd-4989-b144-f50301337d21:192.168.46.1:44079] with ContainerStateMachine:uninitialized
2019-06-15 13:40:22,310 INFO  server.RaftServerConfigKeys (ConfUtils.java:logGet(43)) - raft.server.rpc.timeout.min = 1s (custom)
2019-06-15 13:40:22,310 INFO  server.RaftServerConfigKeys (ConfUtils.java:logGet(43)) - raft.server.rpc.timeout.max = 1200ms (custom)
2019-06-15 13:40:22,311 INFO  server.RaftServerConfigKeys (ConfUtils.java:logGet(43)) - raft.server.rpcslowness.timeout = 10s (custom)
2019-06-15 13:40:22,311 INFO  server.RaftServerConfigKeys (ConfUtils.java:logGet(43)) - raft.server.log.appender.install.snapshot.enabled = true (default)
2019-06-15 13:40:22,311 INFO  impl.RaftServerImpl (ServerState.java:<init>(101)) - 0d4f6ada-158c-4ffd-bc7a-733a4920de18:group-7B4F2FB62B89 ConfigurationManager, init=-1: [0d4f6ada-158c-4ffd-bc7a-733a4920de18:192.168.46.1:36413, 56203738-bf2f-431f-908d-d7cf855d50d1:192.168.46.1:41881, 435aec56-64bd-4989-b144-f50301337d21:192.168.46.1:44079], old=null, confs=<EMPTY_MAP>
2019-06-15 13:40:22,311 INFO  server.RaftServerConfigKeys (ConfUtils.java:logGet(43)) - raft.server.storage.dir = [/opt/src/hadoop-ozone/integration-test/target/test-dir/MiniOzoneClusterImpl-91e88ffd-adb2-41f1-9e97-8306ea9a42d1/datanode-4/data/ratis] (custom)
2019-06-15 13:40:22,311 INFO  storage.RaftStorageDirectory (RaftStorageDirectory.java:analyzeStorage(246)) - The storage directory /opt/src/hadoop-ozone/integration-test/target/test-dir/MiniOzoneClusterImpl-91e88ffd-adb2-41f1-9e97-8306ea9a42d1/datanode-4/data/ratis/e374802e-2f11-445d-84ad-7b4f2fb62b89 does not exist. Creating ...
2019-06-15 13:40:22,310 INFO  impl.RaftServerImpl (ServerState.java:<init>(101)) - 435aec56-64bd-4989-b144-f50301337d21:group-7B4F2FB62B89 ConfigurationManager, init=-1: [0d4f6ada-158c-4ffd-bc7a-733a4920de18:192.168.46.1:36413, 56203738-bf2f-431f-908d-d7cf855d50d1:192.168.46.1:41881, 435aec56-64bd-4989-b144-f50301337d21:192.168.46.1:44079], old=null, confs=<EMPTY_MAP>
2019-06-15 13:40:22,310 INFO  storage.RaftStorageDirectory (RaftStorageDirectory.java:tryLock(328)) - Lock on /opt/src/hadoop-ozone/integration-test/target/test-dir/MiniOzoneClusterImpl-91e88ffd-adb2-41f1-9e97-8306ea9a42d1/datanode-5/data/ratis/e374802e-2f11-445d-84ad-7b4f2fb62b89/in_use.lock acquired by nodename 10167@ozone-unit-076618677d3-jtqkr-187985704
2019-06-15 13:40:22,312 INFO  server.RaftServerConfigKeys (ConfUtils.java:logGet(43)) - raft.server.storage.dir = [/opt/src/hadoop-ozone/integration-test/target/test-dir/MiniOzoneClusterImpl-91e88ffd-adb2-41f1-9e97-8306ea9a42d1/datanode-1/data/ratis] (custom)
2019-06-15 13:40:22,312 INFO  storage.RaftStorageDirectory (RaftStorageDirectory.java:analyzeStorage(246)) - The storage directory /opt/src/hadoop-ozone/integration-test/target/test-dir/MiniOzoneClusterImpl-91e88ffd-adb2-41f1-9e97-8306ea9a42d1/datanode-1/data/ratis/e374802e-2f11-445d-84ad-7b4f2fb62b89 does not exist. Creating ...
2019-06-15 13:40:22,313 INFO  storage.RaftStorageDirectory (RaftStorageDirectory.java:tryLock(328)) - Lock on /opt/src/hadoop-ozone/integration-test/target/test-dir/MiniOzoneClusterImpl-91e88ffd-adb2-41f1-9e97-8306ea9a42d1/datanode-1/data/ratis/e374802e-2f11-445d-84ad-7b4f2fb62b89/in_use.lock acquired by nodename 10167@ozone-unit-076618677d3-jtqkr-187985704
2019-06-15 13:40:22,313 INFO  storage.RaftStorage (RaftStorage.java:format(75)) - Storage directory /opt/src/hadoop-ozone/integration-test/target/test-dir/MiniOzoneClusterImpl-91e88ffd-adb2-41f1-9e97-8306ea9a42d1/datanode-5/data/ratis/e374802e-2f11-445d-84ad-7b4f2fb62b89 has been successfully formatted.
2019-06-15 13:40:22,314 INFO  ratis.ContainerStateMachine (ContainerStateMachine.java:loadSnapshot(199)) - The snapshot info is null.Setting the last applied index to:(t:0, i:~)
2019-06-15 13:40:22,314 INFO  server.RaftServerConfigKeys (ConfUtils.java:logGet(43)) - raft.server.leader.election.timeout = 10s (custom)
2019-06-15 13:40:22,314 INFO  storage.RaftStorageDirectory (RaftStorageDirectory.java:tryLock(328)) - Lock on /opt/src/hadoop-ozone/integration-test/target/test-dir/MiniOzoneClusterImpl-91e88ffd-adb2-41f1-9e97-8306ea9a42d1/datanode-4/data/ratis/e374802e-2f11-445d-84ad-7b4f2fb62b89/in_use.lock acquired by nodename 10167@ozone-unit-076618677d3-jtqkr-187985704
2019-06-15 13:40:22,314 INFO  server.RaftServerConfigKeys (ConfUtils.java:logGet(43)) - raft.server.log.use.memory = false (default)
2019-06-15 13:40:22,314 INFO  server.RaftServerConfigKeys (ConfUtils.java:logGet(43)) - raft.server.log.appender.buffer.byte-limit = 33554432 (custom)
2019-06-15 13:40:22,314 INFO  server.RaftServerConfigKeys (ConfUtils.java:logGet(43)) - raft.server.log.segment.size.max = 16384 (custom)
2019-06-15 13:40:22,314 INFO  server.RaftServerConfigKeys (ConfUtils.java:logGet(43)) - raft.server.log.segment.cache.num.max = 2 (custom)
2019-06-15 13:40:22,314 INFO  storage.RaftLogWorker (RaftLogWorker.java:<init>(123)) - new 56203738-bf2f-431f-908d-d7cf855d50d1-RaftLogWorker for Storage Directory /opt/src/hadoop-ozone/integration-test/target/test-dir/MiniOzoneClusterImpl-91e88ffd-adb2-41f1-9e97-8306ea9a42d1/datanode-5/data/ratis/e374802e-2f11-445d-84ad-7b4f2fb62b89
2019-06-15 13:40:22,315 INFO  server.RaftServerConfigKeys (ConfUtils.java:logGet(43)) - raft.server.log.queue.byte-limit = 2147483647 (custom)
2019-06-15 13:40:22,315 INFO  server.RaftServerConfigKeys (ConfUtils.java:logGet(43)) - raft.server.log.queue.element-limit = 1024 (custom)
2019-06-15 13:40:22,315 INFO  server.RaftServerConfigKeys (ConfUtils.java:logGet(43)) - raft.server.log.segment.size.max = 16384 (custom)
2019-06-15 13:40:22,315 INFO  server.RaftServerConfigKeys (ConfUtils.java:logGet(43)) - raft.server.log.preallocated.size = 16384 (custom)
2019-06-15 13:40:22,315 INFO  server.RaftServerConfigKeys (ConfUtils.java:logGet(43)) - raft.server.log.write.buffer.size = 33554432 (custom)
2019-06-15 13:40:22,315 INFO  server.RaftServerConfigKeys (ConfUtils.java:logGet(43)) - raft.server.log.force.sync.num = 128 (default)
2019-06-15 13:40:22,315 INFO  server.RaftServerConfigKeys (ConfUtils.java:logGet(43)) - raft.server.log.statemachine.data.sync = true (default)
2019-06-15 13:40:22,315 INFO  server.RaftServerConfigKeys (ConfUtils.java:logGet(43)) - raft.server.log.statemachine.data.sync.timeout = 10s (default)
2019-06-15 13:40:22,315 INFO  server.RaftServerConfigKeys (ConfUtils.java:logGet(43)) - raft.server.log.statemachine.data.sync.timeout.retry = -1 (default)
2019-06-15 13:40:22,316 INFO  server.RaftServerConfigKeys (ConfUtils.java:logGet(43)) - raft.server.log.statemachine.data.caching.enabled = true (custom)
2019-06-15 13:40:22,316 INFO  storage.RaftStorage (RaftStorage.java:format(75)) - Storage directory /opt/src/hadoop-ozone/integration-test/target/test-dir/MiniOzoneClusterImpl-91e88ffd-adb2-41f1-9e97-8306ea9a42d1/datanode-1/data/ratis/e374802e-2f11-445d-84ad-7b4f2fb62b89 has been successfully formatted.
2019-06-15 13:40:22,316 INFO  storage.RaftStorage (RaftStorage.java:format(75)) - Storage directory /opt/src/hadoop-ozone/integration-test/target/test-dir/MiniOzoneClusterImpl-91e88ffd-adb2-41f1-9e97-8306ea9a42d1/datanode-4/data/ratis/e374802e-2f11-445d-84ad-7b4f2fb62b89 has been successfully formatted.
2019-06-15 13:40:22,316 INFO  ratis.ContainerStateMachine (ContainerStateMachine.java:loadSnapshot(199)) - The snapshot info is null.Setting the last applied index to:(t:0, i:~)
2019-06-15 13:40:22,316 INFO  ratis.ContainerStateMachine (ContainerStateMachine.java:loadSnapshot(199)) - The snapshot info is null.Setting the last applied index to:(t:0, i:~)
2019-06-15 13:40:22,316 INFO  server.RaftServerConfigKeys (ConfUtils.java:logGet(43)) - raft.server.leader.election.timeout = 10s (custom)
2019-06-15 13:40:22,316 INFO  server.RaftServerConfigKeys (ConfUtils.java:logGet(43)) - raft.server.leader.election.timeout = 10s (custom)
2019-06-15 13:40:22,316 INFO  server.RaftServerConfigKeys (ConfUtils.java:logGet(43)) - raft.server.log.use.memory = false (default)
2019-06-15 13:40:22,316 INFO  server.RaftServerConfigKeys (ConfUtils.java:logGet(43)) - raft.server.snapshot.auto.trigger.enabled = true (custom)
2019-06-15 13:40:22,316 INFO  server.RaftServerConfigKeys (ConfUtils.java:logGet(43)) - raft.server.snapshot.auto.trigger.threshold = 10000 (custom)
2019-06-15 13:40:22,316 INFO  server.RaftServerConfigKeys (ConfUtils.java:logGet(43)) - raft.server.log.appender.buffer.byte-limit = 33554432 (custom)
2019-06-15 13:40:22,317 INFO  server.RaftServerConfigKeys (ConfUtils.java:logGet(43)) - raft.server.log.segment.size.max = 16384 (custom)
2019-06-15 13:40:22,317 INFO  server.RaftServerConfigKeys (ConfUtils.java:logGet(43)) - raft.server.log.segment.cache.num.max = 2 (custom)
2019-06-15 13:40:22,317 INFO  storage.RaftLogWorker (RaftLogWorker.java:<init>(123)) - new 435aec56-64bd-4989-b144-f50301337d21-RaftLogWorker for Storage Directory /opt/src/hadoop-ozone/integration-test/target/test-dir/MiniOzoneClusterImpl-91e88ffd-adb2-41f1-9e97-8306ea9a42d1/datanode-1/data/ratis/e374802e-2f11-445d-84ad-7b4f2fb62b89
2019-06-15 13:40:22,317 INFO  server.RaftServerConfigKeys (ConfUtils.java:logGet(43)) - raft.server.log.queue.byte-limit = 2147483647 (custom)
2019-06-15 13:40:22,317 INFO  server.RaftServerConfigKeys (ConfUtils.java:logGet(43)) - raft.server.log.queue.element-limit = 1024 (custom)
2019-06-15 13:40:22,317 INFO  server.RaftServerConfigKeys (ConfUtils.java:logGet(43)) - raft.server.log.segment.size.max = 16384 (custom)
2019-06-15 13:40:22,317 INFO  server.RaftServerConfigKeys (ConfUtils.java:logGet(43)) - raft.server.log.preallocated.size = 16384 (custom)
2019-06-15 13:40:22,317 INFO  server.RaftServerConfigKeys (ConfUtils.java:logGet(43)) - raft.server.log.write.buffer.size = 33554432 (custom)
2019-06-15 13:40:22,318 INFO  server.RaftServerConfigKeys (ConfUtils.java:logGet(43)) - raft.server.log.force.sync.num = 128 (default)
2019-06-15 13:40:22,318 INFO  server.RaftServerConfigKeys (ConfUtils.java:logGet(43)) - raft.server.log.statemachine.data.sync = true (default)
2019-06-15 13:40:22,318 INFO  server.RaftServerConfigKeys (ConfUtils.java:logGet(43)) - raft.server.log.statemachine.data.sync.timeout = 10s (default)
2019-06-15 13:40:22,318 INFO  server.RaftServerConfigKeys (ConfUtils.java:logGet(43)) - raft.server.log.statemachine.data.sync.timeout.retry = -1 (default)
2019-06-15 13:40:22,318 INFO  server.RaftServerConfigKeys (ConfUtils.java:logGet(43)) - raft.server.log.statemachine.data.caching.enabled = true (custom)
2019-06-15 13:40:22,316 INFO  server.RaftServerConfigKeys (ConfUtils.java:logGet(43)) - raft.server.log.use.memory = false (default)
2019-06-15 13:40:22,318 INFO  server.RaftServerConfigKeys (ConfUtils.java:logGet(43)) - raft.server.log.appender.buffer.byte-limit = 33554432 (custom)
2019-06-15 13:40:22,319 INFO  server.RaftServerConfigKeys (ConfUtils.java:logGet(43)) - raft.server.log.segment.size.max = 16384 (custom)
2019-06-15 13:40:22,319 INFO  server.RaftServerConfigKeys (ConfUtils.java:logGet(43)) - raft.server.log.segment.cache.num.max = 2 (custom)
2019-06-15 13:40:22,319 INFO  storage.RaftLogWorker (RaftLogWorker.java:<init>(123)) - new 0d4f6ada-158c-4ffd-bc7a-733a4920de18-RaftLogWorker for Storage Directory /opt/src/hadoop-ozone/integration-test/target/test-dir/MiniOzoneClusterImpl-91e88ffd-adb2-41f1-9e97-8306ea9a42d1/datanode-4/data/ratis/e374802e-2f11-445d-84ad-7b4f2fb62b89
2019-06-15 13:40:22,319 INFO  server.RaftServerConfigKeys (ConfUtils.java:logGet(43)) - raft.server.log.queue.byte-limit = 2147483647 (custom)
2019-06-15 13:40:22,319 INFO  server.RaftServerConfigKeys (ConfUtils.java:logGet(43)) - raft.server.log.queue.element-limit = 1024 (custom)
2019-06-15 13:40:22,319 INFO  server.RaftServerConfigKeys (ConfUtils.java:logGet(43)) - raft.server.log.segment.size.max = 16384 (custom)
2019-06-15 13:40:22,319 INFO  server.RaftServerConfigKeys (ConfUtils.java:logGet(43)) - raft.server.log.preallocated.size = 16384 (custom)
2019-06-15 13:40:22,319 INFO  server.RaftServerConfigKeys (ConfUtils.java:logGet(43)) - raft.server.log.write.buffer.size = 33554432 (custom)
2019-06-15 13:40:22,319 INFO  server.RaftServerConfigKeys (ConfUtils.java:logGet(43)) - raft.server.log.force.sync.num = 128 (default)
2019-06-15 13:40:22,319 INFO  server.RaftServerConfigKeys (ConfUtils.java:logGet(43)) - raft.server.log.statemachine.data.sync = true (default)
2019-06-15 13:40:22,319 INFO  server.RaftServerConfigKeys (ConfUtils.java:logGet(43)) - raft.server.log.statemachine.data.sync.timeout = 10s (default)
2019-06-15 13:40:22,319 INFO  server.RaftServerConfigKeys (ConfUtils.java:logGet(43)) - raft.server.log.statemachine.data.sync.timeout.retry = -1 (default)
2019-06-15 13:40:22,320 INFO  server.RaftServerConfigKeys (ConfUtils.java:logGet(43)) - raft.server.log.statemachine.data.caching.enabled = true (custom)
2019-06-15 13:40:22,318 INFO  server.RaftServerConfigKeys (ConfUtils.java:logGet(43)) - raft.server.snapshot.auto.trigger.enabled = true (custom)
2019-06-15 13:40:22,317 INFO  server.RaftServerConfigKeys (ConfUtils.java:logGet(43)) - raft.server.retrycache.expirytime = 600000ms (custom)
2019-06-15 13:40:22,320 INFO  server.RaftServerConfigKeys (ConfUtils.java:logGet(43)) - raft.server.snapshot.auto.trigger.threshold = 10000 (custom)
2019-06-15 13:40:22,320 INFO  impl.RaftServerImpl (RaftServerImpl.java:start(173)) - 56203738-bf2f-431f-908d-d7cf855d50d1: start group-7B4F2FB62B89
2019-06-15 13:40:22,320 INFO  server.RaftServerConfigKeys (ConfUtils.java:logGet(43)) - raft.server.snapshot.auto.trigger.enabled = true (custom)
2019-06-15 13:40:22,320 INFO  impl.RaftServerImpl (RaftServerImpl.java:setRole(164)) - 56203738-bf2f-431f-908d-d7cf855d50d1:group-7B4F2FB62B89 changes role from null to FOLLOWER at term 0 for startAsFollower
2019-06-15 13:40:22,321 INFO  impl.RoleInfo (RoleInfo.java:updateAndGet(143)) - 56203738-bf2f-431f-908d-d7cf855d50d1: start FollowerState
2019-06-15 13:40:22,320 INFO  server.RaftServerConfigKeys (ConfUtils.java:logGet(43)) - raft.server.retrycache.expirytime = 600000ms (custom)
2019-06-15 13:40:22,320 INFO  server.RaftServerConfigKeys (ConfUtils.java:logGet(43)) - raft.server.snapshot.auto.trigger.threshold = 10000 (custom)
2019-06-15 13:40:22,321 INFO  util.JmxRegister (JmxRegister.java:tryRegister(44)) - Successfully registered JMX Bean with object name Ratis:service=RaftServer,group=group-7B4F2FB62B89,id=56203738-bf2f-431f-908d-d7cf855d50d1
2019-06-15 13:40:22,321 INFO  server.RaftServerConfigKeys (ConfUtils.java:logGet(43)) - raft.server.retrycache.expirytime = 600000ms (custom)
2019-06-15 13:40:22,321 INFO  impl.RaftServerImpl (RaftServerImpl.java:start(173)) - 0d4f6ada-158c-4ffd-bc7a-733a4920de18: start group-7B4F2FB62B89
2019-06-15 13:40:22,321 INFO  impl.RaftServerImpl (RaftServerImpl.java:setRole(164)) - 0d4f6ada-158c-4ffd-bc7a-733a4920de18:group-7B4F2FB62B89 changes role from null to FOLLOWER at term 0 for startAsFollower
2019-06-15 13:40:22,322 INFO  impl.RoleInfo (RoleInfo.java:updateAndGet(143)) - 0d4f6ada-158c-4ffd-bc7a-733a4920de18: start FollowerState
2019-06-15 13:40:22,322 INFO  impl.RaftServerImpl (RaftServerImpl.java:start(173)) - 435aec56-64bd-4989-b144-f50301337d21: start group-7B4F2FB62B89
2019-06-15 13:40:22,322 INFO  impl.RaftServerImpl (RaftServerImpl.java:setRole(164)) - 435aec56-64bd-4989-b144-f50301337d21:group-7B4F2FB62B89 changes role from null to FOLLOWER at term 0 for startAsFollower
2019-06-15 13:40:22,326 INFO  util.JmxRegister (JmxRegister.java:tryRegister(44)) - Successfully registered JMX Bean with object name Ratis:service=RaftServer,group=group-7B4F2FB62B89,id=0d4f6ada-158c-4ffd-bc7a-733a4920de18
2019-06-15 13:40:22,327 INFO  impl.RoleInfo (RoleInfo.java:updateAndGet(143)) - 435aec56-64bd-4989-b144-f50301337d21: start FollowerState
2019-06-15 13:40:22,333 INFO  util.JmxRegister (JmxRegister.java:tryRegister(44)) - Successfully registered JMX Bean with object name Ratis:service=RaftServer,group=group-7B4F2FB62B89,id=435aec56-64bd-4989-b144-f50301337d21
2019-06-15 13:40:22,343 INFO  pipeline.PipelineStateManager (PipelineStateManager.java:addPipeline(56)) - Created pipeline Pipeline[ Id: e374802e-2f11-445d-84ad-7b4f2fb62b89, Nodes: 56203738-bf2f-431f-908d-d7cf855d50d1{ip: 192.168.46.1, host: ozone-unit-076618677d3-jtqkr-187985704, networkLocation: /default-rack, certSerialId: null}0d4f6ada-158c-4ffd-bc7a-733a4920de18{ip: 192.168.46.1, host: ozone-unit-076618677d3-jtqkr-187985704, networkLocation: /default-rack, certSerialId: null}435aec56-64bd-4989-b144-f50301337d21{ip: 192.168.46.1, host: ozone-unit-076618677d3-jtqkr-187985704, networkLocation: /default-rack, certSerialId: null}, Type:RATIS, Factor:THREE, State:OPEN]
2019-06-15 13:40:22,670 INFO  impl.FollowerState (FollowerState.java:run(101)) - 466351a5-52b3-46a1-a98e-79b6af3414db:group-233BB4305E41 changes to CANDIDATE, lastRpcTime:1010, electionTimeout:1010ms
2019-06-15 13:40:22,671 INFO  impl.RoleInfo (RoleInfo.java:shutdownFollowerState(121)) - 466351a5-52b3-46a1-a98e-79b6af3414db: shutdown FollowerState
2019-06-15 13:40:22,671 INFO  impl.RaftServerImpl (RaftServerImpl.java:setRole(164)) - 466351a5-52b3-46a1-a98e-79b6af3414db:group-233BB4305E41 changes role from FOLLOWER to CANDIDATE at term 0 for changeToCandidate
2019-06-15 13:40:22,672 INFO  impl.RoleInfo (RoleInfo.java:updateAndGet(143)) - 466351a5-52b3-46a1-a98e-79b6af3414db: start LeaderElection
2019-06-15 13:40:22,679 INFO  impl.LeaderElection (LeaderElection.java:askForVotes(181)) - 466351a5-52b3-46a1-a98e-79b6af3414db:group-233BB4305E41:LeaderElection1: begin an election at term 1 for -1: [466351a5-52b3-46a1-a98e-79b6af3414db:192.168.46.1:40627], old=null
2019-06-15 13:40:22,681 INFO  impl.RoleInfo (RoleInfo.java:shutdownLeaderElection(134)) - 466351a5-52b3-46a1-a98e-79b6af3414db: shutdown LeaderElection
2019-06-15 13:40:22,682 INFO  impl.RaftServerImpl (RaftServerImpl.java:setRole(164)) - 466351a5-52b3-46a1-a98e-79b6af3414db:group-233BB4305E41 changes role from CANDIDATE to LEADER at term 1 for changeToLeader
2019-06-15 13:40:22,682 INFO  impl.RaftServerImpl (ServerState.java:setLeader(263)) - 466351a5-52b3-46a1-a98e-79b6af3414db:group-233BB4305E41 change Leader from null to 466351a5-52b3-46a1-a98e-79b6af3414db at term 1 for becomeLeader, leader elected after 1067ms
2019-06-15 13:40:22,686 INFO  server.RaftServerConfigKeys (ConfUtils.java:logGet(43)) - raft.server.staging.catchup.gap = 1000 (default)
2019-06-15 13:40:22,686 INFO  server.RaftServerConfigKeys (ConfUtils.java:logGet(43)) - raft.server.rpc.sleep.time = 25ms (default)
2019-06-15 13:40:22,688 INFO  server.RaftServerConfigKeys (ConfUtils.java:logGet(43)) - raft.server.watch.timeout = 10s (default)
2019-06-15 13:40:22,688 INFO  server.RaftServerConfigKeys (ConfUtils.java:logGet(43)) - raft.server.watch.timeout.denomination = 1s (default)
2019-06-15 13:40:22,694 INFO  impl.RoleInfo (RoleInfo.java:updateAndGet(143)) - 466351a5-52b3-46a1-a98e-79b6af3414db: start LeaderState
2019-06-15 13:40:22,711 INFO  storage.RaftLogWorker (RaftLogWorker.java:startLogSegment(298)) - 466351a5-52b3-46a1-a98e-79b6af3414db-RaftLogWorker: Starting segment from index:0
2019-06-15 13:40:22,718 INFO  impl.RaftServerImpl (ServerState.java:setRaftConf(361)) - 466351a5-52b3-46a1-a98e-79b6af3414db:group-233BB4305E41 set configuration 0: [466351a5-52b3-46a1-a98e-79b6af3414db:192.168.46.1:40627], old=null at 0
2019-06-15 13:40:22,853 INFO  storage.RaftLogWorker (RaftLogWorker.java:execute(469)) - 466351a5-52b3-46a1-a98e-79b6af3414db-RaftLogWorker: created new log segment /opt/src/hadoop-ozone/integration-test/target/test-dir/MiniOzoneClusterImpl-91e88ffd-adb2-41f1-9e97-8306ea9a42d1/datanode-0/data/ratis/84a93427-1f0b-4f71-af27-233bb4305e41/current/log_inprogress_0
2019-06-15 13:40:22,896 INFO  impl.FollowerState (FollowerState.java:run(101)) - 435aec56-64bd-4989-b144-f50301337d21:group-8DFC7DF8387E changes to CANDIDATE, lastRpcTime:1042, electionTimeout:1042ms
2019-06-15 13:40:22,898 INFO  impl.RoleInfo (RoleInfo.java:shutdownFollowerState(121)) - 435aec56-64bd-4989-b144-f50301337d21: shutdown FollowerState
2019-06-15 13:40:22,898 INFO  impl.RaftServerImpl (RaftServerImpl.java:setRole(164)) - 435aec56-64bd-4989-b144-f50301337d21:group-8DFC7DF8387E changes role from FOLLOWER to CANDIDATE at term 0 for changeToCandidate
2019-06-15 13:40:22,898 INFO  impl.RoleInfo (RoleInfo.java:updateAndGet(143)) - 435aec56-64bd-4989-b144-f50301337d21: start LeaderElection
2019-06-15 13:40:22,903 INFO  impl.LeaderElection (LeaderElection.java:askForVotes(181)) - 435aec56-64bd-4989-b144-f50301337d21:group-8DFC7DF8387E:LeaderElection2: begin an election at term 1 for -1: [435aec56-64bd-4989-b144-f50301337d21:192.168.46.1:44079], old=null
2019-06-15 13:40:22,904 INFO  impl.RoleInfo (RoleInfo.java:shutdownLeaderElection(134)) - 435aec56-64bd-4989-b144-f50301337d21: shutdown LeaderElection
2019-06-15 13:40:22,905 INFO  impl.RaftServerImpl (RaftServerImpl.java:setRole(164)) - 435aec56-64bd-4989-b144-f50301337d21:group-8DFC7DF8387E changes role from CANDIDATE to LEADER at term 1 for changeToLeader
2019-06-15 13:40:22,905 INFO  impl.RaftServerImpl (ServerState.java:setLeader(263)) - 435aec56-64bd-4989-b144-f50301337d21:group-8DFC7DF8387E change Leader from null to 435aec56-64bd-4989-b144-f50301337d21 at term 1 for becomeLeader, leader elected after 1052ms
2019-06-15 13:40:22,905 INFO  server.RaftServerConfigKeys (ConfUtils.java:logGet(43)) - raft.server.staging.catchup.gap = 1000 (default)
2019-06-15 13:40:22,905 INFO  server.RaftServerConfigKeys (ConfUtils.java:logGet(43)) - raft.server.rpc.sleep.time = 25ms (default)
2019-06-15 13:40:22,905 INFO  server.RaftServerConfigKeys (ConfUtils.java:logGet(43)) - raft.server.watch.timeout = 10s (default)
2019-06-15 13:40:22,905 INFO  server.RaftServerConfigKeys (ConfUtils.java:logGet(43)) - raft.server.watch.timeout.denomination = 1s (default)
2019-06-15 13:40:22,905 INFO  impl.RoleInfo (RoleInfo.java:updateAndGet(143)) - 435aec56-64bd-4989-b144-f50301337d21: start LeaderState
2019-06-15 13:40:22,905 INFO  storage.RaftLogWorker (RaftLogWorker.java:startLogSegment(298)) - 435aec56-64bd-4989-b144-f50301337d21-RaftLogWorker: Starting segment from index:0
2019-06-15 13:40:22,906 INFO  impl.RaftServerImpl (ServerState.java:setRaftConf(361)) - 435aec56-64bd-4989-b144-f50301337d21:group-8DFC7DF8387E set configuration 0: [435aec56-64bd-4989-b144-f50301337d21:192.168.46.1:44079], old=null at 0
2019-06-15 13:40:22,943 INFO  storage.RaftLogWorker (RaftLogWorker.java:execute(469)) - 435aec56-64bd-4989-b144-f50301337d21-RaftLogWorker: created new log segment /opt/src/hadoop-ozone/integration-test/target/test-dir/MiniOzoneClusterImpl-91e88ffd-adb2-41f1-9e97-8306ea9a42d1/datanode-1/data/ratis/cb2e15c5-0add-4ab0-a779-8dfc7df8387e/current/log_inprogress_0
2019-06-15 13:40:22,955 INFO  impl.FollowerState (FollowerState.java:run(101)) - 684cf9fb-e479-489c-a91c-375b0f942c31:group-ECF1A37C61D9 changes to CANDIDATE, lastRpcTime:1175, electionTimeout:1174ms
2019-06-15 13:40:22,955 INFO  impl.RoleInfo (RoleInfo.java:shutdownFollowerState(121)) - 684cf9fb-e479-489c-a91c-375b0f942c31: shutdown FollowerState
2019-06-15 13:40:22,955 INFO  impl.RaftServerImpl (RaftServerImpl.java:setRole(164)) - 684cf9fb-e479-489c-a91c-375b0f942c31:group-ECF1A37C61D9 changes role from FOLLOWER to CANDIDATE at term 0 for changeToCandidate
2019-06-15 13:40:22,955 INFO  impl.RoleInfo (RoleInfo.java:updateAndGet(143)) - 684cf9fb-e479-489c-a91c-375b0f942c31: start LeaderElection
2019-06-15 13:40:22,960 INFO  impl.LeaderElection (LeaderElection.java:askForVotes(181)) - 684cf9fb-e479-489c-a91c-375b0f942c31:group-ECF1A37C61D9:LeaderElection3: begin an election at term 1 for -1: [684cf9fb-e479-489c-a91c-375b0f942c31:192.168.46.1:43949], old=null
2019-06-15 13:40:22,960 INFO  impl.RoleInfo (RoleInfo.java:shutdownLeaderElection(134)) - 684cf9fb-e479-489c-a91c-375b0f942c31: shutdown LeaderElection
2019-06-15 13:40:22,961 INFO  impl.RaftServerImpl (RaftServerImpl.java:setRole(164)) - 684cf9fb-e479-489c-a91c-375b0f942c31:group-ECF1A37C61D9 changes role from CANDIDATE to LEADER at term 1 for changeToLeader
2019-06-15 13:40:22,961 INFO  impl.RaftServerImpl (ServerState.java:setLeader(263)) - 684cf9fb-e479-489c-a91c-375b0f942c31:group-ECF1A37C61D9 change Leader from null to 684cf9fb-e479-489c-a91c-375b0f942c31 at term 1 for becomeLeader, leader elected after 1184ms
2019-06-15 13:40:22,961 INFO  server.RaftServerConfigKeys (ConfUtils.java:logGet(43)) - raft.server.staging.catchup.gap = 1000 (default)
2019-06-15 13:40:22,961 INFO  server.RaftServerConfigKeys (ConfUtils.java:logGet(43)) - raft.server.rpc.sleep.time = 25ms (default)
2019-06-15 13:40:22,961 INFO  server.RaftServerConfigKeys (ConfUtils.java:logGet(43)) - raft.server.watch.timeout = 10s (default)
2019-06-15 13:40:22,961 INFO  server.RaftServerConfigKeys (ConfUtils.java:logGet(43)) - raft.server.watch.timeout.denomination = 1s (default)
2019-06-15 13:40:22,961 INFO  impl.RoleInfo (RoleInfo.java:updateAndGet(143)) - 684cf9fb-e479-489c-a91c-375b0f942c31: start LeaderState
2019-06-15 13:40:22,961 INFO  storage.RaftLogWorker (RaftLogWorker.java:startLogSegment(298)) - 684cf9fb-e479-489c-a91c-375b0f942c31-RaftLogWorker: Starting segment from index:0
2019-06-15 13:40:22,962 INFO  impl.RaftServerImpl (ServerState.java:setRaftConf(361)) - 684cf9fb-e479-489c-a91c-375b0f942c31:group-ECF1A37C61D9 set configuration 0: [684cf9fb-e479-489c-a91c-375b0f942c31:192.168.46.1:43949], old=null at 0
2019-06-15 13:40:22,980 INFO  impl.FollowerState (FollowerState.java:run(101)) - 684cf9fb-e479-489c-a91c-375b0f942c31:group-939D8D9AD9B0 changes to CANDIDATE, lastRpcTime:1043, electionTimeout:1031ms
2019-06-15 13:40:22,981 INFO  impl.RoleInfo (RoleInfo.java:shutdownFollowerState(121)) - 684cf9fb-e479-489c-a91c-375b0f942c31: shutdown FollowerState
2019-06-15 13:40:22,981 INFO  impl.RaftServerImpl (RaftServerImpl.java:setRole(164)) - 684cf9fb-e479-489c-a91c-375b0f942c31:group-939D8D9AD9B0 changes role from FOLLOWER to CANDIDATE at term 0 for changeToCandidate
2019-06-15 13:40:22,981 INFO  impl.RoleInfo (RoleInfo.java:updateAndGet(143)) - 684cf9fb-e479-489c-a91c-375b0f942c31: start LeaderElection
2019-06-15 13:40:22,999 INFO  impl.FollowerState (FollowerState.java:run(101)) - 6f940a4e-8f6f-4018-b39e-205441962300:group-1EA9FB149224 changes to CANDIDATE, lastRpcTime:1176, electionTimeout:1174ms
2019-06-15 13:40:22,999 INFO  impl.RoleInfo (RoleInfo.java:shutdownFollowerState(121)) - 6f940a4e-8f6f-4018-b39e-205441962300: shutdown FollowerState
2019-06-15 13:40:22,999 INFO  impl.RaftServerImpl (RaftServerImpl.java:setRole(164)) - 6f940a4e-8f6f-4018-b39e-205441962300:group-1EA9FB149224 changes role from FOLLOWER to CANDIDATE at term 0 for changeToCandidate
2019-06-15 13:40:22,999 INFO  impl.RoleInfo (RoleInfo.java:updateAndGet(143)) - 6f940a4e-8f6f-4018-b39e-205441962300: start LeaderElection
2019-06-15 13:40:23,003 INFO  storage.RaftLogWorker (RaftLogWorker.java:execute(469)) - 684cf9fb-e479-489c-a91c-375b0f942c31-RaftLogWorker: created new log segment /opt/src/hadoop-ozone/integration-test/target/test-dir/MiniOzoneClusterImpl-91e88ffd-adb2-41f1-9e97-8306ea9a42d1/datanode-2/data/ratis/90050af8-ce5f-4eed-bc7c-ecf1a37c61d9/current/log_inprogress_0
2019-06-15 13:40:23,005 INFO  impl.LeaderElection (LeaderElection.java:askForVotes(181)) - 684cf9fb-e479-489c-a91c-375b0f942c31:group-939D8D9AD9B0:LeaderElection4: begin an election at term 1 for -1: [466351a5-52b3-46a1-a98e-79b6af3414db:192.168.46.1:40627, 6f940a4e-8f6f-4018-b39e-205441962300:192.168.46.1:39677, 684cf9fb-e479-489c-a91c-375b0f942c31:192.168.46.1:43949], old=null
2019-06-15 13:40:23,009 INFO  impl.LeaderElection (LeaderElection.java:askForVotes(181)) - 6f940a4e-8f6f-4018-b39e-205441962300:group-1EA9FB149224:LeaderElection5: begin an election at term 1 for -1: [6f940a4e-8f6f-4018-b39e-205441962300:192.168.46.1:39677], old=null
2019-06-15 13:40:23,009 INFO  impl.RoleInfo (RoleInfo.java:shutdownLeaderElection(134)) - 6f940a4e-8f6f-4018-b39e-205441962300: shutdown LeaderElection
2019-06-15 13:40:23,009 INFO  impl.RaftServerImpl (RaftServerImpl.java:setRole(164)) - 6f940a4e-8f6f-4018-b39e-205441962300:group-1EA9FB149224 changes role from CANDIDATE to LEADER at term 1 for changeToLeader
2019-06-15 13:40:23,009 INFO  impl.RaftServerImpl (ServerState.java:setLeader(263)) - 6f940a4e-8f6f-4018-b39e-205441962300:group-1EA9FB149224 change Leader from null to 6f940a4e-8f6f-4018-b39e-205441962300 at term 1 for becomeLeader, leader elected after 1188ms
2019-06-15 13:40:23,009 INFO  server.RaftServerConfigKeys (ConfUtils.java:logGet(43)) - raft.server.staging.catchup.gap = 1000 (default)
2019-06-15 13:40:23,009 INFO  server.RaftServerConfigKeys (ConfUtils.java:logGet(43)) - raft.server.rpc.sleep.time = 25ms (default)
2019-06-15 13:40:23,009 INFO  server.RaftServerConfigKeys (ConfUtils.java:logGet(43)) - raft.server.watch.timeout = 10s (default)
2019-06-15 13:40:23,010 INFO  server.RaftServerConfigKeys (ConfUtils.java:logGet(43)) - raft.server.watch.timeout.denomination = 1s (default)
2019-06-15 13:40:23,010 INFO  impl.RoleInfo (RoleInfo.java:updateAndGet(143)) - 6f940a4e-8f6f-4018-b39e-205441962300: start LeaderState
2019-06-15 13:40:23,010 INFO  storage.RaftLogWorker (RaftLogWorker.java:startLogSegment(298)) - 6f940a4e-8f6f-4018-b39e-205441962300-RaftLogWorker: Starting segment from index:0
2019-06-15 13:40:23,010 INFO  impl.RaftServerImpl (ServerState.java:setRaftConf(361)) - 6f940a4e-8f6f-4018-b39e-205441962300:group-1EA9FB149224 set configuration 0: [6f940a4e-8f6f-4018-b39e-205441962300:192.168.46.1:39677], old=null at 0
2019-06-15 13:40:23,016 INFO  impl.FollowerState (FollowerState.java:run(101)) - 466351a5-52b3-46a1-a98e-79b6af3414db:group-939D8D9AD9B0 changes to CANDIDATE, lastRpcTime:1104, electionTimeout:1098ms
2019-06-15 13:40:23,016 INFO  impl.RoleInfo (RoleInfo.java:shutdownFollowerState(121)) - 466351a5-52b3-46a1-a98e-79b6af3414db: shutdown FollowerState
2019-06-15 13:40:23,016 INFO  impl.RaftServerImpl (RaftServerImpl.java:setRole(164)) - 466351a5-52b3-46a1-a98e-79b6af3414db:group-939D8D9AD9B0 changes role from FOLLOWER to CANDIDATE at term 0 for changeToCandidate
2019-06-15 13:40:23,016 INFO  impl.RoleInfo (RoleInfo.java:updateAndGet(143)) - 466351a5-52b3-46a1-a98e-79b6af3414db: start LeaderElection
2019-06-15 13:40:23,059 INFO  storage.RaftLogWorker (RaftLogWorker.java:execute(469)) - 6f940a4e-8f6f-4018-b39e-205441962300-RaftLogWorker: created new log segment /opt/src/hadoop-ozone/integration-test/target/test-dir/MiniOzoneClusterImpl-91e88ffd-adb2-41f1-9e97-8306ea9a42d1/datanode-3/data/ratis/ac1d3947-a1fe-4d03-8478-1ea9fb149224/current/log_inprogress_0
2019-06-15 13:40:23,062 INFO  impl.LeaderElection (LeaderElection.java:askForVotes(181)) - 466351a5-52b3-46a1-a98e-79b6af3414db:group-939D8D9AD9B0:LeaderElection6: begin an election at term 1 for -1: [466351a5-52b3-46a1-a98e-79b6af3414db:192.168.46.1:40627, 6f940a4e-8f6f-4018-b39e-205441962300:192.168.46.1:39677, 684cf9fb-e479-489c-a91c-375b0f942c31:192.168.46.1:43949], old=null
2019-06-15 13:40:23,063 INFO  impl.FollowerState (FollowerState.java:run(101)) - 0d4f6ada-158c-4ffd-bc7a-733a4920de18:group-BA1B3D2A49CE changes to CANDIDATE, lastRpcTime:1042, electionTimeout:1042ms
2019-06-15 13:40:23,063 INFO  impl.RoleInfo (RoleInfo.java:shutdownFollowerState(121)) - 0d4f6ada-158c-4ffd-bc7a-733a4920de18: shutdown FollowerState
2019-06-15 13:40:23,063 INFO  impl.RaftServerImpl (RaftServerImpl.java:setRole(164)) - 0d4f6ada-158c-4ffd-bc7a-733a4920de18:group-BA1B3D2A49CE changes role from FOLLOWER to CANDIDATE at term 0 for changeToCandidate
2019-06-15 13:40:23,068 INFO  impl.RoleInfo (RoleInfo.java:updateAndGet(143)) - 0d4f6ada-158c-4ffd-bc7a-733a4920de18: start LeaderElection
2019-06-15 13:40:23,080 INFO  impl.LeaderElection (LeaderElection.java:askForVotes(181)) - 0d4f6ada-158c-4ffd-bc7a-733a4920de18:group-BA1B3D2A49CE:LeaderElection7: begin an election at term 1 for -1: [0d4f6ada-158c-4ffd-bc7a-733a4920de18:192.168.46.1:36413], old=null
2019-06-15 13:40:23,080 INFO  impl.RoleInfo (RoleInfo.java:shutdownLeaderElection(134)) - 0d4f6ada-158c-4ffd-bc7a-733a4920de18: shutdown LeaderElection
2019-06-15 13:40:23,081 INFO  impl.RaftServerImpl (RaftServerImpl.java:setRole(164)) - 6f940a4e-8f6f-4018-b39e-205441962300:group-939D8D9AD9B0 changes role from FOLLOWER to FOLLOWER at term 1 for recognizeCandidate:684cf9fb-e479-489c-a91c-375b0f942c31
2019-06-15 13:40:23,083 INFO  impl.RoleInfo (RoleInfo.java:shutdownFollowerState(121)) - 6f940a4e-8f6f-4018-b39e-205441962300: shutdown FollowerState
2019-06-15 13:40:23,083 INFO  impl.RoleInfo (RoleInfo.java:updateAndGet(143)) - 6f940a4e-8f6f-4018-b39e-205441962300: start FollowerState
2019-06-15 13:40:23,083 INFO  impl.FollowerState (FollowerState.java:run(109)) - 6f940a4e-8f6f-4018-b39e-205441962300: FollowerState was interrupted: java.lang.InterruptedException: sleep interrupted
2019-06-15 13:40:23,083 INFO  impl.RaftServerImpl (RaftServerImpl.java:setRole(164)) - 0d4f6ada-158c-4ffd-bc7a-733a4920de18:group-BA1B3D2A49CE changes role from CANDIDATE to LEADER at term 1 for changeToLeader
2019-06-15 13:40:23,084 INFO  impl.RaftServerImpl (ServerState.java:setLeader(263)) - 0d4f6ada-158c-4ffd-bc7a-733a4920de18:group-BA1B3D2A49CE change Leader from null to 0d4f6ada-158c-4ffd-bc7a-733a4920de18 at term 1 for becomeLeader, leader elected after 1066ms
2019-06-15 13:40:23,084 INFO  server.RaftServerConfigKeys (ConfUtils.java:logGet(43)) - raft.server.staging.catchup.gap = 1000 (default)
2019-06-15 13:40:23,084 INFO  server.RaftServerConfigKeys (ConfUtils.java:logGet(43)) - raft.server.rpc.sleep.time = 25ms (default)
2019-06-15 13:40:23,092 INFO  server.RaftServerConfigKeys (ConfUtils.java:logGet(43)) - raft.server.watch.timeout = 10s (default)
2019-06-15 13:40:23,092 INFO  server.RaftServerConfigKeys (ConfUtils.java:logGet(43)) - raft.server.watch.timeout.denomination = 1s (default)
2019-06-15 13:40:23,092 INFO  impl.RoleInfo (RoleInfo.java:updateAndGet(143)) - 0d4f6ada-158c-4ffd-bc7a-733a4920de18: start LeaderState
2019-06-15 13:40:23,093 INFO  storage.RaftLogWorker (RaftLogWorker.java:startLogSegment(298)) - 0d4f6ada-158c-4ffd-bc7a-733a4920de18-RaftLogWorker: Starting segment from index:0
2019-06-15 13:40:23,116 INFO  impl.RaftServerImpl (ServerState.java:setRaftConf(361)) - 0d4f6ada-158c-4ffd-bc7a-733a4920de18:group-BA1B3D2A49CE set configuration 0: [0d4f6ada-158c-4ffd-bc7a-733a4920de18:192.168.46.1:36413], old=null at 0
2019-06-15 13:40:23,137 INFO  storage.RaftLogWorker (RaftLogWorker.java:execute(469)) - 0d4f6ada-158c-4ffd-bc7a-733a4920de18-RaftLogWorker: created new log segment /opt/src/hadoop-ozone/integration-test/target/test-dir/MiniOzoneClusterImpl-91e88ffd-adb2-41f1-9e97-8306ea9a42d1/datanode-4/data/ratis/ff83eea1-0285-46e2-b152-ba1b3d2a49ce/current/log_inprogress_0
2019-06-15 13:40:23,141 INFO  impl.LeaderElection (LeaderElection.java:logAndReturn(56)) - 684cf9fb-e479-489c-a91c-375b0f942c31:group-939D8D9AD9B0:LeaderElection4: Election PASSED; received 2 response(s) [684cf9fb-e479-489c-a91c-375b0f942c31->466351a5-52b3-46a1-a98e-79b6af3414db,false-t1, 684cf9fb-e479-489c-a91c-375b0f942c31->6f940a4e-8f6f-4018-b39e-205441962300,true-t1] and 0 exception(s); 684cf9fb-e479-489c-a91c-375b0f942c31:t1, leader=null, voted=684cf9fb-e479-489c-a91c-375b0f942c31, raftlog=684cf9fb-e479-489c-a91c-375b0f942c31-SegmentedRaftLog:OPENED:c-1,f-1,i0, conf=-1: [466351a5-52b3-46a1-a98e-79b6af3414db:192.168.46.1:40627, 6f940a4e-8f6f-4018-b39e-205441962300:192.168.46.1:39677, 684cf9fb-e479-489c-a91c-375b0f942c31:192.168.46.1:43949], old=null
2019-06-15 13:40:23,141 INFO  impl.RoleInfo (RoleInfo.java:shutdownLeaderElection(134)) - 684cf9fb-e479-489c-a91c-375b0f942c31: shutdown LeaderElection
2019-06-15 13:40:23,141 INFO  impl.RaftServerImpl (RaftServerImpl.java:setRole(164)) - 684cf9fb-e479-489c-a91c-375b0f942c31:group-939D8D9AD9B0 changes role from CANDIDATE to LEADER at term 1 for changeToLeader
2019-06-15 13:40:23,141 INFO  impl.RaftServerImpl (ServerState.java:setLeader(263)) - 684cf9fb-e479-489c-a91c-375b0f942c31:group-939D8D9AD9B0 change Leader from null to 684cf9fb-e479-489c-a91c-375b0f942c31 at term 1 for becomeLeader, leader elected after 1222ms
2019-06-15 13:40:23,141 INFO  server.RaftServerConfigKeys (ConfUtils.java:logGet(43)) - raft.server.staging.catchup.gap = 1000 (default)
2019-06-15 13:40:23,141 INFO  server.RaftServerConfigKeys (ConfUtils.java:logGet(43)) - raft.server.rpc.sleep.time = 25ms (default)
2019-06-15 13:40:23,141 INFO  server.RaftServerConfigKeys (ConfUtils.java:logGet(43)) - raft.server.watch.timeout = 10s (default)
2019-06-15 13:40:23,141 INFO  server.RaftServerConfigKeys (ConfUtils.java:logGet(43)) - raft.server.watch.timeout.denomination = 1s (default)
2019-06-15 13:40:23,143 INFO  server.RaftServerConfigKeys (ConfUtils.java:logGet(43)) - raft.server.log.appender.snapshot.chunk.size.max = 16MB (=16777216) (default)
2019-06-15 13:40:23,143 INFO  server.RaftServerConfigKeys (ConfUtils.java:logGet(43)) - raft.server.log.appender.buffer.byte-limit = 33554432 (custom)
2019-06-15 13:40:23,144 INFO  server.RaftServerConfigKeys (ConfUtils.java:logGet(43)) - raft.server.log.appender.buffer.element-limit = 1 (custom)
2019-06-15 13:40:23,145 INFO  grpc.GrpcConfigKeys$Server (ConfUtils.java:logGet(43)) - raft.grpc.server.leader.outstanding.appends.max = 128 (default)
2019-06-15 13:40:23,145 INFO  server.RaftServerConfigKeys (ConfUtils.java:logGet(43)) - raft.server.rpc.request.timeout = 3000ms (default)
2019-06-15 13:40:23,145 INFO  server.RaftServerConfigKeys (ConfUtils.java:logGet(43)) - raft.server.log.appender.install.snapshot.enabled = true (default)
2019-06-15 13:40:23,145 INFO  server.RaftServerConfigKeys (ConfUtils.java:logGet(43)) - raft.server.log.appender.snapshot.chunk.size.max = 16MB (=16777216) (default)
2019-06-15 13:40:23,146 INFO  server.RaftServerConfigKeys (ConfUtils.java:logGet(43)) - raft.server.log.appender.buffer.byte-limit = 33554432 (custom)
2019-06-15 13:40:23,147 INFO  server.RaftServerConfigKeys (ConfUtils.java:logGet(43)) - raft.server.log.appender.buffer.element-limit = 1 (custom)
2019-06-15 13:40:23,147 INFO  impl.LeaderElection (LeaderElection.java:logAndReturn(56)) - 466351a5-52b3-46a1-a98e-79b6af3414db:group-939D8D9AD9B0:LeaderElection6: Election REJECTED; received 2 response(s) [466351a5-52b3-46a1-a98e-79b6af3414db->6f940a4e-8f6f-4018-b39e-205441962300,false-t1, 466351a5-52b3-46a1-a98e-79b6af3414db->684cf9fb-e479-489c-a91c-375b0f942c31,false-t1] and 0 exception(s); 466351a5-52b3-46a1-a98e-79b6af3414db:t1, leader=null, voted=466351a5-52b3-46a1-a98e-79b6af3414db, raftlog=466351a5-52b3-46a1-a98e-79b6af3414db-SegmentedRaftLog:OPENED:c-1,f-1,i0, conf=-1: [466351a5-52b3-46a1-a98e-79b6af3414db:192.168.46.1:40627, 6f940a4e-8f6f-4018-b39e-205441962300:192.168.46.1:39677, 684cf9fb-e479-489c-a91c-375b0f942c31:192.168.46.1:43949], old=null
2019-06-15 13:40:23,147 INFO  grpc.GrpcConfigKeys$Server (ConfUtils.java:logGet(43)) - raft.grpc.server.leader.outstanding.appends.max = 128 (default)
2019-06-15 13:40:23,149 INFO  impl.RaftServerImpl (RaftServerImpl.java:setRole(164)) - 466351a5-52b3-46a1-a98e-79b6af3414db:group-939D8D9AD9B0 changes role from CANDIDATE to FOLLOWER at term 1 for DISCOVERED_A_NEW_TERM
2019-06-15 13:40:23,149 INFO  server.RaftServerConfigKeys (ConfUtils.java:logGet(43)) - raft.server.rpc.request.timeout = 3000ms (default)
2019-06-15 13:40:23,150 INFO  impl.RoleInfo (RoleInfo.java:shutdownLeaderElection(134)) - 466351a5-52b3-46a1-a98e-79b6af3414db: shutdown LeaderElection
2019-06-15 13:40:23,150 INFO  server.RaftServerConfigKeys (ConfUtils.java:logGet(43)) - raft.server.log.appender.install.snapshot.enabled = true (default)
2019-06-15 13:40:23,150 INFO  impl.RoleInfo (RoleInfo.java:updateAndGet(143)) - 466351a5-52b3-46a1-a98e-79b6af3414db: start FollowerState
2019-06-15 13:40:23,150 INFO  impl.RoleInfo (RoleInfo.java:updateAndGet(143)) - 684cf9fb-e479-489c-a91c-375b0f942c31: start LeaderState
2019-06-15 13:40:23,152 INFO  storage.RaftLogWorker (RaftLogWorker.java:startLogSegment(298)) - 684cf9fb-e479-489c-a91c-375b0f942c31-RaftLogWorker: Starting segment from index:0
2019-06-15 13:40:23,170 INFO  impl.RaftServerImpl (ServerState.java:setRaftConf(361)) - 684cf9fb-e479-489c-a91c-375b0f942c31:group-939D8D9AD9B0 set configuration 0: [466351a5-52b3-46a1-a98e-79b6af3414db:192.168.46.1:40627, 6f940a4e-8f6f-4018-b39e-205441962300:192.168.46.1:39677, 684cf9fb-e479-489c-a91c-375b0f942c31:192.168.46.1:43949], old=null at 0
2019-06-15 13:40:23,184 INFO  impl.RaftServerImpl (ServerState.java:setLeader(263)) - 466351a5-52b3-46a1-a98e-79b6af3414db:group-939D8D9AD9B0 change Leader from null to 684cf9fb-e479-489c-a91c-375b0f942c31 at term 1 for appendEntries, leader elected after 1280ms
2019-06-15 13:40:23,194 INFO  impl.RaftServerImpl (ServerState.java:setLeader(263)) - 6f940a4e-8f6f-4018-b39e-205441962300:group-939D8D9AD9B0 change Leader from null to 684cf9fb-e479-489c-a91c-375b0f942c31 at term 1 for appendEntries, leader elected after 1278ms
2019-06-15 13:40:23,201 INFO  storage.RaftLogWorker (RaftLogWorker.java:execute(469)) - 684cf9fb-e479-489c-a91c-375b0f942c31-RaftLogWorker: created new log segment /opt/src/hadoop-ozone/integration-test/target/test-dir/MiniOzoneClusterImpl-91e88ffd-adb2-41f1-9e97-8306ea9a42d1/datanode-2/data/ratis/5bbd9d75-633b-4e1a-be43-939d8d9ad9b0/current/log_inprogress_0
2019-06-15 13:40:23,218 INFO  impl.RaftServerImpl (ServerState.java:setRaftConf(361)) - 466351a5-52b3-46a1-a98e-79b6af3414db:group-939D8D9AD9B0 set configuration 0: [466351a5-52b3-46a1-a98e-79b6af3414db:192.168.46.1:40627, 6f940a4e-8f6f-4018-b39e-205441962300:192.168.46.1:39677, 684cf9fb-e479-489c-a91c-375b0f942c31:192.168.46.1:43949], old=null at 0
2019-06-15 13:40:23,219 INFO  storage.RaftLogWorker (RaftLogWorker.java:startLogSegment(298)) - 466351a5-52b3-46a1-a98e-79b6af3414db-RaftLogWorker: Starting segment from index:0
2019-06-15 13:40:23,219 INFO  impl.RaftServerImpl (ServerState.java:setRaftConf(361)) - 6f940a4e-8f6f-4018-b39e-205441962300:group-939D8D9AD9B0 set configuration 0: [466351a5-52b3-46a1-a98e-79b6af3414db:192.168.46.1:40627, 6f940a4e-8f6f-4018-b39e-205441962300:192.168.46.1:39677, 684cf9fb-e479-489c-a91c-375b0f942c31:192.168.46.1:43949], old=null at 0
2019-06-15 13:40:23,219 INFO  storage.RaftLogWorker (RaftLogWorker.java:startLogSegment(298)) - 6f940a4e-8f6f-4018-b39e-205441962300-RaftLogWorker: Starting segment from index:0
2019-06-15 13:40:23,251 INFO  ozone.MiniOzoneClusterImpl (MiniOzoneClusterImpl.java:lambda$waitForClusterToBeReady$0(142)) - Cluster is ready. Got 6 of 6 DN Heartbeats.
2019-06-15 13:40:23,265 INFO  storage.RaftLogWorker (RaftLogWorker.java:execute(469)) - 466351a5-52b3-46a1-a98e-79b6af3414db-RaftLogWorker: created new log segment /opt/src/hadoop-ozone/integration-test/target/test-dir/MiniOzoneClusterImpl-91e88ffd-adb2-41f1-9e97-8306ea9a42d1/datanode-0/data/ratis/5bbd9d75-633b-4e1a-be43-939d8d9ad9b0/current/log_inprogress_0
2019-06-15 13:40:23,267 INFO  storage.RaftLogWorker (RaftLogWorker.java:execute(469)) - 6f940a4e-8f6f-4018-b39e-205441962300-RaftLogWorker: created new log segment /opt/src/hadoop-ozone/integration-test/target/test-dir/MiniOzoneClusterImpl-91e88ffd-adb2-41f1-9e97-8306ea9a42d1/datanode-3/data/ratis/5bbd9d75-633b-4e1a-be43-939d8d9ad9b0/current/log_inprogress_0
]]></system-out>
    <system-err><![CDATA[ERROR StatusLogger No Log4j 2 configuration file found. Using default configuration (logging only errors to the console), or user programmatically provided configurations. Set system property 'log4j2.debug' to show Log4j 2 internal initialization logging. See https://logging.apache.org/log4j/2.x/manual/configuration.html for instructions on how to configure Log4j 2
Jun 15, 2019 1:40:16 PM com.sun.jersey.server.impl.application.WebApplicationImpl _initiate
INFO: Initiating Jersey application, version 'Jersey: 1.19 02/11/2015 03:25 AM'
Jun 15, 2019 1:40:17 PM com.sun.jersey.server.impl.application.WebApplicationImpl _initiate
INFO: Initiating Jersey application, version 'Jersey: 1.19 02/11/2015 03:25 AM'
Jun 15, 2019 1:40:17 PM com.sun.jersey.server.impl.application.WebApplicationImpl _initiate
INFO: Initiating Jersey application, version 'Jersey: 1.19 02/11/2015 03:25 AM'
Jun 15, 2019 1:40:17 PM com.sun.jersey.server.impl.application.WebApplicationImpl _initiate
INFO: Initiating Jersey application, version 'Jersey: 1.19 02/11/2015 03:25 AM'
Jun 15, 2019 1:40:17 PM com.sun.jersey.server.impl.application.WebApplicationImpl _initiate
INFO: Initiating Jersey application, version 'Jersey: 1.19 02/11/2015 03:25 AM'
Jun 15, 2019 1:40:18 PM com.sun.jersey.server.impl.application.WebApplicationImpl _initiate
INFO: Initiating Jersey application, version 'Jersey: 1.19 02/11/2015 03:25 AM'
]]></system-err>
  </testcase>
</testsuite>