<?xml version="1.0" encoding="UTF-8"?>
<testsuite xmlns:xsi="http://www.w3.org/2001/XMLSchema-instance" xsi:noNamespaceSchemaLocation="https://maven.apache.org/surefire/maven-surefire-plugin/xsd/surefire-test-report.xsd" name="org.apache.hadoop.hdds.scm.pipeline.TestNodeFailure" time="10.281" tests="1" errors="0" skipped="1" failures="0">
  <properties>
    <property name="awt.toolkit" value="sun.awt.X11.XToolkit"/>
    <property name="file.encoding.pkg" value="sun.io"/>
    <property name="java.specification.version" value="1.8"/>
    <property name="sun.cpu.isalist" value=""/>
    <property name="sun.jnu.encoding" value="UTF-8"/>
    <property name="java.class.path" value="/opt/src/hadoop-ozone/integration-test/target/test-classes:/opt/src/hadoop-ozone/integration-test/target/classes:/root/.m2/repository/org/apache/hadoop/hadoop-ozone-common/0.5.0-SNAPSHOT/hadoop-ozone-common-0.5.0-SNAPSHOT.jar:/root/.m2/repository/org/apache/commons/commons-compress/1.4.1/commons-compress-1.4.1.jar:/root/.m2/repository/org/tukaani/xz/1.0/xz-1.0.jar:/root/.m2/repository/org/apache/hadoop/hadoop-common/3.2.0/hadoop-common-3.2.0.jar:/root/.m2/repository/org/apache/hadoop/hadoop-hdfs/3.2.0/hadoop-hdfs-3.2.0.jar:/root/.m2/repository/org/apache/hadoop/hadoop-hdfs-client/3.2.0/hadoop-hdfs-client-3.2.0.jar:/root/.m2/repository/com/fasterxml/jackson/core/jackson-annotations/2.9.5/jackson-annotations-2.9.5.jar:/root/.m2/repository/org/apache/hadoop/hadoop-hdds-common/0.5.0-SNAPSHOT/hadoop-hdds-common-0.5.0-SNAPSHOT.jar:/root/.m2/repository/javax/annotation/javax.annotation-api/1.2/javax.annotation-api-1.2.jar:/root/.m2/repository/org/apache/ratis/ratis-server/0.4.0-fe2b15d-SNAPSHOT/ratis-server-0.4.0-fe2b15d-SNAPSHOT.jar:/root/.m2/repository/org/apache/ratis/ratis-thirdparty-misc/0.2.0/ratis-thirdparty-misc-0.2.0.jar:/root/.m2/repository/org/apache/ratis/ratis-proto/0.4.0-fe2b15d-SNAPSHOT/ratis-proto-0.4.0-fe2b15d-SNAPSHOT.jar:/root/.m2/repository/org/apache/ratis/ratis-common/0.4.0-fe2b15d-SNAPSHOT/ratis-common-0.4.0-fe2b15d-SNAPSHOT.jar:/root/.m2/repository/org/apache/ratis/ratis-client/0.4.0-fe2b15d-SNAPSHOT/ratis-client-0.4.0-fe2b15d-SNAPSHOT.jar:/root/.m2/repository/org/apache/ratis/ratis-netty/0.4.0-fe2b15d-SNAPSHOT/ratis-netty-0.4.0-fe2b15d-SNAPSHOT.jar:/root/.m2/repository/org/apache/ratis/ratis-grpc/0.4.0-fe2b15d-SNAPSHOT/ratis-grpc-0.4.0-fe2b15d-SNAPSHOT.jar:/root/.m2/repository/org/rocksdb/rocksdbjni/5.14.2/rocksdbjni-5.14.2.jar:/root/.m2/repository/org/apache/logging/log4j/log4j-api/2.11.0/log4j-api-2.11.0.jar:/root/.m2/repository/org/apache/logging/log4j/log4j-core/2.11.0/log4j-core-2.11.0.jar:/root/.m2/repository/com/lmax/disruptor/3.4.2/disruptor-3.4.2.jar:/root/.m2/repository/org/apache/commons/commons-pool2/2.6.0/commons-pool2-2.6.0.jar:/root/.m2/repository/org/bouncycastle/bcpkix-jdk15on/1.60/bcpkix-jdk15on-1.60.jar:/root/.m2/repository/commons-validator/commons-validator/1.6/commons-validator-1.6.jar:/root/.m2/repository/commons-digester/commons-digester/1.8.1/commons-digester-1.8.1.jar:/root/.m2/repository/io/jaegertracing/jaeger-client/0.33.1/jaeger-client-0.33.1.jar:/root/.m2/repository/io/jaegertracing/jaeger-thrift/0.33.1/jaeger-thrift-0.33.1.jar:/root/.m2/repository/org/apache/thrift/libthrift/0.11.0/libthrift-0.11.0.jar:/root/.m2/repository/com/squareup/okhttp3/okhttp/3.9.0/okhttp-3.9.0.jar:/root/.m2/repository/com/squareup/okio/okio/1.13.0/okio-1.13.0.jar:/root/.m2/repository/io/jaegertracing/jaeger-core/0.33.1/jaeger-core-0.33.1.jar:/root/.m2/repository/io/jaegertracing/jaeger-tracerresolver/0.33.1/jaeger-tracerresolver-0.33.1.jar:/root/.m2/repository/io/opentracing/contrib/opentracing-tracerresolver/0.1.5/opentracing-tracerresolver-0.1.5.jar:/root/.m2/repository/io/opentracing/opentracing-util/0.31.0/opentracing-util-0.31.0.jar:/root/.m2/repository/io/opentracing/opentracing-api/0.31.0/opentracing-api-0.31.0.jar:/root/.m2/repository/io/opentracing/opentracing-noop/0.31.0/opentracing-noop-0.31.0.jar:/root/.m2/repository/org/apache/hadoop/hadoop-hdds-server-framework/0.5.0-SNAPSHOT/hadoop-hdds-server-framework-0.5.0-SNAPSHOT.jar:/root/.m2/repository/org/apache/hadoop/hadoop-hdds-server-scm/0.5.0-SNAPSHOT/hadoop-hdds-server-scm-0.5.0-SNAPSHOT.jar:/root/.m2/repository/org/apache/hadoop/hadoop-hdds-container-service/0.5.0-SNAPSHOT/hadoop-hdds-container-service-0.5.0-SNAPSHOT.jar:/root/.m2/repository/org/apache/hadoop/hadoop-hdds-client/0.5.0-SNAPSHOT/hadoop-hdds-client-0.5.0-SNAPSHOT.jar:/root/.m2/repository/org/apache/hadoop/hadoop-hdds-tools/0.5.0-SNAPSHOT/hadoop-hdds-tools-0.5.0-SNAPSHOT.jar:/root/.m2/repository/org/apache/hadoop/hadoop-ozone-ozone-manager/0.5.0-SNAPSHOT/hadoop-ozone-ozone-manager-0.5.0-SNAPSHOT.jar:/root/.m2/repository/org/apache/hadoop/hadoop-hdds-docs/0.5.0-SNAPSHOT/hadoop-hdds-docs-0.5.0-SNAPSHOT.jar:/root/.m2/repository/org/bouncycastle/bcprov-jdk15on/1.60/bcprov-jdk15on-1.60.jar:/root/.m2/repository/org/apache/hadoop/hadoop-minikdc/3.2.0/hadoop-minikdc-3.2.0.jar:/root/.m2/repository/commons-io/commons-io/2.5/commons-io-2.5.jar:/root/.m2/repository/org/apache/kerby/kerb-simplekdc/1.0.1/kerb-simplekdc-1.0.1.jar:/root/.m2/repository/org/apache/kerby/kerb-client/1.0.1/kerb-client-1.0.1.jar:/root/.m2/repository/org/apache/kerby/kerby-config/1.0.1/kerby-config-1.0.1.jar:/root/.m2/repository/org/apache/kerby/kerb-core/1.0.1/kerb-core-1.0.1.jar:/root/.m2/repository/org/apache/kerby/kerby-pkix/1.0.1/kerby-pkix-1.0.1.jar:/root/.m2/repository/org/apache/kerby/kerby-asn1/1.0.1/kerby-asn1-1.0.1.jar:/root/.m2/repository/org/apache/kerby/kerby-util/1.0.1/kerby-util-1.0.1.jar:/root/.m2/repository/org/apache/kerby/kerb-common/1.0.1/kerb-common-1.0.1.jar:/root/.m2/repository/org/apache/kerby/kerb-crypto/1.0.1/kerb-crypto-1.0.1.jar:/root/.m2/repository/org/apache/kerby/kerb-util/1.0.1/kerb-util-1.0.1.jar:/root/.m2/repository/org/apache/kerby/token-provider/1.0.1/token-provider-1.0.1.jar:/root/.m2/repository/org/apache/kerby/kerb-admin/1.0.1/kerb-admin-1.0.1.jar:/root/.m2/repository/org/apache/kerby/kerb-server/1.0.1/kerb-server-1.0.1.jar:/root/.m2/repository/org/apache/kerby/kerb-identity/1.0.1/kerb-identity-1.0.1.jar:/root/.m2/repository/org/apache/kerby/kerby-xdr/1.0.1/kerby-xdr-1.0.1.jar:/root/.m2/repository/org/slf4j/slf4j-log4j12/1.7.25/slf4j-log4j12-1.7.25.jar:/root/.m2/repository/org/apache/hadoop/hadoop-ozone-objectstore-service/0.5.0-SNAPSHOT/hadoop-ozone-objectstore-service-0.5.0-SNAPSHOT.jar:/root/.m2/repository/org/apache/hadoop/hadoop-ozone-s3gateway/0.5.0-SNAPSHOT/hadoop-ozone-s3gateway-0.5.0-SNAPSHOT.jar:/root/.m2/repository/org/jboss/weld/servlet/weld-servlet/2.4.7.Final/weld-servlet-2.4.7.Final.jar:/root/.m2/repository/org/glassfish/jersey/containers/jersey-container-servlet-core/2.27/jersey-container-servlet-core-2.27.jar:/root/.m2/repository/org/glassfish/hk2/external/javax.inject/2.5.0-b42/javax.inject-2.5.0-b42.jar:/root/.m2/repository/org/glassfish/jersey/core/jersey-common/2.27/jersey-common-2.27.jar:/root/.m2/repository/org/glassfish/hk2/osgi-resource-locator/1.0.1/osgi-resource-locator-1.0.1.jar:/root/.m2/repository/javax/ws/rs/javax.ws.rs-api/2.1/javax.ws.rs-api-2.1.jar:/root/.m2/repository/org/glassfish/jersey/ext/cdi/jersey-cdi1x/2.27/jersey-cdi1x-2.27.jar:/root/.m2/repository/org/glassfish/jersey/inject/jersey-hk2/2.27/jersey-hk2-2.27.jar:/root/.m2/repository/org/glassfish/hk2/hk2-locator/2.5.0-b42/hk2-locator-2.5.0-b42.jar:/root/.m2/repository/org/javassist/javassist/3.22.0-CR2/javassist-3.22.0-CR2.jar:/root/.m2/repository/org/glassfish/hk2/hk2-api/2.5.0/hk2-api-2.5.0.jar:/root/.m2/repository/org/glassfish/hk2/external/jakarta.inject/2.5.0/jakarta.inject-2.5.0.jar:/root/.m2/repository/org/glassfish/hk2/hk2-utils/2.5.0/hk2-utils-2.5.0.jar:/root/.m2/repository/jakarta/annotation/jakarta.annotation-api/1.3.4/jakarta.annotation-api-1.3.4.jar:/root/.m2/repository/org/glassfish/hk2/external/aopalliance-repackaged/2.5.0/aopalliance-repackaged-2.5.0.jar:/root/.m2/repository/com/fasterxml/jackson/dataformat/jackson-dataformat-xml/2.9.0/jackson-dataformat-xml-2.9.0.jar:/root/.m2/repository/com/fasterxml/jackson/core/jackson-core/2.9.5/jackson-core-2.9.5.jar:/root/.m2/repository/com/fasterxml/jackson/module/jackson-module-jaxb-annotations/2.9.5/jackson-module-jaxb-annotations-2.9.5.jar:/root/.m2/repository/javax/enterprise/cdi-api/1.2/cdi-api-1.2.jar:/root/.m2/repository/javax/el/javax.el-api/3.0.0/javax.el-api-3.0.0.jar:/root/.m2/repository/javax/interceptor/javax.interceptor-api/1.2/javax.interceptor-api-1.2.jar:/root/.m2/repository/javax/inject/javax.inject/1/javax.inject-1.jar:/root/.m2/repository/com/sun/xml/bind/jaxb-impl/2.3.0.1/jaxb-impl-2.3.0.1.jar:/root/.m2/repository/com/sun/xml/bind/jaxb-core/2.3.0.1/jaxb-core-2.3.0.1.jar:/root/.m2/repository/javax/xml/bind/jaxb-api/2.3.0/jaxb-api-2.3.0.jar:/root/.m2/repository/javax/activation/activation/1.1.1/activation-1.1.1.jar:/root/.m2/repository/org/apache/hadoop/hadoop-ozone-csi/0.5.0-SNAPSHOT/hadoop-ozone-csi-0.5.0-SNAPSHOT.jar:/root/.m2/repository/com/google/protobuf/protobuf-java-util/3.5.1/protobuf-java-util-3.5.1.jar:/root/.m2/repository/org/apache/hadoop/hadoop-hdds-config/0.5.0-SNAPSHOT/hadoop-hdds-config-0.5.0-SNAPSHOT.jar:/root/.m2/repository/com/google/guava/guava/11.0.2/guava-11.0.2.jar:/root/.m2/repository/com/google/protobuf/protobuf-java/2.5.0/protobuf-java-2.5.0.jar:/root/.m2/repository/io/grpc/grpc-netty/1.17.1/grpc-netty-1.17.1.jar:/root/.m2/repository/io/grpc/grpc-core/1.17.1/grpc-core-1.17.1.jar:/root/.m2/repository/io/grpc/grpc-context/1.17.1/grpc-context-1.17.1.jar:/root/.m2/repository/com/google/errorprone/error_prone_annotations/2.2.0/error_prone_annotations-2.2.0.jar:/root/.m2/repository/org/codehaus/mojo/animal-sniffer-annotations/1.17/animal-sniffer-annotations-1.17.jar:/root/.m2/repository/io/opencensus/opencensus-api/0.17.0/opencensus-api-0.17.0.jar:/root/.m2/repository/io/opencensus/opencensus-contrib-grpc-metrics/0.17.0/opencensus-contrib-grpc-metrics-0.17.0.jar:/root/.m2/repository/io/netty/netty-codec-http2/4.1.30.Final/netty-codec-http2-4.1.30.Final.jar:/root/.m2/repository/io/netty/netty-codec-http/4.1.30.Final/netty-codec-http-4.1.30.Final.jar:/root/.m2/repository/io/netty/netty-codec/4.1.30.Final/netty-codec-4.1.30.Final.jar:/root/.m2/repository/io/netty/netty-handler/4.1.30.Final/netty-handler-4.1.30.Final.jar:/root/.m2/repository/io/netty/netty-handler-proxy/4.1.30.Final/netty-handler-proxy-4.1.30.Final.jar:/root/.m2/repository/io/netty/netty-codec-socks/4.1.30.Final/netty-codec-socks-4.1.30.Final.jar:/root/.m2/repository/io/netty/netty-transport-native-epoll/4.1.30.Final/netty-transport-native-epoll-4.1.30.Final.jar:/root/.m2/repository/io/netty/netty-common/4.1.30.Final/netty-common-4.1.30.Final.jar:/root/.m2/repository/io/netty/netty-buffer/4.1.30.Final/netty-buffer-4.1.30.Final.jar:/root/.m2/repository/io/netty/netty-transport/4.1.30.Final/netty-transport-4.1.30.Final.jar:/root/.m2/repository/io/netty/netty-resolver/4.1.30.Final/netty-resolver-4.1.30.Final.jar:/root/.m2/repository/io/netty/netty-transport-native-unix-common/4.1.30.Final/netty-transport-native-unix-common-4.1.30.Final.jar:/root/.m2/repository/io/grpc/grpc-protobuf/1.17.1/grpc-protobuf-1.17.1.jar:/root/.m2/repository/com/google/api/grpc/proto-google-common-protos/1.0.0/proto-google-common-protos-1.0.0.jar:/root/.m2/repository/io/grpc/grpc-protobuf-lite/1.17.1/grpc-protobuf-lite-1.17.1.jar:/root/.m2/repository/io/grpc/grpc-stub/1.17.1/grpc-stub-1.17.1.jar:/root/.m2/repository/org/apache/hadoop/hadoop-ozone-recon/0.5.0-SNAPSHOT/hadoop-ozone-recon-0.5.0-SNAPSHOT.jar:/root/.m2/repository/org/apache/hadoop/hadoop-ozone-reconcodegen/0.5.0-SNAPSHOT/hadoop-ozone-reconcodegen-0.5.0-SNAPSHOT.jar:/root/.m2/repository/com/google/inject/extensions/guice-multibindings/4.0/guice-multibindings-4.0.jar:/root/.m2/repository/com/google/inject/guice/4.0/guice-4.0.jar:/root/.m2/repository/aopalliance/aopalliance/1.0/aopalliance-1.0.jar:/root/.m2/repository/com/google/inject/extensions/guice-servlet/4.0/guice-servlet-4.0.jar:/root/.m2/repository/org/glassfish/jersey/containers/jersey-container-servlet/2.27/jersey-container-servlet-2.27.jar:/root/.m2/repository/org/glassfish/hk2/guice-bridge/2.5.0/guice-bridge-2.5.0.jar:/root/.m2/repository/org/glassfish/jersey/core/jersey-server/2.27/jersey-server-2.27.jar:/root/.m2/repository/org/glassfish/jersey/core/jersey-client/2.27/jersey-client-2.27.jar:/root/.m2/repository/org/glassfish/jersey/media/jersey-media-jaxb/2.27/jersey-media-jaxb-2.27.jar:/root/.m2/repository/javax/validation/validation-api/1.1.0.Final/validation-api-1.1.0.Final.jar:/root/.m2/repository/org/glassfish/jersey/media/jersey-media-json-jackson/2.27/jersey-media-json-jackson-2.27.jar:/root/.m2/repository/org/glassfish/jersey/ext/jersey-entity-filtering/2.27/jersey-entity-filtering-2.27.jar:/root/.m2/repository/com/google/inject/extensions/guice-assistedinject/4.0/guice-assistedinject-4.0.jar:/root/.m2/repository/org/jooq/jooq/3.11.10/jooq-3.11.10.jar:/root/.m2/repository/org/jooq/jooq-meta/3.11.10/jooq-meta-3.11.10.jar:/root/.m2/repository/org/jooq/jooq-codegen/3.11.10/jooq-codegen-3.11.10.jar:/root/.m2/repository/com/jolbox/bonecp/0.8.0.RELEASE/bonecp-0.8.0.RELEASE.jar:/root/.m2/repository/org/xerial/sqlite-jdbc/3.25.2/sqlite-jdbc-3.25.2.jar:/root/.m2/repository/org/springframework/spring-jdbc/5.1.3.RELEASE/spring-jdbc-5.1.3.RELEASE.jar:/root/.m2/repository/org/springframework/spring-beans/5.1.3.RELEASE/spring-beans-5.1.3.RELEASE.jar:/root/.m2/repository/org/springframework/spring-core/5.1.3.RELEASE/spring-core-5.1.3.RELEASE.jar:/root/.m2/repository/org/springframework/spring-jcl/5.1.3.RELEASE/spring-jcl-5.1.3.RELEASE.jar:/root/.m2/repository/org/springframework/spring-tx/5.1.3.RELEASE/spring-tx-5.1.3.RELEASE.jar:/root/.m2/repository/org/apache/hadoop/hadoop-ozone-client/0.5.0-SNAPSHOT/hadoop-ozone-client-0.5.0-SNAPSHOT.jar:/root/.m2/repository/org/apache/hadoop/hadoop-ozone-ozone-manager/0.5.0-SNAPSHOT/hadoop-ozone-ozone-manager-0.5.0-SNAPSHOT-tests.jar:/root/.m2/repository/junit/junit/4.11/junit-4.11.jar:/root/.m2/repository/org/hamcrest/hamcrest-core/1.3/hamcrest-core-1.3.jar:/root/.m2/repository/org/openjdk/jmh/jmh-core/1.19/jmh-core-1.19.jar:/root/.m2/repository/net/sf/jopt-simple/jopt-simple/4.6/jopt-simple-4.6.jar:/root/.m2/repository/org/apache/commons/commons-math3/3.1.1/commons-math3-3.1.1.jar:/root/.m2/repository/org/openjdk/jmh/jmh-generator-annprocess/1.19/jmh-generator-annprocess-1.19.jar:/root/.m2/repository/org/mockito/mockito-all/1.8.5/mockito-all-1.8.5.jar:/root/.m2/repository/org/apache/hadoop/hadoop-kms/3.2.0/hadoop-kms-3.2.0.jar:/root/.m2/repository/org/apache/hadoop/hadoop-auth/3.2.0/hadoop-auth-3.2.0.jar:/root/.m2/repository/com/nimbusds/nimbus-jose-jwt/4.41.1/nimbus-jose-jwt-4.41.1.jar:/root/.m2/repository/com/github/stephenc/jcip/jcip-annotations/1.0-1/jcip-annotations-1.0-1.jar:/root/.m2/repository/net/minidev/json-smart/2.3/json-smart-2.3.jar:/root/.m2/repository/net/minidev/accessors-smart/1.2/accessors-smart-1.2.jar:/root/.m2/repository/org/ow2/asm/asm/5.0.4/asm-5.0.4.jar:/root/.m2/repository/org/apache/curator/curator-framework/2.12.0/curator-framework-2.12.0.jar:/root/.m2/repository/com/sun/jersey/jersey-core/1.19/jersey-core-1.19.jar:/root/.m2/repository/javax/ws/rs/jsr311-api/1.1.1/jsr311-api-1.1.1.jar:/root/.m2/repository/com/sun/jersey/jersey-server/1.19/jersey-server-1.19.jar:/root/.m2/repository/javax/servlet/javax.servlet-api/3.1.0/javax.servlet-api-3.1.0.jar:/root/.m2/repository/org/eclipse/jetty/jetty-server/9.3.24.v20180605/jetty-server-9.3.24.v20180605.jar:/root/.m2/repository/org/eclipse/jetty/jetty-http/9.3.24.v20180605/jetty-http-9.3.24.v20180605.jar:/root/.m2/repository/org/eclipse/jetty/jetty-io/9.3.24.v20180605/jetty-io-9.3.24.v20180605.jar:/root/.m2/repository/org/eclipse/jetty/jetty-webapp/9.3.24.v20180605/jetty-webapp-9.3.24.v20180605.jar:/root/.m2/repository/org/eclipse/jetty/jetty-xml/9.3.24.v20180605/jetty-xml-9.3.24.v20180605.jar:/root/.m2/repository/log4j/log4j/1.2.17/log4j-1.2.17.jar:/root/.m2/repository/org/slf4j/slf4j-api/1.7.25/slf4j-api-1.7.25.jar:/root/.m2/repository/org/slf4j/jul-to-slf4j/1.7.25/jul-to-slf4j-1.7.25.jar:/root/.m2/repository/org/eclipse/jetty/jetty-util/9.3.24.v20180605/jetty-util-9.3.24.v20180605.jar:/root/.m2/repository/io/dropwizard/metrics/metrics-core/3.2.4/metrics-core-3.2.4.jar:/root/.m2/repository/com/fasterxml/jackson/core/jackson-databind/2.9.5/jackson-databind-2.9.5.jar:/root/.m2/repository/org/apache/hadoop/hadoop-kms/3.2.0/hadoop-kms-3.2.0-tests.jar:/root/.m2/repository/org/apache/hadoop/hadoop-hdds-server-scm/0.5.0-SNAPSHOT/hadoop-hdds-server-scm-0.5.0-SNAPSHOT-tests.jar:/root/.m2/repository/org/hamcrest/hamcrest-all/1.3/hamcrest-all-1.3.jar:/root/.m2/repository/info/picocli/picocli/3.9.6/picocli-3.9.6.jar:/root/.m2/repository/org/apache/hadoop/hadoop-hdds-container-service/0.5.0-SNAPSHOT/hadoop-hdds-container-service-0.5.0-SNAPSHOT-tests.jar:/root/.m2/repository/org/yaml/snakeyaml/1.16/snakeyaml-1.16.jar:/root/.m2/repository/org/apache/hadoop/hadoop-common/3.2.0/hadoop-common-3.2.0-tests.jar:/root/.m2/repository/org/apache/hadoop/hadoop-annotations/3.2.0/hadoop-annotations-3.2.0.jar:/usr/lib/jvm/java-1.8-openjdk/jre/../lib/tools.jar:/root/.m2/repository/commons-cli/commons-cli/1.2/commons-cli-1.2.jar:/root/.m2/repository/org/apache/httpcomponents/httpclient/4.5.2/httpclient-4.5.2.jar:/root/.m2/repository/org/apache/httpcomponents/httpcore/4.4.4/httpcore-4.4.4.jar:/root/.m2/repository/commons-codec/commons-codec/1.11/commons-codec-1.11.jar:/root/.m2/repository/commons-net/commons-net/3.6/commons-net-3.6.jar:/root/.m2/repository/commons-collections/commons-collections/3.2.2/commons-collections-3.2.2.jar:/root/.m2/repository/org/eclipse/jetty/jetty-servlet/9.3.24.v20180605/jetty-servlet-9.3.24.v20180605.jar:/root/.m2/repository/org/eclipse/jetty/jetty-security/9.3.24.v20180605/jetty-security-9.3.24.v20180605.jar:/root/.m2/repository/javax/servlet/jsp/jsp-api/2.1/jsp-api-2.1.jar:/root/.m2/repository/com/sun/jersey/jersey-servlet/1.19/jersey-servlet-1.19.jar:/root/.m2/repository/com/sun/jersey/jersey-json/1.19/jersey-json-1.19.jar:/root/.m2/repository/org/codehaus/jettison/jettison/1.1/jettison-1.1.jar:/root/.m2/repository/org/codehaus/jackson/jackson-core-asl/1.9.13/jackson-core-asl-1.9.13.jar:/root/.m2/repository/org/codehaus/jackson/jackson-mapper-asl/1.9.13/jackson-mapper-asl-1.9.13.jar:/root/.m2/repository/org/codehaus/jackson/jackson-jaxrs/1.9.13/jackson-jaxrs-1.9.13.jar:/root/.m2/repository/org/codehaus/jackson/jackson-xc/1.9.13/jackson-xc-1.9.13.jar:/root/.m2/repository/commons-logging/commons-logging/1.1.3/commons-logging-1.1.3.jar:/root/.m2/repository/commons-beanutils/commons-beanutils/1.9.3/commons-beanutils-1.9.3.jar:/root/.m2/repository/org/apache/commons/commons-configuration2/2.1.1/commons-configuration2-2.1.1.jar:/root/.m2/repository/org/apache/commons/commons-lang3/3.7/commons-lang3-3.7.jar:/root/.m2/repository/org/apache/commons/commons-text/1.4/commons-text-1.4.jar:/root/.m2/repository/org/apache/avro/avro/1.7.7/avro-1.7.7.jar:/root/.m2/repository/com/thoughtworks/paranamer/paranamer/2.3/paranamer-2.3.jar:/root/.m2/repository/org/xerial/snappy/snappy-java/1.0.5/snappy-java-1.0.5.jar:/root/.m2/repository/com/google/re2j/re2j/1.1/re2j-1.1.jar:/root/.m2/repository/com/google/code/gson/gson/2.2.4/gson-2.2.4.jar:/root/.m2/repository/com/jcraft/jsch/0.1.54/jsch-0.1.54.jar:/root/.m2/repository/org/apache/curator/curator-client/2.12.0/curator-client-2.12.0.jar:/root/.m2/repository/org/apache/curator/curator-recipes/2.12.0/curator-recipes-2.12.0.jar:/root/.m2/repository/com/google/code/findbugs/jsr305/3.0.0/jsr305-3.0.0.jar:/root/.m2/repository/org/apache/htrace/htrace-core4/4.1.0-incubating/htrace-core4-4.1.0-incubating.jar:/root/.m2/repository/org/apache/zookeeper/zookeeper/3.4.13/zookeeper-3.4.13.jar:/root/.m2/repository/org/apache/yetus/audience-annotations/0.5.0/audience-annotations-0.5.0.jar:/root/.m2/repository/org/codehaus/woodstox/stax2-api/3.1.4/stax2-api-3.1.4.jar:/root/.m2/repository/com/fasterxml/woodstox/woodstox-core/5.0.3/woodstox-core-5.0.3.jar:/root/.m2/repository/dnsjava/dnsjava/2.1.7/dnsjava-2.1.7.jar:/root/.m2/repository/org/apache/hadoop/hadoop-hdfs/3.2.0/hadoop-hdfs-3.2.0-tests.jar:/root/.m2/repository/org/eclipse/jetty/jetty-util-ajax/9.3.24.v20180605/jetty-util-ajax-9.3.24.v20180605.jar:/root/.m2/repository/commons-daemon/commons-daemon/1.0.13/commons-daemon-1.0.13.jar:/root/.m2/repository/io/netty/netty/3.10.5.Final/netty-3.10.5.Final.jar:/root/.m2/repository/io/netty/netty-all/4.0.52.Final/netty-all-4.0.52.Final.jar:/root/.m2/repository/org/fusesource/leveldbjni/leveldbjni-all/1.8/leveldbjni-all-1.8.jar:"/>
    <property name="java.vm.vendor" value="IcedTea"/>
    <property name="sun.arch.data.model" value="64"/>
    <property name="test.build.dir" value="/opt/src/hadoop-ozone/integration-test/target/test-dir"/>
    <property name="test.cache.data" value=""/>
    <property name="java.vendor.url" value="https://icedtea.classpath.org"/>
    <property name="user.timezone" value=""/>
    <property name="java.vm.specification.version" value="1.8"/>
    <property name="os.name" value="Linux"/>
    <property name="test.build.data" value="/opt/src/hadoop-ozone/integration-test/target/test-dir"/>
    <property name="user.country" value="US"/>
    <property name="sun.java.launcher" value="SUN_STANDARD"/>
    <property name="sun.boot.library.path" value="/usr/lib/jvm/java-1.8-openjdk/jre/lib/amd64"/>
    <property name="sun.java.command" value="/opt/src/hadoop-ozone/integration-test/target/surefire/surefirebooter4487553130339904557.jar /opt/src/hadoop-ozone/integration-test/target/surefire 2019-06-13T07-11-52_649-jvmRun1 surefire1414337735106928924tmp surefire_87045766263726056319tmp"/>
    <property name="surefire.test.class.path" value="/opt/src/hadoop-ozone/integration-test/target/test-classes:/opt/src/hadoop-ozone/integration-test/target/classes:/root/.m2/repository/org/apache/hadoop/hadoop-ozone-common/0.5.0-SNAPSHOT/hadoop-ozone-common-0.5.0-SNAPSHOT.jar:/root/.m2/repository/org/apache/commons/commons-compress/1.4.1/commons-compress-1.4.1.jar:/root/.m2/repository/org/tukaani/xz/1.0/xz-1.0.jar:/root/.m2/repository/org/apache/hadoop/hadoop-common/3.2.0/hadoop-common-3.2.0.jar:/root/.m2/repository/org/apache/hadoop/hadoop-hdfs/3.2.0/hadoop-hdfs-3.2.0.jar:/root/.m2/repository/org/apache/hadoop/hadoop-hdfs-client/3.2.0/hadoop-hdfs-client-3.2.0.jar:/root/.m2/repository/com/fasterxml/jackson/core/jackson-annotations/2.9.5/jackson-annotations-2.9.5.jar:/root/.m2/repository/org/apache/hadoop/hadoop-hdds-common/0.5.0-SNAPSHOT/hadoop-hdds-common-0.5.0-SNAPSHOT.jar:/root/.m2/repository/javax/annotation/javax.annotation-api/1.2/javax.annotation-api-1.2.jar:/root/.m2/repository/org/apache/ratis/ratis-server/0.4.0-fe2b15d-SNAPSHOT/ratis-server-0.4.0-fe2b15d-SNAPSHOT.jar:/root/.m2/repository/org/apache/ratis/ratis-thirdparty-misc/0.2.0/ratis-thirdparty-misc-0.2.0.jar:/root/.m2/repository/org/apache/ratis/ratis-proto/0.4.0-fe2b15d-SNAPSHOT/ratis-proto-0.4.0-fe2b15d-SNAPSHOT.jar:/root/.m2/repository/org/apache/ratis/ratis-common/0.4.0-fe2b15d-SNAPSHOT/ratis-common-0.4.0-fe2b15d-SNAPSHOT.jar:/root/.m2/repository/org/apache/ratis/ratis-client/0.4.0-fe2b15d-SNAPSHOT/ratis-client-0.4.0-fe2b15d-SNAPSHOT.jar:/root/.m2/repository/org/apache/ratis/ratis-netty/0.4.0-fe2b15d-SNAPSHOT/ratis-netty-0.4.0-fe2b15d-SNAPSHOT.jar:/root/.m2/repository/org/apache/ratis/ratis-grpc/0.4.0-fe2b15d-SNAPSHOT/ratis-grpc-0.4.0-fe2b15d-SNAPSHOT.jar:/root/.m2/repository/org/rocksdb/rocksdbjni/5.14.2/rocksdbjni-5.14.2.jar:/root/.m2/repository/org/apache/logging/log4j/log4j-api/2.11.0/log4j-api-2.11.0.jar:/root/.m2/repository/org/apache/logging/log4j/log4j-core/2.11.0/log4j-core-2.11.0.jar:/root/.m2/repository/com/lmax/disruptor/3.4.2/disruptor-3.4.2.jar:/root/.m2/repository/org/apache/commons/commons-pool2/2.6.0/commons-pool2-2.6.0.jar:/root/.m2/repository/org/bouncycastle/bcpkix-jdk15on/1.60/bcpkix-jdk15on-1.60.jar:/root/.m2/repository/commons-validator/commons-validator/1.6/commons-validator-1.6.jar:/root/.m2/repository/commons-digester/commons-digester/1.8.1/commons-digester-1.8.1.jar:/root/.m2/repository/io/jaegertracing/jaeger-client/0.33.1/jaeger-client-0.33.1.jar:/root/.m2/repository/io/jaegertracing/jaeger-thrift/0.33.1/jaeger-thrift-0.33.1.jar:/root/.m2/repository/org/apache/thrift/libthrift/0.11.0/libthrift-0.11.0.jar:/root/.m2/repository/com/squareup/okhttp3/okhttp/3.9.0/okhttp-3.9.0.jar:/root/.m2/repository/com/squareup/okio/okio/1.13.0/okio-1.13.0.jar:/root/.m2/repository/io/jaegertracing/jaeger-core/0.33.1/jaeger-core-0.33.1.jar:/root/.m2/repository/io/jaegertracing/jaeger-tracerresolver/0.33.1/jaeger-tracerresolver-0.33.1.jar:/root/.m2/repository/io/opentracing/contrib/opentracing-tracerresolver/0.1.5/opentracing-tracerresolver-0.1.5.jar:/root/.m2/repository/io/opentracing/opentracing-util/0.31.0/opentracing-util-0.31.0.jar:/root/.m2/repository/io/opentracing/opentracing-api/0.31.0/opentracing-api-0.31.0.jar:/root/.m2/repository/io/opentracing/opentracing-noop/0.31.0/opentracing-noop-0.31.0.jar:/root/.m2/repository/org/apache/hadoop/hadoop-hdds-server-framework/0.5.0-SNAPSHOT/hadoop-hdds-server-framework-0.5.0-SNAPSHOT.jar:/root/.m2/repository/org/apache/hadoop/hadoop-hdds-server-scm/0.5.0-SNAPSHOT/hadoop-hdds-server-scm-0.5.0-SNAPSHOT.jar:/root/.m2/repository/org/apache/hadoop/hadoop-hdds-container-service/0.5.0-SNAPSHOT/hadoop-hdds-container-service-0.5.0-SNAPSHOT.jar:/root/.m2/repository/org/apache/hadoop/hadoop-hdds-client/0.5.0-SNAPSHOT/hadoop-hdds-client-0.5.0-SNAPSHOT.jar:/root/.m2/repository/org/apache/hadoop/hadoop-hdds-tools/0.5.0-SNAPSHOT/hadoop-hdds-tools-0.5.0-SNAPSHOT.jar:/root/.m2/repository/org/apache/hadoop/hadoop-ozone-ozone-manager/0.5.0-SNAPSHOT/hadoop-ozone-ozone-manager-0.5.0-SNAPSHOT.jar:/root/.m2/repository/org/apache/hadoop/hadoop-hdds-docs/0.5.0-SNAPSHOT/hadoop-hdds-docs-0.5.0-SNAPSHOT.jar:/root/.m2/repository/org/bouncycastle/bcprov-jdk15on/1.60/bcprov-jdk15on-1.60.jar:/root/.m2/repository/org/apache/hadoop/hadoop-minikdc/3.2.0/hadoop-minikdc-3.2.0.jar:/root/.m2/repository/commons-io/commons-io/2.5/commons-io-2.5.jar:/root/.m2/repository/org/apache/kerby/kerb-simplekdc/1.0.1/kerb-simplekdc-1.0.1.jar:/root/.m2/repository/org/apache/kerby/kerb-client/1.0.1/kerb-client-1.0.1.jar:/root/.m2/repository/org/apache/kerby/kerby-config/1.0.1/kerby-config-1.0.1.jar:/root/.m2/repository/org/apache/kerby/kerb-core/1.0.1/kerb-core-1.0.1.jar:/root/.m2/repository/org/apache/kerby/kerby-pkix/1.0.1/kerby-pkix-1.0.1.jar:/root/.m2/repository/org/apache/kerby/kerby-asn1/1.0.1/kerby-asn1-1.0.1.jar:/root/.m2/repository/org/apache/kerby/kerby-util/1.0.1/kerby-util-1.0.1.jar:/root/.m2/repository/org/apache/kerby/kerb-common/1.0.1/kerb-common-1.0.1.jar:/root/.m2/repository/org/apache/kerby/kerb-crypto/1.0.1/kerb-crypto-1.0.1.jar:/root/.m2/repository/org/apache/kerby/kerb-util/1.0.1/kerb-util-1.0.1.jar:/root/.m2/repository/org/apache/kerby/token-provider/1.0.1/token-provider-1.0.1.jar:/root/.m2/repository/org/apache/kerby/kerb-admin/1.0.1/kerb-admin-1.0.1.jar:/root/.m2/repository/org/apache/kerby/kerb-server/1.0.1/kerb-server-1.0.1.jar:/root/.m2/repository/org/apache/kerby/kerb-identity/1.0.1/kerb-identity-1.0.1.jar:/root/.m2/repository/org/apache/kerby/kerby-xdr/1.0.1/kerby-xdr-1.0.1.jar:/root/.m2/repository/org/slf4j/slf4j-log4j12/1.7.25/slf4j-log4j12-1.7.25.jar:/root/.m2/repository/org/apache/hadoop/hadoop-ozone-objectstore-service/0.5.0-SNAPSHOT/hadoop-ozone-objectstore-service-0.5.0-SNAPSHOT.jar:/root/.m2/repository/org/apache/hadoop/hadoop-ozone-s3gateway/0.5.0-SNAPSHOT/hadoop-ozone-s3gateway-0.5.0-SNAPSHOT.jar:/root/.m2/repository/org/jboss/weld/servlet/weld-servlet/2.4.7.Final/weld-servlet-2.4.7.Final.jar:/root/.m2/repository/org/glassfish/jersey/containers/jersey-container-servlet-core/2.27/jersey-container-servlet-core-2.27.jar:/root/.m2/repository/org/glassfish/hk2/external/javax.inject/2.5.0-b42/javax.inject-2.5.0-b42.jar:/root/.m2/repository/org/glassfish/jersey/core/jersey-common/2.27/jersey-common-2.27.jar:/root/.m2/repository/org/glassfish/hk2/osgi-resource-locator/1.0.1/osgi-resource-locator-1.0.1.jar:/root/.m2/repository/javax/ws/rs/javax.ws.rs-api/2.1/javax.ws.rs-api-2.1.jar:/root/.m2/repository/org/glassfish/jersey/ext/cdi/jersey-cdi1x/2.27/jersey-cdi1x-2.27.jar:/root/.m2/repository/org/glassfish/jersey/inject/jersey-hk2/2.27/jersey-hk2-2.27.jar:/root/.m2/repository/org/glassfish/hk2/hk2-locator/2.5.0-b42/hk2-locator-2.5.0-b42.jar:/root/.m2/repository/org/javassist/javassist/3.22.0-CR2/javassist-3.22.0-CR2.jar:/root/.m2/repository/org/glassfish/hk2/hk2-api/2.5.0/hk2-api-2.5.0.jar:/root/.m2/repository/org/glassfish/hk2/external/jakarta.inject/2.5.0/jakarta.inject-2.5.0.jar:/root/.m2/repository/org/glassfish/hk2/hk2-utils/2.5.0/hk2-utils-2.5.0.jar:/root/.m2/repository/jakarta/annotation/jakarta.annotation-api/1.3.4/jakarta.annotation-api-1.3.4.jar:/root/.m2/repository/org/glassfish/hk2/external/aopalliance-repackaged/2.5.0/aopalliance-repackaged-2.5.0.jar:/root/.m2/repository/com/fasterxml/jackson/dataformat/jackson-dataformat-xml/2.9.0/jackson-dataformat-xml-2.9.0.jar:/root/.m2/repository/com/fasterxml/jackson/core/jackson-core/2.9.5/jackson-core-2.9.5.jar:/root/.m2/repository/com/fasterxml/jackson/module/jackson-module-jaxb-annotations/2.9.5/jackson-module-jaxb-annotations-2.9.5.jar:/root/.m2/repository/javax/enterprise/cdi-api/1.2/cdi-api-1.2.jar:/root/.m2/repository/javax/el/javax.el-api/3.0.0/javax.el-api-3.0.0.jar:/root/.m2/repository/javax/interceptor/javax.interceptor-api/1.2/javax.interceptor-api-1.2.jar:/root/.m2/repository/javax/inject/javax.inject/1/javax.inject-1.jar:/root/.m2/repository/com/sun/xml/bind/jaxb-impl/2.3.0.1/jaxb-impl-2.3.0.1.jar:/root/.m2/repository/com/sun/xml/bind/jaxb-core/2.3.0.1/jaxb-core-2.3.0.1.jar:/root/.m2/repository/javax/xml/bind/jaxb-api/2.3.0/jaxb-api-2.3.0.jar:/root/.m2/repository/javax/activation/activation/1.1.1/activation-1.1.1.jar:/root/.m2/repository/org/apache/hadoop/hadoop-ozone-csi/0.5.0-SNAPSHOT/hadoop-ozone-csi-0.5.0-SNAPSHOT.jar:/root/.m2/repository/com/google/protobuf/protobuf-java-util/3.5.1/protobuf-java-util-3.5.1.jar:/root/.m2/repository/org/apache/hadoop/hadoop-hdds-config/0.5.0-SNAPSHOT/hadoop-hdds-config-0.5.0-SNAPSHOT.jar:/root/.m2/repository/com/google/guava/guava/11.0.2/guava-11.0.2.jar:/root/.m2/repository/com/google/protobuf/protobuf-java/2.5.0/protobuf-java-2.5.0.jar:/root/.m2/repository/io/grpc/grpc-netty/1.17.1/grpc-netty-1.17.1.jar:/root/.m2/repository/io/grpc/grpc-core/1.17.1/grpc-core-1.17.1.jar:/root/.m2/repository/io/grpc/grpc-context/1.17.1/grpc-context-1.17.1.jar:/root/.m2/repository/com/google/errorprone/error_prone_annotations/2.2.0/error_prone_annotations-2.2.0.jar:/root/.m2/repository/org/codehaus/mojo/animal-sniffer-annotations/1.17/animal-sniffer-annotations-1.17.jar:/root/.m2/repository/io/opencensus/opencensus-api/0.17.0/opencensus-api-0.17.0.jar:/root/.m2/repository/io/opencensus/opencensus-contrib-grpc-metrics/0.17.0/opencensus-contrib-grpc-metrics-0.17.0.jar:/root/.m2/repository/io/netty/netty-codec-http2/4.1.30.Final/netty-codec-http2-4.1.30.Final.jar:/root/.m2/repository/io/netty/netty-codec-http/4.1.30.Final/netty-codec-http-4.1.30.Final.jar:/root/.m2/repository/io/netty/netty-codec/4.1.30.Final/netty-codec-4.1.30.Final.jar:/root/.m2/repository/io/netty/netty-handler/4.1.30.Final/netty-handler-4.1.30.Final.jar:/root/.m2/repository/io/netty/netty-handler-proxy/4.1.30.Final/netty-handler-proxy-4.1.30.Final.jar:/root/.m2/repository/io/netty/netty-codec-socks/4.1.30.Final/netty-codec-socks-4.1.30.Final.jar:/root/.m2/repository/io/netty/netty-transport-native-epoll/4.1.30.Final/netty-transport-native-epoll-4.1.30.Final.jar:/root/.m2/repository/io/netty/netty-common/4.1.30.Final/netty-common-4.1.30.Final.jar:/root/.m2/repository/io/netty/netty-buffer/4.1.30.Final/netty-buffer-4.1.30.Final.jar:/root/.m2/repository/io/netty/netty-transport/4.1.30.Final/netty-transport-4.1.30.Final.jar:/root/.m2/repository/io/netty/netty-resolver/4.1.30.Final/netty-resolver-4.1.30.Final.jar:/root/.m2/repository/io/netty/netty-transport-native-unix-common/4.1.30.Final/netty-transport-native-unix-common-4.1.30.Final.jar:/root/.m2/repository/io/grpc/grpc-protobuf/1.17.1/grpc-protobuf-1.17.1.jar:/root/.m2/repository/com/google/api/grpc/proto-google-common-protos/1.0.0/proto-google-common-protos-1.0.0.jar:/root/.m2/repository/io/grpc/grpc-protobuf-lite/1.17.1/grpc-protobuf-lite-1.17.1.jar:/root/.m2/repository/io/grpc/grpc-stub/1.17.1/grpc-stub-1.17.1.jar:/root/.m2/repository/org/apache/hadoop/hadoop-ozone-recon/0.5.0-SNAPSHOT/hadoop-ozone-recon-0.5.0-SNAPSHOT.jar:/root/.m2/repository/org/apache/hadoop/hadoop-ozone-reconcodegen/0.5.0-SNAPSHOT/hadoop-ozone-reconcodegen-0.5.0-SNAPSHOT.jar:/root/.m2/repository/com/google/inject/extensions/guice-multibindings/4.0/guice-multibindings-4.0.jar:/root/.m2/repository/com/google/inject/guice/4.0/guice-4.0.jar:/root/.m2/repository/aopalliance/aopalliance/1.0/aopalliance-1.0.jar:/root/.m2/repository/com/google/inject/extensions/guice-servlet/4.0/guice-servlet-4.0.jar:/root/.m2/repository/org/glassfish/jersey/containers/jersey-container-servlet/2.27/jersey-container-servlet-2.27.jar:/root/.m2/repository/org/glassfish/hk2/guice-bridge/2.5.0/guice-bridge-2.5.0.jar:/root/.m2/repository/org/glassfish/jersey/core/jersey-server/2.27/jersey-server-2.27.jar:/root/.m2/repository/org/glassfish/jersey/core/jersey-client/2.27/jersey-client-2.27.jar:/root/.m2/repository/org/glassfish/jersey/media/jersey-media-jaxb/2.27/jersey-media-jaxb-2.27.jar:/root/.m2/repository/javax/validation/validation-api/1.1.0.Final/validation-api-1.1.0.Final.jar:/root/.m2/repository/org/glassfish/jersey/media/jersey-media-json-jackson/2.27/jersey-media-json-jackson-2.27.jar:/root/.m2/repository/org/glassfish/jersey/ext/jersey-entity-filtering/2.27/jersey-entity-filtering-2.27.jar:/root/.m2/repository/com/google/inject/extensions/guice-assistedinject/4.0/guice-assistedinject-4.0.jar:/root/.m2/repository/org/jooq/jooq/3.11.10/jooq-3.11.10.jar:/root/.m2/repository/org/jooq/jooq-meta/3.11.10/jooq-meta-3.11.10.jar:/root/.m2/repository/org/jooq/jooq-codegen/3.11.10/jooq-codegen-3.11.10.jar:/root/.m2/repository/com/jolbox/bonecp/0.8.0.RELEASE/bonecp-0.8.0.RELEASE.jar:/root/.m2/repository/org/xerial/sqlite-jdbc/3.25.2/sqlite-jdbc-3.25.2.jar:/root/.m2/repository/org/springframework/spring-jdbc/5.1.3.RELEASE/spring-jdbc-5.1.3.RELEASE.jar:/root/.m2/repository/org/springframework/spring-beans/5.1.3.RELEASE/spring-beans-5.1.3.RELEASE.jar:/root/.m2/repository/org/springframework/spring-core/5.1.3.RELEASE/spring-core-5.1.3.RELEASE.jar:/root/.m2/repository/org/springframework/spring-jcl/5.1.3.RELEASE/spring-jcl-5.1.3.RELEASE.jar:/root/.m2/repository/org/springframework/spring-tx/5.1.3.RELEASE/spring-tx-5.1.3.RELEASE.jar:/root/.m2/repository/org/apache/hadoop/hadoop-ozone-client/0.5.0-SNAPSHOT/hadoop-ozone-client-0.5.0-SNAPSHOT.jar:/root/.m2/repository/org/apache/hadoop/hadoop-ozone-ozone-manager/0.5.0-SNAPSHOT/hadoop-ozone-ozone-manager-0.5.0-SNAPSHOT-tests.jar:/root/.m2/repository/junit/junit/4.11/junit-4.11.jar:/root/.m2/repository/org/hamcrest/hamcrest-core/1.3/hamcrest-core-1.3.jar:/root/.m2/repository/org/openjdk/jmh/jmh-core/1.19/jmh-core-1.19.jar:/root/.m2/repository/net/sf/jopt-simple/jopt-simple/4.6/jopt-simple-4.6.jar:/root/.m2/repository/org/apache/commons/commons-math3/3.1.1/commons-math3-3.1.1.jar:/root/.m2/repository/org/openjdk/jmh/jmh-generator-annprocess/1.19/jmh-generator-annprocess-1.19.jar:/root/.m2/repository/org/mockito/mockito-all/1.8.5/mockito-all-1.8.5.jar:/root/.m2/repository/org/apache/hadoop/hadoop-kms/3.2.0/hadoop-kms-3.2.0.jar:/root/.m2/repository/org/apache/hadoop/hadoop-auth/3.2.0/hadoop-auth-3.2.0.jar:/root/.m2/repository/com/nimbusds/nimbus-jose-jwt/4.41.1/nimbus-jose-jwt-4.41.1.jar:/root/.m2/repository/com/github/stephenc/jcip/jcip-annotations/1.0-1/jcip-annotations-1.0-1.jar:/root/.m2/repository/net/minidev/json-smart/2.3/json-smart-2.3.jar:/root/.m2/repository/net/minidev/accessors-smart/1.2/accessors-smart-1.2.jar:/root/.m2/repository/org/ow2/asm/asm/5.0.4/asm-5.0.4.jar:/root/.m2/repository/org/apache/curator/curator-framework/2.12.0/curator-framework-2.12.0.jar:/root/.m2/repository/com/sun/jersey/jersey-core/1.19/jersey-core-1.19.jar:/root/.m2/repository/javax/ws/rs/jsr311-api/1.1.1/jsr311-api-1.1.1.jar:/root/.m2/repository/com/sun/jersey/jersey-server/1.19/jersey-server-1.19.jar:/root/.m2/repository/javax/servlet/javax.servlet-api/3.1.0/javax.servlet-api-3.1.0.jar:/root/.m2/repository/org/eclipse/jetty/jetty-server/9.3.24.v20180605/jetty-server-9.3.24.v20180605.jar:/root/.m2/repository/org/eclipse/jetty/jetty-http/9.3.24.v20180605/jetty-http-9.3.24.v20180605.jar:/root/.m2/repository/org/eclipse/jetty/jetty-io/9.3.24.v20180605/jetty-io-9.3.24.v20180605.jar:/root/.m2/repository/org/eclipse/jetty/jetty-webapp/9.3.24.v20180605/jetty-webapp-9.3.24.v20180605.jar:/root/.m2/repository/org/eclipse/jetty/jetty-xml/9.3.24.v20180605/jetty-xml-9.3.24.v20180605.jar:/root/.m2/repository/log4j/log4j/1.2.17/log4j-1.2.17.jar:/root/.m2/repository/org/slf4j/slf4j-api/1.7.25/slf4j-api-1.7.25.jar:/root/.m2/repository/org/slf4j/jul-to-slf4j/1.7.25/jul-to-slf4j-1.7.25.jar:/root/.m2/repository/org/eclipse/jetty/jetty-util/9.3.24.v20180605/jetty-util-9.3.24.v20180605.jar:/root/.m2/repository/io/dropwizard/metrics/metrics-core/3.2.4/metrics-core-3.2.4.jar:/root/.m2/repository/com/fasterxml/jackson/core/jackson-databind/2.9.5/jackson-databind-2.9.5.jar:/root/.m2/repository/org/apache/hadoop/hadoop-kms/3.2.0/hadoop-kms-3.2.0-tests.jar:/root/.m2/repository/org/apache/hadoop/hadoop-hdds-server-scm/0.5.0-SNAPSHOT/hadoop-hdds-server-scm-0.5.0-SNAPSHOT-tests.jar:/root/.m2/repository/org/hamcrest/hamcrest-all/1.3/hamcrest-all-1.3.jar:/root/.m2/repository/info/picocli/picocli/3.9.6/picocli-3.9.6.jar:/root/.m2/repository/org/apache/hadoop/hadoop-hdds-container-service/0.5.0-SNAPSHOT/hadoop-hdds-container-service-0.5.0-SNAPSHOT-tests.jar:/root/.m2/repository/org/yaml/snakeyaml/1.16/snakeyaml-1.16.jar:/root/.m2/repository/org/apache/hadoop/hadoop-common/3.2.0/hadoop-common-3.2.0-tests.jar:/root/.m2/repository/org/apache/hadoop/hadoop-annotations/3.2.0/hadoop-annotations-3.2.0.jar:/usr/lib/jvm/java-1.8-openjdk/jre/../lib/tools.jar:/root/.m2/repository/commons-cli/commons-cli/1.2/commons-cli-1.2.jar:/root/.m2/repository/org/apache/httpcomponents/httpclient/4.5.2/httpclient-4.5.2.jar:/root/.m2/repository/org/apache/httpcomponents/httpcore/4.4.4/httpcore-4.4.4.jar:/root/.m2/repository/commons-codec/commons-codec/1.11/commons-codec-1.11.jar:/root/.m2/repository/commons-net/commons-net/3.6/commons-net-3.6.jar:/root/.m2/repository/commons-collections/commons-collections/3.2.2/commons-collections-3.2.2.jar:/root/.m2/repository/org/eclipse/jetty/jetty-servlet/9.3.24.v20180605/jetty-servlet-9.3.24.v20180605.jar:/root/.m2/repository/org/eclipse/jetty/jetty-security/9.3.24.v20180605/jetty-security-9.3.24.v20180605.jar:/root/.m2/repository/javax/servlet/jsp/jsp-api/2.1/jsp-api-2.1.jar:/root/.m2/repository/com/sun/jersey/jersey-servlet/1.19/jersey-servlet-1.19.jar:/root/.m2/repository/com/sun/jersey/jersey-json/1.19/jersey-json-1.19.jar:/root/.m2/repository/org/codehaus/jettison/jettison/1.1/jettison-1.1.jar:/root/.m2/repository/org/codehaus/jackson/jackson-core-asl/1.9.13/jackson-core-asl-1.9.13.jar:/root/.m2/repository/org/codehaus/jackson/jackson-mapper-asl/1.9.13/jackson-mapper-asl-1.9.13.jar:/root/.m2/repository/org/codehaus/jackson/jackson-jaxrs/1.9.13/jackson-jaxrs-1.9.13.jar:/root/.m2/repository/org/codehaus/jackson/jackson-xc/1.9.13/jackson-xc-1.9.13.jar:/root/.m2/repository/commons-logging/commons-logging/1.1.3/commons-logging-1.1.3.jar:/root/.m2/repository/commons-beanutils/commons-beanutils/1.9.3/commons-beanutils-1.9.3.jar:/root/.m2/repository/org/apache/commons/commons-configuration2/2.1.1/commons-configuration2-2.1.1.jar:/root/.m2/repository/org/apache/commons/commons-lang3/3.7/commons-lang3-3.7.jar:/root/.m2/repository/org/apache/commons/commons-text/1.4/commons-text-1.4.jar:/root/.m2/repository/org/apache/avro/avro/1.7.7/avro-1.7.7.jar:/root/.m2/repository/com/thoughtworks/paranamer/paranamer/2.3/paranamer-2.3.jar:/root/.m2/repository/org/xerial/snappy/snappy-java/1.0.5/snappy-java-1.0.5.jar:/root/.m2/repository/com/google/re2j/re2j/1.1/re2j-1.1.jar:/root/.m2/repository/com/google/code/gson/gson/2.2.4/gson-2.2.4.jar:/root/.m2/repository/com/jcraft/jsch/0.1.54/jsch-0.1.54.jar:/root/.m2/repository/org/apache/curator/curator-client/2.12.0/curator-client-2.12.0.jar:/root/.m2/repository/org/apache/curator/curator-recipes/2.12.0/curator-recipes-2.12.0.jar:/root/.m2/repository/com/google/code/findbugs/jsr305/3.0.0/jsr305-3.0.0.jar:/root/.m2/repository/org/apache/htrace/htrace-core4/4.1.0-incubating/htrace-core4-4.1.0-incubating.jar:/root/.m2/repository/org/apache/zookeeper/zookeeper/3.4.13/zookeeper-3.4.13.jar:/root/.m2/repository/org/apache/yetus/audience-annotations/0.5.0/audience-annotations-0.5.0.jar:/root/.m2/repository/org/codehaus/woodstox/stax2-api/3.1.4/stax2-api-3.1.4.jar:/root/.m2/repository/com/fasterxml/woodstox/woodstox-core/5.0.3/woodstox-core-5.0.3.jar:/root/.m2/repository/dnsjava/dnsjava/2.1.7/dnsjava-2.1.7.jar:/root/.m2/repository/org/apache/hadoop/hadoop-hdfs/3.2.0/hadoop-hdfs-3.2.0-tests.jar:/root/.m2/repository/org/eclipse/jetty/jetty-util-ajax/9.3.24.v20180605/jetty-util-ajax-9.3.24.v20180605.jar:/root/.m2/repository/commons-daemon/commons-daemon/1.0.13/commons-daemon-1.0.13.jar:/root/.m2/repository/io/netty/netty/3.10.5.Final/netty-3.10.5.Final.jar:/root/.m2/repository/io/netty/netty-all/4.0.52.Final/netty-all-4.0.52.Final.jar:/root/.m2/repository/org/fusesource/leveldbjni/leveldbjni-all/1.8/leveldbjni-all-1.8.jar:"/>
    <property name="sun.cpu.endian" value="little"/>
    <property name="user.home" value="/root"/>
    <property name="user.language" value="en"/>
    <property name="java.specification.vendor" value="Oracle Corporation"/>
    <property name="java.home" value="/usr/lib/jvm/java-1.8-openjdk/jre"/>
    <property name="java.security.krb5.conf" value="/opt/src/hadoop-ozone/integration-test/target/test-classes/krb5.conf"/>
    <property name="basedir" value="/opt/src/hadoop-ozone/integration-test"/>
    <property name="file.separator" value="/"/>
    <property name="line.separator" value="&#10;"/>
    <property name="java.vm.specification.vendor" value="Oracle Corporation"/>
    <property name="java.specification.name" value="Java Platform API Specification"/>
    <property name="java.awt.graphicsenv" value="sun.awt.X11GraphicsEnvironment"/>
    <property name="surefire.real.class.path" value="/opt/src/hadoop-ozone/integration-test/target/surefire/surefirebooter4487553130339904557.jar"/>
    <property name="hadoop.log.dir" value="/opt/src/hadoop-ozone/integration-test/target/log"/>
    <property name="sun.boot.class.path" value="/usr/lib/jvm/java-1.8-openjdk/jre/lib/resources.jar:/usr/lib/jvm/java-1.8-openjdk/jre/lib/rt.jar:/usr/lib/jvm/java-1.8-openjdk/jre/lib/sunrsasign.jar:/usr/lib/jvm/java-1.8-openjdk/jre/lib/jsse.jar:/usr/lib/jvm/java-1.8-openjdk/jre/lib/jce.jar:/usr/lib/jvm/java-1.8-openjdk/jre/lib/charsets.jar:/usr/lib/jvm/java-1.8-openjdk/jre/lib/jfr.jar:/usr/lib/jvm/java-1.8-openjdk/jre/classes"/>
    <property name="sun.management.compiler" value="HotSpot 64-Bit Tiered Compilers"/>
    <property name="java.runtime.version" value="1.8.0_212-b04"/>
    <property name="java.net.preferIPv4Stack" value="true"/>
    <property name="user.name" value="root"/>
    <property name="path.separator" value=":"/>
    <property name="java.security.egd" value="file:///dev/urandom"/>
    <property name="os.version" value="4.15.0-1021-aws"/>
    <property name="java.endorsed.dirs" value="/usr/lib/jvm/java-1.8-openjdk/jre/lib/endorsed"/>
    <property name="java.runtime.name" value="OpenJDK Runtime Environment"/>
    <property name="file.encoding" value="UTF-8"/>
    <property name="java.vm.name" value="OpenJDK 64-Bit Server VM"/>
    <property name="test.build.webapps" value=""/>
    <property name="localRepository" value="/root/.m2/repository"/>
    <property name="java.vendor.url.bug" value="https://icedtea.classpath.org/bugzilla"/>
    <property name="java.io.tmpdir" value="/tmp"/>
    <property name="require.test.libhadoop" value=""/>
    <property name="java.version" value="1.8.0_212"/>
    <property name="user.dir" value="/opt/src/hadoop-ozone/integration-test"/>
    <property name="os.arch" value="amd64"/>
    <property name="java.vm.specification.name" value="Java Virtual Machine Specification"/>
    <property name="test.build.classes" value="/opt/src/hadoop-ozone/integration-test/target/test-classes"/>
    <property name="java.awt.printerjob" value="sun.print.PSPrinterJob"/>
    <property name="sun.os.patch.level" value="unknown"/>
    <property name="hadoop.tmp.dir" value="/opt/src/hadoop-ozone/integration-test/target/tmp"/>
    <property name="java.library.path" value="/usr/lib/jvm/java-1.8-openjdk/jre/lib/amd64/server:/usr/lib/jvm/java-1.8-openjdk/jre/lib/amd64:/usr/lib/jvm/java-1.8-openjdk/jre/../lib/amd64:/opt/src/hadoop-ozone/integration-test/target/native/target/usr/local/lib:/opt/src/hadoop-ozone/integration-test/../../hadoop-common-project/hadoop-common/target/native/target/usr/local/lib:/usr/java/packages/lib/amd64:/usr/lib64:/lib64:/lib:/usr/lib"/>
    <property name="java.vm.info" value="mixed mode"/>
    <property name="java.vendor" value="IcedTea"/>
    <property name="java.vm.version" value="25.212-b04"/>
    <property name="java.ext.dirs" value="/usr/lib/jvm/java-1.8-openjdk/jre/lib/ext:/usr/java/packages/lib/ext"/>
    <property name="sun.io.unicode.encoding" value="UnicodeLittle"/>
    <property name="java.class.version" value="52.0"/>
  </properties>
  <testcase name="testPipelineFail" classname="org.apache.hadoop.hdds.scm.pipeline.TestNodeFailure" time="0">
    <skipped/>
    <system-out><![CDATA[2019-06-13 07:15:33,713 WARN  server.ServerUtils (ServerUtils.java:getScmDbDir(145)) - ozone.scm.db.dirs is not configured. We recommend adding this setting. Falling back to ozone.metadata.dirs instead.
2019-06-13 07:15:33,785 WARN  server.ServerUtils (ServerUtils.java:getScmDbDir(145)) - ozone.scm.db.dirs is not configured. We recommend adding this setting. Falling back to ozone.metadata.dirs instead.
2019-06-13 07:15:33,788 WARN  server.ServerUtils (ServerUtils.java:getScmDbDir(145)) - ozone.scm.db.dirs is not configured. We recommend adding this setting. Falling back to ozone.metadata.dirs instead.
2019-06-13 07:15:33,802 INFO  util.log (Log.java:initialized(192)) - Logging initialized @657ms
2019-06-13 07:15:33,887 INFO  db.DBStoreBuilder (DBStoreBuilder.java:addTable(110)) - using custom profile for table: deletedBlocks
2019-06-13 07:15:33,887 INFO  db.DBStoreBuilder (DBStoreBuilder.java:processTables(161)) - Using default column profile:DBProfile.DISK for Table:deletedBlocks
2019-06-13 07:15:33,887 INFO  db.DBStoreBuilder (DBStoreBuilder.java:addTable(110)) - using custom profile for table: validCerts
2019-06-13 07:15:33,888 INFO  db.DBStoreBuilder (DBStoreBuilder.java:processTables(161)) - Using default column profile:DBProfile.DISK for Table:validCerts
2019-06-13 07:15:33,888 INFO  db.DBStoreBuilder (DBStoreBuilder.java:addTable(110)) - using custom profile for table: revokedCerts
2019-06-13 07:15:33,888 INFO  db.DBStoreBuilder (DBStoreBuilder.java:processTables(161)) - Using default column profile:DBProfile.DISK for Table:revokedCerts
2019-06-13 07:15:33,897 INFO  db.DBStoreBuilder (DBStoreBuilder.java:addTable(110)) - using custom profile for table: default
2019-06-13 07:15:33,898 INFO  db.DBStoreBuilder (DBStoreBuilder.java:processTables(167)) - Using default column profile:DBProfile.DISK for Table:default
2019-06-13 07:15:33,899 INFO  db.DBStoreBuilder (DBStoreBuilder.java:getDbProfile(198)) - Using default options. DBProfile.DISK
2019-06-13 07:15:33,970 INFO  node.SCMNodeManager (SCMNodeManager.java:<init>(108)) - Entering startup safe mode.
2019-06-13 07:15:34,026 INFO  net.NodeSchemaLoader (NodeSchemaLoader.java:loadSchemaFromFile(125)) - Loading file from sun.misc.CompoundEnumeration@443118b0
2019-06-13 07:15:34,028 INFO  net.NodeSchemaLoader (NodeSchemaLoader.java:loadSchema(171)) - Loading network topology layer schema file
2019-06-13 07:15:34,076 WARN  server.ServerUtils (ServerUtils.java:getScmDbDir(145)) - ozone.scm.db.dirs is not configured. We recommend adding this setting. Falling back to ozone.metadata.dirs instead.
2019-06-13 07:15:34,099 INFO  pipeline.SCMPipelineManager (SCMPipelineManager.java:initializePipelineState(126)) - No pipeline exists in current db
2019-06-13 07:15:34,101 WARN  server.ServerUtils (ServerUtils.java:getScmDbDir(145)) - ozone.scm.db.dirs is not configured. We recommend adding this setting. Falling back to ozone.metadata.dirs instead.
2019-06-13 07:15:34,150 WARN  events.EventQueue (EventQueue.java:fireEvent(175)) - No event handler registered for event TypedEvent{payloadType=SafeModeStatus, name='SafeModeStatus'}
2019-06-13 07:15:34,429 INFO  ipc.CallQueueManager (CallQueueManager.java:<init>(84)) - Using callQueue: class java.util.concurrent.LinkedBlockingQueue, queueCapacity: 2000, scheduler: class org.apache.hadoop.ipc.DefaultRpcScheduler, ipcBackoff: false.
2019-06-13 07:15:34,451 INFO  ipc.Server (Server.java:run(1074)) - Starting Socket Reader #1 for port 43167
2019-06-13 07:15:34,471 INFO  ipc.CallQueueManager (CallQueueManager.java:<init>(84)) - Using callQueue: class java.util.concurrent.LinkedBlockingQueue, queueCapacity: 2000, scheduler: class org.apache.hadoop.ipc.DefaultRpcScheduler, ipcBackoff: false.
2019-06-13 07:15:34,471 INFO  ipc.Server (Server.java:run(1074)) - Starting Socket Reader #1 for port 40455
2019-06-13 07:15:34,477 INFO  ipc.CallQueueManager (CallQueueManager.java:<init>(84)) - Using callQueue: class java.util.concurrent.LinkedBlockingQueue, queueCapacity: 2000, scheduler: class org.apache.hadoop.ipc.DefaultRpcScheduler, ipcBackoff: false.
2019-06-13 07:15:34,503 INFO  ipc.Server (Server.java:run(1074)) - Starting Socket Reader #1 for port 39305
2019-06-13 07:15:34,523 INFO  hdfs.DFSUtil (DFSUtil.java:httpServerTemplateForNNAndJN(1641)) - Starting Web-server for scm at: http://0.0.0.0:0
2019-06-13 07:15:34,649 INFO  server.AuthenticationFilter (AuthenticationFilter.java:constructSecretProvider(240)) - Unable to initialize FileSignerSecretProvider, falling back to use random secrets.
2019-06-13 07:15:34,655 WARN  http.HttpRequestLog (HttpRequestLog.java:getRequestLog(97)) - Jetty request log can only be enabled using Log4j
2019-06-13 07:15:34,661 INFO  http.HttpServer2 (HttpServer2.java:addGlobalFilter(975)) - Added global filter 'safety' (class=org.apache.hadoop.http.HttpServer2$QuotingInputFilter)
2019-06-13 07:15:34,663 INFO  http.HttpServer2 (HttpServer2.java:addFilter(948)) - Added filter static_user_filter (class=org.apache.hadoop.http.lib.StaticUserWebFilter$StaticUserFilter) to context scm
2019-06-13 07:15:34,664 INFO  http.HttpServer2 (HttpServer2.java:addFilter(958)) - Added filter static_user_filter (class=org.apache.hadoop.http.lib.StaticUserWebFilter$StaticUserFilter) to context logs
2019-06-13 07:15:34,664 INFO  http.HttpServer2 (HttpServer2.java:addFilter(958)) - Added filter static_user_filter (class=org.apache.hadoop.http.lib.StaticUserWebFilter$StaticUserFilter) to context static
2019-06-13 07:15:34,683 INFO  server.StorageContainerManager (StorageContainerManager.java:start(752)) - StorageContainerLocationProtocol RPC server is listening at /0.0.0.0:39305
2019-06-13 07:15:34,726 WARN  impl.MetricsConfig (MetricsConfig.java:loadFirst(134)) - Cannot locate configuration: tried hadoop-metrics2-storagecontainermanager.properties,hadoop-metrics2.properties
2019-06-13 07:15:34,735 INFO  impl.MetricsSystemImpl (MetricsSystemImpl.java:startTimer(374)) - Scheduled Metric snapshot period at 10 second(s).
2019-06-13 07:15:34,735 INFO  impl.MetricsSystemImpl (MetricsSystemImpl.java:start(191)) - StorageContainerManager metrics system started
2019-06-13 07:15:34,908 INFO  server.SCMClientProtocolServer (SCMClientProtocolServer.java:start(149)) - RPC server for Client  is listening at /0.0.0.0:39305
2019-06-13 07:15:34,909 INFO  ipc.Server (Server.java:run(1314)) - IPC Server Responder: starting
2019-06-13 07:15:34,909 INFO  ipc.Server (Server.java:run(1153)) - IPC Server listener on 39305: starting
2019-06-13 07:15:34,912 INFO  server.StorageContainerManager (StorageContainerManager.java:start(761)) - ScmBlockLocationProtocol RPC server is listening at /0.0.0.0:40455
2019-06-13 07:15:34,913 INFO  server.SCMBlockProtocolServer (SCMBlockProtocolServer.java:start(137)) - RPC server for Block Protocol is listening at /0.0.0.0:40455
2019-06-13 07:15:34,913 INFO  ipc.Server (Server.java:run(1314)) - IPC Server Responder: starting
2019-06-13 07:15:34,913 INFO  ipc.Server (Server.java:run(1153)) - IPC Server listener on 40455: starting
2019-06-13 07:15:34,920 INFO  server.StorageContainerManager (StorageContainerManager.java:start(765)) - ScmDatanodeProtocl RPC server is listening at /0.0.0.0:43167
2019-06-13 07:15:34,920 INFO  server.SCMDatanodeProtocolServer (SCMDatanodeProtocolServer.java:start(191)) - RPC server for DataNodes is listening at /0.0.0.0:43167
2019-06-13 07:15:34,920 INFO  ipc.Server (Server.java:run(1314)) - IPC Server Responder: starting
2019-06-13 07:15:34,921 INFO  ipc.Server (Server.java:run(1153)) - IPC Server listener on 43167: starting
2019-06-13 07:15:34,925 INFO  http.HttpServer2 (HttpServer2.java:bindListener(1191)) - Jetty bound to port 41779
2019-06-13 07:15:34,927 INFO  server.Server (Server.java:doStart(351)) - jetty-9.3.24.v20180605, build timestamp: 2018-06-05T17:11:56Z, git hash: 84205aa28f11a4f31f2a3b86d1bba2cc8ab69827
2019-06-13 07:15:34,964 INFO  handler.ContextHandler (ContextHandler.java:doStart(781)) - Started o.e.j.s.ServletContextHandler@2df6226d{/logs,file:///opt/src/hadoop-ozone/integration-test/target/log,AVAILABLE}
2019-06-13 07:15:34,966 INFO  handler.ContextHandler (ContextHandler.java:doStart(781)) - Started o.e.j.s.ServletContextHandler@4ff4357f{/static,file:///opt/src/hadoop-ozone/integration-test/target/test-classes/webapps/static,AVAILABLE}
2019-06-13 07:15:34,997 INFO  handler.ContextHandler (ContextHandler.java:doStart(781)) - Started o.e.j.w.WebAppContext@2484f433{/,file:///opt/src/hadoop-ozone/integration-test/target/test-classes/webapps/scm/,AVAILABLE}{/scm}
2019-06-13 07:15:35,004 INFO  server.AbstractConnector (AbstractConnector.java:doStart(278)) - Started ServerConnector@841e575{HTTP/1.1,[http/1.1]}{0.0.0.0:41779}
2019-06-13 07:15:35,005 INFO  server.Server (Server.java:doStart(419)) - Started @1860ms
2019-06-13 07:15:35,006 INFO  server.BaseHttpServer (BaseHttpServer.java:updateConnectorAddress(207)) - HTTP server of SCM is listening at http://0.0.0.0:41779
2019-06-13 07:15:35,018 WARN  scm.ScmUtils (ScmUtils.java:getDBPath(63)) - ozone.om.db.dirs is not configured. We recommend adding this setting. Falling back to ozone.metadata.dirs instead.
2019-06-13 07:15:35,019 INFO  util.JvmPauseMonitor (JvmPauseMonitor.java:run(188)) - Starting JVM pause monitor
2019-06-13 07:15:35,107 WARN  scm.ScmUtils (ScmUtils.java:getDBPath(63)) - ozone.om.db.dirs is not configured. We recommend adding this setting. Falling back to ozone.metadata.dirs instead.
2019-06-13 07:15:35,108 INFO  om.OzoneManager (OzoneManager.java:setOMNodeDetails(519)) - OM Service ID is not set. Setting it to the default ID: omServiceIdDefault
2019-06-13 07:15:35,108 INFO  om.OzoneManager (OzoneManager.java:setOMNodeDetails(525)) - OM Node ID is not set. Setting it to the OmStorage's OmID: 452fc8e1-11b7-41f7-aa2d-502144cdf4de
2019-06-13 07:15:35,109 WARN  scm.HddsServerUtil (HddsServerUtil.java:getDefaultRatisDirectory(354)) - Storage directory for Ratis is not configured. It is a good idea to map this to an SSD disk. Falling back to ozone.metadata.dirs
2019-06-13 07:15:35,110 WARN  scm.HddsServerUtil (HddsServerUtil.java:getDefaultRatisDirectory(354)) - Storage directory for Ratis is not configured. It is a good idea to map this to an SSD disk. Falling back to ozone.metadata.dirs
2019-06-13 07:15:35,110 INFO  om.OzoneManager (OzoneManager.java:loadOMHAConfigs(476)) - Found matching OM address with OMServiceId: null, OMNodeId: null, RPC Address: localhost:0 and Ratis port: 9872
2019-06-13 07:15:35,279 WARN  scm.ScmUtils (ScmUtils.java:getDBPath(63)) - ozone.om.db.dirs is not configured. We recommend adding this setting. Falling back to ozone.metadata.dirs instead.
2019-06-13 07:15:35,286 INFO  db.DBStoreBuilder (DBStoreBuilder.java:addTable(110)) - using custom profile for table: userTable
2019-06-13 07:15:35,286 INFO  db.DBStoreBuilder (DBStoreBuilder.java:processTables(161)) - Using default column profile:DBProfile.DISK for Table:userTable
2019-06-13 07:15:35,287 INFO  db.DBStoreBuilder (DBStoreBuilder.java:addTable(110)) - using custom profile for table: volumeTable
2019-06-13 07:15:35,287 INFO  db.DBStoreBuilder (DBStoreBuilder.java:processTables(161)) - Using default column profile:DBProfile.DISK for Table:volumeTable
2019-06-13 07:15:35,287 INFO  db.DBStoreBuilder (DBStoreBuilder.java:addTable(110)) - using custom profile for table: bucketTable
2019-06-13 07:15:35,287 INFO  db.DBStoreBuilder (DBStoreBuilder.java:processTables(161)) - Using default column profile:DBProfile.DISK for Table:bucketTable
2019-06-13 07:15:35,288 INFO  db.DBStoreBuilder (DBStoreBuilder.java:addTable(110)) - using custom profile for table: keyTable
2019-06-13 07:15:35,288 INFO  db.DBStoreBuilder (DBStoreBuilder.java:processTables(161)) - Using default column profile:DBProfile.DISK for Table:keyTable
2019-06-13 07:15:35,288 INFO  db.DBStoreBuilder (DBStoreBuilder.java:addTable(110)) - using custom profile for table: deletedTable
2019-06-13 07:15:35,288 INFO  db.DBStoreBuilder (DBStoreBuilder.java:processTables(161)) - Using default column profile:DBProfile.DISK for Table:deletedTable
2019-06-13 07:15:35,289 INFO  db.DBStoreBuilder (DBStoreBuilder.java:addTable(110)) - using custom profile for table: openKeyTable
2019-06-13 07:15:35,289 INFO  db.DBStoreBuilder (DBStoreBuilder.java:processTables(161)) - Using default column profile:DBProfile.DISK for Table:openKeyTable
2019-06-13 07:15:35,289 INFO  db.DBStoreBuilder (DBStoreBuilder.java:addTable(110)) - using custom profile for table: s3Table
2019-06-13 07:15:35,289 INFO  db.DBStoreBuilder (DBStoreBuilder.java:processTables(161)) - Using default column profile:DBProfile.DISK for Table:s3Table
2019-06-13 07:15:35,290 INFO  db.DBStoreBuilder (DBStoreBuilder.java:addTable(110)) - using custom profile for table: multipartInfoTable
2019-06-13 07:15:35,290 INFO  db.DBStoreBuilder (DBStoreBuilder.java:processTables(161)) - Using default column profile:DBProfile.DISK for Table:multipartInfoTable
2019-06-13 07:15:35,290 INFO  db.DBStoreBuilder (DBStoreBuilder.java:addTable(110)) - using custom profile for table: dTokenTable
2019-06-13 07:15:35,290 INFO  db.DBStoreBuilder (DBStoreBuilder.java:processTables(161)) - Using default column profile:DBProfile.DISK for Table:dTokenTable
2019-06-13 07:15:35,291 INFO  db.DBStoreBuilder (DBStoreBuilder.java:addTable(110)) - using custom profile for table: s3SecretTable
2019-06-13 07:15:35,291 INFO  db.DBStoreBuilder (DBStoreBuilder.java:processTables(161)) - Using default column profile:DBProfile.DISK for Table:s3SecretTable
2019-06-13 07:15:35,291 INFO  db.DBStoreBuilder (DBStoreBuilder.java:addTable(110)) - using custom profile for table: prefixTable
2019-06-13 07:15:35,291 INFO  db.DBStoreBuilder (DBStoreBuilder.java:processTables(161)) - Using default column profile:DBProfile.DISK for Table:prefixTable
2019-06-13 07:15:35,292 INFO  db.DBStoreBuilder (DBStoreBuilder.java:addTable(110)) - using custom profile for table: default
2019-06-13 07:15:35,292 INFO  db.DBStoreBuilder (DBStoreBuilder.java:processTables(167)) - Using default column profile:DBProfile.DISK for Table:default
2019-06-13 07:15:35,292 INFO  db.DBStoreBuilder (DBStoreBuilder.java:getDbProfile(198)) - Using default options. DBProfile.DISK
2019-06-13 07:15:35,755 INFO  ipc.CallQueueManager (CallQueueManager.java:<init>(84)) - Using callQueue: class java.util.concurrent.LinkedBlockingQueue, queueCapacity: 2000, scheduler: class org.apache.hadoop.ipc.DefaultRpcScheduler, ipcBackoff: false.
2019-06-13 07:15:35,756 INFO  ipc.Server (Server.java:run(1074)) - Starting Socket Reader #1 for port 40013
2019-06-13 07:15:35,775 WARN  scm.ScmUtils (ScmUtils.java:getDBPath(63)) - ozone.om.db.dirs is not configured. We recommend adding this setting. Falling back to ozone.metadata.dirs instead.
2019-06-13 07:15:35,775 INFO  om.OzoneManager (OzoneManager.java:start(1217)) - OzoneManager RPC server is listening at localhost/127.0.0.1:40013
2019-06-13 07:15:35,775 INFO  impl.MetricsSystemImpl (MetricsSystemImpl.java:init(158)) - OzoneManager metrics system started (again)
2019-06-13 07:15:35,776 INFO  ipc.Server (Server.java:run(1314)) - IPC Server Responder: starting
2019-06-13 07:15:35,777 INFO  ipc.Server (Server.java:run(1153)) - IPC Server listener on 40013: starting
2019-06-13 07:15:35,789 INFO  hdfs.DFSUtil (DFSUtil.java:httpServerTemplateForNNAndJN(1641)) - Starting Web-server for ozoneManager at: http://0.0.0.0:0
2019-06-13 07:15:35,791 INFO  server.AuthenticationFilter (AuthenticationFilter.java:constructSecretProvider(240)) - Unable to initialize FileSignerSecretProvider, falling back to use random secrets.
2019-06-13 07:15:35,791 WARN  http.HttpRequestLog (HttpRequestLog.java:getRequestLog(97)) - Jetty request log can only be enabled using Log4j
2019-06-13 07:15:35,793 INFO  http.HttpServer2 (HttpServer2.java:addGlobalFilter(975)) - Added global filter 'safety' (class=org.apache.hadoop.http.HttpServer2$QuotingInputFilter)
2019-06-13 07:15:35,793 INFO  http.HttpServer2 (HttpServer2.java:addFilter(948)) - Added filter static_user_filter (class=org.apache.hadoop.http.lib.StaticUserWebFilter$StaticUserFilter) to context ozoneManager
2019-06-13 07:15:35,794 INFO  http.HttpServer2 (HttpServer2.java:addFilter(958)) - Added filter static_user_filter (class=org.apache.hadoop.http.lib.StaticUserWebFilter$StaticUserFilter) to context logs
2019-06-13 07:15:35,794 INFO  http.HttpServer2 (HttpServer2.java:addFilter(958)) - Added filter static_user_filter (class=org.apache.hadoop.http.lib.StaticUserWebFilter$StaticUserFilter) to context static
2019-06-13 07:15:35,795 INFO  http.HttpServer2 (HttpServer2.java:bindListener(1191)) - Jetty bound to port 42307
2019-06-13 07:15:35,796 INFO  server.Server (Server.java:doStart(351)) - jetty-9.3.24.v20180605, build timestamp: 2018-06-05T17:11:56Z, git hash: 84205aa28f11a4f31f2a3b86d1bba2cc8ab69827
2019-06-13 07:15:35,804 INFO  handler.ContextHandler (ContextHandler.java:doStart(781)) - Started o.e.j.s.ServletContextHandler@7c2a69b4{/logs,file:///opt/src/hadoop-ozone/integration-test/target/log,AVAILABLE}
2019-06-13 07:15:35,805 INFO  handler.ContextHandler (ContextHandler.java:doStart(781)) - Started o.e.j.s.ServletContextHandler@648ee871{/static,file:///opt/src/hadoop-ozone/integration-test/target/test-classes/webapps/static,AVAILABLE}
2019-06-13 07:15:35,810 INFO  handler.ContextHandler (ContextHandler.java:doStart(781)) - Started o.e.j.w.WebAppContext@6f012914{/,file:///opt/src/hadoop-ozone/integration-test/target/test-classes/webapps/ozoneManager/,AVAILABLE}{/ozoneManager}
2019-06-13 07:15:35,811 INFO  server.AbstractConnector (AbstractConnector.java:doStart(278)) - Started ServerConnector@18fdb6cf{HTTP/1.1,[http/1.1]}{0.0.0.0:42307}
2019-06-13 07:15:35,811 INFO  server.Server (Server.java:doStart(419)) - Started @2666ms
2019-06-13 07:15:35,811 INFO  server.BaseHttpServer (BaseHttpServer.java:updateConnectorAddress(207)) - HTTP server of OZONEMANAGER is listening at http://0.0.0.0:42307
2019-06-13 07:15:35,940 INFO  impl.MetricsSystemImpl (MetricsSystemImpl.java:init(158)) - HddsDatanode metrics system started (again)
2019-06-13 07:15:36,082 INFO  ozone.HddsDatanodeService (HddsDatanodeService.java:start(185)) - HddsDatanodeService host:ozone-6ghgz-2707756789 ip:192.168.46.57
2019-06-13 07:15:36,102 INFO  volume.HddsVolume (HddsVolume.java:<init>(176)) - Creating Volume: /opt/src/hadoop-ozone/integration-test/target/test-dir/MiniOzoneClusterImpl-68778601-1677-4814-aac3-c3eb9def4407/datanode-0/data/containers/hdds of  storage type : DISK and capacity : 104021790720
2019-06-13 07:15:36,104 INFO  volume.VolumeSet (VolumeSet.java:initializeVolumeSet(170)) - Added Volume : /opt/src/hadoop-ozone/integration-test/target/test-dir/MiniOzoneClusterImpl-68778601-1677-4814-aac3-c3eb9def4407/datanode-0/data/containers/hdds to VolumeSet
2019-06-13 07:15:36,106 INFO  volume.ThrottledAsyncChecker (ThrottledAsyncChecker.java:schedule(140)) - Scheduling a check for org.apache.hadoop.ozone.container.common.volume.HddsVolume@4a6c18ad
2019-06-13 07:15:36,119 INFO  volume.HddsVolumeChecker (HddsVolumeChecker.java:checkAllVolumes(203)) - Scheduled health check for volume org.apache.hadoop.ozone.container.common.volume.HddsVolume@4a6c18ad
2019-06-13 07:15:36,154 INFO  ratis.XceiverServerRatis (XceiverServerRatis.java:newXceiverServerRatis(401)) - Found a free port for the server : 39757
2019-06-13 07:15:36,205 INFO  impl.RaftServerProxy (ConfUtils.java:logGet(43)) - raft.rpc.type = GRPC (default)
2019-06-13 07:15:36,212 INFO  grpc.GrpcConfigKeys$Server (ConfUtils.java:logGet(43)) - raft.grpc.server.port = 39757 (custom)
2019-06-13 07:15:36,213 INFO  server.GrpcService (ConfUtils.java:logGet(43)) - raft.grpc.message.size.max = 33570816 (custom)
2019-06-13 07:15:36,214 INFO  server.RaftServerConfigKeys (ConfUtils.java:logGet(43)) - raft.server.log.appender.buffer.byte-limit = 33554432 (custom)
2019-06-13 07:15:36,215 INFO  server.GrpcService (ConfUtils.java:logGet(43)) - raft.grpc.flow.control.window = 1MB (=1048576) (default)
2019-06-13 07:15:36,215 INFO  server.RaftServerConfigKeys (ConfUtils.java:logGet(43)) - raft.server.rpc.request.timeout = 3000ms (default)
2019-06-13 07:15:36,331 INFO  server.RaftServerConfigKeys (ConfUtils.java:logGet(43)) - raft.server.storage.dir = [/opt/src/hadoop-ozone/integration-test/target/test-dir/MiniOzoneClusterImpl-68778601-1677-4814-aac3-c3eb9def4407/datanode-0/data/ratis] (custom)
2019-06-13 07:15:36,336 INFO  server.XceiverServerGrpc (XceiverServerGrpc.java:<init>(97)) - Found a free port for the server : 38997
2019-06-13 07:15:36,357 INFO  replication.SimpleContainerDownloader (SimpleContainerDownloader.java:<init>(72)) - Starting container downloader service to copy containers to replicate.
2019-06-13 07:15:36,366 INFO  hdfs.DFSUtil (DFSUtil.java:httpServerTemplateForNNAndJN(1641)) - Starting Web-server for hddsDatanode at: http://0.0.0.0:0
2019-06-13 07:15:36,367 INFO  server.AuthenticationFilter (AuthenticationFilter.java:constructSecretProvider(240)) - Unable to initialize FileSignerSecretProvider, falling back to use random secrets.
2019-06-13 07:15:36,368 WARN  http.HttpRequestLog (HttpRequestLog.java:getRequestLog(97)) - Jetty request log can only be enabled using Log4j
2019-06-13 07:15:36,369 INFO  http.HttpServer2 (HttpServer2.java:addGlobalFilter(975)) - Added global filter 'safety' (class=org.apache.hadoop.http.HttpServer2$QuotingInputFilter)
2019-06-13 07:15:36,369 INFO  http.HttpServer2 (HttpServer2.java:addFilter(948)) - Added filter static_user_filter (class=org.apache.hadoop.http.lib.StaticUserWebFilter$StaticUserFilter) to context hddsDatanode
2019-06-13 07:15:36,370 INFO  http.HttpServer2 (HttpServer2.java:addFilter(958)) - Added filter static_user_filter (class=org.apache.hadoop.http.lib.StaticUserWebFilter$StaticUserFilter) to context logs
2019-06-13 07:15:36,370 INFO  http.HttpServer2 (HttpServer2.java:addFilter(958)) - Added filter static_user_filter (class=org.apache.hadoop.http.lib.StaticUserWebFilter$StaticUserFilter) to context static
2019-06-13 07:15:36,370 INFO  http.HttpServer2 (HttpServer2.java:bindListener(1191)) - Jetty bound to port 33027
2019-06-13 07:15:36,370 INFO  server.Server (Server.java:doStart(351)) - jetty-9.3.24.v20180605, build timestamp: 2018-06-05T17:11:56Z, git hash: 84205aa28f11a4f31f2a3b86d1bba2cc8ab69827
2019-06-13 07:15:36,372 INFO  handler.ContextHandler (ContextHandler.java:doStart(781)) - Started o.e.j.s.ServletContextHandler@2e51d054{/logs,file:///opt/src/hadoop-ozone/integration-test/target/log,AVAILABLE}
2019-06-13 07:15:36,372 INFO  handler.ContextHandler (ContextHandler.java:doStart(781)) - Started o.e.j.s.ServletContextHandler@615e3f51{/static,jar:file:/root/.m2/repository/org/apache/hadoop/hadoop-hdds-container-service/0.5.0-SNAPSHOT/hadoop-hdds-container-service-0.5.0-SNAPSHOT.jar!/webapps/static,AVAILABLE}
2019-06-13 07:15:36,398 INFO  handler.ContextHandler (ContextHandler.java:doStart(781)) - Started o.e.j.w.WebAppContext@5e1fc2aa{/,file:///tmp/jetty-0.0.0.0-33027-hddsDatanode-_-any-1855104766753171993.dir/webapp/,AVAILABLE}{/hddsDatanode}
2019-06-13 07:15:36,398 INFO  server.AbstractConnector (AbstractConnector.java:doStart(278)) - Started ServerConnector@688d411b{HTTP/1.1,[http/1.1]}{0.0.0.0:33027}
2019-06-13 07:15:36,399 INFO  server.Server (Server.java:doStart(419)) - Started @3254ms
2019-06-13 07:15:36,399 INFO  server.BaseHttpServer (BaseHttpServer.java:updateConnectorAddress(207)) - HTTP server of HDDSDATANODE is listening at http://0.0.0.0:33027
2019-06-13 07:15:37,184 INFO  ozone.HddsDatanodeService (HddsDatanodeService.java:startPlugins(396)) - Started plug-in org.apache.hadoop.ozone.web.OzoneHddsDatanodeService@30bf26df
2019-06-13 07:15:37,185 INFO  impl.MetricsSystemImpl (MetricsSystemImpl.java:init(158)) - HddsDatanode metrics system started (again)
2019-06-13 07:15:37,186 INFO  ozone.HddsDatanodeService (HddsDatanodeService.java:start(185)) - HddsDatanodeService host:ozone-6ghgz-2707756789 ip:192.168.46.57
2019-06-13 07:15:37,195 INFO  util.JvmPauseMonitor (JvmPauseMonitor.java:run(188)) - Starting JVM pause monitor
2019-06-13 07:15:37,197 INFO  volume.HddsVolume (HddsVolume.java:<init>(176)) - Creating Volume: /opt/src/hadoop-ozone/integration-test/target/test-dir/MiniOzoneClusterImpl-68778601-1677-4814-aac3-c3eb9def4407/datanode-1/data/containers/hdds of  storage type : DISK and capacity : 104021790720
2019-06-13 07:15:37,198 INFO  volume.VolumeSet (VolumeSet.java:initializeVolumeSet(170)) - Added Volume : /opt/src/hadoop-ozone/integration-test/target/test-dir/MiniOzoneClusterImpl-68778601-1677-4814-aac3-c3eb9def4407/datanode-1/data/containers/hdds to VolumeSet
2019-06-13 07:15:37,198 INFO  volume.ThrottledAsyncChecker (ThrottledAsyncChecker.java:schedule(140)) - Scheduling a check for org.apache.hadoop.ozone.container.common.volume.HddsVolume@f171912
2019-06-13 07:15:37,202 INFO  volume.HddsVolumeChecker (HddsVolumeChecker.java:checkAllVolumes(203)) - Scheduled health check for volume org.apache.hadoop.ozone.container.common.volume.HddsVolume@f171912
2019-06-13 07:15:37,219 INFO  ratis.XceiverServerRatis (XceiverServerRatis.java:newXceiverServerRatis(401)) - Found a free port for the server : 35041
2019-06-13 07:15:37,220 INFO  impl.RaftServerProxy (ConfUtils.java:logGet(43)) - raft.rpc.type = GRPC (default)
2019-06-13 07:15:37,221 INFO  grpc.GrpcConfigKeys$Server (ConfUtils.java:logGet(43)) - raft.grpc.server.port = 35041 (custom)
2019-06-13 07:15:37,221 INFO  server.GrpcService (ConfUtils.java:logGet(43)) - raft.grpc.message.size.max = 33570816 (custom)
2019-06-13 07:15:37,221 INFO  server.RaftServerConfigKeys (ConfUtils.java:logGet(43)) - raft.server.log.appender.buffer.byte-limit = 33554432 (custom)
2019-06-13 07:15:37,222 INFO  server.GrpcService (ConfUtils.java:logGet(43)) - raft.grpc.flow.control.window = 1MB (=1048576) (default)
2019-06-13 07:15:37,222 INFO  server.RaftServerConfigKeys (ConfUtils.java:logGet(43)) - raft.server.rpc.request.timeout = 3000ms (default)
2019-06-13 07:15:37,222 INFO  server.RaftServerConfigKeys (ConfUtils.java:logGet(43)) - raft.server.storage.dir = [/opt/src/hadoop-ozone/integration-test/target/test-dir/MiniOzoneClusterImpl-68778601-1677-4814-aac3-c3eb9def4407/datanode-1/data/ratis] (custom)
2019-06-13 07:15:37,222 INFO  server.XceiverServerGrpc (XceiverServerGrpc.java:<init>(97)) - Found a free port for the server : 43623
2019-06-13 07:15:37,223 INFO  replication.SimpleContainerDownloader (SimpleContainerDownloader.java:<init>(72)) - Starting container downloader service to copy containers to replicate.
2019-06-13 07:15:37,224 INFO  hdfs.DFSUtil (DFSUtil.java:httpServerTemplateForNNAndJN(1641)) - Starting Web-server for hddsDatanode at: http://0.0.0.0:0
2019-06-13 07:15:37,225 INFO  server.AuthenticationFilter (AuthenticationFilter.java:constructSecretProvider(240)) - Unable to initialize FileSignerSecretProvider, falling back to use random secrets.
2019-06-13 07:15:37,227 WARN  http.HttpRequestLog (HttpRequestLog.java:getRequestLog(97)) - Jetty request log can only be enabled using Log4j
2019-06-13 07:15:37,228 INFO  http.HttpServer2 (HttpServer2.java:addGlobalFilter(975)) - Added global filter 'safety' (class=org.apache.hadoop.http.HttpServer2$QuotingInputFilter)
2019-06-13 07:15:37,229 INFO  http.HttpServer2 (HttpServer2.java:addFilter(948)) - Added filter static_user_filter (class=org.apache.hadoop.http.lib.StaticUserWebFilter$StaticUserFilter) to context hddsDatanode
2019-06-13 07:15:37,229 INFO  http.HttpServer2 (HttpServer2.java:addFilter(958)) - Added filter static_user_filter (class=org.apache.hadoop.http.lib.StaticUserWebFilter$StaticUserFilter) to context logs
2019-06-13 07:15:37,230 INFO  http.HttpServer2 (HttpServer2.java:addFilter(958)) - Added filter static_user_filter (class=org.apache.hadoop.http.lib.StaticUserWebFilter$StaticUserFilter) to context static
2019-06-13 07:15:37,230 INFO  http.HttpServer2 (HttpServer2.java:bindListener(1191)) - Jetty bound to port 33109
2019-06-13 07:15:37,230 INFO  server.Server (Server.java:doStart(351)) - jetty-9.3.24.v20180605, build timestamp: 2018-06-05T17:11:56Z, git hash: 84205aa28f11a4f31f2a3b86d1bba2cc8ab69827
2019-06-13 07:15:37,235 INFO  handler.ContextHandler (ContextHandler.java:doStart(781)) - Started o.e.j.s.ServletContextHandler@18b6d3c1{/logs,file:///opt/src/hadoop-ozone/integration-test/target/log,AVAILABLE}
2019-06-13 07:15:37,236 INFO  handler.ContextHandler (ContextHandler.java:doStart(781)) - Started o.e.j.s.ServletContextHandler@3fe512d2{/static,jar:file:/root/.m2/repository/org/apache/hadoop/hadoop-hdds-container-service/0.5.0-SNAPSHOT/hadoop-hdds-container-service-0.5.0-SNAPSHOT.jar!/webapps/static,AVAILABLE}
2019-06-13 07:15:37,268 INFO  handler.ContextHandler (ContextHandler.java:doStart(781)) - Started o.e.j.w.WebAppContext@e7b265e{/,file:///tmp/jetty-0.0.0.0-33109-hddsDatanode-_-any-91137001588456028.dir/webapp/,AVAILABLE}{/hddsDatanode}
2019-06-13 07:15:37,269 INFO  server.AbstractConnector (AbstractConnector.java:doStart(278)) - Started ServerConnector@51da32e5{HTTP/1.1,[http/1.1]}{0.0.0.0:33109}
2019-06-13 07:15:37,270 INFO  server.Server (Server.java:doStart(419)) - Started @4125ms
2019-06-13 07:15:37,270 INFO  server.BaseHttpServer (BaseHttpServer.java:updateConnectorAddress(207)) - HTTP server of HDDSDATANODE is listening at http://0.0.0.0:33109
2019-06-13 07:15:37,284 INFO  datanode.InitDatanodeState (InitDatanodeState.java:persistContainerDatanodeDetails(140)) - DatanodeDetails is persisted to /opt/src/hadoop-ozone/integration-test/target/test-dir/MiniOzoneClusterImpl-68778601-1677-4814-aac3-c3eb9def4407/datanode-0/meta/datanode.id
2019-06-13 07:15:37,394 INFO  ozone.HddsDatanodeService (HddsDatanodeService.java:startPlugins(396)) - Started plug-in org.apache.hadoop.ozone.web.OzoneHddsDatanodeService@1d6751e3
2019-06-13 07:15:37,394 INFO  impl.MetricsSystemImpl (MetricsSystemImpl.java:init(158)) - HddsDatanode metrics system started (again)
2019-06-13 07:15:37,394 INFO  ozone.HddsDatanodeService (HddsDatanodeService.java:start(185)) - HddsDatanodeService host:ozone-6ghgz-2707756789 ip:192.168.46.57
2019-06-13 07:15:37,406 INFO  util.JvmPauseMonitor (JvmPauseMonitor.java:run(188)) - Starting JVM pause monitor
2019-06-13 07:15:37,413 INFO  volume.HddsVolume (HddsVolume.java:<init>(176)) - Creating Volume: /opt/src/hadoop-ozone/integration-test/target/test-dir/MiniOzoneClusterImpl-68778601-1677-4814-aac3-c3eb9def4407/datanode-2/data/containers/hdds of  storage type : DISK and capacity : 104021790720
2019-06-13 07:15:37,413 INFO  volume.VolumeSet (VolumeSet.java:initializeVolumeSet(170)) - Added Volume : /opt/src/hadoop-ozone/integration-test/target/test-dir/MiniOzoneClusterImpl-68778601-1677-4814-aac3-c3eb9def4407/datanode-2/data/containers/hdds to VolumeSet
2019-06-13 07:15:37,414 INFO  volume.ThrottledAsyncChecker (ThrottledAsyncChecker.java:schedule(140)) - Scheduling a check for org.apache.hadoop.ozone.container.common.volume.HddsVolume@2e7af36e
2019-06-13 07:15:37,414 INFO  datanode.InitDatanodeState (InitDatanodeState.java:persistContainerDatanodeDetails(140)) - DatanodeDetails is persisted to /opt/src/hadoop-ozone/integration-test/target/test-dir/MiniOzoneClusterImpl-68778601-1677-4814-aac3-c3eb9def4407/datanode-1/meta/datanode.id
2019-06-13 07:15:37,421 INFO  volume.HddsVolumeChecker (HddsVolumeChecker.java:checkAllVolumes(203)) - Scheduled health check for volume org.apache.hadoop.ozone.container.common.volume.HddsVolume@2e7af36e
2019-06-13 07:15:37,435 INFO  ratis.XceiverServerRatis (XceiverServerRatis.java:newXceiverServerRatis(401)) - Found a free port for the server : 40659
2019-06-13 07:15:37,436 INFO  impl.RaftServerProxy (ConfUtils.java:logGet(43)) - raft.rpc.type = GRPC (default)
2019-06-13 07:15:37,436 INFO  grpc.GrpcConfigKeys$Server (ConfUtils.java:logGet(43)) - raft.grpc.server.port = 40659 (custom)
2019-06-13 07:15:37,437 INFO  server.GrpcService (ConfUtils.java:logGet(43)) - raft.grpc.message.size.max = 33570816 (custom)
2019-06-13 07:15:37,437 INFO  server.RaftServerConfigKeys (ConfUtils.java:logGet(43)) - raft.server.log.appender.buffer.byte-limit = 33554432 (custom)
2019-06-13 07:15:37,437 INFO  server.GrpcService (ConfUtils.java:logGet(43)) - raft.grpc.flow.control.window = 1MB (=1048576) (default)
2019-06-13 07:15:37,437 INFO  server.RaftServerConfigKeys (ConfUtils.java:logGet(43)) - raft.server.rpc.request.timeout = 3000ms (default)
2019-06-13 07:15:37,438 INFO  server.RaftServerConfigKeys (ConfUtils.java:logGet(43)) - raft.server.storage.dir = [/opt/src/hadoop-ozone/integration-test/target/test-dir/MiniOzoneClusterImpl-68778601-1677-4814-aac3-c3eb9def4407/datanode-2/data/ratis] (custom)
2019-06-13 07:15:37,438 INFO  server.XceiverServerGrpc (XceiverServerGrpc.java:<init>(97)) - Found a free port for the server : 39911
2019-06-13 07:15:37,439 INFO  replication.SimpleContainerDownloader (SimpleContainerDownloader.java:<init>(72)) - Starting container downloader service to copy containers to replicate.
2019-06-13 07:15:37,440 INFO  hdfs.DFSUtil (DFSUtil.java:httpServerTemplateForNNAndJN(1641)) - Starting Web-server for hddsDatanode at: http://0.0.0.0:0
2019-06-13 07:15:37,441 INFO  server.AuthenticationFilter (AuthenticationFilter.java:constructSecretProvider(240)) - Unable to initialize FileSignerSecretProvider, falling back to use random secrets.
2019-06-13 07:15:37,441 WARN  http.HttpRequestLog (HttpRequestLog.java:getRequestLog(97)) - Jetty request log can only be enabled using Log4j
2019-06-13 07:15:37,443 INFO  http.HttpServer2 (HttpServer2.java:addGlobalFilter(975)) - Added global filter 'safety' (class=org.apache.hadoop.http.HttpServer2$QuotingInputFilter)
2019-06-13 07:15:37,443 INFO  http.HttpServer2 (HttpServer2.java:addFilter(948)) - Added filter static_user_filter (class=org.apache.hadoop.http.lib.StaticUserWebFilter$StaticUserFilter) to context hddsDatanode
2019-06-13 07:15:37,443 INFO  http.HttpServer2 (HttpServer2.java:addFilter(958)) - Added filter static_user_filter (class=org.apache.hadoop.http.lib.StaticUserWebFilter$StaticUserFilter) to context static
2019-06-13 07:15:37,443 INFO  http.HttpServer2 (HttpServer2.java:addFilter(958)) - Added filter static_user_filter (class=org.apache.hadoop.http.lib.StaticUserWebFilter$StaticUserFilter) to context logs
2019-06-13 07:15:37,444 INFO  http.HttpServer2 (HttpServer2.java:bindListener(1191)) - Jetty bound to port 34709
2019-06-13 07:15:37,444 INFO  server.Server (Server.java:doStart(351)) - jetty-9.3.24.v20180605, build timestamp: 2018-06-05T17:11:56Z, git hash: 84205aa28f11a4f31f2a3b86d1bba2cc8ab69827
2019-06-13 07:15:37,445 INFO  handler.ContextHandler (ContextHandler.java:doStart(781)) - Started o.e.j.s.ServletContextHandler@674da77b{/logs,file:///opt/src/hadoop-ozone/integration-test/target/log,AVAILABLE}
2019-06-13 07:15:37,446 INFO  handler.ContextHandler (ContextHandler.java:doStart(781)) - Started o.e.j.s.ServletContextHandler@6010d0d1{/static,jar:file:/root/.m2/repository/org/apache/hadoop/hadoop-hdds-container-service/0.5.0-SNAPSHOT/hadoop-hdds-container-service-0.5.0-SNAPSHOT.jar!/webapps/static,AVAILABLE}
2019-06-13 07:15:37,474 INFO  handler.ContextHandler (ContextHandler.java:doStart(781)) - Started o.e.j.w.WebAppContext@624b523{/,file:///tmp/jetty-0.0.0.0-34709-hddsDatanode-_-any-2763213405754924409.dir/webapp/,AVAILABLE}{/hddsDatanode}
2019-06-13 07:15:37,475 INFO  server.AbstractConnector (AbstractConnector.java:doStart(278)) - Started ServerConnector@50b46e24{HTTP/1.1,[http/1.1]}{0.0.0.0:34709}
2019-06-13 07:15:37,476 INFO  server.Server (Server.java:doStart(419)) - Started @4331ms
2019-06-13 07:15:37,476 INFO  server.BaseHttpServer (BaseHttpServer.java:updateConnectorAddress(207)) - HTTP server of HDDSDATANODE is listening at http://0.0.0.0:34709
2019-06-13 07:15:37,654 INFO  ozone.HddsDatanodeService (HddsDatanodeService.java:startPlugins(396)) - Started plug-in org.apache.hadoop.ozone.web.OzoneHddsDatanodeService@662be9f7
2019-06-13 07:15:37,655 INFO  impl.MetricsSystemImpl (MetricsSystemImpl.java:init(158)) - HddsDatanode metrics system started (again)
2019-06-13 07:15:37,655 INFO  ozone.HddsDatanodeService (HddsDatanodeService.java:start(185)) - HddsDatanodeService host:ozone-6ghgz-2707756789 ip:192.168.46.57
2019-06-13 07:15:37,661 INFO  util.JvmPauseMonitor (JvmPauseMonitor.java:run(188)) - Starting JVM pause monitor
2019-06-13 07:15:37,670 INFO  datanode.InitDatanodeState (InitDatanodeState.java:persistContainerDatanodeDetails(140)) - DatanodeDetails is persisted to /opt/src/hadoop-ozone/integration-test/target/test-dir/MiniOzoneClusterImpl-68778601-1677-4814-aac3-c3eb9def4407/datanode-2/meta/datanode.id
2019-06-13 07:15:37,672 INFO  volume.HddsVolume (HddsVolume.java:<init>(176)) - Creating Volume: /opt/src/hadoop-ozone/integration-test/target/test-dir/MiniOzoneClusterImpl-68778601-1677-4814-aac3-c3eb9def4407/datanode-3/data/containers/hdds of  storage type : DISK and capacity : 104021790720
2019-06-13 07:15:37,672 INFO  volume.VolumeSet (VolumeSet.java:initializeVolumeSet(170)) - Added Volume : /opt/src/hadoop-ozone/integration-test/target/test-dir/MiniOzoneClusterImpl-68778601-1677-4814-aac3-c3eb9def4407/datanode-3/data/containers/hdds to VolumeSet
2019-06-13 07:15:37,672 INFO  volume.ThrottledAsyncChecker (ThrottledAsyncChecker.java:schedule(140)) - Scheduling a check for org.apache.hadoop.ozone.container.common.volume.HddsVolume@2f9dda71
2019-06-13 07:15:37,674 INFO  volume.HddsVolumeChecker (HddsVolumeChecker.java:checkAllVolumes(203)) - Scheduled health check for volume org.apache.hadoop.ozone.container.common.volume.HddsVolume@2f9dda71
2019-06-13 07:15:37,685 INFO  ratis.XceiverServerRatis (XceiverServerRatis.java:newXceiverServerRatis(401)) - Found a free port for the server : 42533
2019-06-13 07:15:37,686 INFO  impl.RaftServerProxy (ConfUtils.java:logGet(43)) - raft.rpc.type = GRPC (default)
2019-06-13 07:15:37,687 INFO  grpc.GrpcConfigKeys$Server (ConfUtils.java:logGet(43)) - raft.grpc.server.port = 42533 (custom)
2019-06-13 07:15:37,687 INFO  server.GrpcService (ConfUtils.java:logGet(43)) - raft.grpc.message.size.max = 33570816 (custom)
2019-06-13 07:15:37,687 INFO  server.RaftServerConfigKeys (ConfUtils.java:logGet(43)) - raft.server.log.appender.buffer.byte-limit = 33554432 (custom)
2019-06-13 07:15:37,687 INFO  server.GrpcService (ConfUtils.java:logGet(43)) - raft.grpc.flow.control.window = 1MB (=1048576) (default)
2019-06-13 07:15:37,687 INFO  server.RaftServerConfigKeys (ConfUtils.java:logGet(43)) - raft.server.rpc.request.timeout = 3000ms (default)
2019-06-13 07:15:37,688 INFO  server.RaftServerConfigKeys (ConfUtils.java:logGet(43)) - raft.server.storage.dir = [/opt/src/hadoop-ozone/integration-test/target/test-dir/MiniOzoneClusterImpl-68778601-1677-4814-aac3-c3eb9def4407/datanode-3/data/ratis] (custom)
2019-06-13 07:15:37,688 INFO  server.XceiverServerGrpc (XceiverServerGrpc.java:<init>(97)) - Found a free port for the server : 38007
2019-06-13 07:15:37,688 INFO  replication.SimpleContainerDownloader (SimpleContainerDownloader.java:<init>(72)) - Starting container downloader service to copy containers to replicate.
2019-06-13 07:15:37,689 INFO  hdfs.DFSUtil (DFSUtil.java:httpServerTemplateForNNAndJN(1641)) - Starting Web-server for hddsDatanode at: http://0.0.0.0:0
2019-06-13 07:15:37,690 INFO  server.AuthenticationFilter (AuthenticationFilter.java:constructSecretProvider(240)) - Unable to initialize FileSignerSecretProvider, falling back to use random secrets.
2019-06-13 07:15:37,694 WARN  http.HttpRequestLog (HttpRequestLog.java:getRequestLog(97)) - Jetty request log can only be enabled using Log4j
2019-06-13 07:15:37,695 INFO  http.HttpServer2 (HttpServer2.java:addGlobalFilter(975)) - Added global filter 'safety' (class=org.apache.hadoop.http.HttpServer2$QuotingInputFilter)
2019-06-13 07:15:37,696 INFO  http.HttpServer2 (HttpServer2.java:addFilter(948)) - Added filter static_user_filter (class=org.apache.hadoop.http.lib.StaticUserWebFilter$StaticUserFilter) to context hddsDatanode
2019-06-13 07:15:37,696 INFO  http.HttpServer2 (HttpServer2.java:addFilter(958)) - Added filter static_user_filter (class=org.apache.hadoop.http.lib.StaticUserWebFilter$StaticUserFilter) to context static
2019-06-13 07:15:37,696 INFO  http.HttpServer2 (HttpServer2.java:addFilter(958)) - Added filter static_user_filter (class=org.apache.hadoop.http.lib.StaticUserWebFilter$StaticUserFilter) to context logs
2019-06-13 07:15:37,696 INFO  http.HttpServer2 (HttpServer2.java:bindListener(1191)) - Jetty bound to port 37477
2019-06-13 07:15:37,696 INFO  server.Server (Server.java:doStart(351)) - jetty-9.3.24.v20180605, build timestamp: 2018-06-05T17:11:56Z, git hash: 84205aa28f11a4f31f2a3b86d1bba2cc8ab69827
2019-06-13 07:15:37,699 INFO  handler.ContextHandler (ContextHandler.java:doStart(781)) - Started o.e.j.s.ServletContextHandler@1f15e689{/logs,file:///opt/src/hadoop-ozone/integration-test/target/log,AVAILABLE}
2019-06-13 07:15:37,699 INFO  handler.ContextHandler (ContextHandler.java:doStart(781)) - Started o.e.j.s.ServletContextHandler@3ebc955b{/static,jar:file:/root/.m2/repository/org/apache/hadoop/hadoop-hdds-container-service/0.5.0-SNAPSHOT/hadoop-hdds-container-service-0.5.0-SNAPSHOT.jar!/webapps/static,AVAILABLE}
2019-06-13 07:15:37,722 INFO  handler.ContextHandler (ContextHandler.java:doStart(781)) - Started o.e.j.w.WebAppContext@9fe720a{/,file:///tmp/jetty-0.0.0.0-37477-hddsDatanode-_-any-7750665034736952622.dir/webapp/,AVAILABLE}{/hddsDatanode}
2019-06-13 07:15:37,726 INFO  server.AbstractConnector (AbstractConnector.java:doStart(278)) - Started ServerConnector@149274cb{HTTP/1.1,[http/1.1]}{0.0.0.0:37477}
2019-06-13 07:15:37,727 INFO  server.Server (Server.java:doStart(419)) - Started @4582ms
2019-06-13 07:15:37,727 INFO  server.BaseHttpServer (BaseHttpServer.java:updateConnectorAddress(207)) - HTTP server of HDDSDATANODE is listening at http://0.0.0.0:37477
2019-06-13 07:15:37,849 INFO  ozone.HddsDatanodeService (HddsDatanodeService.java:startPlugins(396)) - Started plug-in org.apache.hadoop.ozone.web.OzoneHddsDatanodeService@7aded903
2019-06-13 07:15:37,850 INFO  impl.MetricsSystemImpl (MetricsSystemImpl.java:init(158)) - HddsDatanode metrics system started (again)
2019-06-13 07:15:37,850 INFO  ozone.HddsDatanodeService (HddsDatanodeService.java:start(185)) - HddsDatanodeService host:ozone-6ghgz-2707756789 ip:192.168.46.57
2019-06-13 07:15:37,852 INFO  util.JvmPauseMonitor (JvmPauseMonitor.java:run(188)) - Starting JVM pause monitor
2019-06-13 07:15:37,854 INFO  datanode.InitDatanodeState (InitDatanodeState.java:persistContainerDatanodeDetails(140)) - DatanodeDetails is persisted to /opt/src/hadoop-ozone/integration-test/target/test-dir/MiniOzoneClusterImpl-68778601-1677-4814-aac3-c3eb9def4407/datanode-3/meta/datanode.id
2019-06-13 07:15:37,865 INFO  volume.HddsVolume (HddsVolume.java:<init>(176)) - Creating Volume: /opt/src/hadoop-ozone/integration-test/target/test-dir/MiniOzoneClusterImpl-68778601-1677-4814-aac3-c3eb9def4407/datanode-4/data/containers/hdds of  storage type : DISK and capacity : 104021790720
2019-06-13 07:15:37,865 INFO  volume.VolumeSet (VolumeSet.java:initializeVolumeSet(170)) - Added Volume : /opt/src/hadoop-ozone/integration-test/target/test-dir/MiniOzoneClusterImpl-68778601-1677-4814-aac3-c3eb9def4407/datanode-4/data/containers/hdds to VolumeSet
2019-06-13 07:15:37,865 INFO  volume.ThrottledAsyncChecker (ThrottledAsyncChecker.java:schedule(140)) - Scheduling a check for org.apache.hadoop.ozone.container.common.volume.HddsVolume@66f16742
2019-06-13 07:15:37,866 INFO  volume.HddsVolumeChecker (HddsVolumeChecker.java:checkAllVolumes(203)) - Scheduled health check for volume org.apache.hadoop.ozone.container.common.volume.HddsVolume@66f16742
2019-06-13 07:15:37,875 INFO  ratis.XceiverServerRatis (XceiverServerRatis.java:newXceiverServerRatis(401)) - Found a free port for the server : 33261
2019-06-13 07:15:37,876 INFO  impl.RaftServerProxy (ConfUtils.java:logGet(43)) - raft.rpc.type = GRPC (default)
2019-06-13 07:15:37,877 INFO  grpc.GrpcConfigKeys$Server (ConfUtils.java:logGet(43)) - raft.grpc.server.port = 33261 (custom)
2019-06-13 07:15:37,877 INFO  server.GrpcService (ConfUtils.java:logGet(43)) - raft.grpc.message.size.max = 33570816 (custom)
2019-06-13 07:15:37,877 INFO  server.RaftServerConfigKeys (ConfUtils.java:logGet(43)) - raft.server.log.appender.buffer.byte-limit = 33554432 (custom)
2019-06-13 07:15:37,877 INFO  server.GrpcService (ConfUtils.java:logGet(43)) - raft.grpc.flow.control.window = 1MB (=1048576) (default)
2019-06-13 07:15:37,877 INFO  server.RaftServerConfigKeys (ConfUtils.java:logGet(43)) - raft.server.rpc.request.timeout = 3000ms (default)
2019-06-13 07:15:37,878 INFO  server.RaftServerConfigKeys (ConfUtils.java:logGet(43)) - raft.server.storage.dir = [/opt/src/hadoop-ozone/integration-test/target/test-dir/MiniOzoneClusterImpl-68778601-1677-4814-aac3-c3eb9def4407/datanode-4/data/ratis] (custom)
2019-06-13 07:15:37,878 INFO  server.XceiverServerGrpc (XceiverServerGrpc.java:<init>(97)) - Found a free port for the server : 42333
2019-06-13 07:15:37,878 INFO  replication.SimpleContainerDownloader (SimpleContainerDownloader.java:<init>(72)) - Starting container downloader service to copy containers to replicate.
2019-06-13 07:15:37,879 INFO  hdfs.DFSUtil (DFSUtil.java:httpServerTemplateForNNAndJN(1641)) - Starting Web-server for hddsDatanode at: http://0.0.0.0:0
2019-06-13 07:15:37,880 INFO  server.AuthenticationFilter (AuthenticationFilter.java:constructSecretProvider(240)) - Unable to initialize FileSignerSecretProvider, falling back to use random secrets.
2019-06-13 07:15:37,881 WARN  http.HttpRequestLog (HttpRequestLog.java:getRequestLog(97)) - Jetty request log can only be enabled using Log4j
2019-06-13 07:15:37,882 INFO  http.HttpServer2 (HttpServer2.java:addGlobalFilter(975)) - Added global filter 'safety' (class=org.apache.hadoop.http.HttpServer2$QuotingInputFilter)
2019-06-13 07:15:37,882 INFO  http.HttpServer2 (HttpServer2.java:addFilter(948)) - Added filter static_user_filter (class=org.apache.hadoop.http.lib.StaticUserWebFilter$StaticUserFilter) to context hddsDatanode
2019-06-13 07:15:37,882 INFO  http.HttpServer2 (HttpServer2.java:addFilter(958)) - Added filter static_user_filter (class=org.apache.hadoop.http.lib.StaticUserWebFilter$StaticUserFilter) to context logs
2019-06-13 07:15:37,882 INFO  http.HttpServer2 (HttpServer2.java:addFilter(958)) - Added filter static_user_filter (class=org.apache.hadoop.http.lib.StaticUserWebFilter$StaticUserFilter) to context static
2019-06-13 07:15:37,883 INFO  http.HttpServer2 (HttpServer2.java:bindListener(1191)) - Jetty bound to port 32933
2019-06-13 07:15:37,883 INFO  server.Server (Server.java:doStart(351)) - jetty-9.3.24.v20180605, build timestamp: 2018-06-05T17:11:56Z, git hash: 84205aa28f11a4f31f2a3b86d1bba2cc8ab69827
2019-06-13 07:15:37,885 INFO  handler.ContextHandler (ContextHandler.java:doStart(781)) - Started o.e.j.s.ServletContextHandler@4ef18604{/logs,file:///opt/src/hadoop-ozone/integration-test/target/log,AVAILABLE}
2019-06-13 07:15:37,886 INFO  handler.ContextHandler (ContextHandler.java:doStart(781)) - Started o.e.j.s.ServletContextHandler@16cf8438{/static,jar:file:/root/.m2/repository/org/apache/hadoop/hadoop-hdds-container-service/0.5.0-SNAPSHOT/hadoop-hdds-container-service-0.5.0-SNAPSHOT.jar!/webapps/static,AVAILABLE}
2019-06-13 07:15:37,908 INFO  handler.ContextHandler (ContextHandler.java:doStart(781)) - Started o.e.j.w.WebAppContext@2ca3d826{/,file:///tmp/jetty-0.0.0.0-32933-hddsDatanode-_-any-2932596535380302256.dir/webapp/,AVAILABLE}{/hddsDatanode}
2019-06-13 07:15:37,909 INFO  server.AbstractConnector (AbstractConnector.java:doStart(278)) - Started ServerConnector@5d194314{HTTP/1.1,[http/1.1]}{0.0.0.0:32933}
2019-06-13 07:15:37,909 INFO  server.Server (Server.java:doStart(419)) - Started @4765ms
2019-06-13 07:15:37,910 INFO  server.BaseHttpServer (BaseHttpServer.java:updateConnectorAddress(207)) - HTTP server of HDDSDATANODE is listening at http://0.0.0.0:32933
2019-06-13 07:15:38,014 INFO  ozone.HddsDatanodeService (HddsDatanodeService.java:startPlugins(396)) - Started plug-in org.apache.hadoop.ozone.web.OzoneHddsDatanodeService@454bcbbf
2019-06-13 07:15:38,014 INFO  impl.MetricsSystemImpl (MetricsSystemImpl.java:init(158)) - HddsDatanode metrics system started (again)
2019-06-13 07:15:38,015 INFO  ozone.HddsDatanodeService (HddsDatanodeService.java:start(185)) - HddsDatanodeService host:ozone-6ghgz-2707756789 ip:192.168.46.57
2019-06-13 07:15:38,018 INFO  util.JvmPauseMonitor (JvmPauseMonitor.java:run(188)) - Starting JVM pause monitor
2019-06-13 07:15:38,021 INFO  volume.HddsVolume (HddsVolume.java:<init>(176)) - Creating Volume: /opt/src/hadoop-ozone/integration-test/target/test-dir/MiniOzoneClusterImpl-68778601-1677-4814-aac3-c3eb9def4407/datanode-5/data/containers/hdds of  storage type : DISK and capacity : 104021790720
2019-06-13 07:15:38,022 INFO  volume.VolumeSet (VolumeSet.java:initializeVolumeSet(170)) - Added Volume : /opt/src/hadoop-ozone/integration-test/target/test-dir/MiniOzoneClusterImpl-68778601-1677-4814-aac3-c3eb9def4407/datanode-5/data/containers/hdds to VolumeSet
2019-06-13 07:15:38,022 INFO  volume.ThrottledAsyncChecker (ThrottledAsyncChecker.java:schedule(140)) - Scheduling a check for org.apache.hadoop.ozone.container.common.volume.HddsVolume@7ea42c82
2019-06-13 07:15:38,023 INFO  datanode.InitDatanodeState (InitDatanodeState.java:persistContainerDatanodeDetails(140)) - DatanodeDetails is persisted to /opt/src/hadoop-ozone/integration-test/target/test-dir/MiniOzoneClusterImpl-68778601-1677-4814-aac3-c3eb9def4407/datanode-4/meta/datanode.id
2019-06-13 07:15:38,023 INFO  volume.HddsVolumeChecker (HddsVolumeChecker.java:checkAllVolumes(203)) - Scheduled health check for volume org.apache.hadoop.ozone.container.common.volume.HddsVolume@7ea42c82
2019-06-13 07:15:38,035 INFO  ratis.XceiverServerRatis (XceiverServerRatis.java:newXceiverServerRatis(401)) - Found a free port for the server : 45889
2019-06-13 07:15:38,037 INFO  impl.RaftServerProxy (ConfUtils.java:logGet(43)) - raft.rpc.type = GRPC (default)
2019-06-13 07:15:38,037 INFO  grpc.GrpcConfigKeys$Server (ConfUtils.java:logGet(43)) - raft.grpc.server.port = 45889 (custom)
2019-06-13 07:15:38,037 INFO  server.GrpcService (ConfUtils.java:logGet(43)) - raft.grpc.message.size.max = 33570816 (custom)
2019-06-13 07:15:38,037 INFO  server.RaftServerConfigKeys (ConfUtils.java:logGet(43)) - raft.server.log.appender.buffer.byte-limit = 33554432 (custom)
2019-06-13 07:15:38,038 INFO  server.GrpcService (ConfUtils.java:logGet(43)) - raft.grpc.flow.control.window = 1MB (=1048576) (default)
2019-06-13 07:15:38,038 INFO  server.RaftServerConfigKeys (ConfUtils.java:logGet(43)) - raft.server.rpc.request.timeout = 3000ms (default)
2019-06-13 07:15:38,038 INFO  server.RaftServerConfigKeys (ConfUtils.java:logGet(43)) - raft.server.storage.dir = [/opt/src/hadoop-ozone/integration-test/target/test-dir/MiniOzoneClusterImpl-68778601-1677-4814-aac3-c3eb9def4407/datanode-5/data/ratis] (custom)
2019-06-13 07:15:38,039 INFO  server.XceiverServerGrpc (XceiverServerGrpc.java:<init>(97)) - Found a free port for the server : 34487
2019-06-13 07:15:38,039 INFO  replication.SimpleContainerDownloader (SimpleContainerDownloader.java:<init>(72)) - Starting container downloader service to copy containers to replicate.
2019-06-13 07:15:38,040 INFO  hdfs.DFSUtil (DFSUtil.java:httpServerTemplateForNNAndJN(1641)) - Starting Web-server for hddsDatanode at: http://0.0.0.0:0
2019-06-13 07:15:38,041 INFO  server.AuthenticationFilter (AuthenticationFilter.java:constructSecretProvider(240)) - Unable to initialize FileSignerSecretProvider, falling back to use random secrets.
2019-06-13 07:15:38,042 WARN  http.HttpRequestLog (HttpRequestLog.java:getRequestLog(97)) - Jetty request log can only be enabled using Log4j
2019-06-13 07:15:38,043 INFO  http.HttpServer2 (HttpServer2.java:addGlobalFilter(975)) - Added global filter 'safety' (class=org.apache.hadoop.http.HttpServer2$QuotingInputFilter)
2019-06-13 07:15:38,044 INFO  http.HttpServer2 (HttpServer2.java:addFilter(948)) - Added filter static_user_filter (class=org.apache.hadoop.http.lib.StaticUserWebFilter$StaticUserFilter) to context hddsDatanode
2019-06-13 07:15:38,044 INFO  http.HttpServer2 (HttpServer2.java:addFilter(958)) - Added filter static_user_filter (class=org.apache.hadoop.http.lib.StaticUserWebFilter$StaticUserFilter) to context static
2019-06-13 07:15:38,044 INFO  http.HttpServer2 (HttpServer2.java:addFilter(958)) - Added filter static_user_filter (class=org.apache.hadoop.http.lib.StaticUserWebFilter$StaticUserFilter) to context logs
2019-06-13 07:15:38,044 INFO  http.HttpServer2 (HttpServer2.java:bindListener(1191)) - Jetty bound to port 44119
2019-06-13 07:15:38,045 INFO  server.Server (Server.java:doStart(351)) - jetty-9.3.24.v20180605, build timestamp: 2018-06-05T17:11:56Z, git hash: 84205aa28f11a4f31f2a3b86d1bba2cc8ab69827
2019-06-13 07:15:38,053 INFO  handler.ContextHandler (ContextHandler.java:doStart(781)) - Started o.e.j.s.ServletContextHandler@58a7dc4{/logs,file:///opt/src/hadoop-ozone/integration-test/target/log,AVAILABLE}
2019-06-13 07:15:38,054 INFO  handler.ContextHandler (ContextHandler.java:doStart(781)) - Started o.e.j.s.ServletContextHandler@27f71195{/static,jar:file:/root/.m2/repository/org/apache/hadoop/hadoop-hdds-container-service/0.5.0-SNAPSHOT/hadoop-hdds-container-service-0.5.0-SNAPSHOT.jar!/webapps/static,AVAILABLE}
2019-06-13 07:15:38,075 INFO  handler.ContextHandler (ContextHandler.java:doStart(781)) - Started o.e.j.w.WebAppContext@26b3c9a2{/,file:///tmp/jetty-0.0.0.0-44119-hddsDatanode-_-any-3213035142505643970.dir/webapp/,AVAILABLE}{/hddsDatanode}
2019-06-13 07:15:38,077 INFO  server.AbstractConnector (AbstractConnector.java:doStart(278)) - Started ServerConnector@241b971f{HTTP/1.1,[http/1.1]}{0.0.0.0:44119}
2019-06-13 07:15:38,077 INFO  server.Server (Server.java:doStart(419)) - Started @4932ms
2019-06-13 07:15:38,078 INFO  server.BaseHttpServer (BaseHttpServer.java:updateConnectorAddress(207)) - HTTP server of HDDSDATANODE is listening at http://0.0.0.0:44119
2019-06-13 07:15:38,201 INFO  ozone.HddsDatanodeService (HddsDatanodeService.java:startPlugins(396)) - Started plug-in org.apache.hadoop.ozone.web.OzoneHddsDatanodeService@693f2213
2019-06-13 07:15:38,202 INFO  ozone.MiniOzoneClusterImpl (MiniOzoneClusterImpl.java:lambda$waitForClusterToBeReady$0(142)) - Waiting for cluster to be ready. Got 0 of 6 DN Heartbeats.
2019-06-13 07:15:38,204 INFO  util.JvmPauseMonitor (JvmPauseMonitor.java:run(188)) - Starting JVM pause monitor
2019-06-13 07:15:38,205 INFO  datanode.InitDatanodeState (InitDatanodeState.java:persistContainerDatanodeDetails(140)) - DatanodeDetails is persisted to /opt/src/hadoop-ozone/integration-test/target/test-dir/MiniOzoneClusterImpl-68778601-1677-4814-aac3-c3eb9def4407/datanode-5/meta/datanode.id
2019-06-13 07:15:39,202 INFO  ozone.MiniOzoneClusterImpl (MiniOzoneClusterImpl.java:lambda$waitForClusterToBeReady$0(142)) - Waiting for cluster to be ready. Got 0 of 6 DN Heartbeats.
2019-06-13 07:15:39,218 INFO  ozoneimpl.OzoneContainer (OzoneContainer.java:start(186)) - Attempting to start container services.
2019-06-13 07:15:39,218 INFO  ozoneimpl.OzoneContainer (OzoneContainer.java:startContainerScrub(160)) - Background container scrubber has been disabled by hdds.containerscrub.enabled
2019-06-13 07:15:39,218 INFO  ratis.XceiverServerRatis (XceiverServerRatis.java:start(418)) - Starting XceiverServerRatis fe947f46-58e1-47b7-a605-ada1b6dc36b5 at port 39757
2019-06-13 07:15:39,230 INFO  impl.RaftServerProxy (RaftServerProxy.java:lambda$start$3(299)) - fe947f46-58e1-47b7-a605-ada1b6dc36b5: start RPC server
2019-06-13 07:15:39,350 INFO  server.GrpcService (GrpcService.java:startImpl(148)) - fe947f46-58e1-47b7-a605-ada1b6dc36b5: GrpcService started, listening on 0.0.0.0/0.0.0.0:39757
2019-06-13 07:15:39,410 INFO  ozoneimpl.OzoneContainer (OzoneContainer.java:start(186)) - Attempting to start container services.
2019-06-13 07:15:39,410 INFO  ozoneimpl.OzoneContainer (OzoneContainer.java:startContainerScrub(160)) - Background container scrubber has been disabled by hdds.containerscrub.enabled
2019-06-13 07:15:39,410 INFO  ratis.XceiverServerRatis (XceiverServerRatis.java:start(418)) - Starting XceiverServerRatis cfcda084-ce6c-45c4-a463-4988172a376e at port 35041
2019-06-13 07:15:39,416 INFO  impl.RaftServerProxy (RaftServerProxy.java:lambda$start$3(299)) - cfcda084-ce6c-45c4-a463-4988172a376e: start RPC server
2019-06-13 07:15:39,418 INFO  server.GrpcService (GrpcService.java:startImpl(148)) - cfcda084-ce6c-45c4-a463-4988172a376e: GrpcService started, listening on 0.0.0.0/0.0.0.0:35041
2019-06-13 07:15:39,666 INFO  ozoneimpl.OzoneContainer (OzoneContainer.java:start(186)) - Attempting to start container services.
2019-06-13 07:15:39,667 INFO  ozoneimpl.OzoneContainer (OzoneContainer.java:startContainerScrub(160)) - Background container scrubber has been disabled by hdds.containerscrub.enabled
2019-06-13 07:15:39,667 INFO  ratis.XceiverServerRatis (XceiverServerRatis.java:start(418)) - Starting XceiverServerRatis 084b3085-16dd-4597-9ffc-47bef8c09ed7 at port 40659
2019-06-13 07:15:39,672 INFO  impl.RaftServerProxy (RaftServerProxy.java:lambda$start$3(299)) - 084b3085-16dd-4597-9ffc-47bef8c09ed7: start RPC server
2019-06-13 07:15:39,674 INFO  server.GrpcService (GrpcService.java:startImpl(148)) - 084b3085-16dd-4597-9ffc-47bef8c09ed7: GrpcService started, listening on 0.0.0.0/0.0.0.0:40659
2019-06-13 07:15:39,856 INFO  ozoneimpl.OzoneContainer (OzoneContainer.java:start(186)) - Attempting to start container services.
2019-06-13 07:15:39,858 INFO  ozoneimpl.OzoneContainer (OzoneContainer.java:startContainerScrub(160)) - Background container scrubber has been disabled by hdds.containerscrub.enabled
2019-06-13 07:15:39,858 INFO  ratis.XceiverServerRatis (XceiverServerRatis.java:start(418)) - Starting XceiverServerRatis ed83a57c-6cec-497f-b851-ee693dc0f338 at port 42533
2019-06-13 07:15:39,864 INFO  impl.RaftServerProxy (RaftServerProxy.java:lambda$start$3(299)) - ed83a57c-6cec-497f-b851-ee693dc0f338: start RPC server
2019-06-13 07:15:39,865 INFO  server.GrpcService (GrpcService.java:startImpl(148)) - ed83a57c-6cec-497f-b851-ee693dc0f338: GrpcService started, listening on 0.0.0.0/0.0.0.0:42533
2019-06-13 07:15:40,023 INFO  ozoneimpl.OzoneContainer (OzoneContainer.java:start(186)) - Attempting to start container services.
2019-06-13 07:15:40,024 INFO  ozoneimpl.OzoneContainer (OzoneContainer.java:startContainerScrub(160)) - Background container scrubber has been disabled by hdds.containerscrub.enabled
2019-06-13 07:15:40,025 INFO  ratis.XceiverServerRatis (XceiverServerRatis.java:start(418)) - Starting XceiverServerRatis 91d84113-b521-4f01-af62-2ad8007be9a8 at port 33261
2019-06-13 07:15:40,038 INFO  impl.RaftServerProxy (RaftServerProxy.java:lambda$start$3(299)) - 91d84113-b521-4f01-af62-2ad8007be9a8: start RPC server
2019-06-13 07:15:40,040 INFO  server.GrpcService (GrpcService.java:startImpl(148)) - 91d84113-b521-4f01-af62-2ad8007be9a8: GrpcService started, listening on 0.0.0.0/0.0.0.0:33261
2019-06-13 07:15:40,202 INFO  ozone.MiniOzoneClusterImpl (MiniOzoneClusterImpl.java:lambda$waitForClusterToBeReady$0(142)) - Waiting for cluster to be ready. Got 0 of 6 DN Heartbeats.
2019-06-13 07:15:40,208 INFO  ozoneimpl.OzoneContainer (OzoneContainer.java:start(186)) - Attempting to start container services.
2019-06-13 07:15:40,210 INFO  ozoneimpl.OzoneContainer (OzoneContainer.java:startContainerScrub(160)) - Background container scrubber has been disabled by hdds.containerscrub.enabled
2019-06-13 07:15:40,210 INFO  ratis.XceiverServerRatis (XceiverServerRatis.java:start(418)) - Starting XceiverServerRatis 2e9a103f-ca56-452c-a44b-cf71b51a8794 at port 45889
2019-06-13 07:15:40,213 INFO  impl.RaftServerProxy (RaftServerProxy.java:lambda$start$3(299)) - 2e9a103f-ca56-452c-a44b-cf71b51a8794: start RPC server
2019-06-13 07:15:40,216 INFO  server.GrpcService (GrpcService.java:startImpl(148)) - 2e9a103f-ca56-452c-a44b-cf71b51a8794: GrpcService started, listening on 0.0.0.0/0.0.0.0:45889
2019-06-13 07:15:41,202 INFO  ozone.MiniOzoneClusterImpl (MiniOzoneClusterImpl.java:lambda$waitForClusterToBeReady$0(142)) - Waiting for cluster to be ready. Got 0 of 6 DN Heartbeats.
2019-06-13 07:15:41,216 INFO  node.SCMNodeManager (SCMNodeManager.java:register(234)) - Registered Data node : fe947f46-58e1-47b7-a605-ada1b6dc36b5{ip: 192.168.46.57, host: ozone-6ghgz-2707756789, networkLocation: /default-rack, certSerialId: null}
2019-06-13 07:15:41,219 INFO  safemode.SCMSafeModeManager (DataNodeSafeModeRule.java:process(71)) - SCM in safe mode. 1 DataNodes registered, 1 required.
2019-06-13 07:15:41,220 INFO  safemode.SCMSafeModeManager (SCMSafeModeManager.java:validateSafeModeExitRules(177)) - ScmSafeModeManager, all rules are successfully validated
2019-06-13 07:15:41,220 INFO  safemode.SCMSafeModeManager (SCMSafeModeManager.java:exitSafeMode(193)) - SCM exiting safe mode.
2019-06-13 07:15:41,409 INFO  node.SCMNodeManager (SCMNodeManager.java:register(234)) - Registered Data node : cfcda084-ce6c-45c4-a463-4988172a376e{ip: 192.168.46.57, host: ozone-6ghgz-2707756789, networkLocation: /default-rack, certSerialId: null}
2019-06-13 07:15:41,577 INFO  impl.RaftServerProxy (RaftServerProxy.java:addNew(89)) - fe947f46-58e1-47b7-a605-ada1b6dc36b5: addNew group-13C6A74B95B1:[fe947f46-58e1-47b7-a605-ada1b6dc36b5:192.168.46.57:39757] returns group-13C6A74B95B1:java.util.concurrent.CompletableFuture@6fb93acb[Not completed]
2019-06-13 07:15:41,582 INFO  impl.RaftServerImpl (RaftServerImpl.java:<init>(91)) - fe947f46-58e1-47b7-a605-ada1b6dc36b5: new RaftServerImpl for group-13C6A74B95B1:[fe947f46-58e1-47b7-a605-ada1b6dc36b5:192.168.46.57:39757] with ContainerStateMachine:uninitialized
2019-06-13 07:15:41,583 INFO  server.RaftServerConfigKeys (ConfUtils.java:logGet(43)) - raft.server.rpc.timeout.min = 1s (custom)
2019-06-13 07:15:41,584 INFO  server.RaftServerConfigKeys (ConfUtils.java:logGet(43)) - raft.server.rpc.timeout.max = 1200ms (custom)
2019-06-13 07:15:41,584 INFO  server.RaftServerConfigKeys (ConfUtils.java:logGet(43)) - raft.server.rpcslowness.timeout = 10s (custom)
2019-06-13 07:15:41,584 INFO  server.RaftServerConfigKeys (ConfUtils.java:logGet(43)) - raft.server.log.appender.install.snapshot.enabled = true (default)
2019-06-13 07:15:41,589 INFO  impl.RaftServerImpl (ServerState.java:<init>(101)) - fe947f46-58e1-47b7-a605-ada1b6dc36b5:group-13C6A74B95B1 ConfigurationManager, init=-1: [fe947f46-58e1-47b7-a605-ada1b6dc36b5:192.168.46.57:39757], old=null, confs=<EMPTY_MAP>
2019-06-13 07:15:41,589 INFO  server.RaftServerConfigKeys (ConfUtils.java:logGet(43)) - raft.server.storage.dir = [/opt/src/hadoop-ozone/integration-test/target/test-dir/MiniOzoneClusterImpl-68778601-1677-4814-aac3-c3eb9def4407/datanode-0/data/ratis] (custom)
2019-06-13 07:15:41,594 INFO  storage.RaftStorageDirectory (RaftStorageDirectory.java:analyzeStorage(246)) - The storage directory /opt/src/hadoop-ozone/integration-test/target/test-dir/MiniOzoneClusterImpl-68778601-1677-4814-aac3-c3eb9def4407/datanode-0/data/ratis/030609b3-b2e2-4987-803e-13c6a74b95b1 does not exist. Creating ...
2019-06-13 07:15:41,599 INFO  storage.RaftStorageDirectory (RaftStorageDirectory.java:tryLock(328)) - Lock on /opt/src/hadoop-ozone/integration-test/target/test-dir/MiniOzoneClusterImpl-68778601-1677-4814-aac3-c3eb9def4407/datanode-0/data/ratis/030609b3-b2e2-4987-803e-13c6a74b95b1/in_use.lock acquired by nodename 10087@ozone-6ghgz-2707756789
2019-06-13 07:15:41,603 INFO  storage.RaftStorage (RaftStorage.java:format(75)) - Storage directory /opt/src/hadoop-ozone/integration-test/target/test-dir/MiniOzoneClusterImpl-68778601-1677-4814-aac3-c3eb9def4407/datanode-0/data/ratis/030609b3-b2e2-4987-803e-13c6a74b95b1 has been successfully formatted.
2019-06-13 07:15:41,604 INFO  ratis.ContainerStateMachine (ContainerStateMachine.java:loadSnapshot(199)) - The snapshot info is null.Setting the last applied index to:(t:0, i:~)
2019-06-13 07:15:41,605 INFO  server.RaftServerConfigKeys (ConfUtils.java:logGet(43)) - raft.server.leader.election.timeout = 10s (custom)
2019-06-13 07:15:41,606 INFO  server.RaftServerConfigKeys (ConfUtils.java:logGet(43)) - raft.server.log.use.memory = false (default)
2019-06-13 07:15:41,608 INFO  server.RaftServerConfigKeys (ConfUtils.java:logGet(43)) - raft.server.log.appender.buffer.byte-limit = 33554432 (custom)
2019-06-13 07:15:41,610 INFO  server.RaftServerConfigKeys (ConfUtils.java:logGet(43)) - raft.server.log.segment.size.max = 16384 (custom)
2019-06-13 07:15:41,613 INFO  server.RaftServerConfigKeys (ConfUtils.java:logGet(43)) - raft.server.log.segment.cache.num.max = 2 (custom)
2019-06-13 07:15:41,736 INFO  storage.RaftLogWorker (RaftLogWorker.java:<init>(123)) - new fe947f46-58e1-47b7-a605-ada1b6dc36b5-RaftLogWorker for Storage Directory /opt/src/hadoop-ozone/integration-test/target/test-dir/MiniOzoneClusterImpl-68778601-1677-4814-aac3-c3eb9def4407/datanode-0/data/ratis/030609b3-b2e2-4987-803e-13c6a74b95b1
2019-06-13 07:15:41,739 INFO  node.SCMNodeManager (SCMNodeManager.java:register(234)) - Registered Data node : 084b3085-16dd-4597-9ffc-47bef8c09ed7{ip: 192.168.46.57, host: ozone-6ghgz-2707756789, networkLocation: /default-rack, certSerialId: null}
2019-06-13 07:15:41,739 INFO  server.RaftServerConfigKeys (ConfUtils.java:logGet(43)) - raft.server.log.queue.byte-limit = 2147483647 (custom)
2019-06-13 07:15:41,740 INFO  server.RaftServerConfigKeys (ConfUtils.java:logGet(43)) - raft.server.log.queue.element-limit = 1024 (custom)
2019-06-13 07:15:41,742 INFO  server.RaftServerConfigKeys (ConfUtils.java:logGet(43)) - raft.server.log.segment.size.max = 16384 (custom)
2019-06-13 07:15:41,742 INFO  server.RaftServerConfigKeys (ConfUtils.java:logGet(43)) - raft.server.log.preallocated.size = 16384 (custom)
2019-06-13 07:15:41,742 INFO  server.RaftServerConfigKeys (ConfUtils.java:logGet(43)) - raft.server.log.write.buffer.size = 33554432 (custom)
2019-06-13 07:15:41,743 INFO  server.RaftServerConfigKeys (ConfUtils.java:logGet(43)) - raft.server.log.force.sync.num = 128 (default)
2019-06-13 07:15:41,743 INFO  server.RaftServerConfigKeys (ConfUtils.java:logGet(43)) - raft.server.log.statemachine.data.sync = true (default)
2019-06-13 07:15:41,743 INFO  server.RaftServerConfigKeys (ConfUtils.java:logGet(43)) - raft.server.log.statemachine.data.sync.timeout = 10s (default)
2019-06-13 07:15:41,744 INFO  server.RaftServerConfigKeys (ConfUtils.java:logGet(43)) - raft.server.log.statemachine.data.sync.timeout.retry = -1 (default)
2019-06-13 07:15:41,746 INFO  server.RaftServerConfigKeys (ConfUtils.java:logGet(43)) - raft.server.log.statemachine.data.caching.enabled = true (custom)
2019-06-13 07:15:41,752 INFO  server.RaftServerConfigKeys (ConfUtils.java:logGet(43)) - raft.server.snapshot.auto.trigger.enabled = true (custom)
2019-06-13 07:15:41,752 INFO  server.RaftServerConfigKeys (ConfUtils.java:logGet(43)) - raft.server.snapshot.auto.trigger.threshold = 10000 (custom)
2019-06-13 07:15:41,753 INFO  server.RaftServerConfigKeys (ConfUtils.java:logGet(43)) - raft.server.retrycache.expirytime = 600000ms (custom)
2019-06-13 07:15:41,767 INFO  impl.RaftServerImpl (RaftServerImpl.java:start(173)) - fe947f46-58e1-47b7-a605-ada1b6dc36b5: start group-13C6A74B95B1
2019-06-13 07:15:41,768 INFO  impl.RaftServerImpl (RaftServerImpl.java:setRole(164)) - fe947f46-58e1-47b7-a605-ada1b6dc36b5:group-13C6A74B95B1 changes role from null to FOLLOWER at term 0 for startAsFollower
2019-06-13 07:15:41,768 INFO  impl.RoleInfo (RoleInfo.java:updateAndGet(143)) - fe947f46-58e1-47b7-a605-ada1b6dc36b5: start FollowerState
2019-06-13 07:15:41,770 INFO  util.JmxRegister (JmxRegister.java:tryRegister(44)) - Successfully registered JMX Bean with object name Ratis:service=RaftServer,group=group-13C6A74B95B1,id=fe947f46-58e1-47b7-a605-ada1b6dc36b5
2019-06-13 07:15:41,805 INFO  pipeline.PipelineStateManager (PipelineStateManager.java:addPipeline(56)) - Created pipeline Pipeline[ Id: 030609b3-b2e2-4987-803e-13c6a74b95b1, Nodes: fe947f46-58e1-47b7-a605-ada1b6dc36b5{ip: 192.168.46.57, host: ozone-6ghgz-2707756789, networkLocation: /default-rack, certSerialId: null}, Type:RATIS, Factor:ONE, State:OPEN]
2019-06-13 07:15:41,821 INFO  impl.RaftServerProxy (RaftServerProxy.java:addNew(89)) - 084b3085-16dd-4597-9ffc-47bef8c09ed7: addNew group-656EA1AA5CA7:[084b3085-16dd-4597-9ffc-47bef8c09ed7:192.168.46.57:40659] returns group-656EA1AA5CA7:java.util.concurrent.CompletableFuture@68a2ba1e[Not completed]
2019-06-13 07:15:41,821 INFO  impl.RaftServerImpl (RaftServerImpl.java:<init>(91)) - 084b3085-16dd-4597-9ffc-47bef8c09ed7: new RaftServerImpl for group-656EA1AA5CA7:[084b3085-16dd-4597-9ffc-47bef8c09ed7:192.168.46.57:40659] with ContainerStateMachine:uninitialized
2019-06-13 07:15:41,822 INFO  server.RaftServerConfigKeys (ConfUtils.java:logGet(43)) - raft.server.rpc.timeout.min = 1s (custom)
2019-06-13 07:15:41,822 INFO  server.RaftServerConfigKeys (ConfUtils.java:logGet(43)) - raft.server.rpc.timeout.max = 1200ms (custom)
2019-06-13 07:15:41,823 INFO  server.RaftServerConfigKeys (ConfUtils.java:logGet(43)) - raft.server.rpcslowness.timeout = 10s (custom)
2019-06-13 07:15:41,823 INFO  server.RaftServerConfigKeys (ConfUtils.java:logGet(43)) - raft.server.log.appender.install.snapshot.enabled = true (default)
2019-06-13 07:15:41,823 INFO  impl.RaftServerImpl (ServerState.java:<init>(101)) - 084b3085-16dd-4597-9ffc-47bef8c09ed7:group-656EA1AA5CA7 ConfigurationManager, init=-1: [084b3085-16dd-4597-9ffc-47bef8c09ed7:192.168.46.57:40659], old=null, confs=<EMPTY_MAP>
2019-06-13 07:15:41,823 INFO  server.RaftServerConfigKeys (ConfUtils.java:logGet(43)) - raft.server.storage.dir = [/opt/src/hadoop-ozone/integration-test/target/test-dir/MiniOzoneClusterImpl-68778601-1677-4814-aac3-c3eb9def4407/datanode-2/data/ratis] (custom)
2019-06-13 07:15:41,823 INFO  storage.RaftStorageDirectory (RaftStorageDirectory.java:analyzeStorage(246)) - The storage directory /opt/src/hadoop-ozone/integration-test/target/test-dir/MiniOzoneClusterImpl-68778601-1677-4814-aac3-c3eb9def4407/datanode-2/data/ratis/eefb5df5-8ca0-4e2b-8115-656ea1aa5ca7 does not exist. Creating ...
2019-06-13 07:15:41,826 INFO  storage.RaftStorageDirectory (RaftStorageDirectory.java:tryLock(328)) - Lock on /opt/src/hadoop-ozone/integration-test/target/test-dir/MiniOzoneClusterImpl-68778601-1677-4814-aac3-c3eb9def4407/datanode-2/data/ratis/eefb5df5-8ca0-4e2b-8115-656ea1aa5ca7/in_use.lock acquired by nodename 10087@ozone-6ghgz-2707756789
2019-06-13 07:15:41,836 INFO  storage.RaftStorage (RaftStorage.java:format(75)) - Storage directory /opt/src/hadoop-ozone/integration-test/target/test-dir/MiniOzoneClusterImpl-68778601-1677-4814-aac3-c3eb9def4407/datanode-2/data/ratis/eefb5df5-8ca0-4e2b-8115-656ea1aa5ca7 has been successfully formatted.
2019-06-13 07:15:41,836 INFO  ratis.ContainerStateMachine (ContainerStateMachine.java:loadSnapshot(199)) - The snapshot info is null.Setting the last applied index to:(t:0, i:~)
2019-06-13 07:15:41,836 INFO  server.RaftServerConfigKeys (ConfUtils.java:logGet(43)) - raft.server.leader.election.timeout = 10s (custom)
2019-06-13 07:15:41,836 INFO  server.RaftServerConfigKeys (ConfUtils.java:logGet(43)) - raft.server.log.use.memory = false (default)
2019-06-13 07:15:41,836 INFO  server.RaftServerConfigKeys (ConfUtils.java:logGet(43)) - raft.server.log.appender.buffer.byte-limit = 33554432 (custom)
2019-06-13 07:15:41,836 INFO  server.RaftServerConfigKeys (ConfUtils.java:logGet(43)) - raft.server.log.segment.size.max = 16384 (custom)
2019-06-13 07:15:41,836 INFO  server.RaftServerConfigKeys (ConfUtils.java:logGet(43)) - raft.server.log.segment.cache.num.max = 2 (custom)
2019-06-13 07:15:41,836 INFO  storage.RaftLogWorker (RaftLogWorker.java:<init>(123)) - new 084b3085-16dd-4597-9ffc-47bef8c09ed7-RaftLogWorker for Storage Directory /opt/src/hadoop-ozone/integration-test/target/test-dir/MiniOzoneClusterImpl-68778601-1677-4814-aac3-c3eb9def4407/datanode-2/data/ratis/eefb5df5-8ca0-4e2b-8115-656ea1aa5ca7
2019-06-13 07:15:41,837 INFO  server.RaftServerConfigKeys (ConfUtils.java:logGet(43)) - raft.server.log.queue.byte-limit = 2147483647 (custom)
2019-06-13 07:15:41,838 INFO  server.RaftServerConfigKeys (ConfUtils.java:logGet(43)) - raft.server.log.queue.element-limit = 1024 (custom)
2019-06-13 07:15:41,838 INFO  server.RaftServerConfigKeys (ConfUtils.java:logGet(43)) - raft.server.log.segment.size.max = 16384 (custom)
2019-06-13 07:15:41,838 INFO  server.RaftServerConfigKeys (ConfUtils.java:logGet(43)) - raft.server.log.preallocated.size = 16384 (custom)
2019-06-13 07:15:41,838 INFO  server.RaftServerConfigKeys (ConfUtils.java:logGet(43)) - raft.server.log.write.buffer.size = 33554432 (custom)
2019-06-13 07:15:41,838 INFO  server.RaftServerConfigKeys (ConfUtils.java:logGet(43)) - raft.server.log.force.sync.num = 128 (default)
2019-06-13 07:15:41,838 INFO  server.RaftServerConfigKeys (ConfUtils.java:logGet(43)) - raft.server.log.statemachine.data.sync = true (default)
2019-06-13 07:15:41,838 INFO  server.RaftServerConfigKeys (ConfUtils.java:logGet(43)) - raft.server.log.statemachine.data.sync.timeout = 10s (default)
2019-06-13 07:15:41,838 INFO  server.RaftServerConfigKeys (ConfUtils.java:logGet(43)) - raft.server.log.statemachine.data.sync.timeout.retry = -1 (default)
2019-06-13 07:15:41,838 INFO  server.RaftServerConfigKeys (ConfUtils.java:logGet(43)) - raft.server.log.statemachine.data.caching.enabled = true (custom)
2019-06-13 07:15:41,839 INFO  server.RaftServerConfigKeys (ConfUtils.java:logGet(43)) - raft.server.snapshot.auto.trigger.enabled = true (custom)
2019-06-13 07:15:41,839 INFO  server.RaftServerConfigKeys (ConfUtils.java:logGet(43)) - raft.server.snapshot.auto.trigger.threshold = 10000 (custom)
2019-06-13 07:15:41,839 INFO  server.RaftServerConfigKeys (ConfUtils.java:logGet(43)) - raft.server.retrycache.expirytime = 600000ms (custom)
2019-06-13 07:15:41,839 INFO  impl.RaftServerImpl (RaftServerImpl.java:start(173)) - 084b3085-16dd-4597-9ffc-47bef8c09ed7: start group-656EA1AA5CA7
2019-06-13 07:15:41,839 INFO  impl.RaftServerImpl (RaftServerImpl.java:setRole(164)) - 084b3085-16dd-4597-9ffc-47bef8c09ed7:group-656EA1AA5CA7 changes role from null to FOLLOWER at term 0 for startAsFollower
2019-06-13 07:15:41,839 INFO  impl.RoleInfo (RoleInfo.java:updateAndGet(143)) - 084b3085-16dd-4597-9ffc-47bef8c09ed7: start FollowerState
2019-06-13 07:15:41,840 INFO  util.JmxRegister (JmxRegister.java:tryRegister(44)) - Successfully registered JMX Bean with object name Ratis:service=RaftServer,group=group-656EA1AA5CA7,id=084b3085-16dd-4597-9ffc-47bef8c09ed7
2019-06-13 07:15:41,848 INFO  pipeline.PipelineStateManager (PipelineStateManager.java:addPipeline(56)) - Created pipeline Pipeline[ Id: eefb5df5-8ca0-4e2b-8115-656ea1aa5ca7, Nodes: 084b3085-16dd-4597-9ffc-47bef8c09ed7{ip: 192.168.46.57, host: ozone-6ghgz-2707756789, networkLocation: /default-rack, certSerialId: null}, Type:RATIS, Factor:ONE, State:OPEN]
2019-06-13 07:15:41,858 INFO  node.SCMNodeManager (SCMNodeManager.java:register(234)) - Registered Data node : ed83a57c-6cec-497f-b851-ee693dc0f338{ip: 192.168.46.57, host: ozone-6ghgz-2707756789, networkLocation: /default-rack, certSerialId: null}
2019-06-13 07:15:41,863 INFO  impl.RaftServerProxy (RaftServerProxy.java:addNew(89)) - cfcda084-ce6c-45c4-a463-4988172a376e: addNew group-7275F16523BD:[cfcda084-ce6c-45c4-a463-4988172a376e:192.168.46.57:35041] returns group-7275F16523BD:java.util.concurrent.CompletableFuture@71d3d1df[Not completed]
2019-06-13 07:15:41,888 INFO  impl.RaftServerImpl (RaftServerImpl.java:<init>(91)) - cfcda084-ce6c-45c4-a463-4988172a376e: new RaftServerImpl for group-7275F16523BD:[cfcda084-ce6c-45c4-a463-4988172a376e:192.168.46.57:35041] with ContainerStateMachine:uninitialized
2019-06-13 07:15:41,888 INFO  server.RaftServerConfigKeys (ConfUtils.java:logGet(43)) - raft.server.rpc.timeout.min = 1s (custom)
2019-06-13 07:15:41,889 INFO  server.RaftServerConfigKeys (ConfUtils.java:logGet(43)) - raft.server.rpc.timeout.max = 1200ms (custom)
2019-06-13 07:15:41,889 INFO  server.RaftServerConfigKeys (ConfUtils.java:logGet(43)) - raft.server.rpcslowness.timeout = 10s (custom)
2019-06-13 07:15:41,889 INFO  server.RaftServerConfigKeys (ConfUtils.java:logGet(43)) - raft.server.log.appender.install.snapshot.enabled = true (default)
2019-06-13 07:15:41,889 INFO  impl.RaftServerImpl (ServerState.java:<init>(101)) - cfcda084-ce6c-45c4-a463-4988172a376e:group-7275F16523BD ConfigurationManager, init=-1: [cfcda084-ce6c-45c4-a463-4988172a376e:192.168.46.57:35041], old=null, confs=<EMPTY_MAP>
2019-06-13 07:15:41,889 INFO  server.RaftServerConfigKeys (ConfUtils.java:logGet(43)) - raft.server.storage.dir = [/opt/src/hadoop-ozone/integration-test/target/test-dir/MiniOzoneClusterImpl-68778601-1677-4814-aac3-c3eb9def4407/datanode-1/data/ratis] (custom)
2019-06-13 07:15:41,889 INFO  storage.RaftStorageDirectory (RaftStorageDirectory.java:analyzeStorage(246)) - The storage directory /opt/src/hadoop-ozone/integration-test/target/test-dir/MiniOzoneClusterImpl-68778601-1677-4814-aac3-c3eb9def4407/datanode-1/data/ratis/76566def-298a-41f9-b3f6-7275f16523bd does not exist. Creating ...
2019-06-13 07:15:41,892 INFO  storage.RaftStorageDirectory (RaftStorageDirectory.java:tryLock(328)) - Lock on /opt/src/hadoop-ozone/integration-test/target/test-dir/MiniOzoneClusterImpl-68778601-1677-4814-aac3-c3eb9def4407/datanode-1/data/ratis/76566def-298a-41f9-b3f6-7275f16523bd/in_use.lock acquired by nodename 10087@ozone-6ghgz-2707756789
2019-06-13 07:15:41,894 INFO  storage.RaftStorage (RaftStorage.java:format(75)) - Storage directory /opt/src/hadoop-ozone/integration-test/target/test-dir/MiniOzoneClusterImpl-68778601-1677-4814-aac3-c3eb9def4407/datanode-1/data/ratis/76566def-298a-41f9-b3f6-7275f16523bd has been successfully formatted.
2019-06-13 07:15:41,895 INFO  ratis.ContainerStateMachine (ContainerStateMachine.java:loadSnapshot(199)) - The snapshot info is null.Setting the last applied index to:(t:0, i:~)
2019-06-13 07:15:41,896 INFO  server.RaftServerConfigKeys (ConfUtils.java:logGet(43)) - raft.server.leader.election.timeout = 10s (custom)
2019-06-13 07:15:41,896 INFO  server.RaftServerConfigKeys (ConfUtils.java:logGet(43)) - raft.server.log.use.memory = false (default)
2019-06-13 07:15:41,896 INFO  server.RaftServerConfigKeys (ConfUtils.java:logGet(43)) - raft.server.log.appender.buffer.byte-limit = 33554432 (custom)
2019-06-13 07:15:41,896 INFO  server.RaftServerConfigKeys (ConfUtils.java:logGet(43)) - raft.server.log.segment.size.max = 16384 (custom)
2019-06-13 07:15:41,896 INFO  server.RaftServerConfigKeys (ConfUtils.java:logGet(43)) - raft.server.log.segment.cache.num.max = 2 (custom)
2019-06-13 07:15:41,896 INFO  storage.RaftLogWorker (RaftLogWorker.java:<init>(123)) - new cfcda084-ce6c-45c4-a463-4988172a376e-RaftLogWorker for Storage Directory /opt/src/hadoop-ozone/integration-test/target/test-dir/MiniOzoneClusterImpl-68778601-1677-4814-aac3-c3eb9def4407/datanode-1/data/ratis/76566def-298a-41f9-b3f6-7275f16523bd
2019-06-13 07:15:41,896 INFO  server.RaftServerConfigKeys (ConfUtils.java:logGet(43)) - raft.server.log.queue.byte-limit = 2147483647 (custom)
2019-06-13 07:15:41,896 INFO  server.RaftServerConfigKeys (ConfUtils.java:logGet(43)) - raft.server.log.queue.element-limit = 1024 (custom)
2019-06-13 07:15:41,896 INFO  server.RaftServerConfigKeys (ConfUtils.java:logGet(43)) - raft.server.log.segment.size.max = 16384 (custom)
2019-06-13 07:15:41,896 INFO  server.RaftServerConfigKeys (ConfUtils.java:logGet(43)) - raft.server.log.preallocated.size = 16384 (custom)
2019-06-13 07:15:41,896 INFO  server.RaftServerConfigKeys (ConfUtils.java:logGet(43)) - raft.server.log.write.buffer.size = 33554432 (custom)
2019-06-13 07:15:41,897 INFO  server.RaftServerConfigKeys (ConfUtils.java:logGet(43)) - raft.server.log.force.sync.num = 128 (default)
2019-06-13 07:15:41,897 INFO  server.RaftServerConfigKeys (ConfUtils.java:logGet(43)) - raft.server.log.statemachine.data.sync = true (default)
2019-06-13 07:15:41,897 INFO  server.RaftServerConfigKeys (ConfUtils.java:logGet(43)) - raft.server.log.statemachine.data.sync.timeout = 10s (default)
2019-06-13 07:15:41,897 INFO  server.RaftServerConfigKeys (ConfUtils.java:logGet(43)) - raft.server.log.statemachine.data.sync.timeout.retry = -1 (default)
2019-06-13 07:15:41,897 INFO  server.RaftServerConfigKeys (ConfUtils.java:logGet(43)) - raft.server.log.statemachine.data.caching.enabled = true (custom)
2019-06-13 07:15:41,897 INFO  server.RaftServerConfigKeys (ConfUtils.java:logGet(43)) - raft.server.snapshot.auto.trigger.enabled = true (custom)
2019-06-13 07:15:41,897 INFO  server.RaftServerConfigKeys (ConfUtils.java:logGet(43)) - raft.server.snapshot.auto.trigger.threshold = 10000 (custom)
2019-06-13 07:15:41,898 INFO  server.RaftServerConfigKeys (ConfUtils.java:logGet(43)) - raft.server.retrycache.expirytime = 600000ms (custom)
2019-06-13 07:15:41,898 INFO  impl.RaftServerImpl (RaftServerImpl.java:start(173)) - cfcda084-ce6c-45c4-a463-4988172a376e: start group-7275F16523BD
2019-06-13 07:15:41,898 INFO  impl.RaftServerImpl (RaftServerImpl.java:setRole(164)) - cfcda084-ce6c-45c4-a463-4988172a376e:group-7275F16523BD changes role from null to FOLLOWER at term 0 for startAsFollower
2019-06-13 07:15:41,898 INFO  impl.RoleInfo (RoleInfo.java:updateAndGet(143)) - cfcda084-ce6c-45c4-a463-4988172a376e: start FollowerState
2019-06-13 07:15:41,898 INFO  util.JmxRegister (JmxRegister.java:tryRegister(44)) - Successfully registered JMX Bean with object name Ratis:service=RaftServer,group=group-7275F16523BD,id=cfcda084-ce6c-45c4-a463-4988172a376e
2019-06-13 07:15:41,905 INFO  pipeline.PipelineStateManager (PipelineStateManager.java:addPipeline(56)) - Created pipeline Pipeline[ Id: 76566def-298a-41f9-b3f6-7275f16523bd, Nodes: cfcda084-ce6c-45c4-a463-4988172a376e{ip: 192.168.46.57, host: ozone-6ghgz-2707756789, networkLocation: /default-rack, certSerialId: null}, Type:RATIS, Factor:ONE, State:OPEN]
2019-06-13 07:15:41,920 INFO  impl.RaftServerProxy (RaftServerProxy.java:addNew(89)) - ed83a57c-6cec-497f-b851-ee693dc0f338: addNew group-05C014470D10:[ed83a57c-6cec-497f-b851-ee693dc0f338:192.168.46.57:42533] returns group-05C014470D10:java.util.concurrent.CompletableFuture@61fe4e85[Not completed]
2019-06-13 07:15:41,927 INFO  impl.RaftServerImpl (RaftServerImpl.java:<init>(91)) - ed83a57c-6cec-497f-b851-ee693dc0f338: new RaftServerImpl for group-05C014470D10:[ed83a57c-6cec-497f-b851-ee693dc0f338:192.168.46.57:42533] with ContainerStateMachine:uninitialized
2019-06-13 07:15:41,927 INFO  server.RaftServerConfigKeys (ConfUtils.java:logGet(43)) - raft.server.rpc.timeout.min = 1s (custom)
2019-06-13 07:15:41,927 INFO  server.RaftServerConfigKeys (ConfUtils.java:logGet(43)) - raft.server.rpc.timeout.max = 1200ms (custom)
2019-06-13 07:15:41,927 INFO  server.RaftServerConfigKeys (ConfUtils.java:logGet(43)) - raft.server.rpcslowness.timeout = 10s (custom)
2019-06-13 07:15:41,927 INFO  server.RaftServerConfigKeys (ConfUtils.java:logGet(43)) - raft.server.log.appender.install.snapshot.enabled = true (default)
2019-06-13 07:15:41,928 INFO  impl.RaftServerImpl (ServerState.java:<init>(101)) - ed83a57c-6cec-497f-b851-ee693dc0f338:group-05C014470D10 ConfigurationManager, init=-1: [ed83a57c-6cec-497f-b851-ee693dc0f338:192.168.46.57:42533], old=null, confs=<EMPTY_MAP>
2019-06-13 07:15:41,928 INFO  server.RaftServerConfigKeys (ConfUtils.java:logGet(43)) - raft.server.storage.dir = [/opt/src/hadoop-ozone/integration-test/target/test-dir/MiniOzoneClusterImpl-68778601-1677-4814-aac3-c3eb9def4407/datanode-3/data/ratis] (custom)
2019-06-13 07:15:41,928 INFO  storage.RaftStorageDirectory (RaftStorageDirectory.java:analyzeStorage(246)) - The storage directory /opt/src/hadoop-ozone/integration-test/target/test-dir/MiniOzoneClusterImpl-68778601-1677-4814-aac3-c3eb9def4407/datanode-3/data/ratis/8fec4517-70f3-4d3e-824c-05c014470d10 does not exist. Creating ...
2019-06-13 07:15:41,930 INFO  storage.RaftStorageDirectory (RaftStorageDirectory.java:tryLock(328)) - Lock on /opt/src/hadoop-ozone/integration-test/target/test-dir/MiniOzoneClusterImpl-68778601-1677-4814-aac3-c3eb9def4407/datanode-3/data/ratis/8fec4517-70f3-4d3e-824c-05c014470d10/in_use.lock acquired by nodename 10087@ozone-6ghgz-2707756789
2019-06-13 07:15:41,936 INFO  storage.RaftStorage (RaftStorage.java:format(75)) - Storage directory /opt/src/hadoop-ozone/integration-test/target/test-dir/MiniOzoneClusterImpl-68778601-1677-4814-aac3-c3eb9def4407/datanode-3/data/ratis/8fec4517-70f3-4d3e-824c-05c014470d10 has been successfully formatted.
2019-06-13 07:15:41,936 INFO  ratis.ContainerStateMachine (ContainerStateMachine.java:loadSnapshot(199)) - The snapshot info is null.Setting the last applied index to:(t:0, i:~)
2019-06-13 07:15:41,936 INFO  server.RaftServerConfigKeys (ConfUtils.java:logGet(43)) - raft.server.leader.election.timeout = 10s (custom)
2019-06-13 07:15:41,936 INFO  server.RaftServerConfigKeys (ConfUtils.java:logGet(43)) - raft.server.log.use.memory = false (default)
2019-06-13 07:15:41,936 INFO  server.RaftServerConfigKeys (ConfUtils.java:logGet(43)) - raft.server.log.appender.buffer.byte-limit = 33554432 (custom)
2019-06-13 07:15:41,936 INFO  server.RaftServerConfigKeys (ConfUtils.java:logGet(43)) - raft.server.log.segment.size.max = 16384 (custom)
2019-06-13 07:15:41,936 INFO  server.RaftServerConfigKeys (ConfUtils.java:logGet(43)) - raft.server.log.segment.cache.num.max = 2 (custom)
2019-06-13 07:15:41,936 INFO  storage.RaftLogWorker (RaftLogWorker.java:<init>(123)) - new ed83a57c-6cec-497f-b851-ee693dc0f338-RaftLogWorker for Storage Directory /opt/src/hadoop-ozone/integration-test/target/test-dir/MiniOzoneClusterImpl-68778601-1677-4814-aac3-c3eb9def4407/datanode-3/data/ratis/8fec4517-70f3-4d3e-824c-05c014470d10
2019-06-13 07:15:41,937 INFO  server.RaftServerConfigKeys (ConfUtils.java:logGet(43)) - raft.server.log.queue.byte-limit = 2147483647 (custom)
2019-06-13 07:15:41,937 INFO  server.RaftServerConfigKeys (ConfUtils.java:logGet(43)) - raft.server.log.queue.element-limit = 1024 (custom)
2019-06-13 07:15:41,937 INFO  server.RaftServerConfigKeys (ConfUtils.java:logGet(43)) - raft.server.log.segment.size.max = 16384 (custom)
2019-06-13 07:15:41,937 INFO  server.RaftServerConfigKeys (ConfUtils.java:logGet(43)) - raft.server.log.preallocated.size = 16384 (custom)
2019-06-13 07:15:41,937 INFO  server.RaftServerConfigKeys (ConfUtils.java:logGet(43)) - raft.server.log.write.buffer.size = 33554432 (custom)
2019-06-13 07:15:41,937 INFO  server.RaftServerConfigKeys (ConfUtils.java:logGet(43)) - raft.server.log.force.sync.num = 128 (default)
2019-06-13 07:15:41,937 INFO  server.RaftServerConfigKeys (ConfUtils.java:logGet(43)) - raft.server.log.statemachine.data.sync = true (default)
2019-06-13 07:15:41,937 INFO  server.RaftServerConfigKeys (ConfUtils.java:logGet(43)) - raft.server.log.statemachine.data.sync.timeout = 10s (default)
2019-06-13 07:15:41,937 INFO  server.RaftServerConfigKeys (ConfUtils.java:logGet(43)) - raft.server.log.statemachine.data.sync.timeout.retry = -1 (default)
2019-06-13 07:15:41,937 INFO  server.RaftServerConfigKeys (ConfUtils.java:logGet(43)) - raft.server.log.statemachine.data.caching.enabled = true (custom)
2019-06-13 07:15:41,938 INFO  server.RaftServerConfigKeys (ConfUtils.java:logGet(43)) - raft.server.snapshot.auto.trigger.enabled = true (custom)
2019-06-13 07:15:41,938 INFO  server.RaftServerConfigKeys (ConfUtils.java:logGet(43)) - raft.server.snapshot.auto.trigger.threshold = 10000 (custom)
2019-06-13 07:15:41,938 INFO  server.RaftServerConfigKeys (ConfUtils.java:logGet(43)) - raft.server.retrycache.expirytime = 600000ms (custom)
2019-06-13 07:15:41,938 INFO  impl.RaftServerImpl (RaftServerImpl.java:start(173)) - ed83a57c-6cec-497f-b851-ee693dc0f338: start group-05C014470D10
2019-06-13 07:15:41,938 INFO  impl.RaftServerImpl (RaftServerImpl.java:setRole(164)) - ed83a57c-6cec-497f-b851-ee693dc0f338:group-05C014470D10 changes role from null to FOLLOWER at term 0 for startAsFollower
2019-06-13 07:15:41,938 INFO  impl.RoleInfo (RoleInfo.java:updateAndGet(143)) - ed83a57c-6cec-497f-b851-ee693dc0f338: start FollowerState
2019-06-13 07:15:41,939 INFO  util.JmxRegister (JmxRegister.java:tryRegister(44)) - Successfully registered JMX Bean with object name Ratis:service=RaftServer,group=group-05C014470D10,id=ed83a57c-6cec-497f-b851-ee693dc0f338
2019-06-13 07:15:41,946 INFO  pipeline.PipelineStateManager (PipelineStateManager.java:addPipeline(56)) - Created pipeline Pipeline[ Id: 8fec4517-70f3-4d3e-824c-05c014470d10, Nodes: ed83a57c-6cec-497f-b851-ee693dc0f338{ip: 192.168.46.57, host: ozone-6ghgz-2707756789, networkLocation: /default-rack, certSerialId: null}, Type:RATIS, Factor:ONE, State:OPEN]
2019-06-13 07:15:41,971 INFO  impl.RaftServerProxy (RaftServerProxy.java:addNew(89)) - 084b3085-16dd-4597-9ffc-47bef8c09ed7: addNew group-4BC423D4F618:[fe947f46-58e1-47b7-a605-ada1b6dc36b5:192.168.46.57:39757, ed83a57c-6cec-497f-b851-ee693dc0f338:192.168.46.57:42533, 084b3085-16dd-4597-9ffc-47bef8c09ed7:192.168.46.57:40659] returns group-4BC423D4F618:java.util.concurrent.CompletableFuture@7d409136[Not completed]
2019-06-13 07:15:41,972 INFO  impl.RaftServerImpl (RaftServerImpl.java:<init>(91)) - 084b3085-16dd-4597-9ffc-47bef8c09ed7: new RaftServerImpl for group-4BC423D4F618:[fe947f46-58e1-47b7-a605-ada1b6dc36b5:192.168.46.57:39757, ed83a57c-6cec-497f-b851-ee693dc0f338:192.168.46.57:42533, 084b3085-16dd-4597-9ffc-47bef8c09ed7:192.168.46.57:40659] with ContainerStateMachine:uninitialized
2019-06-13 07:15:41,972 INFO  server.RaftServerConfigKeys (ConfUtils.java:logGet(43)) - raft.server.rpc.timeout.min = 1s (custom)
2019-06-13 07:15:41,973 INFO  server.RaftServerConfigKeys (ConfUtils.java:logGet(43)) - raft.server.rpc.timeout.max = 1200ms (custom)
2019-06-13 07:15:41,976 INFO  server.RaftServerConfigKeys (ConfUtils.java:logGet(43)) - raft.server.rpcslowness.timeout = 10s (custom)
2019-06-13 07:15:41,976 INFO  server.RaftServerConfigKeys (ConfUtils.java:logGet(43)) - raft.server.log.appender.install.snapshot.enabled = true (default)
2019-06-13 07:15:41,976 INFO  impl.RaftServerImpl (ServerState.java:<init>(101)) - 084b3085-16dd-4597-9ffc-47bef8c09ed7:group-4BC423D4F618 ConfigurationManager, init=-1: [fe947f46-58e1-47b7-a605-ada1b6dc36b5:192.168.46.57:39757, ed83a57c-6cec-497f-b851-ee693dc0f338:192.168.46.57:42533, 084b3085-16dd-4597-9ffc-47bef8c09ed7:192.168.46.57:40659], old=null, confs=<EMPTY_MAP>
2019-06-13 07:15:41,976 INFO  server.RaftServerConfigKeys (ConfUtils.java:logGet(43)) - raft.server.storage.dir = [/opt/src/hadoop-ozone/integration-test/target/test-dir/MiniOzoneClusterImpl-68778601-1677-4814-aac3-c3eb9def4407/datanode-2/data/ratis] (custom)
2019-06-13 07:15:41,976 INFO  impl.RaftServerProxy (RaftServerProxy.java:addNew(89)) - fe947f46-58e1-47b7-a605-ada1b6dc36b5: addNew group-4BC423D4F618:[fe947f46-58e1-47b7-a605-ada1b6dc36b5:192.168.46.57:39757, ed83a57c-6cec-497f-b851-ee693dc0f338:192.168.46.57:42533, 084b3085-16dd-4597-9ffc-47bef8c09ed7:192.168.46.57:40659] returns group-4BC423D4F618:java.util.concurrent.CompletableFuture@384210fa[Not completed]
2019-06-13 07:15:41,977 INFO  storage.RaftStorageDirectory (RaftStorageDirectory.java:analyzeStorage(246)) - The storage directory /opt/src/hadoop-ozone/integration-test/target/test-dir/MiniOzoneClusterImpl-68778601-1677-4814-aac3-c3eb9def4407/datanode-2/data/ratis/c06b0bec-8924-46f7-8145-4bc423d4f618 does not exist. Creating ...
2019-06-13 07:15:41,977 INFO  impl.RaftServerImpl (RaftServerImpl.java:<init>(91)) - fe947f46-58e1-47b7-a605-ada1b6dc36b5: new RaftServerImpl for group-4BC423D4F618:[fe947f46-58e1-47b7-a605-ada1b6dc36b5:192.168.46.57:39757, ed83a57c-6cec-497f-b851-ee693dc0f338:192.168.46.57:42533, 084b3085-16dd-4597-9ffc-47bef8c09ed7:192.168.46.57:40659] with ContainerStateMachine:uninitialized
2019-06-13 07:15:41,977 INFO  server.RaftServerConfigKeys (ConfUtils.java:logGet(43)) - raft.server.rpc.timeout.min = 1s (custom)
2019-06-13 07:15:41,977 INFO  server.RaftServerConfigKeys (ConfUtils.java:logGet(43)) - raft.server.rpc.timeout.max = 1200ms (custom)
2019-06-13 07:15:41,977 INFO  server.RaftServerConfigKeys (ConfUtils.java:logGet(43)) - raft.server.rpcslowness.timeout = 10s (custom)
2019-06-13 07:15:41,978 INFO  server.RaftServerConfigKeys (ConfUtils.java:logGet(43)) - raft.server.log.appender.install.snapshot.enabled = true (default)
2019-06-13 07:15:41,978 INFO  impl.RaftServerImpl (ServerState.java:<init>(101)) - fe947f46-58e1-47b7-a605-ada1b6dc36b5:group-4BC423D4F618 ConfigurationManager, init=-1: [fe947f46-58e1-47b7-a605-ada1b6dc36b5:192.168.46.57:39757, ed83a57c-6cec-497f-b851-ee693dc0f338:192.168.46.57:42533, 084b3085-16dd-4597-9ffc-47bef8c09ed7:192.168.46.57:40659], old=null, confs=<EMPTY_MAP>
2019-06-13 07:15:41,978 INFO  server.RaftServerConfigKeys (ConfUtils.java:logGet(43)) - raft.server.storage.dir = [/opt/src/hadoop-ozone/integration-test/target/test-dir/MiniOzoneClusterImpl-68778601-1677-4814-aac3-c3eb9def4407/datanode-0/data/ratis] (custom)
2019-06-13 07:15:41,978 INFO  storage.RaftStorageDirectory (RaftStorageDirectory.java:analyzeStorage(246)) - The storage directory /opt/src/hadoop-ozone/integration-test/target/test-dir/MiniOzoneClusterImpl-68778601-1677-4814-aac3-c3eb9def4407/datanode-0/data/ratis/c06b0bec-8924-46f7-8145-4bc423d4f618 does not exist. Creating ...
2019-06-13 07:15:41,980 INFO  impl.RaftServerProxy (RaftServerProxy.java:addNew(89)) - ed83a57c-6cec-497f-b851-ee693dc0f338: addNew group-4BC423D4F618:[fe947f46-58e1-47b7-a605-ada1b6dc36b5:192.168.46.57:39757, ed83a57c-6cec-497f-b851-ee693dc0f338:192.168.46.57:42533, 084b3085-16dd-4597-9ffc-47bef8c09ed7:192.168.46.57:40659] returns group-4BC423D4F618:java.util.concurrent.CompletableFuture@818b77e[Not completed]
2019-06-13 07:15:41,981 INFO  impl.RaftServerImpl (RaftServerImpl.java:<init>(91)) - ed83a57c-6cec-497f-b851-ee693dc0f338: new RaftServerImpl for group-4BC423D4F618:[fe947f46-58e1-47b7-a605-ada1b6dc36b5:192.168.46.57:39757, ed83a57c-6cec-497f-b851-ee693dc0f338:192.168.46.57:42533, 084b3085-16dd-4597-9ffc-47bef8c09ed7:192.168.46.57:40659] with ContainerStateMachine:uninitialized
2019-06-13 07:15:41,981 INFO  server.RaftServerConfigKeys (ConfUtils.java:logGet(43)) - raft.server.rpc.timeout.min = 1s (custom)
2019-06-13 07:15:41,981 INFO  server.RaftServerConfigKeys (ConfUtils.java:logGet(43)) - raft.server.rpc.timeout.max = 1200ms (custom)
2019-06-13 07:15:41,981 INFO  server.RaftServerConfigKeys (ConfUtils.java:logGet(43)) - raft.server.rpcslowness.timeout = 10s (custom)
2019-06-13 07:15:41,981 INFO  server.RaftServerConfigKeys (ConfUtils.java:logGet(43)) - raft.server.log.appender.install.snapshot.enabled = true (default)
2019-06-13 07:15:41,981 INFO  impl.RaftServerImpl (ServerState.java:<init>(101)) - ed83a57c-6cec-497f-b851-ee693dc0f338:group-4BC423D4F618 ConfigurationManager, init=-1: [fe947f46-58e1-47b7-a605-ada1b6dc36b5:192.168.46.57:39757, ed83a57c-6cec-497f-b851-ee693dc0f338:192.168.46.57:42533, 084b3085-16dd-4597-9ffc-47bef8c09ed7:192.168.46.57:40659], old=null, confs=<EMPTY_MAP>
2019-06-13 07:15:41,981 INFO  server.RaftServerConfigKeys (ConfUtils.java:logGet(43)) - raft.server.storage.dir = [/opt/src/hadoop-ozone/integration-test/target/test-dir/MiniOzoneClusterImpl-68778601-1677-4814-aac3-c3eb9def4407/datanode-3/data/ratis] (custom)
2019-06-13 07:15:41,984 INFO  storage.RaftStorageDirectory (RaftStorageDirectory.java:analyzeStorage(246)) - The storage directory /opt/src/hadoop-ozone/integration-test/target/test-dir/MiniOzoneClusterImpl-68778601-1677-4814-aac3-c3eb9def4407/datanode-3/data/ratis/c06b0bec-8924-46f7-8145-4bc423d4f618 does not exist. Creating ...
2019-06-13 07:15:41,984 INFO  storage.RaftStorageDirectory (RaftStorageDirectory.java:tryLock(328)) - Lock on /opt/src/hadoop-ozone/integration-test/target/test-dir/MiniOzoneClusterImpl-68778601-1677-4814-aac3-c3eb9def4407/datanode-0/data/ratis/c06b0bec-8924-46f7-8145-4bc423d4f618/in_use.lock acquired by nodename 10087@ozone-6ghgz-2707756789
2019-06-13 07:15:41,984 INFO  storage.RaftStorageDirectory (RaftStorageDirectory.java:tryLock(328)) - Lock on /opt/src/hadoop-ozone/integration-test/target/test-dir/MiniOzoneClusterImpl-68778601-1677-4814-aac3-c3eb9def4407/datanode-2/data/ratis/c06b0bec-8924-46f7-8145-4bc423d4f618/in_use.lock acquired by nodename 10087@ozone-6ghgz-2707756789
2019-06-13 07:15:41,986 INFO  storage.RaftStorageDirectory (RaftStorageDirectory.java:tryLock(328)) - Lock on /opt/src/hadoop-ozone/integration-test/target/test-dir/MiniOzoneClusterImpl-68778601-1677-4814-aac3-c3eb9def4407/datanode-3/data/ratis/c06b0bec-8924-46f7-8145-4bc423d4f618/in_use.lock acquired by nodename 10087@ozone-6ghgz-2707756789
2019-06-13 07:15:41,986 INFO  storage.RaftStorage (RaftStorage.java:format(75)) - Storage directory /opt/src/hadoop-ozone/integration-test/target/test-dir/MiniOzoneClusterImpl-68778601-1677-4814-aac3-c3eb9def4407/datanode-2/data/ratis/c06b0bec-8924-46f7-8145-4bc423d4f618 has been successfully formatted.
2019-06-13 07:15:41,986 INFO  storage.RaftStorage (RaftStorage.java:format(75)) - Storage directory /opt/src/hadoop-ozone/integration-test/target/test-dir/MiniOzoneClusterImpl-68778601-1677-4814-aac3-c3eb9def4407/datanode-0/data/ratis/c06b0bec-8924-46f7-8145-4bc423d4f618 has been successfully formatted.
2019-06-13 07:15:41,987 INFO  ratis.ContainerStateMachine (ContainerStateMachine.java:loadSnapshot(199)) - The snapshot info is null.Setting the last applied index to:(t:0, i:~)
2019-06-13 07:15:41,987 INFO  ratis.ContainerStateMachine (ContainerStateMachine.java:loadSnapshot(199)) - The snapshot info is null.Setting the last applied index to:(t:0, i:~)
2019-06-13 07:15:41,987 INFO  server.RaftServerConfigKeys (ConfUtils.java:logGet(43)) - raft.server.leader.election.timeout = 10s (custom)
2019-06-13 07:15:41,987 INFO  server.RaftServerConfigKeys (ConfUtils.java:logGet(43)) - raft.server.log.use.memory = false (default)
2019-06-13 07:15:41,987 INFO  server.RaftServerConfigKeys (ConfUtils.java:logGet(43)) - raft.server.log.appender.buffer.byte-limit = 33554432 (custom)
2019-06-13 07:15:41,987 INFO  server.RaftServerConfigKeys (ConfUtils.java:logGet(43)) - raft.server.log.segment.size.max = 16384 (custom)
2019-06-13 07:15:41,988 INFO  server.RaftServerConfigKeys (ConfUtils.java:logGet(43)) - raft.server.log.segment.cache.num.max = 2 (custom)
2019-06-13 07:15:41,988 INFO  storage.RaftLogWorker (RaftLogWorker.java:<init>(123)) - new 084b3085-16dd-4597-9ffc-47bef8c09ed7-RaftLogWorker for Storage Directory /opt/src/hadoop-ozone/integration-test/target/test-dir/MiniOzoneClusterImpl-68778601-1677-4814-aac3-c3eb9def4407/datanode-2/data/ratis/c06b0bec-8924-46f7-8145-4bc423d4f618
2019-06-13 07:15:41,988 INFO  server.RaftServerConfigKeys (ConfUtils.java:logGet(43)) - raft.server.log.queue.byte-limit = 2147483647 (custom)
2019-06-13 07:15:41,988 INFO  server.RaftServerConfigKeys (ConfUtils.java:logGet(43)) - raft.server.log.queue.element-limit = 1024 (custom)
2019-06-13 07:15:41,988 INFO  server.RaftServerConfigKeys (ConfUtils.java:logGet(43)) - raft.server.log.segment.size.max = 16384 (custom)
2019-06-13 07:15:41,988 INFO  server.RaftServerConfigKeys (ConfUtils.java:logGet(43)) - raft.server.log.preallocated.size = 16384 (custom)
2019-06-13 07:15:41,988 INFO  server.RaftServerConfigKeys (ConfUtils.java:logGet(43)) - raft.server.log.write.buffer.size = 33554432 (custom)
2019-06-13 07:15:41,988 INFO  server.RaftServerConfigKeys (ConfUtils.java:logGet(43)) - raft.server.log.force.sync.num = 128 (default)
2019-06-13 07:15:41,988 INFO  server.RaftServerConfigKeys (ConfUtils.java:logGet(43)) - raft.server.log.statemachine.data.sync = true (default)
2019-06-13 07:15:41,987 INFO  server.RaftServerConfigKeys (ConfUtils.java:logGet(43)) - raft.server.leader.election.timeout = 10s (custom)
2019-06-13 07:15:41,988 INFO  server.RaftServerConfigKeys (ConfUtils.java:logGet(43)) - raft.server.log.statemachine.data.sync.timeout = 10s (default)
2019-06-13 07:15:41,988 INFO  server.RaftServerConfigKeys (ConfUtils.java:logGet(43)) - raft.server.log.use.memory = false (default)
2019-06-13 07:15:41,988 INFO  server.RaftServerConfigKeys (ConfUtils.java:logGet(43)) - raft.server.log.statemachine.data.sync.timeout.retry = -1 (default)
2019-06-13 07:15:41,989 INFO  storage.RaftStorage (RaftStorage.java:format(75)) - Storage directory /opt/src/hadoop-ozone/integration-test/target/test-dir/MiniOzoneClusterImpl-68778601-1677-4814-aac3-c3eb9def4407/datanode-3/data/ratis/c06b0bec-8924-46f7-8145-4bc423d4f618 has been successfully formatted.
2019-06-13 07:15:41,989 INFO  server.RaftServerConfigKeys (ConfUtils.java:logGet(43)) - raft.server.log.appender.buffer.byte-limit = 33554432 (custom)
2019-06-13 07:15:41,989 INFO  ratis.ContainerStateMachine (ContainerStateMachine.java:loadSnapshot(199)) - The snapshot info is null.Setting the last applied index to:(t:0, i:~)
2019-06-13 07:15:41,989 INFO  server.RaftServerConfigKeys (ConfUtils.java:logGet(43)) - raft.server.log.statemachine.data.caching.enabled = true (custom)
2019-06-13 07:15:41,989 INFO  server.RaftServerConfigKeys (ConfUtils.java:logGet(43)) - raft.server.leader.election.timeout = 10s (custom)
2019-06-13 07:15:41,989 INFO  server.RaftServerConfigKeys (ConfUtils.java:logGet(43)) - raft.server.log.use.memory = false (default)
2019-06-13 07:15:41,989 INFO  server.RaftServerConfigKeys (ConfUtils.java:logGet(43)) - raft.server.snapshot.auto.trigger.enabled = true (custom)
2019-06-13 07:15:41,989 INFO  server.RaftServerConfigKeys (ConfUtils.java:logGet(43)) - raft.server.log.segment.size.max = 16384 (custom)
2019-06-13 07:15:41,989 INFO  server.RaftServerConfigKeys (ConfUtils.java:logGet(43)) - raft.server.snapshot.auto.trigger.threshold = 10000 (custom)
2019-06-13 07:15:41,989 INFO  server.RaftServerConfigKeys (ConfUtils.java:logGet(43)) - raft.server.log.appender.buffer.byte-limit = 33554432 (custom)
2019-06-13 07:15:41,990 INFO  server.RaftServerConfigKeys (ConfUtils.java:logGet(43)) - raft.server.retrycache.expirytime = 600000ms (custom)
2019-06-13 07:15:41,990 INFO  server.RaftServerConfigKeys (ConfUtils.java:logGet(43)) - raft.server.log.segment.cache.num.max = 2 (custom)
2019-06-13 07:15:41,991 INFO  impl.RaftServerImpl (RaftServerImpl.java:start(173)) - 084b3085-16dd-4597-9ffc-47bef8c09ed7: start group-4BC423D4F618
2019-06-13 07:15:41,991 INFO  impl.RaftServerImpl (RaftServerImpl.java:setRole(164)) - 084b3085-16dd-4597-9ffc-47bef8c09ed7:group-4BC423D4F618 changes role from null to FOLLOWER at term 0 for startAsFollower
2019-06-13 07:15:41,991 INFO  impl.RoleInfo (RoleInfo.java:updateAndGet(143)) - 084b3085-16dd-4597-9ffc-47bef8c09ed7: start FollowerState
2019-06-13 07:15:41,990 INFO  server.RaftServerConfigKeys (ConfUtils.java:logGet(43)) - raft.server.log.segment.size.max = 16384 (custom)
2019-06-13 07:15:41,991 INFO  storage.RaftLogWorker (RaftLogWorker.java:<init>(123)) - new fe947f46-58e1-47b7-a605-ada1b6dc36b5-RaftLogWorker for Storage Directory /opt/src/hadoop-ozone/integration-test/target/test-dir/MiniOzoneClusterImpl-68778601-1677-4814-aac3-c3eb9def4407/datanode-0/data/ratis/c06b0bec-8924-46f7-8145-4bc423d4f618
2019-06-13 07:15:41,992 INFO  server.RaftServerConfigKeys (ConfUtils.java:logGet(43)) - raft.server.log.queue.byte-limit = 2147483647 (custom)
2019-06-13 07:15:41,992 INFO  server.RaftServerConfigKeys (ConfUtils.java:logGet(43)) - raft.server.log.queue.element-limit = 1024 (custom)
2019-06-13 07:15:41,992 INFO  server.RaftServerConfigKeys (ConfUtils.java:logGet(43)) - raft.server.log.segment.size.max = 16384 (custom)
2019-06-13 07:15:41,992 INFO  server.RaftServerConfigKeys (ConfUtils.java:logGet(43)) - raft.server.log.segment.cache.num.max = 2 (custom)
2019-06-13 07:15:41,993 INFO  storage.RaftLogWorker (RaftLogWorker.java:<init>(123)) - new ed83a57c-6cec-497f-b851-ee693dc0f338-RaftLogWorker for Storage Directory /opt/src/hadoop-ozone/integration-test/target/test-dir/MiniOzoneClusterImpl-68778601-1677-4814-aac3-c3eb9def4407/datanode-3/data/ratis/c06b0bec-8924-46f7-8145-4bc423d4f618
2019-06-13 07:15:41,993 INFO  server.RaftServerConfigKeys (ConfUtils.java:logGet(43)) - raft.server.log.queue.byte-limit = 2147483647 (custom)
2019-06-13 07:15:41,993 INFO  server.RaftServerConfigKeys (ConfUtils.java:logGet(43)) - raft.server.log.queue.element-limit = 1024 (custom)
2019-06-13 07:15:41,993 INFO  server.RaftServerConfigKeys (ConfUtils.java:logGet(43)) - raft.server.log.segment.size.max = 16384 (custom)
2019-06-13 07:15:41,993 INFO  server.RaftServerConfigKeys (ConfUtils.java:logGet(43)) - raft.server.log.preallocated.size = 16384 (custom)
2019-06-13 07:15:41,993 INFO  server.RaftServerConfigKeys (ConfUtils.java:logGet(43)) - raft.server.log.write.buffer.size = 33554432 (custom)
2019-06-13 07:15:41,993 INFO  server.RaftServerConfigKeys (ConfUtils.java:logGet(43)) - raft.server.log.preallocated.size = 16384 (custom)
2019-06-13 07:15:41,993 INFO  server.RaftServerConfigKeys (ConfUtils.java:logGet(43)) - raft.server.log.force.sync.num = 128 (default)
2019-06-13 07:15:41,993 INFO  util.JmxRegister (JmxRegister.java:tryRegister(44)) - Successfully registered JMX Bean with object name Ratis:service=RaftServer,group=group-4BC423D4F618,id=084b3085-16dd-4597-9ffc-47bef8c09ed7
2019-06-13 07:15:41,993 INFO  server.RaftServerConfigKeys (ConfUtils.java:logGet(43)) - raft.server.log.write.buffer.size = 33554432 (custom)
2019-06-13 07:15:41,994 INFO  server.RaftServerConfigKeys (ConfUtils.java:logGet(43)) - raft.server.log.statemachine.data.sync = true (default)
2019-06-13 07:15:41,994 INFO  server.RaftServerConfigKeys (ConfUtils.java:logGet(43)) - raft.server.log.statemachine.data.sync.timeout = 10s (default)
2019-06-13 07:15:41,994 INFO  server.RaftServerConfigKeys (ConfUtils.java:logGet(43)) - raft.server.log.statemachine.data.sync.timeout.retry = -1 (default)
2019-06-13 07:15:41,994 INFO  server.RaftServerConfigKeys (ConfUtils.java:logGet(43)) - raft.server.log.statemachine.data.caching.enabled = true (custom)
2019-06-13 07:15:41,994 INFO  server.RaftServerConfigKeys (ConfUtils.java:logGet(43)) - raft.server.log.force.sync.num = 128 (default)
2019-06-13 07:15:41,995 INFO  server.RaftServerConfigKeys (ConfUtils.java:logGet(43)) - raft.server.log.statemachine.data.sync = true (default)
2019-06-13 07:15:41,995 INFO  server.RaftServerConfigKeys (ConfUtils.java:logGet(43)) - raft.server.log.statemachine.data.sync.timeout = 10s (default)
2019-06-13 07:15:41,995 INFO  server.RaftServerConfigKeys (ConfUtils.java:logGet(43)) - raft.server.log.statemachine.data.sync.timeout.retry = -1 (default)
2019-06-13 07:15:41,998 INFO  server.RaftServerConfigKeys (ConfUtils.java:logGet(43)) - raft.server.log.statemachine.data.caching.enabled = true (custom)
2019-06-13 07:15:41,999 INFO  server.RaftServerConfigKeys (ConfUtils.java:logGet(43)) - raft.server.snapshot.auto.trigger.enabled = true (custom)
2019-06-13 07:15:41,999 INFO  server.RaftServerConfigKeys (ConfUtils.java:logGet(43)) - raft.server.snapshot.auto.trigger.threshold = 10000 (custom)
2019-06-13 07:15:41,999 INFO  server.RaftServerConfigKeys (ConfUtils.java:logGet(43)) - raft.server.retrycache.expirytime = 600000ms (custom)
2019-06-13 07:15:41,999 INFO  impl.RaftServerImpl (RaftServerImpl.java:start(173)) - fe947f46-58e1-47b7-a605-ada1b6dc36b5: start group-4BC423D4F618
2019-06-13 07:15:41,999 INFO  impl.RaftServerImpl (RaftServerImpl.java:setRole(164)) - fe947f46-58e1-47b7-a605-ada1b6dc36b5:group-4BC423D4F618 changes role from null to FOLLOWER at term 0 for startAsFollower
2019-06-13 07:15:41,999 INFO  impl.RoleInfo (RoleInfo.java:updateAndGet(143)) - fe947f46-58e1-47b7-a605-ada1b6dc36b5: start FollowerState
2019-06-13 07:15:41,999 INFO  util.JmxRegister (JmxRegister.java:tryRegister(44)) - Successfully registered JMX Bean with object name Ratis:service=RaftServer,group=group-4BC423D4F618,id=fe947f46-58e1-47b7-a605-ada1b6dc36b5
2019-06-13 07:15:42,000 INFO  server.RaftServerConfigKeys (ConfUtils.java:logGet(43)) - raft.server.snapshot.auto.trigger.enabled = true (custom)
2019-06-13 07:15:42,001 INFO  server.RaftServerConfigKeys (ConfUtils.java:logGet(43)) - raft.server.snapshot.auto.trigger.threshold = 10000 (custom)
2019-06-13 07:15:42,003 INFO  server.RaftServerConfigKeys (ConfUtils.java:logGet(43)) - raft.server.retrycache.expirytime = 600000ms (custom)
2019-06-13 07:15:42,003 INFO  impl.RaftServerImpl (RaftServerImpl.java:start(173)) - ed83a57c-6cec-497f-b851-ee693dc0f338: start group-4BC423D4F618
2019-06-13 07:15:42,003 INFO  impl.RaftServerImpl (RaftServerImpl.java:setRole(164)) - ed83a57c-6cec-497f-b851-ee693dc0f338:group-4BC423D4F618 changes role from null to FOLLOWER at term 0 for startAsFollower
2019-06-13 07:15:42,003 INFO  impl.RoleInfo (RoleInfo.java:updateAndGet(143)) - ed83a57c-6cec-497f-b851-ee693dc0f338: start FollowerState
2019-06-13 07:15:42,004 INFO  util.JmxRegister (JmxRegister.java:tryRegister(44)) - Successfully registered JMX Bean with object name Ratis:service=RaftServer,group=group-4BC423D4F618,id=ed83a57c-6cec-497f-b851-ee693dc0f338
2019-06-13 07:15:42,018 INFO  pipeline.PipelineStateManager (PipelineStateManager.java:addPipeline(56)) - Created pipeline Pipeline[ Id: c06b0bec-8924-46f7-8145-4bc423d4f618, Nodes: 084b3085-16dd-4597-9ffc-47bef8c09ed7{ip: 192.168.46.57, host: ozone-6ghgz-2707756789, networkLocation: /default-rack, certSerialId: null}fe947f46-58e1-47b7-a605-ada1b6dc36b5{ip: 192.168.46.57, host: ozone-6ghgz-2707756789, networkLocation: /default-rack, certSerialId: null}ed83a57c-6cec-497f-b851-ee693dc0f338{ip: 192.168.46.57, host: ozone-6ghgz-2707756789, networkLocation: /default-rack, certSerialId: null}, Type:RATIS, Factor:THREE, State:OPEN]
2019-06-13 07:15:42,021 INFO  node.SCMNodeManager (SCMNodeManager.java:register(234)) - Registered Data node : 91d84113-b521-4f01-af62-2ad8007be9a8{ip: 192.168.46.57, host: ozone-6ghgz-2707756789, networkLocation: /default-rack, certSerialId: null}
2019-06-13 07:15:42,029 INFO  impl.RaftServerProxy (RaftServerProxy.java:addNew(89)) - 91d84113-b521-4f01-af62-2ad8007be9a8: addNew group-4B831AE63F36:[91d84113-b521-4f01-af62-2ad8007be9a8:192.168.46.57:33261] returns group-4B831AE63F36:java.util.concurrent.CompletableFuture@586defb5[Not completed]
2019-06-13 07:15:42,030 INFO  impl.RaftServerImpl (RaftServerImpl.java:<init>(91)) - 91d84113-b521-4f01-af62-2ad8007be9a8: new RaftServerImpl for group-4B831AE63F36:[91d84113-b521-4f01-af62-2ad8007be9a8:192.168.46.57:33261] with ContainerStateMachine:uninitialized
2019-06-13 07:15:42,030 INFO  server.RaftServerConfigKeys (ConfUtils.java:logGet(43)) - raft.server.rpc.timeout.min = 1s (custom)
2019-06-13 07:15:42,031 INFO  server.RaftServerConfigKeys (ConfUtils.java:logGet(43)) - raft.server.rpc.timeout.max = 1200ms (custom)
2019-06-13 07:15:42,031 INFO  server.RaftServerConfigKeys (ConfUtils.java:logGet(43)) - raft.server.rpcslowness.timeout = 10s (custom)
2019-06-13 07:15:42,031 INFO  server.RaftServerConfigKeys (ConfUtils.java:logGet(43)) - raft.server.log.appender.install.snapshot.enabled = true (default)
2019-06-13 07:15:42,031 INFO  impl.RaftServerImpl (ServerState.java:<init>(101)) - 91d84113-b521-4f01-af62-2ad8007be9a8:group-4B831AE63F36 ConfigurationManager, init=-1: [91d84113-b521-4f01-af62-2ad8007be9a8:192.168.46.57:33261], old=null, confs=<EMPTY_MAP>
2019-06-13 07:15:42,031 INFO  server.RaftServerConfigKeys (ConfUtils.java:logGet(43)) - raft.server.storage.dir = [/opt/src/hadoop-ozone/integration-test/target/test-dir/MiniOzoneClusterImpl-68778601-1677-4814-aac3-c3eb9def4407/datanode-4/data/ratis] (custom)
2019-06-13 07:15:42,031 INFO  storage.RaftStorageDirectory (RaftStorageDirectory.java:analyzeStorage(246)) - The storage directory /opt/src/hadoop-ozone/integration-test/target/test-dir/MiniOzoneClusterImpl-68778601-1677-4814-aac3-c3eb9def4407/datanode-4/data/ratis/5d482c7d-dda5-4219-93bb-4b831ae63f36 does not exist. Creating ...
2019-06-13 07:15:42,033 INFO  storage.RaftStorageDirectory (RaftStorageDirectory.java:tryLock(328)) - Lock on /opt/src/hadoop-ozone/integration-test/target/test-dir/MiniOzoneClusterImpl-68778601-1677-4814-aac3-c3eb9def4407/datanode-4/data/ratis/5d482c7d-dda5-4219-93bb-4b831ae63f36/in_use.lock acquired by nodename 10087@ozone-6ghgz-2707756789
2019-06-13 07:15:42,036 INFO  storage.RaftStorage (RaftStorage.java:format(75)) - Storage directory /opt/src/hadoop-ozone/integration-test/target/test-dir/MiniOzoneClusterImpl-68778601-1677-4814-aac3-c3eb9def4407/datanode-4/data/ratis/5d482c7d-dda5-4219-93bb-4b831ae63f36 has been successfully formatted.
2019-06-13 07:15:42,036 INFO  ratis.ContainerStateMachine (ContainerStateMachine.java:loadSnapshot(199)) - The snapshot info is null.Setting the last applied index to:(t:0, i:~)
2019-06-13 07:15:42,036 INFO  server.RaftServerConfigKeys (ConfUtils.java:logGet(43)) - raft.server.leader.election.timeout = 10s (custom)
2019-06-13 07:15:42,036 INFO  server.RaftServerConfigKeys (ConfUtils.java:logGet(43)) - raft.server.log.use.memory = false (default)
2019-06-13 07:15:42,036 INFO  server.RaftServerConfigKeys (ConfUtils.java:logGet(43)) - raft.server.log.appender.buffer.byte-limit = 33554432 (custom)
2019-06-13 07:15:42,036 INFO  server.RaftServerConfigKeys (ConfUtils.java:logGet(43)) - raft.server.log.segment.size.max = 16384 (custom)
2019-06-13 07:15:42,037 INFO  server.RaftServerConfigKeys (ConfUtils.java:logGet(43)) - raft.server.log.segment.cache.num.max = 2 (custom)
2019-06-13 07:15:42,037 INFO  storage.RaftLogWorker (RaftLogWorker.java:<init>(123)) - new 91d84113-b521-4f01-af62-2ad8007be9a8-RaftLogWorker for Storage Directory /opt/src/hadoop-ozone/integration-test/target/test-dir/MiniOzoneClusterImpl-68778601-1677-4814-aac3-c3eb9def4407/datanode-4/data/ratis/5d482c7d-dda5-4219-93bb-4b831ae63f36
2019-06-13 07:15:42,037 INFO  server.RaftServerConfigKeys (ConfUtils.java:logGet(43)) - raft.server.log.queue.byte-limit = 2147483647 (custom)
2019-06-13 07:15:42,037 INFO  server.RaftServerConfigKeys (ConfUtils.java:logGet(43)) - raft.server.log.queue.element-limit = 1024 (custom)
2019-06-13 07:15:42,037 INFO  server.RaftServerConfigKeys (ConfUtils.java:logGet(43)) - raft.server.log.segment.size.max = 16384 (custom)
2019-06-13 07:15:42,037 INFO  server.RaftServerConfigKeys (ConfUtils.java:logGet(43)) - raft.server.log.preallocated.size = 16384 (custom)
2019-06-13 07:15:42,037 INFO  server.RaftServerConfigKeys (ConfUtils.java:logGet(43)) - raft.server.log.write.buffer.size = 33554432 (custom)
2019-06-13 07:15:42,037 INFO  server.RaftServerConfigKeys (ConfUtils.java:logGet(43)) - raft.server.log.force.sync.num = 128 (default)
2019-06-13 07:15:42,037 INFO  server.RaftServerConfigKeys (ConfUtils.java:logGet(43)) - raft.server.log.statemachine.data.sync = true (default)
2019-06-13 07:15:42,037 INFO  server.RaftServerConfigKeys (ConfUtils.java:logGet(43)) - raft.server.log.statemachine.data.sync.timeout = 10s (default)
2019-06-13 07:15:42,037 INFO  server.RaftServerConfigKeys (ConfUtils.java:logGet(43)) - raft.server.log.statemachine.data.sync.timeout.retry = -1 (default)
2019-06-13 07:15:42,038 INFO  server.RaftServerConfigKeys (ConfUtils.java:logGet(43)) - raft.server.log.statemachine.data.caching.enabled = true (custom)
2019-06-13 07:15:42,038 INFO  server.RaftServerConfigKeys (ConfUtils.java:logGet(43)) - raft.server.snapshot.auto.trigger.enabled = true (custom)
2019-06-13 07:15:42,038 INFO  server.RaftServerConfigKeys (ConfUtils.java:logGet(43)) - raft.server.snapshot.auto.trigger.threshold = 10000 (custom)
2019-06-13 07:15:42,038 INFO  server.RaftServerConfigKeys (ConfUtils.java:logGet(43)) - raft.server.retrycache.expirytime = 600000ms (custom)
2019-06-13 07:15:42,039 INFO  impl.RaftServerImpl (RaftServerImpl.java:start(173)) - 91d84113-b521-4f01-af62-2ad8007be9a8: start group-4B831AE63F36
2019-06-13 07:15:42,039 INFO  impl.RaftServerImpl (RaftServerImpl.java:setRole(164)) - 91d84113-b521-4f01-af62-2ad8007be9a8:group-4B831AE63F36 changes role from null to FOLLOWER at term 0 for startAsFollower
2019-06-13 07:15:42,039 INFO  impl.RoleInfo (RoleInfo.java:updateAndGet(143)) - 91d84113-b521-4f01-af62-2ad8007be9a8: start FollowerState
2019-06-13 07:15:42,039 INFO  util.JmxRegister (JmxRegister.java:tryRegister(44)) - Successfully registered JMX Bean with object name Ratis:service=RaftServer,group=group-4B831AE63F36,id=91d84113-b521-4f01-af62-2ad8007be9a8
2019-06-13 07:15:42,046 INFO  pipeline.PipelineStateManager (PipelineStateManager.java:addPipeline(56)) - Created pipeline Pipeline[ Id: 5d482c7d-dda5-4219-93bb-4b831ae63f36, Nodes: 91d84113-b521-4f01-af62-2ad8007be9a8{ip: 192.168.46.57, host: ozone-6ghgz-2707756789, networkLocation: /default-rack, certSerialId: null}, Type:RATIS, Factor:ONE, State:OPEN]
2019-06-13 07:15:42,203 INFO  ozone.MiniOzoneClusterImpl (MiniOzoneClusterImpl.java:lambda$waitForClusterToBeReady$0(142)) - Waiting for cluster to be ready. Got 5 of 6 DN Heartbeats.
2019-06-13 07:15:42,206 INFO  node.SCMNodeManager (SCMNodeManager.java:register(234)) - Registered Data node : 2e9a103f-ca56-452c-a44b-cf71b51a8794{ip: 192.168.46.57, host: ozone-6ghgz-2707756789, networkLocation: /default-rack, certSerialId: null}
2019-06-13 07:15:42,217 INFO  impl.RaftServerProxy (RaftServerProxy.java:addNew(89)) - 2e9a103f-ca56-452c-a44b-cf71b51a8794: addNew group-EC4B03F4D234:[2e9a103f-ca56-452c-a44b-cf71b51a8794:192.168.46.57:45889] returns group-EC4B03F4D234:java.util.concurrent.CompletableFuture@6b8419eb[Not completed]
2019-06-13 07:15:42,218 INFO  impl.RaftServerImpl (RaftServerImpl.java:<init>(91)) - 2e9a103f-ca56-452c-a44b-cf71b51a8794: new RaftServerImpl for group-EC4B03F4D234:[2e9a103f-ca56-452c-a44b-cf71b51a8794:192.168.46.57:45889] with ContainerStateMachine:uninitialized
2019-06-13 07:15:42,218 INFO  server.RaftServerConfigKeys (ConfUtils.java:logGet(43)) - raft.server.rpc.timeout.min = 1s (custom)
2019-06-13 07:15:42,218 INFO  server.RaftServerConfigKeys (ConfUtils.java:logGet(43)) - raft.server.rpc.timeout.max = 1200ms (custom)
2019-06-13 07:15:42,218 INFO  server.RaftServerConfigKeys (ConfUtils.java:logGet(43)) - raft.server.rpcslowness.timeout = 10s (custom)
2019-06-13 07:15:42,218 INFO  server.RaftServerConfigKeys (ConfUtils.java:logGet(43)) - raft.server.log.appender.install.snapshot.enabled = true (default)
2019-06-13 07:15:42,218 INFO  impl.RaftServerImpl (ServerState.java:<init>(101)) - 2e9a103f-ca56-452c-a44b-cf71b51a8794:group-EC4B03F4D234 ConfigurationManager, init=-1: [2e9a103f-ca56-452c-a44b-cf71b51a8794:192.168.46.57:45889], old=null, confs=<EMPTY_MAP>
2019-06-13 07:15:42,218 INFO  server.RaftServerConfigKeys (ConfUtils.java:logGet(43)) - raft.server.storage.dir = [/opt/src/hadoop-ozone/integration-test/target/test-dir/MiniOzoneClusterImpl-68778601-1677-4814-aac3-c3eb9def4407/datanode-5/data/ratis] (custom)
2019-06-13 07:15:42,218 INFO  storage.RaftStorageDirectory (RaftStorageDirectory.java:analyzeStorage(246)) - The storage directory /opt/src/hadoop-ozone/integration-test/target/test-dir/MiniOzoneClusterImpl-68778601-1677-4814-aac3-c3eb9def4407/datanode-5/data/ratis/8a8b1940-877f-40b3-852f-ec4b03f4d234 does not exist. Creating ...
2019-06-13 07:15:42,221 INFO  storage.RaftStorageDirectory (RaftStorageDirectory.java:tryLock(328)) - Lock on /opt/src/hadoop-ozone/integration-test/target/test-dir/MiniOzoneClusterImpl-68778601-1677-4814-aac3-c3eb9def4407/datanode-5/data/ratis/8a8b1940-877f-40b3-852f-ec4b03f4d234/in_use.lock acquired by nodename 10087@ozone-6ghgz-2707756789
2019-06-13 07:15:42,223 INFO  storage.RaftStorage (RaftStorage.java:format(75)) - Storage directory /opt/src/hadoop-ozone/integration-test/target/test-dir/MiniOzoneClusterImpl-68778601-1677-4814-aac3-c3eb9def4407/datanode-5/data/ratis/8a8b1940-877f-40b3-852f-ec4b03f4d234 has been successfully formatted.
2019-06-13 07:15:42,223 INFO  ratis.ContainerStateMachine (ContainerStateMachine.java:loadSnapshot(199)) - The snapshot info is null.Setting the last applied index to:(t:0, i:~)
2019-06-13 07:15:42,223 INFO  server.RaftServerConfigKeys (ConfUtils.java:logGet(43)) - raft.server.leader.election.timeout = 10s (custom)
2019-06-13 07:15:42,223 INFO  server.RaftServerConfigKeys (ConfUtils.java:logGet(43)) - raft.server.log.use.memory = false (default)
2019-06-13 07:15:42,223 INFO  server.RaftServerConfigKeys (ConfUtils.java:logGet(43)) - raft.server.log.appender.buffer.byte-limit = 33554432 (custom)
2019-06-13 07:15:42,223 INFO  server.RaftServerConfigKeys (ConfUtils.java:logGet(43)) - raft.server.log.segment.size.max = 16384 (custom)
2019-06-13 07:15:42,223 INFO  server.RaftServerConfigKeys (ConfUtils.java:logGet(43)) - raft.server.log.segment.cache.num.max = 2 (custom)
2019-06-13 07:15:42,223 INFO  storage.RaftLogWorker (RaftLogWorker.java:<init>(123)) - new 2e9a103f-ca56-452c-a44b-cf71b51a8794-RaftLogWorker for Storage Directory /opt/src/hadoop-ozone/integration-test/target/test-dir/MiniOzoneClusterImpl-68778601-1677-4814-aac3-c3eb9def4407/datanode-5/data/ratis/8a8b1940-877f-40b3-852f-ec4b03f4d234
2019-06-13 07:15:42,224 INFO  server.RaftServerConfigKeys (ConfUtils.java:logGet(43)) - raft.server.log.queue.byte-limit = 2147483647 (custom)
2019-06-13 07:15:42,224 INFO  server.RaftServerConfigKeys (ConfUtils.java:logGet(43)) - raft.server.log.queue.element-limit = 1024 (custom)
2019-06-13 07:15:42,224 INFO  server.RaftServerConfigKeys (ConfUtils.java:logGet(43)) - raft.server.log.segment.size.max = 16384 (custom)
2019-06-13 07:15:42,224 INFO  server.RaftServerConfigKeys (ConfUtils.java:logGet(43)) - raft.server.log.preallocated.size = 16384 (custom)
2019-06-13 07:15:42,224 INFO  server.RaftServerConfigKeys (ConfUtils.java:logGet(43)) - raft.server.log.write.buffer.size = 33554432 (custom)
2019-06-13 07:15:42,224 INFO  server.RaftServerConfigKeys (ConfUtils.java:logGet(43)) - raft.server.log.force.sync.num = 128 (default)
2019-06-13 07:15:42,224 INFO  server.RaftServerConfigKeys (ConfUtils.java:logGet(43)) - raft.server.log.statemachine.data.sync = true (default)
2019-06-13 07:15:42,224 INFO  server.RaftServerConfigKeys (ConfUtils.java:logGet(43)) - raft.server.log.statemachine.data.sync.timeout = 10s (default)
2019-06-13 07:15:42,224 INFO  server.RaftServerConfigKeys (ConfUtils.java:logGet(43)) - raft.server.log.statemachine.data.sync.timeout.retry = -1 (default)
2019-06-13 07:15:42,224 INFO  server.RaftServerConfigKeys (ConfUtils.java:logGet(43)) - raft.server.log.statemachine.data.caching.enabled = true (custom)
2019-06-13 07:15:42,225 INFO  server.RaftServerConfigKeys (ConfUtils.java:logGet(43)) - raft.server.snapshot.auto.trigger.enabled = true (custom)
2019-06-13 07:15:42,225 INFO  server.RaftServerConfigKeys (ConfUtils.java:logGet(43)) - raft.server.snapshot.auto.trigger.threshold = 10000 (custom)
2019-06-13 07:15:42,225 INFO  server.RaftServerConfigKeys (ConfUtils.java:logGet(43)) - raft.server.retrycache.expirytime = 600000ms (custom)
2019-06-13 07:15:42,225 INFO  impl.RaftServerImpl (RaftServerImpl.java:start(173)) - 2e9a103f-ca56-452c-a44b-cf71b51a8794: start group-EC4B03F4D234
2019-06-13 07:15:42,225 INFO  impl.RaftServerImpl (RaftServerImpl.java:setRole(164)) - 2e9a103f-ca56-452c-a44b-cf71b51a8794:group-EC4B03F4D234 changes role from null to FOLLOWER at term 0 for startAsFollower
2019-06-13 07:15:42,225 INFO  impl.RoleInfo (RoleInfo.java:updateAndGet(143)) - 2e9a103f-ca56-452c-a44b-cf71b51a8794: start FollowerState
2019-06-13 07:15:42,225 INFO  util.JmxRegister (JmxRegister.java:tryRegister(44)) - Successfully registered JMX Bean with object name Ratis:service=RaftServer,group=group-EC4B03F4D234,id=2e9a103f-ca56-452c-a44b-cf71b51a8794
2019-06-13 07:15:42,235 INFO  pipeline.PipelineStateManager (PipelineStateManager.java:addPipeline(56)) - Created pipeline Pipeline[ Id: 8a8b1940-877f-40b3-852f-ec4b03f4d234, Nodes: 2e9a103f-ca56-452c-a44b-cf71b51a8794{ip: 192.168.46.57, host: ozone-6ghgz-2707756789, networkLocation: /default-rack, certSerialId: null}, Type:RATIS, Factor:ONE, State:OPEN]
2019-06-13 07:15:42,258 INFO  impl.RaftServerProxy (RaftServerProxy.java:addNew(89)) - 91d84113-b521-4f01-af62-2ad8007be9a8: addNew group-63CB1FCF85AD:[2e9a103f-ca56-452c-a44b-cf71b51a8794:192.168.46.57:45889, cfcda084-ce6c-45c4-a463-4988172a376e:192.168.46.57:35041, 91d84113-b521-4f01-af62-2ad8007be9a8:192.168.46.57:33261] returns group-63CB1FCF85AD:java.util.concurrent.CompletableFuture@50bb1eb6[Not completed]
2019-06-13 07:15:42,258 INFO  impl.RaftServerProxy (RaftServerProxy.java:addNew(89)) - 2e9a103f-ca56-452c-a44b-cf71b51a8794: addNew group-63CB1FCF85AD:[2e9a103f-ca56-452c-a44b-cf71b51a8794:192.168.46.57:45889, cfcda084-ce6c-45c4-a463-4988172a376e:192.168.46.57:35041, 91d84113-b521-4f01-af62-2ad8007be9a8:192.168.46.57:33261] returns group-63CB1FCF85AD:java.util.concurrent.CompletableFuture@507bc05b[Not completed]
2019-06-13 07:15:42,259 INFO  impl.RaftServerImpl (RaftServerImpl.java:<init>(91)) - 91d84113-b521-4f01-af62-2ad8007be9a8: new RaftServerImpl for group-63CB1FCF85AD:[2e9a103f-ca56-452c-a44b-cf71b51a8794:192.168.46.57:45889, cfcda084-ce6c-45c4-a463-4988172a376e:192.168.46.57:35041, 91d84113-b521-4f01-af62-2ad8007be9a8:192.168.46.57:33261] with ContainerStateMachine:uninitialized
2019-06-13 07:15:42,259 INFO  server.RaftServerConfigKeys (ConfUtils.java:logGet(43)) - raft.server.rpc.timeout.min = 1s (custom)
2019-06-13 07:15:42,259 INFO  server.RaftServerConfigKeys (ConfUtils.java:logGet(43)) - raft.server.rpc.timeout.max = 1200ms (custom)
2019-06-13 07:15:42,259 INFO  server.RaftServerConfigKeys (ConfUtils.java:logGet(43)) - raft.server.rpcslowness.timeout = 10s (custom)
2019-06-13 07:15:42,259 INFO  server.RaftServerConfigKeys (ConfUtils.java:logGet(43)) - raft.server.log.appender.install.snapshot.enabled = true (default)
2019-06-13 07:15:42,259 INFO  impl.RaftServerImpl (ServerState.java:<init>(101)) - 91d84113-b521-4f01-af62-2ad8007be9a8:group-63CB1FCF85AD ConfigurationManager, init=-1: [2e9a103f-ca56-452c-a44b-cf71b51a8794:192.168.46.57:45889, cfcda084-ce6c-45c4-a463-4988172a376e:192.168.46.57:35041, 91d84113-b521-4f01-af62-2ad8007be9a8:192.168.46.57:33261], old=null, confs=<EMPTY_MAP>
2019-06-13 07:15:42,260 INFO  server.RaftServerConfigKeys (ConfUtils.java:logGet(43)) - raft.server.storage.dir = [/opt/src/hadoop-ozone/integration-test/target/test-dir/MiniOzoneClusterImpl-68778601-1677-4814-aac3-c3eb9def4407/datanode-4/data/ratis] (custom)
2019-06-13 07:15:42,260 INFO  storage.RaftStorageDirectory (RaftStorageDirectory.java:analyzeStorage(246)) - The storage directory /opt/src/hadoop-ozone/integration-test/target/test-dir/MiniOzoneClusterImpl-68778601-1677-4814-aac3-c3eb9def4407/datanode-4/data/ratis/bcbcf5bb-e441-4e36-a977-63cb1fcf85ad does not exist. Creating ...
2019-06-13 07:15:42,261 INFO  impl.RaftServerImpl (RaftServerImpl.java:<init>(91)) - 2e9a103f-ca56-452c-a44b-cf71b51a8794: new RaftServerImpl for group-63CB1FCF85AD:[2e9a103f-ca56-452c-a44b-cf71b51a8794:192.168.46.57:45889, cfcda084-ce6c-45c4-a463-4988172a376e:192.168.46.57:35041, 91d84113-b521-4f01-af62-2ad8007be9a8:192.168.46.57:33261] with ContainerStateMachine:uninitialized
2019-06-13 07:15:42,261 INFO  server.RaftServerConfigKeys (ConfUtils.java:logGet(43)) - raft.server.rpc.timeout.min = 1s (custom)
2019-06-13 07:15:42,261 INFO  server.RaftServerConfigKeys (ConfUtils.java:logGet(43)) - raft.server.rpc.timeout.max = 1200ms (custom)
2019-06-13 07:15:42,262 INFO  server.RaftServerConfigKeys (ConfUtils.java:logGet(43)) - raft.server.rpcslowness.timeout = 10s (custom)
2019-06-13 07:15:42,262 INFO  server.RaftServerConfigKeys (ConfUtils.java:logGet(43)) - raft.server.log.appender.install.snapshot.enabled = true (default)
2019-06-13 07:15:42,262 INFO  impl.RaftServerImpl (ServerState.java:<init>(101)) - 2e9a103f-ca56-452c-a44b-cf71b51a8794:group-63CB1FCF85AD ConfigurationManager, init=-1: [2e9a103f-ca56-452c-a44b-cf71b51a8794:192.168.46.57:45889, cfcda084-ce6c-45c4-a463-4988172a376e:192.168.46.57:35041, 91d84113-b521-4f01-af62-2ad8007be9a8:192.168.46.57:33261], old=null, confs=<EMPTY_MAP>
2019-06-13 07:15:42,262 INFO  storage.RaftStorageDirectory (RaftStorageDirectory.java:tryLock(328)) - Lock on /opt/src/hadoop-ozone/integration-test/target/test-dir/MiniOzoneClusterImpl-68778601-1677-4814-aac3-c3eb9def4407/datanode-4/data/ratis/bcbcf5bb-e441-4e36-a977-63cb1fcf85ad/in_use.lock acquired by nodename 10087@ozone-6ghgz-2707756789
2019-06-13 07:15:42,263 INFO  server.RaftServerConfigKeys (ConfUtils.java:logGet(43)) - raft.server.storage.dir = [/opt/src/hadoop-ozone/integration-test/target/test-dir/MiniOzoneClusterImpl-68778601-1677-4814-aac3-c3eb9def4407/datanode-5/data/ratis] (custom)
2019-06-13 07:15:42,263 INFO  storage.RaftStorageDirectory (RaftStorageDirectory.java:analyzeStorage(246)) - The storage directory /opt/src/hadoop-ozone/integration-test/target/test-dir/MiniOzoneClusterImpl-68778601-1677-4814-aac3-c3eb9def4407/datanode-5/data/ratis/bcbcf5bb-e441-4e36-a977-63cb1fcf85ad does not exist. Creating ...
2019-06-13 07:15:42,265 INFO  storage.RaftStorage (RaftStorage.java:format(75)) - Storage directory /opt/src/hadoop-ozone/integration-test/target/test-dir/MiniOzoneClusterImpl-68778601-1677-4814-aac3-c3eb9def4407/datanode-4/data/ratis/bcbcf5bb-e441-4e36-a977-63cb1fcf85ad has been successfully formatted.
2019-06-13 07:15:42,265 INFO  ratis.ContainerStateMachine (ContainerStateMachine.java:loadSnapshot(199)) - The snapshot info is null.Setting the last applied index to:(t:0, i:~)
2019-06-13 07:15:42,265 INFO  server.RaftServerConfigKeys (ConfUtils.java:logGet(43)) - raft.server.leader.election.timeout = 10s (custom)
2019-06-13 07:15:42,265 INFO  server.RaftServerConfigKeys (ConfUtils.java:logGet(43)) - raft.server.log.use.memory = false (default)
2019-06-13 07:15:42,265 INFO  server.RaftServerConfigKeys (ConfUtils.java:logGet(43)) - raft.server.log.appender.buffer.byte-limit = 33554432 (custom)
2019-06-13 07:15:42,265 INFO  server.RaftServerConfigKeys (ConfUtils.java:logGet(43)) - raft.server.log.segment.size.max = 16384 (custom)
2019-06-13 07:15:42,266 INFO  server.RaftServerConfigKeys (ConfUtils.java:logGet(43)) - raft.server.log.segment.cache.num.max = 2 (custom)
2019-06-13 07:15:42,266 INFO  storage.RaftLogWorker (RaftLogWorker.java:<init>(123)) - new 91d84113-b521-4f01-af62-2ad8007be9a8-RaftLogWorker for Storage Directory /opt/src/hadoop-ozone/integration-test/target/test-dir/MiniOzoneClusterImpl-68778601-1677-4814-aac3-c3eb9def4407/datanode-4/data/ratis/bcbcf5bb-e441-4e36-a977-63cb1fcf85ad
2019-06-13 07:15:42,266 INFO  server.RaftServerConfigKeys (ConfUtils.java:logGet(43)) - raft.server.log.queue.byte-limit = 2147483647 (custom)
2019-06-13 07:15:42,266 INFO  server.RaftServerConfigKeys (ConfUtils.java:logGet(43)) - raft.server.log.queue.element-limit = 1024 (custom)
2019-06-13 07:15:42,266 INFO  server.RaftServerConfigKeys (ConfUtils.java:logGet(43)) - raft.server.log.segment.size.max = 16384 (custom)
2019-06-13 07:15:42,266 INFO  server.RaftServerConfigKeys (ConfUtils.java:logGet(43)) - raft.server.log.preallocated.size = 16384 (custom)
2019-06-13 07:15:42,266 INFO  server.RaftServerConfigKeys (ConfUtils.java:logGet(43)) - raft.server.log.write.buffer.size = 33554432 (custom)
2019-06-13 07:15:42,266 INFO  server.RaftServerConfigKeys (ConfUtils.java:logGet(43)) - raft.server.log.force.sync.num = 128 (default)
2019-06-13 07:15:42,266 INFO  server.RaftServerConfigKeys (ConfUtils.java:logGet(43)) - raft.server.log.statemachine.data.sync = true (default)
2019-06-13 07:15:42,267 INFO  server.RaftServerConfigKeys (ConfUtils.java:logGet(43)) - raft.server.log.statemachine.data.sync.timeout = 10s (default)
2019-06-13 07:15:42,267 INFO  server.RaftServerConfigKeys (ConfUtils.java:logGet(43)) - raft.server.log.statemachine.data.sync.timeout.retry = -1 (default)
2019-06-13 07:15:42,267 INFO  server.RaftServerConfigKeys (ConfUtils.java:logGet(43)) - raft.server.log.statemachine.data.caching.enabled = true (custom)
2019-06-13 07:15:42,268 INFO  storage.RaftStorageDirectory (RaftStorageDirectory.java:tryLock(328)) - Lock on /opt/src/hadoop-ozone/integration-test/target/test-dir/MiniOzoneClusterImpl-68778601-1677-4814-aac3-c3eb9def4407/datanode-5/data/ratis/bcbcf5bb-e441-4e36-a977-63cb1fcf85ad/in_use.lock acquired by nodename 10087@ozone-6ghgz-2707756789
2019-06-13 07:15:42,271 INFO  storage.RaftStorage (RaftStorage.java:format(75)) - Storage directory /opt/src/hadoop-ozone/integration-test/target/test-dir/MiniOzoneClusterImpl-68778601-1677-4814-aac3-c3eb9def4407/datanode-5/data/ratis/bcbcf5bb-e441-4e36-a977-63cb1fcf85ad has been successfully formatted.
2019-06-13 07:15:42,271 INFO  ratis.ContainerStateMachine (ContainerStateMachine.java:loadSnapshot(199)) - The snapshot info is null.Setting the last applied index to:(t:0, i:~)
2019-06-13 07:15:42,271 INFO  server.RaftServerConfigKeys (ConfUtils.java:logGet(43)) - raft.server.leader.election.timeout = 10s (custom)
2019-06-13 07:15:42,271 INFO  server.RaftServerConfigKeys (ConfUtils.java:logGet(43)) - raft.server.log.use.memory = false (default)
2019-06-13 07:15:42,271 INFO  server.RaftServerConfigKeys (ConfUtils.java:logGet(43)) - raft.server.log.appender.buffer.byte-limit = 33554432 (custom)
2019-06-13 07:15:42,271 INFO  server.RaftServerConfigKeys (ConfUtils.java:logGet(43)) - raft.server.log.segment.size.max = 16384 (custom)
2019-06-13 07:15:42,271 INFO  server.RaftServerConfigKeys (ConfUtils.java:logGet(43)) - raft.server.log.segment.cache.num.max = 2 (custom)
2019-06-13 07:15:42,271 INFO  storage.RaftLogWorker (RaftLogWorker.java:<init>(123)) - new 2e9a103f-ca56-452c-a44b-cf71b51a8794-RaftLogWorker for Storage Directory /opt/src/hadoop-ozone/integration-test/target/test-dir/MiniOzoneClusterImpl-68778601-1677-4814-aac3-c3eb9def4407/datanode-5/data/ratis/bcbcf5bb-e441-4e36-a977-63cb1fcf85ad
2019-06-13 07:15:42,271 INFO  server.RaftServerConfigKeys (ConfUtils.java:logGet(43)) - raft.server.log.queue.byte-limit = 2147483647 (custom)
2019-06-13 07:15:42,271 INFO  server.RaftServerConfigKeys (ConfUtils.java:logGet(43)) - raft.server.log.queue.element-limit = 1024 (custom)
2019-06-13 07:15:42,272 INFO  server.RaftServerConfigKeys (ConfUtils.java:logGet(43)) - raft.server.log.segment.size.max = 16384 (custom)
2019-06-13 07:15:42,272 INFO  server.RaftServerConfigKeys (ConfUtils.java:logGet(43)) - raft.server.log.preallocated.size = 16384 (custom)
2019-06-13 07:15:42,272 INFO  server.RaftServerConfigKeys (ConfUtils.java:logGet(43)) - raft.server.log.write.buffer.size = 33554432 (custom)
2019-06-13 07:15:42,272 INFO  server.RaftServerConfigKeys (ConfUtils.java:logGet(43)) - raft.server.log.force.sync.num = 128 (default)
2019-06-13 07:15:42,272 INFO  server.RaftServerConfigKeys (ConfUtils.java:logGet(43)) - raft.server.snapshot.auto.trigger.enabled = true (custom)
2019-06-13 07:15:42,272 INFO  server.RaftServerConfigKeys (ConfUtils.java:logGet(43)) - raft.server.snapshot.auto.trigger.threshold = 10000 (custom)
2019-06-13 07:15:42,272 INFO  server.RaftServerConfigKeys (ConfUtils.java:logGet(43)) - raft.server.retrycache.expirytime = 600000ms (custom)
2019-06-13 07:15:42,272 INFO  impl.RaftServerProxy (RaftServerProxy.java:addNew(89)) - cfcda084-ce6c-45c4-a463-4988172a376e: addNew group-63CB1FCF85AD:[2e9a103f-ca56-452c-a44b-cf71b51a8794:192.168.46.57:45889, cfcda084-ce6c-45c4-a463-4988172a376e:192.168.46.57:35041, 91d84113-b521-4f01-af62-2ad8007be9a8:192.168.46.57:33261] returns group-63CB1FCF85AD:java.util.concurrent.CompletableFuture@436236b7[Not completed]
2019-06-13 07:15:42,272 INFO  server.RaftServerConfigKeys (ConfUtils.java:logGet(43)) - raft.server.log.statemachine.data.sync = true (default)
2019-06-13 07:15:42,272 INFO  impl.RaftServerImpl (RaftServerImpl.java:start(173)) - 91d84113-b521-4f01-af62-2ad8007be9a8: start group-63CB1FCF85AD
2019-06-13 07:15:42,273 INFO  impl.RaftServerImpl (RaftServerImpl.java:setRole(164)) - 91d84113-b521-4f01-af62-2ad8007be9a8:group-63CB1FCF85AD changes role from null to FOLLOWER at term 0 for startAsFollower
2019-06-13 07:15:42,273 INFO  impl.RoleInfo (RoleInfo.java:updateAndGet(143)) - 91d84113-b521-4f01-af62-2ad8007be9a8: start FollowerState
2019-06-13 07:15:42,273 INFO  impl.RaftServerImpl (RaftServerImpl.java:<init>(91)) - cfcda084-ce6c-45c4-a463-4988172a376e: new RaftServerImpl for group-63CB1FCF85AD:[2e9a103f-ca56-452c-a44b-cf71b51a8794:192.168.46.57:45889, cfcda084-ce6c-45c4-a463-4988172a376e:192.168.46.57:35041, 91d84113-b521-4f01-af62-2ad8007be9a8:192.168.46.57:33261] with ContainerStateMachine:uninitialized
2019-06-13 07:15:42,273 INFO  server.RaftServerConfigKeys (ConfUtils.java:logGet(43)) - raft.server.log.statemachine.data.sync.timeout = 10s (default)
2019-06-13 07:15:42,273 INFO  util.JmxRegister (JmxRegister.java:tryRegister(44)) - Successfully registered JMX Bean with object name Ratis:service=RaftServer,group=group-63CB1FCF85AD,id=91d84113-b521-4f01-af62-2ad8007be9a8
2019-06-13 07:15:42,273 INFO  server.RaftServerConfigKeys (ConfUtils.java:logGet(43)) - raft.server.rpc.timeout.min = 1s (custom)
2019-06-13 07:15:42,273 INFO  server.RaftServerConfigKeys (ConfUtils.java:logGet(43)) - raft.server.log.statemachine.data.sync.timeout.retry = -1 (default)
2019-06-13 07:15:42,273 INFO  server.RaftServerConfigKeys (ConfUtils.java:logGet(43)) - raft.server.rpc.timeout.max = 1200ms (custom)
2019-06-13 07:15:42,273 INFO  server.RaftServerConfigKeys (ConfUtils.java:logGet(43)) - raft.server.rpcslowness.timeout = 10s (custom)
2019-06-13 07:15:42,274 INFO  server.RaftServerConfigKeys (ConfUtils.java:logGet(43)) - raft.server.log.appender.install.snapshot.enabled = true (default)
2019-06-13 07:15:42,274 INFO  impl.RaftServerImpl (ServerState.java:<init>(101)) - cfcda084-ce6c-45c4-a463-4988172a376e:group-63CB1FCF85AD ConfigurationManager, init=-1: [2e9a103f-ca56-452c-a44b-cf71b51a8794:192.168.46.57:45889, cfcda084-ce6c-45c4-a463-4988172a376e:192.168.46.57:35041, 91d84113-b521-4f01-af62-2ad8007be9a8:192.168.46.57:33261], old=null, confs=<EMPTY_MAP>
2019-06-13 07:15:42,274 INFO  server.RaftServerConfigKeys (ConfUtils.java:logGet(43)) - raft.server.storage.dir = [/opt/src/hadoop-ozone/integration-test/target/test-dir/MiniOzoneClusterImpl-68778601-1677-4814-aac3-c3eb9def4407/datanode-1/data/ratis] (custom)
2019-06-13 07:15:42,274 INFO  storage.RaftStorageDirectory (RaftStorageDirectory.java:analyzeStorage(246)) - The storage directory /opt/src/hadoop-ozone/integration-test/target/test-dir/MiniOzoneClusterImpl-68778601-1677-4814-aac3-c3eb9def4407/datanode-1/data/ratis/bcbcf5bb-e441-4e36-a977-63cb1fcf85ad does not exist. Creating ...
2019-06-13 07:15:42,279 INFO  server.RaftServerConfigKeys (ConfUtils.java:logGet(43)) - raft.server.log.statemachine.data.caching.enabled = true (custom)
2019-06-13 07:15:42,280 INFO  server.RaftServerConfigKeys (ConfUtils.java:logGet(43)) - raft.server.snapshot.auto.trigger.enabled = true (custom)
2019-06-13 07:15:42,280 INFO  server.RaftServerConfigKeys (ConfUtils.java:logGet(43)) - raft.server.snapshot.auto.trigger.threshold = 10000 (custom)
2019-06-13 07:15:42,280 INFO  server.RaftServerConfigKeys (ConfUtils.java:logGet(43)) - raft.server.retrycache.expirytime = 600000ms (custom)
2019-06-13 07:15:42,281 INFO  impl.RaftServerImpl (RaftServerImpl.java:start(173)) - 2e9a103f-ca56-452c-a44b-cf71b51a8794: start group-63CB1FCF85AD
2019-06-13 07:15:42,281 INFO  impl.RaftServerImpl (RaftServerImpl.java:setRole(164)) - 2e9a103f-ca56-452c-a44b-cf71b51a8794:group-63CB1FCF85AD changes role from null to FOLLOWER at term 0 for startAsFollower
2019-06-13 07:15:42,281 INFO  impl.RoleInfo (RoleInfo.java:updateAndGet(143)) - 2e9a103f-ca56-452c-a44b-cf71b51a8794: start FollowerState
2019-06-13 07:15:42,282 INFO  storage.RaftStorageDirectory (RaftStorageDirectory.java:tryLock(328)) - Lock on /opt/src/hadoop-ozone/integration-test/target/test-dir/MiniOzoneClusterImpl-68778601-1677-4814-aac3-c3eb9def4407/datanode-1/data/ratis/bcbcf5bb-e441-4e36-a977-63cb1fcf85ad/in_use.lock acquired by nodename 10087@ozone-6ghgz-2707756789
2019-06-13 07:15:42,284 INFO  storage.RaftStorage (RaftStorage.java:format(75)) - Storage directory /opt/src/hadoop-ozone/integration-test/target/test-dir/MiniOzoneClusterImpl-68778601-1677-4814-aac3-c3eb9def4407/datanode-1/data/ratis/bcbcf5bb-e441-4e36-a977-63cb1fcf85ad has been successfully formatted.
2019-06-13 07:15:42,284 INFO  ratis.ContainerStateMachine (ContainerStateMachine.java:loadSnapshot(199)) - The snapshot info is null.Setting the last applied index to:(t:0, i:~)
2019-06-13 07:15:42,284 INFO  server.RaftServerConfigKeys (ConfUtils.java:logGet(43)) - raft.server.leader.election.timeout = 10s (custom)
2019-06-13 07:15:42,284 INFO  server.RaftServerConfigKeys (ConfUtils.java:logGet(43)) - raft.server.log.use.memory = false (default)
2019-06-13 07:15:42,284 INFO  server.RaftServerConfigKeys (ConfUtils.java:logGet(43)) - raft.server.log.appender.buffer.byte-limit = 33554432 (custom)
2019-06-13 07:15:42,284 INFO  server.RaftServerConfigKeys (ConfUtils.java:logGet(43)) - raft.server.log.segment.size.max = 16384 (custom)
2019-06-13 07:15:42,284 INFO  server.RaftServerConfigKeys (ConfUtils.java:logGet(43)) - raft.server.log.segment.cache.num.max = 2 (custom)
2019-06-13 07:15:42,284 INFO  storage.RaftLogWorker (RaftLogWorker.java:<init>(123)) - new cfcda084-ce6c-45c4-a463-4988172a376e-RaftLogWorker for Storage Directory /opt/src/hadoop-ozone/integration-test/target/test-dir/MiniOzoneClusterImpl-68778601-1677-4814-aac3-c3eb9def4407/datanode-1/data/ratis/bcbcf5bb-e441-4e36-a977-63cb1fcf85ad
2019-06-13 07:15:42,284 INFO  server.RaftServerConfigKeys (ConfUtils.java:logGet(43)) - raft.server.log.queue.byte-limit = 2147483647 (custom)
2019-06-13 07:15:42,284 INFO  server.RaftServerConfigKeys (ConfUtils.java:logGet(43)) - raft.server.log.queue.element-limit = 1024 (custom)
2019-06-13 07:15:42,284 INFO  server.RaftServerConfigKeys (ConfUtils.java:logGet(43)) - raft.server.log.segment.size.max = 16384 (custom)
2019-06-13 07:15:42,285 INFO  server.RaftServerConfigKeys (ConfUtils.java:logGet(43)) - raft.server.log.preallocated.size = 16384 (custom)
2019-06-13 07:15:42,285 INFO  server.RaftServerConfigKeys (ConfUtils.java:logGet(43)) - raft.server.log.write.buffer.size = 33554432 (custom)
2019-06-13 07:15:42,285 INFO  server.RaftServerConfigKeys (ConfUtils.java:logGet(43)) - raft.server.log.force.sync.num = 128 (default)
2019-06-13 07:15:42,285 INFO  server.RaftServerConfigKeys (ConfUtils.java:logGet(43)) - raft.server.log.statemachine.data.sync = true (default)
2019-06-13 07:15:42,285 INFO  server.RaftServerConfigKeys (ConfUtils.java:logGet(43)) - raft.server.log.statemachine.data.sync.timeout = 10s (default)
2019-06-13 07:15:42,285 INFO  server.RaftServerConfigKeys (ConfUtils.java:logGet(43)) - raft.server.log.statemachine.data.sync.timeout.retry = -1 (default)
2019-06-13 07:15:42,285 INFO  server.RaftServerConfigKeys (ConfUtils.java:logGet(43)) - raft.server.log.statemachine.data.caching.enabled = true (custom)
2019-06-13 07:15:42,286 INFO  util.JmxRegister (JmxRegister.java:tryRegister(44)) - Successfully registered JMX Bean with object name Ratis:service=RaftServer,group=group-63CB1FCF85AD,id=2e9a103f-ca56-452c-a44b-cf71b51a8794
2019-06-13 07:15:42,288 INFO  server.RaftServerConfigKeys (ConfUtils.java:logGet(43)) - raft.server.snapshot.auto.trigger.enabled = true (custom)
2019-06-13 07:15:42,289 INFO  server.RaftServerConfigKeys (ConfUtils.java:logGet(43)) - raft.server.snapshot.auto.trigger.threshold = 10000 (custom)
2019-06-13 07:15:42,290 INFO  server.RaftServerConfigKeys (ConfUtils.java:logGet(43)) - raft.server.retrycache.expirytime = 600000ms (custom)
2019-06-13 07:15:42,290 INFO  impl.RaftServerImpl (RaftServerImpl.java:start(173)) - cfcda084-ce6c-45c4-a463-4988172a376e: start group-63CB1FCF85AD
2019-06-13 07:15:42,290 INFO  impl.RaftServerImpl (RaftServerImpl.java:setRole(164)) - cfcda084-ce6c-45c4-a463-4988172a376e:group-63CB1FCF85AD changes role from null to FOLLOWER at term 0 for startAsFollower
2019-06-13 07:15:42,290 INFO  impl.RoleInfo (RoleInfo.java:updateAndGet(143)) - cfcda084-ce6c-45c4-a463-4988172a376e: start FollowerState
2019-06-13 07:15:42,297 INFO  util.JmxRegister (JmxRegister.java:tryRegister(44)) - Successfully registered JMX Bean with object name Ratis:service=RaftServer,group=group-63CB1FCF85AD,id=cfcda084-ce6c-45c4-a463-4988172a376e
2019-06-13 07:15:42,303 INFO  pipeline.PipelineStateManager (PipelineStateManager.java:addPipeline(56)) - Created pipeline Pipeline[ Id: bcbcf5bb-e441-4e36-a977-63cb1fcf85ad, Nodes: 91d84113-b521-4f01-af62-2ad8007be9a8{ip: 192.168.46.57, host: ozone-6ghgz-2707756789, networkLocation: /default-rack, certSerialId: null}2e9a103f-ca56-452c-a44b-cf71b51a8794{ip: 192.168.46.57, host: ozone-6ghgz-2707756789, networkLocation: /default-rack, certSerialId: null}cfcda084-ce6c-45c4-a463-4988172a376e{ip: 192.168.46.57, host: ozone-6ghgz-2707756789, networkLocation: /default-rack, certSerialId: null}, Type:RATIS, Factor:THREE, State:OPEN]
2019-06-13 07:15:42,783 INFO  impl.FollowerState (FollowerState.java:run(101)) - fe947f46-58e1-47b7-a605-ada1b6dc36b5:group-13C6A74B95B1 changes to CANDIDATE, lastRpcTime:1014, electionTimeout:1014ms
2019-06-13 07:15:42,783 INFO  impl.RoleInfo (RoleInfo.java:shutdownFollowerState(121)) - fe947f46-58e1-47b7-a605-ada1b6dc36b5: shutdown FollowerState
2019-06-13 07:15:42,783 INFO  impl.RaftServerImpl (RaftServerImpl.java:setRole(164)) - fe947f46-58e1-47b7-a605-ada1b6dc36b5:group-13C6A74B95B1 changes role from FOLLOWER to CANDIDATE at term 0 for changeToCandidate
2019-06-13 07:15:42,785 INFO  impl.RoleInfo (RoleInfo.java:updateAndGet(143)) - fe947f46-58e1-47b7-a605-ada1b6dc36b5: start LeaderElection
2019-06-13 07:15:42,792 INFO  impl.LeaderElection (LeaderElection.java:askForVotes(181)) - fe947f46-58e1-47b7-a605-ada1b6dc36b5:group-13C6A74B95B1:LeaderElection1: begin an election at term 1 for -1: [fe947f46-58e1-47b7-a605-ada1b6dc36b5:192.168.46.57:39757], old=null
2019-06-13 07:15:42,793 INFO  impl.RoleInfo (RoleInfo.java:shutdownLeaderElection(134)) - fe947f46-58e1-47b7-a605-ada1b6dc36b5: shutdown LeaderElection
2019-06-13 07:15:42,794 INFO  impl.RaftServerImpl (RaftServerImpl.java:setRole(164)) - fe947f46-58e1-47b7-a605-ada1b6dc36b5:group-13C6A74B95B1 changes role from CANDIDATE to LEADER at term 1 for changeToLeader
2019-06-13 07:15:42,794 INFO  impl.RaftServerImpl (ServerState.java:setLeader(263)) - fe947f46-58e1-47b7-a605-ada1b6dc36b5:group-13C6A74B95B1 change Leader from null to fe947f46-58e1-47b7-a605-ada1b6dc36b5 at term 1 for becomeLeader, leader elected after 1189ms
2019-06-13 07:15:42,798 INFO  server.RaftServerConfigKeys (ConfUtils.java:logGet(43)) - raft.server.staging.catchup.gap = 1000 (default)
2019-06-13 07:15:42,798 INFO  server.RaftServerConfigKeys (ConfUtils.java:logGet(43)) - raft.server.rpc.sleep.time = 25ms (default)
2019-06-13 07:15:42,800 INFO  server.RaftServerConfigKeys (ConfUtils.java:logGet(43)) - raft.server.watch.timeout = 10s (default)
2019-06-13 07:15:42,800 INFO  server.RaftServerConfigKeys (ConfUtils.java:logGet(43)) - raft.server.watch.timeout.denomination = 1s (default)
2019-06-13 07:15:42,805 INFO  impl.RoleInfo (RoleInfo.java:updateAndGet(143)) - fe947f46-58e1-47b7-a605-ada1b6dc36b5: start LeaderState
2019-06-13 07:15:42,818 INFO  storage.RaftLogWorker (RaftLogWorker.java:startLogSegment(298)) - fe947f46-58e1-47b7-a605-ada1b6dc36b5-RaftLogWorker: Starting segment from index:0
2019-06-13 07:15:42,828 INFO  impl.RaftServerImpl (ServerState.java:setRaftConf(361)) - fe947f46-58e1-47b7-a605-ada1b6dc36b5:group-13C6A74B95B1 set configuration 0: [fe947f46-58e1-47b7-a605-ada1b6dc36b5:192.168.46.57:39757], old=null at 0
2019-06-13 07:15:42,952 INFO  storage.RaftLogWorker (RaftLogWorker.java:execute(469)) - fe947f46-58e1-47b7-a605-ada1b6dc36b5-RaftLogWorker: created new log segment /opt/src/hadoop-ozone/integration-test/target/test-dir/MiniOzoneClusterImpl-68778601-1677-4814-aac3-c3eb9def4407/datanode-0/data/ratis/030609b3-b2e2-4987-803e-13c6a74b95b1/current/log_inprogress_0
2019-06-13 07:15:42,984 INFO  impl.FollowerState (FollowerState.java:run(101)) - cfcda084-ce6c-45c4-a463-4988172a376e:group-7275F16523BD changes to CANDIDATE, lastRpcTime:1086, electionTimeout:1086ms
2019-06-13 07:15:42,985 INFO  impl.RoleInfo (RoleInfo.java:shutdownFollowerState(121)) - cfcda084-ce6c-45c4-a463-4988172a376e: shutdown FollowerState
2019-06-13 07:15:42,985 INFO  impl.RaftServerImpl (RaftServerImpl.java:setRole(164)) - cfcda084-ce6c-45c4-a463-4988172a376e:group-7275F16523BD changes role from FOLLOWER to CANDIDATE at term 0 for changeToCandidate
2019-06-13 07:15:42,985 INFO  impl.RoleInfo (RoleInfo.java:updateAndGet(143)) - cfcda084-ce6c-45c4-a463-4988172a376e: start LeaderElection
2019-06-13 07:15:42,986 INFO  impl.FollowerState (FollowerState.java:run(101)) - ed83a57c-6cec-497f-b851-ee693dc0f338:group-05C014470D10 changes to CANDIDATE, lastRpcTime:1047, electionTimeout:1047ms
2019-06-13 07:15:42,986 INFO  impl.RoleInfo (RoleInfo.java:shutdownFollowerState(121)) - ed83a57c-6cec-497f-b851-ee693dc0f338: shutdown FollowerState
2019-06-13 07:15:42,986 INFO  impl.RaftServerImpl (RaftServerImpl.java:setRole(164)) - ed83a57c-6cec-497f-b851-ee693dc0f338:group-05C014470D10 changes role from FOLLOWER to CANDIDATE at term 0 for changeToCandidate
2019-06-13 07:15:42,988 INFO  impl.RoleInfo (RoleInfo.java:updateAndGet(143)) - ed83a57c-6cec-497f-b851-ee693dc0f338: start LeaderElection
2019-06-13 07:15:42,992 INFO  impl.LeaderElection (LeaderElection.java:askForVotes(181)) - cfcda084-ce6c-45c4-a463-4988172a376e:group-7275F16523BD:LeaderElection2: begin an election at term 1 for -1: [cfcda084-ce6c-45c4-a463-4988172a376e:192.168.46.57:35041], old=null
2019-06-13 07:15:42,992 INFO  impl.LeaderElection (LeaderElection.java:askForVotes(181)) - ed83a57c-6cec-497f-b851-ee693dc0f338:group-05C014470D10:LeaderElection3: begin an election at term 1 for -1: [ed83a57c-6cec-497f-b851-ee693dc0f338:192.168.46.57:42533], old=null
2019-06-13 07:15:42,993 INFO  impl.RoleInfo (RoleInfo.java:shutdownLeaderElection(134)) - cfcda084-ce6c-45c4-a463-4988172a376e: shutdown LeaderElection
2019-06-13 07:15:42,993 INFO  impl.RoleInfo (RoleInfo.java:shutdownLeaderElection(134)) - ed83a57c-6cec-497f-b851-ee693dc0f338: shutdown LeaderElection
2019-06-13 07:15:42,994 INFO  impl.RaftServerImpl (RaftServerImpl.java:setRole(164)) - cfcda084-ce6c-45c4-a463-4988172a376e:group-7275F16523BD changes role from CANDIDATE to LEADER at term 1 for changeToLeader
2019-06-13 07:15:42,994 INFO  impl.RaftServerImpl (RaftServerImpl.java:setRole(164)) - ed83a57c-6cec-497f-b851-ee693dc0f338:group-05C014470D10 changes role from CANDIDATE to LEADER at term 1 for changeToLeader
2019-06-13 07:15:42,994 INFO  impl.RaftServerImpl (ServerState.java:setLeader(263)) - cfcda084-ce6c-45c4-a463-4988172a376e:group-7275F16523BD change Leader from null to cfcda084-ce6c-45c4-a463-4988172a376e at term 1 for becomeLeader, leader elected after 1098ms
2019-06-13 07:15:42,994 INFO  impl.RaftServerImpl (ServerState.java:setLeader(263)) - ed83a57c-6cec-497f-b851-ee693dc0f338:group-05C014470D10 change Leader from null to ed83a57c-6cec-497f-b851-ee693dc0f338 at term 1 for becomeLeader, leader elected after 1057ms
2019-06-13 07:15:42,995 INFO  server.RaftServerConfigKeys (ConfUtils.java:logGet(43)) - raft.server.staging.catchup.gap = 1000 (default)
2019-06-13 07:15:42,995 INFO  server.RaftServerConfigKeys (ConfUtils.java:logGet(43)) - raft.server.staging.catchup.gap = 1000 (default)
2019-06-13 07:15:42,995 INFO  server.RaftServerConfigKeys (ConfUtils.java:logGet(43)) - raft.server.rpc.sleep.time = 25ms (default)
2019-06-13 07:15:42,996 INFO  server.RaftServerConfigKeys (ConfUtils.java:logGet(43)) - raft.server.rpc.sleep.time = 25ms (default)
2019-06-13 07:15:42,996 INFO  server.RaftServerConfigKeys (ConfUtils.java:logGet(43)) - raft.server.watch.timeout = 10s (default)
2019-06-13 07:15:42,996 INFO  server.RaftServerConfigKeys (ConfUtils.java:logGet(43)) - raft.server.watch.timeout = 10s (default)
2019-06-13 07:15:42,996 INFO  server.RaftServerConfigKeys (ConfUtils.java:logGet(43)) - raft.server.watch.timeout.denomination = 1s (default)
2019-06-13 07:15:42,996 INFO  server.RaftServerConfigKeys (ConfUtils.java:logGet(43)) - raft.server.watch.timeout.denomination = 1s (default)
2019-06-13 07:15:42,996 INFO  impl.RoleInfo (RoleInfo.java:updateAndGet(143)) - cfcda084-ce6c-45c4-a463-4988172a376e: start LeaderState
2019-06-13 07:15:42,996 INFO  impl.RoleInfo (RoleInfo.java:updateAndGet(143)) - ed83a57c-6cec-497f-b851-ee693dc0f338: start LeaderState
2019-06-13 07:15:42,996 INFO  storage.RaftLogWorker (RaftLogWorker.java:startLogSegment(298)) - cfcda084-ce6c-45c4-a463-4988172a376e-RaftLogWorker: Starting segment from index:0
2019-06-13 07:15:42,996 INFO  storage.RaftLogWorker (RaftLogWorker.java:startLogSegment(298)) - ed83a57c-6cec-497f-b851-ee693dc0f338-RaftLogWorker: Starting segment from index:0
2019-06-13 07:15:42,997 INFO  impl.RaftServerImpl (ServerState.java:setRaftConf(361)) - ed83a57c-6cec-497f-b851-ee693dc0f338:group-05C014470D10 set configuration 0: [ed83a57c-6cec-497f-b851-ee693dc0f338:192.168.46.57:42533], old=null at 0
2019-06-13 07:15:43,020 INFO  impl.RaftServerImpl (ServerState.java:setRaftConf(361)) - cfcda084-ce6c-45c4-a463-4988172a376e:group-7275F16523BD set configuration 0: [cfcda084-ce6c-45c4-a463-4988172a376e:192.168.46.57:35041], old=null at 0
2019-06-13 07:15:43,039 INFO  impl.FollowerState (FollowerState.java:run(101)) - ed83a57c-6cec-497f-b851-ee693dc0f338:group-4BC423D4F618 changes to CANDIDATE, lastRpcTime:1035, electionTimeout:1027ms
2019-06-13 07:15:43,039 INFO  impl.RoleInfo (RoleInfo.java:shutdownFollowerState(121)) - ed83a57c-6cec-497f-b851-ee693dc0f338: shutdown FollowerState
2019-06-13 07:15:43,039 INFO  impl.RaftServerImpl (RaftServerImpl.java:setRole(164)) - ed83a57c-6cec-497f-b851-ee693dc0f338:group-4BC423D4F618 changes role from FOLLOWER to CANDIDATE at term 0 for changeToCandidate
2019-06-13 07:15:43,040 INFO  impl.RoleInfo (RoleInfo.java:updateAndGet(143)) - ed83a57c-6cec-497f-b851-ee693dc0f338: start LeaderElection
2019-06-13 07:15:43,039 INFO  impl.FollowerState (FollowerState.java:run(101)) - 084b3085-16dd-4597-9ffc-47bef8c09ed7:group-656EA1AA5CA7 changes to CANDIDATE, lastRpcTime:1200, electionTimeout:1193ms
2019-06-13 07:15:43,040 INFO  impl.RoleInfo (RoleInfo.java:shutdownFollowerState(121)) - 084b3085-16dd-4597-9ffc-47bef8c09ed7: shutdown FollowerState
2019-06-13 07:15:43,040 INFO  impl.RaftServerImpl (RaftServerImpl.java:setRole(164)) - 084b3085-16dd-4597-9ffc-47bef8c09ed7:group-656EA1AA5CA7 changes role from FOLLOWER to CANDIDATE at term 0 for changeToCandidate
2019-06-13 07:15:43,043 INFO  storage.RaftLogWorker (RaftLogWorker.java:execute(469)) - cfcda084-ce6c-45c4-a463-4988172a376e-RaftLogWorker: created new log segment /opt/src/hadoop-ozone/integration-test/target/test-dir/MiniOzoneClusterImpl-68778601-1677-4814-aac3-c3eb9def4407/datanode-1/data/ratis/76566def-298a-41f9-b3f6-7275f16523bd/current/log_inprogress_0
2019-06-13 07:15:43,043 INFO  storage.RaftLogWorker (RaftLogWorker.java:execute(469)) - ed83a57c-6cec-497f-b851-ee693dc0f338-RaftLogWorker: created new log segment /opt/src/hadoop-ozone/integration-test/target/test-dir/MiniOzoneClusterImpl-68778601-1677-4814-aac3-c3eb9def4407/datanode-3/data/ratis/8fec4517-70f3-4d3e-824c-05c014470d10/current/log_inprogress_0
2019-06-13 07:15:43,043 INFO  impl.RoleInfo (RoleInfo.java:updateAndGet(143)) - 084b3085-16dd-4597-9ffc-47bef8c09ed7: start LeaderElection
2019-06-13 07:15:43,050 INFO  impl.LeaderElection (LeaderElection.java:askForVotes(181)) - 084b3085-16dd-4597-9ffc-47bef8c09ed7:group-656EA1AA5CA7:LeaderElection5: begin an election at term 1 for -1: [084b3085-16dd-4597-9ffc-47bef8c09ed7:192.168.46.57:40659], old=null
2019-06-13 07:15:43,050 INFO  impl.LeaderElection (LeaderElection.java:askForVotes(181)) - ed83a57c-6cec-497f-b851-ee693dc0f338:group-4BC423D4F618:LeaderElection4: begin an election at term 1 for -1: [fe947f46-58e1-47b7-a605-ada1b6dc36b5:192.168.46.57:39757, ed83a57c-6cec-497f-b851-ee693dc0f338:192.168.46.57:42533, 084b3085-16dd-4597-9ffc-47bef8c09ed7:192.168.46.57:40659], old=null
2019-06-13 07:15:43,050 INFO  impl.RoleInfo (RoleInfo.java:shutdownLeaderElection(134)) - 084b3085-16dd-4597-9ffc-47bef8c09ed7: shutdown LeaderElection
2019-06-13 07:15:43,050 INFO  impl.RaftServerImpl (RaftServerImpl.java:setRole(164)) - 084b3085-16dd-4597-9ffc-47bef8c09ed7:group-656EA1AA5CA7 changes role from CANDIDATE to LEADER at term 1 for changeToLeader
2019-06-13 07:15:43,050 INFO  impl.RaftServerImpl (ServerState.java:setLeader(263)) - 084b3085-16dd-4597-9ffc-47bef8c09ed7:group-656EA1AA5CA7 change Leader from null to 084b3085-16dd-4597-9ffc-47bef8c09ed7 at term 1 for becomeLeader, leader elected after 1214ms
2019-06-13 07:15:43,051 INFO  server.RaftServerConfigKeys (ConfUtils.java:logGet(43)) - raft.server.staging.catchup.gap = 1000 (default)
2019-06-13 07:15:43,051 INFO  server.RaftServerConfigKeys (ConfUtils.java:logGet(43)) - raft.server.rpc.sleep.time = 25ms (default)
2019-06-13 07:15:43,051 INFO  server.RaftServerConfigKeys (ConfUtils.java:logGet(43)) - raft.server.watch.timeout = 10s (default)
2019-06-13 07:15:43,052 INFO  server.RaftServerConfigKeys (ConfUtils.java:logGet(43)) - raft.server.watch.timeout.denomination = 1s (default)
2019-06-13 07:15:43,052 INFO  impl.RoleInfo (RoleInfo.java:updateAndGet(143)) - 084b3085-16dd-4597-9ffc-47bef8c09ed7: start LeaderState
2019-06-13 07:15:43,052 INFO  storage.RaftLogWorker (RaftLogWorker.java:startLogSegment(298)) - 084b3085-16dd-4597-9ffc-47bef8c09ed7-RaftLogWorker: Starting segment from index:0
2019-06-13 07:15:43,052 INFO  impl.RaftServerImpl (ServerState.java:setRaftConf(361)) - 084b3085-16dd-4597-9ffc-47bef8c09ed7:group-656EA1AA5CA7 set configuration 0: [084b3085-16dd-4597-9ffc-47bef8c09ed7:192.168.46.57:40659], old=null at 0
2019-06-13 07:15:43,070 INFO  impl.FollowerState (FollowerState.java:run(101)) - 084b3085-16dd-4597-9ffc-47bef8c09ed7:group-4BC423D4F618 changes to CANDIDATE, lastRpcTime:1078, electionTimeout:1061ms
2019-06-13 07:15:43,070 INFO  impl.RoleInfo (RoleInfo.java:shutdownFollowerState(121)) - 084b3085-16dd-4597-9ffc-47bef8c09ed7: shutdown FollowerState
2019-06-13 07:15:43,070 INFO  impl.RaftServerImpl (RaftServerImpl.java:setRole(164)) - 084b3085-16dd-4597-9ffc-47bef8c09ed7:group-4BC423D4F618 changes role from FOLLOWER to CANDIDATE at term 0 for changeToCandidate
2019-06-13 07:15:43,070 INFO  impl.RoleInfo (RoleInfo.java:updateAndGet(143)) - 084b3085-16dd-4597-9ffc-47bef8c09ed7: start LeaderElection
2019-06-13 07:15:43,090 INFO  storage.RaftLogWorker (RaftLogWorker.java:execute(469)) - 084b3085-16dd-4597-9ffc-47bef8c09ed7-RaftLogWorker: created new log segment /opt/src/hadoop-ozone/integration-test/target/test-dir/MiniOzoneClusterImpl-68778601-1677-4814-aac3-c3eb9def4407/datanode-2/data/ratis/eefb5df5-8ca0-4e2b-8115-656ea1aa5ca7/current/log_inprogress_0
2019-06-13 07:15:43,093 INFO  impl.LeaderElection (LeaderElection.java:askForVotes(181)) - 084b3085-16dd-4597-9ffc-47bef8c09ed7:group-4BC423D4F618:LeaderElection6: begin an election at term 1 for -1: [fe947f46-58e1-47b7-a605-ada1b6dc36b5:192.168.46.57:39757, ed83a57c-6cec-497f-b851-ee693dc0f338:192.168.46.57:42533, 084b3085-16dd-4597-9ffc-47bef8c09ed7:192.168.46.57:40659], old=null
2019-06-13 07:15:43,099 INFO  impl.FollowerState (FollowerState.java:run(101)) - 91d84113-b521-4f01-af62-2ad8007be9a8:group-4B831AE63F36 changes to CANDIDATE, lastRpcTime:1060, electionTimeout:1059ms
2019-06-13 07:15:43,099 INFO  impl.RoleInfo (RoleInfo.java:shutdownFollowerState(121)) - 91d84113-b521-4f01-af62-2ad8007be9a8: shutdown FollowerState
2019-06-13 07:15:43,099 INFO  impl.RaftServerImpl (RaftServerImpl.java:setRole(164)) - 91d84113-b521-4f01-af62-2ad8007be9a8:group-4B831AE63F36 changes role from FOLLOWER to CANDIDATE at term 0 for changeToCandidate
2019-06-13 07:15:43,099 INFO  impl.RoleInfo (RoleInfo.java:updateAndGet(143)) - 91d84113-b521-4f01-af62-2ad8007be9a8: start LeaderElection
2019-06-13 07:15:43,119 INFO  impl.LeaderElection (LeaderElection.java:askForVotes(181)) - 91d84113-b521-4f01-af62-2ad8007be9a8:group-4B831AE63F36:LeaderElection7: begin an election at term 1 for -1: [91d84113-b521-4f01-af62-2ad8007be9a8:192.168.46.57:33261], old=null
2019-06-13 07:15:43,119 INFO  impl.RoleInfo (RoleInfo.java:shutdownLeaderElection(134)) - 91d84113-b521-4f01-af62-2ad8007be9a8: shutdown LeaderElection
2019-06-13 07:15:43,120 INFO  impl.RaftServerImpl (RaftServerImpl.java:setRole(164)) - 91d84113-b521-4f01-af62-2ad8007be9a8:group-4B831AE63F36 changes role from CANDIDATE to LEADER at term 1 for changeToLeader
2019-06-13 07:15:43,120 INFO  impl.RaftServerImpl (ServerState.java:setLeader(263)) - 91d84113-b521-4f01-af62-2ad8007be9a8:group-4B831AE63F36 change Leader from null to 91d84113-b521-4f01-af62-2ad8007be9a8 at term 1 for becomeLeader, leader elected after 1083ms
2019-06-13 07:15:43,121 INFO  server.RaftServerConfigKeys (ConfUtils.java:logGet(43)) - raft.server.staging.catchup.gap = 1000 (default)
2019-06-13 07:15:43,121 INFO  server.RaftServerConfigKeys (ConfUtils.java:logGet(43)) - raft.server.rpc.sleep.time = 25ms (default)
2019-06-13 07:15:43,121 INFO  server.RaftServerConfigKeys (ConfUtils.java:logGet(43)) - raft.server.watch.timeout = 10s (default)
2019-06-13 07:15:43,121 INFO  server.RaftServerConfigKeys (ConfUtils.java:logGet(43)) - raft.server.watch.timeout.denomination = 1s (default)
2019-06-13 07:15:43,122 INFO  impl.RoleInfo (RoleInfo.java:updateAndGet(143)) - 91d84113-b521-4f01-af62-2ad8007be9a8: start LeaderState
2019-06-13 07:15:43,122 INFO  storage.RaftLogWorker (RaftLogWorker.java:startLogSegment(298)) - 91d84113-b521-4f01-af62-2ad8007be9a8-RaftLogWorker: Starting segment from index:0
2019-06-13 07:15:43,140 INFO  impl.RaftServerImpl (ServerState.java:setRaftConf(361)) - 91d84113-b521-4f01-af62-2ad8007be9a8:group-4B831AE63F36 set configuration 0: [91d84113-b521-4f01-af62-2ad8007be9a8:192.168.46.57:33261], old=null at 0
2019-06-13 07:15:43,142 INFO  impl.RaftServerImpl (RaftServerImpl.java:setRole(164)) - fe947f46-58e1-47b7-a605-ada1b6dc36b5:group-4BC423D4F618 changes role from FOLLOWER to FOLLOWER at term 1 for recognizeCandidate:084b3085-16dd-4597-9ffc-47bef8c09ed7
2019-06-13 07:15:43,142 INFO  impl.RoleInfo (RoleInfo.java:shutdownFollowerState(121)) - fe947f46-58e1-47b7-a605-ada1b6dc36b5: shutdown FollowerState
2019-06-13 07:15:43,142 INFO  impl.RoleInfo (RoleInfo.java:updateAndGet(143)) - fe947f46-58e1-47b7-a605-ada1b6dc36b5: start FollowerState
2019-06-13 07:15:43,142 INFO  impl.FollowerState (FollowerState.java:run(109)) - fe947f46-58e1-47b7-a605-ada1b6dc36b5: FollowerState was interrupted: java.lang.InterruptedException: sleep interrupted
2019-06-13 07:15:43,162 INFO  storage.RaftLogWorker (RaftLogWorker.java:execute(469)) - 91d84113-b521-4f01-af62-2ad8007be9a8-RaftLogWorker: created new log segment /opt/src/hadoop-ozone/integration-test/target/test-dir/MiniOzoneClusterImpl-68778601-1677-4814-aac3-c3eb9def4407/datanode-4/data/ratis/5d482c7d-dda5-4219-93bb-4b831ae63f36/current/log_inprogress_0
2019-06-13 07:15:43,176 INFO  impl.LeaderElection (LeaderElection.java:logAndReturn(56)) - 084b3085-16dd-4597-9ffc-47bef8c09ed7:group-4BC423D4F618:LeaderElection6: Election PASSED; received 2 response(s) [084b3085-16dd-4597-9ffc-47bef8c09ed7->fe947f46-58e1-47b7-a605-ada1b6dc36b5,true-t1, 084b3085-16dd-4597-9ffc-47bef8c09ed7->ed83a57c-6cec-497f-b851-ee693dc0f338,false-t1] and 0 exception(s); 084b3085-16dd-4597-9ffc-47bef8c09ed7:t1, leader=null, voted=084b3085-16dd-4597-9ffc-47bef8c09ed7, raftlog=084b3085-16dd-4597-9ffc-47bef8c09ed7-SegmentedRaftLog:OPENED:c-1,f-1,i0, conf=-1: [fe947f46-58e1-47b7-a605-ada1b6dc36b5:192.168.46.57:39757, ed83a57c-6cec-497f-b851-ee693dc0f338:192.168.46.57:42533, 084b3085-16dd-4597-9ffc-47bef8c09ed7:192.168.46.57:40659], old=null
2019-06-13 07:15:43,176 INFO  impl.RoleInfo (RoleInfo.java:shutdownLeaderElection(134)) - 084b3085-16dd-4597-9ffc-47bef8c09ed7: shutdown LeaderElection
2019-06-13 07:15:43,176 INFO  impl.RaftServerImpl (RaftServerImpl.java:setRole(164)) - 084b3085-16dd-4597-9ffc-47bef8c09ed7:group-4BC423D4F618 changes role from CANDIDATE to LEADER at term 1 for changeToLeader
2019-06-13 07:15:43,178 INFO  impl.RaftServerImpl (ServerState.java:setLeader(263)) - 084b3085-16dd-4597-9ffc-47bef8c09ed7:group-4BC423D4F618 change Leader from null to 084b3085-16dd-4597-9ffc-47bef8c09ed7 at term 1 for becomeLeader, leader elected after 1190ms
2019-06-13 07:15:43,179 INFO  server.RaftServerConfigKeys (ConfUtils.java:logGet(43)) - raft.server.staging.catchup.gap = 1000 (default)
2019-06-13 07:15:43,179 INFO  server.RaftServerConfigKeys (ConfUtils.java:logGet(43)) - raft.server.rpc.sleep.time = 25ms (default)
2019-06-13 07:15:43,179 INFO  server.RaftServerConfigKeys (ConfUtils.java:logGet(43)) - raft.server.watch.timeout = 10s (default)
2019-06-13 07:15:43,179 INFO  server.RaftServerConfigKeys (ConfUtils.java:logGet(43)) - raft.server.watch.timeout.denomination = 1s (default)
2019-06-13 07:15:43,181 INFO  server.RaftServerConfigKeys (ConfUtils.java:logGet(43)) - raft.server.log.appender.snapshot.chunk.size.max = 16MB (=16777216) (default)
2019-06-13 07:15:43,181 INFO  server.RaftServerConfigKeys (ConfUtils.java:logGet(43)) - raft.server.log.appender.buffer.byte-limit = 33554432 (custom)
2019-06-13 07:15:43,182 INFO  server.RaftServerConfigKeys (ConfUtils.java:logGet(43)) - raft.server.log.appender.buffer.element-limit = 1 (custom)
2019-06-13 07:15:43,183 INFO  grpc.GrpcConfigKeys$Server (ConfUtils.java:logGet(43)) - raft.grpc.server.leader.outstanding.appends.max = 128 (default)
2019-06-13 07:15:43,183 INFO  server.RaftServerConfigKeys (ConfUtils.java:logGet(43)) - raft.server.rpc.request.timeout = 3000ms (default)
2019-06-13 07:15:43,183 INFO  server.RaftServerConfigKeys (ConfUtils.java:logGet(43)) - raft.server.log.appender.install.snapshot.enabled = true (default)
2019-06-13 07:15:43,184 INFO  server.RaftServerConfigKeys (ConfUtils.java:logGet(43)) - raft.server.log.appender.snapshot.chunk.size.max = 16MB (=16777216) (default)
2019-06-13 07:15:43,184 INFO  server.RaftServerConfigKeys (ConfUtils.java:logGet(43)) - raft.server.log.appender.buffer.byte-limit = 33554432 (custom)
2019-06-13 07:15:43,184 INFO  server.RaftServerConfigKeys (ConfUtils.java:logGet(43)) - raft.server.log.appender.buffer.element-limit = 1 (custom)
2019-06-13 07:15:43,184 INFO  grpc.GrpcConfigKeys$Server (ConfUtils.java:logGet(43)) - raft.grpc.server.leader.outstanding.appends.max = 128 (default)
2019-06-13 07:15:43,184 INFO  server.RaftServerConfigKeys (ConfUtils.java:logGet(43)) - raft.server.rpc.request.timeout = 3000ms (default)
2019-06-13 07:15:43,184 INFO  server.RaftServerConfigKeys (ConfUtils.java:logGet(43)) - raft.server.log.appender.install.snapshot.enabled = true (default)
2019-06-13 07:15:43,184 INFO  impl.RoleInfo (RoleInfo.java:updateAndGet(143)) - 084b3085-16dd-4597-9ffc-47bef8c09ed7: start LeaderState
2019-06-13 07:15:43,185 INFO  storage.RaftLogWorker (RaftLogWorker.java:startLogSegment(298)) - 084b3085-16dd-4597-9ffc-47bef8c09ed7-RaftLogWorker: Starting segment from index:0
2019-06-13 07:15:43,185 INFO  impl.LeaderElection (LeaderElection.java:logAndReturn(56)) - ed83a57c-6cec-497f-b851-ee693dc0f338:group-4BC423D4F618:LeaderElection4: Election REJECTED; received 2 response(s) [ed83a57c-6cec-497f-b851-ee693dc0f338->fe947f46-58e1-47b7-a605-ada1b6dc36b5,false-t1, ed83a57c-6cec-497f-b851-ee693dc0f338->084b3085-16dd-4597-9ffc-47bef8c09ed7,false-t1] and 0 exception(s); ed83a57c-6cec-497f-b851-ee693dc0f338:t1, leader=null, voted=ed83a57c-6cec-497f-b851-ee693dc0f338, raftlog=ed83a57c-6cec-497f-b851-ee693dc0f338-SegmentedRaftLog:OPENED:c-1,f-1,i0, conf=-1: [fe947f46-58e1-47b7-a605-ada1b6dc36b5:192.168.46.57:39757, ed83a57c-6cec-497f-b851-ee693dc0f338:192.168.46.57:42533, 084b3085-16dd-4597-9ffc-47bef8c09ed7:192.168.46.57:40659], old=null
2019-06-13 07:15:43,203 INFO  impl.RaftServerImpl (RaftServerImpl.java:setRole(164)) - ed83a57c-6cec-497f-b851-ee693dc0f338:group-4BC423D4F618 changes role from CANDIDATE to FOLLOWER at term 1 for DISCOVERED_A_NEW_TERM
2019-06-13 07:15:43,221 INFO  impl.RoleInfo (RoleInfo.java:shutdownLeaderElection(134)) - ed83a57c-6cec-497f-b851-ee693dc0f338: shutdown LeaderElection
2019-06-13 07:15:43,222 INFO  impl.RoleInfo (RoleInfo.java:updateAndGet(143)) - ed83a57c-6cec-497f-b851-ee693dc0f338: start FollowerState
2019-06-13 07:15:43,221 INFO  ozone.MiniOzoneClusterImpl (MiniOzoneClusterImpl.java:lambda$waitForClusterToBeReady$0(142)) - Cluster is ready. Got 6 of 6 DN Heartbeats.
2019-06-13 07:15:43,220 INFO  impl.RaftServerImpl (ServerState.java:setRaftConf(361)) - 084b3085-16dd-4597-9ffc-47bef8c09ed7:group-4BC423D4F618 set configuration 0: [fe947f46-58e1-47b7-a605-ada1b6dc36b5:192.168.46.57:39757, ed83a57c-6cec-497f-b851-ee693dc0f338:192.168.46.57:42533, 084b3085-16dd-4597-9ffc-47bef8c09ed7:192.168.46.57:40659], old=null at 0
2019-06-13 07:15:43,226 INFO  storage.RaftLogWorker (RaftLogWorker.java:execute(469)) - 084b3085-16dd-4597-9ffc-47bef8c09ed7-RaftLogWorker: created new log segment /opt/src/hadoop-ozone/integration-test/target/test-dir/MiniOzoneClusterImpl-68778601-1677-4814-aac3-c3eb9def4407/datanode-2/data/ratis/c06b0bec-8924-46f7-8145-4bc423d4f618/current/log_inprogress_0
2019-06-13 07:15:43,238 INFO  impl.RaftServerImpl (ServerState.java:setLeader(263)) - ed83a57c-6cec-497f-b851-ee693dc0f338:group-4BC423D4F618 change Leader from null to 084b3085-16dd-4597-9ffc-47bef8c09ed7 at term 1 for appendEntries, leader elected after 1249ms
2019-06-13 07:15:43,238 INFO  impl.RaftServerImpl (ServerState.java:setLeader(263)) - fe947f46-58e1-47b7-a605-ada1b6dc36b5:group-4BC423D4F618 change Leader from null to 084b3085-16dd-4597-9ffc-47bef8c09ed7 at term 1 for appendEntries, leader elected after 1251ms
]]></system-out>
    <system-err><![CDATA[ERROR StatusLogger No Log4j 2 configuration file found. Using default configuration (logging only errors to the console), or user programmatically provided configurations. Set system property 'log4j2.debug' to show Log4j 2 internal initialization logging. See https://logging.apache.org/log4j/2.x/manual/configuration.html for instructions on how to configure Log4j 2
Jun 13, 2019 7:15:36 AM com.sun.jersey.server.impl.application.WebApplicationImpl _initiate
INFO: Initiating Jersey application, version 'Jersey: 1.19 02/11/2015 03:25 AM'
Jun 13, 2019 7:15:37 AM com.sun.jersey.server.impl.application.WebApplicationImpl _initiate
INFO: Initiating Jersey application, version 'Jersey: 1.19 02/11/2015 03:25 AM'
Jun 13, 2019 7:15:37 AM com.sun.jersey.server.impl.application.WebApplicationImpl _initiate
INFO: Initiating Jersey application, version 'Jersey: 1.19 02/11/2015 03:25 AM'
Jun 13, 2019 7:15:37 AM com.sun.jersey.server.impl.application.WebApplicationImpl _initiate
INFO: Initiating Jersey application, version 'Jersey: 1.19 02/11/2015 03:25 AM'
Jun 13, 2019 7:15:37 AM com.sun.jersey.server.impl.application.WebApplicationImpl _initiate
INFO: Initiating Jersey application, version 'Jersey: 1.19 02/11/2015 03:25 AM'
Jun 13, 2019 7:15:38 AM com.sun.jersey.server.impl.application.WebApplicationImpl _initiate
INFO: Initiating Jersey application, version 'Jersey: 1.19 02/11/2015 03:25 AM'
]]></system-err>
  </testcase>
</testsuite>