<?xml version="1.0" encoding="UTF-8"?>
<testsuite xmlns:xsi="http://www.w3.org/2001/XMLSchema-instance" xsi:noNamespaceSchemaLocation="https://maven.apache.org/surefire/maven-surefire-plugin/xsd/surefire-test-report.xsd" name="org.apache.hadoop.hdds.scm.pipeline.TestNodeFailure" time="10.153" tests="1" errors="0" skipped="1" failures="0">
  <properties>
    <property name="awt.toolkit" value="sun.awt.X11.XToolkit"/>
    <property name="file.encoding.pkg" value="sun.io"/>
    <property name="java.specification.version" value="1.8"/>
    <property name="sun.cpu.isalist" value=""/>
    <property name="sun.jnu.encoding" value="UTF-8"/>
    <property name="java.class.path" value="/opt/src/hadoop-ozone/integration-test/target/test-classes:/opt/src/hadoop-ozone/integration-test/target/classes:/root/.m2/repository/org/apache/hadoop/hadoop-ozone-common/0.5.0-SNAPSHOT/hadoop-ozone-common-0.5.0-SNAPSHOT.jar:/root/.m2/repository/org/apache/commons/commons-compress/1.4.1/commons-compress-1.4.1.jar:/root/.m2/repository/org/tukaani/xz/1.0/xz-1.0.jar:/root/.m2/repository/org/apache/hadoop/hadoop-common/3.2.0/hadoop-common-3.2.0.jar:/root/.m2/repository/org/apache/hadoop/hadoop-hdfs/3.2.0/hadoop-hdfs-3.2.0.jar:/root/.m2/repository/org/apache/hadoop/hadoop-hdfs-client/3.2.0/hadoop-hdfs-client-3.2.0.jar:/root/.m2/repository/com/fasterxml/jackson/core/jackson-annotations/2.9.5/jackson-annotations-2.9.5.jar:/root/.m2/repository/org/apache/hadoop/hadoop-hdds-common/0.5.0-SNAPSHOT/hadoop-hdds-common-0.5.0-SNAPSHOT.jar:/root/.m2/repository/javax/annotation/javax.annotation-api/1.2/javax.annotation-api-1.2.jar:/root/.m2/repository/org/apache/ratis/ratis-server/0.4.0-fe2b15d-SNAPSHOT/ratis-server-0.4.0-fe2b15d-SNAPSHOT.jar:/root/.m2/repository/org/apache/ratis/ratis-thirdparty-misc/0.2.0/ratis-thirdparty-misc-0.2.0.jar:/root/.m2/repository/org/apache/ratis/ratis-proto/0.4.0-fe2b15d-SNAPSHOT/ratis-proto-0.4.0-fe2b15d-SNAPSHOT.jar:/root/.m2/repository/org/apache/ratis/ratis-common/0.4.0-fe2b15d-SNAPSHOT/ratis-common-0.4.0-fe2b15d-SNAPSHOT.jar:/root/.m2/repository/org/apache/ratis/ratis-client/0.4.0-fe2b15d-SNAPSHOT/ratis-client-0.4.0-fe2b15d-SNAPSHOT.jar:/root/.m2/repository/org/apache/ratis/ratis-netty/0.4.0-fe2b15d-SNAPSHOT/ratis-netty-0.4.0-fe2b15d-SNAPSHOT.jar:/root/.m2/repository/org/apache/ratis/ratis-grpc/0.4.0-fe2b15d-SNAPSHOT/ratis-grpc-0.4.0-fe2b15d-SNAPSHOT.jar:/root/.m2/repository/org/rocksdb/rocksdbjni/5.14.2/rocksdbjni-5.14.2.jar:/root/.m2/repository/org/apache/logging/log4j/log4j-api/2.11.0/log4j-api-2.11.0.jar:/root/.m2/repository/org/apache/logging/log4j/log4j-core/2.11.0/log4j-core-2.11.0.jar:/root/.m2/repository/com/lmax/disruptor/3.4.2/disruptor-3.4.2.jar:/root/.m2/repository/org/apache/commons/commons-pool2/2.6.0/commons-pool2-2.6.0.jar:/root/.m2/repository/org/bouncycastle/bcpkix-jdk15on/1.60/bcpkix-jdk15on-1.60.jar:/root/.m2/repository/commons-validator/commons-validator/1.6/commons-validator-1.6.jar:/root/.m2/repository/commons-digester/commons-digester/1.8.1/commons-digester-1.8.1.jar:/root/.m2/repository/io/jaegertracing/jaeger-client/0.33.1/jaeger-client-0.33.1.jar:/root/.m2/repository/io/jaegertracing/jaeger-thrift/0.33.1/jaeger-thrift-0.33.1.jar:/root/.m2/repository/org/apache/thrift/libthrift/0.11.0/libthrift-0.11.0.jar:/root/.m2/repository/com/squareup/okhttp3/okhttp/3.9.0/okhttp-3.9.0.jar:/root/.m2/repository/com/squareup/okio/okio/1.13.0/okio-1.13.0.jar:/root/.m2/repository/io/jaegertracing/jaeger-core/0.33.1/jaeger-core-0.33.1.jar:/root/.m2/repository/io/jaegertracing/jaeger-tracerresolver/0.33.1/jaeger-tracerresolver-0.33.1.jar:/root/.m2/repository/io/opentracing/contrib/opentracing-tracerresolver/0.1.5/opentracing-tracerresolver-0.1.5.jar:/root/.m2/repository/io/opentracing/opentracing-util/0.31.0/opentracing-util-0.31.0.jar:/root/.m2/repository/io/opentracing/opentracing-api/0.31.0/opentracing-api-0.31.0.jar:/root/.m2/repository/io/opentracing/opentracing-noop/0.31.0/opentracing-noop-0.31.0.jar:/root/.m2/repository/org/apache/hadoop/hadoop-hdds-server-framework/0.5.0-SNAPSHOT/hadoop-hdds-server-framework-0.5.0-SNAPSHOT.jar:/root/.m2/repository/org/apache/hadoop/hadoop-hdds-server-scm/0.5.0-SNAPSHOT/hadoop-hdds-server-scm-0.5.0-SNAPSHOT.jar:/root/.m2/repository/org/apache/hadoop/hadoop-hdds-container-service/0.5.0-SNAPSHOT/hadoop-hdds-container-service-0.5.0-SNAPSHOT.jar:/root/.m2/repository/org/apache/hadoop/hadoop-hdds-client/0.5.0-SNAPSHOT/hadoop-hdds-client-0.5.0-SNAPSHOT.jar:/root/.m2/repository/org/apache/hadoop/hadoop-hdds-tools/0.5.0-SNAPSHOT/hadoop-hdds-tools-0.5.0-SNAPSHOT.jar:/root/.m2/repository/org/apache/hadoop/hadoop-ozone-ozone-manager/0.5.0-SNAPSHOT/hadoop-ozone-ozone-manager-0.5.0-SNAPSHOT.jar:/root/.m2/repository/org/apache/hadoop/hadoop-hdds-docs/0.5.0-SNAPSHOT/hadoop-hdds-docs-0.5.0-SNAPSHOT.jar:/root/.m2/repository/org/bouncycastle/bcprov-jdk15on/1.60/bcprov-jdk15on-1.60.jar:/root/.m2/repository/org/apache/hadoop/hadoop-minikdc/3.2.0/hadoop-minikdc-3.2.0.jar:/root/.m2/repository/commons-io/commons-io/2.5/commons-io-2.5.jar:/root/.m2/repository/org/apache/kerby/kerb-simplekdc/1.0.1/kerb-simplekdc-1.0.1.jar:/root/.m2/repository/org/apache/kerby/kerb-client/1.0.1/kerb-client-1.0.1.jar:/root/.m2/repository/org/apache/kerby/kerby-config/1.0.1/kerby-config-1.0.1.jar:/root/.m2/repository/org/apache/kerby/kerb-core/1.0.1/kerb-core-1.0.1.jar:/root/.m2/repository/org/apache/kerby/kerby-pkix/1.0.1/kerby-pkix-1.0.1.jar:/root/.m2/repository/org/apache/kerby/kerby-asn1/1.0.1/kerby-asn1-1.0.1.jar:/root/.m2/repository/org/apache/kerby/kerby-util/1.0.1/kerby-util-1.0.1.jar:/root/.m2/repository/org/apache/kerby/kerb-common/1.0.1/kerb-common-1.0.1.jar:/root/.m2/repository/org/apache/kerby/kerb-crypto/1.0.1/kerb-crypto-1.0.1.jar:/root/.m2/repository/org/apache/kerby/kerb-util/1.0.1/kerb-util-1.0.1.jar:/root/.m2/repository/org/apache/kerby/token-provider/1.0.1/token-provider-1.0.1.jar:/root/.m2/repository/org/apache/kerby/kerb-admin/1.0.1/kerb-admin-1.0.1.jar:/root/.m2/repository/org/apache/kerby/kerb-server/1.0.1/kerb-server-1.0.1.jar:/root/.m2/repository/org/apache/kerby/kerb-identity/1.0.1/kerb-identity-1.0.1.jar:/root/.m2/repository/org/apache/kerby/kerby-xdr/1.0.1/kerby-xdr-1.0.1.jar:/root/.m2/repository/org/slf4j/slf4j-log4j12/1.7.25/slf4j-log4j12-1.7.25.jar:/root/.m2/repository/org/apache/hadoop/hadoop-ozone-objectstore-service/0.5.0-SNAPSHOT/hadoop-ozone-objectstore-service-0.5.0-SNAPSHOT.jar:/root/.m2/repository/org/apache/hadoop/hadoop-ozone-s3gateway/0.5.0-SNAPSHOT/hadoop-ozone-s3gateway-0.5.0-SNAPSHOT.jar:/root/.m2/repository/org/jboss/weld/servlet/weld-servlet/2.4.7.Final/weld-servlet-2.4.7.Final.jar:/root/.m2/repository/org/glassfish/jersey/containers/jersey-container-servlet-core/2.27/jersey-container-servlet-core-2.27.jar:/root/.m2/repository/org/glassfish/hk2/external/javax.inject/2.5.0-b42/javax.inject-2.5.0-b42.jar:/root/.m2/repository/org/glassfish/jersey/core/jersey-common/2.27/jersey-common-2.27.jar:/root/.m2/repository/org/glassfish/hk2/osgi-resource-locator/1.0.1/osgi-resource-locator-1.0.1.jar:/root/.m2/repository/javax/ws/rs/javax.ws.rs-api/2.1/javax.ws.rs-api-2.1.jar:/root/.m2/repository/org/glassfish/jersey/ext/cdi/jersey-cdi1x/2.27/jersey-cdi1x-2.27.jar:/root/.m2/repository/org/glassfish/jersey/inject/jersey-hk2/2.27/jersey-hk2-2.27.jar:/root/.m2/repository/org/glassfish/hk2/hk2-locator/2.5.0-b42/hk2-locator-2.5.0-b42.jar:/root/.m2/repository/org/javassist/javassist/3.22.0-CR2/javassist-3.22.0-CR2.jar:/root/.m2/repository/org/glassfish/hk2/hk2-api/2.5.0/hk2-api-2.5.0.jar:/root/.m2/repository/org/glassfish/hk2/external/jakarta.inject/2.5.0/jakarta.inject-2.5.0.jar:/root/.m2/repository/org/glassfish/hk2/hk2-utils/2.5.0/hk2-utils-2.5.0.jar:/root/.m2/repository/jakarta/annotation/jakarta.annotation-api/1.3.4/jakarta.annotation-api-1.3.4.jar:/root/.m2/repository/org/glassfish/hk2/external/aopalliance-repackaged/2.5.0/aopalliance-repackaged-2.5.0.jar:/root/.m2/repository/com/fasterxml/jackson/dataformat/jackson-dataformat-xml/2.9.0/jackson-dataformat-xml-2.9.0.jar:/root/.m2/repository/com/fasterxml/jackson/core/jackson-core/2.9.5/jackson-core-2.9.5.jar:/root/.m2/repository/com/fasterxml/jackson/module/jackson-module-jaxb-annotations/2.9.5/jackson-module-jaxb-annotations-2.9.5.jar:/root/.m2/repository/javax/enterprise/cdi-api/1.2/cdi-api-1.2.jar:/root/.m2/repository/javax/el/javax.el-api/3.0.0/javax.el-api-3.0.0.jar:/root/.m2/repository/javax/interceptor/javax.interceptor-api/1.2/javax.interceptor-api-1.2.jar:/root/.m2/repository/javax/inject/javax.inject/1/javax.inject-1.jar:/root/.m2/repository/com/sun/xml/bind/jaxb-impl/2.3.0.1/jaxb-impl-2.3.0.1.jar:/root/.m2/repository/com/sun/xml/bind/jaxb-core/2.3.0.1/jaxb-core-2.3.0.1.jar:/root/.m2/repository/javax/xml/bind/jaxb-api/2.3.0/jaxb-api-2.3.0.jar:/root/.m2/repository/javax/activation/activation/1.1.1/activation-1.1.1.jar:/root/.m2/repository/org/apache/hadoop/hadoop-ozone-csi/0.5.0-SNAPSHOT/hadoop-ozone-csi-0.5.0-SNAPSHOT.jar:/root/.m2/repository/com/google/protobuf/protobuf-java-util/3.5.1/protobuf-java-util-3.5.1.jar:/root/.m2/repository/org/apache/hadoop/hadoop-hdds-config/0.5.0-SNAPSHOT/hadoop-hdds-config-0.5.0-SNAPSHOT.jar:/root/.m2/repository/com/google/guava/guava/11.0.2/guava-11.0.2.jar:/root/.m2/repository/com/google/protobuf/protobuf-java/2.5.0/protobuf-java-2.5.0.jar:/root/.m2/repository/io/grpc/grpc-netty/1.17.1/grpc-netty-1.17.1.jar:/root/.m2/repository/io/grpc/grpc-core/1.17.1/grpc-core-1.17.1.jar:/root/.m2/repository/io/grpc/grpc-context/1.17.1/grpc-context-1.17.1.jar:/root/.m2/repository/com/google/errorprone/error_prone_annotations/2.2.0/error_prone_annotations-2.2.0.jar:/root/.m2/repository/org/codehaus/mojo/animal-sniffer-annotations/1.17/animal-sniffer-annotations-1.17.jar:/root/.m2/repository/io/opencensus/opencensus-api/0.17.0/opencensus-api-0.17.0.jar:/root/.m2/repository/io/opencensus/opencensus-contrib-grpc-metrics/0.17.0/opencensus-contrib-grpc-metrics-0.17.0.jar:/root/.m2/repository/io/netty/netty-codec-http2/4.1.30.Final/netty-codec-http2-4.1.30.Final.jar:/root/.m2/repository/io/netty/netty-codec-http/4.1.30.Final/netty-codec-http-4.1.30.Final.jar:/root/.m2/repository/io/netty/netty-codec/4.1.30.Final/netty-codec-4.1.30.Final.jar:/root/.m2/repository/io/netty/netty-handler/4.1.30.Final/netty-handler-4.1.30.Final.jar:/root/.m2/repository/io/netty/netty-handler-proxy/4.1.30.Final/netty-handler-proxy-4.1.30.Final.jar:/root/.m2/repository/io/netty/netty-codec-socks/4.1.30.Final/netty-codec-socks-4.1.30.Final.jar:/root/.m2/repository/io/netty/netty-transport-native-epoll/4.1.30.Final/netty-transport-native-epoll-4.1.30.Final.jar:/root/.m2/repository/io/netty/netty-common/4.1.30.Final/netty-common-4.1.30.Final.jar:/root/.m2/repository/io/netty/netty-buffer/4.1.30.Final/netty-buffer-4.1.30.Final.jar:/root/.m2/repository/io/netty/netty-transport/4.1.30.Final/netty-transport-4.1.30.Final.jar:/root/.m2/repository/io/netty/netty-resolver/4.1.30.Final/netty-resolver-4.1.30.Final.jar:/root/.m2/repository/io/netty/netty-transport-native-unix-common/4.1.30.Final/netty-transport-native-unix-common-4.1.30.Final.jar:/root/.m2/repository/io/grpc/grpc-protobuf/1.17.1/grpc-protobuf-1.17.1.jar:/root/.m2/repository/com/google/api/grpc/proto-google-common-protos/1.0.0/proto-google-common-protos-1.0.0.jar:/root/.m2/repository/io/grpc/grpc-protobuf-lite/1.17.1/grpc-protobuf-lite-1.17.1.jar:/root/.m2/repository/io/grpc/grpc-stub/1.17.1/grpc-stub-1.17.1.jar:/root/.m2/repository/org/apache/hadoop/hadoop-ozone-recon/0.5.0-SNAPSHOT/hadoop-ozone-recon-0.5.0-SNAPSHOT.jar:/root/.m2/repository/org/apache/hadoop/hadoop-ozone-reconcodegen/0.5.0-SNAPSHOT/hadoop-ozone-reconcodegen-0.5.0-SNAPSHOT.jar:/root/.m2/repository/com/google/inject/extensions/guice-multibindings/4.0/guice-multibindings-4.0.jar:/root/.m2/repository/com/google/inject/guice/4.0/guice-4.0.jar:/root/.m2/repository/aopalliance/aopalliance/1.0/aopalliance-1.0.jar:/root/.m2/repository/com/google/inject/extensions/guice-servlet/4.0/guice-servlet-4.0.jar:/root/.m2/repository/org/glassfish/jersey/containers/jersey-container-servlet/2.27/jersey-container-servlet-2.27.jar:/root/.m2/repository/org/glassfish/hk2/guice-bridge/2.5.0/guice-bridge-2.5.0.jar:/root/.m2/repository/org/glassfish/jersey/core/jersey-server/2.27/jersey-server-2.27.jar:/root/.m2/repository/org/glassfish/jersey/core/jersey-client/2.27/jersey-client-2.27.jar:/root/.m2/repository/org/glassfish/jersey/media/jersey-media-jaxb/2.27/jersey-media-jaxb-2.27.jar:/root/.m2/repository/javax/validation/validation-api/1.1.0.Final/validation-api-1.1.0.Final.jar:/root/.m2/repository/org/glassfish/jersey/media/jersey-media-json-jackson/2.27/jersey-media-json-jackson-2.27.jar:/root/.m2/repository/org/glassfish/jersey/ext/jersey-entity-filtering/2.27/jersey-entity-filtering-2.27.jar:/root/.m2/repository/com/google/inject/extensions/guice-assistedinject/4.0/guice-assistedinject-4.0.jar:/root/.m2/repository/org/jooq/jooq/3.11.10/jooq-3.11.10.jar:/root/.m2/repository/org/jooq/jooq-meta/3.11.10/jooq-meta-3.11.10.jar:/root/.m2/repository/org/jooq/jooq-codegen/3.11.10/jooq-codegen-3.11.10.jar:/root/.m2/repository/com/jolbox/bonecp/0.8.0.RELEASE/bonecp-0.8.0.RELEASE.jar:/root/.m2/repository/org/xerial/sqlite-jdbc/3.25.2/sqlite-jdbc-3.25.2.jar:/root/.m2/repository/org/springframework/spring-jdbc/5.1.3.RELEASE/spring-jdbc-5.1.3.RELEASE.jar:/root/.m2/repository/org/springframework/spring-beans/5.1.3.RELEASE/spring-beans-5.1.3.RELEASE.jar:/root/.m2/repository/org/springframework/spring-core/5.1.3.RELEASE/spring-core-5.1.3.RELEASE.jar:/root/.m2/repository/org/springframework/spring-jcl/5.1.3.RELEASE/spring-jcl-5.1.3.RELEASE.jar:/root/.m2/repository/org/springframework/spring-tx/5.1.3.RELEASE/spring-tx-5.1.3.RELEASE.jar:/root/.m2/repository/org/apache/hadoop/hadoop-ozone-client/0.5.0-SNAPSHOT/hadoop-ozone-client-0.5.0-SNAPSHOT.jar:/root/.m2/repository/org/apache/hadoop/hadoop-ozone-ozone-manager/0.5.0-SNAPSHOT/hadoop-ozone-ozone-manager-0.5.0-SNAPSHOT-tests.jar:/root/.m2/repository/junit/junit/4.11/junit-4.11.jar:/root/.m2/repository/org/hamcrest/hamcrest-core/1.3/hamcrest-core-1.3.jar:/root/.m2/repository/org/openjdk/jmh/jmh-core/1.19/jmh-core-1.19.jar:/root/.m2/repository/net/sf/jopt-simple/jopt-simple/4.6/jopt-simple-4.6.jar:/root/.m2/repository/org/apache/commons/commons-math3/3.1.1/commons-math3-3.1.1.jar:/root/.m2/repository/org/openjdk/jmh/jmh-generator-annprocess/1.19/jmh-generator-annprocess-1.19.jar:/root/.m2/repository/org/mockito/mockito-all/1.8.5/mockito-all-1.8.5.jar:/root/.m2/repository/org/apache/hadoop/hadoop-kms/3.2.0/hadoop-kms-3.2.0.jar:/root/.m2/repository/org/apache/hadoop/hadoop-auth/3.2.0/hadoop-auth-3.2.0.jar:/root/.m2/repository/com/nimbusds/nimbus-jose-jwt/4.41.1/nimbus-jose-jwt-4.41.1.jar:/root/.m2/repository/com/github/stephenc/jcip/jcip-annotations/1.0-1/jcip-annotations-1.0-1.jar:/root/.m2/repository/net/minidev/json-smart/2.3/json-smart-2.3.jar:/root/.m2/repository/net/minidev/accessors-smart/1.2/accessors-smart-1.2.jar:/root/.m2/repository/org/ow2/asm/asm/5.0.4/asm-5.0.4.jar:/root/.m2/repository/org/apache/curator/curator-framework/2.12.0/curator-framework-2.12.0.jar:/root/.m2/repository/com/sun/jersey/jersey-core/1.19/jersey-core-1.19.jar:/root/.m2/repository/javax/ws/rs/jsr311-api/1.1.1/jsr311-api-1.1.1.jar:/root/.m2/repository/com/sun/jersey/jersey-server/1.19/jersey-server-1.19.jar:/root/.m2/repository/javax/servlet/javax.servlet-api/3.1.0/javax.servlet-api-3.1.0.jar:/root/.m2/repository/org/eclipse/jetty/jetty-server/9.3.24.v20180605/jetty-server-9.3.24.v20180605.jar:/root/.m2/repository/org/eclipse/jetty/jetty-http/9.3.24.v20180605/jetty-http-9.3.24.v20180605.jar:/root/.m2/repository/org/eclipse/jetty/jetty-io/9.3.24.v20180605/jetty-io-9.3.24.v20180605.jar:/root/.m2/repository/org/eclipse/jetty/jetty-webapp/9.3.24.v20180605/jetty-webapp-9.3.24.v20180605.jar:/root/.m2/repository/org/eclipse/jetty/jetty-xml/9.3.24.v20180605/jetty-xml-9.3.24.v20180605.jar:/root/.m2/repository/log4j/log4j/1.2.17/log4j-1.2.17.jar:/root/.m2/repository/org/slf4j/slf4j-api/1.7.25/slf4j-api-1.7.25.jar:/root/.m2/repository/org/slf4j/jul-to-slf4j/1.7.25/jul-to-slf4j-1.7.25.jar:/root/.m2/repository/org/eclipse/jetty/jetty-util/9.3.24.v20180605/jetty-util-9.3.24.v20180605.jar:/root/.m2/repository/io/dropwizard/metrics/metrics-core/3.2.4/metrics-core-3.2.4.jar:/root/.m2/repository/com/fasterxml/jackson/core/jackson-databind/2.9.5/jackson-databind-2.9.5.jar:/root/.m2/repository/org/apache/hadoop/hadoop-kms/3.2.0/hadoop-kms-3.2.0-tests.jar:/root/.m2/repository/org/apache/hadoop/hadoop-hdds-server-scm/0.5.0-SNAPSHOT/hadoop-hdds-server-scm-0.5.0-SNAPSHOT-tests.jar:/root/.m2/repository/org/hamcrest/hamcrest-all/1.3/hamcrest-all-1.3.jar:/root/.m2/repository/info/picocli/picocli/3.9.6/picocli-3.9.6.jar:/root/.m2/repository/org/apache/hadoop/hadoop-hdds-container-service/0.5.0-SNAPSHOT/hadoop-hdds-container-service-0.5.0-SNAPSHOT-tests.jar:/root/.m2/repository/org/yaml/snakeyaml/1.16/snakeyaml-1.16.jar:/root/.m2/repository/org/apache/hadoop/hadoop-common/3.2.0/hadoop-common-3.2.0-tests.jar:/root/.m2/repository/org/apache/hadoop/hadoop-annotations/3.2.0/hadoop-annotations-3.2.0.jar:/usr/lib/jvm/java-1.8-openjdk/jre/../lib/tools.jar:/root/.m2/repository/commons-cli/commons-cli/1.2/commons-cli-1.2.jar:/root/.m2/repository/org/apache/httpcomponents/httpclient/4.5.2/httpclient-4.5.2.jar:/root/.m2/repository/org/apache/httpcomponents/httpcore/4.4.4/httpcore-4.4.4.jar:/root/.m2/repository/commons-codec/commons-codec/1.11/commons-codec-1.11.jar:/root/.m2/repository/commons-net/commons-net/3.6/commons-net-3.6.jar:/root/.m2/repository/commons-collections/commons-collections/3.2.2/commons-collections-3.2.2.jar:/root/.m2/repository/org/eclipse/jetty/jetty-servlet/9.3.24.v20180605/jetty-servlet-9.3.24.v20180605.jar:/root/.m2/repository/org/eclipse/jetty/jetty-security/9.3.24.v20180605/jetty-security-9.3.24.v20180605.jar:/root/.m2/repository/javax/servlet/jsp/jsp-api/2.1/jsp-api-2.1.jar:/root/.m2/repository/com/sun/jersey/jersey-servlet/1.19/jersey-servlet-1.19.jar:/root/.m2/repository/com/sun/jersey/jersey-json/1.19/jersey-json-1.19.jar:/root/.m2/repository/org/codehaus/jettison/jettison/1.1/jettison-1.1.jar:/root/.m2/repository/org/codehaus/jackson/jackson-core-asl/1.9.13/jackson-core-asl-1.9.13.jar:/root/.m2/repository/org/codehaus/jackson/jackson-mapper-asl/1.9.13/jackson-mapper-asl-1.9.13.jar:/root/.m2/repository/org/codehaus/jackson/jackson-jaxrs/1.9.13/jackson-jaxrs-1.9.13.jar:/root/.m2/repository/org/codehaus/jackson/jackson-xc/1.9.13/jackson-xc-1.9.13.jar:/root/.m2/repository/commons-logging/commons-logging/1.1.3/commons-logging-1.1.3.jar:/root/.m2/repository/commons-beanutils/commons-beanutils/1.9.3/commons-beanutils-1.9.3.jar:/root/.m2/repository/org/apache/commons/commons-configuration2/2.1.1/commons-configuration2-2.1.1.jar:/root/.m2/repository/org/apache/commons/commons-lang3/3.7/commons-lang3-3.7.jar:/root/.m2/repository/org/apache/commons/commons-text/1.4/commons-text-1.4.jar:/root/.m2/repository/org/apache/avro/avro/1.7.7/avro-1.7.7.jar:/root/.m2/repository/com/thoughtworks/paranamer/paranamer/2.3/paranamer-2.3.jar:/root/.m2/repository/org/xerial/snappy/snappy-java/1.0.5/snappy-java-1.0.5.jar:/root/.m2/repository/com/google/re2j/re2j/1.1/re2j-1.1.jar:/root/.m2/repository/com/google/code/gson/gson/2.2.4/gson-2.2.4.jar:/root/.m2/repository/com/jcraft/jsch/0.1.54/jsch-0.1.54.jar:/root/.m2/repository/org/apache/curator/curator-client/2.12.0/curator-client-2.12.0.jar:/root/.m2/repository/org/apache/curator/curator-recipes/2.12.0/curator-recipes-2.12.0.jar:/root/.m2/repository/com/google/code/findbugs/jsr305/3.0.0/jsr305-3.0.0.jar:/root/.m2/repository/org/apache/htrace/htrace-core4/4.1.0-incubating/htrace-core4-4.1.0-incubating.jar:/root/.m2/repository/org/apache/zookeeper/zookeeper/3.4.13/zookeeper-3.4.13.jar:/root/.m2/repository/org/apache/yetus/audience-annotations/0.5.0/audience-annotations-0.5.0.jar:/root/.m2/repository/org/codehaus/woodstox/stax2-api/3.1.4/stax2-api-3.1.4.jar:/root/.m2/repository/com/fasterxml/woodstox/woodstox-core/5.0.3/woodstox-core-5.0.3.jar:/root/.m2/repository/dnsjava/dnsjava/2.1.7/dnsjava-2.1.7.jar:/root/.m2/repository/org/apache/hadoop/hadoop-hdfs/3.2.0/hadoop-hdfs-3.2.0-tests.jar:/root/.m2/repository/org/eclipse/jetty/jetty-util-ajax/9.3.24.v20180605/jetty-util-ajax-9.3.24.v20180605.jar:/root/.m2/repository/commons-daemon/commons-daemon/1.0.13/commons-daemon-1.0.13.jar:/root/.m2/repository/io/netty/netty/3.10.5.Final/netty-3.10.5.Final.jar:/root/.m2/repository/io/netty/netty-all/4.0.52.Final/netty-all-4.0.52.Final.jar:/root/.m2/repository/org/fusesource/leveldbjni/leveldbjni-all/1.8/leveldbjni-all-1.8.jar:"/>
    <property name="java.vm.vendor" value="IcedTea"/>
    <property name="sun.arch.data.model" value="64"/>
    <property name="test.build.dir" value="/opt/src/hadoop-ozone/integration-test/target/test-dir"/>
    <property name="test.cache.data" value=""/>
    <property name="java.vendor.url" value="https://icedtea.classpath.org"/>
    <property name="user.timezone" value=""/>
    <property name="java.vm.specification.version" value="1.8"/>
    <property name="os.name" value="Linux"/>
    <property name="test.build.data" value="/opt/src/hadoop-ozone/integration-test/target/test-dir"/>
    <property name="user.country" value="US"/>
    <property name="sun.java.launcher" value="SUN_STANDARD"/>
    <property name="sun.boot.library.path" value="/usr/lib/jvm/java-1.8-openjdk/jre/lib/amd64"/>
    <property name="sun.java.command" value="/opt/src/hadoop-ozone/integration-test/target/surefire/surefirebooter6277231201877449677.jar /opt/src/hadoop-ozone/integration-test/target/surefire 2019-06-12T16-39-10_024-jvmRun1 surefire250856565077812522tmp surefire_87026949133705558380tmp"/>
    <property name="surefire.test.class.path" value="/opt/src/hadoop-ozone/integration-test/target/test-classes:/opt/src/hadoop-ozone/integration-test/target/classes:/root/.m2/repository/org/apache/hadoop/hadoop-ozone-common/0.5.0-SNAPSHOT/hadoop-ozone-common-0.5.0-SNAPSHOT.jar:/root/.m2/repository/org/apache/commons/commons-compress/1.4.1/commons-compress-1.4.1.jar:/root/.m2/repository/org/tukaani/xz/1.0/xz-1.0.jar:/root/.m2/repository/org/apache/hadoop/hadoop-common/3.2.0/hadoop-common-3.2.0.jar:/root/.m2/repository/org/apache/hadoop/hadoop-hdfs/3.2.0/hadoop-hdfs-3.2.0.jar:/root/.m2/repository/org/apache/hadoop/hadoop-hdfs-client/3.2.0/hadoop-hdfs-client-3.2.0.jar:/root/.m2/repository/com/fasterxml/jackson/core/jackson-annotations/2.9.5/jackson-annotations-2.9.5.jar:/root/.m2/repository/org/apache/hadoop/hadoop-hdds-common/0.5.0-SNAPSHOT/hadoop-hdds-common-0.5.0-SNAPSHOT.jar:/root/.m2/repository/javax/annotation/javax.annotation-api/1.2/javax.annotation-api-1.2.jar:/root/.m2/repository/org/apache/ratis/ratis-server/0.4.0-fe2b15d-SNAPSHOT/ratis-server-0.4.0-fe2b15d-SNAPSHOT.jar:/root/.m2/repository/org/apache/ratis/ratis-thirdparty-misc/0.2.0/ratis-thirdparty-misc-0.2.0.jar:/root/.m2/repository/org/apache/ratis/ratis-proto/0.4.0-fe2b15d-SNAPSHOT/ratis-proto-0.4.0-fe2b15d-SNAPSHOT.jar:/root/.m2/repository/org/apache/ratis/ratis-common/0.4.0-fe2b15d-SNAPSHOT/ratis-common-0.4.0-fe2b15d-SNAPSHOT.jar:/root/.m2/repository/org/apache/ratis/ratis-client/0.4.0-fe2b15d-SNAPSHOT/ratis-client-0.4.0-fe2b15d-SNAPSHOT.jar:/root/.m2/repository/org/apache/ratis/ratis-netty/0.4.0-fe2b15d-SNAPSHOT/ratis-netty-0.4.0-fe2b15d-SNAPSHOT.jar:/root/.m2/repository/org/apache/ratis/ratis-grpc/0.4.0-fe2b15d-SNAPSHOT/ratis-grpc-0.4.0-fe2b15d-SNAPSHOT.jar:/root/.m2/repository/org/rocksdb/rocksdbjni/5.14.2/rocksdbjni-5.14.2.jar:/root/.m2/repository/org/apache/logging/log4j/log4j-api/2.11.0/log4j-api-2.11.0.jar:/root/.m2/repository/org/apache/logging/log4j/log4j-core/2.11.0/log4j-core-2.11.0.jar:/root/.m2/repository/com/lmax/disruptor/3.4.2/disruptor-3.4.2.jar:/root/.m2/repository/org/apache/commons/commons-pool2/2.6.0/commons-pool2-2.6.0.jar:/root/.m2/repository/org/bouncycastle/bcpkix-jdk15on/1.60/bcpkix-jdk15on-1.60.jar:/root/.m2/repository/commons-validator/commons-validator/1.6/commons-validator-1.6.jar:/root/.m2/repository/commons-digester/commons-digester/1.8.1/commons-digester-1.8.1.jar:/root/.m2/repository/io/jaegertracing/jaeger-client/0.33.1/jaeger-client-0.33.1.jar:/root/.m2/repository/io/jaegertracing/jaeger-thrift/0.33.1/jaeger-thrift-0.33.1.jar:/root/.m2/repository/org/apache/thrift/libthrift/0.11.0/libthrift-0.11.0.jar:/root/.m2/repository/com/squareup/okhttp3/okhttp/3.9.0/okhttp-3.9.0.jar:/root/.m2/repository/com/squareup/okio/okio/1.13.0/okio-1.13.0.jar:/root/.m2/repository/io/jaegertracing/jaeger-core/0.33.1/jaeger-core-0.33.1.jar:/root/.m2/repository/io/jaegertracing/jaeger-tracerresolver/0.33.1/jaeger-tracerresolver-0.33.1.jar:/root/.m2/repository/io/opentracing/contrib/opentracing-tracerresolver/0.1.5/opentracing-tracerresolver-0.1.5.jar:/root/.m2/repository/io/opentracing/opentracing-util/0.31.0/opentracing-util-0.31.0.jar:/root/.m2/repository/io/opentracing/opentracing-api/0.31.0/opentracing-api-0.31.0.jar:/root/.m2/repository/io/opentracing/opentracing-noop/0.31.0/opentracing-noop-0.31.0.jar:/root/.m2/repository/org/apache/hadoop/hadoop-hdds-server-framework/0.5.0-SNAPSHOT/hadoop-hdds-server-framework-0.5.0-SNAPSHOT.jar:/root/.m2/repository/org/apache/hadoop/hadoop-hdds-server-scm/0.5.0-SNAPSHOT/hadoop-hdds-server-scm-0.5.0-SNAPSHOT.jar:/root/.m2/repository/org/apache/hadoop/hadoop-hdds-container-service/0.5.0-SNAPSHOT/hadoop-hdds-container-service-0.5.0-SNAPSHOT.jar:/root/.m2/repository/org/apache/hadoop/hadoop-hdds-client/0.5.0-SNAPSHOT/hadoop-hdds-client-0.5.0-SNAPSHOT.jar:/root/.m2/repository/org/apache/hadoop/hadoop-hdds-tools/0.5.0-SNAPSHOT/hadoop-hdds-tools-0.5.0-SNAPSHOT.jar:/root/.m2/repository/org/apache/hadoop/hadoop-ozone-ozone-manager/0.5.0-SNAPSHOT/hadoop-ozone-ozone-manager-0.5.0-SNAPSHOT.jar:/root/.m2/repository/org/apache/hadoop/hadoop-hdds-docs/0.5.0-SNAPSHOT/hadoop-hdds-docs-0.5.0-SNAPSHOT.jar:/root/.m2/repository/org/bouncycastle/bcprov-jdk15on/1.60/bcprov-jdk15on-1.60.jar:/root/.m2/repository/org/apache/hadoop/hadoop-minikdc/3.2.0/hadoop-minikdc-3.2.0.jar:/root/.m2/repository/commons-io/commons-io/2.5/commons-io-2.5.jar:/root/.m2/repository/org/apache/kerby/kerb-simplekdc/1.0.1/kerb-simplekdc-1.0.1.jar:/root/.m2/repository/org/apache/kerby/kerb-client/1.0.1/kerb-client-1.0.1.jar:/root/.m2/repository/org/apache/kerby/kerby-config/1.0.1/kerby-config-1.0.1.jar:/root/.m2/repository/org/apache/kerby/kerb-core/1.0.1/kerb-core-1.0.1.jar:/root/.m2/repository/org/apache/kerby/kerby-pkix/1.0.1/kerby-pkix-1.0.1.jar:/root/.m2/repository/org/apache/kerby/kerby-asn1/1.0.1/kerby-asn1-1.0.1.jar:/root/.m2/repository/org/apache/kerby/kerby-util/1.0.1/kerby-util-1.0.1.jar:/root/.m2/repository/org/apache/kerby/kerb-common/1.0.1/kerb-common-1.0.1.jar:/root/.m2/repository/org/apache/kerby/kerb-crypto/1.0.1/kerb-crypto-1.0.1.jar:/root/.m2/repository/org/apache/kerby/kerb-util/1.0.1/kerb-util-1.0.1.jar:/root/.m2/repository/org/apache/kerby/token-provider/1.0.1/token-provider-1.0.1.jar:/root/.m2/repository/org/apache/kerby/kerb-admin/1.0.1/kerb-admin-1.0.1.jar:/root/.m2/repository/org/apache/kerby/kerb-server/1.0.1/kerb-server-1.0.1.jar:/root/.m2/repository/org/apache/kerby/kerb-identity/1.0.1/kerb-identity-1.0.1.jar:/root/.m2/repository/org/apache/kerby/kerby-xdr/1.0.1/kerby-xdr-1.0.1.jar:/root/.m2/repository/org/slf4j/slf4j-log4j12/1.7.25/slf4j-log4j12-1.7.25.jar:/root/.m2/repository/org/apache/hadoop/hadoop-ozone-objectstore-service/0.5.0-SNAPSHOT/hadoop-ozone-objectstore-service-0.5.0-SNAPSHOT.jar:/root/.m2/repository/org/apache/hadoop/hadoop-ozone-s3gateway/0.5.0-SNAPSHOT/hadoop-ozone-s3gateway-0.5.0-SNAPSHOT.jar:/root/.m2/repository/org/jboss/weld/servlet/weld-servlet/2.4.7.Final/weld-servlet-2.4.7.Final.jar:/root/.m2/repository/org/glassfish/jersey/containers/jersey-container-servlet-core/2.27/jersey-container-servlet-core-2.27.jar:/root/.m2/repository/org/glassfish/hk2/external/javax.inject/2.5.0-b42/javax.inject-2.5.0-b42.jar:/root/.m2/repository/org/glassfish/jersey/core/jersey-common/2.27/jersey-common-2.27.jar:/root/.m2/repository/org/glassfish/hk2/osgi-resource-locator/1.0.1/osgi-resource-locator-1.0.1.jar:/root/.m2/repository/javax/ws/rs/javax.ws.rs-api/2.1/javax.ws.rs-api-2.1.jar:/root/.m2/repository/org/glassfish/jersey/ext/cdi/jersey-cdi1x/2.27/jersey-cdi1x-2.27.jar:/root/.m2/repository/org/glassfish/jersey/inject/jersey-hk2/2.27/jersey-hk2-2.27.jar:/root/.m2/repository/org/glassfish/hk2/hk2-locator/2.5.0-b42/hk2-locator-2.5.0-b42.jar:/root/.m2/repository/org/javassist/javassist/3.22.0-CR2/javassist-3.22.0-CR2.jar:/root/.m2/repository/org/glassfish/hk2/hk2-api/2.5.0/hk2-api-2.5.0.jar:/root/.m2/repository/org/glassfish/hk2/external/jakarta.inject/2.5.0/jakarta.inject-2.5.0.jar:/root/.m2/repository/org/glassfish/hk2/hk2-utils/2.5.0/hk2-utils-2.5.0.jar:/root/.m2/repository/jakarta/annotation/jakarta.annotation-api/1.3.4/jakarta.annotation-api-1.3.4.jar:/root/.m2/repository/org/glassfish/hk2/external/aopalliance-repackaged/2.5.0/aopalliance-repackaged-2.5.0.jar:/root/.m2/repository/com/fasterxml/jackson/dataformat/jackson-dataformat-xml/2.9.0/jackson-dataformat-xml-2.9.0.jar:/root/.m2/repository/com/fasterxml/jackson/core/jackson-core/2.9.5/jackson-core-2.9.5.jar:/root/.m2/repository/com/fasterxml/jackson/module/jackson-module-jaxb-annotations/2.9.5/jackson-module-jaxb-annotations-2.9.5.jar:/root/.m2/repository/javax/enterprise/cdi-api/1.2/cdi-api-1.2.jar:/root/.m2/repository/javax/el/javax.el-api/3.0.0/javax.el-api-3.0.0.jar:/root/.m2/repository/javax/interceptor/javax.interceptor-api/1.2/javax.interceptor-api-1.2.jar:/root/.m2/repository/javax/inject/javax.inject/1/javax.inject-1.jar:/root/.m2/repository/com/sun/xml/bind/jaxb-impl/2.3.0.1/jaxb-impl-2.3.0.1.jar:/root/.m2/repository/com/sun/xml/bind/jaxb-core/2.3.0.1/jaxb-core-2.3.0.1.jar:/root/.m2/repository/javax/xml/bind/jaxb-api/2.3.0/jaxb-api-2.3.0.jar:/root/.m2/repository/javax/activation/activation/1.1.1/activation-1.1.1.jar:/root/.m2/repository/org/apache/hadoop/hadoop-ozone-csi/0.5.0-SNAPSHOT/hadoop-ozone-csi-0.5.0-SNAPSHOT.jar:/root/.m2/repository/com/google/protobuf/protobuf-java-util/3.5.1/protobuf-java-util-3.5.1.jar:/root/.m2/repository/org/apache/hadoop/hadoop-hdds-config/0.5.0-SNAPSHOT/hadoop-hdds-config-0.5.0-SNAPSHOT.jar:/root/.m2/repository/com/google/guava/guava/11.0.2/guava-11.0.2.jar:/root/.m2/repository/com/google/protobuf/protobuf-java/2.5.0/protobuf-java-2.5.0.jar:/root/.m2/repository/io/grpc/grpc-netty/1.17.1/grpc-netty-1.17.1.jar:/root/.m2/repository/io/grpc/grpc-core/1.17.1/grpc-core-1.17.1.jar:/root/.m2/repository/io/grpc/grpc-context/1.17.1/grpc-context-1.17.1.jar:/root/.m2/repository/com/google/errorprone/error_prone_annotations/2.2.0/error_prone_annotations-2.2.0.jar:/root/.m2/repository/org/codehaus/mojo/animal-sniffer-annotations/1.17/animal-sniffer-annotations-1.17.jar:/root/.m2/repository/io/opencensus/opencensus-api/0.17.0/opencensus-api-0.17.0.jar:/root/.m2/repository/io/opencensus/opencensus-contrib-grpc-metrics/0.17.0/opencensus-contrib-grpc-metrics-0.17.0.jar:/root/.m2/repository/io/netty/netty-codec-http2/4.1.30.Final/netty-codec-http2-4.1.30.Final.jar:/root/.m2/repository/io/netty/netty-codec-http/4.1.30.Final/netty-codec-http-4.1.30.Final.jar:/root/.m2/repository/io/netty/netty-codec/4.1.30.Final/netty-codec-4.1.30.Final.jar:/root/.m2/repository/io/netty/netty-handler/4.1.30.Final/netty-handler-4.1.30.Final.jar:/root/.m2/repository/io/netty/netty-handler-proxy/4.1.30.Final/netty-handler-proxy-4.1.30.Final.jar:/root/.m2/repository/io/netty/netty-codec-socks/4.1.30.Final/netty-codec-socks-4.1.30.Final.jar:/root/.m2/repository/io/netty/netty-transport-native-epoll/4.1.30.Final/netty-transport-native-epoll-4.1.30.Final.jar:/root/.m2/repository/io/netty/netty-common/4.1.30.Final/netty-common-4.1.30.Final.jar:/root/.m2/repository/io/netty/netty-buffer/4.1.30.Final/netty-buffer-4.1.30.Final.jar:/root/.m2/repository/io/netty/netty-transport/4.1.30.Final/netty-transport-4.1.30.Final.jar:/root/.m2/repository/io/netty/netty-resolver/4.1.30.Final/netty-resolver-4.1.30.Final.jar:/root/.m2/repository/io/netty/netty-transport-native-unix-common/4.1.30.Final/netty-transport-native-unix-common-4.1.30.Final.jar:/root/.m2/repository/io/grpc/grpc-protobuf/1.17.1/grpc-protobuf-1.17.1.jar:/root/.m2/repository/com/google/api/grpc/proto-google-common-protos/1.0.0/proto-google-common-protos-1.0.0.jar:/root/.m2/repository/io/grpc/grpc-protobuf-lite/1.17.1/grpc-protobuf-lite-1.17.1.jar:/root/.m2/repository/io/grpc/grpc-stub/1.17.1/grpc-stub-1.17.1.jar:/root/.m2/repository/org/apache/hadoop/hadoop-ozone-recon/0.5.0-SNAPSHOT/hadoop-ozone-recon-0.5.0-SNAPSHOT.jar:/root/.m2/repository/org/apache/hadoop/hadoop-ozone-reconcodegen/0.5.0-SNAPSHOT/hadoop-ozone-reconcodegen-0.5.0-SNAPSHOT.jar:/root/.m2/repository/com/google/inject/extensions/guice-multibindings/4.0/guice-multibindings-4.0.jar:/root/.m2/repository/com/google/inject/guice/4.0/guice-4.0.jar:/root/.m2/repository/aopalliance/aopalliance/1.0/aopalliance-1.0.jar:/root/.m2/repository/com/google/inject/extensions/guice-servlet/4.0/guice-servlet-4.0.jar:/root/.m2/repository/org/glassfish/jersey/containers/jersey-container-servlet/2.27/jersey-container-servlet-2.27.jar:/root/.m2/repository/org/glassfish/hk2/guice-bridge/2.5.0/guice-bridge-2.5.0.jar:/root/.m2/repository/org/glassfish/jersey/core/jersey-server/2.27/jersey-server-2.27.jar:/root/.m2/repository/org/glassfish/jersey/core/jersey-client/2.27/jersey-client-2.27.jar:/root/.m2/repository/org/glassfish/jersey/media/jersey-media-jaxb/2.27/jersey-media-jaxb-2.27.jar:/root/.m2/repository/javax/validation/validation-api/1.1.0.Final/validation-api-1.1.0.Final.jar:/root/.m2/repository/org/glassfish/jersey/media/jersey-media-json-jackson/2.27/jersey-media-json-jackson-2.27.jar:/root/.m2/repository/org/glassfish/jersey/ext/jersey-entity-filtering/2.27/jersey-entity-filtering-2.27.jar:/root/.m2/repository/com/google/inject/extensions/guice-assistedinject/4.0/guice-assistedinject-4.0.jar:/root/.m2/repository/org/jooq/jooq/3.11.10/jooq-3.11.10.jar:/root/.m2/repository/org/jooq/jooq-meta/3.11.10/jooq-meta-3.11.10.jar:/root/.m2/repository/org/jooq/jooq-codegen/3.11.10/jooq-codegen-3.11.10.jar:/root/.m2/repository/com/jolbox/bonecp/0.8.0.RELEASE/bonecp-0.8.0.RELEASE.jar:/root/.m2/repository/org/xerial/sqlite-jdbc/3.25.2/sqlite-jdbc-3.25.2.jar:/root/.m2/repository/org/springframework/spring-jdbc/5.1.3.RELEASE/spring-jdbc-5.1.3.RELEASE.jar:/root/.m2/repository/org/springframework/spring-beans/5.1.3.RELEASE/spring-beans-5.1.3.RELEASE.jar:/root/.m2/repository/org/springframework/spring-core/5.1.3.RELEASE/spring-core-5.1.3.RELEASE.jar:/root/.m2/repository/org/springframework/spring-jcl/5.1.3.RELEASE/spring-jcl-5.1.3.RELEASE.jar:/root/.m2/repository/org/springframework/spring-tx/5.1.3.RELEASE/spring-tx-5.1.3.RELEASE.jar:/root/.m2/repository/org/apache/hadoop/hadoop-ozone-client/0.5.0-SNAPSHOT/hadoop-ozone-client-0.5.0-SNAPSHOT.jar:/root/.m2/repository/org/apache/hadoop/hadoop-ozone-ozone-manager/0.5.0-SNAPSHOT/hadoop-ozone-ozone-manager-0.5.0-SNAPSHOT-tests.jar:/root/.m2/repository/junit/junit/4.11/junit-4.11.jar:/root/.m2/repository/org/hamcrest/hamcrest-core/1.3/hamcrest-core-1.3.jar:/root/.m2/repository/org/openjdk/jmh/jmh-core/1.19/jmh-core-1.19.jar:/root/.m2/repository/net/sf/jopt-simple/jopt-simple/4.6/jopt-simple-4.6.jar:/root/.m2/repository/org/apache/commons/commons-math3/3.1.1/commons-math3-3.1.1.jar:/root/.m2/repository/org/openjdk/jmh/jmh-generator-annprocess/1.19/jmh-generator-annprocess-1.19.jar:/root/.m2/repository/org/mockito/mockito-all/1.8.5/mockito-all-1.8.5.jar:/root/.m2/repository/org/apache/hadoop/hadoop-kms/3.2.0/hadoop-kms-3.2.0.jar:/root/.m2/repository/org/apache/hadoop/hadoop-auth/3.2.0/hadoop-auth-3.2.0.jar:/root/.m2/repository/com/nimbusds/nimbus-jose-jwt/4.41.1/nimbus-jose-jwt-4.41.1.jar:/root/.m2/repository/com/github/stephenc/jcip/jcip-annotations/1.0-1/jcip-annotations-1.0-1.jar:/root/.m2/repository/net/minidev/json-smart/2.3/json-smart-2.3.jar:/root/.m2/repository/net/minidev/accessors-smart/1.2/accessors-smart-1.2.jar:/root/.m2/repository/org/ow2/asm/asm/5.0.4/asm-5.0.4.jar:/root/.m2/repository/org/apache/curator/curator-framework/2.12.0/curator-framework-2.12.0.jar:/root/.m2/repository/com/sun/jersey/jersey-core/1.19/jersey-core-1.19.jar:/root/.m2/repository/javax/ws/rs/jsr311-api/1.1.1/jsr311-api-1.1.1.jar:/root/.m2/repository/com/sun/jersey/jersey-server/1.19/jersey-server-1.19.jar:/root/.m2/repository/javax/servlet/javax.servlet-api/3.1.0/javax.servlet-api-3.1.0.jar:/root/.m2/repository/org/eclipse/jetty/jetty-server/9.3.24.v20180605/jetty-server-9.3.24.v20180605.jar:/root/.m2/repository/org/eclipse/jetty/jetty-http/9.3.24.v20180605/jetty-http-9.3.24.v20180605.jar:/root/.m2/repository/org/eclipse/jetty/jetty-io/9.3.24.v20180605/jetty-io-9.3.24.v20180605.jar:/root/.m2/repository/org/eclipse/jetty/jetty-webapp/9.3.24.v20180605/jetty-webapp-9.3.24.v20180605.jar:/root/.m2/repository/org/eclipse/jetty/jetty-xml/9.3.24.v20180605/jetty-xml-9.3.24.v20180605.jar:/root/.m2/repository/log4j/log4j/1.2.17/log4j-1.2.17.jar:/root/.m2/repository/org/slf4j/slf4j-api/1.7.25/slf4j-api-1.7.25.jar:/root/.m2/repository/org/slf4j/jul-to-slf4j/1.7.25/jul-to-slf4j-1.7.25.jar:/root/.m2/repository/org/eclipse/jetty/jetty-util/9.3.24.v20180605/jetty-util-9.3.24.v20180605.jar:/root/.m2/repository/io/dropwizard/metrics/metrics-core/3.2.4/metrics-core-3.2.4.jar:/root/.m2/repository/com/fasterxml/jackson/core/jackson-databind/2.9.5/jackson-databind-2.9.5.jar:/root/.m2/repository/org/apache/hadoop/hadoop-kms/3.2.0/hadoop-kms-3.2.0-tests.jar:/root/.m2/repository/org/apache/hadoop/hadoop-hdds-server-scm/0.5.0-SNAPSHOT/hadoop-hdds-server-scm-0.5.0-SNAPSHOT-tests.jar:/root/.m2/repository/org/hamcrest/hamcrest-all/1.3/hamcrest-all-1.3.jar:/root/.m2/repository/info/picocli/picocli/3.9.6/picocli-3.9.6.jar:/root/.m2/repository/org/apache/hadoop/hadoop-hdds-container-service/0.5.0-SNAPSHOT/hadoop-hdds-container-service-0.5.0-SNAPSHOT-tests.jar:/root/.m2/repository/org/yaml/snakeyaml/1.16/snakeyaml-1.16.jar:/root/.m2/repository/org/apache/hadoop/hadoop-common/3.2.0/hadoop-common-3.2.0-tests.jar:/root/.m2/repository/org/apache/hadoop/hadoop-annotations/3.2.0/hadoop-annotations-3.2.0.jar:/usr/lib/jvm/java-1.8-openjdk/jre/../lib/tools.jar:/root/.m2/repository/commons-cli/commons-cli/1.2/commons-cli-1.2.jar:/root/.m2/repository/org/apache/httpcomponents/httpclient/4.5.2/httpclient-4.5.2.jar:/root/.m2/repository/org/apache/httpcomponents/httpcore/4.4.4/httpcore-4.4.4.jar:/root/.m2/repository/commons-codec/commons-codec/1.11/commons-codec-1.11.jar:/root/.m2/repository/commons-net/commons-net/3.6/commons-net-3.6.jar:/root/.m2/repository/commons-collections/commons-collections/3.2.2/commons-collections-3.2.2.jar:/root/.m2/repository/org/eclipse/jetty/jetty-servlet/9.3.24.v20180605/jetty-servlet-9.3.24.v20180605.jar:/root/.m2/repository/org/eclipse/jetty/jetty-security/9.3.24.v20180605/jetty-security-9.3.24.v20180605.jar:/root/.m2/repository/javax/servlet/jsp/jsp-api/2.1/jsp-api-2.1.jar:/root/.m2/repository/com/sun/jersey/jersey-servlet/1.19/jersey-servlet-1.19.jar:/root/.m2/repository/com/sun/jersey/jersey-json/1.19/jersey-json-1.19.jar:/root/.m2/repository/org/codehaus/jettison/jettison/1.1/jettison-1.1.jar:/root/.m2/repository/org/codehaus/jackson/jackson-core-asl/1.9.13/jackson-core-asl-1.9.13.jar:/root/.m2/repository/org/codehaus/jackson/jackson-mapper-asl/1.9.13/jackson-mapper-asl-1.9.13.jar:/root/.m2/repository/org/codehaus/jackson/jackson-jaxrs/1.9.13/jackson-jaxrs-1.9.13.jar:/root/.m2/repository/org/codehaus/jackson/jackson-xc/1.9.13/jackson-xc-1.9.13.jar:/root/.m2/repository/commons-logging/commons-logging/1.1.3/commons-logging-1.1.3.jar:/root/.m2/repository/commons-beanutils/commons-beanutils/1.9.3/commons-beanutils-1.9.3.jar:/root/.m2/repository/org/apache/commons/commons-configuration2/2.1.1/commons-configuration2-2.1.1.jar:/root/.m2/repository/org/apache/commons/commons-lang3/3.7/commons-lang3-3.7.jar:/root/.m2/repository/org/apache/commons/commons-text/1.4/commons-text-1.4.jar:/root/.m2/repository/org/apache/avro/avro/1.7.7/avro-1.7.7.jar:/root/.m2/repository/com/thoughtworks/paranamer/paranamer/2.3/paranamer-2.3.jar:/root/.m2/repository/org/xerial/snappy/snappy-java/1.0.5/snappy-java-1.0.5.jar:/root/.m2/repository/com/google/re2j/re2j/1.1/re2j-1.1.jar:/root/.m2/repository/com/google/code/gson/gson/2.2.4/gson-2.2.4.jar:/root/.m2/repository/com/jcraft/jsch/0.1.54/jsch-0.1.54.jar:/root/.m2/repository/org/apache/curator/curator-client/2.12.0/curator-client-2.12.0.jar:/root/.m2/repository/org/apache/curator/curator-recipes/2.12.0/curator-recipes-2.12.0.jar:/root/.m2/repository/com/google/code/findbugs/jsr305/3.0.0/jsr305-3.0.0.jar:/root/.m2/repository/org/apache/htrace/htrace-core4/4.1.0-incubating/htrace-core4-4.1.0-incubating.jar:/root/.m2/repository/org/apache/zookeeper/zookeeper/3.4.13/zookeeper-3.4.13.jar:/root/.m2/repository/org/apache/yetus/audience-annotations/0.5.0/audience-annotations-0.5.0.jar:/root/.m2/repository/org/codehaus/woodstox/stax2-api/3.1.4/stax2-api-3.1.4.jar:/root/.m2/repository/com/fasterxml/woodstox/woodstox-core/5.0.3/woodstox-core-5.0.3.jar:/root/.m2/repository/dnsjava/dnsjava/2.1.7/dnsjava-2.1.7.jar:/root/.m2/repository/org/apache/hadoop/hadoop-hdfs/3.2.0/hadoop-hdfs-3.2.0-tests.jar:/root/.m2/repository/org/eclipse/jetty/jetty-util-ajax/9.3.24.v20180605/jetty-util-ajax-9.3.24.v20180605.jar:/root/.m2/repository/commons-daemon/commons-daemon/1.0.13/commons-daemon-1.0.13.jar:/root/.m2/repository/io/netty/netty/3.10.5.Final/netty-3.10.5.Final.jar:/root/.m2/repository/io/netty/netty-all/4.0.52.Final/netty-all-4.0.52.Final.jar:/root/.m2/repository/org/fusesource/leveldbjni/leveldbjni-all/1.8/leveldbjni-all-1.8.jar:"/>
    <property name="sun.cpu.endian" value="little"/>
    <property name="user.home" value="/root"/>
    <property name="user.language" value="en"/>
    <property name="java.specification.vendor" value="Oracle Corporation"/>
    <property name="java.home" value="/usr/lib/jvm/java-1.8-openjdk/jre"/>
    <property name="java.security.krb5.conf" value="/opt/src/hadoop-ozone/integration-test/target/test-classes/krb5.conf"/>
    <property name="basedir" value="/opt/src/hadoop-ozone/integration-test"/>
    <property name="file.separator" value="/"/>
    <property name="line.separator" value="&#10;"/>
    <property name="java.vm.specification.vendor" value="Oracle Corporation"/>
    <property name="java.specification.name" value="Java Platform API Specification"/>
    <property name="java.awt.graphicsenv" value="sun.awt.X11GraphicsEnvironment"/>
    <property name="surefire.real.class.path" value="/opt/src/hadoop-ozone/integration-test/target/surefire/surefirebooter6277231201877449677.jar"/>
    <property name="hadoop.log.dir" value="/opt/src/hadoop-ozone/integration-test/target/log"/>
    <property name="sun.boot.class.path" value="/usr/lib/jvm/java-1.8-openjdk/jre/lib/resources.jar:/usr/lib/jvm/java-1.8-openjdk/jre/lib/rt.jar:/usr/lib/jvm/java-1.8-openjdk/jre/lib/sunrsasign.jar:/usr/lib/jvm/java-1.8-openjdk/jre/lib/jsse.jar:/usr/lib/jvm/java-1.8-openjdk/jre/lib/jce.jar:/usr/lib/jvm/java-1.8-openjdk/jre/lib/charsets.jar:/usr/lib/jvm/java-1.8-openjdk/jre/lib/jfr.jar:/usr/lib/jvm/java-1.8-openjdk/jre/classes"/>
    <property name="sun.management.compiler" value="HotSpot 64-Bit Tiered Compilers"/>
    <property name="java.runtime.version" value="1.8.0_212-b04"/>
    <property name="java.net.preferIPv4Stack" value="true"/>
    <property name="user.name" value="root"/>
    <property name="path.separator" value=":"/>
    <property name="java.security.egd" value="file:///dev/urandom"/>
    <property name="os.version" value="4.15.0-1021-aws"/>
    <property name="java.endorsed.dirs" value="/usr/lib/jvm/java-1.8-openjdk/jre/lib/endorsed"/>
    <property name="java.runtime.name" value="OpenJDK Runtime Environment"/>
    <property name="file.encoding" value="UTF-8"/>
    <property name="java.vm.name" value="OpenJDK 64-Bit Server VM"/>
    <property name="test.build.webapps" value=""/>
    <property name="localRepository" value="/root/.m2/repository"/>
    <property name="java.vendor.url.bug" value="https://icedtea.classpath.org/bugzilla"/>
    <property name="java.io.tmpdir" value="/tmp"/>
    <property name="require.test.libhadoop" value=""/>
    <property name="java.version" value="1.8.0_212"/>
    <property name="user.dir" value="/opt/src/hadoop-ozone/integration-test"/>
    <property name="os.arch" value="amd64"/>
    <property name="java.vm.specification.name" value="Java Virtual Machine Specification"/>
    <property name="test.build.classes" value="/opt/src/hadoop-ozone/integration-test/target/test-classes"/>
    <property name="java.awt.printerjob" value="sun.print.PSPrinterJob"/>
    <property name="sun.os.patch.level" value="unknown"/>
    <property name="hadoop.tmp.dir" value="/opt/src/hadoop-ozone/integration-test/target/tmp"/>
    <property name="java.library.path" value="/usr/lib/jvm/java-1.8-openjdk/jre/lib/amd64/server:/usr/lib/jvm/java-1.8-openjdk/jre/lib/amd64:/usr/lib/jvm/java-1.8-openjdk/jre/../lib/amd64:/opt/src/hadoop-ozone/integration-test/target/native/target/usr/local/lib:/opt/src/hadoop-ozone/integration-test/../../hadoop-common-project/hadoop-common/target/native/target/usr/local/lib:/usr/java/packages/lib/amd64:/usr/lib64:/lib64:/lib:/usr/lib"/>
    <property name="java.vm.info" value="mixed mode"/>
    <property name="java.vendor" value="IcedTea"/>
    <property name="java.vm.version" value="25.212-b04"/>
    <property name="java.ext.dirs" value="/usr/lib/jvm/java-1.8-openjdk/jre/lib/ext:/usr/java/packages/lib/ext"/>
    <property name="sun.io.unicode.encoding" value="UnicodeLittle"/>
    <property name="java.class.version" value="52.0"/>
  </properties>
  <testcase name="testPipelineFail" classname="org.apache.hadoop.hdds.scm.pipeline.TestNodeFailure" time="0">
    <skipped/>
    <system-out><![CDATA[2019-06-12 16:43:07,249 WARN  server.ServerUtils (ServerUtils.java:getScmDbDir(145)) - ozone.scm.db.dirs is not configured. We recommend adding this setting. Falling back to ozone.metadata.dirs instead.
2019-06-12 16:43:07,323 WARN  server.ServerUtils (ServerUtils.java:getScmDbDir(145)) - ozone.scm.db.dirs is not configured. We recommend adding this setting. Falling back to ozone.metadata.dirs instead.
2019-06-12 16:43:07,326 WARN  server.ServerUtils (ServerUtils.java:getScmDbDir(145)) - ozone.scm.db.dirs is not configured. We recommend adding this setting. Falling back to ozone.metadata.dirs instead.
2019-06-12 16:43:07,340 INFO  util.log (Log.java:initialized(192)) - Logging initialized @667ms
2019-06-12 16:43:07,423 INFO  db.DBStoreBuilder (DBStoreBuilder.java:addTable(110)) - using custom profile for table: deletedBlocks
2019-06-12 16:43:07,423 INFO  db.DBStoreBuilder (DBStoreBuilder.java:processTables(161)) - Using default column profile:DBProfile.DISK for Table:deletedBlocks
2019-06-12 16:43:07,424 INFO  db.DBStoreBuilder (DBStoreBuilder.java:addTable(110)) - using custom profile for table: validCerts
2019-06-12 16:43:07,424 INFO  db.DBStoreBuilder (DBStoreBuilder.java:processTables(161)) - Using default column profile:DBProfile.DISK for Table:validCerts
2019-06-12 16:43:07,424 INFO  db.DBStoreBuilder (DBStoreBuilder.java:addTable(110)) - using custom profile for table: revokedCerts
2019-06-12 16:43:07,424 INFO  db.DBStoreBuilder (DBStoreBuilder.java:processTables(161)) - Using default column profile:DBProfile.DISK for Table:revokedCerts
2019-06-12 16:43:07,434 INFO  db.DBStoreBuilder (DBStoreBuilder.java:addTable(110)) - using custom profile for table: default
2019-06-12 16:43:07,434 INFO  db.DBStoreBuilder (DBStoreBuilder.java:processTables(167)) - Using default column profile:DBProfile.DISK for Table:default
2019-06-12 16:43:07,435 INFO  db.DBStoreBuilder (DBStoreBuilder.java:getDbProfile(198)) - Using default options. DBProfile.DISK
2019-06-12 16:43:07,501 INFO  node.SCMNodeManager (SCMNodeManager.java:<init>(108)) - Entering startup safe mode.
2019-06-12 16:43:07,562 INFO  net.NodeSchemaLoader (NodeSchemaLoader.java:loadSchemaFromFile(125)) - Loading file from sun.misc.CompoundEnumeration@443118b0
2019-06-12 16:43:07,563 INFO  net.NodeSchemaLoader (NodeSchemaLoader.java:loadSchema(171)) - Loading network topology layer schema file
2019-06-12 16:43:07,612 WARN  server.ServerUtils (ServerUtils.java:getScmDbDir(145)) - ozone.scm.db.dirs is not configured. We recommend adding this setting. Falling back to ozone.metadata.dirs instead.
2019-06-12 16:43:07,631 INFO  pipeline.SCMPipelineManager (SCMPipelineManager.java:initializePipelineState(126)) - No pipeline exists in current db
2019-06-12 16:43:07,633 WARN  server.ServerUtils (ServerUtils.java:getScmDbDir(145)) - ozone.scm.db.dirs is not configured. We recommend adding this setting. Falling back to ozone.metadata.dirs instead.
2019-06-12 16:43:07,683 WARN  events.EventQueue (EventQueue.java:fireEvent(175)) - No event handler registered for event TypedEvent{payloadType=SafeModeStatus, name='SafeModeStatus'}
2019-06-12 16:43:07,939 INFO  ipc.CallQueueManager (CallQueueManager.java:<init>(84)) - Using callQueue: class java.util.concurrent.LinkedBlockingQueue, queueCapacity: 2000, scheduler: class org.apache.hadoop.ipc.DefaultRpcScheduler, ipcBackoff: false.
2019-06-12 16:43:07,960 INFO  ipc.Server (Server.java:run(1074)) - Starting Socket Reader #1 for port 43317
2019-06-12 16:43:07,981 INFO  ipc.CallQueueManager (CallQueueManager.java:<init>(84)) - Using callQueue: class java.util.concurrent.LinkedBlockingQueue, queueCapacity: 2000, scheduler: class org.apache.hadoop.ipc.DefaultRpcScheduler, ipcBackoff: false.
2019-06-12 16:43:07,982 INFO  ipc.Server (Server.java:run(1074)) - Starting Socket Reader #1 for port 45281
2019-06-12 16:43:07,989 INFO  ipc.CallQueueManager (CallQueueManager.java:<init>(84)) - Using callQueue: class java.util.concurrent.LinkedBlockingQueue, queueCapacity: 2000, scheduler: class org.apache.hadoop.ipc.DefaultRpcScheduler, ipcBackoff: false.
2019-06-12 16:43:08,016 INFO  ipc.Server (Server.java:run(1074)) - Starting Socket Reader #1 for port 45457
2019-06-12 16:43:08,035 INFO  hdfs.DFSUtil (DFSUtil.java:httpServerTemplateForNNAndJN(1641)) - Starting Web-server for scm at: http://0.0.0.0:0
2019-06-12 16:43:08,159 INFO  server.AuthenticationFilter (AuthenticationFilter.java:constructSecretProvider(240)) - Unable to initialize FileSignerSecretProvider, falling back to use random secrets.
2019-06-12 16:43:08,165 WARN  http.HttpRequestLog (HttpRequestLog.java:getRequestLog(97)) - Jetty request log can only be enabled using Log4j
2019-06-12 16:43:08,170 INFO  http.HttpServer2 (HttpServer2.java:addGlobalFilter(975)) - Added global filter 'safety' (class=org.apache.hadoop.http.HttpServer2$QuotingInputFilter)
2019-06-12 16:43:08,172 INFO  http.HttpServer2 (HttpServer2.java:addFilter(948)) - Added filter static_user_filter (class=org.apache.hadoop.http.lib.StaticUserWebFilter$StaticUserFilter) to context scm
2019-06-12 16:43:08,172 INFO  http.HttpServer2 (HttpServer2.java:addFilter(958)) - Added filter static_user_filter (class=org.apache.hadoop.http.lib.StaticUserWebFilter$StaticUserFilter) to context logs
2019-06-12 16:43:08,173 INFO  http.HttpServer2 (HttpServer2.java:addFilter(958)) - Added filter static_user_filter (class=org.apache.hadoop.http.lib.StaticUserWebFilter$StaticUserFilter) to context static
2019-06-12 16:43:08,195 INFO  server.StorageContainerManager (StorageContainerManager.java:start(752)) - StorageContainerLocationProtocol RPC server is listening at /0.0.0.0:45457
2019-06-12 16:43:08,242 WARN  impl.MetricsConfig (MetricsConfig.java:loadFirst(134)) - Cannot locate configuration: tried hadoop-metrics2-storagecontainermanager.properties,hadoop-metrics2.properties
2019-06-12 16:43:08,251 INFO  impl.MetricsSystemImpl (MetricsSystemImpl.java:startTimer(374)) - Scheduled Metric snapshot period at 10 second(s).
2019-06-12 16:43:08,251 INFO  impl.MetricsSystemImpl (MetricsSystemImpl.java:start(191)) - StorageContainerManager metrics system started
2019-06-12 16:43:08,416 INFO  server.SCMClientProtocolServer (SCMClientProtocolServer.java:start(149)) - RPC server for Client  is listening at /0.0.0.0:45457
2019-06-12 16:43:08,417 INFO  ipc.Server (Server.java:run(1314)) - IPC Server Responder: starting
2019-06-12 16:43:08,417 INFO  ipc.Server (Server.java:run(1153)) - IPC Server listener on 45457: starting
2019-06-12 16:43:08,421 INFO  server.StorageContainerManager (StorageContainerManager.java:start(761)) - ScmBlockLocationProtocol RPC server is listening at /0.0.0.0:45281
2019-06-12 16:43:08,421 INFO  server.SCMBlockProtocolServer (SCMBlockProtocolServer.java:start(137)) - RPC server for Block Protocol is listening at /0.0.0.0:45281
2019-06-12 16:43:08,422 INFO  ipc.Server (Server.java:run(1314)) - IPC Server Responder: starting
2019-06-12 16:43:08,422 INFO  ipc.Server (Server.java:run(1153)) - IPC Server listener on 45281: starting
2019-06-12 16:43:08,423 INFO  server.StorageContainerManager (StorageContainerManager.java:start(765)) - ScmDatanodeProtocl RPC server is listening at /0.0.0.0:43317
2019-06-12 16:43:08,424 INFO  server.SCMDatanodeProtocolServer (SCMDatanodeProtocolServer.java:start(191)) - RPC server for DataNodes is listening at /0.0.0.0:43317
2019-06-12 16:43:08,424 INFO  ipc.Server (Server.java:run(1314)) - IPC Server Responder: starting
2019-06-12 16:43:08,424 INFO  ipc.Server (Server.java:run(1153)) - IPC Server listener on 43317: starting
2019-06-12 16:43:08,427 INFO  http.HttpServer2 (HttpServer2.java:bindListener(1191)) - Jetty bound to port 38157
2019-06-12 16:43:08,428 INFO  server.Server (Server.java:doStart(351)) - jetty-9.3.24.v20180605, build timestamp: 2018-06-05T17:11:56Z, git hash: 84205aa28f11a4f31f2a3b86d1bba2cc8ab69827
2019-06-12 16:43:08,461 INFO  handler.ContextHandler (ContextHandler.java:doStart(781)) - Started o.e.j.s.ServletContextHandler@2df6226d{/logs,file:///opt/src/hadoop-ozone/integration-test/target/log,AVAILABLE}
2019-06-12 16:43:08,461 INFO  handler.ContextHandler (ContextHandler.java:doStart(781)) - Started o.e.j.s.ServletContextHandler@4ff4357f{/static,file:///opt/src/hadoop-ozone/integration-test/target/test-classes/webapps/static,AVAILABLE}
2019-06-12 16:43:08,487 INFO  handler.ContextHandler (ContextHandler.java:doStart(781)) - Started o.e.j.w.WebAppContext@2484f433{/,file:///opt/src/hadoop-ozone/integration-test/target/test-classes/webapps/scm/,AVAILABLE}{/scm}
2019-06-12 16:43:08,492 INFO  server.AbstractConnector (AbstractConnector.java:doStart(278)) - Started ServerConnector@841e575{HTTP/1.1,[http/1.1]}{0.0.0.0:38157}
2019-06-12 16:43:08,492 INFO  server.Server (Server.java:doStart(419)) - Started @1820ms
2019-06-12 16:43:08,493 INFO  server.BaseHttpServer (BaseHttpServer.java:updateConnectorAddress(207)) - HTTP server of SCM is listening at http://0.0.0.0:38157
2019-06-12 16:43:08,502 WARN  scm.ScmUtils (ScmUtils.java:getDBPath(63)) - ozone.om.db.dirs is not configured. We recommend adding this setting. Falling back to ozone.metadata.dirs instead.
2019-06-12 16:43:08,505 INFO  util.JvmPauseMonitor (JvmPauseMonitor.java:run(188)) - Starting JVM pause monitor
2019-06-12 16:43:08,591 WARN  scm.ScmUtils (ScmUtils.java:getDBPath(63)) - ozone.om.db.dirs is not configured. We recommend adding this setting. Falling back to ozone.metadata.dirs instead.
2019-06-12 16:43:08,592 INFO  om.OzoneManager (OzoneManager.java:setOMNodeDetails(519)) - OM Service ID is not set. Setting it to the default ID: omServiceIdDefault
2019-06-12 16:43:08,593 INFO  om.OzoneManager (OzoneManager.java:setOMNodeDetails(525)) - OM Node ID is not set. Setting it to the OmStorage's OmID: 5e58f43e-0bca-440e-ae97-306e227d9b34
2019-06-12 16:43:08,594 WARN  scm.HddsServerUtil (HddsServerUtil.java:getDefaultRatisDirectory(354)) - Storage directory for Ratis is not configured. It is a good idea to map this to an SSD disk. Falling back to ozone.metadata.dirs
2019-06-12 16:43:08,594 WARN  scm.HddsServerUtil (HddsServerUtil.java:getDefaultRatisDirectory(354)) - Storage directory for Ratis is not configured. It is a good idea to map this to an SSD disk. Falling back to ozone.metadata.dirs
2019-06-12 16:43:08,595 INFO  om.OzoneManager (OzoneManager.java:loadOMHAConfigs(476)) - Found matching OM address with OMServiceId: null, OMNodeId: null, RPC Address: localhost:0 and Ratis port: 9872
2019-06-12 16:43:08,745 WARN  scm.ScmUtils (ScmUtils.java:getDBPath(63)) - ozone.om.db.dirs is not configured. We recommend adding this setting. Falling back to ozone.metadata.dirs instead.
2019-06-12 16:43:08,750 INFO  db.DBStoreBuilder (DBStoreBuilder.java:addTable(110)) - using custom profile for table: userTable
2019-06-12 16:43:08,750 INFO  db.DBStoreBuilder (DBStoreBuilder.java:processTables(161)) - Using default column profile:DBProfile.DISK for Table:userTable
2019-06-12 16:43:08,751 INFO  db.DBStoreBuilder (DBStoreBuilder.java:addTable(110)) - using custom profile for table: volumeTable
2019-06-12 16:43:08,751 INFO  db.DBStoreBuilder (DBStoreBuilder.java:processTables(161)) - Using default column profile:DBProfile.DISK for Table:volumeTable
2019-06-12 16:43:08,751 INFO  db.DBStoreBuilder (DBStoreBuilder.java:addTable(110)) - using custom profile for table: bucketTable
2019-06-12 16:43:08,751 INFO  db.DBStoreBuilder (DBStoreBuilder.java:processTables(161)) - Using default column profile:DBProfile.DISK for Table:bucketTable
2019-06-12 16:43:08,751 INFO  db.DBStoreBuilder (DBStoreBuilder.java:addTable(110)) - using custom profile for table: keyTable
2019-06-12 16:43:08,751 INFO  db.DBStoreBuilder (DBStoreBuilder.java:processTables(161)) - Using default column profile:DBProfile.DISK for Table:keyTable
2019-06-12 16:43:08,752 INFO  db.DBStoreBuilder (DBStoreBuilder.java:addTable(110)) - using custom profile for table: deletedTable
2019-06-12 16:43:08,752 INFO  db.DBStoreBuilder (DBStoreBuilder.java:processTables(161)) - Using default column profile:DBProfile.DISK for Table:deletedTable
2019-06-12 16:43:08,752 INFO  db.DBStoreBuilder (DBStoreBuilder.java:addTable(110)) - using custom profile for table: openKeyTable
2019-06-12 16:43:08,752 INFO  db.DBStoreBuilder (DBStoreBuilder.java:processTables(161)) - Using default column profile:DBProfile.DISK for Table:openKeyTable
2019-06-12 16:43:08,752 INFO  db.DBStoreBuilder (DBStoreBuilder.java:addTable(110)) - using custom profile for table: s3Table
2019-06-12 16:43:08,752 INFO  db.DBStoreBuilder (DBStoreBuilder.java:processTables(161)) - Using default column profile:DBProfile.DISK for Table:s3Table
2019-06-12 16:43:08,753 INFO  db.DBStoreBuilder (DBStoreBuilder.java:addTable(110)) - using custom profile for table: multipartInfoTable
2019-06-12 16:43:08,753 INFO  db.DBStoreBuilder (DBStoreBuilder.java:processTables(161)) - Using default column profile:DBProfile.DISK for Table:multipartInfoTable
2019-06-12 16:43:08,753 INFO  db.DBStoreBuilder (DBStoreBuilder.java:addTable(110)) - using custom profile for table: dTokenTable
2019-06-12 16:43:08,753 INFO  db.DBStoreBuilder (DBStoreBuilder.java:processTables(161)) - Using default column profile:DBProfile.DISK for Table:dTokenTable
2019-06-12 16:43:08,753 INFO  db.DBStoreBuilder (DBStoreBuilder.java:addTable(110)) - using custom profile for table: s3SecretTable
2019-06-12 16:43:08,753 INFO  db.DBStoreBuilder (DBStoreBuilder.java:processTables(161)) - Using default column profile:DBProfile.DISK for Table:s3SecretTable
2019-06-12 16:43:08,753 INFO  db.DBStoreBuilder (DBStoreBuilder.java:addTable(110)) - using custom profile for table: prefixTable
2019-06-12 16:43:08,754 INFO  db.DBStoreBuilder (DBStoreBuilder.java:processTables(161)) - Using default column profile:DBProfile.DISK for Table:prefixTable
2019-06-12 16:43:08,754 INFO  db.DBStoreBuilder (DBStoreBuilder.java:addTable(110)) - using custom profile for table: default
2019-06-12 16:43:08,754 INFO  db.DBStoreBuilder (DBStoreBuilder.java:processTables(167)) - Using default column profile:DBProfile.DISK for Table:default
2019-06-12 16:43:08,754 INFO  db.DBStoreBuilder (DBStoreBuilder.java:getDbProfile(198)) - Using default options. DBProfile.DISK
2019-06-12 16:43:09,204 INFO  ipc.CallQueueManager (CallQueueManager.java:<init>(84)) - Using callQueue: class java.util.concurrent.LinkedBlockingQueue, queueCapacity: 2000, scheduler: class org.apache.hadoop.ipc.DefaultRpcScheduler, ipcBackoff: false.
2019-06-12 16:43:09,205 INFO  ipc.Server (Server.java:run(1074)) - Starting Socket Reader #1 for port 35937
2019-06-12 16:43:09,229 WARN  scm.ScmUtils (ScmUtils.java:getDBPath(63)) - ozone.om.db.dirs is not configured. We recommend adding this setting. Falling back to ozone.metadata.dirs instead.
2019-06-12 16:43:09,229 INFO  om.OzoneManager (OzoneManager.java:start(1217)) - OzoneManager RPC server is listening at localhost/127.0.0.1:35937
2019-06-12 16:43:09,229 INFO  impl.MetricsSystemImpl (MetricsSystemImpl.java:init(158)) - OzoneManager metrics system started (again)
2019-06-12 16:43:09,235 INFO  ipc.Server (Server.java:run(1314)) - IPC Server Responder: starting
2019-06-12 16:43:09,243 INFO  ipc.Server (Server.java:run(1153)) - IPC Server listener on 35937: starting
2019-06-12 16:43:09,261 INFO  hdfs.DFSUtil (DFSUtil.java:httpServerTemplateForNNAndJN(1641)) - Starting Web-server for ozoneManager at: http://0.0.0.0:0
2019-06-12 16:43:09,262 INFO  server.AuthenticationFilter (AuthenticationFilter.java:constructSecretProvider(240)) - Unable to initialize FileSignerSecretProvider, falling back to use random secrets.
2019-06-12 16:43:09,263 WARN  http.HttpRequestLog (HttpRequestLog.java:getRequestLog(97)) - Jetty request log can only be enabled using Log4j
2019-06-12 16:43:09,264 INFO  http.HttpServer2 (HttpServer2.java:addGlobalFilter(975)) - Added global filter 'safety' (class=org.apache.hadoop.http.HttpServer2$QuotingInputFilter)
2019-06-12 16:43:09,265 INFO  http.HttpServer2 (HttpServer2.java:addFilter(948)) - Added filter static_user_filter (class=org.apache.hadoop.http.lib.StaticUserWebFilter$StaticUserFilter) to context ozoneManager
2019-06-12 16:43:09,265 INFO  http.HttpServer2 (HttpServer2.java:addFilter(958)) - Added filter static_user_filter (class=org.apache.hadoop.http.lib.StaticUserWebFilter$StaticUserFilter) to context logs
2019-06-12 16:43:09,265 INFO  http.HttpServer2 (HttpServer2.java:addFilter(958)) - Added filter static_user_filter (class=org.apache.hadoop.http.lib.StaticUserWebFilter$StaticUserFilter) to context static
2019-06-12 16:43:09,267 INFO  http.HttpServer2 (HttpServer2.java:bindListener(1191)) - Jetty bound to port 35927
2019-06-12 16:43:09,267 INFO  server.Server (Server.java:doStart(351)) - jetty-9.3.24.v20180605, build timestamp: 2018-06-05T17:11:56Z, git hash: 84205aa28f11a4f31f2a3b86d1bba2cc8ab69827
2019-06-12 16:43:09,268 INFO  handler.ContextHandler (ContextHandler.java:doStart(781)) - Started o.e.j.s.ServletContextHandler@7c2a69b4{/logs,file:///opt/src/hadoop-ozone/integration-test/target/log,AVAILABLE}
2019-06-12 16:43:09,269 INFO  handler.ContextHandler (ContextHandler.java:doStart(781)) - Started o.e.j.s.ServletContextHandler@648ee871{/static,file:///opt/src/hadoop-ozone/integration-test/target/test-classes/webapps/static,AVAILABLE}
2019-06-12 16:43:09,272 INFO  handler.ContextHandler (ContextHandler.java:doStart(781)) - Started o.e.j.w.WebAppContext@6f012914{/,file:///opt/src/hadoop-ozone/integration-test/target/test-classes/webapps/ozoneManager/,AVAILABLE}{/ozoneManager}
2019-06-12 16:43:09,273 INFO  server.AbstractConnector (AbstractConnector.java:doStart(278)) - Started ServerConnector@18fdb6cf{HTTP/1.1,[http/1.1]}{0.0.0.0:35927}
2019-06-12 16:43:09,273 INFO  server.Server (Server.java:doStart(419)) - Started @2601ms
2019-06-12 16:43:09,274 INFO  server.BaseHttpServer (BaseHttpServer.java:updateConnectorAddress(207)) - HTTP server of OZONEMANAGER is listening at http://0.0.0.0:35927
2019-06-12 16:43:09,407 INFO  impl.MetricsSystemImpl (MetricsSystemImpl.java:init(158)) - HddsDatanode metrics system started (again)
2019-06-12 16:43:09,541 INFO  ozone.HddsDatanodeService (HddsDatanodeService.java:start(185)) - HddsDatanodeService host:ozone-c9rd4-3849520491 ip:192.168.11.207
2019-06-12 16:43:09,565 INFO  volume.HddsVolume (HddsVolume.java:<init>(176)) - Creating Volume: /opt/src/hadoop-ozone/integration-test/target/test-dir/MiniOzoneClusterImpl-e245855e-1991-4186-8a8b-88746ab31085/datanode-0/data/containers/hdds of  storage type : DISK and capacity : 104021790720
2019-06-12 16:43:09,567 INFO  volume.VolumeSet (VolumeSet.java:initializeVolumeSet(170)) - Added Volume : /opt/src/hadoop-ozone/integration-test/target/test-dir/MiniOzoneClusterImpl-e245855e-1991-4186-8a8b-88746ab31085/datanode-0/data/containers/hdds to VolumeSet
2019-06-12 16:43:09,569 INFO  volume.ThrottledAsyncChecker (ThrottledAsyncChecker.java:schedule(140)) - Scheduling a check for org.apache.hadoop.ozone.container.common.volume.HddsVolume@4a6c18ad
2019-06-12 16:43:09,583 INFO  volume.HddsVolumeChecker (HddsVolumeChecker.java:checkAllVolumes(203)) - Scheduled health check for volume org.apache.hadoop.ozone.container.common.volume.HddsVolume@4a6c18ad
2019-06-12 16:43:09,619 INFO  ratis.XceiverServerRatis (XceiverServerRatis.java:newXceiverServerRatis(401)) - Found a free port for the server : 36771
2019-06-12 16:43:09,679 INFO  impl.RaftServerProxy (ConfUtils.java:logGet(43)) - raft.rpc.type = GRPC (default)
2019-06-12 16:43:09,688 INFO  grpc.GrpcConfigKeys$Server (ConfUtils.java:logGet(43)) - raft.grpc.server.port = 36771 (custom)
2019-06-12 16:43:09,689 INFO  server.GrpcService (ConfUtils.java:logGet(43)) - raft.grpc.message.size.max = 33570816 (custom)
2019-06-12 16:43:09,690 INFO  server.RaftServerConfigKeys (ConfUtils.java:logGet(43)) - raft.server.log.appender.buffer.byte-limit = 33554432 (custom)
2019-06-12 16:43:09,691 INFO  server.GrpcService (ConfUtils.java:logGet(43)) - raft.grpc.flow.control.window = 1MB (=1048576) (default)
2019-06-12 16:43:09,691 INFO  server.RaftServerConfigKeys (ConfUtils.java:logGet(43)) - raft.server.rpc.request.timeout = 3000ms (default)
2019-06-12 16:43:09,804 INFO  server.RaftServerConfigKeys (ConfUtils.java:logGet(43)) - raft.server.storage.dir = [/opt/src/hadoop-ozone/integration-test/target/test-dir/MiniOzoneClusterImpl-e245855e-1991-4186-8a8b-88746ab31085/datanode-0/data/ratis] (custom)
2019-06-12 16:43:09,810 INFO  server.XceiverServerGrpc (XceiverServerGrpc.java:<init>(97)) - Found a free port for the server : 41359
2019-06-12 16:43:09,833 INFO  replication.SimpleContainerDownloader (SimpleContainerDownloader.java:<init>(72)) - Starting container downloader service to copy containers to replicate.
2019-06-12 16:43:09,843 INFO  hdfs.DFSUtil (DFSUtil.java:httpServerTemplateForNNAndJN(1641)) - Starting Web-server for hddsDatanode at: http://0.0.0.0:0
2019-06-12 16:43:09,844 INFO  server.AuthenticationFilter (AuthenticationFilter.java:constructSecretProvider(240)) - Unable to initialize FileSignerSecretProvider, falling back to use random secrets.
2019-06-12 16:43:09,844 WARN  http.HttpRequestLog (HttpRequestLog.java:getRequestLog(97)) - Jetty request log can only be enabled using Log4j
2019-06-12 16:43:09,846 INFO  http.HttpServer2 (HttpServer2.java:addGlobalFilter(975)) - Added global filter 'safety' (class=org.apache.hadoop.http.HttpServer2$QuotingInputFilter)
2019-06-12 16:43:09,846 INFO  http.HttpServer2 (HttpServer2.java:addFilter(948)) - Added filter static_user_filter (class=org.apache.hadoop.http.lib.StaticUserWebFilter$StaticUserFilter) to context hddsDatanode
2019-06-12 16:43:09,846 INFO  http.HttpServer2 (HttpServer2.java:addFilter(958)) - Added filter static_user_filter (class=org.apache.hadoop.http.lib.StaticUserWebFilter$StaticUserFilter) to context logs
2019-06-12 16:43:09,846 INFO  http.HttpServer2 (HttpServer2.java:addFilter(958)) - Added filter static_user_filter (class=org.apache.hadoop.http.lib.StaticUserWebFilter$StaticUserFilter) to context static
2019-06-12 16:43:09,847 INFO  http.HttpServer2 (HttpServer2.java:bindListener(1191)) - Jetty bound to port 42305
2019-06-12 16:43:09,847 INFO  server.Server (Server.java:doStart(351)) - jetty-9.3.24.v20180605, build timestamp: 2018-06-05T17:11:56Z, git hash: 84205aa28f11a4f31f2a3b86d1bba2cc8ab69827
2019-06-12 16:43:09,849 INFO  handler.ContextHandler (ContextHandler.java:doStart(781)) - Started o.e.j.s.ServletContextHandler@2e51d054{/logs,file:///opt/src/hadoop-ozone/integration-test/target/log,AVAILABLE}
2019-06-12 16:43:09,850 INFO  handler.ContextHandler (ContextHandler.java:doStart(781)) - Started o.e.j.s.ServletContextHandler@615e3f51{/static,jar:file:/root/.m2/repository/org/apache/hadoop/hadoop-hdds-container-service/0.5.0-SNAPSHOT/hadoop-hdds-container-service-0.5.0-SNAPSHOT.jar!/webapps/static,AVAILABLE}
2019-06-12 16:43:09,878 INFO  handler.ContextHandler (ContextHandler.java:doStart(781)) - Started o.e.j.w.WebAppContext@5e1fc2aa{/,file:///tmp/jetty-0.0.0.0-42305-hddsDatanode-_-any-7418418366723696852.dir/webapp/,AVAILABLE}{/hddsDatanode}
2019-06-12 16:43:09,879 INFO  server.AbstractConnector (AbstractConnector.java:doStart(278)) - Started ServerConnector@688d411b{HTTP/1.1,[http/1.1]}{0.0.0.0:42305}
2019-06-12 16:43:09,879 INFO  server.Server (Server.java:doStart(419)) - Started @3207ms
2019-06-12 16:43:09,880 INFO  server.BaseHttpServer (BaseHttpServer.java:updateConnectorAddress(207)) - HTTP server of HDDSDATANODE is listening at http://0.0.0.0:42305
2019-06-12 16:43:10,727 INFO  ozone.HddsDatanodeService (HddsDatanodeService.java:startPlugins(396)) - Started plug-in org.apache.hadoop.ozone.web.OzoneHddsDatanodeService@30bf26df
2019-06-12 16:43:10,728 INFO  impl.MetricsSystemImpl (MetricsSystemImpl.java:init(158)) - HddsDatanode metrics system started (again)
2019-06-12 16:43:10,728 INFO  ozone.HddsDatanodeService (HddsDatanodeService.java:start(185)) - HddsDatanodeService host:ozone-c9rd4-3849520491 ip:192.168.11.207
2019-06-12 16:43:10,737 INFO  util.JvmPauseMonitor (JvmPauseMonitor.java:run(188)) - Starting JVM pause monitor
2019-06-12 16:43:10,744 INFO  volume.HddsVolume (HddsVolume.java:<init>(176)) - Creating Volume: /opt/src/hadoop-ozone/integration-test/target/test-dir/MiniOzoneClusterImpl-e245855e-1991-4186-8a8b-88746ab31085/datanode-1/data/containers/hdds of  storage type : DISK and capacity : 104021790720
2019-06-12 16:43:10,744 INFO  volume.VolumeSet (VolumeSet.java:initializeVolumeSet(170)) - Added Volume : /opt/src/hadoop-ozone/integration-test/target/test-dir/MiniOzoneClusterImpl-e245855e-1991-4186-8a8b-88746ab31085/datanode-1/data/containers/hdds to VolumeSet
2019-06-12 16:43:10,744 INFO  volume.ThrottledAsyncChecker (ThrottledAsyncChecker.java:schedule(140)) - Scheduling a check for org.apache.hadoop.ozone.container.common.volume.HddsVolume@f171912
2019-06-12 16:43:10,751 INFO  volume.HddsVolumeChecker (HddsVolumeChecker.java:checkAllVolumes(203)) - Scheduled health check for volume org.apache.hadoop.ozone.container.common.volume.HddsVolume@f171912
2019-06-12 16:43:10,766 INFO  ratis.XceiverServerRatis (XceiverServerRatis.java:newXceiverServerRatis(401)) - Found a free port for the server : 46623
2019-06-12 16:43:10,767 INFO  impl.RaftServerProxy (ConfUtils.java:logGet(43)) - raft.rpc.type = GRPC (default)
2019-06-12 16:43:10,768 INFO  grpc.GrpcConfigKeys$Server (ConfUtils.java:logGet(43)) - raft.grpc.server.port = 46623 (custom)
2019-06-12 16:43:10,768 INFO  server.GrpcService (ConfUtils.java:logGet(43)) - raft.grpc.message.size.max = 33570816 (custom)
2019-06-12 16:43:10,768 INFO  server.RaftServerConfigKeys (ConfUtils.java:logGet(43)) - raft.server.log.appender.buffer.byte-limit = 33554432 (custom)
2019-06-12 16:43:10,769 INFO  server.GrpcService (ConfUtils.java:logGet(43)) - raft.grpc.flow.control.window = 1MB (=1048576) (default)
2019-06-12 16:43:10,769 INFO  server.RaftServerConfigKeys (ConfUtils.java:logGet(43)) - raft.server.rpc.request.timeout = 3000ms (default)
2019-06-12 16:43:10,769 INFO  server.RaftServerConfigKeys (ConfUtils.java:logGet(43)) - raft.server.storage.dir = [/opt/src/hadoop-ozone/integration-test/target/test-dir/MiniOzoneClusterImpl-e245855e-1991-4186-8a8b-88746ab31085/datanode-1/data/ratis] (custom)
2019-06-12 16:43:10,770 INFO  server.XceiverServerGrpc (XceiverServerGrpc.java:<init>(97)) - Found a free port for the server : 44021
2019-06-12 16:43:10,770 INFO  replication.SimpleContainerDownloader (SimpleContainerDownloader.java:<init>(72)) - Starting container downloader service to copy containers to replicate.
2019-06-12 16:43:10,771 INFO  hdfs.DFSUtil (DFSUtil.java:httpServerTemplateForNNAndJN(1641)) - Starting Web-server for hddsDatanode at: http://0.0.0.0:0
2019-06-12 16:43:10,773 INFO  server.AuthenticationFilter (AuthenticationFilter.java:constructSecretProvider(240)) - Unable to initialize FileSignerSecretProvider, falling back to use random secrets.
2019-06-12 16:43:10,775 WARN  http.HttpRequestLog (HttpRequestLog.java:getRequestLog(97)) - Jetty request log can only be enabled using Log4j
2019-06-12 16:43:10,776 INFO  http.HttpServer2 (HttpServer2.java:addGlobalFilter(975)) - Added global filter 'safety' (class=org.apache.hadoop.http.HttpServer2$QuotingInputFilter)
2019-06-12 16:43:10,777 INFO  http.HttpServer2 (HttpServer2.java:addFilter(948)) - Added filter static_user_filter (class=org.apache.hadoop.http.lib.StaticUserWebFilter$StaticUserFilter) to context hddsDatanode
2019-06-12 16:43:10,777 INFO  http.HttpServer2 (HttpServer2.java:addFilter(958)) - Added filter static_user_filter (class=org.apache.hadoop.http.lib.StaticUserWebFilter$StaticUserFilter) to context logs
2019-06-12 16:43:10,777 INFO  http.HttpServer2 (HttpServer2.java:addFilter(958)) - Added filter static_user_filter (class=org.apache.hadoop.http.lib.StaticUserWebFilter$StaticUserFilter) to context static
2019-06-12 16:43:10,778 INFO  http.HttpServer2 (HttpServer2.java:bindListener(1191)) - Jetty bound to port 46813
2019-06-12 16:43:10,778 INFO  server.Server (Server.java:doStart(351)) - jetty-9.3.24.v20180605, build timestamp: 2018-06-05T17:11:56Z, git hash: 84205aa28f11a4f31f2a3b86d1bba2cc8ab69827
2019-06-12 16:43:10,780 INFO  handler.ContextHandler (ContextHandler.java:doStart(781)) - Started o.e.j.s.ServletContextHandler@18b6d3c1{/logs,file:///opt/src/hadoop-ozone/integration-test/target/log,AVAILABLE}
2019-06-12 16:43:10,781 INFO  handler.ContextHandler (ContextHandler.java:doStart(781)) - Started o.e.j.s.ServletContextHandler@3fe512d2{/static,jar:file:/root/.m2/repository/org/apache/hadoop/hadoop-hdds-container-service/0.5.0-SNAPSHOT/hadoop-hdds-container-service-0.5.0-SNAPSHOT.jar!/webapps/static,AVAILABLE}
2019-06-12 16:43:10,805 INFO  handler.ContextHandler (ContextHandler.java:doStart(781)) - Started o.e.j.w.WebAppContext@e7b265e{/,file:///tmp/jetty-0.0.0.0-46813-hddsDatanode-_-any-4777144914797197525.dir/webapp/,AVAILABLE}{/hddsDatanode}
2019-06-12 16:43:10,806 INFO  server.AbstractConnector (AbstractConnector.java:doStart(278)) - Started ServerConnector@51da32e5{HTTP/1.1,[http/1.1]}{0.0.0.0:46813}
2019-06-12 16:43:10,808 INFO  server.Server (Server.java:doStart(419)) - Started @4136ms
2019-06-12 16:43:10,809 INFO  server.BaseHttpServer (BaseHttpServer.java:updateConnectorAddress(207)) - HTTP server of HDDSDATANODE is listening at http://0.0.0.0:46813
2019-06-12 16:43:10,830 INFO  datanode.InitDatanodeState (InitDatanodeState.java:persistContainerDatanodeDetails(140)) - DatanodeDetails is persisted to /opt/src/hadoop-ozone/integration-test/target/test-dir/MiniOzoneClusterImpl-e245855e-1991-4186-8a8b-88746ab31085/datanode-0/meta/datanode.id
2019-06-12 16:43:10,941 INFO  ozone.HddsDatanodeService (HddsDatanodeService.java:startPlugins(396)) - Started plug-in org.apache.hadoop.ozone.web.OzoneHddsDatanodeService@1d6751e3
2019-06-12 16:43:10,941 INFO  impl.MetricsSystemImpl (MetricsSystemImpl.java:init(158)) - HddsDatanode metrics system started (again)
2019-06-12 16:43:10,941 INFO  ozone.HddsDatanodeService (HddsDatanodeService.java:start(185)) - HddsDatanodeService host:ozone-c9rd4-3849520491 ip:192.168.11.207
2019-06-12 16:43:10,959 INFO  util.JvmPauseMonitor (JvmPauseMonitor.java:run(188)) - Starting JVM pause monitor
2019-06-12 16:43:10,963 INFO  volume.HddsVolume (HddsVolume.java:<init>(176)) - Creating Volume: /opt/src/hadoop-ozone/integration-test/target/test-dir/MiniOzoneClusterImpl-e245855e-1991-4186-8a8b-88746ab31085/datanode-2/data/containers/hdds of  storage type : DISK and capacity : 104021790720
2019-06-12 16:43:10,964 INFO  volume.VolumeSet (VolumeSet.java:initializeVolumeSet(170)) - Added Volume : /opt/src/hadoop-ozone/integration-test/target/test-dir/MiniOzoneClusterImpl-e245855e-1991-4186-8a8b-88746ab31085/datanode-2/data/containers/hdds to VolumeSet
2019-06-12 16:43:10,964 INFO  volume.ThrottledAsyncChecker (ThrottledAsyncChecker.java:schedule(140)) - Scheduling a check for org.apache.hadoop.ozone.container.common.volume.HddsVolume@2e7af36e
2019-06-12 16:43:10,968 INFO  datanode.InitDatanodeState (InitDatanodeState.java:persistContainerDatanodeDetails(140)) - DatanodeDetails is persisted to /opt/src/hadoop-ozone/integration-test/target/test-dir/MiniOzoneClusterImpl-e245855e-1991-4186-8a8b-88746ab31085/datanode-1/meta/datanode.id
2019-06-12 16:43:10,969 INFO  volume.HddsVolumeChecker (HddsVolumeChecker.java:checkAllVolumes(203)) - Scheduled health check for volume org.apache.hadoop.ozone.container.common.volume.HddsVolume@2e7af36e
2019-06-12 16:43:10,984 INFO  ratis.XceiverServerRatis (XceiverServerRatis.java:newXceiverServerRatis(401)) - Found a free port for the server : 45679
2019-06-12 16:43:10,985 INFO  impl.RaftServerProxy (ConfUtils.java:logGet(43)) - raft.rpc.type = GRPC (default)
2019-06-12 16:43:10,985 INFO  grpc.GrpcConfigKeys$Server (ConfUtils.java:logGet(43)) - raft.grpc.server.port = 45679 (custom)
2019-06-12 16:43:10,985 INFO  server.GrpcService (ConfUtils.java:logGet(43)) - raft.grpc.message.size.max = 33570816 (custom)
2019-06-12 16:43:10,986 INFO  server.RaftServerConfigKeys (ConfUtils.java:logGet(43)) - raft.server.log.appender.buffer.byte-limit = 33554432 (custom)
2019-06-12 16:43:10,986 INFO  server.GrpcService (ConfUtils.java:logGet(43)) - raft.grpc.flow.control.window = 1MB (=1048576) (default)
2019-06-12 16:43:10,986 INFO  server.RaftServerConfigKeys (ConfUtils.java:logGet(43)) - raft.server.rpc.request.timeout = 3000ms (default)
2019-06-12 16:43:10,987 INFO  server.RaftServerConfigKeys (ConfUtils.java:logGet(43)) - raft.server.storage.dir = [/opt/src/hadoop-ozone/integration-test/target/test-dir/MiniOzoneClusterImpl-e245855e-1991-4186-8a8b-88746ab31085/datanode-2/data/ratis] (custom)
2019-06-12 16:43:10,987 INFO  server.XceiverServerGrpc (XceiverServerGrpc.java:<init>(97)) - Found a free port for the server : 33661
2019-06-12 16:43:10,988 INFO  replication.SimpleContainerDownloader (SimpleContainerDownloader.java:<init>(72)) - Starting container downloader service to copy containers to replicate.
2019-06-12 16:43:10,989 INFO  hdfs.DFSUtil (DFSUtil.java:httpServerTemplateForNNAndJN(1641)) - Starting Web-server for hddsDatanode at: http://0.0.0.0:0
2019-06-12 16:43:10,990 INFO  server.AuthenticationFilter (AuthenticationFilter.java:constructSecretProvider(240)) - Unable to initialize FileSignerSecretProvider, falling back to use random secrets.
2019-06-12 16:43:10,990 WARN  http.HttpRequestLog (HttpRequestLog.java:getRequestLog(97)) - Jetty request log can only be enabled using Log4j
2019-06-12 16:43:10,992 INFO  http.HttpServer2 (HttpServer2.java:addGlobalFilter(975)) - Added global filter 'safety' (class=org.apache.hadoop.http.HttpServer2$QuotingInputFilter)
2019-06-12 16:43:10,992 INFO  http.HttpServer2 (HttpServer2.java:addFilter(948)) - Added filter static_user_filter (class=org.apache.hadoop.http.lib.StaticUserWebFilter$StaticUserFilter) to context hddsDatanode
2019-06-12 16:43:10,992 INFO  http.HttpServer2 (HttpServer2.java:addFilter(958)) - Added filter static_user_filter (class=org.apache.hadoop.http.lib.StaticUserWebFilter$StaticUserFilter) to context static
2019-06-12 16:43:10,993 INFO  http.HttpServer2 (HttpServer2.java:addFilter(958)) - Added filter static_user_filter (class=org.apache.hadoop.http.lib.StaticUserWebFilter$StaticUserFilter) to context logs
2019-06-12 16:43:10,993 INFO  http.HttpServer2 (HttpServer2.java:bindListener(1191)) - Jetty bound to port 43597
2019-06-12 16:43:10,993 INFO  server.Server (Server.java:doStart(351)) - jetty-9.3.24.v20180605, build timestamp: 2018-06-05T17:11:56Z, git hash: 84205aa28f11a4f31f2a3b86d1bba2cc8ab69827
2019-06-12 16:43:10,995 INFO  handler.ContextHandler (ContextHandler.java:doStart(781)) - Started o.e.j.s.ServletContextHandler@674da77b{/logs,file:///opt/src/hadoop-ozone/integration-test/target/log,AVAILABLE}
2019-06-12 16:43:10,995 INFO  handler.ContextHandler (ContextHandler.java:doStart(781)) - Started o.e.j.s.ServletContextHandler@6010d0d1{/static,jar:file:/root/.m2/repository/org/apache/hadoop/hadoop-hdds-container-service/0.5.0-SNAPSHOT/hadoop-hdds-container-service-0.5.0-SNAPSHOT.jar!/webapps/static,AVAILABLE}
2019-06-12 16:43:11,016 INFO  handler.ContextHandler (ContextHandler.java:doStart(781)) - Started o.e.j.w.WebAppContext@624b523{/,file:///tmp/jetty-0.0.0.0-43597-hddsDatanode-_-any-2930679119321008063.dir/webapp/,AVAILABLE}{/hddsDatanode}
2019-06-12 16:43:11,017 INFO  server.AbstractConnector (AbstractConnector.java:doStart(278)) - Started ServerConnector@16c42f3e{HTTP/1.1,[http/1.1]}{0.0.0.0:43597}
2019-06-12 16:43:11,018 INFO  server.Server (Server.java:doStart(419)) - Started @4346ms
2019-06-12 16:43:11,018 INFO  server.BaseHttpServer (BaseHttpServer.java:updateConnectorAddress(207)) - HTTP server of HDDSDATANODE is listening at http://0.0.0.0:43597
2019-06-12 16:43:11,170 INFO  ozone.HddsDatanodeService (HddsDatanodeService.java:startPlugins(396)) - Started plug-in org.apache.hadoop.ozone.web.OzoneHddsDatanodeService@11c78080
2019-06-12 16:43:11,170 INFO  impl.MetricsSystemImpl (MetricsSystemImpl.java:init(158)) - HddsDatanode metrics system started (again)
2019-06-12 16:43:11,171 INFO  ozone.HddsDatanodeService (HddsDatanodeService.java:start(185)) - HddsDatanodeService host:ozone-c9rd4-3849520491 ip:192.168.11.207
2019-06-12 16:43:11,187 INFO  util.JvmPauseMonitor (JvmPauseMonitor.java:run(188)) - Starting JVM pause monitor
2019-06-12 16:43:11,189 INFO  datanode.InitDatanodeState (InitDatanodeState.java:persistContainerDatanodeDetails(140)) - DatanodeDetails is persisted to /opt/src/hadoop-ozone/integration-test/target/test-dir/MiniOzoneClusterImpl-e245855e-1991-4186-8a8b-88746ab31085/datanode-2/meta/datanode.id
2019-06-12 16:43:11,193 INFO  volume.HddsVolume (HddsVolume.java:<init>(176)) - Creating Volume: /opt/src/hadoop-ozone/integration-test/target/test-dir/MiniOzoneClusterImpl-e245855e-1991-4186-8a8b-88746ab31085/datanode-3/data/containers/hdds of  storage type : DISK and capacity : 104021790720
2019-06-12 16:43:11,193 INFO  volume.VolumeSet (VolumeSet.java:initializeVolumeSet(170)) - Added Volume : /opt/src/hadoop-ozone/integration-test/target/test-dir/MiniOzoneClusterImpl-e245855e-1991-4186-8a8b-88746ab31085/datanode-3/data/containers/hdds to VolumeSet
2019-06-12 16:43:11,193 INFO  volume.ThrottledAsyncChecker (ThrottledAsyncChecker.java:schedule(140)) - Scheduling a check for org.apache.hadoop.ozone.container.common.volume.HddsVolume@7c11d32
2019-06-12 16:43:11,194 INFO  volume.HddsVolumeChecker (HddsVolumeChecker.java:checkAllVolumes(203)) - Scheduled health check for volume org.apache.hadoop.ozone.container.common.volume.HddsVolume@7c11d32
2019-06-12 16:43:11,205 INFO  ratis.XceiverServerRatis (XceiverServerRatis.java:newXceiverServerRatis(401)) - Found a free port for the server : 44781
2019-06-12 16:43:11,206 INFO  impl.RaftServerProxy (ConfUtils.java:logGet(43)) - raft.rpc.type = GRPC (default)
2019-06-12 16:43:11,206 INFO  grpc.GrpcConfigKeys$Server (ConfUtils.java:logGet(43)) - raft.grpc.server.port = 44781 (custom)
2019-06-12 16:43:11,206 INFO  server.GrpcService (ConfUtils.java:logGet(43)) - raft.grpc.message.size.max = 33570816 (custom)
2019-06-12 16:43:11,207 INFO  server.RaftServerConfigKeys (ConfUtils.java:logGet(43)) - raft.server.log.appender.buffer.byte-limit = 33554432 (custom)
2019-06-12 16:43:11,208 INFO  server.GrpcService (ConfUtils.java:logGet(43)) - raft.grpc.flow.control.window = 1MB (=1048576) (default)
2019-06-12 16:43:11,208 INFO  server.RaftServerConfigKeys (ConfUtils.java:logGet(43)) - raft.server.rpc.request.timeout = 3000ms (default)
2019-06-12 16:43:11,209 INFO  server.RaftServerConfigKeys (ConfUtils.java:logGet(43)) - raft.server.storage.dir = [/opt/src/hadoop-ozone/integration-test/target/test-dir/MiniOzoneClusterImpl-e245855e-1991-4186-8a8b-88746ab31085/datanode-3/data/ratis] (custom)
2019-06-12 16:43:11,209 INFO  server.XceiverServerGrpc (XceiverServerGrpc.java:<init>(97)) - Found a free port for the server : 46319
2019-06-12 16:43:11,209 INFO  replication.SimpleContainerDownloader (SimpleContainerDownloader.java:<init>(72)) - Starting container downloader service to copy containers to replicate.
2019-06-12 16:43:11,210 INFO  hdfs.DFSUtil (DFSUtil.java:httpServerTemplateForNNAndJN(1641)) - Starting Web-server for hddsDatanode at: http://0.0.0.0:0
2019-06-12 16:43:11,212 INFO  server.AuthenticationFilter (AuthenticationFilter.java:constructSecretProvider(240)) - Unable to initialize FileSignerSecretProvider, falling back to use random secrets.
2019-06-12 16:43:11,212 WARN  http.HttpRequestLog (HttpRequestLog.java:getRequestLog(97)) - Jetty request log can only be enabled using Log4j
2019-06-12 16:43:11,214 INFO  http.HttpServer2 (HttpServer2.java:addGlobalFilter(975)) - Added global filter 'safety' (class=org.apache.hadoop.http.HttpServer2$QuotingInputFilter)
2019-06-12 16:43:11,214 INFO  http.HttpServer2 (HttpServer2.java:addFilter(948)) - Added filter static_user_filter (class=org.apache.hadoop.http.lib.StaticUserWebFilter$StaticUserFilter) to context hddsDatanode
2019-06-12 16:43:11,214 INFO  http.HttpServer2 (HttpServer2.java:addFilter(958)) - Added filter static_user_filter (class=org.apache.hadoop.http.lib.StaticUserWebFilter$StaticUserFilter) to context logs
2019-06-12 16:43:11,215 INFO  http.HttpServer2 (HttpServer2.java:addFilter(958)) - Added filter static_user_filter (class=org.apache.hadoop.http.lib.StaticUserWebFilter$StaticUserFilter) to context static
2019-06-12 16:43:11,215 INFO  http.HttpServer2 (HttpServer2.java:bindListener(1191)) - Jetty bound to port 45585
2019-06-12 16:43:11,215 INFO  server.Server (Server.java:doStart(351)) - jetty-9.3.24.v20180605, build timestamp: 2018-06-05T17:11:56Z, git hash: 84205aa28f11a4f31f2a3b86d1bba2cc8ab69827
2019-06-12 16:43:11,218 INFO  handler.ContextHandler (ContextHandler.java:doStart(781)) - Started o.e.j.s.ServletContextHandler@25974207{/logs,file:///opt/src/hadoop-ozone/integration-test/target/log,AVAILABLE}
2019-06-12 16:43:11,219 INFO  handler.ContextHandler (ContextHandler.java:doStart(781)) - Started o.e.j.s.ServletContextHandler@195113de{/static,jar:file:/root/.m2/repository/org/apache/hadoop/hadoop-hdds-container-service/0.5.0-SNAPSHOT/hadoop-hdds-container-service-0.5.0-SNAPSHOT.jar!/webapps/static,AVAILABLE}
2019-06-12 16:43:11,248 INFO  handler.ContextHandler (ContextHandler.java:doStart(781)) - Started o.e.j.w.WebAppContext@74c9e11{/,file:///tmp/jetty-0.0.0.0-45585-hddsDatanode-_-any-572605037798125422.dir/webapp/,AVAILABLE}{/hddsDatanode}
2019-06-12 16:43:11,251 INFO  server.AbstractConnector (AbstractConnector.java:doStart(278)) - Started ServerConnector@9fe720a{HTTP/1.1,[http/1.1]}{0.0.0.0:45585}
2019-06-12 16:43:11,251 INFO  server.Server (Server.java:doStart(419)) - Started @4579ms
2019-06-12 16:43:11,254 INFO  server.BaseHttpServer (BaseHttpServer.java:updateConnectorAddress(207)) - HTTP server of HDDSDATANODE is listening at http://0.0.0.0:45585
2019-06-12 16:43:11,364 INFO  ozone.HddsDatanodeService (HddsDatanodeService.java:startPlugins(396)) - Started plug-in org.apache.hadoop.ozone.web.OzoneHddsDatanodeService@76216830
2019-06-12 16:43:11,364 INFO  impl.MetricsSystemImpl (MetricsSystemImpl.java:init(158)) - HddsDatanode metrics system started (again)
2019-06-12 16:43:11,364 INFO  ozone.HddsDatanodeService (HddsDatanodeService.java:start(185)) - HddsDatanodeService host:ozone-c9rd4-3849520491 ip:192.168.11.207
2019-06-12 16:43:11,366 INFO  util.JvmPauseMonitor (JvmPauseMonitor.java:run(188)) - Starting JVM pause monitor
2019-06-12 16:43:11,367 INFO  datanode.InitDatanodeState (InitDatanodeState.java:persistContainerDatanodeDetails(140)) - DatanodeDetails is persisted to /opt/src/hadoop-ozone/integration-test/target/test-dir/MiniOzoneClusterImpl-e245855e-1991-4186-8a8b-88746ab31085/datanode-3/meta/datanode.id
2019-06-12 16:43:11,374 INFO  volume.HddsVolume (HddsVolume.java:<init>(176)) - Creating Volume: /opt/src/hadoop-ozone/integration-test/target/test-dir/MiniOzoneClusterImpl-e245855e-1991-4186-8a8b-88746ab31085/datanode-4/data/containers/hdds of  storage type : DISK and capacity : 104021790720
2019-06-12 16:43:11,374 INFO  volume.VolumeSet (VolumeSet.java:initializeVolumeSet(170)) - Added Volume : /opt/src/hadoop-ozone/integration-test/target/test-dir/MiniOzoneClusterImpl-e245855e-1991-4186-8a8b-88746ab31085/datanode-4/data/containers/hdds to VolumeSet
2019-06-12 16:43:11,375 INFO  volume.ThrottledAsyncChecker (ThrottledAsyncChecker.java:schedule(140)) - Scheduling a check for org.apache.hadoop.ozone.container.common.volume.HddsVolume@391d1e33
2019-06-12 16:43:11,379 INFO  volume.HddsVolumeChecker (HddsVolumeChecker.java:checkAllVolumes(203)) - Scheduled health check for volume org.apache.hadoop.ozone.container.common.volume.HddsVolume@391d1e33
2019-06-12 16:43:11,388 INFO  ratis.XceiverServerRatis (XceiverServerRatis.java:newXceiverServerRatis(401)) - Found a free port for the server : 46801
2019-06-12 16:43:11,389 INFO  impl.RaftServerProxy (ConfUtils.java:logGet(43)) - raft.rpc.type = GRPC (default)
2019-06-12 16:43:11,389 INFO  grpc.GrpcConfigKeys$Server (ConfUtils.java:logGet(43)) - raft.grpc.server.port = 46801 (custom)
2019-06-12 16:43:11,389 INFO  server.GrpcService (ConfUtils.java:logGet(43)) - raft.grpc.message.size.max = 33570816 (custom)
2019-06-12 16:43:11,390 INFO  server.RaftServerConfigKeys (ConfUtils.java:logGet(43)) - raft.server.log.appender.buffer.byte-limit = 33554432 (custom)
2019-06-12 16:43:11,390 INFO  server.GrpcService (ConfUtils.java:logGet(43)) - raft.grpc.flow.control.window = 1MB (=1048576) (default)
2019-06-12 16:43:11,390 INFO  server.RaftServerConfigKeys (ConfUtils.java:logGet(43)) - raft.server.rpc.request.timeout = 3000ms (default)
2019-06-12 16:43:11,390 INFO  server.RaftServerConfigKeys (ConfUtils.java:logGet(43)) - raft.server.storage.dir = [/opt/src/hadoop-ozone/integration-test/target/test-dir/MiniOzoneClusterImpl-e245855e-1991-4186-8a8b-88746ab31085/datanode-4/data/ratis] (custom)
2019-06-12 16:43:11,391 INFO  server.XceiverServerGrpc (XceiverServerGrpc.java:<init>(97)) - Found a free port for the server : 44047
2019-06-12 16:43:11,391 INFO  replication.SimpleContainerDownloader (SimpleContainerDownloader.java:<init>(72)) - Starting container downloader service to copy containers to replicate.
2019-06-12 16:43:11,392 INFO  hdfs.DFSUtil (DFSUtil.java:httpServerTemplateForNNAndJN(1641)) - Starting Web-server for hddsDatanode at: http://0.0.0.0:0
2019-06-12 16:43:11,393 INFO  server.AuthenticationFilter (AuthenticationFilter.java:constructSecretProvider(240)) - Unable to initialize FileSignerSecretProvider, falling back to use random secrets.
2019-06-12 16:43:11,394 WARN  http.HttpRequestLog (HttpRequestLog.java:getRequestLog(97)) - Jetty request log can only be enabled using Log4j
2019-06-12 16:43:11,395 INFO  http.HttpServer2 (HttpServer2.java:addGlobalFilter(975)) - Added global filter 'safety' (class=org.apache.hadoop.http.HttpServer2$QuotingInputFilter)
2019-06-12 16:43:11,396 INFO  http.HttpServer2 (HttpServer2.java:addFilter(948)) - Added filter static_user_filter (class=org.apache.hadoop.http.lib.StaticUserWebFilter$StaticUserFilter) to context hddsDatanode
2019-06-12 16:43:11,396 INFO  http.HttpServer2 (HttpServer2.java:addFilter(958)) - Added filter static_user_filter (class=org.apache.hadoop.http.lib.StaticUserWebFilter$StaticUserFilter) to context static
2019-06-12 16:43:11,396 INFO  http.HttpServer2 (HttpServer2.java:addFilter(958)) - Added filter static_user_filter (class=org.apache.hadoop.http.lib.StaticUserWebFilter$StaticUserFilter) to context logs
2019-06-12 16:43:11,396 INFO  http.HttpServer2 (HttpServer2.java:bindListener(1191)) - Jetty bound to port 33277
2019-06-12 16:43:11,397 INFO  server.Server (Server.java:doStart(351)) - jetty-9.3.24.v20180605, build timestamp: 2018-06-05T17:11:56Z, git hash: 84205aa28f11a4f31f2a3b86d1bba2cc8ab69827
2019-06-12 16:43:11,399 INFO  handler.ContextHandler (ContextHandler.java:doStart(781)) - Started o.e.j.s.ServletContextHandler@6f38f084{/logs,file:///opt/src/hadoop-ozone/integration-test/target/log,AVAILABLE}
2019-06-12 16:43:11,399 INFO  handler.ContextHandler (ContextHandler.java:doStart(781)) - Started o.e.j.s.ServletContextHandler@372f0a99{/static,jar:file:/root/.m2/repository/org/apache/hadoop/hadoop-hdds-container-service/0.5.0-SNAPSHOT/hadoop-hdds-container-service-0.5.0-SNAPSHOT.jar!/webapps/static,AVAILABLE}
2019-06-12 16:43:11,421 INFO  handler.ContextHandler (ContextHandler.java:doStart(781)) - Started o.e.j.w.WebAppContext@6b2fdffc{/,file:///tmp/jetty-0.0.0.0-33277-hddsDatanode-_-any-7624266750179049491.dir/webapp/,AVAILABLE}{/hddsDatanode}
2019-06-12 16:43:11,422 INFO  server.AbstractConnector (AbstractConnector.java:doStart(278)) - Started ServerConnector@2ca3d826{HTTP/1.1,[http/1.1]}{0.0.0.0:33277}
2019-06-12 16:43:11,423 INFO  server.Server (Server.java:doStart(419)) - Started @4750ms
2019-06-12 16:43:11,424 INFO  server.BaseHttpServer (BaseHttpServer.java:updateConnectorAddress(207)) - HTTP server of HDDSDATANODE is listening at http://0.0.0.0:33277
2019-06-12 16:43:11,575 INFO  ozone.HddsDatanodeService (HddsDatanodeService.java:startPlugins(396)) - Started plug-in org.apache.hadoop.ozone.web.OzoneHddsDatanodeService@624b3544
2019-06-12 16:43:11,578 INFO  impl.MetricsSystemImpl (MetricsSystemImpl.java:init(158)) - HddsDatanode metrics system started (again)
2019-06-12 16:43:11,579 INFO  ozone.HddsDatanodeService (HddsDatanodeService.java:start(185)) - HddsDatanodeService host:ozone-c9rd4-3849520491 ip:192.168.11.207
2019-06-12 16:43:11,594 INFO  util.JvmPauseMonitor (JvmPauseMonitor.java:run(188)) - Starting JVM pause monitor
2019-06-12 16:43:11,599 INFO  volume.HddsVolume (HddsVolume.java:<init>(176)) - Creating Volume: /opt/src/hadoop-ozone/integration-test/target/test-dir/MiniOzoneClusterImpl-e245855e-1991-4186-8a8b-88746ab31085/datanode-5/data/containers/hdds of  storage type : DISK and capacity : 104021790720
2019-06-12 16:43:11,599 INFO  volume.VolumeSet (VolumeSet.java:initializeVolumeSet(170)) - Added Volume : /opt/src/hadoop-ozone/integration-test/target/test-dir/MiniOzoneClusterImpl-e245855e-1991-4186-8a8b-88746ab31085/datanode-5/data/containers/hdds to VolumeSet
2019-06-12 16:43:11,599 INFO  volume.ThrottledAsyncChecker (ThrottledAsyncChecker.java:schedule(140)) - Scheduling a check for org.apache.hadoop.ozone.container.common.volume.HddsVolume@55a0f011
2019-06-12 16:43:11,604 INFO  volume.HddsVolumeChecker (HddsVolumeChecker.java:checkAllVolumes(203)) - Scheduled health check for volume org.apache.hadoop.ozone.container.common.volume.HddsVolume@55a0f011
2019-06-12 16:43:11,605 INFO  datanode.InitDatanodeState (InitDatanodeState.java:persistContainerDatanodeDetails(140)) - DatanodeDetails is persisted to /opt/src/hadoop-ozone/integration-test/target/test-dir/MiniOzoneClusterImpl-e245855e-1991-4186-8a8b-88746ab31085/datanode-4/meta/datanode.id
2019-06-12 16:43:11,620 INFO  ratis.XceiverServerRatis (XceiverServerRatis.java:newXceiverServerRatis(401)) - Found a free port for the server : 33301
2019-06-12 16:43:11,622 INFO  impl.RaftServerProxy (ConfUtils.java:logGet(43)) - raft.rpc.type = GRPC (default)
2019-06-12 16:43:11,622 INFO  grpc.GrpcConfigKeys$Server (ConfUtils.java:logGet(43)) - raft.grpc.server.port = 33301 (custom)
2019-06-12 16:43:11,622 INFO  server.GrpcService (ConfUtils.java:logGet(43)) - raft.grpc.message.size.max = 33570816 (custom)
2019-06-12 16:43:11,623 INFO  server.RaftServerConfigKeys (ConfUtils.java:logGet(43)) - raft.server.log.appender.buffer.byte-limit = 33554432 (custom)
2019-06-12 16:43:11,623 INFO  server.GrpcService (ConfUtils.java:logGet(43)) - raft.grpc.flow.control.window = 1MB (=1048576) (default)
2019-06-12 16:43:11,623 INFO  server.RaftServerConfigKeys (ConfUtils.java:logGet(43)) - raft.server.rpc.request.timeout = 3000ms (default)
2019-06-12 16:43:11,624 INFO  server.RaftServerConfigKeys (ConfUtils.java:logGet(43)) - raft.server.storage.dir = [/opt/src/hadoop-ozone/integration-test/target/test-dir/MiniOzoneClusterImpl-e245855e-1991-4186-8a8b-88746ab31085/datanode-5/data/ratis] (custom)
2019-06-12 16:43:11,624 INFO  server.XceiverServerGrpc (XceiverServerGrpc.java:<init>(97)) - Found a free port for the server : 38583
2019-06-12 16:43:11,625 INFO  replication.SimpleContainerDownloader (SimpleContainerDownloader.java:<init>(72)) - Starting container downloader service to copy containers to replicate.
2019-06-12 16:43:11,627 INFO  hdfs.DFSUtil (DFSUtil.java:httpServerTemplateForNNAndJN(1641)) - Starting Web-server for hddsDatanode at: http://0.0.0.0:0
2019-06-12 16:43:11,628 INFO  server.AuthenticationFilter (AuthenticationFilter.java:constructSecretProvider(240)) - Unable to initialize FileSignerSecretProvider, falling back to use random secrets.
2019-06-12 16:43:11,631 WARN  http.HttpRequestLog (HttpRequestLog.java:getRequestLog(97)) - Jetty request log can only be enabled using Log4j
2019-06-12 16:43:11,632 INFO  http.HttpServer2 (HttpServer2.java:addGlobalFilter(975)) - Added global filter 'safety' (class=org.apache.hadoop.http.HttpServer2$QuotingInputFilter)
2019-06-12 16:43:11,633 INFO  http.HttpServer2 (HttpServer2.java:addFilter(948)) - Added filter static_user_filter (class=org.apache.hadoop.http.lib.StaticUserWebFilter$StaticUserFilter) to context hddsDatanode
2019-06-12 16:43:11,633 INFO  http.HttpServer2 (HttpServer2.java:addFilter(958)) - Added filter static_user_filter (class=org.apache.hadoop.http.lib.StaticUserWebFilter$StaticUserFilter) to context logs
2019-06-12 16:43:11,633 INFO  http.HttpServer2 (HttpServer2.java:addFilter(958)) - Added filter static_user_filter (class=org.apache.hadoop.http.lib.StaticUserWebFilter$StaticUserFilter) to context static
2019-06-12 16:43:11,634 INFO  http.HttpServer2 (HttpServer2.java:bindListener(1191)) - Jetty bound to port 40671
2019-06-12 16:43:11,634 INFO  server.Server (Server.java:doStart(351)) - jetty-9.3.24.v20180605, build timestamp: 2018-06-05T17:11:56Z, git hash: 84205aa28f11a4f31f2a3b86d1bba2cc8ab69827
2019-06-12 16:43:11,646 INFO  handler.ContextHandler (ContextHandler.java:doStart(781)) - Started o.e.j.s.ServletContextHandler@23e61112{/logs,file:///opt/src/hadoop-ozone/integration-test/target/log,AVAILABLE}
2019-06-12 16:43:11,647 INFO  handler.ContextHandler (ContextHandler.java:doStart(781)) - Started o.e.j.s.ServletContextHandler@61b60600{/static,jar:file:/root/.m2/repository/org/apache/hadoop/hadoop-hdds-container-service/0.5.0-SNAPSHOT/hadoop-hdds-container-service-0.5.0-SNAPSHOT.jar!/webapps/static,AVAILABLE}
2019-06-12 16:43:11,669 INFO  handler.ContextHandler (ContextHandler.java:doStart(781)) - Started o.e.j.w.WebAppContext@245cb8df{/,file:///tmp/jetty-0.0.0.0-40671-hddsDatanode-_-any-2002453387115354340.dir/webapp/,AVAILABLE}{/hddsDatanode}
2019-06-12 16:43:11,670 INFO  server.AbstractConnector (AbstractConnector.java:doStart(278)) - Started ServerConnector@26b3c9a2{HTTP/1.1,[http/1.1]}{0.0.0.0:40671}
2019-06-12 16:43:11,670 INFO  server.Server (Server.java:doStart(419)) - Started @4998ms
2019-06-12 16:43:11,671 INFO  server.BaseHttpServer (BaseHttpServer.java:updateConnectorAddress(207)) - HTTP server of HDDSDATANODE is listening at http://0.0.0.0:40671
2019-06-12 16:43:11,791 INFO  ozone.HddsDatanodeService (HddsDatanodeService.java:startPlugins(396)) - Started plug-in org.apache.hadoop.ozone.web.OzoneHddsDatanodeService@4662752a
2019-06-12 16:43:11,792 INFO  ozone.MiniOzoneClusterImpl (MiniOzoneClusterImpl.java:lambda$waitForClusterToBeReady$0(142)) - Waiting for cluster to be ready. Got 0 of 6 DN Heartbeats.
2019-06-12 16:43:11,802 INFO  util.JvmPauseMonitor (JvmPauseMonitor.java:run(188)) - Starting JVM pause monitor
2019-06-12 16:43:11,822 INFO  datanode.InitDatanodeState (InitDatanodeState.java:persistContainerDatanodeDetails(140)) - DatanodeDetails is persisted to /opt/src/hadoop-ozone/integration-test/target/test-dir/MiniOzoneClusterImpl-e245855e-1991-4186-8a8b-88746ab31085/datanode-5/meta/datanode.id
2019-06-12 16:43:12,759 INFO  ozoneimpl.OzoneContainer (OzoneContainer.java:start(186)) - Attempting to start container services.
2019-06-12 16:43:12,759 INFO  ozoneimpl.OzoneContainer (OzoneContainer.java:startContainerScrub(160)) - Background container scrubber has been disabled by hdds.containerscrub.enabled
2019-06-12 16:43:12,759 INFO  ratis.XceiverServerRatis (XceiverServerRatis.java:start(418)) - Starting XceiverServerRatis 8516b62b-f4a5-4778-8174-7d85486d583c at port 36771
2019-06-12 16:43:12,771 INFO  impl.RaftServerProxy (RaftServerProxy.java:lambda$start$3(299)) - 8516b62b-f4a5-4778-8174-7d85486d583c: start RPC server
2019-06-12 16:43:12,793 INFO  ozone.MiniOzoneClusterImpl (MiniOzoneClusterImpl.java:lambda$waitForClusterToBeReady$0(142)) - Waiting for cluster to be ready. Got 0 of 6 DN Heartbeats.
2019-06-12 16:43:12,887 INFO  server.GrpcService (GrpcService.java:startImpl(148)) - 8516b62b-f4a5-4778-8174-7d85486d583c: GrpcService started, listening on 0.0.0.0/0.0.0.0:36771
2019-06-12 16:43:12,960 INFO  ozoneimpl.OzoneContainer (OzoneContainer.java:start(186)) - Attempting to start container services.
2019-06-12 16:43:12,960 INFO  ozoneimpl.OzoneContainer (OzoneContainer.java:startContainerScrub(160)) - Background container scrubber has been disabled by hdds.containerscrub.enabled
2019-06-12 16:43:12,960 INFO  ratis.XceiverServerRatis (XceiverServerRatis.java:start(418)) - Starting XceiverServerRatis 4b5dc803-249e-4627-82de-8ec2f0561bae at port 46623
2019-06-12 16:43:12,995 INFO  impl.RaftServerProxy (RaftServerProxy.java:lambda$start$3(299)) - 4b5dc803-249e-4627-82de-8ec2f0561bae: start RPC server
2019-06-12 16:43:12,998 INFO  server.GrpcService (GrpcService.java:startImpl(148)) - 4b5dc803-249e-4627-82de-8ec2f0561bae: GrpcService started, listening on 0.0.0.0/0.0.0.0:46623
2019-06-12 16:43:13,190 INFO  ozoneimpl.OzoneContainer (OzoneContainer.java:start(186)) - Attempting to start container services.
2019-06-12 16:43:13,191 INFO  ozoneimpl.OzoneContainer (OzoneContainer.java:startContainerScrub(160)) - Background container scrubber has been disabled by hdds.containerscrub.enabled
2019-06-12 16:43:13,191 INFO  ratis.XceiverServerRatis (XceiverServerRatis.java:start(418)) - Starting XceiverServerRatis 2119c5ce-2917-4f9f-a1e6-2d2ebc708164 at port 45679
2019-06-12 16:43:13,198 INFO  impl.RaftServerProxy (RaftServerProxy.java:lambda$start$3(299)) - 2119c5ce-2917-4f9f-a1e6-2d2ebc708164: start RPC server
2019-06-12 16:43:13,200 INFO  server.GrpcService (GrpcService.java:startImpl(148)) - 2119c5ce-2917-4f9f-a1e6-2d2ebc708164: GrpcService started, listening on 0.0.0.0/0.0.0.0:45679
2019-06-12 16:43:13,370 INFO  ozoneimpl.OzoneContainer (OzoneContainer.java:start(186)) - Attempting to start container services.
2019-06-12 16:43:13,372 INFO  ozoneimpl.OzoneContainer (OzoneContainer.java:startContainerScrub(160)) - Background container scrubber has been disabled by hdds.containerscrub.enabled
2019-06-12 16:43:13,372 INFO  ratis.XceiverServerRatis (XceiverServerRatis.java:start(418)) - Starting XceiverServerRatis 2c4dec0a-9e88-414e-9b3d-55a44c41e6d5 at port 44781
2019-06-12 16:43:13,377 INFO  impl.RaftServerProxy (RaftServerProxy.java:lambda$start$3(299)) - 2c4dec0a-9e88-414e-9b3d-55a44c41e6d5: start RPC server
2019-06-12 16:43:13,379 INFO  server.GrpcService (GrpcService.java:startImpl(148)) - 2c4dec0a-9e88-414e-9b3d-55a44c41e6d5: GrpcService started, listening on 0.0.0.0/0.0.0.0:44781
2019-06-12 16:43:13,595 INFO  ozoneimpl.OzoneContainer (OzoneContainer.java:start(186)) - Attempting to start container services.
2019-06-12 16:43:13,597 INFO  ozoneimpl.OzoneContainer (OzoneContainer.java:startContainerScrub(160)) - Background container scrubber has been disabled by hdds.containerscrub.enabled
2019-06-12 16:43:13,597 INFO  ratis.XceiverServerRatis (XceiverServerRatis.java:start(418)) - Starting XceiverServerRatis 1e6b8198-feda-4f90-a8de-0bf24f8cfb47 at port 46801
2019-06-12 16:43:13,602 INFO  impl.RaftServerProxy (RaftServerProxy.java:lambda$start$3(299)) - 1e6b8198-feda-4f90-a8de-0bf24f8cfb47: start RPC server
2019-06-12 16:43:13,604 INFO  server.GrpcService (GrpcService.java:startImpl(148)) - 1e6b8198-feda-4f90-a8de-0bf24f8cfb47: GrpcService started, listening on 0.0.0.0/0.0.0.0:46801
2019-06-12 16:43:13,793 INFO  ozone.MiniOzoneClusterImpl (MiniOzoneClusterImpl.java:lambda$waitForClusterToBeReady$0(142)) - Waiting for cluster to be ready. Got 0 of 6 DN Heartbeats.
2019-06-12 16:43:13,807 INFO  ozoneimpl.OzoneContainer (OzoneContainer.java:start(186)) - Attempting to start container services.
2019-06-12 16:43:13,809 INFO  ozoneimpl.OzoneContainer (OzoneContainer.java:startContainerScrub(160)) - Background container scrubber has been disabled by hdds.containerscrub.enabled
2019-06-12 16:43:13,809 INFO  ratis.XceiverServerRatis (XceiverServerRatis.java:start(418)) - Starting XceiverServerRatis 100c9b83-548c-4c60-afbd-e893efc5c844 at port 33301
2019-06-12 16:43:13,813 INFO  impl.RaftServerProxy (RaftServerProxy.java:lambda$start$3(299)) - 100c9b83-548c-4c60-afbd-e893efc5c844: start RPC server
2019-06-12 16:43:13,816 INFO  server.GrpcService (GrpcService.java:startImpl(148)) - 100c9b83-548c-4c60-afbd-e893efc5c844: GrpcService started, listening on 0.0.0.0/0.0.0.0:33301
2019-06-12 16:43:14,763 INFO  node.SCMNodeManager (SCMNodeManager.java:register(234)) - Registered Data node : 8516b62b-f4a5-4778-8174-7d85486d583c{ip: 192.168.11.207, host: ozone-c9rd4-3849520491, networkLocation: /default-rack, certSerialId: null}
2019-06-12 16:43:14,768 INFO  safemode.SCMSafeModeManager (DataNodeSafeModeRule.java:process(71)) - SCM in safe mode. 1 DataNodes registered, 1 required.
2019-06-12 16:43:14,768 INFO  safemode.SCMSafeModeManager (SCMSafeModeManager.java:validateSafeModeExitRules(177)) - ScmSafeModeManager, all rules are successfully validated
2019-06-12 16:43:14,768 INFO  safemode.SCMSafeModeManager (SCMSafeModeManager.java:exitSafeMode(193)) - SCM exiting safe mode.
2019-06-12 16:43:14,793 INFO  ozone.MiniOzoneClusterImpl (MiniOzoneClusterImpl.java:lambda$waitForClusterToBeReady$0(142)) - Waiting for cluster to be ready. Got 1 of 6 DN Heartbeats.
2019-06-12 16:43:14,958 INFO  node.SCMNodeManager (SCMNodeManager.java:register(234)) - Registered Data node : 4b5dc803-249e-4627-82de-8ec2f0561bae{ip: 192.168.11.207, host: ozone-c9rd4-3849520491, networkLocation: /default-rack, certSerialId: null}
2019-06-12 16:43:15,093 INFO  impl.RaftServerProxy (RaftServerProxy.java:addNew(89)) - 8516b62b-f4a5-4778-8174-7d85486d583c: addNew group-1532E81B6946:[8516b62b-f4a5-4778-8174-7d85486d583c:192.168.11.207:36771] returns group-1532E81B6946:java.util.concurrent.CompletableFuture@863d728[Not completed]
2019-06-12 16:43:15,098 INFO  impl.RaftServerImpl (RaftServerImpl.java:<init>(91)) - 8516b62b-f4a5-4778-8174-7d85486d583c: new RaftServerImpl for group-1532E81B6946:[8516b62b-f4a5-4778-8174-7d85486d583c:192.168.11.207:36771] with ContainerStateMachine:uninitialized
2019-06-12 16:43:15,099 INFO  server.RaftServerConfigKeys (ConfUtils.java:logGet(43)) - raft.server.rpc.timeout.min = 1s (custom)
2019-06-12 16:43:15,099 INFO  server.RaftServerConfigKeys (ConfUtils.java:logGet(43)) - raft.server.rpc.timeout.max = 1200ms (custom)
2019-06-12 16:43:15,099 INFO  server.RaftServerConfigKeys (ConfUtils.java:logGet(43)) - raft.server.rpcslowness.timeout = 10s (custom)
2019-06-12 16:43:15,100 INFO  server.RaftServerConfigKeys (ConfUtils.java:logGet(43)) - raft.server.log.appender.install.snapshot.enabled = true (default)
2019-06-12 16:43:15,106 INFO  impl.RaftServerImpl (ServerState.java:<init>(101)) - 8516b62b-f4a5-4778-8174-7d85486d583c:group-1532E81B6946 ConfigurationManager, init=-1: [8516b62b-f4a5-4778-8174-7d85486d583c:192.168.11.207:36771], old=null, confs=<EMPTY_MAP>
2019-06-12 16:43:15,106 INFO  server.RaftServerConfigKeys (ConfUtils.java:logGet(43)) - raft.server.storage.dir = [/opt/src/hadoop-ozone/integration-test/target/test-dir/MiniOzoneClusterImpl-e245855e-1991-4186-8a8b-88746ab31085/datanode-0/data/ratis] (custom)
2019-06-12 16:43:15,112 INFO  storage.RaftStorageDirectory (RaftStorageDirectory.java:analyzeStorage(246)) - The storage directory /opt/src/hadoop-ozone/integration-test/target/test-dir/MiniOzoneClusterImpl-e245855e-1991-4186-8a8b-88746ab31085/datanode-0/data/ratis/3c1a0645-568f-49f5-9bda-1532e81b6946 does not exist. Creating ...
2019-06-12 16:43:15,117 INFO  storage.RaftStorageDirectory (RaftStorageDirectory.java:tryLock(328)) - Lock on /opt/src/hadoop-ozone/integration-test/target/test-dir/MiniOzoneClusterImpl-e245855e-1991-4186-8a8b-88746ab31085/datanode-0/data/ratis/3c1a0645-568f-49f5-9bda-1532e81b6946/in_use.lock acquired by nodename 10002@ozone-c9rd4-3849520491
2019-06-12 16:43:15,120 INFO  storage.RaftStorage (RaftStorage.java:format(75)) - Storage directory /opt/src/hadoop-ozone/integration-test/target/test-dir/MiniOzoneClusterImpl-e245855e-1991-4186-8a8b-88746ab31085/datanode-0/data/ratis/3c1a0645-568f-49f5-9bda-1532e81b6946 has been successfully formatted.
2019-06-12 16:43:15,121 INFO  ratis.ContainerStateMachine (ContainerStateMachine.java:loadSnapshot(199)) - The snapshot info is null.Setting the last applied index to:(t:0, i:~)
2019-06-12 16:43:15,122 INFO  server.RaftServerConfigKeys (ConfUtils.java:logGet(43)) - raft.server.leader.election.timeout = 10s (custom)
2019-06-12 16:43:15,123 INFO  server.RaftServerConfigKeys (ConfUtils.java:logGet(43)) - raft.server.log.use.memory = false (default)
2019-06-12 16:43:15,125 INFO  server.RaftServerConfigKeys (ConfUtils.java:logGet(43)) - raft.server.log.appender.buffer.byte-limit = 33554432 (custom)
2019-06-12 16:43:15,242 INFO  node.SCMNodeManager (SCMNodeManager.java:register(234)) - Registered Data node : 2119c5ce-2917-4f9f-a1e6-2d2ebc708164{ip: 192.168.11.207, host: ozone-c9rd4-3849520491, networkLocation: /default-rack, certSerialId: null}
2019-06-12 16:43:15,242 INFO  server.RaftServerConfigKeys (ConfUtils.java:logGet(43)) - raft.server.log.segment.size.max = 16384 (custom)
2019-06-12 16:43:15,248 INFO  server.RaftServerConfigKeys (ConfUtils.java:logGet(43)) - raft.server.log.segment.cache.num.max = 2 (custom)
2019-06-12 16:43:15,251 INFO  storage.RaftLogWorker (RaftLogWorker.java:<init>(123)) - new 8516b62b-f4a5-4778-8174-7d85486d583c-RaftLogWorker for Storage Directory /opt/src/hadoop-ozone/integration-test/target/test-dir/MiniOzoneClusterImpl-e245855e-1991-4186-8a8b-88746ab31085/datanode-0/data/ratis/3c1a0645-568f-49f5-9bda-1532e81b6946
2019-06-12 16:43:15,252 INFO  server.RaftServerConfigKeys (ConfUtils.java:logGet(43)) - raft.server.log.queue.byte-limit = 2147483647 (custom)
2019-06-12 16:43:15,252 INFO  server.RaftServerConfigKeys (ConfUtils.java:logGet(43)) - raft.server.log.queue.element-limit = 1024 (custom)
2019-06-12 16:43:15,254 INFO  server.RaftServerConfigKeys (ConfUtils.java:logGet(43)) - raft.server.log.segment.size.max = 16384 (custom)
2019-06-12 16:43:15,255 INFO  server.RaftServerConfigKeys (ConfUtils.java:logGet(43)) - raft.server.log.preallocated.size = 16384 (custom)
2019-06-12 16:43:15,255 INFO  server.RaftServerConfigKeys (ConfUtils.java:logGet(43)) - raft.server.log.write.buffer.size = 33554432 (custom)
2019-06-12 16:43:15,256 INFO  server.RaftServerConfigKeys (ConfUtils.java:logGet(43)) - raft.server.log.force.sync.num = 128 (default)
2019-06-12 16:43:15,257 INFO  server.RaftServerConfigKeys (ConfUtils.java:logGet(43)) - raft.server.log.statemachine.data.sync = true (default)
2019-06-12 16:43:15,257 INFO  server.RaftServerConfigKeys (ConfUtils.java:logGet(43)) - raft.server.log.statemachine.data.sync.timeout = 10s (default)
2019-06-12 16:43:15,257 INFO  server.RaftServerConfigKeys (ConfUtils.java:logGet(43)) - raft.server.log.statemachine.data.sync.timeout.retry = -1 (default)
2019-06-12 16:43:15,260 INFO  server.RaftServerConfigKeys (ConfUtils.java:logGet(43)) - raft.server.log.statemachine.data.caching.enabled = true (custom)
2019-06-12 16:43:15,266 INFO  server.RaftServerConfigKeys (ConfUtils.java:logGet(43)) - raft.server.snapshot.auto.trigger.enabled = true (custom)
2019-06-12 16:43:15,267 INFO  server.RaftServerConfigKeys (ConfUtils.java:logGet(43)) - raft.server.snapshot.auto.trigger.threshold = 10000 (custom)
2019-06-12 16:43:15,267 INFO  server.RaftServerConfigKeys (ConfUtils.java:logGet(43)) - raft.server.retrycache.expirytime = 600000ms (custom)
2019-06-12 16:43:15,283 INFO  impl.RaftServerImpl (RaftServerImpl.java:start(173)) - 8516b62b-f4a5-4778-8174-7d85486d583c: start group-1532E81B6946
2019-06-12 16:43:15,284 INFO  impl.RaftServerImpl (RaftServerImpl.java:setRole(164)) - 8516b62b-f4a5-4778-8174-7d85486d583c:group-1532E81B6946 changes role from null to FOLLOWER at term 0 for startAsFollower
2019-06-12 16:43:15,285 INFO  impl.RoleInfo (RoleInfo.java:updateAndGet(143)) - 8516b62b-f4a5-4778-8174-7d85486d583c: start FollowerState
2019-06-12 16:43:15,286 INFO  util.JmxRegister (JmxRegister.java:tryRegister(44)) - Successfully registered JMX Bean with object name Ratis:service=RaftServer,group=group-1532E81B6946,id=8516b62b-f4a5-4778-8174-7d85486d583c
2019-06-12 16:43:15,323 INFO  pipeline.PipelineStateManager (PipelineStateManager.java:addPipeline(56)) - Created pipeline Pipeline[ Id: 3c1a0645-568f-49f5-9bda-1532e81b6946, Nodes: 8516b62b-f4a5-4778-8174-7d85486d583c{ip: 192.168.11.207, host: ozone-c9rd4-3849520491, networkLocation: /default-rack, certSerialId: null}, Type:RATIS, Factor:ONE, State:OPEN]
2019-06-12 16:43:15,337 INFO  impl.RaftServerProxy (RaftServerProxy.java:addNew(89)) - 4b5dc803-249e-4627-82de-8ec2f0561bae: addNew group-8FFC4D9A7EA0:[4b5dc803-249e-4627-82de-8ec2f0561bae:192.168.11.207:46623] returns group-8FFC4D9A7EA0:java.util.concurrent.CompletableFuture@5ff3a379[Not completed]
2019-06-12 16:43:15,338 INFO  impl.RaftServerImpl (RaftServerImpl.java:<init>(91)) - 4b5dc803-249e-4627-82de-8ec2f0561bae: new RaftServerImpl for group-8FFC4D9A7EA0:[4b5dc803-249e-4627-82de-8ec2f0561bae:192.168.11.207:46623] with ContainerStateMachine:uninitialized
2019-06-12 16:43:15,339 INFO  server.RaftServerConfigKeys (ConfUtils.java:logGet(43)) - raft.server.rpc.timeout.min = 1s (custom)
2019-06-12 16:43:15,339 INFO  server.RaftServerConfigKeys (ConfUtils.java:logGet(43)) - raft.server.rpc.timeout.max = 1200ms (custom)
2019-06-12 16:43:15,339 INFO  server.RaftServerConfigKeys (ConfUtils.java:logGet(43)) - raft.server.rpcslowness.timeout = 10s (custom)
2019-06-12 16:43:15,339 INFO  server.RaftServerConfigKeys (ConfUtils.java:logGet(43)) - raft.server.log.appender.install.snapshot.enabled = true (default)
2019-06-12 16:43:15,339 INFO  impl.RaftServerImpl (ServerState.java:<init>(101)) - 4b5dc803-249e-4627-82de-8ec2f0561bae:group-8FFC4D9A7EA0 ConfigurationManager, init=-1: [4b5dc803-249e-4627-82de-8ec2f0561bae:192.168.11.207:46623], old=null, confs=<EMPTY_MAP>
2019-06-12 16:43:15,339 INFO  server.RaftServerConfigKeys (ConfUtils.java:logGet(43)) - raft.server.storage.dir = [/opt/src/hadoop-ozone/integration-test/target/test-dir/MiniOzoneClusterImpl-e245855e-1991-4186-8a8b-88746ab31085/datanode-1/data/ratis] (custom)
2019-06-12 16:43:15,339 INFO  storage.RaftStorageDirectory (RaftStorageDirectory.java:analyzeStorage(246)) - The storage directory /opt/src/hadoop-ozone/integration-test/target/test-dir/MiniOzoneClusterImpl-e245855e-1991-4186-8a8b-88746ab31085/datanode-1/data/ratis/bd418b0e-1cc3-49bb-8671-8ffc4d9a7ea0 does not exist. Creating ...
2019-06-12 16:43:15,341 INFO  storage.RaftStorageDirectory (RaftStorageDirectory.java:tryLock(328)) - Lock on /opt/src/hadoop-ozone/integration-test/target/test-dir/MiniOzoneClusterImpl-e245855e-1991-4186-8a8b-88746ab31085/datanode-1/data/ratis/bd418b0e-1cc3-49bb-8671-8ffc4d9a7ea0/in_use.lock acquired by nodename 10002@ozone-c9rd4-3849520491
2019-06-12 16:43:15,343 INFO  storage.RaftStorage (RaftStorage.java:format(75)) - Storage directory /opt/src/hadoop-ozone/integration-test/target/test-dir/MiniOzoneClusterImpl-e245855e-1991-4186-8a8b-88746ab31085/datanode-1/data/ratis/bd418b0e-1cc3-49bb-8671-8ffc4d9a7ea0 has been successfully formatted.
2019-06-12 16:43:15,344 INFO  ratis.ContainerStateMachine (ContainerStateMachine.java:loadSnapshot(199)) - The snapshot info is null.Setting the last applied index to:(t:0, i:~)
2019-06-12 16:43:15,344 INFO  server.RaftServerConfigKeys (ConfUtils.java:logGet(43)) - raft.server.leader.election.timeout = 10s (custom)
2019-06-12 16:43:15,344 INFO  server.RaftServerConfigKeys (ConfUtils.java:logGet(43)) - raft.server.log.use.memory = false (default)
2019-06-12 16:43:15,344 INFO  server.RaftServerConfigKeys (ConfUtils.java:logGet(43)) - raft.server.log.appender.buffer.byte-limit = 33554432 (custom)
2019-06-12 16:43:15,344 INFO  server.RaftServerConfigKeys (ConfUtils.java:logGet(43)) - raft.server.log.segment.size.max = 16384 (custom)
2019-06-12 16:43:15,344 INFO  server.RaftServerConfigKeys (ConfUtils.java:logGet(43)) - raft.server.log.segment.cache.num.max = 2 (custom)
2019-06-12 16:43:15,344 INFO  storage.RaftLogWorker (RaftLogWorker.java:<init>(123)) - new 4b5dc803-249e-4627-82de-8ec2f0561bae-RaftLogWorker for Storage Directory /opt/src/hadoop-ozone/integration-test/target/test-dir/MiniOzoneClusterImpl-e245855e-1991-4186-8a8b-88746ab31085/datanode-1/data/ratis/bd418b0e-1cc3-49bb-8671-8ffc4d9a7ea0
2019-06-12 16:43:15,345 INFO  server.RaftServerConfigKeys (ConfUtils.java:logGet(43)) - raft.server.log.queue.byte-limit = 2147483647 (custom)
2019-06-12 16:43:15,345 INFO  server.RaftServerConfigKeys (ConfUtils.java:logGet(43)) - raft.server.log.queue.element-limit = 1024 (custom)
2019-06-12 16:43:15,345 INFO  server.RaftServerConfigKeys (ConfUtils.java:logGet(43)) - raft.server.log.segment.size.max = 16384 (custom)
2019-06-12 16:43:15,345 INFO  server.RaftServerConfigKeys (ConfUtils.java:logGet(43)) - raft.server.log.preallocated.size = 16384 (custom)
2019-06-12 16:43:15,345 INFO  server.RaftServerConfigKeys (ConfUtils.java:logGet(43)) - raft.server.log.write.buffer.size = 33554432 (custom)
2019-06-12 16:43:15,346 INFO  server.RaftServerConfigKeys (ConfUtils.java:logGet(43)) - raft.server.log.force.sync.num = 128 (default)
2019-06-12 16:43:15,346 INFO  server.RaftServerConfigKeys (ConfUtils.java:logGet(43)) - raft.server.log.statemachine.data.sync = true (default)
2019-06-12 16:43:15,346 INFO  server.RaftServerConfigKeys (ConfUtils.java:logGet(43)) - raft.server.log.statemachine.data.sync.timeout = 10s (default)
2019-06-12 16:43:15,346 INFO  server.RaftServerConfigKeys (ConfUtils.java:logGet(43)) - raft.server.log.statemachine.data.sync.timeout.retry = -1 (default)
2019-06-12 16:43:15,346 INFO  server.RaftServerConfigKeys (ConfUtils.java:logGet(43)) - raft.server.log.statemachine.data.caching.enabled = true (custom)
2019-06-12 16:43:15,346 INFO  server.RaftServerConfigKeys (ConfUtils.java:logGet(43)) - raft.server.snapshot.auto.trigger.enabled = true (custom)
2019-06-12 16:43:15,346 INFO  server.RaftServerConfigKeys (ConfUtils.java:logGet(43)) - raft.server.snapshot.auto.trigger.threshold = 10000 (custom)
2019-06-12 16:43:15,347 INFO  server.RaftServerConfigKeys (ConfUtils.java:logGet(43)) - raft.server.retrycache.expirytime = 600000ms (custom)
2019-06-12 16:43:15,347 INFO  impl.RaftServerImpl (RaftServerImpl.java:start(173)) - 4b5dc803-249e-4627-82de-8ec2f0561bae: start group-8FFC4D9A7EA0
2019-06-12 16:43:15,347 INFO  impl.RaftServerImpl (RaftServerImpl.java:setRole(164)) - 4b5dc803-249e-4627-82de-8ec2f0561bae:group-8FFC4D9A7EA0 changes role from null to FOLLOWER at term 0 for startAsFollower
2019-06-12 16:43:15,347 INFO  impl.RoleInfo (RoleInfo.java:updateAndGet(143)) - 4b5dc803-249e-4627-82de-8ec2f0561bae: start FollowerState
2019-06-12 16:43:15,348 INFO  util.JmxRegister (JmxRegister.java:tryRegister(44)) - Successfully registered JMX Bean with object name Ratis:service=RaftServer,group=group-8FFC4D9A7EA0,id=4b5dc803-249e-4627-82de-8ec2f0561bae
2019-06-12 16:43:15,356 INFO  pipeline.PipelineStateManager (PipelineStateManager.java:addPipeline(56)) - Created pipeline Pipeline[ Id: bd418b0e-1cc3-49bb-8671-8ffc4d9a7ea0, Nodes: 4b5dc803-249e-4627-82de-8ec2f0561bae{ip: 192.168.11.207, host: ozone-c9rd4-3849520491, networkLocation: /default-rack, certSerialId: null}, Type:RATIS, Factor:ONE, State:OPEN]
2019-06-12 16:43:15,371 INFO  node.SCMNodeManager (SCMNodeManager.java:register(234)) - Registered Data node : 2c4dec0a-9e88-414e-9b3d-55a44c41e6d5{ip: 192.168.11.207, host: ozone-c9rd4-3849520491, networkLocation: /default-rack, certSerialId: null}
2019-06-12 16:43:15,373 INFO  impl.RaftServerProxy (RaftServerProxy.java:addNew(89)) - 2119c5ce-2917-4f9f-a1e6-2d2ebc708164: addNew group-8E150B51534A:[2119c5ce-2917-4f9f-a1e6-2d2ebc708164:192.168.11.207:45679] returns group-8E150B51534A:java.util.concurrent.CompletableFuture@798210bc[Not completed]
2019-06-12 16:43:15,397 INFO  impl.RaftServerImpl (RaftServerImpl.java:<init>(91)) - 2119c5ce-2917-4f9f-a1e6-2d2ebc708164: new RaftServerImpl for group-8E150B51534A:[2119c5ce-2917-4f9f-a1e6-2d2ebc708164:192.168.11.207:45679] with ContainerStateMachine:uninitialized
2019-06-12 16:43:15,397 INFO  server.RaftServerConfigKeys (ConfUtils.java:logGet(43)) - raft.server.rpc.timeout.min = 1s (custom)
2019-06-12 16:43:15,397 INFO  server.RaftServerConfigKeys (ConfUtils.java:logGet(43)) - raft.server.rpc.timeout.max = 1200ms (custom)
2019-06-12 16:43:15,397 INFO  server.RaftServerConfigKeys (ConfUtils.java:logGet(43)) - raft.server.rpcslowness.timeout = 10s (custom)
2019-06-12 16:43:15,397 INFO  server.RaftServerConfigKeys (ConfUtils.java:logGet(43)) - raft.server.log.appender.install.snapshot.enabled = true (default)
2019-06-12 16:43:15,397 INFO  impl.RaftServerImpl (ServerState.java:<init>(101)) - 2119c5ce-2917-4f9f-a1e6-2d2ebc708164:group-8E150B51534A ConfigurationManager, init=-1: [2119c5ce-2917-4f9f-a1e6-2d2ebc708164:192.168.11.207:45679], old=null, confs=<EMPTY_MAP>
2019-06-12 16:43:15,397 INFO  server.RaftServerConfigKeys (ConfUtils.java:logGet(43)) - raft.server.storage.dir = [/opt/src/hadoop-ozone/integration-test/target/test-dir/MiniOzoneClusterImpl-e245855e-1991-4186-8a8b-88746ab31085/datanode-2/data/ratis] (custom)
2019-06-12 16:43:15,397 INFO  storage.RaftStorageDirectory (RaftStorageDirectory.java:analyzeStorage(246)) - The storage directory /opt/src/hadoop-ozone/integration-test/target/test-dir/MiniOzoneClusterImpl-e245855e-1991-4186-8a8b-88746ab31085/datanode-2/data/ratis/1e1d3adc-a2a8-4767-b742-8e150b51534a does not exist. Creating ...
2019-06-12 16:43:15,400 INFO  storage.RaftStorageDirectory (RaftStorageDirectory.java:tryLock(328)) - Lock on /opt/src/hadoop-ozone/integration-test/target/test-dir/MiniOzoneClusterImpl-e245855e-1991-4186-8a8b-88746ab31085/datanode-2/data/ratis/1e1d3adc-a2a8-4767-b742-8e150b51534a/in_use.lock acquired by nodename 10002@ozone-c9rd4-3849520491
2019-06-12 16:43:15,402 INFO  storage.RaftStorage (RaftStorage.java:format(75)) - Storage directory /opt/src/hadoop-ozone/integration-test/target/test-dir/MiniOzoneClusterImpl-e245855e-1991-4186-8a8b-88746ab31085/datanode-2/data/ratis/1e1d3adc-a2a8-4767-b742-8e150b51534a has been successfully formatted.
2019-06-12 16:43:15,403 INFO  ratis.ContainerStateMachine (ContainerStateMachine.java:loadSnapshot(199)) - The snapshot info is null.Setting the last applied index to:(t:0, i:~)
2019-06-12 16:43:15,404 INFO  server.RaftServerConfigKeys (ConfUtils.java:logGet(43)) - raft.server.leader.election.timeout = 10s (custom)
2019-06-12 16:43:15,404 INFO  server.RaftServerConfigKeys (ConfUtils.java:logGet(43)) - raft.server.log.use.memory = false (default)
2019-06-12 16:43:15,404 INFO  server.RaftServerConfigKeys (ConfUtils.java:logGet(43)) - raft.server.log.appender.buffer.byte-limit = 33554432 (custom)
2019-06-12 16:43:15,404 INFO  server.RaftServerConfigKeys (ConfUtils.java:logGet(43)) - raft.server.log.segment.size.max = 16384 (custom)
2019-06-12 16:43:15,404 INFO  server.RaftServerConfigKeys (ConfUtils.java:logGet(43)) - raft.server.log.segment.cache.num.max = 2 (custom)
2019-06-12 16:43:15,404 INFO  storage.RaftLogWorker (RaftLogWorker.java:<init>(123)) - new 2119c5ce-2917-4f9f-a1e6-2d2ebc708164-RaftLogWorker for Storage Directory /opt/src/hadoop-ozone/integration-test/target/test-dir/MiniOzoneClusterImpl-e245855e-1991-4186-8a8b-88746ab31085/datanode-2/data/ratis/1e1d3adc-a2a8-4767-b742-8e150b51534a
2019-06-12 16:43:15,404 INFO  server.RaftServerConfigKeys (ConfUtils.java:logGet(43)) - raft.server.log.queue.byte-limit = 2147483647 (custom)
2019-06-12 16:43:15,404 INFO  server.RaftServerConfigKeys (ConfUtils.java:logGet(43)) - raft.server.log.queue.element-limit = 1024 (custom)
2019-06-12 16:43:15,404 INFO  server.RaftServerConfigKeys (ConfUtils.java:logGet(43)) - raft.server.log.segment.size.max = 16384 (custom)
2019-06-12 16:43:15,404 INFO  server.RaftServerConfigKeys (ConfUtils.java:logGet(43)) - raft.server.log.preallocated.size = 16384 (custom)
2019-06-12 16:43:15,405 INFO  server.RaftServerConfigKeys (ConfUtils.java:logGet(43)) - raft.server.log.write.buffer.size = 33554432 (custom)
2019-06-12 16:43:15,405 INFO  server.RaftServerConfigKeys (ConfUtils.java:logGet(43)) - raft.server.log.force.sync.num = 128 (default)
2019-06-12 16:43:15,405 INFO  server.RaftServerConfigKeys (ConfUtils.java:logGet(43)) - raft.server.log.statemachine.data.sync = true (default)
2019-06-12 16:43:15,405 INFO  server.RaftServerConfigKeys (ConfUtils.java:logGet(43)) - raft.server.log.statemachine.data.sync.timeout = 10s (default)
2019-06-12 16:43:15,405 INFO  server.RaftServerConfigKeys (ConfUtils.java:logGet(43)) - raft.server.log.statemachine.data.sync.timeout.retry = -1 (default)
2019-06-12 16:43:15,405 INFO  server.RaftServerConfigKeys (ConfUtils.java:logGet(43)) - raft.server.log.statemachine.data.caching.enabled = true (custom)
2019-06-12 16:43:15,405 INFO  server.RaftServerConfigKeys (ConfUtils.java:logGet(43)) - raft.server.snapshot.auto.trigger.enabled = true (custom)
2019-06-12 16:43:15,405 INFO  server.RaftServerConfigKeys (ConfUtils.java:logGet(43)) - raft.server.snapshot.auto.trigger.threshold = 10000 (custom)
2019-06-12 16:43:15,406 INFO  server.RaftServerConfigKeys (ConfUtils.java:logGet(43)) - raft.server.retrycache.expirytime = 600000ms (custom)
2019-06-12 16:43:15,406 INFO  impl.RaftServerImpl (RaftServerImpl.java:start(173)) - 2119c5ce-2917-4f9f-a1e6-2d2ebc708164: start group-8E150B51534A
2019-06-12 16:43:15,406 INFO  impl.RaftServerImpl (RaftServerImpl.java:setRole(164)) - 2119c5ce-2917-4f9f-a1e6-2d2ebc708164:group-8E150B51534A changes role from null to FOLLOWER at term 0 for startAsFollower
2019-06-12 16:43:15,406 INFO  impl.RoleInfo (RoleInfo.java:updateAndGet(143)) - 2119c5ce-2917-4f9f-a1e6-2d2ebc708164: start FollowerState
2019-06-12 16:43:15,406 INFO  util.JmxRegister (JmxRegister.java:tryRegister(44)) - Successfully registered JMX Bean with object name Ratis:service=RaftServer,group=group-8E150B51534A,id=2119c5ce-2917-4f9f-a1e6-2d2ebc708164
2019-06-12 16:43:15,413 INFO  pipeline.PipelineStateManager (PipelineStateManager.java:addPipeline(56)) - Created pipeline Pipeline[ Id: 1e1d3adc-a2a8-4767-b742-8e150b51534a, Nodes: 2119c5ce-2917-4f9f-a1e6-2d2ebc708164{ip: 192.168.11.207, host: ozone-c9rd4-3849520491, networkLocation: /default-rack, certSerialId: null}, Type:RATIS, Factor:ONE, State:OPEN]
2019-06-12 16:43:15,428 INFO  impl.RaftServerProxy (RaftServerProxy.java:addNew(89)) - 2c4dec0a-9e88-414e-9b3d-55a44c41e6d5: addNew group-2BCB0512AD4E:[2c4dec0a-9e88-414e-9b3d-55a44c41e6d5:192.168.11.207:44781] returns group-2BCB0512AD4E:java.util.concurrent.CompletableFuture@664890e8[Not completed]
2019-06-12 16:43:15,433 INFO  impl.RaftServerImpl (RaftServerImpl.java:<init>(91)) - 2c4dec0a-9e88-414e-9b3d-55a44c41e6d5: new RaftServerImpl for group-2BCB0512AD4E:[2c4dec0a-9e88-414e-9b3d-55a44c41e6d5:192.168.11.207:44781] with ContainerStateMachine:uninitialized
2019-06-12 16:43:15,434 INFO  server.RaftServerConfigKeys (ConfUtils.java:logGet(43)) - raft.server.rpc.timeout.min = 1s (custom)
2019-06-12 16:43:15,434 INFO  server.RaftServerConfigKeys (ConfUtils.java:logGet(43)) - raft.server.rpc.timeout.max = 1200ms (custom)
2019-06-12 16:43:15,434 INFO  server.RaftServerConfigKeys (ConfUtils.java:logGet(43)) - raft.server.rpcslowness.timeout = 10s (custom)
2019-06-12 16:43:15,434 INFO  server.RaftServerConfigKeys (ConfUtils.java:logGet(43)) - raft.server.log.appender.install.snapshot.enabled = true (default)
2019-06-12 16:43:15,434 INFO  impl.RaftServerImpl (ServerState.java:<init>(101)) - 2c4dec0a-9e88-414e-9b3d-55a44c41e6d5:group-2BCB0512AD4E ConfigurationManager, init=-1: [2c4dec0a-9e88-414e-9b3d-55a44c41e6d5:192.168.11.207:44781], old=null, confs=<EMPTY_MAP>
2019-06-12 16:43:15,434 INFO  server.RaftServerConfigKeys (ConfUtils.java:logGet(43)) - raft.server.storage.dir = [/opt/src/hadoop-ozone/integration-test/target/test-dir/MiniOzoneClusterImpl-e245855e-1991-4186-8a8b-88746ab31085/datanode-3/data/ratis] (custom)
2019-06-12 16:43:15,434 INFO  storage.RaftStorageDirectory (RaftStorageDirectory.java:analyzeStorage(246)) - The storage directory /opt/src/hadoop-ozone/integration-test/target/test-dir/MiniOzoneClusterImpl-e245855e-1991-4186-8a8b-88746ab31085/datanode-3/data/ratis/a4ebd0e4-4e2b-4352-881b-2bcb0512ad4e does not exist. Creating ...
2019-06-12 16:43:15,436 INFO  storage.RaftStorageDirectory (RaftStorageDirectory.java:tryLock(328)) - Lock on /opt/src/hadoop-ozone/integration-test/target/test-dir/MiniOzoneClusterImpl-e245855e-1991-4186-8a8b-88746ab31085/datanode-3/data/ratis/a4ebd0e4-4e2b-4352-881b-2bcb0512ad4e/in_use.lock acquired by nodename 10002@ozone-c9rd4-3849520491
2019-06-12 16:43:15,438 INFO  storage.RaftStorage (RaftStorage.java:format(75)) - Storage directory /opt/src/hadoop-ozone/integration-test/target/test-dir/MiniOzoneClusterImpl-e245855e-1991-4186-8a8b-88746ab31085/datanode-3/data/ratis/a4ebd0e4-4e2b-4352-881b-2bcb0512ad4e has been successfully formatted.
2019-06-12 16:43:15,438 INFO  ratis.ContainerStateMachine (ContainerStateMachine.java:loadSnapshot(199)) - The snapshot info is null.Setting the last applied index to:(t:0, i:~)
2019-06-12 16:43:15,439 INFO  server.RaftServerConfigKeys (ConfUtils.java:logGet(43)) - raft.server.leader.election.timeout = 10s (custom)
2019-06-12 16:43:15,439 INFO  server.RaftServerConfigKeys (ConfUtils.java:logGet(43)) - raft.server.log.use.memory = false (default)
2019-06-12 16:43:15,439 INFO  server.RaftServerConfigKeys (ConfUtils.java:logGet(43)) - raft.server.log.appender.buffer.byte-limit = 33554432 (custom)
2019-06-12 16:43:15,439 INFO  server.RaftServerConfigKeys (ConfUtils.java:logGet(43)) - raft.server.log.segment.size.max = 16384 (custom)
2019-06-12 16:43:15,439 INFO  server.RaftServerConfigKeys (ConfUtils.java:logGet(43)) - raft.server.log.segment.cache.num.max = 2 (custom)
2019-06-12 16:43:15,439 INFO  storage.RaftLogWorker (RaftLogWorker.java:<init>(123)) - new 2c4dec0a-9e88-414e-9b3d-55a44c41e6d5-RaftLogWorker for Storage Directory /opt/src/hadoop-ozone/integration-test/target/test-dir/MiniOzoneClusterImpl-e245855e-1991-4186-8a8b-88746ab31085/datanode-3/data/ratis/a4ebd0e4-4e2b-4352-881b-2bcb0512ad4e
2019-06-12 16:43:15,439 INFO  server.RaftServerConfigKeys (ConfUtils.java:logGet(43)) - raft.server.log.queue.byte-limit = 2147483647 (custom)
2019-06-12 16:43:15,439 INFO  server.RaftServerConfigKeys (ConfUtils.java:logGet(43)) - raft.server.log.queue.element-limit = 1024 (custom)
2019-06-12 16:43:15,439 INFO  server.RaftServerConfigKeys (ConfUtils.java:logGet(43)) - raft.server.log.segment.size.max = 16384 (custom)
2019-06-12 16:43:15,439 INFO  server.RaftServerConfigKeys (ConfUtils.java:logGet(43)) - raft.server.log.preallocated.size = 16384 (custom)
2019-06-12 16:43:15,439 INFO  server.RaftServerConfigKeys (ConfUtils.java:logGet(43)) - raft.server.log.write.buffer.size = 33554432 (custom)
2019-06-12 16:43:15,439 INFO  server.RaftServerConfigKeys (ConfUtils.java:logGet(43)) - raft.server.log.force.sync.num = 128 (default)
2019-06-12 16:43:15,440 INFO  server.RaftServerConfigKeys (ConfUtils.java:logGet(43)) - raft.server.log.statemachine.data.sync = true (default)
2019-06-12 16:43:15,440 INFO  server.RaftServerConfigKeys (ConfUtils.java:logGet(43)) - raft.server.log.statemachine.data.sync.timeout = 10s (default)
2019-06-12 16:43:15,440 INFO  server.RaftServerConfigKeys (ConfUtils.java:logGet(43)) - raft.server.log.statemachine.data.sync.timeout.retry = -1 (default)
2019-06-12 16:43:15,440 INFO  server.RaftServerConfigKeys (ConfUtils.java:logGet(43)) - raft.server.log.statemachine.data.caching.enabled = true (custom)
2019-06-12 16:43:15,440 INFO  server.RaftServerConfigKeys (ConfUtils.java:logGet(43)) - raft.server.snapshot.auto.trigger.enabled = true (custom)
2019-06-12 16:43:15,440 INFO  server.RaftServerConfigKeys (ConfUtils.java:logGet(43)) - raft.server.snapshot.auto.trigger.threshold = 10000 (custom)
2019-06-12 16:43:15,440 INFO  server.RaftServerConfigKeys (ConfUtils.java:logGet(43)) - raft.server.retrycache.expirytime = 600000ms (custom)
2019-06-12 16:43:15,440 INFO  impl.RaftServerImpl (RaftServerImpl.java:start(173)) - 2c4dec0a-9e88-414e-9b3d-55a44c41e6d5: start group-2BCB0512AD4E
2019-06-12 16:43:15,441 INFO  impl.RaftServerImpl (RaftServerImpl.java:setRole(164)) - 2c4dec0a-9e88-414e-9b3d-55a44c41e6d5:group-2BCB0512AD4E changes role from null to FOLLOWER at term 0 for startAsFollower
2019-06-12 16:43:15,441 INFO  impl.RoleInfo (RoleInfo.java:updateAndGet(143)) - 2c4dec0a-9e88-414e-9b3d-55a44c41e6d5: start FollowerState
2019-06-12 16:43:15,441 INFO  util.JmxRegister (JmxRegister.java:tryRegister(44)) - Successfully registered JMX Bean with object name Ratis:service=RaftServer,group=group-2BCB0512AD4E,id=2c4dec0a-9e88-414e-9b3d-55a44c41e6d5
2019-06-12 16:43:15,447 INFO  pipeline.PipelineStateManager (PipelineStateManager.java:addPipeline(56)) - Created pipeline Pipeline[ Id: a4ebd0e4-4e2b-4352-881b-2bcb0512ad4e, Nodes: 2c4dec0a-9e88-414e-9b3d-55a44c41e6d5{ip: 192.168.11.207, host: ozone-c9rd4-3849520491, networkLocation: /default-rack, certSerialId: null}, Type:RATIS, Factor:ONE, State:OPEN]
2019-06-12 16:43:15,477 INFO  impl.RaftServerProxy (RaftServerProxy.java:addNew(89)) - 4b5dc803-249e-4627-82de-8ec2f0561bae: addNew group-671AA6C89FC5:[2119c5ce-2917-4f9f-a1e6-2d2ebc708164:192.168.11.207:45679, 4b5dc803-249e-4627-82de-8ec2f0561bae:192.168.11.207:46623, 8516b62b-f4a5-4778-8174-7d85486d583c:192.168.11.207:36771] returns group-671AA6C89FC5:java.util.concurrent.CompletableFuture@3ae49cc6[Not completed]
2019-06-12 16:43:15,478 INFO  impl.RaftServerImpl (RaftServerImpl.java:<init>(91)) - 4b5dc803-249e-4627-82de-8ec2f0561bae: new RaftServerImpl for group-671AA6C89FC5:[2119c5ce-2917-4f9f-a1e6-2d2ebc708164:192.168.11.207:45679, 4b5dc803-249e-4627-82de-8ec2f0561bae:192.168.11.207:46623, 8516b62b-f4a5-4778-8174-7d85486d583c:192.168.11.207:36771] with ContainerStateMachine:uninitialized
2019-06-12 16:43:15,478 INFO  server.RaftServerConfigKeys (ConfUtils.java:logGet(43)) - raft.server.rpc.timeout.min = 1s (custom)
2019-06-12 16:43:15,478 INFO  server.RaftServerConfigKeys (ConfUtils.java:logGet(43)) - raft.server.rpc.timeout.max = 1200ms (custom)
2019-06-12 16:43:15,478 INFO  server.RaftServerConfigKeys (ConfUtils.java:logGet(43)) - raft.server.rpcslowness.timeout = 10s (custom)
2019-06-12 16:43:15,478 INFO  server.RaftServerConfigKeys (ConfUtils.java:logGet(43)) - raft.server.log.appender.install.snapshot.enabled = true (default)
2019-06-12 16:43:15,478 INFO  impl.RaftServerImpl (ServerState.java:<init>(101)) - 4b5dc803-249e-4627-82de-8ec2f0561bae:group-671AA6C89FC5 ConfigurationManager, init=-1: [2119c5ce-2917-4f9f-a1e6-2d2ebc708164:192.168.11.207:45679, 4b5dc803-249e-4627-82de-8ec2f0561bae:192.168.11.207:46623, 8516b62b-f4a5-4778-8174-7d85486d583c:192.168.11.207:36771], old=null, confs=<EMPTY_MAP>
2019-06-12 16:43:15,479 INFO  server.RaftServerConfigKeys (ConfUtils.java:logGet(43)) - raft.server.storage.dir = [/opt/src/hadoop-ozone/integration-test/target/test-dir/MiniOzoneClusterImpl-e245855e-1991-4186-8a8b-88746ab31085/datanode-1/data/ratis] (custom)
2019-06-12 16:43:15,479 INFO  storage.RaftStorageDirectory (RaftStorageDirectory.java:analyzeStorage(246)) - The storage directory /opt/src/hadoop-ozone/integration-test/target/test-dir/MiniOzoneClusterImpl-e245855e-1991-4186-8a8b-88746ab31085/datanode-1/data/ratis/69f899ed-7e25-4742-8e81-671aa6c89fc5 does not exist. Creating ...
2019-06-12 16:43:15,479 INFO  impl.RaftServerProxy (RaftServerProxy.java:addNew(89)) - 2119c5ce-2917-4f9f-a1e6-2d2ebc708164: addNew group-671AA6C89FC5:[2119c5ce-2917-4f9f-a1e6-2d2ebc708164:192.168.11.207:45679, 4b5dc803-249e-4627-82de-8ec2f0561bae:192.168.11.207:46623, 8516b62b-f4a5-4778-8174-7d85486d583c:192.168.11.207:36771] returns group-671AA6C89FC5:java.util.concurrent.CompletableFuture@3eda4415[Not completed]
2019-06-12 16:43:15,480 INFO  impl.RaftServerImpl (RaftServerImpl.java:<init>(91)) - 8516b62b-f4a5-4778-8174-7d85486d583c: new RaftServerImpl for group-671AA6C89FC5:[2119c5ce-2917-4f9f-a1e6-2d2ebc708164:192.168.11.207:45679, 4b5dc803-249e-4627-82de-8ec2f0561bae:192.168.11.207:46623, 8516b62b-f4a5-4778-8174-7d85486d583c:192.168.11.207:36771] with ContainerStateMachine:uninitialized
2019-06-12 16:43:15,480 INFO  server.RaftServerConfigKeys (ConfUtils.java:logGet(43)) - raft.server.rpc.timeout.min = 1s (custom)
2019-06-12 16:43:15,480 INFO  server.RaftServerConfigKeys (ConfUtils.java:logGet(43)) - raft.server.rpc.timeout.max = 1200ms (custom)
2019-06-12 16:43:15,480 INFO  server.RaftServerConfigKeys (ConfUtils.java:logGet(43)) - raft.server.rpcslowness.timeout = 10s (custom)
2019-06-12 16:43:15,480 INFO  server.RaftServerConfigKeys (ConfUtils.java:logGet(43)) - raft.server.log.appender.install.snapshot.enabled = true (default)
2019-06-12 16:43:15,480 INFO  impl.RaftServerImpl (ServerState.java:<init>(101)) - 8516b62b-f4a5-4778-8174-7d85486d583c:group-671AA6C89FC5 ConfigurationManager, init=-1: [2119c5ce-2917-4f9f-a1e6-2d2ebc708164:192.168.11.207:45679, 4b5dc803-249e-4627-82de-8ec2f0561bae:192.168.11.207:46623, 8516b62b-f4a5-4778-8174-7d85486d583c:192.168.11.207:36771], old=null, confs=<EMPTY_MAP>
2019-06-12 16:43:15,480 INFO  server.RaftServerConfigKeys (ConfUtils.java:logGet(43)) - raft.server.storage.dir = [/opt/src/hadoop-ozone/integration-test/target/test-dir/MiniOzoneClusterImpl-e245855e-1991-4186-8a8b-88746ab31085/datanode-0/data/ratis] (custom)
2019-06-12 16:43:15,481 INFO  impl.RaftServerProxy (RaftServerProxy.java:addNew(89)) - 8516b62b-f4a5-4778-8174-7d85486d583c: addNew group-671AA6C89FC5:[2119c5ce-2917-4f9f-a1e6-2d2ebc708164:192.168.11.207:45679, 4b5dc803-249e-4627-82de-8ec2f0561bae:192.168.11.207:46623, 8516b62b-f4a5-4778-8174-7d85486d583c:192.168.11.207:36771] returns group-671AA6C89FC5:java.util.concurrent.CompletableFuture@3edb1f42[Not completed]
2019-06-12 16:43:15,481 INFO  impl.RaftServerImpl (RaftServerImpl.java:<init>(91)) - 2119c5ce-2917-4f9f-a1e6-2d2ebc708164: new RaftServerImpl for group-671AA6C89FC5:[2119c5ce-2917-4f9f-a1e6-2d2ebc708164:192.168.11.207:45679, 4b5dc803-249e-4627-82de-8ec2f0561bae:192.168.11.207:46623, 8516b62b-f4a5-4778-8174-7d85486d583c:192.168.11.207:36771] with ContainerStateMachine:uninitialized
2019-06-12 16:43:15,481 INFO  storage.RaftStorageDirectory (RaftStorageDirectory.java:analyzeStorage(246)) - The storage directory /opt/src/hadoop-ozone/integration-test/target/test-dir/MiniOzoneClusterImpl-e245855e-1991-4186-8a8b-88746ab31085/datanode-0/data/ratis/69f899ed-7e25-4742-8e81-671aa6c89fc5 does not exist. Creating ...
2019-06-12 16:43:15,481 INFO  server.RaftServerConfigKeys (ConfUtils.java:logGet(43)) - raft.server.rpc.timeout.min = 1s (custom)
2019-06-12 16:43:15,481 INFO  server.RaftServerConfigKeys (ConfUtils.java:logGet(43)) - raft.server.rpc.timeout.max = 1200ms (custom)
2019-06-12 16:43:15,481 INFO  server.RaftServerConfigKeys (ConfUtils.java:logGet(43)) - raft.server.rpcslowness.timeout = 10s (custom)
2019-06-12 16:43:15,481 INFO  storage.RaftStorageDirectory (RaftStorageDirectory.java:tryLock(328)) - Lock on /opt/src/hadoop-ozone/integration-test/target/test-dir/MiniOzoneClusterImpl-e245855e-1991-4186-8a8b-88746ab31085/datanode-1/data/ratis/69f899ed-7e25-4742-8e81-671aa6c89fc5/in_use.lock acquired by nodename 10002@ozone-c9rd4-3849520491
2019-06-12 16:43:15,481 INFO  server.RaftServerConfigKeys (ConfUtils.java:logGet(43)) - raft.server.log.appender.install.snapshot.enabled = true (default)
2019-06-12 16:43:15,482 INFO  impl.RaftServerImpl (ServerState.java:<init>(101)) - 2119c5ce-2917-4f9f-a1e6-2d2ebc708164:group-671AA6C89FC5 ConfigurationManager, init=-1: [2119c5ce-2917-4f9f-a1e6-2d2ebc708164:192.168.11.207:45679, 4b5dc803-249e-4627-82de-8ec2f0561bae:192.168.11.207:46623, 8516b62b-f4a5-4778-8174-7d85486d583c:192.168.11.207:36771], old=null, confs=<EMPTY_MAP>
2019-06-12 16:43:15,482 INFO  server.RaftServerConfigKeys (ConfUtils.java:logGet(43)) - raft.server.storage.dir = [/opt/src/hadoop-ozone/integration-test/target/test-dir/MiniOzoneClusterImpl-e245855e-1991-4186-8a8b-88746ab31085/datanode-2/data/ratis] (custom)
2019-06-12 16:43:15,482 INFO  storage.RaftStorageDirectory (RaftStorageDirectory.java:analyzeStorage(246)) - The storage directory /opt/src/hadoop-ozone/integration-test/target/test-dir/MiniOzoneClusterImpl-e245855e-1991-4186-8a8b-88746ab31085/datanode-2/data/ratis/69f899ed-7e25-4742-8e81-671aa6c89fc5 does not exist. Creating ...
2019-06-12 16:43:15,483 INFO  storage.RaftStorageDirectory (RaftStorageDirectory.java:tryLock(328)) - Lock on /opt/src/hadoop-ozone/integration-test/target/test-dir/MiniOzoneClusterImpl-e245855e-1991-4186-8a8b-88746ab31085/datanode-0/data/ratis/69f899ed-7e25-4742-8e81-671aa6c89fc5/in_use.lock acquired by nodename 10002@ozone-c9rd4-3849520491
2019-06-12 16:43:15,485 INFO  storage.RaftStorageDirectory (RaftStorageDirectory.java:tryLock(328)) - Lock on /opt/src/hadoop-ozone/integration-test/target/test-dir/MiniOzoneClusterImpl-e245855e-1991-4186-8a8b-88746ab31085/datanode-2/data/ratis/69f899ed-7e25-4742-8e81-671aa6c89fc5/in_use.lock acquired by nodename 10002@ozone-c9rd4-3849520491
2019-06-12 16:43:15,485 INFO  storage.RaftStorage (RaftStorage.java:format(75)) - Storage directory /opt/src/hadoop-ozone/integration-test/target/test-dir/MiniOzoneClusterImpl-e245855e-1991-4186-8a8b-88746ab31085/datanode-1/data/ratis/69f899ed-7e25-4742-8e81-671aa6c89fc5 has been successfully formatted.
2019-06-12 16:43:15,486 INFO  ratis.ContainerStateMachine (ContainerStateMachine.java:loadSnapshot(199)) - The snapshot info is null.Setting the last applied index to:(t:0, i:~)
2019-06-12 16:43:15,486 INFO  server.RaftServerConfigKeys (ConfUtils.java:logGet(43)) - raft.server.leader.election.timeout = 10s (custom)
2019-06-12 16:43:15,486 INFO  server.RaftServerConfigKeys (ConfUtils.java:logGet(43)) - raft.server.log.use.memory = false (default)
2019-06-12 16:43:15,486 INFO  server.RaftServerConfigKeys (ConfUtils.java:logGet(43)) - raft.server.log.appender.buffer.byte-limit = 33554432 (custom)
2019-06-12 16:43:15,486 INFO  server.RaftServerConfigKeys (ConfUtils.java:logGet(43)) - raft.server.log.segment.size.max = 16384 (custom)
2019-06-12 16:43:15,486 INFO  server.RaftServerConfigKeys (ConfUtils.java:logGet(43)) - raft.server.log.segment.cache.num.max = 2 (custom)
2019-06-12 16:43:15,486 INFO  storage.RaftStorage (RaftStorage.java:format(75)) - Storage directory /opt/src/hadoop-ozone/integration-test/target/test-dir/MiniOzoneClusterImpl-e245855e-1991-4186-8a8b-88746ab31085/datanode-0/data/ratis/69f899ed-7e25-4742-8e81-671aa6c89fc5 has been successfully formatted.
2019-06-12 16:43:15,486 INFO  storage.RaftLogWorker (RaftLogWorker.java:<init>(123)) - new 4b5dc803-249e-4627-82de-8ec2f0561bae-RaftLogWorker for Storage Directory /opt/src/hadoop-ozone/integration-test/target/test-dir/MiniOzoneClusterImpl-e245855e-1991-4186-8a8b-88746ab31085/datanode-1/data/ratis/69f899ed-7e25-4742-8e81-671aa6c89fc5
2019-06-12 16:43:15,486 INFO  server.RaftServerConfigKeys (ConfUtils.java:logGet(43)) - raft.server.log.queue.byte-limit = 2147483647 (custom)
2019-06-12 16:43:15,486 INFO  ratis.ContainerStateMachine (ContainerStateMachine.java:loadSnapshot(199)) - The snapshot info is null.Setting the last applied index to:(t:0, i:~)
2019-06-12 16:43:15,486 INFO  server.RaftServerConfigKeys (ConfUtils.java:logGet(43)) - raft.server.log.queue.element-limit = 1024 (custom)
2019-06-12 16:43:15,486 INFO  server.RaftServerConfigKeys (ConfUtils.java:logGet(43)) - raft.server.leader.election.timeout = 10s (custom)
2019-06-12 16:43:15,487 INFO  server.RaftServerConfigKeys (ConfUtils.java:logGet(43)) - raft.server.log.segment.size.max = 16384 (custom)
2019-06-12 16:43:15,487 INFO  server.RaftServerConfigKeys (ConfUtils.java:logGet(43)) - raft.server.log.use.memory = false (default)
2019-06-12 16:43:15,487 INFO  server.RaftServerConfigKeys (ConfUtils.java:logGet(43)) - raft.server.log.preallocated.size = 16384 (custom)
2019-06-12 16:43:15,487 INFO  server.RaftServerConfigKeys (ConfUtils.java:logGet(43)) - raft.server.log.appender.buffer.byte-limit = 33554432 (custom)
2019-06-12 16:43:15,487 INFO  server.RaftServerConfigKeys (ConfUtils.java:logGet(43)) - raft.server.log.write.buffer.size = 33554432 (custom)
2019-06-12 16:43:15,487 INFO  server.RaftServerConfigKeys (ConfUtils.java:logGet(43)) - raft.server.log.segment.size.max = 16384 (custom)
2019-06-12 16:43:15,487 INFO  server.RaftServerConfigKeys (ConfUtils.java:logGet(43)) - raft.server.log.force.sync.num = 128 (default)
2019-06-12 16:43:15,487 INFO  server.RaftServerConfigKeys (ConfUtils.java:logGet(43)) - raft.server.log.segment.cache.num.max = 2 (custom)
2019-06-12 16:43:15,487 INFO  server.RaftServerConfigKeys (ConfUtils.java:logGet(43)) - raft.server.log.statemachine.data.sync = true (default)
2019-06-12 16:43:15,487 INFO  storage.RaftLogWorker (RaftLogWorker.java:<init>(123)) - new 8516b62b-f4a5-4778-8174-7d85486d583c-RaftLogWorker for Storage Directory /opt/src/hadoop-ozone/integration-test/target/test-dir/MiniOzoneClusterImpl-e245855e-1991-4186-8a8b-88746ab31085/datanode-0/data/ratis/69f899ed-7e25-4742-8e81-671aa6c89fc5
2019-06-12 16:43:15,487 INFO  server.RaftServerConfigKeys (ConfUtils.java:logGet(43)) - raft.server.log.statemachine.data.sync.timeout = 10s (default)
2019-06-12 16:43:15,487 INFO  server.RaftServerConfigKeys (ConfUtils.java:logGet(43)) - raft.server.log.queue.byte-limit = 2147483647 (custom)
2019-06-12 16:43:15,487 INFO  server.RaftServerConfigKeys (ConfUtils.java:logGet(43)) - raft.server.log.queue.element-limit = 1024 (custom)
2019-06-12 16:43:15,488 INFO  server.RaftServerConfigKeys (ConfUtils.java:logGet(43)) - raft.server.log.segment.size.max = 16384 (custom)
2019-06-12 16:43:15,488 INFO  server.RaftServerConfigKeys (ConfUtils.java:logGet(43)) - raft.server.log.preallocated.size = 16384 (custom)
2019-06-12 16:43:15,488 INFO  server.RaftServerConfigKeys (ConfUtils.java:logGet(43)) - raft.server.log.write.buffer.size = 33554432 (custom)
2019-06-12 16:43:15,488 INFO  server.RaftServerConfigKeys (ConfUtils.java:logGet(43)) - raft.server.log.force.sync.num = 128 (default)
2019-06-12 16:43:15,488 INFO  server.RaftServerConfigKeys (ConfUtils.java:logGet(43)) - raft.server.log.statemachine.data.sync = true (default)
2019-06-12 16:43:15,488 INFO  server.RaftServerConfigKeys (ConfUtils.java:logGet(43)) - raft.server.log.statemachine.data.sync.timeout = 10s (default)
2019-06-12 16:43:15,488 INFO  server.RaftServerConfigKeys (ConfUtils.java:logGet(43)) - raft.server.log.statemachine.data.sync.timeout.retry = -1 (default)
2019-06-12 16:43:15,488 INFO  server.RaftServerConfigKeys (ConfUtils.java:logGet(43)) - raft.server.log.statemachine.data.caching.enabled = true (custom)
2019-06-12 16:43:15,487 INFO  server.RaftServerConfigKeys (ConfUtils.java:logGet(43)) - raft.server.log.statemachine.data.sync.timeout.retry = -1 (default)
2019-06-12 16:43:15,489 INFO  server.RaftServerConfigKeys (ConfUtils.java:logGet(43)) - raft.server.snapshot.auto.trigger.enabled = true (custom)
2019-06-12 16:43:15,489 INFO  server.RaftServerConfigKeys (ConfUtils.java:logGet(43)) - raft.server.snapshot.auto.trigger.threshold = 10000 (custom)
2019-06-12 16:43:15,489 INFO  server.RaftServerConfigKeys (ConfUtils.java:logGet(43)) - raft.server.retrycache.expirytime = 600000ms (custom)
2019-06-12 16:43:15,489 INFO  impl.RaftServerImpl (RaftServerImpl.java:start(173)) - 8516b62b-f4a5-4778-8174-7d85486d583c: start group-671AA6C89FC5
2019-06-12 16:43:15,489 INFO  impl.RaftServerImpl (RaftServerImpl.java:setRole(164)) - 8516b62b-f4a5-4778-8174-7d85486d583c:group-671AA6C89FC5 changes role from null to FOLLOWER at term 0 for startAsFollower
2019-06-12 16:43:15,489 INFO  impl.RoleInfo (RoleInfo.java:updateAndGet(143)) - 8516b62b-f4a5-4778-8174-7d85486d583c: start FollowerState
2019-06-12 16:43:15,487 INFO  storage.RaftStorage (RaftStorage.java:format(75)) - Storage directory /opt/src/hadoop-ozone/integration-test/target/test-dir/MiniOzoneClusterImpl-e245855e-1991-4186-8a8b-88746ab31085/datanode-2/data/ratis/69f899ed-7e25-4742-8e81-671aa6c89fc5 has been successfully formatted.
2019-06-12 16:43:15,489 INFO  server.RaftServerConfigKeys (ConfUtils.java:logGet(43)) - raft.server.log.statemachine.data.caching.enabled = true (custom)
2019-06-12 16:43:15,489 INFO  ratis.ContainerStateMachine (ContainerStateMachine.java:loadSnapshot(199)) - The snapshot info is null.Setting the last applied index to:(t:0, i:~)
2019-06-12 16:43:15,490 INFO  server.RaftServerConfigKeys (ConfUtils.java:logGet(43)) - raft.server.leader.election.timeout = 10s (custom)
2019-06-12 16:43:15,490 INFO  server.RaftServerConfigKeys (ConfUtils.java:logGet(43)) - raft.server.log.use.memory = false (default)
2019-06-12 16:43:15,490 INFO  server.RaftServerConfigKeys (ConfUtils.java:logGet(43)) - raft.server.log.appender.buffer.byte-limit = 33554432 (custom)
2019-06-12 16:43:15,490 INFO  server.RaftServerConfigKeys (ConfUtils.java:logGet(43)) - raft.server.log.segment.size.max = 16384 (custom)
2019-06-12 16:43:15,490 INFO  server.RaftServerConfigKeys (ConfUtils.java:logGet(43)) - raft.server.log.segment.cache.num.max = 2 (custom)
2019-06-12 16:43:15,490 INFO  storage.RaftLogWorker (RaftLogWorker.java:<init>(123)) - new 2119c5ce-2917-4f9f-a1e6-2d2ebc708164-RaftLogWorker for Storage Directory /opt/src/hadoop-ozone/integration-test/target/test-dir/MiniOzoneClusterImpl-e245855e-1991-4186-8a8b-88746ab31085/datanode-2/data/ratis/69f899ed-7e25-4742-8e81-671aa6c89fc5
2019-06-12 16:43:15,490 INFO  server.RaftServerConfigKeys (ConfUtils.java:logGet(43)) - raft.server.log.queue.byte-limit = 2147483647 (custom)
2019-06-12 16:43:15,490 INFO  server.RaftServerConfigKeys (ConfUtils.java:logGet(43)) - raft.server.log.queue.element-limit = 1024 (custom)
2019-06-12 16:43:15,490 INFO  server.RaftServerConfigKeys (ConfUtils.java:logGet(43)) - raft.server.log.segment.size.max = 16384 (custom)
2019-06-12 16:43:15,490 INFO  server.RaftServerConfigKeys (ConfUtils.java:logGet(43)) - raft.server.log.preallocated.size = 16384 (custom)
2019-06-12 16:43:15,491 INFO  server.RaftServerConfigKeys (ConfUtils.java:logGet(43)) - raft.server.log.write.buffer.size = 33554432 (custom)
2019-06-12 16:43:15,491 INFO  server.RaftServerConfigKeys (ConfUtils.java:logGet(43)) - raft.server.log.force.sync.num = 128 (default)
2019-06-12 16:43:15,491 INFO  server.RaftServerConfigKeys (ConfUtils.java:logGet(43)) - raft.server.log.statemachine.data.sync = true (default)
2019-06-12 16:43:15,491 INFO  server.RaftServerConfigKeys (ConfUtils.java:logGet(43)) - raft.server.log.statemachine.data.sync.timeout = 10s (default)
2019-06-12 16:43:15,491 INFO  server.RaftServerConfigKeys (ConfUtils.java:logGet(43)) - raft.server.log.statemachine.data.sync.timeout.retry = -1 (default)
2019-06-12 16:43:15,491 INFO  server.RaftServerConfigKeys (ConfUtils.java:logGet(43)) - raft.server.log.statemachine.data.caching.enabled = true (custom)
2019-06-12 16:43:15,491 INFO  util.JmxRegister (JmxRegister.java:tryRegister(44)) - Successfully registered JMX Bean with object name Ratis:service=RaftServer,group=group-671AA6C89FC5,id=8516b62b-f4a5-4778-8174-7d85486d583c
2019-06-12 16:43:15,491 INFO  server.RaftServerConfigKeys (ConfUtils.java:logGet(43)) - raft.server.snapshot.auto.trigger.enabled = true (custom)
2019-06-12 16:43:15,491 INFO  server.RaftServerConfigKeys (ConfUtils.java:logGet(43)) - raft.server.snapshot.auto.trigger.enabled = true (custom)
2019-06-12 16:43:15,491 INFO  server.RaftServerConfigKeys (ConfUtils.java:logGet(43)) - raft.server.snapshot.auto.trigger.threshold = 10000 (custom)
2019-06-12 16:43:15,491 INFO  server.RaftServerConfigKeys (ConfUtils.java:logGet(43)) - raft.server.snapshot.auto.trigger.threshold = 10000 (custom)
2019-06-12 16:43:15,492 INFO  server.RaftServerConfigKeys (ConfUtils.java:logGet(43)) - raft.server.retrycache.expirytime = 600000ms (custom)
2019-06-12 16:43:15,492 INFO  impl.RaftServerImpl (RaftServerImpl.java:start(173)) - 4b5dc803-249e-4627-82de-8ec2f0561bae: start group-671AA6C89FC5
2019-06-12 16:43:15,492 INFO  impl.RaftServerImpl (RaftServerImpl.java:setRole(164)) - 4b5dc803-249e-4627-82de-8ec2f0561bae:group-671AA6C89FC5 changes role from null to FOLLOWER at term 0 for startAsFollower
2019-06-12 16:43:15,492 INFO  impl.RoleInfo (RoleInfo.java:updateAndGet(143)) - 4b5dc803-249e-4627-82de-8ec2f0561bae: start FollowerState
2019-06-12 16:43:15,492 INFO  server.RaftServerConfigKeys (ConfUtils.java:logGet(43)) - raft.server.retrycache.expirytime = 600000ms (custom)
2019-06-12 16:43:15,492 INFO  impl.RaftServerImpl (RaftServerImpl.java:start(173)) - 2119c5ce-2917-4f9f-a1e6-2d2ebc708164: start group-671AA6C89FC5
2019-06-12 16:43:15,492 INFO  impl.RaftServerImpl (RaftServerImpl.java:setRole(164)) - 2119c5ce-2917-4f9f-a1e6-2d2ebc708164:group-671AA6C89FC5 changes role from null to FOLLOWER at term 0 for startAsFollower
2019-06-12 16:43:15,493 INFO  impl.RoleInfo (RoleInfo.java:updateAndGet(143)) - 2119c5ce-2917-4f9f-a1e6-2d2ebc708164: start FollowerState
2019-06-12 16:43:15,493 INFO  util.JmxRegister (JmxRegister.java:tryRegister(44)) - Successfully registered JMX Bean with object name Ratis:service=RaftServer,group=group-671AA6C89FC5,id=4b5dc803-249e-4627-82de-8ec2f0561bae
2019-06-12 16:43:15,497 INFO  util.JmxRegister (JmxRegister.java:tryRegister(44)) - Successfully registered JMX Bean with object name Ratis:service=RaftServer,group=group-671AA6C89FC5,id=2119c5ce-2917-4f9f-a1e6-2d2ebc708164
2019-06-12 16:43:15,511 INFO  pipeline.PipelineStateManager (PipelineStateManager.java:addPipeline(56)) - Created pipeline Pipeline[ Id: 69f899ed-7e25-4742-8e81-671aa6c89fc5, Nodes: 8516b62b-f4a5-4778-8174-7d85486d583c{ip: 192.168.11.207, host: ozone-c9rd4-3849520491, networkLocation: /default-rack, certSerialId: null}4b5dc803-249e-4627-82de-8ec2f0561bae{ip: 192.168.11.207, host: ozone-c9rd4-3849520491, networkLocation: /default-rack, certSerialId: null}2119c5ce-2917-4f9f-a1e6-2d2ebc708164{ip: 192.168.11.207, host: ozone-c9rd4-3849520491, networkLocation: /default-rack, certSerialId: null}, Type:RATIS, Factor:THREE, State:OPEN]
2019-06-12 16:43:15,593 INFO  node.SCMNodeManager (SCMNodeManager.java:register(234)) - Registered Data node : 1e6b8198-feda-4f90-a8de-0bf24f8cfb47{ip: 192.168.11.207, host: ozone-c9rd4-3849520491, networkLocation: /default-rack, certSerialId: null}
2019-06-12 16:43:15,604 INFO  impl.RaftServerProxy (RaftServerProxy.java:addNew(89)) - 1e6b8198-feda-4f90-a8de-0bf24f8cfb47: addNew group-C9AE9AE66A68:[1e6b8198-feda-4f90-a8de-0bf24f8cfb47:192.168.11.207:46801] returns group-C9AE9AE66A68:java.util.concurrent.CompletableFuture@4ae84ba4[Not completed]
2019-06-12 16:43:15,606 INFO  impl.RaftServerImpl (RaftServerImpl.java:<init>(91)) - 1e6b8198-feda-4f90-a8de-0bf24f8cfb47: new RaftServerImpl for group-C9AE9AE66A68:[1e6b8198-feda-4f90-a8de-0bf24f8cfb47:192.168.11.207:46801] with ContainerStateMachine:uninitialized
2019-06-12 16:43:15,606 INFO  server.RaftServerConfigKeys (ConfUtils.java:logGet(43)) - raft.server.rpc.timeout.min = 1s (custom)
2019-06-12 16:43:15,606 INFO  server.RaftServerConfigKeys (ConfUtils.java:logGet(43)) - raft.server.rpc.timeout.max = 1200ms (custom)
2019-06-12 16:43:15,606 INFO  server.RaftServerConfigKeys (ConfUtils.java:logGet(43)) - raft.server.rpcslowness.timeout = 10s (custom)
2019-06-12 16:43:15,606 INFO  server.RaftServerConfigKeys (ConfUtils.java:logGet(43)) - raft.server.log.appender.install.snapshot.enabled = true (default)
2019-06-12 16:43:15,606 INFO  impl.RaftServerImpl (ServerState.java:<init>(101)) - 1e6b8198-feda-4f90-a8de-0bf24f8cfb47:group-C9AE9AE66A68 ConfigurationManager, init=-1: [1e6b8198-feda-4f90-a8de-0bf24f8cfb47:192.168.11.207:46801], old=null, confs=<EMPTY_MAP>
2019-06-12 16:43:15,607 INFO  server.RaftServerConfigKeys (ConfUtils.java:logGet(43)) - raft.server.storage.dir = [/opt/src/hadoop-ozone/integration-test/target/test-dir/MiniOzoneClusterImpl-e245855e-1991-4186-8a8b-88746ab31085/datanode-4/data/ratis] (custom)
2019-06-12 16:43:15,607 INFO  storage.RaftStorageDirectory (RaftStorageDirectory.java:analyzeStorage(246)) - The storage directory /opt/src/hadoop-ozone/integration-test/target/test-dir/MiniOzoneClusterImpl-e245855e-1991-4186-8a8b-88746ab31085/datanode-4/data/ratis/d8763007-64d2-4fbc-9a35-c9ae9ae66a68 does not exist. Creating ...
2019-06-12 16:43:15,609 INFO  storage.RaftStorageDirectory (RaftStorageDirectory.java:tryLock(328)) - Lock on /opt/src/hadoop-ozone/integration-test/target/test-dir/MiniOzoneClusterImpl-e245855e-1991-4186-8a8b-88746ab31085/datanode-4/data/ratis/d8763007-64d2-4fbc-9a35-c9ae9ae66a68/in_use.lock acquired by nodename 10002@ozone-c9rd4-3849520491
2019-06-12 16:43:15,612 INFO  storage.RaftStorage (RaftStorage.java:format(75)) - Storage directory /opt/src/hadoop-ozone/integration-test/target/test-dir/MiniOzoneClusterImpl-e245855e-1991-4186-8a8b-88746ab31085/datanode-4/data/ratis/d8763007-64d2-4fbc-9a35-c9ae9ae66a68 has been successfully formatted.
2019-06-12 16:43:15,612 INFO  ratis.ContainerStateMachine (ContainerStateMachine.java:loadSnapshot(199)) - The snapshot info is null.Setting the last applied index to:(t:0, i:~)
2019-06-12 16:43:15,612 INFO  server.RaftServerConfigKeys (ConfUtils.java:logGet(43)) - raft.server.leader.election.timeout = 10s (custom)
2019-06-12 16:43:15,612 INFO  server.RaftServerConfigKeys (ConfUtils.java:logGet(43)) - raft.server.log.use.memory = false (default)
2019-06-12 16:43:15,612 INFO  server.RaftServerConfigKeys (ConfUtils.java:logGet(43)) - raft.server.log.appender.buffer.byte-limit = 33554432 (custom)
2019-06-12 16:43:15,612 INFO  server.RaftServerConfigKeys (ConfUtils.java:logGet(43)) - raft.server.log.segment.size.max = 16384 (custom)
2019-06-12 16:43:15,612 INFO  server.RaftServerConfigKeys (ConfUtils.java:logGet(43)) - raft.server.log.segment.cache.num.max = 2 (custom)
2019-06-12 16:43:15,612 INFO  storage.RaftLogWorker (RaftLogWorker.java:<init>(123)) - new 1e6b8198-feda-4f90-a8de-0bf24f8cfb47-RaftLogWorker for Storage Directory /opt/src/hadoop-ozone/integration-test/target/test-dir/MiniOzoneClusterImpl-e245855e-1991-4186-8a8b-88746ab31085/datanode-4/data/ratis/d8763007-64d2-4fbc-9a35-c9ae9ae66a68
2019-06-12 16:43:15,612 INFO  server.RaftServerConfigKeys (ConfUtils.java:logGet(43)) - raft.server.log.queue.byte-limit = 2147483647 (custom)
2019-06-12 16:43:15,612 INFO  server.RaftServerConfigKeys (ConfUtils.java:logGet(43)) - raft.server.log.queue.element-limit = 1024 (custom)
2019-06-12 16:43:15,612 INFO  server.RaftServerConfigKeys (ConfUtils.java:logGet(43)) - raft.server.log.segment.size.max = 16384 (custom)
2019-06-12 16:43:15,613 INFO  server.RaftServerConfigKeys (ConfUtils.java:logGet(43)) - raft.server.log.preallocated.size = 16384 (custom)
2019-06-12 16:43:15,613 INFO  server.RaftServerConfigKeys (ConfUtils.java:logGet(43)) - raft.server.log.write.buffer.size = 33554432 (custom)
2019-06-12 16:43:15,613 INFO  server.RaftServerConfigKeys (ConfUtils.java:logGet(43)) - raft.server.log.force.sync.num = 128 (default)
2019-06-12 16:43:15,613 INFO  server.RaftServerConfigKeys (ConfUtils.java:logGet(43)) - raft.server.log.statemachine.data.sync = true (default)
2019-06-12 16:43:15,613 INFO  server.RaftServerConfigKeys (ConfUtils.java:logGet(43)) - raft.server.log.statemachine.data.sync.timeout = 10s (default)
2019-06-12 16:43:15,613 INFO  server.RaftServerConfigKeys (ConfUtils.java:logGet(43)) - raft.server.log.statemachine.data.sync.timeout.retry = -1 (default)
2019-06-12 16:43:15,613 INFO  server.RaftServerConfigKeys (ConfUtils.java:logGet(43)) - raft.server.log.statemachine.data.caching.enabled = true (custom)
2019-06-12 16:43:15,614 INFO  server.RaftServerConfigKeys (ConfUtils.java:logGet(43)) - raft.server.snapshot.auto.trigger.enabled = true (custom)
2019-06-12 16:43:15,614 INFO  server.RaftServerConfigKeys (ConfUtils.java:logGet(43)) - raft.server.snapshot.auto.trigger.threshold = 10000 (custom)
2019-06-12 16:43:15,614 INFO  server.RaftServerConfigKeys (ConfUtils.java:logGet(43)) - raft.server.retrycache.expirytime = 600000ms (custom)
2019-06-12 16:43:15,614 INFO  impl.RaftServerImpl (RaftServerImpl.java:start(173)) - 1e6b8198-feda-4f90-a8de-0bf24f8cfb47: start group-C9AE9AE66A68
2019-06-12 16:43:15,614 INFO  impl.RaftServerImpl (RaftServerImpl.java:setRole(164)) - 1e6b8198-feda-4f90-a8de-0bf24f8cfb47:group-C9AE9AE66A68 changes role from null to FOLLOWER at term 0 for startAsFollower
2019-06-12 16:43:15,614 INFO  impl.RoleInfo (RoleInfo.java:updateAndGet(143)) - 1e6b8198-feda-4f90-a8de-0bf24f8cfb47: start FollowerState
2019-06-12 16:43:15,614 INFO  util.JmxRegister (JmxRegister.java:tryRegister(44)) - Successfully registered JMX Bean with object name Ratis:service=RaftServer,group=group-C9AE9AE66A68,id=1e6b8198-feda-4f90-a8de-0bf24f8cfb47
2019-06-12 16:43:15,619 INFO  pipeline.PipelineStateManager (PipelineStateManager.java:addPipeline(56)) - Created pipeline Pipeline[ Id: d8763007-64d2-4fbc-9a35-c9ae9ae66a68, Nodes: 1e6b8198-feda-4f90-a8de-0bf24f8cfb47{ip: 192.168.11.207, host: ozone-c9rd4-3849520491, networkLocation: /default-rack, certSerialId: null}, Type:RATIS, Factor:ONE, State:OPEN]
2019-06-12 16:43:15,794 INFO  ozone.MiniOzoneClusterImpl (MiniOzoneClusterImpl.java:lambda$waitForClusterToBeReady$0(142)) - Waiting for cluster to be ready. Got 5 of 6 DN Heartbeats.
2019-06-12 16:43:15,804 INFO  node.SCMNodeManager (SCMNodeManager.java:register(234)) - Registered Data node : 100c9b83-548c-4c60-afbd-e893efc5c844{ip: 192.168.11.207, host: ozone-c9rd4-3849520491, networkLocation: /default-rack, certSerialId: null}
2019-06-12 16:43:15,816 INFO  impl.RaftServerProxy (RaftServerProxy.java:addNew(89)) - 100c9b83-548c-4c60-afbd-e893efc5c844: addNew group-01411043A40C:[100c9b83-548c-4c60-afbd-e893efc5c844:192.168.11.207:33301] returns group-01411043A40C:java.util.concurrent.CompletableFuture@688b0be3[Not completed]
2019-06-12 16:43:15,817 INFO  impl.RaftServerImpl (RaftServerImpl.java:<init>(91)) - 100c9b83-548c-4c60-afbd-e893efc5c844: new RaftServerImpl for group-01411043A40C:[100c9b83-548c-4c60-afbd-e893efc5c844:192.168.11.207:33301] with ContainerStateMachine:uninitialized
2019-06-12 16:43:15,817 INFO  server.RaftServerConfigKeys (ConfUtils.java:logGet(43)) - raft.server.rpc.timeout.min = 1s (custom)
2019-06-12 16:43:15,817 INFO  server.RaftServerConfigKeys (ConfUtils.java:logGet(43)) - raft.server.rpc.timeout.max = 1200ms (custom)
2019-06-12 16:43:15,817 INFO  server.RaftServerConfigKeys (ConfUtils.java:logGet(43)) - raft.server.rpcslowness.timeout = 10s (custom)
2019-06-12 16:43:15,817 INFO  server.RaftServerConfigKeys (ConfUtils.java:logGet(43)) - raft.server.log.appender.install.snapshot.enabled = true (default)
2019-06-12 16:43:15,817 INFO  impl.RaftServerImpl (ServerState.java:<init>(101)) - 100c9b83-548c-4c60-afbd-e893efc5c844:group-01411043A40C ConfigurationManager, init=-1: [100c9b83-548c-4c60-afbd-e893efc5c844:192.168.11.207:33301], old=null, confs=<EMPTY_MAP>
2019-06-12 16:43:15,817 INFO  server.RaftServerConfigKeys (ConfUtils.java:logGet(43)) - raft.server.storage.dir = [/opt/src/hadoop-ozone/integration-test/target/test-dir/MiniOzoneClusterImpl-e245855e-1991-4186-8a8b-88746ab31085/datanode-5/data/ratis] (custom)
2019-06-12 16:43:15,818 INFO  storage.RaftStorageDirectory (RaftStorageDirectory.java:analyzeStorage(246)) - The storage directory /opt/src/hadoop-ozone/integration-test/target/test-dir/MiniOzoneClusterImpl-e245855e-1991-4186-8a8b-88746ab31085/datanode-5/data/ratis/e7c10e6a-c4fc-4f54-82e6-01411043a40c does not exist. Creating ...
2019-06-12 16:43:15,820 INFO  storage.RaftStorageDirectory (RaftStorageDirectory.java:tryLock(328)) - Lock on /opt/src/hadoop-ozone/integration-test/target/test-dir/MiniOzoneClusterImpl-e245855e-1991-4186-8a8b-88746ab31085/datanode-5/data/ratis/e7c10e6a-c4fc-4f54-82e6-01411043a40c/in_use.lock acquired by nodename 10002@ozone-c9rd4-3849520491
2019-06-12 16:43:15,822 INFO  storage.RaftStorage (RaftStorage.java:format(75)) - Storage directory /opt/src/hadoop-ozone/integration-test/target/test-dir/MiniOzoneClusterImpl-e245855e-1991-4186-8a8b-88746ab31085/datanode-5/data/ratis/e7c10e6a-c4fc-4f54-82e6-01411043a40c has been successfully formatted.
2019-06-12 16:43:15,822 INFO  ratis.ContainerStateMachine (ContainerStateMachine.java:loadSnapshot(199)) - The snapshot info is null.Setting the last applied index to:(t:0, i:~)
2019-06-12 16:43:15,822 INFO  server.RaftServerConfigKeys (ConfUtils.java:logGet(43)) - raft.server.leader.election.timeout = 10s (custom)
2019-06-12 16:43:15,822 INFO  server.RaftServerConfigKeys (ConfUtils.java:logGet(43)) - raft.server.log.use.memory = false (default)
2019-06-12 16:43:15,822 INFO  server.RaftServerConfigKeys (ConfUtils.java:logGet(43)) - raft.server.log.appender.buffer.byte-limit = 33554432 (custom)
2019-06-12 16:43:15,822 INFO  server.RaftServerConfigKeys (ConfUtils.java:logGet(43)) - raft.server.log.segment.size.max = 16384 (custom)
2019-06-12 16:43:15,822 INFO  server.RaftServerConfigKeys (ConfUtils.java:logGet(43)) - raft.server.log.segment.cache.num.max = 2 (custom)
2019-06-12 16:43:15,823 INFO  storage.RaftLogWorker (RaftLogWorker.java:<init>(123)) - new 100c9b83-548c-4c60-afbd-e893efc5c844-RaftLogWorker for Storage Directory /opt/src/hadoop-ozone/integration-test/target/test-dir/MiniOzoneClusterImpl-e245855e-1991-4186-8a8b-88746ab31085/datanode-5/data/ratis/e7c10e6a-c4fc-4f54-82e6-01411043a40c
2019-06-12 16:43:15,823 INFO  server.RaftServerConfigKeys (ConfUtils.java:logGet(43)) - raft.server.log.queue.byte-limit = 2147483647 (custom)
2019-06-12 16:43:15,823 INFO  server.RaftServerConfigKeys (ConfUtils.java:logGet(43)) - raft.server.log.queue.element-limit = 1024 (custom)
2019-06-12 16:43:15,823 INFO  server.RaftServerConfigKeys (ConfUtils.java:logGet(43)) - raft.server.log.segment.size.max = 16384 (custom)
2019-06-12 16:43:15,823 INFO  server.RaftServerConfigKeys (ConfUtils.java:logGet(43)) - raft.server.log.preallocated.size = 16384 (custom)
2019-06-12 16:43:15,823 INFO  server.RaftServerConfigKeys (ConfUtils.java:logGet(43)) - raft.server.log.write.buffer.size = 33554432 (custom)
2019-06-12 16:43:15,823 INFO  server.RaftServerConfigKeys (ConfUtils.java:logGet(43)) - raft.server.log.force.sync.num = 128 (default)
2019-06-12 16:43:15,823 INFO  server.RaftServerConfigKeys (ConfUtils.java:logGet(43)) - raft.server.log.statemachine.data.sync = true (default)
2019-06-12 16:43:15,823 INFO  server.RaftServerConfigKeys (ConfUtils.java:logGet(43)) - raft.server.log.statemachine.data.sync.timeout = 10s (default)
2019-06-12 16:43:15,823 INFO  server.RaftServerConfigKeys (ConfUtils.java:logGet(43)) - raft.server.log.statemachine.data.sync.timeout.retry = -1 (default)
2019-06-12 16:43:15,823 INFO  server.RaftServerConfigKeys (ConfUtils.java:logGet(43)) - raft.server.log.statemachine.data.caching.enabled = true (custom)
2019-06-12 16:43:15,823 INFO  server.RaftServerConfigKeys (ConfUtils.java:logGet(43)) - raft.server.snapshot.auto.trigger.enabled = true (custom)
2019-06-12 16:43:15,824 INFO  server.RaftServerConfigKeys (ConfUtils.java:logGet(43)) - raft.server.snapshot.auto.trigger.threshold = 10000 (custom)
2019-06-12 16:43:15,824 INFO  server.RaftServerConfigKeys (ConfUtils.java:logGet(43)) - raft.server.retrycache.expirytime = 600000ms (custom)
2019-06-12 16:43:15,824 INFO  impl.RaftServerImpl (RaftServerImpl.java:start(173)) - 100c9b83-548c-4c60-afbd-e893efc5c844: start group-01411043A40C
2019-06-12 16:43:15,824 INFO  impl.RaftServerImpl (RaftServerImpl.java:setRole(164)) - 100c9b83-548c-4c60-afbd-e893efc5c844:group-01411043A40C changes role from null to FOLLOWER at term 0 for startAsFollower
2019-06-12 16:43:15,824 INFO  impl.RoleInfo (RoleInfo.java:updateAndGet(143)) - 100c9b83-548c-4c60-afbd-e893efc5c844: start FollowerState
2019-06-12 16:43:15,824 INFO  util.JmxRegister (JmxRegister.java:tryRegister(44)) - Successfully registered JMX Bean with object name Ratis:service=RaftServer,group=group-01411043A40C,id=100c9b83-548c-4c60-afbd-e893efc5c844
2019-06-12 16:43:15,830 INFO  pipeline.PipelineStateManager (PipelineStateManager.java:addPipeline(56)) - Created pipeline Pipeline[ Id: e7c10e6a-c4fc-4f54-82e6-01411043a40c, Nodes: 100c9b83-548c-4c60-afbd-e893efc5c844{ip: 192.168.11.207, host: ozone-c9rd4-3849520491, networkLocation: /default-rack, certSerialId: null}, Type:RATIS, Factor:ONE, State:OPEN]
2019-06-12 16:43:15,846 INFO  impl.RaftServerProxy (RaftServerProxy.java:addNew(89)) - 100c9b83-548c-4c60-afbd-e893efc5c844: addNew group-26A742BA58AB:[1e6b8198-feda-4f90-a8de-0bf24f8cfb47:192.168.11.207:46801, 100c9b83-548c-4c60-afbd-e893efc5c844:192.168.11.207:33301, 2c4dec0a-9e88-414e-9b3d-55a44c41e6d5:192.168.11.207:44781] returns group-26A742BA58AB:java.util.concurrent.CompletableFuture@10ba1087[Not completed]
2019-06-12 16:43:15,846 INFO  impl.RaftServerImpl (RaftServerImpl.java:<init>(91)) - 100c9b83-548c-4c60-afbd-e893efc5c844: new RaftServerImpl for group-26A742BA58AB:[1e6b8198-feda-4f90-a8de-0bf24f8cfb47:192.168.11.207:46801, 100c9b83-548c-4c60-afbd-e893efc5c844:192.168.11.207:33301, 2c4dec0a-9e88-414e-9b3d-55a44c41e6d5:192.168.11.207:44781] with ContainerStateMachine:uninitialized
2019-06-12 16:43:15,846 INFO  server.RaftServerConfigKeys (ConfUtils.java:logGet(43)) - raft.server.rpc.timeout.min = 1s (custom)
2019-06-12 16:43:15,846 INFO  server.RaftServerConfigKeys (ConfUtils.java:logGet(43)) - raft.server.rpc.timeout.max = 1200ms (custom)
2019-06-12 16:43:15,846 INFO  server.RaftServerConfigKeys (ConfUtils.java:logGet(43)) - raft.server.rpcslowness.timeout = 10s (custom)
2019-06-12 16:43:15,847 INFO  server.RaftServerConfigKeys (ConfUtils.java:logGet(43)) - raft.server.log.appender.install.snapshot.enabled = true (default)
2019-06-12 16:43:15,847 INFO  impl.RaftServerImpl (ServerState.java:<init>(101)) - 100c9b83-548c-4c60-afbd-e893efc5c844:group-26A742BA58AB ConfigurationManager, init=-1: [1e6b8198-feda-4f90-a8de-0bf24f8cfb47:192.168.11.207:46801, 100c9b83-548c-4c60-afbd-e893efc5c844:192.168.11.207:33301, 2c4dec0a-9e88-414e-9b3d-55a44c41e6d5:192.168.11.207:44781], old=null, confs=<EMPTY_MAP>
2019-06-12 16:43:15,847 INFO  server.RaftServerConfigKeys (ConfUtils.java:logGet(43)) - raft.server.storage.dir = [/opt/src/hadoop-ozone/integration-test/target/test-dir/MiniOzoneClusterImpl-e245855e-1991-4186-8a8b-88746ab31085/datanode-5/data/ratis] (custom)
2019-06-12 16:43:15,847 INFO  storage.RaftStorageDirectory (RaftStorageDirectory.java:analyzeStorage(246)) - The storage directory /opt/src/hadoop-ozone/integration-test/target/test-dir/MiniOzoneClusterImpl-e245855e-1991-4186-8a8b-88746ab31085/datanode-5/data/ratis/166599d3-1e87-4547-bc69-26a742ba58ab does not exist. Creating ...
2019-06-12 16:43:15,850 INFO  storage.RaftStorageDirectory (RaftStorageDirectory.java:tryLock(328)) - Lock on /opt/src/hadoop-ozone/integration-test/target/test-dir/MiniOzoneClusterImpl-e245855e-1991-4186-8a8b-88746ab31085/datanode-5/data/ratis/166599d3-1e87-4547-bc69-26a742ba58ab/in_use.lock acquired by nodename 10002@ozone-c9rd4-3849520491
2019-06-12 16:43:15,853 INFO  impl.RaftServerProxy (RaftServerProxy.java:addNew(89)) - 1e6b8198-feda-4f90-a8de-0bf24f8cfb47: addNew group-26A742BA58AB:[1e6b8198-feda-4f90-a8de-0bf24f8cfb47:192.168.11.207:46801, 100c9b83-548c-4c60-afbd-e893efc5c844:192.168.11.207:33301, 2c4dec0a-9e88-414e-9b3d-55a44c41e6d5:192.168.11.207:44781] returns group-26A742BA58AB:java.util.concurrent.CompletableFuture@20f6211e[Not completed]
2019-06-12 16:43:15,853 INFO  impl.RaftServerProxy (RaftServerProxy.java:addNew(89)) - 2c4dec0a-9e88-414e-9b3d-55a44c41e6d5: addNew group-26A742BA58AB:[1e6b8198-feda-4f90-a8de-0bf24f8cfb47:192.168.11.207:46801, 100c9b83-548c-4c60-afbd-e893efc5c844:192.168.11.207:33301, 2c4dec0a-9e88-414e-9b3d-55a44c41e6d5:192.168.11.207:44781] returns group-26A742BA58AB:java.util.concurrent.CompletableFuture@14858648[Not completed]
2019-06-12 16:43:15,853 INFO  impl.RaftServerImpl (RaftServerImpl.java:<init>(91)) - 1e6b8198-feda-4f90-a8de-0bf24f8cfb47: new RaftServerImpl for group-26A742BA58AB:[1e6b8198-feda-4f90-a8de-0bf24f8cfb47:192.168.11.207:46801, 100c9b83-548c-4c60-afbd-e893efc5c844:192.168.11.207:33301, 2c4dec0a-9e88-414e-9b3d-55a44c41e6d5:192.168.11.207:44781] with ContainerStateMachine:uninitialized
2019-06-12 16:43:15,854 INFO  server.RaftServerConfigKeys (ConfUtils.java:logGet(43)) - raft.server.rpc.timeout.min = 1s (custom)
2019-06-12 16:43:15,854 INFO  server.RaftServerConfigKeys (ConfUtils.java:logGet(43)) - raft.server.rpc.timeout.max = 1200ms (custom)
2019-06-12 16:43:15,854 INFO  server.RaftServerConfigKeys (ConfUtils.java:logGet(43)) - raft.server.rpcslowness.timeout = 10s (custom)
2019-06-12 16:43:15,854 INFO  server.RaftServerConfigKeys (ConfUtils.java:logGet(43)) - raft.server.log.appender.install.snapshot.enabled = true (default)
2019-06-12 16:43:15,854 INFO  impl.RaftServerImpl (ServerState.java:<init>(101)) - 1e6b8198-feda-4f90-a8de-0bf24f8cfb47:group-26A742BA58AB ConfigurationManager, init=-1: [1e6b8198-feda-4f90-a8de-0bf24f8cfb47:192.168.11.207:46801, 100c9b83-548c-4c60-afbd-e893efc5c844:192.168.11.207:33301, 2c4dec0a-9e88-414e-9b3d-55a44c41e6d5:192.168.11.207:44781], old=null, confs=<EMPTY_MAP>
2019-06-12 16:43:15,854 INFO  server.RaftServerConfigKeys (ConfUtils.java:logGet(43)) - raft.server.storage.dir = [/opt/src/hadoop-ozone/integration-test/target/test-dir/MiniOzoneClusterImpl-e245855e-1991-4186-8a8b-88746ab31085/datanode-4/data/ratis] (custom)
2019-06-12 16:43:15,854 INFO  storage.RaftStorageDirectory (RaftStorageDirectory.java:analyzeStorage(246)) - The storage directory /opt/src/hadoop-ozone/integration-test/target/test-dir/MiniOzoneClusterImpl-e245855e-1991-4186-8a8b-88746ab31085/datanode-4/data/ratis/166599d3-1e87-4547-bc69-26a742ba58ab does not exist. Creating ...
2019-06-12 16:43:15,855 INFO  impl.RaftServerImpl (RaftServerImpl.java:<init>(91)) - 2c4dec0a-9e88-414e-9b3d-55a44c41e6d5: new RaftServerImpl for group-26A742BA58AB:[1e6b8198-feda-4f90-a8de-0bf24f8cfb47:192.168.11.207:46801, 100c9b83-548c-4c60-afbd-e893efc5c844:192.168.11.207:33301, 2c4dec0a-9e88-414e-9b3d-55a44c41e6d5:192.168.11.207:44781] with ContainerStateMachine:uninitialized
2019-06-12 16:43:15,856 INFO  server.RaftServerConfigKeys (ConfUtils.java:logGet(43)) - raft.server.rpc.timeout.min = 1s (custom)
2019-06-12 16:43:15,856 INFO  server.RaftServerConfigKeys (ConfUtils.java:logGet(43)) - raft.server.rpc.timeout.max = 1200ms (custom)
2019-06-12 16:43:15,856 INFO  server.RaftServerConfigKeys (ConfUtils.java:logGet(43)) - raft.server.rpcslowness.timeout = 10s (custom)
2019-06-12 16:43:15,856 INFO  server.RaftServerConfigKeys (ConfUtils.java:logGet(43)) - raft.server.log.appender.install.snapshot.enabled = true (default)
2019-06-12 16:43:15,856 INFO  impl.RaftServerImpl (ServerState.java:<init>(101)) - 2c4dec0a-9e88-414e-9b3d-55a44c41e6d5:group-26A742BA58AB ConfigurationManager, init=-1: [1e6b8198-feda-4f90-a8de-0bf24f8cfb47:192.168.11.207:46801, 100c9b83-548c-4c60-afbd-e893efc5c844:192.168.11.207:33301, 2c4dec0a-9e88-414e-9b3d-55a44c41e6d5:192.168.11.207:44781], old=null, confs=<EMPTY_MAP>
2019-06-12 16:43:15,856 INFO  server.RaftServerConfigKeys (ConfUtils.java:logGet(43)) - raft.server.storage.dir = [/opt/src/hadoop-ozone/integration-test/target/test-dir/MiniOzoneClusterImpl-e245855e-1991-4186-8a8b-88746ab31085/datanode-3/data/ratis] (custom)
2019-06-12 16:43:15,856 INFO  storage.RaftStorageDirectory (RaftStorageDirectory.java:analyzeStorage(246)) - The storage directory /opt/src/hadoop-ozone/integration-test/target/test-dir/MiniOzoneClusterImpl-e245855e-1991-4186-8a8b-88746ab31085/datanode-3/data/ratis/166599d3-1e87-4547-bc69-26a742ba58ab does not exist. Creating ...
2019-06-12 16:43:15,856 INFO  storage.RaftStorageDirectory (RaftStorageDirectory.java:tryLock(328)) - Lock on /opt/src/hadoop-ozone/integration-test/target/test-dir/MiniOzoneClusterImpl-e245855e-1991-4186-8a8b-88746ab31085/datanode-4/data/ratis/166599d3-1e87-4547-bc69-26a742ba58ab/in_use.lock acquired by nodename 10002@ozone-c9rd4-3849520491
2019-06-12 16:43:15,858 INFO  storage.RaftStorage (RaftStorage.java:format(75)) - Storage directory /opt/src/hadoop-ozone/integration-test/target/test-dir/MiniOzoneClusterImpl-e245855e-1991-4186-8a8b-88746ab31085/datanode-5/data/ratis/166599d3-1e87-4547-bc69-26a742ba58ab has been successfully formatted.
2019-06-12 16:43:15,859 INFO  ratis.ContainerStateMachine (ContainerStateMachine.java:loadSnapshot(199)) - The snapshot info is null.Setting the last applied index to:(t:0, i:~)
2019-06-12 16:43:15,859 INFO  server.RaftServerConfigKeys (ConfUtils.java:logGet(43)) - raft.server.leader.election.timeout = 10s (custom)
2019-06-12 16:43:15,860 INFO  server.RaftServerConfigKeys (ConfUtils.java:logGet(43)) - raft.server.log.use.memory = false (default)
2019-06-12 16:43:15,860 INFO  server.RaftServerConfigKeys (ConfUtils.java:logGet(43)) - raft.server.log.appender.buffer.byte-limit = 33554432 (custom)
2019-06-12 16:43:15,860 INFO  server.RaftServerConfigKeys (ConfUtils.java:logGet(43)) - raft.server.log.segment.size.max = 16384 (custom)
2019-06-12 16:43:15,860 INFO  server.RaftServerConfigKeys (ConfUtils.java:logGet(43)) - raft.server.log.segment.cache.num.max = 2 (custom)
2019-06-12 16:43:15,860 INFO  storage.RaftLogWorker (RaftLogWorker.java:<init>(123)) - new 100c9b83-548c-4c60-afbd-e893efc5c844-RaftLogWorker for Storage Directory /opt/src/hadoop-ozone/integration-test/target/test-dir/MiniOzoneClusterImpl-e245855e-1991-4186-8a8b-88746ab31085/datanode-5/data/ratis/166599d3-1e87-4547-bc69-26a742ba58ab
2019-06-12 16:43:15,860 INFO  server.RaftServerConfigKeys (ConfUtils.java:logGet(43)) - raft.server.log.queue.byte-limit = 2147483647 (custom)
2019-06-12 16:43:15,860 INFO  server.RaftServerConfigKeys (ConfUtils.java:logGet(43)) - raft.server.log.queue.element-limit = 1024 (custom)
2019-06-12 16:43:15,860 INFO  server.RaftServerConfigKeys (ConfUtils.java:logGet(43)) - raft.server.log.segment.size.max = 16384 (custom)
2019-06-12 16:43:15,860 INFO  server.RaftServerConfigKeys (ConfUtils.java:logGet(43)) - raft.server.log.preallocated.size = 16384 (custom)
2019-06-12 16:43:15,860 INFO  server.RaftServerConfigKeys (ConfUtils.java:logGet(43)) - raft.server.log.write.buffer.size = 33554432 (custom)
2019-06-12 16:43:15,861 INFO  server.RaftServerConfigKeys (ConfUtils.java:logGet(43)) - raft.server.log.force.sync.num = 128 (default)
2019-06-12 16:43:15,861 INFO  server.RaftServerConfigKeys (ConfUtils.java:logGet(43)) - raft.server.log.statemachine.data.sync = true (default)
2019-06-12 16:43:15,861 INFO  server.RaftServerConfigKeys (ConfUtils.java:logGet(43)) - raft.server.log.statemachine.data.sync.timeout = 10s (default)
2019-06-12 16:43:15,861 INFO  server.RaftServerConfigKeys (ConfUtils.java:logGet(43)) - raft.server.log.statemachine.data.sync.timeout.retry = -1 (default)
2019-06-12 16:43:15,861 INFO  server.RaftServerConfigKeys (ConfUtils.java:logGet(43)) - raft.server.log.statemachine.data.caching.enabled = true (custom)
2019-06-12 16:43:15,861 INFO  storage.RaftStorage (RaftStorage.java:format(75)) - Storage directory /opt/src/hadoop-ozone/integration-test/target/test-dir/MiniOzoneClusterImpl-e245855e-1991-4186-8a8b-88746ab31085/datanode-4/data/ratis/166599d3-1e87-4547-bc69-26a742ba58ab has been successfully formatted.
2019-06-12 16:43:15,861 INFO  ratis.ContainerStateMachine (ContainerStateMachine.java:loadSnapshot(199)) - The snapshot info is null.Setting the last applied index to:(t:0, i:~)
2019-06-12 16:43:15,861 INFO  server.RaftServerConfigKeys (ConfUtils.java:logGet(43)) - raft.server.snapshot.auto.trigger.enabled = true (custom)
2019-06-12 16:43:15,861 INFO  storage.RaftStorageDirectory (RaftStorageDirectory.java:tryLock(328)) - Lock on /opt/src/hadoop-ozone/integration-test/target/test-dir/MiniOzoneClusterImpl-e245855e-1991-4186-8a8b-88746ab31085/datanode-3/data/ratis/166599d3-1e87-4547-bc69-26a742ba58ab/in_use.lock acquired by nodename 10002@ozone-c9rd4-3849520491
2019-06-12 16:43:15,862 INFO  server.RaftServerConfigKeys (ConfUtils.java:logGet(43)) - raft.server.snapshot.auto.trigger.threshold = 10000 (custom)
2019-06-12 16:43:15,862 INFO  server.RaftServerConfigKeys (ConfUtils.java:logGet(43)) - raft.server.retrycache.expirytime = 600000ms (custom)
2019-06-12 16:43:15,861 INFO  server.RaftServerConfigKeys (ConfUtils.java:logGet(43)) - raft.server.leader.election.timeout = 10s (custom)
2019-06-12 16:43:15,862 INFO  impl.RaftServerImpl (RaftServerImpl.java:start(173)) - 100c9b83-548c-4c60-afbd-e893efc5c844: start group-26A742BA58AB
2019-06-12 16:43:15,862 INFO  server.RaftServerConfigKeys (ConfUtils.java:logGet(43)) - raft.server.log.use.memory = false (default)
2019-06-12 16:43:15,862 INFO  impl.RaftServerImpl (RaftServerImpl.java:setRole(164)) - 100c9b83-548c-4c60-afbd-e893efc5c844:group-26A742BA58AB changes role from null to FOLLOWER at term 0 for startAsFollower
2019-06-12 16:43:15,862 INFO  server.RaftServerConfigKeys (ConfUtils.java:logGet(43)) - raft.server.log.appender.buffer.byte-limit = 33554432 (custom)
2019-06-12 16:43:15,862 INFO  impl.RoleInfo (RoleInfo.java:updateAndGet(143)) - 100c9b83-548c-4c60-afbd-e893efc5c844: start FollowerState
2019-06-12 16:43:15,862 INFO  server.RaftServerConfigKeys (ConfUtils.java:logGet(43)) - raft.server.log.segment.size.max = 16384 (custom)
2019-06-12 16:43:15,863 INFO  server.RaftServerConfigKeys (ConfUtils.java:logGet(43)) - raft.server.log.segment.cache.num.max = 2 (custom)
2019-06-12 16:43:15,863 INFO  storage.RaftLogWorker (RaftLogWorker.java:<init>(123)) - new 1e6b8198-feda-4f90-a8de-0bf24f8cfb47-RaftLogWorker for Storage Directory /opt/src/hadoop-ozone/integration-test/target/test-dir/MiniOzoneClusterImpl-e245855e-1991-4186-8a8b-88746ab31085/datanode-4/data/ratis/166599d3-1e87-4547-bc69-26a742ba58ab
2019-06-12 16:43:15,863 INFO  util.JmxRegister (JmxRegister.java:tryRegister(44)) - Successfully registered JMX Bean with object name Ratis:service=RaftServer,group=group-26A742BA58AB,id=100c9b83-548c-4c60-afbd-e893efc5c844
2019-06-12 16:43:15,863 INFO  server.RaftServerConfigKeys (ConfUtils.java:logGet(43)) - raft.server.log.queue.byte-limit = 2147483647 (custom)
2019-06-12 16:43:15,863 INFO  server.RaftServerConfigKeys (ConfUtils.java:logGet(43)) - raft.server.log.queue.element-limit = 1024 (custom)
2019-06-12 16:43:15,863 INFO  server.RaftServerConfigKeys (ConfUtils.java:logGet(43)) - raft.server.log.segment.size.max = 16384 (custom)
2019-06-12 16:43:15,863 INFO  server.RaftServerConfigKeys (ConfUtils.java:logGet(43)) - raft.server.log.preallocated.size = 16384 (custom)
2019-06-12 16:43:15,863 INFO  server.RaftServerConfigKeys (ConfUtils.java:logGet(43)) - raft.server.log.write.buffer.size = 33554432 (custom)
2019-06-12 16:43:15,863 INFO  server.RaftServerConfigKeys (ConfUtils.java:logGet(43)) - raft.server.log.force.sync.num = 128 (default)
2019-06-12 16:43:15,863 INFO  server.RaftServerConfigKeys (ConfUtils.java:logGet(43)) - raft.server.log.statemachine.data.sync = true (default)
2019-06-12 16:43:15,863 INFO  server.RaftServerConfigKeys (ConfUtils.java:logGet(43)) - raft.server.log.statemachine.data.sync.timeout = 10s (default)
2019-06-12 16:43:15,864 INFO  server.RaftServerConfigKeys (ConfUtils.java:logGet(43)) - raft.server.log.statemachine.data.sync.timeout.retry = -1 (default)
2019-06-12 16:43:15,864 INFO  storage.RaftStorage (RaftStorage.java:format(75)) - Storage directory /opt/src/hadoop-ozone/integration-test/target/test-dir/MiniOzoneClusterImpl-e245855e-1991-4186-8a8b-88746ab31085/datanode-3/data/ratis/166599d3-1e87-4547-bc69-26a742ba58ab has been successfully formatted.
2019-06-12 16:43:15,864 INFO  ratis.ContainerStateMachine (ContainerStateMachine.java:loadSnapshot(199)) - The snapshot info is null.Setting the last applied index to:(t:0, i:~)
2019-06-12 16:43:15,864 INFO  server.RaftServerConfigKeys (ConfUtils.java:logGet(43)) - raft.server.leader.election.timeout = 10s (custom)
2019-06-12 16:43:15,864 INFO  server.RaftServerConfigKeys (ConfUtils.java:logGet(43)) - raft.server.log.use.memory = false (default)
2019-06-12 16:43:15,864 INFO  server.RaftServerConfigKeys (ConfUtils.java:logGet(43)) - raft.server.log.appender.buffer.byte-limit = 33554432 (custom)
2019-06-12 16:43:15,864 INFO  server.RaftServerConfigKeys (ConfUtils.java:logGet(43)) - raft.server.log.segment.size.max = 16384 (custom)
2019-06-12 16:43:15,864 INFO  server.RaftServerConfigKeys (ConfUtils.java:logGet(43)) - raft.server.log.segment.cache.num.max = 2 (custom)
2019-06-12 16:43:15,864 INFO  storage.RaftLogWorker (RaftLogWorker.java:<init>(123)) - new 2c4dec0a-9e88-414e-9b3d-55a44c41e6d5-RaftLogWorker for Storage Directory /opt/src/hadoop-ozone/integration-test/target/test-dir/MiniOzoneClusterImpl-e245855e-1991-4186-8a8b-88746ab31085/datanode-3/data/ratis/166599d3-1e87-4547-bc69-26a742ba58ab
2019-06-12 16:43:15,865 INFO  server.RaftServerConfigKeys (ConfUtils.java:logGet(43)) - raft.server.log.queue.byte-limit = 2147483647 (custom)
2019-06-12 16:43:15,865 INFO  server.RaftServerConfigKeys (ConfUtils.java:logGet(43)) - raft.server.log.queue.element-limit = 1024 (custom)
2019-06-12 16:43:15,865 INFO  server.RaftServerConfigKeys (ConfUtils.java:logGet(43)) - raft.server.log.segment.size.max = 16384 (custom)
2019-06-12 16:43:15,865 INFO  server.RaftServerConfigKeys (ConfUtils.java:logGet(43)) - raft.server.log.preallocated.size = 16384 (custom)
2019-06-12 16:43:15,865 INFO  server.RaftServerConfigKeys (ConfUtils.java:logGet(43)) - raft.server.log.write.buffer.size = 33554432 (custom)
2019-06-12 16:43:15,865 INFO  server.RaftServerConfigKeys (ConfUtils.java:logGet(43)) - raft.server.log.force.sync.num = 128 (default)
2019-06-12 16:43:15,865 INFO  server.RaftServerConfigKeys (ConfUtils.java:logGet(43)) - raft.server.log.statemachine.data.sync = true (default)
2019-06-12 16:43:15,865 INFO  server.RaftServerConfigKeys (ConfUtils.java:logGet(43)) - raft.server.log.statemachine.data.sync.timeout = 10s (default)
2019-06-12 16:43:15,865 INFO  server.RaftServerConfigKeys (ConfUtils.java:logGet(43)) - raft.server.log.statemachine.data.sync.timeout.retry = -1 (default)
2019-06-12 16:43:15,864 INFO  server.RaftServerConfigKeys (ConfUtils.java:logGet(43)) - raft.server.log.statemachine.data.caching.enabled = true (custom)
2019-06-12 16:43:15,867 INFO  server.RaftServerConfigKeys (ConfUtils.java:logGet(43)) - raft.server.log.statemachine.data.caching.enabled = true (custom)
2019-06-12 16:43:15,867 INFO  server.RaftServerConfigKeys (ConfUtils.java:logGet(43)) - raft.server.snapshot.auto.trigger.enabled = true (custom)
2019-06-12 16:43:15,867 INFO  server.RaftServerConfigKeys (ConfUtils.java:logGet(43)) - raft.server.snapshot.auto.trigger.threshold = 10000 (custom)
2019-06-12 16:43:15,871 INFO  server.RaftServerConfigKeys (ConfUtils.java:logGet(43)) - raft.server.snapshot.auto.trigger.enabled = true (custom)
2019-06-12 16:43:15,871 INFO  server.RaftServerConfigKeys (ConfUtils.java:logGet(43)) - raft.server.retrycache.expirytime = 600000ms (custom)
2019-06-12 16:43:15,871 INFO  server.RaftServerConfigKeys (ConfUtils.java:logGet(43)) - raft.server.snapshot.auto.trigger.threshold = 10000 (custom)
2019-06-12 16:43:15,872 INFO  impl.RaftServerImpl (RaftServerImpl.java:start(173)) - 1e6b8198-feda-4f90-a8de-0bf24f8cfb47: start group-26A742BA58AB
2019-06-12 16:43:15,872 INFO  server.RaftServerConfigKeys (ConfUtils.java:logGet(43)) - raft.server.retrycache.expirytime = 600000ms (custom)
2019-06-12 16:43:15,872 INFO  impl.RaftServerImpl (RaftServerImpl.java:start(173)) - 2c4dec0a-9e88-414e-9b3d-55a44c41e6d5: start group-26A742BA58AB
2019-06-12 16:43:15,872 INFO  impl.RaftServerImpl (RaftServerImpl.java:setRole(164)) - 2c4dec0a-9e88-414e-9b3d-55a44c41e6d5:group-26A742BA58AB changes role from null to FOLLOWER at term 0 for startAsFollower
2019-06-12 16:43:15,872 INFO  impl.RoleInfo (RoleInfo.java:updateAndGet(143)) - 2c4dec0a-9e88-414e-9b3d-55a44c41e6d5: start FollowerState
2019-06-12 16:43:15,872 INFO  impl.RaftServerImpl (RaftServerImpl.java:setRole(164)) - 1e6b8198-feda-4f90-a8de-0bf24f8cfb47:group-26A742BA58AB changes role from null to FOLLOWER at term 0 for startAsFollower
2019-06-12 16:43:15,873 INFO  impl.RoleInfo (RoleInfo.java:updateAndGet(143)) - 1e6b8198-feda-4f90-a8de-0bf24f8cfb47: start FollowerState
2019-06-12 16:43:15,873 INFO  util.JmxRegister (JmxRegister.java:tryRegister(44)) - Successfully registered JMX Bean with object name Ratis:service=RaftServer,group=group-26A742BA58AB,id=2c4dec0a-9e88-414e-9b3d-55a44c41e6d5
2019-06-12 16:43:15,875 INFO  util.JmxRegister (JmxRegister.java:tryRegister(44)) - Successfully registered JMX Bean with object name Ratis:service=RaftServer,group=group-26A742BA58AB,id=1e6b8198-feda-4f90-a8de-0bf24f8cfb47
2019-06-12 16:43:15,885 INFO  pipeline.PipelineStateManager (PipelineStateManager.java:addPipeline(56)) - Created pipeline Pipeline[ Id: 166599d3-1e87-4547-bc69-26a742ba58ab, Nodes: 2c4dec0a-9e88-414e-9b3d-55a44c41e6d5{ip: 192.168.11.207, host: ozone-c9rd4-3849520491, networkLocation: /default-rack, certSerialId: null}100c9b83-548c-4c60-afbd-e893efc5c844{ip: 192.168.11.207, host: ozone-c9rd4-3849520491, networkLocation: /default-rack, certSerialId: null}1e6b8198-feda-4f90-a8de-0bf24f8cfb47{ip: 192.168.11.207, host: ozone-c9rd4-3849520491, networkLocation: /default-rack, certSerialId: null}, Type:RATIS, Factor:THREE, State:OPEN]
2019-06-12 16:43:16,424 INFO  impl.FollowerState (FollowerState.java:run(101)) - 2119c5ce-2917-4f9f-a1e6-2d2ebc708164:group-8E150B51534A changes to CANDIDATE, lastRpcTime:1018, electionTimeout:1018ms
2019-06-12 16:43:16,424 INFO  impl.RoleInfo (RoleInfo.java:shutdownFollowerState(121)) - 2119c5ce-2917-4f9f-a1e6-2d2ebc708164: shutdown FollowerState
2019-06-12 16:43:16,425 INFO  impl.RaftServerImpl (RaftServerImpl.java:setRole(164)) - 2119c5ce-2917-4f9f-a1e6-2d2ebc708164:group-8E150B51534A changes role from FOLLOWER to CANDIDATE at term 0 for changeToCandidate
2019-06-12 16:43:16,426 INFO  impl.RoleInfo (RoleInfo.java:updateAndGet(143)) - 2119c5ce-2917-4f9f-a1e6-2d2ebc708164: start LeaderElection
2019-06-12 16:43:16,432 INFO  impl.LeaderElection (LeaderElection.java:askForVotes(181)) - 2119c5ce-2917-4f9f-a1e6-2d2ebc708164:group-8E150B51534A:LeaderElection1: begin an election at term 1 for -1: [2119c5ce-2917-4f9f-a1e6-2d2ebc708164:192.168.11.207:45679], old=null
2019-06-12 16:43:16,434 INFO  impl.RoleInfo (RoleInfo.java:shutdownLeaderElection(134)) - 2119c5ce-2917-4f9f-a1e6-2d2ebc708164: shutdown LeaderElection
2019-06-12 16:43:16,434 INFO  impl.RaftServerImpl (RaftServerImpl.java:setRole(164)) - 2119c5ce-2917-4f9f-a1e6-2d2ebc708164:group-8E150B51534A changes role from CANDIDATE to LEADER at term 1 for changeToLeader
2019-06-12 16:43:16,434 INFO  impl.RaftServerImpl (ServerState.java:setLeader(263)) - 2119c5ce-2917-4f9f-a1e6-2d2ebc708164:group-8E150B51534A change Leader from null to 2119c5ce-2917-4f9f-a1e6-2d2ebc708164 at term 1 for becomeLeader, leader elected after 1030ms
2019-06-12 16:43:16,438 INFO  server.RaftServerConfigKeys (ConfUtils.java:logGet(43)) - raft.server.staging.catchup.gap = 1000 (default)
2019-06-12 16:43:16,438 INFO  server.RaftServerConfigKeys (ConfUtils.java:logGet(43)) - raft.server.rpc.sleep.time = 25ms (default)
2019-06-12 16:43:16,440 INFO  server.RaftServerConfigKeys (ConfUtils.java:logGet(43)) - raft.server.watch.timeout = 10s (default)
2019-06-12 16:43:16,440 INFO  server.RaftServerConfigKeys (ConfUtils.java:logGet(43)) - raft.server.watch.timeout.denomination = 1s (default)
2019-06-12 16:43:16,445 INFO  impl.RoleInfo (RoleInfo.java:updateAndGet(143)) - 2119c5ce-2917-4f9f-a1e6-2d2ebc708164: start LeaderState
2019-06-12 16:43:16,458 INFO  storage.RaftLogWorker (RaftLogWorker.java:startLogSegment(298)) - 2119c5ce-2917-4f9f-a1e6-2d2ebc708164-RaftLogWorker: Starting segment from index:0
2019-06-12 16:43:16,463 INFO  impl.FollowerState (FollowerState.java:run(101)) - 4b5dc803-249e-4627-82de-8ec2f0561bae:group-8FFC4D9A7EA0 changes to CANDIDATE, lastRpcTime:1116, electionTimeout:1115ms
2019-06-12 16:43:16,464 INFO  impl.RoleInfo (RoleInfo.java:shutdownFollowerState(121)) - 4b5dc803-249e-4627-82de-8ec2f0561bae: shutdown FollowerState
2019-06-12 16:43:16,464 INFO  impl.RaftServerImpl (RaftServerImpl.java:setRole(164)) - 4b5dc803-249e-4627-82de-8ec2f0561bae:group-8FFC4D9A7EA0 changes role from FOLLOWER to CANDIDATE at term 0 for changeToCandidate
2019-06-12 16:43:16,464 INFO  impl.RoleInfo (RoleInfo.java:updateAndGet(143)) - 4b5dc803-249e-4627-82de-8ec2f0561bae: start LeaderElection
2019-06-12 16:43:16,466 INFO  impl.RaftServerImpl (ServerState.java:setRaftConf(361)) - 2119c5ce-2917-4f9f-a1e6-2d2ebc708164:group-8E150B51534A set configuration 0: [2119c5ce-2917-4f9f-a1e6-2d2ebc708164:192.168.11.207:45679], old=null at 0
2019-06-12 16:43:16,471 INFO  impl.LeaderElection (LeaderElection.java:askForVotes(181)) - 4b5dc803-249e-4627-82de-8ec2f0561bae:group-8FFC4D9A7EA0:LeaderElection2: begin an election at term 1 for -1: [4b5dc803-249e-4627-82de-8ec2f0561bae:192.168.11.207:46623], old=null
2019-06-12 16:43:16,472 INFO  impl.RoleInfo (RoleInfo.java:shutdownLeaderElection(134)) - 4b5dc803-249e-4627-82de-8ec2f0561bae: shutdown LeaderElection
2019-06-12 16:43:16,472 INFO  impl.RaftServerImpl (RaftServerImpl.java:setRole(164)) - 4b5dc803-249e-4627-82de-8ec2f0561bae:group-8FFC4D9A7EA0 changes role from CANDIDATE to LEADER at term 1 for changeToLeader
2019-06-12 16:43:16,472 INFO  impl.RaftServerImpl (ServerState.java:setLeader(263)) - 4b5dc803-249e-4627-82de-8ec2f0561bae:group-8FFC4D9A7EA0 change Leader from null to 4b5dc803-249e-4627-82de-8ec2f0561bae at term 1 for becomeLeader, leader elected after 1127ms
2019-06-12 16:43:16,473 INFO  server.RaftServerConfigKeys (ConfUtils.java:logGet(43)) - raft.server.staging.catchup.gap = 1000 (default)
2019-06-12 16:43:16,473 INFO  server.RaftServerConfigKeys (ConfUtils.java:logGet(43)) - raft.server.rpc.sleep.time = 25ms (default)
2019-06-12 16:43:16,473 INFO  server.RaftServerConfigKeys (ConfUtils.java:logGet(43)) - raft.server.watch.timeout = 10s (default)
2019-06-12 16:43:16,473 INFO  server.RaftServerConfigKeys (ConfUtils.java:logGet(43)) - raft.server.watch.timeout.denomination = 1s (default)
2019-06-12 16:43:16,473 INFO  impl.RoleInfo (RoleInfo.java:updateAndGet(143)) - 4b5dc803-249e-4627-82de-8ec2f0561bae: start LeaderState
2019-06-12 16:43:16,473 INFO  storage.RaftLogWorker (RaftLogWorker.java:startLogSegment(298)) - 4b5dc803-249e-4627-82de-8ec2f0561bae-RaftLogWorker: Starting segment from index:0
2019-06-12 16:43:16,474 INFO  impl.RaftServerImpl (ServerState.java:setRaftConf(361)) - 4b5dc803-249e-4627-82de-8ec2f0561bae:group-8FFC4D9A7EA0 set configuration 0: [4b5dc803-249e-4627-82de-8ec2f0561bae:192.168.11.207:46623], old=null at 0
2019-06-12 16:43:16,476 INFO  impl.FollowerState (FollowerState.java:run(101)) - 8516b62b-f4a5-4778-8174-7d85486d583c:group-1532E81B6946 changes to CANDIDATE, lastRpcTime:1191, electionTimeout:1191ms
2019-06-12 16:43:16,476 INFO  impl.RoleInfo (RoleInfo.java:shutdownFollowerState(121)) - 8516b62b-f4a5-4778-8174-7d85486d583c: shutdown FollowerState
2019-06-12 16:43:16,476 INFO  impl.RaftServerImpl (RaftServerImpl.java:setRole(164)) - 8516b62b-f4a5-4778-8174-7d85486d583c:group-1532E81B6946 changes role from FOLLOWER to CANDIDATE at term 0 for changeToCandidate
2019-06-12 16:43:16,476 INFO  impl.RoleInfo (RoleInfo.java:updateAndGet(143)) - 8516b62b-f4a5-4778-8174-7d85486d583c: start LeaderElection
2019-06-12 16:43:16,481 INFO  impl.LeaderElection (LeaderElection.java:askForVotes(181)) - 8516b62b-f4a5-4778-8174-7d85486d583c:group-1532E81B6946:LeaderElection3: begin an election at term 1 for -1: [8516b62b-f4a5-4778-8174-7d85486d583c:192.168.11.207:36771], old=null
2019-06-12 16:43:16,482 INFO  impl.RoleInfo (RoleInfo.java:shutdownLeaderElection(134)) - 8516b62b-f4a5-4778-8174-7d85486d583c: shutdown LeaderElection
2019-06-12 16:43:16,482 INFO  impl.RaftServerImpl (RaftServerImpl.java:setRole(164)) - 8516b62b-f4a5-4778-8174-7d85486d583c:group-1532E81B6946 changes role from CANDIDATE to LEADER at term 1 for changeToLeader
2019-06-12 16:43:16,482 INFO  impl.RaftServerImpl (ServerState.java:setLeader(263)) - 8516b62b-f4a5-4778-8174-7d85486d583c:group-1532E81B6946 change Leader from null to 8516b62b-f4a5-4778-8174-7d85486d583c at term 1 for becomeLeader, leader elected after 1360ms
2019-06-12 16:43:16,482 INFO  server.RaftServerConfigKeys (ConfUtils.java:logGet(43)) - raft.server.staging.catchup.gap = 1000 (default)
2019-06-12 16:43:16,482 INFO  server.RaftServerConfigKeys (ConfUtils.java:logGet(43)) - raft.server.rpc.sleep.time = 25ms (default)
2019-06-12 16:43:16,482 INFO  server.RaftServerConfigKeys (ConfUtils.java:logGet(43)) - raft.server.watch.timeout = 10s (default)
2019-06-12 16:43:16,482 INFO  server.RaftServerConfigKeys (ConfUtils.java:logGet(43)) - raft.server.watch.timeout.denomination = 1s (default)
2019-06-12 16:43:16,482 INFO  impl.RoleInfo (RoleInfo.java:updateAndGet(143)) - 8516b62b-f4a5-4778-8174-7d85486d583c: start LeaderState
2019-06-12 16:43:16,483 INFO  storage.RaftLogWorker (RaftLogWorker.java:startLogSegment(298)) - 8516b62b-f4a5-4778-8174-7d85486d583c-RaftLogWorker: Starting segment from index:0
2019-06-12 16:43:16,483 INFO  impl.RaftServerImpl (ServerState.java:setRaftConf(361)) - 8516b62b-f4a5-4778-8174-7d85486d583c:group-1532E81B6946 set configuration 0: [8516b62b-f4a5-4778-8174-7d85486d583c:192.168.11.207:36771], old=null at 0
2019-06-12 16:43:16,484 INFO  impl.FollowerState (FollowerState.java:run(101)) - 2c4dec0a-9e88-414e-9b3d-55a44c41e6d5:group-2BCB0512AD4E changes to CANDIDATE, lastRpcTime:1043, electionTimeout:1043ms
2019-06-12 16:43:16,484 INFO  impl.RoleInfo (RoleInfo.java:shutdownFollowerState(121)) - 2c4dec0a-9e88-414e-9b3d-55a44c41e6d5: shutdown FollowerState
2019-06-12 16:43:16,484 INFO  impl.RaftServerImpl (RaftServerImpl.java:setRole(164)) - 2c4dec0a-9e88-414e-9b3d-55a44c41e6d5:group-2BCB0512AD4E changes role from FOLLOWER to CANDIDATE at term 0 for changeToCandidate
2019-06-12 16:43:16,484 INFO  impl.RoleInfo (RoleInfo.java:updateAndGet(143)) - 2c4dec0a-9e88-414e-9b3d-55a44c41e6d5: start LeaderElection
2019-06-12 16:43:16,489 INFO  impl.LeaderElection (LeaderElection.java:askForVotes(181)) - 2c4dec0a-9e88-414e-9b3d-55a44c41e6d5:group-2BCB0512AD4E:LeaderElection4: begin an election at term 1 for -1: [2c4dec0a-9e88-414e-9b3d-55a44c41e6d5:192.168.11.207:44781], old=null
2019-06-12 16:43:16,489 INFO  impl.RoleInfo (RoleInfo.java:shutdownLeaderElection(134)) - 2c4dec0a-9e88-414e-9b3d-55a44c41e6d5: shutdown LeaderElection
2019-06-12 16:43:16,489 INFO  impl.RaftServerImpl (RaftServerImpl.java:setRole(164)) - 2c4dec0a-9e88-414e-9b3d-55a44c41e6d5:group-2BCB0512AD4E changes role from CANDIDATE to LEADER at term 1 for changeToLeader
2019-06-12 16:43:16,489 INFO  impl.RaftServerImpl (ServerState.java:setLeader(263)) - 2c4dec0a-9e88-414e-9b3d-55a44c41e6d5:group-2BCB0512AD4E change Leader from null to 2c4dec0a-9e88-414e-9b3d-55a44c41e6d5 at term 1 for becomeLeader, leader elected after 1050ms
2019-06-12 16:43:16,490 INFO  server.RaftServerConfigKeys (ConfUtils.java:logGet(43)) - raft.server.staging.catchup.gap = 1000 (default)
2019-06-12 16:43:16,490 INFO  server.RaftServerConfigKeys (ConfUtils.java:logGet(43)) - raft.server.rpc.sleep.time = 25ms (default)
2019-06-12 16:43:16,490 INFO  server.RaftServerConfigKeys (ConfUtils.java:logGet(43)) - raft.server.watch.timeout = 10s (default)
2019-06-12 16:43:16,490 INFO  server.RaftServerConfigKeys (ConfUtils.java:logGet(43)) - raft.server.watch.timeout.denomination = 1s (default)
2019-06-12 16:43:16,490 INFO  impl.RoleInfo (RoleInfo.java:updateAndGet(143)) - 2c4dec0a-9e88-414e-9b3d-55a44c41e6d5: start LeaderState
2019-06-12 16:43:16,491 INFO  storage.RaftLogWorker (RaftLogWorker.java:startLogSegment(298)) - 2c4dec0a-9e88-414e-9b3d-55a44c41e6d5-RaftLogWorker: Starting segment from index:0
2019-06-12 16:43:16,499 INFO  impl.RaftServerImpl (ServerState.java:setRaftConf(361)) - 2c4dec0a-9e88-414e-9b3d-55a44c41e6d5:group-2BCB0512AD4E set configuration 0: [2c4dec0a-9e88-414e-9b3d-55a44c41e6d5:192.168.11.207:44781], old=null at 0
2019-06-12 16:43:16,527 INFO  impl.FollowerState (FollowerState.java:run(101)) - 2119c5ce-2917-4f9f-a1e6-2d2ebc708164:group-671AA6C89FC5 changes to CANDIDATE, lastRpcTime:1033, electionTimeout:1030ms
2019-06-12 16:43:16,527 INFO  impl.RoleInfo (RoleInfo.java:shutdownFollowerState(121)) - 2119c5ce-2917-4f9f-a1e6-2d2ebc708164: shutdown FollowerState
2019-06-12 16:43:16,527 INFO  impl.RaftServerImpl (RaftServerImpl.java:setRole(164)) - 2119c5ce-2917-4f9f-a1e6-2d2ebc708164:group-671AA6C89FC5 changes role from FOLLOWER to CANDIDATE at term 0 for changeToCandidate
2019-06-12 16:43:16,527 INFO  impl.RoleInfo (RoleInfo.java:updateAndGet(143)) - 2119c5ce-2917-4f9f-a1e6-2d2ebc708164: start LeaderElection
2019-06-12 16:43:16,541 INFO  impl.LeaderElection (LeaderElection.java:askForVotes(181)) - 2119c5ce-2917-4f9f-a1e6-2d2ebc708164:group-671AA6C89FC5:LeaderElection5: begin an election at term 1 for -1: [2119c5ce-2917-4f9f-a1e6-2d2ebc708164:192.168.11.207:45679, 4b5dc803-249e-4627-82de-8ec2f0561bae:192.168.11.207:46623, 8516b62b-f4a5-4778-8174-7d85486d583c:192.168.11.207:36771], old=null
2019-06-12 16:43:16,570 INFO  impl.FollowerState (FollowerState.java:run(101)) - 4b5dc803-249e-4627-82de-8ec2f0561bae:group-671AA6C89FC5 changes to CANDIDATE, lastRpcTime:1078, electionTimeout:1077ms
2019-06-12 16:43:16,570 INFO  impl.RoleInfo (RoleInfo.java:shutdownFollowerState(121)) - 4b5dc803-249e-4627-82de-8ec2f0561bae: shutdown FollowerState
2019-06-12 16:43:16,571 INFO  impl.RaftServerImpl (RaftServerImpl.java:setRole(164)) - 4b5dc803-249e-4627-82de-8ec2f0561bae:group-671AA6C89FC5 changes role from FOLLOWER to CANDIDATE at term 0 for changeToCandidate
2019-06-12 16:43:16,571 INFO  impl.RoleInfo (RoleInfo.java:updateAndGet(143)) - 4b5dc803-249e-4627-82de-8ec2f0561bae: start LeaderElection
2019-06-12 16:43:16,575 INFO  impl.RaftServerImpl (RaftServerImpl.java:setRole(164)) - 8516b62b-f4a5-4778-8174-7d85486d583c:group-671AA6C89FC5 changes role from FOLLOWER to FOLLOWER at term 1 for recognizeCandidate:2119c5ce-2917-4f9f-a1e6-2d2ebc708164
2019-06-12 16:43:16,575 INFO  impl.RoleInfo (RoleInfo.java:shutdownFollowerState(121)) - 8516b62b-f4a5-4778-8174-7d85486d583c: shutdown FollowerState
2019-06-12 16:43:16,575 INFO  impl.RoleInfo (RoleInfo.java:updateAndGet(143)) - 8516b62b-f4a5-4778-8174-7d85486d583c: start FollowerState
2019-06-12 16:43:16,575 INFO  impl.FollowerState (FollowerState.java:run(109)) - 8516b62b-f4a5-4778-8174-7d85486d583c: FollowerState was interrupted: java.lang.InterruptedException: sleep interrupted
2019-06-12 16:43:16,579 INFO  impl.LeaderElection (LeaderElection.java:askForVotes(181)) - 4b5dc803-249e-4627-82de-8ec2f0561bae:group-671AA6C89FC5:LeaderElection6: begin an election at term 1 for -1: [2119c5ce-2917-4f9f-a1e6-2d2ebc708164:192.168.11.207:45679, 4b5dc803-249e-4627-82de-8ec2f0561bae:192.168.11.207:46623, 8516b62b-f4a5-4778-8174-7d85486d583c:192.168.11.207:36771], old=null
2019-06-12 16:43:16,597 INFO  impl.LeaderElection (LeaderElection.java:logAndReturn(56)) - 2119c5ce-2917-4f9f-a1e6-2d2ebc708164:group-671AA6C89FC5:LeaderElection5: Election PASSED; received 1 response(s) [2119c5ce-2917-4f9f-a1e6-2d2ebc708164->8516b62b-f4a5-4778-8174-7d85486d583c,true-t1] and 0 exception(s); 2119c5ce-2917-4f9f-a1e6-2d2ebc708164:t1, leader=null, voted=2119c5ce-2917-4f9f-a1e6-2d2ebc708164, raftlog=2119c5ce-2917-4f9f-a1e6-2d2ebc708164-SegmentedRaftLog:OPENED:c-1,f-1,i0, conf=-1: [2119c5ce-2917-4f9f-a1e6-2d2ebc708164:192.168.11.207:45679, 4b5dc803-249e-4627-82de-8ec2f0561bae:192.168.11.207:46623, 8516b62b-f4a5-4778-8174-7d85486d583c:192.168.11.207:36771], old=null
2019-06-12 16:43:16,597 INFO  impl.RoleInfo (RoleInfo.java:shutdownLeaderElection(134)) - 2119c5ce-2917-4f9f-a1e6-2d2ebc708164: shutdown LeaderElection
2019-06-12 16:43:16,597 INFO  impl.RaftServerImpl (RaftServerImpl.java:setRole(164)) - 2119c5ce-2917-4f9f-a1e6-2d2ebc708164:group-671AA6C89FC5 changes role from CANDIDATE to LEADER at term 1 for changeToLeader
2019-06-12 16:43:16,597 INFO  impl.RaftServerImpl (ServerState.java:setLeader(263)) - 2119c5ce-2917-4f9f-a1e6-2d2ebc708164:group-671AA6C89FC5 change Leader from null to 2119c5ce-2917-4f9f-a1e6-2d2ebc708164 at term 1 for becomeLeader, leader elected after 1107ms
2019-06-12 16:43:16,597 INFO  server.RaftServerConfigKeys (ConfUtils.java:logGet(43)) - raft.server.staging.catchup.gap = 1000 (default)
2019-06-12 16:43:16,597 INFO  server.RaftServerConfigKeys (ConfUtils.java:logGet(43)) - raft.server.rpc.sleep.time = 25ms (default)
2019-06-12 16:43:16,597 INFO  server.RaftServerConfigKeys (ConfUtils.java:logGet(43)) - raft.server.watch.timeout = 10s (default)
2019-06-12 16:43:16,597 INFO  server.RaftServerConfigKeys (ConfUtils.java:logGet(43)) - raft.server.watch.timeout.denomination = 1s (default)
2019-06-12 16:43:16,599 INFO  server.RaftServerConfigKeys (ConfUtils.java:logGet(43)) - raft.server.log.appender.snapshot.chunk.size.max = 16MB (=16777216) (default)
2019-06-12 16:43:16,599 INFO  server.RaftServerConfigKeys (ConfUtils.java:logGet(43)) - raft.server.log.appender.buffer.byte-limit = 33554432 (custom)
2019-06-12 16:43:16,600 INFO  server.RaftServerConfigKeys (ConfUtils.java:logGet(43)) - raft.server.log.appender.buffer.element-limit = 1 (custom)
2019-06-12 16:43:16,604 INFO  grpc.GrpcConfigKeys$Server (ConfUtils.java:logGet(43)) - raft.grpc.server.leader.outstanding.appends.max = 128 (default)
2019-06-12 16:43:16,604 INFO  server.RaftServerConfigKeys (ConfUtils.java:logGet(43)) - raft.server.rpc.request.timeout = 3000ms (default)
2019-06-12 16:43:16,605 INFO  server.RaftServerConfigKeys (ConfUtils.java:logGet(43)) - raft.server.log.appender.install.snapshot.enabled = true (default)
2019-06-12 16:43:16,605 INFO  server.RaftServerConfigKeys (ConfUtils.java:logGet(43)) - raft.server.log.appender.snapshot.chunk.size.max = 16MB (=16777216) (default)
2019-06-12 16:43:16,605 INFO  server.RaftServerConfigKeys (ConfUtils.java:logGet(43)) - raft.server.log.appender.buffer.byte-limit = 33554432 (custom)
2019-06-12 16:43:16,605 INFO  server.RaftServerConfigKeys (ConfUtils.java:logGet(43)) - raft.server.log.appender.buffer.element-limit = 1 (custom)
2019-06-12 16:43:16,605 INFO  grpc.GrpcConfigKeys$Server (ConfUtils.java:logGet(43)) - raft.grpc.server.leader.outstanding.appends.max = 128 (default)
2019-06-12 16:43:16,605 INFO  server.RaftServerConfigKeys (ConfUtils.java:logGet(43)) - raft.server.rpc.request.timeout = 3000ms (default)
2019-06-12 16:43:16,606 INFO  server.RaftServerConfigKeys (ConfUtils.java:logGet(43)) - raft.server.log.appender.install.snapshot.enabled = true (default)
2019-06-12 16:43:16,606 INFO  impl.RoleInfo (RoleInfo.java:updateAndGet(143)) - 2119c5ce-2917-4f9f-a1e6-2d2ebc708164: start LeaderState
2019-06-12 16:43:16,606 INFO  storage.RaftLogWorker (RaftLogWorker.java:startLogSegment(298)) - 2119c5ce-2917-4f9f-a1e6-2d2ebc708164-RaftLogWorker: Starting segment from index:0
2019-06-12 16:43:16,614 INFO  impl.RaftServerImpl (ServerState.java:setRaftConf(361)) - 2119c5ce-2917-4f9f-a1e6-2d2ebc708164:group-671AA6C89FC5 set configuration 0: [2119c5ce-2917-4f9f-a1e6-2d2ebc708164:192.168.11.207:45679, 4b5dc803-249e-4627-82de-8ec2f0561bae:192.168.11.207:46623, 8516b62b-f4a5-4778-8174-7d85486d583c:192.168.11.207:36771], old=null at 0
2019-06-12 16:43:16,614 INFO  impl.RaftServerImpl (RaftServerImpl.java:requestVote(738)) - 2119c5ce-2917-4f9f-a1e6-2d2ebc708164-LEADER: Withhold vote from candidate 4b5dc803-249e-4627-82de-8ec2f0561bae with term 1. State: leader=2119c5ce-2917-4f9f-a1e6-2d2ebc708164, term=1, lastRpcElapsed=null
2019-06-12 16:43:16,624 INFO  impl.LeaderElection (LeaderElection.java:logAndReturn(56)) - 4b5dc803-249e-4627-82de-8ec2f0561bae:group-671AA6C89FC5:LeaderElection6: Election REJECTED; received 2 response(s) [4b5dc803-249e-4627-82de-8ec2f0561bae->2119c5ce-2917-4f9f-a1e6-2d2ebc708164,false-t1, 4b5dc803-249e-4627-82de-8ec2f0561bae->8516b62b-f4a5-4778-8174-7d85486d583c,false-t1] and 0 exception(s); 4b5dc803-249e-4627-82de-8ec2f0561bae:t1, leader=null, voted=4b5dc803-249e-4627-82de-8ec2f0561bae, raftlog=4b5dc803-249e-4627-82de-8ec2f0561bae-SegmentedRaftLog:OPENED:c-1,f-1,i0, conf=-1: [2119c5ce-2917-4f9f-a1e6-2d2ebc708164:192.168.11.207:45679, 4b5dc803-249e-4627-82de-8ec2f0561bae:192.168.11.207:46623, 8516b62b-f4a5-4778-8174-7d85486d583c:192.168.11.207:36771], old=null
2019-06-12 16:43:16,624 INFO  impl.RaftServerImpl (RaftServerImpl.java:setRole(164)) - 4b5dc803-249e-4627-82de-8ec2f0561bae:group-671AA6C89FC5 changes role from CANDIDATE to FOLLOWER at term 1 for DISCOVERED_A_NEW_TERM
2019-06-12 16:43:16,624 INFO  impl.RoleInfo (RoleInfo.java:shutdownLeaderElection(134)) - 4b5dc803-249e-4627-82de-8ec2f0561bae: shutdown LeaderElection
2019-06-12 16:43:16,624 INFO  impl.RoleInfo (RoleInfo.java:updateAndGet(143)) - 4b5dc803-249e-4627-82de-8ec2f0561bae: start FollowerState
2019-06-12 16:43:16,633 INFO  impl.RaftServerImpl (ServerState.java:setLeader(263)) - 8516b62b-f4a5-4778-8174-7d85486d583c:group-671AA6C89FC5 change Leader from null to 2119c5ce-2917-4f9f-a1e6-2d2ebc708164 at term 1 for appendEntries, leader elected after 1146ms
2019-06-12 16:43:16,635 INFO  impl.RaftServerImpl (ServerState.java:setLeader(263)) - 4b5dc803-249e-4627-82de-8ec2f0561bae:group-671AA6C89FC5 change Leader from null to 2119c5ce-2917-4f9f-a1e6-2d2ebc708164 at term 1 for appendEntries, leader elected after 1149ms
2019-06-12 16:43:16,659 INFO  impl.RaftServerImpl (ServerState.java:setRaftConf(361)) - 8516b62b-f4a5-4778-8174-7d85486d583c:group-671AA6C89FC5 set configuration 0: [2119c5ce-2917-4f9f-a1e6-2d2ebc708164:192.168.11.207:45679, 4b5dc803-249e-4627-82de-8ec2f0561bae:192.168.11.207:46623, 8516b62b-f4a5-4778-8174-7d85486d583c:192.168.11.207:36771], old=null at 0
2019-06-12 16:43:16,660 INFO  storage.RaftLogWorker (RaftLogWorker.java:startLogSegment(298)) - 8516b62b-f4a5-4778-8174-7d85486d583c-RaftLogWorker: Starting segment from index:0
2019-06-12 16:43:16,660 INFO  impl.RaftServerImpl (ServerState.java:setRaftConf(361)) - 4b5dc803-249e-4627-82de-8ec2f0561bae:group-671AA6C89FC5 set configuration 0: [2119c5ce-2917-4f9f-a1e6-2d2ebc708164:192.168.11.207:45679, 4b5dc803-249e-4627-82de-8ec2f0561bae:192.168.11.207:46623, 8516b62b-f4a5-4778-8174-7d85486d583c:192.168.11.207:36771], old=null at 0
2019-06-12 16:43:16,661 INFO  storage.RaftLogWorker (RaftLogWorker.java:startLogSegment(298)) - 4b5dc803-249e-4627-82de-8ec2f0561bae-RaftLogWorker: Starting segment from index:0
2019-06-12 16:43:16,723 INFO  storage.RaftLogWorker (RaftLogWorker.java:execute(469)) - 8516b62b-f4a5-4778-8174-7d85486d583c-RaftLogWorker: created new log segment /opt/src/hadoop-ozone/integration-test/target/test-dir/MiniOzoneClusterImpl-e245855e-1991-4186-8a8b-88746ab31085/datanode-0/data/ratis/69f899ed-7e25-4742-8e81-671aa6c89fc5/current/log_inprogress_0
2019-06-12 16:43:16,724 INFO  storage.RaftLogWorker (RaftLogWorker.java:execute(469)) - 2119c5ce-2917-4f9f-a1e6-2d2ebc708164-RaftLogWorker: created new log segment /opt/src/hadoop-ozone/integration-test/target/test-dir/MiniOzoneClusterImpl-e245855e-1991-4186-8a8b-88746ab31085/datanode-2/data/ratis/69f899ed-7e25-4742-8e81-671aa6c89fc5/current/log_inprogress_0
2019-06-12 16:43:16,729 INFO  storage.RaftLogWorker (RaftLogWorker.java:execute(469)) - 2c4dec0a-9e88-414e-9b3d-55a44c41e6d5-RaftLogWorker: created new log segment /opt/src/hadoop-ozone/integration-test/target/test-dir/MiniOzoneClusterImpl-e245855e-1991-4186-8a8b-88746ab31085/datanode-3/data/ratis/a4ebd0e4-4e2b-4352-881b-2bcb0512ad4e/current/log_inprogress_0
2019-06-12 16:43:16,733 INFO  storage.RaftLogWorker (RaftLogWorker.java:execute(469)) - 4b5dc803-249e-4627-82de-8ec2f0561bae-RaftLogWorker: created new log segment /opt/src/hadoop-ozone/integration-test/target/test-dir/MiniOzoneClusterImpl-e245855e-1991-4186-8a8b-88746ab31085/datanode-1/data/ratis/bd418b0e-1cc3-49bb-8671-8ffc4d9a7ea0/current/log_inprogress_0
2019-06-12 16:43:16,748 INFO  storage.RaftLogWorker (RaftLogWorker.java:execute(469)) - 8516b62b-f4a5-4778-8174-7d85486d583c-RaftLogWorker: created new log segment /opt/src/hadoop-ozone/integration-test/target/test-dir/MiniOzoneClusterImpl-e245855e-1991-4186-8a8b-88746ab31085/datanode-0/data/ratis/3c1a0645-568f-49f5-9bda-1532e81b6946/current/log_inprogress_0
2019-06-12 16:43:16,750 INFO  storage.RaftLogWorker (RaftLogWorker.java:execute(469)) - 4b5dc803-249e-4627-82de-8ec2f0561bae-RaftLogWorker: created new log segment /opt/src/hadoop-ozone/integration-test/target/test-dir/MiniOzoneClusterImpl-e245855e-1991-4186-8a8b-88746ab31085/datanode-1/data/ratis/69f899ed-7e25-4742-8e81-671aa6c89fc5/current/log_inprogress_0
2019-06-12 16:43:16,748 INFO  storage.RaftLogWorker (RaftLogWorker.java:execute(469)) - 2119c5ce-2917-4f9f-a1e6-2d2ebc708164-RaftLogWorker: created new log segment /opt/src/hadoop-ozone/integration-test/target/test-dir/MiniOzoneClusterImpl-e245855e-1991-4186-8a8b-88746ab31085/datanode-2/data/ratis/1e1d3adc-a2a8-4767-b742-8e150b51534a/current/log_inprogress_0
2019-06-12 16:43:16,784 INFO  impl.FollowerState (FollowerState.java:run(101)) - 1e6b8198-feda-4f90-a8de-0bf24f8cfb47:group-C9AE9AE66A68 changes to CANDIDATE, lastRpcTime:1170, electionTimeout:1170ms
2019-06-12 16:43:16,785 INFO  impl.RoleInfo (RoleInfo.java:shutdownFollowerState(121)) - 1e6b8198-feda-4f90-a8de-0bf24f8cfb47: shutdown FollowerState
2019-06-12 16:43:16,785 INFO  impl.RaftServerImpl (RaftServerImpl.java:setRole(164)) - 1e6b8198-feda-4f90-a8de-0bf24f8cfb47:group-C9AE9AE66A68 changes role from FOLLOWER to CANDIDATE at term 0 for changeToCandidate
2019-06-12 16:43:16,785 INFO  impl.RoleInfo (RoleInfo.java:updateAndGet(143)) - 1e6b8198-feda-4f90-a8de-0bf24f8cfb47: start LeaderElection
2019-06-12 16:43:16,790 INFO  impl.LeaderElection (LeaderElection.java:askForVotes(181)) - 1e6b8198-feda-4f90-a8de-0bf24f8cfb47:group-C9AE9AE66A68:LeaderElection7: begin an election at term 1 for -1: [1e6b8198-feda-4f90-a8de-0bf24f8cfb47:192.168.11.207:46801], old=null
2019-06-12 16:43:16,790 INFO  impl.RoleInfo (RoleInfo.java:shutdownLeaderElection(134)) - 1e6b8198-feda-4f90-a8de-0bf24f8cfb47: shutdown LeaderElection
2019-06-12 16:43:16,790 INFO  impl.RaftServerImpl (RaftServerImpl.java:setRole(164)) - 1e6b8198-feda-4f90-a8de-0bf24f8cfb47:group-C9AE9AE66A68 changes role from CANDIDATE to LEADER at term 1 for changeToLeader
2019-06-12 16:43:16,790 INFO  impl.RaftServerImpl (ServerState.java:setLeader(263)) - 1e6b8198-feda-4f90-a8de-0bf24f8cfb47:group-C9AE9AE66A68 change Leader from null to 1e6b8198-feda-4f90-a8de-0bf24f8cfb47 at term 1 for becomeLeader, leader elected after 1178ms
2019-06-12 16:43:16,791 INFO  server.RaftServerConfigKeys (ConfUtils.java:logGet(43)) - raft.server.staging.catchup.gap = 1000 (default)
2019-06-12 16:43:16,791 INFO  server.RaftServerConfigKeys (ConfUtils.java:logGet(43)) - raft.server.rpc.sleep.time = 25ms (default)
2019-06-12 16:43:16,791 INFO  server.RaftServerConfigKeys (ConfUtils.java:logGet(43)) - raft.server.watch.timeout = 10s (default)
2019-06-12 16:43:16,791 INFO  server.RaftServerConfigKeys (ConfUtils.java:logGet(43)) - raft.server.watch.timeout.denomination = 1s (default)
2019-06-12 16:43:16,792 INFO  impl.RoleInfo (RoleInfo.java:updateAndGet(143)) - 1e6b8198-feda-4f90-a8de-0bf24f8cfb47: start LeaderState
2019-06-12 16:43:16,792 INFO  storage.RaftLogWorker (RaftLogWorker.java:startLogSegment(298)) - 1e6b8198-feda-4f90-a8de-0bf24f8cfb47-RaftLogWorker: Starting segment from index:0
2019-06-12 16:43:16,794 INFO  ozone.MiniOzoneClusterImpl (MiniOzoneClusterImpl.java:lambda$waitForClusterToBeReady$0(142)) - Cluster is ready. Got 6 of 6 DN Heartbeats.
2019-06-12 16:43:16,804 INFO  impl.RaftServerImpl (ServerState.java:setRaftConf(361)) - 1e6b8198-feda-4f90-a8de-0bf24f8cfb47:group-C9AE9AE66A68 set configuration 0: [1e6b8198-feda-4f90-a8de-0bf24f8cfb47:192.168.11.207:46801], old=null at 0
]]></system-out>
    <system-err><![CDATA[ERROR StatusLogger No Log4j 2 configuration file found. Using default configuration (logging only errors to the console), or user programmatically provided configurations. Set system property 'log4j2.debug' to show Log4j 2 internal initialization logging. See https://logging.apache.org/log4j/2.x/manual/configuration.html for instructions on how to configure Log4j 2
Jun 12, 2019 4:43:10 PM com.sun.jersey.server.impl.application.WebApplicationImpl _initiate
INFO: Initiating Jersey application, version 'Jersey: 1.19 02/11/2015 03:25 AM'
Jun 12, 2019 4:43:10 PM com.sun.jersey.server.impl.application.WebApplicationImpl _initiate
INFO: Initiating Jersey application, version 'Jersey: 1.19 02/11/2015 03:25 AM'
Jun 12, 2019 4:43:11 PM com.sun.jersey.server.impl.application.WebApplicationImpl _initiate
INFO: Initiating Jersey application, version 'Jersey: 1.19 02/11/2015 03:25 AM'
Jun 12, 2019 4:43:11 PM com.sun.jersey.server.impl.application.WebApplicationImpl _initiate
INFO: Initiating Jersey application, version 'Jersey: 1.19 02/11/2015 03:25 AM'
Jun 12, 2019 4:43:11 PM com.sun.jersey.server.impl.application.WebApplicationImpl _initiate
INFO: Initiating Jersey application, version 'Jersey: 1.19 02/11/2015 03:25 AM'
Jun 12, 2019 4:43:11 PM com.sun.jersey.server.impl.application.WebApplicationImpl _initiate
INFO: Initiating Jersey application, version 'Jersey: 1.19 02/11/2015 03:25 AM'
]]></system-err>
  </testcase>
</testsuite>