<?xml version="1.0" encoding="UTF-8"?>
<testsuite xmlns:xsi="http://www.w3.org/2001/XMLSchema-instance" xsi:noNamespaceSchemaLocation="https://maven.apache.org/surefire/maven-surefire-plugin/xsd/surefire-test-report.xsd" name="org.apache.hadoop.hdds.scm.pipeline.TestNodeFailure" time="10.6" tests="1" errors="0" skipped="1" failures="0">
  <properties>
    <property name="awt.toolkit" value="sun.awt.X11.XToolkit"/>
    <property name="file.encoding.pkg" value="sun.io"/>
    <property name="java.specification.version" value="1.8"/>
    <property name="sun.cpu.isalist" value=""/>
    <property name="sun.jnu.encoding" value="UTF-8"/>
    <property name="java.class.path" value="/opt/src/hadoop-ozone/integration-test/target/test-classes:/opt/src/hadoop-ozone/integration-test/target/classes:/root/.m2/repository/org/apache/hadoop/hadoop-ozone-common/0.5.0-SNAPSHOT/hadoop-ozone-common-0.5.0-SNAPSHOT.jar:/root/.m2/repository/org/apache/commons/commons-compress/1.4.1/commons-compress-1.4.1.jar:/root/.m2/repository/org/tukaani/xz/1.0/xz-1.0.jar:/root/.m2/repository/org/apache/hadoop/hadoop-common/3.2.0/hadoop-common-3.2.0.jar:/root/.m2/repository/org/apache/hadoop/hadoop-hdfs/3.2.0/hadoop-hdfs-3.2.0.jar:/root/.m2/repository/org/apache/hadoop/hadoop-hdfs-client/3.2.0/hadoop-hdfs-client-3.2.0.jar:/root/.m2/repository/com/fasterxml/jackson/core/jackson-annotations/2.9.5/jackson-annotations-2.9.5.jar:/root/.m2/repository/org/apache/hadoop/hadoop-hdds-common/0.5.0-SNAPSHOT/hadoop-hdds-common-0.5.0-SNAPSHOT.jar:/root/.m2/repository/javax/annotation/javax.annotation-api/1.2/javax.annotation-api-1.2.jar:/root/.m2/repository/org/apache/ratis/ratis-server/0.4.0-fe2b15d-SNAPSHOT/ratis-server-0.4.0-fe2b15d-SNAPSHOT.jar:/root/.m2/repository/org/apache/ratis/ratis-thirdparty-misc/0.2.0/ratis-thirdparty-misc-0.2.0.jar:/root/.m2/repository/org/apache/ratis/ratis-proto/0.4.0-fe2b15d-SNAPSHOT/ratis-proto-0.4.0-fe2b15d-SNAPSHOT.jar:/root/.m2/repository/org/apache/ratis/ratis-common/0.4.0-fe2b15d-SNAPSHOT/ratis-common-0.4.0-fe2b15d-SNAPSHOT.jar:/root/.m2/repository/org/apache/ratis/ratis-client/0.4.0-fe2b15d-SNAPSHOT/ratis-client-0.4.0-fe2b15d-SNAPSHOT.jar:/root/.m2/repository/org/apache/ratis/ratis-netty/0.4.0-fe2b15d-SNAPSHOT/ratis-netty-0.4.0-fe2b15d-SNAPSHOT.jar:/root/.m2/repository/org/apache/ratis/ratis-grpc/0.4.0-fe2b15d-SNAPSHOT/ratis-grpc-0.4.0-fe2b15d-SNAPSHOT.jar:/root/.m2/repository/org/rocksdb/rocksdbjni/5.14.2/rocksdbjni-5.14.2.jar:/root/.m2/repository/org/apache/logging/log4j/log4j-api/2.11.0/log4j-api-2.11.0.jar:/root/.m2/repository/org/apache/logging/log4j/log4j-core/2.11.0/log4j-core-2.11.0.jar:/root/.m2/repository/com/lmax/disruptor/3.4.2/disruptor-3.4.2.jar:/root/.m2/repository/org/apache/commons/commons-pool2/2.6.0/commons-pool2-2.6.0.jar:/root/.m2/repository/org/bouncycastle/bcpkix-jdk15on/1.60/bcpkix-jdk15on-1.60.jar:/root/.m2/repository/commons-validator/commons-validator/1.6/commons-validator-1.6.jar:/root/.m2/repository/commons-digester/commons-digester/1.8.1/commons-digester-1.8.1.jar:/root/.m2/repository/io/jaegertracing/jaeger-client/0.33.1/jaeger-client-0.33.1.jar:/root/.m2/repository/io/jaegertracing/jaeger-thrift/0.33.1/jaeger-thrift-0.33.1.jar:/root/.m2/repository/org/apache/thrift/libthrift/0.11.0/libthrift-0.11.0.jar:/root/.m2/repository/com/squareup/okhttp3/okhttp/3.9.0/okhttp-3.9.0.jar:/root/.m2/repository/com/squareup/okio/okio/1.13.0/okio-1.13.0.jar:/root/.m2/repository/io/jaegertracing/jaeger-core/0.33.1/jaeger-core-0.33.1.jar:/root/.m2/repository/io/jaegertracing/jaeger-tracerresolver/0.33.1/jaeger-tracerresolver-0.33.1.jar:/root/.m2/repository/io/opentracing/contrib/opentracing-tracerresolver/0.1.5/opentracing-tracerresolver-0.1.5.jar:/root/.m2/repository/io/opentracing/opentracing-util/0.31.0/opentracing-util-0.31.0.jar:/root/.m2/repository/io/opentracing/opentracing-api/0.31.0/opentracing-api-0.31.0.jar:/root/.m2/repository/io/opentracing/opentracing-noop/0.31.0/opentracing-noop-0.31.0.jar:/root/.m2/repository/org/apache/hadoop/hadoop-hdds-server-framework/0.5.0-SNAPSHOT/hadoop-hdds-server-framework-0.5.0-SNAPSHOT.jar:/root/.m2/repository/org/apache/hadoop/hadoop-hdds-server-scm/0.5.0-SNAPSHOT/hadoop-hdds-server-scm-0.5.0-SNAPSHOT.jar:/root/.m2/repository/org/apache/hadoop/hadoop-hdds-container-service/0.5.0-SNAPSHOT/hadoop-hdds-container-service-0.5.0-SNAPSHOT.jar:/root/.m2/repository/org/apache/hadoop/hadoop-hdds-client/0.5.0-SNAPSHOT/hadoop-hdds-client-0.5.0-SNAPSHOT.jar:/root/.m2/repository/org/apache/hadoop/hadoop-hdds-tools/0.5.0-SNAPSHOT/hadoop-hdds-tools-0.5.0-SNAPSHOT.jar:/root/.m2/repository/org/apache/hadoop/hadoop-ozone-ozone-manager/0.5.0-SNAPSHOT/hadoop-ozone-ozone-manager-0.5.0-SNAPSHOT.jar:/root/.m2/repository/org/apache/hadoop/hadoop-hdds-docs/0.5.0-SNAPSHOT/hadoop-hdds-docs-0.5.0-SNAPSHOT.jar:/root/.m2/repository/org/bouncycastle/bcprov-jdk15on/1.60/bcprov-jdk15on-1.60.jar:/root/.m2/repository/org/apache/hadoop/hadoop-minikdc/3.2.0/hadoop-minikdc-3.2.0.jar:/root/.m2/repository/commons-io/commons-io/2.5/commons-io-2.5.jar:/root/.m2/repository/org/apache/kerby/kerb-simplekdc/1.0.1/kerb-simplekdc-1.0.1.jar:/root/.m2/repository/org/apache/kerby/kerb-client/1.0.1/kerb-client-1.0.1.jar:/root/.m2/repository/org/apache/kerby/kerby-config/1.0.1/kerby-config-1.0.1.jar:/root/.m2/repository/org/apache/kerby/kerb-core/1.0.1/kerb-core-1.0.1.jar:/root/.m2/repository/org/apache/kerby/kerby-pkix/1.0.1/kerby-pkix-1.0.1.jar:/root/.m2/repository/org/apache/kerby/kerby-asn1/1.0.1/kerby-asn1-1.0.1.jar:/root/.m2/repository/org/apache/kerby/kerby-util/1.0.1/kerby-util-1.0.1.jar:/root/.m2/repository/org/apache/kerby/kerb-common/1.0.1/kerb-common-1.0.1.jar:/root/.m2/repository/org/apache/kerby/kerb-crypto/1.0.1/kerb-crypto-1.0.1.jar:/root/.m2/repository/org/apache/kerby/kerb-util/1.0.1/kerb-util-1.0.1.jar:/root/.m2/repository/org/apache/kerby/token-provider/1.0.1/token-provider-1.0.1.jar:/root/.m2/repository/org/apache/kerby/kerb-admin/1.0.1/kerb-admin-1.0.1.jar:/root/.m2/repository/org/apache/kerby/kerb-server/1.0.1/kerb-server-1.0.1.jar:/root/.m2/repository/org/apache/kerby/kerb-identity/1.0.1/kerb-identity-1.0.1.jar:/root/.m2/repository/org/apache/kerby/kerby-xdr/1.0.1/kerby-xdr-1.0.1.jar:/root/.m2/repository/org/slf4j/slf4j-log4j12/1.7.25/slf4j-log4j12-1.7.25.jar:/root/.m2/repository/org/apache/hadoop/hadoop-ozone-objectstore-service/0.5.0-SNAPSHOT/hadoop-ozone-objectstore-service-0.5.0-SNAPSHOT.jar:/root/.m2/repository/org/apache/hadoop/hadoop-ozone-s3gateway/0.5.0-SNAPSHOT/hadoop-ozone-s3gateway-0.5.0-SNAPSHOT.jar:/root/.m2/repository/org/jboss/weld/servlet/weld-servlet/2.4.7.Final/weld-servlet-2.4.7.Final.jar:/root/.m2/repository/org/glassfish/jersey/containers/jersey-container-servlet-core/2.27/jersey-container-servlet-core-2.27.jar:/root/.m2/repository/org/glassfish/hk2/external/javax.inject/2.5.0-b42/javax.inject-2.5.0-b42.jar:/root/.m2/repository/org/glassfish/jersey/core/jersey-common/2.27/jersey-common-2.27.jar:/root/.m2/repository/org/glassfish/hk2/osgi-resource-locator/1.0.1/osgi-resource-locator-1.0.1.jar:/root/.m2/repository/javax/ws/rs/javax.ws.rs-api/2.1/javax.ws.rs-api-2.1.jar:/root/.m2/repository/org/glassfish/jersey/ext/cdi/jersey-cdi1x/2.27/jersey-cdi1x-2.27.jar:/root/.m2/repository/org/glassfish/jersey/inject/jersey-hk2/2.27/jersey-hk2-2.27.jar:/root/.m2/repository/org/glassfish/hk2/hk2-locator/2.5.0-b42/hk2-locator-2.5.0-b42.jar:/root/.m2/repository/org/javassist/javassist/3.22.0-CR2/javassist-3.22.0-CR2.jar:/root/.m2/repository/org/glassfish/hk2/hk2-api/2.5.0/hk2-api-2.5.0.jar:/root/.m2/repository/org/glassfish/hk2/external/jakarta.inject/2.5.0/jakarta.inject-2.5.0.jar:/root/.m2/repository/org/glassfish/hk2/hk2-utils/2.5.0/hk2-utils-2.5.0.jar:/root/.m2/repository/jakarta/annotation/jakarta.annotation-api/1.3.4/jakarta.annotation-api-1.3.4.jar:/root/.m2/repository/org/glassfish/hk2/external/aopalliance-repackaged/2.5.0/aopalliance-repackaged-2.5.0.jar:/root/.m2/repository/com/fasterxml/jackson/dataformat/jackson-dataformat-xml/2.9.0/jackson-dataformat-xml-2.9.0.jar:/root/.m2/repository/com/fasterxml/jackson/core/jackson-core/2.9.5/jackson-core-2.9.5.jar:/root/.m2/repository/com/fasterxml/jackson/module/jackson-module-jaxb-annotations/2.9.5/jackson-module-jaxb-annotations-2.9.5.jar:/root/.m2/repository/javax/enterprise/cdi-api/1.2/cdi-api-1.2.jar:/root/.m2/repository/javax/el/javax.el-api/3.0.0/javax.el-api-3.0.0.jar:/root/.m2/repository/javax/interceptor/javax.interceptor-api/1.2/javax.interceptor-api-1.2.jar:/root/.m2/repository/javax/inject/javax.inject/1/javax.inject-1.jar:/root/.m2/repository/com/sun/xml/bind/jaxb-impl/2.3.0.1/jaxb-impl-2.3.0.1.jar:/root/.m2/repository/com/sun/xml/bind/jaxb-core/2.3.0.1/jaxb-core-2.3.0.1.jar:/root/.m2/repository/javax/xml/bind/jaxb-api/2.3.0/jaxb-api-2.3.0.jar:/root/.m2/repository/javax/activation/activation/1.1.1/activation-1.1.1.jar:/root/.m2/repository/org/apache/hadoop/hadoop-ozone-csi/0.5.0-SNAPSHOT/hadoop-ozone-csi-0.5.0-SNAPSHOT.jar:/root/.m2/repository/com/google/protobuf/protobuf-java-util/3.5.1/protobuf-java-util-3.5.1.jar:/root/.m2/repository/org/apache/hadoop/hadoop-hdds-config/0.5.0-SNAPSHOT/hadoop-hdds-config-0.5.0-SNAPSHOT.jar:/root/.m2/repository/com/google/guava/guava/11.0.2/guava-11.0.2.jar:/root/.m2/repository/com/google/protobuf/protobuf-java/2.5.0/protobuf-java-2.5.0.jar:/root/.m2/repository/io/grpc/grpc-netty/1.17.1/grpc-netty-1.17.1.jar:/root/.m2/repository/io/grpc/grpc-core/1.17.1/grpc-core-1.17.1.jar:/root/.m2/repository/io/grpc/grpc-context/1.17.1/grpc-context-1.17.1.jar:/root/.m2/repository/com/google/errorprone/error_prone_annotations/2.2.0/error_prone_annotations-2.2.0.jar:/root/.m2/repository/org/codehaus/mojo/animal-sniffer-annotations/1.17/animal-sniffer-annotations-1.17.jar:/root/.m2/repository/io/opencensus/opencensus-api/0.17.0/opencensus-api-0.17.0.jar:/root/.m2/repository/io/opencensus/opencensus-contrib-grpc-metrics/0.17.0/opencensus-contrib-grpc-metrics-0.17.0.jar:/root/.m2/repository/io/netty/netty-codec-http2/4.1.30.Final/netty-codec-http2-4.1.30.Final.jar:/root/.m2/repository/io/netty/netty-codec-http/4.1.30.Final/netty-codec-http-4.1.30.Final.jar:/root/.m2/repository/io/netty/netty-codec/4.1.30.Final/netty-codec-4.1.30.Final.jar:/root/.m2/repository/io/netty/netty-handler/4.1.30.Final/netty-handler-4.1.30.Final.jar:/root/.m2/repository/io/netty/netty-handler-proxy/4.1.30.Final/netty-handler-proxy-4.1.30.Final.jar:/root/.m2/repository/io/netty/netty-codec-socks/4.1.30.Final/netty-codec-socks-4.1.30.Final.jar:/root/.m2/repository/io/netty/netty-transport-native-epoll/4.1.30.Final/netty-transport-native-epoll-4.1.30.Final.jar:/root/.m2/repository/io/netty/netty-common/4.1.30.Final/netty-common-4.1.30.Final.jar:/root/.m2/repository/io/netty/netty-buffer/4.1.30.Final/netty-buffer-4.1.30.Final.jar:/root/.m2/repository/io/netty/netty-transport/4.1.30.Final/netty-transport-4.1.30.Final.jar:/root/.m2/repository/io/netty/netty-resolver/4.1.30.Final/netty-resolver-4.1.30.Final.jar:/root/.m2/repository/io/netty/netty-transport-native-unix-common/4.1.30.Final/netty-transport-native-unix-common-4.1.30.Final.jar:/root/.m2/repository/io/grpc/grpc-protobuf/1.17.1/grpc-protobuf-1.17.1.jar:/root/.m2/repository/com/google/api/grpc/proto-google-common-protos/1.0.0/proto-google-common-protos-1.0.0.jar:/root/.m2/repository/io/grpc/grpc-protobuf-lite/1.17.1/grpc-protobuf-lite-1.17.1.jar:/root/.m2/repository/io/grpc/grpc-stub/1.17.1/grpc-stub-1.17.1.jar:/root/.m2/repository/org/apache/hadoop/hadoop-ozone-recon/0.5.0-SNAPSHOT/hadoop-ozone-recon-0.5.0-SNAPSHOT.jar:/root/.m2/repository/org/apache/hadoop/hadoop-ozone-reconcodegen/0.5.0-SNAPSHOT/hadoop-ozone-reconcodegen-0.5.0-SNAPSHOT.jar:/root/.m2/repository/com/google/inject/extensions/guice-multibindings/4.0/guice-multibindings-4.0.jar:/root/.m2/repository/com/google/inject/guice/4.0/guice-4.0.jar:/root/.m2/repository/aopalliance/aopalliance/1.0/aopalliance-1.0.jar:/root/.m2/repository/com/google/inject/extensions/guice-servlet/4.0/guice-servlet-4.0.jar:/root/.m2/repository/org/glassfish/jersey/containers/jersey-container-servlet/2.27/jersey-container-servlet-2.27.jar:/root/.m2/repository/org/glassfish/hk2/guice-bridge/2.5.0/guice-bridge-2.5.0.jar:/root/.m2/repository/org/glassfish/jersey/core/jersey-server/2.27/jersey-server-2.27.jar:/root/.m2/repository/org/glassfish/jersey/core/jersey-client/2.27/jersey-client-2.27.jar:/root/.m2/repository/org/glassfish/jersey/media/jersey-media-jaxb/2.27/jersey-media-jaxb-2.27.jar:/root/.m2/repository/javax/validation/validation-api/1.1.0.Final/validation-api-1.1.0.Final.jar:/root/.m2/repository/org/glassfish/jersey/media/jersey-media-json-jackson/2.27/jersey-media-json-jackson-2.27.jar:/root/.m2/repository/org/glassfish/jersey/ext/jersey-entity-filtering/2.27/jersey-entity-filtering-2.27.jar:/root/.m2/repository/com/google/inject/extensions/guice-assistedinject/4.0/guice-assistedinject-4.0.jar:/root/.m2/repository/org/jooq/jooq/3.11.10/jooq-3.11.10.jar:/root/.m2/repository/org/jooq/jooq-meta/3.11.10/jooq-meta-3.11.10.jar:/root/.m2/repository/org/jooq/jooq-codegen/3.11.10/jooq-codegen-3.11.10.jar:/root/.m2/repository/com/jolbox/bonecp/0.8.0.RELEASE/bonecp-0.8.0.RELEASE.jar:/root/.m2/repository/org/xerial/sqlite-jdbc/3.25.2/sqlite-jdbc-3.25.2.jar:/root/.m2/repository/org/springframework/spring-jdbc/5.1.3.RELEASE/spring-jdbc-5.1.3.RELEASE.jar:/root/.m2/repository/org/springframework/spring-beans/5.1.3.RELEASE/spring-beans-5.1.3.RELEASE.jar:/root/.m2/repository/org/springframework/spring-core/5.1.3.RELEASE/spring-core-5.1.3.RELEASE.jar:/root/.m2/repository/org/springframework/spring-jcl/5.1.3.RELEASE/spring-jcl-5.1.3.RELEASE.jar:/root/.m2/repository/org/springframework/spring-tx/5.1.3.RELEASE/spring-tx-5.1.3.RELEASE.jar:/root/.m2/repository/org/apache/hadoop/hadoop-ozone-client/0.5.0-SNAPSHOT/hadoop-ozone-client-0.5.0-SNAPSHOT.jar:/root/.m2/repository/org/apache/hadoop/hadoop-ozone-ozone-manager/0.5.0-SNAPSHOT/hadoop-ozone-ozone-manager-0.5.0-SNAPSHOT-tests.jar:/root/.m2/repository/junit/junit/4.11/junit-4.11.jar:/root/.m2/repository/org/hamcrest/hamcrest-core/1.3/hamcrest-core-1.3.jar:/root/.m2/repository/org/openjdk/jmh/jmh-core/1.19/jmh-core-1.19.jar:/root/.m2/repository/net/sf/jopt-simple/jopt-simple/4.6/jopt-simple-4.6.jar:/root/.m2/repository/org/apache/commons/commons-math3/3.1.1/commons-math3-3.1.1.jar:/root/.m2/repository/org/openjdk/jmh/jmh-generator-annprocess/1.19/jmh-generator-annprocess-1.19.jar:/root/.m2/repository/org/mockito/mockito-all/1.8.5/mockito-all-1.8.5.jar:/root/.m2/repository/org/apache/hadoop/hadoop-kms/3.2.0/hadoop-kms-3.2.0.jar:/root/.m2/repository/org/apache/hadoop/hadoop-auth/3.2.0/hadoop-auth-3.2.0.jar:/root/.m2/repository/com/nimbusds/nimbus-jose-jwt/4.41.1/nimbus-jose-jwt-4.41.1.jar:/root/.m2/repository/com/github/stephenc/jcip/jcip-annotations/1.0-1/jcip-annotations-1.0-1.jar:/root/.m2/repository/net/minidev/json-smart/2.3/json-smart-2.3.jar:/root/.m2/repository/net/minidev/accessors-smart/1.2/accessors-smart-1.2.jar:/root/.m2/repository/org/ow2/asm/asm/5.0.4/asm-5.0.4.jar:/root/.m2/repository/org/apache/curator/curator-framework/2.12.0/curator-framework-2.12.0.jar:/root/.m2/repository/com/sun/jersey/jersey-core/1.19/jersey-core-1.19.jar:/root/.m2/repository/javax/ws/rs/jsr311-api/1.1.1/jsr311-api-1.1.1.jar:/root/.m2/repository/com/sun/jersey/jersey-server/1.19/jersey-server-1.19.jar:/root/.m2/repository/javax/servlet/javax.servlet-api/3.1.0/javax.servlet-api-3.1.0.jar:/root/.m2/repository/org/eclipse/jetty/jetty-server/9.3.24.v20180605/jetty-server-9.3.24.v20180605.jar:/root/.m2/repository/org/eclipse/jetty/jetty-http/9.3.24.v20180605/jetty-http-9.3.24.v20180605.jar:/root/.m2/repository/org/eclipse/jetty/jetty-io/9.3.24.v20180605/jetty-io-9.3.24.v20180605.jar:/root/.m2/repository/org/eclipse/jetty/jetty-webapp/9.3.24.v20180605/jetty-webapp-9.3.24.v20180605.jar:/root/.m2/repository/org/eclipse/jetty/jetty-xml/9.3.24.v20180605/jetty-xml-9.3.24.v20180605.jar:/root/.m2/repository/log4j/log4j/1.2.17/log4j-1.2.17.jar:/root/.m2/repository/org/slf4j/slf4j-api/1.7.25/slf4j-api-1.7.25.jar:/root/.m2/repository/org/slf4j/jul-to-slf4j/1.7.25/jul-to-slf4j-1.7.25.jar:/root/.m2/repository/org/eclipse/jetty/jetty-util/9.3.24.v20180605/jetty-util-9.3.24.v20180605.jar:/root/.m2/repository/io/dropwizard/metrics/metrics-core/3.2.4/metrics-core-3.2.4.jar:/root/.m2/repository/com/fasterxml/jackson/core/jackson-databind/2.9.5/jackson-databind-2.9.5.jar:/root/.m2/repository/org/apache/hadoop/hadoop-kms/3.2.0/hadoop-kms-3.2.0-tests.jar:/root/.m2/repository/org/apache/hadoop/hadoop-hdds-server-scm/0.5.0-SNAPSHOT/hadoop-hdds-server-scm-0.5.0-SNAPSHOT-tests.jar:/root/.m2/repository/org/hamcrest/hamcrest-all/1.3/hamcrest-all-1.3.jar:/root/.m2/repository/info/picocli/picocli/3.9.6/picocli-3.9.6.jar:/root/.m2/repository/org/apache/hadoop/hadoop-hdds-container-service/0.5.0-SNAPSHOT/hadoop-hdds-container-service-0.5.0-SNAPSHOT-tests.jar:/root/.m2/repository/org/yaml/snakeyaml/1.16/snakeyaml-1.16.jar:/root/.m2/repository/org/apache/hadoop/hadoop-common/3.2.0/hadoop-common-3.2.0-tests.jar:/root/.m2/repository/org/apache/hadoop/hadoop-annotations/3.2.0/hadoop-annotations-3.2.0.jar:/usr/lib/jvm/java-1.8-openjdk/jre/../lib/tools.jar:/root/.m2/repository/commons-cli/commons-cli/1.2/commons-cli-1.2.jar:/root/.m2/repository/org/apache/httpcomponents/httpclient/4.5.2/httpclient-4.5.2.jar:/root/.m2/repository/org/apache/httpcomponents/httpcore/4.4.4/httpcore-4.4.4.jar:/root/.m2/repository/commons-codec/commons-codec/1.11/commons-codec-1.11.jar:/root/.m2/repository/commons-net/commons-net/3.6/commons-net-3.6.jar:/root/.m2/repository/commons-collections/commons-collections/3.2.2/commons-collections-3.2.2.jar:/root/.m2/repository/org/eclipse/jetty/jetty-servlet/9.3.24.v20180605/jetty-servlet-9.3.24.v20180605.jar:/root/.m2/repository/org/eclipse/jetty/jetty-security/9.3.24.v20180605/jetty-security-9.3.24.v20180605.jar:/root/.m2/repository/javax/servlet/jsp/jsp-api/2.1/jsp-api-2.1.jar:/root/.m2/repository/com/sun/jersey/jersey-servlet/1.19/jersey-servlet-1.19.jar:/root/.m2/repository/com/sun/jersey/jersey-json/1.19/jersey-json-1.19.jar:/root/.m2/repository/org/codehaus/jettison/jettison/1.1/jettison-1.1.jar:/root/.m2/repository/org/codehaus/jackson/jackson-core-asl/1.9.13/jackson-core-asl-1.9.13.jar:/root/.m2/repository/org/codehaus/jackson/jackson-mapper-asl/1.9.13/jackson-mapper-asl-1.9.13.jar:/root/.m2/repository/org/codehaus/jackson/jackson-jaxrs/1.9.13/jackson-jaxrs-1.9.13.jar:/root/.m2/repository/org/codehaus/jackson/jackson-xc/1.9.13/jackson-xc-1.9.13.jar:/root/.m2/repository/commons-logging/commons-logging/1.1.3/commons-logging-1.1.3.jar:/root/.m2/repository/commons-beanutils/commons-beanutils/1.9.3/commons-beanutils-1.9.3.jar:/root/.m2/repository/org/apache/commons/commons-configuration2/2.1.1/commons-configuration2-2.1.1.jar:/root/.m2/repository/org/apache/commons/commons-lang3/3.7/commons-lang3-3.7.jar:/root/.m2/repository/org/apache/commons/commons-text/1.4/commons-text-1.4.jar:/root/.m2/repository/org/apache/avro/avro/1.7.7/avro-1.7.7.jar:/root/.m2/repository/com/thoughtworks/paranamer/paranamer/2.3/paranamer-2.3.jar:/root/.m2/repository/org/xerial/snappy/snappy-java/1.0.5/snappy-java-1.0.5.jar:/root/.m2/repository/com/google/re2j/re2j/1.1/re2j-1.1.jar:/root/.m2/repository/com/google/code/gson/gson/2.2.4/gson-2.2.4.jar:/root/.m2/repository/com/jcraft/jsch/0.1.54/jsch-0.1.54.jar:/root/.m2/repository/org/apache/curator/curator-client/2.12.0/curator-client-2.12.0.jar:/root/.m2/repository/org/apache/curator/curator-recipes/2.12.0/curator-recipes-2.12.0.jar:/root/.m2/repository/com/google/code/findbugs/jsr305/3.0.0/jsr305-3.0.0.jar:/root/.m2/repository/org/apache/htrace/htrace-core4/4.1.0-incubating/htrace-core4-4.1.0-incubating.jar:/root/.m2/repository/org/apache/zookeeper/zookeeper/3.4.13/zookeeper-3.4.13.jar:/root/.m2/repository/org/apache/yetus/audience-annotations/0.5.0/audience-annotations-0.5.0.jar:/root/.m2/repository/org/codehaus/woodstox/stax2-api/3.1.4/stax2-api-3.1.4.jar:/root/.m2/repository/com/fasterxml/woodstox/woodstox-core/5.0.3/woodstox-core-5.0.3.jar:/root/.m2/repository/dnsjava/dnsjava/2.1.7/dnsjava-2.1.7.jar:/root/.m2/repository/org/apache/hadoop/hadoop-hdfs/3.2.0/hadoop-hdfs-3.2.0-tests.jar:/root/.m2/repository/org/eclipse/jetty/jetty-util-ajax/9.3.24.v20180605/jetty-util-ajax-9.3.24.v20180605.jar:/root/.m2/repository/commons-daemon/commons-daemon/1.0.13/commons-daemon-1.0.13.jar:/root/.m2/repository/io/netty/netty/3.10.5.Final/netty-3.10.5.Final.jar:/root/.m2/repository/io/netty/netty-all/4.0.52.Final/netty-all-4.0.52.Final.jar:/root/.m2/repository/org/fusesource/leveldbjni/leveldbjni-all/1.8/leveldbjni-all-1.8.jar:"/>
    <property name="java.vm.vendor" value="IcedTea"/>
    <property name="sun.arch.data.model" value="64"/>
    <property name="test.build.dir" value="/opt/src/hadoop-ozone/integration-test/target/test-dir"/>
    <property name="test.cache.data" value=""/>
    <property name="java.vendor.url" value="https://icedtea.classpath.org"/>
    <property name="user.timezone" value=""/>
    <property name="java.vm.specification.version" value="1.8"/>
    <property name="os.name" value="Linux"/>
    <property name="test.build.data" value="/opt/src/hadoop-ozone/integration-test/target/test-dir"/>
    <property name="user.country" value="US"/>
    <property name="sun.java.launcher" value="SUN_STANDARD"/>
    <property name="sun.boot.library.path" value="/usr/lib/jvm/java-1.8-openjdk/jre/lib/amd64"/>
    <property name="sun.java.command" value="/opt/src/hadoop-ozone/integration-test/target/surefire/surefirebooter6275825158933920643.jar /opt/src/hadoop-ozone/integration-test/target/surefire 2019-06-13T05-11-23_904-jvmRun1 surefire7011212640171109543tmp surefire_84106442681593998005tmp"/>
    <property name="surefire.test.class.path" value="/opt/src/hadoop-ozone/integration-test/target/test-classes:/opt/src/hadoop-ozone/integration-test/target/classes:/root/.m2/repository/org/apache/hadoop/hadoop-ozone-common/0.5.0-SNAPSHOT/hadoop-ozone-common-0.5.0-SNAPSHOT.jar:/root/.m2/repository/org/apache/commons/commons-compress/1.4.1/commons-compress-1.4.1.jar:/root/.m2/repository/org/tukaani/xz/1.0/xz-1.0.jar:/root/.m2/repository/org/apache/hadoop/hadoop-common/3.2.0/hadoop-common-3.2.0.jar:/root/.m2/repository/org/apache/hadoop/hadoop-hdfs/3.2.0/hadoop-hdfs-3.2.0.jar:/root/.m2/repository/org/apache/hadoop/hadoop-hdfs-client/3.2.0/hadoop-hdfs-client-3.2.0.jar:/root/.m2/repository/com/fasterxml/jackson/core/jackson-annotations/2.9.5/jackson-annotations-2.9.5.jar:/root/.m2/repository/org/apache/hadoop/hadoop-hdds-common/0.5.0-SNAPSHOT/hadoop-hdds-common-0.5.0-SNAPSHOT.jar:/root/.m2/repository/javax/annotation/javax.annotation-api/1.2/javax.annotation-api-1.2.jar:/root/.m2/repository/org/apache/ratis/ratis-server/0.4.0-fe2b15d-SNAPSHOT/ratis-server-0.4.0-fe2b15d-SNAPSHOT.jar:/root/.m2/repository/org/apache/ratis/ratis-thirdparty-misc/0.2.0/ratis-thirdparty-misc-0.2.0.jar:/root/.m2/repository/org/apache/ratis/ratis-proto/0.4.0-fe2b15d-SNAPSHOT/ratis-proto-0.4.0-fe2b15d-SNAPSHOT.jar:/root/.m2/repository/org/apache/ratis/ratis-common/0.4.0-fe2b15d-SNAPSHOT/ratis-common-0.4.0-fe2b15d-SNAPSHOT.jar:/root/.m2/repository/org/apache/ratis/ratis-client/0.4.0-fe2b15d-SNAPSHOT/ratis-client-0.4.0-fe2b15d-SNAPSHOT.jar:/root/.m2/repository/org/apache/ratis/ratis-netty/0.4.0-fe2b15d-SNAPSHOT/ratis-netty-0.4.0-fe2b15d-SNAPSHOT.jar:/root/.m2/repository/org/apache/ratis/ratis-grpc/0.4.0-fe2b15d-SNAPSHOT/ratis-grpc-0.4.0-fe2b15d-SNAPSHOT.jar:/root/.m2/repository/org/rocksdb/rocksdbjni/5.14.2/rocksdbjni-5.14.2.jar:/root/.m2/repository/org/apache/logging/log4j/log4j-api/2.11.0/log4j-api-2.11.0.jar:/root/.m2/repository/org/apache/logging/log4j/log4j-core/2.11.0/log4j-core-2.11.0.jar:/root/.m2/repository/com/lmax/disruptor/3.4.2/disruptor-3.4.2.jar:/root/.m2/repository/org/apache/commons/commons-pool2/2.6.0/commons-pool2-2.6.0.jar:/root/.m2/repository/org/bouncycastle/bcpkix-jdk15on/1.60/bcpkix-jdk15on-1.60.jar:/root/.m2/repository/commons-validator/commons-validator/1.6/commons-validator-1.6.jar:/root/.m2/repository/commons-digester/commons-digester/1.8.1/commons-digester-1.8.1.jar:/root/.m2/repository/io/jaegertracing/jaeger-client/0.33.1/jaeger-client-0.33.1.jar:/root/.m2/repository/io/jaegertracing/jaeger-thrift/0.33.1/jaeger-thrift-0.33.1.jar:/root/.m2/repository/org/apache/thrift/libthrift/0.11.0/libthrift-0.11.0.jar:/root/.m2/repository/com/squareup/okhttp3/okhttp/3.9.0/okhttp-3.9.0.jar:/root/.m2/repository/com/squareup/okio/okio/1.13.0/okio-1.13.0.jar:/root/.m2/repository/io/jaegertracing/jaeger-core/0.33.1/jaeger-core-0.33.1.jar:/root/.m2/repository/io/jaegertracing/jaeger-tracerresolver/0.33.1/jaeger-tracerresolver-0.33.1.jar:/root/.m2/repository/io/opentracing/contrib/opentracing-tracerresolver/0.1.5/opentracing-tracerresolver-0.1.5.jar:/root/.m2/repository/io/opentracing/opentracing-util/0.31.0/opentracing-util-0.31.0.jar:/root/.m2/repository/io/opentracing/opentracing-api/0.31.0/opentracing-api-0.31.0.jar:/root/.m2/repository/io/opentracing/opentracing-noop/0.31.0/opentracing-noop-0.31.0.jar:/root/.m2/repository/org/apache/hadoop/hadoop-hdds-server-framework/0.5.0-SNAPSHOT/hadoop-hdds-server-framework-0.5.0-SNAPSHOT.jar:/root/.m2/repository/org/apache/hadoop/hadoop-hdds-server-scm/0.5.0-SNAPSHOT/hadoop-hdds-server-scm-0.5.0-SNAPSHOT.jar:/root/.m2/repository/org/apache/hadoop/hadoop-hdds-container-service/0.5.0-SNAPSHOT/hadoop-hdds-container-service-0.5.0-SNAPSHOT.jar:/root/.m2/repository/org/apache/hadoop/hadoop-hdds-client/0.5.0-SNAPSHOT/hadoop-hdds-client-0.5.0-SNAPSHOT.jar:/root/.m2/repository/org/apache/hadoop/hadoop-hdds-tools/0.5.0-SNAPSHOT/hadoop-hdds-tools-0.5.0-SNAPSHOT.jar:/root/.m2/repository/org/apache/hadoop/hadoop-ozone-ozone-manager/0.5.0-SNAPSHOT/hadoop-ozone-ozone-manager-0.5.0-SNAPSHOT.jar:/root/.m2/repository/org/apache/hadoop/hadoop-hdds-docs/0.5.0-SNAPSHOT/hadoop-hdds-docs-0.5.0-SNAPSHOT.jar:/root/.m2/repository/org/bouncycastle/bcprov-jdk15on/1.60/bcprov-jdk15on-1.60.jar:/root/.m2/repository/org/apache/hadoop/hadoop-minikdc/3.2.0/hadoop-minikdc-3.2.0.jar:/root/.m2/repository/commons-io/commons-io/2.5/commons-io-2.5.jar:/root/.m2/repository/org/apache/kerby/kerb-simplekdc/1.0.1/kerb-simplekdc-1.0.1.jar:/root/.m2/repository/org/apache/kerby/kerb-client/1.0.1/kerb-client-1.0.1.jar:/root/.m2/repository/org/apache/kerby/kerby-config/1.0.1/kerby-config-1.0.1.jar:/root/.m2/repository/org/apache/kerby/kerb-core/1.0.1/kerb-core-1.0.1.jar:/root/.m2/repository/org/apache/kerby/kerby-pkix/1.0.1/kerby-pkix-1.0.1.jar:/root/.m2/repository/org/apache/kerby/kerby-asn1/1.0.1/kerby-asn1-1.0.1.jar:/root/.m2/repository/org/apache/kerby/kerby-util/1.0.1/kerby-util-1.0.1.jar:/root/.m2/repository/org/apache/kerby/kerb-common/1.0.1/kerb-common-1.0.1.jar:/root/.m2/repository/org/apache/kerby/kerb-crypto/1.0.1/kerb-crypto-1.0.1.jar:/root/.m2/repository/org/apache/kerby/kerb-util/1.0.1/kerb-util-1.0.1.jar:/root/.m2/repository/org/apache/kerby/token-provider/1.0.1/token-provider-1.0.1.jar:/root/.m2/repository/org/apache/kerby/kerb-admin/1.0.1/kerb-admin-1.0.1.jar:/root/.m2/repository/org/apache/kerby/kerb-server/1.0.1/kerb-server-1.0.1.jar:/root/.m2/repository/org/apache/kerby/kerb-identity/1.0.1/kerb-identity-1.0.1.jar:/root/.m2/repository/org/apache/kerby/kerby-xdr/1.0.1/kerby-xdr-1.0.1.jar:/root/.m2/repository/org/slf4j/slf4j-log4j12/1.7.25/slf4j-log4j12-1.7.25.jar:/root/.m2/repository/org/apache/hadoop/hadoop-ozone-objectstore-service/0.5.0-SNAPSHOT/hadoop-ozone-objectstore-service-0.5.0-SNAPSHOT.jar:/root/.m2/repository/org/apache/hadoop/hadoop-ozone-s3gateway/0.5.0-SNAPSHOT/hadoop-ozone-s3gateway-0.5.0-SNAPSHOT.jar:/root/.m2/repository/org/jboss/weld/servlet/weld-servlet/2.4.7.Final/weld-servlet-2.4.7.Final.jar:/root/.m2/repository/org/glassfish/jersey/containers/jersey-container-servlet-core/2.27/jersey-container-servlet-core-2.27.jar:/root/.m2/repository/org/glassfish/hk2/external/javax.inject/2.5.0-b42/javax.inject-2.5.0-b42.jar:/root/.m2/repository/org/glassfish/jersey/core/jersey-common/2.27/jersey-common-2.27.jar:/root/.m2/repository/org/glassfish/hk2/osgi-resource-locator/1.0.1/osgi-resource-locator-1.0.1.jar:/root/.m2/repository/javax/ws/rs/javax.ws.rs-api/2.1/javax.ws.rs-api-2.1.jar:/root/.m2/repository/org/glassfish/jersey/ext/cdi/jersey-cdi1x/2.27/jersey-cdi1x-2.27.jar:/root/.m2/repository/org/glassfish/jersey/inject/jersey-hk2/2.27/jersey-hk2-2.27.jar:/root/.m2/repository/org/glassfish/hk2/hk2-locator/2.5.0-b42/hk2-locator-2.5.0-b42.jar:/root/.m2/repository/org/javassist/javassist/3.22.0-CR2/javassist-3.22.0-CR2.jar:/root/.m2/repository/org/glassfish/hk2/hk2-api/2.5.0/hk2-api-2.5.0.jar:/root/.m2/repository/org/glassfish/hk2/external/jakarta.inject/2.5.0/jakarta.inject-2.5.0.jar:/root/.m2/repository/org/glassfish/hk2/hk2-utils/2.5.0/hk2-utils-2.5.0.jar:/root/.m2/repository/jakarta/annotation/jakarta.annotation-api/1.3.4/jakarta.annotation-api-1.3.4.jar:/root/.m2/repository/org/glassfish/hk2/external/aopalliance-repackaged/2.5.0/aopalliance-repackaged-2.5.0.jar:/root/.m2/repository/com/fasterxml/jackson/dataformat/jackson-dataformat-xml/2.9.0/jackson-dataformat-xml-2.9.0.jar:/root/.m2/repository/com/fasterxml/jackson/core/jackson-core/2.9.5/jackson-core-2.9.5.jar:/root/.m2/repository/com/fasterxml/jackson/module/jackson-module-jaxb-annotations/2.9.5/jackson-module-jaxb-annotations-2.9.5.jar:/root/.m2/repository/javax/enterprise/cdi-api/1.2/cdi-api-1.2.jar:/root/.m2/repository/javax/el/javax.el-api/3.0.0/javax.el-api-3.0.0.jar:/root/.m2/repository/javax/interceptor/javax.interceptor-api/1.2/javax.interceptor-api-1.2.jar:/root/.m2/repository/javax/inject/javax.inject/1/javax.inject-1.jar:/root/.m2/repository/com/sun/xml/bind/jaxb-impl/2.3.0.1/jaxb-impl-2.3.0.1.jar:/root/.m2/repository/com/sun/xml/bind/jaxb-core/2.3.0.1/jaxb-core-2.3.0.1.jar:/root/.m2/repository/javax/xml/bind/jaxb-api/2.3.0/jaxb-api-2.3.0.jar:/root/.m2/repository/javax/activation/activation/1.1.1/activation-1.1.1.jar:/root/.m2/repository/org/apache/hadoop/hadoop-ozone-csi/0.5.0-SNAPSHOT/hadoop-ozone-csi-0.5.0-SNAPSHOT.jar:/root/.m2/repository/com/google/protobuf/protobuf-java-util/3.5.1/protobuf-java-util-3.5.1.jar:/root/.m2/repository/org/apache/hadoop/hadoop-hdds-config/0.5.0-SNAPSHOT/hadoop-hdds-config-0.5.0-SNAPSHOT.jar:/root/.m2/repository/com/google/guava/guava/11.0.2/guava-11.0.2.jar:/root/.m2/repository/com/google/protobuf/protobuf-java/2.5.0/protobuf-java-2.5.0.jar:/root/.m2/repository/io/grpc/grpc-netty/1.17.1/grpc-netty-1.17.1.jar:/root/.m2/repository/io/grpc/grpc-core/1.17.1/grpc-core-1.17.1.jar:/root/.m2/repository/io/grpc/grpc-context/1.17.1/grpc-context-1.17.1.jar:/root/.m2/repository/com/google/errorprone/error_prone_annotations/2.2.0/error_prone_annotations-2.2.0.jar:/root/.m2/repository/org/codehaus/mojo/animal-sniffer-annotations/1.17/animal-sniffer-annotations-1.17.jar:/root/.m2/repository/io/opencensus/opencensus-api/0.17.0/opencensus-api-0.17.0.jar:/root/.m2/repository/io/opencensus/opencensus-contrib-grpc-metrics/0.17.0/opencensus-contrib-grpc-metrics-0.17.0.jar:/root/.m2/repository/io/netty/netty-codec-http2/4.1.30.Final/netty-codec-http2-4.1.30.Final.jar:/root/.m2/repository/io/netty/netty-codec-http/4.1.30.Final/netty-codec-http-4.1.30.Final.jar:/root/.m2/repository/io/netty/netty-codec/4.1.30.Final/netty-codec-4.1.30.Final.jar:/root/.m2/repository/io/netty/netty-handler/4.1.30.Final/netty-handler-4.1.30.Final.jar:/root/.m2/repository/io/netty/netty-handler-proxy/4.1.30.Final/netty-handler-proxy-4.1.30.Final.jar:/root/.m2/repository/io/netty/netty-codec-socks/4.1.30.Final/netty-codec-socks-4.1.30.Final.jar:/root/.m2/repository/io/netty/netty-transport-native-epoll/4.1.30.Final/netty-transport-native-epoll-4.1.30.Final.jar:/root/.m2/repository/io/netty/netty-common/4.1.30.Final/netty-common-4.1.30.Final.jar:/root/.m2/repository/io/netty/netty-buffer/4.1.30.Final/netty-buffer-4.1.30.Final.jar:/root/.m2/repository/io/netty/netty-transport/4.1.30.Final/netty-transport-4.1.30.Final.jar:/root/.m2/repository/io/netty/netty-resolver/4.1.30.Final/netty-resolver-4.1.30.Final.jar:/root/.m2/repository/io/netty/netty-transport-native-unix-common/4.1.30.Final/netty-transport-native-unix-common-4.1.30.Final.jar:/root/.m2/repository/io/grpc/grpc-protobuf/1.17.1/grpc-protobuf-1.17.1.jar:/root/.m2/repository/com/google/api/grpc/proto-google-common-protos/1.0.0/proto-google-common-protos-1.0.0.jar:/root/.m2/repository/io/grpc/grpc-protobuf-lite/1.17.1/grpc-protobuf-lite-1.17.1.jar:/root/.m2/repository/io/grpc/grpc-stub/1.17.1/grpc-stub-1.17.1.jar:/root/.m2/repository/org/apache/hadoop/hadoop-ozone-recon/0.5.0-SNAPSHOT/hadoop-ozone-recon-0.5.0-SNAPSHOT.jar:/root/.m2/repository/org/apache/hadoop/hadoop-ozone-reconcodegen/0.5.0-SNAPSHOT/hadoop-ozone-reconcodegen-0.5.0-SNAPSHOT.jar:/root/.m2/repository/com/google/inject/extensions/guice-multibindings/4.0/guice-multibindings-4.0.jar:/root/.m2/repository/com/google/inject/guice/4.0/guice-4.0.jar:/root/.m2/repository/aopalliance/aopalliance/1.0/aopalliance-1.0.jar:/root/.m2/repository/com/google/inject/extensions/guice-servlet/4.0/guice-servlet-4.0.jar:/root/.m2/repository/org/glassfish/jersey/containers/jersey-container-servlet/2.27/jersey-container-servlet-2.27.jar:/root/.m2/repository/org/glassfish/hk2/guice-bridge/2.5.0/guice-bridge-2.5.0.jar:/root/.m2/repository/org/glassfish/jersey/core/jersey-server/2.27/jersey-server-2.27.jar:/root/.m2/repository/org/glassfish/jersey/core/jersey-client/2.27/jersey-client-2.27.jar:/root/.m2/repository/org/glassfish/jersey/media/jersey-media-jaxb/2.27/jersey-media-jaxb-2.27.jar:/root/.m2/repository/javax/validation/validation-api/1.1.0.Final/validation-api-1.1.0.Final.jar:/root/.m2/repository/org/glassfish/jersey/media/jersey-media-json-jackson/2.27/jersey-media-json-jackson-2.27.jar:/root/.m2/repository/org/glassfish/jersey/ext/jersey-entity-filtering/2.27/jersey-entity-filtering-2.27.jar:/root/.m2/repository/com/google/inject/extensions/guice-assistedinject/4.0/guice-assistedinject-4.0.jar:/root/.m2/repository/org/jooq/jooq/3.11.10/jooq-3.11.10.jar:/root/.m2/repository/org/jooq/jooq-meta/3.11.10/jooq-meta-3.11.10.jar:/root/.m2/repository/org/jooq/jooq-codegen/3.11.10/jooq-codegen-3.11.10.jar:/root/.m2/repository/com/jolbox/bonecp/0.8.0.RELEASE/bonecp-0.8.0.RELEASE.jar:/root/.m2/repository/org/xerial/sqlite-jdbc/3.25.2/sqlite-jdbc-3.25.2.jar:/root/.m2/repository/org/springframework/spring-jdbc/5.1.3.RELEASE/spring-jdbc-5.1.3.RELEASE.jar:/root/.m2/repository/org/springframework/spring-beans/5.1.3.RELEASE/spring-beans-5.1.3.RELEASE.jar:/root/.m2/repository/org/springframework/spring-core/5.1.3.RELEASE/spring-core-5.1.3.RELEASE.jar:/root/.m2/repository/org/springframework/spring-jcl/5.1.3.RELEASE/spring-jcl-5.1.3.RELEASE.jar:/root/.m2/repository/org/springframework/spring-tx/5.1.3.RELEASE/spring-tx-5.1.3.RELEASE.jar:/root/.m2/repository/org/apache/hadoop/hadoop-ozone-client/0.5.0-SNAPSHOT/hadoop-ozone-client-0.5.0-SNAPSHOT.jar:/root/.m2/repository/org/apache/hadoop/hadoop-ozone-ozone-manager/0.5.0-SNAPSHOT/hadoop-ozone-ozone-manager-0.5.0-SNAPSHOT-tests.jar:/root/.m2/repository/junit/junit/4.11/junit-4.11.jar:/root/.m2/repository/org/hamcrest/hamcrest-core/1.3/hamcrest-core-1.3.jar:/root/.m2/repository/org/openjdk/jmh/jmh-core/1.19/jmh-core-1.19.jar:/root/.m2/repository/net/sf/jopt-simple/jopt-simple/4.6/jopt-simple-4.6.jar:/root/.m2/repository/org/apache/commons/commons-math3/3.1.1/commons-math3-3.1.1.jar:/root/.m2/repository/org/openjdk/jmh/jmh-generator-annprocess/1.19/jmh-generator-annprocess-1.19.jar:/root/.m2/repository/org/mockito/mockito-all/1.8.5/mockito-all-1.8.5.jar:/root/.m2/repository/org/apache/hadoop/hadoop-kms/3.2.0/hadoop-kms-3.2.0.jar:/root/.m2/repository/org/apache/hadoop/hadoop-auth/3.2.0/hadoop-auth-3.2.0.jar:/root/.m2/repository/com/nimbusds/nimbus-jose-jwt/4.41.1/nimbus-jose-jwt-4.41.1.jar:/root/.m2/repository/com/github/stephenc/jcip/jcip-annotations/1.0-1/jcip-annotations-1.0-1.jar:/root/.m2/repository/net/minidev/json-smart/2.3/json-smart-2.3.jar:/root/.m2/repository/net/minidev/accessors-smart/1.2/accessors-smart-1.2.jar:/root/.m2/repository/org/ow2/asm/asm/5.0.4/asm-5.0.4.jar:/root/.m2/repository/org/apache/curator/curator-framework/2.12.0/curator-framework-2.12.0.jar:/root/.m2/repository/com/sun/jersey/jersey-core/1.19/jersey-core-1.19.jar:/root/.m2/repository/javax/ws/rs/jsr311-api/1.1.1/jsr311-api-1.1.1.jar:/root/.m2/repository/com/sun/jersey/jersey-server/1.19/jersey-server-1.19.jar:/root/.m2/repository/javax/servlet/javax.servlet-api/3.1.0/javax.servlet-api-3.1.0.jar:/root/.m2/repository/org/eclipse/jetty/jetty-server/9.3.24.v20180605/jetty-server-9.3.24.v20180605.jar:/root/.m2/repository/org/eclipse/jetty/jetty-http/9.3.24.v20180605/jetty-http-9.3.24.v20180605.jar:/root/.m2/repository/org/eclipse/jetty/jetty-io/9.3.24.v20180605/jetty-io-9.3.24.v20180605.jar:/root/.m2/repository/org/eclipse/jetty/jetty-webapp/9.3.24.v20180605/jetty-webapp-9.3.24.v20180605.jar:/root/.m2/repository/org/eclipse/jetty/jetty-xml/9.3.24.v20180605/jetty-xml-9.3.24.v20180605.jar:/root/.m2/repository/log4j/log4j/1.2.17/log4j-1.2.17.jar:/root/.m2/repository/org/slf4j/slf4j-api/1.7.25/slf4j-api-1.7.25.jar:/root/.m2/repository/org/slf4j/jul-to-slf4j/1.7.25/jul-to-slf4j-1.7.25.jar:/root/.m2/repository/org/eclipse/jetty/jetty-util/9.3.24.v20180605/jetty-util-9.3.24.v20180605.jar:/root/.m2/repository/io/dropwizard/metrics/metrics-core/3.2.4/metrics-core-3.2.4.jar:/root/.m2/repository/com/fasterxml/jackson/core/jackson-databind/2.9.5/jackson-databind-2.9.5.jar:/root/.m2/repository/org/apache/hadoop/hadoop-kms/3.2.0/hadoop-kms-3.2.0-tests.jar:/root/.m2/repository/org/apache/hadoop/hadoop-hdds-server-scm/0.5.0-SNAPSHOT/hadoop-hdds-server-scm-0.5.0-SNAPSHOT-tests.jar:/root/.m2/repository/org/hamcrest/hamcrest-all/1.3/hamcrest-all-1.3.jar:/root/.m2/repository/info/picocli/picocli/3.9.6/picocli-3.9.6.jar:/root/.m2/repository/org/apache/hadoop/hadoop-hdds-container-service/0.5.0-SNAPSHOT/hadoop-hdds-container-service-0.5.0-SNAPSHOT-tests.jar:/root/.m2/repository/org/yaml/snakeyaml/1.16/snakeyaml-1.16.jar:/root/.m2/repository/org/apache/hadoop/hadoop-common/3.2.0/hadoop-common-3.2.0-tests.jar:/root/.m2/repository/org/apache/hadoop/hadoop-annotations/3.2.0/hadoop-annotations-3.2.0.jar:/usr/lib/jvm/java-1.8-openjdk/jre/../lib/tools.jar:/root/.m2/repository/commons-cli/commons-cli/1.2/commons-cli-1.2.jar:/root/.m2/repository/org/apache/httpcomponents/httpclient/4.5.2/httpclient-4.5.2.jar:/root/.m2/repository/org/apache/httpcomponents/httpcore/4.4.4/httpcore-4.4.4.jar:/root/.m2/repository/commons-codec/commons-codec/1.11/commons-codec-1.11.jar:/root/.m2/repository/commons-net/commons-net/3.6/commons-net-3.6.jar:/root/.m2/repository/commons-collections/commons-collections/3.2.2/commons-collections-3.2.2.jar:/root/.m2/repository/org/eclipse/jetty/jetty-servlet/9.3.24.v20180605/jetty-servlet-9.3.24.v20180605.jar:/root/.m2/repository/org/eclipse/jetty/jetty-security/9.3.24.v20180605/jetty-security-9.3.24.v20180605.jar:/root/.m2/repository/javax/servlet/jsp/jsp-api/2.1/jsp-api-2.1.jar:/root/.m2/repository/com/sun/jersey/jersey-servlet/1.19/jersey-servlet-1.19.jar:/root/.m2/repository/com/sun/jersey/jersey-json/1.19/jersey-json-1.19.jar:/root/.m2/repository/org/codehaus/jettison/jettison/1.1/jettison-1.1.jar:/root/.m2/repository/org/codehaus/jackson/jackson-core-asl/1.9.13/jackson-core-asl-1.9.13.jar:/root/.m2/repository/org/codehaus/jackson/jackson-mapper-asl/1.9.13/jackson-mapper-asl-1.9.13.jar:/root/.m2/repository/org/codehaus/jackson/jackson-jaxrs/1.9.13/jackson-jaxrs-1.9.13.jar:/root/.m2/repository/org/codehaus/jackson/jackson-xc/1.9.13/jackson-xc-1.9.13.jar:/root/.m2/repository/commons-logging/commons-logging/1.1.3/commons-logging-1.1.3.jar:/root/.m2/repository/commons-beanutils/commons-beanutils/1.9.3/commons-beanutils-1.9.3.jar:/root/.m2/repository/org/apache/commons/commons-configuration2/2.1.1/commons-configuration2-2.1.1.jar:/root/.m2/repository/org/apache/commons/commons-lang3/3.7/commons-lang3-3.7.jar:/root/.m2/repository/org/apache/commons/commons-text/1.4/commons-text-1.4.jar:/root/.m2/repository/org/apache/avro/avro/1.7.7/avro-1.7.7.jar:/root/.m2/repository/com/thoughtworks/paranamer/paranamer/2.3/paranamer-2.3.jar:/root/.m2/repository/org/xerial/snappy/snappy-java/1.0.5/snappy-java-1.0.5.jar:/root/.m2/repository/com/google/re2j/re2j/1.1/re2j-1.1.jar:/root/.m2/repository/com/google/code/gson/gson/2.2.4/gson-2.2.4.jar:/root/.m2/repository/com/jcraft/jsch/0.1.54/jsch-0.1.54.jar:/root/.m2/repository/org/apache/curator/curator-client/2.12.0/curator-client-2.12.0.jar:/root/.m2/repository/org/apache/curator/curator-recipes/2.12.0/curator-recipes-2.12.0.jar:/root/.m2/repository/com/google/code/findbugs/jsr305/3.0.0/jsr305-3.0.0.jar:/root/.m2/repository/org/apache/htrace/htrace-core4/4.1.0-incubating/htrace-core4-4.1.0-incubating.jar:/root/.m2/repository/org/apache/zookeeper/zookeeper/3.4.13/zookeeper-3.4.13.jar:/root/.m2/repository/org/apache/yetus/audience-annotations/0.5.0/audience-annotations-0.5.0.jar:/root/.m2/repository/org/codehaus/woodstox/stax2-api/3.1.4/stax2-api-3.1.4.jar:/root/.m2/repository/com/fasterxml/woodstox/woodstox-core/5.0.3/woodstox-core-5.0.3.jar:/root/.m2/repository/dnsjava/dnsjava/2.1.7/dnsjava-2.1.7.jar:/root/.m2/repository/org/apache/hadoop/hadoop-hdfs/3.2.0/hadoop-hdfs-3.2.0-tests.jar:/root/.m2/repository/org/eclipse/jetty/jetty-util-ajax/9.3.24.v20180605/jetty-util-ajax-9.3.24.v20180605.jar:/root/.m2/repository/commons-daemon/commons-daemon/1.0.13/commons-daemon-1.0.13.jar:/root/.m2/repository/io/netty/netty/3.10.5.Final/netty-3.10.5.Final.jar:/root/.m2/repository/io/netty/netty-all/4.0.52.Final/netty-all-4.0.52.Final.jar:/root/.m2/repository/org/fusesource/leveldbjni/leveldbjni-all/1.8/leveldbjni-all-1.8.jar:"/>
    <property name="sun.cpu.endian" value="little"/>
    <property name="user.home" value="/root"/>
    <property name="user.language" value="en"/>
    <property name="java.specification.vendor" value="Oracle Corporation"/>
    <property name="java.home" value="/usr/lib/jvm/java-1.8-openjdk/jre"/>
    <property name="java.security.krb5.conf" value="/opt/src/hadoop-ozone/integration-test/target/test-classes/krb5.conf"/>
    <property name="basedir" value="/opt/src/hadoop-ozone/integration-test"/>
    <property name="file.separator" value="/"/>
    <property name="line.separator" value="&#10;"/>
    <property name="java.vm.specification.vendor" value="Oracle Corporation"/>
    <property name="java.specification.name" value="Java Platform API Specification"/>
    <property name="java.awt.graphicsenv" value="sun.awt.X11GraphicsEnvironment"/>
    <property name="surefire.real.class.path" value="/opt/src/hadoop-ozone/integration-test/target/surefire/surefirebooter6275825158933920643.jar"/>
    <property name="hadoop.log.dir" value="/opt/src/hadoop-ozone/integration-test/target/log"/>
    <property name="sun.boot.class.path" value="/usr/lib/jvm/java-1.8-openjdk/jre/lib/resources.jar:/usr/lib/jvm/java-1.8-openjdk/jre/lib/rt.jar:/usr/lib/jvm/java-1.8-openjdk/jre/lib/sunrsasign.jar:/usr/lib/jvm/java-1.8-openjdk/jre/lib/jsse.jar:/usr/lib/jvm/java-1.8-openjdk/jre/lib/jce.jar:/usr/lib/jvm/java-1.8-openjdk/jre/lib/charsets.jar:/usr/lib/jvm/java-1.8-openjdk/jre/lib/jfr.jar:/usr/lib/jvm/java-1.8-openjdk/jre/classes"/>
    <property name="sun.management.compiler" value="HotSpot 64-Bit Tiered Compilers"/>
    <property name="java.runtime.version" value="1.8.0_212-b04"/>
    <property name="java.net.preferIPv4Stack" value="true"/>
    <property name="user.name" value="root"/>
    <property name="path.separator" value=":"/>
    <property name="java.security.egd" value="file:///dev/urandom"/>
    <property name="os.version" value="4.15.0-1021-aws"/>
    <property name="java.endorsed.dirs" value="/usr/lib/jvm/java-1.8-openjdk/jre/lib/endorsed"/>
    <property name="java.runtime.name" value="OpenJDK Runtime Environment"/>
    <property name="file.encoding" value="UTF-8"/>
    <property name="java.vm.name" value="OpenJDK 64-Bit Server VM"/>
    <property name="test.build.webapps" value=""/>
    <property name="localRepository" value="/root/.m2/repository"/>
    <property name="java.vendor.url.bug" value="https://icedtea.classpath.org/bugzilla"/>
    <property name="java.io.tmpdir" value="/tmp"/>
    <property name="require.test.libhadoop" value=""/>
    <property name="java.version" value="1.8.0_212"/>
    <property name="user.dir" value="/opt/src/hadoop-ozone/integration-test"/>
    <property name="os.arch" value="amd64"/>
    <property name="java.vm.specification.name" value="Java Virtual Machine Specification"/>
    <property name="test.build.classes" value="/opt/src/hadoop-ozone/integration-test/target/test-classes"/>
    <property name="java.awt.printerjob" value="sun.print.PSPrinterJob"/>
    <property name="sun.os.patch.level" value="unknown"/>
    <property name="hadoop.tmp.dir" value="/opt/src/hadoop-ozone/integration-test/target/tmp"/>
    <property name="java.library.path" value="/usr/lib/jvm/java-1.8-openjdk/jre/lib/amd64/server:/usr/lib/jvm/java-1.8-openjdk/jre/lib/amd64:/usr/lib/jvm/java-1.8-openjdk/jre/../lib/amd64:/opt/src/hadoop-ozone/integration-test/target/native/target/usr/local/lib:/opt/src/hadoop-ozone/integration-test/../../hadoop-common-project/hadoop-common/target/native/target/usr/local/lib:/usr/java/packages/lib/amd64:/usr/lib64:/lib64:/lib:/usr/lib"/>
    <property name="java.vm.info" value="mixed mode"/>
    <property name="java.vendor" value="IcedTea"/>
    <property name="java.vm.version" value="25.212-b04"/>
    <property name="java.ext.dirs" value="/usr/lib/jvm/java-1.8-openjdk/jre/lib/ext:/usr/java/packages/lib/ext"/>
    <property name="sun.io.unicode.encoding" value="UnicodeLittle"/>
    <property name="java.class.version" value="52.0"/>
  </properties>
  <testcase name="testPipelineFail" classname="org.apache.hadoop.hdds.scm.pipeline.TestNodeFailure" time="0">
    <skipped/>
    <system-out><![CDATA[2019-06-13 05:15:18,247 WARN  server.ServerUtils (ServerUtils.java:getScmDbDir(145)) - ozone.scm.db.dirs is not configured. We recommend adding this setting. Falling back to ozone.metadata.dirs instead.
2019-06-13 05:15:18,314 WARN  server.ServerUtils (ServerUtils.java:getScmDbDir(145)) - ozone.scm.db.dirs is not configured. We recommend adding this setting. Falling back to ozone.metadata.dirs instead.
2019-06-13 05:15:18,316 WARN  server.ServerUtils (ServerUtils.java:getScmDbDir(145)) - ozone.scm.db.dirs is not configured. We recommend adding this setting. Falling back to ozone.metadata.dirs instead.
2019-06-13 05:15:18,330 INFO  util.log (Log.java:initialized(192)) - Logging initialized @652ms
2019-06-13 05:15:18,411 INFO  db.DBStoreBuilder (DBStoreBuilder.java:addTable(110)) - using custom profile for table: deletedBlocks
2019-06-13 05:15:18,411 INFO  db.DBStoreBuilder (DBStoreBuilder.java:processTables(161)) - Using default column profile:DBProfile.DISK for Table:deletedBlocks
2019-06-13 05:15:18,411 INFO  db.DBStoreBuilder (DBStoreBuilder.java:addTable(110)) - using custom profile for table: validCerts
2019-06-13 05:15:18,412 INFO  db.DBStoreBuilder (DBStoreBuilder.java:processTables(161)) - Using default column profile:DBProfile.DISK for Table:validCerts
2019-06-13 05:15:18,412 INFO  db.DBStoreBuilder (DBStoreBuilder.java:addTable(110)) - using custom profile for table: revokedCerts
2019-06-13 05:15:18,412 INFO  db.DBStoreBuilder (DBStoreBuilder.java:processTables(161)) - Using default column profile:DBProfile.DISK for Table:revokedCerts
2019-06-13 05:15:18,422 INFO  db.DBStoreBuilder (DBStoreBuilder.java:addTable(110)) - using custom profile for table: default
2019-06-13 05:15:18,422 INFO  db.DBStoreBuilder (DBStoreBuilder.java:processTables(167)) - Using default column profile:DBProfile.DISK for Table:default
2019-06-13 05:15:18,424 INFO  db.DBStoreBuilder (DBStoreBuilder.java:getDbProfile(198)) - Using default options. DBProfile.DISK
2019-06-13 05:15:18,490 INFO  node.SCMNodeManager (SCMNodeManager.java:<init>(108)) - Entering startup safe mode.
2019-06-13 05:15:18,548 INFO  net.NodeSchemaLoader (NodeSchemaLoader.java:loadSchemaFromFile(125)) - Loading file from sun.misc.CompoundEnumeration@443118b0
2019-06-13 05:15:18,549 INFO  net.NodeSchemaLoader (NodeSchemaLoader.java:loadSchema(171)) - Loading network topology layer schema file
2019-06-13 05:15:18,599 WARN  server.ServerUtils (ServerUtils.java:getScmDbDir(145)) - ozone.scm.db.dirs is not configured. We recommend adding this setting. Falling back to ozone.metadata.dirs instead.
2019-06-13 05:15:18,618 INFO  pipeline.SCMPipelineManager (SCMPipelineManager.java:initializePipelineState(126)) - No pipeline exists in current db
2019-06-13 05:15:18,620 WARN  server.ServerUtils (ServerUtils.java:getScmDbDir(145)) - ozone.scm.db.dirs is not configured. We recommend adding this setting. Falling back to ozone.metadata.dirs instead.
2019-06-13 05:15:18,676 WARN  events.EventQueue (EventQueue.java:fireEvent(175)) - No event handler registered for event TypedEvent{payloadType=SafeModeStatus, name='SafeModeStatus'}
2019-06-13 05:15:18,972 INFO  ipc.CallQueueManager (CallQueueManager.java:<init>(84)) - Using callQueue: class java.util.concurrent.LinkedBlockingQueue, queueCapacity: 2000, scheduler: class org.apache.hadoop.ipc.DefaultRpcScheduler, ipcBackoff: false.
2019-06-13 05:15:18,995 INFO  ipc.Server (Server.java:run(1074)) - Starting Socket Reader #1 for port 41355
2019-06-13 05:15:19,016 INFO  ipc.CallQueueManager (CallQueueManager.java:<init>(84)) - Using callQueue: class java.util.concurrent.LinkedBlockingQueue, queueCapacity: 2000, scheduler: class org.apache.hadoop.ipc.DefaultRpcScheduler, ipcBackoff: false.
2019-06-13 05:15:19,017 INFO  ipc.Server (Server.java:run(1074)) - Starting Socket Reader #1 for port 41731
2019-06-13 05:15:19,023 INFO  ipc.CallQueueManager (CallQueueManager.java:<init>(84)) - Using callQueue: class java.util.concurrent.LinkedBlockingQueue, queueCapacity: 2000, scheduler: class org.apache.hadoop.ipc.DefaultRpcScheduler, ipcBackoff: false.
2019-06-13 05:15:19,050 INFO  ipc.Server (Server.java:run(1074)) - Starting Socket Reader #1 for port 42223
2019-06-13 05:15:19,069 INFO  hdfs.DFSUtil (DFSUtil.java:httpServerTemplateForNNAndJN(1641)) - Starting Web-server for scm at: http://0.0.0.0:0
2019-06-13 05:15:19,215 INFO  server.AuthenticationFilter (AuthenticationFilter.java:constructSecretProvider(240)) - Unable to initialize FileSignerSecretProvider, falling back to use random secrets.
2019-06-13 05:15:19,220 WARN  http.HttpRequestLog (HttpRequestLog.java:getRequestLog(97)) - Jetty request log can only be enabled using Log4j
2019-06-13 05:15:19,227 INFO  http.HttpServer2 (HttpServer2.java:addGlobalFilter(975)) - Added global filter 'safety' (class=org.apache.hadoop.http.HttpServer2$QuotingInputFilter)
2019-06-13 05:15:19,230 INFO  http.HttpServer2 (HttpServer2.java:addFilter(948)) - Added filter static_user_filter (class=org.apache.hadoop.http.lib.StaticUserWebFilter$StaticUserFilter) to context scm
2019-06-13 05:15:19,230 INFO  http.HttpServer2 (HttpServer2.java:addFilter(958)) - Added filter static_user_filter (class=org.apache.hadoop.http.lib.StaticUserWebFilter$StaticUserFilter) to context logs
2019-06-13 05:15:19,230 INFO  http.HttpServer2 (HttpServer2.java:addFilter(958)) - Added filter static_user_filter (class=org.apache.hadoop.http.lib.StaticUserWebFilter$StaticUserFilter) to context static
2019-06-13 05:15:19,252 INFO  server.StorageContainerManager (StorageContainerManager.java:start(752)) - StorageContainerLocationProtocol RPC server is listening at /0.0.0.0:42223
2019-06-13 05:15:19,296 WARN  impl.MetricsConfig (MetricsConfig.java:loadFirst(134)) - Cannot locate configuration: tried hadoop-metrics2-storagecontainermanager.properties,hadoop-metrics2.properties
2019-06-13 05:15:19,306 INFO  impl.MetricsSystemImpl (MetricsSystemImpl.java:startTimer(374)) - Scheduled Metric snapshot period at 10 second(s).
2019-06-13 05:15:19,306 INFO  impl.MetricsSystemImpl (MetricsSystemImpl.java:start(191)) - StorageContainerManager metrics system started
2019-06-13 05:15:19,478 INFO  server.SCMClientProtocolServer (SCMClientProtocolServer.java:start(149)) - RPC server for Client  is listening at /0.0.0.0:42223
2019-06-13 05:15:19,479 INFO  ipc.Server (Server.java:run(1314)) - IPC Server Responder: starting
2019-06-13 05:15:19,480 INFO  ipc.Server (Server.java:run(1153)) - IPC Server listener on 42223: starting
2019-06-13 05:15:19,482 INFO  server.StorageContainerManager (StorageContainerManager.java:start(761)) - ScmBlockLocationProtocol RPC server is listening at /0.0.0.0:41731
2019-06-13 05:15:19,482 INFO  server.SCMBlockProtocolServer (SCMBlockProtocolServer.java:start(137)) - RPC server for Block Protocol is listening at /0.0.0.0:41731
2019-06-13 05:15:19,482 INFO  ipc.Server (Server.java:run(1314)) - IPC Server Responder: starting
2019-06-13 05:15:19,482 INFO  ipc.Server (Server.java:run(1153)) - IPC Server listener on 41731: starting
2019-06-13 05:15:19,484 INFO  server.StorageContainerManager (StorageContainerManager.java:start(765)) - ScmDatanodeProtocl RPC server is listening at /0.0.0.0:41355
2019-06-13 05:15:19,484 INFO  server.SCMDatanodeProtocolServer (SCMDatanodeProtocolServer.java:start(191)) - RPC server for DataNodes is listening at /0.0.0.0:41355
2019-06-13 05:15:19,485 INFO  ipc.Server (Server.java:run(1314)) - IPC Server Responder: starting
2019-06-13 05:15:19,485 INFO  ipc.Server (Server.java:run(1153)) - IPC Server listener on 41355: starting
2019-06-13 05:15:19,488 INFO  http.HttpServer2 (HttpServer2.java:bindListener(1191)) - Jetty bound to port 44407
2019-06-13 05:15:19,490 INFO  server.Server (Server.java:doStart(351)) - jetty-9.3.24.v20180605, build timestamp: 2018-06-05T17:11:56Z, git hash: 84205aa28f11a4f31f2a3b86d1bba2cc8ab69827
2019-06-13 05:15:19,523 INFO  handler.ContextHandler (ContextHandler.java:doStart(781)) - Started o.e.j.s.ServletContextHandler@2df6226d{/logs,file:///opt/src/hadoop-ozone/integration-test/target/log,AVAILABLE}
2019-06-13 05:15:19,523 INFO  handler.ContextHandler (ContextHandler.java:doStart(781)) - Started o.e.j.s.ServletContextHandler@4ff4357f{/static,file:///opt/src/hadoop-ozone/integration-test/target/test-classes/webapps/static,AVAILABLE}
2019-06-13 05:15:19,552 INFO  handler.ContextHandler (ContextHandler.java:doStart(781)) - Started o.e.j.w.WebAppContext@2484f433{/,file:///opt/src/hadoop-ozone/integration-test/target/test-classes/webapps/scm/,AVAILABLE}{/scm}
2019-06-13 05:15:19,557 INFO  server.AbstractConnector (AbstractConnector.java:doStart(278)) - Started ServerConnector@841e575{HTTP/1.1,[http/1.1]}{0.0.0.0:44407}
2019-06-13 05:15:19,557 INFO  server.Server (Server.java:doStart(419)) - Started @1879ms
2019-06-13 05:15:19,558 INFO  server.BaseHttpServer (BaseHttpServer.java:updateConnectorAddress(207)) - HTTP server of SCM is listening at http://0.0.0.0:44407
2019-06-13 05:15:19,566 INFO  util.JvmPauseMonitor (JvmPauseMonitor.java:run(188)) - Starting JVM pause monitor
2019-06-13 05:15:19,570 WARN  scm.ScmUtils (ScmUtils.java:getDBPath(63)) - ozone.om.db.dirs is not configured. We recommend adding this setting. Falling back to ozone.metadata.dirs instead.
2019-06-13 05:15:19,648 WARN  scm.ScmUtils (ScmUtils.java:getDBPath(63)) - ozone.om.db.dirs is not configured. We recommend adding this setting. Falling back to ozone.metadata.dirs instead.
2019-06-13 05:15:19,649 INFO  om.OzoneManager (OzoneManager.java:setOMNodeDetails(519)) - OM Service ID is not set. Setting it to the default ID: omServiceIdDefault
2019-06-13 05:15:19,649 INFO  om.OzoneManager (OzoneManager.java:setOMNodeDetails(525)) - OM Node ID is not set. Setting it to the OmStorage's OmID: 80f6eae1-aa4f-478e-8c54-036028c017ac
2019-06-13 05:15:19,651 WARN  scm.HddsServerUtil (HddsServerUtil.java:getDefaultRatisDirectory(354)) - Storage directory for Ratis is not configured. It is a good idea to map this to an SSD disk. Falling back to ozone.metadata.dirs
2019-06-13 05:15:19,651 WARN  scm.HddsServerUtil (HddsServerUtil.java:getDefaultRatisDirectory(354)) - Storage directory for Ratis is not configured. It is a good idea to map this to an SSD disk. Falling back to ozone.metadata.dirs
2019-06-13 05:15:19,651 INFO  om.OzoneManager (OzoneManager.java:loadOMHAConfigs(476)) - Found matching OM address with OMServiceId: null, OMNodeId: null, RPC Address: localhost:0 and Ratis port: 9872
2019-06-13 05:15:19,813 WARN  scm.ScmUtils (ScmUtils.java:getDBPath(63)) - ozone.om.db.dirs is not configured. We recommend adding this setting. Falling back to ozone.metadata.dirs instead.
2019-06-13 05:15:19,818 INFO  db.DBStoreBuilder (DBStoreBuilder.java:addTable(110)) - using custom profile for table: userTable
2019-06-13 05:15:19,818 INFO  db.DBStoreBuilder (DBStoreBuilder.java:processTables(161)) - Using default column profile:DBProfile.DISK for Table:userTable
2019-06-13 05:15:19,819 INFO  db.DBStoreBuilder (DBStoreBuilder.java:addTable(110)) - using custom profile for table: volumeTable
2019-06-13 05:15:19,819 INFO  db.DBStoreBuilder (DBStoreBuilder.java:processTables(161)) - Using default column profile:DBProfile.DISK for Table:volumeTable
2019-06-13 05:15:19,819 INFO  db.DBStoreBuilder (DBStoreBuilder.java:addTable(110)) - using custom profile for table: bucketTable
2019-06-13 05:15:19,819 INFO  db.DBStoreBuilder (DBStoreBuilder.java:processTables(161)) - Using default column profile:DBProfile.DISK for Table:bucketTable
2019-06-13 05:15:19,819 INFO  db.DBStoreBuilder (DBStoreBuilder.java:addTable(110)) - using custom profile for table: keyTable
2019-06-13 05:15:19,820 INFO  db.DBStoreBuilder (DBStoreBuilder.java:processTables(161)) - Using default column profile:DBProfile.DISK for Table:keyTable
2019-06-13 05:15:19,820 INFO  db.DBStoreBuilder (DBStoreBuilder.java:addTable(110)) - using custom profile for table: deletedTable
2019-06-13 05:15:19,820 INFO  db.DBStoreBuilder (DBStoreBuilder.java:processTables(161)) - Using default column profile:DBProfile.DISK for Table:deletedTable
2019-06-13 05:15:19,820 INFO  db.DBStoreBuilder (DBStoreBuilder.java:addTable(110)) - using custom profile for table: openKeyTable
2019-06-13 05:15:19,821 INFO  db.DBStoreBuilder (DBStoreBuilder.java:processTables(161)) - Using default column profile:DBProfile.DISK for Table:openKeyTable
2019-06-13 05:15:19,821 INFO  db.DBStoreBuilder (DBStoreBuilder.java:addTable(110)) - using custom profile for table: s3Table
2019-06-13 05:15:19,821 INFO  db.DBStoreBuilder (DBStoreBuilder.java:processTables(161)) - Using default column profile:DBProfile.DISK for Table:s3Table
2019-06-13 05:15:19,821 INFO  db.DBStoreBuilder (DBStoreBuilder.java:addTable(110)) - using custom profile for table: multipartInfoTable
2019-06-13 05:15:19,821 INFO  db.DBStoreBuilder (DBStoreBuilder.java:processTables(161)) - Using default column profile:DBProfile.DISK for Table:multipartInfoTable
2019-06-13 05:15:19,822 INFO  db.DBStoreBuilder (DBStoreBuilder.java:addTable(110)) - using custom profile for table: dTokenTable
2019-06-13 05:15:19,822 INFO  db.DBStoreBuilder (DBStoreBuilder.java:processTables(161)) - Using default column profile:DBProfile.DISK for Table:dTokenTable
2019-06-13 05:15:19,822 INFO  db.DBStoreBuilder (DBStoreBuilder.java:addTable(110)) - using custom profile for table: s3SecretTable
2019-06-13 05:15:19,823 INFO  db.DBStoreBuilder (DBStoreBuilder.java:processTables(161)) - Using default column profile:DBProfile.DISK for Table:s3SecretTable
2019-06-13 05:15:19,823 INFO  db.DBStoreBuilder (DBStoreBuilder.java:addTable(110)) - using custom profile for table: prefixTable
2019-06-13 05:15:19,823 INFO  db.DBStoreBuilder (DBStoreBuilder.java:processTables(161)) - Using default column profile:DBProfile.DISK for Table:prefixTable
2019-06-13 05:15:19,823 INFO  db.DBStoreBuilder (DBStoreBuilder.java:addTable(110)) - using custom profile for table: default
2019-06-13 05:15:19,823 INFO  db.DBStoreBuilder (DBStoreBuilder.java:processTables(167)) - Using default column profile:DBProfile.DISK for Table:default
2019-06-13 05:15:19,823 INFO  db.DBStoreBuilder (DBStoreBuilder.java:getDbProfile(198)) - Using default options. DBProfile.DISK
2019-06-13 05:15:20,326 INFO  ipc.CallQueueManager (CallQueueManager.java:<init>(84)) - Using callQueue: class java.util.concurrent.LinkedBlockingQueue, queueCapacity: 2000, scheduler: class org.apache.hadoop.ipc.DefaultRpcScheduler, ipcBackoff: false.
2019-06-13 05:15:20,327 INFO  ipc.Server (Server.java:run(1074)) - Starting Socket Reader #1 for port 37185
2019-06-13 05:15:20,346 WARN  scm.ScmUtils (ScmUtils.java:getDBPath(63)) - ozone.om.db.dirs is not configured. We recommend adding this setting. Falling back to ozone.metadata.dirs instead.
2019-06-13 05:15:20,347 INFO  om.OzoneManager (OzoneManager.java:start(1217)) - OzoneManager RPC server is listening at localhost/127.0.0.1:37185
2019-06-13 05:15:20,347 INFO  impl.MetricsSystemImpl (MetricsSystemImpl.java:init(158)) - OzoneManager metrics system started (again)
2019-06-13 05:15:20,348 INFO  ipc.Server (Server.java:run(1314)) - IPC Server Responder: starting
2019-06-13 05:15:20,348 INFO  ipc.Server (Server.java:run(1153)) - IPC Server listener on 37185: starting
2019-06-13 05:15:20,393 INFO  hdfs.DFSUtil (DFSUtil.java:httpServerTemplateForNNAndJN(1641)) - Starting Web-server for ozoneManager at: http://0.0.0.0:0
2019-06-13 05:15:20,394 INFO  server.AuthenticationFilter (AuthenticationFilter.java:constructSecretProvider(240)) - Unable to initialize FileSignerSecretProvider, falling back to use random secrets.
2019-06-13 05:15:20,395 WARN  http.HttpRequestLog (HttpRequestLog.java:getRequestLog(97)) - Jetty request log can only be enabled using Log4j
2019-06-13 05:15:20,397 INFO  http.HttpServer2 (HttpServer2.java:addGlobalFilter(975)) - Added global filter 'safety' (class=org.apache.hadoop.http.HttpServer2$QuotingInputFilter)
2019-06-13 05:15:20,398 INFO  http.HttpServer2 (HttpServer2.java:addFilter(948)) - Added filter static_user_filter (class=org.apache.hadoop.http.lib.StaticUserWebFilter$StaticUserFilter) to context ozoneManager
2019-06-13 05:15:20,399 INFO  http.HttpServer2 (HttpServer2.java:addFilter(958)) - Added filter static_user_filter (class=org.apache.hadoop.http.lib.StaticUserWebFilter$StaticUserFilter) to context logs
2019-06-13 05:15:20,399 INFO  http.HttpServer2 (HttpServer2.java:addFilter(958)) - Added filter static_user_filter (class=org.apache.hadoop.http.lib.StaticUserWebFilter$StaticUserFilter) to context static
2019-06-13 05:15:20,401 INFO  http.HttpServer2 (HttpServer2.java:bindListener(1191)) - Jetty bound to port 38909
2019-06-13 05:15:20,401 INFO  server.Server (Server.java:doStart(351)) - jetty-9.3.24.v20180605, build timestamp: 2018-06-05T17:11:56Z, git hash: 84205aa28f11a4f31f2a3b86d1bba2cc8ab69827
2019-06-13 05:15:20,418 INFO  handler.ContextHandler (ContextHandler.java:doStart(781)) - Started o.e.j.s.ServletContextHandler@7c2a69b4{/logs,file:///opt/src/hadoop-ozone/integration-test/target/log,AVAILABLE}
2019-06-13 05:15:20,421 INFO  handler.ContextHandler (ContextHandler.java:doStart(781)) - Started o.e.j.s.ServletContextHandler@648ee871{/static,file:///opt/src/hadoop-ozone/integration-test/target/test-classes/webapps/static,AVAILABLE}
2019-06-13 05:15:20,425 INFO  handler.ContextHandler (ContextHandler.java:doStart(781)) - Started o.e.j.w.WebAppContext@6f012914{/,file:///opt/src/hadoop-ozone/integration-test/target/test-classes/webapps/ozoneManager/,AVAILABLE}{/ozoneManager}
2019-06-13 05:15:20,426 INFO  server.AbstractConnector (AbstractConnector.java:doStart(278)) - Started ServerConnector@18fdb6cf{HTTP/1.1,[http/1.1]}{0.0.0.0:38909}
2019-06-13 05:15:20,426 INFO  server.Server (Server.java:doStart(419)) - Started @2747ms
2019-06-13 05:15:20,427 INFO  server.BaseHttpServer (BaseHttpServer.java:updateConnectorAddress(207)) - HTTP server of OZONEMANAGER is listening at http://0.0.0.0:38909
2019-06-13 05:15:20,566 INFO  impl.MetricsSystemImpl (MetricsSystemImpl.java:init(158)) - HddsDatanode metrics system started (again)
2019-06-13 05:15:20,722 INFO  ozone.HddsDatanodeService (HddsDatanodeService.java:start(185)) - HddsDatanodeService host:ozone-w6gkr-1366096734 ip:192.168.19.45
2019-06-13 05:15:20,745 INFO  volume.HddsVolume (HddsVolume.java:<init>(176)) - Creating Volume: /opt/src/hadoop-ozone/integration-test/target/test-dir/MiniOzoneClusterImpl-1ee6e7b8-1322-42d1-bb34-dbc7f5c5a2fb/datanode-0/data/containers/hdds of  storage type : DISK and capacity : 104021790720
2019-06-13 05:15:20,747 INFO  volume.VolumeSet (VolumeSet.java:initializeVolumeSet(170)) - Added Volume : /opt/src/hadoop-ozone/integration-test/target/test-dir/MiniOzoneClusterImpl-1ee6e7b8-1322-42d1-bb34-dbc7f5c5a2fb/datanode-0/data/containers/hdds to VolumeSet
2019-06-13 05:15:20,750 INFO  volume.ThrottledAsyncChecker (ThrottledAsyncChecker.java:schedule(140)) - Scheduling a check for org.apache.hadoop.ozone.container.common.volume.HddsVolume@4a6c18ad
2019-06-13 05:15:20,768 INFO  volume.HddsVolumeChecker (HddsVolumeChecker.java:checkAllVolumes(203)) - Scheduled health check for volume org.apache.hadoop.ozone.container.common.volume.HddsVolume@4a6c18ad
2019-06-13 05:15:20,814 INFO  ratis.XceiverServerRatis (XceiverServerRatis.java:newXceiverServerRatis(401)) - Found a free port for the server : 37565
2019-06-13 05:15:20,865 INFO  impl.RaftServerProxy (ConfUtils.java:logGet(43)) - raft.rpc.type = GRPC (default)
2019-06-13 05:15:20,872 INFO  grpc.GrpcConfigKeys$Server (ConfUtils.java:logGet(43)) - raft.grpc.server.port = 37565 (custom)
2019-06-13 05:15:20,873 INFO  server.GrpcService (ConfUtils.java:logGet(43)) - raft.grpc.message.size.max = 33570816 (custom)
2019-06-13 05:15:20,874 INFO  server.RaftServerConfigKeys (ConfUtils.java:logGet(43)) - raft.server.log.appender.buffer.byte-limit = 33554432 (custom)
2019-06-13 05:15:20,875 INFO  server.GrpcService (ConfUtils.java:logGet(43)) - raft.grpc.flow.control.window = 1MB (=1048576) (default)
2019-06-13 05:15:20,876 INFO  server.RaftServerConfigKeys (ConfUtils.java:logGet(43)) - raft.server.rpc.request.timeout = 3000ms (default)
2019-06-13 05:15:21,004 INFO  server.RaftServerConfigKeys (ConfUtils.java:logGet(43)) - raft.server.storage.dir = [/opt/src/hadoop-ozone/integration-test/target/test-dir/MiniOzoneClusterImpl-1ee6e7b8-1322-42d1-bb34-dbc7f5c5a2fb/datanode-0/data/ratis] (custom)
2019-06-13 05:15:21,009 INFO  server.XceiverServerGrpc (XceiverServerGrpc.java:<init>(97)) - Found a free port for the server : 46151
2019-06-13 05:15:21,031 INFO  replication.SimpleContainerDownloader (SimpleContainerDownloader.java:<init>(72)) - Starting container downloader service to copy containers to replicate.
2019-06-13 05:15:21,040 INFO  hdfs.DFSUtil (DFSUtil.java:httpServerTemplateForNNAndJN(1641)) - Starting Web-server for hddsDatanode at: http://0.0.0.0:0
2019-06-13 05:15:21,042 INFO  server.AuthenticationFilter (AuthenticationFilter.java:constructSecretProvider(240)) - Unable to initialize FileSignerSecretProvider, falling back to use random secrets.
2019-06-13 05:15:21,042 WARN  http.HttpRequestLog (HttpRequestLog.java:getRequestLog(97)) - Jetty request log can only be enabled using Log4j
2019-06-13 05:15:21,044 INFO  http.HttpServer2 (HttpServer2.java:addGlobalFilter(975)) - Added global filter 'safety' (class=org.apache.hadoop.http.HttpServer2$QuotingInputFilter)
2019-06-13 05:15:21,044 INFO  http.HttpServer2 (HttpServer2.java:addFilter(948)) - Added filter static_user_filter (class=org.apache.hadoop.http.lib.StaticUserWebFilter$StaticUserFilter) to context hddsDatanode
2019-06-13 05:15:21,044 INFO  http.HttpServer2 (HttpServer2.java:addFilter(958)) - Added filter static_user_filter (class=org.apache.hadoop.http.lib.StaticUserWebFilter$StaticUserFilter) to context logs
2019-06-13 05:15:21,044 INFO  http.HttpServer2 (HttpServer2.java:addFilter(958)) - Added filter static_user_filter (class=org.apache.hadoop.http.lib.StaticUserWebFilter$StaticUserFilter) to context static
2019-06-13 05:15:21,045 INFO  http.HttpServer2 (HttpServer2.java:bindListener(1191)) - Jetty bound to port 34455
2019-06-13 05:15:21,045 INFO  server.Server (Server.java:doStart(351)) - jetty-9.3.24.v20180605, build timestamp: 2018-06-05T17:11:56Z, git hash: 84205aa28f11a4f31f2a3b86d1bba2cc8ab69827
2019-06-13 05:15:21,047 INFO  handler.ContextHandler (ContextHandler.java:doStart(781)) - Started o.e.j.s.ServletContextHandler@2e51d054{/logs,file:///opt/src/hadoop-ozone/integration-test/target/log,AVAILABLE}
2019-06-13 05:15:21,047 INFO  handler.ContextHandler (ContextHandler.java:doStart(781)) - Started o.e.j.s.ServletContextHandler@615e3f51{/static,jar:file:/root/.m2/repository/org/apache/hadoop/hadoop-hdds-container-service/0.5.0-SNAPSHOT/hadoop-hdds-container-service-0.5.0-SNAPSHOT.jar!/webapps/static,AVAILABLE}
2019-06-13 05:15:21,071 INFO  handler.ContextHandler (ContextHandler.java:doStart(781)) - Started o.e.j.w.WebAppContext@5e1fc2aa{/,file:///tmp/jetty-0.0.0.0-34455-hddsDatanode-_-any-2409546067891738869.dir/webapp/,AVAILABLE}{/hddsDatanode}
2019-06-13 05:15:21,072 INFO  server.AbstractConnector (AbstractConnector.java:doStart(278)) - Started ServerConnector@688d411b{HTTP/1.1,[http/1.1]}{0.0.0.0:34455}
2019-06-13 05:15:21,072 INFO  server.Server (Server.java:doStart(419)) - Started @3394ms
2019-06-13 05:15:21,073 INFO  server.BaseHttpServer (BaseHttpServer.java:updateConnectorAddress(207)) - HTTP server of HDDSDATANODE is listening at http://0.0.0.0:34455
2019-06-13 05:15:21,866 INFO  ozone.HddsDatanodeService (HddsDatanodeService.java:startPlugins(396)) - Started plug-in org.apache.hadoop.ozone.web.OzoneHddsDatanodeService@30bf26df
2019-06-13 05:15:21,866 INFO  impl.MetricsSystemImpl (MetricsSystemImpl.java:init(158)) - HddsDatanode metrics system started (again)
2019-06-13 05:15:21,867 INFO  ozone.HddsDatanodeService (HddsDatanodeService.java:start(185)) - HddsDatanodeService host:ozone-w6gkr-1366096734 ip:192.168.19.45
2019-06-13 05:15:21,876 INFO  util.JvmPauseMonitor (JvmPauseMonitor.java:run(188)) - Starting JVM pause monitor
2019-06-13 05:15:21,882 INFO  volume.HddsVolume (HddsVolume.java:<init>(176)) - Creating Volume: /opt/src/hadoop-ozone/integration-test/target/test-dir/MiniOzoneClusterImpl-1ee6e7b8-1322-42d1-bb34-dbc7f5c5a2fb/datanode-1/data/containers/hdds of  storage type : DISK and capacity : 104021790720
2019-06-13 05:15:21,883 INFO  volume.VolumeSet (VolumeSet.java:initializeVolumeSet(170)) - Added Volume : /opt/src/hadoop-ozone/integration-test/target/test-dir/MiniOzoneClusterImpl-1ee6e7b8-1322-42d1-bb34-dbc7f5c5a2fb/datanode-1/data/containers/hdds to VolumeSet
2019-06-13 05:15:21,883 INFO  volume.ThrottledAsyncChecker (ThrottledAsyncChecker.java:schedule(140)) - Scheduling a check for org.apache.hadoop.ozone.container.common.volume.HddsVolume@f171912
2019-06-13 05:15:21,892 INFO  volume.HddsVolumeChecker (HddsVolumeChecker.java:checkAllVolumes(203)) - Scheduled health check for volume org.apache.hadoop.ozone.container.common.volume.HddsVolume@f171912
2019-06-13 05:15:21,907 INFO  ratis.XceiverServerRatis (XceiverServerRatis.java:newXceiverServerRatis(401)) - Found a free port for the server : 41071
2019-06-13 05:15:21,908 INFO  impl.RaftServerProxy (ConfUtils.java:logGet(43)) - raft.rpc.type = GRPC (default)
2019-06-13 05:15:21,908 INFO  grpc.GrpcConfigKeys$Server (ConfUtils.java:logGet(43)) - raft.grpc.server.port = 41071 (custom)
2019-06-13 05:15:21,908 INFO  server.GrpcService (ConfUtils.java:logGet(43)) - raft.grpc.message.size.max = 33570816 (custom)
2019-06-13 05:15:21,909 INFO  server.RaftServerConfigKeys (ConfUtils.java:logGet(43)) - raft.server.log.appender.buffer.byte-limit = 33554432 (custom)
2019-06-13 05:15:21,909 INFO  server.GrpcService (ConfUtils.java:logGet(43)) - raft.grpc.flow.control.window = 1MB (=1048576) (default)
2019-06-13 05:15:21,909 INFO  server.RaftServerConfigKeys (ConfUtils.java:logGet(43)) - raft.server.rpc.request.timeout = 3000ms (default)
2019-06-13 05:15:21,910 INFO  server.RaftServerConfigKeys (ConfUtils.java:logGet(43)) - raft.server.storage.dir = [/opt/src/hadoop-ozone/integration-test/target/test-dir/MiniOzoneClusterImpl-1ee6e7b8-1322-42d1-bb34-dbc7f5c5a2fb/datanode-1/data/ratis] (custom)
2019-06-13 05:15:21,911 INFO  server.XceiverServerGrpc (XceiverServerGrpc.java:<init>(97)) - Found a free port for the server : 39413
2019-06-13 05:15:21,911 INFO  replication.SimpleContainerDownloader (SimpleContainerDownloader.java:<init>(72)) - Starting container downloader service to copy containers to replicate.
2019-06-13 05:15:21,913 INFO  hdfs.DFSUtil (DFSUtil.java:httpServerTemplateForNNAndJN(1641)) - Starting Web-server for hddsDatanode at: http://0.0.0.0:0
2019-06-13 05:15:21,914 INFO  server.AuthenticationFilter (AuthenticationFilter.java:constructSecretProvider(240)) - Unable to initialize FileSignerSecretProvider, falling back to use random secrets.
2019-06-13 05:15:21,915 WARN  http.HttpRequestLog (HttpRequestLog.java:getRequestLog(97)) - Jetty request log can only be enabled using Log4j
2019-06-13 05:15:21,916 INFO  http.HttpServer2 (HttpServer2.java:addGlobalFilter(975)) - Added global filter 'safety' (class=org.apache.hadoop.http.HttpServer2$QuotingInputFilter)
2019-06-13 05:15:21,917 INFO  http.HttpServer2 (HttpServer2.java:addFilter(948)) - Added filter static_user_filter (class=org.apache.hadoop.http.lib.StaticUserWebFilter$StaticUserFilter) to context hddsDatanode
2019-06-13 05:15:21,918 INFO  http.HttpServer2 (HttpServer2.java:addFilter(958)) - Added filter static_user_filter (class=org.apache.hadoop.http.lib.StaticUserWebFilter$StaticUserFilter) to context logs
2019-06-13 05:15:21,918 INFO  http.HttpServer2 (HttpServer2.java:addFilter(958)) - Added filter static_user_filter (class=org.apache.hadoop.http.lib.StaticUserWebFilter$StaticUserFilter) to context static
2019-06-13 05:15:21,919 INFO  http.HttpServer2 (HttpServer2.java:bindListener(1191)) - Jetty bound to port 37367
2019-06-13 05:15:21,919 INFO  server.Server (Server.java:doStart(351)) - jetty-9.3.24.v20180605, build timestamp: 2018-06-05T17:11:56Z, git hash: 84205aa28f11a4f31f2a3b86d1bba2cc8ab69827
2019-06-13 05:15:21,922 INFO  handler.ContextHandler (ContextHandler.java:doStart(781)) - Started o.e.j.s.ServletContextHandler@18b6d3c1{/logs,file:///opt/src/hadoop-ozone/integration-test/target/log,AVAILABLE}
2019-06-13 05:15:21,923 INFO  handler.ContextHandler (ContextHandler.java:doStart(781)) - Started o.e.j.s.ServletContextHandler@3fe512d2{/static,jar:file:/root/.m2/repository/org/apache/hadoop/hadoop-hdds-container-service/0.5.0-SNAPSHOT/hadoop-hdds-container-service-0.5.0-SNAPSHOT.jar!/webapps/static,AVAILABLE}
2019-06-13 05:15:21,947 INFO  handler.ContextHandler (ContextHandler.java:doStart(781)) - Started o.e.j.w.WebAppContext@e7b265e{/,file:///tmp/jetty-0.0.0.0-37367-hddsDatanode-_-any-4084808179072027994.dir/webapp/,AVAILABLE}{/hddsDatanode}
2019-06-13 05:15:21,948 INFO  server.AbstractConnector (AbstractConnector.java:doStart(278)) - Started ServerConnector@51da32e5{HTTP/1.1,[http/1.1]}{0.0.0.0:37367}
2019-06-13 05:15:21,954 INFO  server.Server (Server.java:doStart(419)) - Started @4269ms
2019-06-13 05:15:21,954 INFO  server.BaseHttpServer (BaseHttpServer.java:updateConnectorAddress(207)) - HTTP server of HDDSDATANODE is listening at http://0.0.0.0:37367
2019-06-13 05:15:21,986 INFO  datanode.InitDatanodeState (InitDatanodeState.java:persistContainerDatanodeDetails(140)) - DatanodeDetails is persisted to /opt/src/hadoop-ozone/integration-test/target/test-dir/MiniOzoneClusterImpl-1ee6e7b8-1322-42d1-bb34-dbc7f5c5a2fb/datanode-0/meta/datanode.id
2019-06-13 05:15:22,073 INFO  ozone.HddsDatanodeService (HddsDatanodeService.java:startPlugins(396)) - Started plug-in org.apache.hadoop.ozone.web.OzoneHddsDatanodeService@1d6751e3
2019-06-13 05:15:22,074 INFO  impl.MetricsSystemImpl (MetricsSystemImpl.java:init(158)) - HddsDatanode metrics system started (again)
2019-06-13 05:15:22,074 INFO  ozone.HddsDatanodeService (HddsDatanodeService.java:start(185)) - HddsDatanodeService host:ozone-w6gkr-1366096734 ip:192.168.19.45
2019-06-13 05:15:22,088 INFO  util.JvmPauseMonitor (JvmPauseMonitor.java:run(188)) - Starting JVM pause monitor
2019-06-13 05:15:22,097 INFO  volume.HddsVolume (HddsVolume.java:<init>(176)) - Creating Volume: /opt/src/hadoop-ozone/integration-test/target/test-dir/MiniOzoneClusterImpl-1ee6e7b8-1322-42d1-bb34-dbc7f5c5a2fb/datanode-2/data/containers/hdds of  storage type : DISK and capacity : 104021790720
2019-06-13 05:15:22,097 INFO  volume.VolumeSet (VolumeSet.java:initializeVolumeSet(170)) - Added Volume : /opt/src/hadoop-ozone/integration-test/target/test-dir/MiniOzoneClusterImpl-1ee6e7b8-1322-42d1-bb34-dbc7f5c5a2fb/datanode-2/data/containers/hdds to VolumeSet
2019-06-13 05:15:22,097 INFO  volume.ThrottledAsyncChecker (ThrottledAsyncChecker.java:schedule(140)) - Scheduling a check for org.apache.hadoop.ozone.container.common.volume.HddsVolume@2e7af36e
2019-06-13 05:15:22,104 INFO  datanode.InitDatanodeState (InitDatanodeState.java:persistContainerDatanodeDetails(140)) - DatanodeDetails is persisted to /opt/src/hadoop-ozone/integration-test/target/test-dir/MiniOzoneClusterImpl-1ee6e7b8-1322-42d1-bb34-dbc7f5c5a2fb/datanode-1/meta/datanode.id
2019-06-13 05:15:22,104 INFO  volume.HddsVolumeChecker (HddsVolumeChecker.java:checkAllVolumes(203)) - Scheduled health check for volume org.apache.hadoop.ozone.container.common.volume.HddsVolume@2e7af36e
2019-06-13 05:15:22,117 INFO  ratis.XceiverServerRatis (XceiverServerRatis.java:newXceiverServerRatis(401)) - Found a free port for the server : 39135
2019-06-13 05:15:22,118 INFO  impl.RaftServerProxy (ConfUtils.java:logGet(43)) - raft.rpc.type = GRPC (default)
2019-06-13 05:15:22,118 INFO  grpc.GrpcConfigKeys$Server (ConfUtils.java:logGet(43)) - raft.grpc.server.port = 39135 (custom)
2019-06-13 05:15:22,119 INFO  server.GrpcService (ConfUtils.java:logGet(43)) - raft.grpc.message.size.max = 33570816 (custom)
2019-06-13 05:15:22,119 INFO  server.RaftServerConfigKeys (ConfUtils.java:logGet(43)) - raft.server.log.appender.buffer.byte-limit = 33554432 (custom)
2019-06-13 05:15:22,119 INFO  server.GrpcService (ConfUtils.java:logGet(43)) - raft.grpc.flow.control.window = 1MB (=1048576) (default)
2019-06-13 05:15:22,119 INFO  server.RaftServerConfigKeys (ConfUtils.java:logGet(43)) - raft.server.rpc.request.timeout = 3000ms (default)
2019-06-13 05:15:22,119 INFO  server.RaftServerConfigKeys (ConfUtils.java:logGet(43)) - raft.server.storage.dir = [/opt/src/hadoop-ozone/integration-test/target/test-dir/MiniOzoneClusterImpl-1ee6e7b8-1322-42d1-bb34-dbc7f5c5a2fb/datanode-2/data/ratis] (custom)
2019-06-13 05:15:22,120 INFO  server.XceiverServerGrpc (XceiverServerGrpc.java:<init>(97)) - Found a free port for the server : 43063
2019-06-13 05:15:22,120 INFO  replication.SimpleContainerDownloader (SimpleContainerDownloader.java:<init>(72)) - Starting container downloader service to copy containers to replicate.
2019-06-13 05:15:22,121 INFO  hdfs.DFSUtil (DFSUtil.java:httpServerTemplateForNNAndJN(1641)) - Starting Web-server for hddsDatanode at: http://0.0.0.0:0
2019-06-13 05:15:22,122 INFO  server.AuthenticationFilter (AuthenticationFilter.java:constructSecretProvider(240)) - Unable to initialize FileSignerSecretProvider, falling back to use random secrets.
2019-06-13 05:15:22,122 WARN  http.HttpRequestLog (HttpRequestLog.java:getRequestLog(97)) - Jetty request log can only be enabled using Log4j
2019-06-13 05:15:22,124 INFO  http.HttpServer2 (HttpServer2.java:addGlobalFilter(975)) - Added global filter 'safety' (class=org.apache.hadoop.http.HttpServer2$QuotingInputFilter)
2019-06-13 05:15:22,124 INFO  http.HttpServer2 (HttpServer2.java:addFilter(948)) - Added filter static_user_filter (class=org.apache.hadoop.http.lib.StaticUserWebFilter$StaticUserFilter) to context hddsDatanode
2019-06-13 05:15:22,124 INFO  http.HttpServer2 (HttpServer2.java:addFilter(958)) - Added filter static_user_filter (class=org.apache.hadoop.http.lib.StaticUserWebFilter$StaticUserFilter) to context static
2019-06-13 05:15:22,124 INFO  http.HttpServer2 (HttpServer2.java:addFilter(958)) - Added filter static_user_filter (class=org.apache.hadoop.http.lib.StaticUserWebFilter$StaticUserFilter) to context logs
2019-06-13 05:15:22,125 INFO  http.HttpServer2 (HttpServer2.java:bindListener(1191)) - Jetty bound to port 45455
2019-06-13 05:15:22,125 INFO  server.Server (Server.java:doStart(351)) - jetty-9.3.24.v20180605, build timestamp: 2018-06-05T17:11:56Z, git hash: 84205aa28f11a4f31f2a3b86d1bba2cc8ab69827
2019-06-13 05:15:22,133 INFO  handler.ContextHandler (ContextHandler.java:doStart(781)) - Started o.e.j.s.ServletContextHandler@674da77b{/logs,file:///opt/src/hadoop-ozone/integration-test/target/log,AVAILABLE}
2019-06-13 05:15:22,134 INFO  handler.ContextHandler (ContextHandler.java:doStart(781)) - Started o.e.j.s.ServletContextHandler@6010d0d1{/static,jar:file:/root/.m2/repository/org/apache/hadoop/hadoop-hdds-container-service/0.5.0-SNAPSHOT/hadoop-hdds-container-service-0.5.0-SNAPSHOT.jar!/webapps/static,AVAILABLE}
2019-06-13 05:15:22,155 INFO  handler.ContextHandler (ContextHandler.java:doStart(781)) - Started o.e.j.w.WebAppContext@624b523{/,file:///tmp/jetty-0.0.0.0-45455-hddsDatanode-_-any-5293800051566024618.dir/webapp/,AVAILABLE}{/hddsDatanode}
2019-06-13 05:15:22,156 INFO  server.AbstractConnector (AbstractConnector.java:doStart(278)) - Started ServerConnector@50b46e24{HTTP/1.1,[http/1.1]}{0.0.0.0:45455}
2019-06-13 05:15:22,157 INFO  server.Server (Server.java:doStart(419)) - Started @4479ms
2019-06-13 05:15:22,158 INFO  server.BaseHttpServer (BaseHttpServer.java:updateConnectorAddress(207)) - HTTP server of HDDSDATANODE is listening at http://0.0.0.0:45455
2019-06-13 05:15:22,324 INFO  ozone.HddsDatanodeService (HddsDatanodeService.java:startPlugins(396)) - Started plug-in org.apache.hadoop.ozone.web.OzoneHddsDatanodeService@662be9f7
2019-06-13 05:15:22,325 INFO  impl.MetricsSystemImpl (MetricsSystemImpl.java:init(158)) - HddsDatanode metrics system started (again)
2019-06-13 05:15:22,325 INFO  ozone.HddsDatanodeService (HddsDatanodeService.java:start(185)) - HddsDatanodeService host:ozone-w6gkr-1366096734 ip:192.168.19.45
2019-06-13 05:15:22,342 INFO  volume.HddsVolume (HddsVolume.java:<init>(176)) - Creating Volume: /opt/src/hadoop-ozone/integration-test/target/test-dir/MiniOzoneClusterImpl-1ee6e7b8-1322-42d1-bb34-dbc7f5c5a2fb/datanode-3/data/containers/hdds of  storage type : DISK and capacity : 104021790720
2019-06-13 05:15:22,342 INFO  util.JvmPauseMonitor (JvmPauseMonitor.java:run(188)) - Starting JVM pause monitor
2019-06-13 05:15:22,342 INFO  volume.VolumeSet (VolumeSet.java:initializeVolumeSet(170)) - Added Volume : /opt/src/hadoop-ozone/integration-test/target/test-dir/MiniOzoneClusterImpl-1ee6e7b8-1322-42d1-bb34-dbc7f5c5a2fb/datanode-3/data/containers/hdds to VolumeSet
2019-06-13 05:15:22,343 INFO  volume.ThrottledAsyncChecker (ThrottledAsyncChecker.java:schedule(140)) - Scheduling a check for org.apache.hadoop.ozone.container.common.volume.HddsVolume@2f9dda71
2019-06-13 05:15:22,345 INFO  datanode.InitDatanodeState (InitDatanodeState.java:persistContainerDatanodeDetails(140)) - DatanodeDetails is persisted to /opt/src/hadoop-ozone/integration-test/target/test-dir/MiniOzoneClusterImpl-1ee6e7b8-1322-42d1-bb34-dbc7f5c5a2fb/datanode-2/meta/datanode.id
2019-06-13 05:15:22,354 INFO  volume.HddsVolumeChecker (HddsVolumeChecker.java:checkAllVolumes(203)) - Scheduled health check for volume org.apache.hadoop.ozone.container.common.volume.HddsVolume@2f9dda71
2019-06-13 05:15:22,376 INFO  ratis.XceiverServerRatis (XceiverServerRatis.java:newXceiverServerRatis(401)) - Found a free port for the server : 46157
2019-06-13 05:15:22,378 INFO  impl.RaftServerProxy (ConfUtils.java:logGet(43)) - raft.rpc.type = GRPC (default)
2019-06-13 05:15:22,379 INFO  grpc.GrpcConfigKeys$Server (ConfUtils.java:logGet(43)) - raft.grpc.server.port = 46157 (custom)
2019-06-13 05:15:22,379 INFO  server.GrpcService (ConfUtils.java:logGet(43)) - raft.grpc.message.size.max = 33570816 (custom)
2019-06-13 05:15:22,380 INFO  server.RaftServerConfigKeys (ConfUtils.java:logGet(43)) - raft.server.log.appender.buffer.byte-limit = 33554432 (custom)
2019-06-13 05:15:22,380 INFO  server.GrpcService (ConfUtils.java:logGet(43)) - raft.grpc.flow.control.window = 1MB (=1048576) (default)
2019-06-13 05:15:22,380 INFO  server.RaftServerConfigKeys (ConfUtils.java:logGet(43)) - raft.server.rpc.request.timeout = 3000ms (default)
2019-06-13 05:15:22,384 INFO  server.RaftServerConfigKeys (ConfUtils.java:logGet(43)) - raft.server.storage.dir = [/opt/src/hadoop-ozone/integration-test/target/test-dir/MiniOzoneClusterImpl-1ee6e7b8-1322-42d1-bb34-dbc7f5c5a2fb/datanode-3/data/ratis] (custom)
2019-06-13 05:15:22,384 INFO  server.XceiverServerGrpc (XceiverServerGrpc.java:<init>(97)) - Found a free port for the server : 35885
2019-06-13 05:15:22,386 INFO  replication.SimpleContainerDownloader (SimpleContainerDownloader.java:<init>(72)) - Starting container downloader service to copy containers to replicate.
2019-06-13 05:15:22,393 INFO  hdfs.DFSUtil (DFSUtil.java:httpServerTemplateForNNAndJN(1641)) - Starting Web-server for hddsDatanode at: http://0.0.0.0:0
2019-06-13 05:15:22,394 INFO  server.AuthenticationFilter (AuthenticationFilter.java:constructSecretProvider(240)) - Unable to initialize FileSignerSecretProvider, falling back to use random secrets.
2019-06-13 05:15:22,395 WARN  http.HttpRequestLog (HttpRequestLog.java:getRequestLog(97)) - Jetty request log can only be enabled using Log4j
2019-06-13 05:15:22,398 INFO  http.HttpServer2 (HttpServer2.java:addGlobalFilter(975)) - Added global filter 'safety' (class=org.apache.hadoop.http.HttpServer2$QuotingInputFilter)
2019-06-13 05:15:22,399 INFO  http.HttpServer2 (HttpServer2.java:addFilter(948)) - Added filter static_user_filter (class=org.apache.hadoop.http.lib.StaticUserWebFilter$StaticUserFilter) to context hddsDatanode
2019-06-13 05:15:22,399 INFO  http.HttpServer2 (HttpServer2.java:addFilter(958)) - Added filter static_user_filter (class=org.apache.hadoop.http.lib.StaticUserWebFilter$StaticUserFilter) to context static
2019-06-13 05:15:22,399 INFO  http.HttpServer2 (HttpServer2.java:addFilter(958)) - Added filter static_user_filter (class=org.apache.hadoop.http.lib.StaticUserWebFilter$StaticUserFilter) to context logs
2019-06-13 05:15:22,400 INFO  http.HttpServer2 (HttpServer2.java:bindListener(1191)) - Jetty bound to port 33425
2019-06-13 05:15:22,400 INFO  server.Server (Server.java:doStart(351)) - jetty-9.3.24.v20180605, build timestamp: 2018-06-05T17:11:56Z, git hash: 84205aa28f11a4f31f2a3b86d1bba2cc8ab69827
2019-06-13 05:15:22,403 INFO  handler.ContextHandler (ContextHandler.java:doStart(781)) - Started o.e.j.s.ServletContextHandler@1f15e689{/logs,file:///opt/src/hadoop-ozone/integration-test/target/log,AVAILABLE}
2019-06-13 05:15:22,404 INFO  handler.ContextHandler (ContextHandler.java:doStart(781)) - Started o.e.j.s.ServletContextHandler@3ebc955b{/static,jar:file:/root/.m2/repository/org/apache/hadoop/hadoop-hdds-container-service/0.5.0-SNAPSHOT/hadoop-hdds-container-service-0.5.0-SNAPSHOT.jar!/webapps/static,AVAILABLE}
2019-06-13 05:15:22,436 INFO  handler.ContextHandler (ContextHandler.java:doStart(781)) - Started o.e.j.w.WebAppContext@9fe720a{/,file:///tmp/jetty-0.0.0.0-33425-hddsDatanode-_-any-3915054197052850896.dir/webapp/,AVAILABLE}{/hddsDatanode}
2019-06-13 05:15:22,437 INFO  server.AbstractConnector (AbstractConnector.java:doStart(278)) - Started ServerConnector@149274cb{HTTP/1.1,[http/1.1]}{0.0.0.0:33425}
2019-06-13 05:15:22,437 INFO  server.Server (Server.java:doStart(419)) - Started @4759ms
2019-06-13 05:15:22,439 INFO  server.BaseHttpServer (BaseHttpServer.java:updateConnectorAddress(207)) - HTTP server of HDDSDATANODE is listening at http://0.0.0.0:33425
2019-06-13 05:15:22,589 INFO  ozone.HddsDatanodeService (HddsDatanodeService.java:startPlugins(396)) - Started plug-in org.apache.hadoop.ozone.web.OzoneHddsDatanodeService@7aded903
2019-06-13 05:15:22,589 INFO  impl.MetricsSystemImpl (MetricsSystemImpl.java:init(158)) - HddsDatanode metrics system started (again)
2019-06-13 05:15:22,590 INFO  ozone.HddsDatanodeService (HddsDatanodeService.java:start(185)) - HddsDatanodeService host:ozone-w6gkr-1366096734 ip:192.168.19.45
2019-06-13 05:15:22,622 INFO  util.JvmPauseMonitor (JvmPauseMonitor.java:run(188)) - Starting JVM pause monitor
2019-06-13 05:15:22,624 INFO  datanode.InitDatanodeState (InitDatanodeState.java:persistContainerDatanodeDetails(140)) - DatanodeDetails is persisted to /opt/src/hadoop-ozone/integration-test/target/test-dir/MiniOzoneClusterImpl-1ee6e7b8-1322-42d1-bb34-dbc7f5c5a2fb/datanode-3/meta/datanode.id
2019-06-13 05:15:22,632 INFO  volume.HddsVolume (HddsVolume.java:<init>(176)) - Creating Volume: /opt/src/hadoop-ozone/integration-test/target/test-dir/MiniOzoneClusterImpl-1ee6e7b8-1322-42d1-bb34-dbc7f5c5a2fb/datanode-4/data/containers/hdds of  storage type : DISK and capacity : 104021790720
2019-06-13 05:15:22,633 INFO  volume.VolumeSet (VolumeSet.java:initializeVolumeSet(170)) - Added Volume : /opt/src/hadoop-ozone/integration-test/target/test-dir/MiniOzoneClusterImpl-1ee6e7b8-1322-42d1-bb34-dbc7f5c5a2fb/datanode-4/data/containers/hdds to VolumeSet
2019-06-13 05:15:22,633 INFO  volume.ThrottledAsyncChecker (ThrottledAsyncChecker.java:schedule(140)) - Scheduling a check for org.apache.hadoop.ozone.container.common.volume.HddsVolume@66f16742
2019-06-13 05:15:22,634 INFO  volume.HddsVolumeChecker (HddsVolumeChecker.java:checkAllVolumes(203)) - Scheduled health check for volume org.apache.hadoop.ozone.container.common.volume.HddsVolume@66f16742
2019-06-13 05:15:22,650 INFO  ratis.XceiverServerRatis (XceiverServerRatis.java:newXceiverServerRatis(401)) - Found a free port for the server : 41277
2019-06-13 05:15:22,658 INFO  impl.RaftServerProxy (ConfUtils.java:logGet(43)) - raft.rpc.type = GRPC (default)
2019-06-13 05:15:22,665 INFO  grpc.GrpcConfigKeys$Server (ConfUtils.java:logGet(43)) - raft.grpc.server.port = 41277 (custom)
2019-06-13 05:15:22,665 INFO  server.GrpcService (ConfUtils.java:logGet(43)) - raft.grpc.message.size.max = 33570816 (custom)
2019-06-13 05:15:22,665 INFO  server.RaftServerConfigKeys (ConfUtils.java:logGet(43)) - raft.server.log.appender.buffer.byte-limit = 33554432 (custom)
2019-06-13 05:15:22,666 INFO  server.GrpcService (ConfUtils.java:logGet(43)) - raft.grpc.flow.control.window = 1MB (=1048576) (default)
2019-06-13 05:15:22,666 INFO  server.RaftServerConfigKeys (ConfUtils.java:logGet(43)) - raft.server.rpc.request.timeout = 3000ms (default)
2019-06-13 05:15:22,667 INFO  server.RaftServerConfigKeys (ConfUtils.java:logGet(43)) - raft.server.storage.dir = [/opt/src/hadoop-ozone/integration-test/target/test-dir/MiniOzoneClusterImpl-1ee6e7b8-1322-42d1-bb34-dbc7f5c5a2fb/datanode-4/data/ratis] (custom)
2019-06-13 05:15:22,668 INFO  server.XceiverServerGrpc (XceiverServerGrpc.java:<init>(97)) - Found a free port for the server : 46515
2019-06-13 05:15:22,668 INFO  replication.SimpleContainerDownloader (SimpleContainerDownloader.java:<init>(72)) - Starting container downloader service to copy containers to replicate.
2019-06-13 05:15:22,669 INFO  hdfs.DFSUtil (DFSUtil.java:httpServerTemplateForNNAndJN(1641)) - Starting Web-server for hddsDatanode at: http://0.0.0.0:0
2019-06-13 05:15:22,671 INFO  server.AuthenticationFilter (AuthenticationFilter.java:constructSecretProvider(240)) - Unable to initialize FileSignerSecretProvider, falling back to use random secrets.
2019-06-13 05:15:22,672 WARN  http.HttpRequestLog (HttpRequestLog.java:getRequestLog(97)) - Jetty request log can only be enabled using Log4j
2019-06-13 05:15:22,673 INFO  http.HttpServer2 (HttpServer2.java:addGlobalFilter(975)) - Added global filter 'safety' (class=org.apache.hadoop.http.HttpServer2$QuotingInputFilter)
2019-06-13 05:15:22,674 INFO  http.HttpServer2 (HttpServer2.java:addFilter(948)) - Added filter static_user_filter (class=org.apache.hadoop.http.lib.StaticUserWebFilter$StaticUserFilter) to context hddsDatanode
2019-06-13 05:15:22,674 INFO  http.HttpServer2 (HttpServer2.java:addFilter(958)) - Added filter static_user_filter (class=org.apache.hadoop.http.lib.StaticUserWebFilter$StaticUserFilter) to context logs
2019-06-13 05:15:22,674 INFO  http.HttpServer2 (HttpServer2.java:addFilter(958)) - Added filter static_user_filter (class=org.apache.hadoop.http.lib.StaticUserWebFilter$StaticUserFilter) to context static
2019-06-13 05:15:22,675 INFO  http.HttpServer2 (HttpServer2.java:bindListener(1191)) - Jetty bound to port 46037
2019-06-13 05:15:22,678 INFO  server.Server (Server.java:doStart(351)) - jetty-9.3.24.v20180605, build timestamp: 2018-06-05T17:11:56Z, git hash: 84205aa28f11a4f31f2a3b86d1bba2cc8ab69827
2019-06-13 05:15:22,683 INFO  handler.ContextHandler (ContextHandler.java:doStart(781)) - Started o.e.j.s.ServletContextHandler@4ef18604{/logs,file:///opt/src/hadoop-ozone/integration-test/target/log,AVAILABLE}
2019-06-13 05:15:22,684 INFO  handler.ContextHandler (ContextHandler.java:doStart(781)) - Started o.e.j.s.ServletContextHandler@16cf8438{/static,jar:file:/root/.m2/repository/org/apache/hadoop/hadoop-hdds-container-service/0.5.0-SNAPSHOT/hadoop-hdds-container-service-0.5.0-SNAPSHOT.jar!/webapps/static,AVAILABLE}
2019-06-13 05:15:22,713 INFO  handler.ContextHandler (ContextHandler.java:doStart(781)) - Started o.e.j.w.WebAppContext@2ca3d826{/,file:///tmp/jetty-0.0.0.0-46037-hddsDatanode-_-any-7710428565121700927.dir/webapp/,AVAILABLE}{/hddsDatanode}
2019-06-13 05:15:22,716 INFO  server.AbstractConnector (AbstractConnector.java:doStart(278)) - Started ServerConnector@bb15f3d{HTTP/1.1,[http/1.1]}{0.0.0.0:46037}
2019-06-13 05:15:22,716 INFO  server.Server (Server.java:doStart(419)) - Started @5038ms
2019-06-13 05:15:22,717 INFO  server.BaseHttpServer (BaseHttpServer.java:updateConnectorAddress(207)) - HTTP server of HDDSDATANODE is listening at http://0.0.0.0:46037
2019-06-13 05:15:22,856 INFO  ozone.HddsDatanodeService (HddsDatanodeService.java:startPlugins(396)) - Started plug-in org.apache.hadoop.ozone.web.OzoneHddsDatanodeService@624b3544
2019-06-13 05:15:22,856 INFO  impl.MetricsSystemImpl (MetricsSystemImpl.java:init(158)) - HddsDatanode metrics system started (again)
2019-06-13 05:15:22,857 INFO  ozone.HddsDatanodeService (HddsDatanodeService.java:start(185)) - HddsDatanodeService host:ozone-w6gkr-1366096734 ip:192.168.19.45
2019-06-13 05:15:22,879 INFO  util.JvmPauseMonitor (JvmPauseMonitor.java:run(188)) - Starting JVM pause monitor
2019-06-13 05:15:22,883 INFO  datanode.InitDatanodeState (InitDatanodeState.java:persistContainerDatanodeDetails(140)) - DatanodeDetails is persisted to /opt/src/hadoop-ozone/integration-test/target/test-dir/MiniOzoneClusterImpl-1ee6e7b8-1322-42d1-bb34-dbc7f5c5a2fb/datanode-4/meta/datanode.id
2019-06-13 05:15:22,883 INFO  volume.HddsVolume (HddsVolume.java:<init>(176)) - Creating Volume: /opt/src/hadoop-ozone/integration-test/target/test-dir/MiniOzoneClusterImpl-1ee6e7b8-1322-42d1-bb34-dbc7f5c5a2fb/datanode-5/data/containers/hdds of  storage type : DISK and capacity : 104021790720
2019-06-13 05:15:22,883 INFO  volume.VolumeSet (VolumeSet.java:initializeVolumeSet(170)) - Added Volume : /opt/src/hadoop-ozone/integration-test/target/test-dir/MiniOzoneClusterImpl-1ee6e7b8-1322-42d1-bb34-dbc7f5c5a2fb/datanode-5/data/containers/hdds to VolumeSet
2019-06-13 05:15:22,884 INFO  volume.ThrottledAsyncChecker (ThrottledAsyncChecker.java:schedule(140)) - Scheduling a check for org.apache.hadoop.ozone.container.common.volume.HddsVolume@55a0f011
2019-06-13 05:15:22,885 INFO  volume.HddsVolumeChecker (HddsVolumeChecker.java:checkAllVolumes(203)) - Scheduled health check for volume org.apache.hadoop.ozone.container.common.volume.HddsVolume@55a0f011
2019-06-13 05:15:22,901 INFO  ratis.XceiverServerRatis (XceiverServerRatis.java:newXceiverServerRatis(401)) - Found a free port for the server : 44419
2019-06-13 05:15:22,904 INFO  impl.RaftServerProxy (ConfUtils.java:logGet(43)) - raft.rpc.type = GRPC (default)
2019-06-13 05:15:22,905 INFO  grpc.GrpcConfigKeys$Server (ConfUtils.java:logGet(43)) - raft.grpc.server.port = 44419 (custom)
2019-06-13 05:15:22,905 INFO  server.GrpcService (ConfUtils.java:logGet(43)) - raft.grpc.message.size.max = 33570816 (custom)
2019-06-13 05:15:22,905 INFO  server.RaftServerConfigKeys (ConfUtils.java:logGet(43)) - raft.server.log.appender.buffer.byte-limit = 33554432 (custom)
2019-06-13 05:15:22,906 INFO  server.GrpcService (ConfUtils.java:logGet(43)) - raft.grpc.flow.control.window = 1MB (=1048576) (default)
2019-06-13 05:15:22,906 INFO  server.RaftServerConfigKeys (ConfUtils.java:logGet(43)) - raft.server.rpc.request.timeout = 3000ms (default)
2019-06-13 05:15:22,906 INFO  server.RaftServerConfigKeys (ConfUtils.java:logGet(43)) - raft.server.storage.dir = [/opt/src/hadoop-ozone/integration-test/target/test-dir/MiniOzoneClusterImpl-1ee6e7b8-1322-42d1-bb34-dbc7f5c5a2fb/datanode-5/data/ratis] (custom)
2019-06-13 05:15:22,907 INFO  server.XceiverServerGrpc (XceiverServerGrpc.java:<init>(97)) - Found a free port for the server : 37021
2019-06-13 05:15:22,907 INFO  replication.SimpleContainerDownloader (SimpleContainerDownloader.java:<init>(72)) - Starting container downloader service to copy containers to replicate.
2019-06-13 05:15:22,908 INFO  hdfs.DFSUtil (DFSUtil.java:httpServerTemplateForNNAndJN(1641)) - Starting Web-server for hddsDatanode at: http://0.0.0.0:0
2019-06-13 05:15:22,910 INFO  server.AuthenticationFilter (AuthenticationFilter.java:constructSecretProvider(240)) - Unable to initialize FileSignerSecretProvider, falling back to use random secrets.
2019-06-13 05:15:22,910 WARN  http.HttpRequestLog (HttpRequestLog.java:getRequestLog(97)) - Jetty request log can only be enabled using Log4j
2019-06-13 05:15:22,912 INFO  http.HttpServer2 (HttpServer2.java:addGlobalFilter(975)) - Added global filter 'safety' (class=org.apache.hadoop.http.HttpServer2$QuotingInputFilter)
2019-06-13 05:15:22,912 INFO  http.HttpServer2 (HttpServer2.java:addFilter(948)) - Added filter static_user_filter (class=org.apache.hadoop.http.lib.StaticUserWebFilter$StaticUserFilter) to context hddsDatanode
2019-06-13 05:15:22,913 INFO  http.HttpServer2 (HttpServer2.java:addFilter(958)) - Added filter static_user_filter (class=org.apache.hadoop.http.lib.StaticUserWebFilter$StaticUserFilter) to context logs
2019-06-13 05:15:22,913 INFO  http.HttpServer2 (HttpServer2.java:addFilter(958)) - Added filter static_user_filter (class=org.apache.hadoop.http.lib.StaticUserWebFilter$StaticUserFilter) to context static
2019-06-13 05:15:22,913 INFO  http.HttpServer2 (HttpServer2.java:bindListener(1191)) - Jetty bound to port 42439
2019-06-13 05:15:22,913 INFO  server.Server (Server.java:doStart(351)) - jetty-9.3.24.v20180605, build timestamp: 2018-06-05T17:11:56Z, git hash: 84205aa28f11a4f31f2a3b86d1bba2cc8ab69827
2019-06-13 05:15:22,924 INFO  handler.ContextHandler (ContextHandler.java:doStart(781)) - Started o.e.j.s.ServletContextHandler@23e61112{/logs,file:///opt/src/hadoop-ozone/integration-test/target/log,AVAILABLE}
2019-06-13 05:15:22,927 INFO  handler.ContextHandler (ContextHandler.java:doStart(781)) - Started o.e.j.s.ServletContextHandler@61b60600{/static,jar:file:/root/.m2/repository/org/apache/hadoop/hadoop-hdds-container-service/0.5.0-SNAPSHOT/hadoop-hdds-container-service-0.5.0-SNAPSHOT.jar!/webapps/static,AVAILABLE}
2019-06-13 05:15:22,959 INFO  handler.ContextHandler (ContextHandler.java:doStart(781)) - Started o.e.j.w.WebAppContext@245cb8df{/,file:///tmp/jetty-0.0.0.0-42439-hddsDatanode-_-any-9125622163578261352.dir/webapp/,AVAILABLE}{/hddsDatanode}
2019-06-13 05:15:22,960 INFO  server.AbstractConnector (AbstractConnector.java:doStart(278)) - Started ServerConnector@26b3c9a2{HTTP/1.1,[http/1.1]}{0.0.0.0:42439}
2019-06-13 05:15:22,962 INFO  server.Server (Server.java:doStart(419)) - Started @5284ms
2019-06-13 05:15:22,991 INFO  server.BaseHttpServer (BaseHttpServer.java:updateConnectorAddress(207)) - HTTP server of HDDSDATANODE is listening at http://0.0.0.0:42439
2019-06-13 05:15:23,126 INFO  ozone.HddsDatanodeService (HddsDatanodeService.java:startPlugins(396)) - Started plug-in org.apache.hadoop.ozone.web.OzoneHddsDatanodeService@4662752a
2019-06-13 05:15:23,128 INFO  ozone.MiniOzoneClusterImpl (MiniOzoneClusterImpl.java:lambda$waitForClusterToBeReady$0(142)) - Waiting for cluster to be ready. Got 0 of 6 DN Heartbeats.
2019-06-13 05:15:23,135 INFO  datanode.InitDatanodeState (InitDatanodeState.java:persistContainerDatanodeDetails(140)) - DatanodeDetails is persisted to /opt/src/hadoop-ozone/integration-test/target/test-dir/MiniOzoneClusterImpl-1ee6e7b8-1322-42d1-bb34-dbc7f5c5a2fb/datanode-5/meta/datanode.id
2019-06-13 05:15:23,135 INFO  util.JvmPauseMonitor (JvmPauseMonitor.java:run(188)) - Starting JVM pause monitor
2019-06-13 05:15:23,892 INFO  ozoneimpl.OzoneContainer (OzoneContainer.java:start(186)) - Attempting to start container services.
2019-06-13 05:15:23,892 INFO  ozoneimpl.OzoneContainer (OzoneContainer.java:startContainerScrub(160)) - Background container scrubber has been disabled by hdds.containerscrub.enabled
2019-06-13 05:15:23,892 INFO  ratis.XceiverServerRatis (XceiverServerRatis.java:start(418)) - Starting XceiverServerRatis bfcd9241-55f6-4043-a600-fe989d9d8f1e at port 37565
2019-06-13 05:15:23,905 INFO  impl.RaftServerProxy (RaftServerProxy.java:lambda$start$3(299)) - bfcd9241-55f6-4043-a600-fe989d9d8f1e: start RPC server
2019-06-13 05:15:24,022 INFO  server.GrpcService (GrpcService.java:startImpl(148)) - bfcd9241-55f6-4043-a600-fe989d9d8f1e: GrpcService started, listening on 0.0.0.0/0.0.0.0:37565
2019-06-13 05:15:24,092 INFO  ozoneimpl.OzoneContainer (OzoneContainer.java:start(186)) - Attempting to start container services.
2019-06-13 05:15:24,093 INFO  ozoneimpl.OzoneContainer (OzoneContainer.java:startContainerScrub(160)) - Background container scrubber has been disabled by hdds.containerscrub.enabled
2019-06-13 05:15:24,093 INFO  ratis.XceiverServerRatis (XceiverServerRatis.java:start(418)) - Starting XceiverServerRatis 3df41bb4-6e3a-4f74-90f7-53dcff65844b at port 41071
2019-06-13 05:15:24,102 INFO  impl.RaftServerProxy (RaftServerProxy.java:lambda$start$3(299)) - 3df41bb4-6e3a-4f74-90f7-53dcff65844b: start RPC server
2019-06-13 05:15:24,104 INFO  server.GrpcService (GrpcService.java:startImpl(148)) - 3df41bb4-6e3a-4f74-90f7-53dcff65844b: GrpcService started, listening on 0.0.0.0/0.0.0.0:41071
2019-06-13 05:15:24,128 INFO  ozone.MiniOzoneClusterImpl (MiniOzoneClusterImpl.java:lambda$waitForClusterToBeReady$0(142)) - Waiting for cluster to be ready. Got 0 of 6 DN Heartbeats.
2019-06-13 05:15:24,342 INFO  ozoneimpl.OzoneContainer (OzoneContainer.java:start(186)) - Attempting to start container services.
2019-06-13 05:15:24,343 INFO  ozoneimpl.OzoneContainer (OzoneContainer.java:startContainerScrub(160)) - Background container scrubber has been disabled by hdds.containerscrub.enabled
2019-06-13 05:15:24,343 INFO  ratis.XceiverServerRatis (XceiverServerRatis.java:start(418)) - Starting XceiverServerRatis 3cff37cb-4d06-4b11-82a0-d38d321d02fb at port 39135
2019-06-13 05:15:24,348 INFO  impl.RaftServerProxy (RaftServerProxy.java:lambda$start$3(299)) - 3cff37cb-4d06-4b11-82a0-d38d321d02fb: start RPC server
2019-06-13 05:15:24,350 INFO  server.GrpcService (GrpcService.java:startImpl(148)) - 3cff37cb-4d06-4b11-82a0-d38d321d02fb: GrpcService started, listening on 0.0.0.0/0.0.0.0:39135
2019-06-13 05:15:24,620 INFO  ozoneimpl.OzoneContainer (OzoneContainer.java:start(186)) - Attempting to start container services.
2019-06-13 05:15:24,622 INFO  ozoneimpl.OzoneContainer (OzoneContainer.java:startContainerScrub(160)) - Background container scrubber has been disabled by hdds.containerscrub.enabled
2019-06-13 05:15:24,622 INFO  ratis.XceiverServerRatis (XceiverServerRatis.java:start(418)) - Starting XceiverServerRatis 7f4f218f-e685-47c5-8795-eb8630bfd282 at port 46157
2019-06-13 05:15:24,627 INFO  impl.RaftServerProxy (RaftServerProxy.java:lambda$start$3(299)) - 7f4f218f-e685-47c5-8795-eb8630bfd282: start RPC server
2019-06-13 05:15:24,629 INFO  server.GrpcService (GrpcService.java:startImpl(148)) - 7f4f218f-e685-47c5-8795-eb8630bfd282: GrpcService started, listening on 0.0.0.0/0.0.0.0:46157
2019-06-13 05:15:24,883 INFO  ozoneimpl.OzoneContainer (OzoneContainer.java:start(186)) - Attempting to start container services.
2019-06-13 05:15:24,885 INFO  ozoneimpl.OzoneContainer (OzoneContainer.java:startContainerScrub(160)) - Background container scrubber has been disabled by hdds.containerscrub.enabled
2019-06-13 05:15:24,885 INFO  ratis.XceiverServerRatis (XceiverServerRatis.java:start(418)) - Starting XceiverServerRatis 3fe1eb05-73e2-4bdc-a4a8-8d1d8bc3da7f at port 41277
2019-06-13 05:15:24,896 INFO  impl.RaftServerProxy (RaftServerProxy.java:lambda$start$3(299)) - 3fe1eb05-73e2-4bdc-a4a8-8d1d8bc3da7f: start RPC server
2019-06-13 05:15:24,899 INFO  server.GrpcService (GrpcService.java:startImpl(148)) - 3fe1eb05-73e2-4bdc-a4a8-8d1d8bc3da7f: GrpcService started, listening on 0.0.0.0/0.0.0.0:41277
2019-06-13 05:15:25,128 INFO  ozone.MiniOzoneClusterImpl (MiniOzoneClusterImpl.java:lambda$waitForClusterToBeReady$0(142)) - Waiting for cluster to be ready. Got 0 of 6 DN Heartbeats.
2019-06-13 05:15:25,138 INFO  ozoneimpl.OzoneContainer (OzoneContainer.java:start(186)) - Attempting to start container services.
2019-06-13 05:15:25,140 INFO  ozoneimpl.OzoneContainer (OzoneContainer.java:startContainerScrub(160)) - Background container scrubber has been disabled by hdds.containerscrub.enabled
2019-06-13 05:15:25,140 INFO  ratis.XceiverServerRatis (XceiverServerRatis.java:start(418)) - Starting XceiverServerRatis ce0196a0-a05f-4c14-8a03-bc5e121712dd at port 44419
2019-06-13 05:15:25,150 INFO  impl.RaftServerProxy (RaftServerProxy.java:lambda$start$3(299)) - ce0196a0-a05f-4c14-8a03-bc5e121712dd: start RPC server
2019-06-13 05:15:25,154 INFO  server.GrpcService (GrpcService.java:startImpl(148)) - ce0196a0-a05f-4c14-8a03-bc5e121712dd: GrpcService started, listening on 0.0.0.0/0.0.0.0:44419
2019-06-13 05:15:25,894 INFO  node.SCMNodeManager (SCMNodeManager.java:register(234)) - Registered Data node : bfcd9241-55f6-4043-a600-fe989d9d8f1e{ip: 192.168.19.45, host: ozone-w6gkr-1366096734, networkLocation: /default-rack, certSerialId: null}
2019-06-13 05:15:25,897 INFO  safemode.SCMSafeModeManager (DataNodeSafeModeRule.java:process(71)) - SCM in safe mode. 1 DataNodes registered, 1 required.
2019-06-13 05:15:25,897 INFO  safemode.SCMSafeModeManager (SCMSafeModeManager.java:validateSafeModeExitRules(177)) - ScmSafeModeManager, all rules are successfully validated
2019-06-13 05:15:25,897 INFO  safemode.SCMSafeModeManager (SCMSafeModeManager.java:exitSafeMode(193)) - SCM exiting safe mode.
2019-06-13 05:15:26,089 INFO  node.SCMNodeManager (SCMNodeManager.java:register(234)) - Registered Data node : 3df41bb4-6e3a-4f74-90f7-53dcff65844b{ip: 192.168.19.45, host: ozone-w6gkr-1366096734, networkLocation: /default-rack, certSerialId: null}
2019-06-13 05:15:26,129 INFO  ozone.MiniOzoneClusterImpl (MiniOzoneClusterImpl.java:lambda$waitForClusterToBeReady$0(142)) - Waiting for cluster to be ready. Got 2 of 6 DN Heartbeats.
2019-06-13 05:15:26,252 INFO  impl.RaftServerProxy (RaftServerProxy.java:addNew(89)) - bfcd9241-55f6-4043-a600-fe989d9d8f1e: addNew group-C1AC009D0CCF:[bfcd9241-55f6-4043-a600-fe989d9d8f1e:192.168.19.45:37565] returns group-C1AC009D0CCF:java.util.concurrent.CompletableFuture@6aec5a42[Not completed]
2019-06-13 05:15:26,257 INFO  impl.RaftServerImpl (RaftServerImpl.java:<init>(91)) - bfcd9241-55f6-4043-a600-fe989d9d8f1e: new RaftServerImpl for group-C1AC009D0CCF:[bfcd9241-55f6-4043-a600-fe989d9d8f1e:192.168.19.45:37565] with ContainerStateMachine:uninitialized
2019-06-13 05:15:26,258 INFO  server.RaftServerConfigKeys (ConfUtils.java:logGet(43)) - raft.server.rpc.timeout.min = 1s (custom)
2019-06-13 05:15:26,258 INFO  server.RaftServerConfigKeys (ConfUtils.java:logGet(43)) - raft.server.rpc.timeout.max = 1200ms (custom)
2019-06-13 05:15:26,258 INFO  server.RaftServerConfigKeys (ConfUtils.java:logGet(43)) - raft.server.rpcslowness.timeout = 10s (custom)
2019-06-13 05:15:26,259 INFO  server.RaftServerConfigKeys (ConfUtils.java:logGet(43)) - raft.server.log.appender.install.snapshot.enabled = true (default)
2019-06-13 05:15:26,263 INFO  impl.RaftServerImpl (ServerState.java:<init>(101)) - bfcd9241-55f6-4043-a600-fe989d9d8f1e:group-C1AC009D0CCF ConfigurationManager, init=-1: [bfcd9241-55f6-4043-a600-fe989d9d8f1e:192.168.19.45:37565], old=null, confs=<EMPTY_MAP>
2019-06-13 05:15:26,264 INFO  server.RaftServerConfigKeys (ConfUtils.java:logGet(43)) - raft.server.storage.dir = [/opt/src/hadoop-ozone/integration-test/target/test-dir/MiniOzoneClusterImpl-1ee6e7b8-1322-42d1-bb34-dbc7f5c5a2fb/datanode-0/data/ratis] (custom)
2019-06-13 05:15:26,269 INFO  storage.RaftStorageDirectory (RaftStorageDirectory.java:analyzeStorage(246)) - The storage directory /opt/src/hadoop-ozone/integration-test/target/test-dir/MiniOzoneClusterImpl-1ee6e7b8-1322-42d1-bb34-dbc7f5c5a2fb/datanode-0/data/ratis/8811b0c4-0b84-4762-8ae9-c1ac009d0ccf does not exist. Creating ...
2019-06-13 05:15:26,273 INFO  storage.RaftStorageDirectory (RaftStorageDirectory.java:tryLock(328)) - Lock on /opt/src/hadoop-ozone/integration-test/target/test-dir/MiniOzoneClusterImpl-1ee6e7b8-1322-42d1-bb34-dbc7f5c5a2fb/datanode-0/data/ratis/8811b0c4-0b84-4762-8ae9-c1ac009d0ccf/in_use.lock acquired by nodename 10183@ozone-w6gkr-1366096734
2019-06-13 05:15:26,277 INFO  storage.RaftStorage (RaftStorage.java:format(75)) - Storage directory /opt/src/hadoop-ozone/integration-test/target/test-dir/MiniOzoneClusterImpl-1ee6e7b8-1322-42d1-bb34-dbc7f5c5a2fb/datanode-0/data/ratis/8811b0c4-0b84-4762-8ae9-c1ac009d0ccf has been successfully formatted.
2019-06-13 05:15:26,278 INFO  ratis.ContainerStateMachine (ContainerStateMachine.java:loadSnapshot(199)) - The snapshot info is null.Setting the last applied index to:(t:0, i:~)
2019-06-13 05:15:26,278 INFO  server.RaftServerConfigKeys (ConfUtils.java:logGet(43)) - raft.server.leader.election.timeout = 10s (custom)
2019-06-13 05:15:26,405 INFO  server.RaftServerConfigKeys (ConfUtils.java:logGet(43)) - raft.server.log.use.memory = false (default)
2019-06-13 05:15:26,405 INFO  node.SCMNodeManager (SCMNodeManager.java:register(234)) - Registered Data node : 3cff37cb-4d06-4b11-82a0-d38d321d02fb{ip: 192.168.19.45, host: ozone-w6gkr-1366096734, networkLocation: /default-rack, certSerialId: null}
2019-06-13 05:15:26,407 INFO  server.RaftServerConfigKeys (ConfUtils.java:logGet(43)) - raft.server.log.appender.buffer.byte-limit = 33554432 (custom)
2019-06-13 05:15:26,410 INFO  server.RaftServerConfigKeys (ConfUtils.java:logGet(43)) - raft.server.log.segment.size.max = 16384 (custom)
2019-06-13 05:15:26,413 INFO  server.RaftServerConfigKeys (ConfUtils.java:logGet(43)) - raft.server.log.segment.cache.num.max = 2 (custom)
2019-06-13 05:15:26,415 INFO  storage.RaftLogWorker (RaftLogWorker.java:<init>(123)) - new bfcd9241-55f6-4043-a600-fe989d9d8f1e-RaftLogWorker for Storage Directory /opt/src/hadoop-ozone/integration-test/target/test-dir/MiniOzoneClusterImpl-1ee6e7b8-1322-42d1-bb34-dbc7f5c5a2fb/datanode-0/data/ratis/8811b0c4-0b84-4762-8ae9-c1ac009d0ccf
2019-06-13 05:15:26,416 INFO  server.RaftServerConfigKeys (ConfUtils.java:logGet(43)) - raft.server.log.queue.byte-limit = 2147483647 (custom)
2019-06-13 05:15:26,416 INFO  server.RaftServerConfigKeys (ConfUtils.java:logGet(43)) - raft.server.log.queue.element-limit = 1024 (custom)
2019-06-13 05:15:26,417 INFO  server.RaftServerConfigKeys (ConfUtils.java:logGet(43)) - raft.server.log.segment.size.max = 16384 (custom)
2019-06-13 05:15:26,418 INFO  server.RaftServerConfigKeys (ConfUtils.java:logGet(43)) - raft.server.log.preallocated.size = 16384 (custom)
2019-06-13 05:15:26,418 INFO  server.RaftServerConfigKeys (ConfUtils.java:logGet(43)) - raft.server.log.write.buffer.size = 33554432 (custom)
2019-06-13 05:15:26,418 INFO  server.RaftServerConfigKeys (ConfUtils.java:logGet(43)) - raft.server.log.force.sync.num = 128 (default)
2019-06-13 05:15:26,419 INFO  server.RaftServerConfigKeys (ConfUtils.java:logGet(43)) - raft.server.log.statemachine.data.sync = true (default)
2019-06-13 05:15:26,419 INFO  server.RaftServerConfigKeys (ConfUtils.java:logGet(43)) - raft.server.log.statemachine.data.sync.timeout = 10s (default)
2019-06-13 05:15:26,420 INFO  server.RaftServerConfigKeys (ConfUtils.java:logGet(43)) - raft.server.log.statemachine.data.sync.timeout.retry = -1 (default)
2019-06-13 05:15:26,422 INFO  server.RaftServerConfigKeys (ConfUtils.java:logGet(43)) - raft.server.log.statemachine.data.caching.enabled = true (custom)
2019-06-13 05:15:26,426 INFO  server.RaftServerConfigKeys (ConfUtils.java:logGet(43)) - raft.server.snapshot.auto.trigger.enabled = true (custom)
2019-06-13 05:15:26,427 INFO  server.RaftServerConfigKeys (ConfUtils.java:logGet(43)) - raft.server.snapshot.auto.trigger.threshold = 10000 (custom)
2019-06-13 05:15:26,427 INFO  server.RaftServerConfigKeys (ConfUtils.java:logGet(43)) - raft.server.retrycache.expirytime = 600000ms (custom)
2019-06-13 05:15:26,441 INFO  impl.RaftServerImpl (RaftServerImpl.java:start(173)) - bfcd9241-55f6-4043-a600-fe989d9d8f1e: start group-C1AC009D0CCF
2019-06-13 05:15:26,442 INFO  impl.RaftServerImpl (RaftServerImpl.java:setRole(164)) - bfcd9241-55f6-4043-a600-fe989d9d8f1e:group-C1AC009D0CCF changes role from null to FOLLOWER at term 0 for startAsFollower
2019-06-13 05:15:26,442 INFO  impl.RoleInfo (RoleInfo.java:updateAndGet(143)) - bfcd9241-55f6-4043-a600-fe989d9d8f1e: start FollowerState
2019-06-13 05:15:26,444 INFO  util.JmxRegister (JmxRegister.java:tryRegister(44)) - Successfully registered JMX Bean with object name Ratis:service=RaftServer,group=group-C1AC009D0CCF,id=bfcd9241-55f6-4043-a600-fe989d9d8f1e
2019-06-13 05:15:26,486 INFO  pipeline.PipelineStateManager (PipelineStateManager.java:addPipeline(56)) - Created pipeline Pipeline[ Id: 8811b0c4-0b84-4762-8ae9-c1ac009d0ccf, Nodes: bfcd9241-55f6-4043-a600-fe989d9d8f1e{ip: 192.168.19.45, host: ozone-w6gkr-1366096734, networkLocation: /default-rack, certSerialId: null}, Type:RATIS, Factor:ONE, State:OPEN]
2019-06-13 05:15:26,509 INFO  impl.RaftServerProxy (RaftServerProxy.java:addNew(89)) - 3cff37cb-4d06-4b11-82a0-d38d321d02fb: addNew group-9D4AC95D8FFB:[3cff37cb-4d06-4b11-82a0-d38d321d02fb:192.168.19.45:39135] returns group-9D4AC95D8FFB:java.util.concurrent.CompletableFuture@5207b22a[Not completed]
2019-06-13 05:15:26,509 INFO  impl.RaftServerImpl (RaftServerImpl.java:<init>(91)) - 3cff37cb-4d06-4b11-82a0-d38d321d02fb: new RaftServerImpl for group-9D4AC95D8FFB:[3cff37cb-4d06-4b11-82a0-d38d321d02fb:192.168.19.45:39135] with ContainerStateMachine:uninitialized
2019-06-13 05:15:26,510 INFO  server.RaftServerConfigKeys (ConfUtils.java:logGet(43)) - raft.server.rpc.timeout.min = 1s (custom)
2019-06-13 05:15:26,510 INFO  server.RaftServerConfigKeys (ConfUtils.java:logGet(43)) - raft.server.rpc.timeout.max = 1200ms (custom)
2019-06-13 05:15:26,510 INFO  server.RaftServerConfigKeys (ConfUtils.java:logGet(43)) - raft.server.rpcslowness.timeout = 10s (custom)
2019-06-13 05:15:26,511 INFO  server.RaftServerConfigKeys (ConfUtils.java:logGet(43)) - raft.server.log.appender.install.snapshot.enabled = true (default)
2019-06-13 05:15:26,511 INFO  impl.RaftServerImpl (ServerState.java:<init>(101)) - 3cff37cb-4d06-4b11-82a0-d38d321d02fb:group-9D4AC95D8FFB ConfigurationManager, init=-1: [3cff37cb-4d06-4b11-82a0-d38d321d02fb:192.168.19.45:39135], old=null, confs=<EMPTY_MAP>
2019-06-13 05:15:26,511 INFO  server.RaftServerConfigKeys (ConfUtils.java:logGet(43)) - raft.server.storage.dir = [/opt/src/hadoop-ozone/integration-test/target/test-dir/MiniOzoneClusterImpl-1ee6e7b8-1322-42d1-bb34-dbc7f5c5a2fb/datanode-2/data/ratis] (custom)
2019-06-13 05:15:26,511 INFO  storage.RaftStorageDirectory (RaftStorageDirectory.java:analyzeStorage(246)) - The storage directory /opt/src/hadoop-ozone/integration-test/target/test-dir/MiniOzoneClusterImpl-1ee6e7b8-1322-42d1-bb34-dbc7f5c5a2fb/datanode-2/data/ratis/1ee45336-0c2a-47ec-91e5-9d4ac95d8ffb does not exist. Creating ...
2019-06-13 05:15:26,513 INFO  storage.RaftStorageDirectory (RaftStorageDirectory.java:tryLock(328)) - Lock on /opt/src/hadoop-ozone/integration-test/target/test-dir/MiniOzoneClusterImpl-1ee6e7b8-1322-42d1-bb34-dbc7f5c5a2fb/datanode-2/data/ratis/1ee45336-0c2a-47ec-91e5-9d4ac95d8ffb/in_use.lock acquired by nodename 10183@ozone-w6gkr-1366096734
2019-06-13 05:15:26,515 INFO  storage.RaftStorage (RaftStorage.java:format(75)) - Storage directory /opt/src/hadoop-ozone/integration-test/target/test-dir/MiniOzoneClusterImpl-1ee6e7b8-1322-42d1-bb34-dbc7f5c5a2fb/datanode-2/data/ratis/1ee45336-0c2a-47ec-91e5-9d4ac95d8ffb has been successfully formatted.
2019-06-13 05:15:26,516 INFO  ratis.ContainerStateMachine (ContainerStateMachine.java:loadSnapshot(199)) - The snapshot info is null.Setting the last applied index to:(t:0, i:~)
2019-06-13 05:15:26,516 INFO  server.RaftServerConfigKeys (ConfUtils.java:logGet(43)) - raft.server.leader.election.timeout = 10s (custom)
2019-06-13 05:15:26,516 INFO  server.RaftServerConfigKeys (ConfUtils.java:logGet(43)) - raft.server.log.use.memory = false (default)
2019-06-13 05:15:26,516 INFO  server.RaftServerConfigKeys (ConfUtils.java:logGet(43)) - raft.server.log.appender.buffer.byte-limit = 33554432 (custom)
2019-06-13 05:15:26,516 INFO  server.RaftServerConfigKeys (ConfUtils.java:logGet(43)) - raft.server.log.segment.size.max = 16384 (custom)
2019-06-13 05:15:26,516 INFO  server.RaftServerConfigKeys (ConfUtils.java:logGet(43)) - raft.server.log.segment.cache.num.max = 2 (custom)
2019-06-13 05:15:26,516 INFO  storage.RaftLogWorker (RaftLogWorker.java:<init>(123)) - new 3cff37cb-4d06-4b11-82a0-d38d321d02fb-RaftLogWorker for Storage Directory /opt/src/hadoop-ozone/integration-test/target/test-dir/MiniOzoneClusterImpl-1ee6e7b8-1322-42d1-bb34-dbc7f5c5a2fb/datanode-2/data/ratis/1ee45336-0c2a-47ec-91e5-9d4ac95d8ffb
2019-06-13 05:15:26,517 INFO  server.RaftServerConfigKeys (ConfUtils.java:logGet(43)) - raft.server.log.queue.byte-limit = 2147483647 (custom)
2019-06-13 05:15:26,517 INFO  server.RaftServerConfigKeys (ConfUtils.java:logGet(43)) - raft.server.log.queue.element-limit = 1024 (custom)
2019-06-13 05:15:26,517 INFO  server.RaftServerConfigKeys (ConfUtils.java:logGet(43)) - raft.server.log.segment.size.max = 16384 (custom)
2019-06-13 05:15:26,517 INFO  server.RaftServerConfigKeys (ConfUtils.java:logGet(43)) - raft.server.log.preallocated.size = 16384 (custom)
2019-06-13 05:15:26,518 INFO  server.RaftServerConfigKeys (ConfUtils.java:logGet(43)) - raft.server.log.write.buffer.size = 33554432 (custom)
2019-06-13 05:15:26,518 INFO  server.RaftServerConfigKeys (ConfUtils.java:logGet(43)) - raft.server.log.force.sync.num = 128 (default)
2019-06-13 05:15:26,518 INFO  server.RaftServerConfigKeys (ConfUtils.java:logGet(43)) - raft.server.log.statemachine.data.sync = true (default)
2019-06-13 05:15:26,518 INFO  server.RaftServerConfigKeys (ConfUtils.java:logGet(43)) - raft.server.log.statemachine.data.sync.timeout = 10s (default)
2019-06-13 05:15:26,518 INFO  server.RaftServerConfigKeys (ConfUtils.java:logGet(43)) - raft.server.log.statemachine.data.sync.timeout.retry = -1 (default)
2019-06-13 05:15:26,518 INFO  server.RaftServerConfigKeys (ConfUtils.java:logGet(43)) - raft.server.log.statemachine.data.caching.enabled = true (custom)
2019-06-13 05:15:26,519 INFO  server.RaftServerConfigKeys (ConfUtils.java:logGet(43)) - raft.server.snapshot.auto.trigger.enabled = true (custom)
2019-06-13 05:15:26,519 INFO  server.RaftServerConfigKeys (ConfUtils.java:logGet(43)) - raft.server.snapshot.auto.trigger.threshold = 10000 (custom)
2019-06-13 05:15:26,519 INFO  server.RaftServerConfigKeys (ConfUtils.java:logGet(43)) - raft.server.retrycache.expirytime = 600000ms (custom)
2019-06-13 05:15:26,519 INFO  impl.RaftServerImpl (RaftServerImpl.java:start(173)) - 3cff37cb-4d06-4b11-82a0-d38d321d02fb: start group-9D4AC95D8FFB
2019-06-13 05:15:26,519 INFO  impl.RaftServerImpl (RaftServerImpl.java:setRole(164)) - 3cff37cb-4d06-4b11-82a0-d38d321d02fb:group-9D4AC95D8FFB changes role from null to FOLLOWER at term 0 for startAsFollower
2019-06-13 05:15:26,519 INFO  impl.RoleInfo (RoleInfo.java:updateAndGet(143)) - 3cff37cb-4d06-4b11-82a0-d38d321d02fb: start FollowerState
2019-06-13 05:15:26,520 INFO  util.JmxRegister (JmxRegister.java:tryRegister(44)) - Successfully registered JMX Bean with object name Ratis:service=RaftServer,group=group-9D4AC95D8FFB,id=3cff37cb-4d06-4b11-82a0-d38d321d02fb
2019-06-13 05:15:26,529 INFO  pipeline.PipelineStateManager (PipelineStateManager.java:addPipeline(56)) - Created pipeline Pipeline[ Id: 1ee45336-0c2a-47ec-91e5-9d4ac95d8ffb, Nodes: 3cff37cb-4d06-4b11-82a0-d38d321d02fb{ip: 192.168.19.45, host: ozone-w6gkr-1366096734, networkLocation: /default-rack, certSerialId: null}, Type:RATIS, Factor:ONE, State:OPEN]
2019-06-13 05:15:26,543 INFO  impl.RaftServerProxy (RaftServerProxy.java:addNew(89)) - 3df41bb4-6e3a-4f74-90f7-53dcff65844b: addNew group-0C658D00F6F2:[3df41bb4-6e3a-4f74-90f7-53dcff65844b:192.168.19.45:41071] returns group-0C658D00F6F2:java.util.concurrent.CompletableFuture@21a57b6a[Not completed]
2019-06-13 05:15:26,577 INFO  impl.RaftServerImpl (RaftServerImpl.java:<init>(91)) - 3df41bb4-6e3a-4f74-90f7-53dcff65844b: new RaftServerImpl for group-0C658D00F6F2:[3df41bb4-6e3a-4f74-90f7-53dcff65844b:192.168.19.45:41071] with ContainerStateMachine:uninitialized
2019-06-13 05:15:26,577 INFO  server.RaftServerConfigKeys (ConfUtils.java:logGet(43)) - raft.server.rpc.timeout.min = 1s (custom)
2019-06-13 05:15:26,577 INFO  server.RaftServerConfigKeys (ConfUtils.java:logGet(43)) - raft.server.rpc.timeout.max = 1200ms (custom)
2019-06-13 05:15:26,577 INFO  server.RaftServerConfigKeys (ConfUtils.java:logGet(43)) - raft.server.rpcslowness.timeout = 10s (custom)
2019-06-13 05:15:26,577 INFO  server.RaftServerConfigKeys (ConfUtils.java:logGet(43)) - raft.server.log.appender.install.snapshot.enabled = true (default)
2019-06-13 05:15:26,578 INFO  impl.RaftServerImpl (ServerState.java:<init>(101)) - 3df41bb4-6e3a-4f74-90f7-53dcff65844b:group-0C658D00F6F2 ConfigurationManager, init=-1: [3df41bb4-6e3a-4f74-90f7-53dcff65844b:192.168.19.45:41071], old=null, confs=<EMPTY_MAP>
2019-06-13 05:15:26,578 INFO  server.RaftServerConfigKeys (ConfUtils.java:logGet(43)) - raft.server.storage.dir = [/opt/src/hadoop-ozone/integration-test/target/test-dir/MiniOzoneClusterImpl-1ee6e7b8-1322-42d1-bb34-dbc7f5c5a2fb/datanode-1/data/ratis] (custom)
2019-06-13 05:15:26,578 INFO  storage.RaftStorageDirectory (RaftStorageDirectory.java:analyzeStorage(246)) - The storage directory /opt/src/hadoop-ozone/integration-test/target/test-dir/MiniOzoneClusterImpl-1ee6e7b8-1322-42d1-bb34-dbc7f5c5a2fb/datanode-1/data/ratis/173eed7e-ade8-4fda-bae3-0c658d00f6f2 does not exist. Creating ...
2019-06-13 05:15:26,581 INFO  storage.RaftStorageDirectory (RaftStorageDirectory.java:tryLock(328)) - Lock on /opt/src/hadoop-ozone/integration-test/target/test-dir/MiniOzoneClusterImpl-1ee6e7b8-1322-42d1-bb34-dbc7f5c5a2fb/datanode-1/data/ratis/173eed7e-ade8-4fda-bae3-0c658d00f6f2/in_use.lock acquired by nodename 10183@ozone-w6gkr-1366096734
2019-06-13 05:15:26,583 INFO  storage.RaftStorage (RaftStorage.java:format(75)) - Storage directory /opt/src/hadoop-ozone/integration-test/target/test-dir/MiniOzoneClusterImpl-1ee6e7b8-1322-42d1-bb34-dbc7f5c5a2fb/datanode-1/data/ratis/173eed7e-ade8-4fda-bae3-0c658d00f6f2 has been successfully formatted.
2019-06-13 05:15:26,584 INFO  ratis.ContainerStateMachine (ContainerStateMachine.java:loadSnapshot(199)) - The snapshot info is null.Setting the last applied index to:(t:0, i:~)
2019-06-13 05:15:26,585 INFO  server.RaftServerConfigKeys (ConfUtils.java:logGet(43)) - raft.server.leader.election.timeout = 10s (custom)
2019-06-13 05:15:26,585 INFO  server.RaftServerConfigKeys (ConfUtils.java:logGet(43)) - raft.server.log.use.memory = false (default)
2019-06-13 05:15:26,585 INFO  server.RaftServerConfigKeys (ConfUtils.java:logGet(43)) - raft.server.log.appender.buffer.byte-limit = 33554432 (custom)
2019-06-13 05:15:26,586 INFO  server.RaftServerConfigKeys (ConfUtils.java:logGet(43)) - raft.server.log.segment.size.max = 16384 (custom)
2019-06-13 05:15:26,586 INFO  server.RaftServerConfigKeys (ConfUtils.java:logGet(43)) - raft.server.log.segment.cache.num.max = 2 (custom)
2019-06-13 05:15:26,586 INFO  storage.RaftLogWorker (RaftLogWorker.java:<init>(123)) - new 3df41bb4-6e3a-4f74-90f7-53dcff65844b-RaftLogWorker for Storage Directory /opt/src/hadoop-ozone/integration-test/target/test-dir/MiniOzoneClusterImpl-1ee6e7b8-1322-42d1-bb34-dbc7f5c5a2fb/datanode-1/data/ratis/173eed7e-ade8-4fda-bae3-0c658d00f6f2
2019-06-13 05:15:26,586 INFO  server.RaftServerConfigKeys (ConfUtils.java:logGet(43)) - raft.server.log.queue.byte-limit = 2147483647 (custom)
2019-06-13 05:15:26,586 INFO  server.RaftServerConfigKeys (ConfUtils.java:logGet(43)) - raft.server.log.queue.element-limit = 1024 (custom)
2019-06-13 05:15:26,586 INFO  server.RaftServerConfigKeys (ConfUtils.java:logGet(43)) - raft.server.log.segment.size.max = 16384 (custom)
2019-06-13 05:15:26,586 INFO  server.RaftServerConfigKeys (ConfUtils.java:logGet(43)) - raft.server.log.preallocated.size = 16384 (custom)
2019-06-13 05:15:26,586 INFO  server.RaftServerConfigKeys (ConfUtils.java:logGet(43)) - raft.server.log.write.buffer.size = 33554432 (custom)
2019-06-13 05:15:26,586 INFO  server.RaftServerConfigKeys (ConfUtils.java:logGet(43)) - raft.server.log.force.sync.num = 128 (default)
2019-06-13 05:15:26,586 INFO  server.RaftServerConfigKeys (ConfUtils.java:logGet(43)) - raft.server.log.statemachine.data.sync = true (default)
2019-06-13 05:15:26,586 INFO  server.RaftServerConfigKeys (ConfUtils.java:logGet(43)) - raft.server.log.statemachine.data.sync.timeout = 10s (default)
2019-06-13 05:15:26,587 INFO  server.RaftServerConfigKeys (ConfUtils.java:logGet(43)) - raft.server.log.statemachine.data.sync.timeout.retry = -1 (default)
2019-06-13 05:15:26,587 INFO  server.RaftServerConfigKeys (ConfUtils.java:logGet(43)) - raft.server.log.statemachine.data.caching.enabled = true (custom)
2019-06-13 05:15:26,587 INFO  server.RaftServerConfigKeys (ConfUtils.java:logGet(43)) - raft.server.snapshot.auto.trigger.enabled = true (custom)
2019-06-13 05:15:26,587 INFO  server.RaftServerConfigKeys (ConfUtils.java:logGet(43)) - raft.server.snapshot.auto.trigger.threshold = 10000 (custom)
2019-06-13 05:15:26,587 INFO  server.RaftServerConfigKeys (ConfUtils.java:logGet(43)) - raft.server.retrycache.expirytime = 600000ms (custom)
2019-06-13 05:15:26,588 INFO  impl.RaftServerImpl (RaftServerImpl.java:start(173)) - 3df41bb4-6e3a-4f74-90f7-53dcff65844b: start group-0C658D00F6F2
2019-06-13 05:15:26,588 INFO  impl.RaftServerImpl (RaftServerImpl.java:setRole(164)) - 3df41bb4-6e3a-4f74-90f7-53dcff65844b:group-0C658D00F6F2 changes role from null to FOLLOWER at term 0 for startAsFollower
2019-06-13 05:15:26,588 INFO  impl.RoleInfo (RoleInfo.java:updateAndGet(143)) - 3df41bb4-6e3a-4f74-90f7-53dcff65844b: start FollowerState
2019-06-13 05:15:26,588 INFO  util.JmxRegister (JmxRegister.java:tryRegister(44)) - Successfully registered JMX Bean with object name Ratis:service=RaftServer,group=group-0C658D00F6F2,id=3df41bb4-6e3a-4f74-90f7-53dcff65844b
2019-06-13 05:15:26,596 INFO  pipeline.PipelineStateManager (PipelineStateManager.java:addPipeline(56)) - Created pipeline Pipeline[ Id: 173eed7e-ade8-4fda-bae3-0c658d00f6f2, Nodes: 3df41bb4-6e3a-4f74-90f7-53dcff65844b{ip: 192.168.19.45, host: ozone-w6gkr-1366096734, networkLocation: /default-rack, certSerialId: null}, Type:RATIS, Factor:ONE, State:OPEN]
2019-06-13 05:15:26,620 INFO  node.SCMNodeManager (SCMNodeManager.java:register(234)) - Registered Data node : 7f4f218f-e685-47c5-8795-eb8630bfd282{ip: 192.168.19.45, host: ozone-w6gkr-1366096734, networkLocation: /default-rack, certSerialId: null}
2019-06-13 05:15:26,635 INFO  impl.RaftServerProxy (RaftServerProxy.java:addNew(89)) - 3cff37cb-4d06-4b11-82a0-d38d321d02fb: addNew group-8F9A12B65118:[3df41bb4-6e3a-4f74-90f7-53dcff65844b:192.168.19.45:41071, 3cff37cb-4d06-4b11-82a0-d38d321d02fb:192.168.19.45:39135, bfcd9241-55f6-4043-a600-fe989d9d8f1e:192.168.19.45:37565] returns group-8F9A12B65118:java.util.concurrent.CompletableFuture@7a76d836[Not completed]
2019-06-13 05:15:26,641 INFO  impl.RaftServerImpl (RaftServerImpl.java:<init>(91)) - 3cff37cb-4d06-4b11-82a0-d38d321d02fb: new RaftServerImpl for group-8F9A12B65118:[3df41bb4-6e3a-4f74-90f7-53dcff65844b:192.168.19.45:41071, 3cff37cb-4d06-4b11-82a0-d38d321d02fb:192.168.19.45:39135, bfcd9241-55f6-4043-a600-fe989d9d8f1e:192.168.19.45:37565] with ContainerStateMachine:uninitialized
2019-06-13 05:15:26,641 INFO  server.RaftServerConfigKeys (ConfUtils.java:logGet(43)) - raft.server.rpc.timeout.min = 1s (custom)
2019-06-13 05:15:26,641 INFO  server.RaftServerConfigKeys (ConfUtils.java:logGet(43)) - raft.server.rpc.timeout.max = 1200ms (custom)
2019-06-13 05:15:26,641 INFO  server.RaftServerConfigKeys (ConfUtils.java:logGet(43)) - raft.server.rpcslowness.timeout = 10s (custom)
2019-06-13 05:15:26,641 INFO  server.RaftServerConfigKeys (ConfUtils.java:logGet(43)) - raft.server.log.appender.install.snapshot.enabled = true (default)
2019-06-13 05:15:26,641 INFO  impl.RaftServerImpl (ServerState.java:<init>(101)) - 3cff37cb-4d06-4b11-82a0-d38d321d02fb:group-8F9A12B65118 ConfigurationManager, init=-1: [3df41bb4-6e3a-4f74-90f7-53dcff65844b:192.168.19.45:41071, 3cff37cb-4d06-4b11-82a0-d38d321d02fb:192.168.19.45:39135, bfcd9241-55f6-4043-a600-fe989d9d8f1e:192.168.19.45:37565], old=null, confs=<EMPTY_MAP>
2019-06-13 05:15:26,641 INFO  server.RaftServerConfigKeys (ConfUtils.java:logGet(43)) - raft.server.storage.dir = [/opt/src/hadoop-ozone/integration-test/target/test-dir/MiniOzoneClusterImpl-1ee6e7b8-1322-42d1-bb34-dbc7f5c5a2fb/datanode-2/data/ratis] (custom)
2019-06-13 05:15:26,642 INFO  storage.RaftStorageDirectory (RaftStorageDirectory.java:analyzeStorage(246)) - The storage directory /opt/src/hadoop-ozone/integration-test/target/test-dir/MiniOzoneClusterImpl-1ee6e7b8-1322-42d1-bb34-dbc7f5c5a2fb/datanode-2/data/ratis/a0fd8d75-fee4-4b2e-a42d-8f9a12b65118 does not exist. Creating ...
2019-06-13 05:15:26,643 INFO  impl.RaftServerProxy (RaftServerProxy.java:addNew(89)) - bfcd9241-55f6-4043-a600-fe989d9d8f1e: addNew group-8F9A12B65118:[3df41bb4-6e3a-4f74-90f7-53dcff65844b:192.168.19.45:41071, 3cff37cb-4d06-4b11-82a0-d38d321d02fb:192.168.19.45:39135, bfcd9241-55f6-4043-a600-fe989d9d8f1e:192.168.19.45:37565] returns group-8F9A12B65118:java.util.concurrent.CompletableFuture@61194258[Not completed]
2019-06-13 05:15:26,644 INFO  storage.RaftStorageDirectory (RaftStorageDirectory.java:tryLock(328)) - Lock on /opt/src/hadoop-ozone/integration-test/target/test-dir/MiniOzoneClusterImpl-1ee6e7b8-1322-42d1-bb34-dbc7f5c5a2fb/datanode-2/data/ratis/a0fd8d75-fee4-4b2e-a42d-8f9a12b65118/in_use.lock acquired by nodename 10183@ozone-w6gkr-1366096734
2019-06-13 05:15:26,644 INFO  impl.RaftServerImpl (RaftServerImpl.java:<init>(91)) - bfcd9241-55f6-4043-a600-fe989d9d8f1e: new RaftServerImpl for group-8F9A12B65118:[3df41bb4-6e3a-4f74-90f7-53dcff65844b:192.168.19.45:41071, 3cff37cb-4d06-4b11-82a0-d38d321d02fb:192.168.19.45:39135, bfcd9241-55f6-4043-a600-fe989d9d8f1e:192.168.19.45:37565] with ContainerStateMachine:uninitialized
2019-06-13 05:15:26,645 INFO  server.RaftServerConfigKeys (ConfUtils.java:logGet(43)) - raft.server.rpc.timeout.min = 1s (custom)
2019-06-13 05:15:26,645 INFO  server.RaftServerConfigKeys (ConfUtils.java:logGet(43)) - raft.server.rpc.timeout.max = 1200ms (custom)
2019-06-13 05:15:26,645 INFO  server.RaftServerConfigKeys (ConfUtils.java:logGet(43)) - raft.server.rpcslowness.timeout = 10s (custom)
2019-06-13 05:15:26,645 INFO  server.RaftServerConfigKeys (ConfUtils.java:logGet(43)) - raft.server.log.appender.install.snapshot.enabled = true (default)
2019-06-13 05:15:26,645 INFO  impl.RaftServerImpl (ServerState.java:<init>(101)) - bfcd9241-55f6-4043-a600-fe989d9d8f1e:group-8F9A12B65118 ConfigurationManager, init=-1: [3df41bb4-6e3a-4f74-90f7-53dcff65844b:192.168.19.45:41071, 3cff37cb-4d06-4b11-82a0-d38d321d02fb:192.168.19.45:39135, bfcd9241-55f6-4043-a600-fe989d9d8f1e:192.168.19.45:37565], old=null, confs=<EMPTY_MAP>
2019-06-13 05:15:26,645 INFO  server.RaftServerConfigKeys (ConfUtils.java:logGet(43)) - raft.server.storage.dir = [/opt/src/hadoop-ozone/integration-test/target/test-dir/MiniOzoneClusterImpl-1ee6e7b8-1322-42d1-bb34-dbc7f5c5a2fb/datanode-0/data/ratis] (custom)
2019-06-13 05:15:26,646 INFO  impl.RaftServerProxy (RaftServerProxy.java:addNew(89)) - 3df41bb4-6e3a-4f74-90f7-53dcff65844b: addNew group-8F9A12B65118:[3df41bb4-6e3a-4f74-90f7-53dcff65844b:192.168.19.45:41071, 3cff37cb-4d06-4b11-82a0-d38d321d02fb:192.168.19.45:39135, bfcd9241-55f6-4043-a600-fe989d9d8f1e:192.168.19.45:37565] returns group-8F9A12B65118:java.util.concurrent.CompletableFuture@7000b52a[Not completed]
2019-06-13 05:15:26,646 INFO  storage.RaftStorageDirectory (RaftStorageDirectory.java:analyzeStorage(246)) - The storage directory /opt/src/hadoop-ozone/integration-test/target/test-dir/MiniOzoneClusterImpl-1ee6e7b8-1322-42d1-bb34-dbc7f5c5a2fb/datanode-0/data/ratis/a0fd8d75-fee4-4b2e-a42d-8f9a12b65118 does not exist. Creating ...
2019-06-13 05:15:26,647 INFO  impl.RaftServerImpl (RaftServerImpl.java:<init>(91)) - 3df41bb4-6e3a-4f74-90f7-53dcff65844b: new RaftServerImpl for group-8F9A12B65118:[3df41bb4-6e3a-4f74-90f7-53dcff65844b:192.168.19.45:41071, 3cff37cb-4d06-4b11-82a0-d38d321d02fb:192.168.19.45:39135, bfcd9241-55f6-4043-a600-fe989d9d8f1e:192.168.19.45:37565] with ContainerStateMachine:uninitialized
2019-06-13 05:15:26,647 INFO  server.RaftServerConfigKeys (ConfUtils.java:logGet(43)) - raft.server.rpc.timeout.min = 1s (custom)
2019-06-13 05:15:26,647 INFO  server.RaftServerConfigKeys (ConfUtils.java:logGet(43)) - raft.server.rpc.timeout.max = 1200ms (custom)
2019-06-13 05:15:26,647 INFO  server.RaftServerConfigKeys (ConfUtils.java:logGet(43)) - raft.server.rpcslowness.timeout = 10s (custom)
2019-06-13 05:15:26,647 INFO  server.RaftServerConfigKeys (ConfUtils.java:logGet(43)) - raft.server.log.appender.install.snapshot.enabled = true (default)
2019-06-13 05:15:26,648 INFO  impl.RaftServerImpl (ServerState.java:<init>(101)) - 3df41bb4-6e3a-4f74-90f7-53dcff65844b:group-8F9A12B65118 ConfigurationManager, init=-1: [3df41bb4-6e3a-4f74-90f7-53dcff65844b:192.168.19.45:41071, 3cff37cb-4d06-4b11-82a0-d38d321d02fb:192.168.19.45:39135, bfcd9241-55f6-4043-a600-fe989d9d8f1e:192.168.19.45:37565], old=null, confs=<EMPTY_MAP>
2019-06-13 05:15:26,648 INFO  server.RaftServerConfigKeys (ConfUtils.java:logGet(43)) - raft.server.storage.dir = [/opt/src/hadoop-ozone/integration-test/target/test-dir/MiniOzoneClusterImpl-1ee6e7b8-1322-42d1-bb34-dbc7f5c5a2fb/datanode-1/data/ratis] (custom)
2019-06-13 05:15:26,648 INFO  storage.RaftStorageDirectory (RaftStorageDirectory.java:analyzeStorage(246)) - The storage directory /opt/src/hadoop-ozone/integration-test/target/test-dir/MiniOzoneClusterImpl-1ee6e7b8-1322-42d1-bb34-dbc7f5c5a2fb/datanode-1/data/ratis/a0fd8d75-fee4-4b2e-a42d-8f9a12b65118 does not exist. Creating ...
2019-06-13 05:15:26,648 INFO  storage.RaftStorage (RaftStorage.java:format(75)) - Storage directory /opt/src/hadoop-ozone/integration-test/target/test-dir/MiniOzoneClusterImpl-1ee6e7b8-1322-42d1-bb34-dbc7f5c5a2fb/datanode-2/data/ratis/a0fd8d75-fee4-4b2e-a42d-8f9a12b65118 has been successfully formatted.
2019-06-13 05:15:26,648 INFO  storage.RaftStorageDirectory (RaftStorageDirectory.java:tryLock(328)) - Lock on /opt/src/hadoop-ozone/integration-test/target/test-dir/MiniOzoneClusterImpl-1ee6e7b8-1322-42d1-bb34-dbc7f5c5a2fb/datanode-0/data/ratis/a0fd8d75-fee4-4b2e-a42d-8f9a12b65118/in_use.lock acquired by nodename 10183@ozone-w6gkr-1366096734
2019-06-13 05:15:26,648 INFO  ratis.ContainerStateMachine (ContainerStateMachine.java:loadSnapshot(199)) - The snapshot info is null.Setting the last applied index to:(t:0, i:~)
2019-06-13 05:15:26,648 INFO  server.RaftServerConfigKeys (ConfUtils.java:logGet(43)) - raft.server.leader.election.timeout = 10s (custom)
2019-06-13 05:15:26,649 INFO  server.RaftServerConfigKeys (ConfUtils.java:logGet(43)) - raft.server.log.use.memory = false (default)
2019-06-13 05:15:26,649 INFO  server.RaftServerConfigKeys (ConfUtils.java:logGet(43)) - raft.server.log.appender.buffer.byte-limit = 33554432 (custom)
2019-06-13 05:15:26,649 INFO  server.RaftServerConfigKeys (ConfUtils.java:logGet(43)) - raft.server.log.segment.size.max = 16384 (custom)
2019-06-13 05:15:26,649 INFO  server.RaftServerConfigKeys (ConfUtils.java:logGet(43)) - raft.server.log.segment.cache.num.max = 2 (custom)
2019-06-13 05:15:26,649 INFO  storage.RaftLogWorker (RaftLogWorker.java:<init>(123)) - new 3cff37cb-4d06-4b11-82a0-d38d321d02fb-RaftLogWorker for Storage Directory /opt/src/hadoop-ozone/integration-test/target/test-dir/MiniOzoneClusterImpl-1ee6e7b8-1322-42d1-bb34-dbc7f5c5a2fb/datanode-2/data/ratis/a0fd8d75-fee4-4b2e-a42d-8f9a12b65118
2019-06-13 05:15:26,649 INFO  server.RaftServerConfigKeys (ConfUtils.java:logGet(43)) - raft.server.log.queue.byte-limit = 2147483647 (custom)
2019-06-13 05:15:26,649 INFO  server.RaftServerConfigKeys (ConfUtils.java:logGet(43)) - raft.server.log.queue.element-limit = 1024 (custom)
2019-06-13 05:15:26,649 INFO  server.RaftServerConfigKeys (ConfUtils.java:logGet(43)) - raft.server.log.segment.size.max = 16384 (custom)
2019-06-13 05:15:26,649 INFO  server.RaftServerConfigKeys (ConfUtils.java:logGet(43)) - raft.server.log.preallocated.size = 16384 (custom)
2019-06-13 05:15:26,649 INFO  server.RaftServerConfigKeys (ConfUtils.java:logGet(43)) - raft.server.log.write.buffer.size = 33554432 (custom)
2019-06-13 05:15:26,649 INFO  server.RaftServerConfigKeys (ConfUtils.java:logGet(43)) - raft.server.log.force.sync.num = 128 (default)
2019-06-13 05:15:26,650 INFO  server.RaftServerConfigKeys (ConfUtils.java:logGet(43)) - raft.server.log.statemachine.data.sync = true (default)
2019-06-13 05:15:26,650 INFO  server.RaftServerConfigKeys (ConfUtils.java:logGet(43)) - raft.server.log.statemachine.data.sync.timeout = 10s (default)
2019-06-13 05:15:26,650 INFO  server.RaftServerConfigKeys (ConfUtils.java:logGet(43)) - raft.server.log.statemachine.data.sync.timeout.retry = -1 (default)
2019-06-13 05:15:26,650 INFO  server.RaftServerConfigKeys (ConfUtils.java:logGet(43)) - raft.server.log.statemachine.data.caching.enabled = true (custom)
2019-06-13 05:15:26,650 INFO  storage.RaftStorageDirectory (RaftStorageDirectory.java:tryLock(328)) - Lock on /opt/src/hadoop-ozone/integration-test/target/test-dir/MiniOzoneClusterImpl-1ee6e7b8-1322-42d1-bb34-dbc7f5c5a2fb/datanode-1/data/ratis/a0fd8d75-fee4-4b2e-a42d-8f9a12b65118/in_use.lock acquired by nodename 10183@ozone-w6gkr-1366096734
2019-06-13 05:15:26,650 INFO  server.RaftServerConfigKeys (ConfUtils.java:logGet(43)) - raft.server.snapshot.auto.trigger.enabled = true (custom)
2019-06-13 05:15:26,650 INFO  server.RaftServerConfigKeys (ConfUtils.java:logGet(43)) - raft.server.snapshot.auto.trigger.threshold = 10000 (custom)
2019-06-13 05:15:26,650 INFO  server.RaftServerConfigKeys (ConfUtils.java:logGet(43)) - raft.server.retrycache.expirytime = 600000ms (custom)
2019-06-13 05:15:26,651 INFO  impl.RaftServerImpl (RaftServerImpl.java:start(173)) - 3cff37cb-4d06-4b11-82a0-d38d321d02fb: start group-8F9A12B65118
2019-06-13 05:15:26,651 INFO  storage.RaftStorage (RaftStorage.java:format(75)) - Storage directory /opt/src/hadoop-ozone/integration-test/target/test-dir/MiniOzoneClusterImpl-1ee6e7b8-1322-42d1-bb34-dbc7f5c5a2fb/datanode-0/data/ratis/a0fd8d75-fee4-4b2e-a42d-8f9a12b65118 has been successfully formatted.
2019-06-13 05:15:26,651 INFO  impl.RaftServerImpl (RaftServerImpl.java:setRole(164)) - 3cff37cb-4d06-4b11-82a0-d38d321d02fb:group-8F9A12B65118 changes role from null to FOLLOWER at term 0 for startAsFollower
2019-06-13 05:15:26,651 INFO  ratis.ContainerStateMachine (ContainerStateMachine.java:loadSnapshot(199)) - The snapshot info is null.Setting the last applied index to:(t:0, i:~)
2019-06-13 05:15:26,651 INFO  impl.RoleInfo (RoleInfo.java:updateAndGet(143)) - 3cff37cb-4d06-4b11-82a0-d38d321d02fb: start FollowerState
2019-06-13 05:15:26,651 INFO  server.RaftServerConfigKeys (ConfUtils.java:logGet(43)) - raft.server.leader.election.timeout = 10s (custom)
2019-06-13 05:15:26,651 INFO  server.RaftServerConfigKeys (ConfUtils.java:logGet(43)) - raft.server.log.use.memory = false (default)
2019-06-13 05:15:26,651 INFO  server.RaftServerConfigKeys (ConfUtils.java:logGet(43)) - raft.server.log.appender.buffer.byte-limit = 33554432 (custom)
2019-06-13 05:15:26,652 INFO  util.JmxRegister (JmxRegister.java:tryRegister(44)) - Successfully registered JMX Bean with object name Ratis:service=RaftServer,group=group-8F9A12B65118,id=3cff37cb-4d06-4b11-82a0-d38d321d02fb
2019-06-13 05:15:26,652 INFO  server.RaftServerConfigKeys (ConfUtils.java:logGet(43)) - raft.server.log.segment.size.max = 16384 (custom)
2019-06-13 05:15:26,652 INFO  server.RaftServerConfigKeys (ConfUtils.java:logGet(43)) - raft.server.log.segment.cache.num.max = 2 (custom)
2019-06-13 05:15:26,652 INFO  storage.RaftLogWorker (RaftLogWorker.java:<init>(123)) - new bfcd9241-55f6-4043-a600-fe989d9d8f1e-RaftLogWorker for Storage Directory /opt/src/hadoop-ozone/integration-test/target/test-dir/MiniOzoneClusterImpl-1ee6e7b8-1322-42d1-bb34-dbc7f5c5a2fb/datanode-0/data/ratis/a0fd8d75-fee4-4b2e-a42d-8f9a12b65118
2019-06-13 05:15:26,652 INFO  server.RaftServerConfigKeys (ConfUtils.java:logGet(43)) - raft.server.log.queue.byte-limit = 2147483647 (custom)
2019-06-13 05:15:26,652 INFO  server.RaftServerConfigKeys (ConfUtils.java:logGet(43)) - raft.server.log.queue.element-limit = 1024 (custom)
2019-06-13 05:15:26,652 INFO  server.RaftServerConfigKeys (ConfUtils.java:logGet(43)) - raft.server.log.segment.size.max = 16384 (custom)
2019-06-13 05:15:26,652 INFO  server.RaftServerConfigKeys (ConfUtils.java:logGet(43)) - raft.server.log.preallocated.size = 16384 (custom)
2019-06-13 05:15:26,652 INFO  server.RaftServerConfigKeys (ConfUtils.java:logGet(43)) - raft.server.log.write.buffer.size = 33554432 (custom)
2019-06-13 05:15:26,652 INFO  server.RaftServerConfigKeys (ConfUtils.java:logGet(43)) - raft.server.log.force.sync.num = 128 (default)
2019-06-13 05:15:26,652 INFO  server.RaftServerConfigKeys (ConfUtils.java:logGet(43)) - raft.server.log.statemachine.data.sync = true (default)
2019-06-13 05:15:26,653 INFO  server.RaftServerConfigKeys (ConfUtils.java:logGet(43)) - raft.server.log.statemachine.data.sync.timeout = 10s (default)
2019-06-13 05:15:26,653 INFO  server.RaftServerConfigKeys (ConfUtils.java:logGet(43)) - raft.server.log.statemachine.data.sync.timeout.retry = -1 (default)
2019-06-13 05:15:26,653 INFO  server.RaftServerConfigKeys (ConfUtils.java:logGet(43)) - raft.server.log.statemachine.data.caching.enabled = true (custom)
2019-06-13 05:15:26,653 INFO  server.RaftServerConfigKeys (ConfUtils.java:logGet(43)) - raft.server.snapshot.auto.trigger.enabled = true (custom)
2019-06-13 05:15:26,653 INFO  server.RaftServerConfigKeys (ConfUtils.java:logGet(43)) - raft.server.snapshot.auto.trigger.threshold = 10000 (custom)
2019-06-13 05:15:26,653 INFO  storage.RaftStorage (RaftStorage.java:format(75)) - Storage directory /opt/src/hadoop-ozone/integration-test/target/test-dir/MiniOzoneClusterImpl-1ee6e7b8-1322-42d1-bb34-dbc7f5c5a2fb/datanode-1/data/ratis/a0fd8d75-fee4-4b2e-a42d-8f9a12b65118 has been successfully formatted.
2019-06-13 05:15:26,655 INFO  server.RaftServerConfigKeys (ConfUtils.java:logGet(43)) - raft.server.retrycache.expirytime = 600000ms (custom)
2019-06-13 05:15:26,655 INFO  ratis.ContainerStateMachine (ContainerStateMachine.java:loadSnapshot(199)) - The snapshot info is null.Setting the last applied index to:(t:0, i:~)
2019-06-13 05:15:26,656 INFO  server.RaftServerConfigKeys (ConfUtils.java:logGet(43)) - raft.server.leader.election.timeout = 10s (custom)
2019-06-13 05:15:26,656 INFO  server.RaftServerConfigKeys (ConfUtils.java:logGet(43)) - raft.server.log.use.memory = false (default)
2019-06-13 05:15:26,658 INFO  impl.RaftServerImpl (RaftServerImpl.java:start(173)) - bfcd9241-55f6-4043-a600-fe989d9d8f1e: start group-8F9A12B65118
2019-06-13 05:15:26,658 INFO  server.RaftServerConfigKeys (ConfUtils.java:logGet(43)) - raft.server.log.appender.buffer.byte-limit = 33554432 (custom)
2019-06-13 05:15:26,659 INFO  server.RaftServerConfigKeys (ConfUtils.java:logGet(43)) - raft.server.log.segment.size.max = 16384 (custom)
2019-06-13 05:15:26,659 INFO  server.RaftServerConfigKeys (ConfUtils.java:logGet(43)) - raft.server.log.segment.cache.num.max = 2 (custom)
2019-06-13 05:15:26,659 INFO  storage.RaftLogWorker (RaftLogWorker.java:<init>(123)) - new 3df41bb4-6e3a-4f74-90f7-53dcff65844b-RaftLogWorker for Storage Directory /opt/src/hadoop-ozone/integration-test/target/test-dir/MiniOzoneClusterImpl-1ee6e7b8-1322-42d1-bb34-dbc7f5c5a2fb/datanode-1/data/ratis/a0fd8d75-fee4-4b2e-a42d-8f9a12b65118
2019-06-13 05:15:26,659 INFO  server.RaftServerConfigKeys (ConfUtils.java:logGet(43)) - raft.server.log.queue.byte-limit = 2147483647 (custom)
2019-06-13 05:15:26,659 INFO  server.RaftServerConfigKeys (ConfUtils.java:logGet(43)) - raft.server.log.queue.element-limit = 1024 (custom)
2019-06-13 05:15:26,659 INFO  server.RaftServerConfigKeys (ConfUtils.java:logGet(43)) - raft.server.log.segment.size.max = 16384 (custom)
2019-06-13 05:15:26,659 INFO  server.RaftServerConfigKeys (ConfUtils.java:logGet(43)) - raft.server.log.preallocated.size = 16384 (custom)
2019-06-13 05:15:26,659 INFO  server.RaftServerConfigKeys (ConfUtils.java:logGet(43)) - raft.server.log.write.buffer.size = 33554432 (custom)
2019-06-13 05:15:26,659 INFO  server.RaftServerConfigKeys (ConfUtils.java:logGet(43)) - raft.server.log.force.sync.num = 128 (default)
2019-06-13 05:15:26,659 INFO  server.RaftServerConfigKeys (ConfUtils.java:logGet(43)) - raft.server.log.statemachine.data.sync = true (default)
2019-06-13 05:15:26,660 INFO  server.RaftServerConfigKeys (ConfUtils.java:logGet(43)) - raft.server.log.statemachine.data.sync.timeout = 10s (default)
2019-06-13 05:15:26,660 INFO  server.RaftServerConfigKeys (ConfUtils.java:logGet(43)) - raft.server.log.statemachine.data.sync.timeout.retry = -1 (default)
2019-06-13 05:15:26,661 INFO  server.RaftServerConfigKeys (ConfUtils.java:logGet(43)) - raft.server.log.statemachine.data.caching.enabled = true (custom)
2019-06-13 05:15:26,658 INFO  impl.RaftServerImpl (RaftServerImpl.java:setRole(164)) - bfcd9241-55f6-4043-a600-fe989d9d8f1e:group-8F9A12B65118 changes role from null to FOLLOWER at term 0 for startAsFollower
2019-06-13 05:15:26,663 INFO  impl.RoleInfo (RoleInfo.java:updateAndGet(143)) - bfcd9241-55f6-4043-a600-fe989d9d8f1e: start FollowerState
2019-06-13 05:15:26,664 INFO  server.RaftServerConfigKeys (ConfUtils.java:logGet(43)) - raft.server.snapshot.auto.trigger.enabled = true (custom)
2019-06-13 05:15:26,665 INFO  server.RaftServerConfigKeys (ConfUtils.java:logGet(43)) - raft.server.snapshot.auto.trigger.threshold = 10000 (custom)
2019-06-13 05:15:26,665 INFO  server.RaftServerConfigKeys (ConfUtils.java:logGet(43)) - raft.server.retrycache.expirytime = 600000ms (custom)
2019-06-13 05:15:26,665 INFO  util.JmxRegister (JmxRegister.java:tryRegister(44)) - Successfully registered JMX Bean with object name Ratis:service=RaftServer,group=group-8F9A12B65118,id=bfcd9241-55f6-4043-a600-fe989d9d8f1e
2019-06-13 05:15:26,665 INFO  impl.RaftServerImpl (RaftServerImpl.java:start(173)) - 3df41bb4-6e3a-4f74-90f7-53dcff65844b: start group-8F9A12B65118
2019-06-13 05:15:26,665 INFO  impl.RaftServerImpl (RaftServerImpl.java:setRole(164)) - 3df41bb4-6e3a-4f74-90f7-53dcff65844b:group-8F9A12B65118 changes role from null to FOLLOWER at term 0 for startAsFollower
2019-06-13 05:15:26,665 INFO  impl.RoleInfo (RoleInfo.java:updateAndGet(143)) - 3df41bb4-6e3a-4f74-90f7-53dcff65844b: start FollowerState
2019-06-13 05:15:26,666 INFO  util.JmxRegister (JmxRegister.java:tryRegister(44)) - Successfully registered JMX Bean with object name Ratis:service=RaftServer,group=group-8F9A12B65118,id=3df41bb4-6e3a-4f74-90f7-53dcff65844b
2019-06-13 05:15:26,688 INFO  pipeline.PipelineStateManager (PipelineStateManager.java:addPipeline(56)) - Created pipeline Pipeline[ Id: a0fd8d75-fee4-4b2e-a42d-8f9a12b65118, Nodes: bfcd9241-55f6-4043-a600-fe989d9d8f1e{ip: 192.168.19.45, host: ozone-w6gkr-1366096734, networkLocation: /default-rack, certSerialId: null}3cff37cb-4d06-4b11-82a0-d38d321d02fb{ip: 192.168.19.45, host: ozone-w6gkr-1366096734, networkLocation: /default-rack, certSerialId: null}3df41bb4-6e3a-4f74-90f7-53dcff65844b{ip: 192.168.19.45, host: ozone-w6gkr-1366096734, networkLocation: /default-rack, certSerialId: null}, Type:RATIS, Factor:THREE, State:OPEN]
2019-06-13 05:15:26,698 INFO  impl.RaftServerProxy (RaftServerProxy.java:addNew(89)) - 7f4f218f-e685-47c5-8795-eb8630bfd282: addNew group-767B4043275C:[7f4f218f-e685-47c5-8795-eb8630bfd282:192.168.19.45:46157] returns group-767B4043275C:java.util.concurrent.CompletableFuture@759a1ee0[Not completed]
2019-06-13 05:15:26,699 INFO  impl.RaftServerImpl (RaftServerImpl.java:<init>(91)) - 7f4f218f-e685-47c5-8795-eb8630bfd282: new RaftServerImpl for group-767B4043275C:[7f4f218f-e685-47c5-8795-eb8630bfd282:192.168.19.45:46157] with ContainerStateMachine:uninitialized
2019-06-13 05:15:26,700 INFO  server.RaftServerConfigKeys (ConfUtils.java:logGet(43)) - raft.server.rpc.timeout.min = 1s (custom)
2019-06-13 05:15:26,700 INFO  server.RaftServerConfigKeys (ConfUtils.java:logGet(43)) - raft.server.rpc.timeout.max = 1200ms (custom)
2019-06-13 05:15:26,700 INFO  server.RaftServerConfigKeys (ConfUtils.java:logGet(43)) - raft.server.rpcslowness.timeout = 10s (custom)
2019-06-13 05:15:26,701 INFO  server.RaftServerConfigKeys (ConfUtils.java:logGet(43)) - raft.server.log.appender.install.snapshot.enabled = true (default)
2019-06-13 05:15:26,701 INFO  impl.RaftServerImpl (ServerState.java:<init>(101)) - 7f4f218f-e685-47c5-8795-eb8630bfd282:group-767B4043275C ConfigurationManager, init=-1: [7f4f218f-e685-47c5-8795-eb8630bfd282:192.168.19.45:46157], old=null, confs=<EMPTY_MAP>
2019-06-13 05:15:26,701 INFO  server.RaftServerConfigKeys (ConfUtils.java:logGet(43)) - raft.server.storage.dir = [/opt/src/hadoop-ozone/integration-test/target/test-dir/MiniOzoneClusterImpl-1ee6e7b8-1322-42d1-bb34-dbc7f5c5a2fb/datanode-3/data/ratis] (custom)
2019-06-13 05:15:26,701 INFO  storage.RaftStorageDirectory (RaftStorageDirectory.java:analyzeStorage(246)) - The storage directory /opt/src/hadoop-ozone/integration-test/target/test-dir/MiniOzoneClusterImpl-1ee6e7b8-1322-42d1-bb34-dbc7f5c5a2fb/datanode-3/data/ratis/ba76dafa-a3f2-45ef-984f-767b4043275c does not exist. Creating ...
2019-06-13 05:15:26,703 INFO  storage.RaftStorageDirectory (RaftStorageDirectory.java:tryLock(328)) - Lock on /opt/src/hadoop-ozone/integration-test/target/test-dir/MiniOzoneClusterImpl-1ee6e7b8-1322-42d1-bb34-dbc7f5c5a2fb/datanode-3/data/ratis/ba76dafa-a3f2-45ef-984f-767b4043275c/in_use.lock acquired by nodename 10183@ozone-w6gkr-1366096734
2019-06-13 05:15:26,706 INFO  storage.RaftStorage (RaftStorage.java:format(75)) - Storage directory /opt/src/hadoop-ozone/integration-test/target/test-dir/MiniOzoneClusterImpl-1ee6e7b8-1322-42d1-bb34-dbc7f5c5a2fb/datanode-3/data/ratis/ba76dafa-a3f2-45ef-984f-767b4043275c has been successfully formatted.
2019-06-13 05:15:26,706 INFO  ratis.ContainerStateMachine (ContainerStateMachine.java:loadSnapshot(199)) - The snapshot info is null.Setting the last applied index to:(t:0, i:~)
2019-06-13 05:15:26,706 INFO  server.RaftServerConfigKeys (ConfUtils.java:logGet(43)) - raft.server.leader.election.timeout = 10s (custom)
2019-06-13 05:15:26,706 INFO  server.RaftServerConfigKeys (ConfUtils.java:logGet(43)) - raft.server.log.use.memory = false (default)
2019-06-13 05:15:26,706 INFO  server.RaftServerConfigKeys (ConfUtils.java:logGet(43)) - raft.server.log.appender.buffer.byte-limit = 33554432 (custom)
2019-06-13 05:15:26,706 INFO  server.RaftServerConfigKeys (ConfUtils.java:logGet(43)) - raft.server.log.segment.size.max = 16384 (custom)
2019-06-13 05:15:26,706 INFO  server.RaftServerConfigKeys (ConfUtils.java:logGet(43)) - raft.server.log.segment.cache.num.max = 2 (custom)
2019-06-13 05:15:26,706 INFO  storage.RaftLogWorker (RaftLogWorker.java:<init>(123)) - new 7f4f218f-e685-47c5-8795-eb8630bfd282-RaftLogWorker for Storage Directory /opt/src/hadoop-ozone/integration-test/target/test-dir/MiniOzoneClusterImpl-1ee6e7b8-1322-42d1-bb34-dbc7f5c5a2fb/datanode-3/data/ratis/ba76dafa-a3f2-45ef-984f-767b4043275c
2019-06-13 05:15:26,706 INFO  server.RaftServerConfigKeys (ConfUtils.java:logGet(43)) - raft.server.log.queue.byte-limit = 2147483647 (custom)
2019-06-13 05:15:26,706 INFO  server.RaftServerConfigKeys (ConfUtils.java:logGet(43)) - raft.server.log.queue.element-limit = 1024 (custom)
2019-06-13 05:15:26,706 INFO  server.RaftServerConfigKeys (ConfUtils.java:logGet(43)) - raft.server.log.segment.size.max = 16384 (custom)
2019-06-13 05:15:26,706 INFO  server.RaftServerConfigKeys (ConfUtils.java:logGet(43)) - raft.server.log.preallocated.size = 16384 (custom)
2019-06-13 05:15:26,707 INFO  server.RaftServerConfigKeys (ConfUtils.java:logGet(43)) - raft.server.log.write.buffer.size = 33554432 (custom)
2019-06-13 05:15:26,707 INFO  server.RaftServerConfigKeys (ConfUtils.java:logGet(43)) - raft.server.log.force.sync.num = 128 (default)
2019-06-13 05:15:26,707 INFO  server.RaftServerConfigKeys (ConfUtils.java:logGet(43)) - raft.server.log.statemachine.data.sync = true (default)
2019-06-13 05:15:26,707 INFO  server.RaftServerConfigKeys (ConfUtils.java:logGet(43)) - raft.server.log.statemachine.data.sync.timeout = 10s (default)
2019-06-13 05:15:26,707 INFO  server.RaftServerConfigKeys (ConfUtils.java:logGet(43)) - raft.server.log.statemachine.data.sync.timeout.retry = -1 (default)
2019-06-13 05:15:26,707 INFO  server.RaftServerConfigKeys (ConfUtils.java:logGet(43)) - raft.server.log.statemachine.data.caching.enabled = true (custom)
2019-06-13 05:15:26,707 INFO  server.RaftServerConfigKeys (ConfUtils.java:logGet(43)) - raft.server.snapshot.auto.trigger.enabled = true (custom)
2019-06-13 05:15:26,707 INFO  server.RaftServerConfigKeys (ConfUtils.java:logGet(43)) - raft.server.snapshot.auto.trigger.threshold = 10000 (custom)
2019-06-13 05:15:26,707 INFO  server.RaftServerConfigKeys (ConfUtils.java:logGet(43)) - raft.server.retrycache.expirytime = 600000ms (custom)
2019-06-13 05:15:26,708 INFO  impl.RaftServerImpl (RaftServerImpl.java:start(173)) - 7f4f218f-e685-47c5-8795-eb8630bfd282: start group-767B4043275C
2019-06-13 05:15:26,708 INFO  impl.RaftServerImpl (RaftServerImpl.java:setRole(164)) - 7f4f218f-e685-47c5-8795-eb8630bfd282:group-767B4043275C changes role from null to FOLLOWER at term 0 for startAsFollower
2019-06-13 05:15:26,708 INFO  impl.RoleInfo (RoleInfo.java:updateAndGet(143)) - 7f4f218f-e685-47c5-8795-eb8630bfd282: start FollowerState
2019-06-13 05:15:26,708 INFO  util.JmxRegister (JmxRegister.java:tryRegister(44)) - Successfully registered JMX Bean with object name Ratis:service=RaftServer,group=group-767B4043275C,id=7f4f218f-e685-47c5-8795-eb8630bfd282
2019-06-13 05:15:26,714 INFO  pipeline.PipelineStateManager (PipelineStateManager.java:addPipeline(56)) - Created pipeline Pipeline[ Id: ba76dafa-a3f2-45ef-984f-767b4043275c, Nodes: 7f4f218f-e685-47c5-8795-eb8630bfd282{ip: 192.168.19.45, host: ozone-w6gkr-1366096734, networkLocation: /default-rack, certSerialId: null}, Type:RATIS, Factor:ONE, State:OPEN]
2019-06-13 05:15:26,882 INFO  node.SCMNodeManager (SCMNodeManager.java:register(234)) - Registered Data node : 3fe1eb05-73e2-4bdc-a4a8-8d1d8bc3da7f{ip: 192.168.19.45, host: ozone-w6gkr-1366096734, networkLocation: /default-rack, certSerialId: null}
2019-06-13 05:15:26,895 INFO  impl.RaftServerProxy (RaftServerProxy.java:addNew(89)) - 3fe1eb05-73e2-4bdc-a4a8-8d1d8bc3da7f: addNew group-DABDE21416F0:[3fe1eb05-73e2-4bdc-a4a8-8d1d8bc3da7f:192.168.19.45:41277] returns group-DABDE21416F0:java.util.concurrent.CompletableFuture@5112405e[Not completed]
2019-06-13 05:15:26,896 INFO  impl.RaftServerImpl (RaftServerImpl.java:<init>(91)) - 3fe1eb05-73e2-4bdc-a4a8-8d1d8bc3da7f: new RaftServerImpl for group-DABDE21416F0:[3fe1eb05-73e2-4bdc-a4a8-8d1d8bc3da7f:192.168.19.45:41277] with ContainerStateMachine:uninitialized
2019-06-13 05:15:26,896 INFO  server.RaftServerConfigKeys (ConfUtils.java:logGet(43)) - raft.server.rpc.timeout.min = 1s (custom)
2019-06-13 05:15:26,896 INFO  server.RaftServerConfigKeys (ConfUtils.java:logGet(43)) - raft.server.rpc.timeout.max = 1200ms (custom)
2019-06-13 05:15:26,896 INFO  server.RaftServerConfigKeys (ConfUtils.java:logGet(43)) - raft.server.rpcslowness.timeout = 10s (custom)
2019-06-13 05:15:26,896 INFO  server.RaftServerConfigKeys (ConfUtils.java:logGet(43)) - raft.server.log.appender.install.snapshot.enabled = true (default)
2019-06-13 05:15:26,897 INFO  impl.RaftServerImpl (ServerState.java:<init>(101)) - 3fe1eb05-73e2-4bdc-a4a8-8d1d8bc3da7f:group-DABDE21416F0 ConfigurationManager, init=-1: [3fe1eb05-73e2-4bdc-a4a8-8d1d8bc3da7f:192.168.19.45:41277], old=null, confs=<EMPTY_MAP>
2019-06-13 05:15:26,897 INFO  server.RaftServerConfigKeys (ConfUtils.java:logGet(43)) - raft.server.storage.dir = [/opt/src/hadoop-ozone/integration-test/target/test-dir/MiniOzoneClusterImpl-1ee6e7b8-1322-42d1-bb34-dbc7f5c5a2fb/datanode-4/data/ratis] (custom)
2019-06-13 05:15:26,897 INFO  storage.RaftStorageDirectory (RaftStorageDirectory.java:analyzeStorage(246)) - The storage directory /opt/src/hadoop-ozone/integration-test/target/test-dir/MiniOzoneClusterImpl-1ee6e7b8-1322-42d1-bb34-dbc7f5c5a2fb/datanode-4/data/ratis/4d4dc3ef-a3c4-4658-91a0-dabde21416f0 does not exist. Creating ...
2019-06-13 05:15:26,899 INFO  storage.RaftStorageDirectory (RaftStorageDirectory.java:tryLock(328)) - Lock on /opt/src/hadoop-ozone/integration-test/target/test-dir/MiniOzoneClusterImpl-1ee6e7b8-1322-42d1-bb34-dbc7f5c5a2fb/datanode-4/data/ratis/4d4dc3ef-a3c4-4658-91a0-dabde21416f0/in_use.lock acquired by nodename 10183@ozone-w6gkr-1366096734
2019-06-13 05:15:26,902 INFO  storage.RaftStorage (RaftStorage.java:format(75)) - Storage directory /opt/src/hadoop-ozone/integration-test/target/test-dir/MiniOzoneClusterImpl-1ee6e7b8-1322-42d1-bb34-dbc7f5c5a2fb/datanode-4/data/ratis/4d4dc3ef-a3c4-4658-91a0-dabde21416f0 has been successfully formatted.
2019-06-13 05:15:26,902 INFO  ratis.ContainerStateMachine (ContainerStateMachine.java:loadSnapshot(199)) - The snapshot info is null.Setting the last applied index to:(t:0, i:~)
2019-06-13 05:15:26,902 INFO  server.RaftServerConfigKeys (ConfUtils.java:logGet(43)) - raft.server.leader.election.timeout = 10s (custom)
2019-06-13 05:15:26,902 INFO  server.RaftServerConfigKeys (ConfUtils.java:logGet(43)) - raft.server.log.use.memory = false (default)
2019-06-13 05:15:26,902 INFO  server.RaftServerConfigKeys (ConfUtils.java:logGet(43)) - raft.server.log.appender.buffer.byte-limit = 33554432 (custom)
2019-06-13 05:15:26,902 INFO  server.RaftServerConfigKeys (ConfUtils.java:logGet(43)) - raft.server.log.segment.size.max = 16384 (custom)
2019-06-13 05:15:26,902 INFO  server.RaftServerConfigKeys (ConfUtils.java:logGet(43)) - raft.server.log.segment.cache.num.max = 2 (custom)
2019-06-13 05:15:26,902 INFO  storage.RaftLogWorker (RaftLogWorker.java:<init>(123)) - new 3fe1eb05-73e2-4bdc-a4a8-8d1d8bc3da7f-RaftLogWorker for Storage Directory /opt/src/hadoop-ozone/integration-test/target/test-dir/MiniOzoneClusterImpl-1ee6e7b8-1322-42d1-bb34-dbc7f5c5a2fb/datanode-4/data/ratis/4d4dc3ef-a3c4-4658-91a0-dabde21416f0
2019-06-13 05:15:26,902 INFO  server.RaftServerConfigKeys (ConfUtils.java:logGet(43)) - raft.server.log.queue.byte-limit = 2147483647 (custom)
2019-06-13 05:15:26,902 INFO  server.RaftServerConfigKeys (ConfUtils.java:logGet(43)) - raft.server.log.queue.element-limit = 1024 (custom)
2019-06-13 05:15:26,902 INFO  server.RaftServerConfigKeys (ConfUtils.java:logGet(43)) - raft.server.log.segment.size.max = 16384 (custom)
2019-06-13 05:15:26,903 INFO  server.RaftServerConfigKeys (ConfUtils.java:logGet(43)) - raft.server.log.preallocated.size = 16384 (custom)
2019-06-13 05:15:26,903 INFO  server.RaftServerConfigKeys (ConfUtils.java:logGet(43)) - raft.server.log.write.buffer.size = 33554432 (custom)
2019-06-13 05:15:26,903 INFO  server.RaftServerConfigKeys (ConfUtils.java:logGet(43)) - raft.server.log.force.sync.num = 128 (default)
2019-06-13 05:15:26,903 INFO  server.RaftServerConfigKeys (ConfUtils.java:logGet(43)) - raft.server.log.statemachine.data.sync = true (default)
2019-06-13 05:15:26,903 INFO  server.RaftServerConfigKeys (ConfUtils.java:logGet(43)) - raft.server.log.statemachine.data.sync.timeout = 10s (default)
2019-06-13 05:15:26,903 INFO  server.RaftServerConfigKeys (ConfUtils.java:logGet(43)) - raft.server.log.statemachine.data.sync.timeout.retry = -1 (default)
2019-06-13 05:15:26,903 INFO  server.RaftServerConfigKeys (ConfUtils.java:logGet(43)) - raft.server.log.statemachine.data.caching.enabled = true (custom)
2019-06-13 05:15:26,903 INFO  server.RaftServerConfigKeys (ConfUtils.java:logGet(43)) - raft.server.snapshot.auto.trigger.enabled = true (custom)
2019-06-13 05:15:26,904 INFO  server.RaftServerConfigKeys (ConfUtils.java:logGet(43)) - raft.server.snapshot.auto.trigger.threshold = 10000 (custom)
2019-06-13 05:15:26,904 INFO  server.RaftServerConfigKeys (ConfUtils.java:logGet(43)) - raft.server.retrycache.expirytime = 600000ms (custom)
2019-06-13 05:15:26,904 INFO  impl.RaftServerImpl (RaftServerImpl.java:start(173)) - 3fe1eb05-73e2-4bdc-a4a8-8d1d8bc3da7f: start group-DABDE21416F0
2019-06-13 05:15:26,904 INFO  impl.RaftServerImpl (RaftServerImpl.java:setRole(164)) - 3fe1eb05-73e2-4bdc-a4a8-8d1d8bc3da7f:group-DABDE21416F0 changes role from null to FOLLOWER at term 0 for startAsFollower
2019-06-13 05:15:26,904 INFO  impl.RoleInfo (RoleInfo.java:updateAndGet(143)) - 3fe1eb05-73e2-4bdc-a4a8-8d1d8bc3da7f: start FollowerState
2019-06-13 05:15:26,905 INFO  util.JmxRegister (JmxRegister.java:tryRegister(44)) - Successfully registered JMX Bean with object name Ratis:service=RaftServer,group=group-DABDE21416F0,id=3fe1eb05-73e2-4bdc-a4a8-8d1d8bc3da7f
2019-06-13 05:15:26,912 INFO  pipeline.PipelineStateManager (PipelineStateManager.java:addPipeline(56)) - Created pipeline Pipeline[ Id: 4d4dc3ef-a3c4-4658-91a0-dabde21416f0, Nodes: 3fe1eb05-73e2-4bdc-a4a8-8d1d8bc3da7f{ip: 192.168.19.45, host: ozone-w6gkr-1366096734, networkLocation: /default-rack, certSerialId: null}, Type:RATIS, Factor:ONE, State:OPEN]
2019-06-13 05:15:27,129 INFO  ozone.MiniOzoneClusterImpl (MiniOzoneClusterImpl.java:lambda$waitForClusterToBeReady$0(142)) - Waiting for cluster to be ready. Got 5 of 6 DN Heartbeats.
2019-06-13 05:15:27,137 INFO  node.SCMNodeManager (SCMNodeManager.java:register(234)) - Registered Data node : ce0196a0-a05f-4c14-8a03-bc5e121712dd{ip: 192.168.19.45, host: ozone-w6gkr-1366096734, networkLocation: /default-rack, certSerialId: null}
2019-06-13 05:15:27,148 INFO  impl.RaftServerProxy (RaftServerProxy.java:addNew(89)) - ce0196a0-a05f-4c14-8a03-bc5e121712dd: addNew group-A4C4EA0FB9AE:[ce0196a0-a05f-4c14-8a03-bc5e121712dd:192.168.19.45:44419] returns group-A4C4EA0FB9AE:java.util.concurrent.CompletableFuture@168fdfd2[Not completed]
2019-06-13 05:15:27,149 INFO  impl.RaftServerImpl (RaftServerImpl.java:<init>(91)) - ce0196a0-a05f-4c14-8a03-bc5e121712dd: new RaftServerImpl for group-A4C4EA0FB9AE:[ce0196a0-a05f-4c14-8a03-bc5e121712dd:192.168.19.45:44419] with ContainerStateMachine:uninitialized
2019-06-13 05:15:27,149 INFO  server.RaftServerConfigKeys (ConfUtils.java:logGet(43)) - raft.server.rpc.timeout.min = 1s (custom)
2019-06-13 05:15:27,149 INFO  server.RaftServerConfigKeys (ConfUtils.java:logGet(43)) - raft.server.rpc.timeout.max = 1200ms (custom)
2019-06-13 05:15:27,149 INFO  server.RaftServerConfigKeys (ConfUtils.java:logGet(43)) - raft.server.rpcslowness.timeout = 10s (custom)
2019-06-13 05:15:27,149 INFO  server.RaftServerConfigKeys (ConfUtils.java:logGet(43)) - raft.server.log.appender.install.snapshot.enabled = true (default)
2019-06-13 05:15:27,150 INFO  impl.RaftServerImpl (ServerState.java:<init>(101)) - ce0196a0-a05f-4c14-8a03-bc5e121712dd:group-A4C4EA0FB9AE ConfigurationManager, init=-1: [ce0196a0-a05f-4c14-8a03-bc5e121712dd:192.168.19.45:44419], old=null, confs=<EMPTY_MAP>
2019-06-13 05:15:27,150 INFO  server.RaftServerConfigKeys (ConfUtils.java:logGet(43)) - raft.server.storage.dir = [/opt/src/hadoop-ozone/integration-test/target/test-dir/MiniOzoneClusterImpl-1ee6e7b8-1322-42d1-bb34-dbc7f5c5a2fb/datanode-5/data/ratis] (custom)
2019-06-13 05:15:27,150 INFO  storage.RaftStorageDirectory (RaftStorageDirectory.java:analyzeStorage(246)) - The storage directory /opt/src/hadoop-ozone/integration-test/target/test-dir/MiniOzoneClusterImpl-1ee6e7b8-1322-42d1-bb34-dbc7f5c5a2fb/datanode-5/data/ratis/ea12f509-af32-4f6a-9a8f-a4c4ea0fb9ae does not exist. Creating ...
2019-06-13 05:15:27,152 INFO  storage.RaftStorageDirectory (RaftStorageDirectory.java:tryLock(328)) - Lock on /opt/src/hadoop-ozone/integration-test/target/test-dir/MiniOzoneClusterImpl-1ee6e7b8-1322-42d1-bb34-dbc7f5c5a2fb/datanode-5/data/ratis/ea12f509-af32-4f6a-9a8f-a4c4ea0fb9ae/in_use.lock acquired by nodename 10183@ozone-w6gkr-1366096734
2019-06-13 05:15:27,154 INFO  storage.RaftStorage (RaftStorage.java:format(75)) - Storage directory /opt/src/hadoop-ozone/integration-test/target/test-dir/MiniOzoneClusterImpl-1ee6e7b8-1322-42d1-bb34-dbc7f5c5a2fb/datanode-5/data/ratis/ea12f509-af32-4f6a-9a8f-a4c4ea0fb9ae has been successfully formatted.
2019-06-13 05:15:27,155 INFO  ratis.ContainerStateMachine (ContainerStateMachine.java:loadSnapshot(199)) - The snapshot info is null.Setting the last applied index to:(t:0, i:~)
2019-06-13 05:15:27,155 INFO  server.RaftServerConfigKeys (ConfUtils.java:logGet(43)) - raft.server.leader.election.timeout = 10s (custom)
2019-06-13 05:15:27,155 INFO  server.RaftServerConfigKeys (ConfUtils.java:logGet(43)) - raft.server.log.use.memory = false (default)
2019-06-13 05:15:27,155 INFO  server.RaftServerConfigKeys (ConfUtils.java:logGet(43)) - raft.server.log.appender.buffer.byte-limit = 33554432 (custom)
2019-06-13 05:15:27,155 INFO  server.RaftServerConfigKeys (ConfUtils.java:logGet(43)) - raft.server.log.segment.size.max = 16384 (custom)
2019-06-13 05:15:27,155 INFO  server.RaftServerConfigKeys (ConfUtils.java:logGet(43)) - raft.server.log.segment.cache.num.max = 2 (custom)
2019-06-13 05:15:27,155 INFO  storage.RaftLogWorker (RaftLogWorker.java:<init>(123)) - new ce0196a0-a05f-4c14-8a03-bc5e121712dd-RaftLogWorker for Storage Directory /opt/src/hadoop-ozone/integration-test/target/test-dir/MiniOzoneClusterImpl-1ee6e7b8-1322-42d1-bb34-dbc7f5c5a2fb/datanode-5/data/ratis/ea12f509-af32-4f6a-9a8f-a4c4ea0fb9ae
2019-06-13 05:15:27,155 INFO  server.RaftServerConfigKeys (ConfUtils.java:logGet(43)) - raft.server.log.queue.byte-limit = 2147483647 (custom)
2019-06-13 05:15:27,155 INFO  server.RaftServerConfigKeys (ConfUtils.java:logGet(43)) - raft.server.log.queue.element-limit = 1024 (custom)
2019-06-13 05:15:27,155 INFO  server.RaftServerConfigKeys (ConfUtils.java:logGet(43)) - raft.server.log.segment.size.max = 16384 (custom)
2019-06-13 05:15:27,156 INFO  server.RaftServerConfigKeys (ConfUtils.java:logGet(43)) - raft.server.log.preallocated.size = 16384 (custom)
2019-06-13 05:15:27,156 INFO  server.RaftServerConfigKeys (ConfUtils.java:logGet(43)) - raft.server.log.write.buffer.size = 33554432 (custom)
2019-06-13 05:15:27,156 INFO  server.RaftServerConfigKeys (ConfUtils.java:logGet(43)) - raft.server.log.force.sync.num = 128 (default)
2019-06-13 05:15:27,156 INFO  server.RaftServerConfigKeys (ConfUtils.java:logGet(43)) - raft.server.log.statemachine.data.sync = true (default)
2019-06-13 05:15:27,156 INFO  server.RaftServerConfigKeys (ConfUtils.java:logGet(43)) - raft.server.log.statemachine.data.sync.timeout = 10s (default)
2019-06-13 05:15:27,156 INFO  server.RaftServerConfigKeys (ConfUtils.java:logGet(43)) - raft.server.log.statemachine.data.sync.timeout.retry = -1 (default)
2019-06-13 05:15:27,156 INFO  server.RaftServerConfigKeys (ConfUtils.java:logGet(43)) - raft.server.log.statemachine.data.caching.enabled = true (custom)
2019-06-13 05:15:27,157 INFO  server.RaftServerConfigKeys (ConfUtils.java:logGet(43)) - raft.server.snapshot.auto.trigger.enabled = true (custom)
2019-06-13 05:15:27,157 INFO  server.RaftServerConfigKeys (ConfUtils.java:logGet(43)) - raft.server.snapshot.auto.trigger.threshold = 10000 (custom)
2019-06-13 05:15:27,158 INFO  server.RaftServerConfigKeys (ConfUtils.java:logGet(43)) - raft.server.retrycache.expirytime = 600000ms (custom)
2019-06-13 05:15:27,158 INFO  impl.RaftServerImpl (RaftServerImpl.java:start(173)) - ce0196a0-a05f-4c14-8a03-bc5e121712dd: start group-A4C4EA0FB9AE
2019-06-13 05:15:27,158 INFO  impl.RaftServerImpl (RaftServerImpl.java:setRole(164)) - ce0196a0-a05f-4c14-8a03-bc5e121712dd:group-A4C4EA0FB9AE changes role from null to FOLLOWER at term 0 for startAsFollower
2019-06-13 05:15:27,158 INFO  impl.RoleInfo (RoleInfo.java:updateAndGet(143)) - ce0196a0-a05f-4c14-8a03-bc5e121712dd: start FollowerState
2019-06-13 05:15:27,158 INFO  util.JmxRegister (JmxRegister.java:tryRegister(44)) - Successfully registered JMX Bean with object name Ratis:service=RaftServer,group=group-A4C4EA0FB9AE,id=ce0196a0-a05f-4c14-8a03-bc5e121712dd
2019-06-13 05:15:27,165 INFO  pipeline.PipelineStateManager (PipelineStateManager.java:addPipeline(56)) - Created pipeline Pipeline[ Id: ea12f509-af32-4f6a-9a8f-a4c4ea0fb9ae, Nodes: ce0196a0-a05f-4c14-8a03-bc5e121712dd{ip: 192.168.19.45, host: ozone-w6gkr-1366096734, networkLocation: /default-rack, certSerialId: null}, Type:RATIS, Factor:ONE, State:OPEN]
2019-06-13 05:15:27,183 INFO  impl.RaftServerProxy (RaftServerProxy.java:addNew(89)) - ce0196a0-a05f-4c14-8a03-bc5e121712dd: addNew group-6DA7E0C1286F:[3fe1eb05-73e2-4bdc-a4a8-8d1d8bc3da7f:192.168.19.45:41277, ce0196a0-a05f-4c14-8a03-bc5e121712dd:192.168.19.45:44419, 7f4f218f-e685-47c5-8795-eb8630bfd282:192.168.19.45:46157] returns group-6DA7E0C1286F:java.util.concurrent.CompletableFuture@42da19a6[Not completed]
2019-06-13 05:15:27,184 INFO  impl.RaftServerImpl (RaftServerImpl.java:<init>(91)) - ce0196a0-a05f-4c14-8a03-bc5e121712dd: new RaftServerImpl for group-6DA7E0C1286F:[3fe1eb05-73e2-4bdc-a4a8-8d1d8bc3da7f:192.168.19.45:41277, ce0196a0-a05f-4c14-8a03-bc5e121712dd:192.168.19.45:44419, 7f4f218f-e685-47c5-8795-eb8630bfd282:192.168.19.45:46157] with ContainerStateMachine:uninitialized
2019-06-13 05:15:27,184 INFO  impl.RaftServerProxy (RaftServerProxy.java:addNew(89)) - 7f4f218f-e685-47c5-8795-eb8630bfd282: addNew group-6DA7E0C1286F:[3fe1eb05-73e2-4bdc-a4a8-8d1d8bc3da7f:192.168.19.45:41277, ce0196a0-a05f-4c14-8a03-bc5e121712dd:192.168.19.45:44419, 7f4f218f-e685-47c5-8795-eb8630bfd282:192.168.19.45:46157] returns group-6DA7E0C1286F:java.util.concurrent.CompletableFuture@69fa8827[Not completed]
2019-06-13 05:15:27,185 INFO  impl.RaftServerProxy (RaftServerProxy.java:addNew(89)) - 3fe1eb05-73e2-4bdc-a4a8-8d1d8bc3da7f: addNew group-6DA7E0C1286F:[3fe1eb05-73e2-4bdc-a4a8-8d1d8bc3da7f:192.168.19.45:41277, ce0196a0-a05f-4c14-8a03-bc5e121712dd:192.168.19.45:44419, 7f4f218f-e685-47c5-8795-eb8630bfd282:192.168.19.45:46157] returns group-6DA7E0C1286F:java.util.concurrent.CompletableFuture@706fd8ed[Not completed]
2019-06-13 05:15:27,186 INFO  impl.RaftServerImpl (RaftServerImpl.java:<init>(91)) - 3fe1eb05-73e2-4bdc-a4a8-8d1d8bc3da7f: new RaftServerImpl for group-6DA7E0C1286F:[3fe1eb05-73e2-4bdc-a4a8-8d1d8bc3da7f:192.168.19.45:41277, ce0196a0-a05f-4c14-8a03-bc5e121712dd:192.168.19.45:44419, 7f4f218f-e685-47c5-8795-eb8630bfd282:192.168.19.45:46157] with ContainerStateMachine:uninitialized
2019-06-13 05:15:27,186 INFO  server.RaftServerConfigKeys (ConfUtils.java:logGet(43)) - raft.server.rpc.timeout.min = 1s (custom)
2019-06-13 05:15:27,186 INFO  server.RaftServerConfigKeys (ConfUtils.java:logGet(43)) - raft.server.rpc.timeout.max = 1200ms (custom)
2019-06-13 05:15:27,186 INFO  server.RaftServerConfigKeys (ConfUtils.java:logGet(43)) - raft.server.rpcslowness.timeout = 10s (custom)
2019-06-13 05:15:27,186 INFO  server.RaftServerConfigKeys (ConfUtils.java:logGet(43)) - raft.server.log.appender.install.snapshot.enabled = true (default)
2019-06-13 05:15:27,186 INFO  impl.RaftServerImpl (ServerState.java:<init>(101)) - 3fe1eb05-73e2-4bdc-a4a8-8d1d8bc3da7f:group-6DA7E0C1286F ConfigurationManager, init=-1: [3fe1eb05-73e2-4bdc-a4a8-8d1d8bc3da7f:192.168.19.45:41277, ce0196a0-a05f-4c14-8a03-bc5e121712dd:192.168.19.45:44419, 7f4f218f-e685-47c5-8795-eb8630bfd282:192.168.19.45:46157], old=null, confs=<EMPTY_MAP>
2019-06-13 05:15:27,186 INFO  server.RaftServerConfigKeys (ConfUtils.java:logGet(43)) - raft.server.storage.dir = [/opt/src/hadoop-ozone/integration-test/target/test-dir/MiniOzoneClusterImpl-1ee6e7b8-1322-42d1-bb34-dbc7f5c5a2fb/datanode-4/data/ratis] (custom)
2019-06-13 05:15:27,187 INFO  storage.RaftStorageDirectory (RaftStorageDirectory.java:analyzeStorage(246)) - The storage directory /opt/src/hadoop-ozone/integration-test/target/test-dir/MiniOzoneClusterImpl-1ee6e7b8-1322-42d1-bb34-dbc7f5c5a2fb/datanode-4/data/ratis/ce8cdbfd-ad31-4c73-94d5-6da7e0c1286f does not exist. Creating ...
2019-06-13 05:15:27,184 INFO  server.RaftServerConfigKeys (ConfUtils.java:logGet(43)) - raft.server.rpc.timeout.min = 1s (custom)
2019-06-13 05:15:27,185 INFO  impl.RaftServerImpl (RaftServerImpl.java:<init>(91)) - 7f4f218f-e685-47c5-8795-eb8630bfd282: new RaftServerImpl for group-6DA7E0C1286F:[3fe1eb05-73e2-4bdc-a4a8-8d1d8bc3da7f:192.168.19.45:41277, ce0196a0-a05f-4c14-8a03-bc5e121712dd:192.168.19.45:44419, 7f4f218f-e685-47c5-8795-eb8630bfd282:192.168.19.45:46157] with ContainerStateMachine:uninitialized
2019-06-13 05:15:27,187 INFO  server.RaftServerConfigKeys (ConfUtils.java:logGet(43)) - raft.server.rpc.timeout.max = 1200ms (custom)
2019-06-13 05:15:27,187 INFO  server.RaftServerConfigKeys (ConfUtils.java:logGet(43)) - raft.server.rpc.timeout.min = 1s (custom)
2019-06-13 05:15:27,187 INFO  server.RaftServerConfigKeys (ConfUtils.java:logGet(43)) - raft.server.rpcslowness.timeout = 10s (custom)
2019-06-13 05:15:27,188 INFO  server.RaftServerConfigKeys (ConfUtils.java:logGet(43)) - raft.server.rpc.timeout.max = 1200ms (custom)
2019-06-13 05:15:27,188 INFO  server.RaftServerConfigKeys (ConfUtils.java:logGet(43)) - raft.server.log.appender.install.snapshot.enabled = true (default)
2019-06-13 05:15:27,188 INFO  server.RaftServerConfigKeys (ConfUtils.java:logGet(43)) - raft.server.rpcslowness.timeout = 10s (custom)
2019-06-13 05:15:27,188 INFO  impl.RaftServerImpl (ServerState.java:<init>(101)) - ce0196a0-a05f-4c14-8a03-bc5e121712dd:group-6DA7E0C1286F ConfigurationManager, init=-1: [3fe1eb05-73e2-4bdc-a4a8-8d1d8bc3da7f:192.168.19.45:41277, ce0196a0-a05f-4c14-8a03-bc5e121712dd:192.168.19.45:44419, 7f4f218f-e685-47c5-8795-eb8630bfd282:192.168.19.45:46157], old=null, confs=<EMPTY_MAP>
2019-06-13 05:15:27,188 INFO  server.RaftServerConfigKeys (ConfUtils.java:logGet(43)) - raft.server.log.appender.install.snapshot.enabled = true (default)
2019-06-13 05:15:27,188 INFO  server.RaftServerConfigKeys (ConfUtils.java:logGet(43)) - raft.server.storage.dir = [/opt/src/hadoop-ozone/integration-test/target/test-dir/MiniOzoneClusterImpl-1ee6e7b8-1322-42d1-bb34-dbc7f5c5a2fb/datanode-5/data/ratis] (custom)
2019-06-13 05:15:27,188 INFO  impl.RaftServerImpl (ServerState.java:<init>(101)) - 7f4f218f-e685-47c5-8795-eb8630bfd282:group-6DA7E0C1286F ConfigurationManager, init=-1: [3fe1eb05-73e2-4bdc-a4a8-8d1d8bc3da7f:192.168.19.45:41277, ce0196a0-a05f-4c14-8a03-bc5e121712dd:192.168.19.45:44419, 7f4f218f-e685-47c5-8795-eb8630bfd282:192.168.19.45:46157], old=null, confs=<EMPTY_MAP>
2019-06-13 05:15:27,188 INFO  server.RaftServerConfigKeys (ConfUtils.java:logGet(43)) - raft.server.storage.dir = [/opt/src/hadoop-ozone/integration-test/target/test-dir/MiniOzoneClusterImpl-1ee6e7b8-1322-42d1-bb34-dbc7f5c5a2fb/datanode-3/data/ratis] (custom)
2019-06-13 05:15:27,188 INFO  storage.RaftStorageDirectory (RaftStorageDirectory.java:analyzeStorage(246)) - The storage directory /opt/src/hadoop-ozone/integration-test/target/test-dir/MiniOzoneClusterImpl-1ee6e7b8-1322-42d1-bb34-dbc7f5c5a2fb/datanode-5/data/ratis/ce8cdbfd-ad31-4c73-94d5-6da7e0c1286f does not exist. Creating ...
2019-06-13 05:15:27,189 INFO  storage.RaftStorageDirectory (RaftStorageDirectory.java:analyzeStorage(246)) - The storage directory /opt/src/hadoop-ozone/integration-test/target/test-dir/MiniOzoneClusterImpl-1ee6e7b8-1322-42d1-bb34-dbc7f5c5a2fb/datanode-3/data/ratis/ce8cdbfd-ad31-4c73-94d5-6da7e0c1286f does not exist. Creating ...
2019-06-13 05:15:27,190 INFO  storage.RaftStorageDirectory (RaftStorageDirectory.java:tryLock(328)) - Lock on /opt/src/hadoop-ozone/integration-test/target/test-dir/MiniOzoneClusterImpl-1ee6e7b8-1322-42d1-bb34-dbc7f5c5a2fb/datanode-4/data/ratis/ce8cdbfd-ad31-4c73-94d5-6da7e0c1286f/in_use.lock acquired by nodename 10183@ozone-w6gkr-1366096734
2019-06-13 05:15:27,190 INFO  storage.RaftStorageDirectory (RaftStorageDirectory.java:tryLock(328)) - Lock on /opt/src/hadoop-ozone/integration-test/target/test-dir/MiniOzoneClusterImpl-1ee6e7b8-1322-42d1-bb34-dbc7f5c5a2fb/datanode-5/data/ratis/ce8cdbfd-ad31-4c73-94d5-6da7e0c1286f/in_use.lock acquired by nodename 10183@ozone-w6gkr-1366096734
2019-06-13 05:15:27,192 INFO  storage.RaftStorageDirectory (RaftStorageDirectory.java:tryLock(328)) - Lock on /opt/src/hadoop-ozone/integration-test/target/test-dir/MiniOzoneClusterImpl-1ee6e7b8-1322-42d1-bb34-dbc7f5c5a2fb/datanode-3/data/ratis/ce8cdbfd-ad31-4c73-94d5-6da7e0c1286f/in_use.lock acquired by nodename 10183@ozone-w6gkr-1366096734
2019-06-13 05:15:27,192 INFO  storage.RaftStorage (RaftStorage.java:format(75)) - Storage directory /opt/src/hadoop-ozone/integration-test/target/test-dir/MiniOzoneClusterImpl-1ee6e7b8-1322-42d1-bb34-dbc7f5c5a2fb/datanode-4/data/ratis/ce8cdbfd-ad31-4c73-94d5-6da7e0c1286f has been successfully formatted.
2019-06-13 05:15:27,192 INFO  ratis.ContainerStateMachine (ContainerStateMachine.java:loadSnapshot(199)) - The snapshot info is null.Setting the last applied index to:(t:0, i:~)
2019-06-13 05:15:27,192 INFO  server.RaftServerConfigKeys (ConfUtils.java:logGet(43)) - raft.server.leader.election.timeout = 10s (custom)
2019-06-13 05:15:27,192 INFO  server.RaftServerConfigKeys (ConfUtils.java:logGet(43)) - raft.server.log.use.memory = false (default)
2019-06-13 05:15:27,192 INFO  server.RaftServerConfigKeys (ConfUtils.java:logGet(43)) - raft.server.log.appender.buffer.byte-limit = 33554432 (custom)
2019-06-13 05:15:27,193 INFO  server.RaftServerConfigKeys (ConfUtils.java:logGet(43)) - raft.server.log.segment.size.max = 16384 (custom)
2019-06-13 05:15:27,193 INFO  server.RaftServerConfigKeys (ConfUtils.java:logGet(43)) - raft.server.log.segment.cache.num.max = 2 (custom)
2019-06-13 05:15:27,193 INFO  storage.RaftLogWorker (RaftLogWorker.java:<init>(123)) - new 3fe1eb05-73e2-4bdc-a4a8-8d1d8bc3da7f-RaftLogWorker for Storage Directory /opt/src/hadoop-ozone/integration-test/target/test-dir/MiniOzoneClusterImpl-1ee6e7b8-1322-42d1-bb34-dbc7f5c5a2fb/datanode-4/data/ratis/ce8cdbfd-ad31-4c73-94d5-6da7e0c1286f
2019-06-13 05:15:27,193 INFO  server.RaftServerConfigKeys (ConfUtils.java:logGet(43)) - raft.server.log.queue.byte-limit = 2147483647 (custom)
2019-06-13 05:15:27,193 INFO  server.RaftServerConfigKeys (ConfUtils.java:logGet(43)) - raft.server.log.queue.element-limit = 1024 (custom)
2019-06-13 05:15:27,193 INFO  server.RaftServerConfigKeys (ConfUtils.java:logGet(43)) - raft.server.log.segment.size.max = 16384 (custom)
2019-06-13 05:15:27,193 INFO  server.RaftServerConfigKeys (ConfUtils.java:logGet(43)) - raft.server.log.preallocated.size = 16384 (custom)
2019-06-13 05:15:27,193 INFO  server.RaftServerConfigKeys (ConfUtils.java:logGet(43)) - raft.server.log.write.buffer.size = 33554432 (custom)
2019-06-13 05:15:27,193 INFO  server.RaftServerConfigKeys (ConfUtils.java:logGet(43)) - raft.server.log.force.sync.num = 128 (default)
2019-06-13 05:15:27,194 INFO  server.RaftServerConfigKeys (ConfUtils.java:logGet(43)) - raft.server.log.statemachine.data.sync = true (default)
2019-06-13 05:15:27,194 INFO  storage.RaftStorage (RaftStorage.java:format(75)) - Storage directory /opt/src/hadoop-ozone/integration-test/target/test-dir/MiniOzoneClusterImpl-1ee6e7b8-1322-42d1-bb34-dbc7f5c5a2fb/datanode-3/data/ratis/ce8cdbfd-ad31-4c73-94d5-6da7e0c1286f has been successfully formatted.
2019-06-13 05:15:27,194 INFO  storage.RaftStorage (RaftStorage.java:format(75)) - Storage directory /opt/src/hadoop-ozone/integration-test/target/test-dir/MiniOzoneClusterImpl-1ee6e7b8-1322-42d1-bb34-dbc7f5c5a2fb/datanode-5/data/ratis/ce8cdbfd-ad31-4c73-94d5-6da7e0c1286f has been successfully formatted.
2019-06-13 05:15:27,194 INFO  ratis.ContainerStateMachine (ContainerStateMachine.java:loadSnapshot(199)) - The snapshot info is null.Setting the last applied index to:(t:0, i:~)
2019-06-13 05:15:27,194 INFO  ratis.ContainerStateMachine (ContainerStateMachine.java:loadSnapshot(199)) - The snapshot info is null.Setting the last applied index to:(t:0, i:~)
2019-06-13 05:15:27,194 INFO  server.RaftServerConfigKeys (ConfUtils.java:logGet(43)) - raft.server.log.statemachine.data.sync.timeout = 10s (default)
2019-06-13 05:15:27,194 INFO  server.RaftServerConfigKeys (ConfUtils.java:logGet(43)) - raft.server.leader.election.timeout = 10s (custom)
2019-06-13 05:15:27,194 INFO  server.RaftServerConfigKeys (ConfUtils.java:logGet(43)) - raft.server.leader.election.timeout = 10s (custom)
2019-06-13 05:15:27,194 INFO  server.RaftServerConfigKeys (ConfUtils.java:logGet(43)) - raft.server.log.use.memory = false (default)
2019-06-13 05:15:27,194 INFO  server.RaftServerConfigKeys (ConfUtils.java:logGet(43)) - raft.server.log.statemachine.data.sync.timeout.retry = -1 (default)
2019-06-13 05:15:27,194 INFO  server.RaftServerConfigKeys (ConfUtils.java:logGet(43)) - raft.server.log.appender.buffer.byte-limit = 33554432 (custom)
2019-06-13 05:15:27,194 INFO  server.RaftServerConfigKeys (ConfUtils.java:logGet(43)) - raft.server.log.use.memory = false (default)
2019-06-13 05:15:27,195 INFO  server.RaftServerConfigKeys (ConfUtils.java:logGet(43)) - raft.server.log.segment.size.max = 16384 (custom)
2019-06-13 05:15:27,195 INFO  server.RaftServerConfigKeys (ConfUtils.java:logGet(43)) - raft.server.log.statemachine.data.caching.enabled = true (custom)
2019-06-13 05:15:27,195 INFO  server.RaftServerConfigKeys (ConfUtils.java:logGet(43)) - raft.server.log.segment.cache.num.max = 2 (custom)
2019-06-13 05:15:27,195 INFO  server.RaftServerConfigKeys (ConfUtils.java:logGet(43)) - raft.server.log.appender.buffer.byte-limit = 33554432 (custom)
2019-06-13 05:15:27,195 INFO  storage.RaftLogWorker (RaftLogWorker.java:<init>(123)) - new ce0196a0-a05f-4c14-8a03-bc5e121712dd-RaftLogWorker for Storage Directory /opt/src/hadoop-ozone/integration-test/target/test-dir/MiniOzoneClusterImpl-1ee6e7b8-1322-42d1-bb34-dbc7f5c5a2fb/datanode-5/data/ratis/ce8cdbfd-ad31-4c73-94d5-6da7e0c1286f
2019-06-13 05:15:27,195 INFO  server.RaftServerConfigKeys (ConfUtils.java:logGet(43)) - raft.server.log.segment.size.max = 16384 (custom)
2019-06-13 05:15:27,195 INFO  server.RaftServerConfigKeys (ConfUtils.java:logGet(43)) - raft.server.log.queue.byte-limit = 2147483647 (custom)
2019-06-13 05:15:27,195 INFO  server.RaftServerConfigKeys (ConfUtils.java:logGet(43)) - raft.server.log.queue.element-limit = 1024 (custom)
2019-06-13 05:15:27,196 INFO  server.RaftServerConfigKeys (ConfUtils.java:logGet(43)) - raft.server.snapshot.auto.trigger.enabled = true (custom)
2019-06-13 05:15:27,196 INFO  server.RaftServerConfigKeys (ConfUtils.java:logGet(43)) - raft.server.snapshot.auto.trigger.threshold = 10000 (custom)
2019-06-13 05:15:27,196 INFO  server.RaftServerConfigKeys (ConfUtils.java:logGet(43)) - raft.server.retrycache.expirytime = 600000ms (custom)
2019-06-13 05:15:27,196 INFO  impl.RaftServerImpl (RaftServerImpl.java:start(173)) - 3fe1eb05-73e2-4bdc-a4a8-8d1d8bc3da7f: start group-6DA7E0C1286F
2019-06-13 05:15:27,196 INFO  impl.RaftServerImpl (RaftServerImpl.java:setRole(164)) - 3fe1eb05-73e2-4bdc-a4a8-8d1d8bc3da7f:group-6DA7E0C1286F changes role from null to FOLLOWER at term 0 for startAsFollower
2019-06-13 05:15:27,196 INFO  impl.RoleInfo (RoleInfo.java:updateAndGet(143)) - 3fe1eb05-73e2-4bdc-a4a8-8d1d8bc3da7f: start FollowerState
2019-06-13 05:15:27,195 INFO  server.RaftServerConfigKeys (ConfUtils.java:logGet(43)) - raft.server.log.segment.cache.num.max = 2 (custom)
2019-06-13 05:15:27,196 INFO  storage.RaftLogWorker (RaftLogWorker.java:<init>(123)) - new 7f4f218f-e685-47c5-8795-eb8630bfd282-RaftLogWorker for Storage Directory /opt/src/hadoop-ozone/integration-test/target/test-dir/MiniOzoneClusterImpl-1ee6e7b8-1322-42d1-bb34-dbc7f5c5a2fb/datanode-3/data/ratis/ce8cdbfd-ad31-4c73-94d5-6da7e0c1286f
2019-06-13 05:15:27,197 INFO  server.RaftServerConfigKeys (ConfUtils.java:logGet(43)) - raft.server.log.queue.byte-limit = 2147483647 (custom)
2019-06-13 05:15:27,197 INFO  server.RaftServerConfigKeys (ConfUtils.java:logGet(43)) - raft.server.log.queue.element-limit = 1024 (custom)
2019-06-13 05:15:27,197 INFO  server.RaftServerConfigKeys (ConfUtils.java:logGet(43)) - raft.server.log.segment.size.max = 16384 (custom)
2019-06-13 05:15:27,197 INFO  server.RaftServerConfigKeys (ConfUtils.java:logGet(43)) - raft.server.log.preallocated.size = 16384 (custom)
2019-06-13 05:15:27,197 INFO  server.RaftServerConfigKeys (ConfUtils.java:logGet(43)) - raft.server.log.write.buffer.size = 33554432 (custom)
2019-06-13 05:15:27,197 INFO  server.RaftServerConfigKeys (ConfUtils.java:logGet(43)) - raft.server.log.force.sync.num = 128 (default)
2019-06-13 05:15:27,197 INFO  server.RaftServerConfigKeys (ConfUtils.java:logGet(43)) - raft.server.log.statemachine.data.sync = true (default)
2019-06-13 05:15:27,197 INFO  server.RaftServerConfigKeys (ConfUtils.java:logGet(43)) - raft.server.log.statemachine.data.sync.timeout = 10s (default)
2019-06-13 05:15:27,197 INFO  server.RaftServerConfigKeys (ConfUtils.java:logGet(43)) - raft.server.log.statemachine.data.sync.timeout.retry = -1 (default)
2019-06-13 05:15:27,197 INFO  server.RaftServerConfigKeys (ConfUtils.java:logGet(43)) - raft.server.log.statemachine.data.caching.enabled = true (custom)
2019-06-13 05:15:27,196 INFO  server.RaftServerConfigKeys (ConfUtils.java:logGet(43)) - raft.server.log.segment.size.max = 16384 (custom)
2019-06-13 05:15:27,197 INFO  util.JmxRegister (JmxRegister.java:tryRegister(44)) - Successfully registered JMX Bean with object name Ratis:service=RaftServer,group=group-6DA7E0C1286F,id=3fe1eb05-73e2-4bdc-a4a8-8d1d8bc3da7f
2019-06-13 05:15:27,198 INFO  server.RaftServerConfigKeys (ConfUtils.java:logGet(43)) - raft.server.snapshot.auto.trigger.enabled = true (custom)
2019-06-13 05:15:27,198 INFO  server.RaftServerConfigKeys (ConfUtils.java:logGet(43)) - raft.server.snapshot.auto.trigger.threshold = 10000 (custom)
2019-06-13 05:15:27,198 INFO  server.RaftServerConfigKeys (ConfUtils.java:logGet(43)) - raft.server.log.preallocated.size = 16384 (custom)
2019-06-13 05:15:27,198 INFO  server.RaftServerConfigKeys (ConfUtils.java:logGet(43)) - raft.server.log.write.buffer.size = 33554432 (custom)
2019-06-13 05:15:27,199 INFO  server.RaftServerConfigKeys (ConfUtils.java:logGet(43)) - raft.server.log.force.sync.num = 128 (default)
2019-06-13 05:15:27,199 INFO  server.RaftServerConfigKeys (ConfUtils.java:logGet(43)) - raft.server.log.statemachine.data.sync = true (default)
2019-06-13 05:15:27,199 INFO  server.RaftServerConfigKeys (ConfUtils.java:logGet(43)) - raft.server.log.statemachine.data.sync.timeout = 10s (default)
2019-06-13 05:15:27,199 INFO  server.RaftServerConfigKeys (ConfUtils.java:logGet(43)) - raft.server.log.statemachine.data.sync.timeout.retry = -1 (default)
2019-06-13 05:15:27,199 INFO  server.RaftServerConfigKeys (ConfUtils.java:logGet(43)) - raft.server.log.statemachine.data.caching.enabled = true (custom)
2019-06-13 05:15:27,201 INFO  server.RaftServerConfigKeys (ConfUtils.java:logGet(43)) - raft.server.retrycache.expirytime = 600000ms (custom)
2019-06-13 05:15:27,202 INFO  impl.RaftServerImpl (RaftServerImpl.java:start(173)) - 7f4f218f-e685-47c5-8795-eb8630bfd282: start group-6DA7E0C1286F
2019-06-13 05:15:27,202 INFO  impl.RaftServerImpl (RaftServerImpl.java:setRole(164)) - 7f4f218f-e685-47c5-8795-eb8630bfd282:group-6DA7E0C1286F changes role from null to FOLLOWER at term 0 for startAsFollower
2019-06-13 05:15:27,202 INFO  impl.RoleInfo (RoleInfo.java:updateAndGet(143)) - 7f4f218f-e685-47c5-8795-eb8630bfd282: start FollowerState
2019-06-13 05:15:27,211 INFO  util.JmxRegister (JmxRegister.java:tryRegister(44)) - Successfully registered JMX Bean with object name Ratis:service=RaftServer,group=group-6DA7E0C1286F,id=7f4f218f-e685-47c5-8795-eb8630bfd282
2019-06-13 05:15:27,214 INFO  server.RaftServerConfigKeys (ConfUtils.java:logGet(43)) - raft.server.snapshot.auto.trigger.enabled = true (custom)
2019-06-13 05:15:27,215 INFO  server.RaftServerConfigKeys (ConfUtils.java:logGet(43)) - raft.server.snapshot.auto.trigger.threshold = 10000 (custom)
2019-06-13 05:15:27,215 INFO  server.RaftServerConfigKeys (ConfUtils.java:logGet(43)) - raft.server.retrycache.expirytime = 600000ms (custom)
2019-06-13 05:15:27,215 INFO  impl.RaftServerImpl (RaftServerImpl.java:start(173)) - ce0196a0-a05f-4c14-8a03-bc5e121712dd: start group-6DA7E0C1286F
2019-06-13 05:15:27,215 INFO  impl.RaftServerImpl (RaftServerImpl.java:setRole(164)) - ce0196a0-a05f-4c14-8a03-bc5e121712dd:group-6DA7E0C1286F changes role from null to FOLLOWER at term 0 for startAsFollower
2019-06-13 05:15:27,215 INFO  impl.RoleInfo (RoleInfo.java:updateAndGet(143)) - ce0196a0-a05f-4c14-8a03-bc5e121712dd: start FollowerState
2019-06-13 05:15:27,215 INFO  util.JmxRegister (JmxRegister.java:tryRegister(44)) - Successfully registered JMX Bean with object name Ratis:service=RaftServer,group=group-6DA7E0C1286F,id=ce0196a0-a05f-4c14-8a03-bc5e121712dd
2019-06-13 05:15:27,222 INFO  pipeline.PipelineStateManager (PipelineStateManager.java:addPipeline(56)) - Created pipeline Pipeline[ Id: ce8cdbfd-ad31-4c73-94d5-6da7e0c1286f, Nodes: 3fe1eb05-73e2-4bdc-a4a8-8d1d8bc3da7f{ip: 192.168.19.45, host: ozone-w6gkr-1366096734, networkLocation: /default-rack, certSerialId: null}ce0196a0-a05f-4c14-8a03-bc5e121712dd{ip: 192.168.19.45, host: ozone-w6gkr-1366096734, networkLocation: /default-rack, certSerialId: null}7f4f218f-e685-47c5-8795-eb8630bfd282{ip: 192.168.19.45, host: ozone-w6gkr-1366096734, networkLocation: /default-rack, certSerialId: null}, Type:RATIS, Factor:THREE, State:OPEN]
2019-06-13 05:15:27,539 INFO  impl.FollowerState (FollowerState.java:run(101)) - bfcd9241-55f6-4043-a600-fe989d9d8f1e:group-C1AC009D0CCF changes to CANDIDATE, lastRpcTime:1096, electionTimeout:1096ms
2019-06-13 05:15:27,539 INFO  impl.RoleInfo (RoleInfo.java:shutdownFollowerState(121)) - bfcd9241-55f6-4043-a600-fe989d9d8f1e: shutdown FollowerState
2019-06-13 05:15:27,539 INFO  impl.RaftServerImpl (RaftServerImpl.java:setRole(164)) - bfcd9241-55f6-4043-a600-fe989d9d8f1e:group-C1AC009D0CCF changes role from FOLLOWER to CANDIDATE at term 0 for changeToCandidate
2019-06-13 05:15:27,541 INFO  impl.RoleInfo (RoleInfo.java:updateAndGet(143)) - bfcd9241-55f6-4043-a600-fe989d9d8f1e: start LeaderElection
2019-06-13 05:15:27,543 INFO  impl.FollowerState (FollowerState.java:run(101)) - 3cff37cb-4d06-4b11-82a0-d38d321d02fb:group-9D4AC95D8FFB changes to CANDIDATE, lastRpcTime:1023, electionTimeout:1022ms
2019-06-13 05:15:27,546 INFO  impl.RoleInfo (RoleInfo.java:shutdownFollowerState(121)) - 3cff37cb-4d06-4b11-82a0-d38d321d02fb: shutdown FollowerState
2019-06-13 05:15:27,546 INFO  impl.RaftServerImpl (RaftServerImpl.java:setRole(164)) - 3cff37cb-4d06-4b11-82a0-d38d321d02fb:group-9D4AC95D8FFB changes role from FOLLOWER to CANDIDATE at term 0 for changeToCandidate
2019-06-13 05:15:27,547 INFO  impl.RoleInfo (RoleInfo.java:updateAndGet(143)) - 3cff37cb-4d06-4b11-82a0-d38d321d02fb: start LeaderElection
2019-06-13 05:15:27,551 INFO  impl.LeaderElection (LeaderElection.java:askForVotes(181)) - bfcd9241-55f6-4043-a600-fe989d9d8f1e:group-C1AC009D0CCF:LeaderElection1: begin an election at term 1 for -1: [bfcd9241-55f6-4043-a600-fe989d9d8f1e:192.168.19.45:37565], old=null
2019-06-13 05:15:27,551 INFO  impl.LeaderElection (LeaderElection.java:askForVotes(181)) - 3cff37cb-4d06-4b11-82a0-d38d321d02fb:group-9D4AC95D8FFB:LeaderElection2: begin an election at term 1 for -1: [3cff37cb-4d06-4b11-82a0-d38d321d02fb:192.168.19.45:39135], old=null
2019-06-13 05:15:27,554 INFO  impl.RoleInfo (RoleInfo.java:shutdownLeaderElection(134)) - 3cff37cb-4d06-4b11-82a0-d38d321d02fb: shutdown LeaderElection
2019-06-13 05:15:27,554 INFO  impl.RoleInfo (RoleInfo.java:shutdownLeaderElection(134)) - bfcd9241-55f6-4043-a600-fe989d9d8f1e: shutdown LeaderElection
2019-06-13 05:15:27,555 INFO  impl.RaftServerImpl (RaftServerImpl.java:setRole(164)) - 3cff37cb-4d06-4b11-82a0-d38d321d02fb:group-9D4AC95D8FFB changes role from CANDIDATE to LEADER at term 1 for changeToLeader
2019-06-13 05:15:27,555 INFO  impl.RaftServerImpl (RaftServerImpl.java:setRole(164)) - bfcd9241-55f6-4043-a600-fe989d9d8f1e:group-C1AC009D0CCF changes role from CANDIDATE to LEADER at term 1 for changeToLeader
2019-06-13 05:15:27,555 INFO  impl.RaftServerImpl (ServerState.java:setLeader(263)) - bfcd9241-55f6-4043-a600-fe989d9d8f1e:group-C1AC009D0CCF change Leader from null to bfcd9241-55f6-4043-a600-fe989d9d8f1e at term 1 for becomeLeader, leader elected after 1276ms
2019-06-13 05:15:27,555 INFO  impl.RaftServerImpl (ServerState.java:setLeader(263)) - 3cff37cb-4d06-4b11-82a0-d38d321d02fb:group-9D4AC95D8FFB change Leader from null to 3cff37cb-4d06-4b11-82a0-d38d321d02fb at term 1 for becomeLeader, leader elected after 1039ms
2019-06-13 05:15:27,559 INFO  server.RaftServerConfigKeys (ConfUtils.java:logGet(43)) - raft.server.staging.catchup.gap = 1000 (default)
2019-06-13 05:15:27,560 INFO  server.RaftServerConfigKeys (ConfUtils.java:logGet(43)) - raft.server.staging.catchup.gap = 1000 (default)
2019-06-13 05:15:27,560 INFO  server.RaftServerConfigKeys (ConfUtils.java:logGet(43)) - raft.server.rpc.sleep.time = 25ms (default)
2019-06-13 05:15:27,560 INFO  server.RaftServerConfigKeys (ConfUtils.java:logGet(43)) - raft.server.rpc.sleep.time = 25ms (default)
2019-06-13 05:15:27,564 INFO  server.RaftServerConfigKeys (ConfUtils.java:logGet(43)) - raft.server.watch.timeout = 10s (default)
2019-06-13 05:15:27,564 INFO  server.RaftServerConfigKeys (ConfUtils.java:logGet(43)) - raft.server.watch.timeout = 10s (default)
2019-06-13 05:15:27,564 INFO  server.RaftServerConfigKeys (ConfUtils.java:logGet(43)) - raft.server.watch.timeout.denomination = 1s (default)
2019-06-13 05:15:27,564 INFO  server.RaftServerConfigKeys (ConfUtils.java:logGet(43)) - raft.server.watch.timeout.denomination = 1s (default)
2019-06-13 05:15:27,571 INFO  impl.RoleInfo (RoleInfo.java:updateAndGet(143)) - 3cff37cb-4d06-4b11-82a0-d38d321d02fb: start LeaderState
2019-06-13 05:15:27,571 INFO  impl.RoleInfo (RoleInfo.java:updateAndGet(143)) - bfcd9241-55f6-4043-a600-fe989d9d8f1e: start LeaderState
2019-06-13 05:15:27,587 INFO  storage.RaftLogWorker (RaftLogWorker.java:startLogSegment(298)) - 3cff37cb-4d06-4b11-82a0-d38d321d02fb-RaftLogWorker: Starting segment from index:0
2019-06-13 05:15:27,587 INFO  storage.RaftLogWorker (RaftLogWorker.java:startLogSegment(298)) - bfcd9241-55f6-4043-a600-fe989d9d8f1e-RaftLogWorker: Starting segment from index:0
2019-06-13 05:15:27,604 INFO  impl.RaftServerImpl (ServerState.java:setRaftConf(361)) - 3cff37cb-4d06-4b11-82a0-d38d321d02fb:group-9D4AC95D8FFB set configuration 0: [3cff37cb-4d06-4b11-82a0-d38d321d02fb:192.168.19.45:39135], old=null at 0
2019-06-13 05:15:27,610 INFO  impl.RaftServerImpl (ServerState.java:setRaftConf(361)) - bfcd9241-55f6-4043-a600-fe989d9d8f1e:group-C1AC009D0CCF set configuration 0: [bfcd9241-55f6-4043-a600-fe989d9d8f1e:192.168.19.45:37565], old=null at 0
2019-06-13 05:15:27,613 INFO  impl.FollowerState (FollowerState.java:run(101)) - 3df41bb4-6e3a-4f74-90f7-53dcff65844b:group-0C658D00F6F2 changes to CANDIDATE, lastRpcTime:1024, electionTimeout:1024ms
2019-06-13 05:15:27,613 INFO  impl.RoleInfo (RoleInfo.java:shutdownFollowerState(121)) - 3df41bb4-6e3a-4f74-90f7-53dcff65844b: shutdown FollowerState
2019-06-13 05:15:27,613 INFO  impl.RaftServerImpl (RaftServerImpl.java:setRole(164)) - 3df41bb4-6e3a-4f74-90f7-53dcff65844b:group-0C658D00F6F2 changes role from FOLLOWER to CANDIDATE at term 0 for changeToCandidate
2019-06-13 05:15:27,613 INFO  impl.RoleInfo (RoleInfo.java:updateAndGet(143)) - 3df41bb4-6e3a-4f74-90f7-53dcff65844b: start LeaderElection
2019-06-13 05:15:27,620 INFO  impl.LeaderElection (LeaderElection.java:askForVotes(181)) - 3df41bb4-6e3a-4f74-90f7-53dcff65844b:group-0C658D00F6F2:LeaderElection3: begin an election at term 1 for -1: [3df41bb4-6e3a-4f74-90f7-53dcff65844b:192.168.19.45:41071], old=null
2019-06-13 05:15:27,620 INFO  impl.RoleInfo (RoleInfo.java:shutdownLeaderElection(134)) - 3df41bb4-6e3a-4f74-90f7-53dcff65844b: shutdown LeaderElection
2019-06-13 05:15:27,620 INFO  impl.RaftServerImpl (RaftServerImpl.java:setRole(164)) - 3df41bb4-6e3a-4f74-90f7-53dcff65844b:group-0C658D00F6F2 changes role from CANDIDATE to LEADER at term 1 for changeToLeader
2019-06-13 05:15:27,621 INFO  impl.RaftServerImpl (ServerState.java:setLeader(263)) - 3df41bb4-6e3a-4f74-90f7-53dcff65844b:group-0C658D00F6F2 change Leader from null to 3df41bb4-6e3a-4f74-90f7-53dcff65844b at term 1 for becomeLeader, leader elected after 1035ms
2019-06-13 05:15:27,621 INFO  server.RaftServerConfigKeys (ConfUtils.java:logGet(43)) - raft.server.staging.catchup.gap = 1000 (default)
2019-06-13 05:15:27,622 INFO  server.RaftServerConfigKeys (ConfUtils.java:logGet(43)) - raft.server.rpc.sleep.time = 25ms (default)
2019-06-13 05:15:27,622 INFO  server.RaftServerConfigKeys (ConfUtils.java:logGet(43)) - raft.server.watch.timeout = 10s (default)
2019-06-13 05:15:27,622 INFO  server.RaftServerConfigKeys (ConfUtils.java:logGet(43)) - raft.server.watch.timeout.denomination = 1s (default)
2019-06-13 05:15:27,622 INFO  impl.RoleInfo (RoleInfo.java:updateAndGet(143)) - 3df41bb4-6e3a-4f74-90f7-53dcff65844b: start LeaderState
2019-06-13 05:15:27,622 INFO  storage.RaftLogWorker (RaftLogWorker.java:startLogSegment(298)) - 3df41bb4-6e3a-4f74-90f7-53dcff65844b-RaftLogWorker: Starting segment from index:0
2019-06-13 05:15:27,625 INFO  impl.RaftServerImpl (ServerState.java:setRaftConf(361)) - 3df41bb4-6e3a-4f74-90f7-53dcff65844b:group-0C658D00F6F2 set configuration 0: [3df41bb4-6e3a-4f74-90f7-53dcff65844b:192.168.19.45:41071], old=null at 0
2019-06-13 05:15:27,679 INFO  impl.FollowerState (FollowerState.java:run(101)) - 3df41bb4-6e3a-4f74-90f7-53dcff65844b:group-8F9A12B65118 changes to CANDIDATE, lastRpcTime:1013, electionTimeout:1013ms
2019-06-13 05:15:27,679 INFO  impl.RoleInfo (RoleInfo.java:shutdownFollowerState(121)) - 3df41bb4-6e3a-4f74-90f7-53dcff65844b: shutdown FollowerState
2019-06-13 05:15:27,679 INFO  impl.RaftServerImpl (RaftServerImpl.java:setRole(164)) - 3df41bb4-6e3a-4f74-90f7-53dcff65844b:group-8F9A12B65118 changes role from FOLLOWER to CANDIDATE at term 0 for changeToCandidate
2019-06-13 05:15:27,679 INFO  impl.RoleInfo (RoleInfo.java:updateAndGet(143)) - 3df41bb4-6e3a-4f74-90f7-53dcff65844b: start LeaderElection
2019-06-13 05:15:27,686 INFO  impl.LeaderElection (LeaderElection.java:askForVotes(181)) - 3df41bb4-6e3a-4f74-90f7-53dcff65844b:group-8F9A12B65118:LeaderElection4: begin an election at term 1 for -1: [3df41bb4-6e3a-4f74-90f7-53dcff65844b:192.168.19.45:41071, 3cff37cb-4d06-4b11-82a0-d38d321d02fb:192.168.19.45:39135, bfcd9241-55f6-4043-a600-fe989d9d8f1e:192.168.19.45:37565], old=null
2019-06-13 05:15:27,725 INFO  impl.RaftServerImpl (RaftServerImpl.java:setRole(164)) - bfcd9241-55f6-4043-a600-fe989d9d8f1e:group-8F9A12B65118 changes role from FOLLOWER to FOLLOWER at term 1 for recognizeCandidate:3df41bb4-6e3a-4f74-90f7-53dcff65844b
2019-06-13 05:15:27,725 INFO  impl.RoleInfo (RoleInfo.java:shutdownFollowerState(121)) - bfcd9241-55f6-4043-a600-fe989d9d8f1e: shutdown FollowerState
2019-06-13 05:15:27,725 INFO  impl.RoleInfo (RoleInfo.java:updateAndGet(143)) - bfcd9241-55f6-4043-a600-fe989d9d8f1e: start FollowerState
2019-06-13 05:15:27,725 INFO  impl.FollowerState (FollowerState.java:run(109)) - bfcd9241-55f6-4043-a600-fe989d9d8f1e: FollowerState was interrupted: java.lang.InterruptedException: sleep interrupted
2019-06-13 05:15:27,730 INFO  impl.RaftServerImpl (RaftServerImpl.java:setRole(164)) - 3cff37cb-4d06-4b11-82a0-d38d321d02fb:group-8F9A12B65118 changes role from FOLLOWER to FOLLOWER at term 1 for recognizeCandidate:3df41bb4-6e3a-4f74-90f7-53dcff65844b
2019-06-13 05:15:27,731 INFO  impl.RoleInfo (RoleInfo.java:shutdownFollowerState(121)) - 3cff37cb-4d06-4b11-82a0-d38d321d02fb: shutdown FollowerState
2019-06-13 05:15:27,731 INFO  impl.FollowerState (FollowerState.java:run(109)) - 3cff37cb-4d06-4b11-82a0-d38d321d02fb: FollowerState was interrupted: java.lang.InterruptedException: sleep interrupted
2019-06-13 05:15:27,731 INFO  impl.RoleInfo (RoleInfo.java:updateAndGet(143)) - 3cff37cb-4d06-4b11-82a0-d38d321d02fb: start FollowerState
2019-06-13 05:15:27,743 INFO  impl.LeaderElection (LeaderElection.java:logAndReturn(56)) - 3df41bb4-6e3a-4f74-90f7-53dcff65844b:group-8F9A12B65118:LeaderElection4: Election PASSED; received 1 response(s) [3df41bb4-6e3a-4f74-90f7-53dcff65844b->3cff37cb-4d06-4b11-82a0-d38d321d02fb,true-t1] and 0 exception(s); 3df41bb4-6e3a-4f74-90f7-53dcff65844b:t1, leader=null, voted=3df41bb4-6e3a-4f74-90f7-53dcff65844b, raftlog=3df41bb4-6e3a-4f74-90f7-53dcff65844b-SegmentedRaftLog:OPENED:c-1,f-1,i0, conf=-1: [3df41bb4-6e3a-4f74-90f7-53dcff65844b:192.168.19.45:41071, 3cff37cb-4d06-4b11-82a0-d38d321d02fb:192.168.19.45:39135, bfcd9241-55f6-4043-a600-fe989d9d8f1e:192.168.19.45:37565], old=null
2019-06-13 05:15:27,744 INFO  impl.RoleInfo (RoleInfo.java:shutdownLeaderElection(134)) - 3df41bb4-6e3a-4f74-90f7-53dcff65844b: shutdown LeaderElection
2019-06-13 05:15:27,744 INFO  impl.RaftServerImpl (RaftServerImpl.java:setRole(164)) - 3df41bb4-6e3a-4f74-90f7-53dcff65844b:group-8F9A12B65118 changes role from CANDIDATE to LEADER at term 1 for changeToLeader
2019-06-13 05:15:27,744 INFO  impl.RaftServerImpl (ServerState.java:setLeader(263)) - 3df41bb4-6e3a-4f74-90f7-53dcff65844b:group-8F9A12B65118 change Leader from null to 3df41bb4-6e3a-4f74-90f7-53dcff65844b at term 1 for becomeLeader, leader elected after 1087ms
2019-06-13 05:15:27,744 INFO  server.RaftServerConfigKeys (ConfUtils.java:logGet(43)) - raft.server.staging.catchup.gap = 1000 (default)
2019-06-13 05:15:27,745 INFO  server.RaftServerConfigKeys (ConfUtils.java:logGet(43)) - raft.server.rpc.sleep.time = 25ms (default)
2019-06-13 05:15:27,749 INFO  server.RaftServerConfigKeys (ConfUtils.java:logGet(43)) - raft.server.watch.timeout = 10s (default)
2019-06-13 05:15:27,749 INFO  server.RaftServerConfigKeys (ConfUtils.java:logGet(43)) - raft.server.watch.timeout.denomination = 1s (default)
2019-06-13 05:15:27,752 INFO  server.RaftServerConfigKeys (ConfUtils.java:logGet(43)) - raft.server.log.appender.snapshot.chunk.size.max = 16MB (=16777216) (default)
2019-06-13 05:15:27,752 INFO  server.RaftServerConfigKeys (ConfUtils.java:logGet(43)) - raft.server.log.appender.buffer.byte-limit = 33554432 (custom)
2019-06-13 05:15:27,752 INFO  server.RaftServerConfigKeys (ConfUtils.java:logGet(43)) - raft.server.log.appender.buffer.element-limit = 1 (custom)
2019-06-13 05:15:27,754 INFO  grpc.GrpcConfigKeys$Server (ConfUtils.java:logGet(43)) - raft.grpc.server.leader.outstanding.appends.max = 128 (default)
2019-06-13 05:15:27,754 INFO  server.RaftServerConfigKeys (ConfUtils.java:logGet(43)) - raft.server.rpc.request.timeout = 3000ms (default)
2019-06-13 05:15:27,754 INFO  server.RaftServerConfigKeys (ConfUtils.java:logGet(43)) - raft.server.log.appender.install.snapshot.enabled = true (default)
2019-06-13 05:15:27,754 INFO  server.RaftServerConfigKeys (ConfUtils.java:logGet(43)) - raft.server.log.appender.snapshot.chunk.size.max = 16MB (=16777216) (default)
2019-06-13 05:15:27,754 INFO  server.RaftServerConfigKeys (ConfUtils.java:logGet(43)) - raft.server.log.appender.buffer.byte-limit = 33554432 (custom)
2019-06-13 05:15:27,754 INFO  server.RaftServerConfigKeys (ConfUtils.java:logGet(43)) - raft.server.log.appender.buffer.element-limit = 1 (custom)
2019-06-13 05:15:27,755 INFO  grpc.GrpcConfigKeys$Server (ConfUtils.java:logGet(43)) - raft.grpc.server.leader.outstanding.appends.max = 128 (default)
2019-06-13 05:15:27,755 INFO  server.RaftServerConfigKeys (ConfUtils.java:logGet(43)) - raft.server.rpc.request.timeout = 3000ms (default)
2019-06-13 05:15:27,755 INFO  server.RaftServerConfigKeys (ConfUtils.java:logGet(43)) - raft.server.log.appender.install.snapshot.enabled = true (default)
2019-06-13 05:15:27,755 INFO  impl.RoleInfo (RoleInfo.java:updateAndGet(143)) - 3df41bb4-6e3a-4f74-90f7-53dcff65844b: start LeaderState
2019-06-13 05:15:27,755 INFO  storage.RaftLogWorker (RaftLogWorker.java:startLogSegment(298)) - 3df41bb4-6e3a-4f74-90f7-53dcff65844b-RaftLogWorker: Starting segment from index:0
2019-06-13 05:15:27,757 INFO  impl.RaftServerImpl (ServerState.java:setRaftConf(361)) - 3df41bb4-6e3a-4f74-90f7-53dcff65844b:group-8F9A12B65118 set configuration 0: [3df41bb4-6e3a-4f74-90f7-53dcff65844b:192.168.19.45:41071, 3cff37cb-4d06-4b11-82a0-d38d321d02fb:192.168.19.45:39135, bfcd9241-55f6-4043-a600-fe989d9d8f1e:192.168.19.45:37565], old=null at 0
2019-06-13 05:15:27,799 INFO  impl.RaftServerImpl (ServerState.java:setLeader(263)) - bfcd9241-55f6-4043-a600-fe989d9d8f1e:group-8F9A12B65118 change Leader from null to 3df41bb4-6e3a-4f74-90f7-53dcff65844b at term 1 for appendEntries, leader elected after 1147ms
2019-06-13 05:15:27,820 INFO  impl.RaftServerImpl (ServerState.java:setLeader(263)) - 3cff37cb-4d06-4b11-82a0-d38d321d02fb:group-8F9A12B65118 change Leader from null to 3df41bb4-6e3a-4f74-90f7-53dcff65844b at term 1 for appendEntries, leader elected after 1171ms
2019-06-13 05:15:27,859 INFO  impl.FollowerState (FollowerState.java:run(101)) - 7f4f218f-e685-47c5-8795-eb8630bfd282:group-767B4043275C changes to CANDIDATE, lastRpcTime:1151, electionTimeout:1150ms
2019-06-13 05:15:27,860 INFO  impl.RoleInfo (RoleInfo.java:shutdownFollowerState(121)) - 7f4f218f-e685-47c5-8795-eb8630bfd282: shutdown FollowerState
2019-06-13 05:15:27,860 INFO  impl.RaftServerImpl (RaftServerImpl.java:setRole(164)) - 7f4f218f-e685-47c5-8795-eb8630bfd282:group-767B4043275C changes role from FOLLOWER to CANDIDATE at term 0 for changeToCandidate
2019-06-13 05:15:27,860 INFO  impl.RoleInfo (RoleInfo.java:updateAndGet(143)) - 7f4f218f-e685-47c5-8795-eb8630bfd282: start LeaderElection
2019-06-13 05:15:27,865 INFO  storage.RaftLogWorker (RaftLogWorker.java:execute(469)) - 3df41bb4-6e3a-4f74-90f7-53dcff65844b-RaftLogWorker: created new log segment /opt/src/hadoop-ozone/integration-test/target/test-dir/MiniOzoneClusterImpl-1ee6e7b8-1322-42d1-bb34-dbc7f5c5a2fb/datanode-1/data/ratis/a0fd8d75-fee4-4b2e-a42d-8f9a12b65118/current/log_inprogress_0
2019-06-13 05:15:27,889 INFO  storage.RaftLogWorker (RaftLogWorker.java:execute(469)) - 3cff37cb-4d06-4b11-82a0-d38d321d02fb-RaftLogWorker: created new log segment /opt/src/hadoop-ozone/integration-test/target/test-dir/MiniOzoneClusterImpl-1ee6e7b8-1322-42d1-bb34-dbc7f5c5a2fb/datanode-2/data/ratis/1ee45336-0c2a-47ec-91e5-9d4ac95d8ffb/current/log_inprogress_0
2019-06-13 05:15:27,889 INFO  storage.RaftLogWorker (RaftLogWorker.java:execute(469)) - bfcd9241-55f6-4043-a600-fe989d9d8f1e-RaftLogWorker: created new log segment /opt/src/hadoop-ozone/integration-test/target/test-dir/MiniOzoneClusterImpl-1ee6e7b8-1322-42d1-bb34-dbc7f5c5a2fb/datanode-0/data/ratis/8811b0c4-0b84-4762-8ae9-c1ac009d0ccf/current/log_inprogress_0
2019-06-13 05:15:27,896 INFO  storage.RaftLogWorker (RaftLogWorker.java:execute(469)) - 3df41bb4-6e3a-4f74-90f7-53dcff65844b-RaftLogWorker: created new log segment /opt/src/hadoop-ozone/integration-test/target/test-dir/MiniOzoneClusterImpl-1ee6e7b8-1322-42d1-bb34-dbc7f5c5a2fb/datanode-1/data/ratis/173eed7e-ade8-4fda-bae3-0c658d00f6f2/current/log_inprogress_0
2019-06-13 05:15:27,898 INFO  impl.RaftServerImpl (ServerState.java:setRaftConf(361)) - bfcd9241-55f6-4043-a600-fe989d9d8f1e:group-8F9A12B65118 set configuration 0: [3df41bb4-6e3a-4f74-90f7-53dcff65844b:192.168.19.45:41071, 3cff37cb-4d06-4b11-82a0-d38d321d02fb:192.168.19.45:39135, bfcd9241-55f6-4043-a600-fe989d9d8f1e:192.168.19.45:37565], old=null at 0
2019-06-13 05:15:27,898 INFO  storage.RaftLogWorker (RaftLogWorker.java:startLogSegment(298)) - bfcd9241-55f6-4043-a600-fe989d9d8f1e-RaftLogWorker: Starting segment from index:0
2019-06-13 05:15:27,897 INFO  impl.RaftServerImpl (ServerState.java:setRaftConf(361)) - 3cff37cb-4d06-4b11-82a0-d38d321d02fb:group-8F9A12B65118 set configuration 0: [3df41bb4-6e3a-4f74-90f7-53dcff65844b:192.168.19.45:41071, 3cff37cb-4d06-4b11-82a0-d38d321d02fb:192.168.19.45:39135, bfcd9241-55f6-4043-a600-fe989d9d8f1e:192.168.19.45:37565], old=null at 0
2019-06-13 05:15:27,899 INFO  storage.RaftLogWorker (RaftLogWorker.java:startLogSegment(298)) - 3cff37cb-4d06-4b11-82a0-d38d321d02fb-RaftLogWorker: Starting segment from index:0
2019-06-13 05:15:27,899 INFO  impl.LeaderElection (LeaderElection.java:askForVotes(181)) - 7f4f218f-e685-47c5-8795-eb8630bfd282:group-767B4043275C:LeaderElection5: begin an election at term 1 for -1: [7f4f218f-e685-47c5-8795-eb8630bfd282:192.168.19.45:46157], old=null
2019-06-13 05:15:27,899 INFO  impl.RoleInfo (RoleInfo.java:shutdownLeaderElection(134)) - 7f4f218f-e685-47c5-8795-eb8630bfd282: shutdown LeaderElection
2019-06-13 05:15:27,899 INFO  impl.RaftServerImpl (RaftServerImpl.java:setRole(164)) - 7f4f218f-e685-47c5-8795-eb8630bfd282:group-767B4043275C changes role from CANDIDATE to LEADER at term 1 for changeToLeader
2019-06-13 05:15:27,899 INFO  impl.RaftServerImpl (ServerState.java:setLeader(263)) - 7f4f218f-e685-47c5-8795-eb8630bfd282:group-767B4043275C change Leader from null to 7f4f218f-e685-47c5-8795-eb8630bfd282 at term 1 for becomeLeader, leader elected after 1193ms
2019-06-13 05:15:27,918 INFO  server.RaftServerConfigKeys (ConfUtils.java:logGet(43)) - raft.server.staging.catchup.gap = 1000 (default)
2019-06-13 05:15:27,918 INFO  server.RaftServerConfigKeys (ConfUtils.java:logGet(43)) - raft.server.rpc.sleep.time = 25ms (default)
2019-06-13 05:15:27,918 INFO  server.RaftServerConfigKeys (ConfUtils.java:logGet(43)) - raft.server.watch.timeout = 10s (default)
2019-06-13 05:15:27,919 INFO  server.RaftServerConfigKeys (ConfUtils.java:logGet(43)) - raft.server.watch.timeout.denomination = 1s (default)
2019-06-13 05:15:27,919 INFO  impl.RoleInfo (RoleInfo.java:updateAndGet(143)) - 7f4f218f-e685-47c5-8795-eb8630bfd282: start LeaderState
2019-06-13 05:15:27,919 INFO  storage.RaftLogWorker (RaftLogWorker.java:startLogSegment(298)) - 7f4f218f-e685-47c5-8795-eb8630bfd282-RaftLogWorker: Starting segment from index:0
2019-06-13 05:15:27,918 INFO  impl.FollowerState (FollowerState.java:run(101)) - 3fe1eb05-73e2-4bdc-a4a8-8d1d8bc3da7f:group-DABDE21416F0 changes to CANDIDATE, lastRpcTime:1013, electionTimeout:1005ms
2019-06-13 05:15:27,919 INFO  impl.RoleInfo (RoleInfo.java:shutdownFollowerState(121)) - 3fe1eb05-73e2-4bdc-a4a8-8d1d8bc3da7f: shutdown FollowerState
2019-06-13 05:15:27,920 INFO  impl.RaftServerImpl (RaftServerImpl.java:setRole(164)) - 3fe1eb05-73e2-4bdc-a4a8-8d1d8bc3da7f:group-DABDE21416F0 changes role from FOLLOWER to CANDIDATE at term 0 for changeToCandidate
2019-06-13 05:15:27,926 INFO  impl.RaftServerImpl (ServerState.java:setRaftConf(361)) - 7f4f218f-e685-47c5-8795-eb8630bfd282:group-767B4043275C set configuration 0: [7f4f218f-e685-47c5-8795-eb8630bfd282:192.168.19.45:46157], old=null at 0
2019-06-13 05:15:27,946 INFO  impl.RoleInfo (RoleInfo.java:updateAndGet(143)) - 3fe1eb05-73e2-4bdc-a4a8-8d1d8bc3da7f: start LeaderElection
2019-06-13 05:15:27,955 INFO  storage.RaftLogWorker (RaftLogWorker.java:execute(469)) - bfcd9241-55f6-4043-a600-fe989d9d8f1e-RaftLogWorker: created new log segment /opt/src/hadoop-ozone/integration-test/target/test-dir/MiniOzoneClusterImpl-1ee6e7b8-1322-42d1-bb34-dbc7f5c5a2fb/datanode-0/data/ratis/a0fd8d75-fee4-4b2e-a42d-8f9a12b65118/current/log_inprogress_0
2019-06-13 05:15:27,956 INFO  storage.RaftLogWorker (RaftLogWorker.java:execute(469)) - 3cff37cb-4d06-4b11-82a0-d38d321d02fb-RaftLogWorker: created new log segment /opt/src/hadoop-ozone/integration-test/target/test-dir/MiniOzoneClusterImpl-1ee6e7b8-1322-42d1-bb34-dbc7f5c5a2fb/datanode-2/data/ratis/a0fd8d75-fee4-4b2e-a42d-8f9a12b65118/current/log_inprogress_0
2019-06-13 05:15:27,964 INFO  impl.LeaderElection (LeaderElection.java:askForVotes(181)) - 3fe1eb05-73e2-4bdc-a4a8-8d1d8bc3da7f:group-DABDE21416F0:LeaderElection6: begin an election at term 1 for -1: [3fe1eb05-73e2-4bdc-a4a8-8d1d8bc3da7f:192.168.19.45:41277], old=null
2019-06-13 05:15:27,964 INFO  impl.RoleInfo (RoleInfo.java:shutdownLeaderElection(134)) - 3fe1eb05-73e2-4bdc-a4a8-8d1d8bc3da7f: shutdown LeaderElection
2019-06-13 05:15:27,964 INFO  impl.RaftServerImpl (RaftServerImpl.java:setRole(164)) - 3fe1eb05-73e2-4bdc-a4a8-8d1d8bc3da7f:group-DABDE21416F0 changes role from CANDIDATE to LEADER at term 1 for changeToLeader
2019-06-13 05:15:27,964 INFO  impl.RaftServerImpl (ServerState.java:setLeader(263)) - 3fe1eb05-73e2-4bdc-a4a8-8d1d8bc3da7f:group-DABDE21416F0 change Leader from null to 3fe1eb05-73e2-4bdc-a4a8-8d1d8bc3da7f at term 1 for becomeLeader, leader elected after 1062ms
2019-06-13 05:15:27,981 INFO  server.RaftServerConfigKeys (ConfUtils.java:logGet(43)) - raft.server.staging.catchup.gap = 1000 (default)
2019-06-13 05:15:27,982 INFO  server.RaftServerConfigKeys (ConfUtils.java:logGet(43)) - raft.server.rpc.sleep.time = 25ms (default)
2019-06-13 05:15:27,982 INFO  server.RaftServerConfigKeys (ConfUtils.java:logGet(43)) - raft.server.watch.timeout = 10s (default)
2019-06-13 05:15:27,982 INFO  server.RaftServerConfigKeys (ConfUtils.java:logGet(43)) - raft.server.watch.timeout.denomination = 1s (default)
2019-06-13 05:15:27,982 INFO  impl.RoleInfo (RoleInfo.java:updateAndGet(143)) - 3fe1eb05-73e2-4bdc-a4a8-8d1d8bc3da7f: start LeaderState
2019-06-13 05:15:27,982 INFO  storage.RaftLogWorker (RaftLogWorker.java:startLogSegment(298)) - 3fe1eb05-73e2-4bdc-a4a8-8d1d8bc3da7f-RaftLogWorker: Starting segment from index:0
2019-06-13 05:15:27,985 INFO  impl.RaftServerImpl (ServerState.java:setRaftConf(361)) - 3fe1eb05-73e2-4bdc-a4a8-8d1d8bc3da7f:group-DABDE21416F0 set configuration 0: [3fe1eb05-73e2-4bdc-a4a8-8d1d8bc3da7f:192.168.19.45:41277], old=null at 0
2019-06-13 05:15:28,005 INFO  storage.RaftLogWorker (RaftLogWorker.java:execute(469)) - 7f4f218f-e685-47c5-8795-eb8630bfd282-RaftLogWorker: created new log segment /opt/src/hadoop-ozone/integration-test/target/test-dir/MiniOzoneClusterImpl-1ee6e7b8-1322-42d1-bb34-dbc7f5c5a2fb/datanode-3/data/ratis/ba76dafa-a3f2-45ef-984f-767b4043275c/current/log_inprogress_0
2019-06-13 05:15:28,024 INFO  storage.RaftLogWorker (RaftLogWorker.java:execute(469)) - 3fe1eb05-73e2-4bdc-a4a8-8d1d8bc3da7f-RaftLogWorker: created new log segment /opt/src/hadoop-ozone/integration-test/target/test-dir/MiniOzoneClusterImpl-1ee6e7b8-1322-42d1-bb34-dbc7f5c5a2fb/datanode-4/data/ratis/4d4dc3ef-a3c4-4658-91a0-dabde21416f0/current/log_inprogress_0
2019-06-13 05:15:28,129 INFO  ozone.MiniOzoneClusterImpl (MiniOzoneClusterImpl.java:lambda$waitForClusterToBeReady$0(142)) - Cluster is ready. Got 6 of 6 DN Heartbeats.
]]></system-out>
    <system-err><![CDATA[ERROR StatusLogger No Log4j 2 configuration file found. Using default configuration (logging only errors to the console), or user programmatically provided configurations. Set system property 'log4j2.debug' to show Log4j 2 internal initialization logging. See https://logging.apache.org/log4j/2.x/manual/configuration.html for instructions on how to configure Log4j 2
Jun 13, 2019 5:15:21 AM com.sun.jersey.server.impl.application.WebApplicationImpl _initiate
INFO: Initiating Jersey application, version 'Jersey: 1.19 02/11/2015 03:25 AM'
Jun 13, 2019 5:15:21 AM com.sun.jersey.server.impl.application.WebApplicationImpl _initiate
INFO: Initiating Jersey application, version 'Jersey: 1.19 02/11/2015 03:25 AM'
Jun 13, 2019 5:15:22 AM com.sun.jersey.server.impl.application.WebApplicationImpl _initiate
INFO: Initiating Jersey application, version 'Jersey: 1.19 02/11/2015 03:25 AM'
Jun 13, 2019 5:15:22 AM com.sun.jersey.server.impl.application.WebApplicationImpl _initiate
INFO: Initiating Jersey application, version 'Jersey: 1.19 02/11/2015 03:25 AM'
Jun 13, 2019 5:15:22 AM com.sun.jersey.server.impl.application.WebApplicationImpl _initiate
INFO: Initiating Jersey application, version 'Jersey: 1.19 02/11/2015 03:25 AM'
Jun 13, 2019 5:15:22 AM com.sun.jersey.server.impl.application.WebApplicationImpl _initiate
INFO: Initiating Jersey application, version 'Jersey: 1.19 02/11/2015 03:25 AM'
]]></system-err>
  </testcase>
</testsuite>