<?xml version="1.0" encoding="UTF-8"?>
<testsuite xmlns:xsi="http://www.w3.org/2001/XMLSchema-instance" xsi:noNamespaceSchemaLocation="https://maven.apache.org/surefire/maven-surefire-plugin/xsd/surefire-test-report.xsd" name="org.apache.hadoop.ozone.client.rpc.TestWatchForCommit" time="139.969" tests="6" errors="0" skipped="0" failures="1">
  <properties>
    <property name="awt.toolkit" value="sun.awt.X11.XToolkit"/>
    <property name="file.encoding.pkg" value="sun.io"/>
    <property name="java.specification.version" value="1.8"/>
    <property name="sun.cpu.isalist" value=""/>
    <property name="sun.jnu.encoding" value="UTF-8"/>
    <property name="java.class.path" value="/opt/src/hadoop-ozone/integration-test/target/test-classes:/opt/src/hadoop-ozone/integration-test/target/classes:/root/.m2/repository/org/apache/hadoop/hadoop-ozone-common/0.5.0-SNAPSHOT/hadoop-ozone-common-0.5.0-SNAPSHOT.jar:/root/.m2/repository/org/apache/commons/commons-compress/1.4.1/commons-compress-1.4.1.jar:/root/.m2/repository/org/tukaani/xz/1.0/xz-1.0.jar:/root/.m2/repository/org/apache/hadoop/hadoop-common/3.2.0/hadoop-common-3.2.0.jar:/root/.m2/repository/org/apache/hadoop/hadoop-hdfs/3.2.0/hadoop-hdfs-3.2.0.jar:/root/.m2/repository/org/apache/hadoop/hadoop-hdfs-client/3.2.0/hadoop-hdfs-client-3.2.0.jar:/root/.m2/repository/com/fasterxml/jackson/core/jackson-annotations/2.9.5/jackson-annotations-2.9.5.jar:/root/.m2/repository/org/apache/hadoop/hadoop-hdds-common/0.5.0-SNAPSHOT/hadoop-hdds-common-0.5.0-SNAPSHOT.jar:/root/.m2/repository/javax/annotation/javax.annotation-api/1.2/javax.annotation-api-1.2.jar:/root/.m2/repository/org/apache/ratis/ratis-server/0.4.0-fe2b15d-SNAPSHOT/ratis-server-0.4.0-fe2b15d-SNAPSHOT.jar:/root/.m2/repository/org/apache/ratis/ratis-thirdparty-misc/0.2.0/ratis-thirdparty-misc-0.2.0.jar:/root/.m2/repository/org/apache/ratis/ratis-proto/0.4.0-fe2b15d-SNAPSHOT/ratis-proto-0.4.0-fe2b15d-SNAPSHOT.jar:/root/.m2/repository/org/apache/ratis/ratis-common/0.4.0-fe2b15d-SNAPSHOT/ratis-common-0.4.0-fe2b15d-SNAPSHOT.jar:/root/.m2/repository/org/apache/ratis/ratis-client/0.4.0-fe2b15d-SNAPSHOT/ratis-client-0.4.0-fe2b15d-SNAPSHOT.jar:/root/.m2/repository/org/apache/ratis/ratis-netty/0.4.0-fe2b15d-SNAPSHOT/ratis-netty-0.4.0-fe2b15d-SNAPSHOT.jar:/root/.m2/repository/org/apache/ratis/ratis-grpc/0.4.0-fe2b15d-SNAPSHOT/ratis-grpc-0.4.0-fe2b15d-SNAPSHOT.jar:/root/.m2/repository/org/rocksdb/rocksdbjni/5.14.2/rocksdbjni-5.14.2.jar:/root/.m2/repository/org/apache/logging/log4j/log4j-api/2.11.0/log4j-api-2.11.0.jar:/root/.m2/repository/org/apache/logging/log4j/log4j-core/2.11.0/log4j-core-2.11.0.jar:/root/.m2/repository/com/lmax/disruptor/3.4.2/disruptor-3.4.2.jar:/root/.m2/repository/org/apache/commons/commons-pool2/2.6.0/commons-pool2-2.6.0.jar:/root/.m2/repository/org/bouncycastle/bcpkix-jdk15on/1.60/bcpkix-jdk15on-1.60.jar:/root/.m2/repository/commons-validator/commons-validator/1.6/commons-validator-1.6.jar:/root/.m2/repository/commons-digester/commons-digester/1.8.1/commons-digester-1.8.1.jar:/root/.m2/repository/io/jaegertracing/jaeger-client/0.33.1/jaeger-client-0.33.1.jar:/root/.m2/repository/io/jaegertracing/jaeger-thrift/0.33.1/jaeger-thrift-0.33.1.jar:/root/.m2/repository/org/apache/thrift/libthrift/0.11.0/libthrift-0.11.0.jar:/root/.m2/repository/com/squareup/okhttp3/okhttp/3.9.0/okhttp-3.9.0.jar:/root/.m2/repository/com/squareup/okio/okio/1.13.0/okio-1.13.0.jar:/root/.m2/repository/io/jaegertracing/jaeger-core/0.33.1/jaeger-core-0.33.1.jar:/root/.m2/repository/io/jaegertracing/jaeger-tracerresolver/0.33.1/jaeger-tracerresolver-0.33.1.jar:/root/.m2/repository/io/opentracing/contrib/opentracing-tracerresolver/0.1.5/opentracing-tracerresolver-0.1.5.jar:/root/.m2/repository/io/opentracing/opentracing-util/0.31.0/opentracing-util-0.31.0.jar:/root/.m2/repository/io/opentracing/opentracing-api/0.31.0/opentracing-api-0.31.0.jar:/root/.m2/repository/io/opentracing/opentracing-noop/0.31.0/opentracing-noop-0.31.0.jar:/root/.m2/repository/org/apache/hadoop/hadoop-hdds-server-framework/0.5.0-SNAPSHOT/hadoop-hdds-server-framework-0.5.0-SNAPSHOT.jar:/root/.m2/repository/org/apache/hadoop/hadoop-hdds-server-scm/0.5.0-SNAPSHOT/hadoop-hdds-server-scm-0.5.0-SNAPSHOT.jar:/root/.m2/repository/org/apache/hadoop/hadoop-hdds-container-service/0.5.0-SNAPSHOT/hadoop-hdds-container-service-0.5.0-SNAPSHOT.jar:/root/.m2/repository/org/apache/hadoop/hadoop-hdds-client/0.5.0-SNAPSHOT/hadoop-hdds-client-0.5.0-SNAPSHOT.jar:/root/.m2/repository/org/apache/hadoop/hadoop-hdds-tools/0.5.0-SNAPSHOT/hadoop-hdds-tools-0.5.0-SNAPSHOT.jar:/root/.m2/repository/org/apache/hadoop/hadoop-ozone-ozone-manager/0.5.0-SNAPSHOT/hadoop-ozone-ozone-manager-0.5.0-SNAPSHOT.jar:/root/.m2/repository/org/apache/hadoop/hadoop-hdds-docs/0.5.0-SNAPSHOT/hadoop-hdds-docs-0.5.0-SNAPSHOT.jar:/root/.m2/repository/org/bouncycastle/bcprov-jdk15on/1.60/bcprov-jdk15on-1.60.jar:/root/.m2/repository/org/apache/hadoop/hadoop-minikdc/3.2.0/hadoop-minikdc-3.2.0.jar:/root/.m2/repository/commons-io/commons-io/2.5/commons-io-2.5.jar:/root/.m2/repository/org/apache/kerby/kerb-simplekdc/1.0.1/kerb-simplekdc-1.0.1.jar:/root/.m2/repository/org/apache/kerby/kerb-client/1.0.1/kerb-client-1.0.1.jar:/root/.m2/repository/org/apache/kerby/kerby-config/1.0.1/kerby-config-1.0.1.jar:/root/.m2/repository/org/apache/kerby/kerb-core/1.0.1/kerb-core-1.0.1.jar:/root/.m2/repository/org/apache/kerby/kerby-pkix/1.0.1/kerby-pkix-1.0.1.jar:/root/.m2/repository/org/apache/kerby/kerby-asn1/1.0.1/kerby-asn1-1.0.1.jar:/root/.m2/repository/org/apache/kerby/kerby-util/1.0.1/kerby-util-1.0.1.jar:/root/.m2/repository/org/apache/kerby/kerb-common/1.0.1/kerb-common-1.0.1.jar:/root/.m2/repository/org/apache/kerby/kerb-crypto/1.0.1/kerb-crypto-1.0.1.jar:/root/.m2/repository/org/apache/kerby/kerb-util/1.0.1/kerb-util-1.0.1.jar:/root/.m2/repository/org/apache/kerby/token-provider/1.0.1/token-provider-1.0.1.jar:/root/.m2/repository/org/apache/kerby/kerb-admin/1.0.1/kerb-admin-1.0.1.jar:/root/.m2/repository/org/apache/kerby/kerb-server/1.0.1/kerb-server-1.0.1.jar:/root/.m2/repository/org/apache/kerby/kerb-identity/1.0.1/kerb-identity-1.0.1.jar:/root/.m2/repository/org/apache/kerby/kerby-xdr/1.0.1/kerby-xdr-1.0.1.jar:/root/.m2/repository/org/slf4j/slf4j-log4j12/1.7.25/slf4j-log4j12-1.7.25.jar:/root/.m2/repository/org/apache/hadoop/hadoop-ozone-objectstore-service/0.5.0-SNAPSHOT/hadoop-ozone-objectstore-service-0.5.0-SNAPSHOT.jar:/root/.m2/repository/org/apache/hadoop/hadoop-ozone-s3gateway/0.5.0-SNAPSHOT/hadoop-ozone-s3gateway-0.5.0-SNAPSHOT.jar:/root/.m2/repository/org/jboss/weld/servlet/weld-servlet/2.4.7.Final/weld-servlet-2.4.7.Final.jar:/root/.m2/repository/org/glassfish/jersey/containers/jersey-container-servlet-core/2.27/jersey-container-servlet-core-2.27.jar:/root/.m2/repository/org/glassfish/hk2/external/javax.inject/2.5.0-b42/javax.inject-2.5.0-b42.jar:/root/.m2/repository/org/glassfish/jersey/core/jersey-common/2.27/jersey-common-2.27.jar:/root/.m2/repository/org/glassfish/hk2/osgi-resource-locator/1.0.1/osgi-resource-locator-1.0.1.jar:/root/.m2/repository/javax/ws/rs/javax.ws.rs-api/2.1/javax.ws.rs-api-2.1.jar:/root/.m2/repository/org/glassfish/jersey/ext/cdi/jersey-cdi1x/2.27/jersey-cdi1x-2.27.jar:/root/.m2/repository/org/glassfish/jersey/inject/jersey-hk2/2.27/jersey-hk2-2.27.jar:/root/.m2/repository/org/glassfish/hk2/hk2-locator/2.5.0-b42/hk2-locator-2.5.0-b42.jar:/root/.m2/repository/org/javassist/javassist/3.22.0-CR2/javassist-3.22.0-CR2.jar:/root/.m2/repository/org/glassfish/hk2/hk2-api/2.5.0/hk2-api-2.5.0.jar:/root/.m2/repository/org/glassfish/hk2/external/jakarta.inject/2.5.0/jakarta.inject-2.5.0.jar:/root/.m2/repository/org/glassfish/hk2/hk2-utils/2.5.0/hk2-utils-2.5.0.jar:/root/.m2/repository/jakarta/annotation/jakarta.annotation-api/1.3.4/jakarta.annotation-api-1.3.4.jar:/root/.m2/repository/org/glassfish/hk2/external/aopalliance-repackaged/2.5.0/aopalliance-repackaged-2.5.0.jar:/root/.m2/repository/com/fasterxml/jackson/dataformat/jackson-dataformat-xml/2.9.0/jackson-dataformat-xml-2.9.0.jar:/root/.m2/repository/com/fasterxml/jackson/core/jackson-core/2.9.5/jackson-core-2.9.5.jar:/root/.m2/repository/com/fasterxml/jackson/module/jackson-module-jaxb-annotations/2.9.5/jackson-module-jaxb-annotations-2.9.5.jar:/root/.m2/repository/javax/enterprise/cdi-api/1.2/cdi-api-1.2.jar:/root/.m2/repository/javax/el/javax.el-api/3.0.0/javax.el-api-3.0.0.jar:/root/.m2/repository/javax/interceptor/javax.interceptor-api/1.2/javax.interceptor-api-1.2.jar:/root/.m2/repository/javax/inject/javax.inject/1/javax.inject-1.jar:/root/.m2/repository/com/sun/xml/bind/jaxb-impl/2.3.0.1/jaxb-impl-2.3.0.1.jar:/root/.m2/repository/com/sun/xml/bind/jaxb-core/2.3.0.1/jaxb-core-2.3.0.1.jar:/root/.m2/repository/javax/xml/bind/jaxb-api/2.3.0/jaxb-api-2.3.0.jar:/root/.m2/repository/javax/activation/activation/1.1.1/activation-1.1.1.jar:/root/.m2/repository/org/apache/hadoop/hadoop-ozone-csi/0.5.0-SNAPSHOT/hadoop-ozone-csi-0.5.0-SNAPSHOT.jar:/root/.m2/repository/com/google/protobuf/protobuf-java-util/3.5.1/protobuf-java-util-3.5.1.jar:/root/.m2/repository/org/apache/hadoop/hadoop-hdds-config/0.5.0-SNAPSHOT/hadoop-hdds-config-0.5.0-SNAPSHOT.jar:/root/.m2/repository/com/google/guava/guava/11.0.2/guava-11.0.2.jar:/root/.m2/repository/com/google/protobuf/protobuf-java/2.5.0/protobuf-java-2.5.0.jar:/root/.m2/repository/io/grpc/grpc-netty/1.17.1/grpc-netty-1.17.1.jar:/root/.m2/repository/io/grpc/grpc-core/1.17.1/grpc-core-1.17.1.jar:/root/.m2/repository/io/grpc/grpc-context/1.17.1/grpc-context-1.17.1.jar:/root/.m2/repository/com/google/errorprone/error_prone_annotations/2.2.0/error_prone_annotations-2.2.0.jar:/root/.m2/repository/org/codehaus/mojo/animal-sniffer-annotations/1.17/animal-sniffer-annotations-1.17.jar:/root/.m2/repository/io/opencensus/opencensus-api/0.17.0/opencensus-api-0.17.0.jar:/root/.m2/repository/io/opencensus/opencensus-contrib-grpc-metrics/0.17.0/opencensus-contrib-grpc-metrics-0.17.0.jar:/root/.m2/repository/io/netty/netty-codec-http2/4.1.30.Final/netty-codec-http2-4.1.30.Final.jar:/root/.m2/repository/io/netty/netty-codec-http/4.1.30.Final/netty-codec-http-4.1.30.Final.jar:/root/.m2/repository/io/netty/netty-codec/4.1.30.Final/netty-codec-4.1.30.Final.jar:/root/.m2/repository/io/netty/netty-handler/4.1.30.Final/netty-handler-4.1.30.Final.jar:/root/.m2/repository/io/netty/netty-handler-proxy/4.1.30.Final/netty-handler-proxy-4.1.30.Final.jar:/root/.m2/repository/io/netty/netty-codec-socks/4.1.30.Final/netty-codec-socks-4.1.30.Final.jar:/root/.m2/repository/io/netty/netty-transport-native-epoll/4.1.30.Final/netty-transport-native-epoll-4.1.30.Final.jar:/root/.m2/repository/io/netty/netty-common/4.1.30.Final/netty-common-4.1.30.Final.jar:/root/.m2/repository/io/netty/netty-buffer/4.1.30.Final/netty-buffer-4.1.30.Final.jar:/root/.m2/repository/io/netty/netty-transport/4.1.30.Final/netty-transport-4.1.30.Final.jar:/root/.m2/repository/io/netty/netty-resolver/4.1.30.Final/netty-resolver-4.1.30.Final.jar:/root/.m2/repository/io/netty/netty-transport-native-unix-common/4.1.30.Final/netty-transport-native-unix-common-4.1.30.Final.jar:/root/.m2/repository/io/grpc/grpc-protobuf/1.17.1/grpc-protobuf-1.17.1.jar:/root/.m2/repository/com/google/api/grpc/proto-google-common-protos/1.0.0/proto-google-common-protos-1.0.0.jar:/root/.m2/repository/io/grpc/grpc-protobuf-lite/1.17.1/grpc-protobuf-lite-1.17.1.jar:/root/.m2/repository/io/grpc/grpc-stub/1.17.1/grpc-stub-1.17.1.jar:/root/.m2/repository/org/apache/hadoop/hadoop-ozone-recon/0.5.0-SNAPSHOT/hadoop-ozone-recon-0.5.0-SNAPSHOT.jar:/root/.m2/repository/org/apache/hadoop/hadoop-ozone-reconcodegen/0.5.0-SNAPSHOT/hadoop-ozone-reconcodegen-0.5.0-SNAPSHOT.jar:/root/.m2/repository/com/google/inject/extensions/guice-multibindings/4.0/guice-multibindings-4.0.jar:/root/.m2/repository/com/google/inject/guice/4.0/guice-4.0.jar:/root/.m2/repository/aopalliance/aopalliance/1.0/aopalliance-1.0.jar:/root/.m2/repository/com/google/inject/extensions/guice-servlet/4.0/guice-servlet-4.0.jar:/root/.m2/repository/org/glassfish/jersey/containers/jersey-container-servlet/2.27/jersey-container-servlet-2.27.jar:/root/.m2/repository/org/glassfish/hk2/guice-bridge/2.5.0/guice-bridge-2.5.0.jar:/root/.m2/repository/org/glassfish/jersey/core/jersey-server/2.27/jersey-server-2.27.jar:/root/.m2/repository/org/glassfish/jersey/core/jersey-client/2.27/jersey-client-2.27.jar:/root/.m2/repository/org/glassfish/jersey/media/jersey-media-jaxb/2.27/jersey-media-jaxb-2.27.jar:/root/.m2/repository/javax/validation/validation-api/1.1.0.Final/validation-api-1.1.0.Final.jar:/root/.m2/repository/org/glassfish/jersey/media/jersey-media-json-jackson/2.27/jersey-media-json-jackson-2.27.jar:/root/.m2/repository/org/glassfish/jersey/ext/jersey-entity-filtering/2.27/jersey-entity-filtering-2.27.jar:/root/.m2/repository/com/google/inject/extensions/guice-assistedinject/4.0/guice-assistedinject-4.0.jar:/root/.m2/repository/org/jooq/jooq/3.11.10/jooq-3.11.10.jar:/root/.m2/repository/org/jooq/jooq-meta/3.11.10/jooq-meta-3.11.10.jar:/root/.m2/repository/org/jooq/jooq-codegen/3.11.10/jooq-codegen-3.11.10.jar:/root/.m2/repository/com/jolbox/bonecp/0.8.0.RELEASE/bonecp-0.8.0.RELEASE.jar:/root/.m2/repository/org/xerial/sqlite-jdbc/3.25.2/sqlite-jdbc-3.25.2.jar:/root/.m2/repository/org/springframework/spring-jdbc/5.1.3.RELEASE/spring-jdbc-5.1.3.RELEASE.jar:/root/.m2/repository/org/springframework/spring-beans/5.1.3.RELEASE/spring-beans-5.1.3.RELEASE.jar:/root/.m2/repository/org/springframework/spring-core/5.1.3.RELEASE/spring-core-5.1.3.RELEASE.jar:/root/.m2/repository/org/springframework/spring-jcl/5.1.3.RELEASE/spring-jcl-5.1.3.RELEASE.jar:/root/.m2/repository/org/springframework/spring-tx/5.1.3.RELEASE/spring-tx-5.1.3.RELEASE.jar:/root/.m2/repository/org/apache/hadoop/hadoop-ozone-client/0.5.0-SNAPSHOT/hadoop-ozone-client-0.5.0-SNAPSHOT.jar:/root/.m2/repository/org/apache/hadoop/hadoop-ozone-ozone-manager/0.5.0-SNAPSHOT/hadoop-ozone-ozone-manager-0.5.0-SNAPSHOT-tests.jar:/root/.m2/repository/junit/junit/4.11/junit-4.11.jar:/root/.m2/repository/org/hamcrest/hamcrest-core/1.3/hamcrest-core-1.3.jar:/root/.m2/repository/org/openjdk/jmh/jmh-core/1.19/jmh-core-1.19.jar:/root/.m2/repository/net/sf/jopt-simple/jopt-simple/4.6/jopt-simple-4.6.jar:/root/.m2/repository/org/apache/commons/commons-math3/3.1.1/commons-math3-3.1.1.jar:/root/.m2/repository/org/openjdk/jmh/jmh-generator-annprocess/1.19/jmh-generator-annprocess-1.19.jar:/root/.m2/repository/org/mockito/mockito-all/1.8.5/mockito-all-1.8.5.jar:/root/.m2/repository/org/apache/hadoop/hadoop-kms/3.2.0/hadoop-kms-3.2.0.jar:/root/.m2/repository/org/apache/hadoop/hadoop-auth/3.2.0/hadoop-auth-3.2.0.jar:/root/.m2/repository/com/nimbusds/nimbus-jose-jwt/4.41.1/nimbus-jose-jwt-4.41.1.jar:/root/.m2/repository/com/github/stephenc/jcip/jcip-annotations/1.0-1/jcip-annotations-1.0-1.jar:/root/.m2/repository/net/minidev/json-smart/2.3/json-smart-2.3.jar:/root/.m2/repository/net/minidev/accessors-smart/1.2/accessors-smart-1.2.jar:/root/.m2/repository/org/ow2/asm/asm/5.0.4/asm-5.0.4.jar:/root/.m2/repository/org/apache/curator/curator-framework/2.12.0/curator-framework-2.12.0.jar:/root/.m2/repository/com/sun/jersey/jersey-core/1.19/jersey-core-1.19.jar:/root/.m2/repository/javax/ws/rs/jsr311-api/1.1.1/jsr311-api-1.1.1.jar:/root/.m2/repository/com/sun/jersey/jersey-server/1.19/jersey-server-1.19.jar:/root/.m2/repository/javax/servlet/javax.servlet-api/3.1.0/javax.servlet-api-3.1.0.jar:/root/.m2/repository/org/eclipse/jetty/jetty-server/9.3.24.v20180605/jetty-server-9.3.24.v20180605.jar:/root/.m2/repository/org/eclipse/jetty/jetty-http/9.3.24.v20180605/jetty-http-9.3.24.v20180605.jar:/root/.m2/repository/org/eclipse/jetty/jetty-io/9.3.24.v20180605/jetty-io-9.3.24.v20180605.jar:/root/.m2/repository/org/eclipse/jetty/jetty-webapp/9.3.24.v20180605/jetty-webapp-9.3.24.v20180605.jar:/root/.m2/repository/org/eclipse/jetty/jetty-xml/9.3.24.v20180605/jetty-xml-9.3.24.v20180605.jar:/root/.m2/repository/log4j/log4j/1.2.17/log4j-1.2.17.jar:/root/.m2/repository/org/slf4j/slf4j-api/1.7.25/slf4j-api-1.7.25.jar:/root/.m2/repository/org/slf4j/jul-to-slf4j/1.7.25/jul-to-slf4j-1.7.25.jar:/root/.m2/repository/org/eclipse/jetty/jetty-util/9.3.24.v20180605/jetty-util-9.3.24.v20180605.jar:/root/.m2/repository/io/dropwizard/metrics/metrics-core/3.2.4/metrics-core-3.2.4.jar:/root/.m2/repository/com/fasterxml/jackson/core/jackson-databind/2.9.5/jackson-databind-2.9.5.jar:/root/.m2/repository/org/apache/hadoop/hadoop-kms/3.2.0/hadoop-kms-3.2.0-tests.jar:/root/.m2/repository/org/apache/hadoop/hadoop-hdds-server-scm/0.5.0-SNAPSHOT/hadoop-hdds-server-scm-0.5.0-SNAPSHOT-tests.jar:/root/.m2/repository/org/hamcrest/hamcrest-all/1.3/hamcrest-all-1.3.jar:/root/.m2/repository/info/picocli/picocli/3.9.6/picocli-3.9.6.jar:/root/.m2/repository/org/apache/hadoop/hadoop-hdds-container-service/0.5.0-SNAPSHOT/hadoop-hdds-container-service-0.5.0-SNAPSHOT-tests.jar:/root/.m2/repository/org/yaml/snakeyaml/1.16/snakeyaml-1.16.jar:/root/.m2/repository/org/apache/hadoop/hadoop-common/3.2.0/hadoop-common-3.2.0-tests.jar:/root/.m2/repository/org/apache/hadoop/hadoop-annotations/3.2.0/hadoop-annotations-3.2.0.jar:/usr/lib/jvm/java-1.8-openjdk/jre/../lib/tools.jar:/root/.m2/repository/commons-cli/commons-cli/1.2/commons-cli-1.2.jar:/root/.m2/repository/org/apache/httpcomponents/httpclient/4.5.2/httpclient-4.5.2.jar:/root/.m2/repository/org/apache/httpcomponents/httpcore/4.4.4/httpcore-4.4.4.jar:/root/.m2/repository/commons-codec/commons-codec/1.11/commons-codec-1.11.jar:/root/.m2/repository/commons-net/commons-net/3.6/commons-net-3.6.jar:/root/.m2/repository/commons-collections/commons-collections/3.2.2/commons-collections-3.2.2.jar:/root/.m2/repository/org/eclipse/jetty/jetty-servlet/9.3.24.v20180605/jetty-servlet-9.3.24.v20180605.jar:/root/.m2/repository/org/eclipse/jetty/jetty-security/9.3.24.v20180605/jetty-security-9.3.24.v20180605.jar:/root/.m2/repository/javax/servlet/jsp/jsp-api/2.1/jsp-api-2.1.jar:/root/.m2/repository/com/sun/jersey/jersey-servlet/1.19/jersey-servlet-1.19.jar:/root/.m2/repository/com/sun/jersey/jersey-json/1.19/jersey-json-1.19.jar:/root/.m2/repository/org/codehaus/jettison/jettison/1.1/jettison-1.1.jar:/root/.m2/repository/org/codehaus/jackson/jackson-core-asl/1.9.13/jackson-core-asl-1.9.13.jar:/root/.m2/repository/org/codehaus/jackson/jackson-mapper-asl/1.9.13/jackson-mapper-asl-1.9.13.jar:/root/.m2/repository/org/codehaus/jackson/jackson-jaxrs/1.9.13/jackson-jaxrs-1.9.13.jar:/root/.m2/repository/org/codehaus/jackson/jackson-xc/1.9.13/jackson-xc-1.9.13.jar:/root/.m2/repository/commons-logging/commons-logging/1.1.3/commons-logging-1.1.3.jar:/root/.m2/repository/commons-beanutils/commons-beanutils/1.9.3/commons-beanutils-1.9.3.jar:/root/.m2/repository/org/apache/commons/commons-configuration2/2.1.1/commons-configuration2-2.1.1.jar:/root/.m2/repository/org/apache/commons/commons-lang3/3.7/commons-lang3-3.7.jar:/root/.m2/repository/org/apache/commons/commons-text/1.4/commons-text-1.4.jar:/root/.m2/repository/org/apache/avro/avro/1.7.7/avro-1.7.7.jar:/root/.m2/repository/com/thoughtworks/paranamer/paranamer/2.3/paranamer-2.3.jar:/root/.m2/repository/org/xerial/snappy/snappy-java/1.0.5/snappy-java-1.0.5.jar:/root/.m2/repository/com/google/re2j/re2j/1.1/re2j-1.1.jar:/root/.m2/repository/com/google/code/gson/gson/2.2.4/gson-2.2.4.jar:/root/.m2/repository/com/jcraft/jsch/0.1.54/jsch-0.1.54.jar:/root/.m2/repository/org/apache/curator/curator-client/2.12.0/curator-client-2.12.0.jar:/root/.m2/repository/org/apache/curator/curator-recipes/2.12.0/curator-recipes-2.12.0.jar:/root/.m2/repository/com/google/code/findbugs/jsr305/3.0.0/jsr305-3.0.0.jar:/root/.m2/repository/org/apache/htrace/htrace-core4/4.1.0-incubating/htrace-core4-4.1.0-incubating.jar:/root/.m2/repository/org/apache/zookeeper/zookeeper/3.4.13/zookeeper-3.4.13.jar:/root/.m2/repository/org/apache/yetus/audience-annotations/0.5.0/audience-annotations-0.5.0.jar:/root/.m2/repository/org/codehaus/woodstox/stax2-api/3.1.4/stax2-api-3.1.4.jar:/root/.m2/repository/com/fasterxml/woodstox/woodstox-core/5.0.3/woodstox-core-5.0.3.jar:/root/.m2/repository/dnsjava/dnsjava/2.1.7/dnsjava-2.1.7.jar:/root/.m2/repository/org/apache/hadoop/hadoop-hdfs/3.2.0/hadoop-hdfs-3.2.0-tests.jar:/root/.m2/repository/org/eclipse/jetty/jetty-util-ajax/9.3.24.v20180605/jetty-util-ajax-9.3.24.v20180605.jar:/root/.m2/repository/commons-daemon/commons-daemon/1.0.13/commons-daemon-1.0.13.jar:/root/.m2/repository/io/netty/netty/3.10.5.Final/netty-3.10.5.Final.jar:/root/.m2/repository/io/netty/netty-all/4.0.52.Final/netty-all-4.0.52.Final.jar:/root/.m2/repository/org/fusesource/leveldbjni/leveldbjni-all/1.8/leveldbjni-all-1.8.jar:"/>
    <property name="java.vm.vendor" value="IcedTea"/>
    <property name="sun.arch.data.model" value="64"/>
    <property name="test.build.dir" value="/opt/src/hadoop-ozone/integration-test/target/test-dir"/>
    <property name="test.cache.data" value=""/>
    <property name="java.vendor.url" value="https://icedtea.classpath.org"/>
    <property name="user.timezone" value=""/>
    <property name="java.vm.specification.version" value="1.8"/>
    <property name="os.name" value="Linux"/>
    <property name="test.build.data" value="/opt/src/hadoop-ozone/integration-test/target/test-dir"/>
    <property name="user.country" value="US"/>
    <property name="sun.java.launcher" value="SUN_STANDARD"/>
    <property name="sun.boot.library.path" value="/usr/lib/jvm/java-1.8-openjdk/jre/lib/amd64"/>
    <property name="sun.java.command" value="/opt/src/hadoop-ozone/integration-test/target/surefire/surefirebooter7398913661977584406.jar /opt/src/hadoop-ozone/integration-test/target/surefire 2019-06-13T05-11-23_904-jvmRun1 surefire6217513172299323655tmp surefire_217975298225976454029tmp"/>
    <property name="surefire.test.class.path" value="/opt/src/hadoop-ozone/integration-test/target/test-classes:/opt/src/hadoop-ozone/integration-test/target/classes:/root/.m2/repository/org/apache/hadoop/hadoop-ozone-common/0.5.0-SNAPSHOT/hadoop-ozone-common-0.5.0-SNAPSHOT.jar:/root/.m2/repository/org/apache/commons/commons-compress/1.4.1/commons-compress-1.4.1.jar:/root/.m2/repository/org/tukaani/xz/1.0/xz-1.0.jar:/root/.m2/repository/org/apache/hadoop/hadoop-common/3.2.0/hadoop-common-3.2.0.jar:/root/.m2/repository/org/apache/hadoop/hadoop-hdfs/3.2.0/hadoop-hdfs-3.2.0.jar:/root/.m2/repository/org/apache/hadoop/hadoop-hdfs-client/3.2.0/hadoop-hdfs-client-3.2.0.jar:/root/.m2/repository/com/fasterxml/jackson/core/jackson-annotations/2.9.5/jackson-annotations-2.9.5.jar:/root/.m2/repository/org/apache/hadoop/hadoop-hdds-common/0.5.0-SNAPSHOT/hadoop-hdds-common-0.5.0-SNAPSHOT.jar:/root/.m2/repository/javax/annotation/javax.annotation-api/1.2/javax.annotation-api-1.2.jar:/root/.m2/repository/org/apache/ratis/ratis-server/0.4.0-fe2b15d-SNAPSHOT/ratis-server-0.4.0-fe2b15d-SNAPSHOT.jar:/root/.m2/repository/org/apache/ratis/ratis-thirdparty-misc/0.2.0/ratis-thirdparty-misc-0.2.0.jar:/root/.m2/repository/org/apache/ratis/ratis-proto/0.4.0-fe2b15d-SNAPSHOT/ratis-proto-0.4.0-fe2b15d-SNAPSHOT.jar:/root/.m2/repository/org/apache/ratis/ratis-common/0.4.0-fe2b15d-SNAPSHOT/ratis-common-0.4.0-fe2b15d-SNAPSHOT.jar:/root/.m2/repository/org/apache/ratis/ratis-client/0.4.0-fe2b15d-SNAPSHOT/ratis-client-0.4.0-fe2b15d-SNAPSHOT.jar:/root/.m2/repository/org/apache/ratis/ratis-netty/0.4.0-fe2b15d-SNAPSHOT/ratis-netty-0.4.0-fe2b15d-SNAPSHOT.jar:/root/.m2/repository/org/apache/ratis/ratis-grpc/0.4.0-fe2b15d-SNAPSHOT/ratis-grpc-0.4.0-fe2b15d-SNAPSHOT.jar:/root/.m2/repository/org/rocksdb/rocksdbjni/5.14.2/rocksdbjni-5.14.2.jar:/root/.m2/repository/org/apache/logging/log4j/log4j-api/2.11.0/log4j-api-2.11.0.jar:/root/.m2/repository/org/apache/logging/log4j/log4j-core/2.11.0/log4j-core-2.11.0.jar:/root/.m2/repository/com/lmax/disruptor/3.4.2/disruptor-3.4.2.jar:/root/.m2/repository/org/apache/commons/commons-pool2/2.6.0/commons-pool2-2.6.0.jar:/root/.m2/repository/org/bouncycastle/bcpkix-jdk15on/1.60/bcpkix-jdk15on-1.60.jar:/root/.m2/repository/commons-validator/commons-validator/1.6/commons-validator-1.6.jar:/root/.m2/repository/commons-digester/commons-digester/1.8.1/commons-digester-1.8.1.jar:/root/.m2/repository/io/jaegertracing/jaeger-client/0.33.1/jaeger-client-0.33.1.jar:/root/.m2/repository/io/jaegertracing/jaeger-thrift/0.33.1/jaeger-thrift-0.33.1.jar:/root/.m2/repository/org/apache/thrift/libthrift/0.11.0/libthrift-0.11.0.jar:/root/.m2/repository/com/squareup/okhttp3/okhttp/3.9.0/okhttp-3.9.0.jar:/root/.m2/repository/com/squareup/okio/okio/1.13.0/okio-1.13.0.jar:/root/.m2/repository/io/jaegertracing/jaeger-core/0.33.1/jaeger-core-0.33.1.jar:/root/.m2/repository/io/jaegertracing/jaeger-tracerresolver/0.33.1/jaeger-tracerresolver-0.33.1.jar:/root/.m2/repository/io/opentracing/contrib/opentracing-tracerresolver/0.1.5/opentracing-tracerresolver-0.1.5.jar:/root/.m2/repository/io/opentracing/opentracing-util/0.31.0/opentracing-util-0.31.0.jar:/root/.m2/repository/io/opentracing/opentracing-api/0.31.0/opentracing-api-0.31.0.jar:/root/.m2/repository/io/opentracing/opentracing-noop/0.31.0/opentracing-noop-0.31.0.jar:/root/.m2/repository/org/apache/hadoop/hadoop-hdds-server-framework/0.5.0-SNAPSHOT/hadoop-hdds-server-framework-0.5.0-SNAPSHOT.jar:/root/.m2/repository/org/apache/hadoop/hadoop-hdds-server-scm/0.5.0-SNAPSHOT/hadoop-hdds-server-scm-0.5.0-SNAPSHOT.jar:/root/.m2/repository/org/apache/hadoop/hadoop-hdds-container-service/0.5.0-SNAPSHOT/hadoop-hdds-container-service-0.5.0-SNAPSHOT.jar:/root/.m2/repository/org/apache/hadoop/hadoop-hdds-client/0.5.0-SNAPSHOT/hadoop-hdds-client-0.5.0-SNAPSHOT.jar:/root/.m2/repository/org/apache/hadoop/hadoop-hdds-tools/0.5.0-SNAPSHOT/hadoop-hdds-tools-0.5.0-SNAPSHOT.jar:/root/.m2/repository/org/apache/hadoop/hadoop-ozone-ozone-manager/0.5.0-SNAPSHOT/hadoop-ozone-ozone-manager-0.5.0-SNAPSHOT.jar:/root/.m2/repository/org/apache/hadoop/hadoop-hdds-docs/0.5.0-SNAPSHOT/hadoop-hdds-docs-0.5.0-SNAPSHOT.jar:/root/.m2/repository/org/bouncycastle/bcprov-jdk15on/1.60/bcprov-jdk15on-1.60.jar:/root/.m2/repository/org/apache/hadoop/hadoop-minikdc/3.2.0/hadoop-minikdc-3.2.0.jar:/root/.m2/repository/commons-io/commons-io/2.5/commons-io-2.5.jar:/root/.m2/repository/org/apache/kerby/kerb-simplekdc/1.0.1/kerb-simplekdc-1.0.1.jar:/root/.m2/repository/org/apache/kerby/kerb-client/1.0.1/kerb-client-1.0.1.jar:/root/.m2/repository/org/apache/kerby/kerby-config/1.0.1/kerby-config-1.0.1.jar:/root/.m2/repository/org/apache/kerby/kerb-core/1.0.1/kerb-core-1.0.1.jar:/root/.m2/repository/org/apache/kerby/kerby-pkix/1.0.1/kerby-pkix-1.0.1.jar:/root/.m2/repository/org/apache/kerby/kerby-asn1/1.0.1/kerby-asn1-1.0.1.jar:/root/.m2/repository/org/apache/kerby/kerby-util/1.0.1/kerby-util-1.0.1.jar:/root/.m2/repository/org/apache/kerby/kerb-common/1.0.1/kerb-common-1.0.1.jar:/root/.m2/repository/org/apache/kerby/kerb-crypto/1.0.1/kerb-crypto-1.0.1.jar:/root/.m2/repository/org/apache/kerby/kerb-util/1.0.1/kerb-util-1.0.1.jar:/root/.m2/repository/org/apache/kerby/token-provider/1.0.1/token-provider-1.0.1.jar:/root/.m2/repository/org/apache/kerby/kerb-admin/1.0.1/kerb-admin-1.0.1.jar:/root/.m2/repository/org/apache/kerby/kerb-server/1.0.1/kerb-server-1.0.1.jar:/root/.m2/repository/org/apache/kerby/kerb-identity/1.0.1/kerb-identity-1.0.1.jar:/root/.m2/repository/org/apache/kerby/kerby-xdr/1.0.1/kerby-xdr-1.0.1.jar:/root/.m2/repository/org/slf4j/slf4j-log4j12/1.7.25/slf4j-log4j12-1.7.25.jar:/root/.m2/repository/org/apache/hadoop/hadoop-ozone-objectstore-service/0.5.0-SNAPSHOT/hadoop-ozone-objectstore-service-0.5.0-SNAPSHOT.jar:/root/.m2/repository/org/apache/hadoop/hadoop-ozone-s3gateway/0.5.0-SNAPSHOT/hadoop-ozone-s3gateway-0.5.0-SNAPSHOT.jar:/root/.m2/repository/org/jboss/weld/servlet/weld-servlet/2.4.7.Final/weld-servlet-2.4.7.Final.jar:/root/.m2/repository/org/glassfish/jersey/containers/jersey-container-servlet-core/2.27/jersey-container-servlet-core-2.27.jar:/root/.m2/repository/org/glassfish/hk2/external/javax.inject/2.5.0-b42/javax.inject-2.5.0-b42.jar:/root/.m2/repository/org/glassfish/jersey/core/jersey-common/2.27/jersey-common-2.27.jar:/root/.m2/repository/org/glassfish/hk2/osgi-resource-locator/1.0.1/osgi-resource-locator-1.0.1.jar:/root/.m2/repository/javax/ws/rs/javax.ws.rs-api/2.1/javax.ws.rs-api-2.1.jar:/root/.m2/repository/org/glassfish/jersey/ext/cdi/jersey-cdi1x/2.27/jersey-cdi1x-2.27.jar:/root/.m2/repository/org/glassfish/jersey/inject/jersey-hk2/2.27/jersey-hk2-2.27.jar:/root/.m2/repository/org/glassfish/hk2/hk2-locator/2.5.0-b42/hk2-locator-2.5.0-b42.jar:/root/.m2/repository/org/javassist/javassist/3.22.0-CR2/javassist-3.22.0-CR2.jar:/root/.m2/repository/org/glassfish/hk2/hk2-api/2.5.0/hk2-api-2.5.0.jar:/root/.m2/repository/org/glassfish/hk2/external/jakarta.inject/2.5.0/jakarta.inject-2.5.0.jar:/root/.m2/repository/org/glassfish/hk2/hk2-utils/2.5.0/hk2-utils-2.5.0.jar:/root/.m2/repository/jakarta/annotation/jakarta.annotation-api/1.3.4/jakarta.annotation-api-1.3.4.jar:/root/.m2/repository/org/glassfish/hk2/external/aopalliance-repackaged/2.5.0/aopalliance-repackaged-2.5.0.jar:/root/.m2/repository/com/fasterxml/jackson/dataformat/jackson-dataformat-xml/2.9.0/jackson-dataformat-xml-2.9.0.jar:/root/.m2/repository/com/fasterxml/jackson/core/jackson-core/2.9.5/jackson-core-2.9.5.jar:/root/.m2/repository/com/fasterxml/jackson/module/jackson-module-jaxb-annotations/2.9.5/jackson-module-jaxb-annotations-2.9.5.jar:/root/.m2/repository/javax/enterprise/cdi-api/1.2/cdi-api-1.2.jar:/root/.m2/repository/javax/el/javax.el-api/3.0.0/javax.el-api-3.0.0.jar:/root/.m2/repository/javax/interceptor/javax.interceptor-api/1.2/javax.interceptor-api-1.2.jar:/root/.m2/repository/javax/inject/javax.inject/1/javax.inject-1.jar:/root/.m2/repository/com/sun/xml/bind/jaxb-impl/2.3.0.1/jaxb-impl-2.3.0.1.jar:/root/.m2/repository/com/sun/xml/bind/jaxb-core/2.3.0.1/jaxb-core-2.3.0.1.jar:/root/.m2/repository/javax/xml/bind/jaxb-api/2.3.0/jaxb-api-2.3.0.jar:/root/.m2/repository/javax/activation/activation/1.1.1/activation-1.1.1.jar:/root/.m2/repository/org/apache/hadoop/hadoop-ozone-csi/0.5.0-SNAPSHOT/hadoop-ozone-csi-0.5.0-SNAPSHOT.jar:/root/.m2/repository/com/google/protobuf/protobuf-java-util/3.5.1/protobuf-java-util-3.5.1.jar:/root/.m2/repository/org/apache/hadoop/hadoop-hdds-config/0.5.0-SNAPSHOT/hadoop-hdds-config-0.5.0-SNAPSHOT.jar:/root/.m2/repository/com/google/guava/guava/11.0.2/guava-11.0.2.jar:/root/.m2/repository/com/google/protobuf/protobuf-java/2.5.0/protobuf-java-2.5.0.jar:/root/.m2/repository/io/grpc/grpc-netty/1.17.1/grpc-netty-1.17.1.jar:/root/.m2/repository/io/grpc/grpc-core/1.17.1/grpc-core-1.17.1.jar:/root/.m2/repository/io/grpc/grpc-context/1.17.1/grpc-context-1.17.1.jar:/root/.m2/repository/com/google/errorprone/error_prone_annotations/2.2.0/error_prone_annotations-2.2.0.jar:/root/.m2/repository/org/codehaus/mojo/animal-sniffer-annotations/1.17/animal-sniffer-annotations-1.17.jar:/root/.m2/repository/io/opencensus/opencensus-api/0.17.0/opencensus-api-0.17.0.jar:/root/.m2/repository/io/opencensus/opencensus-contrib-grpc-metrics/0.17.0/opencensus-contrib-grpc-metrics-0.17.0.jar:/root/.m2/repository/io/netty/netty-codec-http2/4.1.30.Final/netty-codec-http2-4.1.30.Final.jar:/root/.m2/repository/io/netty/netty-codec-http/4.1.30.Final/netty-codec-http-4.1.30.Final.jar:/root/.m2/repository/io/netty/netty-codec/4.1.30.Final/netty-codec-4.1.30.Final.jar:/root/.m2/repository/io/netty/netty-handler/4.1.30.Final/netty-handler-4.1.30.Final.jar:/root/.m2/repository/io/netty/netty-handler-proxy/4.1.30.Final/netty-handler-proxy-4.1.30.Final.jar:/root/.m2/repository/io/netty/netty-codec-socks/4.1.30.Final/netty-codec-socks-4.1.30.Final.jar:/root/.m2/repository/io/netty/netty-transport-native-epoll/4.1.30.Final/netty-transport-native-epoll-4.1.30.Final.jar:/root/.m2/repository/io/netty/netty-common/4.1.30.Final/netty-common-4.1.30.Final.jar:/root/.m2/repository/io/netty/netty-buffer/4.1.30.Final/netty-buffer-4.1.30.Final.jar:/root/.m2/repository/io/netty/netty-transport/4.1.30.Final/netty-transport-4.1.30.Final.jar:/root/.m2/repository/io/netty/netty-resolver/4.1.30.Final/netty-resolver-4.1.30.Final.jar:/root/.m2/repository/io/netty/netty-transport-native-unix-common/4.1.30.Final/netty-transport-native-unix-common-4.1.30.Final.jar:/root/.m2/repository/io/grpc/grpc-protobuf/1.17.1/grpc-protobuf-1.17.1.jar:/root/.m2/repository/com/google/api/grpc/proto-google-common-protos/1.0.0/proto-google-common-protos-1.0.0.jar:/root/.m2/repository/io/grpc/grpc-protobuf-lite/1.17.1/grpc-protobuf-lite-1.17.1.jar:/root/.m2/repository/io/grpc/grpc-stub/1.17.1/grpc-stub-1.17.1.jar:/root/.m2/repository/org/apache/hadoop/hadoop-ozone-recon/0.5.0-SNAPSHOT/hadoop-ozone-recon-0.5.0-SNAPSHOT.jar:/root/.m2/repository/org/apache/hadoop/hadoop-ozone-reconcodegen/0.5.0-SNAPSHOT/hadoop-ozone-reconcodegen-0.5.0-SNAPSHOT.jar:/root/.m2/repository/com/google/inject/extensions/guice-multibindings/4.0/guice-multibindings-4.0.jar:/root/.m2/repository/com/google/inject/guice/4.0/guice-4.0.jar:/root/.m2/repository/aopalliance/aopalliance/1.0/aopalliance-1.0.jar:/root/.m2/repository/com/google/inject/extensions/guice-servlet/4.0/guice-servlet-4.0.jar:/root/.m2/repository/org/glassfish/jersey/containers/jersey-container-servlet/2.27/jersey-container-servlet-2.27.jar:/root/.m2/repository/org/glassfish/hk2/guice-bridge/2.5.0/guice-bridge-2.5.0.jar:/root/.m2/repository/org/glassfish/jersey/core/jersey-server/2.27/jersey-server-2.27.jar:/root/.m2/repository/org/glassfish/jersey/core/jersey-client/2.27/jersey-client-2.27.jar:/root/.m2/repository/org/glassfish/jersey/media/jersey-media-jaxb/2.27/jersey-media-jaxb-2.27.jar:/root/.m2/repository/javax/validation/validation-api/1.1.0.Final/validation-api-1.1.0.Final.jar:/root/.m2/repository/org/glassfish/jersey/media/jersey-media-json-jackson/2.27/jersey-media-json-jackson-2.27.jar:/root/.m2/repository/org/glassfish/jersey/ext/jersey-entity-filtering/2.27/jersey-entity-filtering-2.27.jar:/root/.m2/repository/com/google/inject/extensions/guice-assistedinject/4.0/guice-assistedinject-4.0.jar:/root/.m2/repository/org/jooq/jooq/3.11.10/jooq-3.11.10.jar:/root/.m2/repository/org/jooq/jooq-meta/3.11.10/jooq-meta-3.11.10.jar:/root/.m2/repository/org/jooq/jooq-codegen/3.11.10/jooq-codegen-3.11.10.jar:/root/.m2/repository/com/jolbox/bonecp/0.8.0.RELEASE/bonecp-0.8.0.RELEASE.jar:/root/.m2/repository/org/xerial/sqlite-jdbc/3.25.2/sqlite-jdbc-3.25.2.jar:/root/.m2/repository/org/springframework/spring-jdbc/5.1.3.RELEASE/spring-jdbc-5.1.3.RELEASE.jar:/root/.m2/repository/org/springframework/spring-beans/5.1.3.RELEASE/spring-beans-5.1.3.RELEASE.jar:/root/.m2/repository/org/springframework/spring-core/5.1.3.RELEASE/spring-core-5.1.3.RELEASE.jar:/root/.m2/repository/org/springframework/spring-jcl/5.1.3.RELEASE/spring-jcl-5.1.3.RELEASE.jar:/root/.m2/repository/org/springframework/spring-tx/5.1.3.RELEASE/spring-tx-5.1.3.RELEASE.jar:/root/.m2/repository/org/apache/hadoop/hadoop-ozone-client/0.5.0-SNAPSHOT/hadoop-ozone-client-0.5.0-SNAPSHOT.jar:/root/.m2/repository/org/apache/hadoop/hadoop-ozone-ozone-manager/0.5.0-SNAPSHOT/hadoop-ozone-ozone-manager-0.5.0-SNAPSHOT-tests.jar:/root/.m2/repository/junit/junit/4.11/junit-4.11.jar:/root/.m2/repository/org/hamcrest/hamcrest-core/1.3/hamcrest-core-1.3.jar:/root/.m2/repository/org/openjdk/jmh/jmh-core/1.19/jmh-core-1.19.jar:/root/.m2/repository/net/sf/jopt-simple/jopt-simple/4.6/jopt-simple-4.6.jar:/root/.m2/repository/org/apache/commons/commons-math3/3.1.1/commons-math3-3.1.1.jar:/root/.m2/repository/org/openjdk/jmh/jmh-generator-annprocess/1.19/jmh-generator-annprocess-1.19.jar:/root/.m2/repository/org/mockito/mockito-all/1.8.5/mockito-all-1.8.5.jar:/root/.m2/repository/org/apache/hadoop/hadoop-kms/3.2.0/hadoop-kms-3.2.0.jar:/root/.m2/repository/org/apache/hadoop/hadoop-auth/3.2.0/hadoop-auth-3.2.0.jar:/root/.m2/repository/com/nimbusds/nimbus-jose-jwt/4.41.1/nimbus-jose-jwt-4.41.1.jar:/root/.m2/repository/com/github/stephenc/jcip/jcip-annotations/1.0-1/jcip-annotations-1.0-1.jar:/root/.m2/repository/net/minidev/json-smart/2.3/json-smart-2.3.jar:/root/.m2/repository/net/minidev/accessors-smart/1.2/accessors-smart-1.2.jar:/root/.m2/repository/org/ow2/asm/asm/5.0.4/asm-5.0.4.jar:/root/.m2/repository/org/apache/curator/curator-framework/2.12.0/curator-framework-2.12.0.jar:/root/.m2/repository/com/sun/jersey/jersey-core/1.19/jersey-core-1.19.jar:/root/.m2/repository/javax/ws/rs/jsr311-api/1.1.1/jsr311-api-1.1.1.jar:/root/.m2/repository/com/sun/jersey/jersey-server/1.19/jersey-server-1.19.jar:/root/.m2/repository/javax/servlet/javax.servlet-api/3.1.0/javax.servlet-api-3.1.0.jar:/root/.m2/repository/org/eclipse/jetty/jetty-server/9.3.24.v20180605/jetty-server-9.3.24.v20180605.jar:/root/.m2/repository/org/eclipse/jetty/jetty-http/9.3.24.v20180605/jetty-http-9.3.24.v20180605.jar:/root/.m2/repository/org/eclipse/jetty/jetty-io/9.3.24.v20180605/jetty-io-9.3.24.v20180605.jar:/root/.m2/repository/org/eclipse/jetty/jetty-webapp/9.3.24.v20180605/jetty-webapp-9.3.24.v20180605.jar:/root/.m2/repository/org/eclipse/jetty/jetty-xml/9.3.24.v20180605/jetty-xml-9.3.24.v20180605.jar:/root/.m2/repository/log4j/log4j/1.2.17/log4j-1.2.17.jar:/root/.m2/repository/org/slf4j/slf4j-api/1.7.25/slf4j-api-1.7.25.jar:/root/.m2/repository/org/slf4j/jul-to-slf4j/1.7.25/jul-to-slf4j-1.7.25.jar:/root/.m2/repository/org/eclipse/jetty/jetty-util/9.3.24.v20180605/jetty-util-9.3.24.v20180605.jar:/root/.m2/repository/io/dropwizard/metrics/metrics-core/3.2.4/metrics-core-3.2.4.jar:/root/.m2/repository/com/fasterxml/jackson/core/jackson-databind/2.9.5/jackson-databind-2.9.5.jar:/root/.m2/repository/org/apache/hadoop/hadoop-kms/3.2.0/hadoop-kms-3.2.0-tests.jar:/root/.m2/repository/org/apache/hadoop/hadoop-hdds-server-scm/0.5.0-SNAPSHOT/hadoop-hdds-server-scm-0.5.0-SNAPSHOT-tests.jar:/root/.m2/repository/org/hamcrest/hamcrest-all/1.3/hamcrest-all-1.3.jar:/root/.m2/repository/info/picocli/picocli/3.9.6/picocli-3.9.6.jar:/root/.m2/repository/org/apache/hadoop/hadoop-hdds-container-service/0.5.0-SNAPSHOT/hadoop-hdds-container-service-0.5.0-SNAPSHOT-tests.jar:/root/.m2/repository/org/yaml/snakeyaml/1.16/snakeyaml-1.16.jar:/root/.m2/repository/org/apache/hadoop/hadoop-common/3.2.0/hadoop-common-3.2.0-tests.jar:/root/.m2/repository/org/apache/hadoop/hadoop-annotations/3.2.0/hadoop-annotations-3.2.0.jar:/usr/lib/jvm/java-1.8-openjdk/jre/../lib/tools.jar:/root/.m2/repository/commons-cli/commons-cli/1.2/commons-cli-1.2.jar:/root/.m2/repository/org/apache/httpcomponents/httpclient/4.5.2/httpclient-4.5.2.jar:/root/.m2/repository/org/apache/httpcomponents/httpcore/4.4.4/httpcore-4.4.4.jar:/root/.m2/repository/commons-codec/commons-codec/1.11/commons-codec-1.11.jar:/root/.m2/repository/commons-net/commons-net/3.6/commons-net-3.6.jar:/root/.m2/repository/commons-collections/commons-collections/3.2.2/commons-collections-3.2.2.jar:/root/.m2/repository/org/eclipse/jetty/jetty-servlet/9.3.24.v20180605/jetty-servlet-9.3.24.v20180605.jar:/root/.m2/repository/org/eclipse/jetty/jetty-security/9.3.24.v20180605/jetty-security-9.3.24.v20180605.jar:/root/.m2/repository/javax/servlet/jsp/jsp-api/2.1/jsp-api-2.1.jar:/root/.m2/repository/com/sun/jersey/jersey-servlet/1.19/jersey-servlet-1.19.jar:/root/.m2/repository/com/sun/jersey/jersey-json/1.19/jersey-json-1.19.jar:/root/.m2/repository/org/codehaus/jettison/jettison/1.1/jettison-1.1.jar:/root/.m2/repository/org/codehaus/jackson/jackson-core-asl/1.9.13/jackson-core-asl-1.9.13.jar:/root/.m2/repository/org/codehaus/jackson/jackson-mapper-asl/1.9.13/jackson-mapper-asl-1.9.13.jar:/root/.m2/repository/org/codehaus/jackson/jackson-jaxrs/1.9.13/jackson-jaxrs-1.9.13.jar:/root/.m2/repository/org/codehaus/jackson/jackson-xc/1.9.13/jackson-xc-1.9.13.jar:/root/.m2/repository/commons-logging/commons-logging/1.1.3/commons-logging-1.1.3.jar:/root/.m2/repository/commons-beanutils/commons-beanutils/1.9.3/commons-beanutils-1.9.3.jar:/root/.m2/repository/org/apache/commons/commons-configuration2/2.1.1/commons-configuration2-2.1.1.jar:/root/.m2/repository/org/apache/commons/commons-lang3/3.7/commons-lang3-3.7.jar:/root/.m2/repository/org/apache/commons/commons-text/1.4/commons-text-1.4.jar:/root/.m2/repository/org/apache/avro/avro/1.7.7/avro-1.7.7.jar:/root/.m2/repository/com/thoughtworks/paranamer/paranamer/2.3/paranamer-2.3.jar:/root/.m2/repository/org/xerial/snappy/snappy-java/1.0.5/snappy-java-1.0.5.jar:/root/.m2/repository/com/google/re2j/re2j/1.1/re2j-1.1.jar:/root/.m2/repository/com/google/code/gson/gson/2.2.4/gson-2.2.4.jar:/root/.m2/repository/com/jcraft/jsch/0.1.54/jsch-0.1.54.jar:/root/.m2/repository/org/apache/curator/curator-client/2.12.0/curator-client-2.12.0.jar:/root/.m2/repository/org/apache/curator/curator-recipes/2.12.0/curator-recipes-2.12.0.jar:/root/.m2/repository/com/google/code/findbugs/jsr305/3.0.0/jsr305-3.0.0.jar:/root/.m2/repository/org/apache/htrace/htrace-core4/4.1.0-incubating/htrace-core4-4.1.0-incubating.jar:/root/.m2/repository/org/apache/zookeeper/zookeeper/3.4.13/zookeeper-3.4.13.jar:/root/.m2/repository/org/apache/yetus/audience-annotations/0.5.0/audience-annotations-0.5.0.jar:/root/.m2/repository/org/codehaus/woodstox/stax2-api/3.1.4/stax2-api-3.1.4.jar:/root/.m2/repository/com/fasterxml/woodstox/woodstox-core/5.0.3/woodstox-core-5.0.3.jar:/root/.m2/repository/dnsjava/dnsjava/2.1.7/dnsjava-2.1.7.jar:/root/.m2/repository/org/apache/hadoop/hadoop-hdfs/3.2.0/hadoop-hdfs-3.2.0-tests.jar:/root/.m2/repository/org/eclipse/jetty/jetty-util-ajax/9.3.24.v20180605/jetty-util-ajax-9.3.24.v20180605.jar:/root/.m2/repository/commons-daemon/commons-daemon/1.0.13/commons-daemon-1.0.13.jar:/root/.m2/repository/io/netty/netty/3.10.5.Final/netty-3.10.5.Final.jar:/root/.m2/repository/io/netty/netty-all/4.0.52.Final/netty-all-4.0.52.Final.jar:/root/.m2/repository/org/fusesource/leveldbjni/leveldbjni-all/1.8/leveldbjni-all-1.8.jar:"/>
    <property name="sun.cpu.endian" value="little"/>
    <property name="user.home" value="/root"/>
    <property name="user.language" value="en"/>
    <property name="java.specification.vendor" value="Oracle Corporation"/>
    <property name="java.home" value="/usr/lib/jvm/java-1.8-openjdk/jre"/>
    <property name="java.security.krb5.conf" value="/opt/src/hadoop-ozone/integration-test/target/test-classes/krb5.conf"/>
    <property name="basedir" value="/opt/src/hadoop-ozone/integration-test"/>
    <property name="file.separator" value="/"/>
    <property name="line.separator" value="&#10;"/>
    <property name="java.vm.specification.vendor" value="Oracle Corporation"/>
    <property name="java.specification.name" value="Java Platform API Specification"/>
    <property name="java.awt.graphicsenv" value="sun.awt.X11GraphicsEnvironment"/>
    <property name="surefire.real.class.path" value="/opt/src/hadoop-ozone/integration-test/target/surefire/surefirebooter7398913661977584406.jar"/>
    <property name="hadoop.log.dir" value="/opt/src/hadoop-ozone/integration-test/target/log"/>
    <property name="sun.boot.class.path" value="/usr/lib/jvm/java-1.8-openjdk/jre/lib/resources.jar:/usr/lib/jvm/java-1.8-openjdk/jre/lib/rt.jar:/usr/lib/jvm/java-1.8-openjdk/jre/lib/sunrsasign.jar:/usr/lib/jvm/java-1.8-openjdk/jre/lib/jsse.jar:/usr/lib/jvm/java-1.8-openjdk/jre/lib/jce.jar:/usr/lib/jvm/java-1.8-openjdk/jre/lib/charsets.jar:/usr/lib/jvm/java-1.8-openjdk/jre/lib/jfr.jar:/usr/lib/jvm/java-1.8-openjdk/jre/classes"/>
    <property name="sun.management.compiler" value="HotSpot 64-Bit Tiered Compilers"/>
    <property name="java.runtime.version" value="1.8.0_212-b04"/>
    <property name="java.net.preferIPv4Stack" value="true"/>
    <property name="user.name" value="root"/>
    <property name="path.separator" value=":"/>
    <property name="java.security.egd" value="file:///dev/urandom"/>
    <property name="os.version" value="4.15.0-1021-aws"/>
    <property name="java.endorsed.dirs" value="/usr/lib/jvm/java-1.8-openjdk/jre/lib/endorsed"/>
    <property name="java.runtime.name" value="OpenJDK Runtime Environment"/>
    <property name="file.encoding" value="UTF-8"/>
    <property name="java.vm.name" value="OpenJDK 64-Bit Server VM"/>
    <property name="test.build.webapps" value=""/>
    <property name="localRepository" value="/root/.m2/repository"/>
    <property name="java.vendor.url.bug" value="https://icedtea.classpath.org/bugzilla"/>
    <property name="java.io.tmpdir" value="/tmp"/>
    <property name="require.test.libhadoop" value=""/>
    <property name="java.version" value="1.8.0_212"/>
    <property name="user.dir" value="/opt/src/hadoop-ozone/integration-test"/>
    <property name="os.arch" value="amd64"/>
    <property name="java.vm.specification.name" value="Java Virtual Machine Specification"/>
    <property name="test.build.classes" value="/opt/src/hadoop-ozone/integration-test/target/test-classes"/>
    <property name="java.awt.printerjob" value="sun.print.PSPrinterJob"/>
    <property name="sun.os.patch.level" value="unknown"/>
    <property name="hadoop.tmp.dir" value="/opt/src/hadoop-ozone/integration-test/target/tmp"/>
    <property name="java.library.path" value="/usr/lib/jvm/java-1.8-openjdk/jre/lib/amd64/server:/usr/lib/jvm/java-1.8-openjdk/jre/lib/amd64:/usr/lib/jvm/java-1.8-openjdk/jre/../lib/amd64:/opt/src/hadoop-ozone/integration-test/target/native/target/usr/local/lib:/opt/src/hadoop-ozone/integration-test/../../hadoop-common-project/hadoop-common/target/native/target/usr/local/lib:/usr/java/packages/lib/amd64:/usr/lib64:/lib64:/lib:/usr/lib"/>
    <property name="java.vm.info" value="mixed mode"/>
    <property name="java.vendor" value="IcedTea"/>
    <property name="java.vm.version" value="25.212-b04"/>
    <property name="java.ext.dirs" value="/usr/lib/jvm/java-1.8-openjdk/jre/lib/ext:/usr/java/packages/lib/ext"/>
    <property name="sun.io.unicode.encoding" value="UnicodeLittle"/>
    <property name="java.class.version" value="52.0"/>
  </properties>
  <testcase name="testWatchForCommitWithKeyWrite" classname="org.apache.hadoop.ozone.client.rpc.TestWatchForCommit" time="23.644"/>
  <testcase name="testWatchForCommitWithSmallerTimeoutValue" classname="org.apache.hadoop.ozone.client.rpc.TestWatchForCommit" time="16.263"/>
  <testcase name="testWatchForCommitForRetryfailure" classname="org.apache.hadoop.ozone.client.rpc.TestWatchForCommit" time="50.804">
    <failure type="java.lang.AssertionError">java.lang.AssertionError
	at org.junit.Assert.fail(Assert.java:86)
	at org.junit.Assert.assertTrue(Assert.java:41)
	at org.junit.Assert.assertTrue(Assert.java:52)
	at org.apache.hadoop.ozone.client.rpc.TestWatchForCommit.testWatchForCommitForRetryfailure(TestWatchForCommit.java:350)
	at sun.reflect.NativeMethodAccessorImpl.invoke0(Native Method)
	at sun.reflect.NativeMethodAccessorImpl.invoke(NativeMethodAccessorImpl.java:62)
	at sun.reflect.DelegatingMethodAccessorImpl.invoke(DelegatingMethodAccessorImpl.java:43)
	at java.lang.reflect.Method.invoke(Method.java:498)
	at org.junit.runners.model.FrameworkMethod$1.runReflectiveCall(FrameworkMethod.java:47)
	at org.junit.internal.runners.model.ReflectiveCallable.run(ReflectiveCallable.java:12)
	at org.junit.runners.model.FrameworkMethod.invokeExplosively(FrameworkMethod.java:44)
	at org.junit.internal.runners.statements.InvokeMethod.evaluate(InvokeMethod.java:17)
	at org.junit.runners.ParentRunner.runLeaf(ParentRunner.java:271)
	at org.junit.runners.BlockJUnit4ClassRunner.runChild(BlockJUnit4ClassRunner.java:70)
	at org.junit.runners.BlockJUnit4ClassRunner.runChild(BlockJUnit4ClassRunner.java:50)
	at org.junit.runners.ParentRunner$3.run(ParentRunner.java:238)
	at org.junit.runners.ParentRunner$1.schedule(ParentRunner.java:63)
	at org.junit.runners.ParentRunner.runChildren(ParentRunner.java:236)
	at org.junit.runners.ParentRunner.access$000(ParentRunner.java:53)
	at org.junit.runners.ParentRunner$2.evaluate(ParentRunner.java:229)
	at org.junit.runners.ParentRunner.run(ParentRunner.java:309)
	at org.apache.maven.surefire.junit4.JUnit4Provider.execute(JUnit4Provider.java:365)
	at org.apache.maven.surefire.junit4.JUnit4Provider.executeWithRerun(JUnit4Provider.java:273)
	at org.apache.maven.surefire.junit4.JUnit4Provider.executeTestSet(JUnit4Provider.java:238)
	at org.apache.maven.surefire.junit4.JUnit4Provider.invoke(JUnit4Provider.java:159)
	at org.apache.maven.surefire.booter.ForkedBooter.invokeProviderInSameClassLoader(ForkedBooter.java:384)
	at org.apache.maven.surefire.booter.ForkedBooter.runSuitesInProcess(ForkedBooter.java:345)
	at org.apache.maven.surefire.booter.ForkedBooter.execute(ForkedBooter.java:126)
	at org.apache.maven.surefire.booter.ForkedBooter.main(ForkedBooter.java:418)
</failure>
    <system-out><![CDATA[2019-06-13 05:31:15,025 WARN  server.ServerUtils (ServerUtils.java:getScmDbDir(145)) - ozone.scm.db.dirs is not configured. We recommend adding this setting. Falling back to ozone.metadata.dirs instead.
2019-06-13 05:31:15,029 WARN  server.ServerUtils (ServerUtils.java:getScmDbDir(145)) - ozone.scm.db.dirs is not configured. We recommend adding this setting. Falling back to ozone.metadata.dirs instead.
2019-06-13 05:31:15,029 WARN  server.ServerUtils (ServerUtils.java:getScmDbDir(145)) - ozone.scm.db.dirs is not configured. We recommend adding this setting. Falling back to ozone.metadata.dirs instead.
2019-06-13 05:31:15,030 INFO  db.DBStoreBuilder (DBStoreBuilder.java:addTable(110)) - using custom profile for table: deletedBlocks
2019-06-13 05:31:15,030 INFO  db.DBStoreBuilder (DBStoreBuilder.java:processTables(161)) - Using default column profile:DBProfile.DISK for Table:deletedBlocks
2019-06-13 05:31:15,030 INFO  db.DBStoreBuilder (DBStoreBuilder.java:addTable(110)) - using custom profile for table: validCerts
2019-06-13 05:31:15,030 INFO  db.DBStoreBuilder (DBStoreBuilder.java:processTables(161)) - Using default column profile:DBProfile.DISK for Table:validCerts
2019-06-13 05:31:15,030 INFO  db.DBStoreBuilder (DBStoreBuilder.java:addTable(110)) - using custom profile for table: revokedCerts
2019-06-13 05:31:15,031 INFO  db.DBStoreBuilder (DBStoreBuilder.java:processTables(161)) - Using default column profile:DBProfile.DISK for Table:revokedCerts
2019-06-13 05:31:15,031 INFO  db.DBStoreBuilder (DBStoreBuilder.java:addTable(110)) - using custom profile for table: default
2019-06-13 05:31:15,031 INFO  db.DBStoreBuilder (DBStoreBuilder.java:processTables(167)) - Using default column profile:DBProfile.DISK for Table:default
2019-06-13 05:31:15,031 INFO  db.DBStoreBuilder (DBStoreBuilder.java:getDbProfile(198)) - Using default options. DBProfile.DISK
2019-06-13 05:31:15,072 WARN  server.ServerUtils (ServerUtils.java:sanitizeUserArgs(70)) - ozone.scm.stale.node.interval value = 300000 is larger than max = 100000 based on the key value of ozone.scm.heartbeat.thread.interval, reset to the max value 100000.
2019-06-13 05:31:15,072 WARN  server.ServerUtils (ServerUtils.java:sanitizeUserArgs(70)) - ozone.scm.stale.node.interval value = 300000 is larger than max = 100000 based on the key value of ozone.scm.heartbeat.thread.interval, reset to the max value 100000.
2019-06-13 05:31:15,072 INFO  node.SCMNodeManager (SCMNodeManager.java:<init>(108)) - Entering startup safe mode.
2019-06-13 05:31:15,073 INFO  net.NodeSchemaLoader (NodeSchemaLoader.java:loadSchemaFromFile(125)) - Loading file from sun.misc.CompoundEnumeration@2aa0feb2
2019-06-13 05:31:15,073 INFO  net.NodeSchemaLoader (NodeSchemaLoader.java:loadSchema(171)) - Loading network topology layer schema file
2019-06-13 05:31:15,076 WARN  server.ServerUtils (ServerUtils.java:getScmDbDir(145)) - ozone.scm.db.dirs is not configured. We recommend adding this setting. Falling back to ozone.metadata.dirs instead.
2019-06-13 05:31:15,089 INFO  pipeline.SCMPipelineManager (SCMPipelineManager.java:initializePipelineState(126)) - No pipeline exists in current db
2019-06-13 05:31:15,089 WARN  server.ServerUtils (ServerUtils.java:getScmDbDir(145)) - ozone.scm.db.dirs is not configured. We recommend adding this setting. Falling back to ozone.metadata.dirs instead.
2019-06-13 05:31:15,103 WARN  events.EventQueue (EventQueue.java:fireEvent(175)) - No event handler registered for event TypedEvent{payloadType=SafeModeStatus, name='SafeModeStatus'}
2019-06-13 05:31:15,105 INFO  ipc.CallQueueManager (CallQueueManager.java:<init>(84)) - Using callQueue: class java.util.concurrent.LinkedBlockingQueue, queueCapacity: 2000, scheduler: class org.apache.hadoop.ipc.DefaultRpcScheduler, ipcBackoff: false.
2019-06-13 05:31:15,105 INFO  ipc.Server (Server.java:run(1074)) - Starting Socket Reader #1 for port 46791
2019-06-13 05:31:15,107 INFO  ipc.CallQueueManager (CallQueueManager.java:<init>(84)) - Using callQueue: class java.util.concurrent.LinkedBlockingQueue, queueCapacity: 2000, scheduler: class org.apache.hadoop.ipc.DefaultRpcScheduler, ipcBackoff: false.
2019-06-13 05:31:15,108 INFO  ipc.Server (Server.java:run(1074)) - Starting Socket Reader #1 for port 35417
2019-06-13 05:31:15,111 INFO  ipc.CallQueueManager (CallQueueManager.java:<init>(84)) - Using callQueue: class java.util.concurrent.LinkedBlockingQueue, queueCapacity: 2000, scheduler: class org.apache.hadoop.ipc.DefaultRpcScheduler, ipcBackoff: false.
2019-06-13 05:31:15,114 INFO  ipc.Server (Server.java:run(1074)) - Starting Socket Reader #1 for port 41503
2019-06-13 05:31:15,117 INFO  hdfs.DFSUtil (DFSUtil.java:httpServerTemplateForNNAndJN(1641)) - Starting Web-server for scm at: http://0.0.0.0:0
2019-06-13 05:31:15,118 INFO  server.AuthenticationFilter (AuthenticationFilter.java:constructSecretProvider(240)) - Unable to initialize FileSignerSecretProvider, falling back to use random secrets.
2019-06-13 05:31:15,118 WARN  http.HttpRequestLog (HttpRequestLog.java:getRequestLog(97)) - Jetty request log can only be enabled using Log4j
2019-06-13 05:31:15,119 INFO  http.HttpServer2 (HttpServer2.java:addGlobalFilter(975)) - Added global filter 'safety' (class=org.apache.hadoop.http.HttpServer2$QuotingInputFilter)
2019-06-13 05:31:15,120 INFO  http.HttpServer2 (HttpServer2.java:addFilter(948)) - Added filter static_user_filter (class=org.apache.hadoop.http.lib.StaticUserWebFilter$StaticUserFilter) to context scm
2019-06-13 05:31:15,120 INFO  http.HttpServer2 (HttpServer2.java:addFilter(958)) - Added filter static_user_filter (class=org.apache.hadoop.http.lib.StaticUserWebFilter$StaticUserFilter) to context logs
2019-06-13 05:31:15,120 INFO  http.HttpServer2 (HttpServer2.java:addFilter(958)) - Added filter static_user_filter (class=org.apache.hadoop.http.lib.StaticUserWebFilter$StaticUserFilter) to context static
2019-06-13 05:31:15,125 INFO  server.StorageContainerManager (StorageContainerManager.java:start(752)) - StorageContainerLocationProtocol RPC server is listening at /0.0.0.0:41503
2019-06-13 05:31:15,125 INFO  impl.MetricsSystemImpl (MetricsSystemImpl.java:init(158)) - StorageContainerManager metrics system started (again)
2019-06-13 05:31:15,125 INFO  server.SCMClientProtocolServer (SCMClientProtocolServer.java:start(149)) - RPC server for Client  is listening at /0.0.0.0:41503
2019-06-13 05:31:15,129 INFO  ipc.Server (Server.java:run(1314)) - IPC Server Responder: starting
2019-06-13 05:31:15,129 INFO  ipc.Server (Server.java:run(1153)) - IPC Server listener on 41503: starting
2019-06-13 05:31:15,139 INFO  server.StorageContainerManager (StorageContainerManager.java:start(761)) - ScmBlockLocationProtocol RPC server is listening at /0.0.0.0:35417
2019-06-13 05:31:15,139 INFO  server.SCMBlockProtocolServer (SCMBlockProtocolServer.java:start(137)) - RPC server for Block Protocol is listening at /0.0.0.0:35417
2019-06-13 05:31:15,139 INFO  ipc.Server (Server.java:run(1314)) - IPC Server Responder: starting
2019-06-13 05:31:15,139 INFO  ipc.Server (Server.java:run(1153)) - IPC Server listener on 35417: starting
2019-06-13 05:31:15,150 INFO  server.StorageContainerManager (StorageContainerManager.java:start(765)) - ScmDatanodeProtocl RPC server is listening at /0.0.0.0:46791
2019-06-13 05:31:15,150 INFO  server.SCMDatanodeProtocolServer (SCMDatanodeProtocolServer.java:start(191)) - RPC server for DataNodes is listening at /0.0.0.0:46791
2019-06-13 05:31:15,150 INFO  ipc.Server (Server.java:run(1314)) - IPC Server Responder: starting
2019-06-13 05:31:15,151 INFO  ipc.Server (Server.java:run(1153)) - IPC Server listener on 46791: starting
2019-06-13 05:31:15,153 INFO  http.HttpServer2 (HttpServer2.java:bindListener(1191)) - Jetty bound to port 39329
2019-06-13 05:31:15,154 INFO  server.Server (Server.java:doStart(351)) - jetty-9.3.24.v20180605, build timestamp: 2018-06-05T17:11:56Z, git hash: 84205aa28f11a4f31f2a3b86d1bba2cc8ab69827
2019-06-13 05:31:15,155 INFO  handler.ContextHandler (ContextHandler.java:doStart(781)) - Started o.e.j.s.ServletContextHandler@2125535d{/logs,file:///opt/src/hadoop-ozone/integration-test/target/log,AVAILABLE}
2019-06-13 05:31:15,156 INFO  handler.ContextHandler (ContextHandler.java:doStart(781)) - Started o.e.j.s.ServletContextHandler@5f82209e{/static,file:///opt/src/hadoop-ozone/integration-test/target/test-classes/webapps/static,AVAILABLE}
2019-06-13 05:31:15,159 INFO  handler.ContextHandler (ContextHandler.java:doStart(781)) - Started o.e.j.w.WebAppContext@14d18029{/,file:///opt/src/hadoop-ozone/integration-test/target/test-classes/webapps/scm/,AVAILABLE}{/scm}
2019-06-13 05:31:15,159 INFO  server.AbstractConnector (AbstractConnector.java:doStart(278)) - Started ServerConnector@6edb1e9c{HTTP/1.1,[http/1.1]}{0.0.0.0:39329}
2019-06-13 05:31:15,160 INFO  server.Server (Server.java:doStart(419)) - Started @40382ms
2019-06-13 05:31:15,161 INFO  server.BaseHttpServer (BaseHttpServer.java:updateConnectorAddress(207)) - HTTP server of SCM is listening at http://0.0.0.0:39329
2019-06-13 05:31:15,162 WARN  scm.ScmUtils (ScmUtils.java:getDBPath(63)) - ozone.om.db.dirs is not configured. We recommend adding this setting. Falling back to ozone.metadata.dirs instead.
2019-06-13 05:31:15,162 INFO  util.JvmPauseMonitor (JvmPauseMonitor.java:run(188)) - Starting JVM pause monitor
2019-06-13 05:31:15,164 WARN  scm.ScmUtils (ScmUtils.java:getDBPath(63)) - ozone.om.db.dirs is not configured. We recommend adding this setting. Falling back to ozone.metadata.dirs instead.
2019-06-13 05:31:15,165 INFO  om.OzoneManager (OzoneManager.java:setOMNodeDetails(519)) - OM Service ID is not set. Setting it to the default ID: omServiceIdDefault
2019-06-13 05:31:15,165 INFO  om.OzoneManager (OzoneManager.java:setOMNodeDetails(525)) - OM Node ID is not set. Setting it to the OmStorage's OmID: 1727d005-d235-4bfa-bf21-99507b5eaec5
2019-06-13 05:31:15,165 WARN  scm.HddsServerUtil (HddsServerUtil.java:getDefaultRatisDirectory(354)) - Storage directory for Ratis is not configured. It is a good idea to map this to an SSD disk. Falling back to ozone.metadata.dirs
2019-06-13 05:31:15,165 WARN  scm.HddsServerUtil (HddsServerUtil.java:getDefaultRatisDirectory(354)) - Storage directory for Ratis is not configured. It is a good idea to map this to an SSD disk. Falling back to ozone.metadata.dirs
2019-06-13 05:31:15,165 INFO  om.OzoneManager (OzoneManager.java:loadOMHAConfigs(476)) - Found matching OM address with OMServiceId: null, OMNodeId: null, RPC Address: localhost:0 and Ratis port: 9872
2019-06-13 05:31:15,172 WARN  scm.ScmUtils (ScmUtils.java:getDBPath(63)) - ozone.om.db.dirs is not configured. We recommend adding this setting. Falling back to ozone.metadata.dirs instead.
2019-06-13 05:31:15,172 INFO  db.DBStoreBuilder (DBStoreBuilder.java:addTable(110)) - using custom profile for table: userTable
2019-06-13 05:31:15,172 INFO  db.DBStoreBuilder (DBStoreBuilder.java:processTables(161)) - Using default column profile:DBProfile.DISK for Table:userTable
2019-06-13 05:31:15,172 INFO  db.DBStoreBuilder (DBStoreBuilder.java:addTable(110)) - using custom profile for table: volumeTable
2019-06-13 05:31:15,172 INFO  db.DBStoreBuilder (DBStoreBuilder.java:processTables(161)) - Using default column profile:DBProfile.DISK for Table:volumeTable
2019-06-13 05:31:15,172 INFO  db.DBStoreBuilder (DBStoreBuilder.java:addTable(110)) - using custom profile for table: bucketTable
2019-06-13 05:31:15,173 INFO  db.DBStoreBuilder (DBStoreBuilder.java:processTables(161)) - Using default column profile:DBProfile.DISK for Table:bucketTable
2019-06-13 05:31:15,173 INFO  db.DBStoreBuilder (DBStoreBuilder.java:addTable(110)) - using custom profile for table: keyTable
2019-06-13 05:31:15,173 INFO  db.DBStoreBuilder (DBStoreBuilder.java:processTables(161)) - Using default column profile:DBProfile.DISK for Table:keyTable
2019-06-13 05:31:15,173 INFO  db.DBStoreBuilder (DBStoreBuilder.java:addTable(110)) - using custom profile for table: deletedTable
2019-06-13 05:31:15,173 INFO  db.DBStoreBuilder (DBStoreBuilder.java:processTables(161)) - Using default column profile:DBProfile.DISK for Table:deletedTable
2019-06-13 05:31:15,173 INFO  db.DBStoreBuilder (DBStoreBuilder.java:addTable(110)) - using custom profile for table: openKeyTable
2019-06-13 05:31:15,173 INFO  db.DBStoreBuilder (DBStoreBuilder.java:processTables(161)) - Using default column profile:DBProfile.DISK for Table:openKeyTable
2019-06-13 05:31:15,173 INFO  db.DBStoreBuilder (DBStoreBuilder.java:addTable(110)) - using custom profile for table: s3Table
2019-06-13 05:31:15,174 INFO  db.DBStoreBuilder (DBStoreBuilder.java:processTables(161)) - Using default column profile:DBProfile.DISK for Table:s3Table
2019-06-13 05:31:15,174 INFO  db.DBStoreBuilder (DBStoreBuilder.java:addTable(110)) - using custom profile for table: multipartInfoTable
2019-06-13 05:31:15,174 INFO  db.DBStoreBuilder (DBStoreBuilder.java:processTables(161)) - Using default column profile:DBProfile.DISK for Table:multipartInfoTable
2019-06-13 05:31:15,174 INFO  db.DBStoreBuilder (DBStoreBuilder.java:addTable(110)) - using custom profile for table: dTokenTable
2019-06-13 05:31:15,174 INFO  db.DBStoreBuilder (DBStoreBuilder.java:processTables(161)) - Using default column profile:DBProfile.DISK for Table:dTokenTable
2019-06-13 05:31:15,174 INFO  db.DBStoreBuilder (DBStoreBuilder.java:addTable(110)) - using custom profile for table: s3SecretTable
2019-06-13 05:31:15,174 INFO  db.DBStoreBuilder (DBStoreBuilder.java:processTables(161)) - Using default column profile:DBProfile.DISK for Table:s3SecretTable
2019-06-13 05:31:15,174 INFO  db.DBStoreBuilder (DBStoreBuilder.java:addTable(110)) - using custom profile for table: prefixTable
2019-06-13 05:31:15,174 INFO  db.DBStoreBuilder (DBStoreBuilder.java:processTables(161)) - Using default column profile:DBProfile.DISK for Table:prefixTable
2019-06-13 05:31:15,175 INFO  db.DBStoreBuilder (DBStoreBuilder.java:addTable(110)) - using custom profile for table: default
2019-06-13 05:31:15,175 INFO  db.DBStoreBuilder (DBStoreBuilder.java:processTables(167)) - Using default column profile:DBProfile.DISK for Table:default
2019-06-13 05:31:15,175 INFO  db.DBStoreBuilder (DBStoreBuilder.java:getDbProfile(198)) - Using default options. DBProfile.DISK
2019-06-13 05:31:15,301 INFO  ipc.CallQueueManager (CallQueueManager.java:<init>(84)) - Using callQueue: class java.util.concurrent.LinkedBlockingQueue, queueCapacity: 2000, scheduler: class org.apache.hadoop.ipc.DefaultRpcScheduler, ipcBackoff: false.
2019-06-13 05:31:15,302 INFO  ipc.Server (Server.java:run(1074)) - Starting Socket Reader #1 for port 45529
2019-06-13 05:31:15,312 WARN  scm.ScmUtils (ScmUtils.java:getDBPath(63)) - ozone.om.db.dirs is not configured. We recommend adding this setting. Falling back to ozone.metadata.dirs instead.
2019-06-13 05:31:15,312 INFO  om.OzoneManager (OzoneManager.java:start(1217)) - OzoneManager RPC server is listening at localhost/127.0.0.1:45529
2019-06-13 05:31:15,312 INFO  impl.MetricsSystemImpl (MetricsSystemImpl.java:init(158)) - OzoneManager metrics system started (again)
2019-06-13 05:31:15,313 INFO  ipc.Server (Server.java:run(1314)) - IPC Server Responder: starting
2019-06-13 05:31:15,314 INFO  ipc.Server (Server.java:run(1153)) - IPC Server listener on 45529: starting
2019-06-13 05:31:15,323 INFO  hdfs.DFSUtil (DFSUtil.java:httpServerTemplateForNNAndJN(1641)) - Starting Web-server for ozoneManager at: http://0.0.0.0:0
2019-06-13 05:31:15,324 INFO  server.AuthenticationFilter (AuthenticationFilter.java:constructSecretProvider(240)) - Unable to initialize FileSignerSecretProvider, falling back to use random secrets.
2019-06-13 05:31:15,324 WARN  http.HttpRequestLog (HttpRequestLog.java:getRequestLog(97)) - Jetty request log can only be enabled using Log4j
2019-06-13 05:31:15,326 INFO  http.HttpServer2 (HttpServer2.java:addGlobalFilter(975)) - Added global filter 'safety' (class=org.apache.hadoop.http.HttpServer2$QuotingInputFilter)
2019-06-13 05:31:15,326 INFO  http.HttpServer2 (HttpServer2.java:addFilter(948)) - Added filter static_user_filter (class=org.apache.hadoop.http.lib.StaticUserWebFilter$StaticUserFilter) to context ozoneManager
2019-06-13 05:31:15,327 INFO  http.HttpServer2 (HttpServer2.java:addFilter(958)) - Added filter static_user_filter (class=org.apache.hadoop.http.lib.StaticUserWebFilter$StaticUserFilter) to context logs
2019-06-13 05:31:15,327 INFO  http.HttpServer2 (HttpServer2.java:addFilter(958)) - Added filter static_user_filter (class=org.apache.hadoop.http.lib.StaticUserWebFilter$StaticUserFilter) to context static
2019-06-13 05:31:15,327 INFO  http.HttpServer2 (HttpServer2.java:bindListener(1191)) - Jetty bound to port 43479
2019-06-13 05:31:15,328 INFO  server.Server (Server.java:doStart(351)) - jetty-9.3.24.v20180605, build timestamp: 2018-06-05T17:11:56Z, git hash: 84205aa28f11a4f31f2a3b86d1bba2cc8ab69827
2019-06-13 05:31:15,329 INFO  handler.ContextHandler (ContextHandler.java:doStart(781)) - Started o.e.j.s.ServletContextHandler@3fd9e01c{/logs,file:///opt/src/hadoop-ozone/integration-test/target/log,AVAILABLE}
2019-06-13 05:31:15,329 INFO  handler.ContextHandler (ContextHandler.java:doStart(781)) - Started o.e.j.s.ServletContextHandler@38ba8b45{/static,file:///opt/src/hadoop-ozone/integration-test/target/test-classes/webapps/static,AVAILABLE}
2019-06-13 05:31:15,332 INFO  handler.ContextHandler (ContextHandler.java:doStart(781)) - Started o.e.j.w.WebAppContext@190bf8e4{/,file:///opt/src/hadoop-ozone/integration-test/target/test-classes/webapps/ozoneManager/,AVAILABLE}{/ozoneManager}
2019-06-13 05:31:15,332 INFO  server.AbstractConnector (AbstractConnector.java:doStart(278)) - Started ServerConnector@7a8b7e11{HTTP/1.1,[http/1.1]}{0.0.0.0:43479}
2019-06-13 05:31:15,333 INFO  server.Server (Server.java:doStart(419)) - Started @40556ms
2019-06-13 05:31:15,334 INFO  server.BaseHttpServer (BaseHttpServer.java:updateConnectorAddress(207)) - HTTP server of OZONEMANAGER is listening at http://0.0.0.0:43479
2019-06-13 05:31:15,343 INFO  impl.MetricsSystemImpl (MetricsSystemImpl.java:init(158)) - HddsDatanode metrics system started (again)
2019-06-13 05:31:15,343 INFO  ozone.HddsDatanodeService (HddsDatanodeService.java:start(185)) - HddsDatanodeService host:ozone-w6gkr-1366096734 ip:192.168.19.45
2019-06-13 05:31:15,347 INFO  volume.HddsVolume (HddsVolume.java:<init>(176)) - Creating Volume: /opt/src/hadoop-ozone/integration-test/target/test-dir/MiniOzoneClusterImpl-668071ad-a01b-49bb-86c6-6f829043dc22/datanode-0/data/containers/hdds of  storage type : DISK and capacity : 104021790720
2019-06-13 05:31:15,348 INFO  volume.VolumeSet (VolumeSet.java:initializeVolumeSet(170)) - Added Volume : /opt/src/hadoop-ozone/integration-test/target/test-dir/MiniOzoneClusterImpl-668071ad-a01b-49bb-86c6-6f829043dc22/datanode-0/data/containers/hdds to VolumeSet
2019-06-13 05:31:15,348 INFO  volume.ThrottledAsyncChecker (ThrottledAsyncChecker.java:schedule(140)) - Scheduling a check for org.apache.hadoop.ozone.container.common.volume.HddsVolume@3dd591b9
2019-06-13 05:31:15,349 INFO  volume.HddsVolumeChecker (HddsVolumeChecker.java:checkAllVolumes(203)) - Scheduled health check for volume org.apache.hadoop.ozone.container.common.volume.HddsVolume@3dd591b9
2019-06-13 05:31:15,357 INFO  ratis.XceiverServerRatis (XceiverServerRatis.java:newXceiverServerRatis(401)) - Found a free port for the server : 36161
2019-06-13 05:31:15,358 INFO  impl.RaftServerProxy (ConfUtils.java:logGet(43)) - raft.rpc.type = GRPC (default)
2019-06-13 05:31:15,359 INFO  grpc.GrpcConfigKeys$Server (ConfUtils.java:logGet(43)) - raft.grpc.server.port = 36161 (custom)
2019-06-13 05:31:15,359 INFO  server.GrpcService (ConfUtils.java:logGet(43)) - raft.grpc.message.size.max = 33570816 (custom)
2019-06-13 05:31:15,359 INFO  server.RaftServerConfigKeys (ConfUtils.java:logGet(43)) - raft.server.log.appender.buffer.byte-limit = 33554432 (custom)
2019-06-13 05:31:15,359 INFO  server.GrpcService (ConfUtils.java:logGet(43)) - raft.grpc.flow.control.window = 1MB (=1048576) (default)
2019-06-13 05:31:15,359 INFO  server.RaftServerConfigKeys (ConfUtils.java:logGet(43)) - raft.server.rpc.request.timeout = 3000ms (default)
2019-06-13 05:31:15,360 INFO  server.RaftServerConfigKeys (ConfUtils.java:logGet(43)) - raft.server.storage.dir = [/opt/src/hadoop-ozone/integration-test/target/test-dir/MiniOzoneClusterImpl-668071ad-a01b-49bb-86c6-6f829043dc22/datanode-0/data/ratis] (custom)
2019-06-13 05:31:15,360 INFO  server.XceiverServerGrpc (XceiverServerGrpc.java:<init>(97)) - Found a free port for the server : 42553
2019-06-13 05:31:15,360 INFO  replication.SimpleContainerDownloader (SimpleContainerDownloader.java:<init>(72)) - Starting container downloader service to copy containers to replicate.
2019-06-13 05:31:15,361 INFO  hdfs.DFSUtil (DFSUtil.java:httpServerTemplateForNNAndJN(1641)) - Starting Web-server for hddsDatanode at: http://0.0.0.0:0
2019-06-13 05:31:15,362 INFO  server.AuthenticationFilter (AuthenticationFilter.java:constructSecretProvider(240)) - Unable to initialize FileSignerSecretProvider, falling back to use random secrets.
2019-06-13 05:31:15,363 WARN  http.HttpRequestLog (HttpRequestLog.java:getRequestLog(97)) - Jetty request log can only be enabled using Log4j
2019-06-13 05:31:15,364 INFO  http.HttpServer2 (HttpServer2.java:addGlobalFilter(975)) - Added global filter 'safety' (class=org.apache.hadoop.http.HttpServer2$QuotingInputFilter)
2019-06-13 05:31:15,364 INFO  http.HttpServer2 (HttpServer2.java:addFilter(948)) - Added filter static_user_filter (class=org.apache.hadoop.http.lib.StaticUserWebFilter$StaticUserFilter) to context hddsDatanode
2019-06-13 05:31:15,364 INFO  http.HttpServer2 (HttpServer2.java:addFilter(958)) - Added filter static_user_filter (class=org.apache.hadoop.http.lib.StaticUserWebFilter$StaticUserFilter) to context static
2019-06-13 05:31:15,365 INFO  http.HttpServer2 (HttpServer2.java:addFilter(958)) - Added filter static_user_filter (class=org.apache.hadoop.http.lib.StaticUserWebFilter$StaticUserFilter) to context logs
2019-06-13 05:31:15,365 INFO  http.HttpServer2 (HttpServer2.java:bindListener(1191)) - Jetty bound to port 37717
2019-06-13 05:31:15,365 INFO  server.Server (Server.java:doStart(351)) - jetty-9.3.24.v20180605, build timestamp: 2018-06-05T17:11:56Z, git hash: 84205aa28f11a4f31f2a3b86d1bba2cc8ab69827
2019-06-13 05:31:15,367 INFO  handler.ContextHandler (ContextHandler.java:doStart(781)) - Started o.e.j.s.ServletContextHandler@5d3f8661{/logs,file:///opt/src/hadoop-ozone/integration-test/target/log,AVAILABLE}
2019-06-13 05:31:15,367 INFO  handler.ContextHandler (ContextHandler.java:doStart(781)) - Started o.e.j.s.ServletContextHandler@4b5aa48b{/static,jar:file:/root/.m2/repository/org/apache/hadoop/hadoop-hdds-container-service/0.5.0-SNAPSHOT/hadoop-hdds-container-service-0.5.0-SNAPSHOT.jar!/webapps/static,AVAILABLE}
2019-06-13 05:31:15,388 INFO  handler.ContextHandler (ContextHandler.java:doStart(781)) - Started o.e.j.w.WebAppContext@79135a38{/,file:///tmp/jetty-0.0.0.0-37717-hddsDatanode-_-any-8660171437436074805.dir/webapp/,AVAILABLE}{/hddsDatanode}
2019-06-13 05:31:15,388 INFO  server.AbstractConnector (AbstractConnector.java:doStart(278)) - Started ServerConnector@77fceac6{HTTP/1.1,[http/1.1]}{0.0.0.0:37717}
2019-06-13 05:31:15,389 INFO  server.Server (Server.java:doStart(419)) - Started @40612ms
2019-06-13 05:31:15,390 INFO  server.BaseHttpServer (BaseHttpServer.java:updateConnectorAddress(207)) - HTTP server of HDDSDATANODE is listening at http://0.0.0.0:37717
2019-06-13 05:31:15,538 INFO  ozone.HddsDatanodeService (HddsDatanodeService.java:startPlugins(396)) - Started plug-in org.apache.hadoop.ozone.web.OzoneHddsDatanodeService@2a5d2041
2019-06-13 05:31:15,539 INFO  impl.MetricsSystemImpl (MetricsSystemImpl.java:init(158)) - HddsDatanode metrics system started (again)
2019-06-13 05:31:15,539 INFO  ozone.HddsDatanodeService (HddsDatanodeService.java:start(185)) - HddsDatanodeService host:ozone-w6gkr-1366096734 ip:192.168.19.45
2019-06-13 05:31:15,546 INFO  util.JvmPauseMonitor (JvmPauseMonitor.java:run(188)) - Starting JVM pause monitor
2019-06-13 05:31:15,547 INFO  datanode.InitDatanodeState (InitDatanodeState.java:persistContainerDatanodeDetails(140)) - DatanodeDetails is persisted to /opt/src/hadoop-ozone/integration-test/target/test-dir/MiniOzoneClusterImpl-668071ad-a01b-49bb-86c6-6f829043dc22/datanode-0/meta/datanode.id
2019-06-13 05:31:15,551 INFO  volume.HddsVolume (HddsVolume.java:<init>(176)) - Creating Volume: /opt/src/hadoop-ozone/integration-test/target/test-dir/MiniOzoneClusterImpl-668071ad-a01b-49bb-86c6-6f829043dc22/datanode-1/data/containers/hdds of  storage type : DISK and capacity : 104021790720
2019-06-13 05:31:15,551 INFO  volume.VolumeSet (VolumeSet.java:initializeVolumeSet(170)) - Added Volume : /opt/src/hadoop-ozone/integration-test/target/test-dir/MiniOzoneClusterImpl-668071ad-a01b-49bb-86c6-6f829043dc22/datanode-1/data/containers/hdds to VolumeSet
2019-06-13 05:31:15,551 INFO  volume.ThrottledAsyncChecker (ThrottledAsyncChecker.java:schedule(140)) - Scheduling a check for org.apache.hadoop.ozone.container.common.volume.HddsVolume@7e1fb22c
2019-06-13 05:31:15,554 INFO  volume.HddsVolumeChecker (HddsVolumeChecker.java:checkAllVolumes(203)) - Scheduled health check for volume org.apache.hadoop.ozone.container.common.volume.HddsVolume@7e1fb22c
2019-06-13 05:31:15,563 INFO  ratis.XceiverServerRatis (XceiverServerRatis.java:newXceiverServerRatis(401)) - Found a free port for the server : 45287
2019-06-13 05:31:15,563 INFO  impl.RaftServerProxy (ConfUtils.java:logGet(43)) - raft.rpc.type = GRPC (default)
2019-06-13 05:31:15,563 INFO  grpc.GrpcConfigKeys$Server (ConfUtils.java:logGet(43)) - raft.grpc.server.port = 45287 (custom)
2019-06-13 05:31:15,564 INFO  server.GrpcService (ConfUtils.java:logGet(43)) - raft.grpc.message.size.max = 33570816 (custom)
2019-06-13 05:31:15,564 INFO  server.RaftServerConfigKeys (ConfUtils.java:logGet(43)) - raft.server.log.appender.buffer.byte-limit = 33554432 (custom)
2019-06-13 05:31:15,564 INFO  server.GrpcService (ConfUtils.java:logGet(43)) - raft.grpc.flow.control.window = 1MB (=1048576) (default)
2019-06-13 05:31:15,564 INFO  server.RaftServerConfigKeys (ConfUtils.java:logGet(43)) - raft.server.rpc.request.timeout = 3000ms (default)
2019-06-13 05:31:15,564 INFO  server.RaftServerConfigKeys (ConfUtils.java:logGet(43)) - raft.server.storage.dir = [/opt/src/hadoop-ozone/integration-test/target/test-dir/MiniOzoneClusterImpl-668071ad-a01b-49bb-86c6-6f829043dc22/datanode-1/data/ratis] (custom)
2019-06-13 05:31:15,565 INFO  server.XceiverServerGrpc (XceiverServerGrpc.java:<init>(97)) - Found a free port for the server : 33245
2019-06-13 05:31:15,565 INFO  replication.SimpleContainerDownloader (SimpleContainerDownloader.java:<init>(72)) - Starting container downloader service to copy containers to replicate.
2019-06-13 05:31:15,567 INFO  hdfs.DFSUtil (DFSUtil.java:httpServerTemplateForNNAndJN(1641)) - Starting Web-server for hddsDatanode at: http://0.0.0.0:0
2019-06-13 05:31:15,568 INFO  server.AuthenticationFilter (AuthenticationFilter.java:constructSecretProvider(240)) - Unable to initialize FileSignerSecretProvider, falling back to use random secrets.
2019-06-13 05:31:15,568 WARN  http.HttpRequestLog (HttpRequestLog.java:getRequestLog(97)) - Jetty request log can only be enabled using Log4j
2019-06-13 05:31:15,570 INFO  http.HttpServer2 (HttpServer2.java:addGlobalFilter(975)) - Added global filter 'safety' (class=org.apache.hadoop.http.HttpServer2$QuotingInputFilter)
2019-06-13 05:31:15,570 INFO  http.HttpServer2 (HttpServer2.java:addFilter(948)) - Added filter static_user_filter (class=org.apache.hadoop.http.lib.StaticUserWebFilter$StaticUserFilter) to context hddsDatanode
2019-06-13 05:31:15,570 INFO  http.HttpServer2 (HttpServer2.java:addFilter(958)) - Added filter static_user_filter (class=org.apache.hadoop.http.lib.StaticUserWebFilter$StaticUserFilter) to context logs
2019-06-13 05:31:15,570 INFO  http.HttpServer2 (HttpServer2.java:addFilter(958)) - Added filter static_user_filter (class=org.apache.hadoop.http.lib.StaticUserWebFilter$StaticUserFilter) to context static
2019-06-13 05:31:15,571 INFO  http.HttpServer2 (HttpServer2.java:bindListener(1191)) - Jetty bound to port 44463
2019-06-13 05:31:15,571 INFO  server.Server (Server.java:doStart(351)) - jetty-9.3.24.v20180605, build timestamp: 2018-06-05T17:11:56Z, git hash: 84205aa28f11a4f31f2a3b86d1bba2cc8ab69827
2019-06-13 05:31:15,575 INFO  handler.ContextHandler (ContextHandler.java:doStart(781)) - Started o.e.j.s.ServletContextHandler@3d2b13b1{/logs,file:///opt/src/hadoop-ozone/integration-test/target/log,AVAILABLE}
2019-06-13 05:31:15,575 INFO  handler.ContextHandler (ContextHandler.java:doStart(781)) - Started o.e.j.s.ServletContextHandler@2524d07a{/static,jar:file:/root/.m2/repository/org/apache/hadoop/hadoop-hdds-container-service/0.5.0-SNAPSHOT/hadoop-hdds-container-service-0.5.0-SNAPSHOT.jar!/webapps/static,AVAILABLE}
2019-06-13 05:31:15,595 INFO  handler.ContextHandler (ContextHandler.java:doStart(781)) - Started o.e.j.w.WebAppContext@6b2f7527{/,file:///tmp/jetty-0.0.0.0-44463-hddsDatanode-_-any-4654562799774356454.dir/webapp/,AVAILABLE}{/hddsDatanode}
2019-06-13 05:31:15,597 INFO  server.AbstractConnector (AbstractConnector.java:doStart(278)) - Started ServerConnector@7509226c{HTTP/1.1,[http/1.1]}{0.0.0.0:44463}
2019-06-13 05:31:15,597 INFO  server.Server (Server.java:doStart(419)) - Started @40819ms
2019-06-13 05:31:15,597 INFO  server.BaseHttpServer (BaseHttpServer.java:updateConnectorAddress(207)) - HTTP server of HDDSDATANODE is listening at http://0.0.0.0:44463
2019-06-13 05:31:15,718 INFO  ozone.HddsDatanodeService (HddsDatanodeService.java:startPlugins(396)) - Started plug-in org.apache.hadoop.ozone.web.OzoneHddsDatanodeService@5f4df55e
2019-06-13 05:31:15,719 INFO  impl.MetricsSystemImpl (MetricsSystemImpl.java:init(158)) - HddsDatanode metrics system started (again)
2019-06-13 05:31:15,719 INFO  ozone.HddsDatanodeService (HddsDatanodeService.java:start(185)) - HddsDatanodeService host:ozone-w6gkr-1366096734 ip:192.168.19.45
2019-06-13 05:31:15,722 INFO  util.JvmPauseMonitor (JvmPauseMonitor.java:run(188)) - Starting JVM pause monitor
2019-06-13 05:31:15,724 INFO  datanode.InitDatanodeState (InitDatanodeState.java:persistContainerDatanodeDetails(140)) - DatanodeDetails is persisted to /opt/src/hadoop-ozone/integration-test/target/test-dir/MiniOzoneClusterImpl-668071ad-a01b-49bb-86c6-6f829043dc22/datanode-1/meta/datanode.id
2019-06-13 05:31:15,726 INFO  volume.HddsVolume (HddsVolume.java:<init>(176)) - Creating Volume: /opt/src/hadoop-ozone/integration-test/target/test-dir/MiniOzoneClusterImpl-668071ad-a01b-49bb-86c6-6f829043dc22/datanode-2/data/containers/hdds of  storage type : DISK and capacity : 104021790720
2019-06-13 05:31:15,727 INFO  volume.VolumeSet (VolumeSet.java:initializeVolumeSet(170)) - Added Volume : /opt/src/hadoop-ozone/integration-test/target/test-dir/MiniOzoneClusterImpl-668071ad-a01b-49bb-86c6-6f829043dc22/datanode-2/data/containers/hdds to VolumeSet
2019-06-13 05:31:15,727 INFO  volume.ThrottledAsyncChecker (ThrottledAsyncChecker.java:schedule(140)) - Scheduling a check for org.apache.hadoop.ozone.container.common.volume.HddsVolume@5487a8f1
2019-06-13 05:31:15,730 INFO  volume.HddsVolumeChecker (HddsVolumeChecker.java:checkAllVolumes(203)) - Scheduled health check for volume org.apache.hadoop.ozone.container.common.volume.HddsVolume@5487a8f1
2019-06-13 05:31:15,738 INFO  ratis.XceiverServerRatis (XceiverServerRatis.java:newXceiverServerRatis(401)) - Found a free port for the server : 41355
2019-06-13 05:31:15,741 INFO  impl.RaftServerProxy (ConfUtils.java:logGet(43)) - raft.rpc.type = GRPC (default)
2019-06-13 05:31:15,741 INFO  grpc.GrpcConfigKeys$Server (ConfUtils.java:logGet(43)) - raft.grpc.server.port = 41355 (custom)
2019-06-13 05:31:15,742 INFO  server.GrpcService (ConfUtils.java:logGet(43)) - raft.grpc.message.size.max = 33570816 (custom)
2019-06-13 05:31:15,742 INFO  server.RaftServerConfigKeys (ConfUtils.java:logGet(43)) - raft.server.log.appender.buffer.byte-limit = 33554432 (custom)
2019-06-13 05:31:15,742 INFO  server.GrpcService (ConfUtils.java:logGet(43)) - raft.grpc.flow.control.window = 1MB (=1048576) (default)
2019-06-13 05:31:15,743 INFO  server.RaftServerConfigKeys (ConfUtils.java:logGet(43)) - raft.server.rpc.request.timeout = 3000ms (default)
2019-06-13 05:31:15,743 INFO  server.RaftServerConfigKeys (ConfUtils.java:logGet(43)) - raft.server.storage.dir = [/opt/src/hadoop-ozone/integration-test/target/test-dir/MiniOzoneClusterImpl-668071ad-a01b-49bb-86c6-6f829043dc22/datanode-2/data/ratis] (custom)
2019-06-13 05:31:15,743 INFO  server.XceiverServerGrpc (XceiverServerGrpc.java:<init>(97)) - Found a free port for the server : 38753
2019-06-13 05:31:15,744 INFO  replication.SimpleContainerDownloader (SimpleContainerDownloader.java:<init>(72)) - Starting container downloader service to copy containers to replicate.
2019-06-13 05:31:15,745 INFO  hdfs.DFSUtil (DFSUtil.java:httpServerTemplateForNNAndJN(1641)) - Starting Web-server for hddsDatanode at: http://0.0.0.0:0
2019-06-13 05:31:15,748 INFO  server.AuthenticationFilter (AuthenticationFilter.java:constructSecretProvider(240)) - Unable to initialize FileSignerSecretProvider, falling back to use random secrets.
2019-06-13 05:31:15,748 WARN  http.HttpRequestLog (HttpRequestLog.java:getRequestLog(97)) - Jetty request log can only be enabled using Log4j
2019-06-13 05:31:15,750 INFO  http.HttpServer2 (HttpServer2.java:addGlobalFilter(975)) - Added global filter 'safety' (class=org.apache.hadoop.http.HttpServer2$QuotingInputFilter)
2019-06-13 05:31:15,750 INFO  http.HttpServer2 (HttpServer2.java:addFilter(948)) - Added filter static_user_filter (class=org.apache.hadoop.http.lib.StaticUserWebFilter$StaticUserFilter) to context hddsDatanode
2019-06-13 05:31:15,750 INFO  http.HttpServer2 (HttpServer2.java:addFilter(958)) - Added filter static_user_filter (class=org.apache.hadoop.http.lib.StaticUserWebFilter$StaticUserFilter) to context logs
2019-06-13 05:31:15,750 INFO  http.HttpServer2 (HttpServer2.java:addFilter(958)) - Added filter static_user_filter (class=org.apache.hadoop.http.lib.StaticUserWebFilter$StaticUserFilter) to context static
2019-06-13 05:31:15,751 INFO  http.HttpServer2 (HttpServer2.java:bindListener(1191)) - Jetty bound to port 42329
2019-06-13 05:31:15,751 INFO  server.Server (Server.java:doStart(351)) - jetty-9.3.24.v20180605, build timestamp: 2018-06-05T17:11:56Z, git hash: 84205aa28f11a4f31f2a3b86d1bba2cc8ab69827
2019-06-13 05:31:15,752 INFO  handler.ContextHandler (ContextHandler.java:doStart(781)) - Started o.e.j.s.ServletContextHandler@78508e6b{/logs,file:///opt/src/hadoop-ozone/integration-test/target/log,AVAILABLE}
2019-06-13 05:31:15,753 INFO  handler.ContextHandler (ContextHandler.java:doStart(781)) - Started o.e.j.s.ServletContextHandler@2cc97e47{/static,jar:file:/root/.m2/repository/org/apache/hadoop/hadoop-hdds-container-service/0.5.0-SNAPSHOT/hadoop-hdds-container-service-0.5.0-SNAPSHOT.jar!/webapps/static,AVAILABLE}
2019-06-13 05:31:15,774 INFO  handler.ContextHandler (ContextHandler.java:doStart(781)) - Started o.e.j.w.WebAppContext@320fc4b0{/,file:///tmp/jetty-0.0.0.0-42329-hddsDatanode-_-any-9123057179843074014.dir/webapp/,AVAILABLE}{/hddsDatanode}
2019-06-13 05:31:15,774 INFO  server.AbstractConnector (AbstractConnector.java:doStart(278)) - Started ServerConnector@10724a72{HTTP/1.1,[http/1.1]}{0.0.0.0:42329}
2019-06-13 05:31:15,777 INFO  server.Server (Server.java:doStart(419)) - Started @40999ms
2019-06-13 05:31:15,778 INFO  server.BaseHttpServer (BaseHttpServer.java:updateConnectorAddress(207)) - HTTP server of HDDSDATANODE is listening at http://0.0.0.0:42329
2019-06-13 05:31:15,871 INFO  ozone.HddsDatanodeService (HddsDatanodeService.java:startPlugins(396)) - Started plug-in org.apache.hadoop.ozone.web.OzoneHddsDatanodeService@1e3dc24f
2019-06-13 05:31:15,871 INFO  impl.MetricsSystemImpl (MetricsSystemImpl.java:init(158)) - HddsDatanode metrics system started (again)
2019-06-13 05:31:15,878 INFO  ozone.HddsDatanodeService (HddsDatanodeService.java:start(185)) - HddsDatanodeService host:ozone-w6gkr-1366096734 ip:192.168.19.45
2019-06-13 05:31:15,881 INFO  util.JvmPauseMonitor (JvmPauseMonitor.java:run(188)) - Starting JVM pause monitor
2019-06-13 05:31:15,884 INFO  datanode.InitDatanodeState (InitDatanodeState.java:persistContainerDatanodeDetails(140)) - DatanodeDetails is persisted to /opt/src/hadoop-ozone/integration-test/target/test-dir/MiniOzoneClusterImpl-668071ad-a01b-49bb-86c6-6f829043dc22/datanode-2/meta/datanode.id
2019-06-13 05:31:15,888 INFO  volume.HddsVolume (HddsVolume.java:<init>(176)) - Creating Volume: /opt/src/hadoop-ozone/integration-test/target/test-dir/MiniOzoneClusterImpl-668071ad-a01b-49bb-86c6-6f829043dc22/datanode-3/data/containers/hdds of  storage type : DISK and capacity : 104021790720
2019-06-13 05:31:15,888 INFO  volume.VolumeSet (VolumeSet.java:initializeVolumeSet(170)) - Added Volume : /opt/src/hadoop-ozone/integration-test/target/test-dir/MiniOzoneClusterImpl-668071ad-a01b-49bb-86c6-6f829043dc22/datanode-3/data/containers/hdds to VolumeSet
2019-06-13 05:31:15,888 INFO  volume.ThrottledAsyncChecker (ThrottledAsyncChecker.java:schedule(140)) - Scheduling a check for org.apache.hadoop.ozone.container.common.volume.HddsVolume@1ab21633
2019-06-13 05:31:15,890 INFO  volume.HddsVolumeChecker (HddsVolumeChecker.java:checkAllVolumes(203)) - Scheduled health check for volume org.apache.hadoop.ozone.container.common.volume.HddsVolume@1ab21633
2019-06-13 05:31:15,901 INFO  ratis.XceiverServerRatis (XceiverServerRatis.java:newXceiverServerRatis(401)) - Found a free port for the server : 36277
2019-06-13 05:31:15,902 INFO  impl.RaftServerProxy (ConfUtils.java:logGet(43)) - raft.rpc.type = GRPC (default)
2019-06-13 05:31:15,902 INFO  grpc.GrpcConfigKeys$Server (ConfUtils.java:logGet(43)) - raft.grpc.server.port = 36277 (custom)
2019-06-13 05:31:15,902 INFO  server.GrpcService (ConfUtils.java:logGet(43)) - raft.grpc.message.size.max = 33570816 (custom)
2019-06-13 05:31:15,902 INFO  server.RaftServerConfigKeys (ConfUtils.java:logGet(43)) - raft.server.log.appender.buffer.byte-limit = 33554432 (custom)
2019-06-13 05:31:15,903 INFO  server.GrpcService (ConfUtils.java:logGet(43)) - raft.grpc.flow.control.window = 1MB (=1048576) (default)
2019-06-13 05:31:15,903 INFO  server.RaftServerConfigKeys (ConfUtils.java:logGet(43)) - raft.server.rpc.request.timeout = 3000ms (default)
2019-06-13 05:31:15,903 INFO  server.RaftServerConfigKeys (ConfUtils.java:logGet(43)) - raft.server.storage.dir = [/opt/src/hadoop-ozone/integration-test/target/test-dir/MiniOzoneClusterImpl-668071ad-a01b-49bb-86c6-6f829043dc22/datanode-3/data/ratis] (custom)
2019-06-13 05:31:15,903 INFO  server.XceiverServerGrpc (XceiverServerGrpc.java:<init>(97)) - Found a free port for the server : 34115
2019-06-13 05:31:15,904 INFO  replication.SimpleContainerDownloader (SimpleContainerDownloader.java:<init>(72)) - Starting container downloader service to copy containers to replicate.
2019-06-13 05:31:15,904 INFO  hdfs.DFSUtil (DFSUtil.java:httpServerTemplateForNNAndJN(1641)) - Starting Web-server for hddsDatanode at: http://0.0.0.0:0
2019-06-13 05:31:15,906 INFO  server.AuthenticationFilter (AuthenticationFilter.java:constructSecretProvider(240)) - Unable to initialize FileSignerSecretProvider, falling back to use random secrets.
2019-06-13 05:31:15,909 WARN  http.HttpRequestLog (HttpRequestLog.java:getRequestLog(97)) - Jetty request log can only be enabled using Log4j
2019-06-13 05:31:15,911 INFO  http.HttpServer2 (HttpServer2.java:addGlobalFilter(975)) - Added global filter 'safety' (class=org.apache.hadoop.http.HttpServer2$QuotingInputFilter)
2019-06-13 05:31:15,911 INFO  http.HttpServer2 (HttpServer2.java:addFilter(948)) - Added filter static_user_filter (class=org.apache.hadoop.http.lib.StaticUserWebFilter$StaticUserFilter) to context hddsDatanode
2019-06-13 05:31:15,911 INFO  http.HttpServer2 (HttpServer2.java:addFilter(958)) - Added filter static_user_filter (class=org.apache.hadoop.http.lib.StaticUserWebFilter$StaticUserFilter) to context logs
2019-06-13 05:31:15,911 INFO  http.HttpServer2 (HttpServer2.java:addFilter(958)) - Added filter static_user_filter (class=org.apache.hadoop.http.lib.StaticUserWebFilter$StaticUserFilter) to context static
2019-06-13 05:31:15,912 INFO  http.HttpServer2 (HttpServer2.java:bindListener(1191)) - Jetty bound to port 46407
2019-06-13 05:31:15,912 INFO  server.Server (Server.java:doStart(351)) - jetty-9.3.24.v20180605, build timestamp: 2018-06-05T17:11:56Z, git hash: 84205aa28f11a4f31f2a3b86d1bba2cc8ab69827
2019-06-13 05:31:15,916 INFO  handler.ContextHandler (ContextHandler.java:doStart(781)) - Started o.e.j.s.ServletContextHandler@7682bf66{/logs,file:///opt/src/hadoop-ozone/integration-test/target/log,AVAILABLE}
2019-06-13 05:31:15,916 INFO  handler.ContextHandler (ContextHandler.java:doStart(781)) - Started o.e.j.s.ServletContextHandler@6e23ba17{/static,jar:file:/root/.m2/repository/org/apache/hadoop/hadoop-hdds-container-service/0.5.0-SNAPSHOT/hadoop-hdds-container-service-0.5.0-SNAPSHOT.jar!/webapps/static,AVAILABLE}
2019-06-13 05:31:15,937 INFO  handler.ContextHandler (ContextHandler.java:doStart(781)) - Started o.e.j.w.WebAppContext@116b0b32{/,file:///tmp/jetty-0.0.0.0-46407-hddsDatanode-_-any-8640434408883887033.dir/webapp/,AVAILABLE}{/hddsDatanode}
2019-06-13 05:31:15,937 INFO  server.AbstractConnector (AbstractConnector.java:doStart(278)) - Started ServerConnector@4f22fd5d{HTTP/1.1,[http/1.1]}{0.0.0.0:46407}
2019-06-13 05:31:15,938 INFO  server.Server (Server.java:doStart(419)) - Started @41161ms
2019-06-13 05:31:15,939 INFO  server.BaseHttpServer (BaseHttpServer.java:updateConnectorAddress(207)) - HTTP server of HDDSDATANODE is listening at http://0.0.0.0:46407
2019-06-13 05:31:16,026 INFO  ozone.HddsDatanodeService (HddsDatanodeService.java:startPlugins(396)) - Started plug-in org.apache.hadoop.ozone.web.OzoneHddsDatanodeService@735167e1
2019-06-13 05:31:16,026 INFO  impl.MetricsSystemImpl (MetricsSystemImpl.java:init(158)) - HddsDatanode metrics system started (again)
2019-06-13 05:31:16,026 INFO  ozone.HddsDatanodeService (HddsDatanodeService.java:start(185)) - HddsDatanodeService host:ozone-w6gkr-1366096734 ip:192.168.19.45
2019-06-13 05:31:16,032 INFO  util.JvmPauseMonitor (JvmPauseMonitor.java:run(188)) - Starting JVM pause monitor
2019-06-13 05:31:16,033 INFO  datanode.InitDatanodeState (InitDatanodeState.java:persistContainerDatanodeDetails(140)) - DatanodeDetails is persisted to /opt/src/hadoop-ozone/integration-test/target/test-dir/MiniOzoneClusterImpl-668071ad-a01b-49bb-86c6-6f829043dc22/datanode-3/meta/datanode.id
2019-06-13 05:31:16,037 INFO  volume.HddsVolume (HddsVolume.java:<init>(176)) - Creating Volume: /opt/src/hadoop-ozone/integration-test/target/test-dir/MiniOzoneClusterImpl-668071ad-a01b-49bb-86c6-6f829043dc22/datanode-4/data/containers/hdds of  storage type : DISK and capacity : 104021790720
2019-06-13 05:31:16,038 INFO  volume.VolumeSet (VolumeSet.java:initializeVolumeSet(170)) - Added Volume : /opt/src/hadoop-ozone/integration-test/target/test-dir/MiniOzoneClusterImpl-668071ad-a01b-49bb-86c6-6f829043dc22/datanode-4/data/containers/hdds to VolumeSet
2019-06-13 05:31:16,038 INFO  volume.ThrottledAsyncChecker (ThrottledAsyncChecker.java:schedule(140)) - Scheduling a check for org.apache.hadoop.ozone.container.common.volume.HddsVolume@5730b513
2019-06-13 05:31:16,038 INFO  volume.HddsVolumeChecker (HddsVolumeChecker.java:checkAllVolumes(203)) - Scheduled health check for volume org.apache.hadoop.ozone.container.common.volume.HddsVolume@5730b513
2019-06-13 05:31:16,051 INFO  ratis.XceiverServerRatis (XceiverServerRatis.java:newXceiverServerRatis(401)) - Found a free port for the server : 46639
2019-06-13 05:31:16,052 INFO  impl.RaftServerProxy (ConfUtils.java:logGet(43)) - raft.rpc.type = GRPC (default)
2019-06-13 05:31:16,052 INFO  grpc.GrpcConfigKeys$Server (ConfUtils.java:logGet(43)) - raft.grpc.server.port = 46639 (custom)
2019-06-13 05:31:16,052 INFO  server.GrpcService (ConfUtils.java:logGet(43)) - raft.grpc.message.size.max = 33570816 (custom)
2019-06-13 05:31:16,053 INFO  server.RaftServerConfigKeys (ConfUtils.java:logGet(43)) - raft.server.log.appender.buffer.byte-limit = 33554432 (custom)
2019-06-13 05:31:16,053 INFO  server.GrpcService (ConfUtils.java:logGet(43)) - raft.grpc.flow.control.window = 1MB (=1048576) (default)
2019-06-13 05:31:16,053 INFO  server.RaftServerConfigKeys (ConfUtils.java:logGet(43)) - raft.server.rpc.request.timeout = 3000ms (default)
2019-06-13 05:31:16,054 INFO  server.RaftServerConfigKeys (ConfUtils.java:logGet(43)) - raft.server.storage.dir = [/opt/src/hadoop-ozone/integration-test/target/test-dir/MiniOzoneClusterImpl-668071ad-a01b-49bb-86c6-6f829043dc22/datanode-4/data/ratis] (custom)
2019-06-13 05:31:16,054 INFO  server.XceiverServerGrpc (XceiverServerGrpc.java:<init>(97)) - Found a free port for the server : 40235
2019-06-13 05:31:16,055 INFO  replication.SimpleContainerDownloader (SimpleContainerDownloader.java:<init>(72)) - Starting container downloader service to copy containers to replicate.
2019-06-13 05:31:16,056 INFO  hdfs.DFSUtil (DFSUtil.java:httpServerTemplateForNNAndJN(1641)) - Starting Web-server for hddsDatanode at: http://0.0.0.0:0
2019-06-13 05:31:16,056 INFO  server.AuthenticationFilter (AuthenticationFilter.java:constructSecretProvider(240)) - Unable to initialize FileSignerSecretProvider, falling back to use random secrets.
2019-06-13 05:31:16,057 WARN  http.HttpRequestLog (HttpRequestLog.java:getRequestLog(97)) - Jetty request log can only be enabled using Log4j
2019-06-13 05:31:16,058 INFO  http.HttpServer2 (HttpServer2.java:addGlobalFilter(975)) - Added global filter 'safety' (class=org.apache.hadoop.http.HttpServer2$QuotingInputFilter)
2019-06-13 05:31:16,058 INFO  http.HttpServer2 (HttpServer2.java:addFilter(948)) - Added filter static_user_filter (class=org.apache.hadoop.http.lib.StaticUserWebFilter$StaticUserFilter) to context hddsDatanode
2019-06-13 05:31:16,059 INFO  http.HttpServer2 (HttpServer2.java:addFilter(958)) - Added filter static_user_filter (class=org.apache.hadoop.http.lib.StaticUserWebFilter$StaticUserFilter) to context static
2019-06-13 05:31:16,059 INFO  http.HttpServer2 (HttpServer2.java:addFilter(958)) - Added filter static_user_filter (class=org.apache.hadoop.http.lib.StaticUserWebFilter$StaticUserFilter) to context logs
2019-06-13 05:31:16,059 INFO  http.HttpServer2 (HttpServer2.java:bindListener(1191)) - Jetty bound to port 44209
2019-06-13 05:31:16,060 INFO  server.Server (Server.java:doStart(351)) - jetty-9.3.24.v20180605, build timestamp: 2018-06-05T17:11:56Z, git hash: 84205aa28f11a4f31f2a3b86d1bba2cc8ab69827
2019-06-13 05:31:16,069 INFO  handler.ContextHandler (ContextHandler.java:doStart(781)) - Started o.e.j.s.ServletContextHandler@1d535b78{/logs,file:///opt/src/hadoop-ozone/integration-test/target/log,AVAILABLE}
2019-06-13 05:31:16,069 INFO  handler.ContextHandler (ContextHandler.java:doStart(781)) - Started o.e.j.s.ServletContextHandler@55a66bbf{/static,jar:file:/root/.m2/repository/org/apache/hadoop/hadoop-hdds-container-service/0.5.0-SNAPSHOT/hadoop-hdds-container-service-0.5.0-SNAPSHOT.jar!/webapps/static,AVAILABLE}
2019-06-13 05:31:16,098 INFO  handler.ContextHandler (ContextHandler.java:doStart(781)) - Started o.e.j.w.WebAppContext@2728add3{/,file:///tmp/jetty-0.0.0.0-44209-hddsDatanode-_-any-3072629991412579049.dir/webapp/,AVAILABLE}{/hddsDatanode}
2019-06-13 05:31:16,099 INFO  server.AbstractConnector (AbstractConnector.java:doStart(278)) - Started ServerConnector@4fce3ed7{HTTP/1.1,[http/1.1]}{0.0.0.0:44209}
2019-06-13 05:31:16,099 INFO  server.Server (Server.java:doStart(419)) - Started @41322ms
2019-06-13 05:31:16,100 INFO  server.BaseHttpServer (BaseHttpServer.java:updateConnectorAddress(207)) - HTTP server of HDDSDATANODE is listening at http://0.0.0.0:44209
2019-06-13 05:31:16,219 INFO  ozone.HddsDatanodeService (HddsDatanodeService.java:startPlugins(396)) - Started plug-in org.apache.hadoop.ozone.web.OzoneHddsDatanodeService@36931450
2019-06-13 05:31:16,219 INFO  impl.MetricsSystemImpl (MetricsSystemImpl.java:init(158)) - HddsDatanode metrics system started (again)
2019-06-13 05:31:16,220 INFO  ozone.HddsDatanodeService (HddsDatanodeService.java:start(185)) - HddsDatanodeService host:ozone-w6gkr-1366096734 ip:192.168.19.45
2019-06-13 05:31:16,225 INFO  util.JvmPauseMonitor (JvmPauseMonitor.java:run(188)) - Starting JVM pause monitor
2019-06-13 05:31:16,230 INFO  datanode.InitDatanodeState (InitDatanodeState.java:persistContainerDatanodeDetails(140)) - DatanodeDetails is persisted to /opt/src/hadoop-ozone/integration-test/target/test-dir/MiniOzoneClusterImpl-668071ad-a01b-49bb-86c6-6f829043dc22/datanode-4/meta/datanode.id
2019-06-13 05:31:16,235 INFO  volume.HddsVolume (HddsVolume.java:<init>(176)) - Creating Volume: /opt/src/hadoop-ozone/integration-test/target/test-dir/MiniOzoneClusterImpl-668071ad-a01b-49bb-86c6-6f829043dc22/datanode-5/data/containers/hdds of  storage type : DISK and capacity : 104021790720
2019-06-13 05:31:16,235 INFO  volume.VolumeSet (VolumeSet.java:initializeVolumeSet(170)) - Added Volume : /opt/src/hadoop-ozone/integration-test/target/test-dir/MiniOzoneClusterImpl-668071ad-a01b-49bb-86c6-6f829043dc22/datanode-5/data/containers/hdds to VolumeSet
2019-06-13 05:31:16,236 INFO  volume.ThrottledAsyncChecker (ThrottledAsyncChecker.java:schedule(140)) - Scheduling a check for org.apache.hadoop.ozone.container.common.volume.HddsVolume@4d90d91f
2019-06-13 05:31:16,236 INFO  volume.HddsVolumeChecker (HddsVolumeChecker.java:checkAllVolumes(203)) - Scheduled health check for volume org.apache.hadoop.ozone.container.common.volume.HddsVolume@4d90d91f
2019-06-13 05:31:16,248 INFO  ratis.XceiverServerRatis (XceiverServerRatis.java:newXceiverServerRatis(401)) - Found a free port for the server : 40967
2019-06-13 05:31:16,250 INFO  impl.RaftServerProxy (ConfUtils.java:logGet(43)) - raft.rpc.type = GRPC (default)
2019-06-13 05:31:16,250 INFO  grpc.GrpcConfigKeys$Server (ConfUtils.java:logGet(43)) - raft.grpc.server.port = 40967 (custom)
2019-06-13 05:31:16,250 INFO  server.GrpcService (ConfUtils.java:logGet(43)) - raft.grpc.message.size.max = 33570816 (custom)
2019-06-13 05:31:16,250 INFO  server.RaftServerConfigKeys (ConfUtils.java:logGet(43)) - raft.server.log.appender.buffer.byte-limit = 33554432 (custom)
2019-06-13 05:31:16,250 INFO  server.GrpcService (ConfUtils.java:logGet(43)) - raft.grpc.flow.control.window = 1MB (=1048576) (default)
2019-06-13 05:31:16,251 INFO  server.RaftServerConfigKeys (ConfUtils.java:logGet(43)) - raft.server.rpc.request.timeout = 3000ms (default)
2019-06-13 05:31:16,251 INFO  server.RaftServerConfigKeys (ConfUtils.java:logGet(43)) - raft.server.storage.dir = [/opt/src/hadoop-ozone/integration-test/target/test-dir/MiniOzoneClusterImpl-668071ad-a01b-49bb-86c6-6f829043dc22/datanode-5/data/ratis] (custom)
2019-06-13 05:31:16,251 INFO  server.XceiverServerGrpc (XceiverServerGrpc.java:<init>(97)) - Found a free port for the server : 40381
2019-06-13 05:31:16,252 INFO  replication.SimpleContainerDownloader (SimpleContainerDownloader.java:<init>(72)) - Starting container downloader service to copy containers to replicate.
2019-06-13 05:31:16,253 INFO  hdfs.DFSUtil (DFSUtil.java:httpServerTemplateForNNAndJN(1641)) - Starting Web-server for hddsDatanode at: http://0.0.0.0:0
2019-06-13 05:31:16,254 INFO  server.AuthenticationFilter (AuthenticationFilter.java:constructSecretProvider(240)) - Unable to initialize FileSignerSecretProvider, falling back to use random secrets.
2019-06-13 05:31:16,254 WARN  http.HttpRequestLog (HttpRequestLog.java:getRequestLog(97)) - Jetty request log can only be enabled using Log4j
2019-06-13 05:31:16,256 INFO  http.HttpServer2 (HttpServer2.java:addGlobalFilter(975)) - Added global filter 'safety' (class=org.apache.hadoop.http.HttpServer2$QuotingInputFilter)
2019-06-13 05:31:16,256 INFO  http.HttpServer2 (HttpServer2.java:addFilter(948)) - Added filter static_user_filter (class=org.apache.hadoop.http.lib.StaticUserWebFilter$StaticUserFilter) to context hddsDatanode
2019-06-13 05:31:16,256 INFO  http.HttpServer2 (HttpServer2.java:addFilter(958)) - Added filter static_user_filter (class=org.apache.hadoop.http.lib.StaticUserWebFilter$StaticUserFilter) to context static
2019-06-13 05:31:16,257 INFO  http.HttpServer2 (HttpServer2.java:addFilter(958)) - Added filter static_user_filter (class=org.apache.hadoop.http.lib.StaticUserWebFilter$StaticUserFilter) to context logs
2019-06-13 05:31:16,257 INFO  http.HttpServer2 (HttpServer2.java:bindListener(1191)) - Jetty bound to port 40445
2019-06-13 05:31:16,257 INFO  server.Server (Server.java:doStart(351)) - jetty-9.3.24.v20180605, build timestamp: 2018-06-05T17:11:56Z, git hash: 84205aa28f11a4f31f2a3b86d1bba2cc8ab69827
2019-06-13 05:31:16,274 INFO  handler.ContextHandler (ContextHandler.java:doStart(781)) - Started o.e.j.s.ServletContextHandler@7d5d77a6{/logs,file:///opt/src/hadoop-ozone/integration-test/target/log,AVAILABLE}
2019-06-13 05:31:16,274 INFO  handler.ContextHandler (ContextHandler.java:doStart(781)) - Started o.e.j.s.ServletContextHandler@55202ba6{/static,jar:file:/root/.m2/repository/org/apache/hadoop/hadoop-hdds-container-service/0.5.0-SNAPSHOT/hadoop-hdds-container-service-0.5.0-SNAPSHOT.jar!/webapps/static,AVAILABLE}
2019-06-13 05:31:16,296 INFO  handler.ContextHandler (ContextHandler.java:doStart(781)) - Started o.e.j.w.WebAppContext@35dc849b{/,file:///tmp/jetty-0.0.0.0-40445-hddsDatanode-_-any-6349699244345850209.dir/webapp/,AVAILABLE}{/hddsDatanode}
2019-06-13 05:31:16,296 INFO  server.AbstractConnector (AbstractConnector.java:doStart(278)) - Started ServerConnector@276aa33f{HTTP/1.1,[http/1.1]}{0.0.0.0:40445}
2019-06-13 05:31:16,298 INFO  server.Server (Server.java:doStart(419)) - Started @41520ms
2019-06-13 05:31:16,298 INFO  server.BaseHttpServer (BaseHttpServer.java:updateConnectorAddress(207)) - HTTP server of HDDSDATANODE is listening at http://0.0.0.0:40445
2019-06-13 05:31:16,385 INFO  ozone.HddsDatanodeService (HddsDatanodeService.java:startPlugins(396)) - Started plug-in org.apache.hadoop.ozone.web.OzoneHddsDatanodeService@3095d06b
2019-06-13 05:31:16,385 INFO  impl.MetricsSystemImpl (MetricsSystemImpl.java:init(158)) - HddsDatanode metrics system started (again)
2019-06-13 05:31:16,386 INFO  ozone.HddsDatanodeService (HddsDatanodeService.java:start(185)) - HddsDatanodeService host:ozone-w6gkr-1366096734 ip:192.168.19.45
2019-06-13 05:31:16,387 INFO  util.JvmPauseMonitor (JvmPauseMonitor.java:run(188)) - Starting JVM pause monitor
2019-06-13 05:31:16,389 INFO  datanode.InitDatanodeState (InitDatanodeState.java:persistContainerDatanodeDetails(140)) - DatanodeDetails is persisted to /opt/src/hadoop-ozone/integration-test/target/test-dir/MiniOzoneClusterImpl-668071ad-a01b-49bb-86c6-6f829043dc22/datanode-5/meta/datanode.id
2019-06-13 05:31:16,391 INFO  volume.HddsVolume (HddsVolume.java:<init>(176)) - Creating Volume: /opt/src/hadoop-ozone/integration-test/target/test-dir/MiniOzoneClusterImpl-668071ad-a01b-49bb-86c6-6f829043dc22/datanode-6/data/containers/hdds of  storage type : DISK and capacity : 104021790720
2019-06-13 05:31:16,391 INFO  volume.VolumeSet (VolumeSet.java:initializeVolumeSet(170)) - Added Volume : /opt/src/hadoop-ozone/integration-test/target/test-dir/MiniOzoneClusterImpl-668071ad-a01b-49bb-86c6-6f829043dc22/datanode-6/data/containers/hdds to VolumeSet
2019-06-13 05:31:16,391 INFO  volume.ThrottledAsyncChecker (ThrottledAsyncChecker.java:schedule(140)) - Scheduling a check for org.apache.hadoop.ozone.container.common.volume.HddsVolume@b04a6a4
2019-06-13 05:31:16,394 INFO  volume.HddsVolumeChecker (HddsVolumeChecker.java:checkAllVolumes(203)) - Scheduled health check for volume org.apache.hadoop.ozone.container.common.volume.HddsVolume@b04a6a4
2019-06-13 05:31:16,402 INFO  ratis.XceiverServerRatis (XceiverServerRatis.java:newXceiverServerRatis(401)) - Found a free port for the server : 35579
2019-06-13 05:31:16,404 INFO  impl.RaftServerProxy (ConfUtils.java:logGet(43)) - raft.rpc.type = GRPC (default)
2019-06-13 05:31:16,404 INFO  grpc.GrpcConfigKeys$Server (ConfUtils.java:logGet(43)) - raft.grpc.server.port = 35579 (custom)
2019-06-13 05:31:16,404 INFO  server.GrpcService (ConfUtils.java:logGet(43)) - raft.grpc.message.size.max = 33570816 (custom)
2019-06-13 05:31:16,404 INFO  server.RaftServerConfigKeys (ConfUtils.java:logGet(43)) - raft.server.log.appender.buffer.byte-limit = 33554432 (custom)
2019-06-13 05:31:16,404 INFO  server.GrpcService (ConfUtils.java:logGet(43)) - raft.grpc.flow.control.window = 1MB (=1048576) (default)
2019-06-13 05:31:16,405 INFO  server.RaftServerConfigKeys (ConfUtils.java:logGet(43)) - raft.server.rpc.request.timeout = 3000ms (default)
2019-06-13 05:31:16,405 INFO  server.RaftServerConfigKeys (ConfUtils.java:logGet(43)) - raft.server.storage.dir = [/opt/src/hadoop-ozone/integration-test/target/test-dir/MiniOzoneClusterImpl-668071ad-a01b-49bb-86c6-6f829043dc22/datanode-6/data/ratis] (custom)
2019-06-13 05:31:16,405 INFO  server.XceiverServerGrpc (XceiverServerGrpc.java:<init>(97)) - Found a free port for the server : 35183
2019-06-13 05:31:16,406 INFO  replication.SimpleContainerDownloader (SimpleContainerDownloader.java:<init>(72)) - Starting container downloader service to copy containers to replicate.
2019-06-13 05:31:16,407 INFO  hdfs.DFSUtil (DFSUtil.java:httpServerTemplateForNNAndJN(1641)) - Starting Web-server for hddsDatanode at: http://0.0.0.0:0
2019-06-13 05:31:16,408 INFO  server.AuthenticationFilter (AuthenticationFilter.java:constructSecretProvider(240)) - Unable to initialize FileSignerSecretProvider, falling back to use random secrets.
2019-06-13 05:31:16,410 WARN  http.HttpRequestLog (HttpRequestLog.java:getRequestLog(97)) - Jetty request log can only be enabled using Log4j
2019-06-13 05:31:16,411 INFO  http.HttpServer2 (HttpServer2.java:addGlobalFilter(975)) - Added global filter 'safety' (class=org.apache.hadoop.http.HttpServer2$QuotingInputFilter)
2019-06-13 05:31:16,411 INFO  http.HttpServer2 (HttpServer2.java:addFilter(948)) - Added filter static_user_filter (class=org.apache.hadoop.http.lib.StaticUserWebFilter$StaticUserFilter) to context hddsDatanode
2019-06-13 05:31:16,411 INFO  http.HttpServer2 (HttpServer2.java:addFilter(958)) - Added filter static_user_filter (class=org.apache.hadoop.http.lib.StaticUserWebFilter$StaticUserFilter) to context static
2019-06-13 05:31:16,411 INFO  http.HttpServer2 (HttpServer2.java:addFilter(958)) - Added filter static_user_filter (class=org.apache.hadoop.http.lib.StaticUserWebFilter$StaticUserFilter) to context logs
2019-06-13 05:31:16,412 INFO  http.HttpServer2 (HttpServer2.java:bindListener(1191)) - Jetty bound to port 33065
2019-06-13 05:31:16,412 INFO  server.Server (Server.java:doStart(351)) - jetty-9.3.24.v20180605, build timestamp: 2018-06-05T17:11:56Z, git hash: 84205aa28f11a4f31f2a3b86d1bba2cc8ab69827
2019-06-13 05:31:16,413 INFO  handler.ContextHandler (ContextHandler.java:doStart(781)) - Started o.e.j.s.ServletContextHandler@6e1d9b32{/logs,file:///opt/src/hadoop-ozone/integration-test/target/log,AVAILABLE}
2019-06-13 05:31:16,413 INFO  handler.ContextHandler (ContextHandler.java:doStart(781)) - Started o.e.j.s.ServletContextHandler@10728fe8{/static,jar:file:/root/.m2/repository/org/apache/hadoop/hadoop-hdds-container-service/0.5.0-SNAPSHOT/hadoop-hdds-container-service-0.5.0-SNAPSHOT.jar!/webapps/static,AVAILABLE}
2019-06-13 05:31:16,434 INFO  handler.ContextHandler (ContextHandler.java:doStart(781)) - Started o.e.j.w.WebAppContext@7b92ea9d{/,file:///tmp/jetty-0.0.0.0-33065-hddsDatanode-_-any-1405569629144103292.dir/webapp/,AVAILABLE}{/hddsDatanode}
2019-06-13 05:31:16,434 INFO  server.AbstractConnector (AbstractConnector.java:doStart(278)) - Started ServerConnector@6b3bc1f6{HTTP/1.1,[http/1.1]}{0.0.0.0:33065}
2019-06-13 05:31:16,436 INFO  server.Server (Server.java:doStart(419)) - Started @41659ms
2019-06-13 05:31:16,437 INFO  server.BaseHttpServer (BaseHttpServer.java:updateConnectorAddress(207)) - HTTP server of HDDSDATANODE is listening at http://0.0.0.0:33065
2019-06-13 05:31:16,512 INFO  ozone.HddsDatanodeService (HddsDatanodeService.java:startPlugins(396)) - Started plug-in org.apache.hadoop.ozone.web.OzoneHddsDatanodeService@6956eb58
2019-06-13 05:31:16,512 INFO  ozone.MiniOzoneClusterImpl (MiniOzoneClusterImpl.java:lambda$waitForClusterToBeReady$0(142)) - Waiting for cluster to be ready. Got 0 of 7 DN Heartbeats.
2019-06-13 05:31:16,520 INFO  util.JvmPauseMonitor (JvmPauseMonitor.java:run(188)) - Starting JVM pause monitor
2019-06-13 05:31:16,520 INFO  datanode.InitDatanodeState (InitDatanodeState.java:persistContainerDatanodeDetails(140)) - DatanodeDetails is persisted to /opt/src/hadoop-ozone/integration-test/target/test-dir/MiniOzoneClusterImpl-668071ad-a01b-49bb-86c6-6f829043dc22/datanode-6/meta/datanode.id
2019-06-13 05:31:17,512 INFO  ozone.MiniOzoneClusterImpl (MiniOzoneClusterImpl.java:lambda$waitForClusterToBeReady$0(142)) - Waiting for cluster to be ready. Got 0 of 7 DN Heartbeats.
2019-06-13 05:31:17,554 INFO  ozoneimpl.OzoneContainer (OzoneContainer.java:start(186)) - Attempting to start container services.
2019-06-13 05:31:17,554 INFO  ozoneimpl.OzoneContainer (OzoneContainer.java:startContainerScrub(160)) - Background container scrubber has been disabled by hdds.containerscrub.enabled
2019-06-13 05:31:17,555 INFO  ratis.XceiverServerRatis (XceiverServerRatis.java:start(418)) - Starting XceiverServerRatis 52a9e243-62aa-48f5-a55c-943024e5d88f at port 36161
2019-06-13 05:31:17,558 INFO  impl.RaftServerProxy (RaftServerProxy.java:lambda$start$3(299)) - 52a9e243-62aa-48f5-a55c-943024e5d88f: start RPC server
2019-06-13 05:31:17,559 INFO  server.GrpcService (GrpcService.java:startImpl(148)) - 52a9e243-62aa-48f5-a55c-943024e5d88f: GrpcService started, listening on 0.0.0.0/0.0.0.0:36161
2019-06-13 05:31:17,726 INFO  ozoneimpl.OzoneContainer (OzoneContainer.java:start(186)) - Attempting to start container services.
2019-06-13 05:31:17,727 INFO  ozoneimpl.OzoneContainer (OzoneContainer.java:startContainerScrub(160)) - Background container scrubber has been disabled by hdds.containerscrub.enabled
2019-06-13 05:31:17,727 INFO  ratis.XceiverServerRatis (XceiverServerRatis.java:start(418)) - Starting XceiverServerRatis 157645c2-71dd-4cc5-b325-e6dfb0626eb0 at port 45287
2019-06-13 05:31:17,745 INFO  impl.RaftServerProxy (RaftServerProxy.java:lambda$start$3(299)) - 157645c2-71dd-4cc5-b325-e6dfb0626eb0: start RPC server
2019-06-13 05:31:17,746 INFO  server.GrpcService (GrpcService.java:startImpl(148)) - 157645c2-71dd-4cc5-b325-e6dfb0626eb0: GrpcService started, listening on 0.0.0.0/0.0.0.0:45287
2019-06-13 05:31:17,885 INFO  ozoneimpl.OzoneContainer (OzoneContainer.java:start(186)) - Attempting to start container services.
2019-06-13 05:31:17,885 INFO  ozoneimpl.OzoneContainer (OzoneContainer.java:startContainerScrub(160)) - Background container scrubber has been disabled by hdds.containerscrub.enabled
2019-06-13 05:31:17,885 INFO  ratis.XceiverServerRatis (XceiverServerRatis.java:start(418)) - Starting XceiverServerRatis f233e835-59f6-449c-9820-380739eed38a at port 41355
2019-06-13 05:31:17,898 INFO  impl.RaftServerProxy (RaftServerProxy.java:lambda$start$3(299)) - f233e835-59f6-449c-9820-380739eed38a: start RPC server
2019-06-13 05:31:17,903 INFO  server.GrpcService (GrpcService.java:startImpl(148)) - f233e835-59f6-449c-9820-380739eed38a: GrpcService started, listening on 0.0.0.0/0.0.0.0:41355
2019-06-13 05:31:18,035 INFO  ozoneimpl.OzoneContainer (OzoneContainer.java:start(186)) - Attempting to start container services.
2019-06-13 05:31:18,035 INFO  ozoneimpl.OzoneContainer (OzoneContainer.java:startContainerScrub(160)) - Background container scrubber has been disabled by hdds.containerscrub.enabled
2019-06-13 05:31:18,035 INFO  ratis.XceiverServerRatis (XceiverServerRatis.java:start(418)) - Starting XceiverServerRatis 7c47e1ba-3315-44e3-9843-93d4fafd52bf at port 36277
2019-06-13 05:31:18,038 INFO  impl.RaftServerProxy (RaftServerProxy.java:lambda$start$3(299)) - 7c47e1ba-3315-44e3-9843-93d4fafd52bf: start RPC server
2019-06-13 05:31:18,039 INFO  server.GrpcService (GrpcService.java:startImpl(148)) - 7c47e1ba-3315-44e3-9843-93d4fafd52bf: GrpcService started, listening on 0.0.0.0/0.0.0.0:36277
2019-06-13 05:31:18,229 INFO  ozoneimpl.OzoneContainer (OzoneContainer.java:start(186)) - Attempting to start container services.
2019-06-13 05:31:18,229 INFO  ozoneimpl.OzoneContainer (OzoneContainer.java:startContainerScrub(160)) - Background container scrubber has been disabled by hdds.containerscrub.enabled
2019-06-13 05:31:18,229 INFO  ratis.XceiverServerRatis (XceiverServerRatis.java:start(418)) - Starting XceiverServerRatis 091eba2f-44a3-45eb-85e6-b2409ffc12b4 at port 46639
2019-06-13 05:31:18,233 INFO  impl.RaftServerProxy (RaftServerProxy.java:lambda$start$3(299)) - 091eba2f-44a3-45eb-85e6-b2409ffc12b4: start RPC server
2019-06-13 05:31:18,238 INFO  server.GrpcService (GrpcService.java:startImpl(148)) - 091eba2f-44a3-45eb-85e6-b2409ffc12b4: GrpcService started, listening on 0.0.0.0/0.0.0.0:46639
2019-06-13 05:31:18,390 INFO  ozoneimpl.OzoneContainer (OzoneContainer.java:start(186)) - Attempting to start container services.
2019-06-13 05:31:18,390 INFO  ozoneimpl.OzoneContainer (OzoneContainer.java:startContainerScrub(160)) - Background container scrubber has been disabled by hdds.containerscrub.enabled
2019-06-13 05:31:18,390 INFO  ratis.XceiverServerRatis (XceiverServerRatis.java:start(418)) - Starting XceiverServerRatis 5b7b52d9-1e55-4e28-a475-245db188cb80 at port 40967
2019-06-13 05:31:18,393 INFO  impl.RaftServerProxy (RaftServerProxy.java:lambda$start$3(299)) - 5b7b52d9-1e55-4e28-a475-245db188cb80: start RPC server
2019-06-13 05:31:18,393 INFO  server.GrpcService (GrpcService.java:startImpl(148)) - 5b7b52d9-1e55-4e28-a475-245db188cb80: GrpcService started, listening on 0.0.0.0/0.0.0.0:40967
2019-06-13 05:31:18,513 INFO  ozone.MiniOzoneClusterImpl (MiniOzoneClusterImpl.java:lambda$waitForClusterToBeReady$0(142)) - Waiting for cluster to be ready. Got 0 of 7 DN Heartbeats.
2019-06-13 05:31:18,522 INFO  ozoneimpl.OzoneContainer (OzoneContainer.java:start(186)) - Attempting to start container services.
2019-06-13 05:31:18,523 INFO  ozoneimpl.OzoneContainer (OzoneContainer.java:startContainerScrub(160)) - Background container scrubber has been disabled by hdds.containerscrub.enabled
2019-06-13 05:31:18,523 INFO  ratis.XceiverServerRatis (XceiverServerRatis.java:start(418)) - Starting XceiverServerRatis 829670e8-1aa8-439c-ba96-95e4fb76450d at port 35579
2019-06-13 05:31:18,526 INFO  impl.RaftServerProxy (RaftServerProxy.java:lambda$start$3(299)) - 829670e8-1aa8-439c-ba96-95e4fb76450d: start RPC server
2019-06-13 05:31:18,526 INFO  server.GrpcService (GrpcService.java:startImpl(148)) - 829670e8-1aa8-439c-ba96-95e4fb76450d: GrpcService started, listening on 0.0.0.0/0.0.0.0:35579
2019-06-13 05:31:19,513 INFO  ozone.MiniOzoneClusterImpl (MiniOzoneClusterImpl.java:lambda$waitForClusterToBeReady$0(142)) - Waiting for cluster to be ready. Got 0 of 7 DN Heartbeats.
2019-06-13 05:31:19,550 INFO  node.SCMNodeManager (SCMNodeManager.java:register(234)) - Registered Data node : 52a9e243-62aa-48f5-a55c-943024e5d88f{ip: 192.168.19.45, host: ozone-w6gkr-1366096734, networkLocation: /default-rack, certSerialId: null}
2019-06-13 05:31:19,552 INFO  safemode.SCMSafeModeManager (DataNodeSafeModeRule.java:process(71)) - SCM in safe mode. 1 DataNodes registered, 1 required.
2019-06-13 05:31:19,553 INFO  safemode.SCMSafeModeManager (SCMSafeModeManager.java:validateSafeModeExitRules(177)) - ScmSafeModeManager, all rules are successfully validated
2019-06-13 05:31:19,553 INFO  safemode.SCMSafeModeManager (SCMSafeModeManager.java:exitSafeMode(193)) - SCM exiting safe mode.
2019-06-13 05:31:19,558 INFO  impl.RaftServerProxy (RaftServerProxy.java:addNew(89)) - 52a9e243-62aa-48f5-a55c-943024e5d88f: addNew group-930E76EDB95E:[52a9e243-62aa-48f5-a55c-943024e5d88f:192.168.19.45:36161] returns group-930E76EDB95E:java.util.concurrent.CompletableFuture@2e9c23c5[Not completed]
2019-06-13 05:31:19,559 INFO  impl.RaftServerImpl (RaftServerImpl.java:<init>(91)) - 52a9e243-62aa-48f5-a55c-943024e5d88f: new RaftServerImpl for group-930E76EDB95E:[52a9e243-62aa-48f5-a55c-943024e5d88f:192.168.19.45:36161] with ContainerStateMachine:uninitialized
2019-06-13 05:31:19,559 INFO  server.RaftServerConfigKeys (ConfUtils.java:logGet(43)) - raft.server.rpc.timeout.min = 1s (custom)
2019-06-13 05:31:19,559 INFO  server.RaftServerConfigKeys (ConfUtils.java:logGet(43)) - raft.server.rpc.timeout.max = 1200ms (custom)
2019-06-13 05:31:19,559 INFO  server.RaftServerConfigKeys (ConfUtils.java:logGet(43)) - raft.server.rpcslowness.timeout = 120s (custom)
2019-06-13 05:31:19,559 INFO  server.RaftServerConfigKeys (ConfUtils.java:logGet(43)) - raft.server.log.appender.install.snapshot.enabled = true (default)
2019-06-13 05:31:19,559 INFO  impl.RaftServerImpl (ServerState.java:<init>(101)) - 52a9e243-62aa-48f5-a55c-943024e5d88f:group-930E76EDB95E ConfigurationManager, init=-1: [52a9e243-62aa-48f5-a55c-943024e5d88f:192.168.19.45:36161], old=null, confs=<EMPTY_MAP>
2019-06-13 05:31:19,559 INFO  server.RaftServerConfigKeys (ConfUtils.java:logGet(43)) - raft.server.storage.dir = [/opt/src/hadoop-ozone/integration-test/target/test-dir/MiniOzoneClusterImpl-668071ad-a01b-49bb-86c6-6f829043dc22/datanode-0/data/ratis] (custom)
2019-06-13 05:31:19,559 INFO  storage.RaftStorageDirectory (RaftStorageDirectory.java:analyzeStorage(246)) - The storage directory /opt/src/hadoop-ozone/integration-test/target/test-dir/MiniOzoneClusterImpl-668071ad-a01b-49bb-86c6-6f829043dc22/datanode-0/data/ratis/4f50edfc-c6d7-4215-a171-930e76edb95e does not exist. Creating ...
2019-06-13 05:31:19,561 INFO  storage.RaftStorageDirectory (RaftStorageDirectory.java:tryLock(328)) - Lock on /opt/src/hadoop-ozone/integration-test/target/test-dir/MiniOzoneClusterImpl-668071ad-a01b-49bb-86c6-6f829043dc22/datanode-0/data/ratis/4f50edfc-c6d7-4215-a171-930e76edb95e/in_use.lock acquired by nodename 20922@ozone-w6gkr-1366096734
2019-06-13 05:31:19,563 INFO  storage.RaftStorage (RaftStorage.java:format(75)) - Storage directory /opt/src/hadoop-ozone/integration-test/target/test-dir/MiniOzoneClusterImpl-668071ad-a01b-49bb-86c6-6f829043dc22/datanode-0/data/ratis/4f50edfc-c6d7-4215-a171-930e76edb95e has been successfully formatted.
2019-06-13 05:31:19,564 INFO  ratis.ContainerStateMachine (ContainerStateMachine.java:loadSnapshot(199)) - The snapshot info is null.Setting the last applied index to:(t:0, i:~)
2019-06-13 05:31:19,564 INFO  server.RaftServerConfigKeys (ConfUtils.java:logGet(43)) - raft.server.leader.election.timeout = 120s (custom)
2019-06-13 05:31:19,564 INFO  server.RaftServerConfigKeys (ConfUtils.java:logGet(43)) - raft.server.log.use.memory = false (default)
2019-06-13 05:31:19,564 INFO  server.RaftServerConfigKeys (ConfUtils.java:logGet(43)) - raft.server.log.appender.buffer.byte-limit = 33554432 (custom)
2019-06-13 05:31:19,564 INFO  server.RaftServerConfigKeys (ConfUtils.java:logGet(43)) - raft.server.log.segment.size.max = 16384 (custom)
2019-06-13 05:31:19,564 INFO  server.RaftServerConfigKeys (ConfUtils.java:logGet(43)) - raft.server.log.segment.cache.num.max = 2 (custom)
2019-06-13 05:31:19,564 INFO  storage.RaftLogWorker (RaftLogWorker.java:<init>(123)) - new 52a9e243-62aa-48f5-a55c-943024e5d88f-RaftLogWorker for Storage Directory /opt/src/hadoop-ozone/integration-test/target/test-dir/MiniOzoneClusterImpl-668071ad-a01b-49bb-86c6-6f829043dc22/datanode-0/data/ratis/4f50edfc-c6d7-4215-a171-930e76edb95e
2019-06-13 05:31:19,564 INFO  server.RaftServerConfigKeys (ConfUtils.java:logGet(43)) - raft.server.log.queue.byte-limit = 2147483647 (custom)
2019-06-13 05:31:19,564 INFO  server.RaftServerConfigKeys (ConfUtils.java:logGet(43)) - raft.server.log.queue.element-limit = 1024 (custom)
2019-06-13 05:31:19,564 INFO  server.RaftServerConfigKeys (ConfUtils.java:logGet(43)) - raft.server.log.segment.size.max = 16384 (custom)
2019-06-13 05:31:19,564 INFO  server.RaftServerConfigKeys (ConfUtils.java:logGet(43)) - raft.server.log.preallocated.size = 16384 (custom)
2019-06-13 05:31:19,564 INFO  server.RaftServerConfigKeys (ConfUtils.java:logGet(43)) - raft.server.log.write.buffer.size = 33554432 (custom)
2019-06-13 05:31:19,564 INFO  server.RaftServerConfigKeys (ConfUtils.java:logGet(43)) - raft.server.log.force.sync.num = 128 (default)
2019-06-13 05:31:19,564 INFO  server.RaftServerConfigKeys (ConfUtils.java:logGet(43)) - raft.server.log.statemachine.data.sync = true (default)
2019-06-13 05:31:19,565 INFO  server.RaftServerConfigKeys (ConfUtils.java:logGet(43)) - raft.server.log.statemachine.data.sync.timeout = 10s (default)
2019-06-13 05:31:19,565 INFO  server.RaftServerConfigKeys (ConfUtils.java:logGet(43)) - raft.server.log.statemachine.data.sync.timeout.retry = -1 (default)
2019-06-13 05:31:19,565 INFO  server.RaftServerConfigKeys (ConfUtils.java:logGet(43)) - raft.server.log.statemachine.data.caching.enabled = true (custom)
2019-06-13 05:31:19,565 INFO  server.RaftServerConfigKeys (ConfUtils.java:logGet(43)) - raft.server.snapshot.auto.trigger.enabled = true (custom)
2019-06-13 05:31:19,565 INFO  server.RaftServerConfigKeys (ConfUtils.java:logGet(43)) - raft.server.snapshot.auto.trigger.threshold = 10000 (custom)
2019-06-13 05:31:19,565 INFO  server.RaftServerConfigKeys (ConfUtils.java:logGet(43)) - raft.server.retrycache.expirytime = 600000ms (custom)
2019-06-13 05:31:19,565 INFO  impl.RaftServerImpl (RaftServerImpl.java:start(173)) - 52a9e243-62aa-48f5-a55c-943024e5d88f: start group-930E76EDB95E
2019-06-13 05:31:19,565 INFO  impl.RaftServerImpl (RaftServerImpl.java:setRole(164)) - 52a9e243-62aa-48f5-a55c-943024e5d88f:group-930E76EDB95E changes role from null to FOLLOWER at term 0 for startAsFollower
2019-06-13 05:31:19,565 INFO  impl.RoleInfo (RoleInfo.java:updateAndGet(143)) - 52a9e243-62aa-48f5-a55c-943024e5d88f: start FollowerState
2019-06-13 05:31:19,566 INFO  util.JmxRegister (JmxRegister.java:tryRegister(44)) - Successfully registered JMX Bean with object name Ratis:service=RaftServer,group=group-930E76EDB95E,id=52a9e243-62aa-48f5-a55c-943024e5d88f
2019-06-13 05:31:19,567 INFO  pipeline.PipelineStateManager (PipelineStateManager.java:addPipeline(56)) - Created pipeline Pipeline[ Id: 4f50edfc-c6d7-4215-a171-930e76edb95e, Nodes: 52a9e243-62aa-48f5-a55c-943024e5d88f{ip: 192.168.19.45, host: ozone-w6gkr-1366096734, networkLocation: /default-rack, certSerialId: null}, Type:RATIS, Factor:ONE, State:OPEN]
2019-06-13 05:31:19,722 INFO  node.SCMNodeManager (SCMNodeManager.java:register(234)) - Registered Data node : 157645c2-71dd-4cc5-b325-e6dfb0626eb0{ip: 192.168.19.45, host: ozone-w6gkr-1366096734, networkLocation: /default-rack, certSerialId: null}
2019-06-13 05:31:19,734 INFO  impl.RaftServerProxy (RaftServerProxy.java:addNew(89)) - 157645c2-71dd-4cc5-b325-e6dfb0626eb0: addNew group-5E2FA7E465C7:[157645c2-71dd-4cc5-b325-e6dfb0626eb0:192.168.19.45:45287] returns group-5E2FA7E465C7:java.util.concurrent.CompletableFuture@4d20e2f6[Not completed]
2019-06-13 05:31:19,734 INFO  impl.RaftServerImpl (RaftServerImpl.java:<init>(91)) - 157645c2-71dd-4cc5-b325-e6dfb0626eb0: new RaftServerImpl for group-5E2FA7E465C7:[157645c2-71dd-4cc5-b325-e6dfb0626eb0:192.168.19.45:45287] with ContainerStateMachine:uninitialized
2019-06-13 05:31:19,735 INFO  server.RaftServerConfigKeys (ConfUtils.java:logGet(43)) - raft.server.rpc.timeout.min = 1s (custom)
2019-06-13 05:31:19,735 INFO  server.RaftServerConfigKeys (ConfUtils.java:logGet(43)) - raft.server.rpc.timeout.max = 1200ms (custom)
2019-06-13 05:31:19,735 INFO  server.RaftServerConfigKeys (ConfUtils.java:logGet(43)) - raft.server.rpcslowness.timeout = 120s (custom)
2019-06-13 05:31:19,735 INFO  server.RaftServerConfigKeys (ConfUtils.java:logGet(43)) - raft.server.log.appender.install.snapshot.enabled = true (default)
2019-06-13 05:31:19,735 INFO  impl.RaftServerImpl (ServerState.java:<init>(101)) - 157645c2-71dd-4cc5-b325-e6dfb0626eb0:group-5E2FA7E465C7 ConfigurationManager, init=-1: [157645c2-71dd-4cc5-b325-e6dfb0626eb0:192.168.19.45:45287], old=null, confs=<EMPTY_MAP>
2019-06-13 05:31:19,735 INFO  server.RaftServerConfigKeys (ConfUtils.java:logGet(43)) - raft.server.storage.dir = [/opt/src/hadoop-ozone/integration-test/target/test-dir/MiniOzoneClusterImpl-668071ad-a01b-49bb-86c6-6f829043dc22/datanode-1/data/ratis] (custom)
2019-06-13 05:31:19,735 INFO  storage.RaftStorageDirectory (RaftStorageDirectory.java:analyzeStorage(246)) - The storage directory /opt/src/hadoop-ozone/integration-test/target/test-dir/MiniOzoneClusterImpl-668071ad-a01b-49bb-86c6-6f829043dc22/datanode-1/data/ratis/539d65a0-43a9-4910-a0cb-5e2fa7e465c7 does not exist. Creating ...
2019-06-13 05:31:19,738 INFO  storage.RaftStorageDirectory (RaftStorageDirectory.java:tryLock(328)) - Lock on /opt/src/hadoop-ozone/integration-test/target/test-dir/MiniOzoneClusterImpl-668071ad-a01b-49bb-86c6-6f829043dc22/datanode-1/data/ratis/539d65a0-43a9-4910-a0cb-5e2fa7e465c7/in_use.lock acquired by nodename 20922@ozone-w6gkr-1366096734
2019-06-13 05:31:19,740 INFO  storage.RaftStorage (RaftStorage.java:format(75)) - Storage directory /opt/src/hadoop-ozone/integration-test/target/test-dir/MiniOzoneClusterImpl-668071ad-a01b-49bb-86c6-6f829043dc22/datanode-1/data/ratis/539d65a0-43a9-4910-a0cb-5e2fa7e465c7 has been successfully formatted.
2019-06-13 05:31:19,740 INFO  ratis.ContainerStateMachine (ContainerStateMachine.java:loadSnapshot(199)) - The snapshot info is null.Setting the last applied index to:(t:0, i:~)
2019-06-13 05:31:19,740 INFO  server.RaftServerConfigKeys (ConfUtils.java:logGet(43)) - raft.server.leader.election.timeout = 120s (custom)
2019-06-13 05:31:19,740 INFO  server.RaftServerConfigKeys (ConfUtils.java:logGet(43)) - raft.server.log.use.memory = false (default)
2019-06-13 05:31:19,740 INFO  server.RaftServerConfigKeys (ConfUtils.java:logGet(43)) - raft.server.log.appender.buffer.byte-limit = 33554432 (custom)
2019-06-13 05:31:19,740 INFO  server.RaftServerConfigKeys (ConfUtils.java:logGet(43)) - raft.server.log.segment.size.max = 16384 (custom)
2019-06-13 05:31:19,740 INFO  server.RaftServerConfigKeys (ConfUtils.java:logGet(43)) - raft.server.log.segment.cache.num.max = 2 (custom)
2019-06-13 05:31:19,740 INFO  storage.RaftLogWorker (RaftLogWorker.java:<init>(123)) - new 157645c2-71dd-4cc5-b325-e6dfb0626eb0-RaftLogWorker for Storage Directory /opt/src/hadoop-ozone/integration-test/target/test-dir/MiniOzoneClusterImpl-668071ad-a01b-49bb-86c6-6f829043dc22/datanode-1/data/ratis/539d65a0-43a9-4910-a0cb-5e2fa7e465c7
2019-06-13 05:31:19,740 INFO  server.RaftServerConfigKeys (ConfUtils.java:logGet(43)) - raft.server.log.queue.byte-limit = 2147483647 (custom)
2019-06-13 05:31:19,740 INFO  server.RaftServerConfigKeys (ConfUtils.java:logGet(43)) - raft.server.log.queue.element-limit = 1024 (custom)
2019-06-13 05:31:19,740 INFO  server.RaftServerConfigKeys (ConfUtils.java:logGet(43)) - raft.server.log.segment.size.max = 16384 (custom)
2019-06-13 05:31:19,740 INFO  server.RaftServerConfigKeys (ConfUtils.java:logGet(43)) - raft.server.log.preallocated.size = 16384 (custom)
2019-06-13 05:31:19,740 INFO  server.RaftServerConfigKeys (ConfUtils.java:logGet(43)) - raft.server.log.write.buffer.size = 33554432 (custom)
2019-06-13 05:31:19,740 INFO  server.RaftServerConfigKeys (ConfUtils.java:logGet(43)) - raft.server.log.force.sync.num = 128 (default)
2019-06-13 05:31:19,741 INFO  server.RaftServerConfigKeys (ConfUtils.java:logGet(43)) - raft.server.log.statemachine.data.sync = true (default)
2019-06-13 05:31:19,741 INFO  server.RaftServerConfigKeys (ConfUtils.java:logGet(43)) - raft.server.log.statemachine.data.sync.timeout = 10s (default)
2019-06-13 05:31:19,741 INFO  server.RaftServerConfigKeys (ConfUtils.java:logGet(43)) - raft.server.log.statemachine.data.sync.timeout.retry = -1 (default)
2019-06-13 05:31:19,741 INFO  server.RaftServerConfigKeys (ConfUtils.java:logGet(43)) - raft.server.log.statemachine.data.caching.enabled = true (custom)
2019-06-13 05:31:19,741 INFO  server.RaftServerConfigKeys (ConfUtils.java:logGet(43)) - raft.server.snapshot.auto.trigger.enabled = true (custom)
2019-06-13 05:31:19,741 INFO  server.RaftServerConfigKeys (ConfUtils.java:logGet(43)) - raft.server.snapshot.auto.trigger.threshold = 10000 (custom)
2019-06-13 05:31:19,741 INFO  server.RaftServerConfigKeys (ConfUtils.java:logGet(43)) - raft.server.retrycache.expirytime = 600000ms (custom)
2019-06-13 05:31:19,741 INFO  impl.RaftServerImpl (RaftServerImpl.java:start(173)) - 157645c2-71dd-4cc5-b325-e6dfb0626eb0: start group-5E2FA7E465C7
2019-06-13 05:31:19,741 INFO  impl.RaftServerImpl (RaftServerImpl.java:setRole(164)) - 157645c2-71dd-4cc5-b325-e6dfb0626eb0:group-5E2FA7E465C7 changes role from null to FOLLOWER at term 0 for startAsFollower
2019-06-13 05:31:19,742 INFO  impl.RoleInfo (RoleInfo.java:updateAndGet(143)) - 157645c2-71dd-4cc5-b325-e6dfb0626eb0: start FollowerState
2019-06-13 05:31:19,742 INFO  util.JmxRegister (JmxRegister.java:tryRegister(44)) - Successfully registered JMX Bean with object name Ratis:service=RaftServer,group=group-5E2FA7E465C7,id=157645c2-71dd-4cc5-b325-e6dfb0626eb0
2019-06-13 05:31:19,743 INFO  pipeline.PipelineStateManager (PipelineStateManager.java:addPipeline(56)) - Created pipeline Pipeline[ Id: 539d65a0-43a9-4910-a0cb-5e2fa7e465c7, Nodes: 157645c2-71dd-4cc5-b325-e6dfb0626eb0{ip: 192.168.19.45, host: ozone-w6gkr-1366096734, networkLocation: /default-rack, certSerialId: null}, Type:RATIS, Factor:ONE, State:OPEN]
2019-06-13 05:31:19,882 INFO  node.SCMNodeManager (SCMNodeManager.java:register(234)) - Registered Data node : f233e835-59f6-449c-9820-380739eed38a{ip: 192.168.19.45, host: ozone-w6gkr-1366096734, networkLocation: /default-rack, certSerialId: null}
2019-06-13 05:31:19,888 INFO  impl.RaftServerProxy (RaftServerProxy.java:addNew(89)) - f233e835-59f6-449c-9820-380739eed38a: addNew group-9B7521D409A0:[f233e835-59f6-449c-9820-380739eed38a:192.168.19.45:41355] returns group-9B7521D409A0:java.util.concurrent.CompletableFuture@61c96f00[Not completed]
2019-06-13 05:31:19,888 INFO  impl.RaftServerImpl (RaftServerImpl.java:<init>(91)) - f233e835-59f6-449c-9820-380739eed38a: new RaftServerImpl for group-9B7521D409A0:[f233e835-59f6-449c-9820-380739eed38a:192.168.19.45:41355] with ContainerStateMachine:uninitialized
2019-06-13 05:31:19,889 INFO  server.RaftServerConfigKeys (ConfUtils.java:logGet(43)) - raft.server.rpc.timeout.min = 1s (custom)
2019-06-13 05:31:19,889 INFO  server.RaftServerConfigKeys (ConfUtils.java:logGet(43)) - raft.server.rpc.timeout.max = 1200ms (custom)
2019-06-13 05:31:19,889 INFO  server.RaftServerConfigKeys (ConfUtils.java:logGet(43)) - raft.server.rpcslowness.timeout = 120s (custom)
2019-06-13 05:31:19,889 INFO  server.RaftServerConfigKeys (ConfUtils.java:logGet(43)) - raft.server.log.appender.install.snapshot.enabled = true (default)
2019-06-13 05:31:19,889 INFO  impl.RaftServerImpl (ServerState.java:<init>(101)) - f233e835-59f6-449c-9820-380739eed38a:group-9B7521D409A0 ConfigurationManager, init=-1: [f233e835-59f6-449c-9820-380739eed38a:192.168.19.45:41355], old=null, confs=<EMPTY_MAP>
2019-06-13 05:31:19,889 INFO  server.RaftServerConfigKeys (ConfUtils.java:logGet(43)) - raft.server.storage.dir = [/opt/src/hadoop-ozone/integration-test/target/test-dir/MiniOzoneClusterImpl-668071ad-a01b-49bb-86c6-6f829043dc22/datanode-2/data/ratis] (custom)
2019-06-13 05:31:19,889 INFO  storage.RaftStorageDirectory (RaftStorageDirectory.java:analyzeStorage(246)) - The storage directory /opt/src/hadoop-ozone/integration-test/target/test-dir/MiniOzoneClusterImpl-668071ad-a01b-49bb-86c6-6f829043dc22/datanode-2/data/ratis/23f003e3-57c1-4632-a37f-9b7521d409a0 does not exist. Creating ...
2019-06-13 05:31:19,891 INFO  storage.RaftStorageDirectory (RaftStorageDirectory.java:tryLock(328)) - Lock on /opt/src/hadoop-ozone/integration-test/target/test-dir/MiniOzoneClusterImpl-668071ad-a01b-49bb-86c6-6f829043dc22/datanode-2/data/ratis/23f003e3-57c1-4632-a37f-9b7521d409a0/in_use.lock acquired by nodename 20922@ozone-w6gkr-1366096734
2019-06-13 05:31:19,893 INFO  storage.RaftStorage (RaftStorage.java:format(75)) - Storage directory /opt/src/hadoop-ozone/integration-test/target/test-dir/MiniOzoneClusterImpl-668071ad-a01b-49bb-86c6-6f829043dc22/datanode-2/data/ratis/23f003e3-57c1-4632-a37f-9b7521d409a0 has been successfully formatted.
2019-06-13 05:31:19,893 INFO  ratis.ContainerStateMachine (ContainerStateMachine.java:loadSnapshot(199)) - The snapshot info is null.Setting the last applied index to:(t:0, i:~)
2019-06-13 05:31:19,894 INFO  server.RaftServerConfigKeys (ConfUtils.java:logGet(43)) - raft.server.leader.election.timeout = 120s (custom)
2019-06-13 05:31:19,894 INFO  server.RaftServerConfigKeys (ConfUtils.java:logGet(43)) - raft.server.log.use.memory = false (default)
2019-06-13 05:31:19,894 INFO  server.RaftServerConfigKeys (ConfUtils.java:logGet(43)) - raft.server.log.appender.buffer.byte-limit = 33554432 (custom)
2019-06-13 05:31:19,894 INFO  server.RaftServerConfigKeys (ConfUtils.java:logGet(43)) - raft.server.log.segment.size.max = 16384 (custom)
2019-06-13 05:31:19,894 INFO  server.RaftServerConfigKeys (ConfUtils.java:logGet(43)) - raft.server.log.segment.cache.num.max = 2 (custom)
2019-06-13 05:31:19,894 INFO  storage.RaftLogWorker (RaftLogWorker.java:<init>(123)) - new f233e835-59f6-449c-9820-380739eed38a-RaftLogWorker for Storage Directory /opt/src/hadoop-ozone/integration-test/target/test-dir/MiniOzoneClusterImpl-668071ad-a01b-49bb-86c6-6f829043dc22/datanode-2/data/ratis/23f003e3-57c1-4632-a37f-9b7521d409a0
2019-06-13 05:31:19,894 INFO  server.RaftServerConfigKeys (ConfUtils.java:logGet(43)) - raft.server.log.queue.byte-limit = 2147483647 (custom)
2019-06-13 05:31:19,894 INFO  server.RaftServerConfigKeys (ConfUtils.java:logGet(43)) - raft.server.log.queue.element-limit = 1024 (custom)
2019-06-13 05:31:19,894 INFO  server.RaftServerConfigKeys (ConfUtils.java:logGet(43)) - raft.server.log.segment.size.max = 16384 (custom)
2019-06-13 05:31:19,894 INFO  server.RaftServerConfigKeys (ConfUtils.java:logGet(43)) - raft.server.log.preallocated.size = 16384 (custom)
2019-06-13 05:31:19,894 INFO  server.RaftServerConfigKeys (ConfUtils.java:logGet(43)) - raft.server.log.write.buffer.size = 33554432 (custom)
2019-06-13 05:31:19,894 INFO  server.RaftServerConfigKeys (ConfUtils.java:logGet(43)) - raft.server.log.force.sync.num = 128 (default)
2019-06-13 05:31:19,894 INFO  server.RaftServerConfigKeys (ConfUtils.java:logGet(43)) - raft.server.log.statemachine.data.sync = true (default)
2019-06-13 05:31:19,895 INFO  server.RaftServerConfigKeys (ConfUtils.java:logGet(43)) - raft.server.log.statemachine.data.sync.timeout = 10s (default)
2019-06-13 05:31:19,895 INFO  server.RaftServerConfigKeys (ConfUtils.java:logGet(43)) - raft.server.log.statemachine.data.sync.timeout.retry = -1 (default)
2019-06-13 05:31:19,895 INFO  server.RaftServerConfigKeys (ConfUtils.java:logGet(43)) - raft.server.log.statemachine.data.caching.enabled = true (custom)
2019-06-13 05:31:19,895 INFO  server.RaftServerConfigKeys (ConfUtils.java:logGet(43)) - raft.server.snapshot.auto.trigger.enabled = true (custom)
2019-06-13 05:31:19,895 INFO  server.RaftServerConfigKeys (ConfUtils.java:logGet(43)) - raft.server.snapshot.auto.trigger.threshold = 10000 (custom)
2019-06-13 05:31:19,895 INFO  server.RaftServerConfigKeys (ConfUtils.java:logGet(43)) - raft.server.retrycache.expirytime = 600000ms (custom)
2019-06-13 05:31:19,895 INFO  impl.RaftServerImpl (RaftServerImpl.java:start(173)) - f233e835-59f6-449c-9820-380739eed38a: start group-9B7521D409A0
2019-06-13 05:31:19,895 INFO  impl.RaftServerImpl (RaftServerImpl.java:setRole(164)) - f233e835-59f6-449c-9820-380739eed38a:group-9B7521D409A0 changes role from null to FOLLOWER at term 0 for startAsFollower
2019-06-13 05:31:19,896 INFO  impl.RoleInfo (RoleInfo.java:updateAndGet(143)) - f233e835-59f6-449c-9820-380739eed38a: start FollowerState
2019-06-13 05:31:19,896 INFO  util.JmxRegister (JmxRegister.java:tryRegister(44)) - Successfully registered JMX Bean with object name Ratis:service=RaftServer,group=group-9B7521D409A0,id=f233e835-59f6-449c-9820-380739eed38a
2019-06-13 05:31:19,898 INFO  pipeline.PipelineStateManager (PipelineStateManager.java:addPipeline(56)) - Created pipeline Pipeline[ Id: 23f003e3-57c1-4632-a37f-9b7521d409a0, Nodes: f233e835-59f6-449c-9820-380739eed38a{ip: 192.168.19.45, host: ozone-w6gkr-1366096734, networkLocation: /default-rack, certSerialId: null}, Type:RATIS, Factor:ONE, State:OPEN]
2019-06-13 05:31:19,909 INFO  impl.RaftServerProxy (RaftServerProxy.java:addNew(89)) - 157645c2-71dd-4cc5-b325-e6dfb0626eb0: addNew group-A849B9DD786C:[157645c2-71dd-4cc5-b325-e6dfb0626eb0:192.168.19.45:45287, f233e835-59f6-449c-9820-380739eed38a:192.168.19.45:41355, 52a9e243-62aa-48f5-a55c-943024e5d88f:192.168.19.45:36161] returns group-A849B9DD786C:java.util.concurrent.CompletableFuture@2b34069d[Not completed]
2019-06-13 05:31:19,909 INFO  impl.RaftServerProxy (RaftServerProxy.java:addNew(89)) - 52a9e243-62aa-48f5-a55c-943024e5d88f: addNew group-A849B9DD786C:[157645c2-71dd-4cc5-b325-e6dfb0626eb0:192.168.19.45:45287, f233e835-59f6-449c-9820-380739eed38a:192.168.19.45:41355, 52a9e243-62aa-48f5-a55c-943024e5d88f:192.168.19.45:36161] returns group-A849B9DD786C:java.util.concurrent.CompletableFuture@20ea03d6[Not completed]
2019-06-13 05:31:19,909 INFO  impl.RaftServerProxy (RaftServerProxy.java:addNew(89)) - f233e835-59f6-449c-9820-380739eed38a: addNew group-A849B9DD786C:[157645c2-71dd-4cc5-b325-e6dfb0626eb0:192.168.19.45:45287, f233e835-59f6-449c-9820-380739eed38a:192.168.19.45:41355, 52a9e243-62aa-48f5-a55c-943024e5d88f:192.168.19.45:36161] returns group-A849B9DD786C:java.util.concurrent.CompletableFuture@3d42799f[Not completed]
2019-06-13 05:31:19,909 INFO  impl.RaftServerImpl (RaftServerImpl.java:<init>(91)) - 157645c2-71dd-4cc5-b325-e6dfb0626eb0: new RaftServerImpl for group-A849B9DD786C:[157645c2-71dd-4cc5-b325-e6dfb0626eb0:192.168.19.45:45287, f233e835-59f6-449c-9820-380739eed38a:192.168.19.45:41355, 52a9e243-62aa-48f5-a55c-943024e5d88f:192.168.19.45:36161] with ContainerStateMachine:uninitialized
2019-06-13 05:31:19,909 INFO  server.RaftServerConfigKeys (ConfUtils.java:logGet(43)) - raft.server.rpc.timeout.min = 1s (custom)
2019-06-13 05:31:19,909 INFO  impl.RaftServerImpl (RaftServerImpl.java:<init>(91)) - 52a9e243-62aa-48f5-a55c-943024e5d88f: new RaftServerImpl for group-A849B9DD786C:[157645c2-71dd-4cc5-b325-e6dfb0626eb0:192.168.19.45:45287, f233e835-59f6-449c-9820-380739eed38a:192.168.19.45:41355, 52a9e243-62aa-48f5-a55c-943024e5d88f:192.168.19.45:36161] with ContainerStateMachine:uninitialized
2019-06-13 05:31:19,909 INFO  server.RaftServerConfigKeys (ConfUtils.java:logGet(43)) - raft.server.rpc.timeout.max = 1200ms (custom)
2019-06-13 05:31:19,910 INFO  server.RaftServerConfigKeys (ConfUtils.java:logGet(43)) - raft.server.rpc.timeout.min = 1s (custom)
2019-06-13 05:31:19,910 INFO  server.RaftServerConfigKeys (ConfUtils.java:logGet(43)) - raft.server.rpc.timeout.max = 1200ms (custom)
2019-06-13 05:31:19,910 INFO  server.RaftServerConfigKeys (ConfUtils.java:logGet(43)) - raft.server.rpcslowness.timeout = 120s (custom)
2019-06-13 05:31:19,910 INFO  server.RaftServerConfigKeys (ConfUtils.java:logGet(43)) - raft.server.log.appender.install.snapshot.enabled = true (default)
2019-06-13 05:31:19,910 INFO  impl.RaftServerImpl (ServerState.java:<init>(101)) - 52a9e243-62aa-48f5-a55c-943024e5d88f:group-A849B9DD786C ConfigurationManager, init=-1: [157645c2-71dd-4cc5-b325-e6dfb0626eb0:192.168.19.45:45287, f233e835-59f6-449c-9820-380739eed38a:192.168.19.45:41355, 52a9e243-62aa-48f5-a55c-943024e5d88f:192.168.19.45:36161], old=null, confs=<EMPTY_MAP>
2019-06-13 05:31:19,910 INFO  server.RaftServerConfigKeys (ConfUtils.java:logGet(43)) - raft.server.storage.dir = [/opt/src/hadoop-ozone/integration-test/target/test-dir/MiniOzoneClusterImpl-668071ad-a01b-49bb-86c6-6f829043dc22/datanode-0/data/ratis] (custom)
2019-06-13 05:31:19,910 INFO  storage.RaftStorageDirectory (RaftStorageDirectory.java:analyzeStorage(246)) - The storage directory /opt/src/hadoop-ozone/integration-test/target/test-dir/MiniOzoneClusterImpl-668071ad-a01b-49bb-86c6-6f829043dc22/datanode-0/data/ratis/1a85d60f-9eec-4602-8df1-a849b9dd786c does not exist. Creating ...
2019-06-13 05:31:19,910 INFO  server.RaftServerConfigKeys (ConfUtils.java:logGet(43)) - raft.server.rpcslowness.timeout = 120s (custom)
2019-06-13 05:31:19,915 INFO  server.RaftServerConfigKeys (ConfUtils.java:logGet(43)) - raft.server.log.appender.install.snapshot.enabled = true (default)
2019-06-13 05:31:19,916 INFO  impl.RaftServerImpl (ServerState.java:<init>(101)) - 157645c2-71dd-4cc5-b325-e6dfb0626eb0:group-A849B9DD786C ConfigurationManager, init=-1: [157645c2-71dd-4cc5-b325-e6dfb0626eb0:192.168.19.45:45287, f233e835-59f6-449c-9820-380739eed38a:192.168.19.45:41355, 52a9e243-62aa-48f5-a55c-943024e5d88f:192.168.19.45:36161], old=null, confs=<EMPTY_MAP>
2019-06-13 05:31:19,916 INFO  impl.RaftServerImpl (RaftServerImpl.java:<init>(91)) - f233e835-59f6-449c-9820-380739eed38a: new RaftServerImpl for group-A849B9DD786C:[157645c2-71dd-4cc5-b325-e6dfb0626eb0:192.168.19.45:45287, f233e835-59f6-449c-9820-380739eed38a:192.168.19.45:41355, 52a9e243-62aa-48f5-a55c-943024e5d88f:192.168.19.45:36161] with ContainerStateMachine:uninitialized
2019-06-13 05:31:19,916 INFO  server.RaftServerConfigKeys (ConfUtils.java:logGet(43)) - raft.server.storage.dir = [/opt/src/hadoop-ozone/integration-test/target/test-dir/MiniOzoneClusterImpl-668071ad-a01b-49bb-86c6-6f829043dc22/datanode-1/data/ratis] (custom)
2019-06-13 05:31:19,916 INFO  server.RaftServerConfigKeys (ConfUtils.java:logGet(43)) - raft.server.rpc.timeout.min = 1s (custom)
2019-06-13 05:31:19,916 INFO  storage.RaftStorageDirectory (RaftStorageDirectory.java:analyzeStorage(246)) - The storage directory /opt/src/hadoop-ozone/integration-test/target/test-dir/MiniOzoneClusterImpl-668071ad-a01b-49bb-86c6-6f829043dc22/datanode-1/data/ratis/1a85d60f-9eec-4602-8df1-a849b9dd786c does not exist. Creating ...
2019-06-13 05:31:19,916 INFO  server.RaftServerConfigKeys (ConfUtils.java:logGet(43)) - raft.server.rpc.timeout.max = 1200ms (custom)
2019-06-13 05:31:19,916 INFO  server.RaftServerConfigKeys (ConfUtils.java:logGet(43)) - raft.server.rpcslowness.timeout = 120s (custom)
2019-06-13 05:31:19,916 INFO  server.RaftServerConfigKeys (ConfUtils.java:logGet(43)) - raft.server.log.appender.install.snapshot.enabled = true (default)
2019-06-13 05:31:19,916 INFO  impl.RaftServerImpl (ServerState.java:<init>(101)) - f233e835-59f6-449c-9820-380739eed38a:group-A849B9DD786C ConfigurationManager, init=-1: [157645c2-71dd-4cc5-b325-e6dfb0626eb0:192.168.19.45:45287, f233e835-59f6-449c-9820-380739eed38a:192.168.19.45:41355, 52a9e243-62aa-48f5-a55c-943024e5d88f:192.168.19.45:36161], old=null, confs=<EMPTY_MAP>
2019-06-13 05:31:19,917 INFO  server.RaftServerConfigKeys (ConfUtils.java:logGet(43)) - raft.server.storage.dir = [/opt/src/hadoop-ozone/integration-test/target/test-dir/MiniOzoneClusterImpl-668071ad-a01b-49bb-86c6-6f829043dc22/datanode-2/data/ratis] (custom)
2019-06-13 05:31:19,917 INFO  storage.RaftStorageDirectory (RaftStorageDirectory.java:analyzeStorage(246)) - The storage directory /opt/src/hadoop-ozone/integration-test/target/test-dir/MiniOzoneClusterImpl-668071ad-a01b-49bb-86c6-6f829043dc22/datanode-2/data/ratis/1a85d60f-9eec-4602-8df1-a849b9dd786c does not exist. Creating ...
2019-06-13 05:31:19,918 INFO  storage.RaftStorageDirectory (RaftStorageDirectory.java:tryLock(328)) - Lock on /opt/src/hadoop-ozone/integration-test/target/test-dir/MiniOzoneClusterImpl-668071ad-a01b-49bb-86c6-6f829043dc22/datanode-0/data/ratis/1a85d60f-9eec-4602-8df1-a849b9dd786c/in_use.lock acquired by nodename 20922@ozone-w6gkr-1366096734
2019-06-13 05:31:19,919 INFO  storage.RaftStorageDirectory (RaftStorageDirectory.java:tryLock(328)) - Lock on /opt/src/hadoop-ozone/integration-test/target/test-dir/MiniOzoneClusterImpl-668071ad-a01b-49bb-86c6-6f829043dc22/datanode-1/data/ratis/1a85d60f-9eec-4602-8df1-a849b9dd786c/in_use.lock acquired by nodename 20922@ozone-w6gkr-1366096734
2019-06-13 05:31:19,919 INFO  storage.RaftStorageDirectory (RaftStorageDirectory.java:tryLock(328)) - Lock on /opt/src/hadoop-ozone/integration-test/target/test-dir/MiniOzoneClusterImpl-668071ad-a01b-49bb-86c6-6f829043dc22/datanode-2/data/ratis/1a85d60f-9eec-4602-8df1-a849b9dd786c/in_use.lock acquired by nodename 20922@ozone-w6gkr-1366096734
2019-06-13 05:31:19,921 INFO  storage.RaftStorage (RaftStorage.java:format(75)) - Storage directory /opt/src/hadoop-ozone/integration-test/target/test-dir/MiniOzoneClusterImpl-668071ad-a01b-49bb-86c6-6f829043dc22/datanode-0/data/ratis/1a85d60f-9eec-4602-8df1-a849b9dd786c has been successfully formatted.
2019-06-13 05:31:19,921 INFO  storage.RaftStorage (RaftStorage.java:format(75)) - Storage directory /opt/src/hadoop-ozone/integration-test/target/test-dir/MiniOzoneClusterImpl-668071ad-a01b-49bb-86c6-6f829043dc22/datanode-2/data/ratis/1a85d60f-9eec-4602-8df1-a849b9dd786c has been successfully formatted.
2019-06-13 05:31:19,921 INFO  ratis.ContainerStateMachine (ContainerStateMachine.java:loadSnapshot(199)) - The snapshot info is null.Setting the last applied index to:(t:0, i:~)
2019-06-13 05:31:19,922 INFO  ratis.ContainerStateMachine (ContainerStateMachine.java:loadSnapshot(199)) - The snapshot info is null.Setting the last applied index to:(t:0, i:~)
2019-06-13 05:31:19,921 INFO  storage.RaftStorage (RaftStorage.java:format(75)) - Storage directory /opt/src/hadoop-ozone/integration-test/target/test-dir/MiniOzoneClusterImpl-668071ad-a01b-49bb-86c6-6f829043dc22/datanode-1/data/ratis/1a85d60f-9eec-4602-8df1-a849b9dd786c has been successfully formatted.
2019-06-13 05:31:19,922 INFO  server.RaftServerConfigKeys (ConfUtils.java:logGet(43)) - raft.server.leader.election.timeout = 120s (custom)
2019-06-13 05:31:19,922 INFO  server.RaftServerConfigKeys (ConfUtils.java:logGet(43)) - raft.server.leader.election.timeout = 120s (custom)
2019-06-13 05:31:19,922 INFO  server.RaftServerConfigKeys (ConfUtils.java:logGet(43)) - raft.server.log.use.memory = false (default)
2019-06-13 05:31:19,922 INFO  ratis.ContainerStateMachine (ContainerStateMachine.java:loadSnapshot(199)) - The snapshot info is null.Setting the last applied index to:(t:0, i:~)
2019-06-13 05:31:19,922 INFO  server.RaftServerConfigKeys (ConfUtils.java:logGet(43)) - raft.server.log.appender.buffer.byte-limit = 33554432 (custom)
2019-06-13 05:31:19,922 INFO  server.RaftServerConfigKeys (ConfUtils.java:logGet(43)) - raft.server.log.use.memory = false (default)
2019-06-13 05:31:19,922 INFO  server.RaftServerConfigKeys (ConfUtils.java:logGet(43)) - raft.server.log.segment.size.max = 16384 (custom)
2019-06-13 05:31:19,922 INFO  server.RaftServerConfigKeys (ConfUtils.java:logGet(43)) - raft.server.leader.election.timeout = 120s (custom)
2019-06-13 05:31:19,922 INFO  server.RaftServerConfigKeys (ConfUtils.java:logGet(43)) - raft.server.log.segment.cache.num.max = 2 (custom)
2019-06-13 05:31:19,922 INFO  server.RaftServerConfigKeys (ConfUtils.java:logGet(43)) - raft.server.log.appender.buffer.byte-limit = 33554432 (custom)
2019-06-13 05:31:19,922 INFO  storage.RaftLogWorker (RaftLogWorker.java:<init>(123)) - new f233e835-59f6-449c-9820-380739eed38a-RaftLogWorker for Storage Directory /opt/src/hadoop-ozone/integration-test/target/test-dir/MiniOzoneClusterImpl-668071ad-a01b-49bb-86c6-6f829043dc22/datanode-2/data/ratis/1a85d60f-9eec-4602-8df1-a849b9dd786c
2019-06-13 05:31:19,922 INFO  server.RaftServerConfigKeys (ConfUtils.java:logGet(43)) - raft.server.log.use.memory = false (default)
2019-06-13 05:31:19,923 INFO  server.RaftServerConfigKeys (ConfUtils.java:logGet(43)) - raft.server.log.queue.byte-limit = 2147483647 (custom)
2019-06-13 05:31:19,923 INFO  server.RaftServerConfigKeys (ConfUtils.java:logGet(43)) - raft.server.log.segment.size.max = 16384 (custom)
2019-06-13 05:31:19,923 INFO  server.RaftServerConfigKeys (ConfUtils.java:logGet(43)) - raft.server.log.queue.element-limit = 1024 (custom)
2019-06-13 05:31:19,923 INFO  server.RaftServerConfigKeys (ConfUtils.java:logGet(43)) - raft.server.log.appender.buffer.byte-limit = 33554432 (custom)
2019-06-13 05:31:19,923 INFO  server.RaftServerConfigKeys (ConfUtils.java:logGet(43)) - raft.server.log.segment.size.max = 16384 (custom)
2019-06-13 05:31:19,923 INFO  server.RaftServerConfigKeys (ConfUtils.java:logGet(43)) - raft.server.log.segment.cache.num.max = 2 (custom)
2019-06-13 05:31:19,923 INFO  server.RaftServerConfigKeys (ConfUtils.java:logGet(43)) - raft.server.log.preallocated.size = 16384 (custom)
2019-06-13 05:31:19,923 INFO  server.RaftServerConfigKeys (ConfUtils.java:logGet(43)) - raft.server.log.segment.size.max = 16384 (custom)
2019-06-13 05:31:19,923 INFO  server.RaftServerConfigKeys (ConfUtils.java:logGet(43)) - raft.server.log.write.buffer.size = 33554432 (custom)
2019-06-13 05:31:19,923 INFO  storage.RaftLogWorker (RaftLogWorker.java:<init>(123)) - new 52a9e243-62aa-48f5-a55c-943024e5d88f-RaftLogWorker for Storage Directory /opt/src/hadoop-ozone/integration-test/target/test-dir/MiniOzoneClusterImpl-668071ad-a01b-49bb-86c6-6f829043dc22/datanode-0/data/ratis/1a85d60f-9eec-4602-8df1-a849b9dd786c
2019-06-13 05:31:19,923 INFO  server.RaftServerConfigKeys (ConfUtils.java:logGet(43)) - raft.server.log.force.sync.num = 128 (default)
2019-06-13 05:31:19,923 INFO  server.RaftServerConfigKeys (ConfUtils.java:logGet(43)) - raft.server.log.segment.cache.num.max = 2 (custom)
2019-06-13 05:31:19,923 INFO  server.RaftServerConfigKeys (ConfUtils.java:logGet(43)) - raft.server.log.statemachine.data.sync = true (default)
2019-06-13 05:31:19,923 INFO  server.RaftServerConfigKeys (ConfUtils.java:logGet(43)) - raft.server.log.queue.byte-limit = 2147483647 (custom)
2019-06-13 05:31:19,924 INFO  server.RaftServerConfigKeys (ConfUtils.java:logGet(43)) - raft.server.log.statemachine.data.sync.timeout = 10s (default)
2019-06-13 05:31:19,924 INFO  storage.RaftLogWorker (RaftLogWorker.java:<init>(123)) - new 157645c2-71dd-4cc5-b325-e6dfb0626eb0-RaftLogWorker for Storage Directory /opt/src/hadoop-ozone/integration-test/target/test-dir/MiniOzoneClusterImpl-668071ad-a01b-49bb-86c6-6f829043dc22/datanode-1/data/ratis/1a85d60f-9eec-4602-8df1-a849b9dd786c
2019-06-13 05:31:19,924 INFO  server.RaftServerConfigKeys (ConfUtils.java:logGet(43)) - raft.server.log.statemachine.data.sync.timeout.retry = -1 (default)
2019-06-13 05:31:19,924 INFO  server.RaftServerConfigKeys (ConfUtils.java:logGet(43)) - raft.server.log.queue.element-limit = 1024 (custom)
2019-06-13 05:31:19,924 INFO  server.RaftServerConfigKeys (ConfUtils.java:logGet(43)) - raft.server.log.statemachine.data.caching.enabled = true (custom)
2019-06-13 05:31:19,924 INFO  server.RaftServerConfigKeys (ConfUtils.java:logGet(43)) - raft.server.log.queue.byte-limit = 2147483647 (custom)
2019-06-13 05:31:19,924 INFO  server.RaftServerConfigKeys (ConfUtils.java:logGet(43)) - raft.server.log.queue.element-limit = 1024 (custom)
2019-06-13 05:31:19,924 INFO  server.RaftServerConfigKeys (ConfUtils.java:logGet(43)) - raft.server.log.segment.size.max = 16384 (custom)
2019-06-13 05:31:19,924 INFO  server.RaftServerConfigKeys (ConfUtils.java:logGet(43)) - raft.server.log.preallocated.size = 16384 (custom)
2019-06-13 05:31:19,924 INFO  server.RaftServerConfigKeys (ConfUtils.java:logGet(43)) - raft.server.log.write.buffer.size = 33554432 (custom)
2019-06-13 05:31:19,924 INFO  server.RaftServerConfigKeys (ConfUtils.java:logGet(43)) - raft.server.log.force.sync.num = 128 (default)
2019-06-13 05:31:19,924 INFO  server.RaftServerConfigKeys (ConfUtils.java:logGet(43)) - raft.server.log.statemachine.data.sync = true (default)
2019-06-13 05:31:19,925 INFO  server.RaftServerConfigKeys (ConfUtils.java:logGet(43)) - raft.server.log.statemachine.data.sync.timeout = 10s (default)
2019-06-13 05:31:19,925 INFO  server.RaftServerConfigKeys (ConfUtils.java:logGet(43)) - raft.server.log.statemachine.data.sync.timeout.retry = -1 (default)
2019-06-13 05:31:19,925 INFO  server.RaftServerConfigKeys (ConfUtils.java:logGet(43)) - raft.server.log.statemachine.data.caching.enabled = true (custom)
2019-06-13 05:31:19,924 INFO  server.RaftServerConfigKeys (ConfUtils.java:logGet(43)) - raft.server.log.segment.size.max = 16384 (custom)
2019-06-13 05:31:19,924 INFO  server.RaftServerConfigKeys (ConfUtils.java:logGet(43)) - raft.server.snapshot.auto.trigger.enabled = true (custom)
2019-06-13 05:31:19,925 INFO  server.RaftServerConfigKeys (ConfUtils.java:logGet(43)) - raft.server.snapshot.auto.trigger.enabled = true (custom)
2019-06-13 05:31:19,925 INFO  server.RaftServerConfigKeys (ConfUtils.java:logGet(43)) - raft.server.snapshot.auto.trigger.threshold = 10000 (custom)
2019-06-13 05:31:19,925 INFO  server.RaftServerConfigKeys (ConfUtils.java:logGet(43)) - raft.server.retrycache.expirytime = 600000ms (custom)
2019-06-13 05:31:19,925 INFO  impl.RaftServerImpl (RaftServerImpl.java:start(173)) - 157645c2-71dd-4cc5-b325-e6dfb0626eb0: start group-A849B9DD786C
2019-06-13 05:31:19,926 INFO  impl.RaftServerImpl (RaftServerImpl.java:setRole(164)) - 157645c2-71dd-4cc5-b325-e6dfb0626eb0:group-A849B9DD786C changes role from null to FOLLOWER at term 0 for startAsFollower
2019-06-13 05:31:19,926 INFO  impl.RoleInfo (RoleInfo.java:updateAndGet(143)) - 157645c2-71dd-4cc5-b325-e6dfb0626eb0: start FollowerState
2019-06-13 05:31:19,925 INFO  server.RaftServerConfigKeys (ConfUtils.java:logGet(43)) - raft.server.log.preallocated.size = 16384 (custom)
2019-06-13 05:31:19,926 INFO  server.RaftServerConfigKeys (ConfUtils.java:logGet(43)) - raft.server.log.write.buffer.size = 33554432 (custom)
2019-06-13 05:31:19,926 INFO  util.JmxRegister (JmxRegister.java:tryRegister(44)) - Successfully registered JMX Bean with object name Ratis:service=RaftServer,group=group-A849B9DD786C,id=157645c2-71dd-4cc5-b325-e6dfb0626eb0
2019-06-13 05:31:19,925 INFO  server.RaftServerConfigKeys (ConfUtils.java:logGet(43)) - raft.server.snapshot.auto.trigger.threshold = 10000 (custom)
2019-06-13 05:31:19,926 INFO  server.RaftServerConfigKeys (ConfUtils.java:logGet(43)) - raft.server.log.force.sync.num = 128 (default)
2019-06-13 05:31:19,926 INFO  server.RaftServerConfigKeys (ConfUtils.java:logGet(43)) - raft.server.log.statemachine.data.sync = true (default)
2019-06-13 05:31:19,926 INFO  server.RaftServerConfigKeys (ConfUtils.java:logGet(43)) - raft.server.log.statemachine.data.sync.timeout = 10s (default)
2019-06-13 05:31:19,926 INFO  server.RaftServerConfigKeys (ConfUtils.java:logGet(43)) - raft.server.log.statemachine.data.sync.timeout.retry = -1 (default)
2019-06-13 05:31:19,926 INFO  server.RaftServerConfigKeys (ConfUtils.java:logGet(43)) - raft.server.log.statemachine.data.caching.enabled = true (custom)
2019-06-13 05:31:19,927 INFO  server.RaftServerConfigKeys (ConfUtils.java:logGet(43)) - raft.server.snapshot.auto.trigger.enabled = true (custom)
2019-06-13 05:31:19,927 INFO  server.RaftServerConfigKeys (ConfUtils.java:logGet(43)) - raft.server.snapshot.auto.trigger.threshold = 10000 (custom)
2019-06-13 05:31:19,927 INFO  server.RaftServerConfigKeys (ConfUtils.java:logGet(43)) - raft.server.retrycache.expirytime = 600000ms (custom)
2019-06-13 05:31:19,927 INFO  impl.RaftServerImpl (RaftServerImpl.java:start(173)) - 52a9e243-62aa-48f5-a55c-943024e5d88f: start group-A849B9DD786C
2019-06-13 05:31:19,927 INFO  impl.RaftServerImpl (RaftServerImpl.java:setRole(164)) - 52a9e243-62aa-48f5-a55c-943024e5d88f:group-A849B9DD786C changes role from null to FOLLOWER at term 0 for startAsFollower
2019-06-13 05:31:19,927 INFO  impl.RoleInfo (RoleInfo.java:updateAndGet(143)) - 52a9e243-62aa-48f5-a55c-943024e5d88f: start FollowerState
2019-06-13 05:31:19,928 INFO  server.RaftServerConfigKeys (ConfUtils.java:logGet(43)) - raft.server.retrycache.expirytime = 600000ms (custom)
2019-06-13 05:31:19,928 INFO  util.JmxRegister (JmxRegister.java:tryRegister(44)) - Successfully registered JMX Bean with object name Ratis:service=RaftServer,group=group-A849B9DD786C,id=52a9e243-62aa-48f5-a55c-943024e5d88f
2019-06-13 05:31:19,928 INFO  impl.RaftServerImpl (RaftServerImpl.java:start(173)) - f233e835-59f6-449c-9820-380739eed38a: start group-A849B9DD786C
2019-06-13 05:31:19,928 INFO  impl.RaftServerImpl (RaftServerImpl.java:setRole(164)) - f233e835-59f6-449c-9820-380739eed38a:group-A849B9DD786C changes role from null to FOLLOWER at term 0 for startAsFollower
2019-06-13 05:31:19,928 INFO  impl.RoleInfo (RoleInfo.java:updateAndGet(143)) - f233e835-59f6-449c-9820-380739eed38a: start FollowerState
2019-06-13 05:31:19,930 INFO  util.JmxRegister (JmxRegister.java:tryRegister(44)) - Successfully registered JMX Bean with object name Ratis:service=RaftServer,group=group-A849B9DD786C,id=f233e835-59f6-449c-9820-380739eed38a
2019-06-13 05:31:19,932 INFO  pipeline.PipelineStateManager (PipelineStateManager.java:addPipeline(56)) - Created pipeline Pipeline[ Id: 1a85d60f-9eec-4602-8df1-a849b9dd786c, Nodes: 52a9e243-62aa-48f5-a55c-943024e5d88f{ip: 192.168.19.45, host: ozone-w6gkr-1366096734, networkLocation: /default-rack, certSerialId: null}157645c2-71dd-4cc5-b325-e6dfb0626eb0{ip: 192.168.19.45, host: ozone-w6gkr-1366096734, networkLocation: /default-rack, certSerialId: null}f233e835-59f6-449c-9820-380739eed38a{ip: 192.168.19.45, host: ozone-w6gkr-1366096734, networkLocation: /default-rack, certSerialId: null}, Type:RATIS, Factor:THREE, State:OPEN]
2019-06-13 05:31:20,033 INFO  node.SCMNodeManager (SCMNodeManager.java:register(234)) - Registered Data node : 7c47e1ba-3315-44e3-9843-93d4fafd52bf{ip: 192.168.19.45, host: ozone-w6gkr-1366096734, networkLocation: /default-rack, certSerialId: null}
2019-06-13 05:31:20,041 INFO  impl.RaftServerProxy (RaftServerProxy.java:addNew(89)) - 7c47e1ba-3315-44e3-9843-93d4fafd52bf: addNew group-E6D5579D549A:[7c47e1ba-3315-44e3-9843-93d4fafd52bf:192.168.19.45:36277] returns group-E6D5579D549A:java.util.concurrent.CompletableFuture@53c54bbc[Not completed]
2019-06-13 05:31:20,043 INFO  impl.RaftServerImpl (RaftServerImpl.java:<init>(91)) - 7c47e1ba-3315-44e3-9843-93d4fafd52bf: new RaftServerImpl for group-E6D5579D549A:[7c47e1ba-3315-44e3-9843-93d4fafd52bf:192.168.19.45:36277] with ContainerStateMachine:uninitialized
2019-06-13 05:31:20,043 INFO  server.RaftServerConfigKeys (ConfUtils.java:logGet(43)) - raft.server.rpc.timeout.min = 1s (custom)
2019-06-13 05:31:20,043 INFO  server.RaftServerConfigKeys (ConfUtils.java:logGet(43)) - raft.server.rpc.timeout.max = 1200ms (custom)
2019-06-13 05:31:20,043 INFO  server.RaftServerConfigKeys (ConfUtils.java:logGet(43)) - raft.server.rpcslowness.timeout = 120s (custom)
2019-06-13 05:31:20,043 INFO  server.RaftServerConfigKeys (ConfUtils.java:logGet(43)) - raft.server.log.appender.install.snapshot.enabled = true (default)
2019-06-13 05:31:20,043 INFO  impl.RaftServerImpl (ServerState.java:<init>(101)) - 7c47e1ba-3315-44e3-9843-93d4fafd52bf:group-E6D5579D549A ConfigurationManager, init=-1: [7c47e1ba-3315-44e3-9843-93d4fafd52bf:192.168.19.45:36277], old=null, confs=<EMPTY_MAP>
2019-06-13 05:31:20,043 INFO  server.RaftServerConfigKeys (ConfUtils.java:logGet(43)) - raft.server.storage.dir = [/opt/src/hadoop-ozone/integration-test/target/test-dir/MiniOzoneClusterImpl-668071ad-a01b-49bb-86c6-6f829043dc22/datanode-3/data/ratis] (custom)
2019-06-13 05:31:20,043 INFO  storage.RaftStorageDirectory (RaftStorageDirectory.java:analyzeStorage(246)) - The storage directory /opt/src/hadoop-ozone/integration-test/target/test-dir/MiniOzoneClusterImpl-668071ad-a01b-49bb-86c6-6f829043dc22/datanode-3/data/ratis/0a07d229-3010-4a53-b074-e6d5579d549a does not exist. Creating ...
2019-06-13 05:31:20,046 INFO  storage.RaftStorageDirectory (RaftStorageDirectory.java:tryLock(328)) - Lock on /opt/src/hadoop-ozone/integration-test/target/test-dir/MiniOzoneClusterImpl-668071ad-a01b-49bb-86c6-6f829043dc22/datanode-3/data/ratis/0a07d229-3010-4a53-b074-e6d5579d549a/in_use.lock acquired by nodename 20922@ozone-w6gkr-1366096734
2019-06-13 05:31:20,048 INFO  storage.RaftStorage (RaftStorage.java:format(75)) - Storage directory /opt/src/hadoop-ozone/integration-test/target/test-dir/MiniOzoneClusterImpl-668071ad-a01b-49bb-86c6-6f829043dc22/datanode-3/data/ratis/0a07d229-3010-4a53-b074-e6d5579d549a has been successfully formatted.
2019-06-13 05:31:20,048 INFO  ratis.ContainerStateMachine (ContainerStateMachine.java:loadSnapshot(199)) - The snapshot info is null.Setting the last applied index to:(t:0, i:~)
2019-06-13 05:31:20,048 INFO  server.RaftServerConfigKeys (ConfUtils.java:logGet(43)) - raft.server.leader.election.timeout = 120s (custom)
2019-06-13 05:31:20,049 INFO  server.RaftServerConfigKeys (ConfUtils.java:logGet(43)) - raft.server.log.use.memory = false (default)
2019-06-13 05:31:20,049 INFO  server.RaftServerConfigKeys (ConfUtils.java:logGet(43)) - raft.server.log.appender.buffer.byte-limit = 33554432 (custom)
2019-06-13 05:31:20,049 INFO  server.RaftServerConfigKeys (ConfUtils.java:logGet(43)) - raft.server.log.segment.size.max = 16384 (custom)
2019-06-13 05:31:20,049 INFO  server.RaftServerConfigKeys (ConfUtils.java:logGet(43)) - raft.server.log.segment.cache.num.max = 2 (custom)
2019-06-13 05:31:20,049 INFO  storage.RaftLogWorker (RaftLogWorker.java:<init>(123)) - new 7c47e1ba-3315-44e3-9843-93d4fafd52bf-RaftLogWorker for Storage Directory /opt/src/hadoop-ozone/integration-test/target/test-dir/MiniOzoneClusterImpl-668071ad-a01b-49bb-86c6-6f829043dc22/datanode-3/data/ratis/0a07d229-3010-4a53-b074-e6d5579d549a
2019-06-13 05:31:20,049 INFO  server.RaftServerConfigKeys (ConfUtils.java:logGet(43)) - raft.server.log.queue.byte-limit = 2147483647 (custom)
2019-06-13 05:31:20,049 INFO  server.RaftServerConfigKeys (ConfUtils.java:logGet(43)) - raft.server.log.queue.element-limit = 1024 (custom)
2019-06-13 05:31:20,049 INFO  server.RaftServerConfigKeys (ConfUtils.java:logGet(43)) - raft.server.log.segment.size.max = 16384 (custom)
2019-06-13 05:31:20,049 INFO  server.RaftServerConfigKeys (ConfUtils.java:logGet(43)) - raft.server.log.preallocated.size = 16384 (custom)
2019-06-13 05:31:20,049 INFO  server.RaftServerConfigKeys (ConfUtils.java:logGet(43)) - raft.server.log.write.buffer.size = 33554432 (custom)
2019-06-13 05:31:20,049 INFO  server.RaftServerConfigKeys (ConfUtils.java:logGet(43)) - raft.server.log.force.sync.num = 128 (default)
2019-06-13 05:31:20,049 INFO  server.RaftServerConfigKeys (ConfUtils.java:logGet(43)) - raft.server.log.statemachine.data.sync = true (default)
2019-06-13 05:31:20,050 INFO  server.RaftServerConfigKeys (ConfUtils.java:logGet(43)) - raft.server.log.statemachine.data.sync.timeout = 10s (default)
2019-06-13 05:31:20,050 INFO  server.RaftServerConfigKeys (ConfUtils.java:logGet(43)) - raft.server.log.statemachine.data.sync.timeout.retry = -1 (default)
2019-06-13 05:31:20,050 INFO  server.RaftServerConfigKeys (ConfUtils.java:logGet(43)) - raft.server.log.statemachine.data.caching.enabled = true (custom)
2019-06-13 05:31:20,050 INFO  server.RaftServerConfigKeys (ConfUtils.java:logGet(43)) - raft.server.snapshot.auto.trigger.enabled = true (custom)
2019-06-13 05:31:20,050 INFO  server.RaftServerConfigKeys (ConfUtils.java:logGet(43)) - raft.server.snapshot.auto.trigger.threshold = 10000 (custom)
2019-06-13 05:31:20,050 INFO  server.RaftServerConfigKeys (ConfUtils.java:logGet(43)) - raft.server.retrycache.expirytime = 600000ms (custom)
2019-06-13 05:31:20,050 INFO  impl.RaftServerImpl (RaftServerImpl.java:start(173)) - 7c47e1ba-3315-44e3-9843-93d4fafd52bf: start group-E6D5579D549A
2019-06-13 05:31:20,050 INFO  impl.RaftServerImpl (RaftServerImpl.java:setRole(164)) - 7c47e1ba-3315-44e3-9843-93d4fafd52bf:group-E6D5579D549A changes role from null to FOLLOWER at term 0 for startAsFollower
2019-06-13 05:31:20,050 INFO  impl.RoleInfo (RoleInfo.java:updateAndGet(143)) - 7c47e1ba-3315-44e3-9843-93d4fafd52bf: start FollowerState
2019-06-13 05:31:20,051 INFO  util.JmxRegister (JmxRegister.java:tryRegister(44)) - Successfully registered JMX Bean with object name Ratis:service=RaftServer,group=group-E6D5579D549A,id=7c47e1ba-3315-44e3-9843-93d4fafd52bf
2019-06-13 05:31:20,052 INFO  pipeline.PipelineStateManager (PipelineStateManager.java:addPipeline(56)) - Created pipeline Pipeline[ Id: 0a07d229-3010-4a53-b074-e6d5579d549a, Nodes: 7c47e1ba-3315-44e3-9843-93d4fafd52bf{ip: 192.168.19.45, host: ozone-w6gkr-1366096734, networkLocation: /default-rack, certSerialId: null}, Type:RATIS, Factor:ONE, State:OPEN]
2019-06-13 05:31:20,226 INFO  node.SCMNodeManager (SCMNodeManager.java:register(234)) - Registered Data node : 091eba2f-44a3-45eb-85e6-b2409ffc12b4{ip: 192.168.19.45, host: ozone-w6gkr-1366096734, networkLocation: /default-rack, certSerialId: null}
2019-06-13 05:31:20,232 INFO  impl.RaftServerProxy (RaftServerProxy.java:addNew(89)) - 091eba2f-44a3-45eb-85e6-b2409ffc12b4: addNew group-78270A015AD0:[091eba2f-44a3-45eb-85e6-b2409ffc12b4:192.168.19.45:46639] returns group-78270A015AD0:java.util.concurrent.CompletableFuture@30ccc300[Not completed]
2019-06-13 05:31:20,233 INFO  impl.RaftServerImpl (RaftServerImpl.java:<init>(91)) - 091eba2f-44a3-45eb-85e6-b2409ffc12b4: new RaftServerImpl for group-78270A015AD0:[091eba2f-44a3-45eb-85e6-b2409ffc12b4:192.168.19.45:46639] with ContainerStateMachine:uninitialized
2019-06-13 05:31:20,233 INFO  server.RaftServerConfigKeys (ConfUtils.java:logGet(43)) - raft.server.rpc.timeout.min = 1s (custom)
2019-06-13 05:31:20,233 INFO  server.RaftServerConfigKeys (ConfUtils.java:logGet(43)) - raft.server.rpc.timeout.max = 1200ms (custom)
2019-06-13 05:31:20,233 INFO  server.RaftServerConfigKeys (ConfUtils.java:logGet(43)) - raft.server.rpcslowness.timeout = 120s (custom)
2019-06-13 05:31:20,233 INFO  server.RaftServerConfigKeys (ConfUtils.java:logGet(43)) - raft.server.log.appender.install.snapshot.enabled = true (default)
2019-06-13 05:31:20,234 INFO  impl.RaftServerImpl (ServerState.java:<init>(101)) - 091eba2f-44a3-45eb-85e6-b2409ffc12b4:group-78270A015AD0 ConfigurationManager, init=-1: [091eba2f-44a3-45eb-85e6-b2409ffc12b4:192.168.19.45:46639], old=null, confs=<EMPTY_MAP>
2019-06-13 05:31:20,234 INFO  server.RaftServerConfigKeys (ConfUtils.java:logGet(43)) - raft.server.storage.dir = [/opt/src/hadoop-ozone/integration-test/target/test-dir/MiniOzoneClusterImpl-668071ad-a01b-49bb-86c6-6f829043dc22/datanode-4/data/ratis] (custom)
2019-06-13 05:31:20,234 INFO  storage.RaftStorageDirectory (RaftStorageDirectory.java:analyzeStorage(246)) - The storage directory /opt/src/hadoop-ozone/integration-test/target/test-dir/MiniOzoneClusterImpl-668071ad-a01b-49bb-86c6-6f829043dc22/datanode-4/data/ratis/f2d8ca6e-ce84-4a16-a42e-78270a015ad0 does not exist. Creating ...
2019-06-13 05:31:20,236 INFO  storage.RaftStorageDirectory (RaftStorageDirectory.java:tryLock(328)) - Lock on /opt/src/hadoop-ozone/integration-test/target/test-dir/MiniOzoneClusterImpl-668071ad-a01b-49bb-86c6-6f829043dc22/datanode-4/data/ratis/f2d8ca6e-ce84-4a16-a42e-78270a015ad0/in_use.lock acquired by nodename 20922@ozone-w6gkr-1366096734
2019-06-13 05:31:20,239 INFO  storage.RaftStorage (RaftStorage.java:format(75)) - Storage directory /opt/src/hadoop-ozone/integration-test/target/test-dir/MiniOzoneClusterImpl-668071ad-a01b-49bb-86c6-6f829043dc22/datanode-4/data/ratis/f2d8ca6e-ce84-4a16-a42e-78270a015ad0 has been successfully formatted.
2019-06-13 05:31:20,239 INFO  ratis.ContainerStateMachine (ContainerStateMachine.java:loadSnapshot(199)) - The snapshot info is null.Setting the last applied index to:(t:0, i:~)
2019-06-13 05:31:20,239 INFO  server.RaftServerConfigKeys (ConfUtils.java:logGet(43)) - raft.server.leader.election.timeout = 120s (custom)
2019-06-13 05:31:20,239 INFO  server.RaftServerConfigKeys (ConfUtils.java:logGet(43)) - raft.server.log.use.memory = false (default)
2019-06-13 05:31:20,239 INFO  server.RaftServerConfigKeys (ConfUtils.java:logGet(43)) - raft.server.log.appender.buffer.byte-limit = 33554432 (custom)
2019-06-13 05:31:20,239 INFO  server.RaftServerConfigKeys (ConfUtils.java:logGet(43)) - raft.server.log.segment.size.max = 16384 (custom)
2019-06-13 05:31:20,239 INFO  server.RaftServerConfigKeys (ConfUtils.java:logGet(43)) - raft.server.log.segment.cache.num.max = 2 (custom)
2019-06-13 05:31:20,239 INFO  storage.RaftLogWorker (RaftLogWorker.java:<init>(123)) - new 091eba2f-44a3-45eb-85e6-b2409ffc12b4-RaftLogWorker for Storage Directory /opt/src/hadoop-ozone/integration-test/target/test-dir/MiniOzoneClusterImpl-668071ad-a01b-49bb-86c6-6f829043dc22/datanode-4/data/ratis/f2d8ca6e-ce84-4a16-a42e-78270a015ad0
2019-06-13 05:31:20,239 INFO  server.RaftServerConfigKeys (ConfUtils.java:logGet(43)) - raft.server.log.queue.byte-limit = 2147483647 (custom)
2019-06-13 05:31:20,239 INFO  server.RaftServerConfigKeys (ConfUtils.java:logGet(43)) - raft.server.log.queue.element-limit = 1024 (custom)
2019-06-13 05:31:20,239 INFO  server.RaftServerConfigKeys (ConfUtils.java:logGet(43)) - raft.server.log.segment.size.max = 16384 (custom)
2019-06-13 05:31:20,239 INFO  server.RaftServerConfigKeys (ConfUtils.java:logGet(43)) - raft.server.log.preallocated.size = 16384 (custom)
2019-06-13 05:31:20,240 INFO  server.RaftServerConfigKeys (ConfUtils.java:logGet(43)) - raft.server.log.write.buffer.size = 33554432 (custom)
2019-06-13 05:31:20,240 INFO  server.RaftServerConfigKeys (ConfUtils.java:logGet(43)) - raft.server.log.force.sync.num = 128 (default)
2019-06-13 05:31:20,240 INFO  server.RaftServerConfigKeys (ConfUtils.java:logGet(43)) - raft.server.log.statemachine.data.sync = true (default)
2019-06-13 05:31:20,240 INFO  server.RaftServerConfigKeys (ConfUtils.java:logGet(43)) - raft.server.log.statemachine.data.sync.timeout = 10s (default)
2019-06-13 05:31:20,240 INFO  server.RaftServerConfigKeys (ConfUtils.java:logGet(43)) - raft.server.log.statemachine.data.sync.timeout.retry = -1 (default)
2019-06-13 05:31:20,240 INFO  server.RaftServerConfigKeys (ConfUtils.java:logGet(43)) - raft.server.log.statemachine.data.caching.enabled = true (custom)
2019-06-13 05:31:20,240 INFO  server.RaftServerConfigKeys (ConfUtils.java:logGet(43)) - raft.server.snapshot.auto.trigger.enabled = true (custom)
2019-06-13 05:31:20,240 INFO  server.RaftServerConfigKeys (ConfUtils.java:logGet(43)) - raft.server.snapshot.auto.trigger.threshold = 10000 (custom)
2019-06-13 05:31:20,240 INFO  server.RaftServerConfigKeys (ConfUtils.java:logGet(43)) - raft.server.retrycache.expirytime = 600000ms (custom)
2019-06-13 05:31:20,240 INFO  impl.RaftServerImpl (RaftServerImpl.java:start(173)) - 091eba2f-44a3-45eb-85e6-b2409ffc12b4: start group-78270A015AD0
2019-06-13 05:31:20,241 INFO  impl.RaftServerImpl (RaftServerImpl.java:setRole(164)) - 091eba2f-44a3-45eb-85e6-b2409ffc12b4:group-78270A015AD0 changes role from null to FOLLOWER at term 0 for startAsFollower
2019-06-13 05:31:20,241 INFO  impl.RoleInfo (RoleInfo.java:updateAndGet(143)) - 091eba2f-44a3-45eb-85e6-b2409ffc12b4: start FollowerState
2019-06-13 05:31:20,241 INFO  util.JmxRegister (JmxRegister.java:tryRegister(44)) - Successfully registered JMX Bean with object name Ratis:service=RaftServer,group=group-78270A015AD0,id=091eba2f-44a3-45eb-85e6-b2409ffc12b4
2019-06-13 05:31:20,242 INFO  pipeline.PipelineStateManager (PipelineStateManager.java:addPipeline(56)) - Created pipeline Pipeline[ Id: f2d8ca6e-ce84-4a16-a42e-78270a015ad0, Nodes: 091eba2f-44a3-45eb-85e6-b2409ffc12b4{ip: 192.168.19.45, host: ozone-w6gkr-1366096734, networkLocation: /default-rack, certSerialId: null}, Type:RATIS, Factor:ONE, State:OPEN]
2019-06-13 05:31:20,388 INFO  node.SCMNodeManager (SCMNodeManager.java:register(234)) - Registered Data node : 5b7b52d9-1e55-4e28-a475-245db188cb80{ip: 192.168.19.45, host: ozone-w6gkr-1366096734, networkLocation: /default-rack, certSerialId: null}
2019-06-13 05:31:20,394 INFO  impl.RaftServerProxy (RaftServerProxy.java:addNew(89)) - 5b7b52d9-1e55-4e28-a475-245db188cb80: addNew group-28FFFF3899C1:[5b7b52d9-1e55-4e28-a475-245db188cb80:192.168.19.45:40967] returns group-28FFFF3899C1:java.util.concurrent.CompletableFuture@1dba78c9[Not completed]
2019-06-13 05:31:20,395 INFO  impl.RaftServerImpl (RaftServerImpl.java:<init>(91)) - 5b7b52d9-1e55-4e28-a475-245db188cb80: new RaftServerImpl for group-28FFFF3899C1:[5b7b52d9-1e55-4e28-a475-245db188cb80:192.168.19.45:40967] with ContainerStateMachine:uninitialized
2019-06-13 05:31:20,395 INFO  server.RaftServerConfigKeys (ConfUtils.java:logGet(43)) - raft.server.rpc.timeout.min = 1s (custom)
2019-06-13 05:31:20,395 INFO  server.RaftServerConfigKeys (ConfUtils.java:logGet(43)) - raft.server.rpc.timeout.max = 1200ms (custom)
2019-06-13 05:31:20,395 INFO  server.RaftServerConfigKeys (ConfUtils.java:logGet(43)) - raft.server.rpcslowness.timeout = 120s (custom)
2019-06-13 05:31:20,395 INFO  server.RaftServerConfigKeys (ConfUtils.java:logGet(43)) - raft.server.log.appender.install.snapshot.enabled = true (default)
2019-06-13 05:31:20,395 INFO  impl.RaftServerImpl (ServerState.java:<init>(101)) - 5b7b52d9-1e55-4e28-a475-245db188cb80:group-28FFFF3899C1 ConfigurationManager, init=-1: [5b7b52d9-1e55-4e28-a475-245db188cb80:192.168.19.45:40967], old=null, confs=<EMPTY_MAP>
2019-06-13 05:31:20,395 INFO  server.RaftServerConfigKeys (ConfUtils.java:logGet(43)) - raft.server.storage.dir = [/opt/src/hadoop-ozone/integration-test/target/test-dir/MiniOzoneClusterImpl-668071ad-a01b-49bb-86c6-6f829043dc22/datanode-5/data/ratis] (custom)
2019-06-13 05:31:20,396 INFO  storage.RaftStorageDirectory (RaftStorageDirectory.java:analyzeStorage(246)) - The storage directory /opt/src/hadoop-ozone/integration-test/target/test-dir/MiniOzoneClusterImpl-668071ad-a01b-49bb-86c6-6f829043dc22/datanode-5/data/ratis/069eca8f-f65d-446d-8f23-28ffff3899c1 does not exist. Creating ...
2019-06-13 05:31:20,398 INFO  storage.RaftStorageDirectory (RaftStorageDirectory.java:tryLock(328)) - Lock on /opt/src/hadoop-ozone/integration-test/target/test-dir/MiniOzoneClusterImpl-668071ad-a01b-49bb-86c6-6f829043dc22/datanode-5/data/ratis/069eca8f-f65d-446d-8f23-28ffff3899c1/in_use.lock acquired by nodename 20922@ozone-w6gkr-1366096734
2019-06-13 05:31:20,400 INFO  storage.RaftStorage (RaftStorage.java:format(75)) - Storage directory /opt/src/hadoop-ozone/integration-test/target/test-dir/MiniOzoneClusterImpl-668071ad-a01b-49bb-86c6-6f829043dc22/datanode-5/data/ratis/069eca8f-f65d-446d-8f23-28ffff3899c1 has been successfully formatted.
2019-06-13 05:31:20,400 INFO  ratis.ContainerStateMachine (ContainerStateMachine.java:loadSnapshot(199)) - The snapshot info is null.Setting the last applied index to:(t:0, i:~)
2019-06-13 05:31:20,400 INFO  server.RaftServerConfigKeys (ConfUtils.java:logGet(43)) - raft.server.leader.election.timeout = 120s (custom)
2019-06-13 05:31:20,400 INFO  server.RaftServerConfigKeys (ConfUtils.java:logGet(43)) - raft.server.log.use.memory = false (default)
2019-06-13 05:31:20,400 INFO  server.RaftServerConfigKeys (ConfUtils.java:logGet(43)) - raft.server.log.appender.buffer.byte-limit = 33554432 (custom)
2019-06-13 05:31:20,400 INFO  server.RaftServerConfigKeys (ConfUtils.java:logGet(43)) - raft.server.log.segment.size.max = 16384 (custom)
2019-06-13 05:31:20,400 INFO  server.RaftServerConfigKeys (ConfUtils.java:logGet(43)) - raft.server.log.segment.cache.num.max = 2 (custom)
2019-06-13 05:31:20,400 INFO  storage.RaftLogWorker (RaftLogWorker.java:<init>(123)) - new 5b7b52d9-1e55-4e28-a475-245db188cb80-RaftLogWorker for Storage Directory /opt/src/hadoop-ozone/integration-test/target/test-dir/MiniOzoneClusterImpl-668071ad-a01b-49bb-86c6-6f829043dc22/datanode-5/data/ratis/069eca8f-f65d-446d-8f23-28ffff3899c1
2019-06-13 05:31:20,401 INFO  server.RaftServerConfigKeys (ConfUtils.java:logGet(43)) - raft.server.log.queue.byte-limit = 2147483647 (custom)
2019-06-13 05:31:20,401 INFO  server.RaftServerConfigKeys (ConfUtils.java:logGet(43)) - raft.server.log.queue.element-limit = 1024 (custom)
2019-06-13 05:31:20,401 INFO  server.RaftServerConfigKeys (ConfUtils.java:logGet(43)) - raft.server.log.segment.size.max = 16384 (custom)
2019-06-13 05:31:20,401 INFO  server.RaftServerConfigKeys (ConfUtils.java:logGet(43)) - raft.server.log.preallocated.size = 16384 (custom)
2019-06-13 05:31:20,401 INFO  server.RaftServerConfigKeys (ConfUtils.java:logGet(43)) - raft.server.log.write.buffer.size = 33554432 (custom)
2019-06-13 05:31:20,401 INFO  server.RaftServerConfigKeys (ConfUtils.java:logGet(43)) - raft.server.log.force.sync.num = 128 (default)
2019-06-13 05:31:20,401 INFO  server.RaftServerConfigKeys (ConfUtils.java:logGet(43)) - raft.server.log.statemachine.data.sync = true (default)
2019-06-13 05:31:20,401 INFO  server.RaftServerConfigKeys (ConfUtils.java:logGet(43)) - raft.server.log.statemachine.data.sync.timeout = 10s (default)
2019-06-13 05:31:20,401 INFO  server.RaftServerConfigKeys (ConfUtils.java:logGet(43)) - raft.server.log.statemachine.data.sync.timeout.retry = -1 (default)
2019-06-13 05:31:20,401 INFO  server.RaftServerConfigKeys (ConfUtils.java:logGet(43)) - raft.server.log.statemachine.data.caching.enabled = true (custom)
2019-06-13 05:31:20,402 INFO  server.RaftServerConfigKeys (ConfUtils.java:logGet(43)) - raft.server.snapshot.auto.trigger.enabled = true (custom)
2019-06-13 05:31:20,402 INFO  server.RaftServerConfigKeys (ConfUtils.java:logGet(43)) - raft.server.snapshot.auto.trigger.threshold = 10000 (custom)
2019-06-13 05:31:20,402 INFO  server.RaftServerConfigKeys (ConfUtils.java:logGet(43)) - raft.server.retrycache.expirytime = 600000ms (custom)
2019-06-13 05:31:20,402 INFO  impl.RaftServerImpl (RaftServerImpl.java:start(173)) - 5b7b52d9-1e55-4e28-a475-245db188cb80: start group-28FFFF3899C1
2019-06-13 05:31:20,402 INFO  impl.RaftServerImpl (RaftServerImpl.java:setRole(164)) - 5b7b52d9-1e55-4e28-a475-245db188cb80:group-28FFFF3899C1 changes role from null to FOLLOWER at term 0 for startAsFollower
2019-06-13 05:31:20,402 INFO  impl.RoleInfo (RoleInfo.java:updateAndGet(143)) - 5b7b52d9-1e55-4e28-a475-245db188cb80: start FollowerState
2019-06-13 05:31:20,403 INFO  util.JmxRegister (JmxRegister.java:tryRegister(44)) - Successfully registered JMX Bean with object name Ratis:service=RaftServer,group=group-28FFFF3899C1,id=5b7b52d9-1e55-4e28-a475-245db188cb80
2019-06-13 05:31:20,404 INFO  pipeline.PipelineStateManager (PipelineStateManager.java:addPipeline(56)) - Created pipeline Pipeline[ Id: 069eca8f-f65d-446d-8f23-28ffff3899c1, Nodes: 5b7b52d9-1e55-4e28-a475-245db188cb80{ip: 192.168.19.45, host: ozone-w6gkr-1366096734, networkLocation: /default-rack, certSerialId: null}, Type:RATIS, Factor:ONE, State:OPEN]
2019-06-13 05:31:20,413 INFO  impl.RaftServerProxy (RaftServerProxy.java:addNew(89)) - 7c47e1ba-3315-44e3-9843-93d4fafd52bf: addNew group-A633F1B34072:[091eba2f-44a3-45eb-85e6-b2409ffc12b4:192.168.19.45:46639, 5b7b52d9-1e55-4e28-a475-245db188cb80:192.168.19.45:40967, 7c47e1ba-3315-44e3-9843-93d4fafd52bf:192.168.19.45:36277] returns group-A633F1B34072:java.util.concurrent.CompletableFuture@1e49dc25[Not completed]
2019-06-13 05:31:20,414 INFO  impl.RaftServerProxy (RaftServerProxy.java:addNew(89)) - 5b7b52d9-1e55-4e28-a475-245db188cb80: addNew group-A633F1B34072:[091eba2f-44a3-45eb-85e6-b2409ffc12b4:192.168.19.45:46639, 5b7b52d9-1e55-4e28-a475-245db188cb80:192.168.19.45:40967, 7c47e1ba-3315-44e3-9843-93d4fafd52bf:192.168.19.45:36277] returns group-A633F1B34072:java.util.concurrent.CompletableFuture@6d037e52[Not completed]
2019-06-13 05:31:20,414 INFO  impl.RaftServerImpl (RaftServerImpl.java:<init>(91)) - 7c47e1ba-3315-44e3-9843-93d4fafd52bf: new RaftServerImpl for group-A633F1B34072:[091eba2f-44a3-45eb-85e6-b2409ffc12b4:192.168.19.45:46639, 5b7b52d9-1e55-4e28-a475-245db188cb80:192.168.19.45:40967, 7c47e1ba-3315-44e3-9843-93d4fafd52bf:192.168.19.45:36277] with ContainerStateMachine:uninitialized
2019-06-13 05:31:20,414 INFO  server.RaftServerConfigKeys (ConfUtils.java:logGet(43)) - raft.server.rpc.timeout.min = 1s (custom)
2019-06-13 05:31:20,414 INFO  server.RaftServerConfigKeys (ConfUtils.java:logGet(43)) - raft.server.rpc.timeout.max = 1200ms (custom)
2019-06-13 05:31:20,414 INFO  impl.RaftServerProxy (RaftServerProxy.java:addNew(89)) - 091eba2f-44a3-45eb-85e6-b2409ffc12b4: addNew group-A633F1B34072:[091eba2f-44a3-45eb-85e6-b2409ffc12b4:192.168.19.45:46639, 5b7b52d9-1e55-4e28-a475-245db188cb80:192.168.19.45:40967, 7c47e1ba-3315-44e3-9843-93d4fafd52bf:192.168.19.45:36277] returns group-A633F1B34072:java.util.concurrent.CompletableFuture@17960ffa[Not completed]
2019-06-13 05:31:20,415 INFO  server.RaftServerConfigKeys (ConfUtils.java:logGet(43)) - raft.server.rpcslowness.timeout = 120s (custom)
2019-06-13 05:31:20,415 INFO  server.RaftServerConfigKeys (ConfUtils.java:logGet(43)) - raft.server.log.appender.install.snapshot.enabled = true (default)
2019-06-13 05:31:20,415 INFO  impl.RaftServerImpl (ServerState.java:<init>(101)) - 7c47e1ba-3315-44e3-9843-93d4fafd52bf:group-A633F1B34072 ConfigurationManager, init=-1: [091eba2f-44a3-45eb-85e6-b2409ffc12b4:192.168.19.45:46639, 5b7b52d9-1e55-4e28-a475-245db188cb80:192.168.19.45:40967, 7c47e1ba-3315-44e3-9843-93d4fafd52bf:192.168.19.45:36277], old=null, confs=<EMPTY_MAP>
2019-06-13 05:31:20,415 INFO  impl.RaftServerImpl (RaftServerImpl.java:<init>(91)) - 5b7b52d9-1e55-4e28-a475-245db188cb80: new RaftServerImpl for group-A633F1B34072:[091eba2f-44a3-45eb-85e6-b2409ffc12b4:192.168.19.45:46639, 5b7b52d9-1e55-4e28-a475-245db188cb80:192.168.19.45:40967, 7c47e1ba-3315-44e3-9843-93d4fafd52bf:192.168.19.45:36277] with ContainerStateMachine:uninitialized
2019-06-13 05:31:20,415 INFO  server.RaftServerConfigKeys (ConfUtils.java:logGet(43)) - raft.server.storage.dir = [/opt/src/hadoop-ozone/integration-test/target/test-dir/MiniOzoneClusterImpl-668071ad-a01b-49bb-86c6-6f829043dc22/datanode-3/data/ratis] (custom)
2019-06-13 05:31:20,415 INFO  server.RaftServerConfigKeys (ConfUtils.java:logGet(43)) - raft.server.rpc.timeout.min = 1s (custom)
2019-06-13 05:31:20,415 INFO  server.RaftServerConfigKeys (ConfUtils.java:logGet(43)) - raft.server.rpc.timeout.max = 1200ms (custom)
2019-06-13 05:31:20,415 INFO  storage.RaftStorageDirectory (RaftStorageDirectory.java:analyzeStorage(246)) - The storage directory /opt/src/hadoop-ozone/integration-test/target/test-dir/MiniOzoneClusterImpl-668071ad-a01b-49bb-86c6-6f829043dc22/datanode-3/data/ratis/40bd6241-5ff2-4ed2-ac86-a633f1b34072 does not exist. Creating ...
2019-06-13 05:31:20,416 INFO  impl.RaftServerImpl (RaftServerImpl.java:<init>(91)) - 091eba2f-44a3-45eb-85e6-b2409ffc12b4: new RaftServerImpl for group-A633F1B34072:[091eba2f-44a3-45eb-85e6-b2409ffc12b4:192.168.19.45:46639, 5b7b52d9-1e55-4e28-a475-245db188cb80:192.168.19.45:40967, 7c47e1ba-3315-44e3-9843-93d4fafd52bf:192.168.19.45:36277] with ContainerStateMachine:uninitialized
2019-06-13 05:31:20,415 INFO  server.RaftServerConfigKeys (ConfUtils.java:logGet(43)) - raft.server.rpcslowness.timeout = 120s (custom)
2019-06-13 05:31:20,416 INFO  server.RaftServerConfigKeys (ConfUtils.java:logGet(43)) - raft.server.rpc.timeout.min = 1s (custom)
2019-06-13 05:31:20,416 INFO  server.RaftServerConfigKeys (ConfUtils.java:logGet(43)) - raft.server.log.appender.install.snapshot.enabled = true (default)
2019-06-13 05:31:20,416 INFO  server.RaftServerConfigKeys (ConfUtils.java:logGet(43)) - raft.server.rpc.timeout.max = 1200ms (custom)
2019-06-13 05:31:20,416 INFO  impl.RaftServerImpl (ServerState.java:<init>(101)) - 5b7b52d9-1e55-4e28-a475-245db188cb80:group-A633F1B34072 ConfigurationManager, init=-1: [091eba2f-44a3-45eb-85e6-b2409ffc12b4:192.168.19.45:46639, 5b7b52d9-1e55-4e28-a475-245db188cb80:192.168.19.45:40967, 7c47e1ba-3315-44e3-9843-93d4fafd52bf:192.168.19.45:36277], old=null, confs=<EMPTY_MAP>
2019-06-13 05:31:20,416 INFO  server.RaftServerConfigKeys (ConfUtils.java:logGet(43)) - raft.server.rpcslowness.timeout = 120s (custom)
2019-06-13 05:31:20,416 INFO  server.RaftServerConfigKeys (ConfUtils.java:logGet(43)) - raft.server.storage.dir = [/opt/src/hadoop-ozone/integration-test/target/test-dir/MiniOzoneClusterImpl-668071ad-a01b-49bb-86c6-6f829043dc22/datanode-5/data/ratis] (custom)
2019-06-13 05:31:20,416 INFO  server.RaftServerConfigKeys (ConfUtils.java:logGet(43)) - raft.server.log.appender.install.snapshot.enabled = true (default)
2019-06-13 05:31:20,417 INFO  impl.RaftServerImpl (ServerState.java:<init>(101)) - 091eba2f-44a3-45eb-85e6-b2409ffc12b4:group-A633F1B34072 ConfigurationManager, init=-1: [091eba2f-44a3-45eb-85e6-b2409ffc12b4:192.168.19.45:46639, 5b7b52d9-1e55-4e28-a475-245db188cb80:192.168.19.45:40967, 7c47e1ba-3315-44e3-9843-93d4fafd52bf:192.168.19.45:36277], old=null, confs=<EMPTY_MAP>
2019-06-13 05:31:20,417 INFO  storage.RaftStorageDirectory (RaftStorageDirectory.java:analyzeStorage(246)) - The storage directory /opt/src/hadoop-ozone/integration-test/target/test-dir/MiniOzoneClusterImpl-668071ad-a01b-49bb-86c6-6f829043dc22/datanode-5/data/ratis/40bd6241-5ff2-4ed2-ac86-a633f1b34072 does not exist. Creating ...
2019-06-13 05:31:20,417 INFO  server.RaftServerConfigKeys (ConfUtils.java:logGet(43)) - raft.server.storage.dir = [/opt/src/hadoop-ozone/integration-test/target/test-dir/MiniOzoneClusterImpl-668071ad-a01b-49bb-86c6-6f829043dc22/datanode-4/data/ratis] (custom)
2019-06-13 05:31:20,417 INFO  storage.RaftStorageDirectory (RaftStorageDirectory.java:analyzeStorage(246)) - The storage directory /opt/src/hadoop-ozone/integration-test/target/test-dir/MiniOzoneClusterImpl-668071ad-a01b-49bb-86c6-6f829043dc22/datanode-4/data/ratis/40bd6241-5ff2-4ed2-ac86-a633f1b34072 does not exist. Creating ...
2019-06-13 05:31:20,418 INFO  storage.RaftStorageDirectory (RaftStorageDirectory.java:tryLock(328)) - Lock on /opt/src/hadoop-ozone/integration-test/target/test-dir/MiniOzoneClusterImpl-668071ad-a01b-49bb-86c6-6f829043dc22/datanode-3/data/ratis/40bd6241-5ff2-4ed2-ac86-a633f1b34072/in_use.lock acquired by nodename 20922@ozone-w6gkr-1366096734
2019-06-13 05:31:20,419 INFO  storage.RaftStorageDirectory (RaftStorageDirectory.java:tryLock(328)) - Lock on /opt/src/hadoop-ozone/integration-test/target/test-dir/MiniOzoneClusterImpl-668071ad-a01b-49bb-86c6-6f829043dc22/datanode-4/data/ratis/40bd6241-5ff2-4ed2-ac86-a633f1b34072/in_use.lock acquired by nodename 20922@ozone-w6gkr-1366096734
2019-06-13 05:31:20,419 INFO  storage.RaftStorageDirectory (RaftStorageDirectory.java:tryLock(328)) - Lock on /opt/src/hadoop-ozone/integration-test/target/test-dir/MiniOzoneClusterImpl-668071ad-a01b-49bb-86c6-6f829043dc22/datanode-5/data/ratis/40bd6241-5ff2-4ed2-ac86-a633f1b34072/in_use.lock acquired by nodename 20922@ozone-w6gkr-1366096734
2019-06-13 05:31:20,420 INFO  storage.RaftStorage (RaftStorage.java:format(75)) - Storage directory /opt/src/hadoop-ozone/integration-test/target/test-dir/MiniOzoneClusterImpl-668071ad-a01b-49bb-86c6-6f829043dc22/datanode-3/data/ratis/40bd6241-5ff2-4ed2-ac86-a633f1b34072 has been successfully formatted.
2019-06-13 05:31:20,421 INFO  ratis.ContainerStateMachine (ContainerStateMachine.java:loadSnapshot(199)) - The snapshot info is null.Setting the last applied index to:(t:0, i:~)
2019-06-13 05:31:20,421 INFO  server.RaftServerConfigKeys (ConfUtils.java:logGet(43)) - raft.server.leader.election.timeout = 120s (custom)
2019-06-13 05:31:20,421 INFO  server.RaftServerConfigKeys (ConfUtils.java:logGet(43)) - raft.server.log.use.memory = false (default)
2019-06-13 05:31:20,421 INFO  server.RaftServerConfigKeys (ConfUtils.java:logGet(43)) - raft.server.log.appender.buffer.byte-limit = 33554432 (custom)
2019-06-13 05:31:20,421 INFO  server.RaftServerConfigKeys (ConfUtils.java:logGet(43)) - raft.server.log.segment.size.max = 16384 (custom)
2019-06-13 05:31:20,421 INFO  server.RaftServerConfigKeys (ConfUtils.java:logGet(43)) - raft.server.log.segment.cache.num.max = 2 (custom)
2019-06-13 05:31:20,421 INFO  storage.RaftLogWorker (RaftLogWorker.java:<init>(123)) - new 7c47e1ba-3315-44e3-9843-93d4fafd52bf-RaftLogWorker for Storage Directory /opt/src/hadoop-ozone/integration-test/target/test-dir/MiniOzoneClusterImpl-668071ad-a01b-49bb-86c6-6f829043dc22/datanode-3/data/ratis/40bd6241-5ff2-4ed2-ac86-a633f1b34072
2019-06-13 05:31:20,421 INFO  server.RaftServerConfigKeys (ConfUtils.java:logGet(43)) - raft.server.log.queue.byte-limit = 2147483647 (custom)
2019-06-13 05:31:20,421 INFO  server.RaftServerConfigKeys (ConfUtils.java:logGet(43)) - raft.server.log.queue.element-limit = 1024 (custom)
2019-06-13 05:31:20,422 INFO  server.RaftServerConfigKeys (ConfUtils.java:logGet(43)) - raft.server.log.segment.size.max = 16384 (custom)
2019-06-13 05:31:20,422 INFO  server.RaftServerConfigKeys (ConfUtils.java:logGet(43)) - raft.server.log.preallocated.size = 16384 (custom)
2019-06-13 05:31:20,422 INFO  server.RaftServerConfigKeys (ConfUtils.java:logGet(43)) - raft.server.log.write.buffer.size = 33554432 (custom)
2019-06-13 05:31:20,422 INFO  storage.RaftStorage (RaftStorage.java:format(75)) - Storage directory /opt/src/hadoop-ozone/integration-test/target/test-dir/MiniOzoneClusterImpl-668071ad-a01b-49bb-86c6-6f829043dc22/datanode-5/data/ratis/40bd6241-5ff2-4ed2-ac86-a633f1b34072 has been successfully formatted.
2019-06-13 05:31:20,422 INFO  server.RaftServerConfigKeys (ConfUtils.java:logGet(43)) - raft.server.log.force.sync.num = 128 (default)
2019-06-13 05:31:20,422 INFO  storage.RaftStorage (RaftStorage.java:format(75)) - Storage directory /opt/src/hadoop-ozone/integration-test/target/test-dir/MiniOzoneClusterImpl-668071ad-a01b-49bb-86c6-6f829043dc22/datanode-4/data/ratis/40bd6241-5ff2-4ed2-ac86-a633f1b34072 has been successfully formatted.
2019-06-13 05:31:20,422 INFO  ratis.ContainerStateMachine (ContainerStateMachine.java:loadSnapshot(199)) - The snapshot info is null.Setting the last applied index to:(t:0, i:~)
2019-06-13 05:31:20,422 INFO  ratis.ContainerStateMachine (ContainerStateMachine.java:loadSnapshot(199)) - The snapshot info is null.Setting the last applied index to:(t:0, i:~)
2019-06-13 05:31:20,422 INFO  server.RaftServerConfigKeys (ConfUtils.java:logGet(43)) - raft.server.log.statemachine.data.sync = true (default)
2019-06-13 05:31:20,422 INFO  server.RaftServerConfigKeys (ConfUtils.java:logGet(43)) - raft.server.leader.election.timeout = 120s (custom)
2019-06-13 05:31:20,422 INFO  server.RaftServerConfigKeys (ConfUtils.java:logGet(43)) - raft.server.leader.election.timeout = 120s (custom)
2019-06-13 05:31:20,422 INFO  server.RaftServerConfigKeys (ConfUtils.java:logGet(43)) - raft.server.log.use.memory = false (default)
2019-06-13 05:31:20,422 INFO  server.RaftServerConfigKeys (ConfUtils.java:logGet(43)) - raft.server.log.statemachine.data.sync.timeout = 10s (default)
2019-06-13 05:31:20,423 INFO  server.RaftServerConfigKeys (ConfUtils.java:logGet(43)) - raft.server.log.use.memory = false (default)
2019-06-13 05:31:20,423 INFO  server.RaftServerConfigKeys (ConfUtils.java:logGet(43)) - raft.server.log.appender.buffer.byte-limit = 33554432 (custom)
2019-06-13 05:31:20,423 INFO  server.RaftServerConfigKeys (ConfUtils.java:logGet(43)) - raft.server.log.statemachine.data.sync.timeout.retry = -1 (default)
2019-06-13 05:31:20,423 INFO  server.RaftServerConfigKeys (ConfUtils.java:logGet(43)) - raft.server.log.segment.size.max = 16384 (custom)
2019-06-13 05:31:20,423 INFO  server.RaftServerConfigKeys (ConfUtils.java:logGet(43)) - raft.server.log.appender.buffer.byte-limit = 33554432 (custom)
2019-06-13 05:31:20,423 INFO  server.RaftServerConfigKeys (ConfUtils.java:logGet(43)) - raft.server.log.segment.cache.num.max = 2 (custom)
2019-06-13 05:31:20,423 INFO  server.RaftServerConfigKeys (ConfUtils.java:logGet(43)) - raft.server.log.statemachine.data.caching.enabled = true (custom)
2019-06-13 05:31:20,423 INFO  storage.RaftLogWorker (RaftLogWorker.java:<init>(123)) - new 5b7b52d9-1e55-4e28-a475-245db188cb80-RaftLogWorker for Storage Directory /opt/src/hadoop-ozone/integration-test/target/test-dir/MiniOzoneClusterImpl-668071ad-a01b-49bb-86c6-6f829043dc22/datanode-5/data/ratis/40bd6241-5ff2-4ed2-ac86-a633f1b34072
2019-06-13 05:31:20,423 INFO  server.RaftServerConfigKeys (ConfUtils.java:logGet(43)) - raft.server.log.segment.size.max = 16384 (custom)
2019-06-13 05:31:20,424 INFO  server.RaftServerConfigKeys (ConfUtils.java:logGet(43)) - raft.server.log.segment.cache.num.max = 2 (custom)
2019-06-13 05:31:20,424 INFO  server.RaftServerConfigKeys (ConfUtils.java:logGet(43)) - raft.server.snapshot.auto.trigger.enabled = true (custom)
2019-06-13 05:31:20,424 INFO  server.RaftServerConfigKeys (ConfUtils.java:logGet(43)) - raft.server.log.queue.byte-limit = 2147483647 (custom)
2019-06-13 05:31:20,424 INFO  storage.RaftLogWorker (RaftLogWorker.java:<init>(123)) - new 091eba2f-44a3-45eb-85e6-b2409ffc12b4-RaftLogWorker for Storage Directory /opt/src/hadoop-ozone/integration-test/target/test-dir/MiniOzoneClusterImpl-668071ad-a01b-49bb-86c6-6f829043dc22/datanode-4/data/ratis/40bd6241-5ff2-4ed2-ac86-a633f1b34072
2019-06-13 05:31:20,424 INFO  server.RaftServerConfigKeys (ConfUtils.java:logGet(43)) - raft.server.log.queue.element-limit = 1024 (custom)
2019-06-13 05:31:20,424 INFO  server.RaftServerConfigKeys (ConfUtils.java:logGet(43)) - raft.server.snapshot.auto.trigger.threshold = 10000 (custom)
2019-06-13 05:31:20,424 INFO  server.RaftServerConfigKeys (ConfUtils.java:logGet(43)) - raft.server.log.queue.byte-limit = 2147483647 (custom)
2019-06-13 05:31:20,424 INFO  server.RaftServerConfigKeys (ConfUtils.java:logGet(43)) - raft.server.log.segment.size.max = 16384 (custom)
2019-06-13 05:31:20,424 INFO  server.RaftServerConfigKeys (ConfUtils.java:logGet(43)) - raft.server.log.preallocated.size = 16384 (custom)
2019-06-13 05:31:20,424 INFO  server.RaftServerConfigKeys (ConfUtils.java:logGet(43)) - raft.server.retrycache.expirytime = 600000ms (custom)
2019-06-13 05:31:20,424 INFO  server.RaftServerConfigKeys (ConfUtils.java:logGet(43)) - raft.server.log.queue.element-limit = 1024 (custom)
2019-06-13 05:31:20,425 INFO  impl.RaftServerImpl (RaftServerImpl.java:start(173)) - 7c47e1ba-3315-44e3-9843-93d4fafd52bf: start group-A633F1B34072
2019-06-13 05:31:20,425 INFO  server.RaftServerConfigKeys (ConfUtils.java:logGet(43)) - raft.server.log.segment.size.max = 16384 (custom)
2019-06-13 05:31:20,425 INFO  server.RaftServerConfigKeys (ConfUtils.java:logGet(43)) - raft.server.log.write.buffer.size = 33554432 (custom)
2019-06-13 05:31:20,425 INFO  impl.RaftServerImpl (RaftServerImpl.java:setRole(164)) - 7c47e1ba-3315-44e3-9843-93d4fafd52bf:group-A633F1B34072 changes role from null to FOLLOWER at term 0 for startAsFollower
2019-06-13 05:31:20,425 INFO  impl.RoleInfo (RoleInfo.java:updateAndGet(143)) - 7c47e1ba-3315-44e3-9843-93d4fafd52bf: start FollowerState
2019-06-13 05:31:20,425 INFO  server.RaftServerConfigKeys (ConfUtils.java:logGet(43)) - raft.server.log.preallocated.size = 16384 (custom)
2019-06-13 05:31:20,425 INFO  server.RaftServerConfigKeys (ConfUtils.java:logGet(43)) - raft.server.log.write.buffer.size = 33554432 (custom)
2019-06-13 05:31:20,425 INFO  server.RaftServerConfigKeys (ConfUtils.java:logGet(43)) - raft.server.log.force.sync.num = 128 (default)
2019-06-13 05:31:20,426 INFO  server.RaftServerConfigKeys (ConfUtils.java:logGet(43)) - raft.server.log.statemachine.data.sync = true (default)
2019-06-13 05:31:20,426 INFO  server.RaftServerConfigKeys (ConfUtils.java:logGet(43)) - raft.server.log.statemachine.data.sync.timeout = 10s (default)
2019-06-13 05:31:20,426 INFO  server.RaftServerConfigKeys (ConfUtils.java:logGet(43)) - raft.server.log.statemachine.data.sync.timeout.retry = -1 (default)
2019-06-13 05:31:20,426 INFO  server.RaftServerConfigKeys (ConfUtils.java:logGet(43)) - raft.server.log.statemachine.data.caching.enabled = true (custom)
2019-06-13 05:31:20,425 INFO  util.JmxRegister (JmxRegister.java:tryRegister(44)) - Successfully registered JMX Bean with object name Ratis:service=RaftServer,group=group-A633F1B34072,id=7c47e1ba-3315-44e3-9843-93d4fafd52bf
2019-06-13 05:31:20,426 INFO  server.RaftServerConfigKeys (ConfUtils.java:logGet(43)) - raft.server.snapshot.auto.trigger.enabled = true (custom)
2019-06-13 05:31:20,426 INFO  server.RaftServerConfigKeys (ConfUtils.java:logGet(43)) - raft.server.snapshot.auto.trigger.threshold = 10000 (custom)
2019-06-13 05:31:20,426 INFO  server.RaftServerConfigKeys (ConfUtils.java:logGet(43)) - raft.server.log.force.sync.num = 128 (default)
2019-06-13 05:31:20,427 INFO  server.RaftServerConfigKeys (ConfUtils.java:logGet(43)) - raft.server.log.statemachine.data.sync = true (default)
2019-06-13 05:31:20,427 INFO  server.RaftServerConfigKeys (ConfUtils.java:logGet(43)) - raft.server.log.statemachine.data.sync.timeout = 10s (default)
2019-06-13 05:31:20,427 INFO  server.RaftServerConfigKeys (ConfUtils.java:logGet(43)) - raft.server.log.statemachine.data.sync.timeout.retry = -1 (default)
2019-06-13 05:31:20,428 INFO  server.RaftServerConfigKeys (ConfUtils.java:logGet(43)) - raft.server.log.statemachine.data.caching.enabled = true (custom)
2019-06-13 05:31:20,428 INFO  server.RaftServerConfigKeys (ConfUtils.java:logGet(43)) - raft.server.retrycache.expirytime = 600000ms (custom)
2019-06-13 05:31:20,428 INFO  impl.RaftServerImpl (RaftServerImpl.java:start(173)) - 091eba2f-44a3-45eb-85e6-b2409ffc12b4: start group-A633F1B34072
2019-06-13 05:31:20,428 INFO  impl.RaftServerImpl (RaftServerImpl.java:setRole(164)) - 091eba2f-44a3-45eb-85e6-b2409ffc12b4:group-A633F1B34072 changes role from null to FOLLOWER at term 0 for startAsFollower
2019-06-13 05:31:20,429 INFO  impl.RoleInfo (RoleInfo.java:updateAndGet(143)) - 091eba2f-44a3-45eb-85e6-b2409ffc12b4: start FollowerState
2019-06-13 05:31:20,429 INFO  server.RaftServerConfigKeys (ConfUtils.java:logGet(43)) - raft.server.snapshot.auto.trigger.enabled = true (custom)
2019-06-13 05:31:20,429 INFO  server.RaftServerConfigKeys (ConfUtils.java:logGet(43)) - raft.server.snapshot.auto.trigger.threshold = 10000 (custom)
2019-06-13 05:31:20,429 INFO  util.JmxRegister (JmxRegister.java:tryRegister(44)) - Successfully registered JMX Bean with object name Ratis:service=RaftServer,group=group-A633F1B34072,id=091eba2f-44a3-45eb-85e6-b2409ffc12b4
2019-06-13 05:31:20,429 INFO  server.RaftServerConfigKeys (ConfUtils.java:logGet(43)) - raft.server.retrycache.expirytime = 600000ms (custom)
2019-06-13 05:31:20,431 INFO  impl.RaftServerImpl (RaftServerImpl.java:start(173)) - 5b7b52d9-1e55-4e28-a475-245db188cb80: start group-A633F1B34072
2019-06-13 05:31:20,431 INFO  impl.RaftServerImpl (RaftServerImpl.java:setRole(164)) - 5b7b52d9-1e55-4e28-a475-245db188cb80:group-A633F1B34072 changes role from null to FOLLOWER at term 0 for startAsFollower
2019-06-13 05:31:20,431 INFO  impl.RoleInfo (RoleInfo.java:updateAndGet(143)) - 5b7b52d9-1e55-4e28-a475-245db188cb80: start FollowerState
2019-06-13 05:31:20,432 INFO  util.JmxRegister (JmxRegister.java:tryRegister(44)) - Successfully registered JMX Bean with object name Ratis:service=RaftServer,group=group-A633F1B34072,id=5b7b52d9-1e55-4e28-a475-245db188cb80
2019-06-13 05:31:20,433 INFO  pipeline.PipelineStateManager (PipelineStateManager.java:addPipeline(56)) - Created pipeline Pipeline[ Id: 40bd6241-5ff2-4ed2-ac86-a633f1b34072, Nodes: 091eba2f-44a3-45eb-85e6-b2409ffc12b4{ip: 192.168.19.45, host: ozone-w6gkr-1366096734, networkLocation: /default-rack, certSerialId: null}7c47e1ba-3315-44e3-9843-93d4fafd52bf{ip: 192.168.19.45, host: ozone-w6gkr-1366096734, networkLocation: /default-rack, certSerialId: null}5b7b52d9-1e55-4e28-a475-245db188cb80{ip: 192.168.19.45, host: ozone-w6gkr-1366096734, networkLocation: /default-rack, certSerialId: null}, Type:RATIS, Factor:THREE, State:OPEN]
2019-06-13 05:31:20,513 INFO  ozone.MiniOzoneClusterImpl (MiniOzoneClusterImpl.java:lambda$waitForClusterToBeReady$0(142)) - Waiting for cluster to be ready. Got 6 of 7 DN Heartbeats.
2019-06-13 05:31:20,521 INFO  node.SCMNodeManager (SCMNodeManager.java:register(234)) - Registered Data node : 829670e8-1aa8-439c-ba96-95e4fb76450d{ip: 192.168.19.45, host: ozone-w6gkr-1366096734, networkLocation: /default-rack, certSerialId: null}
2019-06-13 05:31:20,532 INFO  impl.RaftServerProxy (RaftServerProxy.java:addNew(89)) - 829670e8-1aa8-439c-ba96-95e4fb76450d: addNew group-F53FD920DAE3:[829670e8-1aa8-439c-ba96-95e4fb76450d:192.168.19.45:35579] returns group-F53FD920DAE3:java.util.concurrent.CompletableFuture@27f6166e[Not completed]
2019-06-13 05:31:20,532 INFO  impl.RaftServerImpl (RaftServerImpl.java:<init>(91)) - 829670e8-1aa8-439c-ba96-95e4fb76450d: new RaftServerImpl for group-F53FD920DAE3:[829670e8-1aa8-439c-ba96-95e4fb76450d:192.168.19.45:35579] with ContainerStateMachine:uninitialized
2019-06-13 05:31:20,532 INFO  server.RaftServerConfigKeys (ConfUtils.java:logGet(43)) - raft.server.rpc.timeout.min = 1s (custom)
2019-06-13 05:31:20,533 INFO  server.RaftServerConfigKeys (ConfUtils.java:logGet(43)) - raft.server.rpc.timeout.max = 1200ms (custom)
2019-06-13 05:31:20,533 INFO  server.RaftServerConfigKeys (ConfUtils.java:logGet(43)) - raft.server.rpcslowness.timeout = 120s (custom)
2019-06-13 05:31:20,533 INFO  server.RaftServerConfigKeys (ConfUtils.java:logGet(43)) - raft.server.log.appender.install.snapshot.enabled = true (default)
2019-06-13 05:31:20,533 INFO  impl.RaftServerImpl (ServerState.java:<init>(101)) - 829670e8-1aa8-439c-ba96-95e4fb76450d:group-F53FD920DAE3 ConfigurationManager, init=-1: [829670e8-1aa8-439c-ba96-95e4fb76450d:192.168.19.45:35579], old=null, confs=<EMPTY_MAP>
2019-06-13 05:31:20,533 INFO  server.RaftServerConfigKeys (ConfUtils.java:logGet(43)) - raft.server.storage.dir = [/opt/src/hadoop-ozone/integration-test/target/test-dir/MiniOzoneClusterImpl-668071ad-a01b-49bb-86c6-6f829043dc22/datanode-6/data/ratis] (custom)
2019-06-13 05:31:20,533 INFO  storage.RaftStorageDirectory (RaftStorageDirectory.java:analyzeStorage(246)) - The storage directory /opt/src/hadoop-ozone/integration-test/target/test-dir/MiniOzoneClusterImpl-668071ad-a01b-49bb-86c6-6f829043dc22/datanode-6/data/ratis/47a366fa-fa61-4dae-b2ac-f53fd920dae3 does not exist. Creating ...
2019-06-13 05:31:20,536 INFO  storage.RaftStorageDirectory (RaftStorageDirectory.java:tryLock(328)) - Lock on /opt/src/hadoop-ozone/integration-test/target/test-dir/MiniOzoneClusterImpl-668071ad-a01b-49bb-86c6-6f829043dc22/datanode-6/data/ratis/47a366fa-fa61-4dae-b2ac-f53fd920dae3/in_use.lock acquired by nodename 20922@ozone-w6gkr-1366096734
2019-06-13 05:31:20,538 INFO  storage.RaftStorage (RaftStorage.java:format(75)) - Storage directory /opt/src/hadoop-ozone/integration-test/target/test-dir/MiniOzoneClusterImpl-668071ad-a01b-49bb-86c6-6f829043dc22/datanode-6/data/ratis/47a366fa-fa61-4dae-b2ac-f53fd920dae3 has been successfully formatted.
2019-06-13 05:31:20,538 INFO  ratis.ContainerStateMachine (ContainerStateMachine.java:loadSnapshot(199)) - The snapshot info is null.Setting the last applied index to:(t:0, i:~)
2019-06-13 05:31:20,538 INFO  server.RaftServerConfigKeys (ConfUtils.java:logGet(43)) - raft.server.leader.election.timeout = 120s (custom)
2019-06-13 05:31:20,538 INFO  server.RaftServerConfigKeys (ConfUtils.java:logGet(43)) - raft.server.log.use.memory = false (default)
2019-06-13 05:31:20,538 INFO  server.RaftServerConfigKeys (ConfUtils.java:logGet(43)) - raft.server.log.appender.buffer.byte-limit = 33554432 (custom)
2019-06-13 05:31:20,539 INFO  server.RaftServerConfigKeys (ConfUtils.java:logGet(43)) - raft.server.log.segment.size.max = 16384 (custom)
2019-06-13 05:31:20,539 INFO  server.RaftServerConfigKeys (ConfUtils.java:logGet(43)) - raft.server.log.segment.cache.num.max = 2 (custom)
2019-06-13 05:31:20,539 INFO  storage.RaftLogWorker (RaftLogWorker.java:<init>(123)) - new 829670e8-1aa8-439c-ba96-95e4fb76450d-RaftLogWorker for Storage Directory /opt/src/hadoop-ozone/integration-test/target/test-dir/MiniOzoneClusterImpl-668071ad-a01b-49bb-86c6-6f829043dc22/datanode-6/data/ratis/47a366fa-fa61-4dae-b2ac-f53fd920dae3
2019-06-13 05:31:20,539 INFO  server.RaftServerConfigKeys (ConfUtils.java:logGet(43)) - raft.server.log.queue.byte-limit = 2147483647 (custom)
2019-06-13 05:31:20,539 INFO  server.RaftServerConfigKeys (ConfUtils.java:logGet(43)) - raft.server.log.queue.element-limit = 1024 (custom)
2019-06-13 05:31:20,539 INFO  server.RaftServerConfigKeys (ConfUtils.java:logGet(43)) - raft.server.log.segment.size.max = 16384 (custom)
2019-06-13 05:31:20,539 INFO  server.RaftServerConfigKeys (ConfUtils.java:logGet(43)) - raft.server.log.preallocated.size = 16384 (custom)
2019-06-13 05:31:20,539 INFO  server.RaftServerConfigKeys (ConfUtils.java:logGet(43)) - raft.server.log.write.buffer.size = 33554432 (custom)
2019-06-13 05:31:20,539 INFO  server.RaftServerConfigKeys (ConfUtils.java:logGet(43)) - raft.server.log.force.sync.num = 128 (default)
2019-06-13 05:31:20,539 INFO  server.RaftServerConfigKeys (ConfUtils.java:logGet(43)) - raft.server.log.statemachine.data.sync = true (default)
2019-06-13 05:31:20,539 INFO  server.RaftServerConfigKeys (ConfUtils.java:logGet(43)) - raft.server.log.statemachine.data.sync.timeout = 10s (default)
2019-06-13 05:31:20,539 INFO  server.RaftServerConfigKeys (ConfUtils.java:logGet(43)) - raft.server.log.statemachine.data.sync.timeout.retry = -1 (default)
2019-06-13 05:31:20,539 INFO  server.RaftServerConfigKeys (ConfUtils.java:logGet(43)) - raft.server.log.statemachine.data.caching.enabled = true (custom)
2019-06-13 05:31:20,540 INFO  server.RaftServerConfigKeys (ConfUtils.java:logGet(43)) - raft.server.snapshot.auto.trigger.enabled = true (custom)
2019-06-13 05:31:20,540 INFO  server.RaftServerConfigKeys (ConfUtils.java:logGet(43)) - raft.server.snapshot.auto.trigger.threshold = 10000 (custom)
2019-06-13 05:31:20,540 INFO  server.RaftServerConfigKeys (ConfUtils.java:logGet(43)) - raft.server.retrycache.expirytime = 600000ms (custom)
2019-06-13 05:31:20,540 INFO  impl.RaftServerImpl (RaftServerImpl.java:start(173)) - 829670e8-1aa8-439c-ba96-95e4fb76450d: start group-F53FD920DAE3
2019-06-13 05:31:20,540 INFO  impl.RaftServerImpl (RaftServerImpl.java:setRole(164)) - 829670e8-1aa8-439c-ba96-95e4fb76450d:group-F53FD920DAE3 changes role from null to FOLLOWER at term 0 for startAsFollower
2019-06-13 05:31:20,540 INFO  impl.RoleInfo (RoleInfo.java:updateAndGet(143)) - 829670e8-1aa8-439c-ba96-95e4fb76450d: start FollowerState
2019-06-13 05:31:20,541 INFO  util.JmxRegister (JmxRegister.java:tryRegister(44)) - Successfully registered JMX Bean with object name Ratis:service=RaftServer,group=group-F53FD920DAE3,id=829670e8-1aa8-439c-ba96-95e4fb76450d
2019-06-13 05:31:20,542 INFO  pipeline.PipelineStateManager (PipelineStateManager.java:addPipeline(56)) - Created pipeline Pipeline[ Id: 47a366fa-fa61-4dae-b2ac-f53fd920dae3, Nodes: 829670e8-1aa8-439c-ba96-95e4fb76450d{ip: 192.168.19.45, host: ozone-w6gkr-1366096734, networkLocation: /default-rack, certSerialId: null}, Type:RATIS, Factor:ONE, State:OPEN]
2019-06-13 05:31:20,723 INFO  impl.FollowerState (FollowerState.java:run(101)) - 52a9e243-62aa-48f5-a55c-943024e5d88f:group-930E76EDB95E changes to CANDIDATE, lastRpcTime:1157, electionTimeout:1157ms
2019-06-13 05:31:20,723 INFO  impl.RoleInfo (RoleInfo.java:shutdownFollowerState(121)) - 52a9e243-62aa-48f5-a55c-943024e5d88f: shutdown FollowerState
2019-06-13 05:31:20,723 INFO  impl.RaftServerImpl (RaftServerImpl.java:setRole(164)) - 52a9e243-62aa-48f5-a55c-943024e5d88f:group-930E76EDB95E changes role from FOLLOWER to CANDIDATE at term 0 for changeToCandidate
2019-06-13 05:31:20,723 INFO  impl.RoleInfo (RoleInfo.java:updateAndGet(143)) - 52a9e243-62aa-48f5-a55c-943024e5d88f: start LeaderElection
2019-06-13 05:31:20,729 INFO  impl.LeaderElection (LeaderElection.java:askForVotes(181)) - 52a9e243-62aa-48f5-a55c-943024e5d88f:group-930E76EDB95E:LeaderElection28: begin an election at term 1 for -1: [52a9e243-62aa-48f5-a55c-943024e5d88f:192.168.19.45:36161], old=null
2019-06-13 05:31:20,729 INFO  impl.RoleInfo (RoleInfo.java:shutdownLeaderElection(134)) - 52a9e243-62aa-48f5-a55c-943024e5d88f: shutdown LeaderElection
2019-06-13 05:31:20,729 INFO  impl.RaftServerImpl (RaftServerImpl.java:setRole(164)) - 52a9e243-62aa-48f5-a55c-943024e5d88f:group-930E76EDB95E changes role from CANDIDATE to LEADER at term 1 for changeToLeader
2019-06-13 05:31:20,730 INFO  impl.RaftServerImpl (ServerState.java:setLeader(263)) - 52a9e243-62aa-48f5-a55c-943024e5d88f:group-930E76EDB95E change Leader from null to 52a9e243-62aa-48f5-a55c-943024e5d88f at term 1 for becomeLeader, leader elected after 1165ms
2019-06-13 05:31:20,730 INFO  server.RaftServerConfigKeys (ConfUtils.java:logGet(43)) - raft.server.staging.catchup.gap = 1000 (default)
2019-06-13 05:31:20,730 INFO  server.RaftServerConfigKeys (ConfUtils.java:logGet(43)) - raft.server.rpc.sleep.time = 25ms (default)
2019-06-13 05:31:20,730 INFO  server.RaftServerConfigKeys (ConfUtils.java:logGet(43)) - raft.server.watch.timeout = 10s (default)
2019-06-13 05:31:20,730 INFO  server.RaftServerConfigKeys (ConfUtils.java:logGet(43)) - raft.server.watch.timeout.denomination = 1s (default)
2019-06-13 05:31:20,730 INFO  impl.RoleInfo (RoleInfo.java:updateAndGet(143)) - 52a9e243-62aa-48f5-a55c-943024e5d88f: start LeaderState
2019-06-13 05:31:20,730 INFO  storage.RaftLogWorker (RaftLogWorker.java:startLogSegment(298)) - 52a9e243-62aa-48f5-a55c-943024e5d88f-RaftLogWorker: Starting segment from index:0
2019-06-13 05:31:20,730 INFO  impl.RaftServerImpl (ServerState.java:setRaftConf(361)) - 52a9e243-62aa-48f5-a55c-943024e5d88f:group-930E76EDB95E set configuration 0: [52a9e243-62aa-48f5-a55c-943024e5d88f:192.168.19.45:36161], old=null at 0
2019-06-13 05:31:20,765 INFO  storage.RaftLogWorker (RaftLogWorker.java:execute(469)) - 52a9e243-62aa-48f5-a55c-943024e5d88f-RaftLogWorker: created new log segment /opt/src/hadoop-ozone/integration-test/target/test-dir/MiniOzoneClusterImpl-668071ad-a01b-49bb-86c6-6f829043dc22/datanode-0/data/ratis/4f50edfc-c6d7-4215-a171-930e76edb95e/current/log_inprogress_0
2019-06-13 05:31:20,771 INFO  impl.FollowerState (FollowerState.java:run(101)) - 157645c2-71dd-4cc5-b325-e6dfb0626eb0:group-5E2FA7E465C7 changes to CANDIDATE, lastRpcTime:1029, electionTimeout:1029ms
2019-06-13 05:31:20,771 INFO  impl.RoleInfo (RoleInfo.java:shutdownFollowerState(121)) - 157645c2-71dd-4cc5-b325-e6dfb0626eb0: shutdown FollowerState
2019-06-13 05:31:20,771 INFO  impl.RaftServerImpl (RaftServerImpl.java:setRole(164)) - 157645c2-71dd-4cc5-b325-e6dfb0626eb0:group-5E2FA7E465C7 changes role from FOLLOWER to CANDIDATE at term 0 for changeToCandidate
2019-06-13 05:31:20,771 INFO  impl.RoleInfo (RoleInfo.java:updateAndGet(143)) - 157645c2-71dd-4cc5-b325-e6dfb0626eb0: start LeaderElection
2019-06-13 05:31:20,777 INFO  impl.LeaderElection (LeaderElection.java:askForVotes(181)) - 157645c2-71dd-4cc5-b325-e6dfb0626eb0:group-5E2FA7E465C7:LeaderElection29: begin an election at term 1 for -1: [157645c2-71dd-4cc5-b325-e6dfb0626eb0:192.168.19.45:45287], old=null
2019-06-13 05:31:20,777 INFO  impl.RoleInfo (RoleInfo.java:shutdownLeaderElection(134)) - 157645c2-71dd-4cc5-b325-e6dfb0626eb0: shutdown LeaderElection
2019-06-13 05:31:20,777 INFO  impl.RaftServerImpl (RaftServerImpl.java:setRole(164)) - 157645c2-71dd-4cc5-b325-e6dfb0626eb0:group-5E2FA7E465C7 changes role from CANDIDATE to LEADER at term 1 for changeToLeader
2019-06-13 05:31:20,777 INFO  impl.RaftServerImpl (ServerState.java:setLeader(263)) - 157645c2-71dd-4cc5-b325-e6dfb0626eb0:group-5E2FA7E465C7 change Leader from null to 157645c2-71dd-4cc5-b325-e6dfb0626eb0 at term 1 for becomeLeader, leader elected after 1037ms
2019-06-13 05:31:20,777 INFO  server.RaftServerConfigKeys (ConfUtils.java:logGet(43)) - raft.server.staging.catchup.gap = 1000 (default)
2019-06-13 05:31:20,778 INFO  server.RaftServerConfigKeys (ConfUtils.java:logGet(43)) - raft.server.rpc.sleep.time = 25ms (default)
2019-06-13 05:31:20,778 INFO  server.RaftServerConfigKeys (ConfUtils.java:logGet(43)) - raft.server.watch.timeout = 10s (default)
2019-06-13 05:31:20,778 INFO  server.RaftServerConfigKeys (ConfUtils.java:logGet(43)) - raft.server.watch.timeout.denomination = 1s (default)
2019-06-13 05:31:20,778 INFO  impl.RoleInfo (RoleInfo.java:updateAndGet(143)) - 157645c2-71dd-4cc5-b325-e6dfb0626eb0: start LeaderState
2019-06-13 05:31:20,778 INFO  storage.RaftLogWorker (RaftLogWorker.java:startLogSegment(298)) - 157645c2-71dd-4cc5-b325-e6dfb0626eb0-RaftLogWorker: Starting segment from index:0
2019-06-13 05:31:20,778 INFO  impl.RaftServerImpl (ServerState.java:setRaftConf(361)) - 157645c2-71dd-4cc5-b325-e6dfb0626eb0:group-5E2FA7E465C7 set configuration 0: [157645c2-71dd-4cc5-b325-e6dfb0626eb0:192.168.19.45:45287], old=null at 0
2019-06-13 05:31:20,814 INFO  storage.RaftLogWorker (RaftLogWorker.java:execute(469)) - 157645c2-71dd-4cc5-b325-e6dfb0626eb0-RaftLogWorker: created new log segment /opt/src/hadoop-ozone/integration-test/target/test-dir/MiniOzoneClusterImpl-668071ad-a01b-49bb-86c6-6f829043dc22/datanode-1/data/ratis/539d65a0-43a9-4910-a0cb-5e2fa7e465c7/current/log_inprogress_0
2019-06-13 05:31:20,997 INFO  impl.FollowerState (FollowerState.java:run(101)) - f233e835-59f6-449c-9820-380739eed38a:group-A849B9DD786C changes to CANDIDATE, lastRpcTime:1068, electionTimeout:1067ms
2019-06-13 05:31:20,997 INFO  impl.RoleInfo (RoleInfo.java:shutdownFollowerState(121)) - f233e835-59f6-449c-9820-380739eed38a: shutdown FollowerState
2019-06-13 05:31:20,997 INFO  impl.RaftServerImpl (RaftServerImpl.java:setRole(164)) - f233e835-59f6-449c-9820-380739eed38a:group-A849B9DD786C changes role from FOLLOWER to CANDIDATE at term 0 for changeToCandidate
2019-06-13 05:31:20,997 INFO  impl.RoleInfo (RoleInfo.java:updateAndGet(143)) - f233e835-59f6-449c-9820-380739eed38a: start LeaderElection
2019-06-13 05:31:21,004 INFO  impl.LeaderElection (LeaderElection.java:askForVotes(181)) - f233e835-59f6-449c-9820-380739eed38a:group-A849B9DD786C:LeaderElection30: begin an election at term 1 for -1: [157645c2-71dd-4cc5-b325-e6dfb0626eb0:192.168.19.45:45287, f233e835-59f6-449c-9820-380739eed38a:192.168.19.45:41355, 52a9e243-62aa-48f5-a55c-943024e5d88f:192.168.19.45:36161], old=null
2019-06-13 05:31:21,010 INFO  impl.RaftServerImpl (RaftServerImpl.java:setRole(164)) - 52a9e243-62aa-48f5-a55c-943024e5d88f:group-A849B9DD786C changes role from FOLLOWER to FOLLOWER at term 1 for recognizeCandidate:f233e835-59f6-449c-9820-380739eed38a
2019-06-13 05:31:21,010 INFO  impl.RoleInfo (RoleInfo.java:shutdownFollowerState(121)) - 52a9e243-62aa-48f5-a55c-943024e5d88f: shutdown FollowerState
2019-06-13 05:31:21,010 INFO  impl.RoleInfo (RoleInfo.java:updateAndGet(143)) - 52a9e243-62aa-48f5-a55c-943024e5d88f: start FollowerState
2019-06-13 05:31:21,010 INFO  impl.FollowerState (FollowerState.java:run(109)) - 52a9e243-62aa-48f5-a55c-943024e5d88f: FollowerState was interrupted: java.lang.InterruptedException: sleep interrupted
2019-06-13 05:31:21,012 INFO  impl.RaftServerImpl (RaftServerImpl.java:setRole(164)) - 157645c2-71dd-4cc5-b325-e6dfb0626eb0:group-A849B9DD786C changes role from FOLLOWER to FOLLOWER at term 1 for recognizeCandidate:f233e835-59f6-449c-9820-380739eed38a
2019-06-13 05:31:21,012 INFO  impl.RoleInfo (RoleInfo.java:shutdownFollowerState(121)) - 157645c2-71dd-4cc5-b325-e6dfb0626eb0: shutdown FollowerState
2019-06-13 05:31:21,012 INFO  impl.RoleInfo (RoleInfo.java:updateAndGet(143)) - 157645c2-71dd-4cc5-b325-e6dfb0626eb0: start FollowerState
2019-06-13 05:31:21,012 INFO  impl.FollowerState (FollowerState.java:run(109)) - 157645c2-71dd-4cc5-b325-e6dfb0626eb0: FollowerState was interrupted: java.lang.InterruptedException: sleep interrupted
2019-06-13 05:31:21,014 INFO  impl.LeaderElection (LeaderElection.java:logAndReturn(56)) - f233e835-59f6-449c-9820-380739eed38a:group-A849B9DD786C:LeaderElection30: Election PASSED; received 1 response(s) [f233e835-59f6-449c-9820-380739eed38a->52a9e243-62aa-48f5-a55c-943024e5d88f,true-t1] and 0 exception(s); f233e835-59f6-449c-9820-380739eed38a:t1, leader=null, voted=f233e835-59f6-449c-9820-380739eed38a, raftlog=f233e835-59f6-449c-9820-380739eed38a-SegmentedRaftLog:OPENED:c-1,f-1,i0, conf=-1: [157645c2-71dd-4cc5-b325-e6dfb0626eb0:192.168.19.45:45287, f233e835-59f6-449c-9820-380739eed38a:192.168.19.45:41355, 52a9e243-62aa-48f5-a55c-943024e5d88f:192.168.19.45:36161], old=null
2019-06-13 05:31:21,014 INFO  impl.RoleInfo (RoleInfo.java:shutdownLeaderElection(134)) - f233e835-59f6-449c-9820-380739eed38a: shutdown LeaderElection
2019-06-13 05:31:21,014 INFO  impl.RaftServerImpl (RaftServerImpl.java:setRole(164)) - f233e835-59f6-449c-9820-380739eed38a:group-A849B9DD786C changes role from CANDIDATE to LEADER at term 1 for changeToLeader
2019-06-13 05:31:21,014 INFO  impl.RaftServerImpl (ServerState.java:setLeader(263)) - f233e835-59f6-449c-9820-380739eed38a:group-A849B9DD786C change Leader from null to f233e835-59f6-449c-9820-380739eed38a at term 1 for becomeLeader, leader elected after 1092ms
2019-06-13 05:31:21,014 INFO  server.RaftServerConfigKeys (ConfUtils.java:logGet(43)) - raft.server.staging.catchup.gap = 1000 (default)
2019-06-13 05:31:21,014 INFO  server.RaftServerConfigKeys (ConfUtils.java:logGet(43)) - raft.server.rpc.sleep.time = 25ms (default)
2019-06-13 05:31:21,015 INFO  server.RaftServerConfigKeys (ConfUtils.java:logGet(43)) - raft.server.watch.timeout = 10s (default)
2019-06-13 05:31:21,015 INFO  server.RaftServerConfigKeys (ConfUtils.java:logGet(43)) - raft.server.watch.timeout.denomination = 1s (default)
2019-06-13 05:31:21,015 INFO  server.RaftServerConfigKeys (ConfUtils.java:logGet(43)) - raft.server.log.appender.snapshot.chunk.size.max = 16MB (=16777216) (default)
2019-06-13 05:31:21,015 INFO  server.RaftServerConfigKeys (ConfUtils.java:logGet(43)) - raft.server.log.appender.buffer.byte-limit = 33554432 (custom)
2019-06-13 05:31:21,015 INFO  server.RaftServerConfigKeys (ConfUtils.java:logGet(43)) - raft.server.log.appender.buffer.element-limit = 1 (custom)
2019-06-13 05:31:21,015 INFO  grpc.GrpcConfigKeys$Server (ConfUtils.java:logGet(43)) - raft.grpc.server.leader.outstanding.appends.max = 128 (default)
2019-06-13 05:31:21,015 INFO  server.RaftServerConfigKeys (ConfUtils.java:logGet(43)) - raft.server.rpc.request.timeout = 3000ms (default)
2019-06-13 05:31:21,015 INFO  server.RaftServerConfigKeys (ConfUtils.java:logGet(43)) - raft.server.log.appender.install.snapshot.enabled = true (default)
2019-06-13 05:31:21,015 INFO  server.RaftServerConfigKeys (ConfUtils.java:logGet(43)) - raft.server.log.appender.snapshot.chunk.size.max = 16MB (=16777216) (default)
2019-06-13 05:31:21,015 INFO  server.RaftServerConfigKeys (ConfUtils.java:logGet(43)) - raft.server.log.appender.buffer.byte-limit = 33554432 (custom)
2019-06-13 05:31:21,016 INFO  server.RaftServerConfigKeys (ConfUtils.java:logGet(43)) - raft.server.log.appender.buffer.element-limit = 1 (custom)
2019-06-13 05:31:21,016 INFO  grpc.GrpcConfigKeys$Server (ConfUtils.java:logGet(43)) - raft.grpc.server.leader.outstanding.appends.max = 128 (default)
2019-06-13 05:31:21,016 INFO  server.RaftServerConfigKeys (ConfUtils.java:logGet(43)) - raft.server.rpc.request.timeout = 3000ms (default)
2019-06-13 05:31:21,016 INFO  server.RaftServerConfigKeys (ConfUtils.java:logGet(43)) - raft.server.log.appender.install.snapshot.enabled = true (default)
2019-06-13 05:31:21,016 INFO  impl.RoleInfo (RoleInfo.java:updateAndGet(143)) - f233e835-59f6-449c-9820-380739eed38a: start LeaderState
2019-06-13 05:31:21,016 INFO  storage.RaftLogWorker (RaftLogWorker.java:startLogSegment(298)) - f233e835-59f6-449c-9820-380739eed38a-RaftLogWorker: Starting segment from index:0
2019-06-13 05:31:21,025 INFO  impl.RaftServerImpl (ServerState.java:setRaftConf(361)) - f233e835-59f6-449c-9820-380739eed38a:group-A849B9DD786C set configuration 0: [157645c2-71dd-4cc5-b325-e6dfb0626eb0:192.168.19.45:45287, f233e835-59f6-449c-9820-380739eed38a:192.168.19.45:41355, 52a9e243-62aa-48f5-a55c-943024e5d88f:192.168.19.45:36161], old=null at 0
2019-06-13 05:31:21,036 INFO  impl.RaftServerImpl (ServerState.java:setLeader(263)) - 157645c2-71dd-4cc5-b325-e6dfb0626eb0:group-A849B9DD786C change Leader from null to f233e835-59f6-449c-9820-380739eed38a at term 1 for appendEntries, leader elected after 1113ms
2019-06-13 05:31:21,054 INFO  impl.RaftServerImpl (ServerState.java:setLeader(263)) - 52a9e243-62aa-48f5-a55c-943024e5d88f:group-A849B9DD786C change Leader from null to f233e835-59f6-449c-9820-380739eed38a at term 1 for appendEntries, leader elected after 1132ms
2019-06-13 05:31:21,056 INFO  storage.RaftLogWorker (RaftLogWorker.java:execute(469)) - f233e835-59f6-449c-9820-380739eed38a-RaftLogWorker: created new log segment /opt/src/hadoop-ozone/integration-test/target/test-dir/MiniOzoneClusterImpl-668071ad-a01b-49bb-86c6-6f829043dc22/datanode-2/data/ratis/1a85d60f-9eec-4602-8df1-a849b9dd786c/current/log_inprogress_0
2019-06-13 05:31:21,056 INFO  impl.RaftServerImpl (ServerState.java:setRaftConf(361)) - 52a9e243-62aa-48f5-a55c-943024e5d88f:group-A849B9DD786C set configuration 0: [157645c2-71dd-4cc5-b325-e6dfb0626eb0:192.168.19.45:45287, f233e835-59f6-449c-9820-380739eed38a:192.168.19.45:41355, 52a9e243-62aa-48f5-a55c-943024e5d88f:192.168.19.45:36161], old=null at 0
2019-06-13 05:31:21,056 INFO  storage.RaftLogWorker (RaftLogWorker.java:startLogSegment(298)) - 52a9e243-62aa-48f5-a55c-943024e5d88f-RaftLogWorker: Starting segment from index:0
2019-06-13 05:31:21,057 INFO  impl.RaftServerImpl (ServerState.java:setRaftConf(361)) - 157645c2-71dd-4cc5-b325-e6dfb0626eb0:group-A849B9DD786C set configuration 0: [157645c2-71dd-4cc5-b325-e6dfb0626eb0:192.168.19.45:45287, f233e835-59f6-449c-9820-380739eed38a:192.168.19.45:41355, 52a9e243-62aa-48f5-a55c-943024e5d88f:192.168.19.45:36161], old=null at 0
2019-06-13 05:31:21,057 INFO  storage.RaftLogWorker (RaftLogWorker.java:startLogSegment(298)) - 157645c2-71dd-4cc5-b325-e6dfb0626eb0-RaftLogWorker: Starting segment from index:0
2019-06-13 05:31:21,089 INFO  impl.FollowerState (FollowerState.java:run(101)) - f233e835-59f6-449c-9820-380739eed38a:group-9B7521D409A0 changes to CANDIDATE, lastRpcTime:1193, electionTimeout:1193ms
2019-06-13 05:31:21,089 INFO  impl.RoleInfo (RoleInfo.java:shutdownFollowerState(121)) - f233e835-59f6-449c-9820-380739eed38a: shutdown FollowerState
2019-06-13 05:31:21,089 INFO  impl.RaftServerImpl (RaftServerImpl.java:setRole(164)) - f233e835-59f6-449c-9820-380739eed38a:group-9B7521D409A0 changes role from FOLLOWER to CANDIDATE at term 0 for changeToCandidate
2019-06-13 05:31:21,089 INFO  impl.RoleInfo (RoleInfo.java:updateAndGet(143)) - f233e835-59f6-449c-9820-380739eed38a: start LeaderElection
2019-06-13 05:31:21,102 INFO  storage.RaftLogWorker (RaftLogWorker.java:execute(469)) - 52a9e243-62aa-48f5-a55c-943024e5d88f-RaftLogWorker: created new log segment /opt/src/hadoop-ozone/integration-test/target/test-dir/MiniOzoneClusterImpl-668071ad-a01b-49bb-86c6-6f829043dc22/datanode-0/data/ratis/1a85d60f-9eec-4602-8df1-a849b9dd786c/current/log_inprogress_0
2019-06-13 05:31:21,103 INFO  storage.RaftLogWorker (RaftLogWorker.java:execute(469)) - 157645c2-71dd-4cc5-b325-e6dfb0626eb0-RaftLogWorker: created new log segment /opt/src/hadoop-ozone/integration-test/target/test-dir/MiniOzoneClusterImpl-668071ad-a01b-49bb-86c6-6f829043dc22/datanode-1/data/ratis/1a85d60f-9eec-4602-8df1-a849b9dd786c/current/log_inprogress_0
2019-06-13 05:31:21,113 INFO  impl.LeaderElection (LeaderElection.java:askForVotes(181)) - f233e835-59f6-449c-9820-380739eed38a:group-9B7521D409A0:LeaderElection31: begin an election at term 1 for -1: [f233e835-59f6-449c-9820-380739eed38a:192.168.19.45:41355], old=null
2019-06-13 05:31:21,114 INFO  impl.RoleInfo (RoleInfo.java:shutdownLeaderElection(134)) - f233e835-59f6-449c-9820-380739eed38a: shutdown LeaderElection
2019-06-13 05:31:21,114 INFO  impl.RaftServerImpl (RaftServerImpl.java:setRole(164)) - f233e835-59f6-449c-9820-380739eed38a:group-9B7521D409A0 changes role from CANDIDATE to LEADER at term 1 for changeToLeader
2019-06-13 05:31:21,114 INFO  impl.RaftServerImpl (ServerState.java:setLeader(263)) - f233e835-59f6-449c-9820-380739eed38a:group-9B7521D409A0 change Leader from null to f233e835-59f6-449c-9820-380739eed38a at term 1 for becomeLeader, leader elected after 1220ms
2019-06-13 05:31:21,114 INFO  server.RaftServerConfigKeys (ConfUtils.java:logGet(43)) - raft.server.staging.catchup.gap = 1000 (default)
2019-06-13 05:31:21,114 INFO  server.RaftServerConfigKeys (ConfUtils.java:logGet(43)) - raft.server.rpc.sleep.time = 25ms (default)
2019-06-13 05:31:21,114 INFO  server.RaftServerConfigKeys (ConfUtils.java:logGet(43)) - raft.server.watch.timeout = 10s (default)
2019-06-13 05:31:21,114 INFO  server.RaftServerConfigKeys (ConfUtils.java:logGet(43)) - raft.server.watch.timeout.denomination = 1s (default)
2019-06-13 05:31:21,114 INFO  impl.RoleInfo (RoleInfo.java:updateAndGet(143)) - f233e835-59f6-449c-9820-380739eed38a: start LeaderState
2019-06-13 05:31:21,114 INFO  storage.RaftLogWorker (RaftLogWorker.java:startLogSegment(298)) - f233e835-59f6-449c-9820-380739eed38a-RaftLogWorker: Starting segment from index:0
2019-06-13 05:31:21,115 INFO  impl.RaftServerImpl (ServerState.java:setRaftConf(361)) - f233e835-59f6-449c-9820-380739eed38a:group-9B7521D409A0 set configuration 0: [f233e835-59f6-449c-9820-380739eed38a:192.168.19.45:41355], old=null at 0
2019-06-13 05:31:21,152 INFO  storage.RaftLogWorker (RaftLogWorker.java:execute(469)) - f233e835-59f6-449c-9820-380739eed38a-RaftLogWorker: created new log segment /opt/src/hadoop-ozone/integration-test/target/test-dir/MiniOzoneClusterImpl-668071ad-a01b-49bb-86c6-6f829043dc22/datanode-2/data/ratis/23f003e3-57c1-4632-a37f-9b7521d409a0/current/log_inprogress_0
2019-06-13 05:31:21,193 INFO  impl.FollowerState (FollowerState.java:run(101)) - 7c47e1ba-3315-44e3-9843-93d4fafd52bf:group-E6D5579D549A changes to CANDIDATE, lastRpcTime:1142, electionTimeout:1142ms
2019-06-13 05:31:21,193 INFO  impl.RoleInfo (RoleInfo.java:shutdownFollowerState(121)) - 7c47e1ba-3315-44e3-9843-93d4fafd52bf: shutdown FollowerState
2019-06-13 05:31:21,193 INFO  impl.RaftServerImpl (RaftServerImpl.java:setRole(164)) - 7c47e1ba-3315-44e3-9843-93d4fafd52bf:group-E6D5579D549A changes role from FOLLOWER to CANDIDATE at term 0 for changeToCandidate
2019-06-13 05:31:21,193 INFO  impl.RoleInfo (RoleInfo.java:updateAndGet(143)) - 7c47e1ba-3315-44e3-9843-93d4fafd52bf: start LeaderElection
2019-06-13 05:31:21,199 INFO  impl.LeaderElection (LeaderElection.java:askForVotes(181)) - 7c47e1ba-3315-44e3-9843-93d4fafd52bf:group-E6D5579D549A:LeaderElection32: begin an election at term 1 for -1: [7c47e1ba-3315-44e3-9843-93d4fafd52bf:192.168.19.45:36277], old=null
2019-06-13 05:31:21,199 INFO  impl.RoleInfo (RoleInfo.java:shutdownLeaderElection(134)) - 7c47e1ba-3315-44e3-9843-93d4fafd52bf: shutdown LeaderElection
2019-06-13 05:31:21,199 INFO  impl.RaftServerImpl (RaftServerImpl.java:setRole(164)) - 7c47e1ba-3315-44e3-9843-93d4fafd52bf:group-E6D5579D549A changes role from CANDIDATE to LEADER at term 1 for changeToLeader
2019-06-13 05:31:21,199 INFO  impl.RaftServerImpl (ServerState.java:setLeader(263)) - 7c47e1ba-3315-44e3-9843-93d4fafd52bf:group-E6D5579D549A change Leader from null to 7c47e1ba-3315-44e3-9843-93d4fafd52bf at term 1 for becomeLeader, leader elected after 1150ms
2019-06-13 05:31:21,199 INFO  server.RaftServerConfigKeys (ConfUtils.java:logGet(43)) - raft.server.staging.catchup.gap = 1000 (default)
2019-06-13 05:31:21,200 INFO  server.RaftServerConfigKeys (ConfUtils.java:logGet(43)) - raft.server.rpc.sleep.time = 25ms (default)
2019-06-13 05:31:21,200 INFO  server.RaftServerConfigKeys (ConfUtils.java:logGet(43)) - raft.server.watch.timeout = 10s (default)
2019-06-13 05:31:21,200 INFO  server.RaftServerConfigKeys (ConfUtils.java:logGet(43)) - raft.server.watch.timeout.denomination = 1s (default)
2019-06-13 05:31:21,200 INFO  impl.RoleInfo (RoleInfo.java:updateAndGet(143)) - 7c47e1ba-3315-44e3-9843-93d4fafd52bf: start LeaderState
2019-06-13 05:31:21,200 INFO  storage.RaftLogWorker (RaftLogWorker.java:startLogSegment(298)) - 7c47e1ba-3315-44e3-9843-93d4fafd52bf-RaftLogWorker: Starting segment from index:0
2019-06-13 05:31:21,200 INFO  impl.RaftServerImpl (ServerState.java:setRaftConf(361)) - 7c47e1ba-3315-44e3-9843-93d4fafd52bf:group-E6D5579D549A set configuration 0: [7c47e1ba-3315-44e3-9843-93d4fafd52bf:192.168.19.45:36277], old=null at 0
2019-06-13 05:31:21,236 INFO  storage.RaftLogWorker (RaftLogWorker.java:execute(469)) - 7c47e1ba-3315-44e3-9843-93d4fafd52bf-RaftLogWorker: created new log segment /opt/src/hadoop-ozone/integration-test/target/test-dir/MiniOzoneClusterImpl-668071ad-a01b-49bb-86c6-6f829043dc22/datanode-3/data/ratis/0a07d229-3010-4a53-b074-e6d5579d549a/current/log_inprogress_0
2019-06-13 05:31:21,387 INFO  impl.FollowerState (FollowerState.java:run(101)) - 091eba2f-44a3-45eb-85e6-b2409ffc12b4:group-78270A015AD0 changes to CANDIDATE, lastRpcTime:1146, electionTimeout:1146ms
2019-06-13 05:31:21,387 INFO  impl.RoleInfo (RoleInfo.java:shutdownFollowerState(121)) - 091eba2f-44a3-45eb-85e6-b2409ffc12b4: shutdown FollowerState
2019-06-13 05:31:21,387 INFO  impl.RaftServerImpl (RaftServerImpl.java:setRole(164)) - 091eba2f-44a3-45eb-85e6-b2409ffc12b4:group-78270A015AD0 changes role from FOLLOWER to CANDIDATE at term 0 for changeToCandidate
2019-06-13 05:31:21,387 INFO  impl.RoleInfo (RoleInfo.java:updateAndGet(143)) - 091eba2f-44a3-45eb-85e6-b2409ffc12b4: start LeaderElection
2019-06-13 05:31:21,393 INFO  impl.LeaderElection (LeaderElection.java:askForVotes(181)) - 091eba2f-44a3-45eb-85e6-b2409ffc12b4:group-78270A015AD0:LeaderElection33: begin an election at term 1 for -1: [091eba2f-44a3-45eb-85e6-b2409ffc12b4:192.168.19.45:46639], old=null
2019-06-13 05:31:21,393 INFO  impl.RoleInfo (RoleInfo.java:shutdownLeaderElection(134)) - 091eba2f-44a3-45eb-85e6-b2409ffc12b4: shutdown LeaderElection
2019-06-13 05:31:21,393 INFO  impl.RaftServerImpl (RaftServerImpl.java:setRole(164)) - 091eba2f-44a3-45eb-85e6-b2409ffc12b4:group-78270A015AD0 changes role from CANDIDATE to LEADER at term 1 for changeToLeader
2019-06-13 05:31:21,393 INFO  impl.RaftServerImpl (ServerState.java:setLeader(263)) - 091eba2f-44a3-45eb-85e6-b2409ffc12b4:group-78270A015AD0 change Leader from null to 091eba2f-44a3-45eb-85e6-b2409ffc12b4 at term 1 for becomeLeader, leader elected after 1154ms
2019-06-13 05:31:21,393 INFO  server.RaftServerConfigKeys (ConfUtils.java:logGet(43)) - raft.server.staging.catchup.gap = 1000 (default)
2019-06-13 05:31:21,394 INFO  server.RaftServerConfigKeys (ConfUtils.java:logGet(43)) - raft.server.rpc.sleep.time = 25ms (default)
2019-06-13 05:31:21,394 INFO  server.RaftServerConfigKeys (ConfUtils.java:logGet(43)) - raft.server.watch.timeout = 10s (default)
2019-06-13 05:31:21,394 INFO  server.RaftServerConfigKeys (ConfUtils.java:logGet(43)) - raft.server.watch.timeout.denomination = 1s (default)
2019-06-13 05:31:21,394 INFO  impl.RoleInfo (RoleInfo.java:updateAndGet(143)) - 091eba2f-44a3-45eb-85e6-b2409ffc12b4: start LeaderState
2019-06-13 05:31:21,394 INFO  storage.RaftLogWorker (RaftLogWorker.java:startLogSegment(298)) - 091eba2f-44a3-45eb-85e6-b2409ffc12b4-RaftLogWorker: Starting segment from index:0
2019-06-13 05:31:21,397 INFO  impl.RaftServerImpl (ServerState.java:setRaftConf(361)) - 091eba2f-44a3-45eb-85e6-b2409ffc12b4:group-78270A015AD0 set configuration 0: [091eba2f-44a3-45eb-85e6-b2409ffc12b4:192.168.19.45:46639], old=null at 0
2019-06-13 05:31:21,418 INFO  impl.FollowerState (FollowerState.java:run(101)) - 5b7b52d9-1e55-4e28-a475-245db188cb80:group-28FFFF3899C1 changes to CANDIDATE, lastRpcTime:1015, electionTimeout:1015ms
2019-06-13 05:31:21,418 INFO  impl.RoleInfo (RoleInfo.java:shutdownFollowerState(121)) - 5b7b52d9-1e55-4e28-a475-245db188cb80: shutdown FollowerState
2019-06-13 05:31:21,418 INFO  impl.RaftServerImpl (RaftServerImpl.java:setRole(164)) - 5b7b52d9-1e55-4e28-a475-245db188cb80:group-28FFFF3899C1 changes role from FOLLOWER to CANDIDATE at term 0 for changeToCandidate
2019-06-13 05:31:21,418 INFO  impl.RoleInfo (RoleInfo.java:updateAndGet(143)) - 5b7b52d9-1e55-4e28-a475-245db188cb80: start LeaderElection
2019-06-13 05:31:21,433 INFO  storage.RaftLogWorker (RaftLogWorker.java:execute(469)) - 091eba2f-44a3-45eb-85e6-b2409ffc12b4-RaftLogWorker: created new log segment /opt/src/hadoop-ozone/integration-test/target/test-dir/MiniOzoneClusterImpl-668071ad-a01b-49bb-86c6-6f829043dc22/datanode-4/data/ratis/f2d8ca6e-ce84-4a16-a42e-78270a015ad0/current/log_inprogress_0
2019-06-13 05:31:21,433 INFO  impl.LeaderElection (LeaderElection.java:askForVotes(181)) - 5b7b52d9-1e55-4e28-a475-245db188cb80:group-28FFFF3899C1:LeaderElection34: begin an election at term 1 for -1: [5b7b52d9-1e55-4e28-a475-245db188cb80:192.168.19.45:40967], old=null
2019-06-13 05:31:21,434 INFO  impl.RoleInfo (RoleInfo.java:shutdownLeaderElection(134)) - 5b7b52d9-1e55-4e28-a475-245db188cb80: shutdown LeaderElection
2019-06-13 05:31:21,434 INFO  impl.RaftServerImpl (RaftServerImpl.java:setRole(164)) - 5b7b52d9-1e55-4e28-a475-245db188cb80:group-28FFFF3899C1 changes role from CANDIDATE to LEADER at term 1 for changeToLeader
2019-06-13 05:31:21,434 INFO  impl.RaftServerImpl (ServerState.java:setLeader(263)) - 5b7b52d9-1e55-4e28-a475-245db188cb80:group-28FFFF3899C1 change Leader from null to 5b7b52d9-1e55-4e28-a475-245db188cb80 at term 1 for becomeLeader, leader elected after 1033ms
2019-06-13 05:31:21,434 INFO  server.RaftServerConfigKeys (ConfUtils.java:logGet(43)) - raft.server.staging.catchup.gap = 1000 (default)
2019-06-13 05:31:21,434 INFO  server.RaftServerConfigKeys (ConfUtils.java:logGet(43)) - raft.server.rpc.sleep.time = 25ms (default)
2019-06-13 05:31:21,434 INFO  server.RaftServerConfigKeys (ConfUtils.java:logGet(43)) - raft.server.watch.timeout = 10s (default)
2019-06-13 05:31:21,434 INFO  server.RaftServerConfigKeys (ConfUtils.java:logGet(43)) - raft.server.watch.timeout.denomination = 1s (default)
2019-06-13 05:31:21,434 INFO  impl.RoleInfo (RoleInfo.java:updateAndGet(143)) - 5b7b52d9-1e55-4e28-a475-245db188cb80: start LeaderState
2019-06-13 05:31:21,434 INFO  storage.RaftLogWorker (RaftLogWorker.java:startLogSegment(298)) - 5b7b52d9-1e55-4e28-a475-245db188cb80-RaftLogWorker: Starting segment from index:0
2019-06-13 05:31:21,435 INFO  impl.RaftServerImpl (ServerState.java:setRaftConf(361)) - 5b7b52d9-1e55-4e28-a475-245db188cb80:group-28FFFF3899C1 set configuration 0: [5b7b52d9-1e55-4e28-a475-245db188cb80:192.168.19.45:40967], old=null at 0
2019-06-13 05:31:21,469 INFO  storage.RaftLogWorker (RaftLogWorker.java:execute(469)) - 5b7b52d9-1e55-4e28-a475-245db188cb80-RaftLogWorker: created new log segment /opt/src/hadoop-ozone/integration-test/target/test-dir/MiniOzoneClusterImpl-668071ad-a01b-49bb-86c6-6f829043dc22/datanode-5/data/ratis/069eca8f-f65d-446d-8f23-28ffff3899c1/current/log_inprogress_0
2019-06-13 05:31:21,470 INFO  impl.FollowerState (FollowerState.java:run(101)) - 5b7b52d9-1e55-4e28-a475-245db188cb80:group-A633F1B34072 changes to CANDIDATE, lastRpcTime:1038, electionTimeout:1038ms
2019-06-13 05:31:21,470 INFO  impl.RoleInfo (RoleInfo.java:shutdownFollowerState(121)) - 5b7b52d9-1e55-4e28-a475-245db188cb80: shutdown FollowerState
2019-06-13 05:31:21,470 INFO  impl.RaftServerImpl (RaftServerImpl.java:setRole(164)) - 5b7b52d9-1e55-4e28-a475-245db188cb80:group-A633F1B34072 changes role from FOLLOWER to CANDIDATE at term 0 for changeToCandidate
2019-06-13 05:31:21,470 INFO  impl.RoleInfo (RoleInfo.java:updateAndGet(143)) - 5b7b52d9-1e55-4e28-a475-245db188cb80: start LeaderElection
2019-06-13 05:31:21,476 INFO  impl.LeaderElection (LeaderElection.java:askForVotes(181)) - 5b7b52d9-1e55-4e28-a475-245db188cb80:group-A633F1B34072:LeaderElection35: begin an election at term 1 for -1: [091eba2f-44a3-45eb-85e6-b2409ffc12b4:192.168.19.45:46639, 5b7b52d9-1e55-4e28-a475-245db188cb80:192.168.19.45:40967, 7c47e1ba-3315-44e3-9843-93d4fafd52bf:192.168.19.45:36277], old=null
2019-06-13 05:31:21,481 INFO  impl.RaftServerImpl (RaftServerImpl.java:setRole(164)) - 091eba2f-44a3-45eb-85e6-b2409ffc12b4:group-A633F1B34072 changes role from FOLLOWER to FOLLOWER at term 1 for recognizeCandidate:5b7b52d9-1e55-4e28-a475-245db188cb80
2019-06-13 05:31:21,481 INFO  impl.RoleInfo (RoleInfo.java:shutdownFollowerState(121)) - 091eba2f-44a3-45eb-85e6-b2409ffc12b4: shutdown FollowerState
2019-06-13 05:31:21,481 INFO  impl.RoleInfo (RoleInfo.java:updateAndGet(143)) - 091eba2f-44a3-45eb-85e6-b2409ffc12b4: start FollowerState
2019-06-13 05:31:21,482 INFO  impl.FollowerState (FollowerState.java:run(109)) - 091eba2f-44a3-45eb-85e6-b2409ffc12b4: FollowerState was interrupted: java.lang.InterruptedException: sleep interrupted
2019-06-13 05:31:21,484 INFO  impl.RaftServerImpl (RaftServerImpl.java:setRole(164)) - 7c47e1ba-3315-44e3-9843-93d4fafd52bf:group-A633F1B34072 changes role from FOLLOWER to FOLLOWER at term 1 for recognizeCandidate:5b7b52d9-1e55-4e28-a475-245db188cb80
2019-06-13 05:31:21,485 INFO  impl.RoleInfo (RoleInfo.java:shutdownFollowerState(121)) - 7c47e1ba-3315-44e3-9843-93d4fafd52bf: shutdown FollowerState
2019-06-13 05:31:21,485 INFO  impl.RoleInfo (RoleInfo.java:updateAndGet(143)) - 7c47e1ba-3315-44e3-9843-93d4fafd52bf: start FollowerState
2019-06-13 05:31:21,485 INFO  impl.FollowerState (FollowerState.java:run(109)) - 7c47e1ba-3315-44e3-9843-93d4fafd52bf: FollowerState was interrupted: java.lang.InterruptedException: sleep interrupted
2019-06-13 05:31:21,485 INFO  impl.LeaderElection (LeaderElection.java:logAndReturn(56)) - 5b7b52d9-1e55-4e28-a475-245db188cb80:group-A633F1B34072:LeaderElection35: Election PASSED; received 1 response(s) [5b7b52d9-1e55-4e28-a475-245db188cb80->091eba2f-44a3-45eb-85e6-b2409ffc12b4,true-t1] and 0 exception(s); 5b7b52d9-1e55-4e28-a475-245db188cb80:t1, leader=null, voted=5b7b52d9-1e55-4e28-a475-245db188cb80, raftlog=5b7b52d9-1e55-4e28-a475-245db188cb80-SegmentedRaftLog:OPENED:c-1,f-1,i0, conf=-1: [091eba2f-44a3-45eb-85e6-b2409ffc12b4:192.168.19.45:46639, 5b7b52d9-1e55-4e28-a475-245db188cb80:192.168.19.45:40967, 7c47e1ba-3315-44e3-9843-93d4fafd52bf:192.168.19.45:36277], old=null
2019-06-13 05:31:21,486 INFO  impl.RoleInfo (RoleInfo.java:shutdownLeaderElection(134)) - 5b7b52d9-1e55-4e28-a475-245db188cb80: shutdown LeaderElection
2019-06-13 05:31:21,486 INFO  impl.RaftServerImpl (RaftServerImpl.java:setRole(164)) - 5b7b52d9-1e55-4e28-a475-245db188cb80:group-A633F1B34072 changes role from CANDIDATE to LEADER at term 1 for changeToLeader
2019-06-13 05:31:21,486 INFO  impl.RaftServerImpl (ServerState.java:setLeader(263)) - 5b7b52d9-1e55-4e28-a475-245db188cb80:group-A633F1B34072 change Leader from null to 5b7b52d9-1e55-4e28-a475-245db188cb80 at term 1 for becomeLeader, leader elected after 1063ms
2019-06-13 05:31:21,486 INFO  server.RaftServerConfigKeys (ConfUtils.java:logGet(43)) - raft.server.staging.catchup.gap = 1000 (default)
2019-06-13 05:31:21,486 INFO  server.RaftServerConfigKeys (ConfUtils.java:logGet(43)) - raft.server.rpc.sleep.time = 25ms (default)
2019-06-13 05:31:21,486 INFO  server.RaftServerConfigKeys (ConfUtils.java:logGet(43)) - raft.server.watch.timeout = 10s (default)
2019-06-13 05:31:21,486 INFO  server.RaftServerConfigKeys (ConfUtils.java:logGet(43)) - raft.server.watch.timeout.denomination = 1s (default)
2019-06-13 05:31:21,486 INFO  server.RaftServerConfigKeys (ConfUtils.java:logGet(43)) - raft.server.log.appender.snapshot.chunk.size.max = 16MB (=16777216) (default)
2019-06-13 05:31:21,486 INFO  server.RaftServerConfigKeys (ConfUtils.java:logGet(43)) - raft.server.log.appender.buffer.byte-limit = 33554432 (custom)
2019-06-13 05:31:21,486 INFO  server.RaftServerConfigKeys (ConfUtils.java:logGet(43)) - raft.server.log.appender.buffer.element-limit = 1 (custom)
2019-06-13 05:31:21,486 INFO  grpc.GrpcConfigKeys$Server (ConfUtils.java:logGet(43)) - raft.grpc.server.leader.outstanding.appends.max = 128 (default)
2019-06-13 05:31:21,487 INFO  server.RaftServerConfigKeys (ConfUtils.java:logGet(43)) - raft.server.rpc.request.timeout = 3000ms (default)
2019-06-13 05:31:21,487 INFO  server.RaftServerConfigKeys (ConfUtils.java:logGet(43)) - raft.server.log.appender.install.snapshot.enabled = true (default)
2019-06-13 05:31:21,487 INFO  server.RaftServerConfigKeys (ConfUtils.java:logGet(43)) - raft.server.log.appender.snapshot.chunk.size.max = 16MB (=16777216) (default)
2019-06-13 05:31:21,487 INFO  server.RaftServerConfigKeys (ConfUtils.java:logGet(43)) - raft.server.log.appender.buffer.byte-limit = 33554432 (custom)
2019-06-13 05:31:21,487 INFO  server.RaftServerConfigKeys (ConfUtils.java:logGet(43)) - raft.server.log.appender.buffer.element-limit = 1 (custom)
2019-06-13 05:31:21,487 INFO  grpc.GrpcConfigKeys$Server (ConfUtils.java:logGet(43)) - raft.grpc.server.leader.outstanding.appends.max = 128 (default)
2019-06-13 05:31:21,487 INFO  server.RaftServerConfigKeys (ConfUtils.java:logGet(43)) - raft.server.rpc.request.timeout = 3000ms (default)
2019-06-13 05:31:21,487 INFO  server.RaftServerConfigKeys (ConfUtils.java:logGet(43)) - raft.server.log.appender.install.snapshot.enabled = true (default)
2019-06-13 05:31:21,487 INFO  impl.RoleInfo (RoleInfo.java:updateAndGet(143)) - 5b7b52d9-1e55-4e28-a475-245db188cb80: start LeaderState
2019-06-13 05:31:21,487 INFO  storage.RaftLogWorker (RaftLogWorker.java:startLogSegment(298)) - 5b7b52d9-1e55-4e28-a475-245db188cb80-RaftLogWorker: Starting segment from index:0
2019-06-13 05:31:21,491 INFO  impl.RaftServerImpl (ServerState.java:setLeader(263)) - 091eba2f-44a3-45eb-85e6-b2409ffc12b4:group-A633F1B34072 change Leader from null to 5b7b52d9-1e55-4e28-a475-245db188cb80 at term 1 for appendEntries, leader elected after 1068ms
2019-06-13 05:31:21,507 INFO  impl.RaftServerImpl (ServerState.java:setRaftConf(361)) - 5b7b52d9-1e55-4e28-a475-245db188cb80:group-A633F1B34072 set configuration 0: [091eba2f-44a3-45eb-85e6-b2409ffc12b4:192.168.19.45:46639, 5b7b52d9-1e55-4e28-a475-245db188cb80:192.168.19.45:40967, 7c47e1ba-3315-44e3-9843-93d4fafd52bf:192.168.19.45:36277], old=null at 0
2019-06-13 05:31:21,526 INFO  ozone.MiniOzoneClusterImpl (MiniOzoneClusterImpl.java:lambda$waitForClusterToBeReady$0(142)) - Cluster is ready. Got 7 of 7 DN Heartbeats.
2019-06-13 05:31:21,528 INFO  impl.RaftServerImpl (ServerState.java:setRaftConf(361)) - 091eba2f-44a3-45eb-85e6-b2409ffc12b4:group-A633F1B34072 set configuration 0: [091eba2f-44a3-45eb-85e6-b2409ffc12b4:192.168.19.45:46639, 5b7b52d9-1e55-4e28-a475-245db188cb80:192.168.19.45:40967, 7c47e1ba-3315-44e3-9843-93d4fafd52bf:192.168.19.45:36277], old=null at 0
2019-06-13 05:31:21,528 INFO  storage.RaftLogWorker (RaftLogWorker.java:startLogSegment(298)) - 091eba2f-44a3-45eb-85e6-b2409ffc12b4-RaftLogWorker: Starting segment from index:0
2019-06-13 05:31:21,528 INFO  storage.RaftLogWorker (RaftLogWorker.java:execute(469)) - 5b7b52d9-1e55-4e28-a475-245db188cb80-RaftLogWorker: created new log segment /opt/src/hadoop-ozone/integration-test/target/test-dir/MiniOzoneClusterImpl-668071ad-a01b-49bb-86c6-6f829043dc22/datanode-5/data/ratis/40bd6241-5ff2-4ed2-ac86-a633f1b34072/current/log_inprogress_0
2019-06-13 05:31:21,528 INFO  impl.RaftServerImpl (ServerState.java:setLeader(263)) - 7c47e1ba-3315-44e3-9843-93d4fafd52bf:group-A633F1B34072 change Leader from null to 5b7b52d9-1e55-4e28-a475-245db188cb80 at term 1 for appendEntries, leader elected after 1107ms
2019-06-13 05:31:21,559 INFO  impl.RaftServerImpl (ServerState.java:setRaftConf(361)) - 7c47e1ba-3315-44e3-9843-93d4fafd52bf:group-A633F1B34072 set configuration 0: [091eba2f-44a3-45eb-85e6-b2409ffc12b4:192.168.19.45:46639, 5b7b52d9-1e55-4e28-a475-245db188cb80:192.168.19.45:40967, 7c47e1ba-3315-44e3-9843-93d4fafd52bf:192.168.19.45:36277], old=null at 0
2019-06-13 05:31:21,559 INFO  storage.RaftLogWorker (RaftLogWorker.java:startLogSegment(298)) - 7c47e1ba-3315-44e3-9843-93d4fafd52bf-RaftLogWorker: Starting segment from index:0
2019-06-13 05:31:21,578 INFO  storage.RaftLogWorker (RaftLogWorker.java:execute(469)) - 091eba2f-44a3-45eb-85e6-b2409ffc12b4-RaftLogWorker: created new log segment /opt/src/hadoop-ozone/integration-test/target/test-dir/MiniOzoneClusterImpl-668071ad-a01b-49bb-86c6-6f829043dc22/datanode-4/data/ratis/40bd6241-5ff2-4ed2-ac86-a633f1b34072/current/log_inprogress_0
2019-06-13 05:31:21,618 INFO  storage.RaftLogWorker (RaftLogWorker.java:execute(469)) - 7c47e1ba-3315-44e3-9843-93d4fafd52bf-RaftLogWorker: created new log segment /opt/src/hadoop-ozone/integration-test/target/test-dir/MiniOzoneClusterImpl-668071ad-a01b-49bb-86c6-6f829043dc22/datanode-3/data/ratis/40bd6241-5ff2-4ed2-ac86-a633f1b34072/current/log_inprogress_0
2019-06-13 05:31:21,627 INFO  rpc.RpcClient (RpcClient.java:createVolume(289)) - Creating Volume: watchforcommithandlingtest, with root as owner.
2019-06-13 05:31:21,636 INFO  rpc.RpcClient (RpcClient.java:createBucket(426)) - Creating Bucket: watchforcommithandlingtest/watchforcommithandlingtest, with Versioning false and Storage Type set to DISK and Encryption set to false 
2019-06-13 05:31:21,639 INFO  ozone.MiniOzoneClusterImpl (MiniOzoneClusterImpl.java:getStorageContainerLocationClient(241)) - Creating StorageContainerLocationProtocol RPC client with address /0.0.0.0:41503
2019-06-13 05:31:21,647 INFO  client.GrpcClientProtocolClient (GrpcClientProtocolClient.java:onNext(254)) - client-2096A0B09E0E->52a9e243-62aa-48f5-a55c-943024e5d88f: receive RaftClientReply:client-2096A0B09E0E->52a9e243-62aa-48f5-a55c-943024e5d88f@group-A849B9DD786C, cid=66, FAILED org.apache.ratis.protocol.NotLeaderException: Server 52a9e243-62aa-48f5-a55c-943024e5d88f is not the leader (f233e835-59f6-449c-9820-380739eed38a:192.168.19.45:41355). Request must be sent to leader., logIndex=0, commits[52a9e243-62aa-48f5-a55c-943024e5d88f:c0, 157645c2-71dd-4cc5-b325-e6dfb0626eb0:c-1, f233e835-59f6-449c-9820-380739eed38a:c0]
2019-06-13 05:31:21,650 WARN  client.GrpcClientProtocolService (LogUtils.java:warn(134)) - 0-OrderedRequestStreamObserver0: onError: org.apache.ratis.thirdparty.io.grpc.StatusRuntimeException: CANCELLED: cancelled before receiving half close
2019-06-13 05:31:21,682 INFO  impl.FollowerState (FollowerState.java:run(101)) - 829670e8-1aa8-439c-ba96-95e4fb76450d:group-F53FD920DAE3 changes to CANDIDATE, lastRpcTime:1141, electionTimeout:1141ms
2019-06-13 05:31:21,683 INFO  impl.RoleInfo (RoleInfo.java:shutdownFollowerState(121)) - 829670e8-1aa8-439c-ba96-95e4fb76450d: shutdown FollowerState
2019-06-13 05:31:21,684 INFO  impl.RaftServerImpl (RaftServerImpl.java:setRole(164)) - 829670e8-1aa8-439c-ba96-95e4fb76450d:group-F53FD920DAE3 changes role from FOLLOWER to CANDIDATE at term 0 for changeToCandidate
2019-06-13 05:31:21,684 INFO  impl.RoleInfo (RoleInfo.java:updateAndGet(143)) - 829670e8-1aa8-439c-ba96-95e4fb76450d: start LeaderElection
2019-06-13 05:31:21,696 INFO  impl.LeaderElection (LeaderElection.java:askForVotes(181)) - 829670e8-1aa8-439c-ba96-95e4fb76450d:group-F53FD920DAE3:LeaderElection36: begin an election at term 1 for -1: [829670e8-1aa8-439c-ba96-95e4fb76450d:192.168.19.45:35579], old=null
2019-06-13 05:31:21,696 INFO  impl.RoleInfo (RoleInfo.java:shutdownLeaderElection(134)) - 829670e8-1aa8-439c-ba96-95e4fb76450d: shutdown LeaderElection
2019-06-13 05:31:21,696 INFO  impl.RaftServerImpl (RaftServerImpl.java:setRole(164)) - 829670e8-1aa8-439c-ba96-95e4fb76450d:group-F53FD920DAE3 changes role from CANDIDATE to LEADER at term 1 for changeToLeader
2019-06-13 05:31:21,696 INFO  impl.RaftServerImpl (ServerState.java:setLeader(263)) - 829670e8-1aa8-439c-ba96-95e4fb76450d:group-F53FD920DAE3 change Leader from null to 829670e8-1aa8-439c-ba96-95e4fb76450d at term 1 for becomeLeader, leader elected after 1157ms
2019-06-13 05:31:21,696 INFO  server.RaftServerConfigKeys (ConfUtils.java:logGet(43)) - raft.server.staging.catchup.gap = 1000 (default)
2019-06-13 05:31:21,696 INFO  server.RaftServerConfigKeys (ConfUtils.java:logGet(43)) - raft.server.rpc.sleep.time = 25ms (default)
2019-06-13 05:31:21,696 INFO  server.RaftServerConfigKeys (ConfUtils.java:logGet(43)) - raft.server.watch.timeout = 10s (default)
2019-06-13 05:31:21,696 INFO  server.RaftServerConfigKeys (ConfUtils.java:logGet(43)) - raft.server.watch.timeout.denomination = 1s (default)
2019-06-13 05:31:21,697 INFO  impl.RoleInfo (RoleInfo.java:updateAndGet(143)) - 829670e8-1aa8-439c-ba96-95e4fb76450d: start LeaderState
2019-06-13 05:31:21,697 INFO  storage.RaftLogWorker (RaftLogWorker.java:startLogSegment(298)) - 829670e8-1aa8-439c-ba96-95e4fb76450d-RaftLogWorker: Starting segment from index:0
2019-06-13 05:31:21,697 INFO  impl.RaftServerImpl (ServerState.java:setRaftConf(361)) - 829670e8-1aa8-439c-ba96-95e4fb76450d:group-F53FD920DAE3 set configuration 0: [829670e8-1aa8-439c-ba96-95e4fb76450d:192.168.19.45:35579], old=null at 0
2019-06-13 05:31:21,733 INFO  storage.RaftLogWorker (RaftLogWorker.java:execute(469)) - 829670e8-1aa8-439c-ba96-95e4fb76450d-RaftLogWorker: created new log segment /opt/src/hadoop-ozone/integration-test/target/test-dir/MiniOzoneClusterImpl-668071ad-a01b-49bb-86c6-6f829043dc22/datanode-6/data/ratis/47a366fa-fa61-4dae-b2ac-f53fd920dae3/current/log_inprogress_0
2019-06-13 05:31:22,658 INFO  client.GrpcClientProtocolClient (GrpcClientProtocolClient.java:onNext(254)) - client-2096A0B09E0E->157645c2-71dd-4cc5-b325-e6dfb0626eb0: receive RaftClientReply:client-2096A0B09E0E->157645c2-71dd-4cc5-b325-e6dfb0626eb0@group-A849B9DD786C, cid=66, FAILED org.apache.ratis.protocol.NotLeaderException: Server 157645c2-71dd-4cc5-b325-e6dfb0626eb0 is not the leader (f233e835-59f6-449c-9820-380739eed38a:192.168.19.45:41355). Request must be sent to leader., logIndex=0, commits[157645c2-71dd-4cc5-b325-e6dfb0626eb0:c0, f233e835-59f6-449c-9820-380739eed38a:c0, 52a9e243-62aa-48f5-a55c-943024e5d88f:c0]
2019-06-13 05:31:22,660 WARN  client.GrpcClientProtocolService (LogUtils.java:warn(134)) - 0-OrderedRequestStreamObserver0: onError: org.apache.ratis.thirdparty.io.grpc.StatusRuntimeException: CANCELLED: cancelled before receiving half close
2019-06-13 05:31:23,666 INFO  client.GrpcClientProtocolClient (GrpcClientProtocolClient.java:onNext(254)) - client-2096A0B09E0E->52a9e243-62aa-48f5-a55c-943024e5d88f: receive RaftClientReply:client-2096A0B09E0E->52a9e243-62aa-48f5-a55c-943024e5d88f@group-A849B9DD786C, cid=66, FAILED org.apache.ratis.protocol.NotLeaderException: Server 52a9e243-62aa-48f5-a55c-943024e5d88f is not the leader (f233e835-59f6-449c-9820-380739eed38a:192.168.19.45:41355). Request must be sent to leader., logIndex=0, commits[52a9e243-62aa-48f5-a55c-943024e5d88f:c0, 157645c2-71dd-4cc5-b325-e6dfb0626eb0:c0, f233e835-59f6-449c-9820-380739eed38a:c0]
2019-06-13 05:31:23,669 WARN  client.GrpcClientProtocolService (LogUtils.java:warn(134)) - 1-OrderedRequestStreamObserver1: onError: org.apache.ratis.thirdparty.io.grpc.StatusRuntimeException: CANCELLED: cancelled before receiving half close
2019-06-13 05:31:24,679 INFO  client.GrpcClientProtocolClient (GrpcClientProtocolClient.java:onNext(254)) - client-2096A0B09E0E->157645c2-71dd-4cc5-b325-e6dfb0626eb0: receive RaftClientReply:client-2096A0B09E0E->157645c2-71dd-4cc5-b325-e6dfb0626eb0@group-A849B9DD786C, cid=66, FAILED org.apache.ratis.protocol.NotLeaderException: Server 157645c2-71dd-4cc5-b325-e6dfb0626eb0 is not the leader (f233e835-59f6-449c-9820-380739eed38a:192.168.19.45:41355). Request must be sent to leader., logIndex=0, commits[157645c2-71dd-4cc5-b325-e6dfb0626eb0:c0, f233e835-59f6-449c-9820-380739eed38a:c0, 52a9e243-62aa-48f5-a55c-943024e5d88f:c0]
2019-06-13 05:31:24,682 WARN  client.GrpcClientProtocolService (LogUtils.java:warn(134)) - 1-OrderedRequestStreamObserver1: onError: org.apache.ratis.thirdparty.io.grpc.StatusRuntimeException: CANCELLED: cancelled before receiving half close
2019-06-13 05:31:25,727 INFO  client.GrpcClientProtocolClient (GrpcClientProtocolClient.java:onNext(254)) - client-2096A0B09E0E->f233e835-59f6-449c-9820-380739eed38a: receive RaftClientReply:client-2096A0B09E0E->f233e835-59f6-449c-9820-380739eed38a@group-A849B9DD786C, cid=66, SUCCESS, logIndex=1, commits[f233e835-59f6-449c-9820-380739eed38a:c2, 157645c2-71dd-4cc5-b325-e6dfb0626eb0:c1, 52a9e243-62aa-48f5-a55c-943024e5d88f:c1]
2019-06-13 05:31:25,729 INFO  datanode.ObjectStoreHandler (ObjectStoreHandler.java:close(155)) - Closing ObjectStoreHandler.
2019-06-13 05:31:25,730 INFO  ozone.HddsDatanodeService (HddsDatanodeService.java:stop(452)) - Stopped plug-in org.apache.hadoop.ozone.web.OzoneHddsDatanodeService@2a5d2041
2019-06-13 05:31:25,731 INFO  statemachine.DatanodeStateMachine (DatanodeStateMachine.java:lambda$startDaemon$0(350)) - Ozone container server started.
2019-06-13 05:31:25,731 INFO  ozoneimpl.OzoneContainer (OzoneContainer.java:stop(199)) - Attempting to stop container services.
2019-06-13 05:31:25,731 INFO  impl.RaftServerProxy (RaftServerProxy.java:lambda$close$4(314)) - 52a9e243-62aa-48f5-a55c-943024e5d88f: close
2019-06-13 05:31:25,731 INFO  impl.RaftServerImpl (RaftServerImpl.java:lambda$shutdown$3(238)) - 52a9e243-62aa-48f5-a55c-943024e5d88f: shutdown group-930E76EDB95E
2019-06-13 05:31:25,731 INFO  impl.RaftServerImpl (RaftServerImpl.java:lambda$shutdown$3(238)) - 52a9e243-62aa-48f5-a55c-943024e5d88f: shutdown group-A849B9DD786C
2019-06-13 05:31:25,732 INFO  util.JmxRegister (JmxRegister.java:unregister(73)) - Successfully un-registered JMX Bean with object name Ratis:service=RaftServer,group=group-930E76EDB95E,id=52a9e243-62aa-48f5-a55c-943024e5d88f
2019-06-13 05:31:25,732 INFO  util.JmxRegister (JmxRegister.java:unregister(73)) - Successfully un-registered JMX Bean with object name Ratis:service=RaftServer,group=group-A849B9DD786C,id=52a9e243-62aa-48f5-a55c-943024e5d88f
2019-06-13 05:31:25,732 INFO  impl.RoleInfo (RoleInfo.java:shutdownLeaderState(104)) - 52a9e243-62aa-48f5-a55c-943024e5d88f: shutdown LeaderState
2019-06-13 05:31:25,732 INFO  impl.RoleInfo (RoleInfo.java:shutdownFollowerState(121)) - 52a9e243-62aa-48f5-a55c-943024e5d88f: shutdown FollowerState
2019-06-13 05:31:25,732 INFO  impl.PendingRequests (PendingRequests.java:sendNotLeaderResponses(140)) - 52a9e243-62aa-48f5-a55c-943024e5d88f-PendingRequests: sendNotLeaderResponses
2019-06-13 05:31:25,732 INFO  ratis.ContainerStateMachine (ContainerStateMachine.java:takeSnapshot(245)) - Taking snapshot at termIndex:(t:1, i:1)
2019-06-13 05:31:25,732 INFO  impl.FollowerState (FollowerState.java:run(109)) - 52a9e243-62aa-48f5-a55c-943024e5d88f: FollowerState was interrupted: java.lang.InterruptedException: sleep interrupted
2019-06-13 05:31:25,732 INFO  impl.StateMachineUpdater (StateMachineUpdater.java:stopAndJoin(109)) - StateMachineUpdater-52a9e243-62aa-48f5-a55c-943024e5d88f-group-A849B9DD786C: set stopIndex = 1
2019-06-13 05:31:25,734 INFO  ratis.ContainerStateMachine (ContainerStateMachine.java:takeSnapshot(249)) - Taking a snapshot to file /opt/src/hadoop-ozone/integration-test/target/test-dir/MiniOzoneClusterImpl-668071ad-a01b-49bb-86c6-6f829043dc22/datanode-0/data/ratis/1a85d60f-9eec-4602-8df1-a849b9dd786c/sm/snapshot.1_1
2019-06-13 05:31:25,738 INFO  ratis.ContainerStateMachine (ContainerStateMachine.java:takeSnapshot(245)) - Taking snapshot at termIndex:(t:0, i:~)
2019-06-13 05:31:25,738 INFO  impl.StateMachineUpdater (StateMachineUpdater.java:stopAndJoin(109)) - StateMachineUpdater-52a9e243-62aa-48f5-a55c-943024e5d88f-group-930E76EDB95E: set stopIndex = 0
2019-06-13 05:31:25,738 INFO  impl.RaftServerImpl (ServerState.java:close(394)) - 52a9e243-62aa-48f5-a55c-943024e5d88f:group-930E76EDB95E closes. The last applied log index is 0
2019-06-13 05:31:25,738 INFO  impl.RaftServerImpl (ServerState.java:close(394)) - 52a9e243-62aa-48f5-a55c-943024e5d88f:group-A849B9DD786C closes. The last applied log index is 1
2019-06-13 05:31:25,738 INFO  storage.RaftLogWorker (RaftLogWorker.java:run(236)) - 52a9e243-62aa-48f5-a55c-943024e5d88f-RaftLogWorker was interrupted, exiting. There are 0 tasks remaining in the queue.
2019-06-13 05:31:25,738 INFO  storage.RaftLogWorker (RaftLogWorker.java:run(236)) - 52a9e243-62aa-48f5-a55c-943024e5d88f-RaftLogWorker was interrupted, exiting. There are 0 tasks remaining in the queue.
2019-06-13 05:31:25,740 INFO  storage.RaftLogWorker (RaftLogWorker.java:close(168)) - 52a9e243-62aa-48f5-a55c-943024e5d88f-RaftLogWorker close()
2019-06-13 05:31:25,741 INFO  storage.RaftLogWorker (RaftLogWorker.java:close(168)) - 52a9e243-62aa-48f5-a55c-943024e5d88f-RaftLogWorker close()
2019-06-13 05:31:25,748 INFO  server.GrpcService (GrpcService.java:closeImpl(154)) - 52a9e243-62aa-48f5-a55c-943024e5d88f: shutdown server with port 36161 now
2019-06-13 05:31:25,749 WARN  server.GrpcServerProtocolService (LogUtils.java:warn(134)) - 52a9e243-62aa-48f5-a55c-943024e5d88f: appendEntries onError: org.apache.ratis.thirdparty.io.grpc.StatusRuntimeException: CANCELLED: cancelled before receiving half close
2019-06-13 05:31:25,749 INFO  server.GrpcService (GrpcService.java:closeImpl(162)) - 52a9e243-62aa-48f5-a55c-943024e5d88f: shutdown server with port 36161 successfully
2019-06-13 05:31:25,749 WARN  server.GrpcLogAppender (LogUtils.java:warn(134)) - f233e835-59f6-449c-9820-380739eed38a: Failed appendEntries to 52a9e243-62aa-48f5-a55c-943024e5d88f:192.168.19.45:36161: org.apache.ratis.thirdparty.io.grpc.StatusRuntimeException: CANCELLED: HTTP/2 error code: CANCEL
Received Rst Stream
2019-06-13 05:31:25,749 INFO  impl.FollowerInfo (FollowerInfo.java:lambda$new$0(50)) - f233e835-59f6-449c-9820-380739eed38a->52a9e243-62aa-48f5-a55c-943024e5d88f: nextIndex: updateUnconditionally 3 -> 0
2019-06-13 05:31:25,750 WARN  fs.CachingGetSpaceUsed (CachingGetSpaceUsed.java:run(183)) - Thread Interrupted waiting to refresh disk information: sleep interrupted
2019-06-13 05:31:25,767 INFO  statemachine.DatanodeStateMachine (DatanodeStateMachine.java:stopDaemon(395)) - Ozone container server stopped.
2019-06-13 05:31:25,768 INFO  handler.ContextHandler (ContextHandler.java:doStop(910)) - Stopped o.e.j.w.WebAppContext@79135a38{/,null,UNAVAILABLE}{/hddsDatanode}
2019-06-13 05:31:25,769 INFO  server.AbstractConnector (AbstractConnector.java:doStop(318)) - Stopped ServerConnector@77fceac6{HTTP/1.1,[http/1.1]}{0.0.0.0:0}
2019-06-13 05:31:25,769 INFO  handler.ContextHandler (ContextHandler.java:doStop(910)) - Stopped o.e.j.s.ServletContextHandler@4b5aa48b{/static,jar:file:/root/.m2/repository/org/apache/hadoop/hadoop-hdds-container-service/0.5.0-SNAPSHOT/hadoop-hdds-container-service-0.5.0-SNAPSHOT.jar!/webapps/static,UNAVAILABLE}
2019-06-13 05:31:25,769 INFO  handler.ContextHandler (ContextHandler.java:doStop(910)) - Stopped o.e.j.s.ServletContextHandler@5d3f8661{/logs,file:///opt/src/hadoop-ozone/integration-test/target/log,UNAVAILABLE}
2019-06-13 05:31:25,770 INFO  datanode.ObjectStoreHandler (ObjectStoreHandler.java:close(155)) - Closing ObjectStoreHandler.
2019-06-13 05:31:25,771 INFO  ozone.HddsDatanodeService (HddsDatanodeService.java:stop(452)) - Stopped plug-in org.apache.hadoop.ozone.web.OzoneHddsDatanodeService@5f4df55e
2019-06-13 05:31:25,771 INFO  statemachine.DatanodeStateMachine (DatanodeStateMachine.java:lambda$startDaemon$0(350)) - Ozone container server started.
2019-06-13 05:31:25,771 INFO  ozoneimpl.OzoneContainer (OzoneContainer.java:stop(199)) - Attempting to stop container services.
2019-06-13 05:31:25,771 INFO  impl.RaftServerProxy (RaftServerProxy.java:lambda$close$4(314)) - 157645c2-71dd-4cc5-b325-e6dfb0626eb0: close
2019-06-13 05:31:25,772 INFO  impl.RaftServerImpl (RaftServerImpl.java:lambda$shutdown$3(238)) - 157645c2-71dd-4cc5-b325-e6dfb0626eb0: shutdown group-5E2FA7E465C7
2019-06-13 05:31:25,772 INFO  impl.RaftServerImpl (RaftServerImpl.java:lambda$shutdown$3(238)) - 157645c2-71dd-4cc5-b325-e6dfb0626eb0: shutdown group-A849B9DD786C
2019-06-13 05:31:25,772 INFO  util.JmxRegister (JmxRegister.java:unregister(73)) - Successfully un-registered JMX Bean with object name Ratis:service=RaftServer,group=group-5E2FA7E465C7,id=157645c2-71dd-4cc5-b325-e6dfb0626eb0
2019-06-13 05:31:25,772 INFO  util.JmxRegister (JmxRegister.java:unregister(73)) - Successfully un-registered JMX Bean with object name Ratis:service=RaftServer,group=group-A849B9DD786C,id=157645c2-71dd-4cc5-b325-e6dfb0626eb0
2019-06-13 05:31:25,772 INFO  impl.RoleInfo (RoleInfo.java:shutdownFollowerState(121)) - 157645c2-71dd-4cc5-b325-e6dfb0626eb0: shutdown FollowerState
2019-06-13 05:31:25,772 INFO  impl.RoleInfo (RoleInfo.java:shutdownLeaderState(104)) - 157645c2-71dd-4cc5-b325-e6dfb0626eb0: shutdown LeaderState
2019-06-13 05:31:25,773 INFO  ratis.ContainerStateMachine (ContainerStateMachine.java:takeSnapshot(245)) - Taking snapshot at termIndex:(t:1, i:1)
2019-06-13 05:31:25,773 INFO  impl.FollowerState (FollowerState.java:run(109)) - 157645c2-71dd-4cc5-b325-e6dfb0626eb0: FollowerState was interrupted: java.lang.InterruptedException: sleep interrupted
2019-06-13 05:31:25,772 INFO  impl.StateMachineUpdater (StateMachineUpdater.java:stopAndJoin(109)) - StateMachineUpdater-157645c2-71dd-4cc5-b325-e6dfb0626eb0-group-A849B9DD786C: set stopIndex = 1
2019-06-13 05:31:25,773 INFO  ratis.ContainerStateMachine (ContainerStateMachine.java:takeSnapshot(249)) - Taking a snapshot to file /opt/src/hadoop-ozone/integration-test/target/test-dir/MiniOzoneClusterImpl-668071ad-a01b-49bb-86c6-6f829043dc22/datanode-1/data/ratis/1a85d60f-9eec-4602-8df1-a849b9dd786c/sm/snapshot.1_1
2019-06-13 05:31:25,773 INFO  impl.PendingRequests (PendingRequests.java:sendNotLeaderResponses(140)) - 157645c2-71dd-4cc5-b325-e6dfb0626eb0-PendingRequests: sendNotLeaderResponses
2019-06-13 05:31:25,773 INFO  impl.RaftServerImpl (ServerState.java:close(394)) - 157645c2-71dd-4cc5-b325-e6dfb0626eb0:group-A849B9DD786C closes. The last applied log index is 1
2019-06-13 05:31:25,776 INFO  storage.RaftLogWorker (RaftLogWorker.java:run(236)) - 157645c2-71dd-4cc5-b325-e6dfb0626eb0-RaftLogWorker was interrupted, exiting. There are 0 tasks remaining in the queue.
2019-06-13 05:31:25,783 INFO  storage.RaftLogWorker (RaftLogWorker.java:close(168)) - 157645c2-71dd-4cc5-b325-e6dfb0626eb0-RaftLogWorker close()
2019-06-13 05:31:25,783 INFO  ratis.ContainerStateMachine (ContainerStateMachine.java:takeSnapshot(245)) - Taking snapshot at termIndex:(t:0, i:~)
2019-06-13 05:31:25,783 INFO  impl.StateMachineUpdater (StateMachineUpdater.java:stopAndJoin(109)) - StateMachineUpdater-157645c2-71dd-4cc5-b325-e6dfb0626eb0-group-5E2FA7E465C7: set stopIndex = 0
2019-06-13 05:31:25,785 INFO  impl.RaftServerImpl (ServerState.java:close(394)) - 157645c2-71dd-4cc5-b325-e6dfb0626eb0:group-5E2FA7E465C7 closes. The last applied log index is 0
2019-06-13 05:31:25,785 INFO  storage.RaftLogWorker (RaftLogWorker.java:run(236)) - 157645c2-71dd-4cc5-b325-e6dfb0626eb0-RaftLogWorker was interrupted, exiting. There are 0 tasks remaining in the queue.
2019-06-13 05:31:25,787 INFO  storage.RaftLogWorker (RaftLogWorker.java:close(168)) - 157645c2-71dd-4cc5-b325-e6dfb0626eb0-RaftLogWorker close()
2019-06-13 05:31:25,788 INFO  server.GrpcService (GrpcService.java:closeImpl(154)) - 157645c2-71dd-4cc5-b325-e6dfb0626eb0: shutdown server with port 45287 now
2019-06-13 05:31:25,789 WARN  server.GrpcServerProtocolService (LogUtils.java:warn(134)) - 157645c2-71dd-4cc5-b325-e6dfb0626eb0: appendEntries onError: org.apache.ratis.thirdparty.io.grpc.StatusRuntimeException: CANCELLED: cancelled before receiving half close
2019-06-13 05:31:25,790 WARN  server.GrpcLogAppender (LogUtils.java:warn(134)) - f233e835-59f6-449c-9820-380739eed38a: Failed appendEntries to 157645c2-71dd-4cc5-b325-e6dfb0626eb0:192.168.19.45:45287: org.apache.ratis.thirdparty.io.grpc.StatusRuntimeException: CANCELLED: HTTP/2 error code: CANCEL
Received Rst Stream
2019-06-13 05:31:25,790 INFO  impl.FollowerInfo (FollowerInfo.java:lambda$new$0(50)) - f233e835-59f6-449c-9820-380739eed38a->157645c2-71dd-4cc5-b325-e6dfb0626eb0: nextIndex: updateUnconditionally 3 -> 0
2019-06-13 05:31:25,791 INFO  server.GrpcService (GrpcService.java:closeImpl(162)) - 157645c2-71dd-4cc5-b325-e6dfb0626eb0: shutdown server with port 45287 successfully
2019-06-13 05:31:25,792 WARN  fs.CachingGetSpaceUsed (CachingGetSpaceUsed.java:run(183)) - Thread Interrupted waiting to refresh disk information: sleep interrupted
2019-06-13 05:31:25,806 INFO  statemachine.DatanodeStateMachine (DatanodeStateMachine.java:stopDaemon(395)) - Ozone container server stopped.
2019-06-13 05:31:25,807 INFO  handler.ContextHandler (ContextHandler.java:doStop(910)) - Stopped o.e.j.w.WebAppContext@6b2f7527{/,null,UNAVAILABLE}{/hddsDatanode}
2019-06-13 05:31:25,807 INFO  server.AbstractConnector (AbstractConnector.java:doStop(318)) - Stopped ServerConnector@7509226c{HTTP/1.1,[http/1.1]}{0.0.0.0:0}
2019-06-13 05:31:25,808 INFO  handler.ContextHandler (ContextHandler.java:doStop(910)) - Stopped o.e.j.s.ServletContextHandler@2524d07a{/static,jar:file:/root/.m2/repository/org/apache/hadoop/hadoop-hdds-container-service/0.5.0-SNAPSHOT/hadoop-hdds-container-service-0.5.0-SNAPSHOT.jar!/webapps/static,UNAVAILABLE}
2019-06-13 05:31:25,808 INFO  handler.ContextHandler (ContextHandler.java:doStop(910)) - Stopped o.e.j.s.ServletContextHandler@3d2b13b1{/logs,file:///opt/src/hadoop-ozone/integration-test/target/log,UNAVAILABLE}
2019-06-13 05:31:26,194 WARN  server.GrpcLogAppender (LogUtils.java:warn(134)) - f233e835-59f6-449c-9820-380739eed38a: Failed appendEntries to 157645c2-71dd-4cc5-b325-e6dfb0626eb0:192.168.19.45:45287: org.apache.ratis.thirdparty.io.grpc.StatusRuntimeException: UNAVAILABLE: io exception
2019-06-13 05:31:26,194 INFO  impl.FollowerInfo (FollowerInfo.java:lambda$new$0(50)) - f233e835-59f6-449c-9820-380739eed38a->157645c2-71dd-4cc5-b325-e6dfb0626eb0: nextIndex: updateUnconditionally 0 -> 0
2019-06-13 05:31:26,194 WARN  server.GrpcLogAppender (LogUtils.java:warn(134)) - f233e835-59f6-449c-9820-380739eed38a: Failed appendEntries to 52a9e243-62aa-48f5-a55c-943024e5d88f:192.168.19.45:36161: org.apache.ratis.thirdparty.io.grpc.StatusRuntimeException: UNAVAILABLE: io exception
2019-06-13 05:31:26,195 INFO  impl.FollowerInfo (FollowerInfo.java:lambda$new$0(50)) - f233e835-59f6-449c-9820-380739eed38a->52a9e243-62aa-48f5-a55c-943024e5d88f: nextIndex: updateUnconditionally 0 -> 0
2019-06-13 05:31:26,695 WARN  server.GrpcLogAppender (LogUtils.java:warn(134)) - f233e835-59f6-449c-9820-380739eed38a: Failed appendEntries to 52a9e243-62aa-48f5-a55c-943024e5d88f:192.168.19.45:36161: org.apache.ratis.thirdparty.io.grpc.StatusRuntimeException: UNAVAILABLE: io exception
2019-06-13 05:31:26,695 WARN  server.GrpcLogAppender (LogUtils.java:warn(134)) - f233e835-59f6-449c-9820-380739eed38a: Failed appendEntries to 157645c2-71dd-4cc5-b325-e6dfb0626eb0:192.168.19.45:45287: org.apache.ratis.thirdparty.io.grpc.StatusRuntimeException: UNAVAILABLE: io exception
2019-06-13 05:31:26,695 INFO  impl.FollowerInfo (FollowerInfo.java:lambda$new$0(50)) - f233e835-59f6-449c-9820-380739eed38a->52a9e243-62aa-48f5-a55c-943024e5d88f: nextIndex: updateUnconditionally 0 -> 0
2019-06-13 05:31:26,695 INFO  impl.FollowerInfo (FollowerInfo.java:lambda$new$0(50)) - f233e835-59f6-449c-9820-380739eed38a->157645c2-71dd-4cc5-b325-e6dfb0626eb0: nextIndex: updateUnconditionally 0 -> 0
2019-06-13 05:31:27,195 WARN  server.GrpcLogAppender (LogUtils.java:warn(134)) - f233e835-59f6-449c-9820-380739eed38a: Failed appendEntries to 157645c2-71dd-4cc5-b325-e6dfb0626eb0:192.168.19.45:45287: org.apache.ratis.thirdparty.io.grpc.StatusRuntimeException: UNAVAILABLE: io exception
2019-06-13 05:31:27,196 WARN  server.GrpcLogAppender (LogUtils.java:warn(134)) - f233e835-59f6-449c-9820-380739eed38a: Failed appendEntries to 52a9e243-62aa-48f5-a55c-943024e5d88f:192.168.19.45:36161: org.apache.ratis.thirdparty.io.grpc.StatusRuntimeException: UNAVAILABLE: io exception
2019-06-13 05:31:27,196 INFO  impl.FollowerInfo (FollowerInfo.java:lambda$new$0(50)) - f233e835-59f6-449c-9820-380739eed38a->157645c2-71dd-4cc5-b325-e6dfb0626eb0: nextIndex: updateUnconditionally 0 -> 0
2019-06-13 05:31:27,196 INFO  impl.FollowerInfo (FollowerInfo.java:lambda$new$0(50)) - f233e835-59f6-449c-9820-380739eed38a->52a9e243-62aa-48f5-a55c-943024e5d88f: nextIndex: updateUnconditionally 0 -> 0
2019-06-13 05:31:27,696 WARN  server.GrpcLogAppender (LogUtils.java:warn(134)) - f233e835-59f6-449c-9820-380739eed38a: Failed appendEntries to 52a9e243-62aa-48f5-a55c-943024e5d88f:192.168.19.45:36161: org.apache.ratis.thirdparty.io.grpc.StatusRuntimeException: UNAVAILABLE: io exception
2019-06-13 05:31:27,696 WARN  server.GrpcLogAppender (LogUtils.java:warn(134)) - f233e835-59f6-449c-9820-380739eed38a: Failed appendEntries to 157645c2-71dd-4cc5-b325-e6dfb0626eb0:192.168.19.45:45287: org.apache.ratis.thirdparty.io.grpc.StatusRuntimeException: UNAVAILABLE: io exception
2019-06-13 05:31:27,696 INFO  impl.FollowerInfo (FollowerInfo.java:lambda$new$0(50)) - f233e835-59f6-449c-9820-380739eed38a->52a9e243-62aa-48f5-a55c-943024e5d88f: nextIndex: updateUnconditionally 0 -> 0
2019-06-13 05:31:27,697 INFO  impl.FollowerInfo (FollowerInfo.java:lambda$new$0(50)) - f233e835-59f6-449c-9820-380739eed38a->157645c2-71dd-4cc5-b325-e6dfb0626eb0: nextIndex: updateUnconditionally 0 -> 0
2019-06-13 05:31:28,197 WARN  server.GrpcLogAppender (LogUtils.java:warn(134)) - f233e835-59f6-449c-9820-380739eed38a: Failed appendEntries to 157645c2-71dd-4cc5-b325-e6dfb0626eb0:192.168.19.45:45287: org.apache.ratis.thirdparty.io.grpc.StatusRuntimeException: UNAVAILABLE: io exception
2019-06-13 05:31:28,197 WARN  server.GrpcLogAppender (LogUtils.java:warn(134)) - f233e835-59f6-449c-9820-380739eed38a: Failed appendEntries to 52a9e243-62aa-48f5-a55c-943024e5d88f:192.168.19.45:36161: org.apache.ratis.thirdparty.io.grpc.StatusRuntimeException: UNAVAILABLE: io exception
2019-06-13 05:31:28,197 INFO  impl.FollowerInfo (FollowerInfo.java:lambda$new$0(50)) - f233e835-59f6-449c-9820-380739eed38a->157645c2-71dd-4cc5-b325-e6dfb0626eb0: nextIndex: updateUnconditionally 0 -> 0
2019-06-13 05:31:28,197 INFO  impl.FollowerInfo (FollowerInfo.java:lambda$new$0(50)) - f233e835-59f6-449c-9820-380739eed38a->52a9e243-62aa-48f5-a55c-943024e5d88f: nextIndex: updateUnconditionally 0 -> 0
2019-06-13 05:31:28,698 WARN  server.GrpcLogAppender (LogUtils.java:warn(134)) - f233e835-59f6-449c-9820-380739eed38a: Failed appendEntries to 157645c2-71dd-4cc5-b325-e6dfb0626eb0:192.168.19.45:45287: org.apache.ratis.thirdparty.io.grpc.StatusRuntimeException: UNAVAILABLE: io exception
2019-06-13 05:31:28,698 INFO  impl.FollowerInfo (FollowerInfo.java:lambda$new$0(50)) - f233e835-59f6-449c-9820-380739eed38a->157645c2-71dd-4cc5-b325-e6dfb0626eb0: nextIndex: updateUnconditionally 0 -> 0
2019-06-13 05:31:28,698 WARN  server.GrpcLogAppender (LogUtils.java:warn(134)) - f233e835-59f6-449c-9820-380739eed38a: Failed appendEntries to 52a9e243-62aa-48f5-a55c-943024e5d88f:192.168.19.45:36161: org.apache.ratis.thirdparty.io.grpc.StatusRuntimeException: UNAVAILABLE: io exception
2019-06-13 05:31:28,699 INFO  impl.FollowerInfo (FollowerInfo.java:lambda$new$0(50)) - f233e835-59f6-449c-9820-380739eed38a->52a9e243-62aa-48f5-a55c-943024e5d88f: nextIndex: updateUnconditionally 0 -> 0
2019-06-13 05:31:29,198 WARN  server.GrpcLogAppender (LogUtils.java:warn(134)) - f233e835-59f6-449c-9820-380739eed38a: Failed appendEntries to 157645c2-71dd-4cc5-b325-e6dfb0626eb0:192.168.19.45:45287: org.apache.ratis.thirdparty.io.grpc.StatusRuntimeException: UNAVAILABLE: io exception
2019-06-13 05:31:29,198 WARN  server.GrpcLogAppender (LogUtils.java:warn(134)) - f233e835-59f6-449c-9820-380739eed38a: Failed appendEntries to 52a9e243-62aa-48f5-a55c-943024e5d88f:192.168.19.45:36161: org.apache.ratis.thirdparty.io.grpc.StatusRuntimeException: UNAVAILABLE: io exception
2019-06-13 05:31:29,198 INFO  impl.FollowerInfo (FollowerInfo.java:lambda$new$0(50)) - f233e835-59f6-449c-9820-380739eed38a->157645c2-71dd-4cc5-b325-e6dfb0626eb0: nextIndex: updateUnconditionally 0 -> 0
2019-06-13 05:31:29,199 INFO  impl.FollowerInfo (FollowerInfo.java:lambda$new$0(50)) - f233e835-59f6-449c-9820-380739eed38a->52a9e243-62aa-48f5-a55c-943024e5d88f: nextIndex: updateUnconditionally 0 -> 0
2019-06-13 05:31:29,699 WARN  server.GrpcLogAppender (LogUtils.java:warn(134)) - f233e835-59f6-449c-9820-380739eed38a: Failed appendEntries to 52a9e243-62aa-48f5-a55c-943024e5d88f:192.168.19.45:36161: org.apache.ratis.thirdparty.io.grpc.StatusRuntimeException: UNAVAILABLE: io exception
2019-06-13 05:31:29,699 INFO  impl.FollowerInfo (FollowerInfo.java:lambda$new$0(50)) - f233e835-59f6-449c-9820-380739eed38a->52a9e243-62aa-48f5-a55c-943024e5d88f: nextIndex: updateUnconditionally 0 -> 0
2019-06-13 05:31:29,699 WARN  server.GrpcLogAppender (LogUtils.java:warn(134)) - f233e835-59f6-449c-9820-380739eed38a: Failed appendEntries to 157645c2-71dd-4cc5-b325-e6dfb0626eb0:192.168.19.45:45287: org.apache.ratis.thirdparty.io.grpc.StatusRuntimeException: UNAVAILABLE: io exception
2019-06-13 05:31:29,699 INFO  impl.FollowerInfo (FollowerInfo.java:lambda$new$0(50)) - f233e835-59f6-449c-9820-380739eed38a->157645c2-71dd-4cc5-b325-e6dfb0626eb0: nextIndex: updateUnconditionally 0 -> 0
2019-06-13 05:31:30,199 WARN  server.GrpcLogAppender (LogUtils.java:warn(134)) - f233e835-59f6-449c-9820-380739eed38a: Failed appendEntries to 157645c2-71dd-4cc5-b325-e6dfb0626eb0:192.168.19.45:45287: org.apache.ratis.thirdparty.io.grpc.StatusRuntimeException: UNAVAILABLE: io exception
2019-06-13 05:31:30,200 INFO  impl.FollowerInfo (FollowerInfo.java:lambda$new$0(50)) - f233e835-59f6-449c-9820-380739eed38a->157645c2-71dd-4cc5-b325-e6dfb0626eb0: nextIndex: updateUnconditionally 0 -> 0
2019-06-13 05:31:30,200 WARN  server.GrpcLogAppender (LogUtils.java:warn(134)) - f233e835-59f6-449c-9820-380739eed38a: Failed appendEntries to 52a9e243-62aa-48f5-a55c-943024e5d88f:192.168.19.45:36161: org.apache.ratis.thirdparty.io.grpc.StatusRuntimeException: UNAVAILABLE: io exception
2019-06-13 05:31:30,200 INFO  impl.FollowerInfo (FollowerInfo.java:lambda$new$0(50)) - f233e835-59f6-449c-9820-380739eed38a->52a9e243-62aa-48f5-a55c-943024e5d88f: nextIndex: updateUnconditionally 0 -> 0
2019-06-13 05:31:30,700 WARN  server.GrpcLogAppender (LogUtils.java:warn(134)) - f233e835-59f6-449c-9820-380739eed38a: Failed appendEntries to 52a9e243-62aa-48f5-a55c-943024e5d88f:192.168.19.45:36161: org.apache.ratis.thirdparty.io.grpc.StatusRuntimeException: UNAVAILABLE: io exception
2019-06-13 05:31:30,700 INFO  impl.FollowerInfo (FollowerInfo.java:lambda$new$0(50)) - f233e835-59f6-449c-9820-380739eed38a->52a9e243-62aa-48f5-a55c-943024e5d88f: nextIndex: updateUnconditionally 0 -> 0
2019-06-13 05:31:30,701 WARN  server.GrpcLogAppender (LogUtils.java:warn(134)) - f233e835-59f6-449c-9820-380739eed38a: Failed appendEntries to 157645c2-71dd-4cc5-b325-e6dfb0626eb0:192.168.19.45:45287: org.apache.ratis.thirdparty.io.grpc.StatusRuntimeException: UNAVAILABLE: io exception
2019-06-13 05:31:30,701 INFO  impl.FollowerInfo (FollowerInfo.java:lambda$new$0(50)) - f233e835-59f6-449c-9820-380739eed38a->157645c2-71dd-4cc5-b325-e6dfb0626eb0: nextIndex: updateUnconditionally 0 -> 0
2019-06-13 05:31:31,200 WARN  server.GrpcLogAppender (LogUtils.java:warn(134)) - f233e835-59f6-449c-9820-380739eed38a: Failed appendEntries to 157645c2-71dd-4cc5-b325-e6dfb0626eb0:192.168.19.45:45287: org.apache.ratis.thirdparty.io.grpc.StatusRuntimeException: UNAVAILABLE: io exception
2019-06-13 05:31:31,200 WARN  server.GrpcLogAppender (LogUtils.java:warn(134)) - f233e835-59f6-449c-9820-380739eed38a: Failed appendEntries to 52a9e243-62aa-48f5-a55c-943024e5d88f:192.168.19.45:36161: org.apache.ratis.thirdparty.io.grpc.StatusRuntimeException: UNAVAILABLE: io exception
2019-06-13 05:31:31,201 INFO  impl.FollowerInfo (FollowerInfo.java:lambda$new$0(50)) - f233e835-59f6-449c-9820-380739eed38a->157645c2-71dd-4cc5-b325-e6dfb0626eb0: nextIndex: updateUnconditionally 0 -> 0
2019-06-13 05:31:31,201 INFO  impl.FollowerInfo (FollowerInfo.java:lambda$new$0(50)) - f233e835-59f6-449c-9820-380739eed38a->52a9e243-62aa-48f5-a55c-943024e5d88f: nextIndex: updateUnconditionally 0 -> 0
2019-06-13 05:31:31,701 WARN  server.GrpcLogAppender (LogUtils.java:warn(134)) - f233e835-59f6-449c-9820-380739eed38a: Failed appendEntries to 52a9e243-62aa-48f5-a55c-943024e5d88f:192.168.19.45:36161: org.apache.ratis.thirdparty.io.grpc.StatusRuntimeException: UNAVAILABLE: io exception
2019-06-13 05:31:31,702 WARN  server.GrpcLogAppender (LogUtils.java:warn(134)) - f233e835-59f6-449c-9820-380739eed38a: Failed appendEntries to 157645c2-71dd-4cc5-b325-e6dfb0626eb0:192.168.19.45:45287: org.apache.ratis.thirdparty.io.grpc.StatusRuntimeException: UNAVAILABLE: io exception
2019-06-13 05:31:31,702 INFO  impl.FollowerInfo (FollowerInfo.java:lambda$new$0(50)) - f233e835-59f6-449c-9820-380739eed38a->52a9e243-62aa-48f5-a55c-943024e5d88f: nextIndex: updateUnconditionally 0 -> 0
2019-06-13 05:31:31,702 INFO  impl.FollowerInfo (FollowerInfo.java:lambda$new$0(50)) - f233e835-59f6-449c-9820-380739eed38a->157645c2-71dd-4cc5-b325-e6dfb0626eb0: nextIndex: updateUnconditionally 0 -> 0
2019-06-13 05:31:32,202 WARN  server.GrpcLogAppender (LogUtils.java:warn(134)) - f233e835-59f6-449c-9820-380739eed38a: Failed appendEntries to 157645c2-71dd-4cc5-b325-e6dfb0626eb0:192.168.19.45:45287: org.apache.ratis.thirdparty.io.grpc.StatusRuntimeException: UNAVAILABLE: io exception
2019-06-13 05:31:32,202 WARN  server.GrpcLogAppender (LogUtils.java:warn(134)) - f233e835-59f6-449c-9820-380739eed38a: Failed appendEntries to 52a9e243-62aa-48f5-a55c-943024e5d88f:192.168.19.45:36161: org.apache.ratis.thirdparty.io.grpc.StatusRuntimeException: UNAVAILABLE: io exception
2019-06-13 05:31:32,202 INFO  impl.FollowerInfo (FollowerInfo.java:lambda$new$0(50)) - f233e835-59f6-449c-9820-380739eed38a->157645c2-71dd-4cc5-b325-e6dfb0626eb0: nextIndex: updateUnconditionally 0 -> 0
2019-06-13 05:31:32,202 INFO  impl.FollowerInfo (FollowerInfo.java:lambda$new$0(50)) - f233e835-59f6-449c-9820-380739eed38a->52a9e243-62aa-48f5-a55c-943024e5d88f: nextIndex: updateUnconditionally 0 -> 0
2019-06-13 05:31:32,702 WARN  server.GrpcLogAppender (LogUtils.java:warn(134)) - f233e835-59f6-449c-9820-380739eed38a: Failed appendEntries to 157645c2-71dd-4cc5-b325-e6dfb0626eb0:192.168.19.45:45287: org.apache.ratis.thirdparty.io.grpc.StatusRuntimeException: UNAVAILABLE: io exception
2019-06-13 05:31:32,702 WARN  server.GrpcLogAppender (LogUtils.java:warn(134)) - f233e835-59f6-449c-9820-380739eed38a: Failed appendEntries to 52a9e243-62aa-48f5-a55c-943024e5d88f:192.168.19.45:36161: org.apache.ratis.thirdparty.io.grpc.StatusRuntimeException: UNAVAILABLE: io exception
2019-06-13 05:31:32,703 INFO  impl.FollowerInfo (FollowerInfo.java:lambda$new$0(50)) - f233e835-59f6-449c-9820-380739eed38a->157645c2-71dd-4cc5-b325-e6dfb0626eb0: nextIndex: updateUnconditionally 0 -> 0
2019-06-13 05:31:32,703 INFO  impl.FollowerInfo (FollowerInfo.java:lambda$new$0(50)) - f233e835-59f6-449c-9820-380739eed38a->52a9e243-62aa-48f5-a55c-943024e5d88f: nextIndex: updateUnconditionally 0 -> 0
2019-06-13 05:31:33,203 WARN  server.GrpcLogAppender (LogUtils.java:warn(134)) - f233e835-59f6-449c-9820-380739eed38a: Failed appendEntries to 52a9e243-62aa-48f5-a55c-943024e5d88f:192.168.19.45:36161: org.apache.ratis.thirdparty.io.grpc.StatusRuntimeException: UNAVAILABLE: io exception
2019-06-13 05:31:33,203 WARN  server.GrpcLogAppender (LogUtils.java:warn(134)) - f233e835-59f6-449c-9820-380739eed38a: Failed appendEntries to 157645c2-71dd-4cc5-b325-e6dfb0626eb0:192.168.19.45:45287: org.apache.ratis.thirdparty.io.grpc.StatusRuntimeException: UNAVAILABLE: io exception
2019-06-13 05:31:33,203 INFO  impl.FollowerInfo (FollowerInfo.java:lambda$new$0(50)) - f233e835-59f6-449c-9820-380739eed38a->52a9e243-62aa-48f5-a55c-943024e5d88f: nextIndex: updateUnconditionally 0 -> 0
2019-06-13 05:31:33,204 INFO  impl.FollowerInfo (FollowerInfo.java:lambda$new$0(50)) - f233e835-59f6-449c-9820-380739eed38a->157645c2-71dd-4cc5-b325-e6dfb0626eb0: nextIndex: updateUnconditionally 0 -> 0
2019-06-13 05:31:33,704 WARN  server.GrpcLogAppender (LogUtils.java:warn(134)) - f233e835-59f6-449c-9820-380739eed38a: Failed appendEntries to 157645c2-71dd-4cc5-b325-e6dfb0626eb0:192.168.19.45:45287: org.apache.ratis.thirdparty.io.grpc.StatusRuntimeException: UNAVAILABLE: io exception
2019-06-13 05:31:33,704 INFO  impl.FollowerInfo (FollowerInfo.java:lambda$new$0(50)) - f233e835-59f6-449c-9820-380739eed38a->157645c2-71dd-4cc5-b325-e6dfb0626eb0: nextIndex: updateUnconditionally 0 -> 0
2019-06-13 05:31:33,704 WARN  server.GrpcLogAppender (LogUtils.java:warn(134)) - f233e835-59f6-449c-9820-380739eed38a: Failed appendEntries to 52a9e243-62aa-48f5-a55c-943024e5d88f:192.168.19.45:36161: org.apache.ratis.thirdparty.io.grpc.StatusRuntimeException: UNAVAILABLE: io exception
2019-06-13 05:31:33,705 INFO  impl.FollowerInfo (FollowerInfo.java:lambda$new$0(50)) - f233e835-59f6-449c-9820-380739eed38a->52a9e243-62aa-48f5-a55c-943024e5d88f: nextIndex: updateUnconditionally 0 -> 0
2019-06-13 05:31:33,833 WARN  client.GrpcClientProtocolService (LogUtils.java:warn(134)) - 2-UnorderedRequestStreamObserver2: onError: org.apache.ratis.thirdparty.io.grpc.StatusRuntimeException: CANCELLED: cancelled before receiving half close
2019-06-13 05:31:34,251 WARN  server.GrpcLogAppender (LogUtils.java:warn(134)) - f233e835-59f6-449c-9820-380739eed38a: Failed appendEntries to 157645c2-71dd-4cc5-b325-e6dfb0626eb0:192.168.19.45:45287: org.apache.ratis.thirdparty.io.grpc.StatusRuntimeException: UNAVAILABLE: io exception
2019-06-13 05:31:34,251 WARN  server.GrpcLogAppender (LogUtils.java:warn(134)) - f233e835-59f6-449c-9820-380739eed38a: Failed appendEntries to 52a9e243-62aa-48f5-a55c-943024e5d88f:192.168.19.45:36161: org.apache.ratis.thirdparty.io.grpc.StatusRuntimeException: UNAVAILABLE: io exception
2019-06-13 05:31:34,251 INFO  impl.FollowerInfo (FollowerInfo.java:lambda$new$0(50)) - f233e835-59f6-449c-9820-380739eed38a->157645c2-71dd-4cc5-b325-e6dfb0626eb0: nextIndex: updateUnconditionally 0 -> 0
2019-06-13 05:31:34,251 INFO  impl.FollowerInfo (FollowerInfo.java:lambda$new$0(50)) - f233e835-59f6-449c-9820-380739eed38a->52a9e243-62aa-48f5-a55c-943024e5d88f: nextIndex: updateUnconditionally 0 -> 0
2019-06-13 05:31:34,751 WARN  server.GrpcLogAppender (LogUtils.java:warn(134)) - f233e835-59f6-449c-9820-380739eed38a: Failed appendEntries to 157645c2-71dd-4cc5-b325-e6dfb0626eb0:192.168.19.45:45287: org.apache.ratis.thirdparty.io.grpc.StatusRuntimeException: UNAVAILABLE: io exception
2019-06-13 05:31:34,751 WARN  server.GrpcLogAppender (LogUtils.java:warn(134)) - f233e835-59f6-449c-9820-380739eed38a: Failed appendEntries to 52a9e243-62aa-48f5-a55c-943024e5d88f:192.168.19.45:36161: org.apache.ratis.thirdparty.io.grpc.StatusRuntimeException: UNAVAILABLE: io exception
2019-06-13 05:31:34,751 INFO  impl.FollowerInfo (FollowerInfo.java:lambda$new$0(50)) - f233e835-59f6-449c-9820-380739eed38a->157645c2-71dd-4cc5-b325-e6dfb0626eb0: nextIndex: updateUnconditionally 0 -> 0
2019-06-13 05:31:34,751 INFO  impl.FollowerInfo (FollowerInfo.java:lambda$new$0(50)) - f233e835-59f6-449c-9820-380739eed38a->52a9e243-62aa-48f5-a55c-943024e5d88f: nextIndex: updateUnconditionally 0 -> 0
2019-06-13 05:31:35,251 WARN  server.GrpcLogAppender (LogUtils.java:warn(134)) - f233e835-59f6-449c-9820-380739eed38a: Failed appendEntries to 157645c2-71dd-4cc5-b325-e6dfb0626eb0:192.168.19.45:45287: org.apache.ratis.thirdparty.io.grpc.StatusRuntimeException: UNAVAILABLE: io exception
2019-06-13 05:31:35,252 WARN  server.GrpcLogAppender (LogUtils.java:warn(134)) - f233e835-59f6-449c-9820-380739eed38a: Failed appendEntries to 52a9e243-62aa-48f5-a55c-943024e5d88f:192.168.19.45:36161: org.apache.ratis.thirdparty.io.grpc.StatusRuntimeException: UNAVAILABLE: io exception
2019-06-13 05:31:35,252 INFO  impl.FollowerInfo (FollowerInfo.java:lambda$new$0(50)) - f233e835-59f6-449c-9820-380739eed38a->157645c2-71dd-4cc5-b325-e6dfb0626eb0: nextIndex: updateUnconditionally 0 -> 0
2019-06-13 05:31:35,252 INFO  impl.FollowerInfo (FollowerInfo.java:lambda$new$0(50)) - f233e835-59f6-449c-9820-380739eed38a->52a9e243-62aa-48f5-a55c-943024e5d88f: nextIndex: updateUnconditionally 0 -> 0
2019-06-13 05:31:35,752 WARN  server.GrpcLogAppender (LogUtils.java:warn(134)) - f233e835-59f6-449c-9820-380739eed38a: Failed appendEntries to 52a9e243-62aa-48f5-a55c-943024e5d88f:192.168.19.45:36161: org.apache.ratis.thirdparty.io.grpc.StatusRuntimeException: UNAVAILABLE: io exception
2019-06-13 05:31:35,753 INFO  impl.FollowerInfo (FollowerInfo.java:lambda$new$0(50)) - f233e835-59f6-449c-9820-380739eed38a->52a9e243-62aa-48f5-a55c-943024e5d88f: nextIndex: updateUnconditionally 0 -> 0
2019-06-13 05:31:35,753 WARN  server.GrpcLogAppender (LogUtils.java:warn(134)) - f233e835-59f6-449c-9820-380739eed38a: Failed appendEntries to 157645c2-71dd-4cc5-b325-e6dfb0626eb0:192.168.19.45:45287: org.apache.ratis.thirdparty.io.grpc.StatusRuntimeException: UNAVAILABLE: io exception
2019-06-13 05:31:35,753 INFO  impl.FollowerInfo (FollowerInfo.java:lambda$new$0(50)) - f233e835-59f6-449c-9820-380739eed38a->157645c2-71dd-4cc5-b325-e6dfb0626eb0: nextIndex: updateUnconditionally 0 -> 0
2019-06-13 05:31:36,253 WARN  server.GrpcLogAppender (LogUtils.java:warn(134)) - f233e835-59f6-449c-9820-380739eed38a: Failed appendEntries to 52a9e243-62aa-48f5-a55c-943024e5d88f:192.168.19.45:36161: org.apache.ratis.thirdparty.io.grpc.StatusRuntimeException: UNAVAILABLE: io exception
2019-06-13 05:31:36,253 INFO  impl.FollowerInfo (FollowerInfo.java:lambda$new$0(50)) - f233e835-59f6-449c-9820-380739eed38a->52a9e243-62aa-48f5-a55c-943024e5d88f: nextIndex: updateUnconditionally 0 -> 0
2019-06-13 05:31:36,253 WARN  server.GrpcLogAppender (LogUtils.java:warn(134)) - f233e835-59f6-449c-9820-380739eed38a: Failed appendEntries to 157645c2-71dd-4cc5-b325-e6dfb0626eb0:192.168.19.45:45287: org.apache.ratis.thirdparty.io.grpc.StatusRuntimeException: UNAVAILABLE: io exception
2019-06-13 05:31:36,254 INFO  impl.FollowerInfo (FollowerInfo.java:lambda$new$0(50)) - f233e835-59f6-449c-9820-380739eed38a->157645c2-71dd-4cc5-b325-e6dfb0626eb0: nextIndex: updateUnconditionally 0 -> 0
2019-06-13 05:31:36,583 INFO  client.GrpcClientProtocolService (GrpcClientProtocolService.java:lambda$processClientRequest$0(264)) - Failed RaftClientRequest:client-2096A0B09E0E->f233e835-59f6-449c-9820-380739eed38a@group-A849B9DD786C, cid=67, seq=0, Watch-ALL_COMMITTED(2), Message:<EMPTY>, reply=RaftClientReply:client-2096A0B09E0E->f233e835-59f6-449c-9820-380739eed38a@group-A849B9DD786C, cid=67, FAILED org.apache.ratis.protocol.NotReplicatedException: Request with call Id 67 and log index 2 is not yet replicated to ALL_COMMITTED, logIndex=2, commits[f233e835-59f6-449c-9820-380739eed38a:c2, 157645c2-71dd-4cc5-b325-e6dfb0626eb0:c1, 52a9e243-62aa-48f5-a55c-943024e5d88f:c1]
2019-06-13 05:31:36,753 WARN  server.GrpcLogAppender (LogUtils.java:warn(134)) - f233e835-59f6-449c-9820-380739eed38a: Failed appendEntries to 52a9e243-62aa-48f5-a55c-943024e5d88f:192.168.19.45:36161: org.apache.ratis.thirdparty.io.grpc.StatusRuntimeException: UNAVAILABLE: io exception
2019-06-13 05:31:36,753 WARN  server.GrpcLogAppender (LogUtils.java:warn(134)) - f233e835-59f6-449c-9820-380739eed38a: Failed appendEntries to 157645c2-71dd-4cc5-b325-e6dfb0626eb0:192.168.19.45:45287: org.apache.ratis.thirdparty.io.grpc.StatusRuntimeException: UNAVAILABLE: io exception
2019-06-13 05:31:36,756 INFO  impl.FollowerInfo (FollowerInfo.java:lambda$new$0(50)) - f233e835-59f6-449c-9820-380739eed38a->52a9e243-62aa-48f5-a55c-943024e5d88f: nextIndex: updateUnconditionally 0 -> 0
2019-06-13 05:31:36,756 INFO  impl.FollowerInfo (FollowerInfo.java:lambda$new$0(50)) - f233e835-59f6-449c-9820-380739eed38a->157645c2-71dd-4cc5-b325-e6dfb0626eb0: nextIndex: updateUnconditionally 0 -> 0
2019-06-13 05:31:37,254 WARN  server.GrpcLogAppender (LogUtils.java:warn(134)) - f233e835-59f6-449c-9820-380739eed38a: Failed appendEntries to 157645c2-71dd-4cc5-b325-e6dfb0626eb0:192.168.19.45:45287: org.apache.ratis.thirdparty.io.grpc.StatusRuntimeException: UNAVAILABLE: io exception
2019-06-13 05:31:37,254 WARN  server.GrpcLogAppender (LogUtils.java:warn(134)) - f233e835-59f6-449c-9820-380739eed38a: Failed appendEntries to 52a9e243-62aa-48f5-a55c-943024e5d88f:192.168.19.45:36161: org.apache.ratis.thirdparty.io.grpc.StatusRuntimeException: UNAVAILABLE: io exception
2019-06-13 05:31:37,254 INFO  impl.FollowerInfo (FollowerInfo.java:lambda$new$0(50)) - f233e835-59f6-449c-9820-380739eed38a->157645c2-71dd-4cc5-b325-e6dfb0626eb0: nextIndex: updateUnconditionally 0 -> 0
2019-06-13 05:31:37,254 INFO  impl.FollowerInfo (FollowerInfo.java:lambda$new$0(50)) - f233e835-59f6-449c-9820-380739eed38a->52a9e243-62aa-48f5-a55c-943024e5d88f: nextIndex: updateUnconditionally 0 -> 0
2019-06-13 05:31:37,754 WARN  server.GrpcLogAppender (LogUtils.java:warn(134)) - f233e835-59f6-449c-9820-380739eed38a: Failed appendEntries to 52a9e243-62aa-48f5-a55c-943024e5d88f:192.168.19.45:36161: org.apache.ratis.thirdparty.io.grpc.StatusRuntimeException: UNAVAILABLE: io exception
2019-06-13 05:31:37,755 INFO  impl.FollowerInfo (FollowerInfo.java:lambda$new$0(50)) - f233e835-59f6-449c-9820-380739eed38a->52a9e243-62aa-48f5-a55c-943024e5d88f: nextIndex: updateUnconditionally 0 -> 0
2019-06-13 05:31:37,755 WARN  server.GrpcLogAppender (LogUtils.java:warn(134)) - f233e835-59f6-449c-9820-380739eed38a: Failed appendEntries to 157645c2-71dd-4cc5-b325-e6dfb0626eb0:192.168.19.45:45287: org.apache.ratis.thirdparty.io.grpc.StatusRuntimeException: UNAVAILABLE: io exception
2019-06-13 05:31:37,755 INFO  impl.FollowerInfo (FollowerInfo.java:lambda$new$0(50)) - f233e835-59f6-449c-9820-380739eed38a->157645c2-71dd-4cc5-b325-e6dfb0626eb0: nextIndex: updateUnconditionally 0 -> 0
2019-06-13 05:31:38,255 WARN  server.GrpcLogAppender (LogUtils.java:warn(134)) - f233e835-59f6-449c-9820-380739eed38a: Failed appendEntries to 157645c2-71dd-4cc5-b325-e6dfb0626eb0:192.168.19.45:45287: org.apache.ratis.thirdparty.io.grpc.StatusRuntimeException: UNAVAILABLE: io exception
2019-06-13 05:31:38,255 WARN  server.GrpcLogAppender (LogUtils.java:warn(134)) - f233e835-59f6-449c-9820-380739eed38a: Failed appendEntries to 52a9e243-62aa-48f5-a55c-943024e5d88f:192.168.19.45:36161: org.apache.ratis.thirdparty.io.grpc.StatusRuntimeException: UNAVAILABLE: io exception
2019-06-13 05:31:38,256 INFO  impl.FollowerInfo (FollowerInfo.java:lambda$new$0(50)) - f233e835-59f6-449c-9820-380739eed38a->157645c2-71dd-4cc5-b325-e6dfb0626eb0: nextIndex: updateUnconditionally 0 -> 0
2019-06-13 05:31:38,256 INFO  impl.FollowerInfo (FollowerInfo.java:lambda$new$0(50)) - f233e835-59f6-449c-9820-380739eed38a->52a9e243-62aa-48f5-a55c-943024e5d88f: nextIndex: updateUnconditionally 0 -> 0
2019-06-13 05:31:38,756 WARN  server.GrpcLogAppender (LogUtils.java:warn(134)) - f233e835-59f6-449c-9820-380739eed38a: Failed appendEntries to 157645c2-71dd-4cc5-b325-e6dfb0626eb0:192.168.19.45:45287: org.apache.ratis.thirdparty.io.grpc.StatusRuntimeException: UNAVAILABLE: io exception
2019-06-13 05:31:38,756 WARN  server.GrpcLogAppender (LogUtils.java:warn(134)) - f233e835-59f6-449c-9820-380739eed38a: Failed appendEntries to 52a9e243-62aa-48f5-a55c-943024e5d88f:192.168.19.45:36161: org.apache.ratis.thirdparty.io.grpc.StatusRuntimeException: UNAVAILABLE: io exception
2019-06-13 05:31:38,756 INFO  impl.FollowerInfo (FollowerInfo.java:lambda$new$0(50)) - f233e835-59f6-449c-9820-380739eed38a->157645c2-71dd-4cc5-b325-e6dfb0626eb0: nextIndex: updateUnconditionally 0 -> 0
2019-06-13 05:31:38,756 INFO  impl.FollowerInfo (FollowerInfo.java:lambda$new$0(50)) - f233e835-59f6-449c-9820-380739eed38a->52a9e243-62aa-48f5-a55c-943024e5d88f: nextIndex: updateUnconditionally 0 -> 0
2019-06-13 05:31:39,256 WARN  server.GrpcLogAppender (LogUtils.java:warn(134)) - f233e835-59f6-449c-9820-380739eed38a: Failed appendEntries to 157645c2-71dd-4cc5-b325-e6dfb0626eb0:192.168.19.45:45287: org.apache.ratis.thirdparty.io.grpc.StatusRuntimeException: UNAVAILABLE: io exception
2019-06-13 05:31:39,257 WARN  server.GrpcLogAppender (LogUtils.java:warn(134)) - f233e835-59f6-449c-9820-380739eed38a: Failed appendEntries to 52a9e243-62aa-48f5-a55c-943024e5d88f:192.168.19.45:36161: org.apache.ratis.thirdparty.io.grpc.StatusRuntimeException: UNAVAILABLE: io exception
2019-06-13 05:31:39,257 INFO  impl.FollowerInfo (FollowerInfo.java:lambda$new$0(50)) - f233e835-59f6-449c-9820-380739eed38a->157645c2-71dd-4cc5-b325-e6dfb0626eb0: nextIndex: updateUnconditionally 0 -> 0
2019-06-13 05:31:39,257 INFO  impl.FollowerInfo (FollowerInfo.java:lambda$new$0(50)) - f233e835-59f6-449c-9820-380739eed38a->52a9e243-62aa-48f5-a55c-943024e5d88f: nextIndex: updateUnconditionally 0 -> 0
2019-06-13 05:31:39,757 WARN  server.GrpcLogAppender (LogUtils.java:warn(134)) - f233e835-59f6-449c-9820-380739eed38a: Failed appendEntries to 52a9e243-62aa-48f5-a55c-943024e5d88f:192.168.19.45:36161: org.apache.ratis.thirdparty.io.grpc.StatusRuntimeException: UNAVAILABLE: io exception
2019-06-13 05:31:39,757 WARN  server.GrpcLogAppender (LogUtils.java:warn(134)) - f233e835-59f6-449c-9820-380739eed38a: Failed appendEntries to 157645c2-71dd-4cc5-b325-e6dfb0626eb0:192.168.19.45:45287: org.apache.ratis.thirdparty.io.grpc.StatusRuntimeException: UNAVAILABLE: io exception
2019-06-13 05:31:39,757 INFO  impl.FollowerInfo (FollowerInfo.java:lambda$new$0(50)) - f233e835-59f6-449c-9820-380739eed38a->52a9e243-62aa-48f5-a55c-943024e5d88f: nextIndex: updateUnconditionally 0 -> 0
2019-06-13 05:31:39,757 INFO  impl.FollowerInfo (FollowerInfo.java:lambda$new$0(50)) - f233e835-59f6-449c-9820-380739eed38a->157645c2-71dd-4cc5-b325-e6dfb0626eb0: nextIndex: updateUnconditionally 0 -> 0
2019-06-13 05:31:40,258 WARN  server.GrpcLogAppender (LogUtils.java:warn(134)) - f233e835-59f6-449c-9820-380739eed38a: Failed appendEntries to 52a9e243-62aa-48f5-a55c-943024e5d88f:192.168.19.45:36161: org.apache.ratis.thirdparty.io.grpc.StatusRuntimeException: UNAVAILABLE: io exception
2019-06-13 05:31:40,258 WARN  server.GrpcLogAppender (LogUtils.java:warn(134)) - f233e835-59f6-449c-9820-380739eed38a: Failed appendEntries to 157645c2-71dd-4cc5-b325-e6dfb0626eb0:192.168.19.45:45287: org.apache.ratis.thirdparty.io.grpc.StatusRuntimeException: UNAVAILABLE: io exception
2019-06-13 05:31:40,258 INFO  impl.FollowerInfo (FollowerInfo.java:lambda$new$0(50)) - f233e835-59f6-449c-9820-380739eed38a->52a9e243-62aa-48f5-a55c-943024e5d88f: nextIndex: updateUnconditionally 0 -> 0
2019-06-13 05:31:40,258 INFO  impl.FollowerInfo (FollowerInfo.java:lambda$new$0(50)) - f233e835-59f6-449c-9820-380739eed38a->157645c2-71dd-4cc5-b325-e6dfb0626eb0: nextIndex: updateUnconditionally 0 -> 0
2019-06-13 05:31:40,758 WARN  server.GrpcLogAppender (LogUtils.java:warn(134)) - f233e835-59f6-449c-9820-380739eed38a: Failed appendEntries to 157645c2-71dd-4cc5-b325-e6dfb0626eb0:192.168.19.45:45287: org.apache.ratis.thirdparty.io.grpc.StatusRuntimeException: UNAVAILABLE: io exception
2019-06-13 05:31:40,758 WARN  server.GrpcLogAppender (LogUtils.java:warn(134)) - f233e835-59f6-449c-9820-380739eed38a: Failed appendEntries to 52a9e243-62aa-48f5-a55c-943024e5d88f:192.168.19.45:36161: org.apache.ratis.thirdparty.io.grpc.StatusRuntimeException: UNAVAILABLE: io exception
2019-06-13 05:31:40,758 INFO  impl.FollowerInfo (FollowerInfo.java:lambda$new$0(50)) - f233e835-59f6-449c-9820-380739eed38a->157645c2-71dd-4cc5-b325-e6dfb0626eb0: nextIndex: updateUnconditionally 0 -> 0
2019-06-13 05:31:40,758 INFO  impl.FollowerInfo (FollowerInfo.java:lambda$new$0(50)) - f233e835-59f6-449c-9820-380739eed38a->52a9e243-62aa-48f5-a55c-943024e5d88f: nextIndex: updateUnconditionally 0 -> 0
2019-06-13 05:31:41,259 WARN  server.GrpcLogAppender (LogUtils.java:warn(134)) - f233e835-59f6-449c-9820-380739eed38a: Failed appendEntries to 157645c2-71dd-4cc5-b325-e6dfb0626eb0:192.168.19.45:45287: org.apache.ratis.thirdparty.io.grpc.StatusRuntimeException: UNAVAILABLE: io exception
2019-06-13 05:31:41,259 INFO  impl.FollowerInfo (FollowerInfo.java:lambda$new$0(50)) - f233e835-59f6-449c-9820-380739eed38a->157645c2-71dd-4cc5-b325-e6dfb0626eb0: nextIndex: updateUnconditionally 0 -> 0
2019-06-13 05:31:41,259 WARN  server.GrpcLogAppender (LogUtils.java:warn(134)) - f233e835-59f6-449c-9820-380739eed38a: Failed appendEntries to 52a9e243-62aa-48f5-a55c-943024e5d88f:192.168.19.45:36161: org.apache.ratis.thirdparty.io.grpc.StatusRuntimeException: UNAVAILABLE: io exception
2019-06-13 05:31:41,259 INFO  impl.FollowerInfo (FollowerInfo.java:lambda$new$0(50)) - f233e835-59f6-449c-9820-380739eed38a->52a9e243-62aa-48f5-a55c-943024e5d88f: nextIndex: updateUnconditionally 0 -> 0
2019-06-13 05:31:41,582 INFO  client.GrpcClientProtocolService (GrpcClientProtocolService.java:lambda$processClientRequest$0(264)) - Failed RaftClientRequest:client-2096A0B09E0E->f233e835-59f6-449c-9820-380739eed38a@group-A849B9DD786C, cid=67, seq=0, Watch-ALL_COMMITTED(2), Message:<EMPTY>, reply=RaftClientReply:client-2096A0B09E0E->f233e835-59f6-449c-9820-380739eed38a@group-A849B9DD786C, cid=67, FAILED org.apache.ratis.protocol.NotReplicatedException: Request with call Id 67 and log index 2 is not yet replicated to ALL_COMMITTED, logIndex=2, commits[f233e835-59f6-449c-9820-380739eed38a:c2, 157645c2-71dd-4cc5-b325-e6dfb0626eb0:c1, 52a9e243-62aa-48f5-a55c-943024e5d88f:c1]
2019-06-13 05:31:41,759 WARN  server.GrpcLogAppender (LogUtils.java:warn(134)) - f233e835-59f6-449c-9820-380739eed38a: Failed appendEntries to 52a9e243-62aa-48f5-a55c-943024e5d88f:192.168.19.45:36161: org.apache.ratis.thirdparty.io.grpc.StatusRuntimeException: UNAVAILABLE: io exception
2019-06-13 05:31:41,759 INFO  impl.FollowerInfo (FollowerInfo.java:lambda$new$0(50)) - f233e835-59f6-449c-9820-380739eed38a->52a9e243-62aa-48f5-a55c-943024e5d88f: nextIndex: updateUnconditionally 0 -> 0
2019-06-13 05:31:41,759 WARN  server.GrpcLogAppender (LogUtils.java:warn(134)) - f233e835-59f6-449c-9820-380739eed38a: Failed appendEntries to 157645c2-71dd-4cc5-b325-e6dfb0626eb0:192.168.19.45:45287: org.apache.ratis.thirdparty.io.grpc.StatusRuntimeException: UNAVAILABLE: io exception
2019-06-13 05:31:41,760 INFO  impl.FollowerInfo (FollowerInfo.java:lambda$new$0(50)) - f233e835-59f6-449c-9820-380739eed38a->157645c2-71dd-4cc5-b325-e6dfb0626eb0: nextIndex: updateUnconditionally 0 -> 0
2019-06-13 05:31:42,260 WARN  server.GrpcLogAppender (LogUtils.java:warn(134)) - f233e835-59f6-449c-9820-380739eed38a: Failed appendEntries to 52a9e243-62aa-48f5-a55c-943024e5d88f:192.168.19.45:36161: org.apache.ratis.thirdparty.io.grpc.StatusRuntimeException: UNAVAILABLE: io exception
2019-06-13 05:31:42,262 INFO  impl.FollowerInfo (FollowerInfo.java:lambda$new$0(50)) - f233e835-59f6-449c-9820-380739eed38a->52a9e243-62aa-48f5-a55c-943024e5d88f: nextIndex: updateUnconditionally 0 -> 0
2019-06-13 05:31:42,262 WARN  server.GrpcLogAppender (LogUtils.java:warn(134)) - f233e835-59f6-449c-9820-380739eed38a: Failed appendEntries to 157645c2-71dd-4cc5-b325-e6dfb0626eb0:192.168.19.45:45287: org.apache.ratis.thirdparty.io.grpc.StatusRuntimeException: UNAVAILABLE: io exception
2019-06-13 05:31:42,262 INFO  impl.FollowerInfo (FollowerInfo.java:lambda$new$0(50)) - f233e835-59f6-449c-9820-380739eed38a->157645c2-71dd-4cc5-b325-e6dfb0626eb0: nextIndex: updateUnconditionally 0 -> 0
2019-06-13 05:31:42,760 WARN  server.GrpcLogAppender (LogUtils.java:warn(134)) - f233e835-59f6-449c-9820-380739eed38a: Failed appendEntries to 157645c2-71dd-4cc5-b325-e6dfb0626eb0:192.168.19.45:45287: org.apache.ratis.thirdparty.io.grpc.StatusRuntimeException: UNAVAILABLE: io exception
2019-06-13 05:31:42,761 INFO  impl.FollowerInfo (FollowerInfo.java:lambda$new$0(50)) - f233e835-59f6-449c-9820-380739eed38a->157645c2-71dd-4cc5-b325-e6dfb0626eb0: nextIndex: updateUnconditionally 0 -> 0
2019-06-13 05:31:42,761 WARN  server.GrpcLogAppender (LogUtils.java:warn(134)) - f233e835-59f6-449c-9820-380739eed38a: Failed appendEntries to 52a9e243-62aa-48f5-a55c-943024e5d88f:192.168.19.45:36161: org.apache.ratis.thirdparty.io.grpc.StatusRuntimeException: UNAVAILABLE: io exception
2019-06-13 05:31:42,761 INFO  impl.FollowerInfo (FollowerInfo.java:lambda$new$0(50)) - f233e835-59f6-449c-9820-380739eed38a->52a9e243-62aa-48f5-a55c-943024e5d88f: nextIndex: updateUnconditionally 0 -> 0
2019-06-13 05:31:43,261 WARN  server.GrpcLogAppender (LogUtils.java:warn(134)) - f233e835-59f6-449c-9820-380739eed38a: Failed appendEntries to 157645c2-71dd-4cc5-b325-e6dfb0626eb0:192.168.19.45:45287: org.apache.ratis.thirdparty.io.grpc.StatusRuntimeException: UNAVAILABLE: io exception
2019-06-13 05:31:43,261 WARN  server.GrpcLogAppender (LogUtils.java:warn(134)) - f233e835-59f6-449c-9820-380739eed38a: Failed appendEntries to 52a9e243-62aa-48f5-a55c-943024e5d88f:192.168.19.45:36161: org.apache.ratis.thirdparty.io.grpc.StatusRuntimeException: UNAVAILABLE: io exception
2019-06-13 05:31:43,261 INFO  impl.FollowerInfo (FollowerInfo.java:lambda$new$0(50)) - f233e835-59f6-449c-9820-380739eed38a->157645c2-71dd-4cc5-b325-e6dfb0626eb0: nextIndex: updateUnconditionally 0 -> 0
2019-06-13 05:31:43,261 INFO  impl.FollowerInfo (FollowerInfo.java:lambda$new$0(50)) - f233e835-59f6-449c-9820-380739eed38a->52a9e243-62aa-48f5-a55c-943024e5d88f: nextIndex: updateUnconditionally 0 -> 0
2019-06-13 05:31:43,761 WARN  server.GrpcLogAppender (LogUtils.java:warn(134)) - f233e835-59f6-449c-9820-380739eed38a: Failed appendEntries to 157645c2-71dd-4cc5-b325-e6dfb0626eb0:192.168.19.45:45287: org.apache.ratis.thirdparty.io.grpc.StatusRuntimeException: UNAVAILABLE: io exception
2019-06-13 05:31:43,761 WARN  server.GrpcLogAppender (LogUtils.java:warn(134)) - f233e835-59f6-449c-9820-380739eed38a: Failed appendEntries to 52a9e243-62aa-48f5-a55c-943024e5d88f:192.168.19.45:36161: org.apache.ratis.thirdparty.io.grpc.StatusRuntimeException: UNAVAILABLE: io exception
2019-06-13 05:31:43,762 INFO  impl.FollowerInfo (FollowerInfo.java:lambda$new$0(50)) - f233e835-59f6-449c-9820-380739eed38a->157645c2-71dd-4cc5-b325-e6dfb0626eb0: nextIndex: updateUnconditionally 0 -> 0
2019-06-13 05:31:43,762 INFO  impl.FollowerInfo (FollowerInfo.java:lambda$new$0(50)) - f233e835-59f6-449c-9820-380739eed38a->52a9e243-62aa-48f5-a55c-943024e5d88f: nextIndex: updateUnconditionally 0 -> 0
2019-06-13 05:31:44,262 WARN  server.GrpcLogAppender (LogUtils.java:warn(134)) - f233e835-59f6-449c-9820-380739eed38a: Failed appendEntries to 157645c2-71dd-4cc5-b325-e6dfb0626eb0:192.168.19.45:45287: org.apache.ratis.thirdparty.io.grpc.StatusRuntimeException: UNAVAILABLE: io exception
2019-06-13 05:31:44,262 WARN  server.GrpcLogAppender (LogUtils.java:warn(134)) - f233e835-59f6-449c-9820-380739eed38a: Failed appendEntries to 52a9e243-62aa-48f5-a55c-943024e5d88f:192.168.19.45:36161: org.apache.ratis.thirdparty.io.grpc.StatusRuntimeException: UNAVAILABLE: io exception
2019-06-13 05:31:44,262 INFO  impl.FollowerInfo (FollowerInfo.java:lambda$new$0(50)) - f233e835-59f6-449c-9820-380739eed38a->157645c2-71dd-4cc5-b325-e6dfb0626eb0: nextIndex: updateUnconditionally 0 -> 0
2019-06-13 05:31:44,262 INFO  impl.FollowerInfo (FollowerInfo.java:lambda$new$0(50)) - f233e835-59f6-449c-9820-380739eed38a->52a9e243-62aa-48f5-a55c-943024e5d88f: nextIndex: updateUnconditionally 0 -> 0
2019-06-13 05:31:44,762 WARN  server.GrpcLogAppender (LogUtils.java:warn(134)) - f233e835-59f6-449c-9820-380739eed38a: Failed appendEntries to 52a9e243-62aa-48f5-a55c-943024e5d88f:192.168.19.45:36161: org.apache.ratis.thirdparty.io.grpc.StatusRuntimeException: UNAVAILABLE: io exception
2019-06-13 05:31:44,762 WARN  server.GrpcLogAppender (LogUtils.java:warn(134)) - f233e835-59f6-449c-9820-380739eed38a: Failed appendEntries to 157645c2-71dd-4cc5-b325-e6dfb0626eb0:192.168.19.45:45287: org.apache.ratis.thirdparty.io.grpc.StatusRuntimeException: UNAVAILABLE: io exception
2019-06-13 05:31:44,763 INFO  impl.FollowerInfo (FollowerInfo.java:lambda$new$0(50)) - f233e835-59f6-449c-9820-380739eed38a->157645c2-71dd-4cc5-b325-e6dfb0626eb0: nextIndex: updateUnconditionally 0 -> 0
2019-06-13 05:31:44,763 INFO  impl.FollowerInfo (FollowerInfo.java:lambda$new$0(50)) - f233e835-59f6-449c-9820-380739eed38a->52a9e243-62aa-48f5-a55c-943024e5d88f: nextIndex: updateUnconditionally 0 -> 0
2019-06-13 05:31:45,263 WARN  server.GrpcLogAppender (LogUtils.java:warn(134)) - f233e835-59f6-449c-9820-380739eed38a: Failed appendEntries to 52a9e243-62aa-48f5-a55c-943024e5d88f:192.168.19.45:36161: org.apache.ratis.thirdparty.io.grpc.StatusRuntimeException: UNAVAILABLE: io exception
2019-06-13 05:31:45,263 WARN  server.GrpcLogAppender (LogUtils.java:warn(134)) - f233e835-59f6-449c-9820-380739eed38a: Failed appendEntries to 157645c2-71dd-4cc5-b325-e6dfb0626eb0:192.168.19.45:45287: org.apache.ratis.thirdparty.io.grpc.StatusRuntimeException: UNAVAILABLE: io exception
2019-06-13 05:31:45,263 INFO  impl.FollowerInfo (FollowerInfo.java:lambda$new$0(50)) - f233e835-59f6-449c-9820-380739eed38a->52a9e243-62aa-48f5-a55c-943024e5d88f: nextIndex: updateUnconditionally 0 -> 0
2019-06-13 05:31:45,263 INFO  impl.FollowerInfo (FollowerInfo.java:lambda$new$0(50)) - f233e835-59f6-449c-9820-380739eed38a->157645c2-71dd-4cc5-b325-e6dfb0626eb0: nextIndex: updateUnconditionally 0 -> 0
2019-06-13 05:31:45,764 WARN  server.GrpcLogAppender (LogUtils.java:warn(134)) - f233e835-59f6-449c-9820-380739eed38a: Failed appendEntries to 157645c2-71dd-4cc5-b325-e6dfb0626eb0:192.168.19.45:45287: org.apache.ratis.thirdparty.io.grpc.StatusRuntimeException: UNAVAILABLE: io exception
2019-06-13 05:31:45,765 INFO  impl.FollowerInfo (FollowerInfo.java:lambda$new$0(50)) - f233e835-59f6-449c-9820-380739eed38a->157645c2-71dd-4cc5-b325-e6dfb0626eb0: nextIndex: updateUnconditionally 0 -> 0
2019-06-13 05:31:45,765 WARN  server.GrpcLogAppender (LogUtils.java:warn(134)) - f233e835-59f6-449c-9820-380739eed38a: Failed appendEntries to 52a9e243-62aa-48f5-a55c-943024e5d88f:192.168.19.45:36161: org.apache.ratis.thirdparty.io.grpc.StatusRuntimeException: UNAVAILABLE: io exception
2019-06-13 05:31:45,765 INFO  impl.FollowerInfo (FollowerInfo.java:lambda$new$0(50)) - f233e835-59f6-449c-9820-380739eed38a->52a9e243-62aa-48f5-a55c-943024e5d88f: nextIndex: updateUnconditionally 0 -> 0
2019-06-13 05:31:45,810 WARN  scm.XceiverClientRatis (XceiverClientRatis.java:watchForCommit(260)) - 3 way commit failed 
java.util.concurrent.TimeoutException
	at java.util.concurrent.CompletableFuture.timedGet(CompletableFuture.java:1771)
	at java.util.concurrent.CompletableFuture.get(CompletableFuture.java:1915)
	at org.apache.hadoop.hdds.scm.XceiverClientRatis.watchForCommit(XceiverClientRatis.java:257)
	at org.apache.hadoop.ozone.client.rpc.TestWatchForCommit.testWatchForCommitForRetryfailure(TestWatchForCommit.java:347)
	at sun.reflect.NativeMethodAccessorImpl.invoke0(Native Method)
	at sun.reflect.NativeMethodAccessorImpl.invoke(NativeMethodAccessorImpl.java:62)
	at sun.reflect.DelegatingMethodAccessorImpl.invoke(DelegatingMethodAccessorImpl.java:43)
	at java.lang.reflect.Method.invoke(Method.java:498)
	at org.junit.runners.model.FrameworkMethod$1.runReflectiveCall(FrameworkMethod.java:47)
	at org.junit.internal.runners.model.ReflectiveCallable.run(ReflectiveCallable.java:12)
	at org.junit.runners.model.FrameworkMethod.invokeExplosively(FrameworkMethod.java:44)
	at org.junit.internal.runners.statements.InvokeMethod.evaluate(InvokeMethod.java:17)
	at org.junit.runners.ParentRunner.runLeaf(ParentRunner.java:271)
	at org.junit.runners.BlockJUnit4ClassRunner.runChild(BlockJUnit4ClassRunner.java:70)
	at org.junit.runners.BlockJUnit4ClassRunner.runChild(BlockJUnit4ClassRunner.java:50)
	at org.junit.runners.ParentRunner$3.run(ParentRunner.java:238)
	at org.junit.runners.ParentRunner$1.schedule(ParentRunner.java:63)
	at org.junit.runners.ParentRunner.runChildren(ParentRunner.java:236)
	at org.junit.runners.ParentRunner.access$000(ParentRunner.java:53)
	at org.junit.runners.ParentRunner$2.evaluate(ParentRunner.java:229)
	at org.junit.runners.ParentRunner.run(ParentRunner.java:309)
	at org.apache.maven.surefire.junit4.JUnit4Provider.execute(JUnit4Provider.java:365)
	at org.apache.maven.surefire.junit4.JUnit4Provider.executeWithRerun(JUnit4Provider.java:273)
	at org.apache.maven.surefire.junit4.JUnit4Provider.executeTestSet(JUnit4Provider.java:238)
	at org.apache.maven.surefire.junit4.JUnit4Provider.invoke(JUnit4Provider.java:159)
	at org.apache.maven.surefire.booter.ForkedBooter.invokeProviderInSameClassLoader(ForkedBooter.java:384)
	at org.apache.maven.surefire.booter.ForkedBooter.runSuitesInProcess(ForkedBooter.java:345)
	at org.apache.maven.surefire.booter.ForkedBooter.execute(ForkedBooter.java:126)
	at org.apache.maven.surefire.booter.ForkedBooter.main(ForkedBooter.java:418)
2019-06-13 05:31:46,264 WARN  server.GrpcLogAppender (LogUtils.java:warn(134)) - f233e835-59f6-449c-9820-380739eed38a: Failed appendEntries to 157645c2-71dd-4cc5-b325-e6dfb0626eb0:192.168.19.45:45287: org.apache.ratis.thirdparty.io.grpc.StatusRuntimeException: UNAVAILABLE: io exception
2019-06-13 05:31:46,264 WARN  server.GrpcLogAppender (LogUtils.java:warn(134)) - f233e835-59f6-449c-9820-380739eed38a: Failed appendEntries to 52a9e243-62aa-48f5-a55c-943024e5d88f:192.168.19.45:36161: org.apache.ratis.thirdparty.io.grpc.StatusRuntimeException: UNAVAILABLE: io exception
2019-06-13 05:31:46,264 INFO  impl.FollowerInfo (FollowerInfo.java:lambda$new$0(50)) - f233e835-59f6-449c-9820-380739eed38a->157645c2-71dd-4cc5-b325-e6dfb0626eb0: nextIndex: updateUnconditionally 0 -> 0
2019-06-13 05:31:46,264 INFO  impl.FollowerInfo (FollowerInfo.java:lambda$new$0(50)) - f233e835-59f6-449c-9820-380739eed38a->52a9e243-62aa-48f5-a55c-943024e5d88f: nextIndex: updateUnconditionally 0 -> 0
2019-06-13 05:31:46,582 INFO  client.GrpcClientProtocolService (GrpcClientProtocolService.java:lambda$processClientRequest$0(264)) - Failed RaftClientRequest:client-2096A0B09E0E->f233e835-59f6-449c-9820-380739eed38a@group-A849B9DD786C, cid=67, seq=0, Watch-ALL_COMMITTED(2), Message:<EMPTY>, reply=RaftClientReply:client-2096A0B09E0E->f233e835-59f6-449c-9820-380739eed38a@group-A849B9DD786C, cid=67, FAILED org.apache.ratis.protocol.NotReplicatedException: Request with call Id 67 and log index 2 is not yet replicated to ALL_COMMITTED, logIndex=2, commits[f233e835-59f6-449c-9820-380739eed38a:c2, 157645c2-71dd-4cc5-b325-e6dfb0626eb0:c1, 52a9e243-62aa-48f5-a55c-943024e5d88f:c1]
2019-06-13 05:31:46,765 WARN  server.GrpcLogAppender (LogUtils.java:warn(134)) - f233e835-59f6-449c-9820-380739eed38a: Failed appendEntries to 157645c2-71dd-4cc5-b325-e6dfb0626eb0:192.168.19.45:45287: org.apache.ratis.thirdparty.io.grpc.StatusRuntimeException: UNAVAILABLE: io exception
2019-06-13 05:31:46,765 WARN  server.GrpcLogAppender (LogUtils.java:warn(134)) - f233e835-59f6-449c-9820-380739eed38a: Failed appendEntries to 52a9e243-62aa-48f5-a55c-943024e5d88f:192.168.19.45:36161: org.apache.ratis.thirdparty.io.grpc.StatusRuntimeException: UNAVAILABLE: io exception
2019-06-13 05:31:46,767 INFO  impl.FollowerInfo (FollowerInfo.java:lambda$new$0(50)) - f233e835-59f6-449c-9820-380739eed38a->157645c2-71dd-4cc5-b325-e6dfb0626eb0: nextIndex: updateUnconditionally 0 -> 0
2019-06-13 05:31:46,767 INFO  impl.FollowerInfo (FollowerInfo.java:lambda$new$0(50)) - f233e835-59f6-449c-9820-380739eed38a->52a9e243-62aa-48f5-a55c-943024e5d88f: nextIndex: updateUnconditionally 0 -> 0
2019-06-13 05:31:47,265 WARN  server.GrpcLogAppender (LogUtils.java:warn(134)) - f233e835-59f6-449c-9820-380739eed38a: Failed appendEntries to 157645c2-71dd-4cc5-b325-e6dfb0626eb0:192.168.19.45:45287: org.apache.ratis.thirdparty.io.grpc.StatusRuntimeException: UNAVAILABLE: io exception
2019-06-13 05:31:47,265 WARN  server.GrpcLogAppender (LogUtils.java:warn(134)) - f233e835-59f6-449c-9820-380739eed38a: Failed appendEntries to 52a9e243-62aa-48f5-a55c-943024e5d88f:192.168.19.45:36161: org.apache.ratis.thirdparty.io.grpc.StatusRuntimeException: UNAVAILABLE: io exception
2019-06-13 05:31:47,265 INFO  impl.FollowerInfo (FollowerInfo.java:lambda$new$0(50)) - f233e835-59f6-449c-9820-380739eed38a->157645c2-71dd-4cc5-b325-e6dfb0626eb0: nextIndex: updateUnconditionally 0 -> 0
2019-06-13 05:31:47,265 INFO  impl.FollowerInfo (FollowerInfo.java:lambda$new$0(50)) - f233e835-59f6-449c-9820-380739eed38a->52a9e243-62aa-48f5-a55c-943024e5d88f: nextIndex: updateUnconditionally 0 -> 0
2019-06-13 05:31:47,766 WARN  server.GrpcLogAppender (LogUtils.java:warn(134)) - f233e835-59f6-449c-9820-380739eed38a: Failed appendEntries to 52a9e243-62aa-48f5-a55c-943024e5d88f:192.168.19.45:36161: org.apache.ratis.thirdparty.io.grpc.StatusRuntimeException: UNAVAILABLE: io exception
2019-06-13 05:31:47,766 WARN  server.GrpcLogAppender (LogUtils.java:warn(134)) - f233e835-59f6-449c-9820-380739eed38a: Failed appendEntries to 157645c2-71dd-4cc5-b325-e6dfb0626eb0:192.168.19.45:45287: org.apache.ratis.thirdparty.io.grpc.StatusRuntimeException: UNAVAILABLE: io exception
2019-06-13 05:31:47,766 INFO  impl.FollowerInfo (FollowerInfo.java:lambda$new$0(50)) - f233e835-59f6-449c-9820-380739eed38a->52a9e243-62aa-48f5-a55c-943024e5d88f: nextIndex: updateUnconditionally 0 -> 0
2019-06-13 05:31:47,766 INFO  impl.FollowerInfo (FollowerInfo.java:lambda$new$0(50)) - f233e835-59f6-449c-9820-380739eed38a->157645c2-71dd-4cc5-b325-e6dfb0626eb0: nextIndex: updateUnconditionally 0 -> 0
2019-06-13 05:31:48,266 WARN  server.GrpcLogAppender (LogUtils.java:warn(134)) - f233e835-59f6-449c-9820-380739eed38a: Failed appendEntries to 157645c2-71dd-4cc5-b325-e6dfb0626eb0:192.168.19.45:45287: org.apache.ratis.thirdparty.io.grpc.StatusRuntimeException: UNAVAILABLE: io exception
2019-06-13 05:31:48,266 WARN  server.GrpcLogAppender (LogUtils.java:warn(134)) - f233e835-59f6-449c-9820-380739eed38a: Failed appendEntries to 52a9e243-62aa-48f5-a55c-943024e5d88f:192.168.19.45:36161: org.apache.ratis.thirdparty.io.grpc.StatusRuntimeException: UNAVAILABLE: io exception
2019-06-13 05:31:48,266 INFO  impl.FollowerInfo (FollowerInfo.java:lambda$new$0(50)) - f233e835-59f6-449c-9820-380739eed38a->157645c2-71dd-4cc5-b325-e6dfb0626eb0: nextIndex: updateUnconditionally 0 -> 0
2019-06-13 05:31:48,267 INFO  impl.FollowerInfo (FollowerInfo.java:lambda$new$0(50)) - f233e835-59f6-449c-9820-380739eed38a->52a9e243-62aa-48f5-a55c-943024e5d88f: nextIndex: updateUnconditionally 0 -> 0
2019-06-13 05:31:48,766 WARN  server.GrpcLogAppender (LogUtils.java:warn(134)) - f233e835-59f6-449c-9820-380739eed38a: Failed appendEntries to 52a9e243-62aa-48f5-a55c-943024e5d88f:192.168.19.45:36161: org.apache.ratis.thirdparty.io.grpc.StatusRuntimeException: UNAVAILABLE: io exception
2019-06-13 05:31:48,767 INFO  impl.FollowerInfo (FollowerInfo.java:lambda$new$0(50)) - f233e835-59f6-449c-9820-380739eed38a->52a9e243-62aa-48f5-a55c-943024e5d88f: nextIndex: updateUnconditionally 0 -> 0
2019-06-13 05:31:48,767 WARN  server.GrpcLogAppender (LogUtils.java:warn(134)) - f233e835-59f6-449c-9820-380739eed38a: Failed appendEntries to 157645c2-71dd-4cc5-b325-e6dfb0626eb0:192.168.19.45:45287: org.apache.ratis.thirdparty.io.grpc.StatusRuntimeException: UNAVAILABLE: io exception
2019-06-13 05:31:48,767 INFO  impl.FollowerInfo (FollowerInfo.java:lambda$new$0(50)) - f233e835-59f6-449c-9820-380739eed38a->157645c2-71dd-4cc5-b325-e6dfb0626eb0: nextIndex: updateUnconditionally 0 -> 0
2019-06-13 05:31:49,267 WARN  server.GrpcLogAppender (LogUtils.java:warn(134)) - f233e835-59f6-449c-9820-380739eed38a: Failed appendEntries to 157645c2-71dd-4cc5-b325-e6dfb0626eb0:192.168.19.45:45287: org.apache.ratis.thirdparty.io.grpc.StatusRuntimeException: UNAVAILABLE: io exception
2019-06-13 05:31:49,267 WARN  server.GrpcLogAppender (LogUtils.java:warn(134)) - f233e835-59f6-449c-9820-380739eed38a: Failed appendEntries to 52a9e243-62aa-48f5-a55c-943024e5d88f:192.168.19.45:36161: org.apache.ratis.thirdparty.io.grpc.StatusRuntimeException: UNAVAILABLE: io exception
2019-06-13 05:31:49,268 INFO  impl.FollowerInfo (FollowerInfo.java:lambda$new$0(50)) - f233e835-59f6-449c-9820-380739eed38a->157645c2-71dd-4cc5-b325-e6dfb0626eb0: nextIndex: updateUnconditionally 0 -> 0
2019-06-13 05:31:49,268 INFO  impl.FollowerInfo (FollowerInfo.java:lambda$new$0(50)) - f233e835-59f6-449c-9820-380739eed38a->52a9e243-62aa-48f5-a55c-943024e5d88f: nextIndex: updateUnconditionally 0 -> 0
2019-06-13 05:31:49,768 WARN  server.GrpcLogAppender (LogUtils.java:warn(134)) - f233e835-59f6-449c-9820-380739eed38a: Failed appendEntries to 157645c2-71dd-4cc5-b325-e6dfb0626eb0:192.168.19.45:45287: org.apache.ratis.thirdparty.io.grpc.StatusRuntimeException: UNAVAILABLE: io exception
2019-06-13 05:31:49,768 WARN  server.GrpcLogAppender (LogUtils.java:warn(134)) - f233e835-59f6-449c-9820-380739eed38a: Failed appendEntries to 52a9e243-62aa-48f5-a55c-943024e5d88f:192.168.19.45:36161: org.apache.ratis.thirdparty.io.grpc.StatusRuntimeException: UNAVAILABLE: io exception
2019-06-13 05:31:49,768 INFO  impl.FollowerInfo (FollowerInfo.java:lambda$new$0(50)) - f233e835-59f6-449c-9820-380739eed38a->157645c2-71dd-4cc5-b325-e6dfb0626eb0: nextIndex: updateUnconditionally 0 -> 0
2019-06-13 05:31:49,768 INFO  impl.FollowerInfo (FollowerInfo.java:lambda$new$0(50)) - f233e835-59f6-449c-9820-380739eed38a->52a9e243-62aa-48f5-a55c-943024e5d88f: nextIndex: updateUnconditionally 0 -> 0
2019-06-13 05:31:50,268 WARN  server.GrpcLogAppender (LogUtils.java:warn(134)) - f233e835-59f6-449c-9820-380739eed38a: Failed appendEntries to 52a9e243-62aa-48f5-a55c-943024e5d88f:192.168.19.45:36161: org.apache.ratis.thirdparty.io.grpc.StatusRuntimeException: UNAVAILABLE: io exception
2019-06-13 05:31:50,269 INFO  impl.FollowerInfo (FollowerInfo.java:lambda$new$0(50)) - f233e835-59f6-449c-9820-380739eed38a->52a9e243-62aa-48f5-a55c-943024e5d88f: nextIndex: updateUnconditionally 0 -> 0
2019-06-13 05:31:50,269 WARN  server.GrpcLogAppender (LogUtils.java:warn(134)) - f233e835-59f6-449c-9820-380739eed38a: Failed appendEntries to 157645c2-71dd-4cc5-b325-e6dfb0626eb0:192.168.19.45:45287: org.apache.ratis.thirdparty.io.grpc.StatusRuntimeException: UNAVAILABLE: io exception
2019-06-13 05:31:50,269 INFO  impl.FollowerInfo (FollowerInfo.java:lambda$new$0(50)) - f233e835-59f6-449c-9820-380739eed38a->157645c2-71dd-4cc5-b325-e6dfb0626eb0: nextIndex: updateUnconditionally 0 -> 0
2019-06-13 05:31:50,769 WARN  server.GrpcLogAppender (LogUtils.java:warn(134)) - f233e835-59f6-449c-9820-380739eed38a: Failed appendEntries to 52a9e243-62aa-48f5-a55c-943024e5d88f:192.168.19.45:36161: org.apache.ratis.thirdparty.io.grpc.StatusRuntimeException: UNAVAILABLE: io exception
2019-06-13 05:31:50,769 WARN  server.GrpcLogAppender (LogUtils.java:warn(134)) - f233e835-59f6-449c-9820-380739eed38a: Failed appendEntries to 157645c2-71dd-4cc5-b325-e6dfb0626eb0:192.168.19.45:45287: org.apache.ratis.thirdparty.io.grpc.StatusRuntimeException: UNAVAILABLE: io exception
2019-06-13 05:31:50,769 INFO  impl.FollowerInfo (FollowerInfo.java:lambda$new$0(50)) - f233e835-59f6-449c-9820-380739eed38a->52a9e243-62aa-48f5-a55c-943024e5d88f: nextIndex: updateUnconditionally 0 -> 0
2019-06-13 05:31:50,769 INFO  impl.FollowerInfo (FollowerInfo.java:lambda$new$0(50)) - f233e835-59f6-449c-9820-380739eed38a->157645c2-71dd-4cc5-b325-e6dfb0626eb0: nextIndex: updateUnconditionally 0 -> 0
2019-06-13 05:31:51,269 WARN  server.GrpcLogAppender (LogUtils.java:warn(134)) - f233e835-59f6-449c-9820-380739eed38a: Failed appendEntries to 157645c2-71dd-4cc5-b325-e6dfb0626eb0:192.168.19.45:45287: org.apache.ratis.thirdparty.io.grpc.StatusRuntimeException: UNAVAILABLE: io exception
2019-06-13 05:31:51,269 WARN  server.GrpcLogAppender (LogUtils.java:warn(134)) - f233e835-59f6-449c-9820-380739eed38a: Failed appendEntries to 52a9e243-62aa-48f5-a55c-943024e5d88f:192.168.19.45:36161: org.apache.ratis.thirdparty.io.grpc.StatusRuntimeException: UNAVAILABLE: io exception
2019-06-13 05:31:51,270 INFO  impl.FollowerInfo (FollowerInfo.java:lambda$new$0(50)) - f233e835-59f6-449c-9820-380739eed38a->157645c2-71dd-4cc5-b325-e6dfb0626eb0: nextIndex: updateUnconditionally 0 -> 0
2019-06-13 05:31:51,270 INFO  impl.FollowerInfo (FollowerInfo.java:lambda$new$0(50)) - f233e835-59f6-449c-9820-380739eed38a->52a9e243-62aa-48f5-a55c-943024e5d88f: nextIndex: updateUnconditionally 0 -> 0
2019-06-13 05:31:51,582 INFO  client.GrpcClientProtocolService (GrpcClientProtocolService.java:lambda$processClientRequest$0(264)) - Failed RaftClientRequest:client-2096A0B09E0E->f233e835-59f6-449c-9820-380739eed38a@group-A849B9DD786C, cid=67, seq=0, Watch-ALL_COMMITTED(2), Message:<EMPTY>, reply=RaftClientReply:client-2096A0B09E0E->f233e835-59f6-449c-9820-380739eed38a@group-A849B9DD786C, cid=67, FAILED org.apache.ratis.protocol.NotReplicatedException: Request with call Id 67 and log index 2 is not yet replicated to ALL_COMMITTED, logIndex=2, commits[f233e835-59f6-449c-9820-380739eed38a:c2, 157645c2-71dd-4cc5-b325-e6dfb0626eb0:c1, 52a9e243-62aa-48f5-a55c-943024e5d88f:c1]
2019-06-13 05:31:51,770 WARN  server.GrpcLogAppender (LogUtils.java:warn(134)) - f233e835-59f6-449c-9820-380739eed38a: Failed appendEntries to 52a9e243-62aa-48f5-a55c-943024e5d88f:192.168.19.45:36161: org.apache.ratis.thirdparty.io.grpc.StatusRuntimeException: UNAVAILABLE: io exception
2019-06-13 05:31:51,770 INFO  impl.FollowerInfo (FollowerInfo.java:lambda$new$0(50)) - f233e835-59f6-449c-9820-380739eed38a->52a9e243-62aa-48f5-a55c-943024e5d88f: nextIndex: updateUnconditionally 0 -> 0
2019-06-13 05:31:51,771 WARN  server.GrpcLogAppender (LogUtils.java:warn(134)) - f233e835-59f6-449c-9820-380739eed38a: Failed appendEntries to 157645c2-71dd-4cc5-b325-e6dfb0626eb0:192.168.19.45:45287: org.apache.ratis.thirdparty.io.grpc.StatusRuntimeException: UNAVAILABLE: io exception
2019-06-13 05:31:51,771 INFO  impl.FollowerInfo (FollowerInfo.java:lambda$new$0(50)) - f233e835-59f6-449c-9820-380739eed38a->157645c2-71dd-4cc5-b325-e6dfb0626eb0: nextIndex: updateUnconditionally 0 -> 0
2019-06-13 05:31:52,271 WARN  server.GrpcLogAppender (LogUtils.java:warn(134)) - f233e835-59f6-449c-9820-380739eed38a: Failed appendEntries to 157645c2-71dd-4cc5-b325-e6dfb0626eb0:192.168.19.45:45287: org.apache.ratis.thirdparty.io.grpc.StatusRuntimeException: UNAVAILABLE: io exception
2019-06-13 05:31:52,273 INFO  impl.FollowerInfo (FollowerInfo.java:lambda$new$0(50)) - f233e835-59f6-449c-9820-380739eed38a->157645c2-71dd-4cc5-b325-e6dfb0626eb0: nextIndex: updateUnconditionally 0 -> 0
2019-06-13 05:31:52,273 WARN  server.GrpcLogAppender (LogUtils.java:warn(134)) - f233e835-59f6-449c-9820-380739eed38a: Failed appendEntries to 52a9e243-62aa-48f5-a55c-943024e5d88f:192.168.19.45:36161: org.apache.ratis.thirdparty.io.grpc.StatusRuntimeException: UNAVAILABLE: io exception
2019-06-13 05:31:52,273 INFO  impl.FollowerInfo (FollowerInfo.java:lambda$new$0(50)) - f233e835-59f6-449c-9820-380739eed38a->52a9e243-62aa-48f5-a55c-943024e5d88f: nextIndex: updateUnconditionally 0 -> 0
2019-06-13 05:31:52,771 WARN  server.GrpcLogAppender (LogUtils.java:warn(134)) - f233e835-59f6-449c-9820-380739eed38a: Failed appendEntries to 157645c2-71dd-4cc5-b325-e6dfb0626eb0:192.168.19.45:45287: org.apache.ratis.thirdparty.io.grpc.StatusRuntimeException: UNAVAILABLE: io exception
2019-06-13 05:31:52,771 WARN  server.GrpcLogAppender (LogUtils.java:warn(134)) - f233e835-59f6-449c-9820-380739eed38a: Failed appendEntries to 52a9e243-62aa-48f5-a55c-943024e5d88f:192.168.19.45:36161: org.apache.ratis.thirdparty.io.grpc.StatusRuntimeException: UNAVAILABLE: io exception
2019-06-13 05:31:52,772 INFO  impl.FollowerInfo (FollowerInfo.java:lambda$new$0(50)) - f233e835-59f6-449c-9820-380739eed38a->157645c2-71dd-4cc5-b325-e6dfb0626eb0: nextIndex: updateUnconditionally 0 -> 0
2019-06-13 05:31:52,772 INFO  impl.FollowerInfo (FollowerInfo.java:lambda$new$0(50)) - f233e835-59f6-449c-9820-380739eed38a->52a9e243-62aa-48f5-a55c-943024e5d88f: nextIndex: updateUnconditionally 0 -> 0
2019-06-13 05:31:53,272 WARN  server.GrpcLogAppender (LogUtils.java:warn(134)) - f233e835-59f6-449c-9820-380739eed38a: Failed appendEntries to 157645c2-71dd-4cc5-b325-e6dfb0626eb0:192.168.19.45:45287: org.apache.ratis.thirdparty.io.grpc.StatusRuntimeException: UNAVAILABLE: io exception
2019-06-13 05:31:53,272 INFO  impl.FollowerInfo (FollowerInfo.java:lambda$new$0(50)) - f233e835-59f6-449c-9820-380739eed38a->157645c2-71dd-4cc5-b325-e6dfb0626eb0: nextIndex: updateUnconditionally 0 -> 0
2019-06-13 05:31:53,272 WARN  server.GrpcLogAppender (LogUtils.java:warn(134)) - f233e835-59f6-449c-9820-380739eed38a: Failed appendEntries to 52a9e243-62aa-48f5-a55c-943024e5d88f:192.168.19.45:36161: org.apache.ratis.thirdparty.io.grpc.StatusRuntimeException: UNAVAILABLE: io exception
2019-06-13 05:31:53,272 INFO  impl.FollowerInfo (FollowerInfo.java:lambda$new$0(50)) - f233e835-59f6-449c-9820-380739eed38a->52a9e243-62aa-48f5-a55c-943024e5d88f: nextIndex: updateUnconditionally 0 -> 0
2019-06-13 05:31:53,772 WARN  server.GrpcLogAppender (LogUtils.java:warn(134)) - f233e835-59f6-449c-9820-380739eed38a: Failed appendEntries to 52a9e243-62aa-48f5-a55c-943024e5d88f:192.168.19.45:36161: org.apache.ratis.thirdparty.io.grpc.StatusRuntimeException: UNAVAILABLE: io exception
2019-06-13 05:31:53,773 INFO  impl.FollowerInfo (FollowerInfo.java:lambda$new$0(50)) - f233e835-59f6-449c-9820-380739eed38a->52a9e243-62aa-48f5-a55c-943024e5d88f: nextIndex: updateUnconditionally 0 -> 0
2019-06-13 05:31:53,772 WARN  server.GrpcLogAppender (LogUtils.java:warn(134)) - f233e835-59f6-449c-9820-380739eed38a: Failed appendEntries to 157645c2-71dd-4cc5-b325-e6dfb0626eb0:192.168.19.45:45287: org.apache.ratis.thirdparty.io.grpc.StatusRuntimeException: UNAVAILABLE: io exception
2019-06-13 05:31:53,773 INFO  impl.FollowerInfo (FollowerInfo.java:lambda$new$0(50)) - f233e835-59f6-449c-9820-380739eed38a->157645c2-71dd-4cc5-b325-e6dfb0626eb0: nextIndex: updateUnconditionally 0 -> 0
2019-06-13 05:31:54,273 WARN  server.GrpcLogAppender (LogUtils.java:warn(134)) - f233e835-59f6-449c-9820-380739eed38a: Failed appendEntries to 52a9e243-62aa-48f5-a55c-943024e5d88f:192.168.19.45:36161: org.apache.ratis.thirdparty.io.grpc.StatusRuntimeException: UNAVAILABLE: io exception
2019-06-13 05:31:54,273 WARN  server.GrpcLogAppender (LogUtils.java:warn(134)) - f233e835-59f6-449c-9820-380739eed38a: Failed appendEntries to 157645c2-71dd-4cc5-b325-e6dfb0626eb0:192.168.19.45:45287: org.apache.ratis.thirdparty.io.grpc.StatusRuntimeException: UNAVAILABLE: io exception
2019-06-13 05:31:54,273 INFO  impl.FollowerInfo (FollowerInfo.java:lambda$new$0(50)) - f233e835-59f6-449c-9820-380739eed38a->52a9e243-62aa-48f5-a55c-943024e5d88f: nextIndex: updateUnconditionally 0 -> 0
2019-06-13 05:31:54,273 INFO  impl.FollowerInfo (FollowerInfo.java:lambda$new$0(50)) - f233e835-59f6-449c-9820-380739eed38a->157645c2-71dd-4cc5-b325-e6dfb0626eb0: nextIndex: updateUnconditionally 0 -> 0
2019-06-13 05:31:54,773 WARN  server.GrpcLogAppender (LogUtils.java:warn(134)) - f233e835-59f6-449c-9820-380739eed38a: Failed appendEntries to 52a9e243-62aa-48f5-a55c-943024e5d88f:192.168.19.45:36161: org.apache.ratis.thirdparty.io.grpc.StatusRuntimeException: UNAVAILABLE: io exception
2019-06-13 05:31:54,774 WARN  server.GrpcLogAppender (LogUtils.java:warn(134)) - f233e835-59f6-449c-9820-380739eed38a: Failed appendEntries to 157645c2-71dd-4cc5-b325-e6dfb0626eb0:192.168.19.45:45287: org.apache.ratis.thirdparty.io.grpc.StatusRuntimeException: UNAVAILABLE: io exception
2019-06-13 05:31:54,774 INFO  impl.FollowerInfo (FollowerInfo.java:lambda$new$0(50)) - f233e835-59f6-449c-9820-380739eed38a->52a9e243-62aa-48f5-a55c-943024e5d88f: nextIndex: updateUnconditionally 0 -> 0
2019-06-13 05:31:54,774 INFO  impl.FollowerInfo (FollowerInfo.java:lambda$new$0(50)) - f233e835-59f6-449c-9820-380739eed38a->157645c2-71dd-4cc5-b325-e6dfb0626eb0: nextIndex: updateUnconditionally 0 -> 0
2019-06-13 05:31:55,274 WARN  server.GrpcLogAppender (LogUtils.java:warn(134)) - f233e835-59f6-449c-9820-380739eed38a: Failed appendEntries to 157645c2-71dd-4cc5-b325-e6dfb0626eb0:192.168.19.45:45287: org.apache.ratis.thirdparty.io.grpc.StatusRuntimeException: UNAVAILABLE: io exception
2019-06-13 05:31:55,274 WARN  server.GrpcLogAppender (LogUtils.java:warn(134)) - f233e835-59f6-449c-9820-380739eed38a: Failed appendEntries to 52a9e243-62aa-48f5-a55c-943024e5d88f:192.168.19.45:36161: org.apache.ratis.thirdparty.io.grpc.StatusRuntimeException: UNAVAILABLE: io exception
2019-06-13 05:31:55,274 INFO  impl.FollowerInfo (FollowerInfo.java:lambda$new$0(50)) - f233e835-59f6-449c-9820-380739eed38a->157645c2-71dd-4cc5-b325-e6dfb0626eb0: nextIndex: updateUnconditionally 0 -> 0
2019-06-13 05:31:55,274 INFO  impl.FollowerInfo (FollowerInfo.java:lambda$new$0(50)) - f233e835-59f6-449c-9820-380739eed38a->52a9e243-62aa-48f5-a55c-943024e5d88f: nextIndex: updateUnconditionally 0 -> 0
2019-06-13 05:31:55,775 WARN  server.GrpcLogAppender (LogUtils.java:warn(134)) - f233e835-59f6-449c-9820-380739eed38a: Failed appendEntries to 52a9e243-62aa-48f5-a55c-943024e5d88f:192.168.19.45:36161: org.apache.ratis.thirdparty.io.grpc.StatusRuntimeException: UNAVAILABLE: io exception
2019-06-13 05:31:55,775 WARN  server.GrpcLogAppender (LogUtils.java:warn(134)) - f233e835-59f6-449c-9820-380739eed38a: Failed appendEntries to 157645c2-71dd-4cc5-b325-e6dfb0626eb0:192.168.19.45:45287: org.apache.ratis.thirdparty.io.grpc.StatusRuntimeException: UNAVAILABLE: io exception
2019-06-13 05:31:55,775 INFO  impl.FollowerInfo (FollowerInfo.java:lambda$new$0(50)) - f233e835-59f6-449c-9820-380739eed38a->52a9e243-62aa-48f5-a55c-943024e5d88f: nextIndex: updateUnconditionally 0 -> 0
2019-06-13 05:31:55,775 INFO  impl.FollowerInfo (FollowerInfo.java:lambda$new$0(50)) - f233e835-59f6-449c-9820-380739eed38a->157645c2-71dd-4cc5-b325-e6dfb0626eb0: nextIndex: updateUnconditionally 0 -> 0
2019-06-13 05:31:56,275 WARN  server.GrpcLogAppender (LogUtils.java:warn(134)) - f233e835-59f6-449c-9820-380739eed38a: Failed appendEntries to 157645c2-71dd-4cc5-b325-e6dfb0626eb0:192.168.19.45:45287: org.apache.ratis.thirdparty.io.grpc.StatusRuntimeException: UNAVAILABLE: io exception
2019-06-13 05:31:56,275 WARN  server.GrpcLogAppender (LogUtils.java:warn(134)) - f233e835-59f6-449c-9820-380739eed38a: Failed appendEntries to 52a9e243-62aa-48f5-a55c-943024e5d88f:192.168.19.45:36161: org.apache.ratis.thirdparty.io.grpc.StatusRuntimeException: UNAVAILABLE: io exception
2019-06-13 05:31:56,275 INFO  impl.FollowerInfo (FollowerInfo.java:lambda$new$0(50)) - f233e835-59f6-449c-9820-380739eed38a->157645c2-71dd-4cc5-b325-e6dfb0626eb0: nextIndex: updateUnconditionally 0 -> 0
2019-06-13 05:31:56,275 INFO  impl.FollowerInfo (FollowerInfo.java:lambda$new$0(50)) - f233e835-59f6-449c-9820-380739eed38a->52a9e243-62aa-48f5-a55c-943024e5d88f: nextIndex: updateUnconditionally 0 -> 0
2019-06-13 05:31:56,582 INFO  client.GrpcClientProtocolService (GrpcClientProtocolService.java:lambda$processClientRequest$0(264)) - Failed RaftClientRequest:client-2096A0B09E0E->f233e835-59f6-449c-9820-380739eed38a@group-A849B9DD786C, cid=67, seq=0, Watch-ALL_COMMITTED(2), Message:<EMPTY>, reply=RaftClientReply:client-2096A0B09E0E->f233e835-59f6-449c-9820-380739eed38a@group-A849B9DD786C, cid=67, FAILED org.apache.ratis.protocol.NotReplicatedException: Request with call Id 67 and log index 2 is not yet replicated to ALL_COMMITTED, logIndex=2, commits[f233e835-59f6-449c-9820-380739eed38a:c2, 157645c2-71dd-4cc5-b325-e6dfb0626eb0:c1, 52a9e243-62aa-48f5-a55c-943024e5d88f:c1]
2019-06-13 05:31:56,584 INFO  client.GrpcClientProtocolService (GrpcClientProtocolService.java:lambda$processClientRequest$0(264)) - Failed RaftClientRequest:client-2096A0B09E0E->f233e835-59f6-449c-9820-380739eed38a@group-A849B9DD786C, cid=68, seq=0, Watch-MAJORITY_COMMITTED(2), Message:<EMPTY>, reply=RaftClientReply:client-2096A0B09E0E->f233e835-59f6-449c-9820-380739eed38a@group-A849B9DD786C, cid=68, FAILED org.apache.ratis.protocol.NotReplicatedException: Request with call Id 68 and log index 2 is not yet replicated to MAJORITY_COMMITTED, logIndex=2, commits[f233e835-59f6-449c-9820-380739eed38a:c2, 157645c2-71dd-4cc5-b325-e6dfb0626eb0:c1, 52a9e243-62aa-48f5-a55c-943024e5d88f:c1]
2019-06-13 05:31:56,775 WARN  server.GrpcLogAppender (LogUtils.java:warn(134)) - f233e835-59f6-449c-9820-380739eed38a: Failed appendEntries to 52a9e243-62aa-48f5-a55c-943024e5d88f:192.168.19.45:36161: org.apache.ratis.thirdparty.io.grpc.StatusRuntimeException: UNAVAILABLE: io exception
2019-06-13 05:31:56,777 INFO  impl.FollowerInfo (FollowerInfo.java:lambda$new$0(50)) - f233e835-59f6-449c-9820-380739eed38a->52a9e243-62aa-48f5-a55c-943024e5d88f: nextIndex: updateUnconditionally 0 -> 0
2019-06-13 05:31:56,778 WARN  server.GrpcLogAppender (LogUtils.java:warn(134)) - f233e835-59f6-449c-9820-380739eed38a: Failed appendEntries to 157645c2-71dd-4cc5-b325-e6dfb0626eb0:192.168.19.45:45287: org.apache.ratis.thirdparty.io.grpc.StatusRuntimeException: UNAVAILABLE: io exception
2019-06-13 05:31:56,779 INFO  impl.FollowerInfo (FollowerInfo.java:lambda$new$0(50)) - f233e835-59f6-449c-9820-380739eed38a->157645c2-71dd-4cc5-b325-e6dfb0626eb0: nextIndex: updateUnconditionally 0 -> 0
2019-06-13 05:31:57,276 WARN  server.GrpcLogAppender (LogUtils.java:warn(134)) - f233e835-59f6-449c-9820-380739eed38a: Failed appendEntries to 52a9e243-62aa-48f5-a55c-943024e5d88f:192.168.19.45:36161: org.apache.ratis.thirdparty.io.grpc.StatusRuntimeException: UNAVAILABLE: io exception
2019-06-13 05:31:57,276 WARN  server.GrpcLogAppender (LogUtils.java:warn(134)) - f233e835-59f6-449c-9820-380739eed38a: Failed appendEntries to 157645c2-71dd-4cc5-b325-e6dfb0626eb0:192.168.19.45:45287: org.apache.ratis.thirdparty.io.grpc.StatusRuntimeException: UNAVAILABLE: io exception
2019-06-13 05:31:57,276 INFO  impl.FollowerInfo (FollowerInfo.java:lambda$new$0(50)) - f233e835-59f6-449c-9820-380739eed38a->52a9e243-62aa-48f5-a55c-943024e5d88f: nextIndex: updateUnconditionally 0 -> 0
2019-06-13 05:31:57,276 INFO  impl.FollowerInfo (FollowerInfo.java:lambda$new$0(50)) - f233e835-59f6-449c-9820-380739eed38a->157645c2-71dd-4cc5-b325-e6dfb0626eb0: nextIndex: updateUnconditionally 0 -> 0
2019-06-13 05:31:57,776 WARN  server.GrpcLogAppender (LogUtils.java:warn(134)) - f233e835-59f6-449c-9820-380739eed38a: Failed appendEntries to 52a9e243-62aa-48f5-a55c-943024e5d88f:192.168.19.45:36161: org.apache.ratis.thirdparty.io.grpc.StatusRuntimeException: UNAVAILABLE: io exception
2019-06-13 05:31:57,776 WARN  server.GrpcLogAppender (LogUtils.java:warn(134)) - f233e835-59f6-449c-9820-380739eed38a: Failed appendEntries to 157645c2-71dd-4cc5-b325-e6dfb0626eb0:192.168.19.45:45287: org.apache.ratis.thirdparty.io.grpc.StatusRuntimeException: UNAVAILABLE: io exception
2019-06-13 05:31:57,777 INFO  impl.FollowerInfo (FollowerInfo.java:lambda$new$0(50)) - f233e835-59f6-449c-9820-380739eed38a->52a9e243-62aa-48f5-a55c-943024e5d88f: nextIndex: updateUnconditionally 0 -> 0
2019-06-13 05:31:57,777 INFO  impl.FollowerInfo (FollowerInfo.java:lambda$new$0(50)) - f233e835-59f6-449c-9820-380739eed38a->157645c2-71dd-4cc5-b325-e6dfb0626eb0: nextIndex: updateUnconditionally 0 -> 0
2019-06-13 05:31:58,277 WARN  server.GrpcLogAppender (LogUtils.java:warn(134)) - f233e835-59f6-449c-9820-380739eed38a: Failed appendEntries to 157645c2-71dd-4cc5-b325-e6dfb0626eb0:192.168.19.45:45287: org.apache.ratis.thirdparty.io.grpc.StatusRuntimeException: UNAVAILABLE: io exception
2019-06-13 05:31:58,277 WARN  server.GrpcLogAppender (LogUtils.java:warn(134)) - f233e835-59f6-449c-9820-380739eed38a: Failed appendEntries to 52a9e243-62aa-48f5-a55c-943024e5d88f:192.168.19.45:36161: org.apache.ratis.thirdparty.io.grpc.StatusRuntimeException: UNAVAILABLE: io exception
2019-06-13 05:31:58,277 INFO  impl.FollowerInfo (FollowerInfo.java:lambda$new$0(50)) - f233e835-59f6-449c-9820-380739eed38a->157645c2-71dd-4cc5-b325-e6dfb0626eb0: nextIndex: updateUnconditionally 0 -> 0
2019-06-13 05:31:58,278 INFO  impl.FollowerInfo (FollowerInfo.java:lambda$new$0(50)) - f233e835-59f6-449c-9820-380739eed38a->52a9e243-62aa-48f5-a55c-943024e5d88f: nextIndex: updateUnconditionally 0 -> 0
2019-06-13 05:31:58,778 WARN  server.GrpcLogAppender (LogUtils.java:warn(134)) - f233e835-59f6-449c-9820-380739eed38a: Failed appendEntries to 52a9e243-62aa-48f5-a55c-943024e5d88f:192.168.19.45:36161: org.apache.ratis.thirdparty.io.grpc.StatusRuntimeException: UNAVAILABLE: io exception
2019-06-13 05:31:58,778 INFO  impl.FollowerInfo (FollowerInfo.java:lambda$new$0(50)) - f233e835-59f6-449c-9820-380739eed38a->52a9e243-62aa-48f5-a55c-943024e5d88f: nextIndex: updateUnconditionally 0 -> 0
2019-06-13 05:31:58,778 WARN  server.GrpcLogAppender (LogUtils.java:warn(134)) - f233e835-59f6-449c-9820-380739eed38a: Failed appendEntries to 157645c2-71dd-4cc5-b325-e6dfb0626eb0:192.168.19.45:45287: org.apache.ratis.thirdparty.io.grpc.StatusRuntimeException: UNAVAILABLE: io exception
2019-06-13 05:31:58,778 INFO  impl.FollowerInfo (FollowerInfo.java:lambda$new$0(50)) - f233e835-59f6-449c-9820-380739eed38a->157645c2-71dd-4cc5-b325-e6dfb0626eb0: nextIndex: updateUnconditionally 0 -> 0
2019-06-13 05:31:59,278 WARN  server.GrpcLogAppender (LogUtils.java:warn(134)) - f233e835-59f6-449c-9820-380739eed38a: Failed appendEntries to 52a9e243-62aa-48f5-a55c-943024e5d88f:192.168.19.45:36161: org.apache.ratis.thirdparty.io.grpc.StatusRuntimeException: UNAVAILABLE: io exception
2019-06-13 05:31:59,278 WARN  server.GrpcLogAppender (LogUtils.java:warn(134)) - f233e835-59f6-449c-9820-380739eed38a: Failed appendEntries to 157645c2-71dd-4cc5-b325-e6dfb0626eb0:192.168.19.45:45287: org.apache.ratis.thirdparty.io.grpc.StatusRuntimeException: UNAVAILABLE: io exception
2019-06-13 05:31:59,278 INFO  impl.FollowerInfo (FollowerInfo.java:lambda$new$0(50)) - f233e835-59f6-449c-9820-380739eed38a->52a9e243-62aa-48f5-a55c-943024e5d88f: nextIndex: updateUnconditionally 0 -> 0
2019-06-13 05:31:59,279 INFO  impl.FollowerInfo (FollowerInfo.java:lambda$new$0(50)) - f233e835-59f6-449c-9820-380739eed38a->157645c2-71dd-4cc5-b325-e6dfb0626eb0: nextIndex: updateUnconditionally 0 -> 0
2019-06-13 05:31:59,778 WARN  server.GrpcLogAppender (LogUtils.java:warn(134)) - f233e835-59f6-449c-9820-380739eed38a: Failed appendEntries to 157645c2-71dd-4cc5-b325-e6dfb0626eb0:192.168.19.45:45287: org.apache.ratis.thirdparty.io.grpc.StatusRuntimeException: UNAVAILABLE: io exception
2019-06-13 05:31:59,778 WARN  server.GrpcLogAppender (LogUtils.java:warn(134)) - f233e835-59f6-449c-9820-380739eed38a: Failed appendEntries to 52a9e243-62aa-48f5-a55c-943024e5d88f:192.168.19.45:36161: org.apache.ratis.thirdparty.io.grpc.StatusRuntimeException: UNAVAILABLE: io exception
2019-06-13 05:31:59,779 INFO  impl.FollowerInfo (FollowerInfo.java:lambda$new$0(50)) - f233e835-59f6-449c-9820-380739eed38a->157645c2-71dd-4cc5-b325-e6dfb0626eb0: nextIndex: updateUnconditionally 0 -> 0
2019-06-13 05:31:59,779 INFO  impl.FollowerInfo (FollowerInfo.java:lambda$new$0(50)) - f233e835-59f6-449c-9820-380739eed38a->52a9e243-62aa-48f5-a55c-943024e5d88f: nextIndex: updateUnconditionally 0 -> 0
2019-06-13 05:32:00,279 WARN  server.GrpcLogAppender (LogUtils.java:warn(134)) - f233e835-59f6-449c-9820-380739eed38a: Failed appendEntries to 157645c2-71dd-4cc5-b325-e6dfb0626eb0:192.168.19.45:45287: org.apache.ratis.thirdparty.io.grpc.StatusRuntimeException: UNAVAILABLE: io exception
2019-06-13 05:32:00,279 WARN  server.GrpcLogAppender (LogUtils.java:warn(134)) - f233e835-59f6-449c-9820-380739eed38a: Failed appendEntries to 52a9e243-62aa-48f5-a55c-943024e5d88f:192.168.19.45:36161: org.apache.ratis.thirdparty.io.grpc.StatusRuntimeException: UNAVAILABLE: io exception
2019-06-13 05:32:00,279 INFO  impl.FollowerInfo (FollowerInfo.java:lambda$new$0(50)) - f233e835-59f6-449c-9820-380739eed38a->157645c2-71dd-4cc5-b325-e6dfb0626eb0: nextIndex: updateUnconditionally 0 -> 0
2019-06-13 05:32:00,279 INFO  impl.FollowerInfo (FollowerInfo.java:lambda$new$0(50)) - f233e835-59f6-449c-9820-380739eed38a->52a9e243-62aa-48f5-a55c-943024e5d88f: nextIndex: updateUnconditionally 0 -> 0
2019-06-13 05:32:00,582 INFO  client.GrpcClientProtocolService (GrpcClientProtocolService.java:lambda$processClientRequest$0(264)) - Failed RaftClientRequest:client-2096A0B09E0E->f233e835-59f6-449c-9820-380739eed38a@group-A849B9DD786C, cid=67, seq=0, Watch-ALL_COMMITTED(2), Message:<EMPTY>, reply=RaftClientReply:client-2096A0B09E0E->f233e835-59f6-449c-9820-380739eed38a@group-A849B9DD786C, cid=67, FAILED org.apache.ratis.protocol.NotReplicatedException: Request with call Id 67 and log index 2 is not yet replicated to ALL_COMMITTED, logIndex=2, commits[f233e835-59f6-449c-9820-380739eed38a:c2, 157645c2-71dd-4cc5-b325-e6dfb0626eb0:c1, 52a9e243-62aa-48f5-a55c-943024e5d88f:c1]
2019-06-13 05:32:00,780 WARN  server.GrpcLogAppender (LogUtils.java:warn(134)) - f233e835-59f6-449c-9820-380739eed38a: Failed appendEntries to 52a9e243-62aa-48f5-a55c-943024e5d88f:192.168.19.45:36161: org.apache.ratis.thirdparty.io.grpc.StatusRuntimeException: UNAVAILABLE: io exception
2019-06-13 05:32:00,780 WARN  server.GrpcLogAppender (LogUtils.java:warn(134)) - f233e835-59f6-449c-9820-380739eed38a: Failed appendEntries to 157645c2-71dd-4cc5-b325-e6dfb0626eb0:192.168.19.45:45287: org.apache.ratis.thirdparty.io.grpc.StatusRuntimeException: UNAVAILABLE: io exception
2019-06-13 05:32:00,780 INFO  impl.FollowerInfo (FollowerInfo.java:lambda$new$0(50)) - f233e835-59f6-449c-9820-380739eed38a->52a9e243-62aa-48f5-a55c-943024e5d88f: nextIndex: updateUnconditionally 0 -> 0
2019-06-13 05:32:00,783 INFO  impl.FollowerInfo (FollowerInfo.java:lambda$new$0(50)) - f233e835-59f6-449c-9820-380739eed38a->157645c2-71dd-4cc5-b325-e6dfb0626eb0: nextIndex: updateUnconditionally 0 -> 0
2019-06-13 05:32:01,281 WARN  server.GrpcLogAppender (LogUtils.java:warn(134)) - f233e835-59f6-449c-9820-380739eed38a: Failed appendEntries to 52a9e243-62aa-48f5-a55c-943024e5d88f:192.168.19.45:36161: org.apache.ratis.thirdparty.io.grpc.StatusRuntimeException: UNAVAILABLE: io exception
2019-06-13 05:32:01,281 WARN  server.GrpcLogAppender (LogUtils.java:warn(134)) - f233e835-59f6-449c-9820-380739eed38a: Failed appendEntries to 157645c2-71dd-4cc5-b325-e6dfb0626eb0:192.168.19.45:45287: org.apache.ratis.thirdparty.io.grpc.StatusRuntimeException: UNAVAILABLE: io exception
2019-06-13 05:32:01,281 INFO  impl.FollowerInfo (FollowerInfo.java:lambda$new$0(50)) - f233e835-59f6-449c-9820-380739eed38a->52a9e243-62aa-48f5-a55c-943024e5d88f: nextIndex: updateUnconditionally 0 -> 0
2019-06-13 05:32:01,281 INFO  impl.FollowerInfo (FollowerInfo.java:lambda$new$0(50)) - f233e835-59f6-449c-9820-380739eed38a->157645c2-71dd-4cc5-b325-e6dfb0626eb0: nextIndex: updateUnconditionally 0 -> 0
2019-06-13 05:32:01,582 INFO  client.GrpcClientProtocolService (GrpcClientProtocolService.java:lambda$processClientRequest$0(264)) - Failed RaftClientRequest:client-2096A0B09E0E->f233e835-59f6-449c-9820-380739eed38a@group-A849B9DD786C, cid=68, seq=0, Watch-MAJORITY_COMMITTED(2), Message:<EMPTY>, reply=RaftClientReply:client-2096A0B09E0E->f233e835-59f6-449c-9820-380739eed38a@group-A849B9DD786C, cid=68, FAILED org.apache.ratis.protocol.NotReplicatedException: Request with call Id 68 and log index 2 is not yet replicated to MAJORITY_COMMITTED, logIndex=2, commits[f233e835-59f6-449c-9820-380739eed38a:c2, 157645c2-71dd-4cc5-b325-e6dfb0626eb0:c1, 52a9e243-62aa-48f5-a55c-943024e5d88f:c1]
2019-06-13 05:32:01,781 WARN  server.GrpcLogAppender (LogUtils.java:warn(134)) - f233e835-59f6-449c-9820-380739eed38a: Failed appendEntries to 157645c2-71dd-4cc5-b325-e6dfb0626eb0:192.168.19.45:45287: org.apache.ratis.thirdparty.io.grpc.StatusRuntimeException: UNAVAILABLE: io exception
2019-06-13 05:32:01,781 WARN  server.GrpcLogAppender (LogUtils.java:warn(134)) - f233e835-59f6-449c-9820-380739eed38a: Failed appendEntries to 52a9e243-62aa-48f5-a55c-943024e5d88f:192.168.19.45:36161: org.apache.ratis.thirdparty.io.grpc.StatusRuntimeException: UNAVAILABLE: io exception
2019-06-13 05:32:01,782 INFO  impl.FollowerInfo (FollowerInfo.java:lambda$new$0(50)) - f233e835-59f6-449c-9820-380739eed38a->157645c2-71dd-4cc5-b325-e6dfb0626eb0: nextIndex: updateUnconditionally 0 -> 0
2019-06-13 05:32:01,784 INFO  impl.FollowerInfo (FollowerInfo.java:lambda$new$0(50)) - f233e835-59f6-449c-9820-380739eed38a->52a9e243-62aa-48f5-a55c-943024e5d88f: nextIndex: updateUnconditionally 0 -> 0
2019-06-13 05:32:02,282 WARN  server.GrpcLogAppender (LogUtils.java:warn(134)) - f233e835-59f6-449c-9820-380739eed38a: Failed appendEntries to 157645c2-71dd-4cc5-b325-e6dfb0626eb0:192.168.19.45:45287: org.apache.ratis.thirdparty.io.grpc.StatusRuntimeException: UNAVAILABLE: io exception
2019-06-13 05:32:02,282 INFO  impl.FollowerInfo (FollowerInfo.java:lambda$new$0(50)) - f233e835-59f6-449c-9820-380739eed38a->157645c2-71dd-4cc5-b325-e6dfb0626eb0: nextIndex: updateUnconditionally 0 -> 0
2019-06-13 05:32:02,283 WARN  server.GrpcLogAppender (LogUtils.java:warn(134)) - f233e835-59f6-449c-9820-380739eed38a: Failed appendEntries to 52a9e243-62aa-48f5-a55c-943024e5d88f:192.168.19.45:36161: org.apache.ratis.thirdparty.io.grpc.StatusRuntimeException: UNAVAILABLE: io exception
2019-06-13 05:32:02,283 INFO  impl.FollowerInfo (FollowerInfo.java:lambda$new$0(50)) - f233e835-59f6-449c-9820-380739eed38a->52a9e243-62aa-48f5-a55c-943024e5d88f: nextIndex: updateUnconditionally 0 -> 0
2019-06-13 05:32:02,783 WARN  server.GrpcLogAppender (LogUtils.java:warn(134)) - f233e835-59f6-449c-9820-380739eed38a: Failed appendEntries to 52a9e243-62aa-48f5-a55c-943024e5d88f:192.168.19.45:36161: org.apache.ratis.thirdparty.io.grpc.StatusRuntimeException: UNAVAILABLE: io exception
2019-06-13 05:32:02,783 WARN  server.GrpcLogAppender (LogUtils.java:warn(134)) - f233e835-59f6-449c-9820-380739eed38a: Failed appendEntries to 157645c2-71dd-4cc5-b325-e6dfb0626eb0:192.168.19.45:45287: org.apache.ratis.thirdparty.io.grpc.StatusRuntimeException: UNAVAILABLE: io exception
2019-06-13 05:32:02,783 INFO  impl.FollowerInfo (FollowerInfo.java:lambda$new$0(50)) - f233e835-59f6-449c-9820-380739eed38a->52a9e243-62aa-48f5-a55c-943024e5d88f: nextIndex: updateUnconditionally 0 -> 0
2019-06-13 05:32:02,783 INFO  impl.FollowerInfo (FollowerInfo.java:lambda$new$0(50)) - f233e835-59f6-449c-9820-380739eed38a->157645c2-71dd-4cc5-b325-e6dfb0626eb0: nextIndex: updateUnconditionally 0 -> 0
2019-06-13 05:32:03,283 WARN  server.GrpcLogAppender (LogUtils.java:warn(134)) - f233e835-59f6-449c-9820-380739eed38a: Failed appendEntries to 52a9e243-62aa-48f5-a55c-943024e5d88f:192.168.19.45:36161: org.apache.ratis.thirdparty.io.grpc.StatusRuntimeException: UNAVAILABLE: io exception
2019-06-13 05:32:03,283 WARN  server.GrpcLogAppender (LogUtils.java:warn(134)) - f233e835-59f6-449c-9820-380739eed38a: Failed appendEntries to 157645c2-71dd-4cc5-b325-e6dfb0626eb0:192.168.19.45:45287: org.apache.ratis.thirdparty.io.grpc.StatusRuntimeException: UNAVAILABLE: io exception
2019-06-13 05:32:03,283 INFO  impl.FollowerInfo (FollowerInfo.java:lambda$new$0(50)) - f233e835-59f6-449c-9820-380739eed38a->52a9e243-62aa-48f5-a55c-943024e5d88f: nextIndex: updateUnconditionally 0 -> 0
2019-06-13 05:32:03,283 INFO  impl.FollowerInfo (FollowerInfo.java:lambda$new$0(50)) - f233e835-59f6-449c-9820-380739eed38a->157645c2-71dd-4cc5-b325-e6dfb0626eb0: nextIndex: updateUnconditionally 0 -> 0
2019-06-13 05:32:03,784 WARN  server.GrpcLogAppender (LogUtils.java:warn(134)) - f233e835-59f6-449c-9820-380739eed38a: Failed appendEntries to 157645c2-71dd-4cc5-b325-e6dfb0626eb0:192.168.19.45:45287: org.apache.ratis.thirdparty.io.grpc.StatusRuntimeException: UNAVAILABLE: io exception
2019-06-13 05:32:03,784 WARN  server.GrpcLogAppender (LogUtils.java:warn(134)) - f233e835-59f6-449c-9820-380739eed38a: Failed appendEntries to 52a9e243-62aa-48f5-a55c-943024e5d88f:192.168.19.45:36161: org.apache.ratis.thirdparty.io.grpc.StatusRuntimeException: UNAVAILABLE: io exception
2019-06-13 05:32:03,784 INFO  impl.FollowerInfo (FollowerInfo.java:lambda$new$0(50)) - f233e835-59f6-449c-9820-380739eed38a->157645c2-71dd-4cc5-b325-e6dfb0626eb0: nextIndex: updateUnconditionally 0 -> 0
2019-06-13 05:32:03,784 INFO  impl.FollowerInfo (FollowerInfo.java:lambda$new$0(50)) - f233e835-59f6-449c-9820-380739eed38a->52a9e243-62aa-48f5-a55c-943024e5d88f: nextIndex: updateUnconditionally 0 -> 0
2019-06-13 05:32:04,284 WARN  server.GrpcLogAppender (LogUtils.java:warn(134)) - f233e835-59f6-449c-9820-380739eed38a: Failed appendEntries to 157645c2-71dd-4cc5-b325-e6dfb0626eb0:192.168.19.45:45287: org.apache.ratis.thirdparty.io.grpc.StatusRuntimeException: UNAVAILABLE: io exception
2019-06-13 05:32:04,284 WARN  server.GrpcLogAppender (LogUtils.java:warn(134)) - f233e835-59f6-449c-9820-380739eed38a: Failed appendEntries to 52a9e243-62aa-48f5-a55c-943024e5d88f:192.168.19.45:36161: org.apache.ratis.thirdparty.io.grpc.StatusRuntimeException: UNAVAILABLE: io exception
2019-06-13 05:32:04,285 INFO  impl.FollowerInfo (FollowerInfo.java:lambda$new$0(50)) - f233e835-59f6-449c-9820-380739eed38a->157645c2-71dd-4cc5-b325-e6dfb0626eb0: nextIndex: updateUnconditionally 0 -> 0
2019-06-13 05:32:04,285 INFO  impl.FollowerInfo (FollowerInfo.java:lambda$new$0(50)) - f233e835-59f6-449c-9820-380739eed38a->52a9e243-62aa-48f5-a55c-943024e5d88f: nextIndex: updateUnconditionally 0 -> 0
2019-06-13 05:32:04,785 WARN  server.GrpcLogAppender (LogUtils.java:warn(134)) - f233e835-59f6-449c-9820-380739eed38a: Failed appendEntries to 157645c2-71dd-4cc5-b325-e6dfb0626eb0:192.168.19.45:45287: org.apache.ratis.thirdparty.io.grpc.StatusRuntimeException: UNAVAILABLE: io exception
2019-06-13 05:32:04,785 WARN  server.GrpcLogAppender (LogUtils.java:warn(134)) - f233e835-59f6-449c-9820-380739eed38a: Failed appendEntries to 52a9e243-62aa-48f5-a55c-943024e5d88f:192.168.19.45:36161: org.apache.ratis.thirdparty.io.grpc.StatusRuntimeException: UNAVAILABLE: io exception
2019-06-13 05:32:04,785 INFO  impl.FollowerInfo (FollowerInfo.java:lambda$new$0(50)) - f233e835-59f6-449c-9820-380739eed38a->157645c2-71dd-4cc5-b325-e6dfb0626eb0: nextIndex: updateUnconditionally 0 -> 0
2019-06-13 05:32:04,785 INFO  impl.FollowerInfo (FollowerInfo.java:lambda$new$0(50)) - f233e835-59f6-449c-9820-380739eed38a->52a9e243-62aa-48f5-a55c-943024e5d88f: nextIndex: updateUnconditionally 0 -> 0
2019-06-13 05:32:05,285 WARN  server.GrpcLogAppender (LogUtils.java:warn(134)) - f233e835-59f6-449c-9820-380739eed38a: Failed appendEntries to 52a9e243-62aa-48f5-a55c-943024e5d88f:192.168.19.45:36161: org.apache.ratis.thirdparty.io.grpc.StatusRuntimeException: UNAVAILABLE: io exception
2019-06-13 05:32:05,286 INFO  impl.FollowerInfo (FollowerInfo.java:lambda$new$0(50)) - f233e835-59f6-449c-9820-380739eed38a->52a9e243-62aa-48f5-a55c-943024e5d88f: nextIndex: updateUnconditionally 0 -> 0
2019-06-13 05:32:05,286 WARN  server.GrpcLogAppender (LogUtils.java:warn(134)) - f233e835-59f6-449c-9820-380739eed38a: Failed appendEntries to 157645c2-71dd-4cc5-b325-e6dfb0626eb0:192.168.19.45:45287: org.apache.ratis.thirdparty.io.grpc.StatusRuntimeException: UNAVAILABLE: io exception
2019-06-13 05:32:05,286 INFO  impl.FollowerInfo (FollowerInfo.java:lambda$new$0(50)) - f233e835-59f6-449c-9820-380739eed38a->157645c2-71dd-4cc5-b325-e6dfb0626eb0: nextIndex: updateUnconditionally 0 -> 0
2019-06-13 05:32:05,582 INFO  client.GrpcClientProtocolService (GrpcClientProtocolService.java:lambda$processClientRequest$0(264)) - Failed RaftClientRequest:client-2096A0B09E0E->f233e835-59f6-449c-9820-380739eed38a@group-A849B9DD786C, cid=68, seq=0, Watch-MAJORITY_COMMITTED(2), Message:<EMPTY>, reply=RaftClientReply:client-2096A0B09E0E->f233e835-59f6-449c-9820-380739eed38a@group-A849B9DD786C, cid=68, FAILED org.apache.ratis.protocol.NotReplicatedException: Request with call Id 68 and log index 2 is not yet replicated to MAJORITY_COMMITTED, logIndex=2, commits[f233e835-59f6-449c-9820-380739eed38a:c2, 157645c2-71dd-4cc5-b325-e6dfb0626eb0:c1, 52a9e243-62aa-48f5-a55c-943024e5d88f:c1]
2019-06-13 05:32:05,786 WARN  server.GrpcLogAppender (LogUtils.java:warn(134)) - f233e835-59f6-449c-9820-380739eed38a: Failed appendEntries to 52a9e243-62aa-48f5-a55c-943024e5d88f:192.168.19.45:36161: org.apache.ratis.thirdparty.io.grpc.StatusRuntimeException: UNAVAILABLE: io exception
2019-06-13 05:32:05,786 WARN  server.GrpcLogAppender (LogUtils.java:warn(134)) - f233e835-59f6-449c-9820-380739eed38a: Failed appendEntries to 157645c2-71dd-4cc5-b325-e6dfb0626eb0:192.168.19.45:45287: org.apache.ratis.thirdparty.io.grpc.StatusRuntimeException: UNAVAILABLE: io exception
2019-06-13 05:32:05,788 INFO  impl.FollowerInfo (FollowerInfo.java:lambda$new$0(50)) - f233e835-59f6-449c-9820-380739eed38a->52a9e243-62aa-48f5-a55c-943024e5d88f: nextIndex: updateUnconditionally 0 -> 0
2019-06-13 05:32:05,788 INFO  impl.FollowerInfo (FollowerInfo.java:lambda$new$0(50)) - f233e835-59f6-449c-9820-380739eed38a->157645c2-71dd-4cc5-b325-e6dfb0626eb0: nextIndex: updateUnconditionally 0 -> 0
]]></system-out>
    <system-err><![CDATA[Jun 13, 2019 5:31:15 AM com.sun.jersey.server.impl.application.WebApplicationImpl _initiate
INFO: Initiating Jersey application, version 'Jersey: 1.19 02/11/2015 03:25 AM'
Jun 13, 2019 5:31:15 AM com.sun.jersey.server.impl.application.WebApplicationImpl _initiate
INFO: Initiating Jersey application, version 'Jersey: 1.19 02/11/2015 03:25 AM'
Jun 13, 2019 5:31:15 AM com.sun.jersey.server.impl.application.WebApplicationImpl _initiate
INFO: Initiating Jersey application, version 'Jersey: 1.19 02/11/2015 03:25 AM'
Jun 13, 2019 5:31:15 AM com.sun.jersey.server.impl.application.WebApplicationImpl _initiate
INFO: Initiating Jersey application, version 'Jersey: 1.19 02/11/2015 03:25 AM'
Jun 13, 2019 5:31:16 AM com.sun.jersey.server.impl.application.WebApplicationImpl _initiate
INFO: Initiating Jersey application, version 'Jersey: 1.19 02/11/2015 03:25 AM'
Jun 13, 2019 5:31:16 AM com.sun.jersey.server.impl.application.WebApplicationImpl _initiate
INFO: Initiating Jersey application, version 'Jersey: 1.19 02/11/2015 03:25 AM'
Jun 13, 2019 5:31:16 AM com.sun.jersey.server.impl.application.WebApplicationImpl _initiate
INFO: Initiating Jersey application, version 'Jersey: 1.19 02/11/2015 03:25 AM'
]]></system-err>
  </testcase>
  <testcase name="testWatchForCommitForGroupMismatchException" classname="org.apache.hadoop.ozone.client.rpc.TestWatchForCommit" time="7.005"/>
  <testcase name="test2WayCommitForTimeoutException" classname="org.apache.hadoop.ozone.client.rpc.TestWatchForCommit" time="13.249"/>
  <testcase name="test2WayCommitForRetryfailure" classname="org.apache.hadoop.ozone.client.rpc.TestWatchForCommit" time="28.938"/>
</testsuite>