<?xml version="1.0" encoding="UTF-8"?>
<testsuite xmlns:xsi="http://www.w3.org/2001/XMLSchema-instance" xsi:noNamespaceSchemaLocation="https://maven.apache.org/surefire/maven-surefire-plugin/xsd/surefire-test-report.xsd" name="org.apache.hadoop.ozone.freon.TestFreonWithPipelineDestroy" time="25.831" tests="1" errors="1" skipped="0" failures="0">
  <properties>
    <property name="awt.toolkit" value="sun.awt.X11.XToolkit"/>
    <property name="file.encoding.pkg" value="sun.io"/>
    <property name="java.specification.version" value="1.8"/>
    <property name="sun.cpu.isalist" value=""/>
    <property name="sun.jnu.encoding" value="UTF-8"/>
    <property name="java.class.path" value="/opt/src/hadoop-ozone/tools/target/test-classes:/opt/src/hadoop-ozone/tools/target/classes:/opt/src/hadoop-ozone/ozone-manager/target/classes:/opt/src/hadoop-hdds/docs/target/classes:/home/user/.m2/repository/org/bouncycastle/bcprov-jdk15on/1.60/bcprov-jdk15on-1.60.jar:/opt/src/hadoop-ozone/common/target/classes:/home/user/.m2/repository/org/apache/commons/commons-compress/1.4.1/commons-compress-1.4.1.jar:/home/user/.m2/repository/org/tukaani/xz/1.0/xz-1.0.jar:/home/user/.m2/repository/org/apache/hadoop/hadoop-hdfs-client/3.2.0/hadoop-hdfs-client-3.2.0.jar:/home/user/.m2/repository/com/fasterxml/jackson/core/jackson-annotations/2.9.5/jackson-annotations-2.9.5.jar:/opt/src/hadoop-hdds/common/target/classes:/opt/src/hadoop-hdds/config/target/classes:/home/user/.m2/repository/javax/annotation/javax.annotation-api/1.2/javax.annotation-api-1.2.jar:/home/user/.m2/repository/org/apache/ratis/ratis-server/0.4.0-fe2b15d-SNAPSHOT/ratis-server-0.4.0-fe2b15d-SNAPSHOT.jar:/home/user/.m2/repository/org/apache/ratis/ratis-thirdparty-misc/0.2.0/ratis-thirdparty-misc-0.2.0.jar:/home/user/.m2/repository/org/apache/ratis/ratis-proto/0.4.0-fe2b15d-SNAPSHOT/ratis-proto-0.4.0-fe2b15d-SNAPSHOT.jar:/home/user/.m2/repository/org/apache/ratis/ratis-common/0.4.0-fe2b15d-SNAPSHOT/ratis-common-0.4.0-fe2b15d-SNAPSHOT.jar:/home/user/.m2/repository/org/apache/ratis/ratis-client/0.4.0-fe2b15d-SNAPSHOT/ratis-client-0.4.0-fe2b15d-SNAPSHOT.jar:/home/user/.m2/repository/org/apache/ratis/ratis-netty/0.4.0-fe2b15d-SNAPSHOT/ratis-netty-0.4.0-fe2b15d-SNAPSHOT.jar:/home/user/.m2/repository/org/apache/ratis/ratis-grpc/0.4.0-fe2b15d-SNAPSHOT/ratis-grpc-0.4.0-fe2b15d-SNAPSHOT.jar:/home/user/.m2/repository/org/rocksdb/rocksdbjni/5.14.2/rocksdbjni-5.14.2.jar:/home/user/.m2/repository/org/apache/logging/log4j/log4j-api/2.11.0/log4j-api-2.11.0.jar:/home/user/.m2/repository/org/apache/logging/log4j/log4j-core/2.11.0/log4j-core-2.11.0.jar:/home/user/.m2/repository/com/lmax/disruptor/3.4.2/disruptor-3.4.2.jar:/home/user/.m2/repository/org/apache/commons/commons-pool2/2.6.0/commons-pool2-2.6.0.jar:/home/user/.m2/repository/org/bouncycastle/bcpkix-jdk15on/1.60/bcpkix-jdk15on-1.60.jar:/home/user/.m2/repository/commons-validator/commons-validator/1.6/commons-validator-1.6.jar:/home/user/.m2/repository/commons-digester/commons-digester/1.8.1/commons-digester-1.8.1.jar:/home/user/.m2/repository/io/jaegertracing/jaeger-client/0.33.1/jaeger-client-0.33.1.jar:/home/user/.m2/repository/io/jaegertracing/jaeger-thrift/0.33.1/jaeger-thrift-0.33.1.jar:/home/user/.m2/repository/org/apache/thrift/libthrift/0.11.0/libthrift-0.11.0.jar:/home/user/.m2/repository/com/squareup/okhttp3/okhttp/3.9.0/okhttp-3.9.0.jar:/home/user/.m2/repository/com/squareup/okio/okio/1.13.0/okio-1.13.0.jar:/home/user/.m2/repository/io/jaegertracing/jaeger-core/0.33.1/jaeger-core-0.33.1.jar:/home/user/.m2/repository/io/jaegertracing/jaeger-tracerresolver/0.33.1/jaeger-tracerresolver-0.33.1.jar:/home/user/.m2/repository/io/opentracing/contrib/opentracing-tracerresolver/0.1.5/opentracing-tracerresolver-0.1.5.jar:/home/user/.m2/repository/io/opentracing/opentracing-util/0.31.0/opentracing-util-0.31.0.jar:/home/user/.m2/repository/io/opentracing/opentracing-api/0.31.0/opentracing-api-0.31.0.jar:/home/user/.m2/repository/io/opentracing/opentracing-noop/0.31.0/opentracing-noop-0.31.0.jar:/home/user/.m2/repository/org/yaml/snakeyaml/1.16/snakeyaml-1.16.jar:/opt/src/hadoop-hdds/server-scm/target/classes:/home/user/.m2/repository/org/hamcrest/hamcrest-all/1.3/hamcrest-all-1.3.jar:/opt/src/hadoop-hdds/container-service/target/classes:/opt/src/hadoop-hdds/client/target/classes:/opt/src/hadoop-hdds/tools/target/classes:/home/user/.m2/repository/org/xerial/sqlite-jdbc/3.25.2/sqlite-jdbc-3.25.2.jar:/opt/src/hadoop-ozone/client/target/classes:/home/user/.m2/repository/org/apache/hadoop/hadoop-ozone-filesystem/0.5.0-SNAPSHOT/hadoop-ozone-filesystem-0.5.0-SNAPSHOT.jar:/opt/src/hadoop-hdds/framework/target/classes:/home/user/.m2/repository/info/picocli/picocli/3.9.6/picocli-3.9.6.jar:/home/user/.m2/repository/com/google/protobuf/protobuf-java/2.5.0/protobuf-java-2.5.0.jar:/home/user/.m2/repository/com/google/guava/guava/11.0.2/guava-11.0.2.jar:/home/user/.m2/repository/org/apache/hadoop/hadoop-common/3.2.0/hadoop-common-3.2.0.jar:/home/user/.m2/repository/org/apache/hadoop/hadoop-annotations/3.2.0/hadoop-annotations-3.2.0.jar:/usr/lib/jvm/java-1.8-openjdk/jre/../lib/tools.jar:/home/user/.m2/repository/commons-cli/commons-cli/1.2/commons-cli-1.2.jar:/home/user/.m2/repository/org/apache/commons/commons-math3/3.1.1/commons-math3-3.1.1.jar:/home/user/.m2/repository/org/apache/httpcomponents/httpclient/4.5.2/httpclient-4.5.2.jar:/home/user/.m2/repository/org/apache/httpcomponents/httpcore/4.4.4/httpcore-4.4.4.jar:/home/user/.m2/repository/commons-codec/commons-codec/1.11/commons-codec-1.11.jar:/home/user/.m2/repository/commons-io/commons-io/2.5/commons-io-2.5.jar:/home/user/.m2/repository/commons-net/commons-net/3.6/commons-net-3.6.jar:/home/user/.m2/repository/commons-collections/commons-collections/3.2.2/commons-collections-3.2.2.jar:/home/user/.m2/repository/javax/servlet/javax.servlet-api/3.1.0/javax.servlet-api-3.1.0.jar:/home/user/.m2/repository/org/eclipse/jetty/jetty-server/9.3.24.v20180605/jetty-server-9.3.24.v20180605.jar:/home/user/.m2/repository/org/eclipse/jetty/jetty-http/9.3.24.v20180605/jetty-http-9.3.24.v20180605.jar:/home/user/.m2/repository/org/eclipse/jetty/jetty-io/9.3.24.v20180605/jetty-io-9.3.24.v20180605.jar:/home/user/.m2/repository/org/eclipse/jetty/jetty-util/9.3.24.v20180605/jetty-util-9.3.24.v20180605.jar:/home/user/.m2/repository/org/eclipse/jetty/jetty-servlet/9.3.24.v20180605/jetty-servlet-9.3.24.v20180605.jar:/home/user/.m2/repository/org/eclipse/jetty/jetty-security/9.3.24.v20180605/jetty-security-9.3.24.v20180605.jar:/home/user/.m2/repository/org/eclipse/jetty/jetty-webapp/9.3.24.v20180605/jetty-webapp-9.3.24.v20180605.jar:/home/user/.m2/repository/org/eclipse/jetty/jetty-xml/9.3.24.v20180605/jetty-xml-9.3.24.v20180605.jar:/home/user/.m2/repository/javax/servlet/jsp/jsp-api/2.1/jsp-api-2.1.jar:/home/user/.m2/repository/com/sun/jersey/jersey-core/1.19/jersey-core-1.19.jar:/home/user/.m2/repository/javax/ws/rs/jsr311-api/1.1.1/jsr311-api-1.1.1.jar:/home/user/.m2/repository/com/sun/jersey/jersey-servlet/1.19/jersey-servlet-1.19.jar:/home/user/.m2/repository/com/sun/jersey/jersey-json/1.19/jersey-json-1.19.jar:/home/user/.m2/repository/org/codehaus/jettison/jettison/1.1/jettison-1.1.jar:/home/user/.m2/repository/com/sun/xml/bind/jaxb-impl/2.3.0.1/jaxb-impl-2.3.0.1.jar:/home/user/.m2/repository/org/codehaus/jackson/jackson-core-asl/1.9.13/jackson-core-asl-1.9.13.jar:/home/user/.m2/repository/org/codehaus/jackson/jackson-mapper-asl/1.9.13/jackson-mapper-asl-1.9.13.jar:/home/user/.m2/repository/org/codehaus/jackson/jackson-jaxrs/1.9.13/jackson-jaxrs-1.9.13.jar:/home/user/.m2/repository/org/codehaus/jackson/jackson-xc/1.9.13/jackson-xc-1.9.13.jar:/home/user/.m2/repository/com/sun/jersey/jersey-server/1.19/jersey-server-1.19.jar:/home/user/.m2/repository/commons-logging/commons-logging/1.1.3/commons-logging-1.1.3.jar:/home/user/.m2/repository/log4j/log4j/1.2.17/log4j-1.2.17.jar:/home/user/.m2/repository/commons-beanutils/commons-beanutils/1.9.3/commons-beanutils-1.9.3.jar:/home/user/.m2/repository/org/apache/commons/commons-configuration2/2.1.1/commons-configuration2-2.1.1.jar:/home/user/.m2/repository/org/apache/commons/commons-lang3/3.7/commons-lang3-3.7.jar:/home/user/.m2/repository/org/apache/commons/commons-text/1.4/commons-text-1.4.jar:/home/user/.m2/repository/org/slf4j/slf4j-api/1.7.25/slf4j-api-1.7.25.jar:/home/user/.m2/repository/org/slf4j/slf4j-log4j12/1.7.25/slf4j-log4j12-1.7.25.jar:/home/user/.m2/repository/org/apache/avro/avro/1.7.7/avro-1.7.7.jar:/home/user/.m2/repository/com/thoughtworks/paranamer/paranamer/2.3/paranamer-2.3.jar:/home/user/.m2/repository/org/xerial/snappy/snappy-java/1.0.5/snappy-java-1.0.5.jar:/home/user/.m2/repository/com/google/re2j/re2j/1.1/re2j-1.1.jar:/home/user/.m2/repository/com/google/code/gson/gson/2.2.4/gson-2.2.4.jar:/home/user/.m2/repository/org/apache/hadoop/hadoop-auth/3.2.0/hadoop-auth-3.2.0.jar:/home/user/.m2/repository/com/nimbusds/nimbus-jose-jwt/4.41.1/nimbus-jose-jwt-4.41.1.jar:/home/user/.m2/repository/com/github/stephenc/jcip/jcip-annotations/1.0-1/jcip-annotations-1.0-1.jar:/home/user/.m2/repository/net/minidev/json-smart/2.3/json-smart-2.3.jar:/home/user/.m2/repository/net/minidev/accessors-smart/1.2/accessors-smart-1.2.jar:/home/user/.m2/repository/org/apache/curator/curator-framework/2.12.0/curator-framework-2.12.0.jar:/home/user/.m2/repository/com/jcraft/jsch/0.1.54/jsch-0.1.54.jar:/home/user/.m2/repository/org/apache/curator/curator-client/2.12.0/curator-client-2.12.0.jar:/home/user/.m2/repository/org/apache/curator/curator-recipes/2.12.0/curator-recipes-2.12.0.jar:/home/user/.m2/repository/com/google/code/findbugs/jsr305/3.0.0/jsr305-3.0.0.jar:/home/user/.m2/repository/org/apache/htrace/htrace-core4/4.1.0-incubating/htrace-core4-4.1.0-incubating.jar:/home/user/.m2/repository/org/apache/zookeeper/zookeeper/3.4.13/zookeeper-3.4.13.jar:/home/user/.m2/repository/org/apache/yetus/audience-annotations/0.5.0/audience-annotations-0.5.0.jar:/home/user/.m2/repository/org/apache/kerby/kerb-simplekdc/1.0.1/kerb-simplekdc-1.0.1.jar:/home/user/.m2/repository/org/apache/kerby/kerb-client/1.0.1/kerb-client-1.0.1.jar:/home/user/.m2/repository/org/apache/kerby/kerby-config/1.0.1/kerby-config-1.0.1.jar:/home/user/.m2/repository/org/apache/kerby/kerb-core/1.0.1/kerb-core-1.0.1.jar:/home/user/.m2/repository/org/apache/kerby/kerby-pkix/1.0.1/kerby-pkix-1.0.1.jar:/home/user/.m2/repository/org/apache/kerby/kerby-asn1/1.0.1/kerby-asn1-1.0.1.jar:/home/user/.m2/repository/org/apache/kerby/kerby-util/1.0.1/kerby-util-1.0.1.jar:/home/user/.m2/repository/org/apache/kerby/kerb-common/1.0.1/kerb-common-1.0.1.jar:/home/user/.m2/repository/org/apache/kerby/kerb-crypto/1.0.1/kerb-crypto-1.0.1.jar:/home/user/.m2/repository/org/apache/kerby/kerb-util/1.0.1/kerb-util-1.0.1.jar:/home/user/.m2/repository/org/apache/kerby/token-provider/1.0.1/token-provider-1.0.1.jar:/home/user/.m2/repository/org/apache/kerby/kerb-admin/1.0.1/kerb-admin-1.0.1.jar:/home/user/.m2/repository/org/apache/kerby/kerb-server/1.0.1/kerb-server-1.0.1.jar:/home/user/.m2/repository/org/apache/kerby/kerb-identity/1.0.1/kerb-identity-1.0.1.jar:/home/user/.m2/repository/org/apache/kerby/kerby-xdr/1.0.1/kerby-xdr-1.0.1.jar:/home/user/.m2/repository/com/fasterxml/jackson/core/jackson-databind/2.9.5/jackson-databind-2.9.5.jar:/home/user/.m2/repository/com/fasterxml/jackson/core/jackson-core/2.9.5/jackson-core-2.9.5.jar:/home/user/.m2/repository/org/codehaus/woodstox/stax2-api/3.1.4/stax2-api-3.1.4.jar:/home/user/.m2/repository/com/fasterxml/woodstox/woodstox-core/5.0.3/woodstox-core-5.0.3.jar:/home/user/.m2/repository/dnsjava/dnsjava/2.1.7/dnsjava-2.1.7.jar:/home/user/.m2/repository/org/apache/hadoop/hadoop-hdfs/3.2.0/hadoop-hdfs-3.2.0.jar:/home/user/.m2/repository/org/eclipse/jetty/jetty-util-ajax/9.3.24.v20180605/jetty-util-ajax-9.3.24.v20180605.jar:/home/user/.m2/repository/commons-daemon/commons-daemon/1.0.13/commons-daemon-1.0.13.jar:/home/user/.m2/repository/io/netty/netty/3.10.5.Final/netty-3.10.5.Final.jar:/home/user/.m2/repository/io/netty/netty-all/4.0.52.Final/netty-all-4.0.52.Final.jar:/home/user/.m2/repository/org/fusesource/leveldbjni/leveldbjni-all/1.8/leveldbjni-all-1.8.jar:/home/user/.m2/repository/com/sun/xml/bind/jaxb-core/2.3.0.1/jaxb-core-2.3.0.1.jar:/home/user/.m2/repository/javax/xml/bind/jaxb-api/2.3.0/jaxb-api-2.3.0.jar:/home/user/.m2/repository/javax/activation/activation/1.1.1/activation-1.1.1.jar:/home/user/.m2/repository/io/dropwizard/metrics/metrics-core/3.2.4/metrics-core-3.2.4.jar:/home/user/.m2/repository/org/openjdk/jmh/jmh-core/1.19/jmh-core-1.19.jar:/home/user/.m2/repository/net/sf/jopt-simple/jopt-simple/4.6/jopt-simple-4.6.jar:/home/user/.m2/repository/org/openjdk/jmh/jmh-generator-annprocess/1.19/jmh-generator-annprocess-1.19.jar:/home/user/.m2/repository/com/google/code/findbugs/findbugs/3.0.1/findbugs-3.0.1.jar:/home/user/.m2/repository/net/jcip/jcip-annotations/1.0/jcip-annotations-1.0.jar:/home/user/.m2/repository/com/google/code/findbugs/bcel-findbugs/6.0/bcel-findbugs-6.0.jar:/home/user/.m2/repository/com/google/code/findbugs/jFormatString/2.0.1/jFormatString-2.0.1.jar:/home/user/.m2/repository/dom4j/dom4j/1.6.1/dom4j-1.6.1.jar:/home/user/.m2/repository/xml-apis/xml-apis/1.0.b2/xml-apis-1.0.b2.jar:/home/user/.m2/repository/org/ow2/asm/asm-debug-all/5.0.2/asm-debug-all-5.0.2.jar:/home/user/.m2/repository/org/ow2/asm/asm-commons/5.0.2/asm-commons-5.0.2.jar:/home/user/.m2/repository/org/ow2/asm/asm-tree/5.0.2/asm-tree-5.0.2.jar:/home/user/.m2/repository/org/ow2/asm/asm/5.0.4/asm-5.0.4.jar:/home/user/.m2/repository/commons-lang/commons-lang/2.6/commons-lang-2.6.jar:/home/user/.m2/repository/com/apple/AppleJavaExtensions/1.4/AppleJavaExtensions-1.4.jar:/home/user/.m2/repository/jaxen/jaxen/1.1.6/jaxen-1.1.6.jar:/home/user/.m2/repository/junit/junit/4.11/junit-4.11.jar:/home/user/.m2/repository/org/hamcrest/hamcrest-core/1.3/hamcrest-core-1.3.jar:/home/user/.m2/repository/org/apache/hadoop/hadoop-common/3.2.0/hadoop-common-3.2.0-tests.jar:/home/user/.m2/repository/org/apache/hadoop/hadoop-ozone-integration-test/0.5.0-SNAPSHOT/hadoop-ozone-integration-test-0.5.0-SNAPSHOT-tests.jar:/opt/src/hadoop-ozone/objectstore-service/target/classes:/opt/src/hadoop-ozone/s3gateway/target/classes:/home/user/.m2/repository/org/jboss/weld/servlet/weld-servlet/2.4.7.Final/weld-servlet-2.4.7.Final.jar:/home/user/.m2/repository/org/glassfish/jersey/containers/jersey-container-servlet-core/2.27/jersey-container-servlet-core-2.27.jar:/home/user/.m2/repository/org/glassfish/hk2/external/javax.inject/2.5.0-b42/javax.inject-2.5.0-b42.jar:/home/user/.m2/repository/org/glassfish/jersey/core/jersey-common/2.27/jersey-common-2.27.jar:/home/user/.m2/repository/org/glassfish/hk2/osgi-resource-locator/1.0.1/osgi-resource-locator-1.0.1.jar:/home/user/.m2/repository/javax/ws/rs/javax.ws.rs-api/2.1/javax.ws.rs-api-2.1.jar:/home/user/.m2/repository/org/glassfish/jersey/ext/cdi/jersey-cdi1x/2.27/jersey-cdi1x-2.27.jar:/home/user/.m2/repository/org/glassfish/jersey/inject/jersey-hk2/2.27/jersey-hk2-2.27.jar:/home/user/.m2/repository/org/glassfish/hk2/hk2-locator/2.5.0-b42/hk2-locator-2.5.0-b42.jar:/home/user/.m2/repository/org/javassist/javassist/3.22.0-CR2/javassist-3.22.0-CR2.jar:/home/user/.m2/repository/org/glassfish/hk2/hk2-api/2.5.0/hk2-api-2.5.0.jar:/home/user/.m2/repository/org/glassfish/hk2/external/jakarta.inject/2.5.0/jakarta.inject-2.5.0.jar:/home/user/.m2/repository/org/glassfish/hk2/hk2-utils/2.5.0/hk2-utils-2.5.0.jar:/home/user/.m2/repository/jakarta/annotation/jakarta.annotation-api/1.3.4/jakarta.annotation-api-1.3.4.jar:/home/user/.m2/repository/org/glassfish/hk2/external/aopalliance-repackaged/2.5.0/aopalliance-repackaged-2.5.0.jar:/home/user/.m2/repository/com/fasterxml/jackson/dataformat/jackson-dataformat-xml/2.9.0/jackson-dataformat-xml-2.9.0.jar:/home/user/.m2/repository/com/fasterxml/jackson/module/jackson-module-jaxb-annotations/2.9.5/jackson-module-jaxb-annotations-2.9.5.jar:/home/user/.m2/repository/javax/enterprise/cdi-api/1.2/cdi-api-1.2.jar:/home/user/.m2/repository/javax/el/javax.el-api/3.0.0/javax.el-api-3.0.0.jar:/home/user/.m2/repository/javax/interceptor/javax.interceptor-api/1.2/javax.interceptor-api-1.2.jar:/home/user/.m2/repository/javax/inject/javax.inject/1/javax.inject-1.jar:/opt/src/hadoop-ozone/csi/target/classes:/home/user/.m2/repository/com/google/protobuf/protobuf-java-util/3.5.1/protobuf-java-util-3.5.1.jar:/home/user/.m2/repository/io/grpc/grpc-netty/1.17.1/grpc-netty-1.17.1.jar:/home/user/.m2/repository/io/grpc/grpc-core/1.17.1/grpc-core-1.17.1.jar:/home/user/.m2/repository/io/grpc/grpc-context/1.17.1/grpc-context-1.17.1.jar:/home/user/.m2/repository/com/google/errorprone/error_prone_annotations/2.2.0/error_prone_annotations-2.2.0.jar:/home/user/.m2/repository/org/codehaus/mojo/animal-sniffer-annotations/1.17/animal-sniffer-annotations-1.17.jar:/home/user/.m2/repository/io/opencensus/opencensus-api/0.17.0/opencensus-api-0.17.0.jar:/home/user/.m2/repository/io/opencensus/opencensus-contrib-grpc-metrics/0.17.0/opencensus-contrib-grpc-metrics-0.17.0.jar:/home/user/.m2/repository/io/netty/netty-codec-http2/4.1.30.Final/netty-codec-http2-4.1.30.Final.jar:/home/user/.m2/repository/io/netty/netty-codec-http/4.1.30.Final/netty-codec-http-4.1.30.Final.jar:/home/user/.m2/repository/io/netty/netty-codec/4.1.30.Final/netty-codec-4.1.30.Final.jar:/home/user/.m2/repository/io/netty/netty-handler/4.1.30.Final/netty-handler-4.1.30.Final.jar:/home/user/.m2/repository/io/netty/netty-handler-proxy/4.1.30.Final/netty-handler-proxy-4.1.30.Final.jar:/home/user/.m2/repository/io/netty/netty-codec-socks/4.1.30.Final/netty-codec-socks-4.1.30.Final.jar:/home/user/.m2/repository/io/netty/netty-transport-native-epoll/4.1.30.Final/netty-transport-native-epoll-4.1.30.Final.jar:/home/user/.m2/repository/io/netty/netty-common/4.1.30.Final/netty-common-4.1.30.Final.jar:/home/user/.m2/repository/io/netty/netty-buffer/4.1.30.Final/netty-buffer-4.1.30.Final.jar:/home/user/.m2/repository/io/netty/netty-transport/4.1.30.Final/netty-transport-4.1.30.Final.jar:/home/user/.m2/repository/io/netty/netty-resolver/4.1.30.Final/netty-resolver-4.1.30.Final.jar:/home/user/.m2/repository/io/netty/netty-transport-native-unix-common/4.1.30.Final/netty-transport-native-unix-common-4.1.30.Final.jar:/home/user/.m2/repository/io/grpc/grpc-protobuf/1.17.1/grpc-protobuf-1.17.1.jar:/home/user/.m2/repository/com/google/api/grpc/proto-google-common-protos/1.0.0/proto-google-common-protos-1.0.0.jar:/home/user/.m2/repository/io/grpc/grpc-protobuf-lite/1.17.1/grpc-protobuf-lite-1.17.1.jar:/home/user/.m2/repository/io/grpc/grpc-stub/1.17.1/grpc-stub-1.17.1.jar:/opt/src/hadoop-ozone/ozone-recon/target/classes:/opt/src/hadoop-ozone/ozone-recon-codegen/target/classes:/home/user/.m2/repository/com/google/inject/extensions/guice-multibindings/4.0/guice-multibindings-4.0.jar:/home/user/.m2/repository/com/google/inject/guice/4.0/guice-4.0.jar:/home/user/.m2/repository/aopalliance/aopalliance/1.0/aopalliance-1.0.jar:/home/user/.m2/repository/com/google/inject/extensions/guice-servlet/4.0/guice-servlet-4.0.jar:/home/user/.m2/repository/org/glassfish/jersey/containers/jersey-container-servlet/2.27/jersey-container-servlet-2.27.jar:/home/user/.m2/repository/org/glassfish/hk2/guice-bridge/2.5.0/guice-bridge-2.5.0.jar:/home/user/.m2/repository/org/glassfish/jersey/core/jersey-server/2.27/jersey-server-2.27.jar:/home/user/.m2/repository/org/glassfish/jersey/core/jersey-client/2.27/jersey-client-2.27.jar:/home/user/.m2/repository/org/glassfish/jersey/media/jersey-media-jaxb/2.27/jersey-media-jaxb-2.27.jar:/home/user/.m2/repository/javax/validation/validation-api/1.1.0.Final/validation-api-1.1.0.Final.jar:/home/user/.m2/repository/org/glassfish/jersey/media/jersey-media-json-jackson/2.27/jersey-media-json-jackson-2.27.jar:/home/user/.m2/repository/org/glassfish/jersey/ext/jersey-entity-filtering/2.27/jersey-entity-filtering-2.27.jar:/home/user/.m2/repository/com/google/inject/extensions/guice-assistedinject/4.0/guice-assistedinject-4.0.jar:/home/user/.m2/repository/org/jooq/jooq/3.11.10/jooq-3.11.10.jar:/home/user/.m2/repository/org/jooq/jooq-meta/3.11.10/jooq-meta-3.11.10.jar:/home/user/.m2/repository/org/jooq/jooq-codegen/3.11.10/jooq-codegen-3.11.10.jar:/home/user/.m2/repository/com/jolbox/bonecp/0.8.0.RELEASE/bonecp-0.8.0.RELEASE.jar:/home/user/.m2/repository/org/springframework/spring-jdbc/5.1.3.RELEASE/spring-jdbc-5.1.3.RELEASE.jar:/home/user/.m2/repository/org/springframework/spring-beans/5.1.3.RELEASE/spring-beans-5.1.3.RELEASE.jar:/home/user/.m2/repository/org/springframework/spring-core/5.1.3.RELEASE/spring-core-5.1.3.RELEASE.jar:/home/user/.m2/repository/org/springframework/spring-jcl/5.1.3.RELEASE/spring-jcl-5.1.3.RELEASE.jar:/home/user/.m2/repository/org/springframework/spring-tx/5.1.3.RELEASE/spring-tx-5.1.3.RELEASE.jar:/home/user/.m2/repository/org/mockito/mockito-core/2.15.0/mockito-core-2.15.0.jar:/home/user/.m2/repository/net/bytebuddy/byte-buddy/1.7.9/byte-buddy-1.7.9.jar:/home/user/.m2/repository/net/bytebuddy/byte-buddy-agent/1.7.9/byte-buddy-agent-1.7.9.jar:/home/user/.m2/repository/org/objenesis/objenesis/1.0/objenesis-1.0.jar:"/>
    <property name="java.vm.vendor" value="IcedTea"/>
    <property name="sun.arch.data.model" value="64"/>
    <property name="test.build.dir" value="/opt/src/hadoop-ozone/tools/target/test-dir"/>
    <property name="test.cache.data" value=""/>
    <property name="java.vendor.url" value="https://icedtea.classpath.org"/>
    <property name="user.timezone" value=""/>
    <property name="java.vm.specification.version" value="1.8"/>
    <property name="os.name" value="Linux"/>
    <property name="test.build.data" value="/opt/src/hadoop-ozone/tools/target/test-dir"/>
    <property name="user.country" value="US"/>
    <property name="sun.java.launcher" value="SUN_STANDARD"/>
    <property name="sun.boot.library.path" value="/usr/lib/jvm/java-1.8-openjdk/jre/lib/amd64"/>
    <property name="sun.java.command" value="/opt/src/hadoop-ozone/tools/target/surefire/surefirebooter4036970494431379866.jar /opt/src/hadoop-ozone/tools/target/surefire 2019-06-18T14-51-03_349-jvmRun1 surefire8823266156939236308tmp surefire_896488785329336837970tmp"/>
    <property name="surefire.test.class.path" value="/opt/src/hadoop-ozone/tools/target/test-classes:/opt/src/hadoop-ozone/tools/target/classes:/opt/src/hadoop-ozone/ozone-manager/target/classes:/opt/src/hadoop-hdds/docs/target/classes:/home/user/.m2/repository/org/bouncycastle/bcprov-jdk15on/1.60/bcprov-jdk15on-1.60.jar:/opt/src/hadoop-ozone/common/target/classes:/home/user/.m2/repository/org/apache/commons/commons-compress/1.4.1/commons-compress-1.4.1.jar:/home/user/.m2/repository/org/tukaani/xz/1.0/xz-1.0.jar:/home/user/.m2/repository/org/apache/hadoop/hadoop-hdfs-client/3.2.0/hadoop-hdfs-client-3.2.0.jar:/home/user/.m2/repository/com/fasterxml/jackson/core/jackson-annotations/2.9.5/jackson-annotations-2.9.5.jar:/opt/src/hadoop-hdds/common/target/classes:/opt/src/hadoop-hdds/config/target/classes:/home/user/.m2/repository/javax/annotation/javax.annotation-api/1.2/javax.annotation-api-1.2.jar:/home/user/.m2/repository/org/apache/ratis/ratis-server/0.4.0-fe2b15d-SNAPSHOT/ratis-server-0.4.0-fe2b15d-SNAPSHOT.jar:/home/user/.m2/repository/org/apache/ratis/ratis-thirdparty-misc/0.2.0/ratis-thirdparty-misc-0.2.0.jar:/home/user/.m2/repository/org/apache/ratis/ratis-proto/0.4.0-fe2b15d-SNAPSHOT/ratis-proto-0.4.0-fe2b15d-SNAPSHOT.jar:/home/user/.m2/repository/org/apache/ratis/ratis-common/0.4.0-fe2b15d-SNAPSHOT/ratis-common-0.4.0-fe2b15d-SNAPSHOT.jar:/home/user/.m2/repository/org/apache/ratis/ratis-client/0.4.0-fe2b15d-SNAPSHOT/ratis-client-0.4.0-fe2b15d-SNAPSHOT.jar:/home/user/.m2/repository/org/apache/ratis/ratis-netty/0.4.0-fe2b15d-SNAPSHOT/ratis-netty-0.4.0-fe2b15d-SNAPSHOT.jar:/home/user/.m2/repository/org/apache/ratis/ratis-grpc/0.4.0-fe2b15d-SNAPSHOT/ratis-grpc-0.4.0-fe2b15d-SNAPSHOT.jar:/home/user/.m2/repository/org/rocksdb/rocksdbjni/5.14.2/rocksdbjni-5.14.2.jar:/home/user/.m2/repository/org/apache/logging/log4j/log4j-api/2.11.0/log4j-api-2.11.0.jar:/home/user/.m2/repository/org/apache/logging/log4j/log4j-core/2.11.0/log4j-core-2.11.0.jar:/home/user/.m2/repository/com/lmax/disruptor/3.4.2/disruptor-3.4.2.jar:/home/user/.m2/repository/org/apache/commons/commons-pool2/2.6.0/commons-pool2-2.6.0.jar:/home/user/.m2/repository/org/bouncycastle/bcpkix-jdk15on/1.60/bcpkix-jdk15on-1.60.jar:/home/user/.m2/repository/commons-validator/commons-validator/1.6/commons-validator-1.6.jar:/home/user/.m2/repository/commons-digester/commons-digester/1.8.1/commons-digester-1.8.1.jar:/home/user/.m2/repository/io/jaegertracing/jaeger-client/0.33.1/jaeger-client-0.33.1.jar:/home/user/.m2/repository/io/jaegertracing/jaeger-thrift/0.33.1/jaeger-thrift-0.33.1.jar:/home/user/.m2/repository/org/apache/thrift/libthrift/0.11.0/libthrift-0.11.0.jar:/home/user/.m2/repository/com/squareup/okhttp3/okhttp/3.9.0/okhttp-3.9.0.jar:/home/user/.m2/repository/com/squareup/okio/okio/1.13.0/okio-1.13.0.jar:/home/user/.m2/repository/io/jaegertracing/jaeger-core/0.33.1/jaeger-core-0.33.1.jar:/home/user/.m2/repository/io/jaegertracing/jaeger-tracerresolver/0.33.1/jaeger-tracerresolver-0.33.1.jar:/home/user/.m2/repository/io/opentracing/contrib/opentracing-tracerresolver/0.1.5/opentracing-tracerresolver-0.1.5.jar:/home/user/.m2/repository/io/opentracing/opentracing-util/0.31.0/opentracing-util-0.31.0.jar:/home/user/.m2/repository/io/opentracing/opentracing-api/0.31.0/opentracing-api-0.31.0.jar:/home/user/.m2/repository/io/opentracing/opentracing-noop/0.31.0/opentracing-noop-0.31.0.jar:/home/user/.m2/repository/org/yaml/snakeyaml/1.16/snakeyaml-1.16.jar:/opt/src/hadoop-hdds/server-scm/target/classes:/home/user/.m2/repository/org/hamcrest/hamcrest-all/1.3/hamcrest-all-1.3.jar:/opt/src/hadoop-hdds/container-service/target/classes:/opt/src/hadoop-hdds/client/target/classes:/opt/src/hadoop-hdds/tools/target/classes:/home/user/.m2/repository/org/xerial/sqlite-jdbc/3.25.2/sqlite-jdbc-3.25.2.jar:/opt/src/hadoop-ozone/client/target/classes:/home/user/.m2/repository/org/apache/hadoop/hadoop-ozone-filesystem/0.5.0-SNAPSHOT/hadoop-ozone-filesystem-0.5.0-SNAPSHOT.jar:/opt/src/hadoop-hdds/framework/target/classes:/home/user/.m2/repository/info/picocli/picocli/3.9.6/picocli-3.9.6.jar:/home/user/.m2/repository/com/google/protobuf/protobuf-java/2.5.0/protobuf-java-2.5.0.jar:/home/user/.m2/repository/com/google/guava/guava/11.0.2/guava-11.0.2.jar:/home/user/.m2/repository/org/apache/hadoop/hadoop-common/3.2.0/hadoop-common-3.2.0.jar:/home/user/.m2/repository/org/apache/hadoop/hadoop-annotations/3.2.0/hadoop-annotations-3.2.0.jar:/usr/lib/jvm/java-1.8-openjdk/jre/../lib/tools.jar:/home/user/.m2/repository/commons-cli/commons-cli/1.2/commons-cli-1.2.jar:/home/user/.m2/repository/org/apache/commons/commons-math3/3.1.1/commons-math3-3.1.1.jar:/home/user/.m2/repository/org/apache/httpcomponents/httpclient/4.5.2/httpclient-4.5.2.jar:/home/user/.m2/repository/org/apache/httpcomponents/httpcore/4.4.4/httpcore-4.4.4.jar:/home/user/.m2/repository/commons-codec/commons-codec/1.11/commons-codec-1.11.jar:/home/user/.m2/repository/commons-io/commons-io/2.5/commons-io-2.5.jar:/home/user/.m2/repository/commons-net/commons-net/3.6/commons-net-3.6.jar:/home/user/.m2/repository/commons-collections/commons-collections/3.2.2/commons-collections-3.2.2.jar:/home/user/.m2/repository/javax/servlet/javax.servlet-api/3.1.0/javax.servlet-api-3.1.0.jar:/home/user/.m2/repository/org/eclipse/jetty/jetty-server/9.3.24.v20180605/jetty-server-9.3.24.v20180605.jar:/home/user/.m2/repository/org/eclipse/jetty/jetty-http/9.3.24.v20180605/jetty-http-9.3.24.v20180605.jar:/home/user/.m2/repository/org/eclipse/jetty/jetty-io/9.3.24.v20180605/jetty-io-9.3.24.v20180605.jar:/home/user/.m2/repository/org/eclipse/jetty/jetty-util/9.3.24.v20180605/jetty-util-9.3.24.v20180605.jar:/home/user/.m2/repository/org/eclipse/jetty/jetty-servlet/9.3.24.v20180605/jetty-servlet-9.3.24.v20180605.jar:/home/user/.m2/repository/org/eclipse/jetty/jetty-security/9.3.24.v20180605/jetty-security-9.3.24.v20180605.jar:/home/user/.m2/repository/org/eclipse/jetty/jetty-webapp/9.3.24.v20180605/jetty-webapp-9.3.24.v20180605.jar:/home/user/.m2/repository/org/eclipse/jetty/jetty-xml/9.3.24.v20180605/jetty-xml-9.3.24.v20180605.jar:/home/user/.m2/repository/javax/servlet/jsp/jsp-api/2.1/jsp-api-2.1.jar:/home/user/.m2/repository/com/sun/jersey/jersey-core/1.19/jersey-core-1.19.jar:/home/user/.m2/repository/javax/ws/rs/jsr311-api/1.1.1/jsr311-api-1.1.1.jar:/home/user/.m2/repository/com/sun/jersey/jersey-servlet/1.19/jersey-servlet-1.19.jar:/home/user/.m2/repository/com/sun/jersey/jersey-json/1.19/jersey-json-1.19.jar:/home/user/.m2/repository/org/codehaus/jettison/jettison/1.1/jettison-1.1.jar:/home/user/.m2/repository/com/sun/xml/bind/jaxb-impl/2.3.0.1/jaxb-impl-2.3.0.1.jar:/home/user/.m2/repository/org/codehaus/jackson/jackson-core-asl/1.9.13/jackson-core-asl-1.9.13.jar:/home/user/.m2/repository/org/codehaus/jackson/jackson-mapper-asl/1.9.13/jackson-mapper-asl-1.9.13.jar:/home/user/.m2/repository/org/codehaus/jackson/jackson-jaxrs/1.9.13/jackson-jaxrs-1.9.13.jar:/home/user/.m2/repository/org/codehaus/jackson/jackson-xc/1.9.13/jackson-xc-1.9.13.jar:/home/user/.m2/repository/com/sun/jersey/jersey-server/1.19/jersey-server-1.19.jar:/home/user/.m2/repository/commons-logging/commons-logging/1.1.3/commons-logging-1.1.3.jar:/home/user/.m2/repository/log4j/log4j/1.2.17/log4j-1.2.17.jar:/home/user/.m2/repository/commons-beanutils/commons-beanutils/1.9.3/commons-beanutils-1.9.3.jar:/home/user/.m2/repository/org/apache/commons/commons-configuration2/2.1.1/commons-configuration2-2.1.1.jar:/home/user/.m2/repository/org/apache/commons/commons-lang3/3.7/commons-lang3-3.7.jar:/home/user/.m2/repository/org/apache/commons/commons-text/1.4/commons-text-1.4.jar:/home/user/.m2/repository/org/slf4j/slf4j-api/1.7.25/slf4j-api-1.7.25.jar:/home/user/.m2/repository/org/slf4j/slf4j-log4j12/1.7.25/slf4j-log4j12-1.7.25.jar:/home/user/.m2/repository/org/apache/avro/avro/1.7.7/avro-1.7.7.jar:/home/user/.m2/repository/com/thoughtworks/paranamer/paranamer/2.3/paranamer-2.3.jar:/home/user/.m2/repository/org/xerial/snappy/snappy-java/1.0.5/snappy-java-1.0.5.jar:/home/user/.m2/repository/com/google/re2j/re2j/1.1/re2j-1.1.jar:/home/user/.m2/repository/com/google/code/gson/gson/2.2.4/gson-2.2.4.jar:/home/user/.m2/repository/org/apache/hadoop/hadoop-auth/3.2.0/hadoop-auth-3.2.0.jar:/home/user/.m2/repository/com/nimbusds/nimbus-jose-jwt/4.41.1/nimbus-jose-jwt-4.41.1.jar:/home/user/.m2/repository/com/github/stephenc/jcip/jcip-annotations/1.0-1/jcip-annotations-1.0-1.jar:/home/user/.m2/repository/net/minidev/json-smart/2.3/json-smart-2.3.jar:/home/user/.m2/repository/net/minidev/accessors-smart/1.2/accessors-smart-1.2.jar:/home/user/.m2/repository/org/apache/curator/curator-framework/2.12.0/curator-framework-2.12.0.jar:/home/user/.m2/repository/com/jcraft/jsch/0.1.54/jsch-0.1.54.jar:/home/user/.m2/repository/org/apache/curator/curator-client/2.12.0/curator-client-2.12.0.jar:/home/user/.m2/repository/org/apache/curator/curator-recipes/2.12.0/curator-recipes-2.12.0.jar:/home/user/.m2/repository/com/google/code/findbugs/jsr305/3.0.0/jsr305-3.0.0.jar:/home/user/.m2/repository/org/apache/htrace/htrace-core4/4.1.0-incubating/htrace-core4-4.1.0-incubating.jar:/home/user/.m2/repository/org/apache/zookeeper/zookeeper/3.4.13/zookeeper-3.4.13.jar:/home/user/.m2/repository/org/apache/yetus/audience-annotations/0.5.0/audience-annotations-0.5.0.jar:/home/user/.m2/repository/org/apache/kerby/kerb-simplekdc/1.0.1/kerb-simplekdc-1.0.1.jar:/home/user/.m2/repository/org/apache/kerby/kerb-client/1.0.1/kerb-client-1.0.1.jar:/home/user/.m2/repository/org/apache/kerby/kerby-config/1.0.1/kerby-config-1.0.1.jar:/home/user/.m2/repository/org/apache/kerby/kerb-core/1.0.1/kerb-core-1.0.1.jar:/home/user/.m2/repository/org/apache/kerby/kerby-pkix/1.0.1/kerby-pkix-1.0.1.jar:/home/user/.m2/repository/org/apache/kerby/kerby-asn1/1.0.1/kerby-asn1-1.0.1.jar:/home/user/.m2/repository/org/apache/kerby/kerby-util/1.0.1/kerby-util-1.0.1.jar:/home/user/.m2/repository/org/apache/kerby/kerb-common/1.0.1/kerb-common-1.0.1.jar:/home/user/.m2/repository/org/apache/kerby/kerb-crypto/1.0.1/kerb-crypto-1.0.1.jar:/home/user/.m2/repository/org/apache/kerby/kerb-util/1.0.1/kerb-util-1.0.1.jar:/home/user/.m2/repository/org/apache/kerby/token-provider/1.0.1/token-provider-1.0.1.jar:/home/user/.m2/repository/org/apache/kerby/kerb-admin/1.0.1/kerb-admin-1.0.1.jar:/home/user/.m2/repository/org/apache/kerby/kerb-server/1.0.1/kerb-server-1.0.1.jar:/home/user/.m2/repository/org/apache/kerby/kerb-identity/1.0.1/kerb-identity-1.0.1.jar:/home/user/.m2/repository/org/apache/kerby/kerby-xdr/1.0.1/kerby-xdr-1.0.1.jar:/home/user/.m2/repository/com/fasterxml/jackson/core/jackson-databind/2.9.5/jackson-databind-2.9.5.jar:/home/user/.m2/repository/com/fasterxml/jackson/core/jackson-core/2.9.5/jackson-core-2.9.5.jar:/home/user/.m2/repository/org/codehaus/woodstox/stax2-api/3.1.4/stax2-api-3.1.4.jar:/home/user/.m2/repository/com/fasterxml/woodstox/woodstox-core/5.0.3/woodstox-core-5.0.3.jar:/home/user/.m2/repository/dnsjava/dnsjava/2.1.7/dnsjava-2.1.7.jar:/home/user/.m2/repository/org/apache/hadoop/hadoop-hdfs/3.2.0/hadoop-hdfs-3.2.0.jar:/home/user/.m2/repository/org/eclipse/jetty/jetty-util-ajax/9.3.24.v20180605/jetty-util-ajax-9.3.24.v20180605.jar:/home/user/.m2/repository/commons-daemon/commons-daemon/1.0.13/commons-daemon-1.0.13.jar:/home/user/.m2/repository/io/netty/netty/3.10.5.Final/netty-3.10.5.Final.jar:/home/user/.m2/repository/io/netty/netty-all/4.0.52.Final/netty-all-4.0.52.Final.jar:/home/user/.m2/repository/org/fusesource/leveldbjni/leveldbjni-all/1.8/leveldbjni-all-1.8.jar:/home/user/.m2/repository/com/sun/xml/bind/jaxb-core/2.3.0.1/jaxb-core-2.3.0.1.jar:/home/user/.m2/repository/javax/xml/bind/jaxb-api/2.3.0/jaxb-api-2.3.0.jar:/home/user/.m2/repository/javax/activation/activation/1.1.1/activation-1.1.1.jar:/home/user/.m2/repository/io/dropwizard/metrics/metrics-core/3.2.4/metrics-core-3.2.4.jar:/home/user/.m2/repository/org/openjdk/jmh/jmh-core/1.19/jmh-core-1.19.jar:/home/user/.m2/repository/net/sf/jopt-simple/jopt-simple/4.6/jopt-simple-4.6.jar:/home/user/.m2/repository/org/openjdk/jmh/jmh-generator-annprocess/1.19/jmh-generator-annprocess-1.19.jar:/home/user/.m2/repository/com/google/code/findbugs/findbugs/3.0.1/findbugs-3.0.1.jar:/home/user/.m2/repository/net/jcip/jcip-annotations/1.0/jcip-annotations-1.0.jar:/home/user/.m2/repository/com/google/code/findbugs/bcel-findbugs/6.0/bcel-findbugs-6.0.jar:/home/user/.m2/repository/com/google/code/findbugs/jFormatString/2.0.1/jFormatString-2.0.1.jar:/home/user/.m2/repository/dom4j/dom4j/1.6.1/dom4j-1.6.1.jar:/home/user/.m2/repository/xml-apis/xml-apis/1.0.b2/xml-apis-1.0.b2.jar:/home/user/.m2/repository/org/ow2/asm/asm-debug-all/5.0.2/asm-debug-all-5.0.2.jar:/home/user/.m2/repository/org/ow2/asm/asm-commons/5.0.2/asm-commons-5.0.2.jar:/home/user/.m2/repository/org/ow2/asm/asm-tree/5.0.2/asm-tree-5.0.2.jar:/home/user/.m2/repository/org/ow2/asm/asm/5.0.4/asm-5.0.4.jar:/home/user/.m2/repository/commons-lang/commons-lang/2.6/commons-lang-2.6.jar:/home/user/.m2/repository/com/apple/AppleJavaExtensions/1.4/AppleJavaExtensions-1.4.jar:/home/user/.m2/repository/jaxen/jaxen/1.1.6/jaxen-1.1.6.jar:/home/user/.m2/repository/junit/junit/4.11/junit-4.11.jar:/home/user/.m2/repository/org/hamcrest/hamcrest-core/1.3/hamcrest-core-1.3.jar:/home/user/.m2/repository/org/apache/hadoop/hadoop-common/3.2.0/hadoop-common-3.2.0-tests.jar:/home/user/.m2/repository/org/apache/hadoop/hadoop-ozone-integration-test/0.5.0-SNAPSHOT/hadoop-ozone-integration-test-0.5.0-SNAPSHOT-tests.jar:/opt/src/hadoop-ozone/objectstore-service/target/classes:/opt/src/hadoop-ozone/s3gateway/target/classes:/home/user/.m2/repository/org/jboss/weld/servlet/weld-servlet/2.4.7.Final/weld-servlet-2.4.7.Final.jar:/home/user/.m2/repository/org/glassfish/jersey/containers/jersey-container-servlet-core/2.27/jersey-container-servlet-core-2.27.jar:/home/user/.m2/repository/org/glassfish/hk2/external/javax.inject/2.5.0-b42/javax.inject-2.5.0-b42.jar:/home/user/.m2/repository/org/glassfish/jersey/core/jersey-common/2.27/jersey-common-2.27.jar:/home/user/.m2/repository/org/glassfish/hk2/osgi-resource-locator/1.0.1/osgi-resource-locator-1.0.1.jar:/home/user/.m2/repository/javax/ws/rs/javax.ws.rs-api/2.1/javax.ws.rs-api-2.1.jar:/home/user/.m2/repository/org/glassfish/jersey/ext/cdi/jersey-cdi1x/2.27/jersey-cdi1x-2.27.jar:/home/user/.m2/repository/org/glassfish/jersey/inject/jersey-hk2/2.27/jersey-hk2-2.27.jar:/home/user/.m2/repository/org/glassfish/hk2/hk2-locator/2.5.0-b42/hk2-locator-2.5.0-b42.jar:/home/user/.m2/repository/org/javassist/javassist/3.22.0-CR2/javassist-3.22.0-CR2.jar:/home/user/.m2/repository/org/glassfish/hk2/hk2-api/2.5.0/hk2-api-2.5.0.jar:/home/user/.m2/repository/org/glassfish/hk2/external/jakarta.inject/2.5.0/jakarta.inject-2.5.0.jar:/home/user/.m2/repository/org/glassfish/hk2/hk2-utils/2.5.0/hk2-utils-2.5.0.jar:/home/user/.m2/repository/jakarta/annotation/jakarta.annotation-api/1.3.4/jakarta.annotation-api-1.3.4.jar:/home/user/.m2/repository/org/glassfish/hk2/external/aopalliance-repackaged/2.5.0/aopalliance-repackaged-2.5.0.jar:/home/user/.m2/repository/com/fasterxml/jackson/dataformat/jackson-dataformat-xml/2.9.0/jackson-dataformat-xml-2.9.0.jar:/home/user/.m2/repository/com/fasterxml/jackson/module/jackson-module-jaxb-annotations/2.9.5/jackson-module-jaxb-annotations-2.9.5.jar:/home/user/.m2/repository/javax/enterprise/cdi-api/1.2/cdi-api-1.2.jar:/home/user/.m2/repository/javax/el/javax.el-api/3.0.0/javax.el-api-3.0.0.jar:/home/user/.m2/repository/javax/interceptor/javax.interceptor-api/1.2/javax.interceptor-api-1.2.jar:/home/user/.m2/repository/javax/inject/javax.inject/1/javax.inject-1.jar:/opt/src/hadoop-ozone/csi/target/classes:/home/user/.m2/repository/com/google/protobuf/protobuf-java-util/3.5.1/protobuf-java-util-3.5.1.jar:/home/user/.m2/repository/io/grpc/grpc-netty/1.17.1/grpc-netty-1.17.1.jar:/home/user/.m2/repository/io/grpc/grpc-core/1.17.1/grpc-core-1.17.1.jar:/home/user/.m2/repository/io/grpc/grpc-context/1.17.1/grpc-context-1.17.1.jar:/home/user/.m2/repository/com/google/errorprone/error_prone_annotations/2.2.0/error_prone_annotations-2.2.0.jar:/home/user/.m2/repository/org/codehaus/mojo/animal-sniffer-annotations/1.17/animal-sniffer-annotations-1.17.jar:/home/user/.m2/repository/io/opencensus/opencensus-api/0.17.0/opencensus-api-0.17.0.jar:/home/user/.m2/repository/io/opencensus/opencensus-contrib-grpc-metrics/0.17.0/opencensus-contrib-grpc-metrics-0.17.0.jar:/home/user/.m2/repository/io/netty/netty-codec-http2/4.1.30.Final/netty-codec-http2-4.1.30.Final.jar:/home/user/.m2/repository/io/netty/netty-codec-http/4.1.30.Final/netty-codec-http-4.1.30.Final.jar:/home/user/.m2/repository/io/netty/netty-codec/4.1.30.Final/netty-codec-4.1.30.Final.jar:/home/user/.m2/repository/io/netty/netty-handler/4.1.30.Final/netty-handler-4.1.30.Final.jar:/home/user/.m2/repository/io/netty/netty-handler-proxy/4.1.30.Final/netty-handler-proxy-4.1.30.Final.jar:/home/user/.m2/repository/io/netty/netty-codec-socks/4.1.30.Final/netty-codec-socks-4.1.30.Final.jar:/home/user/.m2/repository/io/netty/netty-transport-native-epoll/4.1.30.Final/netty-transport-native-epoll-4.1.30.Final.jar:/home/user/.m2/repository/io/netty/netty-common/4.1.30.Final/netty-common-4.1.30.Final.jar:/home/user/.m2/repository/io/netty/netty-buffer/4.1.30.Final/netty-buffer-4.1.30.Final.jar:/home/user/.m2/repository/io/netty/netty-transport/4.1.30.Final/netty-transport-4.1.30.Final.jar:/home/user/.m2/repository/io/netty/netty-resolver/4.1.30.Final/netty-resolver-4.1.30.Final.jar:/home/user/.m2/repository/io/netty/netty-transport-native-unix-common/4.1.30.Final/netty-transport-native-unix-common-4.1.30.Final.jar:/home/user/.m2/repository/io/grpc/grpc-protobuf/1.17.1/grpc-protobuf-1.17.1.jar:/home/user/.m2/repository/com/google/api/grpc/proto-google-common-protos/1.0.0/proto-google-common-protos-1.0.0.jar:/home/user/.m2/repository/io/grpc/grpc-protobuf-lite/1.17.1/grpc-protobuf-lite-1.17.1.jar:/home/user/.m2/repository/io/grpc/grpc-stub/1.17.1/grpc-stub-1.17.1.jar:/opt/src/hadoop-ozone/ozone-recon/target/classes:/opt/src/hadoop-ozone/ozone-recon-codegen/target/classes:/home/user/.m2/repository/com/google/inject/extensions/guice-multibindings/4.0/guice-multibindings-4.0.jar:/home/user/.m2/repository/com/google/inject/guice/4.0/guice-4.0.jar:/home/user/.m2/repository/aopalliance/aopalliance/1.0/aopalliance-1.0.jar:/home/user/.m2/repository/com/google/inject/extensions/guice-servlet/4.0/guice-servlet-4.0.jar:/home/user/.m2/repository/org/glassfish/jersey/containers/jersey-container-servlet/2.27/jersey-container-servlet-2.27.jar:/home/user/.m2/repository/org/glassfish/hk2/guice-bridge/2.5.0/guice-bridge-2.5.0.jar:/home/user/.m2/repository/org/glassfish/jersey/core/jersey-server/2.27/jersey-server-2.27.jar:/home/user/.m2/repository/org/glassfish/jersey/core/jersey-client/2.27/jersey-client-2.27.jar:/home/user/.m2/repository/org/glassfish/jersey/media/jersey-media-jaxb/2.27/jersey-media-jaxb-2.27.jar:/home/user/.m2/repository/javax/validation/validation-api/1.1.0.Final/validation-api-1.1.0.Final.jar:/home/user/.m2/repository/org/glassfish/jersey/media/jersey-media-json-jackson/2.27/jersey-media-json-jackson-2.27.jar:/home/user/.m2/repository/org/glassfish/jersey/ext/jersey-entity-filtering/2.27/jersey-entity-filtering-2.27.jar:/home/user/.m2/repository/com/google/inject/extensions/guice-assistedinject/4.0/guice-assistedinject-4.0.jar:/home/user/.m2/repository/org/jooq/jooq/3.11.10/jooq-3.11.10.jar:/home/user/.m2/repository/org/jooq/jooq-meta/3.11.10/jooq-meta-3.11.10.jar:/home/user/.m2/repository/org/jooq/jooq-codegen/3.11.10/jooq-codegen-3.11.10.jar:/home/user/.m2/repository/com/jolbox/bonecp/0.8.0.RELEASE/bonecp-0.8.0.RELEASE.jar:/home/user/.m2/repository/org/springframework/spring-jdbc/5.1.3.RELEASE/spring-jdbc-5.1.3.RELEASE.jar:/home/user/.m2/repository/org/springframework/spring-beans/5.1.3.RELEASE/spring-beans-5.1.3.RELEASE.jar:/home/user/.m2/repository/org/springframework/spring-core/5.1.3.RELEASE/spring-core-5.1.3.RELEASE.jar:/home/user/.m2/repository/org/springframework/spring-jcl/5.1.3.RELEASE/spring-jcl-5.1.3.RELEASE.jar:/home/user/.m2/repository/org/springframework/spring-tx/5.1.3.RELEASE/spring-tx-5.1.3.RELEASE.jar:/home/user/.m2/repository/org/mockito/mockito-core/2.15.0/mockito-core-2.15.0.jar:/home/user/.m2/repository/net/bytebuddy/byte-buddy/1.7.9/byte-buddy-1.7.9.jar:/home/user/.m2/repository/net/bytebuddy/byte-buddy-agent/1.7.9/byte-buddy-agent-1.7.9.jar:/home/user/.m2/repository/org/objenesis/objenesis/1.0/objenesis-1.0.jar:"/>
    <property name="sun.cpu.endian" value="little"/>
    <property name="user.home" value="/home/user"/>
    <property name="user.language" value="en"/>
    <property name="java.specification.vendor" value="Oracle Corporation"/>
    <property name="java.home" value="/usr/lib/jvm/java-1.8-openjdk/jre"/>
    <property name="java.security.krb5.conf" value="/opt/src/hadoop-ozone/tools/target/test-classes/krb5.conf"/>
    <property name="basedir" value="/opt/src/hadoop-ozone/tools"/>
    <property name="file.separator" value="/"/>
    <property name="line.separator" value="&#10;"/>
    <property name="java.vm.specification.vendor" value="Oracle Corporation"/>
    <property name="java.specification.name" value="Java Platform API Specification"/>
    <property name="java.awt.graphicsenv" value="sun.awt.X11GraphicsEnvironment"/>
    <property name="surefire.real.class.path" value="/opt/src/hadoop-ozone/tools/target/surefire/surefirebooter4036970494431379866.jar"/>
    <property name="hadoop.log.dir" value="/opt/src/hadoop-ozone/tools/target/log"/>
    <property name="sun.boot.class.path" value="/usr/lib/jvm/java-1.8-openjdk/jre/lib/resources.jar:/usr/lib/jvm/java-1.8-openjdk/jre/lib/rt.jar:/usr/lib/jvm/java-1.8-openjdk/jre/lib/sunrsasign.jar:/usr/lib/jvm/java-1.8-openjdk/jre/lib/jsse.jar:/usr/lib/jvm/java-1.8-openjdk/jre/lib/jce.jar:/usr/lib/jvm/java-1.8-openjdk/jre/lib/charsets.jar:/usr/lib/jvm/java-1.8-openjdk/jre/lib/jfr.jar:/usr/lib/jvm/java-1.8-openjdk/jre/classes"/>
    <property name="sun.management.compiler" value="HotSpot 64-Bit Tiered Compilers"/>
    <property name="java.runtime.version" value="1.8.0_212-b04"/>
    <property name="java.net.preferIPv4Stack" value="true"/>
    <property name="user.name" value="jenkins1000"/>
    <property name="path.separator" value=":"/>
    <property name="java.security.egd" value="file:///dev/urandom"/>
    <property name="os.version" value="4.15.0-1021-aws"/>
    <property name="java.endorsed.dirs" value="/usr/lib/jvm/java-1.8-openjdk/jre/lib/endorsed"/>
    <property name="java.runtime.name" value="OpenJDK Runtime Environment"/>
    <property name="file.encoding" value="UTF-8"/>
    <property name="java.vm.name" value="OpenJDK 64-Bit Server VM"/>
    <property name="test.build.webapps" value=""/>
    <property name="localRepository" value="/home/user/.m2/repository"/>
    <property name="java.vendor.url.bug" value="https://icedtea.classpath.org/bugzilla"/>
    <property name="java.io.tmpdir" value="/tmp"/>
    <property name="require.test.libhadoop" value=""/>
    <property name="java.version" value="1.8.0_212"/>
    <property name="user.dir" value="/opt/src/hadoop-ozone/tools"/>
    <property name="os.arch" value="amd64"/>
    <property name="java.vm.specification.name" value="Java Virtual Machine Specification"/>
    <property name="test.build.classes" value="/opt/src/hadoop-ozone/tools/target/test-classes"/>
    <property name="java.awt.printerjob" value="sun.print.PSPrinterJob"/>
    <property name="sun.os.patch.level" value="unknown"/>
    <property name="hadoop.tmp.dir" value="/opt/src/hadoop-ozone/tools/target/tmp"/>
    <property name="java.library.path" value="/usr/lib/jvm/java-1.8-openjdk/jre/lib/amd64/server:/usr/lib/jvm/java-1.8-openjdk/jre/lib/amd64:/usr/lib/jvm/java-1.8-openjdk/jre/../lib/amd64:/opt/src/hadoop-ozone/tools/target/native/target/usr/local/lib:/opt/src/hadoop-ozone/tools/../../hadoop-common-project/hadoop-common/target/native/target/usr/local/lib:/usr/java/packages/lib/amd64:/usr/lib64:/lib64:/lib:/usr/lib"/>
    <property name="java.vm.info" value="mixed mode"/>
    <property name="java.vendor" value="IcedTea"/>
    <property name="java.vm.version" value="25.212-b04"/>
    <property name="java.ext.dirs" value="/usr/lib/jvm/java-1.8-openjdk/jre/lib/ext:/usr/java/packages/lib/ext"/>
    <property name="sun.io.unicode.encoding" value="UnicodeLittle"/>
    <property name="java.class.version" value="52.0"/>
  </properties>
  <testcase name="testRestart" classname="org.apache.hadoop.ozone.freon.TestFreonWithPipelineDestroy" time="15.517">
    <error message="Unexpected Storage Container Exception: org.apache.hadoop.hdds.scm.container.common.helpers.StorageContainerException: ContainerID 5 does not exist" type="java.io.IOException">java.io.IOException: Unexpected Storage Container Exception: org.apache.hadoop.hdds.scm.container.common.helpers.StorageContainerException: ContainerID 5 does not exist
	at org.apache.hadoop.hdds.scm.storage.BlockOutputStream.setIoException(BlockOutputStream.java:548)
	at org.apache.hadoop.hdds.scm.storage.BlockOutputStream.validateResponse(BlockOutputStream.java:539)
	at org.apache.hadoop.hdds.scm.storage.BlockOutputStream.lambda$writeChunkToContainer$2(BlockOutputStream.java:614)
	at java.util.concurrent.CompletableFuture.uniApply(CompletableFuture.java:602)
	at java.util.concurrent.CompletableFuture$UniApply.tryFire(CompletableFuture.java:577)
	at java.util.concurrent.CompletableFuture$Completion.run(CompletableFuture.java:442)
	at java.util.concurrent.ThreadPoolExecutor.runWorker(ThreadPoolExecutor.java:1149)
	at java.util.concurrent.ThreadPoolExecutor$Worker.run(ThreadPoolExecutor.java:624)
	at java.lang.Thread.run(Thread.java:748)
Caused by: org.apache.hadoop.hdds.scm.container.common.helpers.StorageContainerException: ContainerID 5 does not exist
	at org.apache.hadoop.hdds.scm.storage.ContainerProtocolCalls.validateContainerResponse(ContainerProtocolCalls.java:536)
	at org.apache.hadoop.hdds.scm.storage.BlockOutputStream.validateResponse(BlockOutputStream.java:536)
	... 7 more
</error>
    <system-out><![CDATA[2019-06-18 14:55:05,642 WARN  server.ServerUtils (ServerUtils.java:getScmDbDir(145)) - ozone.scm.db.dirs is not configured. We recommend adding this setting. Falling back to ozone.metadata.dirs instead.
2019-06-18 14:55:05,730 WARN  server.ServerUtils (ServerUtils.java:getScmDbDir(145)) - ozone.scm.db.dirs is not configured. We recommend adding this setting. Falling back to ozone.metadata.dirs instead.
2019-06-18 14:55:05,732 WARN  server.ServerUtils (ServerUtils.java:getScmDbDir(145)) - ozone.scm.db.dirs is not configured. We recommend adding this setting. Falling back to ozone.metadata.dirs instead.
2019-06-18 14:55:05,748 INFO  util.log (Log.java:initialized(192)) - Logging initialized @786ms
2019-06-18 14:55:05,833 INFO  db.DBStoreBuilder (DBStoreBuilder.java:addTable(110)) - using custom profile for table: deletedBlocks
2019-06-18 14:55:05,834 INFO  db.DBStoreBuilder (DBStoreBuilder.java:processTables(161)) - Using default column profile:DBProfile.DISK for Table:deletedBlocks
2019-06-18 14:55:05,834 INFO  db.DBStoreBuilder (DBStoreBuilder.java:addTable(110)) - using custom profile for table: validCerts
2019-06-18 14:55:05,834 INFO  db.DBStoreBuilder (DBStoreBuilder.java:processTables(161)) - Using default column profile:DBProfile.DISK for Table:validCerts
2019-06-18 14:55:05,835 INFO  db.DBStoreBuilder (DBStoreBuilder.java:addTable(110)) - using custom profile for table: revokedCerts
2019-06-18 14:55:05,835 INFO  db.DBStoreBuilder (DBStoreBuilder.java:processTables(161)) - Using default column profile:DBProfile.DISK for Table:revokedCerts
2019-06-18 14:55:05,845 INFO  db.DBStoreBuilder (DBStoreBuilder.java:addTable(110)) - using custom profile for table: default
2019-06-18 14:55:05,845 INFO  db.DBStoreBuilder (DBStoreBuilder.java:processTables(167)) - Using default column profile:DBProfile.DISK for Table:default
2019-06-18 14:55:05,847 INFO  db.DBStoreBuilder (DBStoreBuilder.java:getDbProfile(198)) - Using default options. DBProfile.DISK
2019-06-18 14:55:05,904 INFO  net.NodeSchemaLoader (NodeSchemaLoader.java:loadSchemaFromFile(125)) - Loading file from sun.misc.CompoundEnumeration@2f112965
2019-06-18 14:55:05,906 INFO  net.NodeSchemaLoader (NodeSchemaLoader.java:loadSchema(171)) - Loading network topology layer schema file
2019-06-18 14:55:05,966 INFO  node.SCMNodeManager (SCMNodeManager.java:<init>(119)) - Entering startup safe mode.
2019-06-18 14:55:06,039 WARN  server.ServerUtils (ServerUtils.java:getScmDbDir(145)) - ozone.scm.db.dirs is not configured. We recommend adding this setting. Falling back to ozone.metadata.dirs instead.
2019-06-18 14:55:06,059 INFO  pipeline.SCMPipelineManager (SCMPipelineManager.java:initializePipelineState(126)) - No pipeline exists in current db
2019-06-18 14:55:06,060 WARN  server.ServerUtils (ServerUtils.java:getScmDbDir(145)) - ozone.scm.db.dirs is not configured. We recommend adding this setting. Falling back to ozone.metadata.dirs instead.
2019-06-18 14:55:06,110 WARN  events.EventQueue (EventQueue.java:fireEvent(175)) - No event handler registered for event TypedEvent{payloadType=SafeModeStatus, name='SafeModeStatus'}
2019-06-18 14:55:06,430 INFO  ipc.CallQueueManager (CallQueueManager.java:<init>(84)) - Using callQueue: class java.util.concurrent.LinkedBlockingQueue, queueCapacity: 2000, scheduler: class org.apache.hadoop.ipc.DefaultRpcScheduler, ipcBackoff: false.
2019-06-18 14:55:06,454 INFO  ipc.Server (Server.java:run(1074)) - Starting Socket Reader #1 for port 42561
2019-06-18 14:55:06,476 INFO  ipc.CallQueueManager (CallQueueManager.java:<init>(84)) - Using callQueue: class java.util.concurrent.LinkedBlockingQueue, queueCapacity: 2000, scheduler: class org.apache.hadoop.ipc.DefaultRpcScheduler, ipcBackoff: false.
2019-06-18 14:55:06,477 INFO  ipc.Server (Server.java:run(1074)) - Starting Socket Reader #1 for port 46825
2019-06-18 14:55:06,482 INFO  ipc.CallQueueManager (CallQueueManager.java:<init>(84)) - Using callQueue: class java.util.concurrent.LinkedBlockingQueue, queueCapacity: 2000, scheduler: class org.apache.hadoop.ipc.DefaultRpcScheduler, ipcBackoff: false.
2019-06-18 14:55:06,482 INFO  ipc.Server (Server.java:run(1074)) - Starting Socket Reader #1 for port 42753
2019-06-18 14:55:06,526 INFO  hdfs.DFSUtil (DFSUtil.java:httpServerTemplateForNNAndJN(1641)) - Starting Web-server for scm at: http://0.0.0.0:0
2019-06-18 14:55:06,666 INFO  server.AuthenticationFilter (AuthenticationFilter.java:constructSecretProvider(240)) - Unable to initialize FileSignerSecretProvider, falling back to use random secrets.
2019-06-18 14:55:06,678 WARN  http.HttpRequestLog (HttpRequestLog.java:getRequestLog(97)) - Jetty request log can only be enabled using Log4j
2019-06-18 14:55:06,685 INFO  http.HttpServer2 (HttpServer2.java:addGlobalFilter(975)) - Added global filter 'safety' (class=org.apache.hadoop.http.HttpServer2$QuotingInputFilter)
2019-06-18 14:55:06,687 INFO  http.HttpServer2 (HttpServer2.java:addFilter(948)) - Added filter static_user_filter (class=org.apache.hadoop.http.lib.StaticUserWebFilter$StaticUserFilter) to context scm
2019-06-18 14:55:06,687 INFO  http.HttpServer2 (HttpServer2.java:addFilter(958)) - Added filter static_user_filter (class=org.apache.hadoop.http.lib.StaticUserWebFilter$StaticUserFilter) to context logs
2019-06-18 14:55:06,687 INFO  http.HttpServer2 (HttpServer2.java:addFilter(958)) - Added filter static_user_filter (class=org.apache.hadoop.http.lib.StaticUserWebFilter$StaticUserFilter) to context static
2019-06-18 14:55:06,707 INFO  server.StorageContainerManager (StorageContainerManager.java:start(753)) - StorageContainerLocationProtocol RPC server is listening at /0.0.0.0:42753
2019-06-18 14:55:06,753 WARN  impl.MetricsConfig (MetricsConfig.java:loadFirst(134)) - Cannot locate configuration: tried hadoop-metrics2-storagecontainermanager.properties,hadoop-metrics2.properties
2019-06-18 14:55:06,763 INFO  impl.MetricsSystemImpl (MetricsSystemImpl.java:startTimer(374)) - Scheduled Metric snapshot period at 10 second(s).
2019-06-18 14:55:06,763 INFO  impl.MetricsSystemImpl (MetricsSystemImpl.java:start(191)) - StorageContainerManager metrics system started
2019-06-18 14:55:06,936 INFO  server.SCMClientProtocolServer (SCMClientProtocolServer.java:start(149)) - RPC server for Client  is listening at /0.0.0.0:42753
2019-06-18 14:55:06,937 INFO  ipc.Server (Server.java:run(1314)) - IPC Server Responder: starting
2019-06-18 14:55:06,937 INFO  ipc.Server (Server.java:run(1153)) - IPC Server listener on 42753: starting
2019-06-18 14:55:06,939 INFO  server.StorageContainerManager (StorageContainerManager.java:start(762)) - ScmBlockLocationProtocol RPC server is listening at /0.0.0.0:46825
2019-06-18 14:55:06,939 INFO  server.SCMBlockProtocolServer (SCMBlockProtocolServer.java:start(137)) - RPC server for Block Protocol is listening at /0.0.0.0:46825
2019-06-18 14:55:06,939 INFO  ipc.Server (Server.java:run(1314)) - IPC Server Responder: starting
2019-06-18 14:55:06,939 INFO  ipc.Server (Server.java:run(1153)) - IPC Server listener on 46825: starting
2019-06-18 14:55:06,941 INFO  server.StorageContainerManager (StorageContainerManager.java:start(766)) - ScmDatanodeProtocl RPC server is listening at /0.0.0.0:42561
2019-06-18 14:55:06,941 INFO  server.SCMDatanodeProtocolServer (SCMDatanodeProtocolServer.java:start(191)) - RPC server for DataNodes is listening at /0.0.0.0:42561
2019-06-18 14:55:06,942 INFO  ipc.Server (Server.java:run(1314)) - IPC Server Responder: starting
2019-06-18 14:55:06,942 INFO  ipc.Server (Server.java:run(1153)) - IPC Server listener on 42561: starting
2019-06-18 14:55:06,944 INFO  http.HttpServer2 (HttpServer2.java:bindListener(1191)) - Jetty bound to port 41483
2019-06-18 14:55:06,946 INFO  server.Server (Server.java:doStart(351)) - jetty-9.3.24.v20180605, build timestamp: 2018-06-05T17:11:56Z, git hash: 84205aa28f11a4f31f2a3b86d1bba2cc8ab69827
2019-06-18 14:55:06,984 INFO  handler.ContextHandler (ContextHandler.java:doStart(781)) - Started o.e.j.s.ServletContextHandler@481ba2cf{/logs,file:///opt/src/hadoop-ozone/tools/target/log,AVAILABLE}
2019-06-18 14:55:06,985 INFO  handler.ContextHandler (ContextHandler.java:doStart(781)) - Started o.e.j.s.ServletContextHandler@2e48362c{/static,file:///opt/src/hadoop-hdds/server-scm/target/classes/webapps/static/,AVAILABLE}
2019-06-18 14:55:07,017 INFO  handler.ContextHandler (ContextHandler.java:doStart(781)) - Started o.e.j.w.WebAppContext@13c3c1e1{/,file:///opt/src/hadoop-hdds/server-scm/target/classes/webapps/scm/,AVAILABLE}{/scm}
2019-06-18 14:55:07,023 INFO  server.AbstractConnector (AbstractConnector.java:doStart(278)) - Started ServerConnector@3d484181{HTTP/1.1,[http/1.1]}{0.0.0.0:41483}
2019-06-18 14:55:07,024 INFO  server.Server (Server.java:doStart(419)) - Started @2062ms
2019-06-18 14:55:07,026 INFO  server.BaseHttpServer (BaseHttpServer.java:updateConnectorAddress(207)) - HTTP server of SCM is listening at http://0.0.0.0:41483
2019-06-18 14:55:07,033 INFO  util.JvmPauseMonitor (JvmPauseMonitor.java:run(188)) - Starting JVM pause monitor
2019-06-18 14:55:07,035 WARN  scm.ScmUtils (ScmUtils.java:getDBPath(63)) - ozone.om.db.dirs is not configured. We recommend adding this setting. Falling back to ozone.metadata.dirs instead.
2019-06-18 14:55:07,114 WARN  scm.ScmUtils (ScmUtils.java:getDBPath(63)) - ozone.om.db.dirs is not configured. We recommend adding this setting. Falling back to ozone.metadata.dirs instead.
2019-06-18 14:55:07,115 INFO  om.OzoneManager (OzoneManager.java:setOMNodeDetails(532)) - OM Service ID is not set. Setting it to the default ID: omServiceIdDefault
2019-06-18 14:55:07,116 INFO  om.OzoneManager (OzoneManager.java:setOMNodeDetails(538)) - OM Node ID is not set. Setting it to the OmStorage's OmID: ce551c91-00c0-4564-846a-9fb3d9c99d8f
2019-06-18 14:55:07,117 WARN  scm.HddsServerUtil (HddsServerUtil.java:getDefaultRatisDirectory(354)) - Storage directory for Ratis is not configured. It is a good idea to map this to an SSD disk. Falling back to ozone.metadata.dirs
2019-06-18 14:55:07,118 WARN  scm.HddsServerUtil (HddsServerUtil.java:getDefaultRatisDirectory(354)) - Storage directory for Ratis is not configured. It is a good idea to map this to an SSD disk. Falling back to ozone.metadata.dirs
2019-06-18 14:55:07,118 INFO  om.OzoneManager (OzoneManager.java:loadOMHAConfigs(489)) - Found matching OM address with OMServiceId: null, OMNodeId: null, RPC Address: localhost:0 and Ratis port: 9872
2019-06-18 14:55:07,312 WARN  scm.ScmUtils (ScmUtils.java:getDBPath(63)) - ozone.om.db.dirs is not configured. We recommend adding this setting. Falling back to ozone.metadata.dirs instead.
2019-06-18 14:55:07,316 INFO  db.DBStoreBuilder (DBStoreBuilder.java:addTable(110)) - using custom profile for table: userTable
2019-06-18 14:55:07,317 INFO  db.DBStoreBuilder (DBStoreBuilder.java:processTables(161)) - Using default column profile:DBProfile.DISK for Table:userTable
2019-06-18 14:55:07,317 INFO  db.DBStoreBuilder (DBStoreBuilder.java:addTable(110)) - using custom profile for table: volumeTable
2019-06-18 14:55:07,317 INFO  db.DBStoreBuilder (DBStoreBuilder.java:processTables(161)) - Using default column profile:DBProfile.DISK for Table:volumeTable
2019-06-18 14:55:07,317 INFO  db.DBStoreBuilder (DBStoreBuilder.java:addTable(110)) - using custom profile for table: bucketTable
2019-06-18 14:55:07,317 INFO  db.DBStoreBuilder (DBStoreBuilder.java:processTables(161)) - Using default column profile:DBProfile.DISK for Table:bucketTable
2019-06-18 14:55:07,318 INFO  db.DBStoreBuilder (DBStoreBuilder.java:addTable(110)) - using custom profile for table: keyTable
2019-06-18 14:55:07,318 INFO  db.DBStoreBuilder (DBStoreBuilder.java:processTables(161)) - Using default column profile:DBProfile.DISK for Table:keyTable
2019-06-18 14:55:07,318 INFO  db.DBStoreBuilder (DBStoreBuilder.java:addTable(110)) - using custom profile for table: deletedTable
2019-06-18 14:55:07,318 INFO  db.DBStoreBuilder (DBStoreBuilder.java:processTables(161)) - Using default column profile:DBProfile.DISK for Table:deletedTable
2019-06-18 14:55:07,319 INFO  db.DBStoreBuilder (DBStoreBuilder.java:addTable(110)) - using custom profile for table: openKeyTable
2019-06-18 14:55:07,319 INFO  db.DBStoreBuilder (DBStoreBuilder.java:processTables(161)) - Using default column profile:DBProfile.DISK for Table:openKeyTable
2019-06-18 14:55:07,319 INFO  db.DBStoreBuilder (DBStoreBuilder.java:addTable(110)) - using custom profile for table: s3Table
2019-06-18 14:55:07,319 INFO  db.DBStoreBuilder (DBStoreBuilder.java:processTables(161)) - Using default column profile:DBProfile.DISK for Table:s3Table
2019-06-18 14:55:07,320 INFO  db.DBStoreBuilder (DBStoreBuilder.java:addTable(110)) - using custom profile for table: multipartInfoTable
2019-06-18 14:55:07,320 INFO  db.DBStoreBuilder (DBStoreBuilder.java:processTables(161)) - Using default column profile:DBProfile.DISK for Table:multipartInfoTable
2019-06-18 14:55:07,320 INFO  db.DBStoreBuilder (DBStoreBuilder.java:addTable(110)) - using custom profile for table: dTokenTable
2019-06-18 14:55:07,320 INFO  db.DBStoreBuilder (DBStoreBuilder.java:processTables(161)) - Using default column profile:DBProfile.DISK for Table:dTokenTable
2019-06-18 14:55:07,320 INFO  db.DBStoreBuilder (DBStoreBuilder.java:addTable(110)) - using custom profile for table: s3SecretTable
2019-06-18 14:55:07,321 INFO  db.DBStoreBuilder (DBStoreBuilder.java:processTables(161)) - Using default column profile:DBProfile.DISK for Table:s3SecretTable
2019-06-18 14:55:07,321 INFO  db.DBStoreBuilder (DBStoreBuilder.java:addTable(110)) - using custom profile for table: prefixTable
2019-06-18 14:55:07,321 INFO  db.DBStoreBuilder (DBStoreBuilder.java:processTables(161)) - Using default column profile:DBProfile.DISK for Table:prefixTable
2019-06-18 14:55:07,321 INFO  db.DBStoreBuilder (DBStoreBuilder.java:addTable(110)) - using custom profile for table: default
2019-06-18 14:55:07,322 INFO  db.DBStoreBuilder (DBStoreBuilder.java:processTables(167)) - Using default column profile:DBProfile.DISK for Table:default
2019-06-18 14:55:07,322 INFO  db.DBStoreBuilder (DBStoreBuilder.java:getDbProfile(198)) - Using default options. DBProfile.DISK
2019-06-18 14:55:07,820 INFO  ipc.CallQueueManager (CallQueueManager.java:<init>(84)) - Using callQueue: class java.util.concurrent.LinkedBlockingQueue, queueCapacity: 2000, scheduler: class org.apache.hadoop.ipc.DefaultRpcScheduler, ipcBackoff: false.
2019-06-18 14:55:07,821 INFO  ipc.Server (Server.java:run(1074)) - Starting Socket Reader #1 for port 42981
2019-06-18 14:55:07,852 WARN  scm.ScmUtils (ScmUtils.java:getDBPath(63)) - ozone.om.db.dirs is not configured. We recommend adding this setting. Falling back to ozone.metadata.dirs instead.
2019-06-18 14:55:07,853 INFO  om.OzoneManager (OzoneManager.java:start(1230)) - OzoneManager RPC server is listening at localhost/127.0.0.1:42981
2019-06-18 14:55:07,853 INFO  impl.MetricsSystemImpl (MetricsSystemImpl.java:init(158)) - OzoneManager metrics system started (again)
2019-06-18 14:55:07,854 INFO  ipc.Server (Server.java:run(1314)) - IPC Server Responder: starting
2019-06-18 14:55:07,862 INFO  ipc.Server (Server.java:run(1153)) - IPC Server listener on 42981: starting
2019-06-18 14:55:07,896 INFO  hdfs.DFSUtil (DFSUtil.java:httpServerTemplateForNNAndJN(1641)) - Starting Web-server for ozoneManager at: http://0.0.0.0:0
2019-06-18 14:55:07,898 INFO  server.AuthenticationFilter (AuthenticationFilter.java:constructSecretProvider(240)) - Unable to initialize FileSignerSecretProvider, falling back to use random secrets.
2019-06-18 14:55:07,898 WARN  http.HttpRequestLog (HttpRequestLog.java:getRequestLog(97)) - Jetty request log can only be enabled using Log4j
2019-06-18 14:55:07,901 INFO  http.HttpServer2 (HttpServer2.java:addGlobalFilter(975)) - Added global filter 'safety' (class=org.apache.hadoop.http.HttpServer2$QuotingInputFilter)
2019-06-18 14:55:07,902 INFO  http.HttpServer2 (HttpServer2.java:addFilter(948)) - Added filter static_user_filter (class=org.apache.hadoop.http.lib.StaticUserWebFilter$StaticUserFilter) to context ozoneManager
2019-06-18 14:55:07,903 INFO  http.HttpServer2 (HttpServer2.java:addFilter(958)) - Added filter static_user_filter (class=org.apache.hadoop.http.lib.StaticUserWebFilter$StaticUserFilter) to context static
2019-06-18 14:55:07,904 INFO  http.HttpServer2 (HttpServer2.java:addFilter(958)) - Added filter static_user_filter (class=org.apache.hadoop.http.lib.StaticUserWebFilter$StaticUserFilter) to context logs
2019-06-18 14:55:07,907 INFO  http.HttpServer2 (HttpServer2.java:bindListener(1191)) - Jetty bound to port 44211
2019-06-18 14:55:07,907 INFO  server.Server (Server.java:doStart(351)) - jetty-9.3.24.v20180605, build timestamp: 2018-06-05T17:11:56Z, git hash: 84205aa28f11a4f31f2a3b86d1bba2cc8ab69827
2019-06-18 14:55:07,912 INFO  handler.ContextHandler (ContextHandler.java:doStart(781)) - Started o.e.j.s.ServletContextHandler@7a34b7b8{/logs,file:///opt/src/hadoop-ozone/tools/target/log,AVAILABLE}
2019-06-18 14:55:07,912 INFO  handler.ContextHandler (ContextHandler.java:doStart(781)) - Started o.e.j.s.ServletContextHandler@3be8821f{/static,file:///opt/src/hadoop-ozone/ozone-manager/target/classes/webapps/static/,AVAILABLE}
2019-06-18 14:55:07,917 INFO  handler.ContextHandler (ContextHandler.java:doStart(781)) - Started o.e.j.w.WebAppContext@60b85ba1{/,file:///opt/src/hadoop-ozone/ozone-manager/target/classes/webapps/ozoneManager/,AVAILABLE}{/ozoneManager}
2019-06-18 14:55:07,917 INFO  server.AbstractConnector (AbstractConnector.java:doStart(278)) - Started ServerConnector@492fc69e{HTTP/1.1,[http/1.1]}{0.0.0.0:44211}
2019-06-18 14:55:07,918 INFO  server.Server (Server.java:doStart(419)) - Started @2956ms
2019-06-18 14:55:07,952 INFO  server.BaseHttpServer (BaseHttpServer.java:updateConnectorAddress(207)) - HTTP server of OZONEMANAGER is listening at http://0.0.0.0:44211
2019-06-18 14:55:08,101 INFO  impl.MetricsSystemImpl (MetricsSystemImpl.java:init(158)) - HddsDatanode metrics system started (again)
2019-06-18 14:55:08,279 INFO  ozone.HddsDatanodeService (HddsDatanodeService.java:start(185)) - HddsDatanodeService host:ozone-unit-076618677d3tk4rf-905488364 ip:192.168.134.95
2019-06-18 14:55:08,308 INFO  volume.HddsVolume (HddsVolume.java:<init>(176)) - Creating Volume: /opt/src/hadoop-ozone/tools/target/test-dir/MiniOzoneClusterImpl-4890df67-16ce-4acc-8757-8db9d8e500ed/datanode-0/data/containers/hdds of  storage type : DISK and capacity : 104021790720
2019-06-18 14:55:08,310 INFO  volume.VolumeSet (VolumeSet.java:initializeVolumeSet(170)) - Added Volume : /opt/src/hadoop-ozone/tools/target/test-dir/MiniOzoneClusterImpl-4890df67-16ce-4acc-8757-8db9d8e500ed/datanode-0/data/containers/hdds to VolumeSet
2019-06-18 14:55:08,312 INFO  volume.ThrottledAsyncChecker (ThrottledAsyncChecker.java:schedule(140)) - Scheduling a check for org.apache.hadoop.ozone.container.common.volume.HddsVolume@5c089b2f
2019-06-18 14:55:08,328 INFO  volume.HddsVolumeChecker (HddsVolumeChecker.java:checkAllVolumes(203)) - Scheduled health check for volume org.apache.hadoop.ozone.container.common.volume.HddsVolume@5c089b2f
2019-06-18 14:55:08,374 INFO  ratis.XceiverServerRatis (XceiverServerRatis.java:newXceiverServerRatis(401)) - Found a free port for the server : 38681
2019-06-18 14:55:08,444 INFO  impl.RaftServerProxy (ConfUtils.java:logGet(43)) - raft.rpc.type = GRPC (default)
2019-06-18 14:55:08,455 INFO  grpc.GrpcConfigKeys$Server (ConfUtils.java:logGet(43)) - raft.grpc.server.port = 38681 (custom)
2019-06-18 14:55:08,456 INFO  server.GrpcService (ConfUtils.java:logGet(43)) - raft.grpc.message.size.max = 33570816 (custom)
2019-06-18 14:55:08,457 INFO  server.RaftServerConfigKeys (ConfUtils.java:logGet(43)) - raft.server.log.appender.buffer.byte-limit = 33554432 (custom)
2019-06-18 14:55:08,458 INFO  server.GrpcService (ConfUtils.java:logGet(43)) - raft.grpc.flow.control.window = 1MB (=1048576) (default)
2019-06-18 14:55:08,459 INFO  server.RaftServerConfigKeys (ConfUtils.java:logGet(43)) - raft.server.rpc.request.timeout = 3000ms (default)
2019-06-18 14:55:08,603 INFO  server.RaftServerConfigKeys (ConfUtils.java:logGet(43)) - raft.server.storage.dir = [/opt/src/hadoop-ozone/tools/target/test-dir/MiniOzoneClusterImpl-4890df67-16ce-4acc-8757-8db9d8e500ed/datanode-0/data/ratis] (custom)
2019-06-18 14:55:08,610 INFO  server.XceiverServerGrpc (XceiverServerGrpc.java:<init>(97)) - Found a free port for the server : 45107
2019-06-18 14:55:08,635 INFO  replication.SimpleContainerDownloader (SimpleContainerDownloader.java:<init>(72)) - Starting container downloader service to copy containers to replicate.
2019-06-18 14:55:08,645 INFO  hdfs.DFSUtil (DFSUtil.java:httpServerTemplateForNNAndJN(1641)) - Starting Web-server for hddsDatanode at: http://0.0.0.0:0
2019-06-18 14:55:08,646 INFO  server.AuthenticationFilter (AuthenticationFilter.java:constructSecretProvider(240)) - Unable to initialize FileSignerSecretProvider, falling back to use random secrets.
2019-06-18 14:55:08,646 WARN  http.HttpRequestLog (HttpRequestLog.java:getRequestLog(97)) - Jetty request log can only be enabled using Log4j
2019-06-18 14:55:08,648 INFO  http.HttpServer2 (HttpServer2.java:addGlobalFilter(975)) - Added global filter 'safety' (class=org.apache.hadoop.http.HttpServer2$QuotingInputFilter)
2019-06-18 14:55:08,648 INFO  http.HttpServer2 (HttpServer2.java:addFilter(948)) - Added filter static_user_filter (class=org.apache.hadoop.http.lib.StaticUserWebFilter$StaticUserFilter) to context hddsDatanode
2019-06-18 14:55:08,649 INFO  http.HttpServer2 (HttpServer2.java:addFilter(958)) - Added filter static_user_filter (class=org.apache.hadoop.http.lib.StaticUserWebFilter$StaticUserFilter) to context static
2019-06-18 14:55:08,649 INFO  http.HttpServer2 (HttpServer2.java:addFilter(958)) - Added filter static_user_filter (class=org.apache.hadoop.http.lib.StaticUserWebFilter$StaticUserFilter) to context logs
2019-06-18 14:55:08,649 INFO  http.HttpServer2 (HttpServer2.java:bindListener(1191)) - Jetty bound to port 36651
2019-06-18 14:55:08,650 INFO  server.Server (Server.java:doStart(351)) - jetty-9.3.24.v20180605, build timestamp: 2018-06-05T17:11:56Z, git hash: 84205aa28f11a4f31f2a3b86d1bba2cc8ab69827
2019-06-18 14:55:08,651 INFO  handler.ContextHandler (ContextHandler.java:doStart(781)) - Started o.e.j.s.ServletContextHandler@61fafb74{/logs,file:///opt/src/hadoop-ozone/tools/target/log,AVAILABLE}
2019-06-18 14:55:08,652 INFO  handler.ContextHandler (ContextHandler.java:doStart(781)) - Started o.e.j.s.ServletContextHandler@58496dc{/static,file:///opt/src/hadoop-hdds/container-service/target/classes/webapps/static,AVAILABLE}
2019-06-18 14:55:08,657 INFO  handler.ContextHandler (ContextHandler.java:doStart(781)) - Started o.e.j.w.WebAppContext@36f1046f{/,file:///opt/src/hadoop-hdds/container-service/target/classes/webapps/hddsDatanode/,AVAILABLE}{/hddsDatanode}
2019-06-18 14:55:08,658 INFO  server.AbstractConnector (AbstractConnector.java:doStart(278)) - Started ServerConnector@dc1f14c{HTTP/1.1,[http/1.1]}{0.0.0.0:36651}
2019-06-18 14:55:08,658 INFO  server.Server (Server.java:doStart(419)) - Started @3696ms
2019-06-18 14:55:08,658 INFO  server.BaseHttpServer (BaseHttpServer.java:updateConnectorAddress(207)) - HTTP server of HDDSDATANODE is listening at http://0.0.0.0:36651
2019-06-18 14:55:09,702 INFO  ozone.HddsDatanodeService (HddsDatanodeService.java:startPlugins(396)) - Started plug-in org.apache.hadoop.ozone.web.OzoneHddsDatanodeService@59a79443
2019-06-18 14:55:09,703 INFO  impl.MetricsSystemImpl (MetricsSystemImpl.java:init(158)) - HddsDatanode metrics system started (again)
2019-06-18 14:55:09,703 INFO  ozone.HddsDatanodeService (HddsDatanodeService.java:start(185)) - HddsDatanodeService host:ozone-unit-076618677d3tk4rf-905488364 ip:192.168.134.95
2019-06-18 14:55:09,746 INFO  util.JvmPauseMonitor (JvmPauseMonitor.java:run(188)) - Starting JVM pause monitor
2019-06-18 14:55:09,762 INFO  volume.HddsVolume (HddsVolume.java:<init>(176)) - Creating Volume: /opt/src/hadoop-ozone/tools/target/test-dir/MiniOzoneClusterImpl-4890df67-16ce-4acc-8757-8db9d8e500ed/datanode-1/data/containers/hdds of  storage type : DISK and capacity : 104021790720
2019-06-18 14:55:09,762 INFO  volume.VolumeSet (VolumeSet.java:initializeVolumeSet(170)) - Added Volume : /opt/src/hadoop-ozone/tools/target/test-dir/MiniOzoneClusterImpl-4890df67-16ce-4acc-8757-8db9d8e500ed/datanode-1/data/containers/hdds to VolumeSet
2019-06-18 14:55:09,763 INFO  volume.ThrottledAsyncChecker (ThrottledAsyncChecker.java:schedule(140)) - Scheduling a check for org.apache.hadoop.ozone.container.common.volume.HddsVolume@21a02556
2019-06-18 14:55:09,778 INFO  volume.HddsVolumeChecker (HddsVolumeChecker.java:checkAllVolumes(203)) - Scheduled health check for volume org.apache.hadoop.ozone.container.common.volume.HddsVolume@21a02556
2019-06-18 14:55:09,802 INFO  ratis.XceiverServerRatis (XceiverServerRatis.java:newXceiverServerRatis(401)) - Found a free port for the server : 36001
2019-06-18 14:55:09,803 INFO  impl.RaftServerProxy (ConfUtils.java:logGet(43)) - raft.rpc.type = GRPC (default)
2019-06-18 14:55:09,803 INFO  grpc.GrpcConfigKeys$Server (ConfUtils.java:logGet(43)) - raft.grpc.server.port = 36001 (custom)
2019-06-18 14:55:09,803 INFO  server.GrpcService (ConfUtils.java:logGet(43)) - raft.grpc.message.size.max = 33570816 (custom)
2019-06-18 14:55:09,804 INFO  server.RaftServerConfigKeys (ConfUtils.java:logGet(43)) - raft.server.log.appender.buffer.byte-limit = 33554432 (custom)
2019-06-18 14:55:09,804 INFO  server.GrpcService (ConfUtils.java:logGet(43)) - raft.grpc.flow.control.window = 1MB (=1048576) (default)
2019-06-18 14:55:09,804 INFO  server.RaftServerConfigKeys (ConfUtils.java:logGet(43)) - raft.server.rpc.request.timeout = 3000ms (default)
2019-06-18 14:55:09,805 INFO  server.RaftServerConfigKeys (ConfUtils.java:logGet(43)) - raft.server.storage.dir = [/opt/src/hadoop-ozone/tools/target/test-dir/MiniOzoneClusterImpl-4890df67-16ce-4acc-8757-8db9d8e500ed/datanode-1/data/ratis] (custom)
2019-06-18 14:55:09,805 INFO  server.XceiverServerGrpc (XceiverServerGrpc.java:<init>(97)) - Found a free port for the server : 33601
2019-06-18 14:55:09,805 INFO  replication.SimpleContainerDownloader (SimpleContainerDownloader.java:<init>(72)) - Starting container downloader service to copy containers to replicate.
2019-06-18 14:55:09,807 INFO  hdfs.DFSUtil (DFSUtil.java:httpServerTemplateForNNAndJN(1641)) - Starting Web-server for hddsDatanode at: http://0.0.0.0:0
2019-06-18 14:55:09,808 INFO  server.AuthenticationFilter (AuthenticationFilter.java:constructSecretProvider(240)) - Unable to initialize FileSignerSecretProvider, falling back to use random secrets.
2019-06-18 14:55:09,809 WARN  http.HttpRequestLog (HttpRequestLog.java:getRequestLog(97)) - Jetty request log can only be enabled using Log4j
2019-06-18 14:55:09,811 INFO  http.HttpServer2 (HttpServer2.java:addGlobalFilter(975)) - Added global filter 'safety' (class=org.apache.hadoop.http.HttpServer2$QuotingInputFilter)
2019-06-18 14:55:09,812 INFO  http.HttpServer2 (HttpServer2.java:addFilter(948)) - Added filter static_user_filter (class=org.apache.hadoop.http.lib.StaticUserWebFilter$StaticUserFilter) to context hddsDatanode
2019-06-18 14:55:09,812 INFO  http.HttpServer2 (HttpServer2.java:addFilter(958)) - Added filter static_user_filter (class=org.apache.hadoop.http.lib.StaticUserWebFilter$StaticUserFilter) to context logs
2019-06-18 14:55:09,812 INFO  http.HttpServer2 (HttpServer2.java:addFilter(958)) - Added filter static_user_filter (class=org.apache.hadoop.http.lib.StaticUserWebFilter$StaticUserFilter) to context static
2019-06-18 14:55:09,813 INFO  http.HttpServer2 (HttpServer2.java:bindListener(1191)) - Jetty bound to port 38829
2019-06-18 14:55:09,813 INFO  server.Server (Server.java:doStart(351)) - jetty-9.3.24.v20180605, build timestamp: 2018-06-05T17:11:56Z, git hash: 84205aa28f11a4f31f2a3b86d1bba2cc8ab69827
2019-06-18 14:55:09,821 INFO  handler.ContextHandler (ContextHandler.java:doStart(781)) - Started o.e.j.s.ServletContextHandler@15f35bc3{/logs,file:///opt/src/hadoop-ozone/tools/target/log,AVAILABLE}
2019-06-18 14:55:09,826 INFO  handler.ContextHandler (ContextHandler.java:doStart(781)) - Started o.e.j.s.ServletContextHandler@608b1fd2{/static,file:///opt/src/hadoop-hdds/container-service/target/classes/webapps/static,AVAILABLE}
2019-06-18 14:55:09,833 INFO  handler.ContextHandler (ContextHandler.java:doStart(781)) - Started o.e.j.w.WebAppContext@7930ffa9{/,file:///opt/src/hadoop-hdds/container-service/target/classes/webapps/hddsDatanode/,AVAILABLE}{/hddsDatanode}
2019-06-18 14:55:09,842 INFO  server.AbstractConnector (AbstractConnector.java:doStart(278)) - Started ServerConnector@1e60b459{HTTP/1.1,[http/1.1]}{0.0.0.0:38829}
2019-06-18 14:55:09,842 INFO  server.Server (Server.java:doStart(419)) - Started @4880ms
2019-06-18 14:55:09,844 INFO  server.BaseHttpServer (BaseHttpServer.java:updateConnectorAddress(207)) - HTTP server of HDDSDATANODE is listening at http://0.0.0.0:38829
2019-06-18 14:55:09,895 INFO  datanode.InitDatanodeState (InitDatanodeState.java:persistContainerDatanodeDetails(140)) - DatanodeDetails is persisted to /opt/src/hadoop-ozone/tools/target/test-dir/MiniOzoneClusterImpl-4890df67-16ce-4acc-8757-8db9d8e500ed/datanode-0/meta/datanode.id
2019-06-18 14:55:10,052 INFO  ozone.HddsDatanodeService (HddsDatanodeService.java:startPlugins(396)) - Started plug-in org.apache.hadoop.ozone.web.OzoneHddsDatanodeService@6d33a66e
2019-06-18 14:55:10,058 INFO  impl.MetricsSystemImpl (MetricsSystemImpl.java:init(158)) - HddsDatanode metrics system started (again)
2019-06-18 14:55:10,058 INFO  ozone.HddsDatanodeService (HddsDatanodeService.java:start(185)) - HddsDatanodeService host:ozone-unit-076618677d3tk4rf-905488364 ip:192.168.134.95
2019-06-18 14:55:10,070 INFO  util.JvmPauseMonitor (JvmPauseMonitor.java:run(188)) - Starting JVM pause monitor
2019-06-18 14:55:10,075 INFO  datanode.InitDatanodeState (InitDatanodeState.java:persistContainerDatanodeDetails(140)) - DatanodeDetails is persisted to /opt/src/hadoop-ozone/tools/target/test-dir/MiniOzoneClusterImpl-4890df67-16ce-4acc-8757-8db9d8e500ed/datanode-1/meta/datanode.id
2019-06-18 14:55:10,082 INFO  volume.HddsVolume (HddsVolume.java:<init>(176)) - Creating Volume: /opt/src/hadoop-ozone/tools/target/test-dir/MiniOzoneClusterImpl-4890df67-16ce-4acc-8757-8db9d8e500ed/datanode-2/data/containers/hdds of  storage type : DISK and capacity : 104021790720
2019-06-18 14:55:10,084 INFO  volume.VolumeSet (VolumeSet.java:initializeVolumeSet(170)) - Added Volume : /opt/src/hadoop-ozone/tools/target/test-dir/MiniOzoneClusterImpl-4890df67-16ce-4acc-8757-8db9d8e500ed/datanode-2/data/containers/hdds to VolumeSet
2019-06-18 14:55:10,084 INFO  volume.ThrottledAsyncChecker (ThrottledAsyncChecker.java:schedule(140)) - Scheduling a check for org.apache.hadoop.ozone.container.common.volume.HddsVolume@79d82f66
2019-06-18 14:55:10,094 INFO  volume.HddsVolumeChecker (HddsVolumeChecker.java:checkAllVolumes(203)) - Scheduled health check for volume org.apache.hadoop.ozone.container.common.volume.HddsVolume@79d82f66
2019-06-18 14:55:10,110 INFO  ratis.XceiverServerRatis (XceiverServerRatis.java:newXceiverServerRatis(401)) - Found a free port for the server : 39865
2019-06-18 14:55:10,111 INFO  impl.RaftServerProxy (ConfUtils.java:logGet(43)) - raft.rpc.type = GRPC (default)
2019-06-18 14:55:10,111 INFO  grpc.GrpcConfigKeys$Server (ConfUtils.java:logGet(43)) - raft.grpc.server.port = 39865 (custom)
2019-06-18 14:55:10,112 INFO  server.GrpcService (ConfUtils.java:logGet(43)) - raft.grpc.message.size.max = 33570816 (custom)
2019-06-18 14:55:10,112 INFO  server.RaftServerConfigKeys (ConfUtils.java:logGet(43)) - raft.server.log.appender.buffer.byte-limit = 33554432 (custom)
2019-06-18 14:55:10,112 INFO  server.GrpcService (ConfUtils.java:logGet(43)) - raft.grpc.flow.control.window = 1MB (=1048576) (default)
2019-06-18 14:55:10,112 INFO  server.RaftServerConfigKeys (ConfUtils.java:logGet(43)) - raft.server.rpc.request.timeout = 3000ms (default)
2019-06-18 14:55:10,113 INFO  server.RaftServerConfigKeys (ConfUtils.java:logGet(43)) - raft.server.storage.dir = [/opt/src/hadoop-ozone/tools/target/test-dir/MiniOzoneClusterImpl-4890df67-16ce-4acc-8757-8db9d8e500ed/datanode-2/data/ratis] (custom)
2019-06-18 14:55:10,113 INFO  server.XceiverServerGrpc (XceiverServerGrpc.java:<init>(97)) - Found a free port for the server : 43403
2019-06-18 14:55:10,114 INFO  replication.SimpleContainerDownloader (SimpleContainerDownloader.java:<init>(72)) - Starting container downloader service to copy containers to replicate.
2019-06-18 14:55:10,115 INFO  hdfs.DFSUtil (DFSUtil.java:httpServerTemplateForNNAndJN(1641)) - Starting Web-server for hddsDatanode at: http://0.0.0.0:0
2019-06-18 14:55:10,117 INFO  server.AuthenticationFilter (AuthenticationFilter.java:constructSecretProvider(240)) - Unable to initialize FileSignerSecretProvider, falling back to use random secrets.
2019-06-18 14:55:10,118 WARN  http.HttpRequestLog (HttpRequestLog.java:getRequestLog(97)) - Jetty request log can only be enabled using Log4j
2019-06-18 14:55:10,120 INFO  http.HttpServer2 (HttpServer2.java:addGlobalFilter(975)) - Added global filter 'safety' (class=org.apache.hadoop.http.HttpServer2$QuotingInputFilter)
2019-06-18 14:55:10,121 INFO  http.HttpServer2 (HttpServer2.java:addFilter(948)) - Added filter static_user_filter (class=org.apache.hadoop.http.lib.StaticUserWebFilter$StaticUserFilter) to context hddsDatanode
2019-06-18 14:55:10,121 INFO  http.HttpServer2 (HttpServer2.java:addFilter(958)) - Added filter static_user_filter (class=org.apache.hadoop.http.lib.StaticUserWebFilter$StaticUserFilter) to context logs
2019-06-18 14:55:10,121 INFO  http.HttpServer2 (HttpServer2.java:addFilter(958)) - Added filter static_user_filter (class=org.apache.hadoop.http.lib.StaticUserWebFilter$StaticUserFilter) to context static
2019-06-18 14:55:10,122 INFO  http.HttpServer2 (HttpServer2.java:bindListener(1191)) - Jetty bound to port 32981
2019-06-18 14:55:10,122 INFO  server.Server (Server.java:doStart(351)) - jetty-9.3.24.v20180605, build timestamp: 2018-06-05T17:11:56Z, git hash: 84205aa28f11a4f31f2a3b86d1bba2cc8ab69827
2019-06-18 14:55:10,125 INFO  handler.ContextHandler (ContextHandler.java:doStart(781)) - Started o.e.j.s.ServletContextHandler@5b5dce5c{/logs,file:///opt/src/hadoop-ozone/tools/target/log,AVAILABLE}
2019-06-18 14:55:10,125 INFO  handler.ContextHandler (ContextHandler.java:doStart(781)) - Started o.e.j.s.ServletContextHandler@adcfad9{/static,file:///opt/src/hadoop-hdds/container-service/target/classes/webapps/static,AVAILABLE}
2019-06-18 14:55:10,131 INFO  handler.ContextHandler (ContextHandler.java:doStart(781)) - Started o.e.j.w.WebAppContext@4da39ca9{/,file:///opt/src/hadoop-hdds/container-service/target/classes/webapps/hddsDatanode/,AVAILABLE}{/hddsDatanode}
2019-06-18 14:55:10,138 INFO  server.AbstractConnector (AbstractConnector.java:doStart(278)) - Started ServerConnector@63d79c5a{HTTP/1.1,[http/1.1]}{0.0.0.0:32981}
2019-06-18 14:55:10,140 INFO  server.Server (Server.java:doStart(419)) - Started @5178ms
2019-06-18 14:55:10,141 INFO  server.BaseHttpServer (BaseHttpServer.java:updateConnectorAddress(207)) - HTTP server of HDDSDATANODE is listening at http://0.0.0.0:32981
2019-06-18 14:55:10,359 INFO  ozone.HddsDatanodeService (HddsDatanodeService.java:startPlugins(396)) - Started plug-in org.apache.hadoop.ozone.web.OzoneHddsDatanodeService@2d0b05
2019-06-18 14:55:10,360 INFO  ozone.MiniOzoneClusterImpl (MiniOzoneClusterImpl.java:lambda$waitForClusterToBeReady$0(142)) - Waiting for cluster to be ready. Got 0 of 3 DN Heartbeats.
2019-06-18 14:55:10,364 INFO  util.JvmPauseMonitor (JvmPauseMonitor.java:run(188)) - Starting JVM pause monitor
2019-06-18 14:55:10,368 INFO  datanode.InitDatanodeState (InitDatanodeState.java:persistContainerDatanodeDetails(140)) - DatanodeDetails is persisted to /opt/src/hadoop-ozone/tools/target/test-dir/MiniOzoneClusterImpl-4890df67-16ce-4acc-8757-8db9d8e500ed/datanode-2/meta/datanode.id
2019-06-18 14:55:11,361 INFO  ozone.MiniOzoneClusterImpl (MiniOzoneClusterImpl.java:lambda$waitForClusterToBeReady$0(142)) - Waiting for cluster to be ready. Got 0 of 3 DN Heartbeats.
2019-06-18 14:55:11,769 INFO  ozoneimpl.OzoneContainer (OzoneContainer.java:start(186)) - Attempting to start container services.
2019-06-18 14:55:11,769 INFO  ozoneimpl.OzoneContainer (OzoneContainer.java:startContainerScrub(160)) - Background container scrubber has been disabled by hdds.containerscrub.enabled
2019-06-18 14:55:11,769 INFO  ratis.XceiverServerRatis (XceiverServerRatis.java:start(418)) - Starting XceiverServerRatis a4cd4b5a-8e8a-4ce3-bcbe-0c82b500e502 at port 38681
2019-06-18 14:55:11,787 INFO  impl.RaftServerProxy (RaftServerProxy.java:lambda$start$3(299)) - a4cd4b5a-8e8a-4ce3-bcbe-0c82b500e502: start RPC server
2019-06-18 14:55:11,958 INFO  server.GrpcService (GrpcService.java:startImpl(148)) - a4cd4b5a-8e8a-4ce3-bcbe-0c82b500e502: GrpcService started, listening on 0.0.0.0/0.0.0.0:38681
2019-06-18 14:55:12,079 INFO  ozoneimpl.OzoneContainer (OzoneContainer.java:start(186)) - Attempting to start container services.
2019-06-18 14:55:12,081 INFO  ozoneimpl.OzoneContainer (OzoneContainer.java:startContainerScrub(160)) - Background container scrubber has been disabled by hdds.containerscrub.enabled
2019-06-18 14:55:12,081 INFO  ratis.XceiverServerRatis (XceiverServerRatis.java:start(418)) - Starting XceiverServerRatis d403ffbe-7eee-4c6a-a3f7-e9d8ed91e706 at port 36001
2019-06-18 14:55:12,109 INFO  impl.RaftServerProxy (RaftServerProxy.java:lambda$start$3(299)) - d403ffbe-7eee-4c6a-a3f7-e9d8ed91e706: start RPC server
2019-06-18 14:55:12,111 INFO  server.GrpcService (GrpcService.java:startImpl(148)) - d403ffbe-7eee-4c6a-a3f7-e9d8ed91e706: GrpcService started, listening on 0.0.0.0/0.0.0.0:36001
2019-06-18 14:55:12,361 INFO  ozone.MiniOzoneClusterImpl (MiniOzoneClusterImpl.java:lambda$waitForClusterToBeReady$0(142)) - Waiting for cluster to be ready. Got 0 of 3 DN Heartbeats.
2019-06-18 14:55:12,369 INFO  ozoneimpl.OzoneContainer (OzoneContainer.java:start(186)) - Attempting to start container services.
2019-06-18 14:55:12,371 INFO  ozoneimpl.OzoneContainer (OzoneContainer.java:startContainerScrub(160)) - Background container scrubber has been disabled by hdds.containerscrub.enabled
2019-06-18 14:55:12,371 INFO  ratis.XceiverServerRatis (XceiverServerRatis.java:start(418)) - Starting XceiverServerRatis df7c67b5-5209-4dbd-a055-a7341ea389f3 at port 39865
2019-06-18 14:55:12,379 INFO  impl.RaftServerProxy (RaftServerProxy.java:lambda$start$3(299)) - df7c67b5-5209-4dbd-a055-a7341ea389f3: start RPC server
2019-06-18 14:55:12,381 INFO  server.GrpcService (GrpcService.java:startImpl(148)) - df7c67b5-5209-4dbd-a055-a7341ea389f3: GrpcService started, listening on 0.0.0.0/0.0.0.0:39865
2019-06-18 14:55:13,361 INFO  ozone.MiniOzoneClusterImpl (MiniOzoneClusterImpl.java:lambda$waitForClusterToBeReady$0(142)) - Waiting for cluster to be ready. Got 0 of 3 DN Heartbeats.
2019-06-18 14:55:13,762 INFO  net.NetworkTopology (NetworkTopologyImpl.java:add(109)) - Added a new node: /default-rack/192.168.134.95
2019-06-18 14:55:13,763 INFO  node.SCMNodeManager (SCMNodeManager.java:register(269)) - Registered Data node : a4cd4b5a-8e8a-4ce3-bcbe-0c82b500e502{ip: 192.168.134.95, host: ozone-unit-076618677d3tk4rf-905488364, networkLocation: /default-rack, certSerialId: null}
2019-06-18 14:55:13,770 INFO  safemode.SCMSafeModeManager (DataNodeSafeModeRule.java:process(71)) - SCM in safe mode. 1 DataNodes registered, 1 required.
2019-06-18 14:55:13,770 INFO  safemode.SCMSafeModeManager (SCMSafeModeManager.java:validateSafeModeExitRules(177)) - ScmSafeModeManager, all rules are successfully validated
2019-06-18 14:55:13,773 INFO  safemode.SCMSafeModeManager (SCMSafeModeManager.java:exitSafeMode(193)) - SCM exiting safe mode.
2019-06-18 14:55:14,072 INFO  node.SCMNodeManager (SCMNodeManager.java:register(269)) - Registered Data node : d403ffbe-7eee-4c6a-a3f7-e9d8ed91e706{ip: 192.168.134.95, host: ozone-unit-076618677d3tk4rf-905488364, networkLocation: /default-rack, certSerialId: null}
2019-06-18 14:55:14,132 INFO  impl.RaftServerProxy (RaftServerProxy.java:addNew(89)) - a4cd4b5a-8e8a-4ce3-bcbe-0c82b500e502: addNew group-095C0816B880:[a4cd4b5a-8e8a-4ce3-bcbe-0c82b500e502:192.168.134.95:38681] returns group-095C0816B880:java.util.concurrent.CompletableFuture@7152ac08[Not completed]
2019-06-18 14:55:14,138 INFO  impl.RaftServerImpl (RaftServerImpl.java:<init>(91)) - a4cd4b5a-8e8a-4ce3-bcbe-0c82b500e502: new RaftServerImpl for group-095C0816B880:[a4cd4b5a-8e8a-4ce3-bcbe-0c82b500e502:192.168.134.95:38681] with ContainerStateMachine:uninitialized
2019-06-18 14:55:14,139 INFO  server.RaftServerConfigKeys (ConfUtils.java:logGet(43)) - raft.server.rpc.timeout.min = 1s (custom)
2019-06-18 14:55:14,140 INFO  server.RaftServerConfigKeys (ConfUtils.java:logGet(43)) - raft.server.rpc.timeout.max = 1200ms (custom)
2019-06-18 14:55:14,140 INFO  server.RaftServerConfigKeys (ConfUtils.java:logGet(43)) - raft.server.rpcslowness.timeout = 120s (custom)
2019-06-18 14:55:14,141 INFO  server.RaftServerConfigKeys (ConfUtils.java:logGet(43)) - raft.server.log.appender.install.snapshot.enabled = true (default)
2019-06-18 14:55:14,147 INFO  impl.RaftServerImpl (ServerState.java:<init>(101)) - a4cd4b5a-8e8a-4ce3-bcbe-0c82b500e502:group-095C0816B880 ConfigurationManager, init=-1: [a4cd4b5a-8e8a-4ce3-bcbe-0c82b500e502:192.168.134.95:38681], old=null, confs=<EMPTY_MAP>
2019-06-18 14:55:14,147 INFO  server.RaftServerConfigKeys (ConfUtils.java:logGet(43)) - raft.server.storage.dir = [/opt/src/hadoop-ozone/tools/target/test-dir/MiniOzoneClusterImpl-4890df67-16ce-4acc-8757-8db9d8e500ed/datanode-0/data/ratis] (custom)
2019-06-18 14:55:14,153 INFO  storage.RaftStorageDirectory (RaftStorageDirectory.java:analyzeStorage(246)) - The storage directory /opt/src/hadoop-ozone/tools/target/test-dir/MiniOzoneClusterImpl-4890df67-16ce-4acc-8757-8db9d8e500ed/datanode-0/data/ratis/8027787a-36f0-4bca-ab6f-095c0816b880 does not exist. Creating ...
2019-06-18 14:55:14,161 INFO  storage.RaftStorageDirectory (RaftStorageDirectory.java:tryLock(328)) - Lock on /opt/src/hadoop-ozone/tools/target/test-dir/MiniOzoneClusterImpl-4890df67-16ce-4acc-8757-8db9d8e500ed/datanode-0/data/ratis/8027787a-36f0-4bca-ab6f-095c0816b880/in_use.lock acquired by nodename 18160@ozone-unit-076618677d3tk4rf-905488364
2019-06-18 14:55:14,164 INFO  storage.RaftStorage (RaftStorage.java:format(75)) - Storage directory /opt/src/hadoop-ozone/tools/target/test-dir/MiniOzoneClusterImpl-4890df67-16ce-4acc-8757-8db9d8e500ed/datanode-0/data/ratis/8027787a-36f0-4bca-ab6f-095c0816b880 has been successfully formatted.
2019-06-18 14:55:14,166 INFO  ratis.ContainerStateMachine (ContainerStateMachine.java:loadSnapshot(199)) - The snapshot info is null.Setting the last applied index to:(t:0, i:~)
2019-06-18 14:55:14,166 INFO  server.RaftServerConfigKeys (ConfUtils.java:logGet(43)) - raft.server.leader.election.timeout = 120s (custom)
2019-06-18 14:55:14,167 INFO  server.RaftServerConfigKeys (ConfUtils.java:logGet(43)) - raft.server.log.use.memory = false (default)
2019-06-18 14:55:14,169 INFO  server.RaftServerConfigKeys (ConfUtils.java:logGet(43)) - raft.server.log.appender.buffer.byte-limit = 33554432 (custom)
2019-06-18 14:55:14,172 INFO  server.RaftServerConfigKeys (ConfUtils.java:logGet(43)) - raft.server.log.segment.size.max = 16384 (custom)
2019-06-18 14:55:14,176 INFO  server.RaftServerConfigKeys (ConfUtils.java:logGet(43)) - raft.server.log.segment.cache.num.max = 2 (custom)
2019-06-18 14:55:14,178 INFO  storage.RaftLogWorker (RaftLogWorker.java:<init>(123)) - new a4cd4b5a-8e8a-4ce3-bcbe-0c82b500e502-RaftLogWorker for Storage Directory /opt/src/hadoop-ozone/tools/target/test-dir/MiniOzoneClusterImpl-4890df67-16ce-4acc-8757-8db9d8e500ed/datanode-0/data/ratis/8027787a-36f0-4bca-ab6f-095c0816b880
2019-06-18 14:55:14,179 INFO  server.RaftServerConfigKeys (ConfUtils.java:logGet(43)) - raft.server.log.queue.byte-limit = 2147483647 (custom)
2019-06-18 14:55:14,179 INFO  server.RaftServerConfigKeys (ConfUtils.java:logGet(43)) - raft.server.log.queue.element-limit = 1024 (custom)
2019-06-18 14:55:14,180 INFO  server.RaftServerConfigKeys (ConfUtils.java:logGet(43)) - raft.server.log.segment.size.max = 16384 (custom)
2019-06-18 14:55:14,181 INFO  server.RaftServerConfigKeys (ConfUtils.java:logGet(43)) - raft.server.log.preallocated.size = 16384 (custom)
2019-06-18 14:55:14,181 INFO  server.RaftServerConfigKeys (ConfUtils.java:logGet(43)) - raft.server.log.write.buffer.size = 33554432 (custom)
2019-06-18 14:55:14,181 INFO  server.RaftServerConfigKeys (ConfUtils.java:logGet(43)) - raft.server.log.force.sync.num = 128 (default)
2019-06-18 14:55:14,182 INFO  server.RaftServerConfigKeys (ConfUtils.java:logGet(43)) - raft.server.log.statemachine.data.sync = true (default)
2019-06-18 14:55:14,182 INFO  server.RaftServerConfigKeys (ConfUtils.java:logGet(43)) - raft.server.log.statemachine.data.sync.timeout = 10s (default)
2019-06-18 14:55:14,182 INFO  server.RaftServerConfigKeys (ConfUtils.java:logGet(43)) - raft.server.log.statemachine.data.sync.timeout.retry = -1 (default)
2019-06-18 14:55:14,184 INFO  server.RaftServerConfigKeys (ConfUtils.java:logGet(43)) - raft.server.log.statemachine.data.caching.enabled = true (custom)
2019-06-18 14:55:14,188 INFO  server.RaftServerConfigKeys (ConfUtils.java:logGet(43)) - raft.server.snapshot.auto.trigger.enabled = true (custom)
2019-06-18 14:55:14,189 INFO  server.RaftServerConfigKeys (ConfUtils.java:logGet(43)) - raft.server.snapshot.auto.trigger.threshold = 10000 (custom)
2019-06-18 14:55:14,189 INFO  server.RaftServerConfigKeys (ConfUtils.java:logGet(43)) - raft.server.retrycache.expirytime = 600000ms (custom)
2019-06-18 14:55:14,203 INFO  impl.RaftServerImpl (RaftServerImpl.java:start(173)) - a4cd4b5a-8e8a-4ce3-bcbe-0c82b500e502: start group-095C0816B880
2019-06-18 14:55:14,204 INFO  impl.RaftServerImpl (RaftServerImpl.java:setRole(164)) - a4cd4b5a-8e8a-4ce3-bcbe-0c82b500e502:group-095C0816B880 changes role from null to FOLLOWER at term 0 for startAsFollower
2019-06-18 14:55:14,205 INFO  impl.RoleInfo (RoleInfo.java:updateAndGet(143)) - a4cd4b5a-8e8a-4ce3-bcbe-0c82b500e502: start FollowerState
2019-06-18 14:55:14,206 INFO  util.JmxRegister (JmxRegister.java:tryRegister(44)) - Successfully registered JMX Bean with object name Ratis:service=RaftServer,group=group-095C0816B880,id=a4cd4b5a-8e8a-4ce3-bcbe-0c82b500e502
2019-06-18 14:55:14,401 INFO  ozone.MiniOzoneClusterImpl (MiniOzoneClusterImpl.java:lambda$waitForClusterToBeReady$0(142)) - Waiting for cluster to be ready. Got 2 of 3 DN Heartbeats.
2019-06-18 14:55:14,405 INFO  node.SCMNodeManager (SCMNodeManager.java:register(269)) - Registered Data node : df7c67b5-5209-4dbd-a055-a7341ea389f3{ip: 192.168.134.95, host: ozone-unit-076618677d3tk4rf-905488364, networkLocation: /default-rack, certSerialId: null}
2019-06-18 14:55:14,432 INFO  pipeline.PipelineStateManager (PipelineStateManager.java:addPipeline(56)) - Created pipeline Pipeline[ Id: 8027787a-36f0-4bca-ab6f-095c0816b880, Nodes: a4cd4b5a-8e8a-4ce3-bcbe-0c82b500e502{ip: 192.168.134.95, host: ozone-unit-076618677d3tk4rf-905488364, networkLocation: /default-rack, certSerialId: null}, Type:RATIS, Factor:ONE, State:OPEN]
2019-06-18 14:55:14,446 INFO  impl.RaftServerProxy (RaftServerProxy.java:addNew(89)) - d403ffbe-7eee-4c6a-a3f7-e9d8ed91e706: addNew group-D9CAB7B533AF:[d403ffbe-7eee-4c6a-a3f7-e9d8ed91e706:192.168.134.95:36001] returns group-D9CAB7B533AF:java.util.concurrent.CompletableFuture@5fc9c43c[Not completed]
2019-06-18 14:55:14,467 INFO  impl.RaftServerImpl (RaftServerImpl.java:<init>(91)) - d403ffbe-7eee-4c6a-a3f7-e9d8ed91e706: new RaftServerImpl for group-D9CAB7B533AF:[d403ffbe-7eee-4c6a-a3f7-e9d8ed91e706:192.168.134.95:36001] with ContainerStateMachine:uninitialized
2019-06-18 14:55:14,469 INFO  server.RaftServerConfigKeys (ConfUtils.java:logGet(43)) - raft.server.rpc.timeout.min = 1s (custom)
2019-06-18 14:55:14,469 INFO  server.RaftServerConfigKeys (ConfUtils.java:logGet(43)) - raft.server.rpc.timeout.max = 1200ms (custom)
2019-06-18 14:55:14,469 INFO  server.RaftServerConfigKeys (ConfUtils.java:logGet(43)) - raft.server.rpcslowness.timeout = 120s (custom)
2019-06-18 14:55:14,469 INFO  server.RaftServerConfigKeys (ConfUtils.java:logGet(43)) - raft.server.log.appender.install.snapshot.enabled = true (default)
2019-06-18 14:55:14,469 INFO  impl.RaftServerImpl (ServerState.java:<init>(101)) - d403ffbe-7eee-4c6a-a3f7-e9d8ed91e706:group-D9CAB7B533AF ConfigurationManager, init=-1: [d403ffbe-7eee-4c6a-a3f7-e9d8ed91e706:192.168.134.95:36001], old=null, confs=<EMPTY_MAP>
2019-06-18 14:55:14,470 INFO  server.RaftServerConfigKeys (ConfUtils.java:logGet(43)) - raft.server.storage.dir = [/opt/src/hadoop-ozone/tools/target/test-dir/MiniOzoneClusterImpl-4890df67-16ce-4acc-8757-8db9d8e500ed/datanode-1/data/ratis] (custom)
2019-06-18 14:55:14,470 INFO  storage.RaftStorageDirectory (RaftStorageDirectory.java:analyzeStorage(246)) - The storage directory /opt/src/hadoop-ozone/tools/target/test-dir/MiniOzoneClusterImpl-4890df67-16ce-4acc-8757-8db9d8e500ed/datanode-1/data/ratis/e066ae8a-29aa-4fe5-b7d3-d9cab7b533af does not exist. Creating ...
2019-06-18 14:55:14,473 INFO  storage.RaftStorageDirectory (RaftStorageDirectory.java:tryLock(328)) - Lock on /opt/src/hadoop-ozone/tools/target/test-dir/MiniOzoneClusterImpl-4890df67-16ce-4acc-8757-8db9d8e500ed/datanode-1/data/ratis/e066ae8a-29aa-4fe5-b7d3-d9cab7b533af/in_use.lock acquired by nodename 18160@ozone-unit-076618677d3tk4rf-905488364
2019-06-18 14:55:14,476 INFO  storage.RaftStorage (RaftStorage.java:format(75)) - Storage directory /opt/src/hadoop-ozone/tools/target/test-dir/MiniOzoneClusterImpl-4890df67-16ce-4acc-8757-8db9d8e500ed/datanode-1/data/ratis/e066ae8a-29aa-4fe5-b7d3-d9cab7b533af has been successfully formatted.
2019-06-18 14:55:14,477 INFO  ratis.ContainerStateMachine (ContainerStateMachine.java:loadSnapshot(199)) - The snapshot info is null.Setting the last applied index to:(t:0, i:~)
2019-06-18 14:55:14,477 INFO  server.RaftServerConfigKeys (ConfUtils.java:logGet(43)) - raft.server.leader.election.timeout = 120s (custom)
2019-06-18 14:55:14,477 INFO  server.RaftServerConfigKeys (ConfUtils.java:logGet(43)) - raft.server.log.use.memory = false (default)
2019-06-18 14:55:14,477 INFO  server.RaftServerConfigKeys (ConfUtils.java:logGet(43)) - raft.server.log.appender.buffer.byte-limit = 33554432 (custom)
2019-06-18 14:55:14,478 INFO  server.RaftServerConfigKeys (ConfUtils.java:logGet(43)) - raft.server.log.segment.size.max = 16384 (custom)
2019-06-18 14:55:14,478 INFO  server.RaftServerConfigKeys (ConfUtils.java:logGet(43)) - raft.server.log.segment.cache.num.max = 2 (custom)
2019-06-18 14:55:14,478 INFO  storage.RaftLogWorker (RaftLogWorker.java:<init>(123)) - new d403ffbe-7eee-4c6a-a3f7-e9d8ed91e706-RaftLogWorker for Storage Directory /opt/src/hadoop-ozone/tools/target/test-dir/MiniOzoneClusterImpl-4890df67-16ce-4acc-8757-8db9d8e500ed/datanode-1/data/ratis/e066ae8a-29aa-4fe5-b7d3-d9cab7b533af
2019-06-18 14:55:14,478 INFO  server.RaftServerConfigKeys (ConfUtils.java:logGet(43)) - raft.server.log.queue.byte-limit = 2147483647 (custom)
2019-06-18 14:55:14,478 INFO  server.RaftServerConfigKeys (ConfUtils.java:logGet(43)) - raft.server.log.queue.element-limit = 1024 (custom)
2019-06-18 14:55:14,478 INFO  server.RaftServerConfigKeys (ConfUtils.java:logGet(43)) - raft.server.log.segment.size.max = 16384 (custom)
2019-06-18 14:55:14,479 INFO  server.RaftServerConfigKeys (ConfUtils.java:logGet(43)) - raft.server.log.preallocated.size = 16384 (custom)
2019-06-18 14:55:14,479 INFO  server.RaftServerConfigKeys (ConfUtils.java:logGet(43)) - raft.server.log.write.buffer.size = 33554432 (custom)
2019-06-18 14:55:14,479 INFO  server.RaftServerConfigKeys (ConfUtils.java:logGet(43)) - raft.server.log.force.sync.num = 128 (default)
2019-06-18 14:55:14,479 INFO  server.RaftServerConfigKeys (ConfUtils.java:logGet(43)) - raft.server.log.statemachine.data.sync = true (default)
2019-06-18 14:55:14,479 INFO  server.RaftServerConfigKeys (ConfUtils.java:logGet(43)) - raft.server.log.statemachine.data.sync.timeout = 10s (default)
2019-06-18 14:55:14,479 INFO  server.RaftServerConfigKeys (ConfUtils.java:logGet(43)) - raft.server.log.statemachine.data.sync.timeout.retry = -1 (default)
2019-06-18 14:55:14,479 INFO  server.RaftServerConfigKeys (ConfUtils.java:logGet(43)) - raft.server.log.statemachine.data.caching.enabled = true (custom)
2019-06-18 14:55:14,480 INFO  server.RaftServerConfigKeys (ConfUtils.java:logGet(43)) - raft.server.snapshot.auto.trigger.enabled = true (custom)
2019-06-18 14:55:14,480 INFO  server.RaftServerConfigKeys (ConfUtils.java:logGet(43)) - raft.server.snapshot.auto.trigger.threshold = 10000 (custom)
2019-06-18 14:55:14,480 INFO  server.RaftServerConfigKeys (ConfUtils.java:logGet(43)) - raft.server.retrycache.expirytime = 600000ms (custom)
2019-06-18 14:55:14,480 INFO  impl.RaftServerImpl (RaftServerImpl.java:start(173)) - d403ffbe-7eee-4c6a-a3f7-e9d8ed91e706: start group-D9CAB7B533AF
2019-06-18 14:55:14,480 INFO  impl.RaftServerImpl (RaftServerImpl.java:setRole(164)) - d403ffbe-7eee-4c6a-a3f7-e9d8ed91e706:group-D9CAB7B533AF changes role from null to FOLLOWER at term 0 for startAsFollower
2019-06-18 14:55:14,480 INFO  impl.RoleInfo (RoleInfo.java:updateAndGet(143)) - d403ffbe-7eee-4c6a-a3f7-e9d8ed91e706: start FollowerState
2019-06-18 14:55:14,481 INFO  util.JmxRegister (JmxRegister.java:tryRegister(44)) - Successfully registered JMX Bean with object name Ratis:service=RaftServer,group=group-D9CAB7B533AF,id=d403ffbe-7eee-4c6a-a3f7-e9d8ed91e706
2019-06-18 14:55:14,489 INFO  pipeline.PipelineStateManager (PipelineStateManager.java:addPipeline(56)) - Created pipeline Pipeline[ Id: e066ae8a-29aa-4fe5-b7d3-d9cab7b533af, Nodes: d403ffbe-7eee-4c6a-a3f7-e9d8ed91e706{ip: 192.168.134.95, host: ozone-unit-076618677d3tk4rf-905488364, networkLocation: /default-rack, certSerialId: null}, Type:RATIS, Factor:ONE, State:OPEN]
2019-06-18 14:55:14,502 INFO  impl.RaftServerProxy (RaftServerProxy.java:addNew(89)) - df7c67b5-5209-4dbd-a055-a7341ea389f3: addNew group-CD074A1D0F58:[df7c67b5-5209-4dbd-a055-a7341ea389f3:192.168.134.95:39865] returns group-CD074A1D0F58:java.util.concurrent.CompletableFuture@385a4f0[Not completed]
2019-06-18 14:55:14,507 INFO  impl.RaftServerImpl (RaftServerImpl.java:<init>(91)) - df7c67b5-5209-4dbd-a055-a7341ea389f3: new RaftServerImpl for group-CD074A1D0F58:[df7c67b5-5209-4dbd-a055-a7341ea389f3:192.168.134.95:39865] with ContainerStateMachine:uninitialized
2019-06-18 14:55:14,508 INFO  server.RaftServerConfigKeys (ConfUtils.java:logGet(43)) - raft.server.rpc.timeout.min = 1s (custom)
2019-06-18 14:55:14,508 INFO  server.RaftServerConfigKeys (ConfUtils.java:logGet(43)) - raft.server.rpc.timeout.max = 1200ms (custom)
2019-06-18 14:55:14,508 INFO  server.RaftServerConfigKeys (ConfUtils.java:logGet(43)) - raft.server.rpcslowness.timeout = 120s (custom)
2019-06-18 14:55:14,509 INFO  server.RaftServerConfigKeys (ConfUtils.java:logGet(43)) - raft.server.log.appender.install.snapshot.enabled = true (default)
2019-06-18 14:55:14,509 INFO  impl.RaftServerImpl (ServerState.java:<init>(101)) - df7c67b5-5209-4dbd-a055-a7341ea389f3:group-CD074A1D0F58 ConfigurationManager, init=-1: [df7c67b5-5209-4dbd-a055-a7341ea389f3:192.168.134.95:39865], old=null, confs=<EMPTY_MAP>
2019-06-18 14:55:14,509 INFO  server.RaftServerConfigKeys (ConfUtils.java:logGet(43)) - raft.server.storage.dir = [/opt/src/hadoop-ozone/tools/target/test-dir/MiniOzoneClusterImpl-4890df67-16ce-4acc-8757-8db9d8e500ed/datanode-2/data/ratis] (custom)
2019-06-18 14:55:14,509 INFO  storage.RaftStorageDirectory (RaftStorageDirectory.java:analyzeStorage(246)) - The storage directory /opt/src/hadoop-ozone/tools/target/test-dir/MiniOzoneClusterImpl-4890df67-16ce-4acc-8757-8db9d8e500ed/datanode-2/data/ratis/12fff1a9-05d1-485a-b1b0-cd074a1d0f58 does not exist. Creating ...
2019-06-18 14:55:14,512 INFO  storage.RaftStorageDirectory (RaftStorageDirectory.java:tryLock(328)) - Lock on /opt/src/hadoop-ozone/tools/target/test-dir/MiniOzoneClusterImpl-4890df67-16ce-4acc-8757-8db9d8e500ed/datanode-2/data/ratis/12fff1a9-05d1-485a-b1b0-cd074a1d0f58/in_use.lock acquired by nodename 18160@ozone-unit-076618677d3tk4rf-905488364
2019-06-18 14:55:14,514 INFO  storage.RaftStorage (RaftStorage.java:format(75)) - Storage directory /opt/src/hadoop-ozone/tools/target/test-dir/MiniOzoneClusterImpl-4890df67-16ce-4acc-8757-8db9d8e500ed/datanode-2/data/ratis/12fff1a9-05d1-485a-b1b0-cd074a1d0f58 has been successfully formatted.
2019-06-18 14:55:14,515 INFO  ratis.ContainerStateMachine (ContainerStateMachine.java:loadSnapshot(199)) - The snapshot info is null.Setting the last applied index to:(t:0, i:~)
2019-06-18 14:55:14,515 INFO  server.RaftServerConfigKeys (ConfUtils.java:logGet(43)) - raft.server.leader.election.timeout = 120s (custom)
2019-06-18 14:55:14,515 INFO  server.RaftServerConfigKeys (ConfUtils.java:logGet(43)) - raft.server.log.use.memory = false (default)
2019-06-18 14:55:14,515 INFO  server.RaftServerConfigKeys (ConfUtils.java:logGet(43)) - raft.server.log.appender.buffer.byte-limit = 33554432 (custom)
2019-06-18 14:55:14,515 INFO  server.RaftServerConfigKeys (ConfUtils.java:logGet(43)) - raft.server.log.segment.size.max = 16384 (custom)
2019-06-18 14:55:14,515 INFO  server.RaftServerConfigKeys (ConfUtils.java:logGet(43)) - raft.server.log.segment.cache.num.max = 2 (custom)
2019-06-18 14:55:14,516 INFO  storage.RaftLogWorker (RaftLogWorker.java:<init>(123)) - new df7c67b5-5209-4dbd-a055-a7341ea389f3-RaftLogWorker for Storage Directory /opt/src/hadoop-ozone/tools/target/test-dir/MiniOzoneClusterImpl-4890df67-16ce-4acc-8757-8db9d8e500ed/datanode-2/data/ratis/12fff1a9-05d1-485a-b1b0-cd074a1d0f58
2019-06-18 14:55:14,516 INFO  server.RaftServerConfigKeys (ConfUtils.java:logGet(43)) - raft.server.log.queue.byte-limit = 2147483647 (custom)
2019-06-18 14:55:14,516 INFO  server.RaftServerConfigKeys (ConfUtils.java:logGet(43)) - raft.server.log.queue.element-limit = 1024 (custom)
2019-06-18 14:55:14,516 INFO  server.RaftServerConfigKeys (ConfUtils.java:logGet(43)) - raft.server.log.segment.size.max = 16384 (custom)
2019-06-18 14:55:14,516 INFO  server.RaftServerConfigKeys (ConfUtils.java:logGet(43)) - raft.server.log.preallocated.size = 16384 (custom)
2019-06-18 14:55:14,516 INFO  server.RaftServerConfigKeys (ConfUtils.java:logGet(43)) - raft.server.log.write.buffer.size = 33554432 (custom)
2019-06-18 14:55:14,516 INFO  server.RaftServerConfigKeys (ConfUtils.java:logGet(43)) - raft.server.log.force.sync.num = 128 (default)
2019-06-18 14:55:14,516 INFO  server.RaftServerConfigKeys (ConfUtils.java:logGet(43)) - raft.server.log.statemachine.data.sync = true (default)
2019-06-18 14:55:14,517 INFO  server.RaftServerConfigKeys (ConfUtils.java:logGet(43)) - raft.server.log.statemachine.data.sync.timeout = 10s (default)
2019-06-18 14:55:14,517 INFO  server.RaftServerConfigKeys (ConfUtils.java:logGet(43)) - raft.server.log.statemachine.data.sync.timeout.retry = -1 (default)
2019-06-18 14:55:14,517 INFO  server.RaftServerConfigKeys (ConfUtils.java:logGet(43)) - raft.server.log.statemachine.data.caching.enabled = true (custom)
2019-06-18 14:55:14,517 INFO  server.RaftServerConfigKeys (ConfUtils.java:logGet(43)) - raft.server.snapshot.auto.trigger.enabled = true (custom)
2019-06-18 14:55:14,517 INFO  server.RaftServerConfigKeys (ConfUtils.java:logGet(43)) - raft.server.snapshot.auto.trigger.threshold = 10000 (custom)
2019-06-18 14:55:14,518 INFO  server.RaftServerConfigKeys (ConfUtils.java:logGet(43)) - raft.server.retrycache.expirytime = 600000ms (custom)
2019-06-18 14:55:14,518 INFO  impl.RaftServerImpl (RaftServerImpl.java:start(173)) - df7c67b5-5209-4dbd-a055-a7341ea389f3: start group-CD074A1D0F58
2019-06-18 14:55:14,518 INFO  impl.RaftServerImpl (RaftServerImpl.java:setRole(164)) - df7c67b5-5209-4dbd-a055-a7341ea389f3:group-CD074A1D0F58 changes role from null to FOLLOWER at term 0 for startAsFollower
2019-06-18 14:55:14,518 INFO  impl.RoleInfo (RoleInfo.java:updateAndGet(143)) - df7c67b5-5209-4dbd-a055-a7341ea389f3: start FollowerState
2019-06-18 14:55:14,518 INFO  util.JmxRegister (JmxRegister.java:tryRegister(44)) - Successfully registered JMX Bean with object name Ratis:service=RaftServer,group=group-CD074A1D0F58,id=df7c67b5-5209-4dbd-a055-a7341ea389f3
2019-06-18 14:55:14,526 INFO  pipeline.PipelineStateManager (PipelineStateManager.java:addPipeline(56)) - Created pipeline Pipeline[ Id: 12fff1a9-05d1-485a-b1b0-cd074a1d0f58, Nodes: df7c67b5-5209-4dbd-a055-a7341ea389f3{ip: 192.168.134.95, host: ozone-unit-076618677d3tk4rf-905488364, networkLocation: /default-rack, certSerialId: null}, Type:RATIS, Factor:ONE, State:OPEN]
2019-06-18 14:55:14,547 INFO  impl.RaftServerProxy (RaftServerProxy.java:addNew(89)) - a4cd4b5a-8e8a-4ce3-bcbe-0c82b500e502: addNew group-70B11A7AA1A2:[df7c67b5-5209-4dbd-a055-a7341ea389f3:192.168.134.95:39865, d403ffbe-7eee-4c6a-a3f7-e9d8ed91e706:192.168.134.95:36001, a4cd4b5a-8e8a-4ce3-bcbe-0c82b500e502:192.168.134.95:38681] returns group-70B11A7AA1A2:java.util.concurrent.CompletableFuture@15749d4a[Not completed]
2019-06-18 14:55:14,547 INFO  impl.RaftServerProxy (RaftServerProxy.java:addNew(89)) - df7c67b5-5209-4dbd-a055-a7341ea389f3: addNew group-70B11A7AA1A2:[df7c67b5-5209-4dbd-a055-a7341ea389f3:192.168.134.95:39865, d403ffbe-7eee-4c6a-a3f7-e9d8ed91e706:192.168.134.95:36001, a4cd4b5a-8e8a-4ce3-bcbe-0c82b500e502:192.168.134.95:38681] returns group-70B11A7AA1A2:java.util.concurrent.CompletableFuture@36739c6e[Not completed]
2019-06-18 14:55:14,548 INFO  impl.RaftServerImpl (RaftServerImpl.java:<init>(91)) - a4cd4b5a-8e8a-4ce3-bcbe-0c82b500e502: new RaftServerImpl for group-70B11A7AA1A2:[df7c67b5-5209-4dbd-a055-a7341ea389f3:192.168.134.95:39865, d403ffbe-7eee-4c6a-a3f7-e9d8ed91e706:192.168.134.95:36001, a4cd4b5a-8e8a-4ce3-bcbe-0c82b500e502:192.168.134.95:38681] with ContainerStateMachine:uninitialized
2019-06-18 14:55:14,548 INFO  server.RaftServerConfigKeys (ConfUtils.java:logGet(43)) - raft.server.rpc.timeout.min = 1s (custom)
2019-06-18 14:55:14,548 INFO  server.RaftServerConfigKeys (ConfUtils.java:logGet(43)) - raft.server.rpc.timeout.max = 1200ms (custom)
2019-06-18 14:55:14,549 INFO  server.RaftServerConfigKeys (ConfUtils.java:logGet(43)) - raft.server.rpcslowness.timeout = 120s (custom)
2019-06-18 14:55:14,549 INFO  server.RaftServerConfigKeys (ConfUtils.java:logGet(43)) - raft.server.log.appender.install.snapshot.enabled = true (default)
2019-06-18 14:55:14,549 INFO  impl.RaftServerImpl (ServerState.java:<init>(101)) - a4cd4b5a-8e8a-4ce3-bcbe-0c82b500e502:group-70B11A7AA1A2 ConfigurationManager, init=-1: [df7c67b5-5209-4dbd-a055-a7341ea389f3:192.168.134.95:39865, d403ffbe-7eee-4c6a-a3f7-e9d8ed91e706:192.168.134.95:36001, a4cd4b5a-8e8a-4ce3-bcbe-0c82b500e502:192.168.134.95:38681], old=null, confs=<EMPTY_MAP>
2019-06-18 14:55:14,549 INFO  impl.RaftServerImpl (RaftServerImpl.java:<init>(91)) - d403ffbe-7eee-4c6a-a3f7-e9d8ed91e706: new RaftServerImpl for group-70B11A7AA1A2:[df7c67b5-5209-4dbd-a055-a7341ea389f3:192.168.134.95:39865, d403ffbe-7eee-4c6a-a3f7-e9d8ed91e706:192.168.134.95:36001, a4cd4b5a-8e8a-4ce3-bcbe-0c82b500e502:192.168.134.95:38681] with ContainerStateMachine:uninitialized
2019-06-18 14:55:14,549 INFO  server.RaftServerConfigKeys (ConfUtils.java:logGet(43)) - raft.server.storage.dir = [/opt/src/hadoop-ozone/tools/target/test-dir/MiniOzoneClusterImpl-4890df67-16ce-4acc-8757-8db9d8e500ed/datanode-0/data/ratis] (custom)
2019-06-18 14:55:14,549 INFO  server.RaftServerConfigKeys (ConfUtils.java:logGet(43)) - raft.server.rpc.timeout.min = 1s (custom)
2019-06-18 14:55:14,549 INFO  server.RaftServerConfigKeys (ConfUtils.java:logGet(43)) - raft.server.rpc.timeout.max = 1200ms (custom)
2019-06-18 14:55:14,549 INFO  server.RaftServerConfigKeys (ConfUtils.java:logGet(43)) - raft.server.rpcslowness.timeout = 120s (custom)
2019-06-18 14:55:14,549 INFO  storage.RaftStorageDirectory (RaftStorageDirectory.java:analyzeStorage(246)) - The storage directory /opt/src/hadoop-ozone/tools/target/test-dir/MiniOzoneClusterImpl-4890df67-16ce-4acc-8757-8db9d8e500ed/datanode-0/data/ratis/25aa8a71-5f7a-4c18-bdf0-70b11a7aa1a2 does not exist. Creating ...
2019-06-18 14:55:14,549 INFO  impl.RaftServerProxy (RaftServerProxy.java:addNew(89)) - d403ffbe-7eee-4c6a-a3f7-e9d8ed91e706: addNew group-70B11A7AA1A2:[df7c67b5-5209-4dbd-a055-a7341ea389f3:192.168.134.95:39865, d403ffbe-7eee-4c6a-a3f7-e9d8ed91e706:192.168.134.95:36001, a4cd4b5a-8e8a-4ce3-bcbe-0c82b500e502:192.168.134.95:38681] returns group-70B11A7AA1A2:java.util.concurrent.CompletableFuture@7875b0ea[Not completed]
2019-06-18 14:55:14,549 INFO  server.RaftServerConfigKeys (ConfUtils.java:logGet(43)) - raft.server.log.appender.install.snapshot.enabled = true (default)
2019-06-18 14:55:14,550 INFO  impl.RaftServerImpl (ServerState.java:<init>(101)) - d403ffbe-7eee-4c6a-a3f7-e9d8ed91e706:group-70B11A7AA1A2 ConfigurationManager, init=-1: [df7c67b5-5209-4dbd-a055-a7341ea389f3:192.168.134.95:39865, d403ffbe-7eee-4c6a-a3f7-e9d8ed91e706:192.168.134.95:36001, a4cd4b5a-8e8a-4ce3-bcbe-0c82b500e502:192.168.134.95:38681], old=null, confs=<EMPTY_MAP>
2019-06-18 14:55:14,550 INFO  server.RaftServerConfigKeys (ConfUtils.java:logGet(43)) - raft.server.storage.dir = [/opt/src/hadoop-ozone/tools/target/test-dir/MiniOzoneClusterImpl-4890df67-16ce-4acc-8757-8db9d8e500ed/datanode-1/data/ratis] (custom)
2019-06-18 14:55:14,550 INFO  storage.RaftStorageDirectory (RaftStorageDirectory.java:analyzeStorage(246)) - The storage directory /opt/src/hadoop-ozone/tools/target/test-dir/MiniOzoneClusterImpl-4890df67-16ce-4acc-8757-8db9d8e500ed/datanode-1/data/ratis/25aa8a71-5f7a-4c18-bdf0-70b11a7aa1a2 does not exist. Creating ...
2019-06-18 14:55:14,551 INFO  impl.RaftServerImpl (RaftServerImpl.java:<init>(91)) - df7c67b5-5209-4dbd-a055-a7341ea389f3: new RaftServerImpl for group-70B11A7AA1A2:[df7c67b5-5209-4dbd-a055-a7341ea389f3:192.168.134.95:39865, d403ffbe-7eee-4c6a-a3f7-e9d8ed91e706:192.168.134.95:36001, a4cd4b5a-8e8a-4ce3-bcbe-0c82b500e502:192.168.134.95:38681] with ContainerStateMachine:uninitialized
2019-06-18 14:55:14,551 INFO  server.RaftServerConfigKeys (ConfUtils.java:logGet(43)) - raft.server.rpc.timeout.min = 1s (custom)
2019-06-18 14:55:14,551 INFO  server.RaftServerConfigKeys (ConfUtils.java:logGet(43)) - raft.server.rpc.timeout.max = 1200ms (custom)
2019-06-18 14:55:14,551 INFO  server.RaftServerConfigKeys (ConfUtils.java:logGet(43)) - raft.server.rpcslowness.timeout = 120s (custom)
2019-06-18 14:55:14,551 INFO  server.RaftServerConfigKeys (ConfUtils.java:logGet(43)) - raft.server.log.appender.install.snapshot.enabled = true (default)
2019-06-18 14:55:14,551 INFO  impl.RaftServerImpl (ServerState.java:<init>(101)) - df7c67b5-5209-4dbd-a055-a7341ea389f3:group-70B11A7AA1A2 ConfigurationManager, init=-1: [df7c67b5-5209-4dbd-a055-a7341ea389f3:192.168.134.95:39865, d403ffbe-7eee-4c6a-a3f7-e9d8ed91e706:192.168.134.95:36001, a4cd4b5a-8e8a-4ce3-bcbe-0c82b500e502:192.168.134.95:38681], old=null, confs=<EMPTY_MAP>
2019-06-18 14:55:14,552 INFO  server.RaftServerConfigKeys (ConfUtils.java:logGet(43)) - raft.server.storage.dir = [/opt/src/hadoop-ozone/tools/target/test-dir/MiniOzoneClusterImpl-4890df67-16ce-4acc-8757-8db9d8e500ed/datanode-2/data/ratis] (custom)
2019-06-18 14:55:14,552 INFO  storage.RaftStorageDirectory (RaftStorageDirectory.java:tryLock(328)) - Lock on /opt/src/hadoop-ozone/tools/target/test-dir/MiniOzoneClusterImpl-4890df67-16ce-4acc-8757-8db9d8e500ed/datanode-0/data/ratis/25aa8a71-5f7a-4c18-bdf0-70b11a7aa1a2/in_use.lock acquired by nodename 18160@ozone-unit-076618677d3tk4rf-905488364
2019-06-18 14:55:14,552 INFO  storage.RaftStorageDirectory (RaftStorageDirectory.java:analyzeStorage(246)) - The storage directory /opt/src/hadoop-ozone/tools/target/test-dir/MiniOzoneClusterImpl-4890df67-16ce-4acc-8757-8db9d8e500ed/datanode-2/data/ratis/25aa8a71-5f7a-4c18-bdf0-70b11a7aa1a2 does not exist. Creating ...
2019-06-18 14:55:14,553 INFO  storage.RaftStorageDirectory (RaftStorageDirectory.java:tryLock(328)) - Lock on /opt/src/hadoop-ozone/tools/target/test-dir/MiniOzoneClusterImpl-4890df67-16ce-4acc-8757-8db9d8e500ed/datanode-1/data/ratis/25aa8a71-5f7a-4c18-bdf0-70b11a7aa1a2/in_use.lock acquired by nodename 18160@ozone-unit-076618677d3tk4rf-905488364
2019-06-18 14:55:14,555 INFO  storage.RaftStorageDirectory (RaftStorageDirectory.java:tryLock(328)) - Lock on /opt/src/hadoop-ozone/tools/target/test-dir/MiniOzoneClusterImpl-4890df67-16ce-4acc-8757-8db9d8e500ed/datanode-2/data/ratis/25aa8a71-5f7a-4c18-bdf0-70b11a7aa1a2/in_use.lock acquired by nodename 18160@ozone-unit-076618677d3tk4rf-905488364
2019-06-18 14:55:14,555 INFO  storage.RaftStorage (RaftStorage.java:format(75)) - Storage directory /opt/src/hadoop-ozone/tools/target/test-dir/MiniOzoneClusterImpl-4890df67-16ce-4acc-8757-8db9d8e500ed/datanode-0/data/ratis/25aa8a71-5f7a-4c18-bdf0-70b11a7aa1a2 has been successfully formatted.
2019-06-18 14:55:14,555 INFO  ratis.ContainerStateMachine (ContainerStateMachine.java:loadSnapshot(199)) - The snapshot info is null.Setting the last applied index to:(t:0, i:~)
2019-06-18 14:55:14,555 INFO  server.RaftServerConfigKeys (ConfUtils.java:logGet(43)) - raft.server.leader.election.timeout = 120s (custom)
2019-06-18 14:55:14,555 INFO  server.RaftServerConfigKeys (ConfUtils.java:logGet(43)) - raft.server.log.use.memory = false (default)
2019-06-18 14:55:14,555 INFO  server.RaftServerConfigKeys (ConfUtils.java:logGet(43)) - raft.server.log.appender.buffer.byte-limit = 33554432 (custom)
2019-06-18 14:55:14,555 INFO  server.RaftServerConfigKeys (ConfUtils.java:logGet(43)) - raft.server.log.segment.size.max = 16384 (custom)
2019-06-18 14:55:14,555 INFO  server.RaftServerConfigKeys (ConfUtils.java:logGet(43)) - raft.server.log.segment.cache.num.max = 2 (custom)
2019-06-18 14:55:14,555 INFO  storage.RaftLogWorker (RaftLogWorker.java:<init>(123)) - new a4cd4b5a-8e8a-4ce3-bcbe-0c82b500e502-RaftLogWorker for Storage Directory /opt/src/hadoop-ozone/tools/target/test-dir/MiniOzoneClusterImpl-4890df67-16ce-4acc-8757-8db9d8e500ed/datanode-0/data/ratis/25aa8a71-5f7a-4c18-bdf0-70b11a7aa1a2
2019-06-18 14:55:14,556 INFO  server.RaftServerConfigKeys (ConfUtils.java:logGet(43)) - raft.server.log.queue.byte-limit = 2147483647 (custom)
2019-06-18 14:55:14,556 INFO  server.RaftServerConfigKeys (ConfUtils.java:logGet(43)) - raft.server.log.queue.element-limit = 1024 (custom)
2019-06-18 14:55:14,556 INFO  server.RaftServerConfigKeys (ConfUtils.java:logGet(43)) - raft.server.log.segment.size.max = 16384 (custom)
2019-06-18 14:55:14,556 INFO  server.RaftServerConfigKeys (ConfUtils.java:logGet(43)) - raft.server.log.preallocated.size = 16384 (custom)
2019-06-18 14:55:14,556 INFO  server.RaftServerConfigKeys (ConfUtils.java:logGet(43)) - raft.server.log.write.buffer.size = 33554432 (custom)
2019-06-18 14:55:14,556 INFO  server.RaftServerConfigKeys (ConfUtils.java:logGet(43)) - raft.server.log.force.sync.num = 128 (default)
2019-06-18 14:55:14,556 INFO  server.RaftServerConfigKeys (ConfUtils.java:logGet(43)) - raft.server.log.statemachine.data.sync = true (default)
2019-06-18 14:55:14,556 INFO  server.RaftServerConfigKeys (ConfUtils.java:logGet(43)) - raft.server.log.statemachine.data.sync.timeout = 10s (default)
2019-06-18 14:55:14,556 INFO  storage.RaftStorage (RaftStorage.java:format(75)) - Storage directory /opt/src/hadoop-ozone/tools/target/test-dir/MiniOzoneClusterImpl-4890df67-16ce-4acc-8757-8db9d8e500ed/datanode-1/data/ratis/25aa8a71-5f7a-4c18-bdf0-70b11a7aa1a2 has been successfully formatted.
2019-06-18 14:55:14,556 INFO  server.RaftServerConfigKeys (ConfUtils.java:logGet(43)) - raft.server.log.statemachine.data.sync.timeout.retry = -1 (default)
2019-06-18 14:55:14,557 INFO  server.RaftServerConfigKeys (ConfUtils.java:logGet(43)) - raft.server.log.statemachine.data.caching.enabled = true (custom)
2019-06-18 14:55:14,557 INFO  ratis.ContainerStateMachine (ContainerStateMachine.java:loadSnapshot(199)) - The snapshot info is null.Setting the last applied index to:(t:0, i:~)
2019-06-18 14:55:14,557 INFO  server.RaftServerConfigKeys (ConfUtils.java:logGet(43)) - raft.server.leader.election.timeout = 120s (custom)
2019-06-18 14:55:14,557 INFO  server.RaftServerConfigKeys (ConfUtils.java:logGet(43)) - raft.server.log.use.memory = false (default)
2019-06-18 14:55:14,557 INFO  server.RaftServerConfigKeys (ConfUtils.java:logGet(43)) - raft.server.log.appender.buffer.byte-limit = 33554432 (custom)
2019-06-18 14:55:14,557 INFO  server.RaftServerConfigKeys (ConfUtils.java:logGet(43)) - raft.server.log.segment.size.max = 16384 (custom)
2019-06-18 14:55:14,557 INFO  server.RaftServerConfigKeys (ConfUtils.java:logGet(43)) - raft.server.log.segment.cache.num.max = 2 (custom)
2019-06-18 14:55:14,558 INFO  storage.RaftLogWorker (RaftLogWorker.java:<init>(123)) - new d403ffbe-7eee-4c6a-a3f7-e9d8ed91e706-RaftLogWorker for Storage Directory /opt/src/hadoop-ozone/tools/target/test-dir/MiniOzoneClusterImpl-4890df67-16ce-4acc-8757-8db9d8e500ed/datanode-1/data/ratis/25aa8a71-5f7a-4c18-bdf0-70b11a7aa1a2
2019-06-18 14:55:14,558 INFO  server.RaftServerConfigKeys (ConfUtils.java:logGet(43)) - raft.server.log.queue.byte-limit = 2147483647 (custom)
2019-06-18 14:55:14,558 INFO  server.RaftServerConfigKeys (ConfUtils.java:logGet(43)) - raft.server.log.queue.element-limit = 1024 (custom)
2019-06-18 14:55:14,558 INFO  storage.RaftStorage (RaftStorage.java:format(75)) - Storage directory /opt/src/hadoop-ozone/tools/target/test-dir/MiniOzoneClusterImpl-4890df67-16ce-4acc-8757-8db9d8e500ed/datanode-2/data/ratis/25aa8a71-5f7a-4c18-bdf0-70b11a7aa1a2 has been successfully formatted.
2019-06-18 14:55:14,558 INFO  server.RaftServerConfigKeys (ConfUtils.java:logGet(43)) - raft.server.log.segment.size.max = 16384 (custom)
2019-06-18 14:55:14,558 INFO  ratis.ContainerStateMachine (ContainerStateMachine.java:loadSnapshot(199)) - The snapshot info is null.Setting the last applied index to:(t:0, i:~)
2019-06-18 14:55:14,558 INFO  server.RaftServerConfigKeys (ConfUtils.java:logGet(43)) - raft.server.log.preallocated.size = 16384 (custom)
2019-06-18 14:55:14,558 INFO  server.RaftServerConfigKeys (ConfUtils.java:logGet(43)) - raft.server.leader.election.timeout = 120s (custom)
2019-06-18 14:55:14,558 INFO  server.RaftServerConfigKeys (ConfUtils.java:logGet(43)) - raft.server.log.write.buffer.size = 33554432 (custom)
2019-06-18 14:55:14,559 INFO  server.RaftServerConfigKeys (ConfUtils.java:logGet(43)) - raft.server.log.use.memory = false (default)
2019-06-18 14:55:14,559 INFO  server.RaftServerConfigKeys (ConfUtils.java:logGet(43)) - raft.server.log.force.sync.num = 128 (default)
2019-06-18 14:55:14,559 INFO  server.RaftServerConfigKeys (ConfUtils.java:logGet(43)) - raft.server.log.appender.buffer.byte-limit = 33554432 (custom)
2019-06-18 14:55:14,559 INFO  server.RaftServerConfigKeys (ConfUtils.java:logGet(43)) - raft.server.log.statemachine.data.sync = true (default)
2019-06-18 14:55:14,559 INFO  server.RaftServerConfigKeys (ConfUtils.java:logGet(43)) - raft.server.log.segment.size.max = 16384 (custom)
2019-06-18 14:55:14,559 INFO  server.RaftServerConfigKeys (ConfUtils.java:logGet(43)) - raft.server.log.statemachine.data.sync.timeout = 10s (default)
2019-06-18 14:55:14,559 INFO  server.RaftServerConfigKeys (ConfUtils.java:logGet(43)) - raft.server.log.segment.cache.num.max = 2 (custom)
2019-06-18 14:55:14,560 INFO  server.RaftServerConfigKeys (ConfUtils.java:logGet(43)) - raft.server.log.statemachine.data.sync.timeout.retry = -1 (default)
2019-06-18 14:55:14,560 INFO  storage.RaftLogWorker (RaftLogWorker.java:<init>(123)) - new df7c67b5-5209-4dbd-a055-a7341ea389f3-RaftLogWorker for Storage Directory /opt/src/hadoop-ozone/tools/target/test-dir/MiniOzoneClusterImpl-4890df67-16ce-4acc-8757-8db9d8e500ed/datanode-2/data/ratis/25aa8a71-5f7a-4c18-bdf0-70b11a7aa1a2
2019-06-18 14:55:14,560 INFO  server.RaftServerConfigKeys (ConfUtils.java:logGet(43)) - raft.server.log.queue.byte-limit = 2147483647 (custom)
2019-06-18 14:55:14,560 INFO  server.RaftServerConfigKeys (ConfUtils.java:logGet(43)) - raft.server.log.statemachine.data.caching.enabled = true (custom)
2019-06-18 14:55:14,560 INFO  server.RaftServerConfigKeys (ConfUtils.java:logGet(43)) - raft.server.snapshot.auto.trigger.enabled = true (custom)
2019-06-18 14:55:14,561 INFO  server.RaftServerConfigKeys (ConfUtils.java:logGet(43)) - raft.server.snapshot.auto.trigger.threshold = 10000 (custom)
2019-06-18 14:55:14,561 INFO  server.RaftServerConfigKeys (ConfUtils.java:logGet(43)) - raft.server.snapshot.auto.trigger.enabled = true (custom)
2019-06-18 14:55:14,561 INFO  server.RaftServerConfigKeys (ConfUtils.java:logGet(43)) - raft.server.retrycache.expirytime = 600000ms (custom)
2019-06-18 14:55:14,561 INFO  impl.RaftServerImpl (RaftServerImpl.java:start(173)) - a4cd4b5a-8e8a-4ce3-bcbe-0c82b500e502: start group-70B11A7AA1A2
2019-06-18 14:55:14,561 INFO  impl.RaftServerImpl (RaftServerImpl.java:setRole(164)) - a4cd4b5a-8e8a-4ce3-bcbe-0c82b500e502:group-70B11A7AA1A2 changes role from null to FOLLOWER at term 0 for startAsFollower
2019-06-18 14:55:14,561 INFO  impl.RoleInfo (RoleInfo.java:updateAndGet(143)) - a4cd4b5a-8e8a-4ce3-bcbe-0c82b500e502: start FollowerState
2019-06-18 14:55:14,560 INFO  server.RaftServerConfigKeys (ConfUtils.java:logGet(43)) - raft.server.log.queue.element-limit = 1024 (custom)
2019-06-18 14:55:14,561 INFO  server.RaftServerConfigKeys (ConfUtils.java:logGet(43)) - raft.server.snapshot.auto.trigger.threshold = 10000 (custom)
2019-06-18 14:55:14,561 INFO  util.JmxRegister (JmxRegister.java:tryRegister(44)) - Successfully registered JMX Bean with object name Ratis:service=RaftServer,group=group-70B11A7AA1A2,id=a4cd4b5a-8e8a-4ce3-bcbe-0c82b500e502
2019-06-18 14:55:14,561 INFO  server.RaftServerConfigKeys (ConfUtils.java:logGet(43)) - raft.server.retrycache.expirytime = 600000ms (custom)
2019-06-18 14:55:14,562 INFO  impl.RaftServerImpl (RaftServerImpl.java:start(173)) - d403ffbe-7eee-4c6a-a3f7-e9d8ed91e706: start group-70B11A7AA1A2
2019-06-18 14:55:14,562 INFO  impl.RaftServerImpl (RaftServerImpl.java:setRole(164)) - d403ffbe-7eee-4c6a-a3f7-e9d8ed91e706:group-70B11A7AA1A2 changes role from null to FOLLOWER at term 0 for startAsFollower
2019-06-18 14:55:14,562 INFO  server.RaftServerConfigKeys (ConfUtils.java:logGet(43)) - raft.server.log.segment.size.max = 16384 (custom)
2019-06-18 14:55:14,562 INFO  server.RaftServerConfigKeys (ConfUtils.java:logGet(43)) - raft.server.log.preallocated.size = 16384 (custom)
2019-06-18 14:55:14,562 INFO  server.RaftServerConfigKeys (ConfUtils.java:logGet(43)) - raft.server.log.write.buffer.size = 33554432 (custom)
2019-06-18 14:55:14,562 INFO  server.RaftServerConfigKeys (ConfUtils.java:logGet(43)) - raft.server.log.force.sync.num = 128 (default)
2019-06-18 14:55:14,562 INFO  server.RaftServerConfigKeys (ConfUtils.java:logGet(43)) - raft.server.log.statemachine.data.sync = true (default)
2019-06-18 14:55:14,562 INFO  server.RaftServerConfigKeys (ConfUtils.java:logGet(43)) - raft.server.log.statemachine.data.sync.timeout = 10s (default)
2019-06-18 14:55:14,562 INFO  server.RaftServerConfigKeys (ConfUtils.java:logGet(43)) - raft.server.log.statemachine.data.sync.timeout.retry = -1 (default)
2019-06-18 14:55:14,563 INFO  impl.RoleInfo (RoleInfo.java:updateAndGet(143)) - d403ffbe-7eee-4c6a-a3f7-e9d8ed91e706: start FollowerState
2019-06-18 14:55:14,563 INFO  server.RaftServerConfigKeys (ConfUtils.java:logGet(43)) - raft.server.log.statemachine.data.caching.enabled = true (custom)
2019-06-18 14:55:14,563 INFO  util.JmxRegister (JmxRegister.java:tryRegister(44)) - Successfully registered JMX Bean with object name Ratis:service=RaftServer,group=group-70B11A7AA1A2,id=d403ffbe-7eee-4c6a-a3f7-e9d8ed91e706
2019-06-18 14:55:14,563 INFO  server.RaftServerConfigKeys (ConfUtils.java:logGet(43)) - raft.server.snapshot.auto.trigger.enabled = true (custom)
2019-06-18 14:55:14,563 INFO  server.RaftServerConfigKeys (ConfUtils.java:logGet(43)) - raft.server.snapshot.auto.trigger.threshold = 10000 (custom)
2019-06-18 14:55:14,564 INFO  server.RaftServerConfigKeys (ConfUtils.java:logGet(43)) - raft.server.retrycache.expirytime = 600000ms (custom)
2019-06-18 14:55:14,564 INFO  impl.RaftServerImpl (RaftServerImpl.java:start(173)) - df7c67b5-5209-4dbd-a055-a7341ea389f3: start group-70B11A7AA1A2
2019-06-18 14:55:14,564 INFO  impl.RaftServerImpl (RaftServerImpl.java:setRole(164)) - df7c67b5-5209-4dbd-a055-a7341ea389f3:group-70B11A7AA1A2 changes role from null to FOLLOWER at term 0 for startAsFollower
2019-06-18 14:55:14,564 INFO  impl.RoleInfo (RoleInfo.java:updateAndGet(143)) - df7c67b5-5209-4dbd-a055-a7341ea389f3: start FollowerState
2019-06-18 14:55:14,575 INFO  util.JmxRegister (JmxRegister.java:tryRegister(44)) - Successfully registered JMX Bean with object name Ratis:service=RaftServer,group=group-70B11A7AA1A2,id=df7c67b5-5209-4dbd-a055-a7341ea389f3
2019-06-18 14:55:14,590 INFO  pipeline.PipelineStateManager (PipelineStateManager.java:addPipeline(56)) - Created pipeline Pipeline[ Id: 25aa8a71-5f7a-4c18-bdf0-70b11a7aa1a2, Nodes: a4cd4b5a-8e8a-4ce3-bcbe-0c82b500e502{ip: 192.168.134.95, host: ozone-unit-076618677d3tk4rf-905488364, networkLocation: /default-rack, certSerialId: null}d403ffbe-7eee-4c6a-a3f7-e9d8ed91e706{ip: 192.168.134.95, host: ozone-unit-076618677d3tk4rf-905488364, networkLocation: /default-rack, certSerialId: null}df7c67b5-5209-4dbd-a055-a7341ea389f3{ip: 192.168.134.95, host: ozone-unit-076618677d3tk4rf-905488364, networkLocation: /default-rack, certSerialId: null}, Type:RATIS, Factor:THREE, State:OPEN]
2019-06-18 14:55:15,248 INFO  impl.FollowerState (FollowerState.java:run(101)) - a4cd4b5a-8e8a-4ce3-bcbe-0c82b500e502:group-095C0816B880 changes to CANDIDATE, lastRpcTime:1042, electionTimeout:1042ms
2019-06-18 14:55:15,248 INFO  impl.RoleInfo (RoleInfo.java:shutdownFollowerState(121)) - a4cd4b5a-8e8a-4ce3-bcbe-0c82b500e502: shutdown FollowerState
2019-06-18 14:55:15,248 INFO  impl.RaftServerImpl (RaftServerImpl.java:setRole(164)) - a4cd4b5a-8e8a-4ce3-bcbe-0c82b500e502:group-095C0816B880 changes role from FOLLOWER to CANDIDATE at term 0 for changeToCandidate
2019-06-18 14:55:15,249 INFO  impl.RoleInfo (RoleInfo.java:updateAndGet(143)) - a4cd4b5a-8e8a-4ce3-bcbe-0c82b500e502: start LeaderElection
2019-06-18 14:55:15,255 INFO  impl.LeaderElection (LeaderElection.java:askForVotes(181)) - a4cd4b5a-8e8a-4ce3-bcbe-0c82b500e502:group-095C0816B880:LeaderElection1: begin an election at term 1 for -1: [a4cd4b5a-8e8a-4ce3-bcbe-0c82b500e502:192.168.134.95:38681], old=null
2019-06-18 14:55:15,256 INFO  impl.RoleInfo (RoleInfo.java:shutdownLeaderElection(134)) - a4cd4b5a-8e8a-4ce3-bcbe-0c82b500e502: shutdown LeaderElection
2019-06-18 14:55:15,257 INFO  impl.RaftServerImpl (RaftServerImpl.java:setRole(164)) - a4cd4b5a-8e8a-4ce3-bcbe-0c82b500e502:group-095C0816B880 changes role from CANDIDATE to LEADER at term 1 for changeToLeader
2019-06-18 14:55:15,257 INFO  impl.RaftServerImpl (ServerState.java:setLeader(263)) - a4cd4b5a-8e8a-4ce3-bcbe-0c82b500e502:group-095C0816B880 change Leader from null to a4cd4b5a-8e8a-4ce3-bcbe-0c82b500e502 at term 1 for becomeLeader, leader elected after 1091ms
2019-06-18 14:55:15,261 INFO  server.RaftServerConfigKeys (ConfUtils.java:logGet(43)) - raft.server.staging.catchup.gap = 1000 (default)
2019-06-18 14:55:15,261 INFO  server.RaftServerConfigKeys (ConfUtils.java:logGet(43)) - raft.server.rpc.sleep.time = 25ms (default)
2019-06-18 14:55:15,263 INFO  server.RaftServerConfigKeys (ConfUtils.java:logGet(43)) - raft.server.watch.timeout = 10s (default)
2019-06-18 14:55:15,263 INFO  server.RaftServerConfigKeys (ConfUtils.java:logGet(43)) - raft.server.watch.timeout.denomination = 1s (default)
2019-06-18 14:55:15,267 INFO  impl.RoleInfo (RoleInfo.java:updateAndGet(143)) - a4cd4b5a-8e8a-4ce3-bcbe-0c82b500e502: start LeaderState
2019-06-18 14:55:15,280 INFO  storage.RaftLogWorker (RaftLogWorker.java:startLogSegment(298)) - a4cd4b5a-8e8a-4ce3-bcbe-0c82b500e502-RaftLogWorker: Starting segment from index:0
2019-06-18 14:55:15,286 INFO  impl.RaftServerImpl (ServerState.java:setRaftConf(361)) - a4cd4b5a-8e8a-4ce3-bcbe-0c82b500e502:group-095C0816B880 set configuration 0: [a4cd4b5a-8e8a-4ce3-bcbe-0c82b500e502:192.168.134.95:38681], old=null at 0
2019-06-18 14:55:15,401 INFO  ozone.MiniOzoneClusterImpl (MiniOzoneClusterImpl.java:lambda$waitForClusterToBeReady$0(142)) - Cluster is ready. Got 3 of 3 DN Heartbeats.
2019-06-18 14:55:15,413 INFO  storage.RaftLogWorker (RaftLogWorker.java:execute(469)) - a4cd4b5a-8e8a-4ce3-bcbe-0c82b500e502-RaftLogWorker: created new log segment /opt/src/hadoop-ozone/tools/target/test-dir/MiniOzoneClusterImpl-4890df67-16ce-4acc-8757-8db9d8e500ed/datanode-0/data/ratis/8027787a-36f0-4bca-ab6f-095c0816b880/current/log_inprogress_0
2019-06-18 14:55:15,576 INFO  impl.FollowerState (FollowerState.java:run(101)) - d403ffbe-7eee-4c6a-a3f7-e9d8ed91e706:group-D9CAB7B533AF changes to CANDIDATE, lastRpcTime:1095, electionTimeout:1095ms
2019-06-18 14:55:15,577 INFO  impl.RoleInfo (RoleInfo.java:shutdownFollowerState(121)) - d403ffbe-7eee-4c6a-a3f7-e9d8ed91e706: shutdown FollowerState
2019-06-18 14:55:15,577 INFO  impl.RaftServerImpl (RaftServerImpl.java:setRole(164)) - d403ffbe-7eee-4c6a-a3f7-e9d8ed91e706:group-D9CAB7B533AF changes role from FOLLOWER to CANDIDATE at term 0 for changeToCandidate
2019-06-18 14:55:15,577 INFO  impl.RoleInfo (RoleInfo.java:updateAndGet(143)) - d403ffbe-7eee-4c6a-a3f7-e9d8ed91e706: start LeaderElection
2019-06-18 14:55:15,587 INFO  impl.LeaderElection (LeaderElection.java:askForVotes(181)) - d403ffbe-7eee-4c6a-a3f7-e9d8ed91e706:group-D9CAB7B533AF:LeaderElection2: begin an election at term 1 for -1: [d403ffbe-7eee-4c6a-a3f7-e9d8ed91e706:192.168.134.95:36001], old=null
2019-06-18 14:55:15,587 INFO  impl.RoleInfo (RoleInfo.java:shutdownLeaderElection(134)) - d403ffbe-7eee-4c6a-a3f7-e9d8ed91e706: shutdown LeaderElection
2019-06-18 14:55:15,589 INFO  impl.RaftServerImpl (RaftServerImpl.java:setRole(164)) - d403ffbe-7eee-4c6a-a3f7-e9d8ed91e706:group-D9CAB7B533AF changes role from CANDIDATE to LEADER at term 1 for changeToLeader
2019-06-18 14:55:15,589 INFO  impl.RaftServerImpl (ServerState.java:setLeader(263)) - d403ffbe-7eee-4c6a-a3f7-e9d8ed91e706:group-D9CAB7B533AF change Leader from null to d403ffbe-7eee-4c6a-a3f7-e9d8ed91e706 at term 1 for becomeLeader, leader elected after 1111ms
2019-06-18 14:55:15,589 INFO  server.RaftServerConfigKeys (ConfUtils.java:logGet(43)) - raft.server.staging.catchup.gap = 1000 (default)
2019-06-18 14:55:15,589 INFO  server.RaftServerConfigKeys (ConfUtils.java:logGet(43)) - raft.server.rpc.sleep.time = 25ms (default)
2019-06-18 14:55:15,590 INFO  server.RaftServerConfigKeys (ConfUtils.java:logGet(43)) - raft.server.watch.timeout = 10s (default)
2019-06-18 14:55:15,590 INFO  server.RaftServerConfigKeys (ConfUtils.java:logGet(43)) - raft.server.watch.timeout.denomination = 1s (default)
2019-06-18 14:55:15,590 INFO  impl.RoleInfo (RoleInfo.java:updateAndGet(143)) - d403ffbe-7eee-4c6a-a3f7-e9d8ed91e706: start LeaderState
2019-06-18 14:55:15,591 INFO  storage.RaftLogWorker (RaftLogWorker.java:startLogSegment(298)) - d403ffbe-7eee-4c6a-a3f7-e9d8ed91e706-RaftLogWorker: Starting segment from index:0
2019-06-18 14:55:15,602 INFO  impl.RaftServerImpl (ServerState.java:setRaftConf(361)) - d403ffbe-7eee-4c6a-a3f7-e9d8ed91e706:group-D9CAB7B533AF set configuration 0: [d403ffbe-7eee-4c6a-a3f7-e9d8ed91e706:192.168.134.95:36001], old=null at 0
2019-06-18 14:55:15,632 INFO  storage.RaftLogWorker (RaftLogWorker.java:execute(469)) - d403ffbe-7eee-4c6a-a3f7-e9d8ed91e706-RaftLogWorker: created new log segment /opt/src/hadoop-ozone/tools/target/test-dir/MiniOzoneClusterImpl-4890df67-16ce-4acc-8757-8db9d8e500ed/datanode-1/data/ratis/e066ae8a-29aa-4fe5-b7d3-d9cab7b533af/current/log_inprogress_0
2019-06-18 14:55:15,680 INFO  impl.FollowerState (FollowerState.java:run(101)) - d403ffbe-7eee-4c6a-a3f7-e9d8ed91e706:group-70B11A7AA1A2 changes to CANDIDATE, lastRpcTime:1116, electionTimeout:1116ms
2019-06-18 14:55:15,680 INFO  impl.RoleInfo (RoleInfo.java:shutdownFollowerState(121)) - d403ffbe-7eee-4c6a-a3f7-e9d8ed91e706: shutdown FollowerState
2019-06-18 14:55:15,680 INFO  impl.RaftServerImpl (RaftServerImpl.java:setRole(164)) - d403ffbe-7eee-4c6a-a3f7-e9d8ed91e706:group-70B11A7AA1A2 changes role from FOLLOWER to CANDIDATE at term 0 for changeToCandidate
2019-06-18 14:55:15,680 INFO  impl.RoleInfo (RoleInfo.java:updateAndGet(143)) - d403ffbe-7eee-4c6a-a3f7-e9d8ed91e706: start LeaderElection
2019-06-18 14:55:15,684 INFO  impl.FollowerState (FollowerState.java:run(101)) - df7c67b5-5209-4dbd-a055-a7341ea389f3:group-CD074A1D0F58 changes to CANDIDATE, lastRpcTime:1164, electionTimeout:1162ms
2019-06-18 14:55:15,684 INFO  impl.RoleInfo (RoleInfo.java:shutdownFollowerState(121)) - df7c67b5-5209-4dbd-a055-a7341ea389f3: shutdown FollowerState
2019-06-18 14:55:15,685 INFO  impl.RaftServerImpl (RaftServerImpl.java:setRole(164)) - df7c67b5-5209-4dbd-a055-a7341ea389f3:group-CD074A1D0F58 changes role from FOLLOWER to CANDIDATE at term 0 for changeToCandidate
2019-06-18 14:55:15,685 INFO  impl.RoleInfo (RoleInfo.java:updateAndGet(143)) - df7c67b5-5209-4dbd-a055-a7341ea389f3: start LeaderElection
2019-06-18 14:55:15,687 INFO  impl.LeaderElection (LeaderElection.java:askForVotes(181)) - d403ffbe-7eee-4c6a-a3f7-e9d8ed91e706:group-70B11A7AA1A2:LeaderElection3: begin an election at term 1 for -1: [df7c67b5-5209-4dbd-a055-a7341ea389f3:192.168.134.95:39865, d403ffbe-7eee-4c6a-a3f7-e9d8ed91e706:192.168.134.95:36001, a4cd4b5a-8e8a-4ce3-bcbe-0c82b500e502:192.168.134.95:38681], old=null
2019-06-18 14:55:15,688 INFO  impl.FollowerState (FollowerState.java:run(101)) - a4cd4b5a-8e8a-4ce3-bcbe-0c82b500e502:group-70B11A7AA1A2 changes to CANDIDATE, lastRpcTime:1126, electionTimeout:1126ms
2019-06-18 14:55:15,688 INFO  impl.RoleInfo (RoleInfo.java:shutdownFollowerState(121)) - a4cd4b5a-8e8a-4ce3-bcbe-0c82b500e502: shutdown FollowerState
2019-06-18 14:55:15,688 INFO  impl.RaftServerImpl (RaftServerImpl.java:setRole(164)) - a4cd4b5a-8e8a-4ce3-bcbe-0c82b500e502:group-70B11A7AA1A2 changes role from FOLLOWER to CANDIDATE at term 0 for changeToCandidate
2019-06-18 14:55:15,688 INFO  impl.RoleInfo (RoleInfo.java:updateAndGet(143)) - a4cd4b5a-8e8a-4ce3-bcbe-0c82b500e502: start LeaderElection
2019-06-18 14:55:15,695 INFO  impl.LeaderElection (LeaderElection.java:askForVotes(181)) - df7c67b5-5209-4dbd-a055-a7341ea389f3:group-CD074A1D0F58:LeaderElection4: begin an election at term 1 for -1: [df7c67b5-5209-4dbd-a055-a7341ea389f3:192.168.134.95:39865], old=null
2019-06-18 14:55:15,696 INFO  impl.RoleInfo (RoleInfo.java:shutdownLeaderElection(134)) - df7c67b5-5209-4dbd-a055-a7341ea389f3: shutdown LeaderElection
2019-06-18 14:55:15,696 INFO  impl.RaftServerImpl (RaftServerImpl.java:setRole(164)) - df7c67b5-5209-4dbd-a055-a7341ea389f3:group-CD074A1D0F58 changes role from CANDIDATE to LEADER at term 1 for changeToLeader
2019-06-18 14:55:15,696 INFO  impl.RaftServerImpl (ServerState.java:setLeader(263)) - df7c67b5-5209-4dbd-a055-a7341ea389f3:group-CD074A1D0F58 change Leader from null to df7c67b5-5209-4dbd-a055-a7341ea389f3 at term 1 for becomeLeader, leader elected after 1180ms
2019-06-18 14:55:15,696 INFO  server.RaftServerConfigKeys (ConfUtils.java:logGet(43)) - raft.server.staging.catchup.gap = 1000 (default)
2019-06-18 14:55:15,696 INFO  server.RaftServerConfigKeys (ConfUtils.java:logGet(43)) - raft.server.rpc.sleep.time = 25ms (default)
2019-06-18 14:55:15,696 INFO  server.RaftServerConfigKeys (ConfUtils.java:logGet(43)) - raft.server.watch.timeout = 10s (default)
2019-06-18 14:55:15,696 INFO  server.RaftServerConfigKeys (ConfUtils.java:logGet(43)) - raft.server.watch.timeout.denomination = 1s (default)
2019-06-18 14:55:15,696 INFO  impl.RoleInfo (RoleInfo.java:updateAndGet(143)) - df7c67b5-5209-4dbd-a055-a7341ea389f3: start LeaderState
2019-06-18 14:55:15,697 INFO  storage.RaftLogWorker (RaftLogWorker.java:startLogSegment(298)) - df7c67b5-5209-4dbd-a055-a7341ea389f3-RaftLogWorker: Starting segment from index:0
2019-06-18 14:55:15,698 INFO  impl.LeaderElection (LeaderElection.java:askForVotes(181)) - a4cd4b5a-8e8a-4ce3-bcbe-0c82b500e502:group-70B11A7AA1A2:LeaderElection5: begin an election at term 1 for -1: [df7c67b5-5209-4dbd-a055-a7341ea389f3:192.168.134.95:39865, d403ffbe-7eee-4c6a-a3f7-e9d8ed91e706:192.168.134.95:36001, a4cd4b5a-8e8a-4ce3-bcbe-0c82b500e502:192.168.134.95:38681], old=null
2019-06-18 14:55:15,708 INFO  freon.RandomKeyGenerator (RandomKeyGenerator.java:call(261)) - Number of Threads: 10
2019-06-18 14:55:15,712 INFO  freon.RandomKeyGenerator (RandomKeyGenerator.java:call(267)) - Number of Volumes: 1.
2019-06-18 14:55:15,712 INFO  freon.RandomKeyGenerator (RandomKeyGenerator.java:call(268)) - Number of Buckets per Volume: 1.
2019-06-18 14:55:15,713 INFO  freon.RandomKeyGenerator (RandomKeyGenerator.java:call(269)) - Number of Keys per Bucket: 1.
2019-06-18 14:55:15,713 INFO  freon.RandomKeyGenerator (RandomKeyGenerator.java:call(270)) - Key size: 20971520 bytes
2019-06-18 14:55:15,713 INFO  freon.RandomKeyGenerator (RandomKeyGenerator.java:call(271)) - Buffer size: 4096 bytes
2019-06-18 14:55:15,713 INFO  impl.RaftServerImpl (ServerState.java:setRaftConf(361)) - df7c67b5-5209-4dbd-a055-a7341ea389f3:group-CD074A1D0F58 set configuration 0: [df7c67b5-5209-4dbd-a055-a7341ea389f3:192.168.134.95:39865], old=null at 0
2019-06-18 14:55:15,743 INFO  storage.RaftLogWorker (RaftLogWorker.java:execute(469)) - df7c67b5-5209-4dbd-a055-a7341ea389f3-RaftLogWorker: created new log segment /opt/src/hadoop-ozone/tools/target/test-dir/MiniOzoneClusterImpl-4890df67-16ce-4acc-8757-8db9d8e500ed/datanode-2/data/ratis/12fff1a9-05d1-485a-b1b0-cd074a1d0f58/current/log_inprogress_0
2019-06-18 14:55:15,750 INFO  impl.FollowerState (FollowerState.java:run(101)) - df7c67b5-5209-4dbd-a055-a7341ea389f3:group-70B11A7AA1A2 changes to CANDIDATE, lastRpcTime:1185, electionTimeout:1175ms
2019-06-18 14:55:15,750 INFO  impl.RoleInfo (RoleInfo.java:shutdownFollowerState(121)) - df7c67b5-5209-4dbd-a055-a7341ea389f3: shutdown FollowerState
2019-06-18 14:55:15,750 INFO  impl.RaftServerImpl (RaftServerImpl.java:setRole(164)) - df7c67b5-5209-4dbd-a055-a7341ea389f3:group-70B11A7AA1A2 changes role from FOLLOWER to CANDIDATE at term 0 for changeToCandidate
2019-06-18 14:55:15,750 INFO  freon.RandomKeyGenerator (RandomKeyGenerator.java:call(287)) - Data validation is enabled.
2019-06-18 14:55:15,752 INFO  freon.RandomKeyGenerator (RandomKeyGenerator.java:call(300)) - Starting progress bar Thread.
2019-06-18 14:55:15,755 INFO  impl.RoleInfo (RoleInfo.java:updateAndGet(143)) - df7c67b5-5209-4dbd-a055-a7341ea389f3: start LeaderElection

 0.00% |█                                                                                                    |  0/1 Time: 0:00:002019-06-18 14:55:15,780 INFO  impl.LeaderElection (LeaderElection.java:askForVotes(181)) - df7c67b5-5209-4dbd-a055-a7341ea389f3:group-70B11A7AA1A2:LeaderElection6: begin an election at term 1 for -1: [df7c67b5-5209-4dbd-a055-a7341ea389f3:192.168.134.95:39865, d403ffbe-7eee-4c6a-a3f7-e9d8ed91e706:192.168.134.95:36001, a4cd4b5a-8e8a-4ce3-bcbe-0c82b500e502:192.168.134.95:38681], old=null
2019-06-18 14:55:15,787 INFO  rpc.RpcClient (RpcClient.java:createVolume(289)) - Creating Volume: vol-0-07620, with jenkins1000 as owner.
2019-06-18 14:55:15,797 INFO  impl.LeaderElection (LeaderElection.java:logAndReturn(56)) - d403ffbe-7eee-4c6a-a3f7-e9d8ed91e706:group-70B11A7AA1A2:LeaderElection3: Election REJECTED; received 2 response(s) [d403ffbe-7eee-4c6a-a3f7-e9d8ed91e706->df7c67b5-5209-4dbd-a055-a7341ea389f3,false-t1, d403ffbe-7eee-4c6a-a3f7-e9d8ed91e706->a4cd4b5a-8e8a-4ce3-bcbe-0c82b500e502,false-t1] and 0 exception(s); d403ffbe-7eee-4c6a-a3f7-e9d8ed91e706:t1, leader=null, voted=d403ffbe-7eee-4c6a-a3f7-e9d8ed91e706, raftlog=d403ffbe-7eee-4c6a-a3f7-e9d8ed91e706-SegmentedRaftLog:OPENED:c-1,f-1,i0, conf=-1: [df7c67b5-5209-4dbd-a055-a7341ea389f3:192.168.134.95:39865, d403ffbe-7eee-4c6a-a3f7-e9d8ed91e706:192.168.134.95:36001, a4cd4b5a-8e8a-4ce3-bcbe-0c82b500e502:192.168.134.95:38681], old=null
2019-06-18 14:55:15,798 INFO  impl.RaftServerImpl (RaftServerImpl.java:setRole(164)) - d403ffbe-7eee-4c6a-a3f7-e9d8ed91e706:group-70B11A7AA1A2 changes role from CANDIDATE to FOLLOWER at term 1 for DISCOVERED_A_NEW_TERM
2019-06-18 14:55:15,798 INFO  impl.RoleInfo (RoleInfo.java:shutdownLeaderElection(134)) - d403ffbe-7eee-4c6a-a3f7-e9d8ed91e706: shutdown LeaderElection
2019-06-18 14:55:15,798 INFO  impl.RoleInfo (RoleInfo.java:updateAndGet(143)) - d403ffbe-7eee-4c6a-a3f7-e9d8ed91e706: start FollowerState
2019-06-18 14:55:15,807 INFO  impl.LeaderElection (LeaderElection.java:logAndReturn(56)) - a4cd4b5a-8e8a-4ce3-bcbe-0c82b500e502:group-70B11A7AA1A2:LeaderElection5: Election REJECTED; received 2 response(s) [a4cd4b5a-8e8a-4ce3-bcbe-0c82b500e502->df7c67b5-5209-4dbd-a055-a7341ea389f3,false-t1, a4cd4b5a-8e8a-4ce3-bcbe-0c82b500e502->d403ffbe-7eee-4c6a-a3f7-e9d8ed91e706,false-t1] and 0 exception(s); a4cd4b5a-8e8a-4ce3-bcbe-0c82b500e502:t1, leader=null, voted=a4cd4b5a-8e8a-4ce3-bcbe-0c82b500e502, raftlog=a4cd4b5a-8e8a-4ce3-bcbe-0c82b500e502-SegmentedRaftLog:OPENED:c-1,f-1,i0, conf=-1: [df7c67b5-5209-4dbd-a055-a7341ea389f3:192.168.134.95:39865, d403ffbe-7eee-4c6a-a3f7-e9d8ed91e706:192.168.134.95:36001, a4cd4b5a-8e8a-4ce3-bcbe-0c82b500e502:192.168.134.95:38681], old=null
2019-06-18 14:55:15,808 INFO  impl.RaftServerImpl (RaftServerImpl.java:setRole(164)) - a4cd4b5a-8e8a-4ce3-bcbe-0c82b500e502:group-70B11A7AA1A2 changes role from CANDIDATE to FOLLOWER at term 1 for DISCOVERED_A_NEW_TERM
2019-06-18 14:55:15,808 INFO  impl.RoleInfo (RoleInfo.java:shutdownLeaderElection(134)) - a4cd4b5a-8e8a-4ce3-bcbe-0c82b500e502: shutdown LeaderElection
2019-06-18 14:55:15,809 INFO  impl.RoleInfo (RoleInfo.java:updateAndGet(143)) - a4cd4b5a-8e8a-4ce3-bcbe-0c82b500e502: start FollowerState
2019-06-18 14:55:15,825 INFO  impl.LeaderElection (LeaderElection.java:logAndReturn(56)) - df7c67b5-5209-4dbd-a055-a7341ea389f3:group-70B11A7AA1A2:LeaderElection6: Election REJECTED; received 2 response(s) [df7c67b5-5209-4dbd-a055-a7341ea389f3->d403ffbe-7eee-4c6a-a3f7-e9d8ed91e706,false-t1, df7c67b5-5209-4dbd-a055-a7341ea389f3->a4cd4b5a-8e8a-4ce3-bcbe-0c82b500e502,false-t1] and 0 exception(s); df7c67b5-5209-4dbd-a055-a7341ea389f3:t1, leader=null, voted=df7c67b5-5209-4dbd-a055-a7341ea389f3, raftlog=df7c67b5-5209-4dbd-a055-a7341ea389f3-SegmentedRaftLog:OPENED:c-1,f-1,i0, conf=-1: [df7c67b5-5209-4dbd-a055-a7341ea389f3:192.168.134.95:39865, d403ffbe-7eee-4c6a-a3f7-e9d8ed91e706:192.168.134.95:36001, a4cd4b5a-8e8a-4ce3-bcbe-0c82b500e502:192.168.134.95:38681], old=null
2019-06-18 14:55:15,826 INFO  impl.RaftServerImpl (RaftServerImpl.java:setRole(164)) - df7c67b5-5209-4dbd-a055-a7341ea389f3:group-70B11A7AA1A2 changes role from CANDIDATE to FOLLOWER at term 1 for DISCOVERED_A_NEW_TERM
2019-06-18 14:55:15,828 INFO  impl.RoleInfo (RoleInfo.java:shutdownLeaderElection(134)) - df7c67b5-5209-4dbd-a055-a7341ea389f3: shutdown LeaderElection
2019-06-18 14:55:15,828 INFO  impl.RoleInfo (RoleInfo.java:updateAndGet(143)) - df7c67b5-5209-4dbd-a055-a7341ea389f3: start FollowerState
2019-06-18 14:55:15,833 INFO  rpc.RpcClient (RpcClient.java:createBucket(426)) - Creating Bucket: vol-0-07620/bucket-0-08008, with Versioning false and Storage Type set to DISK and Encryption set to false 
2019-06-18 14:55:16,000 INFO  client.GrpcClientProtocolClient (GrpcClientProtocolClient.java:onNext(254)) - client-092B1DCF330D->a4cd4b5a-8e8a-4ce3-bcbe-0c82b500e502: receive RaftClientReply:client-092B1DCF330D->a4cd4b5a-8e8a-4ce3-bcbe-0c82b500e502@group-70B11A7AA1A2, cid=6, FAILED org.apache.ratis.protocol.NotLeaderException: Server a4cd4b5a-8e8a-4ce3-bcbe-0c82b500e502 is not the leader (df7c67b5-5209-4dbd-a055-a7341ea389f3:192.168.134.95:39865). Request must be sent to leader., logIndex=0, commits[a4cd4b5a-8e8a-4ce3-bcbe-0c82b500e502:c-1]
2019-06-18 14:55:16,015 WARN  client.GrpcClientProtocolService (LogUtils.java:warn(134)) - 0-OrderedRequestStreamObserver0: onError: org.apache.ratis.thirdparty.io.grpc.StatusRuntimeException: CANCELLED: cancelled before receiving half close
 0.00% |█                                                                                                    |  0/1 Time: 0:00:012019-06-18 14:55:16,819 INFO  impl.FollowerState (FollowerState.java:run(101)) - a4cd4b5a-8e8a-4ce3-bcbe-0c82b500e502:group-70B11A7AA1A2 changes to CANDIDATE, lastRpcTime:1010, electionTimeout:1007ms
2019-06-18 14:55:16,820 INFO  impl.RoleInfo (RoleInfo.java:shutdownFollowerState(121)) - a4cd4b5a-8e8a-4ce3-bcbe-0c82b500e502: shutdown FollowerState
2019-06-18 14:55:16,820 INFO  impl.RaftServerImpl (RaftServerImpl.java:setRole(164)) - a4cd4b5a-8e8a-4ce3-bcbe-0c82b500e502:group-70B11A7AA1A2 changes role from FOLLOWER to CANDIDATE at term 1 for changeToCandidate
2019-06-18 14:55:16,820 INFO  impl.RoleInfo (RoleInfo.java:updateAndGet(143)) - a4cd4b5a-8e8a-4ce3-bcbe-0c82b500e502: start LeaderElection
2019-06-18 14:55:16,824 INFO  impl.LeaderElection (LeaderElection.java:askForVotes(181)) - a4cd4b5a-8e8a-4ce3-bcbe-0c82b500e502:group-70B11A7AA1A2:LeaderElection7: begin an election at term 2 for -1: [df7c67b5-5209-4dbd-a055-a7341ea389f3:192.168.134.95:39865, d403ffbe-7eee-4c6a-a3f7-e9d8ed91e706:192.168.134.95:36001, a4cd4b5a-8e8a-4ce3-bcbe-0c82b500e502:192.168.134.95:38681], old=null
2019-06-18 14:55:16,828 INFO  impl.RaftServerImpl (RaftServerImpl.java:setRole(164)) - df7c67b5-5209-4dbd-a055-a7341ea389f3:group-70B11A7AA1A2 changes role from FOLLOWER to FOLLOWER at term 2 for recognizeCandidate:a4cd4b5a-8e8a-4ce3-bcbe-0c82b500e502
2019-06-18 14:55:16,829 INFO  impl.RoleInfo (RoleInfo.java:shutdownFollowerState(121)) - df7c67b5-5209-4dbd-a055-a7341ea389f3: shutdown FollowerState
2019-06-18 14:55:16,829 INFO  impl.RoleInfo (RoleInfo.java:updateAndGet(143)) - df7c67b5-5209-4dbd-a055-a7341ea389f3: start FollowerState
2019-06-18 14:55:16,829 INFO  impl.FollowerState (FollowerState.java:run(109)) - df7c67b5-5209-4dbd-a055-a7341ea389f3: FollowerState was interrupted: java.lang.InterruptedException: sleep interrupted
2019-06-18 14:55:16,829 INFO  impl.RaftServerImpl (RaftServerImpl.java:setRole(164)) - d403ffbe-7eee-4c6a-a3f7-e9d8ed91e706:group-70B11A7AA1A2 changes role from FOLLOWER to FOLLOWER at term 2 for recognizeCandidate:a4cd4b5a-8e8a-4ce3-bcbe-0c82b500e502
2019-06-18 14:55:16,830 INFO  impl.RoleInfo (RoleInfo.java:shutdownFollowerState(121)) - d403ffbe-7eee-4c6a-a3f7-e9d8ed91e706: shutdown FollowerState
2019-06-18 14:55:16,830 INFO  impl.RoleInfo (RoleInfo.java:updateAndGet(143)) - d403ffbe-7eee-4c6a-a3f7-e9d8ed91e706: start FollowerState
2019-06-18 14:55:16,830 INFO  impl.FollowerState (FollowerState.java:run(109)) - d403ffbe-7eee-4c6a-a3f7-e9d8ed91e706: FollowerState was interrupted: java.lang.InterruptedException: sleep interrupted
2019-06-18 14:55:16,837 INFO  impl.LeaderElection (LeaderElection.java:logAndReturn(56)) - a4cd4b5a-8e8a-4ce3-bcbe-0c82b500e502:group-70B11A7AA1A2:LeaderElection7: Election PASSED; received 1 response(s) [a4cd4b5a-8e8a-4ce3-bcbe-0c82b500e502->df7c67b5-5209-4dbd-a055-a7341ea389f3,true-t2] and 0 exception(s); a4cd4b5a-8e8a-4ce3-bcbe-0c82b500e502:t2, leader=null, voted=a4cd4b5a-8e8a-4ce3-bcbe-0c82b500e502, raftlog=a4cd4b5a-8e8a-4ce3-bcbe-0c82b500e502-SegmentedRaftLog:OPENED:c-1,f-1,i0, conf=-1: [df7c67b5-5209-4dbd-a055-a7341ea389f3:192.168.134.95:39865, d403ffbe-7eee-4c6a-a3f7-e9d8ed91e706:192.168.134.95:36001, a4cd4b5a-8e8a-4ce3-bcbe-0c82b500e502:192.168.134.95:38681], old=null
2019-06-18 14:55:16,837 INFO  impl.RoleInfo (RoleInfo.java:shutdownLeaderElection(134)) - a4cd4b5a-8e8a-4ce3-bcbe-0c82b500e502: shutdown LeaderElection
2019-06-18 14:55:16,837 INFO  impl.RaftServerImpl (RaftServerImpl.java:setRole(164)) - a4cd4b5a-8e8a-4ce3-bcbe-0c82b500e502:group-70B11A7AA1A2 changes role from CANDIDATE to LEADER at term 2 for changeToLeader
2019-06-18 14:55:16,837 INFO  impl.RaftServerImpl (ServerState.java:setLeader(263)) - a4cd4b5a-8e8a-4ce3-bcbe-0c82b500e502:group-70B11A7AA1A2 change Leader from null to a4cd4b5a-8e8a-4ce3-bcbe-0c82b500e502 at term 2 for becomeLeader, leader elected after 2282ms
2019-06-18 14:55:16,837 INFO  server.RaftServerConfigKeys (ConfUtils.java:logGet(43)) - raft.server.staging.catchup.gap = 1000 (default)
2019-06-18 14:55:16,837 INFO  server.RaftServerConfigKeys (ConfUtils.java:logGet(43)) - raft.server.rpc.sleep.time = 25ms (default)
2019-06-18 14:55:16,837 INFO  server.RaftServerConfigKeys (ConfUtils.java:logGet(43)) - raft.server.watch.timeout = 10s (default)
2019-06-18 14:55:16,837 INFO  server.RaftServerConfigKeys (ConfUtils.java:logGet(43)) - raft.server.watch.timeout.denomination = 1s (default)
2019-06-18 14:55:16,839 INFO  server.RaftServerConfigKeys (ConfUtils.java:logGet(43)) - raft.server.log.appender.snapshot.chunk.size.max = 16MB (=16777216) (default)
2019-06-18 14:55:16,839 INFO  server.RaftServerConfigKeys (ConfUtils.java:logGet(43)) - raft.server.log.appender.buffer.byte-limit = 33554432 (custom)
2019-06-18 14:55:16,840 INFO  server.RaftServerConfigKeys (ConfUtils.java:logGet(43)) - raft.server.log.appender.buffer.element-limit = 1 (custom)
2019-06-18 14:55:16,841 INFO  grpc.GrpcConfigKeys$Server (ConfUtils.java:logGet(43)) - raft.grpc.server.leader.outstanding.appends.max = 128 (default)
2019-06-18 14:55:16,841 INFO  server.RaftServerConfigKeys (ConfUtils.java:logGet(43)) - raft.server.rpc.request.timeout = 3000ms (default)
2019-06-18 14:55:16,841 INFO  server.RaftServerConfigKeys (ConfUtils.java:logGet(43)) - raft.server.log.appender.install.snapshot.enabled = true (default)
2019-06-18 14:55:16,841 INFO  server.RaftServerConfigKeys (ConfUtils.java:logGet(43)) - raft.server.log.appender.snapshot.chunk.size.max = 16MB (=16777216) (default)
2019-06-18 14:55:16,842 INFO  server.RaftServerConfigKeys (ConfUtils.java:logGet(43)) - raft.server.log.appender.buffer.byte-limit = 33554432 (custom)
2019-06-18 14:55:16,842 INFO  server.RaftServerConfigKeys (ConfUtils.java:logGet(43)) - raft.server.log.appender.buffer.element-limit = 1 (custom)
2019-06-18 14:55:16,842 INFO  grpc.GrpcConfigKeys$Server (ConfUtils.java:logGet(43)) - raft.grpc.server.leader.outstanding.appends.max = 128 (default)
2019-06-18 14:55:16,843 INFO  server.RaftServerConfigKeys (ConfUtils.java:logGet(43)) - raft.server.rpc.request.timeout = 3000ms (default)
2019-06-18 14:55:16,843 INFO  server.RaftServerConfigKeys (ConfUtils.java:logGet(43)) - raft.server.log.appender.install.snapshot.enabled = true (default)
2019-06-18 14:55:16,843 INFO  impl.RoleInfo (RoleInfo.java:updateAndGet(143)) - a4cd4b5a-8e8a-4ce3-bcbe-0c82b500e502: start LeaderState
2019-06-18 14:55:16,844 INFO  storage.RaftLogWorker (RaftLogWorker.java:startLogSegment(298)) - a4cd4b5a-8e8a-4ce3-bcbe-0c82b500e502-RaftLogWorker: Starting segment from index:0
2019-06-18 14:55:16,850 INFO  impl.RaftServerImpl (ServerState.java:setRaftConf(361)) - a4cd4b5a-8e8a-4ce3-bcbe-0c82b500e502:group-70B11A7AA1A2 set configuration 0: [df7c67b5-5209-4dbd-a055-a7341ea389f3:192.168.134.95:39865, d403ffbe-7eee-4c6a-a3f7-e9d8ed91e706:192.168.134.95:36001, a4cd4b5a-8e8a-4ce3-bcbe-0c82b500e502:192.168.134.95:38681], old=null at 0
2019-06-18 14:55:16,883 INFO  storage.RaftLogWorker (RaftLogWorker.java:execute(469)) - a4cd4b5a-8e8a-4ce3-bcbe-0c82b500e502-RaftLogWorker: created new log segment /opt/src/hadoop-ozone/tools/target/test-dir/MiniOzoneClusterImpl-4890df67-16ce-4acc-8757-8db9d8e500ed/datanode-0/data/ratis/25aa8a71-5f7a-4c18-bdf0-70b11a7aa1a2/current/log_inprogress_0
2019-06-18 14:55:16,891 INFO  impl.RaftServerImpl (ServerState.java:setLeader(263)) - d403ffbe-7eee-4c6a-a3f7-e9d8ed91e706:group-70B11A7AA1A2 change Leader from null to a4cd4b5a-8e8a-4ce3-bcbe-0c82b500e502 at term 2 for appendEntries, leader elected after 2334ms
2019-06-18 14:55:16,891 INFO  impl.RaftServerImpl (ServerState.java:setLeader(263)) - df7c67b5-5209-4dbd-a055-a7341ea389f3:group-70B11A7AA1A2 change Leader from null to a4cd4b5a-8e8a-4ce3-bcbe-0c82b500e502 at term 2 for appendEntries, leader elected after 2332ms
2019-06-18 14:55:16,911 INFO  impl.RaftServerImpl (ServerState.java:setRaftConf(361)) - df7c67b5-5209-4dbd-a055-a7341ea389f3:group-70B11A7AA1A2 set configuration 0: [df7c67b5-5209-4dbd-a055-a7341ea389f3:192.168.134.95:39865, d403ffbe-7eee-4c6a-a3f7-e9d8ed91e706:192.168.134.95:36001, a4cd4b5a-8e8a-4ce3-bcbe-0c82b500e502:192.168.134.95:38681], old=null at 0
2019-06-18 14:55:16,911 INFO  impl.RaftServerImpl (ServerState.java:setRaftConf(361)) - d403ffbe-7eee-4c6a-a3f7-e9d8ed91e706:group-70B11A7AA1A2 set configuration 0: [df7c67b5-5209-4dbd-a055-a7341ea389f3:192.168.134.95:39865, d403ffbe-7eee-4c6a-a3f7-e9d8ed91e706:192.168.134.95:36001, a4cd4b5a-8e8a-4ce3-bcbe-0c82b500e502:192.168.134.95:38681], old=null at 0
2019-06-18 14:55:16,912 INFO  storage.RaftLogWorker (RaftLogWorker.java:startLogSegment(298)) - df7c67b5-5209-4dbd-a055-a7341ea389f3-RaftLogWorker: Starting segment from index:0
2019-06-18 14:55:16,912 INFO  storage.RaftLogWorker (RaftLogWorker.java:startLogSegment(298)) - d403ffbe-7eee-4c6a-a3f7-e9d8ed91e706-RaftLogWorker: Starting segment from index:0
2019-06-18 14:55:16,958 INFO  storage.RaftLogWorker (RaftLogWorker.java:execute(469)) - df7c67b5-5209-4dbd-a055-a7341ea389f3-RaftLogWorker: created new log segment /opt/src/hadoop-ozone/tools/target/test-dir/MiniOzoneClusterImpl-4890df67-16ce-4acc-8757-8db9d8e500ed/datanode-2/data/ratis/25aa8a71-5f7a-4c18-bdf0-70b11a7aa1a2/current/log_inprogress_0
2019-06-18 14:55:16,959 INFO  storage.RaftLogWorker (RaftLogWorker.java:execute(469)) - d403ffbe-7eee-4c6a-a3f7-e9d8ed91e706-RaftLogWorker: created new log segment /opt/src/hadoop-ozone/tools/target/test-dir/MiniOzoneClusterImpl-4890df67-16ce-4acc-8757-8db9d8e500ed/datanode-1/data/ratis/25aa8a71-5f7a-4c18-bdf0-70b11a7aa1a2/current/log_inprogress_0
2019-06-18 14:55:17,031 INFO  client.GrpcClientProtocolClient (GrpcClientProtocolClient.java:onNext(254)) - client-092B1DCF330D->df7c67b5-5209-4dbd-a055-a7341ea389f3: receive RaftClientReply:client-092B1DCF330D->df7c67b5-5209-4dbd-a055-a7341ea389f3@group-70B11A7AA1A2, cid=6, FAILED org.apache.ratis.protocol.NotLeaderException: Server df7c67b5-5209-4dbd-a055-a7341ea389f3 is not the leader (a4cd4b5a-8e8a-4ce3-bcbe-0c82b500e502:192.168.134.95:38681). Request must be sent to leader., logIndex=0, commits[df7c67b5-5209-4dbd-a055-a7341ea389f3:c0, d403ffbe-7eee-4c6a-a3f7-e9d8ed91e706:c-1, a4cd4b5a-8e8a-4ce3-bcbe-0c82b500e502:c0]
2019-06-18 14:55:17,034 WARN  client.GrpcClientProtocolService (LogUtils.java:warn(134)) - 0-OrderedRequestStreamObserver0: onError: org.apache.ratis.thirdparty.io.grpc.StatusRuntimeException: CANCELLED: cancelled before receiving half close
 0.00% |█                                                                                                    |  0/1 Time: 0:00:022019-06-18 14:55:18,047 INFO  client.GrpcClientProtocolClient (GrpcClientProtocolClient.java:onNext(254)) - client-092B1DCF330D->d403ffbe-7eee-4c6a-a3f7-e9d8ed91e706: receive RaftClientReply:client-092B1DCF330D->d403ffbe-7eee-4c6a-a3f7-e9d8ed91e706@group-70B11A7AA1A2, cid=6, FAILED org.apache.ratis.protocol.NotLeaderException: Server d403ffbe-7eee-4c6a-a3f7-e9d8ed91e706 is not the leader (a4cd4b5a-8e8a-4ce3-bcbe-0c82b500e502:192.168.134.95:38681). Request must be sent to leader., logIndex=0, commits[d403ffbe-7eee-4c6a-a3f7-e9d8ed91e706:c0, df7c67b5-5209-4dbd-a055-a7341ea389f3:c0, a4cd4b5a-8e8a-4ce3-bcbe-0c82b500e502:c0]
2019-06-18 14:55:18,051 WARN  client.GrpcClientProtocolService (LogUtils.java:warn(134)) - 0-OrderedRequestStreamObserver0: onError: org.apache.ratis.thirdparty.io.grpc.StatusRuntimeException: CANCELLED: cancelled before receiving half close
 0.00% |█                                                                                                    |  0/1 Time: 0:00:032019-06-18 14:55:19,067 INFO  client.GrpcClientProtocolClient (GrpcClientProtocolClient.java:onNext(254)) - client-092B1DCF330D->df7c67b5-5209-4dbd-a055-a7341ea389f3: receive RaftClientReply:client-092B1DCF330D->df7c67b5-5209-4dbd-a055-a7341ea389f3@group-70B11A7AA1A2, cid=6, FAILED org.apache.ratis.protocol.NotLeaderException: Server df7c67b5-5209-4dbd-a055-a7341ea389f3 is not the leader (a4cd4b5a-8e8a-4ce3-bcbe-0c82b500e502:192.168.134.95:38681). Request must be sent to leader., logIndex=0, commits[df7c67b5-5209-4dbd-a055-a7341ea389f3:c0, d403ffbe-7eee-4c6a-a3f7-e9d8ed91e706:c0, a4cd4b5a-8e8a-4ce3-bcbe-0c82b500e502:c0]
2019-06-18 14:55:19,071 WARN  client.GrpcClientProtocolService (LogUtils.java:warn(134)) - 1-OrderedRequestStreamObserver1: onError: org.apache.ratis.thirdparty.io.grpc.StatusRuntimeException: CANCELLED: cancelled before receiving half close
 0.00% |█                                                                                                    |  0/1 Time: 0:00:042019-06-18 14:55:20,085 INFO  client.GrpcClientProtocolClient (GrpcClientProtocolClient.java:onNext(254)) - client-092B1DCF330D->d403ffbe-7eee-4c6a-a3f7-e9d8ed91e706: receive RaftClientReply:client-092B1DCF330D->d403ffbe-7eee-4c6a-a3f7-e9d8ed91e706@group-70B11A7AA1A2, cid=6, FAILED org.apache.ratis.protocol.NotLeaderException: Server d403ffbe-7eee-4c6a-a3f7-e9d8ed91e706 is not the leader (a4cd4b5a-8e8a-4ce3-bcbe-0c82b500e502:192.168.134.95:38681). Request must be sent to leader., logIndex=0, commits[d403ffbe-7eee-4c6a-a3f7-e9d8ed91e706:c0, df7c67b5-5209-4dbd-a055-a7341ea389f3:c0, a4cd4b5a-8e8a-4ce3-bcbe-0c82b500e502:c0]
2019-06-18 14:55:20,088 WARN  client.GrpcClientProtocolService (LogUtils.java:warn(134)) - 1-OrderedRequestStreamObserver1: onError: org.apache.ratis.thirdparty.io.grpc.StatusRuntimeException: CANCELLED: cancelled before receiving half close
 0.00% |█                                                                                                    |  0/1 Time: 0:00:052019-06-18 14:55:21,098 INFO  client.GrpcClientProtocolClient (GrpcClientProtocolClient.java:onNext(254)) - client-092B1DCF330D->df7c67b5-5209-4dbd-a055-a7341ea389f3: receive RaftClientReply:client-092B1DCF330D->df7c67b5-5209-4dbd-a055-a7341ea389f3@group-70B11A7AA1A2, cid=6, FAILED org.apache.ratis.protocol.NotLeaderException: Server df7c67b5-5209-4dbd-a055-a7341ea389f3 is not the leader (a4cd4b5a-8e8a-4ce3-bcbe-0c82b500e502:192.168.134.95:38681). Request must be sent to leader., logIndex=0, commits[df7c67b5-5209-4dbd-a055-a7341ea389f3:c0, d403ffbe-7eee-4c6a-a3f7-e9d8ed91e706:c0, a4cd4b5a-8e8a-4ce3-bcbe-0c82b500e502:c0]
2019-06-18 14:55:21,101 WARN  client.GrpcClientProtocolService (LogUtils.java:warn(134)) - 2-OrderedRequestStreamObserver2: onError: org.apache.ratis.thirdparty.io.grpc.StatusRuntimeException: CANCELLED: cancelled before receiving half close
 0.00% |█                                                                                                    |  0/1 Time: 0:00:062019-06-18 14:55:22,113 INFO  client.GrpcClientProtocolClient (GrpcClientProtocolClient.java:onNext(254)) - client-092B1DCF330D->d403ffbe-7eee-4c6a-a3f7-e9d8ed91e706: receive RaftClientReply:client-092B1DCF330D->d403ffbe-7eee-4c6a-a3f7-e9d8ed91e706@group-70B11A7AA1A2, cid=6, FAILED org.apache.ratis.protocol.NotLeaderException: Server d403ffbe-7eee-4c6a-a3f7-e9d8ed91e706 is not the leader (a4cd4b5a-8e8a-4ce3-bcbe-0c82b500e502:192.168.134.95:38681). Request must be sent to leader., logIndex=0, commits[d403ffbe-7eee-4c6a-a3f7-e9d8ed91e706:c0, df7c67b5-5209-4dbd-a055-a7341ea389f3:c0, a4cd4b5a-8e8a-4ce3-bcbe-0c82b500e502:c0]
2019-06-18 14:55:22,115 WARN  client.GrpcClientProtocolService (LogUtils.java:warn(134)) - 2-OrderedRequestStreamObserver2: onError: org.apache.ratis.thirdparty.io.grpc.StatusRuntimeException: CANCELLED: cancelled before receiving half close
 0.00% |█                                                                                                    |  0/1 Time: 0:00:072019-06-18 14:55:23,129 INFO  client.GrpcClientProtocolClient (GrpcClientProtocolClient.java:onNext(254)) - client-092B1DCF330D->df7c67b5-5209-4dbd-a055-a7341ea389f3: receive RaftClientReply:client-092B1DCF330D->df7c67b5-5209-4dbd-a055-a7341ea389f3@group-70B11A7AA1A2, cid=6, FAILED org.apache.ratis.protocol.NotLeaderException: Server df7c67b5-5209-4dbd-a055-a7341ea389f3 is not the leader (a4cd4b5a-8e8a-4ce3-bcbe-0c82b500e502:192.168.134.95:38681). Request must be sent to leader., logIndex=0, commits[df7c67b5-5209-4dbd-a055-a7341ea389f3:c0, d403ffbe-7eee-4c6a-a3f7-e9d8ed91e706:c0, a4cd4b5a-8e8a-4ce3-bcbe-0c82b500e502:c0]
2019-06-18 14:55:23,133 WARN  client.GrpcClientProtocolService (LogUtils.java:warn(134)) - 3-OrderedRequestStreamObserver3: onError: org.apache.ratis.thirdparty.io.grpc.StatusRuntimeException: CANCELLED: cancelled before receiving half close
 0.00% |█                                                                                                    |  0/1 Time: 0:00:082019-06-18 14:55:24,278 INFO  client.GrpcClientProtocolClient (GrpcClientProtocolClient.java:onNext(254)) - client-092B1DCF330D->a4cd4b5a-8e8a-4ce3-bcbe-0c82b500e502: receive RaftClientReply:client-092B1DCF330D->a4cd4b5a-8e8a-4ce3-bcbe-0c82b500e502@group-70B11A7AA1A2, cid=6, SUCCESS, logIndex=1, commits[a4cd4b5a-8e8a-4ce3-bcbe-0c82b500e502:c1, df7c67b5-5209-4dbd-a055-a7341ea389f3:c0, d403ffbe-7eee-4c6a-a3f7-e9d8ed91e706:c0]
2019-06-18 14:55:24,333 INFO  client.GrpcClientProtocolClient (GrpcClientProtocolClient.java:onNext(254)) - client-092B1DCF330D->a4cd4b5a-8e8a-4ce3-bcbe-0c82b500e502: receive RaftClientReply:client-092B1DCF330D->a4cd4b5a-8e8a-4ce3-bcbe-0c82b500e502@group-70B11A7AA1A2, cid=7, SUCCESS, logIndex=3, commits[a4cd4b5a-8e8a-4ce3-bcbe-0c82b500e502:c4, df7c67b5-5209-4dbd-a055-a7341ea389f3:c3, d403ffbe-7eee-4c6a-a3f7-e9d8ed91e706:c3]
2019-06-18 14:55:24,355 INFO  client.GrpcClientProtocolClient (GrpcClientProtocolClient.java:onNext(254)) - client-092B1DCF330D->a4cd4b5a-8e8a-4ce3-bcbe-0c82b500e502: receive RaftClientReply:client-092B1DCF330D->a4cd4b5a-8e8a-4ce3-bcbe-0c82b500e502@group-70B11A7AA1A2, cid=8, SUCCESS, logIndex=5, commits[a4cd4b5a-8e8a-4ce3-bcbe-0c82b500e502:c5, df7c67b5-5209-4dbd-a055-a7341ea389f3:c3, d403ffbe-7eee-4c6a-a3f7-e9d8ed91e706:c4]
2019-06-18 14:55:24,359 INFO  client.GrpcClientProtocolClient (GrpcClientProtocolClient.java:onNext(254)) - client-092B1DCF330D->a4cd4b5a-8e8a-4ce3-bcbe-0c82b500e502: receive RaftClientReply:client-092B1DCF330D->a4cd4b5a-8e8a-4ce3-bcbe-0c82b500e502@group-70B11A7AA1A2, cid=9, SUCCESS, logIndex=6, commits[a4cd4b5a-8e8a-4ce3-bcbe-0c82b500e502:c6, df7c67b5-5209-4dbd-a055-a7341ea389f3:c3, d403ffbe-7eee-4c6a-a3f7-e9d8ed91e706:c4]
2019-06-18 14:55:24,394 INFO  client.GrpcClientProtocolClient (GrpcClientProtocolClient.java:onNext(254)) - client-092B1DCF330D->a4cd4b5a-8e8a-4ce3-bcbe-0c82b500e502: receive RaftClientReply:client-092B1DCF330D->a4cd4b5a-8e8a-4ce3-bcbe-0c82b500e502@group-70B11A7AA1A2, cid=10, SUCCESS, logIndex=9, commits[a4cd4b5a-8e8a-4ce3-bcbe-0c82b500e502:c9, df7c67b5-5209-4dbd-a055-a7341ea389f3:c6, d403ffbe-7eee-4c6a-a3f7-e9d8ed91e706:c8]
2019-06-18 14:55:24,403 INFO  client.GrpcClientProtocolClient (GrpcClientProtocolClient.java:onNext(254)) - client-092B1DCF330D->a4cd4b5a-8e8a-4ce3-bcbe-0c82b500e502: receive RaftClientReply:client-092B1DCF330D->a4cd4b5a-8e8a-4ce3-bcbe-0c82b500e502@group-70B11A7AA1A2, cid=11, SUCCESS, logIndex=11, commits[a4cd4b5a-8e8a-4ce3-bcbe-0c82b500e502:c11, df7c67b5-5209-4dbd-a055-a7341ea389f3:c9, d403ffbe-7eee-4c6a-a3f7-e9d8ed91e706:c9]
2019-06-18 14:55:24,433 INFO  client.GrpcClientProtocolClient (GrpcClientProtocolClient.java:onNext(254)) - client-092B1DCF330D->a4cd4b5a-8e8a-4ce3-bcbe-0c82b500e502: receive RaftClientReply:client-092B1DCF330D->a4cd4b5a-8e8a-4ce3-bcbe-0c82b500e502@group-70B11A7AA1A2, cid=12, SUCCESS, logIndex=13, commits[a4cd4b5a-8e8a-4ce3-bcbe-0c82b500e502:c13, df7c67b5-5209-4dbd-a055-a7341ea389f3:c12, d403ffbe-7eee-4c6a-a3f7-e9d8ed91e706:c12]
2019-06-18 14:55:24,449 INFO  client.GrpcClientProtocolClient (GrpcClientProtocolClient.java:onNext(254)) - client-092B1DCF330D->a4cd4b5a-8e8a-4ce3-bcbe-0c82b500e502: receive RaftClientReply:client-092B1DCF330D->a4cd4b5a-8e8a-4ce3-bcbe-0c82b500e502@group-70B11A7AA1A2, cid=13, SUCCESS, logIndex=15, commits[a4cd4b5a-8e8a-4ce3-bcbe-0c82b500e502:c15, df7c67b5-5209-4dbd-a055-a7341ea389f3:c13, d403ffbe-7eee-4c6a-a3f7-e9d8ed91e706:c13]
2019-06-18 14:55:24,524 INFO  client.GrpcClientProtocolClient (GrpcClientProtocolClient.java:onNext(254)) - client-092B1DCF330D->a4cd4b5a-8e8a-4ce3-bcbe-0c82b500e502: receive RaftClientReply:client-092B1DCF330D->a4cd4b5a-8e8a-4ce3-bcbe-0c82b500e502@group-70B11A7AA1A2, cid=14, SUCCESS, logIndex=0, commits[a4cd4b5a-8e8a-4ce3-bcbe-0c82b500e502:c16, df7c67b5-5209-4dbd-a055-a7341ea389f3:c15, d403ffbe-7eee-4c6a-a3f7-e9d8ed91e706:c15]
2019-06-18 14:55:24,587 INFO  client.GrpcClientProtocolClient (GrpcClientProtocolClient.java:onNext(254)) - client-092B1DCF330D->a4cd4b5a-8e8a-4ce3-bcbe-0c82b500e502: receive RaftClientReply:client-092B1DCF330D->a4cd4b5a-8e8a-4ce3-bcbe-0c82b500e502@group-70B11A7AA1A2, cid=15, SUCCESS, logIndex=17, commits[a4cd4b5a-8e8a-4ce3-bcbe-0c82b500e502:c18, df7c67b5-5209-4dbd-a055-a7341ea389f3:c17, d403ffbe-7eee-4c6a-a3f7-e9d8ed91e706:c15]
2019-06-18 14:55:24,629 INFO  client.GrpcClientProtocolClient (GrpcClientProtocolClient.java:onNext(254)) - client-092B1DCF330D->a4cd4b5a-8e8a-4ce3-bcbe-0c82b500e502: receive RaftClientReply:client-092B1DCF330D->a4cd4b5a-8e8a-4ce3-bcbe-0c82b500e502@group-70B11A7AA1A2, cid=16, SUCCESS, logIndex=19, commits[a4cd4b5a-8e8a-4ce3-bcbe-0c82b500e502:c23, df7c67b5-5209-4dbd-a055-a7341ea389f3:c21, d403ffbe-7eee-4c6a-a3f7-e9d8ed91e706:c21]
2019-06-18 14:55:24,633 INFO  client.GrpcClientProtocolClient (GrpcClientProtocolClient.java:onNext(254)) - client-092B1DCF330D->a4cd4b5a-8e8a-4ce3-bcbe-0c82b500e502: receive RaftClientReply:client-092B1DCF330D->a4cd4b5a-8e8a-4ce3-bcbe-0c82b500e502@group-70B11A7AA1A2, cid=17, SUCCESS, logIndex=20, commits[a4cd4b5a-8e8a-4ce3-bcbe-0c82b500e502:c23, df7c67b5-5209-4dbd-a055-a7341ea389f3:c21, d403ffbe-7eee-4c6a-a3f7-e9d8ed91e706:c21]
2019-06-18 14:55:24,652 INFO  client.GrpcClientProtocolClient (GrpcClientProtocolClient.java:onNext(254)) - client-092B1DCF330D->a4cd4b5a-8e8a-4ce3-bcbe-0c82b500e502: receive RaftClientReply:client-092B1DCF330D->a4cd4b5a-8e8a-4ce3-bcbe-0c82b500e502@group-70B11A7AA1A2, cid=18, SUCCESS, logIndex=21, commits[a4cd4b5a-8e8a-4ce3-bcbe-0c82b500e502:c23, df7c67b5-5209-4dbd-a055-a7341ea389f3:c21, d403ffbe-7eee-4c6a-a3f7-e9d8ed91e706:c21]
2019-06-18 14:55:24,676 INFO  client.GrpcClientProtocolClient (GrpcClientProtocolClient.java:onNext(254)) - client-092B1DCF330D->a4cd4b5a-8e8a-4ce3-bcbe-0c82b500e502: receive RaftClientReply:client-092B1DCF330D->a4cd4b5a-8e8a-4ce3-bcbe-0c82b500e502@group-70B11A7AA1A2, cid=19, SUCCESS, logIndex=24, commits[a4cd4b5a-8e8a-4ce3-bcbe-0c82b500e502:c24, df7c67b5-5209-4dbd-a055-a7341ea389f3:c23, d403ffbe-7eee-4c6a-a3f7-e9d8ed91e706:c21]
2019-06-18 14:55:24,693 INFO  client.GrpcClientProtocolClient (GrpcClientProtocolClient.java:onNext(254)) - client-092B1DCF330D->a4cd4b5a-8e8a-4ce3-bcbe-0c82b500e502: receive RaftClientReply:client-092B1DCF330D->a4cd4b5a-8e8a-4ce3-bcbe-0c82b500e502@group-70B11A7AA1A2, cid=20, SUCCESS, logIndex=26, commits[a4cd4b5a-8e8a-4ce3-bcbe-0c82b500e502:c26, df7c67b5-5209-4dbd-a055-a7341ea389f3:c24, d403ffbe-7eee-4c6a-a3f7-e9d8ed91e706:c24]
2019-06-18 14:55:24,702 INFO  client.GrpcClientProtocolClient (GrpcClientProtocolClient.java:onNext(254)) - client-092B1DCF330D->a4cd4b5a-8e8a-4ce3-bcbe-0c82b500e502: receive RaftClientReply:client-092B1DCF330D->a4cd4b5a-8e8a-4ce3-bcbe-0c82b500e502@group-70B11A7AA1A2, cid=21, SUCCESS, logIndex=28, commits[a4cd4b5a-8e8a-4ce3-bcbe-0c82b500e502:c28, df7c67b5-5209-4dbd-a055-a7341ea389f3:c27, d403ffbe-7eee-4c6a-a3f7-e9d8ed91e706:c26]
2019-06-18 14:55:24,713 INFO  client.GrpcClientProtocolClient (GrpcClientProtocolClient.java:onNext(254)) - client-092B1DCF330D->a4cd4b5a-8e8a-4ce3-bcbe-0c82b500e502: receive RaftClientReply:client-092B1DCF330D->a4cd4b5a-8e8a-4ce3-bcbe-0c82b500e502@group-70B11A7AA1A2, cid=22, SUCCESS, logIndex=30, commits[a4cd4b5a-8e8a-4ce3-bcbe-0c82b500e502:c30, df7c67b5-5209-4dbd-a055-a7341ea389f3:c28, d403ffbe-7eee-4c6a-a3f7-e9d8ed91e706:c27]
2019-06-18 14:55:24,721 INFO  client.GrpcClientProtocolClient (GrpcClientProtocolClient.java:onNext(254)) - client-092B1DCF330D->a4cd4b5a-8e8a-4ce3-bcbe-0c82b500e502: receive RaftClientReply:client-092B1DCF330D->a4cd4b5a-8e8a-4ce3-bcbe-0c82b500e502@group-70B11A7AA1A2, cid=23, SUCCESS, logIndex=0, commits[a4cd4b5a-8e8a-4ce3-bcbe-0c82b500e502:c31, df7c67b5-5209-4dbd-a055-a7341ea389f3:c30, d403ffbe-7eee-4c6a-a3f7-e9d8ed91e706:c30]
 0.00% |█                                                                                                    |  0/1 Time: 0:00:092019-06-18 14:55:24,779 INFO  client.GrpcClientProtocolClient (GrpcClientProtocolClient.java:onNext(254)) - client-092B1DCF330D->a4cd4b5a-8e8a-4ce3-bcbe-0c82b500e502: receive RaftClientReply:client-092B1DCF330D->a4cd4b5a-8e8a-4ce3-bcbe-0c82b500e502@group-70B11A7AA1A2, cid=24, SUCCESS, logIndex=32, commits[a4cd4b5a-8e8a-4ce3-bcbe-0c82b500e502:c32, df7c67b5-5209-4dbd-a055-a7341ea389f3:c31, d403ffbe-7eee-4c6a-a3f7-e9d8ed91e706:c31]
2019-06-18 14:55:24,807 INFO  client.GrpcClientProtocolClient (GrpcClientProtocolClient.java:onNext(254)) - client-092B1DCF330D->a4cd4b5a-8e8a-4ce3-bcbe-0c82b500e502: receive RaftClientReply:client-092B1DCF330D->a4cd4b5a-8e8a-4ce3-bcbe-0c82b500e502@group-70B11A7AA1A2, cid=25, SUCCESS, logIndex=34, commits[a4cd4b5a-8e8a-4ce3-bcbe-0c82b500e502:c38, df7c67b5-5209-4dbd-a055-a7341ea389f3:c35, d403ffbe-7eee-4c6a-a3f7-e9d8ed91e706:c33]
2019-06-18 14:55:24,816 INFO  client.GrpcClientProtocolClient (GrpcClientProtocolClient.java:onNext(254)) - client-092B1DCF330D->a4cd4b5a-8e8a-4ce3-bcbe-0c82b500e502: receive RaftClientReply:client-092B1DCF330D->a4cd4b5a-8e8a-4ce3-bcbe-0c82b500e502@group-70B11A7AA1A2, cid=26, SUCCESS, logIndex=35, commits[a4cd4b5a-8e8a-4ce3-bcbe-0c82b500e502:c38, df7c67b5-5209-4dbd-a055-a7341ea389f3:c35, d403ffbe-7eee-4c6a-a3f7-e9d8ed91e706:c33]
2019-06-18 14:55:24,821 INFO  client.GrpcClientProtocolClient (GrpcClientProtocolClient.java:onNext(254)) - client-092B1DCF330D->a4cd4b5a-8e8a-4ce3-bcbe-0c82b500e502: receive RaftClientReply:client-092B1DCF330D->a4cd4b5a-8e8a-4ce3-bcbe-0c82b500e502@group-70B11A7AA1A2, cid=27, SUCCESS, logIndex=36, commits[a4cd4b5a-8e8a-4ce3-bcbe-0c82b500e502:c39, df7c67b5-5209-4dbd-a055-a7341ea389f3:c36, d403ffbe-7eee-4c6a-a3f7-e9d8ed91e706:c36]
2019-06-18 14:55:24,849 INFO  client.GrpcClientProtocolClient (GrpcClientProtocolClient.java:onNext(254)) - client-092B1DCF330D->a4cd4b5a-8e8a-4ce3-bcbe-0c82b500e502: receive RaftClientReply:client-092B1DCF330D->a4cd4b5a-8e8a-4ce3-bcbe-0c82b500e502@group-70B11A7AA1A2, cid=28, SUCCESS, logIndex=40, commits[a4cd4b5a-8e8a-4ce3-bcbe-0c82b500e502:c40, df7c67b5-5209-4dbd-a055-a7341ea389f3:c39, d403ffbe-7eee-4c6a-a3f7-e9d8ed91e706:c36]
2019-06-18 14:55:24,875 INFO  client.GrpcClientProtocolClient (GrpcClientProtocolClient.java:onNext(254)) - client-092B1DCF330D->a4cd4b5a-8e8a-4ce3-bcbe-0c82b500e502: receive RaftClientReply:client-092B1DCF330D->a4cd4b5a-8e8a-4ce3-bcbe-0c82b500e502@group-70B11A7AA1A2, cid=29, SUCCESS, logIndex=42, commits[a4cd4b5a-8e8a-4ce3-bcbe-0c82b500e502:c43, df7c67b5-5209-4dbd-a055-a7341ea389f3:c41, d403ffbe-7eee-4c6a-a3f7-e9d8ed91e706:c40]
2019-06-18 14:55:24,876 INFO  client.GrpcClientProtocolClient (GrpcClientProtocolClient.java:onNext(254)) - client-092B1DCF330D->a4cd4b5a-8e8a-4ce3-bcbe-0c82b500e502: receive RaftClientReply:client-092B1DCF330D->a4cd4b5a-8e8a-4ce3-bcbe-0c82b500e502@group-70B11A7AA1A2, cid=30, SUCCESS, logIndex=43, commits[a4cd4b5a-8e8a-4ce3-bcbe-0c82b500e502:c43, df7c67b5-5209-4dbd-a055-a7341ea389f3:c41, d403ffbe-7eee-4c6a-a3f7-e9d8ed91e706:c40]
2019-06-18 14:55:24,891 INFO  client.GrpcClientProtocolClient (GrpcClientProtocolClient.java:onNext(254)) - client-092B1DCF330D->a4cd4b5a-8e8a-4ce3-bcbe-0c82b500e502: receive RaftClientReply:client-092B1DCF330D->a4cd4b5a-8e8a-4ce3-bcbe-0c82b500e502@group-70B11A7AA1A2, cid=31, SUCCESS, logIndex=45, commits[a4cd4b5a-8e8a-4ce3-bcbe-0c82b500e502:c45, df7c67b5-5209-4dbd-a055-a7341ea389f3:c43, d403ffbe-7eee-4c6a-a3f7-e9d8ed91e706:c40]
2019-06-18 14:55:24,894 INFO  client.GrpcClientProtocolClient (GrpcClientProtocolClient.java:onNext(254)) - client-092B1DCF330D->a4cd4b5a-8e8a-4ce3-bcbe-0c82b500e502: receive RaftClientReply:client-092B1DCF330D->a4cd4b5a-8e8a-4ce3-bcbe-0c82b500e502@group-70B11A7AA1A2, cid=32, SUCCESS, logIndex=0, commits[a4cd4b5a-8e8a-4ce3-bcbe-0c82b500e502:c46, df7c67b5-5209-4dbd-a055-a7341ea389f3:c45, d403ffbe-7eee-4c6a-a3f7-e9d8ed91e706:c45]
2019-06-18 14:55:24,896 INFO  client.GrpcClientProtocolClient (GrpcClientProtocolClient.java:onNext(254)) - client-092B1DCF330D->a4cd4b5a-8e8a-4ce3-bcbe-0c82b500e502: receive RaftClientReply:client-092B1DCF330D->a4cd4b5a-8e8a-4ce3-bcbe-0c82b500e502@group-70B11A7AA1A2, cid=33, SUCCESS, logIndex=0, commits[a4cd4b5a-8e8a-4ce3-bcbe-0c82b500e502:c46, df7c67b5-5209-4dbd-a055-a7341ea389f3:c45, d403ffbe-7eee-4c6a-a3f7-e9d8ed91e706:c45]
2019-06-18 14:55:24,924 INFO  client.GrpcClientProtocolClient (GrpcClientProtocolClient.java:onNext(254)) - client-092B1DCF330D->a4cd4b5a-8e8a-4ce3-bcbe-0c82b500e502: receive RaftClientReply:client-092B1DCF330D->a4cd4b5a-8e8a-4ce3-bcbe-0c82b500e502@group-70B11A7AA1A2, cid=34, SUCCESS, logIndex=47, commits[a4cd4b5a-8e8a-4ce3-bcbe-0c82b500e502:c47, df7c67b5-5209-4dbd-a055-a7341ea389f3:c46, d403ffbe-7eee-4c6a-a3f7-e9d8ed91e706:c46]
2019-06-18 14:55:24,946 INFO  client.GrpcClientProtocolClient (GrpcClientProtocolClient.java:onNext(254)) - client-092B1DCF330D->a4cd4b5a-8e8a-4ce3-bcbe-0c82b500e502: receive RaftClientReply:client-092B1DCF330D->a4cd4b5a-8e8a-4ce3-bcbe-0c82b500e502@group-70B11A7AA1A2, cid=35, SUCCESS, logIndex=49, commits[a4cd4b5a-8e8a-4ce3-bcbe-0c82b500e502:c49, df7c67b5-5209-4dbd-a055-a7341ea389f3:c48, d403ffbe-7eee-4c6a-a3f7-e9d8ed91e706:c47]
2019-06-18 14:55:24,961 INFO  client.GrpcClientProtocolClient (GrpcClientProtocolClient.java:onNext(254)) - client-092B1DCF330D->a4cd4b5a-8e8a-4ce3-bcbe-0c82b500e502: receive RaftClientReply:client-092B1DCF330D->a4cd4b5a-8e8a-4ce3-bcbe-0c82b500e502@group-70B11A7AA1A2, cid=36, SUCCESS, logIndex=50, commits[a4cd4b5a-8e8a-4ce3-bcbe-0c82b500e502:c50, df7c67b5-5209-4dbd-a055-a7341ea389f3:c49, d403ffbe-7eee-4c6a-a3f7-e9d8ed91e706:c48]
2019-06-18 14:55:24,966 INFO  client.GrpcClientProtocolClient (GrpcClientProtocolClient.java:onNext(254)) - client-092B1DCF330D->a4cd4b5a-8e8a-4ce3-bcbe-0c82b500e502: receive RaftClientReply:client-092B1DCF330D->a4cd4b5a-8e8a-4ce3-bcbe-0c82b500e502@group-70B11A7AA1A2, cid=37, SUCCESS, logIndex=52, commits[a4cd4b5a-8e8a-4ce3-bcbe-0c82b500e502:c52, df7c67b5-5209-4dbd-a055-a7341ea389f3:c49, d403ffbe-7eee-4c6a-a3f7-e9d8ed91e706:c49]
2019-06-18 14:55:24,991 INFO  client.GrpcClientProtocolClient (GrpcClientProtocolClient.java:onNext(254)) - client-092B1DCF330D->a4cd4b5a-8e8a-4ce3-bcbe-0c82b500e502: receive RaftClientReply:client-092B1DCF330D->a4cd4b5a-8e8a-4ce3-bcbe-0c82b500e502@group-70B11A7AA1A2, cid=38, SUCCESS, logIndex=55, commits[a4cd4b5a-8e8a-4ce3-bcbe-0c82b500e502:c55, df7c67b5-5209-4dbd-a055-a7341ea389f3:c52, d403ffbe-7eee-4c6a-a3f7-e9d8ed91e706:c54]
2019-06-18 14:55:25,018 INFO  client.GrpcClientProtocolClient (GrpcClientProtocolClient.java:onNext(254)) - client-092B1DCF330D->a4cd4b5a-8e8a-4ce3-bcbe-0c82b500e502: receive RaftClientReply:client-092B1DCF330D->a4cd4b5a-8e8a-4ce3-bcbe-0c82b500e502@group-70B11A7AA1A2, cid=39, SUCCESS, logIndex=57, commits[a4cd4b5a-8e8a-4ce3-bcbe-0c82b500e502:c57, df7c67b5-5209-4dbd-a055-a7341ea389f3:c55, d403ffbe-7eee-4c6a-a3f7-e9d8ed91e706:c54]
2019-06-18 14:55:25,049 INFO  client.GrpcClientProtocolClient (GrpcClientProtocolClient.java:onNext(254)) - client-092B1DCF330D->a4cd4b5a-8e8a-4ce3-bcbe-0c82b500e502: receive RaftClientReply:client-092B1DCF330D->a4cd4b5a-8e8a-4ce3-bcbe-0c82b500e502@group-70B11A7AA1A2, cid=40, SUCCESS, logIndex=59, commits[a4cd4b5a-8e8a-4ce3-bcbe-0c82b500e502:c59, df7c67b5-5209-4dbd-a055-a7341ea389f3:c58, d403ffbe-7eee-4c6a-a3f7-e9d8ed91e706:c58]
2019-06-18 14:55:25,054 INFO  client.GrpcClientProtocolClient (GrpcClientProtocolClient.java:onNext(254)) - client-092B1DCF330D->a4cd4b5a-8e8a-4ce3-bcbe-0c82b500e502: receive RaftClientReply:client-092B1DCF330D->a4cd4b5a-8e8a-4ce3-bcbe-0c82b500e502@group-70B11A7AA1A2, cid=41, SUCCESS, logIndex=61, commits[a4cd4b5a-8e8a-4ce3-bcbe-0c82b500e502:c61, df7c67b5-5209-4dbd-a055-a7341ea389f3:c59, d403ffbe-7eee-4c6a-a3f7-e9d8ed91e706:c60]
2019-06-18 14:55:25,058 INFO  client.GrpcClientProtocolClient (GrpcClientProtocolClient.java:onNext(254)) - client-092B1DCF330D->a4cd4b5a-8e8a-4ce3-bcbe-0c82b500e502: receive RaftClientReply:client-092B1DCF330D->a4cd4b5a-8e8a-4ce3-bcbe-0c82b500e502@group-70B11A7AA1A2, cid=42, SUCCESS, logIndex=0, commits[a4cd4b5a-8e8a-4ce3-bcbe-0c82b500e502:c62, df7c67b5-5209-4dbd-a055-a7341ea389f3:c61, d403ffbe-7eee-4c6a-a3f7-e9d8ed91e706:c61]
2019-06-18 14:55:25,079 INFO  client.GrpcClientProtocolClient (GrpcClientProtocolClient.java:onNext(254)) - client-092B1DCF330D->a4cd4b5a-8e8a-4ce3-bcbe-0c82b500e502: receive RaftClientReply:client-092B1DCF330D->a4cd4b5a-8e8a-4ce3-bcbe-0c82b500e502@group-70B11A7AA1A2, cid=43, SUCCESS, logIndex=63, commits[a4cd4b5a-8e8a-4ce3-bcbe-0c82b500e502:c63, df7c67b5-5209-4dbd-a055-a7341ea389f3:c61, d403ffbe-7eee-4c6a-a3f7-e9d8ed91e706:c62]
2019-06-18 14:55:25,097 INFO  client.GrpcClientProtocolClient (GrpcClientProtocolClient.java:onNext(254)) - client-092B1DCF330D->a4cd4b5a-8e8a-4ce3-bcbe-0c82b500e502: receive RaftClientReply:client-092B1DCF330D->a4cd4b5a-8e8a-4ce3-bcbe-0c82b500e502@group-70B11A7AA1A2, cid=44, SUCCESS, logIndex=65, commits[a4cd4b5a-8e8a-4ce3-bcbe-0c82b500e502:c65, df7c67b5-5209-4dbd-a055-a7341ea389f3:c63, d403ffbe-7eee-4c6a-a3f7-e9d8ed91e706:c64]
2019-06-18 14:55:25,104 INFO  client.GrpcClientProtocolClient (GrpcClientProtocolClient.java:onNext(254)) - client-092B1DCF330D->a4cd4b5a-8e8a-4ce3-bcbe-0c82b500e502: receive RaftClientReply:client-092B1DCF330D->a4cd4b5a-8e8a-4ce3-bcbe-0c82b500e502@group-70B11A7AA1A2, cid=45, SUCCESS, logIndex=66, commits[a4cd4b5a-8e8a-4ce3-bcbe-0c82b500e502:c66, df7c67b5-5209-4dbd-a055-a7341ea389f3:c64, d403ffbe-7eee-4c6a-a3f7-e9d8ed91e706:c64]
2019-06-18 14:55:25,114 INFO  client.GrpcClientProtocolClient (GrpcClientProtocolClient.java:onNext(254)) - client-092B1DCF330D->a4cd4b5a-8e8a-4ce3-bcbe-0c82b500e502: receive RaftClientReply:client-092B1DCF330D->a4cd4b5a-8e8a-4ce3-bcbe-0c82b500e502@group-70B11A7AA1A2, cid=46, SUCCESS, logIndex=67, commits[a4cd4b5a-8e8a-4ce3-bcbe-0c82b500e502:c67, df7c67b5-5209-4dbd-a055-a7341ea389f3:c64, d403ffbe-7eee-4c6a-a3f7-e9d8ed91e706:c64]
2019-06-18 14:55:25,116 INFO  client.GrpcClientProtocolClient (GrpcClientProtocolClient.java:onNext(254)) - client-092B1DCF330D->a4cd4b5a-8e8a-4ce3-bcbe-0c82b500e502: receive RaftClientReply:client-092B1DCF330D->a4cd4b5a-8e8a-4ce3-bcbe-0c82b500e502@group-70B11A7AA1A2, cid=47, SUCCESS, logIndex=0, commits[a4cd4b5a-8e8a-4ce3-bcbe-0c82b500e502:c70, df7c67b5-5209-4dbd-a055-a7341ea389f3:c67, d403ffbe-7eee-4c6a-a3f7-e9d8ed91e706:c67]
2019-06-18 14:55:25,133 INFO  client.GrpcClientProtocolClient (GrpcClientProtocolClient.java:onNext(254)) - client-092B1DCF330D->a4cd4b5a-8e8a-4ce3-bcbe-0c82b500e502: receive RaftClientReply:client-092B1DCF330D->a4cd4b5a-8e8a-4ce3-bcbe-0c82b500e502@group-70B11A7AA1A2, cid=48, SUCCESS, logIndex=71, commits[a4cd4b5a-8e8a-4ce3-bcbe-0c82b500e502:c71, df7c67b5-5209-4dbd-a055-a7341ea389f3:c67, d403ffbe-7eee-4c6a-a3f7-e9d8ed91e706:c70]
2019-06-18 14:55:25,150 INFO  client.GrpcClientProtocolClient (GrpcClientProtocolClient.java:onNext(254)) - client-092B1DCF330D->a4cd4b5a-8e8a-4ce3-bcbe-0c82b500e502: receive RaftClientReply:client-092B1DCF330D->a4cd4b5a-8e8a-4ce3-bcbe-0c82b500e502@group-70B11A7AA1A2, cid=49, SUCCESS, logIndex=73, commits[a4cd4b5a-8e8a-4ce3-bcbe-0c82b500e502:c73, df7c67b5-5209-4dbd-a055-a7341ea389f3:c71, d403ffbe-7eee-4c6a-a3f7-e9d8ed91e706:c71]
2019-06-18 14:55:25,178 INFO  client.GrpcClientProtocolClient (GrpcClientProtocolClient.java:onNext(254)) - client-092B1DCF330D->a4cd4b5a-8e8a-4ce3-bcbe-0c82b500e502: receive RaftClientReply:client-092B1DCF330D->a4cd4b5a-8e8a-4ce3-bcbe-0c82b500e502@group-70B11A7AA1A2, cid=50, SUCCESS, logIndex=75, commits[a4cd4b5a-8e8a-4ce3-bcbe-0c82b500e502:c75, df7c67b5-5209-4dbd-a055-a7341ea389f3:c74, d403ffbe-7eee-4c6a-a3f7-e9d8ed91e706:c74]
2019-06-18 14:55:25,191 INFO  client.GrpcClientProtocolClient (GrpcClientProtocolClient.java:onNext(254)) - client-092B1DCF330D->a4cd4b5a-8e8a-4ce3-bcbe-0c82b500e502: receive RaftClientReply:client-092B1DCF330D->a4cd4b5a-8e8a-4ce3-bcbe-0c82b500e502@group-70B11A7AA1A2, cid=51, SUCCESS, logIndex=77, commits[a4cd4b5a-8e8a-4ce3-bcbe-0c82b500e502:c77, df7c67b5-5209-4dbd-a055-a7341ea389f3:c76, d403ffbe-7eee-4c6a-a3f7-e9d8ed91e706:c76]
2019-06-18 14:55:25,209 INFO  client.GrpcClientProtocolClient (GrpcClientProtocolClient.java:onNext(254)) - client-092B1DCF330D->a4cd4b5a-8e8a-4ce3-bcbe-0c82b500e502: receive RaftClientReply:client-092B1DCF330D->a4cd4b5a-8e8a-4ce3-bcbe-0c82b500e502@group-70B11A7AA1A2, cid=52, SUCCESS, logIndex=0, commits[a4cd4b5a-8e8a-4ce3-bcbe-0c82b500e502:c78, df7c67b5-5209-4dbd-a055-a7341ea389f3:c77, d403ffbe-7eee-4c6a-a3f7-e9d8ed91e706:c77]
 100.00% |█████████████████████████████████████████████████████████████████████████████████████████████████████|  1/1 Time: 0:00:10
2019-06-18 14:55:25,770 INFO  pipeline.SCMPipelineManager (SCMPipelineManager.java:finalizeAndDestroyPipeline(307)) - destroying pipeline:Pipeline[ Id: 25aa8a71-5f7a-4c18-bdf0-70b11a7aa1a2, Nodes: a4cd4b5a-8e8a-4ce3-bcbe-0c82b500e502{ip: 192.168.134.95, host: ozone-unit-076618677d3tk4rf-905488364, networkLocation: /default-rack, certSerialId: null}d403ffbe-7eee-4c6a-a3f7-e9d8ed91e706{ip: 192.168.134.95, host: ozone-unit-076618677d3tk4rf-905488364, networkLocation: /default-rack, certSerialId: null}df7c67b5-5209-4dbd-a055-a7341ea389f3{ip: 192.168.134.95, host: ozone-unit-076618677d3tk4rf-905488364, networkLocation: /default-rack, certSerialId: null}, Type:RATIS, Factor:THREE, State:OPEN]
2019-06-18 14:55:25,770 INFO  pipeline.PipelineStateManager (PipelineStateManager.java:finalizePipeline(123)) - Pipeline Pipeline[ Id: 25aa8a71-5f7a-4c18-bdf0-70b11a7aa1a2, Nodes: a4cd4b5a-8e8a-4ce3-bcbe-0c82b500e502{ip: 192.168.134.95, host: ozone-unit-076618677d3tk4rf-905488364, networkLocation: /default-rack, certSerialId: null}d403ffbe-7eee-4c6a-a3f7-e9d8ed91e706{ip: 192.168.134.95, host: ozone-unit-076618677d3tk4rf-905488364, networkLocation: /default-rack, certSerialId: null}df7c67b5-5209-4dbd-a055-a7341ea389f3{ip: 192.168.134.95, host: ozone-unit-076618677d3tk4rf-905488364, networkLocation: /default-rack, certSerialId: null}, Type:RATIS, Factor:THREE, State:CLOSED] moved to CLOSED state
2019-06-18 14:55:25,771 INFO  container.CloseContainerEventHandler (CloseContainerEventHandler.java:onMessage(61)) - Close container Event triggered for container : #1
2019-06-18 14:55:25,775 INFO  container.CloseContainerEventHandler (CloseContainerEventHandler.java:onMessage(61)) - Close container Event triggered for container : #2
2019-06-18 14:55:25,775 INFO  container.CloseContainerEventHandler (CloseContainerEventHandler.java:onMessage(61)) - Close container Event triggered for container : #3
2019-06-18 14:55:25,780 INFO  impl.RaftServerProxy (RaftServerProxy.java:remove(95)) - a4cd4b5a-8e8a-4ce3-bcbe-0c82b500e502: remove   LEADER group-70B11A7AA1A2 a4cd4b5a-8e8a-4ce3-bcbe-0c82b500e502:t2, leader=a4cd4b5a-8e8a-4ce3-bcbe-0c82b500e502, voted=a4cd4b5a-8e8a-4ce3-bcbe-0c82b500e502, raftlog=a4cd4b5a-8e8a-4ce3-bcbe-0c82b500e502-SegmentedRaftLog:OPENED:c78,f78,i78, conf=0: [df7c67b5-5209-4dbd-a055-a7341ea389f3:192.168.134.95:39865, d403ffbe-7eee-4c6a-a3f7-e9d8ed91e706:192.168.134.95:36001, a4cd4b5a-8e8a-4ce3-bcbe-0c82b500e502:192.168.134.95:38681], old=null RUNNING
2019-06-18 14:55:25,782 INFO  impl.RaftServerImpl (RaftServerImpl.java:lambda$shutdown$3(238)) - a4cd4b5a-8e8a-4ce3-bcbe-0c82b500e502: shutdown group-70B11A7AA1A2
2019-06-18 14:55:25,782 INFO  util.JmxRegister (JmxRegister.java:unregister(73)) - Successfully un-registered JMX Bean with object name Ratis:service=RaftServer,group=group-70B11A7AA1A2,id=a4cd4b5a-8e8a-4ce3-bcbe-0c82b500e502
2019-06-18 14:55:25,782 INFO  impl.RoleInfo (RoleInfo.java:shutdownLeaderState(104)) - a4cd4b5a-8e8a-4ce3-bcbe-0c82b500e502: shutdown LeaderState
2019-06-18 14:55:25,783 INFO  impl.PendingRequests (PendingRequests.java:sendNotLeaderResponses(140)) - a4cd4b5a-8e8a-4ce3-bcbe-0c82b500e502-PendingRequests: sendNotLeaderResponses
2019-06-18 14:55:25,783 WARN  server.GrpcLogAppender (GrpcLogAppender.java:mayWait(142)) - GrpcLogAppender(a4cd4b5a-8e8a-4ce3-bcbe-0c82b500e502 -> df7c67b5-5209-4dbd-a055-a7341ea389f3): Wait interrupted by java.lang.InterruptedException
2019-06-18 14:55:25,783 WARN  server.GrpcLogAppender (GrpcLogAppender.java:mayWait(142)) - GrpcLogAppender(a4cd4b5a-8e8a-4ce3-bcbe-0c82b500e502 -> d403ffbe-7eee-4c6a-a3f7-e9d8ed91e706): Wait interrupted by java.lang.InterruptedException
2019-06-18 14:55:25,785 INFO  server.GrpcServerProtocolService (GrpcServerProtocolService.java:onCompleted(104)) - df7c67b5-5209-4dbd-a055-a7341ea389f3: appendEntries completed
2019-06-18 14:55:25,785 INFO  server.GrpcServerProtocolService (GrpcServerProtocolService.java:onCompleted(104)) - d403ffbe-7eee-4c6a-a3f7-e9d8ed91e706: appendEntries completed
2019-06-18 14:55:25,786 INFO  server.GrpcLogAppender (GrpcLogAppender.java:onCompleted(277)) - a4cd4b5a-8e8a-4ce3-bcbe-0c82b500e502: follower a4cd4b5a-8e8a-4ce3-bcbe-0c82b500e502->df7c67b5-5209-4dbd-a055-a7341ea389f3(c78,m78,n79, attendVote=true, lastRpcSendTime=97, lastRpcResponseTime=96) response Completed
2019-06-18 14:55:25,787 INFO  impl.FollowerInfo (FollowerInfo.java:lambda$new$0(50)) - a4cd4b5a-8e8a-4ce3-bcbe-0c82b500e502->df7c67b5-5209-4dbd-a055-a7341ea389f3: nextIndex: updateUnconditionally 79 -> 0
2019-06-18 14:55:25,788 INFO  server.GrpcLogAppender (GrpcLogAppender.java:onCompleted(277)) - a4cd4b5a-8e8a-4ce3-bcbe-0c82b500e502: follower a4cd4b5a-8e8a-4ce3-bcbe-0c82b500e502->d403ffbe-7eee-4c6a-a3f7-e9d8ed91e706(c78,m78,n79, attendVote=true, lastRpcSendTime=84, lastRpcResponseTime=83) response Completed
2019-06-18 14:55:25,789 INFO  impl.FollowerInfo (FollowerInfo.java:lambda$new$0(50)) - a4cd4b5a-8e8a-4ce3-bcbe-0c82b500e502->d403ffbe-7eee-4c6a-a3f7-e9d8ed91e706: nextIndex: updateUnconditionally 79 -> 0
2019-06-18 14:55:25,791 INFO  impl.StateMachineUpdater (StateMachineUpdater.java:stopAndJoin(109)) - StateMachineUpdater-a4cd4b5a-8e8a-4ce3-bcbe-0c82b500e502-group-70B11A7AA1A2: set stopIndex = 78
2019-06-18 14:55:25,791 INFO  ratis.ContainerStateMachine (ContainerStateMachine.java:takeSnapshot(245)) - Taking snapshot at termIndex:(t:2, i:77)
2019-06-18 14:55:25,791 INFO  ratis.ContainerStateMachine (ContainerStateMachine.java:takeSnapshot(249)) - Taking a snapshot to file /opt/src/hadoop-ozone/tools/target/test-dir/MiniOzoneClusterImpl-4890df67-16ce-4acc-8757-8db9d8e500ed/datanode-0/data/ratis/25aa8a71-5f7a-4c18-bdf0-70b11a7aa1a2/sm/snapshot.2_77
2019-06-18 14:55:25,800 INFO  impl.RaftServerImpl (ServerState.java:close(394)) - a4cd4b5a-8e8a-4ce3-bcbe-0c82b500e502:group-70B11A7AA1A2 closes. The last applied log index is 78
2019-06-18 14:55:25,801 INFO  storage.RaftLogWorker (RaftLogWorker.java:run(236)) - a4cd4b5a-8e8a-4ce3-bcbe-0c82b500e502-RaftLogWorker was interrupted, exiting. There are 0 tasks remaining in the queue.
2019-06-18 14:55:25,801 INFO  storage.RaftLogWorker (RaftLogWorker.java:close(168)) - a4cd4b5a-8e8a-4ce3-bcbe-0c82b500e502-RaftLogWorker close()
2019-06-18 14:55:25,811 INFO  impl.RaftServerProxy (RaftServerProxy.java:remove(95)) - d403ffbe-7eee-4c6a-a3f7-e9d8ed91e706: remove FOLLOWER group-70B11A7AA1A2 d403ffbe-7eee-4c6a-a3f7-e9d8ed91e706:t2, leader=a4cd4b5a-8e8a-4ce3-bcbe-0c82b500e502, voted=a4cd4b5a-8e8a-4ce3-bcbe-0c82b500e502, raftlog=d403ffbe-7eee-4c6a-a3f7-e9d8ed91e706-SegmentedRaftLog:OPENED:c78,f78,i78, conf=0: [df7c67b5-5209-4dbd-a055-a7341ea389f3:192.168.134.95:39865, d403ffbe-7eee-4c6a-a3f7-e9d8ed91e706:192.168.134.95:36001, a4cd4b5a-8e8a-4ce3-bcbe-0c82b500e502:192.168.134.95:38681], old=null RUNNING
2019-06-18 14:55:25,811 INFO  impl.RaftServerImpl (RaftServerImpl.java:lambda$shutdown$3(238)) - d403ffbe-7eee-4c6a-a3f7-e9d8ed91e706: shutdown group-70B11A7AA1A2
2019-06-18 14:55:25,811 INFO  util.JmxRegister (JmxRegister.java:unregister(73)) - Successfully un-registered JMX Bean with object name Ratis:service=RaftServer,group=group-70B11A7AA1A2,id=d403ffbe-7eee-4c6a-a3f7-e9d8ed91e706
2019-06-18 14:55:25,811 INFO  impl.RoleInfo (RoleInfo.java:shutdownFollowerState(121)) - d403ffbe-7eee-4c6a-a3f7-e9d8ed91e706: shutdown FollowerState
2019-06-18 14:55:25,811 INFO  impl.StateMachineUpdater (StateMachineUpdater.java:stopAndJoin(109)) - StateMachineUpdater-d403ffbe-7eee-4c6a-a3f7-e9d8ed91e706-group-70B11A7AA1A2: set stopIndex = 78
2019-06-18 14:55:25,811 INFO  ratis.ContainerStateMachine (ContainerStateMachine.java:takeSnapshot(245)) - Taking snapshot at termIndex:(t:2, i:77)
2019-06-18 14:55:25,811 INFO  impl.FollowerState (FollowerState.java:run(109)) - d403ffbe-7eee-4c6a-a3f7-e9d8ed91e706: FollowerState was interrupted: java.lang.InterruptedException: sleep interrupted
2019-06-18 14:55:25,812 INFO  ratis.ContainerStateMachine (ContainerStateMachine.java:takeSnapshot(249)) - Taking a snapshot to file /opt/src/hadoop-ozone/tools/target/test-dir/MiniOzoneClusterImpl-4890df67-16ce-4acc-8757-8db9d8e500ed/datanode-1/data/ratis/25aa8a71-5f7a-4c18-bdf0-70b11a7aa1a2/sm/snapshot.2_77
2019-06-18 14:55:25,812 INFO  impl.RaftServerImpl (ServerState.java:close(394)) - d403ffbe-7eee-4c6a-a3f7-e9d8ed91e706:group-70B11A7AA1A2 closes. The last applied log index is 78
2019-06-18 14:55:25,813 INFO  storage.RaftLogWorker (RaftLogWorker.java:run(236)) - d403ffbe-7eee-4c6a-a3f7-e9d8ed91e706-RaftLogWorker was interrupted, exiting. There are 0 tasks remaining in the queue.
2019-06-18 14:55:25,813 INFO  storage.RaftLogWorker (RaftLogWorker.java:close(168)) - d403ffbe-7eee-4c6a-a3f7-e9d8ed91e706-RaftLogWorker close()
2019-06-18 14:55:25,820 INFO  impl.RaftServerProxy (RaftServerProxy.java:remove(95)) - df7c67b5-5209-4dbd-a055-a7341ea389f3: remove FOLLOWER group-70B11A7AA1A2 df7c67b5-5209-4dbd-a055-a7341ea389f3:t2, leader=a4cd4b5a-8e8a-4ce3-bcbe-0c82b500e502, voted=a4cd4b5a-8e8a-4ce3-bcbe-0c82b500e502, raftlog=df7c67b5-5209-4dbd-a055-a7341ea389f3-SegmentedRaftLog:OPENED:c78,f78,i78, conf=0: [df7c67b5-5209-4dbd-a055-a7341ea389f3:192.168.134.95:39865, d403ffbe-7eee-4c6a-a3f7-e9d8ed91e706:192.168.134.95:36001, a4cd4b5a-8e8a-4ce3-bcbe-0c82b500e502:192.168.134.95:38681], old=null RUNNING
2019-06-18 14:55:25,820 INFO  impl.RaftServerImpl (RaftServerImpl.java:lambda$shutdown$3(238)) - df7c67b5-5209-4dbd-a055-a7341ea389f3: shutdown group-70B11A7AA1A2
2019-06-18 14:55:25,820 INFO  util.JmxRegister (JmxRegister.java:unregister(73)) - Successfully un-registered JMX Bean with object name Ratis:service=RaftServer,group=group-70B11A7AA1A2,id=df7c67b5-5209-4dbd-a055-a7341ea389f3
2019-06-18 14:55:25,820 INFO  impl.RoleInfo (RoleInfo.java:shutdownFollowerState(121)) - df7c67b5-5209-4dbd-a055-a7341ea389f3: shutdown FollowerState
2019-06-18 14:55:25,820 INFO  ratis.ContainerStateMachine (ContainerStateMachine.java:takeSnapshot(245)) - Taking snapshot at termIndex:(t:2, i:77)
2019-06-18 14:55:25,820 INFO  impl.StateMachineUpdater (StateMachineUpdater.java:stopAndJoin(109)) - StateMachineUpdater-df7c67b5-5209-4dbd-a055-a7341ea389f3-group-70B11A7AA1A2: set stopIndex = 78
2019-06-18 14:55:25,820 INFO  impl.FollowerState (FollowerState.java:run(109)) - df7c67b5-5209-4dbd-a055-a7341ea389f3: FollowerState was interrupted: java.lang.InterruptedException: sleep interrupted
2019-06-18 14:55:25,822 INFO  ratis.ContainerStateMachine (ContainerStateMachine.java:takeSnapshot(249)) - Taking a snapshot to file /opt/src/hadoop-ozone/tools/target/test-dir/MiniOzoneClusterImpl-4890df67-16ce-4acc-8757-8db9d8e500ed/datanode-2/data/ratis/25aa8a71-5f7a-4c18-bdf0-70b11a7aa1a2/sm/snapshot.2_77
2019-06-18 14:55:25,825 INFO  impl.RaftServerImpl (ServerState.java:close(394)) - df7c67b5-5209-4dbd-a055-a7341ea389f3:group-70B11A7AA1A2 closes. The last applied log index is 78
2019-06-18 14:55:25,825 INFO  storage.RaftLogWorker (RaftLogWorker.java:run(236)) - df7c67b5-5209-4dbd-a055-a7341ea389f3-RaftLogWorker was interrupted, exiting. There are 0 tasks remaining in the queue.
2019-06-18 14:55:25,826 INFO  storage.RaftLogWorker (RaftLogWorker.java:close(168)) - df7c67b5-5209-4dbd-a055-a7341ea389f3-RaftLogWorker close()
2019-06-18 14:55:25,829 INFO  pipeline.PipelineStateManager (PipelineStateManager.java:removePipeline(108)) - Pipeline Pipeline[ Id: 25aa8a71-5f7a-4c18-bdf0-70b11a7aa1a2, Nodes: a4cd4b5a-8e8a-4ce3-bcbe-0c82b500e502{ip: 192.168.134.95, host: ozone-unit-076618677d3tk4rf-905488364, networkLocation: /default-rack, certSerialId: null}d403ffbe-7eee-4c6a-a3f7-e9d8ed91e706{ip: 192.168.134.95, host: ozone-unit-076618677d3tk4rf-905488364, networkLocation: /default-rack, certSerialId: null}df7c67b5-5209-4dbd-a055-a7341ea389f3{ip: 192.168.134.95, host: ozone-unit-076618677d3tk4rf-905488364, networkLocation: /default-rack, certSerialId: null}, Type:RATIS, Factor:THREE, State:CLOSED] removed from db
2019-06-18 14:55:25,839 INFO  impl.RaftServerProxy (RaftServerProxy.java:addNew(89)) - a4cd4b5a-8e8a-4ce3-bcbe-0c82b500e502: addNew group-FA42681F061D:[df7c67b5-5209-4dbd-a055-a7341ea389f3:192.168.134.95:39865, d403ffbe-7eee-4c6a-a3f7-e9d8ed91e706:192.168.134.95:36001, a4cd4b5a-8e8a-4ce3-bcbe-0c82b500e502:192.168.134.95:38681] returns group-FA42681F061D:java.util.concurrent.CompletableFuture@488725d3[Not completed]
2019-06-18 14:55:25,839 INFO  impl.RaftServerImpl (RaftServerImpl.java:<init>(91)) - a4cd4b5a-8e8a-4ce3-bcbe-0c82b500e502: new RaftServerImpl for group-FA42681F061D:[df7c67b5-5209-4dbd-a055-a7341ea389f3:192.168.134.95:39865, d403ffbe-7eee-4c6a-a3f7-e9d8ed91e706:192.168.134.95:36001, a4cd4b5a-8e8a-4ce3-bcbe-0c82b500e502:192.168.134.95:38681] with ContainerStateMachine:uninitialized
2019-06-18 14:55:25,843 INFO  server.RaftServerConfigKeys (ConfUtils.java:logGet(43)) - raft.server.rpc.timeout.min = 1s (custom)
2019-06-18 14:55:25,843 INFO  server.RaftServerConfigKeys (ConfUtils.java:logGet(43)) - raft.server.rpc.timeout.max = 1200ms (custom)
2019-06-18 14:55:25,843 INFO  server.RaftServerConfigKeys (ConfUtils.java:logGet(43)) - raft.server.rpcslowness.timeout = 120s (custom)
2019-06-18 14:55:25,843 INFO  server.RaftServerConfigKeys (ConfUtils.java:logGet(43)) - raft.server.log.appender.install.snapshot.enabled = true (default)
2019-06-18 14:55:25,843 INFO  impl.RaftServerImpl (ServerState.java:<init>(101)) - a4cd4b5a-8e8a-4ce3-bcbe-0c82b500e502:group-FA42681F061D ConfigurationManager, init=-1: [df7c67b5-5209-4dbd-a055-a7341ea389f3:192.168.134.95:39865, d403ffbe-7eee-4c6a-a3f7-e9d8ed91e706:192.168.134.95:36001, a4cd4b5a-8e8a-4ce3-bcbe-0c82b500e502:192.168.134.95:38681], old=null, confs=<EMPTY_MAP>
2019-06-18 14:55:25,843 INFO  server.RaftServerConfigKeys (ConfUtils.java:logGet(43)) - raft.server.storage.dir = [/opt/src/hadoop-ozone/tools/target/test-dir/MiniOzoneClusterImpl-4890df67-16ce-4acc-8757-8db9d8e500ed/datanode-0/data/ratis] (custom)
2019-06-18 14:55:25,843 INFO  storage.RaftStorageDirectory (RaftStorageDirectory.java:analyzeStorage(246)) - The storage directory /opt/src/hadoop-ozone/tools/target/test-dir/MiniOzoneClusterImpl-4890df67-16ce-4acc-8757-8db9d8e500ed/datanode-0/data/ratis/86d69908-60fd-46ab-a03d-fa42681f061d does not exist. Creating ...
2019-06-18 14:55:25,847 INFO  impl.RaftServerProxy (RaftServerProxy.java:addNew(89)) - df7c67b5-5209-4dbd-a055-a7341ea389f3: addNew group-FA42681F061D:[df7c67b5-5209-4dbd-a055-a7341ea389f3:192.168.134.95:39865, d403ffbe-7eee-4c6a-a3f7-e9d8ed91e706:192.168.134.95:36001, a4cd4b5a-8e8a-4ce3-bcbe-0c82b500e502:192.168.134.95:38681] returns group-FA42681F061D:java.util.concurrent.CompletableFuture@44493c37[Not completed]
2019-06-18 14:55:25,847 INFO  impl.RaftServerImpl (RaftServerImpl.java:<init>(91)) - df7c67b5-5209-4dbd-a055-a7341ea389f3: new RaftServerImpl for group-FA42681F061D:[df7c67b5-5209-4dbd-a055-a7341ea389f3:192.168.134.95:39865, d403ffbe-7eee-4c6a-a3f7-e9d8ed91e706:192.168.134.95:36001, a4cd4b5a-8e8a-4ce3-bcbe-0c82b500e502:192.168.134.95:38681] with ContainerStateMachine:uninitialized
2019-06-18 14:55:25,847 INFO  server.RaftServerConfigKeys (ConfUtils.java:logGet(43)) - raft.server.rpc.timeout.min = 1s (custom)
2019-06-18 14:55:25,847 INFO  server.RaftServerConfigKeys (ConfUtils.java:logGet(43)) - raft.server.rpc.timeout.max = 1200ms (custom)
2019-06-18 14:55:25,847 INFO  server.RaftServerConfigKeys (ConfUtils.java:logGet(43)) - raft.server.rpcslowness.timeout = 120s (custom)
2019-06-18 14:55:25,847 INFO  server.RaftServerConfigKeys (ConfUtils.java:logGet(43)) - raft.server.log.appender.install.snapshot.enabled = true (default)
2019-06-18 14:55:25,847 INFO  impl.RaftServerImpl (ServerState.java:<init>(101)) - df7c67b5-5209-4dbd-a055-a7341ea389f3:group-FA42681F061D ConfigurationManager, init=-1: [df7c67b5-5209-4dbd-a055-a7341ea389f3:192.168.134.95:39865, d403ffbe-7eee-4c6a-a3f7-e9d8ed91e706:192.168.134.95:36001, a4cd4b5a-8e8a-4ce3-bcbe-0c82b500e502:192.168.134.95:38681], old=null, confs=<EMPTY_MAP>
2019-06-18 14:55:25,848 INFO  server.RaftServerConfigKeys (ConfUtils.java:logGet(43)) - raft.server.storage.dir = [/opt/src/hadoop-ozone/tools/target/test-dir/MiniOzoneClusterImpl-4890df67-16ce-4acc-8757-8db9d8e500ed/datanode-2/data/ratis] (custom)
2019-06-18 14:55:25,848 INFO  storage.RaftStorageDirectory (RaftStorageDirectory.java:analyzeStorage(246)) - The storage directory /opt/src/hadoop-ozone/tools/target/test-dir/MiniOzoneClusterImpl-4890df67-16ce-4acc-8757-8db9d8e500ed/datanode-2/data/ratis/86d69908-60fd-46ab-a03d-fa42681f061d does not exist. Creating ...
2019-06-18 14:55:25,848 INFO  storage.RaftStorageDirectory (RaftStorageDirectory.java:tryLock(328)) - Lock on /opt/src/hadoop-ozone/tools/target/test-dir/MiniOzoneClusterImpl-4890df67-16ce-4acc-8757-8db9d8e500ed/datanode-0/data/ratis/86d69908-60fd-46ab-a03d-fa42681f061d/in_use.lock acquired by nodename 18160@ozone-unit-076618677d3tk4rf-905488364
2019-06-18 14:55:25,850 INFO  storage.RaftStorageDirectory (RaftStorageDirectory.java:tryLock(328)) - Lock on /opt/src/hadoop-ozone/tools/target/test-dir/MiniOzoneClusterImpl-4890df67-16ce-4acc-8757-8db9d8e500ed/datanode-2/data/ratis/86d69908-60fd-46ab-a03d-fa42681f061d/in_use.lock acquired by nodename 18160@ozone-unit-076618677d3tk4rf-905488364
2019-06-18 14:55:25,851 INFO  storage.RaftStorage (RaftStorage.java:format(75)) - Storage directory /opt/src/hadoop-ozone/tools/target/test-dir/MiniOzoneClusterImpl-4890df67-16ce-4acc-8757-8db9d8e500ed/datanode-2/data/ratis/86d69908-60fd-46ab-a03d-fa42681f061d has been successfully formatted.
2019-06-18 14:55:25,852 INFO  ratis.ContainerStateMachine (ContainerStateMachine.java:loadSnapshot(199)) - The snapshot info is null.Setting the last applied index to:(t:0, i:~)
2019-06-18 14:55:25,852 INFO  server.RaftServerConfigKeys (ConfUtils.java:logGet(43)) - raft.server.leader.election.timeout = 120s (custom)
2019-06-18 14:55:25,852 INFO  server.RaftServerConfigKeys (ConfUtils.java:logGet(43)) - raft.server.log.use.memory = false (default)
2019-06-18 14:55:25,852 INFO  server.RaftServerConfigKeys (ConfUtils.java:logGet(43)) - raft.server.log.appender.buffer.byte-limit = 33554432 (custom)
2019-06-18 14:55:25,852 INFO  server.RaftServerConfigKeys (ConfUtils.java:logGet(43)) - raft.server.log.segment.size.max = 16384 (custom)
2019-06-18 14:55:25,852 INFO  server.RaftServerConfigKeys (ConfUtils.java:logGet(43)) - raft.server.log.segment.cache.num.max = 2 (custom)
2019-06-18 14:55:25,852 INFO  storage.RaftLogWorker (RaftLogWorker.java:<init>(123)) - new df7c67b5-5209-4dbd-a055-a7341ea389f3-RaftLogWorker for Storage Directory /opt/src/hadoop-ozone/tools/target/test-dir/MiniOzoneClusterImpl-4890df67-16ce-4acc-8757-8db9d8e500ed/datanode-2/data/ratis/86d69908-60fd-46ab-a03d-fa42681f061d
2019-06-18 14:55:25,852 INFO  server.RaftServerConfigKeys (ConfUtils.java:logGet(43)) - raft.server.log.queue.byte-limit = 2147483647 (custom)
2019-06-18 14:55:25,852 INFO  server.RaftServerConfigKeys (ConfUtils.java:logGet(43)) - raft.server.log.queue.element-limit = 1024 (custom)
2019-06-18 14:55:25,852 INFO  server.RaftServerConfigKeys (ConfUtils.java:logGet(43)) - raft.server.log.segment.size.max = 16384 (custom)
2019-06-18 14:55:25,852 INFO  server.RaftServerConfigKeys (ConfUtils.java:logGet(43)) - raft.server.log.preallocated.size = 16384 (custom)
2019-06-18 14:55:25,852 INFO  server.RaftServerConfigKeys (ConfUtils.java:logGet(43)) - raft.server.log.write.buffer.size = 33554432 (custom)
2019-06-18 14:55:25,853 INFO  server.RaftServerConfigKeys (ConfUtils.java:logGet(43)) - raft.server.log.force.sync.num = 128 (default)
2019-06-18 14:55:25,853 INFO  server.RaftServerConfigKeys (ConfUtils.java:logGet(43)) - raft.server.log.statemachine.data.sync = true (default)
2019-06-18 14:55:25,853 INFO  server.RaftServerConfigKeys (ConfUtils.java:logGet(43)) - raft.server.log.statemachine.data.sync.timeout = 10s (default)
2019-06-18 14:55:25,853 INFO  server.RaftServerConfigKeys (ConfUtils.java:logGet(43)) - raft.server.log.statemachine.data.sync.timeout.retry = -1 (default)
2019-06-18 14:55:25,853 INFO  server.RaftServerConfigKeys (ConfUtils.java:logGet(43)) - raft.server.log.statemachine.data.caching.enabled = true (custom)
2019-06-18 14:55:25,853 INFO  storage.RaftStorage (RaftStorage.java:format(75)) - Storage directory /opt/src/hadoop-ozone/tools/target/test-dir/MiniOzoneClusterImpl-4890df67-16ce-4acc-8757-8db9d8e500ed/datanode-0/data/ratis/86d69908-60fd-46ab-a03d-fa42681f061d has been successfully formatted.
2019-06-18 14:55:25,853 INFO  ratis.ContainerStateMachine (ContainerStateMachine.java:loadSnapshot(199)) - The snapshot info is null.Setting the last applied index to:(t:0, i:~)
2019-06-18 14:55:25,853 INFO  server.RaftServerConfigKeys (ConfUtils.java:logGet(43)) - raft.server.leader.election.timeout = 120s (custom)
2019-06-18 14:55:25,854 INFO  server.RaftServerConfigKeys (ConfUtils.java:logGet(43)) - raft.server.log.use.memory = false (default)
2019-06-18 14:55:25,854 INFO  server.RaftServerConfigKeys (ConfUtils.java:logGet(43)) - raft.server.log.appender.buffer.byte-limit = 33554432 (custom)
2019-06-18 14:55:25,854 INFO  server.RaftServerConfigKeys (ConfUtils.java:logGet(43)) - raft.server.log.segment.size.max = 16384 (custom)
2019-06-18 14:55:25,854 INFO  server.RaftServerConfigKeys (ConfUtils.java:logGet(43)) - raft.server.log.segment.cache.num.max = 2 (custom)
2019-06-18 14:55:25,854 INFO  storage.RaftLogWorker (RaftLogWorker.java:<init>(123)) - new a4cd4b5a-8e8a-4ce3-bcbe-0c82b500e502-RaftLogWorker for Storage Directory /opt/src/hadoop-ozone/tools/target/test-dir/MiniOzoneClusterImpl-4890df67-16ce-4acc-8757-8db9d8e500ed/datanode-0/data/ratis/86d69908-60fd-46ab-a03d-fa42681f061d
2019-06-18 14:55:25,854 INFO  server.RaftServerConfigKeys (ConfUtils.java:logGet(43)) - raft.server.log.queue.byte-limit = 2147483647 (custom)
2019-06-18 14:55:25,854 INFO  server.RaftServerConfigKeys (ConfUtils.java:logGet(43)) - raft.server.log.queue.element-limit = 1024 (custom)
2019-06-18 14:55:25,854 INFO  server.RaftServerConfigKeys (ConfUtils.java:logGet(43)) - raft.server.log.segment.size.max = 16384 (custom)
2019-06-18 14:55:25,854 INFO  server.RaftServerConfigKeys (ConfUtils.java:logGet(43)) - raft.server.log.preallocated.size = 16384 (custom)
2019-06-18 14:55:25,854 INFO  server.RaftServerConfigKeys (ConfUtils.java:logGet(43)) - raft.server.log.write.buffer.size = 33554432 (custom)
2019-06-18 14:55:25,854 INFO  server.RaftServerConfigKeys (ConfUtils.java:logGet(43)) - raft.server.log.force.sync.num = 128 (default)
2019-06-18 14:55:25,855 INFO  server.RaftServerConfigKeys (ConfUtils.java:logGet(43)) - raft.server.log.statemachine.data.sync = true (default)
2019-06-18 14:55:25,855 INFO  server.RaftServerConfigKeys (ConfUtils.java:logGet(43)) - raft.server.log.statemachine.data.sync.timeout = 10s (default)
2019-06-18 14:55:25,855 INFO  server.RaftServerConfigKeys (ConfUtils.java:logGet(43)) - raft.server.log.statemachine.data.sync.timeout.retry = -1 (default)
2019-06-18 14:55:25,855 INFO  server.RaftServerConfigKeys (ConfUtils.java:logGet(43)) - raft.server.snapshot.auto.trigger.enabled = true (custom)
2019-06-18 14:55:25,855 INFO  server.RaftServerConfigKeys (ConfUtils.java:logGet(43)) - raft.server.snapshot.auto.trigger.threshold = 10000 (custom)
2019-06-18 14:55:25,855 INFO  server.RaftServerConfigKeys (ConfUtils.java:logGet(43)) - raft.server.retrycache.expirytime = 600000ms (custom)
2019-06-18 14:55:25,855 INFO  impl.RaftServerImpl (RaftServerImpl.java:start(173)) - df7c67b5-5209-4dbd-a055-a7341ea389f3: start group-FA42681F061D
2019-06-18 14:55:25,855 INFO  impl.RaftServerImpl (RaftServerImpl.java:setRole(164)) - df7c67b5-5209-4dbd-a055-a7341ea389f3:group-FA42681F061D changes role from null to FOLLOWER at term 0 for startAsFollower
2019-06-18 14:55:25,855 INFO  impl.RoleInfo (RoleInfo.java:updateAndGet(143)) - df7c67b5-5209-4dbd-a055-a7341ea389f3: start FollowerState
2019-06-18 14:55:25,856 INFO  util.JmxRegister (JmxRegister.java:tryRegister(44)) - Successfully registered JMX Bean with object name Ratis:service=RaftServer,group=group-FA42681F061D,id=df7c67b5-5209-4dbd-a055-a7341ea389f3
2019-06-18 14:55:25,859 INFO  server.RaftServerConfigKeys (ConfUtils.java:logGet(43)) - raft.server.log.statemachine.data.caching.enabled = true (custom)
2019-06-18 14:55:25,860 INFO  server.RaftServerConfigKeys (ConfUtils.java:logGet(43)) - raft.server.snapshot.auto.trigger.enabled = true (custom)
2019-06-18 14:55:25,860 INFO  server.RaftServerConfigKeys (ConfUtils.java:logGet(43)) - raft.server.snapshot.auto.trigger.threshold = 10000 (custom)
2019-06-18 14:55:25,860 INFO  impl.RaftServerProxy (RaftServerProxy.java:addNew(89)) - d403ffbe-7eee-4c6a-a3f7-e9d8ed91e706: addNew group-FA42681F061D:[df7c67b5-5209-4dbd-a055-a7341ea389f3:192.168.134.95:39865, d403ffbe-7eee-4c6a-a3f7-e9d8ed91e706:192.168.134.95:36001, a4cd4b5a-8e8a-4ce3-bcbe-0c82b500e502:192.168.134.95:38681] returns group-FA42681F061D:java.util.concurrent.CompletableFuture@8bbdc8b[Not completed]
2019-06-18 14:55:25,860 INFO  server.RaftServerConfigKeys (ConfUtils.java:logGet(43)) - raft.server.retrycache.expirytime = 600000ms (custom)
2019-06-18 14:55:25,860 INFO  impl.RaftServerImpl (RaftServerImpl.java:start(173)) - a4cd4b5a-8e8a-4ce3-bcbe-0c82b500e502: start group-FA42681F061D
2019-06-18 14:55:25,860 INFO  impl.RaftServerImpl (RaftServerImpl.java:setRole(164)) - a4cd4b5a-8e8a-4ce3-bcbe-0c82b500e502:group-FA42681F061D changes role from null to FOLLOWER at term 0 for startAsFollower
2019-06-18 14:55:25,860 INFO  impl.RoleInfo (RoleInfo.java:updateAndGet(143)) - a4cd4b5a-8e8a-4ce3-bcbe-0c82b500e502: start FollowerState
2019-06-18 14:55:25,860 INFO  impl.RaftServerImpl (RaftServerImpl.java:<init>(91)) - d403ffbe-7eee-4c6a-a3f7-e9d8ed91e706: new RaftServerImpl for group-FA42681F061D:[df7c67b5-5209-4dbd-a055-a7341ea389f3:192.168.134.95:39865, d403ffbe-7eee-4c6a-a3f7-e9d8ed91e706:192.168.134.95:36001, a4cd4b5a-8e8a-4ce3-bcbe-0c82b500e502:192.168.134.95:38681] with ContainerStateMachine:uninitialized
2019-06-18 14:55:25,860 INFO  server.RaftServerConfigKeys (ConfUtils.java:logGet(43)) - raft.server.rpc.timeout.min = 1s (custom)
2019-06-18 14:55:25,860 INFO  util.JmxRegister (JmxRegister.java:tryRegister(44)) - Successfully registered JMX Bean with object name Ratis:service=RaftServer,group=group-FA42681F061D,id=a4cd4b5a-8e8a-4ce3-bcbe-0c82b500e502
2019-06-18 14:55:25,861 INFO  server.RaftServerConfigKeys (ConfUtils.java:logGet(43)) - raft.server.rpc.timeout.max = 1200ms (custom)
2019-06-18 14:55:25,861 INFO  server.RaftServerConfigKeys (ConfUtils.java:logGet(43)) - raft.server.rpcslowness.timeout = 120s (custom)
2019-06-18 14:55:25,861 INFO  server.RaftServerConfigKeys (ConfUtils.java:logGet(43)) - raft.server.log.appender.install.snapshot.enabled = true (default)
2019-06-18 14:55:25,861 INFO  impl.RaftServerImpl (ServerState.java:<init>(101)) - d403ffbe-7eee-4c6a-a3f7-e9d8ed91e706:group-FA42681F061D ConfigurationManager, init=-1: [df7c67b5-5209-4dbd-a055-a7341ea389f3:192.168.134.95:39865, d403ffbe-7eee-4c6a-a3f7-e9d8ed91e706:192.168.134.95:36001, a4cd4b5a-8e8a-4ce3-bcbe-0c82b500e502:192.168.134.95:38681], old=null, confs=<EMPTY_MAP>
2019-06-18 14:55:25,861 INFO  server.RaftServerConfigKeys (ConfUtils.java:logGet(43)) - raft.server.storage.dir = [/opt/src/hadoop-ozone/tools/target/test-dir/MiniOzoneClusterImpl-4890df67-16ce-4acc-8757-8db9d8e500ed/datanode-1/data/ratis] (custom)
2019-06-18 14:55:25,861 INFO  storage.RaftStorageDirectory (RaftStorageDirectory.java:analyzeStorage(246)) - The storage directory /opt/src/hadoop-ozone/tools/target/test-dir/MiniOzoneClusterImpl-4890df67-16ce-4acc-8757-8db9d8e500ed/datanode-1/data/ratis/86d69908-60fd-46ab-a03d-fa42681f061d does not exist. Creating ...
2019-06-18 14:55:25,864 INFO  storage.RaftStorageDirectory (RaftStorageDirectory.java:tryLock(328)) - Lock on /opt/src/hadoop-ozone/tools/target/test-dir/MiniOzoneClusterImpl-4890df67-16ce-4acc-8757-8db9d8e500ed/datanode-1/data/ratis/86d69908-60fd-46ab-a03d-fa42681f061d/in_use.lock acquired by nodename 18160@ozone-unit-076618677d3tk4rf-905488364
2019-06-18 14:55:25,866 INFO  storage.RaftStorage (RaftStorage.java:format(75)) - Storage directory /opt/src/hadoop-ozone/tools/target/test-dir/MiniOzoneClusterImpl-4890df67-16ce-4acc-8757-8db9d8e500ed/datanode-1/data/ratis/86d69908-60fd-46ab-a03d-fa42681f061d has been successfully formatted.
2019-06-18 14:55:25,866 INFO  ratis.ContainerStateMachine (ContainerStateMachine.java:loadSnapshot(199)) - The snapshot info is null.Setting the last applied index to:(t:0, i:~)
2019-06-18 14:55:25,866 INFO  server.RaftServerConfigKeys (ConfUtils.java:logGet(43)) - raft.server.leader.election.timeout = 120s (custom)
2019-06-18 14:55:25,866 INFO  server.RaftServerConfigKeys (ConfUtils.java:logGet(43)) - raft.server.log.use.memory = false (default)
2019-06-18 14:55:25,866 INFO  server.RaftServerConfigKeys (ConfUtils.java:logGet(43)) - raft.server.log.appender.buffer.byte-limit = 33554432 (custom)
2019-06-18 14:55:25,866 INFO  server.RaftServerConfigKeys (ConfUtils.java:logGet(43)) - raft.server.log.segment.size.max = 16384 (custom)
2019-06-18 14:55:25,866 INFO  server.RaftServerConfigKeys (ConfUtils.java:logGet(43)) - raft.server.log.segment.cache.num.max = 2 (custom)
2019-06-18 14:55:25,867 INFO  storage.RaftLogWorker (RaftLogWorker.java:<init>(123)) - new d403ffbe-7eee-4c6a-a3f7-e9d8ed91e706-RaftLogWorker for Storage Directory /opt/src/hadoop-ozone/tools/target/test-dir/MiniOzoneClusterImpl-4890df67-16ce-4acc-8757-8db9d8e500ed/datanode-1/data/ratis/86d69908-60fd-46ab-a03d-fa42681f061d
2019-06-18 14:55:25,867 INFO  server.RaftServerConfigKeys (ConfUtils.java:logGet(43)) - raft.server.log.queue.byte-limit = 2147483647 (custom)
2019-06-18 14:55:25,867 INFO  server.RaftServerConfigKeys (ConfUtils.java:logGet(43)) - raft.server.log.queue.element-limit = 1024 (custom)
2019-06-18 14:55:25,867 INFO  server.RaftServerConfigKeys (ConfUtils.java:logGet(43)) - raft.server.log.segment.size.max = 16384 (custom)
2019-06-18 14:55:25,867 INFO  server.RaftServerConfigKeys (ConfUtils.java:logGet(43)) - raft.server.log.preallocated.size = 16384 (custom)
2019-06-18 14:55:25,867 INFO  server.RaftServerConfigKeys (ConfUtils.java:logGet(43)) - raft.server.log.write.buffer.size = 33554432 (custom)
2019-06-18 14:55:25,867 INFO  server.RaftServerConfigKeys (ConfUtils.java:logGet(43)) - raft.server.log.force.sync.num = 128 (default)
2019-06-18 14:55:25,867 INFO  server.RaftServerConfigKeys (ConfUtils.java:logGet(43)) - raft.server.log.statemachine.data.sync = true (default)
2019-06-18 14:55:25,867 INFO  server.RaftServerConfigKeys (ConfUtils.java:logGet(43)) - raft.server.log.statemachine.data.sync.timeout = 10s (default)
2019-06-18 14:55:25,867 INFO  server.RaftServerConfigKeys (ConfUtils.java:logGet(43)) - raft.server.log.statemachine.data.sync.timeout.retry = -1 (default)
2019-06-18 14:55:25,867 INFO  server.RaftServerConfigKeys (ConfUtils.java:logGet(43)) - raft.server.log.statemachine.data.caching.enabled = true (custom)
2019-06-18 14:55:25,867 INFO  server.RaftServerConfigKeys (ConfUtils.java:logGet(43)) - raft.server.snapshot.auto.trigger.enabled = true (custom)
2019-06-18 14:55:25,868 INFO  server.RaftServerConfigKeys (ConfUtils.java:logGet(43)) - raft.server.snapshot.auto.trigger.threshold = 10000 (custom)
2019-06-18 14:55:25,868 INFO  server.RaftServerConfigKeys (ConfUtils.java:logGet(43)) - raft.server.retrycache.expirytime = 600000ms (custom)
2019-06-18 14:55:25,868 INFO  impl.RaftServerImpl (RaftServerImpl.java:start(173)) - d403ffbe-7eee-4c6a-a3f7-e9d8ed91e706: start group-FA42681F061D
2019-06-18 14:55:25,868 INFO  impl.RaftServerImpl (RaftServerImpl.java:setRole(164)) - d403ffbe-7eee-4c6a-a3f7-e9d8ed91e706:group-FA42681F061D changes role from null to FOLLOWER at term 0 for startAsFollower
2019-06-18 14:55:25,868 INFO  impl.RoleInfo (RoleInfo.java:updateAndGet(143)) - d403ffbe-7eee-4c6a-a3f7-e9d8ed91e706: start FollowerState
2019-06-18 14:55:25,868 INFO  util.JmxRegister (JmxRegister.java:tryRegister(44)) - Successfully registered JMX Bean with object name Ratis:service=RaftServer,group=group-FA42681F061D,id=d403ffbe-7eee-4c6a-a3f7-e9d8ed91e706
2019-06-18 14:55:25,870 INFO  pipeline.PipelineStateManager (PipelineStateManager.java:addPipeline(56)) - Created pipeline Pipeline[ Id: 86d69908-60fd-46ab-a03d-fa42681f061d, Nodes: a4cd4b5a-8e8a-4ce3-bcbe-0c82b500e502{ip: 192.168.134.95, host: ozone-unit-076618677d3tk4rf-905488364, networkLocation: /default-rack, certSerialId: null}d403ffbe-7eee-4c6a-a3f7-e9d8ed91e706{ip: 192.168.134.95, host: ozone-unit-076618677d3tk4rf-905488364, networkLocation: /default-rack, certSerialId: null}df7c67b5-5209-4dbd-a055-a7341ea389f3{ip: 192.168.134.95, host: ozone-unit-076618677d3tk4rf-905488364, networkLocation: /default-rack, certSerialId: null}, Type:RATIS, Factor:THREE, State:OPEN]
2019-06-18 14:55:25,909 INFO  freon.RandomKeyGenerator (RandomKeyGenerator.java:call(261)) - Number of Threads: 10
2019-06-18 14:55:25,909 INFO  freon.RandomKeyGenerator (RandomKeyGenerator.java:call(267)) - Number of Volumes: 1.
2019-06-18 14:55:25,909 INFO  freon.RandomKeyGenerator (RandomKeyGenerator.java:call(268)) - Number of Buckets per Volume: 1.
2019-06-18 14:55:25,909 INFO  freon.RandomKeyGenerator (RandomKeyGenerator.java:call(269)) - Number of Keys per Bucket: 1.
2019-06-18 14:55:25,910 INFO  freon.RandomKeyGenerator (RandomKeyGenerator.java:call(270)) - Key size: 20971520 bytes
2019-06-18 14:55:25,910 INFO  freon.RandomKeyGenerator (RandomKeyGenerator.java:call(271)) - Buffer size: 4096 bytes
2019-06-18 14:55:25,911 INFO  freon.RandomKeyGenerator (RandomKeyGenerator.java:call(287)) - Data validation is enabled.
2019-06-18 14:55:25,910 INFO  rpc.RpcClient (RpcClient.java:createVolume(289)) - Creating Volume: vol-0-46408, with jenkins1000 as owner.
2019-06-18 14:55:25,912 INFO  freon.RandomKeyGenerator (RandomKeyGenerator.java:call(300)) - Starting progress bar Thread.

 0.00% |█                                                                                                    |  0/1 Time: 0:00:002019-06-18 14:55:25,919 INFO  rpc.RpcClient (RpcClient.java:createBucket(426)) - Creating Bucket: vol-0-46408/bucket-0-03396, with Versioning false and Storage Type set to DISK and Encryption set to false 
2019-06-18 14:55:25,951 INFO  client.GrpcClientProtocolClient (GrpcClientProtocolClient.java:onNext(254)) - client-6BD609ED26B9->a4cd4b5a-8e8a-4ce3-bcbe-0c82b500e502: receive RaftClientReply:client-6BD609ED26B9->a4cd4b5a-8e8a-4ce3-bcbe-0c82b500e502@group-FA42681F061D, cid=59, FAILED org.apache.ratis.protocol.NotLeaderException: Server a4cd4b5a-8e8a-4ce3-bcbe-0c82b500e502 is not the leader (df7c67b5-5209-4dbd-a055-a7341ea389f3:192.168.134.95:39865). Request must be sent to leader., logIndex=0, commits[a4cd4b5a-8e8a-4ce3-bcbe-0c82b500e502:c-1]
2019-06-18 14:55:25,954 WARN  client.GrpcClientProtocolService (LogUtils.java:warn(134)) - 3-OrderedRequestStreamObserver3: onError: org.apache.ratis.thirdparty.io.grpc.StatusRuntimeException: CANCELLED: cancelled before receiving half close
2019-06-18 14:55:26,911 INFO  impl.FollowerState (FollowerState.java:run(101)) - d403ffbe-7eee-4c6a-a3f7-e9d8ed91e706:group-FA42681F061D changes to CANDIDATE, lastRpcTime:1043, electionTimeout:1043ms
2019-06-18 14:55:26,912 INFO  impl.RoleInfo (RoleInfo.java:shutdownFollowerState(121)) - d403ffbe-7eee-4c6a-a3f7-e9d8ed91e706: shutdown FollowerState
2019-06-18 14:55:26,912 INFO  impl.RaftServerImpl (RaftServerImpl.java:setRole(164)) - d403ffbe-7eee-4c6a-a3f7-e9d8ed91e706:group-FA42681F061D changes role from FOLLOWER to CANDIDATE at term 0 for changeToCandidate
2019-06-18 14:55:26,912 INFO  impl.RoleInfo (RoleInfo.java:updateAndGet(143)) - d403ffbe-7eee-4c6a-a3f7-e9d8ed91e706: start LeaderElection
 0.00% |█                                                                                                    |  0/1 Time: 0:00:012019-06-18 14:55:26,918 INFO  impl.LeaderElection (LeaderElection.java:askForVotes(181)) - d403ffbe-7eee-4c6a-a3f7-e9d8ed91e706:group-FA42681F061D:LeaderElection8: begin an election at term 1 for -1: [df7c67b5-5209-4dbd-a055-a7341ea389f3:192.168.134.95:39865, d403ffbe-7eee-4c6a-a3f7-e9d8ed91e706:192.168.134.95:36001, a4cd4b5a-8e8a-4ce3-bcbe-0c82b500e502:192.168.134.95:38681], old=null
2019-06-18 14:55:26,921 INFO  impl.RaftServerImpl (RaftServerImpl.java:setRole(164)) - a4cd4b5a-8e8a-4ce3-bcbe-0c82b500e502:group-FA42681F061D changes role from FOLLOWER to FOLLOWER at term 1 for recognizeCandidate:d403ffbe-7eee-4c6a-a3f7-e9d8ed91e706
2019-06-18 14:55:26,921 INFO  impl.RoleInfo (RoleInfo.java:shutdownFollowerState(121)) - a4cd4b5a-8e8a-4ce3-bcbe-0c82b500e502: shutdown FollowerState
2019-06-18 14:55:26,921 INFO  impl.RoleInfo (RoleInfo.java:updateAndGet(143)) - a4cd4b5a-8e8a-4ce3-bcbe-0c82b500e502: start FollowerState
2019-06-18 14:55:26,921 INFO  impl.FollowerState (FollowerState.java:run(109)) - a4cd4b5a-8e8a-4ce3-bcbe-0c82b500e502: FollowerState was interrupted: java.lang.InterruptedException: sleep interrupted
2019-06-18 14:55:26,921 INFO  impl.RaftServerImpl (RaftServerImpl.java:setRole(164)) - df7c67b5-5209-4dbd-a055-a7341ea389f3:group-FA42681F061D changes role from FOLLOWER to FOLLOWER at term 1 for recognizeCandidate:d403ffbe-7eee-4c6a-a3f7-e9d8ed91e706
2019-06-18 14:55:26,921 INFO  impl.RoleInfo (RoleInfo.java:shutdownFollowerState(121)) - df7c67b5-5209-4dbd-a055-a7341ea389f3: shutdown FollowerState
2019-06-18 14:55:26,922 INFO  impl.RoleInfo (RoleInfo.java:updateAndGet(143)) - df7c67b5-5209-4dbd-a055-a7341ea389f3: start FollowerState
2019-06-18 14:55:26,922 INFO  impl.FollowerState (FollowerState.java:run(109)) - df7c67b5-5209-4dbd-a055-a7341ea389f3: FollowerState was interrupted: java.lang.InterruptedException: sleep interrupted
2019-06-18 14:55:26,927 INFO  impl.LeaderElection (LeaderElection.java:logAndReturn(56)) - d403ffbe-7eee-4c6a-a3f7-e9d8ed91e706:group-FA42681F061D:LeaderElection8: Election PASSED; received 1 response(s) [d403ffbe-7eee-4c6a-a3f7-e9d8ed91e706->df7c67b5-5209-4dbd-a055-a7341ea389f3,true-t1] and 0 exception(s); d403ffbe-7eee-4c6a-a3f7-e9d8ed91e706:t1, leader=null, voted=d403ffbe-7eee-4c6a-a3f7-e9d8ed91e706, raftlog=d403ffbe-7eee-4c6a-a3f7-e9d8ed91e706-SegmentedRaftLog:OPENED:c-1,f-1,i0, conf=-1: [df7c67b5-5209-4dbd-a055-a7341ea389f3:192.168.134.95:39865, d403ffbe-7eee-4c6a-a3f7-e9d8ed91e706:192.168.134.95:36001, a4cd4b5a-8e8a-4ce3-bcbe-0c82b500e502:192.168.134.95:38681], old=null
2019-06-18 14:55:26,928 INFO  impl.RoleInfo (RoleInfo.java:shutdownLeaderElection(134)) - d403ffbe-7eee-4c6a-a3f7-e9d8ed91e706: shutdown LeaderElection
2019-06-18 14:55:26,928 INFO  impl.RaftServerImpl (RaftServerImpl.java:setRole(164)) - d403ffbe-7eee-4c6a-a3f7-e9d8ed91e706:group-FA42681F061D changes role from CANDIDATE to LEADER at term 1 for changeToLeader
2019-06-18 14:55:26,928 INFO  impl.RaftServerImpl (ServerState.java:setLeader(263)) - d403ffbe-7eee-4c6a-a3f7-e9d8ed91e706:group-FA42681F061D change Leader from null to d403ffbe-7eee-4c6a-a3f7-e9d8ed91e706 at term 1 for becomeLeader, leader elected after 1062ms
2019-06-18 14:55:26,928 INFO  server.RaftServerConfigKeys (ConfUtils.java:logGet(43)) - raft.server.staging.catchup.gap = 1000 (default)
2019-06-18 14:55:26,929 INFO  server.RaftServerConfigKeys (ConfUtils.java:logGet(43)) - raft.server.rpc.sleep.time = 25ms (default)
2019-06-18 14:55:26,929 INFO  server.RaftServerConfigKeys (ConfUtils.java:logGet(43)) - raft.server.watch.timeout = 10s (default)
2019-06-18 14:55:26,929 INFO  server.RaftServerConfigKeys (ConfUtils.java:logGet(43)) - raft.server.watch.timeout.denomination = 1s (default)
2019-06-18 14:55:26,929 INFO  server.RaftServerConfigKeys (ConfUtils.java:logGet(43)) - raft.server.log.appender.snapshot.chunk.size.max = 16MB (=16777216) (default)
2019-06-18 14:55:26,929 INFO  server.RaftServerConfigKeys (ConfUtils.java:logGet(43)) - raft.server.log.appender.buffer.byte-limit = 33554432 (custom)
2019-06-18 14:55:26,929 INFO  server.RaftServerConfigKeys (ConfUtils.java:logGet(43)) - raft.server.log.appender.buffer.element-limit = 1 (custom)
2019-06-18 14:55:26,929 INFO  grpc.GrpcConfigKeys$Server (ConfUtils.java:logGet(43)) - raft.grpc.server.leader.outstanding.appends.max = 128 (default)
2019-06-18 14:55:26,929 INFO  server.RaftServerConfigKeys (ConfUtils.java:logGet(43)) - raft.server.rpc.request.timeout = 3000ms (default)
2019-06-18 14:55:26,930 INFO  server.RaftServerConfigKeys (ConfUtils.java:logGet(43)) - raft.server.log.appender.install.snapshot.enabled = true (default)
2019-06-18 14:55:26,930 INFO  server.RaftServerConfigKeys (ConfUtils.java:logGet(43)) - raft.server.log.appender.snapshot.chunk.size.max = 16MB (=16777216) (default)
2019-06-18 14:55:26,930 INFO  server.RaftServerConfigKeys (ConfUtils.java:logGet(43)) - raft.server.log.appender.buffer.byte-limit = 33554432 (custom)
2019-06-18 14:55:26,930 INFO  server.RaftServerConfigKeys (ConfUtils.java:logGet(43)) - raft.server.log.appender.buffer.element-limit = 1 (custom)
2019-06-18 14:55:26,930 INFO  grpc.GrpcConfigKeys$Server (ConfUtils.java:logGet(43)) - raft.grpc.server.leader.outstanding.appends.max = 128 (default)
2019-06-18 14:55:26,930 INFO  server.RaftServerConfigKeys (ConfUtils.java:logGet(43)) - raft.server.rpc.request.timeout = 3000ms (default)
2019-06-18 14:55:26,930 INFO  server.RaftServerConfigKeys (ConfUtils.java:logGet(43)) - raft.server.log.appender.install.snapshot.enabled = true (default)
2019-06-18 14:55:26,931 INFO  impl.RoleInfo (RoleInfo.java:updateAndGet(143)) - d403ffbe-7eee-4c6a-a3f7-e9d8ed91e706: start LeaderState
2019-06-18 14:55:26,931 INFO  storage.RaftLogWorker (RaftLogWorker.java:startLogSegment(298)) - d403ffbe-7eee-4c6a-a3f7-e9d8ed91e706-RaftLogWorker: Starting segment from index:0
2019-06-18 14:55:26,934 INFO  impl.RaftServerImpl (ServerState.java:setRaftConf(361)) - d403ffbe-7eee-4c6a-a3f7-e9d8ed91e706:group-FA42681F061D set configuration 0: [df7c67b5-5209-4dbd-a055-a7341ea389f3:192.168.134.95:39865, d403ffbe-7eee-4c6a-a3f7-e9d8ed91e706:192.168.134.95:36001, a4cd4b5a-8e8a-4ce3-bcbe-0c82b500e502:192.168.134.95:38681], old=null at 0
2019-06-18 14:55:26,949 INFO  impl.RaftServerImpl (ServerState.java:setLeader(263)) - df7c67b5-5209-4dbd-a055-a7341ea389f3:group-FA42681F061D change Leader from null to d403ffbe-7eee-4c6a-a3f7-e9d8ed91e706 at term 1 for appendEntries, leader elected after 1096ms
2019-06-18 14:55:26,975 INFO  storage.RaftLogWorker (RaftLogWorker.java:execute(469)) - d403ffbe-7eee-4c6a-a3f7-e9d8ed91e706-RaftLogWorker: created new log segment /opt/src/hadoop-ozone/tools/target/test-dir/MiniOzoneClusterImpl-4890df67-16ce-4acc-8757-8db9d8e500ed/datanode-1/data/ratis/86d69908-60fd-46ab-a03d-fa42681f061d/current/log_inprogress_0
2019-06-18 14:55:26,976 INFO  impl.RaftServerImpl (ServerState.java:setRaftConf(361)) - df7c67b5-5209-4dbd-a055-a7341ea389f3:group-FA42681F061D set configuration 0: [df7c67b5-5209-4dbd-a055-a7341ea389f3:192.168.134.95:39865, d403ffbe-7eee-4c6a-a3f7-e9d8ed91e706:192.168.134.95:36001, a4cd4b5a-8e8a-4ce3-bcbe-0c82b500e502:192.168.134.95:38681], old=null at 0
2019-06-18 14:55:26,976 INFO  storage.RaftLogWorker (RaftLogWorker.java:startLogSegment(298)) - df7c67b5-5209-4dbd-a055-a7341ea389f3-RaftLogWorker: Starting segment from index:0
2019-06-18 14:55:26,978 INFO  impl.RaftServerImpl (ServerState.java:setLeader(263)) - a4cd4b5a-8e8a-4ce3-bcbe-0c82b500e502:group-FA42681F061D change Leader from null to d403ffbe-7eee-4c6a-a3f7-e9d8ed91e706 at term 1 for appendEntries, leader elected after 1124ms
2019-06-18 14:55:27,004 INFO  impl.RaftServerImpl (ServerState.java:setRaftConf(361)) - a4cd4b5a-8e8a-4ce3-bcbe-0c82b500e502:group-FA42681F061D set configuration 0: [df7c67b5-5209-4dbd-a055-a7341ea389f3:192.168.134.95:39865, d403ffbe-7eee-4c6a-a3f7-e9d8ed91e706:192.168.134.95:36001, a4cd4b5a-8e8a-4ce3-bcbe-0c82b500e502:192.168.134.95:38681], old=null at 0
2019-06-18 14:55:27,005 INFO  storage.RaftLogWorker (RaftLogWorker.java:startLogSegment(298)) - a4cd4b5a-8e8a-4ce3-bcbe-0c82b500e502-RaftLogWorker: Starting segment from index:0
2019-06-18 14:55:27,080 INFO  storage.RaftLogWorker (RaftLogWorker.java:execute(469)) - df7c67b5-5209-4dbd-a055-a7341ea389f3-RaftLogWorker: created new log segment /opt/src/hadoop-ozone/tools/target/test-dir/MiniOzoneClusterImpl-4890df67-16ce-4acc-8757-8db9d8e500ed/datanode-2/data/ratis/86d69908-60fd-46ab-a03d-fa42681f061d/current/log_inprogress_0
2019-06-18 14:55:27,095 INFO  storage.RaftLogWorker (RaftLogWorker.java:execute(469)) - a4cd4b5a-8e8a-4ce3-bcbe-0c82b500e502-RaftLogWorker: created new log segment /opt/src/hadoop-ozone/tools/target/test-dir/MiniOzoneClusterImpl-4890df67-16ce-4acc-8757-8db9d8e500ed/datanode-0/data/ratis/86d69908-60fd-46ab-a03d-fa42681f061d/current/log_inprogress_0
2019-06-18 14:55:27,105 INFO  client.GrpcClientProtocolClient (GrpcClientProtocolClient.java:onNext(254)) - client-6BD609ED26B9->d403ffbe-7eee-4c6a-a3f7-e9d8ed91e706: receive RaftClientReply:client-6BD609ED26B9->d403ffbe-7eee-4c6a-a3f7-e9d8ed91e706@group-FA42681F061D, cid=59, SUCCESS, logIndex=1, commits[d403ffbe-7eee-4c6a-a3f7-e9d8ed91e706:c1, df7c67b5-5209-4dbd-a055-a7341ea389f3:c0, a4cd4b5a-8e8a-4ce3-bcbe-0c82b500e502:c-1]
2019-06-18 14:55:27,152 INFO  client.GrpcClientProtocolClient (GrpcClientProtocolClient.java:onNext(254)) - client-6BD609ED26B9->d403ffbe-7eee-4c6a-a3f7-e9d8ed91e706: receive RaftClientReply:client-6BD609ED26B9->d403ffbe-7eee-4c6a-a3f7-e9d8ed91e706@group-FA42681F061D, cid=60, SUCCESS, logIndex=3, commits[d403ffbe-7eee-4c6a-a3f7-e9d8ed91e706:c4, df7c67b5-5209-4dbd-a055-a7341ea389f3:c3, a4cd4b5a-8e8a-4ce3-bcbe-0c82b500e502:c3]
2019-06-18 14:55:27,172 INFO  client.GrpcClientProtocolClient (GrpcClientProtocolClient.java:onNext(254)) - client-6BD609ED26B9->d403ffbe-7eee-4c6a-a3f7-e9d8ed91e706: receive RaftClientReply:client-6BD609ED26B9->d403ffbe-7eee-4c6a-a3f7-e9d8ed91e706@group-FA42681F061D, cid=61, SUCCESS, logIndex=5, commits[d403ffbe-7eee-4c6a-a3f7-e9d8ed91e706:c6, df7c67b5-5209-4dbd-a055-a7341ea389f3:c4, a4cd4b5a-8e8a-4ce3-bcbe-0c82b500e502:c3]
2019-06-18 14:55:27,205 INFO  client.GrpcClientProtocolClient (GrpcClientProtocolClient.java:onNext(254)) - client-6BD609ED26B9->d403ffbe-7eee-4c6a-a3f7-e9d8ed91e706: receive RaftClientReply:client-6BD609ED26B9->d403ffbe-7eee-4c6a-a3f7-e9d8ed91e706@group-FA42681F061D, cid=62, SUCCESS, logIndex=6, commits[d403ffbe-7eee-4c6a-a3f7-e9d8ed91e706:c8, df7c67b5-5209-4dbd-a055-a7341ea389f3:c6, a4cd4b5a-8e8a-4ce3-bcbe-0c82b500e502:c6]
2019-06-18 14:55:27,225 INFO  client.GrpcClientProtocolClient (GrpcClientProtocolClient.java:onNext(254)) - client-6BD609ED26B9->d403ffbe-7eee-4c6a-a3f7-e9d8ed91e706: receive RaftClientReply:client-6BD609ED26B9->d403ffbe-7eee-4c6a-a3f7-e9d8ed91e706@group-FA42681F061D, cid=63, SUCCESS, logIndex=9, commits[d403ffbe-7eee-4c6a-a3f7-e9d8ed91e706:c9, df7c67b5-5209-4dbd-a055-a7341ea389f3:c6, a4cd4b5a-8e8a-4ce3-bcbe-0c82b500e502:c8]
2019-06-18 14:55:27,242 INFO  client.GrpcClientProtocolClient (GrpcClientProtocolClient.java:onNext(254)) - client-6BD609ED26B9->d403ffbe-7eee-4c6a-a3f7-e9d8ed91e706: receive RaftClientReply:client-6BD609ED26B9->d403ffbe-7eee-4c6a-a3f7-e9d8ed91e706@group-FA42681F061D, cid=64, SUCCESS, logIndex=11, commits[d403ffbe-7eee-4c6a-a3f7-e9d8ed91e706:c11, df7c67b5-5209-4dbd-a055-a7341ea389f3:c9, a4cd4b5a-8e8a-4ce3-bcbe-0c82b500e502:c10]
2019-06-18 14:55:27,252 INFO  client.GrpcClientProtocolClient (GrpcClientProtocolClient.java:onNext(254)) - client-6BD609ED26B9->d403ffbe-7eee-4c6a-a3f7-e9d8ed91e706: receive RaftClientReply:client-6BD609ED26B9->d403ffbe-7eee-4c6a-a3f7-e9d8ed91e706@group-FA42681F061D, cid=65, SUCCESS, logIndex=12, commits[d403ffbe-7eee-4c6a-a3f7-e9d8ed91e706:c12, df7c67b5-5209-4dbd-a055-a7341ea389f3:c10, a4cd4b5a-8e8a-4ce3-bcbe-0c82b500e502:c10]
2019-06-18 14:55:27,263 INFO  client.GrpcClientProtocolClient (GrpcClientProtocolClient.java:onNext(254)) - client-6BD609ED26B9->d403ffbe-7eee-4c6a-a3f7-e9d8ed91e706: receive RaftClientReply:client-6BD609ED26B9->d403ffbe-7eee-4c6a-a3f7-e9d8ed91e706@group-FA42681F061D, cid=66, SUCCESS, logIndex=15, commits[d403ffbe-7eee-4c6a-a3f7-e9d8ed91e706:c15, df7c67b5-5209-4dbd-a055-a7341ea389f3:c13, a4cd4b5a-8e8a-4ce3-bcbe-0c82b500e502:c12]
2019-06-18 14:55:27,267 INFO  client.GrpcClientProtocolClient (GrpcClientProtocolClient.java:onNext(254)) - client-6BD609ED26B9->d403ffbe-7eee-4c6a-a3f7-e9d8ed91e706: receive RaftClientReply:client-6BD609ED26B9->d403ffbe-7eee-4c6a-a3f7-e9d8ed91e706@group-FA42681F061D, cid=67, SUCCESS, logIndex=0, commits[d403ffbe-7eee-4c6a-a3f7-e9d8ed91e706:c16, df7c67b5-5209-4dbd-a055-a7341ea389f3:c15, a4cd4b5a-8e8a-4ce3-bcbe-0c82b500e502:c15]
2019-06-18 14:55:27,275 INFO  keyvalue.KeyValueHandler (ContainerUtils.java:logAndReturnError(146)) - Operation: CreateContainer : Trace ID: eb061c3180e667ab:b3b82b8dd2e3f6de:a0b2609f0875f5b3:0 : Message: Container creation failed, due to disk out of space : Result: DISK_OUT_OF_SPACE
2019-06-18 14:55:27,279 INFO  keyvalue.KeyValueHandler (ContainerUtils.java:logAndReturnError(146)) - Operation: CreateContainer : Trace ID: eb061c3180e667ab:b3b82b8dd2e3f6de:a0b2609f0875f5b3:0 : Message: Container creation failed, due to disk out of space : Result: DISK_OUT_OF_SPACE
2019-06-18 14:55:27,281 INFO  keyvalue.KeyValueHandler (ContainerUtils.java:logAndReturnError(146)) - Operation: CreateContainer : Trace ID: eb061c3180e667ab:b3b82b8dd2e3f6de:a0b2609f0875f5b3:0 : Message: Container creation failed, due to disk out of space : Result: DISK_OUT_OF_SPACE
14:55:27.279 [pool-68-thread-25] ERROR DNAudit - user=null | ip=null | op=WRITE_CHUNK {blockData=conID: 5 locID: 102293158358220808 bcsId: 0} | ret=FAILURE
org.apache.hadoop.hdds.scm.container.common.helpers.StorageContainerException: ContainerID 5 creation failed
	at org.apache.hadoop.ozone.container.common.impl.HddsDispatcher.dispatchRequest(HddsDispatcher.java:227) ~[classes/:?]
	at org.apache.hadoop.ozone.container.common.impl.HddsDispatcher.dispatch(HddsDispatcher.java:148) ~[classes/:?]
	at org.apache.hadoop.ozone.container.common.transport.server.ratis.ContainerStateMachine.dispatchCommand(ContainerStateMachine.java:347) ~[classes/:?]
	at org.apache.hadoop.ozone.container.common.transport.server.ratis.ContainerStateMachine.runCommand(ContainerStateMachine.java:354) ~[classes/:?]
	at org.apache.hadoop.ozone.container.common.transport.server.ratis.ContainerStateMachine.lambda$handleWriteChunk$0(ContainerStateMachine.java:385) ~[classes/:?]
	at java.util.concurrent.CompletableFuture$AsyncSupply.run(CompletableFuture.java:1590) [?:1.8.0_212]
	at java.util.concurrent.ThreadPoolExecutor.runWorker(ThreadPoolExecutor.java:1149) [?:1.8.0_212]
	at java.util.concurrent.ThreadPoolExecutor$Worker.run(ThreadPoolExecutor.java:624) [?:1.8.0_212]
	at java.lang.Thread.run(Thread.java:748) [?:1.8.0_212]
14:55:27.277 [pool-47-thread-35] ERROR DNAudit - user=null | ip=null | op=WRITE_CHUNK {blockData=conID: 5 locID: 102293158358220808 bcsId: 0} | ret=FAILURE
org.apache.hadoop.hdds.scm.container.common.helpers.StorageContainerException: ContainerID 5 creation failed
	at org.apache.hadoop.ozone.container.common.impl.HddsDispatcher.dispatchRequest(HddsDispatcher.java:227) ~[classes/:?]
	at org.apache.hadoop.ozone.container.common.impl.HddsDispatcher.dispatch(HddsDispatcher.java:148) ~[classes/:?]
	at org.apache.hadoop.ozone.container.common.transport.server.ratis.ContainerStateMachine.dispatchCommand(ContainerStateMachine.java:347) ~[classes/:?]
	at org.apache.hadoop.ozone.container.common.transport.server.ratis.ContainerStateMachine.runCommand(ContainerStateMachine.java:354) ~[classes/:?]
	at org.apache.hadoop.ozone.container.common.transport.server.ratis.ContainerStateMachine.lambda$handleWriteChunk$0(ContainerStateMachine.java:385) ~[classes/:?]
	at java.util.concurrent.CompletableFuture$AsyncSupply.run(CompletableFuture.java:1590) [?:1.8.0_212]
	at java.util.concurrent.ThreadPoolExecutor.runWorker(ThreadPoolExecutor.java:1149) [?:1.8.0_212]
	at java.util.concurrent.ThreadPoolExecutor$Worker.run(ThreadPoolExecutor.java:624) [?:1.8.0_212]
	at java.lang.Thread.run(Thread.java:748) [?:1.8.0_212]
14:55:27.282 [pool-26-thread-4] ERROR DNAudit - user=null | ip=null | op=WRITE_CHUNK {blockData=conID: 5 locID: 102293158358220808 bcsId: 0} | ret=FAILURE
org.apache.hadoop.hdds.scm.container.common.helpers.StorageContainerException: ContainerID 5 creation failed
	at org.apache.hadoop.ozone.container.common.impl.HddsDispatcher.dispatchRequest(HddsDispatcher.java:227) ~[classes/:?]
	at org.apache.hadoop.ozone.container.common.impl.HddsDispatcher.dispatch(HddsDispatcher.java:148) ~[classes/:?]
	at org.apache.hadoop.ozone.container.common.transport.server.ratis.ContainerStateMachine.dispatchCommand(ContainerStateMachine.java:347) ~[classes/:?]
	at org.apache.hadoop.ozone.container.common.transport.server.ratis.ContainerStateMachine.runCommand(ContainerStateMachine.java:354) ~[classes/:?]
	at org.apache.hadoop.ozone.container.common.transport.server.ratis.ContainerStateMachine.lambda$handleWriteChunk$0(ContainerStateMachine.java:385) ~[classes/:?]
	at java.util.concurrent.CompletableFuture$AsyncSupply.run(CompletableFuture.java:1590) [?:1.8.0_212]
	at java.util.concurrent.ThreadPoolExecutor.runWorker(ThreadPoolExecutor.java:1149) [?:1.8.0_212]
	at java.util.concurrent.ThreadPoolExecutor$Worker.run(ThreadPoolExecutor.java:624) [?:1.8.0_212]
	at java.lang.Thread.run(Thread.java:748) [?:1.8.0_212]
2019-06-18 14:55:27,287 INFO  impl.HddsDispatcher (ContainerUtils.java:logAndReturnError(146)) - Operation: WriteChunk : Trace ID: eb061c3180e667ab:b3b82b8dd2e3f6de:a0b2609f0875f5b3:0 : Message: ContainerID 5 creation failed : Result: DISK_OUT_OF_SPACE
2019-06-18 14:55:27,288 INFO  impl.HddsDispatcher (ContainerUtils.java:logAndReturnError(146)) - Operation: WriteChunk : Trace ID: eb061c3180e667ab:b3b82b8dd2e3f6de:a0b2609f0875f5b3:0 : Message: ContainerID 5 creation failed : Result: DISK_OUT_OF_SPACE
2019-06-18 14:55:27,287 INFO  impl.HddsDispatcher (ContainerUtils.java:logAndReturnError(146)) - Operation: WriteChunk : Trace ID: eb061c3180e667ab:b3b82b8dd2e3f6de:a0b2609f0875f5b3:0 : Message: ContainerID 5 creation failed : Result: DISK_OUT_OF_SPACE
14:55:27.297 [pool-32-thread-1] ERROR DNAudit - user=null | ip=null | op=WRITE_CHUNK {blockData=conID: 5 locID: 102293158358220808 bcsId: 0} | ret=FAILURE
org.apache.hadoop.hdds.scm.container.common.helpers.StorageContainerException: ContainerID 5 does not exist
	at org.apache.hadoop.ozone.container.common.impl.HddsDispatcher.dispatchRequest(HddsDispatcher.java:242) ~[classes/:?]
	at org.apache.hadoop.ozone.container.common.impl.HddsDispatcher.dispatch(HddsDispatcher.java:148) ~[classes/:?]
	at org.apache.hadoop.ozone.container.common.transport.server.ratis.ContainerStateMachine.dispatchCommand(ContainerStateMachine.java:347) ~[classes/:?]
	at org.apache.hadoop.ozone.container.common.transport.server.ratis.ContainerStateMachine.runCommand(ContainerStateMachine.java:354) ~[classes/:?]
	at org.apache.hadoop.ozone.container.common.transport.server.ratis.ContainerStateMachine.lambda$applyTransaction$5(ContainerStateMachine.java:621) ~[classes/:?]
	at java.util.concurrent.CompletableFuture$AsyncSupply.run(CompletableFuture.java:1590) [?:1.8.0_212]
	at java.util.concurrent.ThreadPoolExecutor.runWorker(ThreadPoolExecutor.java:1149) [?:1.8.0_212]
	at java.util.concurrent.ThreadPoolExecutor$Worker.run(ThreadPoolExecutor.java:624) [?:1.8.0_212]
	at java.lang.Thread.run(Thread.java:748) [?:1.8.0_212]
2019-06-18 14:55:27,298 INFO  impl.HddsDispatcher (ContainerUtils.java:logAndReturnError(146)) - Operation: WriteChunk : Trace ID: eb061c3180e667ab:b3b82b8dd2e3f6de:a0b2609f0875f5b3:0 : Message: ContainerID 5 does not exist : Result: CONTAINER_NOT_FOUND
14:55:27.299 [pool-74-thread-1] ERROR DNAudit - user=null | ip=null | op=WRITE_CHUNK {blockData=conID: 5 locID: 102293158358220808 bcsId: 0} | ret=FAILURE
org.apache.hadoop.hdds.scm.container.common.helpers.StorageContainerException: ContainerID 5 does not exist
	at org.apache.hadoop.ozone.container.common.impl.HddsDispatcher.dispatchRequest(HddsDispatcher.java:242) ~[classes/:?]
	at org.apache.hadoop.ozone.container.common.impl.HddsDispatcher.dispatch(HddsDispatcher.java:148) ~[classes/:?]
	at org.apache.hadoop.ozone.container.common.transport.server.ratis.ContainerStateMachine.dispatchCommand(ContainerStateMachine.java:347) ~[classes/:?]
	at org.apache.hadoop.ozone.container.common.transport.server.ratis.ContainerStateMachine.runCommand(ContainerStateMachine.java:354) ~[classes/:?]
	at org.apache.hadoop.ozone.container.common.transport.server.ratis.ContainerStateMachine.lambda$applyTransaction$5(ContainerStateMachine.java:621) ~[classes/:?]
	at java.util.concurrent.CompletableFuture$AsyncSupply.run(CompletableFuture.java:1590) [?:1.8.0_212]
	at java.util.concurrent.ThreadPoolExecutor.runWorker(ThreadPoolExecutor.java:1149) [?:1.8.0_212]
	at java.util.concurrent.ThreadPoolExecutor$Worker.run(ThreadPoolExecutor.java:624) [?:1.8.0_212]
	at java.lang.Thread.run(Thread.java:748) [?:1.8.0_212]
2019-06-18 14:55:27,299 INFO  impl.HddsDispatcher (ContainerUtils.java:logAndReturnError(146)) - Operation: WriteChunk : Trace ID: eb061c3180e667ab:b3b82b8dd2e3f6de:a0b2609f0875f5b3:0 : Message: ContainerID 5 does not exist : Result: CONTAINER_NOT_FOUND
14:55:27.297 [pool-53-thread-1] ERROR DNAudit - user=null | ip=null | op=WRITE_CHUNK {blockData=conID: 5 locID: 102293158358220808 bcsId: 0} | ret=FAILURE
org.apache.hadoop.hdds.scm.container.common.helpers.StorageContainerException: ContainerID 5 does not exist
	at org.apache.hadoop.ozone.container.common.impl.HddsDispatcher.dispatchRequest(HddsDispatcher.java:242) ~[classes/:?]
	at org.apache.hadoop.ozone.container.common.impl.HddsDispatcher.dispatch(HddsDispatcher.java:148) ~[classes/:?]
	at org.apache.hadoop.ozone.container.common.transport.server.ratis.ContainerStateMachine.dispatchCommand(ContainerStateMachine.java:347) ~[classes/:?]
	at org.apache.hadoop.ozone.container.common.transport.server.ratis.ContainerStateMachine.runCommand(ContainerStateMachine.java:354) ~[classes/:?]
	at org.apache.hadoop.ozone.container.common.transport.server.ratis.ContainerStateMachine.lambda$applyTransaction$5(ContainerStateMachine.java:621) ~[classes/:?]
	at java.util.concurrent.CompletableFuture$AsyncSupply.run(CompletableFuture.java:1590) [?:1.8.0_212]
	at java.util.concurrent.ThreadPoolExecutor.runWorker(ThreadPoolExecutor.java:1149) [?:1.8.0_212]
	at java.util.concurrent.ThreadPoolExecutor$Worker.run(ThreadPoolExecutor.java:624) [?:1.8.0_212]
	at java.lang.Thread.run(Thread.java:748) [?:1.8.0_212]
2019-06-18 14:55:27,302 INFO  impl.HddsDispatcher (ContainerUtils.java:logAndReturnError(146)) - Operation: WriteChunk : Trace ID: eb061c3180e667ab:b3b82b8dd2e3f6de:a0b2609f0875f5b3:0 : Message: ContainerID 5 does not exist : Result: CONTAINER_NOT_FOUND
2019-06-18 14:55:27,303 INFO  client.GrpcClientProtocolClient (GrpcClientProtocolClient.java:onNext(254)) - client-6BD609ED26B9->d403ffbe-7eee-4c6a-a3f7-e9d8ed91e706: receive RaftClientReply:client-6BD609ED26B9->d403ffbe-7eee-4c6a-a3f7-e9d8ed91e706@group-FA42681F061D, cid=68, SUCCESS, logIndex=17, commits[d403ffbe-7eee-4c6a-a3f7-e9d8ed91e706:c18, df7c67b5-5209-4dbd-a055-a7341ea389f3:c17, a4cd4b5a-8e8a-4ce3-bcbe-0c82b500e502:c17]
2019-06-18 14:55:27,305 ERROR storage.BlockOutputStream (BlockOutputStream.java:validateResponse(538)) - Unexpected Storage Container Exception: 
org.apache.hadoop.hdds.scm.container.common.helpers.StorageContainerException: ContainerID 5 does not exist
	at org.apache.hadoop.hdds.scm.storage.ContainerProtocolCalls.validateContainerResponse(ContainerProtocolCalls.java:536)
	at org.apache.hadoop.hdds.scm.storage.BlockOutputStream.validateResponse(BlockOutputStream.java:536)
	at org.apache.hadoop.hdds.scm.storage.BlockOutputStream.lambda$writeChunkToContainer$2(BlockOutputStream.java:614)
	at java.util.concurrent.CompletableFuture.uniApply(CompletableFuture.java:602)
	at java.util.concurrent.CompletableFuture$UniApply.tryFire(CompletableFuture.java:577)
	at java.util.concurrent.CompletableFuture$Completion.run(CompletableFuture.java:442)
	at java.util.concurrent.ThreadPoolExecutor.runWorker(ThreadPoolExecutor.java:1149)
	at java.util.concurrent.ThreadPoolExecutor$Worker.run(ThreadPoolExecutor.java:624)
	at java.lang.Thread.run(Thread.java:748)
2019-06-18 14:55:27,310 INFO  keyvalue.KeyValueHandler (ContainerUtils.java:logAndReturnError(146)) - Operation: CreateContainer : Trace ID: eb061c3180e667ab:3f4125a3795aaa0c:a0b2609f0875f5b3:0 : Message: Container creation failed, due to disk out of space : Result: DISK_OUT_OF_SPACE
14:55:27.310 [pool-47-thread-37] ERROR DNAudit - user=null | ip=null | op=WRITE_CHUNK {blockData=conID: 5 locID: 102293158358220808 bcsId: 0} | ret=FAILURE
org.apache.hadoop.hdds.scm.container.common.helpers.StorageContainerException: ContainerID 5 creation failed
	at org.apache.hadoop.ozone.container.common.impl.HddsDispatcher.dispatchRequest(HddsDispatcher.java:227) ~[classes/:?]
	at org.apache.hadoop.ozone.container.common.impl.HddsDispatcher.dispatch(HddsDispatcher.java:148) ~[classes/:?]
	at org.apache.hadoop.ozone.container.common.transport.server.ratis.ContainerStateMachine.dispatchCommand(ContainerStateMachine.java:347) ~[classes/:?]
	at org.apache.hadoop.ozone.container.common.transport.server.ratis.ContainerStateMachine.runCommand(ContainerStateMachine.java:354) ~[classes/:?]
	at org.apache.hadoop.ozone.container.common.transport.server.ratis.ContainerStateMachine.lambda$handleWriteChunk$0(ContainerStateMachine.java:385) ~[classes/:?]
	at java.util.concurrent.CompletableFuture$AsyncSupply.run(CompletableFuture.java:1590) [?:1.8.0_212]
	at java.util.concurrent.ThreadPoolExecutor.runWorker(ThreadPoolExecutor.java:1149) [?:1.8.0_212]
	at java.util.concurrent.ThreadPoolExecutor$Worker.run(ThreadPoolExecutor.java:624) [?:1.8.0_212]
	at java.lang.Thread.run(Thread.java:748) [?:1.8.0_212]
2019-06-18 14:55:27,311 INFO  impl.HddsDispatcher (ContainerUtils.java:logAndReturnError(146)) - Operation: WriteChunk : Trace ID: eb061c3180e667ab:3f4125a3795aaa0c:a0b2609f0875f5b3:0 : Message: ContainerID 5 creation failed : Result: DISK_OUT_OF_SPACE
14:55:27.312 [pool-53-thread-1] ERROR DNAudit - user=null | ip=null | op=PUT_BLOCK {blockData=[blockId=conID: 5 locID: 102293158358220808 bcsId: 0,size=1048576]} | ret=FAILURE
org.apache.hadoop.hdds.scm.container.common.helpers.StorageContainerException: ContainerID 5 does not exist
	at org.apache.hadoop.ozone.container.common.impl.HddsDispatcher.dispatchRequest(HddsDispatcher.java:242) ~[classes/:?]
	at org.apache.hadoop.ozone.container.common.impl.HddsDispatcher.dispatch(HddsDispatcher.java:148) ~[classes/:?]
	at org.apache.hadoop.ozone.container.common.transport.server.ratis.ContainerStateMachine.dispatchCommand(ContainerStateMachine.java:347) ~[classes/:?]
	at org.apache.hadoop.ozone.container.common.transport.server.ratis.ContainerStateMachine.runCommand(ContainerStateMachine.java:354) ~[classes/:?]
	at org.apache.hadoop.ozone.container.common.transport.server.ratis.ContainerStateMachine.lambda$applyTransaction$5(ContainerStateMachine.java:621) ~[classes/:?]
	at java.util.concurrent.CompletableFuture$AsyncSupply.run(CompletableFuture.java:1590) [?:1.8.0_212]
	at java.util.concurrent.ThreadPoolExecutor.runWorker(ThreadPoolExecutor.java:1149) [?:1.8.0_212]
	at java.util.concurrent.ThreadPoolExecutor$Worker.run(ThreadPoolExecutor.java:624) [?:1.8.0_212]
	at java.lang.Thread.run(Thread.java:748) [?:1.8.0_212]
2019-06-18 14:55:27,312 INFO  impl.HddsDispatcher (ContainerUtils.java:logAndReturnError(146)) - Operation: PutBlock : Trace ID: eb061c3180e667ab:12545afa2a7ba7b8:a0b2609f0875f5b3:0 : Message: ContainerID 5 does not exist : Result: CONTAINER_NOT_FOUND
2019-06-18 14:55:27,316 INFO  keyvalue.KeyValueHandler (ContainerUtils.java:logAndReturnError(146)) - Operation: CreateContainer : Trace ID: eb061c3180e667ab:3f4125a3795aaa0c:a0b2609f0875f5b3:0 : Message: Container creation failed, due to disk out of space : Result: DISK_OUT_OF_SPACE
14:55:27.316 [pool-26-thread-6] ERROR DNAudit - user=null | ip=null | op=WRITE_CHUNK {blockData=conID: 5 locID: 102293158358220808 bcsId: 0} | ret=FAILURE
org.apache.hadoop.hdds.scm.container.common.helpers.StorageContainerException: ContainerID 5 creation failed
	at org.apache.hadoop.ozone.container.common.impl.HddsDispatcher.dispatchRequest(HddsDispatcher.java:227) ~[classes/:?]
	at org.apache.hadoop.ozone.container.common.impl.HddsDispatcher.dispatch(HddsDispatcher.java:148) ~[classes/:?]
	at org.apache.hadoop.ozone.container.common.transport.server.ratis.ContainerStateMachine.dispatchCommand(ContainerStateMachine.java:347) ~[classes/:?]
	at org.apache.hadoop.ozone.container.common.transport.server.ratis.ContainerStateMachine.runCommand(ContainerStateMachine.java:354) ~[classes/:?]
	at org.apache.hadoop.ozone.container.common.transport.server.ratis.ContainerStateMachine.lambda$handleWriteChunk$0(ContainerStateMachine.java:385) ~[classes/:?]
	at java.util.concurrent.CompletableFuture$AsyncSupply.run(CompletableFuture.java:1590) [?:1.8.0_212]
	at java.util.concurrent.ThreadPoolExecutor.runWorker(ThreadPoolExecutor.java:1149) [?:1.8.0_212]
	at java.util.concurrent.ThreadPoolExecutor$Worker.run(ThreadPoolExecutor.java:624) [?:1.8.0_212]
	at java.lang.Thread.run(Thread.java:748) [?:1.8.0_212]
2019-06-18 14:55:27,317 INFO  impl.HddsDispatcher (ContainerUtils.java:logAndReturnError(146)) - Operation: WriteChunk : Trace ID: eb061c3180e667ab:3f4125a3795aaa0c:a0b2609f0875f5b3:0 : Message: ContainerID 5 creation failed : Result: DISK_OUT_OF_SPACE
2019-06-18 14:55:27,317 INFO  client.GrpcClientProtocolClient (GrpcClientProtocolClient.java:onNext(254)) - client-6BD609ED26B9->d403ffbe-7eee-4c6a-a3f7-e9d8ed91e706: receive RaftClientReply:client-6BD609ED26B9->d403ffbe-7eee-4c6a-a3f7-e9d8ed91e706@group-FA42681F061D, cid=69, SUCCESS, logIndex=19, commits[d403ffbe-7eee-4c6a-a3f7-e9d8ed91e706:c19, df7c67b5-5209-4dbd-a055-a7341ea389f3:c18, a4cd4b5a-8e8a-4ce3-bcbe-0c82b500e502:c18]
2019-06-18 14:55:27,317 INFO  keyvalue.KeyValueHandler (ContainerUtils.java:logAndReturnError(146)) - Operation: CreateContainer : Trace ID: eb061c3180e667ab:3f4125a3795aaa0c:a0b2609f0875f5b3:0 : Message: Container creation failed, due to disk out of space : Result: DISK_OUT_OF_SPACE
14:55:27.318 [pool-32-thread-1] ERROR DNAudit - user=null | ip=null | op=PUT_BLOCK {blockData=[blockId=conID: 5 locID: 102293158358220808 bcsId: 0,size=1048576]} | ret=FAILURE
org.apache.hadoop.hdds.scm.container.common.helpers.StorageContainerException: ContainerID 5 does not exist
	at org.apache.hadoop.ozone.container.common.impl.HddsDispatcher.dispatchRequest(HddsDispatcher.java:242) ~[classes/:?]
	at org.apache.hadoop.ozone.container.common.impl.HddsDispatcher.dispatch(HddsDispatcher.java:148) ~[classes/:?]
	at org.apache.hadoop.ozone.container.common.transport.server.ratis.ContainerStateMachine.dispatchCommand(ContainerStateMachine.java:347) ~[classes/:?]
	at org.apache.hadoop.ozone.container.common.transport.server.ratis.ContainerStateMachine.runCommand(ContainerStateMachine.java:354) ~[classes/:?]
	at org.apache.hadoop.ozone.container.common.transport.server.ratis.ContainerStateMachine.lambda$applyTransaction$5(ContainerStateMachine.java:621) ~[classes/:?]
	at java.util.concurrent.CompletableFuture$AsyncSupply.run(CompletableFuture.java:1590) [?:1.8.0_212]
	at java.util.concurrent.ThreadPoolExecutor.runWorker(ThreadPoolExecutor.java:1149) [?:1.8.0_212]
	at java.util.concurrent.ThreadPoolExecutor$Worker.run(ThreadPoolExecutor.java:624) [?:1.8.0_212]
	at java.lang.Thread.run(Thread.java:748) [?:1.8.0_212]
2019-06-18 14:55:27,319 INFO  impl.HddsDispatcher (ContainerUtils.java:logAndReturnError(146)) - Operation: PutBlock : Trace ID: eb061c3180e667ab:12545afa2a7ba7b8:a0b2609f0875f5b3:0 : Message: ContainerID 5 does not exist : Result: CONTAINER_NOT_FOUND
14:55:27.320 [pool-53-thread-1] ERROR DNAudit - user=null | ip=null | op=WRITE_CHUNK {blockData=conID: 5 locID: 102293158358220808 bcsId: 0} | ret=FAILURE
org.apache.hadoop.hdds.scm.container.common.helpers.StorageContainerException: ContainerID 5 does not exist
	at org.apache.hadoop.ozone.container.common.impl.HddsDispatcher.dispatchRequest(HddsDispatcher.java:242) ~[classes/:?]
	at org.apache.hadoop.ozone.container.common.impl.HddsDispatcher.dispatch(HddsDispatcher.java:148) ~[classes/:?]
	at org.apache.hadoop.ozone.container.common.transport.server.ratis.ContainerStateMachine.dispatchCommand(ContainerStateMachine.java:347) ~[classes/:?]
	at org.apache.hadoop.ozone.container.common.transport.server.ratis.ContainerStateMachine.runCommand(ContainerStateMachine.java:354) ~[classes/:?]
	at org.apache.hadoop.ozone.container.common.transport.server.ratis.ContainerStateMachine.lambda$applyTransaction$5(ContainerStateMachine.java:621) ~[classes/:?]
	at java.util.concurrent.CompletableFuture$AsyncSupply.run(CompletableFuture.java:1590) [?:1.8.0_212]
	at java.util.concurrent.ThreadPoolExecutor.runWorker(ThreadPoolExecutor.java:1149) [?:1.8.0_212]
	at java.util.concurrent.ThreadPoolExecutor$Worker.run(ThreadPoolExecutor.java:624) [?:1.8.0_212]
	at java.lang.Thread.run(Thread.java:748) [?:1.8.0_212]
2019-06-18 14:55:27,320 INFO  impl.HddsDispatcher (ContainerUtils.java:logAndReturnError(146)) - Operation: WriteChunk : Trace ID: eb061c3180e667ab:3f4125a3795aaa0c:a0b2609f0875f5b3:0 : Message: ContainerID 5 does not exist : Result: CONTAINER_NOT_FOUND
14:55:27.318 [pool-68-thread-26] ERROR DNAudit - user=null | ip=null | op=WRITE_CHUNK {blockData=conID: 5 locID: 102293158358220808 bcsId: 0} | ret=FAILURE
org.apache.hadoop.hdds.scm.container.common.helpers.StorageContainerException: ContainerID 5 creation failed
	at org.apache.hadoop.ozone.container.common.impl.HddsDispatcher.dispatchRequest(HddsDispatcher.java:227) ~[classes/:?]
	at org.apache.hadoop.ozone.container.common.impl.HddsDispatcher.dispatch(HddsDispatcher.java:148) ~[classes/:?]
	at org.apache.hadoop.ozone.container.common.transport.server.ratis.ContainerStateMachine.dispatchCommand(ContainerStateMachine.java:347) ~[classes/:?]
	at org.apache.hadoop.ozone.container.common.transport.server.ratis.ContainerStateMachine.runCommand(ContainerStateMachine.java:354) ~[classes/:?]
	at org.apache.hadoop.ozone.container.common.transport.server.ratis.ContainerStateMachine.lambda$handleWriteChunk$0(ContainerStateMachine.java:385) ~[classes/:?]
	at java.util.concurrent.CompletableFuture$AsyncSupply.run(CompletableFuture.java:1590) [?:1.8.0_212]
	at java.util.concurrent.ThreadPoolExecutor.runWorker(ThreadPoolExecutor.java:1149) [?:1.8.0_212]
	at java.util.concurrent.ThreadPoolExecutor$Worker.run(ThreadPoolExecutor.java:624) [?:1.8.0_212]
	at java.lang.Thread.run(Thread.java:748) [?:1.8.0_212]
2019-06-18 14:55:27,320 INFO  impl.HddsDispatcher (ContainerUtils.java:logAndReturnError(146)) - Operation: WriteChunk : Trace ID: eb061c3180e667ab:3f4125a3795aaa0c:a0b2609f0875f5b3:0 : Message: ContainerID 5 creation failed : Result: DISK_OUT_OF_SPACE
14:55:27.323 [pool-53-thread-1] ERROR DNAudit - user=null | ip=null | op=PUT_BLOCK {blockData=[blockId=conID: 5 locID: 102293158358220808 bcsId: 0,size=2097152]} | ret=FAILURE
org.apache.hadoop.hdds.scm.container.common.helpers.StorageContainerException: ContainerID 5 does not exist
	at org.apache.hadoop.ozone.container.common.impl.HddsDispatcher.dispatchRequest(HddsDispatcher.java:242) ~[classes/:?]
	at org.apache.hadoop.ozone.container.common.impl.HddsDispatcher.dispatch(HddsDispatcher.java:148) ~[classes/:?]
	at org.apache.hadoop.ozone.container.common.transport.server.ratis.ContainerStateMachine.dispatchCommand(ContainerStateMachine.java:347) ~[classes/:?]
	at org.apache.hadoop.ozone.container.common.transport.server.ratis.ContainerStateMachine.runCommand(ContainerStateMachine.java:354) ~[classes/:?]
	at org.apache.hadoop.ozone.container.common.transport.server.ratis.ContainerStateMachine.lambda$applyTransaction$5(ContainerStateMachine.java:621) ~[classes/:?]
	at java.util.concurrent.CompletableFuture$AsyncSupply.run(CompletableFuture.java:1590) [?:1.8.0_212]
	at java.util.concurrent.ThreadPoolExecutor.runWorker(ThreadPoolExecutor.java:1149) [?:1.8.0_212]
	at java.util.concurrent.ThreadPoolExecutor$Worker.run(ThreadPoolExecutor.java:624) [?:1.8.0_212]
	at java.lang.Thread.run(Thread.java:748) [?:1.8.0_212]
2019-06-18 14:55:27,324 INFO  impl.HddsDispatcher (ContainerUtils.java:logAndReturnError(146)) - Operation: PutBlock : Trace ID: eb061c3180e667ab:630e3b8865486b15:a0b2609f0875f5b3:0 : Message: ContainerID 5 does not exist : Result: CONTAINER_NOT_FOUND
2019-06-18 14:55:27,324 INFO  client.GrpcClientProtocolClient (GrpcClientProtocolClient.java:onNext(254)) - client-6BD609ED26B9->d403ffbe-7eee-4c6a-a3f7-e9d8ed91e706: receive RaftClientReply:client-6BD609ED26B9->d403ffbe-7eee-4c6a-a3f7-e9d8ed91e706@group-FA42681F061D, cid=70, SUCCESS, logIndex=20, commits[d403ffbe-7eee-4c6a-a3f7-e9d8ed91e706:c20, df7c67b5-5209-4dbd-a055-a7341ea389f3:c18, a4cd4b5a-8e8a-4ce3-bcbe-0c82b500e502:c19]
14:55:27.327 [pool-74-thread-1] ERROR DNAudit - user=null | ip=null | op=PUT_BLOCK {blockData=[blockId=conID: 5 locID: 102293158358220808 bcsId: 0,size=1048576]} | ret=FAILURE
org.apache.hadoop.hdds.scm.container.common.helpers.StorageContainerException: ContainerID 5 does not exist
	at org.apache.hadoop.ozone.container.common.impl.HddsDispatcher.dispatchRequest(HddsDispatcher.java:242) ~[classes/:?]
	at org.apache.hadoop.ozone.container.common.impl.HddsDispatcher.dispatch(HddsDispatcher.java:148) ~[classes/:?]
	at org.apache.hadoop.ozone.container.common.transport.server.ratis.ContainerStateMachine.dispatchCommand(ContainerStateMachine.java:347) ~[classes/:?]
	at org.apache.hadoop.ozone.container.common.transport.server.ratis.ContainerStateMachine.runCommand(ContainerStateMachine.java:354) ~[classes/:?]
	at org.apache.hadoop.ozone.container.common.transport.server.ratis.ContainerStateMachine.lambda$applyTransaction$5(ContainerStateMachine.java:621) ~[classes/:?]
	at java.util.concurrent.CompletableFuture$AsyncSupply.run(CompletableFuture.java:1590) [?:1.8.0_212]
	at java.util.concurrent.ThreadPoolExecutor.runWorker(ThreadPoolExecutor.java:1149) [?:1.8.0_212]
	at java.util.concurrent.ThreadPoolExecutor$Worker.run(ThreadPoolExecutor.java:624) [?:1.8.0_212]
	at java.lang.Thread.run(Thread.java:748) [?:1.8.0_212]
2019-06-18 14:55:27,327 INFO  impl.HddsDispatcher (ContainerUtils.java:logAndReturnError(146)) - Operation: PutBlock : Trace ID: eb061c3180e667ab:12545afa2a7ba7b8:a0b2609f0875f5b3:0 : Message: ContainerID 5 does not exist : Result: CONTAINER_NOT_FOUND
14:55:27.327 [pool-32-thread-1] ERROR DNAudit - user=null | ip=null | op=WRITE_CHUNK {blockData=conID: 5 locID: 102293158358220808 bcsId: 0} | ret=FAILURE
org.apache.hadoop.hdds.scm.container.common.helpers.StorageContainerException: ContainerID 5 does not exist
	at org.apache.hadoop.ozone.container.common.impl.HddsDispatcher.dispatchRequest(HddsDispatcher.java:242) ~[classes/:?]
	at org.apache.hadoop.ozone.container.common.impl.HddsDispatcher.dispatch(HddsDispatcher.java:148) ~[classes/:?]
	at org.apache.hadoop.ozone.container.common.transport.server.ratis.ContainerStateMachine.dispatchCommand(ContainerStateMachine.java:347) ~[classes/:?]
	at org.apache.hadoop.ozone.container.common.transport.server.ratis.ContainerStateMachine.runCommand(ContainerStateMachine.java:354) ~[classes/:?]
	at org.apache.hadoop.ozone.container.common.transport.server.ratis.ContainerStateMachine.lambda$applyTransaction$5(ContainerStateMachine.java:621) ~[classes/:?]
	at java.util.concurrent.CompletableFuture$AsyncSupply.run(CompletableFuture.java:1590) [?:1.8.0_212]
	at java.util.concurrent.ThreadPoolExecutor.runWorker(ThreadPoolExecutor.java:1149) [?:1.8.0_212]
	at java.util.concurrent.ThreadPoolExecutor$Worker.run(ThreadPoolExecutor.java:624) [?:1.8.0_212]
	at java.lang.Thread.run(Thread.java:748) [?:1.8.0_212]
2019-06-18 14:55:27,328 INFO  impl.HddsDispatcher (ContainerUtils.java:logAndReturnError(146)) - Operation: WriteChunk : Trace ID: eb061c3180e667ab:3f4125a3795aaa0c:a0b2609f0875f5b3:0 : Message: ContainerID 5 does not exist : Result: CONTAINER_NOT_FOUND
2019-06-18 14:55:27,333 INFO  client.GrpcClientProtocolClient (GrpcClientProtocolClient.java:onNext(254)) - client-6BD609ED26B9->d403ffbe-7eee-4c6a-a3f7-e9d8ed91e706: receive RaftClientReply:client-6BD609ED26B9->d403ffbe-7eee-4c6a-a3f7-e9d8ed91e706@group-FA42681F061D, cid=71, SUCCESS, logIndex=22, commits[d403ffbe-7eee-4c6a-a3f7-e9d8ed91e706:c22, df7c67b5-5209-4dbd-a055-a7341ea389f3:c18, a4cd4b5a-8e8a-4ce3-bcbe-0c82b500e502:c19]
14:55:27.333 [pool-74-thread-1] ERROR DNAudit - user=null | ip=null | op=WRITE_CHUNK {blockData=conID: 5 locID: 102293158358220808 bcsId: 0} | ret=FAILURE
org.apache.hadoop.hdds.scm.container.common.helpers.StorageContainerException: ContainerID 5 does not exist
	at org.apache.hadoop.ozone.container.common.impl.HddsDispatcher.dispatchRequest(HddsDispatcher.java:242) ~[classes/:?]
	at org.apache.hadoop.ozone.container.common.impl.HddsDispatcher.dispatch(HddsDispatcher.java:148) ~[classes/:?]
	at org.apache.hadoop.ozone.container.common.transport.server.ratis.ContainerStateMachine.dispatchCommand(ContainerStateMachine.java:347) ~[classes/:?]
	at org.apache.hadoop.ozone.container.common.transport.server.ratis.ContainerStateMachine.runCommand(ContainerStateMachine.java:354) ~[classes/:?]
	at org.apache.hadoop.ozone.container.common.transport.server.ratis.ContainerStateMachine.lambda$applyTransaction$5(ContainerStateMachine.java:621) ~[classes/:?]
	at java.util.concurrent.CompletableFuture$AsyncSupply.run(CompletableFuture.java:1590) [?:1.8.0_212]
	at java.util.concurrent.ThreadPoolExecutor.runWorker(ThreadPoolExecutor.java:1149) [?:1.8.0_212]
	at java.util.concurrent.ThreadPoolExecutor$Worker.run(ThreadPoolExecutor.java:624) [?:1.8.0_212]
	at java.lang.Thread.run(Thread.java:748) [?:1.8.0_212]
2019-06-18 14:55:27,333 INFO  impl.HddsDispatcher (ContainerUtils.java:logAndReturnError(146)) - Operation: WriteChunk : Trace ID: eb061c3180e667ab:3f4125a3795aaa0c:a0b2609f0875f5b3:0 : Message: ContainerID 5 does not exist : Result: CONTAINER_NOT_FOUND
14:55:27.333 [pool-74-thread-1] ERROR DNAudit - user=null | ip=null | op=PUT_BLOCK {blockData=[blockId=conID: 5 locID: 102293158358220808 bcsId: 0,size=2097152]} | ret=FAILURE
org.apache.hadoop.hdds.scm.container.common.helpers.StorageContainerException: ContainerID 5 does not exist
	at org.apache.hadoop.ozone.container.common.impl.HddsDispatcher.dispatchRequest(HddsDispatcher.java:242) ~[classes/:?]
	at org.apache.hadoop.ozone.container.common.impl.HddsDispatcher.dispatch(HddsDispatcher.java:148) ~[classes/:?]
	at org.apache.hadoop.ozone.container.common.transport.server.ratis.ContainerStateMachine.dispatchCommand(ContainerStateMachine.java:347) ~[classes/:?]
	at org.apache.hadoop.ozone.container.common.transport.server.ratis.ContainerStateMachine.runCommand(ContainerStateMachine.java:354) ~[classes/:?]
	at org.apache.hadoop.ozone.container.common.transport.server.ratis.ContainerStateMachine.lambda$applyTransaction$5(ContainerStateMachine.java:621) ~[classes/:?]
	at java.util.concurrent.CompletableFuture$AsyncSupply.run(CompletableFuture.java:1590) [?:1.8.0_212]
	at java.util.concurrent.ThreadPoolExecutor.runWorker(ThreadPoolExecutor.java:1149) [?:1.8.0_212]
	at java.util.concurrent.ThreadPoolExecutor$Worker.run(ThreadPoolExecutor.java:624) [?:1.8.0_212]
	at java.lang.Thread.run(Thread.java:748) [?:1.8.0_212]
2019-06-18 14:55:27,334 INFO  impl.HddsDispatcher (ContainerUtils.java:logAndReturnError(146)) - Operation: PutBlock : Trace ID: eb061c3180e667ab:630e3b8865486b15:a0b2609f0875f5b3:0 : Message: ContainerID 5 does not exist : Result: CONTAINER_NOT_FOUND
14:55:27.333 [pool-32-thread-1] ERROR DNAudit - user=null | ip=null | op=PUT_BLOCK {blockData=[blockId=conID: 5 locID: 102293158358220808 bcsId: 0,size=2097152]} | ret=FAILURE
org.apache.hadoop.hdds.scm.container.common.helpers.StorageContainerException: ContainerID 5 does not exist
	at org.apache.hadoop.ozone.container.common.impl.HddsDispatcher.dispatchRequest(HddsDispatcher.java:242) ~[classes/:?]
	at org.apache.hadoop.ozone.container.common.impl.HddsDispatcher.dispatch(HddsDispatcher.java:148) ~[classes/:?]
	at org.apache.hadoop.ozone.container.common.transport.server.ratis.ContainerStateMachine.dispatchCommand(ContainerStateMachine.java:347) ~[classes/:?]
	at org.apache.hadoop.ozone.container.common.transport.server.ratis.ContainerStateMachine.runCommand(ContainerStateMachine.java:354) ~[classes/:?]
	at org.apache.hadoop.ozone.container.common.transport.server.ratis.ContainerStateMachine.lambda$applyTransaction$5(ContainerStateMachine.java:621) ~[classes/:?]
	at java.util.concurrent.CompletableFuture$AsyncSupply.run(CompletableFuture.java:1590) [?:1.8.0_212]
	at java.util.concurrent.ThreadPoolExecutor.runWorker(ThreadPoolExecutor.java:1149) [?:1.8.0_212]
	at java.util.concurrent.ThreadPoolExecutor$Worker.run(ThreadPoolExecutor.java:624) [?:1.8.0_212]
	at java.lang.Thread.run(Thread.java:748) [?:1.8.0_212]
2019-06-18 14:55:27,334 INFO  impl.HddsDispatcher (ContainerUtils.java:logAndReturnError(146)) - Operation: PutBlock : Trace ID: eb061c3180e667ab:630e3b8865486b15:a0b2609f0875f5b3:0 : Message: ContainerID 5 does not exist : Result: CONTAINER_NOT_FOUND
2019-06-18 14:55:27,337 ERROR freon.RandomKeyGenerator (RandomKeyGenerator.java:run(675)) - Exception while adding key: key-0-67160 in bucket: org.apache.hadoop.ozone.client.OzoneBucket@6fb285d1 of volume: org.apache.hadoop.ozone.client.OzoneVolume@349e179f.
java.io.IOException: Unexpected Storage Container Exception: org.apache.hadoop.hdds.scm.container.common.helpers.StorageContainerException: ContainerID 5 does not exist
	at org.apache.hadoop.hdds.scm.storage.BlockOutputStream.setIoException(BlockOutputStream.java:548)
	at org.apache.hadoop.hdds.scm.storage.BlockOutputStream.validateResponse(BlockOutputStream.java:539)
	at org.apache.hadoop.hdds.scm.storage.BlockOutputStream.lambda$writeChunkToContainer$2(BlockOutputStream.java:614)
	at java.util.concurrent.CompletableFuture.uniApply(CompletableFuture.java:602)
	at java.util.concurrent.CompletableFuture$UniApply.tryFire(CompletableFuture.java:577)
	at java.util.concurrent.CompletableFuture$Completion.run(CompletableFuture.java:442)
	at java.util.concurrent.ThreadPoolExecutor.runWorker(ThreadPoolExecutor.java:1149)
	at java.util.concurrent.ThreadPoolExecutor$Worker.run(ThreadPoolExecutor.java:624)
	at java.lang.Thread.run(Thread.java:748)
Caused by: org.apache.hadoop.hdds.scm.container.common.helpers.StorageContainerException: ContainerID 5 does not exist
	at org.apache.hadoop.hdds.scm.storage.ContainerProtocolCalls.validateContainerResponse(ContainerProtocolCalls.java:536)
	at org.apache.hadoop.hdds.scm.storage.BlockOutputStream.validateResponse(BlockOutputStream.java:536)
	... 7 more
 100.00% |█████████████████████████████████████████████████████████████████████████████████████████████████████|  1/1 Time: 0:00:02
]]></system-out>
    <system-err><![CDATA[ERROR StatusLogger No Log4j 2 configuration file found. Using default configuration (logging only errors to the console), or user programmatically provided configurations. Set system property 'log4j2.debug' to show Log4j 2 internal initialization logging. See https://logging.apache.org/log4j/2.x/manual/configuration.html for instructions on how to configure Log4j 2
Jun 18, 2019 2:55:08 PM com.sun.jersey.server.impl.application.WebApplicationImpl _initiate
INFO: Initiating Jersey application, version 'Jersey: 1.19 02/11/2015 03:25 AM'
Jun 18, 2019 2:55:09 PM com.sun.jersey.server.impl.application.WebApplicationImpl _initiate
INFO: Initiating Jersey application, version 'Jersey: 1.19 02/11/2015 03:25 AM'
Jun 18, 2019 2:55:10 PM com.sun.jersey.server.impl.application.WebApplicationImpl _initiate
INFO: Initiating Jersey application, version 'Jersey: 1.19 02/11/2015 03:25 AM'
]]></system-err>
  </testcase>
</testsuite>