<?xml version="1.0" encoding="UTF-8"?>
<testsuite xmlns:xsi="http://www.w3.org/2001/XMLSchema-instance" xsi:noNamespaceSchemaLocation="https://maven.apache.org/surefire/maven-surefire-plugin/xsd/surefire-test-report.xsd" name="org.apache.hadoop.ozone.TestStorageContainerManager" time="55.503" tests="8" errors="1" skipped="0" failures="1">
  <properties>
    <property name="awt.toolkit" value="sun.awt.X11.XToolkit"/>
    <property name="file.encoding.pkg" value="sun.io"/>
    <property name="java.specification.version" value="1.8"/>
    <property name="sun.cpu.isalist" value=""/>
    <property name="sun.jnu.encoding" value="UTF-8"/>
    <property name="java.class.path" value="/opt/src/hadoop-ozone/integration-test/target/test-classes:/opt/src/hadoop-ozone/integration-test/target/classes:/root/.m2/repository/org/apache/hadoop/hadoop-ozone-common/0.5.0-SNAPSHOT/hadoop-ozone-common-0.5.0-SNAPSHOT.jar:/root/.m2/repository/org/apache/commons/commons-compress/1.4.1/commons-compress-1.4.1.jar:/root/.m2/repository/org/tukaani/xz/1.0/xz-1.0.jar:/root/.m2/repository/org/apache/hadoop/hadoop-common/3.2.0/hadoop-common-3.2.0.jar:/root/.m2/repository/org/apache/hadoop/hadoop-hdfs/3.2.0/hadoop-hdfs-3.2.0.jar:/root/.m2/repository/org/apache/hadoop/hadoop-hdfs-client/3.2.0/hadoop-hdfs-client-3.2.0.jar:/root/.m2/repository/com/fasterxml/jackson/core/jackson-annotations/2.9.5/jackson-annotations-2.9.5.jar:/root/.m2/repository/org/apache/hadoop/hadoop-hdds-common/0.5.0-SNAPSHOT/hadoop-hdds-common-0.5.0-SNAPSHOT.jar:/root/.m2/repository/javax/annotation/javax.annotation-api/1.2/javax.annotation-api-1.2.jar:/root/.m2/repository/org/apache/ratis/ratis-server/0.4.0-fe2b15d-SNAPSHOT/ratis-server-0.4.0-fe2b15d-SNAPSHOT.jar:/root/.m2/repository/org/apache/ratis/ratis-thirdparty-misc/0.2.0/ratis-thirdparty-misc-0.2.0.jar:/root/.m2/repository/org/apache/ratis/ratis-proto/0.4.0-fe2b15d-SNAPSHOT/ratis-proto-0.4.0-fe2b15d-SNAPSHOT.jar:/root/.m2/repository/org/apache/ratis/ratis-common/0.4.0-fe2b15d-SNAPSHOT/ratis-common-0.4.0-fe2b15d-SNAPSHOT.jar:/root/.m2/repository/org/apache/ratis/ratis-client/0.4.0-fe2b15d-SNAPSHOT/ratis-client-0.4.0-fe2b15d-SNAPSHOT.jar:/root/.m2/repository/org/apache/ratis/ratis-netty/0.4.0-fe2b15d-SNAPSHOT/ratis-netty-0.4.0-fe2b15d-SNAPSHOT.jar:/root/.m2/repository/org/apache/ratis/ratis-grpc/0.4.0-fe2b15d-SNAPSHOT/ratis-grpc-0.4.0-fe2b15d-SNAPSHOT.jar:/root/.m2/repository/org/rocksdb/rocksdbjni/5.14.2/rocksdbjni-5.14.2.jar:/root/.m2/repository/org/apache/logging/log4j/log4j-api/2.11.0/log4j-api-2.11.0.jar:/root/.m2/repository/org/apache/logging/log4j/log4j-core/2.11.0/log4j-core-2.11.0.jar:/root/.m2/repository/com/lmax/disruptor/3.4.2/disruptor-3.4.2.jar:/root/.m2/repository/org/apache/commons/commons-pool2/2.6.0/commons-pool2-2.6.0.jar:/root/.m2/repository/org/bouncycastle/bcpkix-jdk15on/1.60/bcpkix-jdk15on-1.60.jar:/root/.m2/repository/commons-validator/commons-validator/1.6/commons-validator-1.6.jar:/root/.m2/repository/commons-digester/commons-digester/1.8.1/commons-digester-1.8.1.jar:/root/.m2/repository/io/jaegertracing/jaeger-client/0.33.1/jaeger-client-0.33.1.jar:/root/.m2/repository/io/jaegertracing/jaeger-thrift/0.33.1/jaeger-thrift-0.33.1.jar:/root/.m2/repository/org/apache/thrift/libthrift/0.11.0/libthrift-0.11.0.jar:/root/.m2/repository/com/squareup/okhttp3/okhttp/3.9.0/okhttp-3.9.0.jar:/root/.m2/repository/com/squareup/okio/okio/1.13.0/okio-1.13.0.jar:/root/.m2/repository/io/jaegertracing/jaeger-core/0.33.1/jaeger-core-0.33.1.jar:/root/.m2/repository/io/jaegertracing/jaeger-tracerresolver/0.33.1/jaeger-tracerresolver-0.33.1.jar:/root/.m2/repository/io/opentracing/contrib/opentracing-tracerresolver/0.1.5/opentracing-tracerresolver-0.1.5.jar:/root/.m2/repository/io/opentracing/opentracing-util/0.31.0/opentracing-util-0.31.0.jar:/root/.m2/repository/io/opentracing/opentracing-api/0.31.0/opentracing-api-0.31.0.jar:/root/.m2/repository/io/opentracing/opentracing-noop/0.31.0/opentracing-noop-0.31.0.jar:/root/.m2/repository/org/apache/hadoop/hadoop-hdds-server-framework/0.5.0-SNAPSHOT/hadoop-hdds-server-framework-0.5.0-SNAPSHOT.jar:/root/.m2/repository/org/apache/hadoop/hadoop-hdds-server-scm/0.5.0-SNAPSHOT/hadoop-hdds-server-scm-0.5.0-SNAPSHOT.jar:/root/.m2/repository/org/apache/hadoop/hadoop-hdds-container-service/0.5.0-SNAPSHOT/hadoop-hdds-container-service-0.5.0-SNAPSHOT.jar:/root/.m2/repository/org/apache/hadoop/hadoop-hdds-client/0.5.0-SNAPSHOT/hadoop-hdds-client-0.5.0-SNAPSHOT.jar:/root/.m2/repository/org/apache/hadoop/hadoop-hdds-tools/0.5.0-SNAPSHOT/hadoop-hdds-tools-0.5.0-SNAPSHOT.jar:/root/.m2/repository/org/apache/hadoop/hadoop-ozone-ozone-manager/0.5.0-SNAPSHOT/hadoop-ozone-ozone-manager-0.5.0-SNAPSHOT.jar:/root/.m2/repository/org/apache/hadoop/hadoop-hdds-docs/0.5.0-SNAPSHOT/hadoop-hdds-docs-0.5.0-SNAPSHOT.jar:/root/.m2/repository/org/bouncycastle/bcprov-jdk15on/1.60/bcprov-jdk15on-1.60.jar:/root/.m2/repository/org/apache/hadoop/hadoop-minikdc/3.2.0/hadoop-minikdc-3.2.0.jar:/root/.m2/repository/commons-io/commons-io/2.5/commons-io-2.5.jar:/root/.m2/repository/org/apache/kerby/kerb-simplekdc/1.0.1/kerb-simplekdc-1.0.1.jar:/root/.m2/repository/org/apache/kerby/kerb-client/1.0.1/kerb-client-1.0.1.jar:/root/.m2/repository/org/apache/kerby/kerby-config/1.0.1/kerby-config-1.0.1.jar:/root/.m2/repository/org/apache/kerby/kerb-core/1.0.1/kerb-core-1.0.1.jar:/root/.m2/repository/org/apache/kerby/kerby-pkix/1.0.1/kerby-pkix-1.0.1.jar:/root/.m2/repository/org/apache/kerby/kerby-asn1/1.0.1/kerby-asn1-1.0.1.jar:/root/.m2/repository/org/apache/kerby/kerby-util/1.0.1/kerby-util-1.0.1.jar:/root/.m2/repository/org/apache/kerby/kerb-common/1.0.1/kerb-common-1.0.1.jar:/root/.m2/repository/org/apache/kerby/kerb-crypto/1.0.1/kerb-crypto-1.0.1.jar:/root/.m2/repository/org/apache/kerby/kerb-util/1.0.1/kerb-util-1.0.1.jar:/root/.m2/repository/org/apache/kerby/token-provider/1.0.1/token-provider-1.0.1.jar:/root/.m2/repository/org/apache/kerby/kerb-admin/1.0.1/kerb-admin-1.0.1.jar:/root/.m2/repository/org/apache/kerby/kerb-server/1.0.1/kerb-server-1.0.1.jar:/root/.m2/repository/org/apache/kerby/kerb-identity/1.0.1/kerb-identity-1.0.1.jar:/root/.m2/repository/org/apache/kerby/kerby-xdr/1.0.1/kerby-xdr-1.0.1.jar:/root/.m2/repository/org/slf4j/slf4j-log4j12/1.7.25/slf4j-log4j12-1.7.25.jar:/root/.m2/repository/org/apache/hadoop/hadoop-ozone-objectstore-service/0.5.0-SNAPSHOT/hadoop-ozone-objectstore-service-0.5.0-SNAPSHOT.jar:/root/.m2/repository/org/apache/hadoop/hadoop-ozone-s3gateway/0.5.0-SNAPSHOT/hadoop-ozone-s3gateway-0.5.0-SNAPSHOT.jar:/root/.m2/repository/org/jboss/weld/servlet/weld-servlet/2.4.7.Final/weld-servlet-2.4.7.Final.jar:/root/.m2/repository/org/glassfish/jersey/containers/jersey-container-servlet-core/2.27/jersey-container-servlet-core-2.27.jar:/root/.m2/repository/org/glassfish/hk2/external/javax.inject/2.5.0-b42/javax.inject-2.5.0-b42.jar:/root/.m2/repository/org/glassfish/jersey/core/jersey-common/2.27/jersey-common-2.27.jar:/root/.m2/repository/org/glassfish/hk2/osgi-resource-locator/1.0.1/osgi-resource-locator-1.0.1.jar:/root/.m2/repository/javax/ws/rs/javax.ws.rs-api/2.1/javax.ws.rs-api-2.1.jar:/root/.m2/repository/org/glassfish/jersey/ext/cdi/jersey-cdi1x/2.27/jersey-cdi1x-2.27.jar:/root/.m2/repository/org/glassfish/jersey/inject/jersey-hk2/2.27/jersey-hk2-2.27.jar:/root/.m2/repository/org/glassfish/hk2/hk2-locator/2.5.0-b42/hk2-locator-2.5.0-b42.jar:/root/.m2/repository/org/javassist/javassist/3.22.0-CR2/javassist-3.22.0-CR2.jar:/root/.m2/repository/org/glassfish/hk2/hk2-api/2.5.0/hk2-api-2.5.0.jar:/root/.m2/repository/org/glassfish/hk2/external/jakarta.inject/2.5.0/jakarta.inject-2.5.0.jar:/root/.m2/repository/org/glassfish/hk2/hk2-utils/2.5.0/hk2-utils-2.5.0.jar:/root/.m2/repository/jakarta/annotation/jakarta.annotation-api/1.3.4/jakarta.annotation-api-1.3.4.jar:/root/.m2/repository/org/glassfish/hk2/external/aopalliance-repackaged/2.5.0/aopalliance-repackaged-2.5.0.jar:/root/.m2/repository/com/fasterxml/jackson/dataformat/jackson-dataformat-xml/2.9.0/jackson-dataformat-xml-2.9.0.jar:/root/.m2/repository/com/fasterxml/jackson/core/jackson-core/2.9.5/jackson-core-2.9.5.jar:/root/.m2/repository/com/fasterxml/jackson/module/jackson-module-jaxb-annotations/2.9.5/jackson-module-jaxb-annotations-2.9.5.jar:/root/.m2/repository/javax/enterprise/cdi-api/1.2/cdi-api-1.2.jar:/root/.m2/repository/javax/el/javax.el-api/3.0.0/javax.el-api-3.0.0.jar:/root/.m2/repository/javax/interceptor/javax.interceptor-api/1.2/javax.interceptor-api-1.2.jar:/root/.m2/repository/javax/inject/javax.inject/1/javax.inject-1.jar:/root/.m2/repository/com/sun/xml/bind/jaxb-impl/2.3.0.1/jaxb-impl-2.3.0.1.jar:/root/.m2/repository/com/sun/xml/bind/jaxb-core/2.3.0.1/jaxb-core-2.3.0.1.jar:/root/.m2/repository/javax/xml/bind/jaxb-api/2.3.0/jaxb-api-2.3.0.jar:/root/.m2/repository/javax/activation/activation/1.1.1/activation-1.1.1.jar:/root/.m2/repository/org/apache/hadoop/hadoop-ozone-csi/0.5.0-SNAPSHOT/hadoop-ozone-csi-0.5.0-SNAPSHOT.jar:/root/.m2/repository/com/google/protobuf/protobuf-java-util/3.5.1/protobuf-java-util-3.5.1.jar:/root/.m2/repository/org/apache/hadoop/hadoop-hdds-config/0.5.0-SNAPSHOT/hadoop-hdds-config-0.5.0-SNAPSHOT.jar:/root/.m2/repository/com/google/guava/guava/11.0.2/guava-11.0.2.jar:/root/.m2/repository/com/google/protobuf/protobuf-java/2.5.0/protobuf-java-2.5.0.jar:/root/.m2/repository/io/grpc/grpc-netty/1.17.1/grpc-netty-1.17.1.jar:/root/.m2/repository/io/grpc/grpc-core/1.17.1/grpc-core-1.17.1.jar:/root/.m2/repository/io/grpc/grpc-context/1.17.1/grpc-context-1.17.1.jar:/root/.m2/repository/com/google/errorprone/error_prone_annotations/2.2.0/error_prone_annotations-2.2.0.jar:/root/.m2/repository/org/codehaus/mojo/animal-sniffer-annotations/1.17/animal-sniffer-annotations-1.17.jar:/root/.m2/repository/io/opencensus/opencensus-api/0.17.0/opencensus-api-0.17.0.jar:/root/.m2/repository/io/opencensus/opencensus-contrib-grpc-metrics/0.17.0/opencensus-contrib-grpc-metrics-0.17.0.jar:/root/.m2/repository/io/netty/netty-codec-http2/4.1.30.Final/netty-codec-http2-4.1.30.Final.jar:/root/.m2/repository/io/netty/netty-codec-http/4.1.30.Final/netty-codec-http-4.1.30.Final.jar:/root/.m2/repository/io/netty/netty-codec/4.1.30.Final/netty-codec-4.1.30.Final.jar:/root/.m2/repository/io/netty/netty-handler/4.1.30.Final/netty-handler-4.1.30.Final.jar:/root/.m2/repository/io/netty/netty-handler-proxy/4.1.30.Final/netty-handler-proxy-4.1.30.Final.jar:/root/.m2/repository/io/netty/netty-codec-socks/4.1.30.Final/netty-codec-socks-4.1.30.Final.jar:/root/.m2/repository/io/netty/netty-transport-native-epoll/4.1.30.Final/netty-transport-native-epoll-4.1.30.Final.jar:/root/.m2/repository/io/netty/netty-common/4.1.30.Final/netty-common-4.1.30.Final.jar:/root/.m2/repository/io/netty/netty-buffer/4.1.30.Final/netty-buffer-4.1.30.Final.jar:/root/.m2/repository/io/netty/netty-transport/4.1.30.Final/netty-transport-4.1.30.Final.jar:/root/.m2/repository/io/netty/netty-resolver/4.1.30.Final/netty-resolver-4.1.30.Final.jar:/root/.m2/repository/io/netty/netty-transport-native-unix-common/4.1.30.Final/netty-transport-native-unix-common-4.1.30.Final.jar:/root/.m2/repository/io/grpc/grpc-protobuf/1.17.1/grpc-protobuf-1.17.1.jar:/root/.m2/repository/com/google/api/grpc/proto-google-common-protos/1.0.0/proto-google-common-protos-1.0.0.jar:/root/.m2/repository/io/grpc/grpc-protobuf-lite/1.17.1/grpc-protobuf-lite-1.17.1.jar:/root/.m2/repository/io/grpc/grpc-stub/1.17.1/grpc-stub-1.17.1.jar:/root/.m2/repository/org/apache/hadoop/hadoop-ozone-recon/0.5.0-SNAPSHOT/hadoop-ozone-recon-0.5.0-SNAPSHOT.jar:/root/.m2/repository/org/apache/hadoop/hadoop-ozone-reconcodegen/0.5.0-SNAPSHOT/hadoop-ozone-reconcodegen-0.5.0-SNAPSHOT.jar:/root/.m2/repository/com/google/inject/extensions/guice-multibindings/4.0/guice-multibindings-4.0.jar:/root/.m2/repository/com/google/inject/guice/4.0/guice-4.0.jar:/root/.m2/repository/aopalliance/aopalliance/1.0/aopalliance-1.0.jar:/root/.m2/repository/com/google/inject/extensions/guice-servlet/4.0/guice-servlet-4.0.jar:/root/.m2/repository/org/glassfish/jersey/containers/jersey-container-servlet/2.27/jersey-container-servlet-2.27.jar:/root/.m2/repository/org/glassfish/hk2/guice-bridge/2.5.0/guice-bridge-2.5.0.jar:/root/.m2/repository/org/glassfish/jersey/core/jersey-server/2.27/jersey-server-2.27.jar:/root/.m2/repository/org/glassfish/jersey/core/jersey-client/2.27/jersey-client-2.27.jar:/root/.m2/repository/org/glassfish/jersey/media/jersey-media-jaxb/2.27/jersey-media-jaxb-2.27.jar:/root/.m2/repository/javax/validation/validation-api/1.1.0.Final/validation-api-1.1.0.Final.jar:/root/.m2/repository/org/glassfish/jersey/media/jersey-media-json-jackson/2.27/jersey-media-json-jackson-2.27.jar:/root/.m2/repository/org/glassfish/jersey/ext/jersey-entity-filtering/2.27/jersey-entity-filtering-2.27.jar:/root/.m2/repository/com/google/inject/extensions/guice-assistedinject/4.0/guice-assistedinject-4.0.jar:/root/.m2/repository/org/jooq/jooq/3.11.10/jooq-3.11.10.jar:/root/.m2/repository/org/jooq/jooq-meta/3.11.10/jooq-meta-3.11.10.jar:/root/.m2/repository/org/jooq/jooq-codegen/3.11.10/jooq-codegen-3.11.10.jar:/root/.m2/repository/com/jolbox/bonecp/0.8.0.RELEASE/bonecp-0.8.0.RELEASE.jar:/root/.m2/repository/org/xerial/sqlite-jdbc/3.25.2/sqlite-jdbc-3.25.2.jar:/root/.m2/repository/org/springframework/spring-jdbc/5.1.3.RELEASE/spring-jdbc-5.1.3.RELEASE.jar:/root/.m2/repository/org/springframework/spring-beans/5.1.3.RELEASE/spring-beans-5.1.3.RELEASE.jar:/root/.m2/repository/org/springframework/spring-core/5.1.3.RELEASE/spring-core-5.1.3.RELEASE.jar:/root/.m2/repository/org/springframework/spring-jcl/5.1.3.RELEASE/spring-jcl-5.1.3.RELEASE.jar:/root/.m2/repository/org/springframework/spring-tx/5.1.3.RELEASE/spring-tx-5.1.3.RELEASE.jar:/root/.m2/repository/org/apache/hadoop/hadoop-ozone-client/0.5.0-SNAPSHOT/hadoop-ozone-client-0.5.0-SNAPSHOT.jar:/root/.m2/repository/org/apache/hadoop/hadoop-ozone-ozone-manager/0.5.0-SNAPSHOT/hadoop-ozone-ozone-manager-0.5.0-SNAPSHOT-tests.jar:/root/.m2/repository/junit/junit/4.11/junit-4.11.jar:/root/.m2/repository/org/hamcrest/hamcrest-core/1.3/hamcrest-core-1.3.jar:/root/.m2/repository/org/openjdk/jmh/jmh-core/1.19/jmh-core-1.19.jar:/root/.m2/repository/net/sf/jopt-simple/jopt-simple/4.6/jopt-simple-4.6.jar:/root/.m2/repository/org/apache/commons/commons-math3/3.1.1/commons-math3-3.1.1.jar:/root/.m2/repository/org/openjdk/jmh/jmh-generator-annprocess/1.19/jmh-generator-annprocess-1.19.jar:/root/.m2/repository/org/mockito/mockito-all/1.8.5/mockito-all-1.8.5.jar:/root/.m2/repository/org/apache/hadoop/hadoop-kms/3.2.0/hadoop-kms-3.2.0.jar:/root/.m2/repository/org/apache/hadoop/hadoop-auth/3.2.0/hadoop-auth-3.2.0.jar:/root/.m2/repository/com/nimbusds/nimbus-jose-jwt/4.41.1/nimbus-jose-jwt-4.41.1.jar:/root/.m2/repository/com/github/stephenc/jcip/jcip-annotations/1.0-1/jcip-annotations-1.0-1.jar:/root/.m2/repository/net/minidev/json-smart/2.3/json-smart-2.3.jar:/root/.m2/repository/net/minidev/accessors-smart/1.2/accessors-smart-1.2.jar:/root/.m2/repository/org/ow2/asm/asm/5.0.4/asm-5.0.4.jar:/root/.m2/repository/org/apache/curator/curator-framework/2.12.0/curator-framework-2.12.0.jar:/root/.m2/repository/com/sun/jersey/jersey-core/1.19/jersey-core-1.19.jar:/root/.m2/repository/javax/ws/rs/jsr311-api/1.1.1/jsr311-api-1.1.1.jar:/root/.m2/repository/com/sun/jersey/jersey-server/1.19/jersey-server-1.19.jar:/root/.m2/repository/javax/servlet/javax.servlet-api/3.1.0/javax.servlet-api-3.1.0.jar:/root/.m2/repository/org/eclipse/jetty/jetty-server/9.3.24.v20180605/jetty-server-9.3.24.v20180605.jar:/root/.m2/repository/org/eclipse/jetty/jetty-http/9.3.24.v20180605/jetty-http-9.3.24.v20180605.jar:/root/.m2/repository/org/eclipse/jetty/jetty-io/9.3.24.v20180605/jetty-io-9.3.24.v20180605.jar:/root/.m2/repository/org/eclipse/jetty/jetty-webapp/9.3.24.v20180605/jetty-webapp-9.3.24.v20180605.jar:/root/.m2/repository/org/eclipse/jetty/jetty-xml/9.3.24.v20180605/jetty-xml-9.3.24.v20180605.jar:/root/.m2/repository/log4j/log4j/1.2.17/log4j-1.2.17.jar:/root/.m2/repository/org/slf4j/slf4j-api/1.7.25/slf4j-api-1.7.25.jar:/root/.m2/repository/org/slf4j/jul-to-slf4j/1.7.25/jul-to-slf4j-1.7.25.jar:/root/.m2/repository/org/eclipse/jetty/jetty-util/9.3.24.v20180605/jetty-util-9.3.24.v20180605.jar:/root/.m2/repository/io/dropwizard/metrics/metrics-core/3.2.4/metrics-core-3.2.4.jar:/root/.m2/repository/com/fasterxml/jackson/core/jackson-databind/2.9.5/jackson-databind-2.9.5.jar:/root/.m2/repository/org/apache/hadoop/hadoop-kms/3.2.0/hadoop-kms-3.2.0-tests.jar:/root/.m2/repository/org/apache/hadoop/hadoop-hdds-server-scm/0.5.0-SNAPSHOT/hadoop-hdds-server-scm-0.5.0-SNAPSHOT-tests.jar:/root/.m2/repository/org/hamcrest/hamcrest-all/1.3/hamcrest-all-1.3.jar:/root/.m2/repository/info/picocli/picocli/3.9.6/picocli-3.9.6.jar:/root/.m2/repository/org/apache/hadoop/hadoop-hdds-container-service/0.5.0-SNAPSHOT/hadoop-hdds-container-service-0.5.0-SNAPSHOT-tests.jar:/root/.m2/repository/org/yaml/snakeyaml/1.16/snakeyaml-1.16.jar:/root/.m2/repository/org/apache/hadoop/hadoop-common/3.2.0/hadoop-common-3.2.0-tests.jar:/root/.m2/repository/org/apache/hadoop/hadoop-annotations/3.2.0/hadoop-annotations-3.2.0.jar:/usr/lib/jvm/java-1.8-openjdk/jre/../lib/tools.jar:/root/.m2/repository/commons-cli/commons-cli/1.2/commons-cli-1.2.jar:/root/.m2/repository/org/apache/httpcomponents/httpclient/4.5.2/httpclient-4.5.2.jar:/root/.m2/repository/org/apache/httpcomponents/httpcore/4.4.4/httpcore-4.4.4.jar:/root/.m2/repository/commons-codec/commons-codec/1.11/commons-codec-1.11.jar:/root/.m2/repository/commons-net/commons-net/3.6/commons-net-3.6.jar:/root/.m2/repository/commons-collections/commons-collections/3.2.2/commons-collections-3.2.2.jar:/root/.m2/repository/org/eclipse/jetty/jetty-servlet/9.3.24.v20180605/jetty-servlet-9.3.24.v20180605.jar:/root/.m2/repository/org/eclipse/jetty/jetty-security/9.3.24.v20180605/jetty-security-9.3.24.v20180605.jar:/root/.m2/repository/javax/servlet/jsp/jsp-api/2.1/jsp-api-2.1.jar:/root/.m2/repository/com/sun/jersey/jersey-servlet/1.19/jersey-servlet-1.19.jar:/root/.m2/repository/com/sun/jersey/jersey-json/1.19/jersey-json-1.19.jar:/root/.m2/repository/org/codehaus/jettison/jettison/1.1/jettison-1.1.jar:/root/.m2/repository/org/codehaus/jackson/jackson-core-asl/1.9.13/jackson-core-asl-1.9.13.jar:/root/.m2/repository/org/codehaus/jackson/jackson-mapper-asl/1.9.13/jackson-mapper-asl-1.9.13.jar:/root/.m2/repository/org/codehaus/jackson/jackson-jaxrs/1.9.13/jackson-jaxrs-1.9.13.jar:/root/.m2/repository/org/codehaus/jackson/jackson-xc/1.9.13/jackson-xc-1.9.13.jar:/root/.m2/repository/commons-logging/commons-logging/1.1.3/commons-logging-1.1.3.jar:/root/.m2/repository/commons-beanutils/commons-beanutils/1.9.3/commons-beanutils-1.9.3.jar:/root/.m2/repository/org/apache/commons/commons-configuration2/2.1.1/commons-configuration2-2.1.1.jar:/root/.m2/repository/org/apache/commons/commons-lang3/3.7/commons-lang3-3.7.jar:/root/.m2/repository/org/apache/commons/commons-text/1.4/commons-text-1.4.jar:/root/.m2/repository/org/apache/avro/avro/1.7.7/avro-1.7.7.jar:/root/.m2/repository/com/thoughtworks/paranamer/paranamer/2.3/paranamer-2.3.jar:/root/.m2/repository/org/xerial/snappy/snappy-java/1.0.5/snappy-java-1.0.5.jar:/root/.m2/repository/com/google/re2j/re2j/1.1/re2j-1.1.jar:/root/.m2/repository/com/google/code/gson/gson/2.2.4/gson-2.2.4.jar:/root/.m2/repository/com/jcraft/jsch/0.1.54/jsch-0.1.54.jar:/root/.m2/repository/org/apache/curator/curator-client/2.12.0/curator-client-2.12.0.jar:/root/.m2/repository/org/apache/curator/curator-recipes/2.12.0/curator-recipes-2.12.0.jar:/root/.m2/repository/com/google/code/findbugs/jsr305/3.0.0/jsr305-3.0.0.jar:/root/.m2/repository/org/apache/htrace/htrace-core4/4.1.0-incubating/htrace-core4-4.1.0-incubating.jar:/root/.m2/repository/org/apache/zookeeper/zookeeper/3.4.13/zookeeper-3.4.13.jar:/root/.m2/repository/org/apache/yetus/audience-annotations/0.5.0/audience-annotations-0.5.0.jar:/root/.m2/repository/org/codehaus/woodstox/stax2-api/3.1.4/stax2-api-3.1.4.jar:/root/.m2/repository/com/fasterxml/woodstox/woodstox-core/5.0.3/woodstox-core-5.0.3.jar:/root/.m2/repository/dnsjava/dnsjava/2.1.7/dnsjava-2.1.7.jar:/root/.m2/repository/org/apache/hadoop/hadoop-hdfs/3.2.0/hadoop-hdfs-3.2.0-tests.jar:/root/.m2/repository/org/eclipse/jetty/jetty-util-ajax/9.3.24.v20180605/jetty-util-ajax-9.3.24.v20180605.jar:/root/.m2/repository/commons-daemon/commons-daemon/1.0.13/commons-daemon-1.0.13.jar:/root/.m2/repository/io/netty/netty/3.10.5.Final/netty-3.10.5.Final.jar:/root/.m2/repository/io/netty/netty-all/4.0.52.Final/netty-all-4.0.52.Final.jar:/root/.m2/repository/org/fusesource/leveldbjni/leveldbjni-all/1.8/leveldbjni-all-1.8.jar:"/>
    <property name="java.vm.vendor" value="IcedTea"/>
    <property name="sun.arch.data.model" value="64"/>
    <property name="test.build.dir" value="/opt/src/hadoop-ozone/integration-test/target/test-dir"/>
    <property name="test.cache.data" value=""/>
    <property name="java.vendor.url" value="https://icedtea.classpath.org"/>
    <property name="user.timezone" value=""/>
    <property name="java.vm.specification.version" value="1.8"/>
    <property name="os.name" value="Linux"/>
    <property name="test.build.data" value="/opt/src/hadoop-ozone/integration-test/target/test-dir"/>
    <property name="user.country" value="US"/>
    <property name="sun.java.launcher" value="SUN_STANDARD"/>
    <property name="sun.boot.library.path" value="/usr/lib/jvm/java-1.8-openjdk/jre/lib/amd64"/>
    <property name="sun.java.command" value="/opt/src/hadoop-ozone/integration-test/target/surefire/surefirebooter4440317580740741744.jar /opt/src/hadoop-ozone/integration-test/target/surefire 2019-06-13T15-42-33_721-jvmRun1 surefire2002194007300482506tmp surefire_764702315406718406392tmp"/>
    <property name="surefire.test.class.path" value="/opt/src/hadoop-ozone/integration-test/target/test-classes:/opt/src/hadoop-ozone/integration-test/target/classes:/root/.m2/repository/org/apache/hadoop/hadoop-ozone-common/0.5.0-SNAPSHOT/hadoop-ozone-common-0.5.0-SNAPSHOT.jar:/root/.m2/repository/org/apache/commons/commons-compress/1.4.1/commons-compress-1.4.1.jar:/root/.m2/repository/org/tukaani/xz/1.0/xz-1.0.jar:/root/.m2/repository/org/apache/hadoop/hadoop-common/3.2.0/hadoop-common-3.2.0.jar:/root/.m2/repository/org/apache/hadoop/hadoop-hdfs/3.2.0/hadoop-hdfs-3.2.0.jar:/root/.m2/repository/org/apache/hadoop/hadoop-hdfs-client/3.2.0/hadoop-hdfs-client-3.2.0.jar:/root/.m2/repository/com/fasterxml/jackson/core/jackson-annotations/2.9.5/jackson-annotations-2.9.5.jar:/root/.m2/repository/org/apache/hadoop/hadoop-hdds-common/0.5.0-SNAPSHOT/hadoop-hdds-common-0.5.0-SNAPSHOT.jar:/root/.m2/repository/javax/annotation/javax.annotation-api/1.2/javax.annotation-api-1.2.jar:/root/.m2/repository/org/apache/ratis/ratis-server/0.4.0-fe2b15d-SNAPSHOT/ratis-server-0.4.0-fe2b15d-SNAPSHOT.jar:/root/.m2/repository/org/apache/ratis/ratis-thirdparty-misc/0.2.0/ratis-thirdparty-misc-0.2.0.jar:/root/.m2/repository/org/apache/ratis/ratis-proto/0.4.0-fe2b15d-SNAPSHOT/ratis-proto-0.4.0-fe2b15d-SNAPSHOT.jar:/root/.m2/repository/org/apache/ratis/ratis-common/0.4.0-fe2b15d-SNAPSHOT/ratis-common-0.4.0-fe2b15d-SNAPSHOT.jar:/root/.m2/repository/org/apache/ratis/ratis-client/0.4.0-fe2b15d-SNAPSHOT/ratis-client-0.4.0-fe2b15d-SNAPSHOT.jar:/root/.m2/repository/org/apache/ratis/ratis-netty/0.4.0-fe2b15d-SNAPSHOT/ratis-netty-0.4.0-fe2b15d-SNAPSHOT.jar:/root/.m2/repository/org/apache/ratis/ratis-grpc/0.4.0-fe2b15d-SNAPSHOT/ratis-grpc-0.4.0-fe2b15d-SNAPSHOT.jar:/root/.m2/repository/org/rocksdb/rocksdbjni/5.14.2/rocksdbjni-5.14.2.jar:/root/.m2/repository/org/apache/logging/log4j/log4j-api/2.11.0/log4j-api-2.11.0.jar:/root/.m2/repository/org/apache/logging/log4j/log4j-core/2.11.0/log4j-core-2.11.0.jar:/root/.m2/repository/com/lmax/disruptor/3.4.2/disruptor-3.4.2.jar:/root/.m2/repository/org/apache/commons/commons-pool2/2.6.0/commons-pool2-2.6.0.jar:/root/.m2/repository/org/bouncycastle/bcpkix-jdk15on/1.60/bcpkix-jdk15on-1.60.jar:/root/.m2/repository/commons-validator/commons-validator/1.6/commons-validator-1.6.jar:/root/.m2/repository/commons-digester/commons-digester/1.8.1/commons-digester-1.8.1.jar:/root/.m2/repository/io/jaegertracing/jaeger-client/0.33.1/jaeger-client-0.33.1.jar:/root/.m2/repository/io/jaegertracing/jaeger-thrift/0.33.1/jaeger-thrift-0.33.1.jar:/root/.m2/repository/org/apache/thrift/libthrift/0.11.0/libthrift-0.11.0.jar:/root/.m2/repository/com/squareup/okhttp3/okhttp/3.9.0/okhttp-3.9.0.jar:/root/.m2/repository/com/squareup/okio/okio/1.13.0/okio-1.13.0.jar:/root/.m2/repository/io/jaegertracing/jaeger-core/0.33.1/jaeger-core-0.33.1.jar:/root/.m2/repository/io/jaegertracing/jaeger-tracerresolver/0.33.1/jaeger-tracerresolver-0.33.1.jar:/root/.m2/repository/io/opentracing/contrib/opentracing-tracerresolver/0.1.5/opentracing-tracerresolver-0.1.5.jar:/root/.m2/repository/io/opentracing/opentracing-util/0.31.0/opentracing-util-0.31.0.jar:/root/.m2/repository/io/opentracing/opentracing-api/0.31.0/opentracing-api-0.31.0.jar:/root/.m2/repository/io/opentracing/opentracing-noop/0.31.0/opentracing-noop-0.31.0.jar:/root/.m2/repository/org/apache/hadoop/hadoop-hdds-server-framework/0.5.0-SNAPSHOT/hadoop-hdds-server-framework-0.5.0-SNAPSHOT.jar:/root/.m2/repository/org/apache/hadoop/hadoop-hdds-server-scm/0.5.0-SNAPSHOT/hadoop-hdds-server-scm-0.5.0-SNAPSHOT.jar:/root/.m2/repository/org/apache/hadoop/hadoop-hdds-container-service/0.5.0-SNAPSHOT/hadoop-hdds-container-service-0.5.0-SNAPSHOT.jar:/root/.m2/repository/org/apache/hadoop/hadoop-hdds-client/0.5.0-SNAPSHOT/hadoop-hdds-client-0.5.0-SNAPSHOT.jar:/root/.m2/repository/org/apache/hadoop/hadoop-hdds-tools/0.5.0-SNAPSHOT/hadoop-hdds-tools-0.5.0-SNAPSHOT.jar:/root/.m2/repository/org/apache/hadoop/hadoop-ozone-ozone-manager/0.5.0-SNAPSHOT/hadoop-ozone-ozone-manager-0.5.0-SNAPSHOT.jar:/root/.m2/repository/org/apache/hadoop/hadoop-hdds-docs/0.5.0-SNAPSHOT/hadoop-hdds-docs-0.5.0-SNAPSHOT.jar:/root/.m2/repository/org/bouncycastle/bcprov-jdk15on/1.60/bcprov-jdk15on-1.60.jar:/root/.m2/repository/org/apache/hadoop/hadoop-minikdc/3.2.0/hadoop-minikdc-3.2.0.jar:/root/.m2/repository/commons-io/commons-io/2.5/commons-io-2.5.jar:/root/.m2/repository/org/apache/kerby/kerb-simplekdc/1.0.1/kerb-simplekdc-1.0.1.jar:/root/.m2/repository/org/apache/kerby/kerb-client/1.0.1/kerb-client-1.0.1.jar:/root/.m2/repository/org/apache/kerby/kerby-config/1.0.1/kerby-config-1.0.1.jar:/root/.m2/repository/org/apache/kerby/kerb-core/1.0.1/kerb-core-1.0.1.jar:/root/.m2/repository/org/apache/kerby/kerby-pkix/1.0.1/kerby-pkix-1.0.1.jar:/root/.m2/repository/org/apache/kerby/kerby-asn1/1.0.1/kerby-asn1-1.0.1.jar:/root/.m2/repository/org/apache/kerby/kerby-util/1.0.1/kerby-util-1.0.1.jar:/root/.m2/repository/org/apache/kerby/kerb-common/1.0.1/kerb-common-1.0.1.jar:/root/.m2/repository/org/apache/kerby/kerb-crypto/1.0.1/kerb-crypto-1.0.1.jar:/root/.m2/repository/org/apache/kerby/kerb-util/1.0.1/kerb-util-1.0.1.jar:/root/.m2/repository/org/apache/kerby/token-provider/1.0.1/token-provider-1.0.1.jar:/root/.m2/repository/org/apache/kerby/kerb-admin/1.0.1/kerb-admin-1.0.1.jar:/root/.m2/repository/org/apache/kerby/kerb-server/1.0.1/kerb-server-1.0.1.jar:/root/.m2/repository/org/apache/kerby/kerb-identity/1.0.1/kerb-identity-1.0.1.jar:/root/.m2/repository/org/apache/kerby/kerby-xdr/1.0.1/kerby-xdr-1.0.1.jar:/root/.m2/repository/org/slf4j/slf4j-log4j12/1.7.25/slf4j-log4j12-1.7.25.jar:/root/.m2/repository/org/apache/hadoop/hadoop-ozone-objectstore-service/0.5.0-SNAPSHOT/hadoop-ozone-objectstore-service-0.5.0-SNAPSHOT.jar:/root/.m2/repository/org/apache/hadoop/hadoop-ozone-s3gateway/0.5.0-SNAPSHOT/hadoop-ozone-s3gateway-0.5.0-SNAPSHOT.jar:/root/.m2/repository/org/jboss/weld/servlet/weld-servlet/2.4.7.Final/weld-servlet-2.4.7.Final.jar:/root/.m2/repository/org/glassfish/jersey/containers/jersey-container-servlet-core/2.27/jersey-container-servlet-core-2.27.jar:/root/.m2/repository/org/glassfish/hk2/external/javax.inject/2.5.0-b42/javax.inject-2.5.0-b42.jar:/root/.m2/repository/org/glassfish/jersey/core/jersey-common/2.27/jersey-common-2.27.jar:/root/.m2/repository/org/glassfish/hk2/osgi-resource-locator/1.0.1/osgi-resource-locator-1.0.1.jar:/root/.m2/repository/javax/ws/rs/javax.ws.rs-api/2.1/javax.ws.rs-api-2.1.jar:/root/.m2/repository/org/glassfish/jersey/ext/cdi/jersey-cdi1x/2.27/jersey-cdi1x-2.27.jar:/root/.m2/repository/org/glassfish/jersey/inject/jersey-hk2/2.27/jersey-hk2-2.27.jar:/root/.m2/repository/org/glassfish/hk2/hk2-locator/2.5.0-b42/hk2-locator-2.5.0-b42.jar:/root/.m2/repository/org/javassist/javassist/3.22.0-CR2/javassist-3.22.0-CR2.jar:/root/.m2/repository/org/glassfish/hk2/hk2-api/2.5.0/hk2-api-2.5.0.jar:/root/.m2/repository/org/glassfish/hk2/external/jakarta.inject/2.5.0/jakarta.inject-2.5.0.jar:/root/.m2/repository/org/glassfish/hk2/hk2-utils/2.5.0/hk2-utils-2.5.0.jar:/root/.m2/repository/jakarta/annotation/jakarta.annotation-api/1.3.4/jakarta.annotation-api-1.3.4.jar:/root/.m2/repository/org/glassfish/hk2/external/aopalliance-repackaged/2.5.0/aopalliance-repackaged-2.5.0.jar:/root/.m2/repository/com/fasterxml/jackson/dataformat/jackson-dataformat-xml/2.9.0/jackson-dataformat-xml-2.9.0.jar:/root/.m2/repository/com/fasterxml/jackson/core/jackson-core/2.9.5/jackson-core-2.9.5.jar:/root/.m2/repository/com/fasterxml/jackson/module/jackson-module-jaxb-annotations/2.9.5/jackson-module-jaxb-annotations-2.9.5.jar:/root/.m2/repository/javax/enterprise/cdi-api/1.2/cdi-api-1.2.jar:/root/.m2/repository/javax/el/javax.el-api/3.0.0/javax.el-api-3.0.0.jar:/root/.m2/repository/javax/interceptor/javax.interceptor-api/1.2/javax.interceptor-api-1.2.jar:/root/.m2/repository/javax/inject/javax.inject/1/javax.inject-1.jar:/root/.m2/repository/com/sun/xml/bind/jaxb-impl/2.3.0.1/jaxb-impl-2.3.0.1.jar:/root/.m2/repository/com/sun/xml/bind/jaxb-core/2.3.0.1/jaxb-core-2.3.0.1.jar:/root/.m2/repository/javax/xml/bind/jaxb-api/2.3.0/jaxb-api-2.3.0.jar:/root/.m2/repository/javax/activation/activation/1.1.1/activation-1.1.1.jar:/root/.m2/repository/org/apache/hadoop/hadoop-ozone-csi/0.5.0-SNAPSHOT/hadoop-ozone-csi-0.5.0-SNAPSHOT.jar:/root/.m2/repository/com/google/protobuf/protobuf-java-util/3.5.1/protobuf-java-util-3.5.1.jar:/root/.m2/repository/org/apache/hadoop/hadoop-hdds-config/0.5.0-SNAPSHOT/hadoop-hdds-config-0.5.0-SNAPSHOT.jar:/root/.m2/repository/com/google/guava/guava/11.0.2/guava-11.0.2.jar:/root/.m2/repository/com/google/protobuf/protobuf-java/2.5.0/protobuf-java-2.5.0.jar:/root/.m2/repository/io/grpc/grpc-netty/1.17.1/grpc-netty-1.17.1.jar:/root/.m2/repository/io/grpc/grpc-core/1.17.1/grpc-core-1.17.1.jar:/root/.m2/repository/io/grpc/grpc-context/1.17.1/grpc-context-1.17.1.jar:/root/.m2/repository/com/google/errorprone/error_prone_annotations/2.2.0/error_prone_annotations-2.2.0.jar:/root/.m2/repository/org/codehaus/mojo/animal-sniffer-annotations/1.17/animal-sniffer-annotations-1.17.jar:/root/.m2/repository/io/opencensus/opencensus-api/0.17.0/opencensus-api-0.17.0.jar:/root/.m2/repository/io/opencensus/opencensus-contrib-grpc-metrics/0.17.0/opencensus-contrib-grpc-metrics-0.17.0.jar:/root/.m2/repository/io/netty/netty-codec-http2/4.1.30.Final/netty-codec-http2-4.1.30.Final.jar:/root/.m2/repository/io/netty/netty-codec-http/4.1.30.Final/netty-codec-http-4.1.30.Final.jar:/root/.m2/repository/io/netty/netty-codec/4.1.30.Final/netty-codec-4.1.30.Final.jar:/root/.m2/repository/io/netty/netty-handler/4.1.30.Final/netty-handler-4.1.30.Final.jar:/root/.m2/repository/io/netty/netty-handler-proxy/4.1.30.Final/netty-handler-proxy-4.1.30.Final.jar:/root/.m2/repository/io/netty/netty-codec-socks/4.1.30.Final/netty-codec-socks-4.1.30.Final.jar:/root/.m2/repository/io/netty/netty-transport-native-epoll/4.1.30.Final/netty-transport-native-epoll-4.1.30.Final.jar:/root/.m2/repository/io/netty/netty-common/4.1.30.Final/netty-common-4.1.30.Final.jar:/root/.m2/repository/io/netty/netty-buffer/4.1.30.Final/netty-buffer-4.1.30.Final.jar:/root/.m2/repository/io/netty/netty-transport/4.1.30.Final/netty-transport-4.1.30.Final.jar:/root/.m2/repository/io/netty/netty-resolver/4.1.30.Final/netty-resolver-4.1.30.Final.jar:/root/.m2/repository/io/netty/netty-transport-native-unix-common/4.1.30.Final/netty-transport-native-unix-common-4.1.30.Final.jar:/root/.m2/repository/io/grpc/grpc-protobuf/1.17.1/grpc-protobuf-1.17.1.jar:/root/.m2/repository/com/google/api/grpc/proto-google-common-protos/1.0.0/proto-google-common-protos-1.0.0.jar:/root/.m2/repository/io/grpc/grpc-protobuf-lite/1.17.1/grpc-protobuf-lite-1.17.1.jar:/root/.m2/repository/io/grpc/grpc-stub/1.17.1/grpc-stub-1.17.1.jar:/root/.m2/repository/org/apache/hadoop/hadoop-ozone-recon/0.5.0-SNAPSHOT/hadoop-ozone-recon-0.5.0-SNAPSHOT.jar:/root/.m2/repository/org/apache/hadoop/hadoop-ozone-reconcodegen/0.5.0-SNAPSHOT/hadoop-ozone-reconcodegen-0.5.0-SNAPSHOT.jar:/root/.m2/repository/com/google/inject/extensions/guice-multibindings/4.0/guice-multibindings-4.0.jar:/root/.m2/repository/com/google/inject/guice/4.0/guice-4.0.jar:/root/.m2/repository/aopalliance/aopalliance/1.0/aopalliance-1.0.jar:/root/.m2/repository/com/google/inject/extensions/guice-servlet/4.0/guice-servlet-4.0.jar:/root/.m2/repository/org/glassfish/jersey/containers/jersey-container-servlet/2.27/jersey-container-servlet-2.27.jar:/root/.m2/repository/org/glassfish/hk2/guice-bridge/2.5.0/guice-bridge-2.5.0.jar:/root/.m2/repository/org/glassfish/jersey/core/jersey-server/2.27/jersey-server-2.27.jar:/root/.m2/repository/org/glassfish/jersey/core/jersey-client/2.27/jersey-client-2.27.jar:/root/.m2/repository/org/glassfish/jersey/media/jersey-media-jaxb/2.27/jersey-media-jaxb-2.27.jar:/root/.m2/repository/javax/validation/validation-api/1.1.0.Final/validation-api-1.1.0.Final.jar:/root/.m2/repository/org/glassfish/jersey/media/jersey-media-json-jackson/2.27/jersey-media-json-jackson-2.27.jar:/root/.m2/repository/org/glassfish/jersey/ext/jersey-entity-filtering/2.27/jersey-entity-filtering-2.27.jar:/root/.m2/repository/com/google/inject/extensions/guice-assistedinject/4.0/guice-assistedinject-4.0.jar:/root/.m2/repository/org/jooq/jooq/3.11.10/jooq-3.11.10.jar:/root/.m2/repository/org/jooq/jooq-meta/3.11.10/jooq-meta-3.11.10.jar:/root/.m2/repository/org/jooq/jooq-codegen/3.11.10/jooq-codegen-3.11.10.jar:/root/.m2/repository/com/jolbox/bonecp/0.8.0.RELEASE/bonecp-0.8.0.RELEASE.jar:/root/.m2/repository/org/xerial/sqlite-jdbc/3.25.2/sqlite-jdbc-3.25.2.jar:/root/.m2/repository/org/springframework/spring-jdbc/5.1.3.RELEASE/spring-jdbc-5.1.3.RELEASE.jar:/root/.m2/repository/org/springframework/spring-beans/5.1.3.RELEASE/spring-beans-5.1.3.RELEASE.jar:/root/.m2/repository/org/springframework/spring-core/5.1.3.RELEASE/spring-core-5.1.3.RELEASE.jar:/root/.m2/repository/org/springframework/spring-jcl/5.1.3.RELEASE/spring-jcl-5.1.3.RELEASE.jar:/root/.m2/repository/org/springframework/spring-tx/5.1.3.RELEASE/spring-tx-5.1.3.RELEASE.jar:/root/.m2/repository/org/apache/hadoop/hadoop-ozone-client/0.5.0-SNAPSHOT/hadoop-ozone-client-0.5.0-SNAPSHOT.jar:/root/.m2/repository/org/apache/hadoop/hadoop-ozone-ozone-manager/0.5.0-SNAPSHOT/hadoop-ozone-ozone-manager-0.5.0-SNAPSHOT-tests.jar:/root/.m2/repository/junit/junit/4.11/junit-4.11.jar:/root/.m2/repository/org/hamcrest/hamcrest-core/1.3/hamcrest-core-1.3.jar:/root/.m2/repository/org/openjdk/jmh/jmh-core/1.19/jmh-core-1.19.jar:/root/.m2/repository/net/sf/jopt-simple/jopt-simple/4.6/jopt-simple-4.6.jar:/root/.m2/repository/org/apache/commons/commons-math3/3.1.1/commons-math3-3.1.1.jar:/root/.m2/repository/org/openjdk/jmh/jmh-generator-annprocess/1.19/jmh-generator-annprocess-1.19.jar:/root/.m2/repository/org/mockito/mockito-all/1.8.5/mockito-all-1.8.5.jar:/root/.m2/repository/org/apache/hadoop/hadoop-kms/3.2.0/hadoop-kms-3.2.0.jar:/root/.m2/repository/org/apache/hadoop/hadoop-auth/3.2.0/hadoop-auth-3.2.0.jar:/root/.m2/repository/com/nimbusds/nimbus-jose-jwt/4.41.1/nimbus-jose-jwt-4.41.1.jar:/root/.m2/repository/com/github/stephenc/jcip/jcip-annotations/1.0-1/jcip-annotations-1.0-1.jar:/root/.m2/repository/net/minidev/json-smart/2.3/json-smart-2.3.jar:/root/.m2/repository/net/minidev/accessors-smart/1.2/accessors-smart-1.2.jar:/root/.m2/repository/org/ow2/asm/asm/5.0.4/asm-5.0.4.jar:/root/.m2/repository/org/apache/curator/curator-framework/2.12.0/curator-framework-2.12.0.jar:/root/.m2/repository/com/sun/jersey/jersey-core/1.19/jersey-core-1.19.jar:/root/.m2/repository/javax/ws/rs/jsr311-api/1.1.1/jsr311-api-1.1.1.jar:/root/.m2/repository/com/sun/jersey/jersey-server/1.19/jersey-server-1.19.jar:/root/.m2/repository/javax/servlet/javax.servlet-api/3.1.0/javax.servlet-api-3.1.0.jar:/root/.m2/repository/org/eclipse/jetty/jetty-server/9.3.24.v20180605/jetty-server-9.3.24.v20180605.jar:/root/.m2/repository/org/eclipse/jetty/jetty-http/9.3.24.v20180605/jetty-http-9.3.24.v20180605.jar:/root/.m2/repository/org/eclipse/jetty/jetty-io/9.3.24.v20180605/jetty-io-9.3.24.v20180605.jar:/root/.m2/repository/org/eclipse/jetty/jetty-webapp/9.3.24.v20180605/jetty-webapp-9.3.24.v20180605.jar:/root/.m2/repository/org/eclipse/jetty/jetty-xml/9.3.24.v20180605/jetty-xml-9.3.24.v20180605.jar:/root/.m2/repository/log4j/log4j/1.2.17/log4j-1.2.17.jar:/root/.m2/repository/org/slf4j/slf4j-api/1.7.25/slf4j-api-1.7.25.jar:/root/.m2/repository/org/slf4j/jul-to-slf4j/1.7.25/jul-to-slf4j-1.7.25.jar:/root/.m2/repository/org/eclipse/jetty/jetty-util/9.3.24.v20180605/jetty-util-9.3.24.v20180605.jar:/root/.m2/repository/io/dropwizard/metrics/metrics-core/3.2.4/metrics-core-3.2.4.jar:/root/.m2/repository/com/fasterxml/jackson/core/jackson-databind/2.9.5/jackson-databind-2.9.5.jar:/root/.m2/repository/org/apache/hadoop/hadoop-kms/3.2.0/hadoop-kms-3.2.0-tests.jar:/root/.m2/repository/org/apache/hadoop/hadoop-hdds-server-scm/0.5.0-SNAPSHOT/hadoop-hdds-server-scm-0.5.0-SNAPSHOT-tests.jar:/root/.m2/repository/org/hamcrest/hamcrest-all/1.3/hamcrest-all-1.3.jar:/root/.m2/repository/info/picocli/picocli/3.9.6/picocli-3.9.6.jar:/root/.m2/repository/org/apache/hadoop/hadoop-hdds-container-service/0.5.0-SNAPSHOT/hadoop-hdds-container-service-0.5.0-SNAPSHOT-tests.jar:/root/.m2/repository/org/yaml/snakeyaml/1.16/snakeyaml-1.16.jar:/root/.m2/repository/org/apache/hadoop/hadoop-common/3.2.0/hadoop-common-3.2.0-tests.jar:/root/.m2/repository/org/apache/hadoop/hadoop-annotations/3.2.0/hadoop-annotations-3.2.0.jar:/usr/lib/jvm/java-1.8-openjdk/jre/../lib/tools.jar:/root/.m2/repository/commons-cli/commons-cli/1.2/commons-cli-1.2.jar:/root/.m2/repository/org/apache/httpcomponents/httpclient/4.5.2/httpclient-4.5.2.jar:/root/.m2/repository/org/apache/httpcomponents/httpcore/4.4.4/httpcore-4.4.4.jar:/root/.m2/repository/commons-codec/commons-codec/1.11/commons-codec-1.11.jar:/root/.m2/repository/commons-net/commons-net/3.6/commons-net-3.6.jar:/root/.m2/repository/commons-collections/commons-collections/3.2.2/commons-collections-3.2.2.jar:/root/.m2/repository/org/eclipse/jetty/jetty-servlet/9.3.24.v20180605/jetty-servlet-9.3.24.v20180605.jar:/root/.m2/repository/org/eclipse/jetty/jetty-security/9.3.24.v20180605/jetty-security-9.3.24.v20180605.jar:/root/.m2/repository/javax/servlet/jsp/jsp-api/2.1/jsp-api-2.1.jar:/root/.m2/repository/com/sun/jersey/jersey-servlet/1.19/jersey-servlet-1.19.jar:/root/.m2/repository/com/sun/jersey/jersey-json/1.19/jersey-json-1.19.jar:/root/.m2/repository/org/codehaus/jettison/jettison/1.1/jettison-1.1.jar:/root/.m2/repository/org/codehaus/jackson/jackson-core-asl/1.9.13/jackson-core-asl-1.9.13.jar:/root/.m2/repository/org/codehaus/jackson/jackson-mapper-asl/1.9.13/jackson-mapper-asl-1.9.13.jar:/root/.m2/repository/org/codehaus/jackson/jackson-jaxrs/1.9.13/jackson-jaxrs-1.9.13.jar:/root/.m2/repository/org/codehaus/jackson/jackson-xc/1.9.13/jackson-xc-1.9.13.jar:/root/.m2/repository/commons-logging/commons-logging/1.1.3/commons-logging-1.1.3.jar:/root/.m2/repository/commons-beanutils/commons-beanutils/1.9.3/commons-beanutils-1.9.3.jar:/root/.m2/repository/org/apache/commons/commons-configuration2/2.1.1/commons-configuration2-2.1.1.jar:/root/.m2/repository/org/apache/commons/commons-lang3/3.7/commons-lang3-3.7.jar:/root/.m2/repository/org/apache/commons/commons-text/1.4/commons-text-1.4.jar:/root/.m2/repository/org/apache/avro/avro/1.7.7/avro-1.7.7.jar:/root/.m2/repository/com/thoughtworks/paranamer/paranamer/2.3/paranamer-2.3.jar:/root/.m2/repository/org/xerial/snappy/snappy-java/1.0.5/snappy-java-1.0.5.jar:/root/.m2/repository/com/google/re2j/re2j/1.1/re2j-1.1.jar:/root/.m2/repository/com/google/code/gson/gson/2.2.4/gson-2.2.4.jar:/root/.m2/repository/com/jcraft/jsch/0.1.54/jsch-0.1.54.jar:/root/.m2/repository/org/apache/curator/curator-client/2.12.0/curator-client-2.12.0.jar:/root/.m2/repository/org/apache/curator/curator-recipes/2.12.0/curator-recipes-2.12.0.jar:/root/.m2/repository/com/google/code/findbugs/jsr305/3.0.0/jsr305-3.0.0.jar:/root/.m2/repository/org/apache/htrace/htrace-core4/4.1.0-incubating/htrace-core4-4.1.0-incubating.jar:/root/.m2/repository/org/apache/zookeeper/zookeeper/3.4.13/zookeeper-3.4.13.jar:/root/.m2/repository/org/apache/yetus/audience-annotations/0.5.0/audience-annotations-0.5.0.jar:/root/.m2/repository/org/codehaus/woodstox/stax2-api/3.1.4/stax2-api-3.1.4.jar:/root/.m2/repository/com/fasterxml/woodstox/woodstox-core/5.0.3/woodstox-core-5.0.3.jar:/root/.m2/repository/dnsjava/dnsjava/2.1.7/dnsjava-2.1.7.jar:/root/.m2/repository/org/apache/hadoop/hadoop-hdfs/3.2.0/hadoop-hdfs-3.2.0-tests.jar:/root/.m2/repository/org/eclipse/jetty/jetty-util-ajax/9.3.24.v20180605/jetty-util-ajax-9.3.24.v20180605.jar:/root/.m2/repository/commons-daemon/commons-daemon/1.0.13/commons-daemon-1.0.13.jar:/root/.m2/repository/io/netty/netty/3.10.5.Final/netty-3.10.5.Final.jar:/root/.m2/repository/io/netty/netty-all/4.0.52.Final/netty-all-4.0.52.Final.jar:/root/.m2/repository/org/fusesource/leveldbjni/leveldbjni-all/1.8/leveldbjni-all-1.8.jar:"/>
    <property name="sun.cpu.endian" value="little"/>
    <property name="user.home" value="/root"/>
    <property name="user.language" value="en"/>
    <property name="java.specification.vendor" value="Oracle Corporation"/>
    <property name="java.home" value="/usr/lib/jvm/java-1.8-openjdk/jre"/>
    <property name="java.security.krb5.conf" value="/opt/src/hadoop-ozone/integration-test/target/test-classes/krb5.conf"/>
    <property name="basedir" value="/opt/src/hadoop-ozone/integration-test"/>
    <property name="file.separator" value="/"/>
    <property name="line.separator" value="&#10;"/>
    <property name="java.vm.specification.vendor" value="Oracle Corporation"/>
    <property name="java.specification.name" value="Java Platform API Specification"/>
    <property name="java.awt.graphicsenv" value="sun.awt.X11GraphicsEnvironment"/>
    <property name="surefire.real.class.path" value="/opt/src/hadoop-ozone/integration-test/target/surefire/surefirebooter4440317580740741744.jar"/>
    <property name="hadoop.log.dir" value="/opt/src/hadoop-ozone/integration-test/target/log"/>
    <property name="sun.boot.class.path" value="/usr/lib/jvm/java-1.8-openjdk/jre/lib/resources.jar:/usr/lib/jvm/java-1.8-openjdk/jre/lib/rt.jar:/usr/lib/jvm/java-1.8-openjdk/jre/lib/sunrsasign.jar:/usr/lib/jvm/java-1.8-openjdk/jre/lib/jsse.jar:/usr/lib/jvm/java-1.8-openjdk/jre/lib/jce.jar:/usr/lib/jvm/java-1.8-openjdk/jre/lib/charsets.jar:/usr/lib/jvm/java-1.8-openjdk/jre/lib/jfr.jar:/usr/lib/jvm/java-1.8-openjdk/jre/classes"/>
    <property name="sun.management.compiler" value="HotSpot 64-Bit Tiered Compilers"/>
    <property name="java.runtime.version" value="1.8.0_212-b04"/>
    <property name="java.net.preferIPv4Stack" value="true"/>
    <property name="user.name" value="root"/>
    <property name="path.separator" value=":"/>
    <property name="java.security.egd" value="file:///dev/urandom"/>
    <property name="os.version" value="4.15.0-1021-aws"/>
    <property name="java.endorsed.dirs" value="/usr/lib/jvm/java-1.8-openjdk/jre/lib/endorsed"/>
    <property name="java.runtime.name" value="OpenJDK Runtime Environment"/>
    <property name="file.encoding" value="UTF-8"/>
    <property name="java.vm.name" value="OpenJDK 64-Bit Server VM"/>
    <property name="test.build.webapps" value=""/>
    <property name="localRepository" value="/root/.m2/repository"/>
    <property name="java.vendor.url.bug" value="https://icedtea.classpath.org/bugzilla"/>
    <property name="java.io.tmpdir" value="/tmp"/>
    <property name="require.test.libhadoop" value=""/>
    <property name="java.version" value="1.8.0_212"/>
    <property name="user.dir" value="/opt/src/hadoop-ozone/integration-test"/>
    <property name="os.arch" value="amd64"/>
    <property name="java.vm.specification.name" value="Java Virtual Machine Specification"/>
    <property name="test.build.classes" value="/opt/src/hadoop-ozone/integration-test/target/test-classes"/>
    <property name="java.awt.printerjob" value="sun.print.PSPrinterJob"/>
    <property name="sun.os.patch.level" value="unknown"/>
    <property name="hadoop.tmp.dir" value="/opt/src/hadoop-ozone/integration-test/target/tmp"/>
    <property name="java.library.path" value="/usr/lib/jvm/java-1.8-openjdk/jre/lib/amd64/server:/usr/lib/jvm/java-1.8-openjdk/jre/lib/amd64:/usr/lib/jvm/java-1.8-openjdk/jre/../lib/amd64:/opt/src/hadoop-ozone/integration-test/target/native/target/usr/local/lib:/opt/src/hadoop-ozone/integration-test/../../hadoop-common-project/hadoop-common/target/native/target/usr/local/lib:/usr/java/packages/lib/amd64:/usr/lib64:/lib64:/lib:/usr/lib"/>
    <property name="java.vm.info" value="mixed mode"/>
    <property name="java.vendor" value="IcedTea"/>
    <property name="java.vm.version" value="25.212-b04"/>
    <property name="java.ext.dirs" value="/usr/lib/jvm/java-1.8-openjdk/jre/lib/ext:/usr/java/packages/lib/ext"/>
    <property name="sun.io.unicode.encoding" value="UnicodeLittle"/>
    <property name="java.class.version" value="52.0"/>
  </properties>
  <testcase name="testBlockDeletionTransactions" classname="org.apache.hadoop.ozone.TestStorageContainerManager" time="11.383"/>
  <testcase name="testBlockDeletingThrottling" classname="org.apache.hadoop.ozone.TestStorageContainerManager" time="6.245">
    <error message="Unexpected Storage Container Exception: org.apache.hadoop.hdds.scm.container.common.helpers.StorageContainerException: ContainerID 13 creation failed" type="java.io.IOException">java.io.IOException: Unexpected Storage Container Exception: org.apache.hadoop.hdds.scm.container.common.helpers.StorageContainerException: ContainerID 13 creation failed
	at org.apache.hadoop.hdds.scm.storage.BlockOutputStream.setIoException(BlockOutputStream.java:548)
	at org.apache.hadoop.hdds.scm.storage.BlockOutputStream.validateResponse(BlockOutputStream.java:539)
	at org.apache.hadoop.hdds.scm.storage.BlockOutputStream.lambda$writeChunkToContainer$2(BlockOutputStream.java:614)
	at java.util.concurrent.CompletableFuture.uniApply(CompletableFuture.java:602)
	at java.util.concurrent.CompletableFuture$UniApply.tryFire(CompletableFuture.java:577)
	at java.util.concurrent.CompletableFuture$Completion.run(CompletableFuture.java:442)
	at java.util.concurrent.ThreadPoolExecutor.runWorker(ThreadPoolExecutor.java:1149)
	at java.util.concurrent.ThreadPoolExecutor$Worker.run(ThreadPoolExecutor.java:624)
	at java.lang.Thread.run(Thread.java:748)
Caused by: org.apache.hadoop.hdds.scm.container.common.helpers.StorageContainerException: ContainerID 13 creation failed
	at org.apache.hadoop.hdds.scm.storage.ContainerProtocolCalls.validateContainerResponse(ContainerProtocolCalls.java:536)
	at org.apache.hadoop.hdds.scm.storage.BlockOutputStream.validateResponse(BlockOutputStream.java:536)
	... 7 more
</error>
    <system-out><![CDATA[2019-06-13 16:25:04,932 WARN  server.ServerUtils (ServerUtils.java:getScmDbDir(145)) - ozone.scm.db.dirs is not configured. We recommend adding this setting. Falling back to ozone.metadata.dirs instead.
2019-06-13 16:25:04,939 WARN  server.ServerUtils (ServerUtils.java:getScmDbDir(145)) - ozone.scm.db.dirs is not configured. We recommend adding this setting. Falling back to ozone.metadata.dirs instead.
2019-06-13 16:25:04,940 WARN  server.ServerUtils (ServerUtils.java:getScmDbDir(145)) - ozone.scm.db.dirs is not configured. We recommend adding this setting. Falling back to ozone.metadata.dirs instead.
2019-06-13 16:25:04,940 INFO  db.DBStoreBuilder (DBStoreBuilder.java:addTable(110)) - using custom profile for table: deletedBlocks
2019-06-13 16:25:04,941 INFO  db.DBStoreBuilder (DBStoreBuilder.java:processTables(161)) - Using default column profile:DBProfile.DISK for Table:deletedBlocks
2019-06-13 16:25:04,941 INFO  db.DBStoreBuilder (DBStoreBuilder.java:addTable(110)) - using custom profile for table: validCerts
2019-06-13 16:25:04,941 INFO  db.DBStoreBuilder (DBStoreBuilder.java:processTables(161)) - Using default column profile:DBProfile.DISK for Table:validCerts
2019-06-13 16:25:04,941 INFO  db.DBStoreBuilder (DBStoreBuilder.java:addTable(110)) - using custom profile for table: revokedCerts
2019-06-13 16:25:04,941 INFO  db.DBStoreBuilder (DBStoreBuilder.java:processTables(161)) - Using default column profile:DBProfile.DISK for Table:revokedCerts
2019-06-13 16:25:04,942 INFO  db.DBStoreBuilder (DBStoreBuilder.java:addTable(110)) - using custom profile for table: default
2019-06-13 16:25:04,942 INFO  db.DBStoreBuilder (DBStoreBuilder.java:processTables(167)) - Using default column profile:DBProfile.DISK for Table:default
2019-06-13 16:25:04,942 INFO  db.DBStoreBuilder (DBStoreBuilder.java:getDbProfile(198)) - Using default options. DBProfile.DISK
2019-06-13 16:25:04,985 INFO  node.SCMNodeManager (SCMNodeManager.java:<init>(108)) - Entering startup safe mode.
2019-06-13 16:25:04,986 INFO  net.NodeSchemaLoader (NodeSchemaLoader.java:loadSchemaFromFile(125)) - Loading file from sun.misc.CompoundEnumeration@65bd615
2019-06-13 16:25:04,987 INFO  net.NodeSchemaLoader (NodeSchemaLoader.java:loadSchema(171)) - Loading network topology layer schema file
2019-06-13 16:25:04,990 WARN  server.ServerUtils (ServerUtils.java:getScmDbDir(145)) - ozone.scm.db.dirs is not configured. We recommend adding this setting. Falling back to ozone.metadata.dirs instead.
2019-06-13 16:25:05,004 INFO  pipeline.SCMPipelineManager (SCMPipelineManager.java:initializePipelineState(126)) - No pipeline exists in current db
2019-06-13 16:25:05,005 WARN  server.ServerUtils (ServerUtils.java:getScmDbDir(145)) - ozone.scm.db.dirs is not configured. We recommend adding this setting. Falling back to ozone.metadata.dirs instead.
2019-06-13 16:25:05,020 WARN  events.EventQueue (EventQueue.java:fireEvent(175)) - No event handler registered for event TypedEvent{payloadType=SafeModeStatus, name='SafeModeStatus'}
2019-06-13 16:25:05,021 INFO  ipc.CallQueueManager (CallQueueManager.java:<init>(84)) - Using callQueue: class java.util.concurrent.LinkedBlockingQueue, queueCapacity: 2000, scheduler: class org.apache.hadoop.ipc.DefaultRpcScheduler, ipcBackoff: false.
2019-06-13 16:25:05,021 INFO  ipc.Server (Server.java:run(1074)) - Starting Socket Reader #1 for port 34903
2019-06-13 16:25:05,024 INFO  ipc.CallQueueManager (CallQueueManager.java:<init>(84)) - Using callQueue: class java.util.concurrent.LinkedBlockingQueue, queueCapacity: 2000, scheduler: class org.apache.hadoop.ipc.DefaultRpcScheduler, ipcBackoff: false.
2019-06-13 16:25:05,024 INFO  ipc.Server (Server.java:run(1074)) - Starting Socket Reader #1 for port 38497
2019-06-13 16:25:05,030 INFO  background.BlockDeletingService (BlockDeletingService.java:getTasks(123)) - Plan to choose 10 containers for block deletion, actually returns 5 valid containers.
2019-06-13 16:25:05,031 INFO  ipc.CallQueueManager (CallQueueManager.java:<init>(84)) - Using callQueue: class java.util.concurrent.LinkedBlockingQueue, queueCapacity: 2000, scheduler: class org.apache.hadoop.ipc.DefaultRpcScheduler, ipcBackoff: false.
2019-06-13 16:25:05,031 INFO  ipc.Server (Server.java:run(1074)) - Starting Socket Reader #1 for port 35189
2019-06-13 16:25:05,048 ERROR utils.ContainerCache (ContainerCache.java:getDB(137)) - Error opening DB. Container:1 ContainerPath:/opt/src/hadoop-ozone/integration-test/target/test-dir/MiniOzoneClusterImpl-3f379463-9810-48df-887f-c222ef37097c/datanode-0/data/containers/hdds/500ceb14-8321-4c8a-b6b3-e488e41f7aab/current/containerDir0/1/metadata/1-dn-container.db
java.io.IOException: Failed init RocksDB, db path : /opt/src/hadoop-ozone/integration-test/target/test-dir/MiniOzoneClusterImpl-3f379463-9810-48df-887f-c222ef37097c/datanode-0/data/containers/hdds/500ceb14-8321-4c8a-b6b3-e488e41f7aab/current/containerDir0/1/metadata/1-dn-container.db
	at org.apache.hadoop.utils.RocksDBStore.<init>(RocksDBStore.java:87)
	at org.apache.hadoop.utils.MetadataStoreBuilder.build(MetadataStoreBuilder.java:137)
	at org.apache.hadoop.ozone.container.common.utils.ContainerCache.getDB(ContainerCache.java:129)
	at org.apache.hadoop.ozone.container.keyvalue.helpers.BlockUtils.getDB(BlockUtils.java:77)
	at org.apache.hadoop.ozone.container.keyvalue.statemachine.background.BlockDeletingService$BlockDeletingTask.call(BlockDeletingService.java:188)
	at org.apache.hadoop.ozone.container.keyvalue.statemachine.background.BlockDeletingService$BlockDeletingTask.call(BlockDeletingService.java:172)
	at java.util.concurrent.FutureTask.run(FutureTask.java:266)
	at java.util.concurrent.Executors$RunnableAdapter.call(Executors.java:511)
	at java.util.concurrent.FutureTask.run(FutureTask.java:266)
	at java.util.concurrent.Executors$RunnableAdapter.call(Executors.java:511)
	at java.util.concurrent.FutureTask.run(FutureTask.java:266)
	at java.util.concurrent.ScheduledThreadPoolExecutor$ScheduledFutureTask.access$201(ScheduledThreadPoolExecutor.java:180)
	at java.util.concurrent.ScheduledThreadPoolExecutor$ScheduledFutureTask.run(ScheduledThreadPoolExecutor.java:293)
	at java.util.concurrent.ThreadPoolExecutor.runWorker(ThreadPoolExecutor.java:1149)
	at java.util.concurrent.ThreadPoolExecutor$Worker.run(ThreadPoolExecutor.java:624)
	at java.lang.Thread.run(Thread.java:748)
Caused by: org.rocksdb.RocksDBException: While mkdir if missing: /opt/src/hadoop-ozone/integration-test/target/test-dir/MiniOzoneClusterImpl-3f379463-9810-48df-887f-c222ef37097c/datanode-0/data/containers/hdds/500ceb14-8321-4c8a-b6b3-e488e41f7aab/current/containerDir0/1/metadata/1-dn-container.db: No such file or directory
	at org.rocksdb.RocksDB.open(Native Method)
	at org.rocksdb.RocksDB.open(RocksDB.java:231)
	at org.apache.hadoop.utils.RocksDBStore.<init>(RocksDBStore.java:71)
	... 15 more
2019-06-13 16:25:05,049 INFO  hdfs.DFSUtil (DFSUtil.java:httpServerTemplateForNNAndJN(1641)) - Starting Web-server for scm at: http://0.0.0.0:0
2019-06-13 16:25:05,050 ERROR utils.ContainerCache (ContainerCache.java:getDB(137)) - Error opening DB. Container:3 ContainerPath:/opt/src/hadoop-ozone/integration-test/target/test-dir/MiniOzoneClusterImpl-3f379463-9810-48df-887f-c222ef37097c/datanode-0/data/containers/hdds/500ceb14-8321-4c8a-b6b3-e488e41f7aab/current/containerDir0/3/metadata/3-dn-container.db
java.io.IOException: Failed init RocksDB, db path : /opt/src/hadoop-ozone/integration-test/target/test-dir/MiniOzoneClusterImpl-3f379463-9810-48df-887f-c222ef37097c/datanode-0/data/containers/hdds/500ceb14-8321-4c8a-b6b3-e488e41f7aab/current/containerDir0/3/metadata/3-dn-container.db
	at org.apache.hadoop.utils.RocksDBStore.<init>(RocksDBStore.java:87)
	at org.apache.hadoop.utils.MetadataStoreBuilder.build(MetadataStoreBuilder.java:137)
	at org.apache.hadoop.ozone.container.common.utils.ContainerCache.getDB(ContainerCache.java:129)
	at org.apache.hadoop.ozone.container.keyvalue.helpers.BlockUtils.getDB(BlockUtils.java:77)
	at org.apache.hadoop.ozone.container.keyvalue.statemachine.background.BlockDeletingService$BlockDeletingTask.call(BlockDeletingService.java:188)
	at org.apache.hadoop.ozone.container.keyvalue.statemachine.background.BlockDeletingService$BlockDeletingTask.call(BlockDeletingService.java:172)
	at java.util.concurrent.FutureTask.run(FutureTask.java:266)
	at java.util.concurrent.Executors$RunnableAdapter.call(Executors.java:511)
	at java.util.concurrent.FutureTask.run(FutureTask.java:266)
	at java.util.concurrent.Executors$RunnableAdapter.call(Executors.java:511)
	at java.util.concurrent.FutureTask.run(FutureTask.java:266)
	at java.util.concurrent.ScheduledThreadPoolExecutor$ScheduledFutureTask.access$201(ScheduledThreadPoolExecutor.java:180)
	at java.util.concurrent.ScheduledThreadPoolExecutor$ScheduledFutureTask.run(ScheduledThreadPoolExecutor.java:293)
	at java.util.concurrent.ThreadPoolExecutor.runWorker(ThreadPoolExecutor.java:1149)
	at java.util.concurrent.ThreadPoolExecutor$Worker.run(ThreadPoolExecutor.java:624)
	at java.lang.Thread.run(Thread.java:748)
Caused by: org.rocksdb.RocksDBException: While mkdir if missing: /opt/src/hadoop-ozone/integration-test/target/test-dir/MiniOzoneClusterImpl-3f379463-9810-48df-887f-c222ef37097c/datanode-0/data/containers/hdds/500ceb14-8321-4c8a-b6b3-e488e41f7aab/current/containerDir0/3/metadata/3-dn-container.db: No such file or directory
	at org.rocksdb.RocksDB.open(Native Method)
	at org.rocksdb.RocksDB.open(RocksDB.java:231)
	at org.apache.hadoop.utils.RocksDBStore.<init>(RocksDBStore.java:71)
	... 15 more
2019-06-13 16:25:05,051 ERROR utils.ContainerCache (ContainerCache.java:getDB(137)) - Error opening DB. Container:4 ContainerPath:/opt/src/hadoop-ozone/integration-test/target/test-dir/MiniOzoneClusterImpl-3f379463-9810-48df-887f-c222ef37097c/datanode-0/data/containers/hdds/500ceb14-8321-4c8a-b6b3-e488e41f7aab/current/containerDir0/4/metadata/4-dn-container.db
java.io.IOException: Failed init RocksDB, db path : /opt/src/hadoop-ozone/integration-test/target/test-dir/MiniOzoneClusterImpl-3f379463-9810-48df-887f-c222ef37097c/datanode-0/data/containers/hdds/500ceb14-8321-4c8a-b6b3-e488e41f7aab/current/containerDir0/4/metadata/4-dn-container.db
	at org.apache.hadoop.utils.RocksDBStore.<init>(RocksDBStore.java:87)
	at org.apache.hadoop.utils.MetadataStoreBuilder.build(MetadataStoreBuilder.java:137)
	at org.apache.hadoop.ozone.container.common.utils.ContainerCache.getDB(ContainerCache.java:129)
	at org.apache.hadoop.ozone.container.keyvalue.helpers.BlockUtils.getDB(BlockUtils.java:77)
	at org.apache.hadoop.ozone.container.keyvalue.statemachine.background.BlockDeletingService$BlockDeletingTask.call(BlockDeletingService.java:188)
	at org.apache.hadoop.ozone.container.keyvalue.statemachine.background.BlockDeletingService$BlockDeletingTask.call(BlockDeletingService.java:172)
	at java.util.concurrent.FutureTask.run(FutureTask.java:266)
	at java.util.concurrent.Executors$RunnableAdapter.call(Executors.java:511)
	at java.util.concurrent.FutureTask.run(FutureTask.java:266)
	at java.util.concurrent.Executors$RunnableAdapter.call(Executors.java:511)
	at java.util.concurrent.FutureTask.run(FutureTask.java:266)
	at java.util.concurrent.ScheduledThreadPoolExecutor$ScheduledFutureTask.access$201(ScheduledThreadPoolExecutor.java:180)
	at java.util.concurrent.ScheduledThreadPoolExecutor$ScheduledFutureTask.run(ScheduledThreadPoolExecutor.java:293)
	at java.util.concurrent.ThreadPoolExecutor.runWorker(ThreadPoolExecutor.java:1149)
	at java.util.concurrent.ThreadPoolExecutor$Worker.run(ThreadPoolExecutor.java:624)
	at java.lang.Thread.run(Thread.java:748)
Caused by: org.rocksdb.RocksDBException: While mkdir if missing: /opt/src/hadoop-ozone/integration-test/target/test-dir/MiniOzoneClusterImpl-3f379463-9810-48df-887f-c222ef37097c/datanode-0/data/containers/hdds/500ceb14-8321-4c8a-b6b3-e488e41f7aab/current/containerDir0/4/metadata/4-dn-container.db: No such file or directory
	at org.rocksdb.RocksDB.open(Native Method)
	at org.rocksdb.RocksDB.open(RocksDB.java:231)
	at org.apache.hadoop.utils.RocksDBStore.<init>(RocksDBStore.java:71)
	... 15 more
2019-06-13 16:25:05,051 INFO  server.AuthenticationFilter (AuthenticationFilter.java:constructSecretProvider(240)) - Unable to initialize FileSignerSecretProvider, falling back to use random secrets.
2019-06-13 16:25:05,052 WARN  utils.BackgroundService (BackgroundService.java:lambda$run$0(135)) - Background task fails to execute, retrying in next interval
java.util.concurrent.ExecutionException: org.apache.hadoop.hdds.scm.container.common.helpers.StorageContainerException: Error opening DB. Container:4 ContainerPath:/opt/src/hadoop-ozone/integration-test/target/test-dir/MiniOzoneClusterImpl-3f379463-9810-48df-887f-c222ef37097c/datanode-0/data/containers/hdds/500ceb14-8321-4c8a-b6b3-e488e41f7aab/current/containerDir0/4/metadata/4-dn-container.db
	at java.util.concurrent.FutureTask.report(FutureTask.java:122)
	at java.util.concurrent.FutureTask.get(FutureTask.java:206)
	at org.apache.hadoop.utils.BackgroundService$PeriodicalTask.lambda$run$0(BackgroundService.java:129)
	at java.util.stream.ForEachOps$ForEachOp$OfRef.accept(ForEachOps.java:184)
	at java.util.ArrayList$ArrayListSpliterator.forEachRemaining(ArrayList.java:1382)
	at java.util.stream.AbstractPipeline.copyInto(AbstractPipeline.java:482)
	at java.util.stream.ForEachOps$ForEachTask.compute(ForEachOps.java:291)
	at java.util.concurrent.CountedCompleter.exec(CountedCompleter.java:731)
	at java.util.concurrent.ForkJoinTask.doExec(ForkJoinTask.java:289)
	at java.util.concurrent.ForkJoinTask.doInvoke(ForkJoinTask.java:401)
	at java.util.concurrent.ForkJoinTask.invoke(ForkJoinTask.java:734)
	at java.util.stream.ForEachOps$ForEachOp.evaluateParallel(ForEachOps.java:160)
	at java.util.stream.ForEachOps$ForEachOp$OfRef.evaluateParallel(ForEachOps.java:174)
	at java.util.stream.AbstractPipeline.evaluate(AbstractPipeline.java:233)
	at java.util.stream.ReferencePipeline.forEach(ReferencePipeline.java:418)
	at java.util.stream.ReferencePipeline$Head.forEach(ReferencePipeline.java:583)
	at org.apache.hadoop.utils.BackgroundService$PeriodicalTask.run(BackgroundService.java:125)
	at java.util.concurrent.Executors$RunnableAdapter.call(Executors.java:511)
	at java.util.concurrent.FutureTask.runAndReset(FutureTask.java:308)
	at java.util.concurrent.ScheduledThreadPoolExecutor$ScheduledFutureTask.access$301(ScheduledThreadPoolExecutor.java:180)
	at java.util.concurrent.ScheduledThreadPoolExecutor$ScheduledFutureTask.run(ScheduledThreadPoolExecutor.java:294)
	at java.util.concurrent.ThreadPoolExecutor.runWorker(ThreadPoolExecutor.java:1149)
	at java.util.concurrent.ThreadPoolExecutor$Worker.run(ThreadPoolExecutor.java:624)
	at java.lang.Thread.run(Thread.java:748)
Caused by: org.apache.hadoop.hdds.scm.container.common.helpers.StorageContainerException: Error opening DB. Container:4 ContainerPath:/opt/src/hadoop-ozone/integration-test/target/test-dir/MiniOzoneClusterImpl-3f379463-9810-48df-887f-c222ef37097c/datanode-0/data/containers/hdds/500ceb14-8321-4c8a-b6b3-e488e41f7aab/current/containerDir0/4/metadata/4-dn-container.db
	at org.apache.hadoop.ozone.container.keyvalue.helpers.BlockUtils.getDB(BlockUtils.java:84)
	at org.apache.hadoop.ozone.container.keyvalue.statemachine.background.BlockDeletingService$BlockDeletingTask.call(BlockDeletingService.java:188)
	at org.apache.hadoop.ozone.container.keyvalue.statemachine.background.BlockDeletingService$BlockDeletingTask.call(BlockDeletingService.java:172)
	at java.util.concurrent.FutureTask.run(FutureTask.java:266)
	at java.util.concurrent.Executors$RunnableAdapter.call(Executors.java:511)
	at java.util.concurrent.FutureTask.run(FutureTask.java:266)
	at java.util.concurrent.Executors$RunnableAdapter.call(Executors.java:511)
	at java.util.concurrent.FutureTask.run(FutureTask.java:266)
	at java.util.concurrent.ScheduledThreadPoolExecutor$ScheduledFutureTask.access$201(ScheduledThreadPoolExecutor.java:180)
	at java.util.concurrent.ScheduledThreadPoolExecutor$ScheduledFutureTask.run(ScheduledThreadPoolExecutor.java:293)
	... 3 more
2019-06-13 16:25:05,052 ERROR utils.ContainerCache (ContainerCache.java:getDB(137)) - Error opening DB. Container:2 ContainerPath:/opt/src/hadoop-ozone/integration-test/target/test-dir/MiniOzoneClusterImpl-3f379463-9810-48df-887f-c222ef37097c/datanode-0/data/containers/hdds/500ceb14-8321-4c8a-b6b3-e488e41f7aab/current/containerDir0/2/metadata/2-dn-container.db
java.io.IOException: Failed init RocksDB, db path : /opt/src/hadoop-ozone/integration-test/target/test-dir/MiniOzoneClusterImpl-3f379463-9810-48df-887f-c222ef37097c/datanode-0/data/containers/hdds/500ceb14-8321-4c8a-b6b3-e488e41f7aab/current/containerDir0/2/metadata/2-dn-container.db
	at org.apache.hadoop.utils.RocksDBStore.<init>(RocksDBStore.java:87)
	at org.apache.hadoop.utils.MetadataStoreBuilder.build(MetadataStoreBuilder.java:137)
	at org.apache.hadoop.ozone.container.common.utils.ContainerCache.getDB(ContainerCache.java:129)
	at org.apache.hadoop.ozone.container.keyvalue.helpers.BlockUtils.getDB(BlockUtils.java:77)
	at org.apache.hadoop.ozone.container.keyvalue.statemachine.background.BlockDeletingService$BlockDeletingTask.call(BlockDeletingService.java:188)
	at org.apache.hadoop.ozone.container.keyvalue.statemachine.background.BlockDeletingService$BlockDeletingTask.call(BlockDeletingService.java:172)
	at java.util.concurrent.FutureTask.run(FutureTask.java:266)
	at java.util.concurrent.Executors$RunnableAdapter.call(Executors.java:511)
	at java.util.concurrent.FutureTask.run(FutureTask.java:266)
	at java.util.concurrent.Executors$RunnableAdapter.call(Executors.java:511)
	at java.util.concurrent.FutureTask.run(FutureTask.java:266)
	at java.util.concurrent.ScheduledThreadPoolExecutor$ScheduledFutureTask.access$201(ScheduledThreadPoolExecutor.java:180)
	at java.util.concurrent.ScheduledThreadPoolExecutor$ScheduledFutureTask.run(ScheduledThreadPoolExecutor.java:293)
	at java.util.concurrent.ThreadPoolExecutor.runWorker(ThreadPoolExecutor.java:1149)
	at java.util.concurrent.ThreadPoolExecutor$Worker.run(ThreadPoolExecutor.java:624)
	at java.lang.Thread.run(Thread.java:748)
Caused by: org.rocksdb.RocksDBException: While mkdir if missing: /opt/src/hadoop-ozone/integration-test/target/test-dir/MiniOzoneClusterImpl-3f379463-9810-48df-887f-c222ef37097c/datanode-0/data/containers/hdds/500ceb14-8321-4c8a-b6b3-e488e41f7aab/current/containerDir0/2/metadata/2-dn-container.db: No such file or directory
	at org.rocksdb.RocksDB.open(Native Method)
	at org.rocksdb.RocksDB.open(RocksDB.java:231)
	at org.apache.hadoop.utils.RocksDBStore.<init>(RocksDBStore.java:71)
	... 15 more
2019-06-13 16:25:05,053 WARN  utils.BackgroundService (BackgroundService.java:lambda$run$0(135)) - Background task fails to execute, retrying in next interval
java.util.concurrent.ExecutionException: org.apache.hadoop.hdds.scm.container.common.helpers.StorageContainerException: Error opening DB. Container:2 ContainerPath:/opt/src/hadoop-ozone/integration-test/target/test-dir/MiniOzoneClusterImpl-3f379463-9810-48df-887f-c222ef37097c/datanode-0/data/containers/hdds/500ceb14-8321-4c8a-b6b3-e488e41f7aab/current/containerDir0/2/metadata/2-dn-container.db
	at java.util.concurrent.FutureTask.report(FutureTask.java:122)
	at java.util.concurrent.FutureTask.get(FutureTask.java:206)
	at org.apache.hadoop.utils.BackgroundService$PeriodicalTask.lambda$run$0(BackgroundService.java:129)
	at java.util.stream.ForEachOps$ForEachOp$OfRef.accept(ForEachOps.java:184)
	at java.util.ArrayList$ArrayListSpliterator.forEachRemaining(ArrayList.java:1382)
	at java.util.stream.AbstractPipeline.copyInto(AbstractPipeline.java:482)
	at java.util.stream.ForEachOps$ForEachTask.compute(ForEachOps.java:291)
	at java.util.concurrent.CountedCompleter.exec(CountedCompleter.java:731)
	at java.util.concurrent.ForkJoinTask.doExec(ForkJoinTask.java:289)
	at java.util.concurrent.ForkJoinPool.helpComplete(ForkJoinPool.java:1870)
	at java.util.concurrent.ForkJoinPool.externalHelpComplete(ForkJoinPool.java:2467)
	at java.util.concurrent.ForkJoinTask.externalAwaitDone(ForkJoinTask.java:324)
	at java.util.concurrent.ForkJoinTask.doInvoke(ForkJoinTask.java:405)
	at java.util.concurrent.ForkJoinTask.invoke(ForkJoinTask.java:734)
	at java.util.stream.ForEachOps$ForEachOp.evaluateParallel(ForEachOps.java:160)
	at java.util.stream.ForEachOps$ForEachOp$OfRef.evaluateParallel(ForEachOps.java:174)
	at java.util.stream.AbstractPipeline.evaluate(AbstractPipeline.java:233)
	at java.util.stream.ReferencePipeline.forEach(ReferencePipeline.java:418)
	at java.util.stream.ReferencePipeline$Head.forEach(ReferencePipeline.java:583)
	at org.apache.hadoop.utils.BackgroundService$PeriodicalTask.run(BackgroundService.java:125)
	at java.util.concurrent.Executors$RunnableAdapter.call(Executors.java:511)
	at java.util.concurrent.FutureTask.runAndReset(FutureTask.java:308)
	at java.util.concurrent.ScheduledThreadPoolExecutor$ScheduledFutureTask.access$301(ScheduledThreadPoolExecutor.java:180)
	at java.util.concurrent.ScheduledThreadPoolExecutor$ScheduledFutureTask.run(ScheduledThreadPoolExecutor.java:294)
	at java.util.concurrent.ThreadPoolExecutor.runWorker(ThreadPoolExecutor.java:1149)
	at java.util.concurrent.ThreadPoolExecutor$Worker.run(ThreadPoolExecutor.java:624)
	at java.lang.Thread.run(Thread.java:748)
Caused by: org.apache.hadoop.hdds.scm.container.common.helpers.StorageContainerException: Error opening DB. Container:2 ContainerPath:/opt/src/hadoop-ozone/integration-test/target/test-dir/MiniOzoneClusterImpl-3f379463-9810-48df-887f-c222ef37097c/datanode-0/data/containers/hdds/500ceb14-8321-4c8a-b6b3-e488e41f7aab/current/containerDir0/2/metadata/2-dn-container.db
	at org.apache.hadoop.ozone.container.keyvalue.helpers.BlockUtils.getDB(BlockUtils.java:84)
	at org.apache.hadoop.ozone.container.keyvalue.statemachine.background.BlockDeletingService$BlockDeletingTask.call(BlockDeletingService.java:188)
	at org.apache.hadoop.ozone.container.keyvalue.statemachine.background.BlockDeletingService$BlockDeletingTask.call(BlockDeletingService.java:172)
	at java.util.concurrent.FutureTask.run(FutureTask.java:266)
	at java.util.concurrent.Executors$RunnableAdapter.call(Executors.java:511)
	at java.util.concurrent.FutureTask.run(FutureTask.java:266)
	at java.util.concurrent.Executors$RunnableAdapter.call(Executors.java:511)
	at java.util.concurrent.FutureTask.run(FutureTask.java:266)
	at java.util.concurrent.ScheduledThreadPoolExecutor$ScheduledFutureTask.access$201(ScheduledThreadPoolExecutor.java:180)
	at java.util.concurrent.ScheduledThreadPoolExecutor$ScheduledFutureTask.run(ScheduledThreadPoolExecutor.java:293)
	... 3 more
2019-06-13 16:25:05,055 WARN  utils.BackgroundService (BackgroundService.java:lambda$run$0(135)) - Background task fails to execute, retrying in next interval
java.util.concurrent.ExecutionException: org.apache.hadoop.hdds.scm.container.common.helpers.StorageContainerException: Error opening DB. Container:3 ContainerPath:/opt/src/hadoop-ozone/integration-test/target/test-dir/MiniOzoneClusterImpl-3f379463-9810-48df-887f-c222ef37097c/datanode-0/data/containers/hdds/500ceb14-8321-4c8a-b6b3-e488e41f7aab/current/containerDir0/3/metadata/3-dn-container.db
	at java.util.concurrent.FutureTask.report(FutureTask.java:122)
	at java.util.concurrent.FutureTask.get(FutureTask.java:206)
	at org.apache.hadoop.utils.BackgroundService$PeriodicalTask.lambda$run$0(BackgroundService.java:129)
	at java.util.stream.ForEachOps$ForEachOp$OfRef.accept(ForEachOps.java:184)
	at java.util.ArrayList$ArrayListSpliterator.forEachRemaining(ArrayList.java:1382)
	at java.util.stream.AbstractPipeline.copyInto(AbstractPipeline.java:482)
	at java.util.stream.ForEachOps$ForEachTask.compute(ForEachOps.java:291)
	at java.util.concurrent.CountedCompleter.exec(CountedCompleter.java:731)
	at java.util.concurrent.ForkJoinTask.doExec(ForkJoinTask.java:289)
	at java.util.concurrent.ForkJoinPool.helpComplete(ForkJoinPool.java:1870)
	at java.util.concurrent.ForkJoinPool.externalHelpComplete(ForkJoinPool.java:2467)
	at java.util.concurrent.ForkJoinTask.externalAwaitDone(ForkJoinTask.java:324)
	at java.util.concurrent.ForkJoinTask.doInvoke(ForkJoinTask.java:405)
	at java.util.concurrent.ForkJoinTask.invoke(ForkJoinTask.java:734)
	at java.util.stream.ForEachOps$ForEachOp.evaluateParallel(ForEachOps.java:160)
	at java.util.stream.ForEachOps$ForEachOp$OfRef.evaluateParallel(ForEachOps.java:174)
	at java.util.stream.AbstractPipeline.evaluate(AbstractPipeline.java:233)
	at java.util.stream.ReferencePipeline.forEach(ReferencePipeline.java:418)
	at java.util.stream.ReferencePipeline$Head.forEach(ReferencePipeline.java:583)
	at org.apache.hadoop.utils.BackgroundService$PeriodicalTask.run(BackgroundService.java:125)
	at java.util.concurrent.Executors$RunnableAdapter.call(Executors.java:511)
	at java.util.concurrent.FutureTask.runAndReset(FutureTask.java:308)
	at java.util.concurrent.ScheduledThreadPoolExecutor$ScheduledFutureTask.access$301(ScheduledThreadPoolExecutor.java:180)
	at java.util.concurrent.ScheduledThreadPoolExecutor$ScheduledFutureTask.run(ScheduledThreadPoolExecutor.java:294)
	at java.util.concurrent.ThreadPoolExecutor.runWorker(ThreadPoolExecutor.java:1149)
	at java.util.concurrent.ThreadPoolExecutor$Worker.run(ThreadPoolExecutor.java:624)
	at java.lang.Thread.run(Thread.java:748)
Caused by: org.apache.hadoop.hdds.scm.container.common.helpers.StorageContainerException: Error opening DB. Container:3 ContainerPath:/opt/src/hadoop-ozone/integration-test/target/test-dir/MiniOzoneClusterImpl-3f379463-9810-48df-887f-c222ef37097c/datanode-0/data/containers/hdds/500ceb14-8321-4c8a-b6b3-e488e41f7aab/current/containerDir0/3/metadata/3-dn-container.db
	at org.apache.hadoop.ozone.container.keyvalue.helpers.BlockUtils.getDB(BlockUtils.java:84)
	at org.apache.hadoop.ozone.container.keyvalue.statemachine.background.BlockDeletingService$BlockDeletingTask.call(BlockDeletingService.java:188)
	at org.apache.hadoop.ozone.container.keyvalue.statemachine.background.BlockDeletingService$BlockDeletingTask.call(BlockDeletingService.java:172)
	at java.util.concurrent.FutureTask.run(FutureTask.java:266)
	at java.util.concurrent.Executors$RunnableAdapter.call(Executors.java:511)
	at java.util.concurrent.FutureTask.run(FutureTask.java:266)
	at java.util.concurrent.Executors$RunnableAdapter.call(Executors.java:511)
	at java.util.concurrent.FutureTask.run(FutureTask.java:266)
	at java.util.concurrent.ScheduledThreadPoolExecutor$ScheduledFutureTask.access$201(ScheduledThreadPoolExecutor.java:180)
	at java.util.concurrent.ScheduledThreadPoolExecutor$ScheduledFutureTask.run(ScheduledThreadPoolExecutor.java:293)
	... 3 more
2019-06-13 16:25:05,056 WARN  utils.BackgroundService (BackgroundService.java:lambda$run$0(135)) - Background task fails to execute, retrying in next interval
java.util.concurrent.ExecutionException: org.apache.hadoop.hdds.scm.container.common.helpers.StorageContainerException: Error opening DB. Container:1 ContainerPath:/opt/src/hadoop-ozone/integration-test/target/test-dir/MiniOzoneClusterImpl-3f379463-9810-48df-887f-c222ef37097c/datanode-0/data/containers/hdds/500ceb14-8321-4c8a-b6b3-e488e41f7aab/current/containerDir0/1/metadata/1-dn-container.db
	at java.util.concurrent.FutureTask.report(FutureTask.java:122)
	at java.util.concurrent.FutureTask.get(FutureTask.java:206)
	at org.apache.hadoop.utils.BackgroundService$PeriodicalTask.lambda$run$0(BackgroundService.java:129)
	at java.util.stream.ForEachOps$ForEachOp$OfRef.accept(ForEachOps.java:184)
	at java.util.ArrayList$ArrayListSpliterator.forEachRemaining(ArrayList.java:1382)
	at java.util.stream.AbstractPipeline.copyInto(AbstractPipeline.java:482)
	at java.util.stream.ForEachOps$ForEachTask.compute(ForEachOps.java:291)
	at java.util.concurrent.CountedCompleter.exec(CountedCompleter.java:731)
	at java.util.concurrent.ForkJoinTask.doExec(ForkJoinTask.java:289)
	at java.util.concurrent.ForkJoinPool$WorkQueue.pollAndExecCC(ForkJoinPool.java:1190)
	at java.util.concurrent.ForkJoinPool.helpComplete(ForkJoinPool.java:1879)
	at java.util.concurrent.ForkJoinPool.externalHelpComplete(ForkJoinPool.java:2467)
	at java.util.concurrent.ForkJoinTask.externalAwaitDone(ForkJoinTask.java:324)
	at java.util.concurrent.ForkJoinTask.doInvoke(ForkJoinTask.java:405)
	at java.util.concurrent.ForkJoinTask.invoke(ForkJoinTask.java:734)
	at java.util.stream.ForEachOps$ForEachOp.evaluateParallel(ForEachOps.java:160)
	at java.util.stream.ForEachOps$ForEachOp$OfRef.evaluateParallel(ForEachOps.java:174)
	at java.util.stream.AbstractPipeline.evaluate(AbstractPipeline.java:233)
	at java.util.stream.ReferencePipeline.forEach(ReferencePipeline.java:418)
	at java.util.stream.ReferencePipeline$Head.forEach(ReferencePipeline.java:583)
	at org.apache.hadoop.utils.BackgroundService$PeriodicalTask.run(BackgroundService.java:125)
	at java.util.concurrent.Executors$RunnableAdapter.call(Executors.java:511)
	at java.util.concurrent.FutureTask.runAndReset(FutureTask.java:308)
	at java.util.concurrent.ScheduledThreadPoolExecutor$ScheduledFutureTask.access$301(ScheduledThreadPoolExecutor.java:180)
	at java.util.concurrent.ScheduledThreadPoolExecutor$ScheduledFutureTask.run(ScheduledThreadPoolExecutor.java:294)
	at java.util.concurrent.ThreadPoolExecutor.runWorker(ThreadPoolExecutor.java:1149)
	at java.util.concurrent.ThreadPoolExecutor$Worker.run(ThreadPoolExecutor.java:624)
	at java.lang.Thread.run(Thread.java:748)
Caused by: org.apache.hadoop.hdds.scm.container.common.helpers.StorageContainerException: Error opening DB. Container:1 ContainerPath:/opt/src/hadoop-ozone/integration-test/target/test-dir/MiniOzoneClusterImpl-3f379463-9810-48df-887f-c222ef37097c/datanode-0/data/containers/hdds/500ceb14-8321-4c8a-b6b3-e488e41f7aab/current/containerDir0/1/metadata/1-dn-container.db
	at org.apache.hadoop.ozone.container.keyvalue.helpers.BlockUtils.getDB(BlockUtils.java:84)
	at org.apache.hadoop.ozone.container.keyvalue.statemachine.background.BlockDeletingService$BlockDeletingTask.call(BlockDeletingService.java:188)
	at org.apache.hadoop.ozone.container.keyvalue.statemachine.background.BlockDeletingService$BlockDeletingTask.call(BlockDeletingService.java:172)
	at java.util.concurrent.FutureTask.run(FutureTask.java:266)
	at java.util.concurrent.Executors$RunnableAdapter.call(Executors.java:511)
	at java.util.concurrent.FutureTask.run(FutureTask.java:266)
	at java.util.concurrent.Executors$RunnableAdapter.call(Executors.java:511)
	at java.util.concurrent.FutureTask.run(FutureTask.java:266)
	at java.util.concurrent.ScheduledThreadPoolExecutor$ScheduledFutureTask.access$201(ScheduledThreadPoolExecutor.java:180)
	at java.util.concurrent.ScheduledThreadPoolExecutor$ScheduledFutureTask.run(ScheduledThreadPoolExecutor.java:293)
	... 3 more
2019-06-13 16:25:05,054 WARN  http.HttpRequestLog (HttpRequestLog.java:getRequestLog(97)) - Jetty request log can only be enabled using Log4j
2019-06-13 16:25:05,053 ERROR utils.ContainerCache (ContainerCache.java:getDB(137)) - Error opening DB. Container:5 ContainerPath:/opt/src/hadoop-ozone/integration-test/target/test-dir/MiniOzoneClusterImpl-3f379463-9810-48df-887f-c222ef37097c/datanode-0/data/containers/hdds/500ceb14-8321-4c8a-b6b3-e488e41f7aab/current/containerDir0/5/metadata/5-dn-container.db
java.io.IOException: Failed init RocksDB, db path : /opt/src/hadoop-ozone/integration-test/target/test-dir/MiniOzoneClusterImpl-3f379463-9810-48df-887f-c222ef37097c/datanode-0/data/containers/hdds/500ceb14-8321-4c8a-b6b3-e488e41f7aab/current/containerDir0/5/metadata/5-dn-container.db
	at org.apache.hadoop.utils.RocksDBStore.<init>(RocksDBStore.java:87)
	at org.apache.hadoop.utils.MetadataStoreBuilder.build(MetadataStoreBuilder.java:137)
	at org.apache.hadoop.ozone.container.common.utils.ContainerCache.getDB(ContainerCache.java:129)
	at org.apache.hadoop.ozone.container.keyvalue.helpers.BlockUtils.getDB(BlockUtils.java:77)
	at org.apache.hadoop.ozone.container.keyvalue.statemachine.background.BlockDeletingService$BlockDeletingTask.call(BlockDeletingService.java:188)
	at org.apache.hadoop.ozone.container.keyvalue.statemachine.background.BlockDeletingService$BlockDeletingTask.call(BlockDeletingService.java:172)
	at java.util.concurrent.FutureTask.run(FutureTask.java:266)
	at java.util.concurrent.Executors$RunnableAdapter.call(Executors.java:511)
	at java.util.concurrent.FutureTask.run(FutureTask.java:266)
	at java.util.concurrent.Executors$RunnableAdapter.call(Executors.java:511)
	at java.util.concurrent.FutureTask.run(FutureTask.java:266)
	at java.util.concurrent.ScheduledThreadPoolExecutor$ScheduledFutureTask.access$201(ScheduledThreadPoolExecutor.java:180)
	at java.util.concurrent.ScheduledThreadPoolExecutor$ScheduledFutureTask.run(ScheduledThreadPoolExecutor.java:293)
	at java.util.concurrent.ThreadPoolExecutor.runWorker(ThreadPoolExecutor.java:1149)
	at java.util.concurrent.ThreadPoolExecutor$Worker.run(ThreadPoolExecutor.java:624)
	at java.lang.Thread.run(Thread.java:748)
Caused by: org.rocksdb.RocksDBException: While mkdir if missing: /opt/src/hadoop-ozone/integration-test/target/test-dir/MiniOzoneClusterImpl-3f379463-9810-48df-887f-c222ef37097c/datanode-0/data/containers/hdds/500ceb14-8321-4c8a-b6b3-e488e41f7aab/current/containerDir0/5/metadata/5-dn-container.db: No such file or directory
	at org.rocksdb.RocksDB.open(Native Method)
	at org.rocksdb.RocksDB.open(RocksDB.java:231)
	at org.apache.hadoop.utils.RocksDBStore.<init>(RocksDBStore.java:71)
	... 15 more
2019-06-13 16:25:05,057 WARN  utils.BackgroundService (BackgroundService.java:lambda$run$0(135)) - Background task fails to execute, retrying in next interval
java.util.concurrent.ExecutionException: org.apache.hadoop.hdds.scm.container.common.helpers.StorageContainerException: Error opening DB. Container:5 ContainerPath:/opt/src/hadoop-ozone/integration-test/target/test-dir/MiniOzoneClusterImpl-3f379463-9810-48df-887f-c222ef37097c/datanode-0/data/containers/hdds/500ceb14-8321-4c8a-b6b3-e488e41f7aab/current/containerDir0/5/metadata/5-dn-container.db
	at java.util.concurrent.FutureTask.report(FutureTask.java:122)
	at java.util.concurrent.FutureTask.get(FutureTask.java:206)
	at org.apache.hadoop.utils.BackgroundService$PeriodicalTask.lambda$run$0(BackgroundService.java:129)
	at java.util.stream.ForEachOps$ForEachOp$OfRef.accept(ForEachOps.java:184)
	at java.util.ArrayList$ArrayListSpliterator.forEachRemaining(ArrayList.java:1382)
	at java.util.stream.AbstractPipeline.copyInto(AbstractPipeline.java:482)
	at java.util.stream.ForEachOps$ForEachTask.compute(ForEachOps.java:291)
	at java.util.concurrent.CountedCompleter.exec(CountedCompleter.java:731)
	at java.util.concurrent.ForkJoinTask.doExec(ForkJoinTask.java:289)
	at java.util.concurrent.ForkJoinPool$WorkQueue.runTask(ForkJoinPool.java:1056)
	at java.util.concurrent.ForkJoinPool.runWorker(ForkJoinPool.java:1692)
	at java.util.concurrent.ForkJoinWorkerThread.run(ForkJoinWorkerThread.java:157)
Caused by: org.apache.hadoop.hdds.scm.container.common.helpers.StorageContainerException: Error opening DB. Container:5 ContainerPath:/opt/src/hadoop-ozone/integration-test/target/test-dir/MiniOzoneClusterImpl-3f379463-9810-48df-887f-c222ef37097c/datanode-0/data/containers/hdds/500ceb14-8321-4c8a-b6b3-e488e41f7aab/current/containerDir0/5/metadata/5-dn-container.db
	at org.apache.hadoop.ozone.container.keyvalue.helpers.BlockUtils.getDB(BlockUtils.java:84)
	at org.apache.hadoop.ozone.container.keyvalue.statemachine.background.BlockDeletingService$BlockDeletingTask.call(BlockDeletingService.java:188)
	at org.apache.hadoop.ozone.container.keyvalue.statemachine.background.BlockDeletingService$BlockDeletingTask.call(BlockDeletingService.java:172)
	at java.util.concurrent.FutureTask.run(FutureTask.java:266)
	at java.util.concurrent.Executors$RunnableAdapter.call(Executors.java:511)
	at java.util.concurrent.FutureTask.run(FutureTask.java:266)
	at java.util.concurrent.Executors$RunnableAdapter.call(Executors.java:511)
	at java.util.concurrent.FutureTask.run(FutureTask.java:266)
	at java.util.concurrent.ScheduledThreadPoolExecutor$ScheduledFutureTask.access$201(ScheduledThreadPoolExecutor.java:180)
	at java.util.concurrent.ScheduledThreadPoolExecutor$ScheduledFutureTask.run(ScheduledThreadPoolExecutor.java:293)
	at java.util.concurrent.ThreadPoolExecutor.runWorker(ThreadPoolExecutor.java:1149)
	at java.util.concurrent.ThreadPoolExecutor$Worker.run(ThreadPoolExecutor.java:624)
	at java.lang.Thread.run(Thread.java:748)
2019-06-13 16:25:05,058 INFO  http.HttpServer2 (HttpServer2.java:addGlobalFilter(975)) - Added global filter 'safety' (class=org.apache.hadoop.http.HttpServer2$QuotingInputFilter)
2019-06-13 16:25:05,058 INFO  http.HttpServer2 (HttpServer2.java:addFilter(948)) - Added filter static_user_filter (class=org.apache.hadoop.http.lib.StaticUserWebFilter$StaticUserFilter) to context scm
2019-06-13 16:25:05,059 INFO  http.HttpServer2 (HttpServer2.java:addFilter(958)) - Added filter static_user_filter (class=org.apache.hadoop.http.lib.StaticUserWebFilter$StaticUserFilter) to context logs
2019-06-13 16:25:05,059 INFO  http.HttpServer2 (HttpServer2.java:addFilter(958)) - Added filter static_user_filter (class=org.apache.hadoop.http.lib.StaticUserWebFilter$StaticUserFilter) to context static
2019-06-13 16:25:05,063 INFO  server.StorageContainerManager (StorageContainerManager.java:start(752)) - StorageContainerLocationProtocol RPC server is listening at /0.0.0.0:35189
2019-06-13 16:25:05,063 INFO  impl.MetricsSystemImpl (MetricsSystemImpl.java:init(158)) - StorageContainerManager metrics system started (again)
2019-06-13 16:25:05,066 INFO  server.SCMClientProtocolServer (SCMClientProtocolServer.java:start(149)) - RPC server for Client  is listening at /0.0.0.0:35189
2019-06-13 16:25:05,066 INFO  ipc.Server (Server.java:run(1314)) - IPC Server Responder: starting
2019-06-13 16:25:05,066 INFO  ipc.Server (Server.java:run(1153)) - IPC Server listener on 35189: starting
2019-06-13 16:25:05,072 INFO  server.StorageContainerManager (StorageContainerManager.java:start(761)) - ScmBlockLocationProtocol RPC server is listening at /0.0.0.0:38497
2019-06-13 16:25:05,072 INFO  server.SCMBlockProtocolServer (SCMBlockProtocolServer.java:start(137)) - RPC server for Block Protocol is listening at /0.0.0.0:38497
2019-06-13 16:25:05,072 INFO  ipc.Server (Server.java:run(1314)) - IPC Server Responder: starting
2019-06-13 16:25:05,072 INFO  ipc.Server (Server.java:run(1153)) - IPC Server listener on 38497: starting
2019-06-13 16:25:05,074 INFO  server.StorageContainerManager (StorageContainerManager.java:start(765)) - ScmDatanodeProtocl RPC server is listening at /0.0.0.0:34903
2019-06-13 16:25:05,075 INFO  server.SCMDatanodeProtocolServer (SCMDatanodeProtocolServer.java:start(191)) - RPC server for DataNodes is listening at /0.0.0.0:34903
2019-06-13 16:25:05,075 INFO  ipc.Server (Server.java:run(1314)) - IPC Server Responder: starting
2019-06-13 16:25:05,076 INFO  ipc.Server (Server.java:run(1153)) - IPC Server listener on 34903: starting
2019-06-13 16:25:05,078 INFO  http.HttpServer2 (HttpServer2.java:bindListener(1191)) - Jetty bound to port 44543
2019-06-13 16:25:05,079 INFO  server.Server (Server.java:doStart(351)) - jetty-9.3.24.v20180605, build timestamp: 2018-06-05T17:11:56Z, git hash: 84205aa28f11a4f31f2a3b86d1bba2cc8ab69827
2019-06-13 16:25:05,081 INFO  handler.ContextHandler (ContextHandler.java:doStart(781)) - Started o.e.j.s.ServletContextHandler@750a2af2{/logs,file:///opt/src/hadoop-ozone/integration-test/target/log,AVAILABLE}
2019-06-13 16:25:05,081 INFO  handler.ContextHandler (ContextHandler.java:doStart(781)) - Started o.e.j.s.ServletContextHandler@3fdd3b52{/static,file:///opt/src/hadoop-ozone/integration-test/target/test-classes/webapps/static,AVAILABLE}
2019-06-13 16:25:05,087 INFO  handler.ContextHandler (ContextHandler.java:doStart(781)) - Started o.e.j.w.WebAppContext@2bf875e0{/,file:///opt/src/hadoop-ozone/integration-test/target/test-classes/webapps/scm/,AVAILABLE}{/scm}
2019-06-13 16:25:05,087 INFO  server.AbstractConnector (AbstractConnector.java:doStart(278)) - Started ServerConnector@2e95b27d{HTTP/1.1,[http/1.1]}{0.0.0.0:44543}
2019-06-13 16:25:05,088 INFO  server.Server (Server.java:doStart(419)) - Started @12122ms
2019-06-13 16:25:05,089 INFO  server.BaseHttpServer (BaseHttpServer.java:updateConnectorAddress(207)) - HTTP server of SCM is listening at http://0.0.0.0:44543
2019-06-13 16:25:05,091 WARN  scm.ScmUtils (ScmUtils.java:getDBPath(63)) - ozone.om.db.dirs is not configured. We recommend adding this setting. Falling back to ozone.metadata.dirs instead.
2019-06-13 16:25:05,091 INFO  util.JvmPauseMonitor (JvmPauseMonitor.java:run(188)) - Starting JVM pause monitor
2019-06-13 16:25:05,093 WARN  scm.ScmUtils (ScmUtils.java:getDBPath(63)) - ozone.om.db.dirs is not configured. We recommend adding this setting. Falling back to ozone.metadata.dirs instead.
2019-06-13 16:25:05,094 INFO  om.OzoneManager (OzoneManager.java:setOMNodeDetails(519)) - OM Service ID is not set. Setting it to the default ID: omServiceIdDefault
2019-06-13 16:25:05,094 INFO  om.OzoneManager (OzoneManager.java:setOMNodeDetails(525)) - OM Node ID is not set. Setting it to the OmStorage's OmID: 29fda966-7f6c-4aa0-846f-ece1952140ce
2019-06-13 16:25:05,094 WARN  scm.HddsServerUtil (HddsServerUtil.java:getDefaultRatisDirectory(354)) - Storage directory for Ratis is not configured. It is a good idea to map this to an SSD disk. Falling back to ozone.metadata.dirs
2019-06-13 16:25:05,094 WARN  scm.HddsServerUtil (HddsServerUtil.java:getDefaultRatisDirectory(354)) - Storage directory for Ratis is not configured. It is a good idea to map this to an SSD disk. Falling back to ozone.metadata.dirs
2019-06-13 16:25:05,094 INFO  om.OzoneManager (OzoneManager.java:loadOMHAConfigs(476)) - Found matching OM address with OMServiceId: null, OMNodeId: null, RPC Address: localhost:0 and Ratis port: 9872
2019-06-13 16:25:05,098 WARN  scm.ScmUtils (ScmUtils.java:getDBPath(63)) - ozone.om.db.dirs is not configured. We recommend adding this setting. Falling back to ozone.metadata.dirs instead.
2019-06-13 16:25:05,099 INFO  db.DBStoreBuilder (DBStoreBuilder.java:addTable(110)) - using custom profile for table: userTable
2019-06-13 16:25:05,099 INFO  db.DBStoreBuilder (DBStoreBuilder.java:processTables(161)) - Using default column profile:DBProfile.DISK for Table:userTable
2019-06-13 16:25:05,099 INFO  db.DBStoreBuilder (DBStoreBuilder.java:addTable(110)) - using custom profile for table: volumeTable
2019-06-13 16:25:05,099 INFO  db.DBStoreBuilder (DBStoreBuilder.java:processTables(161)) - Using default column profile:DBProfile.DISK for Table:volumeTable
2019-06-13 16:25:05,099 INFO  db.DBStoreBuilder (DBStoreBuilder.java:addTable(110)) - using custom profile for table: bucketTable
2019-06-13 16:25:05,099 INFO  db.DBStoreBuilder (DBStoreBuilder.java:processTables(161)) - Using default column profile:DBProfile.DISK for Table:bucketTable
2019-06-13 16:25:05,099 INFO  db.DBStoreBuilder (DBStoreBuilder.java:addTable(110)) - using custom profile for table: keyTable
2019-06-13 16:25:05,100 INFO  db.DBStoreBuilder (DBStoreBuilder.java:processTables(161)) - Using default column profile:DBProfile.DISK for Table:keyTable
2019-06-13 16:25:05,100 INFO  db.DBStoreBuilder (DBStoreBuilder.java:addTable(110)) - using custom profile for table: deletedTable
2019-06-13 16:25:05,100 INFO  db.DBStoreBuilder (DBStoreBuilder.java:processTables(161)) - Using default column profile:DBProfile.DISK for Table:deletedTable
2019-06-13 16:25:05,100 INFO  db.DBStoreBuilder (DBStoreBuilder.java:addTable(110)) - using custom profile for table: openKeyTable
2019-06-13 16:25:05,100 INFO  db.DBStoreBuilder (DBStoreBuilder.java:processTables(161)) - Using default column profile:DBProfile.DISK for Table:openKeyTable
2019-06-13 16:25:05,100 INFO  db.DBStoreBuilder (DBStoreBuilder.java:addTable(110)) - using custom profile for table: s3Table
2019-06-13 16:25:05,100 INFO  db.DBStoreBuilder (DBStoreBuilder.java:processTables(161)) - Using default column profile:DBProfile.DISK for Table:s3Table
2019-06-13 16:25:05,100 INFO  db.DBStoreBuilder (DBStoreBuilder.java:addTable(110)) - using custom profile for table: multipartInfoTable
2019-06-13 16:25:05,100 INFO  db.DBStoreBuilder (DBStoreBuilder.java:processTables(161)) - Using default column profile:DBProfile.DISK for Table:multipartInfoTable
2019-06-13 16:25:05,101 INFO  db.DBStoreBuilder (DBStoreBuilder.java:addTable(110)) - using custom profile for table: dTokenTable
2019-06-13 16:25:05,101 INFO  db.DBStoreBuilder (DBStoreBuilder.java:processTables(161)) - Using default column profile:DBProfile.DISK for Table:dTokenTable
2019-06-13 16:25:05,101 INFO  db.DBStoreBuilder (DBStoreBuilder.java:addTable(110)) - using custom profile for table: s3SecretTable
2019-06-13 16:25:05,101 INFO  db.DBStoreBuilder (DBStoreBuilder.java:processTables(161)) - Using default column profile:DBProfile.DISK for Table:s3SecretTable
2019-06-13 16:25:05,101 INFO  db.DBStoreBuilder (DBStoreBuilder.java:addTable(110)) - using custom profile for table: prefixTable
2019-06-13 16:25:05,101 INFO  db.DBStoreBuilder (DBStoreBuilder.java:processTables(161)) - Using default column profile:DBProfile.DISK for Table:prefixTable
2019-06-13 16:25:05,101 INFO  db.DBStoreBuilder (DBStoreBuilder.java:addTable(110)) - using custom profile for table: default
2019-06-13 16:25:05,101 INFO  db.DBStoreBuilder (DBStoreBuilder.java:processTables(167)) - Using default column profile:DBProfile.DISK for Table:default
2019-06-13 16:25:05,101 INFO  db.DBStoreBuilder (DBStoreBuilder.java:getDbProfile(198)) - Using default options. DBProfile.DISK
2019-06-13 16:25:05,242 INFO  ipc.CallQueueManager (CallQueueManager.java:<init>(84)) - Using callQueue: class java.util.concurrent.LinkedBlockingQueue, queueCapacity: 2000, scheduler: class org.apache.hadoop.ipc.DefaultRpcScheduler, ipcBackoff: false.
2019-06-13 16:25:05,242 INFO  ipc.Server (Server.java:run(1074)) - Starting Socket Reader #1 for port 44811
2019-06-13 16:25:05,256 WARN  scm.ScmUtils (ScmUtils.java:getDBPath(63)) - ozone.om.db.dirs is not configured. We recommend adding this setting. Falling back to ozone.metadata.dirs instead.
2019-06-13 16:25:05,256 INFO  om.OzoneManager (OzoneManager.java:start(1217)) - OzoneManager RPC server is listening at localhost/127.0.0.1:44811
2019-06-13 16:25:05,256 INFO  impl.MetricsSystemImpl (MetricsSystemImpl.java:init(158)) - OzoneManager metrics system started (again)
2019-06-13 16:25:05,259 INFO  ipc.Server (Server.java:run(1314)) - IPC Server Responder: starting
2019-06-13 16:25:05,263 INFO  ipc.Server (Server.java:run(1153)) - IPC Server listener on 44811: starting
2019-06-13 16:25:05,275 INFO  hdfs.DFSUtil (DFSUtil.java:httpServerTemplateForNNAndJN(1641)) - Starting Web-server for ozoneManager at: http://0.0.0.0:0
2019-06-13 16:25:05,276 INFO  server.AuthenticationFilter (AuthenticationFilter.java:constructSecretProvider(240)) - Unable to initialize FileSignerSecretProvider, falling back to use random secrets.
2019-06-13 16:25:05,277 WARN  http.HttpRequestLog (HttpRequestLog.java:getRequestLog(97)) - Jetty request log can only be enabled using Log4j
2019-06-13 16:25:05,278 INFO  http.HttpServer2 (HttpServer2.java:addGlobalFilter(975)) - Added global filter 'safety' (class=org.apache.hadoop.http.HttpServer2$QuotingInputFilter)
2019-06-13 16:25:05,279 INFO  http.HttpServer2 (HttpServer2.java:addFilter(948)) - Added filter static_user_filter (class=org.apache.hadoop.http.lib.StaticUserWebFilter$StaticUserFilter) to context ozoneManager
2019-06-13 16:25:05,279 INFO  http.HttpServer2 (HttpServer2.java:addFilter(958)) - Added filter static_user_filter (class=org.apache.hadoop.http.lib.StaticUserWebFilter$StaticUserFilter) to context logs
2019-06-13 16:25:05,279 INFO  http.HttpServer2 (HttpServer2.java:addFilter(958)) - Added filter static_user_filter (class=org.apache.hadoop.http.lib.StaticUserWebFilter$StaticUserFilter) to context static
2019-06-13 16:25:05,279 INFO  http.HttpServer2 (HttpServer2.java:bindListener(1191)) - Jetty bound to port 40245
2019-06-13 16:25:05,279 INFO  server.Server (Server.java:doStart(351)) - jetty-9.3.24.v20180605, build timestamp: 2018-06-05T17:11:56Z, git hash: 84205aa28f11a4f31f2a3b86d1bba2cc8ab69827
2019-06-13 16:25:05,282 INFO  handler.ContextHandler (ContextHandler.java:doStart(781)) - Started o.e.j.s.ServletContextHandler@4a06d634{/logs,file:///opt/src/hadoop-ozone/integration-test/target/log,AVAILABLE}
2019-06-13 16:25:05,282 INFO  handler.ContextHandler (ContextHandler.java:doStart(781)) - Started o.e.j.s.ServletContextHandler@3818dfee{/static,file:///opt/src/hadoop-ozone/integration-test/target/test-classes/webapps/static,AVAILABLE}
2019-06-13 16:25:05,290 INFO  handler.ContextHandler (ContextHandler.java:doStart(781)) - Started o.e.j.w.WebAppContext@45157bf{/,file:///opt/src/hadoop-ozone/integration-test/target/test-classes/webapps/ozoneManager/,AVAILABLE}{/ozoneManager}
2019-06-13 16:25:05,290 INFO  server.AbstractConnector (AbstractConnector.java:doStart(278)) - Started ServerConnector@17af42fa{HTTP/1.1,[http/1.1]}{0.0.0.0:40245}
2019-06-13 16:25:05,290 INFO  server.Server (Server.java:doStart(419)) - Started @12325ms
2019-06-13 16:25:05,291 INFO  server.BaseHttpServer (BaseHttpServer.java:updateConnectorAddress(207)) - HTTP server of OZONEMANAGER is listening at http://0.0.0.0:40245
2019-06-13 16:25:05,293 INFO  impl.MetricsSystemImpl (MetricsSystemImpl.java:init(158)) - HddsDatanode metrics system started (again)
2019-06-13 16:25:05,293 INFO  ozone.HddsDatanodeService (HddsDatanodeService.java:start(185)) - HddsDatanodeService host:ozone-z9zf6-1652263048 ip:192.168.11.208
2019-06-13 16:25:05,303 INFO  volume.HddsVolume (HddsVolume.java:<init>(176)) - Creating Volume: /opt/src/hadoop-ozone/integration-test/target/test-dir/MiniOzoneClusterImpl-2c91d441-bc8d-426a-840f-01a7308cf808/datanode-0/data/containers/hdds of  storage type : DISK and capacity : 104021790720
2019-06-13 16:25:05,303 INFO  volume.VolumeSet (VolumeSet.java:initializeVolumeSet(170)) - Added Volume : /opt/src/hadoop-ozone/integration-test/target/test-dir/MiniOzoneClusterImpl-2c91d441-bc8d-426a-840f-01a7308cf808/datanode-0/data/containers/hdds to VolumeSet
2019-06-13 16:25:05,303 INFO  volume.ThrottledAsyncChecker (ThrottledAsyncChecker.java:schedule(140)) - Scheduling a check for org.apache.hadoop.ozone.container.common.volume.HddsVolume@20a551a7
2019-06-13 16:25:05,304 INFO  volume.HddsVolumeChecker (HddsVolumeChecker.java:checkAllVolumes(203)) - Scheduled health check for volume org.apache.hadoop.ozone.container.common.volume.HddsVolume@20a551a7
2019-06-13 16:25:05,340 INFO  ratis.XceiverServerRatis (XceiverServerRatis.java:newXceiverServerRatis(401)) - Found a free port for the server : 34693
2019-06-13 16:25:05,344 INFO  impl.RaftServerProxy (ConfUtils.java:logGet(43)) - raft.rpc.type = GRPC (default)
2019-06-13 16:25:05,344 INFO  grpc.GrpcConfigKeys$Server (ConfUtils.java:logGet(43)) - raft.grpc.server.port = 34693 (custom)
2019-06-13 16:25:05,344 INFO  server.GrpcService (ConfUtils.java:logGet(43)) - raft.grpc.message.size.max = 33570816 (custom)
2019-06-13 16:25:05,344 INFO  server.RaftServerConfigKeys (ConfUtils.java:logGet(43)) - raft.server.log.appender.buffer.byte-limit = 33554432 (custom)
2019-06-13 16:25:05,344 INFO  server.GrpcService (ConfUtils.java:logGet(43)) - raft.grpc.flow.control.window = 1MB (=1048576) (default)
2019-06-13 16:25:05,344 INFO  server.RaftServerConfigKeys (ConfUtils.java:logGet(43)) - raft.server.rpc.request.timeout = 3000ms (default)
2019-06-13 16:25:05,345 INFO  server.RaftServerConfigKeys (ConfUtils.java:logGet(43)) - raft.server.storage.dir = [/opt/src/hadoop-ozone/integration-test/target/test-dir/MiniOzoneClusterImpl-2c91d441-bc8d-426a-840f-01a7308cf808/datanode-0/data/ratis] (custom)
2019-06-13 16:25:05,345 INFO  server.XceiverServerGrpc (XceiverServerGrpc.java:<init>(97)) - Found a free port for the server : 42257
2019-06-13 16:25:05,345 INFO  replication.SimpleContainerDownloader (SimpleContainerDownloader.java:<init>(72)) - Starting container downloader service to copy containers to replicate.
2019-06-13 16:25:05,346 INFO  hdfs.DFSUtil (DFSUtil.java:httpServerTemplateForNNAndJN(1641)) - Starting Web-server for hddsDatanode at: http://0.0.0.0:0
2019-06-13 16:25:05,347 INFO  server.AuthenticationFilter (AuthenticationFilter.java:constructSecretProvider(240)) - Unable to initialize FileSignerSecretProvider, falling back to use random secrets.
2019-06-13 16:25:05,348 WARN  http.HttpRequestLog (HttpRequestLog.java:getRequestLog(97)) - Jetty request log can only be enabled using Log4j
2019-06-13 16:25:05,349 INFO  http.HttpServer2 (HttpServer2.java:addGlobalFilter(975)) - Added global filter 'safety' (class=org.apache.hadoop.http.HttpServer2$QuotingInputFilter)
2019-06-13 16:25:05,349 INFO  http.HttpServer2 (HttpServer2.java:addFilter(948)) - Added filter static_user_filter (class=org.apache.hadoop.http.lib.StaticUserWebFilter$StaticUserFilter) to context hddsDatanode
2019-06-13 16:25:05,349 INFO  http.HttpServer2 (HttpServer2.java:addFilter(958)) - Added filter static_user_filter (class=org.apache.hadoop.http.lib.StaticUserWebFilter$StaticUserFilter) to context logs
2019-06-13 16:25:05,349 INFO  http.HttpServer2 (HttpServer2.java:addFilter(958)) - Added filter static_user_filter (class=org.apache.hadoop.http.lib.StaticUserWebFilter$StaticUserFilter) to context static
2019-06-13 16:25:05,350 INFO  http.HttpServer2 (HttpServer2.java:bindListener(1191)) - Jetty bound to port 33333
2019-06-13 16:25:05,350 INFO  server.Server (Server.java:doStart(351)) - jetty-9.3.24.v20180605, build timestamp: 2018-06-05T17:11:56Z, git hash: 84205aa28f11a4f31f2a3b86d1bba2cc8ab69827
2019-06-13 16:25:05,351 INFO  handler.ContextHandler (ContextHandler.java:doStart(781)) - Started o.e.j.s.ServletContextHandler@466ca95d{/logs,file:///opt/src/hadoop-ozone/integration-test/target/log,AVAILABLE}
2019-06-13 16:25:05,352 INFO  handler.ContextHandler (ContextHandler.java:doStart(781)) - Started o.e.j.s.ServletContextHandler@7686427b{/static,jar:file:/root/.m2/repository/org/apache/hadoop/hadoop-hdds-container-service/0.5.0-SNAPSHOT/hadoop-hdds-container-service-0.5.0-SNAPSHOT.jar!/webapps/static,AVAILABLE}
2019-06-13 16:25:05,375 INFO  handler.ContextHandler (ContextHandler.java:doStart(781)) - Started o.e.j.w.WebAppContext@19fc037{/,file:///tmp/jetty-0.0.0.0-33333-hddsDatanode-_-any-7810563144285163693.dir/webapp/,AVAILABLE}{/hddsDatanode}
2019-06-13 16:25:05,375 INFO  server.AbstractConnector (AbstractConnector.java:doStart(278)) - Started ServerConnector@29b94102{HTTP/1.1,[http/1.1]}{0.0.0.0:33333}
2019-06-13 16:25:05,376 INFO  server.Server (Server.java:doStart(419)) - Started @12410ms
2019-06-13 16:25:05,377 INFO  server.BaseHttpServer (BaseHttpServer.java:updateConnectorAddress(207)) - HTTP server of HDDSDATANODE is listening at http://0.0.0.0:33333
2019-06-13 16:25:05,512 INFO  ozone.HddsDatanodeService (HddsDatanodeService.java:startPlugins(396)) - Started plug-in org.apache.hadoop.ozone.web.OzoneHddsDatanodeService@1892d68d
2019-06-13 16:25:05,512 INFO  ozone.MiniOzoneClusterImpl (MiniOzoneClusterImpl.java:lambda$waitForClusterToBeReady$0(142)) - Waiting for cluster to be ready. Got 0 of 1 DN Heartbeats.
2019-06-13 16:25:05,519 INFO  util.JvmPauseMonitor (JvmPauseMonitor.java:run(188)) - Starting JVM pause monitor
2019-06-13 16:25:05,521 INFO  datanode.InitDatanodeState (InitDatanodeState.java:persistContainerDatanodeDetails(140)) - DatanodeDetails is persisted to /opt/src/hadoop-ozone/integration-test/target/test-dir/MiniOzoneClusterImpl-2c91d441-bc8d-426a-840f-01a7308cf808/datanode-0/meta/datanode.id
2019-06-13 16:25:06,057 INFO  background.BlockDeletingService (BlockDeletingService.java:getTasks(123)) - Plan to choose 10 containers for block deletion, actually returns 5 valid containers.
2019-06-13 16:25:06,058 ERROR utils.ContainerCache (ContainerCache.java:getDB(137)) - Error opening DB. Container:1 ContainerPath:/opt/src/hadoop-ozone/integration-test/target/test-dir/MiniOzoneClusterImpl-3f379463-9810-48df-887f-c222ef37097c/datanode-0/data/containers/hdds/500ceb14-8321-4c8a-b6b3-e488e41f7aab/current/containerDir0/1/metadata/1-dn-container.db
java.io.IOException: Failed init RocksDB, db path : /opt/src/hadoop-ozone/integration-test/target/test-dir/MiniOzoneClusterImpl-3f379463-9810-48df-887f-c222ef37097c/datanode-0/data/containers/hdds/500ceb14-8321-4c8a-b6b3-e488e41f7aab/current/containerDir0/1/metadata/1-dn-container.db
	at org.apache.hadoop.utils.RocksDBStore.<init>(RocksDBStore.java:87)
	at org.apache.hadoop.utils.MetadataStoreBuilder.build(MetadataStoreBuilder.java:137)
	at org.apache.hadoop.ozone.container.common.utils.ContainerCache.getDB(ContainerCache.java:129)
	at org.apache.hadoop.ozone.container.keyvalue.helpers.BlockUtils.getDB(BlockUtils.java:77)
	at org.apache.hadoop.ozone.container.keyvalue.statemachine.background.BlockDeletingService$BlockDeletingTask.call(BlockDeletingService.java:188)
	at org.apache.hadoop.ozone.container.keyvalue.statemachine.background.BlockDeletingService$BlockDeletingTask.call(BlockDeletingService.java:172)
	at java.util.concurrent.FutureTask.run(FutureTask.java:266)
	at java.util.concurrent.Executors$RunnableAdapter.call(Executors.java:511)
	at java.util.concurrent.FutureTask.run(FutureTask.java:266)
	at java.util.concurrent.Executors$RunnableAdapter.call(Executors.java:511)
	at java.util.concurrent.FutureTask.run(FutureTask.java:266)
	at java.util.concurrent.ScheduledThreadPoolExecutor$ScheduledFutureTask.access$201(ScheduledThreadPoolExecutor.java:180)
	at java.util.concurrent.ScheduledThreadPoolExecutor$ScheduledFutureTask.run(ScheduledThreadPoolExecutor.java:293)
	at java.util.concurrent.ThreadPoolExecutor.runWorker(ThreadPoolExecutor.java:1149)
	at java.util.concurrent.ThreadPoolExecutor$Worker.run(ThreadPoolExecutor.java:624)
	at java.lang.Thread.run(Thread.java:748)
Caused by: org.rocksdb.RocksDBException: While mkdir if missing: /opt/src/hadoop-ozone/integration-test/target/test-dir/MiniOzoneClusterImpl-3f379463-9810-48df-887f-c222ef37097c/datanode-0/data/containers/hdds/500ceb14-8321-4c8a-b6b3-e488e41f7aab/current/containerDir0/1/metadata/1-dn-container.db: No such file or directory
	at org.rocksdb.RocksDB.open(Native Method)
	at org.rocksdb.RocksDB.open(RocksDB.java:231)
	at org.apache.hadoop.utils.RocksDBStore.<init>(RocksDBStore.java:71)
	... 15 more
2019-06-13 16:25:06,059 ERROR utils.ContainerCache (ContainerCache.java:getDB(137)) - Error opening DB. Container:5 ContainerPath:/opt/src/hadoop-ozone/integration-test/target/test-dir/MiniOzoneClusterImpl-3f379463-9810-48df-887f-c222ef37097c/datanode-0/data/containers/hdds/500ceb14-8321-4c8a-b6b3-e488e41f7aab/current/containerDir0/5/metadata/5-dn-container.db
java.io.IOException: Failed init RocksDB, db path : /opt/src/hadoop-ozone/integration-test/target/test-dir/MiniOzoneClusterImpl-3f379463-9810-48df-887f-c222ef37097c/datanode-0/data/containers/hdds/500ceb14-8321-4c8a-b6b3-e488e41f7aab/current/containerDir0/5/metadata/5-dn-container.db
	at org.apache.hadoop.utils.RocksDBStore.<init>(RocksDBStore.java:87)
	at org.apache.hadoop.utils.MetadataStoreBuilder.build(MetadataStoreBuilder.java:137)
	at org.apache.hadoop.ozone.container.common.utils.ContainerCache.getDB(ContainerCache.java:129)
	at org.apache.hadoop.ozone.container.keyvalue.helpers.BlockUtils.getDB(BlockUtils.java:77)
	at org.apache.hadoop.ozone.container.keyvalue.statemachine.background.BlockDeletingService$BlockDeletingTask.call(BlockDeletingService.java:188)
	at org.apache.hadoop.ozone.container.keyvalue.statemachine.background.BlockDeletingService$BlockDeletingTask.call(BlockDeletingService.java:172)
	at java.util.concurrent.FutureTask.run(FutureTask.java:266)
	at java.util.concurrent.Executors$RunnableAdapter.call(Executors.java:511)
	at java.util.concurrent.FutureTask.run(FutureTask.java:266)
	at java.util.concurrent.Executors$RunnableAdapter.call(Executors.java:511)
	at java.util.concurrent.FutureTask.run(FutureTask.java:266)
	at java.util.concurrent.ScheduledThreadPoolExecutor$ScheduledFutureTask.access$201(ScheduledThreadPoolExecutor.java:180)
	at java.util.concurrent.ScheduledThreadPoolExecutor$ScheduledFutureTask.run(ScheduledThreadPoolExecutor.java:293)
	at java.util.concurrent.ThreadPoolExecutor.runWorker(ThreadPoolExecutor.java:1149)
	at java.util.concurrent.ThreadPoolExecutor$Worker.run(ThreadPoolExecutor.java:624)
	at java.lang.Thread.run(Thread.java:748)
Caused by: org.rocksdb.RocksDBException: While mkdir if missing: /opt/src/hadoop-ozone/integration-test/target/test-dir/MiniOzoneClusterImpl-3f379463-9810-48df-887f-c222ef37097c/datanode-0/data/containers/hdds/500ceb14-8321-4c8a-b6b3-e488e41f7aab/current/containerDir0/5/metadata/5-dn-container.db: No such file or directory
	at org.rocksdb.RocksDB.open(Native Method)
	at org.rocksdb.RocksDB.open(RocksDB.java:231)
	at org.apache.hadoop.utils.RocksDBStore.<init>(RocksDBStore.java:71)
	... 15 more
2019-06-13 16:25:06,059 WARN  utils.BackgroundService (BackgroundService.java:lambda$run$0(135)) - Background task fails to execute, retrying in next interval
java.util.concurrent.ExecutionException: org.apache.hadoop.hdds.scm.container.common.helpers.StorageContainerException: Error opening DB. Container:5 ContainerPath:/opt/src/hadoop-ozone/integration-test/target/test-dir/MiniOzoneClusterImpl-3f379463-9810-48df-887f-c222ef37097c/datanode-0/data/containers/hdds/500ceb14-8321-4c8a-b6b3-e488e41f7aab/current/containerDir0/5/metadata/5-dn-container.db
	at java.util.concurrent.FutureTask.report(FutureTask.java:122)
	at java.util.concurrent.FutureTask.get(FutureTask.java:206)
	at org.apache.hadoop.utils.BackgroundService$PeriodicalTask.lambda$run$0(BackgroundService.java:129)
	at java.util.stream.ForEachOps$ForEachOp$OfRef.accept(ForEachOps.java:184)
	at java.util.ArrayList$ArrayListSpliterator.forEachRemaining(ArrayList.java:1382)
	at java.util.stream.AbstractPipeline.copyInto(AbstractPipeline.java:482)
	at java.util.stream.ForEachOps$ForEachTask.compute(ForEachOps.java:291)
	at java.util.concurrent.CountedCompleter.exec(CountedCompleter.java:731)
	at java.util.concurrent.ForkJoinTask.doExec(ForkJoinTask.java:289)
	at java.util.concurrent.ForkJoinPool$WorkQueue.runTask(ForkJoinPool.java:1056)
	at java.util.concurrent.ForkJoinPool.runWorker(ForkJoinPool.java:1692)
	at java.util.concurrent.ForkJoinWorkerThread.run(ForkJoinWorkerThread.java:157)
Caused by: org.apache.hadoop.hdds.scm.container.common.helpers.StorageContainerException: Error opening DB. Container:5 ContainerPath:/opt/src/hadoop-ozone/integration-test/target/test-dir/MiniOzoneClusterImpl-3f379463-9810-48df-887f-c222ef37097c/datanode-0/data/containers/hdds/500ceb14-8321-4c8a-b6b3-e488e41f7aab/current/containerDir0/5/metadata/5-dn-container.db
	at org.apache.hadoop.ozone.container.keyvalue.helpers.BlockUtils.getDB(BlockUtils.java:84)
	at org.apache.hadoop.ozone.container.keyvalue.statemachine.background.BlockDeletingService$BlockDeletingTask.call(BlockDeletingService.java:188)
	at org.apache.hadoop.ozone.container.keyvalue.statemachine.background.BlockDeletingService$BlockDeletingTask.call(BlockDeletingService.java:172)
	at java.util.concurrent.FutureTask.run(FutureTask.java:266)
	at java.util.concurrent.Executors$RunnableAdapter.call(Executors.java:511)
	at java.util.concurrent.FutureTask.run(FutureTask.java:266)
	at java.util.concurrent.Executors$RunnableAdapter.call(Executors.java:511)
	at java.util.concurrent.FutureTask.run(FutureTask.java:266)
	at java.util.concurrent.ScheduledThreadPoolExecutor$ScheduledFutureTask.access$201(ScheduledThreadPoolExecutor.java:180)
	at java.util.concurrent.ScheduledThreadPoolExecutor$ScheduledFutureTask.run(ScheduledThreadPoolExecutor.java:293)
	at java.util.concurrent.ThreadPoolExecutor.runWorker(ThreadPoolExecutor.java:1149)
	at java.util.concurrent.ThreadPoolExecutor$Worker.run(ThreadPoolExecutor.java:624)
	at java.lang.Thread.run(Thread.java:748)
2019-06-13 16:25:06,060 ERROR utils.ContainerCache (ContainerCache.java:getDB(137)) - Error opening DB. Container:4 ContainerPath:/opt/src/hadoop-ozone/integration-test/target/test-dir/MiniOzoneClusterImpl-3f379463-9810-48df-887f-c222ef37097c/datanode-0/data/containers/hdds/500ceb14-8321-4c8a-b6b3-e488e41f7aab/current/containerDir0/4/metadata/4-dn-container.db
java.io.IOException: Failed init RocksDB, db path : /opt/src/hadoop-ozone/integration-test/target/test-dir/MiniOzoneClusterImpl-3f379463-9810-48df-887f-c222ef37097c/datanode-0/data/containers/hdds/500ceb14-8321-4c8a-b6b3-e488e41f7aab/current/containerDir0/4/metadata/4-dn-container.db
	at org.apache.hadoop.utils.RocksDBStore.<init>(RocksDBStore.java:87)
	at org.apache.hadoop.utils.MetadataStoreBuilder.build(MetadataStoreBuilder.java:137)
	at org.apache.hadoop.ozone.container.common.utils.ContainerCache.getDB(ContainerCache.java:129)
	at org.apache.hadoop.ozone.container.keyvalue.helpers.BlockUtils.getDB(BlockUtils.java:77)
	at org.apache.hadoop.ozone.container.keyvalue.statemachine.background.BlockDeletingService$BlockDeletingTask.call(BlockDeletingService.java:188)
	at org.apache.hadoop.ozone.container.keyvalue.statemachine.background.BlockDeletingService$BlockDeletingTask.call(BlockDeletingService.java:172)
	at java.util.concurrent.FutureTask.run(FutureTask.java:266)
	at java.util.concurrent.Executors$RunnableAdapter.call(Executors.java:511)
	at java.util.concurrent.FutureTask.run(FutureTask.java:266)
	at java.util.concurrent.Executors$RunnableAdapter.call(Executors.java:511)
	at java.util.concurrent.FutureTask.run(FutureTask.java:266)
	at java.util.concurrent.ScheduledThreadPoolExecutor$ScheduledFutureTask.access$201(ScheduledThreadPoolExecutor.java:180)
	at java.util.concurrent.ScheduledThreadPoolExecutor$ScheduledFutureTask.run(ScheduledThreadPoolExecutor.java:293)
	at java.util.concurrent.ThreadPoolExecutor.runWorker(ThreadPoolExecutor.java:1149)
	at java.util.concurrent.ThreadPoolExecutor$Worker.run(ThreadPoolExecutor.java:624)
	at java.lang.Thread.run(Thread.java:748)
Caused by: org.rocksdb.RocksDBException: While mkdir if missing: /opt/src/hadoop-ozone/integration-test/target/test-dir/MiniOzoneClusterImpl-3f379463-9810-48df-887f-c222ef37097c/datanode-0/data/containers/hdds/500ceb14-8321-4c8a-b6b3-e488e41f7aab/current/containerDir0/4/metadata/4-dn-container.db: No such file or directory
	at org.rocksdb.RocksDB.open(Native Method)
	at org.rocksdb.RocksDB.open(RocksDB.java:231)
	at org.apache.hadoop.utils.RocksDBStore.<init>(RocksDBStore.java:71)
	... 15 more
2019-06-13 16:25:06,060 WARN  utils.BackgroundService (BackgroundService.java:lambda$run$0(135)) - Background task fails to execute, retrying in next interval
java.util.concurrent.ExecutionException: org.apache.hadoop.hdds.scm.container.common.helpers.StorageContainerException: Error opening DB. Container:1 ContainerPath:/opt/src/hadoop-ozone/integration-test/target/test-dir/MiniOzoneClusterImpl-3f379463-9810-48df-887f-c222ef37097c/datanode-0/data/containers/hdds/500ceb14-8321-4c8a-b6b3-e488e41f7aab/current/containerDir0/1/metadata/1-dn-container.db
	at java.util.concurrent.FutureTask.report(FutureTask.java:122)
	at java.util.concurrent.FutureTask.get(FutureTask.java:206)
	at org.apache.hadoop.utils.BackgroundService$PeriodicalTask.lambda$run$0(BackgroundService.java:129)
	at java.util.stream.ForEachOps$ForEachOp$OfRef.accept(ForEachOps.java:184)
	at java.util.ArrayList$ArrayListSpliterator.forEachRemaining(ArrayList.java:1382)
	at java.util.stream.AbstractPipeline.copyInto(AbstractPipeline.java:482)
	at java.util.stream.ForEachOps$ForEachTask.compute(ForEachOps.java:291)
	at java.util.concurrent.CountedCompleter.exec(CountedCompleter.java:731)
	at java.util.concurrent.ForkJoinTask.doExec(ForkJoinTask.java:289)
	at java.util.concurrent.ForkJoinPool$WorkQueue.execLocalTasks(ForkJoinPool.java:1040)
	at java.util.concurrent.ForkJoinPool$WorkQueue.runTask(ForkJoinPool.java:1058)
	at java.util.concurrent.ForkJoinPool.runWorker(ForkJoinPool.java:1692)
	at java.util.concurrent.ForkJoinWorkerThread.run(ForkJoinWorkerThread.java:157)
Caused by: org.apache.hadoop.hdds.scm.container.common.helpers.StorageContainerException: Error opening DB. Container:1 ContainerPath:/opt/src/hadoop-ozone/integration-test/target/test-dir/MiniOzoneClusterImpl-3f379463-9810-48df-887f-c222ef37097c/datanode-0/data/containers/hdds/500ceb14-8321-4c8a-b6b3-e488e41f7aab/current/containerDir0/1/metadata/1-dn-container.db
	at org.apache.hadoop.ozone.container.keyvalue.helpers.BlockUtils.getDB(BlockUtils.java:84)
	at org.apache.hadoop.ozone.container.keyvalue.statemachine.background.BlockDeletingService$BlockDeletingTask.call(BlockDeletingService.java:188)
	at org.apache.hadoop.ozone.container.keyvalue.statemachine.background.BlockDeletingService$BlockDeletingTask.call(BlockDeletingService.java:172)
	at java.util.concurrent.FutureTask.run(FutureTask.java:266)
	at java.util.concurrent.Executors$RunnableAdapter.call(Executors.java:511)
	at java.util.concurrent.FutureTask.run(FutureTask.java:266)
	at java.util.concurrent.Executors$RunnableAdapter.call(Executors.java:511)
	at java.util.concurrent.FutureTask.run(FutureTask.java:266)
	at java.util.concurrent.ScheduledThreadPoolExecutor$ScheduledFutureTask.access$201(ScheduledThreadPoolExecutor.java:180)
	at java.util.concurrent.ScheduledThreadPoolExecutor$ScheduledFutureTask.run(ScheduledThreadPoolExecutor.java:293)
	at java.util.concurrent.ThreadPoolExecutor.runWorker(ThreadPoolExecutor.java:1149)
	at java.util.concurrent.ThreadPoolExecutor$Worker.run(ThreadPoolExecutor.java:624)
	at java.lang.Thread.run(Thread.java:748)
2019-06-13 16:25:06,061 ERROR utils.ContainerCache (ContainerCache.java:getDB(137)) - Error opening DB. Container:3 ContainerPath:/opt/src/hadoop-ozone/integration-test/target/test-dir/MiniOzoneClusterImpl-3f379463-9810-48df-887f-c222ef37097c/datanode-0/data/containers/hdds/500ceb14-8321-4c8a-b6b3-e488e41f7aab/current/containerDir0/3/metadata/3-dn-container.db
java.io.IOException: Failed init RocksDB, db path : /opt/src/hadoop-ozone/integration-test/target/test-dir/MiniOzoneClusterImpl-3f379463-9810-48df-887f-c222ef37097c/datanode-0/data/containers/hdds/500ceb14-8321-4c8a-b6b3-e488e41f7aab/current/containerDir0/3/metadata/3-dn-container.db
	at org.apache.hadoop.utils.RocksDBStore.<init>(RocksDBStore.java:87)
	at org.apache.hadoop.utils.MetadataStoreBuilder.build(MetadataStoreBuilder.java:137)
	at org.apache.hadoop.ozone.container.common.utils.ContainerCache.getDB(ContainerCache.java:129)
	at org.apache.hadoop.ozone.container.keyvalue.helpers.BlockUtils.getDB(BlockUtils.java:77)
	at org.apache.hadoop.ozone.container.keyvalue.statemachine.background.BlockDeletingService$BlockDeletingTask.call(BlockDeletingService.java:188)
	at org.apache.hadoop.ozone.container.keyvalue.statemachine.background.BlockDeletingService$BlockDeletingTask.call(BlockDeletingService.java:172)
	at java.util.concurrent.FutureTask.run(FutureTask.java:266)
	at java.util.concurrent.Executors$RunnableAdapter.call(Executors.java:511)
	at java.util.concurrent.FutureTask.run(FutureTask.java:266)
	at java.util.concurrent.Executors$RunnableAdapter.call(Executors.java:511)
	at java.util.concurrent.FutureTask.run(FutureTask.java:266)
	at java.util.concurrent.ScheduledThreadPoolExecutor$ScheduledFutureTask.access$201(ScheduledThreadPoolExecutor.java:180)
	at java.util.concurrent.ScheduledThreadPoolExecutor$ScheduledFutureTask.run(ScheduledThreadPoolExecutor.java:293)
	at java.util.concurrent.ThreadPoolExecutor.runWorker(ThreadPoolExecutor.java:1149)
	at java.util.concurrent.ThreadPoolExecutor$Worker.run(ThreadPoolExecutor.java:624)
	at java.lang.Thread.run(Thread.java:748)
Caused by: org.rocksdb.RocksDBException: While mkdir if missing: /opt/src/hadoop-ozone/integration-test/target/test-dir/MiniOzoneClusterImpl-3f379463-9810-48df-887f-c222ef37097c/datanode-0/data/containers/hdds/500ceb14-8321-4c8a-b6b3-e488e41f7aab/current/containerDir0/3/metadata/3-dn-container.db: No such file or directory
	at org.rocksdb.RocksDB.open(Native Method)
	at org.rocksdb.RocksDB.open(RocksDB.java:231)
	at org.apache.hadoop.utils.RocksDBStore.<init>(RocksDBStore.java:71)
	... 15 more
2019-06-13 16:25:06,061 WARN  utils.BackgroundService (BackgroundService.java:lambda$run$0(135)) - Background task fails to execute, retrying in next interval
java.util.concurrent.ExecutionException: org.apache.hadoop.hdds.scm.container.common.helpers.StorageContainerException: Error opening DB. Container:4 ContainerPath:/opt/src/hadoop-ozone/integration-test/target/test-dir/MiniOzoneClusterImpl-3f379463-9810-48df-887f-c222ef37097c/datanode-0/data/containers/hdds/500ceb14-8321-4c8a-b6b3-e488e41f7aab/current/containerDir0/4/metadata/4-dn-container.db
	at java.util.concurrent.FutureTask.report(FutureTask.java:122)
	at java.util.concurrent.FutureTask.get(FutureTask.java:206)
	at org.apache.hadoop.utils.BackgroundService$PeriodicalTask.lambda$run$0(BackgroundService.java:129)
	at java.util.stream.ForEachOps$ForEachOp$OfRef.accept(ForEachOps.java:184)
	at java.util.ArrayList$ArrayListSpliterator.forEachRemaining(ArrayList.java:1382)
	at java.util.stream.AbstractPipeline.copyInto(AbstractPipeline.java:482)
	at java.util.stream.ForEachOps$ForEachTask.compute(ForEachOps.java:291)
	at java.util.concurrent.CountedCompleter.exec(CountedCompleter.java:731)
	at java.util.concurrent.ForkJoinTask.doExec(ForkJoinTask.java:289)
	at java.util.concurrent.ForkJoinTask.doInvoke(ForkJoinTask.java:401)
	at java.util.concurrent.ForkJoinTask.invoke(ForkJoinTask.java:734)
	at java.util.stream.ForEachOps$ForEachOp.evaluateParallel(ForEachOps.java:160)
	at java.util.stream.ForEachOps$ForEachOp$OfRef.evaluateParallel(ForEachOps.java:174)
	at java.util.stream.AbstractPipeline.evaluate(AbstractPipeline.java:233)
	at java.util.stream.ReferencePipeline.forEach(ReferencePipeline.java:418)
	at java.util.stream.ReferencePipeline$Head.forEach(ReferencePipeline.java:583)
	at org.apache.hadoop.utils.BackgroundService$PeriodicalTask.run(BackgroundService.java:125)
	at java.util.concurrent.Executors$RunnableAdapter.call(Executors.java:511)
	at java.util.concurrent.FutureTask.runAndReset(FutureTask.java:308)
	at java.util.concurrent.ScheduledThreadPoolExecutor$ScheduledFutureTask.access$301(ScheduledThreadPoolExecutor.java:180)
	at java.util.concurrent.ScheduledThreadPoolExecutor$ScheduledFutureTask.run(ScheduledThreadPoolExecutor.java:294)
	at java.util.concurrent.ThreadPoolExecutor.runWorker(ThreadPoolExecutor.java:1149)
	at java.util.concurrent.ThreadPoolExecutor$Worker.run(ThreadPoolExecutor.java:624)
	at java.lang.Thread.run(Thread.java:748)
Caused by: org.apache.hadoop.hdds.scm.container.common.helpers.StorageContainerException: Error opening DB. Container:4 ContainerPath:/opt/src/hadoop-ozone/integration-test/target/test-dir/MiniOzoneClusterImpl-3f379463-9810-48df-887f-c222ef37097c/datanode-0/data/containers/hdds/500ceb14-8321-4c8a-b6b3-e488e41f7aab/current/containerDir0/4/metadata/4-dn-container.db
	at org.apache.hadoop.ozone.container.keyvalue.helpers.BlockUtils.getDB(BlockUtils.java:84)
	at org.apache.hadoop.ozone.container.keyvalue.statemachine.background.BlockDeletingService$BlockDeletingTask.call(BlockDeletingService.java:188)
	at org.apache.hadoop.ozone.container.keyvalue.statemachine.background.BlockDeletingService$BlockDeletingTask.call(BlockDeletingService.java:172)
	at java.util.concurrent.FutureTask.run(FutureTask.java:266)
	at java.util.concurrent.Executors$RunnableAdapter.call(Executors.java:511)
	at java.util.concurrent.FutureTask.run(FutureTask.java:266)
	at java.util.concurrent.Executors$RunnableAdapter.call(Executors.java:511)
	at java.util.concurrent.FutureTask.run(FutureTask.java:266)
	at java.util.concurrent.ScheduledThreadPoolExecutor$ScheduledFutureTask.access$201(ScheduledThreadPoolExecutor.java:180)
	at java.util.concurrent.ScheduledThreadPoolExecutor$ScheduledFutureTask.run(ScheduledThreadPoolExecutor.java:293)
	... 3 more
2019-06-13 16:25:06,062 ERROR utils.ContainerCache (ContainerCache.java:getDB(137)) - Error opening DB. Container:2 ContainerPath:/opt/src/hadoop-ozone/integration-test/target/test-dir/MiniOzoneClusterImpl-3f379463-9810-48df-887f-c222ef37097c/datanode-0/data/containers/hdds/500ceb14-8321-4c8a-b6b3-e488e41f7aab/current/containerDir0/2/metadata/2-dn-container.db
java.io.IOException: Failed init RocksDB, db path : /opt/src/hadoop-ozone/integration-test/target/test-dir/MiniOzoneClusterImpl-3f379463-9810-48df-887f-c222ef37097c/datanode-0/data/containers/hdds/500ceb14-8321-4c8a-b6b3-e488e41f7aab/current/containerDir0/2/metadata/2-dn-container.db
	at org.apache.hadoop.utils.RocksDBStore.<init>(RocksDBStore.java:87)
	at org.apache.hadoop.utils.MetadataStoreBuilder.build(MetadataStoreBuilder.java:137)
	at org.apache.hadoop.ozone.container.common.utils.ContainerCache.getDB(ContainerCache.java:129)
	at org.apache.hadoop.ozone.container.keyvalue.helpers.BlockUtils.getDB(BlockUtils.java:77)
	at org.apache.hadoop.ozone.container.keyvalue.statemachine.background.BlockDeletingService$BlockDeletingTask.call(BlockDeletingService.java:188)
	at org.apache.hadoop.ozone.container.keyvalue.statemachine.background.BlockDeletingService$BlockDeletingTask.call(BlockDeletingService.java:172)
	at java.util.concurrent.FutureTask.run(FutureTask.java:266)
	at java.util.concurrent.Executors$RunnableAdapter.call(Executors.java:511)
	at java.util.concurrent.FutureTask.run(FutureTask.java:266)
	at java.util.concurrent.Executors$RunnableAdapter.call(Executors.java:511)
	at java.util.concurrent.FutureTask.run(FutureTask.java:266)
	at java.util.concurrent.ScheduledThreadPoolExecutor$ScheduledFutureTask.access$201(ScheduledThreadPoolExecutor.java:180)
	at java.util.concurrent.ScheduledThreadPoolExecutor$ScheduledFutureTask.run(ScheduledThreadPoolExecutor.java:293)
	at java.util.concurrent.ThreadPoolExecutor.runWorker(ThreadPoolExecutor.java:1149)
	at java.util.concurrent.ThreadPoolExecutor$Worker.run(ThreadPoolExecutor.java:624)
	at java.lang.Thread.run(Thread.java:748)
Caused by: org.rocksdb.RocksDBException: While mkdir if missing: /opt/src/hadoop-ozone/integration-test/target/test-dir/MiniOzoneClusterImpl-3f379463-9810-48df-887f-c222ef37097c/datanode-0/data/containers/hdds/500ceb14-8321-4c8a-b6b3-e488e41f7aab/current/containerDir0/2/metadata/2-dn-container.db: No such file or directory
	at org.rocksdb.RocksDB.open(Native Method)
	at org.rocksdb.RocksDB.open(RocksDB.java:231)
	at org.apache.hadoop.utils.RocksDBStore.<init>(RocksDBStore.java:71)
	... 15 more
2019-06-13 16:25:06,063 WARN  utils.BackgroundService (BackgroundService.java:lambda$run$0(135)) - Background task fails to execute, retrying in next interval
java.util.concurrent.ExecutionException: org.apache.hadoop.hdds.scm.container.common.helpers.StorageContainerException: Error opening DB. Container:3 ContainerPath:/opt/src/hadoop-ozone/integration-test/target/test-dir/MiniOzoneClusterImpl-3f379463-9810-48df-887f-c222ef37097c/datanode-0/data/containers/hdds/500ceb14-8321-4c8a-b6b3-e488e41f7aab/current/containerDir0/3/metadata/3-dn-container.db
	at java.util.concurrent.FutureTask.report(FutureTask.java:122)
	at java.util.concurrent.FutureTask.get(FutureTask.java:206)
	at org.apache.hadoop.utils.BackgroundService$PeriodicalTask.lambda$run$0(BackgroundService.java:129)
	at java.util.stream.ForEachOps$ForEachOp$OfRef.accept(ForEachOps.java:184)
	at java.util.ArrayList$ArrayListSpliterator.forEachRemaining(ArrayList.java:1382)
	at java.util.stream.AbstractPipeline.copyInto(AbstractPipeline.java:482)
	at java.util.stream.ForEachOps$ForEachTask.compute(ForEachOps.java:291)
	at java.util.concurrent.CountedCompleter.exec(CountedCompleter.java:731)
	at java.util.concurrent.ForkJoinTask.doExec(ForkJoinTask.java:289)
	at java.util.concurrent.ForkJoinPool$WorkQueue.pollAndExecCC(ForkJoinPool.java:1190)
	at java.util.concurrent.ForkJoinPool.helpComplete(ForkJoinPool.java:1879)
	at java.util.concurrent.ForkJoinPool.externalHelpComplete(ForkJoinPool.java:2467)
	at java.util.concurrent.ForkJoinTask.externalAwaitDone(ForkJoinTask.java:324)
	at java.util.concurrent.ForkJoinTask.doInvoke(ForkJoinTask.java:405)
	at java.util.concurrent.ForkJoinTask.invoke(ForkJoinTask.java:734)
	at java.util.stream.ForEachOps$ForEachOp.evaluateParallel(ForEachOps.java:160)
	at java.util.stream.ForEachOps$ForEachOp$OfRef.evaluateParallel(ForEachOps.java:174)
	at java.util.stream.AbstractPipeline.evaluate(AbstractPipeline.java:233)
	at java.util.stream.ReferencePipeline.forEach(ReferencePipeline.java:418)
	at java.util.stream.ReferencePipeline$Head.forEach(ReferencePipeline.java:583)
	at org.apache.hadoop.utils.BackgroundService$PeriodicalTask.run(BackgroundService.java:125)
	at java.util.concurrent.Executors$RunnableAdapter.call(Executors.java:511)
	at java.util.concurrent.FutureTask.runAndReset(FutureTask.java:308)
	at java.util.concurrent.ScheduledThreadPoolExecutor$ScheduledFutureTask.access$301(ScheduledThreadPoolExecutor.java:180)
	at java.util.concurrent.ScheduledThreadPoolExecutor$ScheduledFutureTask.run(ScheduledThreadPoolExecutor.java:294)
	at java.util.concurrent.ThreadPoolExecutor.runWorker(ThreadPoolExecutor.java:1149)
	at java.util.concurrent.ThreadPoolExecutor$Worker.run(ThreadPoolExecutor.java:624)
	at java.lang.Thread.run(Thread.java:748)
Caused by: org.apache.hadoop.hdds.scm.container.common.helpers.StorageContainerException: Error opening DB. Container:3 ContainerPath:/opt/src/hadoop-ozone/integration-test/target/test-dir/MiniOzoneClusterImpl-3f379463-9810-48df-887f-c222ef37097c/datanode-0/data/containers/hdds/500ceb14-8321-4c8a-b6b3-e488e41f7aab/current/containerDir0/3/metadata/3-dn-container.db
	at org.apache.hadoop.ozone.container.keyvalue.helpers.BlockUtils.getDB(BlockUtils.java:84)
	at org.apache.hadoop.ozone.container.keyvalue.statemachine.background.BlockDeletingService$BlockDeletingTask.call(BlockDeletingService.java:188)
	at org.apache.hadoop.ozone.container.keyvalue.statemachine.background.BlockDeletingService$BlockDeletingTask.call(BlockDeletingService.java:172)
	at java.util.concurrent.FutureTask.run(FutureTask.java:266)
	at java.util.concurrent.Executors$RunnableAdapter.call(Executors.java:511)
	at java.util.concurrent.FutureTask.run(FutureTask.java:266)
	at java.util.concurrent.Executors$RunnableAdapter.call(Executors.java:511)
	at java.util.concurrent.FutureTask.run(FutureTask.java:266)
	at java.util.concurrent.ScheduledThreadPoolExecutor$ScheduledFutureTask.access$201(ScheduledThreadPoolExecutor.java:180)
	at java.util.concurrent.ScheduledThreadPoolExecutor$ScheduledFutureTask.run(ScheduledThreadPoolExecutor.java:293)
	... 3 more
2019-06-13 16:25:06,064 WARN  utils.BackgroundService (BackgroundService.java:lambda$run$0(135)) - Background task fails to execute, retrying in next interval
java.util.concurrent.ExecutionException: org.apache.hadoop.hdds.scm.container.common.helpers.StorageContainerException: Error opening DB. Container:2 ContainerPath:/opt/src/hadoop-ozone/integration-test/target/test-dir/MiniOzoneClusterImpl-3f379463-9810-48df-887f-c222ef37097c/datanode-0/data/containers/hdds/500ceb14-8321-4c8a-b6b3-e488e41f7aab/current/containerDir0/2/metadata/2-dn-container.db
	at java.util.concurrent.FutureTask.report(FutureTask.java:122)
	at java.util.concurrent.FutureTask.get(FutureTask.java:206)
	at org.apache.hadoop.utils.BackgroundService$PeriodicalTask.lambda$run$0(BackgroundService.java:129)
	at java.util.stream.ForEachOps$ForEachOp$OfRef.accept(ForEachOps.java:184)
	at java.util.ArrayList$ArrayListSpliterator.forEachRemaining(ArrayList.java:1382)
	at java.util.stream.AbstractPipeline.copyInto(AbstractPipeline.java:482)
	at java.util.stream.ForEachOps$ForEachTask.compute(ForEachOps.java:291)
	at java.util.concurrent.CountedCompleter.exec(CountedCompleter.java:731)
	at java.util.concurrent.ForkJoinTask.doExec(ForkJoinTask.java:289)
	at java.util.concurrent.ForkJoinPool$WorkQueue.runTask(ForkJoinPool.java:1056)
	at java.util.concurrent.ForkJoinPool.runWorker(ForkJoinPool.java:1692)
	at java.util.concurrent.ForkJoinWorkerThread.run(ForkJoinWorkerThread.java:157)
Caused by: org.apache.hadoop.hdds.scm.container.common.helpers.StorageContainerException: Error opening DB. Container:2 ContainerPath:/opt/src/hadoop-ozone/integration-test/target/test-dir/MiniOzoneClusterImpl-3f379463-9810-48df-887f-c222ef37097c/datanode-0/data/containers/hdds/500ceb14-8321-4c8a-b6b3-e488e41f7aab/current/containerDir0/2/metadata/2-dn-container.db
	at org.apache.hadoop.ozone.container.keyvalue.helpers.BlockUtils.getDB(BlockUtils.java:84)
	at org.apache.hadoop.ozone.container.keyvalue.statemachine.background.BlockDeletingService$BlockDeletingTask.call(BlockDeletingService.java:188)
	at org.apache.hadoop.ozone.container.keyvalue.statemachine.background.BlockDeletingService$BlockDeletingTask.call(BlockDeletingService.java:172)
	at java.util.concurrent.FutureTask.run(FutureTask.java:266)
	at java.util.concurrent.Executors$RunnableAdapter.call(Executors.java:511)
	at java.util.concurrent.FutureTask.run(FutureTask.java:266)
	at java.util.concurrent.Executors$RunnableAdapter.call(Executors.java:511)
	at java.util.concurrent.FutureTask.run(FutureTask.java:266)
	at java.util.concurrent.ScheduledThreadPoolExecutor$ScheduledFutureTask.access$201(ScheduledThreadPoolExecutor.java:180)
	at java.util.concurrent.ScheduledThreadPoolExecutor$ScheduledFutureTask.run(ScheduledThreadPoolExecutor.java:293)
	at java.util.concurrent.ThreadPoolExecutor.runWorker(ThreadPoolExecutor.java:1149)
	at java.util.concurrent.ThreadPoolExecutor$Worker.run(ThreadPoolExecutor.java:624)
	at java.lang.Thread.run(Thread.java:748)
2019-06-13 16:25:06,513 INFO  ozone.MiniOzoneClusterImpl (MiniOzoneClusterImpl.java:lambda$waitForClusterToBeReady$0(142)) - Waiting for cluster to be ready. Got 0 of 1 DN Heartbeats.
2019-06-13 16:25:07,065 INFO  background.BlockDeletingService (BlockDeletingService.java:getTasks(123)) - Plan to choose 10 containers for block deletion, actually returns 5 valid containers.
2019-06-13 16:25:07,066 ERROR utils.ContainerCache (ContainerCache.java:getDB(137)) - Error opening DB. Container:1 ContainerPath:/opt/src/hadoop-ozone/integration-test/target/test-dir/MiniOzoneClusterImpl-3f379463-9810-48df-887f-c222ef37097c/datanode-0/data/containers/hdds/500ceb14-8321-4c8a-b6b3-e488e41f7aab/current/containerDir0/1/metadata/1-dn-container.db
java.io.IOException: Failed init RocksDB, db path : /opt/src/hadoop-ozone/integration-test/target/test-dir/MiniOzoneClusterImpl-3f379463-9810-48df-887f-c222ef37097c/datanode-0/data/containers/hdds/500ceb14-8321-4c8a-b6b3-e488e41f7aab/current/containerDir0/1/metadata/1-dn-container.db
	at org.apache.hadoop.utils.RocksDBStore.<init>(RocksDBStore.java:87)
	at org.apache.hadoop.utils.MetadataStoreBuilder.build(MetadataStoreBuilder.java:137)
	at org.apache.hadoop.ozone.container.common.utils.ContainerCache.getDB(ContainerCache.java:129)
	at org.apache.hadoop.ozone.container.keyvalue.helpers.BlockUtils.getDB(BlockUtils.java:77)
	at org.apache.hadoop.ozone.container.keyvalue.statemachine.background.BlockDeletingService$BlockDeletingTask.call(BlockDeletingService.java:188)
	at org.apache.hadoop.ozone.container.keyvalue.statemachine.background.BlockDeletingService$BlockDeletingTask.call(BlockDeletingService.java:172)
	at java.util.concurrent.FutureTask.run(FutureTask.java:266)
	at java.util.concurrent.Executors$RunnableAdapter.call(Executors.java:511)
	at java.util.concurrent.FutureTask.run(FutureTask.java:266)
	at java.util.concurrent.Executors$RunnableAdapter.call(Executors.java:511)
	at java.util.concurrent.FutureTask.run(FutureTask.java:266)
	at java.util.concurrent.ScheduledThreadPoolExecutor$ScheduledFutureTask.access$201(ScheduledThreadPoolExecutor.java:180)
	at java.util.concurrent.ScheduledThreadPoolExecutor$ScheduledFutureTask.run(ScheduledThreadPoolExecutor.java:293)
	at java.util.concurrent.ThreadPoolExecutor.runWorker(ThreadPoolExecutor.java:1149)
	at java.util.concurrent.ThreadPoolExecutor$Worker.run(ThreadPoolExecutor.java:624)
	at java.lang.Thread.run(Thread.java:748)
Caused by: org.rocksdb.RocksDBException: While mkdir if missing: /opt/src/hadoop-ozone/integration-test/target/test-dir/MiniOzoneClusterImpl-3f379463-9810-48df-887f-c222ef37097c/datanode-0/data/containers/hdds/500ceb14-8321-4c8a-b6b3-e488e41f7aab/current/containerDir0/1/metadata/1-dn-container.db: No such file or directory
	at org.rocksdb.RocksDB.open(Native Method)
	at org.rocksdb.RocksDB.open(RocksDB.java:231)
	at org.apache.hadoop.utils.RocksDBStore.<init>(RocksDBStore.java:71)
	... 15 more
2019-06-13 16:25:07,066 ERROR utils.ContainerCache (ContainerCache.java:getDB(137)) - Error opening DB. Container:5 ContainerPath:/opt/src/hadoop-ozone/integration-test/target/test-dir/MiniOzoneClusterImpl-3f379463-9810-48df-887f-c222ef37097c/datanode-0/data/containers/hdds/500ceb14-8321-4c8a-b6b3-e488e41f7aab/current/containerDir0/5/metadata/5-dn-container.db
java.io.IOException: Failed init RocksDB, db path : /opt/src/hadoop-ozone/integration-test/target/test-dir/MiniOzoneClusterImpl-3f379463-9810-48df-887f-c222ef37097c/datanode-0/data/containers/hdds/500ceb14-8321-4c8a-b6b3-e488e41f7aab/current/containerDir0/5/metadata/5-dn-container.db
	at org.apache.hadoop.utils.RocksDBStore.<init>(RocksDBStore.java:87)
	at org.apache.hadoop.utils.MetadataStoreBuilder.build(MetadataStoreBuilder.java:137)
	at org.apache.hadoop.ozone.container.common.utils.ContainerCache.getDB(ContainerCache.java:129)
	at org.apache.hadoop.ozone.container.keyvalue.helpers.BlockUtils.getDB(BlockUtils.java:77)
	at org.apache.hadoop.ozone.container.keyvalue.statemachine.background.BlockDeletingService$BlockDeletingTask.call(BlockDeletingService.java:188)
	at org.apache.hadoop.ozone.container.keyvalue.statemachine.background.BlockDeletingService$BlockDeletingTask.call(BlockDeletingService.java:172)
	at java.util.concurrent.FutureTask.run(FutureTask.java:266)
	at java.util.concurrent.Executors$RunnableAdapter.call(Executors.java:511)
	at java.util.concurrent.FutureTask.run(FutureTask.java:266)
	at java.util.concurrent.Executors$RunnableAdapter.call(Executors.java:511)
	at java.util.concurrent.FutureTask.run(FutureTask.java:266)
	at java.util.concurrent.ScheduledThreadPoolExecutor$ScheduledFutureTask.access$201(ScheduledThreadPoolExecutor.java:180)
	at java.util.concurrent.ScheduledThreadPoolExecutor$ScheduledFutureTask.run(ScheduledThreadPoolExecutor.java:293)
	at java.util.concurrent.ThreadPoolExecutor.runWorker(ThreadPoolExecutor.java:1149)
	at java.util.concurrent.ThreadPoolExecutor$Worker.run(ThreadPoolExecutor.java:624)
	at java.lang.Thread.run(Thread.java:748)
Caused by: org.rocksdb.RocksDBException: While mkdir if missing: /opt/src/hadoop-ozone/integration-test/target/test-dir/MiniOzoneClusterImpl-3f379463-9810-48df-887f-c222ef37097c/datanode-0/data/containers/hdds/500ceb14-8321-4c8a-b6b3-e488e41f7aab/current/containerDir0/5/metadata/5-dn-container.db: No such file or directory
	at org.rocksdb.RocksDB.open(Native Method)
	at org.rocksdb.RocksDB.open(RocksDB.java:231)
	at org.apache.hadoop.utils.RocksDBStore.<init>(RocksDBStore.java:71)
	... 15 more
2019-06-13 16:25:07,067 WARN  utils.BackgroundService (BackgroundService.java:lambda$run$0(135)) - Background task fails to execute, retrying in next interval
java.util.concurrent.ExecutionException: org.apache.hadoop.hdds.scm.container.common.helpers.StorageContainerException: Error opening DB. Container:5 ContainerPath:/opt/src/hadoop-ozone/integration-test/target/test-dir/MiniOzoneClusterImpl-3f379463-9810-48df-887f-c222ef37097c/datanode-0/data/containers/hdds/500ceb14-8321-4c8a-b6b3-e488e41f7aab/current/containerDir0/5/metadata/5-dn-container.db
	at java.util.concurrent.FutureTask.report(FutureTask.java:122)
	at java.util.concurrent.FutureTask.get(FutureTask.java:206)
	at org.apache.hadoop.utils.BackgroundService$PeriodicalTask.lambda$run$0(BackgroundService.java:129)
	at java.util.stream.ForEachOps$ForEachOp$OfRef.accept(ForEachOps.java:184)
	at java.util.ArrayList$ArrayListSpliterator.forEachRemaining(ArrayList.java:1382)
	at java.util.stream.AbstractPipeline.copyInto(AbstractPipeline.java:482)
	at java.util.stream.ForEachOps$ForEachTask.compute(ForEachOps.java:291)
	at java.util.concurrent.CountedCompleter.exec(CountedCompleter.java:731)
	at java.util.concurrent.ForkJoinTask.doExec(ForkJoinTask.java:289)
	at java.util.concurrent.ForkJoinPool$WorkQueue.runTask(ForkJoinPool.java:1056)
	at java.util.concurrent.ForkJoinPool.runWorker(ForkJoinPool.java:1692)
	at java.util.concurrent.ForkJoinWorkerThread.run(ForkJoinWorkerThread.java:157)
Caused by: org.apache.hadoop.hdds.scm.container.common.helpers.StorageContainerException: Error opening DB. Container:5 ContainerPath:/opt/src/hadoop-ozone/integration-test/target/test-dir/MiniOzoneClusterImpl-3f379463-9810-48df-887f-c222ef37097c/datanode-0/data/containers/hdds/500ceb14-8321-4c8a-b6b3-e488e41f7aab/current/containerDir0/5/metadata/5-dn-container.db
	at org.apache.hadoop.ozone.container.keyvalue.helpers.BlockUtils.getDB(BlockUtils.java:84)
	at org.apache.hadoop.ozone.container.keyvalue.statemachine.background.BlockDeletingService$BlockDeletingTask.call(BlockDeletingService.java:188)
	at org.apache.hadoop.ozone.container.keyvalue.statemachine.background.BlockDeletingService$BlockDeletingTask.call(BlockDeletingService.java:172)
	at java.util.concurrent.FutureTask.run(FutureTask.java:266)
	at java.util.concurrent.Executors$RunnableAdapter.call(Executors.java:511)
	at java.util.concurrent.FutureTask.run(FutureTask.java:266)
	at java.util.concurrent.Executors$RunnableAdapter.call(Executors.java:511)
	at java.util.concurrent.FutureTask.run(FutureTask.java:266)
	at java.util.concurrent.ScheduledThreadPoolExecutor$ScheduledFutureTask.access$201(ScheduledThreadPoolExecutor.java:180)
	at java.util.concurrent.ScheduledThreadPoolExecutor$ScheduledFutureTask.run(ScheduledThreadPoolExecutor.java:293)
	at java.util.concurrent.ThreadPoolExecutor.runWorker(ThreadPoolExecutor.java:1149)
	at java.util.concurrent.ThreadPoolExecutor$Worker.run(ThreadPoolExecutor.java:624)
	at java.lang.Thread.run(Thread.java:748)
2019-06-13 16:25:07,067 ERROR utils.ContainerCache (ContainerCache.java:getDB(137)) - Error opening DB. Container:4 ContainerPath:/opt/src/hadoop-ozone/integration-test/target/test-dir/MiniOzoneClusterImpl-3f379463-9810-48df-887f-c222ef37097c/datanode-0/data/containers/hdds/500ceb14-8321-4c8a-b6b3-e488e41f7aab/current/containerDir0/4/metadata/4-dn-container.db
java.io.IOException: Failed init RocksDB, db path : /opt/src/hadoop-ozone/integration-test/target/test-dir/MiniOzoneClusterImpl-3f379463-9810-48df-887f-c222ef37097c/datanode-0/data/containers/hdds/500ceb14-8321-4c8a-b6b3-e488e41f7aab/current/containerDir0/4/metadata/4-dn-container.db
	at org.apache.hadoop.utils.RocksDBStore.<init>(RocksDBStore.java:87)
	at org.apache.hadoop.utils.MetadataStoreBuilder.build(MetadataStoreBuilder.java:137)
	at org.apache.hadoop.ozone.container.common.utils.ContainerCache.getDB(ContainerCache.java:129)
	at org.apache.hadoop.ozone.container.keyvalue.helpers.BlockUtils.getDB(BlockUtils.java:77)
	at org.apache.hadoop.ozone.container.keyvalue.statemachine.background.BlockDeletingService$BlockDeletingTask.call(BlockDeletingService.java:188)
	at org.apache.hadoop.ozone.container.keyvalue.statemachine.background.BlockDeletingService$BlockDeletingTask.call(BlockDeletingService.java:172)
	at java.util.concurrent.FutureTask.run(FutureTask.java:266)
	at java.util.concurrent.Executors$RunnableAdapter.call(Executors.java:511)
	at java.util.concurrent.FutureTask.run(FutureTask.java:266)
	at java.util.concurrent.Executors$RunnableAdapter.call(Executors.java:511)
	at java.util.concurrent.FutureTask.run(FutureTask.java:266)
	at java.util.concurrent.ScheduledThreadPoolExecutor$ScheduledFutureTask.access$201(ScheduledThreadPoolExecutor.java:180)
	at java.util.concurrent.ScheduledThreadPoolExecutor$ScheduledFutureTask.run(ScheduledThreadPoolExecutor.java:293)
	at java.util.concurrent.ThreadPoolExecutor.runWorker(ThreadPoolExecutor.java:1149)
	at java.util.concurrent.ThreadPoolExecutor$Worker.run(ThreadPoolExecutor.java:624)
	at java.lang.Thread.run(Thread.java:748)
Caused by: org.rocksdb.RocksDBException: While mkdir if missing: /opt/src/hadoop-ozone/integration-test/target/test-dir/MiniOzoneClusterImpl-3f379463-9810-48df-887f-c222ef37097c/datanode-0/data/containers/hdds/500ceb14-8321-4c8a-b6b3-e488e41f7aab/current/containerDir0/4/metadata/4-dn-container.db: No such file or directory
	at org.rocksdb.RocksDB.open(Native Method)
	at org.rocksdb.RocksDB.open(RocksDB.java:231)
	at org.apache.hadoop.utils.RocksDBStore.<init>(RocksDBStore.java:71)
	... 15 more
2019-06-13 16:25:07,068 WARN  utils.BackgroundService (BackgroundService.java:lambda$run$0(135)) - Background task fails to execute, retrying in next interval
java.util.concurrent.ExecutionException: org.apache.hadoop.hdds.scm.container.common.helpers.StorageContainerException: Error opening DB. Container:1 ContainerPath:/opt/src/hadoop-ozone/integration-test/target/test-dir/MiniOzoneClusterImpl-3f379463-9810-48df-887f-c222ef37097c/datanode-0/data/containers/hdds/500ceb14-8321-4c8a-b6b3-e488e41f7aab/current/containerDir0/1/metadata/1-dn-container.db
	at java.util.concurrent.FutureTask.report(FutureTask.java:122)
	at java.util.concurrent.FutureTask.get(FutureTask.java:206)
	at org.apache.hadoop.utils.BackgroundService$PeriodicalTask.lambda$run$0(BackgroundService.java:129)
	at java.util.stream.ForEachOps$ForEachOp$OfRef.accept(ForEachOps.java:184)
	at java.util.ArrayList$ArrayListSpliterator.forEachRemaining(ArrayList.java:1382)
	at java.util.stream.AbstractPipeline.copyInto(AbstractPipeline.java:482)
	at java.util.stream.ForEachOps$ForEachTask.compute(ForEachOps.java:291)
	at java.util.concurrent.CountedCompleter.exec(CountedCompleter.java:731)
	at java.util.concurrent.ForkJoinTask.doExec(ForkJoinTask.java:289)
	at java.util.concurrent.ForkJoinPool$WorkQueue.execLocalTasks(ForkJoinPool.java:1040)
	at java.util.concurrent.ForkJoinPool$WorkQueue.runTask(ForkJoinPool.java:1058)
	at java.util.concurrent.ForkJoinPool.runWorker(ForkJoinPool.java:1692)
	at java.util.concurrent.ForkJoinWorkerThread.run(ForkJoinWorkerThread.java:157)
Caused by: org.apache.hadoop.hdds.scm.container.common.helpers.StorageContainerException: Error opening DB. Container:1 ContainerPath:/opt/src/hadoop-ozone/integration-test/target/test-dir/MiniOzoneClusterImpl-3f379463-9810-48df-887f-c222ef37097c/datanode-0/data/containers/hdds/500ceb14-8321-4c8a-b6b3-e488e41f7aab/current/containerDir0/1/metadata/1-dn-container.db
	at org.apache.hadoop.ozone.container.keyvalue.helpers.BlockUtils.getDB(BlockUtils.java:84)
	at org.apache.hadoop.ozone.container.keyvalue.statemachine.background.BlockDeletingService$BlockDeletingTask.call(BlockDeletingService.java:188)
	at org.apache.hadoop.ozone.container.keyvalue.statemachine.background.BlockDeletingService$BlockDeletingTask.call(BlockDeletingService.java:172)
	at java.util.concurrent.FutureTask.run(FutureTask.java:266)
	at java.util.concurrent.Executors$RunnableAdapter.call(Executors.java:511)
	at java.util.concurrent.FutureTask.run(FutureTask.java:266)
	at java.util.concurrent.Executors$RunnableAdapter.call(Executors.java:511)
	at java.util.concurrent.FutureTask.run(FutureTask.java:266)
	at java.util.concurrent.ScheduledThreadPoolExecutor$ScheduledFutureTask.access$201(ScheduledThreadPoolExecutor.java:180)
	at java.util.concurrent.ScheduledThreadPoolExecutor$ScheduledFutureTask.run(ScheduledThreadPoolExecutor.java:293)
	at java.util.concurrent.ThreadPoolExecutor.runWorker(ThreadPoolExecutor.java:1149)
	at java.util.concurrent.ThreadPoolExecutor$Worker.run(ThreadPoolExecutor.java:624)
	at java.lang.Thread.run(Thread.java:748)
2019-06-13 16:25:07,068 WARN  utils.BackgroundService (BackgroundService.java:lambda$run$0(135)) - Background task fails to execute, retrying in next interval
java.util.concurrent.ExecutionException: org.apache.hadoop.hdds.scm.container.common.helpers.StorageContainerException: Error opening DB. Container:4 ContainerPath:/opt/src/hadoop-ozone/integration-test/target/test-dir/MiniOzoneClusterImpl-3f379463-9810-48df-887f-c222ef37097c/datanode-0/data/containers/hdds/500ceb14-8321-4c8a-b6b3-e488e41f7aab/current/containerDir0/4/metadata/4-dn-container.db
	at java.util.concurrent.FutureTask.report(FutureTask.java:122)
	at java.util.concurrent.FutureTask.get(FutureTask.java:206)
	at org.apache.hadoop.utils.BackgroundService$PeriodicalTask.lambda$run$0(BackgroundService.java:129)
	at java.util.stream.ForEachOps$ForEachOp$OfRef.accept(ForEachOps.java:184)
	at java.util.ArrayList$ArrayListSpliterator.forEachRemaining(ArrayList.java:1382)
	at java.util.stream.AbstractPipeline.copyInto(AbstractPipeline.java:482)
	at java.util.stream.ForEachOps$ForEachTask.compute(ForEachOps.java:291)
	at java.util.concurrent.CountedCompleter.exec(CountedCompleter.java:731)
	at java.util.concurrent.ForkJoinTask.doExec(ForkJoinTask.java:289)
	at java.util.concurrent.ForkJoinTask.doInvoke(ForkJoinTask.java:401)
	at java.util.concurrent.ForkJoinTask.invoke(ForkJoinTask.java:734)
	at java.util.stream.ForEachOps$ForEachOp.evaluateParallel(ForEachOps.java:160)
	at java.util.stream.ForEachOps$ForEachOp$OfRef.evaluateParallel(ForEachOps.java:174)
	at java.util.stream.AbstractPipeline.evaluate(AbstractPipeline.java:233)
	at java.util.stream.ReferencePipeline.forEach(ReferencePipeline.java:418)
	at java.util.stream.ReferencePipeline$Head.forEach(ReferencePipeline.java:583)
	at org.apache.hadoop.utils.BackgroundService$PeriodicalTask.run(BackgroundService.java:125)
	at java.util.concurrent.Executors$RunnableAdapter.call(Executors.java:511)
	at java.util.concurrent.FutureTask.runAndReset(FutureTask.java:308)
	at java.util.concurrent.ScheduledThreadPoolExecutor$ScheduledFutureTask.access$301(ScheduledThreadPoolExecutor.java:180)
	at java.util.concurrent.ScheduledThreadPoolExecutor$ScheduledFutureTask.run(ScheduledThreadPoolExecutor.java:294)
	at java.util.concurrent.ThreadPoolExecutor.runWorker(ThreadPoolExecutor.java:1149)
	at java.util.concurrent.ThreadPoolExecutor$Worker.run(ThreadPoolExecutor.java:624)
	at java.lang.Thread.run(Thread.java:748)
Caused by: org.apache.hadoop.hdds.scm.container.common.helpers.StorageContainerException: Error opening DB. Container:4 ContainerPath:/opt/src/hadoop-ozone/integration-test/target/test-dir/MiniOzoneClusterImpl-3f379463-9810-48df-887f-c222ef37097c/datanode-0/data/containers/hdds/500ceb14-8321-4c8a-b6b3-e488e41f7aab/current/containerDir0/4/metadata/4-dn-container.db
	at org.apache.hadoop.ozone.container.keyvalue.helpers.BlockUtils.getDB(BlockUtils.java:84)
	at org.apache.hadoop.ozone.container.keyvalue.statemachine.background.BlockDeletingService$BlockDeletingTask.call(BlockDeletingService.java:188)
	at org.apache.hadoop.ozone.container.keyvalue.statemachine.background.BlockDeletingService$BlockDeletingTask.call(BlockDeletingService.java:172)
	at java.util.concurrent.FutureTask.run(FutureTask.java:266)
	at java.util.concurrent.Executors$RunnableAdapter.call(Executors.java:511)
	at java.util.concurrent.FutureTask.run(FutureTask.java:266)
	at java.util.concurrent.Executors$RunnableAdapter.call(Executors.java:511)
	at java.util.concurrent.FutureTask.run(FutureTask.java:266)
	at java.util.concurrent.ScheduledThreadPoolExecutor$ScheduledFutureTask.access$201(ScheduledThreadPoolExecutor.java:180)
	at java.util.concurrent.ScheduledThreadPoolExecutor$ScheduledFutureTask.run(ScheduledThreadPoolExecutor.java:293)
	... 3 more
2019-06-13 16:25:07,069 ERROR utils.ContainerCache (ContainerCache.java:getDB(137)) - Error opening DB. Container:3 ContainerPath:/opt/src/hadoop-ozone/integration-test/target/test-dir/MiniOzoneClusterImpl-3f379463-9810-48df-887f-c222ef37097c/datanode-0/data/containers/hdds/500ceb14-8321-4c8a-b6b3-e488e41f7aab/current/containerDir0/3/metadata/3-dn-container.db
java.io.IOException: Failed init RocksDB, db path : /opt/src/hadoop-ozone/integration-test/target/test-dir/MiniOzoneClusterImpl-3f379463-9810-48df-887f-c222ef37097c/datanode-0/data/containers/hdds/500ceb14-8321-4c8a-b6b3-e488e41f7aab/current/containerDir0/3/metadata/3-dn-container.db
	at org.apache.hadoop.utils.RocksDBStore.<init>(RocksDBStore.java:87)
	at org.apache.hadoop.utils.MetadataStoreBuilder.build(MetadataStoreBuilder.java:137)
	at org.apache.hadoop.ozone.container.common.utils.ContainerCache.getDB(ContainerCache.java:129)
	at org.apache.hadoop.ozone.container.keyvalue.helpers.BlockUtils.getDB(BlockUtils.java:77)
	at org.apache.hadoop.ozone.container.keyvalue.statemachine.background.BlockDeletingService$BlockDeletingTask.call(BlockDeletingService.java:188)
	at org.apache.hadoop.ozone.container.keyvalue.statemachine.background.BlockDeletingService$BlockDeletingTask.call(BlockDeletingService.java:172)
	at java.util.concurrent.FutureTask.run(FutureTask.java:266)
	at java.util.concurrent.Executors$RunnableAdapter.call(Executors.java:511)
	at java.util.concurrent.FutureTask.run(FutureTask.java:266)
	at java.util.concurrent.Executors$RunnableAdapter.call(Executors.java:511)
	at java.util.concurrent.FutureTask.run(FutureTask.java:266)
	at java.util.concurrent.ScheduledThreadPoolExecutor$ScheduledFutureTask.access$201(ScheduledThreadPoolExecutor.java:180)
	at java.util.concurrent.ScheduledThreadPoolExecutor$ScheduledFutureTask.run(ScheduledThreadPoolExecutor.java:293)
	at java.util.concurrent.ThreadPoolExecutor.runWorker(ThreadPoolExecutor.java:1149)
	at java.util.concurrent.ThreadPoolExecutor$Worker.run(ThreadPoolExecutor.java:624)
	at java.lang.Thread.run(Thread.java:748)
Caused by: org.rocksdb.RocksDBException: While mkdir if missing: /opt/src/hadoop-ozone/integration-test/target/test-dir/MiniOzoneClusterImpl-3f379463-9810-48df-887f-c222ef37097c/datanode-0/data/containers/hdds/500ceb14-8321-4c8a-b6b3-e488e41f7aab/current/containerDir0/3/metadata/3-dn-container.db: No such file or directory
	at org.rocksdb.RocksDB.open(Native Method)
	at org.rocksdb.RocksDB.open(RocksDB.java:231)
	at org.apache.hadoop.utils.RocksDBStore.<init>(RocksDBStore.java:71)
	... 15 more
2019-06-13 16:25:07,070 WARN  utils.BackgroundService (BackgroundService.java:lambda$run$0(135)) - Background task fails to execute, retrying in next interval
java.util.concurrent.ExecutionException: org.apache.hadoop.hdds.scm.container.common.helpers.StorageContainerException: Error opening DB. Container:3 ContainerPath:/opt/src/hadoop-ozone/integration-test/target/test-dir/MiniOzoneClusterImpl-3f379463-9810-48df-887f-c222ef37097c/datanode-0/data/containers/hdds/500ceb14-8321-4c8a-b6b3-e488e41f7aab/current/containerDir0/3/metadata/3-dn-container.db
	at java.util.concurrent.FutureTask.report(FutureTask.java:122)
	at java.util.concurrent.FutureTask.get(FutureTask.java:206)
	at org.apache.hadoop.utils.BackgroundService$PeriodicalTask.lambda$run$0(BackgroundService.java:129)
	at java.util.stream.ForEachOps$ForEachOp$OfRef.accept(ForEachOps.java:184)
	at java.util.ArrayList$ArrayListSpliterator.forEachRemaining(ArrayList.java:1382)
	at java.util.stream.AbstractPipeline.copyInto(AbstractPipeline.java:482)
	at java.util.stream.ForEachOps$ForEachTask.compute(ForEachOps.java:291)
	at java.util.concurrent.CountedCompleter.exec(CountedCompleter.java:731)
	at java.util.concurrent.ForkJoinTask.doExec(ForkJoinTask.java:289)
	at java.util.concurrent.ForkJoinPool$WorkQueue.pollAndExecCC(ForkJoinPool.java:1190)
	at java.util.concurrent.ForkJoinPool.helpComplete(ForkJoinPool.java:1879)
	at java.util.concurrent.ForkJoinPool.externalHelpComplete(ForkJoinPool.java:2467)
	at java.util.concurrent.ForkJoinTask.externalAwaitDone(ForkJoinTask.java:324)
	at java.util.concurrent.ForkJoinTask.doInvoke(ForkJoinTask.java:405)
	at java.util.concurrent.ForkJoinTask.invoke(ForkJoinTask.java:734)
	at java.util.stream.ForEachOps$ForEachOp.evaluateParallel(ForEachOps.java:160)
	at java.util.stream.ForEachOps$ForEachOp$OfRef.evaluateParallel(ForEachOps.java:174)
	at java.util.stream.AbstractPipeline.evaluate(AbstractPipeline.java:233)
	at java.util.stream.ReferencePipeline.forEach(ReferencePipeline.java:418)
	at java.util.stream.ReferencePipeline$Head.forEach(ReferencePipeline.java:583)
	at org.apache.hadoop.utils.BackgroundService$PeriodicalTask.run(BackgroundService.java:125)
	at java.util.concurrent.Executors$RunnableAdapter.call(Executors.java:511)
	at java.util.concurrent.FutureTask.runAndReset(FutureTask.java:308)
	at java.util.concurrent.ScheduledThreadPoolExecutor$ScheduledFutureTask.access$301(ScheduledThreadPoolExecutor.java:180)
	at java.util.concurrent.ScheduledThreadPoolExecutor$ScheduledFutureTask.run(ScheduledThreadPoolExecutor.java:294)
	at java.util.concurrent.ThreadPoolExecutor.runWorker(ThreadPoolExecutor.java:1149)
	at java.util.concurrent.ThreadPoolExecutor$Worker.run(ThreadPoolExecutor.java:624)
	at java.lang.Thread.run(Thread.java:748)
Caused by: org.apache.hadoop.hdds.scm.container.common.helpers.StorageContainerException: Error opening DB. Container:3 ContainerPath:/opt/src/hadoop-ozone/integration-test/target/test-dir/MiniOzoneClusterImpl-3f379463-9810-48df-887f-c222ef37097c/datanode-0/data/containers/hdds/500ceb14-8321-4c8a-b6b3-e488e41f7aab/current/containerDir0/3/metadata/3-dn-container.db
	at org.apache.hadoop.ozone.container.keyvalue.helpers.BlockUtils.getDB(BlockUtils.java:84)
	at org.apache.hadoop.ozone.container.keyvalue.statemachine.background.BlockDeletingService$BlockDeletingTask.call(BlockDeletingService.java:188)
	at org.apache.hadoop.ozone.container.keyvalue.statemachine.background.BlockDeletingService$BlockDeletingTask.call(BlockDeletingService.java:172)
	at java.util.concurrent.FutureTask.run(FutureTask.java:266)
	at java.util.concurrent.Executors$RunnableAdapter.call(Executors.java:511)
	at java.util.concurrent.FutureTask.run(FutureTask.java:266)
	at java.util.concurrent.Executors$RunnableAdapter.call(Executors.java:511)
	at java.util.concurrent.FutureTask.run(FutureTask.java:266)
	at java.util.concurrent.ScheduledThreadPoolExecutor$ScheduledFutureTask.access$201(ScheduledThreadPoolExecutor.java:180)
	at java.util.concurrent.ScheduledThreadPoolExecutor$ScheduledFutureTask.run(ScheduledThreadPoolExecutor.java:293)
	... 3 more
2019-06-13 16:25:07,071 ERROR utils.ContainerCache (ContainerCache.java:getDB(137)) - Error opening DB. Container:2 ContainerPath:/opt/src/hadoop-ozone/integration-test/target/test-dir/MiniOzoneClusterImpl-3f379463-9810-48df-887f-c222ef37097c/datanode-0/data/containers/hdds/500ceb14-8321-4c8a-b6b3-e488e41f7aab/current/containerDir0/2/metadata/2-dn-container.db
java.io.IOException: Failed init RocksDB, db path : /opt/src/hadoop-ozone/integration-test/target/test-dir/MiniOzoneClusterImpl-3f379463-9810-48df-887f-c222ef37097c/datanode-0/data/containers/hdds/500ceb14-8321-4c8a-b6b3-e488e41f7aab/current/containerDir0/2/metadata/2-dn-container.db
	at org.apache.hadoop.utils.RocksDBStore.<init>(RocksDBStore.java:87)
	at org.apache.hadoop.utils.MetadataStoreBuilder.build(MetadataStoreBuilder.java:137)
	at org.apache.hadoop.ozone.container.common.utils.ContainerCache.getDB(ContainerCache.java:129)
	at org.apache.hadoop.ozone.container.keyvalue.helpers.BlockUtils.getDB(BlockUtils.java:77)
	at org.apache.hadoop.ozone.container.keyvalue.statemachine.background.BlockDeletingService$BlockDeletingTask.call(BlockDeletingService.java:188)
	at org.apache.hadoop.ozone.container.keyvalue.statemachine.background.BlockDeletingService$BlockDeletingTask.call(BlockDeletingService.java:172)
	at java.util.concurrent.FutureTask.run(FutureTask.java:266)
	at java.util.concurrent.Executors$RunnableAdapter.call(Executors.java:511)
	at java.util.concurrent.FutureTask.run(FutureTask.java:266)
	at java.util.concurrent.Executors$RunnableAdapter.call(Executors.java:511)
	at java.util.concurrent.FutureTask.run(FutureTask.java:266)
	at java.util.concurrent.ScheduledThreadPoolExecutor$ScheduledFutureTask.access$201(ScheduledThreadPoolExecutor.java:180)
	at java.util.concurrent.ScheduledThreadPoolExecutor$ScheduledFutureTask.run(ScheduledThreadPoolExecutor.java:293)
	at java.util.concurrent.ThreadPoolExecutor.runWorker(ThreadPoolExecutor.java:1149)
	at java.util.concurrent.ThreadPoolExecutor$Worker.run(ThreadPoolExecutor.java:624)
	at java.lang.Thread.run(Thread.java:748)
Caused by: org.rocksdb.RocksDBException: While mkdir if missing: /opt/src/hadoop-ozone/integration-test/target/test-dir/MiniOzoneClusterImpl-3f379463-9810-48df-887f-c222ef37097c/datanode-0/data/containers/hdds/500ceb14-8321-4c8a-b6b3-e488e41f7aab/current/containerDir0/2/metadata/2-dn-container.db: No such file or directory
	at org.rocksdb.RocksDB.open(Native Method)
	at org.rocksdb.RocksDB.open(RocksDB.java:231)
	at org.apache.hadoop.utils.RocksDBStore.<init>(RocksDBStore.java:71)
	... 15 more
2019-06-13 16:25:07,072 WARN  utils.BackgroundService (BackgroundService.java:lambda$run$0(135)) - Background task fails to execute, retrying in next interval
java.util.concurrent.ExecutionException: org.apache.hadoop.hdds.scm.container.common.helpers.StorageContainerException: Error opening DB. Container:2 ContainerPath:/opt/src/hadoop-ozone/integration-test/target/test-dir/MiniOzoneClusterImpl-3f379463-9810-48df-887f-c222ef37097c/datanode-0/data/containers/hdds/500ceb14-8321-4c8a-b6b3-e488e41f7aab/current/containerDir0/2/metadata/2-dn-container.db
	at java.util.concurrent.FutureTask.report(FutureTask.java:122)
	at java.util.concurrent.FutureTask.get(FutureTask.java:206)
	at org.apache.hadoop.utils.BackgroundService$PeriodicalTask.lambda$run$0(BackgroundService.java:129)
	at java.util.stream.ForEachOps$ForEachOp$OfRef.accept(ForEachOps.java:184)
	at java.util.ArrayList$ArrayListSpliterator.forEachRemaining(ArrayList.java:1382)
	at java.util.stream.AbstractPipeline.copyInto(AbstractPipeline.java:482)
	at java.util.stream.ForEachOps$ForEachTask.compute(ForEachOps.java:291)
	at java.util.concurrent.CountedCompleter.exec(CountedCompleter.java:731)
	at java.util.concurrent.ForkJoinTask.doExec(ForkJoinTask.java:289)
	at java.util.concurrent.ForkJoinPool$WorkQueue.runTask(ForkJoinPool.java:1056)
	at java.util.concurrent.ForkJoinPool.runWorker(ForkJoinPool.java:1692)
	at java.util.concurrent.ForkJoinWorkerThread.run(ForkJoinWorkerThread.java:157)
Caused by: org.apache.hadoop.hdds.scm.container.common.helpers.StorageContainerException: Error opening DB. Container:2 ContainerPath:/opt/src/hadoop-ozone/integration-test/target/test-dir/MiniOzoneClusterImpl-3f379463-9810-48df-887f-c222ef37097c/datanode-0/data/containers/hdds/500ceb14-8321-4c8a-b6b3-e488e41f7aab/current/containerDir0/2/metadata/2-dn-container.db
	at org.apache.hadoop.ozone.container.keyvalue.helpers.BlockUtils.getDB(BlockUtils.java:84)
	at org.apache.hadoop.ozone.container.keyvalue.statemachine.background.BlockDeletingService$BlockDeletingTask.call(BlockDeletingService.java:188)
	at org.apache.hadoop.ozone.container.keyvalue.statemachine.background.BlockDeletingService$BlockDeletingTask.call(BlockDeletingService.java:172)
	at java.util.concurrent.FutureTask.run(FutureTask.java:266)
	at java.util.concurrent.Executors$RunnableAdapter.call(Executors.java:511)
	at java.util.concurrent.FutureTask.run(FutureTask.java:266)
	at java.util.concurrent.Executors$RunnableAdapter.call(Executors.java:511)
	at java.util.concurrent.FutureTask.run(FutureTask.java:266)
	at java.util.concurrent.ScheduledThreadPoolExecutor$ScheduledFutureTask.access$201(ScheduledThreadPoolExecutor.java:180)
	at java.util.concurrent.ScheduledThreadPoolExecutor$ScheduledFutureTask.run(ScheduledThreadPoolExecutor.java:293)
	at java.util.concurrent.ThreadPoolExecutor.runWorker(ThreadPoolExecutor.java:1149)
	at java.util.concurrent.ThreadPoolExecutor$Worker.run(ThreadPoolExecutor.java:624)
	at java.lang.Thread.run(Thread.java:748)
2019-06-13 16:25:07,514 INFO  ozone.MiniOzoneClusterImpl (MiniOzoneClusterImpl.java:lambda$waitForClusterToBeReady$0(142)) - Waiting for cluster to be ready. Got 0 of 1 DN Heartbeats.
2019-06-13 16:25:07,525 INFO  ozoneimpl.OzoneContainer (OzoneContainer.java:start(186)) - Attempting to start container services.
2019-06-13 16:25:07,526 INFO  ozoneimpl.OzoneContainer (OzoneContainer.java:startContainerScrub(160)) - Background container scrubber has been disabled by hdds.containerscrub.enabled
2019-06-13 16:25:07,526 INFO  ratis.XceiverServerRatis (XceiverServerRatis.java:start(418)) - Starting XceiverServerRatis 2d186694-dc34-4f59-96e3-7d5727f04510 at port 34693
2019-06-13 16:25:07,531 INFO  impl.RaftServerProxy (RaftServerProxy.java:lambda$start$3(299)) - 2d186694-dc34-4f59-96e3-7d5727f04510: start RPC server
2019-06-13 16:25:07,533 INFO  server.GrpcService (GrpcService.java:startImpl(148)) - 2d186694-dc34-4f59-96e3-7d5727f04510: GrpcService started, listening on 0.0.0.0/0.0.0.0:34693
2019-06-13 16:25:08,073 INFO  background.BlockDeletingService (BlockDeletingService.java:getTasks(123)) - Plan to choose 10 containers for block deletion, actually returns 5 valid containers.
2019-06-13 16:25:08,073 ERROR utils.ContainerCache (ContainerCache.java:getDB(137)) - Error opening DB. Container:1 ContainerPath:/opt/src/hadoop-ozone/integration-test/target/test-dir/MiniOzoneClusterImpl-3f379463-9810-48df-887f-c222ef37097c/datanode-0/data/containers/hdds/500ceb14-8321-4c8a-b6b3-e488e41f7aab/current/containerDir0/1/metadata/1-dn-container.db
java.io.IOException: Failed init RocksDB, db path : /opt/src/hadoop-ozone/integration-test/target/test-dir/MiniOzoneClusterImpl-3f379463-9810-48df-887f-c222ef37097c/datanode-0/data/containers/hdds/500ceb14-8321-4c8a-b6b3-e488e41f7aab/current/containerDir0/1/metadata/1-dn-container.db
	at org.apache.hadoop.utils.RocksDBStore.<init>(RocksDBStore.java:87)
	at org.apache.hadoop.utils.MetadataStoreBuilder.build(MetadataStoreBuilder.java:137)
	at org.apache.hadoop.ozone.container.common.utils.ContainerCache.getDB(ContainerCache.java:129)
	at org.apache.hadoop.ozone.container.keyvalue.helpers.BlockUtils.getDB(BlockUtils.java:77)
	at org.apache.hadoop.ozone.container.keyvalue.statemachine.background.BlockDeletingService$BlockDeletingTask.call(BlockDeletingService.java:188)
	at org.apache.hadoop.ozone.container.keyvalue.statemachine.background.BlockDeletingService$BlockDeletingTask.call(BlockDeletingService.java:172)
	at java.util.concurrent.FutureTask.run(FutureTask.java:266)
	at java.util.concurrent.Executors$RunnableAdapter.call(Executors.java:511)
	at java.util.concurrent.FutureTask.run(FutureTask.java:266)
	at java.util.concurrent.Executors$RunnableAdapter.call(Executors.java:511)
	at java.util.concurrent.FutureTask.run(FutureTask.java:266)
	at java.util.concurrent.ScheduledThreadPoolExecutor$ScheduledFutureTask.access$201(ScheduledThreadPoolExecutor.java:180)
	at java.util.concurrent.ScheduledThreadPoolExecutor$ScheduledFutureTask.run(ScheduledThreadPoolExecutor.java:293)
	at java.util.concurrent.ThreadPoolExecutor.runWorker(ThreadPoolExecutor.java:1149)
	at java.util.concurrent.ThreadPoolExecutor$Worker.run(ThreadPoolExecutor.java:624)
	at java.lang.Thread.run(Thread.java:748)
Caused by: org.rocksdb.RocksDBException: While mkdir if missing: /opt/src/hadoop-ozone/integration-test/target/test-dir/MiniOzoneClusterImpl-3f379463-9810-48df-887f-c222ef37097c/datanode-0/data/containers/hdds/500ceb14-8321-4c8a-b6b3-e488e41f7aab/current/containerDir0/1/metadata/1-dn-container.db: No such file or directory
	at org.rocksdb.RocksDB.open(Native Method)
	at org.rocksdb.RocksDB.open(RocksDB.java:231)
	at org.apache.hadoop.utils.RocksDBStore.<init>(RocksDBStore.java:71)
	... 15 more
2019-06-13 16:25:08,074 ERROR utils.ContainerCache (ContainerCache.java:getDB(137)) - Error opening DB. Container:5 ContainerPath:/opt/src/hadoop-ozone/integration-test/target/test-dir/MiniOzoneClusterImpl-3f379463-9810-48df-887f-c222ef37097c/datanode-0/data/containers/hdds/500ceb14-8321-4c8a-b6b3-e488e41f7aab/current/containerDir0/5/metadata/5-dn-container.db
java.io.IOException: Failed init RocksDB, db path : /opt/src/hadoop-ozone/integration-test/target/test-dir/MiniOzoneClusterImpl-3f379463-9810-48df-887f-c222ef37097c/datanode-0/data/containers/hdds/500ceb14-8321-4c8a-b6b3-e488e41f7aab/current/containerDir0/5/metadata/5-dn-container.db
	at org.apache.hadoop.utils.RocksDBStore.<init>(RocksDBStore.java:87)
	at org.apache.hadoop.utils.MetadataStoreBuilder.build(MetadataStoreBuilder.java:137)
	at org.apache.hadoop.ozone.container.common.utils.ContainerCache.getDB(ContainerCache.java:129)
	at org.apache.hadoop.ozone.container.keyvalue.helpers.BlockUtils.getDB(BlockUtils.java:77)
	at org.apache.hadoop.ozone.container.keyvalue.statemachine.background.BlockDeletingService$BlockDeletingTask.call(BlockDeletingService.java:188)
	at org.apache.hadoop.ozone.container.keyvalue.statemachine.background.BlockDeletingService$BlockDeletingTask.call(BlockDeletingService.java:172)
	at java.util.concurrent.FutureTask.run(FutureTask.java:266)
	at java.util.concurrent.Executors$RunnableAdapter.call(Executors.java:511)
	at java.util.concurrent.FutureTask.run(FutureTask.java:266)
	at java.util.concurrent.Executors$RunnableAdapter.call(Executors.java:511)
	at java.util.concurrent.FutureTask.run(FutureTask.java:266)
	at java.util.concurrent.ScheduledThreadPoolExecutor$ScheduledFutureTask.access$201(ScheduledThreadPoolExecutor.java:180)
	at java.util.concurrent.ScheduledThreadPoolExecutor$ScheduledFutureTask.run(ScheduledThreadPoolExecutor.java:293)
	at java.util.concurrent.ThreadPoolExecutor.runWorker(ThreadPoolExecutor.java:1149)
	at java.util.concurrent.ThreadPoolExecutor$Worker.run(ThreadPoolExecutor.java:624)
	at java.lang.Thread.run(Thread.java:748)
Caused by: org.rocksdb.RocksDBException: While mkdir if missing: /opt/src/hadoop-ozone/integration-test/target/test-dir/MiniOzoneClusterImpl-3f379463-9810-48df-887f-c222ef37097c/datanode-0/data/containers/hdds/500ceb14-8321-4c8a-b6b3-e488e41f7aab/current/containerDir0/5/metadata/5-dn-container.db: No such file or directory
	at org.rocksdb.RocksDB.open(Native Method)
	at org.rocksdb.RocksDB.open(RocksDB.java:231)
	at org.apache.hadoop.utils.RocksDBStore.<init>(RocksDBStore.java:71)
	... 15 more
2019-06-13 16:25:08,074 WARN  utils.BackgroundService (BackgroundService.java:lambda$run$0(135)) - Background task fails to execute, retrying in next interval
java.util.concurrent.ExecutionException: org.apache.hadoop.hdds.scm.container.common.helpers.StorageContainerException: Error opening DB. Container:5 ContainerPath:/opt/src/hadoop-ozone/integration-test/target/test-dir/MiniOzoneClusterImpl-3f379463-9810-48df-887f-c222ef37097c/datanode-0/data/containers/hdds/500ceb14-8321-4c8a-b6b3-e488e41f7aab/current/containerDir0/5/metadata/5-dn-container.db
	at java.util.concurrent.FutureTask.report(FutureTask.java:122)
	at java.util.concurrent.FutureTask.get(FutureTask.java:206)
	at org.apache.hadoop.utils.BackgroundService$PeriodicalTask.lambda$run$0(BackgroundService.java:129)
	at java.util.stream.ForEachOps$ForEachOp$OfRef.accept(ForEachOps.java:184)
	at java.util.ArrayList$ArrayListSpliterator.forEachRemaining(ArrayList.java:1382)
	at java.util.stream.AbstractPipeline.copyInto(AbstractPipeline.java:482)
	at java.util.stream.ForEachOps$ForEachTask.compute(ForEachOps.java:291)
	at java.util.concurrent.CountedCompleter.exec(CountedCompleter.java:731)
	at java.util.concurrent.ForkJoinTask.doExec(ForkJoinTask.java:289)
	at java.util.concurrent.ForkJoinPool$WorkQueue.runTask(ForkJoinPool.java:1056)
	at java.util.concurrent.ForkJoinPool.runWorker(ForkJoinPool.java:1692)
	at java.util.concurrent.ForkJoinWorkerThread.run(ForkJoinWorkerThread.java:157)
Caused by: org.apache.hadoop.hdds.scm.container.common.helpers.StorageContainerException: Error opening DB. Container:5 ContainerPath:/opt/src/hadoop-ozone/integration-test/target/test-dir/MiniOzoneClusterImpl-3f379463-9810-48df-887f-c222ef37097c/datanode-0/data/containers/hdds/500ceb14-8321-4c8a-b6b3-e488e41f7aab/current/containerDir0/5/metadata/5-dn-container.db
	at org.apache.hadoop.ozone.container.keyvalue.helpers.BlockUtils.getDB(BlockUtils.java:84)
	at org.apache.hadoop.ozone.container.keyvalue.statemachine.background.BlockDeletingService$BlockDeletingTask.call(BlockDeletingService.java:188)
	at org.apache.hadoop.ozone.container.keyvalue.statemachine.background.BlockDeletingService$BlockDeletingTask.call(BlockDeletingService.java:172)
	at java.util.concurrent.FutureTask.run(FutureTask.java:266)
	at java.util.concurrent.Executors$RunnableAdapter.call(Executors.java:511)
	at java.util.concurrent.FutureTask.run(FutureTask.java:266)
	at java.util.concurrent.Executors$RunnableAdapter.call(Executors.java:511)
	at java.util.concurrent.FutureTask.run(FutureTask.java:266)
	at java.util.concurrent.ScheduledThreadPoolExecutor$ScheduledFutureTask.access$201(ScheduledThreadPoolExecutor.java:180)
	at java.util.concurrent.ScheduledThreadPoolExecutor$ScheduledFutureTask.run(ScheduledThreadPoolExecutor.java:293)
	at java.util.concurrent.ThreadPoolExecutor.runWorker(ThreadPoolExecutor.java:1149)
	at java.util.concurrent.ThreadPoolExecutor$Worker.run(ThreadPoolExecutor.java:624)
	at java.lang.Thread.run(Thread.java:748)
2019-06-13 16:25:08,074 ERROR utils.ContainerCache (ContainerCache.java:getDB(137)) - Error opening DB. Container:4 ContainerPath:/opt/src/hadoop-ozone/integration-test/target/test-dir/MiniOzoneClusterImpl-3f379463-9810-48df-887f-c222ef37097c/datanode-0/data/containers/hdds/500ceb14-8321-4c8a-b6b3-e488e41f7aab/current/containerDir0/4/metadata/4-dn-container.db
java.io.IOException: Failed init RocksDB, db path : /opt/src/hadoop-ozone/integration-test/target/test-dir/MiniOzoneClusterImpl-3f379463-9810-48df-887f-c222ef37097c/datanode-0/data/containers/hdds/500ceb14-8321-4c8a-b6b3-e488e41f7aab/current/containerDir0/4/metadata/4-dn-container.db
	at org.apache.hadoop.utils.RocksDBStore.<init>(RocksDBStore.java:87)
	at org.apache.hadoop.utils.MetadataStoreBuilder.build(MetadataStoreBuilder.java:137)
	at org.apache.hadoop.ozone.container.common.utils.ContainerCache.getDB(ContainerCache.java:129)
	at org.apache.hadoop.ozone.container.keyvalue.helpers.BlockUtils.getDB(BlockUtils.java:77)
	at org.apache.hadoop.ozone.container.keyvalue.statemachine.background.BlockDeletingService$BlockDeletingTask.call(BlockDeletingService.java:188)
	at org.apache.hadoop.ozone.container.keyvalue.statemachine.background.BlockDeletingService$BlockDeletingTask.call(BlockDeletingService.java:172)
	at java.util.concurrent.FutureTask.run(FutureTask.java:266)
	at java.util.concurrent.Executors$RunnableAdapter.call(Executors.java:511)
	at java.util.concurrent.FutureTask.run(FutureTask.java:266)
	at java.util.concurrent.Executors$RunnableAdapter.call(Executors.java:511)
	at java.util.concurrent.FutureTask.run(FutureTask.java:266)
	at java.util.concurrent.ScheduledThreadPoolExecutor$ScheduledFutureTask.access$201(ScheduledThreadPoolExecutor.java:180)
	at java.util.concurrent.ScheduledThreadPoolExecutor$ScheduledFutureTask.run(ScheduledThreadPoolExecutor.java:293)
	at java.util.concurrent.ThreadPoolExecutor.runWorker(ThreadPoolExecutor.java:1149)
	at java.util.concurrent.ThreadPoolExecutor$Worker.run(ThreadPoolExecutor.java:624)
	at java.lang.Thread.run(Thread.java:748)
Caused by: org.rocksdb.RocksDBException: While mkdir if missing: /opt/src/hadoop-ozone/integration-test/target/test-dir/MiniOzoneClusterImpl-3f379463-9810-48df-887f-c222ef37097c/datanode-0/data/containers/hdds/500ceb14-8321-4c8a-b6b3-e488e41f7aab/current/containerDir0/4/metadata/4-dn-container.db: No such file or directory
	at org.rocksdb.RocksDB.open(Native Method)
	at org.rocksdb.RocksDB.open(RocksDB.java:231)
	at org.apache.hadoop.utils.RocksDBStore.<init>(RocksDBStore.java:71)
	... 15 more
2019-06-13 16:25:08,075 WARN  utils.BackgroundService (BackgroundService.java:lambda$run$0(135)) - Background task fails to execute, retrying in next interval
java.util.concurrent.ExecutionException: org.apache.hadoop.hdds.scm.container.common.helpers.StorageContainerException: Error opening DB. Container:1 ContainerPath:/opt/src/hadoop-ozone/integration-test/target/test-dir/MiniOzoneClusterImpl-3f379463-9810-48df-887f-c222ef37097c/datanode-0/data/containers/hdds/500ceb14-8321-4c8a-b6b3-e488e41f7aab/current/containerDir0/1/metadata/1-dn-container.db
	at java.util.concurrent.FutureTask.report(FutureTask.java:122)
	at java.util.concurrent.FutureTask.get(FutureTask.java:206)
	at org.apache.hadoop.utils.BackgroundService$PeriodicalTask.lambda$run$0(BackgroundService.java:129)
	at java.util.stream.ForEachOps$ForEachOp$OfRef.accept(ForEachOps.java:184)
	at java.util.ArrayList$ArrayListSpliterator.forEachRemaining(ArrayList.java:1382)
	at java.util.stream.AbstractPipeline.copyInto(AbstractPipeline.java:482)
	at java.util.stream.ForEachOps$ForEachTask.compute(ForEachOps.java:291)
	at java.util.concurrent.CountedCompleter.exec(CountedCompleter.java:731)
	at java.util.concurrent.ForkJoinTask.doExec(ForkJoinTask.java:289)
	at java.util.concurrent.ForkJoinPool$WorkQueue.execLocalTasks(ForkJoinPool.java:1040)
	at java.util.concurrent.ForkJoinPool$WorkQueue.runTask(ForkJoinPool.java:1058)
	at java.util.concurrent.ForkJoinPool.runWorker(ForkJoinPool.java:1692)
	at java.util.concurrent.ForkJoinWorkerThread.run(ForkJoinWorkerThread.java:157)
Caused by: org.apache.hadoop.hdds.scm.container.common.helpers.StorageContainerException: Error opening DB. Container:1 ContainerPath:/opt/src/hadoop-ozone/integration-test/target/test-dir/MiniOzoneClusterImpl-3f379463-9810-48df-887f-c222ef37097c/datanode-0/data/containers/hdds/500ceb14-8321-4c8a-b6b3-e488e41f7aab/current/containerDir0/1/metadata/1-dn-container.db
	at org.apache.hadoop.ozone.container.keyvalue.helpers.BlockUtils.getDB(BlockUtils.java:84)
	at org.apache.hadoop.ozone.container.keyvalue.statemachine.background.BlockDeletingService$BlockDeletingTask.call(BlockDeletingService.java:188)
	at org.apache.hadoop.ozone.container.keyvalue.statemachine.background.BlockDeletingService$BlockDeletingTask.call(BlockDeletingService.java:172)
	at java.util.concurrent.FutureTask.run(FutureTask.java:266)
	at java.util.concurrent.Executors$RunnableAdapter.call(Executors.java:511)
	at java.util.concurrent.FutureTask.run(FutureTask.java:266)
	at java.util.concurrent.Executors$RunnableAdapter.call(Executors.java:511)
	at java.util.concurrent.FutureTask.run(FutureTask.java:266)
	at java.util.concurrent.ScheduledThreadPoolExecutor$ScheduledFutureTask.access$201(ScheduledThreadPoolExecutor.java:180)
	at java.util.concurrent.ScheduledThreadPoolExecutor$ScheduledFutureTask.run(ScheduledThreadPoolExecutor.java:293)
	at java.util.concurrent.ThreadPoolExecutor.runWorker(ThreadPoolExecutor.java:1149)
	at java.util.concurrent.ThreadPoolExecutor$Worker.run(ThreadPoolExecutor.java:624)
	at java.lang.Thread.run(Thread.java:748)
2019-06-13 16:25:08,076 ERROR utils.ContainerCache (ContainerCache.java:getDB(137)) - Error opening DB. Container:3 ContainerPath:/opt/src/hadoop-ozone/integration-test/target/test-dir/MiniOzoneClusterImpl-3f379463-9810-48df-887f-c222ef37097c/datanode-0/data/containers/hdds/500ceb14-8321-4c8a-b6b3-e488e41f7aab/current/containerDir0/3/metadata/3-dn-container.db
java.io.IOException: Failed init RocksDB, db path : /opt/src/hadoop-ozone/integration-test/target/test-dir/MiniOzoneClusterImpl-3f379463-9810-48df-887f-c222ef37097c/datanode-0/data/containers/hdds/500ceb14-8321-4c8a-b6b3-e488e41f7aab/current/containerDir0/3/metadata/3-dn-container.db
	at org.apache.hadoop.utils.RocksDBStore.<init>(RocksDBStore.java:87)
	at org.apache.hadoop.utils.MetadataStoreBuilder.build(MetadataStoreBuilder.java:137)
	at org.apache.hadoop.ozone.container.common.utils.ContainerCache.getDB(ContainerCache.java:129)
	at org.apache.hadoop.ozone.container.keyvalue.helpers.BlockUtils.getDB(BlockUtils.java:77)
	at org.apache.hadoop.ozone.container.keyvalue.statemachine.background.BlockDeletingService$BlockDeletingTask.call(BlockDeletingService.java:188)
	at org.apache.hadoop.ozone.container.keyvalue.statemachine.background.BlockDeletingService$BlockDeletingTask.call(BlockDeletingService.java:172)
	at java.util.concurrent.FutureTask.run(FutureTask.java:266)
	at java.util.concurrent.Executors$RunnableAdapter.call(Executors.java:511)
	at java.util.concurrent.FutureTask.run(FutureTask.java:266)
	at java.util.concurrent.Executors$RunnableAdapter.call(Executors.java:511)
	at java.util.concurrent.FutureTask.run(FutureTask.java:266)
	at java.util.concurrent.ScheduledThreadPoolExecutor$ScheduledFutureTask.access$201(ScheduledThreadPoolExecutor.java:180)
	at java.util.concurrent.ScheduledThreadPoolExecutor$ScheduledFutureTask.run(ScheduledThreadPoolExecutor.java:293)
	at java.util.concurrent.ThreadPoolExecutor.runWorker(ThreadPoolExecutor.java:1149)
	at java.util.concurrent.ThreadPoolExecutor$Worker.run(ThreadPoolExecutor.java:624)
	at java.lang.Thread.run(Thread.java:748)
Caused by: org.rocksdb.RocksDBException: While mkdir if missing: /opt/src/hadoop-ozone/integration-test/target/test-dir/MiniOzoneClusterImpl-3f379463-9810-48df-887f-c222ef37097c/datanode-0/data/containers/hdds/500ceb14-8321-4c8a-b6b3-e488e41f7aab/current/containerDir0/3/metadata/3-dn-container.db: No such file or directory
	at org.rocksdb.RocksDB.open(Native Method)
	at org.rocksdb.RocksDB.open(RocksDB.java:231)
	at org.apache.hadoop.utils.RocksDBStore.<init>(RocksDBStore.java:71)
	... 15 more
2019-06-13 16:25:08,076 WARN  utils.BackgroundService (BackgroundService.java:lambda$run$0(135)) - Background task fails to execute, retrying in next interval
java.util.concurrent.ExecutionException: org.apache.hadoop.hdds.scm.container.common.helpers.StorageContainerException: Error opening DB. Container:4 ContainerPath:/opt/src/hadoop-ozone/integration-test/target/test-dir/MiniOzoneClusterImpl-3f379463-9810-48df-887f-c222ef37097c/datanode-0/data/containers/hdds/500ceb14-8321-4c8a-b6b3-e488e41f7aab/current/containerDir0/4/metadata/4-dn-container.db
	at java.util.concurrent.FutureTask.report(FutureTask.java:122)
	at java.util.concurrent.FutureTask.get(FutureTask.java:206)
	at org.apache.hadoop.utils.BackgroundService$PeriodicalTask.lambda$run$0(BackgroundService.java:129)
	at java.util.stream.ForEachOps$ForEachOp$OfRef.accept(ForEachOps.java:184)
	at java.util.ArrayList$ArrayListSpliterator.forEachRemaining(ArrayList.java:1382)
	at java.util.stream.AbstractPipeline.copyInto(AbstractPipeline.java:482)
	at java.util.stream.ForEachOps$ForEachTask.compute(ForEachOps.java:291)
	at java.util.concurrent.CountedCompleter.exec(CountedCompleter.java:731)
	at java.util.concurrent.ForkJoinTask.doExec(ForkJoinTask.java:289)
	at java.util.concurrent.ForkJoinTask.doInvoke(ForkJoinTask.java:401)
	at java.util.concurrent.ForkJoinTask.invoke(ForkJoinTask.java:734)
	at java.util.stream.ForEachOps$ForEachOp.evaluateParallel(ForEachOps.java:160)
	at java.util.stream.ForEachOps$ForEachOp$OfRef.evaluateParallel(ForEachOps.java:174)
	at java.util.stream.AbstractPipeline.evaluate(AbstractPipeline.java:233)
	at java.util.stream.ReferencePipeline.forEach(ReferencePipeline.java:418)
	at java.util.stream.ReferencePipeline$Head.forEach(ReferencePipeline.java:583)
	at org.apache.hadoop.utils.BackgroundService$PeriodicalTask.run(BackgroundService.java:125)
	at java.util.concurrent.Executors$RunnableAdapter.call(Executors.java:511)
	at java.util.concurrent.FutureTask.runAndReset(FutureTask.java:308)
	at java.util.concurrent.ScheduledThreadPoolExecutor$ScheduledFutureTask.access$301(ScheduledThreadPoolExecutor.java:180)
	at java.util.concurrent.ScheduledThreadPoolExecutor$ScheduledFutureTask.run(ScheduledThreadPoolExecutor.java:294)
	at java.util.concurrent.ThreadPoolExecutor.runWorker(ThreadPoolExecutor.java:1149)
	at java.util.concurrent.ThreadPoolExecutor$Worker.run(ThreadPoolExecutor.java:624)
	at java.lang.Thread.run(Thread.java:748)
Caused by: org.apache.hadoop.hdds.scm.container.common.helpers.StorageContainerException: Error opening DB. Container:4 ContainerPath:/opt/src/hadoop-ozone/integration-test/target/test-dir/MiniOzoneClusterImpl-3f379463-9810-48df-887f-c222ef37097c/datanode-0/data/containers/hdds/500ceb14-8321-4c8a-b6b3-e488e41f7aab/current/containerDir0/4/metadata/4-dn-container.db
	at org.apache.hadoop.ozone.container.keyvalue.helpers.BlockUtils.getDB(BlockUtils.java:84)
	at org.apache.hadoop.ozone.container.keyvalue.statemachine.background.BlockDeletingService$BlockDeletingTask.call(BlockDeletingService.java:188)
	at org.apache.hadoop.ozone.container.keyvalue.statemachine.background.BlockDeletingService$BlockDeletingTask.call(BlockDeletingService.java:172)
	at java.util.concurrent.FutureTask.run(FutureTask.java:266)
	at java.util.concurrent.Executors$RunnableAdapter.call(Executors.java:511)
	at java.util.concurrent.FutureTask.run(FutureTask.java:266)
	at java.util.concurrent.Executors$RunnableAdapter.call(Executors.java:511)
	at java.util.concurrent.FutureTask.run(FutureTask.java:266)
	at java.util.concurrent.ScheduledThreadPoolExecutor$ScheduledFutureTask.access$201(ScheduledThreadPoolExecutor.java:180)
	at java.util.concurrent.ScheduledThreadPoolExecutor$ScheduledFutureTask.run(ScheduledThreadPoolExecutor.java:293)
	... 3 more
2019-06-13 16:25:08,077 ERROR utils.ContainerCache (ContainerCache.java:getDB(137)) - Error opening DB. Container:2 ContainerPath:/opt/src/hadoop-ozone/integration-test/target/test-dir/MiniOzoneClusterImpl-3f379463-9810-48df-887f-c222ef37097c/datanode-0/data/containers/hdds/500ceb14-8321-4c8a-b6b3-e488e41f7aab/current/containerDir0/2/metadata/2-dn-container.db
java.io.IOException: Failed init RocksDB, db path : /opt/src/hadoop-ozone/integration-test/target/test-dir/MiniOzoneClusterImpl-3f379463-9810-48df-887f-c222ef37097c/datanode-0/data/containers/hdds/500ceb14-8321-4c8a-b6b3-e488e41f7aab/current/containerDir0/2/metadata/2-dn-container.db
	at org.apache.hadoop.utils.RocksDBStore.<init>(RocksDBStore.java:87)
	at org.apache.hadoop.utils.MetadataStoreBuilder.build(MetadataStoreBuilder.java:137)
	at org.apache.hadoop.ozone.container.common.utils.ContainerCache.getDB(ContainerCache.java:129)
	at org.apache.hadoop.ozone.container.keyvalue.helpers.BlockUtils.getDB(BlockUtils.java:77)
	at org.apache.hadoop.ozone.container.keyvalue.statemachine.background.BlockDeletingService$BlockDeletingTask.call(BlockDeletingService.java:188)
	at org.apache.hadoop.ozone.container.keyvalue.statemachine.background.BlockDeletingService$BlockDeletingTask.call(BlockDeletingService.java:172)
	at java.util.concurrent.FutureTask.run(FutureTask.java:266)
	at java.util.concurrent.Executors$RunnableAdapter.call(Executors.java:511)
	at java.util.concurrent.FutureTask.run(FutureTask.java:266)
	at java.util.concurrent.Executors$RunnableAdapter.call(Executors.java:511)
	at java.util.concurrent.FutureTask.run(FutureTask.java:266)
	at java.util.concurrent.ScheduledThreadPoolExecutor$ScheduledFutureTask.access$201(ScheduledThreadPoolExecutor.java:180)
	at java.util.concurrent.ScheduledThreadPoolExecutor$ScheduledFutureTask.run(ScheduledThreadPoolExecutor.java:293)
	at java.util.concurrent.ThreadPoolExecutor.runWorker(ThreadPoolExecutor.java:1149)
	at java.util.concurrent.ThreadPoolExecutor$Worker.run(ThreadPoolExecutor.java:624)
	at java.lang.Thread.run(Thread.java:748)
Caused by: org.rocksdb.RocksDBException: While mkdir if missing: /opt/src/hadoop-ozone/integration-test/target/test-dir/MiniOzoneClusterImpl-3f379463-9810-48df-887f-c222ef37097c/datanode-0/data/containers/hdds/500ceb14-8321-4c8a-b6b3-e488e41f7aab/current/containerDir0/2/metadata/2-dn-container.db: No such file or directory
	at org.rocksdb.RocksDB.open(Native Method)
	at org.rocksdb.RocksDB.open(RocksDB.java:231)
	at org.apache.hadoop.utils.RocksDBStore.<init>(RocksDBStore.java:71)
	... 15 more
2019-06-13 16:25:08,077 WARN  utils.BackgroundService (BackgroundService.java:lambda$run$0(135)) - Background task fails to execute, retrying in next interval
java.util.concurrent.ExecutionException: org.apache.hadoop.hdds.scm.container.common.helpers.StorageContainerException: Error opening DB. Container:3 ContainerPath:/opt/src/hadoop-ozone/integration-test/target/test-dir/MiniOzoneClusterImpl-3f379463-9810-48df-887f-c222ef37097c/datanode-0/data/containers/hdds/500ceb14-8321-4c8a-b6b3-e488e41f7aab/current/containerDir0/3/metadata/3-dn-container.db
	at java.util.concurrent.FutureTask.report(FutureTask.java:122)
	at java.util.concurrent.FutureTask.get(FutureTask.java:206)
	at org.apache.hadoop.utils.BackgroundService$PeriodicalTask.lambda$run$0(BackgroundService.java:129)
	at java.util.stream.ForEachOps$ForEachOp$OfRef.accept(ForEachOps.java:184)
	at java.util.ArrayList$ArrayListSpliterator.forEachRemaining(ArrayList.java:1382)
	at java.util.stream.AbstractPipeline.copyInto(AbstractPipeline.java:482)
	at java.util.stream.ForEachOps$ForEachTask.compute(ForEachOps.java:291)
	at java.util.concurrent.CountedCompleter.exec(CountedCompleter.java:731)
	at java.util.concurrent.ForkJoinTask.doExec(ForkJoinTask.java:289)
	at java.util.concurrent.ForkJoinPool$WorkQueue.pollAndExecCC(ForkJoinPool.java:1190)
	at java.util.concurrent.ForkJoinPool.helpComplete(ForkJoinPool.java:1879)
	at java.util.concurrent.ForkJoinPool.externalHelpComplete(ForkJoinPool.java:2467)
	at java.util.concurrent.ForkJoinTask.externalAwaitDone(ForkJoinTask.java:324)
	at java.util.concurrent.ForkJoinTask.doInvoke(ForkJoinTask.java:405)
	at java.util.concurrent.ForkJoinTask.invoke(ForkJoinTask.java:734)
	at java.util.stream.ForEachOps$ForEachOp.evaluateParallel(ForEachOps.java:160)
	at java.util.stream.ForEachOps$ForEachOp$OfRef.evaluateParallel(ForEachOps.java:174)
	at java.util.stream.AbstractPipeline.evaluate(AbstractPipeline.java:233)
	at java.util.stream.ReferencePipeline.forEach(ReferencePipeline.java:418)
	at java.util.stream.ReferencePipeline$Head.forEach(ReferencePipeline.java:583)
	at org.apache.hadoop.utils.BackgroundService$PeriodicalTask.run(BackgroundService.java:125)
	at java.util.concurrent.Executors$RunnableAdapter.call(Executors.java:511)
	at java.util.concurrent.FutureTask.runAndReset(FutureTask.java:308)
	at java.util.concurrent.ScheduledThreadPoolExecutor$ScheduledFutureTask.access$301(ScheduledThreadPoolExecutor.java:180)
	at java.util.concurrent.ScheduledThreadPoolExecutor$ScheduledFutureTask.run(ScheduledThreadPoolExecutor.java:294)
	at java.util.concurrent.ThreadPoolExecutor.runWorker(ThreadPoolExecutor.java:1149)
	at java.util.concurrent.ThreadPoolExecutor$Worker.run(ThreadPoolExecutor.java:624)
	at java.lang.Thread.run(Thread.java:748)
Caused by: org.apache.hadoop.hdds.scm.container.common.helpers.StorageContainerException: Error opening DB. Container:3 ContainerPath:/opt/src/hadoop-ozone/integration-test/target/test-dir/MiniOzoneClusterImpl-3f379463-9810-48df-887f-c222ef37097c/datanode-0/data/containers/hdds/500ceb14-8321-4c8a-b6b3-e488e41f7aab/current/containerDir0/3/metadata/3-dn-container.db
	at org.apache.hadoop.ozone.container.keyvalue.helpers.BlockUtils.getDB(BlockUtils.java:84)
	at org.apache.hadoop.ozone.container.keyvalue.statemachine.background.BlockDeletingService$BlockDeletingTask.call(BlockDeletingService.java:188)
	at org.apache.hadoop.ozone.container.keyvalue.statemachine.background.BlockDeletingService$BlockDeletingTask.call(BlockDeletingService.java:172)
	at java.util.concurrent.FutureTask.run(FutureTask.java:266)
	at java.util.concurrent.Executors$RunnableAdapter.call(Executors.java:511)
	at java.util.concurrent.FutureTask.run(FutureTask.java:266)
	at java.util.concurrent.Executors$RunnableAdapter.call(Executors.java:511)
	at java.util.concurrent.FutureTask.run(FutureTask.java:266)
	at java.util.concurrent.ScheduledThreadPoolExecutor$ScheduledFutureTask.access$201(ScheduledThreadPoolExecutor.java:180)
	at java.util.concurrent.ScheduledThreadPoolExecutor$ScheduledFutureTask.run(ScheduledThreadPoolExecutor.java:293)
	... 3 more
2019-06-13 16:25:08,081 WARN  utils.BackgroundService (BackgroundService.java:lambda$run$0(135)) - Background task fails to execute, retrying in next interval
java.util.concurrent.ExecutionException: org.apache.hadoop.hdds.scm.container.common.helpers.StorageContainerException: Error opening DB. Container:2 ContainerPath:/opt/src/hadoop-ozone/integration-test/target/test-dir/MiniOzoneClusterImpl-3f379463-9810-48df-887f-c222ef37097c/datanode-0/data/containers/hdds/500ceb14-8321-4c8a-b6b3-e488e41f7aab/current/containerDir0/2/metadata/2-dn-container.db
	at java.util.concurrent.FutureTask.report(FutureTask.java:122)
	at java.util.concurrent.FutureTask.get(FutureTask.java:206)
	at org.apache.hadoop.utils.BackgroundService$PeriodicalTask.lambda$run$0(BackgroundService.java:129)
	at java.util.stream.ForEachOps$ForEachOp$OfRef.accept(ForEachOps.java:184)
	at java.util.ArrayList$ArrayListSpliterator.forEachRemaining(ArrayList.java:1382)
	at java.util.stream.AbstractPipeline.copyInto(AbstractPipeline.java:482)
	at java.util.stream.ForEachOps$ForEachTask.compute(ForEachOps.java:291)
	at java.util.concurrent.CountedCompleter.exec(CountedCompleter.java:731)
	at java.util.concurrent.ForkJoinTask.doExec(ForkJoinTask.java:289)
	at java.util.concurrent.ForkJoinPool$WorkQueue.runTask(ForkJoinPool.java:1056)
	at java.util.concurrent.ForkJoinPool.runWorker(ForkJoinPool.java:1692)
	at java.util.concurrent.ForkJoinWorkerThread.run(ForkJoinWorkerThread.java:157)
Caused by: org.apache.hadoop.hdds.scm.container.common.helpers.StorageContainerException: Error opening DB. Container:2 ContainerPath:/opt/src/hadoop-ozone/integration-test/target/test-dir/MiniOzoneClusterImpl-3f379463-9810-48df-887f-c222ef37097c/datanode-0/data/containers/hdds/500ceb14-8321-4c8a-b6b3-e488e41f7aab/current/containerDir0/2/metadata/2-dn-container.db
	at org.apache.hadoop.ozone.container.keyvalue.helpers.BlockUtils.getDB(BlockUtils.java:84)
	at org.apache.hadoop.ozone.container.keyvalue.statemachine.background.BlockDeletingService$BlockDeletingTask.call(BlockDeletingService.java:188)
	at org.apache.hadoop.ozone.container.keyvalue.statemachine.background.BlockDeletingService$BlockDeletingTask.call(BlockDeletingService.java:172)
	at java.util.concurrent.FutureTask.run(FutureTask.java:266)
	at java.util.concurrent.Executors$RunnableAdapter.call(Executors.java:511)
	at java.util.concurrent.FutureTask.run(FutureTask.java:266)
	at java.util.concurrent.Executors$RunnableAdapter.call(Executors.java:511)
	at java.util.concurrent.FutureTask.run(FutureTask.java:266)
	at java.util.concurrent.ScheduledThreadPoolExecutor$ScheduledFutureTask.access$201(ScheduledThreadPoolExecutor.java:180)
	at java.util.concurrent.ScheduledThreadPoolExecutor$ScheduledFutureTask.run(ScheduledThreadPoolExecutor.java:293)
	at java.util.concurrent.ThreadPoolExecutor.runWorker(ThreadPoolExecutor.java:1149)
	at java.util.concurrent.ThreadPoolExecutor$Worker.run(ThreadPoolExecutor.java:624)
	at java.lang.Thread.run(Thread.java:748)
2019-06-13 16:25:08,514 INFO  ozone.MiniOzoneClusterImpl (MiniOzoneClusterImpl.java:lambda$waitForClusterToBeReady$0(142)) - Waiting for cluster to be ready. Got 0 of 1 DN Heartbeats.
2019-06-13 16:25:09,083 INFO  background.BlockDeletingService (BlockDeletingService.java:getTasks(123)) - Plan to choose 10 containers for block deletion, actually returns 5 valid containers.
2019-06-13 16:25:09,084 ERROR utils.ContainerCache (ContainerCache.java:getDB(137)) - Error opening DB. Container:1 ContainerPath:/opt/src/hadoop-ozone/integration-test/target/test-dir/MiniOzoneClusterImpl-3f379463-9810-48df-887f-c222ef37097c/datanode-0/data/containers/hdds/500ceb14-8321-4c8a-b6b3-e488e41f7aab/current/containerDir0/1/metadata/1-dn-container.db
java.io.IOException: Failed init RocksDB, db path : /opt/src/hadoop-ozone/integration-test/target/test-dir/MiniOzoneClusterImpl-3f379463-9810-48df-887f-c222ef37097c/datanode-0/data/containers/hdds/500ceb14-8321-4c8a-b6b3-e488e41f7aab/current/containerDir0/1/metadata/1-dn-container.db
	at org.apache.hadoop.utils.RocksDBStore.<init>(RocksDBStore.java:87)
	at org.apache.hadoop.utils.MetadataStoreBuilder.build(MetadataStoreBuilder.java:137)
	at org.apache.hadoop.ozone.container.common.utils.ContainerCache.getDB(ContainerCache.java:129)
	at org.apache.hadoop.ozone.container.keyvalue.helpers.BlockUtils.getDB(BlockUtils.java:77)
	at org.apache.hadoop.ozone.container.keyvalue.statemachine.background.BlockDeletingService$BlockDeletingTask.call(BlockDeletingService.java:188)
	at org.apache.hadoop.ozone.container.keyvalue.statemachine.background.BlockDeletingService$BlockDeletingTask.call(BlockDeletingService.java:172)
	at java.util.concurrent.FutureTask.run(FutureTask.java:266)
	at java.util.concurrent.Executors$RunnableAdapter.call(Executors.java:511)
	at java.util.concurrent.FutureTask.run(FutureTask.java:266)
	at java.util.concurrent.Executors$RunnableAdapter.call(Executors.java:511)
	at java.util.concurrent.FutureTask.run(FutureTask.java:266)
	at java.util.concurrent.ScheduledThreadPoolExecutor$ScheduledFutureTask.access$201(ScheduledThreadPoolExecutor.java:180)
	at java.util.concurrent.ScheduledThreadPoolExecutor$ScheduledFutureTask.run(ScheduledThreadPoolExecutor.java:293)
	at java.util.concurrent.ThreadPoolExecutor.runWorker(ThreadPoolExecutor.java:1149)
	at java.util.concurrent.ThreadPoolExecutor$Worker.run(ThreadPoolExecutor.java:624)
	at java.lang.Thread.run(Thread.java:748)
Caused by: org.rocksdb.RocksDBException: While mkdir if missing: /opt/src/hadoop-ozone/integration-test/target/test-dir/MiniOzoneClusterImpl-3f379463-9810-48df-887f-c222ef37097c/datanode-0/data/containers/hdds/500ceb14-8321-4c8a-b6b3-e488e41f7aab/current/containerDir0/1/metadata/1-dn-container.db: No such file or directory
	at org.rocksdb.RocksDB.open(Native Method)
	at org.rocksdb.RocksDB.open(RocksDB.java:231)
	at org.apache.hadoop.utils.RocksDBStore.<init>(RocksDBStore.java:71)
	... 15 more
2019-06-13 16:25:09,084 ERROR utils.ContainerCache (ContainerCache.java:getDB(137)) - Error opening DB. Container:5 ContainerPath:/opt/src/hadoop-ozone/integration-test/target/test-dir/MiniOzoneClusterImpl-3f379463-9810-48df-887f-c222ef37097c/datanode-0/data/containers/hdds/500ceb14-8321-4c8a-b6b3-e488e41f7aab/current/containerDir0/5/metadata/5-dn-container.db
java.io.IOException: Failed init RocksDB, db path : /opt/src/hadoop-ozone/integration-test/target/test-dir/MiniOzoneClusterImpl-3f379463-9810-48df-887f-c222ef37097c/datanode-0/data/containers/hdds/500ceb14-8321-4c8a-b6b3-e488e41f7aab/current/containerDir0/5/metadata/5-dn-container.db
	at org.apache.hadoop.utils.RocksDBStore.<init>(RocksDBStore.java:87)
	at org.apache.hadoop.utils.MetadataStoreBuilder.build(MetadataStoreBuilder.java:137)
	at org.apache.hadoop.ozone.container.common.utils.ContainerCache.getDB(ContainerCache.java:129)
	at org.apache.hadoop.ozone.container.keyvalue.helpers.BlockUtils.getDB(BlockUtils.java:77)
	at org.apache.hadoop.ozone.container.keyvalue.statemachine.background.BlockDeletingService$BlockDeletingTask.call(BlockDeletingService.java:188)
	at org.apache.hadoop.ozone.container.keyvalue.statemachine.background.BlockDeletingService$BlockDeletingTask.call(BlockDeletingService.java:172)
	at java.util.concurrent.FutureTask.run(FutureTask.java:266)
	at java.util.concurrent.Executors$RunnableAdapter.call(Executors.java:511)
	at java.util.concurrent.FutureTask.run(FutureTask.java:266)
	at java.util.concurrent.Executors$RunnableAdapter.call(Executors.java:511)
	at java.util.concurrent.FutureTask.run(FutureTask.java:266)
	at java.util.concurrent.ScheduledThreadPoolExecutor$ScheduledFutureTask.access$201(ScheduledThreadPoolExecutor.java:180)
	at java.util.concurrent.ScheduledThreadPoolExecutor$ScheduledFutureTask.run(ScheduledThreadPoolExecutor.java:293)
	at java.util.concurrent.ThreadPoolExecutor.runWorker(ThreadPoolExecutor.java:1149)
	at java.util.concurrent.ThreadPoolExecutor$Worker.run(ThreadPoolExecutor.java:624)
	at java.lang.Thread.run(Thread.java:748)
Caused by: org.rocksdb.RocksDBException: While mkdir if missing: /opt/src/hadoop-ozone/integration-test/target/test-dir/MiniOzoneClusterImpl-3f379463-9810-48df-887f-c222ef37097c/datanode-0/data/containers/hdds/500ceb14-8321-4c8a-b6b3-e488e41f7aab/current/containerDir0/5/metadata/5-dn-container.db: No such file or directory
	at org.rocksdb.RocksDB.open(Native Method)
	at org.rocksdb.RocksDB.open(RocksDB.java:231)
	at org.apache.hadoop.utils.RocksDBStore.<init>(RocksDBStore.java:71)
	... 15 more
2019-06-13 16:25:09,085 WARN  utils.BackgroundService (BackgroundService.java:lambda$run$0(135)) - Background task fails to execute, retrying in next interval
java.util.concurrent.ExecutionException: org.apache.hadoop.hdds.scm.container.common.helpers.StorageContainerException: Error opening DB. Container:5 ContainerPath:/opt/src/hadoop-ozone/integration-test/target/test-dir/MiniOzoneClusterImpl-3f379463-9810-48df-887f-c222ef37097c/datanode-0/data/containers/hdds/500ceb14-8321-4c8a-b6b3-e488e41f7aab/current/containerDir0/5/metadata/5-dn-container.db
	at java.util.concurrent.FutureTask.report(FutureTask.java:122)
	at java.util.concurrent.FutureTask.get(FutureTask.java:206)
	at org.apache.hadoop.utils.BackgroundService$PeriodicalTask.lambda$run$0(BackgroundService.java:129)
	at java.util.stream.ForEachOps$ForEachOp$OfRef.accept(ForEachOps.java:184)
	at java.util.ArrayList$ArrayListSpliterator.forEachRemaining(ArrayList.java:1382)
	at java.util.stream.AbstractPipeline.copyInto(AbstractPipeline.java:482)
	at java.util.stream.ForEachOps$ForEachTask.compute(ForEachOps.java:291)
	at java.util.concurrent.CountedCompleter.exec(CountedCompleter.java:731)
	at java.util.concurrent.ForkJoinTask.doExec(ForkJoinTask.java:289)
	at java.util.concurrent.ForkJoinPool$WorkQueue.runTask(ForkJoinPool.java:1056)
	at java.util.concurrent.ForkJoinPool.runWorker(ForkJoinPool.java:1692)
	at java.util.concurrent.ForkJoinWorkerThread.run(ForkJoinWorkerThread.java:157)
Caused by: org.apache.hadoop.hdds.scm.container.common.helpers.StorageContainerException: Error opening DB. Container:5 ContainerPath:/opt/src/hadoop-ozone/integration-test/target/test-dir/MiniOzoneClusterImpl-3f379463-9810-48df-887f-c222ef37097c/datanode-0/data/containers/hdds/500ceb14-8321-4c8a-b6b3-e488e41f7aab/current/containerDir0/5/metadata/5-dn-container.db
	at org.apache.hadoop.ozone.container.keyvalue.helpers.BlockUtils.getDB(BlockUtils.java:84)
	at org.apache.hadoop.ozone.container.keyvalue.statemachine.background.BlockDeletingService$BlockDeletingTask.call(BlockDeletingService.java:188)
	at org.apache.hadoop.ozone.container.keyvalue.statemachine.background.BlockDeletingService$BlockDeletingTask.call(BlockDeletingService.java:172)
	at java.util.concurrent.FutureTask.run(FutureTask.java:266)
	at java.util.concurrent.Executors$RunnableAdapter.call(Executors.java:511)
	at java.util.concurrent.FutureTask.run(FutureTask.java:266)
	at java.util.concurrent.Executors$RunnableAdapter.call(Executors.java:511)
	at java.util.concurrent.FutureTask.run(FutureTask.java:266)
	at java.util.concurrent.ScheduledThreadPoolExecutor$ScheduledFutureTask.access$201(ScheduledThreadPoolExecutor.java:180)
	at java.util.concurrent.ScheduledThreadPoolExecutor$ScheduledFutureTask.run(ScheduledThreadPoolExecutor.java:293)
	at java.util.concurrent.ThreadPoolExecutor.runWorker(ThreadPoolExecutor.java:1149)
	at java.util.concurrent.ThreadPoolExecutor$Worker.run(ThreadPoolExecutor.java:624)
	at java.lang.Thread.run(Thread.java:748)
2019-06-13 16:25:09,086 WARN  utils.BackgroundService (BackgroundService.java:lambda$run$0(135)) - Background task fails to execute, retrying in next interval
java.util.concurrent.ExecutionException: org.apache.hadoop.hdds.scm.container.common.helpers.StorageContainerException: Error opening DB. Container:1 ContainerPath:/opt/src/hadoop-ozone/integration-test/target/test-dir/MiniOzoneClusterImpl-3f379463-9810-48df-887f-c222ef37097c/datanode-0/data/containers/hdds/500ceb14-8321-4c8a-b6b3-e488e41f7aab/current/containerDir0/1/metadata/1-dn-container.db
	at java.util.concurrent.FutureTask.report(FutureTask.java:122)
	at java.util.concurrent.FutureTask.get(FutureTask.java:206)
	at org.apache.hadoop.utils.BackgroundService$PeriodicalTask.lambda$run$0(BackgroundService.java:129)
	at java.util.stream.ForEachOps$ForEachOp$OfRef.accept(ForEachOps.java:184)
	at java.util.ArrayList$ArrayListSpliterator.forEachRemaining(ArrayList.java:1382)
	at java.util.stream.AbstractPipeline.copyInto(AbstractPipeline.java:482)
	at java.util.stream.ForEachOps$ForEachTask.compute(ForEachOps.java:291)
	at java.util.concurrent.CountedCompleter.exec(CountedCompleter.java:731)
	at java.util.concurrent.ForkJoinTask.doExec(ForkJoinTask.java:289)
	at java.util.concurrent.ForkJoinPool$WorkQueue.execLocalTasks(ForkJoinPool.java:1040)
	at java.util.concurrent.ForkJoinPool$WorkQueue.runTask(ForkJoinPool.java:1058)
	at java.util.concurrent.ForkJoinPool.runWorker(ForkJoinPool.java:1692)
	at java.util.concurrent.ForkJoinWorkerThread.run(ForkJoinWorkerThread.java:157)
Caused by: org.apache.hadoop.hdds.scm.container.common.helpers.StorageContainerException: Error opening DB. Container:1 ContainerPath:/opt/src/hadoop-ozone/integration-test/target/test-dir/MiniOzoneClusterImpl-3f379463-9810-48df-887f-c222ef37097c/datanode-0/data/containers/hdds/500ceb14-8321-4c8a-b6b3-e488e41f7aab/current/containerDir0/1/metadata/1-dn-container.db
	at org.apache.hadoop.ozone.container.keyvalue.helpers.BlockUtils.getDB(BlockUtils.java:84)
	at org.apache.hadoop.ozone.container.keyvalue.statemachine.background.BlockDeletingService$BlockDeletingTask.call(BlockDeletingService.java:188)
	at org.apache.hadoop.ozone.container.keyvalue.statemachine.background.BlockDeletingService$BlockDeletingTask.call(BlockDeletingService.java:172)
	at java.util.concurrent.FutureTask.run(FutureTask.java:266)
	at java.util.concurrent.Executors$RunnableAdapter.call(Executors.java:511)
	at java.util.concurrent.FutureTask.run(FutureTask.java:266)
	at java.util.concurrent.Executors$RunnableAdapter.call(Executors.java:511)
	at java.util.concurrent.FutureTask.run(FutureTask.java:266)
	at java.util.concurrent.ScheduledThreadPoolExecutor$ScheduledFutureTask.access$201(ScheduledThreadPoolExecutor.java:180)
	at java.util.concurrent.ScheduledThreadPoolExecutor$ScheduledFutureTask.run(ScheduledThreadPoolExecutor.java:293)
	at java.util.concurrent.ThreadPoolExecutor.runWorker(ThreadPoolExecutor.java:1149)
	at java.util.concurrent.ThreadPoolExecutor$Worker.run(ThreadPoolExecutor.java:624)
	at java.lang.Thread.run(Thread.java:748)
2019-06-13 16:25:09,085 ERROR utils.ContainerCache (ContainerCache.java:getDB(137)) - Error opening DB. Container:4 ContainerPath:/opt/src/hadoop-ozone/integration-test/target/test-dir/MiniOzoneClusterImpl-3f379463-9810-48df-887f-c222ef37097c/datanode-0/data/containers/hdds/500ceb14-8321-4c8a-b6b3-e488e41f7aab/current/containerDir0/4/metadata/4-dn-container.db
java.io.IOException: Failed init RocksDB, db path : /opt/src/hadoop-ozone/integration-test/target/test-dir/MiniOzoneClusterImpl-3f379463-9810-48df-887f-c222ef37097c/datanode-0/data/containers/hdds/500ceb14-8321-4c8a-b6b3-e488e41f7aab/current/containerDir0/4/metadata/4-dn-container.db
	at org.apache.hadoop.utils.RocksDBStore.<init>(RocksDBStore.java:87)
	at org.apache.hadoop.utils.MetadataStoreBuilder.build(MetadataStoreBuilder.java:137)
	at org.apache.hadoop.ozone.container.common.utils.ContainerCache.getDB(ContainerCache.java:129)
	at org.apache.hadoop.ozone.container.keyvalue.helpers.BlockUtils.getDB(BlockUtils.java:77)
	at org.apache.hadoop.ozone.container.keyvalue.statemachine.background.BlockDeletingService$BlockDeletingTask.call(BlockDeletingService.java:188)
	at org.apache.hadoop.ozone.container.keyvalue.statemachine.background.BlockDeletingService$BlockDeletingTask.call(BlockDeletingService.java:172)
	at java.util.concurrent.FutureTask.run(FutureTask.java:266)
	at java.util.concurrent.Executors$RunnableAdapter.call(Executors.java:511)
	at java.util.concurrent.FutureTask.run(FutureTask.java:266)
	at java.util.concurrent.Executors$RunnableAdapter.call(Executors.java:511)
	at java.util.concurrent.FutureTask.run(FutureTask.java:266)
	at java.util.concurrent.ScheduledThreadPoolExecutor$ScheduledFutureTask.access$201(ScheduledThreadPoolExecutor.java:180)
	at java.util.concurrent.ScheduledThreadPoolExecutor$ScheduledFutureTask.run(ScheduledThreadPoolExecutor.java:293)
	at java.util.concurrent.ThreadPoolExecutor.runWorker(ThreadPoolExecutor.java:1149)
	at java.util.concurrent.ThreadPoolExecutor$Worker.run(ThreadPoolExecutor.java:624)
	at java.lang.Thread.run(Thread.java:748)
Caused by: org.rocksdb.RocksDBException: While mkdir if missing: /opt/src/hadoop-ozone/integration-test/target/test-dir/MiniOzoneClusterImpl-3f379463-9810-48df-887f-c222ef37097c/datanode-0/data/containers/hdds/500ceb14-8321-4c8a-b6b3-e488e41f7aab/current/containerDir0/4/metadata/4-dn-container.db: No such file or directory
	at org.rocksdb.RocksDB.open(Native Method)
	at org.rocksdb.RocksDB.open(RocksDB.java:231)
	at org.apache.hadoop.utils.RocksDBStore.<init>(RocksDBStore.java:71)
	... 15 more
2019-06-13 16:25:09,087 WARN  utils.BackgroundService (BackgroundService.java:lambda$run$0(135)) - Background task fails to execute, retrying in next interval
java.util.concurrent.ExecutionException: org.apache.hadoop.hdds.scm.container.common.helpers.StorageContainerException: Error opening DB. Container:4 ContainerPath:/opt/src/hadoop-ozone/integration-test/target/test-dir/MiniOzoneClusterImpl-3f379463-9810-48df-887f-c222ef37097c/datanode-0/data/containers/hdds/500ceb14-8321-4c8a-b6b3-e488e41f7aab/current/containerDir0/4/metadata/4-dn-container.db
	at java.util.concurrent.FutureTask.report(FutureTask.java:122)
	at java.util.concurrent.FutureTask.get(FutureTask.java:206)
	at org.apache.hadoop.utils.BackgroundService$PeriodicalTask.lambda$run$0(BackgroundService.java:129)
	at java.util.stream.ForEachOps$ForEachOp$OfRef.accept(ForEachOps.java:184)
	at java.util.ArrayList$ArrayListSpliterator.forEachRemaining(ArrayList.java:1382)
	at java.util.stream.AbstractPipeline.copyInto(AbstractPipeline.java:482)
	at java.util.stream.ForEachOps$ForEachTask.compute(ForEachOps.java:291)
	at java.util.concurrent.CountedCompleter.exec(CountedCompleter.java:731)
	at java.util.concurrent.ForkJoinTask.doExec(ForkJoinTask.java:289)
	at java.util.concurrent.ForkJoinTask.doInvoke(ForkJoinTask.java:401)
	at java.util.concurrent.ForkJoinTask.invoke(ForkJoinTask.java:734)
	at java.util.stream.ForEachOps$ForEachOp.evaluateParallel(ForEachOps.java:160)
	at java.util.stream.ForEachOps$ForEachOp$OfRef.evaluateParallel(ForEachOps.java:174)
	at java.util.stream.AbstractPipeline.evaluate(AbstractPipeline.java:233)
	at java.util.stream.ReferencePipeline.forEach(ReferencePipeline.java:418)
	at java.util.stream.ReferencePipeline$Head.forEach(ReferencePipeline.java:583)
	at org.apache.hadoop.utils.BackgroundService$PeriodicalTask.run(BackgroundService.java:125)
	at java.util.concurrent.Executors$RunnableAdapter.call(Executors.java:511)
	at java.util.concurrent.FutureTask.runAndReset(FutureTask.java:308)
	at java.util.concurrent.ScheduledThreadPoolExecutor$ScheduledFutureTask.access$301(ScheduledThreadPoolExecutor.java:180)
	at java.util.concurrent.ScheduledThreadPoolExecutor$ScheduledFutureTask.run(ScheduledThreadPoolExecutor.java:294)
	at java.util.concurrent.ThreadPoolExecutor.runWorker(ThreadPoolExecutor.java:1149)
	at java.util.concurrent.ThreadPoolExecutor$Worker.run(ThreadPoolExecutor.java:624)
	at java.lang.Thread.run(Thread.java:748)
Caused by: org.apache.hadoop.hdds.scm.container.common.helpers.StorageContainerException: Error opening DB. Container:4 ContainerPath:/opt/src/hadoop-ozone/integration-test/target/test-dir/MiniOzoneClusterImpl-3f379463-9810-48df-887f-c222ef37097c/datanode-0/data/containers/hdds/500ceb14-8321-4c8a-b6b3-e488e41f7aab/current/containerDir0/4/metadata/4-dn-container.db
	at org.apache.hadoop.ozone.container.keyvalue.helpers.BlockUtils.getDB(BlockUtils.java:84)
	at org.apache.hadoop.ozone.container.keyvalue.statemachine.background.BlockDeletingService$BlockDeletingTask.call(BlockDeletingService.java:188)
	at org.apache.hadoop.ozone.container.keyvalue.statemachine.background.BlockDeletingService$BlockDeletingTask.call(BlockDeletingService.java:172)
	at java.util.concurrent.FutureTask.run(FutureTask.java:266)
	at java.util.concurrent.Executors$RunnableAdapter.call(Executors.java:511)
	at java.util.concurrent.FutureTask.run(FutureTask.java:266)
	at java.util.concurrent.Executors$RunnableAdapter.call(Executors.java:511)
	at java.util.concurrent.FutureTask.run(FutureTask.java:266)
	at java.util.concurrent.ScheduledThreadPoolExecutor$ScheduledFutureTask.access$201(ScheduledThreadPoolExecutor.java:180)
	at java.util.concurrent.ScheduledThreadPoolExecutor$ScheduledFutureTask.run(ScheduledThreadPoolExecutor.java:293)
	... 3 more
2019-06-13 16:25:09,088 ERROR utils.ContainerCache (ContainerCache.java:getDB(137)) - Error opening DB. Container:3 ContainerPath:/opt/src/hadoop-ozone/integration-test/target/test-dir/MiniOzoneClusterImpl-3f379463-9810-48df-887f-c222ef37097c/datanode-0/data/containers/hdds/500ceb14-8321-4c8a-b6b3-e488e41f7aab/current/containerDir0/3/metadata/3-dn-container.db
java.io.IOException: Failed init RocksDB, db path : /opt/src/hadoop-ozone/integration-test/target/test-dir/MiniOzoneClusterImpl-3f379463-9810-48df-887f-c222ef37097c/datanode-0/data/containers/hdds/500ceb14-8321-4c8a-b6b3-e488e41f7aab/current/containerDir0/3/metadata/3-dn-container.db
	at org.apache.hadoop.utils.RocksDBStore.<init>(RocksDBStore.java:87)
	at org.apache.hadoop.utils.MetadataStoreBuilder.build(MetadataStoreBuilder.java:137)
	at org.apache.hadoop.ozone.container.common.utils.ContainerCache.getDB(ContainerCache.java:129)
	at org.apache.hadoop.ozone.container.keyvalue.helpers.BlockUtils.getDB(BlockUtils.java:77)
	at org.apache.hadoop.ozone.container.keyvalue.statemachine.background.BlockDeletingService$BlockDeletingTask.call(BlockDeletingService.java:188)
	at org.apache.hadoop.ozone.container.keyvalue.statemachine.background.BlockDeletingService$BlockDeletingTask.call(BlockDeletingService.java:172)
	at java.util.concurrent.FutureTask.run(FutureTask.java:266)
	at java.util.concurrent.Executors$RunnableAdapter.call(Executors.java:511)
	at java.util.concurrent.FutureTask.run(FutureTask.java:266)
	at java.util.concurrent.Executors$RunnableAdapter.call(Executors.java:511)
	at java.util.concurrent.FutureTask.run(FutureTask.java:266)
	at java.util.concurrent.ScheduledThreadPoolExecutor$ScheduledFutureTask.access$201(ScheduledThreadPoolExecutor.java:180)
	at java.util.concurrent.ScheduledThreadPoolExecutor$ScheduledFutureTask.run(ScheduledThreadPoolExecutor.java:293)
	at java.util.concurrent.ThreadPoolExecutor.runWorker(ThreadPoolExecutor.java:1149)
	at java.util.concurrent.ThreadPoolExecutor$Worker.run(ThreadPoolExecutor.java:624)
	at java.lang.Thread.run(Thread.java:748)
Caused by: org.rocksdb.RocksDBException: While mkdir if missing: /opt/src/hadoop-ozone/integration-test/target/test-dir/MiniOzoneClusterImpl-3f379463-9810-48df-887f-c222ef37097c/datanode-0/data/containers/hdds/500ceb14-8321-4c8a-b6b3-e488e41f7aab/current/containerDir0/3/metadata/3-dn-container.db: No such file or directory
	at org.rocksdb.RocksDB.open(Native Method)
	at org.rocksdb.RocksDB.open(RocksDB.java:231)
	at org.apache.hadoop.utils.RocksDBStore.<init>(RocksDBStore.java:71)
	... 15 more
2019-06-13 16:25:09,089 ERROR utils.ContainerCache (ContainerCache.java:getDB(137)) - Error opening DB. Container:2 ContainerPath:/opt/src/hadoop-ozone/integration-test/target/test-dir/MiniOzoneClusterImpl-3f379463-9810-48df-887f-c222ef37097c/datanode-0/data/containers/hdds/500ceb14-8321-4c8a-b6b3-e488e41f7aab/current/containerDir0/2/metadata/2-dn-container.db
java.io.IOException: Failed init RocksDB, db path : /opt/src/hadoop-ozone/integration-test/target/test-dir/MiniOzoneClusterImpl-3f379463-9810-48df-887f-c222ef37097c/datanode-0/data/containers/hdds/500ceb14-8321-4c8a-b6b3-e488e41f7aab/current/containerDir0/2/metadata/2-dn-container.db
	at org.apache.hadoop.utils.RocksDBStore.<init>(RocksDBStore.java:87)
	at org.apache.hadoop.utils.MetadataStoreBuilder.build(MetadataStoreBuilder.java:137)
	at org.apache.hadoop.ozone.container.common.utils.ContainerCache.getDB(ContainerCache.java:129)
	at org.apache.hadoop.ozone.container.keyvalue.helpers.BlockUtils.getDB(BlockUtils.java:77)
	at org.apache.hadoop.ozone.container.keyvalue.statemachine.background.BlockDeletingService$BlockDeletingTask.call(BlockDeletingService.java:188)
	at org.apache.hadoop.ozone.container.keyvalue.statemachine.background.BlockDeletingService$BlockDeletingTask.call(BlockDeletingService.java:172)
	at java.util.concurrent.FutureTask.run(FutureTask.java:266)
	at java.util.concurrent.Executors$RunnableAdapter.call(Executors.java:511)
	at java.util.concurrent.FutureTask.run(FutureTask.java:266)
	at java.util.concurrent.Executors$RunnableAdapter.call(Executors.java:511)
	at java.util.concurrent.FutureTask.run(FutureTask.java:266)
	at java.util.concurrent.ScheduledThreadPoolExecutor$ScheduledFutureTask.access$201(ScheduledThreadPoolExecutor.java:180)
	at java.util.concurrent.ScheduledThreadPoolExecutor$ScheduledFutureTask.run(ScheduledThreadPoolExecutor.java:293)
	at java.util.concurrent.ThreadPoolExecutor.runWorker(ThreadPoolExecutor.java:1149)
	at java.util.concurrent.ThreadPoolExecutor$Worker.run(ThreadPoolExecutor.java:624)
	at java.lang.Thread.run(Thread.java:748)
Caused by: org.rocksdb.RocksDBException: While mkdir if missing: /opt/src/hadoop-ozone/integration-test/target/test-dir/MiniOzoneClusterImpl-3f379463-9810-48df-887f-c222ef37097c/datanode-0/data/containers/hdds/500ceb14-8321-4c8a-b6b3-e488e41f7aab/current/containerDir0/2/metadata/2-dn-container.db: No such file or directory
	at org.rocksdb.RocksDB.open(Native Method)
	at org.rocksdb.RocksDB.open(RocksDB.java:231)
	at org.apache.hadoop.utils.RocksDBStore.<init>(RocksDBStore.java:71)
	... 15 more
2019-06-13 16:25:09,089 WARN  utils.BackgroundService (BackgroundService.java:lambda$run$0(135)) - Background task fails to execute, retrying in next interval
java.util.concurrent.ExecutionException: org.apache.hadoop.hdds.scm.container.common.helpers.StorageContainerException: Error opening DB. Container:3 ContainerPath:/opt/src/hadoop-ozone/integration-test/target/test-dir/MiniOzoneClusterImpl-3f379463-9810-48df-887f-c222ef37097c/datanode-0/data/containers/hdds/500ceb14-8321-4c8a-b6b3-e488e41f7aab/current/containerDir0/3/metadata/3-dn-container.db
	at java.util.concurrent.FutureTask.report(FutureTask.java:122)
	at java.util.concurrent.FutureTask.get(FutureTask.java:206)
	at org.apache.hadoop.utils.BackgroundService$PeriodicalTask.lambda$run$0(BackgroundService.java:129)
	at java.util.stream.ForEachOps$ForEachOp$OfRef.accept(ForEachOps.java:184)
	at java.util.ArrayList$ArrayListSpliterator.forEachRemaining(ArrayList.java:1382)
	at java.util.stream.AbstractPipeline.copyInto(AbstractPipeline.java:482)
	at java.util.stream.ForEachOps$ForEachTask.compute(ForEachOps.java:291)
	at java.util.concurrent.CountedCompleter.exec(CountedCompleter.java:731)
	at java.util.concurrent.ForkJoinTask.doExec(ForkJoinTask.java:289)
	at java.util.concurrent.ForkJoinPool$WorkQueue.pollAndExecCC(ForkJoinPool.java:1190)
	at java.util.concurrent.ForkJoinPool.helpComplete(ForkJoinPool.java:1879)
	at java.util.concurrent.ForkJoinPool.externalHelpComplete(ForkJoinPool.java:2467)
	at java.util.concurrent.ForkJoinTask.externalAwaitDone(ForkJoinTask.java:324)
	at java.util.concurrent.ForkJoinTask.doInvoke(ForkJoinTask.java:405)
	at java.util.concurrent.ForkJoinTask.invoke(ForkJoinTask.java:734)
	at java.util.stream.ForEachOps$ForEachOp.evaluateParallel(ForEachOps.java:160)
	at java.util.stream.ForEachOps$ForEachOp$OfRef.evaluateParallel(ForEachOps.java:174)
	at java.util.stream.AbstractPipeline.evaluate(AbstractPipeline.java:233)
	at java.util.stream.ReferencePipeline.forEach(ReferencePipeline.java:418)
	at java.util.stream.ReferencePipeline$Head.forEach(ReferencePipeline.java:583)
	at org.apache.hadoop.utils.BackgroundService$PeriodicalTask.run(BackgroundService.java:125)
	at java.util.concurrent.Executors$RunnableAdapter.call(Executors.java:511)
	at java.util.concurrent.FutureTask.runAndReset(FutureTask.java:308)
	at java.util.concurrent.ScheduledThreadPoolExecutor$ScheduledFutureTask.access$301(ScheduledThreadPoolExecutor.java:180)
	at java.util.concurrent.ScheduledThreadPoolExecutor$ScheduledFutureTask.run(ScheduledThreadPoolExecutor.java:294)
	at java.util.concurrent.ThreadPoolExecutor.runWorker(ThreadPoolExecutor.java:1149)
	at java.util.concurrent.ThreadPoolExecutor$Worker.run(ThreadPoolExecutor.java:624)
	at java.lang.Thread.run(Thread.java:748)
Caused by: org.apache.hadoop.hdds.scm.container.common.helpers.StorageContainerException: Error opening DB. Container:3 ContainerPath:/opt/src/hadoop-ozone/integration-test/target/test-dir/MiniOzoneClusterImpl-3f379463-9810-48df-887f-c222ef37097c/datanode-0/data/containers/hdds/500ceb14-8321-4c8a-b6b3-e488e41f7aab/current/containerDir0/3/metadata/3-dn-container.db
	at org.apache.hadoop.ozone.container.keyvalue.helpers.BlockUtils.getDB(BlockUtils.java:84)
	at org.apache.hadoop.ozone.container.keyvalue.statemachine.background.BlockDeletingService$BlockDeletingTask.call(BlockDeletingService.java:188)
	at org.apache.hadoop.ozone.container.keyvalue.statemachine.background.BlockDeletingService$BlockDeletingTask.call(BlockDeletingService.java:172)
	at java.util.concurrent.FutureTask.run(FutureTask.java:266)
	at java.util.concurrent.Executors$RunnableAdapter.call(Executors.java:511)
	at java.util.concurrent.FutureTask.run(FutureTask.java:266)
	at java.util.concurrent.Executors$RunnableAdapter.call(Executors.java:511)
	at java.util.concurrent.FutureTask.run(FutureTask.java:266)
	at java.util.concurrent.ScheduledThreadPoolExecutor$ScheduledFutureTask.access$201(ScheduledThreadPoolExecutor.java:180)
	at java.util.concurrent.ScheduledThreadPoolExecutor$ScheduledFutureTask.run(ScheduledThreadPoolExecutor.java:293)
	... 3 more
2019-06-13 16:25:09,089 WARN  utils.BackgroundService (BackgroundService.java:lambda$run$0(135)) - Background task fails to execute, retrying in next interval
java.util.concurrent.ExecutionException: org.apache.hadoop.hdds.scm.container.common.helpers.StorageContainerException: Error opening DB. Container:2 ContainerPath:/opt/src/hadoop-ozone/integration-test/target/test-dir/MiniOzoneClusterImpl-3f379463-9810-48df-887f-c222ef37097c/datanode-0/data/containers/hdds/500ceb14-8321-4c8a-b6b3-e488e41f7aab/current/containerDir0/2/metadata/2-dn-container.db
	at java.util.concurrent.FutureTask.report(FutureTask.java:122)
	at java.util.concurrent.FutureTask.get(FutureTask.java:206)
	at org.apache.hadoop.utils.BackgroundService$PeriodicalTask.lambda$run$0(BackgroundService.java:129)
	at java.util.stream.ForEachOps$ForEachOp$OfRef.accept(ForEachOps.java:184)
	at java.util.ArrayList$ArrayListSpliterator.forEachRemaining(ArrayList.java:1382)
	at java.util.stream.AbstractPipeline.copyInto(AbstractPipeline.java:482)
	at java.util.stream.ForEachOps$ForEachTask.compute(ForEachOps.java:291)
	at java.util.concurrent.CountedCompleter.exec(CountedCompleter.java:731)
	at java.util.concurrent.ForkJoinTask.doExec(ForkJoinTask.java:289)
	at java.util.concurrent.ForkJoinPool$WorkQueue.runTask(ForkJoinPool.java:1056)
	at java.util.concurrent.ForkJoinPool.runWorker(ForkJoinPool.java:1692)
	at java.util.concurrent.ForkJoinWorkerThread.run(ForkJoinWorkerThread.java:157)
Caused by: org.apache.hadoop.hdds.scm.container.common.helpers.StorageContainerException: Error opening DB. Container:2 ContainerPath:/opt/src/hadoop-ozone/integration-test/target/test-dir/MiniOzoneClusterImpl-3f379463-9810-48df-887f-c222ef37097c/datanode-0/data/containers/hdds/500ceb14-8321-4c8a-b6b3-e488e41f7aab/current/containerDir0/2/metadata/2-dn-container.db
	at org.apache.hadoop.ozone.container.keyvalue.helpers.BlockUtils.getDB(BlockUtils.java:84)
	at org.apache.hadoop.ozone.container.keyvalue.statemachine.background.BlockDeletingService$BlockDeletingTask.call(BlockDeletingService.java:188)
	at org.apache.hadoop.ozone.container.keyvalue.statemachine.background.BlockDeletingService$BlockDeletingTask.call(BlockDeletingService.java:172)
	at java.util.concurrent.FutureTask.run(FutureTask.java:266)
	at java.util.concurrent.Executors$RunnableAdapter.call(Executors.java:511)
	at java.util.concurrent.FutureTask.run(FutureTask.java:266)
	at java.util.concurrent.Executors$RunnableAdapter.call(Executors.java:511)
	at java.util.concurrent.FutureTask.run(FutureTask.java:266)
	at java.util.concurrent.ScheduledThreadPoolExecutor$ScheduledFutureTask.access$201(ScheduledThreadPoolExecutor.java:180)
	at java.util.concurrent.ScheduledThreadPoolExecutor$ScheduledFutureTask.run(ScheduledThreadPoolExecutor.java:293)
	at java.util.concurrent.ThreadPoolExecutor.runWorker(ThreadPoolExecutor.java:1149)
	at java.util.concurrent.ThreadPoolExecutor$Worker.run(ThreadPoolExecutor.java:624)
	at java.lang.Thread.run(Thread.java:748)
2019-06-13 16:25:09,514 INFO  ozone.MiniOzoneClusterImpl (MiniOzoneClusterImpl.java:lambda$waitForClusterToBeReady$0(142)) - Waiting for cluster to be ready. Got 0 of 1 DN Heartbeats.
2019-06-13 16:25:09,521 INFO  node.SCMNodeManager (SCMNodeManager.java:register(234)) - Registered Data node : 2d186694-dc34-4f59-96e3-7d5727f04510{ip: 192.168.11.208, host: ozone-z9zf6-1652263048, networkLocation: /default-rack, certSerialId: null}
2019-06-13 16:25:09,522 INFO  safemode.SCMSafeModeManager (DataNodeSafeModeRule.java:process(71)) - SCM in safe mode. 1 DataNodes registered, 1 required.
2019-06-13 16:25:09,523 INFO  safemode.SCMSafeModeManager (SCMSafeModeManager.java:validateSafeModeExitRules(177)) - ScmSafeModeManager, all rules are successfully validated
2019-06-13 16:25:09,523 INFO  safemode.SCMSafeModeManager (SCMSafeModeManager.java:exitSafeMode(193)) - SCM exiting safe mode.
2019-06-13 16:25:09,535 INFO  impl.RaftServerProxy (RaftServerProxy.java:addNew(89)) - 2d186694-dc34-4f59-96e3-7d5727f04510: addNew group-EC7BE460C3A3:[2d186694-dc34-4f59-96e3-7d5727f04510:192.168.11.208:34693] returns group-EC7BE460C3A3:java.util.concurrent.CompletableFuture@64eda60a[Not completed]
2019-06-13 16:25:09,536 INFO  impl.RaftServerImpl (RaftServerImpl.java:<init>(91)) - 2d186694-dc34-4f59-96e3-7d5727f04510: new RaftServerImpl for group-EC7BE460C3A3:[2d186694-dc34-4f59-96e3-7d5727f04510:192.168.11.208:34693] with ContainerStateMachine:uninitialized
2019-06-13 16:25:09,539 INFO  server.RaftServerConfigKeys (ConfUtils.java:logGet(43)) - raft.server.rpc.timeout.min = 1s (custom)
2019-06-13 16:25:09,539 INFO  server.RaftServerConfigKeys (ConfUtils.java:logGet(43)) - raft.server.rpc.timeout.max = 1200ms (custom)
2019-06-13 16:25:09,539 INFO  server.RaftServerConfigKeys (ConfUtils.java:logGet(43)) - raft.server.rpcslowness.timeout = 120s (custom)
2019-06-13 16:25:09,539 INFO  server.RaftServerConfigKeys (ConfUtils.java:logGet(43)) - raft.server.log.appender.install.snapshot.enabled = true (default)
2019-06-13 16:25:09,539 INFO  impl.RaftServerImpl (ServerState.java:<init>(101)) - 2d186694-dc34-4f59-96e3-7d5727f04510:group-EC7BE460C3A3 ConfigurationManager, init=-1: [2d186694-dc34-4f59-96e3-7d5727f04510:192.168.11.208:34693], old=null, confs=<EMPTY_MAP>
2019-06-13 16:25:09,539 INFO  server.RaftServerConfigKeys (ConfUtils.java:logGet(43)) - raft.server.storage.dir = [/opt/src/hadoop-ozone/integration-test/target/test-dir/MiniOzoneClusterImpl-2c91d441-bc8d-426a-840f-01a7308cf808/datanode-0/data/ratis] (custom)
2019-06-13 16:25:09,539 INFO  storage.RaftStorageDirectory (RaftStorageDirectory.java:analyzeStorage(246)) - The storage directory /opt/src/hadoop-ozone/integration-test/target/test-dir/MiniOzoneClusterImpl-2c91d441-bc8d-426a-840f-01a7308cf808/datanode-0/data/ratis/b061eba4-b6ac-46ee-ad8b-ec7be460c3a3 does not exist. Creating ...
2019-06-13 16:25:09,542 INFO  storage.RaftStorageDirectory (RaftStorageDirectory.java:tryLock(328)) - Lock on /opt/src/hadoop-ozone/integration-test/target/test-dir/MiniOzoneClusterImpl-2c91d441-bc8d-426a-840f-01a7308cf808/datanode-0/data/ratis/b061eba4-b6ac-46ee-ad8b-ec7be460c3a3/in_use.lock acquired by nodename 16239@ozone-z9zf6-1652263048
2019-06-13 16:25:09,544 INFO  storage.RaftStorage (RaftStorage.java:format(75)) - Storage directory /opt/src/hadoop-ozone/integration-test/target/test-dir/MiniOzoneClusterImpl-2c91d441-bc8d-426a-840f-01a7308cf808/datanode-0/data/ratis/b061eba4-b6ac-46ee-ad8b-ec7be460c3a3 has been successfully formatted.
2019-06-13 16:25:09,545 INFO  ratis.ContainerStateMachine (ContainerStateMachine.java:loadSnapshot(199)) - The snapshot info is null.Setting the last applied index to:(t:0, i:~)
2019-06-13 16:25:09,545 INFO  server.RaftServerConfigKeys (ConfUtils.java:logGet(43)) - raft.server.leader.election.timeout = 120s (custom)
2019-06-13 16:25:09,545 INFO  server.RaftServerConfigKeys (ConfUtils.java:logGet(43)) - raft.server.log.use.memory = false (default)
2019-06-13 16:25:09,545 INFO  server.RaftServerConfigKeys (ConfUtils.java:logGet(43)) - raft.server.log.appender.buffer.byte-limit = 33554432 (custom)
2019-06-13 16:25:09,546 INFO  server.RaftServerConfigKeys (ConfUtils.java:logGet(43)) - raft.server.log.segment.size.max = 16384 (custom)
2019-06-13 16:25:09,546 INFO  server.RaftServerConfigKeys (ConfUtils.java:logGet(43)) - raft.server.log.segment.cache.num.max = 2 (custom)
2019-06-13 16:25:09,546 INFO  storage.RaftLogWorker (RaftLogWorker.java:<init>(123)) - new 2d186694-dc34-4f59-96e3-7d5727f04510-RaftLogWorker for Storage Directory /opt/src/hadoop-ozone/integration-test/target/test-dir/MiniOzoneClusterImpl-2c91d441-bc8d-426a-840f-01a7308cf808/datanode-0/data/ratis/b061eba4-b6ac-46ee-ad8b-ec7be460c3a3
2019-06-13 16:25:09,546 INFO  server.RaftServerConfigKeys (ConfUtils.java:logGet(43)) - raft.server.log.queue.byte-limit = 2147483647 (custom)
2019-06-13 16:25:09,546 INFO  server.RaftServerConfigKeys (ConfUtils.java:logGet(43)) - raft.server.log.queue.element-limit = 1024 (custom)
2019-06-13 16:25:09,546 INFO  server.RaftServerConfigKeys (ConfUtils.java:logGet(43)) - raft.server.log.segment.size.max = 16384 (custom)
2019-06-13 16:25:09,546 INFO  server.RaftServerConfigKeys (ConfUtils.java:logGet(43)) - raft.server.log.preallocated.size = 16384 (custom)
2019-06-13 16:25:09,546 INFO  server.RaftServerConfigKeys (ConfUtils.java:logGet(43)) - raft.server.log.write.buffer.size = 33554432 (custom)
2019-06-13 16:25:09,547 INFO  server.RaftServerConfigKeys (ConfUtils.java:logGet(43)) - raft.server.log.force.sync.num = 128 (default)
2019-06-13 16:25:09,547 INFO  server.RaftServerConfigKeys (ConfUtils.java:logGet(43)) - raft.server.log.statemachine.data.sync = true (default)
2019-06-13 16:25:09,547 INFO  server.RaftServerConfigKeys (ConfUtils.java:logGet(43)) - raft.server.log.statemachine.data.sync.timeout = 10s (default)
2019-06-13 16:25:09,547 INFO  server.RaftServerConfigKeys (ConfUtils.java:logGet(43)) - raft.server.log.statemachine.data.sync.timeout.retry = -1 (default)
2019-06-13 16:25:09,547 INFO  server.RaftServerConfigKeys (ConfUtils.java:logGet(43)) - raft.server.log.statemachine.data.caching.enabled = true (custom)
2019-06-13 16:25:09,547 INFO  server.RaftServerConfigKeys (ConfUtils.java:logGet(43)) - raft.server.snapshot.auto.trigger.enabled = true (custom)
2019-06-13 16:25:09,548 INFO  server.RaftServerConfigKeys (ConfUtils.java:logGet(43)) - raft.server.snapshot.auto.trigger.threshold = 10000 (custom)
2019-06-13 16:25:09,548 INFO  server.RaftServerConfigKeys (ConfUtils.java:logGet(43)) - raft.server.retrycache.expirytime = 600000ms (custom)
2019-06-13 16:25:09,548 INFO  impl.RaftServerImpl (RaftServerImpl.java:start(173)) - 2d186694-dc34-4f59-96e3-7d5727f04510: start group-EC7BE460C3A3
2019-06-13 16:25:09,548 INFO  impl.RaftServerImpl (RaftServerImpl.java:setRole(164)) - 2d186694-dc34-4f59-96e3-7d5727f04510:group-EC7BE460C3A3 changes role from null to FOLLOWER at term 0 for startAsFollower
2019-06-13 16:25:09,548 INFO  impl.RoleInfo (RoleInfo.java:updateAndGet(143)) - 2d186694-dc34-4f59-96e3-7d5727f04510: start FollowerState
2019-06-13 16:25:09,548 INFO  util.JmxRegister (JmxRegister.java:tryRegister(44)) - Successfully registered JMX Bean with object name Ratis:service=RaftServer,group=group-EC7BE460C3A3,id=2d186694-dc34-4f59-96e3-7d5727f04510
2019-06-13 16:25:09,553 INFO  pipeline.PipelineStateManager (PipelineStateManager.java:addPipeline(56)) - Created pipeline Pipeline[ Id: b061eba4-b6ac-46ee-ad8b-ec7be460c3a3, Nodes: 2d186694-dc34-4f59-96e3-7d5727f04510{ip: 192.168.11.208, host: ozone-z9zf6-1652263048, networkLocation: /default-rack, certSerialId: null}, Type:RATIS, Factor:ONE, State:OPEN]
2019-06-13 16:25:10,091 INFO  background.BlockDeletingService (BlockDeletingService.java:getTasks(123)) - Plan to choose 10 containers for block deletion, actually returns 5 valid containers.
2019-06-13 16:25:10,091 ERROR utils.ContainerCache (ContainerCache.java:getDB(137)) - Error opening DB. Container:1 ContainerPath:/opt/src/hadoop-ozone/integration-test/target/test-dir/MiniOzoneClusterImpl-3f379463-9810-48df-887f-c222ef37097c/datanode-0/data/containers/hdds/500ceb14-8321-4c8a-b6b3-e488e41f7aab/current/containerDir0/1/metadata/1-dn-container.db
java.io.IOException: Failed init RocksDB, db path : /opt/src/hadoop-ozone/integration-test/target/test-dir/MiniOzoneClusterImpl-3f379463-9810-48df-887f-c222ef37097c/datanode-0/data/containers/hdds/500ceb14-8321-4c8a-b6b3-e488e41f7aab/current/containerDir0/1/metadata/1-dn-container.db
	at org.apache.hadoop.utils.RocksDBStore.<init>(RocksDBStore.java:87)
	at org.apache.hadoop.utils.MetadataStoreBuilder.build(MetadataStoreBuilder.java:137)
	at org.apache.hadoop.ozone.container.common.utils.ContainerCache.getDB(ContainerCache.java:129)
	at org.apache.hadoop.ozone.container.keyvalue.helpers.BlockUtils.getDB(BlockUtils.java:77)
	at org.apache.hadoop.ozone.container.keyvalue.statemachine.background.BlockDeletingService$BlockDeletingTask.call(BlockDeletingService.java:188)
	at org.apache.hadoop.ozone.container.keyvalue.statemachine.background.BlockDeletingService$BlockDeletingTask.call(BlockDeletingService.java:172)
	at java.util.concurrent.FutureTask.run(FutureTask.java:266)
	at java.util.concurrent.Executors$RunnableAdapter.call(Executors.java:511)
	at java.util.concurrent.FutureTask.run(FutureTask.java:266)
	at java.util.concurrent.Executors$RunnableAdapter.call(Executors.java:511)
	at java.util.concurrent.FutureTask.run(FutureTask.java:266)
	at java.util.concurrent.ScheduledThreadPoolExecutor$ScheduledFutureTask.access$201(ScheduledThreadPoolExecutor.java:180)
	at java.util.concurrent.ScheduledThreadPoolExecutor$ScheduledFutureTask.run(ScheduledThreadPoolExecutor.java:293)
	at java.util.concurrent.ThreadPoolExecutor.runWorker(ThreadPoolExecutor.java:1149)
	at java.util.concurrent.ThreadPoolExecutor$Worker.run(ThreadPoolExecutor.java:624)
	at java.lang.Thread.run(Thread.java:748)
Caused by: org.rocksdb.RocksDBException: While mkdir if missing: /opt/src/hadoop-ozone/integration-test/target/test-dir/MiniOzoneClusterImpl-3f379463-9810-48df-887f-c222ef37097c/datanode-0/data/containers/hdds/500ceb14-8321-4c8a-b6b3-e488e41f7aab/current/containerDir0/1/metadata/1-dn-container.db: No such file or directory
	at org.rocksdb.RocksDB.open(Native Method)
	at org.rocksdb.RocksDB.open(RocksDB.java:231)
	at org.apache.hadoop.utils.RocksDBStore.<init>(RocksDBStore.java:71)
	... 15 more
2019-06-13 16:25:10,092 ERROR utils.ContainerCache (ContainerCache.java:getDB(137)) - Error opening DB. Container:5 ContainerPath:/opt/src/hadoop-ozone/integration-test/target/test-dir/MiniOzoneClusterImpl-3f379463-9810-48df-887f-c222ef37097c/datanode-0/data/containers/hdds/500ceb14-8321-4c8a-b6b3-e488e41f7aab/current/containerDir0/5/metadata/5-dn-container.db
java.io.IOException: Failed init RocksDB, db path : /opt/src/hadoop-ozone/integration-test/target/test-dir/MiniOzoneClusterImpl-3f379463-9810-48df-887f-c222ef37097c/datanode-0/data/containers/hdds/500ceb14-8321-4c8a-b6b3-e488e41f7aab/current/containerDir0/5/metadata/5-dn-container.db
	at org.apache.hadoop.utils.RocksDBStore.<init>(RocksDBStore.java:87)
	at org.apache.hadoop.utils.MetadataStoreBuilder.build(MetadataStoreBuilder.java:137)
	at org.apache.hadoop.ozone.container.common.utils.ContainerCache.getDB(ContainerCache.java:129)
	at org.apache.hadoop.ozone.container.keyvalue.helpers.BlockUtils.getDB(BlockUtils.java:77)
	at org.apache.hadoop.ozone.container.keyvalue.statemachine.background.BlockDeletingService$BlockDeletingTask.call(BlockDeletingService.java:188)
	at org.apache.hadoop.ozone.container.keyvalue.statemachine.background.BlockDeletingService$BlockDeletingTask.call(BlockDeletingService.java:172)
	at java.util.concurrent.FutureTask.run(FutureTask.java:266)
	at java.util.concurrent.Executors$RunnableAdapter.call(Executors.java:511)
	at java.util.concurrent.FutureTask.run(FutureTask.java:266)
	at java.util.concurrent.Executors$RunnableAdapter.call(Executors.java:511)
	at java.util.concurrent.FutureTask.run(FutureTask.java:266)
	at java.util.concurrent.ScheduledThreadPoolExecutor$ScheduledFutureTask.access$201(ScheduledThreadPoolExecutor.java:180)
	at java.util.concurrent.ScheduledThreadPoolExecutor$ScheduledFutureTask.run(ScheduledThreadPoolExecutor.java:293)
	at java.util.concurrent.ThreadPoolExecutor.runWorker(ThreadPoolExecutor.java:1149)
	at java.util.concurrent.ThreadPoolExecutor$Worker.run(ThreadPoolExecutor.java:624)
	at java.lang.Thread.run(Thread.java:748)
Caused by: org.rocksdb.RocksDBException: While mkdir if missing: /opt/src/hadoop-ozone/integration-test/target/test-dir/MiniOzoneClusterImpl-3f379463-9810-48df-887f-c222ef37097c/datanode-0/data/containers/hdds/500ceb14-8321-4c8a-b6b3-e488e41f7aab/current/containerDir0/5/metadata/5-dn-container.db: No such file or directory
	at org.rocksdb.RocksDB.open(Native Method)
	at org.rocksdb.RocksDB.open(RocksDB.java:231)
	at org.apache.hadoop.utils.RocksDBStore.<init>(RocksDBStore.java:71)
	... 15 more
2019-06-13 16:25:10,092 WARN  utils.BackgroundService (BackgroundService.java:lambda$run$0(135)) - Background task fails to execute, retrying in next interval
java.util.concurrent.ExecutionException: org.apache.hadoop.hdds.scm.container.common.helpers.StorageContainerException: Error opening DB. Container:5 ContainerPath:/opt/src/hadoop-ozone/integration-test/target/test-dir/MiniOzoneClusterImpl-3f379463-9810-48df-887f-c222ef37097c/datanode-0/data/containers/hdds/500ceb14-8321-4c8a-b6b3-e488e41f7aab/current/containerDir0/5/metadata/5-dn-container.db
	at java.util.concurrent.FutureTask.report(FutureTask.java:122)
	at java.util.concurrent.FutureTask.get(FutureTask.java:206)
	at org.apache.hadoop.utils.BackgroundService$PeriodicalTask.lambda$run$0(BackgroundService.java:129)
	at java.util.stream.ForEachOps$ForEachOp$OfRef.accept(ForEachOps.java:184)
	at java.util.ArrayList$ArrayListSpliterator.forEachRemaining(ArrayList.java:1382)
	at java.util.stream.AbstractPipeline.copyInto(AbstractPipeline.java:482)
	at java.util.stream.ForEachOps$ForEachTask.compute(ForEachOps.java:291)
	at java.util.concurrent.CountedCompleter.exec(CountedCompleter.java:731)
	at java.util.concurrent.ForkJoinTask.doExec(ForkJoinTask.java:289)
	at java.util.concurrent.ForkJoinPool$WorkQueue.runTask(ForkJoinPool.java:1056)
	at java.util.concurrent.ForkJoinPool.runWorker(ForkJoinPool.java:1692)
	at java.util.concurrent.ForkJoinWorkerThread.run(ForkJoinWorkerThread.java:157)
Caused by: org.apache.hadoop.hdds.scm.container.common.helpers.StorageContainerException: Error opening DB. Container:5 ContainerPath:/opt/src/hadoop-ozone/integration-test/target/test-dir/MiniOzoneClusterImpl-3f379463-9810-48df-887f-c222ef37097c/datanode-0/data/containers/hdds/500ceb14-8321-4c8a-b6b3-e488e41f7aab/current/containerDir0/5/metadata/5-dn-container.db
	at org.apache.hadoop.ozone.container.keyvalue.helpers.BlockUtils.getDB(BlockUtils.java:84)
	at org.apache.hadoop.ozone.container.keyvalue.statemachine.background.BlockDeletingService$BlockDeletingTask.call(BlockDeletingService.java:188)
	at org.apache.hadoop.ozone.container.keyvalue.statemachine.background.BlockDeletingService$BlockDeletingTask.call(BlockDeletingService.java:172)
	at java.util.concurrent.FutureTask.run(FutureTask.java:266)
	at java.util.concurrent.Executors$RunnableAdapter.call(Executors.java:511)
	at java.util.concurrent.FutureTask.run(FutureTask.java:266)
	at java.util.concurrent.Executors$RunnableAdapter.call(Executors.java:511)
	at java.util.concurrent.FutureTask.run(FutureTask.java:266)
	at java.util.concurrent.ScheduledThreadPoolExecutor$ScheduledFutureTask.access$201(ScheduledThreadPoolExecutor.java:180)
	at java.util.concurrent.ScheduledThreadPoolExecutor$ScheduledFutureTask.run(ScheduledThreadPoolExecutor.java:293)
	at java.util.concurrent.ThreadPoolExecutor.runWorker(ThreadPoolExecutor.java:1149)
	at java.util.concurrent.ThreadPoolExecutor$Worker.run(ThreadPoolExecutor.java:624)
	at java.lang.Thread.run(Thread.java:748)
2019-06-13 16:25:10,092 ERROR utils.ContainerCache (ContainerCache.java:getDB(137)) - Error opening DB. Container:4 ContainerPath:/opt/src/hadoop-ozone/integration-test/target/test-dir/MiniOzoneClusterImpl-3f379463-9810-48df-887f-c222ef37097c/datanode-0/data/containers/hdds/500ceb14-8321-4c8a-b6b3-e488e41f7aab/current/containerDir0/4/metadata/4-dn-container.db
java.io.IOException: Failed init RocksDB, db path : /opt/src/hadoop-ozone/integration-test/target/test-dir/MiniOzoneClusterImpl-3f379463-9810-48df-887f-c222ef37097c/datanode-0/data/containers/hdds/500ceb14-8321-4c8a-b6b3-e488e41f7aab/current/containerDir0/4/metadata/4-dn-container.db
	at org.apache.hadoop.utils.RocksDBStore.<init>(RocksDBStore.java:87)
	at org.apache.hadoop.utils.MetadataStoreBuilder.build(MetadataStoreBuilder.java:137)
	at org.apache.hadoop.ozone.container.common.utils.ContainerCache.getDB(ContainerCache.java:129)
	at org.apache.hadoop.ozone.container.keyvalue.helpers.BlockUtils.getDB(BlockUtils.java:77)
	at org.apache.hadoop.ozone.container.keyvalue.statemachine.background.BlockDeletingService$BlockDeletingTask.call(BlockDeletingService.java:188)
	at org.apache.hadoop.ozone.container.keyvalue.statemachine.background.BlockDeletingService$BlockDeletingTask.call(BlockDeletingService.java:172)
	at java.util.concurrent.FutureTask.run(FutureTask.java:266)
	at java.util.concurrent.Executors$RunnableAdapter.call(Executors.java:511)
	at java.util.concurrent.FutureTask.run(FutureTask.java:266)
	at java.util.concurrent.Executors$RunnableAdapter.call(Executors.java:511)
	at java.util.concurrent.FutureTask.run(FutureTask.java:266)
	at java.util.concurrent.ScheduledThreadPoolExecutor$ScheduledFutureTask.access$201(ScheduledThreadPoolExecutor.java:180)
	at java.util.concurrent.ScheduledThreadPoolExecutor$ScheduledFutureTask.run(ScheduledThreadPoolExecutor.java:293)
	at java.util.concurrent.ThreadPoolExecutor.runWorker(ThreadPoolExecutor.java:1149)
	at java.util.concurrent.ThreadPoolExecutor$Worker.run(ThreadPoolExecutor.java:624)
	at java.lang.Thread.run(Thread.java:748)
Caused by: org.rocksdb.RocksDBException: While mkdir if missing: /opt/src/hadoop-ozone/integration-test/target/test-dir/MiniOzoneClusterImpl-3f379463-9810-48df-887f-c222ef37097c/datanode-0/data/containers/hdds/500ceb14-8321-4c8a-b6b3-e488e41f7aab/current/containerDir0/4/metadata/4-dn-container.db: No such file or directory
	at org.rocksdb.RocksDB.open(Native Method)
	at org.rocksdb.RocksDB.open(RocksDB.java:231)
	at org.apache.hadoop.utils.RocksDBStore.<init>(RocksDBStore.java:71)
	... 15 more
2019-06-13 16:25:10,093 WARN  utils.BackgroundService (BackgroundService.java:lambda$run$0(135)) - Background task fails to execute, retrying in next interval
java.util.concurrent.ExecutionException: org.apache.hadoop.hdds.scm.container.common.helpers.StorageContainerException: Error opening DB. Container:1 ContainerPath:/opt/src/hadoop-ozone/integration-test/target/test-dir/MiniOzoneClusterImpl-3f379463-9810-48df-887f-c222ef37097c/datanode-0/data/containers/hdds/500ceb14-8321-4c8a-b6b3-e488e41f7aab/current/containerDir0/1/metadata/1-dn-container.db
	at java.util.concurrent.FutureTask.report(FutureTask.java:122)
	at java.util.concurrent.FutureTask.get(FutureTask.java:206)
	at org.apache.hadoop.utils.BackgroundService$PeriodicalTask.lambda$run$0(BackgroundService.java:129)
	at java.util.stream.ForEachOps$ForEachOp$OfRef.accept(ForEachOps.java:184)
	at java.util.ArrayList$ArrayListSpliterator.forEachRemaining(ArrayList.java:1382)
	at java.util.stream.AbstractPipeline.copyInto(AbstractPipeline.java:482)
	at java.util.stream.ForEachOps$ForEachTask.compute(ForEachOps.java:291)
	at java.util.concurrent.CountedCompleter.exec(CountedCompleter.java:731)
	at java.util.concurrent.ForkJoinTask.doExec(ForkJoinTask.java:289)
	at java.util.concurrent.ForkJoinPool$WorkQueue.execLocalTasks(ForkJoinPool.java:1040)
	at java.util.concurrent.ForkJoinPool$WorkQueue.runTask(ForkJoinPool.java:1058)
	at java.util.concurrent.ForkJoinPool.runWorker(ForkJoinPool.java:1692)
	at java.util.concurrent.ForkJoinWorkerThread.run(ForkJoinWorkerThread.java:157)
Caused by: org.apache.hadoop.hdds.scm.container.common.helpers.StorageContainerException: Error opening DB. Container:1 ContainerPath:/opt/src/hadoop-ozone/integration-test/target/test-dir/MiniOzoneClusterImpl-3f379463-9810-48df-887f-c222ef37097c/datanode-0/data/containers/hdds/500ceb14-8321-4c8a-b6b3-e488e41f7aab/current/containerDir0/1/metadata/1-dn-container.db
	at org.apache.hadoop.ozone.container.keyvalue.helpers.BlockUtils.getDB(BlockUtils.java:84)
	at org.apache.hadoop.ozone.container.keyvalue.statemachine.background.BlockDeletingService$BlockDeletingTask.call(BlockDeletingService.java:188)
	at org.apache.hadoop.ozone.container.keyvalue.statemachine.background.BlockDeletingService$BlockDeletingTask.call(BlockDeletingService.java:172)
	at java.util.concurrent.FutureTask.run(FutureTask.java:266)
	at java.util.concurrent.Executors$RunnableAdapter.call(Executors.java:511)
	at java.util.concurrent.FutureTask.run(FutureTask.java:266)
	at java.util.concurrent.Executors$RunnableAdapter.call(Executors.java:511)
	at java.util.concurrent.FutureTask.run(FutureTask.java:266)
	at java.util.concurrent.ScheduledThreadPoolExecutor$ScheduledFutureTask.access$201(ScheduledThreadPoolExecutor.java:180)
	at java.util.concurrent.ScheduledThreadPoolExecutor$ScheduledFutureTask.run(ScheduledThreadPoolExecutor.java:293)
	at java.util.concurrent.ThreadPoolExecutor.runWorker(ThreadPoolExecutor.java:1149)
	at java.util.concurrent.ThreadPoolExecutor$Worker.run(ThreadPoolExecutor.java:624)
	at java.lang.Thread.run(Thread.java:748)
2019-06-13 16:25:10,094 ERROR utils.ContainerCache (ContainerCache.java:getDB(137)) - Error opening DB. Container:3 ContainerPath:/opt/src/hadoop-ozone/integration-test/target/test-dir/MiniOzoneClusterImpl-3f379463-9810-48df-887f-c222ef37097c/datanode-0/data/containers/hdds/500ceb14-8321-4c8a-b6b3-e488e41f7aab/current/containerDir0/3/metadata/3-dn-container.db
java.io.IOException: Failed init RocksDB, db path : /opt/src/hadoop-ozone/integration-test/target/test-dir/MiniOzoneClusterImpl-3f379463-9810-48df-887f-c222ef37097c/datanode-0/data/containers/hdds/500ceb14-8321-4c8a-b6b3-e488e41f7aab/current/containerDir0/3/metadata/3-dn-container.db
	at org.apache.hadoop.utils.RocksDBStore.<init>(RocksDBStore.java:87)
	at org.apache.hadoop.utils.MetadataStoreBuilder.build(MetadataStoreBuilder.java:137)
	at org.apache.hadoop.ozone.container.common.utils.ContainerCache.getDB(ContainerCache.java:129)
	at org.apache.hadoop.ozone.container.keyvalue.helpers.BlockUtils.getDB(BlockUtils.java:77)
	at org.apache.hadoop.ozone.container.keyvalue.statemachine.background.BlockDeletingService$BlockDeletingTask.call(BlockDeletingService.java:188)
	at org.apache.hadoop.ozone.container.keyvalue.statemachine.background.BlockDeletingService$BlockDeletingTask.call(BlockDeletingService.java:172)
	at java.util.concurrent.FutureTask.run(FutureTask.java:266)
	at java.util.concurrent.Executors$RunnableAdapter.call(Executors.java:511)
	at java.util.concurrent.FutureTask.run(FutureTask.java:266)
	at java.util.concurrent.Executors$RunnableAdapter.call(Executors.java:511)
	at java.util.concurrent.FutureTask.run(FutureTask.java:266)
	at java.util.concurrent.ScheduledThreadPoolExecutor$ScheduledFutureTask.access$201(ScheduledThreadPoolExecutor.java:180)
	at java.util.concurrent.ScheduledThreadPoolExecutor$ScheduledFutureTask.run(ScheduledThreadPoolExecutor.java:293)
	at java.util.concurrent.ThreadPoolExecutor.runWorker(ThreadPoolExecutor.java:1149)
	at java.util.concurrent.ThreadPoolExecutor$Worker.run(ThreadPoolExecutor.java:624)
	at java.lang.Thread.run(Thread.java:748)
Caused by: org.rocksdb.RocksDBException: While mkdir if missing: /opt/src/hadoop-ozone/integration-test/target/test-dir/MiniOzoneClusterImpl-3f379463-9810-48df-887f-c222ef37097c/datanode-0/data/containers/hdds/500ceb14-8321-4c8a-b6b3-e488e41f7aab/current/containerDir0/3/metadata/3-dn-container.db: No such file or directory
	at org.rocksdb.RocksDB.open(Native Method)
	at org.rocksdb.RocksDB.open(RocksDB.java:231)
	at org.apache.hadoop.utils.RocksDBStore.<init>(RocksDBStore.java:71)
	... 15 more
2019-06-13 16:25:10,094 WARN  utils.BackgroundService (BackgroundService.java:lambda$run$0(135)) - Background task fails to execute, retrying in next interval
java.util.concurrent.ExecutionException: org.apache.hadoop.hdds.scm.container.common.helpers.StorageContainerException: Error opening DB. Container:4 ContainerPath:/opt/src/hadoop-ozone/integration-test/target/test-dir/MiniOzoneClusterImpl-3f379463-9810-48df-887f-c222ef37097c/datanode-0/data/containers/hdds/500ceb14-8321-4c8a-b6b3-e488e41f7aab/current/containerDir0/4/metadata/4-dn-container.db
	at java.util.concurrent.FutureTask.report(FutureTask.java:122)
	at java.util.concurrent.FutureTask.get(FutureTask.java:206)
	at org.apache.hadoop.utils.BackgroundService$PeriodicalTask.lambda$run$0(BackgroundService.java:129)
	at java.util.stream.ForEachOps$ForEachOp$OfRef.accept(ForEachOps.java:184)
	at java.util.ArrayList$ArrayListSpliterator.forEachRemaining(ArrayList.java:1382)
	at java.util.stream.AbstractPipeline.copyInto(AbstractPipeline.java:482)
	at java.util.stream.ForEachOps$ForEachTask.compute(ForEachOps.java:291)
	at java.util.concurrent.CountedCompleter.exec(CountedCompleter.java:731)
	at java.util.concurrent.ForkJoinTask.doExec(ForkJoinTask.java:289)
	at java.util.concurrent.ForkJoinTask.doInvoke(ForkJoinTask.java:401)
	at java.util.concurrent.ForkJoinTask.invoke(ForkJoinTask.java:734)
	at java.util.stream.ForEachOps$ForEachOp.evaluateParallel(ForEachOps.java:160)
	at java.util.stream.ForEachOps$ForEachOp$OfRef.evaluateParallel(ForEachOps.java:174)
	at java.util.stream.AbstractPipeline.evaluate(AbstractPipeline.java:233)
	at java.util.stream.ReferencePipeline.forEach(ReferencePipeline.java:418)
	at java.util.stream.ReferencePipeline$Head.forEach(ReferencePipeline.java:583)
	at org.apache.hadoop.utils.BackgroundService$PeriodicalTask.run(BackgroundService.java:125)
	at java.util.concurrent.Executors$RunnableAdapter.call(Executors.java:511)
	at java.util.concurrent.FutureTask.runAndReset(FutureTask.java:308)
	at java.util.concurrent.ScheduledThreadPoolExecutor$ScheduledFutureTask.access$301(ScheduledThreadPoolExecutor.java:180)
	at java.util.concurrent.ScheduledThreadPoolExecutor$ScheduledFutureTask.run(ScheduledThreadPoolExecutor.java:294)
	at java.util.concurrent.ThreadPoolExecutor.runWorker(ThreadPoolExecutor.java:1149)
	at java.util.concurrent.ThreadPoolExecutor$Worker.run(ThreadPoolExecutor.java:624)
	at java.lang.Thread.run(Thread.java:748)
Caused by: org.apache.hadoop.hdds.scm.container.common.helpers.StorageContainerException: Error opening DB. Container:4 ContainerPath:/opt/src/hadoop-ozone/integration-test/target/test-dir/MiniOzoneClusterImpl-3f379463-9810-48df-887f-c222ef37097c/datanode-0/data/containers/hdds/500ceb14-8321-4c8a-b6b3-e488e41f7aab/current/containerDir0/4/metadata/4-dn-container.db
	at org.apache.hadoop.ozone.container.keyvalue.helpers.BlockUtils.getDB(BlockUtils.java:84)
	at org.apache.hadoop.ozone.container.keyvalue.statemachine.background.BlockDeletingService$BlockDeletingTask.call(BlockDeletingService.java:188)
	at org.apache.hadoop.ozone.container.keyvalue.statemachine.background.BlockDeletingService$BlockDeletingTask.call(BlockDeletingService.java:172)
	at java.util.concurrent.FutureTask.run(FutureTask.java:266)
	at java.util.concurrent.Executors$RunnableAdapter.call(Executors.java:511)
	at java.util.concurrent.FutureTask.run(FutureTask.java:266)
	at java.util.concurrent.Executors$RunnableAdapter.call(Executors.java:511)
	at java.util.concurrent.FutureTask.run(FutureTask.java:266)
	at java.util.concurrent.ScheduledThreadPoolExecutor$ScheduledFutureTask.access$201(ScheduledThreadPoolExecutor.java:180)
	at java.util.concurrent.ScheduledThreadPoolExecutor$ScheduledFutureTask.run(ScheduledThreadPoolExecutor.java:293)
	... 3 more
2019-06-13 16:25:10,095 ERROR utils.ContainerCache (ContainerCache.java:getDB(137)) - Error opening DB. Container:2 ContainerPath:/opt/src/hadoop-ozone/integration-test/target/test-dir/MiniOzoneClusterImpl-3f379463-9810-48df-887f-c222ef37097c/datanode-0/data/containers/hdds/500ceb14-8321-4c8a-b6b3-e488e41f7aab/current/containerDir0/2/metadata/2-dn-container.db
java.io.IOException: Failed init RocksDB, db path : /opt/src/hadoop-ozone/integration-test/target/test-dir/MiniOzoneClusterImpl-3f379463-9810-48df-887f-c222ef37097c/datanode-0/data/containers/hdds/500ceb14-8321-4c8a-b6b3-e488e41f7aab/current/containerDir0/2/metadata/2-dn-container.db
	at org.apache.hadoop.utils.RocksDBStore.<init>(RocksDBStore.java:87)
	at org.apache.hadoop.utils.MetadataStoreBuilder.build(MetadataStoreBuilder.java:137)
	at org.apache.hadoop.ozone.container.common.utils.ContainerCache.getDB(ContainerCache.java:129)
	at org.apache.hadoop.ozone.container.keyvalue.helpers.BlockUtils.getDB(BlockUtils.java:77)
	at org.apache.hadoop.ozone.container.keyvalue.statemachine.background.BlockDeletingService$BlockDeletingTask.call(BlockDeletingService.java:188)
	at org.apache.hadoop.ozone.container.keyvalue.statemachine.background.BlockDeletingService$BlockDeletingTask.call(BlockDeletingService.java:172)
	at java.util.concurrent.FutureTask.run(FutureTask.java:266)
	at java.util.concurrent.Executors$RunnableAdapter.call(Executors.java:511)
	at java.util.concurrent.FutureTask.run(FutureTask.java:266)
	at java.util.concurrent.Executors$RunnableAdapter.call(Executors.java:511)
	at java.util.concurrent.FutureTask.run(FutureTask.java:266)
	at java.util.concurrent.ScheduledThreadPoolExecutor$ScheduledFutureTask.access$201(ScheduledThreadPoolExecutor.java:180)
	at java.util.concurrent.ScheduledThreadPoolExecutor$ScheduledFutureTask.run(ScheduledThreadPoolExecutor.java:293)
	at java.util.concurrent.ThreadPoolExecutor.runWorker(ThreadPoolExecutor.java:1149)
	at java.util.concurrent.ThreadPoolExecutor$Worker.run(ThreadPoolExecutor.java:624)
	at java.lang.Thread.run(Thread.java:748)
Caused by: org.rocksdb.RocksDBException: While mkdir if missing: /opt/src/hadoop-ozone/integration-test/target/test-dir/MiniOzoneClusterImpl-3f379463-9810-48df-887f-c222ef37097c/datanode-0/data/containers/hdds/500ceb14-8321-4c8a-b6b3-e488e41f7aab/current/containerDir0/2/metadata/2-dn-container.db: No such file or directory
	at org.rocksdb.RocksDB.open(Native Method)
	at org.rocksdb.RocksDB.open(RocksDB.java:231)
	at org.apache.hadoop.utils.RocksDBStore.<init>(RocksDBStore.java:71)
	... 15 more
2019-06-13 16:25:10,095 WARN  utils.BackgroundService (BackgroundService.java:lambda$run$0(135)) - Background task fails to execute, retrying in next interval
java.util.concurrent.ExecutionException: org.apache.hadoop.hdds.scm.container.common.helpers.StorageContainerException: Error opening DB. Container:3 ContainerPath:/opt/src/hadoop-ozone/integration-test/target/test-dir/MiniOzoneClusterImpl-3f379463-9810-48df-887f-c222ef37097c/datanode-0/data/containers/hdds/500ceb14-8321-4c8a-b6b3-e488e41f7aab/current/containerDir0/3/metadata/3-dn-container.db
	at java.util.concurrent.FutureTask.report(FutureTask.java:122)
	at java.util.concurrent.FutureTask.get(FutureTask.java:206)
	at org.apache.hadoop.utils.BackgroundService$PeriodicalTask.lambda$run$0(BackgroundService.java:129)
	at java.util.stream.ForEachOps$ForEachOp$OfRef.accept(ForEachOps.java:184)
	at java.util.ArrayList$ArrayListSpliterator.forEachRemaining(ArrayList.java:1382)
	at java.util.stream.AbstractPipeline.copyInto(AbstractPipeline.java:482)
	at java.util.stream.ForEachOps$ForEachTask.compute(ForEachOps.java:291)
	at java.util.concurrent.CountedCompleter.exec(CountedCompleter.java:731)
	at java.util.concurrent.ForkJoinTask.doExec(ForkJoinTask.java:289)
	at java.util.concurrent.ForkJoinPool$WorkQueue.pollAndExecCC(ForkJoinPool.java:1190)
	at java.util.concurrent.ForkJoinPool.helpComplete(ForkJoinPool.java:1879)
	at java.util.concurrent.ForkJoinPool.externalHelpComplete(ForkJoinPool.java:2467)
	at java.util.concurrent.ForkJoinTask.externalAwaitDone(ForkJoinTask.java:324)
	at java.util.concurrent.ForkJoinTask.doInvoke(ForkJoinTask.java:405)
	at java.util.concurrent.ForkJoinTask.invoke(ForkJoinTask.java:734)
	at java.util.stream.ForEachOps$ForEachOp.evaluateParallel(ForEachOps.java:160)
	at java.util.stream.ForEachOps$ForEachOp$OfRef.evaluateParallel(ForEachOps.java:174)
	at java.util.stream.AbstractPipeline.evaluate(AbstractPipeline.java:233)
	at java.util.stream.ReferencePipeline.forEach(ReferencePipeline.java:418)
	at java.util.stream.ReferencePipeline$Head.forEach(ReferencePipeline.java:583)
	at org.apache.hadoop.utils.BackgroundService$PeriodicalTask.run(BackgroundService.java:125)
	at java.util.concurrent.Executors$RunnableAdapter.call(Executors.java:511)
	at java.util.concurrent.FutureTask.runAndReset(FutureTask.java:308)
	at java.util.concurrent.ScheduledThreadPoolExecutor$ScheduledFutureTask.access$301(ScheduledThreadPoolExecutor.java:180)
	at java.util.concurrent.ScheduledThreadPoolExecutor$ScheduledFutureTask.run(ScheduledThreadPoolExecutor.java:294)
	at java.util.concurrent.ThreadPoolExecutor.runWorker(ThreadPoolExecutor.java:1149)
	at java.util.concurrent.ThreadPoolExecutor$Worker.run(ThreadPoolExecutor.java:624)
	at java.lang.Thread.run(Thread.java:748)
Caused by: org.apache.hadoop.hdds.scm.container.common.helpers.StorageContainerException: Error opening DB. Container:3 ContainerPath:/opt/src/hadoop-ozone/integration-test/target/test-dir/MiniOzoneClusterImpl-3f379463-9810-48df-887f-c222ef37097c/datanode-0/data/containers/hdds/500ceb14-8321-4c8a-b6b3-e488e41f7aab/current/containerDir0/3/metadata/3-dn-container.db
	at org.apache.hadoop.ozone.container.keyvalue.helpers.BlockUtils.getDB(BlockUtils.java:84)
	at org.apache.hadoop.ozone.container.keyvalue.statemachine.background.BlockDeletingService$BlockDeletingTask.call(BlockDeletingService.java:188)
	at org.apache.hadoop.ozone.container.keyvalue.statemachine.background.BlockDeletingService$BlockDeletingTask.call(BlockDeletingService.java:172)
	at java.util.concurrent.FutureTask.run(FutureTask.java:266)
	at java.util.concurrent.Executors$RunnableAdapter.call(Executors.java:511)
	at java.util.concurrent.FutureTask.run(FutureTask.java:266)
	at java.util.concurrent.Executors$RunnableAdapter.call(Executors.java:511)
	at java.util.concurrent.FutureTask.run(FutureTask.java:266)
	at java.util.concurrent.ScheduledThreadPoolExecutor$ScheduledFutureTask.access$201(ScheduledThreadPoolExecutor.java:180)
	at java.util.concurrent.ScheduledThreadPoolExecutor$ScheduledFutureTask.run(ScheduledThreadPoolExecutor.java:293)
	... 3 more
2019-06-13 16:25:10,096 WARN  utils.BackgroundService (BackgroundService.java:lambda$run$0(135)) - Background task fails to execute, retrying in next interval
java.util.concurrent.ExecutionException: org.apache.hadoop.hdds.scm.container.common.helpers.StorageContainerException: Error opening DB. Container:2 ContainerPath:/opt/src/hadoop-ozone/integration-test/target/test-dir/MiniOzoneClusterImpl-3f379463-9810-48df-887f-c222ef37097c/datanode-0/data/containers/hdds/500ceb14-8321-4c8a-b6b3-e488e41f7aab/current/containerDir0/2/metadata/2-dn-container.db
	at java.util.concurrent.FutureTask.report(FutureTask.java:122)
	at java.util.concurrent.FutureTask.get(FutureTask.java:206)
	at org.apache.hadoop.utils.BackgroundService$PeriodicalTask.lambda$run$0(BackgroundService.java:129)
	at java.util.stream.ForEachOps$ForEachOp$OfRef.accept(ForEachOps.java:184)
	at java.util.ArrayList$ArrayListSpliterator.forEachRemaining(ArrayList.java:1382)
	at java.util.stream.AbstractPipeline.copyInto(AbstractPipeline.java:482)
	at java.util.stream.ForEachOps$ForEachTask.compute(ForEachOps.java:291)
	at java.util.concurrent.CountedCompleter.exec(CountedCompleter.java:731)
	at java.util.concurrent.ForkJoinTask.doExec(ForkJoinTask.java:289)
	at java.util.concurrent.ForkJoinPool$WorkQueue.runTask(ForkJoinPool.java:1056)
	at java.util.concurrent.ForkJoinPool.runWorker(ForkJoinPool.java:1692)
	at java.util.concurrent.ForkJoinWorkerThread.run(ForkJoinWorkerThread.java:157)
Caused by: org.apache.hadoop.hdds.scm.container.common.helpers.StorageContainerException: Error opening DB. Container:2 ContainerPath:/opt/src/hadoop-ozone/integration-test/target/test-dir/MiniOzoneClusterImpl-3f379463-9810-48df-887f-c222ef37097c/datanode-0/data/containers/hdds/500ceb14-8321-4c8a-b6b3-e488e41f7aab/current/containerDir0/2/metadata/2-dn-container.db
	at org.apache.hadoop.ozone.container.keyvalue.helpers.BlockUtils.getDB(BlockUtils.java:84)
	at org.apache.hadoop.ozone.container.keyvalue.statemachine.background.BlockDeletingService$BlockDeletingTask.call(BlockDeletingService.java:188)
	at org.apache.hadoop.ozone.container.keyvalue.statemachine.background.BlockDeletingService$BlockDeletingTask.call(BlockDeletingService.java:172)
	at java.util.concurrent.FutureTask.run(FutureTask.java:266)
	at java.util.concurrent.Executors$RunnableAdapter.call(Executors.java:511)
	at java.util.concurrent.FutureTask.run(FutureTask.java:266)
	at java.util.concurrent.Executors$RunnableAdapter.call(Executors.java:511)
	at java.util.concurrent.FutureTask.run(FutureTask.java:266)
	at java.util.concurrent.ScheduledThreadPoolExecutor$ScheduledFutureTask.access$201(ScheduledThreadPoolExecutor.java:180)
	at java.util.concurrent.ScheduledThreadPoolExecutor$ScheduledFutureTask.run(ScheduledThreadPoolExecutor.java:293)
	at java.util.concurrent.ThreadPoolExecutor.runWorker(ThreadPoolExecutor.java:1149)
	at java.util.concurrent.ThreadPoolExecutor$Worker.run(ThreadPoolExecutor.java:624)
	at java.lang.Thread.run(Thread.java:748)
2019-06-13 16:25:10,514 INFO  ozone.MiniOzoneClusterImpl (MiniOzoneClusterImpl.java:lambda$waitForClusterToBeReady$0(142)) - Cluster is ready. Got 1 of 1 DN Heartbeats.
2019-06-13 16:25:10,630 INFO  pipeline.PipelineStateManager (PipelineStateManager.java:addPipeline(56)) - Created pipeline Pipeline[ Id: 2f3f5e1f-1293-4143-a965-81c434c672e5, Nodes: 2d186694-dc34-4f59-96e3-7d5727f04510{ip: 192.168.11.208, host: ozone-z9zf6-1652263048, networkLocation: /default-rack, certSerialId: null}, Type:STAND_ALONE, Factor:ONE, State:OPEN]
2019-06-13 16:25:10,721 INFO  impl.FollowerState (FollowerState.java:run(101)) - 2d186694-dc34-4f59-96e3-7d5727f04510:group-EC7BE460C3A3 changes to CANDIDATE, lastRpcTime:1173, electionTimeout:1173ms
2019-06-13 16:25:10,722 INFO  impl.RoleInfo (RoleInfo.java:shutdownFollowerState(121)) - 2d186694-dc34-4f59-96e3-7d5727f04510: shutdown FollowerState
2019-06-13 16:25:10,722 INFO  impl.RaftServerImpl (RaftServerImpl.java:setRole(164)) - 2d186694-dc34-4f59-96e3-7d5727f04510:group-EC7BE460C3A3 changes role from FOLLOWER to CANDIDATE at term 0 for changeToCandidate
2019-06-13 16:25:10,723 INFO  impl.RoleInfo (RoleInfo.java:updateAndGet(143)) - 2d186694-dc34-4f59-96e3-7d5727f04510: start LeaderElection
2019-06-13 16:25:10,726 INFO  impl.LeaderElection (LeaderElection.java:askForVotes(181)) - 2d186694-dc34-4f59-96e3-7d5727f04510:group-EC7BE460C3A3:LeaderElection2: begin an election at term 1 for -1: [2d186694-dc34-4f59-96e3-7d5727f04510:192.168.11.208:34693], old=null
2019-06-13 16:25:10,727 INFO  impl.RoleInfo (RoleInfo.java:shutdownLeaderElection(134)) - 2d186694-dc34-4f59-96e3-7d5727f04510: shutdown LeaderElection
2019-06-13 16:25:10,727 INFO  impl.RaftServerImpl (RaftServerImpl.java:setRole(164)) - 2d186694-dc34-4f59-96e3-7d5727f04510:group-EC7BE460C3A3 changes role from CANDIDATE to LEADER at term 1 for changeToLeader
2019-06-13 16:25:10,727 INFO  impl.RaftServerImpl (ServerState.java:setLeader(263)) - 2d186694-dc34-4f59-96e3-7d5727f04510:group-EC7BE460C3A3 change Leader from null to 2d186694-dc34-4f59-96e3-7d5727f04510 at term 1 for becomeLeader, leader elected after 1181ms
2019-06-13 16:25:10,727 INFO  server.RaftServerConfigKeys (ConfUtils.java:logGet(43)) - raft.server.staging.catchup.gap = 1000 (default)
2019-06-13 16:25:10,727 INFO  server.RaftServerConfigKeys (ConfUtils.java:logGet(43)) - raft.server.rpc.sleep.time = 25ms (default)
2019-06-13 16:25:10,727 INFO  server.RaftServerConfigKeys (ConfUtils.java:logGet(43)) - raft.server.watch.timeout = 10s (default)
2019-06-13 16:25:10,727 INFO  server.RaftServerConfigKeys (ConfUtils.java:logGet(43)) - raft.server.watch.timeout.denomination = 1s (default)
2019-06-13 16:25:10,727 INFO  impl.RoleInfo (RoleInfo.java:updateAndGet(143)) - 2d186694-dc34-4f59-96e3-7d5727f04510: start LeaderState
2019-06-13 16:25:10,728 INFO  storage.RaftLogWorker (RaftLogWorker.java:startLogSegment(298)) - 2d186694-dc34-4f59-96e3-7d5727f04510-RaftLogWorker: Starting segment from index:0
2019-06-13 16:25:10,728 INFO  impl.RaftServerImpl (ServerState.java:setRaftConf(361)) - 2d186694-dc34-4f59-96e3-7d5727f04510:group-EC7BE460C3A3 set configuration 0: [2d186694-dc34-4f59-96e3-7d5727f04510:192.168.11.208:34693], old=null at 0
2019-06-13 16:25:10,767 INFO  storage.RaftLogWorker (RaftLogWorker.java:execute(469)) - 2d186694-dc34-4f59-96e3-7d5727f04510-RaftLogWorker: created new log segment /opt/src/hadoop-ozone/integration-test/target/test-dir/MiniOzoneClusterImpl-2c91d441-bc8d-426a-840f-01a7308cf808/datanode-0/data/ratis/b061eba4-b6ac-46ee-ad8b-ec7be460c3a3/current/log_inprogress_0
2019-06-13 16:25:11,097 INFO  background.BlockDeletingService (BlockDeletingService.java:getTasks(123)) - Plan to choose 10 containers for block deletion, actually returns 5 valid containers.
2019-06-13 16:25:11,098 ERROR utils.ContainerCache (ContainerCache.java:getDB(137)) - Error opening DB. Container:1 ContainerPath:/opt/src/hadoop-ozone/integration-test/target/test-dir/MiniOzoneClusterImpl-3f379463-9810-48df-887f-c222ef37097c/datanode-0/data/containers/hdds/500ceb14-8321-4c8a-b6b3-e488e41f7aab/current/containerDir0/1/metadata/1-dn-container.db
java.io.IOException: Failed init RocksDB, db path : /opt/src/hadoop-ozone/integration-test/target/test-dir/MiniOzoneClusterImpl-3f379463-9810-48df-887f-c222ef37097c/datanode-0/data/containers/hdds/500ceb14-8321-4c8a-b6b3-e488e41f7aab/current/containerDir0/1/metadata/1-dn-container.db
	at org.apache.hadoop.utils.RocksDBStore.<init>(RocksDBStore.java:87)
	at org.apache.hadoop.utils.MetadataStoreBuilder.build(MetadataStoreBuilder.java:137)
	at org.apache.hadoop.ozone.container.common.utils.ContainerCache.getDB(ContainerCache.java:129)
	at org.apache.hadoop.ozone.container.keyvalue.helpers.BlockUtils.getDB(BlockUtils.java:77)
	at org.apache.hadoop.ozone.container.keyvalue.statemachine.background.BlockDeletingService$BlockDeletingTask.call(BlockDeletingService.java:188)
	at org.apache.hadoop.ozone.container.keyvalue.statemachine.background.BlockDeletingService$BlockDeletingTask.call(BlockDeletingService.java:172)
	at java.util.concurrent.FutureTask.run(FutureTask.java:266)
	at java.util.concurrent.Executors$RunnableAdapter.call(Executors.java:511)
	at java.util.concurrent.FutureTask.run(FutureTask.java:266)
	at java.util.concurrent.Executors$RunnableAdapter.call(Executors.java:511)
	at java.util.concurrent.FutureTask.run(FutureTask.java:266)
	at java.util.concurrent.ScheduledThreadPoolExecutor$ScheduledFutureTask.access$201(ScheduledThreadPoolExecutor.java:180)
	at java.util.concurrent.ScheduledThreadPoolExecutor$ScheduledFutureTask.run(ScheduledThreadPoolExecutor.java:293)
	at java.util.concurrent.ThreadPoolExecutor.runWorker(ThreadPoolExecutor.java:1149)
	at java.util.concurrent.ThreadPoolExecutor$Worker.run(ThreadPoolExecutor.java:624)
	at java.lang.Thread.run(Thread.java:748)
Caused by: org.rocksdb.RocksDBException: While mkdir if missing: /opt/src/hadoop-ozone/integration-test/target/test-dir/MiniOzoneClusterImpl-3f379463-9810-48df-887f-c222ef37097c/datanode-0/data/containers/hdds/500ceb14-8321-4c8a-b6b3-e488e41f7aab/current/containerDir0/1/metadata/1-dn-container.db: No such file or directory
	at org.rocksdb.RocksDB.open(Native Method)
	at org.rocksdb.RocksDB.open(RocksDB.java:231)
	at org.apache.hadoop.utils.RocksDBStore.<init>(RocksDBStore.java:71)
	... 15 more
2019-06-13 16:25:11,098 ERROR utils.ContainerCache (ContainerCache.java:getDB(137)) - Error opening DB. Container:5 ContainerPath:/opt/src/hadoop-ozone/integration-test/target/test-dir/MiniOzoneClusterImpl-3f379463-9810-48df-887f-c222ef37097c/datanode-0/data/containers/hdds/500ceb14-8321-4c8a-b6b3-e488e41f7aab/current/containerDir0/5/metadata/5-dn-container.db
java.io.IOException: Failed init RocksDB, db path : /opt/src/hadoop-ozone/integration-test/target/test-dir/MiniOzoneClusterImpl-3f379463-9810-48df-887f-c222ef37097c/datanode-0/data/containers/hdds/500ceb14-8321-4c8a-b6b3-e488e41f7aab/current/containerDir0/5/metadata/5-dn-container.db
	at org.apache.hadoop.utils.RocksDBStore.<init>(RocksDBStore.java:87)
	at org.apache.hadoop.utils.MetadataStoreBuilder.build(MetadataStoreBuilder.java:137)
	at org.apache.hadoop.ozone.container.common.utils.ContainerCache.getDB(ContainerCache.java:129)
	at org.apache.hadoop.ozone.container.keyvalue.helpers.BlockUtils.getDB(BlockUtils.java:77)
	at org.apache.hadoop.ozone.container.keyvalue.statemachine.background.BlockDeletingService$BlockDeletingTask.call(BlockDeletingService.java:188)
	at org.apache.hadoop.ozone.container.keyvalue.statemachine.background.BlockDeletingService$BlockDeletingTask.call(BlockDeletingService.java:172)
	at java.util.concurrent.FutureTask.run(FutureTask.java:266)
	at java.util.concurrent.Executors$RunnableAdapter.call(Executors.java:511)
	at java.util.concurrent.FutureTask.run(FutureTask.java:266)
	at java.util.concurrent.Executors$RunnableAdapter.call(Executors.java:511)
	at java.util.concurrent.FutureTask.run(FutureTask.java:266)
	at java.util.concurrent.ScheduledThreadPoolExecutor$ScheduledFutureTask.access$201(ScheduledThreadPoolExecutor.java:180)
	at java.util.concurrent.ScheduledThreadPoolExecutor$ScheduledFutureTask.run(ScheduledThreadPoolExecutor.java:293)
	at java.util.concurrent.ThreadPoolExecutor.runWorker(ThreadPoolExecutor.java:1149)
	at java.util.concurrent.ThreadPoolExecutor$Worker.run(ThreadPoolExecutor.java:624)
	at java.lang.Thread.run(Thread.java:748)
Caused by: org.rocksdb.RocksDBException: While mkdir if missing: /opt/src/hadoop-ozone/integration-test/target/test-dir/MiniOzoneClusterImpl-3f379463-9810-48df-887f-c222ef37097c/datanode-0/data/containers/hdds/500ceb14-8321-4c8a-b6b3-e488e41f7aab/current/containerDir0/5/metadata/5-dn-container.db: No such file or directory
	at org.rocksdb.RocksDB.open(Native Method)
	at org.rocksdb.RocksDB.open(RocksDB.java:231)
	at org.apache.hadoop.utils.RocksDBStore.<init>(RocksDBStore.java:71)
	... 15 more
2019-06-13 16:25:11,099 WARN  utils.BackgroundService (BackgroundService.java:lambda$run$0(135)) - Background task fails to execute, retrying in next interval
java.util.concurrent.ExecutionException: org.apache.hadoop.hdds.scm.container.common.helpers.StorageContainerException: Error opening DB. Container:5 ContainerPath:/opt/src/hadoop-ozone/integration-test/target/test-dir/MiniOzoneClusterImpl-3f379463-9810-48df-887f-c222ef37097c/datanode-0/data/containers/hdds/500ceb14-8321-4c8a-b6b3-e488e41f7aab/current/containerDir0/5/metadata/5-dn-container.db
	at java.util.concurrent.FutureTask.report(FutureTask.java:122)
	at java.util.concurrent.FutureTask.get(FutureTask.java:206)
	at org.apache.hadoop.utils.BackgroundService$PeriodicalTask.lambda$run$0(BackgroundService.java:129)
	at java.util.stream.ForEachOps$ForEachOp$OfRef.accept(ForEachOps.java:184)
	at java.util.ArrayList$ArrayListSpliterator.forEachRemaining(ArrayList.java:1382)
	at java.util.stream.AbstractPipeline.copyInto(AbstractPipeline.java:482)
	at java.util.stream.ForEachOps$ForEachTask.compute(ForEachOps.java:291)
	at java.util.concurrent.CountedCompleter.exec(CountedCompleter.java:731)
	at java.util.concurrent.ForkJoinTask.doExec(ForkJoinTask.java:289)
	at java.util.concurrent.ForkJoinPool$WorkQueue.runTask(ForkJoinPool.java:1056)
	at java.util.concurrent.ForkJoinPool.runWorker(ForkJoinPool.java:1692)
	at java.util.concurrent.ForkJoinWorkerThread.run(ForkJoinWorkerThread.java:157)
Caused by: org.apache.hadoop.hdds.scm.container.common.helpers.StorageContainerException: Error opening DB. Container:5 ContainerPath:/opt/src/hadoop-ozone/integration-test/target/test-dir/MiniOzoneClusterImpl-3f379463-9810-48df-887f-c222ef37097c/datanode-0/data/containers/hdds/500ceb14-8321-4c8a-b6b3-e488e41f7aab/current/containerDir0/5/metadata/5-dn-container.db
	at org.apache.hadoop.ozone.container.keyvalue.helpers.BlockUtils.getDB(BlockUtils.java:84)
	at org.apache.hadoop.ozone.container.keyvalue.statemachine.background.BlockDeletingService$BlockDeletingTask.call(BlockDeletingService.java:188)
	at org.apache.hadoop.ozone.container.keyvalue.statemachine.background.BlockDeletingService$BlockDeletingTask.call(BlockDeletingService.java:172)
	at java.util.concurrent.FutureTask.run(FutureTask.java:266)
	at java.util.concurrent.Executors$RunnableAdapter.call(Executors.java:511)
	at java.util.concurrent.FutureTask.run(FutureTask.java:266)
	at java.util.concurrent.Executors$RunnableAdapter.call(Executors.java:511)
	at java.util.concurrent.FutureTask.run(FutureTask.java:266)
	at java.util.concurrent.ScheduledThreadPoolExecutor$ScheduledFutureTask.access$201(ScheduledThreadPoolExecutor.java:180)
	at java.util.concurrent.ScheduledThreadPoolExecutor$ScheduledFutureTask.run(ScheduledThreadPoolExecutor.java:293)
	at java.util.concurrent.ThreadPoolExecutor.runWorker(ThreadPoolExecutor.java:1149)
	at java.util.concurrent.ThreadPoolExecutor$Worker.run(ThreadPoolExecutor.java:624)
	at java.lang.Thread.run(Thread.java:748)
2019-06-13 16:25:11,100 WARN  utils.BackgroundService (BackgroundService.java:lambda$run$0(135)) - Background task fails to execute, retrying in next interval
java.util.concurrent.ExecutionException: org.apache.hadoop.hdds.scm.container.common.helpers.StorageContainerException: Error opening DB. Container:1 ContainerPath:/opt/src/hadoop-ozone/integration-test/target/test-dir/MiniOzoneClusterImpl-3f379463-9810-48df-887f-c222ef37097c/datanode-0/data/containers/hdds/500ceb14-8321-4c8a-b6b3-e488e41f7aab/current/containerDir0/1/metadata/1-dn-container.db
	at java.util.concurrent.FutureTask.report(FutureTask.java:122)
	at java.util.concurrent.FutureTask.get(FutureTask.java:206)
	at org.apache.hadoop.utils.BackgroundService$PeriodicalTask.lambda$run$0(BackgroundService.java:129)
	at java.util.stream.ForEachOps$ForEachOp$OfRef.accept(ForEachOps.java:184)
	at java.util.ArrayList$ArrayListSpliterator.forEachRemaining(ArrayList.java:1382)
	at java.util.stream.AbstractPipeline.copyInto(AbstractPipeline.java:482)
	at java.util.stream.ForEachOps$ForEachTask.compute(ForEachOps.java:291)
	at java.util.concurrent.CountedCompleter.exec(CountedCompleter.java:731)
	at java.util.concurrent.ForkJoinTask.doExec(ForkJoinTask.java:289)
	at java.util.concurrent.ForkJoinPool$WorkQueue.execLocalTasks(ForkJoinPool.java:1040)
	at java.util.concurrent.ForkJoinPool$WorkQueue.runTask(ForkJoinPool.java:1058)
	at java.util.concurrent.ForkJoinPool.runWorker(ForkJoinPool.java:1692)
	at java.util.concurrent.ForkJoinWorkerThread.run(ForkJoinWorkerThread.java:157)
Caused by: org.apache.hadoop.hdds.scm.container.common.helpers.StorageContainerException: Error opening DB. Container:1 ContainerPath:/opt/src/hadoop-ozone/integration-test/target/test-dir/MiniOzoneClusterImpl-3f379463-9810-48df-887f-c222ef37097c/datanode-0/data/containers/hdds/500ceb14-8321-4c8a-b6b3-e488e41f7aab/current/containerDir0/1/metadata/1-dn-container.db
	at org.apache.hadoop.ozone.container.keyvalue.helpers.BlockUtils.getDB(BlockUtils.java:84)
	at org.apache.hadoop.ozone.container.keyvalue.statemachine.background.BlockDeletingService$BlockDeletingTask.call(BlockDeletingService.java:188)
	at org.apache.hadoop.ozone.container.keyvalue.statemachine.background.BlockDeletingService$BlockDeletingTask.call(BlockDeletingService.java:172)
	at java.util.concurrent.FutureTask.run(FutureTask.java:266)
	at java.util.concurrent.Executors$RunnableAdapter.call(Executors.java:511)
	at java.util.concurrent.FutureTask.run(FutureTask.java:266)
	at java.util.concurrent.Executors$RunnableAdapter.call(Executors.java:511)
	at java.util.concurrent.FutureTask.run(FutureTask.java:266)
	at java.util.concurrent.ScheduledThreadPoolExecutor$ScheduledFutureTask.access$201(ScheduledThreadPoolExecutor.java:180)
	at java.util.concurrent.ScheduledThreadPoolExecutor$ScheduledFutureTask.run(ScheduledThreadPoolExecutor.java:293)
	at java.util.concurrent.ThreadPoolExecutor.runWorker(ThreadPoolExecutor.java:1149)
	at java.util.concurrent.ThreadPoolExecutor$Worker.run(ThreadPoolExecutor.java:624)
	at java.lang.Thread.run(Thread.java:748)
2019-06-13 16:25:11,099 ERROR utils.ContainerCache (ContainerCache.java:getDB(137)) - Error opening DB. Container:4 ContainerPath:/opt/src/hadoop-ozone/integration-test/target/test-dir/MiniOzoneClusterImpl-3f379463-9810-48df-887f-c222ef37097c/datanode-0/data/containers/hdds/500ceb14-8321-4c8a-b6b3-e488e41f7aab/current/containerDir0/4/metadata/4-dn-container.db
java.io.IOException: Failed init RocksDB, db path : /opt/src/hadoop-ozone/integration-test/target/test-dir/MiniOzoneClusterImpl-3f379463-9810-48df-887f-c222ef37097c/datanode-0/data/containers/hdds/500ceb14-8321-4c8a-b6b3-e488e41f7aab/current/containerDir0/4/metadata/4-dn-container.db
	at org.apache.hadoop.utils.RocksDBStore.<init>(RocksDBStore.java:87)
	at org.apache.hadoop.utils.MetadataStoreBuilder.build(MetadataStoreBuilder.java:137)
	at org.apache.hadoop.ozone.container.common.utils.ContainerCache.getDB(ContainerCache.java:129)
	at org.apache.hadoop.ozone.container.keyvalue.helpers.BlockUtils.getDB(BlockUtils.java:77)
	at org.apache.hadoop.ozone.container.keyvalue.statemachine.background.BlockDeletingService$BlockDeletingTask.call(BlockDeletingService.java:188)
	at org.apache.hadoop.ozone.container.keyvalue.statemachine.background.BlockDeletingService$BlockDeletingTask.call(BlockDeletingService.java:172)
	at java.util.concurrent.FutureTask.run(FutureTask.java:266)
	at java.util.concurrent.Executors$RunnableAdapter.call(Executors.java:511)
	at java.util.concurrent.FutureTask.run(FutureTask.java:266)
	at java.util.concurrent.Executors$RunnableAdapter.call(Executors.java:511)
	at java.util.concurrent.FutureTask.run(FutureTask.java:266)
	at java.util.concurrent.ScheduledThreadPoolExecutor$ScheduledFutureTask.access$201(ScheduledThreadPoolExecutor.java:180)
	at java.util.concurrent.ScheduledThreadPoolExecutor$ScheduledFutureTask.run(ScheduledThreadPoolExecutor.java:293)
	at java.util.concurrent.ThreadPoolExecutor.runWorker(ThreadPoolExecutor.java:1149)
	at java.util.concurrent.ThreadPoolExecutor$Worker.run(ThreadPoolExecutor.java:624)
	at java.lang.Thread.run(Thread.java:748)
Caused by: org.rocksdb.RocksDBException: While mkdir if missing: /opt/src/hadoop-ozone/integration-test/target/test-dir/MiniOzoneClusterImpl-3f379463-9810-48df-887f-c222ef37097c/datanode-0/data/containers/hdds/500ceb14-8321-4c8a-b6b3-e488e41f7aab/current/containerDir0/4/metadata/4-dn-container.db: No such file or directory
	at org.rocksdb.RocksDB.open(Native Method)
	at org.rocksdb.RocksDB.open(RocksDB.java:231)
	at org.apache.hadoop.utils.RocksDBStore.<init>(RocksDBStore.java:71)
	... 15 more
2019-06-13 16:25:11,101 WARN  utils.BackgroundService (BackgroundService.java:lambda$run$0(135)) - Background task fails to execute, retrying in next interval
java.util.concurrent.ExecutionException: org.apache.hadoop.hdds.scm.container.common.helpers.StorageContainerException: Error opening DB. Container:4 ContainerPath:/opt/src/hadoop-ozone/integration-test/target/test-dir/MiniOzoneClusterImpl-3f379463-9810-48df-887f-c222ef37097c/datanode-0/data/containers/hdds/500ceb14-8321-4c8a-b6b3-e488e41f7aab/current/containerDir0/4/metadata/4-dn-container.db
	at java.util.concurrent.FutureTask.report(FutureTask.java:122)
	at java.util.concurrent.FutureTask.get(FutureTask.java:206)
	at org.apache.hadoop.utils.BackgroundService$PeriodicalTask.lambda$run$0(BackgroundService.java:129)
	at java.util.stream.ForEachOps$ForEachOp$OfRef.accept(ForEachOps.java:184)
	at java.util.ArrayList$ArrayListSpliterator.forEachRemaining(ArrayList.java:1382)
	at java.util.stream.AbstractPipeline.copyInto(AbstractPipeline.java:482)
	at java.util.stream.ForEachOps$ForEachTask.compute(ForEachOps.java:291)
	at java.util.concurrent.CountedCompleter.exec(CountedCompleter.java:731)
	at java.util.concurrent.ForkJoinTask.doExec(ForkJoinTask.java:289)
	at java.util.concurrent.ForkJoinTask.doInvoke(ForkJoinTask.java:401)
	at java.util.concurrent.ForkJoinTask.invoke(ForkJoinTask.java:734)
	at java.util.stream.ForEachOps$ForEachOp.evaluateParallel(ForEachOps.java:160)
	at java.util.stream.ForEachOps$ForEachOp$OfRef.evaluateParallel(ForEachOps.java:174)
	at java.util.stream.AbstractPipeline.evaluate(AbstractPipeline.java:233)
	at java.util.stream.ReferencePipeline.forEach(ReferencePipeline.java:418)
	at java.util.stream.ReferencePipeline$Head.forEach(ReferencePipeline.java:583)
	at org.apache.hadoop.utils.BackgroundService$PeriodicalTask.run(BackgroundService.java:125)
	at java.util.concurrent.Executors$RunnableAdapter.call(Executors.java:511)
	at java.util.concurrent.FutureTask.runAndReset(FutureTask.java:308)
	at java.util.concurrent.ScheduledThreadPoolExecutor$ScheduledFutureTask.access$301(ScheduledThreadPoolExecutor.java:180)
	at java.util.concurrent.ScheduledThreadPoolExecutor$ScheduledFutureTask.run(ScheduledThreadPoolExecutor.java:294)
	at java.util.concurrent.ThreadPoolExecutor.runWorker(ThreadPoolExecutor.java:1149)
	at java.util.concurrent.ThreadPoolExecutor$Worker.run(ThreadPoolExecutor.java:624)
	at java.lang.Thread.run(Thread.java:748)
Caused by: org.apache.hadoop.hdds.scm.container.common.helpers.StorageContainerException: Error opening DB. Container:4 ContainerPath:/opt/src/hadoop-ozone/integration-test/target/test-dir/MiniOzoneClusterImpl-3f379463-9810-48df-887f-c222ef37097c/datanode-0/data/containers/hdds/500ceb14-8321-4c8a-b6b3-e488e41f7aab/current/containerDir0/4/metadata/4-dn-container.db
	at org.apache.hadoop.ozone.container.keyvalue.helpers.BlockUtils.getDB(BlockUtils.java:84)
	at org.apache.hadoop.ozone.container.keyvalue.statemachine.background.BlockDeletingService$BlockDeletingTask.call(BlockDeletingService.java:188)
	at org.apache.hadoop.ozone.container.keyvalue.statemachine.background.BlockDeletingService$BlockDeletingTask.call(BlockDeletingService.java:172)
	at java.util.concurrent.FutureTask.run(FutureTask.java:266)
	at java.util.concurrent.Executors$RunnableAdapter.call(Executors.java:511)
	at java.util.concurrent.FutureTask.run(FutureTask.java:266)
	at java.util.concurrent.Executors$RunnableAdapter.call(Executors.java:511)
	at java.util.concurrent.FutureTask.run(FutureTask.java:266)
	at java.util.concurrent.ScheduledThreadPoolExecutor$ScheduledFutureTask.access$201(ScheduledThreadPoolExecutor.java:180)
	at java.util.concurrent.ScheduledThreadPoolExecutor$ScheduledFutureTask.run(ScheduledThreadPoolExecutor.java:293)
	... 3 more
2019-06-13 16:25:11,101 ERROR utils.ContainerCache (ContainerCache.java:getDB(137)) - Error opening DB. Container:3 ContainerPath:/opt/src/hadoop-ozone/integration-test/target/test-dir/MiniOzoneClusterImpl-3f379463-9810-48df-887f-c222ef37097c/datanode-0/data/containers/hdds/500ceb14-8321-4c8a-b6b3-e488e41f7aab/current/containerDir0/3/metadata/3-dn-container.db
java.io.IOException: Failed init RocksDB, db path : /opt/src/hadoop-ozone/integration-test/target/test-dir/MiniOzoneClusterImpl-3f379463-9810-48df-887f-c222ef37097c/datanode-0/data/containers/hdds/500ceb14-8321-4c8a-b6b3-e488e41f7aab/current/containerDir0/3/metadata/3-dn-container.db
	at org.apache.hadoop.utils.RocksDBStore.<init>(RocksDBStore.java:87)
	at org.apache.hadoop.utils.MetadataStoreBuilder.build(MetadataStoreBuilder.java:137)
	at org.apache.hadoop.ozone.container.common.utils.ContainerCache.getDB(ContainerCache.java:129)
	at org.apache.hadoop.ozone.container.keyvalue.helpers.BlockUtils.getDB(BlockUtils.java:77)
	at org.apache.hadoop.ozone.container.keyvalue.statemachine.background.BlockDeletingService$BlockDeletingTask.call(BlockDeletingService.java:188)
	at org.apache.hadoop.ozone.container.keyvalue.statemachine.background.BlockDeletingService$BlockDeletingTask.call(BlockDeletingService.java:172)
	at java.util.concurrent.FutureTask.run(FutureTask.java:266)
	at java.util.concurrent.Executors$RunnableAdapter.call(Executors.java:511)
	at java.util.concurrent.FutureTask.run(FutureTask.java:266)
	at java.util.concurrent.Executors$RunnableAdapter.call(Executors.java:511)
	at java.util.concurrent.FutureTask.run(FutureTask.java:266)
	at java.util.concurrent.ScheduledThreadPoolExecutor$ScheduledFutureTask.access$201(ScheduledThreadPoolExecutor.java:180)
	at java.util.concurrent.ScheduledThreadPoolExecutor$ScheduledFutureTask.run(ScheduledThreadPoolExecutor.java:293)
	at java.util.concurrent.ThreadPoolExecutor.runWorker(ThreadPoolExecutor.java:1149)
	at java.util.concurrent.ThreadPoolExecutor$Worker.run(ThreadPoolExecutor.java:624)
	at java.lang.Thread.run(Thread.java:748)
Caused by: org.rocksdb.RocksDBException: While mkdir if missing: /opt/src/hadoop-ozone/integration-test/target/test-dir/MiniOzoneClusterImpl-3f379463-9810-48df-887f-c222ef37097c/datanode-0/data/containers/hdds/500ceb14-8321-4c8a-b6b3-e488e41f7aab/current/containerDir0/3/metadata/3-dn-container.db: No such file or directory
	at org.rocksdb.RocksDB.open(Native Method)
	at org.rocksdb.RocksDB.open(RocksDB.java:231)
	at org.apache.hadoop.utils.RocksDBStore.<init>(RocksDBStore.java:71)
	... 15 more
2019-06-13 16:25:11,103 ERROR utils.ContainerCache (ContainerCache.java:getDB(137)) - Error opening DB. Container:2 ContainerPath:/opt/src/hadoop-ozone/integration-test/target/test-dir/MiniOzoneClusterImpl-3f379463-9810-48df-887f-c222ef37097c/datanode-0/data/containers/hdds/500ceb14-8321-4c8a-b6b3-e488e41f7aab/current/containerDir0/2/metadata/2-dn-container.db
java.io.IOException: Failed init RocksDB, db path : /opt/src/hadoop-ozone/integration-test/target/test-dir/MiniOzoneClusterImpl-3f379463-9810-48df-887f-c222ef37097c/datanode-0/data/containers/hdds/500ceb14-8321-4c8a-b6b3-e488e41f7aab/current/containerDir0/2/metadata/2-dn-container.db
	at org.apache.hadoop.utils.RocksDBStore.<init>(RocksDBStore.java:87)
	at org.apache.hadoop.utils.MetadataStoreBuilder.build(MetadataStoreBuilder.java:137)
	at org.apache.hadoop.ozone.container.common.utils.ContainerCache.getDB(ContainerCache.java:129)
	at org.apache.hadoop.ozone.container.keyvalue.helpers.BlockUtils.getDB(BlockUtils.java:77)
	at org.apache.hadoop.ozone.container.keyvalue.statemachine.background.BlockDeletingService$BlockDeletingTask.call(BlockDeletingService.java:188)
	at org.apache.hadoop.ozone.container.keyvalue.statemachine.background.BlockDeletingService$BlockDeletingTask.call(BlockDeletingService.java:172)
	at java.util.concurrent.FutureTask.run(FutureTask.java:266)
	at java.util.concurrent.Executors$RunnableAdapter.call(Executors.java:511)
	at java.util.concurrent.FutureTask.run(FutureTask.java:266)
	at java.util.concurrent.Executors$RunnableAdapter.call(Executors.java:511)
	at java.util.concurrent.FutureTask.run(FutureTask.java:266)
	at java.util.concurrent.ScheduledThreadPoolExecutor$ScheduledFutureTask.access$201(ScheduledThreadPoolExecutor.java:180)
	at java.util.concurrent.ScheduledThreadPoolExecutor$ScheduledFutureTask.run(ScheduledThreadPoolExecutor.java:293)
	at java.util.concurrent.ThreadPoolExecutor.runWorker(ThreadPoolExecutor.java:1149)
	at java.util.concurrent.ThreadPoolExecutor$Worker.run(ThreadPoolExecutor.java:624)
	at java.lang.Thread.run(Thread.java:748)
Caused by: org.rocksdb.RocksDBException: While mkdir if missing: /opt/src/hadoop-ozone/integration-test/target/test-dir/MiniOzoneClusterImpl-3f379463-9810-48df-887f-c222ef37097c/datanode-0/data/containers/hdds/500ceb14-8321-4c8a-b6b3-e488e41f7aab/current/containerDir0/2/metadata/2-dn-container.db: No such file or directory
	at org.rocksdb.RocksDB.open(Native Method)
	at org.rocksdb.RocksDB.open(RocksDB.java:231)
	at org.apache.hadoop.utils.RocksDBStore.<init>(RocksDBStore.java:71)
	... 15 more
2019-06-13 16:25:11,103 WARN  utils.BackgroundService (BackgroundService.java:lambda$run$0(135)) - Background task fails to execute, retrying in next interval
java.util.concurrent.ExecutionException: org.apache.hadoop.hdds.scm.container.common.helpers.StorageContainerException: Error opening DB. Container:2 ContainerPath:/opt/src/hadoop-ozone/integration-test/target/test-dir/MiniOzoneClusterImpl-3f379463-9810-48df-887f-c222ef37097c/datanode-0/data/containers/hdds/500ceb14-8321-4c8a-b6b3-e488e41f7aab/current/containerDir0/2/metadata/2-dn-container.db
	at java.util.concurrent.FutureTask.report(FutureTask.java:122)
	at java.util.concurrent.FutureTask.get(FutureTask.java:206)
	at org.apache.hadoop.utils.BackgroundService$PeriodicalTask.lambda$run$0(BackgroundService.java:129)
	at java.util.stream.ForEachOps$ForEachOp$OfRef.accept(ForEachOps.java:184)
	at java.util.ArrayList$ArrayListSpliterator.forEachRemaining(ArrayList.java:1382)
	at java.util.stream.AbstractPipeline.copyInto(AbstractPipeline.java:482)
	at java.util.stream.ForEachOps$ForEachTask.compute(ForEachOps.java:291)
	at java.util.concurrent.CountedCompleter.exec(CountedCompleter.java:731)
	at java.util.concurrent.ForkJoinTask.doExec(ForkJoinTask.java:289)
	at java.util.concurrent.ForkJoinPool$WorkQueue.runTask(ForkJoinPool.java:1056)
	at java.util.concurrent.ForkJoinPool.runWorker(ForkJoinPool.java:1692)
	at java.util.concurrent.ForkJoinWorkerThread.run(ForkJoinWorkerThread.java:157)
Caused by: org.apache.hadoop.hdds.scm.container.common.helpers.StorageContainerException: Error opening DB. Container:2 ContainerPath:/opt/src/hadoop-ozone/integration-test/target/test-dir/MiniOzoneClusterImpl-3f379463-9810-48df-887f-c222ef37097c/datanode-0/data/containers/hdds/500ceb14-8321-4c8a-b6b3-e488e41f7aab/current/containerDir0/2/metadata/2-dn-container.db
	at org.apache.hadoop.ozone.container.keyvalue.helpers.BlockUtils.getDB(BlockUtils.java:84)
	at org.apache.hadoop.ozone.container.keyvalue.statemachine.background.BlockDeletingService$BlockDeletingTask.call(BlockDeletingService.java:188)
	at org.apache.hadoop.ozone.container.keyvalue.statemachine.background.BlockDeletingService$BlockDeletingTask.call(BlockDeletingService.java:172)
	at java.util.concurrent.FutureTask.run(FutureTask.java:266)
	at java.util.concurrent.Executors$RunnableAdapter.call(Executors.java:511)
	at java.util.concurrent.FutureTask.run(FutureTask.java:266)
	at java.util.concurrent.Executors$RunnableAdapter.call(Executors.java:511)
	at java.util.concurrent.FutureTask.run(FutureTask.java:266)
	at java.util.concurrent.ScheduledThreadPoolExecutor$ScheduledFutureTask.access$201(ScheduledThreadPoolExecutor.java:180)
	at java.util.concurrent.ScheduledThreadPoolExecutor$ScheduledFutureTask.run(ScheduledThreadPoolExecutor.java:293)
	at java.util.concurrent.ThreadPoolExecutor.runWorker(ThreadPoolExecutor.java:1149)
	at java.util.concurrent.ThreadPoolExecutor$Worker.run(ThreadPoolExecutor.java:624)
	at java.lang.Thread.run(Thread.java:748)
2019-06-13 16:25:11,104 WARN  utils.BackgroundService (BackgroundService.java:lambda$run$0(135)) - Background task fails to execute, retrying in next interval
java.util.concurrent.ExecutionException: org.apache.hadoop.hdds.scm.container.common.helpers.StorageContainerException: Error opening DB. Container:3 ContainerPath:/opt/src/hadoop-ozone/integration-test/target/test-dir/MiniOzoneClusterImpl-3f379463-9810-48df-887f-c222ef37097c/datanode-0/data/containers/hdds/500ceb14-8321-4c8a-b6b3-e488e41f7aab/current/containerDir0/3/metadata/3-dn-container.db
	at java.util.concurrent.FutureTask.report(FutureTask.java:122)
	at java.util.concurrent.FutureTask.get(FutureTask.java:206)
	at org.apache.hadoop.utils.BackgroundService$PeriodicalTask.lambda$run$0(BackgroundService.java:129)
	at java.util.stream.ForEachOps$ForEachOp$OfRef.accept(ForEachOps.java:184)
	at java.util.ArrayList$ArrayListSpliterator.forEachRemaining(ArrayList.java:1382)
	at java.util.stream.AbstractPipeline.copyInto(AbstractPipeline.java:482)
	at java.util.stream.ForEachOps$ForEachTask.compute(ForEachOps.java:291)
	at java.util.concurrent.CountedCompleter.exec(CountedCompleter.java:731)
	at java.util.concurrent.ForkJoinTask.doExec(ForkJoinTask.java:289)
	at java.util.concurrent.ForkJoinPool$WorkQueue.pollAndExecCC(ForkJoinPool.java:1190)
	at java.util.concurrent.ForkJoinPool.helpComplete(ForkJoinPool.java:1879)
	at java.util.concurrent.ForkJoinPool.externalHelpComplete(ForkJoinPool.java:2467)
	at java.util.concurrent.ForkJoinTask.externalAwaitDone(ForkJoinTask.java:324)
	at java.util.concurrent.ForkJoinTask.doInvoke(ForkJoinTask.java:405)
	at java.util.concurrent.ForkJoinTask.invoke(ForkJoinTask.java:734)
	at java.util.stream.ForEachOps$ForEachOp.evaluateParallel(ForEachOps.java:160)
	at java.util.stream.ForEachOps$ForEachOp$OfRef.evaluateParallel(ForEachOps.java:174)
	at java.util.stream.AbstractPipeline.evaluate(AbstractPipeline.java:233)
	at java.util.stream.ReferencePipeline.forEach(ReferencePipeline.java:418)
	at java.util.stream.ReferencePipeline$Head.forEach(ReferencePipeline.java:583)
	at org.apache.hadoop.utils.BackgroundService$PeriodicalTask.run(BackgroundService.java:125)
	at java.util.concurrent.Executors$RunnableAdapter.call(Executors.java:511)
	at java.util.concurrent.FutureTask.runAndReset(FutureTask.java:308)
	at java.util.concurrent.ScheduledThreadPoolExecutor$ScheduledFutureTask.access$301(ScheduledThreadPoolExecutor.java:180)
	at java.util.concurrent.ScheduledThreadPoolExecutor$ScheduledFutureTask.run(ScheduledThreadPoolExecutor.java:294)
	at java.util.concurrent.ThreadPoolExecutor.runWorker(ThreadPoolExecutor.java:1149)
	at java.util.concurrent.ThreadPoolExecutor$Worker.run(ThreadPoolExecutor.java:624)
	at java.lang.Thread.run(Thread.java:748)
Caused by: org.apache.hadoop.hdds.scm.container.common.helpers.StorageContainerException: Error opening DB. Container:3 ContainerPath:/opt/src/hadoop-ozone/integration-test/target/test-dir/MiniOzoneClusterImpl-3f379463-9810-48df-887f-c222ef37097c/datanode-0/data/containers/hdds/500ceb14-8321-4c8a-b6b3-e488e41f7aab/current/containerDir0/3/metadata/3-dn-container.db
	at org.apache.hadoop.ozone.container.keyvalue.helpers.BlockUtils.getDB(BlockUtils.java:84)
	at org.apache.hadoop.ozone.container.keyvalue.statemachine.background.BlockDeletingService$BlockDeletingTask.call(BlockDeletingService.java:188)
	at org.apache.hadoop.ozone.container.keyvalue.statemachine.background.BlockDeletingService$BlockDeletingTask.call(BlockDeletingService.java:172)
	at java.util.concurrent.FutureTask.run(FutureTask.java:266)
	at java.util.concurrent.Executors$RunnableAdapter.call(Executors.java:511)
	at java.util.concurrent.FutureTask.run(FutureTask.java:266)
	at java.util.concurrent.Executors$RunnableAdapter.call(Executors.java:511)
	at java.util.concurrent.FutureTask.run(FutureTask.java:266)
	at java.util.concurrent.ScheduledThreadPoolExecutor$ScheduledFutureTask.access$201(ScheduledThreadPoolExecutor.java:180)
	at java.util.concurrent.ScheduledThreadPoolExecutor$ScheduledFutureTask.run(ScheduledThreadPoolExecutor.java:293)
	... 3 more
2019-06-13 16:25:11,137 INFO  keyvalue.KeyValueHandler (ContainerUtils.java:logAndReturnError(146)) - Operation: CreateContainer : Trace ID: 3e48ba90baa51c92:3e48ba90baa51c92:0:0 : Message: Container creation failed, due to disk out of space : Result: DISK_OUT_OF_SPACE
16:25:11.139 [grpc-default-executor-1] ERROR DNAudit - user=null | ip=null | op=WRITE_CHUNK {blockData=conID: 13 locID: 102265199727869987 bcsId: 0} | ret=FAILURE
org.apache.hadoop.hdds.scm.container.common.helpers.StorageContainerException: ContainerID 13 creation failed
	at org.apache.hadoop.ozone.container.common.impl.HddsDispatcher.dispatchRequest(HddsDispatcher.java:227) [hadoop-hdds-container-service-0.5.0-SNAPSHOT.jar:?]
	at org.apache.hadoop.ozone.container.common.impl.HddsDispatcher.dispatch(HddsDispatcher.java:148) [hadoop-hdds-container-service-0.5.0-SNAPSHOT.jar:?]
	at org.apache.hadoop.ozone.container.common.transport.server.GrpcXceiverService$1.onNext(GrpcXceiverService.java:73) [hadoop-hdds-container-service-0.5.0-SNAPSHOT.jar:?]
	at org.apache.hadoop.ozone.container.common.transport.server.GrpcXceiverService$1.onNext(GrpcXceiverService.java:61) [hadoop-hdds-container-service-0.5.0-SNAPSHOT.jar:?]
	at org.apache.ratis.thirdparty.io.grpc.stub.ServerCalls$StreamingServerCallHandler$StreamingServerCallListener.onMessage(ServerCalls.java:248) [ratis-thirdparty-misc-0.2.0.jar:0.2.0]
	at org.apache.ratis.thirdparty.io.grpc.ForwardingServerCallListener.onMessage(ForwardingServerCallListener.java:33) [ratis-thirdparty-misc-0.2.0.jar:0.2.0]
	at org.apache.ratis.thirdparty.io.grpc.Contexts$ContextualizedServerCallListener.onMessage(Contexts.java:76) [ratis-thirdparty-misc-0.2.0.jar:0.2.0]
	at org.apache.ratis.thirdparty.io.grpc.ForwardingServerCallListener.onMessage(ForwardingServerCallListener.java:33) [ratis-thirdparty-misc-0.2.0.jar:0.2.0]
	at org.apache.hadoop.hdds.tracing.GrpcServerInterceptor$1.onMessage(GrpcServerInterceptor.java:46) [hadoop-hdds-common-0.5.0-SNAPSHOT.jar:?]
	at org.apache.ratis.thirdparty.io.grpc.internal.ServerCallImpl$ServerStreamListenerImpl.messagesAvailable(ServerCallImpl.java:263) [ratis-thirdparty-misc-0.2.0.jar:0.2.0]
	at org.apache.ratis.thirdparty.io.grpc.internal.ServerImpl$JumpToApplicationThreadServerStreamListener$1MessagesAvailable.runInContext(ServerImpl.java:686) [ratis-thirdparty-misc-0.2.0.jar:0.2.0]
	at org.apache.ratis.thirdparty.io.grpc.internal.ContextRunnable.run(ContextRunnable.java:37) [ratis-thirdparty-misc-0.2.0.jar:0.2.0]
	at org.apache.ratis.thirdparty.io.grpc.internal.SerializingExecutor.run(SerializingExecutor.java:123) [ratis-thirdparty-misc-0.2.0.jar:0.2.0]
	at java.util.concurrent.ThreadPoolExecutor.runWorker(ThreadPoolExecutor.java:1149) [?:1.8.0_212]
	at java.util.concurrent.ThreadPoolExecutor$Worker.run(ThreadPoolExecutor.java:624) [?:1.8.0_212]
	at java.lang.Thread.run(Thread.java:748) [?:1.8.0_212]
2019-06-13 16:25:11,145 INFO  impl.HddsDispatcher (ContainerUtils.java:logAndReturnError(146)) - Operation: WriteChunk : Trace ID: 3e48ba90baa51c92:3e48ba90baa51c92:0:0 : Message: ContainerID 13 creation failed : Result: DISK_OUT_OF_SPACE
2019-06-13 16:25:11,147 ERROR storage.BlockOutputStream (BlockOutputStream.java:validateResponse(538)) - Unexpected Storage Container Exception: 
org.apache.hadoop.hdds.scm.container.common.helpers.StorageContainerException: ContainerID 13 creation failed
	at org.apache.hadoop.hdds.scm.storage.ContainerProtocolCalls.validateContainerResponse(ContainerProtocolCalls.java:536)
	at org.apache.hadoop.hdds.scm.storage.BlockOutputStream.validateResponse(BlockOutputStream.java:536)
	at org.apache.hadoop.hdds.scm.storage.BlockOutputStream.lambda$writeChunkToContainer$2(BlockOutputStream.java:614)
	at java.util.concurrent.CompletableFuture.uniApply(CompletableFuture.java:602)
	at java.util.concurrent.CompletableFuture$UniApply.tryFire(CompletableFuture.java:577)
	at java.util.concurrent.CompletableFuture$Completion.run(CompletableFuture.java:442)
	at java.util.concurrent.ThreadPoolExecutor.runWorker(ThreadPoolExecutor.java:1149)
	at java.util.concurrent.ThreadPoolExecutor$Worker.run(ThreadPoolExecutor.java:624)
	at java.lang.Thread.run(Thread.java:748)
16:25:11.148 [grpc-default-executor-0] ERROR DNAudit - user=null | ip=null | op=PUT_BLOCK {blockData=[blockId=conID: 13 locID: 102265199727869987 bcsId: 0,size=5]} | ret=FAILURE
org.apache.hadoop.hdds.scm.container.common.helpers.StorageContainerException: ContainerID 13 does not exist
	at org.apache.hadoop.ozone.container.common.impl.HddsDispatcher.dispatchRequest(HddsDispatcher.java:242) [hadoop-hdds-container-service-0.5.0-SNAPSHOT.jar:?]
	at org.apache.hadoop.ozone.container.common.impl.HddsDispatcher.dispatch(HddsDispatcher.java:148) [hadoop-hdds-container-service-0.5.0-SNAPSHOT.jar:?]
	at org.apache.hadoop.ozone.container.common.transport.server.GrpcXceiverService$1.onNext(GrpcXceiverService.java:73) [hadoop-hdds-container-service-0.5.0-SNAPSHOT.jar:?]
	at org.apache.hadoop.ozone.container.common.transport.server.GrpcXceiverService$1.onNext(GrpcXceiverService.java:61) [hadoop-hdds-container-service-0.5.0-SNAPSHOT.jar:?]
	at org.apache.ratis.thirdparty.io.grpc.stub.ServerCalls$StreamingServerCallHandler$StreamingServerCallListener.onMessage(ServerCalls.java:248) [ratis-thirdparty-misc-0.2.0.jar:0.2.0]
	at org.apache.ratis.thirdparty.io.grpc.ForwardingServerCallListener.onMessage(ForwardingServerCallListener.java:33) [ratis-thirdparty-misc-0.2.0.jar:0.2.0]
	at org.apache.ratis.thirdparty.io.grpc.Contexts$ContextualizedServerCallListener.onMessage(Contexts.java:76) [ratis-thirdparty-misc-0.2.0.jar:0.2.0]
	at org.apache.ratis.thirdparty.io.grpc.ForwardingServerCallListener.onMessage(ForwardingServerCallListener.java:33) [ratis-thirdparty-misc-0.2.0.jar:0.2.0]
	at org.apache.hadoop.hdds.tracing.GrpcServerInterceptor$1.onMessage(GrpcServerInterceptor.java:46) [hadoop-hdds-common-0.5.0-SNAPSHOT.jar:?]
	at org.apache.ratis.thirdparty.io.grpc.internal.ServerCallImpl$ServerStreamListenerImpl.messagesAvailable(ServerCallImpl.java:263) [ratis-thirdparty-misc-0.2.0.jar:0.2.0]
	at org.apache.ratis.thirdparty.io.grpc.internal.ServerImpl$JumpToApplicationThreadServerStreamListener$1MessagesAvailable.runInContext(ServerImpl.java:686) [ratis-thirdparty-misc-0.2.0.jar:0.2.0]
	at org.apache.ratis.thirdparty.io.grpc.internal.ContextRunnable.run(ContextRunnable.java:37) [ratis-thirdparty-misc-0.2.0.jar:0.2.0]
	at org.apache.ratis.thirdparty.io.grpc.internal.SerializingExecutor.run(SerializingExecutor.java:123) [ratis-thirdparty-misc-0.2.0.jar:0.2.0]
	at java.util.concurrent.ThreadPoolExecutor.runWorker(ThreadPoolExecutor.java:1149) [?:1.8.0_212]
	at java.util.concurrent.ThreadPoolExecutor$Worker.run(ThreadPoolExecutor.java:624) [?:1.8.0_212]
	at java.lang.Thread.run(Thread.java:748) [?:1.8.0_212]
2019-06-13 16:25:11,149 INFO  impl.HddsDispatcher (ContainerUtils.java:logAndReturnError(146)) - Operation: PutBlock : Trace ID: 829e263e51e2fdf7:829e263e51e2fdf7:0:0 : Message: ContainerID 13 does not exist : Result: CONTAINER_NOT_FOUND
]]></system-out>
    <system-err><![CDATA[Jun 13, 2019 4:25:05 PM com.sun.jersey.server.impl.application.WebApplicationImpl _initiate
INFO: Initiating Jersey application, version 'Jersey: 1.19 02/11/2015 03:25 AM'
Jun 13, 2019 4:25:09 PM org.apache.ratis.thirdparty.io.grpc.internal.ManagedChannelOrphanWrapper$ManagedChannelReference cleanQueue
SEVERE: *~*~*~ Channel ManagedChannelImpl{logId=12, target=192.168.11.208:45555} was not shutdown properly!!! ~*~*~*
    Make sure to call shutdown()/shutdownNow() and wait until awaitTermination() returns true.
java.lang.RuntimeException: ManagedChannel allocation site
	at org.apache.ratis.thirdparty.io.grpc.internal.ManagedChannelOrphanWrapper$ManagedChannelReference.<init>(ManagedChannelOrphanWrapper.java:103)
	at org.apache.ratis.thirdparty.io.grpc.internal.ManagedChannelOrphanWrapper.<init>(ManagedChannelOrphanWrapper.java:53)
	at org.apache.ratis.thirdparty.io.grpc.internal.ManagedChannelOrphanWrapper.<init>(ManagedChannelOrphanWrapper.java:44)
	at org.apache.ratis.thirdparty.io.grpc.internal.AbstractManagedChannelImplBuilder.build(AbstractManagedChannelImplBuilder.java:411)
	at org.apache.hadoop.hdds.scm.XceiverClientGrpc.connectToDatanode(XceiverClientGrpc.java:163)
	at org.apache.hadoop.hdds.scm.XceiverClientGrpc.reconnect(XceiverClientGrpc.java:398)
	at org.apache.hadoop.hdds.scm.XceiverClientGrpc.sendCommandAsync(XceiverClientGrpc.java:349)
	at org.apache.hadoop.hdds.scm.XceiverClientGrpc.sendCommandAsync(XceiverClientGrpc.java:324)
	at org.apache.hadoop.hdds.scm.storage.ContainerProtocolCalls.writeChunkAsync(ContainerProtocolCalls.java:310)
	at org.apache.hadoop.hdds.scm.storage.BlockOutputStream.writeChunkToContainer(BlockOutputStream.java:609)
	at org.apache.hadoop.hdds.scm.storage.BlockOutputStream.writeChunk(BlockOutputStream.java:466)
	at org.apache.hadoop.hdds.scm.storage.BlockOutputStream.handleFlush(BlockOutputStream.java:477)
	at org.apache.hadoop.hdds.scm.storage.BlockOutputStream.close(BlockOutputStream.java:500)
	at org.apache.hadoop.ozone.client.io.BlockOutputStreamEntry.close(BlockOutputStreamEntry.java:143)
	at org.apache.hadoop.ozone.client.io.KeyOutputStream.handleFlushOrClose(KeyOutputStream.java:434)
	at org.apache.hadoop.ozone.client.io.KeyOutputStream.close(KeyOutputStream.java:472)
	at org.apache.hadoop.ozone.client.io.OzoneOutputStream.close(OzoneOutputStream.java:60)
	at org.apache.hadoop.ozone.TestStorageContainerManagerHelper.createKeys(TestStorageContainerManagerHelper.java:102)
	at org.apache.hadoop.ozone.TestStorageContainerManager.testBlockDeletionTransactions(TestStorageContainerManager.java:244)
	at sun.reflect.NativeMethodAccessorImpl.invoke0(Native Method)
	at sun.reflect.NativeMethodAccessorImpl.invoke(NativeMethodAccessorImpl.java:62)
	at sun.reflect.DelegatingMethodAccessorImpl.invoke(DelegatingMethodAccessorImpl.java:43)
	at java.lang.reflect.Method.invoke(Method.java:498)
	at org.junit.runners.model.FrameworkMethod$1.runReflectiveCall(FrameworkMethod.java:47)
	at org.junit.internal.runners.model.ReflectiveCallable.run(ReflectiveCallable.java:12)
	at org.junit.runners.model.FrameworkMethod.invokeExplosively(FrameworkMethod.java:44)
	at org.junit.internal.runners.statements.InvokeMethod.evaluate(InvokeMethod.java:17)
	at org.junit.internal.runners.statements.FailOnTimeout$StatementThread.run(FailOnTimeout.java:74)

Jun 13, 2019 4:25:10 PM com.sun.jersey.server.impl.application.WebApplicationImpl _initiate
INFO: Initiating Jersey application, version 'Jersey: 1.19 02/11/2015 03:25 AM'
]]></system-err>
  </testcase>
  <testcase name="testSCMReinitialization" classname="org.apache.hadoop.ozone.TestStorageContainerManager" time="5.621"/>
  <testcase name="testCloseContainerCommandOnRestart" classname="org.apache.hadoop.ozone.TestStorageContainerManager" time="16.201"/>
  <testcase name="testRpcPermission" classname="org.apache.hadoop.ozone.TestStorageContainerManager" time="15.612">
    <failure message="expected:&lt;[Access denied for user adminUser2. Superuser privilege is required.]&gt; but was:&lt;[SafeModePrecheck failed for allocateContainer]&gt;" type="org.junit.ComparisonFailure"><![CDATA[org.junit.ComparisonFailure: expected:<[Access denied for user adminUser2. Superuser privilege is required.]> but was:<[SafeModePrecheck failed for allocateContainer]>
	at org.junit.Assert.assertEquals(Assert.java:115)
	at org.junit.Assert.assertEquals(Assert.java:144)
	at org.apache.hadoop.ozone.TestStorageContainerManager.verifyPermissionDeniedException(TestStorageContainerManager.java:209)
	at org.apache.hadoop.ozone.TestStorageContainerManager.testRpcPermissionWithConf(TestStorageContainerManager.java:171)
	at org.apache.hadoop.ozone.TestStorageContainerManager.testRpcPermission(TestStorageContainerManager.java:131)
	at sun.reflect.NativeMethodAccessorImpl.invoke0(Native Method)
	at sun.reflect.NativeMethodAccessorImpl.invoke(NativeMethodAccessorImpl.java:62)
	at sun.reflect.DelegatingMethodAccessorImpl.invoke(DelegatingMethodAccessorImpl.java:43)
	at java.lang.reflect.Method.invoke(Method.java:498)
	at org.junit.runners.model.FrameworkMethod$1.runReflectiveCall(FrameworkMethod.java:47)
	at org.junit.internal.runners.model.ReflectiveCallable.run(ReflectiveCallable.java:12)
	at org.junit.runners.model.FrameworkMethod.invokeExplosively(FrameworkMethod.java:44)
	at org.junit.internal.runners.statements.InvokeMethod.evaluate(InvokeMethod.java:17)
	at org.junit.internal.runners.statements.FailOnTimeout$StatementThread.run(FailOnTimeout.java:74)
]]></failure>
    <system-out><![CDATA[2019-06-13 16:25:32,988 WARN  server.ServerUtils (ServerUtils.java:getScmDbDir(145)) - ozone.scm.db.dirs is not configured. We recommend adding this setting. Falling back to ozone.metadata.dirs instead.
2019-06-13 16:25:32,991 WARN  server.ServerUtils (ServerUtils.java:getScmDbDir(145)) - ozone.scm.db.dirs is not configured. We recommend adding this setting. Falling back to ozone.metadata.dirs instead.
2019-06-13 16:25:32,992 WARN  server.ServerUtils (ServerUtils.java:getScmDbDir(145)) - ozone.scm.db.dirs is not configured. We recommend adding this setting. Falling back to ozone.metadata.dirs instead.
2019-06-13 16:25:32,992 INFO  db.DBStoreBuilder (DBStoreBuilder.java:addTable(110)) - using custom profile for table: deletedBlocks
2019-06-13 16:25:32,992 INFO  db.DBStoreBuilder (DBStoreBuilder.java:processTables(161)) - Using default column profile:DBProfile.DISK for Table:deletedBlocks
2019-06-13 16:25:32,992 INFO  db.DBStoreBuilder (DBStoreBuilder.java:addTable(110)) - using custom profile for table: validCerts
2019-06-13 16:25:32,992 INFO  db.DBStoreBuilder (DBStoreBuilder.java:processTables(161)) - Using default column profile:DBProfile.DISK for Table:validCerts
2019-06-13 16:25:32,992 INFO  db.DBStoreBuilder (DBStoreBuilder.java:addTable(110)) - using custom profile for table: revokedCerts
2019-06-13 16:25:32,992 INFO  db.DBStoreBuilder (DBStoreBuilder.java:processTables(161)) - Using default column profile:DBProfile.DISK for Table:revokedCerts
2019-06-13 16:25:32,992 INFO  db.DBStoreBuilder (DBStoreBuilder.java:addTable(110)) - using custom profile for table: default
2019-06-13 16:25:32,992 INFO  db.DBStoreBuilder (DBStoreBuilder.java:processTables(167)) - Using default column profile:DBProfile.DISK for Table:default
2019-06-13 16:25:32,993 INFO  db.DBStoreBuilder (DBStoreBuilder.java:getDbProfile(198)) - Using default options. DBProfile.DISK
2019-06-13 16:25:33,029 WARN  server.ServerUtils (ServerUtils.java:sanitizeUserArgs(70)) - ozone.scm.stale.node.interval value = 300000 is larger than max = 100000 based on the key value of ozone.scm.heartbeat.thread.interval, reset to the max value 100000.
2019-06-13 16:25:33,030 WARN  server.ServerUtils (ServerUtils.java:sanitizeUserArgs(70)) - ozone.scm.stale.node.interval value = 300000 is larger than max = 100000 based on the key value of ozone.scm.heartbeat.thread.interval, reset to the max value 100000.
2019-06-13 16:25:33,030 INFO  node.SCMNodeManager (SCMNodeManager.java:<init>(108)) - Entering startup safe mode.
2019-06-13 16:25:33,031 INFO  net.NodeSchemaLoader (NodeSchemaLoader.java:loadSchemaFromFile(125)) - Loading file from sun.misc.CompoundEnumeration@1b4da220
2019-06-13 16:25:33,031 INFO  net.NodeSchemaLoader (NodeSchemaLoader.java:loadSchema(171)) - Loading network topology layer schema file
2019-06-13 16:25:33,034 WARN  server.ServerUtils (ServerUtils.java:getScmDbDir(145)) - ozone.scm.db.dirs is not configured. We recommend adding this setting. Falling back to ozone.metadata.dirs instead.
2019-06-13 16:25:33,047 INFO  pipeline.SCMPipelineManager (SCMPipelineManager.java:initializePipelineState(126)) - No pipeline exists in current db
2019-06-13 16:25:33,047 WARN  server.ServerUtils (ServerUtils.java:getScmDbDir(145)) - ozone.scm.db.dirs is not configured. We recommend adding this setting. Falling back to ozone.metadata.dirs instead.
2019-06-13 16:25:33,061 WARN  events.EventQueue (EventQueue.java:fireEvent(175)) - No event handler registered for event TypedEvent{payloadType=SafeModeStatus, name='SafeModeStatus'}
2019-06-13 16:25:33,062 INFO  ipc.CallQueueManager (CallQueueManager.java:<init>(84)) - Using callQueue: class java.util.concurrent.LinkedBlockingQueue, queueCapacity: 2000, scheduler: class org.apache.hadoop.ipc.DefaultRpcScheduler, ipcBackoff: false.
2019-06-13 16:25:33,063 INFO  ipc.Server (Server.java:run(1074)) - Starting Socket Reader #1 for port 42363
2019-06-13 16:25:33,065 INFO  ipc.CallQueueManager (CallQueueManager.java:<init>(84)) - Using callQueue: class java.util.concurrent.LinkedBlockingQueue, queueCapacity: 2000, scheduler: class org.apache.hadoop.ipc.DefaultRpcScheduler, ipcBackoff: false.
2019-06-13 16:25:33,066 INFO  ipc.Server (Server.java:run(1074)) - Starting Socket Reader #1 for port 36603
2019-06-13 16:25:33,072 INFO  ipc.CallQueueManager (CallQueueManager.java:<init>(84)) - Using callQueue: class java.util.concurrent.LinkedBlockingQueue, queueCapacity: 2000, scheduler: class org.apache.hadoop.ipc.DefaultRpcScheduler, ipcBackoff: false.
2019-06-13 16:25:33,072 INFO  ipc.Server (Server.java:run(1074)) - Starting Socket Reader #1 for port 39609
2019-06-13 16:25:33,078 INFO  hdfs.DFSUtil (DFSUtil.java:httpServerTemplateForNNAndJN(1641)) - Starting Web-server for scm at: http://0.0.0.0:0
2019-06-13 16:25:33,079 INFO  server.AuthenticationFilter (AuthenticationFilter.java:constructSecretProvider(240)) - Unable to initialize FileSignerSecretProvider, falling back to use random secrets.
2019-06-13 16:25:33,079 WARN  http.HttpRequestLog (HttpRequestLog.java:getRequestLog(97)) - Jetty request log can only be enabled using Log4j
2019-06-13 16:25:33,080 INFO  http.HttpServer2 (HttpServer2.java:addGlobalFilter(975)) - Added global filter 'safety' (class=org.apache.hadoop.http.HttpServer2$QuotingInputFilter)
2019-06-13 16:25:33,081 INFO  http.HttpServer2 (HttpServer2.java:addFilter(948)) - Added filter static_user_filter (class=org.apache.hadoop.http.lib.StaticUserWebFilter$StaticUserFilter) to context scm
2019-06-13 16:25:33,081 INFO  http.HttpServer2 (HttpServer2.java:addFilter(958)) - Added filter static_user_filter (class=org.apache.hadoop.http.lib.StaticUserWebFilter$StaticUserFilter) to context static
2019-06-13 16:25:33,081 INFO  http.HttpServer2 (HttpServer2.java:addFilter(958)) - Added filter static_user_filter (class=org.apache.hadoop.http.lib.StaticUserWebFilter$StaticUserFilter) to context logs
2019-06-13 16:25:33,084 INFO  server.StorageContainerManager (StorageContainerManager.java:start(752)) - StorageContainerLocationProtocol RPC server is listening at /0.0.0.0:39609
2019-06-13 16:25:33,084 INFO  impl.MetricsSystemImpl (MetricsSystemImpl.java:init(158)) - StorageContainerManager metrics system started (again)
2019-06-13 16:25:33,087 INFO  server.SCMClientProtocolServer (SCMClientProtocolServer.java:start(149)) - RPC server for Client  is listening at /0.0.0.0:39609
2019-06-13 16:25:33,087 INFO  ipc.Server (Server.java:run(1314)) - IPC Server Responder: starting
2019-06-13 16:25:33,087 INFO  ipc.Server (Server.java:run(1153)) - IPC Server listener on 39609: starting
2019-06-13 16:25:33,099 INFO  server.StorageContainerManager (StorageContainerManager.java:start(761)) - ScmBlockLocationProtocol RPC server is listening at /0.0.0.0:36603
2019-06-13 16:25:33,100 INFO  server.SCMBlockProtocolServer (SCMBlockProtocolServer.java:start(137)) - RPC server for Block Protocol is listening at /0.0.0.0:36603
2019-06-13 16:25:33,100 INFO  ipc.Server (Server.java:run(1314)) - IPC Server Responder: starting
2019-06-13 16:25:33,100 INFO  ipc.Server (Server.java:run(1153)) - IPC Server listener on 36603: starting
2019-06-13 16:25:33,103 INFO  server.StorageContainerManager (StorageContainerManager.java:start(765)) - ScmDatanodeProtocl RPC server is listening at /0.0.0.0:42363
2019-06-13 16:25:33,103 INFO  server.SCMDatanodeProtocolServer (SCMDatanodeProtocolServer.java:start(191)) - RPC server for DataNodes is listening at /0.0.0.0:42363
2019-06-13 16:25:33,103 INFO  ipc.Server (Server.java:run(1314)) - IPC Server Responder: starting
2019-06-13 16:25:33,103 INFO  ipc.Server (Server.java:run(1153)) - IPC Server listener on 42363: starting
2019-06-13 16:25:33,109 INFO  http.HttpServer2 (HttpServer2.java:bindListener(1191)) - Jetty bound to port 37483
2019-06-13 16:25:33,109 INFO  server.Server (Server.java:doStart(351)) - jetty-9.3.24.v20180605, build timestamp: 2018-06-05T17:11:56Z, git hash: 84205aa28f11a4f31f2a3b86d1bba2cc8ab69827
2019-06-13 16:25:33,110 INFO  handler.ContextHandler (ContextHandler.java:doStart(781)) - Started o.e.j.s.ServletContextHandler@58feaaa0{/logs,file:///opt/src/hadoop-ozone/integration-test/target/log,AVAILABLE}
2019-06-13 16:25:33,110 INFO  handler.ContextHandler (ContextHandler.java:doStart(781)) - Started o.e.j.s.ServletContextHandler@49c1894b{/static,file:///opt/src/hadoop-ozone/integration-test/target/test-classes/webapps/static,AVAILABLE}
2019-06-13 16:25:33,114 INFO  handler.ContextHandler (ContextHandler.java:doStart(781)) - Started o.e.j.w.WebAppContext@67ba6223{/,file:///opt/src/hadoop-ozone/integration-test/target/test-classes/webapps/scm/,AVAILABLE}{/scm}
2019-06-13 16:25:33,114 INFO  server.AbstractConnector (AbstractConnector.java:doStart(278)) - Started ServerConnector@2a564b7b{HTTP/1.1,[http/1.1]}{0.0.0.0:37483}
2019-06-13 16:25:33,114 INFO  server.Server (Server.java:doStart(419)) - Started @40149ms
2019-06-13 16:25:33,115 INFO  server.BaseHttpServer (BaseHttpServer.java:updateConnectorAddress(207)) - HTTP server of SCM is listening at http://0.0.0.0:37483
2019-06-13 16:25:33,116 WARN  scm.ScmUtils (ScmUtils.java:getDBPath(63)) - ozone.om.db.dirs is not configured. We recommend adding this setting. Falling back to ozone.metadata.dirs instead.
2019-06-13 16:25:33,118 INFO  util.JvmPauseMonitor (JvmPauseMonitor.java:run(188)) - Starting JVM pause monitor
2019-06-13 16:25:33,119 WARN  scm.ScmUtils (ScmUtils.java:getDBPath(63)) - ozone.om.db.dirs is not configured. We recommend adding this setting. Falling back to ozone.metadata.dirs instead.
2019-06-13 16:25:33,120 INFO  om.OzoneManager (OzoneManager.java:setOMNodeDetails(519)) - OM Service ID is not set. Setting it to the default ID: omServiceIdDefault
2019-06-13 16:25:33,120 INFO  om.OzoneManager (OzoneManager.java:setOMNodeDetails(525)) - OM Node ID is not set. Setting it to the OmStorage's OmID: a802b53f-177a-420d-b282-a0fe0aa1dc48
2019-06-13 16:25:33,120 WARN  scm.HddsServerUtil (HddsServerUtil.java:getDefaultRatisDirectory(354)) - Storage directory for Ratis is not configured. It is a good idea to map this to an SSD disk. Falling back to ozone.metadata.dirs
2019-06-13 16:25:33,120 WARN  scm.HddsServerUtil (HddsServerUtil.java:getDefaultRatisDirectory(354)) - Storage directory for Ratis is not configured. It is a good idea to map this to an SSD disk. Falling back to ozone.metadata.dirs
2019-06-13 16:25:33,120 INFO  om.OzoneManager (OzoneManager.java:loadOMHAConfigs(476)) - Found matching OM address with OMServiceId: null, OMNodeId: null, RPC Address: localhost:0 and Ratis port: 9872
2019-06-13 16:25:33,126 WARN  scm.ScmUtils (ScmUtils.java:getDBPath(63)) - ozone.om.db.dirs is not configured. We recommend adding this setting. Falling back to ozone.metadata.dirs instead.
2019-06-13 16:25:33,126 INFO  db.DBStoreBuilder (DBStoreBuilder.java:addTable(110)) - using custom profile for table: userTable
2019-06-13 16:25:33,126 INFO  db.DBStoreBuilder (DBStoreBuilder.java:processTables(161)) - Using default column profile:DBProfile.DISK for Table:userTable
2019-06-13 16:25:33,126 INFO  db.DBStoreBuilder (DBStoreBuilder.java:addTable(110)) - using custom profile for table: volumeTable
2019-06-13 16:25:33,126 INFO  db.DBStoreBuilder (DBStoreBuilder.java:processTables(161)) - Using default column profile:DBProfile.DISK for Table:volumeTable
2019-06-13 16:25:33,126 INFO  db.DBStoreBuilder (DBStoreBuilder.java:addTable(110)) - using custom profile for table: bucketTable
2019-06-13 16:25:33,127 INFO  db.DBStoreBuilder (DBStoreBuilder.java:processTables(161)) - Using default column profile:DBProfile.DISK for Table:bucketTable
2019-06-13 16:25:33,127 INFO  db.DBStoreBuilder (DBStoreBuilder.java:addTable(110)) - using custom profile for table: keyTable
2019-06-13 16:25:33,127 INFO  db.DBStoreBuilder (DBStoreBuilder.java:processTables(161)) - Using default column profile:DBProfile.DISK for Table:keyTable
2019-06-13 16:25:33,127 INFO  db.DBStoreBuilder (DBStoreBuilder.java:addTable(110)) - using custom profile for table: deletedTable
2019-06-13 16:25:33,127 INFO  db.DBStoreBuilder (DBStoreBuilder.java:processTables(161)) - Using default column profile:DBProfile.DISK for Table:deletedTable
2019-06-13 16:25:33,127 INFO  db.DBStoreBuilder (DBStoreBuilder.java:addTable(110)) - using custom profile for table: openKeyTable
2019-06-13 16:25:33,127 INFO  db.DBStoreBuilder (DBStoreBuilder.java:processTables(161)) - Using default column profile:DBProfile.DISK for Table:openKeyTable
2019-06-13 16:25:33,127 INFO  db.DBStoreBuilder (DBStoreBuilder.java:addTable(110)) - using custom profile for table: s3Table
2019-06-13 16:25:33,127 INFO  db.DBStoreBuilder (DBStoreBuilder.java:processTables(161)) - Using default column profile:DBProfile.DISK for Table:s3Table
2019-06-13 16:25:33,127 INFO  db.DBStoreBuilder (DBStoreBuilder.java:addTable(110)) - using custom profile for table: multipartInfoTable
2019-06-13 16:25:33,127 INFO  db.DBStoreBuilder (DBStoreBuilder.java:processTables(161)) - Using default column profile:DBProfile.DISK for Table:multipartInfoTable
2019-06-13 16:25:33,128 INFO  db.DBStoreBuilder (DBStoreBuilder.java:addTable(110)) - using custom profile for table: dTokenTable
2019-06-13 16:25:33,128 INFO  db.DBStoreBuilder (DBStoreBuilder.java:processTables(161)) - Using default column profile:DBProfile.DISK for Table:dTokenTable
2019-06-13 16:25:33,128 INFO  db.DBStoreBuilder (DBStoreBuilder.java:addTable(110)) - using custom profile for table: s3SecretTable
2019-06-13 16:25:33,128 INFO  db.DBStoreBuilder (DBStoreBuilder.java:processTables(161)) - Using default column profile:DBProfile.DISK for Table:s3SecretTable
2019-06-13 16:25:33,128 INFO  db.DBStoreBuilder (DBStoreBuilder.java:addTable(110)) - using custom profile for table: prefixTable
2019-06-13 16:25:33,128 INFO  db.DBStoreBuilder (DBStoreBuilder.java:processTables(161)) - Using default column profile:DBProfile.DISK for Table:prefixTable
2019-06-13 16:25:33,128 INFO  db.DBStoreBuilder (DBStoreBuilder.java:addTable(110)) - using custom profile for table: default
2019-06-13 16:25:33,128 INFO  db.DBStoreBuilder (DBStoreBuilder.java:processTables(167)) - Using default column profile:DBProfile.DISK for Table:default
2019-06-13 16:25:33,128 INFO  db.DBStoreBuilder (DBStoreBuilder.java:getDbProfile(198)) - Using default options. DBProfile.DISK
2019-06-13 16:25:33,193 INFO  background.BlockDeletingService (BlockDeletingService.java:getTasks(123)) - Plan to choose 10 containers for block deletion, actually returns 5 valid containers.
2019-06-13 16:25:33,193 ERROR utils.ContainerCache (ContainerCache.java:getDB(137)) - Error opening DB. Container:1 ContainerPath:/opt/src/hadoop-ozone/integration-test/target/test-dir/MiniOzoneClusterImpl-3f379463-9810-48df-887f-c222ef37097c/datanode-0/data/containers/hdds/500ceb14-8321-4c8a-b6b3-e488e41f7aab/current/containerDir0/1/metadata/1-dn-container.db
java.io.IOException: Failed init RocksDB, db path : /opt/src/hadoop-ozone/integration-test/target/test-dir/MiniOzoneClusterImpl-3f379463-9810-48df-887f-c222ef37097c/datanode-0/data/containers/hdds/500ceb14-8321-4c8a-b6b3-e488e41f7aab/current/containerDir0/1/metadata/1-dn-container.db
	at org.apache.hadoop.utils.RocksDBStore.<init>(RocksDBStore.java:87)
	at org.apache.hadoop.utils.MetadataStoreBuilder.build(MetadataStoreBuilder.java:137)
	at org.apache.hadoop.ozone.container.common.utils.ContainerCache.getDB(ContainerCache.java:129)
	at org.apache.hadoop.ozone.container.keyvalue.helpers.BlockUtils.getDB(BlockUtils.java:77)
	at org.apache.hadoop.ozone.container.keyvalue.statemachine.background.BlockDeletingService$BlockDeletingTask.call(BlockDeletingService.java:188)
	at org.apache.hadoop.ozone.container.keyvalue.statemachine.background.BlockDeletingService$BlockDeletingTask.call(BlockDeletingService.java:172)
	at java.util.concurrent.FutureTask.run(FutureTask.java:266)
	at java.util.concurrent.Executors$RunnableAdapter.call(Executors.java:511)
	at java.util.concurrent.FutureTask.run(FutureTask.java:266)
	at java.util.concurrent.Executors$RunnableAdapter.call(Executors.java:511)
	at java.util.concurrent.FutureTask.run(FutureTask.java:266)
	at java.util.concurrent.ScheduledThreadPoolExecutor$ScheduledFutureTask.access$201(ScheduledThreadPoolExecutor.java:180)
	at java.util.concurrent.ScheduledThreadPoolExecutor$ScheduledFutureTask.run(ScheduledThreadPoolExecutor.java:293)
	at java.util.concurrent.ThreadPoolExecutor.runWorker(ThreadPoolExecutor.java:1149)
	at java.util.concurrent.ThreadPoolExecutor$Worker.run(ThreadPoolExecutor.java:624)
	at java.lang.Thread.run(Thread.java:748)
Caused by: org.rocksdb.RocksDBException: While mkdir if missing: /opt/src/hadoop-ozone/integration-test/target/test-dir/MiniOzoneClusterImpl-3f379463-9810-48df-887f-c222ef37097c/datanode-0/data/containers/hdds/500ceb14-8321-4c8a-b6b3-e488e41f7aab/current/containerDir0/1/metadata/1-dn-container.db: No such file or directory
	at org.rocksdb.RocksDB.open(Native Method)
	at org.rocksdb.RocksDB.open(RocksDB.java:231)
	at org.apache.hadoop.utils.RocksDBStore.<init>(RocksDBStore.java:71)
	... 15 more
2019-06-13 16:25:33,194 ERROR utils.ContainerCache (ContainerCache.java:getDB(137)) - Error opening DB. Container:5 ContainerPath:/opt/src/hadoop-ozone/integration-test/target/test-dir/MiniOzoneClusterImpl-3f379463-9810-48df-887f-c222ef37097c/datanode-0/data/containers/hdds/500ceb14-8321-4c8a-b6b3-e488e41f7aab/current/containerDir0/5/metadata/5-dn-container.db
java.io.IOException: Failed init RocksDB, db path : /opt/src/hadoop-ozone/integration-test/target/test-dir/MiniOzoneClusterImpl-3f379463-9810-48df-887f-c222ef37097c/datanode-0/data/containers/hdds/500ceb14-8321-4c8a-b6b3-e488e41f7aab/current/containerDir0/5/metadata/5-dn-container.db
	at org.apache.hadoop.utils.RocksDBStore.<init>(RocksDBStore.java:87)
	at org.apache.hadoop.utils.MetadataStoreBuilder.build(MetadataStoreBuilder.java:137)
	at org.apache.hadoop.ozone.container.common.utils.ContainerCache.getDB(ContainerCache.java:129)
	at org.apache.hadoop.ozone.container.keyvalue.helpers.BlockUtils.getDB(BlockUtils.java:77)
	at org.apache.hadoop.ozone.container.keyvalue.statemachine.background.BlockDeletingService$BlockDeletingTask.call(BlockDeletingService.java:188)
	at org.apache.hadoop.ozone.container.keyvalue.statemachine.background.BlockDeletingService$BlockDeletingTask.call(BlockDeletingService.java:172)
	at java.util.concurrent.FutureTask.run(FutureTask.java:266)
	at java.util.concurrent.Executors$RunnableAdapter.call(Executors.java:511)
	at java.util.concurrent.FutureTask.run(FutureTask.java:266)
	at java.util.concurrent.Executors$RunnableAdapter.call(Executors.java:511)
	at java.util.concurrent.FutureTask.run(FutureTask.java:266)
	at java.util.concurrent.ScheduledThreadPoolExecutor$ScheduledFutureTask.access$201(ScheduledThreadPoolExecutor.java:180)
	at java.util.concurrent.ScheduledThreadPoolExecutor$ScheduledFutureTask.run(ScheduledThreadPoolExecutor.java:293)
	at java.util.concurrent.ThreadPoolExecutor.runWorker(ThreadPoolExecutor.java:1149)
	at java.util.concurrent.ThreadPoolExecutor$Worker.run(ThreadPoolExecutor.java:624)
	at java.lang.Thread.run(Thread.java:748)
Caused by: org.rocksdb.RocksDBException: While mkdir if missing: /opt/src/hadoop-ozone/integration-test/target/test-dir/MiniOzoneClusterImpl-3f379463-9810-48df-887f-c222ef37097c/datanode-0/data/containers/hdds/500ceb14-8321-4c8a-b6b3-e488e41f7aab/current/containerDir0/5/metadata/5-dn-container.db: No such file or directory
	at org.rocksdb.RocksDB.open(Native Method)
	at org.rocksdb.RocksDB.open(RocksDB.java:231)
	at org.apache.hadoop.utils.RocksDBStore.<init>(RocksDBStore.java:71)
	... 15 more
2019-06-13 16:25:33,194 WARN  utils.BackgroundService (BackgroundService.java:lambda$run$0(135)) - Background task fails to execute, retrying in next interval
java.util.concurrent.ExecutionException: org.apache.hadoop.hdds.scm.container.common.helpers.StorageContainerException: Error opening DB. Container:5 ContainerPath:/opt/src/hadoop-ozone/integration-test/target/test-dir/MiniOzoneClusterImpl-3f379463-9810-48df-887f-c222ef37097c/datanode-0/data/containers/hdds/500ceb14-8321-4c8a-b6b3-e488e41f7aab/current/containerDir0/5/metadata/5-dn-container.db
	at java.util.concurrent.FutureTask.report(FutureTask.java:122)
	at java.util.concurrent.FutureTask.get(FutureTask.java:206)
	at org.apache.hadoop.utils.BackgroundService$PeriodicalTask.lambda$run$0(BackgroundService.java:129)
	at java.util.stream.ForEachOps$ForEachOp$OfRef.accept(ForEachOps.java:184)
	at java.util.ArrayList$ArrayListSpliterator.forEachRemaining(ArrayList.java:1382)
	at java.util.stream.AbstractPipeline.copyInto(AbstractPipeline.java:482)
	at java.util.stream.ForEachOps$ForEachTask.compute(ForEachOps.java:291)
	at java.util.concurrent.CountedCompleter.exec(CountedCompleter.java:731)
	at java.util.concurrent.ForkJoinTask.doExec(ForkJoinTask.java:289)
	at java.util.concurrent.ForkJoinPool$WorkQueue.runTask(ForkJoinPool.java:1056)
	at java.util.concurrent.ForkJoinPool.runWorker(ForkJoinPool.java:1692)
	at java.util.concurrent.ForkJoinWorkerThread.run(ForkJoinWorkerThread.java:157)
Caused by: org.apache.hadoop.hdds.scm.container.common.helpers.StorageContainerException: Error opening DB. Container:5 ContainerPath:/opt/src/hadoop-ozone/integration-test/target/test-dir/MiniOzoneClusterImpl-3f379463-9810-48df-887f-c222ef37097c/datanode-0/data/containers/hdds/500ceb14-8321-4c8a-b6b3-e488e41f7aab/current/containerDir0/5/metadata/5-dn-container.db
	at org.apache.hadoop.ozone.container.keyvalue.helpers.BlockUtils.getDB(BlockUtils.java:84)
	at org.apache.hadoop.ozone.container.keyvalue.statemachine.background.BlockDeletingService$BlockDeletingTask.call(BlockDeletingService.java:188)
	at org.apache.hadoop.ozone.container.keyvalue.statemachine.background.BlockDeletingService$BlockDeletingTask.call(BlockDeletingService.java:172)
	at java.util.concurrent.FutureTask.run(FutureTask.java:266)
	at java.util.concurrent.Executors$RunnableAdapter.call(Executors.java:511)
	at java.util.concurrent.FutureTask.run(FutureTask.java:266)
	at java.util.concurrent.Executors$RunnableAdapter.call(Executors.java:511)
	at java.util.concurrent.FutureTask.run(FutureTask.java:266)
	at java.util.concurrent.ScheduledThreadPoolExecutor$ScheduledFutureTask.access$201(ScheduledThreadPoolExecutor.java:180)
	at java.util.concurrent.ScheduledThreadPoolExecutor$ScheduledFutureTask.run(ScheduledThreadPoolExecutor.java:293)
	at java.util.concurrent.ThreadPoolExecutor.runWorker(ThreadPoolExecutor.java:1149)
	at java.util.concurrent.ThreadPoolExecutor$Worker.run(ThreadPoolExecutor.java:624)
	at java.lang.Thread.run(Thread.java:748)
2019-06-13 16:25:33,194 WARN  utils.BackgroundService (BackgroundService.java:lambda$run$0(135)) - Background task fails to execute, retrying in next interval
java.util.concurrent.ExecutionException: org.apache.hadoop.hdds.scm.container.common.helpers.StorageContainerException: Error opening DB. Container:1 ContainerPath:/opt/src/hadoop-ozone/integration-test/target/test-dir/MiniOzoneClusterImpl-3f379463-9810-48df-887f-c222ef37097c/datanode-0/data/containers/hdds/500ceb14-8321-4c8a-b6b3-e488e41f7aab/current/containerDir0/1/metadata/1-dn-container.db
	at java.util.concurrent.FutureTask.report(FutureTask.java:122)
	at java.util.concurrent.FutureTask.get(FutureTask.java:206)
	at org.apache.hadoop.utils.BackgroundService$PeriodicalTask.lambda$run$0(BackgroundService.java:129)
	at java.util.stream.ForEachOps$ForEachOp$OfRef.accept(ForEachOps.java:184)
	at java.util.ArrayList$ArrayListSpliterator.forEachRemaining(ArrayList.java:1382)
	at java.util.stream.AbstractPipeline.copyInto(AbstractPipeline.java:482)
	at java.util.stream.ForEachOps$ForEachTask.compute(ForEachOps.java:291)
	at java.util.concurrent.CountedCompleter.exec(CountedCompleter.java:731)
	at java.util.concurrent.ForkJoinTask.doExec(ForkJoinTask.java:289)
	at java.util.concurrent.ForkJoinPool$WorkQueue.execLocalTasks(ForkJoinPool.java:1040)
	at java.util.concurrent.ForkJoinPool$WorkQueue.runTask(ForkJoinPool.java:1058)
	at java.util.concurrent.ForkJoinPool.runWorker(ForkJoinPool.java:1692)
	at java.util.concurrent.ForkJoinWorkerThread.run(ForkJoinWorkerThread.java:157)
Caused by: org.apache.hadoop.hdds.scm.container.common.helpers.StorageContainerException: Error opening DB. Container:1 ContainerPath:/opt/src/hadoop-ozone/integration-test/target/test-dir/MiniOzoneClusterImpl-3f379463-9810-48df-887f-c222ef37097c/datanode-0/data/containers/hdds/500ceb14-8321-4c8a-b6b3-e488e41f7aab/current/containerDir0/1/metadata/1-dn-container.db
	at org.apache.hadoop.ozone.container.keyvalue.helpers.BlockUtils.getDB(BlockUtils.java:84)
	at org.apache.hadoop.ozone.container.keyvalue.statemachine.background.BlockDeletingService$BlockDeletingTask.call(BlockDeletingService.java:188)
	at org.apache.hadoop.ozone.container.keyvalue.statemachine.background.BlockDeletingService$BlockDeletingTask.call(BlockDeletingService.java:172)
	at java.util.concurrent.FutureTask.run(FutureTask.java:266)
	at java.util.concurrent.Executors$RunnableAdapter.call(Executors.java:511)
	at java.util.concurrent.FutureTask.run(FutureTask.java:266)
	at java.util.concurrent.Executors$RunnableAdapter.call(Executors.java:511)
	at java.util.concurrent.FutureTask.run(FutureTask.java:266)
	at java.util.concurrent.ScheduledThreadPoolExecutor$ScheduledFutureTask.access$201(ScheduledThreadPoolExecutor.java:180)
	at java.util.concurrent.ScheduledThreadPoolExecutor$ScheduledFutureTask.run(ScheduledThreadPoolExecutor.java:293)
	at java.util.concurrent.ThreadPoolExecutor.runWorker(ThreadPoolExecutor.java:1149)
	at java.util.concurrent.ThreadPoolExecutor$Worker.run(ThreadPoolExecutor.java:624)
	at java.lang.Thread.run(Thread.java:748)
2019-06-13 16:25:33,195 ERROR utils.ContainerCache (ContainerCache.java:getDB(137)) - Error opening DB. Container:4 ContainerPath:/opt/src/hadoop-ozone/integration-test/target/test-dir/MiniOzoneClusterImpl-3f379463-9810-48df-887f-c222ef37097c/datanode-0/data/containers/hdds/500ceb14-8321-4c8a-b6b3-e488e41f7aab/current/containerDir0/4/metadata/4-dn-container.db
java.io.IOException: Failed init RocksDB, db path : /opt/src/hadoop-ozone/integration-test/target/test-dir/MiniOzoneClusterImpl-3f379463-9810-48df-887f-c222ef37097c/datanode-0/data/containers/hdds/500ceb14-8321-4c8a-b6b3-e488e41f7aab/current/containerDir0/4/metadata/4-dn-container.db
	at org.apache.hadoop.utils.RocksDBStore.<init>(RocksDBStore.java:87)
	at org.apache.hadoop.utils.MetadataStoreBuilder.build(MetadataStoreBuilder.java:137)
	at org.apache.hadoop.ozone.container.common.utils.ContainerCache.getDB(ContainerCache.java:129)
	at org.apache.hadoop.ozone.container.keyvalue.helpers.BlockUtils.getDB(BlockUtils.java:77)
	at org.apache.hadoop.ozone.container.keyvalue.statemachine.background.BlockDeletingService$BlockDeletingTask.call(BlockDeletingService.java:188)
	at org.apache.hadoop.ozone.container.keyvalue.statemachine.background.BlockDeletingService$BlockDeletingTask.call(BlockDeletingService.java:172)
	at java.util.concurrent.FutureTask.run(FutureTask.java:266)
	at java.util.concurrent.Executors$RunnableAdapter.call(Executors.java:511)
	at java.util.concurrent.FutureTask.run(FutureTask.java:266)
	at java.util.concurrent.Executors$RunnableAdapter.call(Executors.java:511)
	at java.util.concurrent.FutureTask.run(FutureTask.java:266)
	at java.util.concurrent.ScheduledThreadPoolExecutor$ScheduledFutureTask.access$201(ScheduledThreadPoolExecutor.java:180)
	at java.util.concurrent.ScheduledThreadPoolExecutor$ScheduledFutureTask.run(ScheduledThreadPoolExecutor.java:293)
	at java.util.concurrent.ThreadPoolExecutor.runWorker(ThreadPoolExecutor.java:1149)
	at java.util.concurrent.ThreadPoolExecutor$Worker.run(ThreadPoolExecutor.java:624)
	at java.lang.Thread.run(Thread.java:748)
Caused by: org.rocksdb.RocksDBException: While mkdir if missing: /opt/src/hadoop-ozone/integration-test/target/test-dir/MiniOzoneClusterImpl-3f379463-9810-48df-887f-c222ef37097c/datanode-0/data/containers/hdds/500ceb14-8321-4c8a-b6b3-e488e41f7aab/current/containerDir0/4/metadata/4-dn-container.db: No such file or directory
	at org.rocksdb.RocksDB.open(Native Method)
	at org.rocksdb.RocksDB.open(RocksDB.java:231)
	at org.apache.hadoop.utils.RocksDBStore.<init>(RocksDBStore.java:71)
	... 15 more
2019-06-13 16:25:33,195 WARN  utils.BackgroundService (BackgroundService.java:lambda$run$0(135)) - Background task fails to execute, retrying in next interval
java.util.concurrent.ExecutionException: org.apache.hadoop.hdds.scm.container.common.helpers.StorageContainerException: Error opening DB. Container:4 ContainerPath:/opt/src/hadoop-ozone/integration-test/target/test-dir/MiniOzoneClusterImpl-3f379463-9810-48df-887f-c222ef37097c/datanode-0/data/containers/hdds/500ceb14-8321-4c8a-b6b3-e488e41f7aab/current/containerDir0/4/metadata/4-dn-container.db
	at java.util.concurrent.FutureTask.report(FutureTask.java:122)
	at java.util.concurrent.FutureTask.get(FutureTask.java:206)
	at org.apache.hadoop.utils.BackgroundService$PeriodicalTask.lambda$run$0(BackgroundService.java:129)
	at java.util.stream.ForEachOps$ForEachOp$OfRef.accept(ForEachOps.java:184)
	at java.util.ArrayList$ArrayListSpliterator.forEachRemaining(ArrayList.java:1382)
	at java.util.stream.AbstractPipeline.copyInto(AbstractPipeline.java:482)
	at java.util.stream.ForEachOps$ForEachTask.compute(ForEachOps.java:291)
	at java.util.concurrent.CountedCompleter.exec(CountedCompleter.java:731)
	at java.util.concurrent.ForkJoinTask.doExec(ForkJoinTask.java:289)
	at java.util.concurrent.ForkJoinTask.doInvoke(ForkJoinTask.java:401)
	at java.util.concurrent.ForkJoinTask.invoke(ForkJoinTask.java:734)
	at java.util.stream.ForEachOps$ForEachOp.evaluateParallel(ForEachOps.java:160)
	at java.util.stream.ForEachOps$ForEachOp$OfRef.evaluateParallel(ForEachOps.java:174)
	at java.util.stream.AbstractPipeline.evaluate(AbstractPipeline.java:233)
	at java.util.stream.ReferencePipeline.forEach(ReferencePipeline.java:418)
	at java.util.stream.ReferencePipeline$Head.forEach(ReferencePipeline.java:583)
	at org.apache.hadoop.utils.BackgroundService$PeriodicalTask.run(BackgroundService.java:125)
	at java.util.concurrent.Executors$RunnableAdapter.call(Executors.java:511)
	at java.util.concurrent.FutureTask.runAndReset(FutureTask.java:308)
	at java.util.concurrent.ScheduledThreadPoolExecutor$ScheduledFutureTask.access$301(ScheduledThreadPoolExecutor.java:180)
	at java.util.concurrent.ScheduledThreadPoolExecutor$ScheduledFutureTask.run(ScheduledThreadPoolExecutor.java:294)
	at java.util.concurrent.ThreadPoolExecutor.runWorker(ThreadPoolExecutor.java:1149)
	at java.util.concurrent.ThreadPoolExecutor$Worker.run(ThreadPoolExecutor.java:624)
	at java.lang.Thread.run(Thread.java:748)
Caused by: org.apache.hadoop.hdds.scm.container.common.helpers.StorageContainerException: Error opening DB. Container:4 ContainerPath:/opt/src/hadoop-ozone/integration-test/target/test-dir/MiniOzoneClusterImpl-3f379463-9810-48df-887f-c222ef37097c/datanode-0/data/containers/hdds/500ceb14-8321-4c8a-b6b3-e488e41f7aab/current/containerDir0/4/metadata/4-dn-container.db
	at org.apache.hadoop.ozone.container.keyvalue.helpers.BlockUtils.getDB(BlockUtils.java:84)
	at org.apache.hadoop.ozone.container.keyvalue.statemachine.background.BlockDeletingService$BlockDeletingTask.call(BlockDeletingService.java:188)
	at org.apache.hadoop.ozone.container.keyvalue.statemachine.background.BlockDeletingService$BlockDeletingTask.call(BlockDeletingService.java:172)
	at java.util.concurrent.FutureTask.run(FutureTask.java:266)
	at java.util.concurrent.Executors$RunnableAdapter.call(Executors.java:511)
	at java.util.concurrent.FutureTask.run(FutureTask.java:266)
	at java.util.concurrent.Executors$RunnableAdapter.call(Executors.java:511)
	at java.util.concurrent.FutureTask.run(FutureTask.java:266)
	at java.util.concurrent.ScheduledThreadPoolExecutor$ScheduledFutureTask.access$201(ScheduledThreadPoolExecutor.java:180)
	at java.util.concurrent.ScheduledThreadPoolExecutor$ScheduledFutureTask.run(ScheduledThreadPoolExecutor.java:293)
	... 3 more
2019-06-13 16:25:33,195 ERROR utils.ContainerCache (ContainerCache.java:getDB(137)) - Error opening DB. Container:3 ContainerPath:/opt/src/hadoop-ozone/integration-test/target/test-dir/MiniOzoneClusterImpl-3f379463-9810-48df-887f-c222ef37097c/datanode-0/data/containers/hdds/500ceb14-8321-4c8a-b6b3-e488e41f7aab/current/containerDir0/3/metadata/3-dn-container.db
java.io.IOException: Failed init RocksDB, db path : /opt/src/hadoop-ozone/integration-test/target/test-dir/MiniOzoneClusterImpl-3f379463-9810-48df-887f-c222ef37097c/datanode-0/data/containers/hdds/500ceb14-8321-4c8a-b6b3-e488e41f7aab/current/containerDir0/3/metadata/3-dn-container.db
	at org.apache.hadoop.utils.RocksDBStore.<init>(RocksDBStore.java:87)
	at org.apache.hadoop.utils.MetadataStoreBuilder.build(MetadataStoreBuilder.java:137)
	at org.apache.hadoop.ozone.container.common.utils.ContainerCache.getDB(ContainerCache.java:129)
	at org.apache.hadoop.ozone.container.keyvalue.helpers.BlockUtils.getDB(BlockUtils.java:77)
	at org.apache.hadoop.ozone.container.keyvalue.statemachine.background.BlockDeletingService$BlockDeletingTask.call(BlockDeletingService.java:188)
	at org.apache.hadoop.ozone.container.keyvalue.statemachine.background.BlockDeletingService$BlockDeletingTask.call(BlockDeletingService.java:172)
	at java.util.concurrent.FutureTask.run(FutureTask.java:266)
	at java.util.concurrent.Executors$RunnableAdapter.call(Executors.java:511)
	at java.util.concurrent.FutureTask.run(FutureTask.java:266)
	at java.util.concurrent.Executors$RunnableAdapter.call(Executors.java:511)
	at java.util.concurrent.FutureTask.run(FutureTask.java:266)
	at java.util.concurrent.ScheduledThreadPoolExecutor$ScheduledFutureTask.access$201(ScheduledThreadPoolExecutor.java:180)
	at java.util.concurrent.ScheduledThreadPoolExecutor$ScheduledFutureTask.run(ScheduledThreadPoolExecutor.java:293)
	at java.util.concurrent.ThreadPoolExecutor.runWorker(ThreadPoolExecutor.java:1149)
	at java.util.concurrent.ThreadPoolExecutor$Worker.run(ThreadPoolExecutor.java:624)
	at java.lang.Thread.run(Thread.java:748)
Caused by: org.rocksdb.RocksDBException: While mkdir if missing: /opt/src/hadoop-ozone/integration-test/target/test-dir/MiniOzoneClusterImpl-3f379463-9810-48df-887f-c222ef37097c/datanode-0/data/containers/hdds/500ceb14-8321-4c8a-b6b3-e488e41f7aab/current/containerDir0/3/metadata/3-dn-container.db: No such file or directory
	at org.rocksdb.RocksDB.open(Native Method)
	at org.rocksdb.RocksDB.open(RocksDB.java:231)
	at org.apache.hadoop.utils.RocksDBStore.<init>(RocksDBStore.java:71)
	... 15 more
2019-06-13 16:25:33,196 ERROR utils.ContainerCache (ContainerCache.java:getDB(137)) - Error opening DB. Container:2 ContainerPath:/opt/src/hadoop-ozone/integration-test/target/test-dir/MiniOzoneClusterImpl-3f379463-9810-48df-887f-c222ef37097c/datanode-0/data/containers/hdds/500ceb14-8321-4c8a-b6b3-e488e41f7aab/current/containerDir0/2/metadata/2-dn-container.db
java.io.IOException: Failed init RocksDB, db path : /opt/src/hadoop-ozone/integration-test/target/test-dir/MiniOzoneClusterImpl-3f379463-9810-48df-887f-c222ef37097c/datanode-0/data/containers/hdds/500ceb14-8321-4c8a-b6b3-e488e41f7aab/current/containerDir0/2/metadata/2-dn-container.db
	at org.apache.hadoop.utils.RocksDBStore.<init>(RocksDBStore.java:87)
	at org.apache.hadoop.utils.MetadataStoreBuilder.build(MetadataStoreBuilder.java:137)
	at org.apache.hadoop.ozone.container.common.utils.ContainerCache.getDB(ContainerCache.java:129)
	at org.apache.hadoop.ozone.container.keyvalue.helpers.BlockUtils.getDB(BlockUtils.java:77)
	at org.apache.hadoop.ozone.container.keyvalue.statemachine.background.BlockDeletingService$BlockDeletingTask.call(BlockDeletingService.java:188)
	at org.apache.hadoop.ozone.container.keyvalue.statemachine.background.BlockDeletingService$BlockDeletingTask.call(BlockDeletingService.java:172)
	at java.util.concurrent.FutureTask.run(FutureTask.java:266)
	at java.util.concurrent.Executors$RunnableAdapter.call(Executors.java:511)
	at java.util.concurrent.FutureTask.run(FutureTask.java:266)
	at java.util.concurrent.Executors$RunnableAdapter.call(Executors.java:511)
	at java.util.concurrent.FutureTask.run(FutureTask.java:266)
	at java.util.concurrent.ScheduledThreadPoolExecutor$ScheduledFutureTask.access$201(ScheduledThreadPoolExecutor.java:180)
	at java.util.concurrent.ScheduledThreadPoolExecutor$ScheduledFutureTask.run(ScheduledThreadPoolExecutor.java:293)
	at java.util.concurrent.ThreadPoolExecutor.runWorker(ThreadPoolExecutor.java:1149)
	at java.util.concurrent.ThreadPoolExecutor$Worker.run(ThreadPoolExecutor.java:624)
	at java.lang.Thread.run(Thread.java:748)
Caused by: org.rocksdb.RocksDBException: While mkdir if missing: /opt/src/hadoop-ozone/integration-test/target/test-dir/MiniOzoneClusterImpl-3f379463-9810-48df-887f-c222ef37097c/datanode-0/data/containers/hdds/500ceb14-8321-4c8a-b6b3-e488e41f7aab/current/containerDir0/2/metadata/2-dn-container.db: No such file or directory
	at org.rocksdb.RocksDB.open(Native Method)
	at org.rocksdb.RocksDB.open(RocksDB.java:231)
	at org.apache.hadoop.utils.RocksDBStore.<init>(RocksDBStore.java:71)
	... 15 more
2019-06-13 16:25:33,196 WARN  utils.BackgroundService (BackgroundService.java:lambda$run$0(135)) - Background task fails to execute, retrying in next interval
java.util.concurrent.ExecutionException: org.apache.hadoop.hdds.scm.container.common.helpers.StorageContainerException: Error opening DB. Container:2 ContainerPath:/opt/src/hadoop-ozone/integration-test/target/test-dir/MiniOzoneClusterImpl-3f379463-9810-48df-887f-c222ef37097c/datanode-0/data/containers/hdds/500ceb14-8321-4c8a-b6b3-e488e41f7aab/current/containerDir0/2/metadata/2-dn-container.db
	at java.util.concurrent.FutureTask.report(FutureTask.java:122)
	at java.util.concurrent.FutureTask.get(FutureTask.java:206)
	at org.apache.hadoop.utils.BackgroundService$PeriodicalTask.lambda$run$0(BackgroundService.java:129)
	at java.util.stream.ForEachOps$ForEachOp$OfRef.accept(ForEachOps.java:184)
	at java.util.ArrayList$ArrayListSpliterator.forEachRemaining(ArrayList.java:1382)
	at java.util.stream.AbstractPipeline.copyInto(AbstractPipeline.java:482)
	at java.util.stream.ForEachOps$ForEachTask.compute(ForEachOps.java:291)
	at java.util.concurrent.CountedCompleter.exec(CountedCompleter.java:731)
	at java.util.concurrent.ForkJoinTask.doExec(ForkJoinTask.java:289)
	at java.util.concurrent.ForkJoinPool$WorkQueue.runTask(ForkJoinPool.java:1056)
	at java.util.concurrent.ForkJoinPool.runWorker(ForkJoinPool.java:1692)
	at java.util.concurrent.ForkJoinWorkerThread.run(ForkJoinWorkerThread.java:157)
Caused by: org.apache.hadoop.hdds.scm.container.common.helpers.StorageContainerException: Error opening DB. Container:2 ContainerPath:/opt/src/hadoop-ozone/integration-test/target/test-dir/MiniOzoneClusterImpl-3f379463-9810-48df-887f-c222ef37097c/datanode-0/data/containers/hdds/500ceb14-8321-4c8a-b6b3-e488e41f7aab/current/containerDir0/2/metadata/2-dn-container.db
	at org.apache.hadoop.ozone.container.keyvalue.helpers.BlockUtils.getDB(BlockUtils.java:84)
	at org.apache.hadoop.ozone.container.keyvalue.statemachine.background.BlockDeletingService$BlockDeletingTask.call(BlockDeletingService.java:188)
	at org.apache.hadoop.ozone.container.keyvalue.statemachine.background.BlockDeletingService$BlockDeletingTask.call(BlockDeletingService.java:172)
	at java.util.concurrent.FutureTask.run(FutureTask.java:266)
	at java.util.concurrent.Executors$RunnableAdapter.call(Executors.java:511)
	at java.util.concurrent.FutureTask.run(FutureTask.java:266)
	at java.util.concurrent.Executors$RunnableAdapter.call(Executors.java:511)
	at java.util.concurrent.FutureTask.run(FutureTask.java:266)
	at java.util.concurrent.ScheduledThreadPoolExecutor$ScheduledFutureTask.access$201(ScheduledThreadPoolExecutor.java:180)
	at java.util.concurrent.ScheduledThreadPoolExecutor$ScheduledFutureTask.run(ScheduledThreadPoolExecutor.java:293)
	at java.util.concurrent.ThreadPoolExecutor.runWorker(ThreadPoolExecutor.java:1149)
	at java.util.concurrent.ThreadPoolExecutor$Worker.run(ThreadPoolExecutor.java:624)
	at java.lang.Thread.run(Thread.java:748)
2019-06-13 16:25:33,196 WARN  utils.BackgroundService (BackgroundService.java:lambda$run$0(135)) - Background task fails to execute, retrying in next interval
java.util.concurrent.ExecutionException: org.apache.hadoop.hdds.scm.container.common.helpers.StorageContainerException: Error opening DB. Container:3 ContainerPath:/opt/src/hadoop-ozone/integration-test/target/test-dir/MiniOzoneClusterImpl-3f379463-9810-48df-887f-c222ef37097c/datanode-0/data/containers/hdds/500ceb14-8321-4c8a-b6b3-e488e41f7aab/current/containerDir0/3/metadata/3-dn-container.db
	at java.util.concurrent.FutureTask.report(FutureTask.java:122)
	at java.util.concurrent.FutureTask.get(FutureTask.java:206)
	at org.apache.hadoop.utils.BackgroundService$PeriodicalTask.lambda$run$0(BackgroundService.java:129)
	at java.util.stream.ForEachOps$ForEachOp$OfRef.accept(ForEachOps.java:184)
	at java.util.ArrayList$ArrayListSpliterator.forEachRemaining(ArrayList.java:1382)
	at java.util.stream.AbstractPipeline.copyInto(AbstractPipeline.java:482)
	at java.util.stream.ForEachOps$ForEachTask.compute(ForEachOps.java:291)
	at java.util.concurrent.CountedCompleter.exec(CountedCompleter.java:731)
	at java.util.concurrent.ForkJoinTask.doExec(ForkJoinTask.java:289)
	at java.util.concurrent.ForkJoinPool$WorkQueue.pollAndExecCC(ForkJoinPool.java:1190)
	at java.util.concurrent.ForkJoinPool.helpComplete(ForkJoinPool.java:1879)
	at java.util.concurrent.ForkJoinPool.externalHelpComplete(ForkJoinPool.java:2467)
	at java.util.concurrent.ForkJoinTask.externalAwaitDone(ForkJoinTask.java:324)
	at java.util.concurrent.ForkJoinTask.doInvoke(ForkJoinTask.java:405)
	at java.util.concurrent.ForkJoinTask.invoke(ForkJoinTask.java:734)
	at java.util.stream.ForEachOps$ForEachOp.evaluateParallel(ForEachOps.java:160)
	at java.util.stream.ForEachOps$ForEachOp$OfRef.evaluateParallel(ForEachOps.java:174)
	at java.util.stream.AbstractPipeline.evaluate(AbstractPipeline.java:233)
	at java.util.stream.ReferencePipeline.forEach(ReferencePipeline.java:418)
	at java.util.stream.ReferencePipeline$Head.forEach(ReferencePipeline.java:583)
	at org.apache.hadoop.utils.BackgroundService$PeriodicalTask.run(BackgroundService.java:125)
	at java.util.concurrent.Executors$RunnableAdapter.call(Executors.java:511)
	at java.util.concurrent.FutureTask.runAndReset(FutureTask.java:308)
	at java.util.concurrent.ScheduledThreadPoolExecutor$ScheduledFutureTask.access$301(ScheduledThreadPoolExecutor.java:180)
	at java.util.concurrent.ScheduledThreadPoolExecutor$ScheduledFutureTask.run(ScheduledThreadPoolExecutor.java:294)
	at java.util.concurrent.ThreadPoolExecutor.runWorker(ThreadPoolExecutor.java:1149)
	at java.util.concurrent.ThreadPoolExecutor$Worker.run(ThreadPoolExecutor.java:624)
	at java.lang.Thread.run(Thread.java:748)
Caused by: org.apache.hadoop.hdds.scm.container.common.helpers.StorageContainerException: Error opening DB. Container:3 ContainerPath:/opt/src/hadoop-ozone/integration-test/target/test-dir/MiniOzoneClusterImpl-3f379463-9810-48df-887f-c222ef37097c/datanode-0/data/containers/hdds/500ceb14-8321-4c8a-b6b3-e488e41f7aab/current/containerDir0/3/metadata/3-dn-container.db
	at org.apache.hadoop.ozone.container.keyvalue.helpers.BlockUtils.getDB(BlockUtils.java:84)
	at org.apache.hadoop.ozone.container.keyvalue.statemachine.background.BlockDeletingService$BlockDeletingTask.call(BlockDeletingService.java:188)
	at org.apache.hadoop.ozone.container.keyvalue.statemachine.background.BlockDeletingService$BlockDeletingTask.call(BlockDeletingService.java:172)
	at java.util.concurrent.FutureTask.run(FutureTask.java:266)
	at java.util.concurrent.Executors$RunnableAdapter.call(Executors.java:511)
	at java.util.concurrent.FutureTask.run(FutureTask.java:266)
	at java.util.concurrent.Executors$RunnableAdapter.call(Executors.java:511)
	at java.util.concurrent.FutureTask.run(FutureTask.java:266)
	at java.util.concurrent.ScheduledThreadPoolExecutor$ScheduledFutureTask.access$201(ScheduledThreadPoolExecutor.java:180)
	at java.util.concurrent.ScheduledThreadPoolExecutor$ScheduledFutureTask.run(ScheduledThreadPoolExecutor.java:293)
	... 3 more
2019-06-13 16:25:33,264 INFO  ipc.CallQueueManager (CallQueueManager.java:<init>(84)) - Using callQueue: class java.util.concurrent.LinkedBlockingQueue, queueCapacity: 2000, scheduler: class org.apache.hadoop.ipc.DefaultRpcScheduler, ipcBackoff: false.
2019-06-13 16:25:33,264 INFO  ipc.Server (Server.java:run(1074)) - Starting Socket Reader #1 for port 40139
2019-06-13 16:25:33,277 WARN  scm.ScmUtils (ScmUtils.java:getDBPath(63)) - ozone.om.db.dirs is not configured. We recommend adding this setting. Falling back to ozone.metadata.dirs instead.
2019-06-13 16:25:33,277 INFO  om.OzoneManager (OzoneManager.java:start(1217)) - OzoneManager RPC server is listening at localhost/127.0.0.1:40139
2019-06-13 16:25:33,277 INFO  impl.MetricsSystemImpl (MetricsSystemImpl.java:init(158)) - OzoneManager metrics system started (again)
2019-06-13 16:25:33,278 INFO  ipc.Server (Server.java:run(1314)) - IPC Server Responder: starting
2019-06-13 16:25:33,278 INFO  ipc.Server (Server.java:run(1153)) - IPC Server listener on 40139: starting
2019-06-13 16:25:33,285 INFO  hdfs.DFSUtil (DFSUtil.java:httpServerTemplateForNNAndJN(1641)) - Starting Web-server for ozoneManager at: http://0.0.0.0:0
2019-06-13 16:25:33,286 INFO  server.AuthenticationFilter (AuthenticationFilter.java:constructSecretProvider(240)) - Unable to initialize FileSignerSecretProvider, falling back to use random secrets.
2019-06-13 16:25:33,289 WARN  http.HttpRequestLog (HttpRequestLog.java:getRequestLog(97)) - Jetty request log can only be enabled using Log4j
2019-06-13 16:25:33,290 INFO  http.HttpServer2 (HttpServer2.java:addGlobalFilter(975)) - Added global filter 'safety' (class=org.apache.hadoop.http.HttpServer2$QuotingInputFilter)
2019-06-13 16:25:33,290 INFO  http.HttpServer2 (HttpServer2.java:addFilter(948)) - Added filter static_user_filter (class=org.apache.hadoop.http.lib.StaticUserWebFilter$StaticUserFilter) to context ozoneManager
2019-06-13 16:25:33,291 INFO  http.HttpServer2 (HttpServer2.java:addFilter(958)) - Added filter static_user_filter (class=org.apache.hadoop.http.lib.StaticUserWebFilter$StaticUserFilter) to context static
2019-06-13 16:25:33,291 INFO  http.HttpServer2 (HttpServer2.java:addFilter(958)) - Added filter static_user_filter (class=org.apache.hadoop.http.lib.StaticUserWebFilter$StaticUserFilter) to context logs
2019-06-13 16:25:33,291 INFO  http.HttpServer2 (HttpServer2.java:bindListener(1191)) - Jetty bound to port 46767
2019-06-13 16:25:33,291 INFO  server.Server (Server.java:doStart(351)) - jetty-9.3.24.v20180605, build timestamp: 2018-06-05T17:11:56Z, git hash: 84205aa28f11a4f31f2a3b86d1bba2cc8ab69827
2019-06-13 16:25:33,292 INFO  handler.ContextHandler (ContextHandler.java:doStart(781)) - Started o.e.j.s.ServletContextHandler@190b3c7f{/logs,file:///opt/src/hadoop-ozone/integration-test/target/log,AVAILABLE}
2019-06-13 16:25:33,293 INFO  handler.ContextHandler (ContextHandler.java:doStart(781)) - Started o.e.j.s.ServletContextHandler@72e97c08{/static,file:///opt/src/hadoop-ozone/integration-test/target/test-classes/webapps/static,AVAILABLE}
2019-06-13 16:25:33,295 INFO  handler.ContextHandler (ContextHandler.java:doStart(781)) - Started o.e.j.w.WebAppContext@3e2657da{/,file:///opt/src/hadoop-ozone/integration-test/target/test-classes/webapps/ozoneManager/,AVAILABLE}{/ozoneManager}
2019-06-13 16:25:33,296 INFO  server.AbstractConnector (AbstractConnector.java:doStart(278)) - Started ServerConnector@7ac5f42e{HTTP/1.1,[http/1.1]}{0.0.0.0:46767}
2019-06-13 16:25:33,297 INFO  server.Server (Server.java:doStart(419)) - Started @40331ms
2019-06-13 16:25:33,298 INFO  server.BaseHttpServer (BaseHttpServer.java:updateConnectorAddress(207)) - HTTP server of OZONEMANAGER is listening at http://0.0.0.0:46767
2019-06-13 16:25:33,300 INFO  impl.MetricsSystemImpl (MetricsSystemImpl.java:init(158)) - HddsDatanode metrics system started (again)
2019-06-13 16:25:33,301 INFO  ozone.HddsDatanodeService (HddsDatanodeService.java:start(185)) - HddsDatanodeService host:ozone-z9zf6-1652263048 ip:192.168.11.208
2019-06-13 16:25:33,314 INFO  volume.HddsVolume (HddsVolume.java:<init>(176)) - Creating Volume: /opt/src/hadoop-ozone/integration-test/target/test-dir/MiniOzoneClusterImpl-4bd027ed-7b27-4b0c-abea-bd2378949791/datanode-0/data/containers/hdds of  storage type : DISK and capacity : 104021790720
2019-06-13 16:25:33,314 INFO  volume.VolumeSet (VolumeSet.java:initializeVolumeSet(170)) - Added Volume : /opt/src/hadoop-ozone/integration-test/target/test-dir/MiniOzoneClusterImpl-4bd027ed-7b27-4b0c-abea-bd2378949791/datanode-0/data/containers/hdds to VolumeSet
2019-06-13 16:25:33,314 INFO  volume.ThrottledAsyncChecker (ThrottledAsyncChecker.java:schedule(140)) - Scheduling a check for org.apache.hadoop.ozone.container.common.volume.HddsVolume@142482fe
2019-06-13 16:25:33,315 INFO  volume.HddsVolumeChecker (HddsVolumeChecker.java:checkAllVolumes(203)) - Scheduled health check for volume org.apache.hadoop.ozone.container.common.volume.HddsVolume@142482fe
2019-06-13 16:25:33,324 INFO  ratis.XceiverServerRatis (XceiverServerRatis.java:newXceiverServerRatis(401)) - Found a free port for the server : 37595
2019-06-13 16:25:33,325 INFO  impl.RaftServerProxy (ConfUtils.java:logGet(43)) - raft.rpc.type = GRPC (default)
2019-06-13 16:25:33,325 INFO  grpc.GrpcConfigKeys$Server (ConfUtils.java:logGet(43)) - raft.grpc.server.port = 37595 (custom)
2019-06-13 16:25:33,325 INFO  server.GrpcService (ConfUtils.java:logGet(43)) - raft.grpc.message.size.max = 33570816 (custom)
2019-06-13 16:25:33,325 INFO  server.RaftServerConfigKeys (ConfUtils.java:logGet(43)) - raft.server.log.appender.buffer.byte-limit = 33554432 (custom)
2019-06-13 16:25:33,325 INFO  server.GrpcService (ConfUtils.java:logGet(43)) - raft.grpc.flow.control.window = 1MB (=1048576) (default)
2019-06-13 16:25:33,326 INFO  server.RaftServerConfigKeys (ConfUtils.java:logGet(43)) - raft.server.rpc.request.timeout = 3000ms (default)
2019-06-13 16:25:33,326 INFO  server.RaftServerConfigKeys (ConfUtils.java:logGet(43)) - raft.server.storage.dir = [/opt/src/hadoop-ozone/integration-test/target/test-dir/MiniOzoneClusterImpl-4bd027ed-7b27-4b0c-abea-bd2378949791/datanode-0/data/ratis] (custom)
2019-06-13 16:25:33,326 INFO  server.XceiverServerGrpc (XceiverServerGrpc.java:<init>(97)) - Found a free port for the server : 37297
2019-06-13 16:25:33,326 INFO  replication.SimpleContainerDownloader (SimpleContainerDownloader.java:<init>(72)) - Starting container downloader service to copy containers to replicate.
2019-06-13 16:25:33,327 INFO  hdfs.DFSUtil (DFSUtil.java:httpServerTemplateForNNAndJN(1641)) - Starting Web-server for hddsDatanode at: http://0.0.0.0:0
2019-06-13 16:25:33,328 INFO  server.AuthenticationFilter (AuthenticationFilter.java:constructSecretProvider(240)) - Unable to initialize FileSignerSecretProvider, falling back to use random secrets.
2019-06-13 16:25:33,329 WARN  http.HttpRequestLog (HttpRequestLog.java:getRequestLog(97)) - Jetty request log can only be enabled using Log4j
2019-06-13 16:25:33,329 INFO  http.HttpServer2 (HttpServer2.java:addGlobalFilter(975)) - Added global filter 'safety' (class=org.apache.hadoop.http.HttpServer2$QuotingInputFilter)
2019-06-13 16:25:33,330 INFO  http.HttpServer2 (HttpServer2.java:addFilter(948)) - Added filter static_user_filter (class=org.apache.hadoop.http.lib.StaticUserWebFilter$StaticUserFilter) to context hddsDatanode
2019-06-13 16:25:33,330 INFO  http.HttpServer2 (HttpServer2.java:addFilter(958)) - Added filter static_user_filter (class=org.apache.hadoop.http.lib.StaticUserWebFilter$StaticUserFilter) to context static
2019-06-13 16:25:33,330 INFO  http.HttpServer2 (HttpServer2.java:addFilter(958)) - Added filter static_user_filter (class=org.apache.hadoop.http.lib.StaticUserWebFilter$StaticUserFilter) to context logs
2019-06-13 16:25:33,331 INFO  http.HttpServer2 (HttpServer2.java:bindListener(1191)) - Jetty bound to port 44433
2019-06-13 16:25:33,331 INFO  server.Server (Server.java:doStart(351)) - jetty-9.3.24.v20180605, build timestamp: 2018-06-05T17:11:56Z, git hash: 84205aa28f11a4f31f2a3b86d1bba2cc8ab69827
2019-06-13 16:25:33,332 INFO  handler.ContextHandler (ContextHandler.java:doStart(781)) - Started o.e.j.s.ServletContextHandler@786de486{/logs,file:///opt/src/hadoop-ozone/integration-test/target/log,AVAILABLE}
2019-06-13 16:25:33,333 INFO  handler.ContextHandler (ContextHandler.java:doStart(781)) - Started o.e.j.s.ServletContextHandler@322e0e4e{/static,jar:file:/root/.m2/repository/org/apache/hadoop/hadoop-hdds-container-service/0.5.0-SNAPSHOT/hadoop-hdds-container-service-0.5.0-SNAPSHOT.jar!/webapps/static,AVAILABLE}
2019-06-13 16:25:33,353 INFO  handler.ContextHandler (ContextHandler.java:doStart(781)) - Started o.e.j.w.WebAppContext@f679a3d{/,file:///tmp/jetty-0.0.0.0-44433-hddsDatanode-_-any-4096789939051811073.dir/webapp/,AVAILABLE}{/hddsDatanode}
2019-06-13 16:25:33,353 INFO  server.AbstractConnector (AbstractConnector.java:doStart(278)) - Started ServerConnector@2cda62d7{HTTP/1.1,[http/1.1]}{0.0.0.0:44433}
2019-06-13 16:25:33,355 INFO  server.Server (Server.java:doStart(419)) - Started @40389ms
2019-06-13 16:25:33,355 INFO  server.BaseHttpServer (BaseHttpServer.java:updateConnectorAddress(207)) - HTTP server of HDDSDATANODE is listening at http://0.0.0.0:44433
2019-06-13 16:25:33,441 INFO  ozone.HddsDatanodeService (HddsDatanodeService.java:startPlugins(396)) - Started plug-in org.apache.hadoop.ozone.web.OzoneHddsDatanodeService@44c80ba6
2019-06-13 16:25:33,441 INFO  ozone.MiniOzoneClusterImpl (MiniOzoneClusterImpl.java:lambda$waitForClusterToBeReady$0(142)) - Waiting for cluster to be ready. Got 0 of 1 DN Heartbeats.
2019-06-13 16:25:33,442 INFO  util.JvmPauseMonitor (JvmPauseMonitor.java:run(188)) - Starting JVM pause monitor
2019-06-13 16:25:33,443 INFO  datanode.InitDatanodeState (InitDatanodeState.java:persistContainerDatanodeDetails(140)) - DatanodeDetails is persisted to /opt/src/hadoop-ozone/integration-test/target/test-dir/MiniOzoneClusterImpl-4bd027ed-7b27-4b0c-abea-bd2378949791/datanode-0/meta/datanode.id
2019-06-13 16:25:33,977 INFO  container.ReplicationManager (ReplicationManager.java:sendCloseCommand(630)) - Sending close container command for container #5 to datanode 328096ee-1483-4bfe-96a2-47a71e1e800c{ip: 192.168.11.208, host: ozone-z9zf6-1652263048, networkLocation: /default-rack, certSerialId: null}.
2019-06-13 16:25:33,978 INFO  container.ReplicationManager (ReplicationManager.java:run(207)) - Replication Monitor Thread took 1 milliseconds for processing 10 containers.
2019-06-13 16:25:34,197 INFO  background.BlockDeletingService (BlockDeletingService.java:getTasks(123)) - Plan to choose 10 containers for block deletion, actually returns 5 valid containers.
2019-06-13 16:25:34,197 ERROR utils.ContainerCache (ContainerCache.java:getDB(137)) - Error opening DB. Container:1 ContainerPath:/opt/src/hadoop-ozone/integration-test/target/test-dir/MiniOzoneClusterImpl-3f379463-9810-48df-887f-c222ef37097c/datanode-0/data/containers/hdds/500ceb14-8321-4c8a-b6b3-e488e41f7aab/current/containerDir0/1/metadata/1-dn-container.db
java.io.IOException: Failed init RocksDB, db path : /opt/src/hadoop-ozone/integration-test/target/test-dir/MiniOzoneClusterImpl-3f379463-9810-48df-887f-c222ef37097c/datanode-0/data/containers/hdds/500ceb14-8321-4c8a-b6b3-e488e41f7aab/current/containerDir0/1/metadata/1-dn-container.db
	at org.apache.hadoop.utils.RocksDBStore.<init>(RocksDBStore.java:87)
	at org.apache.hadoop.utils.MetadataStoreBuilder.build(MetadataStoreBuilder.java:137)
	at org.apache.hadoop.ozone.container.common.utils.ContainerCache.getDB(ContainerCache.java:129)
	at org.apache.hadoop.ozone.container.keyvalue.helpers.BlockUtils.getDB(BlockUtils.java:77)
	at org.apache.hadoop.ozone.container.keyvalue.statemachine.background.BlockDeletingService$BlockDeletingTask.call(BlockDeletingService.java:188)
	at org.apache.hadoop.ozone.container.keyvalue.statemachine.background.BlockDeletingService$BlockDeletingTask.call(BlockDeletingService.java:172)
	at java.util.concurrent.FutureTask.run(FutureTask.java:266)
	at java.util.concurrent.Executors$RunnableAdapter.call(Executors.java:511)
	at java.util.concurrent.FutureTask.run(FutureTask.java:266)
	at java.util.concurrent.Executors$RunnableAdapter.call(Executors.java:511)
	at java.util.concurrent.FutureTask.run(FutureTask.java:266)
	at java.util.concurrent.ScheduledThreadPoolExecutor$ScheduledFutureTask.access$201(ScheduledThreadPoolExecutor.java:180)
	at java.util.concurrent.ScheduledThreadPoolExecutor$ScheduledFutureTask.run(ScheduledThreadPoolExecutor.java:293)
	at java.util.concurrent.ThreadPoolExecutor.runWorker(ThreadPoolExecutor.java:1149)
	at java.util.concurrent.ThreadPoolExecutor$Worker.run(ThreadPoolExecutor.java:624)
	at java.lang.Thread.run(Thread.java:748)
Caused by: org.rocksdb.RocksDBException: While mkdir if missing: /opt/src/hadoop-ozone/integration-test/target/test-dir/MiniOzoneClusterImpl-3f379463-9810-48df-887f-c222ef37097c/datanode-0/data/containers/hdds/500ceb14-8321-4c8a-b6b3-e488e41f7aab/current/containerDir0/1/metadata/1-dn-container.db: No such file or directory
	at org.rocksdb.RocksDB.open(Native Method)
	at org.rocksdb.RocksDB.open(RocksDB.java:231)
	at org.apache.hadoop.utils.RocksDBStore.<init>(RocksDBStore.java:71)
	... 15 more
2019-06-13 16:25:34,198 ERROR utils.ContainerCache (ContainerCache.java:getDB(137)) - Error opening DB. Container:5 ContainerPath:/opt/src/hadoop-ozone/integration-test/target/test-dir/MiniOzoneClusterImpl-3f379463-9810-48df-887f-c222ef37097c/datanode-0/data/containers/hdds/500ceb14-8321-4c8a-b6b3-e488e41f7aab/current/containerDir0/5/metadata/5-dn-container.db
java.io.IOException: Failed init RocksDB, db path : /opt/src/hadoop-ozone/integration-test/target/test-dir/MiniOzoneClusterImpl-3f379463-9810-48df-887f-c222ef37097c/datanode-0/data/containers/hdds/500ceb14-8321-4c8a-b6b3-e488e41f7aab/current/containerDir0/5/metadata/5-dn-container.db
	at org.apache.hadoop.utils.RocksDBStore.<init>(RocksDBStore.java:87)
	at org.apache.hadoop.utils.MetadataStoreBuilder.build(MetadataStoreBuilder.java:137)
	at org.apache.hadoop.ozone.container.common.utils.ContainerCache.getDB(ContainerCache.java:129)
	at org.apache.hadoop.ozone.container.keyvalue.helpers.BlockUtils.getDB(BlockUtils.java:77)
	at org.apache.hadoop.ozone.container.keyvalue.statemachine.background.BlockDeletingService$BlockDeletingTask.call(BlockDeletingService.java:188)
	at org.apache.hadoop.ozone.container.keyvalue.statemachine.background.BlockDeletingService$BlockDeletingTask.call(BlockDeletingService.java:172)
	at java.util.concurrent.FutureTask.run(FutureTask.java:266)
	at java.util.concurrent.Executors$RunnableAdapter.call(Executors.java:511)
	at java.util.concurrent.FutureTask.run(FutureTask.java:266)
	at java.util.concurrent.Executors$RunnableAdapter.call(Executors.java:511)
	at java.util.concurrent.FutureTask.run(FutureTask.java:266)
	at java.util.concurrent.ScheduledThreadPoolExecutor$ScheduledFutureTask.access$201(ScheduledThreadPoolExecutor.java:180)
	at java.util.concurrent.ScheduledThreadPoolExecutor$ScheduledFutureTask.run(ScheduledThreadPoolExecutor.java:293)
	at java.util.concurrent.ThreadPoolExecutor.runWorker(ThreadPoolExecutor.java:1149)
	at java.util.concurrent.ThreadPoolExecutor$Worker.run(ThreadPoolExecutor.java:624)
	at java.lang.Thread.run(Thread.java:748)
Caused by: org.rocksdb.RocksDBException: While mkdir if missing: /opt/src/hadoop-ozone/integration-test/target/test-dir/MiniOzoneClusterImpl-3f379463-9810-48df-887f-c222ef37097c/datanode-0/data/containers/hdds/500ceb14-8321-4c8a-b6b3-e488e41f7aab/current/containerDir0/5/metadata/5-dn-container.db: No such file or directory
	at org.rocksdb.RocksDB.open(Native Method)
	at org.rocksdb.RocksDB.open(RocksDB.java:231)
	at org.apache.hadoop.utils.RocksDBStore.<init>(RocksDBStore.java:71)
	... 15 more
2019-06-13 16:25:34,198 ERROR utils.ContainerCache (ContainerCache.java:getDB(137)) - Error opening DB. Container:4 ContainerPath:/opt/src/hadoop-ozone/integration-test/target/test-dir/MiniOzoneClusterImpl-3f379463-9810-48df-887f-c222ef37097c/datanode-0/data/containers/hdds/500ceb14-8321-4c8a-b6b3-e488e41f7aab/current/containerDir0/4/metadata/4-dn-container.db
java.io.IOException: Failed init RocksDB, db path : /opt/src/hadoop-ozone/integration-test/target/test-dir/MiniOzoneClusterImpl-3f379463-9810-48df-887f-c222ef37097c/datanode-0/data/containers/hdds/500ceb14-8321-4c8a-b6b3-e488e41f7aab/current/containerDir0/4/metadata/4-dn-container.db
	at org.apache.hadoop.utils.RocksDBStore.<init>(RocksDBStore.java:87)
	at org.apache.hadoop.utils.MetadataStoreBuilder.build(MetadataStoreBuilder.java:137)
	at org.apache.hadoop.ozone.container.common.utils.ContainerCache.getDB(ContainerCache.java:129)
	at org.apache.hadoop.ozone.container.keyvalue.helpers.BlockUtils.getDB(BlockUtils.java:77)
	at org.apache.hadoop.ozone.container.keyvalue.statemachine.background.BlockDeletingService$BlockDeletingTask.call(BlockDeletingService.java:188)
	at org.apache.hadoop.ozone.container.keyvalue.statemachine.background.BlockDeletingService$BlockDeletingTask.call(BlockDeletingService.java:172)
	at java.util.concurrent.FutureTask.run(FutureTask.java:266)
	at java.util.concurrent.Executors$RunnableAdapter.call(Executors.java:511)
	at java.util.concurrent.FutureTask.run(FutureTask.java:266)
	at java.util.concurrent.Executors$RunnableAdapter.call(Executors.java:511)
	at java.util.concurrent.FutureTask.run(FutureTask.java:266)
	at java.util.concurrent.ScheduledThreadPoolExecutor$ScheduledFutureTask.access$201(ScheduledThreadPoolExecutor.java:180)
	at java.util.concurrent.ScheduledThreadPoolExecutor$ScheduledFutureTask.run(ScheduledThreadPoolExecutor.java:293)
	at java.util.concurrent.ThreadPoolExecutor.runWorker(ThreadPoolExecutor.java:1149)
	at java.util.concurrent.ThreadPoolExecutor$Worker.run(ThreadPoolExecutor.java:624)
	at java.lang.Thread.run(Thread.java:748)
Caused by: org.rocksdb.RocksDBException: While mkdir if missing: /opt/src/hadoop-ozone/integration-test/target/test-dir/MiniOzoneClusterImpl-3f379463-9810-48df-887f-c222ef37097c/datanode-0/data/containers/hdds/500ceb14-8321-4c8a-b6b3-e488e41f7aab/current/containerDir0/4/metadata/4-dn-container.db: No such file or directory
	at org.rocksdb.RocksDB.open(Native Method)
	at org.rocksdb.RocksDB.open(RocksDB.java:231)
	at org.apache.hadoop.utils.RocksDBStore.<init>(RocksDBStore.java:71)
	... 15 more
2019-06-13 16:25:34,199 ERROR utils.ContainerCache (ContainerCache.java:getDB(137)) - Error opening DB. Container:3 ContainerPath:/opt/src/hadoop-ozone/integration-test/target/test-dir/MiniOzoneClusterImpl-3f379463-9810-48df-887f-c222ef37097c/datanode-0/data/containers/hdds/500ceb14-8321-4c8a-b6b3-e488e41f7aab/current/containerDir0/3/metadata/3-dn-container.db
java.io.IOException: Failed init RocksDB, db path : /opt/src/hadoop-ozone/integration-test/target/test-dir/MiniOzoneClusterImpl-3f379463-9810-48df-887f-c222ef37097c/datanode-0/data/containers/hdds/500ceb14-8321-4c8a-b6b3-e488e41f7aab/current/containerDir0/3/metadata/3-dn-container.db
	at org.apache.hadoop.utils.RocksDBStore.<init>(RocksDBStore.java:87)
	at org.apache.hadoop.utils.MetadataStoreBuilder.build(MetadataStoreBuilder.java:137)
	at org.apache.hadoop.ozone.container.common.utils.ContainerCache.getDB(ContainerCache.java:129)
	at org.apache.hadoop.ozone.container.keyvalue.helpers.BlockUtils.getDB(BlockUtils.java:77)
	at org.apache.hadoop.ozone.container.keyvalue.statemachine.background.BlockDeletingService$BlockDeletingTask.call(BlockDeletingService.java:188)
	at org.apache.hadoop.ozone.container.keyvalue.statemachine.background.BlockDeletingService$BlockDeletingTask.call(BlockDeletingService.java:172)
	at java.util.concurrent.FutureTask.run(FutureTask.java:266)
	at java.util.concurrent.Executors$RunnableAdapter.call(Executors.java:511)
	at java.util.concurrent.FutureTask.run(FutureTask.java:266)
	at java.util.concurrent.Executors$RunnableAdapter.call(Executors.java:511)
	at java.util.concurrent.FutureTask.run(FutureTask.java:266)
	at java.util.concurrent.ScheduledThreadPoolExecutor$ScheduledFutureTask.access$201(ScheduledThreadPoolExecutor.java:180)
	at java.util.concurrent.ScheduledThreadPoolExecutor$ScheduledFutureTask.run(ScheduledThreadPoolExecutor.java:293)
	at java.util.concurrent.ThreadPoolExecutor.runWorker(ThreadPoolExecutor.java:1149)
	at java.util.concurrent.ThreadPoolExecutor$Worker.run(ThreadPoolExecutor.java:624)
	at java.lang.Thread.run(Thread.java:748)
Caused by: org.rocksdb.RocksDBException: While mkdir if missing: /opt/src/hadoop-ozone/integration-test/target/test-dir/MiniOzoneClusterImpl-3f379463-9810-48df-887f-c222ef37097c/datanode-0/data/containers/hdds/500ceb14-8321-4c8a-b6b3-e488e41f7aab/current/containerDir0/3/metadata/3-dn-container.db: No such file or directory
	at org.rocksdb.RocksDB.open(Native Method)
	at org.rocksdb.RocksDB.open(RocksDB.java:231)
	at org.apache.hadoop.utils.RocksDBStore.<init>(RocksDBStore.java:71)
	... 15 more
2019-06-13 16:25:34,199 ERROR utils.ContainerCache (ContainerCache.java:getDB(137)) - Error opening DB. Container:2 ContainerPath:/opt/src/hadoop-ozone/integration-test/target/test-dir/MiniOzoneClusterImpl-3f379463-9810-48df-887f-c222ef37097c/datanode-0/data/containers/hdds/500ceb14-8321-4c8a-b6b3-e488e41f7aab/current/containerDir0/2/metadata/2-dn-container.db
java.io.IOException: Failed init RocksDB, db path : /opt/src/hadoop-ozone/integration-test/target/test-dir/MiniOzoneClusterImpl-3f379463-9810-48df-887f-c222ef37097c/datanode-0/data/containers/hdds/500ceb14-8321-4c8a-b6b3-e488e41f7aab/current/containerDir0/2/metadata/2-dn-container.db
	at org.apache.hadoop.utils.RocksDBStore.<init>(RocksDBStore.java:87)
	at org.apache.hadoop.utils.MetadataStoreBuilder.build(MetadataStoreBuilder.java:137)
	at org.apache.hadoop.ozone.container.common.utils.ContainerCache.getDB(ContainerCache.java:129)
	at org.apache.hadoop.ozone.container.keyvalue.helpers.BlockUtils.getDB(BlockUtils.java:77)
	at org.apache.hadoop.ozone.container.keyvalue.statemachine.background.BlockDeletingService$BlockDeletingTask.call(BlockDeletingService.java:188)
	at org.apache.hadoop.ozone.container.keyvalue.statemachine.background.BlockDeletingService$BlockDeletingTask.call(BlockDeletingService.java:172)
	at java.util.concurrent.FutureTask.run(FutureTask.java:266)
	at java.util.concurrent.Executors$RunnableAdapter.call(Executors.java:511)
	at java.util.concurrent.FutureTask.run(FutureTask.java:266)
	at java.util.concurrent.Executors$RunnableAdapter.call(Executors.java:511)
	at java.util.concurrent.FutureTask.run(FutureTask.java:266)
	at java.util.concurrent.ScheduledThreadPoolExecutor$ScheduledFutureTask.access$201(ScheduledThreadPoolExecutor.java:180)
	at java.util.concurrent.ScheduledThreadPoolExecutor$ScheduledFutureTask.run(ScheduledThreadPoolExecutor.java:293)
	at java.util.concurrent.ThreadPoolExecutor.runWorker(ThreadPoolExecutor.java:1149)
	at java.util.concurrent.ThreadPoolExecutor$Worker.run(ThreadPoolExecutor.java:624)
	at java.lang.Thread.run(Thread.java:748)
Caused by: org.rocksdb.RocksDBException: While mkdir if missing: /opt/src/hadoop-ozone/integration-test/target/test-dir/MiniOzoneClusterImpl-3f379463-9810-48df-887f-c222ef37097c/datanode-0/data/containers/hdds/500ceb14-8321-4c8a-b6b3-e488e41f7aab/current/containerDir0/2/metadata/2-dn-container.db: No such file or directory
	at org.rocksdb.RocksDB.open(Native Method)
	at org.rocksdb.RocksDB.open(RocksDB.java:231)
	at org.apache.hadoop.utils.RocksDBStore.<init>(RocksDBStore.java:71)
	... 15 more
2019-06-13 16:25:34,199 WARN  utils.BackgroundService (BackgroundService.java:lambda$run$0(135)) - Background task fails to execute, retrying in next interval
java.util.concurrent.ExecutionException: org.apache.hadoop.hdds.scm.container.common.helpers.StorageContainerException: Error opening DB. Container:5 ContainerPath:/opt/src/hadoop-ozone/integration-test/target/test-dir/MiniOzoneClusterImpl-3f379463-9810-48df-887f-c222ef37097c/datanode-0/data/containers/hdds/500ceb14-8321-4c8a-b6b3-e488e41f7aab/current/containerDir0/5/metadata/5-dn-container.db
	at java.util.concurrent.FutureTask.report(FutureTask.java:122)
	at java.util.concurrent.FutureTask.get(FutureTask.java:206)
	at org.apache.hadoop.utils.BackgroundService$PeriodicalTask.lambda$run$0(BackgroundService.java:129)
	at java.util.stream.ForEachOps$ForEachOp$OfRef.accept(ForEachOps.java:184)
	at java.util.ArrayList$ArrayListSpliterator.forEachRemaining(ArrayList.java:1382)
	at java.util.stream.AbstractPipeline.copyInto(AbstractPipeline.java:482)
	at java.util.stream.ForEachOps$ForEachTask.compute(ForEachOps.java:291)
	at java.util.concurrent.CountedCompleter.exec(CountedCompleter.java:731)
	at java.util.concurrent.ForkJoinTask.doExec(ForkJoinTask.java:289)
	at java.util.concurrent.ForkJoinPool$WorkQueue.runTask(ForkJoinPool.java:1056)
	at java.util.concurrent.ForkJoinPool.runWorker(ForkJoinPool.java:1692)
	at java.util.concurrent.ForkJoinWorkerThread.run(ForkJoinWorkerThread.java:157)
Caused by: org.apache.hadoop.hdds.scm.container.common.helpers.StorageContainerException: Error opening DB. Container:5 ContainerPath:/opt/src/hadoop-ozone/integration-test/target/test-dir/MiniOzoneClusterImpl-3f379463-9810-48df-887f-c222ef37097c/datanode-0/data/containers/hdds/500ceb14-8321-4c8a-b6b3-e488e41f7aab/current/containerDir0/5/metadata/5-dn-container.db
	at org.apache.hadoop.ozone.container.keyvalue.helpers.BlockUtils.getDB(BlockUtils.java:84)
	at org.apache.hadoop.ozone.container.keyvalue.statemachine.background.BlockDeletingService$BlockDeletingTask.call(BlockDeletingService.java:188)
	at org.apache.hadoop.ozone.container.keyvalue.statemachine.background.BlockDeletingService$BlockDeletingTask.call(BlockDeletingService.java:172)
	at java.util.concurrent.FutureTask.run(FutureTask.java:266)
	at java.util.concurrent.Executors$RunnableAdapter.call(Executors.java:511)
	at java.util.concurrent.FutureTask.run(FutureTask.java:266)
	at java.util.concurrent.Executors$RunnableAdapter.call(Executors.java:511)
	at java.util.concurrent.FutureTask.run(FutureTask.java:266)
	at java.util.concurrent.ScheduledThreadPoolExecutor$ScheduledFutureTask.access$201(ScheduledThreadPoolExecutor.java:180)
	at java.util.concurrent.ScheduledThreadPoolExecutor$ScheduledFutureTask.run(ScheduledThreadPoolExecutor.java:293)
	at java.util.concurrent.ThreadPoolExecutor.runWorker(ThreadPoolExecutor.java:1149)
	at java.util.concurrent.ThreadPoolExecutor$Worker.run(ThreadPoolExecutor.java:624)
	at java.lang.Thread.run(Thread.java:748)
2019-06-13 16:25:34,199 WARN  utils.BackgroundService (BackgroundService.java:lambda$run$0(135)) - Background task fails to execute, retrying in next interval
java.util.concurrent.ExecutionException: org.apache.hadoop.hdds.scm.container.common.helpers.StorageContainerException: Error opening DB. Container:1 ContainerPath:/opt/src/hadoop-ozone/integration-test/target/test-dir/MiniOzoneClusterImpl-3f379463-9810-48df-887f-c222ef37097c/datanode-0/data/containers/hdds/500ceb14-8321-4c8a-b6b3-e488e41f7aab/current/containerDir0/1/metadata/1-dn-container.db
	at java.util.concurrent.FutureTask.report(FutureTask.java:122)
	at java.util.concurrent.FutureTask.get(FutureTask.java:206)
	at org.apache.hadoop.utils.BackgroundService$PeriodicalTask.lambda$run$0(BackgroundService.java:129)
	at java.util.stream.ForEachOps$ForEachOp$OfRef.accept(ForEachOps.java:184)
	at java.util.ArrayList$ArrayListSpliterator.forEachRemaining(ArrayList.java:1382)
	at java.util.stream.AbstractPipeline.copyInto(AbstractPipeline.java:482)
	at java.util.stream.ForEachOps$ForEachTask.compute(ForEachOps.java:291)
	at java.util.concurrent.CountedCompleter.exec(CountedCompleter.java:731)
	at java.util.concurrent.ForkJoinTask.doExec(ForkJoinTask.java:289)
	at java.util.concurrent.ForkJoinPool$WorkQueue.execLocalTasks(ForkJoinPool.java:1040)
	at java.util.concurrent.ForkJoinPool$WorkQueue.runTask(ForkJoinPool.java:1058)
	at java.util.concurrent.ForkJoinPool.runWorker(ForkJoinPool.java:1692)
	at java.util.concurrent.ForkJoinWorkerThread.run(ForkJoinWorkerThread.java:157)
Caused by: org.apache.hadoop.hdds.scm.container.common.helpers.StorageContainerException: Error opening DB. Container:1 ContainerPath:/opt/src/hadoop-ozone/integration-test/target/test-dir/MiniOzoneClusterImpl-3f379463-9810-48df-887f-c222ef37097c/datanode-0/data/containers/hdds/500ceb14-8321-4c8a-b6b3-e488e41f7aab/current/containerDir0/1/metadata/1-dn-container.db
	at org.apache.hadoop.ozone.container.keyvalue.helpers.BlockUtils.getDB(BlockUtils.java:84)
	at org.apache.hadoop.ozone.container.keyvalue.statemachine.background.BlockDeletingService$BlockDeletingTask.call(BlockDeletingService.java:188)
	at org.apache.hadoop.ozone.container.keyvalue.statemachine.background.BlockDeletingService$BlockDeletingTask.call(BlockDeletingService.java:172)
	at java.util.concurrent.FutureTask.run(FutureTask.java:266)
	at java.util.concurrent.Executors$RunnableAdapter.call(Executors.java:511)
	at java.util.concurrent.FutureTask.run(FutureTask.java:266)
	at java.util.concurrent.Executors$RunnableAdapter.call(Executors.java:511)
	at java.util.concurrent.FutureTask.run(FutureTask.java:266)
	at java.util.concurrent.ScheduledThreadPoolExecutor$ScheduledFutureTask.access$201(ScheduledThreadPoolExecutor.java:180)
	at java.util.concurrent.ScheduledThreadPoolExecutor$ScheduledFutureTask.run(ScheduledThreadPoolExecutor.java:293)
	at java.util.concurrent.ThreadPoolExecutor.runWorker(ThreadPoolExecutor.java:1149)
	at java.util.concurrent.ThreadPoolExecutor$Worker.run(ThreadPoolExecutor.java:624)
	at java.lang.Thread.run(Thread.java:748)
2019-06-13 16:25:34,200 WARN  utils.BackgroundService (BackgroundService.java:lambda$run$0(135)) - Background task fails to execute, retrying in next interval
java.util.concurrent.ExecutionException: org.apache.hadoop.hdds.scm.container.common.helpers.StorageContainerException: Error opening DB. Container:2 ContainerPath:/opt/src/hadoop-ozone/integration-test/target/test-dir/MiniOzoneClusterImpl-3f379463-9810-48df-887f-c222ef37097c/datanode-0/data/containers/hdds/500ceb14-8321-4c8a-b6b3-e488e41f7aab/current/containerDir0/2/metadata/2-dn-container.db
	at java.util.concurrent.FutureTask.report(FutureTask.java:122)
	at java.util.concurrent.FutureTask.get(FutureTask.java:206)
	at org.apache.hadoop.utils.BackgroundService$PeriodicalTask.lambda$run$0(BackgroundService.java:129)
	at java.util.stream.ForEachOps$ForEachOp$OfRef.accept(ForEachOps.java:184)
	at java.util.ArrayList$ArrayListSpliterator.forEachRemaining(ArrayList.java:1382)
	at java.util.stream.AbstractPipeline.copyInto(AbstractPipeline.java:482)
	at java.util.stream.ForEachOps$ForEachTask.compute(ForEachOps.java:291)
	at java.util.concurrent.CountedCompleter.exec(CountedCompleter.java:731)
	at java.util.concurrent.ForkJoinTask.doExec(ForkJoinTask.java:289)
	at java.util.concurrent.ForkJoinPool$WorkQueue.runTask(ForkJoinPool.java:1056)
	at java.util.concurrent.ForkJoinPool.runWorker(ForkJoinPool.java:1692)
	at java.util.concurrent.ForkJoinWorkerThread.run(ForkJoinWorkerThread.java:157)
Caused by: org.apache.hadoop.hdds.scm.container.common.helpers.StorageContainerException: Error opening DB. Container:2 ContainerPath:/opt/src/hadoop-ozone/integration-test/target/test-dir/MiniOzoneClusterImpl-3f379463-9810-48df-887f-c222ef37097c/datanode-0/data/containers/hdds/500ceb14-8321-4c8a-b6b3-e488e41f7aab/current/containerDir0/2/metadata/2-dn-container.db
	at org.apache.hadoop.ozone.container.keyvalue.helpers.BlockUtils.getDB(BlockUtils.java:84)
	at org.apache.hadoop.ozone.container.keyvalue.statemachine.background.BlockDeletingService$BlockDeletingTask.call(BlockDeletingService.java:188)
	at org.apache.hadoop.ozone.container.keyvalue.statemachine.background.BlockDeletingService$BlockDeletingTask.call(BlockDeletingService.java:172)
	at java.util.concurrent.FutureTask.run(FutureTask.java:266)
	at java.util.concurrent.Executors$RunnableAdapter.call(Executors.java:511)
	at java.util.concurrent.FutureTask.run(FutureTask.java:266)
	at java.util.concurrent.Executors$RunnableAdapter.call(Executors.java:511)
	at java.util.concurrent.FutureTask.run(FutureTask.java:266)
	at java.util.concurrent.ScheduledThreadPoolExecutor$ScheduledFutureTask.access$201(ScheduledThreadPoolExecutor.java:180)
	at java.util.concurrent.ScheduledThreadPoolExecutor$ScheduledFutureTask.run(ScheduledThreadPoolExecutor.java:293)
	at java.util.concurrent.ThreadPoolExecutor.runWorker(ThreadPoolExecutor.java:1149)
	at java.util.concurrent.ThreadPoolExecutor$Worker.run(ThreadPoolExecutor.java:624)
	at java.lang.Thread.run(Thread.java:748)
2019-06-13 16:25:34,200 WARN  utils.BackgroundService (BackgroundService.java:lambda$run$0(135)) - Background task fails to execute, retrying in next interval
java.util.concurrent.ExecutionException: org.apache.hadoop.hdds.scm.container.common.helpers.StorageContainerException: Error opening DB. Container:3 ContainerPath:/opt/src/hadoop-ozone/integration-test/target/test-dir/MiniOzoneClusterImpl-3f379463-9810-48df-887f-c222ef37097c/datanode-0/data/containers/hdds/500ceb14-8321-4c8a-b6b3-e488e41f7aab/current/containerDir0/3/metadata/3-dn-container.db
	at java.util.concurrent.FutureTask.report(FutureTask.java:122)
	at java.util.concurrent.FutureTask.get(FutureTask.java:206)
	at org.apache.hadoop.utils.BackgroundService$PeriodicalTask.lambda$run$0(BackgroundService.java:129)
	at java.util.stream.ForEachOps$ForEachOp$OfRef.accept(ForEachOps.java:184)
	at java.util.ArrayList$ArrayListSpliterator.forEachRemaining(ArrayList.java:1382)
	at java.util.stream.AbstractPipeline.copyInto(AbstractPipeline.java:482)
	at java.util.stream.ForEachOps$ForEachTask.compute(ForEachOps.java:291)
	at java.util.concurrent.CountedCompleter.exec(CountedCompleter.java:731)
	at java.util.concurrent.ForkJoinTask.doExec(ForkJoinTask.java:289)
	at java.util.concurrent.ForkJoinPool$WorkQueue.execLocalTasks(ForkJoinPool.java:1040)
	at java.util.concurrent.ForkJoinPool$WorkQueue.runTask(ForkJoinPool.java:1058)
	at java.util.concurrent.ForkJoinPool.runWorker(ForkJoinPool.java:1692)
	at java.util.concurrent.ForkJoinWorkerThread.run(ForkJoinWorkerThread.java:157)
Caused by: org.apache.hadoop.hdds.scm.container.common.helpers.StorageContainerException: Error opening DB. Container:3 ContainerPath:/opt/src/hadoop-ozone/integration-test/target/test-dir/MiniOzoneClusterImpl-3f379463-9810-48df-887f-c222ef37097c/datanode-0/data/containers/hdds/500ceb14-8321-4c8a-b6b3-e488e41f7aab/current/containerDir0/3/metadata/3-dn-container.db
	at org.apache.hadoop.ozone.container.keyvalue.helpers.BlockUtils.getDB(BlockUtils.java:84)
	at org.apache.hadoop.ozone.container.keyvalue.statemachine.background.BlockDeletingService$BlockDeletingTask.call(BlockDeletingService.java:188)
	at org.apache.hadoop.ozone.container.keyvalue.statemachine.background.BlockDeletingService$BlockDeletingTask.call(BlockDeletingService.java:172)
	at java.util.concurrent.FutureTask.run(FutureTask.java:266)
	at java.util.concurrent.Executors$RunnableAdapter.call(Executors.java:511)
	at java.util.concurrent.FutureTask.run(FutureTask.java:266)
	at java.util.concurrent.Executors$RunnableAdapter.call(Executors.java:511)
	at java.util.concurrent.FutureTask.run(FutureTask.java:266)
	at java.util.concurrent.ScheduledThreadPoolExecutor$ScheduledFutureTask.access$201(ScheduledThreadPoolExecutor.java:180)
	at java.util.concurrent.ScheduledThreadPoolExecutor$ScheduledFutureTask.run(ScheduledThreadPoolExecutor.java:293)
	at java.util.concurrent.ThreadPoolExecutor.runWorker(ThreadPoolExecutor.java:1149)
	at java.util.concurrent.ThreadPoolExecutor$Worker.run(ThreadPoolExecutor.java:624)
	at java.lang.Thread.run(Thread.java:748)
2019-06-13 16:25:34,200 WARN  utils.BackgroundService (BackgroundService.java:lambda$run$0(135)) - Background task fails to execute, retrying in next interval
java.util.concurrent.ExecutionException: org.apache.hadoop.hdds.scm.container.common.helpers.StorageContainerException: Error opening DB. Container:4 ContainerPath:/opt/src/hadoop-ozone/integration-test/target/test-dir/MiniOzoneClusterImpl-3f379463-9810-48df-887f-c222ef37097c/datanode-0/data/containers/hdds/500ceb14-8321-4c8a-b6b3-e488e41f7aab/current/containerDir0/4/metadata/4-dn-container.db
	at java.util.concurrent.FutureTask.report(FutureTask.java:122)
	at java.util.concurrent.FutureTask.get(FutureTask.java:206)
	at org.apache.hadoop.utils.BackgroundService$PeriodicalTask.lambda$run$0(BackgroundService.java:129)
	at java.util.stream.ForEachOps$ForEachOp$OfRef.accept(ForEachOps.java:184)
	at java.util.ArrayList$ArrayListSpliterator.forEachRemaining(ArrayList.java:1382)
	at java.util.stream.AbstractPipeline.copyInto(AbstractPipeline.java:482)
	at java.util.stream.ForEachOps$ForEachTask.compute(ForEachOps.java:291)
	at java.util.concurrent.CountedCompleter.exec(CountedCompleter.java:731)
	at java.util.concurrent.ForkJoinTask.doExec(ForkJoinTask.java:289)
	at java.util.concurrent.ForkJoinTask.doInvoke(ForkJoinTask.java:401)
	at java.util.concurrent.ForkJoinTask.invoke(ForkJoinTask.java:734)
	at java.util.stream.ForEachOps$ForEachOp.evaluateParallel(ForEachOps.java:160)
	at java.util.stream.ForEachOps$ForEachOp$OfRef.evaluateParallel(ForEachOps.java:174)
	at java.util.stream.AbstractPipeline.evaluate(AbstractPipeline.java:233)
	at java.util.stream.ReferencePipeline.forEach(ReferencePipeline.java:418)
	at java.util.stream.ReferencePipeline$Head.forEach(ReferencePipeline.java:583)
	at org.apache.hadoop.utils.BackgroundService$PeriodicalTask.run(BackgroundService.java:125)
	at java.util.concurrent.Executors$RunnableAdapter.call(Executors.java:511)
	at java.util.concurrent.FutureTask.runAndReset(FutureTask.java:308)
	at java.util.concurrent.ScheduledThreadPoolExecutor$ScheduledFutureTask.access$301(ScheduledThreadPoolExecutor.java:180)
	at java.util.concurrent.ScheduledThreadPoolExecutor$ScheduledFutureTask.run(ScheduledThreadPoolExecutor.java:294)
	at java.util.concurrent.ThreadPoolExecutor.runWorker(ThreadPoolExecutor.java:1149)
	at java.util.concurrent.ThreadPoolExecutor$Worker.run(ThreadPoolExecutor.java:624)
	at java.lang.Thread.run(Thread.java:748)
Caused by: org.apache.hadoop.hdds.scm.container.common.helpers.StorageContainerException: Error opening DB. Container:4 ContainerPath:/opt/src/hadoop-ozone/integration-test/target/test-dir/MiniOzoneClusterImpl-3f379463-9810-48df-887f-c222ef37097c/datanode-0/data/containers/hdds/500ceb14-8321-4c8a-b6b3-e488e41f7aab/current/containerDir0/4/metadata/4-dn-container.db
	at org.apache.hadoop.ozone.container.keyvalue.helpers.BlockUtils.getDB(BlockUtils.java:84)
	at org.apache.hadoop.ozone.container.keyvalue.statemachine.background.BlockDeletingService$BlockDeletingTask.call(BlockDeletingService.java:188)
	at org.apache.hadoop.ozone.container.keyvalue.statemachine.background.BlockDeletingService$BlockDeletingTask.call(BlockDeletingService.java:172)
	at java.util.concurrent.FutureTask.run(FutureTask.java:266)
	at java.util.concurrent.Executors$RunnableAdapter.call(Executors.java:511)
	at java.util.concurrent.FutureTask.run(FutureTask.java:266)
	at java.util.concurrent.Executors$RunnableAdapter.call(Executors.java:511)
	at java.util.concurrent.FutureTask.run(FutureTask.java:266)
	at java.util.concurrent.ScheduledThreadPoolExecutor$ScheduledFutureTask.access$201(ScheduledThreadPoolExecutor.java:180)
	at java.util.concurrent.ScheduledThreadPoolExecutor$ScheduledFutureTask.run(ScheduledThreadPoolExecutor.java:293)
	... 3 more
2019-06-13 16:25:34,442 INFO  ozone.MiniOzoneClusterImpl (MiniOzoneClusterImpl.java:lambda$waitForClusterToBeReady$0(142)) - Waiting for cluster to be ready. Got 0 of 1 DN Heartbeats.
2019-06-13 16:25:35,200 INFO  background.BlockDeletingService (BlockDeletingService.java:getTasks(123)) - Plan to choose 10 containers for block deletion, actually returns 5 valid containers.
2019-06-13 16:25:35,201 ERROR utils.ContainerCache (ContainerCache.java:getDB(137)) - Error opening DB. Container:1 ContainerPath:/opt/src/hadoop-ozone/integration-test/target/test-dir/MiniOzoneClusterImpl-3f379463-9810-48df-887f-c222ef37097c/datanode-0/data/containers/hdds/500ceb14-8321-4c8a-b6b3-e488e41f7aab/current/containerDir0/1/metadata/1-dn-container.db
java.io.IOException: Failed init RocksDB, db path : /opt/src/hadoop-ozone/integration-test/target/test-dir/MiniOzoneClusterImpl-3f379463-9810-48df-887f-c222ef37097c/datanode-0/data/containers/hdds/500ceb14-8321-4c8a-b6b3-e488e41f7aab/current/containerDir0/1/metadata/1-dn-container.db
	at org.apache.hadoop.utils.RocksDBStore.<init>(RocksDBStore.java:87)
	at org.apache.hadoop.utils.MetadataStoreBuilder.build(MetadataStoreBuilder.java:137)
	at org.apache.hadoop.ozone.container.common.utils.ContainerCache.getDB(ContainerCache.java:129)
	at org.apache.hadoop.ozone.container.keyvalue.helpers.BlockUtils.getDB(BlockUtils.java:77)
	at org.apache.hadoop.ozone.container.keyvalue.statemachine.background.BlockDeletingService$BlockDeletingTask.call(BlockDeletingService.java:188)
	at org.apache.hadoop.ozone.container.keyvalue.statemachine.background.BlockDeletingService$BlockDeletingTask.call(BlockDeletingService.java:172)
	at java.util.concurrent.FutureTask.run(FutureTask.java:266)
	at java.util.concurrent.Executors$RunnableAdapter.call(Executors.java:511)
	at java.util.concurrent.FutureTask.run(FutureTask.java:266)
	at java.util.concurrent.Executors$RunnableAdapter.call(Executors.java:511)
	at java.util.concurrent.FutureTask.run(FutureTask.java:266)
	at java.util.concurrent.ScheduledThreadPoolExecutor$ScheduledFutureTask.access$201(ScheduledThreadPoolExecutor.java:180)
	at java.util.concurrent.ScheduledThreadPoolExecutor$ScheduledFutureTask.run(ScheduledThreadPoolExecutor.java:293)
	at java.util.concurrent.ThreadPoolExecutor.runWorker(ThreadPoolExecutor.java:1149)
	at java.util.concurrent.ThreadPoolExecutor$Worker.run(ThreadPoolExecutor.java:624)
	at java.lang.Thread.run(Thread.java:748)
Caused by: org.rocksdb.RocksDBException: While mkdir if missing: /opt/src/hadoop-ozone/integration-test/target/test-dir/MiniOzoneClusterImpl-3f379463-9810-48df-887f-c222ef37097c/datanode-0/data/containers/hdds/500ceb14-8321-4c8a-b6b3-e488e41f7aab/current/containerDir0/1/metadata/1-dn-container.db: No such file or directory
	at org.rocksdb.RocksDB.open(Native Method)
	at org.rocksdb.RocksDB.open(RocksDB.java:231)
	at org.apache.hadoop.utils.RocksDBStore.<init>(RocksDBStore.java:71)
	... 15 more
2019-06-13 16:25:35,201 ERROR utils.ContainerCache (ContainerCache.java:getDB(137)) - Error opening DB. Container:5 ContainerPath:/opt/src/hadoop-ozone/integration-test/target/test-dir/MiniOzoneClusterImpl-3f379463-9810-48df-887f-c222ef37097c/datanode-0/data/containers/hdds/500ceb14-8321-4c8a-b6b3-e488e41f7aab/current/containerDir0/5/metadata/5-dn-container.db
java.io.IOException: Failed init RocksDB, db path : /opt/src/hadoop-ozone/integration-test/target/test-dir/MiniOzoneClusterImpl-3f379463-9810-48df-887f-c222ef37097c/datanode-0/data/containers/hdds/500ceb14-8321-4c8a-b6b3-e488e41f7aab/current/containerDir0/5/metadata/5-dn-container.db
	at org.apache.hadoop.utils.RocksDBStore.<init>(RocksDBStore.java:87)
	at org.apache.hadoop.utils.MetadataStoreBuilder.build(MetadataStoreBuilder.java:137)
	at org.apache.hadoop.ozone.container.common.utils.ContainerCache.getDB(ContainerCache.java:129)
	at org.apache.hadoop.ozone.container.keyvalue.helpers.BlockUtils.getDB(BlockUtils.java:77)
	at org.apache.hadoop.ozone.container.keyvalue.statemachine.background.BlockDeletingService$BlockDeletingTask.call(BlockDeletingService.java:188)
	at org.apache.hadoop.ozone.container.keyvalue.statemachine.background.BlockDeletingService$BlockDeletingTask.call(BlockDeletingService.java:172)
	at java.util.concurrent.FutureTask.run(FutureTask.java:266)
	at java.util.concurrent.Executors$RunnableAdapter.call(Executors.java:511)
	at java.util.concurrent.FutureTask.run(FutureTask.java:266)
	at java.util.concurrent.Executors$RunnableAdapter.call(Executors.java:511)
	at java.util.concurrent.FutureTask.run(FutureTask.java:266)
	at java.util.concurrent.ScheduledThreadPoolExecutor$ScheduledFutureTask.access$201(ScheduledThreadPoolExecutor.java:180)
	at java.util.concurrent.ScheduledThreadPoolExecutor$ScheduledFutureTask.run(ScheduledThreadPoolExecutor.java:293)
	at java.util.concurrent.ThreadPoolExecutor.runWorker(ThreadPoolExecutor.java:1149)
	at java.util.concurrent.ThreadPoolExecutor$Worker.run(ThreadPoolExecutor.java:624)
	at java.lang.Thread.run(Thread.java:748)
Caused by: org.rocksdb.RocksDBException: While mkdir if missing: /opt/src/hadoop-ozone/integration-test/target/test-dir/MiniOzoneClusterImpl-3f379463-9810-48df-887f-c222ef37097c/datanode-0/data/containers/hdds/500ceb14-8321-4c8a-b6b3-e488e41f7aab/current/containerDir0/5/metadata/5-dn-container.db: No such file or directory
	at org.rocksdb.RocksDB.open(Native Method)
	at org.rocksdb.RocksDB.open(RocksDB.java:231)
	at org.apache.hadoop.utils.RocksDBStore.<init>(RocksDBStore.java:71)
	... 15 more
2019-06-13 16:25:35,201 WARN  utils.BackgroundService (BackgroundService.java:lambda$run$0(135)) - Background task fails to execute, retrying in next interval
java.util.concurrent.ExecutionException: org.apache.hadoop.hdds.scm.container.common.helpers.StorageContainerException: Error opening DB. Container:5 ContainerPath:/opt/src/hadoop-ozone/integration-test/target/test-dir/MiniOzoneClusterImpl-3f379463-9810-48df-887f-c222ef37097c/datanode-0/data/containers/hdds/500ceb14-8321-4c8a-b6b3-e488e41f7aab/current/containerDir0/5/metadata/5-dn-container.db
	at java.util.concurrent.FutureTask.report(FutureTask.java:122)
	at java.util.concurrent.FutureTask.get(FutureTask.java:206)
	at org.apache.hadoop.utils.BackgroundService$PeriodicalTask.lambda$run$0(BackgroundService.java:129)
	at java.util.stream.ForEachOps$ForEachOp$OfRef.accept(ForEachOps.java:184)
	at java.util.ArrayList$ArrayListSpliterator.forEachRemaining(ArrayList.java:1382)
	at java.util.stream.AbstractPipeline.copyInto(AbstractPipeline.java:482)
	at java.util.stream.ForEachOps$ForEachTask.compute(ForEachOps.java:291)
	at java.util.concurrent.CountedCompleter.exec(CountedCompleter.java:731)
	at java.util.concurrent.ForkJoinTask.doExec(ForkJoinTask.java:289)
	at java.util.concurrent.ForkJoinPool$WorkQueue.runTask(ForkJoinPool.java:1056)
	at java.util.concurrent.ForkJoinPool.runWorker(ForkJoinPool.java:1692)
	at java.util.concurrent.ForkJoinWorkerThread.run(ForkJoinWorkerThread.java:157)
Caused by: org.apache.hadoop.hdds.scm.container.common.helpers.StorageContainerException: Error opening DB. Container:5 ContainerPath:/opt/src/hadoop-ozone/integration-test/target/test-dir/MiniOzoneClusterImpl-3f379463-9810-48df-887f-c222ef37097c/datanode-0/data/containers/hdds/500ceb14-8321-4c8a-b6b3-e488e41f7aab/current/containerDir0/5/metadata/5-dn-container.db
	at org.apache.hadoop.ozone.container.keyvalue.helpers.BlockUtils.getDB(BlockUtils.java:84)
	at org.apache.hadoop.ozone.container.keyvalue.statemachine.background.BlockDeletingService$BlockDeletingTask.call(BlockDeletingService.java:188)
	at org.apache.hadoop.ozone.container.keyvalue.statemachine.background.BlockDeletingService$BlockDeletingTask.call(BlockDeletingService.java:172)
	at java.util.concurrent.FutureTask.run(FutureTask.java:266)
	at java.util.concurrent.Executors$RunnableAdapter.call(Executors.java:511)
	at java.util.concurrent.FutureTask.run(FutureTask.java:266)
	at java.util.concurrent.Executors$RunnableAdapter.call(Executors.java:511)
	at java.util.concurrent.FutureTask.run(FutureTask.java:266)
	at java.util.concurrent.ScheduledThreadPoolExecutor$ScheduledFutureTask.access$201(ScheduledThreadPoolExecutor.java:180)
	at java.util.concurrent.ScheduledThreadPoolExecutor$ScheduledFutureTask.run(ScheduledThreadPoolExecutor.java:293)
	at java.util.concurrent.ThreadPoolExecutor.runWorker(ThreadPoolExecutor.java:1149)
	at java.util.concurrent.ThreadPoolExecutor$Worker.run(ThreadPoolExecutor.java:624)
	at java.lang.Thread.run(Thread.java:748)
2019-06-13 16:25:35,202 ERROR utils.ContainerCache (ContainerCache.java:getDB(137)) - Error opening DB. Container:4 ContainerPath:/opt/src/hadoop-ozone/integration-test/target/test-dir/MiniOzoneClusterImpl-3f379463-9810-48df-887f-c222ef37097c/datanode-0/data/containers/hdds/500ceb14-8321-4c8a-b6b3-e488e41f7aab/current/containerDir0/4/metadata/4-dn-container.db
java.io.IOException: Failed init RocksDB, db path : /opt/src/hadoop-ozone/integration-test/target/test-dir/MiniOzoneClusterImpl-3f379463-9810-48df-887f-c222ef37097c/datanode-0/data/containers/hdds/500ceb14-8321-4c8a-b6b3-e488e41f7aab/current/containerDir0/4/metadata/4-dn-container.db
	at org.apache.hadoop.utils.RocksDBStore.<init>(RocksDBStore.java:87)
	at org.apache.hadoop.utils.MetadataStoreBuilder.build(MetadataStoreBuilder.java:137)
	at org.apache.hadoop.ozone.container.common.utils.ContainerCache.getDB(ContainerCache.java:129)
	at org.apache.hadoop.ozone.container.keyvalue.helpers.BlockUtils.getDB(BlockUtils.java:77)
	at org.apache.hadoop.ozone.container.keyvalue.statemachine.background.BlockDeletingService$BlockDeletingTask.call(BlockDeletingService.java:188)
	at org.apache.hadoop.ozone.container.keyvalue.statemachine.background.BlockDeletingService$BlockDeletingTask.call(BlockDeletingService.java:172)
	at java.util.concurrent.FutureTask.run(FutureTask.java:266)
	at java.util.concurrent.Executors$RunnableAdapter.call(Executors.java:511)
	at java.util.concurrent.FutureTask.run(FutureTask.java:266)
	at java.util.concurrent.Executors$RunnableAdapter.call(Executors.java:511)
	at java.util.concurrent.FutureTask.run(FutureTask.java:266)
	at java.util.concurrent.ScheduledThreadPoolExecutor$ScheduledFutureTask.access$201(ScheduledThreadPoolExecutor.java:180)
	at java.util.concurrent.ScheduledThreadPoolExecutor$ScheduledFutureTask.run(ScheduledThreadPoolExecutor.java:293)
	at java.util.concurrent.ThreadPoolExecutor.runWorker(ThreadPoolExecutor.java:1149)
	at java.util.concurrent.ThreadPoolExecutor$Worker.run(ThreadPoolExecutor.java:624)
	at java.lang.Thread.run(Thread.java:748)
Caused by: org.rocksdb.RocksDBException: While mkdir if missing: /opt/src/hadoop-ozone/integration-test/target/test-dir/MiniOzoneClusterImpl-3f379463-9810-48df-887f-c222ef37097c/datanode-0/data/containers/hdds/500ceb14-8321-4c8a-b6b3-e488e41f7aab/current/containerDir0/4/metadata/4-dn-container.db: No such file or directory
	at org.rocksdb.RocksDB.open(Native Method)
	at org.rocksdb.RocksDB.open(RocksDB.java:231)
	at org.apache.hadoop.utils.RocksDBStore.<init>(RocksDBStore.java:71)
	... 15 more
2019-06-13 16:25:35,202 WARN  utils.BackgroundService (BackgroundService.java:lambda$run$0(135)) - Background task fails to execute, retrying in next interval
java.util.concurrent.ExecutionException: org.apache.hadoop.hdds.scm.container.common.helpers.StorageContainerException: Error opening DB. Container:1 ContainerPath:/opt/src/hadoop-ozone/integration-test/target/test-dir/MiniOzoneClusterImpl-3f379463-9810-48df-887f-c222ef37097c/datanode-0/data/containers/hdds/500ceb14-8321-4c8a-b6b3-e488e41f7aab/current/containerDir0/1/metadata/1-dn-container.db
	at java.util.concurrent.FutureTask.report(FutureTask.java:122)
	at java.util.concurrent.FutureTask.get(FutureTask.java:206)
	at org.apache.hadoop.utils.BackgroundService$PeriodicalTask.lambda$run$0(BackgroundService.java:129)
	at java.util.stream.ForEachOps$ForEachOp$OfRef.accept(ForEachOps.java:184)
	at java.util.ArrayList$ArrayListSpliterator.forEachRemaining(ArrayList.java:1382)
	at java.util.stream.AbstractPipeline.copyInto(AbstractPipeline.java:482)
	at java.util.stream.ForEachOps$ForEachTask.compute(ForEachOps.java:291)
	at java.util.concurrent.CountedCompleter.exec(CountedCompleter.java:731)
	at java.util.concurrent.ForkJoinTask.doExec(ForkJoinTask.java:289)
	at java.util.concurrent.ForkJoinPool$WorkQueue.execLocalTasks(ForkJoinPool.java:1040)
	at java.util.concurrent.ForkJoinPool$WorkQueue.runTask(ForkJoinPool.java:1058)
	at java.util.concurrent.ForkJoinPool.runWorker(ForkJoinPool.java:1692)
	at java.util.concurrent.ForkJoinWorkerThread.run(ForkJoinWorkerThread.java:157)
Caused by: org.apache.hadoop.hdds.scm.container.common.helpers.StorageContainerException: Error opening DB. Container:1 ContainerPath:/opt/src/hadoop-ozone/integration-test/target/test-dir/MiniOzoneClusterImpl-3f379463-9810-48df-887f-c222ef37097c/datanode-0/data/containers/hdds/500ceb14-8321-4c8a-b6b3-e488e41f7aab/current/containerDir0/1/metadata/1-dn-container.db
	at org.apache.hadoop.ozone.container.keyvalue.helpers.BlockUtils.getDB(BlockUtils.java:84)
	at org.apache.hadoop.ozone.container.keyvalue.statemachine.background.BlockDeletingService$BlockDeletingTask.call(BlockDeletingService.java:188)
	at org.apache.hadoop.ozone.container.keyvalue.statemachine.background.BlockDeletingService$BlockDeletingTask.call(BlockDeletingService.java:172)
	at java.util.concurrent.FutureTask.run(FutureTask.java:266)
	at java.util.concurrent.Executors$RunnableAdapter.call(Executors.java:511)
	at java.util.concurrent.FutureTask.run(FutureTask.java:266)
	at java.util.concurrent.Executors$RunnableAdapter.call(Executors.java:511)
	at java.util.concurrent.FutureTask.run(FutureTask.java:266)
	at java.util.concurrent.ScheduledThreadPoolExecutor$ScheduledFutureTask.access$201(ScheduledThreadPoolExecutor.java:180)
	at java.util.concurrent.ScheduledThreadPoolExecutor$ScheduledFutureTask.run(ScheduledThreadPoolExecutor.java:293)
	at java.util.concurrent.ThreadPoolExecutor.runWorker(ThreadPoolExecutor.java:1149)
	at java.util.concurrent.ThreadPoolExecutor$Worker.run(ThreadPoolExecutor.java:624)
	at java.lang.Thread.run(Thread.java:748)
2019-06-13 16:25:35,202 ERROR utils.ContainerCache (ContainerCache.java:getDB(137)) - Error opening DB. Container:3 ContainerPath:/opt/src/hadoop-ozone/integration-test/target/test-dir/MiniOzoneClusterImpl-3f379463-9810-48df-887f-c222ef37097c/datanode-0/data/containers/hdds/500ceb14-8321-4c8a-b6b3-e488e41f7aab/current/containerDir0/3/metadata/3-dn-container.db
java.io.IOException: Failed init RocksDB, db path : /opt/src/hadoop-ozone/integration-test/target/test-dir/MiniOzoneClusterImpl-3f379463-9810-48df-887f-c222ef37097c/datanode-0/data/containers/hdds/500ceb14-8321-4c8a-b6b3-e488e41f7aab/current/containerDir0/3/metadata/3-dn-container.db
	at org.apache.hadoop.utils.RocksDBStore.<init>(RocksDBStore.java:87)
	at org.apache.hadoop.utils.MetadataStoreBuilder.build(MetadataStoreBuilder.java:137)
	at org.apache.hadoop.ozone.container.common.utils.ContainerCache.getDB(ContainerCache.java:129)
	at org.apache.hadoop.ozone.container.keyvalue.helpers.BlockUtils.getDB(BlockUtils.java:77)
	at org.apache.hadoop.ozone.container.keyvalue.statemachine.background.BlockDeletingService$BlockDeletingTask.call(BlockDeletingService.java:188)
	at org.apache.hadoop.ozone.container.keyvalue.statemachine.background.BlockDeletingService$BlockDeletingTask.call(BlockDeletingService.java:172)
	at java.util.concurrent.FutureTask.run(FutureTask.java:266)
	at java.util.concurrent.Executors$RunnableAdapter.call(Executors.java:511)
	at java.util.concurrent.FutureTask.run(FutureTask.java:266)
	at java.util.concurrent.Executors$RunnableAdapter.call(Executors.java:511)
	at java.util.concurrent.FutureTask.run(FutureTask.java:266)
	at java.util.concurrent.ScheduledThreadPoolExecutor$ScheduledFutureTask.access$201(ScheduledThreadPoolExecutor.java:180)
	at java.util.concurrent.ScheduledThreadPoolExecutor$ScheduledFutureTask.run(ScheduledThreadPoolExecutor.java:293)
	at java.util.concurrent.ThreadPoolExecutor.runWorker(ThreadPoolExecutor.java:1149)
	at java.util.concurrent.ThreadPoolExecutor$Worker.run(ThreadPoolExecutor.java:624)
	at java.lang.Thread.run(Thread.java:748)
Caused by: org.rocksdb.RocksDBException: While mkdir if missing: /opt/src/hadoop-ozone/integration-test/target/test-dir/MiniOzoneClusterImpl-3f379463-9810-48df-887f-c222ef37097c/datanode-0/data/containers/hdds/500ceb14-8321-4c8a-b6b3-e488e41f7aab/current/containerDir0/3/metadata/3-dn-container.db: No such file or directory
	at org.rocksdb.RocksDB.open(Native Method)
	at org.rocksdb.RocksDB.open(RocksDB.java:231)
	at org.apache.hadoop.utils.RocksDBStore.<init>(RocksDBStore.java:71)
	... 15 more
2019-06-13 16:25:35,202 WARN  utils.BackgroundService (BackgroundService.java:lambda$run$0(135)) - Background task fails to execute, retrying in next interval
java.util.concurrent.ExecutionException: org.apache.hadoop.hdds.scm.container.common.helpers.StorageContainerException: Error opening DB. Container:4 ContainerPath:/opt/src/hadoop-ozone/integration-test/target/test-dir/MiniOzoneClusterImpl-3f379463-9810-48df-887f-c222ef37097c/datanode-0/data/containers/hdds/500ceb14-8321-4c8a-b6b3-e488e41f7aab/current/containerDir0/4/metadata/4-dn-container.db
	at java.util.concurrent.FutureTask.report(FutureTask.java:122)
	at java.util.concurrent.FutureTask.get(FutureTask.java:206)
	at org.apache.hadoop.utils.BackgroundService$PeriodicalTask.lambda$run$0(BackgroundService.java:129)
	at java.util.stream.ForEachOps$ForEachOp$OfRef.accept(ForEachOps.java:184)
	at java.util.ArrayList$ArrayListSpliterator.forEachRemaining(ArrayList.java:1382)
	at java.util.stream.AbstractPipeline.copyInto(AbstractPipeline.java:482)
	at java.util.stream.ForEachOps$ForEachTask.compute(ForEachOps.java:291)
	at java.util.concurrent.CountedCompleter.exec(CountedCompleter.java:731)
	at java.util.concurrent.ForkJoinTask.doExec(ForkJoinTask.java:289)
	at java.util.concurrent.ForkJoinTask.doInvoke(ForkJoinTask.java:401)
	at java.util.concurrent.ForkJoinTask.invoke(ForkJoinTask.java:734)
	at java.util.stream.ForEachOps$ForEachOp.evaluateParallel(ForEachOps.java:160)
	at java.util.stream.ForEachOps$ForEachOp$OfRef.evaluateParallel(ForEachOps.java:174)
	at java.util.stream.AbstractPipeline.evaluate(AbstractPipeline.java:233)
	at java.util.stream.ReferencePipeline.forEach(ReferencePipeline.java:418)
	at java.util.stream.ReferencePipeline$Head.forEach(ReferencePipeline.java:583)
	at org.apache.hadoop.utils.BackgroundService$PeriodicalTask.run(BackgroundService.java:125)
	at java.util.concurrent.Executors$RunnableAdapter.call(Executors.java:511)
	at java.util.concurrent.FutureTask.runAndReset(FutureTask.java:308)
	at java.util.concurrent.ScheduledThreadPoolExecutor$ScheduledFutureTask.access$301(ScheduledThreadPoolExecutor.java:180)
	at java.util.concurrent.ScheduledThreadPoolExecutor$ScheduledFutureTask.run(ScheduledThreadPoolExecutor.java:294)
	at java.util.concurrent.ThreadPoolExecutor.runWorker(ThreadPoolExecutor.java:1149)
	at java.util.concurrent.ThreadPoolExecutor$Worker.run(ThreadPoolExecutor.java:624)
	at java.lang.Thread.run(Thread.java:748)
Caused by: org.apache.hadoop.hdds.scm.container.common.helpers.StorageContainerException: Error opening DB. Container:4 ContainerPath:/opt/src/hadoop-ozone/integration-test/target/test-dir/MiniOzoneClusterImpl-3f379463-9810-48df-887f-c222ef37097c/datanode-0/data/containers/hdds/500ceb14-8321-4c8a-b6b3-e488e41f7aab/current/containerDir0/4/metadata/4-dn-container.db
	at org.apache.hadoop.ozone.container.keyvalue.helpers.BlockUtils.getDB(BlockUtils.java:84)
	at org.apache.hadoop.ozone.container.keyvalue.statemachine.background.BlockDeletingService$BlockDeletingTask.call(BlockDeletingService.java:188)
	at org.apache.hadoop.ozone.container.keyvalue.statemachine.background.BlockDeletingService$BlockDeletingTask.call(BlockDeletingService.java:172)
	at java.util.concurrent.FutureTask.run(FutureTask.java:266)
	at java.util.concurrent.Executors$RunnableAdapter.call(Executors.java:511)
	at java.util.concurrent.FutureTask.run(FutureTask.java:266)
	at java.util.concurrent.Executors$RunnableAdapter.call(Executors.java:511)
	at java.util.concurrent.FutureTask.run(FutureTask.java:266)
	at java.util.concurrent.ScheduledThreadPoolExecutor$ScheduledFutureTask.access$201(ScheduledThreadPoolExecutor.java:180)
	at java.util.concurrent.ScheduledThreadPoolExecutor$ScheduledFutureTask.run(ScheduledThreadPoolExecutor.java:293)
	... 3 more
2019-06-13 16:25:35,202 ERROR utils.ContainerCache (ContainerCache.java:getDB(137)) - Error opening DB. Container:2 ContainerPath:/opt/src/hadoop-ozone/integration-test/target/test-dir/MiniOzoneClusterImpl-3f379463-9810-48df-887f-c222ef37097c/datanode-0/data/containers/hdds/500ceb14-8321-4c8a-b6b3-e488e41f7aab/current/containerDir0/2/metadata/2-dn-container.db
java.io.IOException: Failed init RocksDB, db path : /opt/src/hadoop-ozone/integration-test/target/test-dir/MiniOzoneClusterImpl-3f379463-9810-48df-887f-c222ef37097c/datanode-0/data/containers/hdds/500ceb14-8321-4c8a-b6b3-e488e41f7aab/current/containerDir0/2/metadata/2-dn-container.db
	at org.apache.hadoop.utils.RocksDBStore.<init>(RocksDBStore.java:87)
	at org.apache.hadoop.utils.MetadataStoreBuilder.build(MetadataStoreBuilder.java:137)
	at org.apache.hadoop.ozone.container.common.utils.ContainerCache.getDB(ContainerCache.java:129)
	at org.apache.hadoop.ozone.container.keyvalue.helpers.BlockUtils.getDB(BlockUtils.java:77)
	at org.apache.hadoop.ozone.container.keyvalue.statemachine.background.BlockDeletingService$BlockDeletingTask.call(BlockDeletingService.java:188)
	at org.apache.hadoop.ozone.container.keyvalue.statemachine.background.BlockDeletingService$BlockDeletingTask.call(BlockDeletingService.java:172)
	at java.util.concurrent.FutureTask.run(FutureTask.java:266)
	at java.util.concurrent.Executors$RunnableAdapter.call(Executors.java:511)
	at java.util.concurrent.FutureTask.run(FutureTask.java:266)
	at java.util.concurrent.Executors$RunnableAdapter.call(Executors.java:511)
	at java.util.concurrent.FutureTask.run(FutureTask.java:266)
	at java.util.concurrent.ScheduledThreadPoolExecutor$ScheduledFutureTask.access$201(ScheduledThreadPoolExecutor.java:180)
	at java.util.concurrent.ScheduledThreadPoolExecutor$ScheduledFutureTask.run(ScheduledThreadPoolExecutor.java:293)
	at java.util.concurrent.ThreadPoolExecutor.runWorker(ThreadPoolExecutor.java:1149)
	at java.util.concurrent.ThreadPoolExecutor$Worker.run(ThreadPoolExecutor.java:624)
	at java.lang.Thread.run(Thread.java:748)
Caused by: org.rocksdb.RocksDBException: While mkdir if missing: /opt/src/hadoop-ozone/integration-test/target/test-dir/MiniOzoneClusterImpl-3f379463-9810-48df-887f-c222ef37097c/datanode-0/data/containers/hdds/500ceb14-8321-4c8a-b6b3-e488e41f7aab/current/containerDir0/2/metadata/2-dn-container.db: No such file or directory
	at org.rocksdb.RocksDB.open(Native Method)
	at org.rocksdb.RocksDB.open(RocksDB.java:231)
	at org.apache.hadoop.utils.RocksDBStore.<init>(RocksDBStore.java:71)
	... 15 more
2019-06-13 16:25:35,202 WARN  utils.BackgroundService (BackgroundService.java:lambda$run$0(135)) - Background task fails to execute, retrying in next interval
java.util.concurrent.ExecutionException: org.apache.hadoop.hdds.scm.container.common.helpers.StorageContainerException: Error opening DB. Container:3 ContainerPath:/opt/src/hadoop-ozone/integration-test/target/test-dir/MiniOzoneClusterImpl-3f379463-9810-48df-887f-c222ef37097c/datanode-0/data/containers/hdds/500ceb14-8321-4c8a-b6b3-e488e41f7aab/current/containerDir0/3/metadata/3-dn-container.db
	at java.util.concurrent.FutureTask.report(FutureTask.java:122)
	at java.util.concurrent.FutureTask.get(FutureTask.java:206)
	at org.apache.hadoop.utils.BackgroundService$PeriodicalTask.lambda$run$0(BackgroundService.java:129)
	at java.util.stream.ForEachOps$ForEachOp$OfRef.accept(ForEachOps.java:184)
	at java.util.ArrayList$ArrayListSpliterator.forEachRemaining(ArrayList.java:1382)
	at java.util.stream.AbstractPipeline.copyInto(AbstractPipeline.java:482)
	at java.util.stream.ForEachOps$ForEachTask.compute(ForEachOps.java:291)
	at java.util.concurrent.CountedCompleter.exec(CountedCompleter.java:731)
	at java.util.concurrent.ForkJoinTask.doExec(ForkJoinTask.java:289)
	at java.util.concurrent.ForkJoinPool$WorkQueue.pollAndExecCC(ForkJoinPool.java:1190)
	at java.util.concurrent.ForkJoinPool.helpComplete(ForkJoinPool.java:1879)
	at java.util.concurrent.ForkJoinPool.externalHelpComplete(ForkJoinPool.java:2467)
	at java.util.concurrent.ForkJoinTask.externalAwaitDone(ForkJoinTask.java:324)
	at java.util.concurrent.ForkJoinTask.doInvoke(ForkJoinTask.java:405)
	at java.util.concurrent.ForkJoinTask.invoke(ForkJoinTask.java:734)
	at java.util.stream.ForEachOps$ForEachOp.evaluateParallel(ForEachOps.java:160)
	at java.util.stream.ForEachOps$ForEachOp$OfRef.evaluateParallel(ForEachOps.java:174)
	at java.util.stream.AbstractPipeline.evaluate(AbstractPipeline.java:233)
	at java.util.stream.ReferencePipeline.forEach(ReferencePipeline.java:418)
	at java.util.stream.ReferencePipeline$Head.forEach(ReferencePipeline.java:583)
	at org.apache.hadoop.utils.BackgroundService$PeriodicalTask.run(BackgroundService.java:125)
	at java.util.concurrent.Executors$RunnableAdapter.call(Executors.java:511)
	at java.util.concurrent.FutureTask.runAndReset(FutureTask.java:308)
	at java.util.concurrent.ScheduledThreadPoolExecutor$ScheduledFutureTask.access$301(ScheduledThreadPoolExecutor.java:180)
	at java.util.concurrent.ScheduledThreadPoolExecutor$ScheduledFutureTask.run(ScheduledThreadPoolExecutor.java:294)
	at java.util.concurrent.ThreadPoolExecutor.runWorker(ThreadPoolExecutor.java:1149)
	at java.util.concurrent.ThreadPoolExecutor$Worker.run(ThreadPoolExecutor.java:624)
	at java.lang.Thread.run(Thread.java:748)
Caused by: org.apache.hadoop.hdds.scm.container.common.helpers.StorageContainerException: Error opening DB. Container:3 ContainerPath:/opt/src/hadoop-ozone/integration-test/target/test-dir/MiniOzoneClusterImpl-3f379463-9810-48df-887f-c222ef37097c/datanode-0/data/containers/hdds/500ceb14-8321-4c8a-b6b3-e488e41f7aab/current/containerDir0/3/metadata/3-dn-container.db
	at org.apache.hadoop.ozone.container.keyvalue.helpers.BlockUtils.getDB(BlockUtils.java:84)
	at org.apache.hadoop.ozone.container.keyvalue.statemachine.background.BlockDeletingService$BlockDeletingTask.call(BlockDeletingService.java:188)
	at org.apache.hadoop.ozone.container.keyvalue.statemachine.background.BlockDeletingService$BlockDeletingTask.call(BlockDeletingService.java:172)
	at java.util.concurrent.FutureTask.run(FutureTask.java:266)
	at java.util.concurrent.Executors$RunnableAdapter.call(Executors.java:511)
	at java.util.concurrent.FutureTask.run(FutureTask.java:266)
	at java.util.concurrent.Executors$RunnableAdapter.call(Executors.java:511)
	at java.util.concurrent.FutureTask.run(FutureTask.java:266)
	at java.util.concurrent.ScheduledThreadPoolExecutor$ScheduledFutureTask.access$201(ScheduledThreadPoolExecutor.java:180)
	at java.util.concurrent.ScheduledThreadPoolExecutor$ScheduledFutureTask.run(ScheduledThreadPoolExecutor.java:293)
	... 3 more
2019-06-13 16:25:35,203 WARN  utils.BackgroundService (BackgroundService.java:lambda$run$0(135)) - Background task fails to execute, retrying in next interval
java.util.concurrent.ExecutionException: org.apache.hadoop.hdds.scm.container.common.helpers.StorageContainerException: Error opening DB. Container:2 ContainerPath:/opt/src/hadoop-ozone/integration-test/target/test-dir/MiniOzoneClusterImpl-3f379463-9810-48df-887f-c222ef37097c/datanode-0/data/containers/hdds/500ceb14-8321-4c8a-b6b3-e488e41f7aab/current/containerDir0/2/metadata/2-dn-container.db
	at java.util.concurrent.FutureTask.report(FutureTask.java:122)
	at java.util.concurrent.FutureTask.get(FutureTask.java:206)
	at org.apache.hadoop.utils.BackgroundService$PeriodicalTask.lambda$run$0(BackgroundService.java:129)
	at java.util.stream.ForEachOps$ForEachOp$OfRef.accept(ForEachOps.java:184)
	at java.util.ArrayList$ArrayListSpliterator.forEachRemaining(ArrayList.java:1382)
	at java.util.stream.AbstractPipeline.copyInto(AbstractPipeline.java:482)
	at java.util.stream.ForEachOps$ForEachTask.compute(ForEachOps.java:291)
	at java.util.concurrent.CountedCompleter.exec(CountedCompleter.java:731)
	at java.util.concurrent.ForkJoinTask.doExec(ForkJoinTask.java:289)
	at java.util.concurrent.ForkJoinPool$WorkQueue.runTask(ForkJoinPool.java:1056)
	at java.util.concurrent.ForkJoinPool.runWorker(ForkJoinPool.java:1692)
	at java.util.concurrent.ForkJoinWorkerThread.run(ForkJoinWorkerThread.java:157)
Caused by: org.apache.hadoop.hdds.scm.container.common.helpers.StorageContainerException: Error opening DB. Container:2 ContainerPath:/opt/src/hadoop-ozone/integration-test/target/test-dir/MiniOzoneClusterImpl-3f379463-9810-48df-887f-c222ef37097c/datanode-0/data/containers/hdds/500ceb14-8321-4c8a-b6b3-e488e41f7aab/current/containerDir0/2/metadata/2-dn-container.db
	at org.apache.hadoop.ozone.container.keyvalue.helpers.BlockUtils.getDB(BlockUtils.java:84)
	at org.apache.hadoop.ozone.container.keyvalue.statemachine.background.BlockDeletingService$BlockDeletingTask.call(BlockDeletingService.java:188)
	at org.apache.hadoop.ozone.container.keyvalue.statemachine.background.BlockDeletingService$BlockDeletingTask.call(BlockDeletingService.java:172)
	at java.util.concurrent.FutureTask.run(FutureTask.java:266)
	at java.util.concurrent.Executors$RunnableAdapter.call(Executors.java:511)
	at java.util.concurrent.FutureTask.run(FutureTask.java:266)
	at java.util.concurrent.Executors$RunnableAdapter.call(Executors.java:511)
	at java.util.concurrent.FutureTask.run(FutureTask.java:266)
	at java.util.concurrent.ScheduledThreadPoolExecutor$ScheduledFutureTask.access$201(ScheduledThreadPoolExecutor.java:180)
	at java.util.concurrent.ScheduledThreadPoolExecutor$ScheduledFutureTask.run(ScheduledThreadPoolExecutor.java:293)
	at java.util.concurrent.ThreadPoolExecutor.runWorker(ThreadPoolExecutor.java:1149)
	at java.util.concurrent.ThreadPoolExecutor$Worker.run(ThreadPoolExecutor.java:624)
	at java.lang.Thread.run(Thread.java:748)
2019-06-13 16:25:35,442 INFO  ozone.MiniOzoneClusterImpl (MiniOzoneClusterImpl.java:lambda$waitForClusterToBeReady$0(142)) - Waiting for cluster to be ready. Got 0 of 1 DN Heartbeats.
2019-06-13 16:25:35,450 INFO  ozoneimpl.OzoneContainer (OzoneContainer.java:start(186)) - Attempting to start container services.
2019-06-13 16:25:35,452 INFO  ozoneimpl.OzoneContainer (OzoneContainer.java:startContainerScrub(160)) - Background container scrubber has been disabled by hdds.containerscrub.enabled
2019-06-13 16:25:35,452 INFO  ratis.XceiverServerRatis (XceiverServerRatis.java:start(418)) - Starting XceiverServerRatis 67d61979-fa05-4f6a-8d21-c32e6a73ba51 at port 37595
2019-06-13 16:25:35,455 INFO  impl.RaftServerProxy (RaftServerProxy.java:lambda$start$3(299)) - 67d61979-fa05-4f6a-8d21-c32e6a73ba51: start RPC server
2019-06-13 16:25:35,456 INFO  server.GrpcService (GrpcService.java:startImpl(148)) - 67d61979-fa05-4f6a-8d21-c32e6a73ba51: GrpcService started, listening on 0.0.0.0/0.0.0.0:37595
2019-06-13 16:25:36,203 INFO  background.BlockDeletingService (BlockDeletingService.java:getTasks(123)) - Plan to choose 10 containers for block deletion, actually returns 5 valid containers.
2019-06-13 16:25:36,204 ERROR utils.ContainerCache (ContainerCache.java:getDB(137)) - Error opening DB. Container:1 ContainerPath:/opt/src/hadoop-ozone/integration-test/target/test-dir/MiniOzoneClusterImpl-3f379463-9810-48df-887f-c222ef37097c/datanode-0/data/containers/hdds/500ceb14-8321-4c8a-b6b3-e488e41f7aab/current/containerDir0/1/metadata/1-dn-container.db
java.io.IOException: Failed init RocksDB, db path : /opt/src/hadoop-ozone/integration-test/target/test-dir/MiniOzoneClusterImpl-3f379463-9810-48df-887f-c222ef37097c/datanode-0/data/containers/hdds/500ceb14-8321-4c8a-b6b3-e488e41f7aab/current/containerDir0/1/metadata/1-dn-container.db
	at org.apache.hadoop.utils.RocksDBStore.<init>(RocksDBStore.java:87)
	at org.apache.hadoop.utils.MetadataStoreBuilder.build(MetadataStoreBuilder.java:137)
	at org.apache.hadoop.ozone.container.common.utils.ContainerCache.getDB(ContainerCache.java:129)
	at org.apache.hadoop.ozone.container.keyvalue.helpers.BlockUtils.getDB(BlockUtils.java:77)
	at org.apache.hadoop.ozone.container.keyvalue.statemachine.background.BlockDeletingService$BlockDeletingTask.call(BlockDeletingService.java:188)
	at org.apache.hadoop.ozone.container.keyvalue.statemachine.background.BlockDeletingService$BlockDeletingTask.call(BlockDeletingService.java:172)
	at java.util.concurrent.FutureTask.run(FutureTask.java:266)
	at java.util.concurrent.Executors$RunnableAdapter.call(Executors.java:511)
	at java.util.concurrent.FutureTask.run(FutureTask.java:266)
	at java.util.concurrent.Executors$RunnableAdapter.call(Executors.java:511)
	at java.util.concurrent.FutureTask.run(FutureTask.java:266)
	at java.util.concurrent.ScheduledThreadPoolExecutor$ScheduledFutureTask.access$201(ScheduledThreadPoolExecutor.java:180)
	at java.util.concurrent.ScheduledThreadPoolExecutor$ScheduledFutureTask.run(ScheduledThreadPoolExecutor.java:293)
	at java.util.concurrent.ThreadPoolExecutor.runWorker(ThreadPoolExecutor.java:1149)
	at java.util.concurrent.ThreadPoolExecutor$Worker.run(ThreadPoolExecutor.java:624)
	at java.lang.Thread.run(Thread.java:748)
Caused by: org.rocksdb.RocksDBException: While mkdir if missing: /opt/src/hadoop-ozone/integration-test/target/test-dir/MiniOzoneClusterImpl-3f379463-9810-48df-887f-c222ef37097c/datanode-0/data/containers/hdds/500ceb14-8321-4c8a-b6b3-e488e41f7aab/current/containerDir0/1/metadata/1-dn-container.db: No such file or directory
	at org.rocksdb.RocksDB.open(Native Method)
	at org.rocksdb.RocksDB.open(RocksDB.java:231)
	at org.apache.hadoop.utils.RocksDBStore.<init>(RocksDBStore.java:71)
	... 15 more
2019-06-13 16:25:36,204 ERROR utils.ContainerCache (ContainerCache.java:getDB(137)) - Error opening DB. Container:5 ContainerPath:/opt/src/hadoop-ozone/integration-test/target/test-dir/MiniOzoneClusterImpl-3f379463-9810-48df-887f-c222ef37097c/datanode-0/data/containers/hdds/500ceb14-8321-4c8a-b6b3-e488e41f7aab/current/containerDir0/5/metadata/5-dn-container.db
java.io.IOException: Failed init RocksDB, db path : /opt/src/hadoop-ozone/integration-test/target/test-dir/MiniOzoneClusterImpl-3f379463-9810-48df-887f-c222ef37097c/datanode-0/data/containers/hdds/500ceb14-8321-4c8a-b6b3-e488e41f7aab/current/containerDir0/5/metadata/5-dn-container.db
	at org.apache.hadoop.utils.RocksDBStore.<init>(RocksDBStore.java:87)
	at org.apache.hadoop.utils.MetadataStoreBuilder.build(MetadataStoreBuilder.java:137)
	at org.apache.hadoop.ozone.container.common.utils.ContainerCache.getDB(ContainerCache.java:129)
	at org.apache.hadoop.ozone.container.keyvalue.helpers.BlockUtils.getDB(BlockUtils.java:77)
	at org.apache.hadoop.ozone.container.keyvalue.statemachine.background.BlockDeletingService$BlockDeletingTask.call(BlockDeletingService.java:188)
	at org.apache.hadoop.ozone.container.keyvalue.statemachine.background.BlockDeletingService$BlockDeletingTask.call(BlockDeletingService.java:172)
	at java.util.concurrent.FutureTask.run(FutureTask.java:266)
	at java.util.concurrent.Executors$RunnableAdapter.call(Executors.java:511)
	at java.util.concurrent.FutureTask.run(FutureTask.java:266)
	at java.util.concurrent.Executors$RunnableAdapter.call(Executors.java:511)
	at java.util.concurrent.FutureTask.run(FutureTask.java:266)
	at java.util.concurrent.ScheduledThreadPoolExecutor$ScheduledFutureTask.access$201(ScheduledThreadPoolExecutor.java:180)
	at java.util.concurrent.ScheduledThreadPoolExecutor$ScheduledFutureTask.run(ScheduledThreadPoolExecutor.java:293)
	at java.util.concurrent.ThreadPoolExecutor.runWorker(ThreadPoolExecutor.java:1149)
	at java.util.concurrent.ThreadPoolExecutor$Worker.run(ThreadPoolExecutor.java:624)
	at java.lang.Thread.run(Thread.java:748)
Caused by: org.rocksdb.RocksDBException: While mkdir if missing: /opt/src/hadoop-ozone/integration-test/target/test-dir/MiniOzoneClusterImpl-3f379463-9810-48df-887f-c222ef37097c/datanode-0/data/containers/hdds/500ceb14-8321-4c8a-b6b3-e488e41f7aab/current/containerDir0/5/metadata/5-dn-container.db: No such file or directory
	at org.rocksdb.RocksDB.open(Native Method)
	at org.rocksdb.RocksDB.open(RocksDB.java:231)
	at org.apache.hadoop.utils.RocksDBStore.<init>(RocksDBStore.java:71)
	... 15 more
2019-06-13 16:25:36,204 WARN  utils.BackgroundService (BackgroundService.java:lambda$run$0(135)) - Background task fails to execute, retrying in next interval
java.util.concurrent.ExecutionException: org.apache.hadoop.hdds.scm.container.common.helpers.StorageContainerException: Error opening DB. Container:5 ContainerPath:/opt/src/hadoop-ozone/integration-test/target/test-dir/MiniOzoneClusterImpl-3f379463-9810-48df-887f-c222ef37097c/datanode-0/data/containers/hdds/500ceb14-8321-4c8a-b6b3-e488e41f7aab/current/containerDir0/5/metadata/5-dn-container.db
	at java.util.concurrent.FutureTask.report(FutureTask.java:122)
	at java.util.concurrent.FutureTask.get(FutureTask.java:206)
	at org.apache.hadoop.utils.BackgroundService$PeriodicalTask.lambda$run$0(BackgroundService.java:129)
	at java.util.stream.ForEachOps$ForEachOp$OfRef.accept(ForEachOps.java:184)
	at java.util.ArrayList$ArrayListSpliterator.forEachRemaining(ArrayList.java:1382)
	at java.util.stream.AbstractPipeline.copyInto(AbstractPipeline.java:482)
	at java.util.stream.ForEachOps$ForEachTask.compute(ForEachOps.java:291)
	at java.util.concurrent.CountedCompleter.exec(CountedCompleter.java:731)
	at java.util.concurrent.ForkJoinTask.doExec(ForkJoinTask.java:289)
	at java.util.concurrent.ForkJoinPool$WorkQueue.runTask(ForkJoinPool.java:1056)
	at java.util.concurrent.ForkJoinPool.runWorker(ForkJoinPool.java:1692)
	at java.util.concurrent.ForkJoinWorkerThread.run(ForkJoinWorkerThread.java:157)
Caused by: org.apache.hadoop.hdds.scm.container.common.helpers.StorageContainerException: Error opening DB. Container:5 ContainerPath:/opt/src/hadoop-ozone/integration-test/target/test-dir/MiniOzoneClusterImpl-3f379463-9810-48df-887f-c222ef37097c/datanode-0/data/containers/hdds/500ceb14-8321-4c8a-b6b3-e488e41f7aab/current/containerDir0/5/metadata/5-dn-container.db
	at org.apache.hadoop.ozone.container.keyvalue.helpers.BlockUtils.getDB(BlockUtils.java:84)
	at org.apache.hadoop.ozone.container.keyvalue.statemachine.background.BlockDeletingService$BlockDeletingTask.call(BlockDeletingService.java:188)
	at org.apache.hadoop.ozone.container.keyvalue.statemachine.background.BlockDeletingService$BlockDeletingTask.call(BlockDeletingService.java:172)
	at java.util.concurrent.FutureTask.run(FutureTask.java:266)
	at java.util.concurrent.Executors$RunnableAdapter.call(Executors.java:511)
	at java.util.concurrent.FutureTask.run(FutureTask.java:266)
	at java.util.concurrent.Executors$RunnableAdapter.call(Executors.java:511)
	at java.util.concurrent.FutureTask.run(FutureTask.java:266)
	at java.util.concurrent.ScheduledThreadPoolExecutor$ScheduledFutureTask.access$201(ScheduledThreadPoolExecutor.java:180)
	at java.util.concurrent.ScheduledThreadPoolExecutor$ScheduledFutureTask.run(ScheduledThreadPoolExecutor.java:293)
	at java.util.concurrent.ThreadPoolExecutor.runWorker(ThreadPoolExecutor.java:1149)
	at java.util.concurrent.ThreadPoolExecutor$Worker.run(ThreadPoolExecutor.java:624)
	at java.lang.Thread.run(Thread.java:748)
2019-06-13 16:25:36,205 ERROR utils.ContainerCache (ContainerCache.java:getDB(137)) - Error opening DB. Container:4 ContainerPath:/opt/src/hadoop-ozone/integration-test/target/test-dir/MiniOzoneClusterImpl-3f379463-9810-48df-887f-c222ef37097c/datanode-0/data/containers/hdds/500ceb14-8321-4c8a-b6b3-e488e41f7aab/current/containerDir0/4/metadata/4-dn-container.db
java.io.IOException: Failed init RocksDB, db path : /opt/src/hadoop-ozone/integration-test/target/test-dir/MiniOzoneClusterImpl-3f379463-9810-48df-887f-c222ef37097c/datanode-0/data/containers/hdds/500ceb14-8321-4c8a-b6b3-e488e41f7aab/current/containerDir0/4/metadata/4-dn-container.db
	at org.apache.hadoop.utils.RocksDBStore.<init>(RocksDBStore.java:87)
	at org.apache.hadoop.utils.MetadataStoreBuilder.build(MetadataStoreBuilder.java:137)
	at org.apache.hadoop.ozone.container.common.utils.ContainerCache.getDB(ContainerCache.java:129)
	at org.apache.hadoop.ozone.container.keyvalue.helpers.BlockUtils.getDB(BlockUtils.java:77)
	at org.apache.hadoop.ozone.container.keyvalue.statemachine.background.BlockDeletingService$BlockDeletingTask.call(BlockDeletingService.java:188)
	at org.apache.hadoop.ozone.container.keyvalue.statemachine.background.BlockDeletingService$BlockDeletingTask.call(BlockDeletingService.java:172)
	at java.util.concurrent.FutureTask.run(FutureTask.java:266)
	at java.util.concurrent.Executors$RunnableAdapter.call(Executors.java:511)
	at java.util.concurrent.FutureTask.run(FutureTask.java:266)
	at java.util.concurrent.Executors$RunnableAdapter.call(Executors.java:511)
	at java.util.concurrent.FutureTask.run(FutureTask.java:266)
	at java.util.concurrent.ScheduledThreadPoolExecutor$ScheduledFutureTask.access$201(ScheduledThreadPoolExecutor.java:180)
	at java.util.concurrent.ScheduledThreadPoolExecutor$ScheduledFutureTask.run(ScheduledThreadPoolExecutor.java:293)
	at java.util.concurrent.ThreadPoolExecutor.runWorker(ThreadPoolExecutor.java:1149)
	at java.util.concurrent.ThreadPoolExecutor$Worker.run(ThreadPoolExecutor.java:624)
	at java.lang.Thread.run(Thread.java:748)
Caused by: org.rocksdb.RocksDBException: While mkdir if missing: /opt/src/hadoop-ozone/integration-test/target/test-dir/MiniOzoneClusterImpl-3f379463-9810-48df-887f-c222ef37097c/datanode-0/data/containers/hdds/500ceb14-8321-4c8a-b6b3-e488e41f7aab/current/containerDir0/4/metadata/4-dn-container.db: No such file or directory
	at org.rocksdb.RocksDB.open(Native Method)
	at org.rocksdb.RocksDB.open(RocksDB.java:231)
	at org.apache.hadoop.utils.RocksDBStore.<init>(RocksDBStore.java:71)
	... 15 more
2019-06-13 16:25:36,205 WARN  utils.BackgroundService (BackgroundService.java:lambda$run$0(135)) - Background task fails to execute, retrying in next interval
java.util.concurrent.ExecutionException: org.apache.hadoop.hdds.scm.container.common.helpers.StorageContainerException: Error opening DB. Container:1 ContainerPath:/opt/src/hadoop-ozone/integration-test/target/test-dir/MiniOzoneClusterImpl-3f379463-9810-48df-887f-c222ef37097c/datanode-0/data/containers/hdds/500ceb14-8321-4c8a-b6b3-e488e41f7aab/current/containerDir0/1/metadata/1-dn-container.db
	at java.util.concurrent.FutureTask.report(FutureTask.java:122)
	at java.util.concurrent.FutureTask.get(FutureTask.java:206)
	at org.apache.hadoop.utils.BackgroundService$PeriodicalTask.lambda$run$0(BackgroundService.java:129)
	at java.util.stream.ForEachOps$ForEachOp$OfRef.accept(ForEachOps.java:184)
	at java.util.ArrayList$ArrayListSpliterator.forEachRemaining(ArrayList.java:1382)
	at java.util.stream.AbstractPipeline.copyInto(AbstractPipeline.java:482)
	at java.util.stream.ForEachOps$ForEachTask.compute(ForEachOps.java:291)
	at java.util.concurrent.CountedCompleter.exec(CountedCompleter.java:731)
	at java.util.concurrent.ForkJoinTask.doExec(ForkJoinTask.java:289)
	at java.util.concurrent.ForkJoinPool$WorkQueue.execLocalTasks(ForkJoinPool.java:1040)
	at java.util.concurrent.ForkJoinPool$WorkQueue.runTask(ForkJoinPool.java:1058)
	at java.util.concurrent.ForkJoinPool.runWorker(ForkJoinPool.java:1692)
	at java.util.concurrent.ForkJoinWorkerThread.run(ForkJoinWorkerThread.java:157)
Caused by: org.apache.hadoop.hdds.scm.container.common.helpers.StorageContainerException: Error opening DB. Container:1 ContainerPath:/opt/src/hadoop-ozone/integration-test/target/test-dir/MiniOzoneClusterImpl-3f379463-9810-48df-887f-c222ef37097c/datanode-0/data/containers/hdds/500ceb14-8321-4c8a-b6b3-e488e41f7aab/current/containerDir0/1/metadata/1-dn-container.db
	at org.apache.hadoop.ozone.container.keyvalue.helpers.BlockUtils.getDB(BlockUtils.java:84)
	at org.apache.hadoop.ozone.container.keyvalue.statemachine.background.BlockDeletingService$BlockDeletingTask.call(BlockDeletingService.java:188)
	at org.apache.hadoop.ozone.container.keyvalue.statemachine.background.BlockDeletingService$BlockDeletingTask.call(BlockDeletingService.java:172)
	at java.util.concurrent.FutureTask.run(FutureTask.java:266)
	at java.util.concurrent.Executors$RunnableAdapter.call(Executors.java:511)
	at java.util.concurrent.FutureTask.run(FutureTask.java:266)
	at java.util.concurrent.Executors$RunnableAdapter.call(Executors.java:511)
	at java.util.concurrent.FutureTask.run(FutureTask.java:266)
	at java.util.concurrent.ScheduledThreadPoolExecutor$ScheduledFutureTask.access$201(ScheduledThreadPoolExecutor.java:180)
	at java.util.concurrent.ScheduledThreadPoolExecutor$ScheduledFutureTask.run(ScheduledThreadPoolExecutor.java:293)
	at java.util.concurrent.ThreadPoolExecutor.runWorker(ThreadPoolExecutor.java:1149)
	at java.util.concurrent.ThreadPoolExecutor$Worker.run(ThreadPoolExecutor.java:624)
	at java.lang.Thread.run(Thread.java:748)
2019-06-13 16:25:36,205 ERROR utils.ContainerCache (ContainerCache.java:getDB(137)) - Error opening DB. Container:3 ContainerPath:/opt/src/hadoop-ozone/integration-test/target/test-dir/MiniOzoneClusterImpl-3f379463-9810-48df-887f-c222ef37097c/datanode-0/data/containers/hdds/500ceb14-8321-4c8a-b6b3-e488e41f7aab/current/containerDir0/3/metadata/3-dn-container.db
java.io.IOException: Failed init RocksDB, db path : /opt/src/hadoop-ozone/integration-test/target/test-dir/MiniOzoneClusterImpl-3f379463-9810-48df-887f-c222ef37097c/datanode-0/data/containers/hdds/500ceb14-8321-4c8a-b6b3-e488e41f7aab/current/containerDir0/3/metadata/3-dn-container.db
	at org.apache.hadoop.utils.RocksDBStore.<init>(RocksDBStore.java:87)
	at org.apache.hadoop.utils.MetadataStoreBuilder.build(MetadataStoreBuilder.java:137)
	at org.apache.hadoop.ozone.container.common.utils.ContainerCache.getDB(ContainerCache.java:129)
	at org.apache.hadoop.ozone.container.keyvalue.helpers.BlockUtils.getDB(BlockUtils.java:77)
	at org.apache.hadoop.ozone.container.keyvalue.statemachine.background.BlockDeletingService$BlockDeletingTask.call(BlockDeletingService.java:188)
	at org.apache.hadoop.ozone.container.keyvalue.statemachine.background.BlockDeletingService$BlockDeletingTask.call(BlockDeletingService.java:172)
	at java.util.concurrent.FutureTask.run(FutureTask.java:266)
	at java.util.concurrent.Executors$RunnableAdapter.call(Executors.java:511)
	at java.util.concurrent.FutureTask.run(FutureTask.java:266)
	at java.util.concurrent.Executors$RunnableAdapter.call(Executors.java:511)
	at java.util.concurrent.FutureTask.run(FutureTask.java:266)
	at java.util.concurrent.ScheduledThreadPoolExecutor$ScheduledFutureTask.access$201(ScheduledThreadPoolExecutor.java:180)
	at java.util.concurrent.ScheduledThreadPoolExecutor$ScheduledFutureTask.run(ScheduledThreadPoolExecutor.java:293)
	at java.util.concurrent.ThreadPoolExecutor.runWorker(ThreadPoolExecutor.java:1149)
	at java.util.concurrent.ThreadPoolExecutor$Worker.run(ThreadPoolExecutor.java:624)
	at java.lang.Thread.run(Thread.java:748)
Caused by: org.rocksdb.RocksDBException: While mkdir if missing: /opt/src/hadoop-ozone/integration-test/target/test-dir/MiniOzoneClusterImpl-3f379463-9810-48df-887f-c222ef37097c/datanode-0/data/containers/hdds/500ceb14-8321-4c8a-b6b3-e488e41f7aab/current/containerDir0/3/metadata/3-dn-container.db: No such file or directory
	at org.rocksdb.RocksDB.open(Native Method)
	at org.rocksdb.RocksDB.open(RocksDB.java:231)
	at org.apache.hadoop.utils.RocksDBStore.<init>(RocksDBStore.java:71)
	... 15 more
2019-06-13 16:25:36,205 WARN  utils.BackgroundService (BackgroundService.java:lambda$run$0(135)) - Background task fails to execute, retrying in next interval
java.util.concurrent.ExecutionException: org.apache.hadoop.hdds.scm.container.common.helpers.StorageContainerException: Error opening DB. Container:4 ContainerPath:/opt/src/hadoop-ozone/integration-test/target/test-dir/MiniOzoneClusterImpl-3f379463-9810-48df-887f-c222ef37097c/datanode-0/data/containers/hdds/500ceb14-8321-4c8a-b6b3-e488e41f7aab/current/containerDir0/4/metadata/4-dn-container.db
	at java.util.concurrent.FutureTask.report(FutureTask.java:122)
	at java.util.concurrent.FutureTask.get(FutureTask.java:206)
	at org.apache.hadoop.utils.BackgroundService$PeriodicalTask.lambda$run$0(BackgroundService.java:129)
	at java.util.stream.ForEachOps$ForEachOp$OfRef.accept(ForEachOps.java:184)
	at java.util.ArrayList$ArrayListSpliterator.forEachRemaining(ArrayList.java:1382)
	at java.util.stream.AbstractPipeline.copyInto(AbstractPipeline.java:482)
	at java.util.stream.ForEachOps$ForEachTask.compute(ForEachOps.java:291)
	at java.util.concurrent.CountedCompleter.exec(CountedCompleter.java:731)
	at java.util.concurrent.ForkJoinTask.doExec(ForkJoinTask.java:289)
	at java.util.concurrent.ForkJoinTask.doInvoke(ForkJoinTask.java:401)
	at java.util.concurrent.ForkJoinTask.invoke(ForkJoinTask.java:734)
	at java.util.stream.ForEachOps$ForEachOp.evaluateParallel(ForEachOps.java:160)
	at java.util.stream.ForEachOps$ForEachOp$OfRef.evaluateParallel(ForEachOps.java:174)
	at java.util.stream.AbstractPipeline.evaluate(AbstractPipeline.java:233)
	at java.util.stream.ReferencePipeline.forEach(ReferencePipeline.java:418)
	at java.util.stream.ReferencePipeline$Head.forEach(ReferencePipeline.java:583)
	at org.apache.hadoop.utils.BackgroundService$PeriodicalTask.run(BackgroundService.java:125)
	at java.util.concurrent.Executors$RunnableAdapter.call(Executors.java:511)
	at java.util.concurrent.FutureTask.runAndReset(FutureTask.java:308)
	at java.util.concurrent.ScheduledThreadPoolExecutor$ScheduledFutureTask.access$301(ScheduledThreadPoolExecutor.java:180)
	at java.util.concurrent.ScheduledThreadPoolExecutor$ScheduledFutureTask.run(ScheduledThreadPoolExecutor.java:294)
	at java.util.concurrent.ThreadPoolExecutor.runWorker(ThreadPoolExecutor.java:1149)
	at java.util.concurrent.ThreadPoolExecutor$Worker.run(ThreadPoolExecutor.java:624)
	at java.lang.Thread.run(Thread.java:748)
Caused by: org.apache.hadoop.hdds.scm.container.common.helpers.StorageContainerException: Error opening DB. Container:4 ContainerPath:/opt/src/hadoop-ozone/integration-test/target/test-dir/MiniOzoneClusterImpl-3f379463-9810-48df-887f-c222ef37097c/datanode-0/data/containers/hdds/500ceb14-8321-4c8a-b6b3-e488e41f7aab/current/containerDir0/4/metadata/4-dn-container.db
	at org.apache.hadoop.ozone.container.keyvalue.helpers.BlockUtils.getDB(BlockUtils.java:84)
	at org.apache.hadoop.ozone.container.keyvalue.statemachine.background.BlockDeletingService$BlockDeletingTask.call(BlockDeletingService.java:188)
	at org.apache.hadoop.ozone.container.keyvalue.statemachine.background.BlockDeletingService$BlockDeletingTask.call(BlockDeletingService.java:172)
	at java.util.concurrent.FutureTask.run(FutureTask.java:266)
	at java.util.concurrent.Executors$RunnableAdapter.call(Executors.java:511)
	at java.util.concurrent.FutureTask.run(FutureTask.java:266)
	at java.util.concurrent.Executors$RunnableAdapter.call(Executors.java:511)
	at java.util.concurrent.FutureTask.run(FutureTask.java:266)
	at java.util.concurrent.ScheduledThreadPoolExecutor$ScheduledFutureTask.access$201(ScheduledThreadPoolExecutor.java:180)
	at java.util.concurrent.ScheduledThreadPoolExecutor$ScheduledFutureTask.run(ScheduledThreadPoolExecutor.java:293)
	... 3 more
2019-06-13 16:25:36,205 ERROR utils.ContainerCache (ContainerCache.java:getDB(137)) - Error opening DB. Container:2 ContainerPath:/opt/src/hadoop-ozone/integration-test/target/test-dir/MiniOzoneClusterImpl-3f379463-9810-48df-887f-c222ef37097c/datanode-0/data/containers/hdds/500ceb14-8321-4c8a-b6b3-e488e41f7aab/current/containerDir0/2/metadata/2-dn-container.db
java.io.IOException: Failed init RocksDB, db path : /opt/src/hadoop-ozone/integration-test/target/test-dir/MiniOzoneClusterImpl-3f379463-9810-48df-887f-c222ef37097c/datanode-0/data/containers/hdds/500ceb14-8321-4c8a-b6b3-e488e41f7aab/current/containerDir0/2/metadata/2-dn-container.db
	at org.apache.hadoop.utils.RocksDBStore.<init>(RocksDBStore.java:87)
	at org.apache.hadoop.utils.MetadataStoreBuilder.build(MetadataStoreBuilder.java:137)
	at org.apache.hadoop.ozone.container.common.utils.ContainerCache.getDB(ContainerCache.java:129)
	at org.apache.hadoop.ozone.container.keyvalue.helpers.BlockUtils.getDB(BlockUtils.java:77)
	at org.apache.hadoop.ozone.container.keyvalue.statemachine.background.BlockDeletingService$BlockDeletingTask.call(BlockDeletingService.java:188)
	at org.apache.hadoop.ozone.container.keyvalue.statemachine.background.BlockDeletingService$BlockDeletingTask.call(BlockDeletingService.java:172)
	at java.util.concurrent.FutureTask.run(FutureTask.java:266)
	at java.util.concurrent.Executors$RunnableAdapter.call(Executors.java:511)
	at java.util.concurrent.FutureTask.run(FutureTask.java:266)
	at java.util.concurrent.Executors$RunnableAdapter.call(Executors.java:511)
	at java.util.concurrent.FutureTask.run(FutureTask.java:266)
	at java.util.concurrent.ScheduledThreadPoolExecutor$ScheduledFutureTask.access$201(ScheduledThreadPoolExecutor.java:180)
	at java.util.concurrent.ScheduledThreadPoolExecutor$ScheduledFutureTask.run(ScheduledThreadPoolExecutor.java:293)
	at java.util.concurrent.ThreadPoolExecutor.runWorker(ThreadPoolExecutor.java:1149)
	at java.util.concurrent.ThreadPoolExecutor$Worker.run(ThreadPoolExecutor.java:624)
	at java.lang.Thread.run(Thread.java:748)
Caused by: org.rocksdb.RocksDBException: While mkdir if missing: /opt/src/hadoop-ozone/integration-test/target/test-dir/MiniOzoneClusterImpl-3f379463-9810-48df-887f-c222ef37097c/datanode-0/data/containers/hdds/500ceb14-8321-4c8a-b6b3-e488e41f7aab/current/containerDir0/2/metadata/2-dn-container.db: No such file or directory
	at org.rocksdb.RocksDB.open(Native Method)
	at org.rocksdb.RocksDB.open(RocksDB.java:231)
	at org.apache.hadoop.utils.RocksDBStore.<init>(RocksDBStore.java:71)
	... 15 more
2019-06-13 16:25:36,206 WARN  utils.BackgroundService (BackgroundService.java:lambda$run$0(135)) - Background task fails to execute, retrying in next interval
java.util.concurrent.ExecutionException: org.apache.hadoop.hdds.scm.container.common.helpers.StorageContainerException: Error opening DB. Container:3 ContainerPath:/opt/src/hadoop-ozone/integration-test/target/test-dir/MiniOzoneClusterImpl-3f379463-9810-48df-887f-c222ef37097c/datanode-0/data/containers/hdds/500ceb14-8321-4c8a-b6b3-e488e41f7aab/current/containerDir0/3/metadata/3-dn-container.db
	at java.util.concurrent.FutureTask.report(FutureTask.java:122)
	at java.util.concurrent.FutureTask.get(FutureTask.java:206)
	at org.apache.hadoop.utils.BackgroundService$PeriodicalTask.lambda$run$0(BackgroundService.java:129)
	at java.util.stream.ForEachOps$ForEachOp$OfRef.accept(ForEachOps.java:184)
	at java.util.ArrayList$ArrayListSpliterator.forEachRemaining(ArrayList.java:1382)
	at java.util.stream.AbstractPipeline.copyInto(AbstractPipeline.java:482)
	at java.util.stream.ForEachOps$ForEachTask.compute(ForEachOps.java:291)
	at java.util.concurrent.CountedCompleter.exec(CountedCompleter.java:731)
	at java.util.concurrent.ForkJoinTask.doExec(ForkJoinTask.java:289)
	at java.util.concurrent.ForkJoinPool$WorkQueue.pollAndExecCC(ForkJoinPool.java:1190)
	at java.util.concurrent.ForkJoinPool.helpComplete(ForkJoinPool.java:1879)
	at java.util.concurrent.ForkJoinPool.externalHelpComplete(ForkJoinPool.java:2467)
	at java.util.concurrent.ForkJoinTask.externalAwaitDone(ForkJoinTask.java:324)
	at java.util.concurrent.ForkJoinTask.doInvoke(ForkJoinTask.java:405)
	at java.util.concurrent.ForkJoinTask.invoke(ForkJoinTask.java:734)
	at java.util.stream.ForEachOps$ForEachOp.evaluateParallel(ForEachOps.java:160)
	at java.util.stream.ForEachOps$ForEachOp$OfRef.evaluateParallel(ForEachOps.java:174)
	at java.util.stream.AbstractPipeline.evaluate(AbstractPipeline.java:233)
	at java.util.stream.ReferencePipeline.forEach(ReferencePipeline.java:418)
	at java.util.stream.ReferencePipeline$Head.forEach(ReferencePipeline.java:583)
	at org.apache.hadoop.utils.BackgroundService$PeriodicalTask.run(BackgroundService.java:125)
	at java.util.concurrent.Executors$RunnableAdapter.call(Executors.java:511)
	at java.util.concurrent.FutureTask.runAndReset(FutureTask.java:308)
	at java.util.concurrent.ScheduledThreadPoolExecutor$ScheduledFutureTask.access$301(ScheduledThreadPoolExecutor.java:180)
	at java.util.concurrent.ScheduledThreadPoolExecutor$ScheduledFutureTask.run(ScheduledThreadPoolExecutor.java:294)
	at java.util.concurrent.ThreadPoolExecutor.runWorker(ThreadPoolExecutor.java:1149)
	at java.util.concurrent.ThreadPoolExecutor$Worker.run(ThreadPoolExecutor.java:624)
	at java.lang.Thread.run(Thread.java:748)
Caused by: org.apache.hadoop.hdds.scm.container.common.helpers.StorageContainerException: Error opening DB. Container:3 ContainerPath:/opt/src/hadoop-ozone/integration-test/target/test-dir/MiniOzoneClusterImpl-3f379463-9810-48df-887f-c222ef37097c/datanode-0/data/containers/hdds/500ceb14-8321-4c8a-b6b3-e488e41f7aab/current/containerDir0/3/metadata/3-dn-container.db
	at org.apache.hadoop.ozone.container.keyvalue.helpers.BlockUtils.getDB(BlockUtils.java:84)
	at org.apache.hadoop.ozone.container.keyvalue.statemachine.background.BlockDeletingService$BlockDeletingTask.call(BlockDeletingService.java:188)
	at org.apache.hadoop.ozone.container.keyvalue.statemachine.background.BlockDeletingService$BlockDeletingTask.call(BlockDeletingService.java:172)
	at java.util.concurrent.FutureTask.run(FutureTask.java:266)
	at java.util.concurrent.Executors$RunnableAdapter.call(Executors.java:511)
	at java.util.concurrent.FutureTask.run(FutureTask.java:266)
	at java.util.concurrent.Executors$RunnableAdapter.call(Executors.java:511)
	at java.util.concurrent.FutureTask.run(FutureTask.java:266)
	at java.util.concurrent.ScheduledThreadPoolExecutor$ScheduledFutureTask.access$201(ScheduledThreadPoolExecutor.java:180)
	at java.util.concurrent.ScheduledThreadPoolExecutor$ScheduledFutureTask.run(ScheduledThreadPoolExecutor.java:293)
	... 3 more
2019-06-13 16:25:36,206 WARN  utils.BackgroundService (BackgroundService.java:lambda$run$0(135)) - Background task fails to execute, retrying in next interval
java.util.concurrent.ExecutionException: org.apache.hadoop.hdds.scm.container.common.helpers.StorageContainerException: Error opening DB. Container:2 ContainerPath:/opt/src/hadoop-ozone/integration-test/target/test-dir/MiniOzoneClusterImpl-3f379463-9810-48df-887f-c222ef37097c/datanode-0/data/containers/hdds/500ceb14-8321-4c8a-b6b3-e488e41f7aab/current/containerDir0/2/metadata/2-dn-container.db
	at java.util.concurrent.FutureTask.report(FutureTask.java:122)
	at java.util.concurrent.FutureTask.get(FutureTask.java:206)
	at org.apache.hadoop.utils.BackgroundService$PeriodicalTask.lambda$run$0(BackgroundService.java:129)
	at java.util.stream.ForEachOps$ForEachOp$OfRef.accept(ForEachOps.java:184)
	at java.util.ArrayList$ArrayListSpliterator.forEachRemaining(ArrayList.java:1382)
	at java.util.stream.AbstractPipeline.copyInto(AbstractPipeline.java:482)
	at java.util.stream.ForEachOps$ForEachTask.compute(ForEachOps.java:291)
	at java.util.concurrent.CountedCompleter.exec(CountedCompleter.java:731)
	at java.util.concurrent.ForkJoinTask.doExec(ForkJoinTask.java:289)
	at java.util.concurrent.ForkJoinPool$WorkQueue.runTask(ForkJoinPool.java:1056)
	at java.util.concurrent.ForkJoinPool.runWorker(ForkJoinPool.java:1692)
	at java.util.concurrent.ForkJoinWorkerThread.run(ForkJoinWorkerThread.java:157)
Caused by: org.apache.hadoop.hdds.scm.container.common.helpers.StorageContainerException: Error opening DB. Container:2 ContainerPath:/opt/src/hadoop-ozone/integration-test/target/test-dir/MiniOzoneClusterImpl-3f379463-9810-48df-887f-c222ef37097c/datanode-0/data/containers/hdds/500ceb14-8321-4c8a-b6b3-e488e41f7aab/current/containerDir0/2/metadata/2-dn-container.db
	at org.apache.hadoop.ozone.container.keyvalue.helpers.BlockUtils.getDB(BlockUtils.java:84)
	at org.apache.hadoop.ozone.container.keyvalue.statemachine.background.BlockDeletingService$BlockDeletingTask.call(BlockDeletingService.java:188)
	at org.apache.hadoop.ozone.container.keyvalue.statemachine.background.BlockDeletingService$BlockDeletingTask.call(BlockDeletingService.java:172)
	at java.util.concurrent.FutureTask.run(FutureTask.java:266)
	at java.util.concurrent.Executors$RunnableAdapter.call(Executors.java:511)
	at java.util.concurrent.FutureTask.run(FutureTask.java:266)
	at java.util.concurrent.Executors$RunnableAdapter.call(Executors.java:511)
	at java.util.concurrent.FutureTask.run(FutureTask.java:266)
	at java.util.concurrent.ScheduledThreadPoolExecutor$ScheduledFutureTask.access$201(ScheduledThreadPoolExecutor.java:180)
	at java.util.concurrent.ScheduledThreadPoolExecutor$ScheduledFutureTask.run(ScheduledThreadPoolExecutor.java:293)
	at java.util.concurrent.ThreadPoolExecutor.runWorker(ThreadPoolExecutor.java:1149)
	at java.util.concurrent.ThreadPoolExecutor$Worker.run(ThreadPoolExecutor.java:624)
	at java.lang.Thread.run(Thread.java:748)
2019-06-13 16:25:36,442 INFO  ozone.MiniOzoneClusterImpl (MiniOzoneClusterImpl.java:lambda$waitForClusterToBeReady$0(142)) - Waiting for cluster to be ready. Got 0 of 1 DN Heartbeats.
2019-06-13 16:25:36,978 INFO  container.ReplicationManager (ReplicationManager.java:sendCloseCommand(630)) - Sending close container command for container #5 to datanode 328096ee-1483-4bfe-96a2-47a71e1e800c{ip: 192.168.11.208, host: ozone-z9zf6-1652263048, networkLocation: /default-rack, certSerialId: null}.
2019-06-13 16:25:36,979 INFO  container.ReplicationManager (ReplicationManager.java:run(207)) - Replication Monitor Thread took 1 milliseconds for processing 10 containers.
2019-06-13 16:25:37,206 INFO  background.BlockDeletingService (BlockDeletingService.java:getTasks(123)) - Plan to choose 10 containers for block deletion, actually returns 5 valid containers.
2019-06-13 16:25:37,207 ERROR utils.ContainerCache (ContainerCache.java:getDB(137)) - Error opening DB. Container:1 ContainerPath:/opt/src/hadoop-ozone/integration-test/target/test-dir/MiniOzoneClusterImpl-3f379463-9810-48df-887f-c222ef37097c/datanode-0/data/containers/hdds/500ceb14-8321-4c8a-b6b3-e488e41f7aab/current/containerDir0/1/metadata/1-dn-container.db
java.io.IOException: Failed init RocksDB, db path : /opt/src/hadoop-ozone/integration-test/target/test-dir/MiniOzoneClusterImpl-3f379463-9810-48df-887f-c222ef37097c/datanode-0/data/containers/hdds/500ceb14-8321-4c8a-b6b3-e488e41f7aab/current/containerDir0/1/metadata/1-dn-container.db
	at org.apache.hadoop.utils.RocksDBStore.<init>(RocksDBStore.java:87)
	at org.apache.hadoop.utils.MetadataStoreBuilder.build(MetadataStoreBuilder.java:137)
	at org.apache.hadoop.ozone.container.common.utils.ContainerCache.getDB(ContainerCache.java:129)
	at org.apache.hadoop.ozone.container.keyvalue.helpers.BlockUtils.getDB(BlockUtils.java:77)
	at org.apache.hadoop.ozone.container.keyvalue.statemachine.background.BlockDeletingService$BlockDeletingTask.call(BlockDeletingService.java:188)
	at org.apache.hadoop.ozone.container.keyvalue.statemachine.background.BlockDeletingService$BlockDeletingTask.call(BlockDeletingService.java:172)
	at java.util.concurrent.FutureTask.run(FutureTask.java:266)
	at java.util.concurrent.Executors$RunnableAdapter.call(Executors.java:511)
	at java.util.concurrent.FutureTask.run(FutureTask.java:266)
	at java.util.concurrent.Executors$RunnableAdapter.call(Executors.java:511)
	at java.util.concurrent.FutureTask.run(FutureTask.java:266)
	at java.util.concurrent.ScheduledThreadPoolExecutor$ScheduledFutureTask.access$201(ScheduledThreadPoolExecutor.java:180)
	at java.util.concurrent.ScheduledThreadPoolExecutor$ScheduledFutureTask.run(ScheduledThreadPoolExecutor.java:293)
	at java.util.concurrent.ThreadPoolExecutor.runWorker(ThreadPoolExecutor.java:1149)
	at java.util.concurrent.ThreadPoolExecutor$Worker.run(ThreadPoolExecutor.java:624)
	at java.lang.Thread.run(Thread.java:748)
Caused by: org.rocksdb.RocksDBException: While mkdir if missing: /opt/src/hadoop-ozone/integration-test/target/test-dir/MiniOzoneClusterImpl-3f379463-9810-48df-887f-c222ef37097c/datanode-0/data/containers/hdds/500ceb14-8321-4c8a-b6b3-e488e41f7aab/current/containerDir0/1/metadata/1-dn-container.db: No such file or directory
	at org.rocksdb.RocksDB.open(Native Method)
	at org.rocksdb.RocksDB.open(RocksDB.java:231)
	at org.apache.hadoop.utils.RocksDBStore.<init>(RocksDBStore.java:71)
	... 15 more
2019-06-13 16:25:37,207 ERROR utils.ContainerCache (ContainerCache.java:getDB(137)) - Error opening DB. Container:5 ContainerPath:/opt/src/hadoop-ozone/integration-test/target/test-dir/MiniOzoneClusterImpl-3f379463-9810-48df-887f-c222ef37097c/datanode-0/data/containers/hdds/500ceb14-8321-4c8a-b6b3-e488e41f7aab/current/containerDir0/5/metadata/5-dn-container.db
java.io.IOException: Failed init RocksDB, db path : /opt/src/hadoop-ozone/integration-test/target/test-dir/MiniOzoneClusterImpl-3f379463-9810-48df-887f-c222ef37097c/datanode-0/data/containers/hdds/500ceb14-8321-4c8a-b6b3-e488e41f7aab/current/containerDir0/5/metadata/5-dn-container.db
	at org.apache.hadoop.utils.RocksDBStore.<init>(RocksDBStore.java:87)
	at org.apache.hadoop.utils.MetadataStoreBuilder.build(MetadataStoreBuilder.java:137)
	at org.apache.hadoop.ozone.container.common.utils.ContainerCache.getDB(ContainerCache.java:129)
	at org.apache.hadoop.ozone.container.keyvalue.helpers.BlockUtils.getDB(BlockUtils.java:77)
	at org.apache.hadoop.ozone.container.keyvalue.statemachine.background.BlockDeletingService$BlockDeletingTask.call(BlockDeletingService.java:188)
	at org.apache.hadoop.ozone.container.keyvalue.statemachine.background.BlockDeletingService$BlockDeletingTask.call(BlockDeletingService.java:172)
	at java.util.concurrent.FutureTask.run(FutureTask.java:266)
	at java.util.concurrent.Executors$RunnableAdapter.call(Executors.java:511)
	at java.util.concurrent.FutureTask.run(FutureTask.java:266)
	at java.util.concurrent.Executors$RunnableAdapter.call(Executors.java:511)
	at java.util.concurrent.FutureTask.run(FutureTask.java:266)
	at java.util.concurrent.ScheduledThreadPoolExecutor$ScheduledFutureTask.access$201(ScheduledThreadPoolExecutor.java:180)
	at java.util.concurrent.ScheduledThreadPoolExecutor$ScheduledFutureTask.run(ScheduledThreadPoolExecutor.java:293)
	at java.util.concurrent.ThreadPoolExecutor.runWorker(ThreadPoolExecutor.java:1149)
	at java.util.concurrent.ThreadPoolExecutor$Worker.run(ThreadPoolExecutor.java:624)
	at java.lang.Thread.run(Thread.java:748)
Caused by: org.rocksdb.RocksDBException: While mkdir if missing: /opt/src/hadoop-ozone/integration-test/target/test-dir/MiniOzoneClusterImpl-3f379463-9810-48df-887f-c222ef37097c/datanode-0/data/containers/hdds/500ceb14-8321-4c8a-b6b3-e488e41f7aab/current/containerDir0/5/metadata/5-dn-container.db: No such file or directory
	at org.rocksdb.RocksDB.open(Native Method)
	at org.rocksdb.RocksDB.open(RocksDB.java:231)
	at org.apache.hadoop.utils.RocksDBStore.<init>(RocksDBStore.java:71)
	... 15 more
2019-06-13 16:25:37,208 WARN  utils.BackgroundService (BackgroundService.java:lambda$run$0(135)) - Background task fails to execute, retrying in next interval
java.util.concurrent.ExecutionException: org.apache.hadoop.hdds.scm.container.common.helpers.StorageContainerException: Error opening DB. Container:5 ContainerPath:/opt/src/hadoop-ozone/integration-test/target/test-dir/MiniOzoneClusterImpl-3f379463-9810-48df-887f-c222ef37097c/datanode-0/data/containers/hdds/500ceb14-8321-4c8a-b6b3-e488e41f7aab/current/containerDir0/5/metadata/5-dn-container.db
	at java.util.concurrent.FutureTask.report(FutureTask.java:122)
	at java.util.concurrent.FutureTask.get(FutureTask.java:206)
	at org.apache.hadoop.utils.BackgroundService$PeriodicalTask.lambda$run$0(BackgroundService.java:129)
	at java.util.stream.ForEachOps$ForEachOp$OfRef.accept(ForEachOps.java:184)
	at java.util.ArrayList$ArrayListSpliterator.forEachRemaining(ArrayList.java:1382)
	at java.util.stream.AbstractPipeline.copyInto(AbstractPipeline.java:482)
	at java.util.stream.ForEachOps$ForEachTask.compute(ForEachOps.java:291)
	at java.util.concurrent.CountedCompleter.exec(CountedCompleter.java:731)
	at java.util.concurrent.ForkJoinTask.doExec(ForkJoinTask.java:289)
	at java.util.concurrent.ForkJoinPool$WorkQueue.runTask(ForkJoinPool.java:1056)
	at java.util.concurrent.ForkJoinPool.runWorker(ForkJoinPool.java:1692)
	at java.util.concurrent.ForkJoinWorkerThread.run(ForkJoinWorkerThread.java:157)
Caused by: org.apache.hadoop.hdds.scm.container.common.helpers.StorageContainerException: Error opening DB. Container:5 ContainerPath:/opt/src/hadoop-ozone/integration-test/target/test-dir/MiniOzoneClusterImpl-3f379463-9810-48df-887f-c222ef37097c/datanode-0/data/containers/hdds/500ceb14-8321-4c8a-b6b3-e488e41f7aab/current/containerDir0/5/metadata/5-dn-container.db
	at org.apache.hadoop.ozone.container.keyvalue.helpers.BlockUtils.getDB(BlockUtils.java:84)
	at org.apache.hadoop.ozone.container.keyvalue.statemachine.background.BlockDeletingService$BlockDeletingTask.call(BlockDeletingService.java:188)
	at org.apache.hadoop.ozone.container.keyvalue.statemachine.background.BlockDeletingService$BlockDeletingTask.call(BlockDeletingService.java:172)
	at java.util.concurrent.FutureTask.run(FutureTask.java:266)
	at java.util.concurrent.Executors$RunnableAdapter.call(Executors.java:511)
	at java.util.concurrent.FutureTask.run(FutureTask.java:266)
	at java.util.concurrent.Executors$RunnableAdapter.call(Executors.java:511)
	at java.util.concurrent.FutureTask.run(FutureTask.java:266)
	at java.util.concurrent.ScheduledThreadPoolExecutor$ScheduledFutureTask.access$201(ScheduledThreadPoolExecutor.java:180)
	at java.util.concurrent.ScheduledThreadPoolExecutor$ScheduledFutureTask.run(ScheduledThreadPoolExecutor.java:293)
	at java.util.concurrent.ThreadPoolExecutor.runWorker(ThreadPoolExecutor.java:1149)
	at java.util.concurrent.ThreadPoolExecutor$Worker.run(ThreadPoolExecutor.java:624)
	at java.lang.Thread.run(Thread.java:748)
2019-06-13 16:25:37,208 ERROR utils.ContainerCache (ContainerCache.java:getDB(137)) - Error opening DB. Container:4 ContainerPath:/opt/src/hadoop-ozone/integration-test/target/test-dir/MiniOzoneClusterImpl-3f379463-9810-48df-887f-c222ef37097c/datanode-0/data/containers/hdds/500ceb14-8321-4c8a-b6b3-e488e41f7aab/current/containerDir0/4/metadata/4-dn-container.db
java.io.IOException: Failed init RocksDB, db path : /opt/src/hadoop-ozone/integration-test/target/test-dir/MiniOzoneClusterImpl-3f379463-9810-48df-887f-c222ef37097c/datanode-0/data/containers/hdds/500ceb14-8321-4c8a-b6b3-e488e41f7aab/current/containerDir0/4/metadata/4-dn-container.db
	at org.apache.hadoop.utils.RocksDBStore.<init>(RocksDBStore.java:87)
	at org.apache.hadoop.utils.MetadataStoreBuilder.build(MetadataStoreBuilder.java:137)
	at org.apache.hadoop.ozone.container.common.utils.ContainerCache.getDB(ContainerCache.java:129)
	at org.apache.hadoop.ozone.container.keyvalue.helpers.BlockUtils.getDB(BlockUtils.java:77)
	at org.apache.hadoop.ozone.container.keyvalue.statemachine.background.BlockDeletingService$BlockDeletingTask.call(BlockDeletingService.java:188)
	at org.apache.hadoop.ozone.container.keyvalue.statemachine.background.BlockDeletingService$BlockDeletingTask.call(BlockDeletingService.java:172)
	at java.util.concurrent.FutureTask.run(FutureTask.java:266)
	at java.util.concurrent.Executors$RunnableAdapter.call(Executors.java:511)
	at java.util.concurrent.FutureTask.run(FutureTask.java:266)
	at java.util.concurrent.Executors$RunnableAdapter.call(Executors.java:511)
	at java.util.concurrent.FutureTask.run(FutureTask.java:266)
	at java.util.concurrent.ScheduledThreadPoolExecutor$ScheduledFutureTask.access$201(ScheduledThreadPoolExecutor.java:180)
	at java.util.concurrent.ScheduledThreadPoolExecutor$ScheduledFutureTask.run(ScheduledThreadPoolExecutor.java:293)
	at java.util.concurrent.ThreadPoolExecutor.runWorker(ThreadPoolExecutor.java:1149)
	at java.util.concurrent.ThreadPoolExecutor$Worker.run(ThreadPoolExecutor.java:624)
	at java.lang.Thread.run(Thread.java:748)
Caused by: org.rocksdb.RocksDBException: While mkdir if missing: /opt/src/hadoop-ozone/integration-test/target/test-dir/MiniOzoneClusterImpl-3f379463-9810-48df-887f-c222ef37097c/datanode-0/data/containers/hdds/500ceb14-8321-4c8a-b6b3-e488e41f7aab/current/containerDir0/4/metadata/4-dn-container.db: No such file or directory
	at org.rocksdb.RocksDB.open(Native Method)
	at org.rocksdb.RocksDB.open(RocksDB.java:231)
	at org.apache.hadoop.utils.RocksDBStore.<init>(RocksDBStore.java:71)
	... 15 more
2019-06-13 16:25:37,208 WARN  utils.BackgroundService (BackgroundService.java:lambda$run$0(135)) - Background task fails to execute, retrying in next interval
java.util.concurrent.ExecutionException: org.apache.hadoop.hdds.scm.container.common.helpers.StorageContainerException: Error opening DB. Container:1 ContainerPath:/opt/src/hadoop-ozone/integration-test/target/test-dir/MiniOzoneClusterImpl-3f379463-9810-48df-887f-c222ef37097c/datanode-0/data/containers/hdds/500ceb14-8321-4c8a-b6b3-e488e41f7aab/current/containerDir0/1/metadata/1-dn-container.db
	at java.util.concurrent.FutureTask.report(FutureTask.java:122)
	at java.util.concurrent.FutureTask.get(FutureTask.java:206)
	at org.apache.hadoop.utils.BackgroundService$PeriodicalTask.lambda$run$0(BackgroundService.java:129)
	at java.util.stream.ForEachOps$ForEachOp$OfRef.accept(ForEachOps.java:184)
	at java.util.ArrayList$ArrayListSpliterator.forEachRemaining(ArrayList.java:1382)
	at java.util.stream.AbstractPipeline.copyInto(AbstractPipeline.java:482)
	at java.util.stream.ForEachOps$ForEachTask.compute(ForEachOps.java:291)
	at java.util.concurrent.CountedCompleter.exec(CountedCompleter.java:731)
	at java.util.concurrent.ForkJoinTask.doExec(ForkJoinTask.java:289)
	at java.util.concurrent.ForkJoinPool$WorkQueue.execLocalTasks(ForkJoinPool.java:1040)
	at java.util.concurrent.ForkJoinPool$WorkQueue.runTask(ForkJoinPool.java:1058)
	at java.util.concurrent.ForkJoinPool.runWorker(ForkJoinPool.java:1692)
	at java.util.concurrent.ForkJoinWorkerThread.run(ForkJoinWorkerThread.java:157)
Caused by: org.apache.hadoop.hdds.scm.container.common.helpers.StorageContainerException: Error opening DB. Container:1 ContainerPath:/opt/src/hadoop-ozone/integration-test/target/test-dir/MiniOzoneClusterImpl-3f379463-9810-48df-887f-c222ef37097c/datanode-0/data/containers/hdds/500ceb14-8321-4c8a-b6b3-e488e41f7aab/current/containerDir0/1/metadata/1-dn-container.db
	at org.apache.hadoop.ozone.container.keyvalue.helpers.BlockUtils.getDB(BlockUtils.java:84)
	at org.apache.hadoop.ozone.container.keyvalue.statemachine.background.BlockDeletingService$BlockDeletingTask.call(BlockDeletingService.java:188)
	at org.apache.hadoop.ozone.container.keyvalue.statemachine.background.BlockDeletingService$BlockDeletingTask.call(BlockDeletingService.java:172)
	at java.util.concurrent.FutureTask.run(FutureTask.java:266)
	at java.util.concurrent.Executors$RunnableAdapter.call(Executors.java:511)
	at java.util.concurrent.FutureTask.run(FutureTask.java:266)
	at java.util.concurrent.Executors$RunnableAdapter.call(Executors.java:511)
	at java.util.concurrent.FutureTask.run(FutureTask.java:266)
	at java.util.concurrent.ScheduledThreadPoolExecutor$ScheduledFutureTask.access$201(ScheduledThreadPoolExecutor.java:180)
	at java.util.concurrent.ScheduledThreadPoolExecutor$ScheduledFutureTask.run(ScheduledThreadPoolExecutor.java:293)
	at java.util.concurrent.ThreadPoolExecutor.runWorker(ThreadPoolExecutor.java:1149)
	at java.util.concurrent.ThreadPoolExecutor$Worker.run(ThreadPoolExecutor.java:624)
	at java.lang.Thread.run(Thread.java:748)
2019-06-13 16:25:37,208 ERROR utils.ContainerCache (ContainerCache.java:getDB(137)) - Error opening DB. Container:3 ContainerPath:/opt/src/hadoop-ozone/integration-test/target/test-dir/MiniOzoneClusterImpl-3f379463-9810-48df-887f-c222ef37097c/datanode-0/data/containers/hdds/500ceb14-8321-4c8a-b6b3-e488e41f7aab/current/containerDir0/3/metadata/3-dn-container.db
java.io.IOException: Failed init RocksDB, db path : /opt/src/hadoop-ozone/integration-test/target/test-dir/MiniOzoneClusterImpl-3f379463-9810-48df-887f-c222ef37097c/datanode-0/data/containers/hdds/500ceb14-8321-4c8a-b6b3-e488e41f7aab/current/containerDir0/3/metadata/3-dn-container.db
	at org.apache.hadoop.utils.RocksDBStore.<init>(RocksDBStore.java:87)
	at org.apache.hadoop.utils.MetadataStoreBuilder.build(MetadataStoreBuilder.java:137)
	at org.apache.hadoop.ozone.container.common.utils.ContainerCache.getDB(ContainerCache.java:129)
	at org.apache.hadoop.ozone.container.keyvalue.helpers.BlockUtils.getDB(BlockUtils.java:77)
	at org.apache.hadoop.ozone.container.keyvalue.statemachine.background.BlockDeletingService$BlockDeletingTask.call(BlockDeletingService.java:188)
	at org.apache.hadoop.ozone.container.keyvalue.statemachine.background.BlockDeletingService$BlockDeletingTask.call(BlockDeletingService.java:172)
	at java.util.concurrent.FutureTask.run(FutureTask.java:266)
	at java.util.concurrent.Executors$RunnableAdapter.call(Executors.java:511)
	at java.util.concurrent.FutureTask.run(FutureTask.java:266)
	at java.util.concurrent.Executors$RunnableAdapter.call(Executors.java:511)
	at java.util.concurrent.FutureTask.run(FutureTask.java:266)
	at java.util.concurrent.ScheduledThreadPoolExecutor$ScheduledFutureTask.access$201(ScheduledThreadPoolExecutor.java:180)
	at java.util.concurrent.ScheduledThreadPoolExecutor$ScheduledFutureTask.run(ScheduledThreadPoolExecutor.java:293)
	at java.util.concurrent.ThreadPoolExecutor.runWorker(ThreadPoolExecutor.java:1149)
	at java.util.concurrent.ThreadPoolExecutor$Worker.run(ThreadPoolExecutor.java:624)
	at java.lang.Thread.run(Thread.java:748)
Caused by: org.rocksdb.RocksDBException: While mkdir if missing: /opt/src/hadoop-ozone/integration-test/target/test-dir/MiniOzoneClusterImpl-3f379463-9810-48df-887f-c222ef37097c/datanode-0/data/containers/hdds/500ceb14-8321-4c8a-b6b3-e488e41f7aab/current/containerDir0/3/metadata/3-dn-container.db: No such file or directory
	at org.rocksdb.RocksDB.open(Native Method)
	at org.rocksdb.RocksDB.open(RocksDB.java:231)
	at org.apache.hadoop.utils.RocksDBStore.<init>(RocksDBStore.java:71)
	... 15 more
2019-06-13 16:25:37,208 WARN  utils.BackgroundService (BackgroundService.java:lambda$run$0(135)) - Background task fails to execute, retrying in next interval
java.util.concurrent.ExecutionException: org.apache.hadoop.hdds.scm.container.common.helpers.StorageContainerException: Error opening DB. Container:4 ContainerPath:/opt/src/hadoop-ozone/integration-test/target/test-dir/MiniOzoneClusterImpl-3f379463-9810-48df-887f-c222ef37097c/datanode-0/data/containers/hdds/500ceb14-8321-4c8a-b6b3-e488e41f7aab/current/containerDir0/4/metadata/4-dn-container.db
	at java.util.concurrent.FutureTask.report(FutureTask.java:122)
	at java.util.concurrent.FutureTask.get(FutureTask.java:206)
	at org.apache.hadoop.utils.BackgroundService$PeriodicalTask.lambda$run$0(BackgroundService.java:129)
	at java.util.stream.ForEachOps$ForEachOp$OfRef.accept(ForEachOps.java:184)
	at java.util.ArrayList$ArrayListSpliterator.forEachRemaining(ArrayList.java:1382)
	at java.util.stream.AbstractPipeline.copyInto(AbstractPipeline.java:482)
	at java.util.stream.ForEachOps$ForEachTask.compute(ForEachOps.java:291)
	at java.util.concurrent.CountedCompleter.exec(CountedCompleter.java:731)
	at java.util.concurrent.ForkJoinTask.doExec(ForkJoinTask.java:289)
	at java.util.concurrent.ForkJoinTask.doInvoke(ForkJoinTask.java:401)
	at java.util.concurrent.ForkJoinTask.invoke(ForkJoinTask.java:734)
	at java.util.stream.ForEachOps$ForEachOp.evaluateParallel(ForEachOps.java:160)
	at java.util.stream.ForEachOps$ForEachOp$OfRef.evaluateParallel(ForEachOps.java:174)
	at java.util.stream.AbstractPipeline.evaluate(AbstractPipeline.java:233)
	at java.util.stream.ReferencePipeline.forEach(ReferencePipeline.java:418)
	at java.util.stream.ReferencePipeline$Head.forEach(ReferencePipeline.java:583)
	at org.apache.hadoop.utils.BackgroundService$PeriodicalTask.run(BackgroundService.java:125)
	at java.util.concurrent.Executors$RunnableAdapter.call(Executors.java:511)
	at java.util.concurrent.FutureTask.runAndReset(FutureTask.java:308)
	at java.util.concurrent.ScheduledThreadPoolExecutor$ScheduledFutureTask.access$301(ScheduledThreadPoolExecutor.java:180)
	at java.util.concurrent.ScheduledThreadPoolExecutor$ScheduledFutureTask.run(ScheduledThreadPoolExecutor.java:294)
	at java.util.concurrent.ThreadPoolExecutor.runWorker(ThreadPoolExecutor.java:1149)
	at java.util.concurrent.ThreadPoolExecutor$Worker.run(ThreadPoolExecutor.java:624)
	at java.lang.Thread.run(Thread.java:748)
Caused by: org.apache.hadoop.hdds.scm.container.common.helpers.StorageContainerException: Error opening DB. Container:4 ContainerPath:/opt/src/hadoop-ozone/integration-test/target/test-dir/MiniOzoneClusterImpl-3f379463-9810-48df-887f-c222ef37097c/datanode-0/data/containers/hdds/500ceb14-8321-4c8a-b6b3-e488e41f7aab/current/containerDir0/4/metadata/4-dn-container.db
	at org.apache.hadoop.ozone.container.keyvalue.helpers.BlockUtils.getDB(BlockUtils.java:84)
	at org.apache.hadoop.ozone.container.keyvalue.statemachine.background.BlockDeletingService$BlockDeletingTask.call(BlockDeletingService.java:188)
	at org.apache.hadoop.ozone.container.keyvalue.statemachine.background.BlockDeletingService$BlockDeletingTask.call(BlockDeletingService.java:172)
	at java.util.concurrent.FutureTask.run(FutureTask.java:266)
	at java.util.concurrent.Executors$RunnableAdapter.call(Executors.java:511)
	at java.util.concurrent.FutureTask.run(FutureTask.java:266)
	at java.util.concurrent.Executors$RunnableAdapter.call(Executors.java:511)
	at java.util.concurrent.FutureTask.run(FutureTask.java:266)
	at java.util.concurrent.ScheduledThreadPoolExecutor$ScheduledFutureTask.access$201(ScheduledThreadPoolExecutor.java:180)
	at java.util.concurrent.ScheduledThreadPoolExecutor$ScheduledFutureTask.run(ScheduledThreadPoolExecutor.java:293)
	... 3 more
2019-06-13 16:25:37,209 ERROR utils.ContainerCache (ContainerCache.java:getDB(137)) - Error opening DB. Container:2 ContainerPath:/opt/src/hadoop-ozone/integration-test/target/test-dir/MiniOzoneClusterImpl-3f379463-9810-48df-887f-c222ef37097c/datanode-0/data/containers/hdds/500ceb14-8321-4c8a-b6b3-e488e41f7aab/current/containerDir0/2/metadata/2-dn-container.db
java.io.IOException: Failed init RocksDB, db path : /opt/src/hadoop-ozone/integration-test/target/test-dir/MiniOzoneClusterImpl-3f379463-9810-48df-887f-c222ef37097c/datanode-0/data/containers/hdds/500ceb14-8321-4c8a-b6b3-e488e41f7aab/current/containerDir0/2/metadata/2-dn-container.db
	at org.apache.hadoop.utils.RocksDBStore.<init>(RocksDBStore.java:87)
	at org.apache.hadoop.utils.MetadataStoreBuilder.build(MetadataStoreBuilder.java:137)
	at org.apache.hadoop.ozone.container.common.utils.ContainerCache.getDB(ContainerCache.java:129)
	at org.apache.hadoop.ozone.container.keyvalue.helpers.BlockUtils.getDB(BlockUtils.java:77)
	at org.apache.hadoop.ozone.container.keyvalue.statemachine.background.BlockDeletingService$BlockDeletingTask.call(BlockDeletingService.java:188)
	at org.apache.hadoop.ozone.container.keyvalue.statemachine.background.BlockDeletingService$BlockDeletingTask.call(BlockDeletingService.java:172)
	at java.util.concurrent.FutureTask.run(FutureTask.java:266)
	at java.util.concurrent.Executors$RunnableAdapter.call(Executors.java:511)
	at java.util.concurrent.FutureTask.run(FutureTask.java:266)
	at java.util.concurrent.Executors$RunnableAdapter.call(Executors.java:511)
	at java.util.concurrent.FutureTask.run(FutureTask.java:266)
	at java.util.concurrent.ScheduledThreadPoolExecutor$ScheduledFutureTask.access$201(ScheduledThreadPoolExecutor.java:180)
	at java.util.concurrent.ScheduledThreadPoolExecutor$ScheduledFutureTask.run(ScheduledThreadPoolExecutor.java:293)
	at java.util.concurrent.ThreadPoolExecutor.runWorker(ThreadPoolExecutor.java:1149)
	at java.util.concurrent.ThreadPoolExecutor$Worker.run(ThreadPoolExecutor.java:624)
	at java.lang.Thread.run(Thread.java:748)
Caused by: org.rocksdb.RocksDBException: While mkdir if missing: /opt/src/hadoop-ozone/integration-test/target/test-dir/MiniOzoneClusterImpl-3f379463-9810-48df-887f-c222ef37097c/datanode-0/data/containers/hdds/500ceb14-8321-4c8a-b6b3-e488e41f7aab/current/containerDir0/2/metadata/2-dn-container.db: No such file or directory
	at org.rocksdb.RocksDB.open(Native Method)
	at org.rocksdb.RocksDB.open(RocksDB.java:231)
	at org.apache.hadoop.utils.RocksDBStore.<init>(RocksDBStore.java:71)
	... 15 more
2019-06-13 16:25:37,209 WARN  utils.BackgroundService (BackgroundService.java:lambda$run$0(135)) - Background task fails to execute, retrying in next interval
java.util.concurrent.ExecutionException: org.apache.hadoop.hdds.scm.container.common.helpers.StorageContainerException: Error opening DB. Container:3 ContainerPath:/opt/src/hadoop-ozone/integration-test/target/test-dir/MiniOzoneClusterImpl-3f379463-9810-48df-887f-c222ef37097c/datanode-0/data/containers/hdds/500ceb14-8321-4c8a-b6b3-e488e41f7aab/current/containerDir0/3/metadata/3-dn-container.db
	at java.util.concurrent.FutureTask.report(FutureTask.java:122)
	at java.util.concurrent.FutureTask.get(FutureTask.java:206)
	at org.apache.hadoop.utils.BackgroundService$PeriodicalTask.lambda$run$0(BackgroundService.java:129)
	at java.util.stream.ForEachOps$ForEachOp$OfRef.accept(ForEachOps.java:184)
	at java.util.ArrayList$ArrayListSpliterator.forEachRemaining(ArrayList.java:1382)
	at java.util.stream.AbstractPipeline.copyInto(AbstractPipeline.java:482)
	at java.util.stream.ForEachOps$ForEachTask.compute(ForEachOps.java:291)
	at java.util.concurrent.CountedCompleter.exec(CountedCompleter.java:731)
	at java.util.concurrent.ForkJoinTask.doExec(ForkJoinTask.java:289)
	at java.util.concurrent.ForkJoinPool$WorkQueue.pollAndExecCC(ForkJoinPool.java:1190)
	at java.util.concurrent.ForkJoinPool.helpComplete(ForkJoinPool.java:1879)
	at java.util.concurrent.ForkJoinPool.externalHelpComplete(ForkJoinPool.java:2467)
	at java.util.concurrent.ForkJoinTask.externalAwaitDone(ForkJoinTask.java:324)
	at java.util.concurrent.ForkJoinTask.doInvoke(ForkJoinTask.java:405)
	at java.util.concurrent.ForkJoinTask.invoke(ForkJoinTask.java:734)
	at java.util.stream.ForEachOps$ForEachOp.evaluateParallel(ForEachOps.java:160)
	at java.util.stream.ForEachOps$ForEachOp$OfRef.evaluateParallel(ForEachOps.java:174)
	at java.util.stream.AbstractPipeline.evaluate(AbstractPipeline.java:233)
	at java.util.stream.ReferencePipeline.forEach(ReferencePipeline.java:418)
	at java.util.stream.ReferencePipeline$Head.forEach(ReferencePipeline.java:583)
	at org.apache.hadoop.utils.BackgroundService$PeriodicalTask.run(BackgroundService.java:125)
	at java.util.concurrent.Executors$RunnableAdapter.call(Executors.java:511)
	at java.util.concurrent.FutureTask.runAndReset(FutureTask.java:308)
	at java.util.concurrent.ScheduledThreadPoolExecutor$ScheduledFutureTask.access$301(ScheduledThreadPoolExecutor.java:180)
	at java.util.concurrent.ScheduledThreadPoolExecutor$ScheduledFutureTask.run(ScheduledThreadPoolExecutor.java:294)
	at java.util.concurrent.ThreadPoolExecutor.runWorker(ThreadPoolExecutor.java:1149)
	at java.util.concurrent.ThreadPoolExecutor$Worker.run(ThreadPoolExecutor.java:624)
	at java.lang.Thread.run(Thread.java:748)
Caused by: org.apache.hadoop.hdds.scm.container.common.helpers.StorageContainerException: Error opening DB. Container:3 ContainerPath:/opt/src/hadoop-ozone/integration-test/target/test-dir/MiniOzoneClusterImpl-3f379463-9810-48df-887f-c222ef37097c/datanode-0/data/containers/hdds/500ceb14-8321-4c8a-b6b3-e488e41f7aab/current/containerDir0/3/metadata/3-dn-container.db
	at org.apache.hadoop.ozone.container.keyvalue.helpers.BlockUtils.getDB(BlockUtils.java:84)
	at org.apache.hadoop.ozone.container.keyvalue.statemachine.background.BlockDeletingService$BlockDeletingTask.call(BlockDeletingService.java:188)
	at org.apache.hadoop.ozone.container.keyvalue.statemachine.background.BlockDeletingService$BlockDeletingTask.call(BlockDeletingService.java:172)
	at java.util.concurrent.FutureTask.run(FutureTask.java:266)
	at java.util.concurrent.Executors$RunnableAdapter.call(Executors.java:511)
	at java.util.concurrent.FutureTask.run(FutureTask.java:266)
	at java.util.concurrent.Executors$RunnableAdapter.call(Executors.java:511)
	at java.util.concurrent.FutureTask.run(FutureTask.java:266)
	at java.util.concurrent.ScheduledThreadPoolExecutor$ScheduledFutureTask.access$201(ScheduledThreadPoolExecutor.java:180)
	at java.util.concurrent.ScheduledThreadPoolExecutor$ScheduledFutureTask.run(ScheduledThreadPoolExecutor.java:293)
	... 3 more
2019-06-13 16:25:37,209 WARN  utils.BackgroundService (BackgroundService.java:lambda$run$0(135)) - Background task fails to execute, retrying in next interval
java.util.concurrent.ExecutionException: org.apache.hadoop.hdds.scm.container.common.helpers.StorageContainerException: Error opening DB. Container:2 ContainerPath:/opt/src/hadoop-ozone/integration-test/target/test-dir/MiniOzoneClusterImpl-3f379463-9810-48df-887f-c222ef37097c/datanode-0/data/containers/hdds/500ceb14-8321-4c8a-b6b3-e488e41f7aab/current/containerDir0/2/metadata/2-dn-container.db
	at java.util.concurrent.FutureTask.report(FutureTask.java:122)
	at java.util.concurrent.FutureTask.get(FutureTask.java:206)
	at org.apache.hadoop.utils.BackgroundService$PeriodicalTask.lambda$run$0(BackgroundService.java:129)
	at java.util.stream.ForEachOps$ForEachOp$OfRef.accept(ForEachOps.java:184)
	at java.util.ArrayList$ArrayListSpliterator.forEachRemaining(ArrayList.java:1382)
	at java.util.stream.AbstractPipeline.copyInto(AbstractPipeline.java:482)
	at java.util.stream.ForEachOps$ForEachTask.compute(ForEachOps.java:291)
	at java.util.concurrent.CountedCompleter.exec(CountedCompleter.java:731)
	at java.util.concurrent.ForkJoinTask.doExec(ForkJoinTask.java:289)
	at java.util.concurrent.ForkJoinPool$WorkQueue.runTask(ForkJoinPool.java:1056)
	at java.util.concurrent.ForkJoinPool.runWorker(ForkJoinPool.java:1692)
	at java.util.concurrent.ForkJoinWorkerThread.run(ForkJoinWorkerThread.java:157)
Caused by: org.apache.hadoop.hdds.scm.container.common.helpers.StorageContainerException: Error opening DB. Container:2 ContainerPath:/opt/src/hadoop-ozone/integration-test/target/test-dir/MiniOzoneClusterImpl-3f379463-9810-48df-887f-c222ef37097c/datanode-0/data/containers/hdds/500ceb14-8321-4c8a-b6b3-e488e41f7aab/current/containerDir0/2/metadata/2-dn-container.db
	at org.apache.hadoop.ozone.container.keyvalue.helpers.BlockUtils.getDB(BlockUtils.java:84)
	at org.apache.hadoop.ozone.container.keyvalue.statemachine.background.BlockDeletingService$BlockDeletingTask.call(BlockDeletingService.java:188)
	at org.apache.hadoop.ozone.container.keyvalue.statemachine.background.BlockDeletingService$BlockDeletingTask.call(BlockDeletingService.java:172)
	at java.util.concurrent.FutureTask.run(FutureTask.java:266)
	at java.util.concurrent.Executors$RunnableAdapter.call(Executors.java:511)
	at java.util.concurrent.FutureTask.run(FutureTask.java:266)
	at java.util.concurrent.Executors$RunnableAdapter.call(Executors.java:511)
	at java.util.concurrent.FutureTask.run(FutureTask.java:266)
	at java.util.concurrent.ScheduledThreadPoolExecutor$ScheduledFutureTask.access$201(ScheduledThreadPoolExecutor.java:180)
	at java.util.concurrent.ScheduledThreadPoolExecutor$ScheduledFutureTask.run(ScheduledThreadPoolExecutor.java:293)
	at java.util.concurrent.ThreadPoolExecutor.runWorker(ThreadPoolExecutor.java:1149)
	at java.util.concurrent.ThreadPoolExecutor$Worker.run(ThreadPoolExecutor.java:624)
	at java.lang.Thread.run(Thread.java:748)
2019-06-13 16:25:37,443 INFO  ozone.MiniOzoneClusterImpl (MiniOzoneClusterImpl.java:lambda$waitForClusterToBeReady$0(142)) - Waiting for cluster to be ready. Got 0 of 1 DN Heartbeats.
2019-06-13 16:25:37,445 INFO  node.SCMNodeManager (SCMNodeManager.java:register(234)) - Registered Data node : 67d61979-fa05-4f6a-8d21-c32e6a73ba51{ip: 192.168.11.208, host: ozone-z9zf6-1652263048, networkLocation: /default-rack, certSerialId: null}
2019-06-13 16:25:37,449 INFO  safemode.SCMSafeModeManager (DataNodeSafeModeRule.java:process(71)) - SCM in safe mode. 1 DataNodes registered, 1 required.
2019-06-13 16:25:37,451 INFO  safemode.SCMSafeModeManager (SCMSafeModeManager.java:validateSafeModeExitRules(177)) - ScmSafeModeManager, all rules are successfully validated
2019-06-13 16:25:37,452 INFO  safemode.SCMSafeModeManager (SCMSafeModeManager.java:exitSafeMode(193)) - SCM exiting safe mode.
2019-06-13 16:25:37,461 INFO  impl.RaftServerProxy (RaftServerProxy.java:addNew(89)) - 67d61979-fa05-4f6a-8d21-c32e6a73ba51: addNew group-18E6B46A67F9:[67d61979-fa05-4f6a-8d21-c32e6a73ba51:192.168.11.208:37595] returns group-18E6B46A67F9:java.util.concurrent.CompletableFuture@61b4b869[Not completed]
2019-06-13 16:25:37,461 INFO  impl.RaftServerImpl (RaftServerImpl.java:<init>(91)) - 67d61979-fa05-4f6a-8d21-c32e6a73ba51: new RaftServerImpl for group-18E6B46A67F9:[67d61979-fa05-4f6a-8d21-c32e6a73ba51:192.168.11.208:37595] with ContainerStateMachine:uninitialized
2019-06-13 16:25:37,463 INFO  server.RaftServerConfigKeys (ConfUtils.java:logGet(43)) - raft.server.rpc.timeout.min = 1s (custom)
2019-06-13 16:25:37,463 INFO  server.RaftServerConfigKeys (ConfUtils.java:logGet(43)) - raft.server.rpc.timeout.max = 1200ms (custom)
2019-06-13 16:25:37,463 INFO  server.RaftServerConfigKeys (ConfUtils.java:logGet(43)) - raft.server.rpcslowness.timeout = 120s (custom)
2019-06-13 16:25:37,463 INFO  server.RaftServerConfigKeys (ConfUtils.java:logGet(43)) - raft.server.log.appender.install.snapshot.enabled = true (default)
2019-06-13 16:25:37,463 INFO  impl.RaftServerImpl (ServerState.java:<init>(101)) - 67d61979-fa05-4f6a-8d21-c32e6a73ba51:group-18E6B46A67F9 ConfigurationManager, init=-1: [67d61979-fa05-4f6a-8d21-c32e6a73ba51:192.168.11.208:37595], old=null, confs=<EMPTY_MAP>
2019-06-13 16:25:37,463 INFO  server.RaftServerConfigKeys (ConfUtils.java:logGet(43)) - raft.server.storage.dir = [/opt/src/hadoop-ozone/integration-test/target/test-dir/MiniOzoneClusterImpl-4bd027ed-7b27-4b0c-abea-bd2378949791/datanode-0/data/ratis] (custom)
2019-06-13 16:25:37,463 INFO  storage.RaftStorageDirectory (RaftStorageDirectory.java:analyzeStorage(246)) - The storage directory /opt/src/hadoop-ozone/integration-test/target/test-dir/MiniOzoneClusterImpl-4bd027ed-7b27-4b0c-abea-bd2378949791/datanode-0/data/ratis/ce8b5ea8-26c9-4d17-91b7-18e6b46a67f9 does not exist. Creating ...
2019-06-13 16:25:37,466 INFO  storage.RaftStorageDirectory (RaftStorageDirectory.java:tryLock(328)) - Lock on /opt/src/hadoop-ozone/integration-test/target/test-dir/MiniOzoneClusterImpl-4bd027ed-7b27-4b0c-abea-bd2378949791/datanode-0/data/ratis/ce8b5ea8-26c9-4d17-91b7-18e6b46a67f9/in_use.lock acquired by nodename 16239@ozone-z9zf6-1652263048
2019-06-13 16:25:37,468 INFO  storage.RaftStorage (RaftStorage.java:format(75)) - Storage directory /opt/src/hadoop-ozone/integration-test/target/test-dir/MiniOzoneClusterImpl-4bd027ed-7b27-4b0c-abea-bd2378949791/datanode-0/data/ratis/ce8b5ea8-26c9-4d17-91b7-18e6b46a67f9 has been successfully formatted.
2019-06-13 16:25:37,468 INFO  ratis.ContainerStateMachine (ContainerStateMachine.java:loadSnapshot(199)) - The snapshot info is null.Setting the last applied index to:(t:0, i:~)
2019-06-13 16:25:37,468 INFO  server.RaftServerConfigKeys (ConfUtils.java:logGet(43)) - raft.server.leader.election.timeout = 120s (custom)
2019-06-13 16:25:37,468 INFO  server.RaftServerConfigKeys (ConfUtils.java:logGet(43)) - raft.server.log.use.memory = false (default)
2019-06-13 16:25:37,468 INFO  server.RaftServerConfigKeys (ConfUtils.java:logGet(43)) - raft.server.log.appender.buffer.byte-limit = 33554432 (custom)
2019-06-13 16:25:37,468 INFO  server.RaftServerConfigKeys (ConfUtils.java:logGet(43)) - raft.server.log.segment.size.max = 16384 (custom)
2019-06-13 16:25:37,468 INFO  server.RaftServerConfigKeys (ConfUtils.java:logGet(43)) - raft.server.log.segment.cache.num.max = 2 (custom)
2019-06-13 16:25:37,468 INFO  storage.RaftLogWorker (RaftLogWorker.java:<init>(123)) - new 67d61979-fa05-4f6a-8d21-c32e6a73ba51-RaftLogWorker for Storage Directory /opt/src/hadoop-ozone/integration-test/target/test-dir/MiniOzoneClusterImpl-4bd027ed-7b27-4b0c-abea-bd2378949791/datanode-0/data/ratis/ce8b5ea8-26c9-4d17-91b7-18e6b46a67f9
2019-06-13 16:25:37,468 INFO  server.RaftServerConfigKeys (ConfUtils.java:logGet(43)) - raft.server.log.queue.byte-limit = 2147483647 (custom)
2019-06-13 16:25:37,469 INFO  server.RaftServerConfigKeys (ConfUtils.java:logGet(43)) - raft.server.log.queue.element-limit = 1024 (custom)
2019-06-13 16:25:37,469 INFO  server.RaftServerConfigKeys (ConfUtils.java:logGet(43)) - raft.server.log.segment.size.max = 16384 (custom)
2019-06-13 16:25:37,469 INFO  server.RaftServerConfigKeys (ConfUtils.java:logGet(43)) - raft.server.log.preallocated.size = 16384 (custom)
2019-06-13 16:25:37,469 INFO  server.RaftServerConfigKeys (ConfUtils.java:logGet(43)) - raft.server.log.write.buffer.size = 33554432 (custom)
2019-06-13 16:25:37,469 INFO  server.RaftServerConfigKeys (ConfUtils.java:logGet(43)) - raft.server.log.force.sync.num = 128 (default)
2019-06-13 16:25:37,469 INFO  server.RaftServerConfigKeys (ConfUtils.java:logGet(43)) - raft.server.log.statemachine.data.sync = true (default)
2019-06-13 16:25:37,469 INFO  server.RaftServerConfigKeys (ConfUtils.java:logGet(43)) - raft.server.log.statemachine.data.sync.timeout = 10s (default)
2019-06-13 16:25:37,469 INFO  server.RaftServerConfigKeys (ConfUtils.java:logGet(43)) - raft.server.log.statemachine.data.sync.timeout.retry = -1 (default)
2019-06-13 16:25:37,469 INFO  server.RaftServerConfigKeys (ConfUtils.java:logGet(43)) - raft.server.log.statemachine.data.caching.enabled = true (custom)
2019-06-13 16:25:37,469 INFO  server.RaftServerConfigKeys (ConfUtils.java:logGet(43)) - raft.server.snapshot.auto.trigger.enabled = true (custom)
2019-06-13 16:25:37,469 INFO  server.RaftServerConfigKeys (ConfUtils.java:logGet(43)) - raft.server.snapshot.auto.trigger.threshold = 10000 (custom)
2019-06-13 16:25:37,470 INFO  server.RaftServerConfigKeys (ConfUtils.java:logGet(43)) - raft.server.retrycache.expirytime = 600000ms (custom)
2019-06-13 16:25:37,470 INFO  impl.RaftServerImpl (RaftServerImpl.java:start(173)) - 67d61979-fa05-4f6a-8d21-c32e6a73ba51: start group-18E6B46A67F9
2019-06-13 16:25:37,470 INFO  impl.RaftServerImpl (RaftServerImpl.java:setRole(164)) - 67d61979-fa05-4f6a-8d21-c32e6a73ba51:group-18E6B46A67F9 changes role from null to FOLLOWER at term 0 for startAsFollower
2019-06-13 16:25:37,470 INFO  impl.RoleInfo (RoleInfo.java:updateAndGet(143)) - 67d61979-fa05-4f6a-8d21-c32e6a73ba51: start FollowerState
2019-06-13 16:25:37,470 INFO  util.JmxRegister (JmxRegister.java:tryRegister(44)) - Successfully registered JMX Bean with object name Ratis:service=RaftServer,group=group-18E6B46A67F9,id=67d61979-fa05-4f6a-8d21-c32e6a73ba51
2019-06-13 16:25:37,476 INFO  pipeline.PipelineStateManager (PipelineStateManager.java:addPipeline(56)) - Created pipeline Pipeline[ Id: ce8b5ea8-26c9-4d17-91b7-18e6b46a67f9, Nodes: 67d61979-fa05-4f6a-8d21-c32e6a73ba51{ip: 192.168.11.208, host: ozone-z9zf6-1652263048, networkLocation: /default-rack, certSerialId: null}, Type:RATIS, Factor:ONE, State:OPEN]
2019-06-13 16:25:38,209 INFO  background.BlockDeletingService (BlockDeletingService.java:getTasks(123)) - Plan to choose 10 containers for block deletion, actually returns 5 valid containers.
2019-06-13 16:25:38,210 ERROR utils.ContainerCache (ContainerCache.java:getDB(137)) - Error opening DB. Container:1 ContainerPath:/opt/src/hadoop-ozone/integration-test/target/test-dir/MiniOzoneClusterImpl-3f379463-9810-48df-887f-c222ef37097c/datanode-0/data/containers/hdds/500ceb14-8321-4c8a-b6b3-e488e41f7aab/current/containerDir0/1/metadata/1-dn-container.db
java.io.IOException: Failed init RocksDB, db path : /opt/src/hadoop-ozone/integration-test/target/test-dir/MiniOzoneClusterImpl-3f379463-9810-48df-887f-c222ef37097c/datanode-0/data/containers/hdds/500ceb14-8321-4c8a-b6b3-e488e41f7aab/current/containerDir0/1/metadata/1-dn-container.db
	at org.apache.hadoop.utils.RocksDBStore.<init>(RocksDBStore.java:87)
	at org.apache.hadoop.utils.MetadataStoreBuilder.build(MetadataStoreBuilder.java:137)
	at org.apache.hadoop.ozone.container.common.utils.ContainerCache.getDB(ContainerCache.java:129)
	at org.apache.hadoop.ozone.container.keyvalue.helpers.BlockUtils.getDB(BlockUtils.java:77)
	at org.apache.hadoop.ozone.container.keyvalue.statemachine.background.BlockDeletingService$BlockDeletingTask.call(BlockDeletingService.java:188)
	at org.apache.hadoop.ozone.container.keyvalue.statemachine.background.BlockDeletingService$BlockDeletingTask.call(BlockDeletingService.java:172)
	at java.util.concurrent.FutureTask.run(FutureTask.java:266)
	at java.util.concurrent.Executors$RunnableAdapter.call(Executors.java:511)
	at java.util.concurrent.FutureTask.run(FutureTask.java:266)
	at java.util.concurrent.Executors$RunnableAdapter.call(Executors.java:511)
	at java.util.concurrent.FutureTask.run(FutureTask.java:266)
	at java.util.concurrent.ScheduledThreadPoolExecutor$ScheduledFutureTask.access$201(ScheduledThreadPoolExecutor.java:180)
	at java.util.concurrent.ScheduledThreadPoolExecutor$ScheduledFutureTask.run(ScheduledThreadPoolExecutor.java:293)
	at java.util.concurrent.ThreadPoolExecutor.runWorker(ThreadPoolExecutor.java:1149)
	at java.util.concurrent.ThreadPoolExecutor$Worker.run(ThreadPoolExecutor.java:624)
	at java.lang.Thread.run(Thread.java:748)
Caused by: org.rocksdb.RocksDBException: While mkdir if missing: /opt/src/hadoop-ozone/integration-test/target/test-dir/MiniOzoneClusterImpl-3f379463-9810-48df-887f-c222ef37097c/datanode-0/data/containers/hdds/500ceb14-8321-4c8a-b6b3-e488e41f7aab/current/containerDir0/1/metadata/1-dn-container.db: No such file or directory
	at org.rocksdb.RocksDB.open(Native Method)
	at org.rocksdb.RocksDB.open(RocksDB.java:231)
	at org.apache.hadoop.utils.RocksDBStore.<init>(RocksDBStore.java:71)
	... 15 more
2019-06-13 16:25:38,210 ERROR utils.ContainerCache (ContainerCache.java:getDB(137)) - Error opening DB. Container:5 ContainerPath:/opt/src/hadoop-ozone/integration-test/target/test-dir/MiniOzoneClusterImpl-3f379463-9810-48df-887f-c222ef37097c/datanode-0/data/containers/hdds/500ceb14-8321-4c8a-b6b3-e488e41f7aab/current/containerDir0/5/metadata/5-dn-container.db
java.io.IOException: Failed init RocksDB, db path : /opt/src/hadoop-ozone/integration-test/target/test-dir/MiniOzoneClusterImpl-3f379463-9810-48df-887f-c222ef37097c/datanode-0/data/containers/hdds/500ceb14-8321-4c8a-b6b3-e488e41f7aab/current/containerDir0/5/metadata/5-dn-container.db
	at org.apache.hadoop.utils.RocksDBStore.<init>(RocksDBStore.java:87)
	at org.apache.hadoop.utils.MetadataStoreBuilder.build(MetadataStoreBuilder.java:137)
	at org.apache.hadoop.ozone.container.common.utils.ContainerCache.getDB(ContainerCache.java:129)
	at org.apache.hadoop.ozone.container.keyvalue.helpers.BlockUtils.getDB(BlockUtils.java:77)
	at org.apache.hadoop.ozone.container.keyvalue.statemachine.background.BlockDeletingService$BlockDeletingTask.call(BlockDeletingService.java:188)
	at org.apache.hadoop.ozone.container.keyvalue.statemachine.background.BlockDeletingService$BlockDeletingTask.call(BlockDeletingService.java:172)
	at java.util.concurrent.FutureTask.run(FutureTask.java:266)
	at java.util.concurrent.Executors$RunnableAdapter.call(Executors.java:511)
	at java.util.concurrent.FutureTask.run(FutureTask.java:266)
	at java.util.concurrent.Executors$RunnableAdapter.call(Executors.java:511)
	at java.util.concurrent.FutureTask.run(FutureTask.java:266)
	at java.util.concurrent.ScheduledThreadPoolExecutor$ScheduledFutureTask.access$201(ScheduledThreadPoolExecutor.java:180)
	at java.util.concurrent.ScheduledThreadPoolExecutor$ScheduledFutureTask.run(ScheduledThreadPoolExecutor.java:293)
	at java.util.concurrent.ThreadPoolExecutor.runWorker(ThreadPoolExecutor.java:1149)
	at java.util.concurrent.ThreadPoolExecutor$Worker.run(ThreadPoolExecutor.java:624)
	at java.lang.Thread.run(Thread.java:748)
Caused by: org.rocksdb.RocksDBException: While mkdir if missing: /opt/src/hadoop-ozone/integration-test/target/test-dir/MiniOzoneClusterImpl-3f379463-9810-48df-887f-c222ef37097c/datanode-0/data/containers/hdds/500ceb14-8321-4c8a-b6b3-e488e41f7aab/current/containerDir0/5/metadata/5-dn-container.db: No such file or directory
	at org.rocksdb.RocksDB.open(Native Method)
	at org.rocksdb.RocksDB.open(RocksDB.java:231)
	at org.apache.hadoop.utils.RocksDBStore.<init>(RocksDBStore.java:71)
	... 15 more
2019-06-13 16:25:38,211 WARN  utils.BackgroundService (BackgroundService.java:lambda$run$0(135)) - Background task fails to execute, retrying in next interval
java.util.concurrent.ExecutionException: org.apache.hadoop.hdds.scm.container.common.helpers.StorageContainerException: Error opening DB. Container:5 ContainerPath:/opt/src/hadoop-ozone/integration-test/target/test-dir/MiniOzoneClusterImpl-3f379463-9810-48df-887f-c222ef37097c/datanode-0/data/containers/hdds/500ceb14-8321-4c8a-b6b3-e488e41f7aab/current/containerDir0/5/metadata/5-dn-container.db
	at java.util.concurrent.FutureTask.report(FutureTask.java:122)
	at java.util.concurrent.FutureTask.get(FutureTask.java:206)
	at org.apache.hadoop.utils.BackgroundService$PeriodicalTask.lambda$run$0(BackgroundService.java:129)
	at java.util.stream.ForEachOps$ForEachOp$OfRef.accept(ForEachOps.java:184)
	at java.util.ArrayList$ArrayListSpliterator.forEachRemaining(ArrayList.java:1382)
	at java.util.stream.AbstractPipeline.copyInto(AbstractPipeline.java:482)
	at java.util.stream.ForEachOps$ForEachTask.compute(ForEachOps.java:291)
	at java.util.concurrent.CountedCompleter.exec(CountedCompleter.java:731)
	at java.util.concurrent.ForkJoinTask.doExec(ForkJoinTask.java:289)
	at java.util.concurrent.ForkJoinPool$WorkQueue.runTask(ForkJoinPool.java:1056)
	at java.util.concurrent.ForkJoinPool.runWorker(ForkJoinPool.java:1692)
	at java.util.concurrent.ForkJoinWorkerThread.run(ForkJoinWorkerThread.java:157)
Caused by: org.apache.hadoop.hdds.scm.container.common.helpers.StorageContainerException: Error opening DB. Container:5 ContainerPath:/opt/src/hadoop-ozone/integration-test/target/test-dir/MiniOzoneClusterImpl-3f379463-9810-48df-887f-c222ef37097c/datanode-0/data/containers/hdds/500ceb14-8321-4c8a-b6b3-e488e41f7aab/current/containerDir0/5/metadata/5-dn-container.db
	at org.apache.hadoop.ozone.container.keyvalue.helpers.BlockUtils.getDB(BlockUtils.java:84)
	at org.apache.hadoop.ozone.container.keyvalue.statemachine.background.BlockDeletingService$BlockDeletingTask.call(BlockDeletingService.java:188)
	at org.apache.hadoop.ozone.container.keyvalue.statemachine.background.BlockDeletingService$BlockDeletingTask.call(BlockDeletingService.java:172)
	at java.util.concurrent.FutureTask.run(FutureTask.java:266)
	at java.util.concurrent.Executors$RunnableAdapter.call(Executors.java:511)
	at java.util.concurrent.FutureTask.run(FutureTask.java:266)
	at java.util.concurrent.Executors$RunnableAdapter.call(Executors.java:511)
	at java.util.concurrent.FutureTask.run(FutureTask.java:266)
	at java.util.concurrent.ScheduledThreadPoolExecutor$ScheduledFutureTask.access$201(ScheduledThreadPoolExecutor.java:180)
	at java.util.concurrent.ScheduledThreadPoolExecutor$ScheduledFutureTask.run(ScheduledThreadPoolExecutor.java:293)
	at java.util.concurrent.ThreadPoolExecutor.runWorker(ThreadPoolExecutor.java:1149)
	at java.util.concurrent.ThreadPoolExecutor$Worker.run(ThreadPoolExecutor.java:624)
	at java.lang.Thread.run(Thread.java:748)
2019-06-13 16:25:38,211 ERROR utils.ContainerCache (ContainerCache.java:getDB(137)) - Error opening DB. Container:4 ContainerPath:/opt/src/hadoop-ozone/integration-test/target/test-dir/MiniOzoneClusterImpl-3f379463-9810-48df-887f-c222ef37097c/datanode-0/data/containers/hdds/500ceb14-8321-4c8a-b6b3-e488e41f7aab/current/containerDir0/4/metadata/4-dn-container.db
java.io.IOException: Failed init RocksDB, db path : /opt/src/hadoop-ozone/integration-test/target/test-dir/MiniOzoneClusterImpl-3f379463-9810-48df-887f-c222ef37097c/datanode-0/data/containers/hdds/500ceb14-8321-4c8a-b6b3-e488e41f7aab/current/containerDir0/4/metadata/4-dn-container.db
	at org.apache.hadoop.utils.RocksDBStore.<init>(RocksDBStore.java:87)
	at org.apache.hadoop.utils.MetadataStoreBuilder.build(MetadataStoreBuilder.java:137)
	at org.apache.hadoop.ozone.container.common.utils.ContainerCache.getDB(ContainerCache.java:129)
	at org.apache.hadoop.ozone.container.keyvalue.helpers.BlockUtils.getDB(BlockUtils.java:77)
	at org.apache.hadoop.ozone.container.keyvalue.statemachine.background.BlockDeletingService$BlockDeletingTask.call(BlockDeletingService.java:188)
	at org.apache.hadoop.ozone.container.keyvalue.statemachine.background.BlockDeletingService$BlockDeletingTask.call(BlockDeletingService.java:172)
	at java.util.concurrent.FutureTask.run(FutureTask.java:266)
	at java.util.concurrent.Executors$RunnableAdapter.call(Executors.java:511)
	at java.util.concurrent.FutureTask.run(FutureTask.java:266)
	at java.util.concurrent.Executors$RunnableAdapter.call(Executors.java:511)
	at java.util.concurrent.FutureTask.run(FutureTask.java:266)
	at java.util.concurrent.ScheduledThreadPoolExecutor$ScheduledFutureTask.access$201(ScheduledThreadPoolExecutor.java:180)
	at java.util.concurrent.ScheduledThreadPoolExecutor$ScheduledFutureTask.run(ScheduledThreadPoolExecutor.java:293)
	at java.util.concurrent.ThreadPoolExecutor.runWorker(ThreadPoolExecutor.java:1149)
	at java.util.concurrent.ThreadPoolExecutor$Worker.run(ThreadPoolExecutor.java:624)
	at java.lang.Thread.run(Thread.java:748)
Caused by: org.rocksdb.RocksDBException: While mkdir if missing: /opt/src/hadoop-ozone/integration-test/target/test-dir/MiniOzoneClusterImpl-3f379463-9810-48df-887f-c222ef37097c/datanode-0/data/containers/hdds/500ceb14-8321-4c8a-b6b3-e488e41f7aab/current/containerDir0/4/metadata/4-dn-container.db: No such file or directory
	at org.rocksdb.RocksDB.open(Native Method)
	at org.rocksdb.RocksDB.open(RocksDB.java:231)
	at org.apache.hadoop.utils.RocksDBStore.<init>(RocksDBStore.java:71)
	... 15 more
2019-06-13 16:25:38,211 WARN  utils.BackgroundService (BackgroundService.java:lambda$run$0(135)) - Background task fails to execute, retrying in next interval
java.util.concurrent.ExecutionException: org.apache.hadoop.hdds.scm.container.common.helpers.StorageContainerException: Error opening DB. Container:1 ContainerPath:/opt/src/hadoop-ozone/integration-test/target/test-dir/MiniOzoneClusterImpl-3f379463-9810-48df-887f-c222ef37097c/datanode-0/data/containers/hdds/500ceb14-8321-4c8a-b6b3-e488e41f7aab/current/containerDir0/1/metadata/1-dn-container.db
	at java.util.concurrent.FutureTask.report(FutureTask.java:122)
	at java.util.concurrent.FutureTask.get(FutureTask.java:206)
	at org.apache.hadoop.utils.BackgroundService$PeriodicalTask.lambda$run$0(BackgroundService.java:129)
	at java.util.stream.ForEachOps$ForEachOp$OfRef.accept(ForEachOps.java:184)
	at java.util.ArrayList$ArrayListSpliterator.forEachRemaining(ArrayList.java:1382)
	at java.util.stream.AbstractPipeline.copyInto(AbstractPipeline.java:482)
	at java.util.stream.ForEachOps$ForEachTask.compute(ForEachOps.java:291)
	at java.util.concurrent.CountedCompleter.exec(CountedCompleter.java:731)
	at java.util.concurrent.ForkJoinTask.doExec(ForkJoinTask.java:289)
	at java.util.concurrent.ForkJoinPool$WorkQueue.execLocalTasks(ForkJoinPool.java:1040)
	at java.util.concurrent.ForkJoinPool$WorkQueue.runTask(ForkJoinPool.java:1058)
	at java.util.concurrent.ForkJoinPool.runWorker(ForkJoinPool.java:1692)
	at java.util.concurrent.ForkJoinWorkerThread.run(ForkJoinWorkerThread.java:157)
Caused by: org.apache.hadoop.hdds.scm.container.common.helpers.StorageContainerException: Error opening DB. Container:1 ContainerPath:/opt/src/hadoop-ozone/integration-test/target/test-dir/MiniOzoneClusterImpl-3f379463-9810-48df-887f-c222ef37097c/datanode-0/data/containers/hdds/500ceb14-8321-4c8a-b6b3-e488e41f7aab/current/containerDir0/1/metadata/1-dn-container.db
	at org.apache.hadoop.ozone.container.keyvalue.helpers.BlockUtils.getDB(BlockUtils.java:84)
	at org.apache.hadoop.ozone.container.keyvalue.statemachine.background.BlockDeletingService$BlockDeletingTask.call(BlockDeletingService.java:188)
	at org.apache.hadoop.ozone.container.keyvalue.statemachine.background.BlockDeletingService$BlockDeletingTask.call(BlockDeletingService.java:172)
	at java.util.concurrent.FutureTask.run(FutureTask.java:266)
	at java.util.concurrent.Executors$RunnableAdapter.call(Executors.java:511)
	at java.util.concurrent.FutureTask.run(FutureTask.java:266)
	at java.util.concurrent.Executors$RunnableAdapter.call(Executors.java:511)
	at java.util.concurrent.FutureTask.run(FutureTask.java:266)
	at java.util.concurrent.ScheduledThreadPoolExecutor$ScheduledFutureTask.access$201(ScheduledThreadPoolExecutor.java:180)
	at java.util.concurrent.ScheduledThreadPoolExecutor$ScheduledFutureTask.run(ScheduledThreadPoolExecutor.java:293)
	at java.util.concurrent.ThreadPoolExecutor.runWorker(ThreadPoolExecutor.java:1149)
	at java.util.concurrent.ThreadPoolExecutor$Worker.run(ThreadPoolExecutor.java:624)
	at java.lang.Thread.run(Thread.java:748)
2019-06-13 16:25:38,211 WARN  utils.BackgroundService (BackgroundService.java:lambda$run$0(135)) - Background task fails to execute, retrying in next interval
java.util.concurrent.ExecutionException: org.apache.hadoop.hdds.scm.container.common.helpers.StorageContainerException: Error opening DB. Container:4 ContainerPath:/opt/src/hadoop-ozone/integration-test/target/test-dir/MiniOzoneClusterImpl-3f379463-9810-48df-887f-c222ef37097c/datanode-0/data/containers/hdds/500ceb14-8321-4c8a-b6b3-e488e41f7aab/current/containerDir0/4/metadata/4-dn-container.db
	at java.util.concurrent.FutureTask.report(FutureTask.java:122)
	at java.util.concurrent.FutureTask.get(FutureTask.java:206)
	at org.apache.hadoop.utils.BackgroundService$PeriodicalTask.lambda$run$0(BackgroundService.java:129)
	at java.util.stream.ForEachOps$ForEachOp$OfRef.accept(ForEachOps.java:184)
	at java.util.ArrayList$ArrayListSpliterator.forEachRemaining(ArrayList.java:1382)
	at java.util.stream.AbstractPipeline.copyInto(AbstractPipeline.java:482)
	at java.util.stream.ForEachOps$ForEachTask.compute(ForEachOps.java:291)
	at java.util.concurrent.CountedCompleter.exec(CountedCompleter.java:731)
	at java.util.concurrent.ForkJoinTask.doExec(ForkJoinTask.java:289)
	at java.util.concurrent.ForkJoinTask.doInvoke(ForkJoinTask.java:401)
	at java.util.concurrent.ForkJoinTask.invoke(ForkJoinTask.java:734)
	at java.util.stream.ForEachOps$ForEachOp.evaluateParallel(ForEachOps.java:160)
	at java.util.stream.ForEachOps$ForEachOp$OfRef.evaluateParallel(ForEachOps.java:174)
	at java.util.stream.AbstractPipeline.evaluate(AbstractPipeline.java:233)
	at java.util.stream.ReferencePipeline.forEach(ReferencePipeline.java:418)
	at java.util.stream.ReferencePipeline$Head.forEach(ReferencePipeline.java:583)
	at org.apache.hadoop.utils.BackgroundService$PeriodicalTask.run(BackgroundService.java:125)
	at java.util.concurrent.Executors$RunnableAdapter.call(Executors.java:511)
	at java.util.concurrent.FutureTask.runAndReset(FutureTask.java:308)
	at java.util.concurrent.ScheduledThreadPoolExecutor$ScheduledFutureTask.access$301(ScheduledThreadPoolExecutor.java:180)
	at java.util.concurrent.ScheduledThreadPoolExecutor$ScheduledFutureTask.run(ScheduledThreadPoolExecutor.java:294)
	at java.util.concurrent.ThreadPoolExecutor.runWorker(ThreadPoolExecutor.java:1149)
	at java.util.concurrent.ThreadPoolExecutor$Worker.run(ThreadPoolExecutor.java:624)
	at java.lang.Thread.run(Thread.java:748)
Caused by: org.apache.hadoop.hdds.scm.container.common.helpers.StorageContainerException: Error opening DB. Container:4 ContainerPath:/opt/src/hadoop-ozone/integration-test/target/test-dir/MiniOzoneClusterImpl-3f379463-9810-48df-887f-c222ef37097c/datanode-0/data/containers/hdds/500ceb14-8321-4c8a-b6b3-e488e41f7aab/current/containerDir0/4/metadata/4-dn-container.db
	at org.apache.hadoop.ozone.container.keyvalue.helpers.BlockUtils.getDB(BlockUtils.java:84)
	at org.apache.hadoop.ozone.container.keyvalue.statemachine.background.BlockDeletingService$BlockDeletingTask.call(BlockDeletingService.java:188)
	at org.apache.hadoop.ozone.container.keyvalue.statemachine.background.BlockDeletingService$BlockDeletingTask.call(BlockDeletingService.java:172)
	at java.util.concurrent.FutureTask.run(FutureTask.java:266)
	at java.util.concurrent.Executors$RunnableAdapter.call(Executors.java:511)
	at java.util.concurrent.FutureTask.run(FutureTask.java:266)
	at java.util.concurrent.Executors$RunnableAdapter.call(Executors.java:511)
	at java.util.concurrent.FutureTask.run(FutureTask.java:266)
	at java.util.concurrent.ScheduledThreadPoolExecutor$ScheduledFutureTask.access$201(ScheduledThreadPoolExecutor.java:180)
	at java.util.concurrent.ScheduledThreadPoolExecutor$ScheduledFutureTask.run(ScheduledThreadPoolExecutor.java:293)
	... 3 more
2019-06-13 16:25:38,211 ERROR utils.ContainerCache (ContainerCache.java:getDB(137)) - Error opening DB. Container:3 ContainerPath:/opt/src/hadoop-ozone/integration-test/target/test-dir/MiniOzoneClusterImpl-3f379463-9810-48df-887f-c222ef37097c/datanode-0/data/containers/hdds/500ceb14-8321-4c8a-b6b3-e488e41f7aab/current/containerDir0/3/metadata/3-dn-container.db
java.io.IOException: Failed init RocksDB, db path : /opt/src/hadoop-ozone/integration-test/target/test-dir/MiniOzoneClusterImpl-3f379463-9810-48df-887f-c222ef37097c/datanode-0/data/containers/hdds/500ceb14-8321-4c8a-b6b3-e488e41f7aab/current/containerDir0/3/metadata/3-dn-container.db
	at org.apache.hadoop.utils.RocksDBStore.<init>(RocksDBStore.java:87)
	at org.apache.hadoop.utils.MetadataStoreBuilder.build(MetadataStoreBuilder.java:137)
	at org.apache.hadoop.ozone.container.common.utils.ContainerCache.getDB(ContainerCache.java:129)
	at org.apache.hadoop.ozone.container.keyvalue.helpers.BlockUtils.getDB(BlockUtils.java:77)
	at org.apache.hadoop.ozone.container.keyvalue.statemachine.background.BlockDeletingService$BlockDeletingTask.call(BlockDeletingService.java:188)
	at org.apache.hadoop.ozone.container.keyvalue.statemachine.background.BlockDeletingService$BlockDeletingTask.call(BlockDeletingService.java:172)
	at java.util.concurrent.FutureTask.run(FutureTask.java:266)
	at java.util.concurrent.Executors$RunnableAdapter.call(Executors.java:511)
	at java.util.concurrent.FutureTask.run(FutureTask.java:266)
	at java.util.concurrent.Executors$RunnableAdapter.call(Executors.java:511)
	at java.util.concurrent.FutureTask.run(FutureTask.java:266)
	at java.util.concurrent.ScheduledThreadPoolExecutor$ScheduledFutureTask.access$201(ScheduledThreadPoolExecutor.java:180)
	at java.util.concurrent.ScheduledThreadPoolExecutor$ScheduledFutureTask.run(ScheduledThreadPoolExecutor.java:293)
	at java.util.concurrent.ThreadPoolExecutor.runWorker(ThreadPoolExecutor.java:1149)
	at java.util.concurrent.ThreadPoolExecutor$Worker.run(ThreadPoolExecutor.java:624)
	at java.lang.Thread.run(Thread.java:748)
Caused by: org.rocksdb.RocksDBException: While mkdir if missing: /opt/src/hadoop-ozone/integration-test/target/test-dir/MiniOzoneClusterImpl-3f379463-9810-48df-887f-c222ef37097c/datanode-0/data/containers/hdds/500ceb14-8321-4c8a-b6b3-e488e41f7aab/current/containerDir0/3/metadata/3-dn-container.db: No such file or directory
	at org.rocksdb.RocksDB.open(Native Method)
	at org.rocksdb.RocksDB.open(RocksDB.java:231)
	at org.apache.hadoop.utils.RocksDBStore.<init>(RocksDBStore.java:71)
	... 15 more
2019-06-13 16:25:38,212 WARN  utils.BackgroundService (BackgroundService.java:lambda$run$0(135)) - Background task fails to execute, retrying in next interval
java.util.concurrent.ExecutionException: org.apache.hadoop.hdds.scm.container.common.helpers.StorageContainerException: Error opening DB. Container:3 ContainerPath:/opt/src/hadoop-ozone/integration-test/target/test-dir/MiniOzoneClusterImpl-3f379463-9810-48df-887f-c222ef37097c/datanode-0/data/containers/hdds/500ceb14-8321-4c8a-b6b3-e488e41f7aab/current/containerDir0/3/metadata/3-dn-container.db
	at java.util.concurrent.FutureTask.report(FutureTask.java:122)
	at java.util.concurrent.FutureTask.get(FutureTask.java:206)
	at org.apache.hadoop.utils.BackgroundService$PeriodicalTask.lambda$run$0(BackgroundService.java:129)
	at java.util.stream.ForEachOps$ForEachOp$OfRef.accept(ForEachOps.java:184)
	at java.util.ArrayList$ArrayListSpliterator.forEachRemaining(ArrayList.java:1382)
	at java.util.stream.AbstractPipeline.copyInto(AbstractPipeline.java:482)
	at java.util.stream.ForEachOps$ForEachTask.compute(ForEachOps.java:291)
	at java.util.concurrent.CountedCompleter.exec(CountedCompleter.java:731)
	at java.util.concurrent.ForkJoinTask.doExec(ForkJoinTask.java:289)
	at java.util.concurrent.ForkJoinPool$WorkQueue.pollAndExecCC(ForkJoinPool.java:1190)
	at java.util.concurrent.ForkJoinPool.helpComplete(ForkJoinPool.java:1879)
	at java.util.concurrent.ForkJoinPool.externalHelpComplete(ForkJoinPool.java:2467)
	at java.util.concurrent.ForkJoinTask.externalAwaitDone(ForkJoinTask.java:324)
	at java.util.concurrent.ForkJoinTask.doInvoke(ForkJoinTask.java:405)
	at java.util.concurrent.ForkJoinTask.invoke(ForkJoinTask.java:734)
	at java.util.stream.ForEachOps$ForEachOp.evaluateParallel(ForEachOps.java:160)
	at java.util.stream.ForEachOps$ForEachOp$OfRef.evaluateParallel(ForEachOps.java:174)
	at java.util.stream.AbstractPipeline.evaluate(AbstractPipeline.java:233)
	at java.util.stream.ReferencePipeline.forEach(ReferencePipeline.java:418)
	at java.util.stream.ReferencePipeline$Head.forEach(ReferencePipeline.java:583)
	at org.apache.hadoop.utils.BackgroundService$PeriodicalTask.run(BackgroundService.java:125)
	at java.util.concurrent.Executors$RunnableAdapter.call(Executors.java:511)
	at java.util.concurrent.FutureTask.runAndReset(FutureTask.java:308)
	at java.util.concurrent.ScheduledThreadPoolExecutor$ScheduledFutureTask.access$301(ScheduledThreadPoolExecutor.java:180)
	at java.util.concurrent.ScheduledThreadPoolExecutor$ScheduledFutureTask.run(ScheduledThreadPoolExecutor.java:294)
	at java.util.concurrent.ThreadPoolExecutor.runWorker(ThreadPoolExecutor.java:1149)
	at java.util.concurrent.ThreadPoolExecutor$Worker.run(ThreadPoolExecutor.java:624)
	at java.lang.Thread.run(Thread.java:748)
Caused by: org.apache.hadoop.hdds.scm.container.common.helpers.StorageContainerException: Error opening DB. Container:3 ContainerPath:/opt/src/hadoop-ozone/integration-test/target/test-dir/MiniOzoneClusterImpl-3f379463-9810-48df-887f-c222ef37097c/datanode-0/data/containers/hdds/500ceb14-8321-4c8a-b6b3-e488e41f7aab/current/containerDir0/3/metadata/3-dn-container.db
	at org.apache.hadoop.ozone.container.keyvalue.helpers.BlockUtils.getDB(BlockUtils.java:84)
	at org.apache.hadoop.ozone.container.keyvalue.statemachine.background.BlockDeletingService$BlockDeletingTask.call(BlockDeletingService.java:188)
	at org.apache.hadoop.ozone.container.keyvalue.statemachine.background.BlockDeletingService$BlockDeletingTask.call(BlockDeletingService.java:172)
	at java.util.concurrent.FutureTask.run(FutureTask.java:266)
	at java.util.concurrent.Executors$RunnableAdapter.call(Executors.java:511)
	at java.util.concurrent.FutureTask.run(FutureTask.java:266)
	at java.util.concurrent.Executors$RunnableAdapter.call(Executors.java:511)
	at java.util.concurrent.FutureTask.run(FutureTask.java:266)
	at java.util.concurrent.ScheduledThreadPoolExecutor$ScheduledFutureTask.access$201(ScheduledThreadPoolExecutor.java:180)
	at java.util.concurrent.ScheduledThreadPoolExecutor$ScheduledFutureTask.run(ScheduledThreadPoolExecutor.java:293)
	... 3 more
2019-06-13 16:25:38,212 ERROR utils.ContainerCache (ContainerCache.java:getDB(137)) - Error opening DB. Container:2 ContainerPath:/opt/src/hadoop-ozone/integration-test/target/test-dir/MiniOzoneClusterImpl-3f379463-9810-48df-887f-c222ef37097c/datanode-0/data/containers/hdds/500ceb14-8321-4c8a-b6b3-e488e41f7aab/current/containerDir0/2/metadata/2-dn-container.db
java.io.IOException: Failed init RocksDB, db path : /opt/src/hadoop-ozone/integration-test/target/test-dir/MiniOzoneClusterImpl-3f379463-9810-48df-887f-c222ef37097c/datanode-0/data/containers/hdds/500ceb14-8321-4c8a-b6b3-e488e41f7aab/current/containerDir0/2/metadata/2-dn-container.db
	at org.apache.hadoop.utils.RocksDBStore.<init>(RocksDBStore.java:87)
	at org.apache.hadoop.utils.MetadataStoreBuilder.build(MetadataStoreBuilder.java:137)
	at org.apache.hadoop.ozone.container.common.utils.ContainerCache.getDB(ContainerCache.java:129)
	at org.apache.hadoop.ozone.container.keyvalue.helpers.BlockUtils.getDB(BlockUtils.java:77)
	at org.apache.hadoop.ozone.container.keyvalue.statemachine.background.BlockDeletingService$BlockDeletingTask.call(BlockDeletingService.java:188)
	at org.apache.hadoop.ozone.container.keyvalue.statemachine.background.BlockDeletingService$BlockDeletingTask.call(BlockDeletingService.java:172)
	at java.util.concurrent.FutureTask.run(FutureTask.java:266)
	at java.util.concurrent.Executors$RunnableAdapter.call(Executors.java:511)
	at java.util.concurrent.FutureTask.run(FutureTask.java:266)
	at java.util.concurrent.Executors$RunnableAdapter.call(Executors.java:511)
	at java.util.concurrent.FutureTask.run(FutureTask.java:266)
	at java.util.concurrent.ScheduledThreadPoolExecutor$ScheduledFutureTask.access$201(ScheduledThreadPoolExecutor.java:180)
	at java.util.concurrent.ScheduledThreadPoolExecutor$ScheduledFutureTask.run(ScheduledThreadPoolExecutor.java:293)
	at java.util.concurrent.ThreadPoolExecutor.runWorker(ThreadPoolExecutor.java:1149)
	at java.util.concurrent.ThreadPoolExecutor$Worker.run(ThreadPoolExecutor.java:624)
	at java.lang.Thread.run(Thread.java:748)
Caused by: org.rocksdb.RocksDBException: While mkdir if missing: /opt/src/hadoop-ozone/integration-test/target/test-dir/MiniOzoneClusterImpl-3f379463-9810-48df-887f-c222ef37097c/datanode-0/data/containers/hdds/500ceb14-8321-4c8a-b6b3-e488e41f7aab/current/containerDir0/2/metadata/2-dn-container.db: No such file or directory
	at org.rocksdb.RocksDB.open(Native Method)
	at org.rocksdb.RocksDB.open(RocksDB.java:231)
	at org.apache.hadoop.utils.RocksDBStore.<init>(RocksDBStore.java:71)
	... 15 more
2019-06-13 16:25:38,212 WARN  utils.BackgroundService (BackgroundService.java:lambda$run$0(135)) - Background task fails to execute, retrying in next interval
java.util.concurrent.ExecutionException: org.apache.hadoop.hdds.scm.container.common.helpers.StorageContainerException: Error opening DB. Container:2 ContainerPath:/opt/src/hadoop-ozone/integration-test/target/test-dir/MiniOzoneClusterImpl-3f379463-9810-48df-887f-c222ef37097c/datanode-0/data/containers/hdds/500ceb14-8321-4c8a-b6b3-e488e41f7aab/current/containerDir0/2/metadata/2-dn-container.db
	at java.util.concurrent.FutureTask.report(FutureTask.java:122)
	at java.util.concurrent.FutureTask.get(FutureTask.java:206)
	at org.apache.hadoop.utils.BackgroundService$PeriodicalTask.lambda$run$0(BackgroundService.java:129)
	at java.util.stream.ForEachOps$ForEachOp$OfRef.accept(ForEachOps.java:184)
	at java.util.ArrayList$ArrayListSpliterator.forEachRemaining(ArrayList.java:1382)
	at java.util.stream.AbstractPipeline.copyInto(AbstractPipeline.java:482)
	at java.util.stream.ForEachOps$ForEachTask.compute(ForEachOps.java:291)
	at java.util.concurrent.CountedCompleter.exec(CountedCompleter.java:731)
	at java.util.concurrent.ForkJoinTask.doExec(ForkJoinTask.java:289)
	at java.util.concurrent.ForkJoinPool$WorkQueue.runTask(ForkJoinPool.java:1056)
	at java.util.concurrent.ForkJoinPool.runWorker(ForkJoinPool.java:1692)
	at java.util.concurrent.ForkJoinWorkerThread.run(ForkJoinWorkerThread.java:157)
Caused by: org.apache.hadoop.hdds.scm.container.common.helpers.StorageContainerException: Error opening DB. Container:2 ContainerPath:/opt/src/hadoop-ozone/integration-test/target/test-dir/MiniOzoneClusterImpl-3f379463-9810-48df-887f-c222ef37097c/datanode-0/data/containers/hdds/500ceb14-8321-4c8a-b6b3-e488e41f7aab/current/containerDir0/2/metadata/2-dn-container.db
	at org.apache.hadoop.ozone.container.keyvalue.helpers.BlockUtils.getDB(BlockUtils.java:84)
	at org.apache.hadoop.ozone.container.keyvalue.statemachine.background.BlockDeletingService$BlockDeletingTask.call(BlockDeletingService.java:188)
	at org.apache.hadoop.ozone.container.keyvalue.statemachine.background.BlockDeletingService$BlockDeletingTask.call(BlockDeletingService.java:172)
	at java.util.concurrent.FutureTask.run(FutureTask.java:266)
	at java.util.concurrent.Executors$RunnableAdapter.call(Executors.java:511)
	at java.util.concurrent.FutureTask.run(FutureTask.java:266)
	at java.util.concurrent.Executors$RunnableAdapter.call(Executors.java:511)
	at java.util.concurrent.FutureTask.run(FutureTask.java:266)
	at java.util.concurrent.ScheduledThreadPoolExecutor$ScheduledFutureTask.access$201(ScheduledThreadPoolExecutor.java:180)
	at java.util.concurrent.ScheduledThreadPoolExecutor$ScheduledFutureTask.run(ScheduledThreadPoolExecutor.java:293)
	at java.util.concurrent.ThreadPoolExecutor.runWorker(ThreadPoolExecutor.java:1149)
	at java.util.concurrent.ThreadPoolExecutor$Worker.run(ThreadPoolExecutor.java:624)
	at java.lang.Thread.run(Thread.java:748)
2019-06-13 16:25:38,443 INFO  ozone.MiniOzoneClusterImpl (MiniOzoneClusterImpl.java:lambda$waitForClusterToBeReady$0(142)) - Cluster is ready. Got 1 of 1 DN Heartbeats.
16:25:38.478 [Thread-719] ERROR SCMAudit - user=null | ip=null | op=DELETE_CONTAINER {remoteUser=unknownUser, containerID=1560443138477} | ret=FAILURE
java.io.IOException: Access denied for user unknownUser. Superuser privilege is required.
	at org.apache.hadoop.hdds.scm.server.StorageContainerManager.checkAdminAccess(StorageContainerManager.java:957) ~[hadoop-hdds-server-scm-0.5.0-SNAPSHOT.jar:?]
	at org.apache.hadoop.hdds.scm.server.SCMClientProtocolServer.deleteContainer(SCMClientProtocolServer.java:326) [hadoop-hdds-server-scm-0.5.0-SNAPSHOT.jar:?]
	at org.apache.hadoop.hdds.scm.server.SCMClientProtocolServer$$EnhancerByMockitoWithCGLIB$$7e069451.CGLIB$deleteContainer$2(<generated>) [mockito-all-1.8.5.jar:?]
	at org.apache.hadoop.hdds.scm.server.SCMClientProtocolServer$$EnhancerByMockitoWithCGLIB$$7e069451$$FastClassByMockitoWithCGLIB$$ce5160e0.invoke(<generated>) [mockito-all-1.8.5.jar:?]
	at org.mockito.cglib.proxy.MethodProxy.invokeSuper(MethodProxy.java:216) [mockito-all-1.8.5.jar:?]
	at org.mockito.internal.creation.AbstractMockitoMethodProxy.invokeSuper(AbstractMockitoMethodProxy.java:10) [mockito-all-1.8.5.jar:?]
	at org.mockito.internal.invocation.realmethod.CGLIBProxyRealMethod.invoke(CGLIBProxyRealMethod.java:22) [mockito-all-1.8.5.jar:?]
	at org.mockito.internal.invocation.realmethod.FilteredCGLIBProxyRealMethod.invoke(FilteredCGLIBProxyRealMethod.java:27) [mockito-all-1.8.5.jar:?]
	at org.mockito.internal.invocation.Invocation.callRealMethod(Invocation.java:211) [mockito-all-1.8.5.jar:?]
	at org.mockito.internal.stubbing.answers.CallsRealMethods.answer(CallsRealMethods.java:36) [mockito-all-1.8.5.jar:?]
	at org.mockito.internal.MockHandler.handle(MockHandler.java:99) [mockito-all-1.8.5.jar:?]
	at org.mockito.internal.creation.MethodInterceptorFilter.intercept(MethodInterceptorFilter.java:47) [mockito-all-1.8.5.jar:?]
	at org.apache.hadoop.hdds.scm.server.SCMClientProtocolServer$$EnhancerByMockitoWithCGLIB$$7e069451.deleteContainer(<generated>) [mockito-all-1.8.5.jar:?]
	at org.apache.hadoop.ozone.TestStorageContainerManager.testRpcPermissionWithConf(TestStorageContainerManager.java:147) [test-classes/:?]
	at org.apache.hadoop.ozone.TestStorageContainerManager.testRpcPermission(TestStorageContainerManager.java:122) [test-classes/:?]
	at sun.reflect.NativeMethodAccessorImpl.invoke0(Native Method) ~[?:1.8.0_212]
	at sun.reflect.NativeMethodAccessorImpl.invoke(NativeMethodAccessorImpl.java:62) ~[?:1.8.0_212]
	at sun.reflect.DelegatingMethodAccessorImpl.invoke(DelegatingMethodAccessorImpl.java:43) ~[?:1.8.0_212]
	at java.lang.reflect.Method.invoke(Method.java:498) ~[?:1.8.0_212]
	at org.junit.runners.model.FrameworkMethod$1.runReflectiveCall(FrameworkMethod.java:47) [junit-4.11.jar:?]
	at org.junit.internal.runners.model.ReflectiveCallable.run(ReflectiveCallable.java:12) [junit-4.11.jar:?]
	at org.junit.runners.model.FrameworkMethod.invokeExplosively(FrameworkMethod.java:44) [junit-4.11.jar:?]
	at org.junit.internal.runners.statements.InvokeMethod.evaluate(InvokeMethod.java:17) [junit-4.11.jar:?]
	at org.junit.internal.runners.statements.FailOnTimeout$StatementThread.run(FailOnTimeout.java:74) [junit-4.11.jar:?]
2019-06-13 16:25:38,481 INFO  ozone.MiniOzoneClusterImpl (MiniOzoneClusterImpl.java:shutdown(321)) - Shutting down the Mini Ozone Cluster
2019-06-13 16:25:38,481 INFO  ozone.MiniOzoneClusterImpl (MiniOzoneClusterImpl.java:stop(336)) - Stopping the Mini Ozone Cluster
2019-06-13 16:25:38,481 INFO  ozone.MiniOzoneClusterImpl (MiniOzoneClusterImpl.java:stop(338)) - Stopping the OzoneManager
2019-06-13 16:25:38,481 INFO  ipc.Server (Server.java:stop(3082)) - Stopping server on 40139
2019-06-13 16:25:38,484 INFO  utils.BackgroundService (BackgroundService.java:shutdown(148)) - Shutting down service KeyDeletingService
2019-06-13 16:25:38,485 INFO  ipc.Server (Server.java:run(1185)) - Stopping IPC Server listener on 40139
2019-06-13 16:25:38,492 INFO  ipc.Server (Server.java:run(1319)) - Stopping IPC Server Responder
2019-06-13 16:25:38,492 INFO  handler.ContextHandler (ContextHandler.java:doStop(910)) - Stopped o.e.j.w.WebAppContext@3e2657da{/,null,UNAVAILABLE}{/ozoneManager}
2019-06-13 16:25:38,492 INFO  server.AbstractConnector (AbstractConnector.java:doStop(318)) - Stopped ServerConnector@7ac5f42e{HTTP/1.1,[http/1.1]}{0.0.0.0:0}
2019-06-13 16:25:38,493 INFO  handler.ContextHandler (ContextHandler.java:doStop(910)) - Stopped o.e.j.s.ServletContextHandler@72e97c08{/static,file:///opt/src/hadoop-ozone/integration-test/target/test-classes/webapps/static,UNAVAILABLE}
2019-06-13 16:25:38,493 INFO  handler.ContextHandler (ContextHandler.java:doStop(910)) - Stopped o.e.j.s.ServletContextHandler@190b3c7f{/logs,file:///opt/src/hadoop-ozone/integration-test/target/log,UNAVAILABLE}
2019-06-13 16:25:38,496 INFO  ozone.MiniOzoneClusterImpl (MiniOzoneClusterImpl.java:stop(344)) - Stopping the StorageContainerManager
2019-06-13 16:25:38,496 INFO  server.StorageContainerManager (StorageContainerManager.java:stop(789)) - Stopping Replication Manager Service.
2019-06-13 16:25:38,496 INFO  container.ReplicationManager (ReplicationManager.java:stop(191)) - Replication Monitor Thread is not running.
2019-06-13 16:25:38,496 INFO  server.StorageContainerManager (StorageContainerManager.java:stop(796)) - Stopping Lease Manager of the command watchers
2019-06-13 16:25:38,496 INFO  server.StorageContainerManager (StorageContainerManager.java:stop(803)) - Stopping datanode service RPC server
2019-06-13 16:25:38,496 INFO  server.SCMDatanodeProtocolServer (SCMDatanodeProtocolServer.java:stop(373)) - Stopping the RPC server for DataNodes
2019-06-13 16:25:38,496 INFO  ipc.Server (Server.java:stop(3082)) - Stopping server on 42363
2019-06-13 16:25:38,498 INFO  ipc.Server (Server.java:run(1185)) - Stopping IPC Server listener on 42363
2019-06-13 16:25:38,498 INFO  ipc.Server (Server.java:run(1319)) - Stopping IPC Server Responder
2019-06-13 16:25:38,499 INFO  server.StorageContainerManager (StorageContainerManager.java:stop(811)) - Stopping block service RPC server
2019-06-13 16:25:38,500 INFO  server.SCMBlockProtocolServer (SCMBlockProtocolServer.java:stop(145)) - Stopping the RPC server for Block Protocol
2019-06-13 16:25:38,500 INFO  ipc.Server (Server.java:stop(3082)) - Stopping server on 36603
2019-06-13 16:25:38,502 INFO  server.StorageContainerManager (StorageContainerManager.java:stop(818)) - Stopping the StorageContainerLocationProtocol RPC server
2019-06-13 16:25:38,502 INFO  server.SCMClientProtocolServer (SCMClientProtocolServer.java:stop(157)) - Stopping the RPC server for Client Protocol
2019-06-13 16:25:38,502 INFO  ipc.Server (Server.java:run(1185)) - Stopping IPC Server listener on 36603
2019-06-13 16:25:38,502 INFO  ipc.Server (Server.java:stop(3082)) - Stopping server on 39609
2019-06-13 16:25:38,502 INFO  ipc.Server (Server.java:run(1319)) - Stopping IPC Server Responder
2019-06-13 16:25:38,505 INFO  ipc.Server (Server.java:run(1185)) - Stopping IPC Server listener on 39609
2019-06-13 16:25:38,505 INFO  server.StorageContainerManager (StorageContainerManager.java:stop(825)) - Stopping Storage Container Manager HTTP server.
2019-06-13 16:25:38,505 INFO  ipc.Server (Server.java:run(1319)) - Stopping IPC Server Responder
2019-06-13 16:25:38,507 INFO  handler.ContextHandler (ContextHandler.java:doStop(910)) - Stopped o.e.j.w.WebAppContext@67ba6223{/,null,UNAVAILABLE}{/scm}
2019-06-13 16:25:38,507 INFO  server.AbstractConnector (AbstractConnector.java:doStop(318)) - Stopped ServerConnector@2a564b7b{HTTP/1.1,[http/1.1]}{0.0.0.0:0}
2019-06-13 16:25:38,507 INFO  handler.ContextHandler (ContextHandler.java:doStop(910)) - Stopped o.e.j.s.ServletContextHandler@49c1894b{/static,file:///opt/src/hadoop-ozone/integration-test/target/test-classes/webapps/static,UNAVAILABLE}
2019-06-13 16:25:38,508 INFO  handler.ContextHandler (ContextHandler.java:doStop(910)) - Stopped o.e.j.s.ServletContextHandler@58feaaa0{/logs,file:///opt/src/hadoop-ozone/integration-test/target/log,UNAVAILABLE}
2019-06-13 16:25:38,508 INFO  server.StorageContainerManager (StorageContainerManager.java:stop(836)) - Stopping Block Manager Service.
2019-06-13 16:25:38,508 INFO  utils.BackgroundService (BackgroundService.java:shutdown(148)) - Shutting down service SCMBlockDeletingService
2019-06-13 16:25:38,509 INFO  utils.BackgroundService (BackgroundService.java:shutdown(148)) - Shutting down service SCMBlockDeletingService
2019-06-13 16:25:38,511 INFO  server.StorageContainerManager (StorageContainerManager.java:stop(858)) - Stopping SCM Event Queue.
2019-06-13 16:25:38,515 INFO  ozone.MiniOzoneClusterImpl (MiniOzoneClusterImpl.java:stop(350)) - Shutting the HddsDatanodes
2019-06-13 16:25:38,515 INFO  datanode.ObjectStoreHandler (ObjectStoreHandler.java:close(155)) - Closing ObjectStoreHandler.
2019-06-13 16:25:38,515 INFO  ozone.HddsDatanodeService (HddsDatanodeService.java:stop(452)) - Stopped plug-in org.apache.hadoop.ozone.web.OzoneHddsDatanodeService@44c80ba6
2019-06-13 16:25:38,515 INFO  statemachine.DatanodeStateMachine (DatanodeStateMachine.java:lambda$startDaemon$0(350)) - Ozone container server started.
2019-06-13 16:25:38,516 INFO  ozoneimpl.OzoneContainer (OzoneContainer.java:stop(199)) - Attempting to stop container services.
2019-06-13 16:25:38,516 INFO  impl.RaftServerProxy (RaftServerProxy.java:lambda$close$4(314)) - 67d61979-fa05-4f6a-8d21-c32e6a73ba51: close
2019-06-13 16:25:38,516 INFO  impl.RaftServerImpl (RaftServerImpl.java:lambda$shutdown$3(238)) - 67d61979-fa05-4f6a-8d21-c32e6a73ba51: shutdown group-18E6B46A67F9
2019-06-13 16:25:38,516 INFO  util.JmxRegister (JmxRegister.java:unregister(73)) - Successfully un-registered JMX Bean with object name Ratis:service=RaftServer,group=group-18E6B46A67F9,id=67d61979-fa05-4f6a-8d21-c32e6a73ba51
2019-06-13 16:25:38,516 INFO  impl.RoleInfo (RoleInfo.java:shutdownFollowerState(121)) - 67d61979-fa05-4f6a-8d21-c32e6a73ba51: shutdown FollowerState
2019-06-13 16:25:38,516 INFO  impl.StateMachineUpdater (StateMachineUpdater.java:stopAndJoin(109)) - StateMachineUpdater-67d61979-fa05-4f6a-8d21-c32e6a73ba51-group-18E6B46A67F9: set stopIndex = -1
2019-06-13 16:25:38,516 INFO  ratis.ContainerStateMachine (ContainerStateMachine.java:takeSnapshot(245)) - Taking snapshot at termIndex:(t:0, i:~)
2019-06-13 16:25:38,516 INFO  impl.FollowerState (FollowerState.java:run(109)) - 67d61979-fa05-4f6a-8d21-c32e6a73ba51: FollowerState was interrupted: java.lang.InterruptedException: sleep interrupted
2019-06-13 16:25:38,518 INFO  impl.RaftServerImpl (ServerState.java:close(394)) - 67d61979-fa05-4f6a-8d21-c32e6a73ba51:group-18E6B46A67F9 closes. The last applied log index is -1
2019-06-13 16:25:38,518 INFO  storage.RaftLogWorker (RaftLogWorker.java:run(236)) - 67d61979-fa05-4f6a-8d21-c32e6a73ba51-RaftLogWorker was interrupted, exiting. There are 0 tasks remaining in the queue.
2019-06-13 16:25:38,518 INFO  storage.RaftLogWorker (RaftLogWorker.java:close(168)) - 67d61979-fa05-4f6a-8d21-c32e6a73ba51-RaftLogWorker close()
2019-06-13 16:25:38,520 INFO  server.GrpcService (GrpcService.java:closeImpl(154)) - 67d61979-fa05-4f6a-8d21-c32e6a73ba51: shutdown server with port 37595 now
2019-06-13 16:25:38,521 INFO  server.GrpcService (GrpcService.java:closeImpl(162)) - 67d61979-fa05-4f6a-8d21-c32e6a73ba51: shutdown server with port 37595 successfully
2019-06-13 16:25:38,521 WARN  fs.CachingGetSpaceUsed (CachingGetSpaceUsed.java:run(183)) - Thread Interrupted waiting to refresh disk information: sleep interrupted
2019-06-13 16:25:38,531 INFO  statemachine.DatanodeStateMachine (DatanodeStateMachine.java:stopDaemon(395)) - Ozone container server stopped.
2019-06-13 16:25:38,532 INFO  handler.ContextHandler (ContextHandler.java:doStop(910)) - Stopped o.e.j.w.WebAppContext@f679a3d{/,null,UNAVAILABLE}{/hddsDatanode}
2019-06-13 16:25:38,532 INFO  server.AbstractConnector (AbstractConnector.java:doStop(318)) - Stopped ServerConnector@2cda62d7{HTTP/1.1,[http/1.1]}{0.0.0.0:0}
2019-06-13 16:25:38,532 INFO  handler.ContextHandler (ContextHandler.java:doStop(910)) - Stopped o.e.j.s.ServletContextHandler@322e0e4e{/static,jar:file:/root/.m2/repository/org/apache/hadoop/hadoop-hdds-container-service/0.5.0-SNAPSHOT/hadoop-hdds-container-service-0.5.0-SNAPSHOT.jar!/webapps/static,UNAVAILABLE}
2019-06-13 16:25:38,533 INFO  handler.ContextHandler (ContextHandler.java:doStop(910)) - Stopped o.e.j.s.ServletContextHandler@786de486{/logs,file:///opt/src/hadoop-ozone/integration-test/target/log,UNAVAILABLE}
2019-06-13 16:25:38,547 WARN  server.ServerUtils (ServerUtils.java:getScmDbDir(145)) - ozone.scm.db.dirs is not configured. We recommend adding this setting. Falling back to ozone.metadata.dirs instead.
2019-06-13 16:25:38,551 WARN  server.ServerUtils (ServerUtils.java:getScmDbDir(145)) - ozone.scm.db.dirs is not configured. We recommend adding this setting. Falling back to ozone.metadata.dirs instead.
2019-06-13 16:25:38,552 WARN  server.ServerUtils (ServerUtils.java:getScmDbDir(145)) - ozone.scm.db.dirs is not configured. We recommend adding this setting. Falling back to ozone.metadata.dirs instead.
2019-06-13 16:25:38,552 INFO  db.DBStoreBuilder (DBStoreBuilder.java:addTable(110)) - using custom profile for table: deletedBlocks
2019-06-13 16:25:38,552 INFO  db.DBStoreBuilder (DBStoreBuilder.java:processTables(161)) - Using default column profile:DBProfile.DISK for Table:deletedBlocks
2019-06-13 16:25:38,552 INFO  db.DBStoreBuilder (DBStoreBuilder.java:addTable(110)) - using custom profile for table: validCerts
2019-06-13 16:25:38,552 INFO  db.DBStoreBuilder (DBStoreBuilder.java:processTables(161)) - Using default column profile:DBProfile.DISK for Table:validCerts
2019-06-13 16:25:38,552 INFO  db.DBStoreBuilder (DBStoreBuilder.java:addTable(110)) - using custom profile for table: revokedCerts
2019-06-13 16:25:38,552 INFO  db.DBStoreBuilder (DBStoreBuilder.java:processTables(161)) - Using default column profile:DBProfile.DISK for Table:revokedCerts
2019-06-13 16:25:38,552 INFO  db.DBStoreBuilder (DBStoreBuilder.java:addTable(110)) - using custom profile for table: default
2019-06-13 16:25:38,552 INFO  db.DBStoreBuilder (DBStoreBuilder.java:processTables(167)) - Using default column profile:DBProfile.DISK for Table:default
2019-06-13 16:25:38,553 INFO  db.DBStoreBuilder (DBStoreBuilder.java:getDbProfile(198)) - Using default options. DBProfile.DISK
2019-06-13 16:25:38,594 WARN  server.ServerUtils (ServerUtils.java:sanitizeUserArgs(70)) - ozone.scm.stale.node.interval value = 300000 is larger than max = 100000 based on the key value of ozone.scm.heartbeat.thread.interval, reset to the max value 100000.
2019-06-13 16:25:38,594 WARN  server.ServerUtils (ServerUtils.java:sanitizeUserArgs(70)) - ozone.scm.stale.node.interval value = 300000 is larger than max = 100000 based on the key value of ozone.scm.heartbeat.thread.interval, reset to the max value 100000.
2019-06-13 16:25:38,594 INFO  node.SCMNodeManager (SCMNodeManager.java:<init>(108)) - Entering startup safe mode.
2019-06-13 16:25:38,595 INFO  net.NodeSchemaLoader (NodeSchemaLoader.java:loadSchemaFromFile(125)) - Loading file from sun.misc.CompoundEnumeration@136c7f0
2019-06-13 16:25:38,595 INFO  net.NodeSchemaLoader (NodeSchemaLoader.java:loadSchema(171)) - Loading network topology layer schema file
2019-06-13 16:25:38,597 WARN  server.ServerUtils (ServerUtils.java:getScmDbDir(145)) - ozone.scm.db.dirs is not configured. We recommend adding this setting. Falling back to ozone.metadata.dirs instead.
2019-06-13 16:25:38,609 INFO  pipeline.SCMPipelineManager (SCMPipelineManager.java:initializePipelineState(126)) - No pipeline exists in current db
2019-06-13 16:25:38,610 WARN  server.ServerUtils (ServerUtils.java:getScmDbDir(145)) - ozone.scm.db.dirs is not configured. We recommend adding this setting. Falling back to ozone.metadata.dirs instead.
2019-06-13 16:25:38,623 WARN  events.EventQueue (EventQueue.java:fireEvent(175)) - No event handler registered for event TypedEvent{payloadType=SafeModeStatus, name='SafeModeStatus'}
2019-06-13 16:25:38,624 INFO  ipc.CallQueueManager (CallQueueManager.java:<init>(84)) - Using callQueue: class java.util.concurrent.LinkedBlockingQueue, queueCapacity: 2000, scheduler: class org.apache.hadoop.ipc.DefaultRpcScheduler, ipcBackoff: false.
2019-06-13 16:25:38,624 INFO  ipc.Server (Server.java:run(1074)) - Starting Socket Reader #1 for port 40749
2019-06-13 16:25:38,625 INFO  ipc.CallQueueManager (CallQueueManager.java:<init>(84)) - Using callQueue: class java.util.concurrent.LinkedBlockingQueue, queueCapacity: 2000, scheduler: class org.apache.hadoop.ipc.DefaultRpcScheduler, ipcBackoff: false.
2019-06-13 16:25:38,626 INFO  ipc.Server (Server.java:run(1074)) - Starting Socket Reader #1 for port 44265
2019-06-13 16:25:38,627 INFO  ipc.CallQueueManager (CallQueueManager.java:<init>(84)) - Using callQueue: class java.util.concurrent.LinkedBlockingQueue, queueCapacity: 2000, scheduler: class org.apache.hadoop.ipc.DefaultRpcScheduler, ipcBackoff: false.
2019-06-13 16:25:38,627 INFO  ipc.Server (Server.java:run(1074)) - Starting Socket Reader #1 for port 39691
2019-06-13 16:25:38,629 INFO  hdfs.DFSUtil (DFSUtil.java:httpServerTemplateForNNAndJN(1641)) - Starting Web-server for scm at: http://0.0.0.0:0
2019-06-13 16:25:38,630 INFO  server.AuthenticationFilter (AuthenticationFilter.java:constructSecretProvider(240)) - Unable to initialize FileSignerSecretProvider, falling back to use random secrets.
2019-06-13 16:25:38,631 WARN  http.HttpRequestLog (HttpRequestLog.java:getRequestLog(97)) - Jetty request log can only be enabled using Log4j
2019-06-13 16:25:38,632 INFO  http.HttpServer2 (HttpServer2.java:addGlobalFilter(975)) - Added global filter 'safety' (class=org.apache.hadoop.http.HttpServer2$QuotingInputFilter)
2019-06-13 16:25:38,638 INFO  http.HttpServer2 (HttpServer2.java:addFilter(948)) - Added filter static_user_filter (class=org.apache.hadoop.http.lib.StaticUserWebFilter$StaticUserFilter) to context scm
2019-06-13 16:25:38,638 INFO  http.HttpServer2 (HttpServer2.java:addFilter(958)) - Added filter static_user_filter (class=org.apache.hadoop.http.lib.StaticUserWebFilter$StaticUserFilter) to context logs
2019-06-13 16:25:38,639 INFO  http.HttpServer2 (HttpServer2.java:addFilter(958)) - Added filter static_user_filter (class=org.apache.hadoop.http.lib.StaticUserWebFilter$StaticUserFilter) to context static
2019-06-13 16:25:38,641 INFO  server.StorageContainerManager (StorageContainerManager.java:start(752)) - StorageContainerLocationProtocol RPC server is listening at /0.0.0.0:39691
2019-06-13 16:25:38,641 INFO  impl.MetricsSystemImpl (MetricsSystemImpl.java:init(158)) - StorageContainerManager metrics system started (again)
2019-06-13 16:25:38,641 INFO  server.SCMClientProtocolServer (SCMClientProtocolServer.java:start(149)) - RPC server for Client  is listening at /0.0.0.0:39691
2019-06-13 16:25:38,641 INFO  ipc.Server (Server.java:run(1314)) - IPC Server Responder: starting
2019-06-13 16:25:38,641 INFO  ipc.Server (Server.java:run(1153)) - IPC Server listener on 39691: starting
2019-06-13 16:25:38,649 INFO  server.StorageContainerManager (StorageContainerManager.java:start(761)) - ScmBlockLocationProtocol RPC server is listening at /0.0.0.0:44265
2019-06-13 16:25:38,649 INFO  server.SCMBlockProtocolServer (SCMBlockProtocolServer.java:start(137)) - RPC server for Block Protocol is listening at /0.0.0.0:44265
2019-06-13 16:25:38,649 INFO  ipc.Server (Server.java:run(1314)) - IPC Server Responder: starting
2019-06-13 16:25:38,649 INFO  ipc.Server (Server.java:run(1153)) - IPC Server listener on 44265: starting
2019-06-13 16:25:38,652 INFO  server.StorageContainerManager (StorageContainerManager.java:start(765)) - ScmDatanodeProtocl RPC server is listening at /0.0.0.0:40749
2019-06-13 16:25:38,652 INFO  server.SCMDatanodeProtocolServer (SCMDatanodeProtocolServer.java:start(191)) - RPC server for DataNodes is listening at /0.0.0.0:40749
2019-06-13 16:25:38,652 INFO  ipc.Server (Server.java:run(1314)) - IPC Server Responder: starting
2019-06-13 16:25:38,652 INFO  ipc.Server (Server.java:run(1153)) - IPC Server listener on 40749: starting
2019-06-13 16:25:38,655 INFO  http.HttpServer2 (HttpServer2.java:bindListener(1191)) - Jetty bound to port 43677
2019-06-13 16:25:38,655 INFO  server.Server (Server.java:doStart(351)) - jetty-9.3.24.v20180605, build timestamp: 2018-06-05T17:11:56Z, git hash: 84205aa28f11a4f31f2a3b86d1bba2cc8ab69827
2019-06-13 16:25:38,656 INFO  handler.ContextHandler (ContextHandler.java:doStart(781)) - Started o.e.j.s.ServletContextHandler@65c27490{/logs,file:///opt/src/hadoop-ozone/integration-test/target/log,AVAILABLE}
2019-06-13 16:25:38,656 INFO  handler.ContextHandler (ContextHandler.java:doStart(781)) - Started o.e.j.s.ServletContextHandler@48b09886{/static,file:///opt/src/hadoop-ozone/integration-test/target/test-classes/webapps/static,AVAILABLE}
2019-06-13 16:25:38,662 INFO  handler.ContextHandler (ContextHandler.java:doStart(781)) - Started o.e.j.w.WebAppContext@38d09368{/,file:///opt/src/hadoop-ozone/integration-test/target/test-classes/webapps/scm/,AVAILABLE}{/scm}
2019-06-13 16:25:38,663 INFO  server.AbstractConnector (AbstractConnector.java:doStart(278)) - Started ServerConnector@34bd2211{HTTP/1.1,[http/1.1]}{0.0.0.0:43677}
2019-06-13 16:25:38,663 INFO  server.Server (Server.java:doStart(419)) - Started @45698ms
2019-06-13 16:25:38,664 INFO  server.BaseHttpServer (BaseHttpServer.java:updateConnectorAddress(207)) - HTTP server of SCM is listening at http://0.0.0.0:43677
2019-06-13 16:25:38,671 WARN  scm.ScmUtils (ScmUtils.java:getDBPath(63)) - ozone.om.db.dirs is not configured. We recommend adding this setting. Falling back to ozone.metadata.dirs instead.
2019-06-13 16:25:38,674 INFO  util.JvmPauseMonitor (JvmPauseMonitor.java:run(188)) - Starting JVM pause monitor
2019-06-13 16:25:38,675 WARN  scm.ScmUtils (ScmUtils.java:getDBPath(63)) - ozone.om.db.dirs is not configured. We recommend adding this setting. Falling back to ozone.metadata.dirs instead.
2019-06-13 16:25:38,675 INFO  om.OzoneManager (OzoneManager.java:setOMNodeDetails(519)) - OM Service ID is not set. Setting it to the default ID: omServiceIdDefault
2019-06-13 16:25:38,675 INFO  om.OzoneManager (OzoneManager.java:setOMNodeDetails(525)) - OM Node ID is not set. Setting it to the OmStorage's OmID: bbc477d8-5365-4bf0-ade1-de73e3ea5c69
2019-06-13 16:25:38,675 WARN  scm.HddsServerUtil (HddsServerUtil.java:getDefaultRatisDirectory(354)) - Storage directory for Ratis is not configured. It is a good idea to map this to an SSD disk. Falling back to ozone.metadata.dirs
2019-06-13 16:25:38,675 WARN  scm.HddsServerUtil (HddsServerUtil.java:getDefaultRatisDirectory(354)) - Storage directory for Ratis is not configured. It is a good idea to map this to an SSD disk. Falling back to ozone.metadata.dirs
2019-06-13 16:25:38,675 INFO  om.OzoneManager (OzoneManager.java:loadOMHAConfigs(476)) - Found matching OM address with OMServiceId: null, OMNodeId: null, RPC Address: localhost:0 and Ratis port: 9872
2019-06-13 16:25:38,681 WARN  scm.ScmUtils (ScmUtils.java:getDBPath(63)) - ozone.om.db.dirs is not configured. We recommend adding this setting. Falling back to ozone.metadata.dirs instead.
2019-06-13 16:25:38,682 INFO  db.DBStoreBuilder (DBStoreBuilder.java:addTable(110)) - using custom profile for table: userTable
2019-06-13 16:25:38,682 INFO  db.DBStoreBuilder (DBStoreBuilder.java:processTables(161)) - Using default column profile:DBProfile.DISK for Table:userTable
2019-06-13 16:25:38,682 INFO  db.DBStoreBuilder (DBStoreBuilder.java:addTable(110)) - using custom profile for table: volumeTable
2019-06-13 16:25:38,682 INFO  db.DBStoreBuilder (DBStoreBuilder.java:processTables(161)) - Using default column profile:DBProfile.DISK for Table:volumeTable
2019-06-13 16:25:38,682 INFO  db.DBStoreBuilder (DBStoreBuilder.java:addTable(110)) - using custom profile for table: bucketTable
2019-06-13 16:25:38,682 INFO  db.DBStoreBuilder (DBStoreBuilder.java:processTables(161)) - Using default column profile:DBProfile.DISK for Table:bucketTable
2019-06-13 16:25:38,683 INFO  db.DBStoreBuilder (DBStoreBuilder.java:addTable(110)) - using custom profile for table: keyTable
2019-06-13 16:25:38,683 INFO  db.DBStoreBuilder (DBStoreBuilder.java:processTables(161)) - Using default column profile:DBProfile.DISK for Table:keyTable
2019-06-13 16:25:38,683 INFO  db.DBStoreBuilder (DBStoreBuilder.java:addTable(110)) - using custom profile for table: deletedTable
2019-06-13 16:25:38,683 INFO  db.DBStoreBuilder (DBStoreBuilder.java:processTables(161)) - Using default column profile:DBProfile.DISK for Table:deletedTable
2019-06-13 16:25:38,683 INFO  db.DBStoreBuilder (DBStoreBuilder.java:addTable(110)) - using custom profile for table: openKeyTable
2019-06-13 16:25:38,683 INFO  db.DBStoreBuilder (DBStoreBuilder.java:processTables(161)) - Using default column profile:DBProfile.DISK for Table:openKeyTable
2019-06-13 16:25:38,683 INFO  db.DBStoreBuilder (DBStoreBuilder.java:addTable(110)) - using custom profile for table: s3Table
2019-06-13 16:25:38,683 INFO  db.DBStoreBuilder (DBStoreBuilder.java:processTables(161)) - Using default column profile:DBProfile.DISK for Table:s3Table
2019-06-13 16:25:38,684 INFO  db.DBStoreBuilder (DBStoreBuilder.java:addTable(110)) - using custom profile for table: multipartInfoTable
2019-06-13 16:25:38,684 INFO  db.DBStoreBuilder (DBStoreBuilder.java:processTables(161)) - Using default column profile:DBProfile.DISK for Table:multipartInfoTable
2019-06-13 16:25:38,684 INFO  db.DBStoreBuilder (DBStoreBuilder.java:addTable(110)) - using custom profile for table: dTokenTable
2019-06-13 16:25:38,684 INFO  db.DBStoreBuilder (DBStoreBuilder.java:processTables(161)) - Using default column profile:DBProfile.DISK for Table:dTokenTable
2019-06-13 16:25:38,684 INFO  db.DBStoreBuilder (DBStoreBuilder.java:addTable(110)) - using custom profile for table: s3SecretTable
2019-06-13 16:25:38,684 INFO  db.DBStoreBuilder (DBStoreBuilder.java:processTables(161)) - Using default column profile:DBProfile.DISK for Table:s3SecretTable
2019-06-13 16:25:38,684 INFO  db.DBStoreBuilder (DBStoreBuilder.java:addTable(110)) - using custom profile for table: prefixTable
2019-06-13 16:25:38,684 INFO  db.DBStoreBuilder (DBStoreBuilder.java:processTables(161)) - Using default column profile:DBProfile.DISK for Table:prefixTable
2019-06-13 16:25:38,685 INFO  db.DBStoreBuilder (DBStoreBuilder.java:addTable(110)) - using custom profile for table: default
2019-06-13 16:25:38,685 INFO  db.DBStoreBuilder (DBStoreBuilder.java:processTables(167)) - Using default column profile:DBProfile.DISK for Table:default
2019-06-13 16:25:38,685 INFO  db.DBStoreBuilder (DBStoreBuilder.java:getDbProfile(198)) - Using default options. DBProfile.DISK
2019-06-13 16:25:38,830 INFO  ipc.CallQueueManager (CallQueueManager.java:<init>(84)) - Using callQueue: class java.util.concurrent.LinkedBlockingQueue, queueCapacity: 2000, scheduler: class org.apache.hadoop.ipc.DefaultRpcScheduler, ipcBackoff: false.
2019-06-13 16:25:38,830 INFO  ipc.Server (Server.java:run(1074)) - Starting Socket Reader #1 for port 38731
2019-06-13 16:25:38,842 WARN  scm.ScmUtils (ScmUtils.java:getDBPath(63)) - ozone.om.db.dirs is not configured. We recommend adding this setting. Falling back to ozone.metadata.dirs instead.
2019-06-13 16:25:38,842 INFO  om.OzoneManager (OzoneManager.java:start(1217)) - OzoneManager RPC server is listening at localhost/127.0.0.1:38731
2019-06-13 16:25:38,842 INFO  impl.MetricsSystemImpl (MetricsSystemImpl.java:init(158)) - OzoneManager metrics system started (again)
2019-06-13 16:25:38,842 INFO  ipc.Server (Server.java:run(1314)) - IPC Server Responder: starting
2019-06-13 16:25:38,844 INFO  ipc.Server (Server.java:run(1153)) - IPC Server listener on 38731: starting
2019-06-13 16:25:38,863 INFO  hdfs.DFSUtil (DFSUtil.java:httpServerTemplateForNNAndJN(1641)) - Starting Web-server for ozoneManager at: http://0.0.0.0:0
2019-06-13 16:25:38,864 INFO  server.AuthenticationFilter (AuthenticationFilter.java:constructSecretProvider(240)) - Unable to initialize FileSignerSecretProvider, falling back to use random secrets.
2019-06-13 16:25:38,867 WARN  http.HttpRequestLog (HttpRequestLog.java:getRequestLog(97)) - Jetty request log can only be enabled using Log4j
2019-06-13 16:25:38,868 INFO  http.HttpServer2 (HttpServer2.java:addGlobalFilter(975)) - Added global filter 'safety' (class=org.apache.hadoop.http.HttpServer2$QuotingInputFilter)
2019-06-13 16:25:38,868 INFO  http.HttpServer2 (HttpServer2.java:addFilter(948)) - Added filter static_user_filter (class=org.apache.hadoop.http.lib.StaticUserWebFilter$StaticUserFilter) to context ozoneManager
2019-06-13 16:25:38,868 INFO  http.HttpServer2 (HttpServer2.java:addFilter(958)) - Added filter static_user_filter (class=org.apache.hadoop.http.lib.StaticUserWebFilter$StaticUserFilter) to context logs
2019-06-13 16:25:38,868 INFO  http.HttpServer2 (HttpServer2.java:addFilter(958)) - Added filter static_user_filter (class=org.apache.hadoop.http.lib.StaticUserWebFilter$StaticUserFilter) to context static
2019-06-13 16:25:38,869 INFO  http.HttpServer2 (HttpServer2.java:bindListener(1191)) - Jetty bound to port 41847
2019-06-13 16:25:38,869 INFO  server.Server (Server.java:doStart(351)) - jetty-9.3.24.v20180605, build timestamp: 2018-06-05T17:11:56Z, git hash: 84205aa28f11a4f31f2a3b86d1bba2cc8ab69827
2019-06-13 16:25:38,872 INFO  handler.ContextHandler (ContextHandler.java:doStart(781)) - Started o.e.j.s.ServletContextHandler@2a6a5ec8{/logs,file:///opt/src/hadoop-ozone/integration-test/target/log,AVAILABLE}
2019-06-13 16:25:38,872 INFO  handler.ContextHandler (ContextHandler.java:doStart(781)) - Started o.e.j.s.ServletContextHandler@48f50566{/static,file:///opt/src/hadoop-ozone/integration-test/target/test-classes/webapps/static,AVAILABLE}
2019-06-13 16:25:38,875 INFO  handler.ContextHandler (ContextHandler.java:doStart(781)) - Started o.e.j.w.WebAppContext@456646f5{/,file:///opt/src/hadoop-ozone/integration-test/target/test-classes/webapps/ozoneManager/,AVAILABLE}{/ozoneManager}
2019-06-13 16:25:38,876 INFO  server.AbstractConnector (AbstractConnector.java:doStart(278)) - Started ServerConnector@396efa4e{HTTP/1.1,[http/1.1]}{0.0.0.0:41847}
2019-06-13 16:25:38,877 INFO  server.Server (Server.java:doStart(419)) - Started @45911ms
2019-06-13 16:25:38,877 INFO  server.BaseHttpServer (BaseHttpServer.java:updateConnectorAddress(207)) - HTTP server of OZONEMANAGER is listening at http://0.0.0.0:41847
2019-06-13 16:25:38,879 INFO  impl.MetricsSystemImpl (MetricsSystemImpl.java:init(158)) - HddsDatanode metrics system started (again)
2019-06-13 16:25:38,879 INFO  ozone.HddsDatanodeService (HddsDatanodeService.java:start(185)) - HddsDatanodeService host:ozone-z9zf6-1652263048 ip:192.168.11.208
2019-06-13 16:25:38,887 INFO  volume.HddsVolume (HddsVolume.java:<init>(176)) - Creating Volume: /opt/src/hadoop-ozone/integration-test/target/test-dir/MiniOzoneClusterImpl-f2f2b12a-06f9-4572-a321-92c2a006d3cf/datanode-0/data/containers/hdds of  storage type : DISK and capacity : 104021790720
2019-06-13 16:25:38,887 INFO  volume.VolumeSet (VolumeSet.java:initializeVolumeSet(170)) - Added Volume : /opt/src/hadoop-ozone/integration-test/target/test-dir/MiniOzoneClusterImpl-f2f2b12a-06f9-4572-a321-92c2a006d3cf/datanode-0/data/containers/hdds to VolumeSet
2019-06-13 16:25:38,887 INFO  volume.ThrottledAsyncChecker (ThrottledAsyncChecker.java:schedule(140)) - Scheduling a check for org.apache.hadoop.ozone.container.common.volume.HddsVolume@5943c3f4
2019-06-13 16:25:38,888 INFO  volume.HddsVolumeChecker (HddsVolumeChecker.java:checkAllVolumes(203)) - Scheduled health check for volume org.apache.hadoop.ozone.container.common.volume.HddsVolume@5943c3f4
2019-06-13 16:25:38,900 INFO  ratis.XceiverServerRatis (XceiverServerRatis.java:newXceiverServerRatis(401)) - Found a free port for the server : 41875
2019-06-13 16:25:38,900 INFO  impl.RaftServerProxy (ConfUtils.java:logGet(43)) - raft.rpc.type = GRPC (default)
2019-06-13 16:25:38,900 INFO  grpc.GrpcConfigKeys$Server (ConfUtils.java:logGet(43)) - raft.grpc.server.port = 41875 (custom)
2019-06-13 16:25:38,901 INFO  server.GrpcService (ConfUtils.java:logGet(43)) - raft.grpc.message.size.max = 33570816 (custom)
2019-06-13 16:25:38,901 INFO  server.RaftServerConfigKeys (ConfUtils.java:logGet(43)) - raft.server.log.appender.buffer.byte-limit = 33554432 (custom)
2019-06-13 16:25:38,901 INFO  server.GrpcService (ConfUtils.java:logGet(43)) - raft.grpc.flow.control.window = 1MB (=1048576) (default)
2019-06-13 16:25:38,901 INFO  server.RaftServerConfigKeys (ConfUtils.java:logGet(43)) - raft.server.rpc.request.timeout = 3000ms (default)
2019-06-13 16:25:38,901 INFO  server.RaftServerConfigKeys (ConfUtils.java:logGet(43)) - raft.server.storage.dir = [/opt/src/hadoop-ozone/integration-test/target/test-dir/MiniOzoneClusterImpl-f2f2b12a-06f9-4572-a321-92c2a006d3cf/datanode-0/data/ratis] (custom)
2019-06-13 16:25:38,901 INFO  server.XceiverServerGrpc (XceiverServerGrpc.java:<init>(97)) - Found a free port for the server : 39349
2019-06-13 16:25:38,902 INFO  replication.SimpleContainerDownloader (SimpleContainerDownloader.java:<init>(72)) - Starting container downloader service to copy containers to replicate.
2019-06-13 16:25:38,902 INFO  hdfs.DFSUtil (DFSUtil.java:httpServerTemplateForNNAndJN(1641)) - Starting Web-server for hddsDatanode at: http://0.0.0.0:0
2019-06-13 16:25:38,903 INFO  server.AuthenticationFilter (AuthenticationFilter.java:constructSecretProvider(240)) - Unable to initialize FileSignerSecretProvider, falling back to use random secrets.
2019-06-13 16:25:38,903 WARN  http.HttpRequestLog (HttpRequestLog.java:getRequestLog(97)) - Jetty request log can only be enabled using Log4j
2019-06-13 16:25:38,904 INFO  http.HttpServer2 (HttpServer2.java:addGlobalFilter(975)) - Added global filter 'safety' (class=org.apache.hadoop.http.HttpServer2$QuotingInputFilter)
2019-06-13 16:25:38,905 INFO  http.HttpServer2 (HttpServer2.java:addFilter(948)) - Added filter static_user_filter (class=org.apache.hadoop.http.lib.StaticUserWebFilter$StaticUserFilter) to context hddsDatanode
2019-06-13 16:25:38,905 INFO  http.HttpServer2 (HttpServer2.java:addFilter(958)) - Added filter static_user_filter (class=org.apache.hadoop.http.lib.StaticUserWebFilter$StaticUserFilter) to context static
2019-06-13 16:25:38,905 INFO  http.HttpServer2 (HttpServer2.java:addFilter(958)) - Added filter static_user_filter (class=org.apache.hadoop.http.lib.StaticUserWebFilter$StaticUserFilter) to context logs
2019-06-13 16:25:38,905 INFO  http.HttpServer2 (HttpServer2.java:bindListener(1191)) - Jetty bound to port 43691
2019-06-13 16:25:38,905 INFO  server.Server (Server.java:doStart(351)) - jetty-9.3.24.v20180605, build timestamp: 2018-06-05T17:11:56Z, git hash: 84205aa28f11a4f31f2a3b86d1bba2cc8ab69827
2019-06-13 16:25:38,906 INFO  handler.ContextHandler (ContextHandler.java:doStart(781)) - Started o.e.j.s.ServletContextHandler@6cfb1049{/logs,file:///opt/src/hadoop-ozone/integration-test/target/log,AVAILABLE}
2019-06-13 16:25:38,908 INFO  handler.ContextHandler (ContextHandler.java:doStart(781)) - Started o.e.j.s.ServletContextHandler@1cdf519f{/static,jar:file:/root/.m2/repository/org/apache/hadoop/hadoop-hdds-container-service/0.5.0-SNAPSHOT/hadoop-hdds-container-service-0.5.0-SNAPSHOT.jar!/webapps/static,AVAILABLE}
2019-06-13 16:25:38,928 INFO  handler.ContextHandler (ContextHandler.java:doStart(781)) - Started o.e.j.w.WebAppContext@1994d67c{/,file:///tmp/jetty-0.0.0.0-43691-hddsDatanode-_-any-3953088419603800938.dir/webapp/,AVAILABLE}{/hddsDatanode}
2019-06-13 16:25:38,928 INFO  server.AbstractConnector (AbstractConnector.java:doStart(278)) - Started ServerConnector@6839fbe0{HTTP/1.1,[http/1.1]}{0.0.0.0:43691}
2019-06-13 16:25:38,930 INFO  server.Server (Server.java:doStart(419)) - Started @45964ms
2019-06-13 16:25:38,930 INFO  server.BaseHttpServer (BaseHttpServer.java:updateConnectorAddress(207)) - HTTP server of HDDSDATANODE is listening at http://0.0.0.0:43691
2019-06-13 16:25:39,048 INFO  ozone.HddsDatanodeService (HddsDatanodeService.java:startPlugins(396)) - Started plug-in org.apache.hadoop.ozone.web.OzoneHddsDatanodeService@78c0fdb5
2019-06-13 16:25:39,049 INFO  ozone.MiniOzoneClusterImpl (MiniOzoneClusterImpl.java:lambda$waitForClusterToBeReady$0(142)) - Waiting for cluster to be ready. Got 0 of 1 DN Heartbeats.
2019-06-13 16:25:39,051 INFO  util.JvmPauseMonitor (JvmPauseMonitor.java:run(188)) - Starting JVM pause monitor
2019-06-13 16:25:39,052 INFO  datanode.InitDatanodeState (InitDatanodeState.java:persistContainerDatanodeDetails(140)) - DatanodeDetails is persisted to /opt/src/hadoop-ozone/integration-test/target/test-dir/MiniOzoneClusterImpl-f2f2b12a-06f9-4572-a321-92c2a006d3cf/datanode-0/meta/datanode.id
2019-06-13 16:25:39,213 INFO  background.BlockDeletingService (BlockDeletingService.java:getTasks(123)) - Plan to choose 10 containers for block deletion, actually returns 5 valid containers.
2019-06-13 16:25:39,213 ERROR utils.ContainerCache (ContainerCache.java:getDB(137)) - Error opening DB. Container:1 ContainerPath:/opt/src/hadoop-ozone/integration-test/target/test-dir/MiniOzoneClusterImpl-3f379463-9810-48df-887f-c222ef37097c/datanode-0/data/containers/hdds/500ceb14-8321-4c8a-b6b3-e488e41f7aab/current/containerDir0/1/metadata/1-dn-container.db
java.io.IOException: Failed init RocksDB, db path : /opt/src/hadoop-ozone/integration-test/target/test-dir/MiniOzoneClusterImpl-3f379463-9810-48df-887f-c222ef37097c/datanode-0/data/containers/hdds/500ceb14-8321-4c8a-b6b3-e488e41f7aab/current/containerDir0/1/metadata/1-dn-container.db
	at org.apache.hadoop.utils.RocksDBStore.<init>(RocksDBStore.java:87)
	at org.apache.hadoop.utils.MetadataStoreBuilder.build(MetadataStoreBuilder.java:137)
	at org.apache.hadoop.ozone.container.common.utils.ContainerCache.getDB(ContainerCache.java:129)
	at org.apache.hadoop.ozone.container.keyvalue.helpers.BlockUtils.getDB(BlockUtils.java:77)
	at org.apache.hadoop.ozone.container.keyvalue.statemachine.background.BlockDeletingService$BlockDeletingTask.call(BlockDeletingService.java:188)
	at org.apache.hadoop.ozone.container.keyvalue.statemachine.background.BlockDeletingService$BlockDeletingTask.call(BlockDeletingService.java:172)
	at java.util.concurrent.FutureTask.run(FutureTask.java:266)
	at java.util.concurrent.Executors$RunnableAdapter.call(Executors.java:511)
	at java.util.concurrent.FutureTask.run(FutureTask.java:266)
	at java.util.concurrent.Executors$RunnableAdapter.call(Executors.java:511)
	at java.util.concurrent.FutureTask.run(FutureTask.java:266)
	at java.util.concurrent.ScheduledThreadPoolExecutor$ScheduledFutureTask.access$201(ScheduledThreadPoolExecutor.java:180)
	at java.util.concurrent.ScheduledThreadPoolExecutor$ScheduledFutureTask.run(ScheduledThreadPoolExecutor.java:293)
	at java.util.concurrent.ThreadPoolExecutor.runWorker(ThreadPoolExecutor.java:1149)
	at java.util.concurrent.ThreadPoolExecutor$Worker.run(ThreadPoolExecutor.java:624)
	at java.lang.Thread.run(Thread.java:748)
Caused by: org.rocksdb.RocksDBException: While mkdir if missing: /opt/src/hadoop-ozone/integration-test/target/test-dir/MiniOzoneClusterImpl-3f379463-9810-48df-887f-c222ef37097c/datanode-0/data/containers/hdds/500ceb14-8321-4c8a-b6b3-e488e41f7aab/current/containerDir0/1/metadata/1-dn-container.db: No such file or directory
	at org.rocksdb.RocksDB.open(Native Method)
	at org.rocksdb.RocksDB.open(RocksDB.java:231)
	at org.apache.hadoop.utils.RocksDBStore.<init>(RocksDBStore.java:71)
	... 15 more
2019-06-13 16:25:39,213 ERROR utils.ContainerCache (ContainerCache.java:getDB(137)) - Error opening DB. Container:5 ContainerPath:/opt/src/hadoop-ozone/integration-test/target/test-dir/MiniOzoneClusterImpl-3f379463-9810-48df-887f-c222ef37097c/datanode-0/data/containers/hdds/500ceb14-8321-4c8a-b6b3-e488e41f7aab/current/containerDir0/5/metadata/5-dn-container.db
java.io.IOException: Failed init RocksDB, db path : /opt/src/hadoop-ozone/integration-test/target/test-dir/MiniOzoneClusterImpl-3f379463-9810-48df-887f-c222ef37097c/datanode-0/data/containers/hdds/500ceb14-8321-4c8a-b6b3-e488e41f7aab/current/containerDir0/5/metadata/5-dn-container.db
	at org.apache.hadoop.utils.RocksDBStore.<init>(RocksDBStore.java:87)
	at org.apache.hadoop.utils.MetadataStoreBuilder.build(MetadataStoreBuilder.java:137)
	at org.apache.hadoop.ozone.container.common.utils.ContainerCache.getDB(ContainerCache.java:129)
	at org.apache.hadoop.ozone.container.keyvalue.helpers.BlockUtils.getDB(BlockUtils.java:77)
	at org.apache.hadoop.ozone.container.keyvalue.statemachine.background.BlockDeletingService$BlockDeletingTask.call(BlockDeletingService.java:188)
	at org.apache.hadoop.ozone.container.keyvalue.statemachine.background.BlockDeletingService$BlockDeletingTask.call(BlockDeletingService.java:172)
	at java.util.concurrent.FutureTask.run(FutureTask.java:266)
	at java.util.concurrent.Executors$RunnableAdapter.call(Executors.java:511)
	at java.util.concurrent.FutureTask.run(FutureTask.java:266)
	at java.util.concurrent.Executors$RunnableAdapter.call(Executors.java:511)
	at java.util.concurrent.FutureTask.run(FutureTask.java:266)
	at java.util.concurrent.ScheduledThreadPoolExecutor$ScheduledFutureTask.access$201(ScheduledThreadPoolExecutor.java:180)
	at java.util.concurrent.ScheduledThreadPoolExecutor$ScheduledFutureTask.run(ScheduledThreadPoolExecutor.java:293)
	at java.util.concurrent.ThreadPoolExecutor.runWorker(ThreadPoolExecutor.java:1149)
	at java.util.concurrent.ThreadPoolExecutor$Worker.run(ThreadPoolExecutor.java:624)
	at java.lang.Thread.run(Thread.java:748)
Caused by: org.rocksdb.RocksDBException: While mkdir if missing: /opt/src/hadoop-ozone/integration-test/target/test-dir/MiniOzoneClusterImpl-3f379463-9810-48df-887f-c222ef37097c/datanode-0/data/containers/hdds/500ceb14-8321-4c8a-b6b3-e488e41f7aab/current/containerDir0/5/metadata/5-dn-container.db: No such file or directory
	at org.rocksdb.RocksDB.open(Native Method)
	at org.rocksdb.RocksDB.open(RocksDB.java:231)
	at org.apache.hadoop.utils.RocksDBStore.<init>(RocksDBStore.java:71)
	... 15 more
2019-06-13 16:25:39,214 WARN  utils.BackgroundService (BackgroundService.java:lambda$run$0(135)) - Background task fails to execute, retrying in next interval
java.util.concurrent.ExecutionException: org.apache.hadoop.hdds.scm.container.common.helpers.StorageContainerException: Error opening DB. Container:5 ContainerPath:/opt/src/hadoop-ozone/integration-test/target/test-dir/MiniOzoneClusterImpl-3f379463-9810-48df-887f-c222ef37097c/datanode-0/data/containers/hdds/500ceb14-8321-4c8a-b6b3-e488e41f7aab/current/containerDir0/5/metadata/5-dn-container.db
	at java.util.concurrent.FutureTask.report(FutureTask.java:122)
	at java.util.concurrent.FutureTask.get(FutureTask.java:206)
	at org.apache.hadoop.utils.BackgroundService$PeriodicalTask.lambda$run$0(BackgroundService.java:129)
	at java.util.stream.ForEachOps$ForEachOp$OfRef.accept(ForEachOps.java:184)
	at java.util.ArrayList$ArrayListSpliterator.forEachRemaining(ArrayList.java:1382)
	at java.util.stream.AbstractPipeline.copyInto(AbstractPipeline.java:482)
	at java.util.stream.ForEachOps$ForEachTask.compute(ForEachOps.java:291)
	at java.util.concurrent.CountedCompleter.exec(CountedCompleter.java:731)
	at java.util.concurrent.ForkJoinTask.doExec(ForkJoinTask.java:289)
	at java.util.concurrent.ForkJoinPool$WorkQueue.runTask(ForkJoinPool.java:1056)
	at java.util.concurrent.ForkJoinPool.runWorker(ForkJoinPool.java:1692)
	at java.util.concurrent.ForkJoinWorkerThread.run(ForkJoinWorkerThread.java:157)
Caused by: org.apache.hadoop.hdds.scm.container.common.helpers.StorageContainerException: Error opening DB. Container:5 ContainerPath:/opt/src/hadoop-ozone/integration-test/target/test-dir/MiniOzoneClusterImpl-3f379463-9810-48df-887f-c222ef37097c/datanode-0/data/containers/hdds/500ceb14-8321-4c8a-b6b3-e488e41f7aab/current/containerDir0/5/metadata/5-dn-container.db
	at org.apache.hadoop.ozone.container.keyvalue.helpers.BlockUtils.getDB(BlockUtils.java:84)
	at org.apache.hadoop.ozone.container.keyvalue.statemachine.background.BlockDeletingService$BlockDeletingTask.call(BlockDeletingService.java:188)
	at org.apache.hadoop.ozone.container.keyvalue.statemachine.background.BlockDeletingService$BlockDeletingTask.call(BlockDeletingService.java:172)
	at java.util.concurrent.FutureTask.run(FutureTask.java:266)
	at java.util.concurrent.Executors$RunnableAdapter.call(Executors.java:511)
	at java.util.concurrent.FutureTask.run(FutureTask.java:266)
	at java.util.concurrent.Executors$RunnableAdapter.call(Executors.java:511)
	at java.util.concurrent.FutureTask.run(FutureTask.java:266)
	at java.util.concurrent.ScheduledThreadPoolExecutor$ScheduledFutureTask.access$201(ScheduledThreadPoolExecutor.java:180)
	at java.util.concurrent.ScheduledThreadPoolExecutor$ScheduledFutureTask.run(ScheduledThreadPoolExecutor.java:293)
	at java.util.concurrent.ThreadPoolExecutor.runWorker(ThreadPoolExecutor.java:1149)
	at java.util.concurrent.ThreadPoolExecutor$Worker.run(ThreadPoolExecutor.java:624)
	at java.lang.Thread.run(Thread.java:748)
2019-06-13 16:25:39,214 ERROR utils.ContainerCache (ContainerCache.java:getDB(137)) - Error opening DB. Container:4 ContainerPath:/opt/src/hadoop-ozone/integration-test/target/test-dir/MiniOzoneClusterImpl-3f379463-9810-48df-887f-c222ef37097c/datanode-0/data/containers/hdds/500ceb14-8321-4c8a-b6b3-e488e41f7aab/current/containerDir0/4/metadata/4-dn-container.db
java.io.IOException: Failed init RocksDB, db path : /opt/src/hadoop-ozone/integration-test/target/test-dir/MiniOzoneClusterImpl-3f379463-9810-48df-887f-c222ef37097c/datanode-0/data/containers/hdds/500ceb14-8321-4c8a-b6b3-e488e41f7aab/current/containerDir0/4/metadata/4-dn-container.db
	at org.apache.hadoop.utils.RocksDBStore.<init>(RocksDBStore.java:87)
	at org.apache.hadoop.utils.MetadataStoreBuilder.build(MetadataStoreBuilder.java:137)
	at org.apache.hadoop.ozone.container.common.utils.ContainerCache.getDB(ContainerCache.java:129)
	at org.apache.hadoop.ozone.container.keyvalue.helpers.BlockUtils.getDB(BlockUtils.java:77)
	at org.apache.hadoop.ozone.container.keyvalue.statemachine.background.BlockDeletingService$BlockDeletingTask.call(BlockDeletingService.java:188)
	at org.apache.hadoop.ozone.container.keyvalue.statemachine.background.BlockDeletingService$BlockDeletingTask.call(BlockDeletingService.java:172)
	at java.util.concurrent.FutureTask.run(FutureTask.java:266)
	at java.util.concurrent.Executors$RunnableAdapter.call(Executors.java:511)
	at java.util.concurrent.FutureTask.run(FutureTask.java:266)
	at java.util.concurrent.Executors$RunnableAdapter.call(Executors.java:511)
	at java.util.concurrent.FutureTask.run(FutureTask.java:266)
	at java.util.concurrent.ScheduledThreadPoolExecutor$ScheduledFutureTask.access$201(ScheduledThreadPoolExecutor.java:180)
	at java.util.concurrent.ScheduledThreadPoolExecutor$ScheduledFutureTask.run(ScheduledThreadPoolExecutor.java:293)
	at java.util.concurrent.ThreadPoolExecutor.runWorker(ThreadPoolExecutor.java:1149)
	at java.util.concurrent.ThreadPoolExecutor$Worker.run(ThreadPoolExecutor.java:624)
	at java.lang.Thread.run(Thread.java:748)
Caused by: org.rocksdb.RocksDBException: While mkdir if missing: /opt/src/hadoop-ozone/integration-test/target/test-dir/MiniOzoneClusterImpl-3f379463-9810-48df-887f-c222ef37097c/datanode-0/data/containers/hdds/500ceb14-8321-4c8a-b6b3-e488e41f7aab/current/containerDir0/4/metadata/4-dn-container.db: No such file or directory
	at org.rocksdb.RocksDB.open(Native Method)
	at org.rocksdb.RocksDB.open(RocksDB.java:231)
	at org.apache.hadoop.utils.RocksDBStore.<init>(RocksDBStore.java:71)
	... 15 more
2019-06-13 16:25:39,214 WARN  utils.BackgroundService (BackgroundService.java:lambda$run$0(135)) - Background task fails to execute, retrying in next interval
java.util.concurrent.ExecutionException: org.apache.hadoop.hdds.scm.container.common.helpers.StorageContainerException: Error opening DB. Container:1 ContainerPath:/opt/src/hadoop-ozone/integration-test/target/test-dir/MiniOzoneClusterImpl-3f379463-9810-48df-887f-c222ef37097c/datanode-0/data/containers/hdds/500ceb14-8321-4c8a-b6b3-e488e41f7aab/current/containerDir0/1/metadata/1-dn-container.db
	at java.util.concurrent.FutureTask.report(FutureTask.java:122)
	at java.util.concurrent.FutureTask.get(FutureTask.java:206)
	at org.apache.hadoop.utils.BackgroundService$PeriodicalTask.lambda$run$0(BackgroundService.java:129)
	at java.util.stream.ForEachOps$ForEachOp$OfRef.accept(ForEachOps.java:184)
	at java.util.ArrayList$ArrayListSpliterator.forEachRemaining(ArrayList.java:1382)
	at java.util.stream.AbstractPipeline.copyInto(AbstractPipeline.java:482)
	at java.util.stream.ForEachOps$ForEachTask.compute(ForEachOps.java:291)
	at java.util.concurrent.CountedCompleter.exec(CountedCompleter.java:731)
	at java.util.concurrent.ForkJoinTask.doExec(ForkJoinTask.java:289)
	at java.util.concurrent.ForkJoinPool$WorkQueue.execLocalTasks(ForkJoinPool.java:1040)
	at java.util.concurrent.ForkJoinPool$WorkQueue.runTask(ForkJoinPool.java:1058)
	at java.util.concurrent.ForkJoinPool.runWorker(ForkJoinPool.java:1692)
	at java.util.concurrent.ForkJoinWorkerThread.run(ForkJoinWorkerThread.java:157)
Caused by: org.apache.hadoop.hdds.scm.container.common.helpers.StorageContainerException: Error opening DB. Container:1 ContainerPath:/opt/src/hadoop-ozone/integration-test/target/test-dir/MiniOzoneClusterImpl-3f379463-9810-48df-887f-c222ef37097c/datanode-0/data/containers/hdds/500ceb14-8321-4c8a-b6b3-e488e41f7aab/current/containerDir0/1/metadata/1-dn-container.db
	at org.apache.hadoop.ozone.container.keyvalue.helpers.BlockUtils.getDB(BlockUtils.java:84)
	at org.apache.hadoop.ozone.container.keyvalue.statemachine.background.BlockDeletingService$BlockDeletingTask.call(BlockDeletingService.java:188)
	at org.apache.hadoop.ozone.container.keyvalue.statemachine.background.BlockDeletingService$BlockDeletingTask.call(BlockDeletingService.java:172)
	at java.util.concurrent.FutureTask.run(FutureTask.java:266)
	at java.util.concurrent.Executors$RunnableAdapter.call(Executors.java:511)
	at java.util.concurrent.FutureTask.run(FutureTask.java:266)
	at java.util.concurrent.Executors$RunnableAdapter.call(Executors.java:511)
	at java.util.concurrent.FutureTask.run(FutureTask.java:266)
	at java.util.concurrent.ScheduledThreadPoolExecutor$ScheduledFutureTask.access$201(ScheduledThreadPoolExecutor.java:180)
	at java.util.concurrent.ScheduledThreadPoolExecutor$ScheduledFutureTask.run(ScheduledThreadPoolExecutor.java:293)
	at java.util.concurrent.ThreadPoolExecutor.runWorker(ThreadPoolExecutor.java:1149)
	at java.util.concurrent.ThreadPoolExecutor$Worker.run(ThreadPoolExecutor.java:624)
	at java.lang.Thread.run(Thread.java:748)
2019-06-13 16:25:39,214 WARN  utils.BackgroundService (BackgroundService.java:lambda$run$0(135)) - Background task fails to execute, retrying in next interval
java.util.concurrent.ExecutionException: org.apache.hadoop.hdds.scm.container.common.helpers.StorageContainerException: Error opening DB. Container:4 ContainerPath:/opt/src/hadoop-ozone/integration-test/target/test-dir/MiniOzoneClusterImpl-3f379463-9810-48df-887f-c222ef37097c/datanode-0/data/containers/hdds/500ceb14-8321-4c8a-b6b3-e488e41f7aab/current/containerDir0/4/metadata/4-dn-container.db
	at java.util.concurrent.FutureTask.report(FutureTask.java:122)
	at java.util.concurrent.FutureTask.get(FutureTask.java:206)
	at org.apache.hadoop.utils.BackgroundService$PeriodicalTask.lambda$run$0(BackgroundService.java:129)
	at java.util.stream.ForEachOps$ForEachOp$OfRef.accept(ForEachOps.java:184)
	at java.util.ArrayList$ArrayListSpliterator.forEachRemaining(ArrayList.java:1382)
	at java.util.stream.AbstractPipeline.copyInto(AbstractPipeline.java:482)
	at java.util.stream.ForEachOps$ForEachTask.compute(ForEachOps.java:291)
	at java.util.concurrent.CountedCompleter.exec(CountedCompleter.java:731)
	at java.util.concurrent.ForkJoinTask.doExec(ForkJoinTask.java:289)
	at java.util.concurrent.ForkJoinTask.doInvoke(ForkJoinTask.java:401)
	at java.util.concurrent.ForkJoinTask.invoke(ForkJoinTask.java:734)
	at java.util.stream.ForEachOps$ForEachOp.evaluateParallel(ForEachOps.java:160)
	at java.util.stream.ForEachOps$ForEachOp$OfRef.evaluateParallel(ForEachOps.java:174)
	at java.util.stream.AbstractPipeline.evaluate(AbstractPipeline.java:233)
	at java.util.stream.ReferencePipeline.forEach(ReferencePipeline.java:418)
	at java.util.stream.ReferencePipeline$Head.forEach(ReferencePipeline.java:583)
	at org.apache.hadoop.utils.BackgroundService$PeriodicalTask.run(BackgroundService.java:125)
	at java.util.concurrent.Executors$RunnableAdapter.call(Executors.java:511)
	at java.util.concurrent.FutureTask.runAndReset(FutureTask.java:308)
	at java.util.concurrent.ScheduledThreadPoolExecutor$ScheduledFutureTask.access$301(ScheduledThreadPoolExecutor.java:180)
	at java.util.concurrent.ScheduledThreadPoolExecutor$ScheduledFutureTask.run(ScheduledThreadPoolExecutor.java:294)
	at java.util.concurrent.ThreadPoolExecutor.runWorker(ThreadPoolExecutor.java:1149)
	at java.util.concurrent.ThreadPoolExecutor$Worker.run(ThreadPoolExecutor.java:624)
	at java.lang.Thread.run(Thread.java:748)
Caused by: org.apache.hadoop.hdds.scm.container.common.helpers.StorageContainerException: Error opening DB. Container:4 ContainerPath:/opt/src/hadoop-ozone/integration-test/target/test-dir/MiniOzoneClusterImpl-3f379463-9810-48df-887f-c222ef37097c/datanode-0/data/containers/hdds/500ceb14-8321-4c8a-b6b3-e488e41f7aab/current/containerDir0/4/metadata/4-dn-container.db
	at org.apache.hadoop.ozone.container.keyvalue.helpers.BlockUtils.getDB(BlockUtils.java:84)
	at org.apache.hadoop.ozone.container.keyvalue.statemachine.background.BlockDeletingService$BlockDeletingTask.call(BlockDeletingService.java:188)
	at org.apache.hadoop.ozone.container.keyvalue.statemachine.background.BlockDeletingService$BlockDeletingTask.call(BlockDeletingService.java:172)
	at java.util.concurrent.FutureTask.run(FutureTask.java:266)
	at java.util.concurrent.Executors$RunnableAdapter.call(Executors.java:511)
	at java.util.concurrent.FutureTask.run(FutureTask.java:266)
	at java.util.concurrent.Executors$RunnableAdapter.call(Executors.java:511)
	at java.util.concurrent.FutureTask.run(FutureTask.java:266)
	at java.util.concurrent.ScheduledThreadPoolExecutor$ScheduledFutureTask.access$201(ScheduledThreadPoolExecutor.java:180)
	at java.util.concurrent.ScheduledThreadPoolExecutor$ScheduledFutureTask.run(ScheduledThreadPoolExecutor.java:293)
	... 3 more
2019-06-13 16:25:39,214 ERROR utils.ContainerCache (ContainerCache.java:getDB(137)) - Error opening DB. Container:3 ContainerPath:/opt/src/hadoop-ozone/integration-test/target/test-dir/MiniOzoneClusterImpl-3f379463-9810-48df-887f-c222ef37097c/datanode-0/data/containers/hdds/500ceb14-8321-4c8a-b6b3-e488e41f7aab/current/containerDir0/3/metadata/3-dn-container.db
java.io.IOException: Failed init RocksDB, db path : /opt/src/hadoop-ozone/integration-test/target/test-dir/MiniOzoneClusterImpl-3f379463-9810-48df-887f-c222ef37097c/datanode-0/data/containers/hdds/500ceb14-8321-4c8a-b6b3-e488e41f7aab/current/containerDir0/3/metadata/3-dn-container.db
	at org.apache.hadoop.utils.RocksDBStore.<init>(RocksDBStore.java:87)
	at org.apache.hadoop.utils.MetadataStoreBuilder.build(MetadataStoreBuilder.java:137)
	at org.apache.hadoop.ozone.container.common.utils.ContainerCache.getDB(ContainerCache.java:129)
	at org.apache.hadoop.ozone.container.keyvalue.helpers.BlockUtils.getDB(BlockUtils.java:77)
	at org.apache.hadoop.ozone.container.keyvalue.statemachine.background.BlockDeletingService$BlockDeletingTask.call(BlockDeletingService.java:188)
	at org.apache.hadoop.ozone.container.keyvalue.statemachine.background.BlockDeletingService$BlockDeletingTask.call(BlockDeletingService.java:172)
	at java.util.concurrent.FutureTask.run(FutureTask.java:266)
	at java.util.concurrent.Executors$RunnableAdapter.call(Executors.java:511)
	at java.util.concurrent.FutureTask.run(FutureTask.java:266)
	at java.util.concurrent.Executors$RunnableAdapter.call(Executors.java:511)
	at java.util.concurrent.FutureTask.run(FutureTask.java:266)
	at java.util.concurrent.ScheduledThreadPoolExecutor$ScheduledFutureTask.access$201(ScheduledThreadPoolExecutor.java:180)
	at java.util.concurrent.ScheduledThreadPoolExecutor$ScheduledFutureTask.run(ScheduledThreadPoolExecutor.java:293)
	at java.util.concurrent.ThreadPoolExecutor.runWorker(ThreadPoolExecutor.java:1149)
	at java.util.concurrent.ThreadPoolExecutor$Worker.run(ThreadPoolExecutor.java:624)
	at java.lang.Thread.run(Thread.java:748)
Caused by: org.rocksdb.RocksDBException: While mkdir if missing: /opt/src/hadoop-ozone/integration-test/target/test-dir/MiniOzoneClusterImpl-3f379463-9810-48df-887f-c222ef37097c/datanode-0/data/containers/hdds/500ceb14-8321-4c8a-b6b3-e488e41f7aab/current/containerDir0/3/metadata/3-dn-container.db: No such file or directory
	at org.rocksdb.RocksDB.open(Native Method)
	at org.rocksdb.RocksDB.open(RocksDB.java:231)
	at org.apache.hadoop.utils.RocksDBStore.<init>(RocksDBStore.java:71)
	... 15 more
2019-06-13 16:25:39,215 WARN  utils.BackgroundService (BackgroundService.java:lambda$run$0(135)) - Background task fails to execute, retrying in next interval
java.util.concurrent.ExecutionException: org.apache.hadoop.hdds.scm.container.common.helpers.StorageContainerException: Error opening DB. Container:3 ContainerPath:/opt/src/hadoop-ozone/integration-test/target/test-dir/MiniOzoneClusterImpl-3f379463-9810-48df-887f-c222ef37097c/datanode-0/data/containers/hdds/500ceb14-8321-4c8a-b6b3-e488e41f7aab/current/containerDir0/3/metadata/3-dn-container.db
	at java.util.concurrent.FutureTask.report(FutureTask.java:122)
	at java.util.concurrent.FutureTask.get(FutureTask.java:206)
	at org.apache.hadoop.utils.BackgroundService$PeriodicalTask.lambda$run$0(BackgroundService.java:129)
	at java.util.stream.ForEachOps$ForEachOp$OfRef.accept(ForEachOps.java:184)
	at java.util.ArrayList$ArrayListSpliterator.forEachRemaining(ArrayList.java:1382)
	at java.util.stream.AbstractPipeline.copyInto(AbstractPipeline.java:482)
	at java.util.stream.ForEachOps$ForEachTask.compute(ForEachOps.java:291)
	at java.util.concurrent.CountedCompleter.exec(CountedCompleter.java:731)
	at java.util.concurrent.ForkJoinTask.doExec(ForkJoinTask.java:289)
	at java.util.concurrent.ForkJoinPool$WorkQueue.pollAndExecCC(ForkJoinPool.java:1190)
	at java.util.concurrent.ForkJoinPool.helpComplete(ForkJoinPool.java:1879)
	at java.util.concurrent.ForkJoinPool.externalHelpComplete(ForkJoinPool.java:2467)
	at java.util.concurrent.ForkJoinTask.externalAwaitDone(ForkJoinTask.java:324)
	at java.util.concurrent.ForkJoinTask.doInvoke(ForkJoinTask.java:405)
	at java.util.concurrent.ForkJoinTask.invoke(ForkJoinTask.java:734)
	at java.util.stream.ForEachOps$ForEachOp.evaluateParallel(ForEachOps.java:160)
	at java.util.stream.ForEachOps$ForEachOp$OfRef.evaluateParallel(ForEachOps.java:174)
	at java.util.stream.AbstractPipeline.evaluate(AbstractPipeline.java:233)
	at java.util.stream.ReferencePipeline.forEach(ReferencePipeline.java:418)
	at java.util.stream.ReferencePipeline$Head.forEach(ReferencePipeline.java:583)
	at org.apache.hadoop.utils.BackgroundService$PeriodicalTask.run(BackgroundService.java:125)
	at java.util.concurrent.Executors$RunnableAdapter.call(Executors.java:511)
	at java.util.concurrent.FutureTask.runAndReset(FutureTask.java:308)
	at java.util.concurrent.ScheduledThreadPoolExecutor$ScheduledFutureTask.access$301(ScheduledThreadPoolExecutor.java:180)
	at java.util.concurrent.ScheduledThreadPoolExecutor$ScheduledFutureTask.run(ScheduledThreadPoolExecutor.java:294)
	at java.util.concurrent.ThreadPoolExecutor.runWorker(ThreadPoolExecutor.java:1149)
	at java.util.concurrent.ThreadPoolExecutor$Worker.run(ThreadPoolExecutor.java:624)
	at java.lang.Thread.run(Thread.java:748)
Caused by: org.apache.hadoop.hdds.scm.container.common.helpers.StorageContainerException: Error opening DB. Container:3 ContainerPath:/opt/src/hadoop-ozone/integration-test/target/test-dir/MiniOzoneClusterImpl-3f379463-9810-48df-887f-c222ef37097c/datanode-0/data/containers/hdds/500ceb14-8321-4c8a-b6b3-e488e41f7aab/current/containerDir0/3/metadata/3-dn-container.db
	at org.apache.hadoop.ozone.container.keyvalue.helpers.BlockUtils.getDB(BlockUtils.java:84)
	at org.apache.hadoop.ozone.container.keyvalue.statemachine.background.BlockDeletingService$BlockDeletingTask.call(BlockDeletingService.java:188)
	at org.apache.hadoop.ozone.container.keyvalue.statemachine.background.BlockDeletingService$BlockDeletingTask.call(BlockDeletingService.java:172)
	at java.util.concurrent.FutureTask.run(FutureTask.java:266)
	at java.util.concurrent.Executors$RunnableAdapter.call(Executors.java:511)
	at java.util.concurrent.FutureTask.run(FutureTask.java:266)
	at java.util.concurrent.Executors$RunnableAdapter.call(Executors.java:511)
	at java.util.concurrent.FutureTask.run(FutureTask.java:266)
	at java.util.concurrent.ScheduledThreadPoolExecutor$ScheduledFutureTask.access$201(ScheduledThreadPoolExecutor.java:180)
	at java.util.concurrent.ScheduledThreadPoolExecutor$ScheduledFutureTask.run(ScheduledThreadPoolExecutor.java:293)
	... 3 more
2019-06-13 16:25:39,219 ERROR utils.ContainerCache (ContainerCache.java:getDB(137)) - Error opening DB. Container:2 ContainerPath:/opt/src/hadoop-ozone/integration-test/target/test-dir/MiniOzoneClusterImpl-3f379463-9810-48df-887f-c222ef37097c/datanode-0/data/containers/hdds/500ceb14-8321-4c8a-b6b3-e488e41f7aab/current/containerDir0/2/metadata/2-dn-container.db
java.io.IOException: Failed init RocksDB, db path : /opt/src/hadoop-ozone/integration-test/target/test-dir/MiniOzoneClusterImpl-3f379463-9810-48df-887f-c222ef37097c/datanode-0/data/containers/hdds/500ceb14-8321-4c8a-b6b3-e488e41f7aab/current/containerDir0/2/metadata/2-dn-container.db
	at org.apache.hadoop.utils.RocksDBStore.<init>(RocksDBStore.java:87)
	at org.apache.hadoop.utils.MetadataStoreBuilder.build(MetadataStoreBuilder.java:137)
	at org.apache.hadoop.ozone.container.common.utils.ContainerCache.getDB(ContainerCache.java:129)
	at org.apache.hadoop.ozone.container.keyvalue.helpers.BlockUtils.getDB(BlockUtils.java:77)
	at org.apache.hadoop.ozone.container.keyvalue.statemachine.background.BlockDeletingService$BlockDeletingTask.call(BlockDeletingService.java:188)
	at org.apache.hadoop.ozone.container.keyvalue.statemachine.background.BlockDeletingService$BlockDeletingTask.call(BlockDeletingService.java:172)
	at java.util.concurrent.FutureTask.run(FutureTask.java:266)
	at java.util.concurrent.Executors$RunnableAdapter.call(Executors.java:511)
	at java.util.concurrent.FutureTask.run(FutureTask.java:266)
	at java.util.concurrent.Executors$RunnableAdapter.call(Executors.java:511)
	at java.util.concurrent.FutureTask.run(FutureTask.java:266)
	at java.util.concurrent.ScheduledThreadPoolExecutor$ScheduledFutureTask.access$201(ScheduledThreadPoolExecutor.java:180)
	at java.util.concurrent.ScheduledThreadPoolExecutor$ScheduledFutureTask.run(ScheduledThreadPoolExecutor.java:293)
	at java.util.concurrent.ThreadPoolExecutor.runWorker(ThreadPoolExecutor.java:1149)
	at java.util.concurrent.ThreadPoolExecutor$Worker.run(ThreadPoolExecutor.java:624)
	at java.lang.Thread.run(Thread.java:748)
Caused by: org.rocksdb.RocksDBException: While mkdir if missing: /opt/src/hadoop-ozone/integration-test/target/test-dir/MiniOzoneClusterImpl-3f379463-9810-48df-887f-c222ef37097c/datanode-0/data/containers/hdds/500ceb14-8321-4c8a-b6b3-e488e41f7aab/current/containerDir0/2/metadata/2-dn-container.db: No such file or directory
	at org.rocksdb.RocksDB.open(Native Method)
	at org.rocksdb.RocksDB.open(RocksDB.java:231)
	at org.apache.hadoop.utils.RocksDBStore.<init>(RocksDBStore.java:71)
	... 15 more
2019-06-13 16:25:39,219 WARN  utils.BackgroundService (BackgroundService.java:lambda$run$0(135)) - Background task fails to execute, retrying in next interval
java.util.concurrent.ExecutionException: org.apache.hadoop.hdds.scm.container.common.helpers.StorageContainerException: Error opening DB. Container:2 ContainerPath:/opt/src/hadoop-ozone/integration-test/target/test-dir/MiniOzoneClusterImpl-3f379463-9810-48df-887f-c222ef37097c/datanode-0/data/containers/hdds/500ceb14-8321-4c8a-b6b3-e488e41f7aab/current/containerDir0/2/metadata/2-dn-container.db
	at java.util.concurrent.FutureTask.report(FutureTask.java:122)
	at java.util.concurrent.FutureTask.get(FutureTask.java:206)
	at org.apache.hadoop.utils.BackgroundService$PeriodicalTask.lambda$run$0(BackgroundService.java:129)
	at java.util.stream.ForEachOps$ForEachOp$OfRef.accept(ForEachOps.java:184)
	at java.util.ArrayList$ArrayListSpliterator.forEachRemaining(ArrayList.java:1382)
	at java.util.stream.AbstractPipeline.copyInto(AbstractPipeline.java:482)
	at java.util.stream.ForEachOps$ForEachTask.compute(ForEachOps.java:291)
	at java.util.concurrent.CountedCompleter.exec(CountedCompleter.java:731)
	at java.util.concurrent.ForkJoinTask.doExec(ForkJoinTask.java:289)
	at java.util.concurrent.ForkJoinPool$WorkQueue.runTask(ForkJoinPool.java:1056)
	at java.util.concurrent.ForkJoinPool.runWorker(ForkJoinPool.java:1692)
	at java.util.concurrent.ForkJoinWorkerThread.run(ForkJoinWorkerThread.java:157)
Caused by: org.apache.hadoop.hdds.scm.container.common.helpers.StorageContainerException: Error opening DB. Container:2 ContainerPath:/opt/src/hadoop-ozone/integration-test/target/test-dir/MiniOzoneClusterImpl-3f379463-9810-48df-887f-c222ef37097c/datanode-0/data/containers/hdds/500ceb14-8321-4c8a-b6b3-e488e41f7aab/current/containerDir0/2/metadata/2-dn-container.db
	at org.apache.hadoop.ozone.container.keyvalue.helpers.BlockUtils.getDB(BlockUtils.java:84)
	at org.apache.hadoop.ozone.container.keyvalue.statemachine.background.BlockDeletingService$BlockDeletingTask.call(BlockDeletingService.java:188)
	at org.apache.hadoop.ozone.container.keyvalue.statemachine.background.BlockDeletingService$BlockDeletingTask.call(BlockDeletingService.java:172)
	at java.util.concurrent.FutureTask.run(FutureTask.java:266)
	at java.util.concurrent.Executors$RunnableAdapter.call(Executors.java:511)
	at java.util.concurrent.FutureTask.run(FutureTask.java:266)
	at java.util.concurrent.Executors$RunnableAdapter.call(Executors.java:511)
	at java.util.concurrent.FutureTask.run(FutureTask.java:266)
	at java.util.concurrent.ScheduledThreadPoolExecutor$ScheduledFutureTask.access$201(ScheduledThreadPoolExecutor.java:180)
	at java.util.concurrent.ScheduledThreadPoolExecutor$ScheduledFutureTask.run(ScheduledThreadPoolExecutor.java:293)
	at java.util.concurrent.ThreadPoolExecutor.runWorker(ThreadPoolExecutor.java:1149)
	at java.util.concurrent.ThreadPoolExecutor$Worker.run(ThreadPoolExecutor.java:624)
	at java.lang.Thread.run(Thread.java:748)
2019-06-13 16:25:39,979 INFO  container.ReplicationManager (ReplicationManager.java:sendCloseCommand(630)) - Sending close container command for container #5 to datanode 328096ee-1483-4bfe-96a2-47a71e1e800c{ip: 192.168.11.208, host: ozone-z9zf6-1652263048, networkLocation: /default-rack, certSerialId: null}.
2019-06-13 16:25:39,979 INFO  container.ReplicationManager (ReplicationManager.java:run(207)) - Replication Monitor Thread took 0 milliseconds for processing 10 containers.
2019-06-13 16:25:40,049 INFO  ozone.MiniOzoneClusterImpl (MiniOzoneClusterImpl.java:lambda$waitForClusterToBeReady$0(142)) - Waiting for cluster to be ready. Got 0 of 1 DN Heartbeats.
2019-06-13 16:25:40,220 INFO  background.BlockDeletingService (BlockDeletingService.java:getTasks(123)) - Plan to choose 10 containers for block deletion, actually returns 5 valid containers.
2019-06-13 16:25:40,220 ERROR utils.ContainerCache (ContainerCache.java:getDB(137)) - Error opening DB. Container:1 ContainerPath:/opt/src/hadoop-ozone/integration-test/target/test-dir/MiniOzoneClusterImpl-3f379463-9810-48df-887f-c222ef37097c/datanode-0/data/containers/hdds/500ceb14-8321-4c8a-b6b3-e488e41f7aab/current/containerDir0/1/metadata/1-dn-container.db
java.io.IOException: Failed init RocksDB, db path : /opt/src/hadoop-ozone/integration-test/target/test-dir/MiniOzoneClusterImpl-3f379463-9810-48df-887f-c222ef37097c/datanode-0/data/containers/hdds/500ceb14-8321-4c8a-b6b3-e488e41f7aab/current/containerDir0/1/metadata/1-dn-container.db
	at org.apache.hadoop.utils.RocksDBStore.<init>(RocksDBStore.java:87)
	at org.apache.hadoop.utils.MetadataStoreBuilder.build(MetadataStoreBuilder.java:137)
	at org.apache.hadoop.ozone.container.common.utils.ContainerCache.getDB(ContainerCache.java:129)
	at org.apache.hadoop.ozone.container.keyvalue.helpers.BlockUtils.getDB(BlockUtils.java:77)
	at org.apache.hadoop.ozone.container.keyvalue.statemachine.background.BlockDeletingService$BlockDeletingTask.call(BlockDeletingService.java:188)
	at org.apache.hadoop.ozone.container.keyvalue.statemachine.background.BlockDeletingService$BlockDeletingTask.call(BlockDeletingService.java:172)
	at java.util.concurrent.FutureTask.run(FutureTask.java:266)
	at java.util.concurrent.Executors$RunnableAdapter.call(Executors.java:511)
	at java.util.concurrent.FutureTask.run(FutureTask.java:266)
	at java.util.concurrent.Executors$RunnableAdapter.call(Executors.java:511)
	at java.util.concurrent.FutureTask.run(FutureTask.java:266)
	at java.util.concurrent.ScheduledThreadPoolExecutor$ScheduledFutureTask.access$201(ScheduledThreadPoolExecutor.java:180)
	at java.util.concurrent.ScheduledThreadPoolExecutor$ScheduledFutureTask.run(ScheduledThreadPoolExecutor.java:293)
	at java.util.concurrent.ThreadPoolExecutor.runWorker(ThreadPoolExecutor.java:1149)
	at java.util.concurrent.ThreadPoolExecutor$Worker.run(ThreadPoolExecutor.java:624)
	at java.lang.Thread.run(Thread.java:748)
Caused by: org.rocksdb.RocksDBException: While mkdir if missing: /opt/src/hadoop-ozone/integration-test/target/test-dir/MiniOzoneClusterImpl-3f379463-9810-48df-887f-c222ef37097c/datanode-0/data/containers/hdds/500ceb14-8321-4c8a-b6b3-e488e41f7aab/current/containerDir0/1/metadata/1-dn-container.db: No such file or directory
	at org.rocksdb.RocksDB.open(Native Method)
	at org.rocksdb.RocksDB.open(RocksDB.java:231)
	at org.apache.hadoop.utils.RocksDBStore.<init>(RocksDBStore.java:71)
	... 15 more
2019-06-13 16:25:40,220 ERROR utils.ContainerCache (ContainerCache.java:getDB(137)) - Error opening DB. Container:5 ContainerPath:/opt/src/hadoop-ozone/integration-test/target/test-dir/MiniOzoneClusterImpl-3f379463-9810-48df-887f-c222ef37097c/datanode-0/data/containers/hdds/500ceb14-8321-4c8a-b6b3-e488e41f7aab/current/containerDir0/5/metadata/5-dn-container.db
java.io.IOException: Failed init RocksDB, db path : /opt/src/hadoop-ozone/integration-test/target/test-dir/MiniOzoneClusterImpl-3f379463-9810-48df-887f-c222ef37097c/datanode-0/data/containers/hdds/500ceb14-8321-4c8a-b6b3-e488e41f7aab/current/containerDir0/5/metadata/5-dn-container.db
	at org.apache.hadoop.utils.RocksDBStore.<init>(RocksDBStore.java:87)
	at org.apache.hadoop.utils.MetadataStoreBuilder.build(MetadataStoreBuilder.java:137)
	at org.apache.hadoop.ozone.container.common.utils.ContainerCache.getDB(ContainerCache.java:129)
	at org.apache.hadoop.ozone.container.keyvalue.helpers.BlockUtils.getDB(BlockUtils.java:77)
	at org.apache.hadoop.ozone.container.keyvalue.statemachine.background.BlockDeletingService$BlockDeletingTask.call(BlockDeletingService.java:188)
	at org.apache.hadoop.ozone.container.keyvalue.statemachine.background.BlockDeletingService$BlockDeletingTask.call(BlockDeletingService.java:172)
	at java.util.concurrent.FutureTask.run(FutureTask.java:266)
	at java.util.concurrent.Executors$RunnableAdapter.call(Executors.java:511)
	at java.util.concurrent.FutureTask.run(FutureTask.java:266)
	at java.util.concurrent.Executors$RunnableAdapter.call(Executors.java:511)
	at java.util.concurrent.FutureTask.run(FutureTask.java:266)
	at java.util.concurrent.ScheduledThreadPoolExecutor$ScheduledFutureTask.access$201(ScheduledThreadPoolExecutor.java:180)
	at java.util.concurrent.ScheduledThreadPoolExecutor$ScheduledFutureTask.run(ScheduledThreadPoolExecutor.java:293)
	at java.util.concurrent.ThreadPoolExecutor.runWorker(ThreadPoolExecutor.java:1149)
	at java.util.concurrent.ThreadPoolExecutor$Worker.run(ThreadPoolExecutor.java:624)
	at java.lang.Thread.run(Thread.java:748)
Caused by: org.rocksdb.RocksDBException: While mkdir if missing: /opt/src/hadoop-ozone/integration-test/target/test-dir/MiniOzoneClusterImpl-3f379463-9810-48df-887f-c222ef37097c/datanode-0/data/containers/hdds/500ceb14-8321-4c8a-b6b3-e488e41f7aab/current/containerDir0/5/metadata/5-dn-container.db: No such file or directory
	at org.rocksdb.RocksDB.open(Native Method)
	at org.rocksdb.RocksDB.open(RocksDB.java:231)
	at org.apache.hadoop.utils.RocksDBStore.<init>(RocksDBStore.java:71)
	... 15 more
2019-06-13 16:25:40,221 WARN  utils.BackgroundService (BackgroundService.java:lambda$run$0(135)) - Background task fails to execute, retrying in next interval
java.util.concurrent.ExecutionException: org.apache.hadoop.hdds.scm.container.common.helpers.StorageContainerException: Error opening DB. Container:5 ContainerPath:/opt/src/hadoop-ozone/integration-test/target/test-dir/MiniOzoneClusterImpl-3f379463-9810-48df-887f-c222ef37097c/datanode-0/data/containers/hdds/500ceb14-8321-4c8a-b6b3-e488e41f7aab/current/containerDir0/5/metadata/5-dn-container.db
	at java.util.concurrent.FutureTask.report(FutureTask.java:122)
	at java.util.concurrent.FutureTask.get(FutureTask.java:206)
	at org.apache.hadoop.utils.BackgroundService$PeriodicalTask.lambda$run$0(BackgroundService.java:129)
	at java.util.stream.ForEachOps$ForEachOp$OfRef.accept(ForEachOps.java:184)
	at java.util.ArrayList$ArrayListSpliterator.forEachRemaining(ArrayList.java:1382)
	at java.util.stream.AbstractPipeline.copyInto(AbstractPipeline.java:482)
	at java.util.stream.ForEachOps$ForEachTask.compute(ForEachOps.java:291)
	at java.util.concurrent.CountedCompleter.exec(CountedCompleter.java:731)
	at java.util.concurrent.ForkJoinTask.doExec(ForkJoinTask.java:289)
	at java.util.concurrent.ForkJoinPool$WorkQueue.runTask(ForkJoinPool.java:1056)
	at java.util.concurrent.ForkJoinPool.runWorker(ForkJoinPool.java:1692)
	at java.util.concurrent.ForkJoinWorkerThread.run(ForkJoinWorkerThread.java:157)
Caused by: org.apache.hadoop.hdds.scm.container.common.helpers.StorageContainerException: Error opening DB. Container:5 ContainerPath:/opt/src/hadoop-ozone/integration-test/target/test-dir/MiniOzoneClusterImpl-3f379463-9810-48df-887f-c222ef37097c/datanode-0/data/containers/hdds/500ceb14-8321-4c8a-b6b3-e488e41f7aab/current/containerDir0/5/metadata/5-dn-container.db
	at org.apache.hadoop.ozone.container.keyvalue.helpers.BlockUtils.getDB(BlockUtils.java:84)
	at org.apache.hadoop.ozone.container.keyvalue.statemachine.background.BlockDeletingService$BlockDeletingTask.call(BlockDeletingService.java:188)
	at org.apache.hadoop.ozone.container.keyvalue.statemachine.background.BlockDeletingService$BlockDeletingTask.call(BlockDeletingService.java:172)
	at java.util.concurrent.FutureTask.run(FutureTask.java:266)
	at java.util.concurrent.Executors$RunnableAdapter.call(Executors.java:511)
	at java.util.concurrent.FutureTask.run(FutureTask.java:266)
	at java.util.concurrent.Executors$RunnableAdapter.call(Executors.java:511)
	at java.util.concurrent.FutureTask.run(FutureTask.java:266)
	at java.util.concurrent.ScheduledThreadPoolExecutor$ScheduledFutureTask.access$201(ScheduledThreadPoolExecutor.java:180)
	at java.util.concurrent.ScheduledThreadPoolExecutor$ScheduledFutureTask.run(ScheduledThreadPoolExecutor.java:293)
	at java.util.concurrent.ThreadPoolExecutor.runWorker(ThreadPoolExecutor.java:1149)
	at java.util.concurrent.ThreadPoolExecutor$Worker.run(ThreadPoolExecutor.java:624)
	at java.lang.Thread.run(Thread.java:748)
2019-06-13 16:25:40,221 ERROR utils.ContainerCache (ContainerCache.java:getDB(137)) - Error opening DB. Container:4 ContainerPath:/opt/src/hadoop-ozone/integration-test/target/test-dir/MiniOzoneClusterImpl-3f379463-9810-48df-887f-c222ef37097c/datanode-0/data/containers/hdds/500ceb14-8321-4c8a-b6b3-e488e41f7aab/current/containerDir0/4/metadata/4-dn-container.db
java.io.IOException: Failed init RocksDB, db path : /opt/src/hadoop-ozone/integration-test/target/test-dir/MiniOzoneClusterImpl-3f379463-9810-48df-887f-c222ef37097c/datanode-0/data/containers/hdds/500ceb14-8321-4c8a-b6b3-e488e41f7aab/current/containerDir0/4/metadata/4-dn-container.db
	at org.apache.hadoop.utils.RocksDBStore.<init>(RocksDBStore.java:87)
	at org.apache.hadoop.utils.MetadataStoreBuilder.build(MetadataStoreBuilder.java:137)
	at org.apache.hadoop.ozone.container.common.utils.ContainerCache.getDB(ContainerCache.java:129)
	at org.apache.hadoop.ozone.container.keyvalue.helpers.BlockUtils.getDB(BlockUtils.java:77)
	at org.apache.hadoop.ozone.container.keyvalue.statemachine.background.BlockDeletingService$BlockDeletingTask.call(BlockDeletingService.java:188)
	at org.apache.hadoop.ozone.container.keyvalue.statemachine.background.BlockDeletingService$BlockDeletingTask.call(BlockDeletingService.java:172)
	at java.util.concurrent.FutureTask.run(FutureTask.java:266)
	at java.util.concurrent.Executors$RunnableAdapter.call(Executors.java:511)
	at java.util.concurrent.FutureTask.run(FutureTask.java:266)
	at java.util.concurrent.Executors$RunnableAdapter.call(Executors.java:511)
	at java.util.concurrent.FutureTask.run(FutureTask.java:266)
	at java.util.concurrent.ScheduledThreadPoolExecutor$ScheduledFutureTask.access$201(ScheduledThreadPoolExecutor.java:180)
	at java.util.concurrent.ScheduledThreadPoolExecutor$ScheduledFutureTask.run(ScheduledThreadPoolExecutor.java:293)
	at java.util.concurrent.ThreadPoolExecutor.runWorker(ThreadPoolExecutor.java:1149)
	at java.util.concurrent.ThreadPoolExecutor$Worker.run(ThreadPoolExecutor.java:624)
	at java.lang.Thread.run(Thread.java:748)
Caused by: org.rocksdb.RocksDBException: While mkdir if missing: /opt/src/hadoop-ozone/integration-test/target/test-dir/MiniOzoneClusterImpl-3f379463-9810-48df-887f-c222ef37097c/datanode-0/data/containers/hdds/500ceb14-8321-4c8a-b6b3-e488e41f7aab/current/containerDir0/4/metadata/4-dn-container.db: No such file or directory
	at org.rocksdb.RocksDB.open(Native Method)
	at org.rocksdb.RocksDB.open(RocksDB.java:231)
	at org.apache.hadoop.utils.RocksDBStore.<init>(RocksDBStore.java:71)
	... 15 more
2019-06-13 16:25:40,221 WARN  utils.BackgroundService (BackgroundService.java:lambda$run$0(135)) - Background task fails to execute, retrying in next interval
java.util.concurrent.ExecutionException: org.apache.hadoop.hdds.scm.container.common.helpers.StorageContainerException: Error opening DB. Container:1 ContainerPath:/opt/src/hadoop-ozone/integration-test/target/test-dir/MiniOzoneClusterImpl-3f379463-9810-48df-887f-c222ef37097c/datanode-0/data/containers/hdds/500ceb14-8321-4c8a-b6b3-e488e41f7aab/current/containerDir0/1/metadata/1-dn-container.db
	at java.util.concurrent.FutureTask.report(FutureTask.java:122)
	at java.util.concurrent.FutureTask.get(FutureTask.java:206)
	at org.apache.hadoop.utils.BackgroundService$PeriodicalTask.lambda$run$0(BackgroundService.java:129)
	at java.util.stream.ForEachOps$ForEachOp$OfRef.accept(ForEachOps.java:184)
	at java.util.ArrayList$ArrayListSpliterator.forEachRemaining(ArrayList.java:1382)
	at java.util.stream.AbstractPipeline.copyInto(AbstractPipeline.java:482)
	at java.util.stream.ForEachOps$ForEachTask.compute(ForEachOps.java:291)
	at java.util.concurrent.CountedCompleter.exec(CountedCompleter.java:731)
	at java.util.concurrent.ForkJoinTask.doExec(ForkJoinTask.java:289)
	at java.util.concurrent.ForkJoinPool$WorkQueue.execLocalTasks(ForkJoinPool.java:1040)
	at java.util.concurrent.ForkJoinPool$WorkQueue.runTask(ForkJoinPool.java:1058)
	at java.util.concurrent.ForkJoinPool.runWorker(ForkJoinPool.java:1692)
	at java.util.concurrent.ForkJoinWorkerThread.run(ForkJoinWorkerThread.java:157)
Caused by: org.apache.hadoop.hdds.scm.container.common.helpers.StorageContainerException: Error opening DB. Container:1 ContainerPath:/opt/src/hadoop-ozone/integration-test/target/test-dir/MiniOzoneClusterImpl-3f379463-9810-48df-887f-c222ef37097c/datanode-0/data/containers/hdds/500ceb14-8321-4c8a-b6b3-e488e41f7aab/current/containerDir0/1/metadata/1-dn-container.db
	at org.apache.hadoop.ozone.container.keyvalue.helpers.BlockUtils.getDB(BlockUtils.java:84)
	at org.apache.hadoop.ozone.container.keyvalue.statemachine.background.BlockDeletingService$BlockDeletingTask.call(BlockDeletingService.java:188)
	at org.apache.hadoop.ozone.container.keyvalue.statemachine.background.BlockDeletingService$BlockDeletingTask.call(BlockDeletingService.java:172)
	at java.util.concurrent.FutureTask.run(FutureTask.java:266)
	at java.util.concurrent.Executors$RunnableAdapter.call(Executors.java:511)
	at java.util.concurrent.FutureTask.run(FutureTask.java:266)
	at java.util.concurrent.Executors$RunnableAdapter.call(Executors.java:511)
	at java.util.concurrent.FutureTask.run(FutureTask.java:266)
	at java.util.concurrent.ScheduledThreadPoolExecutor$ScheduledFutureTask.access$201(ScheduledThreadPoolExecutor.java:180)
	at java.util.concurrent.ScheduledThreadPoolExecutor$ScheduledFutureTask.run(ScheduledThreadPoolExecutor.java:293)
	at java.util.concurrent.ThreadPoolExecutor.runWorker(ThreadPoolExecutor.java:1149)
	at java.util.concurrent.ThreadPoolExecutor$Worker.run(ThreadPoolExecutor.java:624)
	at java.lang.Thread.run(Thread.java:748)
2019-06-13 16:25:40,221 WARN  utils.BackgroundService (BackgroundService.java:lambda$run$0(135)) - Background task fails to execute, retrying in next interval
java.util.concurrent.ExecutionException: org.apache.hadoop.hdds.scm.container.common.helpers.StorageContainerException: Error opening DB. Container:4 ContainerPath:/opt/src/hadoop-ozone/integration-test/target/test-dir/MiniOzoneClusterImpl-3f379463-9810-48df-887f-c222ef37097c/datanode-0/data/containers/hdds/500ceb14-8321-4c8a-b6b3-e488e41f7aab/current/containerDir0/4/metadata/4-dn-container.db
	at java.util.concurrent.FutureTask.report(FutureTask.java:122)
	at java.util.concurrent.FutureTask.get(FutureTask.java:206)
	at org.apache.hadoop.utils.BackgroundService$PeriodicalTask.lambda$run$0(BackgroundService.java:129)
	at java.util.stream.ForEachOps$ForEachOp$OfRef.accept(ForEachOps.java:184)
	at java.util.ArrayList$ArrayListSpliterator.forEachRemaining(ArrayList.java:1382)
	at java.util.stream.AbstractPipeline.copyInto(AbstractPipeline.java:482)
	at java.util.stream.ForEachOps$ForEachTask.compute(ForEachOps.java:291)
	at java.util.concurrent.CountedCompleter.exec(CountedCompleter.java:731)
	at java.util.concurrent.ForkJoinTask.doExec(ForkJoinTask.java:289)
	at java.util.concurrent.ForkJoinTask.doInvoke(ForkJoinTask.java:401)
	at java.util.concurrent.ForkJoinTask.invoke(ForkJoinTask.java:734)
	at java.util.stream.ForEachOps$ForEachOp.evaluateParallel(ForEachOps.java:160)
	at java.util.stream.ForEachOps$ForEachOp$OfRef.evaluateParallel(ForEachOps.java:174)
	at java.util.stream.AbstractPipeline.evaluate(AbstractPipeline.java:233)
	at java.util.stream.ReferencePipeline.forEach(ReferencePipeline.java:418)
	at java.util.stream.ReferencePipeline$Head.forEach(ReferencePipeline.java:583)
	at org.apache.hadoop.utils.BackgroundService$PeriodicalTask.run(BackgroundService.java:125)
	at java.util.concurrent.Executors$RunnableAdapter.call(Executors.java:511)
	at java.util.concurrent.FutureTask.runAndReset(FutureTask.java:308)
	at java.util.concurrent.ScheduledThreadPoolExecutor$ScheduledFutureTask.access$301(ScheduledThreadPoolExecutor.java:180)
	at java.util.concurrent.ScheduledThreadPoolExecutor$ScheduledFutureTask.run(ScheduledThreadPoolExecutor.java:294)
	at java.util.concurrent.ThreadPoolExecutor.runWorker(ThreadPoolExecutor.java:1149)
	at java.util.concurrent.ThreadPoolExecutor$Worker.run(ThreadPoolExecutor.java:624)
	at java.lang.Thread.run(Thread.java:748)
Caused by: org.apache.hadoop.hdds.scm.container.common.helpers.StorageContainerException: Error opening DB. Container:4 ContainerPath:/opt/src/hadoop-ozone/integration-test/target/test-dir/MiniOzoneClusterImpl-3f379463-9810-48df-887f-c222ef37097c/datanode-0/data/containers/hdds/500ceb14-8321-4c8a-b6b3-e488e41f7aab/current/containerDir0/4/metadata/4-dn-container.db
	at org.apache.hadoop.ozone.container.keyvalue.helpers.BlockUtils.getDB(BlockUtils.java:84)
	at org.apache.hadoop.ozone.container.keyvalue.statemachine.background.BlockDeletingService$BlockDeletingTask.call(BlockDeletingService.java:188)
	at org.apache.hadoop.ozone.container.keyvalue.statemachine.background.BlockDeletingService$BlockDeletingTask.call(BlockDeletingService.java:172)
	at java.util.concurrent.FutureTask.run(FutureTask.java:266)
	at java.util.concurrent.Executors$RunnableAdapter.call(Executors.java:511)
	at java.util.concurrent.FutureTask.run(FutureTask.java:266)
	at java.util.concurrent.Executors$RunnableAdapter.call(Executors.java:511)
	at java.util.concurrent.FutureTask.run(FutureTask.java:266)
	at java.util.concurrent.ScheduledThreadPoolExecutor$ScheduledFutureTask.access$201(ScheduledThreadPoolExecutor.java:180)
	at java.util.concurrent.ScheduledThreadPoolExecutor$ScheduledFutureTask.run(ScheduledThreadPoolExecutor.java:293)
	... 3 more
2019-06-13 16:25:40,221 ERROR utils.ContainerCache (ContainerCache.java:getDB(137)) - Error opening DB. Container:3 ContainerPath:/opt/src/hadoop-ozone/integration-test/target/test-dir/MiniOzoneClusterImpl-3f379463-9810-48df-887f-c222ef37097c/datanode-0/data/containers/hdds/500ceb14-8321-4c8a-b6b3-e488e41f7aab/current/containerDir0/3/metadata/3-dn-container.db
java.io.IOException: Failed init RocksDB, db path : /opt/src/hadoop-ozone/integration-test/target/test-dir/MiniOzoneClusterImpl-3f379463-9810-48df-887f-c222ef37097c/datanode-0/data/containers/hdds/500ceb14-8321-4c8a-b6b3-e488e41f7aab/current/containerDir0/3/metadata/3-dn-container.db
	at org.apache.hadoop.utils.RocksDBStore.<init>(RocksDBStore.java:87)
	at org.apache.hadoop.utils.MetadataStoreBuilder.build(MetadataStoreBuilder.java:137)
	at org.apache.hadoop.ozone.container.common.utils.ContainerCache.getDB(ContainerCache.java:129)
	at org.apache.hadoop.ozone.container.keyvalue.helpers.BlockUtils.getDB(BlockUtils.java:77)
	at org.apache.hadoop.ozone.container.keyvalue.statemachine.background.BlockDeletingService$BlockDeletingTask.call(BlockDeletingService.java:188)
	at org.apache.hadoop.ozone.container.keyvalue.statemachine.background.BlockDeletingService$BlockDeletingTask.call(BlockDeletingService.java:172)
	at java.util.concurrent.FutureTask.run(FutureTask.java:266)
	at java.util.concurrent.Executors$RunnableAdapter.call(Executors.java:511)
	at java.util.concurrent.FutureTask.run(FutureTask.java:266)
	at java.util.concurrent.Executors$RunnableAdapter.call(Executors.java:511)
	at java.util.concurrent.FutureTask.run(FutureTask.java:266)
	at java.util.concurrent.ScheduledThreadPoolExecutor$ScheduledFutureTask.access$201(ScheduledThreadPoolExecutor.java:180)
	at java.util.concurrent.ScheduledThreadPoolExecutor$ScheduledFutureTask.run(ScheduledThreadPoolExecutor.java:293)
	at java.util.concurrent.ThreadPoolExecutor.runWorker(ThreadPoolExecutor.java:1149)
	at java.util.concurrent.ThreadPoolExecutor$Worker.run(ThreadPoolExecutor.java:624)
	at java.lang.Thread.run(Thread.java:748)
Caused by: org.rocksdb.RocksDBException: While mkdir if missing: /opt/src/hadoop-ozone/integration-test/target/test-dir/MiniOzoneClusterImpl-3f379463-9810-48df-887f-c222ef37097c/datanode-0/data/containers/hdds/500ceb14-8321-4c8a-b6b3-e488e41f7aab/current/containerDir0/3/metadata/3-dn-container.db: No such file or directory
	at org.rocksdb.RocksDB.open(Native Method)
	at org.rocksdb.RocksDB.open(RocksDB.java:231)
	at org.apache.hadoop.utils.RocksDBStore.<init>(RocksDBStore.java:71)
	... 15 more
2019-06-13 16:25:40,222 WARN  utils.BackgroundService (BackgroundService.java:lambda$run$0(135)) - Background task fails to execute, retrying in next interval
java.util.concurrent.ExecutionException: org.apache.hadoop.hdds.scm.container.common.helpers.StorageContainerException: Error opening DB. Container:3 ContainerPath:/opt/src/hadoop-ozone/integration-test/target/test-dir/MiniOzoneClusterImpl-3f379463-9810-48df-887f-c222ef37097c/datanode-0/data/containers/hdds/500ceb14-8321-4c8a-b6b3-e488e41f7aab/current/containerDir0/3/metadata/3-dn-container.db
	at java.util.concurrent.FutureTask.report(FutureTask.java:122)
	at java.util.concurrent.FutureTask.get(FutureTask.java:206)
	at org.apache.hadoop.utils.BackgroundService$PeriodicalTask.lambda$run$0(BackgroundService.java:129)
	at java.util.stream.ForEachOps$ForEachOp$OfRef.accept(ForEachOps.java:184)
	at java.util.ArrayList$ArrayListSpliterator.forEachRemaining(ArrayList.java:1382)
	at java.util.stream.AbstractPipeline.copyInto(AbstractPipeline.java:482)
	at java.util.stream.ForEachOps$ForEachTask.compute(ForEachOps.java:291)
	at java.util.concurrent.CountedCompleter.exec(CountedCompleter.java:731)
	at java.util.concurrent.ForkJoinTask.doExec(ForkJoinTask.java:289)
	at java.util.concurrent.ForkJoinPool$WorkQueue.pollAndExecCC(ForkJoinPool.java:1190)
	at java.util.concurrent.ForkJoinPool.helpComplete(ForkJoinPool.java:1879)
	at java.util.concurrent.ForkJoinPool.externalHelpComplete(ForkJoinPool.java:2467)
	at java.util.concurrent.ForkJoinTask.externalAwaitDone(ForkJoinTask.java:324)
	at java.util.concurrent.ForkJoinTask.doInvoke(ForkJoinTask.java:405)
	at java.util.concurrent.ForkJoinTask.invoke(ForkJoinTask.java:734)
	at java.util.stream.ForEachOps$ForEachOp.evaluateParallel(ForEachOps.java:160)
	at java.util.stream.ForEachOps$ForEachOp$OfRef.evaluateParallel(ForEachOps.java:174)
	at java.util.stream.AbstractPipeline.evaluate(AbstractPipeline.java:233)
	at java.util.stream.ReferencePipeline.forEach(ReferencePipeline.java:418)
	at java.util.stream.ReferencePipeline$Head.forEach(ReferencePipeline.java:583)
	at org.apache.hadoop.utils.BackgroundService$PeriodicalTask.run(BackgroundService.java:125)
	at java.util.concurrent.Executors$RunnableAdapter.call(Executors.java:511)
	at java.util.concurrent.FutureTask.runAndReset(FutureTask.java:308)
	at java.util.concurrent.ScheduledThreadPoolExecutor$ScheduledFutureTask.access$301(ScheduledThreadPoolExecutor.java:180)
	at java.util.concurrent.ScheduledThreadPoolExecutor$ScheduledFutureTask.run(ScheduledThreadPoolExecutor.java:294)
	at java.util.concurrent.ThreadPoolExecutor.runWorker(ThreadPoolExecutor.java:1149)
	at java.util.concurrent.ThreadPoolExecutor$Worker.run(ThreadPoolExecutor.java:624)
	at java.lang.Thread.run(Thread.java:748)
Caused by: org.apache.hadoop.hdds.scm.container.common.helpers.StorageContainerException: Error opening DB. Container:3 ContainerPath:/opt/src/hadoop-ozone/integration-test/target/test-dir/MiniOzoneClusterImpl-3f379463-9810-48df-887f-c222ef37097c/datanode-0/data/containers/hdds/500ceb14-8321-4c8a-b6b3-e488e41f7aab/current/containerDir0/3/metadata/3-dn-container.db
	at org.apache.hadoop.ozone.container.keyvalue.helpers.BlockUtils.getDB(BlockUtils.java:84)
	at org.apache.hadoop.ozone.container.keyvalue.statemachine.background.BlockDeletingService$BlockDeletingTask.call(BlockDeletingService.java:188)
	at org.apache.hadoop.ozone.container.keyvalue.statemachine.background.BlockDeletingService$BlockDeletingTask.call(BlockDeletingService.java:172)
	at java.util.concurrent.FutureTask.run(FutureTask.java:266)
	at java.util.concurrent.Executors$RunnableAdapter.call(Executors.java:511)
	at java.util.concurrent.FutureTask.run(FutureTask.java:266)
	at java.util.concurrent.Executors$RunnableAdapter.call(Executors.java:511)
	at java.util.concurrent.FutureTask.run(FutureTask.java:266)
	at java.util.concurrent.ScheduledThreadPoolExecutor$ScheduledFutureTask.access$201(ScheduledThreadPoolExecutor.java:180)
	at java.util.concurrent.ScheduledThreadPoolExecutor$ScheduledFutureTask.run(ScheduledThreadPoolExecutor.java:293)
	... 3 more
2019-06-13 16:25:40,222 ERROR utils.ContainerCache (ContainerCache.java:getDB(137)) - Error opening DB. Container:2 ContainerPath:/opt/src/hadoop-ozone/integration-test/target/test-dir/MiniOzoneClusterImpl-3f379463-9810-48df-887f-c222ef37097c/datanode-0/data/containers/hdds/500ceb14-8321-4c8a-b6b3-e488e41f7aab/current/containerDir0/2/metadata/2-dn-container.db
java.io.IOException: Failed init RocksDB, db path : /opt/src/hadoop-ozone/integration-test/target/test-dir/MiniOzoneClusterImpl-3f379463-9810-48df-887f-c222ef37097c/datanode-0/data/containers/hdds/500ceb14-8321-4c8a-b6b3-e488e41f7aab/current/containerDir0/2/metadata/2-dn-container.db
	at org.apache.hadoop.utils.RocksDBStore.<init>(RocksDBStore.java:87)
	at org.apache.hadoop.utils.MetadataStoreBuilder.build(MetadataStoreBuilder.java:137)
	at org.apache.hadoop.ozone.container.common.utils.ContainerCache.getDB(ContainerCache.java:129)
	at org.apache.hadoop.ozone.container.keyvalue.helpers.BlockUtils.getDB(BlockUtils.java:77)
	at org.apache.hadoop.ozone.container.keyvalue.statemachine.background.BlockDeletingService$BlockDeletingTask.call(BlockDeletingService.java:188)
	at org.apache.hadoop.ozone.container.keyvalue.statemachine.background.BlockDeletingService$BlockDeletingTask.call(BlockDeletingService.java:172)
	at java.util.concurrent.FutureTask.run(FutureTask.java:266)
	at java.util.concurrent.Executors$RunnableAdapter.call(Executors.java:511)
	at java.util.concurrent.FutureTask.run(FutureTask.java:266)
	at java.util.concurrent.Executors$RunnableAdapter.call(Executors.java:511)
	at java.util.concurrent.FutureTask.run(FutureTask.java:266)
	at java.util.concurrent.ScheduledThreadPoolExecutor$ScheduledFutureTask.access$201(ScheduledThreadPoolExecutor.java:180)
	at java.util.concurrent.ScheduledThreadPoolExecutor$ScheduledFutureTask.run(ScheduledThreadPoolExecutor.java:293)
	at java.util.concurrent.ThreadPoolExecutor.runWorker(ThreadPoolExecutor.java:1149)
	at java.util.concurrent.ThreadPoolExecutor$Worker.run(ThreadPoolExecutor.java:624)
	at java.lang.Thread.run(Thread.java:748)
Caused by: org.rocksdb.RocksDBException: While mkdir if missing: /opt/src/hadoop-ozone/integration-test/target/test-dir/MiniOzoneClusterImpl-3f379463-9810-48df-887f-c222ef37097c/datanode-0/data/containers/hdds/500ceb14-8321-4c8a-b6b3-e488e41f7aab/current/containerDir0/2/metadata/2-dn-container.db: No such file or directory
	at org.rocksdb.RocksDB.open(Native Method)
	at org.rocksdb.RocksDB.open(RocksDB.java:231)
	at org.apache.hadoop.utils.RocksDBStore.<init>(RocksDBStore.java:71)
	... 15 more
2019-06-13 16:25:40,222 WARN  utils.BackgroundService (BackgroundService.java:lambda$run$0(135)) - Background task fails to execute, retrying in next interval
java.util.concurrent.ExecutionException: org.apache.hadoop.hdds.scm.container.common.helpers.StorageContainerException: Error opening DB. Container:2 ContainerPath:/opt/src/hadoop-ozone/integration-test/target/test-dir/MiniOzoneClusterImpl-3f379463-9810-48df-887f-c222ef37097c/datanode-0/data/containers/hdds/500ceb14-8321-4c8a-b6b3-e488e41f7aab/current/containerDir0/2/metadata/2-dn-container.db
	at java.util.concurrent.FutureTask.report(FutureTask.java:122)
	at java.util.concurrent.FutureTask.get(FutureTask.java:206)
	at org.apache.hadoop.utils.BackgroundService$PeriodicalTask.lambda$run$0(BackgroundService.java:129)
	at java.util.stream.ForEachOps$ForEachOp$OfRef.accept(ForEachOps.java:184)
	at java.util.ArrayList$ArrayListSpliterator.forEachRemaining(ArrayList.java:1382)
	at java.util.stream.AbstractPipeline.copyInto(AbstractPipeline.java:482)
	at java.util.stream.ForEachOps$ForEachTask.compute(ForEachOps.java:291)
	at java.util.concurrent.CountedCompleter.exec(CountedCompleter.java:731)
	at java.util.concurrent.ForkJoinTask.doExec(ForkJoinTask.java:289)
	at java.util.concurrent.ForkJoinPool$WorkQueue.runTask(ForkJoinPool.java:1056)
	at java.util.concurrent.ForkJoinPool.runWorker(ForkJoinPool.java:1692)
	at java.util.concurrent.ForkJoinWorkerThread.run(ForkJoinWorkerThread.java:157)
Caused by: org.apache.hadoop.hdds.scm.container.common.helpers.StorageContainerException: Error opening DB. Container:2 ContainerPath:/opt/src/hadoop-ozone/integration-test/target/test-dir/MiniOzoneClusterImpl-3f379463-9810-48df-887f-c222ef37097c/datanode-0/data/containers/hdds/500ceb14-8321-4c8a-b6b3-e488e41f7aab/current/containerDir0/2/metadata/2-dn-container.db
	at org.apache.hadoop.ozone.container.keyvalue.helpers.BlockUtils.getDB(BlockUtils.java:84)
	at org.apache.hadoop.ozone.container.keyvalue.statemachine.background.BlockDeletingService$BlockDeletingTask.call(BlockDeletingService.java:188)
	at org.apache.hadoop.ozone.container.keyvalue.statemachine.background.BlockDeletingService$BlockDeletingTask.call(BlockDeletingService.java:172)
	at java.util.concurrent.FutureTask.run(FutureTask.java:266)
	at java.util.concurrent.Executors$RunnableAdapter.call(Executors.java:511)
	at java.util.concurrent.FutureTask.run(FutureTask.java:266)
	at java.util.concurrent.Executors$RunnableAdapter.call(Executors.java:511)
	at java.util.concurrent.FutureTask.run(FutureTask.java:266)
	at java.util.concurrent.ScheduledThreadPoolExecutor$ScheduledFutureTask.access$201(ScheduledThreadPoolExecutor.java:180)
	at java.util.concurrent.ScheduledThreadPoolExecutor$ScheduledFutureTask.run(ScheduledThreadPoolExecutor.java:293)
	at java.util.concurrent.ThreadPoolExecutor.runWorker(ThreadPoolExecutor.java:1149)
	at java.util.concurrent.ThreadPoolExecutor$Worker.run(ThreadPoolExecutor.java:624)
	at java.lang.Thread.run(Thread.java:748)
2019-06-13 16:25:41,050 INFO  ozone.MiniOzoneClusterImpl (MiniOzoneClusterImpl.java:lambda$waitForClusterToBeReady$0(142)) - Waiting for cluster to be ready. Got 0 of 1 DN Heartbeats.
2019-06-13 16:25:41,059 INFO  ozoneimpl.OzoneContainer (OzoneContainer.java:start(186)) - Attempting to start container services.
2019-06-13 16:25:41,061 INFO  ozoneimpl.OzoneContainer (OzoneContainer.java:startContainerScrub(160)) - Background container scrubber has been disabled by hdds.containerscrub.enabled
2019-06-13 16:25:41,061 INFO  ratis.XceiverServerRatis (XceiverServerRatis.java:start(418)) - Starting XceiverServerRatis b12dc4ac-fe03-4586-b2c9-644bb0284f29 at port 41875
2019-06-13 16:25:41,064 INFO  impl.RaftServerProxy (RaftServerProxy.java:lambda$start$3(299)) - b12dc4ac-fe03-4586-b2c9-644bb0284f29: start RPC server
2019-06-13 16:25:41,065 INFO  server.GrpcService (GrpcService.java:startImpl(148)) - b12dc4ac-fe03-4586-b2c9-644bb0284f29: GrpcService started, listening on 0.0.0.0/0.0.0.0:41875
2019-06-13 16:25:41,223 INFO  background.BlockDeletingService (BlockDeletingService.java:getTasks(123)) - Plan to choose 10 containers for block deletion, actually returns 5 valid containers.
2019-06-13 16:25:41,223 ERROR utils.ContainerCache (ContainerCache.java:getDB(137)) - Error opening DB. Container:1 ContainerPath:/opt/src/hadoop-ozone/integration-test/target/test-dir/MiniOzoneClusterImpl-3f379463-9810-48df-887f-c222ef37097c/datanode-0/data/containers/hdds/500ceb14-8321-4c8a-b6b3-e488e41f7aab/current/containerDir0/1/metadata/1-dn-container.db
java.io.IOException: Failed init RocksDB, db path : /opt/src/hadoop-ozone/integration-test/target/test-dir/MiniOzoneClusterImpl-3f379463-9810-48df-887f-c222ef37097c/datanode-0/data/containers/hdds/500ceb14-8321-4c8a-b6b3-e488e41f7aab/current/containerDir0/1/metadata/1-dn-container.db
	at org.apache.hadoop.utils.RocksDBStore.<init>(RocksDBStore.java:87)
	at org.apache.hadoop.utils.MetadataStoreBuilder.build(MetadataStoreBuilder.java:137)
	at org.apache.hadoop.ozone.container.common.utils.ContainerCache.getDB(ContainerCache.java:129)
	at org.apache.hadoop.ozone.container.keyvalue.helpers.BlockUtils.getDB(BlockUtils.java:77)
	at org.apache.hadoop.ozone.container.keyvalue.statemachine.background.BlockDeletingService$BlockDeletingTask.call(BlockDeletingService.java:188)
	at org.apache.hadoop.ozone.container.keyvalue.statemachine.background.BlockDeletingService$BlockDeletingTask.call(BlockDeletingService.java:172)
	at java.util.concurrent.FutureTask.run(FutureTask.java:266)
	at java.util.concurrent.Executors$RunnableAdapter.call(Executors.java:511)
	at java.util.concurrent.FutureTask.run(FutureTask.java:266)
	at java.util.concurrent.Executors$RunnableAdapter.call(Executors.java:511)
	at java.util.concurrent.FutureTask.run(FutureTask.java:266)
	at java.util.concurrent.ScheduledThreadPoolExecutor$ScheduledFutureTask.access$201(ScheduledThreadPoolExecutor.java:180)
	at java.util.concurrent.ScheduledThreadPoolExecutor$ScheduledFutureTask.run(ScheduledThreadPoolExecutor.java:293)
	at java.util.concurrent.ThreadPoolExecutor.runWorker(ThreadPoolExecutor.java:1149)
	at java.util.concurrent.ThreadPoolExecutor$Worker.run(ThreadPoolExecutor.java:624)
	at java.lang.Thread.run(Thread.java:748)
Caused by: org.rocksdb.RocksDBException: While mkdir if missing: /opt/src/hadoop-ozone/integration-test/target/test-dir/MiniOzoneClusterImpl-3f379463-9810-48df-887f-c222ef37097c/datanode-0/data/containers/hdds/500ceb14-8321-4c8a-b6b3-e488e41f7aab/current/containerDir0/1/metadata/1-dn-container.db: No such file or directory
	at org.rocksdb.RocksDB.open(Native Method)
	at org.rocksdb.RocksDB.open(RocksDB.java:231)
	at org.apache.hadoop.utils.RocksDBStore.<init>(RocksDBStore.java:71)
	... 15 more
2019-06-13 16:25:41,224 ERROR utils.ContainerCache (ContainerCache.java:getDB(137)) - Error opening DB. Container:5 ContainerPath:/opt/src/hadoop-ozone/integration-test/target/test-dir/MiniOzoneClusterImpl-3f379463-9810-48df-887f-c222ef37097c/datanode-0/data/containers/hdds/500ceb14-8321-4c8a-b6b3-e488e41f7aab/current/containerDir0/5/metadata/5-dn-container.db
java.io.IOException: Failed init RocksDB, db path : /opt/src/hadoop-ozone/integration-test/target/test-dir/MiniOzoneClusterImpl-3f379463-9810-48df-887f-c222ef37097c/datanode-0/data/containers/hdds/500ceb14-8321-4c8a-b6b3-e488e41f7aab/current/containerDir0/5/metadata/5-dn-container.db
	at org.apache.hadoop.utils.RocksDBStore.<init>(RocksDBStore.java:87)
	at org.apache.hadoop.utils.MetadataStoreBuilder.build(MetadataStoreBuilder.java:137)
	at org.apache.hadoop.ozone.container.common.utils.ContainerCache.getDB(ContainerCache.java:129)
	at org.apache.hadoop.ozone.container.keyvalue.helpers.BlockUtils.getDB(BlockUtils.java:77)
	at org.apache.hadoop.ozone.container.keyvalue.statemachine.background.BlockDeletingService$BlockDeletingTask.call(BlockDeletingService.java:188)
	at org.apache.hadoop.ozone.container.keyvalue.statemachine.background.BlockDeletingService$BlockDeletingTask.call(BlockDeletingService.java:172)
	at java.util.concurrent.FutureTask.run(FutureTask.java:266)
	at java.util.concurrent.Executors$RunnableAdapter.call(Executors.java:511)
	at java.util.concurrent.FutureTask.run(FutureTask.java:266)
	at java.util.concurrent.Executors$RunnableAdapter.call(Executors.java:511)
	at java.util.concurrent.FutureTask.run(FutureTask.java:266)
	at java.util.concurrent.ScheduledThreadPoolExecutor$ScheduledFutureTask.access$201(ScheduledThreadPoolExecutor.java:180)
	at java.util.concurrent.ScheduledThreadPoolExecutor$ScheduledFutureTask.run(ScheduledThreadPoolExecutor.java:293)
	at java.util.concurrent.ThreadPoolExecutor.runWorker(ThreadPoolExecutor.java:1149)
	at java.util.concurrent.ThreadPoolExecutor$Worker.run(ThreadPoolExecutor.java:624)
	at java.lang.Thread.run(Thread.java:748)
Caused by: org.rocksdb.RocksDBException: While mkdir if missing: /opt/src/hadoop-ozone/integration-test/target/test-dir/MiniOzoneClusterImpl-3f379463-9810-48df-887f-c222ef37097c/datanode-0/data/containers/hdds/500ceb14-8321-4c8a-b6b3-e488e41f7aab/current/containerDir0/5/metadata/5-dn-container.db: No such file or directory
	at org.rocksdb.RocksDB.open(Native Method)
	at org.rocksdb.RocksDB.open(RocksDB.java:231)
	at org.apache.hadoop.utils.RocksDBStore.<init>(RocksDBStore.java:71)
	... 15 more
2019-06-13 16:25:41,224 WARN  utils.BackgroundService (BackgroundService.java:lambda$run$0(135)) - Background task fails to execute, retrying in next interval
java.util.concurrent.ExecutionException: org.apache.hadoop.hdds.scm.container.common.helpers.StorageContainerException: Error opening DB. Container:5 ContainerPath:/opt/src/hadoop-ozone/integration-test/target/test-dir/MiniOzoneClusterImpl-3f379463-9810-48df-887f-c222ef37097c/datanode-0/data/containers/hdds/500ceb14-8321-4c8a-b6b3-e488e41f7aab/current/containerDir0/5/metadata/5-dn-container.db
	at java.util.concurrent.FutureTask.report(FutureTask.java:122)
	at java.util.concurrent.FutureTask.get(FutureTask.java:206)
	at org.apache.hadoop.utils.BackgroundService$PeriodicalTask.lambda$run$0(BackgroundService.java:129)
	at java.util.stream.ForEachOps$ForEachOp$OfRef.accept(ForEachOps.java:184)
	at java.util.ArrayList$ArrayListSpliterator.forEachRemaining(ArrayList.java:1382)
	at java.util.stream.AbstractPipeline.copyInto(AbstractPipeline.java:482)
	at java.util.stream.ForEachOps$ForEachTask.compute(ForEachOps.java:291)
	at java.util.concurrent.CountedCompleter.exec(CountedCompleter.java:731)
	at java.util.concurrent.ForkJoinTask.doExec(ForkJoinTask.java:289)
	at java.util.concurrent.ForkJoinPool$WorkQueue.runTask(ForkJoinPool.java:1056)
	at java.util.concurrent.ForkJoinPool.runWorker(ForkJoinPool.java:1692)
	at java.util.concurrent.ForkJoinWorkerThread.run(ForkJoinWorkerThread.java:157)
Caused by: org.apache.hadoop.hdds.scm.container.common.helpers.StorageContainerException: Error opening DB. Container:5 ContainerPath:/opt/src/hadoop-ozone/integration-test/target/test-dir/MiniOzoneClusterImpl-3f379463-9810-48df-887f-c222ef37097c/datanode-0/data/containers/hdds/500ceb14-8321-4c8a-b6b3-e488e41f7aab/current/containerDir0/5/metadata/5-dn-container.db
	at org.apache.hadoop.ozone.container.keyvalue.helpers.BlockUtils.getDB(BlockUtils.java:84)
	at org.apache.hadoop.ozone.container.keyvalue.statemachine.background.BlockDeletingService$BlockDeletingTask.call(BlockDeletingService.java:188)
	at org.apache.hadoop.ozone.container.keyvalue.statemachine.background.BlockDeletingService$BlockDeletingTask.call(BlockDeletingService.java:172)
	at java.util.concurrent.FutureTask.run(FutureTask.java:266)
	at java.util.concurrent.Executors$RunnableAdapter.call(Executors.java:511)
	at java.util.concurrent.FutureTask.run(FutureTask.java:266)
	at java.util.concurrent.Executors$RunnableAdapter.call(Executors.java:511)
	at java.util.concurrent.FutureTask.run(FutureTask.java:266)
	at java.util.concurrent.ScheduledThreadPoolExecutor$ScheduledFutureTask.access$201(ScheduledThreadPoolExecutor.java:180)
	at java.util.concurrent.ScheduledThreadPoolExecutor$ScheduledFutureTask.run(ScheduledThreadPoolExecutor.java:293)
	at java.util.concurrent.ThreadPoolExecutor.runWorker(ThreadPoolExecutor.java:1149)
	at java.util.concurrent.ThreadPoolExecutor$Worker.run(ThreadPoolExecutor.java:624)
	at java.lang.Thread.run(Thread.java:748)
2019-06-13 16:25:41,224 ERROR utils.ContainerCache (ContainerCache.java:getDB(137)) - Error opening DB. Container:4 ContainerPath:/opt/src/hadoop-ozone/integration-test/target/test-dir/MiniOzoneClusterImpl-3f379463-9810-48df-887f-c222ef37097c/datanode-0/data/containers/hdds/500ceb14-8321-4c8a-b6b3-e488e41f7aab/current/containerDir0/4/metadata/4-dn-container.db
java.io.IOException: Failed init RocksDB, db path : /opt/src/hadoop-ozone/integration-test/target/test-dir/MiniOzoneClusterImpl-3f379463-9810-48df-887f-c222ef37097c/datanode-0/data/containers/hdds/500ceb14-8321-4c8a-b6b3-e488e41f7aab/current/containerDir0/4/metadata/4-dn-container.db
	at org.apache.hadoop.utils.RocksDBStore.<init>(RocksDBStore.java:87)
	at org.apache.hadoop.utils.MetadataStoreBuilder.build(MetadataStoreBuilder.java:137)
	at org.apache.hadoop.ozone.container.common.utils.ContainerCache.getDB(ContainerCache.java:129)
	at org.apache.hadoop.ozone.container.keyvalue.helpers.BlockUtils.getDB(BlockUtils.java:77)
	at org.apache.hadoop.ozone.container.keyvalue.statemachine.background.BlockDeletingService$BlockDeletingTask.call(BlockDeletingService.java:188)
	at org.apache.hadoop.ozone.container.keyvalue.statemachine.background.BlockDeletingService$BlockDeletingTask.call(BlockDeletingService.java:172)
	at java.util.concurrent.FutureTask.run(FutureTask.java:266)
	at java.util.concurrent.Executors$RunnableAdapter.call(Executors.java:511)
	at java.util.concurrent.FutureTask.run(FutureTask.java:266)
	at java.util.concurrent.Executors$RunnableAdapter.call(Executors.java:511)
	at java.util.concurrent.FutureTask.run(FutureTask.java:266)
	at java.util.concurrent.ScheduledThreadPoolExecutor$ScheduledFutureTask.access$201(ScheduledThreadPoolExecutor.java:180)
	at java.util.concurrent.ScheduledThreadPoolExecutor$ScheduledFutureTask.run(ScheduledThreadPoolExecutor.java:293)
	at java.util.concurrent.ThreadPoolExecutor.runWorker(ThreadPoolExecutor.java:1149)
	at java.util.concurrent.ThreadPoolExecutor$Worker.run(ThreadPoolExecutor.java:624)
	at java.lang.Thread.run(Thread.java:748)
Caused by: org.rocksdb.RocksDBException: While mkdir if missing: /opt/src/hadoop-ozone/integration-test/target/test-dir/MiniOzoneClusterImpl-3f379463-9810-48df-887f-c222ef37097c/datanode-0/data/containers/hdds/500ceb14-8321-4c8a-b6b3-e488e41f7aab/current/containerDir0/4/metadata/4-dn-container.db: No such file or directory
	at org.rocksdb.RocksDB.open(Native Method)
	at org.rocksdb.RocksDB.open(RocksDB.java:231)
	at org.apache.hadoop.utils.RocksDBStore.<init>(RocksDBStore.java:71)
	... 15 more
2019-06-13 16:25:41,224 WARN  utils.BackgroundService (BackgroundService.java:lambda$run$0(135)) - Background task fails to execute, retrying in next interval
java.util.concurrent.ExecutionException: org.apache.hadoop.hdds.scm.container.common.helpers.StorageContainerException: Error opening DB. Container:1 ContainerPath:/opt/src/hadoop-ozone/integration-test/target/test-dir/MiniOzoneClusterImpl-3f379463-9810-48df-887f-c222ef37097c/datanode-0/data/containers/hdds/500ceb14-8321-4c8a-b6b3-e488e41f7aab/current/containerDir0/1/metadata/1-dn-container.db
	at java.util.concurrent.FutureTask.report(FutureTask.java:122)
	at java.util.concurrent.FutureTask.get(FutureTask.java:206)
	at org.apache.hadoop.utils.BackgroundService$PeriodicalTask.lambda$run$0(BackgroundService.java:129)
	at java.util.stream.ForEachOps$ForEachOp$OfRef.accept(ForEachOps.java:184)
	at java.util.ArrayList$ArrayListSpliterator.forEachRemaining(ArrayList.java:1382)
	at java.util.stream.AbstractPipeline.copyInto(AbstractPipeline.java:482)
	at java.util.stream.ForEachOps$ForEachTask.compute(ForEachOps.java:291)
	at java.util.concurrent.CountedCompleter.exec(CountedCompleter.java:731)
	at java.util.concurrent.ForkJoinTask.doExec(ForkJoinTask.java:289)
	at java.util.concurrent.ForkJoinPool$WorkQueue.execLocalTasks(ForkJoinPool.java:1040)
	at java.util.concurrent.ForkJoinPool$WorkQueue.runTask(ForkJoinPool.java:1058)
	at java.util.concurrent.ForkJoinPool.runWorker(ForkJoinPool.java:1692)
	at java.util.concurrent.ForkJoinWorkerThread.run(ForkJoinWorkerThread.java:157)
Caused by: org.apache.hadoop.hdds.scm.container.common.helpers.StorageContainerException: Error opening DB. Container:1 ContainerPath:/opt/src/hadoop-ozone/integration-test/target/test-dir/MiniOzoneClusterImpl-3f379463-9810-48df-887f-c222ef37097c/datanode-0/data/containers/hdds/500ceb14-8321-4c8a-b6b3-e488e41f7aab/current/containerDir0/1/metadata/1-dn-container.db
	at org.apache.hadoop.ozone.container.keyvalue.helpers.BlockUtils.getDB(BlockUtils.java:84)
	at org.apache.hadoop.ozone.container.keyvalue.statemachine.background.BlockDeletingService$BlockDeletingTask.call(BlockDeletingService.java:188)
	at org.apache.hadoop.ozone.container.keyvalue.statemachine.background.BlockDeletingService$BlockDeletingTask.call(BlockDeletingService.java:172)
	at java.util.concurrent.FutureTask.run(FutureTask.java:266)
	at java.util.concurrent.Executors$RunnableAdapter.call(Executors.java:511)
	at java.util.concurrent.FutureTask.run(FutureTask.java:266)
	at java.util.concurrent.Executors$RunnableAdapter.call(Executors.java:511)
	at java.util.concurrent.FutureTask.run(FutureTask.java:266)
	at java.util.concurrent.ScheduledThreadPoolExecutor$ScheduledFutureTask.access$201(ScheduledThreadPoolExecutor.java:180)
	at java.util.concurrent.ScheduledThreadPoolExecutor$ScheduledFutureTask.run(ScheduledThreadPoolExecutor.java:293)
	at java.util.concurrent.ThreadPoolExecutor.runWorker(ThreadPoolExecutor.java:1149)
	at java.util.concurrent.ThreadPoolExecutor$Worker.run(ThreadPoolExecutor.java:624)
	at java.lang.Thread.run(Thread.java:748)
2019-06-13 16:25:41,225 ERROR utils.ContainerCache (ContainerCache.java:getDB(137)) - Error opening DB. Container:3 ContainerPath:/opt/src/hadoop-ozone/integration-test/target/test-dir/MiniOzoneClusterImpl-3f379463-9810-48df-887f-c222ef37097c/datanode-0/data/containers/hdds/500ceb14-8321-4c8a-b6b3-e488e41f7aab/current/containerDir0/3/metadata/3-dn-container.db
java.io.IOException: Failed init RocksDB, db path : /opt/src/hadoop-ozone/integration-test/target/test-dir/MiniOzoneClusterImpl-3f379463-9810-48df-887f-c222ef37097c/datanode-0/data/containers/hdds/500ceb14-8321-4c8a-b6b3-e488e41f7aab/current/containerDir0/3/metadata/3-dn-container.db
	at org.apache.hadoop.utils.RocksDBStore.<init>(RocksDBStore.java:87)
	at org.apache.hadoop.utils.MetadataStoreBuilder.build(MetadataStoreBuilder.java:137)
	at org.apache.hadoop.ozone.container.common.utils.ContainerCache.getDB(ContainerCache.java:129)
	at org.apache.hadoop.ozone.container.keyvalue.helpers.BlockUtils.getDB(BlockUtils.java:77)
	at org.apache.hadoop.ozone.container.keyvalue.statemachine.background.BlockDeletingService$BlockDeletingTask.call(BlockDeletingService.java:188)
	at org.apache.hadoop.ozone.container.keyvalue.statemachine.background.BlockDeletingService$BlockDeletingTask.call(BlockDeletingService.java:172)
	at java.util.concurrent.FutureTask.run(FutureTask.java:266)
	at java.util.concurrent.Executors$RunnableAdapter.call(Executors.java:511)
	at java.util.concurrent.FutureTask.run(FutureTask.java:266)
	at java.util.concurrent.Executors$RunnableAdapter.call(Executors.java:511)
	at java.util.concurrent.FutureTask.run(FutureTask.java:266)
	at java.util.concurrent.ScheduledThreadPoolExecutor$ScheduledFutureTask.access$201(ScheduledThreadPoolExecutor.java:180)
	at java.util.concurrent.ScheduledThreadPoolExecutor$ScheduledFutureTask.run(ScheduledThreadPoolExecutor.java:293)
	at java.util.concurrent.ThreadPoolExecutor.runWorker(ThreadPoolExecutor.java:1149)
	at java.util.concurrent.ThreadPoolExecutor$Worker.run(ThreadPoolExecutor.java:624)
	at java.lang.Thread.run(Thread.java:748)
Caused by: org.rocksdb.RocksDBException: While mkdir if missing: /opt/src/hadoop-ozone/integration-test/target/test-dir/MiniOzoneClusterImpl-3f379463-9810-48df-887f-c222ef37097c/datanode-0/data/containers/hdds/500ceb14-8321-4c8a-b6b3-e488e41f7aab/current/containerDir0/3/metadata/3-dn-container.db: No such file or directory
	at org.rocksdb.RocksDB.open(Native Method)
	at org.rocksdb.RocksDB.open(RocksDB.java:231)
	at org.apache.hadoop.utils.RocksDBStore.<init>(RocksDBStore.java:71)
	... 15 more
2019-06-13 16:25:41,225 ERROR utils.ContainerCache (ContainerCache.java:getDB(137)) - Error opening DB. Container:2 ContainerPath:/opt/src/hadoop-ozone/integration-test/target/test-dir/MiniOzoneClusterImpl-3f379463-9810-48df-887f-c222ef37097c/datanode-0/data/containers/hdds/500ceb14-8321-4c8a-b6b3-e488e41f7aab/current/containerDir0/2/metadata/2-dn-container.db
java.io.IOException: Failed init RocksDB, db path : /opt/src/hadoop-ozone/integration-test/target/test-dir/MiniOzoneClusterImpl-3f379463-9810-48df-887f-c222ef37097c/datanode-0/data/containers/hdds/500ceb14-8321-4c8a-b6b3-e488e41f7aab/current/containerDir0/2/metadata/2-dn-container.db
	at org.apache.hadoop.utils.RocksDBStore.<init>(RocksDBStore.java:87)
	at org.apache.hadoop.utils.MetadataStoreBuilder.build(MetadataStoreBuilder.java:137)
	at org.apache.hadoop.ozone.container.common.utils.ContainerCache.getDB(ContainerCache.java:129)
	at org.apache.hadoop.ozone.container.keyvalue.helpers.BlockUtils.getDB(BlockUtils.java:77)
	at org.apache.hadoop.ozone.container.keyvalue.statemachine.background.BlockDeletingService$BlockDeletingTask.call(BlockDeletingService.java:188)
	at org.apache.hadoop.ozone.container.keyvalue.statemachine.background.BlockDeletingService$BlockDeletingTask.call(BlockDeletingService.java:172)
	at java.util.concurrent.FutureTask.run(FutureTask.java:266)
	at java.util.concurrent.Executors$RunnableAdapter.call(Executors.java:511)
	at java.util.concurrent.FutureTask.run(FutureTask.java:266)
	at java.util.concurrent.Executors$RunnableAdapter.call(Executors.java:511)
	at java.util.concurrent.FutureTask.run(FutureTask.java:266)
	at java.util.concurrent.ScheduledThreadPoolExecutor$ScheduledFutureTask.access$201(ScheduledThreadPoolExecutor.java:180)
	at java.util.concurrent.ScheduledThreadPoolExecutor$ScheduledFutureTask.run(ScheduledThreadPoolExecutor.java:293)
	at java.util.concurrent.ThreadPoolExecutor.runWorker(ThreadPoolExecutor.java:1149)
	at java.util.concurrent.ThreadPoolExecutor$Worker.run(ThreadPoolExecutor.java:624)
	at java.lang.Thread.run(Thread.java:748)
Caused by: org.rocksdb.RocksDBException: While mkdir if missing: /opt/src/hadoop-ozone/integration-test/target/test-dir/MiniOzoneClusterImpl-3f379463-9810-48df-887f-c222ef37097c/datanode-0/data/containers/hdds/500ceb14-8321-4c8a-b6b3-e488e41f7aab/current/containerDir0/2/metadata/2-dn-container.db: No such file or directory
	at org.rocksdb.RocksDB.open(Native Method)
	at org.rocksdb.RocksDB.open(RocksDB.java:231)
	at org.apache.hadoop.utils.RocksDBStore.<init>(RocksDBStore.java:71)
	... 15 more
2019-06-13 16:25:41,224 WARN  utils.BackgroundService (BackgroundService.java:lambda$run$0(135)) - Background task fails to execute, retrying in next interval
java.util.concurrent.ExecutionException: org.apache.hadoop.hdds.scm.container.common.helpers.StorageContainerException: Error opening DB. Container:4 ContainerPath:/opt/src/hadoop-ozone/integration-test/target/test-dir/MiniOzoneClusterImpl-3f379463-9810-48df-887f-c222ef37097c/datanode-0/data/containers/hdds/500ceb14-8321-4c8a-b6b3-e488e41f7aab/current/containerDir0/4/metadata/4-dn-container.db
	at java.util.concurrent.FutureTask.report(FutureTask.java:122)
	at java.util.concurrent.FutureTask.get(FutureTask.java:206)
	at org.apache.hadoop.utils.BackgroundService$PeriodicalTask.lambda$run$0(BackgroundService.java:129)
	at java.util.stream.ForEachOps$ForEachOp$OfRef.accept(ForEachOps.java:184)
	at java.util.ArrayList$ArrayListSpliterator.forEachRemaining(ArrayList.java:1382)
	at java.util.stream.AbstractPipeline.copyInto(AbstractPipeline.java:482)
	at java.util.stream.ForEachOps$ForEachTask.compute(ForEachOps.java:291)
	at java.util.concurrent.CountedCompleter.exec(CountedCompleter.java:731)
	at java.util.concurrent.ForkJoinTask.doExec(ForkJoinTask.java:289)
	at java.util.concurrent.ForkJoinTask.doInvoke(ForkJoinTask.java:401)
	at java.util.concurrent.ForkJoinTask.invoke(ForkJoinTask.java:734)
	at java.util.stream.ForEachOps$ForEachOp.evaluateParallel(ForEachOps.java:160)
	at java.util.stream.ForEachOps$ForEachOp$OfRef.evaluateParallel(ForEachOps.java:174)
	at java.util.stream.AbstractPipeline.evaluate(AbstractPipeline.java:233)
	at java.util.stream.ReferencePipeline.forEach(ReferencePipeline.java:418)
	at java.util.stream.ReferencePipeline$Head.forEach(ReferencePipeline.java:583)
	at org.apache.hadoop.utils.BackgroundService$PeriodicalTask.run(BackgroundService.java:125)
	at java.util.concurrent.Executors$RunnableAdapter.call(Executors.java:511)
	at java.util.concurrent.FutureTask.runAndReset(FutureTask.java:308)
	at java.util.concurrent.ScheduledThreadPoolExecutor$ScheduledFutureTask.access$301(ScheduledThreadPoolExecutor.java:180)
	at java.util.concurrent.ScheduledThreadPoolExecutor$ScheduledFutureTask.run(ScheduledThreadPoolExecutor.java:294)
	at java.util.concurrent.ThreadPoolExecutor.runWorker(ThreadPoolExecutor.java:1149)
	at java.util.concurrent.ThreadPoolExecutor$Worker.run(ThreadPoolExecutor.java:624)
	at java.lang.Thread.run(Thread.java:748)
Caused by: org.apache.hadoop.hdds.scm.container.common.helpers.StorageContainerException: Error opening DB. Container:4 ContainerPath:/opt/src/hadoop-ozone/integration-test/target/test-dir/MiniOzoneClusterImpl-3f379463-9810-48df-887f-c222ef37097c/datanode-0/data/containers/hdds/500ceb14-8321-4c8a-b6b3-e488e41f7aab/current/containerDir0/4/metadata/4-dn-container.db
	at org.apache.hadoop.ozone.container.keyvalue.helpers.BlockUtils.getDB(BlockUtils.java:84)
	at org.apache.hadoop.ozone.container.keyvalue.statemachine.background.BlockDeletingService$BlockDeletingTask.call(BlockDeletingService.java:188)
	at org.apache.hadoop.ozone.container.keyvalue.statemachine.background.BlockDeletingService$BlockDeletingTask.call(BlockDeletingService.java:172)
	at java.util.concurrent.FutureTask.run(FutureTask.java:266)
	at java.util.concurrent.Executors$RunnableAdapter.call(Executors.java:511)
	at java.util.concurrent.FutureTask.run(FutureTask.java:266)
	at java.util.concurrent.Executors$RunnableAdapter.call(Executors.java:511)
	at java.util.concurrent.FutureTask.run(FutureTask.java:266)
	at java.util.concurrent.ScheduledThreadPoolExecutor$ScheduledFutureTask.access$201(ScheduledThreadPoolExecutor.java:180)
	at java.util.concurrent.ScheduledThreadPoolExecutor$ScheduledFutureTask.run(ScheduledThreadPoolExecutor.java:293)
	... 3 more
2019-06-13 16:25:41,225 WARN  utils.BackgroundService (BackgroundService.java:lambda$run$0(135)) - Background task fails to execute, retrying in next interval
java.util.concurrent.ExecutionException: org.apache.hadoop.hdds.scm.container.common.helpers.StorageContainerException: Error opening DB. Container:2 ContainerPath:/opt/src/hadoop-ozone/integration-test/target/test-dir/MiniOzoneClusterImpl-3f379463-9810-48df-887f-c222ef37097c/datanode-0/data/containers/hdds/500ceb14-8321-4c8a-b6b3-e488e41f7aab/current/containerDir0/2/metadata/2-dn-container.db
	at java.util.concurrent.FutureTask.report(FutureTask.java:122)
	at java.util.concurrent.FutureTask.get(FutureTask.java:206)
	at org.apache.hadoop.utils.BackgroundService$PeriodicalTask.lambda$run$0(BackgroundService.java:129)
	at java.util.stream.ForEachOps$ForEachOp$OfRef.accept(ForEachOps.java:184)
	at java.util.ArrayList$ArrayListSpliterator.forEachRemaining(ArrayList.java:1382)
	at java.util.stream.AbstractPipeline.copyInto(AbstractPipeline.java:482)
	at java.util.stream.ForEachOps$ForEachTask.compute(ForEachOps.java:291)
	at java.util.concurrent.CountedCompleter.exec(CountedCompleter.java:731)
	at java.util.concurrent.ForkJoinTask.doExec(ForkJoinTask.java:289)
	at java.util.concurrent.ForkJoinPool$WorkQueue.runTask(ForkJoinPool.java:1056)
	at java.util.concurrent.ForkJoinPool.runWorker(ForkJoinPool.java:1692)
	at java.util.concurrent.ForkJoinWorkerThread.run(ForkJoinWorkerThread.java:157)
Caused by: org.apache.hadoop.hdds.scm.container.common.helpers.StorageContainerException: Error opening DB. Container:2 ContainerPath:/opt/src/hadoop-ozone/integration-test/target/test-dir/MiniOzoneClusterImpl-3f379463-9810-48df-887f-c222ef37097c/datanode-0/data/containers/hdds/500ceb14-8321-4c8a-b6b3-e488e41f7aab/current/containerDir0/2/metadata/2-dn-container.db
	at org.apache.hadoop.ozone.container.keyvalue.helpers.BlockUtils.getDB(BlockUtils.java:84)
	at org.apache.hadoop.ozone.container.keyvalue.statemachine.background.BlockDeletingService$BlockDeletingTask.call(BlockDeletingService.java:188)
	at org.apache.hadoop.ozone.container.keyvalue.statemachine.background.BlockDeletingService$BlockDeletingTask.call(BlockDeletingService.java:172)
	at java.util.concurrent.FutureTask.run(FutureTask.java:266)
	at java.util.concurrent.Executors$RunnableAdapter.call(Executors.java:511)
	at java.util.concurrent.FutureTask.run(FutureTask.java:266)
	at java.util.concurrent.Executors$RunnableAdapter.call(Executors.java:511)
	at java.util.concurrent.FutureTask.run(FutureTask.java:266)
	at java.util.concurrent.ScheduledThreadPoolExecutor$ScheduledFutureTask.access$201(ScheduledThreadPoolExecutor.java:180)
	at java.util.concurrent.ScheduledThreadPoolExecutor$ScheduledFutureTask.run(ScheduledThreadPoolExecutor.java:293)
	at java.util.concurrent.ThreadPoolExecutor.runWorker(ThreadPoolExecutor.java:1149)
	at java.util.concurrent.ThreadPoolExecutor$Worker.run(ThreadPoolExecutor.java:624)
	at java.lang.Thread.run(Thread.java:748)
2019-06-13 16:25:41,226 WARN  utils.BackgroundService (BackgroundService.java:lambda$run$0(135)) - Background task fails to execute, retrying in next interval
java.util.concurrent.ExecutionException: org.apache.hadoop.hdds.scm.container.common.helpers.StorageContainerException: Error opening DB. Container:3 ContainerPath:/opt/src/hadoop-ozone/integration-test/target/test-dir/MiniOzoneClusterImpl-3f379463-9810-48df-887f-c222ef37097c/datanode-0/data/containers/hdds/500ceb14-8321-4c8a-b6b3-e488e41f7aab/current/containerDir0/3/metadata/3-dn-container.db
	at java.util.concurrent.FutureTask.report(FutureTask.java:122)
	at java.util.concurrent.FutureTask.get(FutureTask.java:206)
	at org.apache.hadoop.utils.BackgroundService$PeriodicalTask.lambda$run$0(BackgroundService.java:129)
	at java.util.stream.ForEachOps$ForEachOp$OfRef.accept(ForEachOps.java:184)
	at java.util.ArrayList$ArrayListSpliterator.forEachRemaining(ArrayList.java:1382)
	at java.util.stream.AbstractPipeline.copyInto(AbstractPipeline.java:482)
	at java.util.stream.ForEachOps$ForEachTask.compute(ForEachOps.java:291)
	at java.util.concurrent.CountedCompleter.exec(CountedCompleter.java:731)
	at java.util.concurrent.ForkJoinTask.doExec(ForkJoinTask.java:289)
	at java.util.concurrent.ForkJoinPool$WorkQueue.pollAndExecCC(ForkJoinPool.java:1190)
	at java.util.concurrent.ForkJoinPool.helpComplete(ForkJoinPool.java:1879)
	at java.util.concurrent.ForkJoinPool.externalHelpComplete(ForkJoinPool.java:2467)
	at java.util.concurrent.ForkJoinTask.externalAwaitDone(ForkJoinTask.java:324)
	at java.util.concurrent.ForkJoinTask.doInvoke(ForkJoinTask.java:405)
	at java.util.concurrent.ForkJoinTask.invoke(ForkJoinTask.java:734)
	at java.util.stream.ForEachOps$ForEachOp.evaluateParallel(ForEachOps.java:160)
	at java.util.stream.ForEachOps$ForEachOp$OfRef.evaluateParallel(ForEachOps.java:174)
	at java.util.stream.AbstractPipeline.evaluate(AbstractPipeline.java:233)
	at java.util.stream.ReferencePipeline.forEach(ReferencePipeline.java:418)
	at java.util.stream.ReferencePipeline$Head.forEach(ReferencePipeline.java:583)
	at org.apache.hadoop.utils.BackgroundService$PeriodicalTask.run(BackgroundService.java:125)
	at java.util.concurrent.Executors$RunnableAdapter.call(Executors.java:511)
	at java.util.concurrent.FutureTask.runAndReset(FutureTask.java:308)
	at java.util.concurrent.ScheduledThreadPoolExecutor$ScheduledFutureTask.access$301(ScheduledThreadPoolExecutor.java:180)
	at java.util.concurrent.ScheduledThreadPoolExecutor$ScheduledFutureTask.run(ScheduledThreadPoolExecutor.java:294)
	at java.util.concurrent.ThreadPoolExecutor.runWorker(ThreadPoolExecutor.java:1149)
	at java.util.concurrent.ThreadPoolExecutor$Worker.run(ThreadPoolExecutor.java:624)
	at java.lang.Thread.run(Thread.java:748)
Caused by: org.apache.hadoop.hdds.scm.container.common.helpers.StorageContainerException: Error opening DB. Container:3 ContainerPath:/opt/src/hadoop-ozone/integration-test/target/test-dir/MiniOzoneClusterImpl-3f379463-9810-48df-887f-c222ef37097c/datanode-0/data/containers/hdds/500ceb14-8321-4c8a-b6b3-e488e41f7aab/current/containerDir0/3/metadata/3-dn-container.db
	at org.apache.hadoop.ozone.container.keyvalue.helpers.BlockUtils.getDB(BlockUtils.java:84)
	at org.apache.hadoop.ozone.container.keyvalue.statemachine.background.BlockDeletingService$BlockDeletingTask.call(BlockDeletingService.java:188)
	at org.apache.hadoop.ozone.container.keyvalue.statemachine.background.BlockDeletingService$BlockDeletingTask.call(BlockDeletingService.java:172)
	at java.util.concurrent.FutureTask.run(FutureTask.java:266)
	at java.util.concurrent.Executors$RunnableAdapter.call(Executors.java:511)
	at java.util.concurrent.FutureTask.run(FutureTask.java:266)
	at java.util.concurrent.Executors$RunnableAdapter.call(Executors.java:511)
	at java.util.concurrent.FutureTask.run(FutureTask.java:266)
	at java.util.concurrent.ScheduledThreadPoolExecutor$ScheduledFutureTask.access$201(ScheduledThreadPoolExecutor.java:180)
	at java.util.concurrent.ScheduledThreadPoolExecutor$ScheduledFutureTask.run(ScheduledThreadPoolExecutor.java:293)
	... 3 more
2019-06-13 16:25:42,050 INFO  ozone.MiniOzoneClusterImpl (MiniOzoneClusterImpl.java:lambda$waitForClusterToBeReady$0(142)) - Waiting for cluster to be ready. Got 0 of 1 DN Heartbeats.
2019-06-13 16:25:42,226 INFO  background.BlockDeletingService (BlockDeletingService.java:getTasks(123)) - Plan to choose 10 containers for block deletion, actually returns 5 valid containers.
2019-06-13 16:25:42,227 ERROR utils.ContainerCache (ContainerCache.java:getDB(137)) - Error opening DB. Container:1 ContainerPath:/opt/src/hadoop-ozone/integration-test/target/test-dir/MiniOzoneClusterImpl-3f379463-9810-48df-887f-c222ef37097c/datanode-0/data/containers/hdds/500ceb14-8321-4c8a-b6b3-e488e41f7aab/current/containerDir0/1/metadata/1-dn-container.db
java.io.IOException: Failed init RocksDB, db path : /opt/src/hadoop-ozone/integration-test/target/test-dir/MiniOzoneClusterImpl-3f379463-9810-48df-887f-c222ef37097c/datanode-0/data/containers/hdds/500ceb14-8321-4c8a-b6b3-e488e41f7aab/current/containerDir0/1/metadata/1-dn-container.db
	at org.apache.hadoop.utils.RocksDBStore.<init>(RocksDBStore.java:87)
	at org.apache.hadoop.utils.MetadataStoreBuilder.build(MetadataStoreBuilder.java:137)
	at org.apache.hadoop.ozone.container.common.utils.ContainerCache.getDB(ContainerCache.java:129)
	at org.apache.hadoop.ozone.container.keyvalue.helpers.BlockUtils.getDB(BlockUtils.java:77)
	at org.apache.hadoop.ozone.container.keyvalue.statemachine.background.BlockDeletingService$BlockDeletingTask.call(BlockDeletingService.java:188)
	at org.apache.hadoop.ozone.container.keyvalue.statemachine.background.BlockDeletingService$BlockDeletingTask.call(BlockDeletingService.java:172)
	at java.util.concurrent.FutureTask.run(FutureTask.java:266)
	at java.util.concurrent.Executors$RunnableAdapter.call(Executors.java:511)
	at java.util.concurrent.FutureTask.run(FutureTask.java:266)
	at java.util.concurrent.Executors$RunnableAdapter.call(Executors.java:511)
	at java.util.concurrent.FutureTask.run(FutureTask.java:266)
	at java.util.concurrent.ScheduledThreadPoolExecutor$ScheduledFutureTask.access$201(ScheduledThreadPoolExecutor.java:180)
	at java.util.concurrent.ScheduledThreadPoolExecutor$ScheduledFutureTask.run(ScheduledThreadPoolExecutor.java:293)
	at java.util.concurrent.ThreadPoolExecutor.runWorker(ThreadPoolExecutor.java:1149)
	at java.util.concurrent.ThreadPoolExecutor$Worker.run(ThreadPoolExecutor.java:624)
	at java.lang.Thread.run(Thread.java:748)
Caused by: org.rocksdb.RocksDBException: While mkdir if missing: /opt/src/hadoop-ozone/integration-test/target/test-dir/MiniOzoneClusterImpl-3f379463-9810-48df-887f-c222ef37097c/datanode-0/data/containers/hdds/500ceb14-8321-4c8a-b6b3-e488e41f7aab/current/containerDir0/1/metadata/1-dn-container.db: No such file or directory
	at org.rocksdb.RocksDB.open(Native Method)
	at org.rocksdb.RocksDB.open(RocksDB.java:231)
	at org.apache.hadoop.utils.RocksDBStore.<init>(RocksDBStore.java:71)
	... 15 more
2019-06-13 16:25:42,227 ERROR utils.ContainerCache (ContainerCache.java:getDB(137)) - Error opening DB. Container:5 ContainerPath:/opt/src/hadoop-ozone/integration-test/target/test-dir/MiniOzoneClusterImpl-3f379463-9810-48df-887f-c222ef37097c/datanode-0/data/containers/hdds/500ceb14-8321-4c8a-b6b3-e488e41f7aab/current/containerDir0/5/metadata/5-dn-container.db
java.io.IOException: Failed init RocksDB, db path : /opt/src/hadoop-ozone/integration-test/target/test-dir/MiniOzoneClusterImpl-3f379463-9810-48df-887f-c222ef37097c/datanode-0/data/containers/hdds/500ceb14-8321-4c8a-b6b3-e488e41f7aab/current/containerDir0/5/metadata/5-dn-container.db
	at org.apache.hadoop.utils.RocksDBStore.<init>(RocksDBStore.java:87)
	at org.apache.hadoop.utils.MetadataStoreBuilder.build(MetadataStoreBuilder.java:137)
	at org.apache.hadoop.ozone.container.common.utils.ContainerCache.getDB(ContainerCache.java:129)
	at org.apache.hadoop.ozone.container.keyvalue.helpers.BlockUtils.getDB(BlockUtils.java:77)
	at org.apache.hadoop.ozone.container.keyvalue.statemachine.background.BlockDeletingService$BlockDeletingTask.call(BlockDeletingService.java:188)
	at org.apache.hadoop.ozone.container.keyvalue.statemachine.background.BlockDeletingService$BlockDeletingTask.call(BlockDeletingService.java:172)
	at java.util.concurrent.FutureTask.run(FutureTask.java:266)
	at java.util.concurrent.Executors$RunnableAdapter.call(Executors.java:511)
	at java.util.concurrent.FutureTask.run(FutureTask.java:266)
	at java.util.concurrent.Executors$RunnableAdapter.call(Executors.java:511)
	at java.util.concurrent.FutureTask.run(FutureTask.java:266)
	at java.util.concurrent.ScheduledThreadPoolExecutor$ScheduledFutureTask.access$201(ScheduledThreadPoolExecutor.java:180)
	at java.util.concurrent.ScheduledThreadPoolExecutor$ScheduledFutureTask.run(ScheduledThreadPoolExecutor.java:293)
	at java.util.concurrent.ThreadPoolExecutor.runWorker(ThreadPoolExecutor.java:1149)
	at java.util.concurrent.ThreadPoolExecutor$Worker.run(ThreadPoolExecutor.java:624)
	at java.lang.Thread.run(Thread.java:748)
Caused by: org.rocksdb.RocksDBException: While mkdir if missing: /opt/src/hadoop-ozone/integration-test/target/test-dir/MiniOzoneClusterImpl-3f379463-9810-48df-887f-c222ef37097c/datanode-0/data/containers/hdds/500ceb14-8321-4c8a-b6b3-e488e41f7aab/current/containerDir0/5/metadata/5-dn-container.db: No such file or directory
	at org.rocksdb.RocksDB.open(Native Method)
	at org.rocksdb.RocksDB.open(RocksDB.java:231)
	at org.apache.hadoop.utils.RocksDBStore.<init>(RocksDBStore.java:71)
	... 15 more
2019-06-13 16:25:42,227 WARN  utils.BackgroundService (BackgroundService.java:lambda$run$0(135)) - Background task fails to execute, retrying in next interval
java.util.concurrent.ExecutionException: org.apache.hadoop.hdds.scm.container.common.helpers.StorageContainerException: Error opening DB. Container:5 ContainerPath:/opt/src/hadoop-ozone/integration-test/target/test-dir/MiniOzoneClusterImpl-3f379463-9810-48df-887f-c222ef37097c/datanode-0/data/containers/hdds/500ceb14-8321-4c8a-b6b3-e488e41f7aab/current/containerDir0/5/metadata/5-dn-container.db
	at java.util.concurrent.FutureTask.report(FutureTask.java:122)
	at java.util.concurrent.FutureTask.get(FutureTask.java:206)
	at org.apache.hadoop.utils.BackgroundService$PeriodicalTask.lambda$run$0(BackgroundService.java:129)
	at java.util.stream.ForEachOps$ForEachOp$OfRef.accept(ForEachOps.java:184)
	at java.util.ArrayList$ArrayListSpliterator.forEachRemaining(ArrayList.java:1382)
	at java.util.stream.AbstractPipeline.copyInto(AbstractPipeline.java:482)
	at java.util.stream.ForEachOps$ForEachTask.compute(ForEachOps.java:291)
	at java.util.concurrent.CountedCompleter.exec(CountedCompleter.java:731)
	at java.util.concurrent.ForkJoinTask.doExec(ForkJoinTask.java:289)
	at java.util.concurrent.ForkJoinPool$WorkQueue.runTask(ForkJoinPool.java:1056)
	at java.util.concurrent.ForkJoinPool.runWorker(ForkJoinPool.java:1692)
	at java.util.concurrent.ForkJoinWorkerThread.run(ForkJoinWorkerThread.java:157)
Caused by: org.apache.hadoop.hdds.scm.container.common.helpers.StorageContainerException: Error opening DB. Container:5 ContainerPath:/opt/src/hadoop-ozone/integration-test/target/test-dir/MiniOzoneClusterImpl-3f379463-9810-48df-887f-c222ef37097c/datanode-0/data/containers/hdds/500ceb14-8321-4c8a-b6b3-e488e41f7aab/current/containerDir0/5/metadata/5-dn-container.db
	at org.apache.hadoop.ozone.container.keyvalue.helpers.BlockUtils.getDB(BlockUtils.java:84)
	at org.apache.hadoop.ozone.container.keyvalue.statemachine.background.BlockDeletingService$BlockDeletingTask.call(BlockDeletingService.java:188)
	at org.apache.hadoop.ozone.container.keyvalue.statemachine.background.BlockDeletingService$BlockDeletingTask.call(BlockDeletingService.java:172)
	at java.util.concurrent.FutureTask.run(FutureTask.java:266)
	at java.util.concurrent.Executors$RunnableAdapter.call(Executors.java:511)
	at java.util.concurrent.FutureTask.run(FutureTask.java:266)
	at java.util.concurrent.Executors$RunnableAdapter.call(Executors.java:511)
	at java.util.concurrent.FutureTask.run(FutureTask.java:266)
	at java.util.concurrent.ScheduledThreadPoolExecutor$ScheduledFutureTask.access$201(ScheduledThreadPoolExecutor.java:180)
	at java.util.concurrent.ScheduledThreadPoolExecutor$ScheduledFutureTask.run(ScheduledThreadPoolExecutor.java:293)
	at java.util.concurrent.ThreadPoolExecutor.runWorker(ThreadPoolExecutor.java:1149)
	at java.util.concurrent.ThreadPoolExecutor$Worker.run(ThreadPoolExecutor.java:624)
	at java.lang.Thread.run(Thread.java:748)
2019-06-13 16:25:42,228 ERROR utils.ContainerCache (ContainerCache.java:getDB(137)) - Error opening DB. Container:4 ContainerPath:/opt/src/hadoop-ozone/integration-test/target/test-dir/MiniOzoneClusterImpl-3f379463-9810-48df-887f-c222ef37097c/datanode-0/data/containers/hdds/500ceb14-8321-4c8a-b6b3-e488e41f7aab/current/containerDir0/4/metadata/4-dn-container.db
java.io.IOException: Failed init RocksDB, db path : /opt/src/hadoop-ozone/integration-test/target/test-dir/MiniOzoneClusterImpl-3f379463-9810-48df-887f-c222ef37097c/datanode-0/data/containers/hdds/500ceb14-8321-4c8a-b6b3-e488e41f7aab/current/containerDir0/4/metadata/4-dn-container.db
	at org.apache.hadoop.utils.RocksDBStore.<init>(RocksDBStore.java:87)
	at org.apache.hadoop.utils.MetadataStoreBuilder.build(MetadataStoreBuilder.java:137)
	at org.apache.hadoop.ozone.container.common.utils.ContainerCache.getDB(ContainerCache.java:129)
	at org.apache.hadoop.ozone.container.keyvalue.helpers.BlockUtils.getDB(BlockUtils.java:77)
	at org.apache.hadoop.ozone.container.keyvalue.statemachine.background.BlockDeletingService$BlockDeletingTask.call(BlockDeletingService.java:188)
	at org.apache.hadoop.ozone.container.keyvalue.statemachine.background.BlockDeletingService$BlockDeletingTask.call(BlockDeletingService.java:172)
	at java.util.concurrent.FutureTask.run(FutureTask.java:266)
	at java.util.concurrent.Executors$RunnableAdapter.call(Executors.java:511)
	at java.util.concurrent.FutureTask.run(FutureTask.java:266)
	at java.util.concurrent.Executors$RunnableAdapter.call(Executors.java:511)
	at java.util.concurrent.FutureTask.run(FutureTask.java:266)
	at java.util.concurrent.ScheduledThreadPoolExecutor$ScheduledFutureTask.access$201(ScheduledThreadPoolExecutor.java:180)
	at java.util.concurrent.ScheduledThreadPoolExecutor$ScheduledFutureTask.run(ScheduledThreadPoolExecutor.java:293)
	at java.util.concurrent.ThreadPoolExecutor.runWorker(ThreadPoolExecutor.java:1149)
	at java.util.concurrent.ThreadPoolExecutor$Worker.run(ThreadPoolExecutor.java:624)
	at java.lang.Thread.run(Thread.java:748)
Caused by: org.rocksdb.RocksDBException: While mkdir if missing: /opt/src/hadoop-ozone/integration-test/target/test-dir/MiniOzoneClusterImpl-3f379463-9810-48df-887f-c222ef37097c/datanode-0/data/containers/hdds/500ceb14-8321-4c8a-b6b3-e488e41f7aab/current/containerDir0/4/metadata/4-dn-container.db: No such file or directory
	at org.rocksdb.RocksDB.open(Native Method)
	at org.rocksdb.RocksDB.open(RocksDB.java:231)
	at org.apache.hadoop.utils.RocksDBStore.<init>(RocksDBStore.java:71)
	... 15 more
2019-06-13 16:25:42,228 WARN  utils.BackgroundService (BackgroundService.java:lambda$run$0(135)) - Background task fails to execute, retrying in next interval
java.util.concurrent.ExecutionException: org.apache.hadoop.hdds.scm.container.common.helpers.StorageContainerException: Error opening DB. Container:1 ContainerPath:/opt/src/hadoop-ozone/integration-test/target/test-dir/MiniOzoneClusterImpl-3f379463-9810-48df-887f-c222ef37097c/datanode-0/data/containers/hdds/500ceb14-8321-4c8a-b6b3-e488e41f7aab/current/containerDir0/1/metadata/1-dn-container.db
	at java.util.concurrent.FutureTask.report(FutureTask.java:122)
	at java.util.concurrent.FutureTask.get(FutureTask.java:206)
	at org.apache.hadoop.utils.BackgroundService$PeriodicalTask.lambda$run$0(BackgroundService.java:129)
	at java.util.stream.ForEachOps$ForEachOp$OfRef.accept(ForEachOps.java:184)
	at java.util.ArrayList$ArrayListSpliterator.forEachRemaining(ArrayList.java:1382)
	at java.util.stream.AbstractPipeline.copyInto(AbstractPipeline.java:482)
	at java.util.stream.ForEachOps$ForEachTask.compute(ForEachOps.java:291)
	at java.util.concurrent.CountedCompleter.exec(CountedCompleter.java:731)
	at java.util.concurrent.ForkJoinTask.doExec(ForkJoinTask.java:289)
	at java.util.concurrent.ForkJoinPool$WorkQueue.execLocalTasks(ForkJoinPool.java:1040)
	at java.util.concurrent.ForkJoinPool$WorkQueue.runTask(ForkJoinPool.java:1058)
	at java.util.concurrent.ForkJoinPool.runWorker(ForkJoinPool.java:1692)
	at java.util.concurrent.ForkJoinWorkerThread.run(ForkJoinWorkerThread.java:157)
Caused by: org.apache.hadoop.hdds.scm.container.common.helpers.StorageContainerException: Error opening DB. Container:1 ContainerPath:/opt/src/hadoop-ozone/integration-test/target/test-dir/MiniOzoneClusterImpl-3f379463-9810-48df-887f-c222ef37097c/datanode-0/data/containers/hdds/500ceb14-8321-4c8a-b6b3-e488e41f7aab/current/containerDir0/1/metadata/1-dn-container.db
	at org.apache.hadoop.ozone.container.keyvalue.helpers.BlockUtils.getDB(BlockUtils.java:84)
	at org.apache.hadoop.ozone.container.keyvalue.statemachine.background.BlockDeletingService$BlockDeletingTask.call(BlockDeletingService.java:188)
	at org.apache.hadoop.ozone.container.keyvalue.statemachine.background.BlockDeletingService$BlockDeletingTask.call(BlockDeletingService.java:172)
	at java.util.concurrent.FutureTask.run(FutureTask.java:266)
	at java.util.concurrent.Executors$RunnableAdapter.call(Executors.java:511)
	at java.util.concurrent.FutureTask.run(FutureTask.java:266)
	at java.util.concurrent.Executors$RunnableAdapter.call(Executors.java:511)
	at java.util.concurrent.FutureTask.run(FutureTask.java:266)
	at java.util.concurrent.ScheduledThreadPoolExecutor$ScheduledFutureTask.access$201(ScheduledThreadPoolExecutor.java:180)
	at java.util.concurrent.ScheduledThreadPoolExecutor$ScheduledFutureTask.run(ScheduledThreadPoolExecutor.java:293)
	at java.util.concurrent.ThreadPoolExecutor.runWorker(ThreadPoolExecutor.java:1149)
	at java.util.concurrent.ThreadPoolExecutor$Worker.run(ThreadPoolExecutor.java:624)
	at java.lang.Thread.run(Thread.java:748)
2019-06-13 16:25:42,228 WARN  utils.BackgroundService (BackgroundService.java:lambda$run$0(135)) - Background task fails to execute, retrying in next interval
java.util.concurrent.ExecutionException: org.apache.hadoop.hdds.scm.container.common.helpers.StorageContainerException: Error opening DB. Container:4 ContainerPath:/opt/src/hadoop-ozone/integration-test/target/test-dir/MiniOzoneClusterImpl-3f379463-9810-48df-887f-c222ef37097c/datanode-0/data/containers/hdds/500ceb14-8321-4c8a-b6b3-e488e41f7aab/current/containerDir0/4/metadata/4-dn-container.db
	at java.util.concurrent.FutureTask.report(FutureTask.java:122)
	at java.util.concurrent.FutureTask.get(FutureTask.java:206)
	at org.apache.hadoop.utils.BackgroundService$PeriodicalTask.lambda$run$0(BackgroundService.java:129)
	at java.util.stream.ForEachOps$ForEachOp$OfRef.accept(ForEachOps.java:184)
	at java.util.ArrayList$ArrayListSpliterator.forEachRemaining(ArrayList.java:1382)
	at java.util.stream.AbstractPipeline.copyInto(AbstractPipeline.java:482)
	at java.util.stream.ForEachOps$ForEachTask.compute(ForEachOps.java:291)
	at java.util.concurrent.CountedCompleter.exec(CountedCompleter.java:731)
	at java.util.concurrent.ForkJoinTask.doExec(ForkJoinTask.java:289)
	at java.util.concurrent.ForkJoinTask.doInvoke(ForkJoinTask.java:401)
	at java.util.concurrent.ForkJoinTask.invoke(ForkJoinTask.java:734)
	at java.util.stream.ForEachOps$ForEachOp.evaluateParallel(ForEachOps.java:160)
	at java.util.stream.ForEachOps$ForEachOp$OfRef.evaluateParallel(ForEachOps.java:174)
	at java.util.stream.AbstractPipeline.evaluate(AbstractPipeline.java:233)
	at java.util.stream.ReferencePipeline.forEach(ReferencePipeline.java:418)
	at java.util.stream.ReferencePipeline$Head.forEach(ReferencePipeline.java:583)
	at org.apache.hadoop.utils.BackgroundService$PeriodicalTask.run(BackgroundService.java:125)
	at java.util.concurrent.Executors$RunnableAdapter.call(Executors.java:511)
	at java.util.concurrent.FutureTask.runAndReset(FutureTask.java:308)
	at java.util.concurrent.ScheduledThreadPoolExecutor$ScheduledFutureTask.access$301(ScheduledThreadPoolExecutor.java:180)
	at java.util.concurrent.ScheduledThreadPoolExecutor$ScheduledFutureTask.run(ScheduledThreadPoolExecutor.java:294)
	at java.util.concurrent.ThreadPoolExecutor.runWorker(ThreadPoolExecutor.java:1149)
	at java.util.concurrent.ThreadPoolExecutor$Worker.run(ThreadPoolExecutor.java:624)
	at java.lang.Thread.run(Thread.java:748)
Caused by: org.apache.hadoop.hdds.scm.container.common.helpers.StorageContainerException: Error opening DB. Container:4 ContainerPath:/opt/src/hadoop-ozone/integration-test/target/test-dir/MiniOzoneClusterImpl-3f379463-9810-48df-887f-c222ef37097c/datanode-0/data/containers/hdds/500ceb14-8321-4c8a-b6b3-e488e41f7aab/current/containerDir0/4/metadata/4-dn-container.db
	at org.apache.hadoop.ozone.container.keyvalue.helpers.BlockUtils.getDB(BlockUtils.java:84)
	at org.apache.hadoop.ozone.container.keyvalue.statemachine.background.BlockDeletingService$BlockDeletingTask.call(BlockDeletingService.java:188)
	at org.apache.hadoop.ozone.container.keyvalue.statemachine.background.BlockDeletingService$BlockDeletingTask.call(BlockDeletingService.java:172)
	at java.util.concurrent.FutureTask.run(FutureTask.java:266)
	at java.util.concurrent.Executors$RunnableAdapter.call(Executors.java:511)
	at java.util.concurrent.FutureTask.run(FutureTask.java:266)
	at java.util.concurrent.Executors$RunnableAdapter.call(Executors.java:511)
	at java.util.concurrent.FutureTask.run(FutureTask.java:266)
	at java.util.concurrent.ScheduledThreadPoolExecutor$ScheduledFutureTask.access$201(ScheduledThreadPoolExecutor.java:180)
	at java.util.concurrent.ScheduledThreadPoolExecutor$ScheduledFutureTask.run(ScheduledThreadPoolExecutor.java:293)
	... 3 more
2019-06-13 16:25:42,228 ERROR utils.ContainerCache (ContainerCache.java:getDB(137)) - Error opening DB. Container:3 ContainerPath:/opt/src/hadoop-ozone/integration-test/target/test-dir/MiniOzoneClusterImpl-3f379463-9810-48df-887f-c222ef37097c/datanode-0/data/containers/hdds/500ceb14-8321-4c8a-b6b3-e488e41f7aab/current/containerDir0/3/metadata/3-dn-container.db
java.io.IOException: Failed init RocksDB, db path : /opt/src/hadoop-ozone/integration-test/target/test-dir/MiniOzoneClusterImpl-3f379463-9810-48df-887f-c222ef37097c/datanode-0/data/containers/hdds/500ceb14-8321-4c8a-b6b3-e488e41f7aab/current/containerDir0/3/metadata/3-dn-container.db
	at org.apache.hadoop.utils.RocksDBStore.<init>(RocksDBStore.java:87)
	at org.apache.hadoop.utils.MetadataStoreBuilder.build(MetadataStoreBuilder.java:137)
	at org.apache.hadoop.ozone.container.common.utils.ContainerCache.getDB(ContainerCache.java:129)
	at org.apache.hadoop.ozone.container.keyvalue.helpers.BlockUtils.getDB(BlockUtils.java:77)
	at org.apache.hadoop.ozone.container.keyvalue.statemachine.background.BlockDeletingService$BlockDeletingTask.call(BlockDeletingService.java:188)
	at org.apache.hadoop.ozone.container.keyvalue.statemachine.background.BlockDeletingService$BlockDeletingTask.call(BlockDeletingService.java:172)
	at java.util.concurrent.FutureTask.run(FutureTask.java:266)
	at java.util.concurrent.Executors$RunnableAdapter.call(Executors.java:511)
	at java.util.concurrent.FutureTask.run(FutureTask.java:266)
	at java.util.concurrent.Executors$RunnableAdapter.call(Executors.java:511)
	at java.util.concurrent.FutureTask.run(FutureTask.java:266)
	at java.util.concurrent.ScheduledThreadPoolExecutor$ScheduledFutureTask.access$201(ScheduledThreadPoolExecutor.java:180)
	at java.util.concurrent.ScheduledThreadPoolExecutor$ScheduledFutureTask.run(ScheduledThreadPoolExecutor.java:293)
	at java.util.concurrent.ThreadPoolExecutor.runWorker(ThreadPoolExecutor.java:1149)
	at java.util.concurrent.ThreadPoolExecutor$Worker.run(ThreadPoolExecutor.java:624)
	at java.lang.Thread.run(Thread.java:748)
Caused by: org.rocksdb.RocksDBException: While mkdir if missing: /opt/src/hadoop-ozone/integration-test/target/test-dir/MiniOzoneClusterImpl-3f379463-9810-48df-887f-c222ef37097c/datanode-0/data/containers/hdds/500ceb14-8321-4c8a-b6b3-e488e41f7aab/current/containerDir0/3/metadata/3-dn-container.db: No such file or directory
	at org.rocksdb.RocksDB.open(Native Method)
	at org.rocksdb.RocksDB.open(RocksDB.java:231)
	at org.apache.hadoop.utils.RocksDBStore.<init>(RocksDBStore.java:71)
	... 15 more
2019-06-13 16:25:42,229 WARN  utils.BackgroundService (BackgroundService.java:lambda$run$0(135)) - Background task fails to execute, retrying in next interval
java.util.concurrent.ExecutionException: org.apache.hadoop.hdds.scm.container.common.helpers.StorageContainerException: Error opening DB. Container:3 ContainerPath:/opt/src/hadoop-ozone/integration-test/target/test-dir/MiniOzoneClusterImpl-3f379463-9810-48df-887f-c222ef37097c/datanode-0/data/containers/hdds/500ceb14-8321-4c8a-b6b3-e488e41f7aab/current/containerDir0/3/metadata/3-dn-container.db
	at java.util.concurrent.FutureTask.report(FutureTask.java:122)
	at java.util.concurrent.FutureTask.get(FutureTask.java:206)
	at org.apache.hadoop.utils.BackgroundService$PeriodicalTask.lambda$run$0(BackgroundService.java:129)
	at java.util.stream.ForEachOps$ForEachOp$OfRef.accept(ForEachOps.java:184)
	at java.util.ArrayList$ArrayListSpliterator.forEachRemaining(ArrayList.java:1382)
	at java.util.stream.AbstractPipeline.copyInto(AbstractPipeline.java:482)
	at java.util.stream.ForEachOps$ForEachTask.compute(ForEachOps.java:291)
	at java.util.concurrent.CountedCompleter.exec(CountedCompleter.java:731)
	at java.util.concurrent.ForkJoinTask.doExec(ForkJoinTask.java:289)
	at java.util.concurrent.ForkJoinPool$WorkQueue.pollAndExecCC(ForkJoinPool.java:1190)
	at java.util.concurrent.ForkJoinPool.helpComplete(ForkJoinPool.java:1879)
	at java.util.concurrent.ForkJoinPool.externalHelpComplete(ForkJoinPool.java:2467)
	at java.util.concurrent.ForkJoinTask.externalAwaitDone(ForkJoinTask.java:324)
	at java.util.concurrent.ForkJoinTask.doInvoke(ForkJoinTask.java:405)
	at java.util.concurrent.ForkJoinTask.invoke(ForkJoinTask.java:734)
	at java.util.stream.ForEachOps$ForEachOp.evaluateParallel(ForEachOps.java:160)
	at java.util.stream.ForEachOps$ForEachOp$OfRef.evaluateParallel(ForEachOps.java:174)
	at java.util.stream.AbstractPipeline.evaluate(AbstractPipeline.java:233)
	at java.util.stream.ReferencePipeline.forEach(ReferencePipeline.java:418)
	at java.util.stream.ReferencePipeline$Head.forEach(ReferencePipeline.java:583)
	at org.apache.hadoop.utils.BackgroundService$PeriodicalTask.run(BackgroundService.java:125)
	at java.util.concurrent.Executors$RunnableAdapter.call(Executors.java:511)
	at java.util.concurrent.FutureTask.runAndReset(FutureTask.java:308)
	at java.util.concurrent.ScheduledThreadPoolExecutor$ScheduledFutureTask.access$301(ScheduledThreadPoolExecutor.java:180)
	at java.util.concurrent.ScheduledThreadPoolExecutor$ScheduledFutureTask.run(ScheduledThreadPoolExecutor.java:294)
	at java.util.concurrent.ThreadPoolExecutor.runWorker(ThreadPoolExecutor.java:1149)
	at java.util.concurrent.ThreadPoolExecutor$Worker.run(ThreadPoolExecutor.java:624)
	at java.lang.Thread.run(Thread.java:748)
Caused by: org.apache.hadoop.hdds.scm.container.common.helpers.StorageContainerException: Error opening DB. Container:3 ContainerPath:/opt/src/hadoop-ozone/integration-test/target/test-dir/MiniOzoneClusterImpl-3f379463-9810-48df-887f-c222ef37097c/datanode-0/data/containers/hdds/500ceb14-8321-4c8a-b6b3-e488e41f7aab/current/containerDir0/3/metadata/3-dn-container.db
	at org.apache.hadoop.ozone.container.keyvalue.helpers.BlockUtils.getDB(BlockUtils.java:84)
	at org.apache.hadoop.ozone.container.keyvalue.statemachine.background.BlockDeletingService$BlockDeletingTask.call(BlockDeletingService.java:188)
	at org.apache.hadoop.ozone.container.keyvalue.statemachine.background.BlockDeletingService$BlockDeletingTask.call(BlockDeletingService.java:172)
	at java.util.concurrent.FutureTask.run(FutureTask.java:266)
	at java.util.concurrent.Executors$RunnableAdapter.call(Executors.java:511)
	at java.util.concurrent.FutureTask.run(FutureTask.java:266)
	at java.util.concurrent.Executors$RunnableAdapter.call(Executors.java:511)
	at java.util.concurrent.FutureTask.run(FutureTask.java:266)
	at java.util.concurrent.ScheduledThreadPoolExecutor$ScheduledFutureTask.access$201(ScheduledThreadPoolExecutor.java:180)
	at java.util.concurrent.ScheduledThreadPoolExecutor$ScheduledFutureTask.run(ScheduledThreadPoolExecutor.java:293)
	... 3 more
2019-06-13 16:25:42,229 ERROR utils.ContainerCache (ContainerCache.java:getDB(137)) - Error opening DB. Container:2 ContainerPath:/opt/src/hadoop-ozone/integration-test/target/test-dir/MiniOzoneClusterImpl-3f379463-9810-48df-887f-c222ef37097c/datanode-0/data/containers/hdds/500ceb14-8321-4c8a-b6b3-e488e41f7aab/current/containerDir0/2/metadata/2-dn-container.db
java.io.IOException: Failed init RocksDB, db path : /opt/src/hadoop-ozone/integration-test/target/test-dir/MiniOzoneClusterImpl-3f379463-9810-48df-887f-c222ef37097c/datanode-0/data/containers/hdds/500ceb14-8321-4c8a-b6b3-e488e41f7aab/current/containerDir0/2/metadata/2-dn-container.db
	at org.apache.hadoop.utils.RocksDBStore.<init>(RocksDBStore.java:87)
	at org.apache.hadoop.utils.MetadataStoreBuilder.build(MetadataStoreBuilder.java:137)
	at org.apache.hadoop.ozone.container.common.utils.ContainerCache.getDB(ContainerCache.java:129)
	at org.apache.hadoop.ozone.container.keyvalue.helpers.BlockUtils.getDB(BlockUtils.java:77)
	at org.apache.hadoop.ozone.container.keyvalue.statemachine.background.BlockDeletingService$BlockDeletingTask.call(BlockDeletingService.java:188)
	at org.apache.hadoop.ozone.container.keyvalue.statemachine.background.BlockDeletingService$BlockDeletingTask.call(BlockDeletingService.java:172)
	at java.util.concurrent.FutureTask.run(FutureTask.java:266)
	at java.util.concurrent.Executors$RunnableAdapter.call(Executors.java:511)
	at java.util.concurrent.FutureTask.run(FutureTask.java:266)
	at java.util.concurrent.Executors$RunnableAdapter.call(Executors.java:511)
	at java.util.concurrent.FutureTask.run(FutureTask.java:266)
	at java.util.concurrent.ScheduledThreadPoolExecutor$ScheduledFutureTask.access$201(ScheduledThreadPoolExecutor.java:180)
	at java.util.concurrent.ScheduledThreadPoolExecutor$ScheduledFutureTask.run(ScheduledThreadPoolExecutor.java:293)
	at java.util.concurrent.ThreadPoolExecutor.runWorker(ThreadPoolExecutor.java:1149)
	at java.util.concurrent.ThreadPoolExecutor$Worker.run(ThreadPoolExecutor.java:624)
	at java.lang.Thread.run(Thread.java:748)
Caused by: org.rocksdb.RocksDBException: While mkdir if missing: /opt/src/hadoop-ozone/integration-test/target/test-dir/MiniOzoneClusterImpl-3f379463-9810-48df-887f-c222ef37097c/datanode-0/data/containers/hdds/500ceb14-8321-4c8a-b6b3-e488e41f7aab/current/containerDir0/2/metadata/2-dn-container.db: No such file or directory
	at org.rocksdb.RocksDB.open(Native Method)
	at org.rocksdb.RocksDB.open(RocksDB.java:231)
	at org.apache.hadoop.utils.RocksDBStore.<init>(RocksDBStore.java:71)
	... 15 more
2019-06-13 16:25:42,229 WARN  utils.BackgroundService (BackgroundService.java:lambda$run$0(135)) - Background task fails to execute, retrying in next interval
java.util.concurrent.ExecutionException: org.apache.hadoop.hdds.scm.container.common.helpers.StorageContainerException: Error opening DB. Container:2 ContainerPath:/opt/src/hadoop-ozone/integration-test/target/test-dir/MiniOzoneClusterImpl-3f379463-9810-48df-887f-c222ef37097c/datanode-0/data/containers/hdds/500ceb14-8321-4c8a-b6b3-e488e41f7aab/current/containerDir0/2/metadata/2-dn-container.db
	at java.util.concurrent.FutureTask.report(FutureTask.java:122)
	at java.util.concurrent.FutureTask.get(FutureTask.java:206)
	at org.apache.hadoop.utils.BackgroundService$PeriodicalTask.lambda$run$0(BackgroundService.java:129)
	at java.util.stream.ForEachOps$ForEachOp$OfRef.accept(ForEachOps.java:184)
	at java.util.ArrayList$ArrayListSpliterator.forEachRemaining(ArrayList.java:1382)
	at java.util.stream.AbstractPipeline.copyInto(AbstractPipeline.java:482)
	at java.util.stream.ForEachOps$ForEachTask.compute(ForEachOps.java:291)
	at java.util.concurrent.CountedCompleter.exec(CountedCompleter.java:731)
	at java.util.concurrent.ForkJoinTask.doExec(ForkJoinTask.java:289)
	at java.util.concurrent.ForkJoinPool$WorkQueue.runTask(ForkJoinPool.java:1056)
	at java.util.concurrent.ForkJoinPool.runWorker(ForkJoinPool.java:1692)
	at java.util.concurrent.ForkJoinWorkerThread.run(ForkJoinWorkerThread.java:157)
Caused by: org.apache.hadoop.hdds.scm.container.common.helpers.StorageContainerException: Error opening DB. Container:2 ContainerPath:/opt/src/hadoop-ozone/integration-test/target/test-dir/MiniOzoneClusterImpl-3f379463-9810-48df-887f-c222ef37097c/datanode-0/data/containers/hdds/500ceb14-8321-4c8a-b6b3-e488e41f7aab/current/containerDir0/2/metadata/2-dn-container.db
	at org.apache.hadoop.ozone.container.keyvalue.helpers.BlockUtils.getDB(BlockUtils.java:84)
	at org.apache.hadoop.ozone.container.keyvalue.statemachine.background.BlockDeletingService$BlockDeletingTask.call(BlockDeletingService.java:188)
	at org.apache.hadoop.ozone.container.keyvalue.statemachine.background.BlockDeletingService$BlockDeletingTask.call(BlockDeletingService.java:172)
	at java.util.concurrent.FutureTask.run(FutureTask.java:266)
	at java.util.concurrent.Executors$RunnableAdapter.call(Executors.java:511)
	at java.util.concurrent.FutureTask.run(FutureTask.java:266)
	at java.util.concurrent.Executors$RunnableAdapter.call(Executors.java:511)
	at java.util.concurrent.FutureTask.run(FutureTask.java:266)
	at java.util.concurrent.ScheduledThreadPoolExecutor$ScheduledFutureTask.access$201(ScheduledThreadPoolExecutor.java:180)
	at java.util.concurrent.ScheduledThreadPoolExecutor$ScheduledFutureTask.run(ScheduledThreadPoolExecutor.java:293)
	at java.util.concurrent.ThreadPoolExecutor.runWorker(ThreadPoolExecutor.java:1149)
	at java.util.concurrent.ThreadPoolExecutor$Worker.run(ThreadPoolExecutor.java:624)
	at java.lang.Thread.run(Thread.java:748)
2019-06-13 16:25:42,979 INFO  container.ReplicationManager (ReplicationManager.java:sendCloseCommand(630)) - Sending close container command for container #5 to datanode 328096ee-1483-4bfe-96a2-47a71e1e800c{ip: 192.168.11.208, host: ozone-z9zf6-1652263048, networkLocation: /default-rack, certSerialId: null}.
2019-06-13 16:25:42,980 INFO  container.ReplicationManager (ReplicationManager.java:run(207)) - Replication Monitor Thread took 1 milliseconds for processing 10 containers.
2019-06-13 16:25:43,050 INFO  ozone.MiniOzoneClusterImpl (MiniOzoneClusterImpl.java:lambda$waitForClusterToBeReady$0(142)) - Waiting for cluster to be ready. Got 0 of 1 DN Heartbeats.
2019-06-13 16:25:43,053 INFO  node.SCMNodeManager (SCMNodeManager.java:register(234)) - Registered Data node : b12dc4ac-fe03-4586-b2c9-644bb0284f29{ip: 192.168.11.208, host: ozone-z9zf6-1652263048, networkLocation: /default-rack, certSerialId: null}
2019-06-13 16:25:43,059 INFO  safemode.SCMSafeModeManager (DataNodeSafeModeRule.java:process(71)) - SCM in safe mode. 1 DataNodes registered, 1 required.
2019-06-13 16:25:43,061 INFO  safemode.SCMSafeModeManager (SCMSafeModeManager.java:validateSafeModeExitRules(177)) - ScmSafeModeManager, all rules are successfully validated
2019-06-13 16:25:43,061 INFO  safemode.SCMSafeModeManager (SCMSafeModeManager.java:exitSafeMode(193)) - SCM exiting safe mode.
2019-06-13 16:25:43,071 INFO  impl.RaftServerProxy (RaftServerProxy.java:addNew(89)) - b12dc4ac-fe03-4586-b2c9-644bb0284f29: addNew group-E5DB66D22BAC:[b12dc4ac-fe03-4586-b2c9-644bb0284f29:192.168.11.208:41875] returns group-E5DB66D22BAC:java.util.concurrent.CompletableFuture@207c6b4d[Not completed]
2019-06-13 16:25:43,071 INFO  impl.RaftServerImpl (RaftServerImpl.java:<init>(91)) - b12dc4ac-fe03-4586-b2c9-644bb0284f29: new RaftServerImpl for group-E5DB66D22BAC:[b12dc4ac-fe03-4586-b2c9-644bb0284f29:192.168.11.208:41875] with ContainerStateMachine:uninitialized
2019-06-13 16:25:43,071 INFO  server.RaftServerConfigKeys (ConfUtils.java:logGet(43)) - raft.server.rpc.timeout.min = 1s (custom)
2019-06-13 16:25:43,072 INFO  server.RaftServerConfigKeys (ConfUtils.java:logGet(43)) - raft.server.rpc.timeout.max = 1200ms (custom)
2019-06-13 16:25:43,072 INFO  server.RaftServerConfigKeys (ConfUtils.java:logGet(43)) - raft.server.rpcslowness.timeout = 120s (custom)
2019-06-13 16:25:43,072 INFO  server.RaftServerConfigKeys (ConfUtils.java:logGet(43)) - raft.server.log.appender.install.snapshot.enabled = true (default)
2019-06-13 16:25:43,072 INFO  impl.RaftServerImpl (ServerState.java:<init>(101)) - b12dc4ac-fe03-4586-b2c9-644bb0284f29:group-E5DB66D22BAC ConfigurationManager, init=-1: [b12dc4ac-fe03-4586-b2c9-644bb0284f29:192.168.11.208:41875], old=null, confs=<EMPTY_MAP>
2019-06-13 16:25:43,072 INFO  server.RaftServerConfigKeys (ConfUtils.java:logGet(43)) - raft.server.storage.dir = [/opt/src/hadoop-ozone/integration-test/target/test-dir/MiniOzoneClusterImpl-f2f2b12a-06f9-4572-a321-92c2a006d3cf/datanode-0/data/ratis] (custom)
2019-06-13 16:25:43,072 INFO  storage.RaftStorageDirectory (RaftStorageDirectory.java:analyzeStorage(246)) - The storage directory /opt/src/hadoop-ozone/integration-test/target/test-dir/MiniOzoneClusterImpl-f2f2b12a-06f9-4572-a321-92c2a006d3cf/datanode-0/data/ratis/30bf7f11-57e1-425a-b8d9-e5db66d22bac does not exist. Creating ...
2019-06-13 16:25:43,074 INFO  storage.RaftStorageDirectory (RaftStorageDirectory.java:tryLock(328)) - Lock on /opt/src/hadoop-ozone/integration-test/target/test-dir/MiniOzoneClusterImpl-f2f2b12a-06f9-4572-a321-92c2a006d3cf/datanode-0/data/ratis/30bf7f11-57e1-425a-b8d9-e5db66d22bac/in_use.lock acquired by nodename 16239@ozone-z9zf6-1652263048
2019-06-13 16:25:43,076 INFO  storage.RaftStorage (RaftStorage.java:format(75)) - Storage directory /opt/src/hadoop-ozone/integration-test/target/test-dir/MiniOzoneClusterImpl-f2f2b12a-06f9-4572-a321-92c2a006d3cf/datanode-0/data/ratis/30bf7f11-57e1-425a-b8d9-e5db66d22bac has been successfully formatted.
2019-06-13 16:25:43,077 INFO  ratis.ContainerStateMachine (ContainerStateMachine.java:loadSnapshot(199)) - The snapshot info is null.Setting the last applied index to:(t:0, i:~)
2019-06-13 16:25:43,077 INFO  server.RaftServerConfigKeys (ConfUtils.java:logGet(43)) - raft.server.leader.election.timeout = 120s (custom)
2019-06-13 16:25:43,077 INFO  server.RaftServerConfigKeys (ConfUtils.java:logGet(43)) - raft.server.log.use.memory = false (default)
2019-06-13 16:25:43,077 INFO  server.RaftServerConfigKeys (ConfUtils.java:logGet(43)) - raft.server.log.appender.buffer.byte-limit = 33554432 (custom)
2019-06-13 16:25:43,077 INFO  server.RaftServerConfigKeys (ConfUtils.java:logGet(43)) - raft.server.log.segment.size.max = 16384 (custom)
2019-06-13 16:25:43,077 INFO  server.RaftServerConfigKeys (ConfUtils.java:logGet(43)) - raft.server.log.segment.cache.num.max = 2 (custom)
2019-06-13 16:25:43,077 INFO  storage.RaftLogWorker (RaftLogWorker.java:<init>(123)) - new b12dc4ac-fe03-4586-b2c9-644bb0284f29-RaftLogWorker for Storage Directory /opt/src/hadoop-ozone/integration-test/target/test-dir/MiniOzoneClusterImpl-f2f2b12a-06f9-4572-a321-92c2a006d3cf/datanode-0/data/ratis/30bf7f11-57e1-425a-b8d9-e5db66d22bac
2019-06-13 16:25:43,077 INFO  server.RaftServerConfigKeys (ConfUtils.java:logGet(43)) - raft.server.log.queue.byte-limit = 2147483647 (custom)
2019-06-13 16:25:43,077 INFO  server.RaftServerConfigKeys (ConfUtils.java:logGet(43)) - raft.server.log.queue.element-limit = 1024 (custom)
2019-06-13 16:25:43,077 INFO  server.RaftServerConfigKeys (ConfUtils.java:logGet(43)) - raft.server.log.segment.size.max = 16384 (custom)
2019-06-13 16:25:43,077 INFO  server.RaftServerConfigKeys (ConfUtils.java:logGet(43)) - raft.server.log.preallocated.size = 16384 (custom)
2019-06-13 16:25:43,078 INFO  server.RaftServerConfigKeys (ConfUtils.java:logGet(43)) - raft.server.log.write.buffer.size = 33554432 (custom)
2019-06-13 16:25:43,078 INFO  server.RaftServerConfigKeys (ConfUtils.java:logGet(43)) - raft.server.log.force.sync.num = 128 (default)
2019-06-13 16:25:43,078 INFO  server.RaftServerConfigKeys (ConfUtils.java:logGet(43)) - raft.server.log.statemachine.data.sync = true (default)
2019-06-13 16:25:43,078 INFO  server.RaftServerConfigKeys (ConfUtils.java:logGet(43)) - raft.server.log.statemachine.data.sync.timeout = 10s (default)
2019-06-13 16:25:43,078 INFO  server.RaftServerConfigKeys (ConfUtils.java:logGet(43)) - raft.server.log.statemachine.data.sync.timeout.retry = -1 (default)
2019-06-13 16:25:43,078 INFO  server.RaftServerConfigKeys (ConfUtils.java:logGet(43)) - raft.server.log.statemachine.data.caching.enabled = true (custom)
2019-06-13 16:25:43,078 INFO  server.RaftServerConfigKeys (ConfUtils.java:logGet(43)) - raft.server.snapshot.auto.trigger.enabled = true (custom)
2019-06-13 16:25:43,078 INFO  server.RaftServerConfigKeys (ConfUtils.java:logGet(43)) - raft.server.snapshot.auto.trigger.threshold = 10000 (custom)
2019-06-13 16:25:43,078 INFO  server.RaftServerConfigKeys (ConfUtils.java:logGet(43)) - raft.server.retrycache.expirytime = 600000ms (custom)
2019-06-13 16:25:43,079 INFO  impl.RaftServerImpl (RaftServerImpl.java:start(173)) - b12dc4ac-fe03-4586-b2c9-644bb0284f29: start group-E5DB66D22BAC
2019-06-13 16:25:43,079 INFO  impl.RaftServerImpl (RaftServerImpl.java:setRole(164)) - b12dc4ac-fe03-4586-b2c9-644bb0284f29:group-E5DB66D22BAC changes role from null to FOLLOWER at term 0 for startAsFollower
2019-06-13 16:25:43,079 INFO  impl.RoleInfo (RoleInfo.java:updateAndGet(143)) - b12dc4ac-fe03-4586-b2c9-644bb0284f29: start FollowerState
2019-06-13 16:25:43,079 INFO  util.JmxRegister (JmxRegister.java:tryRegister(44)) - Successfully registered JMX Bean with object name Ratis:service=RaftServer,group=group-E5DB66D22BAC,id=b12dc4ac-fe03-4586-b2c9-644bb0284f29
2019-06-13 16:25:43,083 INFO  pipeline.PipelineStateManager (PipelineStateManager.java:addPipeline(56)) - Created pipeline Pipeline[ Id: 30bf7f11-57e1-425a-b8d9-e5db66d22bac, Nodes: b12dc4ac-fe03-4586-b2c9-644bb0284f29{ip: 192.168.11.208, host: ozone-z9zf6-1652263048, networkLocation: /default-rack, certSerialId: null}, Type:RATIS, Factor:ONE, State:OPEN]
2019-06-13 16:25:43,229 INFO  background.BlockDeletingService (BlockDeletingService.java:getTasks(123)) - Plan to choose 10 containers for block deletion, actually returns 5 valid containers.
2019-06-13 16:25:43,230 ERROR utils.ContainerCache (ContainerCache.java:getDB(137)) - Error opening DB. Container:1 ContainerPath:/opt/src/hadoop-ozone/integration-test/target/test-dir/MiniOzoneClusterImpl-3f379463-9810-48df-887f-c222ef37097c/datanode-0/data/containers/hdds/500ceb14-8321-4c8a-b6b3-e488e41f7aab/current/containerDir0/1/metadata/1-dn-container.db
java.io.IOException: Failed init RocksDB, db path : /opt/src/hadoop-ozone/integration-test/target/test-dir/MiniOzoneClusterImpl-3f379463-9810-48df-887f-c222ef37097c/datanode-0/data/containers/hdds/500ceb14-8321-4c8a-b6b3-e488e41f7aab/current/containerDir0/1/metadata/1-dn-container.db
	at org.apache.hadoop.utils.RocksDBStore.<init>(RocksDBStore.java:87)
	at org.apache.hadoop.utils.MetadataStoreBuilder.build(MetadataStoreBuilder.java:137)
	at org.apache.hadoop.ozone.container.common.utils.ContainerCache.getDB(ContainerCache.java:129)
	at org.apache.hadoop.ozone.container.keyvalue.helpers.BlockUtils.getDB(BlockUtils.java:77)
	at org.apache.hadoop.ozone.container.keyvalue.statemachine.background.BlockDeletingService$BlockDeletingTask.call(BlockDeletingService.java:188)
	at org.apache.hadoop.ozone.container.keyvalue.statemachine.background.BlockDeletingService$BlockDeletingTask.call(BlockDeletingService.java:172)
	at java.util.concurrent.FutureTask.run(FutureTask.java:266)
	at java.util.concurrent.Executors$RunnableAdapter.call(Executors.java:511)
	at java.util.concurrent.FutureTask.run(FutureTask.java:266)
	at java.util.concurrent.Executors$RunnableAdapter.call(Executors.java:511)
	at java.util.concurrent.FutureTask.run(FutureTask.java:266)
	at java.util.concurrent.ScheduledThreadPoolExecutor$ScheduledFutureTask.access$201(ScheduledThreadPoolExecutor.java:180)
	at java.util.concurrent.ScheduledThreadPoolExecutor$ScheduledFutureTask.run(ScheduledThreadPoolExecutor.java:293)
	at java.util.concurrent.ThreadPoolExecutor.runWorker(ThreadPoolExecutor.java:1149)
	at java.util.concurrent.ThreadPoolExecutor$Worker.run(ThreadPoolExecutor.java:624)
	at java.lang.Thread.run(Thread.java:748)
Caused by: org.rocksdb.RocksDBException: While mkdir if missing: /opt/src/hadoop-ozone/integration-test/target/test-dir/MiniOzoneClusterImpl-3f379463-9810-48df-887f-c222ef37097c/datanode-0/data/containers/hdds/500ceb14-8321-4c8a-b6b3-e488e41f7aab/current/containerDir0/1/metadata/1-dn-container.db: No such file or directory
	at org.rocksdb.RocksDB.open(Native Method)
	at org.rocksdb.RocksDB.open(RocksDB.java:231)
	at org.apache.hadoop.utils.RocksDBStore.<init>(RocksDBStore.java:71)
	... 15 more
2019-06-13 16:25:43,230 ERROR utils.ContainerCache (ContainerCache.java:getDB(137)) - Error opening DB. Container:5 ContainerPath:/opt/src/hadoop-ozone/integration-test/target/test-dir/MiniOzoneClusterImpl-3f379463-9810-48df-887f-c222ef37097c/datanode-0/data/containers/hdds/500ceb14-8321-4c8a-b6b3-e488e41f7aab/current/containerDir0/5/metadata/5-dn-container.db
java.io.IOException: Failed init RocksDB, db path : /opt/src/hadoop-ozone/integration-test/target/test-dir/MiniOzoneClusterImpl-3f379463-9810-48df-887f-c222ef37097c/datanode-0/data/containers/hdds/500ceb14-8321-4c8a-b6b3-e488e41f7aab/current/containerDir0/5/metadata/5-dn-container.db
	at org.apache.hadoop.utils.RocksDBStore.<init>(RocksDBStore.java:87)
	at org.apache.hadoop.utils.MetadataStoreBuilder.build(MetadataStoreBuilder.java:137)
	at org.apache.hadoop.ozone.container.common.utils.ContainerCache.getDB(ContainerCache.java:129)
	at org.apache.hadoop.ozone.container.keyvalue.helpers.BlockUtils.getDB(BlockUtils.java:77)
	at org.apache.hadoop.ozone.container.keyvalue.statemachine.background.BlockDeletingService$BlockDeletingTask.call(BlockDeletingService.java:188)
	at org.apache.hadoop.ozone.container.keyvalue.statemachine.background.BlockDeletingService$BlockDeletingTask.call(BlockDeletingService.java:172)
	at java.util.concurrent.FutureTask.run(FutureTask.java:266)
	at java.util.concurrent.Executors$RunnableAdapter.call(Executors.java:511)
	at java.util.concurrent.FutureTask.run(FutureTask.java:266)
	at java.util.concurrent.Executors$RunnableAdapter.call(Executors.java:511)
	at java.util.concurrent.FutureTask.run(FutureTask.java:266)
	at java.util.concurrent.ScheduledThreadPoolExecutor$ScheduledFutureTask.access$201(ScheduledThreadPoolExecutor.java:180)
	at java.util.concurrent.ScheduledThreadPoolExecutor$ScheduledFutureTask.run(ScheduledThreadPoolExecutor.java:293)
	at java.util.concurrent.ThreadPoolExecutor.runWorker(ThreadPoolExecutor.java:1149)
	at java.util.concurrent.ThreadPoolExecutor$Worker.run(ThreadPoolExecutor.java:624)
	at java.lang.Thread.run(Thread.java:748)
Caused by: org.rocksdb.RocksDBException: While mkdir if missing: /opt/src/hadoop-ozone/integration-test/target/test-dir/MiniOzoneClusterImpl-3f379463-9810-48df-887f-c222ef37097c/datanode-0/data/containers/hdds/500ceb14-8321-4c8a-b6b3-e488e41f7aab/current/containerDir0/5/metadata/5-dn-container.db: No such file or directory
	at org.rocksdb.RocksDB.open(Native Method)
	at org.rocksdb.RocksDB.open(RocksDB.java:231)
	at org.apache.hadoop.utils.RocksDBStore.<init>(RocksDBStore.java:71)
	... 15 more
2019-06-13 16:25:43,231 WARN  utils.BackgroundService (BackgroundService.java:lambda$run$0(135)) - Background task fails to execute, retrying in next interval
java.util.concurrent.ExecutionException: org.apache.hadoop.hdds.scm.container.common.helpers.StorageContainerException: Error opening DB. Container:5 ContainerPath:/opt/src/hadoop-ozone/integration-test/target/test-dir/MiniOzoneClusterImpl-3f379463-9810-48df-887f-c222ef37097c/datanode-0/data/containers/hdds/500ceb14-8321-4c8a-b6b3-e488e41f7aab/current/containerDir0/5/metadata/5-dn-container.db
	at java.util.concurrent.FutureTask.report(FutureTask.java:122)
	at java.util.concurrent.FutureTask.get(FutureTask.java:206)
	at org.apache.hadoop.utils.BackgroundService$PeriodicalTask.lambda$run$0(BackgroundService.java:129)
	at java.util.stream.ForEachOps$ForEachOp$OfRef.accept(ForEachOps.java:184)
	at java.util.ArrayList$ArrayListSpliterator.forEachRemaining(ArrayList.java:1382)
	at java.util.stream.AbstractPipeline.copyInto(AbstractPipeline.java:482)
	at java.util.stream.ForEachOps$ForEachTask.compute(ForEachOps.java:291)
	at java.util.concurrent.CountedCompleter.exec(CountedCompleter.java:731)
	at java.util.concurrent.ForkJoinTask.doExec(ForkJoinTask.java:289)
	at java.util.concurrent.ForkJoinPool$WorkQueue.runTask(ForkJoinPool.java:1056)
	at java.util.concurrent.ForkJoinPool.runWorker(ForkJoinPool.java:1692)
	at java.util.concurrent.ForkJoinWorkerThread.run(ForkJoinWorkerThread.java:157)
Caused by: org.apache.hadoop.hdds.scm.container.common.helpers.StorageContainerException: Error opening DB. Container:5 ContainerPath:/opt/src/hadoop-ozone/integration-test/target/test-dir/MiniOzoneClusterImpl-3f379463-9810-48df-887f-c222ef37097c/datanode-0/data/containers/hdds/500ceb14-8321-4c8a-b6b3-e488e41f7aab/current/containerDir0/5/metadata/5-dn-container.db
	at org.apache.hadoop.ozone.container.keyvalue.helpers.BlockUtils.getDB(BlockUtils.java:84)
	at org.apache.hadoop.ozone.container.keyvalue.statemachine.background.BlockDeletingService$BlockDeletingTask.call(BlockDeletingService.java:188)
	at org.apache.hadoop.ozone.container.keyvalue.statemachine.background.BlockDeletingService$BlockDeletingTask.call(BlockDeletingService.java:172)
	at java.util.concurrent.FutureTask.run(FutureTask.java:266)
	at java.util.concurrent.Executors$RunnableAdapter.call(Executors.java:511)
	at java.util.concurrent.FutureTask.run(FutureTask.java:266)
	at java.util.concurrent.Executors$RunnableAdapter.call(Executors.java:511)
	at java.util.concurrent.FutureTask.run(FutureTask.java:266)
	at java.util.concurrent.ScheduledThreadPoolExecutor$ScheduledFutureTask.access$201(ScheduledThreadPoolExecutor.java:180)
	at java.util.concurrent.ScheduledThreadPoolExecutor$ScheduledFutureTask.run(ScheduledThreadPoolExecutor.java:293)
	at java.util.concurrent.ThreadPoolExecutor.runWorker(ThreadPoolExecutor.java:1149)
	at java.util.concurrent.ThreadPoolExecutor$Worker.run(ThreadPoolExecutor.java:624)
	at java.lang.Thread.run(Thread.java:748)
2019-06-13 16:25:43,231 ERROR utils.ContainerCache (ContainerCache.java:getDB(137)) - Error opening DB. Container:4 ContainerPath:/opt/src/hadoop-ozone/integration-test/target/test-dir/MiniOzoneClusterImpl-3f379463-9810-48df-887f-c222ef37097c/datanode-0/data/containers/hdds/500ceb14-8321-4c8a-b6b3-e488e41f7aab/current/containerDir0/4/metadata/4-dn-container.db
java.io.IOException: Failed init RocksDB, db path : /opt/src/hadoop-ozone/integration-test/target/test-dir/MiniOzoneClusterImpl-3f379463-9810-48df-887f-c222ef37097c/datanode-0/data/containers/hdds/500ceb14-8321-4c8a-b6b3-e488e41f7aab/current/containerDir0/4/metadata/4-dn-container.db
	at org.apache.hadoop.utils.RocksDBStore.<init>(RocksDBStore.java:87)
	at org.apache.hadoop.utils.MetadataStoreBuilder.build(MetadataStoreBuilder.java:137)
	at org.apache.hadoop.ozone.container.common.utils.ContainerCache.getDB(ContainerCache.java:129)
	at org.apache.hadoop.ozone.container.keyvalue.helpers.BlockUtils.getDB(BlockUtils.java:77)
	at org.apache.hadoop.ozone.container.keyvalue.statemachine.background.BlockDeletingService$BlockDeletingTask.call(BlockDeletingService.java:188)
	at org.apache.hadoop.ozone.container.keyvalue.statemachine.background.BlockDeletingService$BlockDeletingTask.call(BlockDeletingService.java:172)
	at java.util.concurrent.FutureTask.run(FutureTask.java:266)
	at java.util.concurrent.Executors$RunnableAdapter.call(Executors.java:511)
	at java.util.concurrent.FutureTask.run(FutureTask.java:266)
	at java.util.concurrent.Executors$RunnableAdapter.call(Executors.java:511)
	at java.util.concurrent.FutureTask.run(FutureTask.java:266)
	at java.util.concurrent.ScheduledThreadPoolExecutor$ScheduledFutureTask.access$201(ScheduledThreadPoolExecutor.java:180)
	at java.util.concurrent.ScheduledThreadPoolExecutor$ScheduledFutureTask.run(ScheduledThreadPoolExecutor.java:293)
	at java.util.concurrent.ThreadPoolExecutor.runWorker(ThreadPoolExecutor.java:1149)
	at java.util.concurrent.ThreadPoolExecutor$Worker.run(ThreadPoolExecutor.java:624)
	at java.lang.Thread.run(Thread.java:748)
Caused by: org.rocksdb.RocksDBException: While mkdir if missing: /opt/src/hadoop-ozone/integration-test/target/test-dir/MiniOzoneClusterImpl-3f379463-9810-48df-887f-c222ef37097c/datanode-0/data/containers/hdds/500ceb14-8321-4c8a-b6b3-e488e41f7aab/current/containerDir0/4/metadata/4-dn-container.db: No such file or directory
	at org.rocksdb.RocksDB.open(Native Method)
	at org.rocksdb.RocksDB.open(RocksDB.java:231)
	at org.apache.hadoop.utils.RocksDBStore.<init>(RocksDBStore.java:71)
	... 15 more
2019-06-13 16:25:43,231 WARN  utils.BackgroundService (BackgroundService.java:lambda$run$0(135)) - Background task fails to execute, retrying in next interval
java.util.concurrent.ExecutionException: org.apache.hadoop.hdds.scm.container.common.helpers.StorageContainerException: Error opening DB. Container:1 ContainerPath:/opt/src/hadoop-ozone/integration-test/target/test-dir/MiniOzoneClusterImpl-3f379463-9810-48df-887f-c222ef37097c/datanode-0/data/containers/hdds/500ceb14-8321-4c8a-b6b3-e488e41f7aab/current/containerDir0/1/metadata/1-dn-container.db
	at java.util.concurrent.FutureTask.report(FutureTask.java:122)
	at java.util.concurrent.FutureTask.get(FutureTask.java:206)
	at org.apache.hadoop.utils.BackgroundService$PeriodicalTask.lambda$run$0(BackgroundService.java:129)
	at java.util.stream.ForEachOps$ForEachOp$OfRef.accept(ForEachOps.java:184)
	at java.util.ArrayList$ArrayListSpliterator.forEachRemaining(ArrayList.java:1382)
	at java.util.stream.AbstractPipeline.copyInto(AbstractPipeline.java:482)
	at java.util.stream.ForEachOps$ForEachTask.compute(ForEachOps.java:291)
	at java.util.concurrent.CountedCompleter.exec(CountedCompleter.java:731)
	at java.util.concurrent.ForkJoinTask.doExec(ForkJoinTask.java:289)
	at java.util.concurrent.ForkJoinPool$WorkQueue.execLocalTasks(ForkJoinPool.java:1040)
	at java.util.concurrent.ForkJoinPool$WorkQueue.runTask(ForkJoinPool.java:1058)
	at java.util.concurrent.ForkJoinPool.runWorker(ForkJoinPool.java:1692)
	at java.util.concurrent.ForkJoinWorkerThread.run(ForkJoinWorkerThread.java:157)
Caused by: org.apache.hadoop.hdds.scm.container.common.helpers.StorageContainerException: Error opening DB. Container:1 ContainerPath:/opt/src/hadoop-ozone/integration-test/target/test-dir/MiniOzoneClusterImpl-3f379463-9810-48df-887f-c222ef37097c/datanode-0/data/containers/hdds/500ceb14-8321-4c8a-b6b3-e488e41f7aab/current/containerDir0/1/metadata/1-dn-container.db
	at org.apache.hadoop.ozone.container.keyvalue.helpers.BlockUtils.getDB(BlockUtils.java:84)
	at org.apache.hadoop.ozone.container.keyvalue.statemachine.background.BlockDeletingService$BlockDeletingTask.call(BlockDeletingService.java:188)
	at org.apache.hadoop.ozone.container.keyvalue.statemachine.background.BlockDeletingService$BlockDeletingTask.call(BlockDeletingService.java:172)
	at java.util.concurrent.FutureTask.run(FutureTask.java:266)
	at java.util.concurrent.Executors$RunnableAdapter.call(Executors.java:511)
	at java.util.concurrent.FutureTask.run(FutureTask.java:266)
	at java.util.concurrent.Executors$RunnableAdapter.call(Executors.java:511)
	at java.util.concurrent.FutureTask.run(FutureTask.java:266)
	at java.util.concurrent.ScheduledThreadPoolExecutor$ScheduledFutureTask.access$201(ScheduledThreadPoolExecutor.java:180)
	at java.util.concurrent.ScheduledThreadPoolExecutor$ScheduledFutureTask.run(ScheduledThreadPoolExecutor.java:293)
	at java.util.concurrent.ThreadPoolExecutor.runWorker(ThreadPoolExecutor.java:1149)
	at java.util.concurrent.ThreadPoolExecutor$Worker.run(ThreadPoolExecutor.java:624)
	at java.lang.Thread.run(Thread.java:748)
2019-06-13 16:25:43,231 WARN  utils.BackgroundService (BackgroundService.java:lambda$run$0(135)) - Background task fails to execute, retrying in next interval
java.util.concurrent.ExecutionException: org.apache.hadoop.hdds.scm.container.common.helpers.StorageContainerException: Error opening DB. Container:4 ContainerPath:/opt/src/hadoop-ozone/integration-test/target/test-dir/MiniOzoneClusterImpl-3f379463-9810-48df-887f-c222ef37097c/datanode-0/data/containers/hdds/500ceb14-8321-4c8a-b6b3-e488e41f7aab/current/containerDir0/4/metadata/4-dn-container.db
	at java.util.concurrent.FutureTask.report(FutureTask.java:122)
	at java.util.concurrent.FutureTask.get(FutureTask.java:206)
	at org.apache.hadoop.utils.BackgroundService$PeriodicalTask.lambda$run$0(BackgroundService.java:129)
	at java.util.stream.ForEachOps$ForEachOp$OfRef.accept(ForEachOps.java:184)
	at java.util.ArrayList$ArrayListSpliterator.forEachRemaining(ArrayList.java:1382)
	at java.util.stream.AbstractPipeline.copyInto(AbstractPipeline.java:482)
	at java.util.stream.ForEachOps$ForEachTask.compute(ForEachOps.java:291)
	at java.util.concurrent.CountedCompleter.exec(CountedCompleter.java:731)
	at java.util.concurrent.ForkJoinTask.doExec(ForkJoinTask.java:289)
	at java.util.concurrent.ForkJoinTask.doInvoke(ForkJoinTask.java:401)
	at java.util.concurrent.ForkJoinTask.invoke(ForkJoinTask.java:734)
	at java.util.stream.ForEachOps$ForEachOp.evaluateParallel(ForEachOps.java:160)
	at java.util.stream.ForEachOps$ForEachOp$OfRef.evaluateParallel(ForEachOps.java:174)
	at java.util.stream.AbstractPipeline.evaluate(AbstractPipeline.java:233)
	at java.util.stream.ReferencePipeline.forEach(ReferencePipeline.java:418)
	at java.util.stream.ReferencePipeline$Head.forEach(ReferencePipeline.java:583)
	at org.apache.hadoop.utils.BackgroundService$PeriodicalTask.run(BackgroundService.java:125)
	at java.util.concurrent.Executors$RunnableAdapter.call(Executors.java:511)
	at java.util.concurrent.FutureTask.runAndReset(FutureTask.java:308)
	at java.util.concurrent.ScheduledThreadPoolExecutor$ScheduledFutureTask.access$301(ScheduledThreadPoolExecutor.java:180)
	at java.util.concurrent.ScheduledThreadPoolExecutor$ScheduledFutureTask.run(ScheduledThreadPoolExecutor.java:294)
	at java.util.concurrent.ThreadPoolExecutor.runWorker(ThreadPoolExecutor.java:1149)
	at java.util.concurrent.ThreadPoolExecutor$Worker.run(ThreadPoolExecutor.java:624)
	at java.lang.Thread.run(Thread.java:748)
Caused by: org.apache.hadoop.hdds.scm.container.common.helpers.StorageContainerException: Error opening DB. Container:4 ContainerPath:/opt/src/hadoop-ozone/integration-test/target/test-dir/MiniOzoneClusterImpl-3f379463-9810-48df-887f-c222ef37097c/datanode-0/data/containers/hdds/500ceb14-8321-4c8a-b6b3-e488e41f7aab/current/containerDir0/4/metadata/4-dn-container.db
	at org.apache.hadoop.ozone.container.keyvalue.helpers.BlockUtils.getDB(BlockUtils.java:84)
	at org.apache.hadoop.ozone.container.keyvalue.statemachine.background.BlockDeletingService$BlockDeletingTask.call(BlockDeletingService.java:188)
	at org.apache.hadoop.ozone.container.keyvalue.statemachine.background.BlockDeletingService$BlockDeletingTask.call(BlockDeletingService.java:172)
	at java.util.concurrent.FutureTask.run(FutureTask.java:266)
	at java.util.concurrent.Executors$RunnableAdapter.call(Executors.java:511)
	at java.util.concurrent.FutureTask.run(FutureTask.java:266)
	at java.util.concurrent.Executors$RunnableAdapter.call(Executors.java:511)
	at java.util.concurrent.FutureTask.run(FutureTask.java:266)
	at java.util.concurrent.ScheduledThreadPoolExecutor$ScheduledFutureTask.access$201(ScheduledThreadPoolExecutor.java:180)
	at java.util.concurrent.ScheduledThreadPoolExecutor$ScheduledFutureTask.run(ScheduledThreadPoolExecutor.java:293)
	... 3 more
2019-06-13 16:25:43,231 ERROR utils.ContainerCache (ContainerCache.java:getDB(137)) - Error opening DB. Container:3 ContainerPath:/opt/src/hadoop-ozone/integration-test/target/test-dir/MiniOzoneClusterImpl-3f379463-9810-48df-887f-c222ef37097c/datanode-0/data/containers/hdds/500ceb14-8321-4c8a-b6b3-e488e41f7aab/current/containerDir0/3/metadata/3-dn-container.db
java.io.IOException: Failed init RocksDB, db path : /opt/src/hadoop-ozone/integration-test/target/test-dir/MiniOzoneClusterImpl-3f379463-9810-48df-887f-c222ef37097c/datanode-0/data/containers/hdds/500ceb14-8321-4c8a-b6b3-e488e41f7aab/current/containerDir0/3/metadata/3-dn-container.db
	at org.apache.hadoop.utils.RocksDBStore.<init>(RocksDBStore.java:87)
	at org.apache.hadoop.utils.MetadataStoreBuilder.build(MetadataStoreBuilder.java:137)
	at org.apache.hadoop.ozone.container.common.utils.ContainerCache.getDB(ContainerCache.java:129)
	at org.apache.hadoop.ozone.container.keyvalue.helpers.BlockUtils.getDB(BlockUtils.java:77)
	at org.apache.hadoop.ozone.container.keyvalue.statemachine.background.BlockDeletingService$BlockDeletingTask.call(BlockDeletingService.java:188)
	at org.apache.hadoop.ozone.container.keyvalue.statemachine.background.BlockDeletingService$BlockDeletingTask.call(BlockDeletingService.java:172)
	at java.util.concurrent.FutureTask.run(FutureTask.java:266)
	at java.util.concurrent.Executors$RunnableAdapter.call(Executors.java:511)
	at java.util.concurrent.FutureTask.run(FutureTask.java:266)
	at java.util.concurrent.Executors$RunnableAdapter.call(Executors.java:511)
	at java.util.concurrent.FutureTask.run(FutureTask.java:266)
	at java.util.concurrent.ScheduledThreadPoolExecutor$ScheduledFutureTask.access$201(ScheduledThreadPoolExecutor.java:180)
	at java.util.concurrent.ScheduledThreadPoolExecutor$ScheduledFutureTask.run(ScheduledThreadPoolExecutor.java:293)
	at java.util.concurrent.ThreadPoolExecutor.runWorker(ThreadPoolExecutor.java:1149)
	at java.util.concurrent.ThreadPoolExecutor$Worker.run(ThreadPoolExecutor.java:624)
	at java.lang.Thread.run(Thread.java:748)
Caused by: org.rocksdb.RocksDBException: While mkdir if missing: /opt/src/hadoop-ozone/integration-test/target/test-dir/MiniOzoneClusterImpl-3f379463-9810-48df-887f-c222ef37097c/datanode-0/data/containers/hdds/500ceb14-8321-4c8a-b6b3-e488e41f7aab/current/containerDir0/3/metadata/3-dn-container.db: No such file or directory
	at org.rocksdb.RocksDB.open(Native Method)
	at org.rocksdb.RocksDB.open(RocksDB.java:231)
	at org.apache.hadoop.utils.RocksDBStore.<init>(RocksDBStore.java:71)
	... 15 more
2019-06-13 16:25:43,232 WARN  utils.BackgroundService (BackgroundService.java:lambda$run$0(135)) - Background task fails to execute, retrying in next interval
java.util.concurrent.ExecutionException: org.apache.hadoop.hdds.scm.container.common.helpers.StorageContainerException: Error opening DB. Container:3 ContainerPath:/opt/src/hadoop-ozone/integration-test/target/test-dir/MiniOzoneClusterImpl-3f379463-9810-48df-887f-c222ef37097c/datanode-0/data/containers/hdds/500ceb14-8321-4c8a-b6b3-e488e41f7aab/current/containerDir0/3/metadata/3-dn-container.db
	at java.util.concurrent.FutureTask.report(FutureTask.java:122)
	at java.util.concurrent.FutureTask.get(FutureTask.java:206)
	at org.apache.hadoop.utils.BackgroundService$PeriodicalTask.lambda$run$0(BackgroundService.java:129)
	at java.util.stream.ForEachOps$ForEachOp$OfRef.accept(ForEachOps.java:184)
	at java.util.ArrayList$ArrayListSpliterator.forEachRemaining(ArrayList.java:1382)
	at java.util.stream.AbstractPipeline.copyInto(AbstractPipeline.java:482)
	at java.util.stream.ForEachOps$ForEachTask.compute(ForEachOps.java:291)
	at java.util.concurrent.CountedCompleter.exec(CountedCompleter.java:731)
	at java.util.concurrent.ForkJoinTask.doExec(ForkJoinTask.java:289)
	at java.util.concurrent.ForkJoinPool$WorkQueue.pollAndExecCC(ForkJoinPool.java:1190)
	at java.util.concurrent.ForkJoinPool.helpComplete(ForkJoinPool.java:1879)
	at java.util.concurrent.ForkJoinPool.externalHelpComplete(ForkJoinPool.java:2467)
	at java.util.concurrent.ForkJoinTask.externalAwaitDone(ForkJoinTask.java:324)
	at java.util.concurrent.ForkJoinTask.doInvoke(ForkJoinTask.java:405)
	at java.util.concurrent.ForkJoinTask.invoke(ForkJoinTask.java:734)
	at java.util.stream.ForEachOps$ForEachOp.evaluateParallel(ForEachOps.java:160)
	at java.util.stream.ForEachOps$ForEachOp$OfRef.evaluateParallel(ForEachOps.java:174)
	at java.util.stream.AbstractPipeline.evaluate(AbstractPipeline.java:233)
	at java.util.stream.ReferencePipeline.forEach(ReferencePipeline.java:418)
	at java.util.stream.ReferencePipeline$Head.forEach(ReferencePipeline.java:583)
	at org.apache.hadoop.utils.BackgroundService$PeriodicalTask.run(BackgroundService.java:125)
	at java.util.concurrent.Executors$RunnableAdapter.call(Executors.java:511)
	at java.util.concurrent.FutureTask.runAndReset(FutureTask.java:308)
	at java.util.concurrent.ScheduledThreadPoolExecutor$ScheduledFutureTask.access$301(ScheduledThreadPoolExecutor.java:180)
	at java.util.concurrent.ScheduledThreadPoolExecutor$ScheduledFutureTask.run(ScheduledThreadPoolExecutor.java:294)
	at java.util.concurrent.ThreadPoolExecutor.runWorker(ThreadPoolExecutor.java:1149)
	at java.util.concurrent.ThreadPoolExecutor$Worker.run(ThreadPoolExecutor.java:624)
	at java.lang.Thread.run(Thread.java:748)
Caused by: org.apache.hadoop.hdds.scm.container.common.helpers.StorageContainerException: Error opening DB. Container:3 ContainerPath:/opt/src/hadoop-ozone/integration-test/target/test-dir/MiniOzoneClusterImpl-3f379463-9810-48df-887f-c222ef37097c/datanode-0/data/containers/hdds/500ceb14-8321-4c8a-b6b3-e488e41f7aab/current/containerDir0/3/metadata/3-dn-container.db
	at org.apache.hadoop.ozone.container.keyvalue.helpers.BlockUtils.getDB(BlockUtils.java:84)
	at org.apache.hadoop.ozone.container.keyvalue.statemachine.background.BlockDeletingService$BlockDeletingTask.call(BlockDeletingService.java:188)
	at org.apache.hadoop.ozone.container.keyvalue.statemachine.background.BlockDeletingService$BlockDeletingTask.call(BlockDeletingService.java:172)
	at java.util.concurrent.FutureTask.run(FutureTask.java:266)
	at java.util.concurrent.Executors$RunnableAdapter.call(Executors.java:511)
	at java.util.concurrent.FutureTask.run(FutureTask.java:266)
	at java.util.concurrent.Executors$RunnableAdapter.call(Executors.java:511)
	at java.util.concurrent.FutureTask.run(FutureTask.java:266)
	at java.util.concurrent.ScheduledThreadPoolExecutor$ScheduledFutureTask.access$201(ScheduledThreadPoolExecutor.java:180)
	at java.util.concurrent.ScheduledThreadPoolExecutor$ScheduledFutureTask.run(ScheduledThreadPoolExecutor.java:293)
	... 3 more
2019-06-13 16:25:43,232 ERROR utils.ContainerCache (ContainerCache.java:getDB(137)) - Error opening DB. Container:2 ContainerPath:/opt/src/hadoop-ozone/integration-test/target/test-dir/MiniOzoneClusterImpl-3f379463-9810-48df-887f-c222ef37097c/datanode-0/data/containers/hdds/500ceb14-8321-4c8a-b6b3-e488e41f7aab/current/containerDir0/2/metadata/2-dn-container.db
java.io.IOException: Failed init RocksDB, db path : /opt/src/hadoop-ozone/integration-test/target/test-dir/MiniOzoneClusterImpl-3f379463-9810-48df-887f-c222ef37097c/datanode-0/data/containers/hdds/500ceb14-8321-4c8a-b6b3-e488e41f7aab/current/containerDir0/2/metadata/2-dn-container.db
	at org.apache.hadoop.utils.RocksDBStore.<init>(RocksDBStore.java:87)
	at org.apache.hadoop.utils.MetadataStoreBuilder.build(MetadataStoreBuilder.java:137)
	at org.apache.hadoop.ozone.container.common.utils.ContainerCache.getDB(ContainerCache.java:129)
	at org.apache.hadoop.ozone.container.keyvalue.helpers.BlockUtils.getDB(BlockUtils.java:77)
	at org.apache.hadoop.ozone.container.keyvalue.statemachine.background.BlockDeletingService$BlockDeletingTask.call(BlockDeletingService.java:188)
	at org.apache.hadoop.ozone.container.keyvalue.statemachine.background.BlockDeletingService$BlockDeletingTask.call(BlockDeletingService.java:172)
	at java.util.concurrent.FutureTask.run(FutureTask.java:266)
	at java.util.concurrent.Executors$RunnableAdapter.call(Executors.java:511)
	at java.util.concurrent.FutureTask.run(FutureTask.java:266)
	at java.util.concurrent.Executors$RunnableAdapter.call(Executors.java:511)
	at java.util.concurrent.FutureTask.run(FutureTask.java:266)
	at java.util.concurrent.ScheduledThreadPoolExecutor$ScheduledFutureTask.access$201(ScheduledThreadPoolExecutor.java:180)
	at java.util.concurrent.ScheduledThreadPoolExecutor$ScheduledFutureTask.run(ScheduledThreadPoolExecutor.java:293)
	at java.util.concurrent.ThreadPoolExecutor.runWorker(ThreadPoolExecutor.java:1149)
	at java.util.concurrent.ThreadPoolExecutor$Worker.run(ThreadPoolExecutor.java:624)
	at java.lang.Thread.run(Thread.java:748)
Caused by: org.rocksdb.RocksDBException: While mkdir if missing: /opt/src/hadoop-ozone/integration-test/target/test-dir/MiniOzoneClusterImpl-3f379463-9810-48df-887f-c222ef37097c/datanode-0/data/containers/hdds/500ceb14-8321-4c8a-b6b3-e488e41f7aab/current/containerDir0/2/metadata/2-dn-container.db: No such file or directory
	at org.rocksdb.RocksDB.open(Native Method)
	at org.rocksdb.RocksDB.open(RocksDB.java:231)
	at org.apache.hadoop.utils.RocksDBStore.<init>(RocksDBStore.java:71)
	... 15 more
2019-06-13 16:25:43,232 WARN  utils.BackgroundService (BackgroundService.java:lambda$run$0(135)) - Background task fails to execute, retrying in next interval
java.util.concurrent.ExecutionException: org.apache.hadoop.hdds.scm.container.common.helpers.StorageContainerException: Error opening DB. Container:2 ContainerPath:/opt/src/hadoop-ozone/integration-test/target/test-dir/MiniOzoneClusterImpl-3f379463-9810-48df-887f-c222ef37097c/datanode-0/data/containers/hdds/500ceb14-8321-4c8a-b6b3-e488e41f7aab/current/containerDir0/2/metadata/2-dn-container.db
	at java.util.concurrent.FutureTask.report(FutureTask.java:122)
	at java.util.concurrent.FutureTask.get(FutureTask.java:206)
	at org.apache.hadoop.utils.BackgroundService$PeriodicalTask.lambda$run$0(BackgroundService.java:129)
	at java.util.stream.ForEachOps$ForEachOp$OfRef.accept(ForEachOps.java:184)
	at java.util.ArrayList$ArrayListSpliterator.forEachRemaining(ArrayList.java:1382)
	at java.util.stream.AbstractPipeline.copyInto(AbstractPipeline.java:482)
	at java.util.stream.ForEachOps$ForEachTask.compute(ForEachOps.java:291)
	at java.util.concurrent.CountedCompleter.exec(CountedCompleter.java:731)
	at java.util.concurrent.ForkJoinTask.doExec(ForkJoinTask.java:289)
	at java.util.concurrent.ForkJoinPool$WorkQueue.runTask(ForkJoinPool.java:1056)
	at java.util.concurrent.ForkJoinPool.runWorker(ForkJoinPool.java:1692)
	at java.util.concurrent.ForkJoinWorkerThread.run(ForkJoinWorkerThread.java:157)
Caused by: org.apache.hadoop.hdds.scm.container.common.helpers.StorageContainerException: Error opening DB. Container:2 ContainerPath:/opt/src/hadoop-ozone/integration-test/target/test-dir/MiniOzoneClusterImpl-3f379463-9810-48df-887f-c222ef37097c/datanode-0/data/containers/hdds/500ceb14-8321-4c8a-b6b3-e488e41f7aab/current/containerDir0/2/metadata/2-dn-container.db
	at org.apache.hadoop.ozone.container.keyvalue.helpers.BlockUtils.getDB(BlockUtils.java:84)
	at org.apache.hadoop.ozone.container.keyvalue.statemachine.background.BlockDeletingService$BlockDeletingTask.call(BlockDeletingService.java:188)
	at org.apache.hadoop.ozone.container.keyvalue.statemachine.background.BlockDeletingService$BlockDeletingTask.call(BlockDeletingService.java:172)
	at java.util.concurrent.FutureTask.run(FutureTask.java:266)
	at java.util.concurrent.Executors$RunnableAdapter.call(Executors.java:511)
	at java.util.concurrent.FutureTask.run(FutureTask.java:266)
	at java.util.concurrent.Executors$RunnableAdapter.call(Executors.java:511)
	at java.util.concurrent.FutureTask.run(FutureTask.java:266)
	at java.util.concurrent.ScheduledThreadPoolExecutor$ScheduledFutureTask.access$201(ScheduledThreadPoolExecutor.java:180)
	at java.util.concurrent.ScheduledThreadPoolExecutor$ScheduledFutureTask.run(ScheduledThreadPoolExecutor.java:293)
	at java.util.concurrent.ThreadPoolExecutor.runWorker(ThreadPoolExecutor.java:1149)
	at java.util.concurrent.ThreadPoolExecutor$Worker.run(ThreadPoolExecutor.java:624)
	at java.lang.Thread.run(Thread.java:748)
2019-06-13 16:25:44,051 INFO  ozone.MiniOzoneClusterImpl (MiniOzoneClusterImpl.java:lambda$waitForClusterToBeReady$0(142)) - Cluster is ready. Got 1 of 1 DN Heartbeats.
16:25:44.052 [Thread-719] ERROR SCMAudit - user=null | ip=null | op=DELETE_CONTAINER {remoteUser=unknownUser, containerID=1560443144051} | ret=FAILURE
java.io.IOException: Access denied for user unknownUser. Superuser privilege is required.
	at org.apache.hadoop.hdds.scm.server.StorageContainerManager.checkAdminAccess(StorageContainerManager.java:957) ~[hadoop-hdds-server-scm-0.5.0-SNAPSHOT.jar:?]
	at org.apache.hadoop.hdds.scm.server.SCMClientProtocolServer.deleteContainer(SCMClientProtocolServer.java:326) [hadoop-hdds-server-scm-0.5.0-SNAPSHOT.jar:?]
	at org.apache.hadoop.hdds.scm.server.SCMClientProtocolServer$$EnhancerByMockitoWithCGLIB$$7e069451.CGLIB$deleteContainer$2(<generated>) [mockito-all-1.8.5.jar:?]
	at org.apache.hadoop.hdds.scm.server.SCMClientProtocolServer$$EnhancerByMockitoWithCGLIB$$7e069451$$FastClassByMockitoWithCGLIB$$ce5160e0.invoke(<generated>) [mockito-all-1.8.5.jar:?]
	at org.mockito.cglib.proxy.MethodProxy.invokeSuper(MethodProxy.java:216) [mockito-all-1.8.5.jar:?]
	at org.mockito.internal.creation.AbstractMockitoMethodProxy.invokeSuper(AbstractMockitoMethodProxy.java:10) [mockito-all-1.8.5.jar:?]
	at org.mockito.internal.invocation.realmethod.CGLIBProxyRealMethod.invoke(CGLIBProxyRealMethod.java:22) [mockito-all-1.8.5.jar:?]
	at org.mockito.internal.invocation.realmethod.FilteredCGLIBProxyRealMethod.invoke(FilteredCGLIBProxyRealMethod.java:27) [mockito-all-1.8.5.jar:?]
	at org.mockito.internal.invocation.Invocation.callRealMethod(Invocation.java:211) [mockito-all-1.8.5.jar:?]
	at org.mockito.internal.stubbing.answers.CallsRealMethods.answer(CallsRealMethods.java:36) [mockito-all-1.8.5.jar:?]
	at org.mockito.internal.MockHandler.handle(MockHandler.java:99) [mockito-all-1.8.5.jar:?]
	at org.mockito.internal.creation.MethodInterceptorFilter.intercept(MethodInterceptorFilter.java:47) [mockito-all-1.8.5.jar:?]
	at org.apache.hadoop.hdds.scm.server.SCMClientProtocolServer$$EnhancerByMockitoWithCGLIB$$7e069451.deleteContainer(<generated>) [mockito-all-1.8.5.jar:?]
	at org.apache.hadoop.ozone.TestStorageContainerManager.testRpcPermissionWithConf(TestStorageContainerManager.java:147) [test-classes/:?]
	at org.apache.hadoop.ozone.TestStorageContainerManager.testRpcPermission(TestStorageContainerManager.java:129) [test-classes/:?]
	at sun.reflect.NativeMethodAccessorImpl.invoke0(Native Method) ~[?:1.8.0_212]
	at sun.reflect.NativeMethodAccessorImpl.invoke(NativeMethodAccessorImpl.java:62) ~[?:1.8.0_212]
	at sun.reflect.DelegatingMethodAccessorImpl.invoke(DelegatingMethodAccessorImpl.java:43) ~[?:1.8.0_212]
	at java.lang.reflect.Method.invoke(Method.java:498) ~[?:1.8.0_212]
	at org.junit.runners.model.FrameworkMethod$1.runReflectiveCall(FrameworkMethod.java:47) [junit-4.11.jar:?]
	at org.junit.internal.runners.model.ReflectiveCallable.run(ReflectiveCallable.java:12) [junit-4.11.jar:?]
	at org.junit.runners.model.FrameworkMethod.invokeExplosively(FrameworkMethod.java:44) [junit-4.11.jar:?]
	at org.junit.internal.runners.statements.InvokeMethod.evaluate(InvokeMethod.java:17) [junit-4.11.jar:?]
	at org.junit.internal.runners.statements.FailOnTimeout$StatementThread.run(FailOnTimeout.java:74) [junit-4.11.jar:?]
2019-06-13 16:25:44,053 INFO  ozone.MiniOzoneClusterImpl (MiniOzoneClusterImpl.java:shutdown(321)) - Shutting down the Mini Ozone Cluster
2019-06-13 16:25:44,053 INFO  ozone.MiniOzoneClusterImpl (MiniOzoneClusterImpl.java:stop(336)) - Stopping the Mini Ozone Cluster
2019-06-13 16:25:44,053 INFO  ozone.MiniOzoneClusterImpl (MiniOzoneClusterImpl.java:stop(338)) - Stopping the OzoneManager
2019-06-13 16:25:44,053 INFO  ipc.Server (Server.java:stop(3082)) - Stopping server on 38731
2019-06-13 16:25:44,058 INFO  utils.BackgroundService (BackgroundService.java:shutdown(148)) - Shutting down service KeyDeletingService
2019-06-13 16:25:44,058 INFO  ipc.Server (Server.java:run(1319)) - Stopping IPC Server Responder
2019-06-13 16:25:44,058 INFO  ipc.Server (Server.java:run(1185)) - Stopping IPC Server listener on 38731
2019-06-13 16:25:44,060 INFO  handler.ContextHandler (ContextHandler.java:doStop(910)) - Stopped o.e.j.w.WebAppContext@456646f5{/,null,UNAVAILABLE}{/ozoneManager}
2019-06-13 16:25:44,061 INFO  server.AbstractConnector (AbstractConnector.java:doStop(318)) - Stopped ServerConnector@396efa4e{HTTP/1.1,[http/1.1]}{0.0.0.0:0}
2019-06-13 16:25:44,061 INFO  handler.ContextHandler (ContextHandler.java:doStop(910)) - Stopped o.e.j.s.ServletContextHandler@48f50566{/static,file:///opt/src/hadoop-ozone/integration-test/target/test-classes/webapps/static,UNAVAILABLE}
2019-06-13 16:25:44,061 INFO  handler.ContextHandler (ContextHandler.java:doStop(910)) - Stopped o.e.j.s.ServletContextHandler@2a6a5ec8{/logs,file:///opt/src/hadoop-ozone/integration-test/target/log,UNAVAILABLE}
2019-06-13 16:25:44,063 INFO  ozone.MiniOzoneClusterImpl (MiniOzoneClusterImpl.java:stop(344)) - Stopping the StorageContainerManager
2019-06-13 16:25:44,063 INFO  server.StorageContainerManager (StorageContainerManager.java:stop(789)) - Stopping Replication Manager Service.
2019-06-13 16:25:44,063 INFO  container.ReplicationManager (ReplicationManager.java:stop(191)) - Replication Monitor Thread is not running.
2019-06-13 16:25:44,063 INFO  server.StorageContainerManager (StorageContainerManager.java:stop(796)) - Stopping Lease Manager of the command watchers
2019-06-13 16:25:44,063 INFO  server.StorageContainerManager (StorageContainerManager.java:stop(803)) - Stopping datanode service RPC server
2019-06-13 16:25:44,063 INFO  server.SCMDatanodeProtocolServer (SCMDatanodeProtocolServer.java:stop(373)) - Stopping the RPC server for DataNodes
2019-06-13 16:25:44,064 INFO  ipc.Server (Server.java:stop(3082)) - Stopping server on 40749
2019-06-13 16:25:44,064 INFO  ipc.Server (Server.java:run(1185)) - Stopping IPC Server listener on 40749
2019-06-13 16:25:44,066 INFO  ipc.Server (Server.java:run(1319)) - Stopping IPC Server Responder
2019-06-13 16:25:44,066 INFO  server.StorageContainerManager (StorageContainerManager.java:stop(811)) - Stopping block service RPC server
2019-06-13 16:25:44,066 INFO  server.SCMBlockProtocolServer (SCMBlockProtocolServer.java:stop(145)) - Stopping the RPC server for Block Protocol
2019-06-13 16:25:44,067 INFO  ipc.Server (Server.java:stop(3082)) - Stopping server on 44265
2019-06-13 16:25:44,068 INFO  ipc.Server (Server.java:run(1185)) - Stopping IPC Server listener on 44265
2019-06-13 16:25:44,068 INFO  server.StorageContainerManager (StorageContainerManager.java:stop(818)) - Stopping the StorageContainerLocationProtocol RPC server
2019-06-13 16:25:44,070 INFO  server.SCMClientProtocolServer (SCMClientProtocolServer.java:stop(157)) - Stopping the RPC server for Client Protocol
2019-06-13 16:25:44,070 INFO  ipc.Server (Server.java:run(1319)) - Stopping IPC Server Responder
2019-06-13 16:25:44,070 INFO  ipc.Server (Server.java:stop(3082)) - Stopping server on 39691
2019-06-13 16:25:44,072 INFO  ipc.Server (Server.java:run(1185)) - Stopping IPC Server listener on 39691
2019-06-13 16:25:44,073 INFO  server.StorageContainerManager (StorageContainerManager.java:stop(825)) - Stopping Storage Container Manager HTTP server.
2019-06-13 16:25:44,073 INFO  ipc.Server (Server.java:run(1319)) - Stopping IPC Server Responder
2019-06-13 16:25:44,073 INFO  handler.ContextHandler (ContextHandler.java:doStop(910)) - Stopped o.e.j.w.WebAppContext@38d09368{/,null,UNAVAILABLE}{/scm}
2019-06-13 16:25:44,074 INFO  server.AbstractConnector (AbstractConnector.java:doStop(318)) - Stopped ServerConnector@34bd2211{HTTP/1.1,[http/1.1]}{0.0.0.0:0}
2019-06-13 16:25:44,074 INFO  handler.ContextHandler (ContextHandler.java:doStop(910)) - Stopped o.e.j.s.ServletContextHandler@48b09886{/static,file:///opt/src/hadoop-ozone/integration-test/target/test-classes/webapps/static,UNAVAILABLE}
2019-06-13 16:25:44,074 INFO  handler.ContextHandler (ContextHandler.java:doStop(910)) - Stopped o.e.j.s.ServletContextHandler@65c27490{/logs,file:///opt/src/hadoop-ozone/integration-test/target/log,UNAVAILABLE}
2019-06-13 16:25:44,075 INFO  server.StorageContainerManager (StorageContainerManager.java:stop(836)) - Stopping Block Manager Service.
2019-06-13 16:25:44,075 INFO  utils.BackgroundService (BackgroundService.java:shutdown(148)) - Shutting down service SCMBlockDeletingService
2019-06-13 16:25:44,075 INFO  utils.BackgroundService (BackgroundService.java:shutdown(148)) - Shutting down service SCMBlockDeletingService
2019-06-13 16:25:44,075 INFO  server.StorageContainerManager (StorageContainerManager.java:stop(858)) - Stopping SCM Event Queue.
2019-06-13 16:25:44,078 INFO  ozone.MiniOzoneClusterImpl (MiniOzoneClusterImpl.java:stop(350)) - Shutting the HddsDatanodes
2019-06-13 16:25:44,078 INFO  datanode.ObjectStoreHandler (ObjectStoreHandler.java:close(155)) - Closing ObjectStoreHandler.
2019-06-13 16:25:44,079 INFO  ozone.HddsDatanodeService (HddsDatanodeService.java:stop(452)) - Stopped plug-in org.apache.hadoop.ozone.web.OzoneHddsDatanodeService@78c0fdb5
2019-06-13 16:25:44,079 INFO  statemachine.DatanodeStateMachine (DatanodeStateMachine.java:lambda$startDaemon$0(350)) - Ozone container server started.
2019-06-13 16:25:44,079 INFO  ozoneimpl.OzoneContainer (OzoneContainer.java:stop(199)) - Attempting to stop container services.
2019-06-13 16:25:44,079 INFO  impl.RaftServerProxy (RaftServerProxy.java:lambda$close$4(314)) - b12dc4ac-fe03-4586-b2c9-644bb0284f29: close
2019-06-13 16:25:44,080 INFO  impl.RaftServerImpl (RaftServerImpl.java:lambda$shutdown$3(238)) - b12dc4ac-fe03-4586-b2c9-644bb0284f29: shutdown group-E5DB66D22BAC
2019-06-13 16:25:44,080 INFO  util.JmxRegister (JmxRegister.java:unregister(73)) - Successfully un-registered JMX Bean with object name Ratis:service=RaftServer,group=group-E5DB66D22BAC,id=b12dc4ac-fe03-4586-b2c9-644bb0284f29
2019-06-13 16:25:44,080 INFO  impl.RoleInfo (RoleInfo.java:shutdownFollowerState(121)) - b12dc4ac-fe03-4586-b2c9-644bb0284f29: shutdown FollowerState
2019-06-13 16:25:44,080 INFO  impl.StateMachineUpdater (StateMachineUpdater.java:stopAndJoin(109)) - StateMachineUpdater-b12dc4ac-fe03-4586-b2c9-644bb0284f29-group-E5DB66D22BAC: set stopIndex = -1
2019-06-13 16:25:44,080 INFO  ratis.ContainerStateMachine (ContainerStateMachine.java:takeSnapshot(245)) - Taking snapshot at termIndex:(t:0, i:~)
2019-06-13 16:25:44,080 INFO  impl.FollowerState (FollowerState.java:run(109)) - b12dc4ac-fe03-4586-b2c9-644bb0284f29: FollowerState was interrupted: java.lang.InterruptedException: sleep interrupted
2019-06-13 16:25:44,082 INFO  impl.RaftServerImpl (ServerState.java:close(394)) - b12dc4ac-fe03-4586-b2c9-644bb0284f29:group-E5DB66D22BAC closes. The last applied log index is -1
2019-06-13 16:25:44,082 INFO  storage.RaftLogWorker (RaftLogWorker.java:run(236)) - b12dc4ac-fe03-4586-b2c9-644bb0284f29-RaftLogWorker was interrupted, exiting. There are 0 tasks remaining in the queue.
2019-06-13 16:25:44,082 INFO  storage.RaftLogWorker (RaftLogWorker.java:close(168)) - b12dc4ac-fe03-4586-b2c9-644bb0284f29-RaftLogWorker close()
2019-06-13 16:25:44,084 INFO  server.GrpcService (GrpcService.java:closeImpl(154)) - b12dc4ac-fe03-4586-b2c9-644bb0284f29: shutdown server with port 41875 now
2019-06-13 16:25:44,085 INFO  server.GrpcService (GrpcService.java:closeImpl(162)) - b12dc4ac-fe03-4586-b2c9-644bb0284f29: shutdown server with port 41875 successfully
2019-06-13 16:25:44,086 WARN  fs.CachingGetSpaceUsed (CachingGetSpaceUsed.java:run(183)) - Thread Interrupted waiting to refresh disk information: sleep interrupted
2019-06-13 16:25:44,096 INFO  statemachine.DatanodeStateMachine (DatanodeStateMachine.java:stopDaemon(395)) - Ozone container server stopped.
2019-06-13 16:25:44,096 INFO  handler.ContextHandler (ContextHandler.java:doStop(910)) - Stopped o.e.j.w.WebAppContext@1994d67c{/,null,UNAVAILABLE}{/hddsDatanode}
2019-06-13 16:25:44,097 INFO  server.AbstractConnector (AbstractConnector.java:doStop(318)) - Stopped ServerConnector@6839fbe0{HTTP/1.1,[http/1.1]}{0.0.0.0:0}
2019-06-13 16:25:44,097 INFO  handler.ContextHandler (ContextHandler.java:doStop(910)) - Stopped o.e.j.s.ServletContextHandler@1cdf519f{/static,jar:file:/root/.m2/repository/org/apache/hadoop/hadoop-hdds-container-service/0.5.0-SNAPSHOT/hadoop-hdds-container-service-0.5.0-SNAPSHOT.jar!/webapps/static,UNAVAILABLE}
2019-06-13 16:25:44,097 INFO  handler.ContextHandler (ContextHandler.java:doStop(910)) - Stopped o.e.j.s.ServletContextHandler@6cfb1049{/logs,file:///opt/src/hadoop-ozone/integration-test/target/log,UNAVAILABLE}
2019-06-13 16:25:44,102 WARN  server.ServerUtils (ServerUtils.java:getScmDbDir(145)) - ozone.scm.db.dirs is not configured. We recommend adding this setting. Falling back to ozone.metadata.dirs instead.
2019-06-13 16:25:44,105 WARN  server.ServerUtils (ServerUtils.java:getScmDbDir(145)) - ozone.scm.db.dirs is not configured. We recommend adding this setting. Falling back to ozone.metadata.dirs instead.
2019-06-13 16:25:44,105 WARN  server.ServerUtils (ServerUtils.java:getScmDbDir(145)) - ozone.scm.db.dirs is not configured. We recommend adding this setting. Falling back to ozone.metadata.dirs instead.
2019-06-13 16:25:44,106 INFO  db.DBStoreBuilder (DBStoreBuilder.java:addTable(110)) - using custom profile for table: deletedBlocks
2019-06-13 16:25:44,106 INFO  db.DBStoreBuilder (DBStoreBuilder.java:processTables(161)) - Using default column profile:DBProfile.DISK for Table:deletedBlocks
2019-06-13 16:25:44,106 INFO  db.DBStoreBuilder (DBStoreBuilder.java:addTable(110)) - using custom profile for table: validCerts
2019-06-13 16:25:44,106 INFO  db.DBStoreBuilder (DBStoreBuilder.java:processTables(161)) - Using default column profile:DBProfile.DISK for Table:validCerts
2019-06-13 16:25:44,106 INFO  db.DBStoreBuilder (DBStoreBuilder.java:addTable(110)) - using custom profile for table: revokedCerts
2019-06-13 16:25:44,106 INFO  db.DBStoreBuilder (DBStoreBuilder.java:processTables(161)) - Using default column profile:DBProfile.DISK for Table:revokedCerts
2019-06-13 16:25:44,106 INFO  db.DBStoreBuilder (DBStoreBuilder.java:addTable(110)) - using custom profile for table: default
2019-06-13 16:25:44,106 INFO  db.DBStoreBuilder (DBStoreBuilder.java:processTables(167)) - Using default column profile:DBProfile.DISK for Table:default
2019-06-13 16:25:44,106 INFO  db.DBStoreBuilder (DBStoreBuilder.java:getDbProfile(198)) - Using default options. DBProfile.DISK
2019-06-13 16:25:44,145 WARN  server.ServerUtils (ServerUtils.java:sanitizeUserArgs(70)) - ozone.scm.stale.node.interval value = 300000 is larger than max = 100000 based on the key value of ozone.scm.heartbeat.thread.interval, reset to the max value 100000.
2019-06-13 16:25:44,145 WARN  server.ServerUtils (ServerUtils.java:sanitizeUserArgs(70)) - ozone.scm.stale.node.interval value = 300000 is larger than max = 100000 based on the key value of ozone.scm.heartbeat.thread.interval, reset to the max value 100000.
2019-06-13 16:25:44,145 INFO  node.SCMNodeManager (SCMNodeManager.java:<init>(108)) - Entering startup safe mode.
2019-06-13 16:25:44,146 INFO  net.NodeSchemaLoader (NodeSchemaLoader.java:loadSchemaFromFile(125)) - Loading file from sun.misc.CompoundEnumeration@6309717a
2019-06-13 16:25:44,146 INFO  net.NodeSchemaLoader (NodeSchemaLoader.java:loadSchema(171)) - Loading network topology layer schema file
2019-06-13 16:25:44,149 WARN  server.ServerUtils (ServerUtils.java:getScmDbDir(145)) - ozone.scm.db.dirs is not configured. We recommend adding this setting. Falling back to ozone.metadata.dirs instead.
2019-06-13 16:25:44,161 INFO  pipeline.SCMPipelineManager (SCMPipelineManager.java:initializePipelineState(126)) - No pipeline exists in current db
2019-06-13 16:25:44,162 WARN  server.ServerUtils (ServerUtils.java:getScmDbDir(145)) - ozone.scm.db.dirs is not configured. We recommend adding this setting. Falling back to ozone.metadata.dirs instead.
2019-06-13 16:25:44,176 WARN  events.EventQueue (EventQueue.java:fireEvent(175)) - No event handler registered for event TypedEvent{payloadType=SafeModeStatus, name='SafeModeStatus'}
2019-06-13 16:25:44,177 INFO  ipc.CallQueueManager (CallQueueManager.java:<init>(84)) - Using callQueue: class java.util.concurrent.LinkedBlockingQueue, queueCapacity: 2000, scheduler: class org.apache.hadoop.ipc.DefaultRpcScheduler, ipcBackoff: false.
2019-06-13 16:25:44,179 INFO  ipc.Server (Server.java:run(1074)) - Starting Socket Reader #1 for port 39153
2019-06-13 16:25:44,182 INFO  ipc.CallQueueManager (CallQueueManager.java:<init>(84)) - Using callQueue: class java.util.concurrent.LinkedBlockingQueue, queueCapacity: 2000, scheduler: class org.apache.hadoop.ipc.DefaultRpcScheduler, ipcBackoff: false.
2019-06-13 16:25:44,182 INFO  ipc.Server (Server.java:run(1074)) - Starting Socket Reader #1 for port 43023
2019-06-13 16:25:44,184 INFO  ipc.CallQueueManager (CallQueueManager.java:<init>(84)) - Using callQueue: class java.util.concurrent.LinkedBlockingQueue, queueCapacity: 2000, scheduler: class org.apache.hadoop.ipc.DefaultRpcScheduler, ipcBackoff: false.
2019-06-13 16:25:44,184 INFO  ipc.Server (Server.java:run(1074)) - Starting Socket Reader #1 for port 38501
2019-06-13 16:25:44,186 INFO  hdfs.DFSUtil (DFSUtil.java:httpServerTemplateForNNAndJN(1641)) - Starting Web-server for scm at: http://0.0.0.0:0
2019-06-13 16:25:44,187 INFO  server.AuthenticationFilter (AuthenticationFilter.java:constructSecretProvider(240)) - Unable to initialize FileSignerSecretProvider, falling back to use random secrets.
2019-06-13 16:25:44,188 WARN  http.HttpRequestLog (HttpRequestLog.java:getRequestLog(97)) - Jetty request log can only be enabled using Log4j
2019-06-13 16:25:44,189 INFO  http.HttpServer2 (HttpServer2.java:addGlobalFilter(975)) - Added global filter 'safety' (class=org.apache.hadoop.http.HttpServer2$QuotingInputFilter)
2019-06-13 16:25:44,189 INFO  http.HttpServer2 (HttpServer2.java:addFilter(948)) - Added filter static_user_filter (class=org.apache.hadoop.http.lib.StaticUserWebFilter$StaticUserFilter) to context scm
2019-06-13 16:25:44,189 INFO  http.HttpServer2 (HttpServer2.java:addFilter(958)) - Added filter static_user_filter (class=org.apache.hadoop.http.lib.StaticUserWebFilter$StaticUserFilter) to context static
2019-06-13 16:25:44,190 INFO  http.HttpServer2 (HttpServer2.java:addFilter(958)) - Added filter static_user_filter (class=org.apache.hadoop.http.lib.StaticUserWebFilter$StaticUserFilter) to context logs
2019-06-13 16:25:44,192 INFO  server.StorageContainerManager (StorageContainerManager.java:start(752)) - StorageContainerLocationProtocol RPC server is listening at /0.0.0.0:38501
2019-06-13 16:25:44,192 INFO  impl.MetricsSystemImpl (MetricsSystemImpl.java:init(158)) - StorageContainerManager metrics system started (again)
2019-06-13 16:25:44,192 INFO  server.SCMClientProtocolServer (SCMClientProtocolServer.java:start(149)) - RPC server for Client  is listening at /0.0.0.0:38501
2019-06-13 16:25:44,192 INFO  ipc.Server (Server.java:run(1314)) - IPC Server Responder: starting
2019-06-13 16:25:44,192 INFO  ipc.Server (Server.java:run(1153)) - IPC Server listener on 38501: starting
2019-06-13 16:25:44,196 INFO  server.StorageContainerManager (StorageContainerManager.java:start(761)) - ScmBlockLocationProtocol RPC server is listening at /0.0.0.0:43023
2019-06-13 16:25:44,196 INFO  server.SCMBlockProtocolServer (SCMBlockProtocolServer.java:start(137)) - RPC server for Block Protocol is listening at /0.0.0.0:43023
2019-06-13 16:25:44,196 INFO  ipc.Server (Server.java:run(1314)) - IPC Server Responder: starting
2019-06-13 16:25:44,196 INFO  ipc.Server (Server.java:run(1153)) - IPC Server listener on 43023: starting
2019-06-13 16:25:44,200 INFO  server.StorageContainerManager (StorageContainerManager.java:start(765)) - ScmDatanodeProtocl RPC server is listening at /0.0.0.0:39153
2019-06-13 16:25:44,200 INFO  server.SCMDatanodeProtocolServer (SCMDatanodeProtocolServer.java:start(191)) - RPC server for DataNodes is listening at /0.0.0.0:39153
2019-06-13 16:25:44,200 INFO  ipc.Server (Server.java:run(1314)) - IPC Server Responder: starting
2019-06-13 16:25:44,200 INFO  ipc.Server (Server.java:run(1153)) - IPC Server listener on 39153: starting
2019-06-13 16:25:44,204 INFO  http.HttpServer2 (HttpServer2.java:bindListener(1191)) - Jetty bound to port 41575
2019-06-13 16:25:44,204 INFO  server.Server (Server.java:doStart(351)) - jetty-9.3.24.v20180605, build timestamp: 2018-06-05T17:11:56Z, git hash: 84205aa28f11a4f31f2a3b86d1bba2cc8ab69827
2019-06-13 16:25:44,205 INFO  handler.ContextHandler (ContextHandler.java:doStart(781)) - Started o.e.j.s.ServletContextHandler@2bdc0df1{/logs,file:///opt/src/hadoop-ozone/integration-test/target/log,AVAILABLE}
2019-06-13 16:25:44,206 INFO  handler.ContextHandler (ContextHandler.java:doStart(781)) - Started o.e.j.s.ServletContextHandler@34301879{/static,file:///opt/src/hadoop-ozone/integration-test/target/test-classes/webapps/static,AVAILABLE}
2019-06-13 16:25:44,208 INFO  handler.ContextHandler (ContextHandler.java:doStart(781)) - Started o.e.j.w.WebAppContext@4d84cd0a{/,file:///opt/src/hadoop-ozone/integration-test/target/test-classes/webapps/scm/,AVAILABLE}{/scm}
2019-06-13 16:25:44,209 INFO  server.AbstractConnector (AbstractConnector.java:doStart(278)) - Started ServerConnector@7d89db52{HTTP/1.1,[http/1.1]}{0.0.0.0:41575}
2019-06-13 16:25:44,209 INFO  server.Server (Server.java:doStart(419)) - Started @51244ms
2019-06-13 16:25:44,210 INFO  server.BaseHttpServer (BaseHttpServer.java:updateConnectorAddress(207)) - HTTP server of SCM is listening at http://0.0.0.0:41575
2019-06-13 16:25:44,211 WARN  scm.ScmUtils (ScmUtils.java:getDBPath(63)) - ozone.om.db.dirs is not configured. We recommend adding this setting. Falling back to ozone.metadata.dirs instead.
2019-06-13 16:25:44,211 INFO  util.JvmPauseMonitor (JvmPauseMonitor.java:run(188)) - Starting JVM pause monitor
2019-06-13 16:25:44,214 WARN  scm.ScmUtils (ScmUtils.java:getDBPath(63)) - ozone.om.db.dirs is not configured. We recommend adding this setting. Falling back to ozone.metadata.dirs instead.
2019-06-13 16:25:44,214 INFO  om.OzoneManager (OzoneManager.java:setOMNodeDetails(519)) - OM Service ID is not set. Setting it to the default ID: omServiceIdDefault
2019-06-13 16:25:44,214 INFO  om.OzoneManager (OzoneManager.java:setOMNodeDetails(525)) - OM Node ID is not set. Setting it to the OmStorage's OmID: 6504b7d4-67b4-4cde-8790-d08e1847f799
2019-06-13 16:25:44,214 WARN  scm.HddsServerUtil (HddsServerUtil.java:getDefaultRatisDirectory(354)) - Storage directory for Ratis is not configured. It is a good idea to map this to an SSD disk. Falling back to ozone.metadata.dirs
2019-06-13 16:25:44,214 WARN  scm.HddsServerUtil (HddsServerUtil.java:getDefaultRatisDirectory(354)) - Storage directory for Ratis is not configured. It is a good idea to map this to an SSD disk. Falling back to ozone.metadata.dirs
2019-06-13 16:25:44,214 INFO  om.OzoneManager (OzoneManager.java:loadOMHAConfigs(476)) - Found matching OM address with OMServiceId: null, OMNodeId: null, RPC Address: localhost:0 and Ratis port: 9872
2019-06-13 16:25:44,220 WARN  scm.ScmUtils (ScmUtils.java:getDBPath(63)) - ozone.om.db.dirs is not configured. We recommend adding this setting. Falling back to ozone.metadata.dirs instead.
2019-06-13 16:25:44,220 INFO  db.DBStoreBuilder (DBStoreBuilder.java:addTable(110)) - using custom profile for table: userTable
2019-06-13 16:25:44,220 INFO  db.DBStoreBuilder (DBStoreBuilder.java:processTables(161)) - Using default column profile:DBProfile.DISK for Table:userTable
2019-06-13 16:25:44,220 INFO  db.DBStoreBuilder (DBStoreBuilder.java:addTable(110)) - using custom profile for table: volumeTable
2019-06-13 16:25:44,220 INFO  db.DBStoreBuilder (DBStoreBuilder.java:processTables(161)) - Using default column profile:DBProfile.DISK for Table:volumeTable
2019-06-13 16:25:44,220 INFO  db.DBStoreBuilder (DBStoreBuilder.java:addTable(110)) - using custom profile for table: bucketTable
2019-06-13 16:25:44,220 INFO  db.DBStoreBuilder (DBStoreBuilder.java:processTables(161)) - Using default column profile:DBProfile.DISK for Table:bucketTable
2019-06-13 16:25:44,221 INFO  db.DBStoreBuilder (DBStoreBuilder.java:addTable(110)) - using custom profile for table: keyTable
2019-06-13 16:25:44,221 INFO  db.DBStoreBuilder (DBStoreBuilder.java:processTables(161)) - Using default column profile:DBProfile.DISK for Table:keyTable
2019-06-13 16:25:44,221 INFO  db.DBStoreBuilder (DBStoreBuilder.java:addTable(110)) - using custom profile for table: deletedTable
2019-06-13 16:25:44,221 INFO  db.DBStoreBuilder (DBStoreBuilder.java:processTables(161)) - Using default column profile:DBProfile.DISK for Table:deletedTable
2019-06-13 16:25:44,221 INFO  db.DBStoreBuilder (DBStoreBuilder.java:addTable(110)) - using custom profile for table: openKeyTable
2019-06-13 16:25:44,221 INFO  db.DBStoreBuilder (DBStoreBuilder.java:processTables(161)) - Using default column profile:DBProfile.DISK for Table:openKeyTable
2019-06-13 16:25:44,221 INFO  db.DBStoreBuilder (DBStoreBuilder.java:addTable(110)) - using custom profile for table: s3Table
2019-06-13 16:25:44,221 INFO  db.DBStoreBuilder (DBStoreBuilder.java:processTables(161)) - Using default column profile:DBProfile.DISK for Table:s3Table
2019-06-13 16:25:44,221 INFO  db.DBStoreBuilder (DBStoreBuilder.java:addTable(110)) - using custom profile for table: multipartInfoTable
2019-06-13 16:25:44,221 INFO  db.DBStoreBuilder (DBStoreBuilder.java:processTables(161)) - Using default column profile:DBProfile.DISK for Table:multipartInfoTable
2019-06-13 16:25:44,221 INFO  db.DBStoreBuilder (DBStoreBuilder.java:addTable(110)) - using custom profile for table: dTokenTable
2019-06-13 16:25:44,221 INFO  db.DBStoreBuilder (DBStoreBuilder.java:processTables(161)) - Using default column profile:DBProfile.DISK for Table:dTokenTable
2019-06-13 16:25:44,222 INFO  db.DBStoreBuilder (DBStoreBuilder.java:addTable(110)) - using custom profile for table: s3SecretTable
2019-06-13 16:25:44,222 INFO  db.DBStoreBuilder (DBStoreBuilder.java:processTables(161)) - Using default column profile:DBProfile.DISK for Table:s3SecretTable
2019-06-13 16:25:44,222 INFO  db.DBStoreBuilder (DBStoreBuilder.java:addTable(110)) - using custom profile for table: prefixTable
2019-06-13 16:25:44,222 INFO  db.DBStoreBuilder (DBStoreBuilder.java:processTables(161)) - Using default column profile:DBProfile.DISK for Table:prefixTable
2019-06-13 16:25:44,222 INFO  db.DBStoreBuilder (DBStoreBuilder.java:addTable(110)) - using custom profile for table: default
2019-06-13 16:25:44,222 INFO  db.DBStoreBuilder (DBStoreBuilder.java:processTables(167)) - Using default column profile:DBProfile.DISK for Table:default
2019-06-13 16:25:44,222 INFO  db.DBStoreBuilder (DBStoreBuilder.java:getDbProfile(198)) - Using default options. DBProfile.DISK
2019-06-13 16:25:44,233 INFO  background.BlockDeletingService (BlockDeletingService.java:getTasks(123)) - Plan to choose 10 containers for block deletion, actually returns 5 valid containers.
2019-06-13 16:25:44,233 ERROR utils.ContainerCache (ContainerCache.java:getDB(137)) - Error opening DB. Container:1 ContainerPath:/opt/src/hadoop-ozone/integration-test/target/test-dir/MiniOzoneClusterImpl-3f379463-9810-48df-887f-c222ef37097c/datanode-0/data/containers/hdds/500ceb14-8321-4c8a-b6b3-e488e41f7aab/current/containerDir0/1/metadata/1-dn-container.db
java.io.IOException: Failed init RocksDB, db path : /opt/src/hadoop-ozone/integration-test/target/test-dir/MiniOzoneClusterImpl-3f379463-9810-48df-887f-c222ef37097c/datanode-0/data/containers/hdds/500ceb14-8321-4c8a-b6b3-e488e41f7aab/current/containerDir0/1/metadata/1-dn-container.db
	at org.apache.hadoop.utils.RocksDBStore.<init>(RocksDBStore.java:87)
	at org.apache.hadoop.utils.MetadataStoreBuilder.build(MetadataStoreBuilder.java:137)
	at org.apache.hadoop.ozone.container.common.utils.ContainerCache.getDB(ContainerCache.java:129)
	at org.apache.hadoop.ozone.container.keyvalue.helpers.BlockUtils.getDB(BlockUtils.java:77)
	at org.apache.hadoop.ozone.container.keyvalue.statemachine.background.BlockDeletingService$BlockDeletingTask.call(BlockDeletingService.java:188)
	at org.apache.hadoop.ozone.container.keyvalue.statemachine.background.BlockDeletingService$BlockDeletingTask.call(BlockDeletingService.java:172)
	at java.util.concurrent.FutureTask.run(FutureTask.java:266)
	at java.util.concurrent.Executors$RunnableAdapter.call(Executors.java:511)
	at java.util.concurrent.FutureTask.run(FutureTask.java:266)
	at java.util.concurrent.Executors$RunnableAdapter.call(Executors.java:511)
	at java.util.concurrent.FutureTask.run(FutureTask.java:266)
	at java.util.concurrent.ScheduledThreadPoolExecutor$ScheduledFutureTask.access$201(ScheduledThreadPoolExecutor.java:180)
	at java.util.concurrent.ScheduledThreadPoolExecutor$ScheduledFutureTask.run(ScheduledThreadPoolExecutor.java:293)
	at java.util.concurrent.ThreadPoolExecutor.runWorker(ThreadPoolExecutor.java:1149)
	at java.util.concurrent.ThreadPoolExecutor$Worker.run(ThreadPoolExecutor.java:624)
	at java.lang.Thread.run(Thread.java:748)
Caused by: org.rocksdb.RocksDBException: While mkdir if missing: /opt/src/hadoop-ozone/integration-test/target/test-dir/MiniOzoneClusterImpl-3f379463-9810-48df-887f-c222ef37097c/datanode-0/data/containers/hdds/500ceb14-8321-4c8a-b6b3-e488e41f7aab/current/containerDir0/1/metadata/1-dn-container.db: No such file or directory
	at org.rocksdb.RocksDB.open(Native Method)
	at org.rocksdb.RocksDB.open(RocksDB.java:231)
	at org.apache.hadoop.utils.RocksDBStore.<init>(RocksDBStore.java:71)
	... 15 more
2019-06-13 16:25:44,234 ERROR utils.ContainerCache (ContainerCache.java:getDB(137)) - Error opening DB. Container:5 ContainerPath:/opt/src/hadoop-ozone/integration-test/target/test-dir/MiniOzoneClusterImpl-3f379463-9810-48df-887f-c222ef37097c/datanode-0/data/containers/hdds/500ceb14-8321-4c8a-b6b3-e488e41f7aab/current/containerDir0/5/metadata/5-dn-container.db
java.io.IOException: Failed init RocksDB, db path : /opt/src/hadoop-ozone/integration-test/target/test-dir/MiniOzoneClusterImpl-3f379463-9810-48df-887f-c222ef37097c/datanode-0/data/containers/hdds/500ceb14-8321-4c8a-b6b3-e488e41f7aab/current/containerDir0/5/metadata/5-dn-container.db
	at org.apache.hadoop.utils.RocksDBStore.<init>(RocksDBStore.java:87)
	at org.apache.hadoop.utils.MetadataStoreBuilder.build(MetadataStoreBuilder.java:137)
	at org.apache.hadoop.ozone.container.common.utils.ContainerCache.getDB(ContainerCache.java:129)
	at org.apache.hadoop.ozone.container.keyvalue.helpers.BlockUtils.getDB(BlockUtils.java:77)
	at org.apache.hadoop.ozone.container.keyvalue.statemachine.background.BlockDeletingService$BlockDeletingTask.call(BlockDeletingService.java:188)
	at org.apache.hadoop.ozone.container.keyvalue.statemachine.background.BlockDeletingService$BlockDeletingTask.call(BlockDeletingService.java:172)
	at java.util.concurrent.FutureTask.run(FutureTask.java:266)
	at java.util.concurrent.Executors$RunnableAdapter.call(Executors.java:511)
	at java.util.concurrent.FutureTask.run(FutureTask.java:266)
	at java.util.concurrent.Executors$RunnableAdapter.call(Executors.java:511)
	at java.util.concurrent.FutureTask.run(FutureTask.java:266)
	at java.util.concurrent.ScheduledThreadPoolExecutor$ScheduledFutureTask.access$201(ScheduledThreadPoolExecutor.java:180)
	at java.util.concurrent.ScheduledThreadPoolExecutor$ScheduledFutureTask.run(ScheduledThreadPoolExecutor.java:293)
	at java.util.concurrent.ThreadPoolExecutor.runWorker(ThreadPoolExecutor.java:1149)
	at java.util.concurrent.ThreadPoolExecutor$Worker.run(ThreadPoolExecutor.java:624)
	at java.lang.Thread.run(Thread.java:748)
Caused by: org.rocksdb.RocksDBException: While mkdir if missing: /opt/src/hadoop-ozone/integration-test/target/test-dir/MiniOzoneClusterImpl-3f379463-9810-48df-887f-c222ef37097c/datanode-0/data/containers/hdds/500ceb14-8321-4c8a-b6b3-e488e41f7aab/current/containerDir0/5/metadata/5-dn-container.db: No such file or directory
	at org.rocksdb.RocksDB.open(Native Method)
	at org.rocksdb.RocksDB.open(RocksDB.java:231)
	at org.apache.hadoop.utils.RocksDBStore.<init>(RocksDBStore.java:71)
	... 15 more
2019-06-13 16:25:44,234 WARN  utils.BackgroundService (BackgroundService.java:lambda$run$0(135)) - Background task fails to execute, retrying in next interval
java.util.concurrent.ExecutionException: org.apache.hadoop.hdds.scm.container.common.helpers.StorageContainerException: Error opening DB. Container:5 ContainerPath:/opt/src/hadoop-ozone/integration-test/target/test-dir/MiniOzoneClusterImpl-3f379463-9810-48df-887f-c222ef37097c/datanode-0/data/containers/hdds/500ceb14-8321-4c8a-b6b3-e488e41f7aab/current/containerDir0/5/metadata/5-dn-container.db
	at java.util.concurrent.FutureTask.report(FutureTask.java:122)
	at java.util.concurrent.FutureTask.get(FutureTask.java:206)
	at org.apache.hadoop.utils.BackgroundService$PeriodicalTask.lambda$run$0(BackgroundService.java:129)
	at java.util.stream.ForEachOps$ForEachOp$OfRef.accept(ForEachOps.java:184)
	at java.util.ArrayList$ArrayListSpliterator.forEachRemaining(ArrayList.java:1382)
	at java.util.stream.AbstractPipeline.copyInto(AbstractPipeline.java:482)
	at java.util.stream.ForEachOps$ForEachTask.compute(ForEachOps.java:291)
	at java.util.concurrent.CountedCompleter.exec(CountedCompleter.java:731)
	at java.util.concurrent.ForkJoinTask.doExec(ForkJoinTask.java:289)
	at java.util.concurrent.ForkJoinPool$WorkQueue.runTask(ForkJoinPool.java:1056)
	at java.util.concurrent.ForkJoinPool.runWorker(ForkJoinPool.java:1692)
	at java.util.concurrent.ForkJoinWorkerThread.run(ForkJoinWorkerThread.java:157)
Caused by: org.apache.hadoop.hdds.scm.container.common.helpers.StorageContainerException: Error opening DB. Container:5 ContainerPath:/opt/src/hadoop-ozone/integration-test/target/test-dir/MiniOzoneClusterImpl-3f379463-9810-48df-887f-c222ef37097c/datanode-0/data/containers/hdds/500ceb14-8321-4c8a-b6b3-e488e41f7aab/current/containerDir0/5/metadata/5-dn-container.db
	at org.apache.hadoop.ozone.container.keyvalue.helpers.BlockUtils.getDB(BlockUtils.java:84)
	at org.apache.hadoop.ozone.container.keyvalue.statemachine.background.BlockDeletingService$BlockDeletingTask.call(BlockDeletingService.java:188)
	at org.apache.hadoop.ozone.container.keyvalue.statemachine.background.BlockDeletingService$BlockDeletingTask.call(BlockDeletingService.java:172)
	at java.util.concurrent.FutureTask.run(FutureTask.java:266)
	at java.util.concurrent.Executors$RunnableAdapter.call(Executors.java:511)
	at java.util.concurrent.FutureTask.run(FutureTask.java:266)
	at java.util.concurrent.Executors$RunnableAdapter.call(Executors.java:511)
	at java.util.concurrent.FutureTask.run(FutureTask.java:266)
	at java.util.concurrent.ScheduledThreadPoolExecutor$ScheduledFutureTask.access$201(ScheduledThreadPoolExecutor.java:180)
	at java.util.concurrent.ScheduledThreadPoolExecutor$ScheduledFutureTask.run(ScheduledThreadPoolExecutor.java:293)
	at java.util.concurrent.ThreadPoolExecutor.runWorker(ThreadPoolExecutor.java:1149)
	at java.util.concurrent.ThreadPoolExecutor$Worker.run(ThreadPoolExecutor.java:624)
	at java.lang.Thread.run(Thread.java:748)
2019-06-13 16:25:44,234 ERROR utils.ContainerCache (ContainerCache.java:getDB(137)) - Error opening DB. Container:4 ContainerPath:/opt/src/hadoop-ozone/integration-test/target/test-dir/MiniOzoneClusterImpl-3f379463-9810-48df-887f-c222ef37097c/datanode-0/data/containers/hdds/500ceb14-8321-4c8a-b6b3-e488e41f7aab/current/containerDir0/4/metadata/4-dn-container.db
java.io.IOException: Failed init RocksDB, db path : /opt/src/hadoop-ozone/integration-test/target/test-dir/MiniOzoneClusterImpl-3f379463-9810-48df-887f-c222ef37097c/datanode-0/data/containers/hdds/500ceb14-8321-4c8a-b6b3-e488e41f7aab/current/containerDir0/4/metadata/4-dn-container.db
	at org.apache.hadoop.utils.RocksDBStore.<init>(RocksDBStore.java:87)
	at org.apache.hadoop.utils.MetadataStoreBuilder.build(MetadataStoreBuilder.java:137)
	at org.apache.hadoop.ozone.container.common.utils.ContainerCache.getDB(ContainerCache.java:129)
	at org.apache.hadoop.ozone.container.keyvalue.helpers.BlockUtils.getDB(BlockUtils.java:77)
	at org.apache.hadoop.ozone.container.keyvalue.statemachine.background.BlockDeletingService$BlockDeletingTask.call(BlockDeletingService.java:188)
	at org.apache.hadoop.ozone.container.keyvalue.statemachine.background.BlockDeletingService$BlockDeletingTask.call(BlockDeletingService.java:172)
	at java.util.concurrent.FutureTask.run(FutureTask.java:266)
	at java.util.concurrent.Executors$RunnableAdapter.call(Executors.java:511)
	at java.util.concurrent.FutureTask.run(FutureTask.java:266)
	at java.util.concurrent.Executors$RunnableAdapter.call(Executors.java:511)
	at java.util.concurrent.FutureTask.run(FutureTask.java:266)
	at java.util.concurrent.ScheduledThreadPoolExecutor$ScheduledFutureTask.access$201(ScheduledThreadPoolExecutor.java:180)
	at java.util.concurrent.ScheduledThreadPoolExecutor$ScheduledFutureTask.run(ScheduledThreadPoolExecutor.java:293)
	at java.util.concurrent.ThreadPoolExecutor.runWorker(ThreadPoolExecutor.java:1149)
	at java.util.concurrent.ThreadPoolExecutor$Worker.run(ThreadPoolExecutor.java:624)
	at java.lang.Thread.run(Thread.java:748)
Caused by: org.rocksdb.RocksDBException: While mkdir if missing: /opt/src/hadoop-ozone/integration-test/target/test-dir/MiniOzoneClusterImpl-3f379463-9810-48df-887f-c222ef37097c/datanode-0/data/containers/hdds/500ceb14-8321-4c8a-b6b3-e488e41f7aab/current/containerDir0/4/metadata/4-dn-container.db: No such file or directory
	at org.rocksdb.RocksDB.open(Native Method)
	at org.rocksdb.RocksDB.open(RocksDB.java:231)
	at org.apache.hadoop.utils.RocksDBStore.<init>(RocksDBStore.java:71)
	... 15 more
2019-06-13 16:25:44,234 WARN  utils.BackgroundService (BackgroundService.java:lambda$run$0(135)) - Background task fails to execute, retrying in next interval
java.util.concurrent.ExecutionException: org.apache.hadoop.hdds.scm.container.common.helpers.StorageContainerException: Error opening DB. Container:1 ContainerPath:/opt/src/hadoop-ozone/integration-test/target/test-dir/MiniOzoneClusterImpl-3f379463-9810-48df-887f-c222ef37097c/datanode-0/data/containers/hdds/500ceb14-8321-4c8a-b6b3-e488e41f7aab/current/containerDir0/1/metadata/1-dn-container.db
	at java.util.concurrent.FutureTask.report(FutureTask.java:122)
	at java.util.concurrent.FutureTask.get(FutureTask.java:206)
	at org.apache.hadoop.utils.BackgroundService$PeriodicalTask.lambda$run$0(BackgroundService.java:129)
	at java.util.stream.ForEachOps$ForEachOp$OfRef.accept(ForEachOps.java:184)
	at java.util.ArrayList$ArrayListSpliterator.forEachRemaining(ArrayList.java:1382)
	at java.util.stream.AbstractPipeline.copyInto(AbstractPipeline.java:482)
	at java.util.stream.ForEachOps$ForEachTask.compute(ForEachOps.java:291)
	at java.util.concurrent.CountedCompleter.exec(CountedCompleter.java:731)
	at java.util.concurrent.ForkJoinTask.doExec(ForkJoinTask.java:289)
	at java.util.concurrent.ForkJoinPool$WorkQueue.execLocalTasks(ForkJoinPool.java:1040)
	at java.util.concurrent.ForkJoinPool$WorkQueue.runTask(ForkJoinPool.java:1058)
	at java.util.concurrent.ForkJoinPool.runWorker(ForkJoinPool.java:1692)
	at java.util.concurrent.ForkJoinWorkerThread.run(ForkJoinWorkerThread.java:157)
Caused by: org.apache.hadoop.hdds.scm.container.common.helpers.StorageContainerException: Error opening DB. Container:1 ContainerPath:/opt/src/hadoop-ozone/integration-test/target/test-dir/MiniOzoneClusterImpl-3f379463-9810-48df-887f-c222ef37097c/datanode-0/data/containers/hdds/500ceb14-8321-4c8a-b6b3-e488e41f7aab/current/containerDir0/1/metadata/1-dn-container.db
	at org.apache.hadoop.ozone.container.keyvalue.helpers.BlockUtils.getDB(BlockUtils.java:84)
	at org.apache.hadoop.ozone.container.keyvalue.statemachine.background.BlockDeletingService$BlockDeletingTask.call(BlockDeletingService.java:188)
	at org.apache.hadoop.ozone.container.keyvalue.statemachine.background.BlockDeletingService$BlockDeletingTask.call(BlockDeletingService.java:172)
	at java.util.concurrent.FutureTask.run(FutureTask.java:266)
	at java.util.concurrent.Executors$RunnableAdapter.call(Executors.java:511)
	at java.util.concurrent.FutureTask.run(FutureTask.java:266)
	at java.util.concurrent.Executors$RunnableAdapter.call(Executors.java:511)
	at java.util.concurrent.FutureTask.run(FutureTask.java:266)
	at java.util.concurrent.ScheduledThreadPoolExecutor$ScheduledFutureTask.access$201(ScheduledThreadPoolExecutor.java:180)
	at java.util.concurrent.ScheduledThreadPoolExecutor$ScheduledFutureTask.run(ScheduledThreadPoolExecutor.java:293)
	at java.util.concurrent.ThreadPoolExecutor.runWorker(ThreadPoolExecutor.java:1149)
	at java.util.concurrent.ThreadPoolExecutor$Worker.run(ThreadPoolExecutor.java:624)
	at java.lang.Thread.run(Thread.java:748)
2019-06-13 16:25:44,234 WARN  utils.BackgroundService (BackgroundService.java:lambda$run$0(135)) - Background task fails to execute, retrying in next interval
java.util.concurrent.ExecutionException: org.apache.hadoop.hdds.scm.container.common.helpers.StorageContainerException: Error opening DB. Container:4 ContainerPath:/opt/src/hadoop-ozone/integration-test/target/test-dir/MiniOzoneClusterImpl-3f379463-9810-48df-887f-c222ef37097c/datanode-0/data/containers/hdds/500ceb14-8321-4c8a-b6b3-e488e41f7aab/current/containerDir0/4/metadata/4-dn-container.db
	at java.util.concurrent.FutureTask.report(FutureTask.java:122)
	at java.util.concurrent.FutureTask.get(FutureTask.java:206)
	at org.apache.hadoop.utils.BackgroundService$PeriodicalTask.lambda$run$0(BackgroundService.java:129)
	at java.util.stream.ForEachOps$ForEachOp$OfRef.accept(ForEachOps.java:184)
	at java.util.ArrayList$ArrayListSpliterator.forEachRemaining(ArrayList.java:1382)
	at java.util.stream.AbstractPipeline.copyInto(AbstractPipeline.java:482)
	at java.util.stream.ForEachOps$ForEachTask.compute(ForEachOps.java:291)
	at java.util.concurrent.CountedCompleter.exec(CountedCompleter.java:731)
	at java.util.concurrent.ForkJoinTask.doExec(ForkJoinTask.java:289)
	at java.util.concurrent.ForkJoinTask.doInvoke(ForkJoinTask.java:401)
	at java.util.concurrent.ForkJoinTask.invoke(ForkJoinTask.java:734)
	at java.util.stream.ForEachOps$ForEachOp.evaluateParallel(ForEachOps.java:160)
	at java.util.stream.ForEachOps$ForEachOp$OfRef.evaluateParallel(ForEachOps.java:174)
	at java.util.stream.AbstractPipeline.evaluate(AbstractPipeline.java:233)
	at java.util.stream.ReferencePipeline.forEach(ReferencePipeline.java:418)
	at java.util.stream.ReferencePipeline$Head.forEach(ReferencePipeline.java:583)
	at org.apache.hadoop.utils.BackgroundService$PeriodicalTask.run(BackgroundService.java:125)
	at java.util.concurrent.Executors$RunnableAdapter.call(Executors.java:511)
	at java.util.concurrent.FutureTask.runAndReset(FutureTask.java:308)
	at java.util.concurrent.ScheduledThreadPoolExecutor$ScheduledFutureTask.access$301(ScheduledThreadPoolExecutor.java:180)
	at java.util.concurrent.ScheduledThreadPoolExecutor$ScheduledFutureTask.run(ScheduledThreadPoolExecutor.java:294)
	at java.util.concurrent.ThreadPoolExecutor.runWorker(ThreadPoolExecutor.java:1149)
	at java.util.concurrent.ThreadPoolExecutor$Worker.run(ThreadPoolExecutor.java:624)
	at java.lang.Thread.run(Thread.java:748)
Caused by: org.apache.hadoop.hdds.scm.container.common.helpers.StorageContainerException: Error opening DB. Container:4 ContainerPath:/opt/src/hadoop-ozone/integration-test/target/test-dir/MiniOzoneClusterImpl-3f379463-9810-48df-887f-c222ef37097c/datanode-0/data/containers/hdds/500ceb14-8321-4c8a-b6b3-e488e41f7aab/current/containerDir0/4/metadata/4-dn-container.db
	at org.apache.hadoop.ozone.container.keyvalue.helpers.BlockUtils.getDB(BlockUtils.java:84)
	at org.apache.hadoop.ozone.container.keyvalue.statemachine.background.BlockDeletingService$BlockDeletingTask.call(BlockDeletingService.java:188)
	at org.apache.hadoop.ozone.container.keyvalue.statemachine.background.BlockDeletingService$BlockDeletingTask.call(BlockDeletingService.java:172)
	at java.util.concurrent.FutureTask.run(FutureTask.java:266)
	at java.util.concurrent.Executors$RunnableAdapter.call(Executors.java:511)
	at java.util.concurrent.FutureTask.run(FutureTask.java:266)
	at java.util.concurrent.Executors$RunnableAdapter.call(Executors.java:511)
	at java.util.concurrent.FutureTask.run(FutureTask.java:266)
	at java.util.concurrent.ScheduledThreadPoolExecutor$ScheduledFutureTask.access$201(ScheduledThreadPoolExecutor.java:180)
	at java.util.concurrent.ScheduledThreadPoolExecutor$ScheduledFutureTask.run(ScheduledThreadPoolExecutor.java:293)
	... 3 more
2019-06-13 16:25:44,235 ERROR utils.ContainerCache (ContainerCache.java:getDB(137)) - Error opening DB. Container:3 ContainerPath:/opt/src/hadoop-ozone/integration-test/target/test-dir/MiniOzoneClusterImpl-3f379463-9810-48df-887f-c222ef37097c/datanode-0/data/containers/hdds/500ceb14-8321-4c8a-b6b3-e488e41f7aab/current/containerDir0/3/metadata/3-dn-container.db
java.io.IOException: Failed init RocksDB, db path : /opt/src/hadoop-ozone/integration-test/target/test-dir/MiniOzoneClusterImpl-3f379463-9810-48df-887f-c222ef37097c/datanode-0/data/containers/hdds/500ceb14-8321-4c8a-b6b3-e488e41f7aab/current/containerDir0/3/metadata/3-dn-container.db
	at org.apache.hadoop.utils.RocksDBStore.<init>(RocksDBStore.java:87)
	at org.apache.hadoop.utils.MetadataStoreBuilder.build(MetadataStoreBuilder.java:137)
	at org.apache.hadoop.ozone.container.common.utils.ContainerCache.getDB(ContainerCache.java:129)
	at org.apache.hadoop.ozone.container.keyvalue.helpers.BlockUtils.getDB(BlockUtils.java:77)
	at org.apache.hadoop.ozone.container.keyvalue.statemachine.background.BlockDeletingService$BlockDeletingTask.call(BlockDeletingService.java:188)
	at org.apache.hadoop.ozone.container.keyvalue.statemachine.background.BlockDeletingService$BlockDeletingTask.call(BlockDeletingService.java:172)
	at java.util.concurrent.FutureTask.run(FutureTask.java:266)
	at java.util.concurrent.Executors$RunnableAdapter.call(Executors.java:511)
	at java.util.concurrent.FutureTask.run(FutureTask.java:266)
	at java.util.concurrent.Executors$RunnableAdapter.call(Executors.java:511)
	at java.util.concurrent.FutureTask.run(FutureTask.java:266)
	at java.util.concurrent.ScheduledThreadPoolExecutor$ScheduledFutureTask.access$201(ScheduledThreadPoolExecutor.java:180)
	at java.util.concurrent.ScheduledThreadPoolExecutor$ScheduledFutureTask.run(ScheduledThreadPoolExecutor.java:293)
	at java.util.concurrent.ThreadPoolExecutor.runWorker(ThreadPoolExecutor.java:1149)
	at java.util.concurrent.ThreadPoolExecutor$Worker.run(ThreadPoolExecutor.java:624)
	at java.lang.Thread.run(Thread.java:748)
Caused by: org.rocksdb.RocksDBException: While mkdir if missing: /opt/src/hadoop-ozone/integration-test/target/test-dir/MiniOzoneClusterImpl-3f379463-9810-48df-887f-c222ef37097c/datanode-0/data/containers/hdds/500ceb14-8321-4c8a-b6b3-e488e41f7aab/current/containerDir0/3/metadata/3-dn-container.db: No such file or directory
	at org.rocksdb.RocksDB.open(Native Method)
	at org.rocksdb.RocksDB.open(RocksDB.java:231)
	at org.apache.hadoop.utils.RocksDBStore.<init>(RocksDBStore.java:71)
	... 15 more
2019-06-13 16:25:44,235 WARN  utils.BackgroundService (BackgroundService.java:lambda$run$0(135)) - Background task fails to execute, retrying in next interval
java.util.concurrent.ExecutionException: org.apache.hadoop.hdds.scm.container.common.helpers.StorageContainerException: Error opening DB. Container:3 ContainerPath:/opt/src/hadoop-ozone/integration-test/target/test-dir/MiniOzoneClusterImpl-3f379463-9810-48df-887f-c222ef37097c/datanode-0/data/containers/hdds/500ceb14-8321-4c8a-b6b3-e488e41f7aab/current/containerDir0/3/metadata/3-dn-container.db
	at java.util.concurrent.FutureTask.report(FutureTask.java:122)
	at java.util.concurrent.FutureTask.get(FutureTask.java:206)
	at org.apache.hadoop.utils.BackgroundService$PeriodicalTask.lambda$run$0(BackgroundService.java:129)
	at java.util.stream.ForEachOps$ForEachOp$OfRef.accept(ForEachOps.java:184)
	at java.util.ArrayList$ArrayListSpliterator.forEachRemaining(ArrayList.java:1382)
	at java.util.stream.AbstractPipeline.copyInto(AbstractPipeline.java:482)
	at java.util.stream.ForEachOps$ForEachTask.compute(ForEachOps.java:291)
	at java.util.concurrent.CountedCompleter.exec(CountedCompleter.java:731)
	at java.util.concurrent.ForkJoinTask.doExec(ForkJoinTask.java:289)
	at java.util.concurrent.ForkJoinPool$WorkQueue.pollAndExecCC(ForkJoinPool.java:1190)
	at java.util.concurrent.ForkJoinPool.helpComplete(ForkJoinPool.java:1879)
	at java.util.concurrent.ForkJoinPool.externalHelpComplete(ForkJoinPool.java:2467)
	at java.util.concurrent.ForkJoinTask.externalAwaitDone(ForkJoinTask.java:324)
	at java.util.concurrent.ForkJoinTask.doInvoke(ForkJoinTask.java:405)
	at java.util.concurrent.ForkJoinTask.invoke(ForkJoinTask.java:734)
	at java.util.stream.ForEachOps$ForEachOp.evaluateParallel(ForEachOps.java:160)
	at java.util.stream.ForEachOps$ForEachOp$OfRef.evaluateParallel(ForEachOps.java:174)
	at java.util.stream.AbstractPipeline.evaluate(AbstractPipeline.java:233)
	at java.util.stream.ReferencePipeline.forEach(ReferencePipeline.java:418)
	at java.util.stream.ReferencePipeline$Head.forEach(ReferencePipeline.java:583)
	at org.apache.hadoop.utils.BackgroundService$PeriodicalTask.run(BackgroundService.java:125)
	at java.util.concurrent.Executors$RunnableAdapter.call(Executors.java:511)
	at java.util.concurrent.FutureTask.runAndReset(FutureTask.java:308)
	at java.util.concurrent.ScheduledThreadPoolExecutor$ScheduledFutureTask.access$301(ScheduledThreadPoolExecutor.java:180)
	at java.util.concurrent.ScheduledThreadPoolExecutor$ScheduledFutureTask.run(ScheduledThreadPoolExecutor.java:294)
	at java.util.concurrent.ThreadPoolExecutor.runWorker(ThreadPoolExecutor.java:1149)
	at java.util.concurrent.ThreadPoolExecutor$Worker.run(ThreadPoolExecutor.java:624)
	at java.lang.Thread.run(Thread.java:748)
Caused by: org.apache.hadoop.hdds.scm.container.common.helpers.StorageContainerException: Error opening DB. Container:3 ContainerPath:/opt/src/hadoop-ozone/integration-test/target/test-dir/MiniOzoneClusterImpl-3f379463-9810-48df-887f-c222ef37097c/datanode-0/data/containers/hdds/500ceb14-8321-4c8a-b6b3-e488e41f7aab/current/containerDir0/3/metadata/3-dn-container.db
	at org.apache.hadoop.ozone.container.keyvalue.helpers.BlockUtils.getDB(BlockUtils.java:84)
	at org.apache.hadoop.ozone.container.keyvalue.statemachine.background.BlockDeletingService$BlockDeletingTask.call(BlockDeletingService.java:188)
	at org.apache.hadoop.ozone.container.keyvalue.statemachine.background.BlockDeletingService$BlockDeletingTask.call(BlockDeletingService.java:172)
	at java.util.concurrent.FutureTask.run(FutureTask.java:266)
	at java.util.concurrent.Executors$RunnableAdapter.call(Executors.java:511)
	at java.util.concurrent.FutureTask.run(FutureTask.java:266)
	at java.util.concurrent.Executors$RunnableAdapter.call(Executors.java:511)
	at java.util.concurrent.FutureTask.run(FutureTask.java:266)
	at java.util.concurrent.ScheduledThreadPoolExecutor$ScheduledFutureTask.access$201(ScheduledThreadPoolExecutor.java:180)
	at java.util.concurrent.ScheduledThreadPoolExecutor$ScheduledFutureTask.run(ScheduledThreadPoolExecutor.java:293)
	... 3 more
2019-06-13 16:25:44,235 ERROR utils.ContainerCache (ContainerCache.java:getDB(137)) - Error opening DB. Container:2 ContainerPath:/opt/src/hadoop-ozone/integration-test/target/test-dir/MiniOzoneClusterImpl-3f379463-9810-48df-887f-c222ef37097c/datanode-0/data/containers/hdds/500ceb14-8321-4c8a-b6b3-e488e41f7aab/current/containerDir0/2/metadata/2-dn-container.db
java.io.IOException: Failed init RocksDB, db path : /opt/src/hadoop-ozone/integration-test/target/test-dir/MiniOzoneClusterImpl-3f379463-9810-48df-887f-c222ef37097c/datanode-0/data/containers/hdds/500ceb14-8321-4c8a-b6b3-e488e41f7aab/current/containerDir0/2/metadata/2-dn-container.db
	at org.apache.hadoop.utils.RocksDBStore.<init>(RocksDBStore.java:87)
	at org.apache.hadoop.utils.MetadataStoreBuilder.build(MetadataStoreBuilder.java:137)
	at org.apache.hadoop.ozone.container.common.utils.ContainerCache.getDB(ContainerCache.java:129)
	at org.apache.hadoop.ozone.container.keyvalue.helpers.BlockUtils.getDB(BlockUtils.java:77)
	at org.apache.hadoop.ozone.container.keyvalue.statemachine.background.BlockDeletingService$BlockDeletingTask.call(BlockDeletingService.java:188)
	at org.apache.hadoop.ozone.container.keyvalue.statemachine.background.BlockDeletingService$BlockDeletingTask.call(BlockDeletingService.java:172)
	at java.util.concurrent.FutureTask.run(FutureTask.java:266)
	at java.util.concurrent.Executors$RunnableAdapter.call(Executors.java:511)
	at java.util.concurrent.FutureTask.run(FutureTask.java:266)
	at java.util.concurrent.Executors$RunnableAdapter.call(Executors.java:511)
	at java.util.concurrent.FutureTask.run(FutureTask.java:266)
	at java.util.concurrent.ScheduledThreadPoolExecutor$ScheduledFutureTask.access$201(ScheduledThreadPoolExecutor.java:180)
	at java.util.concurrent.ScheduledThreadPoolExecutor$ScheduledFutureTask.run(ScheduledThreadPoolExecutor.java:293)
	at java.util.concurrent.ThreadPoolExecutor.runWorker(ThreadPoolExecutor.java:1149)
	at java.util.concurrent.ThreadPoolExecutor$Worker.run(ThreadPoolExecutor.java:624)
	at java.lang.Thread.run(Thread.java:748)
Caused by: org.rocksdb.RocksDBException: While mkdir if missing: /opt/src/hadoop-ozone/integration-test/target/test-dir/MiniOzoneClusterImpl-3f379463-9810-48df-887f-c222ef37097c/datanode-0/data/containers/hdds/500ceb14-8321-4c8a-b6b3-e488e41f7aab/current/containerDir0/2/metadata/2-dn-container.db: No such file or directory
	at org.rocksdb.RocksDB.open(Native Method)
	at org.rocksdb.RocksDB.open(RocksDB.java:231)
	at org.apache.hadoop.utils.RocksDBStore.<init>(RocksDBStore.java:71)
	... 15 more
2019-06-13 16:25:44,236 WARN  utils.BackgroundService (BackgroundService.java:lambda$run$0(135)) - Background task fails to execute, retrying in next interval
java.util.concurrent.ExecutionException: org.apache.hadoop.hdds.scm.container.common.helpers.StorageContainerException: Error opening DB. Container:2 ContainerPath:/opt/src/hadoop-ozone/integration-test/target/test-dir/MiniOzoneClusterImpl-3f379463-9810-48df-887f-c222ef37097c/datanode-0/data/containers/hdds/500ceb14-8321-4c8a-b6b3-e488e41f7aab/current/containerDir0/2/metadata/2-dn-container.db
	at java.util.concurrent.FutureTask.report(FutureTask.java:122)
	at java.util.concurrent.FutureTask.get(FutureTask.java:206)
	at org.apache.hadoop.utils.BackgroundService$PeriodicalTask.lambda$run$0(BackgroundService.java:129)
	at java.util.stream.ForEachOps$ForEachOp$OfRef.accept(ForEachOps.java:184)
	at java.util.ArrayList$ArrayListSpliterator.forEachRemaining(ArrayList.java:1382)
	at java.util.stream.AbstractPipeline.copyInto(AbstractPipeline.java:482)
	at java.util.stream.ForEachOps$ForEachTask.compute(ForEachOps.java:291)
	at java.util.concurrent.CountedCompleter.exec(CountedCompleter.java:731)
	at java.util.concurrent.ForkJoinTask.doExec(ForkJoinTask.java:289)
	at java.util.concurrent.ForkJoinPool$WorkQueue.runTask(ForkJoinPool.java:1056)
	at java.util.concurrent.ForkJoinPool.runWorker(ForkJoinPool.java:1692)
	at java.util.concurrent.ForkJoinWorkerThread.run(ForkJoinWorkerThread.java:157)
Caused by: org.apache.hadoop.hdds.scm.container.common.helpers.StorageContainerException: Error opening DB. Container:2 ContainerPath:/opt/src/hadoop-ozone/integration-test/target/test-dir/MiniOzoneClusterImpl-3f379463-9810-48df-887f-c222ef37097c/datanode-0/data/containers/hdds/500ceb14-8321-4c8a-b6b3-e488e41f7aab/current/containerDir0/2/metadata/2-dn-container.db
	at org.apache.hadoop.ozone.container.keyvalue.helpers.BlockUtils.getDB(BlockUtils.java:84)
	at org.apache.hadoop.ozone.container.keyvalue.statemachine.background.BlockDeletingService$BlockDeletingTask.call(BlockDeletingService.java:188)
	at org.apache.hadoop.ozone.container.keyvalue.statemachine.background.BlockDeletingService$BlockDeletingTask.call(BlockDeletingService.java:172)
	at java.util.concurrent.FutureTask.run(FutureTask.java:266)
	at java.util.concurrent.Executors$RunnableAdapter.call(Executors.java:511)
	at java.util.concurrent.FutureTask.run(FutureTask.java:266)
	at java.util.concurrent.Executors$RunnableAdapter.call(Executors.java:511)
	at java.util.concurrent.FutureTask.run(FutureTask.java:266)
	at java.util.concurrent.ScheduledThreadPoolExecutor$ScheduledFutureTask.access$201(ScheduledThreadPoolExecutor.java:180)
	at java.util.concurrent.ScheduledThreadPoolExecutor$ScheduledFutureTask.run(ScheduledThreadPoolExecutor.java:293)
	at java.util.concurrent.ThreadPoolExecutor.runWorker(ThreadPoolExecutor.java:1149)
	at java.util.concurrent.ThreadPoolExecutor$Worker.run(ThreadPoolExecutor.java:624)
	at java.lang.Thread.run(Thread.java:748)
2019-06-13 16:25:44,367 INFO  ipc.CallQueueManager (CallQueueManager.java:<init>(84)) - Using callQueue: class java.util.concurrent.LinkedBlockingQueue, queueCapacity: 2000, scheduler: class org.apache.hadoop.ipc.DefaultRpcScheduler, ipcBackoff: false.
2019-06-13 16:25:44,368 INFO  ipc.Server (Server.java:run(1074)) - Starting Socket Reader #1 for port 38081
2019-06-13 16:25:44,378 WARN  scm.ScmUtils (ScmUtils.java:getDBPath(63)) - ozone.om.db.dirs is not configured. We recommend adding this setting. Falling back to ozone.metadata.dirs instead.
2019-06-13 16:25:44,378 INFO  om.OzoneManager (OzoneManager.java:start(1217)) - OzoneManager RPC server is listening at localhost/127.0.0.1:38081
2019-06-13 16:25:44,378 INFO  impl.MetricsSystemImpl (MetricsSystemImpl.java:init(158)) - OzoneManager metrics system started (again)
2019-06-13 16:25:44,379 INFO  ipc.Server (Server.java:run(1314)) - IPC Server Responder: starting
2019-06-13 16:25:44,379 INFO  ipc.Server (Server.java:run(1153)) - IPC Server listener on 38081: starting
2019-06-13 16:25:44,382 INFO  hdfs.DFSUtil (DFSUtil.java:httpServerTemplateForNNAndJN(1641)) - Starting Web-server for ozoneManager at: http://0.0.0.0:0
2019-06-13 16:25:44,383 INFO  server.AuthenticationFilter (AuthenticationFilter.java:constructSecretProvider(240)) - Unable to initialize FileSignerSecretProvider, falling back to use random secrets.
2019-06-13 16:25:44,383 WARN  http.HttpRequestLog (HttpRequestLog.java:getRequestLog(97)) - Jetty request log can only be enabled using Log4j
2019-06-13 16:25:44,384 INFO  http.HttpServer2 (HttpServer2.java:addGlobalFilter(975)) - Added global filter 'safety' (class=org.apache.hadoop.http.HttpServer2$QuotingInputFilter)
2019-06-13 16:25:44,384 INFO  http.HttpServer2 (HttpServer2.java:addFilter(948)) - Added filter static_user_filter (class=org.apache.hadoop.http.lib.StaticUserWebFilter$StaticUserFilter) to context ozoneManager
2019-06-13 16:25:44,385 INFO  http.HttpServer2 (HttpServer2.java:addFilter(958)) - Added filter static_user_filter (class=org.apache.hadoop.http.lib.StaticUserWebFilter$StaticUserFilter) to context logs
2019-06-13 16:25:44,385 INFO  http.HttpServer2 (HttpServer2.java:addFilter(958)) - Added filter static_user_filter (class=org.apache.hadoop.http.lib.StaticUserWebFilter$StaticUserFilter) to context static
2019-06-13 16:25:44,385 INFO  http.HttpServer2 (HttpServer2.java:bindListener(1191)) - Jetty bound to port 45591
2019-06-13 16:25:44,385 INFO  server.Server (Server.java:doStart(351)) - jetty-9.3.24.v20180605, build timestamp: 2018-06-05T17:11:56Z, git hash: 84205aa28f11a4f31f2a3b86d1bba2cc8ab69827
2019-06-13 16:25:44,386 INFO  handler.ContextHandler (ContextHandler.java:doStart(781)) - Started o.e.j.s.ServletContextHandler@101b3aad{/logs,file:///opt/src/hadoop-ozone/integration-test/target/log,AVAILABLE}
2019-06-13 16:25:44,387 INFO  handler.ContextHandler (ContextHandler.java:doStart(781)) - Started o.e.j.s.ServletContextHandler@68c42d28{/static,file:///opt/src/hadoop-ozone/integration-test/target/test-classes/webapps/static,AVAILABLE}
2019-06-13 16:25:44,389 INFO  handler.ContextHandler (ContextHandler.java:doStart(781)) - Started o.e.j.w.WebAppContext@3e56bc03{/,file:///opt/src/hadoop-ozone/integration-test/target/test-classes/webapps/ozoneManager/,AVAILABLE}{/ozoneManager}
2019-06-13 16:25:44,389 INFO  server.AbstractConnector (AbstractConnector.java:doStart(278)) - Started ServerConnector@7d3b8c04{HTTP/1.1,[http/1.1]}{0.0.0.0:45591}
2019-06-13 16:25:44,389 INFO  server.Server (Server.java:doStart(419)) - Started @51424ms
2019-06-13 16:25:44,390 INFO  server.BaseHttpServer (BaseHttpServer.java:updateConnectorAddress(207)) - HTTP server of OZONEMANAGER is listening at http://0.0.0.0:45591
2019-06-13 16:25:44,393 INFO  impl.MetricsSystemImpl (MetricsSystemImpl.java:init(158)) - HddsDatanode metrics system started (again)
2019-06-13 16:25:44,393 INFO  ozone.HddsDatanodeService (HddsDatanodeService.java:start(185)) - HddsDatanodeService host:ozone-z9zf6-1652263048 ip:192.168.11.208
2019-06-13 16:25:44,398 INFO  volume.HddsVolume (HddsVolume.java:<init>(176)) - Creating Volume: /opt/src/hadoop-ozone/integration-test/target/test-dir/MiniOzoneClusterImpl-c52a82f8-0bac-4b8b-a4e0-97fad48fa429/datanode-0/data/containers/hdds of  storage type : DISK and capacity : 104021790720
2019-06-13 16:25:44,399 INFO  volume.VolumeSet (VolumeSet.java:initializeVolumeSet(170)) - Added Volume : /opt/src/hadoop-ozone/integration-test/target/test-dir/MiniOzoneClusterImpl-c52a82f8-0bac-4b8b-a4e0-97fad48fa429/datanode-0/data/containers/hdds to VolumeSet
2019-06-13 16:25:44,399 INFO  volume.ThrottledAsyncChecker (ThrottledAsyncChecker.java:schedule(140)) - Scheduling a check for org.apache.hadoop.ozone.container.common.volume.HddsVolume@1dc8ca26
2019-06-13 16:25:44,400 INFO  volume.HddsVolumeChecker (HddsVolumeChecker.java:checkAllVolumes(203)) - Scheduled health check for volume org.apache.hadoop.ozone.container.common.volume.HddsVolume@1dc8ca26
2019-06-13 16:25:44,410 INFO  ratis.XceiverServerRatis (XceiverServerRatis.java:newXceiverServerRatis(401)) - Found a free port for the server : 35699
2019-06-13 16:25:44,411 INFO  impl.RaftServerProxy (ConfUtils.java:logGet(43)) - raft.rpc.type = GRPC (default)
2019-06-13 16:25:44,411 INFO  grpc.GrpcConfigKeys$Server (ConfUtils.java:logGet(43)) - raft.grpc.server.port = 35699 (custom)
2019-06-13 16:25:44,411 INFO  server.GrpcService (ConfUtils.java:logGet(43)) - raft.grpc.message.size.max = 33570816 (custom)
2019-06-13 16:25:44,411 INFO  server.RaftServerConfigKeys (ConfUtils.java:logGet(43)) - raft.server.log.appender.buffer.byte-limit = 33554432 (custom)
2019-06-13 16:25:44,411 INFO  server.GrpcService (ConfUtils.java:logGet(43)) - raft.grpc.flow.control.window = 1MB (=1048576) (default)
2019-06-13 16:25:44,411 INFO  server.RaftServerConfigKeys (ConfUtils.java:logGet(43)) - raft.server.rpc.request.timeout = 3000ms (default)
2019-06-13 16:25:44,412 INFO  server.RaftServerConfigKeys (ConfUtils.java:logGet(43)) - raft.server.storage.dir = [/opt/src/hadoop-ozone/integration-test/target/test-dir/MiniOzoneClusterImpl-c52a82f8-0bac-4b8b-a4e0-97fad48fa429/datanode-0/data/ratis] (custom)
2019-06-13 16:25:44,412 INFO  server.XceiverServerGrpc (XceiverServerGrpc.java:<init>(97)) - Found a free port for the server : 34133
2019-06-13 16:25:44,412 INFO  replication.SimpleContainerDownloader (SimpleContainerDownloader.java:<init>(72)) - Starting container downloader service to copy containers to replicate.
2019-06-13 16:25:44,413 INFO  hdfs.DFSUtil (DFSUtil.java:httpServerTemplateForNNAndJN(1641)) - Starting Web-server for hddsDatanode at: http://0.0.0.0:0
2019-06-13 16:25:44,414 INFO  server.AuthenticationFilter (AuthenticationFilter.java:constructSecretProvider(240)) - Unable to initialize FileSignerSecretProvider, falling back to use random secrets.
2019-06-13 16:25:44,414 WARN  http.HttpRequestLog (HttpRequestLog.java:getRequestLog(97)) - Jetty request log can only be enabled using Log4j
2019-06-13 16:25:44,415 INFO  http.HttpServer2 (HttpServer2.java:addGlobalFilter(975)) - Added global filter 'safety' (class=org.apache.hadoop.http.HttpServer2$QuotingInputFilter)
2019-06-13 16:25:44,416 INFO  http.HttpServer2 (HttpServer2.java:addFilter(948)) - Added filter static_user_filter (class=org.apache.hadoop.http.lib.StaticUserWebFilter$StaticUserFilter) to context hddsDatanode
2019-06-13 16:25:44,416 INFO  http.HttpServer2 (HttpServer2.java:addFilter(958)) - Added filter static_user_filter (class=org.apache.hadoop.http.lib.StaticUserWebFilter$StaticUserFilter) to context logs
2019-06-13 16:25:44,416 INFO  http.HttpServer2 (HttpServer2.java:addFilter(958)) - Added filter static_user_filter (class=org.apache.hadoop.http.lib.StaticUserWebFilter$StaticUserFilter) to context static
2019-06-13 16:25:44,416 INFO  http.HttpServer2 (HttpServer2.java:bindListener(1191)) - Jetty bound to port 38203
2019-06-13 16:25:44,416 INFO  server.Server (Server.java:doStart(351)) - jetty-9.3.24.v20180605, build timestamp: 2018-06-05T17:11:56Z, git hash: 84205aa28f11a4f31f2a3b86d1bba2cc8ab69827
2019-06-13 16:25:44,417 INFO  handler.ContextHandler (ContextHandler.java:doStart(781)) - Started o.e.j.s.ServletContextHandler@1d4adc6b{/logs,file:///opt/src/hadoop-ozone/integration-test/target/log,AVAILABLE}
2019-06-13 16:25:44,418 INFO  handler.ContextHandler (ContextHandler.java:doStart(781)) - Started o.e.j.s.ServletContextHandler@70f90a6c{/static,jar:file:/root/.m2/repository/org/apache/hadoop/hadoop-hdds-container-service/0.5.0-SNAPSHOT/hadoop-hdds-container-service-0.5.0-SNAPSHOT.jar!/webapps/static,AVAILABLE}
2019-06-13 16:25:44,440 INFO  handler.ContextHandler (ContextHandler.java:doStart(781)) - Started o.e.j.w.WebAppContext@3a337481{/,file:///tmp/jetty-0.0.0.0-38203-hddsDatanode-_-any-2786425867639219404.dir/webapp/,AVAILABLE}{/hddsDatanode}
2019-06-13 16:25:44,441 INFO  server.AbstractConnector (AbstractConnector.java:doStart(278)) - Started ServerConnector@213ce71a{HTTP/1.1,[http/1.1]}{0.0.0.0:38203}
2019-06-13 16:25:44,441 INFO  server.Server (Server.java:doStart(419)) - Started @51476ms
2019-06-13 16:25:44,442 INFO  server.BaseHttpServer (BaseHttpServer.java:updateConnectorAddress(207)) - HTTP server of HDDSDATANODE is listening at http://0.0.0.0:38203
2019-06-13 16:25:44,517 INFO  ozone.HddsDatanodeService (HddsDatanodeService.java:startPlugins(396)) - Started plug-in org.apache.hadoop.ozone.web.OzoneHddsDatanodeService@11288ae2
2019-06-13 16:25:44,517 INFO  ozone.MiniOzoneClusterImpl (MiniOzoneClusterImpl.java:lambda$waitForClusterToBeReady$0(142)) - Waiting for cluster to be ready. Got 0 of 1 DN Heartbeats.
2019-06-13 16:25:44,518 INFO  util.JvmPauseMonitor (JvmPauseMonitor.java:run(188)) - Starting JVM pause monitor
2019-06-13 16:25:44,519 INFO  datanode.InitDatanodeState (InitDatanodeState.java:persistContainerDatanodeDetails(140)) - DatanodeDetails is persisted to /opt/src/hadoop-ozone/integration-test/target/test-dir/MiniOzoneClusterImpl-c52a82f8-0bac-4b8b-a4e0-97fad48fa429/datanode-0/meta/datanode.id
2019-06-13 16:25:45,236 INFO  background.BlockDeletingService (BlockDeletingService.java:getTasks(123)) - Plan to choose 10 containers for block deletion, actually returns 5 valid containers.
2019-06-13 16:25:45,236 ERROR utils.ContainerCache (ContainerCache.java:getDB(137)) - Error opening DB. Container:1 ContainerPath:/opt/src/hadoop-ozone/integration-test/target/test-dir/MiniOzoneClusterImpl-3f379463-9810-48df-887f-c222ef37097c/datanode-0/data/containers/hdds/500ceb14-8321-4c8a-b6b3-e488e41f7aab/current/containerDir0/1/metadata/1-dn-container.db
java.io.IOException: Failed init RocksDB, db path : /opt/src/hadoop-ozone/integration-test/target/test-dir/MiniOzoneClusterImpl-3f379463-9810-48df-887f-c222ef37097c/datanode-0/data/containers/hdds/500ceb14-8321-4c8a-b6b3-e488e41f7aab/current/containerDir0/1/metadata/1-dn-container.db
	at org.apache.hadoop.utils.RocksDBStore.<init>(RocksDBStore.java:87)
	at org.apache.hadoop.utils.MetadataStoreBuilder.build(MetadataStoreBuilder.java:137)
	at org.apache.hadoop.ozone.container.common.utils.ContainerCache.getDB(ContainerCache.java:129)
	at org.apache.hadoop.ozone.container.keyvalue.helpers.BlockUtils.getDB(BlockUtils.java:77)
	at org.apache.hadoop.ozone.container.keyvalue.statemachine.background.BlockDeletingService$BlockDeletingTask.call(BlockDeletingService.java:188)
	at org.apache.hadoop.ozone.container.keyvalue.statemachine.background.BlockDeletingService$BlockDeletingTask.call(BlockDeletingService.java:172)
	at java.util.concurrent.FutureTask.run(FutureTask.java:266)
	at java.util.concurrent.Executors$RunnableAdapter.call(Executors.java:511)
	at java.util.concurrent.FutureTask.run(FutureTask.java:266)
	at java.util.concurrent.Executors$RunnableAdapter.call(Executors.java:511)
	at java.util.concurrent.FutureTask.run(FutureTask.java:266)
	at java.util.concurrent.ScheduledThreadPoolExecutor$ScheduledFutureTask.access$201(ScheduledThreadPoolExecutor.java:180)
	at java.util.concurrent.ScheduledThreadPoolExecutor$ScheduledFutureTask.run(ScheduledThreadPoolExecutor.java:293)
	at java.util.concurrent.ThreadPoolExecutor.runWorker(ThreadPoolExecutor.java:1149)
	at java.util.concurrent.ThreadPoolExecutor$Worker.run(ThreadPoolExecutor.java:624)
	at java.lang.Thread.run(Thread.java:748)
Caused by: org.rocksdb.RocksDBException: While mkdir if missing: /opt/src/hadoop-ozone/integration-test/target/test-dir/MiniOzoneClusterImpl-3f379463-9810-48df-887f-c222ef37097c/datanode-0/data/containers/hdds/500ceb14-8321-4c8a-b6b3-e488e41f7aab/current/containerDir0/1/metadata/1-dn-container.db: No such file or directory
	at org.rocksdb.RocksDB.open(Native Method)
	at org.rocksdb.RocksDB.open(RocksDB.java:231)
	at org.apache.hadoop.utils.RocksDBStore.<init>(RocksDBStore.java:71)
	... 15 more
2019-06-13 16:25:45,237 ERROR utils.ContainerCache (ContainerCache.java:getDB(137)) - Error opening DB. Container:5 ContainerPath:/opt/src/hadoop-ozone/integration-test/target/test-dir/MiniOzoneClusterImpl-3f379463-9810-48df-887f-c222ef37097c/datanode-0/data/containers/hdds/500ceb14-8321-4c8a-b6b3-e488e41f7aab/current/containerDir0/5/metadata/5-dn-container.db
java.io.IOException: Failed init RocksDB, db path : /opt/src/hadoop-ozone/integration-test/target/test-dir/MiniOzoneClusterImpl-3f379463-9810-48df-887f-c222ef37097c/datanode-0/data/containers/hdds/500ceb14-8321-4c8a-b6b3-e488e41f7aab/current/containerDir0/5/metadata/5-dn-container.db
	at org.apache.hadoop.utils.RocksDBStore.<init>(RocksDBStore.java:87)
	at org.apache.hadoop.utils.MetadataStoreBuilder.build(MetadataStoreBuilder.java:137)
	at org.apache.hadoop.ozone.container.common.utils.ContainerCache.getDB(ContainerCache.java:129)
	at org.apache.hadoop.ozone.container.keyvalue.helpers.BlockUtils.getDB(BlockUtils.java:77)
	at org.apache.hadoop.ozone.container.keyvalue.statemachine.background.BlockDeletingService$BlockDeletingTask.call(BlockDeletingService.java:188)
	at org.apache.hadoop.ozone.container.keyvalue.statemachine.background.BlockDeletingService$BlockDeletingTask.call(BlockDeletingService.java:172)
	at java.util.concurrent.FutureTask.run(FutureTask.java:266)
	at java.util.concurrent.Executors$RunnableAdapter.call(Executors.java:511)
	at java.util.concurrent.FutureTask.run(FutureTask.java:266)
	at java.util.concurrent.Executors$RunnableAdapter.call(Executors.java:511)
	at java.util.concurrent.FutureTask.run(FutureTask.java:266)
	at java.util.concurrent.ScheduledThreadPoolExecutor$ScheduledFutureTask.access$201(ScheduledThreadPoolExecutor.java:180)
	at java.util.concurrent.ScheduledThreadPoolExecutor$ScheduledFutureTask.run(ScheduledThreadPoolExecutor.java:293)
	at java.util.concurrent.ThreadPoolExecutor.runWorker(ThreadPoolExecutor.java:1149)
	at java.util.concurrent.ThreadPoolExecutor$Worker.run(ThreadPoolExecutor.java:624)
	at java.lang.Thread.run(Thread.java:748)
Caused by: org.rocksdb.RocksDBException: While mkdir if missing: /opt/src/hadoop-ozone/integration-test/target/test-dir/MiniOzoneClusterImpl-3f379463-9810-48df-887f-c222ef37097c/datanode-0/data/containers/hdds/500ceb14-8321-4c8a-b6b3-e488e41f7aab/current/containerDir0/5/metadata/5-dn-container.db: No such file or directory
	at org.rocksdb.RocksDB.open(Native Method)
	at org.rocksdb.RocksDB.open(RocksDB.java:231)
	at org.apache.hadoop.utils.RocksDBStore.<init>(RocksDBStore.java:71)
	... 15 more
2019-06-13 16:25:45,237 WARN  utils.BackgroundService (BackgroundService.java:lambda$run$0(135)) - Background task fails to execute, retrying in next interval
java.util.concurrent.ExecutionException: org.apache.hadoop.hdds.scm.container.common.helpers.StorageContainerException: Error opening DB. Container:5 ContainerPath:/opt/src/hadoop-ozone/integration-test/target/test-dir/MiniOzoneClusterImpl-3f379463-9810-48df-887f-c222ef37097c/datanode-0/data/containers/hdds/500ceb14-8321-4c8a-b6b3-e488e41f7aab/current/containerDir0/5/metadata/5-dn-container.db
	at java.util.concurrent.FutureTask.report(FutureTask.java:122)
	at java.util.concurrent.FutureTask.get(FutureTask.java:206)
	at org.apache.hadoop.utils.BackgroundService$PeriodicalTask.lambda$run$0(BackgroundService.java:129)
	at java.util.stream.ForEachOps$ForEachOp$OfRef.accept(ForEachOps.java:184)
	at java.util.ArrayList$ArrayListSpliterator.forEachRemaining(ArrayList.java:1382)
	at java.util.stream.AbstractPipeline.copyInto(AbstractPipeline.java:482)
	at java.util.stream.ForEachOps$ForEachTask.compute(ForEachOps.java:291)
	at java.util.concurrent.CountedCompleter.exec(CountedCompleter.java:731)
	at java.util.concurrent.ForkJoinTask.doExec(ForkJoinTask.java:289)
	at java.util.concurrent.ForkJoinPool$WorkQueue.runTask(ForkJoinPool.java:1056)
	at java.util.concurrent.ForkJoinPool.runWorker(ForkJoinPool.java:1692)
	at java.util.concurrent.ForkJoinWorkerThread.run(ForkJoinWorkerThread.java:157)
Caused by: org.apache.hadoop.hdds.scm.container.common.helpers.StorageContainerException: Error opening DB. Container:5 ContainerPath:/opt/src/hadoop-ozone/integration-test/target/test-dir/MiniOzoneClusterImpl-3f379463-9810-48df-887f-c222ef37097c/datanode-0/data/containers/hdds/500ceb14-8321-4c8a-b6b3-e488e41f7aab/current/containerDir0/5/metadata/5-dn-container.db
	at org.apache.hadoop.ozone.container.keyvalue.helpers.BlockUtils.getDB(BlockUtils.java:84)
	at org.apache.hadoop.ozone.container.keyvalue.statemachine.background.BlockDeletingService$BlockDeletingTask.call(BlockDeletingService.java:188)
	at org.apache.hadoop.ozone.container.keyvalue.statemachine.background.BlockDeletingService$BlockDeletingTask.call(BlockDeletingService.java:172)
	at java.util.concurrent.FutureTask.run(FutureTask.java:266)
	at java.util.concurrent.Executors$RunnableAdapter.call(Executors.java:511)
	at java.util.concurrent.FutureTask.run(FutureTask.java:266)
	at java.util.concurrent.Executors$RunnableAdapter.call(Executors.java:511)
	at java.util.concurrent.FutureTask.run(FutureTask.java:266)
	at java.util.concurrent.ScheduledThreadPoolExecutor$ScheduledFutureTask.access$201(ScheduledThreadPoolExecutor.java:180)
	at java.util.concurrent.ScheduledThreadPoolExecutor$ScheduledFutureTask.run(ScheduledThreadPoolExecutor.java:293)
	at java.util.concurrent.ThreadPoolExecutor.runWorker(ThreadPoolExecutor.java:1149)
	at java.util.concurrent.ThreadPoolExecutor$Worker.run(ThreadPoolExecutor.java:624)
	at java.lang.Thread.run(Thread.java:748)
2019-06-13 16:25:45,237 ERROR utils.ContainerCache (ContainerCache.java:getDB(137)) - Error opening DB. Container:4 ContainerPath:/opt/src/hadoop-ozone/integration-test/target/test-dir/MiniOzoneClusterImpl-3f379463-9810-48df-887f-c222ef37097c/datanode-0/data/containers/hdds/500ceb14-8321-4c8a-b6b3-e488e41f7aab/current/containerDir0/4/metadata/4-dn-container.db
java.io.IOException: Failed init RocksDB, db path : /opt/src/hadoop-ozone/integration-test/target/test-dir/MiniOzoneClusterImpl-3f379463-9810-48df-887f-c222ef37097c/datanode-0/data/containers/hdds/500ceb14-8321-4c8a-b6b3-e488e41f7aab/current/containerDir0/4/metadata/4-dn-container.db
	at org.apache.hadoop.utils.RocksDBStore.<init>(RocksDBStore.java:87)
	at org.apache.hadoop.utils.MetadataStoreBuilder.build(MetadataStoreBuilder.java:137)
	at org.apache.hadoop.ozone.container.common.utils.ContainerCache.getDB(ContainerCache.java:129)
	at org.apache.hadoop.ozone.container.keyvalue.helpers.BlockUtils.getDB(BlockUtils.java:77)
	at org.apache.hadoop.ozone.container.keyvalue.statemachine.background.BlockDeletingService$BlockDeletingTask.call(BlockDeletingService.java:188)
	at org.apache.hadoop.ozone.container.keyvalue.statemachine.background.BlockDeletingService$BlockDeletingTask.call(BlockDeletingService.java:172)
	at java.util.concurrent.FutureTask.run(FutureTask.java:266)
	at java.util.concurrent.Executors$RunnableAdapter.call(Executors.java:511)
	at java.util.concurrent.FutureTask.run(FutureTask.java:266)
	at java.util.concurrent.Executors$RunnableAdapter.call(Executors.java:511)
	at java.util.concurrent.FutureTask.run(FutureTask.java:266)
	at java.util.concurrent.ScheduledThreadPoolExecutor$ScheduledFutureTask.access$201(ScheduledThreadPoolExecutor.java:180)
	at java.util.concurrent.ScheduledThreadPoolExecutor$ScheduledFutureTask.run(ScheduledThreadPoolExecutor.java:293)
	at java.util.concurrent.ThreadPoolExecutor.runWorker(ThreadPoolExecutor.java:1149)
	at java.util.concurrent.ThreadPoolExecutor$Worker.run(ThreadPoolExecutor.java:624)
	at java.lang.Thread.run(Thread.java:748)
Caused by: org.rocksdb.RocksDBException: While mkdir if missing: /opt/src/hadoop-ozone/integration-test/target/test-dir/MiniOzoneClusterImpl-3f379463-9810-48df-887f-c222ef37097c/datanode-0/data/containers/hdds/500ceb14-8321-4c8a-b6b3-e488e41f7aab/current/containerDir0/4/metadata/4-dn-container.db: No such file or directory
	at org.rocksdb.RocksDB.open(Native Method)
	at org.rocksdb.RocksDB.open(RocksDB.java:231)
	at org.apache.hadoop.utils.RocksDBStore.<init>(RocksDBStore.java:71)
	... 15 more
2019-06-13 16:25:45,237 WARN  utils.BackgroundService (BackgroundService.java:lambda$run$0(135)) - Background task fails to execute, retrying in next interval
java.util.concurrent.ExecutionException: org.apache.hadoop.hdds.scm.container.common.helpers.StorageContainerException: Error opening DB. Container:1 ContainerPath:/opt/src/hadoop-ozone/integration-test/target/test-dir/MiniOzoneClusterImpl-3f379463-9810-48df-887f-c222ef37097c/datanode-0/data/containers/hdds/500ceb14-8321-4c8a-b6b3-e488e41f7aab/current/containerDir0/1/metadata/1-dn-container.db
	at java.util.concurrent.FutureTask.report(FutureTask.java:122)
	at java.util.concurrent.FutureTask.get(FutureTask.java:206)
	at org.apache.hadoop.utils.BackgroundService$PeriodicalTask.lambda$run$0(BackgroundService.java:129)
	at java.util.stream.ForEachOps$ForEachOp$OfRef.accept(ForEachOps.java:184)
	at java.util.ArrayList$ArrayListSpliterator.forEachRemaining(ArrayList.java:1382)
	at java.util.stream.AbstractPipeline.copyInto(AbstractPipeline.java:482)
	at java.util.stream.ForEachOps$ForEachTask.compute(ForEachOps.java:291)
	at java.util.concurrent.CountedCompleter.exec(CountedCompleter.java:731)
	at java.util.concurrent.ForkJoinTask.doExec(ForkJoinTask.java:289)
	at java.util.concurrent.ForkJoinPool$WorkQueue.execLocalTasks(ForkJoinPool.java:1040)
	at java.util.concurrent.ForkJoinPool$WorkQueue.runTask(ForkJoinPool.java:1058)
	at java.util.concurrent.ForkJoinPool.runWorker(ForkJoinPool.java:1692)
	at java.util.concurrent.ForkJoinWorkerThread.run(ForkJoinWorkerThread.java:157)
Caused by: org.apache.hadoop.hdds.scm.container.common.helpers.StorageContainerException: Error opening DB. Container:1 ContainerPath:/opt/src/hadoop-ozone/integration-test/target/test-dir/MiniOzoneClusterImpl-3f379463-9810-48df-887f-c222ef37097c/datanode-0/data/containers/hdds/500ceb14-8321-4c8a-b6b3-e488e41f7aab/current/containerDir0/1/metadata/1-dn-container.db
	at org.apache.hadoop.ozone.container.keyvalue.helpers.BlockUtils.getDB(BlockUtils.java:84)
	at org.apache.hadoop.ozone.container.keyvalue.statemachine.background.BlockDeletingService$BlockDeletingTask.call(BlockDeletingService.java:188)
	at org.apache.hadoop.ozone.container.keyvalue.statemachine.background.BlockDeletingService$BlockDeletingTask.call(BlockDeletingService.java:172)
	at java.util.concurrent.FutureTask.run(FutureTask.java:266)
	at java.util.concurrent.Executors$RunnableAdapter.call(Executors.java:511)
	at java.util.concurrent.FutureTask.run(FutureTask.java:266)
	at java.util.concurrent.Executors$RunnableAdapter.call(Executors.java:511)
	at java.util.concurrent.FutureTask.run(FutureTask.java:266)
	at java.util.concurrent.ScheduledThreadPoolExecutor$ScheduledFutureTask.access$201(ScheduledThreadPoolExecutor.java:180)
	at java.util.concurrent.ScheduledThreadPoolExecutor$ScheduledFutureTask.run(ScheduledThreadPoolExecutor.java:293)
	at java.util.concurrent.ThreadPoolExecutor.runWorker(ThreadPoolExecutor.java:1149)
	at java.util.concurrent.ThreadPoolExecutor$Worker.run(ThreadPoolExecutor.java:624)
	at java.lang.Thread.run(Thread.java:748)
2019-06-13 16:25:45,238 WARN  utils.BackgroundService (BackgroundService.java:lambda$run$0(135)) - Background task fails to execute, retrying in next interval
java.util.concurrent.ExecutionException: org.apache.hadoop.hdds.scm.container.common.helpers.StorageContainerException: Error opening DB. Container:4 ContainerPath:/opt/src/hadoop-ozone/integration-test/target/test-dir/MiniOzoneClusterImpl-3f379463-9810-48df-887f-c222ef37097c/datanode-0/data/containers/hdds/500ceb14-8321-4c8a-b6b3-e488e41f7aab/current/containerDir0/4/metadata/4-dn-container.db
	at java.util.concurrent.FutureTask.report(FutureTask.java:122)
	at java.util.concurrent.FutureTask.get(FutureTask.java:206)
	at org.apache.hadoop.utils.BackgroundService$PeriodicalTask.lambda$run$0(BackgroundService.java:129)
	at java.util.stream.ForEachOps$ForEachOp$OfRef.accept(ForEachOps.java:184)
	at java.util.ArrayList$ArrayListSpliterator.forEachRemaining(ArrayList.java:1382)
	at java.util.stream.AbstractPipeline.copyInto(AbstractPipeline.java:482)
	at java.util.stream.ForEachOps$ForEachTask.compute(ForEachOps.java:291)
	at java.util.concurrent.CountedCompleter.exec(CountedCompleter.java:731)
	at java.util.concurrent.ForkJoinTask.doExec(ForkJoinTask.java:289)
	at java.util.concurrent.ForkJoinTask.doInvoke(ForkJoinTask.java:401)
	at java.util.concurrent.ForkJoinTask.invoke(ForkJoinTask.java:734)
	at java.util.stream.ForEachOps$ForEachOp.evaluateParallel(ForEachOps.java:160)
	at java.util.stream.ForEachOps$ForEachOp$OfRef.evaluateParallel(ForEachOps.java:174)
	at java.util.stream.AbstractPipeline.evaluate(AbstractPipeline.java:233)
	at java.util.stream.ReferencePipeline.forEach(ReferencePipeline.java:418)
	at java.util.stream.ReferencePipeline$Head.forEach(ReferencePipeline.java:583)
	at org.apache.hadoop.utils.BackgroundService$PeriodicalTask.run(BackgroundService.java:125)
	at java.util.concurrent.Executors$RunnableAdapter.call(Executors.java:511)
	at java.util.concurrent.FutureTask.runAndReset(FutureTask.java:308)
	at java.util.concurrent.ScheduledThreadPoolExecutor$ScheduledFutureTask.access$301(ScheduledThreadPoolExecutor.java:180)
	at java.util.concurrent.ScheduledThreadPoolExecutor$ScheduledFutureTask.run(ScheduledThreadPoolExecutor.java:294)
	at java.util.concurrent.ThreadPoolExecutor.runWorker(ThreadPoolExecutor.java:1149)
	at java.util.concurrent.ThreadPoolExecutor$Worker.run(ThreadPoolExecutor.java:624)
	at java.lang.Thread.run(Thread.java:748)
Caused by: org.apache.hadoop.hdds.scm.container.common.helpers.StorageContainerException: Error opening DB. Container:4 ContainerPath:/opt/src/hadoop-ozone/integration-test/target/test-dir/MiniOzoneClusterImpl-3f379463-9810-48df-887f-c222ef37097c/datanode-0/data/containers/hdds/500ceb14-8321-4c8a-b6b3-e488e41f7aab/current/containerDir0/4/metadata/4-dn-container.db
	at org.apache.hadoop.ozone.container.keyvalue.helpers.BlockUtils.getDB(BlockUtils.java:84)
	at org.apache.hadoop.ozone.container.keyvalue.statemachine.background.BlockDeletingService$BlockDeletingTask.call(BlockDeletingService.java:188)
	at org.apache.hadoop.ozone.container.keyvalue.statemachine.background.BlockDeletingService$BlockDeletingTask.call(BlockDeletingService.java:172)
	at java.util.concurrent.FutureTask.run(FutureTask.java:266)
	at java.util.concurrent.Executors$RunnableAdapter.call(Executors.java:511)
	at java.util.concurrent.FutureTask.run(FutureTask.java:266)
	at java.util.concurrent.Executors$RunnableAdapter.call(Executors.java:511)
	at java.util.concurrent.FutureTask.run(FutureTask.java:266)
	at java.util.concurrent.ScheduledThreadPoolExecutor$ScheduledFutureTask.access$201(ScheduledThreadPoolExecutor.java:180)
	at java.util.concurrent.ScheduledThreadPoolExecutor$ScheduledFutureTask.run(ScheduledThreadPoolExecutor.java:293)
	... 3 more
2019-06-13 16:25:45,238 ERROR utils.ContainerCache (ContainerCache.java:getDB(137)) - Error opening DB. Container:3 ContainerPath:/opt/src/hadoop-ozone/integration-test/target/test-dir/MiniOzoneClusterImpl-3f379463-9810-48df-887f-c222ef37097c/datanode-0/data/containers/hdds/500ceb14-8321-4c8a-b6b3-e488e41f7aab/current/containerDir0/3/metadata/3-dn-container.db
java.io.IOException: Failed init RocksDB, db path : /opt/src/hadoop-ozone/integration-test/target/test-dir/MiniOzoneClusterImpl-3f379463-9810-48df-887f-c222ef37097c/datanode-0/data/containers/hdds/500ceb14-8321-4c8a-b6b3-e488e41f7aab/current/containerDir0/3/metadata/3-dn-container.db
	at org.apache.hadoop.utils.RocksDBStore.<init>(RocksDBStore.java:87)
	at org.apache.hadoop.utils.MetadataStoreBuilder.build(MetadataStoreBuilder.java:137)
	at org.apache.hadoop.ozone.container.common.utils.ContainerCache.getDB(ContainerCache.java:129)
	at org.apache.hadoop.ozone.container.keyvalue.helpers.BlockUtils.getDB(BlockUtils.java:77)
	at org.apache.hadoop.ozone.container.keyvalue.statemachine.background.BlockDeletingService$BlockDeletingTask.call(BlockDeletingService.java:188)
	at org.apache.hadoop.ozone.container.keyvalue.statemachine.background.BlockDeletingService$BlockDeletingTask.call(BlockDeletingService.java:172)
	at java.util.concurrent.FutureTask.run(FutureTask.java:266)
	at java.util.concurrent.Executors$RunnableAdapter.call(Executors.java:511)
	at java.util.concurrent.FutureTask.run(FutureTask.java:266)
	at java.util.concurrent.Executors$RunnableAdapter.call(Executors.java:511)
	at java.util.concurrent.FutureTask.run(FutureTask.java:266)
	at java.util.concurrent.ScheduledThreadPoolExecutor$ScheduledFutureTask.access$201(ScheduledThreadPoolExecutor.java:180)
	at java.util.concurrent.ScheduledThreadPoolExecutor$ScheduledFutureTask.run(ScheduledThreadPoolExecutor.java:293)
	at java.util.concurrent.ThreadPoolExecutor.runWorker(ThreadPoolExecutor.java:1149)
	at java.util.concurrent.ThreadPoolExecutor$Worker.run(ThreadPoolExecutor.java:624)
	at java.lang.Thread.run(Thread.java:748)
Caused by: org.rocksdb.RocksDBException: While mkdir if missing: /opt/src/hadoop-ozone/integration-test/target/test-dir/MiniOzoneClusterImpl-3f379463-9810-48df-887f-c222ef37097c/datanode-0/data/containers/hdds/500ceb14-8321-4c8a-b6b3-e488e41f7aab/current/containerDir0/3/metadata/3-dn-container.db: No such file or directory
	at org.rocksdb.RocksDB.open(Native Method)
	at org.rocksdb.RocksDB.open(RocksDB.java:231)
	at org.apache.hadoop.utils.RocksDBStore.<init>(RocksDBStore.java:71)
	... 15 more
2019-06-13 16:25:45,238 WARN  utils.BackgroundService (BackgroundService.java:lambda$run$0(135)) - Background task fails to execute, retrying in next interval
java.util.concurrent.ExecutionException: org.apache.hadoop.hdds.scm.container.common.helpers.StorageContainerException: Error opening DB. Container:3 ContainerPath:/opt/src/hadoop-ozone/integration-test/target/test-dir/MiniOzoneClusterImpl-3f379463-9810-48df-887f-c222ef37097c/datanode-0/data/containers/hdds/500ceb14-8321-4c8a-b6b3-e488e41f7aab/current/containerDir0/3/metadata/3-dn-container.db
	at java.util.concurrent.FutureTask.report(FutureTask.java:122)
	at java.util.concurrent.FutureTask.get(FutureTask.java:206)
	at org.apache.hadoop.utils.BackgroundService$PeriodicalTask.lambda$run$0(BackgroundService.java:129)
	at java.util.stream.ForEachOps$ForEachOp$OfRef.accept(ForEachOps.java:184)
	at java.util.ArrayList$ArrayListSpliterator.forEachRemaining(ArrayList.java:1382)
	at java.util.stream.AbstractPipeline.copyInto(AbstractPipeline.java:482)
	at java.util.stream.ForEachOps$ForEachTask.compute(ForEachOps.java:291)
	at java.util.concurrent.CountedCompleter.exec(CountedCompleter.java:731)
	at java.util.concurrent.ForkJoinTask.doExec(ForkJoinTask.java:289)
	at java.util.concurrent.ForkJoinPool$WorkQueue.pollAndExecCC(ForkJoinPool.java:1190)
	at java.util.concurrent.ForkJoinPool.helpComplete(ForkJoinPool.java:1879)
	at java.util.concurrent.ForkJoinPool.externalHelpComplete(ForkJoinPool.java:2467)
	at java.util.concurrent.ForkJoinTask.externalAwaitDone(ForkJoinTask.java:324)
	at java.util.concurrent.ForkJoinTask.doInvoke(ForkJoinTask.java:405)
	at java.util.concurrent.ForkJoinTask.invoke(ForkJoinTask.java:734)
	at java.util.stream.ForEachOps$ForEachOp.evaluateParallel(ForEachOps.java:160)
	at java.util.stream.ForEachOps$ForEachOp$OfRef.evaluateParallel(ForEachOps.java:174)
	at java.util.stream.AbstractPipeline.evaluate(AbstractPipeline.java:233)
	at java.util.stream.ReferencePipeline.forEach(ReferencePipeline.java:418)
	at java.util.stream.ReferencePipeline$Head.forEach(ReferencePipeline.java:583)
	at org.apache.hadoop.utils.BackgroundService$PeriodicalTask.run(BackgroundService.java:125)
	at java.util.concurrent.Executors$RunnableAdapter.call(Executors.java:511)
	at java.util.concurrent.FutureTask.runAndReset(FutureTask.java:308)
	at java.util.concurrent.ScheduledThreadPoolExecutor$ScheduledFutureTask.access$301(ScheduledThreadPoolExecutor.java:180)
	at java.util.concurrent.ScheduledThreadPoolExecutor$ScheduledFutureTask.run(ScheduledThreadPoolExecutor.java:294)
	at java.util.concurrent.ThreadPoolExecutor.runWorker(ThreadPoolExecutor.java:1149)
	at java.util.concurrent.ThreadPoolExecutor$Worker.run(ThreadPoolExecutor.java:624)
	at java.lang.Thread.run(Thread.java:748)
Caused by: org.apache.hadoop.hdds.scm.container.common.helpers.StorageContainerException: Error opening DB. Container:3 ContainerPath:/opt/src/hadoop-ozone/integration-test/target/test-dir/MiniOzoneClusterImpl-3f379463-9810-48df-887f-c222ef37097c/datanode-0/data/containers/hdds/500ceb14-8321-4c8a-b6b3-e488e41f7aab/current/containerDir0/3/metadata/3-dn-container.db
	at org.apache.hadoop.ozone.container.keyvalue.helpers.BlockUtils.getDB(BlockUtils.java:84)
	at org.apache.hadoop.ozone.container.keyvalue.statemachine.background.BlockDeletingService$BlockDeletingTask.call(BlockDeletingService.java:188)
	at org.apache.hadoop.ozone.container.keyvalue.statemachine.background.BlockDeletingService$BlockDeletingTask.call(BlockDeletingService.java:172)
	at java.util.concurrent.FutureTask.run(FutureTask.java:266)
	at java.util.concurrent.Executors$RunnableAdapter.call(Executors.java:511)
	at java.util.concurrent.FutureTask.run(FutureTask.java:266)
	at java.util.concurrent.Executors$RunnableAdapter.call(Executors.java:511)
	at java.util.concurrent.FutureTask.run(FutureTask.java:266)
	at java.util.concurrent.ScheduledThreadPoolExecutor$ScheduledFutureTask.access$201(ScheduledThreadPoolExecutor.java:180)
	at java.util.concurrent.ScheduledThreadPoolExecutor$ScheduledFutureTask.run(ScheduledThreadPoolExecutor.java:293)
	... 3 more
2019-06-13 16:25:45,238 ERROR utils.ContainerCache (ContainerCache.java:getDB(137)) - Error opening DB. Container:2 ContainerPath:/opt/src/hadoop-ozone/integration-test/target/test-dir/MiniOzoneClusterImpl-3f379463-9810-48df-887f-c222ef37097c/datanode-0/data/containers/hdds/500ceb14-8321-4c8a-b6b3-e488e41f7aab/current/containerDir0/2/metadata/2-dn-container.db
java.io.IOException: Failed init RocksDB, db path : /opt/src/hadoop-ozone/integration-test/target/test-dir/MiniOzoneClusterImpl-3f379463-9810-48df-887f-c222ef37097c/datanode-0/data/containers/hdds/500ceb14-8321-4c8a-b6b3-e488e41f7aab/current/containerDir0/2/metadata/2-dn-container.db
	at org.apache.hadoop.utils.RocksDBStore.<init>(RocksDBStore.java:87)
	at org.apache.hadoop.utils.MetadataStoreBuilder.build(MetadataStoreBuilder.java:137)
	at org.apache.hadoop.ozone.container.common.utils.ContainerCache.getDB(ContainerCache.java:129)
	at org.apache.hadoop.ozone.container.keyvalue.helpers.BlockUtils.getDB(BlockUtils.java:77)
	at org.apache.hadoop.ozone.container.keyvalue.statemachine.background.BlockDeletingService$BlockDeletingTask.call(BlockDeletingService.java:188)
	at org.apache.hadoop.ozone.container.keyvalue.statemachine.background.BlockDeletingService$BlockDeletingTask.call(BlockDeletingService.java:172)
	at java.util.concurrent.FutureTask.run(FutureTask.java:266)
	at java.util.concurrent.Executors$RunnableAdapter.call(Executors.java:511)
	at java.util.concurrent.FutureTask.run(FutureTask.java:266)
	at java.util.concurrent.Executors$RunnableAdapter.call(Executors.java:511)
	at java.util.concurrent.FutureTask.run(FutureTask.java:266)
	at java.util.concurrent.ScheduledThreadPoolExecutor$ScheduledFutureTask.access$201(ScheduledThreadPoolExecutor.java:180)
	at java.util.concurrent.ScheduledThreadPoolExecutor$ScheduledFutureTask.run(ScheduledThreadPoolExecutor.java:293)
	at java.util.concurrent.ThreadPoolExecutor.runWorker(ThreadPoolExecutor.java:1149)
	at java.util.concurrent.ThreadPoolExecutor$Worker.run(ThreadPoolExecutor.java:624)
	at java.lang.Thread.run(Thread.java:748)
Caused by: org.rocksdb.RocksDBException: While mkdir if missing: /opt/src/hadoop-ozone/integration-test/target/test-dir/MiniOzoneClusterImpl-3f379463-9810-48df-887f-c222ef37097c/datanode-0/data/containers/hdds/500ceb14-8321-4c8a-b6b3-e488e41f7aab/current/containerDir0/2/metadata/2-dn-container.db: No such file or directory
	at org.rocksdb.RocksDB.open(Native Method)
	at org.rocksdb.RocksDB.open(RocksDB.java:231)
	at org.apache.hadoop.utils.RocksDBStore.<init>(RocksDBStore.java:71)
	... 15 more
2019-06-13 16:25:45,239 WARN  utils.BackgroundService (BackgroundService.java:lambda$run$0(135)) - Background task fails to execute, retrying in next interval
java.util.concurrent.ExecutionException: org.apache.hadoop.hdds.scm.container.common.helpers.StorageContainerException: Error opening DB. Container:2 ContainerPath:/opt/src/hadoop-ozone/integration-test/target/test-dir/MiniOzoneClusterImpl-3f379463-9810-48df-887f-c222ef37097c/datanode-0/data/containers/hdds/500ceb14-8321-4c8a-b6b3-e488e41f7aab/current/containerDir0/2/metadata/2-dn-container.db
	at java.util.concurrent.FutureTask.report(FutureTask.java:122)
	at java.util.concurrent.FutureTask.get(FutureTask.java:206)
	at org.apache.hadoop.utils.BackgroundService$PeriodicalTask.lambda$run$0(BackgroundService.java:129)
	at java.util.stream.ForEachOps$ForEachOp$OfRef.accept(ForEachOps.java:184)
	at java.util.ArrayList$ArrayListSpliterator.forEachRemaining(ArrayList.java:1382)
	at java.util.stream.AbstractPipeline.copyInto(AbstractPipeline.java:482)
	at java.util.stream.ForEachOps$ForEachTask.compute(ForEachOps.java:291)
	at java.util.concurrent.CountedCompleter.exec(CountedCompleter.java:731)
	at java.util.concurrent.ForkJoinTask.doExec(ForkJoinTask.java:289)
	at java.util.concurrent.ForkJoinPool$WorkQueue.runTask(ForkJoinPool.java:1056)
	at java.util.concurrent.ForkJoinPool.runWorker(ForkJoinPool.java:1692)
	at java.util.concurrent.ForkJoinWorkerThread.run(ForkJoinWorkerThread.java:157)
Caused by: org.apache.hadoop.hdds.scm.container.common.helpers.StorageContainerException: Error opening DB. Container:2 ContainerPath:/opt/src/hadoop-ozone/integration-test/target/test-dir/MiniOzoneClusterImpl-3f379463-9810-48df-887f-c222ef37097c/datanode-0/data/containers/hdds/500ceb14-8321-4c8a-b6b3-e488e41f7aab/current/containerDir0/2/metadata/2-dn-container.db
	at org.apache.hadoop.ozone.container.keyvalue.helpers.BlockUtils.getDB(BlockUtils.java:84)
	at org.apache.hadoop.ozone.container.keyvalue.statemachine.background.BlockDeletingService$BlockDeletingTask.call(BlockDeletingService.java:188)
	at org.apache.hadoop.ozone.container.keyvalue.statemachine.background.BlockDeletingService$BlockDeletingTask.call(BlockDeletingService.java:172)
	at java.util.concurrent.FutureTask.run(FutureTask.java:266)
	at java.util.concurrent.Executors$RunnableAdapter.call(Executors.java:511)
	at java.util.concurrent.FutureTask.run(FutureTask.java:266)
	at java.util.concurrent.Executors$RunnableAdapter.call(Executors.java:511)
	at java.util.concurrent.FutureTask.run(FutureTask.java:266)
	at java.util.concurrent.ScheduledThreadPoolExecutor$ScheduledFutureTask.access$201(ScheduledThreadPoolExecutor.java:180)
	at java.util.concurrent.ScheduledThreadPoolExecutor$ScheduledFutureTask.run(ScheduledThreadPoolExecutor.java:293)
	at java.util.concurrent.ThreadPoolExecutor.runWorker(ThreadPoolExecutor.java:1149)
	at java.util.concurrent.ThreadPoolExecutor$Worker.run(ThreadPoolExecutor.java:624)
	at java.lang.Thread.run(Thread.java:748)
2019-06-13 16:25:45,518 INFO  ozone.MiniOzoneClusterImpl (MiniOzoneClusterImpl.java:lambda$waitForClusterToBeReady$0(142)) - Waiting for cluster to be ready. Got 0 of 1 DN Heartbeats.
2019-06-13 16:25:45,980 INFO  container.ReplicationManager (ReplicationManager.java:sendCloseCommand(630)) - Sending close container command for container #5 to datanode 328096ee-1483-4bfe-96a2-47a71e1e800c{ip: 192.168.11.208, host: ozone-z9zf6-1652263048, networkLocation: /default-rack, certSerialId: null}.
2019-06-13 16:25:45,980 INFO  container.ReplicationManager (ReplicationManager.java:run(207)) - Replication Monitor Thread took 1 milliseconds for processing 10 containers.
2019-06-13 16:25:46,239 INFO  background.BlockDeletingService (BlockDeletingService.java:getTasks(123)) - Plan to choose 10 containers for block deletion, actually returns 5 valid containers.
2019-06-13 16:25:46,240 ERROR utils.ContainerCache (ContainerCache.java:getDB(137)) - Error opening DB. Container:1 ContainerPath:/opt/src/hadoop-ozone/integration-test/target/test-dir/MiniOzoneClusterImpl-3f379463-9810-48df-887f-c222ef37097c/datanode-0/data/containers/hdds/500ceb14-8321-4c8a-b6b3-e488e41f7aab/current/containerDir0/1/metadata/1-dn-container.db
java.io.IOException: Failed init RocksDB, db path : /opt/src/hadoop-ozone/integration-test/target/test-dir/MiniOzoneClusterImpl-3f379463-9810-48df-887f-c222ef37097c/datanode-0/data/containers/hdds/500ceb14-8321-4c8a-b6b3-e488e41f7aab/current/containerDir0/1/metadata/1-dn-container.db
	at org.apache.hadoop.utils.RocksDBStore.<init>(RocksDBStore.java:87)
	at org.apache.hadoop.utils.MetadataStoreBuilder.build(MetadataStoreBuilder.java:137)
	at org.apache.hadoop.ozone.container.common.utils.ContainerCache.getDB(ContainerCache.java:129)
	at org.apache.hadoop.ozone.container.keyvalue.helpers.BlockUtils.getDB(BlockUtils.java:77)
	at org.apache.hadoop.ozone.container.keyvalue.statemachine.background.BlockDeletingService$BlockDeletingTask.call(BlockDeletingService.java:188)
	at org.apache.hadoop.ozone.container.keyvalue.statemachine.background.BlockDeletingService$BlockDeletingTask.call(BlockDeletingService.java:172)
	at java.util.concurrent.FutureTask.run(FutureTask.java:266)
	at java.util.concurrent.Executors$RunnableAdapter.call(Executors.java:511)
	at java.util.concurrent.FutureTask.run(FutureTask.java:266)
	at java.util.concurrent.Executors$RunnableAdapter.call(Executors.java:511)
	at java.util.concurrent.FutureTask.run(FutureTask.java:266)
	at java.util.concurrent.ScheduledThreadPoolExecutor$ScheduledFutureTask.access$201(ScheduledThreadPoolExecutor.java:180)
	at java.util.concurrent.ScheduledThreadPoolExecutor$ScheduledFutureTask.run(ScheduledThreadPoolExecutor.java:293)
	at java.util.concurrent.ThreadPoolExecutor.runWorker(ThreadPoolExecutor.java:1149)
	at java.util.concurrent.ThreadPoolExecutor$Worker.run(ThreadPoolExecutor.java:624)
	at java.lang.Thread.run(Thread.java:748)
Caused by: org.rocksdb.RocksDBException: While mkdir if missing: /opt/src/hadoop-ozone/integration-test/target/test-dir/MiniOzoneClusterImpl-3f379463-9810-48df-887f-c222ef37097c/datanode-0/data/containers/hdds/500ceb14-8321-4c8a-b6b3-e488e41f7aab/current/containerDir0/1/metadata/1-dn-container.db: No such file or directory
	at org.rocksdb.RocksDB.open(Native Method)
	at org.rocksdb.RocksDB.open(RocksDB.java:231)
	at org.apache.hadoop.utils.RocksDBStore.<init>(RocksDBStore.java:71)
	... 15 more
2019-06-13 16:25:46,240 ERROR utils.ContainerCache (ContainerCache.java:getDB(137)) - Error opening DB. Container:5 ContainerPath:/opt/src/hadoop-ozone/integration-test/target/test-dir/MiniOzoneClusterImpl-3f379463-9810-48df-887f-c222ef37097c/datanode-0/data/containers/hdds/500ceb14-8321-4c8a-b6b3-e488e41f7aab/current/containerDir0/5/metadata/5-dn-container.db
java.io.IOException: Failed init RocksDB, db path : /opt/src/hadoop-ozone/integration-test/target/test-dir/MiniOzoneClusterImpl-3f379463-9810-48df-887f-c222ef37097c/datanode-0/data/containers/hdds/500ceb14-8321-4c8a-b6b3-e488e41f7aab/current/containerDir0/5/metadata/5-dn-container.db
	at org.apache.hadoop.utils.RocksDBStore.<init>(RocksDBStore.java:87)
	at org.apache.hadoop.utils.MetadataStoreBuilder.build(MetadataStoreBuilder.java:137)
	at org.apache.hadoop.ozone.container.common.utils.ContainerCache.getDB(ContainerCache.java:129)
	at org.apache.hadoop.ozone.container.keyvalue.helpers.BlockUtils.getDB(BlockUtils.java:77)
	at org.apache.hadoop.ozone.container.keyvalue.statemachine.background.BlockDeletingService$BlockDeletingTask.call(BlockDeletingService.java:188)
	at org.apache.hadoop.ozone.container.keyvalue.statemachine.background.BlockDeletingService$BlockDeletingTask.call(BlockDeletingService.java:172)
	at java.util.concurrent.FutureTask.run(FutureTask.java:266)
	at java.util.concurrent.Executors$RunnableAdapter.call(Executors.java:511)
	at java.util.concurrent.FutureTask.run(FutureTask.java:266)
	at java.util.concurrent.Executors$RunnableAdapter.call(Executors.java:511)
	at java.util.concurrent.FutureTask.run(FutureTask.java:266)
	at java.util.concurrent.ScheduledThreadPoolExecutor$ScheduledFutureTask.access$201(ScheduledThreadPoolExecutor.java:180)
	at java.util.concurrent.ScheduledThreadPoolExecutor$ScheduledFutureTask.run(ScheduledThreadPoolExecutor.java:293)
	at java.util.concurrent.ThreadPoolExecutor.runWorker(ThreadPoolExecutor.java:1149)
	at java.util.concurrent.ThreadPoolExecutor$Worker.run(ThreadPoolExecutor.java:624)
	at java.lang.Thread.run(Thread.java:748)
Caused by: org.rocksdb.RocksDBException: While mkdir if missing: /opt/src/hadoop-ozone/integration-test/target/test-dir/MiniOzoneClusterImpl-3f379463-9810-48df-887f-c222ef37097c/datanode-0/data/containers/hdds/500ceb14-8321-4c8a-b6b3-e488e41f7aab/current/containerDir0/5/metadata/5-dn-container.db: No such file or directory
	at org.rocksdb.RocksDB.open(Native Method)
	at org.rocksdb.RocksDB.open(RocksDB.java:231)
	at org.apache.hadoop.utils.RocksDBStore.<init>(RocksDBStore.java:71)
	... 15 more
2019-06-13 16:25:46,240 WARN  utils.BackgroundService (BackgroundService.java:lambda$run$0(135)) - Background task fails to execute, retrying in next interval
java.util.concurrent.ExecutionException: org.apache.hadoop.hdds.scm.container.common.helpers.StorageContainerException: Error opening DB. Container:5 ContainerPath:/opt/src/hadoop-ozone/integration-test/target/test-dir/MiniOzoneClusterImpl-3f379463-9810-48df-887f-c222ef37097c/datanode-0/data/containers/hdds/500ceb14-8321-4c8a-b6b3-e488e41f7aab/current/containerDir0/5/metadata/5-dn-container.db
	at java.util.concurrent.FutureTask.report(FutureTask.java:122)
	at java.util.concurrent.FutureTask.get(FutureTask.java:206)
	at org.apache.hadoop.utils.BackgroundService$PeriodicalTask.lambda$run$0(BackgroundService.java:129)
	at java.util.stream.ForEachOps$ForEachOp$OfRef.accept(ForEachOps.java:184)
	at java.util.ArrayList$ArrayListSpliterator.forEachRemaining(ArrayList.java:1382)
	at java.util.stream.AbstractPipeline.copyInto(AbstractPipeline.java:482)
	at java.util.stream.ForEachOps$ForEachTask.compute(ForEachOps.java:291)
	at java.util.concurrent.CountedCompleter.exec(CountedCompleter.java:731)
	at java.util.concurrent.ForkJoinTask.doExec(ForkJoinTask.java:289)
	at java.util.concurrent.ForkJoinPool$WorkQueue.runTask(ForkJoinPool.java:1056)
	at java.util.concurrent.ForkJoinPool.runWorker(ForkJoinPool.java:1692)
	at java.util.concurrent.ForkJoinWorkerThread.run(ForkJoinWorkerThread.java:157)
Caused by: org.apache.hadoop.hdds.scm.container.common.helpers.StorageContainerException: Error opening DB. Container:5 ContainerPath:/opt/src/hadoop-ozone/integration-test/target/test-dir/MiniOzoneClusterImpl-3f379463-9810-48df-887f-c222ef37097c/datanode-0/data/containers/hdds/500ceb14-8321-4c8a-b6b3-e488e41f7aab/current/containerDir0/5/metadata/5-dn-container.db
	at org.apache.hadoop.ozone.container.keyvalue.helpers.BlockUtils.getDB(BlockUtils.java:84)
	at org.apache.hadoop.ozone.container.keyvalue.statemachine.background.BlockDeletingService$BlockDeletingTask.call(BlockDeletingService.java:188)
	at org.apache.hadoop.ozone.container.keyvalue.statemachine.background.BlockDeletingService$BlockDeletingTask.call(BlockDeletingService.java:172)
	at java.util.concurrent.FutureTask.run(FutureTask.java:266)
	at java.util.concurrent.Executors$RunnableAdapter.call(Executors.java:511)
	at java.util.concurrent.FutureTask.run(FutureTask.java:266)
	at java.util.concurrent.Executors$RunnableAdapter.call(Executors.java:511)
	at java.util.concurrent.FutureTask.run(FutureTask.java:266)
	at java.util.concurrent.ScheduledThreadPoolExecutor$ScheduledFutureTask.access$201(ScheduledThreadPoolExecutor.java:180)
	at java.util.concurrent.ScheduledThreadPoolExecutor$ScheduledFutureTask.run(ScheduledThreadPoolExecutor.java:293)
	at java.util.concurrent.ThreadPoolExecutor.runWorker(ThreadPoolExecutor.java:1149)
	at java.util.concurrent.ThreadPoolExecutor$Worker.run(ThreadPoolExecutor.java:624)
	at java.lang.Thread.run(Thread.java:748)
2019-06-13 16:25:46,241 ERROR utils.ContainerCache (ContainerCache.java:getDB(137)) - Error opening DB. Container:4 ContainerPath:/opt/src/hadoop-ozone/integration-test/target/test-dir/MiniOzoneClusterImpl-3f379463-9810-48df-887f-c222ef37097c/datanode-0/data/containers/hdds/500ceb14-8321-4c8a-b6b3-e488e41f7aab/current/containerDir0/4/metadata/4-dn-container.db
java.io.IOException: Failed init RocksDB, db path : /opt/src/hadoop-ozone/integration-test/target/test-dir/MiniOzoneClusterImpl-3f379463-9810-48df-887f-c222ef37097c/datanode-0/data/containers/hdds/500ceb14-8321-4c8a-b6b3-e488e41f7aab/current/containerDir0/4/metadata/4-dn-container.db
	at org.apache.hadoop.utils.RocksDBStore.<init>(RocksDBStore.java:87)
	at org.apache.hadoop.utils.MetadataStoreBuilder.build(MetadataStoreBuilder.java:137)
	at org.apache.hadoop.ozone.container.common.utils.ContainerCache.getDB(ContainerCache.java:129)
	at org.apache.hadoop.ozone.container.keyvalue.helpers.BlockUtils.getDB(BlockUtils.java:77)
	at org.apache.hadoop.ozone.container.keyvalue.statemachine.background.BlockDeletingService$BlockDeletingTask.call(BlockDeletingService.java:188)
	at org.apache.hadoop.ozone.container.keyvalue.statemachine.background.BlockDeletingService$BlockDeletingTask.call(BlockDeletingService.java:172)
	at java.util.concurrent.FutureTask.run(FutureTask.java:266)
	at java.util.concurrent.Executors$RunnableAdapter.call(Executors.java:511)
	at java.util.concurrent.FutureTask.run(FutureTask.java:266)
	at java.util.concurrent.Executors$RunnableAdapter.call(Executors.java:511)
	at java.util.concurrent.FutureTask.run(FutureTask.java:266)
	at java.util.concurrent.ScheduledThreadPoolExecutor$ScheduledFutureTask.access$201(ScheduledThreadPoolExecutor.java:180)
	at java.util.concurrent.ScheduledThreadPoolExecutor$ScheduledFutureTask.run(ScheduledThreadPoolExecutor.java:293)
	at java.util.concurrent.ThreadPoolExecutor.runWorker(ThreadPoolExecutor.java:1149)
	at java.util.concurrent.ThreadPoolExecutor$Worker.run(ThreadPoolExecutor.java:624)
	at java.lang.Thread.run(Thread.java:748)
Caused by: org.rocksdb.RocksDBException: While mkdir if missing: /opt/src/hadoop-ozone/integration-test/target/test-dir/MiniOzoneClusterImpl-3f379463-9810-48df-887f-c222ef37097c/datanode-0/data/containers/hdds/500ceb14-8321-4c8a-b6b3-e488e41f7aab/current/containerDir0/4/metadata/4-dn-container.db: No such file or directory
	at org.rocksdb.RocksDB.open(Native Method)
	at org.rocksdb.RocksDB.open(RocksDB.java:231)
	at org.apache.hadoop.utils.RocksDBStore.<init>(RocksDBStore.java:71)
	... 15 more
2019-06-13 16:25:46,241 WARN  utils.BackgroundService (BackgroundService.java:lambda$run$0(135)) - Background task fails to execute, retrying in next interval
java.util.concurrent.ExecutionException: org.apache.hadoop.hdds.scm.container.common.helpers.StorageContainerException: Error opening DB. Container:1 ContainerPath:/opt/src/hadoop-ozone/integration-test/target/test-dir/MiniOzoneClusterImpl-3f379463-9810-48df-887f-c222ef37097c/datanode-0/data/containers/hdds/500ceb14-8321-4c8a-b6b3-e488e41f7aab/current/containerDir0/1/metadata/1-dn-container.db
	at java.util.concurrent.FutureTask.report(FutureTask.java:122)
	at java.util.concurrent.FutureTask.get(FutureTask.java:206)
	at org.apache.hadoop.utils.BackgroundService$PeriodicalTask.lambda$run$0(BackgroundService.java:129)
	at java.util.stream.ForEachOps$ForEachOp$OfRef.accept(ForEachOps.java:184)
	at java.util.ArrayList$ArrayListSpliterator.forEachRemaining(ArrayList.java:1382)
	at java.util.stream.AbstractPipeline.copyInto(AbstractPipeline.java:482)
	at java.util.stream.ForEachOps$ForEachTask.compute(ForEachOps.java:291)
	at java.util.concurrent.CountedCompleter.exec(CountedCompleter.java:731)
	at java.util.concurrent.ForkJoinTask.doExec(ForkJoinTask.java:289)
	at java.util.concurrent.ForkJoinPool$WorkQueue.execLocalTasks(ForkJoinPool.java:1040)
	at java.util.concurrent.ForkJoinPool$WorkQueue.runTask(ForkJoinPool.java:1058)
	at java.util.concurrent.ForkJoinPool.runWorker(ForkJoinPool.java:1692)
	at java.util.concurrent.ForkJoinWorkerThread.run(ForkJoinWorkerThread.java:157)
Caused by: org.apache.hadoop.hdds.scm.container.common.helpers.StorageContainerException: Error opening DB. Container:1 ContainerPath:/opt/src/hadoop-ozone/integration-test/target/test-dir/MiniOzoneClusterImpl-3f379463-9810-48df-887f-c222ef37097c/datanode-0/data/containers/hdds/500ceb14-8321-4c8a-b6b3-e488e41f7aab/current/containerDir0/1/metadata/1-dn-container.db
	at org.apache.hadoop.ozone.container.keyvalue.helpers.BlockUtils.getDB(BlockUtils.java:84)
	at org.apache.hadoop.ozone.container.keyvalue.statemachine.background.BlockDeletingService$BlockDeletingTask.call(BlockDeletingService.java:188)
	at org.apache.hadoop.ozone.container.keyvalue.statemachine.background.BlockDeletingService$BlockDeletingTask.call(BlockDeletingService.java:172)
	at java.util.concurrent.FutureTask.run(FutureTask.java:266)
	at java.util.concurrent.Executors$RunnableAdapter.call(Executors.java:511)
	at java.util.concurrent.FutureTask.run(FutureTask.java:266)
	at java.util.concurrent.Executors$RunnableAdapter.call(Executors.java:511)
	at java.util.concurrent.FutureTask.run(FutureTask.java:266)
	at java.util.concurrent.ScheduledThreadPoolExecutor$ScheduledFutureTask.access$201(ScheduledThreadPoolExecutor.java:180)
	at java.util.concurrent.ScheduledThreadPoolExecutor$ScheduledFutureTask.run(ScheduledThreadPoolExecutor.java:293)
	at java.util.concurrent.ThreadPoolExecutor.runWorker(ThreadPoolExecutor.java:1149)
	at java.util.concurrent.ThreadPoolExecutor$Worker.run(ThreadPoolExecutor.java:624)
	at java.lang.Thread.run(Thread.java:748)
2019-06-13 16:25:46,241 WARN  utils.BackgroundService (BackgroundService.java:lambda$run$0(135)) - Background task fails to execute, retrying in next interval
java.util.concurrent.ExecutionException: org.apache.hadoop.hdds.scm.container.common.helpers.StorageContainerException: Error opening DB. Container:4 ContainerPath:/opt/src/hadoop-ozone/integration-test/target/test-dir/MiniOzoneClusterImpl-3f379463-9810-48df-887f-c222ef37097c/datanode-0/data/containers/hdds/500ceb14-8321-4c8a-b6b3-e488e41f7aab/current/containerDir0/4/metadata/4-dn-container.db
	at java.util.concurrent.FutureTask.report(FutureTask.java:122)
	at java.util.concurrent.FutureTask.get(FutureTask.java:206)
	at org.apache.hadoop.utils.BackgroundService$PeriodicalTask.lambda$run$0(BackgroundService.java:129)
	at java.util.stream.ForEachOps$ForEachOp$OfRef.accept(ForEachOps.java:184)
	at java.util.ArrayList$ArrayListSpliterator.forEachRemaining(ArrayList.java:1382)
	at java.util.stream.AbstractPipeline.copyInto(AbstractPipeline.java:482)
	at java.util.stream.ForEachOps$ForEachTask.compute(ForEachOps.java:291)
	at java.util.concurrent.CountedCompleter.exec(CountedCompleter.java:731)
	at java.util.concurrent.ForkJoinTask.doExec(ForkJoinTask.java:289)
	at java.util.concurrent.ForkJoinTask.doInvoke(ForkJoinTask.java:401)
	at java.util.concurrent.ForkJoinTask.invoke(ForkJoinTask.java:734)
	at java.util.stream.ForEachOps$ForEachOp.evaluateParallel(ForEachOps.java:160)
	at java.util.stream.ForEachOps$ForEachOp$OfRef.evaluateParallel(ForEachOps.java:174)
	at java.util.stream.AbstractPipeline.evaluate(AbstractPipeline.java:233)
	at java.util.stream.ReferencePipeline.forEach(ReferencePipeline.java:418)
	at java.util.stream.ReferencePipeline$Head.forEach(ReferencePipeline.java:583)
	at org.apache.hadoop.utils.BackgroundService$PeriodicalTask.run(BackgroundService.java:125)
	at java.util.concurrent.Executors$RunnableAdapter.call(Executors.java:511)
	at java.util.concurrent.FutureTask.runAndReset(FutureTask.java:308)
	at java.util.concurrent.ScheduledThreadPoolExecutor$ScheduledFutureTask.access$301(ScheduledThreadPoolExecutor.java:180)
	at java.util.concurrent.ScheduledThreadPoolExecutor$ScheduledFutureTask.run(ScheduledThreadPoolExecutor.java:294)
	at java.util.concurrent.ThreadPoolExecutor.runWorker(ThreadPoolExecutor.java:1149)
	at java.util.concurrent.ThreadPoolExecutor$Worker.run(ThreadPoolExecutor.java:624)
	at java.lang.Thread.run(Thread.java:748)
Caused by: org.apache.hadoop.hdds.scm.container.common.helpers.StorageContainerException: Error opening DB. Container:4 ContainerPath:/opt/src/hadoop-ozone/integration-test/target/test-dir/MiniOzoneClusterImpl-3f379463-9810-48df-887f-c222ef37097c/datanode-0/data/containers/hdds/500ceb14-8321-4c8a-b6b3-e488e41f7aab/current/containerDir0/4/metadata/4-dn-container.db
	at org.apache.hadoop.ozone.container.keyvalue.helpers.BlockUtils.getDB(BlockUtils.java:84)
	at org.apache.hadoop.ozone.container.keyvalue.statemachine.background.BlockDeletingService$BlockDeletingTask.call(BlockDeletingService.java:188)
	at org.apache.hadoop.ozone.container.keyvalue.statemachine.background.BlockDeletingService$BlockDeletingTask.call(BlockDeletingService.java:172)
	at java.util.concurrent.FutureTask.run(FutureTask.java:266)
	at java.util.concurrent.Executors$RunnableAdapter.call(Executors.java:511)
	at java.util.concurrent.FutureTask.run(FutureTask.java:266)
	at java.util.concurrent.Executors$RunnableAdapter.call(Executors.java:511)
	at java.util.concurrent.FutureTask.run(FutureTask.java:266)
	at java.util.concurrent.ScheduledThreadPoolExecutor$ScheduledFutureTask.access$201(ScheduledThreadPoolExecutor.java:180)
	at java.util.concurrent.ScheduledThreadPoolExecutor$ScheduledFutureTask.run(ScheduledThreadPoolExecutor.java:293)
	... 3 more
2019-06-13 16:25:46,241 ERROR utils.ContainerCache (ContainerCache.java:getDB(137)) - Error opening DB. Container:3 ContainerPath:/opt/src/hadoop-ozone/integration-test/target/test-dir/MiniOzoneClusterImpl-3f379463-9810-48df-887f-c222ef37097c/datanode-0/data/containers/hdds/500ceb14-8321-4c8a-b6b3-e488e41f7aab/current/containerDir0/3/metadata/3-dn-container.db
java.io.IOException: Failed init RocksDB, db path : /opt/src/hadoop-ozone/integration-test/target/test-dir/MiniOzoneClusterImpl-3f379463-9810-48df-887f-c222ef37097c/datanode-0/data/containers/hdds/500ceb14-8321-4c8a-b6b3-e488e41f7aab/current/containerDir0/3/metadata/3-dn-container.db
	at org.apache.hadoop.utils.RocksDBStore.<init>(RocksDBStore.java:87)
	at org.apache.hadoop.utils.MetadataStoreBuilder.build(MetadataStoreBuilder.java:137)
	at org.apache.hadoop.ozone.container.common.utils.ContainerCache.getDB(ContainerCache.java:129)
	at org.apache.hadoop.ozone.container.keyvalue.helpers.BlockUtils.getDB(BlockUtils.java:77)
	at org.apache.hadoop.ozone.container.keyvalue.statemachine.background.BlockDeletingService$BlockDeletingTask.call(BlockDeletingService.java:188)
	at org.apache.hadoop.ozone.container.keyvalue.statemachine.background.BlockDeletingService$BlockDeletingTask.call(BlockDeletingService.java:172)
	at java.util.concurrent.FutureTask.run(FutureTask.java:266)
	at java.util.concurrent.Executors$RunnableAdapter.call(Executors.java:511)
	at java.util.concurrent.FutureTask.run(FutureTask.java:266)
	at java.util.concurrent.Executors$RunnableAdapter.call(Executors.java:511)
	at java.util.concurrent.FutureTask.run(FutureTask.java:266)
	at java.util.concurrent.ScheduledThreadPoolExecutor$ScheduledFutureTask.access$201(ScheduledThreadPoolExecutor.java:180)
	at java.util.concurrent.ScheduledThreadPoolExecutor$ScheduledFutureTask.run(ScheduledThreadPoolExecutor.java:293)
	at java.util.concurrent.ThreadPoolExecutor.runWorker(ThreadPoolExecutor.java:1149)
	at java.util.concurrent.ThreadPoolExecutor$Worker.run(ThreadPoolExecutor.java:624)
	at java.lang.Thread.run(Thread.java:748)
Caused by: org.rocksdb.RocksDBException: While mkdir if missing: /opt/src/hadoop-ozone/integration-test/target/test-dir/MiniOzoneClusterImpl-3f379463-9810-48df-887f-c222ef37097c/datanode-0/data/containers/hdds/500ceb14-8321-4c8a-b6b3-e488e41f7aab/current/containerDir0/3/metadata/3-dn-container.db: No such file or directory
	at org.rocksdb.RocksDB.open(Native Method)
	at org.rocksdb.RocksDB.open(RocksDB.java:231)
	at org.apache.hadoop.utils.RocksDBStore.<init>(RocksDBStore.java:71)
	... 15 more
2019-06-13 16:25:46,241 WARN  utils.BackgroundService (BackgroundService.java:lambda$run$0(135)) - Background task fails to execute, retrying in next interval
java.util.concurrent.ExecutionException: org.apache.hadoop.hdds.scm.container.common.helpers.StorageContainerException: Error opening DB. Container:3 ContainerPath:/opt/src/hadoop-ozone/integration-test/target/test-dir/MiniOzoneClusterImpl-3f379463-9810-48df-887f-c222ef37097c/datanode-0/data/containers/hdds/500ceb14-8321-4c8a-b6b3-e488e41f7aab/current/containerDir0/3/metadata/3-dn-container.db
	at java.util.concurrent.FutureTask.report(FutureTask.java:122)
	at java.util.concurrent.FutureTask.get(FutureTask.java:206)
	at org.apache.hadoop.utils.BackgroundService$PeriodicalTask.lambda$run$0(BackgroundService.java:129)
	at java.util.stream.ForEachOps$ForEachOp$OfRef.accept(ForEachOps.java:184)
	at java.util.ArrayList$ArrayListSpliterator.forEachRemaining(ArrayList.java:1382)
	at java.util.stream.AbstractPipeline.copyInto(AbstractPipeline.java:482)
	at java.util.stream.ForEachOps$ForEachTask.compute(ForEachOps.java:291)
	at java.util.concurrent.CountedCompleter.exec(CountedCompleter.java:731)
	at java.util.concurrent.ForkJoinTask.doExec(ForkJoinTask.java:289)
	at java.util.concurrent.ForkJoinPool$WorkQueue.pollAndExecCC(ForkJoinPool.java:1190)
	at java.util.concurrent.ForkJoinPool.helpComplete(ForkJoinPool.java:1879)
	at java.util.concurrent.ForkJoinPool.externalHelpComplete(ForkJoinPool.java:2467)
	at java.util.concurrent.ForkJoinTask.externalAwaitDone(ForkJoinTask.java:324)
	at java.util.concurrent.ForkJoinTask.doInvoke(ForkJoinTask.java:405)
	at java.util.concurrent.ForkJoinTask.invoke(ForkJoinTask.java:734)
	at java.util.stream.ForEachOps$ForEachOp.evaluateParallel(ForEachOps.java:160)
	at java.util.stream.ForEachOps$ForEachOp$OfRef.evaluateParallel(ForEachOps.java:174)
	at java.util.stream.AbstractPipeline.evaluate(AbstractPipeline.java:233)
	at java.util.stream.ReferencePipeline.forEach(ReferencePipeline.java:418)
	at java.util.stream.ReferencePipeline$Head.forEach(ReferencePipeline.java:583)
	at org.apache.hadoop.utils.BackgroundService$PeriodicalTask.run(BackgroundService.java:125)
	at java.util.concurrent.Executors$RunnableAdapter.call(Executors.java:511)
	at java.util.concurrent.FutureTask.runAndReset(FutureTask.java:308)
	at java.util.concurrent.ScheduledThreadPoolExecutor$ScheduledFutureTask.access$301(ScheduledThreadPoolExecutor.java:180)
	at java.util.concurrent.ScheduledThreadPoolExecutor$ScheduledFutureTask.run(ScheduledThreadPoolExecutor.java:294)
	at java.util.concurrent.ThreadPoolExecutor.runWorker(ThreadPoolExecutor.java:1149)
	at java.util.concurrent.ThreadPoolExecutor$Worker.run(ThreadPoolExecutor.java:624)
	at java.lang.Thread.run(Thread.java:748)
Caused by: org.apache.hadoop.hdds.scm.container.common.helpers.StorageContainerException: Error opening DB. Container:3 ContainerPath:/opt/src/hadoop-ozone/integration-test/target/test-dir/MiniOzoneClusterImpl-3f379463-9810-48df-887f-c222ef37097c/datanode-0/data/containers/hdds/500ceb14-8321-4c8a-b6b3-e488e41f7aab/current/containerDir0/3/metadata/3-dn-container.db
	at org.apache.hadoop.ozone.container.keyvalue.helpers.BlockUtils.getDB(BlockUtils.java:84)
	at org.apache.hadoop.ozone.container.keyvalue.statemachine.background.BlockDeletingService$BlockDeletingTask.call(BlockDeletingService.java:188)
	at org.apache.hadoop.ozone.container.keyvalue.statemachine.background.BlockDeletingService$BlockDeletingTask.call(BlockDeletingService.java:172)
	at java.util.concurrent.FutureTask.run(FutureTask.java:266)
	at java.util.concurrent.Executors$RunnableAdapter.call(Executors.java:511)
	at java.util.concurrent.FutureTask.run(FutureTask.java:266)
	at java.util.concurrent.Executors$RunnableAdapter.call(Executors.java:511)
	at java.util.concurrent.FutureTask.run(FutureTask.java:266)
	at java.util.concurrent.ScheduledThreadPoolExecutor$ScheduledFutureTask.access$201(ScheduledThreadPoolExecutor.java:180)
	at java.util.concurrent.ScheduledThreadPoolExecutor$ScheduledFutureTask.run(ScheduledThreadPoolExecutor.java:293)
	... 3 more
2019-06-13 16:25:46,242 ERROR utils.ContainerCache (ContainerCache.java:getDB(137)) - Error opening DB. Container:2 ContainerPath:/opt/src/hadoop-ozone/integration-test/target/test-dir/MiniOzoneClusterImpl-3f379463-9810-48df-887f-c222ef37097c/datanode-0/data/containers/hdds/500ceb14-8321-4c8a-b6b3-e488e41f7aab/current/containerDir0/2/metadata/2-dn-container.db
java.io.IOException: Failed init RocksDB, db path : /opt/src/hadoop-ozone/integration-test/target/test-dir/MiniOzoneClusterImpl-3f379463-9810-48df-887f-c222ef37097c/datanode-0/data/containers/hdds/500ceb14-8321-4c8a-b6b3-e488e41f7aab/current/containerDir0/2/metadata/2-dn-container.db
	at org.apache.hadoop.utils.RocksDBStore.<init>(RocksDBStore.java:87)
	at org.apache.hadoop.utils.MetadataStoreBuilder.build(MetadataStoreBuilder.java:137)
	at org.apache.hadoop.ozone.container.common.utils.ContainerCache.getDB(ContainerCache.java:129)
	at org.apache.hadoop.ozone.container.keyvalue.helpers.BlockUtils.getDB(BlockUtils.java:77)
	at org.apache.hadoop.ozone.container.keyvalue.statemachine.background.BlockDeletingService$BlockDeletingTask.call(BlockDeletingService.java:188)
	at org.apache.hadoop.ozone.container.keyvalue.statemachine.background.BlockDeletingService$BlockDeletingTask.call(BlockDeletingService.java:172)
	at java.util.concurrent.FutureTask.run(FutureTask.java:266)
	at java.util.concurrent.Executors$RunnableAdapter.call(Executors.java:511)
	at java.util.concurrent.FutureTask.run(FutureTask.java:266)
	at java.util.concurrent.Executors$RunnableAdapter.call(Executors.java:511)
	at java.util.concurrent.FutureTask.run(FutureTask.java:266)
	at java.util.concurrent.ScheduledThreadPoolExecutor$ScheduledFutureTask.access$201(ScheduledThreadPoolExecutor.java:180)
	at java.util.concurrent.ScheduledThreadPoolExecutor$ScheduledFutureTask.run(ScheduledThreadPoolExecutor.java:293)
	at java.util.concurrent.ThreadPoolExecutor.runWorker(ThreadPoolExecutor.java:1149)
	at java.util.concurrent.ThreadPoolExecutor$Worker.run(ThreadPoolExecutor.java:624)
	at java.lang.Thread.run(Thread.java:748)
Caused by: org.rocksdb.RocksDBException: While mkdir if missing: /opt/src/hadoop-ozone/integration-test/target/test-dir/MiniOzoneClusterImpl-3f379463-9810-48df-887f-c222ef37097c/datanode-0/data/containers/hdds/500ceb14-8321-4c8a-b6b3-e488e41f7aab/current/containerDir0/2/metadata/2-dn-container.db: No such file or directory
	at org.rocksdb.RocksDB.open(Native Method)
	at org.rocksdb.RocksDB.open(RocksDB.java:231)
	at org.apache.hadoop.utils.RocksDBStore.<init>(RocksDBStore.java:71)
	... 15 more
2019-06-13 16:25:46,242 WARN  utils.BackgroundService (BackgroundService.java:lambda$run$0(135)) - Background task fails to execute, retrying in next interval
java.util.concurrent.ExecutionException: org.apache.hadoop.hdds.scm.container.common.helpers.StorageContainerException: Error opening DB. Container:2 ContainerPath:/opt/src/hadoop-ozone/integration-test/target/test-dir/MiniOzoneClusterImpl-3f379463-9810-48df-887f-c222ef37097c/datanode-0/data/containers/hdds/500ceb14-8321-4c8a-b6b3-e488e41f7aab/current/containerDir0/2/metadata/2-dn-container.db
	at java.util.concurrent.FutureTask.report(FutureTask.java:122)
	at java.util.concurrent.FutureTask.get(FutureTask.java:206)
	at org.apache.hadoop.utils.BackgroundService$PeriodicalTask.lambda$run$0(BackgroundService.java:129)
	at java.util.stream.ForEachOps$ForEachOp$OfRef.accept(ForEachOps.java:184)
	at java.util.ArrayList$ArrayListSpliterator.forEachRemaining(ArrayList.java:1382)
	at java.util.stream.AbstractPipeline.copyInto(AbstractPipeline.java:482)
	at java.util.stream.ForEachOps$ForEachTask.compute(ForEachOps.java:291)
	at java.util.concurrent.CountedCompleter.exec(CountedCompleter.java:731)
	at java.util.concurrent.ForkJoinTask.doExec(ForkJoinTask.java:289)
	at java.util.concurrent.ForkJoinPool$WorkQueue.runTask(ForkJoinPool.java:1056)
	at java.util.concurrent.ForkJoinPool.runWorker(ForkJoinPool.java:1692)
	at java.util.concurrent.ForkJoinWorkerThread.run(ForkJoinWorkerThread.java:157)
Caused by: org.apache.hadoop.hdds.scm.container.common.helpers.StorageContainerException: Error opening DB. Container:2 ContainerPath:/opt/src/hadoop-ozone/integration-test/target/test-dir/MiniOzoneClusterImpl-3f379463-9810-48df-887f-c222ef37097c/datanode-0/data/containers/hdds/500ceb14-8321-4c8a-b6b3-e488e41f7aab/current/containerDir0/2/metadata/2-dn-container.db
	at org.apache.hadoop.ozone.container.keyvalue.helpers.BlockUtils.getDB(BlockUtils.java:84)
	at org.apache.hadoop.ozone.container.keyvalue.statemachine.background.BlockDeletingService$BlockDeletingTask.call(BlockDeletingService.java:188)
	at org.apache.hadoop.ozone.container.keyvalue.statemachine.background.BlockDeletingService$BlockDeletingTask.call(BlockDeletingService.java:172)
	at java.util.concurrent.FutureTask.run(FutureTask.java:266)
	at java.util.concurrent.Executors$RunnableAdapter.call(Executors.java:511)
	at java.util.concurrent.FutureTask.run(FutureTask.java:266)
	at java.util.concurrent.Executors$RunnableAdapter.call(Executors.java:511)
	at java.util.concurrent.FutureTask.run(FutureTask.java:266)
	at java.util.concurrent.ScheduledThreadPoolExecutor$ScheduledFutureTask.access$201(ScheduledThreadPoolExecutor.java:180)
	at java.util.concurrent.ScheduledThreadPoolExecutor$ScheduledFutureTask.run(ScheduledThreadPoolExecutor.java:293)
	at java.util.concurrent.ThreadPoolExecutor.runWorker(ThreadPoolExecutor.java:1149)
	at java.util.concurrent.ThreadPoolExecutor$Worker.run(ThreadPoolExecutor.java:624)
	at java.lang.Thread.run(Thread.java:748)
2019-06-13 16:25:46,520 INFO  ozone.MiniOzoneClusterImpl (MiniOzoneClusterImpl.java:lambda$waitForClusterToBeReady$0(142)) - Waiting for cluster to be ready. Got 0 of 1 DN Heartbeats.
2019-06-13 16:25:46,527 INFO  ozoneimpl.OzoneContainer (OzoneContainer.java:start(186)) - Attempting to start container services.
2019-06-13 16:25:46,527 INFO  ozoneimpl.OzoneContainer (OzoneContainer.java:startContainerScrub(160)) - Background container scrubber has been disabled by hdds.containerscrub.enabled
2019-06-13 16:25:46,527 INFO  ratis.XceiverServerRatis (XceiverServerRatis.java:start(418)) - Starting XceiverServerRatis 9dedfd75-4784-4b6e-b61b-92bafad14376 at port 35699
2019-06-13 16:25:46,530 INFO  impl.RaftServerProxy (RaftServerProxy.java:lambda$start$3(299)) - 9dedfd75-4784-4b6e-b61b-92bafad14376: start RPC server
2019-06-13 16:25:46,531 INFO  server.GrpcService (GrpcService.java:startImpl(148)) - 9dedfd75-4784-4b6e-b61b-92bafad14376: GrpcService started, listening on 0.0.0.0/0.0.0.0:35699
2019-06-13 16:25:47,242 INFO  background.BlockDeletingService (BlockDeletingService.java:getTasks(123)) - Plan to choose 10 containers for block deletion, actually returns 5 valid containers.
2019-06-13 16:25:47,243 ERROR utils.ContainerCache (ContainerCache.java:getDB(137)) - Error opening DB. Container:1 ContainerPath:/opt/src/hadoop-ozone/integration-test/target/test-dir/MiniOzoneClusterImpl-3f379463-9810-48df-887f-c222ef37097c/datanode-0/data/containers/hdds/500ceb14-8321-4c8a-b6b3-e488e41f7aab/current/containerDir0/1/metadata/1-dn-container.db
java.io.IOException: Failed init RocksDB, db path : /opt/src/hadoop-ozone/integration-test/target/test-dir/MiniOzoneClusterImpl-3f379463-9810-48df-887f-c222ef37097c/datanode-0/data/containers/hdds/500ceb14-8321-4c8a-b6b3-e488e41f7aab/current/containerDir0/1/metadata/1-dn-container.db
	at org.apache.hadoop.utils.RocksDBStore.<init>(RocksDBStore.java:87)
	at org.apache.hadoop.utils.MetadataStoreBuilder.build(MetadataStoreBuilder.java:137)
	at org.apache.hadoop.ozone.container.common.utils.ContainerCache.getDB(ContainerCache.java:129)
	at org.apache.hadoop.ozone.container.keyvalue.helpers.BlockUtils.getDB(BlockUtils.java:77)
	at org.apache.hadoop.ozone.container.keyvalue.statemachine.background.BlockDeletingService$BlockDeletingTask.call(BlockDeletingService.java:188)
	at org.apache.hadoop.ozone.container.keyvalue.statemachine.background.BlockDeletingService$BlockDeletingTask.call(BlockDeletingService.java:172)
	at java.util.concurrent.FutureTask.run(FutureTask.java:266)
	at java.util.concurrent.Executors$RunnableAdapter.call(Executors.java:511)
	at java.util.concurrent.FutureTask.run(FutureTask.java:266)
	at java.util.concurrent.Executors$RunnableAdapter.call(Executors.java:511)
	at java.util.concurrent.FutureTask.run(FutureTask.java:266)
	at java.util.concurrent.ScheduledThreadPoolExecutor$ScheduledFutureTask.access$201(ScheduledThreadPoolExecutor.java:180)
	at java.util.concurrent.ScheduledThreadPoolExecutor$ScheduledFutureTask.run(ScheduledThreadPoolExecutor.java:293)
	at java.util.concurrent.ThreadPoolExecutor.runWorker(ThreadPoolExecutor.java:1149)
	at java.util.concurrent.ThreadPoolExecutor$Worker.run(ThreadPoolExecutor.java:624)
	at java.lang.Thread.run(Thread.java:748)
Caused by: org.rocksdb.RocksDBException: While mkdir if missing: /opt/src/hadoop-ozone/integration-test/target/test-dir/MiniOzoneClusterImpl-3f379463-9810-48df-887f-c222ef37097c/datanode-0/data/containers/hdds/500ceb14-8321-4c8a-b6b3-e488e41f7aab/current/containerDir0/1/metadata/1-dn-container.db: No such file or directory
	at org.rocksdb.RocksDB.open(Native Method)
	at org.rocksdb.RocksDB.open(RocksDB.java:231)
	at org.apache.hadoop.utils.RocksDBStore.<init>(RocksDBStore.java:71)
	... 15 more
2019-06-13 16:25:47,243 ERROR utils.ContainerCache (ContainerCache.java:getDB(137)) - Error opening DB. Container:5 ContainerPath:/opt/src/hadoop-ozone/integration-test/target/test-dir/MiniOzoneClusterImpl-3f379463-9810-48df-887f-c222ef37097c/datanode-0/data/containers/hdds/500ceb14-8321-4c8a-b6b3-e488e41f7aab/current/containerDir0/5/metadata/5-dn-container.db
java.io.IOException: Failed init RocksDB, db path : /opt/src/hadoop-ozone/integration-test/target/test-dir/MiniOzoneClusterImpl-3f379463-9810-48df-887f-c222ef37097c/datanode-0/data/containers/hdds/500ceb14-8321-4c8a-b6b3-e488e41f7aab/current/containerDir0/5/metadata/5-dn-container.db
	at org.apache.hadoop.utils.RocksDBStore.<init>(RocksDBStore.java:87)
	at org.apache.hadoop.utils.MetadataStoreBuilder.build(MetadataStoreBuilder.java:137)
	at org.apache.hadoop.ozone.container.common.utils.ContainerCache.getDB(ContainerCache.java:129)
	at org.apache.hadoop.ozone.container.keyvalue.helpers.BlockUtils.getDB(BlockUtils.java:77)
	at org.apache.hadoop.ozone.container.keyvalue.statemachine.background.BlockDeletingService$BlockDeletingTask.call(BlockDeletingService.java:188)
	at org.apache.hadoop.ozone.container.keyvalue.statemachine.background.BlockDeletingService$BlockDeletingTask.call(BlockDeletingService.java:172)
	at java.util.concurrent.FutureTask.run(FutureTask.java:266)
	at java.util.concurrent.Executors$RunnableAdapter.call(Executors.java:511)
	at java.util.concurrent.FutureTask.run(FutureTask.java:266)
	at java.util.concurrent.Executors$RunnableAdapter.call(Executors.java:511)
	at java.util.concurrent.FutureTask.run(FutureTask.java:266)
	at java.util.concurrent.ScheduledThreadPoolExecutor$ScheduledFutureTask.access$201(ScheduledThreadPoolExecutor.java:180)
	at java.util.concurrent.ScheduledThreadPoolExecutor$ScheduledFutureTask.run(ScheduledThreadPoolExecutor.java:293)
	at java.util.concurrent.ThreadPoolExecutor.runWorker(ThreadPoolExecutor.java:1149)
	at java.util.concurrent.ThreadPoolExecutor$Worker.run(ThreadPoolExecutor.java:624)
	at java.lang.Thread.run(Thread.java:748)
Caused by: org.rocksdb.RocksDBException: While mkdir if missing: /opt/src/hadoop-ozone/integration-test/target/test-dir/MiniOzoneClusterImpl-3f379463-9810-48df-887f-c222ef37097c/datanode-0/data/containers/hdds/500ceb14-8321-4c8a-b6b3-e488e41f7aab/current/containerDir0/5/metadata/5-dn-container.db: No such file or directory
	at org.rocksdb.RocksDB.open(Native Method)
	at org.rocksdb.RocksDB.open(RocksDB.java:231)
	at org.apache.hadoop.utils.RocksDBStore.<init>(RocksDBStore.java:71)
	... 15 more
2019-06-13 16:25:47,244 WARN  utils.BackgroundService (BackgroundService.java:lambda$run$0(135)) - Background task fails to execute, retrying in next interval
java.util.concurrent.ExecutionException: org.apache.hadoop.hdds.scm.container.common.helpers.StorageContainerException: Error opening DB. Container:5 ContainerPath:/opt/src/hadoop-ozone/integration-test/target/test-dir/MiniOzoneClusterImpl-3f379463-9810-48df-887f-c222ef37097c/datanode-0/data/containers/hdds/500ceb14-8321-4c8a-b6b3-e488e41f7aab/current/containerDir0/5/metadata/5-dn-container.db
	at java.util.concurrent.FutureTask.report(FutureTask.java:122)
	at java.util.concurrent.FutureTask.get(FutureTask.java:206)
	at org.apache.hadoop.utils.BackgroundService$PeriodicalTask.lambda$run$0(BackgroundService.java:129)
	at java.util.stream.ForEachOps$ForEachOp$OfRef.accept(ForEachOps.java:184)
	at java.util.ArrayList$ArrayListSpliterator.forEachRemaining(ArrayList.java:1382)
	at java.util.stream.AbstractPipeline.copyInto(AbstractPipeline.java:482)
	at java.util.stream.ForEachOps$ForEachTask.compute(ForEachOps.java:291)
	at java.util.concurrent.CountedCompleter.exec(CountedCompleter.java:731)
	at java.util.concurrent.ForkJoinTask.doExec(ForkJoinTask.java:289)
	at java.util.concurrent.ForkJoinPool$WorkQueue.runTask(ForkJoinPool.java:1056)
	at java.util.concurrent.ForkJoinPool.runWorker(ForkJoinPool.java:1692)
	at java.util.concurrent.ForkJoinWorkerThread.run(ForkJoinWorkerThread.java:157)
Caused by: org.apache.hadoop.hdds.scm.container.common.helpers.StorageContainerException: Error opening DB. Container:5 ContainerPath:/opt/src/hadoop-ozone/integration-test/target/test-dir/MiniOzoneClusterImpl-3f379463-9810-48df-887f-c222ef37097c/datanode-0/data/containers/hdds/500ceb14-8321-4c8a-b6b3-e488e41f7aab/current/containerDir0/5/metadata/5-dn-container.db
	at org.apache.hadoop.ozone.container.keyvalue.helpers.BlockUtils.getDB(BlockUtils.java:84)
	at org.apache.hadoop.ozone.container.keyvalue.statemachine.background.BlockDeletingService$BlockDeletingTask.call(BlockDeletingService.java:188)
	at org.apache.hadoop.ozone.container.keyvalue.statemachine.background.BlockDeletingService$BlockDeletingTask.call(BlockDeletingService.java:172)
	at java.util.concurrent.FutureTask.run(FutureTask.java:266)
	at java.util.concurrent.Executors$RunnableAdapter.call(Executors.java:511)
	at java.util.concurrent.FutureTask.run(FutureTask.java:266)
	at java.util.concurrent.Executors$RunnableAdapter.call(Executors.java:511)
	at java.util.concurrent.FutureTask.run(FutureTask.java:266)
	at java.util.concurrent.ScheduledThreadPoolExecutor$ScheduledFutureTask.access$201(ScheduledThreadPoolExecutor.java:180)
	at java.util.concurrent.ScheduledThreadPoolExecutor$ScheduledFutureTask.run(ScheduledThreadPoolExecutor.java:293)
	at java.util.concurrent.ThreadPoolExecutor.runWorker(ThreadPoolExecutor.java:1149)
	at java.util.concurrent.ThreadPoolExecutor$Worker.run(ThreadPoolExecutor.java:624)
	at java.lang.Thread.run(Thread.java:748)
2019-06-13 16:25:47,244 ERROR utils.ContainerCache (ContainerCache.java:getDB(137)) - Error opening DB. Container:4 ContainerPath:/opt/src/hadoop-ozone/integration-test/target/test-dir/MiniOzoneClusterImpl-3f379463-9810-48df-887f-c222ef37097c/datanode-0/data/containers/hdds/500ceb14-8321-4c8a-b6b3-e488e41f7aab/current/containerDir0/4/metadata/4-dn-container.db
java.io.IOException: Failed init RocksDB, db path : /opt/src/hadoop-ozone/integration-test/target/test-dir/MiniOzoneClusterImpl-3f379463-9810-48df-887f-c222ef37097c/datanode-0/data/containers/hdds/500ceb14-8321-4c8a-b6b3-e488e41f7aab/current/containerDir0/4/metadata/4-dn-container.db
	at org.apache.hadoop.utils.RocksDBStore.<init>(RocksDBStore.java:87)
	at org.apache.hadoop.utils.MetadataStoreBuilder.build(MetadataStoreBuilder.java:137)
	at org.apache.hadoop.ozone.container.common.utils.ContainerCache.getDB(ContainerCache.java:129)
	at org.apache.hadoop.ozone.container.keyvalue.helpers.BlockUtils.getDB(BlockUtils.java:77)
	at org.apache.hadoop.ozone.container.keyvalue.statemachine.background.BlockDeletingService$BlockDeletingTask.call(BlockDeletingService.java:188)
	at org.apache.hadoop.ozone.container.keyvalue.statemachine.background.BlockDeletingService$BlockDeletingTask.call(BlockDeletingService.java:172)
	at java.util.concurrent.FutureTask.run(FutureTask.java:266)
	at java.util.concurrent.Executors$RunnableAdapter.call(Executors.java:511)
	at java.util.concurrent.FutureTask.run(FutureTask.java:266)
	at java.util.concurrent.Executors$RunnableAdapter.call(Executors.java:511)
	at java.util.concurrent.FutureTask.run(FutureTask.java:266)
	at java.util.concurrent.ScheduledThreadPoolExecutor$ScheduledFutureTask.access$201(ScheduledThreadPoolExecutor.java:180)
	at java.util.concurrent.ScheduledThreadPoolExecutor$ScheduledFutureTask.run(ScheduledThreadPoolExecutor.java:293)
	at java.util.concurrent.ThreadPoolExecutor.runWorker(ThreadPoolExecutor.java:1149)
	at java.util.concurrent.ThreadPoolExecutor$Worker.run(ThreadPoolExecutor.java:624)
	at java.lang.Thread.run(Thread.java:748)
Caused by: org.rocksdb.RocksDBException: While mkdir if missing: /opt/src/hadoop-ozone/integration-test/target/test-dir/MiniOzoneClusterImpl-3f379463-9810-48df-887f-c222ef37097c/datanode-0/data/containers/hdds/500ceb14-8321-4c8a-b6b3-e488e41f7aab/current/containerDir0/4/metadata/4-dn-container.db: No such file or directory
	at org.rocksdb.RocksDB.open(Native Method)
	at org.rocksdb.RocksDB.open(RocksDB.java:231)
	at org.apache.hadoop.utils.RocksDBStore.<init>(RocksDBStore.java:71)
	... 15 more
2019-06-13 16:25:47,244 WARN  utils.BackgroundService (BackgroundService.java:lambda$run$0(135)) - Background task fails to execute, retrying in next interval
java.util.concurrent.ExecutionException: org.apache.hadoop.hdds.scm.container.common.helpers.StorageContainerException: Error opening DB. Container:4 ContainerPath:/opt/src/hadoop-ozone/integration-test/target/test-dir/MiniOzoneClusterImpl-3f379463-9810-48df-887f-c222ef37097c/datanode-0/data/containers/hdds/500ceb14-8321-4c8a-b6b3-e488e41f7aab/current/containerDir0/4/metadata/4-dn-container.db
	at java.util.concurrent.FutureTask.report(FutureTask.java:122)
	at java.util.concurrent.FutureTask.get(FutureTask.java:206)
	at org.apache.hadoop.utils.BackgroundService$PeriodicalTask.lambda$run$0(BackgroundService.java:129)
	at java.util.stream.ForEachOps$ForEachOp$OfRef.accept(ForEachOps.java:184)
	at java.util.ArrayList$ArrayListSpliterator.forEachRemaining(ArrayList.java:1382)
	at java.util.stream.AbstractPipeline.copyInto(AbstractPipeline.java:482)
	at java.util.stream.ForEachOps$ForEachTask.compute(ForEachOps.java:291)
	at java.util.concurrent.CountedCompleter.exec(CountedCompleter.java:731)
	at java.util.concurrent.ForkJoinTask.doExec(ForkJoinTask.java:289)
	at java.util.concurrent.ForkJoinTask.doInvoke(ForkJoinTask.java:401)
	at java.util.concurrent.ForkJoinTask.invoke(ForkJoinTask.java:734)
	at java.util.stream.ForEachOps$ForEachOp.evaluateParallel(ForEachOps.java:160)
	at java.util.stream.ForEachOps$ForEachOp$OfRef.evaluateParallel(ForEachOps.java:174)
	at java.util.stream.AbstractPipeline.evaluate(AbstractPipeline.java:233)
	at java.util.stream.ReferencePipeline.forEach(ReferencePipeline.java:418)
	at java.util.stream.ReferencePipeline$Head.forEach(ReferencePipeline.java:583)
	at org.apache.hadoop.utils.BackgroundService$PeriodicalTask.run(BackgroundService.java:125)
	at java.util.concurrent.Executors$RunnableAdapter.call(Executors.java:511)
	at java.util.concurrent.FutureTask.runAndReset(FutureTask.java:308)
	at java.util.concurrent.ScheduledThreadPoolExecutor$ScheduledFutureTask.access$301(ScheduledThreadPoolExecutor.java:180)
	at java.util.concurrent.ScheduledThreadPoolExecutor$ScheduledFutureTask.run(ScheduledThreadPoolExecutor.java:294)
	at java.util.concurrent.ThreadPoolExecutor.runWorker(ThreadPoolExecutor.java:1149)
	at java.util.concurrent.ThreadPoolExecutor$Worker.run(ThreadPoolExecutor.java:624)
	at java.lang.Thread.run(Thread.java:748)
Caused by: org.apache.hadoop.hdds.scm.container.common.helpers.StorageContainerException: Error opening DB. Container:4 ContainerPath:/opt/src/hadoop-ozone/integration-test/target/test-dir/MiniOzoneClusterImpl-3f379463-9810-48df-887f-c222ef37097c/datanode-0/data/containers/hdds/500ceb14-8321-4c8a-b6b3-e488e41f7aab/current/containerDir0/4/metadata/4-dn-container.db
	at org.apache.hadoop.ozone.container.keyvalue.helpers.BlockUtils.getDB(BlockUtils.java:84)
	at org.apache.hadoop.ozone.container.keyvalue.statemachine.background.BlockDeletingService$BlockDeletingTask.call(BlockDeletingService.java:188)
	at org.apache.hadoop.ozone.container.keyvalue.statemachine.background.BlockDeletingService$BlockDeletingTask.call(BlockDeletingService.java:172)
	at java.util.concurrent.FutureTask.run(FutureTask.java:266)
	at java.util.concurrent.Executors$RunnableAdapter.call(Executors.java:511)
	at java.util.concurrent.FutureTask.run(FutureTask.java:266)
	at java.util.concurrent.Executors$RunnableAdapter.call(Executors.java:511)
	at java.util.concurrent.FutureTask.run(FutureTask.java:266)
	at java.util.concurrent.ScheduledThreadPoolExecutor$ScheduledFutureTask.access$201(ScheduledThreadPoolExecutor.java:180)
	at java.util.concurrent.ScheduledThreadPoolExecutor$ScheduledFutureTask.run(ScheduledThreadPoolExecutor.java:293)
	... 3 more
2019-06-13 16:25:47,244 WARN  utils.BackgroundService (BackgroundService.java:lambda$run$0(135)) - Background task fails to execute, retrying in next interval
java.util.concurrent.ExecutionException: org.apache.hadoop.hdds.scm.container.common.helpers.StorageContainerException: Error opening DB. Container:1 ContainerPath:/opt/src/hadoop-ozone/integration-test/target/test-dir/MiniOzoneClusterImpl-3f379463-9810-48df-887f-c222ef37097c/datanode-0/data/containers/hdds/500ceb14-8321-4c8a-b6b3-e488e41f7aab/current/containerDir0/1/metadata/1-dn-container.db
	at java.util.concurrent.FutureTask.report(FutureTask.java:122)
	at java.util.concurrent.FutureTask.get(FutureTask.java:206)
	at org.apache.hadoop.utils.BackgroundService$PeriodicalTask.lambda$run$0(BackgroundService.java:129)
	at java.util.stream.ForEachOps$ForEachOp$OfRef.accept(ForEachOps.java:184)
	at java.util.ArrayList$ArrayListSpliterator.forEachRemaining(ArrayList.java:1382)
	at java.util.stream.AbstractPipeline.copyInto(AbstractPipeline.java:482)
	at java.util.stream.ForEachOps$ForEachTask.compute(ForEachOps.java:291)
	at java.util.concurrent.CountedCompleter.exec(CountedCompleter.java:731)
	at java.util.concurrent.ForkJoinTask.doExec(ForkJoinTask.java:289)
	at java.util.concurrent.ForkJoinPool$WorkQueue.execLocalTasks(ForkJoinPool.java:1040)
	at java.util.concurrent.ForkJoinPool$WorkQueue.runTask(ForkJoinPool.java:1058)
	at java.util.concurrent.ForkJoinPool.runWorker(ForkJoinPool.java:1692)
	at java.util.concurrent.ForkJoinWorkerThread.run(ForkJoinWorkerThread.java:157)
Caused by: org.apache.hadoop.hdds.scm.container.common.helpers.StorageContainerException: Error opening DB. Container:1 ContainerPath:/opt/src/hadoop-ozone/integration-test/target/test-dir/MiniOzoneClusterImpl-3f379463-9810-48df-887f-c222ef37097c/datanode-0/data/containers/hdds/500ceb14-8321-4c8a-b6b3-e488e41f7aab/current/containerDir0/1/metadata/1-dn-container.db
	at org.apache.hadoop.ozone.container.keyvalue.helpers.BlockUtils.getDB(BlockUtils.java:84)
	at org.apache.hadoop.ozone.container.keyvalue.statemachine.background.BlockDeletingService$BlockDeletingTask.call(BlockDeletingService.java:188)
	at org.apache.hadoop.ozone.container.keyvalue.statemachine.background.BlockDeletingService$BlockDeletingTask.call(BlockDeletingService.java:172)
	at java.util.concurrent.FutureTask.run(FutureTask.java:266)
	at java.util.concurrent.Executors$RunnableAdapter.call(Executors.java:511)
	at java.util.concurrent.FutureTask.run(FutureTask.java:266)
	at java.util.concurrent.Executors$RunnableAdapter.call(Executors.java:511)
	at java.util.concurrent.FutureTask.run(FutureTask.java:266)
	at java.util.concurrent.ScheduledThreadPoolExecutor$ScheduledFutureTask.access$201(ScheduledThreadPoolExecutor.java:180)
	at java.util.concurrent.ScheduledThreadPoolExecutor$ScheduledFutureTask.run(ScheduledThreadPoolExecutor.java:293)
	at java.util.concurrent.ThreadPoolExecutor.runWorker(ThreadPoolExecutor.java:1149)
	at java.util.concurrent.ThreadPoolExecutor$Worker.run(ThreadPoolExecutor.java:624)
	at java.lang.Thread.run(Thread.java:748)
2019-06-13 16:25:47,244 ERROR utils.ContainerCache (ContainerCache.java:getDB(137)) - Error opening DB. Container:3 ContainerPath:/opt/src/hadoop-ozone/integration-test/target/test-dir/MiniOzoneClusterImpl-3f379463-9810-48df-887f-c222ef37097c/datanode-0/data/containers/hdds/500ceb14-8321-4c8a-b6b3-e488e41f7aab/current/containerDir0/3/metadata/3-dn-container.db
java.io.IOException: Failed init RocksDB, db path : /opt/src/hadoop-ozone/integration-test/target/test-dir/MiniOzoneClusterImpl-3f379463-9810-48df-887f-c222ef37097c/datanode-0/data/containers/hdds/500ceb14-8321-4c8a-b6b3-e488e41f7aab/current/containerDir0/3/metadata/3-dn-container.db
	at org.apache.hadoop.utils.RocksDBStore.<init>(RocksDBStore.java:87)
	at org.apache.hadoop.utils.MetadataStoreBuilder.build(MetadataStoreBuilder.java:137)
	at org.apache.hadoop.ozone.container.common.utils.ContainerCache.getDB(ContainerCache.java:129)
	at org.apache.hadoop.ozone.container.keyvalue.helpers.BlockUtils.getDB(BlockUtils.java:77)
	at org.apache.hadoop.ozone.container.keyvalue.statemachine.background.BlockDeletingService$BlockDeletingTask.call(BlockDeletingService.java:188)
	at org.apache.hadoop.ozone.container.keyvalue.statemachine.background.BlockDeletingService$BlockDeletingTask.call(BlockDeletingService.java:172)
	at java.util.concurrent.FutureTask.run(FutureTask.java:266)
	at java.util.concurrent.Executors$RunnableAdapter.call(Executors.java:511)
	at java.util.concurrent.FutureTask.run(FutureTask.java:266)
	at java.util.concurrent.Executors$RunnableAdapter.call(Executors.java:511)
	at java.util.concurrent.FutureTask.run(FutureTask.java:266)
	at java.util.concurrent.ScheduledThreadPoolExecutor$ScheduledFutureTask.access$201(ScheduledThreadPoolExecutor.java:180)
	at java.util.concurrent.ScheduledThreadPoolExecutor$ScheduledFutureTask.run(ScheduledThreadPoolExecutor.java:293)
	at java.util.concurrent.ThreadPoolExecutor.runWorker(ThreadPoolExecutor.java:1149)
	at java.util.concurrent.ThreadPoolExecutor$Worker.run(ThreadPoolExecutor.java:624)
	at java.lang.Thread.run(Thread.java:748)
Caused by: org.rocksdb.RocksDBException: While mkdir if missing: /opt/src/hadoop-ozone/integration-test/target/test-dir/MiniOzoneClusterImpl-3f379463-9810-48df-887f-c222ef37097c/datanode-0/data/containers/hdds/500ceb14-8321-4c8a-b6b3-e488e41f7aab/current/containerDir0/3/metadata/3-dn-container.db: No such file or directory
	at org.rocksdb.RocksDB.open(Native Method)
	at org.rocksdb.RocksDB.open(RocksDB.java:231)
	at org.apache.hadoop.utils.RocksDBStore.<init>(RocksDBStore.java:71)
	... 15 more
2019-06-13 16:25:47,245 WARN  utils.BackgroundService (BackgroundService.java:lambda$run$0(135)) - Background task fails to execute, retrying in next interval
java.util.concurrent.ExecutionException: org.apache.hadoop.hdds.scm.container.common.helpers.StorageContainerException: Error opening DB. Container:3 ContainerPath:/opt/src/hadoop-ozone/integration-test/target/test-dir/MiniOzoneClusterImpl-3f379463-9810-48df-887f-c222ef37097c/datanode-0/data/containers/hdds/500ceb14-8321-4c8a-b6b3-e488e41f7aab/current/containerDir0/3/metadata/3-dn-container.db
	at java.util.concurrent.FutureTask.report(FutureTask.java:122)
	at java.util.concurrent.FutureTask.get(FutureTask.java:206)
	at org.apache.hadoop.utils.BackgroundService$PeriodicalTask.lambda$run$0(BackgroundService.java:129)
	at java.util.stream.ForEachOps$ForEachOp$OfRef.accept(ForEachOps.java:184)
	at java.util.ArrayList$ArrayListSpliterator.forEachRemaining(ArrayList.java:1382)
	at java.util.stream.AbstractPipeline.copyInto(AbstractPipeline.java:482)
	at java.util.stream.ForEachOps$ForEachTask.compute(ForEachOps.java:291)
	at java.util.concurrent.CountedCompleter.exec(CountedCompleter.java:731)
	at java.util.concurrent.ForkJoinTask.doExec(ForkJoinTask.java:289)
	at java.util.concurrent.ForkJoinPool$WorkQueue.runTask(ForkJoinPool.java:1056)
	at java.util.concurrent.ForkJoinPool.runWorker(ForkJoinPool.java:1692)
	at java.util.concurrent.ForkJoinWorkerThread.run(ForkJoinWorkerThread.java:157)
Caused by: org.apache.hadoop.hdds.scm.container.common.helpers.StorageContainerException: Error opening DB. Container:3 ContainerPath:/opt/src/hadoop-ozone/integration-test/target/test-dir/MiniOzoneClusterImpl-3f379463-9810-48df-887f-c222ef37097c/datanode-0/data/containers/hdds/500ceb14-8321-4c8a-b6b3-e488e41f7aab/current/containerDir0/3/metadata/3-dn-container.db
	at org.apache.hadoop.ozone.container.keyvalue.helpers.BlockUtils.getDB(BlockUtils.java:84)
	at org.apache.hadoop.ozone.container.keyvalue.statemachine.background.BlockDeletingService$BlockDeletingTask.call(BlockDeletingService.java:188)
	at org.apache.hadoop.ozone.container.keyvalue.statemachine.background.BlockDeletingService$BlockDeletingTask.call(BlockDeletingService.java:172)
	at java.util.concurrent.FutureTask.run(FutureTask.java:266)
	at java.util.concurrent.Executors$RunnableAdapter.call(Executors.java:511)
	at java.util.concurrent.FutureTask.run(FutureTask.java:266)
	at java.util.concurrent.Executors$RunnableAdapter.call(Executors.java:511)
	at java.util.concurrent.FutureTask.run(FutureTask.java:266)
	at java.util.concurrent.ScheduledThreadPoolExecutor$ScheduledFutureTask.access$201(ScheduledThreadPoolExecutor.java:180)
	at java.util.concurrent.ScheduledThreadPoolExecutor$ScheduledFutureTask.run(ScheduledThreadPoolExecutor.java:293)
	at java.util.concurrent.ThreadPoolExecutor.runWorker(ThreadPoolExecutor.java:1149)
	at java.util.concurrent.ThreadPoolExecutor$Worker.run(ThreadPoolExecutor.java:624)
	at java.lang.Thread.run(Thread.java:748)
2019-06-13 16:25:47,245 ERROR utils.ContainerCache (ContainerCache.java:getDB(137)) - Error opening DB. Container:2 ContainerPath:/opt/src/hadoop-ozone/integration-test/target/test-dir/MiniOzoneClusterImpl-3f379463-9810-48df-887f-c222ef37097c/datanode-0/data/containers/hdds/500ceb14-8321-4c8a-b6b3-e488e41f7aab/current/containerDir0/2/metadata/2-dn-container.db
java.io.IOException: Failed init RocksDB, db path : /opt/src/hadoop-ozone/integration-test/target/test-dir/MiniOzoneClusterImpl-3f379463-9810-48df-887f-c222ef37097c/datanode-0/data/containers/hdds/500ceb14-8321-4c8a-b6b3-e488e41f7aab/current/containerDir0/2/metadata/2-dn-container.db
	at org.apache.hadoop.utils.RocksDBStore.<init>(RocksDBStore.java:87)
	at org.apache.hadoop.utils.MetadataStoreBuilder.build(MetadataStoreBuilder.java:137)
	at org.apache.hadoop.ozone.container.common.utils.ContainerCache.getDB(ContainerCache.java:129)
	at org.apache.hadoop.ozone.container.keyvalue.helpers.BlockUtils.getDB(BlockUtils.java:77)
	at org.apache.hadoop.ozone.container.keyvalue.statemachine.background.BlockDeletingService$BlockDeletingTask.call(BlockDeletingService.java:188)
	at org.apache.hadoop.ozone.container.keyvalue.statemachine.background.BlockDeletingService$BlockDeletingTask.call(BlockDeletingService.java:172)
	at java.util.concurrent.FutureTask.run(FutureTask.java:266)
	at java.util.concurrent.Executors$RunnableAdapter.call(Executors.java:511)
	at java.util.concurrent.FutureTask.run(FutureTask.java:266)
	at java.util.concurrent.Executors$RunnableAdapter.call(Executors.java:511)
	at java.util.concurrent.FutureTask.run(FutureTask.java:266)
	at java.util.concurrent.ScheduledThreadPoolExecutor$ScheduledFutureTask.access$201(ScheduledThreadPoolExecutor.java:180)
	at java.util.concurrent.ScheduledThreadPoolExecutor$ScheduledFutureTask.run(ScheduledThreadPoolExecutor.java:293)
	at java.util.concurrent.ThreadPoolExecutor.runWorker(ThreadPoolExecutor.java:1149)
	at java.util.concurrent.ThreadPoolExecutor$Worker.run(ThreadPoolExecutor.java:624)
	at java.lang.Thread.run(Thread.java:748)
Caused by: org.rocksdb.RocksDBException: While mkdir if missing: /opt/src/hadoop-ozone/integration-test/target/test-dir/MiniOzoneClusterImpl-3f379463-9810-48df-887f-c222ef37097c/datanode-0/data/containers/hdds/500ceb14-8321-4c8a-b6b3-e488e41f7aab/current/containerDir0/2/metadata/2-dn-container.db: No such file or directory
	at org.rocksdb.RocksDB.open(Native Method)
	at org.rocksdb.RocksDB.open(RocksDB.java:231)
	at org.apache.hadoop.utils.RocksDBStore.<init>(RocksDBStore.java:71)
	... 15 more
2019-06-13 16:25:47,245 WARN  utils.BackgroundService (BackgroundService.java:lambda$run$0(135)) - Background task fails to execute, retrying in next interval
java.util.concurrent.ExecutionException: org.apache.hadoop.hdds.scm.container.common.helpers.StorageContainerException: Error opening DB. Container:2 ContainerPath:/opt/src/hadoop-ozone/integration-test/target/test-dir/MiniOzoneClusterImpl-3f379463-9810-48df-887f-c222ef37097c/datanode-0/data/containers/hdds/500ceb14-8321-4c8a-b6b3-e488e41f7aab/current/containerDir0/2/metadata/2-dn-container.db
	at java.util.concurrent.FutureTask.report(FutureTask.java:122)
	at java.util.concurrent.FutureTask.get(FutureTask.java:206)
	at org.apache.hadoop.utils.BackgroundService$PeriodicalTask.lambda$run$0(BackgroundService.java:129)
	at java.util.stream.ForEachOps$ForEachOp$OfRef.accept(ForEachOps.java:184)
	at java.util.ArrayList$ArrayListSpliterator.forEachRemaining(ArrayList.java:1382)
	at java.util.stream.AbstractPipeline.copyInto(AbstractPipeline.java:482)
	at java.util.stream.ForEachOps$ForEachTask.compute(ForEachOps.java:291)
	at java.util.concurrent.CountedCompleter.exec(CountedCompleter.java:731)
	at java.util.concurrent.ForkJoinTask.doExec(ForkJoinTask.java:289)
	at java.util.concurrent.ForkJoinPool.helpComplete(ForkJoinPool.java:1870)
	at java.util.concurrent.ForkJoinPool.externalHelpComplete(ForkJoinPool.java:2467)
	at java.util.concurrent.ForkJoinTask.externalAwaitDone(ForkJoinTask.java:324)
	at java.util.concurrent.ForkJoinTask.doInvoke(ForkJoinTask.java:405)
	at java.util.concurrent.ForkJoinTask.invoke(ForkJoinTask.java:734)
	at java.util.stream.ForEachOps$ForEachOp.evaluateParallel(ForEachOps.java:160)
	at java.util.stream.ForEachOps$ForEachOp$OfRef.evaluateParallel(ForEachOps.java:174)
	at java.util.stream.AbstractPipeline.evaluate(AbstractPipeline.java:233)
	at java.util.stream.ReferencePipeline.forEach(ReferencePipeline.java:418)
	at java.util.stream.ReferencePipeline$Head.forEach(ReferencePipeline.java:583)
	at org.apache.hadoop.utils.BackgroundService$PeriodicalTask.run(BackgroundService.java:125)
	at java.util.concurrent.Executors$RunnableAdapter.call(Executors.java:511)
	at java.util.concurrent.FutureTask.runAndReset(FutureTask.java:308)
	at java.util.concurrent.ScheduledThreadPoolExecutor$ScheduledFutureTask.access$301(ScheduledThreadPoolExecutor.java:180)
	at java.util.concurrent.ScheduledThreadPoolExecutor$ScheduledFutureTask.run(ScheduledThreadPoolExecutor.java:294)
	at java.util.concurrent.ThreadPoolExecutor.runWorker(ThreadPoolExecutor.java:1149)
	at java.util.concurrent.ThreadPoolExecutor$Worker.run(ThreadPoolExecutor.java:624)
	at java.lang.Thread.run(Thread.java:748)
Caused by: org.apache.hadoop.hdds.scm.container.common.helpers.StorageContainerException: Error opening DB. Container:2 ContainerPath:/opt/src/hadoop-ozone/integration-test/target/test-dir/MiniOzoneClusterImpl-3f379463-9810-48df-887f-c222ef37097c/datanode-0/data/containers/hdds/500ceb14-8321-4c8a-b6b3-e488e41f7aab/current/containerDir0/2/metadata/2-dn-container.db
	at org.apache.hadoop.ozone.container.keyvalue.helpers.BlockUtils.getDB(BlockUtils.java:84)
	at org.apache.hadoop.ozone.container.keyvalue.statemachine.background.BlockDeletingService$BlockDeletingTask.call(BlockDeletingService.java:188)
	at org.apache.hadoop.ozone.container.keyvalue.statemachine.background.BlockDeletingService$BlockDeletingTask.call(BlockDeletingService.java:172)
	at java.util.concurrent.FutureTask.run(FutureTask.java:266)
	at java.util.concurrent.Executors$RunnableAdapter.call(Executors.java:511)
	at java.util.concurrent.FutureTask.run(FutureTask.java:266)
	at java.util.concurrent.Executors$RunnableAdapter.call(Executors.java:511)
	at java.util.concurrent.FutureTask.run(FutureTask.java:266)
	at java.util.concurrent.ScheduledThreadPoolExecutor$ScheduledFutureTask.access$201(ScheduledThreadPoolExecutor.java:180)
	at java.util.concurrent.ScheduledThreadPoolExecutor$ScheduledFutureTask.run(ScheduledThreadPoolExecutor.java:293)
	... 3 more
2019-06-13 16:25:47,520 INFO  ozone.MiniOzoneClusterImpl (MiniOzoneClusterImpl.java:lambda$waitForClusterToBeReady$0(142)) - Waiting for cluster to be ready. Got 0 of 1 DN Heartbeats.
2019-06-13 16:25:48,246 INFO  background.BlockDeletingService (BlockDeletingService.java:getTasks(123)) - Plan to choose 10 containers for block deletion, actually returns 5 valid containers.
2019-06-13 16:25:48,246 ERROR utils.ContainerCache (ContainerCache.java:getDB(137)) - Error opening DB. Container:1 ContainerPath:/opt/src/hadoop-ozone/integration-test/target/test-dir/MiniOzoneClusterImpl-3f379463-9810-48df-887f-c222ef37097c/datanode-0/data/containers/hdds/500ceb14-8321-4c8a-b6b3-e488e41f7aab/current/containerDir0/1/metadata/1-dn-container.db
java.io.IOException: Failed init RocksDB, db path : /opt/src/hadoop-ozone/integration-test/target/test-dir/MiniOzoneClusterImpl-3f379463-9810-48df-887f-c222ef37097c/datanode-0/data/containers/hdds/500ceb14-8321-4c8a-b6b3-e488e41f7aab/current/containerDir0/1/metadata/1-dn-container.db
	at org.apache.hadoop.utils.RocksDBStore.<init>(RocksDBStore.java:87)
	at org.apache.hadoop.utils.MetadataStoreBuilder.build(MetadataStoreBuilder.java:137)
	at org.apache.hadoop.ozone.container.common.utils.ContainerCache.getDB(ContainerCache.java:129)
	at org.apache.hadoop.ozone.container.keyvalue.helpers.BlockUtils.getDB(BlockUtils.java:77)
	at org.apache.hadoop.ozone.container.keyvalue.statemachine.background.BlockDeletingService$BlockDeletingTask.call(BlockDeletingService.java:188)
	at org.apache.hadoop.ozone.container.keyvalue.statemachine.background.BlockDeletingService$BlockDeletingTask.call(BlockDeletingService.java:172)
	at java.util.concurrent.FutureTask.run(FutureTask.java:266)
	at java.util.concurrent.Executors$RunnableAdapter.call(Executors.java:511)
	at java.util.concurrent.FutureTask.run(FutureTask.java:266)
	at java.util.concurrent.Executors$RunnableAdapter.call(Executors.java:511)
	at java.util.concurrent.FutureTask.run(FutureTask.java:266)
	at java.util.concurrent.ScheduledThreadPoolExecutor$ScheduledFutureTask.access$201(ScheduledThreadPoolExecutor.java:180)
	at java.util.concurrent.ScheduledThreadPoolExecutor$ScheduledFutureTask.run(ScheduledThreadPoolExecutor.java:293)
	at java.util.concurrent.ThreadPoolExecutor.runWorker(ThreadPoolExecutor.java:1149)
	at java.util.concurrent.ThreadPoolExecutor$Worker.run(ThreadPoolExecutor.java:624)
	at java.lang.Thread.run(Thread.java:748)
Caused by: org.rocksdb.RocksDBException: While mkdir if missing: /opt/src/hadoop-ozone/integration-test/target/test-dir/MiniOzoneClusterImpl-3f379463-9810-48df-887f-c222ef37097c/datanode-0/data/containers/hdds/500ceb14-8321-4c8a-b6b3-e488e41f7aab/current/containerDir0/1/metadata/1-dn-container.db: No such file or directory
	at org.rocksdb.RocksDB.open(Native Method)
	at org.rocksdb.RocksDB.open(RocksDB.java:231)
	at org.apache.hadoop.utils.RocksDBStore.<init>(RocksDBStore.java:71)
	... 15 more
2019-06-13 16:25:48,247 ERROR utils.ContainerCache (ContainerCache.java:getDB(137)) - Error opening DB. Container:5 ContainerPath:/opt/src/hadoop-ozone/integration-test/target/test-dir/MiniOzoneClusterImpl-3f379463-9810-48df-887f-c222ef37097c/datanode-0/data/containers/hdds/500ceb14-8321-4c8a-b6b3-e488e41f7aab/current/containerDir0/5/metadata/5-dn-container.db
java.io.IOException: Failed init RocksDB, db path : /opt/src/hadoop-ozone/integration-test/target/test-dir/MiniOzoneClusterImpl-3f379463-9810-48df-887f-c222ef37097c/datanode-0/data/containers/hdds/500ceb14-8321-4c8a-b6b3-e488e41f7aab/current/containerDir0/5/metadata/5-dn-container.db
	at org.apache.hadoop.utils.RocksDBStore.<init>(RocksDBStore.java:87)
	at org.apache.hadoop.utils.MetadataStoreBuilder.build(MetadataStoreBuilder.java:137)
	at org.apache.hadoop.ozone.container.common.utils.ContainerCache.getDB(ContainerCache.java:129)
	at org.apache.hadoop.ozone.container.keyvalue.helpers.BlockUtils.getDB(BlockUtils.java:77)
	at org.apache.hadoop.ozone.container.keyvalue.statemachine.background.BlockDeletingService$BlockDeletingTask.call(BlockDeletingService.java:188)
	at org.apache.hadoop.ozone.container.keyvalue.statemachine.background.BlockDeletingService$BlockDeletingTask.call(BlockDeletingService.java:172)
	at java.util.concurrent.FutureTask.run(FutureTask.java:266)
	at java.util.concurrent.Executors$RunnableAdapter.call(Executors.java:511)
	at java.util.concurrent.FutureTask.run(FutureTask.java:266)
	at java.util.concurrent.Executors$RunnableAdapter.call(Executors.java:511)
	at java.util.concurrent.FutureTask.run(FutureTask.java:266)
	at java.util.concurrent.ScheduledThreadPoolExecutor$ScheduledFutureTask.access$201(ScheduledThreadPoolExecutor.java:180)
	at java.util.concurrent.ScheduledThreadPoolExecutor$ScheduledFutureTask.run(ScheduledThreadPoolExecutor.java:293)
	at java.util.concurrent.ThreadPoolExecutor.runWorker(ThreadPoolExecutor.java:1149)
	at java.util.concurrent.ThreadPoolExecutor$Worker.run(ThreadPoolExecutor.java:624)
	at java.lang.Thread.run(Thread.java:748)
Caused by: org.rocksdb.RocksDBException: While mkdir if missing: /opt/src/hadoop-ozone/integration-test/target/test-dir/MiniOzoneClusterImpl-3f379463-9810-48df-887f-c222ef37097c/datanode-0/data/containers/hdds/500ceb14-8321-4c8a-b6b3-e488e41f7aab/current/containerDir0/5/metadata/5-dn-container.db: No such file or directory
	at org.rocksdb.RocksDB.open(Native Method)
	at org.rocksdb.RocksDB.open(RocksDB.java:231)
	at org.apache.hadoop.utils.RocksDBStore.<init>(RocksDBStore.java:71)
	... 15 more
2019-06-13 16:25:48,247 WARN  utils.BackgroundService (BackgroundService.java:lambda$run$0(135)) - Background task fails to execute, retrying in next interval
java.util.concurrent.ExecutionException: org.apache.hadoop.hdds.scm.container.common.helpers.StorageContainerException: Error opening DB. Container:5 ContainerPath:/opt/src/hadoop-ozone/integration-test/target/test-dir/MiniOzoneClusterImpl-3f379463-9810-48df-887f-c222ef37097c/datanode-0/data/containers/hdds/500ceb14-8321-4c8a-b6b3-e488e41f7aab/current/containerDir0/5/metadata/5-dn-container.db
	at java.util.concurrent.FutureTask.report(FutureTask.java:122)
	at java.util.concurrent.FutureTask.get(FutureTask.java:206)
	at org.apache.hadoop.utils.BackgroundService$PeriodicalTask.lambda$run$0(BackgroundService.java:129)
	at java.util.stream.ForEachOps$ForEachOp$OfRef.accept(ForEachOps.java:184)
	at java.util.ArrayList$ArrayListSpliterator.forEachRemaining(ArrayList.java:1382)
	at java.util.stream.AbstractPipeline.copyInto(AbstractPipeline.java:482)
	at java.util.stream.ForEachOps$ForEachTask.compute(ForEachOps.java:291)
	at java.util.concurrent.CountedCompleter.exec(CountedCompleter.java:731)
	at java.util.concurrent.ForkJoinTask.doExec(ForkJoinTask.java:289)
	at java.util.concurrent.ForkJoinPool$WorkQueue.runTask(ForkJoinPool.java:1056)
	at java.util.concurrent.ForkJoinPool.runWorker(ForkJoinPool.java:1692)
	at java.util.concurrent.ForkJoinWorkerThread.run(ForkJoinWorkerThread.java:157)
Caused by: org.apache.hadoop.hdds.scm.container.common.helpers.StorageContainerException: Error opening DB. Container:5 ContainerPath:/opt/src/hadoop-ozone/integration-test/target/test-dir/MiniOzoneClusterImpl-3f379463-9810-48df-887f-c222ef37097c/datanode-0/data/containers/hdds/500ceb14-8321-4c8a-b6b3-e488e41f7aab/current/containerDir0/5/metadata/5-dn-container.db
	at org.apache.hadoop.ozone.container.keyvalue.helpers.BlockUtils.getDB(BlockUtils.java:84)
	at org.apache.hadoop.ozone.container.keyvalue.statemachine.background.BlockDeletingService$BlockDeletingTask.call(BlockDeletingService.java:188)
	at org.apache.hadoop.ozone.container.keyvalue.statemachine.background.BlockDeletingService$BlockDeletingTask.call(BlockDeletingService.java:172)
	at java.util.concurrent.FutureTask.run(FutureTask.java:266)
	at java.util.concurrent.Executors$RunnableAdapter.call(Executors.java:511)
	at java.util.concurrent.FutureTask.run(FutureTask.java:266)
	at java.util.concurrent.Executors$RunnableAdapter.call(Executors.java:511)
	at java.util.concurrent.FutureTask.run(FutureTask.java:266)
	at java.util.concurrent.ScheduledThreadPoolExecutor$ScheduledFutureTask.access$201(ScheduledThreadPoolExecutor.java:180)
	at java.util.concurrent.ScheduledThreadPoolExecutor$ScheduledFutureTask.run(ScheduledThreadPoolExecutor.java:293)
	at java.util.concurrent.ThreadPoolExecutor.runWorker(ThreadPoolExecutor.java:1149)
	at java.util.concurrent.ThreadPoolExecutor$Worker.run(ThreadPoolExecutor.java:624)
	at java.lang.Thread.run(Thread.java:748)
2019-06-13 16:25:48,247 ERROR utils.ContainerCache (ContainerCache.java:getDB(137)) - Error opening DB. Container:4 ContainerPath:/opt/src/hadoop-ozone/integration-test/target/test-dir/MiniOzoneClusterImpl-3f379463-9810-48df-887f-c222ef37097c/datanode-0/data/containers/hdds/500ceb14-8321-4c8a-b6b3-e488e41f7aab/current/containerDir0/4/metadata/4-dn-container.db
java.io.IOException: Failed init RocksDB, db path : /opt/src/hadoop-ozone/integration-test/target/test-dir/MiniOzoneClusterImpl-3f379463-9810-48df-887f-c222ef37097c/datanode-0/data/containers/hdds/500ceb14-8321-4c8a-b6b3-e488e41f7aab/current/containerDir0/4/metadata/4-dn-container.db
	at org.apache.hadoop.utils.RocksDBStore.<init>(RocksDBStore.java:87)
	at org.apache.hadoop.utils.MetadataStoreBuilder.build(MetadataStoreBuilder.java:137)
	at org.apache.hadoop.ozone.container.common.utils.ContainerCache.getDB(ContainerCache.java:129)
	at org.apache.hadoop.ozone.container.keyvalue.helpers.BlockUtils.getDB(BlockUtils.java:77)
	at org.apache.hadoop.ozone.container.keyvalue.statemachine.background.BlockDeletingService$BlockDeletingTask.call(BlockDeletingService.java:188)
	at org.apache.hadoop.ozone.container.keyvalue.statemachine.background.BlockDeletingService$BlockDeletingTask.call(BlockDeletingService.java:172)
	at java.util.concurrent.FutureTask.run(FutureTask.java:266)
	at java.util.concurrent.Executors$RunnableAdapter.call(Executors.java:511)
	at java.util.concurrent.FutureTask.run(FutureTask.java:266)
	at java.util.concurrent.Executors$RunnableAdapter.call(Executors.java:511)
	at java.util.concurrent.FutureTask.run(FutureTask.java:266)
	at java.util.concurrent.ScheduledThreadPoolExecutor$ScheduledFutureTask.access$201(ScheduledThreadPoolExecutor.java:180)
	at java.util.concurrent.ScheduledThreadPoolExecutor$ScheduledFutureTask.run(ScheduledThreadPoolExecutor.java:293)
	at java.util.concurrent.ThreadPoolExecutor.runWorker(ThreadPoolExecutor.java:1149)
	at java.util.concurrent.ThreadPoolExecutor$Worker.run(ThreadPoolExecutor.java:624)
	at java.lang.Thread.run(Thread.java:748)
Caused by: org.rocksdb.RocksDBException: While mkdir if missing: /opt/src/hadoop-ozone/integration-test/target/test-dir/MiniOzoneClusterImpl-3f379463-9810-48df-887f-c222ef37097c/datanode-0/data/containers/hdds/500ceb14-8321-4c8a-b6b3-e488e41f7aab/current/containerDir0/4/metadata/4-dn-container.db: No such file or directory
	at org.rocksdb.RocksDB.open(Native Method)
	at org.rocksdb.RocksDB.open(RocksDB.java:231)
	at org.apache.hadoop.utils.RocksDBStore.<init>(RocksDBStore.java:71)
	... 15 more
2019-06-13 16:25:48,247 WARN  utils.BackgroundService (BackgroundService.java:lambda$run$0(135)) - Background task fails to execute, retrying in next interval
java.util.concurrent.ExecutionException: org.apache.hadoop.hdds.scm.container.common.helpers.StorageContainerException: Error opening DB. Container:1 ContainerPath:/opt/src/hadoop-ozone/integration-test/target/test-dir/MiniOzoneClusterImpl-3f379463-9810-48df-887f-c222ef37097c/datanode-0/data/containers/hdds/500ceb14-8321-4c8a-b6b3-e488e41f7aab/current/containerDir0/1/metadata/1-dn-container.db
	at java.util.concurrent.FutureTask.report(FutureTask.java:122)
	at java.util.concurrent.FutureTask.get(FutureTask.java:206)
	at org.apache.hadoop.utils.BackgroundService$PeriodicalTask.lambda$run$0(BackgroundService.java:129)
	at java.util.stream.ForEachOps$ForEachOp$OfRef.accept(ForEachOps.java:184)
	at java.util.ArrayList$ArrayListSpliterator.forEachRemaining(ArrayList.java:1382)
	at java.util.stream.AbstractPipeline.copyInto(AbstractPipeline.java:482)
	at java.util.stream.ForEachOps$ForEachTask.compute(ForEachOps.java:291)
	at java.util.concurrent.CountedCompleter.exec(CountedCompleter.java:731)
	at java.util.concurrent.ForkJoinTask.doExec(ForkJoinTask.java:289)
	at java.util.concurrent.ForkJoinPool$WorkQueue.execLocalTasks(ForkJoinPool.java:1040)
	at java.util.concurrent.ForkJoinPool$WorkQueue.runTask(ForkJoinPool.java:1058)
	at java.util.concurrent.ForkJoinPool.runWorker(ForkJoinPool.java:1692)
	at java.util.concurrent.ForkJoinWorkerThread.run(ForkJoinWorkerThread.java:157)
Caused by: org.apache.hadoop.hdds.scm.container.common.helpers.StorageContainerException: Error opening DB. Container:1 ContainerPath:/opt/src/hadoop-ozone/integration-test/target/test-dir/MiniOzoneClusterImpl-3f379463-9810-48df-887f-c222ef37097c/datanode-0/data/containers/hdds/500ceb14-8321-4c8a-b6b3-e488e41f7aab/current/containerDir0/1/metadata/1-dn-container.db
	at org.apache.hadoop.ozone.container.keyvalue.helpers.BlockUtils.getDB(BlockUtils.java:84)
	at org.apache.hadoop.ozone.container.keyvalue.statemachine.background.BlockDeletingService$BlockDeletingTask.call(BlockDeletingService.java:188)
	at org.apache.hadoop.ozone.container.keyvalue.statemachine.background.BlockDeletingService$BlockDeletingTask.call(BlockDeletingService.java:172)
	at java.util.concurrent.FutureTask.run(FutureTask.java:266)
	at java.util.concurrent.Executors$RunnableAdapter.call(Executors.java:511)
	at java.util.concurrent.FutureTask.run(FutureTask.java:266)
	at java.util.concurrent.Executors$RunnableAdapter.call(Executors.java:511)
	at java.util.concurrent.FutureTask.run(FutureTask.java:266)
	at java.util.concurrent.ScheduledThreadPoolExecutor$ScheduledFutureTask.access$201(ScheduledThreadPoolExecutor.java:180)
	at java.util.concurrent.ScheduledThreadPoolExecutor$ScheduledFutureTask.run(ScheduledThreadPoolExecutor.java:293)
	at java.util.concurrent.ThreadPoolExecutor.runWorker(ThreadPoolExecutor.java:1149)
	at java.util.concurrent.ThreadPoolExecutor$Worker.run(ThreadPoolExecutor.java:624)
	at java.lang.Thread.run(Thread.java:748)
2019-06-13 16:25:48,248 WARN  utils.BackgroundService (BackgroundService.java:lambda$run$0(135)) - Background task fails to execute, retrying in next interval
java.util.concurrent.ExecutionException: org.apache.hadoop.hdds.scm.container.common.helpers.StorageContainerException: Error opening DB. Container:4 ContainerPath:/opt/src/hadoop-ozone/integration-test/target/test-dir/MiniOzoneClusterImpl-3f379463-9810-48df-887f-c222ef37097c/datanode-0/data/containers/hdds/500ceb14-8321-4c8a-b6b3-e488e41f7aab/current/containerDir0/4/metadata/4-dn-container.db
	at java.util.concurrent.FutureTask.report(FutureTask.java:122)
	at java.util.concurrent.FutureTask.get(FutureTask.java:206)
	at org.apache.hadoop.utils.BackgroundService$PeriodicalTask.lambda$run$0(BackgroundService.java:129)
	at java.util.stream.ForEachOps$ForEachOp$OfRef.accept(ForEachOps.java:184)
	at java.util.ArrayList$ArrayListSpliterator.forEachRemaining(ArrayList.java:1382)
	at java.util.stream.AbstractPipeline.copyInto(AbstractPipeline.java:482)
	at java.util.stream.ForEachOps$ForEachTask.compute(ForEachOps.java:291)
	at java.util.concurrent.CountedCompleter.exec(CountedCompleter.java:731)
	at java.util.concurrent.ForkJoinTask.doExec(ForkJoinTask.java:289)
	at java.util.concurrent.ForkJoinTask.doInvoke(ForkJoinTask.java:401)
	at java.util.concurrent.ForkJoinTask.invoke(ForkJoinTask.java:734)
	at java.util.stream.ForEachOps$ForEachOp.evaluateParallel(ForEachOps.java:160)
	at java.util.stream.ForEachOps$ForEachOp$OfRef.evaluateParallel(ForEachOps.java:174)
	at java.util.stream.AbstractPipeline.evaluate(AbstractPipeline.java:233)
	at java.util.stream.ReferencePipeline.forEach(ReferencePipeline.java:418)
	at java.util.stream.ReferencePipeline$Head.forEach(ReferencePipeline.java:583)
	at org.apache.hadoop.utils.BackgroundService$PeriodicalTask.run(BackgroundService.java:125)
	at java.util.concurrent.Executors$RunnableAdapter.call(Executors.java:511)
	at java.util.concurrent.FutureTask.runAndReset(FutureTask.java:308)
	at java.util.concurrent.ScheduledThreadPoolExecutor$ScheduledFutureTask.access$301(ScheduledThreadPoolExecutor.java:180)
	at java.util.concurrent.ScheduledThreadPoolExecutor$ScheduledFutureTask.run(ScheduledThreadPoolExecutor.java:294)
	at java.util.concurrent.ThreadPoolExecutor.runWorker(ThreadPoolExecutor.java:1149)
	at java.util.concurrent.ThreadPoolExecutor$Worker.run(ThreadPoolExecutor.java:624)
	at java.lang.Thread.run(Thread.java:748)
Caused by: org.apache.hadoop.hdds.scm.container.common.helpers.StorageContainerException: Error opening DB. Container:4 ContainerPath:/opt/src/hadoop-ozone/integration-test/target/test-dir/MiniOzoneClusterImpl-3f379463-9810-48df-887f-c222ef37097c/datanode-0/data/containers/hdds/500ceb14-8321-4c8a-b6b3-e488e41f7aab/current/containerDir0/4/metadata/4-dn-container.db
	at org.apache.hadoop.ozone.container.keyvalue.helpers.BlockUtils.getDB(BlockUtils.java:84)
	at org.apache.hadoop.ozone.container.keyvalue.statemachine.background.BlockDeletingService$BlockDeletingTask.call(BlockDeletingService.java:188)
	at org.apache.hadoop.ozone.container.keyvalue.statemachine.background.BlockDeletingService$BlockDeletingTask.call(BlockDeletingService.java:172)
	at java.util.concurrent.FutureTask.run(FutureTask.java:266)
	at java.util.concurrent.Executors$RunnableAdapter.call(Executors.java:511)
	at java.util.concurrent.FutureTask.run(FutureTask.java:266)
	at java.util.concurrent.Executors$RunnableAdapter.call(Executors.java:511)
	at java.util.concurrent.FutureTask.run(FutureTask.java:266)
	at java.util.concurrent.ScheduledThreadPoolExecutor$ScheduledFutureTask.access$201(ScheduledThreadPoolExecutor.java:180)
	at java.util.concurrent.ScheduledThreadPoolExecutor$ScheduledFutureTask.run(ScheduledThreadPoolExecutor.java:293)
	... 3 more
2019-06-13 16:25:48,248 ERROR utils.ContainerCache (ContainerCache.java:getDB(137)) - Error opening DB. Container:3 ContainerPath:/opt/src/hadoop-ozone/integration-test/target/test-dir/MiniOzoneClusterImpl-3f379463-9810-48df-887f-c222ef37097c/datanode-0/data/containers/hdds/500ceb14-8321-4c8a-b6b3-e488e41f7aab/current/containerDir0/3/metadata/3-dn-container.db
java.io.IOException: Failed init RocksDB, db path : /opt/src/hadoop-ozone/integration-test/target/test-dir/MiniOzoneClusterImpl-3f379463-9810-48df-887f-c222ef37097c/datanode-0/data/containers/hdds/500ceb14-8321-4c8a-b6b3-e488e41f7aab/current/containerDir0/3/metadata/3-dn-container.db
	at org.apache.hadoop.utils.RocksDBStore.<init>(RocksDBStore.java:87)
	at org.apache.hadoop.utils.MetadataStoreBuilder.build(MetadataStoreBuilder.java:137)
	at org.apache.hadoop.ozone.container.common.utils.ContainerCache.getDB(ContainerCache.java:129)
	at org.apache.hadoop.ozone.container.keyvalue.helpers.BlockUtils.getDB(BlockUtils.java:77)
	at org.apache.hadoop.ozone.container.keyvalue.statemachine.background.BlockDeletingService$BlockDeletingTask.call(BlockDeletingService.java:188)
	at org.apache.hadoop.ozone.container.keyvalue.statemachine.background.BlockDeletingService$BlockDeletingTask.call(BlockDeletingService.java:172)
	at java.util.concurrent.FutureTask.run(FutureTask.java:266)
	at java.util.concurrent.Executors$RunnableAdapter.call(Executors.java:511)
	at java.util.concurrent.FutureTask.run(FutureTask.java:266)
	at java.util.concurrent.Executors$RunnableAdapter.call(Executors.java:511)
	at java.util.concurrent.FutureTask.run(FutureTask.java:266)
	at java.util.concurrent.ScheduledThreadPoolExecutor$ScheduledFutureTask.access$201(ScheduledThreadPoolExecutor.java:180)
	at java.util.concurrent.ScheduledThreadPoolExecutor$ScheduledFutureTask.run(ScheduledThreadPoolExecutor.java:293)
	at java.util.concurrent.ThreadPoolExecutor.runWorker(ThreadPoolExecutor.java:1149)
	at java.util.concurrent.ThreadPoolExecutor$Worker.run(ThreadPoolExecutor.java:624)
	at java.lang.Thread.run(Thread.java:748)
Caused by: org.rocksdb.RocksDBException: While mkdir if missing: /opt/src/hadoop-ozone/integration-test/target/test-dir/MiniOzoneClusterImpl-3f379463-9810-48df-887f-c222ef37097c/datanode-0/data/containers/hdds/500ceb14-8321-4c8a-b6b3-e488e41f7aab/current/containerDir0/3/metadata/3-dn-container.db: No such file or directory
	at org.rocksdb.RocksDB.open(Native Method)
	at org.rocksdb.RocksDB.open(RocksDB.java:231)
	at org.apache.hadoop.utils.RocksDBStore.<init>(RocksDBStore.java:71)
	... 15 more
2019-06-13 16:25:48,248 WARN  utils.BackgroundService (BackgroundService.java:lambda$run$0(135)) - Background task fails to execute, retrying in next interval
java.util.concurrent.ExecutionException: org.apache.hadoop.hdds.scm.container.common.helpers.StorageContainerException: Error opening DB. Container:3 ContainerPath:/opt/src/hadoop-ozone/integration-test/target/test-dir/MiniOzoneClusterImpl-3f379463-9810-48df-887f-c222ef37097c/datanode-0/data/containers/hdds/500ceb14-8321-4c8a-b6b3-e488e41f7aab/current/containerDir0/3/metadata/3-dn-container.db
	at java.util.concurrent.FutureTask.report(FutureTask.java:122)
	at java.util.concurrent.FutureTask.get(FutureTask.java:206)
	at org.apache.hadoop.utils.BackgroundService$PeriodicalTask.lambda$run$0(BackgroundService.java:129)
	at java.util.stream.ForEachOps$ForEachOp$OfRef.accept(ForEachOps.java:184)
	at java.util.ArrayList$ArrayListSpliterator.forEachRemaining(ArrayList.java:1382)
	at java.util.stream.AbstractPipeline.copyInto(AbstractPipeline.java:482)
	at java.util.stream.ForEachOps$ForEachTask.compute(ForEachOps.java:291)
	at java.util.concurrent.CountedCompleter.exec(CountedCompleter.java:731)
	at java.util.concurrent.ForkJoinTask.doExec(ForkJoinTask.java:289)
	at java.util.concurrent.ForkJoinPool$WorkQueue.pollAndExecCC(ForkJoinPool.java:1190)
	at java.util.concurrent.ForkJoinPool.helpComplete(ForkJoinPool.java:1879)
	at java.util.concurrent.ForkJoinPool.externalHelpComplete(ForkJoinPool.java:2467)
	at java.util.concurrent.ForkJoinTask.externalAwaitDone(ForkJoinTask.java:324)
	at java.util.concurrent.ForkJoinTask.doInvoke(ForkJoinTask.java:405)
	at java.util.concurrent.ForkJoinTask.invoke(ForkJoinTask.java:734)
	at java.util.stream.ForEachOps$ForEachOp.evaluateParallel(ForEachOps.java:160)
	at java.util.stream.ForEachOps$ForEachOp$OfRef.evaluateParallel(ForEachOps.java:174)
	at java.util.stream.AbstractPipeline.evaluate(AbstractPipeline.java:233)
	at java.util.stream.ReferencePipeline.forEach(ReferencePipeline.java:418)
	at java.util.stream.ReferencePipeline$Head.forEach(ReferencePipeline.java:583)
	at org.apache.hadoop.utils.BackgroundService$PeriodicalTask.run(BackgroundService.java:125)
	at java.util.concurrent.Executors$RunnableAdapter.call(Executors.java:511)
	at java.util.concurrent.FutureTask.runAndReset(FutureTask.java:308)
	at java.util.concurrent.ScheduledThreadPoolExecutor$ScheduledFutureTask.access$301(ScheduledThreadPoolExecutor.java:180)
	at java.util.concurrent.ScheduledThreadPoolExecutor$ScheduledFutureTask.run(ScheduledThreadPoolExecutor.java:294)
	at java.util.concurrent.ThreadPoolExecutor.runWorker(ThreadPoolExecutor.java:1149)
	at java.util.concurrent.ThreadPoolExecutor$Worker.run(ThreadPoolExecutor.java:624)
	at java.lang.Thread.run(Thread.java:748)
Caused by: org.apache.hadoop.hdds.scm.container.common.helpers.StorageContainerException: Error opening DB. Container:3 ContainerPath:/opt/src/hadoop-ozone/integration-test/target/test-dir/MiniOzoneClusterImpl-3f379463-9810-48df-887f-c222ef37097c/datanode-0/data/containers/hdds/500ceb14-8321-4c8a-b6b3-e488e41f7aab/current/containerDir0/3/metadata/3-dn-container.db
	at org.apache.hadoop.ozone.container.keyvalue.helpers.BlockUtils.getDB(BlockUtils.java:84)
	at org.apache.hadoop.ozone.container.keyvalue.statemachine.background.BlockDeletingService$BlockDeletingTask.call(BlockDeletingService.java:188)
	at org.apache.hadoop.ozone.container.keyvalue.statemachine.background.BlockDeletingService$BlockDeletingTask.call(BlockDeletingService.java:172)
	at java.util.concurrent.FutureTask.run(FutureTask.java:266)
	at java.util.concurrent.Executors$RunnableAdapter.call(Executors.java:511)
	at java.util.concurrent.FutureTask.run(FutureTask.java:266)
	at java.util.concurrent.Executors$RunnableAdapter.call(Executors.java:511)
	at java.util.concurrent.FutureTask.run(FutureTask.java:266)
	at java.util.concurrent.ScheduledThreadPoolExecutor$ScheduledFutureTask.access$201(ScheduledThreadPoolExecutor.java:180)
	at java.util.concurrent.ScheduledThreadPoolExecutor$ScheduledFutureTask.run(ScheduledThreadPoolExecutor.java:293)
	... 3 more
2019-06-13 16:25:48,248 ERROR utils.ContainerCache (ContainerCache.java:getDB(137)) - Error opening DB. Container:2 ContainerPath:/opt/src/hadoop-ozone/integration-test/target/test-dir/MiniOzoneClusterImpl-3f379463-9810-48df-887f-c222ef37097c/datanode-0/data/containers/hdds/500ceb14-8321-4c8a-b6b3-e488e41f7aab/current/containerDir0/2/metadata/2-dn-container.db
java.io.IOException: Failed init RocksDB, db path : /opt/src/hadoop-ozone/integration-test/target/test-dir/MiniOzoneClusterImpl-3f379463-9810-48df-887f-c222ef37097c/datanode-0/data/containers/hdds/500ceb14-8321-4c8a-b6b3-e488e41f7aab/current/containerDir0/2/metadata/2-dn-container.db
	at org.apache.hadoop.utils.RocksDBStore.<init>(RocksDBStore.java:87)
	at org.apache.hadoop.utils.MetadataStoreBuilder.build(MetadataStoreBuilder.java:137)
	at org.apache.hadoop.ozone.container.common.utils.ContainerCache.getDB(ContainerCache.java:129)
	at org.apache.hadoop.ozone.container.keyvalue.helpers.BlockUtils.getDB(BlockUtils.java:77)
	at org.apache.hadoop.ozone.container.keyvalue.statemachine.background.BlockDeletingService$BlockDeletingTask.call(BlockDeletingService.java:188)
	at org.apache.hadoop.ozone.container.keyvalue.statemachine.background.BlockDeletingService$BlockDeletingTask.call(BlockDeletingService.java:172)
	at java.util.concurrent.FutureTask.run(FutureTask.java:266)
	at java.util.concurrent.Executors$RunnableAdapter.call(Executors.java:511)
	at java.util.concurrent.FutureTask.run(FutureTask.java:266)
	at java.util.concurrent.Executors$RunnableAdapter.call(Executors.java:511)
	at java.util.concurrent.FutureTask.run(FutureTask.java:266)
	at java.util.concurrent.ScheduledThreadPoolExecutor$ScheduledFutureTask.access$201(ScheduledThreadPoolExecutor.java:180)
	at java.util.concurrent.ScheduledThreadPoolExecutor$ScheduledFutureTask.run(ScheduledThreadPoolExecutor.java:293)
	at java.util.concurrent.ThreadPoolExecutor.runWorker(ThreadPoolExecutor.java:1149)
	at java.util.concurrent.ThreadPoolExecutor$Worker.run(ThreadPoolExecutor.java:624)
	at java.lang.Thread.run(Thread.java:748)
Caused by: org.rocksdb.RocksDBException: While mkdir if missing: /opt/src/hadoop-ozone/integration-test/target/test-dir/MiniOzoneClusterImpl-3f379463-9810-48df-887f-c222ef37097c/datanode-0/data/containers/hdds/500ceb14-8321-4c8a-b6b3-e488e41f7aab/current/containerDir0/2/metadata/2-dn-container.db: No such file or directory
	at org.rocksdb.RocksDB.open(Native Method)
	at org.rocksdb.RocksDB.open(RocksDB.java:231)
	at org.apache.hadoop.utils.RocksDBStore.<init>(RocksDBStore.java:71)
	... 15 more
2019-06-13 16:25:48,249 WARN  utils.BackgroundService (BackgroundService.java:lambda$run$0(135)) - Background task fails to execute, retrying in next interval
java.util.concurrent.ExecutionException: org.apache.hadoop.hdds.scm.container.common.helpers.StorageContainerException: Error opening DB. Container:2 ContainerPath:/opt/src/hadoop-ozone/integration-test/target/test-dir/MiniOzoneClusterImpl-3f379463-9810-48df-887f-c222ef37097c/datanode-0/data/containers/hdds/500ceb14-8321-4c8a-b6b3-e488e41f7aab/current/containerDir0/2/metadata/2-dn-container.db
	at java.util.concurrent.FutureTask.report(FutureTask.java:122)
	at java.util.concurrent.FutureTask.get(FutureTask.java:206)
	at org.apache.hadoop.utils.BackgroundService$PeriodicalTask.lambda$run$0(BackgroundService.java:129)
	at java.util.stream.ForEachOps$ForEachOp$OfRef.accept(ForEachOps.java:184)
	at java.util.ArrayList$ArrayListSpliterator.forEachRemaining(ArrayList.java:1382)
	at java.util.stream.AbstractPipeline.copyInto(AbstractPipeline.java:482)
	at java.util.stream.ForEachOps$ForEachTask.compute(ForEachOps.java:291)
	at java.util.concurrent.CountedCompleter.exec(CountedCompleter.java:731)
	at java.util.concurrent.ForkJoinTask.doExec(ForkJoinTask.java:289)
	at java.util.concurrent.ForkJoinPool$WorkQueue.runTask(ForkJoinPool.java:1056)
	at java.util.concurrent.ForkJoinPool.runWorker(ForkJoinPool.java:1692)
	at java.util.concurrent.ForkJoinWorkerThread.run(ForkJoinWorkerThread.java:157)
Caused by: org.apache.hadoop.hdds.scm.container.common.helpers.StorageContainerException: Error opening DB. Container:2 ContainerPath:/opt/src/hadoop-ozone/integration-test/target/test-dir/MiniOzoneClusterImpl-3f379463-9810-48df-887f-c222ef37097c/datanode-0/data/containers/hdds/500ceb14-8321-4c8a-b6b3-e488e41f7aab/current/containerDir0/2/metadata/2-dn-container.db
	at org.apache.hadoop.ozone.container.keyvalue.helpers.BlockUtils.getDB(BlockUtils.java:84)
	at org.apache.hadoop.ozone.container.keyvalue.statemachine.background.BlockDeletingService$BlockDeletingTask.call(BlockDeletingService.java:188)
	at org.apache.hadoop.ozone.container.keyvalue.statemachine.background.BlockDeletingService$BlockDeletingTask.call(BlockDeletingService.java:172)
	at java.util.concurrent.FutureTask.run(FutureTask.java:266)
	at java.util.concurrent.Executors$RunnableAdapter.call(Executors.java:511)
	at java.util.concurrent.FutureTask.run(FutureTask.java:266)
	at java.util.concurrent.Executors$RunnableAdapter.call(Executors.java:511)
	at java.util.concurrent.FutureTask.run(FutureTask.java:266)
	at java.util.concurrent.ScheduledThreadPoolExecutor$ScheduledFutureTask.access$201(ScheduledThreadPoolExecutor.java:180)
	at java.util.concurrent.ScheduledThreadPoolExecutor$ScheduledFutureTask.run(ScheduledThreadPoolExecutor.java:293)
	at java.util.concurrent.ThreadPoolExecutor.runWorker(ThreadPoolExecutor.java:1149)
	at java.util.concurrent.ThreadPoolExecutor$Worker.run(ThreadPoolExecutor.java:624)
	at java.lang.Thread.run(Thread.java:748)
2019-06-13 16:25:48,520 INFO  node.SCMNodeManager (SCMNodeManager.java:register(234)) - Registered Data node : 9dedfd75-4784-4b6e-b61b-92bafad14376{ip: 192.168.11.208, host: ozone-z9zf6-1652263048, networkLocation: /default-rack, certSerialId: null}
2019-06-13 16:25:48,520 INFO  ozone.MiniOzoneClusterImpl (MiniOzoneClusterImpl.java:lambda$waitForClusterToBeReady$0(142)) - Cluster is ready. Got 1 of 1 DN Heartbeats.
16:25:48.522 [Thread-719] ERROR SCMAudit - user=null | ip=null | op=DELETE_CONTAINER {remoteUser=adminUser2, containerID=1560443148521} | ret=FAILURE
org.apache.hadoop.hdds.scm.exceptions.SCMException: Failed to delete container #1560443148521, reason : container doesn't exist.
	at org.apache.hadoop.hdds.scm.container.SCMContainerManager.deleteContainer(SCMContainerManager.java:290) ~[hadoop-hdds-server-scm-0.5.0-SNAPSHOT.jar:?]
	at org.apache.hadoop.hdds.scm.server.SCMClientProtocolServer.deleteContainer(SCMClientProtocolServer.java:327) [hadoop-hdds-server-scm-0.5.0-SNAPSHOT.jar:?]
	at org.apache.hadoop.hdds.scm.server.SCMClientProtocolServer$$EnhancerByMockitoWithCGLIB$$7e069451.CGLIB$deleteContainer$2(<generated>) [mockito-all-1.8.5.jar:?]
	at org.apache.hadoop.hdds.scm.server.SCMClientProtocolServer$$EnhancerByMockitoWithCGLIB$$7e069451$$FastClassByMockitoWithCGLIB$$ce5160e0.invoke(<generated>) [mockito-all-1.8.5.jar:?]
	at org.mockito.cglib.proxy.MethodProxy.invokeSuper(MethodProxy.java:216) [mockito-all-1.8.5.jar:?]
	at org.mockito.internal.creation.AbstractMockitoMethodProxy.invokeSuper(AbstractMockitoMethodProxy.java:10) [mockito-all-1.8.5.jar:?]
	at org.mockito.internal.invocation.realmethod.CGLIBProxyRealMethod.invoke(CGLIBProxyRealMethod.java:22) [mockito-all-1.8.5.jar:?]
	at org.mockito.internal.invocation.realmethod.FilteredCGLIBProxyRealMethod.invoke(FilteredCGLIBProxyRealMethod.java:27) [mockito-all-1.8.5.jar:?]
	at org.mockito.internal.invocation.Invocation.callRealMethod(Invocation.java:211) [mockito-all-1.8.5.jar:?]
	at org.mockito.internal.stubbing.answers.CallsRealMethods.answer(CallsRealMethods.java:36) [mockito-all-1.8.5.jar:?]
	at org.mockito.internal.MockHandler.handle(MockHandler.java:99) [mockito-all-1.8.5.jar:?]
	at org.mockito.internal.creation.MethodInterceptorFilter.intercept(MethodInterceptorFilter.java:47) [mockito-all-1.8.5.jar:?]
	at org.apache.hadoop.hdds.scm.server.SCMClientProtocolServer$$EnhancerByMockitoWithCGLIB$$7e069451.deleteContainer(<generated>) [mockito-all-1.8.5.jar:?]
	at org.apache.hadoop.ozone.TestStorageContainerManager.testRpcPermissionWithConf(TestStorageContainerManager.java:147) [test-classes/:?]
	at org.apache.hadoop.ozone.TestStorageContainerManager.testRpcPermission(TestStorageContainerManager.java:131) [test-classes/:?]
	at sun.reflect.NativeMethodAccessorImpl.invoke0(Native Method) ~[?:1.8.0_212]
	at sun.reflect.NativeMethodAccessorImpl.invoke(NativeMethodAccessorImpl.java:62) ~[?:1.8.0_212]
	at sun.reflect.DelegatingMethodAccessorImpl.invoke(DelegatingMethodAccessorImpl.java:43) ~[?:1.8.0_212]
	at java.lang.reflect.Method.invoke(Method.java:498) ~[?:1.8.0_212]
	at org.junit.runners.model.FrameworkMethod$1.runReflectiveCall(FrameworkMethod.java:47) [junit-4.11.jar:?]
	at org.junit.internal.runners.model.ReflectiveCallable.run(ReflectiveCallable.java:12) [junit-4.11.jar:?]
	at org.junit.runners.model.FrameworkMethod.invokeExplosively(FrameworkMethod.java:44) [junit-4.11.jar:?]
	at org.junit.internal.runners.statements.InvokeMethod.evaluate(InvokeMethod.java:17) [junit-4.11.jar:?]
	at org.junit.internal.runners.statements.FailOnTimeout$StatementThread.run(FailOnTimeout.java:74) [junit-4.11.jar:?]
2019-06-13 16:25:48,526 INFO  ozone.MiniOzoneClusterImpl (MiniOzoneClusterImpl.java:shutdown(321)) - Shutting down the Mini Ozone Cluster
2019-06-13 16:25:48,526 INFO  ozone.MiniOzoneClusterImpl (MiniOzoneClusterImpl.java:stop(336)) - Stopping the Mini Ozone Cluster
2019-06-13 16:25:48,526 INFO  ozone.MiniOzoneClusterImpl (MiniOzoneClusterImpl.java:stop(338)) - Stopping the OzoneManager
2019-06-13 16:25:48,526 INFO  ipc.Server (Server.java:stop(3082)) - Stopping server on 38081
2019-06-13 16:25:48,527 INFO  safemode.SCMSafeModeManager (DataNodeSafeModeRule.java:process(71)) - SCM in safe mode. 1 DataNodes registered, 1 required.
2019-06-13 16:25:48,528 INFO  ipc.Server (Server.java:run(1185)) - Stopping IPC Server listener on 38081
2019-06-13 16:25:48,537 INFO  safemode.SCMSafeModeManager (SCMSafeModeManager.java:validateSafeModeExitRules(177)) - ScmSafeModeManager, all rules are successfully validated
2019-06-13 16:25:48,537 INFO  safemode.SCMSafeModeManager (SCMSafeModeManager.java:exitSafeMode(193)) - SCM exiting safe mode.
2019-06-13 16:25:48,537 INFO  ipc.Server (Server.java:run(1319)) - Stopping IPC Server Responder
2019-06-13 16:25:48,541 INFO  utils.BackgroundService (BackgroundService.java:shutdown(148)) - Shutting down service KeyDeletingService
2019-06-13 16:25:48,542 INFO  handler.ContextHandler (ContextHandler.java:doStop(910)) - Stopped o.e.j.w.WebAppContext@3e56bc03{/,null,UNAVAILABLE}{/ozoneManager}
2019-06-13 16:25:48,543 INFO  server.AbstractConnector (AbstractConnector.java:doStop(318)) - Stopped ServerConnector@7d3b8c04{HTTP/1.1,[http/1.1]}{0.0.0.0:0}
2019-06-13 16:25:48,543 INFO  handler.ContextHandler (ContextHandler.java:doStop(910)) - Stopped o.e.j.s.ServletContextHandler@68c42d28{/static,file:///opt/src/hadoop-ozone/integration-test/target/test-classes/webapps/static,UNAVAILABLE}
2019-06-13 16:25:48,543 INFO  handler.ContextHandler (ContextHandler.java:doStop(910)) - Stopped o.e.j.s.ServletContextHandler@101b3aad{/logs,file:///opt/src/hadoop-ozone/integration-test/target/log,UNAVAILABLE}
2019-06-13 16:25:48,546 INFO  impl.RaftServerProxy (RaftServerProxy.java:addNew(89)) - 9dedfd75-4784-4b6e-b61b-92bafad14376: addNew group-9608609DF1F7:[9dedfd75-4784-4b6e-b61b-92bafad14376:192.168.11.208:35699] returns group-9608609DF1F7:java.util.concurrent.CompletableFuture@3254a923[Not completed]
2019-06-13 16:25:48,547 INFO  impl.RaftServerImpl (RaftServerImpl.java:<init>(91)) - 9dedfd75-4784-4b6e-b61b-92bafad14376: new RaftServerImpl for group-9608609DF1F7:[9dedfd75-4784-4b6e-b61b-92bafad14376:192.168.11.208:35699] with ContainerStateMachine:uninitialized
2019-06-13 16:25:48,547 INFO  server.RaftServerConfigKeys (ConfUtils.java:logGet(43)) - raft.server.rpc.timeout.min = 1s (custom)
2019-06-13 16:25:48,547 INFO  ozone.MiniOzoneClusterImpl (MiniOzoneClusterImpl.java:stop(344)) - Stopping the StorageContainerManager
2019-06-13 16:25:48,547 INFO  server.StorageContainerManager (StorageContainerManager.java:stop(789)) - Stopping Replication Manager Service.
2019-06-13 16:25:48,547 INFO  container.ReplicationManager (ReplicationManager.java:stop(191)) - Replication Monitor Thread is not running.
2019-06-13 16:25:48,547 INFO  server.StorageContainerManager (StorageContainerManager.java:stop(796)) - Stopping Lease Manager of the command watchers
2019-06-13 16:25:48,547 INFO  server.StorageContainerManager (StorageContainerManager.java:stop(803)) - Stopping datanode service RPC server
2019-06-13 16:25:48,547 INFO  server.SCMDatanodeProtocolServer (SCMDatanodeProtocolServer.java:stop(373)) - Stopping the RPC server for DataNodes
2019-06-13 16:25:48,548 INFO  ipc.Server (Server.java:stop(3082)) - Stopping server on 39153
2019-06-13 16:25:48,547 INFO  server.RaftServerConfigKeys (ConfUtils.java:logGet(43)) - raft.server.rpc.timeout.max = 1200ms (custom)
2019-06-13 16:25:48,548 INFO  server.RaftServerConfigKeys (ConfUtils.java:logGet(43)) - raft.server.rpcslowness.timeout = 120s (custom)
2019-06-13 16:25:48,548 INFO  server.RaftServerConfigKeys (ConfUtils.java:logGet(43)) - raft.server.log.appender.install.snapshot.enabled = true (default)
2019-06-13 16:25:48,548 INFO  impl.RaftServerImpl (ServerState.java:<init>(101)) - 9dedfd75-4784-4b6e-b61b-92bafad14376:group-9608609DF1F7 ConfigurationManager, init=-1: [9dedfd75-4784-4b6e-b61b-92bafad14376:192.168.11.208:35699], old=null, confs=<EMPTY_MAP>
2019-06-13 16:25:48,548 INFO  server.RaftServerConfigKeys (ConfUtils.java:logGet(43)) - raft.server.storage.dir = [/opt/src/hadoop-ozone/integration-test/target/test-dir/MiniOzoneClusterImpl-c52a82f8-0bac-4b8b-a4e0-97fad48fa429/datanode-0/data/ratis] (custom)
2019-06-13 16:25:48,548 INFO  storage.RaftStorageDirectory (RaftStorageDirectory.java:analyzeStorage(246)) - The storage directory /opt/src/hadoop-ozone/integration-test/target/test-dir/MiniOzoneClusterImpl-c52a82f8-0bac-4b8b-a4e0-97fad48fa429/datanode-0/data/ratis/0a0413d3-23b2-4c75-b86b-9608609df1f7 does not exist. Creating ...
2019-06-13 16:25:48,549 INFO  ipc.Server (Server.java:run(1185)) - Stopping IPC Server listener on 39153
2019-06-13 16:25:48,551 INFO  storage.RaftStorageDirectory (RaftStorageDirectory.java:tryLock(328)) - Lock on /opt/src/hadoop-ozone/integration-test/target/test-dir/MiniOzoneClusterImpl-c52a82f8-0bac-4b8b-a4e0-97fad48fa429/datanode-0/data/ratis/0a0413d3-23b2-4c75-b86b-9608609df1f7/in_use.lock acquired by nodename 16239@ozone-z9zf6-1652263048
2019-06-13 16:25:48,552 INFO  ipc.Server (Server.java:run(1319)) - Stopping IPC Server Responder
2019-06-13 16:25:48,552 INFO  server.StorageContainerManager (StorageContainerManager.java:stop(811)) - Stopping block service RPC server
2019-06-13 16:25:48,552 INFO  server.SCMBlockProtocolServer (SCMBlockProtocolServer.java:stop(145)) - Stopping the RPC server for Block Protocol
2019-06-13 16:25:48,552 INFO  ipc.Server (Server.java:stop(3082)) - Stopping server on 43023
2019-06-13 16:25:48,554 INFO  storage.RaftStorage (RaftStorage.java:format(75)) - Storage directory /opt/src/hadoop-ozone/integration-test/target/test-dir/MiniOzoneClusterImpl-c52a82f8-0bac-4b8b-a4e0-97fad48fa429/datanode-0/data/ratis/0a0413d3-23b2-4c75-b86b-9608609df1f7 has been successfully formatted.
2019-06-13 16:25:48,554 INFO  ipc.Server (Server.java:run(1185)) - Stopping IPC Server listener on 43023
2019-06-13 16:25:48,554 INFO  server.StorageContainerManager (StorageContainerManager.java:stop(818)) - Stopping the StorageContainerLocationProtocol RPC server
2019-06-13 16:25:48,554 INFO  ipc.Server (Server.java:run(1319)) - Stopping IPC Server Responder
2019-06-13 16:25:48,554 INFO  ratis.ContainerStateMachine (ContainerStateMachine.java:loadSnapshot(199)) - The snapshot info is null.Setting the last applied index to:(t:0, i:~)
2019-06-13 16:25:48,554 INFO  server.SCMClientProtocolServer (SCMClientProtocolServer.java:stop(157)) - Stopping the RPC server for Client Protocol
2019-06-13 16:25:48,554 INFO  ipc.Server (Server.java:stop(3082)) - Stopping server on 38501
2019-06-13 16:25:48,554 INFO  server.RaftServerConfigKeys (ConfUtils.java:logGet(43)) - raft.server.leader.election.timeout = 120s (custom)
2019-06-13 16:25:48,554 INFO  server.RaftServerConfigKeys (ConfUtils.java:logGet(43)) - raft.server.log.use.memory = false (default)
2019-06-13 16:25:48,556 INFO  ipc.Server (Server.java:run(1185)) - Stopping IPC Server listener on 38501
2019-06-13 16:25:48,556 INFO  server.StorageContainerManager (StorageContainerManager.java:stop(825)) - Stopping Storage Container Manager HTTP server.
2019-06-13 16:25:48,556 INFO  ipc.Server (Server.java:run(1319)) - Stopping IPC Server Responder
2019-06-13 16:25:48,557 INFO  handler.ContextHandler (ContextHandler.java:doStop(910)) - Stopped o.e.j.w.WebAppContext@4d84cd0a{/,null,UNAVAILABLE}{/scm}
2019-06-13 16:25:48,557 INFO  server.AbstractConnector (AbstractConnector.java:doStop(318)) - Stopped ServerConnector@7d89db52{HTTP/1.1,[http/1.1]}{0.0.0.0:0}
2019-06-13 16:25:48,558 INFO  handler.ContextHandler (ContextHandler.java:doStop(910)) - Stopped o.e.j.s.ServletContextHandler@34301879{/static,file:///opt/src/hadoop-ozone/integration-test/target/test-classes/webapps/static,UNAVAILABLE}
2019-06-13 16:25:48,558 INFO  handler.ContextHandler (ContextHandler.java:doStop(910)) - Stopped o.e.j.s.ServletContextHandler@2bdc0df1{/logs,file:///opt/src/hadoop-ozone/integration-test/target/log,UNAVAILABLE}
2019-06-13 16:25:48,558 INFO  server.StorageContainerManager (StorageContainerManager.java:stop(836)) - Stopping Block Manager Service.
2019-06-13 16:25:48,558 INFO  utils.BackgroundService (BackgroundService.java:shutdown(148)) - Shutting down service SCMBlockDeletingService
2019-06-13 16:25:48,559 INFO  server.RaftServerConfigKeys (ConfUtils.java:logGet(43)) - raft.server.log.appender.buffer.byte-limit = 33554432 (custom)
2019-06-13 16:25:48,559 INFO  utils.BackgroundService (BackgroundService.java:shutdown(148)) - Shutting down service SCMBlockDeletingService
2019-06-13 16:25:48,559 INFO  server.RaftServerConfigKeys (ConfUtils.java:logGet(43)) - raft.server.log.segment.size.max = 16384 (custom)
2019-06-13 16:25:48,559 INFO  server.StorageContainerManager (StorageContainerManager.java:stop(858)) - Stopping SCM Event Queue.
2019-06-13 16:25:48,559 INFO  server.RaftServerConfigKeys (ConfUtils.java:logGet(43)) - raft.server.log.segment.cache.num.max = 2 (custom)
2019-06-13 16:25:48,559 INFO  storage.RaftLogWorker (RaftLogWorker.java:<init>(123)) - new 9dedfd75-4784-4b6e-b61b-92bafad14376-RaftLogWorker for Storage Directory /opt/src/hadoop-ozone/integration-test/target/test-dir/MiniOzoneClusterImpl-c52a82f8-0bac-4b8b-a4e0-97fad48fa429/datanode-0/data/ratis/0a0413d3-23b2-4c75-b86b-9608609df1f7
2019-06-13 16:25:48,559 INFO  server.RaftServerConfigKeys (ConfUtils.java:logGet(43)) - raft.server.log.queue.byte-limit = 2147483647 (custom)
2019-06-13 16:25:48,559 INFO  server.RaftServerConfigKeys (ConfUtils.java:logGet(43)) - raft.server.log.queue.element-limit = 1024 (custom)
2019-06-13 16:25:48,560 INFO  server.RaftServerConfigKeys (ConfUtils.java:logGet(43)) - raft.server.log.segment.size.max = 16384 (custom)
2019-06-13 16:25:48,561 INFO  server.RaftServerConfigKeys (ConfUtils.java:logGet(43)) - raft.server.log.preallocated.size = 16384 (custom)
2019-06-13 16:25:48,561 INFO  server.RaftServerConfigKeys (ConfUtils.java:logGet(43)) - raft.server.log.write.buffer.size = 33554432 (custom)
2019-06-13 16:25:48,561 INFO  server.RaftServerConfigKeys (ConfUtils.java:logGet(43)) - raft.server.log.force.sync.num = 128 (default)
2019-06-13 16:25:48,561 INFO  server.RaftServerConfigKeys (ConfUtils.java:logGet(43)) - raft.server.log.statemachine.data.sync = true (default)
2019-06-13 16:25:48,561 INFO  server.RaftServerConfigKeys (ConfUtils.java:logGet(43)) - raft.server.log.statemachine.data.sync.timeout = 10s (default)
2019-06-13 16:25:48,561 INFO  server.RaftServerConfigKeys (ConfUtils.java:logGet(43)) - raft.server.log.statemachine.data.sync.timeout.retry = -1 (default)
2019-06-13 16:25:48,561 INFO  server.RaftServerConfigKeys (ConfUtils.java:logGet(43)) - raft.server.log.statemachine.data.caching.enabled = true (custom)
2019-06-13 16:25:48,561 INFO  server.RaftServerConfigKeys (ConfUtils.java:logGet(43)) - raft.server.snapshot.auto.trigger.enabled = true (custom)
2019-06-13 16:25:48,561 INFO  server.RaftServerConfigKeys (ConfUtils.java:logGet(43)) - raft.server.snapshot.auto.trigger.threshold = 10000 (custom)
2019-06-13 16:25:48,562 INFO  server.RaftServerConfigKeys (ConfUtils.java:logGet(43)) - raft.server.retrycache.expirytime = 600000ms (custom)
2019-06-13 16:25:48,562 INFO  impl.RaftServerImpl (RaftServerImpl.java:start(173)) - 9dedfd75-4784-4b6e-b61b-92bafad14376: start group-9608609DF1F7
2019-06-13 16:25:48,562 INFO  impl.RaftServerImpl (RaftServerImpl.java:setRole(164)) - 9dedfd75-4784-4b6e-b61b-92bafad14376:group-9608609DF1F7 changes role from null to FOLLOWER at term 0 for startAsFollower
2019-06-13 16:25:48,562 INFO  impl.RoleInfo (RoleInfo.java:updateAndGet(143)) - 9dedfd75-4784-4b6e-b61b-92bafad14376: start FollowerState
2019-06-13 16:25:48,563 INFO  util.JmxRegister (JmxRegister.java:tryRegister(44)) - Successfully registered JMX Bean with object name Ratis:service=RaftServer,group=group-9608609DF1F7,id=9dedfd75-4784-4b6e-b61b-92bafad14376
2019-06-13 16:25:48,568 ERROR pipeline.RatisPipelineProvider (RatisPipelineProvider.java:lambda$initializePipeline$4(198)) - Pipeline initialization failed for pipeline:PipelineID=0a0413d3-23b2-4c75-b86b-9608609df1f7 node:9dedfd75-4784-4b6e-b61b-92bafad14376
2019-06-13 16:25:48,568 ERROR pipeline.RatisPipelineProvider (RatisPipelineProvider.java:lambda$null$5(235)) - Failed invoke Ratis rpc org.apache.hadoop.hdds.scm.pipeline.RatisPipelineProvider$$Lambda$167/1270826849@5d903df1 for 9dedfd75-4784-4b6e-b61b-92bafad14376
java.io.IOException: Pipeline initialization failed for pipeline:PipelineID=0a0413d3-23b2-4c75-b86b-9608609df1f7 node:9dedfd75-4784-4b6e-b61b-92bafad14376
	at org.apache.hadoop.hdds.scm.pipeline.RatisPipelineProvider.lambda$initializePipeline$4(RatisPipelineProvider.java:199)
	at org.apache.hadoop.hdds.scm.pipeline.RatisPipelineProvider.lambda$null$5(RatisPipelineProvider.java:231)
	at java.util.stream.ForEachOps$ForEachOp$OfRef.accept(ForEachOps.java:184)
	at java.util.ArrayList$ArrayListSpliterator.forEachRemaining(ArrayList.java:1382)
	at java.util.stream.AbstractPipeline.copyInto(AbstractPipeline.java:482)
	at java.util.stream.ForEachOps$ForEachTask.compute(ForEachOps.java:291)
	at java.util.concurrent.CountedCompleter.exec(CountedCompleter.java:731)
	at java.util.concurrent.ForkJoinTask.doExec(ForkJoinTask.java:289)
	at java.util.concurrent.ForkJoinTask.doInvoke(ForkJoinTask.java:401)
	at java.util.concurrent.ForkJoinTask.invoke(ForkJoinTask.java:734)
	at java.util.stream.ForEachOps$ForEachOp.evaluateParallel(ForEachOps.java:160)
	at java.util.stream.ForEachOps$ForEachOp$OfRef.evaluateParallel(ForEachOps.java:174)
	at java.util.stream.AbstractPipeline.evaluate(AbstractPipeline.java:233)
	at java.util.stream.ReferencePipeline.forEach(ReferencePipeline.java:418)
	at java.util.stream.ReferencePipeline$Head.forEach(ReferencePipeline.java:583)
	at org.apache.hadoop.hdds.scm.pipeline.RatisPipelineProvider.lambda$callRatisRpc$6(RatisPipelineProvider.java:225)
	at java.util.concurrent.ForkJoinTask$AdaptedRunnableAction.exec(ForkJoinTask.java:1386)
	at java.util.concurrent.ForkJoinTask.doExec(ForkJoinTask.java:289)
	at java.util.concurrent.ForkJoinPool$WorkQueue.runTask(ForkJoinPool.java:1056)
	at java.util.concurrent.ForkJoinPool.runWorker(ForkJoinPool.java:1692)
	at java.util.concurrent.ForkJoinWorkerThread.run(ForkJoinWorkerThread.java:157)
2019-06-13 16:25:48,570 INFO  ozone.MiniOzoneClusterImpl (MiniOzoneClusterImpl.java:stop(350)) - Shutting the HddsDatanodes
2019-06-13 16:25:48,570 INFO  datanode.ObjectStoreHandler (ObjectStoreHandler.java:close(155)) - Closing ObjectStoreHandler.
2019-06-13 16:25:48,570 INFO  ozone.HddsDatanodeService (HddsDatanodeService.java:stop(452)) - Stopped plug-in org.apache.hadoop.ozone.web.OzoneHddsDatanodeService@11288ae2
2019-06-13 16:25:48,570 INFO  statemachine.DatanodeStateMachine (DatanodeStateMachine.java:lambda$startDaemon$0(350)) - Ozone container server started.
2019-06-13 16:25:48,570 INFO  ozoneimpl.OzoneContainer (OzoneContainer.java:stop(199)) - Attempting to stop container services.
2019-06-13 16:25:48,570 INFO  impl.RaftServerProxy (RaftServerProxy.java:lambda$close$4(314)) - 9dedfd75-4784-4b6e-b61b-92bafad14376: close
2019-06-13 16:25:48,571 INFO  impl.RaftServerImpl (RaftServerImpl.java:lambda$shutdown$3(238)) - 9dedfd75-4784-4b6e-b61b-92bafad14376: shutdown group-9608609DF1F7
2019-06-13 16:25:48,571 INFO  util.JmxRegister (JmxRegister.java:unregister(73)) - Successfully un-registered JMX Bean with object name Ratis:service=RaftServer,group=group-9608609DF1F7,id=9dedfd75-4784-4b6e-b61b-92bafad14376
2019-06-13 16:25:48,571 INFO  impl.RoleInfo (RoleInfo.java:shutdownFollowerState(121)) - 9dedfd75-4784-4b6e-b61b-92bafad14376: shutdown FollowerState
2019-06-13 16:25:48,571 INFO  impl.StateMachineUpdater (StateMachineUpdater.java:stopAndJoin(109)) - StateMachineUpdater-9dedfd75-4784-4b6e-b61b-92bafad14376-group-9608609DF1F7: set stopIndex = -1
2019-06-13 16:25:48,571 INFO  ratis.ContainerStateMachine (ContainerStateMachine.java:takeSnapshot(245)) - Taking snapshot at termIndex:(t:0, i:~)
2019-06-13 16:25:48,571 INFO  impl.FollowerState (FollowerState.java:run(109)) - 9dedfd75-4784-4b6e-b61b-92bafad14376: FollowerState was interrupted: java.lang.InterruptedException: sleep interrupted
2019-06-13 16:25:48,572 INFO  impl.RaftServerImpl (ServerState.java:close(394)) - 9dedfd75-4784-4b6e-b61b-92bafad14376:group-9608609DF1F7 closes. The last applied log index is -1
2019-06-13 16:25:48,573 INFO  storage.RaftLogWorker (RaftLogWorker.java:run(236)) - 9dedfd75-4784-4b6e-b61b-92bafad14376-RaftLogWorker was interrupted, exiting. There are 0 tasks remaining in the queue.
2019-06-13 16:25:48,573 INFO  storage.RaftLogWorker (RaftLogWorker.java:close(168)) - 9dedfd75-4784-4b6e-b61b-92bafad14376-RaftLogWorker close()
2019-06-13 16:25:48,574 INFO  server.GrpcService (GrpcService.java:closeImpl(154)) - 9dedfd75-4784-4b6e-b61b-92bafad14376: shutdown server with port 35699 now
2019-06-13 16:25:48,575 INFO  server.GrpcService (GrpcService.java:closeImpl(162)) - 9dedfd75-4784-4b6e-b61b-92bafad14376: shutdown server with port 35699 successfully
2019-06-13 16:25:48,577 WARN  fs.CachingGetSpaceUsed (CachingGetSpaceUsed.java:run(183)) - Thread Interrupted waiting to refresh disk information: sleep interrupted
2019-06-13 16:25:48,586 INFO  statemachine.DatanodeStateMachine (DatanodeStateMachine.java:stopDaemon(395)) - Ozone container server stopped.
2019-06-13 16:25:48,586 INFO  handler.ContextHandler (ContextHandler.java:doStop(910)) - Stopped o.e.j.w.WebAppContext@3a337481{/,null,UNAVAILABLE}{/hddsDatanode}
2019-06-13 16:25:48,587 INFO  server.AbstractConnector (AbstractConnector.java:doStop(318)) - Stopped ServerConnector@213ce71a{HTTP/1.1,[http/1.1]}{0.0.0.0:0}
2019-06-13 16:25:48,587 INFO  handler.ContextHandler (ContextHandler.java:doStop(910)) - Stopped o.e.j.s.ServletContextHandler@70f90a6c{/static,jar:file:/root/.m2/repository/org/apache/hadoop/hadoop-hdds-container-service/0.5.0-SNAPSHOT/hadoop-hdds-container-service-0.5.0-SNAPSHOT.jar!/webapps/static,UNAVAILABLE}
2019-06-13 16:25:48,587 INFO  handler.ContextHandler (ContextHandler.java:doStop(910)) - Stopped o.e.j.s.ServletContextHandler@1d4adc6b{/logs,file:///opt/src/hadoop-ozone/integration-test/target/log,UNAVAILABLE}
]]></system-out>
    <system-err><![CDATA[Jun 13, 2019 4:25:33 PM com.sun.jersey.server.impl.application.WebApplicationImpl _initiate
INFO: Initiating Jersey application, version 'Jersey: 1.19 02/11/2015 03:25 AM'
Jun 13, 2019 4:25:38 PM com.sun.jersey.server.impl.application.WebApplicationImpl _initiate
INFO: Initiating Jersey application, version 'Jersey: 1.19 02/11/2015 03:25 AM'
Jun 13, 2019 4:25:43 PM org.apache.ratis.thirdparty.io.grpc.internal.ManagedChannelOrphanWrapper$ManagedChannelReference cleanQueue
SEVERE: *~*~*~ Channel ManagedChannelImpl{logId=55, target=192.168.11.208:43437} was not shutdown properly!!! ~*~*~*
    Make sure to call shutdown()/shutdownNow() and wait until awaitTermination() returns true.
java.lang.RuntimeException: ManagedChannel allocation site
	at org.apache.ratis.thirdparty.io.grpc.internal.ManagedChannelOrphanWrapper$ManagedChannelReference.<init>(ManagedChannelOrphanWrapper.java:103)
	at org.apache.ratis.thirdparty.io.grpc.internal.ManagedChannelOrphanWrapper.<init>(ManagedChannelOrphanWrapper.java:53)
	at org.apache.ratis.thirdparty.io.grpc.internal.ManagedChannelOrphanWrapper.<init>(ManagedChannelOrphanWrapper.java:44)
	at org.apache.ratis.thirdparty.io.grpc.internal.AbstractManagedChannelImplBuilder.build(AbstractManagedChannelImplBuilder.java:411)
	at org.apache.hadoop.hdds.scm.XceiverClientGrpc.connectToDatanode(XceiverClientGrpc.java:163)
	at org.apache.hadoop.hdds.scm.XceiverClientGrpc.reconnect(XceiverClientGrpc.java:398)
	at org.apache.hadoop.hdds.scm.XceiverClientGrpc.sendCommandAsync(XceiverClientGrpc.java:349)
	at org.apache.hadoop.hdds.scm.XceiverClientGrpc.sendCommandAsync(XceiverClientGrpc.java:324)
	at org.apache.hadoop.hdds.scm.storage.ContainerProtocolCalls.writeChunkAsync(ContainerProtocolCalls.java:310)
	at org.apache.hadoop.hdds.scm.storage.BlockOutputStream.writeChunkToContainer(BlockOutputStream.java:609)
	at org.apache.hadoop.hdds.scm.storage.BlockOutputStream.writeChunk(BlockOutputStream.java:466)
	at org.apache.hadoop.hdds.scm.storage.BlockOutputStream.handleFlush(BlockOutputStream.java:477)
	at org.apache.hadoop.hdds.scm.storage.BlockOutputStream.close(BlockOutputStream.java:500)
	at org.apache.hadoop.ozone.client.io.BlockOutputStreamEntry.close(BlockOutputStreamEntry.java:143)
	at org.apache.hadoop.ozone.client.io.KeyOutputStream.handleFlushOrClose(KeyOutputStream.java:434)
	at org.apache.hadoop.ozone.client.io.KeyOutputStream.close(KeyOutputStream.java:472)
	at org.apache.hadoop.ozone.client.io.OzoneOutputStream.close(OzoneOutputStream.java:60)
	at org.apache.hadoop.ozone.TestStorageContainerManagerHelper.createKeys(TestStorageContainerManagerHelper.java:102)
	at org.apache.hadoop.ozone.TestStorageContainerManager.testCloseContainerCommandOnRestart(TestStorageContainerManager.java:512)
	at sun.reflect.NativeMethodAccessorImpl.invoke0(Native Method)
	at sun.reflect.NativeMethodAccessorImpl.invoke(NativeMethodAccessorImpl.java:62)
	at sun.reflect.DelegatingMethodAccessorImpl.invoke(DelegatingMethodAccessorImpl.java:43)
	at java.lang.reflect.Method.invoke(Method.java:498)
	at org.junit.runners.model.FrameworkMethod$1.runReflectiveCall(FrameworkMethod.java:47)
	at org.junit.internal.runners.model.ReflectiveCallable.run(ReflectiveCallable.java:12)
	at org.junit.runners.model.FrameworkMethod.invokeExplosively(FrameworkMethod.java:44)
	at org.junit.internal.runners.statements.InvokeMethod.evaluate(InvokeMethod.java:17)
	at org.junit.internal.runners.statements.FailOnTimeout$StatementThread.run(FailOnTimeout.java:74)

Jun 13, 2019 4:25:44 PM com.sun.jersey.server.impl.application.WebApplicationImpl _initiate
INFO: Initiating Jersey application, version 'Jersey: 1.19 02/11/2015 03:25 AM'
]]></system-err>
  </testcase>
  <testcase name="testSCMInitializationFailure" classname="org.apache.hadoop.ozone.TestStorageContainerManager" time="0.014"/>
  <testcase name="testSCMInitialization" classname="org.apache.hadoop.ozone.TestStorageContainerManager" time="0.011"/>
  <testcase name="testScmInfo" classname="org.apache.hadoop.ozone.TestStorageContainerManager" time="0.097"/>
</testsuite>