<?xml version="1.0" encoding="UTF-8"?>
<testsuite xmlns:xsi="http://www.w3.org/2001/XMLSchema-instance" xsi:noNamespaceSchemaLocation="https://maven.apache.org/surefire/maven-surefire-plugin/xsd/surefire-test-report.xsd" name="org.apache.hadoop.hdds.scm.pipeline.TestNodeFailure" time="12.681" tests="1" errors="0" skipped="1" failures="0">
  <properties>
    <property name="awt.toolkit" value="sun.awt.X11.XToolkit"/>
    <property name="file.encoding.pkg" value="sun.io"/>
    <property name="java.specification.version" value="1.8"/>
    <property name="sun.cpu.isalist" value=""/>
    <property name="sun.jnu.encoding" value="UTF-8"/>
    <property name="java.class.path" value="/opt/src/hadoop-ozone/integration-test/target/test-classes:/opt/src/hadoop-ozone/integration-test/target/classes:/root/.m2/repository/org/apache/hadoop/hadoop-ozone-common/0.5.0-SNAPSHOT/hadoop-ozone-common-0.5.0-SNAPSHOT.jar:/root/.m2/repository/org/apache/commons/commons-compress/1.4.1/commons-compress-1.4.1.jar:/root/.m2/repository/org/tukaani/xz/1.0/xz-1.0.jar:/root/.m2/repository/org/apache/hadoop/hadoop-common/3.2.0/hadoop-common-3.2.0.jar:/root/.m2/repository/org/apache/hadoop/hadoop-hdfs/3.2.0/hadoop-hdfs-3.2.0.jar:/root/.m2/repository/org/apache/hadoop/hadoop-hdfs-client/3.2.0/hadoop-hdfs-client-3.2.0.jar:/root/.m2/repository/com/fasterxml/jackson/core/jackson-annotations/2.9.5/jackson-annotations-2.9.5.jar:/root/.m2/repository/org/apache/hadoop/hadoop-hdds-common/0.5.0-SNAPSHOT/hadoop-hdds-common-0.5.0-SNAPSHOT.jar:/root/.m2/repository/javax/annotation/javax.annotation-api/1.2/javax.annotation-api-1.2.jar:/root/.m2/repository/org/apache/ratis/ratis-server/0.4.0-fe2b15d-SNAPSHOT/ratis-server-0.4.0-fe2b15d-SNAPSHOT.jar:/root/.m2/repository/org/apache/ratis/ratis-thirdparty-misc/0.2.0/ratis-thirdparty-misc-0.2.0.jar:/root/.m2/repository/org/apache/ratis/ratis-proto/0.4.0-fe2b15d-SNAPSHOT/ratis-proto-0.4.0-fe2b15d-SNAPSHOT.jar:/root/.m2/repository/org/apache/ratis/ratis-common/0.4.0-fe2b15d-SNAPSHOT/ratis-common-0.4.0-fe2b15d-SNAPSHOT.jar:/root/.m2/repository/org/apache/ratis/ratis-client/0.4.0-fe2b15d-SNAPSHOT/ratis-client-0.4.0-fe2b15d-SNAPSHOT.jar:/root/.m2/repository/org/apache/ratis/ratis-netty/0.4.0-fe2b15d-SNAPSHOT/ratis-netty-0.4.0-fe2b15d-SNAPSHOT.jar:/root/.m2/repository/org/apache/ratis/ratis-grpc/0.4.0-fe2b15d-SNAPSHOT/ratis-grpc-0.4.0-fe2b15d-SNAPSHOT.jar:/root/.m2/repository/org/rocksdb/rocksdbjni/5.14.2/rocksdbjni-5.14.2.jar:/root/.m2/repository/org/apache/logging/log4j/log4j-api/2.11.0/log4j-api-2.11.0.jar:/root/.m2/repository/org/apache/logging/log4j/log4j-core/2.11.0/log4j-core-2.11.0.jar:/root/.m2/repository/com/lmax/disruptor/3.4.2/disruptor-3.4.2.jar:/root/.m2/repository/org/apache/commons/commons-pool2/2.6.0/commons-pool2-2.6.0.jar:/root/.m2/repository/org/bouncycastle/bcpkix-jdk15on/1.60/bcpkix-jdk15on-1.60.jar:/root/.m2/repository/commons-validator/commons-validator/1.6/commons-validator-1.6.jar:/root/.m2/repository/commons-digester/commons-digester/1.8.1/commons-digester-1.8.1.jar:/root/.m2/repository/io/jaegertracing/jaeger-client/0.33.1/jaeger-client-0.33.1.jar:/root/.m2/repository/io/jaegertracing/jaeger-thrift/0.33.1/jaeger-thrift-0.33.1.jar:/root/.m2/repository/org/apache/thrift/libthrift/0.11.0/libthrift-0.11.0.jar:/root/.m2/repository/com/squareup/okhttp3/okhttp/3.9.0/okhttp-3.9.0.jar:/root/.m2/repository/com/squareup/okio/okio/1.13.0/okio-1.13.0.jar:/root/.m2/repository/io/jaegertracing/jaeger-core/0.33.1/jaeger-core-0.33.1.jar:/root/.m2/repository/io/jaegertracing/jaeger-tracerresolver/0.33.1/jaeger-tracerresolver-0.33.1.jar:/root/.m2/repository/io/opentracing/contrib/opentracing-tracerresolver/0.1.5/opentracing-tracerresolver-0.1.5.jar:/root/.m2/repository/io/opentracing/opentracing-util/0.31.0/opentracing-util-0.31.0.jar:/root/.m2/repository/io/opentracing/opentracing-api/0.31.0/opentracing-api-0.31.0.jar:/root/.m2/repository/io/opentracing/opentracing-noop/0.31.0/opentracing-noop-0.31.0.jar:/root/.m2/repository/org/apache/hadoop/hadoop-hdds-server-framework/0.5.0-SNAPSHOT/hadoop-hdds-server-framework-0.5.0-SNAPSHOT.jar:/root/.m2/repository/org/apache/hadoop/hadoop-hdds-server-scm/0.5.0-SNAPSHOT/hadoop-hdds-server-scm-0.5.0-SNAPSHOT.jar:/root/.m2/repository/org/apache/hadoop/hadoop-hdds-container-service/0.5.0-SNAPSHOT/hadoop-hdds-container-service-0.5.0-SNAPSHOT.jar:/root/.m2/repository/org/apache/hadoop/hadoop-hdds-client/0.5.0-SNAPSHOT/hadoop-hdds-client-0.5.0-SNAPSHOT.jar:/root/.m2/repository/org/apache/hadoop/hadoop-hdds-tools/0.5.0-SNAPSHOT/hadoop-hdds-tools-0.5.0-SNAPSHOT.jar:/root/.m2/repository/org/apache/hadoop/hadoop-ozone-ozone-manager/0.5.0-SNAPSHOT/hadoop-ozone-ozone-manager-0.5.0-SNAPSHOT.jar:/root/.m2/repository/org/apache/hadoop/hadoop-hdds-docs/0.5.0-SNAPSHOT/hadoop-hdds-docs-0.5.0-SNAPSHOT.jar:/root/.m2/repository/org/bouncycastle/bcprov-jdk15on/1.60/bcprov-jdk15on-1.60.jar:/root/.m2/repository/org/apache/hadoop/hadoop-minikdc/3.2.0/hadoop-minikdc-3.2.0.jar:/root/.m2/repository/commons-io/commons-io/2.5/commons-io-2.5.jar:/root/.m2/repository/org/apache/kerby/kerb-simplekdc/1.0.1/kerb-simplekdc-1.0.1.jar:/root/.m2/repository/org/apache/kerby/kerb-client/1.0.1/kerb-client-1.0.1.jar:/root/.m2/repository/org/apache/kerby/kerby-config/1.0.1/kerby-config-1.0.1.jar:/root/.m2/repository/org/apache/kerby/kerb-core/1.0.1/kerb-core-1.0.1.jar:/root/.m2/repository/org/apache/kerby/kerby-pkix/1.0.1/kerby-pkix-1.0.1.jar:/root/.m2/repository/org/apache/kerby/kerby-asn1/1.0.1/kerby-asn1-1.0.1.jar:/root/.m2/repository/org/apache/kerby/kerby-util/1.0.1/kerby-util-1.0.1.jar:/root/.m2/repository/org/apache/kerby/kerb-common/1.0.1/kerb-common-1.0.1.jar:/root/.m2/repository/org/apache/kerby/kerb-crypto/1.0.1/kerb-crypto-1.0.1.jar:/root/.m2/repository/org/apache/kerby/kerb-util/1.0.1/kerb-util-1.0.1.jar:/root/.m2/repository/org/apache/kerby/token-provider/1.0.1/token-provider-1.0.1.jar:/root/.m2/repository/org/apache/kerby/kerb-admin/1.0.1/kerb-admin-1.0.1.jar:/root/.m2/repository/org/apache/kerby/kerb-server/1.0.1/kerb-server-1.0.1.jar:/root/.m2/repository/org/apache/kerby/kerb-identity/1.0.1/kerb-identity-1.0.1.jar:/root/.m2/repository/org/apache/kerby/kerby-xdr/1.0.1/kerby-xdr-1.0.1.jar:/root/.m2/repository/org/slf4j/slf4j-log4j12/1.7.25/slf4j-log4j12-1.7.25.jar:/root/.m2/repository/org/apache/hadoop/hadoop-ozone-objectstore-service/0.5.0-SNAPSHOT/hadoop-ozone-objectstore-service-0.5.0-SNAPSHOT.jar:/root/.m2/repository/org/apache/hadoop/hadoop-ozone-s3gateway/0.5.0-SNAPSHOT/hadoop-ozone-s3gateway-0.5.0-SNAPSHOT.jar:/root/.m2/repository/org/jboss/weld/servlet/weld-servlet/2.4.7.Final/weld-servlet-2.4.7.Final.jar:/root/.m2/repository/org/glassfish/jersey/containers/jersey-container-servlet-core/2.27/jersey-container-servlet-core-2.27.jar:/root/.m2/repository/org/glassfish/hk2/external/javax.inject/2.5.0-b42/javax.inject-2.5.0-b42.jar:/root/.m2/repository/org/glassfish/jersey/core/jersey-common/2.27/jersey-common-2.27.jar:/root/.m2/repository/org/glassfish/hk2/osgi-resource-locator/1.0.1/osgi-resource-locator-1.0.1.jar:/root/.m2/repository/javax/ws/rs/javax.ws.rs-api/2.1/javax.ws.rs-api-2.1.jar:/root/.m2/repository/org/glassfish/jersey/ext/cdi/jersey-cdi1x/2.27/jersey-cdi1x-2.27.jar:/root/.m2/repository/org/glassfish/jersey/inject/jersey-hk2/2.27/jersey-hk2-2.27.jar:/root/.m2/repository/org/glassfish/hk2/hk2-locator/2.5.0-b42/hk2-locator-2.5.0-b42.jar:/root/.m2/repository/org/javassist/javassist/3.22.0-CR2/javassist-3.22.0-CR2.jar:/root/.m2/repository/org/glassfish/hk2/hk2-api/2.5.0/hk2-api-2.5.0.jar:/root/.m2/repository/org/glassfish/hk2/external/jakarta.inject/2.5.0/jakarta.inject-2.5.0.jar:/root/.m2/repository/org/glassfish/hk2/hk2-utils/2.5.0/hk2-utils-2.5.0.jar:/root/.m2/repository/jakarta/annotation/jakarta.annotation-api/1.3.4/jakarta.annotation-api-1.3.4.jar:/root/.m2/repository/org/glassfish/hk2/external/aopalliance-repackaged/2.5.0/aopalliance-repackaged-2.5.0.jar:/root/.m2/repository/com/fasterxml/jackson/dataformat/jackson-dataformat-xml/2.9.0/jackson-dataformat-xml-2.9.0.jar:/root/.m2/repository/com/fasterxml/jackson/core/jackson-core/2.9.5/jackson-core-2.9.5.jar:/root/.m2/repository/com/fasterxml/jackson/module/jackson-module-jaxb-annotations/2.9.5/jackson-module-jaxb-annotations-2.9.5.jar:/root/.m2/repository/javax/enterprise/cdi-api/1.2/cdi-api-1.2.jar:/root/.m2/repository/javax/el/javax.el-api/3.0.0/javax.el-api-3.0.0.jar:/root/.m2/repository/javax/interceptor/javax.interceptor-api/1.2/javax.interceptor-api-1.2.jar:/root/.m2/repository/javax/inject/javax.inject/1/javax.inject-1.jar:/root/.m2/repository/com/sun/xml/bind/jaxb-impl/2.3.0.1/jaxb-impl-2.3.0.1.jar:/root/.m2/repository/com/sun/xml/bind/jaxb-core/2.3.0.1/jaxb-core-2.3.0.1.jar:/root/.m2/repository/javax/xml/bind/jaxb-api/2.3.0/jaxb-api-2.3.0.jar:/root/.m2/repository/javax/activation/activation/1.1.1/activation-1.1.1.jar:/root/.m2/repository/org/apache/hadoop/hadoop-ozone-csi/0.5.0-SNAPSHOT/hadoop-ozone-csi-0.5.0-SNAPSHOT.jar:/root/.m2/repository/com/google/protobuf/protobuf-java-util/3.5.1/protobuf-java-util-3.5.1.jar:/root/.m2/repository/org/apache/hadoop/hadoop-hdds-config/0.5.0-SNAPSHOT/hadoop-hdds-config-0.5.0-SNAPSHOT.jar:/root/.m2/repository/com/google/guava/guava/11.0.2/guava-11.0.2.jar:/root/.m2/repository/com/google/protobuf/protobuf-java/2.5.0/protobuf-java-2.5.0.jar:/root/.m2/repository/io/grpc/grpc-netty/1.17.1/grpc-netty-1.17.1.jar:/root/.m2/repository/io/grpc/grpc-core/1.17.1/grpc-core-1.17.1.jar:/root/.m2/repository/io/grpc/grpc-context/1.17.1/grpc-context-1.17.1.jar:/root/.m2/repository/com/google/errorprone/error_prone_annotations/2.2.0/error_prone_annotations-2.2.0.jar:/root/.m2/repository/org/codehaus/mojo/animal-sniffer-annotations/1.17/animal-sniffer-annotations-1.17.jar:/root/.m2/repository/io/opencensus/opencensus-api/0.17.0/opencensus-api-0.17.0.jar:/root/.m2/repository/io/opencensus/opencensus-contrib-grpc-metrics/0.17.0/opencensus-contrib-grpc-metrics-0.17.0.jar:/root/.m2/repository/io/netty/netty-codec-http2/4.1.30.Final/netty-codec-http2-4.1.30.Final.jar:/root/.m2/repository/io/netty/netty-codec-http/4.1.30.Final/netty-codec-http-4.1.30.Final.jar:/root/.m2/repository/io/netty/netty-codec/4.1.30.Final/netty-codec-4.1.30.Final.jar:/root/.m2/repository/io/netty/netty-handler/4.1.30.Final/netty-handler-4.1.30.Final.jar:/root/.m2/repository/io/netty/netty-handler-proxy/4.1.30.Final/netty-handler-proxy-4.1.30.Final.jar:/root/.m2/repository/io/netty/netty-codec-socks/4.1.30.Final/netty-codec-socks-4.1.30.Final.jar:/root/.m2/repository/io/netty/netty-transport-native-epoll/4.1.30.Final/netty-transport-native-epoll-4.1.30.Final.jar:/root/.m2/repository/io/netty/netty-common/4.1.30.Final/netty-common-4.1.30.Final.jar:/root/.m2/repository/io/netty/netty-buffer/4.1.30.Final/netty-buffer-4.1.30.Final.jar:/root/.m2/repository/io/netty/netty-transport/4.1.30.Final/netty-transport-4.1.30.Final.jar:/root/.m2/repository/io/netty/netty-resolver/4.1.30.Final/netty-resolver-4.1.30.Final.jar:/root/.m2/repository/io/netty/netty-transport-native-unix-common/4.1.30.Final/netty-transport-native-unix-common-4.1.30.Final.jar:/root/.m2/repository/io/grpc/grpc-protobuf/1.17.1/grpc-protobuf-1.17.1.jar:/root/.m2/repository/com/google/api/grpc/proto-google-common-protos/1.0.0/proto-google-common-protos-1.0.0.jar:/root/.m2/repository/io/grpc/grpc-protobuf-lite/1.17.1/grpc-protobuf-lite-1.17.1.jar:/root/.m2/repository/io/grpc/grpc-stub/1.17.1/grpc-stub-1.17.1.jar:/root/.m2/repository/org/apache/hadoop/hadoop-ozone-recon/0.5.0-SNAPSHOT/hadoop-ozone-recon-0.5.0-SNAPSHOT.jar:/root/.m2/repository/org/apache/hadoop/hadoop-ozone-reconcodegen/0.5.0-SNAPSHOT/hadoop-ozone-reconcodegen-0.5.0-SNAPSHOT.jar:/root/.m2/repository/com/google/inject/extensions/guice-multibindings/4.0/guice-multibindings-4.0.jar:/root/.m2/repository/com/google/inject/guice/4.0/guice-4.0.jar:/root/.m2/repository/aopalliance/aopalliance/1.0/aopalliance-1.0.jar:/root/.m2/repository/com/google/inject/extensions/guice-servlet/4.0/guice-servlet-4.0.jar:/root/.m2/repository/org/glassfish/jersey/containers/jersey-container-servlet/2.27/jersey-container-servlet-2.27.jar:/root/.m2/repository/org/glassfish/hk2/guice-bridge/2.5.0/guice-bridge-2.5.0.jar:/root/.m2/repository/org/glassfish/jersey/core/jersey-server/2.27/jersey-server-2.27.jar:/root/.m2/repository/org/glassfish/jersey/core/jersey-client/2.27/jersey-client-2.27.jar:/root/.m2/repository/org/glassfish/jersey/media/jersey-media-jaxb/2.27/jersey-media-jaxb-2.27.jar:/root/.m2/repository/javax/validation/validation-api/1.1.0.Final/validation-api-1.1.0.Final.jar:/root/.m2/repository/org/glassfish/jersey/media/jersey-media-json-jackson/2.27/jersey-media-json-jackson-2.27.jar:/root/.m2/repository/org/glassfish/jersey/ext/jersey-entity-filtering/2.27/jersey-entity-filtering-2.27.jar:/root/.m2/repository/com/google/inject/extensions/guice-assistedinject/4.0/guice-assistedinject-4.0.jar:/root/.m2/repository/org/jooq/jooq/3.11.10/jooq-3.11.10.jar:/root/.m2/repository/org/jooq/jooq-meta/3.11.10/jooq-meta-3.11.10.jar:/root/.m2/repository/org/jooq/jooq-codegen/3.11.10/jooq-codegen-3.11.10.jar:/root/.m2/repository/com/jolbox/bonecp/0.8.0.RELEASE/bonecp-0.8.0.RELEASE.jar:/root/.m2/repository/org/xerial/sqlite-jdbc/3.25.2/sqlite-jdbc-3.25.2.jar:/root/.m2/repository/org/springframework/spring-jdbc/5.1.3.RELEASE/spring-jdbc-5.1.3.RELEASE.jar:/root/.m2/repository/org/springframework/spring-beans/5.1.3.RELEASE/spring-beans-5.1.3.RELEASE.jar:/root/.m2/repository/org/springframework/spring-core/5.1.3.RELEASE/spring-core-5.1.3.RELEASE.jar:/root/.m2/repository/org/springframework/spring-jcl/5.1.3.RELEASE/spring-jcl-5.1.3.RELEASE.jar:/root/.m2/repository/org/springframework/spring-tx/5.1.3.RELEASE/spring-tx-5.1.3.RELEASE.jar:/root/.m2/repository/org/apache/hadoop/hadoop-ozone-client/0.5.0-SNAPSHOT/hadoop-ozone-client-0.5.0-SNAPSHOT.jar:/root/.m2/repository/org/apache/hadoop/hadoop-ozone-ozone-manager/0.5.0-SNAPSHOT/hadoop-ozone-ozone-manager-0.5.0-SNAPSHOT-tests.jar:/root/.m2/repository/junit/junit/4.11/junit-4.11.jar:/root/.m2/repository/org/hamcrest/hamcrest-core/1.3/hamcrest-core-1.3.jar:/root/.m2/repository/org/openjdk/jmh/jmh-core/1.19/jmh-core-1.19.jar:/root/.m2/repository/net/sf/jopt-simple/jopt-simple/4.6/jopt-simple-4.6.jar:/root/.m2/repository/org/apache/commons/commons-math3/3.1.1/commons-math3-3.1.1.jar:/root/.m2/repository/org/openjdk/jmh/jmh-generator-annprocess/1.19/jmh-generator-annprocess-1.19.jar:/root/.m2/repository/org/mockito/mockito-all/1.8.5/mockito-all-1.8.5.jar:/root/.m2/repository/org/apache/hadoop/hadoop-kms/3.2.0/hadoop-kms-3.2.0.jar:/root/.m2/repository/org/apache/hadoop/hadoop-auth/3.2.0/hadoop-auth-3.2.0.jar:/root/.m2/repository/com/nimbusds/nimbus-jose-jwt/4.41.1/nimbus-jose-jwt-4.41.1.jar:/root/.m2/repository/com/github/stephenc/jcip/jcip-annotations/1.0-1/jcip-annotations-1.0-1.jar:/root/.m2/repository/net/minidev/json-smart/2.3/json-smart-2.3.jar:/root/.m2/repository/net/minidev/accessors-smart/1.2/accessors-smart-1.2.jar:/root/.m2/repository/org/ow2/asm/asm/5.0.4/asm-5.0.4.jar:/root/.m2/repository/org/apache/curator/curator-framework/2.12.0/curator-framework-2.12.0.jar:/root/.m2/repository/com/sun/jersey/jersey-core/1.19/jersey-core-1.19.jar:/root/.m2/repository/javax/ws/rs/jsr311-api/1.1.1/jsr311-api-1.1.1.jar:/root/.m2/repository/com/sun/jersey/jersey-server/1.19/jersey-server-1.19.jar:/root/.m2/repository/javax/servlet/javax.servlet-api/3.1.0/javax.servlet-api-3.1.0.jar:/root/.m2/repository/org/eclipse/jetty/jetty-server/9.3.24.v20180605/jetty-server-9.3.24.v20180605.jar:/root/.m2/repository/org/eclipse/jetty/jetty-http/9.3.24.v20180605/jetty-http-9.3.24.v20180605.jar:/root/.m2/repository/org/eclipse/jetty/jetty-io/9.3.24.v20180605/jetty-io-9.3.24.v20180605.jar:/root/.m2/repository/org/eclipse/jetty/jetty-webapp/9.3.24.v20180605/jetty-webapp-9.3.24.v20180605.jar:/root/.m2/repository/org/eclipse/jetty/jetty-xml/9.3.24.v20180605/jetty-xml-9.3.24.v20180605.jar:/root/.m2/repository/log4j/log4j/1.2.17/log4j-1.2.17.jar:/root/.m2/repository/org/slf4j/slf4j-api/1.7.25/slf4j-api-1.7.25.jar:/root/.m2/repository/org/slf4j/jul-to-slf4j/1.7.25/jul-to-slf4j-1.7.25.jar:/root/.m2/repository/org/eclipse/jetty/jetty-util/9.3.24.v20180605/jetty-util-9.3.24.v20180605.jar:/root/.m2/repository/io/dropwizard/metrics/metrics-core/3.2.4/metrics-core-3.2.4.jar:/root/.m2/repository/com/fasterxml/jackson/core/jackson-databind/2.9.5/jackson-databind-2.9.5.jar:/root/.m2/repository/org/apache/hadoop/hadoop-kms/3.2.0/hadoop-kms-3.2.0-tests.jar:/root/.m2/repository/org/apache/hadoop/hadoop-hdds-server-scm/0.5.0-SNAPSHOT/hadoop-hdds-server-scm-0.5.0-SNAPSHOT-tests.jar:/root/.m2/repository/org/hamcrest/hamcrest-all/1.3/hamcrest-all-1.3.jar:/root/.m2/repository/info/picocli/picocli/3.9.6/picocli-3.9.6.jar:/root/.m2/repository/org/apache/hadoop/hadoop-hdds-container-service/0.5.0-SNAPSHOT/hadoop-hdds-container-service-0.5.0-SNAPSHOT-tests.jar:/root/.m2/repository/org/yaml/snakeyaml/1.16/snakeyaml-1.16.jar:/root/.m2/repository/org/apache/hadoop/hadoop-common/3.2.0/hadoop-common-3.2.0-tests.jar:/root/.m2/repository/org/apache/hadoop/hadoop-annotations/3.2.0/hadoop-annotations-3.2.0.jar:/usr/lib/jvm/java-1.8-openjdk/jre/../lib/tools.jar:/root/.m2/repository/commons-cli/commons-cli/1.2/commons-cli-1.2.jar:/root/.m2/repository/org/apache/httpcomponents/httpclient/4.5.2/httpclient-4.5.2.jar:/root/.m2/repository/org/apache/httpcomponents/httpcore/4.4.4/httpcore-4.4.4.jar:/root/.m2/repository/commons-codec/commons-codec/1.11/commons-codec-1.11.jar:/root/.m2/repository/commons-net/commons-net/3.6/commons-net-3.6.jar:/root/.m2/repository/commons-collections/commons-collections/3.2.2/commons-collections-3.2.2.jar:/root/.m2/repository/org/eclipse/jetty/jetty-servlet/9.3.24.v20180605/jetty-servlet-9.3.24.v20180605.jar:/root/.m2/repository/org/eclipse/jetty/jetty-security/9.3.24.v20180605/jetty-security-9.3.24.v20180605.jar:/root/.m2/repository/javax/servlet/jsp/jsp-api/2.1/jsp-api-2.1.jar:/root/.m2/repository/com/sun/jersey/jersey-servlet/1.19/jersey-servlet-1.19.jar:/root/.m2/repository/com/sun/jersey/jersey-json/1.19/jersey-json-1.19.jar:/root/.m2/repository/org/codehaus/jettison/jettison/1.1/jettison-1.1.jar:/root/.m2/repository/org/codehaus/jackson/jackson-core-asl/1.9.13/jackson-core-asl-1.9.13.jar:/root/.m2/repository/org/codehaus/jackson/jackson-mapper-asl/1.9.13/jackson-mapper-asl-1.9.13.jar:/root/.m2/repository/org/codehaus/jackson/jackson-jaxrs/1.9.13/jackson-jaxrs-1.9.13.jar:/root/.m2/repository/org/codehaus/jackson/jackson-xc/1.9.13/jackson-xc-1.9.13.jar:/root/.m2/repository/commons-logging/commons-logging/1.1.3/commons-logging-1.1.3.jar:/root/.m2/repository/commons-beanutils/commons-beanutils/1.9.3/commons-beanutils-1.9.3.jar:/root/.m2/repository/org/apache/commons/commons-configuration2/2.1.1/commons-configuration2-2.1.1.jar:/root/.m2/repository/org/apache/commons/commons-lang3/3.7/commons-lang3-3.7.jar:/root/.m2/repository/org/apache/commons/commons-text/1.4/commons-text-1.4.jar:/root/.m2/repository/org/apache/avro/avro/1.7.7/avro-1.7.7.jar:/root/.m2/repository/com/thoughtworks/paranamer/paranamer/2.3/paranamer-2.3.jar:/root/.m2/repository/org/xerial/snappy/snappy-java/1.0.5/snappy-java-1.0.5.jar:/root/.m2/repository/com/google/re2j/re2j/1.1/re2j-1.1.jar:/root/.m2/repository/com/google/code/gson/gson/2.2.4/gson-2.2.4.jar:/root/.m2/repository/com/jcraft/jsch/0.1.54/jsch-0.1.54.jar:/root/.m2/repository/org/apache/curator/curator-client/2.12.0/curator-client-2.12.0.jar:/root/.m2/repository/org/apache/curator/curator-recipes/2.12.0/curator-recipes-2.12.0.jar:/root/.m2/repository/com/google/code/findbugs/jsr305/3.0.0/jsr305-3.0.0.jar:/root/.m2/repository/org/apache/htrace/htrace-core4/4.1.0-incubating/htrace-core4-4.1.0-incubating.jar:/root/.m2/repository/org/apache/zookeeper/zookeeper/3.4.13/zookeeper-3.4.13.jar:/root/.m2/repository/org/apache/yetus/audience-annotations/0.5.0/audience-annotations-0.5.0.jar:/root/.m2/repository/org/codehaus/woodstox/stax2-api/3.1.4/stax2-api-3.1.4.jar:/root/.m2/repository/com/fasterxml/woodstox/woodstox-core/5.0.3/woodstox-core-5.0.3.jar:/root/.m2/repository/dnsjava/dnsjava/2.1.7/dnsjava-2.1.7.jar:/root/.m2/repository/org/apache/hadoop/hadoop-hdfs/3.2.0/hadoop-hdfs-3.2.0-tests.jar:/root/.m2/repository/org/eclipse/jetty/jetty-util-ajax/9.3.24.v20180605/jetty-util-ajax-9.3.24.v20180605.jar:/root/.m2/repository/commons-daemon/commons-daemon/1.0.13/commons-daemon-1.0.13.jar:/root/.m2/repository/io/netty/netty/3.10.5.Final/netty-3.10.5.Final.jar:/root/.m2/repository/io/netty/netty-all/4.0.52.Final/netty-all-4.0.52.Final.jar:/root/.m2/repository/org/fusesource/leveldbjni/leveldbjni-all/1.8/leveldbjni-all-1.8.jar:"/>
    <property name="java.vm.vendor" value="IcedTea"/>
    <property name="sun.arch.data.model" value="64"/>
    <property name="test.build.dir" value="/opt/src/hadoop-ozone/integration-test/target/test-dir"/>
    <property name="test.cache.data" value=""/>
    <property name="java.vendor.url" value="https://icedtea.classpath.org"/>
    <property name="user.timezone" value=""/>
    <property name="java.vm.specification.version" value="1.8"/>
    <property name="os.name" value="Linux"/>
    <property name="test.build.data" value="/opt/src/hadoop-ozone/integration-test/target/test-dir"/>
    <property name="user.country" value="US"/>
    <property name="sun.java.launcher" value="SUN_STANDARD"/>
    <property name="sun.boot.library.path" value="/usr/lib/jvm/java-1.8-openjdk/jre/lib/amd64"/>
    <property name="sun.java.command" value="/opt/src/hadoop-ozone/integration-test/target/surefire/surefirebooter7270978157036560758.jar /opt/src/hadoop-ozone/integration-test/target/surefire 2019-06-13T15-42-33_721-jvmRun1 surefire242373503513512183tmp surefire_85058602439959636460tmp"/>
    <property name="surefire.test.class.path" value="/opt/src/hadoop-ozone/integration-test/target/test-classes:/opt/src/hadoop-ozone/integration-test/target/classes:/root/.m2/repository/org/apache/hadoop/hadoop-ozone-common/0.5.0-SNAPSHOT/hadoop-ozone-common-0.5.0-SNAPSHOT.jar:/root/.m2/repository/org/apache/commons/commons-compress/1.4.1/commons-compress-1.4.1.jar:/root/.m2/repository/org/tukaani/xz/1.0/xz-1.0.jar:/root/.m2/repository/org/apache/hadoop/hadoop-common/3.2.0/hadoop-common-3.2.0.jar:/root/.m2/repository/org/apache/hadoop/hadoop-hdfs/3.2.0/hadoop-hdfs-3.2.0.jar:/root/.m2/repository/org/apache/hadoop/hadoop-hdfs-client/3.2.0/hadoop-hdfs-client-3.2.0.jar:/root/.m2/repository/com/fasterxml/jackson/core/jackson-annotations/2.9.5/jackson-annotations-2.9.5.jar:/root/.m2/repository/org/apache/hadoop/hadoop-hdds-common/0.5.0-SNAPSHOT/hadoop-hdds-common-0.5.0-SNAPSHOT.jar:/root/.m2/repository/javax/annotation/javax.annotation-api/1.2/javax.annotation-api-1.2.jar:/root/.m2/repository/org/apache/ratis/ratis-server/0.4.0-fe2b15d-SNAPSHOT/ratis-server-0.4.0-fe2b15d-SNAPSHOT.jar:/root/.m2/repository/org/apache/ratis/ratis-thirdparty-misc/0.2.0/ratis-thirdparty-misc-0.2.0.jar:/root/.m2/repository/org/apache/ratis/ratis-proto/0.4.0-fe2b15d-SNAPSHOT/ratis-proto-0.4.0-fe2b15d-SNAPSHOT.jar:/root/.m2/repository/org/apache/ratis/ratis-common/0.4.0-fe2b15d-SNAPSHOT/ratis-common-0.4.0-fe2b15d-SNAPSHOT.jar:/root/.m2/repository/org/apache/ratis/ratis-client/0.4.0-fe2b15d-SNAPSHOT/ratis-client-0.4.0-fe2b15d-SNAPSHOT.jar:/root/.m2/repository/org/apache/ratis/ratis-netty/0.4.0-fe2b15d-SNAPSHOT/ratis-netty-0.4.0-fe2b15d-SNAPSHOT.jar:/root/.m2/repository/org/apache/ratis/ratis-grpc/0.4.0-fe2b15d-SNAPSHOT/ratis-grpc-0.4.0-fe2b15d-SNAPSHOT.jar:/root/.m2/repository/org/rocksdb/rocksdbjni/5.14.2/rocksdbjni-5.14.2.jar:/root/.m2/repository/org/apache/logging/log4j/log4j-api/2.11.0/log4j-api-2.11.0.jar:/root/.m2/repository/org/apache/logging/log4j/log4j-core/2.11.0/log4j-core-2.11.0.jar:/root/.m2/repository/com/lmax/disruptor/3.4.2/disruptor-3.4.2.jar:/root/.m2/repository/org/apache/commons/commons-pool2/2.6.0/commons-pool2-2.6.0.jar:/root/.m2/repository/org/bouncycastle/bcpkix-jdk15on/1.60/bcpkix-jdk15on-1.60.jar:/root/.m2/repository/commons-validator/commons-validator/1.6/commons-validator-1.6.jar:/root/.m2/repository/commons-digester/commons-digester/1.8.1/commons-digester-1.8.1.jar:/root/.m2/repository/io/jaegertracing/jaeger-client/0.33.1/jaeger-client-0.33.1.jar:/root/.m2/repository/io/jaegertracing/jaeger-thrift/0.33.1/jaeger-thrift-0.33.1.jar:/root/.m2/repository/org/apache/thrift/libthrift/0.11.0/libthrift-0.11.0.jar:/root/.m2/repository/com/squareup/okhttp3/okhttp/3.9.0/okhttp-3.9.0.jar:/root/.m2/repository/com/squareup/okio/okio/1.13.0/okio-1.13.0.jar:/root/.m2/repository/io/jaegertracing/jaeger-core/0.33.1/jaeger-core-0.33.1.jar:/root/.m2/repository/io/jaegertracing/jaeger-tracerresolver/0.33.1/jaeger-tracerresolver-0.33.1.jar:/root/.m2/repository/io/opentracing/contrib/opentracing-tracerresolver/0.1.5/opentracing-tracerresolver-0.1.5.jar:/root/.m2/repository/io/opentracing/opentracing-util/0.31.0/opentracing-util-0.31.0.jar:/root/.m2/repository/io/opentracing/opentracing-api/0.31.0/opentracing-api-0.31.0.jar:/root/.m2/repository/io/opentracing/opentracing-noop/0.31.0/opentracing-noop-0.31.0.jar:/root/.m2/repository/org/apache/hadoop/hadoop-hdds-server-framework/0.5.0-SNAPSHOT/hadoop-hdds-server-framework-0.5.0-SNAPSHOT.jar:/root/.m2/repository/org/apache/hadoop/hadoop-hdds-server-scm/0.5.0-SNAPSHOT/hadoop-hdds-server-scm-0.5.0-SNAPSHOT.jar:/root/.m2/repository/org/apache/hadoop/hadoop-hdds-container-service/0.5.0-SNAPSHOT/hadoop-hdds-container-service-0.5.0-SNAPSHOT.jar:/root/.m2/repository/org/apache/hadoop/hadoop-hdds-client/0.5.0-SNAPSHOT/hadoop-hdds-client-0.5.0-SNAPSHOT.jar:/root/.m2/repository/org/apache/hadoop/hadoop-hdds-tools/0.5.0-SNAPSHOT/hadoop-hdds-tools-0.5.0-SNAPSHOT.jar:/root/.m2/repository/org/apache/hadoop/hadoop-ozone-ozone-manager/0.5.0-SNAPSHOT/hadoop-ozone-ozone-manager-0.5.0-SNAPSHOT.jar:/root/.m2/repository/org/apache/hadoop/hadoop-hdds-docs/0.5.0-SNAPSHOT/hadoop-hdds-docs-0.5.0-SNAPSHOT.jar:/root/.m2/repository/org/bouncycastle/bcprov-jdk15on/1.60/bcprov-jdk15on-1.60.jar:/root/.m2/repository/org/apache/hadoop/hadoop-minikdc/3.2.0/hadoop-minikdc-3.2.0.jar:/root/.m2/repository/commons-io/commons-io/2.5/commons-io-2.5.jar:/root/.m2/repository/org/apache/kerby/kerb-simplekdc/1.0.1/kerb-simplekdc-1.0.1.jar:/root/.m2/repository/org/apache/kerby/kerb-client/1.0.1/kerb-client-1.0.1.jar:/root/.m2/repository/org/apache/kerby/kerby-config/1.0.1/kerby-config-1.0.1.jar:/root/.m2/repository/org/apache/kerby/kerb-core/1.0.1/kerb-core-1.0.1.jar:/root/.m2/repository/org/apache/kerby/kerby-pkix/1.0.1/kerby-pkix-1.0.1.jar:/root/.m2/repository/org/apache/kerby/kerby-asn1/1.0.1/kerby-asn1-1.0.1.jar:/root/.m2/repository/org/apache/kerby/kerby-util/1.0.1/kerby-util-1.0.1.jar:/root/.m2/repository/org/apache/kerby/kerb-common/1.0.1/kerb-common-1.0.1.jar:/root/.m2/repository/org/apache/kerby/kerb-crypto/1.0.1/kerb-crypto-1.0.1.jar:/root/.m2/repository/org/apache/kerby/kerb-util/1.0.1/kerb-util-1.0.1.jar:/root/.m2/repository/org/apache/kerby/token-provider/1.0.1/token-provider-1.0.1.jar:/root/.m2/repository/org/apache/kerby/kerb-admin/1.0.1/kerb-admin-1.0.1.jar:/root/.m2/repository/org/apache/kerby/kerb-server/1.0.1/kerb-server-1.0.1.jar:/root/.m2/repository/org/apache/kerby/kerb-identity/1.0.1/kerb-identity-1.0.1.jar:/root/.m2/repository/org/apache/kerby/kerby-xdr/1.0.1/kerby-xdr-1.0.1.jar:/root/.m2/repository/org/slf4j/slf4j-log4j12/1.7.25/slf4j-log4j12-1.7.25.jar:/root/.m2/repository/org/apache/hadoop/hadoop-ozone-objectstore-service/0.5.0-SNAPSHOT/hadoop-ozone-objectstore-service-0.5.0-SNAPSHOT.jar:/root/.m2/repository/org/apache/hadoop/hadoop-ozone-s3gateway/0.5.0-SNAPSHOT/hadoop-ozone-s3gateway-0.5.0-SNAPSHOT.jar:/root/.m2/repository/org/jboss/weld/servlet/weld-servlet/2.4.7.Final/weld-servlet-2.4.7.Final.jar:/root/.m2/repository/org/glassfish/jersey/containers/jersey-container-servlet-core/2.27/jersey-container-servlet-core-2.27.jar:/root/.m2/repository/org/glassfish/hk2/external/javax.inject/2.5.0-b42/javax.inject-2.5.0-b42.jar:/root/.m2/repository/org/glassfish/jersey/core/jersey-common/2.27/jersey-common-2.27.jar:/root/.m2/repository/org/glassfish/hk2/osgi-resource-locator/1.0.1/osgi-resource-locator-1.0.1.jar:/root/.m2/repository/javax/ws/rs/javax.ws.rs-api/2.1/javax.ws.rs-api-2.1.jar:/root/.m2/repository/org/glassfish/jersey/ext/cdi/jersey-cdi1x/2.27/jersey-cdi1x-2.27.jar:/root/.m2/repository/org/glassfish/jersey/inject/jersey-hk2/2.27/jersey-hk2-2.27.jar:/root/.m2/repository/org/glassfish/hk2/hk2-locator/2.5.0-b42/hk2-locator-2.5.0-b42.jar:/root/.m2/repository/org/javassist/javassist/3.22.0-CR2/javassist-3.22.0-CR2.jar:/root/.m2/repository/org/glassfish/hk2/hk2-api/2.5.0/hk2-api-2.5.0.jar:/root/.m2/repository/org/glassfish/hk2/external/jakarta.inject/2.5.0/jakarta.inject-2.5.0.jar:/root/.m2/repository/org/glassfish/hk2/hk2-utils/2.5.0/hk2-utils-2.5.0.jar:/root/.m2/repository/jakarta/annotation/jakarta.annotation-api/1.3.4/jakarta.annotation-api-1.3.4.jar:/root/.m2/repository/org/glassfish/hk2/external/aopalliance-repackaged/2.5.0/aopalliance-repackaged-2.5.0.jar:/root/.m2/repository/com/fasterxml/jackson/dataformat/jackson-dataformat-xml/2.9.0/jackson-dataformat-xml-2.9.0.jar:/root/.m2/repository/com/fasterxml/jackson/core/jackson-core/2.9.5/jackson-core-2.9.5.jar:/root/.m2/repository/com/fasterxml/jackson/module/jackson-module-jaxb-annotations/2.9.5/jackson-module-jaxb-annotations-2.9.5.jar:/root/.m2/repository/javax/enterprise/cdi-api/1.2/cdi-api-1.2.jar:/root/.m2/repository/javax/el/javax.el-api/3.0.0/javax.el-api-3.0.0.jar:/root/.m2/repository/javax/interceptor/javax.interceptor-api/1.2/javax.interceptor-api-1.2.jar:/root/.m2/repository/javax/inject/javax.inject/1/javax.inject-1.jar:/root/.m2/repository/com/sun/xml/bind/jaxb-impl/2.3.0.1/jaxb-impl-2.3.0.1.jar:/root/.m2/repository/com/sun/xml/bind/jaxb-core/2.3.0.1/jaxb-core-2.3.0.1.jar:/root/.m2/repository/javax/xml/bind/jaxb-api/2.3.0/jaxb-api-2.3.0.jar:/root/.m2/repository/javax/activation/activation/1.1.1/activation-1.1.1.jar:/root/.m2/repository/org/apache/hadoop/hadoop-ozone-csi/0.5.0-SNAPSHOT/hadoop-ozone-csi-0.5.0-SNAPSHOT.jar:/root/.m2/repository/com/google/protobuf/protobuf-java-util/3.5.1/protobuf-java-util-3.5.1.jar:/root/.m2/repository/org/apache/hadoop/hadoop-hdds-config/0.5.0-SNAPSHOT/hadoop-hdds-config-0.5.0-SNAPSHOT.jar:/root/.m2/repository/com/google/guava/guava/11.0.2/guava-11.0.2.jar:/root/.m2/repository/com/google/protobuf/protobuf-java/2.5.0/protobuf-java-2.5.0.jar:/root/.m2/repository/io/grpc/grpc-netty/1.17.1/grpc-netty-1.17.1.jar:/root/.m2/repository/io/grpc/grpc-core/1.17.1/grpc-core-1.17.1.jar:/root/.m2/repository/io/grpc/grpc-context/1.17.1/grpc-context-1.17.1.jar:/root/.m2/repository/com/google/errorprone/error_prone_annotations/2.2.0/error_prone_annotations-2.2.0.jar:/root/.m2/repository/org/codehaus/mojo/animal-sniffer-annotations/1.17/animal-sniffer-annotations-1.17.jar:/root/.m2/repository/io/opencensus/opencensus-api/0.17.0/opencensus-api-0.17.0.jar:/root/.m2/repository/io/opencensus/opencensus-contrib-grpc-metrics/0.17.0/opencensus-contrib-grpc-metrics-0.17.0.jar:/root/.m2/repository/io/netty/netty-codec-http2/4.1.30.Final/netty-codec-http2-4.1.30.Final.jar:/root/.m2/repository/io/netty/netty-codec-http/4.1.30.Final/netty-codec-http-4.1.30.Final.jar:/root/.m2/repository/io/netty/netty-codec/4.1.30.Final/netty-codec-4.1.30.Final.jar:/root/.m2/repository/io/netty/netty-handler/4.1.30.Final/netty-handler-4.1.30.Final.jar:/root/.m2/repository/io/netty/netty-handler-proxy/4.1.30.Final/netty-handler-proxy-4.1.30.Final.jar:/root/.m2/repository/io/netty/netty-codec-socks/4.1.30.Final/netty-codec-socks-4.1.30.Final.jar:/root/.m2/repository/io/netty/netty-transport-native-epoll/4.1.30.Final/netty-transport-native-epoll-4.1.30.Final.jar:/root/.m2/repository/io/netty/netty-common/4.1.30.Final/netty-common-4.1.30.Final.jar:/root/.m2/repository/io/netty/netty-buffer/4.1.30.Final/netty-buffer-4.1.30.Final.jar:/root/.m2/repository/io/netty/netty-transport/4.1.30.Final/netty-transport-4.1.30.Final.jar:/root/.m2/repository/io/netty/netty-resolver/4.1.30.Final/netty-resolver-4.1.30.Final.jar:/root/.m2/repository/io/netty/netty-transport-native-unix-common/4.1.30.Final/netty-transport-native-unix-common-4.1.30.Final.jar:/root/.m2/repository/io/grpc/grpc-protobuf/1.17.1/grpc-protobuf-1.17.1.jar:/root/.m2/repository/com/google/api/grpc/proto-google-common-protos/1.0.0/proto-google-common-protos-1.0.0.jar:/root/.m2/repository/io/grpc/grpc-protobuf-lite/1.17.1/grpc-protobuf-lite-1.17.1.jar:/root/.m2/repository/io/grpc/grpc-stub/1.17.1/grpc-stub-1.17.1.jar:/root/.m2/repository/org/apache/hadoop/hadoop-ozone-recon/0.5.0-SNAPSHOT/hadoop-ozone-recon-0.5.0-SNAPSHOT.jar:/root/.m2/repository/org/apache/hadoop/hadoop-ozone-reconcodegen/0.5.0-SNAPSHOT/hadoop-ozone-reconcodegen-0.5.0-SNAPSHOT.jar:/root/.m2/repository/com/google/inject/extensions/guice-multibindings/4.0/guice-multibindings-4.0.jar:/root/.m2/repository/com/google/inject/guice/4.0/guice-4.0.jar:/root/.m2/repository/aopalliance/aopalliance/1.0/aopalliance-1.0.jar:/root/.m2/repository/com/google/inject/extensions/guice-servlet/4.0/guice-servlet-4.0.jar:/root/.m2/repository/org/glassfish/jersey/containers/jersey-container-servlet/2.27/jersey-container-servlet-2.27.jar:/root/.m2/repository/org/glassfish/hk2/guice-bridge/2.5.0/guice-bridge-2.5.0.jar:/root/.m2/repository/org/glassfish/jersey/core/jersey-server/2.27/jersey-server-2.27.jar:/root/.m2/repository/org/glassfish/jersey/core/jersey-client/2.27/jersey-client-2.27.jar:/root/.m2/repository/org/glassfish/jersey/media/jersey-media-jaxb/2.27/jersey-media-jaxb-2.27.jar:/root/.m2/repository/javax/validation/validation-api/1.1.0.Final/validation-api-1.1.0.Final.jar:/root/.m2/repository/org/glassfish/jersey/media/jersey-media-json-jackson/2.27/jersey-media-json-jackson-2.27.jar:/root/.m2/repository/org/glassfish/jersey/ext/jersey-entity-filtering/2.27/jersey-entity-filtering-2.27.jar:/root/.m2/repository/com/google/inject/extensions/guice-assistedinject/4.0/guice-assistedinject-4.0.jar:/root/.m2/repository/org/jooq/jooq/3.11.10/jooq-3.11.10.jar:/root/.m2/repository/org/jooq/jooq-meta/3.11.10/jooq-meta-3.11.10.jar:/root/.m2/repository/org/jooq/jooq-codegen/3.11.10/jooq-codegen-3.11.10.jar:/root/.m2/repository/com/jolbox/bonecp/0.8.0.RELEASE/bonecp-0.8.0.RELEASE.jar:/root/.m2/repository/org/xerial/sqlite-jdbc/3.25.2/sqlite-jdbc-3.25.2.jar:/root/.m2/repository/org/springframework/spring-jdbc/5.1.3.RELEASE/spring-jdbc-5.1.3.RELEASE.jar:/root/.m2/repository/org/springframework/spring-beans/5.1.3.RELEASE/spring-beans-5.1.3.RELEASE.jar:/root/.m2/repository/org/springframework/spring-core/5.1.3.RELEASE/spring-core-5.1.3.RELEASE.jar:/root/.m2/repository/org/springframework/spring-jcl/5.1.3.RELEASE/spring-jcl-5.1.3.RELEASE.jar:/root/.m2/repository/org/springframework/spring-tx/5.1.3.RELEASE/spring-tx-5.1.3.RELEASE.jar:/root/.m2/repository/org/apache/hadoop/hadoop-ozone-client/0.5.0-SNAPSHOT/hadoop-ozone-client-0.5.0-SNAPSHOT.jar:/root/.m2/repository/org/apache/hadoop/hadoop-ozone-ozone-manager/0.5.0-SNAPSHOT/hadoop-ozone-ozone-manager-0.5.0-SNAPSHOT-tests.jar:/root/.m2/repository/junit/junit/4.11/junit-4.11.jar:/root/.m2/repository/org/hamcrest/hamcrest-core/1.3/hamcrest-core-1.3.jar:/root/.m2/repository/org/openjdk/jmh/jmh-core/1.19/jmh-core-1.19.jar:/root/.m2/repository/net/sf/jopt-simple/jopt-simple/4.6/jopt-simple-4.6.jar:/root/.m2/repository/org/apache/commons/commons-math3/3.1.1/commons-math3-3.1.1.jar:/root/.m2/repository/org/openjdk/jmh/jmh-generator-annprocess/1.19/jmh-generator-annprocess-1.19.jar:/root/.m2/repository/org/mockito/mockito-all/1.8.5/mockito-all-1.8.5.jar:/root/.m2/repository/org/apache/hadoop/hadoop-kms/3.2.0/hadoop-kms-3.2.0.jar:/root/.m2/repository/org/apache/hadoop/hadoop-auth/3.2.0/hadoop-auth-3.2.0.jar:/root/.m2/repository/com/nimbusds/nimbus-jose-jwt/4.41.1/nimbus-jose-jwt-4.41.1.jar:/root/.m2/repository/com/github/stephenc/jcip/jcip-annotations/1.0-1/jcip-annotations-1.0-1.jar:/root/.m2/repository/net/minidev/json-smart/2.3/json-smart-2.3.jar:/root/.m2/repository/net/minidev/accessors-smart/1.2/accessors-smart-1.2.jar:/root/.m2/repository/org/ow2/asm/asm/5.0.4/asm-5.0.4.jar:/root/.m2/repository/org/apache/curator/curator-framework/2.12.0/curator-framework-2.12.0.jar:/root/.m2/repository/com/sun/jersey/jersey-core/1.19/jersey-core-1.19.jar:/root/.m2/repository/javax/ws/rs/jsr311-api/1.1.1/jsr311-api-1.1.1.jar:/root/.m2/repository/com/sun/jersey/jersey-server/1.19/jersey-server-1.19.jar:/root/.m2/repository/javax/servlet/javax.servlet-api/3.1.0/javax.servlet-api-3.1.0.jar:/root/.m2/repository/org/eclipse/jetty/jetty-server/9.3.24.v20180605/jetty-server-9.3.24.v20180605.jar:/root/.m2/repository/org/eclipse/jetty/jetty-http/9.3.24.v20180605/jetty-http-9.3.24.v20180605.jar:/root/.m2/repository/org/eclipse/jetty/jetty-io/9.3.24.v20180605/jetty-io-9.3.24.v20180605.jar:/root/.m2/repository/org/eclipse/jetty/jetty-webapp/9.3.24.v20180605/jetty-webapp-9.3.24.v20180605.jar:/root/.m2/repository/org/eclipse/jetty/jetty-xml/9.3.24.v20180605/jetty-xml-9.3.24.v20180605.jar:/root/.m2/repository/log4j/log4j/1.2.17/log4j-1.2.17.jar:/root/.m2/repository/org/slf4j/slf4j-api/1.7.25/slf4j-api-1.7.25.jar:/root/.m2/repository/org/slf4j/jul-to-slf4j/1.7.25/jul-to-slf4j-1.7.25.jar:/root/.m2/repository/org/eclipse/jetty/jetty-util/9.3.24.v20180605/jetty-util-9.3.24.v20180605.jar:/root/.m2/repository/io/dropwizard/metrics/metrics-core/3.2.4/metrics-core-3.2.4.jar:/root/.m2/repository/com/fasterxml/jackson/core/jackson-databind/2.9.5/jackson-databind-2.9.5.jar:/root/.m2/repository/org/apache/hadoop/hadoop-kms/3.2.0/hadoop-kms-3.2.0-tests.jar:/root/.m2/repository/org/apache/hadoop/hadoop-hdds-server-scm/0.5.0-SNAPSHOT/hadoop-hdds-server-scm-0.5.0-SNAPSHOT-tests.jar:/root/.m2/repository/org/hamcrest/hamcrest-all/1.3/hamcrest-all-1.3.jar:/root/.m2/repository/info/picocli/picocli/3.9.6/picocli-3.9.6.jar:/root/.m2/repository/org/apache/hadoop/hadoop-hdds-container-service/0.5.0-SNAPSHOT/hadoop-hdds-container-service-0.5.0-SNAPSHOT-tests.jar:/root/.m2/repository/org/yaml/snakeyaml/1.16/snakeyaml-1.16.jar:/root/.m2/repository/org/apache/hadoop/hadoop-common/3.2.0/hadoop-common-3.2.0-tests.jar:/root/.m2/repository/org/apache/hadoop/hadoop-annotations/3.2.0/hadoop-annotations-3.2.0.jar:/usr/lib/jvm/java-1.8-openjdk/jre/../lib/tools.jar:/root/.m2/repository/commons-cli/commons-cli/1.2/commons-cli-1.2.jar:/root/.m2/repository/org/apache/httpcomponents/httpclient/4.5.2/httpclient-4.5.2.jar:/root/.m2/repository/org/apache/httpcomponents/httpcore/4.4.4/httpcore-4.4.4.jar:/root/.m2/repository/commons-codec/commons-codec/1.11/commons-codec-1.11.jar:/root/.m2/repository/commons-net/commons-net/3.6/commons-net-3.6.jar:/root/.m2/repository/commons-collections/commons-collections/3.2.2/commons-collections-3.2.2.jar:/root/.m2/repository/org/eclipse/jetty/jetty-servlet/9.3.24.v20180605/jetty-servlet-9.3.24.v20180605.jar:/root/.m2/repository/org/eclipse/jetty/jetty-security/9.3.24.v20180605/jetty-security-9.3.24.v20180605.jar:/root/.m2/repository/javax/servlet/jsp/jsp-api/2.1/jsp-api-2.1.jar:/root/.m2/repository/com/sun/jersey/jersey-servlet/1.19/jersey-servlet-1.19.jar:/root/.m2/repository/com/sun/jersey/jersey-json/1.19/jersey-json-1.19.jar:/root/.m2/repository/org/codehaus/jettison/jettison/1.1/jettison-1.1.jar:/root/.m2/repository/org/codehaus/jackson/jackson-core-asl/1.9.13/jackson-core-asl-1.9.13.jar:/root/.m2/repository/org/codehaus/jackson/jackson-mapper-asl/1.9.13/jackson-mapper-asl-1.9.13.jar:/root/.m2/repository/org/codehaus/jackson/jackson-jaxrs/1.9.13/jackson-jaxrs-1.9.13.jar:/root/.m2/repository/org/codehaus/jackson/jackson-xc/1.9.13/jackson-xc-1.9.13.jar:/root/.m2/repository/commons-logging/commons-logging/1.1.3/commons-logging-1.1.3.jar:/root/.m2/repository/commons-beanutils/commons-beanutils/1.9.3/commons-beanutils-1.9.3.jar:/root/.m2/repository/org/apache/commons/commons-configuration2/2.1.1/commons-configuration2-2.1.1.jar:/root/.m2/repository/org/apache/commons/commons-lang3/3.7/commons-lang3-3.7.jar:/root/.m2/repository/org/apache/commons/commons-text/1.4/commons-text-1.4.jar:/root/.m2/repository/org/apache/avro/avro/1.7.7/avro-1.7.7.jar:/root/.m2/repository/com/thoughtworks/paranamer/paranamer/2.3/paranamer-2.3.jar:/root/.m2/repository/org/xerial/snappy/snappy-java/1.0.5/snappy-java-1.0.5.jar:/root/.m2/repository/com/google/re2j/re2j/1.1/re2j-1.1.jar:/root/.m2/repository/com/google/code/gson/gson/2.2.4/gson-2.2.4.jar:/root/.m2/repository/com/jcraft/jsch/0.1.54/jsch-0.1.54.jar:/root/.m2/repository/org/apache/curator/curator-client/2.12.0/curator-client-2.12.0.jar:/root/.m2/repository/org/apache/curator/curator-recipes/2.12.0/curator-recipes-2.12.0.jar:/root/.m2/repository/com/google/code/findbugs/jsr305/3.0.0/jsr305-3.0.0.jar:/root/.m2/repository/org/apache/htrace/htrace-core4/4.1.0-incubating/htrace-core4-4.1.0-incubating.jar:/root/.m2/repository/org/apache/zookeeper/zookeeper/3.4.13/zookeeper-3.4.13.jar:/root/.m2/repository/org/apache/yetus/audience-annotations/0.5.0/audience-annotations-0.5.0.jar:/root/.m2/repository/org/codehaus/woodstox/stax2-api/3.1.4/stax2-api-3.1.4.jar:/root/.m2/repository/com/fasterxml/woodstox/woodstox-core/5.0.3/woodstox-core-5.0.3.jar:/root/.m2/repository/dnsjava/dnsjava/2.1.7/dnsjava-2.1.7.jar:/root/.m2/repository/org/apache/hadoop/hadoop-hdfs/3.2.0/hadoop-hdfs-3.2.0-tests.jar:/root/.m2/repository/org/eclipse/jetty/jetty-util-ajax/9.3.24.v20180605/jetty-util-ajax-9.3.24.v20180605.jar:/root/.m2/repository/commons-daemon/commons-daemon/1.0.13/commons-daemon-1.0.13.jar:/root/.m2/repository/io/netty/netty/3.10.5.Final/netty-3.10.5.Final.jar:/root/.m2/repository/io/netty/netty-all/4.0.52.Final/netty-all-4.0.52.Final.jar:/root/.m2/repository/org/fusesource/leveldbjni/leveldbjni-all/1.8/leveldbjni-all-1.8.jar:"/>
    <property name="sun.cpu.endian" value="little"/>
    <property name="user.home" value="/root"/>
    <property name="user.language" value="en"/>
    <property name="java.specification.vendor" value="Oracle Corporation"/>
    <property name="java.home" value="/usr/lib/jvm/java-1.8-openjdk/jre"/>
    <property name="java.security.krb5.conf" value="/opt/src/hadoop-ozone/integration-test/target/test-classes/krb5.conf"/>
    <property name="basedir" value="/opt/src/hadoop-ozone/integration-test"/>
    <property name="file.separator" value="/"/>
    <property name="line.separator" value="&#10;"/>
    <property name="java.vm.specification.vendor" value="Oracle Corporation"/>
    <property name="java.specification.name" value="Java Platform API Specification"/>
    <property name="java.awt.graphicsenv" value="sun.awt.X11GraphicsEnvironment"/>
    <property name="surefire.real.class.path" value="/opt/src/hadoop-ozone/integration-test/target/surefire/surefirebooter7270978157036560758.jar"/>
    <property name="hadoop.log.dir" value="/opt/src/hadoop-ozone/integration-test/target/log"/>
    <property name="sun.boot.class.path" value="/usr/lib/jvm/java-1.8-openjdk/jre/lib/resources.jar:/usr/lib/jvm/java-1.8-openjdk/jre/lib/rt.jar:/usr/lib/jvm/java-1.8-openjdk/jre/lib/sunrsasign.jar:/usr/lib/jvm/java-1.8-openjdk/jre/lib/jsse.jar:/usr/lib/jvm/java-1.8-openjdk/jre/lib/jce.jar:/usr/lib/jvm/java-1.8-openjdk/jre/lib/charsets.jar:/usr/lib/jvm/java-1.8-openjdk/jre/lib/jfr.jar:/usr/lib/jvm/java-1.8-openjdk/jre/classes"/>
    <property name="sun.management.compiler" value="HotSpot 64-Bit Tiered Compilers"/>
    <property name="java.runtime.version" value="1.8.0_212-b04"/>
    <property name="java.net.preferIPv4Stack" value="true"/>
    <property name="user.name" value="root"/>
    <property name="path.separator" value=":"/>
    <property name="java.security.egd" value="file:///dev/urandom"/>
    <property name="os.version" value="4.15.0-1021-aws"/>
    <property name="java.endorsed.dirs" value="/usr/lib/jvm/java-1.8-openjdk/jre/lib/endorsed"/>
    <property name="java.runtime.name" value="OpenJDK Runtime Environment"/>
    <property name="file.encoding" value="UTF-8"/>
    <property name="java.vm.name" value="OpenJDK 64-Bit Server VM"/>
    <property name="test.build.webapps" value=""/>
    <property name="localRepository" value="/root/.m2/repository"/>
    <property name="java.vendor.url.bug" value="https://icedtea.classpath.org/bugzilla"/>
    <property name="java.io.tmpdir" value="/tmp"/>
    <property name="require.test.libhadoop" value=""/>
    <property name="java.version" value="1.8.0_212"/>
    <property name="user.dir" value="/opt/src/hadoop-ozone/integration-test"/>
    <property name="os.arch" value="amd64"/>
    <property name="java.vm.specification.name" value="Java Virtual Machine Specification"/>
    <property name="test.build.classes" value="/opt/src/hadoop-ozone/integration-test/target/test-classes"/>
    <property name="java.awt.printerjob" value="sun.print.PSPrinterJob"/>
    <property name="sun.os.patch.level" value="unknown"/>
    <property name="hadoop.tmp.dir" value="/opt/src/hadoop-ozone/integration-test/target/tmp"/>
    <property name="java.library.path" value="/usr/lib/jvm/java-1.8-openjdk/jre/lib/amd64/server:/usr/lib/jvm/java-1.8-openjdk/jre/lib/amd64:/usr/lib/jvm/java-1.8-openjdk/jre/../lib/amd64:/opt/src/hadoop-ozone/integration-test/target/native/target/usr/local/lib:/opt/src/hadoop-ozone/integration-test/../../hadoop-common-project/hadoop-common/target/native/target/usr/local/lib:/usr/java/packages/lib/amd64:/usr/lib64:/lib64:/lib:/usr/lib"/>
    <property name="java.vm.info" value="mixed mode"/>
    <property name="java.vendor" value="IcedTea"/>
    <property name="java.vm.version" value="25.212-b04"/>
    <property name="java.ext.dirs" value="/usr/lib/jvm/java-1.8-openjdk/jre/lib/ext:/usr/java/packages/lib/ext"/>
    <property name="sun.io.unicode.encoding" value="UnicodeLittle"/>
    <property name="java.class.version" value="52.0"/>
  </properties>
  <testcase name="testPipelineFail" classname="org.apache.hadoop.hdds.scm.pipeline.TestNodeFailure" time="0">
    <skipped/>
    <system-out><![CDATA[2019-06-13 15:46:22,589 WARN  server.ServerUtils (ServerUtils.java:getScmDbDir(145)) - ozone.scm.db.dirs is not configured. We recommend adding this setting. Falling back to ozone.metadata.dirs instead.
2019-06-13 15:46:22,695 WARN  server.ServerUtils (ServerUtils.java:getScmDbDir(145)) - ozone.scm.db.dirs is not configured. We recommend adding this setting. Falling back to ozone.metadata.dirs instead.
2019-06-13 15:46:22,699 WARN  server.ServerUtils (ServerUtils.java:getScmDbDir(145)) - ozone.scm.db.dirs is not configured. We recommend adding this setting. Falling back to ozone.metadata.dirs instead.
2019-06-13 15:46:22,719 INFO  util.log (Log.java:initialized(192)) - Logging initialized @815ms
2019-06-13 15:46:22,830 INFO  db.DBStoreBuilder (DBStoreBuilder.java:addTable(110)) - using custom profile for table: deletedBlocks
2019-06-13 15:46:22,830 INFO  db.DBStoreBuilder (DBStoreBuilder.java:processTables(161)) - Using default column profile:DBProfile.DISK for Table:deletedBlocks
2019-06-13 15:46:22,830 INFO  db.DBStoreBuilder (DBStoreBuilder.java:addTable(110)) - using custom profile for table: validCerts
2019-06-13 15:46:22,831 INFO  db.DBStoreBuilder (DBStoreBuilder.java:processTables(161)) - Using default column profile:DBProfile.DISK for Table:validCerts
2019-06-13 15:46:22,831 INFO  db.DBStoreBuilder (DBStoreBuilder.java:addTable(110)) - using custom profile for table: revokedCerts
2019-06-13 15:46:22,831 INFO  db.DBStoreBuilder (DBStoreBuilder.java:processTables(161)) - Using default column profile:DBProfile.DISK for Table:revokedCerts
2019-06-13 15:46:22,844 INFO  db.DBStoreBuilder (DBStoreBuilder.java:addTable(110)) - using custom profile for table: default
2019-06-13 15:46:22,844 INFO  db.DBStoreBuilder (DBStoreBuilder.java:processTables(167)) - Using default column profile:DBProfile.DISK for Table:default
2019-06-13 15:46:22,846 INFO  db.DBStoreBuilder (DBStoreBuilder.java:getDbProfile(198)) - Using default options. DBProfile.DISK
2019-06-13 15:46:22,929 INFO  node.SCMNodeManager (SCMNodeManager.java:<init>(108)) - Entering startup safe mode.
2019-06-13 15:46:23,018 INFO  net.NodeSchemaLoader (NodeSchemaLoader.java:loadSchemaFromFile(125)) - Loading file from sun.misc.CompoundEnumeration@443118b0
2019-06-13 15:46:23,020 INFO  net.NodeSchemaLoader (NodeSchemaLoader.java:loadSchema(171)) - Loading network topology layer schema file
2019-06-13 15:46:23,088 WARN  server.ServerUtils (ServerUtils.java:getScmDbDir(145)) - ozone.scm.db.dirs is not configured. We recommend adding this setting. Falling back to ozone.metadata.dirs instead.
2019-06-13 15:46:23,110 INFO  pipeline.SCMPipelineManager (SCMPipelineManager.java:initializePipelineState(126)) - No pipeline exists in current db
2019-06-13 15:46:23,112 WARN  server.ServerUtils (ServerUtils.java:getScmDbDir(145)) - ozone.scm.db.dirs is not configured. We recommend adding this setting. Falling back to ozone.metadata.dirs instead.
2019-06-13 15:46:23,178 WARN  events.EventQueue (EventQueue.java:fireEvent(175)) - No event handler registered for event TypedEvent{payloadType=SafeModeStatus, name='SafeModeStatus'}
2019-06-13 15:46:23,631 INFO  ipc.CallQueueManager (CallQueueManager.java:<init>(84)) - Using callQueue: class java.util.concurrent.LinkedBlockingQueue, queueCapacity: 2000, scheduler: class org.apache.hadoop.ipc.DefaultRpcScheduler, ipcBackoff: false.
2019-06-13 15:46:23,662 INFO  ipc.Server (Server.java:run(1074)) - Starting Socket Reader #1 for port 41931
2019-06-13 15:46:23,690 INFO  ipc.CallQueueManager (CallQueueManager.java:<init>(84)) - Using callQueue: class java.util.concurrent.LinkedBlockingQueue, queueCapacity: 2000, scheduler: class org.apache.hadoop.ipc.DefaultRpcScheduler, ipcBackoff: false.
2019-06-13 15:46:23,707 INFO  ipc.Server (Server.java:run(1074)) - Starting Socket Reader #1 for port 35707
2019-06-13 15:46:23,726 INFO  ipc.CallQueueManager (CallQueueManager.java:<init>(84)) - Using callQueue: class java.util.concurrent.LinkedBlockingQueue, queueCapacity: 2000, scheduler: class org.apache.hadoop.ipc.DefaultRpcScheduler, ipcBackoff: false.
2019-06-13 15:46:23,773 INFO  ipc.Server (Server.java:run(1074)) - Starting Socket Reader #1 for port 42631
2019-06-13 15:46:23,798 INFO  hdfs.DFSUtil (DFSUtil.java:httpServerTemplateForNNAndJN(1641)) - Starting Web-server for scm at: http://0.0.0.0:0
2019-06-13 15:46:24,018 INFO  server.AuthenticationFilter (AuthenticationFilter.java:constructSecretProvider(240)) - Unable to initialize FileSignerSecretProvider, falling back to use random secrets.
2019-06-13 15:46:24,027 WARN  http.HttpRequestLog (HttpRequestLog.java:getRequestLog(97)) - Jetty request log can only be enabled using Log4j
2019-06-13 15:46:24,040 INFO  http.HttpServer2 (HttpServer2.java:addGlobalFilter(975)) - Added global filter 'safety' (class=org.apache.hadoop.http.HttpServer2$QuotingInputFilter)
2019-06-13 15:46:24,046 INFO  http.HttpServer2 (HttpServer2.java:addFilter(948)) - Added filter static_user_filter (class=org.apache.hadoop.http.lib.StaticUserWebFilter$StaticUserFilter) to context scm
2019-06-13 15:46:24,046 INFO  http.HttpServer2 (HttpServer2.java:addFilter(958)) - Added filter static_user_filter (class=org.apache.hadoop.http.lib.StaticUserWebFilter$StaticUserFilter) to context logs
2019-06-13 15:46:24,046 INFO  http.HttpServer2 (HttpServer2.java:addFilter(958)) - Added filter static_user_filter (class=org.apache.hadoop.http.lib.StaticUserWebFilter$StaticUserFilter) to context static
2019-06-13 15:46:24,094 INFO  server.StorageContainerManager (StorageContainerManager.java:start(752)) - StorageContainerLocationProtocol RPC server is listening at /0.0.0.0:42631
2019-06-13 15:46:24,164 WARN  impl.MetricsConfig (MetricsConfig.java:loadFirst(134)) - Cannot locate configuration: tried hadoop-metrics2-storagecontainermanager.properties,hadoop-metrics2.properties
2019-06-13 15:46:24,182 INFO  impl.MetricsSystemImpl (MetricsSystemImpl.java:startTimer(374)) - Scheduled Metric snapshot period at 10 second(s).
2019-06-13 15:46:24,182 INFO  impl.MetricsSystemImpl (MetricsSystemImpl.java:start(191)) - StorageContainerManager metrics system started
2019-06-13 15:46:24,443 INFO  server.SCMClientProtocolServer (SCMClientProtocolServer.java:start(149)) - RPC server for Client  is listening at /0.0.0.0:42631
2019-06-13 15:46:24,444 INFO  ipc.Server (Server.java:run(1314)) - IPC Server Responder: starting
2019-06-13 15:46:24,445 INFO  ipc.Server (Server.java:run(1153)) - IPC Server listener on 42631: starting
2019-06-13 15:46:24,452 INFO  server.StorageContainerManager (StorageContainerManager.java:start(761)) - ScmBlockLocationProtocol RPC server is listening at /0.0.0.0:35707
2019-06-13 15:46:24,453 INFO  server.SCMBlockProtocolServer (SCMBlockProtocolServer.java:start(137)) - RPC server for Block Protocol is listening at /0.0.0.0:35707
2019-06-13 15:46:24,453 INFO  ipc.Server (Server.java:run(1314)) - IPC Server Responder: starting
2019-06-13 15:46:24,454 INFO  ipc.Server (Server.java:run(1153)) - IPC Server listener on 35707: starting
2019-06-13 15:46:24,464 INFO  server.StorageContainerManager (StorageContainerManager.java:start(765)) - ScmDatanodeProtocl RPC server is listening at /0.0.0.0:41931
2019-06-13 15:46:24,464 INFO  server.SCMDatanodeProtocolServer (SCMDatanodeProtocolServer.java:start(191)) - RPC server for DataNodes is listening at /0.0.0.0:41931
2019-06-13 15:46:24,465 INFO  ipc.Server (Server.java:run(1314)) - IPC Server Responder: starting
2019-06-13 15:46:24,465 INFO  ipc.Server (Server.java:run(1153)) - IPC Server listener on 41931: starting
2019-06-13 15:46:24,471 INFO  http.HttpServer2 (HttpServer2.java:bindListener(1191)) - Jetty bound to port 41505
2019-06-13 15:46:24,473 INFO  server.Server (Server.java:doStart(351)) - jetty-9.3.24.v20180605, build timestamp: 2018-06-05T17:11:56Z, git hash: 84205aa28f11a4f31f2a3b86d1bba2cc8ab69827
2019-06-13 15:46:24,526 INFO  handler.ContextHandler (ContextHandler.java:doStart(781)) - Started o.e.j.s.ServletContextHandler@2df6226d{/logs,file:///opt/src/hadoop-ozone/integration-test/target/log,AVAILABLE}
2019-06-13 15:46:24,527 INFO  handler.ContextHandler (ContextHandler.java:doStart(781)) - Started o.e.j.s.ServletContextHandler@4ff4357f{/static,file:///opt/src/hadoop-ozone/integration-test/target/test-classes/webapps/static,AVAILABLE}
2019-06-13 15:46:24,562 INFO  handler.ContextHandler (ContextHandler.java:doStart(781)) - Started o.e.j.w.WebAppContext@34645867{/,file:///opt/src/hadoop-ozone/integration-test/target/test-classes/webapps/scm/,AVAILABLE}{/scm}
2019-06-13 15:46:24,568 INFO  server.AbstractConnector (AbstractConnector.java:doStart(278)) - Started ServerConnector@66629f63{HTTP/1.1,[http/1.1]}{0.0.0.0:41505}
2019-06-13 15:46:24,568 INFO  server.Server (Server.java:doStart(419)) - Started @2664ms
2019-06-13 15:46:24,569 INFO  server.BaseHttpServer (BaseHttpServer.java:updateConnectorAddress(207)) - HTTP server of SCM is listening at http://0.0.0.0:41505
2019-06-13 15:46:24,587 INFO  util.JvmPauseMonitor (JvmPauseMonitor.java:run(188)) - Starting JVM pause monitor
2019-06-13 15:46:24,590 WARN  scm.ScmUtils (ScmUtils.java:getDBPath(63)) - ozone.om.db.dirs is not configured. We recommend adding this setting. Falling back to ozone.metadata.dirs instead.
2019-06-13 15:46:24,706 WARN  scm.ScmUtils (ScmUtils.java:getDBPath(63)) - ozone.om.db.dirs is not configured. We recommend adding this setting. Falling back to ozone.metadata.dirs instead.
2019-06-13 15:46:24,707 INFO  om.OzoneManager (OzoneManager.java:setOMNodeDetails(519)) - OM Service ID is not set. Setting it to the default ID: omServiceIdDefault
2019-06-13 15:46:24,707 INFO  om.OzoneManager (OzoneManager.java:setOMNodeDetails(525)) - OM Node ID is not set. Setting it to the OmStorage's OmID: 14c7ea8f-5af1-44f8-bba6-46de56f4381a
2019-06-13 15:46:24,709 WARN  scm.HddsServerUtil (HddsServerUtil.java:getDefaultRatisDirectory(354)) - Storage directory for Ratis is not configured. It is a good idea to map this to an SSD disk. Falling back to ozone.metadata.dirs
2019-06-13 15:46:24,709 WARN  scm.HddsServerUtil (HddsServerUtil.java:getDefaultRatisDirectory(354)) - Storage directory for Ratis is not configured. It is a good idea to map this to an SSD disk. Falling back to ozone.metadata.dirs
2019-06-13 15:46:24,710 INFO  om.OzoneManager (OzoneManager.java:loadOMHAConfigs(476)) - Found matching OM address with OMServiceId: null, OMNodeId: null, RPC Address: localhost:0 and Ratis port: 9872
2019-06-13 15:46:24,999 WARN  scm.ScmUtils (ScmUtils.java:getDBPath(63)) - ozone.om.db.dirs is not configured. We recommend adding this setting. Falling back to ozone.metadata.dirs instead.
2019-06-13 15:46:25,016 INFO  db.DBStoreBuilder (DBStoreBuilder.java:addTable(110)) - using custom profile for table: userTable
2019-06-13 15:46:25,017 INFO  db.DBStoreBuilder (DBStoreBuilder.java:processTables(161)) - Using default column profile:DBProfile.DISK for Table:userTable
2019-06-13 15:46:25,017 INFO  db.DBStoreBuilder (DBStoreBuilder.java:addTable(110)) - using custom profile for table: volumeTable
2019-06-13 15:46:25,017 INFO  db.DBStoreBuilder (DBStoreBuilder.java:processTables(161)) - Using default column profile:DBProfile.DISK for Table:volumeTable
2019-06-13 15:46:25,018 INFO  db.DBStoreBuilder (DBStoreBuilder.java:addTable(110)) - using custom profile for table: bucketTable
2019-06-13 15:46:25,018 INFO  db.DBStoreBuilder (DBStoreBuilder.java:processTables(161)) - Using default column profile:DBProfile.DISK for Table:bucketTable
2019-06-13 15:46:25,018 INFO  db.DBStoreBuilder (DBStoreBuilder.java:addTable(110)) - using custom profile for table: keyTable
2019-06-13 15:46:25,018 INFO  db.DBStoreBuilder (DBStoreBuilder.java:processTables(161)) - Using default column profile:DBProfile.DISK for Table:keyTable
2019-06-13 15:46:25,023 INFO  db.DBStoreBuilder (DBStoreBuilder.java:addTable(110)) - using custom profile for table: deletedTable
2019-06-13 15:46:25,023 INFO  db.DBStoreBuilder (DBStoreBuilder.java:processTables(161)) - Using default column profile:DBProfile.DISK for Table:deletedTable
2019-06-13 15:46:25,023 INFO  db.DBStoreBuilder (DBStoreBuilder.java:addTable(110)) - using custom profile for table: openKeyTable
2019-06-13 15:46:25,023 INFO  db.DBStoreBuilder (DBStoreBuilder.java:processTables(161)) - Using default column profile:DBProfile.DISK for Table:openKeyTable
2019-06-13 15:46:25,024 INFO  db.DBStoreBuilder (DBStoreBuilder.java:addTable(110)) - using custom profile for table: s3Table
2019-06-13 15:46:25,024 INFO  db.DBStoreBuilder (DBStoreBuilder.java:processTables(161)) - Using default column profile:DBProfile.DISK for Table:s3Table
2019-06-13 15:46:25,024 INFO  db.DBStoreBuilder (DBStoreBuilder.java:addTable(110)) - using custom profile for table: multipartInfoTable
2019-06-13 15:46:25,024 INFO  db.DBStoreBuilder (DBStoreBuilder.java:processTables(161)) - Using default column profile:DBProfile.DISK for Table:multipartInfoTable
2019-06-13 15:46:25,025 INFO  db.DBStoreBuilder (DBStoreBuilder.java:addTable(110)) - using custom profile for table: dTokenTable
2019-06-13 15:46:25,025 INFO  db.DBStoreBuilder (DBStoreBuilder.java:processTables(161)) - Using default column profile:DBProfile.DISK for Table:dTokenTable
2019-06-13 15:46:25,025 INFO  db.DBStoreBuilder (DBStoreBuilder.java:addTable(110)) - using custom profile for table: s3SecretTable
2019-06-13 15:46:25,025 INFO  db.DBStoreBuilder (DBStoreBuilder.java:processTables(161)) - Using default column profile:DBProfile.DISK for Table:s3SecretTable
2019-06-13 15:46:25,027 INFO  db.DBStoreBuilder (DBStoreBuilder.java:addTable(110)) - using custom profile for table: prefixTable
2019-06-13 15:46:25,027 INFO  db.DBStoreBuilder (DBStoreBuilder.java:processTables(161)) - Using default column profile:DBProfile.DISK for Table:prefixTable
2019-06-13 15:46:25,027 INFO  db.DBStoreBuilder (DBStoreBuilder.java:addTable(110)) - using custom profile for table: default
2019-06-13 15:46:25,028 INFO  db.DBStoreBuilder (DBStoreBuilder.java:processTables(167)) - Using default column profile:DBProfile.DISK for Table:default
2019-06-13 15:46:25,028 INFO  db.DBStoreBuilder (DBStoreBuilder.java:getDbProfile(198)) - Using default options. DBProfile.DISK
2019-06-13 15:46:25,681 INFO  ipc.CallQueueManager (CallQueueManager.java:<init>(84)) - Using callQueue: class java.util.concurrent.LinkedBlockingQueue, queueCapacity: 2000, scheduler: class org.apache.hadoop.ipc.DefaultRpcScheduler, ipcBackoff: false.
2019-06-13 15:46:25,681 INFO  ipc.Server (Server.java:run(1074)) - Starting Socket Reader #1 for port 36317
2019-06-13 15:46:25,709 WARN  scm.ScmUtils (ScmUtils.java:getDBPath(63)) - ozone.om.db.dirs is not configured. We recommend adding this setting. Falling back to ozone.metadata.dirs instead.
2019-06-13 15:46:25,710 INFO  om.OzoneManager (OzoneManager.java:start(1217)) - OzoneManager RPC server is listening at localhost/127.0.0.1:36317
2019-06-13 15:46:25,710 INFO  impl.MetricsSystemImpl (MetricsSystemImpl.java:init(158)) - OzoneManager metrics system started (again)
2019-06-13 15:46:25,715 INFO  ipc.Server (Server.java:run(1314)) - IPC Server Responder: starting
2019-06-13 15:46:25,715 INFO  ipc.Server (Server.java:run(1153)) - IPC Server listener on 36317: starting
2019-06-13 15:46:25,732 INFO  hdfs.DFSUtil (DFSUtil.java:httpServerTemplateForNNAndJN(1641)) - Starting Web-server for ozoneManager at: http://0.0.0.0:0
2019-06-13 15:46:25,733 INFO  server.AuthenticationFilter (AuthenticationFilter.java:constructSecretProvider(240)) - Unable to initialize FileSignerSecretProvider, falling back to use random secrets.
2019-06-13 15:46:25,734 WARN  http.HttpRequestLog (HttpRequestLog.java:getRequestLog(97)) - Jetty request log can only be enabled using Log4j
2019-06-13 15:46:25,736 INFO  http.HttpServer2 (HttpServer2.java:addGlobalFilter(975)) - Added global filter 'safety' (class=org.apache.hadoop.http.HttpServer2$QuotingInputFilter)
2019-06-13 15:46:25,736 INFO  http.HttpServer2 (HttpServer2.java:addFilter(948)) - Added filter static_user_filter (class=org.apache.hadoop.http.lib.StaticUserWebFilter$StaticUserFilter) to context ozoneManager
2019-06-13 15:46:25,736 INFO  http.HttpServer2 (HttpServer2.java:addFilter(958)) - Added filter static_user_filter (class=org.apache.hadoop.http.lib.StaticUserWebFilter$StaticUserFilter) to context logs
2019-06-13 15:46:25,736 INFO  http.HttpServer2 (HttpServer2.java:addFilter(958)) - Added filter static_user_filter (class=org.apache.hadoop.http.lib.StaticUserWebFilter$StaticUserFilter) to context static
2019-06-13 15:46:25,738 INFO  http.HttpServer2 (HttpServer2.java:bindListener(1191)) - Jetty bound to port 44563
2019-06-13 15:46:25,738 INFO  server.Server (Server.java:doStart(351)) - jetty-9.3.24.v20180605, build timestamp: 2018-06-05T17:11:56Z, git hash: 84205aa28f11a4f31f2a3b86d1bba2cc8ab69827
2019-06-13 15:46:25,740 INFO  handler.ContextHandler (ContextHandler.java:doStart(781)) - Started o.e.j.s.ServletContextHandler@30feffc{/logs,file:///opt/src/hadoop-ozone/integration-test/target/log,AVAILABLE}
2019-06-13 15:46:25,743 INFO  handler.ContextHandler (ContextHandler.java:doStart(781)) - Started o.e.j.s.ServletContextHandler@bcb09a6{/static,file:///opt/src/hadoop-ozone/integration-test/target/test-classes/webapps/static,AVAILABLE}
2019-06-13 15:46:25,747 INFO  handler.ContextHandler (ContextHandler.java:doStart(781)) - Started o.e.j.w.WebAppContext@63429932{/,file:///opt/src/hadoop-ozone/integration-test/target/test-classes/webapps/ozoneManager/,AVAILABLE}{/ozoneManager}
2019-06-13 15:46:25,748 INFO  server.AbstractConnector (AbstractConnector.java:doStart(278)) - Started ServerConnector@69ce2f62{HTTP/1.1,[http/1.1]}{0.0.0.0:44563}
2019-06-13 15:46:25,748 INFO  server.Server (Server.java:doStart(419)) - Started @3844ms
2019-06-13 15:46:25,749 INFO  server.BaseHttpServer (BaseHttpServer.java:updateConnectorAddress(207)) - HTTP server of OZONEMANAGER is listening at http://0.0.0.0:44563
2019-06-13 15:46:25,881 INFO  impl.MetricsSystemImpl (MetricsSystemImpl.java:init(158)) - HddsDatanode metrics system started (again)
2019-06-13 15:46:26,058 INFO  ozone.HddsDatanodeService (HddsDatanodeService.java:start(185)) - HddsDatanodeService host:ozone-z9zf6-1652263048 ip:192.168.11.208
2019-06-13 15:46:26,088 INFO  volume.HddsVolume (HddsVolume.java:<init>(176)) - Creating Volume: /opt/src/hadoop-ozone/integration-test/target/test-dir/MiniOzoneClusterImpl-419b8570-9882-48f9-bf59-9d038d35cd14/datanode-0/data/containers/hdds of  storage type : DISK and capacity : 104021790720
2019-06-13 15:46:26,090 INFO  volume.VolumeSet (VolumeSet.java:initializeVolumeSet(170)) - Added Volume : /opt/src/hadoop-ozone/integration-test/target/test-dir/MiniOzoneClusterImpl-419b8570-9882-48f9-bf59-9d038d35cd14/datanode-0/data/containers/hdds to VolumeSet
2019-06-13 15:46:26,093 INFO  volume.ThrottledAsyncChecker (ThrottledAsyncChecker.java:schedule(140)) - Scheduling a check for org.apache.hadoop.ozone.container.common.volume.HddsVolume@2a27cb34
2019-06-13 15:46:26,131 INFO  volume.HddsVolumeChecker (HddsVolumeChecker.java:checkAllVolumes(203)) - Scheduled health check for volume org.apache.hadoop.ozone.container.common.volume.HddsVolume@2a27cb34
2019-06-13 15:46:26,208 INFO  ratis.XceiverServerRatis (XceiverServerRatis.java:newXceiverServerRatis(401)) - Found a free port for the server : 40381
2019-06-13 15:46:26,320 INFO  impl.RaftServerProxy (ConfUtils.java:logGet(43)) - raft.rpc.type = GRPC (default)
2019-06-13 15:46:26,330 INFO  grpc.GrpcConfigKeys$Server (ConfUtils.java:logGet(43)) - raft.grpc.server.port = 40381 (custom)
2019-06-13 15:46:26,331 INFO  server.GrpcService (ConfUtils.java:logGet(43)) - raft.grpc.message.size.max = 33570816 (custom)
2019-06-13 15:46:26,332 INFO  server.RaftServerConfigKeys (ConfUtils.java:logGet(43)) - raft.server.log.appender.buffer.byte-limit = 33554432 (custom)
2019-06-13 15:46:26,333 INFO  server.GrpcService (ConfUtils.java:logGet(43)) - raft.grpc.flow.control.window = 1MB (=1048576) (default)
2019-06-13 15:46:26,334 INFO  server.RaftServerConfigKeys (ConfUtils.java:logGet(43)) - raft.server.rpc.request.timeout = 3000ms (default)
2019-06-13 15:46:26,515 INFO  server.RaftServerConfigKeys (ConfUtils.java:logGet(43)) - raft.server.storage.dir = [/opt/src/hadoop-ozone/integration-test/target/test-dir/MiniOzoneClusterImpl-419b8570-9882-48f9-bf59-9d038d35cd14/datanode-0/data/ratis] (custom)
2019-06-13 15:46:26,521 INFO  server.XceiverServerGrpc (XceiverServerGrpc.java:<init>(97)) - Found a free port for the server : 32795
2019-06-13 15:46:26,551 INFO  replication.SimpleContainerDownloader (SimpleContainerDownloader.java:<init>(72)) - Starting container downloader service to copy containers to replicate.
2019-06-13 15:46:26,564 INFO  hdfs.DFSUtil (DFSUtil.java:httpServerTemplateForNNAndJN(1641)) - Starting Web-server for hddsDatanode at: http://0.0.0.0:0
2019-06-13 15:46:26,565 INFO  server.AuthenticationFilter (AuthenticationFilter.java:constructSecretProvider(240)) - Unable to initialize FileSignerSecretProvider, falling back to use random secrets.
2019-06-13 15:46:26,566 WARN  http.HttpRequestLog (HttpRequestLog.java:getRequestLog(97)) - Jetty request log can only be enabled using Log4j
2019-06-13 15:46:26,568 INFO  http.HttpServer2 (HttpServer2.java:addGlobalFilter(975)) - Added global filter 'safety' (class=org.apache.hadoop.http.HttpServer2$QuotingInputFilter)
2019-06-13 15:46:26,569 INFO  http.HttpServer2 (HttpServer2.java:addFilter(948)) - Added filter static_user_filter (class=org.apache.hadoop.http.lib.StaticUserWebFilter$StaticUserFilter) to context hddsDatanode
2019-06-13 15:46:26,569 INFO  http.HttpServer2 (HttpServer2.java:addFilter(958)) - Added filter static_user_filter (class=org.apache.hadoop.http.lib.StaticUserWebFilter$StaticUserFilter) to context logs
2019-06-13 15:46:26,569 INFO  http.HttpServer2 (HttpServer2.java:addFilter(958)) - Added filter static_user_filter (class=org.apache.hadoop.http.lib.StaticUserWebFilter$StaticUserFilter) to context static
2019-06-13 15:46:26,570 INFO  http.HttpServer2 (HttpServer2.java:bindListener(1191)) - Jetty bound to port 42913
2019-06-13 15:46:26,570 INFO  server.Server (Server.java:doStart(351)) - jetty-9.3.24.v20180605, build timestamp: 2018-06-05T17:11:56Z, git hash: 84205aa28f11a4f31f2a3b86d1bba2cc8ab69827
2019-06-13 15:46:26,577 INFO  handler.ContextHandler (ContextHandler.java:doStart(781)) - Started o.e.j.s.ServletContextHandler@3c0bbc9f{/logs,file:///opt/src/hadoop-ozone/integration-test/target/log,AVAILABLE}
2019-06-13 15:46:26,577 INFO  handler.ContextHandler (ContextHandler.java:doStart(781)) - Started o.e.j.s.ServletContextHandler@6438a7fe{/static,jar:file:/root/.m2/repository/org/apache/hadoop/hadoop-hdds-container-service/0.5.0-SNAPSHOT/hadoop-hdds-container-service-0.5.0-SNAPSHOT.jar!/webapps/static,AVAILABLE}
2019-06-13 15:46:26,630 INFO  handler.ContextHandler (ContextHandler.java:doStart(781)) - Started o.e.j.w.WebAppContext@2042ccce{/,file:///tmp/jetty-0.0.0.0-42913-hddsDatanode-_-any-77478436233800402.dir/webapp/,AVAILABLE}{/hddsDatanode}
2019-06-13 15:46:26,631 INFO  server.AbstractConnector (AbstractConnector.java:doStart(278)) - Started ServerConnector@7efbcc10{HTTP/1.1,[http/1.1]}{0.0.0.0:42913}
2019-06-13 15:46:26,631 INFO  server.Server (Server.java:doStart(419)) - Started @4727ms
2019-06-13 15:46:26,633 INFO  server.BaseHttpServer (BaseHttpServer.java:updateConnectorAddress(207)) - HTTP server of HDDSDATANODE is listening at http://0.0.0.0:42913
2019-06-13 15:46:27,789 INFO  ozone.HddsDatanodeService (HddsDatanodeService.java:startPlugins(396)) - Started plug-in org.apache.hadoop.ozone.web.OzoneHddsDatanodeService@433d9680
2019-06-13 15:46:27,790 INFO  impl.MetricsSystemImpl (MetricsSystemImpl.java:init(158)) - HddsDatanode metrics system started (again)
2019-06-13 15:46:27,790 INFO  ozone.HddsDatanodeService (HddsDatanodeService.java:start(185)) - HddsDatanodeService host:ozone-z9zf6-1652263048 ip:192.168.11.208
2019-06-13 15:46:27,803 INFO  util.JvmPauseMonitor (JvmPauseMonitor.java:run(188)) - Starting JVM pause monitor
2019-06-13 15:46:27,806 INFO  volume.HddsVolume (HddsVolume.java:<init>(176)) - Creating Volume: /opt/src/hadoop-ozone/integration-test/target/test-dir/MiniOzoneClusterImpl-419b8570-9882-48f9-bf59-9d038d35cd14/datanode-1/data/containers/hdds of  storage type : DISK and capacity : 104021790720
2019-06-13 15:46:27,806 INFO  volume.VolumeSet (VolumeSet.java:initializeVolumeSet(170)) - Added Volume : /opt/src/hadoop-ozone/integration-test/target/test-dir/MiniOzoneClusterImpl-419b8570-9882-48f9-bf59-9d038d35cd14/datanode-1/data/containers/hdds to VolumeSet
2019-06-13 15:46:27,806 INFO  volume.ThrottledAsyncChecker (ThrottledAsyncChecker.java:schedule(140)) - Scheduling a check for org.apache.hadoop.ozone.container.common.volume.HddsVolume@6002e944
2019-06-13 15:46:27,815 INFO  volume.HddsVolumeChecker (HddsVolumeChecker.java:checkAllVolumes(203)) - Scheduled health check for volume org.apache.hadoop.ozone.container.common.volume.HddsVolume@6002e944
2019-06-13 15:46:27,834 INFO  ratis.XceiverServerRatis (XceiverServerRatis.java:newXceiverServerRatis(401)) - Found a free port for the server : 41157
2019-06-13 15:46:27,835 INFO  impl.RaftServerProxy (ConfUtils.java:logGet(43)) - raft.rpc.type = GRPC (default)
2019-06-13 15:46:27,835 INFO  grpc.GrpcConfigKeys$Server (ConfUtils.java:logGet(43)) - raft.grpc.server.port = 41157 (custom)
2019-06-13 15:46:27,835 INFO  server.GrpcService (ConfUtils.java:logGet(43)) - raft.grpc.message.size.max = 33570816 (custom)
2019-06-13 15:46:27,835 INFO  server.RaftServerConfigKeys (ConfUtils.java:logGet(43)) - raft.server.log.appender.buffer.byte-limit = 33554432 (custom)
2019-06-13 15:46:27,836 INFO  server.GrpcService (ConfUtils.java:logGet(43)) - raft.grpc.flow.control.window = 1MB (=1048576) (default)
2019-06-13 15:46:27,836 INFO  server.RaftServerConfigKeys (ConfUtils.java:logGet(43)) - raft.server.rpc.request.timeout = 3000ms (default)
2019-06-13 15:46:27,837 INFO  server.RaftServerConfigKeys (ConfUtils.java:logGet(43)) - raft.server.storage.dir = [/opt/src/hadoop-ozone/integration-test/target/test-dir/MiniOzoneClusterImpl-419b8570-9882-48f9-bf59-9d038d35cd14/datanode-1/data/ratis] (custom)
2019-06-13 15:46:27,837 INFO  server.XceiverServerGrpc (XceiverServerGrpc.java:<init>(97)) - Found a free port for the server : 38601
2019-06-13 15:46:27,837 INFO  replication.SimpleContainerDownloader (SimpleContainerDownloader.java:<init>(72)) - Starting container downloader service to copy containers to replicate.
2019-06-13 15:46:27,838 INFO  hdfs.DFSUtil (DFSUtil.java:httpServerTemplateForNNAndJN(1641)) - Starting Web-server for hddsDatanode at: http://0.0.0.0:0
2019-06-13 15:46:27,840 INFO  server.AuthenticationFilter (AuthenticationFilter.java:constructSecretProvider(240)) - Unable to initialize FileSignerSecretProvider, falling back to use random secrets.
2019-06-13 15:46:27,843 WARN  http.HttpRequestLog (HttpRequestLog.java:getRequestLog(97)) - Jetty request log can only be enabled using Log4j
2019-06-13 15:46:27,844 INFO  http.HttpServer2 (HttpServer2.java:addGlobalFilter(975)) - Added global filter 'safety' (class=org.apache.hadoop.http.HttpServer2$QuotingInputFilter)
2019-06-13 15:46:27,845 INFO  http.HttpServer2 (HttpServer2.java:addFilter(948)) - Added filter static_user_filter (class=org.apache.hadoop.http.lib.StaticUserWebFilter$StaticUserFilter) to context hddsDatanode
2019-06-13 15:46:27,845 INFO  http.HttpServer2 (HttpServer2.java:addFilter(958)) - Added filter static_user_filter (class=org.apache.hadoop.http.lib.StaticUserWebFilter$StaticUserFilter) to context static
2019-06-13 15:46:27,845 INFO  http.HttpServer2 (HttpServer2.java:addFilter(958)) - Added filter static_user_filter (class=org.apache.hadoop.http.lib.StaticUserWebFilter$StaticUserFilter) to context logs
2019-06-13 15:46:27,846 INFO  http.HttpServer2 (HttpServer2.java:bindListener(1191)) - Jetty bound to port 33741
2019-06-13 15:46:27,846 INFO  server.Server (Server.java:doStart(351)) - jetty-9.3.24.v20180605, build timestamp: 2018-06-05T17:11:56Z, git hash: 84205aa28f11a4f31f2a3b86d1bba2cc8ab69827
2019-06-13 15:46:27,848 INFO  handler.ContextHandler (ContextHandler.java:doStart(781)) - Started o.e.j.s.ServletContextHandler@637791d{/logs,file:///opt/src/hadoop-ozone/integration-test/target/log,AVAILABLE}
2019-06-13 15:46:27,850 INFO  handler.ContextHandler (ContextHandler.java:doStart(781)) - Started o.e.j.s.ServletContextHandler@60f77af{/static,jar:file:/root/.m2/repository/org/apache/hadoop/hadoop-hdds-container-service/0.5.0-SNAPSHOT/hadoop-hdds-container-service-0.5.0-SNAPSHOT.jar!/webapps/static,AVAILABLE}
2019-06-13 15:46:27,875 INFO  handler.ContextHandler (ContextHandler.java:doStart(781)) - Started o.e.j.w.WebAppContext@262a1fad{/,file:///tmp/jetty-0.0.0.0-33741-hddsDatanode-_-any-5868976610936085423.dir/webapp/,AVAILABLE}{/hddsDatanode}
2019-06-13 15:46:27,876 INFO  server.AbstractConnector (AbstractConnector.java:doStart(278)) - Started ServerConnector@6be6931f{HTTP/1.1,[http/1.1]}{0.0.0.0:33741}
2019-06-13 15:46:27,876 INFO  server.Server (Server.java:doStart(419)) - Started @5972ms
2019-06-13 15:46:27,877 INFO  server.BaseHttpServer (BaseHttpServer.java:updateConnectorAddress(207)) - HTTP server of HDDSDATANODE is listening at http://0.0.0.0:33741
2019-06-13 15:46:27,921 INFO  datanode.InitDatanodeState (InitDatanodeState.java:persistContainerDatanodeDetails(140)) - DatanodeDetails is persisted to /opt/src/hadoop-ozone/integration-test/target/test-dir/MiniOzoneClusterImpl-419b8570-9882-48f9-bf59-9d038d35cd14/datanode-0/meta/datanode.id
2019-06-13 15:46:27,997 INFO  ozone.HddsDatanodeService (HddsDatanodeService.java:startPlugins(396)) - Started plug-in org.apache.hadoop.ozone.web.OzoneHddsDatanodeService@55c57422
2019-06-13 15:46:27,999 INFO  impl.MetricsSystemImpl (MetricsSystemImpl.java:init(158)) - HddsDatanode metrics system started (again)
2019-06-13 15:46:28,000 INFO  ozone.HddsDatanodeService (HddsDatanodeService.java:start(185)) - HddsDatanodeService host:ozone-z9zf6-1652263048 ip:192.168.11.208
2019-06-13 15:46:28,009 INFO  volume.HddsVolume (HddsVolume.java:<init>(176)) - Creating Volume: /opt/src/hadoop-ozone/integration-test/target/test-dir/MiniOzoneClusterImpl-419b8570-9882-48f9-bf59-9d038d35cd14/datanode-2/data/containers/hdds of  storage type : DISK and capacity : 104021790720
2019-06-13 15:46:28,009 INFO  volume.VolumeSet (VolumeSet.java:initializeVolumeSet(170)) - Added Volume : /opt/src/hadoop-ozone/integration-test/target/test-dir/MiniOzoneClusterImpl-419b8570-9882-48f9-bf59-9d038d35cd14/datanode-2/data/containers/hdds to VolumeSet
2019-06-13 15:46:28,010 INFO  volume.ThrottledAsyncChecker (ThrottledAsyncChecker.java:schedule(140)) - Scheduling a check for org.apache.hadoop.ozone.container.common.volume.HddsVolume@64502326
2019-06-13 15:46:28,015 INFO  volume.HddsVolumeChecker (HddsVolumeChecker.java:checkAllVolumes(203)) - Scheduled health check for volume org.apache.hadoop.ozone.container.common.volume.HddsVolume@64502326
2019-06-13 15:46:28,053 INFO  util.JvmPauseMonitor (JvmPauseMonitor.java:run(188)) - Starting JVM pause monitor
2019-06-13 15:46:28,058 INFO  ratis.XceiverServerRatis (XceiverServerRatis.java:newXceiverServerRatis(401)) - Found a free port for the server : 40777
2019-06-13 15:46:28,059 INFO  impl.RaftServerProxy (ConfUtils.java:logGet(43)) - raft.rpc.type = GRPC (default)
2019-06-13 15:46:28,059 INFO  grpc.GrpcConfigKeys$Server (ConfUtils.java:logGet(43)) - raft.grpc.server.port = 40777 (custom)
2019-06-13 15:46:28,059 INFO  server.GrpcService (ConfUtils.java:logGet(43)) - raft.grpc.message.size.max = 33570816 (custom)
2019-06-13 15:46:28,059 INFO  server.RaftServerConfigKeys (ConfUtils.java:logGet(43)) - raft.server.log.appender.buffer.byte-limit = 33554432 (custom)
2019-06-13 15:46:28,060 INFO  server.GrpcService (ConfUtils.java:logGet(43)) - raft.grpc.flow.control.window = 1MB (=1048576) (default)
2019-06-13 15:46:28,060 INFO  server.RaftServerConfigKeys (ConfUtils.java:logGet(43)) - raft.server.rpc.request.timeout = 3000ms (default)
2019-06-13 15:46:28,061 INFO  server.RaftServerConfigKeys (ConfUtils.java:logGet(43)) - raft.server.storage.dir = [/opt/src/hadoop-ozone/integration-test/target/test-dir/MiniOzoneClusterImpl-419b8570-9882-48f9-bf59-9d038d35cd14/datanode-2/data/ratis] (custom)
2019-06-13 15:46:28,062 INFO  server.XceiverServerGrpc (XceiverServerGrpc.java:<init>(97)) - Found a free port for the server : 44479
2019-06-13 15:46:28,062 INFO  replication.SimpleContainerDownloader (SimpleContainerDownloader.java:<init>(72)) - Starting container downloader service to copy containers to replicate.
2019-06-13 15:46:28,065 INFO  hdfs.DFSUtil (DFSUtil.java:httpServerTemplateForNNAndJN(1641)) - Starting Web-server for hddsDatanode at: http://0.0.0.0:0
2019-06-13 15:46:28,065 INFO  datanode.InitDatanodeState (InitDatanodeState.java:persistContainerDatanodeDetails(140)) - DatanodeDetails is persisted to /opt/src/hadoop-ozone/integration-test/target/test-dir/MiniOzoneClusterImpl-419b8570-9882-48f9-bf59-9d038d35cd14/datanode-1/meta/datanode.id
2019-06-13 15:46:28,071 INFO  server.AuthenticationFilter (AuthenticationFilter.java:constructSecretProvider(240)) - Unable to initialize FileSignerSecretProvider, falling back to use random secrets.
2019-06-13 15:46:28,071 WARN  http.HttpRequestLog (HttpRequestLog.java:getRequestLog(97)) - Jetty request log can only be enabled using Log4j
2019-06-13 15:46:28,073 INFO  http.HttpServer2 (HttpServer2.java:addGlobalFilter(975)) - Added global filter 'safety' (class=org.apache.hadoop.http.HttpServer2$QuotingInputFilter)
2019-06-13 15:46:28,074 INFO  http.HttpServer2 (HttpServer2.java:addFilter(948)) - Added filter static_user_filter (class=org.apache.hadoop.http.lib.StaticUserWebFilter$StaticUserFilter) to context hddsDatanode
2019-06-13 15:46:28,074 INFO  http.HttpServer2 (HttpServer2.java:addFilter(958)) - Added filter static_user_filter (class=org.apache.hadoop.http.lib.StaticUserWebFilter$StaticUserFilter) to context static
2019-06-13 15:46:28,074 INFO  http.HttpServer2 (HttpServer2.java:addFilter(958)) - Added filter static_user_filter (class=org.apache.hadoop.http.lib.StaticUserWebFilter$StaticUserFilter) to context logs
2019-06-13 15:46:28,075 INFO  http.HttpServer2 (HttpServer2.java:bindListener(1191)) - Jetty bound to port 38951
2019-06-13 15:46:28,075 INFO  server.Server (Server.java:doStart(351)) - jetty-9.3.24.v20180605, build timestamp: 2018-06-05T17:11:56Z, git hash: 84205aa28f11a4f31f2a3b86d1bba2cc8ab69827
2019-06-13 15:46:28,077 INFO  handler.ContextHandler (ContextHandler.java:doStart(781)) - Started o.e.j.s.ServletContextHandler@71664560{/logs,file:///opt/src/hadoop-ozone/integration-test/target/log,AVAILABLE}
2019-06-13 15:46:28,077 INFO  handler.ContextHandler (ContextHandler.java:doStart(781)) - Started o.e.j.s.ServletContextHandler@39da5e49{/static,jar:file:/root/.m2/repository/org/apache/hadoop/hadoop-hdds-container-service/0.5.0-SNAPSHOT/hadoop-hdds-container-service-0.5.0-SNAPSHOT.jar!/webapps/static,AVAILABLE}
2019-06-13 15:46:28,101 INFO  handler.ContextHandler (ContextHandler.java:doStart(781)) - Started o.e.j.w.WebAppContext@2b6c7012{/,file:///tmp/jetty-0.0.0.0-38951-hddsDatanode-_-any-1048691134768162973.dir/webapp/,AVAILABLE}{/hddsDatanode}
2019-06-13 15:46:28,102 INFO  server.AbstractConnector (AbstractConnector.java:doStart(278)) - Started ServerConnector@31acfd4e{HTTP/1.1,[http/1.1]}{0.0.0.0:38951}
2019-06-13 15:46:28,102 INFO  server.Server (Server.java:doStart(419)) - Started @6199ms
2019-06-13 15:46:28,103 INFO  server.BaseHttpServer (BaseHttpServer.java:updateConnectorAddress(207)) - HTTP server of HDDSDATANODE is listening at http://0.0.0.0:38951
2019-06-13 15:46:28,266 INFO  ozone.HddsDatanodeService (HddsDatanodeService.java:startPlugins(396)) - Started plug-in org.apache.hadoop.ozone.web.OzoneHddsDatanodeService@35e98af
2019-06-13 15:46:28,267 INFO  impl.MetricsSystemImpl (MetricsSystemImpl.java:init(158)) - HddsDatanode metrics system started (again)
2019-06-13 15:46:28,267 INFO  ozone.HddsDatanodeService (HddsDatanodeService.java:start(185)) - HddsDatanodeService host:ozone-z9zf6-1652263048 ip:192.168.11.208
2019-06-13 15:46:28,278 INFO  util.JvmPauseMonitor (JvmPauseMonitor.java:run(188)) - Starting JVM pause monitor
2019-06-13 15:46:28,287 INFO  datanode.InitDatanodeState (InitDatanodeState.java:persistContainerDatanodeDetails(140)) - DatanodeDetails is persisted to /opt/src/hadoop-ozone/integration-test/target/test-dir/MiniOzoneClusterImpl-419b8570-9882-48f9-bf59-9d038d35cd14/datanode-2/meta/datanode.id
2019-06-13 15:46:28,307 INFO  volume.HddsVolume (HddsVolume.java:<init>(176)) - Creating Volume: /opt/src/hadoop-ozone/integration-test/target/test-dir/MiniOzoneClusterImpl-419b8570-9882-48f9-bf59-9d038d35cd14/datanode-3/data/containers/hdds of  storage type : DISK and capacity : 104021790720
2019-06-13 15:46:28,307 INFO  volume.VolumeSet (VolumeSet.java:initializeVolumeSet(170)) - Added Volume : /opt/src/hadoop-ozone/integration-test/target/test-dir/MiniOzoneClusterImpl-419b8570-9882-48f9-bf59-9d038d35cd14/datanode-3/data/containers/hdds to VolumeSet
2019-06-13 15:46:28,307 INFO  volume.ThrottledAsyncChecker (ThrottledAsyncChecker.java:schedule(140)) - Scheduling a check for org.apache.hadoop.ozone.container.common.volume.HddsVolume@4fecf308
2019-06-13 15:46:28,323 INFO  volume.HddsVolumeChecker (HddsVolumeChecker.java:checkAllVolumes(203)) - Scheduled health check for volume org.apache.hadoop.ozone.container.common.volume.HddsVolume@4fecf308
2019-06-13 15:46:28,362 INFO  ratis.XceiverServerRatis (XceiverServerRatis.java:newXceiverServerRatis(401)) - Found a free port for the server : 42611
2019-06-13 15:46:28,363 INFO  impl.RaftServerProxy (ConfUtils.java:logGet(43)) - raft.rpc.type = GRPC (default)
2019-06-13 15:46:28,363 INFO  grpc.GrpcConfigKeys$Server (ConfUtils.java:logGet(43)) - raft.grpc.server.port = 42611 (custom)
2019-06-13 15:46:28,367 INFO  server.GrpcService (ConfUtils.java:logGet(43)) - raft.grpc.message.size.max = 33570816 (custom)
2019-06-13 15:46:28,368 INFO  server.RaftServerConfigKeys (ConfUtils.java:logGet(43)) - raft.server.log.appender.buffer.byte-limit = 33554432 (custom)
2019-06-13 15:46:28,368 INFO  server.GrpcService (ConfUtils.java:logGet(43)) - raft.grpc.flow.control.window = 1MB (=1048576) (default)
2019-06-13 15:46:28,368 INFO  server.RaftServerConfigKeys (ConfUtils.java:logGet(43)) - raft.server.rpc.request.timeout = 3000ms (default)
2019-06-13 15:46:28,369 INFO  server.RaftServerConfigKeys (ConfUtils.java:logGet(43)) - raft.server.storage.dir = [/opt/src/hadoop-ozone/integration-test/target/test-dir/MiniOzoneClusterImpl-419b8570-9882-48f9-bf59-9d038d35cd14/datanode-3/data/ratis] (custom)
2019-06-13 15:46:28,369 INFO  server.XceiverServerGrpc (XceiverServerGrpc.java:<init>(97)) - Found a free port for the server : 36727
2019-06-13 15:46:28,370 INFO  replication.SimpleContainerDownloader (SimpleContainerDownloader.java:<init>(72)) - Starting container downloader service to copy containers to replicate.
2019-06-13 15:46:28,371 INFO  hdfs.DFSUtil (DFSUtil.java:httpServerTemplateForNNAndJN(1641)) - Starting Web-server for hddsDatanode at: http://0.0.0.0:0
2019-06-13 15:46:28,373 INFO  server.AuthenticationFilter (AuthenticationFilter.java:constructSecretProvider(240)) - Unable to initialize FileSignerSecretProvider, falling back to use random secrets.
2019-06-13 15:46:28,385 WARN  http.HttpRequestLog (HttpRequestLog.java:getRequestLog(97)) - Jetty request log can only be enabled using Log4j
2019-06-13 15:46:28,388 INFO  http.HttpServer2 (HttpServer2.java:addGlobalFilter(975)) - Added global filter 'safety' (class=org.apache.hadoop.http.HttpServer2$QuotingInputFilter)
2019-06-13 15:46:28,388 INFO  http.HttpServer2 (HttpServer2.java:addFilter(948)) - Added filter static_user_filter (class=org.apache.hadoop.http.lib.StaticUserWebFilter$StaticUserFilter) to context hddsDatanode
2019-06-13 15:46:28,389 INFO  http.HttpServer2 (HttpServer2.java:addFilter(958)) - Added filter static_user_filter (class=org.apache.hadoop.http.lib.StaticUserWebFilter$StaticUserFilter) to context static
2019-06-13 15:46:28,389 INFO  http.HttpServer2 (HttpServer2.java:addFilter(958)) - Added filter static_user_filter (class=org.apache.hadoop.http.lib.StaticUserWebFilter$StaticUserFilter) to context logs
2019-06-13 15:46:28,389 INFO  http.HttpServer2 (HttpServer2.java:bindListener(1191)) - Jetty bound to port 35677
2019-06-13 15:46:28,390 INFO  server.Server (Server.java:doStart(351)) - jetty-9.3.24.v20180605, build timestamp: 2018-06-05T17:11:56Z, git hash: 84205aa28f11a4f31f2a3b86d1bba2cc8ab69827
2019-06-13 15:46:28,414 INFO  handler.ContextHandler (ContextHandler.java:doStart(781)) - Started o.e.j.s.ServletContextHandler@57fdb8a4{/logs,file:///opt/src/hadoop-ozone/integration-test/target/log,AVAILABLE}
2019-06-13 15:46:28,420 INFO  handler.ContextHandler (ContextHandler.java:doStart(781)) - Started o.e.j.s.ServletContextHandler@2db15f70{/static,jar:file:/root/.m2/repository/org/apache/hadoop/hadoop-hdds-container-service/0.5.0-SNAPSHOT/hadoop-hdds-container-service-0.5.0-SNAPSHOT.jar!/webapps/static,AVAILABLE}
2019-06-13 15:46:28,459 INFO  handler.ContextHandler (ContextHandler.java:doStart(781)) - Started o.e.j.w.WebAppContext@44b940a2{/,file:///tmp/jetty-0.0.0.0-35677-hddsDatanode-_-any-2101022119044112602.dir/webapp/,AVAILABLE}{/hddsDatanode}
2019-06-13 15:46:28,468 INFO  server.AbstractConnector (AbstractConnector.java:doStart(278)) - Started ServerConnector@3e2abac7{HTTP/1.1,[http/1.1]}{0.0.0.0:35677}
2019-06-13 15:46:28,469 INFO  server.Server (Server.java:doStart(419)) - Started @6565ms
2019-06-13 15:46:28,472 INFO  server.BaseHttpServer (BaseHttpServer.java:updateConnectorAddress(207)) - HTTP server of HDDSDATANODE is listening at http://0.0.0.0:35677
2019-06-13 15:46:28,715 INFO  ozone.HddsDatanodeService (HddsDatanodeService.java:startPlugins(396)) - Started plug-in org.apache.hadoop.ozone.web.OzoneHddsDatanodeService@492be039
2019-06-13 15:46:28,716 INFO  impl.MetricsSystemImpl (MetricsSystemImpl.java:init(158)) - HddsDatanode metrics system started (again)
2019-06-13 15:46:28,717 INFO  ozone.HddsDatanodeService (HddsDatanodeService.java:start(185)) - HddsDatanodeService host:ozone-z9zf6-1652263048 ip:192.168.11.208
2019-06-13 15:46:28,731 INFO  util.JvmPauseMonitor (JvmPauseMonitor.java:run(188)) - Starting JVM pause monitor
2019-06-13 15:46:28,752 INFO  datanode.InitDatanodeState (InitDatanodeState.java:persistContainerDatanodeDetails(140)) - DatanodeDetails is persisted to /opt/src/hadoop-ozone/integration-test/target/test-dir/MiniOzoneClusterImpl-419b8570-9882-48f9-bf59-9d038d35cd14/datanode-3/meta/datanode.id
2019-06-13 15:46:28,759 INFO  volume.HddsVolume (HddsVolume.java:<init>(176)) - Creating Volume: /opt/src/hadoop-ozone/integration-test/target/test-dir/MiniOzoneClusterImpl-419b8570-9882-48f9-bf59-9d038d35cd14/datanode-4/data/containers/hdds of  storage type : DISK and capacity : 104021790720
2019-06-13 15:46:28,759 INFO  volume.VolumeSet (VolumeSet.java:initializeVolumeSet(170)) - Added Volume : /opt/src/hadoop-ozone/integration-test/target/test-dir/MiniOzoneClusterImpl-419b8570-9882-48f9-bf59-9d038d35cd14/datanode-4/data/containers/hdds to VolumeSet
2019-06-13 15:46:28,760 INFO  volume.ThrottledAsyncChecker (ThrottledAsyncChecker.java:schedule(140)) - Scheduling a check for org.apache.hadoop.ozone.container.common.volume.HddsVolume@2db86a7c
2019-06-13 15:46:28,762 INFO  volume.HddsVolumeChecker (HddsVolumeChecker.java:checkAllVolumes(203)) - Scheduled health check for volume org.apache.hadoop.ozone.container.common.volume.HddsVolume@2db86a7c
2019-06-13 15:46:28,775 INFO  ratis.XceiverServerRatis (XceiverServerRatis.java:newXceiverServerRatis(401)) - Found a free port for the server : 40989
2019-06-13 15:46:28,776 INFO  impl.RaftServerProxy (ConfUtils.java:logGet(43)) - raft.rpc.type = GRPC (default)
2019-06-13 15:46:28,777 INFO  grpc.GrpcConfigKeys$Server (ConfUtils.java:logGet(43)) - raft.grpc.server.port = 40989 (custom)
2019-06-13 15:46:28,777 INFO  server.GrpcService (ConfUtils.java:logGet(43)) - raft.grpc.message.size.max = 33570816 (custom)
2019-06-13 15:46:28,777 INFO  server.RaftServerConfigKeys (ConfUtils.java:logGet(43)) - raft.server.log.appender.buffer.byte-limit = 33554432 (custom)
2019-06-13 15:46:28,777 INFO  server.GrpcService (ConfUtils.java:logGet(43)) - raft.grpc.flow.control.window = 1MB (=1048576) (default)
2019-06-13 15:46:28,778 INFO  server.RaftServerConfigKeys (ConfUtils.java:logGet(43)) - raft.server.rpc.request.timeout = 3000ms (default)
2019-06-13 15:46:28,778 INFO  server.RaftServerConfigKeys (ConfUtils.java:logGet(43)) - raft.server.storage.dir = [/opt/src/hadoop-ozone/integration-test/target/test-dir/MiniOzoneClusterImpl-419b8570-9882-48f9-bf59-9d038d35cd14/datanode-4/data/ratis] (custom)
2019-06-13 15:46:28,779 INFO  server.XceiverServerGrpc (XceiverServerGrpc.java:<init>(97)) - Found a free port for the server : 40247
2019-06-13 15:46:28,779 INFO  replication.SimpleContainerDownloader (SimpleContainerDownloader.java:<init>(72)) - Starting container downloader service to copy containers to replicate.
2019-06-13 15:46:28,781 INFO  hdfs.DFSUtil (DFSUtil.java:httpServerTemplateForNNAndJN(1641)) - Starting Web-server for hddsDatanode at: http://0.0.0.0:0
2019-06-13 15:46:28,782 INFO  server.AuthenticationFilter (AuthenticationFilter.java:constructSecretProvider(240)) - Unable to initialize FileSignerSecretProvider, falling back to use random secrets.
2019-06-13 15:46:28,783 WARN  http.HttpRequestLog (HttpRequestLog.java:getRequestLog(97)) - Jetty request log can only be enabled using Log4j
2019-06-13 15:46:28,784 INFO  http.HttpServer2 (HttpServer2.java:addGlobalFilter(975)) - Added global filter 'safety' (class=org.apache.hadoop.http.HttpServer2$QuotingInputFilter)
2019-06-13 15:46:28,785 INFO  http.HttpServer2 (HttpServer2.java:addFilter(948)) - Added filter static_user_filter (class=org.apache.hadoop.http.lib.StaticUserWebFilter$StaticUserFilter) to context hddsDatanode
2019-06-13 15:46:28,785 INFO  http.HttpServer2 (HttpServer2.java:addFilter(958)) - Added filter static_user_filter (class=org.apache.hadoop.http.lib.StaticUserWebFilter$StaticUserFilter) to context static
2019-06-13 15:46:28,785 INFO  http.HttpServer2 (HttpServer2.java:addFilter(958)) - Added filter static_user_filter (class=org.apache.hadoop.http.lib.StaticUserWebFilter$StaticUserFilter) to context logs
2019-06-13 15:46:28,786 INFO  http.HttpServer2 (HttpServer2.java:bindListener(1191)) - Jetty bound to port 36241
2019-06-13 15:46:28,786 INFO  server.Server (Server.java:doStart(351)) - jetty-9.3.24.v20180605, build timestamp: 2018-06-05T17:11:56Z, git hash: 84205aa28f11a4f31f2a3b86d1bba2cc8ab69827
2019-06-13 15:46:28,796 INFO  handler.ContextHandler (ContextHandler.java:doStart(781)) - Started o.e.j.s.ServletContextHandler@35025a0a{/logs,file:///opt/src/hadoop-ozone/integration-test/target/log,AVAILABLE}
2019-06-13 15:46:28,796 INFO  handler.ContextHandler (ContextHandler.java:doStart(781)) - Started o.e.j.s.ServletContextHandler@7c70aae1{/static,jar:file:/root/.m2/repository/org/apache/hadoop/hadoop-hdds-container-service/0.5.0-SNAPSHOT/hadoop-hdds-container-service-0.5.0-SNAPSHOT.jar!/webapps/static,AVAILABLE}
2019-06-13 15:46:28,840 INFO  handler.ContextHandler (ContextHandler.java:doStart(781)) - Started o.e.j.w.WebAppContext@7c8874ef{/,file:///tmp/jetty-0.0.0.0-36241-hddsDatanode-_-any-8849701581269248494.dir/webapp/,AVAILABLE}{/hddsDatanode}
2019-06-13 15:46:28,842 INFO  server.AbstractConnector (AbstractConnector.java:doStart(278)) - Started ServerConnector@5a3678d0{HTTP/1.1,[http/1.1]}{0.0.0.0:36241}
2019-06-13 15:46:28,842 INFO  server.Server (Server.java:doStart(419)) - Started @6938ms
2019-06-13 15:46:28,843 INFO  server.BaseHttpServer (BaseHttpServer.java:updateConnectorAddress(207)) - HTTP server of HDDSDATANODE is listening at http://0.0.0.0:36241
2019-06-13 15:46:29,128 INFO  ozone.HddsDatanodeService (HddsDatanodeService.java:startPlugins(396)) - Started plug-in org.apache.hadoop.ozone.web.OzoneHddsDatanodeService@61d60e38
2019-06-13 15:46:29,129 INFO  impl.MetricsSystemImpl (MetricsSystemImpl.java:init(158)) - HddsDatanode metrics system started (again)
2019-06-13 15:46:29,130 INFO  ozone.HddsDatanodeService (HddsDatanodeService.java:start(185)) - HddsDatanodeService host:ozone-z9zf6-1652263048 ip:192.168.11.208
2019-06-13 15:46:29,146 INFO  datanode.InitDatanodeState (InitDatanodeState.java:persistContainerDatanodeDetails(140)) - DatanodeDetails is persisted to /opt/src/hadoop-ozone/integration-test/target/test-dir/MiniOzoneClusterImpl-419b8570-9882-48f9-bf59-9d038d35cd14/datanode-4/meta/datanode.id
2019-06-13 15:46:29,146 INFO  util.JvmPauseMonitor (JvmPauseMonitor.java:run(188)) - Starting JVM pause monitor
2019-06-13 15:46:29,160 INFO  volume.HddsVolume (HddsVolume.java:<init>(176)) - Creating Volume: /opt/src/hadoop-ozone/integration-test/target/test-dir/MiniOzoneClusterImpl-419b8570-9882-48f9-bf59-9d038d35cd14/datanode-5/data/containers/hdds of  storage type : DISK and capacity : 104021790720
2019-06-13 15:46:29,160 INFO  volume.VolumeSet (VolumeSet.java:initializeVolumeSet(170)) - Added Volume : /opt/src/hadoop-ozone/integration-test/target/test-dir/MiniOzoneClusterImpl-419b8570-9882-48f9-bf59-9d038d35cd14/datanode-5/data/containers/hdds to VolumeSet
2019-06-13 15:46:29,161 INFO  volume.ThrottledAsyncChecker (ThrottledAsyncChecker.java:schedule(140)) - Scheduling a check for org.apache.hadoop.ozone.container.common.volume.HddsVolume@454bcbbf
2019-06-13 15:46:29,167 INFO  volume.HddsVolumeChecker (HddsVolumeChecker.java:checkAllVolumes(203)) - Scheduled health check for volume org.apache.hadoop.ozone.container.common.volume.HddsVolume@454bcbbf
2019-06-13 15:46:29,189 INFO  ratis.XceiverServerRatis (XceiverServerRatis.java:newXceiverServerRatis(401)) - Found a free port for the server : 36779
2019-06-13 15:46:29,190 INFO  impl.RaftServerProxy (ConfUtils.java:logGet(43)) - raft.rpc.type = GRPC (default)
2019-06-13 15:46:29,190 INFO  grpc.GrpcConfigKeys$Server (ConfUtils.java:logGet(43)) - raft.grpc.server.port = 36779 (custom)
2019-06-13 15:46:29,191 INFO  server.GrpcService (ConfUtils.java:logGet(43)) - raft.grpc.message.size.max = 33570816 (custom)
2019-06-13 15:46:29,191 INFO  server.RaftServerConfigKeys (ConfUtils.java:logGet(43)) - raft.server.log.appender.buffer.byte-limit = 33554432 (custom)
2019-06-13 15:46:29,191 INFO  server.GrpcService (ConfUtils.java:logGet(43)) - raft.grpc.flow.control.window = 1MB (=1048576) (default)
2019-06-13 15:46:29,191 INFO  server.RaftServerConfigKeys (ConfUtils.java:logGet(43)) - raft.server.rpc.request.timeout = 3000ms (default)
2019-06-13 15:46:29,192 INFO  server.RaftServerConfigKeys (ConfUtils.java:logGet(43)) - raft.server.storage.dir = [/opt/src/hadoop-ozone/integration-test/target/test-dir/MiniOzoneClusterImpl-419b8570-9882-48f9-bf59-9d038d35cd14/datanode-5/data/ratis] (custom)
2019-06-13 15:46:29,192 INFO  server.XceiverServerGrpc (XceiverServerGrpc.java:<init>(97)) - Found a free port for the server : 41751
2019-06-13 15:46:29,193 INFO  replication.SimpleContainerDownloader (SimpleContainerDownloader.java:<init>(72)) - Starting container downloader service to copy containers to replicate.
2019-06-13 15:46:29,195 INFO  hdfs.DFSUtil (DFSUtil.java:httpServerTemplateForNNAndJN(1641)) - Starting Web-server for hddsDatanode at: http://0.0.0.0:0
2019-06-13 15:46:29,197 INFO  server.AuthenticationFilter (AuthenticationFilter.java:constructSecretProvider(240)) - Unable to initialize FileSignerSecretProvider, falling back to use random secrets.
2019-06-13 15:46:29,198 WARN  http.HttpRequestLog (HttpRequestLog.java:getRequestLog(97)) - Jetty request log can only be enabled using Log4j
2019-06-13 15:46:29,200 INFO  http.HttpServer2 (HttpServer2.java:addGlobalFilter(975)) - Added global filter 'safety' (class=org.apache.hadoop.http.HttpServer2$QuotingInputFilter)
2019-06-13 15:46:29,201 INFO  http.HttpServer2 (HttpServer2.java:addFilter(948)) - Added filter static_user_filter (class=org.apache.hadoop.http.lib.StaticUserWebFilter$StaticUserFilter) to context hddsDatanode
2019-06-13 15:46:29,201 INFO  http.HttpServer2 (HttpServer2.java:addFilter(958)) - Added filter static_user_filter (class=org.apache.hadoop.http.lib.StaticUserWebFilter$StaticUserFilter) to context static
2019-06-13 15:46:29,201 INFO  http.HttpServer2 (HttpServer2.java:addFilter(958)) - Added filter static_user_filter (class=org.apache.hadoop.http.lib.StaticUserWebFilter$StaticUserFilter) to context logs
2019-06-13 15:46:29,202 INFO  http.HttpServer2 (HttpServer2.java:bindListener(1191)) - Jetty bound to port 33291
2019-06-13 15:46:29,203 INFO  server.Server (Server.java:doStart(351)) - jetty-9.3.24.v20180605, build timestamp: 2018-06-05T17:11:56Z, git hash: 84205aa28f11a4f31f2a3b86d1bba2cc8ab69827
2019-06-13 15:46:29,206 INFO  handler.ContextHandler (ContextHandler.java:doStart(781)) - Started o.e.j.s.ServletContextHandler@3e43f049{/logs,file:///opt/src/hadoop-ozone/integration-test/target/log,AVAILABLE}
2019-06-13 15:46:29,207 INFO  handler.ContextHandler (ContextHandler.java:doStart(781)) - Started o.e.j.s.ServletContextHandler@755a7218{/static,jar:file:/root/.m2/repository/org/apache/hadoop/hadoop-hdds-container-service/0.5.0-SNAPSHOT/hadoop-hdds-container-service-0.5.0-SNAPSHOT.jar!/webapps/static,AVAILABLE}
2019-06-13 15:46:29,244 INFO  handler.ContextHandler (ContextHandler.java:doStart(781)) - Started o.e.j.w.WebAppContext@47187f50{/,file:///tmp/jetty-0.0.0.0-33291-hddsDatanode-_-any-6783991885811750667.dir/webapp/,AVAILABLE}{/hddsDatanode}
2019-06-13 15:46:29,245 INFO  server.AbstractConnector (AbstractConnector.java:doStart(278)) - Started ServerConnector@78116659{HTTP/1.1,[http/1.1]}{0.0.0.0:33291}
2019-06-13 15:46:29,245 INFO  server.Server (Server.java:doStart(419)) - Started @7341ms
2019-06-13 15:46:29,254 INFO  server.BaseHttpServer (BaseHttpServer.java:updateConnectorAddress(207)) - HTTP server of HDDSDATANODE is listening at http://0.0.0.0:33291
2019-06-13 15:46:29,450 INFO  ozone.HddsDatanodeService (HddsDatanodeService.java:startPlugins(396)) - Started plug-in org.apache.hadoop.ozone.web.OzoneHddsDatanodeService@15369d73
2019-06-13 15:46:29,452 INFO  ozone.MiniOzoneClusterImpl (MiniOzoneClusterImpl.java:lambda$waitForClusterToBeReady$0(142)) - Waiting for cluster to be ready. Got 0 of 6 DN Heartbeats.
2019-06-13 15:46:29,455 INFO  util.JvmPauseMonitor (JvmPauseMonitor.java:run(188)) - Starting JVM pause monitor
2019-06-13 15:46:29,457 INFO  datanode.InitDatanodeState (InitDatanodeState.java:persistContainerDatanodeDetails(140)) - DatanodeDetails is persisted to /opt/src/hadoop-ozone/integration-test/target/test-dir/MiniOzoneClusterImpl-419b8570-9882-48f9-bf59-9d038d35cd14/datanode-5/meta/datanode.id
2019-06-13 15:46:29,848 INFO  ozoneimpl.OzoneContainer (OzoneContainer.java:start(186)) - Attempting to start container services.
2019-06-13 15:46:29,857 INFO  ozoneimpl.OzoneContainer (OzoneContainer.java:startContainerScrub(160)) - Background container scrubber has been disabled by hdds.containerscrub.enabled
2019-06-13 15:46:29,857 INFO  ratis.XceiverServerRatis (XceiverServerRatis.java:start(418)) - Starting XceiverServerRatis 5c70d0c5-7d91-4eaa-85b7-cae4a25883b3 at port 40381
2019-06-13 15:46:29,882 INFO  impl.RaftServerProxy (RaftServerProxy.java:lambda$start$3(299)) - 5c70d0c5-7d91-4eaa-85b7-cae4a25883b3: start RPC server
2019-06-13 15:46:30,027 INFO  ozoneimpl.OzoneContainer (OzoneContainer.java:start(186)) - Attempting to start container services.
2019-06-13 15:46:30,029 INFO  ozoneimpl.OzoneContainer (OzoneContainer.java:startContainerScrub(160)) - Background container scrubber has been disabled by hdds.containerscrub.enabled
2019-06-13 15:46:30,030 INFO  ratis.XceiverServerRatis (XceiverServerRatis.java:start(418)) - Starting XceiverServerRatis 3258f2ea-1f63-425f-9235-4e3076760012 at port 41157
2019-06-13 15:46:30,064 INFO  server.GrpcService (GrpcService.java:startImpl(148)) - 5c70d0c5-7d91-4eaa-85b7-cae4a25883b3: GrpcService started, listening on 0.0.0.0/0.0.0.0:40381
2019-06-13 15:46:30,069 INFO  impl.RaftServerProxy (RaftServerProxy.java:lambda$start$3(299)) - 3258f2ea-1f63-425f-9235-4e3076760012: start RPC server
2019-06-13 15:46:30,071 INFO  server.GrpcService (GrpcService.java:startImpl(148)) - 3258f2ea-1f63-425f-9235-4e3076760012: GrpcService started, listening on 0.0.0.0/0.0.0.0:41157
2019-06-13 15:46:30,283 INFO  ozoneimpl.OzoneContainer (OzoneContainer.java:start(186)) - Attempting to start container services.
2019-06-13 15:46:30,284 INFO  ozoneimpl.OzoneContainer (OzoneContainer.java:startContainerScrub(160)) - Background container scrubber has been disabled by hdds.containerscrub.enabled
2019-06-13 15:46:30,284 INFO  ratis.XceiverServerRatis (XceiverServerRatis.java:start(418)) - Starting XceiverServerRatis f4c580b9-767e-4f7d-9b83-c9918d97c107 at port 40777
2019-06-13 15:46:30,289 INFO  impl.RaftServerProxy (RaftServerProxy.java:lambda$start$3(299)) - f4c580b9-767e-4f7d-9b83-c9918d97c107: start RPC server
2019-06-13 15:46:30,290 INFO  server.GrpcService (GrpcService.java:startImpl(148)) - f4c580b9-767e-4f7d-9b83-c9918d97c107: GrpcService started, listening on 0.0.0.0/0.0.0.0:40777
2019-06-13 15:46:30,452 INFO  ozone.MiniOzoneClusterImpl (MiniOzoneClusterImpl.java:lambda$waitForClusterToBeReady$0(142)) - Waiting for cluster to be ready. Got 0 of 6 DN Heartbeats.
2019-06-13 15:46:30,736 INFO  ozoneimpl.OzoneContainer (OzoneContainer.java:start(186)) - Attempting to start container services.
2019-06-13 15:46:30,737 INFO  ozoneimpl.OzoneContainer (OzoneContainer.java:startContainerScrub(160)) - Background container scrubber has been disabled by hdds.containerscrub.enabled
2019-06-13 15:46:30,737 INFO  ratis.XceiverServerRatis (XceiverServerRatis.java:start(418)) - Starting XceiverServerRatis bace745d-c1f7-4337-8380-f74314739fa8 at port 42611
2019-06-13 15:46:30,742 INFO  impl.RaftServerProxy (RaftServerProxy.java:lambda$start$3(299)) - bace745d-c1f7-4337-8380-f74314739fa8: start RPC server
2019-06-13 15:46:30,744 INFO  server.GrpcService (GrpcService.java:startImpl(148)) - bace745d-c1f7-4337-8380-f74314739fa8: GrpcService started, listening on 0.0.0.0/0.0.0.0:42611
2019-06-13 15:46:31,148 INFO  ozoneimpl.OzoneContainer (OzoneContainer.java:start(186)) - Attempting to start container services.
2019-06-13 15:46:31,149 INFO  ozoneimpl.OzoneContainer (OzoneContainer.java:startContainerScrub(160)) - Background container scrubber has been disabled by hdds.containerscrub.enabled
2019-06-13 15:46:31,149 INFO  ratis.XceiverServerRatis (XceiverServerRatis.java:start(418)) - Starting XceiverServerRatis 2af53f03-1c3c-4a35-8ded-296741614628 at port 40989
2019-06-13 15:46:31,154 INFO  impl.RaftServerProxy (RaftServerProxy.java:lambda$start$3(299)) - 2af53f03-1c3c-4a35-8ded-296741614628: start RPC server
2019-06-13 15:46:31,156 INFO  server.GrpcService (GrpcService.java:startImpl(148)) - 2af53f03-1c3c-4a35-8ded-296741614628: GrpcService started, listening on 0.0.0.0/0.0.0.0:40989
2019-06-13 15:46:31,452 INFO  ozone.MiniOzoneClusterImpl (MiniOzoneClusterImpl.java:lambda$waitForClusterToBeReady$0(142)) - Waiting for cluster to be ready. Got 0 of 6 DN Heartbeats.
2019-06-13 15:46:31,460 INFO  ozoneimpl.OzoneContainer (OzoneContainer.java:start(186)) - Attempting to start container services.
2019-06-13 15:46:31,462 INFO  ozoneimpl.OzoneContainer (OzoneContainer.java:startContainerScrub(160)) - Background container scrubber has been disabled by hdds.containerscrub.enabled
2019-06-13 15:46:31,462 INFO  ratis.XceiverServerRatis (XceiverServerRatis.java:start(418)) - Starting XceiverServerRatis da1752a6-eeda-4258-ac7b-600bdb0b2654 at port 36779
2019-06-13 15:46:31,465 INFO  impl.RaftServerProxy (RaftServerProxy.java:lambda$start$3(299)) - da1752a6-eeda-4258-ac7b-600bdb0b2654: start RPC server
2019-06-13 15:46:31,468 INFO  server.GrpcService (GrpcService.java:startImpl(148)) - da1752a6-eeda-4258-ac7b-600bdb0b2654: GrpcService started, listening on 0.0.0.0/0.0.0.0:36779
2019-06-13 15:46:31,824 INFO  node.SCMNodeManager (SCMNodeManager.java:register(234)) - Registered Data node : 5c70d0c5-7d91-4eaa-85b7-cae4a25883b3{ip: 192.168.11.208, host: ozone-z9zf6-1652263048, networkLocation: /default-rack, certSerialId: null}
2019-06-13 15:46:31,840 INFO  safemode.SCMSafeModeManager (DataNodeSafeModeRule.java:process(71)) - SCM in safe mode. 1 DataNodes registered, 1 required.
2019-06-13 15:46:31,840 INFO  safemode.SCMSafeModeManager (SCMSafeModeManager.java:validateSafeModeExitRules(177)) - ScmSafeModeManager, all rules are successfully validated
2019-06-13 15:46:31,840 INFO  safemode.SCMSafeModeManager (SCMSafeModeManager.java:exitSafeMode(193)) - SCM exiting safe mode.
2019-06-13 15:46:32,025 INFO  node.SCMNodeManager (SCMNodeManager.java:register(234)) - Registered Data node : 3258f2ea-1f63-425f-9235-4e3076760012{ip: 192.168.11.208, host: ozone-z9zf6-1652263048, networkLocation: /default-rack, certSerialId: null}
2019-06-13 15:46:32,210 INFO  impl.RaftServerProxy (RaftServerProxy.java:addNew(89)) - 5c70d0c5-7d91-4eaa-85b7-cae4a25883b3: addNew group-AC6BAA48D9DB:[5c70d0c5-7d91-4eaa-85b7-cae4a25883b3:192.168.11.208:40381] returns group-AC6BAA48D9DB:java.util.concurrent.CompletableFuture@2e3919b0[Not completed]
2019-06-13 15:46:32,240 INFO  impl.RaftServerImpl (RaftServerImpl.java:<init>(91)) - 5c70d0c5-7d91-4eaa-85b7-cae4a25883b3: new RaftServerImpl for group-AC6BAA48D9DB:[5c70d0c5-7d91-4eaa-85b7-cae4a25883b3:192.168.11.208:40381] with ContainerStateMachine:uninitialized
2019-06-13 15:46:32,246 INFO  server.RaftServerConfigKeys (ConfUtils.java:logGet(43)) - raft.server.rpc.timeout.min = 1s (custom)
2019-06-13 15:46:32,247 INFO  server.RaftServerConfigKeys (ConfUtils.java:logGet(43)) - raft.server.rpc.timeout.max = 1200ms (custom)
2019-06-13 15:46:32,247 INFO  server.RaftServerConfigKeys (ConfUtils.java:logGet(43)) - raft.server.rpcslowness.timeout = 10s (custom)
2019-06-13 15:46:32,248 INFO  server.RaftServerConfigKeys (ConfUtils.java:logGet(43)) - raft.server.log.appender.install.snapshot.enabled = true (default)
2019-06-13 15:46:32,253 INFO  impl.RaftServerImpl (ServerState.java:<init>(101)) - 5c70d0c5-7d91-4eaa-85b7-cae4a25883b3:group-AC6BAA48D9DB ConfigurationManager, init=-1: [5c70d0c5-7d91-4eaa-85b7-cae4a25883b3:192.168.11.208:40381], old=null, confs=<EMPTY_MAP>
2019-06-13 15:46:32,254 INFO  server.RaftServerConfigKeys (ConfUtils.java:logGet(43)) - raft.server.storage.dir = [/opt/src/hadoop-ozone/integration-test/target/test-dir/MiniOzoneClusterImpl-419b8570-9882-48f9-bf59-9d038d35cd14/datanode-0/data/ratis] (custom)
2019-06-13 15:46:32,259 INFO  storage.RaftStorageDirectory (RaftStorageDirectory.java:analyzeStorage(246)) - The storage directory /opt/src/hadoop-ozone/integration-test/target/test-dir/MiniOzoneClusterImpl-419b8570-9882-48f9-bf59-9d038d35cd14/datanode-0/data/ratis/120db436-51c5-4852-b302-ac6baa48d9db does not exist. Creating ...
2019-06-13 15:46:32,265 INFO  storage.RaftStorageDirectory (RaftStorageDirectory.java:tryLock(328)) - Lock on /opt/src/hadoop-ozone/integration-test/target/test-dir/MiniOzoneClusterImpl-419b8570-9882-48f9-bf59-9d038d35cd14/datanode-0/data/ratis/120db436-51c5-4852-b302-ac6baa48d9db/in_use.lock acquired by nodename 10053@ozone-z9zf6-1652263048
2019-06-13 15:46:32,431 INFO  node.SCMNodeManager (SCMNodeManager.java:register(234)) - Registered Data node : f4c580b9-767e-4f7d-9b83-c9918d97c107{ip: 192.168.11.208, host: ozone-z9zf6-1652263048, networkLocation: /default-rack, certSerialId: null}
2019-06-13 15:46:32,432 INFO  storage.RaftStorage (RaftStorage.java:format(75)) - Storage directory /opt/src/hadoop-ozone/integration-test/target/test-dir/MiniOzoneClusterImpl-419b8570-9882-48f9-bf59-9d038d35cd14/datanode-0/data/ratis/120db436-51c5-4852-b302-ac6baa48d9db has been successfully formatted.
2019-06-13 15:46:32,433 INFO  ratis.ContainerStateMachine (ContainerStateMachine.java:loadSnapshot(199)) - The snapshot info is null.Setting the last applied index to:(t:0, i:~)
2019-06-13 15:46:32,434 INFO  server.RaftServerConfigKeys (ConfUtils.java:logGet(43)) - raft.server.leader.election.timeout = 10s (custom)
2019-06-13 15:46:32,438 INFO  server.RaftServerConfigKeys (ConfUtils.java:logGet(43)) - raft.server.log.use.memory = false (default)
2019-06-13 15:46:32,441 INFO  server.RaftServerConfigKeys (ConfUtils.java:logGet(43)) - raft.server.log.appender.buffer.byte-limit = 33554432 (custom)
2019-06-13 15:46:32,453 INFO  ozone.MiniOzoneClusterImpl (MiniOzoneClusterImpl.java:lambda$waitForClusterToBeReady$0(142)) - Waiting for cluster to be ready. Got 3 of 6 DN Heartbeats.
2019-06-13 15:46:32,468 INFO  server.RaftServerConfigKeys (ConfUtils.java:logGet(43)) - raft.server.log.segment.size.max = 16384 (custom)
2019-06-13 15:46:32,481 INFO  server.RaftServerConfigKeys (ConfUtils.java:logGet(43)) - raft.server.log.segment.cache.num.max = 2 (custom)
2019-06-13 15:46:32,484 INFO  storage.RaftLogWorker (RaftLogWorker.java:<init>(123)) - new 5c70d0c5-7d91-4eaa-85b7-cae4a25883b3-RaftLogWorker for Storage Directory /opt/src/hadoop-ozone/integration-test/target/test-dir/MiniOzoneClusterImpl-419b8570-9882-48f9-bf59-9d038d35cd14/datanode-0/data/ratis/120db436-51c5-4852-b302-ac6baa48d9db
2019-06-13 15:46:32,484 INFO  server.RaftServerConfigKeys (ConfUtils.java:logGet(43)) - raft.server.log.queue.byte-limit = 2147483647 (custom)
2019-06-13 15:46:32,485 INFO  server.RaftServerConfigKeys (ConfUtils.java:logGet(43)) - raft.server.log.queue.element-limit = 1024 (custom)
2019-06-13 15:46:32,499 INFO  server.RaftServerConfigKeys (ConfUtils.java:logGet(43)) - raft.server.log.segment.size.max = 16384 (custom)
2019-06-13 15:46:32,500 INFO  server.RaftServerConfigKeys (ConfUtils.java:logGet(43)) - raft.server.log.preallocated.size = 16384 (custom)
2019-06-13 15:46:32,501 INFO  server.RaftServerConfigKeys (ConfUtils.java:logGet(43)) - raft.server.log.write.buffer.size = 33554432 (custom)
2019-06-13 15:46:32,502 INFO  server.RaftServerConfigKeys (ConfUtils.java:logGet(43)) - raft.server.log.force.sync.num = 128 (default)
2019-06-13 15:46:32,504 INFO  server.RaftServerConfigKeys (ConfUtils.java:logGet(43)) - raft.server.log.statemachine.data.sync = true (default)
2019-06-13 15:46:32,504 INFO  server.RaftServerConfigKeys (ConfUtils.java:logGet(43)) - raft.server.log.statemachine.data.sync.timeout = 10s (default)
2019-06-13 15:46:32,505 INFO  server.RaftServerConfigKeys (ConfUtils.java:logGet(43)) - raft.server.log.statemachine.data.sync.timeout.retry = -1 (default)
2019-06-13 15:46:32,509 INFO  server.RaftServerConfigKeys (ConfUtils.java:logGet(43)) - raft.server.log.statemachine.data.caching.enabled = true (custom)
2019-06-13 15:46:32,546 INFO  server.RaftServerConfigKeys (ConfUtils.java:logGet(43)) - raft.server.snapshot.auto.trigger.enabled = true (custom)
2019-06-13 15:46:32,550 INFO  server.RaftServerConfigKeys (ConfUtils.java:logGet(43)) - raft.server.snapshot.auto.trigger.threshold = 10000 (custom)
2019-06-13 15:46:32,550 INFO  server.RaftServerConfigKeys (ConfUtils.java:logGet(43)) - raft.server.retrycache.expirytime = 600000ms (custom)
2019-06-13 15:46:32,569 INFO  impl.RaftServerImpl (RaftServerImpl.java:start(173)) - 5c70d0c5-7d91-4eaa-85b7-cae4a25883b3: start group-AC6BAA48D9DB
2019-06-13 15:46:32,570 INFO  impl.RaftServerImpl (RaftServerImpl.java:setRole(164)) - 5c70d0c5-7d91-4eaa-85b7-cae4a25883b3:group-AC6BAA48D9DB changes role from null to FOLLOWER at term 0 for startAsFollower
2019-06-13 15:46:32,572 INFO  impl.RoleInfo (RoleInfo.java:updateAndGet(143)) - 5c70d0c5-7d91-4eaa-85b7-cae4a25883b3: start FollowerState
2019-06-13 15:46:32,579 INFO  util.JmxRegister (JmxRegister.java:tryRegister(44)) - Successfully registered JMX Bean with object name Ratis:service=RaftServer,group=group-AC6BAA48D9DB,id=5c70d0c5-7d91-4eaa-85b7-cae4a25883b3
2019-06-13 15:46:32,633 INFO  pipeline.PipelineStateManager (PipelineStateManager.java:addPipeline(56)) - Created pipeline Pipeline[ Id: 120db436-51c5-4852-b302-ac6baa48d9db, Nodes: 5c70d0c5-7d91-4eaa-85b7-cae4a25883b3{ip: 192.168.11.208, host: ozone-z9zf6-1652263048, networkLocation: /default-rack, certSerialId: null}, Type:RATIS, Factor:ONE, State:OPEN]
2019-06-13 15:46:32,655 INFO  impl.RaftServerProxy (RaftServerProxy.java:addNew(89)) - f4c580b9-767e-4f7d-9b83-c9918d97c107: addNew group-9C30552133EA:[f4c580b9-767e-4f7d-9b83-c9918d97c107:192.168.11.208:40777] returns group-9C30552133EA:java.util.concurrent.CompletableFuture@ca2ea3f[Not completed]
2019-06-13 15:46:32,656 INFO  impl.RaftServerImpl (RaftServerImpl.java:<init>(91)) - f4c580b9-767e-4f7d-9b83-c9918d97c107: new RaftServerImpl for group-9C30552133EA:[f4c580b9-767e-4f7d-9b83-c9918d97c107:192.168.11.208:40777] with ContainerStateMachine:uninitialized
2019-06-13 15:46:32,657 INFO  server.RaftServerConfigKeys (ConfUtils.java:logGet(43)) - raft.server.rpc.timeout.min = 1s (custom)
2019-06-13 15:46:32,657 INFO  server.RaftServerConfigKeys (ConfUtils.java:logGet(43)) - raft.server.rpc.timeout.max = 1200ms (custom)
2019-06-13 15:46:32,657 INFO  server.RaftServerConfigKeys (ConfUtils.java:logGet(43)) - raft.server.rpcslowness.timeout = 10s (custom)
2019-06-13 15:46:32,657 INFO  server.RaftServerConfigKeys (ConfUtils.java:logGet(43)) - raft.server.log.appender.install.snapshot.enabled = true (default)
2019-06-13 15:46:32,657 INFO  impl.RaftServerImpl (ServerState.java:<init>(101)) - f4c580b9-767e-4f7d-9b83-c9918d97c107:group-9C30552133EA ConfigurationManager, init=-1: [f4c580b9-767e-4f7d-9b83-c9918d97c107:192.168.11.208:40777], old=null, confs=<EMPTY_MAP>
2019-06-13 15:46:32,657 INFO  server.RaftServerConfigKeys (ConfUtils.java:logGet(43)) - raft.server.storage.dir = [/opt/src/hadoop-ozone/integration-test/target/test-dir/MiniOzoneClusterImpl-419b8570-9882-48f9-bf59-9d038d35cd14/datanode-2/data/ratis] (custom)
2019-06-13 15:46:32,658 INFO  storage.RaftStorageDirectory (RaftStorageDirectory.java:analyzeStorage(246)) - The storage directory /opt/src/hadoop-ozone/integration-test/target/test-dir/MiniOzoneClusterImpl-419b8570-9882-48f9-bf59-9d038d35cd14/datanode-2/data/ratis/373419e0-338a-401a-9549-9c30552133ea does not exist. Creating ...
2019-06-13 15:46:32,660 INFO  storage.RaftStorageDirectory (RaftStorageDirectory.java:tryLock(328)) - Lock on /opt/src/hadoop-ozone/integration-test/target/test-dir/MiniOzoneClusterImpl-419b8570-9882-48f9-bf59-9d038d35cd14/datanode-2/data/ratis/373419e0-338a-401a-9549-9c30552133ea/in_use.lock acquired by nodename 10053@ozone-z9zf6-1652263048
2019-06-13 15:46:32,663 INFO  storage.RaftStorage (RaftStorage.java:format(75)) - Storage directory /opt/src/hadoop-ozone/integration-test/target/test-dir/MiniOzoneClusterImpl-419b8570-9882-48f9-bf59-9d038d35cd14/datanode-2/data/ratis/373419e0-338a-401a-9549-9c30552133ea has been successfully formatted.
2019-06-13 15:46:32,664 INFO  ratis.ContainerStateMachine (ContainerStateMachine.java:loadSnapshot(199)) - The snapshot info is null.Setting the last applied index to:(t:0, i:~)
2019-06-13 15:46:32,664 INFO  server.RaftServerConfigKeys (ConfUtils.java:logGet(43)) - raft.server.leader.election.timeout = 10s (custom)
2019-06-13 15:46:32,665 INFO  server.RaftServerConfigKeys (ConfUtils.java:logGet(43)) - raft.server.log.use.memory = false (default)
2019-06-13 15:46:32,665 INFO  server.RaftServerConfigKeys (ConfUtils.java:logGet(43)) - raft.server.log.appender.buffer.byte-limit = 33554432 (custom)
2019-06-13 15:46:32,665 INFO  server.RaftServerConfigKeys (ConfUtils.java:logGet(43)) - raft.server.log.segment.size.max = 16384 (custom)
2019-06-13 15:46:32,665 INFO  server.RaftServerConfigKeys (ConfUtils.java:logGet(43)) - raft.server.log.segment.cache.num.max = 2 (custom)
2019-06-13 15:46:32,665 INFO  storage.RaftLogWorker (RaftLogWorker.java:<init>(123)) - new f4c580b9-767e-4f7d-9b83-c9918d97c107-RaftLogWorker for Storage Directory /opt/src/hadoop-ozone/integration-test/target/test-dir/MiniOzoneClusterImpl-419b8570-9882-48f9-bf59-9d038d35cd14/datanode-2/data/ratis/373419e0-338a-401a-9549-9c30552133ea
2019-06-13 15:46:32,666 INFO  server.RaftServerConfigKeys (ConfUtils.java:logGet(43)) - raft.server.log.queue.byte-limit = 2147483647 (custom)
2019-06-13 15:46:32,666 INFO  server.RaftServerConfigKeys (ConfUtils.java:logGet(43)) - raft.server.log.queue.element-limit = 1024 (custom)
2019-06-13 15:46:32,666 INFO  server.RaftServerConfigKeys (ConfUtils.java:logGet(43)) - raft.server.log.segment.size.max = 16384 (custom)
2019-06-13 15:46:32,666 INFO  server.RaftServerConfigKeys (ConfUtils.java:logGet(43)) - raft.server.log.preallocated.size = 16384 (custom)
2019-06-13 15:46:32,666 INFO  server.RaftServerConfigKeys (ConfUtils.java:logGet(43)) - raft.server.log.write.buffer.size = 33554432 (custom)
2019-06-13 15:46:32,667 INFO  server.RaftServerConfigKeys (ConfUtils.java:logGet(43)) - raft.server.log.force.sync.num = 128 (default)
2019-06-13 15:46:32,667 INFO  server.RaftServerConfigKeys (ConfUtils.java:logGet(43)) - raft.server.log.statemachine.data.sync = true (default)
2019-06-13 15:46:32,667 INFO  server.RaftServerConfigKeys (ConfUtils.java:logGet(43)) - raft.server.log.statemachine.data.sync.timeout = 10s (default)
2019-06-13 15:46:32,667 INFO  server.RaftServerConfigKeys (ConfUtils.java:logGet(43)) - raft.server.log.statemachine.data.sync.timeout.retry = -1 (default)
2019-06-13 15:46:32,667 INFO  server.RaftServerConfigKeys (ConfUtils.java:logGet(43)) - raft.server.log.statemachine.data.caching.enabled = true (custom)
2019-06-13 15:46:32,667 INFO  server.RaftServerConfigKeys (ConfUtils.java:logGet(43)) - raft.server.snapshot.auto.trigger.enabled = true (custom)
2019-06-13 15:46:32,668 INFO  server.RaftServerConfigKeys (ConfUtils.java:logGet(43)) - raft.server.snapshot.auto.trigger.threshold = 10000 (custom)
2019-06-13 15:46:32,668 INFO  server.RaftServerConfigKeys (ConfUtils.java:logGet(43)) - raft.server.retrycache.expirytime = 600000ms (custom)
2019-06-13 15:46:32,668 INFO  impl.RaftServerImpl (RaftServerImpl.java:start(173)) - f4c580b9-767e-4f7d-9b83-c9918d97c107: start group-9C30552133EA
2019-06-13 15:46:32,668 INFO  impl.RaftServerImpl (RaftServerImpl.java:setRole(164)) - f4c580b9-767e-4f7d-9b83-c9918d97c107:group-9C30552133EA changes role from null to FOLLOWER at term 0 for startAsFollower
2019-06-13 15:46:32,668 INFO  impl.RoleInfo (RoleInfo.java:updateAndGet(143)) - f4c580b9-767e-4f7d-9b83-c9918d97c107: start FollowerState
2019-06-13 15:46:32,670 INFO  util.JmxRegister (JmxRegister.java:tryRegister(44)) - Successfully registered JMX Bean with object name Ratis:service=RaftServer,group=group-9C30552133EA,id=f4c580b9-767e-4f7d-9b83-c9918d97c107
2019-06-13 15:46:32,679 INFO  pipeline.PipelineStateManager (PipelineStateManager.java:addPipeline(56)) - Created pipeline Pipeline[ Id: 373419e0-338a-401a-9549-9c30552133ea, Nodes: f4c580b9-767e-4f7d-9b83-c9918d97c107{ip: 192.168.11.208, host: ozone-z9zf6-1652263048, networkLocation: /default-rack, certSerialId: null}, Type:RATIS, Factor:ONE, State:OPEN]
2019-06-13 15:46:32,691 INFO  impl.RaftServerProxy (RaftServerProxy.java:addNew(89)) - 3258f2ea-1f63-425f-9235-4e3076760012: addNew group-F833A6570F95:[3258f2ea-1f63-425f-9235-4e3076760012:192.168.11.208:41157] returns group-F833A6570F95:java.util.concurrent.CompletableFuture@68e1c7a0[Not completed]
2019-06-13 15:46:32,718 INFO  impl.RaftServerImpl (RaftServerImpl.java:<init>(91)) - 3258f2ea-1f63-425f-9235-4e3076760012: new RaftServerImpl for group-F833A6570F95:[3258f2ea-1f63-425f-9235-4e3076760012:192.168.11.208:41157] with ContainerStateMachine:uninitialized
2019-06-13 15:46:32,718 INFO  server.RaftServerConfigKeys (ConfUtils.java:logGet(43)) - raft.server.rpc.timeout.min = 1s (custom)
2019-06-13 15:46:32,718 INFO  server.RaftServerConfigKeys (ConfUtils.java:logGet(43)) - raft.server.rpc.timeout.max = 1200ms (custom)
2019-06-13 15:46:32,718 INFO  server.RaftServerConfigKeys (ConfUtils.java:logGet(43)) - raft.server.rpcslowness.timeout = 10s (custom)
2019-06-13 15:46:32,718 INFO  server.RaftServerConfigKeys (ConfUtils.java:logGet(43)) - raft.server.log.appender.install.snapshot.enabled = true (default)
2019-06-13 15:46:32,718 INFO  impl.RaftServerImpl (ServerState.java:<init>(101)) - 3258f2ea-1f63-425f-9235-4e3076760012:group-F833A6570F95 ConfigurationManager, init=-1: [3258f2ea-1f63-425f-9235-4e3076760012:192.168.11.208:41157], old=null, confs=<EMPTY_MAP>
2019-06-13 15:46:32,718 INFO  server.RaftServerConfigKeys (ConfUtils.java:logGet(43)) - raft.server.storage.dir = [/opt/src/hadoop-ozone/integration-test/target/test-dir/MiniOzoneClusterImpl-419b8570-9882-48f9-bf59-9d038d35cd14/datanode-1/data/ratis] (custom)
2019-06-13 15:46:32,719 INFO  storage.RaftStorageDirectory (RaftStorageDirectory.java:analyzeStorage(246)) - The storage directory /opt/src/hadoop-ozone/integration-test/target/test-dir/MiniOzoneClusterImpl-419b8570-9882-48f9-bf59-9d038d35cd14/datanode-1/data/ratis/8d415f33-82a2-4699-a5ac-f833a6570f95 does not exist. Creating ...
2019-06-13 15:46:32,722 INFO  storage.RaftStorageDirectory (RaftStorageDirectory.java:tryLock(328)) - Lock on /opt/src/hadoop-ozone/integration-test/target/test-dir/MiniOzoneClusterImpl-419b8570-9882-48f9-bf59-9d038d35cd14/datanode-1/data/ratis/8d415f33-82a2-4699-a5ac-f833a6570f95/in_use.lock acquired by nodename 10053@ozone-z9zf6-1652263048
2019-06-13 15:46:32,724 INFO  storage.RaftStorage (RaftStorage.java:format(75)) - Storage directory /opt/src/hadoop-ozone/integration-test/target/test-dir/MiniOzoneClusterImpl-419b8570-9882-48f9-bf59-9d038d35cd14/datanode-1/data/ratis/8d415f33-82a2-4699-a5ac-f833a6570f95 has been successfully formatted.
2019-06-13 15:46:32,724 INFO  ratis.ContainerStateMachine (ContainerStateMachine.java:loadSnapshot(199)) - The snapshot info is null.Setting the last applied index to:(t:0, i:~)
2019-06-13 15:46:32,724 INFO  server.RaftServerConfigKeys (ConfUtils.java:logGet(43)) - raft.server.leader.election.timeout = 10s (custom)
2019-06-13 15:46:32,725 INFO  server.RaftServerConfigKeys (ConfUtils.java:logGet(43)) - raft.server.log.use.memory = false (default)
2019-06-13 15:46:32,725 INFO  server.RaftServerConfigKeys (ConfUtils.java:logGet(43)) - raft.server.log.appender.buffer.byte-limit = 33554432 (custom)
2019-06-13 15:46:32,725 INFO  server.RaftServerConfigKeys (ConfUtils.java:logGet(43)) - raft.server.log.segment.size.max = 16384 (custom)
2019-06-13 15:46:32,725 INFO  server.RaftServerConfigKeys (ConfUtils.java:logGet(43)) - raft.server.log.segment.cache.num.max = 2 (custom)
2019-06-13 15:46:32,725 INFO  storage.RaftLogWorker (RaftLogWorker.java:<init>(123)) - new 3258f2ea-1f63-425f-9235-4e3076760012-RaftLogWorker for Storage Directory /opt/src/hadoop-ozone/integration-test/target/test-dir/MiniOzoneClusterImpl-419b8570-9882-48f9-bf59-9d038d35cd14/datanode-1/data/ratis/8d415f33-82a2-4699-a5ac-f833a6570f95
2019-06-13 15:46:32,725 INFO  server.RaftServerConfigKeys (ConfUtils.java:logGet(43)) - raft.server.log.queue.byte-limit = 2147483647 (custom)
2019-06-13 15:46:32,725 INFO  server.RaftServerConfigKeys (ConfUtils.java:logGet(43)) - raft.server.log.queue.element-limit = 1024 (custom)
2019-06-13 15:46:32,725 INFO  server.RaftServerConfigKeys (ConfUtils.java:logGet(43)) - raft.server.log.segment.size.max = 16384 (custom)
2019-06-13 15:46:32,726 INFO  server.RaftServerConfigKeys (ConfUtils.java:logGet(43)) - raft.server.log.preallocated.size = 16384 (custom)
2019-06-13 15:46:32,726 INFO  server.RaftServerConfigKeys (ConfUtils.java:logGet(43)) - raft.server.log.write.buffer.size = 33554432 (custom)
2019-06-13 15:46:32,726 INFO  server.RaftServerConfigKeys (ConfUtils.java:logGet(43)) - raft.server.log.force.sync.num = 128 (default)
2019-06-13 15:46:32,726 INFO  server.RaftServerConfigKeys (ConfUtils.java:logGet(43)) - raft.server.log.statemachine.data.sync = true (default)
2019-06-13 15:46:32,726 INFO  server.RaftServerConfigKeys (ConfUtils.java:logGet(43)) - raft.server.log.statemachine.data.sync.timeout = 10s (default)
2019-06-13 15:46:32,726 INFO  server.RaftServerConfigKeys (ConfUtils.java:logGet(43)) - raft.server.log.statemachine.data.sync.timeout.retry = -1 (default)
2019-06-13 15:46:32,726 INFO  server.RaftServerConfigKeys (ConfUtils.java:logGet(43)) - raft.server.log.statemachine.data.caching.enabled = true (custom)
2019-06-13 15:46:32,727 INFO  server.RaftServerConfigKeys (ConfUtils.java:logGet(43)) - raft.server.snapshot.auto.trigger.enabled = true (custom)
2019-06-13 15:46:32,727 INFO  server.RaftServerConfigKeys (ConfUtils.java:logGet(43)) - raft.server.snapshot.auto.trigger.threshold = 10000 (custom)
2019-06-13 15:46:32,727 INFO  server.RaftServerConfigKeys (ConfUtils.java:logGet(43)) - raft.server.retrycache.expirytime = 600000ms (custom)
2019-06-13 15:46:32,727 INFO  impl.RaftServerImpl (RaftServerImpl.java:start(173)) - 3258f2ea-1f63-425f-9235-4e3076760012: start group-F833A6570F95
2019-06-13 15:46:32,727 INFO  impl.RaftServerImpl (RaftServerImpl.java:setRole(164)) - 3258f2ea-1f63-425f-9235-4e3076760012:group-F833A6570F95 changes role from null to FOLLOWER at term 0 for startAsFollower
2019-06-13 15:46:32,728 INFO  impl.RoleInfo (RoleInfo.java:updateAndGet(143)) - 3258f2ea-1f63-425f-9235-4e3076760012: start FollowerState
2019-06-13 15:46:32,728 INFO  util.JmxRegister (JmxRegister.java:tryRegister(44)) - Successfully registered JMX Bean with object name Ratis:service=RaftServer,group=group-F833A6570F95,id=3258f2ea-1f63-425f-9235-4e3076760012
2019-06-13 15:46:32,734 INFO  node.SCMNodeManager (SCMNodeManager.java:register(234)) - Registered Data node : bace745d-c1f7-4337-8380-f74314739fa8{ip: 192.168.11.208, host: ozone-z9zf6-1652263048, networkLocation: /default-rack, certSerialId: null}
2019-06-13 15:46:32,736 INFO  pipeline.PipelineStateManager (PipelineStateManager.java:addPipeline(56)) - Created pipeline Pipeline[ Id: 8d415f33-82a2-4699-a5ac-f833a6570f95, Nodes: 3258f2ea-1f63-425f-9235-4e3076760012{ip: 192.168.11.208, host: ozone-z9zf6-1652263048, networkLocation: /default-rack, certSerialId: null}, Type:RATIS, Factor:ONE, State:OPEN]
2019-06-13 15:46:32,753 INFO  impl.RaftServerProxy (RaftServerProxy.java:addNew(89)) - bace745d-c1f7-4337-8380-f74314739fa8: addNew group-B43F0AFEA1A4:[bace745d-c1f7-4337-8380-f74314739fa8:192.168.11.208:42611] returns group-B43F0AFEA1A4:java.util.concurrent.CompletableFuture@6cc4ce64[Not completed]
2019-06-13 15:46:32,756 INFO  impl.RaftServerImpl (RaftServerImpl.java:<init>(91)) - bace745d-c1f7-4337-8380-f74314739fa8: new RaftServerImpl for group-B43F0AFEA1A4:[bace745d-c1f7-4337-8380-f74314739fa8:192.168.11.208:42611] with ContainerStateMachine:uninitialized
2019-06-13 15:46:32,756 INFO  server.RaftServerConfigKeys (ConfUtils.java:logGet(43)) - raft.server.rpc.timeout.min = 1s (custom)
2019-06-13 15:46:32,756 INFO  server.RaftServerConfigKeys (ConfUtils.java:logGet(43)) - raft.server.rpc.timeout.max = 1200ms (custom)
2019-06-13 15:46:32,756 INFO  server.RaftServerConfigKeys (ConfUtils.java:logGet(43)) - raft.server.rpcslowness.timeout = 10s (custom)
2019-06-13 15:46:32,756 INFO  server.RaftServerConfigKeys (ConfUtils.java:logGet(43)) - raft.server.log.appender.install.snapshot.enabled = true (default)
2019-06-13 15:46:32,756 INFO  impl.RaftServerImpl (ServerState.java:<init>(101)) - bace745d-c1f7-4337-8380-f74314739fa8:group-B43F0AFEA1A4 ConfigurationManager, init=-1: [bace745d-c1f7-4337-8380-f74314739fa8:192.168.11.208:42611], old=null, confs=<EMPTY_MAP>
2019-06-13 15:46:32,756 INFO  server.RaftServerConfigKeys (ConfUtils.java:logGet(43)) - raft.server.storage.dir = [/opt/src/hadoop-ozone/integration-test/target/test-dir/MiniOzoneClusterImpl-419b8570-9882-48f9-bf59-9d038d35cd14/datanode-3/data/ratis] (custom)
2019-06-13 15:46:32,757 INFO  storage.RaftStorageDirectory (RaftStorageDirectory.java:analyzeStorage(246)) - The storage directory /opt/src/hadoop-ozone/integration-test/target/test-dir/MiniOzoneClusterImpl-419b8570-9882-48f9-bf59-9d038d35cd14/datanode-3/data/ratis/7d07348b-6201-49e4-b007-b43f0afea1a4 does not exist. Creating ...
2019-06-13 15:46:32,759 INFO  storage.RaftStorageDirectory (RaftStorageDirectory.java:tryLock(328)) - Lock on /opt/src/hadoop-ozone/integration-test/target/test-dir/MiniOzoneClusterImpl-419b8570-9882-48f9-bf59-9d038d35cd14/datanode-3/data/ratis/7d07348b-6201-49e4-b007-b43f0afea1a4/in_use.lock acquired by nodename 10053@ozone-z9zf6-1652263048
2019-06-13 15:46:32,761 INFO  storage.RaftStorage (RaftStorage.java:format(75)) - Storage directory /opt/src/hadoop-ozone/integration-test/target/test-dir/MiniOzoneClusterImpl-419b8570-9882-48f9-bf59-9d038d35cd14/datanode-3/data/ratis/7d07348b-6201-49e4-b007-b43f0afea1a4 has been successfully formatted.
2019-06-13 15:46:32,761 INFO  ratis.ContainerStateMachine (ContainerStateMachine.java:loadSnapshot(199)) - The snapshot info is null.Setting the last applied index to:(t:0, i:~)
2019-06-13 15:46:32,761 INFO  server.RaftServerConfigKeys (ConfUtils.java:logGet(43)) - raft.server.leader.election.timeout = 10s (custom)
2019-06-13 15:46:32,761 INFO  server.RaftServerConfigKeys (ConfUtils.java:logGet(43)) - raft.server.log.use.memory = false (default)
2019-06-13 15:46:32,761 INFO  server.RaftServerConfigKeys (ConfUtils.java:logGet(43)) - raft.server.log.appender.buffer.byte-limit = 33554432 (custom)
2019-06-13 15:46:32,761 INFO  server.RaftServerConfigKeys (ConfUtils.java:logGet(43)) - raft.server.log.segment.size.max = 16384 (custom)
2019-06-13 15:46:32,762 INFO  server.RaftServerConfigKeys (ConfUtils.java:logGet(43)) - raft.server.log.segment.cache.num.max = 2 (custom)
2019-06-13 15:46:32,762 INFO  storage.RaftLogWorker (RaftLogWorker.java:<init>(123)) - new bace745d-c1f7-4337-8380-f74314739fa8-RaftLogWorker for Storage Directory /opt/src/hadoop-ozone/integration-test/target/test-dir/MiniOzoneClusterImpl-419b8570-9882-48f9-bf59-9d038d35cd14/datanode-3/data/ratis/7d07348b-6201-49e4-b007-b43f0afea1a4
2019-06-13 15:46:32,762 INFO  server.RaftServerConfigKeys (ConfUtils.java:logGet(43)) - raft.server.log.queue.byte-limit = 2147483647 (custom)
2019-06-13 15:46:32,762 INFO  server.RaftServerConfigKeys (ConfUtils.java:logGet(43)) - raft.server.log.queue.element-limit = 1024 (custom)
2019-06-13 15:46:32,762 INFO  server.RaftServerConfigKeys (ConfUtils.java:logGet(43)) - raft.server.log.segment.size.max = 16384 (custom)
2019-06-13 15:46:32,762 INFO  server.RaftServerConfigKeys (ConfUtils.java:logGet(43)) - raft.server.log.preallocated.size = 16384 (custom)
2019-06-13 15:46:32,762 INFO  server.RaftServerConfigKeys (ConfUtils.java:logGet(43)) - raft.server.log.write.buffer.size = 33554432 (custom)
2019-06-13 15:46:32,762 INFO  server.RaftServerConfigKeys (ConfUtils.java:logGet(43)) - raft.server.log.force.sync.num = 128 (default)
2019-06-13 15:46:32,762 INFO  server.RaftServerConfigKeys (ConfUtils.java:logGet(43)) - raft.server.log.statemachine.data.sync = true (default)
2019-06-13 15:46:32,762 INFO  server.RaftServerConfigKeys (ConfUtils.java:logGet(43)) - raft.server.log.statemachine.data.sync.timeout = 10s (default)
2019-06-13 15:46:32,762 INFO  server.RaftServerConfigKeys (ConfUtils.java:logGet(43)) - raft.server.log.statemachine.data.sync.timeout.retry = -1 (default)
2019-06-13 15:46:32,762 INFO  server.RaftServerConfigKeys (ConfUtils.java:logGet(43)) - raft.server.log.statemachine.data.caching.enabled = true (custom)
2019-06-13 15:46:32,763 INFO  server.RaftServerConfigKeys (ConfUtils.java:logGet(43)) - raft.server.snapshot.auto.trigger.enabled = true (custom)
2019-06-13 15:46:32,763 INFO  server.RaftServerConfigKeys (ConfUtils.java:logGet(43)) - raft.server.snapshot.auto.trigger.threshold = 10000 (custom)
2019-06-13 15:46:32,763 INFO  server.RaftServerConfigKeys (ConfUtils.java:logGet(43)) - raft.server.retrycache.expirytime = 600000ms (custom)
2019-06-13 15:46:32,763 INFO  impl.RaftServerImpl (RaftServerImpl.java:start(173)) - bace745d-c1f7-4337-8380-f74314739fa8: start group-B43F0AFEA1A4
2019-06-13 15:46:32,763 INFO  impl.RaftServerImpl (RaftServerImpl.java:setRole(164)) - bace745d-c1f7-4337-8380-f74314739fa8:group-B43F0AFEA1A4 changes role from null to FOLLOWER at term 0 for startAsFollower
2019-06-13 15:46:32,763 INFO  impl.RoleInfo (RoleInfo.java:updateAndGet(143)) - bace745d-c1f7-4337-8380-f74314739fa8: start FollowerState
2019-06-13 15:46:32,764 INFO  util.JmxRegister (JmxRegister.java:tryRegister(44)) - Successfully registered JMX Bean with object name Ratis:service=RaftServer,group=group-B43F0AFEA1A4,id=bace745d-c1f7-4337-8380-f74314739fa8
2019-06-13 15:46:32,770 INFO  pipeline.PipelineStateManager (PipelineStateManager.java:addPipeline(56)) - Created pipeline Pipeline[ Id: 7d07348b-6201-49e4-b007-b43f0afea1a4, Nodes: bace745d-c1f7-4337-8380-f74314739fa8{ip: 192.168.11.208, host: ozone-z9zf6-1652263048, networkLocation: /default-rack, certSerialId: null}, Type:RATIS, Factor:ONE, State:OPEN]
2019-06-13 15:46:32,798 INFO  impl.RaftServerProxy (RaftServerProxy.java:addNew(89)) - 5c70d0c5-7d91-4eaa-85b7-cae4a25883b3: addNew group-6E4A6B2F7023:[bace745d-c1f7-4337-8380-f74314739fa8:192.168.11.208:42611, 5c70d0c5-7d91-4eaa-85b7-cae4a25883b3:192.168.11.208:40381, f4c580b9-767e-4f7d-9b83-c9918d97c107:192.168.11.208:40777] returns group-6E4A6B2F7023:java.util.concurrent.CompletableFuture@5fd1703a[Not completed]
2019-06-13 15:46:32,799 INFO  impl.RaftServerImpl (RaftServerImpl.java:<init>(91)) - 5c70d0c5-7d91-4eaa-85b7-cae4a25883b3: new RaftServerImpl for group-6E4A6B2F7023:[bace745d-c1f7-4337-8380-f74314739fa8:192.168.11.208:42611, 5c70d0c5-7d91-4eaa-85b7-cae4a25883b3:192.168.11.208:40381, f4c580b9-767e-4f7d-9b83-c9918d97c107:192.168.11.208:40777] with ContainerStateMachine:uninitialized
2019-06-13 15:46:32,799 INFO  server.RaftServerConfigKeys (ConfUtils.java:logGet(43)) - raft.server.rpc.timeout.min = 1s (custom)
2019-06-13 15:46:32,799 INFO  server.RaftServerConfigKeys (ConfUtils.java:logGet(43)) - raft.server.rpc.timeout.max = 1200ms (custom)
2019-06-13 15:46:32,800 INFO  server.RaftServerConfigKeys (ConfUtils.java:logGet(43)) - raft.server.rpcslowness.timeout = 10s (custom)
2019-06-13 15:46:32,800 INFO  server.RaftServerConfigKeys (ConfUtils.java:logGet(43)) - raft.server.log.appender.install.snapshot.enabled = true (default)
2019-06-13 15:46:32,801 INFO  impl.RaftServerProxy (RaftServerProxy.java:addNew(89)) - bace745d-c1f7-4337-8380-f74314739fa8: addNew group-6E4A6B2F7023:[bace745d-c1f7-4337-8380-f74314739fa8:192.168.11.208:42611, 5c70d0c5-7d91-4eaa-85b7-cae4a25883b3:192.168.11.208:40381, f4c580b9-767e-4f7d-9b83-c9918d97c107:192.168.11.208:40777] returns group-6E4A6B2F7023:java.util.concurrent.CompletableFuture@2397c14b[Not completed]
2019-06-13 15:46:32,801 INFO  impl.RaftServerImpl (ServerState.java:<init>(101)) - 5c70d0c5-7d91-4eaa-85b7-cae4a25883b3:group-6E4A6B2F7023 ConfigurationManager, init=-1: [bace745d-c1f7-4337-8380-f74314739fa8:192.168.11.208:42611, 5c70d0c5-7d91-4eaa-85b7-cae4a25883b3:192.168.11.208:40381, f4c580b9-767e-4f7d-9b83-c9918d97c107:192.168.11.208:40777], old=null, confs=<EMPTY_MAP>
2019-06-13 15:46:32,801 INFO  server.RaftServerConfigKeys (ConfUtils.java:logGet(43)) - raft.server.storage.dir = [/opt/src/hadoop-ozone/integration-test/target/test-dir/MiniOzoneClusterImpl-419b8570-9882-48f9-bf59-9d038d35cd14/datanode-0/data/ratis] (custom)
2019-06-13 15:46:32,801 INFO  impl.RaftServerImpl (RaftServerImpl.java:<init>(91)) - bace745d-c1f7-4337-8380-f74314739fa8: new RaftServerImpl for group-6E4A6B2F7023:[bace745d-c1f7-4337-8380-f74314739fa8:192.168.11.208:42611, 5c70d0c5-7d91-4eaa-85b7-cae4a25883b3:192.168.11.208:40381, f4c580b9-767e-4f7d-9b83-c9918d97c107:192.168.11.208:40777] with ContainerStateMachine:uninitialized
2019-06-13 15:46:32,802 INFO  server.RaftServerConfigKeys (ConfUtils.java:logGet(43)) - raft.server.rpc.timeout.min = 1s (custom)
2019-06-13 15:46:32,802 INFO  storage.RaftStorageDirectory (RaftStorageDirectory.java:analyzeStorage(246)) - The storage directory /opt/src/hadoop-ozone/integration-test/target/test-dir/MiniOzoneClusterImpl-419b8570-9882-48f9-bf59-9d038d35cd14/datanode-0/data/ratis/4af143d6-6f8b-4b4c-8ee7-6e4a6b2f7023 does not exist. Creating ...
2019-06-13 15:46:32,802 INFO  server.RaftServerConfigKeys (ConfUtils.java:logGet(43)) - raft.server.rpc.timeout.max = 1200ms (custom)
2019-06-13 15:46:32,802 INFO  server.RaftServerConfigKeys (ConfUtils.java:logGet(43)) - raft.server.rpcslowness.timeout = 10s (custom)
2019-06-13 15:46:32,802 INFO  server.RaftServerConfigKeys (ConfUtils.java:logGet(43)) - raft.server.log.appender.install.snapshot.enabled = true (default)
2019-06-13 15:46:32,802 INFO  impl.RaftServerImpl (ServerState.java:<init>(101)) - bace745d-c1f7-4337-8380-f74314739fa8:group-6E4A6B2F7023 ConfigurationManager, init=-1: [bace745d-c1f7-4337-8380-f74314739fa8:192.168.11.208:42611, 5c70d0c5-7d91-4eaa-85b7-cae4a25883b3:192.168.11.208:40381, f4c580b9-767e-4f7d-9b83-c9918d97c107:192.168.11.208:40777], old=null, confs=<EMPTY_MAP>
2019-06-13 15:46:32,802 INFO  server.RaftServerConfigKeys (ConfUtils.java:logGet(43)) - raft.server.storage.dir = [/opt/src/hadoop-ozone/integration-test/target/test-dir/MiniOzoneClusterImpl-419b8570-9882-48f9-bf59-9d038d35cd14/datanode-3/data/ratis] (custom)
2019-06-13 15:46:32,802 INFO  storage.RaftStorageDirectory (RaftStorageDirectory.java:analyzeStorage(246)) - The storage directory /opt/src/hadoop-ozone/integration-test/target/test-dir/MiniOzoneClusterImpl-419b8570-9882-48f9-bf59-9d038d35cd14/datanode-3/data/ratis/4af143d6-6f8b-4b4c-8ee7-6e4a6b2f7023 does not exist. Creating ...
2019-06-13 15:46:32,804 INFO  impl.RaftServerProxy (RaftServerProxy.java:addNew(89)) - f4c580b9-767e-4f7d-9b83-c9918d97c107: addNew group-6E4A6B2F7023:[bace745d-c1f7-4337-8380-f74314739fa8:192.168.11.208:42611, 5c70d0c5-7d91-4eaa-85b7-cae4a25883b3:192.168.11.208:40381, f4c580b9-767e-4f7d-9b83-c9918d97c107:192.168.11.208:40777] returns group-6E4A6B2F7023:java.util.concurrent.CompletableFuture@1ac034c0[Not completed]
2019-06-13 15:46:32,804 INFO  impl.RaftServerImpl (RaftServerImpl.java:<init>(91)) - f4c580b9-767e-4f7d-9b83-c9918d97c107: new RaftServerImpl for group-6E4A6B2F7023:[bace745d-c1f7-4337-8380-f74314739fa8:192.168.11.208:42611, 5c70d0c5-7d91-4eaa-85b7-cae4a25883b3:192.168.11.208:40381, f4c580b9-767e-4f7d-9b83-c9918d97c107:192.168.11.208:40777] with ContainerStateMachine:uninitialized
2019-06-13 15:46:32,804 INFO  server.RaftServerConfigKeys (ConfUtils.java:logGet(43)) - raft.server.rpc.timeout.min = 1s (custom)
2019-06-13 15:46:32,804 INFO  server.RaftServerConfigKeys (ConfUtils.java:logGet(43)) - raft.server.rpc.timeout.max = 1200ms (custom)
2019-06-13 15:46:32,805 INFO  server.RaftServerConfigKeys (ConfUtils.java:logGet(43)) - raft.server.rpcslowness.timeout = 10s (custom)
2019-06-13 15:46:32,805 INFO  server.RaftServerConfigKeys (ConfUtils.java:logGet(43)) - raft.server.log.appender.install.snapshot.enabled = true (default)
2019-06-13 15:46:32,805 INFO  impl.RaftServerImpl (ServerState.java:<init>(101)) - f4c580b9-767e-4f7d-9b83-c9918d97c107:group-6E4A6B2F7023 ConfigurationManager, init=-1: [bace745d-c1f7-4337-8380-f74314739fa8:192.168.11.208:42611, 5c70d0c5-7d91-4eaa-85b7-cae4a25883b3:192.168.11.208:40381, f4c580b9-767e-4f7d-9b83-c9918d97c107:192.168.11.208:40777], old=null, confs=<EMPTY_MAP>
2019-06-13 15:46:32,805 INFO  server.RaftServerConfigKeys (ConfUtils.java:logGet(43)) - raft.server.storage.dir = [/opt/src/hadoop-ozone/integration-test/target/test-dir/MiniOzoneClusterImpl-419b8570-9882-48f9-bf59-9d038d35cd14/datanode-2/data/ratis] (custom)
2019-06-13 15:46:32,805 INFO  storage.RaftStorageDirectory (RaftStorageDirectory.java:analyzeStorage(246)) - The storage directory /opt/src/hadoop-ozone/integration-test/target/test-dir/MiniOzoneClusterImpl-419b8570-9882-48f9-bf59-9d038d35cd14/datanode-2/data/ratis/4af143d6-6f8b-4b4c-8ee7-6e4a6b2f7023 does not exist. Creating ...
2019-06-13 15:46:32,805 INFO  storage.RaftStorageDirectory (RaftStorageDirectory.java:tryLock(328)) - Lock on /opt/src/hadoop-ozone/integration-test/target/test-dir/MiniOzoneClusterImpl-419b8570-9882-48f9-bf59-9d038d35cd14/datanode-3/data/ratis/4af143d6-6f8b-4b4c-8ee7-6e4a6b2f7023/in_use.lock acquired by nodename 10053@ozone-z9zf6-1652263048
2019-06-13 15:46:32,805 INFO  storage.RaftStorageDirectory (RaftStorageDirectory.java:tryLock(328)) - Lock on /opt/src/hadoop-ozone/integration-test/target/test-dir/MiniOzoneClusterImpl-419b8570-9882-48f9-bf59-9d038d35cd14/datanode-0/data/ratis/4af143d6-6f8b-4b4c-8ee7-6e4a6b2f7023/in_use.lock acquired by nodename 10053@ozone-z9zf6-1652263048
2019-06-13 15:46:32,807 INFO  storage.RaftStorageDirectory (RaftStorageDirectory.java:tryLock(328)) - Lock on /opt/src/hadoop-ozone/integration-test/target/test-dir/MiniOzoneClusterImpl-419b8570-9882-48f9-bf59-9d038d35cd14/datanode-2/data/ratis/4af143d6-6f8b-4b4c-8ee7-6e4a6b2f7023/in_use.lock acquired by nodename 10053@ozone-z9zf6-1652263048
2019-06-13 15:46:32,809 INFO  storage.RaftStorage (RaftStorage.java:format(75)) - Storage directory /opt/src/hadoop-ozone/integration-test/target/test-dir/MiniOzoneClusterImpl-419b8570-9882-48f9-bf59-9d038d35cd14/datanode-0/data/ratis/4af143d6-6f8b-4b4c-8ee7-6e4a6b2f7023 has been successfully formatted.
2019-06-13 15:46:32,810 INFO  storage.RaftStorage (RaftStorage.java:format(75)) - Storage directory /opt/src/hadoop-ozone/integration-test/target/test-dir/MiniOzoneClusterImpl-419b8570-9882-48f9-bf59-9d038d35cd14/datanode-3/data/ratis/4af143d6-6f8b-4b4c-8ee7-6e4a6b2f7023 has been successfully formatted.
2019-06-13 15:46:32,810 INFO  ratis.ContainerStateMachine (ContainerStateMachine.java:loadSnapshot(199)) - The snapshot info is null.Setting the last applied index to:(t:0, i:~)
2019-06-13 15:46:32,810 INFO  ratis.ContainerStateMachine (ContainerStateMachine.java:loadSnapshot(199)) - The snapshot info is null.Setting the last applied index to:(t:0, i:~)
2019-06-13 15:46:32,810 INFO  server.RaftServerConfigKeys (ConfUtils.java:logGet(43)) - raft.server.leader.election.timeout = 10s (custom)
2019-06-13 15:46:32,810 INFO  server.RaftServerConfigKeys (ConfUtils.java:logGet(43)) - raft.server.leader.election.timeout = 10s (custom)
2019-06-13 15:46:32,810 INFO  storage.RaftStorage (RaftStorage.java:format(75)) - Storage directory /opt/src/hadoop-ozone/integration-test/target/test-dir/MiniOzoneClusterImpl-419b8570-9882-48f9-bf59-9d038d35cd14/datanode-2/data/ratis/4af143d6-6f8b-4b4c-8ee7-6e4a6b2f7023 has been successfully formatted.
2019-06-13 15:46:32,811 INFO  ratis.ContainerStateMachine (ContainerStateMachine.java:loadSnapshot(199)) - The snapshot info is null.Setting the last applied index to:(t:0, i:~)
2019-06-13 15:46:32,811 INFO  server.RaftServerConfigKeys (ConfUtils.java:logGet(43)) - raft.server.leader.election.timeout = 10s (custom)
2019-06-13 15:46:32,811 INFO  server.RaftServerConfigKeys (ConfUtils.java:logGet(43)) - raft.server.log.use.memory = false (default)
2019-06-13 15:46:32,811 INFO  server.RaftServerConfigKeys (ConfUtils.java:logGet(43)) - raft.server.log.appender.buffer.byte-limit = 33554432 (custom)
2019-06-13 15:46:32,811 INFO  server.RaftServerConfigKeys (ConfUtils.java:logGet(43)) - raft.server.log.segment.size.max = 16384 (custom)
2019-06-13 15:46:32,811 INFO  server.RaftServerConfigKeys (ConfUtils.java:logGet(43)) - raft.server.log.segment.cache.num.max = 2 (custom)
2019-06-13 15:46:32,811 INFO  storage.RaftLogWorker (RaftLogWorker.java:<init>(123)) - new f4c580b9-767e-4f7d-9b83-c9918d97c107-RaftLogWorker for Storage Directory /opt/src/hadoop-ozone/integration-test/target/test-dir/MiniOzoneClusterImpl-419b8570-9882-48f9-bf59-9d038d35cd14/datanode-2/data/ratis/4af143d6-6f8b-4b4c-8ee7-6e4a6b2f7023
2019-06-13 15:46:32,811 INFO  server.RaftServerConfigKeys (ConfUtils.java:logGet(43)) - raft.server.log.queue.byte-limit = 2147483647 (custom)
2019-06-13 15:46:32,811 INFO  server.RaftServerConfigKeys (ConfUtils.java:logGet(43)) - raft.server.log.queue.element-limit = 1024 (custom)
2019-06-13 15:46:32,812 INFO  server.RaftServerConfigKeys (ConfUtils.java:logGet(43)) - raft.server.log.segment.size.max = 16384 (custom)
2019-06-13 15:46:32,812 INFO  server.RaftServerConfigKeys (ConfUtils.java:logGet(43)) - raft.server.log.preallocated.size = 16384 (custom)
2019-06-13 15:46:32,812 INFO  server.RaftServerConfigKeys (ConfUtils.java:logGet(43)) - raft.server.log.write.buffer.size = 33554432 (custom)
2019-06-13 15:46:32,812 INFO  server.RaftServerConfigKeys (ConfUtils.java:logGet(43)) - raft.server.log.force.sync.num = 128 (default)
2019-06-13 15:46:32,812 INFO  server.RaftServerConfigKeys (ConfUtils.java:logGet(43)) - raft.server.log.statemachine.data.sync = true (default)
2019-06-13 15:46:32,812 INFO  server.RaftServerConfigKeys (ConfUtils.java:logGet(43)) - raft.server.log.statemachine.data.sync.timeout = 10s (default)
2019-06-13 15:46:32,812 INFO  server.RaftServerConfigKeys (ConfUtils.java:logGet(43)) - raft.server.log.statemachine.data.sync.timeout.retry = -1 (default)
2019-06-13 15:46:32,812 INFO  server.RaftServerConfigKeys (ConfUtils.java:logGet(43)) - raft.server.log.statemachine.data.caching.enabled = true (custom)
2019-06-13 15:46:32,810 INFO  server.RaftServerConfigKeys (ConfUtils.java:logGet(43)) - raft.server.log.use.memory = false (default)
2019-06-13 15:46:32,813 INFO  server.RaftServerConfigKeys (ConfUtils.java:logGet(43)) - raft.server.snapshot.auto.trigger.enabled = true (custom)
2019-06-13 15:46:32,810 INFO  server.RaftServerConfigKeys (ConfUtils.java:logGet(43)) - raft.server.log.use.memory = false (default)
2019-06-13 15:46:32,813 INFO  server.RaftServerConfigKeys (ConfUtils.java:logGet(43)) - raft.server.snapshot.auto.trigger.threshold = 10000 (custom)
2019-06-13 15:46:32,813 INFO  server.RaftServerConfigKeys (ConfUtils.java:logGet(43)) - raft.server.log.appender.buffer.byte-limit = 33554432 (custom)
2019-06-13 15:46:32,813 INFO  server.RaftServerConfigKeys (ConfUtils.java:logGet(43)) - raft.server.retrycache.expirytime = 600000ms (custom)
2019-06-13 15:46:32,813 INFO  server.RaftServerConfigKeys (ConfUtils.java:logGet(43)) - raft.server.log.appender.buffer.byte-limit = 33554432 (custom)
2019-06-13 15:46:32,813 INFO  impl.RaftServerImpl (RaftServerImpl.java:start(173)) - f4c580b9-767e-4f7d-9b83-c9918d97c107: start group-6E4A6B2F7023
2019-06-13 15:46:32,813 INFO  server.RaftServerConfigKeys (ConfUtils.java:logGet(43)) - raft.server.log.segment.size.max = 16384 (custom)
2019-06-13 15:46:32,813 INFO  impl.RaftServerImpl (RaftServerImpl.java:setRole(164)) - f4c580b9-767e-4f7d-9b83-c9918d97c107:group-6E4A6B2F7023 changes role from null to FOLLOWER at term 0 for startAsFollower
2019-06-13 15:46:32,813 INFO  server.RaftServerConfigKeys (ConfUtils.java:logGet(43)) - raft.server.log.segment.size.max = 16384 (custom)
2019-06-13 15:46:32,814 INFO  impl.RoleInfo (RoleInfo.java:updateAndGet(143)) - f4c580b9-767e-4f7d-9b83-c9918d97c107: start FollowerState
2019-06-13 15:46:32,813 INFO  server.RaftServerConfigKeys (ConfUtils.java:logGet(43)) - raft.server.log.segment.cache.num.max = 2 (custom)
2019-06-13 15:46:32,814 INFO  storage.RaftLogWorker (RaftLogWorker.java:<init>(123)) - new 5c70d0c5-7d91-4eaa-85b7-cae4a25883b3-RaftLogWorker for Storage Directory /opt/src/hadoop-ozone/integration-test/target/test-dir/MiniOzoneClusterImpl-419b8570-9882-48f9-bf59-9d038d35cd14/datanode-0/data/ratis/4af143d6-6f8b-4b4c-8ee7-6e4a6b2f7023
2019-06-13 15:46:32,814 INFO  server.RaftServerConfigKeys (ConfUtils.java:logGet(43)) - raft.server.log.queue.byte-limit = 2147483647 (custom)
2019-06-13 15:46:32,814 INFO  server.RaftServerConfigKeys (ConfUtils.java:logGet(43)) - raft.server.log.queue.element-limit = 1024 (custom)
2019-06-13 15:46:32,814 INFO  server.RaftServerConfigKeys (ConfUtils.java:logGet(43)) - raft.server.log.segment.size.max = 16384 (custom)
2019-06-13 15:46:32,814 INFO  server.RaftServerConfigKeys (ConfUtils.java:logGet(43)) - raft.server.log.preallocated.size = 16384 (custom)
2019-06-13 15:46:32,814 INFO  server.RaftServerConfigKeys (ConfUtils.java:logGet(43)) - raft.server.log.write.buffer.size = 33554432 (custom)
2019-06-13 15:46:32,814 INFO  server.RaftServerConfigKeys (ConfUtils.java:logGet(43)) - raft.server.log.segment.cache.num.max = 2 (custom)
2019-06-13 15:46:32,815 INFO  server.RaftServerConfigKeys (ConfUtils.java:logGet(43)) - raft.server.log.force.sync.num = 128 (default)
2019-06-13 15:46:32,814 INFO  util.JmxRegister (JmxRegister.java:tryRegister(44)) - Successfully registered JMX Bean with object name Ratis:service=RaftServer,group=group-6E4A6B2F7023,id=f4c580b9-767e-4f7d-9b83-c9918d97c107
2019-06-13 15:46:32,815 INFO  server.RaftServerConfigKeys (ConfUtils.java:logGet(43)) - raft.server.log.statemachine.data.sync = true (default)
2019-06-13 15:46:32,815 INFO  storage.RaftLogWorker (RaftLogWorker.java:<init>(123)) - new bace745d-c1f7-4337-8380-f74314739fa8-RaftLogWorker for Storage Directory /opt/src/hadoop-ozone/integration-test/target/test-dir/MiniOzoneClusterImpl-419b8570-9882-48f9-bf59-9d038d35cd14/datanode-3/data/ratis/4af143d6-6f8b-4b4c-8ee7-6e4a6b2f7023
2019-06-13 15:46:32,815 INFO  server.RaftServerConfigKeys (ConfUtils.java:logGet(43)) - raft.server.log.queue.byte-limit = 2147483647 (custom)
2019-06-13 15:46:32,815 INFO  server.RaftServerConfigKeys (ConfUtils.java:logGet(43)) - raft.server.log.queue.element-limit = 1024 (custom)
2019-06-13 15:46:32,815 INFO  server.RaftServerConfigKeys (ConfUtils.java:logGet(43)) - raft.server.log.segment.size.max = 16384 (custom)
2019-06-13 15:46:32,815 INFO  server.RaftServerConfigKeys (ConfUtils.java:logGet(43)) - raft.server.log.preallocated.size = 16384 (custom)
2019-06-13 15:46:32,816 INFO  server.RaftServerConfigKeys (ConfUtils.java:logGet(43)) - raft.server.log.write.buffer.size = 33554432 (custom)
2019-06-13 15:46:32,816 INFO  server.RaftServerConfigKeys (ConfUtils.java:logGet(43)) - raft.server.log.force.sync.num = 128 (default)
2019-06-13 15:46:32,816 INFO  server.RaftServerConfigKeys (ConfUtils.java:logGet(43)) - raft.server.log.statemachine.data.sync = true (default)
2019-06-13 15:46:32,816 INFO  server.RaftServerConfigKeys (ConfUtils.java:logGet(43)) - raft.server.log.statemachine.data.sync.timeout = 10s (default)
2019-06-13 15:46:32,816 INFO  server.RaftServerConfigKeys (ConfUtils.java:logGet(43)) - raft.server.log.statemachine.data.sync.timeout.retry = -1 (default)
2019-06-13 15:46:32,816 INFO  server.RaftServerConfigKeys (ConfUtils.java:logGet(43)) - raft.server.log.statemachine.data.caching.enabled = true (custom)
2019-06-13 15:46:32,816 INFO  server.RaftServerConfigKeys (ConfUtils.java:logGet(43)) - raft.server.log.statemachine.data.sync.timeout = 10s (default)
2019-06-13 15:46:32,817 INFO  server.RaftServerConfigKeys (ConfUtils.java:logGet(43)) - raft.server.log.statemachine.data.sync.timeout.retry = -1 (default)
2019-06-13 15:46:32,817 INFO  server.RaftServerConfigKeys (ConfUtils.java:logGet(43)) - raft.server.snapshot.auto.trigger.enabled = true (custom)
2019-06-13 15:46:32,817 INFO  server.RaftServerConfigKeys (ConfUtils.java:logGet(43)) - raft.server.snapshot.auto.trigger.threshold = 10000 (custom)
2019-06-13 15:46:32,817 INFO  server.RaftServerConfigKeys (ConfUtils.java:logGet(43)) - raft.server.retrycache.expirytime = 600000ms (custom)
2019-06-13 15:46:32,817 INFO  impl.RaftServerImpl (RaftServerImpl.java:start(173)) - bace745d-c1f7-4337-8380-f74314739fa8: start group-6E4A6B2F7023
2019-06-13 15:46:32,817 INFO  impl.RaftServerImpl (RaftServerImpl.java:setRole(164)) - bace745d-c1f7-4337-8380-f74314739fa8:group-6E4A6B2F7023 changes role from null to FOLLOWER at term 0 for startAsFollower
2019-06-13 15:46:32,817 INFO  impl.RoleInfo (RoleInfo.java:updateAndGet(143)) - bace745d-c1f7-4337-8380-f74314739fa8: start FollowerState
2019-06-13 15:46:32,819 INFO  util.JmxRegister (JmxRegister.java:tryRegister(44)) - Successfully registered JMX Bean with object name Ratis:service=RaftServer,group=group-6E4A6B2F7023,id=bace745d-c1f7-4337-8380-f74314739fa8
2019-06-13 15:46:32,823 INFO  server.RaftServerConfigKeys (ConfUtils.java:logGet(43)) - raft.server.log.statemachine.data.caching.enabled = true (custom)
2019-06-13 15:46:32,843 INFO  server.RaftServerConfigKeys (ConfUtils.java:logGet(43)) - raft.server.snapshot.auto.trigger.enabled = true (custom)
2019-06-13 15:46:32,843 INFO  server.RaftServerConfigKeys (ConfUtils.java:logGet(43)) - raft.server.snapshot.auto.trigger.threshold = 10000 (custom)
2019-06-13 15:46:32,843 INFO  server.RaftServerConfigKeys (ConfUtils.java:logGet(43)) - raft.server.retrycache.expirytime = 600000ms (custom)
2019-06-13 15:46:32,843 INFO  impl.RaftServerImpl (RaftServerImpl.java:start(173)) - 5c70d0c5-7d91-4eaa-85b7-cae4a25883b3: start group-6E4A6B2F7023
2019-06-13 15:46:32,843 INFO  impl.RaftServerImpl (RaftServerImpl.java:setRole(164)) - 5c70d0c5-7d91-4eaa-85b7-cae4a25883b3:group-6E4A6B2F7023 changes role from null to FOLLOWER at term 0 for startAsFollower
2019-06-13 15:46:32,843 INFO  impl.RoleInfo (RoleInfo.java:updateAndGet(143)) - 5c70d0c5-7d91-4eaa-85b7-cae4a25883b3: start FollowerState
2019-06-13 15:46:32,852 INFO  util.JmxRegister (JmxRegister.java:tryRegister(44)) - Successfully registered JMX Bean with object name Ratis:service=RaftServer,group=group-6E4A6B2F7023,id=5c70d0c5-7d91-4eaa-85b7-cae4a25883b3
2019-06-13 15:46:32,867 INFO  pipeline.PipelineStateManager (PipelineStateManager.java:addPipeline(56)) - Created pipeline Pipeline[ Id: 4af143d6-6f8b-4b4c-8ee7-6e4a6b2f7023, Nodes: 5c70d0c5-7d91-4eaa-85b7-cae4a25883b3{ip: 192.168.11.208, host: ozone-z9zf6-1652263048, networkLocation: /default-rack, certSerialId: null}bace745d-c1f7-4337-8380-f74314739fa8{ip: 192.168.11.208, host: ozone-z9zf6-1652263048, networkLocation: /default-rack, certSerialId: null}f4c580b9-767e-4f7d-9b83-c9918d97c107{ip: 192.168.11.208, host: ozone-z9zf6-1652263048, networkLocation: /default-rack, certSerialId: null}, Type:RATIS, Factor:THREE, State:OPEN]
2019-06-13 15:46:33,146 INFO  node.SCMNodeManager (SCMNodeManager.java:register(234)) - Registered Data node : 2af53f03-1c3c-4a35-8ded-296741614628{ip: 192.168.11.208, host: ozone-z9zf6-1652263048, networkLocation: /default-rack, certSerialId: null}
2019-06-13 15:46:33,180 INFO  impl.RaftServerProxy (RaftServerProxy.java:addNew(89)) - 2af53f03-1c3c-4a35-8ded-296741614628: addNew group-42C7A8AD6554:[2af53f03-1c3c-4a35-8ded-296741614628:192.168.11.208:40989] returns group-42C7A8AD6554:java.util.concurrent.CompletableFuture@27442e56[Not completed]
2019-06-13 15:46:33,184 INFO  impl.RaftServerImpl (RaftServerImpl.java:<init>(91)) - 2af53f03-1c3c-4a35-8ded-296741614628: new RaftServerImpl for group-42C7A8AD6554:[2af53f03-1c3c-4a35-8ded-296741614628:192.168.11.208:40989] with ContainerStateMachine:uninitialized
2019-06-13 15:46:33,184 INFO  server.RaftServerConfigKeys (ConfUtils.java:logGet(43)) - raft.server.rpc.timeout.min = 1s (custom)
2019-06-13 15:46:33,184 INFO  server.RaftServerConfigKeys (ConfUtils.java:logGet(43)) - raft.server.rpc.timeout.max = 1200ms (custom)
2019-06-13 15:46:33,184 INFO  server.RaftServerConfigKeys (ConfUtils.java:logGet(43)) - raft.server.rpcslowness.timeout = 10s (custom)
2019-06-13 15:46:33,184 INFO  server.RaftServerConfigKeys (ConfUtils.java:logGet(43)) - raft.server.log.appender.install.snapshot.enabled = true (default)
2019-06-13 15:46:33,184 INFO  impl.RaftServerImpl (ServerState.java:<init>(101)) - 2af53f03-1c3c-4a35-8ded-296741614628:group-42C7A8AD6554 ConfigurationManager, init=-1: [2af53f03-1c3c-4a35-8ded-296741614628:192.168.11.208:40989], old=null, confs=<EMPTY_MAP>
2019-06-13 15:46:33,185 INFO  server.RaftServerConfigKeys (ConfUtils.java:logGet(43)) - raft.server.storage.dir = [/opt/src/hadoop-ozone/integration-test/target/test-dir/MiniOzoneClusterImpl-419b8570-9882-48f9-bf59-9d038d35cd14/datanode-4/data/ratis] (custom)
2019-06-13 15:46:33,185 INFO  storage.RaftStorageDirectory (RaftStorageDirectory.java:analyzeStorage(246)) - The storage directory /opt/src/hadoop-ozone/integration-test/target/test-dir/MiniOzoneClusterImpl-419b8570-9882-48f9-bf59-9d038d35cd14/datanode-4/data/ratis/72727d33-de33-4f0f-a2e9-42c7a8ad6554 does not exist. Creating ...
2019-06-13 15:46:33,188 INFO  storage.RaftStorageDirectory (RaftStorageDirectory.java:tryLock(328)) - Lock on /opt/src/hadoop-ozone/integration-test/target/test-dir/MiniOzoneClusterImpl-419b8570-9882-48f9-bf59-9d038d35cd14/datanode-4/data/ratis/72727d33-de33-4f0f-a2e9-42c7a8ad6554/in_use.lock acquired by nodename 10053@ozone-z9zf6-1652263048
2019-06-13 15:46:33,190 INFO  storage.RaftStorage (RaftStorage.java:format(75)) - Storage directory /opt/src/hadoop-ozone/integration-test/target/test-dir/MiniOzoneClusterImpl-419b8570-9882-48f9-bf59-9d038d35cd14/datanode-4/data/ratis/72727d33-de33-4f0f-a2e9-42c7a8ad6554 has been successfully formatted.
2019-06-13 15:46:33,190 INFO  ratis.ContainerStateMachine (ContainerStateMachine.java:loadSnapshot(199)) - The snapshot info is null.Setting the last applied index to:(t:0, i:~)
2019-06-13 15:46:33,190 INFO  server.RaftServerConfigKeys (ConfUtils.java:logGet(43)) - raft.server.leader.election.timeout = 10s (custom)
2019-06-13 15:46:33,190 INFO  server.RaftServerConfigKeys (ConfUtils.java:logGet(43)) - raft.server.log.use.memory = false (default)
2019-06-13 15:46:33,190 INFO  server.RaftServerConfigKeys (ConfUtils.java:logGet(43)) - raft.server.log.appender.buffer.byte-limit = 33554432 (custom)
2019-06-13 15:46:33,191 INFO  server.RaftServerConfigKeys (ConfUtils.java:logGet(43)) - raft.server.log.segment.size.max = 16384 (custom)
2019-06-13 15:46:33,191 INFO  server.RaftServerConfigKeys (ConfUtils.java:logGet(43)) - raft.server.log.segment.cache.num.max = 2 (custom)
2019-06-13 15:46:33,191 INFO  storage.RaftLogWorker (RaftLogWorker.java:<init>(123)) - new 2af53f03-1c3c-4a35-8ded-296741614628-RaftLogWorker for Storage Directory /opt/src/hadoop-ozone/integration-test/target/test-dir/MiniOzoneClusterImpl-419b8570-9882-48f9-bf59-9d038d35cd14/datanode-4/data/ratis/72727d33-de33-4f0f-a2e9-42c7a8ad6554
2019-06-13 15:46:33,191 INFO  server.RaftServerConfigKeys (ConfUtils.java:logGet(43)) - raft.server.log.queue.byte-limit = 2147483647 (custom)
2019-06-13 15:46:33,191 INFO  server.RaftServerConfigKeys (ConfUtils.java:logGet(43)) - raft.server.log.queue.element-limit = 1024 (custom)
2019-06-13 15:46:33,192 INFO  server.RaftServerConfigKeys (ConfUtils.java:logGet(43)) - raft.server.log.segment.size.max = 16384 (custom)
2019-06-13 15:46:33,192 INFO  server.RaftServerConfigKeys (ConfUtils.java:logGet(43)) - raft.server.log.preallocated.size = 16384 (custom)
2019-06-13 15:46:33,192 INFO  server.RaftServerConfigKeys (ConfUtils.java:logGet(43)) - raft.server.log.write.buffer.size = 33554432 (custom)
2019-06-13 15:46:33,192 INFO  server.RaftServerConfigKeys (ConfUtils.java:logGet(43)) - raft.server.log.force.sync.num = 128 (default)
2019-06-13 15:46:33,192 INFO  server.RaftServerConfigKeys (ConfUtils.java:logGet(43)) - raft.server.log.statemachine.data.sync = true (default)
2019-06-13 15:46:33,192 INFO  server.RaftServerConfigKeys (ConfUtils.java:logGet(43)) - raft.server.log.statemachine.data.sync.timeout = 10s (default)
2019-06-13 15:46:33,192 INFO  server.RaftServerConfigKeys (ConfUtils.java:logGet(43)) - raft.server.log.statemachine.data.sync.timeout.retry = -1 (default)
2019-06-13 15:46:33,192 INFO  server.RaftServerConfigKeys (ConfUtils.java:logGet(43)) - raft.server.log.statemachine.data.caching.enabled = true (custom)
2019-06-13 15:46:33,202 INFO  server.RaftServerConfigKeys (ConfUtils.java:logGet(43)) - raft.server.snapshot.auto.trigger.enabled = true (custom)
2019-06-13 15:46:33,203 INFO  server.RaftServerConfigKeys (ConfUtils.java:logGet(43)) - raft.server.snapshot.auto.trigger.threshold = 10000 (custom)
2019-06-13 15:46:33,203 INFO  server.RaftServerConfigKeys (ConfUtils.java:logGet(43)) - raft.server.retrycache.expirytime = 600000ms (custom)
2019-06-13 15:46:33,207 INFO  impl.RaftServerImpl (RaftServerImpl.java:start(173)) - 2af53f03-1c3c-4a35-8ded-296741614628: start group-42C7A8AD6554
2019-06-13 15:46:33,208 INFO  impl.RaftServerImpl (RaftServerImpl.java:setRole(164)) - 2af53f03-1c3c-4a35-8ded-296741614628:group-42C7A8AD6554 changes role from null to FOLLOWER at term 0 for startAsFollower
2019-06-13 15:46:33,208 INFO  impl.RoleInfo (RoleInfo.java:updateAndGet(143)) - 2af53f03-1c3c-4a35-8ded-296741614628: start FollowerState
2019-06-13 15:46:33,209 INFO  util.JmxRegister (JmxRegister.java:tryRegister(44)) - Successfully registered JMX Bean with object name Ratis:service=RaftServer,group=group-42C7A8AD6554,id=2af53f03-1c3c-4a35-8ded-296741614628
2019-06-13 15:46:33,222 INFO  pipeline.PipelineStateManager (PipelineStateManager.java:addPipeline(56)) - Created pipeline Pipeline[ Id: 72727d33-de33-4f0f-a2e9-42c7a8ad6554, Nodes: 2af53f03-1c3c-4a35-8ded-296741614628{ip: 192.168.11.208, host: ozone-z9zf6-1652263048, networkLocation: /default-rack, certSerialId: null}, Type:RATIS, Factor:ONE, State:OPEN]
2019-06-13 15:46:33,453 INFO  ozone.MiniOzoneClusterImpl (MiniOzoneClusterImpl.java:lambda$waitForClusterToBeReady$0(142)) - Waiting for cluster to be ready. Got 5 of 6 DN Heartbeats.
2019-06-13 15:46:33,462 INFO  node.SCMNodeManager (SCMNodeManager.java:register(234)) - Registered Data node : da1752a6-eeda-4258-ac7b-600bdb0b2654{ip: 192.168.11.208, host: ozone-z9zf6-1652263048, networkLocation: /default-rack, certSerialId: null}
2019-06-13 15:46:33,475 INFO  impl.RaftServerProxy (RaftServerProxy.java:addNew(89)) - da1752a6-eeda-4258-ac7b-600bdb0b2654: addNew group-6CACD0BBFDE7:[da1752a6-eeda-4258-ac7b-600bdb0b2654:192.168.11.208:36779] returns group-6CACD0BBFDE7:java.util.concurrent.CompletableFuture@4fa47660[Not completed]
2019-06-13 15:46:33,476 INFO  impl.RaftServerImpl (RaftServerImpl.java:<init>(91)) - da1752a6-eeda-4258-ac7b-600bdb0b2654: new RaftServerImpl for group-6CACD0BBFDE7:[da1752a6-eeda-4258-ac7b-600bdb0b2654:192.168.11.208:36779] with ContainerStateMachine:uninitialized
2019-06-13 15:46:33,476 INFO  server.RaftServerConfigKeys (ConfUtils.java:logGet(43)) - raft.server.rpc.timeout.min = 1s (custom)
2019-06-13 15:46:33,476 INFO  server.RaftServerConfigKeys (ConfUtils.java:logGet(43)) - raft.server.rpc.timeout.max = 1200ms (custom)
2019-06-13 15:46:33,476 INFO  server.RaftServerConfigKeys (ConfUtils.java:logGet(43)) - raft.server.rpcslowness.timeout = 10s (custom)
2019-06-13 15:46:33,476 INFO  server.RaftServerConfigKeys (ConfUtils.java:logGet(43)) - raft.server.log.appender.install.snapshot.enabled = true (default)
2019-06-13 15:46:33,476 INFO  impl.RaftServerImpl (ServerState.java:<init>(101)) - da1752a6-eeda-4258-ac7b-600bdb0b2654:group-6CACD0BBFDE7 ConfigurationManager, init=-1: [da1752a6-eeda-4258-ac7b-600bdb0b2654:192.168.11.208:36779], old=null, confs=<EMPTY_MAP>
2019-06-13 15:46:33,477 INFO  server.RaftServerConfigKeys (ConfUtils.java:logGet(43)) - raft.server.storage.dir = [/opt/src/hadoop-ozone/integration-test/target/test-dir/MiniOzoneClusterImpl-419b8570-9882-48f9-bf59-9d038d35cd14/datanode-5/data/ratis] (custom)
2019-06-13 15:46:33,477 INFO  storage.RaftStorageDirectory (RaftStorageDirectory.java:analyzeStorage(246)) - The storage directory /opt/src/hadoop-ozone/integration-test/target/test-dir/MiniOzoneClusterImpl-419b8570-9882-48f9-bf59-9d038d35cd14/datanode-5/data/ratis/3b5684ef-872f-4986-ae9a-6cacd0bbfde7 does not exist. Creating ...
2019-06-13 15:46:33,480 INFO  storage.RaftStorageDirectory (RaftStorageDirectory.java:tryLock(328)) - Lock on /opt/src/hadoop-ozone/integration-test/target/test-dir/MiniOzoneClusterImpl-419b8570-9882-48f9-bf59-9d038d35cd14/datanode-5/data/ratis/3b5684ef-872f-4986-ae9a-6cacd0bbfde7/in_use.lock acquired by nodename 10053@ozone-z9zf6-1652263048
2019-06-13 15:46:33,482 INFO  storage.RaftStorage (RaftStorage.java:format(75)) - Storage directory /opt/src/hadoop-ozone/integration-test/target/test-dir/MiniOzoneClusterImpl-419b8570-9882-48f9-bf59-9d038d35cd14/datanode-5/data/ratis/3b5684ef-872f-4986-ae9a-6cacd0bbfde7 has been successfully formatted.
2019-06-13 15:46:33,482 INFO  ratis.ContainerStateMachine (ContainerStateMachine.java:loadSnapshot(199)) - The snapshot info is null.Setting the last applied index to:(t:0, i:~)
2019-06-13 15:46:33,482 INFO  server.RaftServerConfigKeys (ConfUtils.java:logGet(43)) - raft.server.leader.election.timeout = 10s (custom)
2019-06-13 15:46:33,483 INFO  server.RaftServerConfigKeys (ConfUtils.java:logGet(43)) - raft.server.log.use.memory = false (default)
2019-06-13 15:46:33,483 INFO  server.RaftServerConfigKeys (ConfUtils.java:logGet(43)) - raft.server.log.appender.buffer.byte-limit = 33554432 (custom)
2019-06-13 15:46:33,483 INFO  server.RaftServerConfigKeys (ConfUtils.java:logGet(43)) - raft.server.log.segment.size.max = 16384 (custom)
2019-06-13 15:46:33,483 INFO  server.RaftServerConfigKeys (ConfUtils.java:logGet(43)) - raft.server.log.segment.cache.num.max = 2 (custom)
2019-06-13 15:46:33,483 INFO  storage.RaftLogWorker (RaftLogWorker.java:<init>(123)) - new da1752a6-eeda-4258-ac7b-600bdb0b2654-RaftLogWorker for Storage Directory /opt/src/hadoop-ozone/integration-test/target/test-dir/MiniOzoneClusterImpl-419b8570-9882-48f9-bf59-9d038d35cd14/datanode-5/data/ratis/3b5684ef-872f-4986-ae9a-6cacd0bbfde7
2019-06-13 15:46:33,483 INFO  server.RaftServerConfigKeys (ConfUtils.java:logGet(43)) - raft.server.log.queue.byte-limit = 2147483647 (custom)
2019-06-13 15:46:33,483 INFO  server.RaftServerConfigKeys (ConfUtils.java:logGet(43)) - raft.server.log.queue.element-limit = 1024 (custom)
2019-06-13 15:46:33,483 INFO  server.RaftServerConfigKeys (ConfUtils.java:logGet(43)) - raft.server.log.segment.size.max = 16384 (custom)
2019-06-13 15:46:33,484 INFO  server.RaftServerConfigKeys (ConfUtils.java:logGet(43)) - raft.server.log.preallocated.size = 16384 (custom)
2019-06-13 15:46:33,484 INFO  server.RaftServerConfigKeys (ConfUtils.java:logGet(43)) - raft.server.log.write.buffer.size = 33554432 (custom)
2019-06-13 15:46:33,484 INFO  server.RaftServerConfigKeys (ConfUtils.java:logGet(43)) - raft.server.log.force.sync.num = 128 (default)
2019-06-13 15:46:33,484 INFO  server.RaftServerConfigKeys (ConfUtils.java:logGet(43)) - raft.server.log.statemachine.data.sync = true (default)
2019-06-13 15:46:33,484 INFO  server.RaftServerConfigKeys (ConfUtils.java:logGet(43)) - raft.server.log.statemachine.data.sync.timeout = 10s (default)
2019-06-13 15:46:33,484 INFO  server.RaftServerConfigKeys (ConfUtils.java:logGet(43)) - raft.server.log.statemachine.data.sync.timeout.retry = -1 (default)
2019-06-13 15:46:33,484 INFO  server.RaftServerConfigKeys (ConfUtils.java:logGet(43)) - raft.server.log.statemachine.data.caching.enabled = true (custom)
2019-06-13 15:46:33,487 INFO  server.RaftServerConfigKeys (ConfUtils.java:logGet(43)) - raft.server.snapshot.auto.trigger.enabled = true (custom)
2019-06-13 15:46:33,487 INFO  server.RaftServerConfigKeys (ConfUtils.java:logGet(43)) - raft.server.snapshot.auto.trigger.threshold = 10000 (custom)
2019-06-13 15:46:33,487 INFO  server.RaftServerConfigKeys (ConfUtils.java:logGet(43)) - raft.server.retrycache.expirytime = 600000ms (custom)
2019-06-13 15:46:33,487 INFO  impl.RaftServerImpl (RaftServerImpl.java:start(173)) - da1752a6-eeda-4258-ac7b-600bdb0b2654: start group-6CACD0BBFDE7
2019-06-13 15:46:33,487 INFO  impl.RaftServerImpl (RaftServerImpl.java:setRole(164)) - da1752a6-eeda-4258-ac7b-600bdb0b2654:group-6CACD0BBFDE7 changes role from null to FOLLOWER at term 0 for startAsFollower
2019-06-13 15:46:33,487 INFO  impl.RoleInfo (RoleInfo.java:updateAndGet(143)) - da1752a6-eeda-4258-ac7b-600bdb0b2654: start FollowerState
2019-06-13 15:46:33,488 INFO  util.JmxRegister (JmxRegister.java:tryRegister(44)) - Successfully registered JMX Bean with object name Ratis:service=RaftServer,group=group-6CACD0BBFDE7,id=da1752a6-eeda-4258-ac7b-600bdb0b2654
2019-06-13 15:46:33,495 INFO  pipeline.PipelineStateManager (PipelineStateManager.java:addPipeline(56)) - Created pipeline Pipeline[ Id: 3b5684ef-872f-4986-ae9a-6cacd0bbfde7, Nodes: da1752a6-eeda-4258-ac7b-600bdb0b2654{ip: 192.168.11.208, host: ozone-z9zf6-1652263048, networkLocation: /default-rack, certSerialId: null}, Type:RATIS, Factor:ONE, State:OPEN]
2019-06-13 15:46:33,515 INFO  impl.RaftServerProxy (RaftServerProxy.java:addNew(89)) - 2af53f03-1c3c-4a35-8ded-296741614628: addNew group-2F5569A53DCF:[da1752a6-eeda-4258-ac7b-600bdb0b2654:192.168.11.208:36779, 2af53f03-1c3c-4a35-8ded-296741614628:192.168.11.208:40989, 3258f2ea-1f63-425f-9235-4e3076760012:192.168.11.208:41157] returns group-2F5569A53DCF:java.util.concurrent.CompletableFuture@17158cff[Not completed]
2019-06-13 15:46:33,518 INFO  impl.RaftServerImpl (RaftServerImpl.java:<init>(91)) - 2af53f03-1c3c-4a35-8ded-296741614628: new RaftServerImpl for group-2F5569A53DCF:[da1752a6-eeda-4258-ac7b-600bdb0b2654:192.168.11.208:36779, 2af53f03-1c3c-4a35-8ded-296741614628:192.168.11.208:40989, 3258f2ea-1f63-425f-9235-4e3076760012:192.168.11.208:41157] with ContainerStateMachine:uninitialized
2019-06-13 15:46:33,519 INFO  server.RaftServerConfigKeys (ConfUtils.java:logGet(43)) - raft.server.rpc.timeout.min = 1s (custom)
2019-06-13 15:46:33,519 INFO  server.RaftServerConfigKeys (ConfUtils.java:logGet(43)) - raft.server.rpc.timeout.max = 1200ms (custom)
2019-06-13 15:46:33,519 INFO  server.RaftServerConfigKeys (ConfUtils.java:logGet(43)) - raft.server.rpcslowness.timeout = 10s (custom)
2019-06-13 15:46:33,519 INFO  server.RaftServerConfigKeys (ConfUtils.java:logGet(43)) - raft.server.log.appender.install.snapshot.enabled = true (default)
2019-06-13 15:46:33,519 INFO  impl.RaftServerImpl (ServerState.java:<init>(101)) - 2af53f03-1c3c-4a35-8ded-296741614628:group-2F5569A53DCF ConfigurationManager, init=-1: [da1752a6-eeda-4258-ac7b-600bdb0b2654:192.168.11.208:36779, 2af53f03-1c3c-4a35-8ded-296741614628:192.168.11.208:40989, 3258f2ea-1f63-425f-9235-4e3076760012:192.168.11.208:41157], old=null, confs=<EMPTY_MAP>
2019-06-13 15:46:33,519 INFO  server.RaftServerConfigKeys (ConfUtils.java:logGet(43)) - raft.server.storage.dir = [/opt/src/hadoop-ozone/integration-test/target/test-dir/MiniOzoneClusterImpl-419b8570-9882-48f9-bf59-9d038d35cd14/datanode-4/data/ratis] (custom)
2019-06-13 15:46:33,519 INFO  storage.RaftStorageDirectory (RaftStorageDirectory.java:analyzeStorage(246)) - The storage directory /opt/src/hadoop-ozone/integration-test/target/test-dir/MiniOzoneClusterImpl-419b8570-9882-48f9-bf59-9d038d35cd14/datanode-4/data/ratis/35277d5d-ba4a-460b-9eef-2f5569a53dcf does not exist. Creating ...
2019-06-13 15:46:33,521 INFO  impl.RaftServerProxy (RaftServerProxy.java:addNew(89)) - da1752a6-eeda-4258-ac7b-600bdb0b2654: addNew group-2F5569A53DCF:[da1752a6-eeda-4258-ac7b-600bdb0b2654:192.168.11.208:36779, 2af53f03-1c3c-4a35-8ded-296741614628:192.168.11.208:40989, 3258f2ea-1f63-425f-9235-4e3076760012:192.168.11.208:41157] returns group-2F5569A53DCF:java.util.concurrent.CompletableFuture@3e988d0c[Not completed]
2019-06-13 15:46:33,521 INFO  impl.RaftServerProxy (RaftServerProxy.java:addNew(89)) - 3258f2ea-1f63-425f-9235-4e3076760012: addNew group-2F5569A53DCF:[da1752a6-eeda-4258-ac7b-600bdb0b2654:192.168.11.208:36779, 2af53f03-1c3c-4a35-8ded-296741614628:192.168.11.208:40989, 3258f2ea-1f63-425f-9235-4e3076760012:192.168.11.208:41157] returns group-2F5569A53DCF:java.util.concurrent.CompletableFuture@7b0a1278[Not completed]
2019-06-13 15:46:33,522 INFO  impl.RaftServerImpl (RaftServerImpl.java:<init>(91)) - 3258f2ea-1f63-425f-9235-4e3076760012: new RaftServerImpl for group-2F5569A53DCF:[da1752a6-eeda-4258-ac7b-600bdb0b2654:192.168.11.208:36779, 2af53f03-1c3c-4a35-8ded-296741614628:192.168.11.208:40989, 3258f2ea-1f63-425f-9235-4e3076760012:192.168.11.208:41157] with ContainerStateMachine:uninitialized
2019-06-13 15:46:33,522 INFO  server.RaftServerConfigKeys (ConfUtils.java:logGet(43)) - raft.server.rpc.timeout.min = 1s (custom)
2019-06-13 15:46:33,522 INFO  server.RaftServerConfigKeys (ConfUtils.java:logGet(43)) - raft.server.rpc.timeout.max = 1200ms (custom)
2019-06-13 15:46:33,522 INFO  server.RaftServerConfigKeys (ConfUtils.java:logGet(43)) - raft.server.rpcslowness.timeout = 10s (custom)
2019-06-13 15:46:33,522 INFO  storage.RaftStorageDirectory (RaftStorageDirectory.java:tryLock(328)) - Lock on /opt/src/hadoop-ozone/integration-test/target/test-dir/MiniOzoneClusterImpl-419b8570-9882-48f9-bf59-9d038d35cd14/datanode-4/data/ratis/35277d5d-ba4a-460b-9eef-2f5569a53dcf/in_use.lock acquired by nodename 10053@ozone-z9zf6-1652263048
2019-06-13 15:46:33,523 INFO  server.RaftServerConfigKeys (ConfUtils.java:logGet(43)) - raft.server.log.appender.install.snapshot.enabled = true (default)
2019-06-13 15:46:33,524 INFO  impl.RaftServerImpl (ServerState.java:<init>(101)) - 3258f2ea-1f63-425f-9235-4e3076760012:group-2F5569A53DCF ConfigurationManager, init=-1: [da1752a6-eeda-4258-ac7b-600bdb0b2654:192.168.11.208:36779, 2af53f03-1c3c-4a35-8ded-296741614628:192.168.11.208:40989, 3258f2ea-1f63-425f-9235-4e3076760012:192.168.11.208:41157], old=null, confs=<EMPTY_MAP>
2019-06-13 15:46:33,524 INFO  server.RaftServerConfigKeys (ConfUtils.java:logGet(43)) - raft.server.storage.dir = [/opt/src/hadoop-ozone/integration-test/target/test-dir/MiniOzoneClusterImpl-419b8570-9882-48f9-bf59-9d038d35cd14/datanode-1/data/ratis] (custom)
2019-06-13 15:46:33,524 INFO  impl.RaftServerImpl (RaftServerImpl.java:<init>(91)) - da1752a6-eeda-4258-ac7b-600bdb0b2654: new RaftServerImpl for group-2F5569A53DCF:[da1752a6-eeda-4258-ac7b-600bdb0b2654:192.168.11.208:36779, 2af53f03-1c3c-4a35-8ded-296741614628:192.168.11.208:40989, 3258f2ea-1f63-425f-9235-4e3076760012:192.168.11.208:41157] with ContainerStateMachine:uninitialized
2019-06-13 15:46:33,524 INFO  server.RaftServerConfigKeys (ConfUtils.java:logGet(43)) - raft.server.rpc.timeout.min = 1s (custom)
2019-06-13 15:46:33,524 INFO  storage.RaftStorageDirectory (RaftStorageDirectory.java:analyzeStorage(246)) - The storage directory /opt/src/hadoop-ozone/integration-test/target/test-dir/MiniOzoneClusterImpl-419b8570-9882-48f9-bf59-9d038d35cd14/datanode-1/data/ratis/35277d5d-ba4a-460b-9eef-2f5569a53dcf does not exist. Creating ...
2019-06-13 15:46:33,524 INFO  server.RaftServerConfigKeys (ConfUtils.java:logGet(43)) - raft.server.rpc.timeout.max = 1200ms (custom)
2019-06-13 15:46:33,525 INFO  server.RaftServerConfigKeys (ConfUtils.java:logGet(43)) - raft.server.rpcslowness.timeout = 10s (custom)
2019-06-13 15:46:33,525 INFO  server.RaftServerConfigKeys (ConfUtils.java:logGet(43)) - raft.server.log.appender.install.snapshot.enabled = true (default)
2019-06-13 15:46:33,525 INFO  impl.RaftServerImpl (ServerState.java:<init>(101)) - da1752a6-eeda-4258-ac7b-600bdb0b2654:group-2F5569A53DCF ConfigurationManager, init=-1: [da1752a6-eeda-4258-ac7b-600bdb0b2654:192.168.11.208:36779, 2af53f03-1c3c-4a35-8ded-296741614628:192.168.11.208:40989, 3258f2ea-1f63-425f-9235-4e3076760012:192.168.11.208:41157], old=null, confs=<EMPTY_MAP>
2019-06-13 15:46:33,525 INFO  server.RaftServerConfigKeys (ConfUtils.java:logGet(43)) - raft.server.storage.dir = [/opt/src/hadoop-ozone/integration-test/target/test-dir/MiniOzoneClusterImpl-419b8570-9882-48f9-bf59-9d038d35cd14/datanode-5/data/ratis] (custom)
2019-06-13 15:46:33,525 INFO  storage.RaftStorageDirectory (RaftStorageDirectory.java:analyzeStorage(246)) - The storage directory /opt/src/hadoop-ozone/integration-test/target/test-dir/MiniOzoneClusterImpl-419b8570-9882-48f9-bf59-9d038d35cd14/datanode-5/data/ratis/35277d5d-ba4a-460b-9eef-2f5569a53dcf does not exist. Creating ...
2019-06-13 15:46:33,526 INFO  storage.RaftStorageDirectory (RaftStorageDirectory.java:tryLock(328)) - Lock on /opt/src/hadoop-ozone/integration-test/target/test-dir/MiniOzoneClusterImpl-419b8570-9882-48f9-bf59-9d038d35cd14/datanode-1/data/ratis/35277d5d-ba4a-460b-9eef-2f5569a53dcf/in_use.lock acquired by nodename 10053@ozone-z9zf6-1652263048
2019-06-13 15:46:33,526 INFO  storage.RaftStorage (RaftStorage.java:format(75)) - Storage directory /opt/src/hadoop-ozone/integration-test/target/test-dir/MiniOzoneClusterImpl-419b8570-9882-48f9-bf59-9d038d35cd14/datanode-4/data/ratis/35277d5d-ba4a-460b-9eef-2f5569a53dcf has been successfully formatted.
2019-06-13 15:46:33,526 INFO  ratis.ContainerStateMachine (ContainerStateMachine.java:loadSnapshot(199)) - The snapshot info is null.Setting the last applied index to:(t:0, i:~)
2019-06-13 15:46:33,526 INFO  server.RaftServerConfigKeys (ConfUtils.java:logGet(43)) - raft.server.leader.election.timeout = 10s (custom)
2019-06-13 15:46:33,526 INFO  server.RaftServerConfigKeys (ConfUtils.java:logGet(43)) - raft.server.log.use.memory = false (default)
2019-06-13 15:46:33,526 INFO  server.RaftServerConfigKeys (ConfUtils.java:logGet(43)) - raft.server.log.appender.buffer.byte-limit = 33554432 (custom)
2019-06-13 15:46:33,527 INFO  server.RaftServerConfigKeys (ConfUtils.java:logGet(43)) - raft.server.log.segment.size.max = 16384 (custom)
2019-06-13 15:46:33,527 INFO  server.RaftServerConfigKeys (ConfUtils.java:logGet(43)) - raft.server.log.segment.cache.num.max = 2 (custom)
2019-06-13 15:46:33,527 INFO  storage.RaftLogWorker (RaftLogWorker.java:<init>(123)) - new 2af53f03-1c3c-4a35-8ded-296741614628-RaftLogWorker for Storage Directory /opt/src/hadoop-ozone/integration-test/target/test-dir/MiniOzoneClusterImpl-419b8570-9882-48f9-bf59-9d038d35cd14/datanode-4/data/ratis/35277d5d-ba4a-460b-9eef-2f5569a53dcf
2019-06-13 15:46:33,527 INFO  server.RaftServerConfigKeys (ConfUtils.java:logGet(43)) - raft.server.log.queue.byte-limit = 2147483647 (custom)
2019-06-13 15:46:33,527 INFO  server.RaftServerConfigKeys (ConfUtils.java:logGet(43)) - raft.server.log.queue.element-limit = 1024 (custom)
2019-06-13 15:46:33,527 INFO  server.RaftServerConfigKeys (ConfUtils.java:logGet(43)) - raft.server.log.segment.size.max = 16384 (custom)
2019-06-13 15:46:33,527 INFO  server.RaftServerConfigKeys (ConfUtils.java:logGet(43)) - raft.server.log.preallocated.size = 16384 (custom)
2019-06-13 15:46:33,527 INFO  server.RaftServerConfigKeys (ConfUtils.java:logGet(43)) - raft.server.log.write.buffer.size = 33554432 (custom)
2019-06-13 15:46:33,528 INFO  server.RaftServerConfigKeys (ConfUtils.java:logGet(43)) - raft.server.log.force.sync.num = 128 (default)
2019-06-13 15:46:33,528 INFO  server.RaftServerConfigKeys (ConfUtils.java:logGet(43)) - raft.server.log.statemachine.data.sync = true (default)
2019-06-13 15:46:33,528 INFO  server.RaftServerConfigKeys (ConfUtils.java:logGet(43)) - raft.server.log.statemachine.data.sync.timeout = 10s (default)
2019-06-13 15:46:33,528 INFO  server.RaftServerConfigKeys (ConfUtils.java:logGet(43)) - raft.server.log.statemachine.data.sync.timeout.retry = -1 (default)
2019-06-13 15:46:33,528 INFO  server.RaftServerConfigKeys (ConfUtils.java:logGet(43)) - raft.server.log.statemachine.data.caching.enabled = true (custom)
2019-06-13 15:46:33,528 INFO  storage.RaftStorageDirectory (RaftStorageDirectory.java:tryLock(328)) - Lock on /opt/src/hadoop-ozone/integration-test/target/test-dir/MiniOzoneClusterImpl-419b8570-9882-48f9-bf59-9d038d35cd14/datanode-5/data/ratis/35277d5d-ba4a-460b-9eef-2f5569a53dcf/in_use.lock acquired by nodename 10053@ozone-z9zf6-1652263048
2019-06-13 15:46:33,530 INFO  storage.RaftStorage (RaftStorage.java:format(75)) - Storage directory /opt/src/hadoop-ozone/integration-test/target/test-dir/MiniOzoneClusterImpl-419b8570-9882-48f9-bf59-9d038d35cd14/datanode-1/data/ratis/35277d5d-ba4a-460b-9eef-2f5569a53dcf has been successfully formatted.
2019-06-13 15:46:33,530 INFO  ratis.ContainerStateMachine (ContainerStateMachine.java:loadSnapshot(199)) - The snapshot info is null.Setting the last applied index to:(t:0, i:~)
2019-06-13 15:46:33,530 INFO  server.RaftServerConfigKeys (ConfUtils.java:logGet(43)) - raft.server.leader.election.timeout = 10s (custom)
2019-06-13 15:46:33,530 INFO  server.RaftServerConfigKeys (ConfUtils.java:logGet(43)) - raft.server.log.use.memory = false (default)
2019-06-13 15:46:33,530 INFO  server.RaftServerConfigKeys (ConfUtils.java:logGet(43)) - raft.server.log.appender.buffer.byte-limit = 33554432 (custom)
2019-06-13 15:46:33,530 INFO  server.RaftServerConfigKeys (ConfUtils.java:logGet(43)) - raft.server.log.segment.size.max = 16384 (custom)
2019-06-13 15:46:33,530 INFO  server.RaftServerConfigKeys (ConfUtils.java:logGet(43)) - raft.server.log.segment.cache.num.max = 2 (custom)
2019-06-13 15:46:33,530 INFO  storage.RaftLogWorker (RaftLogWorker.java:<init>(123)) - new 3258f2ea-1f63-425f-9235-4e3076760012-RaftLogWorker for Storage Directory /opt/src/hadoop-ozone/integration-test/target/test-dir/MiniOzoneClusterImpl-419b8570-9882-48f9-bf59-9d038d35cd14/datanode-1/data/ratis/35277d5d-ba4a-460b-9eef-2f5569a53dcf
2019-06-13 15:46:33,530 INFO  server.RaftServerConfigKeys (ConfUtils.java:logGet(43)) - raft.server.log.queue.byte-limit = 2147483647 (custom)
2019-06-13 15:46:33,530 INFO  server.RaftServerConfigKeys (ConfUtils.java:logGet(43)) - raft.server.log.queue.element-limit = 1024 (custom)
2019-06-13 15:46:33,530 INFO  server.RaftServerConfigKeys (ConfUtils.java:logGet(43)) - raft.server.log.segment.size.max = 16384 (custom)
2019-06-13 15:46:33,530 INFO  server.RaftServerConfigKeys (ConfUtils.java:logGet(43)) - raft.server.log.preallocated.size = 16384 (custom)
2019-06-13 15:46:33,531 INFO  server.RaftServerConfigKeys (ConfUtils.java:logGet(43)) - raft.server.log.write.buffer.size = 33554432 (custom)
2019-06-13 15:46:33,531 INFO  server.RaftServerConfigKeys (ConfUtils.java:logGet(43)) - raft.server.log.force.sync.num = 128 (default)
2019-06-13 15:46:33,531 INFO  server.RaftServerConfigKeys (ConfUtils.java:logGet(43)) - raft.server.log.statemachine.data.sync = true (default)
2019-06-13 15:46:33,531 INFO  server.RaftServerConfigKeys (ConfUtils.java:logGet(43)) - raft.server.log.statemachine.data.sync.timeout = 10s (default)
2019-06-13 15:46:33,531 INFO  server.RaftServerConfigKeys (ConfUtils.java:logGet(43)) - raft.server.log.statemachine.data.sync.timeout.retry = -1 (default)
2019-06-13 15:46:33,538 INFO  storage.RaftStorage (RaftStorage.java:format(75)) - Storage directory /opt/src/hadoop-ozone/integration-test/target/test-dir/MiniOzoneClusterImpl-419b8570-9882-48f9-bf59-9d038d35cd14/datanode-5/data/ratis/35277d5d-ba4a-460b-9eef-2f5569a53dcf has been successfully formatted.
2019-06-13 15:46:33,538 INFO  server.RaftServerConfigKeys (ConfUtils.java:logGet(43)) - raft.server.snapshot.auto.trigger.enabled = true (custom)
2019-06-13 15:46:33,538 INFO  server.RaftServerConfigKeys (ConfUtils.java:logGet(43)) - raft.server.snapshot.auto.trigger.threshold = 10000 (custom)
2019-06-13 15:46:33,538 INFO  ratis.ContainerStateMachine (ContainerStateMachine.java:loadSnapshot(199)) - The snapshot info is null.Setting the last applied index to:(t:0, i:~)
2019-06-13 15:46:33,539 INFO  server.RaftServerConfigKeys (ConfUtils.java:logGet(43)) - raft.server.log.statemachine.data.caching.enabled = true (custom)
2019-06-13 15:46:33,539 INFO  server.RaftServerConfigKeys (ConfUtils.java:logGet(43)) - raft.server.retrycache.expirytime = 600000ms (custom)
2019-06-13 15:46:33,539 INFO  impl.RaftServerImpl (RaftServerImpl.java:start(173)) - 2af53f03-1c3c-4a35-8ded-296741614628: start group-2F5569A53DCF
2019-06-13 15:46:33,539 INFO  impl.RaftServerImpl (RaftServerImpl.java:setRole(164)) - 2af53f03-1c3c-4a35-8ded-296741614628:group-2F5569A53DCF changes role from null to FOLLOWER at term 0 for startAsFollower
2019-06-13 15:46:33,539 INFO  server.RaftServerConfigKeys (ConfUtils.java:logGet(43)) - raft.server.leader.election.timeout = 10s (custom)
2019-06-13 15:46:33,539 INFO  server.RaftServerConfigKeys (ConfUtils.java:logGet(43)) - raft.server.log.use.memory = false (default)
2019-06-13 15:46:33,539 INFO  server.RaftServerConfigKeys (ConfUtils.java:logGet(43)) - raft.server.log.appender.buffer.byte-limit = 33554432 (custom)
2019-06-13 15:46:33,539 INFO  server.RaftServerConfigKeys (ConfUtils.java:logGet(43)) - raft.server.log.segment.size.max = 16384 (custom)
2019-06-13 15:46:33,540 INFO  server.RaftServerConfigKeys (ConfUtils.java:logGet(43)) - raft.server.log.segment.cache.num.max = 2 (custom)
2019-06-13 15:46:33,540 INFO  storage.RaftLogWorker (RaftLogWorker.java:<init>(123)) - new da1752a6-eeda-4258-ac7b-600bdb0b2654-RaftLogWorker for Storage Directory /opt/src/hadoop-ozone/integration-test/target/test-dir/MiniOzoneClusterImpl-419b8570-9882-48f9-bf59-9d038d35cd14/datanode-5/data/ratis/35277d5d-ba4a-460b-9eef-2f5569a53dcf
2019-06-13 15:46:33,540 INFO  server.RaftServerConfigKeys (ConfUtils.java:logGet(43)) - raft.server.log.queue.byte-limit = 2147483647 (custom)
2019-06-13 15:46:33,540 INFO  server.RaftServerConfigKeys (ConfUtils.java:logGet(43)) - raft.server.log.queue.element-limit = 1024 (custom)
2019-06-13 15:46:33,540 INFO  server.RaftServerConfigKeys (ConfUtils.java:logGet(43)) - raft.server.log.segment.size.max = 16384 (custom)
2019-06-13 15:46:33,540 INFO  server.RaftServerConfigKeys (ConfUtils.java:logGet(43)) - raft.server.log.preallocated.size = 16384 (custom)
2019-06-13 15:46:33,541 INFO  server.RaftServerConfigKeys (ConfUtils.java:logGet(43)) - raft.server.log.write.buffer.size = 33554432 (custom)
2019-06-13 15:46:33,541 INFO  server.RaftServerConfigKeys (ConfUtils.java:logGet(43)) - raft.server.log.force.sync.num = 128 (default)
2019-06-13 15:46:33,541 INFO  server.RaftServerConfigKeys (ConfUtils.java:logGet(43)) - raft.server.log.statemachine.data.sync = true (default)
2019-06-13 15:46:33,541 INFO  server.RaftServerConfigKeys (ConfUtils.java:logGet(43)) - raft.server.log.statemachine.data.sync.timeout = 10s (default)
2019-06-13 15:46:33,541 INFO  server.RaftServerConfigKeys (ConfUtils.java:logGet(43)) - raft.server.log.statemachine.data.sync.timeout.retry = -1 (default)
2019-06-13 15:46:33,551 INFO  server.RaftServerConfigKeys (ConfUtils.java:logGet(43)) - raft.server.snapshot.auto.trigger.enabled = true (custom)
2019-06-13 15:46:33,551 INFO  server.RaftServerConfigKeys (ConfUtils.java:logGet(43)) - raft.server.snapshot.auto.trigger.threshold = 10000 (custom)
2019-06-13 15:46:33,551 INFO  server.RaftServerConfigKeys (ConfUtils.java:logGet(43)) - raft.server.retrycache.expirytime = 600000ms (custom)
2019-06-13 15:46:33,551 INFO  impl.RaftServerImpl (RaftServerImpl.java:start(173)) - 3258f2ea-1f63-425f-9235-4e3076760012: start group-2F5569A53DCF
2019-06-13 15:46:33,551 INFO  impl.RaftServerImpl (RaftServerImpl.java:setRole(164)) - 3258f2ea-1f63-425f-9235-4e3076760012:group-2F5569A53DCF changes role from null to FOLLOWER at term 0 for startAsFollower
2019-06-13 15:46:33,551 INFO  impl.RoleInfo (RoleInfo.java:updateAndGet(143)) - 3258f2ea-1f63-425f-9235-4e3076760012: start FollowerState
2019-06-13 15:46:33,552 INFO  util.JmxRegister (JmxRegister.java:tryRegister(44)) - Successfully registered JMX Bean with object name Ratis:service=RaftServer,group=group-2F5569A53DCF,id=3258f2ea-1f63-425f-9235-4e3076760012
2019-06-13 15:46:33,567 INFO  impl.RoleInfo (RoleInfo.java:updateAndGet(143)) - 2af53f03-1c3c-4a35-8ded-296741614628: start FollowerState
2019-06-13 15:46:33,567 INFO  server.RaftServerConfigKeys (ConfUtils.java:logGet(43)) - raft.server.log.statemachine.data.caching.enabled = true (custom)
2019-06-13 15:46:33,567 INFO  util.JmxRegister (JmxRegister.java:tryRegister(44)) - Successfully registered JMX Bean with object name Ratis:service=RaftServer,group=group-2F5569A53DCF,id=2af53f03-1c3c-4a35-8ded-296741614628
2019-06-13 15:46:33,570 INFO  server.RaftServerConfigKeys (ConfUtils.java:logGet(43)) - raft.server.snapshot.auto.trigger.enabled = true (custom)
2019-06-13 15:46:33,570 INFO  server.RaftServerConfigKeys (ConfUtils.java:logGet(43)) - raft.server.snapshot.auto.trigger.threshold = 10000 (custom)
2019-06-13 15:46:33,570 INFO  server.RaftServerConfigKeys (ConfUtils.java:logGet(43)) - raft.server.retrycache.expirytime = 600000ms (custom)
2019-06-13 15:46:33,571 INFO  impl.RaftServerImpl (RaftServerImpl.java:start(173)) - da1752a6-eeda-4258-ac7b-600bdb0b2654: start group-2F5569A53DCF
2019-06-13 15:46:33,571 INFO  impl.RaftServerImpl (RaftServerImpl.java:setRole(164)) - da1752a6-eeda-4258-ac7b-600bdb0b2654:group-2F5569A53DCF changes role from null to FOLLOWER at term 0 for startAsFollower
2019-06-13 15:46:33,571 INFO  impl.RoleInfo (RoleInfo.java:updateAndGet(143)) - da1752a6-eeda-4258-ac7b-600bdb0b2654: start FollowerState
2019-06-13 15:46:33,571 INFO  util.JmxRegister (JmxRegister.java:tryRegister(44)) - Successfully registered JMX Bean with object name Ratis:service=RaftServer,group=group-2F5569A53DCF,id=da1752a6-eeda-4258-ac7b-600bdb0b2654
2019-06-13 15:46:33,590 INFO  impl.FollowerState (FollowerState.java:run(101)) - 5c70d0c5-7d91-4eaa-85b7-cae4a25883b3:group-AC6BAA48D9DB changes to CANDIDATE, lastRpcTime:1018, electionTimeout:1014ms
2019-06-13 15:46:33,590 INFO  impl.RoleInfo (RoleInfo.java:shutdownFollowerState(121)) - 5c70d0c5-7d91-4eaa-85b7-cae4a25883b3: shutdown FollowerState
2019-06-13 15:46:33,590 INFO  impl.RaftServerImpl (RaftServerImpl.java:setRole(164)) - 5c70d0c5-7d91-4eaa-85b7-cae4a25883b3:group-AC6BAA48D9DB changes role from FOLLOWER to CANDIDATE at term 0 for changeToCandidate
2019-06-13 15:46:33,592 INFO  pipeline.PipelineStateManager (PipelineStateManager.java:addPipeline(56)) - Created pipeline Pipeline[ Id: 35277d5d-ba4a-460b-9eef-2f5569a53dcf, Nodes: 2af53f03-1c3c-4a35-8ded-296741614628{ip: 192.168.11.208, host: ozone-z9zf6-1652263048, networkLocation: /default-rack, certSerialId: null}da1752a6-eeda-4258-ac7b-600bdb0b2654{ip: 192.168.11.208, host: ozone-z9zf6-1652263048, networkLocation: /default-rack, certSerialId: null}3258f2ea-1f63-425f-9235-4e3076760012{ip: 192.168.11.208, host: ozone-z9zf6-1652263048, networkLocation: /default-rack, certSerialId: null}, Type:RATIS, Factor:THREE, State:OPEN]
2019-06-13 15:46:33,595 INFO  impl.RoleInfo (RoleInfo.java:updateAndGet(143)) - 5c70d0c5-7d91-4eaa-85b7-cae4a25883b3: start LeaderElection
2019-06-13 15:46:33,619 INFO  impl.LeaderElection (LeaderElection.java:askForVotes(181)) - 5c70d0c5-7d91-4eaa-85b7-cae4a25883b3:group-AC6BAA48D9DB:LeaderElection1: begin an election at term 1 for -1: [5c70d0c5-7d91-4eaa-85b7-cae4a25883b3:192.168.11.208:40381], old=null
2019-06-13 15:46:33,621 INFO  impl.RoleInfo (RoleInfo.java:shutdownLeaderElection(134)) - 5c70d0c5-7d91-4eaa-85b7-cae4a25883b3: shutdown LeaderElection
2019-06-13 15:46:33,622 INFO  impl.RaftServerImpl (RaftServerImpl.java:setRole(164)) - 5c70d0c5-7d91-4eaa-85b7-cae4a25883b3:group-AC6BAA48D9DB changes role from CANDIDATE to LEADER at term 1 for changeToLeader
2019-06-13 15:46:33,623 INFO  impl.RaftServerImpl (ServerState.java:setLeader(263)) - 5c70d0c5-7d91-4eaa-85b7-cae4a25883b3:group-AC6BAA48D9DB change Leader from null to 5c70d0c5-7d91-4eaa-85b7-cae4a25883b3 at term 1 for becomeLeader, leader elected after 1188ms
2019-06-13 15:46:33,626 INFO  server.RaftServerConfigKeys (ConfUtils.java:logGet(43)) - raft.server.staging.catchup.gap = 1000 (default)
2019-06-13 15:46:33,626 INFO  server.RaftServerConfigKeys (ConfUtils.java:logGet(43)) - raft.server.rpc.sleep.time = 25ms (default)
2019-06-13 15:46:33,628 INFO  server.RaftServerConfigKeys (ConfUtils.java:logGet(43)) - raft.server.watch.timeout = 10s (default)
2019-06-13 15:46:33,628 INFO  server.RaftServerConfigKeys (ConfUtils.java:logGet(43)) - raft.server.watch.timeout.denomination = 1s (default)
2019-06-13 15:46:33,635 INFO  impl.RoleInfo (RoleInfo.java:updateAndGet(143)) - 5c70d0c5-7d91-4eaa-85b7-cae4a25883b3: start LeaderState
2019-06-13 15:46:33,650 INFO  storage.RaftLogWorker (RaftLogWorker.java:startLogSegment(298)) - 5c70d0c5-7d91-4eaa-85b7-cae4a25883b3-RaftLogWorker: Starting segment from index:0
2019-06-13 15:46:33,657 INFO  impl.RaftServerImpl (ServerState.java:setRaftConf(361)) - 5c70d0c5-7d91-4eaa-85b7-cae4a25883b3:group-AC6BAA48D9DB set configuration 0: [5c70d0c5-7d91-4eaa-85b7-cae4a25883b3:192.168.11.208:40381], old=null at 0
2019-06-13 15:46:33,788 INFO  impl.FollowerState (FollowerState.java:run(101)) - f4c580b9-767e-4f7d-9b83-c9918d97c107:group-9C30552133EA changes to CANDIDATE, lastRpcTime:1119, electionTimeout:1118ms
2019-06-13 15:46:33,797 INFO  impl.RoleInfo (RoleInfo.java:shutdownFollowerState(121)) - f4c580b9-767e-4f7d-9b83-c9918d97c107: shutdown FollowerState
2019-06-13 15:46:33,797 INFO  impl.RaftServerImpl (RaftServerImpl.java:setRole(164)) - f4c580b9-767e-4f7d-9b83-c9918d97c107:group-9C30552133EA changes role from FOLLOWER to CANDIDATE at term 0 for changeToCandidate
2019-06-13 15:46:33,797 INFO  impl.RoleInfo (RoleInfo.java:updateAndGet(143)) - f4c580b9-767e-4f7d-9b83-c9918d97c107: start LeaderElection
2019-06-13 15:46:33,808 INFO  storage.RaftLogWorker (RaftLogWorker.java:execute(469)) - 5c70d0c5-7d91-4eaa-85b7-cae4a25883b3-RaftLogWorker: created new log segment /opt/src/hadoop-ozone/integration-test/target/test-dir/MiniOzoneClusterImpl-419b8570-9882-48f9-bf59-9d038d35cd14/datanode-0/data/ratis/120db436-51c5-4852-b302-ac6baa48d9db/current/log_inprogress_0
2019-06-13 15:46:33,806 INFO  impl.LeaderElection (LeaderElection.java:askForVotes(181)) - f4c580b9-767e-4f7d-9b83-c9918d97c107:group-9C30552133EA:LeaderElection2: begin an election at term 1 for -1: [f4c580b9-767e-4f7d-9b83-c9918d97c107:192.168.11.208:40777], old=null
2019-06-13 15:46:33,810 INFO  impl.RoleInfo (RoleInfo.java:shutdownLeaderElection(134)) - f4c580b9-767e-4f7d-9b83-c9918d97c107: shutdown LeaderElection
2019-06-13 15:46:33,810 INFO  impl.RaftServerImpl (RaftServerImpl.java:setRole(164)) - f4c580b9-767e-4f7d-9b83-c9918d97c107:group-9C30552133EA changes role from CANDIDATE to LEADER at term 1 for changeToLeader
2019-06-13 15:46:33,810 INFO  impl.RaftServerImpl (ServerState.java:setLeader(263)) - f4c580b9-767e-4f7d-9b83-c9918d97c107:group-9C30552133EA change Leader from null to f4c580b9-767e-4f7d-9b83-c9918d97c107 at term 1 for becomeLeader, leader elected after 1145ms
2019-06-13 15:46:33,811 INFO  server.RaftServerConfigKeys (ConfUtils.java:logGet(43)) - raft.server.staging.catchup.gap = 1000 (default)
2019-06-13 15:46:33,811 INFO  server.RaftServerConfigKeys (ConfUtils.java:logGet(43)) - raft.server.rpc.sleep.time = 25ms (default)
2019-06-13 15:46:33,811 INFO  server.RaftServerConfigKeys (ConfUtils.java:logGet(43)) - raft.server.watch.timeout = 10s (default)
2019-06-13 15:46:33,811 INFO  server.RaftServerConfigKeys (ConfUtils.java:logGet(43)) - raft.server.watch.timeout.denomination = 1s (default)
2019-06-13 15:46:33,812 INFO  impl.RoleInfo (RoleInfo.java:updateAndGet(143)) - f4c580b9-767e-4f7d-9b83-c9918d97c107: start LeaderState
2019-06-13 15:46:33,812 INFO  storage.RaftLogWorker (RaftLogWorker.java:startLogSegment(298)) - f4c580b9-767e-4f7d-9b83-c9918d97c107-RaftLogWorker: Starting segment from index:0
2019-06-13 15:46:33,817 INFO  impl.RaftServerImpl (ServerState.java:setRaftConf(361)) - f4c580b9-767e-4f7d-9b83-c9918d97c107:group-9C30552133EA set configuration 0: [f4c580b9-767e-4f7d-9b83-c9918d97c107:192.168.11.208:40777], old=null at 0
2019-06-13 15:46:33,850 INFO  impl.FollowerState (FollowerState.java:run(101)) - f4c580b9-767e-4f7d-9b83-c9918d97c107:group-6E4A6B2F7023 changes to CANDIDATE, lastRpcTime:1036, electionTimeout:1036ms
2019-06-13 15:46:33,850 INFO  impl.RoleInfo (RoleInfo.java:shutdownFollowerState(121)) - f4c580b9-767e-4f7d-9b83-c9918d97c107: shutdown FollowerState
2019-06-13 15:46:33,850 INFO  impl.RaftServerImpl (RaftServerImpl.java:setRole(164)) - f4c580b9-767e-4f7d-9b83-c9918d97c107:group-6E4A6B2F7023 changes role from FOLLOWER to CANDIDATE at term 0 for changeToCandidate
2019-06-13 15:46:33,851 INFO  impl.RoleInfo (RoleInfo.java:updateAndGet(143)) - f4c580b9-767e-4f7d-9b83-c9918d97c107: start LeaderElection
2019-06-13 15:46:33,855 INFO  storage.RaftLogWorker (RaftLogWorker.java:execute(469)) - f4c580b9-767e-4f7d-9b83-c9918d97c107-RaftLogWorker: created new log segment /opt/src/hadoop-ozone/integration-test/target/test-dir/MiniOzoneClusterImpl-419b8570-9882-48f9-bf59-9d038d35cd14/datanode-2/data/ratis/373419e0-338a-401a-9549-9c30552133ea/current/log_inprogress_0
2019-06-13 15:46:33,858 INFO  impl.LeaderElection (LeaderElection.java:askForVotes(181)) - f4c580b9-767e-4f7d-9b83-c9918d97c107:group-6E4A6B2F7023:LeaderElection3: begin an election at term 1 for -1: [bace745d-c1f7-4337-8380-f74314739fa8:192.168.11.208:42611, 5c70d0c5-7d91-4eaa-85b7-cae4a25883b3:192.168.11.208:40381, f4c580b9-767e-4f7d-9b83-c9918d97c107:192.168.11.208:40777], old=null
2019-06-13 15:46:33,869 INFO  impl.FollowerState (FollowerState.java:run(101)) - bace745d-c1f7-4337-8380-f74314739fa8:group-B43F0AFEA1A4 changes to CANDIDATE, lastRpcTime:1105, electionTimeout:1105ms
2019-06-13 15:46:33,869 INFO  impl.RoleInfo (RoleInfo.java:shutdownFollowerState(121)) - bace745d-c1f7-4337-8380-f74314739fa8: shutdown FollowerState
2019-06-13 15:46:33,869 INFO  impl.RaftServerImpl (RaftServerImpl.java:setRole(164)) - bace745d-c1f7-4337-8380-f74314739fa8:group-B43F0AFEA1A4 changes role from FOLLOWER to CANDIDATE at term 0 for changeToCandidate
2019-06-13 15:46:33,869 INFO  impl.RoleInfo (RoleInfo.java:updateAndGet(143)) - bace745d-c1f7-4337-8380-f74314739fa8: start LeaderElection
2019-06-13 15:46:33,880 INFO  impl.FollowerState (FollowerState.java:run(101)) - 3258f2ea-1f63-425f-9235-4e3076760012:group-F833A6570F95 changes to CANDIDATE, lastRpcTime:1152, electionTimeout:1151ms
2019-06-13 15:46:33,880 INFO  impl.RoleInfo (RoleInfo.java:shutdownFollowerState(121)) - 3258f2ea-1f63-425f-9235-4e3076760012: shutdown FollowerState
2019-06-13 15:46:33,880 INFO  impl.RaftServerImpl (RaftServerImpl.java:setRole(164)) - 3258f2ea-1f63-425f-9235-4e3076760012:group-F833A6570F95 changes role from FOLLOWER to CANDIDATE at term 0 for changeToCandidate
2019-06-13 15:46:33,880 INFO  impl.RoleInfo (RoleInfo.java:updateAndGet(143)) - 3258f2ea-1f63-425f-9235-4e3076760012: start LeaderElection
2019-06-13 15:46:33,881 INFO  impl.LeaderElection (LeaderElection.java:askForVotes(181)) - bace745d-c1f7-4337-8380-f74314739fa8:group-B43F0AFEA1A4:LeaderElection4: begin an election at term 1 for -1: [bace745d-c1f7-4337-8380-f74314739fa8:192.168.11.208:42611], old=null
2019-06-13 15:46:33,881 INFO  impl.RoleInfo (RoleInfo.java:shutdownLeaderElection(134)) - bace745d-c1f7-4337-8380-f74314739fa8: shutdown LeaderElection
2019-06-13 15:46:33,882 INFO  impl.RaftServerImpl (RaftServerImpl.java:setRole(164)) - bace745d-c1f7-4337-8380-f74314739fa8:group-B43F0AFEA1A4 changes role from CANDIDATE to LEADER at term 1 for changeToLeader
2019-06-13 15:46:33,882 INFO  impl.RaftServerImpl (ServerState.java:setLeader(263)) - bace745d-c1f7-4337-8380-f74314739fa8:group-B43F0AFEA1A4 change Leader from null to bace745d-c1f7-4337-8380-f74314739fa8 at term 1 for becomeLeader, leader elected after 1120ms
2019-06-13 15:46:33,888 INFO  server.RaftServerConfigKeys (ConfUtils.java:logGet(43)) - raft.server.staging.catchup.gap = 1000 (default)
2019-06-13 15:46:33,888 INFO  server.RaftServerConfigKeys (ConfUtils.java:logGet(43)) - raft.server.rpc.sleep.time = 25ms (default)
2019-06-13 15:46:33,889 INFO  server.RaftServerConfigKeys (ConfUtils.java:logGet(43)) - raft.server.watch.timeout = 10s (default)
2019-06-13 15:46:33,889 INFO  server.RaftServerConfigKeys (ConfUtils.java:logGet(43)) - raft.server.watch.timeout.denomination = 1s (default)
2019-06-13 15:46:33,889 INFO  impl.RoleInfo (RoleInfo.java:updateAndGet(143)) - bace745d-c1f7-4337-8380-f74314739fa8: start LeaderState
2019-06-13 15:46:33,889 INFO  storage.RaftLogWorker (RaftLogWorker.java:startLogSegment(298)) - bace745d-c1f7-4337-8380-f74314739fa8-RaftLogWorker: Starting segment from index:0
2019-06-13 15:46:33,891 INFO  impl.RaftServerImpl (ServerState.java:setRaftConf(361)) - bace745d-c1f7-4337-8380-f74314739fa8:group-B43F0AFEA1A4 set configuration 0: [bace745d-c1f7-4337-8380-f74314739fa8:192.168.11.208:42611], old=null at 0
2019-06-13 15:46:33,895 INFO  impl.LeaderElection (LeaderElection.java:askForVotes(181)) - 3258f2ea-1f63-425f-9235-4e3076760012:group-F833A6570F95:LeaderElection5: begin an election at term 1 for -1: [3258f2ea-1f63-425f-9235-4e3076760012:192.168.11.208:41157], old=null
2019-06-13 15:46:33,895 INFO  impl.RoleInfo (RoleInfo.java:shutdownLeaderElection(134)) - 3258f2ea-1f63-425f-9235-4e3076760012: shutdown LeaderElection
2019-06-13 15:46:33,895 INFO  impl.RaftServerImpl (RaftServerImpl.java:setRole(164)) - 3258f2ea-1f63-425f-9235-4e3076760012:group-F833A6570F95 changes role from CANDIDATE to LEADER at term 1 for changeToLeader
2019-06-13 15:46:33,895 INFO  impl.RaftServerImpl (ServerState.java:setLeader(263)) - 3258f2ea-1f63-425f-9235-4e3076760012:group-F833A6570F95 change Leader from null to 3258f2ea-1f63-425f-9235-4e3076760012 at term 1 for becomeLeader, leader elected after 1170ms
2019-06-13 15:46:33,912 INFO  impl.RaftServerImpl (RaftServerImpl.java:setRole(164)) - 5c70d0c5-7d91-4eaa-85b7-cae4a25883b3:group-6E4A6B2F7023 changes role from FOLLOWER to FOLLOWER at term 1 for recognizeCandidate:f4c580b9-767e-4f7d-9b83-c9918d97c107
2019-06-13 15:46:33,912 INFO  impl.RoleInfo (RoleInfo.java:shutdownFollowerState(121)) - 5c70d0c5-7d91-4eaa-85b7-cae4a25883b3: shutdown FollowerState
2019-06-13 15:46:33,912 INFO  impl.RoleInfo (RoleInfo.java:updateAndGet(143)) - 5c70d0c5-7d91-4eaa-85b7-cae4a25883b3: start FollowerState
2019-06-13 15:46:33,912 INFO  impl.FollowerState (FollowerState.java:run(109)) - 5c70d0c5-7d91-4eaa-85b7-cae4a25883b3: FollowerState was interrupted: java.lang.InterruptedException: sleep interrupted
2019-06-13 15:46:33,912 INFO  server.RaftServerConfigKeys (ConfUtils.java:logGet(43)) - raft.server.staging.catchup.gap = 1000 (default)
2019-06-13 15:46:33,913 INFO  server.RaftServerConfigKeys (ConfUtils.java:logGet(43)) - raft.server.rpc.sleep.time = 25ms (default)
2019-06-13 15:46:33,916 INFO  impl.RaftServerImpl (RaftServerImpl.java:setRole(164)) - bace745d-c1f7-4337-8380-f74314739fa8:group-6E4A6B2F7023 changes role from FOLLOWER to FOLLOWER at term 1 for recognizeCandidate:f4c580b9-767e-4f7d-9b83-c9918d97c107
2019-06-13 15:46:33,916 INFO  impl.RoleInfo (RoleInfo.java:shutdownFollowerState(121)) - bace745d-c1f7-4337-8380-f74314739fa8: shutdown FollowerState
2019-06-13 15:46:33,917 INFO  impl.FollowerState (FollowerState.java:run(109)) - bace745d-c1f7-4337-8380-f74314739fa8: FollowerState was interrupted: java.lang.InterruptedException: sleep interrupted
2019-06-13 15:46:33,917 INFO  impl.RoleInfo (RoleInfo.java:updateAndGet(143)) - bace745d-c1f7-4337-8380-f74314739fa8: start FollowerState
2019-06-13 15:46:33,933 INFO  server.RaftServerConfigKeys (ConfUtils.java:logGet(43)) - raft.server.watch.timeout = 10s (default)
2019-06-13 15:46:33,933 INFO  server.RaftServerConfigKeys (ConfUtils.java:logGet(43)) - raft.server.watch.timeout.denomination = 1s (default)
2019-06-13 15:46:33,933 INFO  impl.RoleInfo (RoleInfo.java:updateAndGet(143)) - 3258f2ea-1f63-425f-9235-4e3076760012: start LeaderState
2019-06-13 15:46:33,933 INFO  storage.RaftLogWorker (RaftLogWorker.java:startLogSegment(298)) - 3258f2ea-1f63-425f-9235-4e3076760012-RaftLogWorker: Starting segment from index:0
2019-06-13 15:46:33,938 INFO  impl.LeaderElection (LeaderElection.java:logAndReturn(56)) - f4c580b9-767e-4f7d-9b83-c9918d97c107:group-6E4A6B2F7023:LeaderElection3: Election PASSED; received 1 response(s) [f4c580b9-767e-4f7d-9b83-c9918d97c107->5c70d0c5-7d91-4eaa-85b7-cae4a25883b3,true-t1] and 0 exception(s); f4c580b9-767e-4f7d-9b83-c9918d97c107:t1, leader=null, voted=f4c580b9-767e-4f7d-9b83-c9918d97c107, raftlog=f4c580b9-767e-4f7d-9b83-c9918d97c107-SegmentedRaftLog:OPENED:c-1,f-1,i0, conf=-1: [bace745d-c1f7-4337-8380-f74314739fa8:192.168.11.208:42611, 5c70d0c5-7d91-4eaa-85b7-cae4a25883b3:192.168.11.208:40381, f4c580b9-767e-4f7d-9b83-c9918d97c107:192.168.11.208:40777], old=null
2019-06-13 15:46:33,938 INFO  impl.RaftServerImpl (ServerState.java:setRaftConf(361)) - 3258f2ea-1f63-425f-9235-4e3076760012:group-F833A6570F95 set configuration 0: [3258f2ea-1f63-425f-9235-4e3076760012:192.168.11.208:41157], old=null at 0
2019-06-13 15:46:33,938 INFO  impl.RoleInfo (RoleInfo.java:shutdownLeaderElection(134)) - f4c580b9-767e-4f7d-9b83-c9918d97c107: shutdown LeaderElection
2019-06-13 15:46:33,958 INFO  impl.RaftServerImpl (RaftServerImpl.java:setRole(164)) - f4c580b9-767e-4f7d-9b83-c9918d97c107:group-6E4A6B2F7023 changes role from CANDIDATE to LEADER at term 1 for changeToLeader
2019-06-13 15:46:33,958 INFO  impl.RaftServerImpl (ServerState.java:setLeader(263)) - f4c580b9-767e-4f7d-9b83-c9918d97c107:group-6E4A6B2F7023 change Leader from null to f4c580b9-767e-4f7d-9b83-c9918d97c107 at term 1 for becomeLeader, leader elected after 1147ms
2019-06-13 15:46:33,980 INFO  server.RaftServerConfigKeys (ConfUtils.java:logGet(43)) - raft.server.staging.catchup.gap = 1000 (default)
2019-06-13 15:46:33,981 INFO  server.RaftServerConfigKeys (ConfUtils.java:logGet(43)) - raft.server.rpc.sleep.time = 25ms (default)
2019-06-13 15:46:33,981 INFO  server.RaftServerConfigKeys (ConfUtils.java:logGet(43)) - raft.server.watch.timeout = 10s (default)
2019-06-13 15:46:33,981 INFO  server.RaftServerConfigKeys (ConfUtils.java:logGet(43)) - raft.server.watch.timeout.denomination = 1s (default)
2019-06-13 15:46:33,982 INFO  storage.RaftLogWorker (RaftLogWorker.java:execute(469)) - 3258f2ea-1f63-425f-9235-4e3076760012-RaftLogWorker: created new log segment /opt/src/hadoop-ozone/integration-test/target/test-dir/MiniOzoneClusterImpl-419b8570-9882-48f9-bf59-9d038d35cd14/datanode-1/data/ratis/8d415f33-82a2-4699-a5ac-f833a6570f95/current/log_inprogress_0
2019-06-13 15:46:33,983 INFO  server.RaftServerConfigKeys (ConfUtils.java:logGet(43)) - raft.server.log.appender.snapshot.chunk.size.max = 16MB (=16777216) (default)
2019-06-13 15:46:33,939 INFO  storage.RaftLogWorker (RaftLogWorker.java:execute(469)) - bace745d-c1f7-4337-8380-f74314739fa8-RaftLogWorker: created new log segment /opt/src/hadoop-ozone/integration-test/target/test-dir/MiniOzoneClusterImpl-419b8570-9882-48f9-bf59-9d038d35cd14/datanode-3/data/ratis/7d07348b-6201-49e4-b007-b43f0afea1a4/current/log_inprogress_0
2019-06-13 15:46:33,984 INFO  server.RaftServerConfigKeys (ConfUtils.java:logGet(43)) - raft.server.log.appender.buffer.byte-limit = 33554432 (custom)
2019-06-13 15:46:33,984 INFO  server.RaftServerConfigKeys (ConfUtils.java:logGet(43)) - raft.server.log.appender.buffer.element-limit = 1 (custom)
2019-06-13 15:46:33,986 INFO  grpc.GrpcConfigKeys$Server (ConfUtils.java:logGet(43)) - raft.grpc.server.leader.outstanding.appends.max = 128 (default)
2019-06-13 15:46:33,986 INFO  server.RaftServerConfigKeys (ConfUtils.java:logGet(43)) - raft.server.rpc.request.timeout = 3000ms (default)
2019-06-13 15:46:33,986 INFO  server.RaftServerConfigKeys (ConfUtils.java:logGet(43)) - raft.server.log.appender.install.snapshot.enabled = true (default)
2019-06-13 15:46:33,986 INFO  server.RaftServerConfigKeys (ConfUtils.java:logGet(43)) - raft.server.log.appender.snapshot.chunk.size.max = 16MB (=16777216) (default)
2019-06-13 15:46:33,986 INFO  server.RaftServerConfigKeys (ConfUtils.java:logGet(43)) - raft.server.log.appender.buffer.byte-limit = 33554432 (custom)
2019-06-13 15:46:33,986 INFO  server.RaftServerConfigKeys (ConfUtils.java:logGet(43)) - raft.server.log.appender.buffer.element-limit = 1 (custom)
2019-06-13 15:46:33,987 INFO  grpc.GrpcConfigKeys$Server (ConfUtils.java:logGet(43)) - raft.grpc.server.leader.outstanding.appends.max = 128 (default)
2019-06-13 15:46:33,987 INFO  server.RaftServerConfigKeys (ConfUtils.java:logGet(43)) - raft.server.rpc.request.timeout = 3000ms (default)
2019-06-13 15:46:33,987 INFO  server.RaftServerConfigKeys (ConfUtils.java:logGet(43)) - raft.server.log.appender.install.snapshot.enabled = true (default)
2019-06-13 15:46:33,987 INFO  impl.RoleInfo (RoleInfo.java:updateAndGet(143)) - f4c580b9-767e-4f7d-9b83-c9918d97c107: start LeaderState
2019-06-13 15:46:33,987 INFO  storage.RaftLogWorker (RaftLogWorker.java:startLogSegment(298)) - f4c580b9-767e-4f7d-9b83-c9918d97c107-RaftLogWorker: Starting segment from index:0
2019-06-13 15:46:34,007 INFO  impl.RaftServerImpl (ServerState.java:setRaftConf(361)) - f4c580b9-767e-4f7d-9b83-c9918d97c107:group-6E4A6B2F7023 set configuration 0: [bace745d-c1f7-4337-8380-f74314739fa8:192.168.11.208:42611, 5c70d0c5-7d91-4eaa-85b7-cae4a25883b3:192.168.11.208:40381, f4c580b9-767e-4f7d-9b83-c9918d97c107:192.168.11.208:40777], old=null at 0
2019-06-13 15:46:34,030 INFO  storage.RaftLogWorker (RaftLogWorker.java:execute(469)) - f4c580b9-767e-4f7d-9b83-c9918d97c107-RaftLogWorker: created new log segment /opt/src/hadoop-ozone/integration-test/target/test-dir/MiniOzoneClusterImpl-419b8570-9882-48f9-bf59-9d038d35cd14/datanode-2/data/ratis/4af143d6-6f8b-4b4c-8ee7-6e4a6b2f7023/current/log_inprogress_0
2019-06-13 15:46:34,042 INFO  impl.RaftServerImpl (ServerState.java:setLeader(263)) - 5c70d0c5-7d91-4eaa-85b7-cae4a25883b3:group-6E4A6B2F7023 change Leader from null to f4c580b9-767e-4f7d-9b83-c9918d97c107 at term 1 for appendEntries, leader elected after 1232ms
2019-06-13 15:46:34,044 INFO  impl.RaftServerImpl (ServerState.java:setLeader(263)) - bace745d-c1f7-4337-8380-f74314739fa8:group-6E4A6B2F7023 change Leader from null to f4c580b9-767e-4f7d-9b83-c9918d97c107 at term 1 for appendEntries, leader elected after 1234ms
2019-06-13 15:46:34,063 INFO  impl.RaftServerImpl (ServerState.java:setRaftConf(361)) - 5c70d0c5-7d91-4eaa-85b7-cae4a25883b3:group-6E4A6B2F7023 set configuration 0: [bace745d-c1f7-4337-8380-f74314739fa8:192.168.11.208:42611, 5c70d0c5-7d91-4eaa-85b7-cae4a25883b3:192.168.11.208:40381, f4c580b9-767e-4f7d-9b83-c9918d97c107:192.168.11.208:40777], old=null at 0
2019-06-13 15:46:34,063 INFO  storage.RaftLogWorker (RaftLogWorker.java:startLogSegment(298)) - 5c70d0c5-7d91-4eaa-85b7-cae4a25883b3-RaftLogWorker: Starting segment from index:0
2019-06-13 15:46:34,063 INFO  impl.RaftServerImpl (ServerState.java:setRaftConf(361)) - bace745d-c1f7-4337-8380-f74314739fa8:group-6E4A6B2F7023 set configuration 0: [bace745d-c1f7-4337-8380-f74314739fa8:192.168.11.208:42611, 5c70d0c5-7d91-4eaa-85b7-cae4a25883b3:192.168.11.208:40381, f4c580b9-767e-4f7d-9b83-c9918d97c107:192.168.11.208:40777], old=null at 0
2019-06-13 15:46:34,064 INFO  storage.RaftLogWorker (RaftLogWorker.java:startLogSegment(298)) - bace745d-c1f7-4337-8380-f74314739fa8-RaftLogWorker: Starting segment from index:0
2019-06-13 15:46:34,104 INFO  storage.RaftLogWorker (RaftLogWorker.java:execute(469)) - bace745d-c1f7-4337-8380-f74314739fa8-RaftLogWorker: created new log segment /opt/src/hadoop-ozone/integration-test/target/test-dir/MiniOzoneClusterImpl-419b8570-9882-48f9-bf59-9d038d35cd14/datanode-3/data/ratis/4af143d6-6f8b-4b4c-8ee7-6e4a6b2f7023/current/log_inprogress_0
2019-06-13 15:46:34,110 INFO  storage.RaftLogWorker (RaftLogWorker.java:execute(469)) - 5c70d0c5-7d91-4eaa-85b7-cae4a25883b3-RaftLogWorker: created new log segment /opt/src/hadoop-ozone/integration-test/target/test-dir/MiniOzoneClusterImpl-419b8570-9882-48f9-bf59-9d038d35cd14/datanode-0/data/ratis/4af143d6-6f8b-4b4c-8ee7-6e4a6b2f7023/current/log_inprogress_0
2019-06-13 15:46:34,392 INFO  impl.FollowerState (FollowerState.java:run(101)) - 2af53f03-1c3c-4a35-8ded-296741614628:group-42C7A8AD6554 changes to CANDIDATE, lastRpcTime:1183, electionTimeout:1183ms
2019-06-13 15:46:34,392 INFO  impl.RoleInfo (RoleInfo.java:shutdownFollowerState(121)) - 2af53f03-1c3c-4a35-8ded-296741614628: shutdown FollowerState
2019-06-13 15:46:34,392 INFO  impl.RaftServerImpl (RaftServerImpl.java:setRole(164)) - 2af53f03-1c3c-4a35-8ded-296741614628:group-42C7A8AD6554 changes role from FOLLOWER to CANDIDATE at term 0 for changeToCandidate
2019-06-13 15:46:34,392 INFO  impl.RoleInfo (RoleInfo.java:updateAndGet(143)) - 2af53f03-1c3c-4a35-8ded-296741614628: start LeaderElection
2019-06-13 15:46:34,398 INFO  impl.LeaderElection (LeaderElection.java:askForVotes(181)) - 2af53f03-1c3c-4a35-8ded-296741614628:group-42C7A8AD6554:LeaderElection6: begin an election at term 1 for -1: [2af53f03-1c3c-4a35-8ded-296741614628:192.168.11.208:40989], old=null
2019-06-13 15:46:34,399 INFO  impl.RoleInfo (RoleInfo.java:shutdownLeaderElection(134)) - 2af53f03-1c3c-4a35-8ded-296741614628: shutdown LeaderElection
2019-06-13 15:46:34,399 INFO  impl.RaftServerImpl (RaftServerImpl.java:setRole(164)) - 2af53f03-1c3c-4a35-8ded-296741614628:group-42C7A8AD6554 changes role from CANDIDATE to LEADER at term 1 for changeToLeader
2019-06-13 15:46:34,399 INFO  impl.RaftServerImpl (ServerState.java:setLeader(263)) - 2af53f03-1c3c-4a35-8ded-296741614628:group-42C7A8AD6554 change Leader from null to 2af53f03-1c3c-4a35-8ded-296741614628 at term 1 for becomeLeader, leader elected after 1208ms
2019-06-13 15:46:34,400 INFO  server.RaftServerConfigKeys (ConfUtils.java:logGet(43)) - raft.server.staging.catchup.gap = 1000 (default)
2019-06-13 15:46:34,400 INFO  server.RaftServerConfigKeys (ConfUtils.java:logGet(43)) - raft.server.rpc.sleep.time = 25ms (default)
2019-06-13 15:46:34,400 INFO  server.RaftServerConfigKeys (ConfUtils.java:logGet(43)) - raft.server.watch.timeout = 10s (default)
2019-06-13 15:46:34,400 INFO  server.RaftServerConfigKeys (ConfUtils.java:logGet(43)) - raft.server.watch.timeout.denomination = 1s (default)
2019-06-13 15:46:34,400 INFO  impl.RoleInfo (RoleInfo.java:updateAndGet(143)) - 2af53f03-1c3c-4a35-8ded-296741614628: start LeaderState
2019-06-13 15:46:34,400 INFO  storage.RaftLogWorker (RaftLogWorker.java:startLogSegment(298)) - 2af53f03-1c3c-4a35-8ded-296741614628-RaftLogWorker: Starting segment from index:0
2019-06-13 15:46:34,403 INFO  impl.RaftServerImpl (ServerState.java:setRaftConf(361)) - 2af53f03-1c3c-4a35-8ded-296741614628:group-42C7A8AD6554 set configuration 0: [2af53f03-1c3c-4a35-8ded-296741614628:192.168.11.208:40989], old=null at 0
2019-06-13 15:46:34,441 INFO  storage.RaftLogWorker (RaftLogWorker.java:execute(469)) - 2af53f03-1c3c-4a35-8ded-296741614628-RaftLogWorker: created new log segment /opt/src/hadoop-ozone/integration-test/target/test-dir/MiniOzoneClusterImpl-419b8570-9882-48f9-bf59-9d038d35cd14/datanode-4/data/ratis/72727d33-de33-4f0f-a2e9-42c7a8ad6554/current/log_inprogress_0
2019-06-13 15:46:34,453 INFO  ozone.MiniOzoneClusterImpl (MiniOzoneClusterImpl.java:lambda$waitForClusterToBeReady$0(142)) - Cluster is ready. Got 6 of 6 DN Heartbeats.
]]></system-out>
    <system-err><![CDATA[ERROR StatusLogger No Log4j 2 configuration file found. Using default configuration (logging only errors to the console), or user programmatically provided configurations. Set system property 'log4j2.debug' to show Log4j 2 internal initialization logging. See https://logging.apache.org/log4j/2.x/manual/configuration.html for instructions on how to configure Log4j 2
Jun 13, 2019 3:46:26 PM com.sun.jersey.server.impl.application.WebApplicationImpl _initiate
INFO: Initiating Jersey application, version 'Jersey: 1.19 02/11/2015 03:25 AM'
Jun 13, 2019 3:46:27 PM com.sun.jersey.server.impl.application.WebApplicationImpl _initiate
INFO: Initiating Jersey application, version 'Jersey: 1.19 02/11/2015 03:25 AM'
Jun 13, 2019 3:46:28 PM com.sun.jersey.server.impl.application.WebApplicationImpl _initiate
INFO: Initiating Jersey application, version 'Jersey: 1.19 02/11/2015 03:25 AM'
Jun 13, 2019 3:46:28 PM com.sun.jersey.server.impl.application.WebApplicationImpl _initiate
INFO: Initiating Jersey application, version 'Jersey: 1.19 02/11/2015 03:25 AM'
Jun 13, 2019 3:46:28 PM com.sun.jersey.server.impl.application.WebApplicationImpl _initiate
INFO: Initiating Jersey application, version 'Jersey: 1.19 02/11/2015 03:25 AM'
Jun 13, 2019 3:46:29 PM com.sun.jersey.server.impl.application.WebApplicationImpl _initiate
INFO: Initiating Jersey application, version 'Jersey: 1.19 02/11/2015 03:25 AM'
]]></system-err>
  </testcase>
</testsuite>