<?xml version="1.0" encoding="UTF-8"?>
<testsuite xmlns:xsi="http://www.w3.org/2001/XMLSchema-instance" xsi:noNamespaceSchemaLocation="https://maven.apache.org/surefire/maven-surefire-plugin/xsd/surefire-test-report.xsd" name="org.apache.hadoop.hdds.scm.pipeline.TestNodeFailure" time="10.364" tests="1" errors="0" skipped="1" failures="0">
  <properties>
    <property name="awt.toolkit" value="sun.awt.X11.XToolkit"/>
    <property name="file.encoding.pkg" value="sun.io"/>
    <property name="java.specification.version" value="1.8"/>
    <property name="sun.cpu.isalist" value=""/>
    <property name="sun.jnu.encoding" value="UTF-8"/>
    <property name="java.class.path" value="/opt/src/hadoop-ozone/integration-test/target/test-classes:/opt/src/hadoop-ozone/integration-test/target/classes:/root/.m2/repository/org/apache/hadoop/hadoop-ozone-common/0.5.0-SNAPSHOT/hadoop-ozone-common-0.5.0-SNAPSHOT.jar:/root/.m2/repository/org/apache/commons/commons-compress/1.4.1/commons-compress-1.4.1.jar:/root/.m2/repository/org/tukaani/xz/1.0/xz-1.0.jar:/root/.m2/repository/org/apache/hadoop/hadoop-common/3.2.0/hadoop-common-3.2.0.jar:/root/.m2/repository/org/apache/hadoop/hadoop-hdfs/3.2.0/hadoop-hdfs-3.2.0.jar:/root/.m2/repository/org/apache/hadoop/hadoop-hdfs-client/3.2.0/hadoop-hdfs-client-3.2.0.jar:/root/.m2/repository/com/fasterxml/jackson/core/jackson-annotations/2.9.5/jackson-annotations-2.9.5.jar:/root/.m2/repository/org/apache/hadoop/hadoop-hdds-common/0.5.0-SNAPSHOT/hadoop-hdds-common-0.5.0-SNAPSHOT.jar:/root/.m2/repository/javax/annotation/javax.annotation-api/1.2/javax.annotation-api-1.2.jar:/root/.m2/repository/org/apache/ratis/ratis-server/0.4.0-fe2b15d-SNAPSHOT/ratis-server-0.4.0-fe2b15d-SNAPSHOT.jar:/root/.m2/repository/org/apache/ratis/ratis-thirdparty-misc/0.2.0/ratis-thirdparty-misc-0.2.0.jar:/root/.m2/repository/org/apache/ratis/ratis-proto/0.4.0-fe2b15d-SNAPSHOT/ratis-proto-0.4.0-fe2b15d-SNAPSHOT.jar:/root/.m2/repository/org/apache/ratis/ratis-common/0.4.0-fe2b15d-SNAPSHOT/ratis-common-0.4.0-fe2b15d-SNAPSHOT.jar:/root/.m2/repository/org/apache/ratis/ratis-client/0.4.0-fe2b15d-SNAPSHOT/ratis-client-0.4.0-fe2b15d-SNAPSHOT.jar:/root/.m2/repository/org/apache/ratis/ratis-netty/0.4.0-fe2b15d-SNAPSHOT/ratis-netty-0.4.0-fe2b15d-SNAPSHOT.jar:/root/.m2/repository/org/apache/ratis/ratis-grpc/0.4.0-fe2b15d-SNAPSHOT/ratis-grpc-0.4.0-fe2b15d-SNAPSHOT.jar:/root/.m2/repository/org/rocksdb/rocksdbjni/5.14.2/rocksdbjni-5.14.2.jar:/root/.m2/repository/org/apache/logging/log4j/log4j-api/2.11.0/log4j-api-2.11.0.jar:/root/.m2/repository/org/apache/logging/log4j/log4j-core/2.11.0/log4j-core-2.11.0.jar:/root/.m2/repository/com/lmax/disruptor/3.4.2/disruptor-3.4.2.jar:/root/.m2/repository/org/apache/commons/commons-pool2/2.6.0/commons-pool2-2.6.0.jar:/root/.m2/repository/org/bouncycastle/bcpkix-jdk15on/1.60/bcpkix-jdk15on-1.60.jar:/root/.m2/repository/commons-validator/commons-validator/1.6/commons-validator-1.6.jar:/root/.m2/repository/commons-digester/commons-digester/1.8.1/commons-digester-1.8.1.jar:/root/.m2/repository/io/jaegertracing/jaeger-client/0.33.1/jaeger-client-0.33.1.jar:/root/.m2/repository/io/jaegertracing/jaeger-thrift/0.33.1/jaeger-thrift-0.33.1.jar:/root/.m2/repository/org/apache/thrift/libthrift/0.11.0/libthrift-0.11.0.jar:/root/.m2/repository/com/squareup/okhttp3/okhttp/3.9.0/okhttp-3.9.0.jar:/root/.m2/repository/com/squareup/okio/okio/1.13.0/okio-1.13.0.jar:/root/.m2/repository/io/jaegertracing/jaeger-core/0.33.1/jaeger-core-0.33.1.jar:/root/.m2/repository/io/jaegertracing/jaeger-tracerresolver/0.33.1/jaeger-tracerresolver-0.33.1.jar:/root/.m2/repository/io/opentracing/contrib/opentracing-tracerresolver/0.1.5/opentracing-tracerresolver-0.1.5.jar:/root/.m2/repository/io/opentracing/opentracing-util/0.31.0/opentracing-util-0.31.0.jar:/root/.m2/repository/io/opentracing/opentracing-api/0.31.0/opentracing-api-0.31.0.jar:/root/.m2/repository/io/opentracing/opentracing-noop/0.31.0/opentracing-noop-0.31.0.jar:/root/.m2/repository/org/apache/hadoop/hadoop-hdds-server-framework/0.5.0-SNAPSHOT/hadoop-hdds-server-framework-0.5.0-SNAPSHOT.jar:/root/.m2/repository/org/apache/hadoop/hadoop-hdds-server-scm/0.5.0-SNAPSHOT/hadoop-hdds-server-scm-0.5.0-SNAPSHOT.jar:/root/.m2/repository/org/apache/hadoop/hadoop-hdds-container-service/0.5.0-SNAPSHOT/hadoop-hdds-container-service-0.5.0-SNAPSHOT.jar:/root/.m2/repository/org/apache/hadoop/hadoop-hdds-client/0.5.0-SNAPSHOT/hadoop-hdds-client-0.5.0-SNAPSHOT.jar:/root/.m2/repository/org/apache/hadoop/hadoop-hdds-tools/0.5.0-SNAPSHOT/hadoop-hdds-tools-0.5.0-SNAPSHOT.jar:/root/.m2/repository/org/apache/hadoop/hadoop-ozone-ozone-manager/0.5.0-SNAPSHOT/hadoop-ozone-ozone-manager-0.5.0-SNAPSHOT.jar:/root/.m2/repository/org/apache/hadoop/hadoop-hdds-docs/0.5.0-SNAPSHOT/hadoop-hdds-docs-0.5.0-SNAPSHOT.jar:/root/.m2/repository/org/bouncycastle/bcprov-jdk15on/1.60/bcprov-jdk15on-1.60.jar:/root/.m2/repository/org/apache/hadoop/hadoop-minikdc/3.2.0/hadoop-minikdc-3.2.0.jar:/root/.m2/repository/commons-io/commons-io/2.5/commons-io-2.5.jar:/root/.m2/repository/org/apache/kerby/kerb-simplekdc/1.0.1/kerb-simplekdc-1.0.1.jar:/root/.m2/repository/org/apache/kerby/kerb-client/1.0.1/kerb-client-1.0.1.jar:/root/.m2/repository/org/apache/kerby/kerby-config/1.0.1/kerby-config-1.0.1.jar:/root/.m2/repository/org/apache/kerby/kerb-core/1.0.1/kerb-core-1.0.1.jar:/root/.m2/repository/org/apache/kerby/kerby-pkix/1.0.1/kerby-pkix-1.0.1.jar:/root/.m2/repository/org/apache/kerby/kerby-asn1/1.0.1/kerby-asn1-1.0.1.jar:/root/.m2/repository/org/apache/kerby/kerby-util/1.0.1/kerby-util-1.0.1.jar:/root/.m2/repository/org/apache/kerby/kerb-common/1.0.1/kerb-common-1.0.1.jar:/root/.m2/repository/org/apache/kerby/kerb-crypto/1.0.1/kerb-crypto-1.0.1.jar:/root/.m2/repository/org/apache/kerby/kerb-util/1.0.1/kerb-util-1.0.1.jar:/root/.m2/repository/org/apache/kerby/token-provider/1.0.1/token-provider-1.0.1.jar:/root/.m2/repository/org/apache/kerby/kerb-admin/1.0.1/kerb-admin-1.0.1.jar:/root/.m2/repository/org/apache/kerby/kerb-server/1.0.1/kerb-server-1.0.1.jar:/root/.m2/repository/org/apache/kerby/kerb-identity/1.0.1/kerb-identity-1.0.1.jar:/root/.m2/repository/org/apache/kerby/kerby-xdr/1.0.1/kerby-xdr-1.0.1.jar:/root/.m2/repository/org/slf4j/slf4j-log4j12/1.7.25/slf4j-log4j12-1.7.25.jar:/root/.m2/repository/org/apache/hadoop/hadoop-ozone-objectstore-service/0.5.0-SNAPSHOT/hadoop-ozone-objectstore-service-0.5.0-SNAPSHOT.jar:/root/.m2/repository/org/apache/hadoop/hadoop-ozone-s3gateway/0.5.0-SNAPSHOT/hadoop-ozone-s3gateway-0.5.0-SNAPSHOT.jar:/root/.m2/repository/org/jboss/weld/servlet/weld-servlet/2.4.7.Final/weld-servlet-2.4.7.Final.jar:/root/.m2/repository/org/glassfish/jersey/containers/jersey-container-servlet-core/2.27/jersey-container-servlet-core-2.27.jar:/root/.m2/repository/org/glassfish/hk2/external/javax.inject/2.5.0-b42/javax.inject-2.5.0-b42.jar:/root/.m2/repository/org/glassfish/jersey/core/jersey-common/2.27/jersey-common-2.27.jar:/root/.m2/repository/org/glassfish/hk2/osgi-resource-locator/1.0.1/osgi-resource-locator-1.0.1.jar:/root/.m2/repository/javax/ws/rs/javax.ws.rs-api/2.1/javax.ws.rs-api-2.1.jar:/root/.m2/repository/org/glassfish/jersey/ext/cdi/jersey-cdi1x/2.27/jersey-cdi1x-2.27.jar:/root/.m2/repository/org/glassfish/jersey/inject/jersey-hk2/2.27/jersey-hk2-2.27.jar:/root/.m2/repository/org/glassfish/hk2/hk2-locator/2.5.0-b42/hk2-locator-2.5.0-b42.jar:/root/.m2/repository/org/javassist/javassist/3.22.0-CR2/javassist-3.22.0-CR2.jar:/root/.m2/repository/org/glassfish/hk2/hk2-api/2.5.0/hk2-api-2.5.0.jar:/root/.m2/repository/org/glassfish/hk2/external/jakarta.inject/2.5.0/jakarta.inject-2.5.0.jar:/root/.m2/repository/org/glassfish/hk2/hk2-utils/2.5.0/hk2-utils-2.5.0.jar:/root/.m2/repository/jakarta/annotation/jakarta.annotation-api/1.3.4/jakarta.annotation-api-1.3.4.jar:/root/.m2/repository/org/glassfish/hk2/external/aopalliance-repackaged/2.5.0/aopalliance-repackaged-2.5.0.jar:/root/.m2/repository/com/fasterxml/jackson/dataformat/jackson-dataformat-xml/2.9.0/jackson-dataformat-xml-2.9.0.jar:/root/.m2/repository/com/fasterxml/jackson/core/jackson-core/2.9.5/jackson-core-2.9.5.jar:/root/.m2/repository/com/fasterxml/jackson/module/jackson-module-jaxb-annotations/2.9.5/jackson-module-jaxb-annotations-2.9.5.jar:/root/.m2/repository/javax/enterprise/cdi-api/1.2/cdi-api-1.2.jar:/root/.m2/repository/javax/el/javax.el-api/3.0.0/javax.el-api-3.0.0.jar:/root/.m2/repository/javax/interceptor/javax.interceptor-api/1.2/javax.interceptor-api-1.2.jar:/root/.m2/repository/javax/inject/javax.inject/1/javax.inject-1.jar:/root/.m2/repository/com/sun/xml/bind/jaxb-impl/2.3.0.1/jaxb-impl-2.3.0.1.jar:/root/.m2/repository/com/sun/xml/bind/jaxb-core/2.3.0.1/jaxb-core-2.3.0.1.jar:/root/.m2/repository/javax/xml/bind/jaxb-api/2.3.0/jaxb-api-2.3.0.jar:/root/.m2/repository/javax/activation/activation/1.1.1/activation-1.1.1.jar:/root/.m2/repository/org/apache/hadoop/hadoop-ozone-csi/0.5.0-SNAPSHOT/hadoop-ozone-csi-0.5.0-SNAPSHOT.jar:/root/.m2/repository/com/google/protobuf/protobuf-java-util/3.5.1/protobuf-java-util-3.5.1.jar:/root/.m2/repository/org/apache/hadoop/hadoop-hdds-config/0.5.0-SNAPSHOT/hadoop-hdds-config-0.5.0-SNAPSHOT.jar:/root/.m2/repository/com/google/guava/guava/11.0.2/guava-11.0.2.jar:/root/.m2/repository/com/google/protobuf/protobuf-java/2.5.0/protobuf-java-2.5.0.jar:/root/.m2/repository/io/grpc/grpc-netty/1.17.1/grpc-netty-1.17.1.jar:/root/.m2/repository/io/grpc/grpc-core/1.17.1/grpc-core-1.17.1.jar:/root/.m2/repository/io/grpc/grpc-context/1.17.1/grpc-context-1.17.1.jar:/root/.m2/repository/com/google/errorprone/error_prone_annotations/2.2.0/error_prone_annotations-2.2.0.jar:/root/.m2/repository/org/codehaus/mojo/animal-sniffer-annotations/1.17/animal-sniffer-annotations-1.17.jar:/root/.m2/repository/io/opencensus/opencensus-api/0.17.0/opencensus-api-0.17.0.jar:/root/.m2/repository/io/opencensus/opencensus-contrib-grpc-metrics/0.17.0/opencensus-contrib-grpc-metrics-0.17.0.jar:/root/.m2/repository/io/netty/netty-codec-http2/4.1.30.Final/netty-codec-http2-4.1.30.Final.jar:/root/.m2/repository/io/netty/netty-codec-http/4.1.30.Final/netty-codec-http-4.1.30.Final.jar:/root/.m2/repository/io/netty/netty-codec/4.1.30.Final/netty-codec-4.1.30.Final.jar:/root/.m2/repository/io/netty/netty-handler/4.1.30.Final/netty-handler-4.1.30.Final.jar:/root/.m2/repository/io/netty/netty-handler-proxy/4.1.30.Final/netty-handler-proxy-4.1.30.Final.jar:/root/.m2/repository/io/netty/netty-codec-socks/4.1.30.Final/netty-codec-socks-4.1.30.Final.jar:/root/.m2/repository/io/netty/netty-transport-native-epoll/4.1.30.Final/netty-transport-native-epoll-4.1.30.Final.jar:/root/.m2/repository/io/netty/netty-common/4.1.30.Final/netty-common-4.1.30.Final.jar:/root/.m2/repository/io/netty/netty-buffer/4.1.30.Final/netty-buffer-4.1.30.Final.jar:/root/.m2/repository/io/netty/netty-transport/4.1.30.Final/netty-transport-4.1.30.Final.jar:/root/.m2/repository/io/netty/netty-resolver/4.1.30.Final/netty-resolver-4.1.30.Final.jar:/root/.m2/repository/io/netty/netty-transport-native-unix-common/4.1.30.Final/netty-transport-native-unix-common-4.1.30.Final.jar:/root/.m2/repository/io/grpc/grpc-protobuf/1.17.1/grpc-protobuf-1.17.1.jar:/root/.m2/repository/com/google/api/grpc/proto-google-common-protos/1.0.0/proto-google-common-protos-1.0.0.jar:/root/.m2/repository/io/grpc/grpc-protobuf-lite/1.17.1/grpc-protobuf-lite-1.17.1.jar:/root/.m2/repository/io/grpc/grpc-stub/1.17.1/grpc-stub-1.17.1.jar:/root/.m2/repository/org/apache/hadoop/hadoop-ozone-recon/0.5.0-SNAPSHOT/hadoop-ozone-recon-0.5.0-SNAPSHOT.jar:/root/.m2/repository/org/apache/hadoop/hadoop-ozone-reconcodegen/0.5.0-SNAPSHOT/hadoop-ozone-reconcodegen-0.5.0-SNAPSHOT.jar:/root/.m2/repository/com/google/inject/extensions/guice-multibindings/4.0/guice-multibindings-4.0.jar:/root/.m2/repository/com/google/inject/guice/4.0/guice-4.0.jar:/root/.m2/repository/aopalliance/aopalliance/1.0/aopalliance-1.0.jar:/root/.m2/repository/com/google/inject/extensions/guice-servlet/4.0/guice-servlet-4.0.jar:/root/.m2/repository/org/glassfish/jersey/containers/jersey-container-servlet/2.27/jersey-container-servlet-2.27.jar:/root/.m2/repository/org/glassfish/hk2/guice-bridge/2.5.0/guice-bridge-2.5.0.jar:/root/.m2/repository/org/glassfish/jersey/core/jersey-server/2.27/jersey-server-2.27.jar:/root/.m2/repository/org/glassfish/jersey/core/jersey-client/2.27/jersey-client-2.27.jar:/root/.m2/repository/org/glassfish/jersey/media/jersey-media-jaxb/2.27/jersey-media-jaxb-2.27.jar:/root/.m2/repository/javax/validation/validation-api/1.1.0.Final/validation-api-1.1.0.Final.jar:/root/.m2/repository/org/glassfish/jersey/media/jersey-media-json-jackson/2.27/jersey-media-json-jackson-2.27.jar:/root/.m2/repository/org/glassfish/jersey/ext/jersey-entity-filtering/2.27/jersey-entity-filtering-2.27.jar:/root/.m2/repository/com/google/inject/extensions/guice-assistedinject/4.0/guice-assistedinject-4.0.jar:/root/.m2/repository/org/jooq/jooq/3.11.10/jooq-3.11.10.jar:/root/.m2/repository/org/jooq/jooq-meta/3.11.10/jooq-meta-3.11.10.jar:/root/.m2/repository/org/jooq/jooq-codegen/3.11.10/jooq-codegen-3.11.10.jar:/root/.m2/repository/com/jolbox/bonecp/0.8.0.RELEASE/bonecp-0.8.0.RELEASE.jar:/root/.m2/repository/org/xerial/sqlite-jdbc/3.25.2/sqlite-jdbc-3.25.2.jar:/root/.m2/repository/org/springframework/spring-jdbc/5.1.3.RELEASE/spring-jdbc-5.1.3.RELEASE.jar:/root/.m2/repository/org/springframework/spring-beans/5.1.3.RELEASE/spring-beans-5.1.3.RELEASE.jar:/root/.m2/repository/org/springframework/spring-core/5.1.3.RELEASE/spring-core-5.1.3.RELEASE.jar:/root/.m2/repository/org/springframework/spring-jcl/5.1.3.RELEASE/spring-jcl-5.1.3.RELEASE.jar:/root/.m2/repository/org/springframework/spring-tx/5.1.3.RELEASE/spring-tx-5.1.3.RELEASE.jar:/root/.m2/repository/org/apache/hadoop/hadoop-ozone-client/0.5.0-SNAPSHOT/hadoop-ozone-client-0.5.0-SNAPSHOT.jar:/root/.m2/repository/org/apache/hadoop/hadoop-ozone-ozone-manager/0.5.0-SNAPSHOT/hadoop-ozone-ozone-manager-0.5.0-SNAPSHOT-tests.jar:/root/.m2/repository/junit/junit/4.11/junit-4.11.jar:/root/.m2/repository/org/hamcrest/hamcrest-core/1.3/hamcrest-core-1.3.jar:/root/.m2/repository/org/openjdk/jmh/jmh-core/1.19/jmh-core-1.19.jar:/root/.m2/repository/net/sf/jopt-simple/jopt-simple/4.6/jopt-simple-4.6.jar:/root/.m2/repository/org/apache/commons/commons-math3/3.1.1/commons-math3-3.1.1.jar:/root/.m2/repository/org/openjdk/jmh/jmh-generator-annprocess/1.19/jmh-generator-annprocess-1.19.jar:/root/.m2/repository/org/mockito/mockito-all/1.8.5/mockito-all-1.8.5.jar:/root/.m2/repository/org/apache/hadoop/hadoop-kms/3.2.0/hadoop-kms-3.2.0.jar:/root/.m2/repository/org/apache/hadoop/hadoop-auth/3.2.0/hadoop-auth-3.2.0.jar:/root/.m2/repository/com/nimbusds/nimbus-jose-jwt/4.41.1/nimbus-jose-jwt-4.41.1.jar:/root/.m2/repository/com/github/stephenc/jcip/jcip-annotations/1.0-1/jcip-annotations-1.0-1.jar:/root/.m2/repository/net/minidev/json-smart/2.3/json-smart-2.3.jar:/root/.m2/repository/net/minidev/accessors-smart/1.2/accessors-smart-1.2.jar:/root/.m2/repository/org/ow2/asm/asm/5.0.4/asm-5.0.4.jar:/root/.m2/repository/org/apache/curator/curator-framework/2.12.0/curator-framework-2.12.0.jar:/root/.m2/repository/com/sun/jersey/jersey-core/1.19/jersey-core-1.19.jar:/root/.m2/repository/javax/ws/rs/jsr311-api/1.1.1/jsr311-api-1.1.1.jar:/root/.m2/repository/com/sun/jersey/jersey-server/1.19/jersey-server-1.19.jar:/root/.m2/repository/javax/servlet/javax.servlet-api/3.1.0/javax.servlet-api-3.1.0.jar:/root/.m2/repository/org/eclipse/jetty/jetty-server/9.3.24.v20180605/jetty-server-9.3.24.v20180605.jar:/root/.m2/repository/org/eclipse/jetty/jetty-http/9.3.24.v20180605/jetty-http-9.3.24.v20180605.jar:/root/.m2/repository/org/eclipse/jetty/jetty-io/9.3.24.v20180605/jetty-io-9.3.24.v20180605.jar:/root/.m2/repository/org/eclipse/jetty/jetty-webapp/9.3.24.v20180605/jetty-webapp-9.3.24.v20180605.jar:/root/.m2/repository/org/eclipse/jetty/jetty-xml/9.3.24.v20180605/jetty-xml-9.3.24.v20180605.jar:/root/.m2/repository/log4j/log4j/1.2.17/log4j-1.2.17.jar:/root/.m2/repository/org/slf4j/slf4j-api/1.7.25/slf4j-api-1.7.25.jar:/root/.m2/repository/org/slf4j/jul-to-slf4j/1.7.25/jul-to-slf4j-1.7.25.jar:/root/.m2/repository/org/eclipse/jetty/jetty-util/9.3.24.v20180605/jetty-util-9.3.24.v20180605.jar:/root/.m2/repository/io/dropwizard/metrics/metrics-core/3.2.4/metrics-core-3.2.4.jar:/root/.m2/repository/com/fasterxml/jackson/core/jackson-databind/2.9.5/jackson-databind-2.9.5.jar:/root/.m2/repository/org/apache/hadoop/hadoop-kms/3.2.0/hadoop-kms-3.2.0-tests.jar:/root/.m2/repository/org/apache/hadoop/hadoop-hdds-server-scm/0.5.0-SNAPSHOT/hadoop-hdds-server-scm-0.5.0-SNAPSHOT-tests.jar:/root/.m2/repository/org/hamcrest/hamcrest-all/1.3/hamcrest-all-1.3.jar:/root/.m2/repository/info/picocli/picocli/3.9.6/picocli-3.9.6.jar:/root/.m2/repository/org/apache/hadoop/hadoop-hdds-container-service/0.5.0-SNAPSHOT/hadoop-hdds-container-service-0.5.0-SNAPSHOT-tests.jar:/root/.m2/repository/org/yaml/snakeyaml/1.16/snakeyaml-1.16.jar:/root/.m2/repository/org/apache/hadoop/hadoop-common/3.2.0/hadoop-common-3.2.0-tests.jar:/root/.m2/repository/org/apache/hadoop/hadoop-annotations/3.2.0/hadoop-annotations-3.2.0.jar:/usr/lib/jvm/java-1.8-openjdk/jre/../lib/tools.jar:/root/.m2/repository/commons-cli/commons-cli/1.2/commons-cli-1.2.jar:/root/.m2/repository/org/apache/httpcomponents/httpclient/4.5.2/httpclient-4.5.2.jar:/root/.m2/repository/org/apache/httpcomponents/httpcore/4.4.4/httpcore-4.4.4.jar:/root/.m2/repository/commons-codec/commons-codec/1.11/commons-codec-1.11.jar:/root/.m2/repository/commons-net/commons-net/3.6/commons-net-3.6.jar:/root/.m2/repository/commons-collections/commons-collections/3.2.2/commons-collections-3.2.2.jar:/root/.m2/repository/org/eclipse/jetty/jetty-servlet/9.3.24.v20180605/jetty-servlet-9.3.24.v20180605.jar:/root/.m2/repository/org/eclipse/jetty/jetty-security/9.3.24.v20180605/jetty-security-9.3.24.v20180605.jar:/root/.m2/repository/javax/servlet/jsp/jsp-api/2.1/jsp-api-2.1.jar:/root/.m2/repository/com/sun/jersey/jersey-servlet/1.19/jersey-servlet-1.19.jar:/root/.m2/repository/com/sun/jersey/jersey-json/1.19/jersey-json-1.19.jar:/root/.m2/repository/org/codehaus/jettison/jettison/1.1/jettison-1.1.jar:/root/.m2/repository/org/codehaus/jackson/jackson-core-asl/1.9.13/jackson-core-asl-1.9.13.jar:/root/.m2/repository/org/codehaus/jackson/jackson-mapper-asl/1.9.13/jackson-mapper-asl-1.9.13.jar:/root/.m2/repository/org/codehaus/jackson/jackson-jaxrs/1.9.13/jackson-jaxrs-1.9.13.jar:/root/.m2/repository/org/codehaus/jackson/jackson-xc/1.9.13/jackson-xc-1.9.13.jar:/root/.m2/repository/commons-logging/commons-logging/1.1.3/commons-logging-1.1.3.jar:/root/.m2/repository/commons-beanutils/commons-beanutils/1.9.3/commons-beanutils-1.9.3.jar:/root/.m2/repository/org/apache/commons/commons-configuration2/2.1.1/commons-configuration2-2.1.1.jar:/root/.m2/repository/org/apache/commons/commons-lang3/3.7/commons-lang3-3.7.jar:/root/.m2/repository/org/apache/commons/commons-text/1.4/commons-text-1.4.jar:/root/.m2/repository/org/apache/avro/avro/1.7.7/avro-1.7.7.jar:/root/.m2/repository/com/thoughtworks/paranamer/paranamer/2.3/paranamer-2.3.jar:/root/.m2/repository/org/xerial/snappy/snappy-java/1.0.5/snappy-java-1.0.5.jar:/root/.m2/repository/com/google/re2j/re2j/1.1/re2j-1.1.jar:/root/.m2/repository/com/google/code/gson/gson/2.2.4/gson-2.2.4.jar:/root/.m2/repository/com/jcraft/jsch/0.1.54/jsch-0.1.54.jar:/root/.m2/repository/org/apache/curator/curator-client/2.12.0/curator-client-2.12.0.jar:/root/.m2/repository/org/apache/curator/curator-recipes/2.12.0/curator-recipes-2.12.0.jar:/root/.m2/repository/com/google/code/findbugs/jsr305/3.0.0/jsr305-3.0.0.jar:/root/.m2/repository/org/apache/htrace/htrace-core4/4.1.0-incubating/htrace-core4-4.1.0-incubating.jar:/root/.m2/repository/org/apache/zookeeper/zookeeper/3.4.13/zookeeper-3.4.13.jar:/root/.m2/repository/org/apache/yetus/audience-annotations/0.5.0/audience-annotations-0.5.0.jar:/root/.m2/repository/org/codehaus/woodstox/stax2-api/3.1.4/stax2-api-3.1.4.jar:/root/.m2/repository/com/fasterxml/woodstox/woodstox-core/5.0.3/woodstox-core-5.0.3.jar:/root/.m2/repository/dnsjava/dnsjava/2.1.7/dnsjava-2.1.7.jar:/root/.m2/repository/org/apache/hadoop/hadoop-hdfs/3.2.0/hadoop-hdfs-3.2.0-tests.jar:/root/.m2/repository/org/eclipse/jetty/jetty-util-ajax/9.3.24.v20180605/jetty-util-ajax-9.3.24.v20180605.jar:/root/.m2/repository/commons-daemon/commons-daemon/1.0.13/commons-daemon-1.0.13.jar:/root/.m2/repository/io/netty/netty/3.10.5.Final/netty-3.10.5.Final.jar:/root/.m2/repository/io/netty/netty-all/4.0.52.Final/netty-all-4.0.52.Final.jar:/root/.m2/repository/org/fusesource/leveldbjni/leveldbjni-all/1.8/leveldbjni-all-1.8.jar:"/>
    <property name="java.vm.vendor" value="IcedTea"/>
    <property name="sun.arch.data.model" value="64"/>
    <property name="test.build.dir" value="/opt/src/hadoop-ozone/integration-test/target/test-dir"/>
    <property name="test.cache.data" value=""/>
    <property name="java.vendor.url" value="https://icedtea.classpath.org"/>
    <property name="user.timezone" value=""/>
    <property name="java.vm.specification.version" value="1.8"/>
    <property name="os.name" value="Linux"/>
    <property name="test.build.data" value="/opt/src/hadoop-ozone/integration-test/target/test-dir"/>
    <property name="user.country" value="US"/>
    <property name="sun.java.launcher" value="SUN_STANDARD"/>
    <property name="sun.boot.library.path" value="/usr/lib/jvm/java-1.8-openjdk/jre/lib/amd64"/>
    <property name="sun.java.command" value="/opt/src/hadoop-ozone/integration-test/target/surefire/surefirebooter76893721268626947.jar /opt/src/hadoop-ozone/integration-test/target/surefire 2019-06-14T00-41-54_491-jvmRun1 surefire7066145058395706707tmp surefire_81319891878087985226tmp"/>
    <property name="surefire.test.class.path" value="/opt/src/hadoop-ozone/integration-test/target/test-classes:/opt/src/hadoop-ozone/integration-test/target/classes:/root/.m2/repository/org/apache/hadoop/hadoop-ozone-common/0.5.0-SNAPSHOT/hadoop-ozone-common-0.5.0-SNAPSHOT.jar:/root/.m2/repository/org/apache/commons/commons-compress/1.4.1/commons-compress-1.4.1.jar:/root/.m2/repository/org/tukaani/xz/1.0/xz-1.0.jar:/root/.m2/repository/org/apache/hadoop/hadoop-common/3.2.0/hadoop-common-3.2.0.jar:/root/.m2/repository/org/apache/hadoop/hadoop-hdfs/3.2.0/hadoop-hdfs-3.2.0.jar:/root/.m2/repository/org/apache/hadoop/hadoop-hdfs-client/3.2.0/hadoop-hdfs-client-3.2.0.jar:/root/.m2/repository/com/fasterxml/jackson/core/jackson-annotations/2.9.5/jackson-annotations-2.9.5.jar:/root/.m2/repository/org/apache/hadoop/hadoop-hdds-common/0.5.0-SNAPSHOT/hadoop-hdds-common-0.5.0-SNAPSHOT.jar:/root/.m2/repository/javax/annotation/javax.annotation-api/1.2/javax.annotation-api-1.2.jar:/root/.m2/repository/org/apache/ratis/ratis-server/0.4.0-fe2b15d-SNAPSHOT/ratis-server-0.4.0-fe2b15d-SNAPSHOT.jar:/root/.m2/repository/org/apache/ratis/ratis-thirdparty-misc/0.2.0/ratis-thirdparty-misc-0.2.0.jar:/root/.m2/repository/org/apache/ratis/ratis-proto/0.4.0-fe2b15d-SNAPSHOT/ratis-proto-0.4.0-fe2b15d-SNAPSHOT.jar:/root/.m2/repository/org/apache/ratis/ratis-common/0.4.0-fe2b15d-SNAPSHOT/ratis-common-0.4.0-fe2b15d-SNAPSHOT.jar:/root/.m2/repository/org/apache/ratis/ratis-client/0.4.0-fe2b15d-SNAPSHOT/ratis-client-0.4.0-fe2b15d-SNAPSHOT.jar:/root/.m2/repository/org/apache/ratis/ratis-netty/0.4.0-fe2b15d-SNAPSHOT/ratis-netty-0.4.0-fe2b15d-SNAPSHOT.jar:/root/.m2/repository/org/apache/ratis/ratis-grpc/0.4.0-fe2b15d-SNAPSHOT/ratis-grpc-0.4.0-fe2b15d-SNAPSHOT.jar:/root/.m2/repository/org/rocksdb/rocksdbjni/5.14.2/rocksdbjni-5.14.2.jar:/root/.m2/repository/org/apache/logging/log4j/log4j-api/2.11.0/log4j-api-2.11.0.jar:/root/.m2/repository/org/apache/logging/log4j/log4j-core/2.11.0/log4j-core-2.11.0.jar:/root/.m2/repository/com/lmax/disruptor/3.4.2/disruptor-3.4.2.jar:/root/.m2/repository/org/apache/commons/commons-pool2/2.6.0/commons-pool2-2.6.0.jar:/root/.m2/repository/org/bouncycastle/bcpkix-jdk15on/1.60/bcpkix-jdk15on-1.60.jar:/root/.m2/repository/commons-validator/commons-validator/1.6/commons-validator-1.6.jar:/root/.m2/repository/commons-digester/commons-digester/1.8.1/commons-digester-1.8.1.jar:/root/.m2/repository/io/jaegertracing/jaeger-client/0.33.1/jaeger-client-0.33.1.jar:/root/.m2/repository/io/jaegertracing/jaeger-thrift/0.33.1/jaeger-thrift-0.33.1.jar:/root/.m2/repository/org/apache/thrift/libthrift/0.11.0/libthrift-0.11.0.jar:/root/.m2/repository/com/squareup/okhttp3/okhttp/3.9.0/okhttp-3.9.0.jar:/root/.m2/repository/com/squareup/okio/okio/1.13.0/okio-1.13.0.jar:/root/.m2/repository/io/jaegertracing/jaeger-core/0.33.1/jaeger-core-0.33.1.jar:/root/.m2/repository/io/jaegertracing/jaeger-tracerresolver/0.33.1/jaeger-tracerresolver-0.33.1.jar:/root/.m2/repository/io/opentracing/contrib/opentracing-tracerresolver/0.1.5/opentracing-tracerresolver-0.1.5.jar:/root/.m2/repository/io/opentracing/opentracing-util/0.31.0/opentracing-util-0.31.0.jar:/root/.m2/repository/io/opentracing/opentracing-api/0.31.0/opentracing-api-0.31.0.jar:/root/.m2/repository/io/opentracing/opentracing-noop/0.31.0/opentracing-noop-0.31.0.jar:/root/.m2/repository/org/apache/hadoop/hadoop-hdds-server-framework/0.5.0-SNAPSHOT/hadoop-hdds-server-framework-0.5.0-SNAPSHOT.jar:/root/.m2/repository/org/apache/hadoop/hadoop-hdds-server-scm/0.5.0-SNAPSHOT/hadoop-hdds-server-scm-0.5.0-SNAPSHOT.jar:/root/.m2/repository/org/apache/hadoop/hadoop-hdds-container-service/0.5.0-SNAPSHOT/hadoop-hdds-container-service-0.5.0-SNAPSHOT.jar:/root/.m2/repository/org/apache/hadoop/hadoop-hdds-client/0.5.0-SNAPSHOT/hadoop-hdds-client-0.5.0-SNAPSHOT.jar:/root/.m2/repository/org/apache/hadoop/hadoop-hdds-tools/0.5.0-SNAPSHOT/hadoop-hdds-tools-0.5.0-SNAPSHOT.jar:/root/.m2/repository/org/apache/hadoop/hadoop-ozone-ozone-manager/0.5.0-SNAPSHOT/hadoop-ozone-ozone-manager-0.5.0-SNAPSHOT.jar:/root/.m2/repository/org/apache/hadoop/hadoop-hdds-docs/0.5.0-SNAPSHOT/hadoop-hdds-docs-0.5.0-SNAPSHOT.jar:/root/.m2/repository/org/bouncycastle/bcprov-jdk15on/1.60/bcprov-jdk15on-1.60.jar:/root/.m2/repository/org/apache/hadoop/hadoop-minikdc/3.2.0/hadoop-minikdc-3.2.0.jar:/root/.m2/repository/commons-io/commons-io/2.5/commons-io-2.5.jar:/root/.m2/repository/org/apache/kerby/kerb-simplekdc/1.0.1/kerb-simplekdc-1.0.1.jar:/root/.m2/repository/org/apache/kerby/kerb-client/1.0.1/kerb-client-1.0.1.jar:/root/.m2/repository/org/apache/kerby/kerby-config/1.0.1/kerby-config-1.0.1.jar:/root/.m2/repository/org/apache/kerby/kerb-core/1.0.1/kerb-core-1.0.1.jar:/root/.m2/repository/org/apache/kerby/kerby-pkix/1.0.1/kerby-pkix-1.0.1.jar:/root/.m2/repository/org/apache/kerby/kerby-asn1/1.0.1/kerby-asn1-1.0.1.jar:/root/.m2/repository/org/apache/kerby/kerby-util/1.0.1/kerby-util-1.0.1.jar:/root/.m2/repository/org/apache/kerby/kerb-common/1.0.1/kerb-common-1.0.1.jar:/root/.m2/repository/org/apache/kerby/kerb-crypto/1.0.1/kerb-crypto-1.0.1.jar:/root/.m2/repository/org/apache/kerby/kerb-util/1.0.1/kerb-util-1.0.1.jar:/root/.m2/repository/org/apache/kerby/token-provider/1.0.1/token-provider-1.0.1.jar:/root/.m2/repository/org/apache/kerby/kerb-admin/1.0.1/kerb-admin-1.0.1.jar:/root/.m2/repository/org/apache/kerby/kerb-server/1.0.1/kerb-server-1.0.1.jar:/root/.m2/repository/org/apache/kerby/kerb-identity/1.0.1/kerb-identity-1.0.1.jar:/root/.m2/repository/org/apache/kerby/kerby-xdr/1.0.1/kerby-xdr-1.0.1.jar:/root/.m2/repository/org/slf4j/slf4j-log4j12/1.7.25/slf4j-log4j12-1.7.25.jar:/root/.m2/repository/org/apache/hadoop/hadoop-ozone-objectstore-service/0.5.0-SNAPSHOT/hadoop-ozone-objectstore-service-0.5.0-SNAPSHOT.jar:/root/.m2/repository/org/apache/hadoop/hadoop-ozone-s3gateway/0.5.0-SNAPSHOT/hadoop-ozone-s3gateway-0.5.0-SNAPSHOT.jar:/root/.m2/repository/org/jboss/weld/servlet/weld-servlet/2.4.7.Final/weld-servlet-2.4.7.Final.jar:/root/.m2/repository/org/glassfish/jersey/containers/jersey-container-servlet-core/2.27/jersey-container-servlet-core-2.27.jar:/root/.m2/repository/org/glassfish/hk2/external/javax.inject/2.5.0-b42/javax.inject-2.5.0-b42.jar:/root/.m2/repository/org/glassfish/jersey/core/jersey-common/2.27/jersey-common-2.27.jar:/root/.m2/repository/org/glassfish/hk2/osgi-resource-locator/1.0.1/osgi-resource-locator-1.0.1.jar:/root/.m2/repository/javax/ws/rs/javax.ws.rs-api/2.1/javax.ws.rs-api-2.1.jar:/root/.m2/repository/org/glassfish/jersey/ext/cdi/jersey-cdi1x/2.27/jersey-cdi1x-2.27.jar:/root/.m2/repository/org/glassfish/jersey/inject/jersey-hk2/2.27/jersey-hk2-2.27.jar:/root/.m2/repository/org/glassfish/hk2/hk2-locator/2.5.0-b42/hk2-locator-2.5.0-b42.jar:/root/.m2/repository/org/javassist/javassist/3.22.0-CR2/javassist-3.22.0-CR2.jar:/root/.m2/repository/org/glassfish/hk2/hk2-api/2.5.0/hk2-api-2.5.0.jar:/root/.m2/repository/org/glassfish/hk2/external/jakarta.inject/2.5.0/jakarta.inject-2.5.0.jar:/root/.m2/repository/org/glassfish/hk2/hk2-utils/2.5.0/hk2-utils-2.5.0.jar:/root/.m2/repository/jakarta/annotation/jakarta.annotation-api/1.3.4/jakarta.annotation-api-1.3.4.jar:/root/.m2/repository/org/glassfish/hk2/external/aopalliance-repackaged/2.5.0/aopalliance-repackaged-2.5.0.jar:/root/.m2/repository/com/fasterxml/jackson/dataformat/jackson-dataformat-xml/2.9.0/jackson-dataformat-xml-2.9.0.jar:/root/.m2/repository/com/fasterxml/jackson/core/jackson-core/2.9.5/jackson-core-2.9.5.jar:/root/.m2/repository/com/fasterxml/jackson/module/jackson-module-jaxb-annotations/2.9.5/jackson-module-jaxb-annotations-2.9.5.jar:/root/.m2/repository/javax/enterprise/cdi-api/1.2/cdi-api-1.2.jar:/root/.m2/repository/javax/el/javax.el-api/3.0.0/javax.el-api-3.0.0.jar:/root/.m2/repository/javax/interceptor/javax.interceptor-api/1.2/javax.interceptor-api-1.2.jar:/root/.m2/repository/javax/inject/javax.inject/1/javax.inject-1.jar:/root/.m2/repository/com/sun/xml/bind/jaxb-impl/2.3.0.1/jaxb-impl-2.3.0.1.jar:/root/.m2/repository/com/sun/xml/bind/jaxb-core/2.3.0.1/jaxb-core-2.3.0.1.jar:/root/.m2/repository/javax/xml/bind/jaxb-api/2.3.0/jaxb-api-2.3.0.jar:/root/.m2/repository/javax/activation/activation/1.1.1/activation-1.1.1.jar:/root/.m2/repository/org/apache/hadoop/hadoop-ozone-csi/0.5.0-SNAPSHOT/hadoop-ozone-csi-0.5.0-SNAPSHOT.jar:/root/.m2/repository/com/google/protobuf/protobuf-java-util/3.5.1/protobuf-java-util-3.5.1.jar:/root/.m2/repository/org/apache/hadoop/hadoop-hdds-config/0.5.0-SNAPSHOT/hadoop-hdds-config-0.5.0-SNAPSHOT.jar:/root/.m2/repository/com/google/guava/guava/11.0.2/guava-11.0.2.jar:/root/.m2/repository/com/google/protobuf/protobuf-java/2.5.0/protobuf-java-2.5.0.jar:/root/.m2/repository/io/grpc/grpc-netty/1.17.1/grpc-netty-1.17.1.jar:/root/.m2/repository/io/grpc/grpc-core/1.17.1/grpc-core-1.17.1.jar:/root/.m2/repository/io/grpc/grpc-context/1.17.1/grpc-context-1.17.1.jar:/root/.m2/repository/com/google/errorprone/error_prone_annotations/2.2.0/error_prone_annotations-2.2.0.jar:/root/.m2/repository/org/codehaus/mojo/animal-sniffer-annotations/1.17/animal-sniffer-annotations-1.17.jar:/root/.m2/repository/io/opencensus/opencensus-api/0.17.0/opencensus-api-0.17.0.jar:/root/.m2/repository/io/opencensus/opencensus-contrib-grpc-metrics/0.17.0/opencensus-contrib-grpc-metrics-0.17.0.jar:/root/.m2/repository/io/netty/netty-codec-http2/4.1.30.Final/netty-codec-http2-4.1.30.Final.jar:/root/.m2/repository/io/netty/netty-codec-http/4.1.30.Final/netty-codec-http-4.1.30.Final.jar:/root/.m2/repository/io/netty/netty-codec/4.1.30.Final/netty-codec-4.1.30.Final.jar:/root/.m2/repository/io/netty/netty-handler/4.1.30.Final/netty-handler-4.1.30.Final.jar:/root/.m2/repository/io/netty/netty-handler-proxy/4.1.30.Final/netty-handler-proxy-4.1.30.Final.jar:/root/.m2/repository/io/netty/netty-codec-socks/4.1.30.Final/netty-codec-socks-4.1.30.Final.jar:/root/.m2/repository/io/netty/netty-transport-native-epoll/4.1.30.Final/netty-transport-native-epoll-4.1.30.Final.jar:/root/.m2/repository/io/netty/netty-common/4.1.30.Final/netty-common-4.1.30.Final.jar:/root/.m2/repository/io/netty/netty-buffer/4.1.30.Final/netty-buffer-4.1.30.Final.jar:/root/.m2/repository/io/netty/netty-transport/4.1.30.Final/netty-transport-4.1.30.Final.jar:/root/.m2/repository/io/netty/netty-resolver/4.1.30.Final/netty-resolver-4.1.30.Final.jar:/root/.m2/repository/io/netty/netty-transport-native-unix-common/4.1.30.Final/netty-transport-native-unix-common-4.1.30.Final.jar:/root/.m2/repository/io/grpc/grpc-protobuf/1.17.1/grpc-protobuf-1.17.1.jar:/root/.m2/repository/com/google/api/grpc/proto-google-common-protos/1.0.0/proto-google-common-protos-1.0.0.jar:/root/.m2/repository/io/grpc/grpc-protobuf-lite/1.17.1/grpc-protobuf-lite-1.17.1.jar:/root/.m2/repository/io/grpc/grpc-stub/1.17.1/grpc-stub-1.17.1.jar:/root/.m2/repository/org/apache/hadoop/hadoop-ozone-recon/0.5.0-SNAPSHOT/hadoop-ozone-recon-0.5.0-SNAPSHOT.jar:/root/.m2/repository/org/apache/hadoop/hadoop-ozone-reconcodegen/0.5.0-SNAPSHOT/hadoop-ozone-reconcodegen-0.5.0-SNAPSHOT.jar:/root/.m2/repository/com/google/inject/extensions/guice-multibindings/4.0/guice-multibindings-4.0.jar:/root/.m2/repository/com/google/inject/guice/4.0/guice-4.0.jar:/root/.m2/repository/aopalliance/aopalliance/1.0/aopalliance-1.0.jar:/root/.m2/repository/com/google/inject/extensions/guice-servlet/4.0/guice-servlet-4.0.jar:/root/.m2/repository/org/glassfish/jersey/containers/jersey-container-servlet/2.27/jersey-container-servlet-2.27.jar:/root/.m2/repository/org/glassfish/hk2/guice-bridge/2.5.0/guice-bridge-2.5.0.jar:/root/.m2/repository/org/glassfish/jersey/core/jersey-server/2.27/jersey-server-2.27.jar:/root/.m2/repository/org/glassfish/jersey/core/jersey-client/2.27/jersey-client-2.27.jar:/root/.m2/repository/org/glassfish/jersey/media/jersey-media-jaxb/2.27/jersey-media-jaxb-2.27.jar:/root/.m2/repository/javax/validation/validation-api/1.1.0.Final/validation-api-1.1.0.Final.jar:/root/.m2/repository/org/glassfish/jersey/media/jersey-media-json-jackson/2.27/jersey-media-json-jackson-2.27.jar:/root/.m2/repository/org/glassfish/jersey/ext/jersey-entity-filtering/2.27/jersey-entity-filtering-2.27.jar:/root/.m2/repository/com/google/inject/extensions/guice-assistedinject/4.0/guice-assistedinject-4.0.jar:/root/.m2/repository/org/jooq/jooq/3.11.10/jooq-3.11.10.jar:/root/.m2/repository/org/jooq/jooq-meta/3.11.10/jooq-meta-3.11.10.jar:/root/.m2/repository/org/jooq/jooq-codegen/3.11.10/jooq-codegen-3.11.10.jar:/root/.m2/repository/com/jolbox/bonecp/0.8.0.RELEASE/bonecp-0.8.0.RELEASE.jar:/root/.m2/repository/org/xerial/sqlite-jdbc/3.25.2/sqlite-jdbc-3.25.2.jar:/root/.m2/repository/org/springframework/spring-jdbc/5.1.3.RELEASE/spring-jdbc-5.1.3.RELEASE.jar:/root/.m2/repository/org/springframework/spring-beans/5.1.3.RELEASE/spring-beans-5.1.3.RELEASE.jar:/root/.m2/repository/org/springframework/spring-core/5.1.3.RELEASE/spring-core-5.1.3.RELEASE.jar:/root/.m2/repository/org/springframework/spring-jcl/5.1.3.RELEASE/spring-jcl-5.1.3.RELEASE.jar:/root/.m2/repository/org/springframework/spring-tx/5.1.3.RELEASE/spring-tx-5.1.3.RELEASE.jar:/root/.m2/repository/org/apache/hadoop/hadoop-ozone-client/0.5.0-SNAPSHOT/hadoop-ozone-client-0.5.0-SNAPSHOT.jar:/root/.m2/repository/org/apache/hadoop/hadoop-ozone-ozone-manager/0.5.0-SNAPSHOT/hadoop-ozone-ozone-manager-0.5.0-SNAPSHOT-tests.jar:/root/.m2/repository/junit/junit/4.11/junit-4.11.jar:/root/.m2/repository/org/hamcrest/hamcrest-core/1.3/hamcrest-core-1.3.jar:/root/.m2/repository/org/openjdk/jmh/jmh-core/1.19/jmh-core-1.19.jar:/root/.m2/repository/net/sf/jopt-simple/jopt-simple/4.6/jopt-simple-4.6.jar:/root/.m2/repository/org/apache/commons/commons-math3/3.1.1/commons-math3-3.1.1.jar:/root/.m2/repository/org/openjdk/jmh/jmh-generator-annprocess/1.19/jmh-generator-annprocess-1.19.jar:/root/.m2/repository/org/mockito/mockito-all/1.8.5/mockito-all-1.8.5.jar:/root/.m2/repository/org/apache/hadoop/hadoop-kms/3.2.0/hadoop-kms-3.2.0.jar:/root/.m2/repository/org/apache/hadoop/hadoop-auth/3.2.0/hadoop-auth-3.2.0.jar:/root/.m2/repository/com/nimbusds/nimbus-jose-jwt/4.41.1/nimbus-jose-jwt-4.41.1.jar:/root/.m2/repository/com/github/stephenc/jcip/jcip-annotations/1.0-1/jcip-annotations-1.0-1.jar:/root/.m2/repository/net/minidev/json-smart/2.3/json-smart-2.3.jar:/root/.m2/repository/net/minidev/accessors-smart/1.2/accessors-smart-1.2.jar:/root/.m2/repository/org/ow2/asm/asm/5.0.4/asm-5.0.4.jar:/root/.m2/repository/org/apache/curator/curator-framework/2.12.0/curator-framework-2.12.0.jar:/root/.m2/repository/com/sun/jersey/jersey-core/1.19/jersey-core-1.19.jar:/root/.m2/repository/javax/ws/rs/jsr311-api/1.1.1/jsr311-api-1.1.1.jar:/root/.m2/repository/com/sun/jersey/jersey-server/1.19/jersey-server-1.19.jar:/root/.m2/repository/javax/servlet/javax.servlet-api/3.1.0/javax.servlet-api-3.1.0.jar:/root/.m2/repository/org/eclipse/jetty/jetty-server/9.3.24.v20180605/jetty-server-9.3.24.v20180605.jar:/root/.m2/repository/org/eclipse/jetty/jetty-http/9.3.24.v20180605/jetty-http-9.3.24.v20180605.jar:/root/.m2/repository/org/eclipse/jetty/jetty-io/9.3.24.v20180605/jetty-io-9.3.24.v20180605.jar:/root/.m2/repository/org/eclipse/jetty/jetty-webapp/9.3.24.v20180605/jetty-webapp-9.3.24.v20180605.jar:/root/.m2/repository/org/eclipse/jetty/jetty-xml/9.3.24.v20180605/jetty-xml-9.3.24.v20180605.jar:/root/.m2/repository/log4j/log4j/1.2.17/log4j-1.2.17.jar:/root/.m2/repository/org/slf4j/slf4j-api/1.7.25/slf4j-api-1.7.25.jar:/root/.m2/repository/org/slf4j/jul-to-slf4j/1.7.25/jul-to-slf4j-1.7.25.jar:/root/.m2/repository/org/eclipse/jetty/jetty-util/9.3.24.v20180605/jetty-util-9.3.24.v20180605.jar:/root/.m2/repository/io/dropwizard/metrics/metrics-core/3.2.4/metrics-core-3.2.4.jar:/root/.m2/repository/com/fasterxml/jackson/core/jackson-databind/2.9.5/jackson-databind-2.9.5.jar:/root/.m2/repository/org/apache/hadoop/hadoop-kms/3.2.0/hadoop-kms-3.2.0-tests.jar:/root/.m2/repository/org/apache/hadoop/hadoop-hdds-server-scm/0.5.0-SNAPSHOT/hadoop-hdds-server-scm-0.5.0-SNAPSHOT-tests.jar:/root/.m2/repository/org/hamcrest/hamcrest-all/1.3/hamcrest-all-1.3.jar:/root/.m2/repository/info/picocli/picocli/3.9.6/picocli-3.9.6.jar:/root/.m2/repository/org/apache/hadoop/hadoop-hdds-container-service/0.5.0-SNAPSHOT/hadoop-hdds-container-service-0.5.0-SNAPSHOT-tests.jar:/root/.m2/repository/org/yaml/snakeyaml/1.16/snakeyaml-1.16.jar:/root/.m2/repository/org/apache/hadoop/hadoop-common/3.2.0/hadoop-common-3.2.0-tests.jar:/root/.m2/repository/org/apache/hadoop/hadoop-annotations/3.2.0/hadoop-annotations-3.2.0.jar:/usr/lib/jvm/java-1.8-openjdk/jre/../lib/tools.jar:/root/.m2/repository/commons-cli/commons-cli/1.2/commons-cli-1.2.jar:/root/.m2/repository/org/apache/httpcomponents/httpclient/4.5.2/httpclient-4.5.2.jar:/root/.m2/repository/org/apache/httpcomponents/httpcore/4.4.4/httpcore-4.4.4.jar:/root/.m2/repository/commons-codec/commons-codec/1.11/commons-codec-1.11.jar:/root/.m2/repository/commons-net/commons-net/3.6/commons-net-3.6.jar:/root/.m2/repository/commons-collections/commons-collections/3.2.2/commons-collections-3.2.2.jar:/root/.m2/repository/org/eclipse/jetty/jetty-servlet/9.3.24.v20180605/jetty-servlet-9.3.24.v20180605.jar:/root/.m2/repository/org/eclipse/jetty/jetty-security/9.3.24.v20180605/jetty-security-9.3.24.v20180605.jar:/root/.m2/repository/javax/servlet/jsp/jsp-api/2.1/jsp-api-2.1.jar:/root/.m2/repository/com/sun/jersey/jersey-servlet/1.19/jersey-servlet-1.19.jar:/root/.m2/repository/com/sun/jersey/jersey-json/1.19/jersey-json-1.19.jar:/root/.m2/repository/org/codehaus/jettison/jettison/1.1/jettison-1.1.jar:/root/.m2/repository/org/codehaus/jackson/jackson-core-asl/1.9.13/jackson-core-asl-1.9.13.jar:/root/.m2/repository/org/codehaus/jackson/jackson-mapper-asl/1.9.13/jackson-mapper-asl-1.9.13.jar:/root/.m2/repository/org/codehaus/jackson/jackson-jaxrs/1.9.13/jackson-jaxrs-1.9.13.jar:/root/.m2/repository/org/codehaus/jackson/jackson-xc/1.9.13/jackson-xc-1.9.13.jar:/root/.m2/repository/commons-logging/commons-logging/1.1.3/commons-logging-1.1.3.jar:/root/.m2/repository/commons-beanutils/commons-beanutils/1.9.3/commons-beanutils-1.9.3.jar:/root/.m2/repository/org/apache/commons/commons-configuration2/2.1.1/commons-configuration2-2.1.1.jar:/root/.m2/repository/org/apache/commons/commons-lang3/3.7/commons-lang3-3.7.jar:/root/.m2/repository/org/apache/commons/commons-text/1.4/commons-text-1.4.jar:/root/.m2/repository/org/apache/avro/avro/1.7.7/avro-1.7.7.jar:/root/.m2/repository/com/thoughtworks/paranamer/paranamer/2.3/paranamer-2.3.jar:/root/.m2/repository/org/xerial/snappy/snappy-java/1.0.5/snappy-java-1.0.5.jar:/root/.m2/repository/com/google/re2j/re2j/1.1/re2j-1.1.jar:/root/.m2/repository/com/google/code/gson/gson/2.2.4/gson-2.2.4.jar:/root/.m2/repository/com/jcraft/jsch/0.1.54/jsch-0.1.54.jar:/root/.m2/repository/org/apache/curator/curator-client/2.12.0/curator-client-2.12.0.jar:/root/.m2/repository/org/apache/curator/curator-recipes/2.12.0/curator-recipes-2.12.0.jar:/root/.m2/repository/com/google/code/findbugs/jsr305/3.0.0/jsr305-3.0.0.jar:/root/.m2/repository/org/apache/htrace/htrace-core4/4.1.0-incubating/htrace-core4-4.1.0-incubating.jar:/root/.m2/repository/org/apache/zookeeper/zookeeper/3.4.13/zookeeper-3.4.13.jar:/root/.m2/repository/org/apache/yetus/audience-annotations/0.5.0/audience-annotations-0.5.0.jar:/root/.m2/repository/org/codehaus/woodstox/stax2-api/3.1.4/stax2-api-3.1.4.jar:/root/.m2/repository/com/fasterxml/woodstox/woodstox-core/5.0.3/woodstox-core-5.0.3.jar:/root/.m2/repository/dnsjava/dnsjava/2.1.7/dnsjava-2.1.7.jar:/root/.m2/repository/org/apache/hadoop/hadoop-hdfs/3.2.0/hadoop-hdfs-3.2.0-tests.jar:/root/.m2/repository/org/eclipse/jetty/jetty-util-ajax/9.3.24.v20180605/jetty-util-ajax-9.3.24.v20180605.jar:/root/.m2/repository/commons-daemon/commons-daemon/1.0.13/commons-daemon-1.0.13.jar:/root/.m2/repository/io/netty/netty/3.10.5.Final/netty-3.10.5.Final.jar:/root/.m2/repository/io/netty/netty-all/4.0.52.Final/netty-all-4.0.52.Final.jar:/root/.m2/repository/org/fusesource/leveldbjni/leveldbjni-all/1.8/leveldbjni-all-1.8.jar:"/>
    <property name="sun.cpu.endian" value="little"/>
    <property name="user.home" value="/root"/>
    <property name="user.language" value="en"/>
    <property name="java.specification.vendor" value="Oracle Corporation"/>
    <property name="java.home" value="/usr/lib/jvm/java-1.8-openjdk/jre"/>
    <property name="java.security.krb5.conf" value="/opt/src/hadoop-ozone/integration-test/target/test-classes/krb5.conf"/>
    <property name="basedir" value="/opt/src/hadoop-ozone/integration-test"/>
    <property name="file.separator" value="/"/>
    <property name="line.separator" value="&#10;"/>
    <property name="java.vm.specification.vendor" value="Oracle Corporation"/>
    <property name="java.specification.name" value="Java Platform API Specification"/>
    <property name="java.awt.graphicsenv" value="sun.awt.X11GraphicsEnvironment"/>
    <property name="surefire.real.class.path" value="/opt/src/hadoop-ozone/integration-test/target/surefire/surefirebooter76893721268626947.jar"/>
    <property name="hadoop.log.dir" value="/opt/src/hadoop-ozone/integration-test/target/log"/>
    <property name="sun.boot.class.path" value="/usr/lib/jvm/java-1.8-openjdk/jre/lib/resources.jar:/usr/lib/jvm/java-1.8-openjdk/jre/lib/rt.jar:/usr/lib/jvm/java-1.8-openjdk/jre/lib/sunrsasign.jar:/usr/lib/jvm/java-1.8-openjdk/jre/lib/jsse.jar:/usr/lib/jvm/java-1.8-openjdk/jre/lib/jce.jar:/usr/lib/jvm/java-1.8-openjdk/jre/lib/charsets.jar:/usr/lib/jvm/java-1.8-openjdk/jre/lib/jfr.jar:/usr/lib/jvm/java-1.8-openjdk/jre/classes"/>
    <property name="sun.management.compiler" value="HotSpot 64-Bit Tiered Compilers"/>
    <property name="java.runtime.version" value="1.8.0_212-b04"/>
    <property name="java.net.preferIPv4Stack" value="true"/>
    <property name="user.name" value="root"/>
    <property name="path.separator" value=":"/>
    <property name="java.security.egd" value="file:///dev/urandom"/>
    <property name="os.version" value="4.15.0-1021-aws"/>
    <property name="java.endorsed.dirs" value="/usr/lib/jvm/java-1.8-openjdk/jre/lib/endorsed"/>
    <property name="java.runtime.name" value="OpenJDK Runtime Environment"/>
    <property name="file.encoding" value="UTF-8"/>
    <property name="java.vm.name" value="OpenJDK 64-Bit Server VM"/>
    <property name="test.build.webapps" value=""/>
    <property name="localRepository" value="/root/.m2/repository"/>
    <property name="java.vendor.url.bug" value="https://icedtea.classpath.org/bugzilla"/>
    <property name="java.io.tmpdir" value="/tmp"/>
    <property name="require.test.libhadoop" value=""/>
    <property name="java.version" value="1.8.0_212"/>
    <property name="user.dir" value="/opt/src/hadoop-ozone/integration-test"/>
    <property name="os.arch" value="amd64"/>
    <property name="java.vm.specification.name" value="Java Virtual Machine Specification"/>
    <property name="test.build.classes" value="/opt/src/hadoop-ozone/integration-test/target/test-classes"/>
    <property name="java.awt.printerjob" value="sun.print.PSPrinterJob"/>
    <property name="sun.os.patch.level" value="unknown"/>
    <property name="hadoop.tmp.dir" value="/opt/src/hadoop-ozone/integration-test/target/tmp"/>
    <property name="java.library.path" value="/usr/lib/jvm/java-1.8-openjdk/jre/lib/amd64/server:/usr/lib/jvm/java-1.8-openjdk/jre/lib/amd64:/usr/lib/jvm/java-1.8-openjdk/jre/../lib/amd64:/opt/src/hadoop-ozone/integration-test/target/native/target/usr/local/lib:/opt/src/hadoop-ozone/integration-test/../../hadoop-common-project/hadoop-common/target/native/target/usr/local/lib:/usr/java/packages/lib/amd64:/usr/lib64:/lib64:/lib:/usr/lib"/>
    <property name="java.vm.info" value="mixed mode"/>
    <property name="java.vendor" value="IcedTea"/>
    <property name="java.vm.version" value="25.212-b04"/>
    <property name="java.ext.dirs" value="/usr/lib/jvm/java-1.8-openjdk/jre/lib/ext:/usr/java/packages/lib/ext"/>
    <property name="sun.io.unicode.encoding" value="UnicodeLittle"/>
    <property name="java.class.version" value="52.0"/>
  </properties>
  <testcase name="testPipelineFail" classname="org.apache.hadoop.hdds.scm.pipeline.TestNodeFailure" time="0">
    <skipped/>
    <system-out><![CDATA[2019-06-14 00:45:35,237 WARN  server.ServerUtils (ServerUtils.java:getScmDbDir(145)) - ozone.scm.db.dirs is not configured. We recommend adding this setting. Falling back to ozone.metadata.dirs instead.
2019-06-14 00:45:35,307 WARN  server.ServerUtils (ServerUtils.java:getScmDbDir(145)) - ozone.scm.db.dirs is not configured. We recommend adding this setting. Falling back to ozone.metadata.dirs instead.
2019-06-14 00:45:35,309 WARN  server.ServerUtils (ServerUtils.java:getScmDbDir(145)) - ozone.scm.db.dirs is not configured. We recommend adding this setting. Falling back to ozone.metadata.dirs instead.
2019-06-14 00:45:35,323 INFO  util.log (Log.java:initialized(192)) - Logging initialized @751ms
2019-06-14 00:45:35,402 INFO  db.DBStoreBuilder (DBStoreBuilder.java:addTable(110)) - using custom profile for table: deletedBlocks
2019-06-14 00:45:35,402 INFO  db.DBStoreBuilder (DBStoreBuilder.java:processTables(161)) - Using default column profile:DBProfile.DISK for Table:deletedBlocks
2019-06-14 00:45:35,403 INFO  db.DBStoreBuilder (DBStoreBuilder.java:addTable(110)) - using custom profile for table: validCerts
2019-06-14 00:45:35,403 INFO  db.DBStoreBuilder (DBStoreBuilder.java:processTables(161)) - Using default column profile:DBProfile.DISK for Table:validCerts
2019-06-14 00:45:35,403 INFO  db.DBStoreBuilder (DBStoreBuilder.java:addTable(110)) - using custom profile for table: revokedCerts
2019-06-14 00:45:35,403 INFO  db.DBStoreBuilder (DBStoreBuilder.java:processTables(161)) - Using default column profile:DBProfile.DISK for Table:revokedCerts
2019-06-14 00:45:35,413 INFO  db.DBStoreBuilder (DBStoreBuilder.java:addTable(110)) - using custom profile for table: default
2019-06-14 00:45:35,413 INFO  db.DBStoreBuilder (DBStoreBuilder.java:processTables(167)) - Using default column profile:DBProfile.DISK for Table:default
2019-06-14 00:45:35,414 INFO  db.DBStoreBuilder (DBStoreBuilder.java:getDbProfile(198)) - Using default options. DBProfile.DISK
2019-06-14 00:45:35,480 INFO  node.SCMNodeManager (SCMNodeManager.java:<init>(108)) - Entering startup safe mode.
2019-06-14 00:45:35,531 INFO  net.NodeSchemaLoader (NodeSchemaLoader.java:loadSchemaFromFile(125)) - Loading file from sun.misc.CompoundEnumeration@443118b0
2019-06-14 00:45:35,533 INFO  net.NodeSchemaLoader (NodeSchemaLoader.java:loadSchema(171)) - Loading network topology layer schema file
2019-06-14 00:45:35,584 WARN  server.ServerUtils (ServerUtils.java:getScmDbDir(145)) - ozone.scm.db.dirs is not configured. We recommend adding this setting. Falling back to ozone.metadata.dirs instead.
2019-06-14 00:45:35,605 INFO  pipeline.SCMPipelineManager (SCMPipelineManager.java:initializePipelineState(126)) - No pipeline exists in current db
2019-06-14 00:45:35,606 WARN  server.ServerUtils (ServerUtils.java:getScmDbDir(145)) - ozone.scm.db.dirs is not configured. We recommend adding this setting. Falling back to ozone.metadata.dirs instead.
2019-06-14 00:45:35,659 WARN  events.EventQueue (EventQueue.java:fireEvent(175)) - No event handler registered for event TypedEvent{payloadType=SafeModeStatus, name='SafeModeStatus'}
2019-06-14 00:45:35,944 INFO  ipc.CallQueueManager (CallQueueManager.java:<init>(84)) - Using callQueue: class java.util.concurrent.LinkedBlockingQueue, queueCapacity: 2000, scheduler: class org.apache.hadoop.ipc.DefaultRpcScheduler, ipcBackoff: false.
2019-06-14 00:45:35,965 INFO  ipc.Server (Server.java:run(1074)) - Starting Socket Reader #1 for port 45333
2019-06-14 00:45:35,983 INFO  ipc.CallQueueManager (CallQueueManager.java:<init>(84)) - Using callQueue: class java.util.concurrent.LinkedBlockingQueue, queueCapacity: 2000, scheduler: class org.apache.hadoop.ipc.DefaultRpcScheduler, ipcBackoff: false.
2019-06-14 00:45:35,983 INFO  ipc.Server (Server.java:run(1074)) - Starting Socket Reader #1 for port 41373
2019-06-14 00:45:35,989 INFO  ipc.CallQueueManager (CallQueueManager.java:<init>(84)) - Using callQueue: class java.util.concurrent.LinkedBlockingQueue, queueCapacity: 2000, scheduler: class org.apache.hadoop.ipc.DefaultRpcScheduler, ipcBackoff: false.
2019-06-14 00:45:36,020 INFO  ipc.Server (Server.java:run(1074)) - Starting Socket Reader #1 for port 40613
2019-06-14 00:45:36,068 INFO  hdfs.DFSUtil (DFSUtil.java:httpServerTemplateForNNAndJN(1641)) - Starting Web-server for scm at: http://0.0.0.0:0
2019-06-14 00:45:36,202 INFO  server.AuthenticationFilter (AuthenticationFilter.java:constructSecretProvider(240)) - Unable to initialize FileSignerSecretProvider, falling back to use random secrets.
2019-06-14 00:45:36,207 WARN  http.HttpRequestLog (HttpRequestLog.java:getRequestLog(97)) - Jetty request log can only be enabled using Log4j
2019-06-14 00:45:36,215 INFO  http.HttpServer2 (HttpServer2.java:addGlobalFilter(975)) - Added global filter 'safety' (class=org.apache.hadoop.http.HttpServer2$QuotingInputFilter)
2019-06-14 00:45:36,218 INFO  http.HttpServer2 (HttpServer2.java:addFilter(948)) - Added filter static_user_filter (class=org.apache.hadoop.http.lib.StaticUserWebFilter$StaticUserFilter) to context scm
2019-06-14 00:45:36,218 INFO  http.HttpServer2 (HttpServer2.java:addFilter(958)) - Added filter static_user_filter (class=org.apache.hadoop.http.lib.StaticUserWebFilter$StaticUserFilter) to context logs
2019-06-14 00:45:36,218 INFO  http.HttpServer2 (HttpServer2.java:addFilter(958)) - Added filter static_user_filter (class=org.apache.hadoop.http.lib.StaticUserWebFilter$StaticUserFilter) to context static
2019-06-14 00:45:36,238 INFO  server.StorageContainerManager (StorageContainerManager.java:start(752)) - StorageContainerLocationProtocol RPC server is listening at /0.0.0.0:40613
2019-06-14 00:45:36,283 WARN  impl.MetricsConfig (MetricsConfig.java:loadFirst(134)) - Cannot locate configuration: tried hadoop-metrics2-storagecontainermanager.properties,hadoop-metrics2.properties
2019-06-14 00:45:36,292 INFO  impl.MetricsSystemImpl (MetricsSystemImpl.java:startTimer(374)) - Scheduled Metric snapshot period at 10 second(s).
2019-06-14 00:45:36,292 INFO  impl.MetricsSystemImpl (MetricsSystemImpl.java:start(191)) - StorageContainerManager metrics system started
2019-06-14 00:45:36,449 INFO  server.SCMClientProtocolServer (SCMClientProtocolServer.java:start(149)) - RPC server for Client  is listening at /0.0.0.0:40613
2019-06-14 00:45:36,450 INFO  ipc.Server (Server.java:run(1314)) - IPC Server Responder: starting
2019-06-14 00:45:36,450 INFO  ipc.Server (Server.java:run(1153)) - IPC Server listener on 40613: starting
2019-06-14 00:45:36,452 INFO  server.StorageContainerManager (StorageContainerManager.java:start(761)) - ScmBlockLocationProtocol RPC server is listening at /0.0.0.0:41373
2019-06-14 00:45:36,453 INFO  server.SCMBlockProtocolServer (SCMBlockProtocolServer.java:start(137)) - RPC server for Block Protocol is listening at /0.0.0.0:41373
2019-06-14 00:45:36,453 INFO  ipc.Server (Server.java:run(1314)) - IPC Server Responder: starting
2019-06-14 00:45:36,453 INFO  ipc.Server (Server.java:run(1153)) - IPC Server listener on 41373: starting
2019-06-14 00:45:36,455 INFO  server.StorageContainerManager (StorageContainerManager.java:start(765)) - ScmDatanodeProtocl RPC server is listening at /0.0.0.0:45333
2019-06-14 00:45:36,455 INFO  server.SCMDatanodeProtocolServer (SCMDatanodeProtocolServer.java:start(191)) - RPC server for DataNodes is listening at /0.0.0.0:45333
2019-06-14 00:45:36,455 INFO  ipc.Server (Server.java:run(1314)) - IPC Server Responder: starting
2019-06-14 00:45:36,455 INFO  ipc.Server (Server.java:run(1153)) - IPC Server listener on 45333: starting
2019-06-14 00:45:36,458 INFO  http.HttpServer2 (HttpServer2.java:bindListener(1191)) - Jetty bound to port 41763
2019-06-14 00:45:36,459 INFO  server.Server (Server.java:doStart(351)) - jetty-9.3.24.v20180605, build timestamp: 2018-06-05T17:11:56Z, git hash: 84205aa28f11a4f31f2a3b86d1bba2cc8ab69827
2019-06-14 00:45:36,493 INFO  handler.ContextHandler (ContextHandler.java:doStart(781)) - Started o.e.j.s.ServletContextHandler@2df6226d{/logs,file:///opt/src/hadoop-ozone/integration-test/target/log,AVAILABLE}
2019-06-14 00:45:36,494 INFO  handler.ContextHandler (ContextHandler.java:doStart(781)) - Started o.e.j.s.ServletContextHandler@4ff4357f{/static,file:///opt/src/hadoop-ozone/integration-test/target/test-classes/webapps/static,AVAILABLE}
2019-06-14 00:45:36,528 INFO  handler.ContextHandler (ContextHandler.java:doStart(781)) - Started o.e.j.w.WebAppContext@2484f433{/,file:///opt/src/hadoop-ozone/integration-test/target/test-classes/webapps/scm/,AVAILABLE}{/scm}
2019-06-14 00:45:36,533 INFO  server.AbstractConnector (AbstractConnector.java:doStart(278)) - Started ServerConnector@841e575{HTTP/1.1,[http/1.1]}{0.0.0.0:41763}
2019-06-14 00:45:36,534 INFO  server.Server (Server.java:doStart(419)) - Started @1962ms
2019-06-14 00:45:36,535 INFO  server.BaseHttpServer (BaseHttpServer.java:updateConnectorAddress(207)) - HTTP server of SCM is listening at http://0.0.0.0:41763
2019-06-14 00:45:36,541 INFO  util.JvmPauseMonitor (JvmPauseMonitor.java:run(188)) - Starting JVM pause monitor
2019-06-14 00:45:36,544 WARN  scm.ScmUtils (ScmUtils.java:getDBPath(63)) - ozone.om.db.dirs is not configured. We recommend adding this setting. Falling back to ozone.metadata.dirs instead.
2019-06-14 00:45:36,621 WARN  scm.ScmUtils (ScmUtils.java:getDBPath(63)) - ozone.om.db.dirs is not configured. We recommend adding this setting. Falling back to ozone.metadata.dirs instead.
2019-06-14 00:45:36,622 INFO  om.OzoneManager (OzoneManager.java:setOMNodeDetails(519)) - OM Service ID is not set. Setting it to the default ID: omServiceIdDefault
2019-06-14 00:45:36,622 INFO  om.OzoneManager (OzoneManager.java:setOMNodeDetails(525)) - OM Node ID is not set. Setting it to the OmStorage's OmID: 76af61a9-8832-4da8-9c3a-21c636ad5c04
2019-06-14 00:45:36,624 WARN  scm.HddsServerUtil (HddsServerUtil.java:getDefaultRatisDirectory(354)) - Storage directory for Ratis is not configured. It is a good idea to map this to an SSD disk. Falling back to ozone.metadata.dirs
2019-06-14 00:45:36,624 WARN  scm.HddsServerUtil (HddsServerUtil.java:getDefaultRatisDirectory(354)) - Storage directory for Ratis is not configured. It is a good idea to map this to an SSD disk. Falling back to ozone.metadata.dirs
2019-06-14 00:45:36,625 INFO  om.OzoneManager (OzoneManager.java:loadOMHAConfigs(476)) - Found matching OM address with OMServiceId: null, OMNodeId: null, RPC Address: localhost:0 and Ratis port: 9872
2019-06-14 00:45:36,780 WARN  scm.ScmUtils (ScmUtils.java:getDBPath(63)) - ozone.om.db.dirs is not configured. We recommend adding this setting. Falling back to ozone.metadata.dirs instead.
2019-06-14 00:45:36,784 INFO  db.DBStoreBuilder (DBStoreBuilder.java:addTable(110)) - using custom profile for table: userTable
2019-06-14 00:45:36,785 INFO  db.DBStoreBuilder (DBStoreBuilder.java:processTables(161)) - Using default column profile:DBProfile.DISK for Table:userTable
2019-06-14 00:45:36,785 INFO  db.DBStoreBuilder (DBStoreBuilder.java:addTable(110)) - using custom profile for table: volumeTable
2019-06-14 00:45:36,785 INFO  db.DBStoreBuilder (DBStoreBuilder.java:processTables(161)) - Using default column profile:DBProfile.DISK for Table:volumeTable
2019-06-14 00:45:36,785 INFO  db.DBStoreBuilder (DBStoreBuilder.java:addTable(110)) - using custom profile for table: bucketTable
2019-06-14 00:45:36,785 INFO  db.DBStoreBuilder (DBStoreBuilder.java:processTables(161)) - Using default column profile:DBProfile.DISK for Table:bucketTable
2019-06-14 00:45:36,786 INFO  db.DBStoreBuilder (DBStoreBuilder.java:addTable(110)) - using custom profile for table: keyTable
2019-06-14 00:45:36,786 INFO  db.DBStoreBuilder (DBStoreBuilder.java:processTables(161)) - Using default column profile:DBProfile.DISK for Table:keyTable
2019-06-14 00:45:36,786 INFO  db.DBStoreBuilder (DBStoreBuilder.java:addTable(110)) - using custom profile for table: deletedTable
2019-06-14 00:45:36,786 INFO  db.DBStoreBuilder (DBStoreBuilder.java:processTables(161)) - Using default column profile:DBProfile.DISK for Table:deletedTable
2019-06-14 00:45:36,786 INFO  db.DBStoreBuilder (DBStoreBuilder.java:addTable(110)) - using custom profile for table: openKeyTable
2019-06-14 00:45:36,786 INFO  db.DBStoreBuilder (DBStoreBuilder.java:processTables(161)) - Using default column profile:DBProfile.DISK for Table:openKeyTable
2019-06-14 00:45:36,787 INFO  db.DBStoreBuilder (DBStoreBuilder.java:addTable(110)) - using custom profile for table: s3Table
2019-06-14 00:45:36,787 INFO  db.DBStoreBuilder (DBStoreBuilder.java:processTables(161)) - Using default column profile:DBProfile.DISK for Table:s3Table
2019-06-14 00:45:36,787 INFO  db.DBStoreBuilder (DBStoreBuilder.java:addTable(110)) - using custom profile for table: multipartInfoTable
2019-06-14 00:45:36,787 INFO  db.DBStoreBuilder (DBStoreBuilder.java:processTables(161)) - Using default column profile:DBProfile.DISK for Table:multipartInfoTable
2019-06-14 00:45:36,787 INFO  db.DBStoreBuilder (DBStoreBuilder.java:addTable(110)) - using custom profile for table: dTokenTable
2019-06-14 00:45:36,787 INFO  db.DBStoreBuilder (DBStoreBuilder.java:processTables(161)) - Using default column profile:DBProfile.DISK for Table:dTokenTable
2019-06-14 00:45:36,788 INFO  db.DBStoreBuilder (DBStoreBuilder.java:addTable(110)) - using custom profile for table: s3SecretTable
2019-06-14 00:45:36,788 INFO  db.DBStoreBuilder (DBStoreBuilder.java:processTables(161)) - Using default column profile:DBProfile.DISK for Table:s3SecretTable
2019-06-14 00:45:36,788 INFO  db.DBStoreBuilder (DBStoreBuilder.java:addTable(110)) - using custom profile for table: prefixTable
2019-06-14 00:45:36,788 INFO  db.DBStoreBuilder (DBStoreBuilder.java:processTables(161)) - Using default column profile:DBProfile.DISK for Table:prefixTable
2019-06-14 00:45:36,788 INFO  db.DBStoreBuilder (DBStoreBuilder.java:addTable(110)) - using custom profile for table: default
2019-06-14 00:45:36,788 INFO  db.DBStoreBuilder (DBStoreBuilder.java:processTables(167)) - Using default column profile:DBProfile.DISK for Table:default
2019-06-14 00:45:36,789 INFO  db.DBStoreBuilder (DBStoreBuilder.java:getDbProfile(198)) - Using default options. DBProfile.DISK
2019-06-14 00:45:37,228 INFO  ipc.CallQueueManager (CallQueueManager.java:<init>(84)) - Using callQueue: class java.util.concurrent.LinkedBlockingQueue, queueCapacity: 2000, scheduler: class org.apache.hadoop.ipc.DefaultRpcScheduler, ipcBackoff: false.
2019-06-14 00:45:37,228 INFO  ipc.Server (Server.java:run(1074)) - Starting Socket Reader #1 for port 44049
2019-06-14 00:45:37,257 WARN  scm.ScmUtils (ScmUtils.java:getDBPath(63)) - ozone.om.db.dirs is not configured. We recommend adding this setting. Falling back to ozone.metadata.dirs instead.
2019-06-14 00:45:37,258 INFO  om.OzoneManager (OzoneManager.java:start(1217)) - OzoneManager RPC server is listening at localhost/127.0.0.1:44049
2019-06-14 00:45:37,258 INFO  impl.MetricsSystemImpl (MetricsSystemImpl.java:init(158)) - OzoneManager metrics system started (again)
2019-06-14 00:45:37,258 INFO  ipc.Server (Server.java:run(1314)) - IPC Server Responder: starting
2019-06-14 00:45:37,259 INFO  ipc.Server (Server.java:run(1153)) - IPC Server listener on 44049: starting
2019-06-14 00:45:37,278 INFO  hdfs.DFSUtil (DFSUtil.java:httpServerTemplateForNNAndJN(1641)) - Starting Web-server for ozoneManager at: http://0.0.0.0:0
2019-06-14 00:45:37,280 INFO  server.AuthenticationFilter (AuthenticationFilter.java:constructSecretProvider(240)) - Unable to initialize FileSignerSecretProvider, falling back to use random secrets.
2019-06-14 00:45:37,280 WARN  http.HttpRequestLog (HttpRequestLog.java:getRequestLog(97)) - Jetty request log can only be enabled using Log4j
2019-06-14 00:45:37,282 INFO  http.HttpServer2 (HttpServer2.java:addGlobalFilter(975)) - Added global filter 'safety' (class=org.apache.hadoop.http.HttpServer2$QuotingInputFilter)
2019-06-14 00:45:37,282 INFO  http.HttpServer2 (HttpServer2.java:addFilter(948)) - Added filter static_user_filter (class=org.apache.hadoop.http.lib.StaticUserWebFilter$StaticUserFilter) to context ozoneManager
2019-06-14 00:45:37,283 INFO  http.HttpServer2 (HttpServer2.java:addFilter(958)) - Added filter static_user_filter (class=org.apache.hadoop.http.lib.StaticUserWebFilter$StaticUserFilter) to context logs
2019-06-14 00:45:37,283 INFO  http.HttpServer2 (HttpServer2.java:addFilter(958)) - Added filter static_user_filter (class=org.apache.hadoop.http.lib.StaticUserWebFilter$StaticUserFilter) to context static
2019-06-14 00:45:37,284 INFO  http.HttpServer2 (HttpServer2.java:bindListener(1191)) - Jetty bound to port 44419
2019-06-14 00:45:37,284 INFO  server.Server (Server.java:doStart(351)) - jetty-9.3.24.v20180605, build timestamp: 2018-06-05T17:11:56Z, git hash: 84205aa28f11a4f31f2a3b86d1bba2cc8ab69827
2019-06-14 00:45:37,288 INFO  handler.ContextHandler (ContextHandler.java:doStart(781)) - Started o.e.j.s.ServletContextHandler@7c2a69b4{/logs,file:///opt/src/hadoop-ozone/integration-test/target/log,AVAILABLE}
2019-06-14 00:45:37,289 INFO  handler.ContextHandler (ContextHandler.java:doStart(781)) - Started o.e.j.s.ServletContextHandler@648ee871{/static,file:///opt/src/hadoop-ozone/integration-test/target/test-classes/webapps/static,AVAILABLE}
2019-06-14 00:45:37,294 INFO  handler.ContextHandler (ContextHandler.java:doStart(781)) - Started o.e.j.w.WebAppContext@6f012914{/,file:///opt/src/hadoop-ozone/integration-test/target/test-classes/webapps/ozoneManager/,AVAILABLE}{/ozoneManager}
2019-06-14 00:45:37,295 INFO  server.AbstractConnector (AbstractConnector.java:doStart(278)) - Started ServerConnector@18fdb6cf{HTTP/1.1,[http/1.1]}{0.0.0.0:44419}
2019-06-14 00:45:37,295 INFO  server.Server (Server.java:doStart(419)) - Started @2723ms
2019-06-14 00:45:37,296 INFO  server.BaseHttpServer (BaseHttpServer.java:updateConnectorAddress(207)) - HTTP server of OZONEMANAGER is listening at http://0.0.0.0:44419
2019-06-14 00:45:37,412 INFO  impl.MetricsSystemImpl (MetricsSystemImpl.java:init(158)) - HddsDatanode metrics system started (again)
2019-06-14 00:45:37,557 INFO  ozone.HddsDatanodeService (HddsDatanodeService.java:start(185)) - HddsDatanodeService host:ozone-z78dj-180245278 ip:192.168.11.204
2019-06-14 00:45:37,583 INFO  volume.HddsVolume (HddsVolume.java:<init>(176)) - Creating Volume: /opt/src/hadoop-ozone/integration-test/target/test-dir/MiniOzoneClusterImpl-e53119fe-5eef-4966-a383-af2bf0f910a9/datanode-0/data/containers/hdds of  storage type : DISK and capacity : 104021790720
2019-06-14 00:45:37,585 INFO  volume.VolumeSet (VolumeSet.java:initializeVolumeSet(170)) - Added Volume : /opt/src/hadoop-ozone/integration-test/target/test-dir/MiniOzoneClusterImpl-e53119fe-5eef-4966-a383-af2bf0f910a9/datanode-0/data/containers/hdds to VolumeSet
2019-06-14 00:45:37,588 INFO  volume.ThrottledAsyncChecker (ThrottledAsyncChecker.java:schedule(140)) - Scheduling a check for org.apache.hadoop.ozone.container.common.volume.HddsVolume@4a6c18ad
2019-06-14 00:45:37,605 INFO  volume.HddsVolumeChecker (HddsVolumeChecker.java:checkAllVolumes(203)) - Scheduled health check for volume org.apache.hadoop.ozone.container.common.volume.HddsVolume@4a6c18ad
2019-06-14 00:45:37,650 INFO  ratis.XceiverServerRatis (XceiverServerRatis.java:newXceiverServerRatis(401)) - Found a free port for the server : 45915
2019-06-14 00:45:37,712 INFO  impl.RaftServerProxy (ConfUtils.java:logGet(43)) - raft.rpc.type = GRPC (default)
2019-06-14 00:45:37,721 INFO  grpc.GrpcConfigKeys$Server (ConfUtils.java:logGet(43)) - raft.grpc.server.port = 45915 (custom)
2019-06-14 00:45:37,722 INFO  server.GrpcService (ConfUtils.java:logGet(43)) - raft.grpc.message.size.max = 33570816 (custom)
2019-06-14 00:45:37,723 INFO  server.RaftServerConfigKeys (ConfUtils.java:logGet(43)) - raft.server.log.appender.buffer.byte-limit = 33554432 (custom)
2019-06-14 00:45:37,724 INFO  server.GrpcService (ConfUtils.java:logGet(43)) - raft.grpc.flow.control.window = 1MB (=1048576) (default)
2019-06-14 00:45:37,725 INFO  server.RaftServerConfigKeys (ConfUtils.java:logGet(43)) - raft.server.rpc.request.timeout = 3000ms (default)
2019-06-14 00:45:37,851 INFO  server.RaftServerConfigKeys (ConfUtils.java:logGet(43)) - raft.server.storage.dir = [/opt/src/hadoop-ozone/integration-test/target/test-dir/MiniOzoneClusterImpl-e53119fe-5eef-4966-a383-af2bf0f910a9/datanode-0/data/ratis] (custom)
2019-06-14 00:45:37,859 INFO  server.XceiverServerGrpc (XceiverServerGrpc.java:<init>(97)) - Found a free port for the server : 35315
2019-06-14 00:45:37,882 INFO  replication.SimpleContainerDownloader (SimpleContainerDownloader.java:<init>(72)) - Starting container downloader service to copy containers to replicate.
2019-06-14 00:45:37,892 INFO  hdfs.DFSUtil (DFSUtil.java:httpServerTemplateForNNAndJN(1641)) - Starting Web-server for hddsDatanode at: http://0.0.0.0:0
2019-06-14 00:45:37,893 INFO  server.AuthenticationFilter (AuthenticationFilter.java:constructSecretProvider(240)) - Unable to initialize FileSignerSecretProvider, falling back to use random secrets.
2019-06-14 00:45:37,894 WARN  http.HttpRequestLog (HttpRequestLog.java:getRequestLog(97)) - Jetty request log can only be enabled using Log4j
2019-06-14 00:45:37,895 INFO  http.HttpServer2 (HttpServer2.java:addGlobalFilter(975)) - Added global filter 'safety' (class=org.apache.hadoop.http.HttpServer2$QuotingInputFilter)
2019-06-14 00:45:37,896 INFO  http.HttpServer2 (HttpServer2.java:addFilter(948)) - Added filter static_user_filter (class=org.apache.hadoop.http.lib.StaticUserWebFilter$StaticUserFilter) to context hddsDatanode
2019-06-14 00:45:37,896 INFO  http.HttpServer2 (HttpServer2.java:addFilter(958)) - Added filter static_user_filter (class=org.apache.hadoop.http.lib.StaticUserWebFilter$StaticUserFilter) to context logs
2019-06-14 00:45:37,896 INFO  http.HttpServer2 (HttpServer2.java:addFilter(958)) - Added filter static_user_filter (class=org.apache.hadoop.http.lib.StaticUserWebFilter$StaticUserFilter) to context static
2019-06-14 00:45:37,897 INFO  http.HttpServer2 (HttpServer2.java:bindListener(1191)) - Jetty bound to port 44641
2019-06-14 00:45:37,897 INFO  server.Server (Server.java:doStart(351)) - jetty-9.3.24.v20180605, build timestamp: 2018-06-05T17:11:56Z, git hash: 84205aa28f11a4f31f2a3b86d1bba2cc8ab69827
2019-06-14 00:45:37,898 INFO  handler.ContextHandler (ContextHandler.java:doStart(781)) - Started o.e.j.s.ServletContextHandler@2e51d054{/logs,file:///opt/src/hadoop-ozone/integration-test/target/log,AVAILABLE}
2019-06-14 00:45:37,899 INFO  handler.ContextHandler (ContextHandler.java:doStart(781)) - Started o.e.j.s.ServletContextHandler@615e3f51{/static,jar:file:/root/.m2/repository/org/apache/hadoop/hadoop-hdds-container-service/0.5.0-SNAPSHOT/hadoop-hdds-container-service-0.5.0-SNAPSHOT.jar!/webapps/static,AVAILABLE}
2019-06-14 00:45:37,924 INFO  handler.ContextHandler (ContextHandler.java:doStart(781)) - Started o.e.j.w.WebAppContext@5e1fc2aa{/,file:///tmp/jetty-0.0.0.0-44641-hddsDatanode-_-any-8776420428956490268.dir/webapp/,AVAILABLE}{/hddsDatanode}
2019-06-14 00:45:37,924 INFO  server.AbstractConnector (AbstractConnector.java:doStart(278)) - Started ServerConnector@688d411b{HTTP/1.1,[http/1.1]}{0.0.0.0:44641}
2019-06-14 00:45:37,924 INFO  server.Server (Server.java:doStart(419)) - Started @3353ms
2019-06-14 00:45:37,925 INFO  server.BaseHttpServer (BaseHttpServer.java:updateConnectorAddress(207)) - HTTP server of HDDSDATANODE is listening at http://0.0.0.0:44641
2019-06-14 00:45:38,700 INFO  ozone.HddsDatanodeService (HddsDatanodeService.java:startPlugins(396)) - Started plug-in org.apache.hadoop.ozone.web.OzoneHddsDatanodeService@30bf26df
2019-06-14 00:45:38,701 INFO  impl.MetricsSystemImpl (MetricsSystemImpl.java:init(158)) - HddsDatanode metrics system started (again)
2019-06-14 00:45:38,701 INFO  ozone.HddsDatanodeService (HddsDatanodeService.java:start(185)) - HddsDatanodeService host:ozone-z78dj-180245278 ip:192.168.11.204
2019-06-14 00:45:38,711 INFO  util.JvmPauseMonitor (JvmPauseMonitor.java:run(188)) - Starting JVM pause monitor
2019-06-14 00:45:38,714 INFO  volume.HddsVolume (HddsVolume.java:<init>(176)) - Creating Volume: /opt/src/hadoop-ozone/integration-test/target/test-dir/MiniOzoneClusterImpl-e53119fe-5eef-4966-a383-af2bf0f910a9/datanode-1/data/containers/hdds of  storage type : DISK and capacity : 104021790720
2019-06-14 00:45:38,715 INFO  volume.VolumeSet (VolumeSet.java:initializeVolumeSet(170)) - Added Volume : /opt/src/hadoop-ozone/integration-test/target/test-dir/MiniOzoneClusterImpl-e53119fe-5eef-4966-a383-af2bf0f910a9/datanode-1/data/containers/hdds to VolumeSet
2019-06-14 00:45:38,715 INFO  volume.ThrottledAsyncChecker (ThrottledAsyncChecker.java:schedule(140)) - Scheduling a check for org.apache.hadoop.ozone.container.common.volume.HddsVolume@f171912
2019-06-14 00:45:38,718 INFO  volume.HddsVolumeChecker (HddsVolumeChecker.java:checkAllVolumes(203)) - Scheduled health check for volume org.apache.hadoop.ozone.container.common.volume.HddsVolume@f171912
2019-06-14 00:45:38,734 INFO  ratis.XceiverServerRatis (XceiverServerRatis.java:newXceiverServerRatis(401)) - Found a free port for the server : 37483
2019-06-14 00:45:38,736 INFO  impl.RaftServerProxy (ConfUtils.java:logGet(43)) - raft.rpc.type = GRPC (default)
2019-06-14 00:45:38,736 INFO  grpc.GrpcConfigKeys$Server (ConfUtils.java:logGet(43)) - raft.grpc.server.port = 37483 (custom)
2019-06-14 00:45:38,736 INFO  server.GrpcService (ConfUtils.java:logGet(43)) - raft.grpc.message.size.max = 33570816 (custom)
2019-06-14 00:45:38,737 INFO  server.RaftServerConfigKeys (ConfUtils.java:logGet(43)) - raft.server.log.appender.buffer.byte-limit = 33554432 (custom)
2019-06-14 00:45:38,737 INFO  server.GrpcService (ConfUtils.java:logGet(43)) - raft.grpc.flow.control.window = 1MB (=1048576) (default)
2019-06-14 00:45:38,737 INFO  server.RaftServerConfigKeys (ConfUtils.java:logGet(43)) - raft.server.rpc.request.timeout = 3000ms (default)
2019-06-14 00:45:38,738 INFO  server.RaftServerConfigKeys (ConfUtils.java:logGet(43)) - raft.server.storage.dir = [/opt/src/hadoop-ozone/integration-test/target/test-dir/MiniOzoneClusterImpl-e53119fe-5eef-4966-a383-af2bf0f910a9/datanode-1/data/ratis] (custom)
2019-06-14 00:45:38,739 INFO  server.XceiverServerGrpc (XceiverServerGrpc.java:<init>(97)) - Found a free port for the server : 40023
2019-06-14 00:45:38,739 INFO  replication.SimpleContainerDownloader (SimpleContainerDownloader.java:<init>(72)) - Starting container downloader service to copy containers to replicate.
2019-06-14 00:45:38,740 INFO  hdfs.DFSUtil (DFSUtil.java:httpServerTemplateForNNAndJN(1641)) - Starting Web-server for hddsDatanode at: http://0.0.0.0:0
2019-06-14 00:45:38,741 INFO  server.AuthenticationFilter (AuthenticationFilter.java:constructSecretProvider(240)) - Unable to initialize FileSignerSecretProvider, falling back to use random secrets.
2019-06-14 00:45:38,743 WARN  http.HttpRequestLog (HttpRequestLog.java:getRequestLog(97)) - Jetty request log can only be enabled using Log4j
2019-06-14 00:45:38,744 INFO  http.HttpServer2 (HttpServer2.java:addGlobalFilter(975)) - Added global filter 'safety' (class=org.apache.hadoop.http.HttpServer2$QuotingInputFilter)
2019-06-14 00:45:38,744 INFO  http.HttpServer2 (HttpServer2.java:addFilter(948)) - Added filter static_user_filter (class=org.apache.hadoop.http.lib.StaticUserWebFilter$StaticUserFilter) to context hddsDatanode
2019-06-14 00:45:38,744 INFO  http.HttpServer2 (HttpServer2.java:addFilter(958)) - Added filter static_user_filter (class=org.apache.hadoop.http.lib.StaticUserWebFilter$StaticUserFilter) to context logs
2019-06-14 00:45:38,744 INFO  http.HttpServer2 (HttpServer2.java:addFilter(958)) - Added filter static_user_filter (class=org.apache.hadoop.http.lib.StaticUserWebFilter$StaticUserFilter) to context static
2019-06-14 00:45:38,745 INFO  http.HttpServer2 (HttpServer2.java:bindListener(1191)) - Jetty bound to port 40171
2019-06-14 00:45:38,745 INFO  server.Server (Server.java:doStart(351)) - jetty-9.3.24.v20180605, build timestamp: 2018-06-05T17:11:56Z, git hash: 84205aa28f11a4f31f2a3b86d1bba2cc8ab69827
2019-06-14 00:45:38,763 INFO  handler.ContextHandler (ContextHandler.java:doStart(781)) - Started o.e.j.s.ServletContextHandler@18b6d3c1{/logs,file:///opt/src/hadoop-ozone/integration-test/target/log,AVAILABLE}
2019-06-14 00:45:38,767 INFO  handler.ContextHandler (ContextHandler.java:doStart(781)) - Started o.e.j.s.ServletContextHandler@3fe512d2{/static,jar:file:/root/.m2/repository/org/apache/hadoop/hadoop-hdds-container-service/0.5.0-SNAPSHOT/hadoop-hdds-container-service-0.5.0-SNAPSHOT.jar!/webapps/static,AVAILABLE}
2019-06-14 00:45:38,797 INFO  handler.ContextHandler (ContextHandler.java:doStart(781)) - Started o.e.j.w.WebAppContext@e7b265e{/,file:///tmp/jetty-0.0.0.0-40171-hddsDatanode-_-any-7779909516475279891.dir/webapp/,AVAILABLE}{/hddsDatanode}
2019-06-14 00:45:38,799 INFO  server.AbstractConnector (AbstractConnector.java:doStart(278)) - Started ServerConnector@51da32e5{HTTP/1.1,[http/1.1]}{0.0.0.0:40171}
2019-06-14 00:45:38,799 INFO  datanode.InitDatanodeState (InitDatanodeState.java:persistContainerDatanodeDetails(140)) - DatanodeDetails is persisted to /opt/src/hadoop-ozone/integration-test/target/test-dir/MiniOzoneClusterImpl-e53119fe-5eef-4966-a383-af2bf0f910a9/datanode-0/meta/datanode.id
2019-06-14 00:45:38,799 INFO  server.Server (Server.java:doStart(419)) - Started @4228ms
2019-06-14 00:45:38,800 INFO  server.BaseHttpServer (BaseHttpServer.java:updateConnectorAddress(207)) - HTTP server of HDDSDATANODE is listening at http://0.0.0.0:40171
2019-06-14 00:45:38,911 INFO  ozone.HddsDatanodeService (HddsDatanodeService.java:startPlugins(396)) - Started plug-in org.apache.hadoop.ozone.web.OzoneHddsDatanodeService@1d6751e3
2019-06-14 00:45:38,912 INFO  impl.MetricsSystemImpl (MetricsSystemImpl.java:init(158)) - HddsDatanode metrics system started (again)
2019-06-14 00:45:38,912 INFO  ozone.HddsDatanodeService (HddsDatanodeService.java:start(185)) - HddsDatanodeService host:ozone-z78dj-180245278 ip:192.168.11.204
2019-06-14 00:45:38,919 INFO  util.JvmPauseMonitor (JvmPauseMonitor.java:run(188)) - Starting JVM pause monitor
2019-06-14 00:45:38,928 INFO  volume.HddsVolume (HddsVolume.java:<init>(176)) - Creating Volume: /opt/src/hadoop-ozone/integration-test/target/test-dir/MiniOzoneClusterImpl-e53119fe-5eef-4966-a383-af2bf0f910a9/datanode-2/data/containers/hdds of  storage type : DISK and capacity : 104021790720
2019-06-14 00:45:38,929 INFO  volume.VolumeSet (VolumeSet.java:initializeVolumeSet(170)) - Added Volume : /opt/src/hadoop-ozone/integration-test/target/test-dir/MiniOzoneClusterImpl-e53119fe-5eef-4966-a383-af2bf0f910a9/datanode-2/data/containers/hdds to VolumeSet
2019-06-14 00:45:38,930 INFO  volume.ThrottledAsyncChecker (ThrottledAsyncChecker.java:schedule(140)) - Scheduling a check for org.apache.hadoop.ozone.container.common.volume.HddsVolume@2e7af36e
2019-06-14 00:45:38,930 INFO  datanode.InitDatanodeState (InitDatanodeState.java:persistContainerDatanodeDetails(140)) - DatanodeDetails is persisted to /opt/src/hadoop-ozone/integration-test/target/test-dir/MiniOzoneClusterImpl-e53119fe-5eef-4966-a383-af2bf0f910a9/datanode-1/meta/datanode.id
2019-06-14 00:45:38,932 INFO  volume.HddsVolumeChecker (HddsVolumeChecker.java:checkAllVolumes(203)) - Scheduled health check for volume org.apache.hadoop.ozone.container.common.volume.HddsVolume@2e7af36e
2019-06-14 00:45:38,946 INFO  ratis.XceiverServerRatis (XceiverServerRatis.java:newXceiverServerRatis(401)) - Found a free port for the server : 35067
2019-06-14 00:45:38,948 INFO  impl.RaftServerProxy (ConfUtils.java:logGet(43)) - raft.rpc.type = GRPC (default)
2019-06-14 00:45:38,948 INFO  grpc.GrpcConfigKeys$Server (ConfUtils.java:logGet(43)) - raft.grpc.server.port = 35067 (custom)
2019-06-14 00:45:38,948 INFO  server.GrpcService (ConfUtils.java:logGet(43)) - raft.grpc.message.size.max = 33570816 (custom)
2019-06-14 00:45:38,948 INFO  server.RaftServerConfigKeys (ConfUtils.java:logGet(43)) - raft.server.log.appender.buffer.byte-limit = 33554432 (custom)
2019-06-14 00:45:38,949 INFO  server.GrpcService (ConfUtils.java:logGet(43)) - raft.grpc.flow.control.window = 1MB (=1048576) (default)
2019-06-14 00:45:38,949 INFO  server.RaftServerConfigKeys (ConfUtils.java:logGet(43)) - raft.server.rpc.request.timeout = 3000ms (default)
2019-06-14 00:45:38,949 INFO  server.RaftServerConfigKeys (ConfUtils.java:logGet(43)) - raft.server.storage.dir = [/opt/src/hadoop-ozone/integration-test/target/test-dir/MiniOzoneClusterImpl-e53119fe-5eef-4966-a383-af2bf0f910a9/datanode-2/data/ratis] (custom)
2019-06-14 00:45:38,950 INFO  server.XceiverServerGrpc (XceiverServerGrpc.java:<init>(97)) - Found a free port for the server : 35969
2019-06-14 00:45:38,950 INFO  replication.SimpleContainerDownloader (SimpleContainerDownloader.java:<init>(72)) - Starting container downloader service to copy containers to replicate.
2019-06-14 00:45:38,952 INFO  hdfs.DFSUtil (DFSUtil.java:httpServerTemplateForNNAndJN(1641)) - Starting Web-server for hddsDatanode at: http://0.0.0.0:0
2019-06-14 00:45:38,953 INFO  server.AuthenticationFilter (AuthenticationFilter.java:constructSecretProvider(240)) - Unable to initialize FileSignerSecretProvider, falling back to use random secrets.
2019-06-14 00:45:38,953 WARN  http.HttpRequestLog (HttpRequestLog.java:getRequestLog(97)) - Jetty request log can only be enabled using Log4j
2019-06-14 00:45:38,955 INFO  http.HttpServer2 (HttpServer2.java:addGlobalFilter(975)) - Added global filter 'safety' (class=org.apache.hadoop.http.HttpServer2$QuotingInputFilter)
2019-06-14 00:45:38,955 INFO  http.HttpServer2 (HttpServer2.java:addFilter(948)) - Added filter static_user_filter (class=org.apache.hadoop.http.lib.StaticUserWebFilter$StaticUserFilter) to context hddsDatanode
2019-06-14 00:45:38,956 INFO  http.HttpServer2 (HttpServer2.java:addFilter(958)) - Added filter static_user_filter (class=org.apache.hadoop.http.lib.StaticUserWebFilter$StaticUserFilter) to context static
2019-06-14 00:45:38,956 INFO  http.HttpServer2 (HttpServer2.java:addFilter(958)) - Added filter static_user_filter (class=org.apache.hadoop.http.lib.StaticUserWebFilter$StaticUserFilter) to context logs
2019-06-14 00:45:38,956 INFO  http.HttpServer2 (HttpServer2.java:bindListener(1191)) - Jetty bound to port 38909
2019-06-14 00:45:38,956 INFO  server.Server (Server.java:doStart(351)) - jetty-9.3.24.v20180605, build timestamp: 2018-06-05T17:11:56Z, git hash: 84205aa28f11a4f31f2a3b86d1bba2cc8ab69827
2019-06-14 00:45:38,958 INFO  handler.ContextHandler (ContextHandler.java:doStart(781)) - Started o.e.j.s.ServletContextHandler@674da77b{/logs,file:///opt/src/hadoop-ozone/integration-test/target/log,AVAILABLE}
2019-06-14 00:45:38,958 INFO  handler.ContextHandler (ContextHandler.java:doStart(781)) - Started o.e.j.s.ServletContextHandler@6010d0d1{/static,jar:file:/root/.m2/repository/org/apache/hadoop/hadoop-hdds-container-service/0.5.0-SNAPSHOT/hadoop-hdds-container-service-0.5.0-SNAPSHOT.jar!/webapps/static,AVAILABLE}
2019-06-14 00:45:38,988 INFO  handler.ContextHandler (ContextHandler.java:doStart(781)) - Started o.e.j.w.WebAppContext@624b523{/,file:///tmp/jetty-0.0.0.0-38909-hddsDatanode-_-any-5862917629646648373.dir/webapp/,AVAILABLE}{/hddsDatanode}
2019-06-14 00:45:38,989 INFO  server.AbstractConnector (AbstractConnector.java:doStart(278)) - Started ServerConnector@50b46e24{HTTP/1.1,[http/1.1]}{0.0.0.0:38909}
2019-06-14 00:45:38,989 INFO  server.Server (Server.java:doStart(419)) - Started @4418ms
2019-06-14 00:45:38,990 INFO  server.BaseHttpServer (BaseHttpServer.java:updateConnectorAddress(207)) - HTTP server of HDDSDATANODE is listening at http://0.0.0.0:38909
2019-06-14 00:45:39,155 INFO  ozone.HddsDatanodeService (HddsDatanodeService.java:startPlugins(396)) - Started plug-in org.apache.hadoop.ozone.web.OzoneHddsDatanodeService@662be9f7
2019-06-14 00:45:39,156 INFO  impl.MetricsSystemImpl (MetricsSystemImpl.java:init(158)) - HddsDatanode metrics system started (again)
2019-06-14 00:45:39,156 INFO  ozone.HddsDatanodeService (HddsDatanodeService.java:start(185)) - HddsDatanodeService host:ozone-z78dj-180245278 ip:192.168.11.204
2019-06-14 00:45:39,161 INFO  util.JvmPauseMonitor (JvmPauseMonitor.java:run(188)) - Starting JVM pause monitor
2019-06-14 00:45:39,163 INFO  volume.HddsVolume (HddsVolume.java:<init>(176)) - Creating Volume: /opt/src/hadoop-ozone/integration-test/target/test-dir/MiniOzoneClusterImpl-e53119fe-5eef-4966-a383-af2bf0f910a9/datanode-3/data/containers/hdds of  storage type : DISK and capacity : 104021790720
2019-06-14 00:45:39,163 INFO  volume.VolumeSet (VolumeSet.java:initializeVolumeSet(170)) - Added Volume : /opt/src/hadoop-ozone/integration-test/target/test-dir/MiniOzoneClusterImpl-e53119fe-5eef-4966-a383-af2bf0f910a9/datanode-3/data/containers/hdds to VolumeSet
2019-06-14 00:45:39,163 INFO  volume.ThrottledAsyncChecker (ThrottledAsyncChecker.java:schedule(140)) - Scheduling a check for org.apache.hadoop.ozone.container.common.volume.HddsVolume@2f9dda71
2019-06-14 00:45:39,164 INFO  datanode.InitDatanodeState (InitDatanodeState.java:persistContainerDatanodeDetails(140)) - DatanodeDetails is persisted to /opt/src/hadoop-ozone/integration-test/target/test-dir/MiniOzoneClusterImpl-e53119fe-5eef-4966-a383-af2bf0f910a9/datanode-2/meta/datanode.id
2019-06-14 00:45:39,167 INFO  volume.HddsVolumeChecker (HddsVolumeChecker.java:checkAllVolumes(203)) - Scheduled health check for volume org.apache.hadoop.ozone.container.common.volume.HddsVolume@2f9dda71
2019-06-14 00:45:39,179 INFO  ratis.XceiverServerRatis (XceiverServerRatis.java:newXceiverServerRatis(401)) - Found a free port for the server : 45705
2019-06-14 00:45:39,181 INFO  impl.RaftServerProxy (ConfUtils.java:logGet(43)) - raft.rpc.type = GRPC (default)
2019-06-14 00:45:39,181 INFO  grpc.GrpcConfigKeys$Server (ConfUtils.java:logGet(43)) - raft.grpc.server.port = 45705 (custom)
2019-06-14 00:45:39,181 INFO  server.GrpcService (ConfUtils.java:logGet(43)) - raft.grpc.message.size.max = 33570816 (custom)
2019-06-14 00:45:39,181 INFO  server.RaftServerConfigKeys (ConfUtils.java:logGet(43)) - raft.server.log.appender.buffer.byte-limit = 33554432 (custom)
2019-06-14 00:45:39,182 INFO  server.GrpcService (ConfUtils.java:logGet(43)) - raft.grpc.flow.control.window = 1MB (=1048576) (default)
2019-06-14 00:45:39,182 INFO  server.RaftServerConfigKeys (ConfUtils.java:logGet(43)) - raft.server.rpc.request.timeout = 3000ms (default)
2019-06-14 00:45:39,182 INFO  server.RaftServerConfigKeys (ConfUtils.java:logGet(43)) - raft.server.storage.dir = [/opt/src/hadoop-ozone/integration-test/target/test-dir/MiniOzoneClusterImpl-e53119fe-5eef-4966-a383-af2bf0f910a9/datanode-3/data/ratis] (custom)
2019-06-14 00:45:39,183 INFO  server.XceiverServerGrpc (XceiverServerGrpc.java:<init>(97)) - Found a free port for the server : 33439
2019-06-14 00:45:39,183 INFO  replication.SimpleContainerDownloader (SimpleContainerDownloader.java:<init>(72)) - Starting container downloader service to copy containers to replicate.
2019-06-14 00:45:39,184 INFO  hdfs.DFSUtil (DFSUtil.java:httpServerTemplateForNNAndJN(1641)) - Starting Web-server for hddsDatanode at: http://0.0.0.0:0
2019-06-14 00:45:39,185 INFO  server.AuthenticationFilter (AuthenticationFilter.java:constructSecretProvider(240)) - Unable to initialize FileSignerSecretProvider, falling back to use random secrets.
2019-06-14 00:45:39,186 WARN  http.HttpRequestLog (HttpRequestLog.java:getRequestLog(97)) - Jetty request log can only be enabled using Log4j
2019-06-14 00:45:39,188 INFO  http.HttpServer2 (HttpServer2.java:addGlobalFilter(975)) - Added global filter 'safety' (class=org.apache.hadoop.http.HttpServer2$QuotingInputFilter)
2019-06-14 00:45:39,188 INFO  http.HttpServer2 (HttpServer2.java:addFilter(948)) - Added filter static_user_filter (class=org.apache.hadoop.http.lib.StaticUserWebFilter$StaticUserFilter) to context hddsDatanode
2019-06-14 00:45:39,188 INFO  http.HttpServer2 (HttpServer2.java:addFilter(958)) - Added filter static_user_filter (class=org.apache.hadoop.http.lib.StaticUserWebFilter$StaticUserFilter) to context static
2019-06-14 00:45:39,188 INFO  http.HttpServer2 (HttpServer2.java:addFilter(958)) - Added filter static_user_filter (class=org.apache.hadoop.http.lib.StaticUserWebFilter$StaticUserFilter) to context logs
2019-06-14 00:45:39,189 INFO  http.HttpServer2 (HttpServer2.java:bindListener(1191)) - Jetty bound to port 40651
2019-06-14 00:45:39,189 INFO  server.Server (Server.java:doStart(351)) - jetty-9.3.24.v20180605, build timestamp: 2018-06-05T17:11:56Z, git hash: 84205aa28f11a4f31f2a3b86d1bba2cc8ab69827
2019-06-14 00:45:39,192 INFO  handler.ContextHandler (ContextHandler.java:doStart(781)) - Started o.e.j.s.ServletContextHandler@1f15e689{/logs,file:///opt/src/hadoop-ozone/integration-test/target/log,AVAILABLE}
2019-06-14 00:45:39,192 INFO  handler.ContextHandler (ContextHandler.java:doStart(781)) - Started o.e.j.s.ServletContextHandler@3ebc955b{/static,jar:file:/root/.m2/repository/org/apache/hadoop/hadoop-hdds-container-service/0.5.0-SNAPSHOT/hadoop-hdds-container-service-0.5.0-SNAPSHOT.jar!/webapps/static,AVAILABLE}
2019-06-14 00:45:39,222 INFO  handler.ContextHandler (ContextHandler.java:doStart(781)) - Started o.e.j.w.WebAppContext@9fe720a{/,file:///tmp/jetty-0.0.0.0-40651-hddsDatanode-_-any-454602016290282409.dir/webapp/,AVAILABLE}{/hddsDatanode}
2019-06-14 00:45:39,223 INFO  server.AbstractConnector (AbstractConnector.java:doStart(278)) - Started ServerConnector@149274cb{HTTP/1.1,[http/1.1]}{0.0.0.0:40651}
2019-06-14 00:45:39,223 INFO  server.Server (Server.java:doStart(419)) - Started @4652ms
2019-06-14 00:45:39,224 INFO  server.BaseHttpServer (BaseHttpServer.java:updateConnectorAddress(207)) - HTTP server of HDDSDATANODE is listening at http://0.0.0.0:40651
2019-06-14 00:45:39,343 INFO  ozone.HddsDatanodeService (HddsDatanodeService.java:startPlugins(396)) - Started plug-in org.apache.hadoop.ozone.web.OzoneHddsDatanodeService@7aded903
2019-06-14 00:45:39,344 INFO  impl.MetricsSystemImpl (MetricsSystemImpl.java:init(158)) - HddsDatanode metrics system started (again)
2019-06-14 00:45:39,344 INFO  ozone.HddsDatanodeService (HddsDatanodeService.java:start(185)) - HddsDatanodeService host:ozone-z78dj-180245278 ip:192.168.11.204
2019-06-14 00:45:39,352 INFO  util.JvmPauseMonitor (JvmPauseMonitor.java:run(188)) - Starting JVM pause monitor
2019-06-14 00:45:39,354 INFO  datanode.InitDatanodeState (InitDatanodeState.java:persistContainerDatanodeDetails(140)) - DatanodeDetails is persisted to /opt/src/hadoop-ozone/integration-test/target/test-dir/MiniOzoneClusterImpl-e53119fe-5eef-4966-a383-af2bf0f910a9/datanode-3/meta/datanode.id
2019-06-14 00:45:39,355 INFO  volume.HddsVolume (HddsVolume.java:<init>(176)) - Creating Volume: /opt/src/hadoop-ozone/integration-test/target/test-dir/MiniOzoneClusterImpl-e53119fe-5eef-4966-a383-af2bf0f910a9/datanode-4/data/containers/hdds of  storage type : DISK and capacity : 104021790720
2019-06-14 00:45:39,356 INFO  volume.VolumeSet (VolumeSet.java:initializeVolumeSet(170)) - Added Volume : /opt/src/hadoop-ozone/integration-test/target/test-dir/MiniOzoneClusterImpl-e53119fe-5eef-4966-a383-af2bf0f910a9/datanode-4/data/containers/hdds to VolumeSet
2019-06-14 00:45:39,356 INFO  volume.ThrottledAsyncChecker (ThrottledAsyncChecker.java:schedule(140)) - Scheduling a check for org.apache.hadoop.ozone.container.common.volume.HddsVolume@66f16742
2019-06-14 00:45:39,359 INFO  volume.HddsVolumeChecker (HddsVolumeChecker.java:checkAllVolumes(203)) - Scheduled health check for volume org.apache.hadoop.ozone.container.common.volume.HddsVolume@66f16742
2019-06-14 00:45:39,368 INFO  ratis.XceiverServerRatis (XceiverServerRatis.java:newXceiverServerRatis(401)) - Found a free port for the server : 34577
2019-06-14 00:45:39,369 INFO  impl.RaftServerProxy (ConfUtils.java:logGet(43)) - raft.rpc.type = GRPC (default)
2019-06-14 00:45:39,370 INFO  grpc.GrpcConfigKeys$Server (ConfUtils.java:logGet(43)) - raft.grpc.server.port = 34577 (custom)
2019-06-14 00:45:39,370 INFO  server.GrpcService (ConfUtils.java:logGet(43)) - raft.grpc.message.size.max = 33570816 (custom)
2019-06-14 00:45:39,370 INFO  server.RaftServerConfigKeys (ConfUtils.java:logGet(43)) - raft.server.log.appender.buffer.byte-limit = 33554432 (custom)
2019-06-14 00:45:39,370 INFO  server.GrpcService (ConfUtils.java:logGet(43)) - raft.grpc.flow.control.window = 1MB (=1048576) (default)
2019-06-14 00:45:39,371 INFO  server.RaftServerConfigKeys (ConfUtils.java:logGet(43)) - raft.server.rpc.request.timeout = 3000ms (default)
2019-06-14 00:45:39,371 INFO  server.RaftServerConfigKeys (ConfUtils.java:logGet(43)) - raft.server.storage.dir = [/opt/src/hadoop-ozone/integration-test/target/test-dir/MiniOzoneClusterImpl-e53119fe-5eef-4966-a383-af2bf0f910a9/datanode-4/data/ratis] (custom)
2019-06-14 00:45:39,371 INFO  server.XceiverServerGrpc (XceiverServerGrpc.java:<init>(97)) - Found a free port for the server : 34075
2019-06-14 00:45:39,372 INFO  replication.SimpleContainerDownloader (SimpleContainerDownloader.java:<init>(72)) - Starting container downloader service to copy containers to replicate.
2019-06-14 00:45:39,373 INFO  hdfs.DFSUtil (DFSUtil.java:httpServerTemplateForNNAndJN(1641)) - Starting Web-server for hddsDatanode at: http://0.0.0.0:0
2019-06-14 00:45:39,374 INFO  server.AuthenticationFilter (AuthenticationFilter.java:constructSecretProvider(240)) - Unable to initialize FileSignerSecretProvider, falling back to use random secrets.
2019-06-14 00:45:39,374 WARN  http.HttpRequestLog (HttpRequestLog.java:getRequestLog(97)) - Jetty request log can only be enabled using Log4j
2019-06-14 00:45:39,376 INFO  http.HttpServer2 (HttpServer2.java:addGlobalFilter(975)) - Added global filter 'safety' (class=org.apache.hadoop.http.HttpServer2$QuotingInputFilter)
2019-06-14 00:45:39,376 INFO  http.HttpServer2 (HttpServer2.java:addFilter(948)) - Added filter static_user_filter (class=org.apache.hadoop.http.lib.StaticUserWebFilter$StaticUserFilter) to context hddsDatanode
2019-06-14 00:45:39,376 INFO  http.HttpServer2 (HttpServer2.java:addFilter(958)) - Added filter static_user_filter (class=org.apache.hadoop.http.lib.StaticUserWebFilter$StaticUserFilter) to context logs
2019-06-14 00:45:39,377 INFO  http.HttpServer2 (HttpServer2.java:addFilter(958)) - Added filter static_user_filter (class=org.apache.hadoop.http.lib.StaticUserWebFilter$StaticUserFilter) to context static
2019-06-14 00:45:39,377 INFO  http.HttpServer2 (HttpServer2.java:bindListener(1191)) - Jetty bound to port 44035
2019-06-14 00:45:39,377 INFO  server.Server (Server.java:doStart(351)) - jetty-9.3.24.v20180605, build timestamp: 2018-06-05T17:11:56Z, git hash: 84205aa28f11a4f31f2a3b86d1bba2cc8ab69827
2019-06-14 00:45:39,379 INFO  handler.ContextHandler (ContextHandler.java:doStart(781)) - Started o.e.j.s.ServletContextHandler@4ef18604{/logs,file:///opt/src/hadoop-ozone/integration-test/target/log,AVAILABLE}
2019-06-14 00:45:39,380 INFO  handler.ContextHandler (ContextHandler.java:doStart(781)) - Started o.e.j.s.ServletContextHandler@16cf8438{/static,jar:file:/root/.m2/repository/org/apache/hadoop/hadoop-hdds-container-service/0.5.0-SNAPSHOT/hadoop-hdds-container-service-0.5.0-SNAPSHOT.jar!/webapps/static,AVAILABLE}
2019-06-14 00:45:39,401 INFO  handler.ContextHandler (ContextHandler.java:doStart(781)) - Started o.e.j.w.WebAppContext@2ca3d826{/,file:///tmp/jetty-0.0.0.0-44035-hddsDatanode-_-any-4699577297894088571.dir/webapp/,AVAILABLE}{/hddsDatanode}
2019-06-14 00:45:39,402 INFO  server.AbstractConnector (AbstractConnector.java:doStart(278)) - Started ServerConnector@5d194314{HTTP/1.1,[http/1.1]}{0.0.0.0:44035}
2019-06-14 00:45:39,403 INFO  server.Server (Server.java:doStart(419)) - Started @4832ms
2019-06-14 00:45:39,404 INFO  server.BaseHttpServer (BaseHttpServer.java:updateConnectorAddress(207)) - HTTP server of HDDSDATANODE is listening at http://0.0.0.0:44035
2019-06-14 00:45:39,517 INFO  ozone.HddsDatanodeService (HddsDatanodeService.java:startPlugins(396)) - Started plug-in org.apache.hadoop.ozone.web.OzoneHddsDatanodeService@454bcbbf
2019-06-14 00:45:39,517 INFO  impl.MetricsSystemImpl (MetricsSystemImpl.java:init(158)) - HddsDatanode metrics system started (again)
2019-06-14 00:45:39,518 INFO  ozone.HddsDatanodeService (HddsDatanodeService.java:start(185)) - HddsDatanodeService host:ozone-z78dj-180245278 ip:192.168.11.204
2019-06-14 00:45:39,523 INFO  util.JvmPauseMonitor (JvmPauseMonitor.java:run(188)) - Starting JVM pause monitor
2019-06-14 00:45:39,524 INFO  datanode.InitDatanodeState (InitDatanodeState.java:persistContainerDatanodeDetails(140)) - DatanodeDetails is persisted to /opt/src/hadoop-ozone/integration-test/target/test-dir/MiniOzoneClusterImpl-e53119fe-5eef-4966-a383-af2bf0f910a9/datanode-4/meta/datanode.id
2019-06-14 00:45:39,533 INFO  volume.HddsVolume (HddsVolume.java:<init>(176)) - Creating Volume: /opt/src/hadoop-ozone/integration-test/target/test-dir/MiniOzoneClusterImpl-e53119fe-5eef-4966-a383-af2bf0f910a9/datanode-5/data/containers/hdds of  storage type : DISK and capacity : 104021790720
2019-06-14 00:45:39,533 INFO  volume.VolumeSet (VolumeSet.java:initializeVolumeSet(170)) - Added Volume : /opt/src/hadoop-ozone/integration-test/target/test-dir/MiniOzoneClusterImpl-e53119fe-5eef-4966-a383-af2bf0f910a9/datanode-5/data/containers/hdds to VolumeSet
2019-06-14 00:45:39,533 INFO  volume.ThrottledAsyncChecker (ThrottledAsyncChecker.java:schedule(140)) - Scheduling a check for org.apache.hadoop.ozone.container.common.volume.HddsVolume@7ea42c82
2019-06-14 00:45:39,543 INFO  volume.HddsVolumeChecker (HddsVolumeChecker.java:checkAllVolumes(203)) - Scheduled health check for volume org.apache.hadoop.ozone.container.common.volume.HddsVolume@7ea42c82
2019-06-14 00:45:39,553 INFO  ratis.XceiverServerRatis (XceiverServerRatis.java:newXceiverServerRatis(401)) - Found a free port for the server : 45953
2019-06-14 00:45:39,555 INFO  impl.RaftServerProxy (ConfUtils.java:logGet(43)) - raft.rpc.type = GRPC (default)
2019-06-14 00:45:39,555 INFO  grpc.GrpcConfigKeys$Server (ConfUtils.java:logGet(43)) - raft.grpc.server.port = 45953 (custom)
2019-06-14 00:45:39,555 INFO  server.GrpcService (ConfUtils.java:logGet(43)) - raft.grpc.message.size.max = 33570816 (custom)
2019-06-14 00:45:39,555 INFO  server.RaftServerConfigKeys (ConfUtils.java:logGet(43)) - raft.server.log.appender.buffer.byte-limit = 33554432 (custom)
2019-06-14 00:45:39,555 INFO  server.GrpcService (ConfUtils.java:logGet(43)) - raft.grpc.flow.control.window = 1MB (=1048576) (default)
2019-06-14 00:45:39,555 INFO  server.RaftServerConfigKeys (ConfUtils.java:logGet(43)) - raft.server.rpc.request.timeout = 3000ms (default)
2019-06-14 00:45:39,556 INFO  server.RaftServerConfigKeys (ConfUtils.java:logGet(43)) - raft.server.storage.dir = [/opt/src/hadoop-ozone/integration-test/target/test-dir/MiniOzoneClusterImpl-e53119fe-5eef-4966-a383-af2bf0f910a9/datanode-5/data/ratis] (custom)
2019-06-14 00:45:39,556 INFO  server.XceiverServerGrpc (XceiverServerGrpc.java:<init>(97)) - Found a free port for the server : 34665
2019-06-14 00:45:39,557 INFO  replication.SimpleContainerDownloader (SimpleContainerDownloader.java:<init>(72)) - Starting container downloader service to copy containers to replicate.
2019-06-14 00:45:39,558 INFO  hdfs.DFSUtil (DFSUtil.java:httpServerTemplateForNNAndJN(1641)) - Starting Web-server for hddsDatanode at: http://0.0.0.0:0
2019-06-14 00:45:39,558 INFO  server.AuthenticationFilter (AuthenticationFilter.java:constructSecretProvider(240)) - Unable to initialize FileSignerSecretProvider, falling back to use random secrets.
2019-06-14 00:45:39,559 WARN  http.HttpRequestLog (HttpRequestLog.java:getRequestLog(97)) - Jetty request log can only be enabled using Log4j
2019-06-14 00:45:39,560 INFO  http.HttpServer2 (HttpServer2.java:addGlobalFilter(975)) - Added global filter 'safety' (class=org.apache.hadoop.http.HttpServer2$QuotingInputFilter)
2019-06-14 00:45:39,560 INFO  http.HttpServer2 (HttpServer2.java:addFilter(948)) - Added filter static_user_filter (class=org.apache.hadoop.http.lib.StaticUserWebFilter$StaticUserFilter) to context hddsDatanode
2019-06-14 00:45:39,560 INFO  http.HttpServer2 (HttpServer2.java:addFilter(958)) - Added filter static_user_filter (class=org.apache.hadoop.http.lib.StaticUserWebFilter$StaticUserFilter) to context static
2019-06-14 00:45:39,560 INFO  http.HttpServer2 (HttpServer2.java:addFilter(958)) - Added filter static_user_filter (class=org.apache.hadoop.http.lib.StaticUserWebFilter$StaticUserFilter) to context logs
2019-06-14 00:45:39,561 INFO  http.HttpServer2 (HttpServer2.java:bindListener(1191)) - Jetty bound to port 38481
2019-06-14 00:45:39,561 INFO  server.Server (Server.java:doStart(351)) - jetty-9.3.24.v20180605, build timestamp: 2018-06-05T17:11:56Z, git hash: 84205aa28f11a4f31f2a3b86d1bba2cc8ab69827
2019-06-14 00:45:39,571 INFO  handler.ContextHandler (ContextHandler.java:doStart(781)) - Started o.e.j.s.ServletContextHandler@58a7dc4{/logs,file:///opt/src/hadoop-ozone/integration-test/target/log,AVAILABLE}
2019-06-14 00:45:39,572 INFO  handler.ContextHandler (ContextHandler.java:doStart(781)) - Started o.e.j.s.ServletContextHandler@27f71195{/static,jar:file:/root/.m2/repository/org/apache/hadoop/hadoop-hdds-container-service/0.5.0-SNAPSHOT/hadoop-hdds-container-service-0.5.0-SNAPSHOT.jar!/webapps/static,AVAILABLE}
2019-06-14 00:45:39,592 INFO  handler.ContextHandler (ContextHandler.java:doStart(781)) - Started o.e.j.w.WebAppContext@26b3c9a2{/,file:///tmp/jetty-0.0.0.0-38481-hddsDatanode-_-any-4851530177095398481.dir/webapp/,AVAILABLE}{/hddsDatanode}
2019-06-14 00:45:39,593 INFO  server.AbstractConnector (AbstractConnector.java:doStart(278)) - Started ServerConnector@241b971f{HTTP/1.1,[http/1.1]}{0.0.0.0:38481}
2019-06-14 00:45:39,593 INFO  server.Server (Server.java:doStart(419)) - Started @5021ms
2019-06-14 00:45:39,594 INFO  server.BaseHttpServer (BaseHttpServer.java:updateConnectorAddress(207)) - HTTP server of HDDSDATANODE is listening at http://0.0.0.0:38481
2019-06-14 00:45:39,683 INFO  ozone.HddsDatanodeService (HddsDatanodeService.java:startPlugins(396)) - Started plug-in org.apache.hadoop.ozone.web.OzoneHddsDatanodeService@693f2213
2019-06-14 00:45:39,684 INFO  ozone.MiniOzoneClusterImpl (MiniOzoneClusterImpl.java:lambda$waitForClusterToBeReady$0(142)) - Waiting for cluster to be ready. Got 0 of 6 DN Heartbeats.
2019-06-14 00:45:39,687 INFO  util.JvmPauseMonitor (JvmPauseMonitor.java:run(188)) - Starting JVM pause monitor
2019-06-14 00:45:39,688 INFO  datanode.InitDatanodeState (InitDatanodeState.java:persistContainerDatanodeDetails(140)) - DatanodeDetails is persisted to /opt/src/hadoop-ozone/integration-test/target/test-dir/MiniOzoneClusterImpl-e53119fe-5eef-4966-a383-af2bf0f910a9/datanode-5/meta/datanode.id
2019-06-14 00:45:40,685 INFO  ozone.MiniOzoneClusterImpl (MiniOzoneClusterImpl.java:lambda$waitForClusterToBeReady$0(142)) - Waiting for cluster to be ready. Got 0 of 6 DN Heartbeats.
2019-06-14 00:45:40,735 INFO  ozoneimpl.OzoneContainer (OzoneContainer.java:start(186)) - Attempting to start container services.
2019-06-14 00:45:40,735 INFO  ozoneimpl.OzoneContainer (OzoneContainer.java:startContainerScrub(160)) - Background container scrubber has been disabled by hdds.containerscrub.enabled
2019-06-14 00:45:40,735 INFO  ratis.XceiverServerRatis (XceiverServerRatis.java:start(418)) - Starting XceiverServerRatis 0f9a7ae6-8bd8-49d6-8bd0-4d7835cbd19a at port 45915
2019-06-14 00:45:40,759 INFO  impl.RaftServerProxy (RaftServerProxy.java:lambda$start$3(299)) - 0f9a7ae6-8bd8-49d6-8bd0-4d7835cbd19a: start RPC server
2019-06-14 00:45:40,889 INFO  server.GrpcService (GrpcService.java:startImpl(148)) - 0f9a7ae6-8bd8-49d6-8bd0-4d7835cbd19a: GrpcService started, listening on 0.0.0.0/0.0.0.0:45915
2019-06-14 00:45:40,923 INFO  ozoneimpl.OzoneContainer (OzoneContainer.java:start(186)) - Attempting to start container services.
2019-06-14 00:45:40,924 INFO  ozoneimpl.OzoneContainer (OzoneContainer.java:startContainerScrub(160)) - Background container scrubber has been disabled by hdds.containerscrub.enabled
2019-06-14 00:45:40,924 INFO  ratis.XceiverServerRatis (XceiverServerRatis.java:start(418)) - Starting XceiverServerRatis 7416be56-b620-47bc-862e-739444292d17 at port 37483
2019-06-14 00:45:40,974 INFO  impl.RaftServerProxy (RaftServerProxy.java:lambda$start$3(299)) - 7416be56-b620-47bc-862e-739444292d17: start RPC server
2019-06-14 00:45:40,977 INFO  server.GrpcService (GrpcService.java:startImpl(148)) - 7416be56-b620-47bc-862e-739444292d17: GrpcService started, listening on 0.0.0.0/0.0.0.0:37483
2019-06-14 00:45:41,165 INFO  ozoneimpl.OzoneContainer (OzoneContainer.java:start(186)) - Attempting to start container services.
2019-06-14 00:45:41,166 INFO  ozoneimpl.OzoneContainer (OzoneContainer.java:startContainerScrub(160)) - Background container scrubber has been disabled by hdds.containerscrub.enabled
2019-06-14 00:45:41,167 INFO  ratis.XceiverServerRatis (XceiverServerRatis.java:start(418)) - Starting XceiverServerRatis 47b1cd11-efd6-4f80-afb1-edeada930e36 at port 35067
2019-06-14 00:45:41,171 INFO  impl.RaftServerProxy (RaftServerProxy.java:lambda$start$3(299)) - 47b1cd11-efd6-4f80-afb1-edeada930e36: start RPC server
2019-06-14 00:45:41,173 INFO  server.GrpcService (GrpcService.java:startImpl(148)) - 47b1cd11-efd6-4f80-afb1-edeada930e36: GrpcService started, listening on 0.0.0.0/0.0.0.0:35067
2019-06-14 00:45:41,357 INFO  ozoneimpl.OzoneContainer (OzoneContainer.java:start(186)) - Attempting to start container services.
2019-06-14 00:45:41,358 INFO  ozoneimpl.OzoneContainer (OzoneContainer.java:startContainerScrub(160)) - Background container scrubber has been disabled by hdds.containerscrub.enabled
2019-06-14 00:45:41,358 INFO  ratis.XceiverServerRatis (XceiverServerRatis.java:start(418)) - Starting XceiverServerRatis 00b669bb-3958-4202-a6ac-0e1070a2d711 at port 45705
2019-06-14 00:45:41,363 INFO  impl.RaftServerProxy (RaftServerProxy.java:lambda$start$3(299)) - 00b669bb-3958-4202-a6ac-0e1070a2d711: start RPC server
2019-06-14 00:45:41,365 INFO  server.GrpcService (GrpcService.java:startImpl(148)) - 00b669bb-3958-4202-a6ac-0e1070a2d711: GrpcService started, listening on 0.0.0.0/0.0.0.0:45705
2019-06-14 00:45:41,528 INFO  ozoneimpl.OzoneContainer (OzoneContainer.java:start(186)) - Attempting to start container services.
2019-06-14 00:45:41,529 INFO  ozoneimpl.OzoneContainer (OzoneContainer.java:startContainerScrub(160)) - Background container scrubber has been disabled by hdds.containerscrub.enabled
2019-06-14 00:45:41,529 INFO  ratis.XceiverServerRatis (XceiverServerRatis.java:start(418)) - Starting XceiverServerRatis 15226934-253d-4ea4-b6fd-d414a10ff261 at port 34577
2019-06-14 00:45:41,542 INFO  impl.RaftServerProxy (RaftServerProxy.java:lambda$start$3(299)) - 15226934-253d-4ea4-b6fd-d414a10ff261: start RPC server
2019-06-14 00:45:41,544 INFO  server.GrpcService (GrpcService.java:startImpl(148)) - 15226934-253d-4ea4-b6fd-d414a10ff261: GrpcService started, listening on 0.0.0.0/0.0.0.0:34577
2019-06-14 00:45:41,685 INFO  ozone.MiniOzoneClusterImpl (MiniOzoneClusterImpl.java:lambda$waitForClusterToBeReady$0(142)) - Waiting for cluster to be ready. Got 0 of 6 DN Heartbeats.
2019-06-14 00:45:41,691 INFO  ozoneimpl.OzoneContainer (OzoneContainer.java:start(186)) - Attempting to start container services.
2019-06-14 00:45:41,693 INFO  ozoneimpl.OzoneContainer (OzoneContainer.java:startContainerScrub(160)) - Background container scrubber has been disabled by hdds.containerscrub.enabled
2019-06-14 00:45:41,693 INFO  ratis.XceiverServerRatis (XceiverServerRatis.java:start(418)) - Starting XceiverServerRatis 07fd3603-778d-48ba-a516-3718704fd394 at port 45953
2019-06-14 00:45:41,696 INFO  impl.RaftServerProxy (RaftServerProxy.java:lambda$start$3(299)) - 07fd3603-778d-48ba-a516-3718704fd394: start RPC server
2019-06-14 00:45:41,698 INFO  server.GrpcService (GrpcService.java:startImpl(148)) - 07fd3603-778d-48ba-a516-3718704fd394: GrpcService started, listening on 0.0.0.0/0.0.0.0:45953
2019-06-14 00:45:42,685 INFO  ozone.MiniOzoneClusterImpl (MiniOzoneClusterImpl.java:lambda$waitForClusterToBeReady$0(142)) - Waiting for cluster to be ready. Got 0 of 6 DN Heartbeats.
2019-06-14 00:45:42,734 INFO  node.SCMNodeManager (SCMNodeManager.java:register(234)) - Registered Data node : 0f9a7ae6-8bd8-49d6-8bd0-4d7835cbd19a{ip: 192.168.11.204, host: ozone-z78dj-180245278, networkLocation: /default-rack, certSerialId: null}
2019-06-14 00:45:42,743 INFO  safemode.SCMSafeModeManager (DataNodeSafeModeRule.java:process(71)) - SCM in safe mode. 1 DataNodes registered, 1 required.
2019-06-14 00:45:42,743 INFO  safemode.SCMSafeModeManager (SCMSafeModeManager.java:validateSafeModeExitRules(177)) - ScmSafeModeManager, all rules are successfully validated
2019-06-14 00:45:42,743 INFO  safemode.SCMSafeModeManager (SCMSafeModeManager.java:exitSafeMode(193)) - SCM exiting safe mode.
2019-06-14 00:45:42,921 INFO  node.SCMNodeManager (SCMNodeManager.java:register(234)) - Registered Data node : 7416be56-b620-47bc-862e-739444292d17{ip: 192.168.11.204, host: ozone-z78dj-180245278, networkLocation: /default-rack, certSerialId: null}
2019-06-14 00:45:43,098 INFO  impl.RaftServerProxy (RaftServerProxy.java:addNew(89)) - 0f9a7ae6-8bd8-49d6-8bd0-4d7835cbd19a: addNew group-EBDC640DA4B7:[0f9a7ae6-8bd8-49d6-8bd0-4d7835cbd19a:192.168.11.204:45915] returns group-EBDC640DA4B7:java.util.concurrent.CompletableFuture@606eb5a8[Not completed]
2019-06-14 00:45:43,103 INFO  impl.RaftServerImpl (RaftServerImpl.java:<init>(91)) - 0f9a7ae6-8bd8-49d6-8bd0-4d7835cbd19a: new RaftServerImpl for group-EBDC640DA4B7:[0f9a7ae6-8bd8-49d6-8bd0-4d7835cbd19a:192.168.11.204:45915] with ContainerStateMachine:uninitialized
2019-06-14 00:45:43,104 INFO  server.RaftServerConfigKeys (ConfUtils.java:logGet(43)) - raft.server.rpc.timeout.min = 1s (custom)
2019-06-14 00:45:43,104 INFO  server.RaftServerConfigKeys (ConfUtils.java:logGet(43)) - raft.server.rpc.timeout.max = 1200ms (custom)
2019-06-14 00:45:43,104 INFO  server.RaftServerConfigKeys (ConfUtils.java:logGet(43)) - raft.server.rpcslowness.timeout = 10s (custom)
2019-06-14 00:45:43,104 INFO  server.RaftServerConfigKeys (ConfUtils.java:logGet(43)) - raft.server.log.appender.install.snapshot.enabled = true (default)
2019-06-14 00:45:43,109 INFO  impl.RaftServerImpl (ServerState.java:<init>(101)) - 0f9a7ae6-8bd8-49d6-8bd0-4d7835cbd19a:group-EBDC640DA4B7 ConfigurationManager, init=-1: [0f9a7ae6-8bd8-49d6-8bd0-4d7835cbd19a:192.168.11.204:45915], old=null, confs=<EMPTY_MAP>
2019-06-14 00:45:43,109 INFO  server.RaftServerConfigKeys (ConfUtils.java:logGet(43)) - raft.server.storage.dir = [/opt/src/hadoop-ozone/integration-test/target/test-dir/MiniOzoneClusterImpl-e53119fe-5eef-4966-a383-af2bf0f910a9/datanode-0/data/ratis] (custom)
2019-06-14 00:45:43,114 INFO  storage.RaftStorageDirectory (RaftStorageDirectory.java:analyzeStorage(246)) - The storage directory /opt/src/hadoop-ozone/integration-test/target/test-dir/MiniOzoneClusterImpl-e53119fe-5eef-4966-a383-af2bf0f910a9/datanode-0/data/ratis/9b6cf195-87dd-4299-8dfc-ebdc640da4b7 does not exist. Creating ...
2019-06-14 00:45:43,119 INFO  storage.RaftStorageDirectory (RaftStorageDirectory.java:tryLock(328)) - Lock on /opt/src/hadoop-ozone/integration-test/target/test-dir/MiniOzoneClusterImpl-e53119fe-5eef-4966-a383-af2bf0f910a9/datanode-0/data/ratis/9b6cf195-87dd-4299-8dfc-ebdc640da4b7/in_use.lock acquired by nodename 10108@ozone-z78dj-180245278
2019-06-14 00:45:43,122 INFO  storage.RaftStorage (RaftStorage.java:format(75)) - Storage directory /opt/src/hadoop-ozone/integration-test/target/test-dir/MiniOzoneClusterImpl-e53119fe-5eef-4966-a383-af2bf0f910a9/datanode-0/data/ratis/9b6cf195-87dd-4299-8dfc-ebdc640da4b7 has been successfully formatted.
2019-06-14 00:45:43,123 INFO  ratis.ContainerStateMachine (ContainerStateMachine.java:loadSnapshot(199)) - The snapshot info is null.Setting the last applied index to:(t:0, i:~)
2019-06-14 00:45:43,124 INFO  server.RaftServerConfigKeys (ConfUtils.java:logGet(43)) - raft.server.leader.election.timeout = 10s (custom)
2019-06-14 00:45:43,125 INFO  server.RaftServerConfigKeys (ConfUtils.java:logGet(43)) - raft.server.log.use.memory = false (default)
2019-06-14 00:45:43,240 INFO  server.RaftServerConfigKeys (ConfUtils.java:logGet(43)) - raft.server.log.appender.buffer.byte-limit = 33554432 (custom)
2019-06-14 00:45:43,240 INFO  node.SCMNodeManager (SCMNodeManager.java:register(234)) - Registered Data node : 47b1cd11-efd6-4f80-afb1-edeada930e36{ip: 192.168.11.204, host: ozone-z78dj-180245278, networkLocation: /default-rack, certSerialId: null}
2019-06-14 00:45:43,244 INFO  server.RaftServerConfigKeys (ConfUtils.java:logGet(43)) - raft.server.log.segment.size.max = 16384 (custom)
2019-06-14 00:45:43,248 INFO  server.RaftServerConfigKeys (ConfUtils.java:logGet(43)) - raft.server.log.segment.cache.num.max = 2 (custom)
2019-06-14 00:45:43,250 INFO  storage.RaftLogWorker (RaftLogWorker.java:<init>(123)) - new 0f9a7ae6-8bd8-49d6-8bd0-4d7835cbd19a-RaftLogWorker for Storage Directory /opt/src/hadoop-ozone/integration-test/target/test-dir/MiniOzoneClusterImpl-e53119fe-5eef-4966-a383-af2bf0f910a9/datanode-0/data/ratis/9b6cf195-87dd-4299-8dfc-ebdc640da4b7
2019-06-14 00:45:43,250 INFO  server.RaftServerConfigKeys (ConfUtils.java:logGet(43)) - raft.server.log.queue.byte-limit = 2147483647 (custom)
2019-06-14 00:45:43,251 INFO  server.RaftServerConfigKeys (ConfUtils.java:logGet(43)) - raft.server.log.queue.element-limit = 1024 (custom)
2019-06-14 00:45:43,252 INFO  server.RaftServerConfigKeys (ConfUtils.java:logGet(43)) - raft.server.log.segment.size.max = 16384 (custom)
2019-06-14 00:45:43,252 INFO  server.RaftServerConfigKeys (ConfUtils.java:logGet(43)) - raft.server.log.preallocated.size = 16384 (custom)
2019-06-14 00:45:43,253 INFO  server.RaftServerConfigKeys (ConfUtils.java:logGet(43)) - raft.server.log.write.buffer.size = 33554432 (custom)
2019-06-14 00:45:43,253 INFO  server.RaftServerConfigKeys (ConfUtils.java:logGet(43)) - raft.server.log.force.sync.num = 128 (default)
2019-06-14 00:45:43,254 INFO  server.RaftServerConfigKeys (ConfUtils.java:logGet(43)) - raft.server.log.statemachine.data.sync = true (default)
2019-06-14 00:45:43,254 INFO  server.RaftServerConfigKeys (ConfUtils.java:logGet(43)) - raft.server.log.statemachine.data.sync.timeout = 10s (default)
2019-06-14 00:45:43,254 INFO  server.RaftServerConfigKeys (ConfUtils.java:logGet(43)) - raft.server.log.statemachine.data.sync.timeout.retry = -1 (default)
2019-06-14 00:45:43,256 INFO  server.RaftServerConfigKeys (ConfUtils.java:logGet(43)) - raft.server.log.statemachine.data.caching.enabled = true (custom)
2019-06-14 00:45:43,261 INFO  server.RaftServerConfigKeys (ConfUtils.java:logGet(43)) - raft.server.snapshot.auto.trigger.enabled = true (custom)
2019-06-14 00:45:43,261 INFO  server.RaftServerConfigKeys (ConfUtils.java:logGet(43)) - raft.server.snapshot.auto.trigger.threshold = 10000 (custom)
2019-06-14 00:45:43,262 INFO  server.RaftServerConfigKeys (ConfUtils.java:logGet(43)) - raft.server.retrycache.expirytime = 600000ms (custom)
2019-06-14 00:45:43,275 INFO  impl.RaftServerImpl (RaftServerImpl.java:start(173)) - 0f9a7ae6-8bd8-49d6-8bd0-4d7835cbd19a: start group-EBDC640DA4B7
2019-06-14 00:45:43,276 INFO  impl.RaftServerImpl (RaftServerImpl.java:setRole(164)) - 0f9a7ae6-8bd8-49d6-8bd0-4d7835cbd19a:group-EBDC640DA4B7 changes role from null to FOLLOWER at term 0 for startAsFollower
2019-06-14 00:45:43,277 INFO  impl.RoleInfo (RoleInfo.java:updateAndGet(143)) - 0f9a7ae6-8bd8-49d6-8bd0-4d7835cbd19a: start FollowerState
2019-06-14 00:45:43,278 INFO  util.JmxRegister (JmxRegister.java:tryRegister(44)) - Successfully registered JMX Bean with object name Ratis:service=RaftServer,group=group-EBDC640DA4B7,id=0f9a7ae6-8bd8-49d6-8bd0-4d7835cbd19a
2019-06-14 00:45:43,318 INFO  pipeline.PipelineStateManager (PipelineStateManager.java:addPipeline(56)) - Created pipeline Pipeline[ Id: 9b6cf195-87dd-4299-8dfc-ebdc640da4b7, Nodes: 0f9a7ae6-8bd8-49d6-8bd0-4d7835cbd19a{ip: 192.168.11.204, host: ozone-z78dj-180245278, networkLocation: /default-rack, certSerialId: null}, Type:RATIS, Factor:ONE, State:OPEN]
2019-06-14 00:45:43,336 INFO  impl.RaftServerProxy (RaftServerProxy.java:addNew(89)) - 7416be56-b620-47bc-862e-739444292d17: addNew group-F0A5BF5C0C18:[7416be56-b620-47bc-862e-739444292d17:192.168.11.204:37483] returns group-F0A5BF5C0C18:java.util.concurrent.CompletableFuture@6d3f6da[Not completed]
2019-06-14 00:45:43,337 INFO  impl.RaftServerImpl (RaftServerImpl.java:<init>(91)) - 7416be56-b620-47bc-862e-739444292d17: new RaftServerImpl for group-F0A5BF5C0C18:[7416be56-b620-47bc-862e-739444292d17:192.168.11.204:37483] with ContainerStateMachine:uninitialized
2019-06-14 00:45:43,338 INFO  server.RaftServerConfigKeys (ConfUtils.java:logGet(43)) - raft.server.rpc.timeout.min = 1s (custom)
2019-06-14 00:45:43,338 INFO  server.RaftServerConfigKeys (ConfUtils.java:logGet(43)) - raft.server.rpc.timeout.max = 1200ms (custom)
2019-06-14 00:45:43,338 INFO  server.RaftServerConfigKeys (ConfUtils.java:logGet(43)) - raft.server.rpcslowness.timeout = 10s (custom)
2019-06-14 00:45:43,338 INFO  server.RaftServerConfigKeys (ConfUtils.java:logGet(43)) - raft.server.log.appender.install.snapshot.enabled = true (default)
2019-06-14 00:45:43,338 INFO  impl.RaftServerImpl (ServerState.java:<init>(101)) - 7416be56-b620-47bc-862e-739444292d17:group-F0A5BF5C0C18 ConfigurationManager, init=-1: [7416be56-b620-47bc-862e-739444292d17:192.168.11.204:37483], old=null, confs=<EMPTY_MAP>
2019-06-14 00:45:43,338 INFO  server.RaftServerConfigKeys (ConfUtils.java:logGet(43)) - raft.server.storage.dir = [/opt/src/hadoop-ozone/integration-test/target/test-dir/MiniOzoneClusterImpl-e53119fe-5eef-4966-a383-af2bf0f910a9/datanode-1/data/ratis] (custom)
2019-06-14 00:45:43,339 INFO  storage.RaftStorageDirectory (RaftStorageDirectory.java:analyzeStorage(246)) - The storage directory /opt/src/hadoop-ozone/integration-test/target/test-dir/MiniOzoneClusterImpl-e53119fe-5eef-4966-a383-af2bf0f910a9/datanode-1/data/ratis/780e7ff8-0234-4f2e-9cbd-f0a5bf5c0c18 does not exist. Creating ...
2019-06-14 00:45:43,341 INFO  storage.RaftStorageDirectory (RaftStorageDirectory.java:tryLock(328)) - Lock on /opt/src/hadoop-ozone/integration-test/target/test-dir/MiniOzoneClusterImpl-e53119fe-5eef-4966-a383-af2bf0f910a9/datanode-1/data/ratis/780e7ff8-0234-4f2e-9cbd-f0a5bf5c0c18/in_use.lock acquired by nodename 10108@ozone-z78dj-180245278
2019-06-14 00:45:43,343 INFO  storage.RaftStorage (RaftStorage.java:format(75)) - Storage directory /opt/src/hadoop-ozone/integration-test/target/test-dir/MiniOzoneClusterImpl-e53119fe-5eef-4966-a383-af2bf0f910a9/datanode-1/data/ratis/780e7ff8-0234-4f2e-9cbd-f0a5bf5c0c18 has been successfully formatted.
2019-06-14 00:45:43,343 INFO  ratis.ContainerStateMachine (ContainerStateMachine.java:loadSnapshot(199)) - The snapshot info is null.Setting the last applied index to:(t:0, i:~)
2019-06-14 00:45:43,343 INFO  server.RaftServerConfigKeys (ConfUtils.java:logGet(43)) - raft.server.leader.election.timeout = 10s (custom)
2019-06-14 00:45:43,343 INFO  server.RaftServerConfigKeys (ConfUtils.java:logGet(43)) - raft.server.log.use.memory = false (default)
2019-06-14 00:45:43,343 INFO  server.RaftServerConfigKeys (ConfUtils.java:logGet(43)) - raft.server.log.appender.buffer.byte-limit = 33554432 (custom)
2019-06-14 00:45:43,343 INFO  server.RaftServerConfigKeys (ConfUtils.java:logGet(43)) - raft.server.log.segment.size.max = 16384 (custom)
2019-06-14 00:45:43,343 INFO  server.RaftServerConfigKeys (ConfUtils.java:logGet(43)) - raft.server.log.segment.cache.num.max = 2 (custom)
2019-06-14 00:45:43,343 INFO  storage.RaftLogWorker (RaftLogWorker.java:<init>(123)) - new 7416be56-b620-47bc-862e-739444292d17-RaftLogWorker for Storage Directory /opt/src/hadoop-ozone/integration-test/target/test-dir/MiniOzoneClusterImpl-e53119fe-5eef-4966-a383-af2bf0f910a9/datanode-1/data/ratis/780e7ff8-0234-4f2e-9cbd-f0a5bf5c0c18
2019-06-14 00:45:43,345 INFO  server.RaftServerConfigKeys (ConfUtils.java:logGet(43)) - raft.server.log.queue.byte-limit = 2147483647 (custom)
2019-06-14 00:45:43,345 INFO  server.RaftServerConfigKeys (ConfUtils.java:logGet(43)) - raft.server.log.queue.element-limit = 1024 (custom)
2019-06-14 00:45:43,345 INFO  server.RaftServerConfigKeys (ConfUtils.java:logGet(43)) - raft.server.log.segment.size.max = 16384 (custom)
2019-06-14 00:45:43,345 INFO  server.RaftServerConfigKeys (ConfUtils.java:logGet(43)) - raft.server.log.preallocated.size = 16384 (custom)
2019-06-14 00:45:43,345 INFO  server.RaftServerConfigKeys (ConfUtils.java:logGet(43)) - raft.server.log.write.buffer.size = 33554432 (custom)
2019-06-14 00:45:43,345 INFO  server.RaftServerConfigKeys (ConfUtils.java:logGet(43)) - raft.server.log.force.sync.num = 128 (default)
2019-06-14 00:45:43,345 INFO  server.RaftServerConfigKeys (ConfUtils.java:logGet(43)) - raft.server.log.statemachine.data.sync = true (default)
2019-06-14 00:45:43,345 INFO  server.RaftServerConfigKeys (ConfUtils.java:logGet(43)) - raft.server.log.statemachine.data.sync.timeout = 10s (default)
2019-06-14 00:45:43,346 INFO  server.RaftServerConfigKeys (ConfUtils.java:logGet(43)) - raft.server.log.statemachine.data.sync.timeout.retry = -1 (default)
2019-06-14 00:45:43,346 INFO  server.RaftServerConfigKeys (ConfUtils.java:logGet(43)) - raft.server.log.statemachine.data.caching.enabled = true (custom)
2019-06-14 00:45:43,346 INFO  server.RaftServerConfigKeys (ConfUtils.java:logGet(43)) - raft.server.snapshot.auto.trigger.enabled = true (custom)
2019-06-14 00:45:43,346 INFO  server.RaftServerConfigKeys (ConfUtils.java:logGet(43)) - raft.server.snapshot.auto.trigger.threshold = 10000 (custom)
2019-06-14 00:45:43,346 INFO  server.RaftServerConfigKeys (ConfUtils.java:logGet(43)) - raft.server.retrycache.expirytime = 600000ms (custom)
2019-06-14 00:45:43,347 INFO  impl.RaftServerImpl (RaftServerImpl.java:start(173)) - 7416be56-b620-47bc-862e-739444292d17: start group-F0A5BF5C0C18
2019-06-14 00:45:43,347 INFO  impl.RaftServerImpl (RaftServerImpl.java:setRole(164)) - 7416be56-b620-47bc-862e-739444292d17:group-F0A5BF5C0C18 changes role from null to FOLLOWER at term 0 for startAsFollower
2019-06-14 00:45:43,347 INFO  impl.RoleInfo (RoleInfo.java:updateAndGet(143)) - 7416be56-b620-47bc-862e-739444292d17: start FollowerState
2019-06-14 00:45:43,348 INFO  util.JmxRegister (JmxRegister.java:tryRegister(44)) - Successfully registered JMX Bean with object name Ratis:service=RaftServer,group=group-F0A5BF5C0C18,id=7416be56-b620-47bc-862e-739444292d17
2019-06-14 00:45:43,356 INFO  pipeline.PipelineStateManager (PipelineStateManager.java:addPipeline(56)) - Created pipeline Pipeline[ Id: 780e7ff8-0234-4f2e-9cbd-f0a5bf5c0c18, Nodes: 7416be56-b620-47bc-862e-739444292d17{ip: 192.168.11.204, host: ozone-z78dj-180245278, networkLocation: /default-rack, certSerialId: null}, Type:RATIS, Factor:ONE, State:OPEN]
2019-06-14 00:45:43,356 INFO  node.SCMNodeManager (SCMNodeManager.java:register(234)) - Registered Data node : 00b669bb-3958-4202-a6ac-0e1070a2d711{ip: 192.168.11.204, host: ozone-z78dj-180245278, networkLocation: /default-rack, certSerialId: null}
2019-06-14 00:45:43,380 INFO  impl.RaftServerProxy (RaftServerProxy.java:addNew(89)) - 47b1cd11-efd6-4f80-afb1-edeada930e36: addNew group-9B24B56A6A08:[47b1cd11-efd6-4f80-afb1-edeada930e36:192.168.11.204:35067] returns group-9B24B56A6A08:java.util.concurrent.CompletableFuture@587ca1dc[Not completed]
2019-06-14 00:45:43,413 INFO  impl.RaftServerImpl (RaftServerImpl.java:<init>(91)) - 47b1cd11-efd6-4f80-afb1-edeada930e36: new RaftServerImpl for group-9B24B56A6A08:[47b1cd11-efd6-4f80-afb1-edeada930e36:192.168.11.204:35067] with ContainerStateMachine:uninitialized
2019-06-14 00:45:43,414 INFO  server.RaftServerConfigKeys (ConfUtils.java:logGet(43)) - raft.server.rpc.timeout.min = 1s (custom)
2019-06-14 00:45:43,414 INFO  server.RaftServerConfigKeys (ConfUtils.java:logGet(43)) - raft.server.rpc.timeout.max = 1200ms (custom)
2019-06-14 00:45:43,414 INFO  server.RaftServerConfigKeys (ConfUtils.java:logGet(43)) - raft.server.rpcslowness.timeout = 10s (custom)
2019-06-14 00:45:43,414 INFO  server.RaftServerConfigKeys (ConfUtils.java:logGet(43)) - raft.server.log.appender.install.snapshot.enabled = true (default)
2019-06-14 00:45:43,414 INFO  impl.RaftServerImpl (ServerState.java:<init>(101)) - 47b1cd11-efd6-4f80-afb1-edeada930e36:group-9B24B56A6A08 ConfigurationManager, init=-1: [47b1cd11-efd6-4f80-afb1-edeada930e36:192.168.11.204:35067], old=null, confs=<EMPTY_MAP>
2019-06-14 00:45:43,414 INFO  server.RaftServerConfigKeys (ConfUtils.java:logGet(43)) - raft.server.storage.dir = [/opt/src/hadoop-ozone/integration-test/target/test-dir/MiniOzoneClusterImpl-e53119fe-5eef-4966-a383-af2bf0f910a9/datanode-2/data/ratis] (custom)
2019-06-14 00:45:43,414 INFO  storage.RaftStorageDirectory (RaftStorageDirectory.java:analyzeStorage(246)) - The storage directory /opt/src/hadoop-ozone/integration-test/target/test-dir/MiniOzoneClusterImpl-e53119fe-5eef-4966-a383-af2bf0f910a9/datanode-2/data/ratis/21c27975-110e-4a9a-8808-9b24b56a6a08 does not exist. Creating ...
2019-06-14 00:45:43,417 INFO  storage.RaftStorageDirectory (RaftStorageDirectory.java:tryLock(328)) - Lock on /opt/src/hadoop-ozone/integration-test/target/test-dir/MiniOzoneClusterImpl-e53119fe-5eef-4966-a383-af2bf0f910a9/datanode-2/data/ratis/21c27975-110e-4a9a-8808-9b24b56a6a08/in_use.lock acquired by nodename 10108@ozone-z78dj-180245278
2019-06-14 00:45:43,419 INFO  storage.RaftStorage (RaftStorage.java:format(75)) - Storage directory /opt/src/hadoop-ozone/integration-test/target/test-dir/MiniOzoneClusterImpl-e53119fe-5eef-4966-a383-af2bf0f910a9/datanode-2/data/ratis/21c27975-110e-4a9a-8808-9b24b56a6a08 has been successfully formatted.
2019-06-14 00:45:43,420 INFO  ratis.ContainerStateMachine (ContainerStateMachine.java:loadSnapshot(199)) - The snapshot info is null.Setting the last applied index to:(t:0, i:~)
2019-06-14 00:45:43,421 INFO  server.RaftServerConfigKeys (ConfUtils.java:logGet(43)) - raft.server.leader.election.timeout = 10s (custom)
2019-06-14 00:45:43,421 INFO  server.RaftServerConfigKeys (ConfUtils.java:logGet(43)) - raft.server.log.use.memory = false (default)
2019-06-14 00:45:43,421 INFO  server.RaftServerConfigKeys (ConfUtils.java:logGet(43)) - raft.server.log.appender.buffer.byte-limit = 33554432 (custom)
2019-06-14 00:45:43,421 INFO  server.RaftServerConfigKeys (ConfUtils.java:logGet(43)) - raft.server.log.segment.size.max = 16384 (custom)
2019-06-14 00:45:43,421 INFO  server.RaftServerConfigKeys (ConfUtils.java:logGet(43)) - raft.server.log.segment.cache.num.max = 2 (custom)
2019-06-14 00:45:43,422 INFO  storage.RaftLogWorker (RaftLogWorker.java:<init>(123)) - new 47b1cd11-efd6-4f80-afb1-edeada930e36-RaftLogWorker for Storage Directory /opt/src/hadoop-ozone/integration-test/target/test-dir/MiniOzoneClusterImpl-e53119fe-5eef-4966-a383-af2bf0f910a9/datanode-2/data/ratis/21c27975-110e-4a9a-8808-9b24b56a6a08
2019-06-14 00:45:43,422 INFO  server.RaftServerConfigKeys (ConfUtils.java:logGet(43)) - raft.server.log.queue.byte-limit = 2147483647 (custom)
2019-06-14 00:45:43,422 INFO  server.RaftServerConfigKeys (ConfUtils.java:logGet(43)) - raft.server.log.queue.element-limit = 1024 (custom)
2019-06-14 00:45:43,422 INFO  server.RaftServerConfigKeys (ConfUtils.java:logGet(43)) - raft.server.log.segment.size.max = 16384 (custom)
2019-06-14 00:45:43,422 INFO  server.RaftServerConfigKeys (ConfUtils.java:logGet(43)) - raft.server.log.preallocated.size = 16384 (custom)
2019-06-14 00:45:43,422 INFO  server.RaftServerConfigKeys (ConfUtils.java:logGet(43)) - raft.server.log.write.buffer.size = 33554432 (custom)
2019-06-14 00:45:43,422 INFO  server.RaftServerConfigKeys (ConfUtils.java:logGet(43)) - raft.server.log.force.sync.num = 128 (default)
2019-06-14 00:45:43,422 INFO  server.RaftServerConfigKeys (ConfUtils.java:logGet(43)) - raft.server.log.statemachine.data.sync = true (default)
2019-06-14 00:45:43,422 INFO  server.RaftServerConfigKeys (ConfUtils.java:logGet(43)) - raft.server.log.statemachine.data.sync.timeout = 10s (default)
2019-06-14 00:45:43,423 INFO  server.RaftServerConfigKeys (ConfUtils.java:logGet(43)) - raft.server.log.statemachine.data.sync.timeout.retry = -1 (default)
2019-06-14 00:45:43,423 INFO  server.RaftServerConfigKeys (ConfUtils.java:logGet(43)) - raft.server.log.statemachine.data.caching.enabled = true (custom)
2019-06-14 00:45:43,423 INFO  server.RaftServerConfigKeys (ConfUtils.java:logGet(43)) - raft.server.snapshot.auto.trigger.enabled = true (custom)
2019-06-14 00:45:43,423 INFO  server.RaftServerConfigKeys (ConfUtils.java:logGet(43)) - raft.server.snapshot.auto.trigger.threshold = 10000 (custom)
2019-06-14 00:45:43,423 INFO  server.RaftServerConfigKeys (ConfUtils.java:logGet(43)) - raft.server.retrycache.expirytime = 600000ms (custom)
2019-06-14 00:45:43,424 INFO  impl.RaftServerImpl (RaftServerImpl.java:start(173)) - 47b1cd11-efd6-4f80-afb1-edeada930e36: start group-9B24B56A6A08
2019-06-14 00:45:43,424 INFO  impl.RaftServerImpl (RaftServerImpl.java:setRole(164)) - 47b1cd11-efd6-4f80-afb1-edeada930e36:group-9B24B56A6A08 changes role from null to FOLLOWER at term 0 for startAsFollower
2019-06-14 00:45:43,424 INFO  impl.RoleInfo (RoleInfo.java:updateAndGet(143)) - 47b1cd11-efd6-4f80-afb1-edeada930e36: start FollowerState
2019-06-14 00:45:43,424 INFO  util.JmxRegister (JmxRegister.java:tryRegister(44)) - Successfully registered JMX Bean with object name Ratis:service=RaftServer,group=group-9B24B56A6A08,id=47b1cd11-efd6-4f80-afb1-edeada930e36
2019-06-14 00:45:43,434 INFO  pipeline.PipelineStateManager (PipelineStateManager.java:addPipeline(56)) - Created pipeline Pipeline[ Id: 21c27975-110e-4a9a-8808-9b24b56a6a08, Nodes: 47b1cd11-efd6-4f80-afb1-edeada930e36{ip: 192.168.11.204, host: ozone-z78dj-180245278, networkLocation: /default-rack, certSerialId: null}, Type:RATIS, Factor:ONE, State:OPEN]
2019-06-14 00:45:43,453 INFO  impl.RaftServerProxy (RaftServerProxy.java:addNew(89)) - 00b669bb-3958-4202-a6ac-0e1070a2d711: addNew group-75348DCD12E5:[00b669bb-3958-4202-a6ac-0e1070a2d711:192.168.11.204:45705] returns group-75348DCD12E5:java.util.concurrent.CompletableFuture@75973c6c[Not completed]
2019-06-14 00:45:43,457 INFO  impl.RaftServerImpl (RaftServerImpl.java:<init>(91)) - 00b669bb-3958-4202-a6ac-0e1070a2d711: new RaftServerImpl for group-75348DCD12E5:[00b669bb-3958-4202-a6ac-0e1070a2d711:192.168.11.204:45705] with ContainerStateMachine:uninitialized
2019-06-14 00:45:43,457 INFO  server.RaftServerConfigKeys (ConfUtils.java:logGet(43)) - raft.server.rpc.timeout.min = 1s (custom)
2019-06-14 00:45:43,457 INFO  server.RaftServerConfigKeys (ConfUtils.java:logGet(43)) - raft.server.rpc.timeout.max = 1200ms (custom)
2019-06-14 00:45:43,457 INFO  server.RaftServerConfigKeys (ConfUtils.java:logGet(43)) - raft.server.rpcslowness.timeout = 10s (custom)
2019-06-14 00:45:43,457 INFO  server.RaftServerConfigKeys (ConfUtils.java:logGet(43)) - raft.server.log.appender.install.snapshot.enabled = true (default)
2019-06-14 00:45:43,457 INFO  impl.RaftServerImpl (ServerState.java:<init>(101)) - 00b669bb-3958-4202-a6ac-0e1070a2d711:group-75348DCD12E5 ConfigurationManager, init=-1: [00b669bb-3958-4202-a6ac-0e1070a2d711:192.168.11.204:45705], old=null, confs=<EMPTY_MAP>
2019-06-14 00:45:43,458 INFO  server.RaftServerConfigKeys (ConfUtils.java:logGet(43)) - raft.server.storage.dir = [/opt/src/hadoop-ozone/integration-test/target/test-dir/MiniOzoneClusterImpl-e53119fe-5eef-4966-a383-af2bf0f910a9/datanode-3/data/ratis] (custom)
2019-06-14 00:45:43,458 INFO  storage.RaftStorageDirectory (RaftStorageDirectory.java:analyzeStorage(246)) - The storage directory /opt/src/hadoop-ozone/integration-test/target/test-dir/MiniOzoneClusterImpl-e53119fe-5eef-4966-a383-af2bf0f910a9/datanode-3/data/ratis/d09efac3-728b-4286-9509-75348dcd12e5 does not exist. Creating ...
2019-06-14 00:45:43,460 INFO  storage.RaftStorageDirectory (RaftStorageDirectory.java:tryLock(328)) - Lock on /opt/src/hadoop-ozone/integration-test/target/test-dir/MiniOzoneClusterImpl-e53119fe-5eef-4966-a383-af2bf0f910a9/datanode-3/data/ratis/d09efac3-728b-4286-9509-75348dcd12e5/in_use.lock acquired by nodename 10108@ozone-z78dj-180245278
2019-06-14 00:45:43,462 INFO  storage.RaftStorage (RaftStorage.java:format(75)) - Storage directory /opt/src/hadoop-ozone/integration-test/target/test-dir/MiniOzoneClusterImpl-e53119fe-5eef-4966-a383-af2bf0f910a9/datanode-3/data/ratis/d09efac3-728b-4286-9509-75348dcd12e5 has been successfully formatted.
2019-06-14 00:45:43,462 INFO  ratis.ContainerStateMachine (ContainerStateMachine.java:loadSnapshot(199)) - The snapshot info is null.Setting the last applied index to:(t:0, i:~)
2019-06-14 00:45:43,462 INFO  server.RaftServerConfigKeys (ConfUtils.java:logGet(43)) - raft.server.leader.election.timeout = 10s (custom)
2019-06-14 00:45:43,462 INFO  server.RaftServerConfigKeys (ConfUtils.java:logGet(43)) - raft.server.log.use.memory = false (default)
2019-06-14 00:45:43,462 INFO  server.RaftServerConfigKeys (ConfUtils.java:logGet(43)) - raft.server.log.appender.buffer.byte-limit = 33554432 (custom)
2019-06-14 00:45:43,462 INFO  server.RaftServerConfigKeys (ConfUtils.java:logGet(43)) - raft.server.log.segment.size.max = 16384 (custom)
2019-06-14 00:45:43,462 INFO  server.RaftServerConfigKeys (ConfUtils.java:logGet(43)) - raft.server.log.segment.cache.num.max = 2 (custom)
2019-06-14 00:45:43,462 INFO  storage.RaftLogWorker (RaftLogWorker.java:<init>(123)) - new 00b669bb-3958-4202-a6ac-0e1070a2d711-RaftLogWorker for Storage Directory /opt/src/hadoop-ozone/integration-test/target/test-dir/MiniOzoneClusterImpl-e53119fe-5eef-4966-a383-af2bf0f910a9/datanode-3/data/ratis/d09efac3-728b-4286-9509-75348dcd12e5
2019-06-14 00:45:43,462 INFO  server.RaftServerConfigKeys (ConfUtils.java:logGet(43)) - raft.server.log.queue.byte-limit = 2147483647 (custom)
2019-06-14 00:45:43,463 INFO  server.RaftServerConfigKeys (ConfUtils.java:logGet(43)) - raft.server.log.queue.element-limit = 1024 (custom)
2019-06-14 00:45:43,463 INFO  server.RaftServerConfigKeys (ConfUtils.java:logGet(43)) - raft.server.log.segment.size.max = 16384 (custom)
2019-06-14 00:45:43,463 INFO  server.RaftServerConfigKeys (ConfUtils.java:logGet(43)) - raft.server.log.preallocated.size = 16384 (custom)
2019-06-14 00:45:43,463 INFO  server.RaftServerConfigKeys (ConfUtils.java:logGet(43)) - raft.server.log.write.buffer.size = 33554432 (custom)
2019-06-14 00:45:43,463 INFO  server.RaftServerConfigKeys (ConfUtils.java:logGet(43)) - raft.server.log.force.sync.num = 128 (default)
2019-06-14 00:45:43,463 INFO  server.RaftServerConfigKeys (ConfUtils.java:logGet(43)) - raft.server.log.statemachine.data.sync = true (default)
2019-06-14 00:45:43,463 INFO  server.RaftServerConfigKeys (ConfUtils.java:logGet(43)) - raft.server.log.statemachine.data.sync.timeout = 10s (default)
2019-06-14 00:45:43,463 INFO  server.RaftServerConfigKeys (ConfUtils.java:logGet(43)) - raft.server.log.statemachine.data.sync.timeout.retry = -1 (default)
2019-06-14 00:45:43,463 INFO  server.RaftServerConfigKeys (ConfUtils.java:logGet(43)) - raft.server.log.statemachine.data.caching.enabled = true (custom)
2019-06-14 00:45:43,463 INFO  server.RaftServerConfigKeys (ConfUtils.java:logGet(43)) - raft.server.snapshot.auto.trigger.enabled = true (custom)
2019-06-14 00:45:43,464 INFO  server.RaftServerConfigKeys (ConfUtils.java:logGet(43)) - raft.server.snapshot.auto.trigger.threshold = 10000 (custom)
2019-06-14 00:45:43,464 INFO  server.RaftServerConfigKeys (ConfUtils.java:logGet(43)) - raft.server.retrycache.expirytime = 600000ms (custom)
2019-06-14 00:45:43,464 INFO  impl.RaftServerImpl (RaftServerImpl.java:start(173)) - 00b669bb-3958-4202-a6ac-0e1070a2d711: start group-75348DCD12E5
2019-06-14 00:45:43,464 INFO  impl.RaftServerImpl (RaftServerImpl.java:setRole(164)) - 00b669bb-3958-4202-a6ac-0e1070a2d711:group-75348DCD12E5 changes role from null to FOLLOWER at term 0 for startAsFollower
2019-06-14 00:45:43,464 INFO  impl.RoleInfo (RoleInfo.java:updateAndGet(143)) - 00b669bb-3958-4202-a6ac-0e1070a2d711: start FollowerState
2019-06-14 00:45:43,464 INFO  util.JmxRegister (JmxRegister.java:tryRegister(44)) - Successfully registered JMX Bean with object name Ratis:service=RaftServer,group=group-75348DCD12E5,id=00b669bb-3958-4202-a6ac-0e1070a2d711
2019-06-14 00:45:43,471 INFO  pipeline.PipelineStateManager (PipelineStateManager.java:addPipeline(56)) - Created pipeline Pipeline[ Id: d09efac3-728b-4286-9509-75348dcd12e5, Nodes: 00b669bb-3958-4202-a6ac-0e1070a2d711{ip: 192.168.11.204, host: ozone-z78dj-180245278, networkLocation: /default-rack, certSerialId: null}, Type:RATIS, Factor:ONE, State:OPEN]
2019-06-14 00:45:43,487 INFO  impl.RaftServerProxy (RaftServerProxy.java:addNew(89)) - 7416be56-b620-47bc-862e-739444292d17: addNew group-A67F26CD4BD3:[7416be56-b620-47bc-862e-739444292d17:192.168.11.204:37483, 47b1cd11-efd6-4f80-afb1-edeada930e36:192.168.11.204:35067, 00b669bb-3958-4202-a6ac-0e1070a2d711:192.168.11.204:45705] returns group-A67F26CD4BD3:java.util.concurrent.CompletableFuture@5778a0fc[Not completed]
2019-06-14 00:45:43,490 INFO  impl.RaftServerImpl (RaftServerImpl.java:<init>(91)) - 7416be56-b620-47bc-862e-739444292d17: new RaftServerImpl for group-A67F26CD4BD3:[7416be56-b620-47bc-862e-739444292d17:192.168.11.204:37483, 47b1cd11-efd6-4f80-afb1-edeada930e36:192.168.11.204:35067, 00b669bb-3958-4202-a6ac-0e1070a2d711:192.168.11.204:45705] with ContainerStateMachine:uninitialized
2019-06-14 00:45:43,492 INFO  server.RaftServerConfigKeys (ConfUtils.java:logGet(43)) - raft.server.rpc.timeout.min = 1s (custom)
2019-06-14 00:45:43,492 INFO  server.RaftServerConfigKeys (ConfUtils.java:logGet(43)) - raft.server.rpc.timeout.max = 1200ms (custom)
2019-06-14 00:45:43,492 INFO  server.RaftServerConfigKeys (ConfUtils.java:logGet(43)) - raft.server.rpcslowness.timeout = 10s (custom)
2019-06-14 00:45:43,492 INFO  server.RaftServerConfigKeys (ConfUtils.java:logGet(43)) - raft.server.log.appender.install.snapshot.enabled = true (default)
2019-06-14 00:45:43,496 INFO  impl.RaftServerImpl (ServerState.java:<init>(101)) - 7416be56-b620-47bc-862e-739444292d17:group-A67F26CD4BD3 ConfigurationManager, init=-1: [7416be56-b620-47bc-862e-739444292d17:192.168.11.204:37483, 47b1cd11-efd6-4f80-afb1-edeada930e36:192.168.11.204:35067, 00b669bb-3958-4202-a6ac-0e1070a2d711:192.168.11.204:45705], old=null, confs=<EMPTY_MAP>
2019-06-14 00:45:43,496 INFO  server.RaftServerConfigKeys (ConfUtils.java:logGet(43)) - raft.server.storage.dir = [/opt/src/hadoop-ozone/integration-test/target/test-dir/MiniOzoneClusterImpl-e53119fe-5eef-4966-a383-af2bf0f910a9/datanode-1/data/ratis] (custom)
2019-06-14 00:45:43,496 INFO  storage.RaftStorageDirectory (RaftStorageDirectory.java:analyzeStorage(246)) - The storage directory /opt/src/hadoop-ozone/integration-test/target/test-dir/MiniOzoneClusterImpl-e53119fe-5eef-4966-a383-af2bf0f910a9/datanode-1/data/ratis/36450f36-957c-419a-8fb8-a67f26cd4bd3 does not exist. Creating ...
2019-06-14 00:45:43,497 INFO  impl.RaftServerProxy (RaftServerProxy.java:addNew(89)) - 47b1cd11-efd6-4f80-afb1-edeada930e36: addNew group-A67F26CD4BD3:[7416be56-b620-47bc-862e-739444292d17:192.168.11.204:37483, 47b1cd11-efd6-4f80-afb1-edeada930e36:192.168.11.204:35067, 00b669bb-3958-4202-a6ac-0e1070a2d711:192.168.11.204:45705] returns group-A67F26CD4BD3:java.util.concurrent.CompletableFuture@5f226159[Not completed]
2019-06-14 00:45:43,498 INFO  impl.RaftServerImpl (RaftServerImpl.java:<init>(91)) - 47b1cd11-efd6-4f80-afb1-edeada930e36: new RaftServerImpl for group-A67F26CD4BD3:[7416be56-b620-47bc-862e-739444292d17:192.168.11.204:37483, 47b1cd11-efd6-4f80-afb1-edeada930e36:192.168.11.204:35067, 00b669bb-3958-4202-a6ac-0e1070a2d711:192.168.11.204:45705] with ContainerStateMachine:uninitialized
2019-06-14 00:45:43,498 INFO  server.RaftServerConfigKeys (ConfUtils.java:logGet(43)) - raft.server.rpc.timeout.min = 1s (custom)
2019-06-14 00:45:43,498 INFO  server.RaftServerConfigKeys (ConfUtils.java:logGet(43)) - raft.server.rpc.timeout.max = 1200ms (custom)
2019-06-14 00:45:43,498 INFO  server.RaftServerConfigKeys (ConfUtils.java:logGet(43)) - raft.server.rpcslowness.timeout = 10s (custom)
2019-06-14 00:45:43,498 INFO  server.RaftServerConfigKeys (ConfUtils.java:logGet(43)) - raft.server.log.appender.install.snapshot.enabled = true (default)
2019-06-14 00:45:43,498 INFO  impl.RaftServerImpl (ServerState.java:<init>(101)) - 47b1cd11-efd6-4f80-afb1-edeada930e36:group-A67F26CD4BD3 ConfigurationManager, init=-1: [7416be56-b620-47bc-862e-739444292d17:192.168.11.204:37483, 47b1cd11-efd6-4f80-afb1-edeada930e36:192.168.11.204:35067, 00b669bb-3958-4202-a6ac-0e1070a2d711:192.168.11.204:45705], old=null, confs=<EMPTY_MAP>
2019-06-14 00:45:43,499 INFO  server.RaftServerConfigKeys (ConfUtils.java:logGet(43)) - raft.server.storage.dir = [/opt/src/hadoop-ozone/integration-test/target/test-dir/MiniOzoneClusterImpl-e53119fe-5eef-4966-a383-af2bf0f910a9/datanode-2/data/ratis] (custom)
2019-06-14 00:45:43,499 INFO  storage.RaftStorageDirectory (RaftStorageDirectory.java:analyzeStorage(246)) - The storage directory /opt/src/hadoop-ozone/integration-test/target/test-dir/MiniOzoneClusterImpl-e53119fe-5eef-4966-a383-af2bf0f910a9/datanode-2/data/ratis/36450f36-957c-419a-8fb8-a67f26cd4bd3 does not exist. Creating ...
2019-06-14 00:45:43,501 INFO  storage.RaftStorageDirectory (RaftStorageDirectory.java:tryLock(328)) - Lock on /opt/src/hadoop-ozone/integration-test/target/test-dir/MiniOzoneClusterImpl-e53119fe-5eef-4966-a383-af2bf0f910a9/datanode-2/data/ratis/36450f36-957c-419a-8fb8-a67f26cd4bd3/in_use.lock acquired by nodename 10108@ozone-z78dj-180245278
2019-06-14 00:45:43,501 INFO  storage.RaftStorageDirectory (RaftStorageDirectory.java:tryLock(328)) - Lock on /opt/src/hadoop-ozone/integration-test/target/test-dir/MiniOzoneClusterImpl-e53119fe-5eef-4966-a383-af2bf0f910a9/datanode-1/data/ratis/36450f36-957c-419a-8fb8-a67f26cd4bd3/in_use.lock acquired by nodename 10108@ozone-z78dj-180245278
2019-06-14 00:45:43,501 INFO  impl.RaftServerProxy (RaftServerProxy.java:addNew(89)) - 00b669bb-3958-4202-a6ac-0e1070a2d711: addNew group-A67F26CD4BD3:[7416be56-b620-47bc-862e-739444292d17:192.168.11.204:37483, 47b1cd11-efd6-4f80-afb1-edeada930e36:192.168.11.204:35067, 00b669bb-3958-4202-a6ac-0e1070a2d711:192.168.11.204:45705] returns group-A67F26CD4BD3:java.util.concurrent.CompletableFuture@6b46cabb[Not completed]
2019-06-14 00:45:43,502 INFO  impl.RaftServerImpl (RaftServerImpl.java:<init>(91)) - 00b669bb-3958-4202-a6ac-0e1070a2d711: new RaftServerImpl for group-A67F26CD4BD3:[7416be56-b620-47bc-862e-739444292d17:192.168.11.204:37483, 47b1cd11-efd6-4f80-afb1-edeada930e36:192.168.11.204:35067, 00b669bb-3958-4202-a6ac-0e1070a2d711:192.168.11.204:45705] with ContainerStateMachine:uninitialized
2019-06-14 00:45:43,502 INFO  server.RaftServerConfigKeys (ConfUtils.java:logGet(43)) - raft.server.rpc.timeout.min = 1s (custom)
2019-06-14 00:45:43,502 INFO  server.RaftServerConfigKeys (ConfUtils.java:logGet(43)) - raft.server.rpc.timeout.max = 1200ms (custom)
2019-06-14 00:45:43,502 INFO  server.RaftServerConfigKeys (ConfUtils.java:logGet(43)) - raft.server.rpcslowness.timeout = 10s (custom)
2019-06-14 00:45:43,502 INFO  server.RaftServerConfigKeys (ConfUtils.java:logGet(43)) - raft.server.log.appender.install.snapshot.enabled = true (default)
2019-06-14 00:45:43,502 INFO  impl.RaftServerImpl (ServerState.java:<init>(101)) - 00b669bb-3958-4202-a6ac-0e1070a2d711:group-A67F26CD4BD3 ConfigurationManager, init=-1: [7416be56-b620-47bc-862e-739444292d17:192.168.11.204:37483, 47b1cd11-efd6-4f80-afb1-edeada930e36:192.168.11.204:35067, 00b669bb-3958-4202-a6ac-0e1070a2d711:192.168.11.204:45705], old=null, confs=<EMPTY_MAP>
2019-06-14 00:45:43,502 INFO  server.RaftServerConfigKeys (ConfUtils.java:logGet(43)) - raft.server.storage.dir = [/opt/src/hadoop-ozone/integration-test/target/test-dir/MiniOzoneClusterImpl-e53119fe-5eef-4966-a383-af2bf0f910a9/datanode-3/data/ratis] (custom)
2019-06-14 00:45:43,502 INFO  storage.RaftStorageDirectory (RaftStorageDirectory.java:analyzeStorage(246)) - The storage directory /opt/src/hadoop-ozone/integration-test/target/test-dir/MiniOzoneClusterImpl-e53119fe-5eef-4966-a383-af2bf0f910a9/datanode-3/data/ratis/36450f36-957c-419a-8fb8-a67f26cd4bd3 does not exist. Creating ...
2019-06-14 00:45:43,503 INFO  storage.RaftStorage (RaftStorage.java:format(75)) - Storage directory /opt/src/hadoop-ozone/integration-test/target/test-dir/MiniOzoneClusterImpl-e53119fe-5eef-4966-a383-af2bf0f910a9/datanode-2/data/ratis/36450f36-957c-419a-8fb8-a67f26cd4bd3 has been successfully formatted.
2019-06-14 00:45:43,503 INFO  storage.RaftStorage (RaftStorage.java:format(75)) - Storage directory /opt/src/hadoop-ozone/integration-test/target/test-dir/MiniOzoneClusterImpl-e53119fe-5eef-4966-a383-af2bf0f910a9/datanode-1/data/ratis/36450f36-957c-419a-8fb8-a67f26cd4bd3 has been successfully formatted.
2019-06-14 00:45:43,504 INFO  ratis.ContainerStateMachine (ContainerStateMachine.java:loadSnapshot(199)) - The snapshot info is null.Setting the last applied index to:(t:0, i:~)
2019-06-14 00:45:43,504 INFO  ratis.ContainerStateMachine (ContainerStateMachine.java:loadSnapshot(199)) - The snapshot info is null.Setting the last applied index to:(t:0, i:~)
2019-06-14 00:45:43,504 INFO  server.RaftServerConfigKeys (ConfUtils.java:logGet(43)) - raft.server.leader.election.timeout = 10s (custom)
2019-06-14 00:45:43,504 INFO  server.RaftServerConfigKeys (ConfUtils.java:logGet(43)) - raft.server.leader.election.timeout = 10s (custom)
2019-06-14 00:45:43,504 INFO  storage.RaftStorageDirectory (RaftStorageDirectory.java:tryLock(328)) - Lock on /opt/src/hadoop-ozone/integration-test/target/test-dir/MiniOzoneClusterImpl-e53119fe-5eef-4966-a383-af2bf0f910a9/datanode-3/data/ratis/36450f36-957c-419a-8fb8-a67f26cd4bd3/in_use.lock acquired by nodename 10108@ozone-z78dj-180245278
2019-06-14 00:45:43,504 INFO  server.RaftServerConfigKeys (ConfUtils.java:logGet(43)) - raft.server.log.use.memory = false (default)
2019-06-14 00:45:43,504 INFO  server.RaftServerConfigKeys (ConfUtils.java:logGet(43)) - raft.server.log.use.memory = false (default)
2019-06-14 00:45:43,505 INFO  server.RaftServerConfigKeys (ConfUtils.java:logGet(43)) - raft.server.log.appender.buffer.byte-limit = 33554432 (custom)
2019-06-14 00:45:43,505 INFO  server.RaftServerConfigKeys (ConfUtils.java:logGet(43)) - raft.server.log.appender.buffer.byte-limit = 33554432 (custom)
2019-06-14 00:45:43,505 INFO  server.RaftServerConfigKeys (ConfUtils.java:logGet(43)) - raft.server.log.segment.size.max = 16384 (custom)
2019-06-14 00:45:43,505 INFO  server.RaftServerConfigKeys (ConfUtils.java:logGet(43)) - raft.server.log.segment.size.max = 16384 (custom)
2019-06-14 00:45:43,505 INFO  server.RaftServerConfigKeys (ConfUtils.java:logGet(43)) - raft.server.log.segment.cache.num.max = 2 (custom)
2019-06-14 00:45:43,505 INFO  server.RaftServerConfigKeys (ConfUtils.java:logGet(43)) - raft.server.log.segment.cache.num.max = 2 (custom)
2019-06-14 00:45:43,505 INFO  storage.RaftLogWorker (RaftLogWorker.java:<init>(123)) - new 7416be56-b620-47bc-862e-739444292d17-RaftLogWorker for Storage Directory /opt/src/hadoop-ozone/integration-test/target/test-dir/MiniOzoneClusterImpl-e53119fe-5eef-4966-a383-af2bf0f910a9/datanode-1/data/ratis/36450f36-957c-419a-8fb8-a67f26cd4bd3
2019-06-14 00:45:43,506 INFO  storage.RaftLogWorker (RaftLogWorker.java:<init>(123)) - new 47b1cd11-efd6-4f80-afb1-edeada930e36-RaftLogWorker for Storage Directory /opt/src/hadoop-ozone/integration-test/target/test-dir/MiniOzoneClusterImpl-e53119fe-5eef-4966-a383-af2bf0f910a9/datanode-2/data/ratis/36450f36-957c-419a-8fb8-a67f26cd4bd3
2019-06-14 00:45:43,506 INFO  server.RaftServerConfigKeys (ConfUtils.java:logGet(43)) - raft.server.log.queue.byte-limit = 2147483647 (custom)
2019-06-14 00:45:43,506 INFO  server.RaftServerConfigKeys (ConfUtils.java:logGet(43)) - raft.server.log.queue.byte-limit = 2147483647 (custom)
2019-06-14 00:45:43,506 INFO  server.RaftServerConfigKeys (ConfUtils.java:logGet(43)) - raft.server.log.queue.element-limit = 1024 (custom)
2019-06-14 00:45:43,506 INFO  server.RaftServerConfigKeys (ConfUtils.java:logGet(43)) - raft.server.log.queue.element-limit = 1024 (custom)
2019-06-14 00:45:43,506 INFO  server.RaftServerConfigKeys (ConfUtils.java:logGet(43)) - raft.server.log.segment.size.max = 16384 (custom)
2019-06-14 00:45:43,506 INFO  server.RaftServerConfigKeys (ConfUtils.java:logGet(43)) - raft.server.log.segment.size.max = 16384 (custom)
2019-06-14 00:45:43,506 INFO  server.RaftServerConfigKeys (ConfUtils.java:logGet(43)) - raft.server.log.preallocated.size = 16384 (custom)
2019-06-14 00:45:43,506 INFO  server.RaftServerConfigKeys (ConfUtils.java:logGet(43)) - raft.server.log.preallocated.size = 16384 (custom)
2019-06-14 00:45:43,506 INFO  server.RaftServerConfigKeys (ConfUtils.java:logGet(43)) - raft.server.log.write.buffer.size = 33554432 (custom)
2019-06-14 00:45:43,507 INFO  storage.RaftStorage (RaftStorage.java:format(75)) - Storage directory /opt/src/hadoop-ozone/integration-test/target/test-dir/MiniOzoneClusterImpl-e53119fe-5eef-4966-a383-af2bf0f910a9/datanode-3/data/ratis/36450f36-957c-419a-8fb8-a67f26cd4bd3 has been successfully formatted.
2019-06-14 00:45:43,507 INFO  server.RaftServerConfigKeys (ConfUtils.java:logGet(43)) - raft.server.log.write.buffer.size = 33554432 (custom)
2019-06-14 00:45:43,507 INFO  ratis.ContainerStateMachine (ContainerStateMachine.java:loadSnapshot(199)) - The snapshot info is null.Setting the last applied index to:(t:0, i:~)
2019-06-14 00:45:43,507 INFO  server.RaftServerConfigKeys (ConfUtils.java:logGet(43)) - raft.server.log.force.sync.num = 128 (default)
2019-06-14 00:45:43,507 INFO  server.RaftServerConfigKeys (ConfUtils.java:logGet(43)) - raft.server.leader.election.timeout = 10s (custom)
2019-06-14 00:45:43,507 INFO  server.RaftServerConfigKeys (ConfUtils.java:logGet(43)) - raft.server.log.force.sync.num = 128 (default)
2019-06-14 00:45:43,507 INFO  server.RaftServerConfigKeys (ConfUtils.java:logGet(43)) - raft.server.log.use.memory = false (default)
2019-06-14 00:45:43,507 INFO  server.RaftServerConfigKeys (ConfUtils.java:logGet(43)) - raft.server.log.statemachine.data.sync = true (default)
2019-06-14 00:45:43,507 INFO  server.RaftServerConfigKeys (ConfUtils.java:logGet(43)) - raft.server.log.appender.buffer.byte-limit = 33554432 (custom)
2019-06-14 00:45:43,507 INFO  server.RaftServerConfigKeys (ConfUtils.java:logGet(43)) - raft.server.log.statemachine.data.sync = true (default)
2019-06-14 00:45:43,507 INFO  server.RaftServerConfigKeys (ConfUtils.java:logGet(43)) - raft.server.log.segment.size.max = 16384 (custom)
2019-06-14 00:45:43,507 INFO  server.RaftServerConfigKeys (ConfUtils.java:logGet(43)) - raft.server.log.statemachine.data.sync.timeout = 10s (default)
2019-06-14 00:45:43,508 INFO  server.RaftServerConfigKeys (ConfUtils.java:logGet(43)) - raft.server.log.segment.cache.num.max = 2 (custom)
2019-06-14 00:45:43,507 INFO  server.RaftServerConfigKeys (ConfUtils.java:logGet(43)) - raft.server.log.statemachine.data.sync.timeout = 10s (default)
2019-06-14 00:45:43,508 INFO  storage.RaftLogWorker (RaftLogWorker.java:<init>(123)) - new 00b669bb-3958-4202-a6ac-0e1070a2d711-RaftLogWorker for Storage Directory /opt/src/hadoop-ozone/integration-test/target/test-dir/MiniOzoneClusterImpl-e53119fe-5eef-4966-a383-af2bf0f910a9/datanode-3/data/ratis/36450f36-957c-419a-8fb8-a67f26cd4bd3
2019-06-14 00:45:43,508 INFO  server.RaftServerConfigKeys (ConfUtils.java:logGet(43)) - raft.server.log.statemachine.data.sync.timeout.retry = -1 (default)
2019-06-14 00:45:43,508 INFO  server.RaftServerConfigKeys (ConfUtils.java:logGet(43)) - raft.server.log.queue.byte-limit = 2147483647 (custom)
2019-06-14 00:45:43,508 INFO  server.RaftServerConfigKeys (ConfUtils.java:logGet(43)) - raft.server.log.statemachine.data.sync.timeout.retry = -1 (default)
2019-06-14 00:45:43,508 INFO  server.RaftServerConfigKeys (ConfUtils.java:logGet(43)) - raft.server.log.queue.element-limit = 1024 (custom)
2019-06-14 00:45:43,508 INFO  server.RaftServerConfigKeys (ConfUtils.java:logGet(43)) - raft.server.log.statemachine.data.caching.enabled = true (custom)
2019-06-14 00:45:43,509 INFO  server.RaftServerConfigKeys (ConfUtils.java:logGet(43)) - raft.server.log.segment.size.max = 16384 (custom)
2019-06-14 00:45:43,508 INFO  server.RaftServerConfigKeys (ConfUtils.java:logGet(43)) - raft.server.log.statemachine.data.caching.enabled = true (custom)
2019-06-14 00:45:43,509 INFO  server.RaftServerConfigKeys (ConfUtils.java:logGet(43)) - raft.server.log.preallocated.size = 16384 (custom)
2019-06-14 00:45:43,509 INFO  server.RaftServerConfigKeys (ConfUtils.java:logGet(43)) - raft.server.log.write.buffer.size = 33554432 (custom)
2019-06-14 00:45:43,509 INFO  server.RaftServerConfigKeys (ConfUtils.java:logGet(43)) - raft.server.snapshot.auto.trigger.enabled = true (custom)
2019-06-14 00:45:43,509 INFO  server.RaftServerConfigKeys (ConfUtils.java:logGet(43)) - raft.server.log.force.sync.num = 128 (default)
2019-06-14 00:45:43,509 INFO  server.RaftServerConfigKeys (ConfUtils.java:logGet(43)) - raft.server.snapshot.auto.trigger.threshold = 10000 (custom)
2019-06-14 00:45:43,509 INFO  server.RaftServerConfigKeys (ConfUtils.java:logGet(43)) - raft.server.snapshot.auto.trigger.enabled = true (custom)
2019-06-14 00:45:43,510 INFO  server.RaftServerConfigKeys (ConfUtils.java:logGet(43)) - raft.server.snapshot.auto.trigger.threshold = 10000 (custom)
2019-06-14 00:45:43,510 INFO  server.RaftServerConfigKeys (ConfUtils.java:logGet(43)) - raft.server.retrycache.expirytime = 600000ms (custom)
2019-06-14 00:45:43,510 INFO  impl.RaftServerImpl (RaftServerImpl.java:start(173)) - 47b1cd11-efd6-4f80-afb1-edeada930e36: start group-A67F26CD4BD3
2019-06-14 00:45:43,510 INFO  impl.RaftServerImpl (RaftServerImpl.java:setRole(164)) - 47b1cd11-efd6-4f80-afb1-edeada930e36:group-A67F26CD4BD3 changes role from null to FOLLOWER at term 0 for startAsFollower
2019-06-14 00:45:43,510 INFO  impl.RoleInfo (RoleInfo.java:updateAndGet(143)) - 47b1cd11-efd6-4f80-afb1-edeada930e36: start FollowerState
2019-06-14 00:45:43,509 INFO  server.RaftServerConfigKeys (ConfUtils.java:logGet(43)) - raft.server.log.statemachine.data.sync = true (default)
2019-06-14 00:45:43,510 INFO  util.JmxRegister (JmxRegister.java:tryRegister(44)) - Successfully registered JMX Bean with object name Ratis:service=RaftServer,group=group-A67F26CD4BD3,id=47b1cd11-efd6-4f80-afb1-edeada930e36
2019-06-14 00:45:43,510 INFO  server.RaftServerConfigKeys (ConfUtils.java:logGet(43)) - raft.server.retrycache.expirytime = 600000ms (custom)
2019-06-14 00:45:43,510 INFO  server.RaftServerConfigKeys (ConfUtils.java:logGet(43)) - raft.server.log.statemachine.data.sync.timeout = 10s (default)
2019-06-14 00:45:43,511 INFO  impl.RaftServerImpl (RaftServerImpl.java:start(173)) - 7416be56-b620-47bc-862e-739444292d17: start group-A67F26CD4BD3
2019-06-14 00:45:43,511 INFO  server.RaftServerConfigKeys (ConfUtils.java:logGet(43)) - raft.server.log.statemachine.data.sync.timeout.retry = -1 (default)
2019-06-14 00:45:43,511 INFO  impl.RaftServerImpl (RaftServerImpl.java:setRole(164)) - 7416be56-b620-47bc-862e-739444292d17:group-A67F26CD4BD3 changes role from null to FOLLOWER at term 0 for startAsFollower
2019-06-14 00:45:43,511 INFO  server.RaftServerConfigKeys (ConfUtils.java:logGet(43)) - raft.server.log.statemachine.data.caching.enabled = true (custom)
2019-06-14 00:45:43,511 INFO  impl.RoleInfo (RoleInfo.java:updateAndGet(143)) - 7416be56-b620-47bc-862e-739444292d17: start FollowerState
2019-06-14 00:45:43,512 INFO  util.JmxRegister (JmxRegister.java:tryRegister(44)) - Successfully registered JMX Bean with object name Ratis:service=RaftServer,group=group-A67F26CD4BD3,id=7416be56-b620-47bc-862e-739444292d17
2019-06-14 00:45:43,514 INFO  server.RaftServerConfigKeys (ConfUtils.java:logGet(43)) - raft.server.snapshot.auto.trigger.enabled = true (custom)
2019-06-14 00:45:43,514 INFO  server.RaftServerConfigKeys (ConfUtils.java:logGet(43)) - raft.server.snapshot.auto.trigger.threshold = 10000 (custom)
2019-06-14 00:45:43,514 INFO  server.RaftServerConfigKeys (ConfUtils.java:logGet(43)) - raft.server.retrycache.expirytime = 600000ms (custom)
2019-06-14 00:45:43,514 INFO  impl.RaftServerImpl (RaftServerImpl.java:start(173)) - 00b669bb-3958-4202-a6ac-0e1070a2d711: start group-A67F26CD4BD3
2019-06-14 00:45:43,514 INFO  impl.RaftServerImpl (RaftServerImpl.java:setRole(164)) - 00b669bb-3958-4202-a6ac-0e1070a2d711:group-A67F26CD4BD3 changes role from null to FOLLOWER at term 0 for startAsFollower
2019-06-14 00:45:43,514 INFO  impl.RoleInfo (RoleInfo.java:updateAndGet(143)) - 00b669bb-3958-4202-a6ac-0e1070a2d711: start FollowerState
2019-06-14 00:45:43,517 INFO  util.JmxRegister (JmxRegister.java:tryRegister(44)) - Successfully registered JMX Bean with object name Ratis:service=RaftServer,group=group-A67F26CD4BD3,id=00b669bb-3958-4202-a6ac-0e1070a2d711
2019-06-14 00:45:43,526 INFO  pipeline.PipelineStateManager (PipelineStateManager.java:addPipeline(56)) - Created pipeline Pipeline[ Id: 36450f36-957c-419a-8fb8-a67f26cd4bd3, Nodes: 7416be56-b620-47bc-862e-739444292d17{ip: 192.168.11.204, host: ozone-z78dj-180245278, networkLocation: /default-rack, certSerialId: null}47b1cd11-efd6-4f80-afb1-edeada930e36{ip: 192.168.11.204, host: ozone-z78dj-180245278, networkLocation: /default-rack, certSerialId: null}00b669bb-3958-4202-a6ac-0e1070a2d711{ip: 192.168.11.204, host: ozone-z78dj-180245278, networkLocation: /default-rack, certSerialId: null}, Type:RATIS, Factor:THREE, State:OPEN]
2019-06-14 00:45:43,527 INFO  node.SCMNodeManager (SCMNodeManager.java:register(234)) - Registered Data node : 15226934-253d-4ea4-b6fd-d414a10ff261{ip: 192.168.11.204, host: ozone-z78dj-180245278, networkLocation: /default-rack, certSerialId: null}
2019-06-14 00:45:43,550 INFO  impl.RaftServerProxy (RaftServerProxy.java:addNew(89)) - 15226934-253d-4ea4-b6fd-d414a10ff261: addNew group-251EBAA02753:[15226934-253d-4ea4-b6fd-d414a10ff261:192.168.11.204:34577] returns group-251EBAA02753:java.util.concurrent.CompletableFuture@2a4d5dcd[Not completed]
2019-06-14 00:45:43,555 INFO  impl.RaftServerImpl (RaftServerImpl.java:<init>(91)) - 15226934-253d-4ea4-b6fd-d414a10ff261: new RaftServerImpl for group-251EBAA02753:[15226934-253d-4ea4-b6fd-d414a10ff261:192.168.11.204:34577] with ContainerStateMachine:uninitialized
2019-06-14 00:45:43,556 INFO  server.RaftServerConfigKeys (ConfUtils.java:logGet(43)) - raft.server.rpc.timeout.min = 1s (custom)
2019-06-14 00:45:43,556 INFO  server.RaftServerConfigKeys (ConfUtils.java:logGet(43)) - raft.server.rpc.timeout.max = 1200ms (custom)
2019-06-14 00:45:43,556 INFO  server.RaftServerConfigKeys (ConfUtils.java:logGet(43)) - raft.server.rpcslowness.timeout = 10s (custom)
2019-06-14 00:45:43,556 INFO  server.RaftServerConfigKeys (ConfUtils.java:logGet(43)) - raft.server.log.appender.install.snapshot.enabled = true (default)
2019-06-14 00:45:43,556 INFO  impl.RaftServerImpl (ServerState.java:<init>(101)) - 15226934-253d-4ea4-b6fd-d414a10ff261:group-251EBAA02753 ConfigurationManager, init=-1: [15226934-253d-4ea4-b6fd-d414a10ff261:192.168.11.204:34577], old=null, confs=<EMPTY_MAP>
2019-06-14 00:45:43,556 INFO  server.RaftServerConfigKeys (ConfUtils.java:logGet(43)) - raft.server.storage.dir = [/opt/src/hadoop-ozone/integration-test/target/test-dir/MiniOzoneClusterImpl-e53119fe-5eef-4966-a383-af2bf0f910a9/datanode-4/data/ratis] (custom)
2019-06-14 00:45:43,556 INFO  storage.RaftStorageDirectory (RaftStorageDirectory.java:analyzeStorage(246)) - The storage directory /opt/src/hadoop-ozone/integration-test/target/test-dir/MiniOzoneClusterImpl-e53119fe-5eef-4966-a383-af2bf0f910a9/datanode-4/data/ratis/a3792dc3-3e5b-476b-887a-251ebaa02753 does not exist. Creating ...
2019-06-14 00:45:43,558 INFO  storage.RaftStorageDirectory (RaftStorageDirectory.java:tryLock(328)) - Lock on /opt/src/hadoop-ozone/integration-test/target/test-dir/MiniOzoneClusterImpl-e53119fe-5eef-4966-a383-af2bf0f910a9/datanode-4/data/ratis/a3792dc3-3e5b-476b-887a-251ebaa02753/in_use.lock acquired by nodename 10108@ozone-z78dj-180245278
2019-06-14 00:45:43,560 INFO  storage.RaftStorage (RaftStorage.java:format(75)) - Storage directory /opt/src/hadoop-ozone/integration-test/target/test-dir/MiniOzoneClusterImpl-e53119fe-5eef-4966-a383-af2bf0f910a9/datanode-4/data/ratis/a3792dc3-3e5b-476b-887a-251ebaa02753 has been successfully formatted.
2019-06-14 00:45:43,561 INFO  ratis.ContainerStateMachine (ContainerStateMachine.java:loadSnapshot(199)) - The snapshot info is null.Setting the last applied index to:(t:0, i:~)
2019-06-14 00:45:43,561 INFO  server.RaftServerConfigKeys (ConfUtils.java:logGet(43)) - raft.server.leader.election.timeout = 10s (custom)
2019-06-14 00:45:43,561 INFO  server.RaftServerConfigKeys (ConfUtils.java:logGet(43)) - raft.server.log.use.memory = false (default)
2019-06-14 00:45:43,561 INFO  server.RaftServerConfigKeys (ConfUtils.java:logGet(43)) - raft.server.log.appender.buffer.byte-limit = 33554432 (custom)
2019-06-14 00:45:43,561 INFO  server.RaftServerConfigKeys (ConfUtils.java:logGet(43)) - raft.server.log.segment.size.max = 16384 (custom)
2019-06-14 00:45:43,561 INFO  server.RaftServerConfigKeys (ConfUtils.java:logGet(43)) - raft.server.log.segment.cache.num.max = 2 (custom)
2019-06-14 00:45:43,561 INFO  storage.RaftLogWorker (RaftLogWorker.java:<init>(123)) - new 15226934-253d-4ea4-b6fd-d414a10ff261-RaftLogWorker for Storage Directory /opt/src/hadoop-ozone/integration-test/target/test-dir/MiniOzoneClusterImpl-e53119fe-5eef-4966-a383-af2bf0f910a9/datanode-4/data/ratis/a3792dc3-3e5b-476b-887a-251ebaa02753
2019-06-14 00:45:43,561 INFO  server.RaftServerConfigKeys (ConfUtils.java:logGet(43)) - raft.server.log.queue.byte-limit = 2147483647 (custom)
2019-06-14 00:45:43,561 INFO  server.RaftServerConfigKeys (ConfUtils.java:logGet(43)) - raft.server.log.queue.element-limit = 1024 (custom)
2019-06-14 00:45:43,561 INFO  server.RaftServerConfigKeys (ConfUtils.java:logGet(43)) - raft.server.log.segment.size.max = 16384 (custom)
2019-06-14 00:45:43,561 INFO  server.RaftServerConfigKeys (ConfUtils.java:logGet(43)) - raft.server.log.preallocated.size = 16384 (custom)
2019-06-14 00:45:43,561 INFO  server.RaftServerConfigKeys (ConfUtils.java:logGet(43)) - raft.server.log.write.buffer.size = 33554432 (custom)
2019-06-14 00:45:43,561 INFO  server.RaftServerConfigKeys (ConfUtils.java:logGet(43)) - raft.server.log.force.sync.num = 128 (default)
2019-06-14 00:45:43,562 INFO  server.RaftServerConfigKeys (ConfUtils.java:logGet(43)) - raft.server.log.statemachine.data.sync = true (default)
2019-06-14 00:45:43,562 INFO  server.RaftServerConfigKeys (ConfUtils.java:logGet(43)) - raft.server.log.statemachine.data.sync.timeout = 10s (default)
2019-06-14 00:45:43,562 INFO  server.RaftServerConfigKeys (ConfUtils.java:logGet(43)) - raft.server.log.statemachine.data.sync.timeout.retry = -1 (default)
2019-06-14 00:45:43,562 INFO  server.RaftServerConfigKeys (ConfUtils.java:logGet(43)) - raft.server.log.statemachine.data.caching.enabled = true (custom)
2019-06-14 00:45:43,562 INFO  server.RaftServerConfigKeys (ConfUtils.java:logGet(43)) - raft.server.snapshot.auto.trigger.enabled = true (custom)
2019-06-14 00:45:43,562 INFO  server.RaftServerConfigKeys (ConfUtils.java:logGet(43)) - raft.server.snapshot.auto.trigger.threshold = 10000 (custom)
2019-06-14 00:45:43,562 INFO  server.RaftServerConfigKeys (ConfUtils.java:logGet(43)) - raft.server.retrycache.expirytime = 600000ms (custom)
2019-06-14 00:45:43,563 INFO  impl.RaftServerImpl (RaftServerImpl.java:start(173)) - 15226934-253d-4ea4-b6fd-d414a10ff261: start group-251EBAA02753
2019-06-14 00:45:43,563 INFO  impl.RaftServerImpl (RaftServerImpl.java:setRole(164)) - 15226934-253d-4ea4-b6fd-d414a10ff261:group-251EBAA02753 changes role from null to FOLLOWER at term 0 for startAsFollower
2019-06-14 00:45:43,563 INFO  impl.RoleInfo (RoleInfo.java:updateAndGet(143)) - 15226934-253d-4ea4-b6fd-d414a10ff261: start FollowerState
2019-06-14 00:45:43,568 INFO  util.JmxRegister (JmxRegister.java:tryRegister(44)) - Successfully registered JMX Bean with object name Ratis:service=RaftServer,group=group-251EBAA02753,id=15226934-253d-4ea4-b6fd-d414a10ff261
2019-06-14 00:45:43,577 INFO  pipeline.PipelineStateManager (PipelineStateManager.java:addPipeline(56)) - Created pipeline Pipeline[ Id: a3792dc3-3e5b-476b-887a-251ebaa02753, Nodes: 15226934-253d-4ea4-b6fd-d414a10ff261{ip: 192.168.11.204, host: ozone-z78dj-180245278, networkLocation: /default-rack, certSerialId: null}, Type:RATIS, Factor:ONE, State:OPEN]
2019-06-14 00:45:43,686 INFO  ozone.MiniOzoneClusterImpl (MiniOzoneClusterImpl.java:lambda$waitForClusterToBeReady$0(142)) - Waiting for cluster to be ready. Got 5 of 6 DN Heartbeats.
2019-06-14 00:45:43,690 INFO  node.SCMNodeManager (SCMNodeManager.java:register(234)) - Registered Data node : 07fd3603-778d-48ba-a516-3718704fd394{ip: 192.168.11.204, host: ozone-z78dj-180245278, networkLocation: /default-rack, certSerialId: null}
2019-06-14 00:45:43,704 INFO  impl.RaftServerProxy (RaftServerProxy.java:addNew(89)) - 07fd3603-778d-48ba-a516-3718704fd394: addNew group-B8EB65287763:[07fd3603-778d-48ba-a516-3718704fd394:192.168.11.204:45953] returns group-B8EB65287763:java.util.concurrent.CompletableFuture@c1cb6eb[Not completed]
2019-06-14 00:45:43,704 INFO  impl.RaftServerImpl (RaftServerImpl.java:<init>(91)) - 07fd3603-778d-48ba-a516-3718704fd394: new RaftServerImpl for group-B8EB65287763:[07fd3603-778d-48ba-a516-3718704fd394:192.168.11.204:45953] with ContainerStateMachine:uninitialized
2019-06-14 00:45:43,704 INFO  server.RaftServerConfigKeys (ConfUtils.java:logGet(43)) - raft.server.rpc.timeout.min = 1s (custom)
2019-06-14 00:45:43,704 INFO  server.RaftServerConfigKeys (ConfUtils.java:logGet(43)) - raft.server.rpc.timeout.max = 1200ms (custom)
2019-06-14 00:45:43,705 INFO  server.RaftServerConfigKeys (ConfUtils.java:logGet(43)) - raft.server.rpcslowness.timeout = 10s (custom)
2019-06-14 00:45:43,705 INFO  server.RaftServerConfigKeys (ConfUtils.java:logGet(43)) - raft.server.log.appender.install.snapshot.enabled = true (default)
2019-06-14 00:45:43,705 INFO  impl.RaftServerImpl (ServerState.java:<init>(101)) - 07fd3603-778d-48ba-a516-3718704fd394:group-B8EB65287763 ConfigurationManager, init=-1: [07fd3603-778d-48ba-a516-3718704fd394:192.168.11.204:45953], old=null, confs=<EMPTY_MAP>
2019-06-14 00:45:43,705 INFO  server.RaftServerConfigKeys (ConfUtils.java:logGet(43)) - raft.server.storage.dir = [/opt/src/hadoop-ozone/integration-test/target/test-dir/MiniOzoneClusterImpl-e53119fe-5eef-4966-a383-af2bf0f910a9/datanode-5/data/ratis] (custom)
2019-06-14 00:45:43,705 INFO  storage.RaftStorageDirectory (RaftStorageDirectory.java:analyzeStorage(246)) - The storage directory /opt/src/hadoop-ozone/integration-test/target/test-dir/MiniOzoneClusterImpl-e53119fe-5eef-4966-a383-af2bf0f910a9/datanode-5/data/ratis/78ae7870-d53e-4a4a-a339-b8eb65287763 does not exist. Creating ...
2019-06-14 00:45:43,707 INFO  storage.RaftStorageDirectory (RaftStorageDirectory.java:tryLock(328)) - Lock on /opt/src/hadoop-ozone/integration-test/target/test-dir/MiniOzoneClusterImpl-e53119fe-5eef-4966-a383-af2bf0f910a9/datanode-5/data/ratis/78ae7870-d53e-4a4a-a339-b8eb65287763/in_use.lock acquired by nodename 10108@ozone-z78dj-180245278
2019-06-14 00:45:43,709 INFO  storage.RaftStorage (RaftStorage.java:format(75)) - Storage directory /opt/src/hadoop-ozone/integration-test/target/test-dir/MiniOzoneClusterImpl-e53119fe-5eef-4966-a383-af2bf0f910a9/datanode-5/data/ratis/78ae7870-d53e-4a4a-a339-b8eb65287763 has been successfully formatted.
2019-06-14 00:45:43,709 INFO  ratis.ContainerStateMachine (ContainerStateMachine.java:loadSnapshot(199)) - The snapshot info is null.Setting the last applied index to:(t:0, i:~)
2019-06-14 00:45:43,710 INFO  server.RaftServerConfigKeys (ConfUtils.java:logGet(43)) - raft.server.leader.election.timeout = 10s (custom)
2019-06-14 00:45:43,710 INFO  server.RaftServerConfigKeys (ConfUtils.java:logGet(43)) - raft.server.log.use.memory = false (default)
2019-06-14 00:45:43,710 INFO  server.RaftServerConfigKeys (ConfUtils.java:logGet(43)) - raft.server.log.appender.buffer.byte-limit = 33554432 (custom)
2019-06-14 00:45:43,710 INFO  server.RaftServerConfigKeys (ConfUtils.java:logGet(43)) - raft.server.log.segment.size.max = 16384 (custom)
2019-06-14 00:45:43,710 INFO  server.RaftServerConfigKeys (ConfUtils.java:logGet(43)) - raft.server.log.segment.cache.num.max = 2 (custom)
2019-06-14 00:45:43,710 INFO  storage.RaftLogWorker (RaftLogWorker.java:<init>(123)) - new 07fd3603-778d-48ba-a516-3718704fd394-RaftLogWorker for Storage Directory /opt/src/hadoop-ozone/integration-test/target/test-dir/MiniOzoneClusterImpl-e53119fe-5eef-4966-a383-af2bf0f910a9/datanode-5/data/ratis/78ae7870-d53e-4a4a-a339-b8eb65287763
2019-06-14 00:45:43,710 INFO  server.RaftServerConfigKeys (ConfUtils.java:logGet(43)) - raft.server.log.queue.byte-limit = 2147483647 (custom)
2019-06-14 00:45:43,710 INFO  server.RaftServerConfigKeys (ConfUtils.java:logGet(43)) - raft.server.log.queue.element-limit = 1024 (custom)
2019-06-14 00:45:43,710 INFO  server.RaftServerConfigKeys (ConfUtils.java:logGet(43)) - raft.server.log.segment.size.max = 16384 (custom)
2019-06-14 00:45:43,710 INFO  server.RaftServerConfigKeys (ConfUtils.java:logGet(43)) - raft.server.log.preallocated.size = 16384 (custom)
2019-06-14 00:45:43,710 INFO  server.RaftServerConfigKeys (ConfUtils.java:logGet(43)) - raft.server.log.write.buffer.size = 33554432 (custom)
2019-06-14 00:45:43,710 INFO  server.RaftServerConfigKeys (ConfUtils.java:logGet(43)) - raft.server.log.force.sync.num = 128 (default)
2019-06-14 00:45:43,711 INFO  server.RaftServerConfigKeys (ConfUtils.java:logGet(43)) - raft.server.log.statemachine.data.sync = true (default)
2019-06-14 00:45:43,711 INFO  server.RaftServerConfigKeys (ConfUtils.java:logGet(43)) - raft.server.log.statemachine.data.sync.timeout = 10s (default)
2019-06-14 00:45:43,711 INFO  server.RaftServerConfigKeys (ConfUtils.java:logGet(43)) - raft.server.log.statemachine.data.sync.timeout.retry = -1 (default)
2019-06-14 00:45:43,711 INFO  server.RaftServerConfigKeys (ConfUtils.java:logGet(43)) - raft.server.log.statemachine.data.caching.enabled = true (custom)
2019-06-14 00:45:43,711 INFO  server.RaftServerConfigKeys (ConfUtils.java:logGet(43)) - raft.server.snapshot.auto.trigger.enabled = true (custom)
2019-06-14 00:45:43,711 INFO  server.RaftServerConfigKeys (ConfUtils.java:logGet(43)) - raft.server.snapshot.auto.trigger.threshold = 10000 (custom)
2019-06-14 00:45:43,711 INFO  server.RaftServerConfigKeys (ConfUtils.java:logGet(43)) - raft.server.retrycache.expirytime = 600000ms (custom)
2019-06-14 00:45:43,711 INFO  impl.RaftServerImpl (RaftServerImpl.java:start(173)) - 07fd3603-778d-48ba-a516-3718704fd394: start group-B8EB65287763
2019-06-14 00:45:43,712 INFO  impl.RaftServerImpl (RaftServerImpl.java:setRole(164)) - 07fd3603-778d-48ba-a516-3718704fd394:group-B8EB65287763 changes role from null to FOLLOWER at term 0 for startAsFollower
2019-06-14 00:45:43,712 INFO  impl.RoleInfo (RoleInfo.java:updateAndGet(143)) - 07fd3603-778d-48ba-a516-3718704fd394: start FollowerState
2019-06-14 00:45:43,712 INFO  util.JmxRegister (JmxRegister.java:tryRegister(44)) - Successfully registered JMX Bean with object name Ratis:service=RaftServer,group=group-B8EB65287763,id=07fd3603-778d-48ba-a516-3718704fd394
2019-06-14 00:45:43,717 INFO  pipeline.PipelineStateManager (PipelineStateManager.java:addPipeline(56)) - Created pipeline Pipeline[ Id: 78ae7870-d53e-4a4a-a339-b8eb65287763, Nodes: 07fd3603-778d-48ba-a516-3718704fd394{ip: 192.168.11.204, host: ozone-z78dj-180245278, networkLocation: /default-rack, certSerialId: null}, Type:RATIS, Factor:ONE, State:OPEN]
2019-06-14 00:45:43,735 INFO  impl.RaftServerProxy (RaftServerProxy.java:addNew(89)) - 0f9a7ae6-8bd8-49d6-8bd0-4d7835cbd19a: addNew group-A65C7B932A87:[15226934-253d-4ea4-b6fd-d414a10ff261:192.168.11.204:34577, 07fd3603-778d-48ba-a516-3718704fd394:192.168.11.204:45953, 0f9a7ae6-8bd8-49d6-8bd0-4d7835cbd19a:192.168.11.204:45915] returns group-A65C7B932A87:java.util.concurrent.CompletableFuture@1e574bb5[Not completed]
2019-06-14 00:45:43,735 INFO  impl.RaftServerImpl (RaftServerImpl.java:<init>(91)) - 0f9a7ae6-8bd8-49d6-8bd0-4d7835cbd19a: new RaftServerImpl for group-A65C7B932A87:[15226934-253d-4ea4-b6fd-d414a10ff261:192.168.11.204:34577, 07fd3603-778d-48ba-a516-3718704fd394:192.168.11.204:45953, 0f9a7ae6-8bd8-49d6-8bd0-4d7835cbd19a:192.168.11.204:45915] with ContainerStateMachine:uninitialized
2019-06-14 00:45:43,736 INFO  server.RaftServerConfigKeys (ConfUtils.java:logGet(43)) - raft.server.rpc.timeout.min = 1s (custom)
2019-06-14 00:45:43,736 INFO  server.RaftServerConfigKeys (ConfUtils.java:logGet(43)) - raft.server.rpc.timeout.max = 1200ms (custom)
2019-06-14 00:45:43,736 INFO  server.RaftServerConfigKeys (ConfUtils.java:logGet(43)) - raft.server.rpcslowness.timeout = 10s (custom)
2019-06-14 00:45:43,736 INFO  impl.RaftServerImpl (RaftServerImpl.java:<init>(91)) - 07fd3603-778d-48ba-a516-3718704fd394: new RaftServerImpl for group-A65C7B932A87:[15226934-253d-4ea4-b6fd-d414a10ff261:192.168.11.204:34577, 07fd3603-778d-48ba-a516-3718704fd394:192.168.11.204:45953, 0f9a7ae6-8bd8-49d6-8bd0-4d7835cbd19a:192.168.11.204:45915] with ContainerStateMachine:uninitialized
2019-06-14 00:45:43,736 INFO  server.RaftServerConfigKeys (ConfUtils.java:logGet(43)) - raft.server.rpc.timeout.min = 1s (custom)
2019-06-14 00:45:43,736 INFO  server.RaftServerConfigKeys (ConfUtils.java:logGet(43)) - raft.server.rpc.timeout.max = 1200ms (custom)
2019-06-14 00:45:43,736 INFO  server.RaftServerConfigKeys (ConfUtils.java:logGet(43)) - raft.server.rpcslowness.timeout = 10s (custom)
2019-06-14 00:45:43,736 INFO  server.RaftServerConfigKeys (ConfUtils.java:logGet(43)) - raft.server.log.appender.install.snapshot.enabled = true (default)
2019-06-14 00:45:43,736 INFO  impl.RaftServerImpl (ServerState.java:<init>(101)) - 07fd3603-778d-48ba-a516-3718704fd394:group-A65C7B932A87 ConfigurationManager, init=-1: [15226934-253d-4ea4-b6fd-d414a10ff261:192.168.11.204:34577, 07fd3603-778d-48ba-a516-3718704fd394:192.168.11.204:45953, 0f9a7ae6-8bd8-49d6-8bd0-4d7835cbd19a:192.168.11.204:45915], old=null, confs=<EMPTY_MAP>
2019-06-14 00:45:43,736 INFO  server.RaftServerConfigKeys (ConfUtils.java:logGet(43)) - raft.server.storage.dir = [/opt/src/hadoop-ozone/integration-test/target/test-dir/MiniOzoneClusterImpl-e53119fe-5eef-4966-a383-af2bf0f910a9/datanode-5/data/ratis] (custom)
2019-06-14 00:45:43,737 INFO  storage.RaftStorageDirectory (RaftStorageDirectory.java:analyzeStorage(246)) - The storage directory /opt/src/hadoop-ozone/integration-test/target/test-dir/MiniOzoneClusterImpl-e53119fe-5eef-4966-a383-af2bf0f910a9/datanode-5/data/ratis/583ad8d7-aa07-4fbd-aced-a65c7b932a87 does not exist. Creating ...
2019-06-14 00:45:43,736 INFO  server.RaftServerConfigKeys (ConfUtils.java:logGet(43)) - raft.server.log.appender.install.snapshot.enabled = true (default)
2019-06-14 00:45:43,737 INFO  impl.RaftServerImpl (ServerState.java:<init>(101)) - 0f9a7ae6-8bd8-49d6-8bd0-4d7835cbd19a:group-A65C7B932A87 ConfigurationManager, init=-1: [15226934-253d-4ea4-b6fd-d414a10ff261:192.168.11.204:34577, 07fd3603-778d-48ba-a516-3718704fd394:192.168.11.204:45953, 0f9a7ae6-8bd8-49d6-8bd0-4d7835cbd19a:192.168.11.204:45915], old=null, confs=<EMPTY_MAP>
2019-06-14 00:45:43,737 INFO  server.RaftServerConfigKeys (ConfUtils.java:logGet(43)) - raft.server.storage.dir = [/opt/src/hadoop-ozone/integration-test/target/test-dir/MiniOzoneClusterImpl-e53119fe-5eef-4966-a383-af2bf0f910a9/datanode-0/data/ratis] (custom)
2019-06-14 00:45:43,738 INFO  storage.RaftStorageDirectory (RaftStorageDirectory.java:analyzeStorage(246)) - The storage directory /opt/src/hadoop-ozone/integration-test/target/test-dir/MiniOzoneClusterImpl-e53119fe-5eef-4966-a383-af2bf0f910a9/datanode-0/data/ratis/583ad8d7-aa07-4fbd-aced-a65c7b932a87 does not exist. Creating ...
2019-06-14 00:45:43,738 INFO  impl.RaftServerProxy (RaftServerProxy.java:addNew(89)) - 07fd3603-778d-48ba-a516-3718704fd394: addNew group-A65C7B932A87:[15226934-253d-4ea4-b6fd-d414a10ff261:192.168.11.204:34577, 07fd3603-778d-48ba-a516-3718704fd394:192.168.11.204:45953, 0f9a7ae6-8bd8-49d6-8bd0-4d7835cbd19a:192.168.11.204:45915] returns group-A65C7B932A87:java.util.concurrent.CompletableFuture@67cc383[Not completed]
2019-06-14 00:45:43,739 INFO  storage.RaftStorageDirectory (RaftStorageDirectory.java:tryLock(328)) - Lock on /opt/src/hadoop-ozone/integration-test/target/test-dir/MiniOzoneClusterImpl-e53119fe-5eef-4966-a383-af2bf0f910a9/datanode-5/data/ratis/583ad8d7-aa07-4fbd-aced-a65c7b932a87/in_use.lock acquired by nodename 10108@ozone-z78dj-180245278
2019-06-14 00:45:43,740 INFO  storage.RaftStorageDirectory (RaftStorageDirectory.java:tryLock(328)) - Lock on /opt/src/hadoop-ozone/integration-test/target/test-dir/MiniOzoneClusterImpl-e53119fe-5eef-4966-a383-af2bf0f910a9/datanode-0/data/ratis/583ad8d7-aa07-4fbd-aced-a65c7b932a87/in_use.lock acquired by nodename 10108@ozone-z78dj-180245278
2019-06-14 00:45:43,740 INFO  impl.RaftServerProxy (RaftServerProxy.java:addNew(89)) - 15226934-253d-4ea4-b6fd-d414a10ff261: addNew group-A65C7B932A87:[15226934-253d-4ea4-b6fd-d414a10ff261:192.168.11.204:34577, 07fd3603-778d-48ba-a516-3718704fd394:192.168.11.204:45953, 0f9a7ae6-8bd8-49d6-8bd0-4d7835cbd19a:192.168.11.204:45915] returns group-A65C7B932A87:java.util.concurrent.CompletableFuture@1a68dca7[Not completed]
2019-06-14 00:45:43,740 INFO  impl.RaftServerImpl (RaftServerImpl.java:<init>(91)) - 15226934-253d-4ea4-b6fd-d414a10ff261: new RaftServerImpl for group-A65C7B932A87:[15226934-253d-4ea4-b6fd-d414a10ff261:192.168.11.204:34577, 07fd3603-778d-48ba-a516-3718704fd394:192.168.11.204:45953, 0f9a7ae6-8bd8-49d6-8bd0-4d7835cbd19a:192.168.11.204:45915] with ContainerStateMachine:uninitialized
2019-06-14 00:45:43,740 INFO  server.RaftServerConfigKeys (ConfUtils.java:logGet(43)) - raft.server.rpc.timeout.min = 1s (custom)
2019-06-14 00:45:43,741 INFO  server.RaftServerConfigKeys (ConfUtils.java:logGet(43)) - raft.server.rpc.timeout.max = 1200ms (custom)
2019-06-14 00:45:43,741 INFO  server.RaftServerConfigKeys (ConfUtils.java:logGet(43)) - raft.server.rpcslowness.timeout = 10s (custom)
2019-06-14 00:45:43,741 INFO  server.RaftServerConfigKeys (ConfUtils.java:logGet(43)) - raft.server.log.appender.install.snapshot.enabled = true (default)
2019-06-14 00:45:43,741 INFO  impl.RaftServerImpl (ServerState.java:<init>(101)) - 15226934-253d-4ea4-b6fd-d414a10ff261:group-A65C7B932A87 ConfigurationManager, init=-1: [15226934-253d-4ea4-b6fd-d414a10ff261:192.168.11.204:34577, 07fd3603-778d-48ba-a516-3718704fd394:192.168.11.204:45953, 0f9a7ae6-8bd8-49d6-8bd0-4d7835cbd19a:192.168.11.204:45915], old=null, confs=<EMPTY_MAP>
2019-06-14 00:45:43,741 INFO  server.RaftServerConfigKeys (ConfUtils.java:logGet(43)) - raft.server.storage.dir = [/opt/src/hadoop-ozone/integration-test/target/test-dir/MiniOzoneClusterImpl-e53119fe-5eef-4966-a383-af2bf0f910a9/datanode-4/data/ratis] (custom)
2019-06-14 00:45:43,741 INFO  storage.RaftStorageDirectory (RaftStorageDirectory.java:analyzeStorage(246)) - The storage directory /opt/src/hadoop-ozone/integration-test/target/test-dir/MiniOzoneClusterImpl-e53119fe-5eef-4966-a383-af2bf0f910a9/datanode-4/data/ratis/583ad8d7-aa07-4fbd-aced-a65c7b932a87 does not exist. Creating ...
2019-06-14 00:45:43,742 INFO  storage.RaftStorage (RaftStorage.java:format(75)) - Storage directory /opt/src/hadoop-ozone/integration-test/target/test-dir/MiniOzoneClusterImpl-e53119fe-5eef-4966-a383-af2bf0f910a9/datanode-5/data/ratis/583ad8d7-aa07-4fbd-aced-a65c7b932a87 has been successfully formatted.
2019-06-14 00:45:43,742 INFO  ratis.ContainerStateMachine (ContainerStateMachine.java:loadSnapshot(199)) - The snapshot info is null.Setting the last applied index to:(t:0, i:~)
2019-06-14 00:45:43,742 INFO  server.RaftServerConfigKeys (ConfUtils.java:logGet(43)) - raft.server.leader.election.timeout = 10s (custom)
2019-06-14 00:45:43,742 INFO  server.RaftServerConfigKeys (ConfUtils.java:logGet(43)) - raft.server.log.use.memory = false (default)
2019-06-14 00:45:43,743 INFO  storage.RaftStorage (RaftStorage.java:format(75)) - Storage directory /opt/src/hadoop-ozone/integration-test/target/test-dir/MiniOzoneClusterImpl-e53119fe-5eef-4966-a383-af2bf0f910a9/datanode-0/data/ratis/583ad8d7-aa07-4fbd-aced-a65c7b932a87 has been successfully formatted.
2019-06-14 00:45:43,743 INFO  server.RaftServerConfigKeys (ConfUtils.java:logGet(43)) - raft.server.log.appender.buffer.byte-limit = 33554432 (custom)
2019-06-14 00:45:43,743 INFO  ratis.ContainerStateMachine (ContainerStateMachine.java:loadSnapshot(199)) - The snapshot info is null.Setting the last applied index to:(t:0, i:~)
2019-06-14 00:45:43,743 INFO  server.RaftServerConfigKeys (ConfUtils.java:logGet(43)) - raft.server.log.segment.size.max = 16384 (custom)
2019-06-14 00:45:43,743 INFO  server.RaftServerConfigKeys (ConfUtils.java:logGet(43)) - raft.server.log.segment.cache.num.max = 2 (custom)
2019-06-14 00:45:43,743 INFO  storage.RaftLogWorker (RaftLogWorker.java:<init>(123)) - new 07fd3603-778d-48ba-a516-3718704fd394-RaftLogWorker for Storage Directory /opt/src/hadoop-ozone/integration-test/target/test-dir/MiniOzoneClusterImpl-e53119fe-5eef-4966-a383-af2bf0f910a9/datanode-5/data/ratis/583ad8d7-aa07-4fbd-aced-a65c7b932a87
2019-06-14 00:45:43,743 INFO  server.RaftServerConfigKeys (ConfUtils.java:logGet(43)) - raft.server.log.queue.byte-limit = 2147483647 (custom)
2019-06-14 00:45:43,743 INFO  server.RaftServerConfigKeys (ConfUtils.java:logGet(43)) - raft.server.log.queue.element-limit = 1024 (custom)
2019-06-14 00:45:43,743 INFO  server.RaftServerConfigKeys (ConfUtils.java:logGet(43)) - raft.server.log.segment.size.max = 16384 (custom)
2019-06-14 00:45:43,744 INFO  server.RaftServerConfigKeys (ConfUtils.java:logGet(43)) - raft.server.log.preallocated.size = 16384 (custom)
2019-06-14 00:45:43,744 INFO  server.RaftServerConfigKeys (ConfUtils.java:logGet(43)) - raft.server.log.write.buffer.size = 33554432 (custom)
2019-06-14 00:45:43,744 INFO  server.RaftServerConfigKeys (ConfUtils.java:logGet(43)) - raft.server.log.force.sync.num = 128 (default)
2019-06-14 00:45:43,744 INFO  server.RaftServerConfigKeys (ConfUtils.java:logGet(43)) - raft.server.log.statemachine.data.sync = true (default)
2019-06-14 00:45:43,744 INFO  server.RaftServerConfigKeys (ConfUtils.java:logGet(43)) - raft.server.log.statemachine.data.sync.timeout = 10s (default)
2019-06-14 00:45:43,744 INFO  server.RaftServerConfigKeys (ConfUtils.java:logGet(43)) - raft.server.log.statemachine.data.sync.timeout.retry = -1 (default)
2019-06-14 00:45:43,744 INFO  server.RaftServerConfigKeys (ConfUtils.java:logGet(43)) - raft.server.log.statemachine.data.caching.enabled = true (custom)
2019-06-14 00:45:43,743 INFO  server.RaftServerConfigKeys (ConfUtils.java:logGet(43)) - raft.server.leader.election.timeout = 10s (custom)
2019-06-14 00:45:43,745 INFO  server.RaftServerConfigKeys (ConfUtils.java:logGet(43)) - raft.server.snapshot.auto.trigger.enabled = true (custom)
2019-06-14 00:45:43,744 INFO  storage.RaftStorageDirectory (RaftStorageDirectory.java:tryLock(328)) - Lock on /opt/src/hadoop-ozone/integration-test/target/test-dir/MiniOzoneClusterImpl-e53119fe-5eef-4966-a383-af2bf0f910a9/datanode-4/data/ratis/583ad8d7-aa07-4fbd-aced-a65c7b932a87/in_use.lock acquired by nodename 10108@ozone-z78dj-180245278
2019-06-14 00:45:43,745 INFO  server.RaftServerConfigKeys (ConfUtils.java:logGet(43)) - raft.server.snapshot.auto.trigger.threshold = 10000 (custom)
2019-06-14 00:45:43,745 INFO  server.RaftServerConfigKeys (ConfUtils.java:logGet(43)) - raft.server.retrycache.expirytime = 600000ms (custom)
2019-06-14 00:45:43,745 INFO  impl.RaftServerImpl (RaftServerImpl.java:start(173)) - 07fd3603-778d-48ba-a516-3718704fd394: start group-A65C7B932A87
2019-06-14 00:45:43,745 INFO  impl.RaftServerImpl (RaftServerImpl.java:setRole(164)) - 07fd3603-778d-48ba-a516-3718704fd394:group-A65C7B932A87 changes role from null to FOLLOWER at term 0 for startAsFollower
2019-06-14 00:45:43,745 INFO  server.RaftServerConfigKeys (ConfUtils.java:logGet(43)) - raft.server.log.use.memory = false (default)
2019-06-14 00:45:43,746 INFO  impl.RoleInfo (RoleInfo.java:updateAndGet(143)) - 07fd3603-778d-48ba-a516-3718704fd394: start FollowerState
2019-06-14 00:45:43,746 INFO  server.RaftServerConfigKeys (ConfUtils.java:logGet(43)) - raft.server.log.appender.buffer.byte-limit = 33554432 (custom)
2019-06-14 00:45:43,746 INFO  server.RaftServerConfigKeys (ConfUtils.java:logGet(43)) - raft.server.log.segment.size.max = 16384 (custom)
2019-06-14 00:45:43,746 INFO  server.RaftServerConfigKeys (ConfUtils.java:logGet(43)) - raft.server.log.segment.cache.num.max = 2 (custom)
2019-06-14 00:45:43,746 INFO  storage.RaftLogWorker (RaftLogWorker.java:<init>(123)) - new 0f9a7ae6-8bd8-49d6-8bd0-4d7835cbd19a-RaftLogWorker for Storage Directory /opt/src/hadoop-ozone/integration-test/target/test-dir/MiniOzoneClusterImpl-e53119fe-5eef-4966-a383-af2bf0f910a9/datanode-0/data/ratis/583ad8d7-aa07-4fbd-aced-a65c7b932a87
2019-06-14 00:45:43,746 INFO  server.RaftServerConfigKeys (ConfUtils.java:logGet(43)) - raft.server.log.queue.byte-limit = 2147483647 (custom)
2019-06-14 00:45:43,746 INFO  server.RaftServerConfigKeys (ConfUtils.java:logGet(43)) - raft.server.log.queue.element-limit = 1024 (custom)
2019-06-14 00:45:43,746 INFO  server.RaftServerConfigKeys (ConfUtils.java:logGet(43)) - raft.server.log.segment.size.max = 16384 (custom)
2019-06-14 00:45:43,747 INFO  server.RaftServerConfigKeys (ConfUtils.java:logGet(43)) - raft.server.log.preallocated.size = 16384 (custom)
2019-06-14 00:45:43,747 INFO  util.JmxRegister (JmxRegister.java:tryRegister(44)) - Successfully registered JMX Bean with object name Ratis:service=RaftServer,group=group-A65C7B932A87,id=07fd3603-778d-48ba-a516-3718704fd394
2019-06-14 00:45:43,747 INFO  server.RaftServerConfigKeys (ConfUtils.java:logGet(43)) - raft.server.log.write.buffer.size = 33554432 (custom)
2019-06-14 00:45:43,747 INFO  server.RaftServerConfigKeys (ConfUtils.java:logGet(43)) - raft.server.log.force.sync.num = 128 (default)
2019-06-14 00:45:43,747 INFO  server.RaftServerConfigKeys (ConfUtils.java:logGet(43)) - raft.server.log.statemachine.data.sync = true (default)
2019-06-14 00:45:43,747 INFO  storage.RaftStorage (RaftStorage.java:format(75)) - Storage directory /opt/src/hadoop-ozone/integration-test/target/test-dir/MiniOzoneClusterImpl-e53119fe-5eef-4966-a383-af2bf0f910a9/datanode-4/data/ratis/583ad8d7-aa07-4fbd-aced-a65c7b932a87 has been successfully formatted.
2019-06-14 00:45:43,747 INFO  ratis.ContainerStateMachine (ContainerStateMachine.java:loadSnapshot(199)) - The snapshot info is null.Setting the last applied index to:(t:0, i:~)
2019-06-14 00:45:43,747 INFO  server.RaftServerConfigKeys (ConfUtils.java:logGet(43)) - raft.server.leader.election.timeout = 10s (custom)
2019-06-14 00:45:43,748 INFO  server.RaftServerConfigKeys (ConfUtils.java:logGet(43)) - raft.server.log.use.memory = false (default)
2019-06-14 00:45:43,748 INFO  server.RaftServerConfigKeys (ConfUtils.java:logGet(43)) - raft.server.log.appender.buffer.byte-limit = 33554432 (custom)
2019-06-14 00:45:43,748 INFO  server.RaftServerConfigKeys (ConfUtils.java:logGet(43)) - raft.server.log.segment.size.max = 16384 (custom)
2019-06-14 00:45:43,748 INFO  server.RaftServerConfigKeys (ConfUtils.java:logGet(43)) - raft.server.log.segment.cache.num.max = 2 (custom)
2019-06-14 00:45:43,748 INFO  storage.RaftLogWorker (RaftLogWorker.java:<init>(123)) - new 15226934-253d-4ea4-b6fd-d414a10ff261-RaftLogWorker for Storage Directory /opt/src/hadoop-ozone/integration-test/target/test-dir/MiniOzoneClusterImpl-e53119fe-5eef-4966-a383-af2bf0f910a9/datanode-4/data/ratis/583ad8d7-aa07-4fbd-aced-a65c7b932a87
2019-06-14 00:45:43,748 INFO  server.RaftServerConfigKeys (ConfUtils.java:logGet(43)) - raft.server.log.queue.byte-limit = 2147483647 (custom)
2019-06-14 00:45:43,748 INFO  server.RaftServerConfigKeys (ConfUtils.java:logGet(43)) - raft.server.log.queue.element-limit = 1024 (custom)
2019-06-14 00:45:43,748 INFO  server.RaftServerConfigKeys (ConfUtils.java:logGet(43)) - raft.server.log.segment.size.max = 16384 (custom)
2019-06-14 00:45:43,748 INFO  server.RaftServerConfigKeys (ConfUtils.java:logGet(43)) - raft.server.log.preallocated.size = 16384 (custom)
2019-06-14 00:45:43,748 INFO  server.RaftServerConfigKeys (ConfUtils.java:logGet(43)) - raft.server.log.write.buffer.size = 33554432 (custom)
2019-06-14 00:45:43,748 INFO  server.RaftServerConfigKeys (ConfUtils.java:logGet(43)) - raft.server.log.force.sync.num = 128 (default)
2019-06-14 00:45:43,748 INFO  server.RaftServerConfigKeys (ConfUtils.java:logGet(43)) - raft.server.log.statemachine.data.sync = true (default)
2019-06-14 00:45:43,748 INFO  server.RaftServerConfigKeys (ConfUtils.java:logGet(43)) - raft.server.log.statemachine.data.sync.timeout = 10s (default)
2019-06-14 00:45:43,748 INFO  server.RaftServerConfigKeys (ConfUtils.java:logGet(43)) - raft.server.log.statemachine.data.sync.timeout.retry = -1 (default)
2019-06-14 00:45:43,747 INFO  server.RaftServerConfigKeys (ConfUtils.java:logGet(43)) - raft.server.log.statemachine.data.sync.timeout = 10s (default)
2019-06-14 00:45:43,749 INFO  server.RaftServerConfigKeys (ConfUtils.java:logGet(43)) - raft.server.log.statemachine.data.sync.timeout.retry = -1 (default)
2019-06-14 00:45:43,749 INFO  server.RaftServerConfigKeys (ConfUtils.java:logGet(43)) - raft.server.log.statemachine.data.caching.enabled = true (custom)
2019-06-14 00:45:43,749 INFO  server.RaftServerConfigKeys (ConfUtils.java:logGet(43)) - raft.server.log.statemachine.data.caching.enabled = true (custom)
2019-06-14 00:45:43,749 INFO  server.RaftServerConfigKeys (ConfUtils.java:logGet(43)) - raft.server.snapshot.auto.trigger.enabled = true (custom)
2019-06-14 00:45:43,749 INFO  server.RaftServerConfigKeys (ConfUtils.java:logGet(43)) - raft.server.snapshot.auto.trigger.threshold = 10000 (custom)
2019-06-14 00:45:43,757 INFO  server.RaftServerConfigKeys (ConfUtils.java:logGet(43)) - raft.server.retrycache.expirytime = 600000ms (custom)
2019-06-14 00:45:43,757 INFO  server.RaftServerConfigKeys (ConfUtils.java:logGet(43)) - raft.server.snapshot.auto.trigger.enabled = true (custom)
2019-06-14 00:45:43,757 INFO  impl.RaftServerImpl (RaftServerImpl.java:start(173)) - 15226934-253d-4ea4-b6fd-d414a10ff261: start group-A65C7B932A87
2019-06-14 00:45:43,757 INFO  impl.RaftServerImpl (RaftServerImpl.java:setRole(164)) - 15226934-253d-4ea4-b6fd-d414a10ff261:group-A65C7B932A87 changes role from null to FOLLOWER at term 0 for startAsFollower
2019-06-14 00:45:43,757 INFO  impl.RoleInfo (RoleInfo.java:updateAndGet(143)) - 15226934-253d-4ea4-b6fd-d414a10ff261: start FollowerState
2019-06-14 00:45:43,757 INFO  server.RaftServerConfigKeys (ConfUtils.java:logGet(43)) - raft.server.snapshot.auto.trigger.threshold = 10000 (custom)
2019-06-14 00:45:43,758 INFO  util.JmxRegister (JmxRegister.java:tryRegister(44)) - Successfully registered JMX Bean with object name Ratis:service=RaftServer,group=group-A65C7B932A87,id=15226934-253d-4ea4-b6fd-d414a10ff261
2019-06-14 00:45:43,759 INFO  server.RaftServerConfigKeys (ConfUtils.java:logGet(43)) - raft.server.retrycache.expirytime = 600000ms (custom)
2019-06-14 00:45:43,759 INFO  impl.RaftServerImpl (RaftServerImpl.java:start(173)) - 0f9a7ae6-8bd8-49d6-8bd0-4d7835cbd19a: start group-A65C7B932A87
2019-06-14 00:45:43,759 INFO  impl.RaftServerImpl (RaftServerImpl.java:setRole(164)) - 0f9a7ae6-8bd8-49d6-8bd0-4d7835cbd19a:group-A65C7B932A87 changes role from null to FOLLOWER at term 0 for startAsFollower
2019-06-14 00:45:43,759 INFO  impl.RoleInfo (RoleInfo.java:updateAndGet(143)) - 0f9a7ae6-8bd8-49d6-8bd0-4d7835cbd19a: start FollowerState
2019-06-14 00:45:43,763 INFO  util.JmxRegister (JmxRegister.java:tryRegister(44)) - Successfully registered JMX Bean with object name Ratis:service=RaftServer,group=group-A65C7B932A87,id=0f9a7ae6-8bd8-49d6-8bd0-4d7835cbd19a
2019-06-14 00:45:43,776 INFO  pipeline.PipelineStateManager (PipelineStateManager.java:addPipeline(56)) - Created pipeline Pipeline[ Id: 583ad8d7-aa07-4fbd-aced-a65c7b932a87, Nodes: 15226934-253d-4ea4-b6fd-d414a10ff261{ip: 192.168.11.204, host: ozone-z78dj-180245278, networkLocation: /default-rack, certSerialId: null}0f9a7ae6-8bd8-49d6-8bd0-4d7835cbd19a{ip: 192.168.11.204, host: ozone-z78dj-180245278, networkLocation: /default-rack, certSerialId: null}07fd3603-778d-48ba-a516-3718704fd394{ip: 192.168.11.204, host: ozone-z78dj-180245278, networkLocation: /default-rack, certSerialId: null}, Type:RATIS, Factor:THREE, State:OPEN]
2019-06-14 00:45:44,296 INFO  impl.FollowerState (FollowerState.java:run(101)) - 0f9a7ae6-8bd8-49d6-8bd0-4d7835cbd19a:group-EBDC640DA4B7 changes to CANDIDATE, lastRpcTime:1019, electionTimeout:1019ms
2019-06-14 00:45:44,297 INFO  impl.RoleInfo (RoleInfo.java:shutdownFollowerState(121)) - 0f9a7ae6-8bd8-49d6-8bd0-4d7835cbd19a: shutdown FollowerState
2019-06-14 00:45:44,297 INFO  impl.RaftServerImpl (RaftServerImpl.java:setRole(164)) - 0f9a7ae6-8bd8-49d6-8bd0-4d7835cbd19a:group-EBDC640DA4B7 changes role from FOLLOWER to CANDIDATE at term 0 for changeToCandidate
2019-06-14 00:45:44,298 INFO  impl.RoleInfo (RoleInfo.java:updateAndGet(143)) - 0f9a7ae6-8bd8-49d6-8bd0-4d7835cbd19a: start LeaderElection
2019-06-14 00:45:44,304 INFO  impl.LeaderElection (LeaderElection.java:askForVotes(181)) - 0f9a7ae6-8bd8-49d6-8bd0-4d7835cbd19a:group-EBDC640DA4B7:LeaderElection1: begin an election at term 1 for -1: [0f9a7ae6-8bd8-49d6-8bd0-4d7835cbd19a:192.168.11.204:45915], old=null
2019-06-14 00:45:44,306 INFO  impl.RoleInfo (RoleInfo.java:shutdownLeaderElection(134)) - 0f9a7ae6-8bd8-49d6-8bd0-4d7835cbd19a: shutdown LeaderElection
2019-06-14 00:45:44,306 INFO  impl.RaftServerImpl (RaftServerImpl.java:setRole(164)) - 0f9a7ae6-8bd8-49d6-8bd0-4d7835cbd19a:group-EBDC640DA4B7 changes role from CANDIDATE to LEADER at term 1 for changeToLeader
2019-06-14 00:45:44,306 INFO  impl.RaftServerImpl (ServerState.java:setLeader(263)) - 0f9a7ae6-8bd8-49d6-8bd0-4d7835cbd19a:group-EBDC640DA4B7 change Leader from null to 0f9a7ae6-8bd8-49d6-8bd0-4d7835cbd19a at term 1 for becomeLeader, leader elected after 1182ms
2019-06-14 00:45:44,310 INFO  server.RaftServerConfigKeys (ConfUtils.java:logGet(43)) - raft.server.staging.catchup.gap = 1000 (default)
2019-06-14 00:45:44,310 INFO  server.RaftServerConfigKeys (ConfUtils.java:logGet(43)) - raft.server.rpc.sleep.time = 25ms (default)
2019-06-14 00:45:44,312 INFO  server.RaftServerConfigKeys (ConfUtils.java:logGet(43)) - raft.server.watch.timeout = 10s (default)
2019-06-14 00:45:44,312 INFO  server.RaftServerConfigKeys (ConfUtils.java:logGet(43)) - raft.server.watch.timeout.denomination = 1s (default)
2019-06-14 00:45:44,317 INFO  impl.RoleInfo (RoleInfo.java:updateAndGet(143)) - 0f9a7ae6-8bd8-49d6-8bd0-4d7835cbd19a: start LeaderState
2019-06-14 00:45:44,330 INFO  storage.RaftLogWorker (RaftLogWorker.java:startLogSegment(298)) - 0f9a7ae6-8bd8-49d6-8bd0-4d7835cbd19a-RaftLogWorker: Starting segment from index:0
2019-06-14 00:45:44,340 INFO  impl.RaftServerImpl (ServerState.java:setRaftConf(361)) - 0f9a7ae6-8bd8-49d6-8bd0-4d7835cbd19a:group-EBDC640DA4B7 set configuration 0: [0f9a7ae6-8bd8-49d6-8bd0-4d7835cbd19a:192.168.11.204:45915], old=null at 0
2019-06-14 00:45:44,434 INFO  impl.FollowerState (FollowerState.java:run(101)) - 7416be56-b620-47bc-862e-739444292d17:group-F0A5BF5C0C18 changes to CANDIDATE, lastRpcTime:1087, electionTimeout:1086ms
2019-06-14 00:45:44,447 INFO  impl.RoleInfo (RoleInfo.java:shutdownFollowerState(121)) - 7416be56-b620-47bc-862e-739444292d17: shutdown FollowerState
2019-06-14 00:45:44,447 INFO  impl.RaftServerImpl (RaftServerImpl.java:setRole(164)) - 7416be56-b620-47bc-862e-739444292d17:group-F0A5BF5C0C18 changes role from FOLLOWER to CANDIDATE at term 0 for changeToCandidate
2019-06-14 00:45:44,447 INFO  impl.RoleInfo (RoleInfo.java:updateAndGet(143)) - 7416be56-b620-47bc-862e-739444292d17: start LeaderElection
2019-06-14 00:45:44,469 INFO  impl.LeaderElection (LeaderElection.java:askForVotes(181)) - 7416be56-b620-47bc-862e-739444292d17:group-F0A5BF5C0C18:LeaderElection2: begin an election at term 1 for -1: [7416be56-b620-47bc-862e-739444292d17:192.168.11.204:37483], old=null
2019-06-14 00:45:44,470 INFO  impl.RoleInfo (RoleInfo.java:shutdownLeaderElection(134)) - 7416be56-b620-47bc-862e-739444292d17: shutdown LeaderElection
2019-06-14 00:45:44,470 INFO  impl.RaftServerImpl (RaftServerImpl.java:setRole(164)) - 7416be56-b620-47bc-862e-739444292d17:group-F0A5BF5C0C18 changes role from CANDIDATE to LEADER at term 1 for changeToLeader
2019-06-14 00:45:44,470 INFO  impl.RaftServerImpl (ServerState.java:setLeader(263)) - 7416be56-b620-47bc-862e-739444292d17:group-F0A5BF5C0C18 change Leader from null to 7416be56-b620-47bc-862e-739444292d17 at term 1 for becomeLeader, leader elected after 1126ms
2019-06-14 00:45:44,471 INFO  server.RaftServerConfigKeys (ConfUtils.java:logGet(43)) - raft.server.staging.catchup.gap = 1000 (default)
2019-06-14 00:45:44,471 INFO  server.RaftServerConfigKeys (ConfUtils.java:logGet(43)) - raft.server.rpc.sleep.time = 25ms (default)
2019-06-14 00:45:44,471 INFO  server.RaftServerConfigKeys (ConfUtils.java:logGet(43)) - raft.server.watch.timeout = 10s (default)
2019-06-14 00:45:44,471 INFO  server.RaftServerConfigKeys (ConfUtils.java:logGet(43)) - raft.server.watch.timeout.denomination = 1s (default)
2019-06-14 00:45:44,471 INFO  impl.RoleInfo (RoleInfo.java:updateAndGet(143)) - 7416be56-b620-47bc-862e-739444292d17: start LeaderState
2019-06-14 00:45:44,471 INFO  storage.RaftLogWorker (RaftLogWorker.java:execute(469)) - 0f9a7ae6-8bd8-49d6-8bd0-4d7835cbd19a-RaftLogWorker: created new log segment /opt/src/hadoop-ozone/integration-test/target/test-dir/MiniOzoneClusterImpl-e53119fe-5eef-4966-a383-af2bf0f910a9/datanode-0/data/ratis/9b6cf195-87dd-4299-8dfc-ebdc640da4b7/current/log_inprogress_0
2019-06-14 00:45:44,472 INFO  storage.RaftLogWorker (RaftLogWorker.java:startLogSegment(298)) - 7416be56-b620-47bc-862e-739444292d17-RaftLogWorker: Starting segment from index:0
2019-06-14 00:45:44,482 INFO  impl.RaftServerImpl (ServerState.java:setRaftConf(361)) - 7416be56-b620-47bc-862e-739444292d17:group-F0A5BF5C0C18 set configuration 0: [7416be56-b620-47bc-862e-739444292d17:192.168.11.204:37483], old=null at 0
2019-06-14 00:45:44,514 INFO  storage.RaftLogWorker (RaftLogWorker.java:execute(469)) - 7416be56-b620-47bc-862e-739444292d17-RaftLogWorker: created new log segment /opt/src/hadoop-ozone/integration-test/target/test-dir/MiniOzoneClusterImpl-e53119fe-5eef-4966-a383-af2bf0f910a9/datanode-1/data/ratis/780e7ff8-0234-4f2e-9cbd-f0a5bf5c0c18/current/log_inprogress_0
2019-06-14 00:45:44,558 INFO  impl.FollowerState (FollowerState.java:run(101)) - 47b1cd11-efd6-4f80-afb1-edeada930e36:group-9B24B56A6A08 changes to CANDIDATE, lastRpcTime:1134, electionTimeout:1134ms
2019-06-14 00:45:44,558 INFO  impl.RoleInfo (RoleInfo.java:shutdownFollowerState(121)) - 47b1cd11-efd6-4f80-afb1-edeada930e36: shutdown FollowerState
2019-06-14 00:45:44,558 INFO  impl.RaftServerImpl (RaftServerImpl.java:setRole(164)) - 47b1cd11-efd6-4f80-afb1-edeada930e36:group-9B24B56A6A08 changes role from FOLLOWER to CANDIDATE at term 0 for changeToCandidate
2019-06-14 00:45:44,559 INFO  impl.RoleInfo (RoleInfo.java:updateAndGet(143)) - 47b1cd11-efd6-4f80-afb1-edeada930e36: start LeaderElection
2019-06-14 00:45:44,564 INFO  impl.LeaderElection (LeaderElection.java:askForVotes(181)) - 47b1cd11-efd6-4f80-afb1-edeada930e36:group-9B24B56A6A08:LeaderElection3: begin an election at term 1 for -1: [47b1cd11-efd6-4f80-afb1-edeada930e36:192.168.11.204:35067], old=null
2019-06-14 00:45:44,564 INFO  impl.RoleInfo (RoleInfo.java:shutdownLeaderElection(134)) - 47b1cd11-efd6-4f80-afb1-edeada930e36: shutdown LeaderElection
2019-06-14 00:45:44,564 INFO  impl.RaftServerImpl (RaftServerImpl.java:setRole(164)) - 47b1cd11-efd6-4f80-afb1-edeada930e36:group-9B24B56A6A08 changes role from CANDIDATE to LEADER at term 1 for changeToLeader
2019-06-14 00:45:44,564 INFO  impl.RaftServerImpl (ServerState.java:setLeader(263)) - 47b1cd11-efd6-4f80-afb1-edeada930e36:group-9B24B56A6A08 change Leader from null to 47b1cd11-efd6-4f80-afb1-edeada930e36 at term 1 for becomeLeader, leader elected after 1143ms
2019-06-14 00:45:44,565 INFO  server.RaftServerConfigKeys (ConfUtils.java:logGet(43)) - raft.server.staging.catchup.gap = 1000 (default)
2019-06-14 00:45:44,565 INFO  server.RaftServerConfigKeys (ConfUtils.java:logGet(43)) - raft.server.rpc.sleep.time = 25ms (default)
2019-06-14 00:45:44,565 INFO  server.RaftServerConfigKeys (ConfUtils.java:logGet(43)) - raft.server.watch.timeout = 10s (default)
2019-06-14 00:45:44,565 INFO  server.RaftServerConfigKeys (ConfUtils.java:logGet(43)) - raft.server.watch.timeout.denomination = 1s (default)
2019-06-14 00:45:44,565 INFO  impl.RoleInfo (RoleInfo.java:updateAndGet(143)) - 47b1cd11-efd6-4f80-afb1-edeada930e36: start LeaderState
2019-06-14 00:45:44,566 INFO  storage.RaftLogWorker (RaftLogWorker.java:startLogSegment(298)) - 47b1cd11-efd6-4f80-afb1-edeada930e36-RaftLogWorker: Starting segment from index:0
2019-06-14 00:45:44,567 INFO  impl.RaftServerImpl (ServerState.java:setRaftConf(361)) - 47b1cd11-efd6-4f80-afb1-edeada930e36:group-9B24B56A6A08 set configuration 0: [47b1cd11-efd6-4f80-afb1-edeada930e36:192.168.11.204:35067], old=null at 0
2019-06-14 00:45:44,603 INFO  storage.RaftLogWorker (RaftLogWorker.java:execute(469)) - 47b1cd11-efd6-4f80-afb1-edeada930e36-RaftLogWorker: created new log segment /opt/src/hadoop-ozone/integration-test/target/test-dir/MiniOzoneClusterImpl-e53119fe-5eef-4966-a383-af2bf0f910a9/datanode-2/data/ratis/21c27975-110e-4a9a-8808-9b24b56a6a08/current/log_inprogress_0
2019-06-14 00:45:44,609 INFO  impl.FollowerState (FollowerState.java:run(101)) - 00b669bb-3958-4202-a6ac-0e1070a2d711:group-75348DCD12E5 changes to CANDIDATE, lastRpcTime:1145, electionTimeout:1145ms
2019-06-14 00:45:44,609 INFO  impl.RoleInfo (RoleInfo.java:shutdownFollowerState(121)) - 00b669bb-3958-4202-a6ac-0e1070a2d711: shutdown FollowerState
2019-06-14 00:45:44,609 INFO  impl.RaftServerImpl (RaftServerImpl.java:setRole(164)) - 00b669bb-3958-4202-a6ac-0e1070a2d711:group-75348DCD12E5 changes role from FOLLOWER to CANDIDATE at term 0 for changeToCandidate
2019-06-14 00:45:44,610 INFO  impl.RoleInfo (RoleInfo.java:updateAndGet(143)) - 00b669bb-3958-4202-a6ac-0e1070a2d711: start LeaderElection
2019-06-14 00:45:44,614 INFO  impl.LeaderElection (LeaderElection.java:askForVotes(181)) - 00b669bb-3958-4202-a6ac-0e1070a2d711:group-75348DCD12E5:LeaderElection4: begin an election at term 1 for -1: [00b669bb-3958-4202-a6ac-0e1070a2d711:192.168.11.204:45705], old=null
2019-06-14 00:45:44,615 INFO  impl.RoleInfo (RoleInfo.java:shutdownLeaderElection(134)) - 00b669bb-3958-4202-a6ac-0e1070a2d711: shutdown LeaderElection
2019-06-14 00:45:44,615 INFO  impl.RaftServerImpl (RaftServerImpl.java:setRole(164)) - 00b669bb-3958-4202-a6ac-0e1070a2d711:group-75348DCD12E5 changes role from CANDIDATE to LEADER at term 1 for changeToLeader
2019-06-14 00:45:44,615 INFO  impl.RaftServerImpl (ServerState.java:setLeader(263)) - 00b669bb-3958-4202-a6ac-0e1070a2d711:group-75348DCD12E5 change Leader from null to 00b669bb-3958-4202-a6ac-0e1070a2d711 at term 1 for becomeLeader, leader elected after 1152ms
2019-06-14 00:45:44,616 INFO  server.RaftServerConfigKeys (ConfUtils.java:logGet(43)) - raft.server.staging.catchup.gap = 1000 (default)
2019-06-14 00:45:44,616 INFO  server.RaftServerConfigKeys (ConfUtils.java:logGet(43)) - raft.server.rpc.sleep.time = 25ms (default)
2019-06-14 00:45:44,616 INFO  server.RaftServerConfigKeys (ConfUtils.java:logGet(43)) - raft.server.watch.timeout = 10s (default)
2019-06-14 00:45:44,616 INFO  server.RaftServerConfigKeys (ConfUtils.java:logGet(43)) - raft.server.watch.timeout.denomination = 1s (default)
2019-06-14 00:45:44,616 INFO  impl.RoleInfo (RoleInfo.java:updateAndGet(143)) - 00b669bb-3958-4202-a6ac-0e1070a2d711: start LeaderState
2019-06-14 00:45:44,616 INFO  storage.RaftLogWorker (RaftLogWorker.java:startLogSegment(298)) - 00b669bb-3958-4202-a6ac-0e1070a2d711-RaftLogWorker: Starting segment from index:0
2019-06-14 00:45:44,617 INFO  impl.RaftServerImpl (ServerState.java:setRaftConf(361)) - 00b669bb-3958-4202-a6ac-0e1070a2d711:group-75348DCD12E5 set configuration 0: [00b669bb-3958-4202-a6ac-0e1070a2d711:192.168.11.204:45705], old=null at 0
2019-06-14 00:45:44,634 INFO  impl.FollowerState (FollowerState.java:run(101)) - 7416be56-b620-47bc-862e-739444292d17:group-A67F26CD4BD3 changes to CANDIDATE, lastRpcTime:1122, electionTimeout:1118ms
2019-06-14 00:45:44,634 INFO  impl.FollowerState (FollowerState.java:run(101)) - 15226934-253d-4ea4-b6fd-d414a10ff261:group-251EBAA02753 changes to CANDIDATE, lastRpcTime:1070, electionTimeout:1061ms
2019-06-14 00:45:44,634 INFO  impl.RoleInfo (RoleInfo.java:shutdownFollowerState(121)) - 7416be56-b620-47bc-862e-739444292d17: shutdown FollowerState
2019-06-14 00:45:44,634 INFO  impl.RoleInfo (RoleInfo.java:shutdownFollowerState(121)) - 15226934-253d-4ea4-b6fd-d414a10ff261: shutdown FollowerState
2019-06-14 00:45:44,634 INFO  impl.RaftServerImpl (RaftServerImpl.java:setRole(164)) - 7416be56-b620-47bc-862e-739444292d17:group-A67F26CD4BD3 changes role from FOLLOWER to CANDIDATE at term 0 for changeToCandidate
2019-06-14 00:45:44,634 INFO  impl.RaftServerImpl (RaftServerImpl.java:setRole(164)) - 15226934-253d-4ea4-b6fd-d414a10ff261:group-251EBAA02753 changes role from FOLLOWER to CANDIDATE at term 0 for changeToCandidate
2019-06-14 00:45:44,634 INFO  impl.RoleInfo (RoleInfo.java:updateAndGet(143)) - 7416be56-b620-47bc-862e-739444292d17: start LeaderElection
2019-06-14 00:45:44,634 INFO  impl.RoleInfo (RoleInfo.java:updateAndGet(143)) - 15226934-253d-4ea4-b6fd-d414a10ff261: start LeaderElection
2019-06-14 00:45:44,655 INFO  storage.RaftLogWorker (RaftLogWorker.java:execute(469)) - 00b669bb-3958-4202-a6ac-0e1070a2d711-RaftLogWorker: created new log segment /opt/src/hadoop-ozone/integration-test/target/test-dir/MiniOzoneClusterImpl-e53119fe-5eef-4966-a383-af2bf0f910a9/datanode-3/data/ratis/d09efac3-728b-4286-9509-75348dcd12e5/current/log_inprogress_0
2019-06-14 00:45:44,657 INFO  impl.LeaderElection (LeaderElection.java:askForVotes(181)) - 15226934-253d-4ea4-b6fd-d414a10ff261:group-251EBAA02753:LeaderElection6: begin an election at term 1 for -1: [15226934-253d-4ea4-b6fd-d414a10ff261:192.168.11.204:34577], old=null
2019-06-14 00:45:44,657 INFO  impl.LeaderElection (LeaderElection.java:askForVotes(181)) - 7416be56-b620-47bc-862e-739444292d17:group-A67F26CD4BD3:LeaderElection5: begin an election at term 1 for -1: [7416be56-b620-47bc-862e-739444292d17:192.168.11.204:37483, 47b1cd11-efd6-4f80-afb1-edeada930e36:192.168.11.204:35067, 00b669bb-3958-4202-a6ac-0e1070a2d711:192.168.11.204:45705], old=null
2019-06-14 00:45:44,657 INFO  impl.RoleInfo (RoleInfo.java:shutdownLeaderElection(134)) - 15226934-253d-4ea4-b6fd-d414a10ff261: shutdown LeaderElection
2019-06-14 00:45:44,657 INFO  impl.RaftServerImpl (RaftServerImpl.java:setRole(164)) - 15226934-253d-4ea4-b6fd-d414a10ff261:group-251EBAA02753 changes role from CANDIDATE to LEADER at term 1 for changeToLeader
2019-06-14 00:45:44,657 INFO  impl.RaftServerImpl (ServerState.java:setLeader(263)) - 15226934-253d-4ea4-b6fd-d414a10ff261:group-251EBAA02753 change Leader from null to 15226934-253d-4ea4-b6fd-d414a10ff261 at term 1 for becomeLeader, leader elected after 1096ms
2019-06-14 00:45:44,658 INFO  server.RaftServerConfigKeys (ConfUtils.java:logGet(43)) - raft.server.staging.catchup.gap = 1000 (default)
2019-06-14 00:45:44,658 INFO  server.RaftServerConfigKeys (ConfUtils.java:logGet(43)) - raft.server.rpc.sleep.time = 25ms (default)
2019-06-14 00:45:44,658 INFO  server.RaftServerConfigKeys (ConfUtils.java:logGet(43)) - raft.server.watch.timeout = 10s (default)
2019-06-14 00:45:44,658 INFO  server.RaftServerConfigKeys (ConfUtils.java:logGet(43)) - raft.server.watch.timeout.denomination = 1s (default)
2019-06-14 00:45:44,658 INFO  impl.RoleInfo (RoleInfo.java:updateAndGet(143)) - 15226934-253d-4ea4-b6fd-d414a10ff261: start LeaderState
2019-06-14 00:45:44,659 INFO  storage.RaftLogWorker (RaftLogWorker.java:startLogSegment(298)) - 15226934-253d-4ea4-b6fd-d414a10ff261-RaftLogWorker: Starting segment from index:0
2019-06-14 00:45:44,679 INFO  impl.RaftServerImpl (ServerState.java:setRaftConf(361)) - 15226934-253d-4ea4-b6fd-d414a10ff261:group-251EBAA02753 set configuration 0: [15226934-253d-4ea4-b6fd-d414a10ff261:192.168.11.204:34577], old=null at 0
2019-06-14 00:45:44,696 INFO  impl.FollowerState (FollowerState.java:run(101)) - 47b1cd11-efd6-4f80-afb1-edeada930e36:group-A67F26CD4BD3 changes to CANDIDATE, lastRpcTime:1185, electionTimeout:1180ms
2019-06-14 00:45:44,696 INFO  ozone.MiniOzoneClusterImpl (MiniOzoneClusterImpl.java:lambda$waitForClusterToBeReady$0(142)) - Cluster is ready. Got 6 of 6 DN Heartbeats.
2019-06-14 00:45:44,696 INFO  impl.RoleInfo (RoleInfo.java:shutdownFollowerState(121)) - 47b1cd11-efd6-4f80-afb1-edeada930e36: shutdown FollowerState
2019-06-14 00:45:44,699 INFO  impl.RaftServerImpl (RaftServerImpl.java:setRole(164)) - 47b1cd11-efd6-4f80-afb1-edeada930e36:group-A67F26CD4BD3 changes role from FOLLOWER to CANDIDATE at term 0 for changeToCandidate
2019-06-14 00:45:44,702 INFO  storage.RaftLogWorker (RaftLogWorker.java:execute(469)) - 15226934-253d-4ea4-b6fd-d414a10ff261-RaftLogWorker: created new log segment /opt/src/hadoop-ozone/integration-test/target/test-dir/MiniOzoneClusterImpl-e53119fe-5eef-4966-a383-af2bf0f910a9/datanode-4/data/ratis/a3792dc3-3e5b-476b-887a-251ebaa02753/current/log_inprogress_0
2019-06-14 00:45:44,707 INFO  impl.RoleInfo (RoleInfo.java:updateAndGet(143)) - 47b1cd11-efd6-4f80-afb1-edeada930e36: start LeaderElection
]]></system-out>
    <system-err><![CDATA[ERROR StatusLogger No Log4j 2 configuration file found. Using default configuration (logging only errors to the console), or user programmatically provided configurations. Set system property 'log4j2.debug' to show Log4j 2 internal initialization logging. See https://logging.apache.org/log4j/2.x/manual/configuration.html for instructions on how to configure Log4j 2
Jun 14, 2019 12:45:38 AM com.sun.jersey.server.impl.application.WebApplicationImpl _initiate
INFO: Initiating Jersey application, version 'Jersey: 1.19 02/11/2015 03:25 AM'
Jun 14, 2019 12:45:38 AM com.sun.jersey.server.impl.application.WebApplicationImpl _initiate
INFO: Initiating Jersey application, version 'Jersey: 1.19 02/11/2015 03:25 AM'
Jun 14, 2019 12:45:38 AM com.sun.jersey.server.impl.application.WebApplicationImpl _initiate
INFO: Initiating Jersey application, version 'Jersey: 1.19 02/11/2015 03:25 AM'
Jun 14, 2019 12:45:39 AM com.sun.jersey.server.impl.application.WebApplicationImpl _initiate
INFO: Initiating Jersey application, version 'Jersey: 1.19 02/11/2015 03:25 AM'
Jun 14, 2019 12:45:39 AM com.sun.jersey.server.impl.application.WebApplicationImpl _initiate
INFO: Initiating Jersey application, version 'Jersey: 1.19 02/11/2015 03:25 AM'
Jun 14, 2019 12:45:39 AM com.sun.jersey.server.impl.application.WebApplicationImpl _initiate
INFO: Initiating Jersey application, version 'Jersey: 1.19 02/11/2015 03:25 AM'
]]></system-err>
  </testcase>
</testsuite>