<?xml version="1.0" encoding="UTF-8"?>
<testsuite xmlns:xsi="http://www.w3.org/2001/XMLSchema-instance" xsi:noNamespaceSchemaLocation="https://maven.apache.org/surefire/maven-surefire-plugin/xsd/surefire-test-report.xsd" name="org.apache.hadoop.ozone.client.rpc.TestFailureHandlingByClient" time="137.185" tests="7" errors="1" skipped="0" failures="0">
  <properties>
    <property name="awt.toolkit" value="sun.awt.X11.XToolkit"/>
    <property name="file.encoding.pkg" value="sun.io"/>
    <property name="java.specification.version" value="1.8"/>
    <property name="sun.cpu.isalist" value=""/>
    <property name="sun.jnu.encoding" value="UTF-8"/>
    <property name="java.class.path" value="/opt/src/hadoop-ozone/integration-test/target/test-classes:/opt/src/hadoop-ozone/integration-test/target/classes:/root/.m2/repository/org/apache/hadoop/hadoop-ozone-common/0.5.0-SNAPSHOT/hadoop-ozone-common-0.5.0-SNAPSHOT.jar:/root/.m2/repository/org/apache/commons/commons-compress/1.4.1/commons-compress-1.4.1.jar:/root/.m2/repository/org/tukaani/xz/1.0/xz-1.0.jar:/root/.m2/repository/org/apache/hadoop/hadoop-common/3.2.0/hadoop-common-3.2.0.jar:/root/.m2/repository/org/apache/hadoop/hadoop-hdfs/3.2.0/hadoop-hdfs-3.2.0.jar:/root/.m2/repository/org/apache/hadoop/hadoop-hdfs-client/3.2.0/hadoop-hdfs-client-3.2.0.jar:/root/.m2/repository/com/fasterxml/jackson/core/jackson-annotations/2.9.5/jackson-annotations-2.9.5.jar:/root/.m2/repository/org/apache/hadoop/hadoop-hdds-common/0.5.0-SNAPSHOT/hadoop-hdds-common-0.5.0-SNAPSHOT.jar:/root/.m2/repository/javax/annotation/javax.annotation-api/1.2/javax.annotation-api-1.2.jar:/root/.m2/repository/org/apache/ratis/ratis-server/0.4.0-fe2b15d-SNAPSHOT/ratis-server-0.4.0-fe2b15d-SNAPSHOT.jar:/root/.m2/repository/org/apache/ratis/ratis-thirdparty-misc/0.2.0/ratis-thirdparty-misc-0.2.0.jar:/root/.m2/repository/org/apache/ratis/ratis-proto/0.4.0-fe2b15d-SNAPSHOT/ratis-proto-0.4.0-fe2b15d-SNAPSHOT.jar:/root/.m2/repository/org/apache/ratis/ratis-common/0.4.0-fe2b15d-SNAPSHOT/ratis-common-0.4.0-fe2b15d-SNAPSHOT.jar:/root/.m2/repository/org/apache/ratis/ratis-client/0.4.0-fe2b15d-SNAPSHOT/ratis-client-0.4.0-fe2b15d-SNAPSHOT.jar:/root/.m2/repository/org/apache/ratis/ratis-netty/0.4.0-fe2b15d-SNAPSHOT/ratis-netty-0.4.0-fe2b15d-SNAPSHOT.jar:/root/.m2/repository/org/apache/ratis/ratis-grpc/0.4.0-fe2b15d-SNAPSHOT/ratis-grpc-0.4.0-fe2b15d-SNAPSHOT.jar:/root/.m2/repository/org/rocksdb/rocksdbjni/5.14.2/rocksdbjni-5.14.2.jar:/root/.m2/repository/org/apache/logging/log4j/log4j-api/2.11.0/log4j-api-2.11.0.jar:/root/.m2/repository/org/apache/logging/log4j/log4j-core/2.11.0/log4j-core-2.11.0.jar:/root/.m2/repository/com/lmax/disruptor/3.4.2/disruptor-3.4.2.jar:/root/.m2/repository/org/apache/commons/commons-pool2/2.6.0/commons-pool2-2.6.0.jar:/root/.m2/repository/org/bouncycastle/bcpkix-jdk15on/1.60/bcpkix-jdk15on-1.60.jar:/root/.m2/repository/commons-validator/commons-validator/1.6/commons-validator-1.6.jar:/root/.m2/repository/commons-digester/commons-digester/1.8.1/commons-digester-1.8.1.jar:/root/.m2/repository/io/jaegertracing/jaeger-client/0.33.1/jaeger-client-0.33.1.jar:/root/.m2/repository/io/jaegertracing/jaeger-thrift/0.33.1/jaeger-thrift-0.33.1.jar:/root/.m2/repository/org/apache/thrift/libthrift/0.11.0/libthrift-0.11.0.jar:/root/.m2/repository/com/squareup/okhttp3/okhttp/3.9.0/okhttp-3.9.0.jar:/root/.m2/repository/com/squareup/okio/okio/1.13.0/okio-1.13.0.jar:/root/.m2/repository/io/jaegertracing/jaeger-core/0.33.1/jaeger-core-0.33.1.jar:/root/.m2/repository/io/jaegertracing/jaeger-tracerresolver/0.33.1/jaeger-tracerresolver-0.33.1.jar:/root/.m2/repository/io/opentracing/contrib/opentracing-tracerresolver/0.1.5/opentracing-tracerresolver-0.1.5.jar:/root/.m2/repository/io/opentracing/opentracing-util/0.31.0/opentracing-util-0.31.0.jar:/root/.m2/repository/io/opentracing/opentracing-api/0.31.0/opentracing-api-0.31.0.jar:/root/.m2/repository/io/opentracing/opentracing-noop/0.31.0/opentracing-noop-0.31.0.jar:/root/.m2/repository/org/apache/hadoop/hadoop-hdds-server-framework/0.5.0-SNAPSHOT/hadoop-hdds-server-framework-0.5.0-SNAPSHOT.jar:/root/.m2/repository/org/apache/hadoop/hadoop-hdds-server-scm/0.5.0-SNAPSHOT/hadoop-hdds-server-scm-0.5.0-SNAPSHOT.jar:/root/.m2/repository/org/apache/hadoop/hadoop-hdds-container-service/0.5.0-SNAPSHOT/hadoop-hdds-container-service-0.5.0-SNAPSHOT.jar:/root/.m2/repository/org/apache/hadoop/hadoop-hdds-client/0.5.0-SNAPSHOT/hadoop-hdds-client-0.5.0-SNAPSHOT.jar:/root/.m2/repository/org/apache/hadoop/hadoop-hdds-tools/0.5.0-SNAPSHOT/hadoop-hdds-tools-0.5.0-SNAPSHOT.jar:/root/.m2/repository/org/apache/hadoop/hadoop-ozone-ozone-manager/0.5.0-SNAPSHOT/hadoop-ozone-ozone-manager-0.5.0-SNAPSHOT.jar:/root/.m2/repository/org/apache/hadoop/hadoop-hdds-docs/0.5.0-SNAPSHOT/hadoop-hdds-docs-0.5.0-SNAPSHOT.jar:/root/.m2/repository/org/bouncycastle/bcprov-jdk15on/1.60/bcprov-jdk15on-1.60.jar:/root/.m2/repository/org/apache/hadoop/hadoop-minikdc/3.2.0/hadoop-minikdc-3.2.0.jar:/root/.m2/repository/commons-io/commons-io/2.5/commons-io-2.5.jar:/root/.m2/repository/org/apache/kerby/kerb-simplekdc/1.0.1/kerb-simplekdc-1.0.1.jar:/root/.m2/repository/org/apache/kerby/kerb-client/1.0.1/kerb-client-1.0.1.jar:/root/.m2/repository/org/apache/kerby/kerby-config/1.0.1/kerby-config-1.0.1.jar:/root/.m2/repository/org/apache/kerby/kerb-core/1.0.1/kerb-core-1.0.1.jar:/root/.m2/repository/org/apache/kerby/kerby-pkix/1.0.1/kerby-pkix-1.0.1.jar:/root/.m2/repository/org/apache/kerby/kerby-asn1/1.0.1/kerby-asn1-1.0.1.jar:/root/.m2/repository/org/apache/kerby/kerby-util/1.0.1/kerby-util-1.0.1.jar:/root/.m2/repository/org/apache/kerby/kerb-common/1.0.1/kerb-common-1.0.1.jar:/root/.m2/repository/org/apache/kerby/kerb-crypto/1.0.1/kerb-crypto-1.0.1.jar:/root/.m2/repository/org/apache/kerby/kerb-util/1.0.1/kerb-util-1.0.1.jar:/root/.m2/repository/org/apache/kerby/token-provider/1.0.1/token-provider-1.0.1.jar:/root/.m2/repository/org/apache/kerby/kerb-admin/1.0.1/kerb-admin-1.0.1.jar:/root/.m2/repository/org/apache/kerby/kerb-server/1.0.1/kerb-server-1.0.1.jar:/root/.m2/repository/org/apache/kerby/kerb-identity/1.0.1/kerb-identity-1.0.1.jar:/root/.m2/repository/org/apache/kerby/kerby-xdr/1.0.1/kerby-xdr-1.0.1.jar:/root/.m2/repository/org/slf4j/slf4j-log4j12/1.7.25/slf4j-log4j12-1.7.25.jar:/root/.m2/repository/org/apache/hadoop/hadoop-ozone-objectstore-service/0.5.0-SNAPSHOT/hadoop-ozone-objectstore-service-0.5.0-SNAPSHOT.jar:/root/.m2/repository/org/apache/hadoop/hadoop-ozone-s3gateway/0.5.0-SNAPSHOT/hadoop-ozone-s3gateway-0.5.0-SNAPSHOT.jar:/root/.m2/repository/org/jboss/weld/servlet/weld-servlet/2.4.7.Final/weld-servlet-2.4.7.Final.jar:/root/.m2/repository/org/glassfish/jersey/containers/jersey-container-servlet-core/2.27/jersey-container-servlet-core-2.27.jar:/root/.m2/repository/org/glassfish/hk2/external/javax.inject/2.5.0-b42/javax.inject-2.5.0-b42.jar:/root/.m2/repository/org/glassfish/jersey/core/jersey-common/2.27/jersey-common-2.27.jar:/root/.m2/repository/org/glassfish/hk2/osgi-resource-locator/1.0.1/osgi-resource-locator-1.0.1.jar:/root/.m2/repository/javax/ws/rs/javax.ws.rs-api/2.1/javax.ws.rs-api-2.1.jar:/root/.m2/repository/org/glassfish/jersey/ext/cdi/jersey-cdi1x/2.27/jersey-cdi1x-2.27.jar:/root/.m2/repository/org/glassfish/jersey/inject/jersey-hk2/2.27/jersey-hk2-2.27.jar:/root/.m2/repository/org/glassfish/hk2/hk2-locator/2.5.0-b42/hk2-locator-2.5.0-b42.jar:/root/.m2/repository/org/javassist/javassist/3.22.0-CR2/javassist-3.22.0-CR2.jar:/root/.m2/repository/org/glassfish/hk2/hk2-api/2.5.0/hk2-api-2.5.0.jar:/root/.m2/repository/org/glassfish/hk2/external/jakarta.inject/2.5.0/jakarta.inject-2.5.0.jar:/root/.m2/repository/org/glassfish/hk2/hk2-utils/2.5.0/hk2-utils-2.5.0.jar:/root/.m2/repository/jakarta/annotation/jakarta.annotation-api/1.3.4/jakarta.annotation-api-1.3.4.jar:/root/.m2/repository/org/glassfish/hk2/external/aopalliance-repackaged/2.5.0/aopalliance-repackaged-2.5.0.jar:/root/.m2/repository/com/fasterxml/jackson/dataformat/jackson-dataformat-xml/2.9.0/jackson-dataformat-xml-2.9.0.jar:/root/.m2/repository/com/fasterxml/jackson/core/jackson-core/2.9.5/jackson-core-2.9.5.jar:/root/.m2/repository/com/fasterxml/jackson/module/jackson-module-jaxb-annotations/2.9.5/jackson-module-jaxb-annotations-2.9.5.jar:/root/.m2/repository/javax/enterprise/cdi-api/1.2/cdi-api-1.2.jar:/root/.m2/repository/javax/el/javax.el-api/3.0.0/javax.el-api-3.0.0.jar:/root/.m2/repository/javax/interceptor/javax.interceptor-api/1.2/javax.interceptor-api-1.2.jar:/root/.m2/repository/javax/inject/javax.inject/1/javax.inject-1.jar:/root/.m2/repository/com/sun/xml/bind/jaxb-impl/2.3.0.1/jaxb-impl-2.3.0.1.jar:/root/.m2/repository/com/sun/xml/bind/jaxb-core/2.3.0.1/jaxb-core-2.3.0.1.jar:/root/.m2/repository/javax/xml/bind/jaxb-api/2.3.0/jaxb-api-2.3.0.jar:/root/.m2/repository/javax/activation/activation/1.1.1/activation-1.1.1.jar:/root/.m2/repository/org/apache/hadoop/hadoop-ozone-csi/0.5.0-SNAPSHOT/hadoop-ozone-csi-0.5.0-SNAPSHOT.jar:/root/.m2/repository/com/google/protobuf/protobuf-java-util/3.5.1/protobuf-java-util-3.5.1.jar:/root/.m2/repository/org/apache/hadoop/hadoop-hdds-config/0.5.0-SNAPSHOT/hadoop-hdds-config-0.5.0-SNAPSHOT.jar:/root/.m2/repository/com/google/guava/guava/11.0.2/guava-11.0.2.jar:/root/.m2/repository/com/google/protobuf/protobuf-java/2.5.0/protobuf-java-2.5.0.jar:/root/.m2/repository/io/grpc/grpc-netty/1.17.1/grpc-netty-1.17.1.jar:/root/.m2/repository/io/grpc/grpc-core/1.17.1/grpc-core-1.17.1.jar:/root/.m2/repository/io/grpc/grpc-context/1.17.1/grpc-context-1.17.1.jar:/root/.m2/repository/com/google/errorprone/error_prone_annotations/2.2.0/error_prone_annotations-2.2.0.jar:/root/.m2/repository/org/codehaus/mojo/animal-sniffer-annotations/1.17/animal-sniffer-annotations-1.17.jar:/root/.m2/repository/io/opencensus/opencensus-api/0.17.0/opencensus-api-0.17.0.jar:/root/.m2/repository/io/opencensus/opencensus-contrib-grpc-metrics/0.17.0/opencensus-contrib-grpc-metrics-0.17.0.jar:/root/.m2/repository/io/netty/netty-codec-http2/4.1.30.Final/netty-codec-http2-4.1.30.Final.jar:/root/.m2/repository/io/netty/netty-codec-http/4.1.30.Final/netty-codec-http-4.1.30.Final.jar:/root/.m2/repository/io/netty/netty-codec/4.1.30.Final/netty-codec-4.1.30.Final.jar:/root/.m2/repository/io/netty/netty-handler/4.1.30.Final/netty-handler-4.1.30.Final.jar:/root/.m2/repository/io/netty/netty-handler-proxy/4.1.30.Final/netty-handler-proxy-4.1.30.Final.jar:/root/.m2/repository/io/netty/netty-codec-socks/4.1.30.Final/netty-codec-socks-4.1.30.Final.jar:/root/.m2/repository/io/netty/netty-transport-native-epoll/4.1.30.Final/netty-transport-native-epoll-4.1.30.Final.jar:/root/.m2/repository/io/netty/netty-common/4.1.30.Final/netty-common-4.1.30.Final.jar:/root/.m2/repository/io/netty/netty-buffer/4.1.30.Final/netty-buffer-4.1.30.Final.jar:/root/.m2/repository/io/netty/netty-transport/4.1.30.Final/netty-transport-4.1.30.Final.jar:/root/.m2/repository/io/netty/netty-resolver/4.1.30.Final/netty-resolver-4.1.30.Final.jar:/root/.m2/repository/io/netty/netty-transport-native-unix-common/4.1.30.Final/netty-transport-native-unix-common-4.1.30.Final.jar:/root/.m2/repository/io/grpc/grpc-protobuf/1.17.1/grpc-protobuf-1.17.1.jar:/root/.m2/repository/com/google/api/grpc/proto-google-common-protos/1.0.0/proto-google-common-protos-1.0.0.jar:/root/.m2/repository/io/grpc/grpc-protobuf-lite/1.17.1/grpc-protobuf-lite-1.17.1.jar:/root/.m2/repository/io/grpc/grpc-stub/1.17.1/grpc-stub-1.17.1.jar:/root/.m2/repository/org/apache/hadoop/hadoop-ozone-recon/0.5.0-SNAPSHOT/hadoop-ozone-recon-0.5.0-SNAPSHOT.jar:/root/.m2/repository/org/apache/hadoop/hadoop-ozone-reconcodegen/0.5.0-SNAPSHOT/hadoop-ozone-reconcodegen-0.5.0-SNAPSHOT.jar:/root/.m2/repository/com/google/inject/extensions/guice-multibindings/4.0/guice-multibindings-4.0.jar:/root/.m2/repository/com/google/inject/guice/4.0/guice-4.0.jar:/root/.m2/repository/aopalliance/aopalliance/1.0/aopalliance-1.0.jar:/root/.m2/repository/com/google/inject/extensions/guice-servlet/4.0/guice-servlet-4.0.jar:/root/.m2/repository/org/glassfish/jersey/containers/jersey-container-servlet/2.27/jersey-container-servlet-2.27.jar:/root/.m2/repository/org/glassfish/hk2/guice-bridge/2.5.0/guice-bridge-2.5.0.jar:/root/.m2/repository/org/glassfish/jersey/core/jersey-server/2.27/jersey-server-2.27.jar:/root/.m2/repository/org/glassfish/jersey/core/jersey-client/2.27/jersey-client-2.27.jar:/root/.m2/repository/org/glassfish/jersey/media/jersey-media-jaxb/2.27/jersey-media-jaxb-2.27.jar:/root/.m2/repository/javax/validation/validation-api/1.1.0.Final/validation-api-1.1.0.Final.jar:/root/.m2/repository/org/glassfish/jersey/media/jersey-media-json-jackson/2.27/jersey-media-json-jackson-2.27.jar:/root/.m2/repository/org/glassfish/jersey/ext/jersey-entity-filtering/2.27/jersey-entity-filtering-2.27.jar:/root/.m2/repository/com/google/inject/extensions/guice-assistedinject/4.0/guice-assistedinject-4.0.jar:/root/.m2/repository/org/jooq/jooq/3.11.10/jooq-3.11.10.jar:/root/.m2/repository/org/jooq/jooq-meta/3.11.10/jooq-meta-3.11.10.jar:/root/.m2/repository/org/jooq/jooq-codegen/3.11.10/jooq-codegen-3.11.10.jar:/root/.m2/repository/com/jolbox/bonecp/0.8.0.RELEASE/bonecp-0.8.0.RELEASE.jar:/root/.m2/repository/org/xerial/sqlite-jdbc/3.25.2/sqlite-jdbc-3.25.2.jar:/root/.m2/repository/org/springframework/spring-jdbc/5.1.3.RELEASE/spring-jdbc-5.1.3.RELEASE.jar:/root/.m2/repository/org/springframework/spring-beans/5.1.3.RELEASE/spring-beans-5.1.3.RELEASE.jar:/root/.m2/repository/org/springframework/spring-core/5.1.3.RELEASE/spring-core-5.1.3.RELEASE.jar:/root/.m2/repository/org/springframework/spring-jcl/5.1.3.RELEASE/spring-jcl-5.1.3.RELEASE.jar:/root/.m2/repository/org/springframework/spring-tx/5.1.3.RELEASE/spring-tx-5.1.3.RELEASE.jar:/root/.m2/repository/org/apache/hadoop/hadoop-ozone-client/0.5.0-SNAPSHOT/hadoop-ozone-client-0.5.0-SNAPSHOT.jar:/root/.m2/repository/org/apache/hadoop/hadoop-ozone-ozone-manager/0.5.0-SNAPSHOT/hadoop-ozone-ozone-manager-0.5.0-SNAPSHOT-tests.jar:/root/.m2/repository/junit/junit/4.11/junit-4.11.jar:/root/.m2/repository/org/hamcrest/hamcrest-core/1.3/hamcrest-core-1.3.jar:/root/.m2/repository/org/openjdk/jmh/jmh-core/1.19/jmh-core-1.19.jar:/root/.m2/repository/net/sf/jopt-simple/jopt-simple/4.6/jopt-simple-4.6.jar:/root/.m2/repository/org/apache/commons/commons-math3/3.1.1/commons-math3-3.1.1.jar:/root/.m2/repository/org/openjdk/jmh/jmh-generator-annprocess/1.19/jmh-generator-annprocess-1.19.jar:/root/.m2/repository/org/mockito/mockito-all/1.8.5/mockito-all-1.8.5.jar:/root/.m2/repository/org/apache/hadoop/hadoop-kms/3.2.0/hadoop-kms-3.2.0.jar:/root/.m2/repository/org/apache/hadoop/hadoop-auth/3.2.0/hadoop-auth-3.2.0.jar:/root/.m2/repository/com/nimbusds/nimbus-jose-jwt/4.41.1/nimbus-jose-jwt-4.41.1.jar:/root/.m2/repository/com/github/stephenc/jcip/jcip-annotations/1.0-1/jcip-annotations-1.0-1.jar:/root/.m2/repository/net/minidev/json-smart/2.3/json-smart-2.3.jar:/root/.m2/repository/net/minidev/accessors-smart/1.2/accessors-smart-1.2.jar:/root/.m2/repository/org/ow2/asm/asm/5.0.4/asm-5.0.4.jar:/root/.m2/repository/org/apache/curator/curator-framework/2.12.0/curator-framework-2.12.0.jar:/root/.m2/repository/com/sun/jersey/jersey-core/1.19/jersey-core-1.19.jar:/root/.m2/repository/javax/ws/rs/jsr311-api/1.1.1/jsr311-api-1.1.1.jar:/root/.m2/repository/com/sun/jersey/jersey-server/1.19/jersey-server-1.19.jar:/root/.m2/repository/javax/servlet/javax.servlet-api/3.1.0/javax.servlet-api-3.1.0.jar:/root/.m2/repository/org/eclipse/jetty/jetty-server/9.3.24.v20180605/jetty-server-9.3.24.v20180605.jar:/root/.m2/repository/org/eclipse/jetty/jetty-http/9.3.24.v20180605/jetty-http-9.3.24.v20180605.jar:/root/.m2/repository/org/eclipse/jetty/jetty-io/9.3.24.v20180605/jetty-io-9.3.24.v20180605.jar:/root/.m2/repository/org/eclipse/jetty/jetty-webapp/9.3.24.v20180605/jetty-webapp-9.3.24.v20180605.jar:/root/.m2/repository/org/eclipse/jetty/jetty-xml/9.3.24.v20180605/jetty-xml-9.3.24.v20180605.jar:/root/.m2/repository/log4j/log4j/1.2.17/log4j-1.2.17.jar:/root/.m2/repository/org/slf4j/slf4j-api/1.7.25/slf4j-api-1.7.25.jar:/root/.m2/repository/org/slf4j/jul-to-slf4j/1.7.25/jul-to-slf4j-1.7.25.jar:/root/.m2/repository/org/eclipse/jetty/jetty-util/9.3.24.v20180605/jetty-util-9.3.24.v20180605.jar:/root/.m2/repository/io/dropwizard/metrics/metrics-core/3.2.4/metrics-core-3.2.4.jar:/root/.m2/repository/com/fasterxml/jackson/core/jackson-databind/2.9.5/jackson-databind-2.9.5.jar:/root/.m2/repository/org/apache/hadoop/hadoop-kms/3.2.0/hadoop-kms-3.2.0-tests.jar:/root/.m2/repository/org/apache/hadoop/hadoop-hdds-server-scm/0.5.0-SNAPSHOT/hadoop-hdds-server-scm-0.5.0-SNAPSHOT-tests.jar:/root/.m2/repository/org/hamcrest/hamcrest-all/1.3/hamcrest-all-1.3.jar:/root/.m2/repository/info/picocli/picocli/3.9.6/picocli-3.9.6.jar:/root/.m2/repository/org/apache/hadoop/hadoop-hdds-container-service/0.5.0-SNAPSHOT/hadoop-hdds-container-service-0.5.0-SNAPSHOT-tests.jar:/root/.m2/repository/org/yaml/snakeyaml/1.16/snakeyaml-1.16.jar:/root/.m2/repository/org/apache/hadoop/hadoop-common/3.2.0/hadoop-common-3.2.0-tests.jar:/root/.m2/repository/org/apache/hadoop/hadoop-annotations/3.2.0/hadoop-annotations-3.2.0.jar:/usr/lib/jvm/java-1.8-openjdk/jre/../lib/tools.jar:/root/.m2/repository/commons-cli/commons-cli/1.2/commons-cli-1.2.jar:/root/.m2/repository/org/apache/httpcomponents/httpclient/4.5.2/httpclient-4.5.2.jar:/root/.m2/repository/org/apache/httpcomponents/httpcore/4.4.4/httpcore-4.4.4.jar:/root/.m2/repository/commons-codec/commons-codec/1.11/commons-codec-1.11.jar:/root/.m2/repository/commons-net/commons-net/3.6/commons-net-3.6.jar:/root/.m2/repository/commons-collections/commons-collections/3.2.2/commons-collections-3.2.2.jar:/root/.m2/repository/org/eclipse/jetty/jetty-servlet/9.3.24.v20180605/jetty-servlet-9.3.24.v20180605.jar:/root/.m2/repository/org/eclipse/jetty/jetty-security/9.3.24.v20180605/jetty-security-9.3.24.v20180605.jar:/root/.m2/repository/javax/servlet/jsp/jsp-api/2.1/jsp-api-2.1.jar:/root/.m2/repository/com/sun/jersey/jersey-servlet/1.19/jersey-servlet-1.19.jar:/root/.m2/repository/com/sun/jersey/jersey-json/1.19/jersey-json-1.19.jar:/root/.m2/repository/org/codehaus/jettison/jettison/1.1/jettison-1.1.jar:/root/.m2/repository/org/codehaus/jackson/jackson-core-asl/1.9.13/jackson-core-asl-1.9.13.jar:/root/.m2/repository/org/codehaus/jackson/jackson-mapper-asl/1.9.13/jackson-mapper-asl-1.9.13.jar:/root/.m2/repository/org/codehaus/jackson/jackson-jaxrs/1.9.13/jackson-jaxrs-1.9.13.jar:/root/.m2/repository/org/codehaus/jackson/jackson-xc/1.9.13/jackson-xc-1.9.13.jar:/root/.m2/repository/commons-logging/commons-logging/1.1.3/commons-logging-1.1.3.jar:/root/.m2/repository/commons-beanutils/commons-beanutils/1.9.3/commons-beanutils-1.9.3.jar:/root/.m2/repository/org/apache/commons/commons-configuration2/2.1.1/commons-configuration2-2.1.1.jar:/root/.m2/repository/org/apache/commons/commons-lang3/3.7/commons-lang3-3.7.jar:/root/.m2/repository/org/apache/commons/commons-text/1.4/commons-text-1.4.jar:/root/.m2/repository/org/apache/avro/avro/1.7.7/avro-1.7.7.jar:/root/.m2/repository/com/thoughtworks/paranamer/paranamer/2.3/paranamer-2.3.jar:/root/.m2/repository/org/xerial/snappy/snappy-java/1.0.5/snappy-java-1.0.5.jar:/root/.m2/repository/com/google/re2j/re2j/1.1/re2j-1.1.jar:/root/.m2/repository/com/google/code/gson/gson/2.2.4/gson-2.2.4.jar:/root/.m2/repository/com/jcraft/jsch/0.1.54/jsch-0.1.54.jar:/root/.m2/repository/org/apache/curator/curator-client/2.12.0/curator-client-2.12.0.jar:/root/.m2/repository/org/apache/curator/curator-recipes/2.12.0/curator-recipes-2.12.0.jar:/root/.m2/repository/com/google/code/findbugs/jsr305/3.0.0/jsr305-3.0.0.jar:/root/.m2/repository/org/apache/htrace/htrace-core4/4.1.0-incubating/htrace-core4-4.1.0-incubating.jar:/root/.m2/repository/org/apache/zookeeper/zookeeper/3.4.13/zookeeper-3.4.13.jar:/root/.m2/repository/org/apache/yetus/audience-annotations/0.5.0/audience-annotations-0.5.0.jar:/root/.m2/repository/org/codehaus/woodstox/stax2-api/3.1.4/stax2-api-3.1.4.jar:/root/.m2/repository/com/fasterxml/woodstox/woodstox-core/5.0.3/woodstox-core-5.0.3.jar:/root/.m2/repository/dnsjava/dnsjava/2.1.7/dnsjava-2.1.7.jar:/root/.m2/repository/org/apache/hadoop/hadoop-hdfs/3.2.0/hadoop-hdfs-3.2.0-tests.jar:/root/.m2/repository/org/eclipse/jetty/jetty-util-ajax/9.3.24.v20180605/jetty-util-ajax-9.3.24.v20180605.jar:/root/.m2/repository/commons-daemon/commons-daemon/1.0.13/commons-daemon-1.0.13.jar:/root/.m2/repository/io/netty/netty/3.10.5.Final/netty-3.10.5.Final.jar:/root/.m2/repository/io/netty/netty-all/4.0.52.Final/netty-all-4.0.52.Final.jar:/root/.m2/repository/org/fusesource/leveldbjni/leveldbjni-all/1.8/leveldbjni-all-1.8.jar:"/>
    <property name="java.vm.vendor" value="IcedTea"/>
    <property name="sun.arch.data.model" value="64"/>
    <property name="test.build.dir" value="/opt/src/hadoop-ozone/integration-test/target/test-dir"/>
    <property name="test.cache.data" value=""/>
    <property name="java.vendor.url" value="https://icedtea.classpath.org"/>
    <property name="user.timezone" value=""/>
    <property name="java.vm.specification.version" value="1.8"/>
    <property name="os.name" value="Linux"/>
    <property name="test.build.data" value="/opt/src/hadoop-ozone/integration-test/target/test-dir"/>
    <property name="user.country" value="US"/>
    <property name="sun.java.launcher" value="SUN_STANDARD"/>
    <property name="sun.boot.library.path" value="/usr/lib/jvm/java-1.8-openjdk/jre/lib/amd64"/>
    <property name="sun.java.command" value="/opt/src/hadoop-ozone/integration-test/target/surefire/surefirebooter1016113992846557119.jar /opt/src/hadoop-ozone/integration-test/target/surefire 2019-06-14T00-41-54_491-jvmRun1 surefire2091256281488093764tmp surefire_128371735513663997581tmp"/>
    <property name="surefire.test.class.path" value="/opt/src/hadoop-ozone/integration-test/target/test-classes:/opt/src/hadoop-ozone/integration-test/target/classes:/root/.m2/repository/org/apache/hadoop/hadoop-ozone-common/0.5.0-SNAPSHOT/hadoop-ozone-common-0.5.0-SNAPSHOT.jar:/root/.m2/repository/org/apache/commons/commons-compress/1.4.1/commons-compress-1.4.1.jar:/root/.m2/repository/org/tukaani/xz/1.0/xz-1.0.jar:/root/.m2/repository/org/apache/hadoop/hadoop-common/3.2.0/hadoop-common-3.2.0.jar:/root/.m2/repository/org/apache/hadoop/hadoop-hdfs/3.2.0/hadoop-hdfs-3.2.0.jar:/root/.m2/repository/org/apache/hadoop/hadoop-hdfs-client/3.2.0/hadoop-hdfs-client-3.2.0.jar:/root/.m2/repository/com/fasterxml/jackson/core/jackson-annotations/2.9.5/jackson-annotations-2.9.5.jar:/root/.m2/repository/org/apache/hadoop/hadoop-hdds-common/0.5.0-SNAPSHOT/hadoop-hdds-common-0.5.0-SNAPSHOT.jar:/root/.m2/repository/javax/annotation/javax.annotation-api/1.2/javax.annotation-api-1.2.jar:/root/.m2/repository/org/apache/ratis/ratis-server/0.4.0-fe2b15d-SNAPSHOT/ratis-server-0.4.0-fe2b15d-SNAPSHOT.jar:/root/.m2/repository/org/apache/ratis/ratis-thirdparty-misc/0.2.0/ratis-thirdparty-misc-0.2.0.jar:/root/.m2/repository/org/apache/ratis/ratis-proto/0.4.0-fe2b15d-SNAPSHOT/ratis-proto-0.4.0-fe2b15d-SNAPSHOT.jar:/root/.m2/repository/org/apache/ratis/ratis-common/0.4.0-fe2b15d-SNAPSHOT/ratis-common-0.4.0-fe2b15d-SNAPSHOT.jar:/root/.m2/repository/org/apache/ratis/ratis-client/0.4.0-fe2b15d-SNAPSHOT/ratis-client-0.4.0-fe2b15d-SNAPSHOT.jar:/root/.m2/repository/org/apache/ratis/ratis-netty/0.4.0-fe2b15d-SNAPSHOT/ratis-netty-0.4.0-fe2b15d-SNAPSHOT.jar:/root/.m2/repository/org/apache/ratis/ratis-grpc/0.4.0-fe2b15d-SNAPSHOT/ratis-grpc-0.4.0-fe2b15d-SNAPSHOT.jar:/root/.m2/repository/org/rocksdb/rocksdbjni/5.14.2/rocksdbjni-5.14.2.jar:/root/.m2/repository/org/apache/logging/log4j/log4j-api/2.11.0/log4j-api-2.11.0.jar:/root/.m2/repository/org/apache/logging/log4j/log4j-core/2.11.0/log4j-core-2.11.0.jar:/root/.m2/repository/com/lmax/disruptor/3.4.2/disruptor-3.4.2.jar:/root/.m2/repository/org/apache/commons/commons-pool2/2.6.0/commons-pool2-2.6.0.jar:/root/.m2/repository/org/bouncycastle/bcpkix-jdk15on/1.60/bcpkix-jdk15on-1.60.jar:/root/.m2/repository/commons-validator/commons-validator/1.6/commons-validator-1.6.jar:/root/.m2/repository/commons-digester/commons-digester/1.8.1/commons-digester-1.8.1.jar:/root/.m2/repository/io/jaegertracing/jaeger-client/0.33.1/jaeger-client-0.33.1.jar:/root/.m2/repository/io/jaegertracing/jaeger-thrift/0.33.1/jaeger-thrift-0.33.1.jar:/root/.m2/repository/org/apache/thrift/libthrift/0.11.0/libthrift-0.11.0.jar:/root/.m2/repository/com/squareup/okhttp3/okhttp/3.9.0/okhttp-3.9.0.jar:/root/.m2/repository/com/squareup/okio/okio/1.13.0/okio-1.13.0.jar:/root/.m2/repository/io/jaegertracing/jaeger-core/0.33.1/jaeger-core-0.33.1.jar:/root/.m2/repository/io/jaegertracing/jaeger-tracerresolver/0.33.1/jaeger-tracerresolver-0.33.1.jar:/root/.m2/repository/io/opentracing/contrib/opentracing-tracerresolver/0.1.5/opentracing-tracerresolver-0.1.5.jar:/root/.m2/repository/io/opentracing/opentracing-util/0.31.0/opentracing-util-0.31.0.jar:/root/.m2/repository/io/opentracing/opentracing-api/0.31.0/opentracing-api-0.31.0.jar:/root/.m2/repository/io/opentracing/opentracing-noop/0.31.0/opentracing-noop-0.31.0.jar:/root/.m2/repository/org/apache/hadoop/hadoop-hdds-server-framework/0.5.0-SNAPSHOT/hadoop-hdds-server-framework-0.5.0-SNAPSHOT.jar:/root/.m2/repository/org/apache/hadoop/hadoop-hdds-server-scm/0.5.0-SNAPSHOT/hadoop-hdds-server-scm-0.5.0-SNAPSHOT.jar:/root/.m2/repository/org/apache/hadoop/hadoop-hdds-container-service/0.5.0-SNAPSHOT/hadoop-hdds-container-service-0.5.0-SNAPSHOT.jar:/root/.m2/repository/org/apache/hadoop/hadoop-hdds-client/0.5.0-SNAPSHOT/hadoop-hdds-client-0.5.0-SNAPSHOT.jar:/root/.m2/repository/org/apache/hadoop/hadoop-hdds-tools/0.5.0-SNAPSHOT/hadoop-hdds-tools-0.5.0-SNAPSHOT.jar:/root/.m2/repository/org/apache/hadoop/hadoop-ozone-ozone-manager/0.5.0-SNAPSHOT/hadoop-ozone-ozone-manager-0.5.0-SNAPSHOT.jar:/root/.m2/repository/org/apache/hadoop/hadoop-hdds-docs/0.5.0-SNAPSHOT/hadoop-hdds-docs-0.5.0-SNAPSHOT.jar:/root/.m2/repository/org/bouncycastle/bcprov-jdk15on/1.60/bcprov-jdk15on-1.60.jar:/root/.m2/repository/org/apache/hadoop/hadoop-minikdc/3.2.0/hadoop-minikdc-3.2.0.jar:/root/.m2/repository/commons-io/commons-io/2.5/commons-io-2.5.jar:/root/.m2/repository/org/apache/kerby/kerb-simplekdc/1.0.1/kerb-simplekdc-1.0.1.jar:/root/.m2/repository/org/apache/kerby/kerb-client/1.0.1/kerb-client-1.0.1.jar:/root/.m2/repository/org/apache/kerby/kerby-config/1.0.1/kerby-config-1.0.1.jar:/root/.m2/repository/org/apache/kerby/kerb-core/1.0.1/kerb-core-1.0.1.jar:/root/.m2/repository/org/apache/kerby/kerby-pkix/1.0.1/kerby-pkix-1.0.1.jar:/root/.m2/repository/org/apache/kerby/kerby-asn1/1.0.1/kerby-asn1-1.0.1.jar:/root/.m2/repository/org/apache/kerby/kerby-util/1.0.1/kerby-util-1.0.1.jar:/root/.m2/repository/org/apache/kerby/kerb-common/1.0.1/kerb-common-1.0.1.jar:/root/.m2/repository/org/apache/kerby/kerb-crypto/1.0.1/kerb-crypto-1.0.1.jar:/root/.m2/repository/org/apache/kerby/kerb-util/1.0.1/kerb-util-1.0.1.jar:/root/.m2/repository/org/apache/kerby/token-provider/1.0.1/token-provider-1.0.1.jar:/root/.m2/repository/org/apache/kerby/kerb-admin/1.0.1/kerb-admin-1.0.1.jar:/root/.m2/repository/org/apache/kerby/kerb-server/1.0.1/kerb-server-1.0.1.jar:/root/.m2/repository/org/apache/kerby/kerb-identity/1.0.1/kerb-identity-1.0.1.jar:/root/.m2/repository/org/apache/kerby/kerby-xdr/1.0.1/kerby-xdr-1.0.1.jar:/root/.m2/repository/org/slf4j/slf4j-log4j12/1.7.25/slf4j-log4j12-1.7.25.jar:/root/.m2/repository/org/apache/hadoop/hadoop-ozone-objectstore-service/0.5.0-SNAPSHOT/hadoop-ozone-objectstore-service-0.5.0-SNAPSHOT.jar:/root/.m2/repository/org/apache/hadoop/hadoop-ozone-s3gateway/0.5.0-SNAPSHOT/hadoop-ozone-s3gateway-0.5.0-SNAPSHOT.jar:/root/.m2/repository/org/jboss/weld/servlet/weld-servlet/2.4.7.Final/weld-servlet-2.4.7.Final.jar:/root/.m2/repository/org/glassfish/jersey/containers/jersey-container-servlet-core/2.27/jersey-container-servlet-core-2.27.jar:/root/.m2/repository/org/glassfish/hk2/external/javax.inject/2.5.0-b42/javax.inject-2.5.0-b42.jar:/root/.m2/repository/org/glassfish/jersey/core/jersey-common/2.27/jersey-common-2.27.jar:/root/.m2/repository/org/glassfish/hk2/osgi-resource-locator/1.0.1/osgi-resource-locator-1.0.1.jar:/root/.m2/repository/javax/ws/rs/javax.ws.rs-api/2.1/javax.ws.rs-api-2.1.jar:/root/.m2/repository/org/glassfish/jersey/ext/cdi/jersey-cdi1x/2.27/jersey-cdi1x-2.27.jar:/root/.m2/repository/org/glassfish/jersey/inject/jersey-hk2/2.27/jersey-hk2-2.27.jar:/root/.m2/repository/org/glassfish/hk2/hk2-locator/2.5.0-b42/hk2-locator-2.5.0-b42.jar:/root/.m2/repository/org/javassist/javassist/3.22.0-CR2/javassist-3.22.0-CR2.jar:/root/.m2/repository/org/glassfish/hk2/hk2-api/2.5.0/hk2-api-2.5.0.jar:/root/.m2/repository/org/glassfish/hk2/external/jakarta.inject/2.5.0/jakarta.inject-2.5.0.jar:/root/.m2/repository/org/glassfish/hk2/hk2-utils/2.5.0/hk2-utils-2.5.0.jar:/root/.m2/repository/jakarta/annotation/jakarta.annotation-api/1.3.4/jakarta.annotation-api-1.3.4.jar:/root/.m2/repository/org/glassfish/hk2/external/aopalliance-repackaged/2.5.0/aopalliance-repackaged-2.5.0.jar:/root/.m2/repository/com/fasterxml/jackson/dataformat/jackson-dataformat-xml/2.9.0/jackson-dataformat-xml-2.9.0.jar:/root/.m2/repository/com/fasterxml/jackson/core/jackson-core/2.9.5/jackson-core-2.9.5.jar:/root/.m2/repository/com/fasterxml/jackson/module/jackson-module-jaxb-annotations/2.9.5/jackson-module-jaxb-annotations-2.9.5.jar:/root/.m2/repository/javax/enterprise/cdi-api/1.2/cdi-api-1.2.jar:/root/.m2/repository/javax/el/javax.el-api/3.0.0/javax.el-api-3.0.0.jar:/root/.m2/repository/javax/interceptor/javax.interceptor-api/1.2/javax.interceptor-api-1.2.jar:/root/.m2/repository/javax/inject/javax.inject/1/javax.inject-1.jar:/root/.m2/repository/com/sun/xml/bind/jaxb-impl/2.3.0.1/jaxb-impl-2.3.0.1.jar:/root/.m2/repository/com/sun/xml/bind/jaxb-core/2.3.0.1/jaxb-core-2.3.0.1.jar:/root/.m2/repository/javax/xml/bind/jaxb-api/2.3.0/jaxb-api-2.3.0.jar:/root/.m2/repository/javax/activation/activation/1.1.1/activation-1.1.1.jar:/root/.m2/repository/org/apache/hadoop/hadoop-ozone-csi/0.5.0-SNAPSHOT/hadoop-ozone-csi-0.5.0-SNAPSHOT.jar:/root/.m2/repository/com/google/protobuf/protobuf-java-util/3.5.1/protobuf-java-util-3.5.1.jar:/root/.m2/repository/org/apache/hadoop/hadoop-hdds-config/0.5.0-SNAPSHOT/hadoop-hdds-config-0.5.0-SNAPSHOT.jar:/root/.m2/repository/com/google/guava/guava/11.0.2/guava-11.0.2.jar:/root/.m2/repository/com/google/protobuf/protobuf-java/2.5.0/protobuf-java-2.5.0.jar:/root/.m2/repository/io/grpc/grpc-netty/1.17.1/grpc-netty-1.17.1.jar:/root/.m2/repository/io/grpc/grpc-core/1.17.1/grpc-core-1.17.1.jar:/root/.m2/repository/io/grpc/grpc-context/1.17.1/grpc-context-1.17.1.jar:/root/.m2/repository/com/google/errorprone/error_prone_annotations/2.2.0/error_prone_annotations-2.2.0.jar:/root/.m2/repository/org/codehaus/mojo/animal-sniffer-annotations/1.17/animal-sniffer-annotations-1.17.jar:/root/.m2/repository/io/opencensus/opencensus-api/0.17.0/opencensus-api-0.17.0.jar:/root/.m2/repository/io/opencensus/opencensus-contrib-grpc-metrics/0.17.0/opencensus-contrib-grpc-metrics-0.17.0.jar:/root/.m2/repository/io/netty/netty-codec-http2/4.1.30.Final/netty-codec-http2-4.1.30.Final.jar:/root/.m2/repository/io/netty/netty-codec-http/4.1.30.Final/netty-codec-http-4.1.30.Final.jar:/root/.m2/repository/io/netty/netty-codec/4.1.30.Final/netty-codec-4.1.30.Final.jar:/root/.m2/repository/io/netty/netty-handler/4.1.30.Final/netty-handler-4.1.30.Final.jar:/root/.m2/repository/io/netty/netty-handler-proxy/4.1.30.Final/netty-handler-proxy-4.1.30.Final.jar:/root/.m2/repository/io/netty/netty-codec-socks/4.1.30.Final/netty-codec-socks-4.1.30.Final.jar:/root/.m2/repository/io/netty/netty-transport-native-epoll/4.1.30.Final/netty-transport-native-epoll-4.1.30.Final.jar:/root/.m2/repository/io/netty/netty-common/4.1.30.Final/netty-common-4.1.30.Final.jar:/root/.m2/repository/io/netty/netty-buffer/4.1.30.Final/netty-buffer-4.1.30.Final.jar:/root/.m2/repository/io/netty/netty-transport/4.1.30.Final/netty-transport-4.1.30.Final.jar:/root/.m2/repository/io/netty/netty-resolver/4.1.30.Final/netty-resolver-4.1.30.Final.jar:/root/.m2/repository/io/netty/netty-transport-native-unix-common/4.1.30.Final/netty-transport-native-unix-common-4.1.30.Final.jar:/root/.m2/repository/io/grpc/grpc-protobuf/1.17.1/grpc-protobuf-1.17.1.jar:/root/.m2/repository/com/google/api/grpc/proto-google-common-protos/1.0.0/proto-google-common-protos-1.0.0.jar:/root/.m2/repository/io/grpc/grpc-protobuf-lite/1.17.1/grpc-protobuf-lite-1.17.1.jar:/root/.m2/repository/io/grpc/grpc-stub/1.17.1/grpc-stub-1.17.1.jar:/root/.m2/repository/org/apache/hadoop/hadoop-ozone-recon/0.5.0-SNAPSHOT/hadoop-ozone-recon-0.5.0-SNAPSHOT.jar:/root/.m2/repository/org/apache/hadoop/hadoop-ozone-reconcodegen/0.5.0-SNAPSHOT/hadoop-ozone-reconcodegen-0.5.0-SNAPSHOT.jar:/root/.m2/repository/com/google/inject/extensions/guice-multibindings/4.0/guice-multibindings-4.0.jar:/root/.m2/repository/com/google/inject/guice/4.0/guice-4.0.jar:/root/.m2/repository/aopalliance/aopalliance/1.0/aopalliance-1.0.jar:/root/.m2/repository/com/google/inject/extensions/guice-servlet/4.0/guice-servlet-4.0.jar:/root/.m2/repository/org/glassfish/jersey/containers/jersey-container-servlet/2.27/jersey-container-servlet-2.27.jar:/root/.m2/repository/org/glassfish/hk2/guice-bridge/2.5.0/guice-bridge-2.5.0.jar:/root/.m2/repository/org/glassfish/jersey/core/jersey-server/2.27/jersey-server-2.27.jar:/root/.m2/repository/org/glassfish/jersey/core/jersey-client/2.27/jersey-client-2.27.jar:/root/.m2/repository/org/glassfish/jersey/media/jersey-media-jaxb/2.27/jersey-media-jaxb-2.27.jar:/root/.m2/repository/javax/validation/validation-api/1.1.0.Final/validation-api-1.1.0.Final.jar:/root/.m2/repository/org/glassfish/jersey/media/jersey-media-json-jackson/2.27/jersey-media-json-jackson-2.27.jar:/root/.m2/repository/org/glassfish/jersey/ext/jersey-entity-filtering/2.27/jersey-entity-filtering-2.27.jar:/root/.m2/repository/com/google/inject/extensions/guice-assistedinject/4.0/guice-assistedinject-4.0.jar:/root/.m2/repository/org/jooq/jooq/3.11.10/jooq-3.11.10.jar:/root/.m2/repository/org/jooq/jooq-meta/3.11.10/jooq-meta-3.11.10.jar:/root/.m2/repository/org/jooq/jooq-codegen/3.11.10/jooq-codegen-3.11.10.jar:/root/.m2/repository/com/jolbox/bonecp/0.8.0.RELEASE/bonecp-0.8.0.RELEASE.jar:/root/.m2/repository/org/xerial/sqlite-jdbc/3.25.2/sqlite-jdbc-3.25.2.jar:/root/.m2/repository/org/springframework/spring-jdbc/5.1.3.RELEASE/spring-jdbc-5.1.3.RELEASE.jar:/root/.m2/repository/org/springframework/spring-beans/5.1.3.RELEASE/spring-beans-5.1.3.RELEASE.jar:/root/.m2/repository/org/springframework/spring-core/5.1.3.RELEASE/spring-core-5.1.3.RELEASE.jar:/root/.m2/repository/org/springframework/spring-jcl/5.1.3.RELEASE/spring-jcl-5.1.3.RELEASE.jar:/root/.m2/repository/org/springframework/spring-tx/5.1.3.RELEASE/spring-tx-5.1.3.RELEASE.jar:/root/.m2/repository/org/apache/hadoop/hadoop-ozone-client/0.5.0-SNAPSHOT/hadoop-ozone-client-0.5.0-SNAPSHOT.jar:/root/.m2/repository/org/apache/hadoop/hadoop-ozone-ozone-manager/0.5.0-SNAPSHOT/hadoop-ozone-ozone-manager-0.5.0-SNAPSHOT-tests.jar:/root/.m2/repository/junit/junit/4.11/junit-4.11.jar:/root/.m2/repository/org/hamcrest/hamcrest-core/1.3/hamcrest-core-1.3.jar:/root/.m2/repository/org/openjdk/jmh/jmh-core/1.19/jmh-core-1.19.jar:/root/.m2/repository/net/sf/jopt-simple/jopt-simple/4.6/jopt-simple-4.6.jar:/root/.m2/repository/org/apache/commons/commons-math3/3.1.1/commons-math3-3.1.1.jar:/root/.m2/repository/org/openjdk/jmh/jmh-generator-annprocess/1.19/jmh-generator-annprocess-1.19.jar:/root/.m2/repository/org/mockito/mockito-all/1.8.5/mockito-all-1.8.5.jar:/root/.m2/repository/org/apache/hadoop/hadoop-kms/3.2.0/hadoop-kms-3.2.0.jar:/root/.m2/repository/org/apache/hadoop/hadoop-auth/3.2.0/hadoop-auth-3.2.0.jar:/root/.m2/repository/com/nimbusds/nimbus-jose-jwt/4.41.1/nimbus-jose-jwt-4.41.1.jar:/root/.m2/repository/com/github/stephenc/jcip/jcip-annotations/1.0-1/jcip-annotations-1.0-1.jar:/root/.m2/repository/net/minidev/json-smart/2.3/json-smart-2.3.jar:/root/.m2/repository/net/minidev/accessors-smart/1.2/accessors-smart-1.2.jar:/root/.m2/repository/org/ow2/asm/asm/5.0.4/asm-5.0.4.jar:/root/.m2/repository/org/apache/curator/curator-framework/2.12.0/curator-framework-2.12.0.jar:/root/.m2/repository/com/sun/jersey/jersey-core/1.19/jersey-core-1.19.jar:/root/.m2/repository/javax/ws/rs/jsr311-api/1.1.1/jsr311-api-1.1.1.jar:/root/.m2/repository/com/sun/jersey/jersey-server/1.19/jersey-server-1.19.jar:/root/.m2/repository/javax/servlet/javax.servlet-api/3.1.0/javax.servlet-api-3.1.0.jar:/root/.m2/repository/org/eclipse/jetty/jetty-server/9.3.24.v20180605/jetty-server-9.3.24.v20180605.jar:/root/.m2/repository/org/eclipse/jetty/jetty-http/9.3.24.v20180605/jetty-http-9.3.24.v20180605.jar:/root/.m2/repository/org/eclipse/jetty/jetty-io/9.3.24.v20180605/jetty-io-9.3.24.v20180605.jar:/root/.m2/repository/org/eclipse/jetty/jetty-webapp/9.3.24.v20180605/jetty-webapp-9.3.24.v20180605.jar:/root/.m2/repository/org/eclipse/jetty/jetty-xml/9.3.24.v20180605/jetty-xml-9.3.24.v20180605.jar:/root/.m2/repository/log4j/log4j/1.2.17/log4j-1.2.17.jar:/root/.m2/repository/org/slf4j/slf4j-api/1.7.25/slf4j-api-1.7.25.jar:/root/.m2/repository/org/slf4j/jul-to-slf4j/1.7.25/jul-to-slf4j-1.7.25.jar:/root/.m2/repository/org/eclipse/jetty/jetty-util/9.3.24.v20180605/jetty-util-9.3.24.v20180605.jar:/root/.m2/repository/io/dropwizard/metrics/metrics-core/3.2.4/metrics-core-3.2.4.jar:/root/.m2/repository/com/fasterxml/jackson/core/jackson-databind/2.9.5/jackson-databind-2.9.5.jar:/root/.m2/repository/org/apache/hadoop/hadoop-kms/3.2.0/hadoop-kms-3.2.0-tests.jar:/root/.m2/repository/org/apache/hadoop/hadoop-hdds-server-scm/0.5.0-SNAPSHOT/hadoop-hdds-server-scm-0.5.0-SNAPSHOT-tests.jar:/root/.m2/repository/org/hamcrest/hamcrest-all/1.3/hamcrest-all-1.3.jar:/root/.m2/repository/info/picocli/picocli/3.9.6/picocli-3.9.6.jar:/root/.m2/repository/org/apache/hadoop/hadoop-hdds-container-service/0.5.0-SNAPSHOT/hadoop-hdds-container-service-0.5.0-SNAPSHOT-tests.jar:/root/.m2/repository/org/yaml/snakeyaml/1.16/snakeyaml-1.16.jar:/root/.m2/repository/org/apache/hadoop/hadoop-common/3.2.0/hadoop-common-3.2.0-tests.jar:/root/.m2/repository/org/apache/hadoop/hadoop-annotations/3.2.0/hadoop-annotations-3.2.0.jar:/usr/lib/jvm/java-1.8-openjdk/jre/../lib/tools.jar:/root/.m2/repository/commons-cli/commons-cli/1.2/commons-cli-1.2.jar:/root/.m2/repository/org/apache/httpcomponents/httpclient/4.5.2/httpclient-4.5.2.jar:/root/.m2/repository/org/apache/httpcomponents/httpcore/4.4.4/httpcore-4.4.4.jar:/root/.m2/repository/commons-codec/commons-codec/1.11/commons-codec-1.11.jar:/root/.m2/repository/commons-net/commons-net/3.6/commons-net-3.6.jar:/root/.m2/repository/commons-collections/commons-collections/3.2.2/commons-collections-3.2.2.jar:/root/.m2/repository/org/eclipse/jetty/jetty-servlet/9.3.24.v20180605/jetty-servlet-9.3.24.v20180605.jar:/root/.m2/repository/org/eclipse/jetty/jetty-security/9.3.24.v20180605/jetty-security-9.3.24.v20180605.jar:/root/.m2/repository/javax/servlet/jsp/jsp-api/2.1/jsp-api-2.1.jar:/root/.m2/repository/com/sun/jersey/jersey-servlet/1.19/jersey-servlet-1.19.jar:/root/.m2/repository/com/sun/jersey/jersey-json/1.19/jersey-json-1.19.jar:/root/.m2/repository/org/codehaus/jettison/jettison/1.1/jettison-1.1.jar:/root/.m2/repository/org/codehaus/jackson/jackson-core-asl/1.9.13/jackson-core-asl-1.9.13.jar:/root/.m2/repository/org/codehaus/jackson/jackson-mapper-asl/1.9.13/jackson-mapper-asl-1.9.13.jar:/root/.m2/repository/org/codehaus/jackson/jackson-jaxrs/1.9.13/jackson-jaxrs-1.9.13.jar:/root/.m2/repository/org/codehaus/jackson/jackson-xc/1.9.13/jackson-xc-1.9.13.jar:/root/.m2/repository/commons-logging/commons-logging/1.1.3/commons-logging-1.1.3.jar:/root/.m2/repository/commons-beanutils/commons-beanutils/1.9.3/commons-beanutils-1.9.3.jar:/root/.m2/repository/org/apache/commons/commons-configuration2/2.1.1/commons-configuration2-2.1.1.jar:/root/.m2/repository/org/apache/commons/commons-lang3/3.7/commons-lang3-3.7.jar:/root/.m2/repository/org/apache/commons/commons-text/1.4/commons-text-1.4.jar:/root/.m2/repository/org/apache/avro/avro/1.7.7/avro-1.7.7.jar:/root/.m2/repository/com/thoughtworks/paranamer/paranamer/2.3/paranamer-2.3.jar:/root/.m2/repository/org/xerial/snappy/snappy-java/1.0.5/snappy-java-1.0.5.jar:/root/.m2/repository/com/google/re2j/re2j/1.1/re2j-1.1.jar:/root/.m2/repository/com/google/code/gson/gson/2.2.4/gson-2.2.4.jar:/root/.m2/repository/com/jcraft/jsch/0.1.54/jsch-0.1.54.jar:/root/.m2/repository/org/apache/curator/curator-client/2.12.0/curator-client-2.12.0.jar:/root/.m2/repository/org/apache/curator/curator-recipes/2.12.0/curator-recipes-2.12.0.jar:/root/.m2/repository/com/google/code/findbugs/jsr305/3.0.0/jsr305-3.0.0.jar:/root/.m2/repository/org/apache/htrace/htrace-core4/4.1.0-incubating/htrace-core4-4.1.0-incubating.jar:/root/.m2/repository/org/apache/zookeeper/zookeeper/3.4.13/zookeeper-3.4.13.jar:/root/.m2/repository/org/apache/yetus/audience-annotations/0.5.0/audience-annotations-0.5.0.jar:/root/.m2/repository/org/codehaus/woodstox/stax2-api/3.1.4/stax2-api-3.1.4.jar:/root/.m2/repository/com/fasterxml/woodstox/woodstox-core/5.0.3/woodstox-core-5.0.3.jar:/root/.m2/repository/dnsjava/dnsjava/2.1.7/dnsjava-2.1.7.jar:/root/.m2/repository/org/apache/hadoop/hadoop-hdfs/3.2.0/hadoop-hdfs-3.2.0-tests.jar:/root/.m2/repository/org/eclipse/jetty/jetty-util-ajax/9.3.24.v20180605/jetty-util-ajax-9.3.24.v20180605.jar:/root/.m2/repository/commons-daemon/commons-daemon/1.0.13/commons-daemon-1.0.13.jar:/root/.m2/repository/io/netty/netty/3.10.5.Final/netty-3.10.5.Final.jar:/root/.m2/repository/io/netty/netty-all/4.0.52.Final/netty-all-4.0.52.Final.jar:/root/.m2/repository/org/fusesource/leveldbjni/leveldbjni-all/1.8/leveldbjni-all-1.8.jar:"/>
    <property name="sun.cpu.endian" value="little"/>
    <property name="user.home" value="/root"/>
    <property name="user.language" value="en"/>
    <property name="java.specification.vendor" value="Oracle Corporation"/>
    <property name="java.home" value="/usr/lib/jvm/java-1.8-openjdk/jre"/>
    <property name="java.security.krb5.conf" value="/opt/src/hadoop-ozone/integration-test/target/test-classes/krb5.conf"/>
    <property name="basedir" value="/opt/src/hadoop-ozone/integration-test"/>
    <property name="file.separator" value="/"/>
    <property name="line.separator" value="&#10;"/>
    <property name="java.vm.specification.vendor" value="Oracle Corporation"/>
    <property name="java.specification.name" value="Java Platform API Specification"/>
    <property name="java.awt.graphicsenv" value="sun.awt.X11GraphicsEnvironment"/>
    <property name="surefire.real.class.path" value="/opt/src/hadoop-ozone/integration-test/target/surefire/surefirebooter1016113992846557119.jar"/>
    <property name="hadoop.log.dir" value="/opt/src/hadoop-ozone/integration-test/target/log"/>
    <property name="sun.boot.class.path" value="/usr/lib/jvm/java-1.8-openjdk/jre/lib/resources.jar:/usr/lib/jvm/java-1.8-openjdk/jre/lib/rt.jar:/usr/lib/jvm/java-1.8-openjdk/jre/lib/sunrsasign.jar:/usr/lib/jvm/java-1.8-openjdk/jre/lib/jsse.jar:/usr/lib/jvm/java-1.8-openjdk/jre/lib/jce.jar:/usr/lib/jvm/java-1.8-openjdk/jre/lib/charsets.jar:/usr/lib/jvm/java-1.8-openjdk/jre/lib/jfr.jar:/usr/lib/jvm/java-1.8-openjdk/jre/classes"/>
    <property name="sun.management.compiler" value="HotSpot 64-Bit Tiered Compilers"/>
    <property name="java.runtime.version" value="1.8.0_212-b04"/>
    <property name="java.net.preferIPv4Stack" value="true"/>
    <property name="user.name" value="root"/>
    <property name="path.separator" value=":"/>
    <property name="java.security.egd" value="file:///dev/urandom"/>
    <property name="os.version" value="4.15.0-1021-aws"/>
    <property name="java.endorsed.dirs" value="/usr/lib/jvm/java-1.8-openjdk/jre/lib/endorsed"/>
    <property name="java.runtime.name" value="OpenJDK Runtime Environment"/>
    <property name="file.encoding" value="UTF-8"/>
    <property name="java.vm.name" value="OpenJDK 64-Bit Server VM"/>
    <property name="test.build.webapps" value=""/>
    <property name="localRepository" value="/root/.m2/repository"/>
    <property name="java.vendor.url.bug" value="https://icedtea.classpath.org/bugzilla"/>
    <property name="java.io.tmpdir" value="/tmp"/>
    <property name="require.test.libhadoop" value=""/>
    <property name="java.version" value="1.8.0_212"/>
    <property name="user.dir" value="/opt/src/hadoop-ozone/integration-test"/>
    <property name="os.arch" value="amd64"/>
    <property name="java.vm.specification.name" value="Java Virtual Machine Specification"/>
    <property name="test.build.classes" value="/opt/src/hadoop-ozone/integration-test/target/test-classes"/>
    <property name="java.awt.printerjob" value="sun.print.PSPrinterJob"/>
    <property name="sun.os.patch.level" value="unknown"/>
    <property name="hadoop.tmp.dir" value="/opt/src/hadoop-ozone/integration-test/target/tmp"/>
    <property name="java.library.path" value="/usr/lib/jvm/java-1.8-openjdk/jre/lib/amd64/server:/usr/lib/jvm/java-1.8-openjdk/jre/lib/amd64:/usr/lib/jvm/java-1.8-openjdk/jre/../lib/amd64:/opt/src/hadoop-ozone/integration-test/target/native/target/usr/local/lib:/opt/src/hadoop-ozone/integration-test/../../hadoop-common-project/hadoop-common/target/native/target/usr/local/lib:/usr/java/packages/lib/amd64:/usr/lib64:/lib64:/lib:/usr/lib"/>
    <property name="java.vm.info" value="mixed mode"/>
    <property name="java.vendor" value="IcedTea"/>
    <property name="java.vm.version" value="25.212-b04"/>
    <property name="java.ext.dirs" value="/usr/lib/jvm/java-1.8-openjdk/jre/lib/ext:/usr/java/packages/lib/ext"/>
    <property name="sun.io.unicode.encoding" value="UnicodeLittle"/>
    <property name="java.class.version" value="52.0"/>
  </properties>
  <testcase name="testPipelineExclusionWithPipelineFailure" classname="org.apache.hadoop.ozone.client.rpc.TestFailureHandlingByClient" time="18.396"/>
  <testcase name="testContainerExclusionWithClosedContainerException" classname="org.apache.hadoop.ozone.client.rpc.TestFailureHandlingByClient" time="10.071"/>
  <testcase name="testWriteSmallFile" classname="org.apache.hadoop.ozone.client.rpc.TestFailureHandlingByClient" time="18.729"/>
  <testcase name="testMultiBlockWritesWithIntermittentDnFailures" classname="org.apache.hadoop.ozone.client.rpc.TestFailureHandlingByClient" time="29.413"/>
  <testcase name="testBlockWritesWithDnFailures" classname="org.apache.hadoop.ozone.client.rpc.TestFailureHandlingByClient" time="11.617"/>
  <testcase name="testDatanodeExclusionWithMajorityCommit" classname="org.apache.hadoop.ozone.client.rpc.TestFailureHandlingByClient" time="22.119"/>
  <testcase name="testMultiBlockWritesWithDnFailures" classname="org.apache.hadoop.ozone.client.rpc.TestFailureHandlingByClient" time="26.766">
    <error message="Allocate block failed." type="INTERNAL_ERROR org.apache.hadoop.ozone.om.exceptions.OMException">INTERNAL_ERROR org.apache.hadoop.ozone.om.exceptions.OMException: Allocate block failed.
	at org.apache.hadoop.ozone.om.protocolPB.OzoneManagerProtocolClientSideTranslatorPB.handleError(OzoneManagerProtocolClientSideTranslatorPB.java:720)
	at org.apache.hadoop.ozone.om.protocolPB.OzoneManagerProtocolClientSideTranslatorPB.allocateBlock(OzoneManagerProtocolClientSideTranslatorPB.java:743)
	at org.apache.hadoop.ozone.client.io.BlockOutputStreamEntryPool.allocateNewBlock(BlockOutputStreamEntryPool.java:248)
	at org.apache.hadoop.ozone.client.io.BlockOutputStreamEntryPool.allocateBlockIfNeeded(BlockOutputStreamEntryPool.java:296)
	at org.apache.hadoop.ozone.client.io.KeyOutputStream.handleWrite(KeyOutputStream.java:201)
	at org.apache.hadoop.ozone.client.io.KeyOutputStream.handleRetry(KeyOutputStream.java:376)
	at org.apache.hadoop.ozone.client.io.KeyOutputStream.handleException(KeyOutputStream.java:325)
	at org.apache.hadoop.ozone.client.io.KeyOutputStream.handleWrite(KeyOutputStream.java:231)
	at org.apache.hadoop.ozone.client.io.KeyOutputStream.handleRetry(KeyOutputStream.java:376)
	at org.apache.hadoop.ozone.client.io.KeyOutputStream.handleException(KeyOutputStream.java:325)
	at org.apache.hadoop.ozone.client.io.KeyOutputStream.handleWrite(KeyOutputStream.java:231)
	at org.apache.hadoop.ozone.client.io.KeyOutputStream.write(KeyOutputStream.java:193)
	at org.apache.hadoop.ozone.client.io.OzoneOutputStream.write(OzoneOutputStream.java:49)
	at java.io.OutputStream.write(OutputStream.java:75)
	at org.apache.hadoop.ozone.client.rpc.TestFailureHandlingByClient.testMultiBlockWritesWithDnFailures(TestFailureHandlingByClient.java:189)
	at sun.reflect.NativeMethodAccessorImpl.invoke0(Native Method)
	at sun.reflect.NativeMethodAccessorImpl.invoke(NativeMethodAccessorImpl.java:62)
	at sun.reflect.DelegatingMethodAccessorImpl.invoke(DelegatingMethodAccessorImpl.java:43)
	at java.lang.reflect.Method.invoke(Method.java:498)
	at org.junit.runners.model.FrameworkMethod$1.runReflectiveCall(FrameworkMethod.java:47)
	at org.junit.internal.runners.model.ReflectiveCallable.run(ReflectiveCallable.java:12)
	at org.junit.runners.model.FrameworkMethod.invokeExplosively(FrameworkMethod.java:44)
	at org.junit.internal.runners.statements.InvokeMethod.evaluate(InvokeMethod.java:17)
	at org.junit.runners.ParentRunner.runLeaf(ParentRunner.java:271)
	at org.junit.runners.BlockJUnit4ClassRunner.runChild(BlockJUnit4ClassRunner.java:70)
	at org.junit.runners.BlockJUnit4ClassRunner.runChild(BlockJUnit4ClassRunner.java:50)
	at org.junit.runners.ParentRunner$3.run(ParentRunner.java:238)
	at org.junit.runners.ParentRunner$1.schedule(ParentRunner.java:63)
	at org.junit.runners.ParentRunner.runChildren(ParentRunner.java:236)
	at org.junit.runners.ParentRunner.access$000(ParentRunner.java:53)
	at org.junit.runners.ParentRunner$2.evaluate(ParentRunner.java:229)
	at org.junit.runners.ParentRunner.run(ParentRunner.java:309)
	at org.apache.maven.surefire.junit4.JUnit4Provider.execute(JUnit4Provider.java:365)
	at org.apache.maven.surefire.junit4.JUnit4Provider.executeWithRerun(JUnit4Provider.java:273)
	at org.apache.maven.surefire.junit4.JUnit4Provider.executeTestSet(JUnit4Provider.java:238)
	at org.apache.maven.surefire.junit4.JUnit4Provider.invoke(JUnit4Provider.java:159)
	at org.apache.maven.surefire.booter.ForkedBooter.invokeProviderInSameClassLoader(ForkedBooter.java:384)
	at org.apache.maven.surefire.booter.ForkedBooter.runSuitesInProcess(ForkedBooter.java:345)
	at org.apache.maven.surefire.booter.ForkedBooter.execute(ForkedBooter.java:126)
	at org.apache.maven.surefire.booter.ForkedBooter.main(ForkedBooter.java:418)
</error>
    <system-out><![CDATA[2019-06-14 00:48:49,467 WARN  server.ServerUtils (ServerUtils.java:getScmDbDir(145)) - ozone.scm.db.dirs is not configured. We recommend adding this setting. Falling back to ozone.metadata.dirs instead.
2019-06-14 00:48:49,471 WARN  server.ServerUtils (ServerUtils.java:getScmDbDir(145)) - ozone.scm.db.dirs is not configured. We recommend adding this setting. Falling back to ozone.metadata.dirs instead.
2019-06-14 00:48:49,471 WARN  server.ServerUtils (ServerUtils.java:getScmDbDir(145)) - ozone.scm.db.dirs is not configured. We recommend adding this setting. Falling back to ozone.metadata.dirs instead.
2019-06-14 00:48:49,471 INFO  db.DBStoreBuilder (DBStoreBuilder.java:addTable(110)) - using custom profile for table: deletedBlocks
2019-06-14 00:48:49,471 INFO  db.DBStoreBuilder (DBStoreBuilder.java:processTables(161)) - Using default column profile:DBProfile.DISK for Table:deletedBlocks
2019-06-14 00:48:49,471 INFO  db.DBStoreBuilder (DBStoreBuilder.java:addTable(110)) - using custom profile for table: validCerts
2019-06-14 00:48:49,471 INFO  db.DBStoreBuilder (DBStoreBuilder.java:processTables(161)) - Using default column profile:DBProfile.DISK for Table:validCerts
2019-06-14 00:48:49,471 INFO  db.DBStoreBuilder (DBStoreBuilder.java:addTable(110)) - using custom profile for table: revokedCerts
2019-06-14 00:48:49,472 INFO  db.DBStoreBuilder (DBStoreBuilder.java:processTables(161)) - Using default column profile:DBProfile.DISK for Table:revokedCerts
2019-06-14 00:48:49,473 INFO  db.DBStoreBuilder (DBStoreBuilder.java:addTable(110)) - using custom profile for table: default
2019-06-14 00:48:49,473 INFO  db.DBStoreBuilder (DBStoreBuilder.java:processTables(167)) - Using default column profile:DBProfile.DISK for Table:default
2019-06-14 00:48:49,473 INFO  db.DBStoreBuilder (DBStoreBuilder.java:getDbProfile(198)) - Using default options. DBProfile.DISK
2019-06-14 00:48:49,507 INFO  node.SCMNodeManager (SCMNodeManager.java:<init>(108)) - Entering startup safe mode.
2019-06-14 00:48:49,507 INFO  net.NodeSchemaLoader (NodeSchemaLoader.java:loadSchemaFromFile(125)) - Loading file from sun.misc.CompoundEnumeration@1147a8de
2019-06-14 00:48:49,507 INFO  net.NodeSchemaLoader (NodeSchemaLoader.java:loadSchema(171)) - Loading network topology layer schema file
2019-06-14 00:48:49,509 WARN  server.ServerUtils (ServerUtils.java:getScmDbDir(145)) - ozone.scm.db.dirs is not configured. We recommend adding this setting. Falling back to ozone.metadata.dirs instead.
2019-06-14 00:48:49,521 INFO  pipeline.SCMPipelineManager (SCMPipelineManager.java:initializePipelineState(126)) - No pipeline exists in current db
2019-06-14 00:48:49,521 WARN  server.ServerUtils (ServerUtils.java:getScmDbDir(145)) - ozone.scm.db.dirs is not configured. We recommend adding this setting. Falling back to ozone.metadata.dirs instead.
2019-06-14 00:48:49,537 WARN  events.EventQueue (EventQueue.java:fireEvent(175)) - No event handler registered for event TypedEvent{payloadType=SafeModeStatus, name='SafeModeStatus'}
2019-06-14 00:48:49,537 INFO  ipc.CallQueueManager (CallQueueManager.java:<init>(84)) - Using callQueue: class java.util.concurrent.LinkedBlockingQueue, queueCapacity: 2000, scheduler: class org.apache.hadoop.ipc.DefaultRpcScheduler, ipcBackoff: false.
2019-06-14 00:48:49,538 INFO  ipc.Server (Server.java:run(1074)) - Starting Socket Reader #1 for port 35439
2019-06-14 00:48:49,539 INFO  ipc.CallQueueManager (CallQueueManager.java:<init>(84)) - Using callQueue: class java.util.concurrent.LinkedBlockingQueue, queueCapacity: 2000, scheduler: class org.apache.hadoop.ipc.DefaultRpcScheduler, ipcBackoff: false.
2019-06-14 00:48:49,541 INFO  ipc.Server (Server.java:run(1074)) - Starting Socket Reader #1 for port 35811
2019-06-14 00:48:49,543 INFO  ipc.CallQueueManager (CallQueueManager.java:<init>(84)) - Using callQueue: class java.util.concurrent.LinkedBlockingQueue, queueCapacity: 2000, scheduler: class org.apache.hadoop.ipc.DefaultRpcScheduler, ipcBackoff: false.
2019-06-14 00:48:49,543 INFO  ipc.Server (Server.java:run(1074)) - Starting Socket Reader #1 for port 41579
2019-06-14 00:48:49,573 INFO  hdfs.DFSUtil (DFSUtil.java:httpServerTemplateForNNAndJN(1641)) - Starting Web-server for scm at: http://0.0.0.0:0
2019-06-14 00:48:49,574 INFO  server.AuthenticationFilter (AuthenticationFilter.java:constructSecretProvider(240)) - Unable to initialize FileSignerSecretProvider, falling back to use random secrets.
2019-06-14 00:48:49,574 WARN  http.HttpRequestLog (HttpRequestLog.java:getRequestLog(97)) - Jetty request log can only be enabled using Log4j
2019-06-14 00:48:49,575 INFO  http.HttpServer2 (HttpServer2.java:addGlobalFilter(975)) - Added global filter 'safety' (class=org.apache.hadoop.http.HttpServer2$QuotingInputFilter)
2019-06-14 00:48:49,575 INFO  http.HttpServer2 (HttpServer2.java:addFilter(948)) - Added filter static_user_filter (class=org.apache.hadoop.http.lib.StaticUserWebFilter$StaticUserFilter) to context scm
2019-06-14 00:48:49,575 INFO  http.HttpServer2 (HttpServer2.java:addFilter(958)) - Added filter static_user_filter (class=org.apache.hadoop.http.lib.StaticUserWebFilter$StaticUserFilter) to context logs
2019-06-14 00:48:49,576 INFO  http.HttpServer2 (HttpServer2.java:addFilter(958)) - Added filter static_user_filter (class=org.apache.hadoop.http.lib.StaticUserWebFilter$StaticUserFilter) to context static
2019-06-14 00:48:49,578 INFO  server.StorageContainerManager (StorageContainerManager.java:start(752)) - StorageContainerLocationProtocol RPC server is listening at /0.0.0.0:41579
2019-06-14 00:48:49,578 INFO  impl.MetricsSystemImpl (MetricsSystemImpl.java:init(158)) - StorageContainerManager metrics system started (again)
2019-06-14 00:48:49,578 INFO  server.SCMClientProtocolServer (SCMClientProtocolServer.java:start(149)) - RPC server for Client  is listening at /0.0.0.0:41579
2019-06-14 00:48:49,579 INFO  ipc.Server (Server.java:run(1314)) - IPC Server Responder: starting
2019-06-14 00:48:49,579 INFO  ipc.Server (Server.java:run(1153)) - IPC Server listener on 41579: starting
2019-06-14 00:48:49,585 INFO  server.StorageContainerManager (StorageContainerManager.java:start(761)) - ScmBlockLocationProtocol RPC server is listening at /0.0.0.0:35811
2019-06-14 00:48:49,586 INFO  server.SCMBlockProtocolServer (SCMBlockProtocolServer.java:start(137)) - RPC server for Block Protocol is listening at /0.0.0.0:35811
2019-06-14 00:48:49,586 INFO  ipc.Server (Server.java:run(1314)) - IPC Server Responder: starting
2019-06-14 00:48:49,587 INFO  ipc.Server (Server.java:run(1153)) - IPC Server listener on 35811: starting
2019-06-14 00:48:49,601 INFO  server.StorageContainerManager (StorageContainerManager.java:start(765)) - ScmDatanodeProtocl RPC server is listening at /0.0.0.0:35439
2019-06-14 00:48:49,601 INFO  server.SCMDatanodeProtocolServer (SCMDatanodeProtocolServer.java:start(191)) - RPC server for DataNodes is listening at /0.0.0.0:35439
2019-06-14 00:48:49,602 INFO  ipc.Server (Server.java:run(1314)) - IPC Server Responder: starting
2019-06-14 00:48:49,602 INFO  ipc.Server (Server.java:run(1153)) - IPC Server listener on 35439: starting
2019-06-14 00:48:49,616 INFO  http.HttpServer2 (HttpServer2.java:bindListener(1191)) - Jetty bound to port 35605
2019-06-14 00:48:49,616 INFO  server.Server (Server.java:doStart(351)) - jetty-9.3.24.v20180605, build timestamp: 2018-06-05T17:11:56Z, git hash: 84205aa28f11a4f31f2a3b86d1bba2cc8ab69827
2019-06-14 00:48:49,623 INFO  handler.ContextHandler (ContextHandler.java:doStart(781)) - Started o.e.j.s.ServletContextHandler@2940eec0{/logs,file:///opt/src/hadoop-ozone/integration-test/target/log,AVAILABLE}
2019-06-14 00:48:49,623 INFO  handler.ContextHandler (ContextHandler.java:doStart(781)) - Started o.e.j.s.ServletContextHandler@5854e526{/static,file:///opt/src/hadoop-ozone/integration-test/target/test-classes/webapps/static,AVAILABLE}
2019-06-14 00:48:49,626 INFO  handler.ContextHandler (ContextHandler.java:doStart(781)) - Started o.e.j.w.WebAppContext@5910c67e{/,file:///opt/src/hadoop-ozone/integration-test/target/test-classes/webapps/scm/,AVAILABLE}{/scm}
2019-06-14 00:48:49,628 INFO  server.AbstractConnector (AbstractConnector.java:doStart(278)) - Started ServerConnector@1967c032{HTTP/1.1,[http/1.1]}{0.0.0.0:35605}
2019-06-14 00:48:49,628 INFO  server.Server (Server.java:doStart(419)) - Started @110827ms
2019-06-14 00:48:49,628 INFO  server.BaseHttpServer (BaseHttpServer.java:updateConnectorAddress(207)) - HTTP server of SCM is listening at http://0.0.0.0:35605
2019-06-14 00:48:49,629 WARN  scm.ScmUtils (ScmUtils.java:getDBPath(63)) - ozone.om.db.dirs is not configured. We recommend adding this setting. Falling back to ozone.metadata.dirs instead.
2019-06-14 00:48:49,631 WARN  scm.ScmUtils (ScmUtils.java:getDBPath(63)) - ozone.om.db.dirs is not configured. We recommend adding this setting. Falling back to ozone.metadata.dirs instead.
2019-06-14 00:48:49,631 INFO  util.JvmPauseMonitor (JvmPauseMonitor.java:run(188)) - Starting JVM pause monitor
2019-06-14 00:48:49,632 INFO  om.OzoneManager (OzoneManager.java:setOMNodeDetails(519)) - OM Service ID is not set. Setting it to the default ID: omServiceIdDefault
2019-06-14 00:48:49,632 INFO  om.OzoneManager (OzoneManager.java:setOMNodeDetails(525)) - OM Node ID is not set. Setting it to the OmStorage's OmID: b110627a-3cd2-459c-bafc-667c524bfe90
2019-06-14 00:48:49,632 WARN  scm.HddsServerUtil (HddsServerUtil.java:getDefaultRatisDirectory(354)) - Storage directory for Ratis is not configured. It is a good idea to map this to an SSD disk. Falling back to ozone.metadata.dirs
2019-06-14 00:48:49,632 WARN  scm.HddsServerUtil (HddsServerUtil.java:getDefaultRatisDirectory(354)) - Storage directory for Ratis is not configured. It is a good idea to map this to an SSD disk. Falling back to ozone.metadata.dirs
2019-06-14 00:48:49,632 INFO  om.OzoneManager (OzoneManager.java:loadOMHAConfigs(476)) - Found matching OM address with OMServiceId: null, OMNodeId: null, RPC Address: localhost:0 and Ratis port: 9872
2019-06-14 00:48:49,637 WARN  scm.ScmUtils (ScmUtils.java:getDBPath(63)) - ozone.om.db.dirs is not configured. We recommend adding this setting. Falling back to ozone.metadata.dirs instead.
2019-06-14 00:48:49,639 INFO  db.DBStoreBuilder (DBStoreBuilder.java:addTable(110)) - using custom profile for table: userTable
2019-06-14 00:48:49,640 INFO  db.DBStoreBuilder (DBStoreBuilder.java:processTables(161)) - Using default column profile:DBProfile.DISK for Table:userTable
2019-06-14 00:48:49,640 INFO  db.DBStoreBuilder (DBStoreBuilder.java:addTable(110)) - using custom profile for table: volumeTable
2019-06-14 00:48:49,640 INFO  db.DBStoreBuilder (DBStoreBuilder.java:processTables(161)) - Using default column profile:DBProfile.DISK for Table:volumeTable
2019-06-14 00:48:49,640 INFO  db.DBStoreBuilder (DBStoreBuilder.java:addTable(110)) - using custom profile for table: bucketTable
2019-06-14 00:48:49,640 INFO  db.DBStoreBuilder (DBStoreBuilder.java:processTables(161)) - Using default column profile:DBProfile.DISK for Table:bucketTable
2019-06-14 00:48:49,640 INFO  db.DBStoreBuilder (DBStoreBuilder.java:addTable(110)) - using custom profile for table: keyTable
2019-06-14 00:48:49,641 INFO  db.DBStoreBuilder (DBStoreBuilder.java:processTables(161)) - Using default column profile:DBProfile.DISK for Table:keyTable
2019-06-14 00:48:49,641 INFO  db.DBStoreBuilder (DBStoreBuilder.java:addTable(110)) - using custom profile for table: deletedTable
2019-06-14 00:48:49,641 INFO  db.DBStoreBuilder (DBStoreBuilder.java:processTables(161)) - Using default column profile:DBProfile.DISK for Table:deletedTable
2019-06-14 00:48:49,641 INFO  db.DBStoreBuilder (DBStoreBuilder.java:addTable(110)) - using custom profile for table: openKeyTable
2019-06-14 00:48:49,641 INFO  db.DBStoreBuilder (DBStoreBuilder.java:processTables(161)) - Using default column profile:DBProfile.DISK for Table:openKeyTable
2019-06-14 00:48:49,641 INFO  db.DBStoreBuilder (DBStoreBuilder.java:addTable(110)) - using custom profile for table: s3Table
2019-06-14 00:48:49,642 INFO  db.DBStoreBuilder (DBStoreBuilder.java:processTables(161)) - Using default column profile:DBProfile.DISK for Table:s3Table
2019-06-14 00:48:49,642 INFO  db.DBStoreBuilder (DBStoreBuilder.java:addTable(110)) - using custom profile for table: multipartInfoTable
2019-06-14 00:48:49,642 INFO  db.DBStoreBuilder (DBStoreBuilder.java:processTables(161)) - Using default column profile:DBProfile.DISK for Table:multipartInfoTable
2019-06-14 00:48:49,642 INFO  db.DBStoreBuilder (DBStoreBuilder.java:addTable(110)) - using custom profile for table: dTokenTable
2019-06-14 00:48:49,642 INFO  db.DBStoreBuilder (DBStoreBuilder.java:processTables(161)) - Using default column profile:DBProfile.DISK for Table:dTokenTable
2019-06-14 00:48:49,642 INFO  db.DBStoreBuilder (DBStoreBuilder.java:addTable(110)) - using custom profile for table: s3SecretTable
2019-06-14 00:48:49,642 INFO  db.DBStoreBuilder (DBStoreBuilder.java:processTables(161)) - Using default column profile:DBProfile.DISK for Table:s3SecretTable
2019-06-14 00:48:49,643 INFO  db.DBStoreBuilder (DBStoreBuilder.java:addTable(110)) - using custom profile for table: prefixTable
2019-06-14 00:48:49,643 INFO  db.DBStoreBuilder (DBStoreBuilder.java:processTables(161)) - Using default column profile:DBProfile.DISK for Table:prefixTable
2019-06-14 00:48:49,643 INFO  db.DBStoreBuilder (DBStoreBuilder.java:addTable(110)) - using custom profile for table: default
2019-06-14 00:48:49,643 INFO  db.DBStoreBuilder (DBStoreBuilder.java:processTables(167)) - Using default column profile:DBProfile.DISK for Table:default
2019-06-14 00:48:49,643 INFO  db.DBStoreBuilder (DBStoreBuilder.java:getDbProfile(198)) - Using default options. DBProfile.DISK
2019-06-14 00:48:49,783 INFO  ipc.CallQueueManager (CallQueueManager.java:<init>(84)) - Using callQueue: class java.util.concurrent.LinkedBlockingQueue, queueCapacity: 2000, scheduler: class org.apache.hadoop.ipc.DefaultRpcScheduler, ipcBackoff: false.
2019-06-14 00:48:49,785 INFO  ipc.Server (Server.java:run(1074)) - Starting Socket Reader #1 for port 39025
2019-06-14 00:48:49,798 WARN  scm.ScmUtils (ScmUtils.java:getDBPath(63)) - ozone.om.db.dirs is not configured. We recommend adding this setting. Falling back to ozone.metadata.dirs instead.
2019-06-14 00:48:49,798 INFO  om.OzoneManager (OzoneManager.java:start(1217)) - OzoneManager RPC server is listening at localhost/127.0.0.1:39025
2019-06-14 00:48:49,798 INFO  impl.MetricsSystemImpl (MetricsSystemImpl.java:init(158)) - OzoneManager metrics system started (again)
2019-06-14 00:48:49,799 INFO  ipc.Server (Server.java:run(1314)) - IPC Server Responder: starting
2019-06-14 00:48:49,804 INFO  ipc.Server (Server.java:run(1153)) - IPC Server listener on 39025: starting
2019-06-14 00:48:49,815 INFO  hdfs.DFSUtil (DFSUtil.java:httpServerTemplateForNNAndJN(1641)) - Starting Web-server for ozoneManager at: http://0.0.0.0:0
2019-06-14 00:48:49,816 INFO  server.AuthenticationFilter (AuthenticationFilter.java:constructSecretProvider(240)) - Unable to initialize FileSignerSecretProvider, falling back to use random secrets.
2019-06-14 00:48:49,819 WARN  http.HttpRequestLog (HttpRequestLog.java:getRequestLog(97)) - Jetty request log can only be enabled using Log4j
2019-06-14 00:48:49,819 INFO  http.HttpServer2 (HttpServer2.java:addGlobalFilter(975)) - Added global filter 'safety' (class=org.apache.hadoop.http.HttpServer2$QuotingInputFilter)
2019-06-14 00:48:49,820 INFO  http.HttpServer2 (HttpServer2.java:addFilter(948)) - Added filter static_user_filter (class=org.apache.hadoop.http.lib.StaticUserWebFilter$StaticUserFilter) to context ozoneManager
2019-06-14 00:48:49,820 INFO  http.HttpServer2 (HttpServer2.java:addFilter(958)) - Added filter static_user_filter (class=org.apache.hadoop.http.lib.StaticUserWebFilter$StaticUserFilter) to context logs
2019-06-14 00:48:49,820 INFO  http.HttpServer2 (HttpServer2.java:addFilter(958)) - Added filter static_user_filter (class=org.apache.hadoop.http.lib.StaticUserWebFilter$StaticUserFilter) to context static
2019-06-14 00:48:49,820 INFO  http.HttpServer2 (HttpServer2.java:bindListener(1191)) - Jetty bound to port 45805
2019-06-14 00:48:49,820 INFO  server.Server (Server.java:doStart(351)) - jetty-9.3.24.v20180605, build timestamp: 2018-06-05T17:11:56Z, git hash: 84205aa28f11a4f31f2a3b86d1bba2cc8ab69827
2019-06-14 00:48:49,827 INFO  handler.ContextHandler (ContextHandler.java:doStart(781)) - Started o.e.j.s.ServletContextHandler@15eaa2ce{/logs,file:///opt/src/hadoop-ozone/integration-test/target/log,AVAILABLE}
2019-06-14 00:48:49,827 INFO  handler.ContextHandler (ContextHandler.java:doStart(781)) - Started o.e.j.s.ServletContextHandler@596343e7{/static,file:///opt/src/hadoop-ozone/integration-test/target/test-classes/webapps/static,AVAILABLE}
2019-06-14 00:48:49,830 INFO  handler.ContextHandler (ContextHandler.java:doStart(781)) - Started o.e.j.w.WebAppContext@76a13b12{/,file:///opt/src/hadoop-ozone/integration-test/target/test-classes/webapps/ozoneManager/,AVAILABLE}{/ozoneManager}
2019-06-14 00:48:49,830 INFO  server.AbstractConnector (AbstractConnector.java:doStart(278)) - Started ServerConnector@7475f57e{HTTP/1.1,[http/1.1]}{0.0.0.0:45805}
2019-06-14 00:48:49,831 INFO  server.Server (Server.java:doStart(419)) - Started @111030ms
2019-06-14 00:48:49,832 INFO  server.BaseHttpServer (BaseHttpServer.java:updateConnectorAddress(207)) - HTTP server of OZONEMANAGER is listening at http://0.0.0.0:45805
2019-06-14 00:48:49,839 INFO  impl.MetricsSystemImpl (MetricsSystemImpl.java:init(158)) - HddsDatanode metrics system started (again)
2019-06-14 00:48:49,839 INFO  ozone.HddsDatanodeService (HddsDatanodeService.java:start(185)) - HddsDatanodeService host:ozone-z78dj-180245278 ip:192.168.11.204
2019-06-14 00:48:49,854 INFO  volume.HddsVolume (HddsVolume.java:<init>(176)) - Creating Volume: /opt/src/hadoop-ozone/integration-test/target/test-dir/MiniOzoneClusterImpl-419e5ba5-fc85-4622-bacb-c506f7be50b4/datanode-0/data/containers/hdds of  storage type : DISK and capacity : 104021790720
2019-06-14 00:48:49,855 INFO  volume.VolumeSet (VolumeSet.java:initializeVolumeSet(170)) - Added Volume : /opt/src/hadoop-ozone/integration-test/target/test-dir/MiniOzoneClusterImpl-419e5ba5-fc85-4622-bacb-c506f7be50b4/datanode-0/data/containers/hdds to VolumeSet
2019-06-14 00:48:49,855 INFO  volume.ThrottledAsyncChecker (ThrottledAsyncChecker.java:schedule(140)) - Scheduling a check for org.apache.hadoop.ozone.container.common.volume.HddsVolume@4620e669
2019-06-14 00:48:49,859 INFO  volume.HddsVolumeChecker (HddsVolumeChecker.java:checkAllVolumes(203)) - Scheduled health check for volume org.apache.hadoop.ozone.container.common.volume.HddsVolume@4620e669
2019-06-14 00:48:49,870 INFO  ratis.XceiverServerRatis (XceiverServerRatis.java:newXceiverServerRatis(401)) - Found a free port for the server : 45797
2019-06-14 00:48:49,873 INFO  impl.RaftServerProxy (ConfUtils.java:logGet(43)) - raft.rpc.type = GRPC (default)
2019-06-14 00:48:49,873 INFO  grpc.GrpcConfigKeys$Server (ConfUtils.java:logGet(43)) - raft.grpc.server.port = 45797 (custom)
2019-06-14 00:48:49,873 INFO  server.GrpcService (ConfUtils.java:logGet(43)) - raft.grpc.message.size.max = 33570816 (custom)
2019-06-14 00:48:49,873 INFO  server.RaftServerConfigKeys (ConfUtils.java:logGet(43)) - raft.server.log.appender.buffer.byte-limit = 33554432 (custom)
2019-06-14 00:48:49,874 INFO  server.GrpcService (ConfUtils.java:logGet(43)) - raft.grpc.flow.control.window = 1MB (=1048576) (default)
2019-06-14 00:48:49,874 INFO  server.RaftServerConfigKeys (ConfUtils.java:logGet(43)) - raft.server.rpc.request.timeout = 3000ms (default)
2019-06-14 00:48:49,874 INFO  server.RaftServerConfigKeys (ConfUtils.java:logGet(43)) - raft.server.storage.dir = [/opt/src/hadoop-ozone/integration-test/target/test-dir/MiniOzoneClusterImpl-419e5ba5-fc85-4622-bacb-c506f7be50b4/datanode-0/data/ratis] (custom)
2019-06-14 00:48:49,875 INFO  server.XceiverServerGrpc (XceiverServerGrpc.java:<init>(97)) - Found a free port for the server : 34323
2019-06-14 00:48:49,875 INFO  replication.SimpleContainerDownloader (SimpleContainerDownloader.java:<init>(72)) - Starting container downloader service to copy containers to replicate.
2019-06-14 00:48:49,876 INFO  hdfs.DFSUtil (DFSUtil.java:httpServerTemplateForNNAndJN(1641)) - Starting Web-server for hddsDatanode at: http://0.0.0.0:0
2019-06-14 00:48:49,877 INFO  server.AuthenticationFilter (AuthenticationFilter.java:constructSecretProvider(240)) - Unable to initialize FileSignerSecretProvider, falling back to use random secrets.
2019-06-14 00:48:49,879 WARN  http.HttpRequestLog (HttpRequestLog.java:getRequestLog(97)) - Jetty request log can only be enabled using Log4j
2019-06-14 00:48:49,880 INFO  http.HttpServer2 (HttpServer2.java:addGlobalFilter(975)) - Added global filter 'safety' (class=org.apache.hadoop.http.HttpServer2$QuotingInputFilter)
2019-06-14 00:48:49,880 INFO  http.HttpServer2 (HttpServer2.java:addFilter(948)) - Added filter static_user_filter (class=org.apache.hadoop.http.lib.StaticUserWebFilter$StaticUserFilter) to context hddsDatanode
2019-06-14 00:48:49,880 INFO  http.HttpServer2 (HttpServer2.java:addFilter(958)) - Added filter static_user_filter (class=org.apache.hadoop.http.lib.StaticUserWebFilter$StaticUserFilter) to context logs
2019-06-14 00:48:49,881 INFO  http.HttpServer2 (HttpServer2.java:addFilter(958)) - Added filter static_user_filter (class=org.apache.hadoop.http.lib.StaticUserWebFilter$StaticUserFilter) to context static
2019-06-14 00:48:49,881 INFO  http.HttpServer2 (HttpServer2.java:bindListener(1191)) - Jetty bound to port 44735
2019-06-14 00:48:49,881 INFO  server.Server (Server.java:doStart(351)) - jetty-9.3.24.v20180605, build timestamp: 2018-06-05T17:11:56Z, git hash: 84205aa28f11a4f31f2a3b86d1bba2cc8ab69827
2019-06-14 00:48:49,882 INFO  handler.ContextHandler (ContextHandler.java:doStart(781)) - Started o.e.j.s.ServletContextHandler@6049b4c9{/logs,file:///opt/src/hadoop-ozone/integration-test/target/log,AVAILABLE}
2019-06-14 00:48:49,883 INFO  handler.ContextHandler (ContextHandler.java:doStart(781)) - Started o.e.j.s.ServletContextHandler@495cac83{/static,jar:file:/root/.m2/repository/org/apache/hadoop/hadoop-hdds-container-service/0.5.0-SNAPSHOT/hadoop-hdds-container-service-0.5.0-SNAPSHOT.jar!/webapps/static,AVAILABLE}
2019-06-14 00:48:49,911 INFO  handler.ContextHandler (ContextHandler.java:doStart(781)) - Started o.e.j.w.WebAppContext@551fefe8{/,file:///tmp/jetty-0.0.0.0-44735-hddsDatanode-_-any-2529066476005287090.dir/webapp/,AVAILABLE}{/hddsDatanode}
2019-06-14 00:48:49,912 INFO  server.AbstractConnector (AbstractConnector.java:doStart(278)) - Started ServerConnector@6affa355{HTTP/1.1,[http/1.1]}{0.0.0.0:44735}
2019-06-14 00:48:49,913 INFO  server.Server (Server.java:doStart(419)) - Started @111113ms
2019-06-14 00:48:49,914 INFO  server.BaseHttpServer (BaseHttpServer.java:updateConnectorAddress(207)) - HTTP server of HDDSDATANODE is listening at http://0.0.0.0:44735
2019-06-14 00:48:50,017 INFO  ozone.HddsDatanodeService (HddsDatanodeService.java:startPlugins(396)) - Started plug-in org.apache.hadoop.ozone.web.OzoneHddsDatanodeService@48a2fb11
2019-06-14 00:48:50,018 INFO  impl.MetricsSystemImpl (MetricsSystemImpl.java:init(158)) - HddsDatanode metrics system started (again)
2019-06-14 00:48:50,018 INFO  ozone.HddsDatanodeService (HddsDatanodeService.java:start(185)) - HddsDatanodeService host:ozone-z78dj-180245278 ip:192.168.11.204
2019-06-14 00:48:50,029 INFO  util.JvmPauseMonitor (JvmPauseMonitor.java:run(188)) - Starting JVM pause monitor
2019-06-14 00:48:50,029 INFO  datanode.InitDatanodeState (InitDatanodeState.java:persistContainerDatanodeDetails(140)) - DatanodeDetails is persisted to /opt/src/hadoop-ozone/integration-test/target/test-dir/MiniOzoneClusterImpl-419e5ba5-fc85-4622-bacb-c506f7be50b4/datanode-0/meta/datanode.id
2019-06-14 00:48:50,034 INFO  volume.HddsVolume (HddsVolume.java:<init>(176)) - Creating Volume: /opt/src/hadoop-ozone/integration-test/target/test-dir/MiniOzoneClusterImpl-419e5ba5-fc85-4622-bacb-c506f7be50b4/datanode-1/data/containers/hdds of  storage type : DISK and capacity : 104021790720
2019-06-14 00:48:50,034 INFO  volume.VolumeSet (VolumeSet.java:initializeVolumeSet(170)) - Added Volume : /opt/src/hadoop-ozone/integration-test/target/test-dir/MiniOzoneClusterImpl-419e5ba5-fc85-4622-bacb-c506f7be50b4/datanode-1/data/containers/hdds to VolumeSet
2019-06-14 00:48:50,034 INFO  volume.ThrottledAsyncChecker (ThrottledAsyncChecker.java:schedule(140)) - Scheduling a check for org.apache.hadoop.ozone.container.common.volume.HddsVolume@6dc8a602
2019-06-14 00:48:50,035 INFO  volume.HddsVolumeChecker (HddsVolumeChecker.java:checkAllVolumes(203)) - Scheduled health check for volume org.apache.hadoop.ozone.container.common.volume.HddsVolume@6dc8a602
2019-06-14 00:48:50,043 INFO  ratis.XceiverServerRatis (XceiverServerRatis.java:newXceiverServerRatis(401)) - Found a free port for the server : 35337
2019-06-14 00:48:50,046 INFO  impl.RaftServerProxy (ConfUtils.java:logGet(43)) - raft.rpc.type = GRPC (default)
2019-06-14 00:48:50,046 INFO  grpc.GrpcConfigKeys$Server (ConfUtils.java:logGet(43)) - raft.grpc.server.port = 35337 (custom)
2019-06-14 00:48:50,046 INFO  server.GrpcService (ConfUtils.java:logGet(43)) - raft.grpc.message.size.max = 33570816 (custom)
2019-06-14 00:48:50,047 INFO  server.RaftServerConfigKeys (ConfUtils.java:logGet(43)) - raft.server.log.appender.buffer.byte-limit = 33554432 (custom)
2019-06-14 00:48:50,047 INFO  server.GrpcService (ConfUtils.java:logGet(43)) - raft.grpc.flow.control.window = 1MB (=1048576) (default)
2019-06-14 00:48:50,047 INFO  server.RaftServerConfigKeys (ConfUtils.java:logGet(43)) - raft.server.rpc.request.timeout = 3000ms (default)
2019-06-14 00:48:50,047 INFO  server.RaftServerConfigKeys (ConfUtils.java:logGet(43)) - raft.server.storage.dir = [/opt/src/hadoop-ozone/integration-test/target/test-dir/MiniOzoneClusterImpl-419e5ba5-fc85-4622-bacb-c506f7be50b4/datanode-1/data/ratis] (custom)
2019-06-14 00:48:50,047 INFO  server.XceiverServerGrpc (XceiverServerGrpc.java:<init>(97)) - Found a free port for the server : 43195
2019-06-14 00:48:50,048 INFO  replication.SimpleContainerDownloader (SimpleContainerDownloader.java:<init>(72)) - Starting container downloader service to copy containers to replicate.
2019-06-14 00:48:50,049 INFO  hdfs.DFSUtil (DFSUtil.java:httpServerTemplateForNNAndJN(1641)) - Starting Web-server for hddsDatanode at: http://0.0.0.0:0
2019-06-14 00:48:50,053 INFO  server.AuthenticationFilter (AuthenticationFilter.java:constructSecretProvider(240)) - Unable to initialize FileSignerSecretProvider, falling back to use random secrets.
2019-06-14 00:48:50,058 WARN  http.HttpRequestLog (HttpRequestLog.java:getRequestLog(97)) - Jetty request log can only be enabled using Log4j
2019-06-14 00:48:50,059 INFO  http.HttpServer2 (HttpServer2.java:addGlobalFilter(975)) - Added global filter 'safety' (class=org.apache.hadoop.http.HttpServer2$QuotingInputFilter)
2019-06-14 00:48:50,059 INFO  http.HttpServer2 (HttpServer2.java:addFilter(948)) - Added filter static_user_filter (class=org.apache.hadoop.http.lib.StaticUserWebFilter$StaticUserFilter) to context hddsDatanode
2019-06-14 00:48:50,059 INFO  http.HttpServer2 (HttpServer2.java:addFilter(958)) - Added filter static_user_filter (class=org.apache.hadoop.http.lib.StaticUserWebFilter$StaticUserFilter) to context static
2019-06-14 00:48:50,060 INFO  http.HttpServer2 (HttpServer2.java:addFilter(958)) - Added filter static_user_filter (class=org.apache.hadoop.http.lib.StaticUserWebFilter$StaticUserFilter) to context logs
2019-06-14 00:48:50,060 INFO  http.HttpServer2 (HttpServer2.java:bindListener(1191)) - Jetty bound to port 43007
2019-06-14 00:48:50,060 INFO  server.Server (Server.java:doStart(351)) - jetty-9.3.24.v20180605, build timestamp: 2018-06-05T17:11:56Z, git hash: 84205aa28f11a4f31f2a3b86d1bba2cc8ab69827
2019-06-14 00:48:50,070 INFO  handler.ContextHandler (ContextHandler.java:doStart(781)) - Started o.e.j.s.ServletContextHandler@2d12a71f{/logs,file:///opt/src/hadoop-ozone/integration-test/target/log,AVAILABLE}
2019-06-14 00:48:50,075 INFO  handler.ContextHandler (ContextHandler.java:doStart(781)) - Started o.e.j.s.ServletContextHandler@6ca6cc1c{/static,jar:file:/root/.m2/repository/org/apache/hadoop/hadoop-hdds-container-service/0.5.0-SNAPSHOT/hadoop-hdds-container-service-0.5.0-SNAPSHOT.jar!/webapps/static,AVAILABLE}
2019-06-14 00:48:50,098 INFO  handler.ContextHandler (ContextHandler.java:doStart(781)) - Started o.e.j.w.WebAppContext@59ffb0af{/,file:///tmp/jetty-0.0.0.0-43007-hddsDatanode-_-any-6476799956578604910.dir/webapp/,AVAILABLE}{/hddsDatanode}
2019-06-14 00:48:50,098 INFO  server.AbstractConnector (AbstractConnector.java:doStart(278)) - Started ServerConnector@d6d88b1{HTTP/1.1,[http/1.1]}{0.0.0.0:43007}
2019-06-14 00:48:50,102 INFO  server.Server (Server.java:doStart(419)) - Started @111302ms
2019-06-14 00:48:50,135 INFO  server.BaseHttpServer (BaseHttpServer.java:updateConnectorAddress(207)) - HTTP server of HDDSDATANODE is listening at http://0.0.0.0:43007
2019-06-14 00:48:50,201 ERROR client.GrpcClientRpc (GrpcClientRpc.java:sendRequestAsyncUnordered(82)) - client-CA010EA18C21: XXX Failed RaftClientRequest:client-CA010EA18C21->c7d97ab4-d7bd-4e3e-a586-ffae38b513aa@group-BD6BEAEB1F9F, cid=162, seq=0, Watch-ALL_COMMITTED(9), null
org.apache.ratis.protocol.AlreadyClosedException: client-CA010EA18C21 is already CLOSED
	at org.apache.ratis.util.PeerProxyMap$PeerAndProxy.getProxy(PeerProxyMap.java:58)
	at org.apache.ratis.util.PeerProxyMap.getProxy(PeerProxyMap.java:107)
	at org.apache.ratis.grpc.client.GrpcClientRpc.sendRequestAsyncUnordered(GrpcClientRpc.java:78)
	at org.apache.ratis.client.impl.UnorderedAsync.sendRequestWithRetry(UnorderedAsync.java:73)
	at org.apache.ratis.client.impl.UnorderedAsync.lambda$null$2(UnorderedAsync.java:113)
	at org.apache.ratis.util.TimeoutScheduler.lambda$onTimeout$0(TimeoutScheduler.java:85)
	at org.apache.ratis.util.TimeoutScheduler.lambda$onTimeout$1(TimeoutScheduler.java:104)
	at org.apache.ratis.util.LogUtils.runAndLog(LogUtils.java:50)
	at org.apache.ratis.util.LogUtils$1.run(LogUtils.java:91)
	at java.util.concurrent.Executors$RunnableAdapter.call(Executors.java:511)
	at java.util.concurrent.FutureTask.run(FutureTask.java:266)
	at java.util.concurrent.ScheduledThreadPoolExecutor$ScheduledFutureTask.access$201(ScheduledThreadPoolExecutor.java:180)
	at java.util.concurrent.ScheduledThreadPoolExecutor$ScheduledFutureTask.run(ScheduledThreadPoolExecutor.java:293)
	at java.util.concurrent.ThreadPoolExecutor.runWorker(ThreadPoolExecutor.java:1149)
	at java.util.concurrent.ThreadPoolExecutor$Worker.run(ThreadPoolExecutor.java:624)
	at java.lang.Thread.run(Thread.java:748)
2019-06-14 00:48:50,202 ERROR client.GrpcClientRpc (GrpcClientRpc.java:sendRequestAsyncUnordered(82)) - client-CA010EA18C21: XXX Failed RaftClientRequest:client-CA010EA18C21->c7d97ab4-d7bd-4e3e-a586-ffae38b513aa@group-BD6BEAEB1F9F, cid=164, seq=0, Watch-ALL_COMMITTED(12), null
org.apache.ratis.protocol.AlreadyClosedException: client-CA010EA18C21 is already CLOSED
	at org.apache.ratis.util.PeerProxyMap$PeerAndProxy.getProxy(PeerProxyMap.java:58)
	at org.apache.ratis.util.PeerProxyMap.getProxy(PeerProxyMap.java:107)
	at org.apache.ratis.grpc.client.GrpcClientRpc.sendRequestAsyncUnordered(GrpcClientRpc.java:78)
	at org.apache.ratis.client.impl.UnorderedAsync.sendRequestWithRetry(UnorderedAsync.java:73)
	at org.apache.ratis.client.impl.UnorderedAsync.lambda$null$2(UnorderedAsync.java:113)
	at org.apache.ratis.util.TimeoutScheduler.lambda$onTimeout$0(TimeoutScheduler.java:85)
	at org.apache.ratis.util.TimeoutScheduler.lambda$onTimeout$1(TimeoutScheduler.java:104)
	at org.apache.ratis.util.LogUtils.runAndLog(LogUtils.java:50)
	at org.apache.ratis.util.LogUtils$1.run(LogUtils.java:91)
	at java.util.concurrent.Executors$RunnableAdapter.call(Executors.java:511)
	at java.util.concurrent.FutureTask.run(FutureTask.java:266)
	at java.util.concurrent.ScheduledThreadPoolExecutor$ScheduledFutureTask.access$201(ScheduledThreadPoolExecutor.java:180)
	at java.util.concurrent.ScheduledThreadPoolExecutor$ScheduledFutureTask.run(ScheduledThreadPoolExecutor.java:293)
	at java.util.concurrent.ThreadPoolExecutor.runWorker(ThreadPoolExecutor.java:1149)
	at java.util.concurrent.ThreadPoolExecutor$Worker.run(ThreadPoolExecutor.java:624)
	at java.lang.Thread.run(Thread.java:748)
2019-06-14 00:48:50,205 INFO  ozone.HddsDatanodeService (HddsDatanodeService.java:startPlugins(396)) - Started plug-in org.apache.hadoop.ozone.web.OzoneHddsDatanodeService@26c7940a
2019-06-14 00:48:50,206 INFO  impl.MetricsSystemImpl (MetricsSystemImpl.java:init(158)) - HddsDatanode metrics system started (again)
2019-06-14 00:48:50,206 INFO  ozone.HddsDatanodeService (HddsDatanodeService.java:start(185)) - HddsDatanodeService host:ozone-z78dj-180245278 ip:192.168.11.204
2019-06-14 00:48:50,206 INFO  util.JvmPauseMonitor (JvmPauseMonitor.java:run(188)) - Starting JVM pause monitor
2019-06-14 00:48:50,207 INFO  datanode.InitDatanodeState (InitDatanodeState.java:persistContainerDatanodeDetails(140)) - DatanodeDetails is persisted to /opt/src/hadoop-ozone/integration-test/target/test-dir/MiniOzoneClusterImpl-419e5ba5-fc85-4622-bacb-c506f7be50b4/datanode-1/meta/datanode.id
2019-06-14 00:48:50,211 INFO  volume.HddsVolume (HddsVolume.java:<init>(176)) - Creating Volume: /opt/src/hadoop-ozone/integration-test/target/test-dir/MiniOzoneClusterImpl-419e5ba5-fc85-4622-bacb-c506f7be50b4/datanode-2/data/containers/hdds of  storage type : DISK and capacity : 104021790720
2019-06-14 00:48:50,211 INFO  volume.VolumeSet (VolumeSet.java:initializeVolumeSet(170)) - Added Volume : /opt/src/hadoop-ozone/integration-test/target/test-dir/MiniOzoneClusterImpl-419e5ba5-fc85-4622-bacb-c506f7be50b4/datanode-2/data/containers/hdds to VolumeSet
2019-06-14 00:48:50,211 INFO  volume.ThrottledAsyncChecker (ThrottledAsyncChecker.java:schedule(140)) - Scheduling a check for org.apache.hadoop.ozone.container.common.volume.HddsVolume@1ac8f29c
2019-06-14 00:48:50,212 INFO  volume.HddsVolumeChecker (HddsVolumeChecker.java:checkAllVolumes(203)) - Scheduled health check for volume org.apache.hadoop.ozone.container.common.volume.HddsVolume@1ac8f29c
2019-06-14 00:48:50,220 INFO  ratis.XceiverServerRatis (XceiverServerRatis.java:newXceiverServerRatis(401)) - Found a free port for the server : 35149
2019-06-14 00:48:50,221 INFO  impl.RaftServerProxy (ConfUtils.java:logGet(43)) - raft.rpc.type = GRPC (default)
2019-06-14 00:48:50,222 INFO  grpc.GrpcConfigKeys$Server (ConfUtils.java:logGet(43)) - raft.grpc.server.port = 35149 (custom)
2019-06-14 00:48:50,222 INFO  server.GrpcService (ConfUtils.java:logGet(43)) - raft.grpc.message.size.max = 33570816 (custom)
2019-06-14 00:48:50,222 INFO  server.RaftServerConfigKeys (ConfUtils.java:logGet(43)) - raft.server.log.appender.buffer.byte-limit = 33554432 (custom)
2019-06-14 00:48:50,222 INFO  server.GrpcService (ConfUtils.java:logGet(43)) - raft.grpc.flow.control.window = 1MB (=1048576) (default)
2019-06-14 00:48:50,222 INFO  server.RaftServerConfigKeys (ConfUtils.java:logGet(43)) - raft.server.rpc.request.timeout = 3000ms (default)
2019-06-14 00:48:50,223 INFO  server.RaftServerConfigKeys (ConfUtils.java:logGet(43)) - raft.server.storage.dir = [/opt/src/hadoop-ozone/integration-test/target/test-dir/MiniOzoneClusterImpl-419e5ba5-fc85-4622-bacb-c506f7be50b4/datanode-2/data/ratis] (custom)
2019-06-14 00:48:50,223 INFO  server.XceiverServerGrpc (XceiverServerGrpc.java:<init>(97)) - Found a free port for the server : 45661
2019-06-14 00:48:50,224 INFO  replication.SimpleContainerDownloader (SimpleContainerDownloader.java:<init>(72)) - Starting container downloader service to copy containers to replicate.
2019-06-14 00:48:50,224 INFO  hdfs.DFSUtil (DFSUtil.java:httpServerTemplateForNNAndJN(1641)) - Starting Web-server for hddsDatanode at: http://0.0.0.0:0
2019-06-14 00:48:50,225 INFO  server.AuthenticationFilter (AuthenticationFilter.java:constructSecretProvider(240)) - Unable to initialize FileSignerSecretProvider, falling back to use random secrets.
2019-06-14 00:48:50,226 WARN  http.HttpRequestLog (HttpRequestLog.java:getRequestLog(97)) - Jetty request log can only be enabled using Log4j
2019-06-14 00:48:50,226 INFO  http.HttpServer2 (HttpServer2.java:addGlobalFilter(975)) - Added global filter 'safety' (class=org.apache.hadoop.http.HttpServer2$QuotingInputFilter)
2019-06-14 00:48:50,227 INFO  http.HttpServer2 (HttpServer2.java:addFilter(948)) - Added filter static_user_filter (class=org.apache.hadoop.http.lib.StaticUserWebFilter$StaticUserFilter) to context hddsDatanode
2019-06-14 00:48:50,227 INFO  http.HttpServer2 (HttpServer2.java:addFilter(958)) - Added filter static_user_filter (class=org.apache.hadoop.http.lib.StaticUserWebFilter$StaticUserFilter) to context static
2019-06-14 00:48:50,227 INFO  http.HttpServer2 (HttpServer2.java:addFilter(958)) - Added filter static_user_filter (class=org.apache.hadoop.http.lib.StaticUserWebFilter$StaticUserFilter) to context logs
2019-06-14 00:48:50,227 INFO  http.HttpServer2 (HttpServer2.java:bindListener(1191)) - Jetty bound to port 33029
2019-06-14 00:48:50,227 INFO  server.Server (Server.java:doStart(351)) - jetty-9.3.24.v20180605, build timestamp: 2018-06-05T17:11:56Z, git hash: 84205aa28f11a4f31f2a3b86d1bba2cc8ab69827
2019-06-14 00:48:50,228 INFO  handler.ContextHandler (ContextHandler.java:doStart(781)) - Started o.e.j.s.ServletContextHandler@16488ed7{/logs,file:///opt/src/hadoop-ozone/integration-test/target/log,AVAILABLE}
2019-06-14 00:48:50,229 INFO  handler.ContextHandler (ContextHandler.java:doStart(781)) - Started o.e.j.s.ServletContextHandler@3c380db5{/static,jar:file:/root/.m2/repository/org/apache/hadoop/hadoop-hdds-container-service/0.5.0-SNAPSHOT/hadoop-hdds-container-service-0.5.0-SNAPSHOT.jar!/webapps/static,AVAILABLE}
2019-06-14 00:48:50,248 INFO  handler.ContextHandler (ContextHandler.java:doStart(781)) - Started o.e.j.w.WebAppContext@2b1f0667{/,file:///tmp/jetty-0.0.0.0-33029-hddsDatanode-_-any-1583991371913506145.dir/webapp/,AVAILABLE}{/hddsDatanode}
2019-06-14 00:48:50,248 INFO  server.AbstractConnector (AbstractConnector.java:doStart(278)) - Started ServerConnector@6000ca67{HTTP/1.1,[http/1.1]}{0.0.0.0:33029}
2019-06-14 00:48:50,250 INFO  server.Server (Server.java:doStart(419)) - Started @111449ms
2019-06-14 00:48:50,250 INFO  server.BaseHttpServer (BaseHttpServer.java:updateConnectorAddress(207)) - HTTP server of HDDSDATANODE is listening at http://0.0.0.0:33029
2019-06-14 00:48:50,319 INFO  ozone.HddsDatanodeService (HddsDatanodeService.java:startPlugins(396)) - Started plug-in org.apache.hadoop.ozone.web.OzoneHddsDatanodeService@61fe5253
2019-06-14 00:48:50,319 INFO  impl.MetricsSystemImpl (MetricsSystemImpl.java:init(158)) - HddsDatanode metrics system started (again)
2019-06-14 00:48:50,320 INFO  ozone.HddsDatanodeService (HddsDatanodeService.java:start(185)) - HddsDatanodeService host:ozone-z78dj-180245278 ip:192.168.11.204
2019-06-14 00:48:50,320 INFO  util.JvmPauseMonitor (JvmPauseMonitor.java:run(188)) - Starting JVM pause monitor
2019-06-14 00:48:50,321 INFO  datanode.InitDatanodeState (InitDatanodeState.java:persistContainerDatanodeDetails(140)) - DatanodeDetails is persisted to /opt/src/hadoop-ozone/integration-test/target/test-dir/MiniOzoneClusterImpl-419e5ba5-fc85-4622-bacb-c506f7be50b4/datanode-2/meta/datanode.id
2019-06-14 00:48:50,325 INFO  volume.HddsVolume (HddsVolume.java:<init>(176)) - Creating Volume: /opt/src/hadoop-ozone/integration-test/target/test-dir/MiniOzoneClusterImpl-419e5ba5-fc85-4622-bacb-c506f7be50b4/datanode-3/data/containers/hdds of  storage type : DISK and capacity : 104021790720
2019-06-14 00:48:50,325 INFO  volume.VolumeSet (VolumeSet.java:initializeVolumeSet(170)) - Added Volume : /opt/src/hadoop-ozone/integration-test/target/test-dir/MiniOzoneClusterImpl-419e5ba5-fc85-4622-bacb-c506f7be50b4/datanode-3/data/containers/hdds to VolumeSet
2019-06-14 00:48:50,325 INFO  volume.ThrottledAsyncChecker (ThrottledAsyncChecker.java:schedule(140)) - Scheduling a check for org.apache.hadoop.ozone.container.common.volume.HddsVolume@764bf20d
2019-06-14 00:48:50,326 INFO  volume.HddsVolumeChecker (HddsVolumeChecker.java:checkAllVolumes(203)) - Scheduled health check for volume org.apache.hadoop.ozone.container.common.volume.HddsVolume@764bf20d
2019-06-14 00:48:50,333 INFO  ratis.XceiverServerRatis (XceiverServerRatis.java:newXceiverServerRatis(401)) - Found a free port for the server : 40521
2019-06-14 00:48:50,335 INFO  impl.RaftServerProxy (ConfUtils.java:logGet(43)) - raft.rpc.type = GRPC (default)
2019-06-14 00:48:50,335 INFO  grpc.GrpcConfigKeys$Server (ConfUtils.java:logGet(43)) - raft.grpc.server.port = 40521 (custom)
2019-06-14 00:48:50,335 INFO  server.GrpcService (ConfUtils.java:logGet(43)) - raft.grpc.message.size.max = 33570816 (custom)
2019-06-14 00:48:50,335 INFO  server.RaftServerConfigKeys (ConfUtils.java:logGet(43)) - raft.server.log.appender.buffer.byte-limit = 33554432 (custom)
2019-06-14 00:48:50,335 INFO  server.GrpcService (ConfUtils.java:logGet(43)) - raft.grpc.flow.control.window = 1MB (=1048576) (default)
2019-06-14 00:48:50,335 INFO  server.RaftServerConfigKeys (ConfUtils.java:logGet(43)) - raft.server.rpc.request.timeout = 3000ms (default)
2019-06-14 00:48:50,336 INFO  server.RaftServerConfigKeys (ConfUtils.java:logGet(43)) - raft.server.storage.dir = [/opt/src/hadoop-ozone/integration-test/target/test-dir/MiniOzoneClusterImpl-419e5ba5-fc85-4622-bacb-c506f7be50b4/datanode-3/data/ratis] (custom)
2019-06-14 00:48:50,336 INFO  server.XceiverServerGrpc (XceiverServerGrpc.java:<init>(97)) - Found a free port for the server : 46745
2019-06-14 00:48:50,336 INFO  replication.SimpleContainerDownloader (SimpleContainerDownloader.java:<init>(72)) - Starting container downloader service to copy containers to replicate.
2019-06-14 00:48:50,337 INFO  hdfs.DFSUtil (DFSUtil.java:httpServerTemplateForNNAndJN(1641)) - Starting Web-server for hddsDatanode at: http://0.0.0.0:0
2019-06-14 00:48:50,338 INFO  server.AuthenticationFilter (AuthenticationFilter.java:constructSecretProvider(240)) - Unable to initialize FileSignerSecretProvider, falling back to use random secrets.
2019-06-14 00:48:50,338 WARN  http.HttpRequestLog (HttpRequestLog.java:getRequestLog(97)) - Jetty request log can only be enabled using Log4j
2019-06-14 00:48:50,339 INFO  http.HttpServer2 (HttpServer2.java:addGlobalFilter(975)) - Added global filter 'safety' (class=org.apache.hadoop.http.HttpServer2$QuotingInputFilter)
2019-06-14 00:48:50,339 INFO  http.HttpServer2 (HttpServer2.java:addFilter(948)) - Added filter static_user_filter (class=org.apache.hadoop.http.lib.StaticUserWebFilter$StaticUserFilter) to context hddsDatanode
2019-06-14 00:48:50,339 INFO  http.HttpServer2 (HttpServer2.java:addFilter(958)) - Added filter static_user_filter (class=org.apache.hadoop.http.lib.StaticUserWebFilter$StaticUserFilter) to context static
2019-06-14 00:48:50,339 INFO  http.HttpServer2 (HttpServer2.java:addFilter(958)) - Added filter static_user_filter (class=org.apache.hadoop.http.lib.StaticUserWebFilter$StaticUserFilter) to context logs
2019-06-14 00:48:50,340 INFO  http.HttpServer2 (HttpServer2.java:bindListener(1191)) - Jetty bound to port 35525
2019-06-14 00:48:50,340 INFO  server.Server (Server.java:doStart(351)) - jetty-9.3.24.v20180605, build timestamp: 2018-06-05T17:11:56Z, git hash: 84205aa28f11a4f31f2a3b86d1bba2cc8ab69827
2019-06-14 00:48:50,341 INFO  handler.ContextHandler (ContextHandler.java:doStart(781)) - Started o.e.j.s.ServletContextHandler@14b3976{/logs,file:///opt/src/hadoop-ozone/integration-test/target/log,AVAILABLE}
2019-06-14 00:48:50,341 INFO  handler.ContextHandler (ContextHandler.java:doStart(781)) - Started o.e.j.s.ServletContextHandler@15db4dc{/static,jar:file:/root/.m2/repository/org/apache/hadoop/hadoop-hdds-container-service/0.5.0-SNAPSHOT/hadoop-hdds-container-service-0.5.0-SNAPSHOT.jar!/webapps/static,AVAILABLE}
2019-06-14 00:48:50,361 INFO  handler.ContextHandler (ContextHandler.java:doStart(781)) - Started o.e.j.w.WebAppContext@42b4cce1{/,file:///tmp/jetty-0.0.0.0-35525-hddsDatanode-_-any-3572402228486943973.dir/webapp/,AVAILABLE}{/hddsDatanode}
2019-06-14 00:48:50,361 INFO  server.AbstractConnector (AbstractConnector.java:doStart(278)) - Started ServerConnector@67f8586f{HTTP/1.1,[http/1.1]}{0.0.0.0:35525}
2019-06-14 00:48:50,362 INFO  server.Server (Server.java:doStart(419)) - Started @111562ms
2019-06-14 00:48:50,363 INFO  server.BaseHttpServer (BaseHttpServer.java:updateConnectorAddress(207)) - HTTP server of HDDSDATANODE is listening at http://0.0.0.0:35525
2019-06-14 00:48:50,469 INFO  ozone.HddsDatanodeService (HddsDatanodeService.java:startPlugins(396)) - Started plug-in org.apache.hadoop.ozone.web.OzoneHddsDatanodeService@439acac0
2019-06-14 00:48:50,469 INFO  impl.MetricsSystemImpl (MetricsSystemImpl.java:init(158)) - HddsDatanode metrics system started (again)
2019-06-14 00:48:50,469 INFO  ozone.HddsDatanodeService (HddsDatanodeService.java:start(185)) - HddsDatanodeService host:ozone-z78dj-180245278 ip:192.168.11.204
2019-06-14 00:48:50,470 INFO  util.JvmPauseMonitor (JvmPauseMonitor.java:run(188)) - Starting JVM pause monitor
2019-06-14 00:48:50,471 INFO  datanode.InitDatanodeState (InitDatanodeState.java:persistContainerDatanodeDetails(140)) - DatanodeDetails is persisted to /opt/src/hadoop-ozone/integration-test/target/test-dir/MiniOzoneClusterImpl-419e5ba5-fc85-4622-bacb-c506f7be50b4/datanode-3/meta/datanode.id
2019-06-14 00:48:50,475 INFO  volume.HddsVolume (HddsVolume.java:<init>(176)) - Creating Volume: /opt/src/hadoop-ozone/integration-test/target/test-dir/MiniOzoneClusterImpl-419e5ba5-fc85-4622-bacb-c506f7be50b4/datanode-4/data/containers/hdds of  storage type : DISK and capacity : 104021790720
2019-06-14 00:48:50,476 INFO  volume.VolumeSet (VolumeSet.java:initializeVolumeSet(170)) - Added Volume : /opt/src/hadoop-ozone/integration-test/target/test-dir/MiniOzoneClusterImpl-419e5ba5-fc85-4622-bacb-c506f7be50b4/datanode-4/data/containers/hdds to VolumeSet
2019-06-14 00:48:50,476 INFO  volume.ThrottledAsyncChecker (ThrottledAsyncChecker.java:schedule(140)) - Scheduling a check for org.apache.hadoop.ozone.container.common.volume.HddsVolume@591be976
2019-06-14 00:48:50,476 INFO  volume.HddsVolumeChecker (HddsVolumeChecker.java:checkAllVolumes(203)) - Scheduled health check for volume org.apache.hadoop.ozone.container.common.volume.HddsVolume@591be976
2019-06-14 00:48:50,485 INFO  ratis.XceiverServerRatis (XceiverServerRatis.java:newXceiverServerRatis(401)) - Found a free port for the server : 36753
2019-06-14 00:48:50,486 INFO  impl.RaftServerProxy (ConfUtils.java:logGet(43)) - raft.rpc.type = GRPC (default)
2019-06-14 00:48:50,487 INFO  grpc.GrpcConfigKeys$Server (ConfUtils.java:logGet(43)) - raft.grpc.server.port = 36753 (custom)
2019-06-14 00:48:50,487 INFO  server.GrpcService (ConfUtils.java:logGet(43)) - raft.grpc.message.size.max = 33570816 (custom)
2019-06-14 00:48:50,487 INFO  server.RaftServerConfigKeys (ConfUtils.java:logGet(43)) - raft.server.log.appender.buffer.byte-limit = 33554432 (custom)
2019-06-14 00:48:50,487 INFO  server.GrpcService (ConfUtils.java:logGet(43)) - raft.grpc.flow.control.window = 1MB (=1048576) (default)
2019-06-14 00:48:50,487 INFO  server.RaftServerConfigKeys (ConfUtils.java:logGet(43)) - raft.server.rpc.request.timeout = 3000ms (default)
2019-06-14 00:48:50,487 INFO  server.RaftServerConfigKeys (ConfUtils.java:logGet(43)) - raft.server.storage.dir = [/opt/src/hadoop-ozone/integration-test/target/test-dir/MiniOzoneClusterImpl-419e5ba5-fc85-4622-bacb-c506f7be50b4/datanode-4/data/ratis] (custom)
2019-06-14 00:48:50,488 INFO  server.XceiverServerGrpc (XceiverServerGrpc.java:<init>(97)) - Found a free port for the server : 44035
2019-06-14 00:48:50,488 INFO  replication.SimpleContainerDownloader (SimpleContainerDownloader.java:<init>(72)) - Starting container downloader service to copy containers to replicate.
2019-06-14 00:48:50,489 INFO  hdfs.DFSUtil (DFSUtil.java:httpServerTemplateForNNAndJN(1641)) - Starting Web-server for hddsDatanode at: http://0.0.0.0:0
2019-06-14 00:48:50,490 INFO  server.AuthenticationFilter (AuthenticationFilter.java:constructSecretProvider(240)) - Unable to initialize FileSignerSecretProvider, falling back to use random secrets.
2019-06-14 00:48:50,490 WARN  http.HttpRequestLog (HttpRequestLog.java:getRequestLog(97)) - Jetty request log can only be enabled using Log4j
2019-06-14 00:48:50,491 INFO  http.HttpServer2 (HttpServer2.java:addGlobalFilter(975)) - Added global filter 'safety' (class=org.apache.hadoop.http.HttpServer2$QuotingInputFilter)
2019-06-14 00:48:50,491 INFO  http.HttpServer2 (HttpServer2.java:addFilter(948)) - Added filter static_user_filter (class=org.apache.hadoop.http.lib.StaticUserWebFilter$StaticUserFilter) to context hddsDatanode
2019-06-14 00:48:50,491 INFO  http.HttpServer2 (HttpServer2.java:addFilter(958)) - Added filter static_user_filter (class=org.apache.hadoop.http.lib.StaticUserWebFilter$StaticUserFilter) to context logs
2019-06-14 00:48:50,491 INFO  http.HttpServer2 (HttpServer2.java:addFilter(958)) - Added filter static_user_filter (class=org.apache.hadoop.http.lib.StaticUserWebFilter$StaticUserFilter) to context static
2019-06-14 00:48:50,492 INFO  http.HttpServer2 (HttpServer2.java:bindListener(1191)) - Jetty bound to port 33417
2019-06-14 00:48:50,492 INFO  server.Server (Server.java:doStart(351)) - jetty-9.3.24.v20180605, build timestamp: 2018-06-05T17:11:56Z, git hash: 84205aa28f11a4f31f2a3b86d1bba2cc8ab69827
2019-06-14 00:48:50,495 INFO  handler.ContextHandler (ContextHandler.java:doStart(781)) - Started o.e.j.s.ServletContextHandler@c3df740{/logs,file:///opt/src/hadoop-ozone/integration-test/target/log,AVAILABLE}
2019-06-14 00:48:50,496 INFO  handler.ContextHandler (ContextHandler.java:doStart(781)) - Started o.e.j.s.ServletContextHandler@3c251258{/static,jar:file:/root/.m2/repository/org/apache/hadoop/hadoop-hdds-container-service/0.5.0-SNAPSHOT/hadoop-hdds-container-service-0.5.0-SNAPSHOT.jar!/webapps/static,AVAILABLE}
2019-06-14 00:48:50,515 INFO  handler.ContextHandler (ContextHandler.java:doStart(781)) - Started o.e.j.w.WebAppContext@6a2d1f6d{/,file:///tmp/jetty-0.0.0.0-33417-hddsDatanode-_-any-6888814422885377595.dir/webapp/,AVAILABLE}{/hddsDatanode}
2019-06-14 00:48:50,516 INFO  server.AbstractConnector (AbstractConnector.java:doStart(278)) - Started ServerConnector@6f2a13c7{HTTP/1.1,[http/1.1]}{0.0.0.0:33417}
2019-06-14 00:48:50,517 INFO  server.Server (Server.java:doStart(419)) - Started @111717ms
2019-06-14 00:48:50,518 INFO  server.BaseHttpServer (BaseHttpServer.java:updateConnectorAddress(207)) - HTTP server of HDDSDATANODE is listening at http://0.0.0.0:33417
2019-06-14 00:48:50,587 INFO  ozone.HddsDatanodeService (HddsDatanodeService.java:startPlugins(396)) - Started plug-in org.apache.hadoop.ozone.web.OzoneHddsDatanodeService@41d34a11
2019-06-14 00:48:50,587 INFO  impl.MetricsSystemImpl (MetricsSystemImpl.java:init(158)) - HddsDatanode metrics system started (again)
2019-06-14 00:48:50,587 INFO  ozone.HddsDatanodeService (HddsDatanodeService.java:start(185)) - HddsDatanodeService host:ozone-z78dj-180245278 ip:192.168.11.204
2019-06-14 00:48:50,588 INFO  util.JvmPauseMonitor (JvmPauseMonitor.java:run(188)) - Starting JVM pause monitor
2019-06-14 00:48:50,588 INFO  datanode.InitDatanodeState (InitDatanodeState.java:persistContainerDatanodeDetails(140)) - DatanodeDetails is persisted to /opt/src/hadoop-ozone/integration-test/target/test-dir/MiniOzoneClusterImpl-419e5ba5-fc85-4622-bacb-c506f7be50b4/datanode-4/meta/datanode.id
2019-06-14 00:48:50,593 INFO  volume.HddsVolume (HddsVolume.java:<init>(176)) - Creating Volume: /opt/src/hadoop-ozone/integration-test/target/test-dir/MiniOzoneClusterImpl-419e5ba5-fc85-4622-bacb-c506f7be50b4/datanode-5/data/containers/hdds of  storage type : DISK and capacity : 104021790720
2019-06-14 00:48:50,593 INFO  volume.VolumeSet (VolumeSet.java:initializeVolumeSet(170)) - Added Volume : /opt/src/hadoop-ozone/integration-test/target/test-dir/MiniOzoneClusterImpl-419e5ba5-fc85-4622-bacb-c506f7be50b4/datanode-5/data/containers/hdds to VolumeSet
2019-06-14 00:48:50,593 INFO  volume.ThrottledAsyncChecker (ThrottledAsyncChecker.java:schedule(140)) - Scheduling a check for org.apache.hadoop.ozone.container.common.volume.HddsVolume@316745d8
2019-06-14 00:48:50,593 INFO  volume.HddsVolumeChecker (HddsVolumeChecker.java:checkAllVolumes(203)) - Scheduled health check for volume org.apache.hadoop.ozone.container.common.volume.HddsVolume@316745d8
2019-06-14 00:48:50,601 INFO  ratis.XceiverServerRatis (XceiverServerRatis.java:newXceiverServerRatis(401)) - Found a free port for the server : 36153
2019-06-14 00:48:50,602 INFO  impl.RaftServerProxy (ConfUtils.java:logGet(43)) - raft.rpc.type = GRPC (default)
2019-06-14 00:48:50,603 INFO  grpc.GrpcConfigKeys$Server (ConfUtils.java:logGet(43)) - raft.grpc.server.port = 36153 (custom)
2019-06-14 00:48:50,603 INFO  server.GrpcService (ConfUtils.java:logGet(43)) - raft.grpc.message.size.max = 33570816 (custom)
2019-06-14 00:48:50,603 INFO  server.RaftServerConfigKeys (ConfUtils.java:logGet(43)) - raft.server.log.appender.buffer.byte-limit = 33554432 (custom)
2019-06-14 00:48:50,603 INFO  server.GrpcService (ConfUtils.java:logGet(43)) - raft.grpc.flow.control.window = 1MB (=1048576) (default)
2019-06-14 00:48:50,603 INFO  server.RaftServerConfigKeys (ConfUtils.java:logGet(43)) - raft.server.rpc.request.timeout = 3000ms (default)
2019-06-14 00:48:50,603 INFO  server.RaftServerConfigKeys (ConfUtils.java:logGet(43)) - raft.server.storage.dir = [/opt/src/hadoop-ozone/integration-test/target/test-dir/MiniOzoneClusterImpl-419e5ba5-fc85-4622-bacb-c506f7be50b4/datanode-5/data/ratis] (custom)
2019-06-14 00:48:50,604 INFO  server.XceiverServerGrpc (XceiverServerGrpc.java:<init>(97)) - Found a free port for the server : 40639
2019-06-14 00:48:50,604 INFO  replication.SimpleContainerDownloader (SimpleContainerDownloader.java:<init>(72)) - Starting container downloader service to copy containers to replicate.
2019-06-14 00:48:50,605 INFO  hdfs.DFSUtil (DFSUtil.java:httpServerTemplateForNNAndJN(1641)) - Starting Web-server for hddsDatanode at: http://0.0.0.0:0
2019-06-14 00:48:50,605 INFO  server.AuthenticationFilter (AuthenticationFilter.java:constructSecretProvider(240)) - Unable to initialize FileSignerSecretProvider, falling back to use random secrets.
2019-06-14 00:48:50,606 WARN  http.HttpRequestLog (HttpRequestLog.java:getRequestLog(97)) - Jetty request log can only be enabled using Log4j
2019-06-14 00:48:50,606 INFO  http.HttpServer2 (HttpServer2.java:addGlobalFilter(975)) - Added global filter 'safety' (class=org.apache.hadoop.http.HttpServer2$QuotingInputFilter)
2019-06-14 00:48:50,607 INFO  http.HttpServer2 (HttpServer2.java:addFilter(948)) - Added filter static_user_filter (class=org.apache.hadoop.http.lib.StaticUserWebFilter$StaticUserFilter) to context hddsDatanode
2019-06-14 00:48:50,607 INFO  http.HttpServer2 (HttpServer2.java:addFilter(958)) - Added filter static_user_filter (class=org.apache.hadoop.http.lib.StaticUserWebFilter$StaticUserFilter) to context logs
2019-06-14 00:48:50,607 INFO  http.HttpServer2 (HttpServer2.java:addFilter(958)) - Added filter static_user_filter (class=org.apache.hadoop.http.lib.StaticUserWebFilter$StaticUserFilter) to context static
2019-06-14 00:48:50,607 INFO  http.HttpServer2 (HttpServer2.java:bindListener(1191)) - Jetty bound to port 34813
2019-06-14 00:48:50,607 INFO  server.Server (Server.java:doStart(351)) - jetty-9.3.24.v20180605, build timestamp: 2018-06-05T17:11:56Z, git hash: 84205aa28f11a4f31f2a3b86d1bba2cc8ab69827
2019-06-14 00:48:50,608 INFO  handler.ContextHandler (ContextHandler.java:doStart(781)) - Started o.e.j.s.ServletContextHandler@59c530b5{/logs,file:///opt/src/hadoop-ozone/integration-test/target/log,AVAILABLE}
2019-06-14 00:48:50,609 INFO  handler.ContextHandler (ContextHandler.java:doStart(781)) - Started o.e.j.s.ServletContextHandler@8d56ddd{/static,jar:file:/root/.m2/repository/org/apache/hadoop/hadoop-hdds-container-service/0.5.0-SNAPSHOT/hadoop-hdds-container-service-0.5.0-SNAPSHOT.jar!/webapps/static,AVAILABLE}
2019-06-14 00:48:50,628 INFO  handler.ContextHandler (ContextHandler.java:doStart(781)) - Started o.e.j.w.WebAppContext@7f4ae871{/,file:///tmp/jetty-0.0.0.0-34813-hddsDatanode-_-any-5446497463861071854.dir/webapp/,AVAILABLE}{/hddsDatanode}
2019-06-14 00:48:50,628 INFO  server.AbstractConnector (AbstractConnector.java:doStart(278)) - Started ServerConnector@1cc9b564{HTTP/1.1,[http/1.1]}{0.0.0.0:34813}
2019-06-14 00:48:50,629 INFO  server.Server (Server.java:doStart(419)) - Started @111829ms
2019-06-14 00:48:50,630 INFO  server.BaseHttpServer (BaseHttpServer.java:updateConnectorAddress(207)) - HTTP server of HDDSDATANODE is listening at http://0.0.0.0:34813
2019-06-14 00:48:50,701 INFO  ozone.HddsDatanodeService (HddsDatanodeService.java:startPlugins(396)) - Started plug-in org.apache.hadoop.ozone.web.OzoneHddsDatanodeService@282831ea
2019-06-14 00:48:50,701 INFO  ozone.MiniOzoneClusterImpl (MiniOzoneClusterImpl.java:lambda$waitForClusterToBeReady$0(142)) - Waiting for cluster to be ready. Got 0 of 6 DN Heartbeats.
2019-06-14 00:48:50,703 INFO  util.JvmPauseMonitor (JvmPauseMonitor.java:run(188)) - Starting JVM pause monitor
2019-06-14 00:48:50,704 INFO  datanode.InitDatanodeState (InitDatanodeState.java:persistContainerDatanodeDetails(140)) - DatanodeDetails is persisted to /opt/src/hadoop-ozone/integration-test/target/test-dir/MiniOzoneClusterImpl-419e5ba5-fc85-4622-bacb-c506f7be50b4/datanode-5/meta/datanode.id
2019-06-14 00:48:51,396 WARN  events.EventQueue (EventQueue.java:fireEvent(147)) - Processing of TypedEvent{payloadType=DatanodeDetails, name='Stale_Node'} is skipped, EventQueue is not running
2019-06-14 00:48:51,496 WARN  events.EventQueue (EventQueue.java:fireEvent(147)) - Processing of TypedEvent{payloadType=DatanodeDetails, name='Stale_Node'} is skipped, EventQueue is not running
2019-06-14 00:48:51,702 INFO  ozone.MiniOzoneClusterImpl (MiniOzoneClusterImpl.java:lambda$waitForClusterToBeReady$0(142)) - Waiting for cluster to be ready. Got 0 of 6 DN Heartbeats.
2019-06-14 00:48:52,036 INFO  ozoneimpl.OzoneContainer (OzoneContainer.java:start(186)) - Attempting to start container services.
2019-06-14 00:48:52,036 INFO  ozoneimpl.OzoneContainer (OzoneContainer.java:startContainerScrub(160)) - Background container scrubber has been disabled by hdds.containerscrub.enabled
2019-06-14 00:48:52,036 INFO  ratis.XceiverServerRatis (XceiverServerRatis.java:start(418)) - Starting XceiverServerRatis c5f2c476-202a-48a3-92aa-b5134342721a at port 45797
2019-06-14 00:48:52,039 INFO  impl.RaftServerProxy (RaftServerProxy.java:lambda$start$3(299)) - c5f2c476-202a-48a3-92aa-b5134342721a: start RPC server
2019-06-14 00:48:52,041 INFO  server.GrpcService (GrpcService.java:startImpl(148)) - c5f2c476-202a-48a3-92aa-b5134342721a: GrpcService started, listening on 0.0.0.0/0.0.0.0:45797
2019-06-14 00:48:52,097 WARN  events.EventQueue (EventQueue.java:fireEvent(147)) - Processing of TypedEvent{payloadType=DatanodeDetails, name='Stale_Node'} is skipped, EventQueue is not running
2019-06-14 00:48:52,097 WARN  events.EventQueue (EventQueue.java:fireEvent(147)) - Processing of TypedEvent{payloadType=DatanodeDetails, name='Stale_Node'} is skipped, EventQueue is not running
2019-06-14 00:48:52,197 WARN  events.EventQueue (EventQueue.java:fireEvent(147)) - Processing of TypedEvent{payloadType=DatanodeDetails, name='Stale_Node'} is skipped, EventQueue is not running
2019-06-14 00:48:52,207 ERROR client.GrpcClientRpc (GrpcClientRpc.java:sendRequestAsyncUnordered(82)) - client-CA010EA18C21: XXX Failed RaftClientRequest:client-CA010EA18C21->a2ac4259-0eb4-4984-b0bb-2f9f5e025514@group-BD6BEAEB1F9F, cid=164, seq=0, Watch-ALL_COMMITTED(12), null
org.apache.ratis.protocol.AlreadyClosedException: client-CA010EA18C21 is already CLOSED
	at org.apache.ratis.util.PeerProxyMap$PeerAndProxy.getProxy(PeerProxyMap.java:58)
	at org.apache.ratis.util.PeerProxyMap.getProxy(PeerProxyMap.java:107)
	at org.apache.ratis.grpc.client.GrpcClientRpc.sendRequestAsyncUnordered(GrpcClientRpc.java:78)
	at org.apache.ratis.client.impl.UnorderedAsync.sendRequestWithRetry(UnorderedAsync.java:73)
	at org.apache.ratis.client.impl.UnorderedAsync.lambda$null$2(UnorderedAsync.java:113)
	at org.apache.ratis.util.TimeoutScheduler.lambda$onTimeout$0(TimeoutScheduler.java:85)
	at org.apache.ratis.util.TimeoutScheduler.lambda$onTimeout$1(TimeoutScheduler.java:104)
	at org.apache.ratis.util.LogUtils.runAndLog(LogUtils.java:50)
	at org.apache.ratis.util.LogUtils$1.run(LogUtils.java:91)
	at java.util.concurrent.Executors$RunnableAdapter.call(Executors.java:511)
	at java.util.concurrent.FutureTask.run(FutureTask.java:266)
	at java.util.concurrent.ScheduledThreadPoolExecutor$ScheduledFutureTask.access$201(ScheduledThreadPoolExecutor.java:180)
	at java.util.concurrent.ScheduledThreadPoolExecutor$ScheduledFutureTask.run(ScheduledThreadPoolExecutor.java:293)
	at java.util.concurrent.ThreadPoolExecutor.runWorker(ThreadPoolExecutor.java:1149)
	at java.util.concurrent.ThreadPoolExecutor$Worker.run(ThreadPoolExecutor.java:624)
	at java.lang.Thread.run(Thread.java:748)
2019-06-14 00:48:52,209 INFO  ozoneimpl.OzoneContainer (OzoneContainer.java:start(186)) - Attempting to start container services.
2019-06-14 00:48:52,209 INFO  ozoneimpl.OzoneContainer (OzoneContainer.java:startContainerScrub(160)) - Background container scrubber has been disabled by hdds.containerscrub.enabled
2019-06-14 00:48:52,209 INFO  ratis.XceiverServerRatis (XceiverServerRatis.java:start(418)) - Starting XceiverServerRatis 57164648-c586-4e2a-8bcc-1bba3c117994 at port 35337
2019-06-14 00:48:52,212 INFO  impl.RaftServerProxy (RaftServerProxy.java:lambda$start$3(299)) - 57164648-c586-4e2a-8bcc-1bba3c117994: start RPC server
2019-06-14 00:48:52,213 INFO  server.GrpcService (GrpcService.java:startImpl(148)) - 57164648-c586-4e2a-8bcc-1bba3c117994: GrpcService started, listening on 0.0.0.0/0.0.0.0:35337
2019-06-14 00:48:52,323 INFO  ozoneimpl.OzoneContainer (OzoneContainer.java:start(186)) - Attempting to start container services.
2019-06-14 00:48:52,323 INFO  ozoneimpl.OzoneContainer (OzoneContainer.java:startContainerScrub(160)) - Background container scrubber has been disabled by hdds.containerscrub.enabled
2019-06-14 00:48:52,323 INFO  ratis.XceiverServerRatis (XceiverServerRatis.java:start(418)) - Starting XceiverServerRatis 1faf1e02-8f3b-458a-adaf-b103e3c4301e at port 35149
2019-06-14 00:48:52,331 INFO  impl.RaftServerProxy (RaftServerProxy.java:lambda$start$3(299)) - 1faf1e02-8f3b-458a-adaf-b103e3c4301e: start RPC server
2019-06-14 00:48:52,331 INFO  server.GrpcService (GrpcService.java:startImpl(148)) - 1faf1e02-8f3b-458a-adaf-b103e3c4301e: GrpcService started, listening on 0.0.0.0/0.0.0.0:35149
2019-06-14 00:48:52,473 INFO  ozoneimpl.OzoneContainer (OzoneContainer.java:start(186)) - Attempting to start container services.
2019-06-14 00:48:52,473 INFO  ozoneimpl.OzoneContainer (OzoneContainer.java:startContainerScrub(160)) - Background container scrubber has been disabled by hdds.containerscrub.enabled
2019-06-14 00:48:52,473 INFO  ratis.XceiverServerRatis (XceiverServerRatis.java:start(418)) - Starting XceiverServerRatis 424f01c0-b114-415e-b493-f069231efd67 at port 40521
2019-06-14 00:48:52,477 INFO  impl.RaftServerProxy (RaftServerProxy.java:lambda$start$3(299)) - 424f01c0-b114-415e-b493-f069231efd67: start RPC server
2019-06-14 00:48:52,477 INFO  server.GrpcService (GrpcService.java:startImpl(148)) - 424f01c0-b114-415e-b493-f069231efd67: GrpcService started, listening on 0.0.0.0/0.0.0.0:40521
2019-06-14 00:48:52,591 INFO  ozoneimpl.OzoneContainer (OzoneContainer.java:start(186)) - Attempting to start container services.
2019-06-14 00:48:52,591 INFO  ozoneimpl.OzoneContainer (OzoneContainer.java:startContainerScrub(160)) - Background container scrubber has been disabled by hdds.containerscrub.enabled
2019-06-14 00:48:52,591 INFO  ratis.XceiverServerRatis (XceiverServerRatis.java:start(418)) - Starting XceiverServerRatis bb7f80c3-5969-448a-b675-8b666b9345ca at port 36753
2019-06-14 00:48:52,594 INFO  impl.RaftServerProxy (RaftServerProxy.java:lambda$start$3(299)) - bb7f80c3-5969-448a-b675-8b666b9345ca: start RPC server
2019-06-14 00:48:52,595 INFO  server.GrpcService (GrpcService.java:startImpl(148)) - bb7f80c3-5969-448a-b675-8b666b9345ca: GrpcService started, listening on 0.0.0.0/0.0.0.0:36753
2019-06-14 00:48:52,702 INFO  ozone.MiniOzoneClusterImpl (MiniOzoneClusterImpl.java:lambda$waitForClusterToBeReady$0(142)) - Waiting for cluster to be ready. Got 0 of 6 DN Heartbeats.
2019-06-14 00:48:52,706 INFO  ozoneimpl.OzoneContainer (OzoneContainer.java:start(186)) - Attempting to start container services.
2019-06-14 00:48:52,706 INFO  ozoneimpl.OzoneContainer (OzoneContainer.java:startContainerScrub(160)) - Background container scrubber has been disabled by hdds.containerscrub.enabled
2019-06-14 00:48:52,706 INFO  ratis.XceiverServerRatis (XceiverServerRatis.java:start(418)) - Starting XceiverServerRatis 2debb5e0-31ed-436b-b5a8-022b9e8f4201 at port 36153
2019-06-14 00:48:52,709 INFO  impl.RaftServerProxy (RaftServerProxy.java:lambda$start$3(299)) - 2debb5e0-31ed-436b-b5a8-022b9e8f4201: start RPC server
2019-06-14 00:48:52,709 INFO  server.GrpcService (GrpcService.java:startImpl(148)) - 2debb5e0-31ed-436b-b5a8-022b9e8f4201: GrpcService started, listening on 0.0.0.0/0.0.0.0:36153
2019-06-14 00:48:53,702 INFO  ozone.MiniOzoneClusterImpl (MiniOzoneClusterImpl.java:lambda$waitForClusterToBeReady$0(142)) - Waiting for cluster to be ready. Got 0 of 6 DN Heartbeats.
2019-06-14 00:48:54,032 INFO  node.SCMNodeManager (SCMNodeManager.java:register(234)) - Registered Data node : c5f2c476-202a-48a3-92aa-b5134342721a{ip: 192.168.11.204, host: ozone-z78dj-180245278, networkLocation: /default-rack, certSerialId: null}
2019-06-14 00:48:54,034 INFO  safemode.SCMSafeModeManager (DataNodeSafeModeRule.java:process(71)) - SCM in safe mode. 1 DataNodes registered, 1 required.
2019-06-14 00:48:54,036 INFO  safemode.SCMSafeModeManager (SCMSafeModeManager.java:validateSafeModeExitRules(177)) - ScmSafeModeManager, all rules are successfully validated
2019-06-14 00:48:54,036 INFO  safemode.SCMSafeModeManager (SCMSafeModeManager.java:exitSafeMode(193)) - SCM exiting safe mode.
2019-06-14 00:48:54,040 INFO  impl.RaftServerProxy (RaftServerProxy.java:addNew(89)) - c5f2c476-202a-48a3-92aa-b5134342721a: addNew group-860E9E809442:[c5f2c476-202a-48a3-92aa-b5134342721a:192.168.11.204:45797] returns group-860E9E809442:java.util.concurrent.CompletableFuture@4fcb7a94[Not completed]
2019-06-14 00:48:54,041 INFO  impl.RaftServerImpl (RaftServerImpl.java:<init>(91)) - c5f2c476-202a-48a3-92aa-b5134342721a: new RaftServerImpl for group-860E9E809442:[c5f2c476-202a-48a3-92aa-b5134342721a:192.168.11.204:45797] with ContainerStateMachine:uninitialized
2019-06-14 00:48:54,041 INFO  server.RaftServerConfigKeys (ConfUtils.java:logGet(43)) - raft.server.rpc.timeout.min = 1s (custom)
2019-06-14 00:48:54,041 INFO  server.RaftServerConfigKeys (ConfUtils.java:logGet(43)) - raft.server.rpc.timeout.max = 1200ms (custom)
2019-06-14 00:48:54,041 INFO  server.RaftServerConfigKeys (ConfUtils.java:logGet(43)) - raft.server.rpcslowness.timeout = 120s (custom)
2019-06-14 00:48:54,041 INFO  server.RaftServerConfigKeys (ConfUtils.java:logGet(43)) - raft.server.log.appender.install.snapshot.enabled = true (default)
2019-06-14 00:48:54,041 INFO  impl.RaftServerImpl (ServerState.java:<init>(101)) - c5f2c476-202a-48a3-92aa-b5134342721a:group-860E9E809442 ConfigurationManager, init=-1: [c5f2c476-202a-48a3-92aa-b5134342721a:192.168.11.204:45797], old=null, confs=<EMPTY_MAP>
2019-06-14 00:48:54,041 INFO  server.RaftServerConfigKeys (ConfUtils.java:logGet(43)) - raft.server.storage.dir = [/opt/src/hadoop-ozone/integration-test/target/test-dir/MiniOzoneClusterImpl-419e5ba5-fc85-4622-bacb-c506f7be50b4/datanode-0/data/ratis] (custom)
2019-06-14 00:48:54,041 INFO  storage.RaftStorageDirectory (RaftStorageDirectory.java:analyzeStorage(246)) - The storage directory /opt/src/hadoop-ozone/integration-test/target/test-dir/MiniOzoneClusterImpl-419e5ba5-fc85-4622-bacb-c506f7be50b4/datanode-0/data/ratis/06de871d-b133-45a4-950f-860e9e809442 does not exist. Creating ...
2019-06-14 00:48:54,043 INFO  storage.RaftStorageDirectory (RaftStorageDirectory.java:tryLock(328)) - Lock on /opt/src/hadoop-ozone/integration-test/target/test-dir/MiniOzoneClusterImpl-419e5ba5-fc85-4622-bacb-c506f7be50b4/datanode-0/data/ratis/06de871d-b133-45a4-950f-860e9e809442/in_use.lock acquired by nodename 14819@ozone-z78dj-180245278
2019-06-14 00:48:54,045 INFO  storage.RaftStorage (RaftStorage.java:format(75)) - Storage directory /opt/src/hadoop-ozone/integration-test/target/test-dir/MiniOzoneClusterImpl-419e5ba5-fc85-4622-bacb-c506f7be50b4/datanode-0/data/ratis/06de871d-b133-45a4-950f-860e9e809442 has been successfully formatted.
2019-06-14 00:48:54,045 INFO  ratis.ContainerStateMachine (ContainerStateMachine.java:loadSnapshot(199)) - The snapshot info is null.Setting the last applied index to:(t:0, i:~)
2019-06-14 00:48:54,046 INFO  server.RaftServerConfigKeys (ConfUtils.java:logGet(43)) - raft.server.leader.election.timeout = 120s (custom)
2019-06-14 00:48:54,046 INFO  server.RaftServerConfigKeys (ConfUtils.java:logGet(43)) - raft.server.log.use.memory = false (default)
2019-06-14 00:48:54,046 INFO  server.RaftServerConfigKeys (ConfUtils.java:logGet(43)) - raft.server.log.appender.buffer.byte-limit = 33554432 (custom)
2019-06-14 00:48:54,046 INFO  server.RaftServerConfigKeys (ConfUtils.java:logGet(43)) - raft.server.log.segment.size.max = 16384 (custom)
2019-06-14 00:48:54,046 INFO  server.RaftServerConfigKeys (ConfUtils.java:logGet(43)) - raft.server.log.segment.cache.num.max = 2 (custom)
2019-06-14 00:48:54,046 INFO  storage.RaftLogWorker (RaftLogWorker.java:<init>(123)) - new c5f2c476-202a-48a3-92aa-b5134342721a-RaftLogWorker for Storage Directory /opt/src/hadoop-ozone/integration-test/target/test-dir/MiniOzoneClusterImpl-419e5ba5-fc85-4622-bacb-c506f7be50b4/datanode-0/data/ratis/06de871d-b133-45a4-950f-860e9e809442
2019-06-14 00:48:54,046 INFO  server.RaftServerConfigKeys (ConfUtils.java:logGet(43)) - raft.server.log.queue.byte-limit = 2147483647 (custom)
2019-06-14 00:48:54,046 INFO  server.RaftServerConfigKeys (ConfUtils.java:logGet(43)) - raft.server.log.queue.element-limit = 1024 (custom)
2019-06-14 00:48:54,046 INFO  server.RaftServerConfigKeys (ConfUtils.java:logGet(43)) - raft.server.log.segment.size.max = 16384 (custom)
2019-06-14 00:48:54,046 INFO  server.RaftServerConfigKeys (ConfUtils.java:logGet(43)) - raft.server.log.preallocated.size = 16384 (custom)
2019-06-14 00:48:54,046 INFO  server.RaftServerConfigKeys (ConfUtils.java:logGet(43)) - raft.server.log.write.buffer.size = 33554432 (custom)
2019-06-14 00:48:54,046 INFO  server.RaftServerConfigKeys (ConfUtils.java:logGet(43)) - raft.server.log.force.sync.num = 128 (default)
2019-06-14 00:48:54,046 INFO  server.RaftServerConfigKeys (ConfUtils.java:logGet(43)) - raft.server.log.statemachine.data.sync = true (default)
2019-06-14 00:48:54,046 INFO  server.RaftServerConfigKeys (ConfUtils.java:logGet(43)) - raft.server.log.statemachine.data.sync.timeout = 10s (default)
2019-06-14 00:48:54,046 INFO  server.RaftServerConfigKeys (ConfUtils.java:logGet(43)) - raft.server.log.statemachine.data.sync.timeout.retry = -1 (default)
2019-06-14 00:48:54,047 INFO  server.RaftServerConfigKeys (ConfUtils.java:logGet(43)) - raft.server.log.statemachine.data.caching.enabled = true (custom)
2019-06-14 00:48:54,047 INFO  server.RaftServerConfigKeys (ConfUtils.java:logGet(43)) - raft.server.snapshot.auto.trigger.enabled = true (custom)
2019-06-14 00:48:54,047 INFO  server.RaftServerConfigKeys (ConfUtils.java:logGet(43)) - raft.server.snapshot.auto.trigger.threshold = 10000 (custom)
2019-06-14 00:48:54,047 INFO  server.RaftServerConfigKeys (ConfUtils.java:logGet(43)) - raft.server.retrycache.expirytime = 600000ms (custom)
2019-06-14 00:48:54,047 INFO  impl.RaftServerImpl (RaftServerImpl.java:start(173)) - c5f2c476-202a-48a3-92aa-b5134342721a: start group-860E9E809442
2019-06-14 00:48:54,047 INFO  impl.RaftServerImpl (RaftServerImpl.java:setRole(164)) - c5f2c476-202a-48a3-92aa-b5134342721a:group-860E9E809442 changes role from null to FOLLOWER at term 0 for startAsFollower
2019-06-14 00:48:54,047 INFO  impl.RoleInfo (RoleInfo.java:updateAndGet(143)) - c5f2c476-202a-48a3-92aa-b5134342721a: start FollowerState
2019-06-14 00:48:54,047 INFO  util.JmxRegister (JmxRegister.java:tryRegister(44)) - Successfully registered JMX Bean with object name Ratis:service=RaftServer,group=group-860E9E809442,id=c5f2c476-202a-48a3-92aa-b5134342721a
2019-06-14 00:48:54,048 INFO  pipeline.PipelineStateManager (PipelineStateManager.java:addPipeline(56)) - Created pipeline Pipeline[ Id: 06de871d-b133-45a4-950f-860e9e809442, Nodes: c5f2c476-202a-48a3-92aa-b5134342721a{ip: 192.168.11.204, host: ozone-z78dj-180245278, networkLocation: /default-rack, certSerialId: null}, Type:RATIS, Factor:ONE, State:OPEN]
2019-06-14 00:48:54,207 INFO  node.SCMNodeManager (SCMNodeManager.java:register(234)) - Registered Data node : 57164648-c586-4e2a-8bcc-1bba3c117994{ip: 192.168.11.204, host: ozone-z78dj-180245278, networkLocation: /default-rack, certSerialId: null}
2019-06-14 00:48:54,212 INFO  impl.RaftServerProxy (RaftServerProxy.java:addNew(89)) - 57164648-c586-4e2a-8bcc-1bba3c117994: addNew group-55FCB9CBBCA7:[57164648-c586-4e2a-8bcc-1bba3c117994:192.168.11.204:35337] returns group-55FCB9CBBCA7:java.util.concurrent.CompletableFuture@63a7eac3[Not completed]
2019-06-14 00:48:54,212 INFO  impl.RaftServerImpl (RaftServerImpl.java:<init>(91)) - 57164648-c586-4e2a-8bcc-1bba3c117994: new RaftServerImpl for group-55FCB9CBBCA7:[57164648-c586-4e2a-8bcc-1bba3c117994:192.168.11.204:35337] with ContainerStateMachine:uninitialized
2019-06-14 00:48:54,212 INFO  server.RaftServerConfigKeys (ConfUtils.java:logGet(43)) - raft.server.rpc.timeout.min = 1s (custom)
2019-06-14 00:48:54,212 INFO  server.RaftServerConfigKeys (ConfUtils.java:logGet(43)) - raft.server.rpc.timeout.max = 1200ms (custom)
2019-06-14 00:48:54,212 INFO  server.RaftServerConfigKeys (ConfUtils.java:logGet(43)) - raft.server.rpcslowness.timeout = 120s (custom)
2019-06-14 00:48:54,212 INFO  server.RaftServerConfigKeys (ConfUtils.java:logGet(43)) - raft.server.log.appender.install.snapshot.enabled = true (default)
2019-06-14 00:48:54,212 INFO  impl.RaftServerImpl (ServerState.java:<init>(101)) - 57164648-c586-4e2a-8bcc-1bba3c117994:group-55FCB9CBBCA7 ConfigurationManager, init=-1: [57164648-c586-4e2a-8bcc-1bba3c117994:192.168.11.204:35337], old=null, confs=<EMPTY_MAP>
2019-06-14 00:48:54,212 INFO  server.RaftServerConfigKeys (ConfUtils.java:logGet(43)) - raft.server.storage.dir = [/opt/src/hadoop-ozone/integration-test/target/test-dir/MiniOzoneClusterImpl-419e5ba5-fc85-4622-bacb-c506f7be50b4/datanode-1/data/ratis] (custom)
2019-06-14 00:48:54,213 INFO  storage.RaftStorageDirectory (RaftStorageDirectory.java:analyzeStorage(246)) - The storage directory /opt/src/hadoop-ozone/integration-test/target/test-dir/MiniOzoneClusterImpl-419e5ba5-fc85-4622-bacb-c506f7be50b4/datanode-1/data/ratis/e615bd50-3a06-44ce-bf85-55fcb9cbbca7 does not exist. Creating ...
2019-06-14 00:48:54,215 INFO  storage.RaftStorageDirectory (RaftStorageDirectory.java:tryLock(328)) - Lock on /opt/src/hadoop-ozone/integration-test/target/test-dir/MiniOzoneClusterImpl-419e5ba5-fc85-4622-bacb-c506f7be50b4/datanode-1/data/ratis/e615bd50-3a06-44ce-bf85-55fcb9cbbca7/in_use.lock acquired by nodename 14819@ozone-z78dj-180245278
2019-06-14 00:48:54,216 INFO  storage.RaftStorage (RaftStorage.java:format(75)) - Storage directory /opt/src/hadoop-ozone/integration-test/target/test-dir/MiniOzoneClusterImpl-419e5ba5-fc85-4622-bacb-c506f7be50b4/datanode-1/data/ratis/e615bd50-3a06-44ce-bf85-55fcb9cbbca7 has been successfully formatted.
2019-06-14 00:48:54,217 INFO  ratis.ContainerStateMachine (ContainerStateMachine.java:loadSnapshot(199)) - The snapshot info is null.Setting the last applied index to:(t:0, i:~)
2019-06-14 00:48:54,217 INFO  server.RaftServerConfigKeys (ConfUtils.java:logGet(43)) - raft.server.leader.election.timeout = 120s (custom)
2019-06-14 00:48:54,217 INFO  server.RaftServerConfigKeys (ConfUtils.java:logGet(43)) - raft.server.log.use.memory = false (default)
2019-06-14 00:48:54,217 INFO  server.RaftServerConfigKeys (ConfUtils.java:logGet(43)) - raft.server.log.appender.buffer.byte-limit = 33554432 (custom)
2019-06-14 00:48:54,217 INFO  server.RaftServerConfigKeys (ConfUtils.java:logGet(43)) - raft.server.log.segment.size.max = 16384 (custom)
2019-06-14 00:48:54,217 INFO  server.RaftServerConfigKeys (ConfUtils.java:logGet(43)) - raft.server.log.segment.cache.num.max = 2 (custom)
2019-06-14 00:48:54,217 INFO  storage.RaftLogWorker (RaftLogWorker.java:<init>(123)) - new 57164648-c586-4e2a-8bcc-1bba3c117994-RaftLogWorker for Storage Directory /opt/src/hadoop-ozone/integration-test/target/test-dir/MiniOzoneClusterImpl-419e5ba5-fc85-4622-bacb-c506f7be50b4/datanode-1/data/ratis/e615bd50-3a06-44ce-bf85-55fcb9cbbca7
2019-06-14 00:48:54,217 INFO  server.RaftServerConfigKeys (ConfUtils.java:logGet(43)) - raft.server.log.queue.byte-limit = 2147483647 (custom)
2019-06-14 00:48:54,217 INFO  server.RaftServerConfigKeys (ConfUtils.java:logGet(43)) - raft.server.log.queue.element-limit = 1024 (custom)
2019-06-14 00:48:54,217 INFO  server.RaftServerConfigKeys (ConfUtils.java:logGet(43)) - raft.server.log.segment.size.max = 16384 (custom)
2019-06-14 00:48:54,217 INFO  server.RaftServerConfigKeys (ConfUtils.java:logGet(43)) - raft.server.log.preallocated.size = 16384 (custom)
2019-06-14 00:48:54,217 INFO  server.RaftServerConfigKeys (ConfUtils.java:logGet(43)) - raft.server.log.write.buffer.size = 33554432 (custom)
2019-06-14 00:48:54,217 INFO  server.RaftServerConfigKeys (ConfUtils.java:logGet(43)) - raft.server.log.force.sync.num = 128 (default)
2019-06-14 00:48:54,217 INFO  server.RaftServerConfigKeys (ConfUtils.java:logGet(43)) - raft.server.log.statemachine.data.sync = true (default)
2019-06-14 00:48:54,217 INFO  server.RaftServerConfigKeys (ConfUtils.java:logGet(43)) - raft.server.log.statemachine.data.sync.timeout = 10s (default)
2019-06-14 00:48:54,218 INFO  server.RaftServerConfigKeys (ConfUtils.java:logGet(43)) - raft.server.log.statemachine.data.sync.timeout.retry = -1 (default)
2019-06-14 00:48:54,218 INFO  server.RaftServerConfigKeys (ConfUtils.java:logGet(43)) - raft.server.log.statemachine.data.caching.enabled = true (custom)
2019-06-14 00:48:54,218 INFO  server.RaftServerConfigKeys (ConfUtils.java:logGet(43)) - raft.server.snapshot.auto.trigger.enabled = true (custom)
2019-06-14 00:48:54,218 INFO  server.RaftServerConfigKeys (ConfUtils.java:logGet(43)) - raft.server.snapshot.auto.trigger.threshold = 10000 (custom)
2019-06-14 00:48:54,218 INFO  server.RaftServerConfigKeys (ConfUtils.java:logGet(43)) - raft.server.retrycache.expirytime = 600000ms (custom)
2019-06-14 00:48:54,218 INFO  impl.RaftServerImpl (RaftServerImpl.java:start(173)) - 57164648-c586-4e2a-8bcc-1bba3c117994: start group-55FCB9CBBCA7
2019-06-14 00:48:54,218 INFO  impl.RaftServerImpl (RaftServerImpl.java:setRole(164)) - 57164648-c586-4e2a-8bcc-1bba3c117994:group-55FCB9CBBCA7 changes role from null to FOLLOWER at term 0 for startAsFollower
2019-06-14 00:48:54,218 INFO  impl.RoleInfo (RoleInfo.java:updateAndGet(143)) - 57164648-c586-4e2a-8bcc-1bba3c117994: start FollowerState
2019-06-14 00:48:54,218 INFO  util.JmxRegister (JmxRegister.java:tryRegister(44)) - Successfully registered JMX Bean with object name Ratis:service=RaftServer,group=group-55FCB9CBBCA7,id=57164648-c586-4e2a-8bcc-1bba3c117994
2019-06-14 00:48:54,219 INFO  pipeline.PipelineStateManager (PipelineStateManager.java:addPipeline(56)) - Created pipeline Pipeline[ Id: e615bd50-3a06-44ce-bf85-55fcb9cbbca7, Nodes: 57164648-c586-4e2a-8bcc-1bba3c117994{ip: 192.168.11.204, host: ozone-z78dj-180245278, networkLocation: /default-rack, certSerialId: null}, Type:RATIS, Factor:ONE, State:OPEN]
2019-06-14 00:48:54,321 INFO  node.SCMNodeManager (SCMNodeManager.java:register(234)) - Registered Data node : 1faf1e02-8f3b-458a-adaf-b103e3c4301e{ip: 192.168.11.204, host: ozone-z78dj-180245278, networkLocation: /default-rack, certSerialId: null}
2019-06-14 00:48:54,326 INFO  impl.RaftServerProxy (RaftServerProxy.java:addNew(89)) - 1faf1e02-8f3b-458a-adaf-b103e3c4301e: addNew group-027C68E75F4C:[1faf1e02-8f3b-458a-adaf-b103e3c4301e:192.168.11.204:35149] returns group-027C68E75F4C:java.util.concurrent.CompletableFuture@7b59f23a[Not completed]
2019-06-14 00:48:54,327 INFO  impl.RaftServerImpl (RaftServerImpl.java:<init>(91)) - 1faf1e02-8f3b-458a-adaf-b103e3c4301e: new RaftServerImpl for group-027C68E75F4C:[1faf1e02-8f3b-458a-adaf-b103e3c4301e:192.168.11.204:35149] with ContainerStateMachine:uninitialized
2019-06-14 00:48:54,327 INFO  server.RaftServerConfigKeys (ConfUtils.java:logGet(43)) - raft.server.rpc.timeout.min = 1s (custom)
2019-06-14 00:48:54,327 INFO  server.RaftServerConfigKeys (ConfUtils.java:logGet(43)) - raft.server.rpc.timeout.max = 1200ms (custom)
2019-06-14 00:48:54,327 INFO  server.RaftServerConfigKeys (ConfUtils.java:logGet(43)) - raft.server.rpcslowness.timeout = 120s (custom)
2019-06-14 00:48:54,327 INFO  server.RaftServerConfigKeys (ConfUtils.java:logGet(43)) - raft.server.log.appender.install.snapshot.enabled = true (default)
2019-06-14 00:48:54,327 INFO  impl.RaftServerImpl (ServerState.java:<init>(101)) - 1faf1e02-8f3b-458a-adaf-b103e3c4301e:group-027C68E75F4C ConfigurationManager, init=-1: [1faf1e02-8f3b-458a-adaf-b103e3c4301e:192.168.11.204:35149], old=null, confs=<EMPTY_MAP>
2019-06-14 00:48:54,327 INFO  server.RaftServerConfigKeys (ConfUtils.java:logGet(43)) - raft.server.storage.dir = [/opt/src/hadoop-ozone/integration-test/target/test-dir/MiniOzoneClusterImpl-419e5ba5-fc85-4622-bacb-c506f7be50b4/datanode-2/data/ratis] (custom)
2019-06-14 00:48:54,327 INFO  storage.RaftStorageDirectory (RaftStorageDirectory.java:analyzeStorage(246)) - The storage directory /opt/src/hadoop-ozone/integration-test/target/test-dir/MiniOzoneClusterImpl-419e5ba5-fc85-4622-bacb-c506f7be50b4/datanode-2/data/ratis/4c7ac1fd-c5ca-4cbd-ad7c-027c68e75f4c does not exist. Creating ...
2019-06-14 00:48:54,329 INFO  storage.RaftStorageDirectory (RaftStorageDirectory.java:tryLock(328)) - Lock on /opt/src/hadoop-ozone/integration-test/target/test-dir/MiniOzoneClusterImpl-419e5ba5-fc85-4622-bacb-c506f7be50b4/datanode-2/data/ratis/4c7ac1fd-c5ca-4cbd-ad7c-027c68e75f4c/in_use.lock acquired by nodename 14819@ozone-z78dj-180245278
2019-06-14 00:48:54,331 INFO  storage.RaftStorage (RaftStorage.java:format(75)) - Storage directory /opt/src/hadoop-ozone/integration-test/target/test-dir/MiniOzoneClusterImpl-419e5ba5-fc85-4622-bacb-c506f7be50b4/datanode-2/data/ratis/4c7ac1fd-c5ca-4cbd-ad7c-027c68e75f4c has been successfully formatted.
2019-06-14 00:48:54,331 INFO  ratis.ContainerStateMachine (ContainerStateMachine.java:loadSnapshot(199)) - The snapshot info is null.Setting the last applied index to:(t:0, i:~)
2019-06-14 00:48:54,332 INFO  server.RaftServerConfigKeys (ConfUtils.java:logGet(43)) - raft.server.leader.election.timeout = 120s (custom)
2019-06-14 00:48:54,332 INFO  server.RaftServerConfigKeys (ConfUtils.java:logGet(43)) - raft.server.log.use.memory = false (default)
2019-06-14 00:48:54,332 INFO  server.RaftServerConfigKeys (ConfUtils.java:logGet(43)) - raft.server.log.appender.buffer.byte-limit = 33554432 (custom)
2019-06-14 00:48:54,332 INFO  server.RaftServerConfigKeys (ConfUtils.java:logGet(43)) - raft.server.log.segment.size.max = 16384 (custom)
2019-06-14 00:48:54,332 INFO  server.RaftServerConfigKeys (ConfUtils.java:logGet(43)) - raft.server.log.segment.cache.num.max = 2 (custom)
2019-06-14 00:48:54,332 INFO  storage.RaftLogWorker (RaftLogWorker.java:<init>(123)) - new 1faf1e02-8f3b-458a-adaf-b103e3c4301e-RaftLogWorker for Storage Directory /opt/src/hadoop-ozone/integration-test/target/test-dir/MiniOzoneClusterImpl-419e5ba5-fc85-4622-bacb-c506f7be50b4/datanode-2/data/ratis/4c7ac1fd-c5ca-4cbd-ad7c-027c68e75f4c
2019-06-14 00:48:54,332 INFO  server.RaftServerConfigKeys (ConfUtils.java:logGet(43)) - raft.server.log.queue.byte-limit = 2147483647 (custom)
2019-06-14 00:48:54,332 INFO  server.RaftServerConfigKeys (ConfUtils.java:logGet(43)) - raft.server.log.queue.element-limit = 1024 (custom)
2019-06-14 00:48:54,332 INFO  server.RaftServerConfigKeys (ConfUtils.java:logGet(43)) - raft.server.log.segment.size.max = 16384 (custom)
2019-06-14 00:48:54,332 INFO  server.RaftServerConfigKeys (ConfUtils.java:logGet(43)) - raft.server.log.preallocated.size = 16384 (custom)
2019-06-14 00:48:54,332 INFO  server.RaftServerConfigKeys (ConfUtils.java:logGet(43)) - raft.server.log.write.buffer.size = 33554432 (custom)
2019-06-14 00:48:54,332 INFO  server.RaftServerConfigKeys (ConfUtils.java:logGet(43)) - raft.server.log.force.sync.num = 128 (default)
2019-06-14 00:48:54,332 INFO  server.RaftServerConfigKeys (ConfUtils.java:logGet(43)) - raft.server.log.statemachine.data.sync = true (default)
2019-06-14 00:48:54,332 INFO  server.RaftServerConfigKeys (ConfUtils.java:logGet(43)) - raft.server.log.statemachine.data.sync.timeout = 10s (default)
2019-06-14 00:48:54,332 INFO  server.RaftServerConfigKeys (ConfUtils.java:logGet(43)) - raft.server.log.statemachine.data.sync.timeout.retry = -1 (default)
2019-06-14 00:48:54,333 INFO  server.RaftServerConfigKeys (ConfUtils.java:logGet(43)) - raft.server.log.statemachine.data.caching.enabled = true (custom)
2019-06-14 00:48:54,333 INFO  server.RaftServerConfigKeys (ConfUtils.java:logGet(43)) - raft.server.snapshot.auto.trigger.enabled = true (custom)
2019-06-14 00:48:54,333 INFO  server.RaftServerConfigKeys (ConfUtils.java:logGet(43)) - raft.server.snapshot.auto.trigger.threshold = 10000 (custom)
2019-06-14 00:48:54,333 INFO  server.RaftServerConfigKeys (ConfUtils.java:logGet(43)) - raft.server.retrycache.expirytime = 600000ms (custom)
2019-06-14 00:48:54,333 INFO  impl.RaftServerImpl (RaftServerImpl.java:start(173)) - 1faf1e02-8f3b-458a-adaf-b103e3c4301e: start group-027C68E75F4C
2019-06-14 00:48:54,333 INFO  impl.RaftServerImpl (RaftServerImpl.java:setRole(164)) - 1faf1e02-8f3b-458a-adaf-b103e3c4301e:group-027C68E75F4C changes role from null to FOLLOWER at term 0 for startAsFollower
2019-06-14 00:48:54,333 INFO  impl.RoleInfo (RoleInfo.java:updateAndGet(143)) - 1faf1e02-8f3b-458a-adaf-b103e3c4301e: start FollowerState
2019-06-14 00:48:54,333 INFO  util.JmxRegister (JmxRegister.java:tryRegister(44)) - Successfully registered JMX Bean with object name Ratis:service=RaftServer,group=group-027C68E75F4C,id=1faf1e02-8f3b-458a-adaf-b103e3c4301e
2019-06-14 00:48:54,335 INFO  pipeline.PipelineStateManager (PipelineStateManager.java:addPipeline(56)) - Created pipeline Pipeline[ Id: 4c7ac1fd-c5ca-4cbd-ad7c-027c68e75f4c, Nodes: 1faf1e02-8f3b-458a-adaf-b103e3c4301e{ip: 192.168.11.204, host: ozone-z78dj-180245278, networkLocation: /default-rack, certSerialId: null}, Type:RATIS, Factor:ONE, State:OPEN]
2019-06-14 00:48:54,355 INFO  impl.RaftServerProxy (RaftServerProxy.java:addNew(89)) - 1faf1e02-8f3b-458a-adaf-b103e3c4301e: addNew group-DA41BEE8D1BF:[57164648-c586-4e2a-8bcc-1bba3c117994:192.168.11.204:35337, c5f2c476-202a-48a3-92aa-b5134342721a:192.168.11.204:45797, 1faf1e02-8f3b-458a-adaf-b103e3c4301e:192.168.11.204:35149] returns group-DA41BEE8D1BF:java.util.concurrent.CompletableFuture@33be913b[Not completed]
2019-06-14 00:48:54,355 INFO  impl.RaftServerProxy (RaftServerProxy.java:addNew(89)) - 57164648-c586-4e2a-8bcc-1bba3c117994: addNew group-DA41BEE8D1BF:[57164648-c586-4e2a-8bcc-1bba3c117994:192.168.11.204:35337, c5f2c476-202a-48a3-92aa-b5134342721a:192.168.11.204:45797, 1faf1e02-8f3b-458a-adaf-b103e3c4301e:192.168.11.204:35149] returns group-DA41BEE8D1BF:java.util.concurrent.CompletableFuture@25c05f3a[Not completed]
2019-06-14 00:48:54,356 INFO  impl.RaftServerImpl (RaftServerImpl.java:<init>(91)) - 1faf1e02-8f3b-458a-adaf-b103e3c4301e: new RaftServerImpl for group-DA41BEE8D1BF:[57164648-c586-4e2a-8bcc-1bba3c117994:192.168.11.204:35337, c5f2c476-202a-48a3-92aa-b5134342721a:192.168.11.204:45797, 1faf1e02-8f3b-458a-adaf-b103e3c4301e:192.168.11.204:35149] with ContainerStateMachine:uninitialized
2019-06-14 00:48:54,356 INFO  server.RaftServerConfigKeys (ConfUtils.java:logGet(43)) - raft.server.rpc.timeout.min = 1s (custom)
2019-06-14 00:48:54,356 INFO  server.RaftServerConfigKeys (ConfUtils.java:logGet(43)) - raft.server.rpc.timeout.max = 1200ms (custom)
2019-06-14 00:48:54,356 INFO  impl.RaftServerImpl (RaftServerImpl.java:<init>(91)) - 57164648-c586-4e2a-8bcc-1bba3c117994: new RaftServerImpl for group-DA41BEE8D1BF:[57164648-c586-4e2a-8bcc-1bba3c117994:192.168.11.204:35337, c5f2c476-202a-48a3-92aa-b5134342721a:192.168.11.204:45797, 1faf1e02-8f3b-458a-adaf-b103e3c4301e:192.168.11.204:35149] with ContainerStateMachine:uninitialized
2019-06-14 00:48:54,356 INFO  server.RaftServerConfigKeys (ConfUtils.java:logGet(43)) - raft.server.rpcslowness.timeout = 120s (custom)
2019-06-14 00:48:54,356 INFO  server.RaftServerConfigKeys (ConfUtils.java:logGet(43)) - raft.server.log.appender.install.snapshot.enabled = true (default)
2019-06-14 00:48:54,356 INFO  server.RaftServerConfigKeys (ConfUtils.java:logGet(43)) - raft.server.rpc.timeout.min = 1s (custom)
2019-06-14 00:48:54,356 INFO  impl.RaftServerImpl (ServerState.java:<init>(101)) - 1faf1e02-8f3b-458a-adaf-b103e3c4301e:group-DA41BEE8D1BF ConfigurationManager, init=-1: [57164648-c586-4e2a-8bcc-1bba3c117994:192.168.11.204:35337, c5f2c476-202a-48a3-92aa-b5134342721a:192.168.11.204:45797, 1faf1e02-8f3b-458a-adaf-b103e3c4301e:192.168.11.204:35149], old=null, confs=<EMPTY_MAP>
2019-06-14 00:48:54,356 INFO  impl.RaftServerProxy (RaftServerProxy.java:addNew(89)) - c5f2c476-202a-48a3-92aa-b5134342721a: addNew group-DA41BEE8D1BF:[57164648-c586-4e2a-8bcc-1bba3c117994:192.168.11.204:35337, c5f2c476-202a-48a3-92aa-b5134342721a:192.168.11.204:45797, 1faf1e02-8f3b-458a-adaf-b103e3c4301e:192.168.11.204:35149] returns group-DA41BEE8D1BF:java.util.concurrent.CompletableFuture@49a0ab64[Not completed]
2019-06-14 00:48:54,356 INFO  server.RaftServerConfigKeys (ConfUtils.java:logGet(43)) - raft.server.storage.dir = [/opt/src/hadoop-ozone/integration-test/target/test-dir/MiniOzoneClusterImpl-419e5ba5-fc85-4622-bacb-c506f7be50b4/datanode-2/data/ratis] (custom)
2019-06-14 00:48:54,356 INFO  server.RaftServerConfigKeys (ConfUtils.java:logGet(43)) - raft.server.rpc.timeout.max = 1200ms (custom)
2019-06-14 00:48:54,356 INFO  server.RaftServerConfigKeys (ConfUtils.java:logGet(43)) - raft.server.rpcslowness.timeout = 120s (custom)
2019-06-14 00:48:54,357 INFO  server.RaftServerConfigKeys (ConfUtils.java:logGet(43)) - raft.server.log.appender.install.snapshot.enabled = true (default)
2019-06-14 00:48:54,357 INFO  storage.RaftStorageDirectory (RaftStorageDirectory.java:analyzeStorage(246)) - The storage directory /opt/src/hadoop-ozone/integration-test/target/test-dir/MiniOzoneClusterImpl-419e5ba5-fc85-4622-bacb-c506f7be50b4/datanode-2/data/ratis/cb105503-3df6-47cb-b6de-da41bee8d1bf does not exist. Creating ...
2019-06-14 00:48:54,357 INFO  impl.RaftServerImpl (ServerState.java:<init>(101)) - 57164648-c586-4e2a-8bcc-1bba3c117994:group-DA41BEE8D1BF ConfigurationManager, init=-1: [57164648-c586-4e2a-8bcc-1bba3c117994:192.168.11.204:35337, c5f2c476-202a-48a3-92aa-b5134342721a:192.168.11.204:45797, 1faf1e02-8f3b-458a-adaf-b103e3c4301e:192.168.11.204:35149], old=null, confs=<EMPTY_MAP>
2019-06-14 00:48:54,357 INFO  server.RaftServerConfigKeys (ConfUtils.java:logGet(43)) - raft.server.storage.dir = [/opt/src/hadoop-ozone/integration-test/target/test-dir/MiniOzoneClusterImpl-419e5ba5-fc85-4622-bacb-c506f7be50b4/datanode-1/data/ratis] (custom)
2019-06-14 00:48:54,357 INFO  storage.RaftStorageDirectory (RaftStorageDirectory.java:analyzeStorage(246)) - The storage directory /opt/src/hadoop-ozone/integration-test/target/test-dir/MiniOzoneClusterImpl-419e5ba5-fc85-4622-bacb-c506f7be50b4/datanode-1/data/ratis/cb105503-3df6-47cb-b6de-da41bee8d1bf does not exist. Creating ...
2019-06-14 00:48:54,359 INFO  impl.RaftServerImpl (RaftServerImpl.java:<init>(91)) - c5f2c476-202a-48a3-92aa-b5134342721a: new RaftServerImpl for group-DA41BEE8D1BF:[57164648-c586-4e2a-8bcc-1bba3c117994:192.168.11.204:35337, c5f2c476-202a-48a3-92aa-b5134342721a:192.168.11.204:45797, 1faf1e02-8f3b-458a-adaf-b103e3c4301e:192.168.11.204:35149] with ContainerStateMachine:uninitialized
2019-06-14 00:48:54,359 INFO  storage.RaftStorageDirectory (RaftStorageDirectory.java:tryLock(328)) - Lock on /opt/src/hadoop-ozone/integration-test/target/test-dir/MiniOzoneClusterImpl-419e5ba5-fc85-4622-bacb-c506f7be50b4/datanode-2/data/ratis/cb105503-3df6-47cb-b6de-da41bee8d1bf/in_use.lock acquired by nodename 14819@ozone-z78dj-180245278
2019-06-14 00:48:54,359 INFO  storage.RaftStorageDirectory (RaftStorageDirectory.java:tryLock(328)) - Lock on /opt/src/hadoop-ozone/integration-test/target/test-dir/MiniOzoneClusterImpl-419e5ba5-fc85-4622-bacb-c506f7be50b4/datanode-1/data/ratis/cb105503-3df6-47cb-b6de-da41bee8d1bf/in_use.lock acquired by nodename 14819@ozone-z78dj-180245278
2019-06-14 00:48:54,359 INFO  server.RaftServerConfigKeys (ConfUtils.java:logGet(43)) - raft.server.rpc.timeout.min = 1s (custom)
2019-06-14 00:48:54,359 INFO  server.RaftServerConfigKeys (ConfUtils.java:logGet(43)) - raft.server.rpc.timeout.max = 1200ms (custom)
2019-06-14 00:48:54,359 INFO  server.RaftServerConfigKeys (ConfUtils.java:logGet(43)) - raft.server.rpcslowness.timeout = 120s (custom)
2019-06-14 00:48:54,360 INFO  server.RaftServerConfigKeys (ConfUtils.java:logGet(43)) - raft.server.log.appender.install.snapshot.enabled = true (default)
2019-06-14 00:48:54,360 INFO  impl.RaftServerImpl (ServerState.java:<init>(101)) - c5f2c476-202a-48a3-92aa-b5134342721a:group-DA41BEE8D1BF ConfigurationManager, init=-1: [57164648-c586-4e2a-8bcc-1bba3c117994:192.168.11.204:35337, c5f2c476-202a-48a3-92aa-b5134342721a:192.168.11.204:45797, 1faf1e02-8f3b-458a-adaf-b103e3c4301e:192.168.11.204:35149], old=null, confs=<EMPTY_MAP>
2019-06-14 00:48:54,360 INFO  server.RaftServerConfigKeys (ConfUtils.java:logGet(43)) - raft.server.storage.dir = [/opt/src/hadoop-ozone/integration-test/target/test-dir/MiniOzoneClusterImpl-419e5ba5-fc85-4622-bacb-c506f7be50b4/datanode-0/data/ratis] (custom)
2019-06-14 00:48:54,360 INFO  storage.RaftStorageDirectory (RaftStorageDirectory.java:analyzeStorage(246)) - The storage directory /opt/src/hadoop-ozone/integration-test/target/test-dir/MiniOzoneClusterImpl-419e5ba5-fc85-4622-bacb-c506f7be50b4/datanode-0/data/ratis/cb105503-3df6-47cb-b6de-da41bee8d1bf does not exist. Creating ...
2019-06-14 00:48:54,361 INFO  storage.RaftStorage (RaftStorage.java:format(75)) - Storage directory /opt/src/hadoop-ozone/integration-test/target/test-dir/MiniOzoneClusterImpl-419e5ba5-fc85-4622-bacb-c506f7be50b4/datanode-1/data/ratis/cb105503-3df6-47cb-b6de-da41bee8d1bf has been successfully formatted.
2019-06-14 00:48:54,361 INFO  storage.RaftStorage (RaftStorage.java:format(75)) - Storage directory /opt/src/hadoop-ozone/integration-test/target/test-dir/MiniOzoneClusterImpl-419e5ba5-fc85-4622-bacb-c506f7be50b4/datanode-2/data/ratis/cb105503-3df6-47cb-b6de-da41bee8d1bf has been successfully formatted.
2019-06-14 00:48:54,361 INFO  ratis.ContainerStateMachine (ContainerStateMachine.java:loadSnapshot(199)) - The snapshot info is null.Setting the last applied index to:(t:0, i:~)
2019-06-14 00:48:54,361 INFO  ratis.ContainerStateMachine (ContainerStateMachine.java:loadSnapshot(199)) - The snapshot info is null.Setting the last applied index to:(t:0, i:~)
2019-06-14 00:48:54,361 INFO  server.RaftServerConfigKeys (ConfUtils.java:logGet(43)) - raft.server.leader.election.timeout = 120s (custom)
2019-06-14 00:48:54,361 INFO  server.RaftServerConfigKeys (ConfUtils.java:logGet(43)) - raft.server.leader.election.timeout = 120s (custom)
2019-06-14 00:48:54,361 INFO  server.RaftServerConfigKeys (ConfUtils.java:logGet(43)) - raft.server.log.use.memory = false (default)
2019-06-14 00:48:54,361 INFO  server.RaftServerConfigKeys (ConfUtils.java:logGet(43)) - raft.server.log.use.memory = false (default)
2019-06-14 00:48:54,361 INFO  server.RaftServerConfigKeys (ConfUtils.java:logGet(43)) - raft.server.log.appender.buffer.byte-limit = 33554432 (custom)
2019-06-14 00:48:54,361 INFO  server.RaftServerConfigKeys (ConfUtils.java:logGet(43)) - raft.server.log.appender.buffer.byte-limit = 33554432 (custom)
2019-06-14 00:48:54,362 INFO  server.RaftServerConfigKeys (ConfUtils.java:logGet(43)) - raft.server.log.segment.size.max = 16384 (custom)
2019-06-14 00:48:54,362 INFO  server.RaftServerConfigKeys (ConfUtils.java:logGet(43)) - raft.server.log.segment.size.max = 16384 (custom)
2019-06-14 00:48:54,362 INFO  server.RaftServerConfigKeys (ConfUtils.java:logGet(43)) - raft.server.log.segment.cache.num.max = 2 (custom)
2019-06-14 00:48:54,362 INFO  storage.RaftStorageDirectory (RaftStorageDirectory.java:tryLock(328)) - Lock on /opt/src/hadoop-ozone/integration-test/target/test-dir/MiniOzoneClusterImpl-419e5ba5-fc85-4622-bacb-c506f7be50b4/datanode-0/data/ratis/cb105503-3df6-47cb-b6de-da41bee8d1bf/in_use.lock acquired by nodename 14819@ozone-z78dj-180245278
2019-06-14 00:48:54,362 INFO  server.RaftServerConfigKeys (ConfUtils.java:logGet(43)) - raft.server.log.segment.cache.num.max = 2 (custom)
2019-06-14 00:48:54,362 INFO  storage.RaftLogWorker (RaftLogWorker.java:<init>(123)) - new 1faf1e02-8f3b-458a-adaf-b103e3c4301e-RaftLogWorker for Storage Directory /opt/src/hadoop-ozone/integration-test/target/test-dir/MiniOzoneClusterImpl-419e5ba5-fc85-4622-bacb-c506f7be50b4/datanode-2/data/ratis/cb105503-3df6-47cb-b6de-da41bee8d1bf
2019-06-14 00:48:54,362 INFO  server.RaftServerConfigKeys (ConfUtils.java:logGet(43)) - raft.server.log.queue.byte-limit = 2147483647 (custom)
2019-06-14 00:48:54,362 INFO  server.RaftServerConfigKeys (ConfUtils.java:logGet(43)) - raft.server.log.queue.element-limit = 1024 (custom)
2019-06-14 00:48:54,362 INFO  server.RaftServerConfigKeys (ConfUtils.java:logGet(43)) - raft.server.log.segment.size.max = 16384 (custom)
2019-06-14 00:48:54,363 INFO  server.RaftServerConfigKeys (ConfUtils.java:logGet(43)) - raft.server.log.preallocated.size = 16384 (custom)
2019-06-14 00:48:54,363 INFO  server.RaftServerConfigKeys (ConfUtils.java:logGet(43)) - raft.server.log.write.buffer.size = 33554432 (custom)
2019-06-14 00:48:54,363 INFO  server.RaftServerConfigKeys (ConfUtils.java:logGet(43)) - raft.server.log.force.sync.num = 128 (default)
2019-06-14 00:48:54,363 INFO  server.RaftServerConfigKeys (ConfUtils.java:logGet(43)) - raft.server.log.statemachine.data.sync = true (default)
2019-06-14 00:48:54,363 INFO  server.RaftServerConfigKeys (ConfUtils.java:logGet(43)) - raft.server.log.statemachine.data.sync.timeout = 10s (default)
2019-06-14 00:48:54,363 INFO  server.RaftServerConfigKeys (ConfUtils.java:logGet(43)) - raft.server.log.statemachine.data.sync.timeout.retry = -1 (default)
2019-06-14 00:48:54,363 INFO  server.RaftServerConfigKeys (ConfUtils.java:logGet(43)) - raft.server.log.statemachine.data.caching.enabled = true (custom)
2019-06-14 00:48:54,362 INFO  storage.RaftLogWorker (RaftLogWorker.java:<init>(123)) - new 57164648-c586-4e2a-8bcc-1bba3c117994-RaftLogWorker for Storage Directory /opt/src/hadoop-ozone/integration-test/target/test-dir/MiniOzoneClusterImpl-419e5ba5-fc85-4622-bacb-c506f7be50b4/datanode-1/data/ratis/cb105503-3df6-47cb-b6de-da41bee8d1bf
2019-06-14 00:48:54,363 INFO  server.RaftServerConfigKeys (ConfUtils.java:logGet(43)) - raft.server.log.queue.byte-limit = 2147483647 (custom)
2019-06-14 00:48:54,364 INFO  server.RaftServerConfigKeys (ConfUtils.java:logGet(43)) - raft.server.log.queue.element-limit = 1024 (custom)
2019-06-14 00:48:54,364 INFO  server.RaftServerConfigKeys (ConfUtils.java:logGet(43)) - raft.server.log.segment.size.max = 16384 (custom)
2019-06-14 00:48:54,364 INFO  server.RaftServerConfigKeys (ConfUtils.java:logGet(43)) - raft.server.log.preallocated.size = 16384 (custom)
2019-06-14 00:48:54,364 INFO  server.RaftServerConfigKeys (ConfUtils.java:logGet(43)) - raft.server.log.write.buffer.size = 33554432 (custom)
2019-06-14 00:48:54,364 INFO  server.RaftServerConfigKeys (ConfUtils.java:logGet(43)) - raft.server.log.force.sync.num = 128 (default)
2019-06-14 00:48:54,364 INFO  server.RaftServerConfigKeys (ConfUtils.java:logGet(43)) - raft.server.log.statemachine.data.sync = true (default)
2019-06-14 00:48:54,363 INFO  server.RaftServerConfigKeys (ConfUtils.java:logGet(43)) - raft.server.snapshot.auto.trigger.enabled = true (custom)
2019-06-14 00:48:54,364 INFO  server.RaftServerConfigKeys (ConfUtils.java:logGet(43)) - raft.server.log.statemachine.data.sync.timeout = 10s (default)
2019-06-14 00:48:54,364 INFO  storage.RaftStorage (RaftStorage.java:format(75)) - Storage directory /opt/src/hadoop-ozone/integration-test/target/test-dir/MiniOzoneClusterImpl-419e5ba5-fc85-4622-bacb-c506f7be50b4/datanode-0/data/ratis/cb105503-3df6-47cb-b6de-da41bee8d1bf has been successfully formatted.
2019-06-14 00:48:54,364 INFO  server.RaftServerConfigKeys (ConfUtils.java:logGet(43)) - raft.server.log.statemachine.data.sync.timeout.retry = -1 (default)
2019-06-14 00:48:54,364 INFO  server.RaftServerConfigKeys (ConfUtils.java:logGet(43)) - raft.server.snapshot.auto.trigger.threshold = 10000 (custom)
2019-06-14 00:48:54,364 INFO  server.RaftServerConfigKeys (ConfUtils.java:logGet(43)) - raft.server.log.statemachine.data.caching.enabled = true (custom)
2019-06-14 00:48:54,364 INFO  ratis.ContainerStateMachine (ContainerStateMachine.java:loadSnapshot(199)) - The snapshot info is null.Setting the last applied index to:(t:0, i:~)
2019-06-14 00:48:54,365 INFO  server.RaftServerConfigKeys (ConfUtils.java:logGet(43)) - raft.server.leader.election.timeout = 120s (custom)
2019-06-14 00:48:54,365 INFO  server.RaftServerConfigKeys (ConfUtils.java:logGet(43)) - raft.server.log.use.memory = false (default)
2019-06-14 00:48:54,365 INFO  server.RaftServerConfigKeys (ConfUtils.java:logGet(43)) - raft.server.log.appender.buffer.byte-limit = 33554432 (custom)
2019-06-14 00:48:54,365 INFO  server.RaftServerConfigKeys (ConfUtils.java:logGet(43)) - raft.server.log.segment.size.max = 16384 (custom)
2019-06-14 00:48:54,365 INFO  server.RaftServerConfigKeys (ConfUtils.java:logGet(43)) - raft.server.log.segment.cache.num.max = 2 (custom)
2019-06-14 00:48:54,365 INFO  storage.RaftLogWorker (RaftLogWorker.java:<init>(123)) - new c5f2c476-202a-48a3-92aa-b5134342721a-RaftLogWorker for Storage Directory /opt/src/hadoop-ozone/integration-test/target/test-dir/MiniOzoneClusterImpl-419e5ba5-fc85-4622-bacb-c506f7be50b4/datanode-0/data/ratis/cb105503-3df6-47cb-b6de-da41bee8d1bf
2019-06-14 00:48:54,365 INFO  server.RaftServerConfigKeys (ConfUtils.java:logGet(43)) - raft.server.log.queue.byte-limit = 2147483647 (custom)
2019-06-14 00:48:54,365 INFO  server.RaftServerConfigKeys (ConfUtils.java:logGet(43)) - raft.server.log.queue.element-limit = 1024 (custom)
2019-06-14 00:48:54,365 INFO  server.RaftServerConfigKeys (ConfUtils.java:logGet(43)) - raft.server.log.segment.size.max = 16384 (custom)
2019-06-14 00:48:54,365 INFO  server.RaftServerConfigKeys (ConfUtils.java:logGet(43)) - raft.server.log.preallocated.size = 16384 (custom)
2019-06-14 00:48:54,365 INFO  server.RaftServerConfigKeys (ConfUtils.java:logGet(43)) - raft.server.log.write.buffer.size = 33554432 (custom)
2019-06-14 00:48:54,365 INFO  server.RaftServerConfigKeys (ConfUtils.java:logGet(43)) - raft.server.log.force.sync.num = 128 (default)
2019-06-14 00:48:54,365 INFO  server.RaftServerConfigKeys (ConfUtils.java:logGet(43)) - raft.server.log.statemachine.data.sync = true (default)
2019-06-14 00:48:54,365 INFO  server.RaftServerConfigKeys (ConfUtils.java:logGet(43)) - raft.server.log.statemachine.data.sync.timeout = 10s (default)
2019-06-14 00:48:54,365 INFO  server.RaftServerConfigKeys (ConfUtils.java:logGet(43)) - raft.server.log.statemachine.data.sync.timeout.retry = -1 (default)
2019-06-14 00:48:54,365 INFO  server.RaftServerConfigKeys (ConfUtils.java:logGet(43)) - raft.server.log.statemachine.data.caching.enabled = true (custom)
2019-06-14 00:48:54,364 INFO  server.RaftServerConfigKeys (ConfUtils.java:logGet(43)) - raft.server.retrycache.expirytime = 600000ms (custom)
2019-06-14 00:48:54,366 INFO  server.RaftServerConfigKeys (ConfUtils.java:logGet(43)) - raft.server.snapshot.auto.trigger.enabled = true (custom)
2019-06-14 00:48:54,365 INFO  server.RaftServerConfigKeys (ConfUtils.java:logGet(43)) - raft.server.snapshot.auto.trigger.enabled = true (custom)
2019-06-14 00:48:54,366 INFO  server.RaftServerConfigKeys (ConfUtils.java:logGet(43)) - raft.server.snapshot.auto.trigger.threshold = 10000 (custom)
2019-06-14 00:48:54,366 INFO  impl.RaftServerImpl (RaftServerImpl.java:start(173)) - 1faf1e02-8f3b-458a-adaf-b103e3c4301e: start group-DA41BEE8D1BF
2019-06-14 00:48:54,366 INFO  server.RaftServerConfigKeys (ConfUtils.java:logGet(43)) - raft.server.retrycache.expirytime = 600000ms (custom)
2019-06-14 00:48:54,366 INFO  server.RaftServerConfigKeys (ConfUtils.java:logGet(43)) - raft.server.snapshot.auto.trigger.threshold = 10000 (custom)
2019-06-14 00:48:54,366 INFO  impl.RaftServerImpl (RaftServerImpl.java:start(173)) - c5f2c476-202a-48a3-92aa-b5134342721a: start group-DA41BEE8D1BF
2019-06-14 00:48:54,366 INFO  impl.RaftServerImpl (RaftServerImpl.java:setRole(164)) - 1faf1e02-8f3b-458a-adaf-b103e3c4301e:group-DA41BEE8D1BF changes role from null to FOLLOWER at term 0 for startAsFollower
2019-06-14 00:48:54,366 INFO  impl.RaftServerImpl (RaftServerImpl.java:setRole(164)) - c5f2c476-202a-48a3-92aa-b5134342721a:group-DA41BEE8D1BF changes role from null to FOLLOWER at term 0 for startAsFollower
2019-06-14 00:48:54,366 INFO  server.RaftServerConfigKeys (ConfUtils.java:logGet(43)) - raft.server.retrycache.expirytime = 600000ms (custom)
2019-06-14 00:48:54,366 INFO  impl.RoleInfo (RoleInfo.java:updateAndGet(143)) - c5f2c476-202a-48a3-92aa-b5134342721a: start FollowerState
2019-06-14 00:48:54,366 INFO  impl.RoleInfo (RoleInfo.java:updateAndGet(143)) - 1faf1e02-8f3b-458a-adaf-b103e3c4301e: start FollowerState
2019-06-14 00:48:54,366 INFO  impl.RaftServerImpl (RaftServerImpl.java:start(173)) - 57164648-c586-4e2a-8bcc-1bba3c117994: start group-DA41BEE8D1BF
2019-06-14 00:48:54,367 INFO  impl.RaftServerImpl (RaftServerImpl.java:setRole(164)) - 57164648-c586-4e2a-8bcc-1bba3c117994:group-DA41BEE8D1BF changes role from null to FOLLOWER at term 0 for startAsFollower
2019-06-14 00:48:54,367 INFO  util.JmxRegister (JmxRegister.java:tryRegister(44)) - Successfully registered JMX Bean with object name Ratis:service=RaftServer,group=group-DA41BEE8D1BF,id=c5f2c476-202a-48a3-92aa-b5134342721a
2019-06-14 00:48:54,367 INFO  util.JmxRegister (JmxRegister.java:tryRegister(44)) - Successfully registered JMX Bean with object name Ratis:service=RaftServer,group=group-DA41BEE8D1BF,id=1faf1e02-8f3b-458a-adaf-b103e3c4301e
2019-06-14 00:48:54,367 INFO  impl.RoleInfo (RoleInfo.java:updateAndGet(143)) - 57164648-c586-4e2a-8bcc-1bba3c117994: start FollowerState
2019-06-14 00:48:54,371 INFO  util.JmxRegister (JmxRegister.java:tryRegister(44)) - Successfully registered JMX Bean with object name Ratis:service=RaftServer,group=group-DA41BEE8D1BF,id=57164648-c586-4e2a-8bcc-1bba3c117994
2019-06-14 00:48:54,373 INFO  pipeline.PipelineStateManager (PipelineStateManager.java:addPipeline(56)) - Created pipeline Pipeline[ Id: cb105503-3df6-47cb-b6de-da41bee8d1bf, Nodes: 57164648-c586-4e2a-8bcc-1bba3c117994{ip: 192.168.11.204, host: ozone-z78dj-180245278, networkLocation: /default-rack, certSerialId: null}1faf1e02-8f3b-458a-adaf-b103e3c4301e{ip: 192.168.11.204, host: ozone-z78dj-180245278, networkLocation: /default-rack, certSerialId: null}c5f2c476-202a-48a3-92aa-b5134342721a{ip: 192.168.11.204, host: ozone-z78dj-180245278, networkLocation: /default-rack, certSerialId: null}, Type:RATIS, Factor:THREE, State:OPEN]
2019-06-14 00:48:54,471 INFO  node.SCMNodeManager (SCMNodeManager.java:register(234)) - Registered Data node : 424f01c0-b114-415e-b493-f069231efd67{ip: 192.168.11.204, host: ozone-z78dj-180245278, networkLocation: /default-rack, certSerialId: null}
2019-06-14 00:48:54,476 INFO  impl.RaftServerProxy (RaftServerProxy.java:addNew(89)) - 424f01c0-b114-415e-b493-f069231efd67: addNew group-1E963F571B7A:[424f01c0-b114-415e-b493-f069231efd67:192.168.11.204:40521] returns group-1E963F571B7A:java.util.concurrent.CompletableFuture@3835b7f5[Not completed]
2019-06-14 00:48:54,476 INFO  impl.RaftServerImpl (RaftServerImpl.java:<init>(91)) - 424f01c0-b114-415e-b493-f069231efd67: new RaftServerImpl for group-1E963F571B7A:[424f01c0-b114-415e-b493-f069231efd67:192.168.11.204:40521] with ContainerStateMachine:uninitialized
2019-06-14 00:48:54,476 INFO  server.RaftServerConfigKeys (ConfUtils.java:logGet(43)) - raft.server.rpc.timeout.min = 1s (custom)
2019-06-14 00:48:54,476 INFO  server.RaftServerConfigKeys (ConfUtils.java:logGet(43)) - raft.server.rpc.timeout.max = 1200ms (custom)
2019-06-14 00:48:54,476 INFO  server.RaftServerConfigKeys (ConfUtils.java:logGet(43)) - raft.server.rpcslowness.timeout = 120s (custom)
2019-06-14 00:48:54,477 INFO  server.RaftServerConfigKeys (ConfUtils.java:logGet(43)) - raft.server.log.appender.install.snapshot.enabled = true (default)
2019-06-14 00:48:54,477 INFO  impl.RaftServerImpl (ServerState.java:<init>(101)) - 424f01c0-b114-415e-b493-f069231efd67:group-1E963F571B7A ConfigurationManager, init=-1: [424f01c0-b114-415e-b493-f069231efd67:192.168.11.204:40521], old=null, confs=<EMPTY_MAP>
2019-06-14 00:48:54,477 INFO  server.RaftServerConfigKeys (ConfUtils.java:logGet(43)) - raft.server.storage.dir = [/opt/src/hadoop-ozone/integration-test/target/test-dir/MiniOzoneClusterImpl-419e5ba5-fc85-4622-bacb-c506f7be50b4/datanode-3/data/ratis] (custom)
2019-06-14 00:48:54,477 INFO  storage.RaftStorageDirectory (RaftStorageDirectory.java:analyzeStorage(246)) - The storage directory /opt/src/hadoop-ozone/integration-test/target/test-dir/MiniOzoneClusterImpl-419e5ba5-fc85-4622-bacb-c506f7be50b4/datanode-3/data/ratis/2da9f582-7c50-4af4-87e5-1e963f571b7a does not exist. Creating ...
2019-06-14 00:48:54,479 INFO  storage.RaftStorageDirectory (RaftStorageDirectory.java:tryLock(328)) - Lock on /opt/src/hadoop-ozone/integration-test/target/test-dir/MiniOzoneClusterImpl-419e5ba5-fc85-4622-bacb-c506f7be50b4/datanode-3/data/ratis/2da9f582-7c50-4af4-87e5-1e963f571b7a/in_use.lock acquired by nodename 14819@ozone-z78dj-180245278
2019-06-14 00:48:54,481 INFO  storage.RaftStorage (RaftStorage.java:format(75)) - Storage directory /opt/src/hadoop-ozone/integration-test/target/test-dir/MiniOzoneClusterImpl-419e5ba5-fc85-4622-bacb-c506f7be50b4/datanode-3/data/ratis/2da9f582-7c50-4af4-87e5-1e963f571b7a has been successfully formatted.
2019-06-14 00:48:54,481 INFO  ratis.ContainerStateMachine (ContainerStateMachine.java:loadSnapshot(199)) - The snapshot info is null.Setting the last applied index to:(t:0, i:~)
2019-06-14 00:48:54,481 INFO  server.RaftServerConfigKeys (ConfUtils.java:logGet(43)) - raft.server.leader.election.timeout = 120s (custom)
2019-06-14 00:48:54,481 INFO  server.RaftServerConfigKeys (ConfUtils.java:logGet(43)) - raft.server.log.use.memory = false (default)
2019-06-14 00:48:54,481 INFO  server.RaftServerConfigKeys (ConfUtils.java:logGet(43)) - raft.server.log.appender.buffer.byte-limit = 33554432 (custom)
2019-06-14 00:48:54,481 INFO  server.RaftServerConfigKeys (ConfUtils.java:logGet(43)) - raft.server.log.segment.size.max = 16384 (custom)
2019-06-14 00:48:54,481 INFO  server.RaftServerConfigKeys (ConfUtils.java:logGet(43)) - raft.server.log.segment.cache.num.max = 2 (custom)
2019-06-14 00:48:54,481 INFO  storage.RaftLogWorker (RaftLogWorker.java:<init>(123)) - new 424f01c0-b114-415e-b493-f069231efd67-RaftLogWorker for Storage Directory /opt/src/hadoop-ozone/integration-test/target/test-dir/MiniOzoneClusterImpl-419e5ba5-fc85-4622-bacb-c506f7be50b4/datanode-3/data/ratis/2da9f582-7c50-4af4-87e5-1e963f571b7a
2019-06-14 00:48:54,481 INFO  server.RaftServerConfigKeys (ConfUtils.java:logGet(43)) - raft.server.log.queue.byte-limit = 2147483647 (custom)
2019-06-14 00:48:54,481 INFO  server.RaftServerConfigKeys (ConfUtils.java:logGet(43)) - raft.server.log.queue.element-limit = 1024 (custom)
2019-06-14 00:48:54,481 INFO  server.RaftServerConfigKeys (ConfUtils.java:logGet(43)) - raft.server.log.segment.size.max = 16384 (custom)
2019-06-14 00:48:54,481 INFO  server.RaftServerConfigKeys (ConfUtils.java:logGet(43)) - raft.server.log.preallocated.size = 16384 (custom)
2019-06-14 00:48:54,481 INFO  server.RaftServerConfigKeys (ConfUtils.java:logGet(43)) - raft.server.log.write.buffer.size = 33554432 (custom)
2019-06-14 00:48:54,481 INFO  server.RaftServerConfigKeys (ConfUtils.java:logGet(43)) - raft.server.log.force.sync.num = 128 (default)
2019-06-14 00:48:54,482 INFO  server.RaftServerConfigKeys (ConfUtils.java:logGet(43)) - raft.server.log.statemachine.data.sync = true (default)
2019-06-14 00:48:54,482 INFO  server.RaftServerConfigKeys (ConfUtils.java:logGet(43)) - raft.server.log.statemachine.data.sync.timeout = 10s (default)
2019-06-14 00:48:54,482 INFO  server.RaftServerConfigKeys (ConfUtils.java:logGet(43)) - raft.server.log.statemachine.data.sync.timeout.retry = -1 (default)
2019-06-14 00:48:54,482 INFO  server.RaftServerConfigKeys (ConfUtils.java:logGet(43)) - raft.server.log.statemachine.data.caching.enabled = true (custom)
2019-06-14 00:48:54,482 INFO  server.RaftServerConfigKeys (ConfUtils.java:logGet(43)) - raft.server.snapshot.auto.trigger.enabled = true (custom)
2019-06-14 00:48:54,482 INFO  server.RaftServerConfigKeys (ConfUtils.java:logGet(43)) - raft.server.snapshot.auto.trigger.threshold = 10000 (custom)
2019-06-14 00:48:54,482 INFO  server.RaftServerConfigKeys (ConfUtils.java:logGet(43)) - raft.server.retrycache.expirytime = 600000ms (custom)
2019-06-14 00:48:54,482 INFO  impl.RaftServerImpl (RaftServerImpl.java:start(173)) - 424f01c0-b114-415e-b493-f069231efd67: start group-1E963F571B7A
2019-06-14 00:48:54,482 INFO  impl.RaftServerImpl (RaftServerImpl.java:setRole(164)) - 424f01c0-b114-415e-b493-f069231efd67:group-1E963F571B7A changes role from null to FOLLOWER at term 0 for startAsFollower
2019-06-14 00:48:54,482 INFO  impl.RoleInfo (RoleInfo.java:updateAndGet(143)) - 424f01c0-b114-415e-b493-f069231efd67: start FollowerState
2019-06-14 00:48:54,482 INFO  util.JmxRegister (JmxRegister.java:tryRegister(44)) - Successfully registered JMX Bean with object name Ratis:service=RaftServer,group=group-1E963F571B7A,id=424f01c0-b114-415e-b493-f069231efd67
2019-06-14 00:48:54,483 INFO  pipeline.PipelineStateManager (PipelineStateManager.java:addPipeline(56)) - Created pipeline Pipeline[ Id: 2da9f582-7c50-4af4-87e5-1e963f571b7a, Nodes: 424f01c0-b114-415e-b493-f069231efd67{ip: 192.168.11.204, host: ozone-z78dj-180245278, networkLocation: /default-rack, certSerialId: null}, Type:RATIS, Factor:ONE, State:OPEN]
2019-06-14 00:48:54,588 INFO  node.SCMNodeManager (SCMNodeManager.java:register(234)) - Registered Data node : bb7f80c3-5969-448a-b675-8b666b9345ca{ip: 192.168.11.204, host: ozone-z78dj-180245278, networkLocation: /default-rack, certSerialId: null}
2019-06-14 00:48:54,594 INFO  impl.RaftServerProxy (RaftServerProxy.java:addNew(89)) - bb7f80c3-5969-448a-b675-8b666b9345ca: addNew group-01210F7BA3FF:[bb7f80c3-5969-448a-b675-8b666b9345ca:192.168.11.204:36753] returns group-01210F7BA3FF:java.util.concurrent.CompletableFuture@7e5805f9[Not completed]
2019-06-14 00:48:54,595 INFO  impl.RaftServerImpl (RaftServerImpl.java:<init>(91)) - bb7f80c3-5969-448a-b675-8b666b9345ca: new RaftServerImpl for group-01210F7BA3FF:[bb7f80c3-5969-448a-b675-8b666b9345ca:192.168.11.204:36753] with ContainerStateMachine:uninitialized
2019-06-14 00:48:54,595 INFO  server.RaftServerConfigKeys (ConfUtils.java:logGet(43)) - raft.server.rpc.timeout.min = 1s (custom)
2019-06-14 00:48:54,595 INFO  server.RaftServerConfigKeys (ConfUtils.java:logGet(43)) - raft.server.rpc.timeout.max = 1200ms (custom)
2019-06-14 00:48:54,595 INFO  server.RaftServerConfigKeys (ConfUtils.java:logGet(43)) - raft.server.rpcslowness.timeout = 120s (custom)
2019-06-14 00:48:54,595 INFO  server.RaftServerConfigKeys (ConfUtils.java:logGet(43)) - raft.server.log.appender.install.snapshot.enabled = true (default)
2019-06-14 00:48:54,595 INFO  impl.RaftServerImpl (ServerState.java:<init>(101)) - bb7f80c3-5969-448a-b675-8b666b9345ca:group-01210F7BA3FF ConfigurationManager, init=-1: [bb7f80c3-5969-448a-b675-8b666b9345ca:192.168.11.204:36753], old=null, confs=<EMPTY_MAP>
2019-06-14 00:48:54,595 INFO  server.RaftServerConfigKeys (ConfUtils.java:logGet(43)) - raft.server.storage.dir = [/opt/src/hadoop-ozone/integration-test/target/test-dir/MiniOzoneClusterImpl-419e5ba5-fc85-4622-bacb-c506f7be50b4/datanode-4/data/ratis] (custom)
2019-06-14 00:48:54,595 INFO  storage.RaftStorageDirectory (RaftStorageDirectory.java:analyzeStorage(246)) - The storage directory /opt/src/hadoop-ozone/integration-test/target/test-dir/MiniOzoneClusterImpl-419e5ba5-fc85-4622-bacb-c506f7be50b4/datanode-4/data/ratis/09350e68-b583-4e58-9dd2-01210f7ba3ff does not exist. Creating ...
2019-06-14 00:48:54,597 INFO  storage.RaftStorageDirectory (RaftStorageDirectory.java:tryLock(328)) - Lock on /opt/src/hadoop-ozone/integration-test/target/test-dir/MiniOzoneClusterImpl-419e5ba5-fc85-4622-bacb-c506f7be50b4/datanode-4/data/ratis/09350e68-b583-4e58-9dd2-01210f7ba3ff/in_use.lock acquired by nodename 14819@ozone-z78dj-180245278
2019-06-14 00:48:54,599 INFO  storage.RaftStorage (RaftStorage.java:format(75)) - Storage directory /opt/src/hadoop-ozone/integration-test/target/test-dir/MiniOzoneClusterImpl-419e5ba5-fc85-4622-bacb-c506f7be50b4/datanode-4/data/ratis/09350e68-b583-4e58-9dd2-01210f7ba3ff has been successfully formatted.
2019-06-14 00:48:54,599 INFO  ratis.ContainerStateMachine (ContainerStateMachine.java:loadSnapshot(199)) - The snapshot info is null.Setting the last applied index to:(t:0, i:~)
2019-06-14 00:48:54,599 INFO  server.RaftServerConfigKeys (ConfUtils.java:logGet(43)) - raft.server.leader.election.timeout = 120s (custom)
2019-06-14 00:48:54,599 INFO  server.RaftServerConfigKeys (ConfUtils.java:logGet(43)) - raft.server.log.use.memory = false (default)
2019-06-14 00:48:54,599 INFO  server.RaftServerConfigKeys (ConfUtils.java:logGet(43)) - raft.server.log.appender.buffer.byte-limit = 33554432 (custom)
2019-06-14 00:48:54,599 INFO  server.RaftServerConfigKeys (ConfUtils.java:logGet(43)) - raft.server.log.segment.size.max = 16384 (custom)
2019-06-14 00:48:54,600 INFO  server.RaftServerConfigKeys (ConfUtils.java:logGet(43)) - raft.server.log.segment.cache.num.max = 2 (custom)
2019-06-14 00:48:54,600 INFO  storage.RaftLogWorker (RaftLogWorker.java:<init>(123)) - new bb7f80c3-5969-448a-b675-8b666b9345ca-RaftLogWorker for Storage Directory /opt/src/hadoop-ozone/integration-test/target/test-dir/MiniOzoneClusterImpl-419e5ba5-fc85-4622-bacb-c506f7be50b4/datanode-4/data/ratis/09350e68-b583-4e58-9dd2-01210f7ba3ff
2019-06-14 00:48:54,600 INFO  server.RaftServerConfigKeys (ConfUtils.java:logGet(43)) - raft.server.log.queue.byte-limit = 2147483647 (custom)
2019-06-14 00:48:54,600 INFO  server.RaftServerConfigKeys (ConfUtils.java:logGet(43)) - raft.server.log.queue.element-limit = 1024 (custom)
2019-06-14 00:48:54,600 INFO  server.RaftServerConfigKeys (ConfUtils.java:logGet(43)) - raft.server.log.segment.size.max = 16384 (custom)
2019-06-14 00:48:54,600 INFO  server.RaftServerConfigKeys (ConfUtils.java:logGet(43)) - raft.server.log.preallocated.size = 16384 (custom)
2019-06-14 00:48:54,600 INFO  server.RaftServerConfigKeys (ConfUtils.java:logGet(43)) - raft.server.log.write.buffer.size = 33554432 (custom)
2019-06-14 00:48:54,600 INFO  server.RaftServerConfigKeys (ConfUtils.java:logGet(43)) - raft.server.log.force.sync.num = 128 (default)
2019-06-14 00:48:54,600 INFO  server.RaftServerConfigKeys (ConfUtils.java:logGet(43)) - raft.server.log.statemachine.data.sync = true (default)
2019-06-14 00:48:54,600 INFO  server.RaftServerConfigKeys (ConfUtils.java:logGet(43)) - raft.server.log.statemachine.data.sync.timeout = 10s (default)
2019-06-14 00:48:54,600 INFO  server.RaftServerConfigKeys (ConfUtils.java:logGet(43)) - raft.server.log.statemachine.data.sync.timeout.retry = -1 (default)
2019-06-14 00:48:54,600 INFO  server.RaftServerConfigKeys (ConfUtils.java:logGet(43)) - raft.server.log.statemachine.data.caching.enabled = true (custom)
2019-06-14 00:48:54,600 INFO  server.RaftServerConfigKeys (ConfUtils.java:logGet(43)) - raft.server.snapshot.auto.trigger.enabled = true (custom)
2019-06-14 00:48:54,601 INFO  server.RaftServerConfigKeys (ConfUtils.java:logGet(43)) - raft.server.snapshot.auto.trigger.threshold = 10000 (custom)
2019-06-14 00:48:54,601 INFO  server.RaftServerConfigKeys (ConfUtils.java:logGet(43)) - raft.server.retrycache.expirytime = 600000ms (custom)
2019-06-14 00:48:54,601 INFO  impl.RaftServerImpl (RaftServerImpl.java:start(173)) - bb7f80c3-5969-448a-b675-8b666b9345ca: start group-01210F7BA3FF
2019-06-14 00:48:54,601 INFO  impl.RaftServerImpl (RaftServerImpl.java:setRole(164)) - bb7f80c3-5969-448a-b675-8b666b9345ca:group-01210F7BA3FF changes role from null to FOLLOWER at term 0 for startAsFollower
2019-06-14 00:48:54,601 INFO  impl.RoleInfo (RoleInfo.java:updateAndGet(143)) - bb7f80c3-5969-448a-b675-8b666b9345ca: start FollowerState
2019-06-14 00:48:54,601 INFO  util.JmxRegister (JmxRegister.java:tryRegister(44)) - Successfully registered JMX Bean with object name Ratis:service=RaftServer,group=group-01210F7BA3FF,id=bb7f80c3-5969-448a-b675-8b666b9345ca
2019-06-14 00:48:54,602 INFO  pipeline.PipelineStateManager (PipelineStateManager.java:addPipeline(56)) - Created pipeline Pipeline[ Id: 09350e68-b583-4e58-9dd2-01210f7ba3ff, Nodes: bb7f80c3-5969-448a-b675-8b666b9345ca{ip: 192.168.11.204, host: ozone-z78dj-180245278, networkLocation: /default-rack, certSerialId: null}, Type:RATIS, Factor:ONE, State:OPEN]
2019-06-14 00:48:54,702 INFO  ozone.MiniOzoneClusterImpl (MiniOzoneClusterImpl.java:lambda$waitForClusterToBeReady$0(142)) - Waiting for cluster to be ready. Got 5 of 6 DN Heartbeats.
2019-06-14 00:48:54,704 INFO  node.SCMNodeManager (SCMNodeManager.java:register(234)) - Registered Data node : 2debb5e0-31ed-436b-b5a8-022b9e8f4201{ip: 192.168.11.204, host: ozone-z78dj-180245278, networkLocation: /default-rack, certSerialId: null}
2019-06-14 00:48:54,709 INFO  impl.RaftServerProxy (RaftServerProxy.java:addNew(89)) - 2debb5e0-31ed-436b-b5a8-022b9e8f4201: addNew group-BE7EA55CB3CD:[2debb5e0-31ed-436b-b5a8-022b9e8f4201:192.168.11.204:36153] returns group-BE7EA55CB3CD:java.util.concurrent.CompletableFuture@68fcc8f3[Not completed]
2019-06-14 00:48:54,709 INFO  impl.RaftServerImpl (RaftServerImpl.java:<init>(91)) - 2debb5e0-31ed-436b-b5a8-022b9e8f4201: new RaftServerImpl for group-BE7EA55CB3CD:[2debb5e0-31ed-436b-b5a8-022b9e8f4201:192.168.11.204:36153] with ContainerStateMachine:uninitialized
2019-06-14 00:48:54,709 INFO  server.RaftServerConfigKeys (ConfUtils.java:logGet(43)) - raft.server.rpc.timeout.min = 1s (custom)
2019-06-14 00:48:54,710 INFO  server.RaftServerConfigKeys (ConfUtils.java:logGet(43)) - raft.server.rpc.timeout.max = 1200ms (custom)
2019-06-14 00:48:54,710 INFO  server.RaftServerConfigKeys (ConfUtils.java:logGet(43)) - raft.server.rpcslowness.timeout = 120s (custom)
2019-06-14 00:48:54,710 INFO  server.RaftServerConfigKeys (ConfUtils.java:logGet(43)) - raft.server.log.appender.install.snapshot.enabled = true (default)
2019-06-14 00:48:54,710 INFO  impl.RaftServerImpl (ServerState.java:<init>(101)) - 2debb5e0-31ed-436b-b5a8-022b9e8f4201:group-BE7EA55CB3CD ConfigurationManager, init=-1: [2debb5e0-31ed-436b-b5a8-022b9e8f4201:192.168.11.204:36153], old=null, confs=<EMPTY_MAP>
2019-06-14 00:48:54,710 INFO  server.RaftServerConfigKeys (ConfUtils.java:logGet(43)) - raft.server.storage.dir = [/opt/src/hadoop-ozone/integration-test/target/test-dir/MiniOzoneClusterImpl-419e5ba5-fc85-4622-bacb-c506f7be50b4/datanode-5/data/ratis] (custom)
2019-06-14 00:48:54,710 INFO  storage.RaftStorageDirectory (RaftStorageDirectory.java:analyzeStorage(246)) - The storage directory /opt/src/hadoop-ozone/integration-test/target/test-dir/MiniOzoneClusterImpl-419e5ba5-fc85-4622-bacb-c506f7be50b4/datanode-5/data/ratis/c53ca9ae-61d3-4102-930e-be7ea55cb3cd does not exist. Creating ...
2019-06-14 00:48:54,712 INFO  storage.RaftStorageDirectory (RaftStorageDirectory.java:tryLock(328)) - Lock on /opt/src/hadoop-ozone/integration-test/target/test-dir/MiniOzoneClusterImpl-419e5ba5-fc85-4622-bacb-c506f7be50b4/datanode-5/data/ratis/c53ca9ae-61d3-4102-930e-be7ea55cb3cd/in_use.lock acquired by nodename 14819@ozone-z78dj-180245278
2019-06-14 00:48:54,714 INFO  storage.RaftStorage (RaftStorage.java:format(75)) - Storage directory /opt/src/hadoop-ozone/integration-test/target/test-dir/MiniOzoneClusterImpl-419e5ba5-fc85-4622-bacb-c506f7be50b4/datanode-5/data/ratis/c53ca9ae-61d3-4102-930e-be7ea55cb3cd has been successfully formatted.
2019-06-14 00:48:54,714 INFO  ratis.ContainerStateMachine (ContainerStateMachine.java:loadSnapshot(199)) - The snapshot info is null.Setting the last applied index to:(t:0, i:~)
2019-06-14 00:48:54,714 INFO  server.RaftServerConfigKeys (ConfUtils.java:logGet(43)) - raft.server.leader.election.timeout = 120s (custom)
2019-06-14 00:48:54,714 INFO  server.RaftServerConfigKeys (ConfUtils.java:logGet(43)) - raft.server.log.use.memory = false (default)
2019-06-14 00:48:54,714 INFO  server.RaftServerConfigKeys (ConfUtils.java:logGet(43)) - raft.server.log.appender.buffer.byte-limit = 33554432 (custom)
2019-06-14 00:48:54,714 INFO  server.RaftServerConfigKeys (ConfUtils.java:logGet(43)) - raft.server.log.segment.size.max = 16384 (custom)
2019-06-14 00:48:54,715 INFO  server.RaftServerConfigKeys (ConfUtils.java:logGet(43)) - raft.server.log.segment.cache.num.max = 2 (custom)
2019-06-14 00:48:54,715 INFO  storage.RaftLogWorker (RaftLogWorker.java:<init>(123)) - new 2debb5e0-31ed-436b-b5a8-022b9e8f4201-RaftLogWorker for Storage Directory /opt/src/hadoop-ozone/integration-test/target/test-dir/MiniOzoneClusterImpl-419e5ba5-fc85-4622-bacb-c506f7be50b4/datanode-5/data/ratis/c53ca9ae-61d3-4102-930e-be7ea55cb3cd
2019-06-14 00:48:54,715 INFO  server.RaftServerConfigKeys (ConfUtils.java:logGet(43)) - raft.server.log.queue.byte-limit = 2147483647 (custom)
2019-06-14 00:48:54,715 INFO  server.RaftServerConfigKeys (ConfUtils.java:logGet(43)) - raft.server.log.queue.element-limit = 1024 (custom)
2019-06-14 00:48:54,715 INFO  server.RaftServerConfigKeys (ConfUtils.java:logGet(43)) - raft.server.log.segment.size.max = 16384 (custom)
2019-06-14 00:48:54,715 INFO  server.RaftServerConfigKeys (ConfUtils.java:logGet(43)) - raft.server.log.preallocated.size = 16384 (custom)
2019-06-14 00:48:54,715 INFO  server.RaftServerConfigKeys (ConfUtils.java:logGet(43)) - raft.server.log.write.buffer.size = 33554432 (custom)
2019-06-14 00:48:54,715 INFO  server.RaftServerConfigKeys (ConfUtils.java:logGet(43)) - raft.server.log.force.sync.num = 128 (default)
2019-06-14 00:48:54,715 INFO  server.RaftServerConfigKeys (ConfUtils.java:logGet(43)) - raft.server.log.statemachine.data.sync = true (default)
2019-06-14 00:48:54,715 INFO  server.RaftServerConfigKeys (ConfUtils.java:logGet(43)) - raft.server.log.statemachine.data.sync.timeout = 10s (default)
2019-06-14 00:48:54,715 INFO  server.RaftServerConfigKeys (ConfUtils.java:logGet(43)) - raft.server.log.statemachine.data.sync.timeout.retry = -1 (default)
2019-06-14 00:48:54,715 INFO  server.RaftServerConfigKeys (ConfUtils.java:logGet(43)) - raft.server.log.statemachine.data.caching.enabled = true (custom)
2019-06-14 00:48:54,716 INFO  server.RaftServerConfigKeys (ConfUtils.java:logGet(43)) - raft.server.snapshot.auto.trigger.enabled = true (custom)
2019-06-14 00:48:54,716 INFO  server.RaftServerConfigKeys (ConfUtils.java:logGet(43)) - raft.server.snapshot.auto.trigger.threshold = 10000 (custom)
2019-06-14 00:48:54,716 INFO  server.RaftServerConfigKeys (ConfUtils.java:logGet(43)) - raft.server.retrycache.expirytime = 600000ms (custom)
2019-06-14 00:48:54,716 INFO  impl.RaftServerImpl (RaftServerImpl.java:start(173)) - 2debb5e0-31ed-436b-b5a8-022b9e8f4201: start group-BE7EA55CB3CD
2019-06-14 00:48:54,716 INFO  impl.RaftServerImpl (RaftServerImpl.java:setRole(164)) - 2debb5e0-31ed-436b-b5a8-022b9e8f4201:group-BE7EA55CB3CD changes role from null to FOLLOWER at term 0 for startAsFollower
2019-06-14 00:48:54,716 INFO  impl.RoleInfo (RoleInfo.java:updateAndGet(143)) - 2debb5e0-31ed-436b-b5a8-022b9e8f4201: start FollowerState
2019-06-14 00:48:54,716 INFO  util.JmxRegister (JmxRegister.java:tryRegister(44)) - Successfully registered JMX Bean with object name Ratis:service=RaftServer,group=group-BE7EA55CB3CD,id=2debb5e0-31ed-436b-b5a8-022b9e8f4201
2019-06-14 00:48:54,717 INFO  pipeline.PipelineStateManager (PipelineStateManager.java:addPipeline(56)) - Created pipeline Pipeline[ Id: c53ca9ae-61d3-4102-930e-be7ea55cb3cd, Nodes: 2debb5e0-31ed-436b-b5a8-022b9e8f4201{ip: 192.168.11.204, host: ozone-z78dj-180245278, networkLocation: /default-rack, certSerialId: null}, Type:RATIS, Factor:ONE, State:OPEN]
2019-06-14 00:48:54,722 INFO  impl.RaftServerProxy (RaftServerProxy.java:addNew(89)) - 2debb5e0-31ed-436b-b5a8-022b9e8f4201: addNew group-5EB6A925203E:[424f01c0-b114-415e-b493-f069231efd67:192.168.11.204:40521, bb7f80c3-5969-448a-b675-8b666b9345ca:192.168.11.204:36753, 2debb5e0-31ed-436b-b5a8-022b9e8f4201:192.168.11.204:36153] returns group-5EB6A925203E:java.util.concurrent.CompletableFuture@6256f6cf[Not completed]
2019-06-14 00:48:54,723 INFO  impl.RaftServerProxy (RaftServerProxy.java:addNew(89)) - bb7f80c3-5969-448a-b675-8b666b9345ca: addNew group-5EB6A925203E:[424f01c0-b114-415e-b493-f069231efd67:192.168.11.204:40521, bb7f80c3-5969-448a-b675-8b666b9345ca:192.168.11.204:36753, 2debb5e0-31ed-436b-b5a8-022b9e8f4201:192.168.11.204:36153] returns group-5EB6A925203E:java.util.concurrent.CompletableFuture@4c3f2a8[Not completed]
2019-06-14 00:48:54,724 INFO  impl.RaftServerImpl (RaftServerImpl.java:<init>(91)) - 2debb5e0-31ed-436b-b5a8-022b9e8f4201: new RaftServerImpl for group-5EB6A925203E:[424f01c0-b114-415e-b493-f069231efd67:192.168.11.204:40521, bb7f80c3-5969-448a-b675-8b666b9345ca:192.168.11.204:36753, 2debb5e0-31ed-436b-b5a8-022b9e8f4201:192.168.11.204:36153] with ContainerStateMachine:uninitialized
2019-06-14 00:48:54,724 INFO  server.RaftServerConfigKeys (ConfUtils.java:logGet(43)) - raft.server.rpc.timeout.min = 1s (custom)
2019-06-14 00:48:54,724 INFO  server.RaftServerConfigKeys (ConfUtils.java:logGet(43)) - raft.server.rpc.timeout.max = 1200ms (custom)
2019-06-14 00:48:54,724 INFO  server.RaftServerConfigKeys (ConfUtils.java:logGet(43)) - raft.server.rpcslowness.timeout = 120s (custom)
2019-06-14 00:48:54,724 INFO  server.RaftServerConfigKeys (ConfUtils.java:logGet(43)) - raft.server.log.appender.install.snapshot.enabled = true (default)
2019-06-14 00:48:54,724 INFO  impl.RaftServerImpl (ServerState.java:<init>(101)) - 2debb5e0-31ed-436b-b5a8-022b9e8f4201:group-5EB6A925203E ConfigurationManager, init=-1: [424f01c0-b114-415e-b493-f069231efd67:192.168.11.204:40521, bb7f80c3-5969-448a-b675-8b666b9345ca:192.168.11.204:36753, 2debb5e0-31ed-436b-b5a8-022b9e8f4201:192.168.11.204:36153], old=null, confs=<EMPTY_MAP>
2019-06-14 00:48:54,724 INFO  server.RaftServerConfigKeys (ConfUtils.java:logGet(43)) - raft.server.storage.dir = [/opt/src/hadoop-ozone/integration-test/target/test-dir/MiniOzoneClusterImpl-419e5ba5-fc85-4622-bacb-c506f7be50b4/datanode-5/data/ratis] (custom)
2019-06-14 00:48:54,725 INFO  storage.RaftStorageDirectory (RaftStorageDirectory.java:analyzeStorage(246)) - The storage directory /opt/src/hadoop-ozone/integration-test/target/test-dir/MiniOzoneClusterImpl-419e5ba5-fc85-4622-bacb-c506f7be50b4/datanode-5/data/ratis/dd546deb-21dc-4ce7-9f77-5eb6a925203e does not exist. Creating ...
2019-06-14 00:48:54,725 INFO  impl.RaftServerProxy (RaftServerProxy.java:addNew(89)) - 424f01c0-b114-415e-b493-f069231efd67: addNew group-5EB6A925203E:[424f01c0-b114-415e-b493-f069231efd67:192.168.11.204:40521, bb7f80c3-5969-448a-b675-8b666b9345ca:192.168.11.204:36753, 2debb5e0-31ed-436b-b5a8-022b9e8f4201:192.168.11.204:36153] returns group-5EB6A925203E:java.util.concurrent.CompletableFuture@a760993[Not completed]
2019-06-14 00:48:54,725 INFO  impl.RaftServerImpl (RaftServerImpl.java:<init>(91)) - 424f01c0-b114-415e-b493-f069231efd67: new RaftServerImpl for group-5EB6A925203E:[424f01c0-b114-415e-b493-f069231efd67:192.168.11.204:40521, bb7f80c3-5969-448a-b675-8b666b9345ca:192.168.11.204:36753, 2debb5e0-31ed-436b-b5a8-022b9e8f4201:192.168.11.204:36153] with ContainerStateMachine:uninitialized
2019-06-14 00:48:54,725 INFO  server.RaftServerConfigKeys (ConfUtils.java:logGet(43)) - raft.server.rpc.timeout.min = 1s (custom)
2019-06-14 00:48:54,725 INFO  impl.RaftServerImpl (RaftServerImpl.java:<init>(91)) - bb7f80c3-5969-448a-b675-8b666b9345ca: new RaftServerImpl for group-5EB6A925203E:[424f01c0-b114-415e-b493-f069231efd67:192.168.11.204:40521, bb7f80c3-5969-448a-b675-8b666b9345ca:192.168.11.204:36753, 2debb5e0-31ed-436b-b5a8-022b9e8f4201:192.168.11.204:36153] with ContainerStateMachine:uninitialized
2019-06-14 00:48:54,725 INFO  server.RaftServerConfigKeys (ConfUtils.java:logGet(43)) - raft.server.rpc.timeout.max = 1200ms (custom)
2019-06-14 00:48:54,725 INFO  server.RaftServerConfigKeys (ConfUtils.java:logGet(43)) - raft.server.rpc.timeout.min = 1s (custom)
2019-06-14 00:48:54,725 INFO  server.RaftServerConfigKeys (ConfUtils.java:logGet(43)) - raft.server.rpcslowness.timeout = 120s (custom)
2019-06-14 00:48:54,725 INFO  server.RaftServerConfigKeys (ConfUtils.java:logGet(43)) - raft.server.rpc.timeout.max = 1200ms (custom)
2019-06-14 00:48:54,725 INFO  server.RaftServerConfigKeys (ConfUtils.java:logGet(43)) - raft.server.log.appender.install.snapshot.enabled = true (default)
2019-06-14 00:48:54,726 INFO  server.RaftServerConfigKeys (ConfUtils.java:logGet(43)) - raft.server.rpcslowness.timeout = 120s (custom)
2019-06-14 00:48:54,726 INFO  impl.RaftServerImpl (ServerState.java:<init>(101)) - 424f01c0-b114-415e-b493-f069231efd67:group-5EB6A925203E ConfigurationManager, init=-1: [424f01c0-b114-415e-b493-f069231efd67:192.168.11.204:40521, bb7f80c3-5969-448a-b675-8b666b9345ca:192.168.11.204:36753, 2debb5e0-31ed-436b-b5a8-022b9e8f4201:192.168.11.204:36153], old=null, confs=<EMPTY_MAP>
2019-06-14 00:48:54,726 INFO  server.RaftServerConfigKeys (ConfUtils.java:logGet(43)) - raft.server.log.appender.install.snapshot.enabled = true (default)
2019-06-14 00:48:54,726 INFO  server.RaftServerConfigKeys (ConfUtils.java:logGet(43)) - raft.server.storage.dir = [/opt/src/hadoop-ozone/integration-test/target/test-dir/MiniOzoneClusterImpl-419e5ba5-fc85-4622-bacb-c506f7be50b4/datanode-3/data/ratis] (custom)
2019-06-14 00:48:54,726 INFO  impl.RaftServerImpl (ServerState.java:<init>(101)) - bb7f80c3-5969-448a-b675-8b666b9345ca:group-5EB6A925203E ConfigurationManager, init=-1: [424f01c0-b114-415e-b493-f069231efd67:192.168.11.204:40521, bb7f80c3-5969-448a-b675-8b666b9345ca:192.168.11.204:36753, 2debb5e0-31ed-436b-b5a8-022b9e8f4201:192.168.11.204:36153], old=null, confs=<EMPTY_MAP>
2019-06-14 00:48:54,726 INFO  server.RaftServerConfigKeys (ConfUtils.java:logGet(43)) - raft.server.storage.dir = [/opt/src/hadoop-ozone/integration-test/target/test-dir/MiniOzoneClusterImpl-419e5ba5-fc85-4622-bacb-c506f7be50b4/datanode-4/data/ratis] (custom)
2019-06-14 00:48:54,726 INFO  storage.RaftStorageDirectory (RaftStorageDirectory.java:analyzeStorage(246)) - The storage directory /opt/src/hadoop-ozone/integration-test/target/test-dir/MiniOzoneClusterImpl-419e5ba5-fc85-4622-bacb-c506f7be50b4/datanode-4/data/ratis/dd546deb-21dc-4ce7-9f77-5eb6a925203e does not exist. Creating ...
2019-06-14 00:48:54,728 INFO  storage.RaftStorageDirectory (RaftStorageDirectory.java:analyzeStorage(246)) - The storage directory /opt/src/hadoop-ozone/integration-test/target/test-dir/MiniOzoneClusterImpl-419e5ba5-fc85-4622-bacb-c506f7be50b4/datanode-3/data/ratis/dd546deb-21dc-4ce7-9f77-5eb6a925203e does not exist. Creating ...
2019-06-14 00:48:54,728 INFO  storage.RaftStorageDirectory (RaftStorageDirectory.java:tryLock(328)) - Lock on /opt/src/hadoop-ozone/integration-test/target/test-dir/MiniOzoneClusterImpl-419e5ba5-fc85-4622-bacb-c506f7be50b4/datanode-4/data/ratis/dd546deb-21dc-4ce7-9f77-5eb6a925203e/in_use.lock acquired by nodename 14819@ozone-z78dj-180245278
2019-06-14 00:48:54,729 INFO  storage.RaftStorageDirectory (RaftStorageDirectory.java:tryLock(328)) - Lock on /opt/src/hadoop-ozone/integration-test/target/test-dir/MiniOzoneClusterImpl-419e5ba5-fc85-4622-bacb-c506f7be50b4/datanode-5/data/ratis/dd546deb-21dc-4ce7-9f77-5eb6a925203e/in_use.lock acquired by nodename 14819@ozone-z78dj-180245278
2019-06-14 00:48:54,731 INFO  storage.RaftStorageDirectory (RaftStorageDirectory.java:tryLock(328)) - Lock on /opt/src/hadoop-ozone/integration-test/target/test-dir/MiniOzoneClusterImpl-419e5ba5-fc85-4622-bacb-c506f7be50b4/datanode-3/data/ratis/dd546deb-21dc-4ce7-9f77-5eb6a925203e/in_use.lock acquired by nodename 14819@ozone-z78dj-180245278
2019-06-14 00:48:54,732 INFO  storage.RaftStorage (RaftStorage.java:format(75)) - Storage directory /opt/src/hadoop-ozone/integration-test/target/test-dir/MiniOzoneClusterImpl-419e5ba5-fc85-4622-bacb-c506f7be50b4/datanode-4/data/ratis/dd546deb-21dc-4ce7-9f77-5eb6a925203e has been successfully formatted.
2019-06-14 00:48:54,732 INFO  storage.RaftStorage (RaftStorage.java:format(75)) - Storage directory /opt/src/hadoop-ozone/integration-test/target/test-dir/MiniOzoneClusterImpl-419e5ba5-fc85-4622-bacb-c506f7be50b4/datanode-5/data/ratis/dd546deb-21dc-4ce7-9f77-5eb6a925203e has been successfully formatted.
2019-06-14 00:48:54,732 INFO  ratis.ContainerStateMachine (ContainerStateMachine.java:loadSnapshot(199)) - The snapshot info is null.Setting the last applied index to:(t:0, i:~)
2019-06-14 00:48:54,732 INFO  server.RaftServerConfigKeys (ConfUtils.java:logGet(43)) - raft.server.leader.election.timeout = 120s (custom)
2019-06-14 00:48:54,732 INFO  server.RaftServerConfigKeys (ConfUtils.java:logGet(43)) - raft.server.log.use.memory = false (default)
2019-06-14 00:48:54,732 INFO  server.RaftServerConfigKeys (ConfUtils.java:logGet(43)) - raft.server.log.appender.buffer.byte-limit = 33554432 (custom)
2019-06-14 00:48:54,733 INFO  server.RaftServerConfigKeys (ConfUtils.java:logGet(43)) - raft.server.log.segment.size.max = 16384 (custom)
2019-06-14 00:48:54,733 INFO  server.RaftServerConfigKeys (ConfUtils.java:logGet(43)) - raft.server.log.segment.cache.num.max = 2 (custom)
2019-06-14 00:48:54,733 INFO  storage.RaftLogWorker (RaftLogWorker.java:<init>(123)) - new bb7f80c3-5969-448a-b675-8b666b9345ca-RaftLogWorker for Storage Directory /opt/src/hadoop-ozone/integration-test/target/test-dir/MiniOzoneClusterImpl-419e5ba5-fc85-4622-bacb-c506f7be50b4/datanode-4/data/ratis/dd546deb-21dc-4ce7-9f77-5eb6a925203e
2019-06-14 00:48:54,733 INFO  server.RaftServerConfigKeys (ConfUtils.java:logGet(43)) - raft.server.log.queue.byte-limit = 2147483647 (custom)
2019-06-14 00:48:54,733 INFO  server.RaftServerConfigKeys (ConfUtils.java:logGet(43)) - raft.server.log.queue.element-limit = 1024 (custom)
2019-06-14 00:48:54,733 INFO  server.RaftServerConfigKeys (ConfUtils.java:logGet(43)) - raft.server.log.segment.size.max = 16384 (custom)
2019-06-14 00:48:54,733 INFO  server.RaftServerConfigKeys (ConfUtils.java:logGet(43)) - raft.server.log.preallocated.size = 16384 (custom)
2019-06-14 00:48:54,733 INFO  server.RaftServerConfigKeys (ConfUtils.java:logGet(43)) - raft.server.log.write.buffer.size = 33554432 (custom)
2019-06-14 00:48:54,733 INFO  server.RaftServerConfigKeys (ConfUtils.java:logGet(43)) - raft.server.log.force.sync.num = 128 (default)
2019-06-14 00:48:54,733 INFO  server.RaftServerConfigKeys (ConfUtils.java:logGet(43)) - raft.server.log.statemachine.data.sync = true (default)
2019-06-14 00:48:54,733 INFO  ratis.ContainerStateMachine (ContainerStateMachine.java:loadSnapshot(199)) - The snapshot info is null.Setting the last applied index to:(t:0, i:~)
2019-06-14 00:48:54,734 INFO  server.RaftServerConfigKeys (ConfUtils.java:logGet(43)) - raft.server.leader.election.timeout = 120s (custom)
2019-06-14 00:48:54,734 INFO  server.RaftServerConfigKeys (ConfUtils.java:logGet(43)) - raft.server.log.use.memory = false (default)
2019-06-14 00:48:54,734 INFO  server.RaftServerConfigKeys (ConfUtils.java:logGet(43)) - raft.server.log.appender.buffer.byte-limit = 33554432 (custom)
2019-06-14 00:48:54,734 INFO  server.RaftServerConfigKeys (ConfUtils.java:logGet(43)) - raft.server.log.segment.size.max = 16384 (custom)
2019-06-14 00:48:54,734 INFO  server.RaftServerConfigKeys (ConfUtils.java:logGet(43)) - raft.server.log.segment.cache.num.max = 2 (custom)
2019-06-14 00:48:54,734 INFO  storage.RaftLogWorker (RaftLogWorker.java:<init>(123)) - new 2debb5e0-31ed-436b-b5a8-022b9e8f4201-RaftLogWorker for Storage Directory /opt/src/hadoop-ozone/integration-test/target/test-dir/MiniOzoneClusterImpl-419e5ba5-fc85-4622-bacb-c506f7be50b4/datanode-5/data/ratis/dd546deb-21dc-4ce7-9f77-5eb6a925203e
2019-06-14 00:48:54,734 INFO  server.RaftServerConfigKeys (ConfUtils.java:logGet(43)) - raft.server.log.queue.byte-limit = 2147483647 (custom)
2019-06-14 00:48:54,734 INFO  server.RaftServerConfigKeys (ConfUtils.java:logGet(43)) - raft.server.log.queue.element-limit = 1024 (custom)
2019-06-14 00:48:54,734 INFO  server.RaftServerConfigKeys (ConfUtils.java:logGet(43)) - raft.server.log.segment.size.max = 16384 (custom)
2019-06-14 00:48:54,734 INFO  server.RaftServerConfigKeys (ConfUtils.java:logGet(43)) - raft.server.log.preallocated.size = 16384 (custom)
2019-06-14 00:48:54,735 INFO  server.RaftServerConfigKeys (ConfUtils.java:logGet(43)) - raft.server.log.write.buffer.size = 33554432 (custom)
2019-06-14 00:48:54,733 INFO  server.RaftServerConfigKeys (ConfUtils.java:logGet(43)) - raft.server.log.statemachine.data.sync.timeout = 10s (default)
2019-06-14 00:48:54,733 INFO  storage.RaftStorage (RaftStorage.java:format(75)) - Storage directory /opt/src/hadoop-ozone/integration-test/target/test-dir/MiniOzoneClusterImpl-419e5ba5-fc85-4622-bacb-c506f7be50b4/datanode-3/data/ratis/dd546deb-21dc-4ce7-9f77-5eb6a925203e has been successfully formatted.
2019-06-14 00:48:54,735 INFO  server.RaftServerConfigKeys (ConfUtils.java:logGet(43)) - raft.server.log.statemachine.data.sync.timeout.retry = -1 (default)
2019-06-14 00:48:54,735 INFO  server.RaftServerConfigKeys (ConfUtils.java:logGet(43)) - raft.server.log.force.sync.num = 128 (default)
2019-06-14 00:48:54,735 INFO  server.RaftServerConfigKeys (ConfUtils.java:logGet(43)) - raft.server.log.statemachine.data.caching.enabled = true (custom)
2019-06-14 00:48:54,735 INFO  ratis.ContainerStateMachine (ContainerStateMachine.java:loadSnapshot(199)) - The snapshot info is null.Setting the last applied index to:(t:0, i:~)
2019-06-14 00:48:54,735 INFO  server.RaftServerConfigKeys (ConfUtils.java:logGet(43)) - raft.server.log.statemachine.data.sync = true (default)
2019-06-14 00:48:54,735 INFO  server.RaftServerConfigKeys (ConfUtils.java:logGet(43)) - raft.server.snapshot.auto.trigger.enabled = true (custom)
2019-06-14 00:48:54,735 INFO  server.RaftServerConfigKeys (ConfUtils.java:logGet(43)) - raft.server.leader.election.timeout = 120s (custom)
2019-06-14 00:48:54,736 INFO  server.RaftServerConfigKeys (ConfUtils.java:logGet(43)) - raft.server.snapshot.auto.trigger.threshold = 10000 (custom)
2019-06-14 00:48:54,736 INFO  server.RaftServerConfigKeys (ConfUtils.java:logGet(43)) - raft.server.log.statemachine.data.sync.timeout = 10s (default)
2019-06-14 00:48:54,736 INFO  server.RaftServerConfigKeys (ConfUtils.java:logGet(43)) - raft.server.retrycache.expirytime = 600000ms (custom)
2019-06-14 00:48:54,736 INFO  server.RaftServerConfigKeys (ConfUtils.java:logGet(43)) - raft.server.log.use.memory = false (default)
2019-06-14 00:48:54,736 INFO  impl.RaftServerImpl (RaftServerImpl.java:start(173)) - bb7f80c3-5969-448a-b675-8b666b9345ca: start group-5EB6A925203E
2019-06-14 00:48:54,736 INFO  impl.RaftServerImpl (RaftServerImpl.java:setRole(164)) - bb7f80c3-5969-448a-b675-8b666b9345ca:group-5EB6A925203E changes role from null to FOLLOWER at term 0 for startAsFollower
2019-06-14 00:48:54,736 INFO  server.RaftServerConfigKeys (ConfUtils.java:logGet(43)) - raft.server.log.statemachine.data.sync.timeout.retry = -1 (default)
2019-06-14 00:48:54,736 INFO  impl.RoleInfo (RoleInfo.java:updateAndGet(143)) - bb7f80c3-5969-448a-b675-8b666b9345ca: start FollowerState
2019-06-14 00:48:54,736 INFO  server.RaftServerConfigKeys (ConfUtils.java:logGet(43)) - raft.server.log.appender.buffer.byte-limit = 33554432 (custom)
2019-06-14 00:48:54,736 INFO  server.RaftServerConfigKeys (ConfUtils.java:logGet(43)) - raft.server.log.statemachine.data.caching.enabled = true (custom)
2019-06-14 00:48:54,737 INFO  util.JmxRegister (JmxRegister.java:tryRegister(44)) - Successfully registered JMX Bean with object name Ratis:service=RaftServer,group=group-5EB6A925203E,id=bb7f80c3-5969-448a-b675-8b666b9345ca
2019-06-14 00:48:54,737 INFO  server.RaftServerConfigKeys (ConfUtils.java:logGet(43)) - raft.server.log.segment.size.max = 16384 (custom)
2019-06-14 00:48:54,737 INFO  server.RaftServerConfigKeys (ConfUtils.java:logGet(43)) - raft.server.log.segment.cache.num.max = 2 (custom)
2019-06-14 00:48:54,737 INFO  storage.RaftLogWorker (RaftLogWorker.java:<init>(123)) - new 424f01c0-b114-415e-b493-f069231efd67-RaftLogWorker for Storage Directory /opt/src/hadoop-ozone/integration-test/target/test-dir/MiniOzoneClusterImpl-419e5ba5-fc85-4622-bacb-c506f7be50b4/datanode-3/data/ratis/dd546deb-21dc-4ce7-9f77-5eb6a925203e
2019-06-14 00:48:54,737 INFO  server.RaftServerConfigKeys (ConfUtils.java:logGet(43)) - raft.server.log.queue.byte-limit = 2147483647 (custom)
2019-06-14 00:48:54,737 INFO  server.RaftServerConfigKeys (ConfUtils.java:logGet(43)) - raft.server.snapshot.auto.trigger.enabled = true (custom)
2019-06-14 00:48:54,737 INFO  server.RaftServerConfigKeys (ConfUtils.java:logGet(43)) - raft.server.log.queue.element-limit = 1024 (custom)
2019-06-14 00:48:54,737 INFO  server.RaftServerConfigKeys (ConfUtils.java:logGet(43)) - raft.server.snapshot.auto.trigger.threshold = 10000 (custom)
2019-06-14 00:48:54,737 INFO  server.RaftServerConfigKeys (ConfUtils.java:logGet(43)) - raft.server.log.segment.size.max = 16384 (custom)
2019-06-14 00:48:54,737 INFO  server.RaftServerConfigKeys (ConfUtils.java:logGet(43)) - raft.server.retrycache.expirytime = 600000ms (custom)
2019-06-14 00:48:54,738 INFO  server.RaftServerConfigKeys (ConfUtils.java:logGet(43)) - raft.server.log.preallocated.size = 16384 (custom)
2019-06-14 00:48:54,738 INFO  impl.RaftServerImpl (RaftServerImpl.java:start(173)) - 2debb5e0-31ed-436b-b5a8-022b9e8f4201: start group-5EB6A925203E
2019-06-14 00:48:54,738 INFO  server.RaftServerConfigKeys (ConfUtils.java:logGet(43)) - raft.server.log.write.buffer.size = 33554432 (custom)
2019-06-14 00:48:54,738 INFO  impl.RaftServerImpl (RaftServerImpl.java:setRole(164)) - 2debb5e0-31ed-436b-b5a8-022b9e8f4201:group-5EB6A925203E changes role from null to FOLLOWER at term 0 for startAsFollower
2019-06-14 00:48:54,738 INFO  server.RaftServerConfigKeys (ConfUtils.java:logGet(43)) - raft.server.log.force.sync.num = 128 (default)
2019-06-14 00:48:54,738 INFO  impl.RoleInfo (RoleInfo.java:updateAndGet(143)) - 2debb5e0-31ed-436b-b5a8-022b9e8f4201: start FollowerState
2019-06-14 00:48:54,738 INFO  server.RaftServerConfigKeys (ConfUtils.java:logGet(43)) - raft.server.log.statemachine.data.sync = true (default)
2019-06-14 00:48:54,738 INFO  server.RaftServerConfigKeys (ConfUtils.java:logGet(43)) - raft.server.log.statemachine.data.sync.timeout = 10s (default)
2019-06-14 00:48:54,738 INFO  server.RaftServerConfigKeys (ConfUtils.java:logGet(43)) - raft.server.log.statemachine.data.sync.timeout.retry = -1 (default)
2019-06-14 00:48:54,739 INFO  server.RaftServerConfigKeys (ConfUtils.java:logGet(43)) - raft.server.log.statemachine.data.caching.enabled = true (custom)
2019-06-14 00:48:54,739 INFO  util.JmxRegister (JmxRegister.java:tryRegister(44)) - Successfully registered JMX Bean with object name Ratis:service=RaftServer,group=group-5EB6A925203E,id=2debb5e0-31ed-436b-b5a8-022b9e8f4201
2019-06-14 00:48:54,747 INFO  server.RaftServerConfigKeys (ConfUtils.java:logGet(43)) - raft.server.snapshot.auto.trigger.enabled = true (custom)
2019-06-14 00:48:54,747 INFO  server.RaftServerConfigKeys (ConfUtils.java:logGet(43)) - raft.server.snapshot.auto.trigger.threshold = 10000 (custom)
2019-06-14 00:48:54,747 INFO  server.RaftServerConfigKeys (ConfUtils.java:logGet(43)) - raft.server.retrycache.expirytime = 600000ms (custom)
2019-06-14 00:48:54,747 INFO  impl.RaftServerImpl (RaftServerImpl.java:start(173)) - 424f01c0-b114-415e-b493-f069231efd67: start group-5EB6A925203E
2019-06-14 00:48:54,747 INFO  impl.RaftServerImpl (RaftServerImpl.java:setRole(164)) - 424f01c0-b114-415e-b493-f069231efd67:group-5EB6A925203E changes role from null to FOLLOWER at term 0 for startAsFollower
2019-06-14 00:48:54,747 INFO  impl.RoleInfo (RoleInfo.java:updateAndGet(143)) - 424f01c0-b114-415e-b493-f069231efd67: start FollowerState
2019-06-14 00:48:54,747 INFO  util.JmxRegister (JmxRegister.java:tryRegister(44)) - Successfully registered JMX Bean with object name Ratis:service=RaftServer,group=group-5EB6A925203E,id=424f01c0-b114-415e-b493-f069231efd67
2019-06-14 00:48:54,751 INFO  pipeline.PipelineStateManager (PipelineStateManager.java:addPipeline(56)) - Created pipeline Pipeline[ Id: dd546deb-21dc-4ce7-9f77-5eb6a925203e, Nodes: 2debb5e0-31ed-436b-b5a8-022b9e8f4201{ip: 192.168.11.204, host: ozone-z78dj-180245278, networkLocation: /default-rack, certSerialId: null}bb7f80c3-5969-448a-b675-8b666b9345ca{ip: 192.168.11.204, host: ozone-z78dj-180245278, networkLocation: /default-rack, certSerialId: null}424f01c0-b114-415e-b493-f069231efd67{ip: 192.168.11.204, host: ozone-z78dj-180245278, networkLocation: /default-rack, certSerialId: null}, Type:RATIS, Factor:THREE, State:OPEN]
2019-06-14 00:48:55,222 INFO  impl.FollowerState (FollowerState.java:run(101)) - c5f2c476-202a-48a3-92aa-b5134342721a:group-860E9E809442 changes to CANDIDATE, lastRpcTime:1175, electionTimeout:1175ms
2019-06-14 00:48:55,223 INFO  impl.RoleInfo (RoleInfo.java:shutdownFollowerState(121)) - c5f2c476-202a-48a3-92aa-b5134342721a: shutdown FollowerState
2019-06-14 00:48:55,223 INFO  impl.RaftServerImpl (RaftServerImpl.java:setRole(164)) - c5f2c476-202a-48a3-92aa-b5134342721a:group-860E9E809442 changes role from FOLLOWER to CANDIDATE at term 0 for changeToCandidate
2019-06-14 00:48:55,223 INFO  impl.RoleInfo (RoleInfo.java:updateAndGet(143)) - c5f2c476-202a-48a3-92aa-b5134342721a: start LeaderElection
2019-06-14 00:48:55,229 INFO  impl.LeaderElection (LeaderElection.java:askForVotes(181)) - c5f2c476-202a-48a3-92aa-b5134342721a:group-860E9E809442:LeaderElection63: begin an election at term 1 for -1: [c5f2c476-202a-48a3-92aa-b5134342721a:192.168.11.204:45797], old=null
2019-06-14 00:48:55,229 INFO  impl.RoleInfo (RoleInfo.java:shutdownLeaderElection(134)) - c5f2c476-202a-48a3-92aa-b5134342721a: shutdown LeaderElection
2019-06-14 00:48:55,229 INFO  impl.RaftServerImpl (RaftServerImpl.java:setRole(164)) - c5f2c476-202a-48a3-92aa-b5134342721a:group-860E9E809442 changes role from CANDIDATE to LEADER at term 1 for changeToLeader
2019-06-14 00:48:55,229 INFO  impl.RaftServerImpl (ServerState.java:setLeader(263)) - c5f2c476-202a-48a3-92aa-b5134342721a:group-860E9E809442 change Leader from null to c5f2c476-202a-48a3-92aa-b5134342721a at term 1 for becomeLeader, leader elected after 1183ms
2019-06-14 00:48:55,229 INFO  server.RaftServerConfigKeys (ConfUtils.java:logGet(43)) - raft.server.staging.catchup.gap = 1000 (default)
2019-06-14 00:48:55,229 INFO  server.RaftServerConfigKeys (ConfUtils.java:logGet(43)) - raft.server.rpc.sleep.time = 25ms (default)
2019-06-14 00:48:55,230 INFO  server.RaftServerConfigKeys (ConfUtils.java:logGet(43)) - raft.server.watch.timeout = 10s (default)
2019-06-14 00:48:55,230 INFO  server.RaftServerConfigKeys (ConfUtils.java:logGet(43)) - raft.server.watch.timeout.denomination = 1s (default)
2019-06-14 00:48:55,230 INFO  impl.RoleInfo (RoleInfo.java:updateAndGet(143)) - c5f2c476-202a-48a3-92aa-b5134342721a: start LeaderState
2019-06-14 00:48:55,230 INFO  storage.RaftLogWorker (RaftLogWorker.java:startLogSegment(298)) - c5f2c476-202a-48a3-92aa-b5134342721a-RaftLogWorker: Starting segment from index:0
2019-06-14 00:48:55,230 INFO  impl.RaftServerImpl (ServerState.java:setRaftConf(361)) - c5f2c476-202a-48a3-92aa-b5134342721a:group-860E9E809442 set configuration 0: [c5f2c476-202a-48a3-92aa-b5134342721a:192.168.11.204:45797], old=null at 0
2019-06-14 00:48:55,266 INFO  storage.RaftLogWorker (RaftLogWorker.java:execute(469)) - c5f2c476-202a-48a3-92aa-b5134342721a-RaftLogWorker: created new log segment /opt/src/hadoop-ozone/integration-test/target/test-dir/MiniOzoneClusterImpl-419e5ba5-fc85-4622-bacb-c506f7be50b4/datanode-0/data/ratis/06de871d-b133-45a4-950f-860e9e809442/current/log_inprogress_0
2019-06-14 00:48:55,312 INFO  impl.FollowerState (FollowerState.java:run(101)) - 57164648-c586-4e2a-8bcc-1bba3c117994:group-55FCB9CBBCA7 changes to CANDIDATE, lastRpcTime:1094, electionTimeout:1094ms
2019-06-14 00:48:55,313 INFO  impl.RoleInfo (RoleInfo.java:shutdownFollowerState(121)) - 57164648-c586-4e2a-8bcc-1bba3c117994: shutdown FollowerState
2019-06-14 00:48:55,313 INFO  impl.RaftServerImpl (RaftServerImpl.java:setRole(164)) - 57164648-c586-4e2a-8bcc-1bba3c117994:group-55FCB9CBBCA7 changes role from FOLLOWER to CANDIDATE at term 0 for changeToCandidate
2019-06-14 00:48:55,313 INFO  impl.RoleInfo (RoleInfo.java:updateAndGet(143)) - 57164648-c586-4e2a-8bcc-1bba3c117994: start LeaderElection
2019-06-14 00:48:55,319 INFO  impl.LeaderElection (LeaderElection.java:askForVotes(181)) - 57164648-c586-4e2a-8bcc-1bba3c117994:group-55FCB9CBBCA7:LeaderElection64: begin an election at term 1 for -1: [57164648-c586-4e2a-8bcc-1bba3c117994:192.168.11.204:35337], old=null
2019-06-14 00:48:55,319 INFO  impl.RoleInfo (RoleInfo.java:shutdownLeaderElection(134)) - 57164648-c586-4e2a-8bcc-1bba3c117994: shutdown LeaderElection
2019-06-14 00:48:55,319 INFO  impl.RaftServerImpl (RaftServerImpl.java:setRole(164)) - 57164648-c586-4e2a-8bcc-1bba3c117994:group-55FCB9CBBCA7 changes role from CANDIDATE to LEADER at term 1 for changeToLeader
2019-06-14 00:48:55,319 INFO  impl.RaftServerImpl (ServerState.java:setLeader(263)) - 57164648-c586-4e2a-8bcc-1bba3c117994:group-55FCB9CBBCA7 change Leader from null to 57164648-c586-4e2a-8bcc-1bba3c117994 at term 1 for becomeLeader, leader elected after 1102ms
2019-06-14 00:48:55,319 INFO  server.RaftServerConfigKeys (ConfUtils.java:logGet(43)) - raft.server.staging.catchup.gap = 1000 (default)
2019-06-14 00:48:55,319 INFO  server.RaftServerConfigKeys (ConfUtils.java:logGet(43)) - raft.server.rpc.sleep.time = 25ms (default)
2019-06-14 00:48:55,319 INFO  server.RaftServerConfigKeys (ConfUtils.java:logGet(43)) - raft.server.watch.timeout = 10s (default)
2019-06-14 00:48:55,319 INFO  server.RaftServerConfigKeys (ConfUtils.java:logGet(43)) - raft.server.watch.timeout.denomination = 1s (default)
2019-06-14 00:48:55,319 INFO  impl.RoleInfo (RoleInfo.java:updateAndGet(143)) - 57164648-c586-4e2a-8bcc-1bba3c117994: start LeaderState
2019-06-14 00:48:55,319 INFO  storage.RaftLogWorker (RaftLogWorker.java:startLogSegment(298)) - 57164648-c586-4e2a-8bcc-1bba3c117994-RaftLogWorker: Starting segment from index:0
2019-06-14 00:48:55,320 INFO  impl.RaftServerImpl (ServerState.java:setRaftConf(361)) - 57164648-c586-4e2a-8bcc-1bba3c117994:group-55FCB9CBBCA7 set configuration 0: [57164648-c586-4e2a-8bcc-1bba3c117994:192.168.11.204:35337], old=null at 0
2019-06-14 00:48:55,355 INFO  storage.RaftLogWorker (RaftLogWorker.java:execute(469)) - 57164648-c586-4e2a-8bcc-1bba3c117994-RaftLogWorker: created new log segment /opt/src/hadoop-ozone/integration-test/target/test-dir/MiniOzoneClusterImpl-419e5ba5-fc85-4622-bacb-c506f7be50b4/datanode-1/data/ratis/e615bd50-3a06-44ce-bf85-55fcb9cbbca7/current/log_inprogress_0
2019-06-14 00:48:55,486 INFO  impl.FollowerState (FollowerState.java:run(101)) - 424f01c0-b114-415e-b493-f069231efd67:group-1E963F571B7A changes to CANDIDATE, lastRpcTime:1003, electionTimeout:1003ms
2019-06-14 00:48:55,486 INFO  impl.RoleInfo (RoleInfo.java:shutdownFollowerState(121)) - 424f01c0-b114-415e-b493-f069231efd67: shutdown FollowerState
2019-06-14 00:48:55,486 INFO  impl.RaftServerImpl (RaftServerImpl.java:setRole(164)) - 424f01c0-b114-415e-b493-f069231efd67:group-1E963F571B7A changes role from FOLLOWER to CANDIDATE at term 0 for changeToCandidate
2019-06-14 00:48:55,486 INFO  impl.RoleInfo (RoleInfo.java:updateAndGet(143)) - 424f01c0-b114-415e-b493-f069231efd67: start LeaderElection
2019-06-14 00:48:55,488 INFO  impl.FollowerState (FollowerState.java:run(101)) - 57164648-c586-4e2a-8bcc-1bba3c117994:group-DA41BEE8D1BF changes to CANDIDATE, lastRpcTime:1121, electionTimeout:1116ms
2019-06-14 00:48:55,488 INFO  impl.FollowerState (FollowerState.java:run(101)) - 1faf1e02-8f3b-458a-adaf-b103e3c4301e:group-027C68E75F4C changes to CANDIDATE, lastRpcTime:1155, electionTimeout:1154ms
2019-06-14 00:48:55,488 INFO  impl.RoleInfo (RoleInfo.java:shutdownFollowerState(121)) - 57164648-c586-4e2a-8bcc-1bba3c117994: shutdown FollowerState
2019-06-14 00:48:55,490 INFO  impl.RoleInfo (RoleInfo.java:shutdownFollowerState(121)) - 1faf1e02-8f3b-458a-adaf-b103e3c4301e: shutdown FollowerState
2019-06-14 00:48:55,490 INFO  impl.RaftServerImpl (RaftServerImpl.java:setRole(164)) - 57164648-c586-4e2a-8bcc-1bba3c117994:group-DA41BEE8D1BF changes role from FOLLOWER to CANDIDATE at term 0 for changeToCandidate
2019-06-14 00:48:55,490 INFO  impl.RaftServerImpl (RaftServerImpl.java:setRole(164)) - 1faf1e02-8f3b-458a-adaf-b103e3c4301e:group-027C68E75F4C changes role from FOLLOWER to CANDIDATE at term 0 for changeToCandidate
2019-06-14 00:48:55,491 INFO  impl.RoleInfo (RoleInfo.java:updateAndGet(143)) - 57164648-c586-4e2a-8bcc-1bba3c117994: start LeaderElection
2019-06-14 00:48:55,491 INFO  impl.RoleInfo (RoleInfo.java:updateAndGet(143)) - 1faf1e02-8f3b-458a-adaf-b103e3c4301e: start LeaderElection
2019-06-14 00:48:55,492 INFO  impl.FollowerState (FollowerState.java:run(101)) - c5f2c476-202a-48a3-92aa-b5134342721a:group-DA41BEE8D1BF changes to CANDIDATE, lastRpcTime:1126, electionTimeout:1125ms
2019-06-14 00:48:55,494 INFO  impl.LeaderElection (LeaderElection.java:askForVotes(181)) - 424f01c0-b114-415e-b493-f069231efd67:group-1E963F571B7A:LeaderElection65: begin an election at term 1 for -1: [424f01c0-b114-415e-b493-f069231efd67:192.168.11.204:40521], old=null
2019-06-14 00:48:55,495 INFO  impl.RoleInfo (RoleInfo.java:shutdownFollowerState(121)) - c5f2c476-202a-48a3-92aa-b5134342721a: shutdown FollowerState
2019-06-14 00:48:55,495 INFO  impl.RaftServerImpl (RaftServerImpl.java:setRole(164)) - c5f2c476-202a-48a3-92aa-b5134342721a:group-DA41BEE8D1BF changes role from FOLLOWER to CANDIDATE at term 0 for changeToCandidate
2019-06-14 00:48:55,495 INFO  impl.RoleInfo (RoleInfo.java:shutdownLeaderElection(134)) - 424f01c0-b114-415e-b493-f069231efd67: shutdown LeaderElection
2019-06-14 00:48:55,495 INFO  impl.RaftServerImpl (RaftServerImpl.java:setRole(164)) - 424f01c0-b114-415e-b493-f069231efd67:group-1E963F571B7A changes role from CANDIDATE to LEADER at term 1 for changeToLeader
2019-06-14 00:48:55,495 INFO  impl.RoleInfo (RoleInfo.java:updateAndGet(143)) - c5f2c476-202a-48a3-92aa-b5134342721a: start LeaderElection
2019-06-14 00:48:55,495 INFO  impl.RaftServerImpl (ServerState.java:setLeader(263)) - 424f01c0-b114-415e-b493-f069231efd67:group-1E963F571B7A change Leader from null to 424f01c0-b114-415e-b493-f069231efd67 at term 1 for becomeLeader, leader elected after 1014ms
2019-06-14 00:48:55,495 INFO  server.RaftServerConfigKeys (ConfUtils.java:logGet(43)) - raft.server.staging.catchup.gap = 1000 (default)
2019-06-14 00:48:55,497 INFO  server.RaftServerConfigKeys (ConfUtils.java:logGet(43)) - raft.server.rpc.sleep.time = 25ms (default)
2019-06-14 00:48:55,497 INFO  impl.LeaderElection (LeaderElection.java:askForVotes(181)) - 1faf1e02-8f3b-458a-adaf-b103e3c4301e:group-027C68E75F4C:LeaderElection67: begin an election at term 1 for -1: [1faf1e02-8f3b-458a-adaf-b103e3c4301e:192.168.11.204:35149], old=null
2019-06-14 00:48:55,498 INFO  server.RaftServerConfigKeys (ConfUtils.java:logGet(43)) - raft.server.watch.timeout = 10s (default)
2019-06-14 00:48:55,497 INFO  impl.LeaderElection (LeaderElection.java:askForVotes(181)) - 57164648-c586-4e2a-8bcc-1bba3c117994:group-DA41BEE8D1BF:LeaderElection66: begin an election at term 1 for -1: [57164648-c586-4e2a-8bcc-1bba3c117994:192.168.11.204:35337, c5f2c476-202a-48a3-92aa-b5134342721a:192.168.11.204:45797, 1faf1e02-8f3b-458a-adaf-b103e3c4301e:192.168.11.204:35149], old=null
2019-06-14 00:48:55,498 INFO  server.RaftServerConfigKeys (ConfUtils.java:logGet(43)) - raft.server.watch.timeout.denomination = 1s (default)
2019-06-14 00:48:55,498 INFO  impl.RoleInfo (RoleInfo.java:shutdownLeaderElection(134)) - 1faf1e02-8f3b-458a-adaf-b103e3c4301e: shutdown LeaderElection
2019-06-14 00:48:55,499 INFO  impl.RaftServerImpl (RaftServerImpl.java:setRole(164)) - 1faf1e02-8f3b-458a-adaf-b103e3c4301e:group-027C68E75F4C changes role from CANDIDATE to LEADER at term 1 for changeToLeader
2019-06-14 00:48:55,499 INFO  impl.RoleInfo (RoleInfo.java:updateAndGet(143)) - 424f01c0-b114-415e-b493-f069231efd67: start LeaderState
2019-06-14 00:48:55,499 INFO  impl.RaftServerImpl (ServerState.java:setLeader(263)) - 1faf1e02-8f3b-458a-adaf-b103e3c4301e:group-027C68E75F4C change Leader from null to 1faf1e02-8f3b-458a-adaf-b103e3c4301e at term 1 for becomeLeader, leader elected after 1167ms
2019-06-14 00:48:55,499 INFO  storage.RaftLogWorker (RaftLogWorker.java:startLogSegment(298)) - 424f01c0-b114-415e-b493-f069231efd67-RaftLogWorker: Starting segment from index:0
2019-06-14 00:48:55,499 INFO  server.RaftServerConfigKeys (ConfUtils.java:logGet(43)) - raft.server.staging.catchup.gap = 1000 (default)
2019-06-14 00:48:55,499 INFO  server.RaftServerConfigKeys (ConfUtils.java:logGet(43)) - raft.server.rpc.sleep.time = 25ms (default)
2019-06-14 00:48:55,501 INFO  impl.LeaderElection (LeaderElection.java:askForVotes(181)) - c5f2c476-202a-48a3-92aa-b5134342721a:group-DA41BEE8D1BF:LeaderElection68: begin an election at term 1 for -1: [57164648-c586-4e2a-8bcc-1bba3c117994:192.168.11.204:35337, c5f2c476-202a-48a3-92aa-b5134342721a:192.168.11.204:45797, 1faf1e02-8f3b-458a-adaf-b103e3c4301e:192.168.11.204:35149], old=null
2019-06-14 00:48:55,503 INFO  impl.FollowerState (FollowerState.java:run(101)) - 1faf1e02-8f3b-458a-adaf-b103e3c4301e:group-DA41BEE8D1BF changes to CANDIDATE, lastRpcTime:1136, electionTimeout:1132ms
2019-06-14 00:48:55,503 INFO  impl.RaftServerImpl (ServerState.java:setRaftConf(361)) - 424f01c0-b114-415e-b493-f069231efd67:group-1E963F571B7A set configuration 0: [424f01c0-b114-415e-b493-f069231efd67:192.168.11.204:40521], old=null at 0
2019-06-14 00:48:55,503 INFO  impl.RoleInfo (RoleInfo.java:shutdownFollowerState(121)) - 1faf1e02-8f3b-458a-adaf-b103e3c4301e: shutdown FollowerState
2019-06-14 00:48:55,503 INFO  impl.RaftServerImpl (RaftServerImpl.java:setRole(164)) - 1faf1e02-8f3b-458a-adaf-b103e3c4301e:group-DA41BEE8D1BF changes role from FOLLOWER to CANDIDATE at term 0 for changeToCandidate
2019-06-14 00:48:55,508 INFO  impl.RoleInfo (RoleInfo.java:updateAndGet(143)) - 1faf1e02-8f3b-458a-adaf-b103e3c4301e: start LeaderElection
2019-06-14 00:48:55,508 INFO  server.RaftServerConfigKeys (ConfUtils.java:logGet(43)) - raft.server.watch.timeout = 10s (default)
2019-06-14 00:48:55,508 INFO  server.RaftServerConfigKeys (ConfUtils.java:logGet(43)) - raft.server.watch.timeout.denomination = 1s (default)
2019-06-14 00:48:55,508 INFO  impl.RoleInfo (RoleInfo.java:updateAndGet(143)) - 1faf1e02-8f3b-458a-adaf-b103e3c4301e: start LeaderState
2019-06-14 00:48:55,509 INFO  storage.RaftLogWorker (RaftLogWorker.java:startLogSegment(298)) - 1faf1e02-8f3b-458a-adaf-b103e3c4301e-RaftLogWorker: Starting segment from index:0
2019-06-14 00:48:55,521 INFO  impl.RaftServerImpl (RaftServerImpl.java:setRole(164)) - 1faf1e02-8f3b-458a-adaf-b103e3c4301e:group-DA41BEE8D1BF changes role from CANDIDATE to FOLLOWER at term 1 for recognizeCandidate:57164648-c586-4e2a-8bcc-1bba3c117994
2019-06-14 00:48:55,521 INFO  impl.RaftServerImpl (ServerState.java:setRaftConf(361)) - 1faf1e02-8f3b-458a-adaf-b103e3c4301e:group-027C68E75F4C set configuration 0: [1faf1e02-8f3b-458a-adaf-b103e3c4301e:192.168.11.204:35149], old=null at 0
2019-06-14 00:48:55,521 INFO  impl.RoleInfo (RoleInfo.java:shutdownLeaderElection(134)) - 1faf1e02-8f3b-458a-adaf-b103e3c4301e: shutdown LeaderElection
2019-06-14 00:48:55,522 INFO  impl.RoleInfo (RoleInfo.java:updateAndGet(143)) - 1faf1e02-8f3b-458a-adaf-b103e3c4301e: start FollowerState
2019-06-14 00:48:55,525 INFO  impl.LeaderElection (LeaderElection.java:logAndReturn(56)) - 57164648-c586-4e2a-8bcc-1bba3c117994:group-DA41BEE8D1BF:LeaderElection66: Election REJECTED; received 2 response(s) [57164648-c586-4e2a-8bcc-1bba3c117994->c5f2c476-202a-48a3-92aa-b5134342721a,false-t1, 57164648-c586-4e2a-8bcc-1bba3c117994->1faf1e02-8f3b-458a-adaf-b103e3c4301e,false-t1] and 0 exception(s); 57164648-c586-4e2a-8bcc-1bba3c117994:t1, leader=null, voted=57164648-c586-4e2a-8bcc-1bba3c117994, raftlog=57164648-c586-4e2a-8bcc-1bba3c117994-SegmentedRaftLog:OPENED:c-1,f-1,i0, conf=-1: [57164648-c586-4e2a-8bcc-1bba3c117994:192.168.11.204:35337, c5f2c476-202a-48a3-92aa-b5134342721a:192.168.11.204:45797, 1faf1e02-8f3b-458a-adaf-b103e3c4301e:192.168.11.204:35149], old=null
2019-06-14 00:48:55,525 INFO  impl.RaftServerImpl (RaftServerImpl.java:setRole(164)) - 57164648-c586-4e2a-8bcc-1bba3c117994:group-DA41BEE8D1BF changes role from CANDIDATE to FOLLOWER at term 1 for DISCOVERED_A_NEW_TERM
2019-06-14 00:48:55,525 INFO  impl.RoleInfo (RoleInfo.java:shutdownLeaderElection(134)) - 57164648-c586-4e2a-8bcc-1bba3c117994: shutdown LeaderElection
2019-06-14 00:48:55,525 INFO  impl.RoleInfo (RoleInfo.java:updateAndGet(143)) - 57164648-c586-4e2a-8bcc-1bba3c117994: start FollowerState
2019-06-14 00:48:55,526 INFO  impl.LeaderElection (LeaderElection.java:askForVotes(181)) - 1faf1e02-8f3b-458a-adaf-b103e3c4301e:group-DA41BEE8D1BF:LeaderElection69: begin an election at term 2 for -1: [57164648-c586-4e2a-8bcc-1bba3c117994:192.168.11.204:35337, c5f2c476-202a-48a3-92aa-b5134342721a:192.168.11.204:45797, 1faf1e02-8f3b-458a-adaf-b103e3c4301e:192.168.11.204:35149], old=null
2019-06-14 00:48:55,534 INFO  impl.LeaderElection (LeaderElection.java:logAndReturn(56)) - c5f2c476-202a-48a3-92aa-b5134342721a:group-DA41BEE8D1BF:LeaderElection68: Election DISCOVERED_A_NEW_TERM; received 1 response(s) [c5f2c476-202a-48a3-92aa-b5134342721a->1faf1e02-8f3b-458a-adaf-b103e3c4301e,false-t2] and 0 exception(s); c5f2c476-202a-48a3-92aa-b5134342721a:t1, leader=null, voted=c5f2c476-202a-48a3-92aa-b5134342721a, raftlog=c5f2c476-202a-48a3-92aa-b5134342721a-SegmentedRaftLog:OPENED:c-1,f-1,i0, conf=-1: [57164648-c586-4e2a-8bcc-1bba3c117994:192.168.11.204:35337, c5f2c476-202a-48a3-92aa-b5134342721a:192.168.11.204:45797, 1faf1e02-8f3b-458a-adaf-b103e3c4301e:192.168.11.204:35149], old=null
2019-06-14 00:48:55,545 INFO  impl.RaftServerImpl (RaftServerImpl.java:setRole(164)) - c5f2c476-202a-48a3-92aa-b5134342721a:group-DA41BEE8D1BF changes role from CANDIDATE to FOLLOWER at term 2 for DISCOVERED_A_NEW_TERM
2019-06-14 00:48:55,558 INFO  impl.RoleInfo (RoleInfo.java:shutdownLeaderElection(134)) - c5f2c476-202a-48a3-92aa-b5134342721a: shutdown LeaderElection
2019-06-14 00:48:55,545 INFO  impl.LeaderElection (LeaderElection.java:logAndReturn(56)) - 1faf1e02-8f3b-458a-adaf-b103e3c4301e:group-DA41BEE8D1BF:LeaderElection69: Election REJECTED; received 0 response(s) [] and 0 exception(s); 1faf1e02-8f3b-458a-adaf-b103e3c4301e:t2, leader=null, voted=1faf1e02-8f3b-458a-adaf-b103e3c4301e, raftlog=1faf1e02-8f3b-458a-adaf-b103e3c4301e-SegmentedRaftLog:OPENED:c-1,f-1,i0, conf=-1: [57164648-c586-4e2a-8bcc-1bba3c117994:192.168.11.204:35337, c5f2c476-202a-48a3-92aa-b5134342721a:192.168.11.204:45797, 1faf1e02-8f3b-458a-adaf-b103e3c4301e:192.168.11.204:35149], old=null
2019-06-14 00:48:55,558 INFO  impl.RoleInfo (RoleInfo.java:updateAndGet(143)) - c5f2c476-202a-48a3-92aa-b5134342721a: start FollowerState
2019-06-14 00:48:55,559 INFO  impl.RaftServerImpl (RaftServerImpl.java:setRole(164)) - 57164648-c586-4e2a-8bcc-1bba3c117994:group-DA41BEE8D1BF changes role from FOLLOWER to FOLLOWER at term 2 for recognizeCandidate:1faf1e02-8f3b-458a-adaf-b103e3c4301e
2019-06-14 00:48:55,559 INFO  impl.RoleInfo (RoleInfo.java:shutdownFollowerState(121)) - 57164648-c586-4e2a-8bcc-1bba3c117994: shutdown FollowerState
2019-06-14 00:48:55,560 INFO  impl.RoleInfo (RoleInfo.java:updateAndGet(143)) - 57164648-c586-4e2a-8bcc-1bba3c117994: start FollowerState
2019-06-14 00:48:55,560 INFO  storage.RaftLogWorker (RaftLogWorker.java:execute(469)) - 424f01c0-b114-415e-b493-f069231efd67-RaftLogWorker: created new log segment /opt/src/hadoop-ozone/integration-test/target/test-dir/MiniOzoneClusterImpl-419e5ba5-fc85-4622-bacb-c506f7be50b4/datanode-3/data/ratis/2da9f582-7c50-4af4-87e5-1e963f571b7a/current/log_inprogress_0
2019-06-14 00:48:55,561 INFO  impl.FollowerState (FollowerState.java:run(109)) - 57164648-c586-4e2a-8bcc-1bba3c117994: FollowerState was interrupted: java.lang.InterruptedException: sleep interrupted
2019-06-14 00:48:55,562 INFO  impl.RaftServerImpl (RaftServerImpl.java:setRole(164)) - c5f2c476-202a-48a3-92aa-b5134342721a:group-DA41BEE8D1BF changes role from FOLLOWER to FOLLOWER at term 2 for recognizeCandidate:1faf1e02-8f3b-458a-adaf-b103e3c4301e
2019-06-14 00:48:55,562 INFO  impl.RoleInfo (RoleInfo.java:shutdownFollowerState(121)) - c5f2c476-202a-48a3-92aa-b5134342721a: shutdown FollowerState
2019-06-14 00:48:55,563 INFO  impl.RoleInfo (RoleInfo.java:updateAndGet(143)) - c5f2c476-202a-48a3-92aa-b5134342721a: start FollowerState
2019-06-14 00:48:55,565 INFO  impl.FollowerState (FollowerState.java:run(109)) - c5f2c476-202a-48a3-92aa-b5134342721a: FollowerState was interrupted: java.lang.InterruptedException: sleep interrupted
2019-06-14 00:48:55,580 INFO  storage.RaftLogWorker (RaftLogWorker.java:execute(469)) - 1faf1e02-8f3b-458a-adaf-b103e3c4301e-RaftLogWorker: created new log segment /opt/src/hadoop-ozone/integration-test/target/test-dir/MiniOzoneClusterImpl-419e5ba5-fc85-4622-bacb-c506f7be50b4/datanode-2/data/ratis/4c7ac1fd-c5ca-4cbd-ad7c-027c68e75f4c/current/log_inprogress_0
2019-06-14 00:48:55,703 INFO  ozone.MiniOzoneClusterImpl (MiniOzoneClusterImpl.java:lambda$waitForClusterToBeReady$0(142)) - Cluster is ready. Got 6 of 6 DN Heartbeats.
2019-06-14 00:48:55,724 INFO  rpc.RpcClient (RpcClient.java:createVolume(289)) - Creating Volume: datanodefailurehandlingtest, with root as owner.
2019-06-14 00:48:55,731 INFO  rpc.RpcClient (RpcClient.java:createBucket(426)) - Creating Bucket: datanodefailurehandlingtest/datanodefailurehandlingtest, with Versioning false and Storage Type set to DISK and Encryption set to false 
2019-06-14 00:48:55,738 INFO  impl.FollowerState (FollowerState.java:run(101)) - bb7f80c3-5969-448a-b675-8b666b9345ca:group-01210F7BA3FF changes to CANDIDATE, lastRpcTime:1137, electionTimeout:1137ms
2019-06-14 00:48:55,738 INFO  impl.RoleInfo (RoleInfo.java:shutdownFollowerState(121)) - bb7f80c3-5969-448a-b675-8b666b9345ca: shutdown FollowerState
2019-06-14 00:48:55,738 INFO  impl.RaftServerImpl (RaftServerImpl.java:setRole(164)) - bb7f80c3-5969-448a-b675-8b666b9345ca:group-01210F7BA3FF changes role from FOLLOWER to CANDIDATE at term 0 for changeToCandidate
2019-06-14 00:48:55,738 INFO  impl.RoleInfo (RoleInfo.java:updateAndGet(143)) - bb7f80c3-5969-448a-b675-8b666b9345ca: start LeaderElection
2019-06-14 00:48:55,745 INFO  impl.LeaderElection (LeaderElection.java:askForVotes(181)) - bb7f80c3-5969-448a-b675-8b666b9345ca:group-01210F7BA3FF:LeaderElection70: begin an election at term 1 for -1: [bb7f80c3-5969-448a-b675-8b666b9345ca:192.168.11.204:36753], old=null
2019-06-14 00:48:55,745 INFO  impl.RoleInfo (RoleInfo.java:shutdownLeaderElection(134)) - bb7f80c3-5969-448a-b675-8b666b9345ca: shutdown LeaderElection
2019-06-14 00:48:55,745 INFO  impl.RaftServerImpl (RaftServerImpl.java:setRole(164)) - bb7f80c3-5969-448a-b675-8b666b9345ca:group-01210F7BA3FF changes role from CANDIDATE to LEADER at term 1 for changeToLeader
2019-06-14 00:48:55,745 INFO  impl.RaftServerImpl (ServerState.java:setLeader(263)) - bb7f80c3-5969-448a-b675-8b666b9345ca:group-01210F7BA3FF change Leader from null to bb7f80c3-5969-448a-b675-8b666b9345ca at term 1 for becomeLeader, leader elected after 1146ms
2019-06-14 00:48:55,746 INFO  server.RaftServerConfigKeys (ConfUtils.java:logGet(43)) - raft.server.staging.catchup.gap = 1000 (default)
2019-06-14 00:48:55,746 INFO  server.RaftServerConfigKeys (ConfUtils.java:logGet(43)) - raft.server.rpc.sleep.time = 25ms (default)
2019-06-14 00:48:55,746 INFO  server.RaftServerConfigKeys (ConfUtils.java:logGet(43)) - raft.server.watch.timeout = 10s (default)
2019-06-14 00:48:55,746 INFO  server.RaftServerConfigKeys (ConfUtils.java:logGet(43)) - raft.server.watch.timeout.denomination = 1s (default)
2019-06-14 00:48:55,746 INFO  impl.RoleInfo (RoleInfo.java:updateAndGet(143)) - bb7f80c3-5969-448a-b675-8b666b9345ca: start LeaderState
2019-06-14 00:48:55,746 INFO  storage.RaftLogWorker (RaftLogWorker.java:startLogSegment(298)) - bb7f80c3-5969-448a-b675-8b666b9345ca-RaftLogWorker: Starting segment from index:0
2019-06-14 00:48:55,746 INFO  impl.RaftServerImpl (ServerState.java:setRaftConf(361)) - bb7f80c3-5969-448a-b675-8b666b9345ca:group-01210F7BA3FF set configuration 0: [bb7f80c3-5969-448a-b675-8b666b9345ca:192.168.11.204:36753], old=null at 0
2019-06-14 00:48:55,748 INFO  impl.FollowerState (FollowerState.java:run(101)) - 2debb5e0-31ed-436b-b5a8-022b9e8f4201:group-BE7EA55CB3CD changes to CANDIDATE, lastRpcTime:1032, electionTimeout:1032ms
2019-06-14 00:48:55,748 INFO  impl.RoleInfo (RoleInfo.java:shutdownFollowerState(121)) - 2debb5e0-31ed-436b-b5a8-022b9e8f4201: shutdown FollowerState
2019-06-14 00:48:55,748 INFO  impl.RaftServerImpl (RaftServerImpl.java:setRole(164)) - 2debb5e0-31ed-436b-b5a8-022b9e8f4201:group-BE7EA55CB3CD changes role from FOLLOWER to CANDIDATE at term 0 for changeToCandidate
2019-06-14 00:48:55,748 INFO  impl.RoleInfo (RoleInfo.java:updateAndGet(143)) - 2debb5e0-31ed-436b-b5a8-022b9e8f4201: start LeaderElection
2019-06-14 00:48:55,769 INFO  impl.LeaderElection (LeaderElection.java:askForVotes(181)) - 2debb5e0-31ed-436b-b5a8-022b9e8f4201:group-BE7EA55CB3CD:LeaderElection71: begin an election at term 1 for -1: [2debb5e0-31ed-436b-b5a8-022b9e8f4201:192.168.11.204:36153], old=null
2019-06-14 00:48:55,769 INFO  impl.RoleInfo (RoleInfo.java:shutdownLeaderElection(134)) - 2debb5e0-31ed-436b-b5a8-022b9e8f4201: shutdown LeaderElection
2019-06-14 00:48:55,769 INFO  impl.RaftServerImpl (RaftServerImpl.java:setRole(164)) - 2debb5e0-31ed-436b-b5a8-022b9e8f4201:group-BE7EA55CB3CD changes role from CANDIDATE to LEADER at term 1 for changeToLeader
2019-06-14 00:48:55,769 INFO  impl.RaftServerImpl (ServerState.java:setLeader(263)) - 2debb5e0-31ed-436b-b5a8-022b9e8f4201:group-BE7EA55CB3CD change Leader from null to 2debb5e0-31ed-436b-b5a8-022b9e8f4201 at term 1 for becomeLeader, leader elected after 1055ms
2019-06-14 00:48:55,769 INFO  server.RaftServerConfigKeys (ConfUtils.java:logGet(43)) - raft.server.staging.catchup.gap = 1000 (default)
2019-06-14 00:48:55,769 INFO  server.RaftServerConfigKeys (ConfUtils.java:logGet(43)) - raft.server.rpc.sleep.time = 25ms (default)
2019-06-14 00:48:55,770 INFO  server.RaftServerConfigKeys (ConfUtils.java:logGet(43)) - raft.server.watch.timeout = 10s (default)
2019-06-14 00:48:55,770 INFO  server.RaftServerConfigKeys (ConfUtils.java:logGet(43)) - raft.server.watch.timeout.denomination = 1s (default)
2019-06-14 00:48:55,770 INFO  impl.RoleInfo (RoleInfo.java:updateAndGet(143)) - 2debb5e0-31ed-436b-b5a8-022b9e8f4201: start LeaderState
2019-06-14 00:48:55,770 INFO  storage.RaftLogWorker (RaftLogWorker.java:startLogSegment(298)) - 2debb5e0-31ed-436b-b5a8-022b9e8f4201-RaftLogWorker: Starting segment from index:0
2019-06-14 00:48:55,770 INFO  impl.RaftServerImpl (ServerState.java:setRaftConf(361)) - 2debb5e0-31ed-436b-b5a8-022b9e8f4201:group-BE7EA55CB3CD set configuration 0: [2debb5e0-31ed-436b-b5a8-022b9e8f4201:192.168.11.204:36153], old=null at 0
2019-06-14 00:48:55,824 INFO  storage.RaftLogWorker (RaftLogWorker.java:execute(469)) - bb7f80c3-5969-448a-b675-8b666b9345ca-RaftLogWorker: created new log segment /opt/src/hadoop-ozone/integration-test/target/test-dir/MiniOzoneClusterImpl-419e5ba5-fc85-4622-bacb-c506f7be50b4/datanode-4/data/ratis/09350e68-b583-4e58-9dd2-01210f7ba3ff/current/log_inprogress_0
2019-06-14 00:48:55,825 INFO  impl.FollowerState (FollowerState.java:run(101)) - bb7f80c3-5969-448a-b675-8b666b9345ca:group-5EB6A925203E changes to CANDIDATE, lastRpcTime:1085, electionTimeout:1053ms
2019-06-14 00:48:55,825 INFO  impl.RoleInfo (RoleInfo.java:shutdownFollowerState(121)) - bb7f80c3-5969-448a-b675-8b666b9345ca: shutdown FollowerState
2019-06-14 00:48:55,826 INFO  impl.RaftServerImpl (RaftServerImpl.java:setRole(164)) - bb7f80c3-5969-448a-b675-8b666b9345ca:group-5EB6A925203E changes role from FOLLOWER to CANDIDATE at term 0 for changeToCandidate
2019-06-14 00:48:55,826 INFO  impl.RoleInfo (RoleInfo.java:updateAndGet(143)) - bb7f80c3-5969-448a-b675-8b666b9345ca: start LeaderElection
2019-06-14 00:48:55,830 INFO  impl.FollowerState (FollowerState.java:run(101)) - 2debb5e0-31ed-436b-b5a8-022b9e8f4201:group-5EB6A925203E changes to CANDIDATE, lastRpcTime:1091, electionTimeout:1090ms
2019-06-14 00:48:55,830 INFO  impl.RoleInfo (RoleInfo.java:shutdownFollowerState(121)) - 2debb5e0-31ed-436b-b5a8-022b9e8f4201: shutdown FollowerState
2019-06-14 00:48:55,830 INFO  impl.FollowerState (FollowerState.java:run(101)) - 424f01c0-b114-415e-b493-f069231efd67:group-5EB6A925203E changes to CANDIDATE, lastRpcTime:1081, electionTimeout:1081ms
2019-06-14 00:48:55,830 INFO  impl.RaftServerImpl (RaftServerImpl.java:setRole(164)) - 2debb5e0-31ed-436b-b5a8-022b9e8f4201:group-5EB6A925203E changes role from FOLLOWER to CANDIDATE at term 0 for changeToCandidate
2019-06-14 00:48:55,830 INFO  impl.RoleInfo (RoleInfo.java:shutdownFollowerState(121)) - 424f01c0-b114-415e-b493-f069231efd67: shutdown FollowerState
2019-06-14 00:48:55,830 INFO  impl.RaftServerImpl (RaftServerImpl.java:setRole(164)) - 424f01c0-b114-415e-b493-f069231efd67:group-5EB6A925203E changes role from FOLLOWER to CANDIDATE at term 0 for changeToCandidate
2019-06-14 00:48:55,833 INFO  impl.RoleInfo (RoleInfo.java:updateAndGet(143)) - 424f01c0-b114-415e-b493-f069231efd67: start LeaderElection
2019-06-14 00:48:55,833 INFO  impl.RoleInfo (RoleInfo.java:updateAndGet(143)) - 2debb5e0-31ed-436b-b5a8-022b9e8f4201: start LeaderElection
2019-06-14 00:48:55,858 INFO  storage.RaftLogWorker (RaftLogWorker.java:execute(469)) - 2debb5e0-31ed-436b-b5a8-022b9e8f4201-RaftLogWorker: created new log segment /opt/src/hadoop-ozone/integration-test/target/test-dir/MiniOzoneClusterImpl-419e5ba5-fc85-4622-bacb-c506f7be50b4/datanode-5/data/ratis/c53ca9ae-61d3-4102-930e-be7ea55cb3cd/current/log_inprogress_0
2019-06-14 00:48:55,858 INFO  impl.LeaderElection (LeaderElection.java:askForVotes(181)) - bb7f80c3-5969-448a-b675-8b666b9345ca:group-5EB6A925203E:LeaderElection72: begin an election at term 1 for -1: [424f01c0-b114-415e-b493-f069231efd67:192.168.11.204:40521, bb7f80c3-5969-448a-b675-8b666b9345ca:192.168.11.204:36753, 2debb5e0-31ed-436b-b5a8-022b9e8f4201:192.168.11.204:36153], old=null
2019-06-14 00:48:55,866 INFO  impl.LeaderElection (LeaderElection.java:askForVotes(181)) - 424f01c0-b114-415e-b493-f069231efd67:group-5EB6A925203E:LeaderElection74: begin an election at term 1 for -1: [424f01c0-b114-415e-b493-f069231efd67:192.168.11.204:40521, bb7f80c3-5969-448a-b675-8b666b9345ca:192.168.11.204:36753, 2debb5e0-31ed-436b-b5a8-022b9e8f4201:192.168.11.204:36153], old=null
2019-06-14 00:48:55,867 INFO  impl.LeaderElection (LeaderElection.java:askForVotes(181)) - 2debb5e0-31ed-436b-b5a8-022b9e8f4201:group-5EB6A925203E:LeaderElection73: begin an election at term 1 for -1: [424f01c0-b114-415e-b493-f069231efd67:192.168.11.204:40521, bb7f80c3-5969-448a-b675-8b666b9345ca:192.168.11.204:36753, 2debb5e0-31ed-436b-b5a8-022b9e8f4201:192.168.11.204:36153], old=null
2019-06-14 00:48:55,883 INFO  impl.LeaderElection (LeaderElection.java:logAndReturn(56)) - bb7f80c3-5969-448a-b675-8b666b9345ca:group-5EB6A925203E:LeaderElection72: Election REJECTED; received 2 response(s) [bb7f80c3-5969-448a-b675-8b666b9345ca->424f01c0-b114-415e-b493-f069231efd67,false-t1, bb7f80c3-5969-448a-b675-8b666b9345ca->2debb5e0-31ed-436b-b5a8-022b9e8f4201,false-t1] and 0 exception(s); bb7f80c3-5969-448a-b675-8b666b9345ca:t1, leader=null, voted=bb7f80c3-5969-448a-b675-8b666b9345ca, raftlog=bb7f80c3-5969-448a-b675-8b666b9345ca-SegmentedRaftLog:OPENED:c-1,f-1,i0, conf=-1: [424f01c0-b114-415e-b493-f069231efd67:192.168.11.204:40521, bb7f80c3-5969-448a-b675-8b666b9345ca:192.168.11.204:36753, 2debb5e0-31ed-436b-b5a8-022b9e8f4201:192.168.11.204:36153], old=null
2019-06-14 00:48:55,883 INFO  impl.RaftServerImpl (RaftServerImpl.java:setRole(164)) - bb7f80c3-5969-448a-b675-8b666b9345ca:group-5EB6A925203E changes role from CANDIDATE to FOLLOWER at term 1 for DISCOVERED_A_NEW_TERM
2019-06-14 00:48:55,883 INFO  impl.RoleInfo (RoleInfo.java:shutdownLeaderElection(134)) - bb7f80c3-5969-448a-b675-8b666b9345ca: shutdown LeaderElection
2019-06-14 00:48:55,883 INFO  impl.RoleInfo (RoleInfo.java:updateAndGet(143)) - bb7f80c3-5969-448a-b675-8b666b9345ca: start FollowerState
2019-06-14 00:48:55,891 INFO  impl.LeaderElection (LeaderElection.java:logAndReturn(56)) - 424f01c0-b114-415e-b493-f069231efd67:group-5EB6A925203E:LeaderElection74: Election REJECTED; received 2 response(s) [424f01c0-b114-415e-b493-f069231efd67->bb7f80c3-5969-448a-b675-8b666b9345ca,false-t1, 424f01c0-b114-415e-b493-f069231efd67->2debb5e0-31ed-436b-b5a8-022b9e8f4201,false-t1] and 0 exception(s); 424f01c0-b114-415e-b493-f069231efd67:t1, leader=null, voted=424f01c0-b114-415e-b493-f069231efd67, raftlog=424f01c0-b114-415e-b493-f069231efd67-SegmentedRaftLog:OPENED:c-1,f-1,i0, conf=-1: [424f01c0-b114-415e-b493-f069231efd67:192.168.11.204:40521, bb7f80c3-5969-448a-b675-8b666b9345ca:192.168.11.204:36753, 2debb5e0-31ed-436b-b5a8-022b9e8f4201:192.168.11.204:36153], old=null
2019-06-14 00:48:55,891 INFO  impl.RaftServerImpl (RaftServerImpl.java:setRole(164)) - 424f01c0-b114-415e-b493-f069231efd67:group-5EB6A925203E changes role from CANDIDATE to FOLLOWER at term 1 for DISCOVERED_A_NEW_TERM
2019-06-14 00:48:55,891 INFO  impl.RoleInfo (RoleInfo.java:shutdownLeaderElection(134)) - 424f01c0-b114-415e-b493-f069231efd67: shutdown LeaderElection
2019-06-14 00:48:55,891 INFO  impl.RoleInfo (RoleInfo.java:updateAndGet(143)) - 424f01c0-b114-415e-b493-f069231efd67: start FollowerState
2019-06-14 00:48:55,893 INFO  impl.LeaderElection (LeaderElection.java:logAndReturn(56)) - 2debb5e0-31ed-436b-b5a8-022b9e8f4201:group-5EB6A925203E:LeaderElection73: Election REJECTED; received 2 response(s) [2debb5e0-31ed-436b-b5a8-022b9e8f4201->424f01c0-b114-415e-b493-f069231efd67,false-t1, 2debb5e0-31ed-436b-b5a8-022b9e8f4201->bb7f80c3-5969-448a-b675-8b666b9345ca,false-t1] and 0 exception(s); 2debb5e0-31ed-436b-b5a8-022b9e8f4201:t1, leader=null, voted=2debb5e0-31ed-436b-b5a8-022b9e8f4201, raftlog=2debb5e0-31ed-436b-b5a8-022b9e8f4201-SegmentedRaftLog:OPENED:c-1,f-1,i0, conf=-1: [424f01c0-b114-415e-b493-f069231efd67:192.168.11.204:40521, bb7f80c3-5969-448a-b675-8b666b9345ca:192.168.11.204:36753, 2debb5e0-31ed-436b-b5a8-022b9e8f4201:192.168.11.204:36153], old=null
2019-06-14 00:48:55,893 INFO  impl.RaftServerImpl (RaftServerImpl.java:setRole(164)) - 2debb5e0-31ed-436b-b5a8-022b9e8f4201:group-5EB6A925203E changes role from CANDIDATE to FOLLOWER at term 1 for DISCOVERED_A_NEW_TERM
2019-06-14 00:48:55,893 INFO  client.GrpcClientProtocolClient (GrpcClientProtocolClient.java:onNext(254)) - client-78F9E898AE47->2debb5e0-31ed-436b-b5a8-022b9e8f4201: receive RaftClientReply:client-78F9E898AE47->2debb5e0-31ed-436b-b5a8-022b9e8f4201@group-5EB6A925203E, cid=178, FAILED org.apache.ratis.protocol.NotLeaderException: Server 2debb5e0-31ed-436b-b5a8-022b9e8f4201 is not the leader (bb7f80c3-5969-448a-b675-8b666b9345ca:192.168.11.204:36753). Request must be sent to leader., logIndex=0, commits[2debb5e0-31ed-436b-b5a8-022b9e8f4201:c-1]
2019-06-14 00:48:55,893 INFO  impl.RoleInfo (RoleInfo.java:shutdownLeaderElection(134)) - 2debb5e0-31ed-436b-b5a8-022b9e8f4201: shutdown LeaderElection
2019-06-14 00:48:55,894 INFO  impl.RoleInfo (RoleInfo.java:updateAndGet(143)) - 2debb5e0-31ed-436b-b5a8-022b9e8f4201: start FollowerState
2019-06-14 00:48:55,897 WARN  client.GrpcClientProtocolService (LogUtils.java:warn(134)) - 0-OrderedRequestStreamObserver0: onError: org.apache.ratis.thirdparty.io.grpc.StatusRuntimeException: CANCELLED: cancelled before receiving half close
2019-06-14 00:48:56,564 INFO  impl.FollowerState (FollowerState.java:run(101)) - c5f2c476-202a-48a3-92aa-b5134342721a:group-DA41BEE8D1BF changes to CANDIDATE, lastRpcTime:1001, electionTimeout:1001ms
2019-06-14 00:48:56,564 INFO  impl.RoleInfo (RoleInfo.java:shutdownFollowerState(121)) - c5f2c476-202a-48a3-92aa-b5134342721a: shutdown FollowerState
2019-06-14 00:48:56,565 INFO  impl.RaftServerImpl (RaftServerImpl.java:setRole(164)) - c5f2c476-202a-48a3-92aa-b5134342721a:group-DA41BEE8D1BF changes role from FOLLOWER to CANDIDATE at term 2 for changeToCandidate
2019-06-14 00:48:56,565 INFO  impl.RoleInfo (RoleInfo.java:updateAndGet(143)) - c5f2c476-202a-48a3-92aa-b5134342721a: start LeaderElection
2019-06-14 00:48:56,567 INFO  impl.LeaderElection (LeaderElection.java:askForVotes(181)) - c5f2c476-202a-48a3-92aa-b5134342721a:group-DA41BEE8D1BF:LeaderElection75: begin an election at term 3 for -1: [57164648-c586-4e2a-8bcc-1bba3c117994:192.168.11.204:35337, c5f2c476-202a-48a3-92aa-b5134342721a:192.168.11.204:45797, 1faf1e02-8f3b-458a-adaf-b103e3c4301e:192.168.11.204:35149], old=null
2019-06-14 00:48:56,569 INFO  impl.RaftServerImpl (RaftServerImpl.java:setRole(164)) - 57164648-c586-4e2a-8bcc-1bba3c117994:group-DA41BEE8D1BF changes role from FOLLOWER to FOLLOWER at term 3 for recognizeCandidate:c5f2c476-202a-48a3-92aa-b5134342721a
2019-06-14 00:48:56,569 INFO  impl.RoleInfo (RoleInfo.java:shutdownFollowerState(121)) - 57164648-c586-4e2a-8bcc-1bba3c117994: shutdown FollowerState
2019-06-14 00:48:56,569 INFO  impl.RaftServerImpl (RaftServerImpl.java:setRole(164)) - 1faf1e02-8f3b-458a-adaf-b103e3c4301e:group-DA41BEE8D1BF changes role from FOLLOWER to FOLLOWER at term 3 for recognizeCandidate:c5f2c476-202a-48a3-92aa-b5134342721a
2019-06-14 00:48:56,570 INFO  impl.RoleInfo (RoleInfo.java:shutdownFollowerState(121)) - 1faf1e02-8f3b-458a-adaf-b103e3c4301e: shutdown FollowerState
2019-06-14 00:48:56,570 INFO  impl.RoleInfo (RoleInfo.java:updateAndGet(143)) - 1faf1e02-8f3b-458a-adaf-b103e3c4301e: start FollowerState
2019-06-14 00:48:56,570 INFO  impl.FollowerState (FollowerState.java:run(109)) - 57164648-c586-4e2a-8bcc-1bba3c117994: FollowerState was interrupted: java.lang.InterruptedException: sleep interrupted
2019-06-14 00:48:56,569 INFO  impl.RoleInfo (RoleInfo.java:updateAndGet(143)) - 57164648-c586-4e2a-8bcc-1bba3c117994: start FollowerState
2019-06-14 00:48:56,570 INFO  impl.FollowerState (FollowerState.java:run(109)) - 1faf1e02-8f3b-458a-adaf-b103e3c4301e: FollowerState was interrupted: java.lang.InterruptedException: sleep interrupted
2019-06-14 00:48:56,572 INFO  impl.LeaderElection (LeaderElection.java:logAndReturn(56)) - c5f2c476-202a-48a3-92aa-b5134342721a:group-DA41BEE8D1BF:LeaderElection75: Election PASSED; received 1 response(s) [c5f2c476-202a-48a3-92aa-b5134342721a->57164648-c586-4e2a-8bcc-1bba3c117994,true-t3] and 0 exception(s); c5f2c476-202a-48a3-92aa-b5134342721a:t3, leader=null, voted=c5f2c476-202a-48a3-92aa-b5134342721a, raftlog=c5f2c476-202a-48a3-92aa-b5134342721a-SegmentedRaftLog:OPENED:c-1,f-1,i0, conf=-1: [57164648-c586-4e2a-8bcc-1bba3c117994:192.168.11.204:35337, c5f2c476-202a-48a3-92aa-b5134342721a:192.168.11.204:45797, 1faf1e02-8f3b-458a-adaf-b103e3c4301e:192.168.11.204:35149], old=null
2019-06-14 00:48:56,573 INFO  impl.RoleInfo (RoleInfo.java:shutdownLeaderElection(134)) - c5f2c476-202a-48a3-92aa-b5134342721a: shutdown LeaderElection
2019-06-14 00:48:56,573 INFO  impl.RaftServerImpl (RaftServerImpl.java:setRole(164)) - c5f2c476-202a-48a3-92aa-b5134342721a:group-DA41BEE8D1BF changes role from CANDIDATE to LEADER at term 3 for changeToLeader
2019-06-14 00:48:56,573 INFO  impl.RaftServerImpl (ServerState.java:setLeader(263)) - c5f2c476-202a-48a3-92aa-b5134342721a:group-DA41BEE8D1BF change Leader from null to c5f2c476-202a-48a3-92aa-b5134342721a at term 3 for becomeLeader, leader elected after 2208ms
2019-06-14 00:48:56,573 INFO  server.RaftServerConfigKeys (ConfUtils.java:logGet(43)) - raft.server.staging.catchup.gap = 1000 (default)
2019-06-14 00:48:56,573 INFO  server.RaftServerConfigKeys (ConfUtils.java:logGet(43)) - raft.server.rpc.sleep.time = 25ms (default)
2019-06-14 00:48:56,573 INFO  server.RaftServerConfigKeys (ConfUtils.java:logGet(43)) - raft.server.watch.timeout = 10s (default)
2019-06-14 00:48:56,573 INFO  server.RaftServerConfigKeys (ConfUtils.java:logGet(43)) - raft.server.watch.timeout.denomination = 1s (default)
2019-06-14 00:48:56,573 INFO  server.RaftServerConfigKeys (ConfUtils.java:logGet(43)) - raft.server.log.appender.snapshot.chunk.size.max = 16MB (=16777216) (default)
2019-06-14 00:48:56,573 INFO  server.RaftServerConfigKeys (ConfUtils.java:logGet(43)) - raft.server.log.appender.buffer.byte-limit = 33554432 (custom)
2019-06-14 00:48:56,573 INFO  server.RaftServerConfigKeys (ConfUtils.java:logGet(43)) - raft.server.log.appender.buffer.element-limit = 1 (custom)
2019-06-14 00:48:56,574 INFO  grpc.GrpcConfigKeys$Server (ConfUtils.java:logGet(43)) - raft.grpc.server.leader.outstanding.appends.max = 128 (default)
2019-06-14 00:48:56,574 INFO  server.RaftServerConfigKeys (ConfUtils.java:logGet(43)) - raft.server.rpc.request.timeout = 3000ms (default)
2019-06-14 00:48:56,574 INFO  server.RaftServerConfigKeys (ConfUtils.java:logGet(43)) - raft.server.log.appender.install.snapshot.enabled = true (default)
2019-06-14 00:48:56,574 INFO  server.RaftServerConfigKeys (ConfUtils.java:logGet(43)) - raft.server.log.appender.snapshot.chunk.size.max = 16MB (=16777216) (default)
2019-06-14 00:48:56,574 INFO  server.RaftServerConfigKeys (ConfUtils.java:logGet(43)) - raft.server.log.appender.buffer.byte-limit = 33554432 (custom)
2019-06-14 00:48:56,574 INFO  server.RaftServerConfigKeys (ConfUtils.java:logGet(43)) - raft.server.log.appender.buffer.element-limit = 1 (custom)
2019-06-14 00:48:56,574 INFO  grpc.GrpcConfigKeys$Server (ConfUtils.java:logGet(43)) - raft.grpc.server.leader.outstanding.appends.max = 128 (default)
2019-06-14 00:48:56,574 INFO  server.RaftServerConfigKeys (ConfUtils.java:logGet(43)) - raft.server.rpc.request.timeout = 3000ms (default)
2019-06-14 00:48:56,574 INFO  server.RaftServerConfigKeys (ConfUtils.java:logGet(43)) - raft.server.log.appender.install.snapshot.enabled = true (default)
2019-06-14 00:48:56,575 INFO  impl.RoleInfo (RoleInfo.java:updateAndGet(143)) - c5f2c476-202a-48a3-92aa-b5134342721a: start LeaderState
2019-06-14 00:48:56,575 INFO  storage.RaftLogWorker (RaftLogWorker.java:startLogSegment(298)) - c5f2c476-202a-48a3-92aa-b5134342721a-RaftLogWorker: Starting segment from index:0
2019-06-14 00:48:56,579 INFO  impl.RaftServerImpl (ServerState.java:setRaftConf(361)) - c5f2c476-202a-48a3-92aa-b5134342721a:group-DA41BEE8D1BF set configuration 0: [57164648-c586-4e2a-8bcc-1bba3c117994:192.168.11.204:35337, c5f2c476-202a-48a3-92aa-b5134342721a:192.168.11.204:45797, 1faf1e02-8f3b-458a-adaf-b103e3c4301e:192.168.11.204:35149], old=null at 0
2019-06-14 00:48:56,579 INFO  impl.RaftServerImpl (ServerState.java:setLeader(263)) - 57164648-c586-4e2a-8bcc-1bba3c117994:group-DA41BEE8D1BF change Leader from null to c5f2c476-202a-48a3-92aa-b5134342721a at term 3 for appendEntries, leader elected after 2217ms
2019-06-14 00:48:56,579 INFO  impl.RaftServerImpl (ServerState.java:setLeader(263)) - 1faf1e02-8f3b-458a-adaf-b103e3c4301e:group-DA41BEE8D1BF change Leader from null to c5f2c476-202a-48a3-92aa-b5134342721a at term 3 for appendEntries, leader elected after 2218ms
2019-06-14 00:48:56,596 INFO  impl.RaftServerImpl (ServerState.java:setRaftConf(361)) - 1faf1e02-8f3b-458a-adaf-b103e3c4301e:group-DA41BEE8D1BF set configuration 0: [57164648-c586-4e2a-8bcc-1bba3c117994:192.168.11.204:35337, c5f2c476-202a-48a3-92aa-b5134342721a:192.168.11.204:45797, 1faf1e02-8f3b-458a-adaf-b103e3c4301e:192.168.11.204:35149], old=null at 0
2019-06-14 00:48:56,596 INFO  impl.RaftServerImpl (ServerState.java:setRaftConf(361)) - 57164648-c586-4e2a-8bcc-1bba3c117994:group-DA41BEE8D1BF set configuration 0: [57164648-c586-4e2a-8bcc-1bba3c117994:192.168.11.204:35337, c5f2c476-202a-48a3-92aa-b5134342721a:192.168.11.204:45797, 1faf1e02-8f3b-458a-adaf-b103e3c4301e:192.168.11.204:35149], old=null at 0
2019-06-14 00:48:56,596 INFO  storage.RaftLogWorker (RaftLogWorker.java:startLogSegment(298)) - 57164648-c586-4e2a-8bcc-1bba3c117994-RaftLogWorker: Starting segment from index:0
2019-06-14 00:48:56,596 INFO  storage.RaftLogWorker (RaftLogWorker.java:startLogSegment(298)) - 1faf1e02-8f3b-458a-adaf-b103e3c4301e-RaftLogWorker: Starting segment from index:0
2019-06-14 00:48:56,621 INFO  storage.RaftLogWorker (RaftLogWorker.java:execute(469)) - c5f2c476-202a-48a3-92aa-b5134342721a-RaftLogWorker: created new log segment /opt/src/hadoop-ozone/integration-test/target/test-dir/MiniOzoneClusterImpl-419e5ba5-fc85-4622-bacb-c506f7be50b4/datanode-0/data/ratis/cb105503-3df6-47cb-b6de-da41bee8d1bf/current/log_inprogress_0
2019-06-14 00:48:56,639 INFO  storage.RaftLogWorker (RaftLogWorker.java:execute(469)) - 57164648-c586-4e2a-8bcc-1bba3c117994-RaftLogWorker: created new log segment /opt/src/hadoop-ozone/integration-test/target/test-dir/MiniOzoneClusterImpl-419e5ba5-fc85-4622-bacb-c506f7be50b4/datanode-1/data/ratis/cb105503-3df6-47cb-b6de-da41bee8d1bf/current/log_inprogress_0
2019-06-14 00:48:56,639 INFO  storage.RaftLogWorker (RaftLogWorker.java:execute(469)) - 1faf1e02-8f3b-458a-adaf-b103e3c4301e-RaftLogWorker: created new log segment /opt/src/hadoop-ozone/integration-test/target/test-dir/MiniOzoneClusterImpl-419e5ba5-fc85-4622-bacb-c506f7be50b4/datanode-2/data/ratis/cb105503-3df6-47cb-b6de-da41bee8d1bf/current/log_inprogress_0
2019-06-14 00:48:56,905 INFO  client.GrpcClientProtocolClient (GrpcClientProtocolClient.java:onNext(254)) - client-78F9E898AE47->bb7f80c3-5969-448a-b675-8b666b9345ca: receive RaftClientReply:client-78F9E898AE47->bb7f80c3-5969-448a-b675-8b666b9345ca@group-5EB6A925203E, cid=178, FAILED org.apache.ratis.protocol.NotLeaderException: Server bb7f80c3-5969-448a-b675-8b666b9345ca is not the leader (424f01c0-b114-415e-b493-f069231efd67:192.168.11.204:40521). Request must be sent to leader., logIndex=0, commits[bb7f80c3-5969-448a-b675-8b666b9345ca:c-1]
2019-06-14 00:48:56,907 WARN  client.GrpcClientProtocolService (LogUtils.java:warn(134)) - 0-OrderedRequestStreamObserver0: onError: org.apache.ratis.thirdparty.io.grpc.StatusRuntimeException: CANCELLED: cancelled before receiving half close
2019-06-14 00:48:56,958 INFO  impl.FollowerState (FollowerState.java:run(101)) - 424f01c0-b114-415e-b493-f069231efd67:group-5EB6A925203E changes to CANDIDATE, lastRpcTime:1067, electionTimeout:1065ms
2019-06-14 00:48:56,959 INFO  impl.RoleInfo (RoleInfo.java:shutdownFollowerState(121)) - 424f01c0-b114-415e-b493-f069231efd67: shutdown FollowerState
2019-06-14 00:48:56,959 INFO  impl.RaftServerImpl (RaftServerImpl.java:setRole(164)) - 424f01c0-b114-415e-b493-f069231efd67:group-5EB6A925203E changes role from FOLLOWER to CANDIDATE at term 1 for changeToCandidate
2019-06-14 00:48:56,959 INFO  impl.RoleInfo (RoleInfo.java:updateAndGet(143)) - 424f01c0-b114-415e-b493-f069231efd67: start LeaderElection
2019-06-14 00:48:56,962 INFO  impl.LeaderElection (LeaderElection.java:askForVotes(181)) - 424f01c0-b114-415e-b493-f069231efd67:group-5EB6A925203E:LeaderElection76: begin an election at term 2 for -1: [424f01c0-b114-415e-b493-f069231efd67:192.168.11.204:40521, bb7f80c3-5969-448a-b675-8b666b9345ca:192.168.11.204:36753, 2debb5e0-31ed-436b-b5a8-022b9e8f4201:192.168.11.204:36153], old=null
2019-06-14 00:48:56,963 INFO  impl.RaftServerImpl (RaftServerImpl.java:setRole(164)) - bb7f80c3-5969-448a-b675-8b666b9345ca:group-5EB6A925203E changes role from FOLLOWER to FOLLOWER at term 2 for recognizeCandidate:424f01c0-b114-415e-b493-f069231efd67
2019-06-14 00:48:56,963 INFO  impl.RaftServerImpl (RaftServerImpl.java:setRole(164)) - 2debb5e0-31ed-436b-b5a8-022b9e8f4201:group-5EB6A925203E changes role from FOLLOWER to FOLLOWER at term 2 for recognizeCandidate:424f01c0-b114-415e-b493-f069231efd67
2019-06-14 00:48:56,963 INFO  impl.RoleInfo (RoleInfo.java:shutdownFollowerState(121)) - bb7f80c3-5969-448a-b675-8b666b9345ca: shutdown FollowerState
2019-06-14 00:48:56,963 INFO  impl.RoleInfo (RoleInfo.java:shutdownFollowerState(121)) - 2debb5e0-31ed-436b-b5a8-022b9e8f4201: shutdown FollowerState
2019-06-14 00:48:56,963 INFO  impl.RoleInfo (RoleInfo.java:updateAndGet(143)) - bb7f80c3-5969-448a-b675-8b666b9345ca: start FollowerState
2019-06-14 00:48:56,964 INFO  impl.FollowerState (FollowerState.java:run(109)) - 2debb5e0-31ed-436b-b5a8-022b9e8f4201: FollowerState was interrupted: java.lang.InterruptedException: sleep interrupted
2019-06-14 00:48:56,964 INFO  impl.RoleInfo (RoleInfo.java:updateAndGet(143)) - 2debb5e0-31ed-436b-b5a8-022b9e8f4201: start FollowerState
2019-06-14 00:48:56,965 INFO  impl.FollowerState (FollowerState.java:run(109)) - bb7f80c3-5969-448a-b675-8b666b9345ca: FollowerState was interrupted: java.lang.InterruptedException: sleep interrupted
2019-06-14 00:48:56,966 INFO  impl.LeaderElection (LeaderElection.java:logAndReturn(56)) - 424f01c0-b114-415e-b493-f069231efd67:group-5EB6A925203E:LeaderElection76: Election PASSED; received 1 response(s) [424f01c0-b114-415e-b493-f069231efd67->2debb5e0-31ed-436b-b5a8-022b9e8f4201,true-t2] and 0 exception(s); 424f01c0-b114-415e-b493-f069231efd67:t2, leader=null, voted=424f01c0-b114-415e-b493-f069231efd67, raftlog=424f01c0-b114-415e-b493-f069231efd67-SegmentedRaftLog:OPENED:c-1,f-1,i0, conf=-1: [424f01c0-b114-415e-b493-f069231efd67:192.168.11.204:40521, bb7f80c3-5969-448a-b675-8b666b9345ca:192.168.11.204:36753, 2debb5e0-31ed-436b-b5a8-022b9e8f4201:192.168.11.204:36153], old=null
2019-06-14 00:48:56,966 INFO  impl.RoleInfo (RoleInfo.java:shutdownLeaderElection(134)) - 424f01c0-b114-415e-b493-f069231efd67: shutdown LeaderElection
2019-06-14 00:48:56,967 INFO  impl.RaftServerImpl (RaftServerImpl.java:setRole(164)) - 424f01c0-b114-415e-b493-f069231efd67:group-5EB6A925203E changes role from CANDIDATE to LEADER at term 2 for changeToLeader
2019-06-14 00:48:56,967 INFO  impl.RaftServerImpl (ServerState.java:setLeader(263)) - 424f01c0-b114-415e-b493-f069231efd67:group-5EB6A925203E change Leader from null to 424f01c0-b114-415e-b493-f069231efd67 at term 2 for becomeLeader, leader elected after 2231ms
2019-06-14 00:48:56,967 INFO  server.RaftServerConfigKeys (ConfUtils.java:logGet(43)) - raft.server.staging.catchup.gap = 1000 (default)
2019-06-14 00:48:56,967 INFO  server.RaftServerConfigKeys (ConfUtils.java:logGet(43)) - raft.server.rpc.sleep.time = 25ms (default)
2019-06-14 00:48:56,967 INFO  server.RaftServerConfigKeys (ConfUtils.java:logGet(43)) - raft.server.watch.timeout = 10s (default)
2019-06-14 00:48:56,967 INFO  server.RaftServerConfigKeys (ConfUtils.java:logGet(43)) - raft.server.watch.timeout.denomination = 1s (default)
2019-06-14 00:48:56,967 INFO  server.RaftServerConfigKeys (ConfUtils.java:logGet(43)) - raft.server.log.appender.snapshot.chunk.size.max = 16MB (=16777216) (default)
2019-06-14 00:48:56,967 INFO  server.RaftServerConfigKeys (ConfUtils.java:logGet(43)) - raft.server.log.appender.buffer.byte-limit = 33554432 (custom)
2019-06-14 00:48:56,967 INFO  server.RaftServerConfigKeys (ConfUtils.java:logGet(43)) - raft.server.log.appender.buffer.element-limit = 1 (custom)
2019-06-14 00:48:56,967 INFO  grpc.GrpcConfigKeys$Server (ConfUtils.java:logGet(43)) - raft.grpc.server.leader.outstanding.appends.max = 128 (default)
2019-06-14 00:48:56,967 INFO  server.RaftServerConfigKeys (ConfUtils.java:logGet(43)) - raft.server.rpc.request.timeout = 3000ms (default)
2019-06-14 00:48:56,967 INFO  server.RaftServerConfigKeys (ConfUtils.java:logGet(43)) - raft.server.log.appender.install.snapshot.enabled = true (default)
2019-06-14 00:48:56,968 INFO  server.RaftServerConfigKeys (ConfUtils.java:logGet(43)) - raft.server.log.appender.snapshot.chunk.size.max = 16MB (=16777216) (default)
2019-06-14 00:48:56,968 INFO  server.RaftServerConfigKeys (ConfUtils.java:logGet(43)) - raft.server.log.appender.buffer.byte-limit = 33554432 (custom)
2019-06-14 00:48:56,968 INFO  server.RaftServerConfigKeys (ConfUtils.java:logGet(43)) - raft.server.log.appender.buffer.element-limit = 1 (custom)
2019-06-14 00:48:56,968 INFO  grpc.GrpcConfigKeys$Server (ConfUtils.java:logGet(43)) - raft.grpc.server.leader.outstanding.appends.max = 128 (default)
2019-06-14 00:48:56,968 INFO  server.RaftServerConfigKeys (ConfUtils.java:logGet(43)) - raft.server.rpc.request.timeout = 3000ms (default)
2019-06-14 00:48:56,968 INFO  server.RaftServerConfigKeys (ConfUtils.java:logGet(43)) - raft.server.log.appender.install.snapshot.enabled = true (default)
2019-06-14 00:48:56,968 INFO  impl.RoleInfo (RoleInfo.java:updateAndGet(143)) - 424f01c0-b114-415e-b493-f069231efd67: start LeaderState
2019-06-14 00:48:56,968 INFO  storage.RaftLogWorker (RaftLogWorker.java:startLogSegment(298)) - 424f01c0-b114-415e-b493-f069231efd67-RaftLogWorker: Starting segment from index:0
2019-06-14 00:48:56,969 INFO  impl.RaftServerImpl (ServerState.java:setRaftConf(361)) - 424f01c0-b114-415e-b493-f069231efd67:group-5EB6A925203E set configuration 0: [424f01c0-b114-415e-b493-f069231efd67:192.168.11.204:40521, bb7f80c3-5969-448a-b675-8b666b9345ca:192.168.11.204:36753, 2debb5e0-31ed-436b-b5a8-022b9e8f4201:192.168.11.204:36153], old=null at 0
2019-06-14 00:48:56,969 INFO  impl.RaftServerImpl (ServerState.java:setLeader(263)) - bb7f80c3-5969-448a-b675-8b666b9345ca:group-5EB6A925203E change Leader from null to 424f01c0-b114-415e-b493-f069231efd67 at term 2 for appendEntries, leader elected after 2237ms
2019-06-14 00:48:56,971 INFO  impl.RaftServerImpl (ServerState.java:setLeader(263)) - 2debb5e0-31ed-436b-b5a8-022b9e8f4201:group-5EB6A925203E change Leader from null to 424f01c0-b114-415e-b493-f069231efd67 at term 2 for appendEntries, leader elected after 2237ms
2019-06-14 00:48:56,971 INFO  impl.RaftServerImpl (ServerState.java:setRaftConf(361)) - bb7f80c3-5969-448a-b675-8b666b9345ca:group-5EB6A925203E set configuration 0: [424f01c0-b114-415e-b493-f069231efd67:192.168.11.204:40521, bb7f80c3-5969-448a-b675-8b666b9345ca:192.168.11.204:36753, 2debb5e0-31ed-436b-b5a8-022b9e8f4201:192.168.11.204:36153], old=null at 0
2019-06-14 00:48:56,971 INFO  storage.RaftLogWorker (RaftLogWorker.java:startLogSegment(298)) - bb7f80c3-5969-448a-b675-8b666b9345ca-RaftLogWorker: Starting segment from index:0
2019-06-14 00:48:56,971 INFO  impl.RaftServerImpl (ServerState.java:setRaftConf(361)) - 2debb5e0-31ed-436b-b5a8-022b9e8f4201:group-5EB6A925203E set configuration 0: [424f01c0-b114-415e-b493-f069231efd67:192.168.11.204:40521, bb7f80c3-5969-448a-b675-8b666b9345ca:192.168.11.204:36753, 2debb5e0-31ed-436b-b5a8-022b9e8f4201:192.168.11.204:36153], old=null at 0
2019-06-14 00:48:56,972 INFO  storage.RaftLogWorker (RaftLogWorker.java:startLogSegment(298)) - 2debb5e0-31ed-436b-b5a8-022b9e8f4201-RaftLogWorker: Starting segment from index:0
2019-06-14 00:48:57,008 INFO  storage.RaftLogWorker (RaftLogWorker.java:execute(469)) - bb7f80c3-5969-448a-b675-8b666b9345ca-RaftLogWorker: created new log segment /opt/src/hadoop-ozone/integration-test/target/test-dir/MiniOzoneClusterImpl-419e5ba5-fc85-4622-bacb-c506f7be50b4/datanode-4/data/ratis/dd546deb-21dc-4ce7-9f77-5eb6a925203e/current/log_inprogress_0
2019-06-14 00:48:57,015 INFO  storage.RaftLogWorker (RaftLogWorker.java:execute(469)) - 424f01c0-b114-415e-b493-f069231efd67-RaftLogWorker: created new log segment /opt/src/hadoop-ozone/integration-test/target/test-dir/MiniOzoneClusterImpl-419e5ba5-fc85-4622-bacb-c506f7be50b4/datanode-3/data/ratis/dd546deb-21dc-4ce7-9f77-5eb6a925203e/current/log_inprogress_0
2019-06-14 00:48:57,018 INFO  storage.RaftLogWorker (RaftLogWorker.java:execute(469)) - 2debb5e0-31ed-436b-b5a8-022b9e8f4201-RaftLogWorker: created new log segment /opt/src/hadoop-ozone/integration-test/target/test-dir/MiniOzoneClusterImpl-419e5ba5-fc85-4622-bacb-c506f7be50b4/datanode-5/data/ratis/dd546deb-21dc-4ce7-9f77-5eb6a925203e/current/log_inprogress_0
2019-06-14 00:48:57,915 INFO  client.GrpcClientProtocolClient (GrpcClientProtocolClient.java:onNext(254)) - client-78F9E898AE47->2debb5e0-31ed-436b-b5a8-022b9e8f4201: receive RaftClientReply:client-78F9E898AE47->2debb5e0-31ed-436b-b5a8-022b9e8f4201@group-5EB6A925203E, cid=178, FAILED org.apache.ratis.protocol.NotLeaderException: Server 2debb5e0-31ed-436b-b5a8-022b9e8f4201 is not the leader (424f01c0-b114-415e-b493-f069231efd67:192.168.11.204:40521). Request must be sent to leader., logIndex=0, commits[2debb5e0-31ed-436b-b5a8-022b9e8f4201:c0, 424f01c0-b114-415e-b493-f069231efd67:c0, bb7f80c3-5969-448a-b675-8b666b9345ca:c0]
2019-06-14 00:48:57,917 WARN  client.GrpcClientProtocolService (LogUtils.java:warn(134)) - 1-OrderedRequestStreamObserver1: onError: org.apache.ratis.thirdparty.io.grpc.StatusRuntimeException: CANCELLED: cancelled before receiving half close
2019-06-14 00:48:58,923 INFO  client.GrpcClientProtocolClient (GrpcClientProtocolClient.java:onNext(254)) - client-78F9E898AE47->bb7f80c3-5969-448a-b675-8b666b9345ca: receive RaftClientReply:client-78F9E898AE47->bb7f80c3-5969-448a-b675-8b666b9345ca@group-5EB6A925203E, cid=178, FAILED org.apache.ratis.protocol.NotLeaderException: Server bb7f80c3-5969-448a-b675-8b666b9345ca is not the leader (424f01c0-b114-415e-b493-f069231efd67:192.168.11.204:40521). Request must be sent to leader., logIndex=0, commits[bb7f80c3-5969-448a-b675-8b666b9345ca:c0, 424f01c0-b114-415e-b493-f069231efd67:c0, 2debb5e0-31ed-436b-b5a8-022b9e8f4201:c0]
2019-06-14 00:48:58,926 WARN  client.GrpcClientProtocolService (LogUtils.java:warn(134)) - 1-OrderedRequestStreamObserver1: onError: org.apache.ratis.thirdparty.io.grpc.StatusRuntimeException: CANCELLED: cancelled before receiving half close
2019-06-14 00:48:59,980 INFO  client.GrpcClientProtocolClient (GrpcClientProtocolClient.java:onNext(254)) - client-78F9E898AE47->424f01c0-b114-415e-b493-f069231efd67: receive RaftClientReply:client-78F9E898AE47->424f01c0-b114-415e-b493-f069231efd67@group-5EB6A925203E, cid=178, SUCCESS, logIndex=1, commits[424f01c0-b114-415e-b493-f069231efd67:c1, bb7f80c3-5969-448a-b675-8b666b9345ca:c0, 2debb5e0-31ed-436b-b5a8-022b9e8f4201:c0]
2019-06-14 00:49:00,033 INFO  client.GrpcClientProtocolClient (GrpcClientProtocolClient.java:onNext(254)) - client-78F9E898AE47->424f01c0-b114-415e-b493-f069231efd67: receive RaftClientReply:client-78F9E898AE47->424f01c0-b114-415e-b493-f069231efd67@group-5EB6A925203E, cid=179, SUCCESS, logIndex=3, commits[424f01c0-b114-415e-b493-f069231efd67:c4, bb7f80c3-5969-448a-b675-8b666b9345ca:c3, 2debb5e0-31ed-436b-b5a8-022b9e8f4201:c3]
2019-06-14 00:49:00,045 INFO  client.GrpcClientProtocolClient (GrpcClientProtocolClient.java:onNext(254)) - client-78F9E898AE47->424f01c0-b114-415e-b493-f069231efd67: receive RaftClientReply:client-78F9E898AE47->424f01c0-b114-415e-b493-f069231efd67@group-5EB6A925203E, cid=180, SUCCESS, logIndex=5, commits[424f01c0-b114-415e-b493-f069231efd67:c6, bb7f80c3-5969-448a-b675-8b666b9345ca:c4, 2debb5e0-31ed-436b-b5a8-022b9e8f4201:c4]
2019-06-14 00:49:00,056 INFO  client.GrpcClientProtocolClient (GrpcClientProtocolClient.java:onNext(254)) - client-78F9E898AE47->424f01c0-b114-415e-b493-f069231efd67: receive RaftClientReply:client-78F9E898AE47->424f01c0-b114-415e-b493-f069231efd67@group-5EB6A925203E, cid=181, SUCCESS, logIndex=6, commits[424f01c0-b114-415e-b493-f069231efd67:c8, bb7f80c3-5969-448a-b675-8b666b9345ca:c6, 2debb5e0-31ed-436b-b5a8-022b9e8f4201:c6]
2019-06-14 00:49:00,069 INFO  client.GrpcClientProtocolClient (GrpcClientProtocolClient.java:onNext(254)) - client-78F9E898AE47->424f01c0-b114-415e-b493-f069231efd67: receive RaftClientReply:client-78F9E898AE47->424f01c0-b114-415e-b493-f069231efd67@group-5EB6A925203E, cid=182, SUCCESS, logIndex=9, commits[424f01c0-b114-415e-b493-f069231efd67:c9, bb7f80c3-5969-448a-b675-8b666b9345ca:c8, 2debb5e0-31ed-436b-b5a8-022b9e8f4201:c8]
2019-06-14 00:49:00,081 INFO  client.GrpcClientProtocolClient (GrpcClientProtocolClient.java:onNext(254)) - client-78F9E898AE47->424f01c0-b114-415e-b493-f069231efd67: receive RaftClientReply:client-78F9E898AE47->424f01c0-b114-415e-b493-f069231efd67@group-5EB6A925203E, cid=183, SUCCESS, logIndex=11, commits[424f01c0-b114-415e-b493-f069231efd67:c11, bb7f80c3-5969-448a-b675-8b666b9345ca:c9, 2debb5e0-31ed-436b-b5a8-022b9e8f4201:c9]
2019-06-14 00:49:00,085 INFO  client.GrpcClientProtocolClient (GrpcClientProtocolClient.java:onNext(254)) - client-78F9E898AE47->424f01c0-b114-415e-b493-f069231efd67: receive RaftClientReply:client-78F9E898AE47->424f01c0-b114-415e-b493-f069231efd67@group-5EB6A925203E, cid=184, SUCCESS, logIndex=12, commits[424f01c0-b114-415e-b493-f069231efd67:c13, bb7f80c3-5969-448a-b675-8b666b9345ca:c9, 2debb5e0-31ed-436b-b5a8-022b9e8f4201:c9]
2019-06-14 00:49:00,085 INFO  client.GrpcClientProtocolClient (GrpcClientProtocolClient.java:onNext(254)) - client-78F9E898AE47->424f01c0-b114-415e-b493-f069231efd67: receive RaftClientReply:client-78F9E898AE47->424f01c0-b114-415e-b493-f069231efd67@group-5EB6A925203E, cid=185, SUCCESS, logIndex=13, commits[424f01c0-b114-415e-b493-f069231efd67:c14, bb7f80c3-5969-448a-b675-8b666b9345ca:c11, 2debb5e0-31ed-436b-b5a8-022b9e8f4201:c11]
2019-06-14 00:49:00,090 INFO  client.GrpcClientProtocolClient (GrpcClientProtocolClient.java:onNext(254)) - client-78F9E898AE47->424f01c0-b114-415e-b493-f069231efd67: receive RaftClientReply:client-78F9E898AE47->424f01c0-b114-415e-b493-f069231efd67@group-5EB6A925203E, cid=186, SUCCESS, logIndex=0, commits[424f01c0-b114-415e-b493-f069231efd67:c15, bb7f80c3-5969-448a-b675-8b666b9345ca:c13, 2debb5e0-31ed-436b-b5a8-022b9e8f4201:c13]
2019-06-14 00:49:00,099 INFO  datanode.ObjectStoreHandler (ObjectStoreHandler.java:close(155)) - Closing ObjectStoreHandler.
2019-06-14 00:49:00,099 INFO  ozone.HddsDatanodeService (HddsDatanodeService.java:stop(452)) - Stopped plug-in org.apache.hadoop.ozone.web.OzoneHddsDatanodeService@282831ea
2019-06-14 00:49:00,099 INFO  statemachine.DatanodeStateMachine (DatanodeStateMachine.java:lambda$startDaemon$0(350)) - Ozone container server started.
2019-06-14 00:49:00,101 INFO  ozoneimpl.OzoneContainer (OzoneContainer.java:stop(199)) - Attempting to stop container services.
2019-06-14 00:49:00,101 INFO  impl.RaftServerProxy (RaftServerProxy.java:lambda$close$4(314)) - 2debb5e0-31ed-436b-b5a8-022b9e8f4201: close
2019-06-14 00:49:00,101 INFO  impl.RaftServerImpl (RaftServerImpl.java:lambda$shutdown$3(238)) - 2debb5e0-31ed-436b-b5a8-022b9e8f4201: shutdown group-BE7EA55CB3CD
2019-06-14 00:49:00,102 INFO  util.JmxRegister (JmxRegister.java:unregister(73)) - Successfully un-registered JMX Bean with object name Ratis:service=RaftServer,group=group-BE7EA55CB3CD,id=2debb5e0-31ed-436b-b5a8-022b9e8f4201
2019-06-14 00:49:00,102 INFO  impl.RoleInfo (RoleInfo.java:shutdownLeaderState(104)) - 2debb5e0-31ed-436b-b5a8-022b9e8f4201: shutdown LeaderState
2019-06-14 00:49:00,102 INFO  impl.PendingRequests (PendingRequests.java:sendNotLeaderResponses(140)) - 2debb5e0-31ed-436b-b5a8-022b9e8f4201-PendingRequests: sendNotLeaderResponses
2019-06-14 00:49:00,103 INFO  impl.RaftServerImpl (RaftServerImpl.java:lambda$shutdown$3(238)) - 2debb5e0-31ed-436b-b5a8-022b9e8f4201: shutdown group-5EB6A925203E
2019-06-14 00:49:00,103 INFO  util.JmxRegister (JmxRegister.java:unregister(73)) - Successfully un-registered JMX Bean with object name Ratis:service=RaftServer,group=group-5EB6A925203E,id=2debb5e0-31ed-436b-b5a8-022b9e8f4201
2019-06-14 00:49:00,103 INFO  impl.RoleInfo (RoleInfo.java:shutdownFollowerState(121)) - 2debb5e0-31ed-436b-b5a8-022b9e8f4201: shutdown FollowerState
2019-06-14 00:49:00,103 INFO  impl.FollowerState (FollowerState.java:run(109)) - 2debb5e0-31ed-436b-b5a8-022b9e8f4201: FollowerState was interrupted: java.lang.InterruptedException: sleep interrupted
2019-06-14 00:49:00,107 INFO  impl.StateMachineUpdater (StateMachineUpdater.java:stopAndJoin(109)) - StateMachineUpdater-2debb5e0-31ed-436b-b5a8-022b9e8f4201-group-5EB6A925203E: set stopIndex = 13
2019-06-14 00:49:00,109 INFO  ratis.ContainerStateMachine (ContainerStateMachine.java:takeSnapshot(245)) - Taking snapshot at termIndex:(t:2, i:13)
2019-06-14 00:49:00,110 INFO  ratis.ContainerStateMachine (ContainerStateMachine.java:takeSnapshot(245)) - Taking snapshot at termIndex:(t:0, i:~)
2019-06-14 00:49:00,110 INFO  impl.StateMachineUpdater (StateMachineUpdater.java:stopAndJoin(109)) - StateMachineUpdater-2debb5e0-31ed-436b-b5a8-022b9e8f4201-group-BE7EA55CB3CD: set stopIndex = 0
2019-06-14 00:49:00,110 INFO  ratis.ContainerStateMachine (ContainerStateMachine.java:takeSnapshot(249)) - Taking a snapshot to file /opt/src/hadoop-ozone/integration-test/target/test-dir/MiniOzoneClusterImpl-419e5ba5-fc85-4622-bacb-c506f7be50b4/datanode-5/data/ratis/dd546deb-21dc-4ce7-9f77-5eb6a925203e/sm/snapshot.2_13
2019-06-14 00:49:00,110 INFO  impl.RaftServerImpl (ServerState.java:close(394)) - 2debb5e0-31ed-436b-b5a8-022b9e8f4201:group-BE7EA55CB3CD closes. The last applied log index is 0
2019-06-14 00:49:00,111 INFO  storage.RaftLogWorker (RaftLogWorker.java:run(236)) - 2debb5e0-31ed-436b-b5a8-022b9e8f4201-RaftLogWorker was interrupted, exiting. There are 0 tasks remaining in the queue.
2019-06-14 00:49:00,112 INFO  storage.RaftLogWorker (RaftLogWorker.java:close(168)) - 2debb5e0-31ed-436b-b5a8-022b9e8f4201-RaftLogWorker close()
2019-06-14 00:49:00,119 INFO  impl.RaftServerImpl (ServerState.java:close(394)) - 2debb5e0-31ed-436b-b5a8-022b9e8f4201:group-5EB6A925203E closes. The last applied log index is 13
2019-06-14 00:49:00,119 INFO  storage.RaftLogWorker (RaftLogWorker.java:run(236)) - 2debb5e0-31ed-436b-b5a8-022b9e8f4201-RaftLogWorker was interrupted, exiting. There are 0 tasks remaining in the queue.
2019-06-14 00:49:00,120 INFO  storage.RaftLogWorker (RaftLogWorker.java:close(168)) - 2debb5e0-31ed-436b-b5a8-022b9e8f4201-RaftLogWorker close()
2019-06-14 00:49:00,122 INFO  server.GrpcService (GrpcService.java:closeImpl(154)) - 2debb5e0-31ed-436b-b5a8-022b9e8f4201: shutdown server with port 36153 now
2019-06-14 00:49:00,123 INFO  server.GrpcService (GrpcService.java:closeImpl(162)) - 2debb5e0-31ed-436b-b5a8-022b9e8f4201: shutdown server with port 36153 successfully
2019-06-14 00:49:00,123 WARN  server.GrpcServerProtocolService (LogUtils.java:warn(134)) - 2debb5e0-31ed-436b-b5a8-022b9e8f4201: appendEntries onError: org.apache.ratis.thirdparty.io.grpc.StatusRuntimeException: CANCELLED: cancelled before receiving half close
2019-06-14 00:49:00,123 WARN  server.GrpcLogAppender (LogUtils.java:warn(134)) - 424f01c0-b114-415e-b493-f069231efd67: Failed appendEntries to 2debb5e0-31ed-436b-b5a8-022b9e8f4201:192.168.11.204:36153: org.apache.ratis.thirdparty.io.grpc.StatusRuntimeException: CANCELLED: HTTP/2 error code: CANCEL
Received Rst Stream
2019-06-14 00:49:00,123 INFO  impl.FollowerInfo (FollowerInfo.java:lambda$new$0(50)) - 424f01c0-b114-415e-b493-f069231efd67->2debb5e0-31ed-436b-b5a8-022b9e8f4201: nextIndex: updateUnconditionally 17 -> 0
2019-06-14 00:49:00,127 WARN  fs.CachingGetSpaceUsed (CachingGetSpaceUsed.java:run(183)) - Thread Interrupted waiting to refresh disk information: sleep interrupted
2019-06-14 00:49:00,198 INFO  statemachine.DatanodeStateMachine (DatanodeStateMachine.java:stopDaemon(395)) - Ozone container server stopped.
2019-06-14 00:49:00,198 INFO  handler.ContextHandler (ContextHandler.java:doStop(910)) - Stopped o.e.j.w.WebAppContext@7f4ae871{/,null,UNAVAILABLE}{/hddsDatanode}
2019-06-14 00:49:00,199 INFO  server.AbstractConnector (AbstractConnector.java:doStop(318)) - Stopped ServerConnector@1cc9b564{HTTP/1.1,[http/1.1]}{0.0.0.0:0}
2019-06-14 00:49:00,203 INFO  handler.ContextHandler (ContextHandler.java:doStop(910)) - Stopped o.e.j.s.ServletContextHandler@8d56ddd{/static,jar:file:/root/.m2/repository/org/apache/hadoop/hadoop-hdds-container-service/0.5.0-SNAPSHOT/hadoop-hdds-container-service-0.5.0-SNAPSHOT.jar!/webapps/static,UNAVAILABLE}
2019-06-14 00:49:00,203 INFO  handler.ContextHandler (ContextHandler.java:doStop(910)) - Stopped o.e.j.s.ServletContextHandler@59c530b5{/logs,file:///opt/src/hadoop-ozone/integration-test/target/log,UNAVAILABLE}
2019-06-14 00:49:00,205 WARN  server.GrpcLogAppender (LogUtils.java:warn(134)) - 424f01c0-b114-415e-b493-f069231efd67: Failed appendEntries to 2debb5e0-31ed-436b-b5a8-022b9e8f4201:192.168.11.204:36153: org.apache.ratis.thirdparty.io.grpc.StatusRuntimeException: UNAVAILABLE: io exception
2019-06-14 00:49:00,205 INFO  datanode.ObjectStoreHandler (ObjectStoreHandler.java:close(155)) - Closing ObjectStoreHandler.
2019-06-14 00:49:00,205 INFO  impl.FollowerInfo (FollowerInfo.java:lambda$new$0(50)) - 424f01c0-b114-415e-b493-f069231efd67->2debb5e0-31ed-436b-b5a8-022b9e8f4201: nextIndex: updateUnconditionally 1 -> 0
2019-06-14 00:49:00,205 INFO  ozone.HddsDatanodeService (HddsDatanodeService.java:stop(452)) - Stopped plug-in org.apache.hadoop.ozone.web.OzoneHddsDatanodeService@41d34a11
2019-06-14 00:49:00,205 INFO  statemachine.DatanodeStateMachine (DatanodeStateMachine.java:lambda$startDaemon$0(350)) - Ozone container server started.
2019-06-14 00:49:00,206 INFO  ozoneimpl.OzoneContainer (OzoneContainer.java:stop(199)) - Attempting to stop container services.
2019-06-14 00:49:00,206 INFO  impl.RaftServerProxy (RaftServerProxy.java:lambda$close$4(314)) - bb7f80c3-5969-448a-b675-8b666b9345ca: close
2019-06-14 00:49:00,206 INFO  impl.RaftServerImpl (RaftServerImpl.java:lambda$shutdown$3(238)) - bb7f80c3-5969-448a-b675-8b666b9345ca: shutdown group-01210F7BA3FF
2019-06-14 00:49:00,206 WARN  server.GrpcLogAppender (LogUtils.java:warn(134)) - 424f01c0-b114-415e-b493-f069231efd67: Failed appendEntries to 2debb5e0-31ed-436b-b5a8-022b9e8f4201:192.168.11.204:36153: org.apache.ratis.thirdparty.io.grpc.StatusRuntimeException: UNAVAILABLE: io exception
2019-06-14 00:49:00,207 INFO  impl.FollowerInfo (FollowerInfo.java:lambda$new$0(50)) - 424f01c0-b114-415e-b493-f069231efd67->2debb5e0-31ed-436b-b5a8-022b9e8f4201: nextIndex: updateUnconditionally 1 -> 0
2019-06-14 00:49:00,206 INFO  client.GrpcClientProtocolClient (GrpcClientProtocolClient.java:onNext(254)) - client-78F9E898AE47->424f01c0-b114-415e-b493-f069231efd67: receive RaftClientReply:client-78F9E898AE47->424f01c0-b114-415e-b493-f069231efd67@group-5EB6A925203E, cid=187, SUCCESS, logIndex=16, commits[424f01c0-b114-415e-b493-f069231efd67:c17, bb7f80c3-5969-448a-b675-8b666b9345ca:c16, 2debb5e0-31ed-436b-b5a8-022b9e8f4201:c13]
2019-06-14 00:49:00,206 INFO  impl.RaftServerImpl (RaftServerImpl.java:lambda$shutdown$3(238)) - bb7f80c3-5969-448a-b675-8b666b9345ca: shutdown group-5EB6A925203E
2019-06-14 00:49:00,207 INFO  util.JmxRegister (JmxRegister.java:unregister(73)) - Successfully un-registered JMX Bean with object name Ratis:service=RaftServer,group=group-5EB6A925203E,id=bb7f80c3-5969-448a-b675-8b666b9345ca
2019-06-14 00:49:00,207 INFO  impl.RoleInfo (RoleInfo.java:shutdownFollowerState(121)) - bb7f80c3-5969-448a-b675-8b666b9345ca: shutdown FollowerState
2019-06-14 00:49:00,206 INFO  util.JmxRegister (JmxRegister.java:unregister(73)) - Successfully un-registered JMX Bean with object name Ratis:service=RaftServer,group=group-01210F7BA3FF,id=bb7f80c3-5969-448a-b675-8b666b9345ca
2019-06-14 00:49:00,207 INFO  impl.RoleInfo (RoleInfo.java:shutdownLeaderState(104)) - bb7f80c3-5969-448a-b675-8b666b9345ca: shutdown LeaderState
2019-06-14 00:49:00,208 WARN  server.GrpcLogAppender (LogUtils.java:warn(134)) - 424f01c0-b114-415e-b493-f069231efd67: Failed appendEntries to 2debb5e0-31ed-436b-b5a8-022b9e8f4201:192.168.11.204:36153: org.apache.ratis.thirdparty.io.grpc.StatusRuntimeException: UNAVAILABLE: io exception
2019-06-14 00:49:00,208 INFO  impl.PendingRequests (PendingRequests.java:sendNotLeaderResponses(140)) - bb7f80c3-5969-448a-b675-8b666b9345ca-PendingRequests: sendNotLeaderResponses
2019-06-14 00:49:00,208 INFO  impl.FollowerInfo (FollowerInfo.java:lambda$new$0(50)) - 424f01c0-b114-415e-b493-f069231efd67->2debb5e0-31ed-436b-b5a8-022b9e8f4201: nextIndex: updateUnconditionally 1 -> 0
2019-06-14 00:49:00,210 INFO  ratis.ContainerStateMachine (ContainerStateMachine.java:takeSnapshot(245)) - Taking snapshot at termIndex:(t:2, i:16)
2019-06-14 00:49:00,215 INFO  ratis.ContainerStateMachine (ContainerStateMachine.java:takeSnapshot(249)) - Taking a snapshot to file /opt/src/hadoop-ozone/integration-test/target/test-dir/MiniOzoneClusterImpl-419e5ba5-fc85-4622-bacb-c506f7be50b4/datanode-4/data/ratis/dd546deb-21dc-4ce7-9f77-5eb6a925203e/sm/snapshot.2_16
2019-06-14 00:49:00,212 INFO  impl.FollowerState (FollowerState.java:run(109)) - bb7f80c3-5969-448a-b675-8b666b9345ca: FollowerState was interrupted: java.lang.InterruptedException: sleep interrupted
2019-06-14 00:49:00,210 INFO  impl.StateMachineUpdater (StateMachineUpdater.java:stopAndJoin(109)) - StateMachineUpdater-bb7f80c3-5969-448a-b675-8b666b9345ca-group-5EB6A925203E: set stopIndex = 16
2019-06-14 00:49:00,215 INFO  impl.RaftServerImpl (ServerState.java:close(394)) - bb7f80c3-5969-448a-b675-8b666b9345ca:group-5EB6A925203E closes. The last applied log index is 16
2019-06-14 00:49:00,214 INFO  impl.StateMachineUpdater (StateMachineUpdater.java:stopAndJoin(109)) - StateMachineUpdater-bb7f80c3-5969-448a-b675-8b666b9345ca-group-01210F7BA3FF: set stopIndex = 0
2019-06-14 00:49:00,215 INFO  storage.RaftLogWorker (RaftLogWorker.java:run(236)) - bb7f80c3-5969-448a-b675-8b666b9345ca-RaftLogWorker was interrupted, exiting. There are 0 tasks remaining in the queue.
2019-06-14 00:49:00,216 INFO  ratis.ContainerStateMachine (ContainerStateMachine.java:takeSnapshot(245)) - Taking snapshot at termIndex:(t:0, i:~)
2019-06-14 00:49:00,217 INFO  storage.RaftLogWorker (RaftLogWorker.java:close(168)) - bb7f80c3-5969-448a-b675-8b666b9345ca-RaftLogWorker close()
2019-06-14 00:49:00,217 INFO  impl.RaftServerImpl (ServerState.java:close(394)) - bb7f80c3-5969-448a-b675-8b666b9345ca:group-01210F7BA3FF closes. The last applied log index is 0
2019-06-14 00:49:00,218 INFO  storage.RaftLogWorker (RaftLogWorker.java:run(236)) - bb7f80c3-5969-448a-b675-8b666b9345ca-RaftLogWorker was interrupted, exiting. There are 0 tasks remaining in the queue.
2019-06-14 00:49:00,220 INFO  storage.RaftLogWorker (RaftLogWorker.java:close(168)) - bb7f80c3-5969-448a-b675-8b666b9345ca-RaftLogWorker close()
2019-06-14 00:49:00,221 INFO  server.GrpcService (GrpcService.java:closeImpl(154)) - bb7f80c3-5969-448a-b675-8b666b9345ca: shutdown server with port 36753 now
2019-06-14 00:49:00,221 WARN  server.GrpcServerProtocolService (LogUtils.java:warn(134)) - bb7f80c3-5969-448a-b675-8b666b9345ca: appendEntries onError: org.apache.ratis.thirdparty.io.grpc.StatusRuntimeException: CANCELLED: cancelled before receiving half close
2019-06-14 00:49:00,221 INFO  server.GrpcService (GrpcService.java:closeImpl(162)) - bb7f80c3-5969-448a-b675-8b666b9345ca: shutdown server with port 36753 successfully
2019-06-14 00:49:00,222 WARN  server.GrpcLogAppender (LogUtils.java:warn(134)) - 424f01c0-b114-415e-b493-f069231efd67: Failed appendEntries to bb7f80c3-5969-448a-b675-8b666b9345ca:192.168.11.204:36753: org.apache.ratis.thirdparty.io.grpc.StatusRuntimeException: CANCELLED: HTTP/2 error code: CANCEL
Received Rst Stream
2019-06-14 00:49:00,222 INFO  impl.FollowerInfo (FollowerInfo.java:lambda$new$0(50)) - 424f01c0-b114-415e-b493-f069231efd67->bb7f80c3-5969-448a-b675-8b666b9345ca: nextIndex: updateUnconditionally 19 -> 0
2019-06-14 00:49:00,223 WARN  fs.CachingGetSpaceUsed (CachingGetSpaceUsed.java:run(183)) - Thread Interrupted waiting to refresh disk information: sleep interrupted
2019-06-14 00:49:00,233 INFO  statemachine.DatanodeStateMachine (DatanodeStateMachine.java:stopDaemon(395)) - Ozone container server stopped.
2019-06-14 00:49:00,234 INFO  handler.ContextHandler (ContextHandler.java:doStop(910)) - Stopped o.e.j.w.WebAppContext@6a2d1f6d{/,null,UNAVAILABLE}{/hddsDatanode}
2019-06-14 00:49:00,234 INFO  server.AbstractConnector (AbstractConnector.java:doStop(318)) - Stopped ServerConnector@6f2a13c7{HTTP/1.1,[http/1.1]}{0.0.0.0:0}
2019-06-14 00:49:00,234 INFO  handler.ContextHandler (ContextHandler.java:doStop(910)) - Stopped o.e.j.s.ServletContextHandler@3c251258{/static,jar:file:/root/.m2/repository/org/apache/hadoop/hadoop-hdds-container-service/0.5.0-SNAPSHOT/hadoop-hdds-container-service-0.5.0-SNAPSHOT.jar!/webapps/static,UNAVAILABLE}
2019-06-14 00:49:00,235 INFO  handler.ContextHandler (ContextHandler.java:doStop(910)) - Stopped o.e.j.s.ServletContextHandler@c3df740{/logs,file:///opt/src/hadoop-ozone/integration-test/target/log,UNAVAILABLE}
2019-06-14 00:49:00,708 WARN  server.GrpcLogAppender (LogUtils.java:warn(134)) - 424f01c0-b114-415e-b493-f069231efd67: Failed appendEntries to bb7f80c3-5969-448a-b675-8b666b9345ca:192.168.11.204:36753: org.apache.ratis.thirdparty.io.grpc.StatusRuntimeException: UNAVAILABLE: io exception
2019-06-14 00:49:00,708 INFO  impl.FollowerInfo (FollowerInfo.java:lambda$new$0(50)) - 424f01c0-b114-415e-b493-f069231efd67->bb7f80c3-5969-448a-b675-8b666b9345ca: nextIndex: updateUnconditionally 0 -> 0
2019-06-14 00:49:00,708 WARN  server.GrpcLogAppender (LogUtils.java:warn(134)) - 424f01c0-b114-415e-b493-f069231efd67: Failed appendEntries to 2debb5e0-31ed-436b-b5a8-022b9e8f4201:192.168.11.204:36153: org.apache.ratis.thirdparty.io.grpc.StatusRuntimeException: UNAVAILABLE: io exception
2019-06-14 00:49:00,708 INFO  impl.FollowerInfo (FollowerInfo.java:lambda$new$0(50)) - 424f01c0-b114-415e-b493-f069231efd67->2debb5e0-31ed-436b-b5a8-022b9e8f4201: nextIndex: updateUnconditionally 0 -> 0
2019-06-14 00:49:01,208 WARN  server.GrpcLogAppender (LogUtils.java:warn(134)) - 424f01c0-b114-415e-b493-f069231efd67: Failed appendEntries to bb7f80c3-5969-448a-b675-8b666b9345ca:192.168.11.204:36753: org.apache.ratis.thirdparty.io.grpc.StatusRuntimeException: UNAVAILABLE: io exception
2019-06-14 00:49:01,208 INFO  impl.FollowerInfo (FollowerInfo.java:lambda$new$0(50)) - 424f01c0-b114-415e-b493-f069231efd67->bb7f80c3-5969-448a-b675-8b666b9345ca: nextIndex: updateUnconditionally 0 -> 0
2019-06-14 00:49:01,208 WARN  server.GrpcLogAppender (LogUtils.java:warn(134)) - 424f01c0-b114-415e-b493-f069231efd67: Failed appendEntries to 2debb5e0-31ed-436b-b5a8-022b9e8f4201:192.168.11.204:36153: org.apache.ratis.thirdparty.io.grpc.StatusRuntimeException: UNAVAILABLE: io exception
2019-06-14 00:49:01,209 INFO  impl.FollowerInfo (FollowerInfo.java:lambda$new$0(50)) - 424f01c0-b114-415e-b493-f069231efd67->2debb5e0-31ed-436b-b5a8-022b9e8f4201: nextIndex: updateUnconditionally 0 -> 0
2019-06-14 00:49:01,708 WARN  server.GrpcLogAppender (LogUtils.java:warn(134)) - 424f01c0-b114-415e-b493-f069231efd67: Failed appendEntries to bb7f80c3-5969-448a-b675-8b666b9345ca:192.168.11.204:36753: org.apache.ratis.thirdparty.io.grpc.StatusRuntimeException: UNAVAILABLE: io exception
2019-06-14 00:49:01,709 WARN  server.GrpcLogAppender (LogUtils.java:warn(134)) - 424f01c0-b114-415e-b493-f069231efd67: Failed appendEntries to 2debb5e0-31ed-436b-b5a8-022b9e8f4201:192.168.11.204:36153: org.apache.ratis.thirdparty.io.grpc.StatusRuntimeException: UNAVAILABLE: io exception
2019-06-14 00:49:01,709 INFO  impl.FollowerInfo (FollowerInfo.java:lambda$new$0(50)) - 424f01c0-b114-415e-b493-f069231efd67->bb7f80c3-5969-448a-b675-8b666b9345ca: nextIndex: updateUnconditionally 0 -> 0
2019-06-14 00:49:01,709 INFO  impl.FollowerInfo (FollowerInfo.java:lambda$new$0(50)) - 424f01c0-b114-415e-b493-f069231efd67->2debb5e0-31ed-436b-b5a8-022b9e8f4201: nextIndex: updateUnconditionally 0 -> 0
2019-06-14 00:49:02,209 WARN  server.GrpcLogAppender (LogUtils.java:warn(134)) - 424f01c0-b114-415e-b493-f069231efd67: Failed appendEntries to bb7f80c3-5969-448a-b675-8b666b9345ca:192.168.11.204:36753: org.apache.ratis.thirdparty.io.grpc.StatusRuntimeException: UNAVAILABLE: io exception
2019-06-14 00:49:02,209 INFO  impl.FollowerInfo (FollowerInfo.java:lambda$new$0(50)) - 424f01c0-b114-415e-b493-f069231efd67->bb7f80c3-5969-448a-b675-8b666b9345ca: nextIndex: updateUnconditionally 0 -> 0
2019-06-14 00:49:02,209 WARN  server.GrpcLogAppender (LogUtils.java:warn(134)) - 424f01c0-b114-415e-b493-f069231efd67: Failed appendEntries to 2debb5e0-31ed-436b-b5a8-022b9e8f4201:192.168.11.204:36153: org.apache.ratis.thirdparty.io.grpc.StatusRuntimeException: UNAVAILABLE: io exception
2019-06-14 00:49:02,209 INFO  impl.FollowerInfo (FollowerInfo.java:lambda$new$0(50)) - 424f01c0-b114-415e-b493-f069231efd67->2debb5e0-31ed-436b-b5a8-022b9e8f4201: nextIndex: updateUnconditionally 0 -> 0
2019-06-14 00:49:02,709 WARN  server.GrpcLogAppender (LogUtils.java:warn(134)) - 424f01c0-b114-415e-b493-f069231efd67: Failed appendEntries to 2debb5e0-31ed-436b-b5a8-022b9e8f4201:192.168.11.204:36153: org.apache.ratis.thirdparty.io.grpc.StatusRuntimeException: UNAVAILABLE: io exception
2019-06-14 00:49:02,709 WARN  server.GrpcLogAppender (LogUtils.java:warn(134)) - 424f01c0-b114-415e-b493-f069231efd67: Failed appendEntries to bb7f80c3-5969-448a-b675-8b666b9345ca:192.168.11.204:36753: org.apache.ratis.thirdparty.io.grpc.StatusRuntimeException: UNAVAILABLE: io exception
2019-06-14 00:49:02,709 INFO  impl.FollowerInfo (FollowerInfo.java:lambda$new$0(50)) - 424f01c0-b114-415e-b493-f069231efd67->2debb5e0-31ed-436b-b5a8-022b9e8f4201: nextIndex: updateUnconditionally 0 -> 0
2019-06-14 00:49:02,709 INFO  impl.FollowerInfo (FollowerInfo.java:lambda$new$0(50)) - 424f01c0-b114-415e-b493-f069231efd67->bb7f80c3-5969-448a-b675-8b666b9345ca: nextIndex: updateUnconditionally 0 -> 0
2019-06-14 00:49:02,982 INFO  node.StaleNodeHandler (StaleNodeHandler.java:onMessage(58)) - Datanode 2debb5e0-31ed-436b-b5a8-022b9e8f4201{ip: 192.168.11.204, host: ozone-z78dj-180245278, networkLocation: /default-rack, certSerialId: null} moved to stale state. Finalizing its pipelines [PipelineID=c53ca9ae-61d3-4102-930e-be7ea55cb3cd, PipelineID=dd546deb-21dc-4ce7-9f77-5eb6a925203e]
2019-06-14 00:49:02,982 INFO  pipeline.SCMPipelineManager (SCMPipelineManager.java:finalizeAndDestroyPipeline(307)) - destroying pipeline:Pipeline[ Id: c53ca9ae-61d3-4102-930e-be7ea55cb3cd, Nodes: 2debb5e0-31ed-436b-b5a8-022b9e8f4201{ip: 192.168.11.204, host: ozone-z78dj-180245278, networkLocation: /default-rack, certSerialId: null}, Type:RATIS, Factor:ONE, State:OPEN]
2019-06-14 00:49:02,982 INFO  pipeline.PipelineStateManager (PipelineStateManager.java:finalizePipeline(123)) - Pipeline Pipeline[ Id: c53ca9ae-61d3-4102-930e-be7ea55cb3cd, Nodes: 2debb5e0-31ed-436b-b5a8-022b9e8f4201{ip: 192.168.11.204, host: ozone-z78dj-180245278, networkLocation: /default-rack, certSerialId: null}, Type:RATIS, Factor:ONE, State:CLOSED] moved to CLOSED state
2019-06-14 00:49:02,983 INFO  pipeline.SCMPipelineManager (SCMPipelineManager.java:finalizeAndDestroyPipeline(307)) - destroying pipeline:Pipeline[ Id: dd546deb-21dc-4ce7-9f77-5eb6a925203e, Nodes: 2debb5e0-31ed-436b-b5a8-022b9e8f4201{ip: 192.168.11.204, host: ozone-z78dj-180245278, networkLocation: /default-rack, certSerialId: null}bb7f80c3-5969-448a-b675-8b666b9345ca{ip: 192.168.11.204, host: ozone-z78dj-180245278, networkLocation: /default-rack, certSerialId: null}424f01c0-b114-415e-b493-f069231efd67{ip: 192.168.11.204, host: ozone-z78dj-180245278, networkLocation: /default-rack, certSerialId: null}, Type:RATIS, Factor:THREE, State:OPEN]
2019-06-14 00:49:02,983 INFO  pipeline.PipelineStateManager (PipelineStateManager.java:finalizePipeline(123)) - Pipeline Pipeline[ Id: dd546deb-21dc-4ce7-9f77-5eb6a925203e, Nodes: 2debb5e0-31ed-436b-b5a8-022b9e8f4201{ip: 192.168.11.204, host: ozone-z78dj-180245278, networkLocation: /default-rack, certSerialId: null}bb7f80c3-5969-448a-b675-8b666b9345ca{ip: 192.168.11.204, host: ozone-z78dj-180245278, networkLocation: /default-rack, certSerialId: null}424f01c0-b114-415e-b493-f069231efd67{ip: 192.168.11.204, host: ozone-z78dj-180245278, networkLocation: /default-rack, certSerialId: null}, Type:RATIS, Factor:THREE, State:CLOSED] moved to CLOSED state
2019-06-14 00:49:02,983 INFO  container.CloseContainerEventHandler (CloseContainerEventHandler.java:onMessage(61)) - Close container Event triggered for container : #1
2019-06-14 00:49:02,984 INFO  container.CloseContainerEventHandler (CloseContainerEventHandler.java:onMessage(61)) - Close container Event triggered for container : #2
2019-06-14 00:49:03,209 WARN  server.GrpcLogAppender (LogUtils.java:warn(134)) - 424f01c0-b114-415e-b493-f069231efd67: Failed appendEntries to bb7f80c3-5969-448a-b675-8b666b9345ca:192.168.11.204:36753: org.apache.ratis.thirdparty.io.grpc.StatusRuntimeException: UNAVAILABLE: io exception
2019-06-14 00:49:03,209 WARN  server.GrpcLogAppender (LogUtils.java:warn(134)) - 424f01c0-b114-415e-b493-f069231efd67: Failed appendEntries to 2debb5e0-31ed-436b-b5a8-022b9e8f4201:192.168.11.204:36153: org.apache.ratis.thirdparty.io.grpc.StatusRuntimeException: UNAVAILABLE: io exception
2019-06-14 00:49:03,210 INFO  impl.FollowerInfo (FollowerInfo.java:lambda$new$0(50)) - 424f01c0-b114-415e-b493-f069231efd67->bb7f80c3-5969-448a-b675-8b666b9345ca: nextIndex: updateUnconditionally 0 -> 0
2019-06-14 00:49:03,210 INFO  impl.FollowerInfo (FollowerInfo.java:lambda$new$0(50)) - 424f01c0-b114-415e-b493-f069231efd67->2debb5e0-31ed-436b-b5a8-022b9e8f4201: nextIndex: updateUnconditionally 0 -> 0
2019-06-14 00:49:03,282 INFO  node.StaleNodeHandler (StaleNodeHandler.java:onMessage(58)) - Datanode bb7f80c3-5969-448a-b675-8b666b9345ca{ip: 192.168.11.204, host: ozone-z78dj-180245278, networkLocation: /default-rack, certSerialId: null} moved to stale state. Finalizing its pipelines [PipelineID=09350e68-b583-4e58-9dd2-01210f7ba3ff, PipelineID=dd546deb-21dc-4ce7-9f77-5eb6a925203e]
2019-06-14 00:49:03,283 INFO  pipeline.SCMPipelineManager (SCMPipelineManager.java:finalizeAndDestroyPipeline(307)) - destroying pipeline:Pipeline[ Id: 09350e68-b583-4e58-9dd2-01210f7ba3ff, Nodes: bb7f80c3-5969-448a-b675-8b666b9345ca{ip: 192.168.11.204, host: ozone-z78dj-180245278, networkLocation: /default-rack, certSerialId: null}, Type:RATIS, Factor:ONE, State:OPEN]
2019-06-14 00:49:03,283 INFO  pipeline.PipelineStateManager (PipelineStateManager.java:finalizePipeline(123)) - Pipeline Pipeline[ Id: 09350e68-b583-4e58-9dd2-01210f7ba3ff, Nodes: bb7f80c3-5969-448a-b675-8b666b9345ca{ip: 192.168.11.204, host: ozone-z78dj-180245278, networkLocation: /default-rack, certSerialId: null}, Type:RATIS, Factor:ONE, State:CLOSED] moved to CLOSED state
2019-06-14 00:49:03,283 INFO  pipeline.SCMPipelineManager (SCMPipelineManager.java:finalizeAndDestroyPipeline(307)) - destroying pipeline:Pipeline[ Id: dd546deb-21dc-4ce7-9f77-5eb6a925203e, Nodes: 2debb5e0-31ed-436b-b5a8-022b9e8f4201{ip: 192.168.11.204, host: ozone-z78dj-180245278, networkLocation: /default-rack, certSerialId: null}bb7f80c3-5969-448a-b675-8b666b9345ca{ip: 192.168.11.204, host: ozone-z78dj-180245278, networkLocation: /default-rack, certSerialId: null}424f01c0-b114-415e-b493-f069231efd67{ip: 192.168.11.204, host: ozone-z78dj-180245278, networkLocation: /default-rack, certSerialId: null}, Type:RATIS, Factor:THREE, State:CLOSED]
2019-06-14 00:49:03,710 WARN  server.GrpcLogAppender (LogUtils.java:warn(134)) - 424f01c0-b114-415e-b493-f069231efd67: Failed appendEntries to bb7f80c3-5969-448a-b675-8b666b9345ca:192.168.11.204:36753: org.apache.ratis.thirdparty.io.grpc.StatusRuntimeException: UNAVAILABLE: io exception
2019-06-14 00:49:03,710 WARN  server.GrpcLogAppender (LogUtils.java:warn(134)) - 424f01c0-b114-415e-b493-f069231efd67: Failed appendEntries to 2debb5e0-31ed-436b-b5a8-022b9e8f4201:192.168.11.204:36153: org.apache.ratis.thirdparty.io.grpc.StatusRuntimeException: UNAVAILABLE: io exception
2019-06-14 00:49:03,710 INFO  impl.FollowerInfo (FollowerInfo.java:lambda$new$0(50)) - 424f01c0-b114-415e-b493-f069231efd67->bb7f80c3-5969-448a-b675-8b666b9345ca: nextIndex: updateUnconditionally 0 -> 0
2019-06-14 00:49:03,710 INFO  impl.FollowerInfo (FollowerInfo.java:lambda$new$0(50)) - 424f01c0-b114-415e-b493-f069231efd67->2debb5e0-31ed-436b-b5a8-022b9e8f4201: nextIndex: updateUnconditionally 0 -> 0
2019-06-14 00:49:04,210 WARN  server.GrpcLogAppender (LogUtils.java:warn(134)) - 424f01c0-b114-415e-b493-f069231efd67: Failed appendEntries to bb7f80c3-5969-448a-b675-8b666b9345ca:192.168.11.204:36753: org.apache.ratis.thirdparty.io.grpc.StatusRuntimeException: UNAVAILABLE: io exception
2019-06-14 00:49:04,211 INFO  impl.FollowerInfo (FollowerInfo.java:lambda$new$0(50)) - 424f01c0-b114-415e-b493-f069231efd67->bb7f80c3-5969-448a-b675-8b666b9345ca: nextIndex: updateUnconditionally 0 -> 0
2019-06-14 00:49:04,211 WARN  server.GrpcLogAppender (LogUtils.java:warn(134)) - 424f01c0-b114-415e-b493-f069231efd67: Failed appendEntries to 2debb5e0-31ed-436b-b5a8-022b9e8f4201:192.168.11.204:36153: org.apache.ratis.thirdparty.io.grpc.StatusRuntimeException: UNAVAILABLE: io exception
2019-06-14 00:49:04,211 INFO  impl.FollowerInfo (FollowerInfo.java:lambda$new$0(50)) - 424f01c0-b114-415e-b493-f069231efd67->2debb5e0-31ed-436b-b5a8-022b9e8f4201: nextIndex: updateUnconditionally 0 -> 0
2019-06-14 00:49:04,711 WARN  server.GrpcLogAppender (LogUtils.java:warn(134)) - 424f01c0-b114-415e-b493-f069231efd67: Failed appendEntries to bb7f80c3-5969-448a-b675-8b666b9345ca:192.168.11.204:36753: org.apache.ratis.thirdparty.io.grpc.StatusRuntimeException: UNAVAILABLE: io exception
2019-06-14 00:49:04,711 INFO  impl.FollowerInfo (FollowerInfo.java:lambda$new$0(50)) - 424f01c0-b114-415e-b493-f069231efd67->bb7f80c3-5969-448a-b675-8b666b9345ca: nextIndex: updateUnconditionally 0 -> 0
2019-06-14 00:49:04,711 WARN  server.GrpcLogAppender (LogUtils.java:warn(134)) - 424f01c0-b114-415e-b493-f069231efd67: Failed appendEntries to 2debb5e0-31ed-436b-b5a8-022b9e8f4201:192.168.11.204:36153: org.apache.ratis.thirdparty.io.grpc.StatusRuntimeException: UNAVAILABLE: io exception
2019-06-14 00:49:04,711 INFO  impl.FollowerInfo (FollowerInfo.java:lambda$new$0(50)) - 424f01c0-b114-415e-b493-f069231efd67->2debb5e0-31ed-436b-b5a8-022b9e8f4201: nextIndex: updateUnconditionally 0 -> 0
2019-06-14 00:49:05,189 WARN  server.GrpcLogAppender (LogUtils.java:warn(134)) - 424f01c0-b114-415e-b493-f069231efd67: Failed appendEntries to 2debb5e0-31ed-436b-b5a8-022b9e8f4201:192.168.11.204:36153: org.apache.ratis.thirdparty.io.grpc.StatusRuntimeException: UNAVAILABLE: io exception
2019-06-14 00:49:05,190 INFO  impl.FollowerInfo (FollowerInfo.java:lambda$new$0(50)) - 424f01c0-b114-415e-b493-f069231efd67->2debb5e0-31ed-436b-b5a8-022b9e8f4201: nextIndex: updateUnconditionally 1 -> 0
2019-06-14 00:49:05,190 WARN  server.GrpcLogAppender (LogUtils.java:warn(134)) - 424f01c0-b114-415e-b493-f069231efd67: Failed appendEntries to bb7f80c3-5969-448a-b675-8b666b9345ca:192.168.11.204:36753: org.apache.ratis.thirdparty.io.grpc.StatusRuntimeException: UNAVAILABLE: io exception
2019-06-14 00:49:05,190 INFO  impl.FollowerInfo (FollowerInfo.java:lambda$new$0(50)) - 424f01c0-b114-415e-b493-f069231efd67->bb7f80c3-5969-448a-b675-8b666b9345ca: nextIndex: updateUnconditionally 1 -> 0
2019-06-14 00:49:05,690 WARN  server.GrpcLogAppender (LogUtils.java:warn(134)) - 424f01c0-b114-415e-b493-f069231efd67: Failed appendEntries to bb7f80c3-5969-448a-b675-8b666b9345ca:192.168.11.204:36753: org.apache.ratis.thirdparty.io.grpc.StatusRuntimeException: UNAVAILABLE: io exception
2019-06-14 00:49:05,690 WARN  server.GrpcLogAppender (LogUtils.java:warn(134)) - 424f01c0-b114-415e-b493-f069231efd67: Failed appendEntries to 2debb5e0-31ed-436b-b5a8-022b9e8f4201:192.168.11.204:36153: org.apache.ratis.thirdparty.io.grpc.StatusRuntimeException: UNAVAILABLE: io exception
2019-06-14 00:49:05,690 INFO  impl.FollowerInfo (FollowerInfo.java:lambda$new$0(50)) - 424f01c0-b114-415e-b493-f069231efd67->bb7f80c3-5969-448a-b675-8b666b9345ca: nextIndex: updateUnconditionally 0 -> 0
2019-06-14 00:49:05,690 INFO  impl.FollowerInfo (FollowerInfo.java:lambda$new$0(50)) - 424f01c0-b114-415e-b493-f069231efd67->2debb5e0-31ed-436b-b5a8-022b9e8f4201: nextIndex: updateUnconditionally 0 -> 0
2019-06-14 00:49:06,190 WARN  server.GrpcLogAppender (LogUtils.java:warn(134)) - 424f01c0-b114-415e-b493-f069231efd67: Failed appendEntries to bb7f80c3-5969-448a-b675-8b666b9345ca:192.168.11.204:36753: org.apache.ratis.thirdparty.io.grpc.StatusRuntimeException: UNAVAILABLE: io exception
2019-06-14 00:49:06,191 WARN  server.GrpcLogAppender (LogUtils.java:warn(134)) - 424f01c0-b114-415e-b493-f069231efd67: Failed appendEntries to 2debb5e0-31ed-436b-b5a8-022b9e8f4201:192.168.11.204:36153: org.apache.ratis.thirdparty.io.grpc.StatusRuntimeException: UNAVAILABLE: io exception
2019-06-14 00:49:06,191 INFO  impl.FollowerInfo (FollowerInfo.java:lambda$new$0(50)) - 424f01c0-b114-415e-b493-f069231efd67->bb7f80c3-5969-448a-b675-8b666b9345ca: nextIndex: updateUnconditionally 0 -> 0
2019-06-14 00:49:06,191 INFO  impl.FollowerInfo (FollowerInfo.java:lambda$new$0(50)) - 424f01c0-b114-415e-b493-f069231efd67->2debb5e0-31ed-436b-b5a8-022b9e8f4201: nextIndex: updateUnconditionally 0 -> 0
2019-06-14 00:49:06,691 WARN  server.GrpcLogAppender (LogUtils.java:warn(134)) - 424f01c0-b114-415e-b493-f069231efd67: Failed appendEntries to bb7f80c3-5969-448a-b675-8b666b9345ca:192.168.11.204:36753: org.apache.ratis.thirdparty.io.grpc.StatusRuntimeException: UNAVAILABLE: io exception
2019-06-14 00:49:06,691 WARN  server.GrpcLogAppender (LogUtils.java:warn(134)) - 424f01c0-b114-415e-b493-f069231efd67: Failed appendEntries to 2debb5e0-31ed-436b-b5a8-022b9e8f4201:192.168.11.204:36153: org.apache.ratis.thirdparty.io.grpc.StatusRuntimeException: UNAVAILABLE: io exception
2019-06-14 00:49:06,691 INFO  impl.FollowerInfo (FollowerInfo.java:lambda$new$0(50)) - 424f01c0-b114-415e-b493-f069231efd67->bb7f80c3-5969-448a-b675-8b666b9345ca: nextIndex: updateUnconditionally 0 -> 0
2019-06-14 00:49:06,691 INFO  impl.FollowerInfo (FollowerInfo.java:lambda$new$0(50)) - 424f01c0-b114-415e-b493-f069231efd67->2debb5e0-31ed-436b-b5a8-022b9e8f4201: nextIndex: updateUnconditionally 0 -> 0
2019-06-14 00:49:07,191 WARN  server.GrpcLogAppender (LogUtils.java:warn(134)) - 424f01c0-b114-415e-b493-f069231efd67: Failed appendEntries to 2debb5e0-31ed-436b-b5a8-022b9e8f4201:192.168.11.204:36153: org.apache.ratis.thirdparty.io.grpc.StatusRuntimeException: UNAVAILABLE: io exception
2019-06-14 00:49:07,192 INFO  impl.FollowerInfo (FollowerInfo.java:lambda$new$0(50)) - 424f01c0-b114-415e-b493-f069231efd67->2debb5e0-31ed-436b-b5a8-022b9e8f4201: nextIndex: updateUnconditionally 0 -> 0
2019-06-14 00:49:07,192 WARN  server.GrpcLogAppender (LogUtils.java:warn(134)) - 424f01c0-b114-415e-b493-f069231efd67: Failed appendEntries to bb7f80c3-5969-448a-b675-8b666b9345ca:192.168.11.204:36753: org.apache.ratis.thirdparty.io.grpc.StatusRuntimeException: UNAVAILABLE: io exception
2019-06-14 00:49:07,192 INFO  impl.FollowerInfo (FollowerInfo.java:lambda$new$0(50)) - 424f01c0-b114-415e-b493-f069231efd67->bb7f80c3-5969-448a-b675-8b666b9345ca: nextIndex: updateUnconditionally 0 -> 0
2019-06-14 00:49:07,692 WARN  server.GrpcLogAppender (LogUtils.java:warn(134)) - 424f01c0-b114-415e-b493-f069231efd67: Failed appendEntries to bb7f80c3-5969-448a-b675-8b666b9345ca:192.168.11.204:36753: org.apache.ratis.thirdparty.io.grpc.StatusRuntimeException: UNAVAILABLE: io exception
2019-06-14 00:49:07,692 WARN  server.GrpcLogAppender (LogUtils.java:warn(134)) - 424f01c0-b114-415e-b493-f069231efd67: Failed appendEntries to 2debb5e0-31ed-436b-b5a8-022b9e8f4201:192.168.11.204:36153: org.apache.ratis.thirdparty.io.grpc.StatusRuntimeException: UNAVAILABLE: io exception
2019-06-14 00:49:07,692 INFO  impl.FollowerInfo (FollowerInfo.java:lambda$new$0(50)) - 424f01c0-b114-415e-b493-f069231efd67->bb7f80c3-5969-448a-b675-8b666b9345ca: nextIndex: updateUnconditionally 0 -> 0
2019-06-14 00:49:07,692 INFO  impl.FollowerInfo (FollowerInfo.java:lambda$new$0(50)) - 424f01c0-b114-415e-b493-f069231efd67->2debb5e0-31ed-436b-b5a8-022b9e8f4201: nextIndex: updateUnconditionally 0 -> 0
2019-06-14 00:49:08,192 WARN  server.GrpcLogAppender (LogUtils.java:warn(134)) - 424f01c0-b114-415e-b493-f069231efd67: Failed appendEntries to 2debb5e0-31ed-436b-b5a8-022b9e8f4201:192.168.11.204:36153: org.apache.ratis.thirdparty.io.grpc.StatusRuntimeException: UNAVAILABLE: io exception
2019-06-14 00:49:08,192 WARN  server.GrpcLogAppender (LogUtils.java:warn(134)) - 424f01c0-b114-415e-b493-f069231efd67: Failed appendEntries to bb7f80c3-5969-448a-b675-8b666b9345ca:192.168.11.204:36753: org.apache.ratis.thirdparty.io.grpc.StatusRuntimeException: UNAVAILABLE: io exception
2019-06-14 00:49:08,192 INFO  impl.FollowerInfo (FollowerInfo.java:lambda$new$0(50)) - 424f01c0-b114-415e-b493-f069231efd67->2debb5e0-31ed-436b-b5a8-022b9e8f4201: nextIndex: updateUnconditionally 0 -> 0
2019-06-14 00:49:08,192 INFO  impl.FollowerInfo (FollowerInfo.java:lambda$new$0(50)) - 424f01c0-b114-415e-b493-f069231efd67->bb7f80c3-5969-448a-b675-8b666b9345ca: nextIndex: updateUnconditionally 0 -> 0
2019-06-14 00:49:08,692 WARN  server.GrpcLogAppender (LogUtils.java:warn(134)) - 424f01c0-b114-415e-b493-f069231efd67: Failed appendEntries to 2debb5e0-31ed-436b-b5a8-022b9e8f4201:192.168.11.204:36153: org.apache.ratis.thirdparty.io.grpc.StatusRuntimeException: UNAVAILABLE: io exception
2019-06-14 00:49:08,693 INFO  impl.FollowerInfo (FollowerInfo.java:lambda$new$0(50)) - 424f01c0-b114-415e-b493-f069231efd67->2debb5e0-31ed-436b-b5a8-022b9e8f4201: nextIndex: updateUnconditionally 0 -> 0
2019-06-14 00:49:08,693 WARN  server.GrpcLogAppender (LogUtils.java:warn(134)) - 424f01c0-b114-415e-b493-f069231efd67: Failed appendEntries to bb7f80c3-5969-448a-b675-8b666b9345ca:192.168.11.204:36753: org.apache.ratis.thirdparty.io.grpc.StatusRuntimeException: UNAVAILABLE: io exception
2019-06-14 00:49:08,693 INFO  impl.FollowerInfo (FollowerInfo.java:lambda$new$0(50)) - 424f01c0-b114-415e-b493-f069231efd67->bb7f80c3-5969-448a-b675-8b666b9345ca: nextIndex: updateUnconditionally 0 -> 0
2019-06-14 00:49:09,193 WARN  server.GrpcLogAppender (LogUtils.java:warn(134)) - 424f01c0-b114-415e-b493-f069231efd67: Failed appendEntries to 2debb5e0-31ed-436b-b5a8-022b9e8f4201:192.168.11.204:36153: org.apache.ratis.thirdparty.io.grpc.StatusRuntimeException: UNAVAILABLE: io exception
2019-06-14 00:49:09,193 WARN  server.GrpcLogAppender (LogUtils.java:warn(134)) - 424f01c0-b114-415e-b493-f069231efd67: Failed appendEntries to bb7f80c3-5969-448a-b675-8b666b9345ca:192.168.11.204:36753: org.apache.ratis.thirdparty.io.grpc.StatusRuntimeException: UNAVAILABLE: io exception
2019-06-14 00:49:09,193 INFO  impl.FollowerInfo (FollowerInfo.java:lambda$new$0(50)) - 424f01c0-b114-415e-b493-f069231efd67->2debb5e0-31ed-436b-b5a8-022b9e8f4201: nextIndex: updateUnconditionally 0 -> 0
2019-06-14 00:49:09,193 INFO  impl.FollowerInfo (FollowerInfo.java:lambda$new$0(50)) - 424f01c0-b114-415e-b493-f069231efd67->bb7f80c3-5969-448a-b675-8b666b9345ca: nextIndex: updateUnconditionally 0 -> 0
2019-06-14 00:49:09,693 WARN  server.GrpcLogAppender (LogUtils.java:warn(134)) - 424f01c0-b114-415e-b493-f069231efd67: Failed appendEntries to 2debb5e0-31ed-436b-b5a8-022b9e8f4201:192.168.11.204:36153: org.apache.ratis.thirdparty.io.grpc.StatusRuntimeException: UNAVAILABLE: io exception
2019-06-14 00:49:09,693 WARN  server.GrpcLogAppender (LogUtils.java:warn(134)) - 424f01c0-b114-415e-b493-f069231efd67: Failed appendEntries to bb7f80c3-5969-448a-b675-8b666b9345ca:192.168.11.204:36753: org.apache.ratis.thirdparty.io.grpc.StatusRuntimeException: UNAVAILABLE: io exception
2019-06-14 00:49:09,694 INFO  impl.FollowerInfo (FollowerInfo.java:lambda$new$0(50)) - 424f01c0-b114-415e-b493-f069231efd67->2debb5e0-31ed-436b-b5a8-022b9e8f4201: nextIndex: updateUnconditionally 0 -> 0
2019-06-14 00:49:09,694 INFO  impl.FollowerInfo (FollowerInfo.java:lambda$new$0(50)) - 424f01c0-b114-415e-b493-f069231efd67->bb7f80c3-5969-448a-b675-8b666b9345ca: nextIndex: updateUnconditionally 0 -> 0
2019-06-14 00:49:10,194 WARN  server.GrpcLogAppender (LogUtils.java:warn(134)) - 424f01c0-b114-415e-b493-f069231efd67: Failed appendEntries to bb7f80c3-5969-448a-b675-8b666b9345ca:192.168.11.204:36753: org.apache.ratis.thirdparty.io.grpc.StatusRuntimeException: UNAVAILABLE: io exception
2019-06-14 00:49:10,194 INFO  impl.FollowerInfo (FollowerInfo.java:lambda$new$0(50)) - 424f01c0-b114-415e-b493-f069231efd67->bb7f80c3-5969-448a-b675-8b666b9345ca: nextIndex: updateUnconditionally 0 -> 0
2019-06-14 00:49:10,194 WARN  server.GrpcLogAppender (LogUtils.java:warn(134)) - 424f01c0-b114-415e-b493-f069231efd67: Failed appendEntries to 2debb5e0-31ed-436b-b5a8-022b9e8f4201:192.168.11.204:36153: org.apache.ratis.thirdparty.io.grpc.StatusRuntimeException: UNAVAILABLE: io exception
2019-06-14 00:49:10,194 INFO  impl.FollowerInfo (FollowerInfo.java:lambda$new$0(50)) - 424f01c0-b114-415e-b493-f069231efd67->2debb5e0-31ed-436b-b5a8-022b9e8f4201: nextIndex: updateUnconditionally 0 -> 0
2019-06-14 00:49:10,695 WARN  server.GrpcLogAppender (LogUtils.java:warn(134)) - 424f01c0-b114-415e-b493-f069231efd67: Failed appendEntries to 2debb5e0-31ed-436b-b5a8-022b9e8f4201:192.168.11.204:36153: org.apache.ratis.thirdparty.io.grpc.StatusRuntimeException: UNAVAILABLE: io exception
2019-06-14 00:49:10,695 WARN  server.GrpcLogAppender (LogUtils.java:warn(134)) - 424f01c0-b114-415e-b493-f069231efd67: Failed appendEntries to bb7f80c3-5969-448a-b675-8b666b9345ca:192.168.11.204:36753: org.apache.ratis.thirdparty.io.grpc.StatusRuntimeException: UNAVAILABLE: io exception
2019-06-14 00:49:10,695 INFO  impl.FollowerInfo (FollowerInfo.java:lambda$new$0(50)) - 424f01c0-b114-415e-b493-f069231efd67->2debb5e0-31ed-436b-b5a8-022b9e8f4201: nextIndex: updateUnconditionally 0 -> 0
2019-06-14 00:49:10,695 INFO  impl.FollowerInfo (FollowerInfo.java:lambda$new$0(50)) - 424f01c0-b114-415e-b493-f069231efd67->bb7f80c3-5969-448a-b675-8b666b9345ca: nextIndex: updateUnconditionally 0 -> 0
2019-06-14 00:49:11,134 WARN  io.KeyOutputStream (KeyOutputStream.java:handleException(276)) - Encountered exception java.io.IOException: Unexpected Storage Container Exception: java.util.concurrent.CompletionException: java.util.concurrent.CompletionException: org.apache.ratis.protocol.RaftRetryFailureException: Failed RaftClientRequest:client-78F9E898AE47->2debb5e0-31ed-436b-b5a8-022b9e8f4201@group-5EB6A925203E, cid=188, seq=10*, RW, org.apache.hadoop.hdds.scm.XceiverClientRatis$$Lambda$454/2089816579@711f77f6 for 5 attempts with RetryLimited(maxAttempts=5, sleepTime=1000ms) on the pipeline Pipeline[ Id: dd546deb-21dc-4ce7-9f77-5eb6a925203e, Nodes: 2debb5e0-31ed-436b-b5a8-022b9e8f4201{ip: 192.168.11.204, host: ozone-z78dj-180245278, networkLocation: /default-rack, certSerialId: null}bb7f80c3-5969-448a-b675-8b666b9345ca{ip: 192.168.11.204, host: ozone-z78dj-180245278, networkLocation: /default-rack, certSerialId: null}424f01c0-b114-415e-b493-f069231efd67{ip: 192.168.11.204, host: ozone-z78dj-180245278, networkLocation: /default-rack, certSerialId: null}, Type:RATIS, Factor:THREE, State:OPEN]. The last committed block length is 0, uncommitted data length is 2097152 retry count 0
2019-06-14 00:49:11,155 INFO  client.GrpcClientProtocolClient (GrpcClientProtocolClient.java:onNext(254)) - client-991AC45CD8B0->57164648-c586-4e2a-8bcc-1bba3c117994: receive RaftClientReply:client-991AC45CD8B0->57164648-c586-4e2a-8bcc-1bba3c117994@group-DA41BEE8D1BF, cid=191, FAILED org.apache.ratis.protocol.NotLeaderException: Server 57164648-c586-4e2a-8bcc-1bba3c117994 is not the leader (c5f2c476-202a-48a3-92aa-b5134342721a:192.168.11.204:45797). Request must be sent to leader., logIndex=0, commits[57164648-c586-4e2a-8bcc-1bba3c117994:c0, c5f2c476-202a-48a3-92aa-b5134342721a:c0, 1faf1e02-8f3b-458a-adaf-b103e3c4301e:c0]
2019-06-14 00:49:11,158 WARN  client.GrpcClientProtocolService (LogUtils.java:warn(134)) - 0-OrderedRequestStreamObserver0: onError: org.apache.ratis.thirdparty.io.grpc.StatusRuntimeException: CANCELLED: cancelled before receiving half close
2019-06-14 00:49:11,195 WARN  server.GrpcLogAppender (LogUtils.java:warn(134)) - 424f01c0-b114-415e-b493-f069231efd67: Failed appendEntries to 2debb5e0-31ed-436b-b5a8-022b9e8f4201:192.168.11.204:36153: org.apache.ratis.thirdparty.io.grpc.StatusRuntimeException: UNAVAILABLE: io exception
2019-06-14 00:49:11,195 INFO  impl.FollowerInfo (FollowerInfo.java:lambda$new$0(50)) - 424f01c0-b114-415e-b493-f069231efd67->2debb5e0-31ed-436b-b5a8-022b9e8f4201: nextIndex: updateUnconditionally 0 -> 0
2019-06-14 00:49:11,195 WARN  server.GrpcLogAppender (LogUtils.java:warn(134)) - 424f01c0-b114-415e-b493-f069231efd67: Failed appendEntries to bb7f80c3-5969-448a-b675-8b666b9345ca:192.168.11.204:36753: org.apache.ratis.thirdparty.io.grpc.StatusRuntimeException: UNAVAILABLE: io exception
2019-06-14 00:49:11,195 INFO  impl.FollowerInfo (FollowerInfo.java:lambda$new$0(50)) - 424f01c0-b114-415e-b493-f069231efd67->bb7f80c3-5969-448a-b675-8b666b9345ca: nextIndex: updateUnconditionally 0 -> 0
2019-06-14 00:49:11,695 WARN  server.GrpcLogAppender (LogUtils.java:warn(134)) - 424f01c0-b114-415e-b493-f069231efd67: Failed appendEntries to bb7f80c3-5969-448a-b675-8b666b9345ca:192.168.11.204:36753: org.apache.ratis.thirdparty.io.grpc.StatusRuntimeException: UNAVAILABLE: io exception
2019-06-14 00:49:11,696 INFO  impl.FollowerInfo (FollowerInfo.java:lambda$new$0(50)) - 424f01c0-b114-415e-b493-f069231efd67->bb7f80c3-5969-448a-b675-8b666b9345ca: nextIndex: updateUnconditionally 0 -> 0
2019-06-14 00:49:11,696 WARN  server.GrpcLogAppender (LogUtils.java:warn(134)) - 424f01c0-b114-415e-b493-f069231efd67: Failed appendEntries to 2debb5e0-31ed-436b-b5a8-022b9e8f4201:192.168.11.204:36153: org.apache.ratis.thirdparty.io.grpc.StatusRuntimeException: UNAVAILABLE: io exception
2019-06-14 00:49:11,696 INFO  impl.FollowerInfo (FollowerInfo.java:lambda$new$0(50)) - 424f01c0-b114-415e-b493-f069231efd67->2debb5e0-31ed-436b-b5a8-022b9e8f4201: nextIndex: updateUnconditionally 0 -> 0
2019-06-14 00:49:12,165 INFO  client.GrpcClientProtocolClient (GrpcClientProtocolClient.java:onNext(254)) - client-991AC45CD8B0->1faf1e02-8f3b-458a-adaf-b103e3c4301e: receive RaftClientReply:client-991AC45CD8B0->1faf1e02-8f3b-458a-adaf-b103e3c4301e@group-DA41BEE8D1BF, cid=191, FAILED org.apache.ratis.protocol.NotLeaderException: Server 1faf1e02-8f3b-458a-adaf-b103e3c4301e is not the leader (c5f2c476-202a-48a3-92aa-b5134342721a:192.168.11.204:45797). Request must be sent to leader., logIndex=0, commits[1faf1e02-8f3b-458a-adaf-b103e3c4301e:c0, 57164648-c586-4e2a-8bcc-1bba3c117994:c0, c5f2c476-202a-48a3-92aa-b5134342721a:c0]
2019-06-14 00:49:12,167 WARN  client.GrpcClientProtocolService (LogUtils.java:warn(134)) - 0-OrderedRequestStreamObserver0: onError: org.apache.ratis.thirdparty.io.grpc.StatusRuntimeException: CANCELLED: cancelled before receiving half close
2019-06-14 00:49:12,196 WARN  server.GrpcLogAppender (LogUtils.java:warn(134)) - 424f01c0-b114-415e-b493-f069231efd67: Failed appendEntries to bb7f80c3-5969-448a-b675-8b666b9345ca:192.168.11.204:36753: org.apache.ratis.thirdparty.io.grpc.StatusRuntimeException: UNAVAILABLE: io exception
2019-06-14 00:49:12,196 WARN  server.GrpcLogAppender (LogUtils.java:warn(134)) - 424f01c0-b114-415e-b493-f069231efd67: Failed appendEntries to 2debb5e0-31ed-436b-b5a8-022b9e8f4201:192.168.11.204:36153: org.apache.ratis.thirdparty.io.grpc.StatusRuntimeException: UNAVAILABLE: io exception
2019-06-14 00:49:12,196 INFO  impl.FollowerInfo (FollowerInfo.java:lambda$new$0(50)) - 424f01c0-b114-415e-b493-f069231efd67->bb7f80c3-5969-448a-b675-8b666b9345ca: nextIndex: updateUnconditionally 0 -> 0
2019-06-14 00:49:12,196 INFO  impl.FollowerInfo (FollowerInfo.java:lambda$new$0(50)) - 424f01c0-b114-415e-b493-f069231efd67->2debb5e0-31ed-436b-b5a8-022b9e8f4201: nextIndex: updateUnconditionally 0 -> 0
2019-06-14 00:49:12,696 WARN  server.GrpcLogAppender (LogUtils.java:warn(134)) - 424f01c0-b114-415e-b493-f069231efd67: Failed appendEntries to 2debb5e0-31ed-436b-b5a8-022b9e8f4201:192.168.11.204:36153: org.apache.ratis.thirdparty.io.grpc.StatusRuntimeException: UNAVAILABLE: io exception
2019-06-14 00:49:12,696 INFO  impl.FollowerInfo (FollowerInfo.java:lambda$new$0(50)) - 424f01c0-b114-415e-b493-f069231efd67->2debb5e0-31ed-436b-b5a8-022b9e8f4201: nextIndex: updateUnconditionally 0 -> 0
2019-06-14 00:49:12,697 WARN  server.GrpcLogAppender (LogUtils.java:warn(134)) - 424f01c0-b114-415e-b493-f069231efd67: Failed appendEntries to bb7f80c3-5969-448a-b675-8b666b9345ca:192.168.11.204:36753: org.apache.ratis.thirdparty.io.grpc.StatusRuntimeException: UNAVAILABLE: io exception
2019-06-14 00:49:12,697 INFO  impl.FollowerInfo (FollowerInfo.java:lambda$new$0(50)) - 424f01c0-b114-415e-b493-f069231efd67->bb7f80c3-5969-448a-b675-8b666b9345ca: nextIndex: updateUnconditionally 0 -> 0
2019-06-14 00:49:13,173 INFO  client.GrpcClientProtocolClient (GrpcClientProtocolClient.java:onNext(254)) - client-991AC45CD8B0->57164648-c586-4e2a-8bcc-1bba3c117994: receive RaftClientReply:client-991AC45CD8B0->57164648-c586-4e2a-8bcc-1bba3c117994@group-DA41BEE8D1BF, cid=191, FAILED org.apache.ratis.protocol.NotLeaderException: Server 57164648-c586-4e2a-8bcc-1bba3c117994 is not the leader (c5f2c476-202a-48a3-92aa-b5134342721a:192.168.11.204:45797). Request must be sent to leader., logIndex=0, commits[57164648-c586-4e2a-8bcc-1bba3c117994:c0, c5f2c476-202a-48a3-92aa-b5134342721a:c0, 1faf1e02-8f3b-458a-adaf-b103e3c4301e:c0]
2019-06-14 00:49:13,175 WARN  client.GrpcClientProtocolService (LogUtils.java:warn(134)) - 1-OrderedRequestStreamObserver1: onError: org.apache.ratis.thirdparty.io.grpc.StatusRuntimeException: CANCELLED: cancelled before receiving half close
2019-06-14 00:49:13,197 WARN  server.GrpcLogAppender (LogUtils.java:warn(134)) - 424f01c0-b114-415e-b493-f069231efd67: Failed appendEntries to bb7f80c3-5969-448a-b675-8b666b9345ca:192.168.11.204:36753: org.apache.ratis.thirdparty.io.grpc.StatusRuntimeException: UNAVAILABLE: io exception
2019-06-14 00:49:13,197 WARN  server.GrpcLogAppender (LogUtils.java:warn(134)) - 424f01c0-b114-415e-b493-f069231efd67: Failed appendEntries to 2debb5e0-31ed-436b-b5a8-022b9e8f4201:192.168.11.204:36153: org.apache.ratis.thirdparty.io.grpc.StatusRuntimeException: UNAVAILABLE: io exception
2019-06-14 00:49:13,197 INFO  impl.FollowerInfo (FollowerInfo.java:lambda$new$0(50)) - 424f01c0-b114-415e-b493-f069231efd67->bb7f80c3-5969-448a-b675-8b666b9345ca: nextIndex: updateUnconditionally 0 -> 0
2019-06-14 00:49:13,197 INFO  impl.FollowerInfo (FollowerInfo.java:lambda$new$0(50)) - 424f01c0-b114-415e-b493-f069231efd67->2debb5e0-31ed-436b-b5a8-022b9e8f4201: nextIndex: updateUnconditionally 0 -> 0
2019-06-14 00:49:13,697 WARN  server.GrpcLogAppender (LogUtils.java:warn(134)) - 424f01c0-b114-415e-b493-f069231efd67: Failed appendEntries to 2debb5e0-31ed-436b-b5a8-022b9e8f4201:192.168.11.204:36153: org.apache.ratis.thirdparty.io.grpc.StatusRuntimeException: UNAVAILABLE: io exception
2019-06-14 00:49:13,697 WARN  server.GrpcLogAppender (LogUtils.java:warn(134)) - 424f01c0-b114-415e-b493-f069231efd67: Failed appendEntries to bb7f80c3-5969-448a-b675-8b666b9345ca:192.168.11.204:36753: org.apache.ratis.thirdparty.io.grpc.StatusRuntimeException: UNAVAILABLE: io exception
2019-06-14 00:49:13,697 INFO  impl.FollowerInfo (FollowerInfo.java:lambda$new$0(50)) - 424f01c0-b114-415e-b493-f069231efd67->2debb5e0-31ed-436b-b5a8-022b9e8f4201: nextIndex: updateUnconditionally 0 -> 0
2019-06-14 00:49:13,698 INFO  impl.FollowerInfo (FollowerInfo.java:lambda$new$0(50)) - 424f01c0-b114-415e-b493-f069231efd67->bb7f80c3-5969-448a-b675-8b666b9345ca: nextIndex: updateUnconditionally 0 -> 0
2019-06-14 00:49:14,182 INFO  client.GrpcClientProtocolClient (GrpcClientProtocolClient.java:onNext(254)) - client-991AC45CD8B0->1faf1e02-8f3b-458a-adaf-b103e3c4301e: receive RaftClientReply:client-991AC45CD8B0->1faf1e02-8f3b-458a-adaf-b103e3c4301e@group-DA41BEE8D1BF, cid=191, FAILED org.apache.ratis.protocol.NotLeaderException: Server 1faf1e02-8f3b-458a-adaf-b103e3c4301e is not the leader (c5f2c476-202a-48a3-92aa-b5134342721a:192.168.11.204:45797). Request must be sent to leader., logIndex=0, commits[1faf1e02-8f3b-458a-adaf-b103e3c4301e:c0, 57164648-c586-4e2a-8bcc-1bba3c117994:c0, c5f2c476-202a-48a3-92aa-b5134342721a:c0]
2019-06-14 00:49:14,184 WARN  client.GrpcClientProtocolService (LogUtils.java:warn(134)) - 1-OrderedRequestStreamObserver1: onError: org.apache.ratis.thirdparty.io.grpc.StatusRuntimeException: CANCELLED: cancelled before receiving half close
2019-06-14 00:49:14,197 WARN  server.GrpcLogAppender (LogUtils.java:warn(134)) - 424f01c0-b114-415e-b493-f069231efd67: Failed appendEntries to 2debb5e0-31ed-436b-b5a8-022b9e8f4201:192.168.11.204:36153: org.apache.ratis.thirdparty.io.grpc.StatusRuntimeException: UNAVAILABLE: io exception
2019-06-14 00:49:14,197 WARN  server.GrpcLogAppender (LogUtils.java:warn(134)) - 424f01c0-b114-415e-b493-f069231efd67: Failed appendEntries to bb7f80c3-5969-448a-b675-8b666b9345ca:192.168.11.204:36753: org.apache.ratis.thirdparty.io.grpc.StatusRuntimeException: UNAVAILABLE: io exception
2019-06-14 00:49:14,198 INFO  impl.FollowerInfo (FollowerInfo.java:lambda$new$0(50)) - 424f01c0-b114-415e-b493-f069231efd67->2debb5e0-31ed-436b-b5a8-022b9e8f4201: nextIndex: updateUnconditionally 0 -> 0
2019-06-14 00:49:14,198 INFO  impl.FollowerInfo (FollowerInfo.java:lambda$new$0(50)) - 424f01c0-b114-415e-b493-f069231efd67->bb7f80c3-5969-448a-b675-8b666b9345ca: nextIndex: updateUnconditionally 0 -> 0
2019-06-14 00:49:14,698 WARN  server.GrpcLogAppender (LogUtils.java:warn(134)) - 424f01c0-b114-415e-b493-f069231efd67: Failed appendEntries to bb7f80c3-5969-448a-b675-8b666b9345ca:192.168.11.204:36753: org.apache.ratis.thirdparty.io.grpc.StatusRuntimeException: UNAVAILABLE: io exception
2019-06-14 00:49:14,698 INFO  impl.FollowerInfo (FollowerInfo.java:lambda$new$0(50)) - 424f01c0-b114-415e-b493-f069231efd67->bb7f80c3-5969-448a-b675-8b666b9345ca: nextIndex: updateUnconditionally 0 -> 0
2019-06-14 00:49:14,698 WARN  server.GrpcLogAppender (LogUtils.java:warn(134)) - 424f01c0-b114-415e-b493-f069231efd67: Failed appendEntries to 2debb5e0-31ed-436b-b5a8-022b9e8f4201:192.168.11.204:36153: org.apache.ratis.thirdparty.io.grpc.StatusRuntimeException: UNAVAILABLE: io exception
2019-06-14 00:49:14,699 INFO  impl.FollowerInfo (FollowerInfo.java:lambda$new$0(50)) - 424f01c0-b114-415e-b493-f069231efd67->2debb5e0-31ed-436b-b5a8-022b9e8f4201: nextIndex: updateUnconditionally 0 -> 0
2019-06-14 00:49:15,190 INFO  client.GrpcClientProtocolClient (GrpcClientProtocolClient.java:onNext(254)) - client-991AC45CD8B0->57164648-c586-4e2a-8bcc-1bba3c117994: receive RaftClientReply:client-991AC45CD8B0->57164648-c586-4e2a-8bcc-1bba3c117994@group-DA41BEE8D1BF, cid=191, FAILED org.apache.ratis.protocol.NotLeaderException: Server 57164648-c586-4e2a-8bcc-1bba3c117994 is not the leader (c5f2c476-202a-48a3-92aa-b5134342721a:192.168.11.204:45797). Request must be sent to leader., logIndex=0, commits[57164648-c586-4e2a-8bcc-1bba3c117994:c0, c5f2c476-202a-48a3-92aa-b5134342721a:c0, 1faf1e02-8f3b-458a-adaf-b103e3c4301e:c0]
2019-06-14 00:49:15,193 WARN  client.GrpcClientProtocolService (LogUtils.java:warn(134)) - 2-OrderedRequestStreamObserver2: onError: org.apache.ratis.thirdparty.io.grpc.StatusRuntimeException: CANCELLED: cancelled before receiving half close
2019-06-14 00:49:15,198 WARN  server.GrpcLogAppender (LogUtils.java:warn(134)) - 424f01c0-b114-415e-b493-f069231efd67: Failed appendEntries to 2debb5e0-31ed-436b-b5a8-022b9e8f4201:192.168.11.204:36153: org.apache.ratis.thirdparty.io.grpc.StatusRuntimeException: UNAVAILABLE: io exception
2019-06-14 00:49:15,198 WARN  server.GrpcLogAppender (LogUtils.java:warn(134)) - 424f01c0-b114-415e-b493-f069231efd67: Failed appendEntries to bb7f80c3-5969-448a-b675-8b666b9345ca:192.168.11.204:36753: org.apache.ratis.thirdparty.io.grpc.StatusRuntimeException: UNAVAILABLE: io exception
2019-06-14 00:49:15,198 INFO  impl.FollowerInfo (FollowerInfo.java:lambda$new$0(50)) - 424f01c0-b114-415e-b493-f069231efd67->2debb5e0-31ed-436b-b5a8-022b9e8f4201: nextIndex: updateUnconditionally 0 -> 0
2019-06-14 00:49:15,199 INFO  impl.FollowerInfo (FollowerInfo.java:lambda$new$0(50)) - 424f01c0-b114-415e-b493-f069231efd67->bb7f80c3-5969-448a-b675-8b666b9345ca: nextIndex: updateUnconditionally 0 -> 0
2019-06-14 00:49:15,699 WARN  server.GrpcLogAppender (LogUtils.java:warn(134)) - 424f01c0-b114-415e-b493-f069231efd67: Failed appendEntries to 2debb5e0-31ed-436b-b5a8-022b9e8f4201:192.168.11.204:36153: org.apache.ratis.thirdparty.io.grpc.StatusRuntimeException: UNAVAILABLE: io exception
2019-06-14 00:49:15,699 WARN  server.GrpcLogAppender (LogUtils.java:warn(134)) - 424f01c0-b114-415e-b493-f069231efd67: Failed appendEntries to bb7f80c3-5969-448a-b675-8b666b9345ca:192.168.11.204:36753: org.apache.ratis.thirdparty.io.grpc.StatusRuntimeException: UNAVAILABLE: io exception
2019-06-14 00:49:15,699 INFO  impl.FollowerInfo (FollowerInfo.java:lambda$new$0(50)) - 424f01c0-b114-415e-b493-f069231efd67->bb7f80c3-5969-448a-b675-8b666b9345ca: nextIndex: updateUnconditionally 0 -> 0
2019-06-14 00:49:15,699 INFO  impl.FollowerInfo (FollowerInfo.java:lambda$new$0(50)) - 424f01c0-b114-415e-b493-f069231efd67->2debb5e0-31ed-436b-b5a8-022b9e8f4201: nextIndex: updateUnconditionally 0 -> 0
2019-06-14 00:49:16,199 WARN  server.GrpcLogAppender (LogUtils.java:warn(134)) - 424f01c0-b114-415e-b493-f069231efd67: Failed appendEntries to bb7f80c3-5969-448a-b675-8b666b9345ca:192.168.11.204:36753: org.apache.ratis.thirdparty.io.grpc.StatusRuntimeException: UNAVAILABLE: io exception
2019-06-14 00:49:16,199 INFO  client.GrpcClientProtocolClient (GrpcClientProtocolClient.java:onNext(254)) - client-991AC45CD8B0->1faf1e02-8f3b-458a-adaf-b103e3c4301e: receive RaftClientReply:client-991AC45CD8B0->1faf1e02-8f3b-458a-adaf-b103e3c4301e@group-DA41BEE8D1BF, cid=191, FAILED org.apache.ratis.protocol.NotLeaderException: Server 1faf1e02-8f3b-458a-adaf-b103e3c4301e is not the leader (c5f2c476-202a-48a3-92aa-b5134342721a:192.168.11.204:45797). Request must be sent to leader., logIndex=0, commits[1faf1e02-8f3b-458a-adaf-b103e3c4301e:c0, 57164648-c586-4e2a-8bcc-1bba3c117994:c0, c5f2c476-202a-48a3-92aa-b5134342721a:c0]
2019-06-14 00:49:16,200 INFO  impl.FollowerInfo (FollowerInfo.java:lambda$new$0(50)) - 424f01c0-b114-415e-b493-f069231efd67->bb7f80c3-5969-448a-b675-8b666b9345ca: nextIndex: updateUnconditionally 0 -> 0
2019-06-14 00:49:16,201 WARN  server.GrpcLogAppender (LogUtils.java:warn(134)) - 424f01c0-b114-415e-b493-f069231efd67: Failed appendEntries to 2debb5e0-31ed-436b-b5a8-022b9e8f4201:192.168.11.204:36153: org.apache.ratis.thirdparty.io.grpc.StatusRuntimeException: UNAVAILABLE: io exception
2019-06-14 00:49:16,202 INFO  impl.FollowerInfo (FollowerInfo.java:lambda$new$0(50)) - 424f01c0-b114-415e-b493-f069231efd67->2debb5e0-31ed-436b-b5a8-022b9e8f4201: nextIndex: updateUnconditionally 0 -> 0
2019-06-14 00:49:16,211 WARN  io.KeyOutputStream (KeyOutputStream.java:handleException(276)) - Encountered exception java.io.IOException: Unexpected Storage Container Exception: java.util.concurrent.CompletionException: java.util.concurrent.CompletionException: org.apache.ratis.protocol.RaftRetryFailureException: Failed RaftClientRequest:client-991AC45CD8B0->1faf1e02-8f3b-458a-adaf-b103e3c4301e@group-DA41BEE8D1BF, cid=191, seq=1*, RW, org.apache.hadoop.hdds.scm.XceiverClientRatis$$Lambda$454/2089816579@6bfbaf34 for 5 attempts with RetryLimited(maxAttempts=5, sleepTime=1000ms) on the pipeline Pipeline[ Id: cb105503-3df6-47cb-b6de-da41bee8d1bf, Nodes: 57164648-c586-4e2a-8bcc-1bba3c117994{ip: 192.168.11.204, host: ozone-z78dj-180245278, networkLocation: /default-rack, certSerialId: null}1faf1e02-8f3b-458a-adaf-b103e3c4301e{ip: 192.168.11.204, host: ozone-z78dj-180245278, networkLocation: /default-rack, certSerialId: null}c5f2c476-202a-48a3-92aa-b5134342721a{ip: 192.168.11.204, host: ozone-z78dj-180245278, networkLocation: /default-rack, certSerialId: null}, Type:RATIS, Factor:THREE, State:OPEN]. The last committed block length is 0, uncommitted data length is 2097152 retry count 1
2019-06-14 00:49:16,211 WARN  client.GrpcClientProtocolService (LogUtils.java:warn(134)) - 2-OrderedRequestStreamObserver2: onError: org.apache.ratis.thirdparty.io.grpc.StatusRuntimeException: CANCELLED: cancelled before receiving half close
2019-06-14 00:49:16,215 WARN  block.BlockManagerImpl (BlockManagerImpl.java:allocateBlock(192)) - Pipeline creation failed for type:RATIS factor:THREE. Retrying get pipelines call once.
org.apache.hadoop.hdds.scm.pipeline.InsufficientDatanodesException: Cannot create pipeline of factor 3 using 1 nodes.
	at org.apache.hadoop.hdds.scm.pipeline.RatisPipelineProvider.create(RatisPipelineProvider.java:151)
	at org.apache.hadoop.hdds.scm.pipeline.PipelineFactory.create(PipelineFactory.java:57)
	at org.apache.hadoop.hdds.scm.pipeline.SCMPipelineManager.createPipeline(SCMPipelineManager.java:149)
	at org.apache.hadoop.hdds.scm.block.BlockManagerImpl.allocateBlock(BlockManagerImpl.java:190)
	at org.apache.hadoop.hdds.scm.server.SCMBlockProtocolServer.allocateBlock(SCMBlockProtocolServer.java:172)
	at org.apache.hadoop.ozone.protocolPB.ScmBlockLocationProtocolServerSideTranslatorPB.allocateScmBlock(ScmBlockLocationProtocolServerSideTranslatorPB.java:82)
	at org.apache.hadoop.hdds.protocol.proto.ScmBlockLocationProtocolProtos$ScmBlockLocationProtocolService$2.callBlockingMethod(ScmBlockLocationProtocolProtos.java:7533)
	at org.apache.hadoop.ipc.ProtobufRpcEngine$Server$ProtoBufRpcInvoker.call(ProtobufRpcEngine.java:524)
	at org.apache.hadoop.ipc.RPC$Server.call(RPC.java:1025)
	at org.apache.hadoop.ipc.Server$RpcCall.run(Server.java:876)
	at org.apache.hadoop.ipc.Server$RpcCall.run(Server.java:822)
	at java.security.AccessController.doPrivileged(Native Method)
	at javax.security.auth.Subject.doAs(Subject.java:422)
	at org.apache.hadoop.security.UserGroupInformation.doAs(UserGroupInformation.java:1730)
	at org.apache.hadoop.ipc.Server$Handler.run(Server.java:2682)
2019-06-14 00:49:16,218 INFO  block.BlockManagerImpl (BlockManagerImpl.java:allocateBlock(198)) - Could not find available pipeline of type:RATIS and factor:THREE even after retrying
2019-06-14 00:49:16,218 ERROR block.BlockManagerImpl (BlockManagerImpl.java:allocateBlock(222)) - Unable to allocate a block for the size: 4194304, type: RATIS, factor: THREE
00:49:16.219 [IPC Server handler 2 on 39025] ERROR OMAudit - user=root | ip=127.0.0.1 | op=ALLOCATE_BLOCK {volume=datanodefailurehandlingtest, bucket=datanodefailurehandlingtest, key=ratis3, dataSize=0, replicationType=null, replicationFactor=null, keyLocationInfo=null, clientID=102267180530860055} | ret=FAILURE
java.io.IOException: Allocate block failed.
	at org.apache.hadoop.hdds.scm.protocolPB.ScmBlockLocationProtocolClientSideTranslatorPB.allocateBlock(ScmBlockLocationProtocolClientSideTranslatorPB.java:111) ~[hadoop-hdds-common-0.5.0-SNAPSHOT.jar:?]
	at sun.reflect.NativeMethodAccessorImpl.invoke0(Native Method) ~[?:1.8.0_212]
	at sun.reflect.NativeMethodAccessorImpl.invoke(NativeMethodAccessorImpl.java:62) ~[?:1.8.0_212]
	at sun.reflect.DelegatingMethodAccessorImpl.invoke(DelegatingMethodAccessorImpl.java:43) ~[?:1.8.0_212]
	at java.lang.reflect.Method.invoke(Method.java:498) ~[?:1.8.0_212]
	at org.apache.hadoop.hdds.tracing.TraceAllMethod.invoke(TraceAllMethod.java:66) ~[hadoop-hdds-common-0.5.0-SNAPSHOT.jar:?]
	at com.sun.proxy.$Proxy25.allocateBlock(Unknown Source) ~[?:?]
	at org.apache.hadoop.ozone.om.KeyManagerImpl.allocateBlock(KeyManagerImpl.java:347) ~[hadoop-ozone-ozone-manager-0.5.0-SNAPSHOT.jar:?]
	at org.apache.hadoop.ozone.om.KeyManagerImpl.allocateBlock(KeyManagerImpl.java:315) ~[hadoop-ozone-ozone-manager-0.5.0-SNAPSHOT.jar:?]
	at org.apache.hadoop.ozone.om.OzoneManager.allocateBlock(OzoneManager.java:2301) [hadoop-ozone-ozone-manager-0.5.0-SNAPSHOT.jar:?]
	at org.apache.hadoop.ozone.protocolPB.OzoneManagerRequestHandler.allocateBlock(OzoneManagerRequestHandler.java:755) [hadoop-ozone-ozone-manager-0.5.0-SNAPSHOT.jar:?]
	at org.apache.hadoop.ozone.protocolPB.OzoneManagerRequestHandler.handle(OzoneManagerRequestHandler.java:249) [hadoop-ozone-ozone-manager-0.5.0-SNAPSHOT.jar:?]
	at org.apache.hadoop.ozone.protocolPB.OzoneManagerProtocolServerSideTranslatorPB.submitRequestDirectlyToOM(OzoneManagerProtocolServerSideTranslatorPB.java:180) [hadoop-ozone-ozone-manager-0.5.0-SNAPSHOT.jar:?]
	at org.apache.hadoop.ozone.protocolPB.OzoneManagerProtocolServerSideTranslatorPB.submitRequest(OzoneManagerProtocolServerSideTranslatorPB.java:102) [hadoop-ozone-ozone-manager-0.5.0-SNAPSHOT.jar:?]
	at org.apache.hadoop.ozone.protocol.proto.OzoneManagerProtocolProtos$OzoneManagerService$2.callBlockingMethod(OzoneManagerProtocolProtos.java) [hadoop-ozone-common-0.5.0-SNAPSHOT.jar:?]
	at org.apache.hadoop.ipc.ProtobufRpcEngine$Server$ProtoBufRpcInvoker.call(ProtobufRpcEngine.java:524) [hadoop-common-3.2.0.jar:?]
	at org.apache.hadoop.ipc.RPC$Server.call(RPC.java:1025) [hadoop-common-3.2.0.jar:?]
	at org.apache.hadoop.ipc.Server$RpcCall.run(Server.java:876) [hadoop-common-3.2.0.jar:?]
	at org.apache.hadoop.ipc.Server$RpcCall.run(Server.java:822) [hadoop-common-3.2.0.jar:?]
	at java.security.AccessController.doPrivileged(Native Method) [?:1.8.0_212]
	at javax.security.auth.Subject.doAs(Subject.java:422) [?:1.8.0_212]
	at org.apache.hadoop.security.UserGroupInformation.doAs(UserGroupInformation.java:1730) [hadoop-common-3.2.0.jar:?]
	at org.apache.hadoop.ipc.Server$Handler.run(Server.java:2682) [hadoop-common-3.2.0.jar:?]
2019-06-14 00:49:16,220 ERROR io.BlockOutputStreamEntryPool (BlockOutputStreamEntryPool.java:allocateBlockIfNeeded(299)) - Try to allocate more blocks for write failed, already allocated 0 blocks for this write.
INTERNAL_ERROR org.apache.hadoop.ozone.om.exceptions.OMException: Allocate block failed.
	at org.apache.hadoop.ozone.om.protocolPB.OzoneManagerProtocolClientSideTranslatorPB.handleError(OzoneManagerProtocolClientSideTranslatorPB.java:720)
	at org.apache.hadoop.ozone.om.protocolPB.OzoneManagerProtocolClientSideTranslatorPB.allocateBlock(OzoneManagerProtocolClientSideTranslatorPB.java:743)
	at org.apache.hadoop.ozone.client.io.BlockOutputStreamEntryPool.allocateNewBlock(BlockOutputStreamEntryPool.java:248)
	at org.apache.hadoop.ozone.client.io.BlockOutputStreamEntryPool.allocateBlockIfNeeded(BlockOutputStreamEntryPool.java:296)
	at org.apache.hadoop.ozone.client.io.KeyOutputStream.handleWrite(KeyOutputStream.java:201)
	at org.apache.hadoop.ozone.client.io.KeyOutputStream.handleRetry(KeyOutputStream.java:376)
	at org.apache.hadoop.ozone.client.io.KeyOutputStream.handleException(KeyOutputStream.java:325)
	at org.apache.hadoop.ozone.client.io.KeyOutputStream.handleWrite(KeyOutputStream.java:231)
	at org.apache.hadoop.ozone.client.io.KeyOutputStream.handleRetry(KeyOutputStream.java:376)
	at org.apache.hadoop.ozone.client.io.KeyOutputStream.handleException(KeyOutputStream.java:325)
	at org.apache.hadoop.ozone.client.io.KeyOutputStream.handleWrite(KeyOutputStream.java:231)
	at org.apache.hadoop.ozone.client.io.KeyOutputStream.write(KeyOutputStream.java:193)
	at org.apache.hadoop.ozone.client.io.OzoneOutputStream.write(OzoneOutputStream.java:49)
	at java.io.OutputStream.write(OutputStream.java:75)
	at org.apache.hadoop.ozone.client.rpc.TestFailureHandlingByClient.testMultiBlockWritesWithDnFailures(TestFailureHandlingByClient.java:189)
	at sun.reflect.NativeMethodAccessorImpl.invoke0(Native Method)
	at sun.reflect.NativeMethodAccessorImpl.invoke(NativeMethodAccessorImpl.java:62)
	at sun.reflect.DelegatingMethodAccessorImpl.invoke(DelegatingMethodAccessorImpl.java:43)
	at java.lang.reflect.Method.invoke(Method.java:498)
	at org.junit.runners.model.FrameworkMethod$1.runReflectiveCall(FrameworkMethod.java:47)
	at org.junit.internal.runners.model.ReflectiveCallable.run(ReflectiveCallable.java:12)
	at org.junit.runners.model.FrameworkMethod.invokeExplosively(FrameworkMethod.java:44)
	at org.junit.internal.runners.statements.InvokeMethod.evaluate(InvokeMethod.java:17)
	at org.junit.runners.ParentRunner.runLeaf(ParentRunner.java:271)
	at org.junit.runners.BlockJUnit4ClassRunner.runChild(BlockJUnit4ClassRunner.java:70)
	at org.junit.runners.BlockJUnit4ClassRunner.runChild(BlockJUnit4ClassRunner.java:50)
	at org.junit.runners.ParentRunner$3.run(ParentRunner.java:238)
	at org.junit.runners.ParentRunner$1.schedule(ParentRunner.java:63)
	at org.junit.runners.ParentRunner.runChildren(ParentRunner.java:236)
	at org.junit.runners.ParentRunner.access$000(ParentRunner.java:53)
	at org.junit.runners.ParentRunner$2.evaluate(ParentRunner.java:229)
	at org.junit.runners.ParentRunner.run(ParentRunner.java:309)
	at org.apache.maven.surefire.junit4.JUnit4Provider.execute(JUnit4Provider.java:365)
	at org.apache.maven.surefire.junit4.JUnit4Provider.executeWithRerun(JUnit4Provider.java:273)
	at org.apache.maven.surefire.junit4.JUnit4Provider.executeTestSet(JUnit4Provider.java:238)
	at org.apache.maven.surefire.junit4.JUnit4Provider.invoke(JUnit4Provider.java:159)
	at org.apache.maven.surefire.booter.ForkedBooter.invokeProviderInSameClassLoader(ForkedBooter.java:384)
	at org.apache.maven.surefire.booter.ForkedBooter.runSuitesInProcess(ForkedBooter.java:345)
	at org.apache.maven.surefire.booter.ForkedBooter.execute(ForkedBooter.java:126)
	at org.apache.maven.surefire.booter.ForkedBooter.main(ForkedBooter.java:418)
]]></system-out>
    <system-err><![CDATA[Jun 14, 2019 12:48:49 AM com.sun.jersey.server.impl.application.WebApplicationImpl _initiate
INFO: Initiating Jersey application, version 'Jersey: 1.19 02/11/2015 03:25 AM'
Jun 14, 2019 12:48:50 AM com.sun.jersey.server.impl.application.WebApplicationImpl _initiate
INFO: Initiating Jersey application, version 'Jersey: 1.19 02/11/2015 03:25 AM'
Jun 14, 2019 12:48:50 AM com.sun.jersey.server.impl.application.WebApplicationImpl _initiate
INFO: Initiating Jersey application, version 'Jersey: 1.19 02/11/2015 03:25 AM'
Jun 14, 2019 12:48:50 AM com.sun.jersey.server.impl.application.WebApplicationImpl _initiate
INFO: Initiating Jersey application, version 'Jersey: 1.19 02/11/2015 03:25 AM'
Jun 14, 2019 12:48:50 AM com.sun.jersey.server.impl.application.WebApplicationImpl _initiate
INFO: Initiating Jersey application, version 'Jersey: 1.19 02/11/2015 03:25 AM'
Jun 14, 2019 12:48:50 AM com.sun.jersey.server.impl.application.WebApplicationImpl _initiate
INFO: Initiating Jersey application, version 'Jersey: 1.19 02/11/2015 03:25 AM'
]]></system-err>
  </testcase>
</testsuite>