<?xml version="1.0" encoding="UTF-8"?>
<testsuite xmlns:xsi="http://www.w3.org/2001/XMLSchema-instance" xsi:noNamespaceSchemaLocation="https://maven.apache.org/surefire/maven-surefire-plugin/xsd/surefire-test-report.xsd" name="org.apache.hadoop.hdds.scm.pipeline.TestNodeFailure" time="11.431" tests="1" errors="0" skipped="1" failures="0">
  <properties>
    <property name="awt.toolkit" value="sun.awt.X11.XToolkit"/>
    <property name="file.encoding.pkg" value="sun.io"/>
    <property name="java.specification.version" value="1.8"/>
    <property name="sun.cpu.isalist" value=""/>
    <property name="sun.jnu.encoding" value="UTF-8"/>
    <property name="java.class.path" value="/opt/src/hadoop-ozone/integration-test/target/test-classes:/opt/src/hadoop-ozone/integration-test/target/classes:/home/user/.m2/repository/org/apache/hadoop/hadoop-ozone-common/0.5.0-SNAPSHOT/hadoop-ozone-common-0.5.0-SNAPSHOT.jar:/home/user/.m2/repository/org/apache/commons/commons-compress/1.4.1/commons-compress-1.4.1.jar:/home/user/.m2/repository/org/tukaani/xz/1.0/xz-1.0.jar:/home/user/.m2/repository/org/apache/hadoop/hadoop-common/3.2.0/hadoop-common-3.2.0.jar:/home/user/.m2/repository/org/apache/hadoop/hadoop-hdfs/3.2.0/hadoop-hdfs-3.2.0.jar:/home/user/.m2/repository/org/apache/hadoop/hadoop-hdfs-client/3.2.0/hadoop-hdfs-client-3.2.0.jar:/home/user/.m2/repository/com/fasterxml/jackson/core/jackson-annotations/2.9.5/jackson-annotations-2.9.5.jar:/home/user/.m2/repository/org/apache/hadoop/hadoop-hdds-common/0.5.0-SNAPSHOT/hadoop-hdds-common-0.5.0-SNAPSHOT.jar:/home/user/.m2/repository/javax/annotation/javax.annotation-api/1.2/javax.annotation-api-1.2.jar:/home/user/.m2/repository/org/apache/ratis/ratis-server/0.4.0-fe2b15d-SNAPSHOT/ratis-server-0.4.0-fe2b15d-SNAPSHOT.jar:/home/user/.m2/repository/org/apache/ratis/ratis-thirdparty-misc/0.2.0/ratis-thirdparty-misc-0.2.0.jar:/home/user/.m2/repository/org/apache/ratis/ratis-proto/0.4.0-fe2b15d-SNAPSHOT/ratis-proto-0.4.0-fe2b15d-SNAPSHOT.jar:/home/user/.m2/repository/org/apache/ratis/ratis-common/0.4.0-fe2b15d-SNAPSHOT/ratis-common-0.4.0-fe2b15d-SNAPSHOT.jar:/home/user/.m2/repository/org/apache/ratis/ratis-client/0.4.0-fe2b15d-SNAPSHOT/ratis-client-0.4.0-fe2b15d-SNAPSHOT.jar:/home/user/.m2/repository/org/apache/ratis/ratis-netty/0.4.0-fe2b15d-SNAPSHOT/ratis-netty-0.4.0-fe2b15d-SNAPSHOT.jar:/home/user/.m2/repository/org/apache/ratis/ratis-grpc/0.4.0-fe2b15d-SNAPSHOT/ratis-grpc-0.4.0-fe2b15d-SNAPSHOT.jar:/home/user/.m2/repository/org/rocksdb/rocksdbjni/5.14.2/rocksdbjni-5.14.2.jar:/home/user/.m2/repository/org/apache/logging/log4j/log4j-api/2.11.0/log4j-api-2.11.0.jar:/home/user/.m2/repository/org/apache/logging/log4j/log4j-core/2.11.0/log4j-core-2.11.0.jar:/home/user/.m2/repository/com/lmax/disruptor/3.4.2/disruptor-3.4.2.jar:/home/user/.m2/repository/org/apache/commons/commons-pool2/2.6.0/commons-pool2-2.6.0.jar:/home/user/.m2/repository/org/bouncycastle/bcpkix-jdk15on/1.60/bcpkix-jdk15on-1.60.jar:/home/user/.m2/repository/commons-validator/commons-validator/1.6/commons-validator-1.6.jar:/home/user/.m2/repository/commons-digester/commons-digester/1.8.1/commons-digester-1.8.1.jar:/home/user/.m2/repository/io/jaegertracing/jaeger-client/0.33.1/jaeger-client-0.33.1.jar:/home/user/.m2/repository/io/jaegertracing/jaeger-thrift/0.33.1/jaeger-thrift-0.33.1.jar:/home/user/.m2/repository/org/apache/thrift/libthrift/0.11.0/libthrift-0.11.0.jar:/home/user/.m2/repository/com/squareup/okhttp3/okhttp/3.9.0/okhttp-3.9.0.jar:/home/user/.m2/repository/com/squareup/okio/okio/1.13.0/okio-1.13.0.jar:/home/user/.m2/repository/io/jaegertracing/jaeger-core/0.33.1/jaeger-core-0.33.1.jar:/home/user/.m2/repository/io/jaegertracing/jaeger-tracerresolver/0.33.1/jaeger-tracerresolver-0.33.1.jar:/home/user/.m2/repository/io/opentracing/contrib/opentracing-tracerresolver/0.1.5/opentracing-tracerresolver-0.1.5.jar:/home/user/.m2/repository/io/opentracing/opentracing-util/0.31.0/opentracing-util-0.31.0.jar:/home/user/.m2/repository/io/opentracing/opentracing-api/0.31.0/opentracing-api-0.31.0.jar:/home/user/.m2/repository/io/opentracing/opentracing-noop/0.31.0/opentracing-noop-0.31.0.jar:/home/user/.m2/repository/org/apache/hadoop/hadoop-hdds-server-framework/0.5.0-SNAPSHOT/hadoop-hdds-server-framework-0.5.0-SNAPSHOT.jar:/home/user/.m2/repository/org/apache/hadoop/hadoop-hdds-server-scm/0.5.0-SNAPSHOT/hadoop-hdds-server-scm-0.5.0-SNAPSHOT.jar:/home/user/.m2/repository/org/apache/hadoop/hadoop-hdds-container-service/0.5.0-SNAPSHOT/hadoop-hdds-container-service-0.5.0-SNAPSHOT.jar:/home/user/.m2/repository/org/apache/hadoop/hadoop-hdds-client/0.5.0-SNAPSHOT/hadoop-hdds-client-0.5.0-SNAPSHOT.jar:/home/user/.m2/repository/org/apache/hadoop/hadoop-hdds-tools/0.5.0-SNAPSHOT/hadoop-hdds-tools-0.5.0-SNAPSHOT.jar:/home/user/.m2/repository/org/apache/hadoop/hadoop-ozone-ozone-manager/0.5.0-SNAPSHOT/hadoop-ozone-ozone-manager-0.5.0-SNAPSHOT.jar:/home/user/.m2/repository/org/apache/hadoop/hadoop-hdds-docs/0.5.0-SNAPSHOT/hadoop-hdds-docs-0.5.0-SNAPSHOT.jar:/home/user/.m2/repository/org/bouncycastle/bcprov-jdk15on/1.60/bcprov-jdk15on-1.60.jar:/home/user/.m2/repository/org/apache/hadoop/hadoop-minikdc/3.2.0/hadoop-minikdc-3.2.0.jar:/home/user/.m2/repository/commons-io/commons-io/2.5/commons-io-2.5.jar:/home/user/.m2/repository/org/apache/kerby/kerb-simplekdc/1.0.1/kerb-simplekdc-1.0.1.jar:/home/user/.m2/repository/org/apache/kerby/kerb-client/1.0.1/kerb-client-1.0.1.jar:/home/user/.m2/repository/org/apache/kerby/kerby-config/1.0.1/kerby-config-1.0.1.jar:/home/user/.m2/repository/org/apache/kerby/kerb-core/1.0.1/kerb-core-1.0.1.jar:/home/user/.m2/repository/org/apache/kerby/kerby-pkix/1.0.1/kerby-pkix-1.0.1.jar:/home/user/.m2/repository/org/apache/kerby/kerby-asn1/1.0.1/kerby-asn1-1.0.1.jar:/home/user/.m2/repository/org/apache/kerby/kerby-util/1.0.1/kerby-util-1.0.1.jar:/home/user/.m2/repository/org/apache/kerby/kerb-common/1.0.1/kerb-common-1.0.1.jar:/home/user/.m2/repository/org/apache/kerby/kerb-crypto/1.0.1/kerb-crypto-1.0.1.jar:/home/user/.m2/repository/org/apache/kerby/kerb-util/1.0.1/kerb-util-1.0.1.jar:/home/user/.m2/repository/org/apache/kerby/token-provider/1.0.1/token-provider-1.0.1.jar:/home/user/.m2/repository/org/apache/kerby/kerb-admin/1.0.1/kerb-admin-1.0.1.jar:/home/user/.m2/repository/org/apache/kerby/kerb-server/1.0.1/kerb-server-1.0.1.jar:/home/user/.m2/repository/org/apache/kerby/kerb-identity/1.0.1/kerb-identity-1.0.1.jar:/home/user/.m2/repository/org/apache/kerby/kerby-xdr/1.0.1/kerby-xdr-1.0.1.jar:/home/user/.m2/repository/org/slf4j/slf4j-log4j12/1.7.25/slf4j-log4j12-1.7.25.jar:/home/user/.m2/repository/org/apache/hadoop/hadoop-ozone-objectstore-service/0.5.0-SNAPSHOT/hadoop-ozone-objectstore-service-0.5.0-SNAPSHOT.jar:/home/user/.m2/repository/org/apache/hadoop/hadoop-ozone-s3gateway/0.5.0-SNAPSHOT/hadoop-ozone-s3gateway-0.5.0-SNAPSHOT.jar:/home/user/.m2/repository/org/jboss/weld/servlet/weld-servlet/2.4.7.Final/weld-servlet-2.4.7.Final.jar:/home/user/.m2/repository/org/glassfish/jersey/containers/jersey-container-servlet-core/2.27/jersey-container-servlet-core-2.27.jar:/home/user/.m2/repository/org/glassfish/hk2/external/javax.inject/2.5.0-b42/javax.inject-2.5.0-b42.jar:/home/user/.m2/repository/org/glassfish/jersey/core/jersey-common/2.27/jersey-common-2.27.jar:/home/user/.m2/repository/org/glassfish/hk2/osgi-resource-locator/1.0.1/osgi-resource-locator-1.0.1.jar:/home/user/.m2/repository/javax/ws/rs/javax.ws.rs-api/2.1/javax.ws.rs-api-2.1.jar:/home/user/.m2/repository/org/glassfish/jersey/ext/cdi/jersey-cdi1x/2.27/jersey-cdi1x-2.27.jar:/home/user/.m2/repository/org/glassfish/jersey/inject/jersey-hk2/2.27/jersey-hk2-2.27.jar:/home/user/.m2/repository/org/glassfish/hk2/hk2-locator/2.5.0-b42/hk2-locator-2.5.0-b42.jar:/home/user/.m2/repository/org/javassist/javassist/3.22.0-CR2/javassist-3.22.0-CR2.jar:/home/user/.m2/repository/org/glassfish/hk2/hk2-api/2.5.0/hk2-api-2.5.0.jar:/home/user/.m2/repository/org/glassfish/hk2/external/jakarta.inject/2.5.0/jakarta.inject-2.5.0.jar:/home/user/.m2/repository/org/glassfish/hk2/hk2-utils/2.5.0/hk2-utils-2.5.0.jar:/home/user/.m2/repository/jakarta/annotation/jakarta.annotation-api/1.3.4/jakarta.annotation-api-1.3.4.jar:/home/user/.m2/repository/org/glassfish/hk2/external/aopalliance-repackaged/2.5.0/aopalliance-repackaged-2.5.0.jar:/home/user/.m2/repository/com/fasterxml/jackson/dataformat/jackson-dataformat-xml/2.9.0/jackson-dataformat-xml-2.9.0.jar:/home/user/.m2/repository/com/fasterxml/jackson/core/jackson-core/2.9.5/jackson-core-2.9.5.jar:/home/user/.m2/repository/com/fasterxml/jackson/module/jackson-module-jaxb-annotations/2.9.5/jackson-module-jaxb-annotations-2.9.5.jar:/home/user/.m2/repository/javax/enterprise/cdi-api/1.2/cdi-api-1.2.jar:/home/user/.m2/repository/javax/el/javax.el-api/3.0.0/javax.el-api-3.0.0.jar:/home/user/.m2/repository/javax/interceptor/javax.interceptor-api/1.2/javax.interceptor-api-1.2.jar:/home/user/.m2/repository/javax/inject/javax.inject/1/javax.inject-1.jar:/home/user/.m2/repository/com/sun/xml/bind/jaxb-impl/2.3.0.1/jaxb-impl-2.3.0.1.jar:/home/user/.m2/repository/com/sun/xml/bind/jaxb-core/2.3.0.1/jaxb-core-2.3.0.1.jar:/home/user/.m2/repository/javax/xml/bind/jaxb-api/2.3.0/jaxb-api-2.3.0.jar:/home/user/.m2/repository/javax/activation/activation/1.1.1/activation-1.1.1.jar:/home/user/.m2/repository/org/apache/hadoop/hadoop-ozone-csi/0.5.0-SNAPSHOT/hadoop-ozone-csi-0.5.0-SNAPSHOT.jar:/home/user/.m2/repository/com/google/protobuf/protobuf-java-util/3.5.1/protobuf-java-util-3.5.1.jar:/home/user/.m2/repository/org/apache/hadoop/hadoop-hdds-config/0.5.0-SNAPSHOT/hadoop-hdds-config-0.5.0-SNAPSHOT.jar:/home/user/.m2/repository/com/google/guava/guava/11.0.2/guava-11.0.2.jar:/home/user/.m2/repository/com/google/protobuf/protobuf-java/2.5.0/protobuf-java-2.5.0.jar:/home/user/.m2/repository/io/grpc/grpc-netty/1.17.1/grpc-netty-1.17.1.jar:/home/user/.m2/repository/io/grpc/grpc-core/1.17.1/grpc-core-1.17.1.jar:/home/user/.m2/repository/io/grpc/grpc-context/1.17.1/grpc-context-1.17.1.jar:/home/user/.m2/repository/com/google/errorprone/error_prone_annotations/2.2.0/error_prone_annotations-2.2.0.jar:/home/user/.m2/repository/org/codehaus/mojo/animal-sniffer-annotations/1.17/animal-sniffer-annotations-1.17.jar:/home/user/.m2/repository/io/opencensus/opencensus-api/0.17.0/opencensus-api-0.17.0.jar:/home/user/.m2/repository/io/opencensus/opencensus-contrib-grpc-metrics/0.17.0/opencensus-contrib-grpc-metrics-0.17.0.jar:/home/user/.m2/repository/io/netty/netty-codec-http2/4.1.30.Final/netty-codec-http2-4.1.30.Final.jar:/home/user/.m2/repository/io/netty/netty-codec-http/4.1.30.Final/netty-codec-http-4.1.30.Final.jar:/home/user/.m2/repository/io/netty/netty-codec/4.1.30.Final/netty-codec-4.1.30.Final.jar:/home/user/.m2/repository/io/netty/netty-handler/4.1.30.Final/netty-handler-4.1.30.Final.jar:/home/user/.m2/repository/io/netty/netty-handler-proxy/4.1.30.Final/netty-handler-proxy-4.1.30.Final.jar:/home/user/.m2/repository/io/netty/netty-codec-socks/4.1.30.Final/netty-codec-socks-4.1.30.Final.jar:/home/user/.m2/repository/io/netty/netty-transport-native-epoll/4.1.30.Final/netty-transport-native-epoll-4.1.30.Final.jar:/home/user/.m2/repository/io/netty/netty-common/4.1.30.Final/netty-common-4.1.30.Final.jar:/home/user/.m2/repository/io/netty/netty-buffer/4.1.30.Final/netty-buffer-4.1.30.Final.jar:/home/user/.m2/repository/io/netty/netty-transport/4.1.30.Final/netty-transport-4.1.30.Final.jar:/home/user/.m2/repository/io/netty/netty-resolver/4.1.30.Final/netty-resolver-4.1.30.Final.jar:/home/user/.m2/repository/io/netty/netty-transport-native-unix-common/4.1.30.Final/netty-transport-native-unix-common-4.1.30.Final.jar:/home/user/.m2/repository/io/grpc/grpc-protobuf/1.17.1/grpc-protobuf-1.17.1.jar:/home/user/.m2/repository/com/google/api/grpc/proto-google-common-protos/1.0.0/proto-google-common-protos-1.0.0.jar:/home/user/.m2/repository/io/grpc/grpc-protobuf-lite/1.17.1/grpc-protobuf-lite-1.17.1.jar:/home/user/.m2/repository/io/grpc/grpc-stub/1.17.1/grpc-stub-1.17.1.jar:/home/user/.m2/repository/org/apache/hadoop/hadoop-ozone-recon/0.5.0-SNAPSHOT/hadoop-ozone-recon-0.5.0-SNAPSHOT.jar:/home/user/.m2/repository/org/apache/hadoop/hadoop-ozone-reconcodegen/0.5.0-SNAPSHOT/hadoop-ozone-reconcodegen-0.5.0-SNAPSHOT.jar:/home/user/.m2/repository/com/google/inject/extensions/guice-multibindings/4.0/guice-multibindings-4.0.jar:/home/user/.m2/repository/com/google/inject/guice/4.0/guice-4.0.jar:/home/user/.m2/repository/aopalliance/aopalliance/1.0/aopalliance-1.0.jar:/home/user/.m2/repository/com/google/inject/extensions/guice-servlet/4.0/guice-servlet-4.0.jar:/home/user/.m2/repository/org/glassfish/jersey/containers/jersey-container-servlet/2.27/jersey-container-servlet-2.27.jar:/home/user/.m2/repository/org/glassfish/hk2/guice-bridge/2.5.0/guice-bridge-2.5.0.jar:/home/user/.m2/repository/org/glassfish/jersey/core/jersey-server/2.27/jersey-server-2.27.jar:/home/user/.m2/repository/org/glassfish/jersey/core/jersey-client/2.27/jersey-client-2.27.jar:/home/user/.m2/repository/org/glassfish/jersey/media/jersey-media-jaxb/2.27/jersey-media-jaxb-2.27.jar:/home/user/.m2/repository/javax/validation/validation-api/1.1.0.Final/validation-api-1.1.0.Final.jar:/home/user/.m2/repository/org/glassfish/jersey/media/jersey-media-json-jackson/2.27/jersey-media-json-jackson-2.27.jar:/home/user/.m2/repository/org/glassfish/jersey/ext/jersey-entity-filtering/2.27/jersey-entity-filtering-2.27.jar:/home/user/.m2/repository/com/google/inject/extensions/guice-assistedinject/4.0/guice-assistedinject-4.0.jar:/home/user/.m2/repository/org/jooq/jooq/3.11.10/jooq-3.11.10.jar:/home/user/.m2/repository/org/jooq/jooq-meta/3.11.10/jooq-meta-3.11.10.jar:/home/user/.m2/repository/org/jooq/jooq-codegen/3.11.10/jooq-codegen-3.11.10.jar:/home/user/.m2/repository/com/jolbox/bonecp/0.8.0.RELEASE/bonecp-0.8.0.RELEASE.jar:/home/user/.m2/repository/org/xerial/sqlite-jdbc/3.25.2/sqlite-jdbc-3.25.2.jar:/home/user/.m2/repository/org/springframework/spring-jdbc/5.1.3.RELEASE/spring-jdbc-5.1.3.RELEASE.jar:/home/user/.m2/repository/org/springframework/spring-beans/5.1.3.RELEASE/spring-beans-5.1.3.RELEASE.jar:/home/user/.m2/repository/org/springframework/spring-core/5.1.3.RELEASE/spring-core-5.1.3.RELEASE.jar:/home/user/.m2/repository/org/springframework/spring-jcl/5.1.3.RELEASE/spring-jcl-5.1.3.RELEASE.jar:/home/user/.m2/repository/org/springframework/spring-tx/5.1.3.RELEASE/spring-tx-5.1.3.RELEASE.jar:/home/user/.m2/repository/org/apache/hadoop/hadoop-ozone-client/0.5.0-SNAPSHOT/hadoop-ozone-client-0.5.0-SNAPSHOT.jar:/home/user/.m2/repository/org/apache/hadoop/hadoop-ozone-ozone-manager/0.5.0-SNAPSHOT/hadoop-ozone-ozone-manager-0.5.0-SNAPSHOT-tests.jar:/home/user/.m2/repository/junit/junit/4.11/junit-4.11.jar:/home/user/.m2/repository/org/hamcrest/hamcrest-core/1.3/hamcrest-core-1.3.jar:/home/user/.m2/repository/org/openjdk/jmh/jmh-core/1.19/jmh-core-1.19.jar:/home/user/.m2/repository/net/sf/jopt-simple/jopt-simple/4.6/jopt-simple-4.6.jar:/home/user/.m2/repository/org/apache/commons/commons-math3/3.1.1/commons-math3-3.1.1.jar:/home/user/.m2/repository/org/openjdk/jmh/jmh-generator-annprocess/1.19/jmh-generator-annprocess-1.19.jar:/home/user/.m2/repository/org/mockito/mockito-all/1.8.5/mockito-all-1.8.5.jar:/home/user/.m2/repository/org/apache/hadoop/hadoop-kms/3.2.0/hadoop-kms-3.2.0.jar:/home/user/.m2/repository/org/apache/hadoop/hadoop-auth/3.2.0/hadoop-auth-3.2.0.jar:/home/user/.m2/repository/com/nimbusds/nimbus-jose-jwt/4.41.1/nimbus-jose-jwt-4.41.1.jar:/home/user/.m2/repository/com/github/stephenc/jcip/jcip-annotations/1.0-1/jcip-annotations-1.0-1.jar:/home/user/.m2/repository/net/minidev/json-smart/2.3/json-smart-2.3.jar:/home/user/.m2/repository/net/minidev/accessors-smart/1.2/accessors-smart-1.2.jar:/home/user/.m2/repository/org/ow2/asm/asm/5.0.4/asm-5.0.4.jar:/home/user/.m2/repository/org/apache/curator/curator-framework/2.12.0/curator-framework-2.12.0.jar:/home/user/.m2/repository/com/sun/jersey/jersey-core/1.19/jersey-core-1.19.jar:/home/user/.m2/repository/javax/ws/rs/jsr311-api/1.1.1/jsr311-api-1.1.1.jar:/home/user/.m2/repository/com/sun/jersey/jersey-server/1.19/jersey-server-1.19.jar:/home/user/.m2/repository/javax/servlet/javax.servlet-api/3.1.0/javax.servlet-api-3.1.0.jar:/home/user/.m2/repository/org/eclipse/jetty/jetty-server/9.3.24.v20180605/jetty-server-9.3.24.v20180605.jar:/home/user/.m2/repository/org/eclipse/jetty/jetty-http/9.3.24.v20180605/jetty-http-9.3.24.v20180605.jar:/home/user/.m2/repository/org/eclipse/jetty/jetty-io/9.3.24.v20180605/jetty-io-9.3.24.v20180605.jar:/home/user/.m2/repository/org/eclipse/jetty/jetty-webapp/9.3.24.v20180605/jetty-webapp-9.3.24.v20180605.jar:/home/user/.m2/repository/org/eclipse/jetty/jetty-xml/9.3.24.v20180605/jetty-xml-9.3.24.v20180605.jar:/home/user/.m2/repository/log4j/log4j/1.2.17/log4j-1.2.17.jar:/home/user/.m2/repository/org/slf4j/slf4j-api/1.7.25/slf4j-api-1.7.25.jar:/home/user/.m2/repository/org/slf4j/jul-to-slf4j/1.7.25/jul-to-slf4j-1.7.25.jar:/home/user/.m2/repository/org/eclipse/jetty/jetty-util/9.3.24.v20180605/jetty-util-9.3.24.v20180605.jar:/home/user/.m2/repository/io/dropwizard/metrics/metrics-core/3.2.4/metrics-core-3.2.4.jar:/home/user/.m2/repository/com/fasterxml/jackson/core/jackson-databind/2.9.5/jackson-databind-2.9.5.jar:/home/user/.m2/repository/org/apache/hadoop/hadoop-kms/3.2.0/hadoop-kms-3.2.0-tests.jar:/home/user/.m2/repository/org/apache/hadoop/hadoop-hdds-server-scm/0.5.0-SNAPSHOT/hadoop-hdds-server-scm-0.5.0-SNAPSHOT-tests.jar:/home/user/.m2/repository/org/hamcrest/hamcrest-all/1.3/hamcrest-all-1.3.jar:/home/user/.m2/repository/info/picocli/picocli/3.9.6/picocli-3.9.6.jar:/home/user/.m2/repository/org/apache/hadoop/hadoop-hdds-container-service/0.5.0-SNAPSHOT/hadoop-hdds-container-service-0.5.0-SNAPSHOT-tests.jar:/home/user/.m2/repository/org/yaml/snakeyaml/1.16/snakeyaml-1.16.jar:/home/user/.m2/repository/org/apache/hadoop/hadoop-common/3.2.0/hadoop-common-3.2.0-tests.jar:/home/user/.m2/repository/org/apache/hadoop/hadoop-annotations/3.2.0/hadoop-annotations-3.2.0.jar:/usr/lib/jvm/java-1.8-openjdk/jre/../lib/tools.jar:/home/user/.m2/repository/commons-cli/commons-cli/1.2/commons-cli-1.2.jar:/home/user/.m2/repository/org/apache/httpcomponents/httpclient/4.5.2/httpclient-4.5.2.jar:/home/user/.m2/repository/org/apache/httpcomponents/httpcore/4.4.4/httpcore-4.4.4.jar:/home/user/.m2/repository/commons-codec/commons-codec/1.11/commons-codec-1.11.jar:/home/user/.m2/repository/commons-net/commons-net/3.6/commons-net-3.6.jar:/home/user/.m2/repository/commons-collections/commons-collections/3.2.2/commons-collections-3.2.2.jar:/home/user/.m2/repository/org/eclipse/jetty/jetty-servlet/9.3.24.v20180605/jetty-servlet-9.3.24.v20180605.jar:/home/user/.m2/repository/org/eclipse/jetty/jetty-security/9.3.24.v20180605/jetty-security-9.3.24.v20180605.jar:/home/user/.m2/repository/javax/servlet/jsp/jsp-api/2.1/jsp-api-2.1.jar:/home/user/.m2/repository/com/sun/jersey/jersey-servlet/1.19/jersey-servlet-1.19.jar:/home/user/.m2/repository/com/sun/jersey/jersey-json/1.19/jersey-json-1.19.jar:/home/user/.m2/repository/org/codehaus/jettison/jettison/1.1/jettison-1.1.jar:/home/user/.m2/repository/org/codehaus/jackson/jackson-core-asl/1.9.13/jackson-core-asl-1.9.13.jar:/home/user/.m2/repository/org/codehaus/jackson/jackson-mapper-asl/1.9.13/jackson-mapper-asl-1.9.13.jar:/home/user/.m2/repository/org/codehaus/jackson/jackson-jaxrs/1.9.13/jackson-jaxrs-1.9.13.jar:/home/user/.m2/repository/org/codehaus/jackson/jackson-xc/1.9.13/jackson-xc-1.9.13.jar:/home/user/.m2/repository/commons-logging/commons-logging/1.1.3/commons-logging-1.1.3.jar:/home/user/.m2/repository/commons-beanutils/commons-beanutils/1.9.3/commons-beanutils-1.9.3.jar:/home/user/.m2/repository/org/apache/commons/commons-configuration2/2.1.1/commons-configuration2-2.1.1.jar:/home/user/.m2/repository/org/apache/commons/commons-lang3/3.7/commons-lang3-3.7.jar:/home/user/.m2/repository/org/apache/commons/commons-text/1.4/commons-text-1.4.jar:/home/user/.m2/repository/org/apache/avro/avro/1.7.7/avro-1.7.7.jar:/home/user/.m2/repository/com/thoughtworks/paranamer/paranamer/2.3/paranamer-2.3.jar:/home/user/.m2/repository/org/xerial/snappy/snappy-java/1.0.5/snappy-java-1.0.5.jar:/home/user/.m2/repository/com/google/re2j/re2j/1.1/re2j-1.1.jar:/home/user/.m2/repository/com/google/code/gson/gson/2.2.4/gson-2.2.4.jar:/home/user/.m2/repository/com/jcraft/jsch/0.1.54/jsch-0.1.54.jar:/home/user/.m2/repository/org/apache/curator/curator-client/2.12.0/curator-client-2.12.0.jar:/home/user/.m2/repository/org/apache/curator/curator-recipes/2.12.0/curator-recipes-2.12.0.jar:/home/user/.m2/repository/com/google/code/findbugs/jsr305/3.0.0/jsr305-3.0.0.jar:/home/user/.m2/repository/org/apache/htrace/htrace-core4/4.1.0-incubating/htrace-core4-4.1.0-incubating.jar:/home/user/.m2/repository/org/apache/zookeeper/zookeeper/3.4.13/zookeeper-3.4.13.jar:/home/user/.m2/repository/org/apache/yetus/audience-annotations/0.5.0/audience-annotations-0.5.0.jar:/home/user/.m2/repository/org/codehaus/woodstox/stax2-api/3.1.4/stax2-api-3.1.4.jar:/home/user/.m2/repository/com/fasterxml/woodstox/woodstox-core/5.0.3/woodstox-core-5.0.3.jar:/home/user/.m2/repository/dnsjava/dnsjava/2.1.7/dnsjava-2.1.7.jar:/home/user/.m2/repository/org/apache/hadoop/hadoop-hdfs/3.2.0/hadoop-hdfs-3.2.0-tests.jar:/home/user/.m2/repository/org/eclipse/jetty/jetty-util-ajax/9.3.24.v20180605/jetty-util-ajax-9.3.24.v20180605.jar:/home/user/.m2/repository/commons-daemon/commons-daemon/1.0.13/commons-daemon-1.0.13.jar:/home/user/.m2/repository/io/netty/netty/3.10.5.Final/netty-3.10.5.Final.jar:/home/user/.m2/repository/io/netty/netty-all/4.0.52.Final/netty-all-4.0.52.Final.jar:/home/user/.m2/repository/org/fusesource/leveldbjni/leveldbjni-all/1.8/leveldbjni-all-1.8.jar:"/>
    <property name="java.vm.vendor" value="IcedTea"/>
    <property name="sun.arch.data.model" value="64"/>
    <property name="test.build.dir" value="/opt/src/hadoop-ozone/integration-test/target/test-dir"/>
    <property name="test.cache.data" value=""/>
    <property name="java.vendor.url" value="https://icedtea.classpath.org"/>
    <property name="user.timezone" value=""/>
    <property name="java.vm.specification.version" value="1.8"/>
    <property name="os.name" value="Linux"/>
    <property name="test.build.data" value="/opt/src/hadoop-ozone/integration-test/target/test-dir"/>
    <property name="user.country" value="US"/>
    <property name="sun.java.launcher" value="SUN_STANDARD"/>
    <property name="sun.boot.library.path" value="/usr/lib/jvm/java-1.8-openjdk/jre/lib/amd64"/>
    <property name="sun.java.command" value="/opt/src/hadoop-ozone/integration-test/target/surefire/surefirebooter411842192988503207.jar /opt/src/hadoop-ozone/integration-test/target/surefire 2019-06-15T07-54-35_595-jvmRun1 surefire5680244567369001325tmp surefire_81749671625459705141tmp"/>
    <property name="surefire.test.class.path" value="/opt/src/hadoop-ozone/integration-test/target/test-classes:/opt/src/hadoop-ozone/integration-test/target/classes:/home/user/.m2/repository/org/apache/hadoop/hadoop-ozone-common/0.5.0-SNAPSHOT/hadoop-ozone-common-0.5.0-SNAPSHOT.jar:/home/user/.m2/repository/org/apache/commons/commons-compress/1.4.1/commons-compress-1.4.1.jar:/home/user/.m2/repository/org/tukaani/xz/1.0/xz-1.0.jar:/home/user/.m2/repository/org/apache/hadoop/hadoop-common/3.2.0/hadoop-common-3.2.0.jar:/home/user/.m2/repository/org/apache/hadoop/hadoop-hdfs/3.2.0/hadoop-hdfs-3.2.0.jar:/home/user/.m2/repository/org/apache/hadoop/hadoop-hdfs-client/3.2.0/hadoop-hdfs-client-3.2.0.jar:/home/user/.m2/repository/com/fasterxml/jackson/core/jackson-annotations/2.9.5/jackson-annotations-2.9.5.jar:/home/user/.m2/repository/org/apache/hadoop/hadoop-hdds-common/0.5.0-SNAPSHOT/hadoop-hdds-common-0.5.0-SNAPSHOT.jar:/home/user/.m2/repository/javax/annotation/javax.annotation-api/1.2/javax.annotation-api-1.2.jar:/home/user/.m2/repository/org/apache/ratis/ratis-server/0.4.0-fe2b15d-SNAPSHOT/ratis-server-0.4.0-fe2b15d-SNAPSHOT.jar:/home/user/.m2/repository/org/apache/ratis/ratis-thirdparty-misc/0.2.0/ratis-thirdparty-misc-0.2.0.jar:/home/user/.m2/repository/org/apache/ratis/ratis-proto/0.4.0-fe2b15d-SNAPSHOT/ratis-proto-0.4.0-fe2b15d-SNAPSHOT.jar:/home/user/.m2/repository/org/apache/ratis/ratis-common/0.4.0-fe2b15d-SNAPSHOT/ratis-common-0.4.0-fe2b15d-SNAPSHOT.jar:/home/user/.m2/repository/org/apache/ratis/ratis-client/0.4.0-fe2b15d-SNAPSHOT/ratis-client-0.4.0-fe2b15d-SNAPSHOT.jar:/home/user/.m2/repository/org/apache/ratis/ratis-netty/0.4.0-fe2b15d-SNAPSHOT/ratis-netty-0.4.0-fe2b15d-SNAPSHOT.jar:/home/user/.m2/repository/org/apache/ratis/ratis-grpc/0.4.0-fe2b15d-SNAPSHOT/ratis-grpc-0.4.0-fe2b15d-SNAPSHOT.jar:/home/user/.m2/repository/org/rocksdb/rocksdbjni/5.14.2/rocksdbjni-5.14.2.jar:/home/user/.m2/repository/org/apache/logging/log4j/log4j-api/2.11.0/log4j-api-2.11.0.jar:/home/user/.m2/repository/org/apache/logging/log4j/log4j-core/2.11.0/log4j-core-2.11.0.jar:/home/user/.m2/repository/com/lmax/disruptor/3.4.2/disruptor-3.4.2.jar:/home/user/.m2/repository/org/apache/commons/commons-pool2/2.6.0/commons-pool2-2.6.0.jar:/home/user/.m2/repository/org/bouncycastle/bcpkix-jdk15on/1.60/bcpkix-jdk15on-1.60.jar:/home/user/.m2/repository/commons-validator/commons-validator/1.6/commons-validator-1.6.jar:/home/user/.m2/repository/commons-digester/commons-digester/1.8.1/commons-digester-1.8.1.jar:/home/user/.m2/repository/io/jaegertracing/jaeger-client/0.33.1/jaeger-client-0.33.1.jar:/home/user/.m2/repository/io/jaegertracing/jaeger-thrift/0.33.1/jaeger-thrift-0.33.1.jar:/home/user/.m2/repository/org/apache/thrift/libthrift/0.11.0/libthrift-0.11.0.jar:/home/user/.m2/repository/com/squareup/okhttp3/okhttp/3.9.0/okhttp-3.9.0.jar:/home/user/.m2/repository/com/squareup/okio/okio/1.13.0/okio-1.13.0.jar:/home/user/.m2/repository/io/jaegertracing/jaeger-core/0.33.1/jaeger-core-0.33.1.jar:/home/user/.m2/repository/io/jaegertracing/jaeger-tracerresolver/0.33.1/jaeger-tracerresolver-0.33.1.jar:/home/user/.m2/repository/io/opentracing/contrib/opentracing-tracerresolver/0.1.5/opentracing-tracerresolver-0.1.5.jar:/home/user/.m2/repository/io/opentracing/opentracing-util/0.31.0/opentracing-util-0.31.0.jar:/home/user/.m2/repository/io/opentracing/opentracing-api/0.31.0/opentracing-api-0.31.0.jar:/home/user/.m2/repository/io/opentracing/opentracing-noop/0.31.0/opentracing-noop-0.31.0.jar:/home/user/.m2/repository/org/apache/hadoop/hadoop-hdds-server-framework/0.5.0-SNAPSHOT/hadoop-hdds-server-framework-0.5.0-SNAPSHOT.jar:/home/user/.m2/repository/org/apache/hadoop/hadoop-hdds-server-scm/0.5.0-SNAPSHOT/hadoop-hdds-server-scm-0.5.0-SNAPSHOT.jar:/home/user/.m2/repository/org/apache/hadoop/hadoop-hdds-container-service/0.5.0-SNAPSHOT/hadoop-hdds-container-service-0.5.0-SNAPSHOT.jar:/home/user/.m2/repository/org/apache/hadoop/hadoop-hdds-client/0.5.0-SNAPSHOT/hadoop-hdds-client-0.5.0-SNAPSHOT.jar:/home/user/.m2/repository/org/apache/hadoop/hadoop-hdds-tools/0.5.0-SNAPSHOT/hadoop-hdds-tools-0.5.0-SNAPSHOT.jar:/home/user/.m2/repository/org/apache/hadoop/hadoop-ozone-ozone-manager/0.5.0-SNAPSHOT/hadoop-ozone-ozone-manager-0.5.0-SNAPSHOT.jar:/home/user/.m2/repository/org/apache/hadoop/hadoop-hdds-docs/0.5.0-SNAPSHOT/hadoop-hdds-docs-0.5.0-SNAPSHOT.jar:/home/user/.m2/repository/org/bouncycastle/bcprov-jdk15on/1.60/bcprov-jdk15on-1.60.jar:/home/user/.m2/repository/org/apache/hadoop/hadoop-minikdc/3.2.0/hadoop-minikdc-3.2.0.jar:/home/user/.m2/repository/commons-io/commons-io/2.5/commons-io-2.5.jar:/home/user/.m2/repository/org/apache/kerby/kerb-simplekdc/1.0.1/kerb-simplekdc-1.0.1.jar:/home/user/.m2/repository/org/apache/kerby/kerb-client/1.0.1/kerb-client-1.0.1.jar:/home/user/.m2/repository/org/apache/kerby/kerby-config/1.0.1/kerby-config-1.0.1.jar:/home/user/.m2/repository/org/apache/kerby/kerb-core/1.0.1/kerb-core-1.0.1.jar:/home/user/.m2/repository/org/apache/kerby/kerby-pkix/1.0.1/kerby-pkix-1.0.1.jar:/home/user/.m2/repository/org/apache/kerby/kerby-asn1/1.0.1/kerby-asn1-1.0.1.jar:/home/user/.m2/repository/org/apache/kerby/kerby-util/1.0.1/kerby-util-1.0.1.jar:/home/user/.m2/repository/org/apache/kerby/kerb-common/1.0.1/kerb-common-1.0.1.jar:/home/user/.m2/repository/org/apache/kerby/kerb-crypto/1.0.1/kerb-crypto-1.0.1.jar:/home/user/.m2/repository/org/apache/kerby/kerb-util/1.0.1/kerb-util-1.0.1.jar:/home/user/.m2/repository/org/apache/kerby/token-provider/1.0.1/token-provider-1.0.1.jar:/home/user/.m2/repository/org/apache/kerby/kerb-admin/1.0.1/kerb-admin-1.0.1.jar:/home/user/.m2/repository/org/apache/kerby/kerb-server/1.0.1/kerb-server-1.0.1.jar:/home/user/.m2/repository/org/apache/kerby/kerb-identity/1.0.1/kerb-identity-1.0.1.jar:/home/user/.m2/repository/org/apache/kerby/kerby-xdr/1.0.1/kerby-xdr-1.0.1.jar:/home/user/.m2/repository/org/slf4j/slf4j-log4j12/1.7.25/slf4j-log4j12-1.7.25.jar:/home/user/.m2/repository/org/apache/hadoop/hadoop-ozone-objectstore-service/0.5.0-SNAPSHOT/hadoop-ozone-objectstore-service-0.5.0-SNAPSHOT.jar:/home/user/.m2/repository/org/apache/hadoop/hadoop-ozone-s3gateway/0.5.0-SNAPSHOT/hadoop-ozone-s3gateway-0.5.0-SNAPSHOT.jar:/home/user/.m2/repository/org/jboss/weld/servlet/weld-servlet/2.4.7.Final/weld-servlet-2.4.7.Final.jar:/home/user/.m2/repository/org/glassfish/jersey/containers/jersey-container-servlet-core/2.27/jersey-container-servlet-core-2.27.jar:/home/user/.m2/repository/org/glassfish/hk2/external/javax.inject/2.5.0-b42/javax.inject-2.5.0-b42.jar:/home/user/.m2/repository/org/glassfish/jersey/core/jersey-common/2.27/jersey-common-2.27.jar:/home/user/.m2/repository/org/glassfish/hk2/osgi-resource-locator/1.0.1/osgi-resource-locator-1.0.1.jar:/home/user/.m2/repository/javax/ws/rs/javax.ws.rs-api/2.1/javax.ws.rs-api-2.1.jar:/home/user/.m2/repository/org/glassfish/jersey/ext/cdi/jersey-cdi1x/2.27/jersey-cdi1x-2.27.jar:/home/user/.m2/repository/org/glassfish/jersey/inject/jersey-hk2/2.27/jersey-hk2-2.27.jar:/home/user/.m2/repository/org/glassfish/hk2/hk2-locator/2.5.0-b42/hk2-locator-2.5.0-b42.jar:/home/user/.m2/repository/org/javassist/javassist/3.22.0-CR2/javassist-3.22.0-CR2.jar:/home/user/.m2/repository/org/glassfish/hk2/hk2-api/2.5.0/hk2-api-2.5.0.jar:/home/user/.m2/repository/org/glassfish/hk2/external/jakarta.inject/2.5.0/jakarta.inject-2.5.0.jar:/home/user/.m2/repository/org/glassfish/hk2/hk2-utils/2.5.0/hk2-utils-2.5.0.jar:/home/user/.m2/repository/jakarta/annotation/jakarta.annotation-api/1.3.4/jakarta.annotation-api-1.3.4.jar:/home/user/.m2/repository/org/glassfish/hk2/external/aopalliance-repackaged/2.5.0/aopalliance-repackaged-2.5.0.jar:/home/user/.m2/repository/com/fasterxml/jackson/dataformat/jackson-dataformat-xml/2.9.0/jackson-dataformat-xml-2.9.0.jar:/home/user/.m2/repository/com/fasterxml/jackson/core/jackson-core/2.9.5/jackson-core-2.9.5.jar:/home/user/.m2/repository/com/fasterxml/jackson/module/jackson-module-jaxb-annotations/2.9.5/jackson-module-jaxb-annotations-2.9.5.jar:/home/user/.m2/repository/javax/enterprise/cdi-api/1.2/cdi-api-1.2.jar:/home/user/.m2/repository/javax/el/javax.el-api/3.0.0/javax.el-api-3.0.0.jar:/home/user/.m2/repository/javax/interceptor/javax.interceptor-api/1.2/javax.interceptor-api-1.2.jar:/home/user/.m2/repository/javax/inject/javax.inject/1/javax.inject-1.jar:/home/user/.m2/repository/com/sun/xml/bind/jaxb-impl/2.3.0.1/jaxb-impl-2.3.0.1.jar:/home/user/.m2/repository/com/sun/xml/bind/jaxb-core/2.3.0.1/jaxb-core-2.3.0.1.jar:/home/user/.m2/repository/javax/xml/bind/jaxb-api/2.3.0/jaxb-api-2.3.0.jar:/home/user/.m2/repository/javax/activation/activation/1.1.1/activation-1.1.1.jar:/home/user/.m2/repository/org/apache/hadoop/hadoop-ozone-csi/0.5.0-SNAPSHOT/hadoop-ozone-csi-0.5.0-SNAPSHOT.jar:/home/user/.m2/repository/com/google/protobuf/protobuf-java-util/3.5.1/protobuf-java-util-3.5.1.jar:/home/user/.m2/repository/org/apache/hadoop/hadoop-hdds-config/0.5.0-SNAPSHOT/hadoop-hdds-config-0.5.0-SNAPSHOT.jar:/home/user/.m2/repository/com/google/guava/guava/11.0.2/guava-11.0.2.jar:/home/user/.m2/repository/com/google/protobuf/protobuf-java/2.5.0/protobuf-java-2.5.0.jar:/home/user/.m2/repository/io/grpc/grpc-netty/1.17.1/grpc-netty-1.17.1.jar:/home/user/.m2/repository/io/grpc/grpc-core/1.17.1/grpc-core-1.17.1.jar:/home/user/.m2/repository/io/grpc/grpc-context/1.17.1/grpc-context-1.17.1.jar:/home/user/.m2/repository/com/google/errorprone/error_prone_annotations/2.2.0/error_prone_annotations-2.2.0.jar:/home/user/.m2/repository/org/codehaus/mojo/animal-sniffer-annotations/1.17/animal-sniffer-annotations-1.17.jar:/home/user/.m2/repository/io/opencensus/opencensus-api/0.17.0/opencensus-api-0.17.0.jar:/home/user/.m2/repository/io/opencensus/opencensus-contrib-grpc-metrics/0.17.0/opencensus-contrib-grpc-metrics-0.17.0.jar:/home/user/.m2/repository/io/netty/netty-codec-http2/4.1.30.Final/netty-codec-http2-4.1.30.Final.jar:/home/user/.m2/repository/io/netty/netty-codec-http/4.1.30.Final/netty-codec-http-4.1.30.Final.jar:/home/user/.m2/repository/io/netty/netty-codec/4.1.30.Final/netty-codec-4.1.30.Final.jar:/home/user/.m2/repository/io/netty/netty-handler/4.1.30.Final/netty-handler-4.1.30.Final.jar:/home/user/.m2/repository/io/netty/netty-handler-proxy/4.1.30.Final/netty-handler-proxy-4.1.30.Final.jar:/home/user/.m2/repository/io/netty/netty-codec-socks/4.1.30.Final/netty-codec-socks-4.1.30.Final.jar:/home/user/.m2/repository/io/netty/netty-transport-native-epoll/4.1.30.Final/netty-transport-native-epoll-4.1.30.Final.jar:/home/user/.m2/repository/io/netty/netty-common/4.1.30.Final/netty-common-4.1.30.Final.jar:/home/user/.m2/repository/io/netty/netty-buffer/4.1.30.Final/netty-buffer-4.1.30.Final.jar:/home/user/.m2/repository/io/netty/netty-transport/4.1.30.Final/netty-transport-4.1.30.Final.jar:/home/user/.m2/repository/io/netty/netty-resolver/4.1.30.Final/netty-resolver-4.1.30.Final.jar:/home/user/.m2/repository/io/netty/netty-transport-native-unix-common/4.1.30.Final/netty-transport-native-unix-common-4.1.30.Final.jar:/home/user/.m2/repository/io/grpc/grpc-protobuf/1.17.1/grpc-protobuf-1.17.1.jar:/home/user/.m2/repository/com/google/api/grpc/proto-google-common-protos/1.0.0/proto-google-common-protos-1.0.0.jar:/home/user/.m2/repository/io/grpc/grpc-protobuf-lite/1.17.1/grpc-protobuf-lite-1.17.1.jar:/home/user/.m2/repository/io/grpc/grpc-stub/1.17.1/grpc-stub-1.17.1.jar:/home/user/.m2/repository/org/apache/hadoop/hadoop-ozone-recon/0.5.0-SNAPSHOT/hadoop-ozone-recon-0.5.0-SNAPSHOT.jar:/home/user/.m2/repository/org/apache/hadoop/hadoop-ozone-reconcodegen/0.5.0-SNAPSHOT/hadoop-ozone-reconcodegen-0.5.0-SNAPSHOT.jar:/home/user/.m2/repository/com/google/inject/extensions/guice-multibindings/4.0/guice-multibindings-4.0.jar:/home/user/.m2/repository/com/google/inject/guice/4.0/guice-4.0.jar:/home/user/.m2/repository/aopalliance/aopalliance/1.0/aopalliance-1.0.jar:/home/user/.m2/repository/com/google/inject/extensions/guice-servlet/4.0/guice-servlet-4.0.jar:/home/user/.m2/repository/org/glassfish/jersey/containers/jersey-container-servlet/2.27/jersey-container-servlet-2.27.jar:/home/user/.m2/repository/org/glassfish/hk2/guice-bridge/2.5.0/guice-bridge-2.5.0.jar:/home/user/.m2/repository/org/glassfish/jersey/core/jersey-server/2.27/jersey-server-2.27.jar:/home/user/.m2/repository/org/glassfish/jersey/core/jersey-client/2.27/jersey-client-2.27.jar:/home/user/.m2/repository/org/glassfish/jersey/media/jersey-media-jaxb/2.27/jersey-media-jaxb-2.27.jar:/home/user/.m2/repository/javax/validation/validation-api/1.1.0.Final/validation-api-1.1.0.Final.jar:/home/user/.m2/repository/org/glassfish/jersey/media/jersey-media-json-jackson/2.27/jersey-media-json-jackson-2.27.jar:/home/user/.m2/repository/org/glassfish/jersey/ext/jersey-entity-filtering/2.27/jersey-entity-filtering-2.27.jar:/home/user/.m2/repository/com/google/inject/extensions/guice-assistedinject/4.0/guice-assistedinject-4.0.jar:/home/user/.m2/repository/org/jooq/jooq/3.11.10/jooq-3.11.10.jar:/home/user/.m2/repository/org/jooq/jooq-meta/3.11.10/jooq-meta-3.11.10.jar:/home/user/.m2/repository/org/jooq/jooq-codegen/3.11.10/jooq-codegen-3.11.10.jar:/home/user/.m2/repository/com/jolbox/bonecp/0.8.0.RELEASE/bonecp-0.8.0.RELEASE.jar:/home/user/.m2/repository/org/xerial/sqlite-jdbc/3.25.2/sqlite-jdbc-3.25.2.jar:/home/user/.m2/repository/org/springframework/spring-jdbc/5.1.3.RELEASE/spring-jdbc-5.1.3.RELEASE.jar:/home/user/.m2/repository/org/springframework/spring-beans/5.1.3.RELEASE/spring-beans-5.1.3.RELEASE.jar:/home/user/.m2/repository/org/springframework/spring-core/5.1.3.RELEASE/spring-core-5.1.3.RELEASE.jar:/home/user/.m2/repository/org/springframework/spring-jcl/5.1.3.RELEASE/spring-jcl-5.1.3.RELEASE.jar:/home/user/.m2/repository/org/springframework/spring-tx/5.1.3.RELEASE/spring-tx-5.1.3.RELEASE.jar:/home/user/.m2/repository/org/apache/hadoop/hadoop-ozone-client/0.5.0-SNAPSHOT/hadoop-ozone-client-0.5.0-SNAPSHOT.jar:/home/user/.m2/repository/org/apache/hadoop/hadoop-ozone-ozone-manager/0.5.0-SNAPSHOT/hadoop-ozone-ozone-manager-0.5.0-SNAPSHOT-tests.jar:/home/user/.m2/repository/junit/junit/4.11/junit-4.11.jar:/home/user/.m2/repository/org/hamcrest/hamcrest-core/1.3/hamcrest-core-1.3.jar:/home/user/.m2/repository/org/openjdk/jmh/jmh-core/1.19/jmh-core-1.19.jar:/home/user/.m2/repository/net/sf/jopt-simple/jopt-simple/4.6/jopt-simple-4.6.jar:/home/user/.m2/repository/org/apache/commons/commons-math3/3.1.1/commons-math3-3.1.1.jar:/home/user/.m2/repository/org/openjdk/jmh/jmh-generator-annprocess/1.19/jmh-generator-annprocess-1.19.jar:/home/user/.m2/repository/org/mockito/mockito-all/1.8.5/mockito-all-1.8.5.jar:/home/user/.m2/repository/org/apache/hadoop/hadoop-kms/3.2.0/hadoop-kms-3.2.0.jar:/home/user/.m2/repository/org/apache/hadoop/hadoop-auth/3.2.0/hadoop-auth-3.2.0.jar:/home/user/.m2/repository/com/nimbusds/nimbus-jose-jwt/4.41.1/nimbus-jose-jwt-4.41.1.jar:/home/user/.m2/repository/com/github/stephenc/jcip/jcip-annotations/1.0-1/jcip-annotations-1.0-1.jar:/home/user/.m2/repository/net/minidev/json-smart/2.3/json-smart-2.3.jar:/home/user/.m2/repository/net/minidev/accessors-smart/1.2/accessors-smart-1.2.jar:/home/user/.m2/repository/org/ow2/asm/asm/5.0.4/asm-5.0.4.jar:/home/user/.m2/repository/org/apache/curator/curator-framework/2.12.0/curator-framework-2.12.0.jar:/home/user/.m2/repository/com/sun/jersey/jersey-core/1.19/jersey-core-1.19.jar:/home/user/.m2/repository/javax/ws/rs/jsr311-api/1.1.1/jsr311-api-1.1.1.jar:/home/user/.m2/repository/com/sun/jersey/jersey-server/1.19/jersey-server-1.19.jar:/home/user/.m2/repository/javax/servlet/javax.servlet-api/3.1.0/javax.servlet-api-3.1.0.jar:/home/user/.m2/repository/org/eclipse/jetty/jetty-server/9.3.24.v20180605/jetty-server-9.3.24.v20180605.jar:/home/user/.m2/repository/org/eclipse/jetty/jetty-http/9.3.24.v20180605/jetty-http-9.3.24.v20180605.jar:/home/user/.m2/repository/org/eclipse/jetty/jetty-io/9.3.24.v20180605/jetty-io-9.3.24.v20180605.jar:/home/user/.m2/repository/org/eclipse/jetty/jetty-webapp/9.3.24.v20180605/jetty-webapp-9.3.24.v20180605.jar:/home/user/.m2/repository/org/eclipse/jetty/jetty-xml/9.3.24.v20180605/jetty-xml-9.3.24.v20180605.jar:/home/user/.m2/repository/log4j/log4j/1.2.17/log4j-1.2.17.jar:/home/user/.m2/repository/org/slf4j/slf4j-api/1.7.25/slf4j-api-1.7.25.jar:/home/user/.m2/repository/org/slf4j/jul-to-slf4j/1.7.25/jul-to-slf4j-1.7.25.jar:/home/user/.m2/repository/org/eclipse/jetty/jetty-util/9.3.24.v20180605/jetty-util-9.3.24.v20180605.jar:/home/user/.m2/repository/io/dropwizard/metrics/metrics-core/3.2.4/metrics-core-3.2.4.jar:/home/user/.m2/repository/com/fasterxml/jackson/core/jackson-databind/2.9.5/jackson-databind-2.9.5.jar:/home/user/.m2/repository/org/apache/hadoop/hadoop-kms/3.2.0/hadoop-kms-3.2.0-tests.jar:/home/user/.m2/repository/org/apache/hadoop/hadoop-hdds-server-scm/0.5.0-SNAPSHOT/hadoop-hdds-server-scm-0.5.0-SNAPSHOT-tests.jar:/home/user/.m2/repository/org/hamcrest/hamcrest-all/1.3/hamcrest-all-1.3.jar:/home/user/.m2/repository/info/picocli/picocli/3.9.6/picocli-3.9.6.jar:/home/user/.m2/repository/org/apache/hadoop/hadoop-hdds-container-service/0.5.0-SNAPSHOT/hadoop-hdds-container-service-0.5.0-SNAPSHOT-tests.jar:/home/user/.m2/repository/org/yaml/snakeyaml/1.16/snakeyaml-1.16.jar:/home/user/.m2/repository/org/apache/hadoop/hadoop-common/3.2.0/hadoop-common-3.2.0-tests.jar:/home/user/.m2/repository/org/apache/hadoop/hadoop-annotations/3.2.0/hadoop-annotations-3.2.0.jar:/usr/lib/jvm/java-1.8-openjdk/jre/../lib/tools.jar:/home/user/.m2/repository/commons-cli/commons-cli/1.2/commons-cli-1.2.jar:/home/user/.m2/repository/org/apache/httpcomponents/httpclient/4.5.2/httpclient-4.5.2.jar:/home/user/.m2/repository/org/apache/httpcomponents/httpcore/4.4.4/httpcore-4.4.4.jar:/home/user/.m2/repository/commons-codec/commons-codec/1.11/commons-codec-1.11.jar:/home/user/.m2/repository/commons-net/commons-net/3.6/commons-net-3.6.jar:/home/user/.m2/repository/commons-collections/commons-collections/3.2.2/commons-collections-3.2.2.jar:/home/user/.m2/repository/org/eclipse/jetty/jetty-servlet/9.3.24.v20180605/jetty-servlet-9.3.24.v20180605.jar:/home/user/.m2/repository/org/eclipse/jetty/jetty-security/9.3.24.v20180605/jetty-security-9.3.24.v20180605.jar:/home/user/.m2/repository/javax/servlet/jsp/jsp-api/2.1/jsp-api-2.1.jar:/home/user/.m2/repository/com/sun/jersey/jersey-servlet/1.19/jersey-servlet-1.19.jar:/home/user/.m2/repository/com/sun/jersey/jersey-json/1.19/jersey-json-1.19.jar:/home/user/.m2/repository/org/codehaus/jettison/jettison/1.1/jettison-1.1.jar:/home/user/.m2/repository/org/codehaus/jackson/jackson-core-asl/1.9.13/jackson-core-asl-1.9.13.jar:/home/user/.m2/repository/org/codehaus/jackson/jackson-mapper-asl/1.9.13/jackson-mapper-asl-1.9.13.jar:/home/user/.m2/repository/org/codehaus/jackson/jackson-jaxrs/1.9.13/jackson-jaxrs-1.9.13.jar:/home/user/.m2/repository/org/codehaus/jackson/jackson-xc/1.9.13/jackson-xc-1.9.13.jar:/home/user/.m2/repository/commons-logging/commons-logging/1.1.3/commons-logging-1.1.3.jar:/home/user/.m2/repository/commons-beanutils/commons-beanutils/1.9.3/commons-beanutils-1.9.3.jar:/home/user/.m2/repository/org/apache/commons/commons-configuration2/2.1.1/commons-configuration2-2.1.1.jar:/home/user/.m2/repository/org/apache/commons/commons-lang3/3.7/commons-lang3-3.7.jar:/home/user/.m2/repository/org/apache/commons/commons-text/1.4/commons-text-1.4.jar:/home/user/.m2/repository/org/apache/avro/avro/1.7.7/avro-1.7.7.jar:/home/user/.m2/repository/com/thoughtworks/paranamer/paranamer/2.3/paranamer-2.3.jar:/home/user/.m2/repository/org/xerial/snappy/snappy-java/1.0.5/snappy-java-1.0.5.jar:/home/user/.m2/repository/com/google/re2j/re2j/1.1/re2j-1.1.jar:/home/user/.m2/repository/com/google/code/gson/gson/2.2.4/gson-2.2.4.jar:/home/user/.m2/repository/com/jcraft/jsch/0.1.54/jsch-0.1.54.jar:/home/user/.m2/repository/org/apache/curator/curator-client/2.12.0/curator-client-2.12.0.jar:/home/user/.m2/repository/org/apache/curator/curator-recipes/2.12.0/curator-recipes-2.12.0.jar:/home/user/.m2/repository/com/google/code/findbugs/jsr305/3.0.0/jsr305-3.0.0.jar:/home/user/.m2/repository/org/apache/htrace/htrace-core4/4.1.0-incubating/htrace-core4-4.1.0-incubating.jar:/home/user/.m2/repository/org/apache/zookeeper/zookeeper/3.4.13/zookeeper-3.4.13.jar:/home/user/.m2/repository/org/apache/yetus/audience-annotations/0.5.0/audience-annotations-0.5.0.jar:/home/user/.m2/repository/org/codehaus/woodstox/stax2-api/3.1.4/stax2-api-3.1.4.jar:/home/user/.m2/repository/com/fasterxml/woodstox/woodstox-core/5.0.3/woodstox-core-5.0.3.jar:/home/user/.m2/repository/dnsjava/dnsjava/2.1.7/dnsjava-2.1.7.jar:/home/user/.m2/repository/org/apache/hadoop/hadoop-hdfs/3.2.0/hadoop-hdfs-3.2.0-tests.jar:/home/user/.m2/repository/org/eclipse/jetty/jetty-util-ajax/9.3.24.v20180605/jetty-util-ajax-9.3.24.v20180605.jar:/home/user/.m2/repository/commons-daemon/commons-daemon/1.0.13/commons-daemon-1.0.13.jar:/home/user/.m2/repository/io/netty/netty/3.10.5.Final/netty-3.10.5.Final.jar:/home/user/.m2/repository/io/netty/netty-all/4.0.52.Final/netty-all-4.0.52.Final.jar:/home/user/.m2/repository/org/fusesource/leveldbjni/leveldbjni-all/1.8/leveldbjni-all-1.8.jar:"/>
    <property name="sun.cpu.endian" value="little"/>
    <property name="user.home" value="/home/user"/>
    <property name="user.language" value="en"/>
    <property name="java.specification.vendor" value="Oracle Corporation"/>
    <property name="java.home" value="/usr/lib/jvm/java-1.8-openjdk/jre"/>
    <property name="java.security.krb5.conf" value="/opt/src/hadoop-ozone/integration-test/target/test-classes/krb5.conf"/>
    <property name="basedir" value="/opt/src/hadoop-ozone/integration-test"/>
    <property name="file.separator" value="/"/>
    <property name="line.separator" value="&#10;"/>
    <property name="java.vm.specification.vendor" value="Oracle Corporation"/>
    <property name="java.specification.name" value="Java Platform API Specification"/>
    <property name="java.awt.graphicsenv" value="sun.awt.X11GraphicsEnvironment"/>
    <property name="surefire.real.class.path" value="/opt/src/hadoop-ozone/integration-test/target/surefire/surefirebooter411842192988503207.jar"/>
    <property name="hadoop.log.dir" value="/opt/src/hadoop-ozone/integration-test/target/log"/>
    <property name="sun.boot.class.path" value="/usr/lib/jvm/java-1.8-openjdk/jre/lib/resources.jar:/usr/lib/jvm/java-1.8-openjdk/jre/lib/rt.jar:/usr/lib/jvm/java-1.8-openjdk/jre/lib/sunrsasign.jar:/usr/lib/jvm/java-1.8-openjdk/jre/lib/jsse.jar:/usr/lib/jvm/java-1.8-openjdk/jre/lib/jce.jar:/usr/lib/jvm/java-1.8-openjdk/jre/lib/charsets.jar:/usr/lib/jvm/java-1.8-openjdk/jre/lib/jfr.jar:/usr/lib/jvm/java-1.8-openjdk/jre/classes"/>
    <property name="sun.management.compiler" value="HotSpot 64-Bit Tiered Compilers"/>
    <property name="java.runtime.version" value="1.8.0_212-b04"/>
    <property name="java.net.preferIPv4Stack" value="true"/>
    <property name="user.name" value="jenkins1000"/>
    <property name="path.separator" value=":"/>
    <property name="java.security.egd" value="file:///dev/urandom"/>
    <property name="os.version" value="4.15.0-1021-aws"/>
    <property name="java.endorsed.dirs" value="/usr/lib/jvm/java-1.8-openjdk/jre/lib/endorsed"/>
    <property name="java.runtime.name" value="OpenJDK Runtime Environment"/>
    <property name="file.encoding" value="UTF-8"/>
    <property name="java.vm.name" value="OpenJDK 64-Bit Server VM"/>
    <property name="test.build.webapps" value=""/>
    <property name="localRepository" value="/home/user/.m2/repository"/>
    <property name="java.vendor.url.bug" value="https://icedtea.classpath.org/bugzilla"/>
    <property name="java.io.tmpdir" value="/tmp"/>
    <property name="require.test.libhadoop" value=""/>
    <property name="java.version" value="1.8.0_212"/>
    <property name="user.dir" value="/opt/src/hadoop-ozone/integration-test"/>
    <property name="os.arch" value="amd64"/>
    <property name="java.vm.specification.name" value="Java Virtual Machine Specification"/>
    <property name="test.build.classes" value="/opt/src/hadoop-ozone/integration-test/target/test-classes"/>
    <property name="java.awt.printerjob" value="sun.print.PSPrinterJob"/>
    <property name="sun.os.patch.level" value="unknown"/>
    <property name="hadoop.tmp.dir" value="/opt/src/hadoop-ozone/integration-test/target/tmp"/>
    <property name="java.library.path" value="/usr/lib/jvm/java-1.8-openjdk/jre/lib/amd64/server:/usr/lib/jvm/java-1.8-openjdk/jre/lib/amd64:/usr/lib/jvm/java-1.8-openjdk/jre/../lib/amd64:/opt/src/hadoop-ozone/integration-test/target/native/target/usr/local/lib:/opt/src/hadoop-ozone/integration-test/../../hadoop-common-project/hadoop-common/target/native/target/usr/local/lib:/usr/java/packages/lib/amd64:/usr/lib64:/lib64:/lib:/usr/lib"/>
    <property name="java.vm.info" value="mixed mode"/>
    <property name="java.vendor" value="IcedTea"/>
    <property name="java.vm.version" value="25.212-b04"/>
    <property name="java.ext.dirs" value="/usr/lib/jvm/java-1.8-openjdk/jre/lib/ext:/usr/java/packages/lib/ext"/>
    <property name="sun.io.unicode.encoding" value="UnicodeLittle"/>
    <property name="java.class.version" value="52.0"/>
  </properties>
  <testcase name="testPipelineFail" classname="org.apache.hadoop.hdds.scm.pipeline.TestNodeFailure" time="0">
    <skipped/>
    <system-out><![CDATA[2019-06-15 07:58:30,987 WARN  server.ServerUtils (ServerUtils.java:getScmDbDir(145)) - ozone.scm.db.dirs is not configured. We recommend adding this setting. Falling back to ozone.metadata.dirs instead.
2019-06-15 07:58:31,076 WARN  server.ServerUtils (ServerUtils.java:getScmDbDir(145)) - ozone.scm.db.dirs is not configured. We recommend adding this setting. Falling back to ozone.metadata.dirs instead.
2019-06-15 07:58:31,079 WARN  server.ServerUtils (ServerUtils.java:getScmDbDir(145)) - ozone.scm.db.dirs is not configured. We recommend adding this setting. Falling back to ozone.metadata.dirs instead.
2019-06-15 07:58:31,098 INFO  util.log (Log.java:initialized(192)) - Logging initialized @786ms
2019-06-15 07:58:31,182 INFO  db.DBStoreBuilder (DBStoreBuilder.java:addTable(110)) - using custom profile for table: deletedBlocks
2019-06-15 07:58:31,183 INFO  db.DBStoreBuilder (DBStoreBuilder.java:processTables(161)) - Using default column profile:DBProfile.DISK for Table:deletedBlocks
2019-06-15 07:58:31,183 INFO  db.DBStoreBuilder (DBStoreBuilder.java:addTable(110)) - using custom profile for table: validCerts
2019-06-15 07:58:31,183 INFO  db.DBStoreBuilder (DBStoreBuilder.java:processTables(161)) - Using default column profile:DBProfile.DISK for Table:validCerts
2019-06-15 07:58:31,183 INFO  db.DBStoreBuilder (DBStoreBuilder.java:addTable(110)) - using custom profile for table: revokedCerts
2019-06-15 07:58:31,183 INFO  db.DBStoreBuilder (DBStoreBuilder.java:processTables(161)) - Using default column profile:DBProfile.DISK for Table:revokedCerts
2019-06-15 07:58:31,193 INFO  db.DBStoreBuilder (DBStoreBuilder.java:addTable(110)) - using custom profile for table: default
2019-06-15 07:58:31,193 INFO  db.DBStoreBuilder (DBStoreBuilder.java:processTables(167)) - Using default column profile:DBProfile.DISK for Table:default
2019-06-15 07:58:31,194 INFO  db.DBStoreBuilder (DBStoreBuilder.java:getDbProfile(198)) - Using default options. DBProfile.DISK
2019-06-15 07:58:31,248 INFO  net.NodeSchemaLoader (NodeSchemaLoader.java:loadSchemaFromFile(125)) - Loading file from sun.misc.CompoundEnumeration@27ce24aa
2019-06-15 07:58:31,249 INFO  net.NodeSchemaLoader (NodeSchemaLoader.java:loadSchema(171)) - Loading network topology layer schema file
2019-06-15 07:58:31,303 INFO  node.SCMNodeManager (SCMNodeManager.java:<init>(119)) - Entering startup safe mode.
2019-06-15 07:58:31,374 WARN  server.ServerUtils (ServerUtils.java:getScmDbDir(145)) - ozone.scm.db.dirs is not configured. We recommend adding this setting. Falling back to ozone.metadata.dirs instead.
2019-06-15 07:58:31,396 INFO  pipeline.SCMPipelineManager (SCMPipelineManager.java:initializePipelineState(126)) - No pipeline exists in current db
2019-06-15 07:58:31,398 WARN  server.ServerUtils (ServerUtils.java:getScmDbDir(145)) - ozone.scm.db.dirs is not configured. We recommend adding this setting. Falling back to ozone.metadata.dirs instead.
2019-06-15 07:58:31,456 WARN  events.EventQueue (EventQueue.java:fireEvent(175)) - No event handler registered for event TypedEvent{payloadType=SafeModeStatus, name='SafeModeStatus'}
2019-06-15 07:58:31,761 INFO  ipc.CallQueueManager (CallQueueManager.java:<init>(84)) - Using callQueue: class java.util.concurrent.LinkedBlockingQueue, queueCapacity: 2000, scheduler: class org.apache.hadoop.ipc.DefaultRpcScheduler, ipcBackoff: false.
2019-06-15 07:58:31,790 INFO  ipc.Server (Server.java:run(1074)) - Starting Socket Reader #1 for port 33803
2019-06-15 07:58:31,815 INFO  ipc.CallQueueManager (CallQueueManager.java:<init>(84)) - Using callQueue: class java.util.concurrent.LinkedBlockingQueue, queueCapacity: 2000, scheduler: class org.apache.hadoop.ipc.DefaultRpcScheduler, ipcBackoff: false.
2019-06-15 07:58:31,846 INFO  ipc.Server (Server.java:run(1074)) - Starting Socket Reader #1 for port 44813
2019-06-15 07:58:31,849 INFO  ipc.CallQueueManager (CallQueueManager.java:<init>(84)) - Using callQueue: class java.util.concurrent.LinkedBlockingQueue, queueCapacity: 2000, scheduler: class org.apache.hadoop.ipc.DefaultRpcScheduler, ipcBackoff: false.
2019-06-15 07:58:31,849 INFO  ipc.Server (Server.java:run(1074)) - Starting Socket Reader #1 for port 33841
2019-06-15 07:58:31,865 INFO  hdfs.DFSUtil (DFSUtil.java:httpServerTemplateForNNAndJN(1641)) - Starting Web-server for scm at: http://0.0.0.0:0
2019-06-15 07:58:31,991 INFO  server.AuthenticationFilter (AuthenticationFilter.java:constructSecretProvider(240)) - Unable to initialize FileSignerSecretProvider, falling back to use random secrets.
2019-06-15 07:58:31,997 WARN  http.HttpRequestLog (HttpRequestLog.java:getRequestLog(97)) - Jetty request log can only be enabled using Log4j
2019-06-15 07:58:32,004 INFO  http.HttpServer2 (HttpServer2.java:addGlobalFilter(975)) - Added global filter 'safety' (class=org.apache.hadoop.http.HttpServer2$QuotingInputFilter)
2019-06-15 07:58:32,006 INFO  http.HttpServer2 (HttpServer2.java:addFilter(948)) - Added filter static_user_filter (class=org.apache.hadoop.http.lib.StaticUserWebFilter$StaticUserFilter) to context scm
2019-06-15 07:58:32,007 INFO  http.HttpServer2 (HttpServer2.java:addFilter(958)) - Added filter static_user_filter (class=org.apache.hadoop.http.lib.StaticUserWebFilter$StaticUserFilter) to context logs
2019-06-15 07:58:32,007 INFO  http.HttpServer2 (HttpServer2.java:addFilter(958)) - Added filter static_user_filter (class=org.apache.hadoop.http.lib.StaticUserWebFilter$StaticUserFilter) to context static
2019-06-15 07:58:32,029 INFO  server.StorageContainerManager (StorageContainerManager.java:start(753)) - StorageContainerLocationProtocol RPC server is listening at /0.0.0.0:33841
2019-06-15 07:58:32,071 WARN  impl.MetricsConfig (MetricsConfig.java:loadFirst(134)) - Cannot locate configuration: tried hadoop-metrics2-storagecontainermanager.properties,hadoop-metrics2.properties
2019-06-15 07:58:32,082 INFO  impl.MetricsSystemImpl (MetricsSystemImpl.java:startTimer(374)) - Scheduled Metric snapshot period at 10 second(s).
2019-06-15 07:58:32,082 INFO  impl.MetricsSystemImpl (MetricsSystemImpl.java:start(191)) - StorageContainerManager metrics system started
2019-06-15 07:58:32,277 INFO  server.SCMClientProtocolServer (SCMClientProtocolServer.java:start(149)) - RPC server for Client  is listening at /0.0.0.0:33841
2019-06-15 07:58:32,278 INFO  ipc.Server (Server.java:run(1314)) - IPC Server Responder: starting
2019-06-15 07:58:32,278 INFO  ipc.Server (Server.java:run(1153)) - IPC Server listener on 33841: starting
2019-06-15 07:58:32,281 INFO  server.StorageContainerManager (StorageContainerManager.java:start(762)) - ScmBlockLocationProtocol RPC server is listening at /0.0.0.0:44813
2019-06-15 07:58:32,281 INFO  server.SCMBlockProtocolServer (SCMBlockProtocolServer.java:start(137)) - RPC server for Block Protocol is listening at /0.0.0.0:44813
2019-06-15 07:58:32,281 INFO  ipc.Server (Server.java:run(1314)) - IPC Server Responder: starting
2019-06-15 07:58:32,281 INFO  ipc.Server (Server.java:run(1153)) - IPC Server listener on 44813: starting
2019-06-15 07:58:32,311 INFO  server.StorageContainerManager (StorageContainerManager.java:start(766)) - ScmDatanodeProtocl RPC server is listening at /0.0.0.0:33803
2019-06-15 07:58:32,311 INFO  server.SCMDatanodeProtocolServer (SCMDatanodeProtocolServer.java:start(191)) - RPC server for DataNodes is listening at /0.0.0.0:33803
2019-06-15 07:58:32,313 INFO  ipc.Server (Server.java:run(1314)) - IPC Server Responder: starting
2019-06-15 07:58:32,316 INFO  ipc.Server (Server.java:run(1153)) - IPC Server listener on 33803: starting
2019-06-15 07:58:32,340 INFO  http.HttpServer2 (HttpServer2.java:bindListener(1191)) - Jetty bound to port 35981
2019-06-15 07:58:32,342 INFO  server.Server (Server.java:doStart(351)) - jetty-9.3.24.v20180605, build timestamp: 2018-06-05T17:11:56Z, git hash: 84205aa28f11a4f31f2a3b86d1bba2cc8ab69827
2019-06-15 07:58:32,381 INFO  handler.ContextHandler (ContextHandler.java:doStart(781)) - Started o.e.j.s.ServletContextHandler@16c63f5{/logs,file:///opt/src/hadoop-ozone/integration-test/target/log,AVAILABLE}
2019-06-15 07:58:32,382 INFO  handler.ContextHandler (ContextHandler.java:doStart(781)) - Started o.e.j.s.ServletContextHandler@6d3c5255{/static,file:///opt/src/hadoop-ozone/integration-test/target/test-classes/webapps/static,AVAILABLE}
2019-06-15 07:58:32,418 INFO  handler.ContextHandler (ContextHandler.java:doStart(781)) - Started o.e.j.w.WebAppContext@2b62442c{/,file:///opt/src/hadoop-ozone/integration-test/target/test-classes/webapps/scm/,AVAILABLE}{/scm}
2019-06-15 07:58:32,424 INFO  server.AbstractConnector (AbstractConnector.java:doStart(278)) - Started ServerConnector@6e521c1e{HTTP/1.1,[http/1.1]}{0.0.0.0:35981}
2019-06-15 07:58:32,424 INFO  server.Server (Server.java:doStart(419)) - Started @2112ms
2019-06-15 07:58:32,425 INFO  server.BaseHttpServer (BaseHttpServer.java:updateConnectorAddress(207)) - HTTP server of SCM is listening at http://0.0.0.0:35981
2019-06-15 07:58:32,438 INFO  util.JvmPauseMonitor (JvmPauseMonitor.java:run(188)) - Starting JVM pause monitor
2019-06-15 07:58:32,439 WARN  scm.ScmUtils (ScmUtils.java:getDBPath(63)) - ozone.om.db.dirs is not configured. We recommend adding this setting. Falling back to ozone.metadata.dirs instead.
2019-06-15 07:58:32,534 WARN  scm.ScmUtils (ScmUtils.java:getDBPath(63)) - ozone.om.db.dirs is not configured. We recommend adding this setting. Falling back to ozone.metadata.dirs instead.
2019-06-15 07:58:32,535 INFO  om.OzoneManager (OzoneManager.java:setOMNodeDetails(532)) - OM Service ID is not set. Setting it to the default ID: omServiceIdDefault
2019-06-15 07:58:32,535 INFO  om.OzoneManager (OzoneManager.java:setOMNodeDetails(538)) - OM Node ID is not set. Setting it to the OmStorage's OmID: eb7ec0f2-ad0d-477c-bfba-48236122111b
2019-06-15 07:58:32,537 WARN  scm.HddsServerUtil (HddsServerUtil.java:getDefaultRatisDirectory(354)) - Storage directory for Ratis is not configured. It is a good idea to map this to an SSD disk. Falling back to ozone.metadata.dirs
2019-06-15 07:58:32,537 WARN  scm.HddsServerUtil (HddsServerUtil.java:getDefaultRatisDirectory(354)) - Storage directory for Ratis is not configured. It is a good idea to map this to an SSD disk. Falling back to ozone.metadata.dirs
2019-06-15 07:58:32,538 INFO  om.OzoneManager (OzoneManager.java:loadOMHAConfigs(489)) - Found matching OM address with OMServiceId: null, OMNodeId: null, RPC Address: localhost:0 and Ratis port: 9872
2019-06-15 07:58:32,737 WARN  scm.ScmUtils (ScmUtils.java:getDBPath(63)) - ozone.om.db.dirs is not configured. We recommend adding this setting. Falling back to ozone.metadata.dirs instead.
2019-06-15 07:58:32,744 INFO  db.DBStoreBuilder (DBStoreBuilder.java:addTable(110)) - using custom profile for table: userTable
2019-06-15 07:58:32,744 INFO  db.DBStoreBuilder (DBStoreBuilder.java:processTables(161)) - Using default column profile:DBProfile.DISK for Table:userTable
2019-06-15 07:58:32,744 INFO  db.DBStoreBuilder (DBStoreBuilder.java:addTable(110)) - using custom profile for table: volumeTable
2019-06-15 07:58:32,744 INFO  db.DBStoreBuilder (DBStoreBuilder.java:processTables(161)) - Using default column profile:DBProfile.DISK for Table:volumeTable
2019-06-15 07:58:32,745 INFO  db.DBStoreBuilder (DBStoreBuilder.java:addTable(110)) - using custom profile for table: bucketTable
2019-06-15 07:58:32,745 INFO  db.DBStoreBuilder (DBStoreBuilder.java:processTables(161)) - Using default column profile:DBProfile.DISK for Table:bucketTable
2019-06-15 07:58:32,745 INFO  db.DBStoreBuilder (DBStoreBuilder.java:addTable(110)) - using custom profile for table: keyTable
2019-06-15 07:58:32,745 INFO  db.DBStoreBuilder (DBStoreBuilder.java:processTables(161)) - Using default column profile:DBProfile.DISK for Table:keyTable
2019-06-15 07:58:32,746 INFO  db.DBStoreBuilder (DBStoreBuilder.java:addTable(110)) - using custom profile for table: deletedTable
2019-06-15 07:58:32,746 INFO  db.DBStoreBuilder (DBStoreBuilder.java:processTables(161)) - Using default column profile:DBProfile.DISK for Table:deletedTable
2019-06-15 07:58:32,746 INFO  db.DBStoreBuilder (DBStoreBuilder.java:addTable(110)) - using custom profile for table: openKeyTable
2019-06-15 07:58:32,746 INFO  db.DBStoreBuilder (DBStoreBuilder.java:processTables(161)) - Using default column profile:DBProfile.DISK for Table:openKeyTable
2019-06-15 07:58:32,747 INFO  db.DBStoreBuilder (DBStoreBuilder.java:addTable(110)) - using custom profile for table: s3Table
2019-06-15 07:58:32,747 INFO  db.DBStoreBuilder (DBStoreBuilder.java:processTables(161)) - Using default column profile:DBProfile.DISK for Table:s3Table
2019-06-15 07:58:32,747 INFO  db.DBStoreBuilder (DBStoreBuilder.java:addTable(110)) - using custom profile for table: multipartInfoTable
2019-06-15 07:58:32,747 INFO  db.DBStoreBuilder (DBStoreBuilder.java:processTables(161)) - Using default column profile:DBProfile.DISK for Table:multipartInfoTable
2019-06-15 07:58:32,748 INFO  db.DBStoreBuilder (DBStoreBuilder.java:addTable(110)) - using custom profile for table: dTokenTable
2019-06-15 07:58:32,748 INFO  db.DBStoreBuilder (DBStoreBuilder.java:processTables(161)) - Using default column profile:DBProfile.DISK for Table:dTokenTable
2019-06-15 07:58:32,748 INFO  db.DBStoreBuilder (DBStoreBuilder.java:addTable(110)) - using custom profile for table: s3SecretTable
2019-06-15 07:58:32,748 INFO  db.DBStoreBuilder (DBStoreBuilder.java:processTables(161)) - Using default column profile:DBProfile.DISK for Table:s3SecretTable
2019-06-15 07:58:32,749 INFO  db.DBStoreBuilder (DBStoreBuilder.java:addTable(110)) - using custom profile for table: prefixTable
2019-06-15 07:58:32,749 INFO  db.DBStoreBuilder (DBStoreBuilder.java:processTables(161)) - Using default column profile:DBProfile.DISK for Table:prefixTable
2019-06-15 07:58:32,749 INFO  db.DBStoreBuilder (DBStoreBuilder.java:addTable(110)) - using custom profile for table: default
2019-06-15 07:58:32,749 INFO  db.DBStoreBuilder (DBStoreBuilder.java:processTables(167)) - Using default column profile:DBProfile.DISK for Table:default
2019-06-15 07:58:32,749 INFO  db.DBStoreBuilder (DBStoreBuilder.java:getDbProfile(198)) - Using default options. DBProfile.DISK
2019-06-15 07:58:33,316 INFO  ipc.CallQueueManager (CallQueueManager.java:<init>(84)) - Using callQueue: class java.util.concurrent.LinkedBlockingQueue, queueCapacity: 2000, scheduler: class org.apache.hadoop.ipc.DefaultRpcScheduler, ipcBackoff: false.
2019-06-15 07:58:33,319 INFO  ipc.Server (Server.java:run(1074)) - Starting Socket Reader #1 for port 42533
2019-06-15 07:58:33,358 WARN  scm.ScmUtils (ScmUtils.java:getDBPath(63)) - ozone.om.db.dirs is not configured. We recommend adding this setting. Falling back to ozone.metadata.dirs instead.
2019-06-15 07:58:33,358 INFO  om.OzoneManager (OzoneManager.java:start(1230)) - OzoneManager RPC server is listening at localhost/127.0.0.1:42533
2019-06-15 07:58:33,358 INFO  impl.MetricsSystemImpl (MetricsSystemImpl.java:init(158)) - OzoneManager metrics system started (again)
2019-06-15 07:58:33,370 INFO  ipc.Server (Server.java:run(1314)) - IPC Server Responder: starting
2019-06-15 07:58:33,370 INFO  ipc.Server (Server.java:run(1153)) - IPC Server listener on 42533: starting
2019-06-15 07:58:33,383 INFO  hdfs.DFSUtil (DFSUtil.java:httpServerTemplateForNNAndJN(1641)) - Starting Web-server for ozoneManager at: http://0.0.0.0:0
2019-06-15 07:58:33,384 INFO  server.AuthenticationFilter (AuthenticationFilter.java:constructSecretProvider(240)) - Unable to initialize FileSignerSecretProvider, falling back to use random secrets.
2019-06-15 07:58:33,387 WARN  http.HttpRequestLog (HttpRequestLog.java:getRequestLog(97)) - Jetty request log can only be enabled using Log4j
2019-06-15 07:58:33,389 INFO  http.HttpServer2 (HttpServer2.java:addGlobalFilter(975)) - Added global filter 'safety' (class=org.apache.hadoop.http.HttpServer2$QuotingInputFilter)
2019-06-15 07:58:33,390 INFO  http.HttpServer2 (HttpServer2.java:addFilter(948)) - Added filter static_user_filter (class=org.apache.hadoop.http.lib.StaticUserWebFilter$StaticUserFilter) to context ozoneManager
2019-06-15 07:58:33,391 INFO  http.HttpServer2 (HttpServer2.java:addFilter(958)) - Added filter static_user_filter (class=org.apache.hadoop.http.lib.StaticUserWebFilter$StaticUserFilter) to context logs
2019-06-15 07:58:33,391 INFO  http.HttpServer2 (HttpServer2.java:addFilter(958)) - Added filter static_user_filter (class=org.apache.hadoop.http.lib.StaticUserWebFilter$StaticUserFilter) to context static
2019-06-15 07:58:33,394 INFO  http.HttpServer2 (HttpServer2.java:bindListener(1191)) - Jetty bound to port 38967
2019-06-15 07:58:33,395 INFO  server.Server (Server.java:doStart(351)) - jetty-9.3.24.v20180605, build timestamp: 2018-06-05T17:11:56Z, git hash: 84205aa28f11a4f31f2a3b86d1bba2cc8ab69827
2019-06-15 07:58:33,400 INFO  handler.ContextHandler (ContextHandler.java:doStart(781)) - Started o.e.j.s.ServletContextHandler@3d7fa3ae{/logs,file:///opt/src/hadoop-ozone/integration-test/target/log,AVAILABLE}
2019-06-15 07:58:33,401 INFO  handler.ContextHandler (ContextHandler.java:doStart(781)) - Started o.e.j.s.ServletContextHandler@3605c4d3{/static,file:///opt/src/hadoop-ozone/integration-test/target/test-classes/webapps/static,AVAILABLE}
2019-06-15 07:58:33,407 INFO  handler.ContextHandler (ContextHandler.java:doStart(781)) - Started o.e.j.w.WebAppContext@7b60c3e{/,file:///opt/src/hadoop-ozone/integration-test/target/test-classes/webapps/ozoneManager/,AVAILABLE}{/ozoneManager}
2019-06-15 07:58:33,408 INFO  server.AbstractConnector (AbstractConnector.java:doStart(278)) - Started ServerConnector@3fbfa96{HTTP/1.1,[http/1.1]}{0.0.0.0:38967}
2019-06-15 07:58:33,408 INFO  server.Server (Server.java:doStart(419)) - Started @3096ms
2019-06-15 07:58:33,409 INFO  server.BaseHttpServer (BaseHttpServer.java:updateConnectorAddress(207)) - HTTP server of OZONEMANAGER is listening at http://0.0.0.0:38967
2019-06-15 07:58:33,595 INFO  impl.MetricsSystemImpl (MetricsSystemImpl.java:init(158)) - HddsDatanode metrics system started (again)
2019-06-15 07:58:33,767 INFO  ozone.HddsDatanodeService (HddsDatanodeService.java:start(185)) - HddsDatanodeService host:ozone-unit-076618677d3-bfkx8-1659705209 ip:192.168.11.234
2019-06-15 07:58:33,799 INFO  volume.HddsVolume (HddsVolume.java:<init>(176)) - Creating Volume: /opt/src/hadoop-ozone/integration-test/target/test-dir/MiniOzoneClusterImpl-0171e5d3-dda2-4bdd-85bc-e8fa5233fb17/datanode-0/data/containers/hdds of  storage type : DISK and capacity : 104021790720
2019-06-15 07:58:33,800 INFO  volume.VolumeSet (VolumeSet.java:initializeVolumeSet(170)) - Added Volume : /opt/src/hadoop-ozone/integration-test/target/test-dir/MiniOzoneClusterImpl-0171e5d3-dda2-4bdd-85bc-e8fa5233fb17/datanode-0/data/containers/hdds to VolumeSet
2019-06-15 07:58:33,803 INFO  volume.ThrottledAsyncChecker (ThrottledAsyncChecker.java:schedule(140)) - Scheduling a check for org.apache.hadoop.ozone.container.common.volume.HddsVolume@5fb7183b
2019-06-15 07:58:33,821 INFO  volume.HddsVolumeChecker (HddsVolumeChecker.java:checkAllVolumes(203)) - Scheduled health check for volume org.apache.hadoop.ozone.container.common.volume.HddsVolume@5fb7183b
2019-06-15 07:58:33,868 INFO  ratis.XceiverServerRatis (XceiverServerRatis.java:newXceiverServerRatis(401)) - Found a free port for the server : 43063
2019-06-15 07:58:33,934 INFO  impl.RaftServerProxy (ConfUtils.java:logGet(43)) - raft.rpc.type = GRPC (default)
2019-06-15 07:58:33,944 INFO  grpc.GrpcConfigKeys$Server (ConfUtils.java:logGet(43)) - raft.grpc.server.port = 43063 (custom)
2019-06-15 07:58:33,945 INFO  server.GrpcService (ConfUtils.java:logGet(43)) - raft.grpc.message.size.max = 33570816 (custom)
2019-06-15 07:58:33,946 INFO  server.RaftServerConfigKeys (ConfUtils.java:logGet(43)) - raft.server.log.appender.buffer.byte-limit = 33554432 (custom)
2019-06-15 07:58:33,947 INFO  server.GrpcService (ConfUtils.java:logGet(43)) - raft.grpc.flow.control.window = 1MB (=1048576) (default)
2019-06-15 07:58:33,948 INFO  server.RaftServerConfigKeys (ConfUtils.java:logGet(43)) - raft.server.rpc.request.timeout = 3000ms (default)
2019-06-15 07:58:34,105 INFO  server.RaftServerConfigKeys (ConfUtils.java:logGet(43)) - raft.server.storage.dir = [/opt/src/hadoop-ozone/integration-test/target/test-dir/MiniOzoneClusterImpl-0171e5d3-dda2-4bdd-85bc-e8fa5233fb17/datanode-0/data/ratis] (custom)
2019-06-15 07:58:34,111 INFO  server.XceiverServerGrpc (XceiverServerGrpc.java:<init>(97)) - Found a free port for the server : 35393
2019-06-15 07:58:34,141 INFO  replication.SimpleContainerDownloader (SimpleContainerDownloader.java:<init>(72)) - Starting container downloader service to copy containers to replicate.
2019-06-15 07:58:34,155 INFO  hdfs.DFSUtil (DFSUtil.java:httpServerTemplateForNNAndJN(1641)) - Starting Web-server for hddsDatanode at: http://0.0.0.0:0
2019-06-15 07:58:34,156 INFO  server.AuthenticationFilter (AuthenticationFilter.java:constructSecretProvider(240)) - Unable to initialize FileSignerSecretProvider, falling back to use random secrets.
2019-06-15 07:58:34,157 WARN  http.HttpRequestLog (HttpRequestLog.java:getRequestLog(97)) - Jetty request log can only be enabled using Log4j
2019-06-15 07:58:34,159 INFO  http.HttpServer2 (HttpServer2.java:addGlobalFilter(975)) - Added global filter 'safety' (class=org.apache.hadoop.http.HttpServer2$QuotingInputFilter)
2019-06-15 07:58:34,160 INFO  http.HttpServer2 (HttpServer2.java:addFilter(948)) - Added filter static_user_filter (class=org.apache.hadoop.http.lib.StaticUserWebFilter$StaticUserFilter) to context hddsDatanode
2019-06-15 07:58:34,160 INFO  http.HttpServer2 (HttpServer2.java:addFilter(958)) - Added filter static_user_filter (class=org.apache.hadoop.http.lib.StaticUserWebFilter$StaticUserFilter) to context static
2019-06-15 07:58:34,161 INFO  http.HttpServer2 (HttpServer2.java:addFilter(958)) - Added filter static_user_filter (class=org.apache.hadoop.http.lib.StaticUserWebFilter$StaticUserFilter) to context logs
2019-06-15 07:58:34,163 INFO  http.HttpServer2 (HttpServer2.java:bindListener(1191)) - Jetty bound to port 37919
2019-06-15 07:58:34,163 INFO  server.Server (Server.java:doStart(351)) - jetty-9.3.24.v20180605, build timestamp: 2018-06-05T17:11:56Z, git hash: 84205aa28f11a4f31f2a3b86d1bba2cc8ab69827
2019-06-15 07:58:34,166 INFO  handler.ContextHandler (ContextHandler.java:doStart(781)) - Started o.e.j.s.ServletContextHandler@4cdb8504{/logs,file:///opt/src/hadoop-ozone/integration-test/target/log,AVAILABLE}
2019-06-15 07:58:34,167 INFO  handler.ContextHandler (ContextHandler.java:doStart(781)) - Started o.e.j.s.ServletContextHandler@10358c32{/static,jar:file:/home/user/.m2/repository/org/apache/hadoop/hadoop-hdds-container-service/0.5.0-SNAPSHOT/hadoop-hdds-container-service-0.5.0-SNAPSHOT.jar!/webapps/static,AVAILABLE}
2019-06-15 07:58:34,203 INFO  handler.ContextHandler (ContextHandler.java:doStart(781)) - Started o.e.j.w.WebAppContext@53830483{/,file:///tmp/jetty-0.0.0.0-37919-hddsDatanode-_-any-4887068921989392567.dir/webapp/,AVAILABLE}{/hddsDatanode}
2019-06-15 07:58:34,204 INFO  server.AbstractConnector (AbstractConnector.java:doStart(278)) - Started ServerConnector@29f85fe1{HTTP/1.1,[http/1.1]}{0.0.0.0:37919}
2019-06-15 07:58:34,204 INFO  server.Server (Server.java:doStart(419)) - Started @3892ms
2019-06-15 07:58:34,205 INFO  server.BaseHttpServer (BaseHttpServer.java:updateConnectorAddress(207)) - HTTP server of HDDSDATANODE is listening at http://0.0.0.0:37919
2019-06-15 07:58:35,165 INFO  ozone.HddsDatanodeService (HddsDatanodeService.java:startPlugins(396)) - Started plug-in org.apache.hadoop.ozone.web.OzoneHddsDatanodeService@4351ed61
2019-06-15 07:58:35,166 INFO  impl.MetricsSystemImpl (MetricsSystemImpl.java:init(158)) - HddsDatanode metrics system started (again)
2019-06-15 07:58:35,167 INFO  ozone.HddsDatanodeService (HddsDatanodeService.java:start(185)) - HddsDatanodeService host:ozone-unit-076618677d3-bfkx8-1659705209 ip:192.168.11.234
2019-06-15 07:58:35,179 INFO  volume.HddsVolume (HddsVolume.java:<init>(176)) - Creating Volume: /opt/src/hadoop-ozone/integration-test/target/test-dir/MiniOzoneClusterImpl-0171e5d3-dda2-4bdd-85bc-e8fa5233fb17/datanode-1/data/containers/hdds of  storage type : DISK and capacity : 104021790720
2019-06-15 07:58:35,180 INFO  volume.VolumeSet (VolumeSet.java:initializeVolumeSet(170)) - Added Volume : /opt/src/hadoop-ozone/integration-test/target/test-dir/MiniOzoneClusterImpl-0171e5d3-dda2-4bdd-85bc-e8fa5233fb17/datanode-1/data/containers/hdds to VolumeSet
2019-06-15 07:58:35,180 INFO  volume.ThrottledAsyncChecker (ThrottledAsyncChecker.java:schedule(140)) - Scheduling a check for org.apache.hadoop.ozone.container.common.volume.HddsVolume@2574a9e3
2019-06-15 07:58:35,184 INFO  volume.HddsVolumeChecker (HddsVolumeChecker.java:checkAllVolumes(203)) - Scheduled health check for volume org.apache.hadoop.ozone.container.common.volume.HddsVolume@2574a9e3
2019-06-15 07:58:35,192 INFO  util.JvmPauseMonitor (JvmPauseMonitor.java:run(188)) - Starting JVM pause monitor
2019-06-15 07:58:35,196 INFO  ratis.XceiverServerRatis (XceiverServerRatis.java:newXceiverServerRatis(401)) - Found a free port for the server : 34893
2019-06-15 07:58:35,197 INFO  impl.RaftServerProxy (ConfUtils.java:logGet(43)) - raft.rpc.type = GRPC (default)
2019-06-15 07:58:35,198 INFO  grpc.GrpcConfigKeys$Server (ConfUtils.java:logGet(43)) - raft.grpc.server.port = 34893 (custom)
2019-06-15 07:58:35,198 INFO  server.GrpcService (ConfUtils.java:logGet(43)) - raft.grpc.message.size.max = 33570816 (custom)
2019-06-15 07:58:35,198 INFO  server.RaftServerConfigKeys (ConfUtils.java:logGet(43)) - raft.server.log.appender.buffer.byte-limit = 33554432 (custom)
2019-06-15 07:58:35,198 INFO  server.GrpcService (ConfUtils.java:logGet(43)) - raft.grpc.flow.control.window = 1MB (=1048576) (default)
2019-06-15 07:58:35,199 INFO  server.RaftServerConfigKeys (ConfUtils.java:logGet(43)) - raft.server.rpc.request.timeout = 3000ms (default)
2019-06-15 07:58:35,199 INFO  server.RaftServerConfigKeys (ConfUtils.java:logGet(43)) - raft.server.storage.dir = [/opt/src/hadoop-ozone/integration-test/target/test-dir/MiniOzoneClusterImpl-0171e5d3-dda2-4bdd-85bc-e8fa5233fb17/datanode-1/data/ratis] (custom)
2019-06-15 07:58:35,200 INFO  server.XceiverServerGrpc (XceiverServerGrpc.java:<init>(97)) - Found a free port for the server : 35243
2019-06-15 07:58:35,200 INFO  replication.SimpleContainerDownloader (SimpleContainerDownloader.java:<init>(72)) - Starting container downloader service to copy containers to replicate.
2019-06-15 07:58:35,207 INFO  hdfs.DFSUtil (DFSUtil.java:httpServerTemplateForNNAndJN(1641)) - Starting Web-server for hddsDatanode at: http://0.0.0.0:0
2019-06-15 07:58:35,208 INFO  server.AuthenticationFilter (AuthenticationFilter.java:constructSecretProvider(240)) - Unable to initialize FileSignerSecretProvider, falling back to use random secrets.
2019-06-15 07:58:35,209 WARN  http.HttpRequestLog (HttpRequestLog.java:getRequestLog(97)) - Jetty request log can only be enabled using Log4j
2019-06-15 07:58:35,210 INFO  http.HttpServer2 (HttpServer2.java:addGlobalFilter(975)) - Added global filter 'safety' (class=org.apache.hadoop.http.HttpServer2$QuotingInputFilter)
2019-06-15 07:58:35,211 INFO  http.HttpServer2 (HttpServer2.java:addFilter(948)) - Added filter static_user_filter (class=org.apache.hadoop.http.lib.StaticUserWebFilter$StaticUserFilter) to context hddsDatanode
2019-06-15 07:58:35,211 INFO  http.HttpServer2 (HttpServer2.java:addFilter(958)) - Added filter static_user_filter (class=org.apache.hadoop.http.lib.StaticUserWebFilter$StaticUserFilter) to context static
2019-06-15 07:58:35,212 INFO  http.HttpServer2 (HttpServer2.java:addFilter(958)) - Added filter static_user_filter (class=org.apache.hadoop.http.lib.StaticUserWebFilter$StaticUserFilter) to context logs
2019-06-15 07:58:35,212 INFO  http.HttpServer2 (HttpServer2.java:bindListener(1191)) - Jetty bound to port 41845
2019-06-15 07:58:35,212 INFO  server.Server (Server.java:doStart(351)) - jetty-9.3.24.v20180605, build timestamp: 2018-06-05T17:11:56Z, git hash: 84205aa28f11a4f31f2a3b86d1bba2cc8ab69827
2019-06-15 07:58:35,216 INFO  handler.ContextHandler (ContextHandler.java:doStart(781)) - Started o.e.j.s.ServletContextHandler@3d53e6f7{/logs,file:///opt/src/hadoop-ozone/integration-test/target/log,AVAILABLE}
2019-06-15 07:58:35,216 INFO  handler.ContextHandler (ContextHandler.java:doStart(781)) - Started o.e.j.s.ServletContextHandler@3ece79fe{/static,jar:file:/home/user/.m2/repository/org/apache/hadoop/hadoop-hdds-container-service/0.5.0-SNAPSHOT/hadoop-hdds-container-service-0.5.0-SNAPSHOT.jar!/webapps/static,AVAILABLE}
2019-06-15 07:58:35,248 INFO  handler.ContextHandler (ContextHandler.java:doStart(781)) - Started o.e.j.w.WebAppContext@47b33e07{/,file:///tmp/jetty-0.0.0.0-41845-hddsDatanode-_-any-1803642469031486825.dir/webapp/,AVAILABLE}{/hddsDatanode}
2019-06-15 07:58:35,248 INFO  server.AbstractConnector (AbstractConnector.java:doStart(278)) - Started ServerConnector@7126e26{HTTP/1.1,[http/1.1]}{0.0.0.0:41845}
2019-06-15 07:58:35,249 INFO  server.Server (Server.java:doStart(419)) - Started @4937ms
2019-06-15 07:58:35,250 INFO  server.BaseHttpServer (BaseHttpServer.java:updateConnectorAddress(207)) - HTTP server of HDDSDATANODE is listening at http://0.0.0.0:41845
2019-06-15 07:58:35,290 INFO  datanode.InitDatanodeState (InitDatanodeState.java:persistContainerDatanodeDetails(140)) - DatanodeDetails is persisted to /opt/src/hadoop-ozone/integration-test/target/test-dir/MiniOzoneClusterImpl-0171e5d3-dda2-4bdd-85bc-e8fa5233fb17/datanode-0/meta/datanode.id
2019-06-15 07:58:35,400 INFO  ozone.HddsDatanodeService (HddsDatanodeService.java:startPlugins(396)) - Started plug-in org.apache.hadoop.ozone.web.OzoneHddsDatanodeService@30c19bff
2019-06-15 07:58:35,400 INFO  impl.MetricsSystemImpl (MetricsSystemImpl.java:init(158)) - HddsDatanode metrics system started (again)
2019-06-15 07:58:35,401 INFO  ozone.HddsDatanodeService (HddsDatanodeService.java:start(185)) - HddsDatanodeService host:ozone-unit-076618677d3-bfkx8-1659705209 ip:192.168.11.234
2019-06-15 07:58:35,429 INFO  util.JvmPauseMonitor (JvmPauseMonitor.java:run(188)) - Starting JVM pause monitor
2019-06-15 07:58:35,437 INFO  datanode.InitDatanodeState (InitDatanodeState.java:persistContainerDatanodeDetails(140)) - DatanodeDetails is persisted to /opt/src/hadoop-ozone/integration-test/target/test-dir/MiniOzoneClusterImpl-0171e5d3-dda2-4bdd-85bc-e8fa5233fb17/datanode-1/meta/datanode.id
2019-06-15 07:58:35,439 INFO  volume.HddsVolume (HddsVolume.java:<init>(176)) - Creating Volume: /opt/src/hadoop-ozone/integration-test/target/test-dir/MiniOzoneClusterImpl-0171e5d3-dda2-4bdd-85bc-e8fa5233fb17/datanode-2/data/containers/hdds of  storage type : DISK and capacity : 104021790720
2019-06-15 07:58:35,439 INFO  volume.VolumeSet (VolumeSet.java:initializeVolumeSet(170)) - Added Volume : /opt/src/hadoop-ozone/integration-test/target/test-dir/MiniOzoneClusterImpl-0171e5d3-dda2-4bdd-85bc-e8fa5233fb17/datanode-2/data/containers/hdds to VolumeSet
2019-06-15 07:58:35,439 INFO  volume.ThrottledAsyncChecker (ThrottledAsyncChecker.java:schedule(140)) - Scheduling a check for org.apache.hadoop.ozone.container.common.volume.HddsVolume@2443abd6
2019-06-15 07:58:35,441 INFO  volume.HddsVolumeChecker (HddsVolumeChecker.java:checkAllVolumes(203)) - Scheduled health check for volume org.apache.hadoop.ozone.container.common.volume.HddsVolume@2443abd6
2019-06-15 07:58:35,454 INFO  ratis.XceiverServerRatis (XceiverServerRatis.java:newXceiverServerRatis(401)) - Found a free port for the server : 40483
2019-06-15 07:58:35,456 INFO  impl.RaftServerProxy (ConfUtils.java:logGet(43)) - raft.rpc.type = GRPC (default)
2019-06-15 07:58:35,456 INFO  grpc.GrpcConfigKeys$Server (ConfUtils.java:logGet(43)) - raft.grpc.server.port = 40483 (custom)
2019-06-15 07:58:35,456 INFO  server.GrpcService (ConfUtils.java:logGet(43)) - raft.grpc.message.size.max = 33570816 (custom)
2019-06-15 07:58:35,457 INFO  server.RaftServerConfigKeys (ConfUtils.java:logGet(43)) - raft.server.log.appender.buffer.byte-limit = 33554432 (custom)
2019-06-15 07:58:35,457 INFO  server.GrpcService (ConfUtils.java:logGet(43)) - raft.grpc.flow.control.window = 1MB (=1048576) (default)
2019-06-15 07:58:35,457 INFO  server.RaftServerConfigKeys (ConfUtils.java:logGet(43)) - raft.server.rpc.request.timeout = 3000ms (default)
2019-06-15 07:58:35,458 INFO  server.RaftServerConfigKeys (ConfUtils.java:logGet(43)) - raft.server.storage.dir = [/opt/src/hadoop-ozone/integration-test/target/test-dir/MiniOzoneClusterImpl-0171e5d3-dda2-4bdd-85bc-e8fa5233fb17/datanode-2/data/ratis] (custom)
2019-06-15 07:58:35,458 INFO  server.XceiverServerGrpc (XceiverServerGrpc.java:<init>(97)) - Found a free port for the server : 33933
2019-06-15 07:58:35,459 INFO  replication.SimpleContainerDownloader (SimpleContainerDownloader.java:<init>(72)) - Starting container downloader service to copy containers to replicate.
2019-06-15 07:58:35,460 INFO  hdfs.DFSUtil (DFSUtil.java:httpServerTemplateForNNAndJN(1641)) - Starting Web-server for hddsDatanode at: http://0.0.0.0:0
2019-06-15 07:58:35,461 INFO  server.AuthenticationFilter (AuthenticationFilter.java:constructSecretProvider(240)) - Unable to initialize FileSignerSecretProvider, falling back to use random secrets.
2019-06-15 07:58:35,462 WARN  http.HttpRequestLog (HttpRequestLog.java:getRequestLog(97)) - Jetty request log can only be enabled using Log4j
2019-06-15 07:58:35,463 INFO  http.HttpServer2 (HttpServer2.java:addGlobalFilter(975)) - Added global filter 'safety' (class=org.apache.hadoop.http.HttpServer2$QuotingInputFilter)
2019-06-15 07:58:35,464 INFO  http.HttpServer2 (HttpServer2.java:addFilter(948)) - Added filter static_user_filter (class=org.apache.hadoop.http.lib.StaticUserWebFilter$StaticUserFilter) to context hddsDatanode
2019-06-15 07:58:35,464 INFO  http.HttpServer2 (HttpServer2.java:addFilter(958)) - Added filter static_user_filter (class=org.apache.hadoop.http.lib.StaticUserWebFilter$StaticUserFilter) to context logs
2019-06-15 07:58:35,464 INFO  http.HttpServer2 (HttpServer2.java:addFilter(958)) - Added filter static_user_filter (class=org.apache.hadoop.http.lib.StaticUserWebFilter$StaticUserFilter) to context static
2019-06-15 07:58:35,465 INFO  http.HttpServer2 (HttpServer2.java:bindListener(1191)) - Jetty bound to port 34213
2019-06-15 07:58:35,465 INFO  server.Server (Server.java:doStart(351)) - jetty-9.3.24.v20180605, build timestamp: 2018-06-05T17:11:56Z, git hash: 84205aa28f11a4f31f2a3b86d1bba2cc8ab69827
2019-06-15 07:58:35,467 INFO  handler.ContextHandler (ContextHandler.java:doStart(781)) - Started o.e.j.s.ServletContextHandler@14d25b6e{/logs,file:///opt/src/hadoop-ozone/integration-test/target/log,AVAILABLE}
2019-06-15 07:58:35,468 INFO  handler.ContextHandler (ContextHandler.java:doStart(781)) - Started o.e.j.s.ServletContextHandler@740dcae3{/static,jar:file:/home/user/.m2/repository/org/apache/hadoop/hadoop-hdds-container-service/0.5.0-SNAPSHOT/hadoop-hdds-container-service-0.5.0-SNAPSHOT.jar!/webapps/static,AVAILABLE}
2019-06-15 07:58:35,497 INFO  handler.ContextHandler (ContextHandler.java:doStart(781)) - Started o.e.j.w.WebAppContext@739265f1{/,file:///tmp/jetty-0.0.0.0-34213-hddsDatanode-_-any-5037274800007580708.dir/webapp/,AVAILABLE}{/hddsDatanode}
2019-06-15 07:58:35,498 INFO  server.AbstractConnector (AbstractConnector.java:doStart(278)) - Started ServerConnector@58eac00e{HTTP/1.1,[http/1.1]}{0.0.0.0:34213}
2019-06-15 07:58:35,499 INFO  server.Server (Server.java:doStart(419)) - Started @5187ms
2019-06-15 07:58:35,500 INFO  server.BaseHttpServer (BaseHttpServer.java:updateConnectorAddress(207)) - HTTP server of HDDSDATANODE is listening at http://0.0.0.0:34213
2019-06-15 07:58:35,646 INFO  ozone.HddsDatanodeService (HddsDatanodeService.java:startPlugins(396)) - Started plug-in org.apache.hadoop.ozone.web.OzoneHddsDatanodeService@632b305d
2019-06-15 07:58:35,647 INFO  impl.MetricsSystemImpl (MetricsSystemImpl.java:init(158)) - HddsDatanode metrics system started (again)
2019-06-15 07:58:35,647 INFO  ozone.HddsDatanodeService (HddsDatanodeService.java:start(185)) - HddsDatanodeService host:ozone-unit-076618677d3-bfkx8-1659705209 ip:192.168.11.234
2019-06-15 07:58:35,651 INFO  util.JvmPauseMonitor (JvmPauseMonitor.java:run(188)) - Starting JVM pause monitor
2019-06-15 07:58:35,655 INFO  datanode.InitDatanodeState (InitDatanodeState.java:persistContainerDatanodeDetails(140)) - DatanodeDetails is persisted to /opt/src/hadoop-ozone/integration-test/target/test-dir/MiniOzoneClusterImpl-0171e5d3-dda2-4bdd-85bc-e8fa5233fb17/datanode-2/meta/datanode.id
2019-06-15 07:58:35,657 INFO  volume.HddsVolume (HddsVolume.java:<init>(176)) - Creating Volume: /opt/src/hadoop-ozone/integration-test/target/test-dir/MiniOzoneClusterImpl-0171e5d3-dda2-4bdd-85bc-e8fa5233fb17/datanode-3/data/containers/hdds of  storage type : DISK and capacity : 104021790720
2019-06-15 07:58:35,657 INFO  volume.VolumeSet (VolumeSet.java:initializeVolumeSet(170)) - Added Volume : /opt/src/hadoop-ozone/integration-test/target/test-dir/MiniOzoneClusterImpl-0171e5d3-dda2-4bdd-85bc-e8fa5233fb17/datanode-3/data/containers/hdds to VolumeSet
2019-06-15 07:58:35,657 INFO  volume.ThrottledAsyncChecker (ThrottledAsyncChecker.java:schedule(140)) - Scheduling a check for org.apache.hadoop.ozone.container.common.volume.HddsVolume@1f15e689
2019-06-15 07:58:35,659 INFO  volume.HddsVolumeChecker (HddsVolumeChecker.java:checkAllVolumes(203)) - Scheduled health check for volume org.apache.hadoop.ozone.container.common.volume.HddsVolume@1f15e689
2019-06-15 07:58:35,670 INFO  ratis.XceiverServerRatis (XceiverServerRatis.java:newXceiverServerRatis(401)) - Found a free port for the server : 44541
2019-06-15 07:58:35,672 INFO  impl.RaftServerProxy (ConfUtils.java:logGet(43)) - raft.rpc.type = GRPC (default)
2019-06-15 07:58:35,672 INFO  grpc.GrpcConfigKeys$Server (ConfUtils.java:logGet(43)) - raft.grpc.server.port = 44541 (custom)
2019-06-15 07:58:35,672 INFO  server.GrpcService (ConfUtils.java:logGet(43)) - raft.grpc.message.size.max = 33570816 (custom)
2019-06-15 07:58:35,672 INFO  server.RaftServerConfigKeys (ConfUtils.java:logGet(43)) - raft.server.log.appender.buffer.byte-limit = 33554432 (custom)
2019-06-15 07:58:35,672 INFO  server.GrpcService (ConfUtils.java:logGet(43)) - raft.grpc.flow.control.window = 1MB (=1048576) (default)
2019-06-15 07:58:35,673 INFO  server.RaftServerConfigKeys (ConfUtils.java:logGet(43)) - raft.server.rpc.request.timeout = 3000ms (default)
2019-06-15 07:58:35,673 INFO  server.RaftServerConfigKeys (ConfUtils.java:logGet(43)) - raft.server.storage.dir = [/opt/src/hadoop-ozone/integration-test/target/test-dir/MiniOzoneClusterImpl-0171e5d3-dda2-4bdd-85bc-e8fa5233fb17/datanode-3/data/ratis] (custom)
2019-06-15 07:58:35,674 INFO  server.XceiverServerGrpc (XceiverServerGrpc.java:<init>(97)) - Found a free port for the server : 38821
2019-06-15 07:58:35,674 INFO  replication.SimpleContainerDownloader (SimpleContainerDownloader.java:<init>(72)) - Starting container downloader service to copy containers to replicate.
2019-06-15 07:58:35,675 INFO  hdfs.DFSUtil (DFSUtil.java:httpServerTemplateForNNAndJN(1641)) - Starting Web-server for hddsDatanode at: http://0.0.0.0:0
2019-06-15 07:58:35,677 INFO  server.AuthenticationFilter (AuthenticationFilter.java:constructSecretProvider(240)) - Unable to initialize FileSignerSecretProvider, falling back to use random secrets.
2019-06-15 07:58:35,677 WARN  http.HttpRequestLog (HttpRequestLog.java:getRequestLog(97)) - Jetty request log can only be enabled using Log4j
2019-06-15 07:58:35,678 INFO  http.HttpServer2 (HttpServer2.java:addGlobalFilter(975)) - Added global filter 'safety' (class=org.apache.hadoop.http.HttpServer2$QuotingInputFilter)
2019-06-15 07:58:35,679 INFO  http.HttpServer2 (HttpServer2.java:addFilter(948)) - Added filter static_user_filter (class=org.apache.hadoop.http.lib.StaticUserWebFilter$StaticUserFilter) to context hddsDatanode
2019-06-15 07:58:35,679 INFO  http.HttpServer2 (HttpServer2.java:addFilter(958)) - Added filter static_user_filter (class=org.apache.hadoop.http.lib.StaticUserWebFilter$StaticUserFilter) to context logs
2019-06-15 07:58:35,679 INFO  http.HttpServer2 (HttpServer2.java:addFilter(958)) - Added filter static_user_filter (class=org.apache.hadoop.http.lib.StaticUserWebFilter$StaticUserFilter) to context static
2019-06-15 07:58:35,680 INFO  http.HttpServer2 (HttpServer2.java:bindListener(1191)) - Jetty bound to port 35673
2019-06-15 07:58:35,680 INFO  server.Server (Server.java:doStart(351)) - jetty-9.3.24.v20180605, build timestamp: 2018-06-05T17:11:56Z, git hash: 84205aa28f11a4f31f2a3b86d1bba2cc8ab69827
2019-06-15 07:58:35,691 INFO  handler.ContextHandler (ContextHandler.java:doStart(781)) - Started o.e.j.s.ServletContextHandler@445bce9a{/logs,file:///opt/src/hadoop-ozone/integration-test/target/log,AVAILABLE}
2019-06-15 07:58:35,691 INFO  handler.ContextHandler (ContextHandler.java:doStart(781)) - Started o.e.j.s.ServletContextHandler@5e1a5f{/static,jar:file:/home/user/.m2/repository/org/apache/hadoop/hadoop-hdds-container-service/0.5.0-SNAPSHOT/hadoop-hdds-container-service-0.5.0-SNAPSHOT.jar!/webapps/static,AVAILABLE}
2019-06-15 07:58:35,712 INFO  handler.ContextHandler (ContextHandler.java:doStart(781)) - Started o.e.j.w.WebAppContext@7d9c45ee{/,file:///tmp/jetty-0.0.0.0-35673-hddsDatanode-_-any-1489686695344311475.dir/webapp/,AVAILABLE}{/hddsDatanode}
2019-06-15 07:58:35,714 INFO  server.AbstractConnector (AbstractConnector.java:doStart(278)) - Started ServerConnector@31da0434{HTTP/1.1,[http/1.1]}{0.0.0.0:35673}
2019-06-15 07:58:35,715 INFO  server.Server (Server.java:doStart(419)) - Started @5403ms
2019-06-15 07:58:35,719 INFO  server.BaseHttpServer (BaseHttpServer.java:updateConnectorAddress(207)) - HTTP server of HDDSDATANODE is listening at http://0.0.0.0:35673
2019-06-15 07:58:35,868 INFO  ozone.HddsDatanodeService (HddsDatanodeService.java:startPlugins(396)) - Started plug-in org.apache.hadoop.ozone.web.OzoneHddsDatanodeService@2322e56f
2019-06-15 07:58:35,869 INFO  impl.MetricsSystemImpl (MetricsSystemImpl.java:init(158)) - HddsDatanode metrics system started (again)
2019-06-15 07:58:35,869 INFO  ozone.HddsDatanodeService (HddsDatanodeService.java:start(185)) - HddsDatanodeService host:ozone-unit-076618677d3-bfkx8-1659705209 ip:192.168.11.234
2019-06-15 07:58:35,879 INFO  util.JvmPauseMonitor (JvmPauseMonitor.java:run(188)) - Starting JVM pause monitor
2019-06-15 07:58:35,888 INFO  volume.HddsVolume (HddsVolume.java:<init>(176)) - Creating Volume: /opt/src/hadoop-ozone/integration-test/target/test-dir/MiniOzoneClusterImpl-0171e5d3-dda2-4bdd-85bc-e8fa5233fb17/datanode-4/data/containers/hdds of  storage type : DISK and capacity : 104021790720
2019-06-15 07:58:35,888 INFO  volume.VolumeSet (VolumeSet.java:initializeVolumeSet(170)) - Added Volume : /opt/src/hadoop-ozone/integration-test/target/test-dir/MiniOzoneClusterImpl-0171e5d3-dda2-4bdd-85bc-e8fa5233fb17/datanode-4/data/containers/hdds to VolumeSet
2019-06-15 07:58:35,889 INFO  volume.ThrottledAsyncChecker (ThrottledAsyncChecker.java:schedule(140)) - Scheduling a check for org.apache.hadoop.ozone.container.common.volume.HddsVolume@4ef18604
2019-06-15 07:58:35,891 INFO  datanode.InitDatanodeState (InitDatanodeState.java:persistContainerDatanodeDetails(140)) - DatanodeDetails is persisted to /opt/src/hadoop-ozone/integration-test/target/test-dir/MiniOzoneClusterImpl-0171e5d3-dda2-4bdd-85bc-e8fa5233fb17/datanode-3/meta/datanode.id
2019-06-15 07:58:35,896 INFO  volume.HddsVolumeChecker (HddsVolumeChecker.java:checkAllVolumes(203)) - Scheduled health check for volume org.apache.hadoop.ozone.container.common.volume.HddsVolume@4ef18604
2019-06-15 07:58:35,912 INFO  ratis.XceiverServerRatis (XceiverServerRatis.java:newXceiverServerRatis(401)) - Found a free port for the server : 44595
2019-06-15 07:58:35,914 INFO  impl.RaftServerProxy (ConfUtils.java:logGet(43)) - raft.rpc.type = GRPC (default)
2019-06-15 07:58:35,914 INFO  grpc.GrpcConfigKeys$Server (ConfUtils.java:logGet(43)) - raft.grpc.server.port = 44595 (custom)
2019-06-15 07:58:35,914 INFO  server.GrpcService (ConfUtils.java:logGet(43)) - raft.grpc.message.size.max = 33570816 (custom)
2019-06-15 07:58:35,914 INFO  server.RaftServerConfigKeys (ConfUtils.java:logGet(43)) - raft.server.log.appender.buffer.byte-limit = 33554432 (custom)
2019-06-15 07:58:35,915 INFO  server.GrpcService (ConfUtils.java:logGet(43)) - raft.grpc.flow.control.window = 1MB (=1048576) (default)
2019-06-15 07:58:35,915 INFO  server.RaftServerConfigKeys (ConfUtils.java:logGet(43)) - raft.server.rpc.request.timeout = 3000ms (default)
2019-06-15 07:58:35,915 INFO  server.RaftServerConfigKeys (ConfUtils.java:logGet(43)) - raft.server.storage.dir = [/opt/src/hadoop-ozone/integration-test/target/test-dir/MiniOzoneClusterImpl-0171e5d3-dda2-4bdd-85bc-e8fa5233fb17/datanode-4/data/ratis] (custom)
2019-06-15 07:58:35,916 INFO  server.XceiverServerGrpc (XceiverServerGrpc.java:<init>(97)) - Found a free port for the server : 42553
2019-06-15 07:58:35,916 INFO  replication.SimpleContainerDownloader (SimpleContainerDownloader.java:<init>(72)) - Starting container downloader service to copy containers to replicate.
2019-06-15 07:58:35,917 INFO  hdfs.DFSUtil (DFSUtil.java:httpServerTemplateForNNAndJN(1641)) - Starting Web-server for hddsDatanode at: http://0.0.0.0:0
2019-06-15 07:58:35,918 INFO  server.AuthenticationFilter (AuthenticationFilter.java:constructSecretProvider(240)) - Unable to initialize FileSignerSecretProvider, falling back to use random secrets.
2019-06-15 07:58:35,919 WARN  http.HttpRequestLog (HttpRequestLog.java:getRequestLog(97)) - Jetty request log can only be enabled using Log4j
2019-06-15 07:58:35,920 INFO  http.HttpServer2 (HttpServer2.java:addGlobalFilter(975)) - Added global filter 'safety' (class=org.apache.hadoop.http.HttpServer2$QuotingInputFilter)
2019-06-15 07:58:35,921 INFO  http.HttpServer2 (HttpServer2.java:addFilter(948)) - Added filter static_user_filter (class=org.apache.hadoop.http.lib.StaticUserWebFilter$StaticUserFilter) to context hddsDatanode
2019-06-15 07:58:35,921 INFO  http.HttpServer2 (HttpServer2.java:addFilter(958)) - Added filter static_user_filter (class=org.apache.hadoop.http.lib.StaticUserWebFilter$StaticUserFilter) to context logs
2019-06-15 07:58:35,921 INFO  http.HttpServer2 (HttpServer2.java:addFilter(958)) - Added filter static_user_filter (class=org.apache.hadoop.http.lib.StaticUserWebFilter$StaticUserFilter) to context static
2019-06-15 07:58:35,922 INFO  http.HttpServer2 (HttpServer2.java:bindListener(1191)) - Jetty bound to port 38075
2019-06-15 07:58:35,922 INFO  server.Server (Server.java:doStart(351)) - jetty-9.3.24.v20180605, build timestamp: 2018-06-05T17:11:56Z, git hash: 84205aa28f11a4f31f2a3b86d1bba2cc8ab69827
2019-06-15 07:58:35,940 INFO  handler.ContextHandler (ContextHandler.java:doStart(781)) - Started o.e.j.s.ServletContextHandler@6da54910{/logs,file:///opt/src/hadoop-ozone/integration-test/target/log,AVAILABLE}
2019-06-15 07:58:35,940 INFO  handler.ContextHandler (ContextHandler.java:doStart(781)) - Started o.e.j.s.ServletContextHandler@24134cbc{/static,jar:file:/home/user/.m2/repository/org/apache/hadoop/hadoop-hdds-container-service/0.5.0-SNAPSHOT/hadoop-hdds-container-service-0.5.0-SNAPSHOT.jar!/webapps/static,AVAILABLE}
2019-06-15 07:58:35,969 INFO  handler.ContextHandler (ContextHandler.java:doStart(781)) - Started o.e.j.w.WebAppContext@256bb5be{/,file:///tmp/jetty-0.0.0.0-38075-hddsDatanode-_-any-6270777105952546350.dir/webapp/,AVAILABLE}{/hddsDatanode}
2019-06-15 07:58:35,971 INFO  server.AbstractConnector (AbstractConnector.java:doStart(278)) - Started ServerConnector@5fef0c19{HTTP/1.1,[http/1.1]}{0.0.0.0:38075}
2019-06-15 07:58:35,971 INFO  server.Server (Server.java:doStart(419)) - Started @5660ms
2019-06-15 07:58:35,972 INFO  server.BaseHttpServer (BaseHttpServer.java:updateConnectorAddress(207)) - HTTP server of HDDSDATANODE is listening at http://0.0.0.0:38075
2019-06-15 07:58:36,120 INFO  ozone.HddsDatanodeService (HddsDatanodeService.java:startPlugins(396)) - Started plug-in org.apache.hadoop.ozone.web.OzoneHddsDatanodeService@3e43f049
2019-06-15 07:58:36,120 INFO  impl.MetricsSystemImpl (MetricsSystemImpl.java:init(158)) - HddsDatanode metrics system started (again)
2019-06-15 07:58:36,120 INFO  ozone.HddsDatanodeService (HddsDatanodeService.java:start(185)) - HddsDatanodeService host:ozone-unit-076618677d3-bfkx8-1659705209 ip:192.168.11.234
2019-06-15 07:58:36,124 INFO  util.JvmPauseMonitor (JvmPauseMonitor.java:run(188)) - Starting JVM pause monitor
2019-06-15 07:58:36,125 INFO  datanode.InitDatanodeState (InitDatanodeState.java:persistContainerDatanodeDetails(140)) - DatanodeDetails is persisted to /opt/src/hadoop-ozone/integration-test/target/test-dir/MiniOzoneClusterImpl-0171e5d3-dda2-4bdd-85bc-e8fa5233fb17/datanode-4/meta/datanode.id
2019-06-15 07:58:36,131 INFO  volume.HddsVolume (HddsVolume.java:<init>(176)) - Creating Volume: /opt/src/hadoop-ozone/integration-test/target/test-dir/MiniOzoneClusterImpl-0171e5d3-dda2-4bdd-85bc-e8fa5233fb17/datanode-5/data/containers/hdds of  storage type : DISK and capacity : 104021790720
2019-06-15 07:58:36,131 INFO  volume.VolumeSet (VolumeSet.java:initializeVolumeSet(170)) - Added Volume : /opt/src/hadoop-ozone/integration-test/target/test-dir/MiniOzoneClusterImpl-0171e5d3-dda2-4bdd-85bc-e8fa5233fb17/datanode-5/data/containers/hdds to VolumeSet
2019-06-15 07:58:36,131 INFO  volume.ThrottledAsyncChecker (ThrottledAsyncChecker.java:schedule(140)) - Scheduling a check for org.apache.hadoop.ozone.container.common.volume.HddsVolume@58a7dc4
2019-06-15 07:58:36,147 INFO  volume.HddsVolumeChecker (HddsVolumeChecker.java:checkAllVolumes(203)) - Scheduled health check for volume org.apache.hadoop.ozone.container.common.volume.HddsVolume@58a7dc4
2019-06-15 07:58:36,163 INFO  ratis.XceiverServerRatis (XceiverServerRatis.java:newXceiverServerRatis(401)) - Found a free port for the server : 42131
2019-06-15 07:58:36,164 INFO  impl.RaftServerProxy (ConfUtils.java:logGet(43)) - raft.rpc.type = GRPC (default)
2019-06-15 07:58:36,164 INFO  grpc.GrpcConfigKeys$Server (ConfUtils.java:logGet(43)) - raft.grpc.server.port = 42131 (custom)
2019-06-15 07:58:36,165 INFO  server.GrpcService (ConfUtils.java:logGet(43)) - raft.grpc.message.size.max = 33570816 (custom)
2019-06-15 07:58:36,165 INFO  server.RaftServerConfigKeys (ConfUtils.java:logGet(43)) - raft.server.log.appender.buffer.byte-limit = 33554432 (custom)
2019-06-15 07:58:36,165 INFO  server.GrpcService (ConfUtils.java:logGet(43)) - raft.grpc.flow.control.window = 1MB (=1048576) (default)
2019-06-15 07:58:36,165 INFO  server.RaftServerConfigKeys (ConfUtils.java:logGet(43)) - raft.server.rpc.request.timeout = 3000ms (default)
2019-06-15 07:58:36,166 INFO  server.RaftServerConfigKeys (ConfUtils.java:logGet(43)) - raft.server.storage.dir = [/opt/src/hadoop-ozone/integration-test/target/test-dir/MiniOzoneClusterImpl-0171e5d3-dda2-4bdd-85bc-e8fa5233fb17/datanode-5/data/ratis] (custom)
2019-06-15 07:58:36,166 INFO  server.XceiverServerGrpc (XceiverServerGrpc.java:<init>(97)) - Found a free port for the server : 44427
2019-06-15 07:58:36,166 INFO  replication.SimpleContainerDownloader (SimpleContainerDownloader.java:<init>(72)) - Starting container downloader service to copy containers to replicate.
2019-06-15 07:58:36,168 INFO  hdfs.DFSUtil (DFSUtil.java:httpServerTemplateForNNAndJN(1641)) - Starting Web-server for hddsDatanode at: http://0.0.0.0:0
2019-06-15 07:58:36,169 INFO  server.AuthenticationFilter (AuthenticationFilter.java:constructSecretProvider(240)) - Unable to initialize FileSignerSecretProvider, falling back to use random secrets.
2019-06-15 07:58:36,169 WARN  http.HttpRequestLog (HttpRequestLog.java:getRequestLog(97)) - Jetty request log can only be enabled using Log4j
2019-06-15 07:58:36,171 INFO  http.HttpServer2 (HttpServer2.java:addGlobalFilter(975)) - Added global filter 'safety' (class=org.apache.hadoop.http.HttpServer2$QuotingInputFilter)
2019-06-15 07:58:36,171 INFO  http.HttpServer2 (HttpServer2.java:addFilter(948)) - Added filter static_user_filter (class=org.apache.hadoop.http.lib.StaticUserWebFilter$StaticUserFilter) to context hddsDatanode
2019-06-15 07:58:36,171 INFO  http.HttpServer2 (HttpServer2.java:addFilter(958)) - Added filter static_user_filter (class=org.apache.hadoop.http.lib.StaticUserWebFilter$StaticUserFilter) to context logs
2019-06-15 07:58:36,172 INFO  http.HttpServer2 (HttpServer2.java:addFilter(958)) - Added filter static_user_filter (class=org.apache.hadoop.http.lib.StaticUserWebFilter$StaticUserFilter) to context static
2019-06-15 07:58:36,172 INFO  http.HttpServer2 (HttpServer2.java:bindListener(1191)) - Jetty bound to port 37897
2019-06-15 07:58:36,172 INFO  server.Server (Server.java:doStart(351)) - jetty-9.3.24.v20180605, build timestamp: 2018-06-05T17:11:56Z, git hash: 84205aa28f11a4f31f2a3b86d1bba2cc8ab69827
2019-06-15 07:58:36,199 INFO  handler.ContextHandler (ContextHandler.java:doStart(781)) - Started o.e.j.s.ServletContextHandler@e3899fd{/logs,file:///opt/src/hadoop-ozone/integration-test/target/log,AVAILABLE}
2019-06-15 07:58:36,200 INFO  handler.ContextHandler (ContextHandler.java:doStart(781)) - Started o.e.j.s.ServletContextHandler@788e3702{/static,jar:file:/home/user/.m2/repository/org/apache/hadoop/hadoop-hdds-container-service/0.5.0-SNAPSHOT/hadoop-hdds-container-service-0.5.0-SNAPSHOT.jar!/webapps/static,AVAILABLE}
2019-06-15 07:58:36,231 INFO  handler.ContextHandler (ContextHandler.java:doStart(781)) - Started o.e.j.w.WebAppContext@99a8de3{/,file:///tmp/jetty-0.0.0.0-37897-hddsDatanode-_-any-7314136622347499825.dir/webapp/,AVAILABLE}{/hddsDatanode}
2019-06-15 07:58:36,233 INFO  server.AbstractConnector (AbstractConnector.java:doStart(278)) - Started ServerConnector@87f501f{HTTP/1.1,[http/1.1]}{0.0.0.0:37897}
2019-06-15 07:58:36,233 INFO  server.Server (Server.java:doStart(419)) - Started @5921ms
2019-06-15 07:58:36,234 INFO  server.BaseHttpServer (BaseHttpServer.java:updateConnectorAddress(207)) - HTTP server of HDDSDATANODE is listening at http://0.0.0.0:37897
2019-06-15 07:58:36,424 INFO  ozone.HddsDatanodeService (HddsDatanodeService.java:startPlugins(396)) - Started plug-in org.apache.hadoop.ozone.web.OzoneHddsDatanodeService@6c5ca0b6
2019-06-15 07:58:36,427 INFO  ozone.MiniOzoneClusterImpl (MiniOzoneClusterImpl.java:lambda$waitForClusterToBeReady$0(142)) - Waiting for cluster to be ready. Got 0 of 6 DN Heartbeats.
2019-06-15 07:58:36,439 INFO  util.JvmPauseMonitor (JvmPauseMonitor.java:run(188)) - Starting JVM pause monitor
2019-06-15 07:58:36,441 INFO  datanode.InitDatanodeState (InitDatanodeState.java:persistContainerDatanodeDetails(140)) - DatanodeDetails is persisted to /opt/src/hadoop-ozone/integration-test/target/test-dir/MiniOzoneClusterImpl-0171e5d3-dda2-4bdd-85bc-e8fa5233fb17/datanode-5/meta/datanode.id
2019-06-15 07:58:37,229 INFO  ozoneimpl.OzoneContainer (OzoneContainer.java:start(186)) - Attempting to start container services.
2019-06-15 07:58:37,230 INFO  ozoneimpl.OzoneContainer (OzoneContainer.java:startContainerScrub(160)) - Background container scrubber has been disabled by hdds.containerscrub.enabled
2019-06-15 07:58:37,230 INFO  ratis.XceiverServerRatis (XceiverServerRatis.java:start(418)) - Starting XceiverServerRatis b1adddb5-7b04-49be-8a43-ea6059f6d4ab at port 43063
2019-06-15 07:58:37,302 INFO  impl.RaftServerProxy (RaftServerProxy.java:lambda$start$3(299)) - b1adddb5-7b04-49be-8a43-ea6059f6d4ab: start RPC server
2019-06-15 07:58:37,428 INFO  ozone.MiniOzoneClusterImpl (MiniOzoneClusterImpl.java:lambda$waitForClusterToBeReady$0(142)) - Waiting for cluster to be ready. Got 0 of 6 DN Heartbeats.
2019-06-15 07:58:37,435 INFO  ozoneimpl.OzoneContainer (OzoneContainer.java:start(186)) - Attempting to start container services.
2019-06-15 07:58:37,436 INFO  ozoneimpl.OzoneContainer (OzoneContainer.java:startContainerScrub(160)) - Background container scrubber has been disabled by hdds.containerscrub.enabled
2019-06-15 07:58:37,436 INFO  ratis.XceiverServerRatis (XceiverServerRatis.java:start(418)) - Starting XceiverServerRatis 8c835ba7-14e7-4f36-9d60-083df8b328a4 at port 34893
2019-06-15 07:58:37,441 INFO  server.GrpcService (GrpcService.java:startImpl(148)) - b1adddb5-7b04-49be-8a43-ea6059f6d4ab: GrpcService started, listening on 0.0.0.0/0.0.0.0:43063
2019-06-15 07:58:37,474 INFO  impl.RaftServerProxy (RaftServerProxy.java:lambda$start$3(299)) - 8c835ba7-14e7-4f36-9d60-083df8b328a4: start RPC server
2019-06-15 07:58:37,478 INFO  server.GrpcService (GrpcService.java:startImpl(148)) - 8c835ba7-14e7-4f36-9d60-083df8b328a4: GrpcService started, listening on 0.0.0.0/0.0.0.0:34893
2019-06-15 07:58:37,658 INFO  ozoneimpl.OzoneContainer (OzoneContainer.java:start(186)) - Attempting to start container services.
2019-06-15 07:58:37,659 INFO  ozoneimpl.OzoneContainer (OzoneContainer.java:startContainerScrub(160)) - Background container scrubber has been disabled by hdds.containerscrub.enabled
2019-06-15 07:58:37,659 INFO  ratis.XceiverServerRatis (XceiverServerRatis.java:start(418)) - Starting XceiverServerRatis eaae07a7-f00d-4e92-91da-f9b2e9e96706 at port 40483
2019-06-15 07:58:37,671 INFO  impl.RaftServerProxy (RaftServerProxy.java:lambda$start$3(299)) - eaae07a7-f00d-4e92-91da-f9b2e9e96706: start RPC server
2019-06-15 07:58:37,672 INFO  server.GrpcService (GrpcService.java:startImpl(148)) - eaae07a7-f00d-4e92-91da-f9b2e9e96706: GrpcService started, listening on 0.0.0.0/0.0.0.0:40483
2019-06-15 07:58:37,884 INFO  ozoneimpl.OzoneContainer (OzoneContainer.java:start(186)) - Attempting to start container services.
2019-06-15 07:58:37,886 INFO  ozoneimpl.OzoneContainer (OzoneContainer.java:startContainerScrub(160)) - Background container scrubber has been disabled by hdds.containerscrub.enabled
2019-06-15 07:58:37,886 INFO  ratis.XceiverServerRatis (XceiverServerRatis.java:start(418)) - Starting XceiverServerRatis 93673937-2def-4aa5-a59e-fb1ab8c23445 at port 44541
2019-06-15 07:58:37,911 INFO  impl.RaftServerProxy (RaftServerProxy.java:lambda$start$3(299)) - 93673937-2def-4aa5-a59e-fb1ab8c23445: start RPC server
2019-06-15 07:58:37,913 INFO  server.GrpcService (GrpcService.java:startImpl(148)) - 93673937-2def-4aa5-a59e-fb1ab8c23445: GrpcService started, listening on 0.0.0.0/0.0.0.0:44541
2019-06-15 07:58:38,130 INFO  ozoneimpl.OzoneContainer (OzoneContainer.java:start(186)) - Attempting to start container services.
2019-06-15 07:58:38,132 INFO  ozoneimpl.OzoneContainer (OzoneContainer.java:startContainerScrub(160)) - Background container scrubber has been disabled by hdds.containerscrub.enabled
2019-06-15 07:58:38,132 INFO  ratis.XceiverServerRatis (XceiverServerRatis.java:start(418)) - Starting XceiverServerRatis 28c71c47-207f-442c-8a8f-f9949b8251b7 at port 44595
2019-06-15 07:58:38,175 INFO  impl.RaftServerProxy (RaftServerProxy.java:lambda$start$3(299)) - 28c71c47-207f-442c-8a8f-f9949b8251b7: start RPC server
2019-06-15 07:58:38,178 INFO  server.GrpcService (GrpcService.java:startImpl(148)) - 28c71c47-207f-442c-8a8f-f9949b8251b7: GrpcService started, listening on 0.0.0.0/0.0.0.0:44595
2019-06-15 07:58:38,428 INFO  ozone.MiniOzoneClusterImpl (MiniOzoneClusterImpl.java:lambda$waitForClusterToBeReady$0(142)) - Waiting for cluster to be ready. Got 0 of 6 DN Heartbeats.
2019-06-15 07:58:38,445 INFO  ozoneimpl.OzoneContainer (OzoneContainer.java:start(186)) - Attempting to start container services.
2019-06-15 07:58:38,447 INFO  ozoneimpl.OzoneContainer (OzoneContainer.java:startContainerScrub(160)) - Background container scrubber has been disabled by hdds.containerscrub.enabled
2019-06-15 07:58:38,447 INFO  ratis.XceiverServerRatis (XceiverServerRatis.java:start(418)) - Starting XceiverServerRatis ee7ba0e7-1b82-4b5c-aa4f-8a520c919098 at port 42131
2019-06-15 07:58:38,452 INFO  impl.RaftServerProxy (RaftServerProxy.java:lambda$start$3(299)) - ee7ba0e7-1b82-4b5c-aa4f-8a520c919098: start RPC server
2019-06-15 07:58:38,454 INFO  server.GrpcService (GrpcService.java:startImpl(148)) - ee7ba0e7-1b82-4b5c-aa4f-8a520c919098: GrpcService started, listening on 0.0.0.0/0.0.0.0:42131
2019-06-15 07:58:39,228 INFO  net.NetworkTopology (NetworkTopologyImpl.java:add(109)) - Added a new node: /default-rack/192.168.11.234
2019-06-15 07:58:39,229 INFO  node.SCMNodeManager (SCMNodeManager.java:register(269)) - Registered Data node : b1adddb5-7b04-49be-8a43-ea6059f6d4ab{ip: 192.168.11.234, host: ozone-unit-076618677d3-bfkx8-1659705209, networkLocation: /default-rack, certSerialId: null}
2019-06-15 07:58:39,235 INFO  safemode.SCMSafeModeManager (DataNodeSafeModeRule.java:process(71)) - SCM in safe mode. 1 DataNodes registered, 1 required.
2019-06-15 07:58:39,236 INFO  safemode.SCMSafeModeManager (SCMSafeModeManager.java:validateSafeModeExitRules(177)) - ScmSafeModeManager, all rules are successfully validated
2019-06-15 07:58:39,236 INFO  safemode.SCMSafeModeManager (SCMSafeModeManager.java:exitSafeMode(193)) - SCM exiting safe mode.
2019-06-15 07:58:39,429 INFO  ozone.MiniOzoneClusterImpl (MiniOzoneClusterImpl.java:lambda$waitForClusterToBeReady$0(142)) - Waiting for cluster to be ready. Got 1 of 6 DN Heartbeats.
2019-06-15 07:58:39,431 INFO  node.SCMNodeManager (SCMNodeManager.java:register(269)) - Registered Data node : 8c835ba7-14e7-4f36-9d60-083df8b328a4{ip: 192.168.11.234, host: ozone-unit-076618677d3-bfkx8-1659705209, networkLocation: /default-rack, certSerialId: null}
2019-06-15 07:58:39,658 INFO  impl.RaftServerProxy (RaftServerProxy.java:addNew(89)) - b1adddb5-7b04-49be-8a43-ea6059f6d4ab: addNew group-F8C4D059F41D:[b1adddb5-7b04-49be-8a43-ea6059f6d4ab:192.168.11.234:43063] returns group-F8C4D059F41D:java.util.concurrent.CompletableFuture@27239f52[Not completed]
2019-06-15 07:58:39,665 INFO  impl.RaftServerImpl (RaftServerImpl.java:<init>(91)) - b1adddb5-7b04-49be-8a43-ea6059f6d4ab: new RaftServerImpl for group-F8C4D059F41D:[b1adddb5-7b04-49be-8a43-ea6059f6d4ab:192.168.11.234:43063] with ContainerStateMachine:uninitialized
2019-06-15 07:58:39,666 INFO  node.SCMNodeManager (SCMNodeManager.java:register(269)) - Registered Data node : eaae07a7-f00d-4e92-91da-f9b2e9e96706{ip: 192.168.11.234, host: ozone-unit-076618677d3-bfkx8-1659705209, networkLocation: /default-rack, certSerialId: null}
2019-06-15 07:58:39,668 INFO  server.RaftServerConfigKeys (ConfUtils.java:logGet(43)) - raft.server.rpc.timeout.min = 1s (custom)
2019-06-15 07:58:39,668 INFO  server.RaftServerConfigKeys (ConfUtils.java:logGet(43)) - raft.server.rpc.timeout.max = 1200ms (custom)
2019-06-15 07:58:39,668 INFO  server.RaftServerConfigKeys (ConfUtils.java:logGet(43)) - raft.server.rpcslowness.timeout = 10s (custom)
2019-06-15 07:58:39,669 INFO  server.RaftServerConfigKeys (ConfUtils.java:logGet(43)) - raft.server.log.appender.install.snapshot.enabled = true (default)
2019-06-15 07:58:39,675 INFO  impl.RaftServerImpl (ServerState.java:<init>(101)) - b1adddb5-7b04-49be-8a43-ea6059f6d4ab:group-F8C4D059F41D ConfigurationManager, init=-1: [b1adddb5-7b04-49be-8a43-ea6059f6d4ab:192.168.11.234:43063], old=null, confs=<EMPTY_MAP>
2019-06-15 07:58:39,675 INFO  server.RaftServerConfigKeys (ConfUtils.java:logGet(43)) - raft.server.storage.dir = [/opt/src/hadoop-ozone/integration-test/target/test-dir/MiniOzoneClusterImpl-0171e5d3-dda2-4bdd-85bc-e8fa5233fb17/datanode-0/data/ratis] (custom)
2019-06-15 07:58:39,682 INFO  storage.RaftStorageDirectory (RaftStorageDirectory.java:analyzeStorage(246)) - The storage directory /opt/src/hadoop-ozone/integration-test/target/test-dir/MiniOzoneClusterImpl-0171e5d3-dda2-4bdd-85bc-e8fa5233fb17/datanode-0/data/ratis/9874e3b9-c227-46d8-b0b5-f8c4d059f41d does not exist. Creating ...
2019-06-15 07:58:39,692 INFO  storage.RaftStorageDirectory (RaftStorageDirectory.java:tryLock(328)) - Lock on /opt/src/hadoop-ozone/integration-test/target/test-dir/MiniOzoneClusterImpl-0171e5d3-dda2-4bdd-85bc-e8fa5233fb17/datanode-0/data/ratis/9874e3b9-c227-46d8-b0b5-f8c4d059f41d/in_use.lock acquired by nodename 10155@ozone-unit-076618677d3-bfkx8-1659705209
2019-06-15 07:58:39,696 INFO  storage.RaftStorage (RaftStorage.java:format(75)) - Storage directory /opt/src/hadoop-ozone/integration-test/target/test-dir/MiniOzoneClusterImpl-0171e5d3-dda2-4bdd-85bc-e8fa5233fb17/datanode-0/data/ratis/9874e3b9-c227-46d8-b0b5-f8c4d059f41d has been successfully formatted.
2019-06-15 07:58:39,698 INFO  ratis.ContainerStateMachine (ContainerStateMachine.java:loadSnapshot(199)) - The snapshot info is null.Setting the last applied index to:(t:0, i:~)
2019-06-15 07:58:39,698 INFO  server.RaftServerConfigKeys (ConfUtils.java:logGet(43)) - raft.server.leader.election.timeout = 10s (custom)
2019-06-15 07:58:39,700 INFO  server.RaftServerConfigKeys (ConfUtils.java:logGet(43)) - raft.server.log.use.memory = false (default)
2019-06-15 07:58:39,702 INFO  server.RaftServerConfigKeys (ConfUtils.java:logGet(43)) - raft.server.log.appender.buffer.byte-limit = 33554432 (custom)
2019-06-15 07:58:39,706 INFO  server.RaftServerConfigKeys (ConfUtils.java:logGet(43)) - raft.server.log.segment.size.max = 16384 (custom)
2019-06-15 07:58:39,862 INFO  server.RaftServerConfigKeys (ConfUtils.java:logGet(43)) - raft.server.log.segment.cache.num.max = 2 (custom)
2019-06-15 07:58:39,866 INFO  storage.RaftLogWorker (RaftLogWorker.java:<init>(123)) - new b1adddb5-7b04-49be-8a43-ea6059f6d4ab-RaftLogWorker for Storage Directory /opt/src/hadoop-ozone/integration-test/target/test-dir/MiniOzoneClusterImpl-0171e5d3-dda2-4bdd-85bc-e8fa5233fb17/datanode-0/data/ratis/9874e3b9-c227-46d8-b0b5-f8c4d059f41d
2019-06-15 07:58:39,866 INFO  server.RaftServerConfigKeys (ConfUtils.java:logGet(43)) - raft.server.log.queue.byte-limit = 2147483647 (custom)
2019-06-15 07:58:39,868 INFO  server.RaftServerConfigKeys (ConfUtils.java:logGet(43)) - raft.server.log.queue.element-limit = 1024 (custom)
2019-06-15 07:58:39,872 INFO  server.RaftServerConfigKeys (ConfUtils.java:logGet(43)) - raft.server.log.segment.size.max = 16384 (custom)
2019-06-15 07:58:39,872 INFO  server.RaftServerConfigKeys (ConfUtils.java:logGet(43)) - raft.server.log.preallocated.size = 16384 (custom)
2019-06-15 07:58:39,873 INFO  server.RaftServerConfigKeys (ConfUtils.java:logGet(43)) - raft.server.log.write.buffer.size = 33554432 (custom)
2019-06-15 07:58:39,873 INFO  server.RaftServerConfigKeys (ConfUtils.java:logGet(43)) - raft.server.log.force.sync.num = 128 (default)
2019-06-15 07:58:39,874 INFO  server.RaftServerConfigKeys (ConfUtils.java:logGet(43)) - raft.server.log.statemachine.data.sync = true (default)
2019-06-15 07:58:39,874 INFO  server.RaftServerConfigKeys (ConfUtils.java:logGet(43)) - raft.server.log.statemachine.data.sync.timeout = 10s (default)
2019-06-15 07:58:39,874 INFO  server.RaftServerConfigKeys (ConfUtils.java:logGet(43)) - raft.server.log.statemachine.data.sync.timeout.retry = -1 (default)
2019-06-15 07:58:39,877 INFO  server.RaftServerConfigKeys (ConfUtils.java:logGet(43)) - raft.server.log.statemachine.data.caching.enabled = true (custom)
2019-06-15 07:58:39,891 INFO  node.SCMNodeManager (SCMNodeManager.java:register(269)) - Registered Data node : 93673937-2def-4aa5-a59e-fb1ab8c23445{ip: 192.168.11.234, host: ozone-unit-076618677d3-bfkx8-1659705209, networkLocation: /default-rack, certSerialId: null}
2019-06-15 07:58:39,897 INFO  server.RaftServerConfigKeys (ConfUtils.java:logGet(43)) - raft.server.snapshot.auto.trigger.enabled = true (custom)
2019-06-15 07:58:39,898 INFO  server.RaftServerConfigKeys (ConfUtils.java:logGet(43)) - raft.server.snapshot.auto.trigger.threshold = 10000 (custom)
2019-06-15 07:58:39,898 INFO  server.RaftServerConfigKeys (ConfUtils.java:logGet(43)) - raft.server.retrycache.expirytime = 600000ms (custom)
2019-06-15 07:58:39,912 INFO  impl.RaftServerImpl (RaftServerImpl.java:start(173)) - b1adddb5-7b04-49be-8a43-ea6059f6d4ab: start group-F8C4D059F41D
2019-06-15 07:58:39,913 INFO  impl.RaftServerImpl (RaftServerImpl.java:setRole(164)) - b1adddb5-7b04-49be-8a43-ea6059f6d4ab:group-F8C4D059F41D changes role from null to FOLLOWER at term 0 for startAsFollower
2019-06-15 07:58:39,914 INFO  impl.RoleInfo (RoleInfo.java:updateAndGet(143)) - b1adddb5-7b04-49be-8a43-ea6059f6d4ab: start FollowerState
2019-06-15 07:58:39,915 INFO  util.JmxRegister (JmxRegister.java:tryRegister(44)) - Successfully registered JMX Bean with object name Ratis:service=RaftServer,group=group-F8C4D059F41D,id=b1adddb5-7b04-49be-8a43-ea6059f6d4ab
2019-06-15 07:58:39,951 INFO  pipeline.PipelineStateManager (PipelineStateManager.java:addPipeline(56)) - Created pipeline Pipeline[ Id: 9874e3b9-c227-46d8-b0b5-f8c4d059f41d, Nodes: b1adddb5-7b04-49be-8a43-ea6059f6d4ab{ip: 192.168.11.234, host: ozone-unit-076618677d3-bfkx8-1659705209, networkLocation: /default-rack, certSerialId: null}, Type:RATIS, Factor:ONE, State:OPEN]
2019-06-15 07:58:39,987 INFO  impl.RaftServerProxy (RaftServerProxy.java:addNew(89)) - eaae07a7-f00d-4e92-91da-f9b2e9e96706: addNew group-4AC200FAC97F:[eaae07a7-f00d-4e92-91da-f9b2e9e96706:192.168.11.234:40483] returns group-4AC200FAC97F:java.util.concurrent.CompletableFuture@91bc9a4[Not completed]
2019-06-15 07:58:39,988 INFO  impl.RaftServerImpl (RaftServerImpl.java:<init>(91)) - eaae07a7-f00d-4e92-91da-f9b2e9e96706: new RaftServerImpl for group-4AC200FAC97F:[eaae07a7-f00d-4e92-91da-f9b2e9e96706:192.168.11.234:40483] with ContainerStateMachine:uninitialized
2019-06-15 07:58:39,988 INFO  server.RaftServerConfigKeys (ConfUtils.java:logGet(43)) - raft.server.rpc.timeout.min = 1s (custom)
2019-06-15 07:58:39,988 INFO  server.RaftServerConfigKeys (ConfUtils.java:logGet(43)) - raft.server.rpc.timeout.max = 1200ms (custom)
2019-06-15 07:58:39,989 INFO  server.RaftServerConfigKeys (ConfUtils.java:logGet(43)) - raft.server.rpcslowness.timeout = 10s (custom)
2019-06-15 07:58:39,989 INFO  server.RaftServerConfigKeys (ConfUtils.java:logGet(43)) - raft.server.log.appender.install.snapshot.enabled = true (default)
2019-06-15 07:58:39,989 INFO  impl.RaftServerImpl (ServerState.java:<init>(101)) - eaae07a7-f00d-4e92-91da-f9b2e9e96706:group-4AC200FAC97F ConfigurationManager, init=-1: [eaae07a7-f00d-4e92-91da-f9b2e9e96706:192.168.11.234:40483], old=null, confs=<EMPTY_MAP>
2019-06-15 07:58:39,989 INFO  server.RaftServerConfigKeys (ConfUtils.java:logGet(43)) - raft.server.storage.dir = [/opt/src/hadoop-ozone/integration-test/target/test-dir/MiniOzoneClusterImpl-0171e5d3-dda2-4bdd-85bc-e8fa5233fb17/datanode-2/data/ratis] (custom)
2019-06-15 07:58:39,989 INFO  storage.RaftStorageDirectory (RaftStorageDirectory.java:analyzeStorage(246)) - The storage directory /opt/src/hadoop-ozone/integration-test/target/test-dir/MiniOzoneClusterImpl-0171e5d3-dda2-4bdd-85bc-e8fa5233fb17/datanode-2/data/ratis/f6c87e02-50f1-47ce-95b9-4ac200fac97f does not exist. Creating ...
2019-06-15 07:58:39,993 INFO  storage.RaftStorageDirectory (RaftStorageDirectory.java:tryLock(328)) - Lock on /opt/src/hadoop-ozone/integration-test/target/test-dir/MiniOzoneClusterImpl-0171e5d3-dda2-4bdd-85bc-e8fa5233fb17/datanode-2/data/ratis/f6c87e02-50f1-47ce-95b9-4ac200fac97f/in_use.lock acquired by nodename 10155@ozone-unit-076618677d3-bfkx8-1659705209
2019-06-15 07:58:39,995 INFO  storage.RaftStorage (RaftStorage.java:format(75)) - Storage directory /opt/src/hadoop-ozone/integration-test/target/test-dir/MiniOzoneClusterImpl-0171e5d3-dda2-4bdd-85bc-e8fa5233fb17/datanode-2/data/ratis/f6c87e02-50f1-47ce-95b9-4ac200fac97f has been successfully formatted.
2019-06-15 07:58:39,995 INFO  ratis.ContainerStateMachine (ContainerStateMachine.java:loadSnapshot(199)) - The snapshot info is null.Setting the last applied index to:(t:0, i:~)
2019-06-15 07:58:39,995 INFO  server.RaftServerConfigKeys (ConfUtils.java:logGet(43)) - raft.server.leader.election.timeout = 10s (custom)
2019-06-15 07:58:39,996 INFO  server.RaftServerConfigKeys (ConfUtils.java:logGet(43)) - raft.server.log.use.memory = false (default)
2019-06-15 07:58:39,996 INFO  server.RaftServerConfigKeys (ConfUtils.java:logGet(43)) - raft.server.log.appender.buffer.byte-limit = 33554432 (custom)
2019-06-15 07:58:39,996 INFO  server.RaftServerConfigKeys (ConfUtils.java:logGet(43)) - raft.server.log.segment.size.max = 16384 (custom)
2019-06-15 07:58:39,996 INFO  server.RaftServerConfigKeys (ConfUtils.java:logGet(43)) - raft.server.log.segment.cache.num.max = 2 (custom)
2019-06-15 07:58:39,996 INFO  storage.RaftLogWorker (RaftLogWorker.java:<init>(123)) - new eaae07a7-f00d-4e92-91da-f9b2e9e96706-RaftLogWorker for Storage Directory /opt/src/hadoop-ozone/integration-test/target/test-dir/MiniOzoneClusterImpl-0171e5d3-dda2-4bdd-85bc-e8fa5233fb17/datanode-2/data/ratis/f6c87e02-50f1-47ce-95b9-4ac200fac97f
2019-06-15 07:58:39,997 INFO  server.RaftServerConfigKeys (ConfUtils.java:logGet(43)) - raft.server.log.queue.byte-limit = 2147483647 (custom)
2019-06-15 07:58:39,997 INFO  server.RaftServerConfigKeys (ConfUtils.java:logGet(43)) - raft.server.log.queue.element-limit = 1024 (custom)
2019-06-15 07:58:39,997 INFO  server.RaftServerConfigKeys (ConfUtils.java:logGet(43)) - raft.server.log.segment.size.max = 16384 (custom)
2019-06-15 07:58:39,997 INFO  server.RaftServerConfigKeys (ConfUtils.java:logGet(43)) - raft.server.log.preallocated.size = 16384 (custom)
2019-06-15 07:58:39,997 INFO  server.RaftServerConfigKeys (ConfUtils.java:logGet(43)) - raft.server.log.write.buffer.size = 33554432 (custom)
2019-06-15 07:58:39,997 INFO  server.RaftServerConfigKeys (ConfUtils.java:logGet(43)) - raft.server.log.force.sync.num = 128 (default)
2019-06-15 07:58:39,998 INFO  server.RaftServerConfigKeys (ConfUtils.java:logGet(43)) - raft.server.log.statemachine.data.sync = true (default)
2019-06-15 07:58:39,998 INFO  server.RaftServerConfigKeys (ConfUtils.java:logGet(43)) - raft.server.log.statemachine.data.sync.timeout = 10s (default)
2019-06-15 07:58:39,998 INFO  server.RaftServerConfigKeys (ConfUtils.java:logGet(43)) - raft.server.log.statemachine.data.sync.timeout.retry = -1 (default)
2019-06-15 07:58:39,998 INFO  server.RaftServerConfigKeys (ConfUtils.java:logGet(43)) - raft.server.log.statemachine.data.caching.enabled = true (custom)
2019-06-15 07:58:39,999 INFO  server.RaftServerConfigKeys (ConfUtils.java:logGet(43)) - raft.server.snapshot.auto.trigger.enabled = true (custom)
2019-06-15 07:58:39,999 INFO  server.RaftServerConfigKeys (ConfUtils.java:logGet(43)) - raft.server.snapshot.auto.trigger.threshold = 10000 (custom)
2019-06-15 07:58:39,999 INFO  server.RaftServerConfigKeys (ConfUtils.java:logGet(43)) - raft.server.retrycache.expirytime = 600000ms (custom)
2019-06-15 07:58:39,999 INFO  impl.RaftServerImpl (RaftServerImpl.java:start(173)) - eaae07a7-f00d-4e92-91da-f9b2e9e96706: start group-4AC200FAC97F
2019-06-15 07:58:39,999 INFO  impl.RaftServerImpl (RaftServerImpl.java:setRole(164)) - eaae07a7-f00d-4e92-91da-f9b2e9e96706:group-4AC200FAC97F changes role from null to FOLLOWER at term 0 for startAsFollower
2019-06-15 07:58:39,999 INFO  impl.RoleInfo (RoleInfo.java:updateAndGet(143)) - eaae07a7-f00d-4e92-91da-f9b2e9e96706: start FollowerState
2019-06-15 07:58:40,007 INFO  util.JmxRegister (JmxRegister.java:tryRegister(44)) - Successfully registered JMX Bean with object name Ratis:service=RaftServer,group=group-4AC200FAC97F,id=eaae07a7-f00d-4e92-91da-f9b2e9e96706
2019-06-15 07:58:40,029 INFO  pipeline.PipelineStateManager (PipelineStateManager.java:addPipeline(56)) - Created pipeline Pipeline[ Id: f6c87e02-50f1-47ce-95b9-4ac200fac97f, Nodes: eaae07a7-f00d-4e92-91da-f9b2e9e96706{ip: 192.168.11.234, host: ozone-unit-076618677d3-bfkx8-1659705209, networkLocation: /default-rack, certSerialId: null}, Type:RATIS, Factor:ONE, State:OPEN]
2019-06-15 07:58:40,043 INFO  impl.RaftServerProxy (RaftServerProxy.java:addNew(89)) - 93673937-2def-4aa5-a59e-fb1ab8c23445: addNew group-6F9373645260:[93673937-2def-4aa5-a59e-fb1ab8c23445:192.168.11.234:44541] returns group-6F9373645260:java.util.concurrent.CompletableFuture@3126288b[Not completed]
2019-06-15 07:58:40,067 INFO  impl.RaftServerImpl (RaftServerImpl.java:<init>(91)) - 93673937-2def-4aa5-a59e-fb1ab8c23445: new RaftServerImpl for group-6F9373645260:[93673937-2def-4aa5-a59e-fb1ab8c23445:192.168.11.234:44541] with ContainerStateMachine:uninitialized
2019-06-15 07:58:40,067 INFO  server.RaftServerConfigKeys (ConfUtils.java:logGet(43)) - raft.server.rpc.timeout.min = 1s (custom)
2019-06-15 07:58:40,067 INFO  server.RaftServerConfigKeys (ConfUtils.java:logGet(43)) - raft.server.rpc.timeout.max = 1200ms (custom)
2019-06-15 07:58:40,067 INFO  server.RaftServerConfigKeys (ConfUtils.java:logGet(43)) - raft.server.rpcslowness.timeout = 10s (custom)
2019-06-15 07:58:40,067 INFO  server.RaftServerConfigKeys (ConfUtils.java:logGet(43)) - raft.server.log.appender.install.snapshot.enabled = true (default)
2019-06-15 07:58:40,067 INFO  impl.RaftServerImpl (ServerState.java:<init>(101)) - 93673937-2def-4aa5-a59e-fb1ab8c23445:group-6F9373645260 ConfigurationManager, init=-1: [93673937-2def-4aa5-a59e-fb1ab8c23445:192.168.11.234:44541], old=null, confs=<EMPTY_MAP>
2019-06-15 07:58:40,067 INFO  server.RaftServerConfigKeys (ConfUtils.java:logGet(43)) - raft.server.storage.dir = [/opt/src/hadoop-ozone/integration-test/target/test-dir/MiniOzoneClusterImpl-0171e5d3-dda2-4bdd-85bc-e8fa5233fb17/datanode-3/data/ratis] (custom)
2019-06-15 07:58:40,068 INFO  storage.RaftStorageDirectory (RaftStorageDirectory.java:analyzeStorage(246)) - The storage directory /opt/src/hadoop-ozone/integration-test/target/test-dir/MiniOzoneClusterImpl-0171e5d3-dda2-4bdd-85bc-e8fa5233fb17/datanode-3/data/ratis/dcf9d2ab-530a-4def-83f2-6f9373645260 does not exist. Creating ...
2019-06-15 07:58:40,072 INFO  storage.RaftStorageDirectory (RaftStorageDirectory.java:tryLock(328)) - Lock on /opt/src/hadoop-ozone/integration-test/target/test-dir/MiniOzoneClusterImpl-0171e5d3-dda2-4bdd-85bc-e8fa5233fb17/datanode-3/data/ratis/dcf9d2ab-530a-4def-83f2-6f9373645260/in_use.lock acquired by nodename 10155@ozone-unit-076618677d3-bfkx8-1659705209
2019-06-15 07:58:40,074 INFO  storage.RaftStorage (RaftStorage.java:format(75)) - Storage directory /opt/src/hadoop-ozone/integration-test/target/test-dir/MiniOzoneClusterImpl-0171e5d3-dda2-4bdd-85bc-e8fa5233fb17/datanode-3/data/ratis/dcf9d2ab-530a-4def-83f2-6f9373645260 has been successfully formatted.
2019-06-15 07:58:40,075 INFO  ratis.ContainerStateMachine (ContainerStateMachine.java:loadSnapshot(199)) - The snapshot info is null.Setting the last applied index to:(t:0, i:~)
2019-06-15 07:58:40,076 INFO  server.RaftServerConfigKeys (ConfUtils.java:logGet(43)) - raft.server.leader.election.timeout = 10s (custom)
2019-06-15 07:58:40,076 INFO  server.RaftServerConfigKeys (ConfUtils.java:logGet(43)) - raft.server.log.use.memory = false (default)
2019-06-15 07:58:40,076 INFO  server.RaftServerConfigKeys (ConfUtils.java:logGet(43)) - raft.server.log.appender.buffer.byte-limit = 33554432 (custom)
2019-06-15 07:58:40,076 INFO  server.RaftServerConfigKeys (ConfUtils.java:logGet(43)) - raft.server.log.segment.size.max = 16384 (custom)
2019-06-15 07:58:40,076 INFO  server.RaftServerConfigKeys (ConfUtils.java:logGet(43)) - raft.server.log.segment.cache.num.max = 2 (custom)
2019-06-15 07:58:40,076 INFO  storage.RaftLogWorker (RaftLogWorker.java:<init>(123)) - new 93673937-2def-4aa5-a59e-fb1ab8c23445-RaftLogWorker for Storage Directory /opt/src/hadoop-ozone/integration-test/target/test-dir/MiniOzoneClusterImpl-0171e5d3-dda2-4bdd-85bc-e8fa5233fb17/datanode-3/data/ratis/dcf9d2ab-530a-4def-83f2-6f9373645260
2019-06-15 07:58:40,077 INFO  server.RaftServerConfigKeys (ConfUtils.java:logGet(43)) - raft.server.log.queue.byte-limit = 2147483647 (custom)
2019-06-15 07:58:40,077 INFO  server.RaftServerConfigKeys (ConfUtils.java:logGet(43)) - raft.server.log.queue.element-limit = 1024 (custom)
2019-06-15 07:58:40,077 INFO  server.RaftServerConfigKeys (ConfUtils.java:logGet(43)) - raft.server.log.segment.size.max = 16384 (custom)
2019-06-15 07:58:40,077 INFO  server.RaftServerConfigKeys (ConfUtils.java:logGet(43)) - raft.server.log.preallocated.size = 16384 (custom)
2019-06-15 07:58:40,077 INFO  server.RaftServerConfigKeys (ConfUtils.java:logGet(43)) - raft.server.log.write.buffer.size = 33554432 (custom)
2019-06-15 07:58:40,077 INFO  server.RaftServerConfigKeys (ConfUtils.java:logGet(43)) - raft.server.log.force.sync.num = 128 (default)
2019-06-15 07:58:40,077 INFO  server.RaftServerConfigKeys (ConfUtils.java:logGet(43)) - raft.server.log.statemachine.data.sync = true (default)
2019-06-15 07:58:40,077 INFO  server.RaftServerConfigKeys (ConfUtils.java:logGet(43)) - raft.server.log.statemachine.data.sync.timeout = 10s (default)
2019-06-15 07:58:40,077 INFO  server.RaftServerConfigKeys (ConfUtils.java:logGet(43)) - raft.server.log.statemachine.data.sync.timeout.retry = -1 (default)
2019-06-15 07:58:40,077 INFO  server.RaftServerConfigKeys (ConfUtils.java:logGet(43)) - raft.server.log.statemachine.data.caching.enabled = true (custom)
2019-06-15 07:58:40,078 INFO  server.RaftServerConfigKeys (ConfUtils.java:logGet(43)) - raft.server.snapshot.auto.trigger.enabled = true (custom)
2019-06-15 07:58:40,078 INFO  server.RaftServerConfigKeys (ConfUtils.java:logGet(43)) - raft.server.snapshot.auto.trigger.threshold = 10000 (custom)
2019-06-15 07:58:40,078 INFO  server.RaftServerConfigKeys (ConfUtils.java:logGet(43)) - raft.server.retrycache.expirytime = 600000ms (custom)
2019-06-15 07:58:40,078 INFO  impl.RaftServerImpl (RaftServerImpl.java:start(173)) - 93673937-2def-4aa5-a59e-fb1ab8c23445: start group-6F9373645260
2019-06-15 07:58:40,078 INFO  impl.RaftServerImpl (RaftServerImpl.java:setRole(164)) - 93673937-2def-4aa5-a59e-fb1ab8c23445:group-6F9373645260 changes role from null to FOLLOWER at term 0 for startAsFollower
2019-06-15 07:58:40,078 INFO  impl.RoleInfo (RoleInfo.java:updateAndGet(143)) - 93673937-2def-4aa5-a59e-fb1ab8c23445: start FollowerState
2019-06-15 07:58:40,079 INFO  util.JmxRegister (JmxRegister.java:tryRegister(44)) - Successfully registered JMX Bean with object name Ratis:service=RaftServer,group=group-6F9373645260,id=93673937-2def-4aa5-a59e-fb1ab8c23445
2019-06-15 07:58:40,090 INFO  pipeline.PipelineStateManager (PipelineStateManager.java:addPipeline(56)) - Created pipeline Pipeline[ Id: dcf9d2ab-530a-4def-83f2-6f9373645260, Nodes: 93673937-2def-4aa5-a59e-fb1ab8c23445{ip: 192.168.11.234, host: ozone-unit-076618677d3-bfkx8-1659705209, networkLocation: /default-rack, certSerialId: null}, Type:RATIS, Factor:ONE, State:OPEN]
2019-06-15 07:58:40,115 INFO  impl.RaftServerProxy (RaftServerProxy.java:addNew(89)) - 8c835ba7-14e7-4f36-9d60-083df8b328a4: addNew group-DD815D7B67BC:[8c835ba7-14e7-4f36-9d60-083df8b328a4:192.168.11.234:34893] returns group-DD815D7B67BC:java.util.concurrent.CompletableFuture@16abe346[Not completed]
2019-06-15 07:58:40,119 INFO  impl.RaftServerImpl (RaftServerImpl.java:<init>(91)) - 8c835ba7-14e7-4f36-9d60-083df8b328a4: new RaftServerImpl for group-DD815D7B67BC:[8c835ba7-14e7-4f36-9d60-083df8b328a4:192.168.11.234:34893] with ContainerStateMachine:uninitialized
2019-06-15 07:58:40,120 INFO  server.RaftServerConfigKeys (ConfUtils.java:logGet(43)) - raft.server.rpc.timeout.min = 1s (custom)
2019-06-15 07:58:40,120 INFO  server.RaftServerConfigKeys (ConfUtils.java:logGet(43)) - raft.server.rpc.timeout.max = 1200ms (custom)
2019-06-15 07:58:40,120 INFO  server.RaftServerConfigKeys (ConfUtils.java:logGet(43)) - raft.server.rpcslowness.timeout = 10s (custom)
2019-06-15 07:58:40,120 INFO  server.RaftServerConfigKeys (ConfUtils.java:logGet(43)) - raft.server.log.appender.install.snapshot.enabled = true (default)
2019-06-15 07:58:40,120 INFO  impl.RaftServerImpl (ServerState.java:<init>(101)) - 8c835ba7-14e7-4f36-9d60-083df8b328a4:group-DD815D7B67BC ConfigurationManager, init=-1: [8c835ba7-14e7-4f36-9d60-083df8b328a4:192.168.11.234:34893], old=null, confs=<EMPTY_MAP>
2019-06-15 07:58:40,120 INFO  server.RaftServerConfigKeys (ConfUtils.java:logGet(43)) - raft.server.storage.dir = [/opt/src/hadoop-ozone/integration-test/target/test-dir/MiniOzoneClusterImpl-0171e5d3-dda2-4bdd-85bc-e8fa5233fb17/datanode-1/data/ratis] (custom)
2019-06-15 07:58:40,121 INFO  storage.RaftStorageDirectory (RaftStorageDirectory.java:analyzeStorage(246)) - The storage directory /opt/src/hadoop-ozone/integration-test/target/test-dir/MiniOzoneClusterImpl-0171e5d3-dda2-4bdd-85bc-e8fa5233fb17/datanode-1/data/ratis/cec454ff-f414-476c-886e-dd815d7b67bc does not exist. Creating ...
2019-06-15 07:58:40,124 INFO  storage.RaftStorageDirectory (RaftStorageDirectory.java:tryLock(328)) - Lock on /opt/src/hadoop-ozone/integration-test/target/test-dir/MiniOzoneClusterImpl-0171e5d3-dda2-4bdd-85bc-e8fa5233fb17/datanode-1/data/ratis/cec454ff-f414-476c-886e-dd815d7b67bc/in_use.lock acquired by nodename 10155@ozone-unit-076618677d3-bfkx8-1659705209
2019-06-15 07:58:40,127 INFO  node.SCMNodeManager (SCMNodeManager.java:register(269)) - Registered Data node : 28c71c47-207f-442c-8a8f-f9949b8251b7{ip: 192.168.11.234, host: ozone-unit-076618677d3-bfkx8-1659705209, networkLocation: /default-rack, certSerialId: null}
2019-06-15 07:58:40,127 INFO  storage.RaftStorage (RaftStorage.java:format(75)) - Storage directory /opt/src/hadoop-ozone/integration-test/target/test-dir/MiniOzoneClusterImpl-0171e5d3-dda2-4bdd-85bc-e8fa5233fb17/datanode-1/data/ratis/cec454ff-f414-476c-886e-dd815d7b67bc has been successfully formatted.
2019-06-15 07:58:40,127 INFO  ratis.ContainerStateMachine (ContainerStateMachine.java:loadSnapshot(199)) - The snapshot info is null.Setting the last applied index to:(t:0, i:~)
2019-06-15 07:58:40,127 INFO  server.RaftServerConfigKeys (ConfUtils.java:logGet(43)) - raft.server.leader.election.timeout = 10s (custom)
2019-06-15 07:58:40,127 INFO  server.RaftServerConfigKeys (ConfUtils.java:logGet(43)) - raft.server.log.use.memory = false (default)
2019-06-15 07:58:40,127 INFO  server.RaftServerConfigKeys (ConfUtils.java:logGet(43)) - raft.server.log.appender.buffer.byte-limit = 33554432 (custom)
2019-06-15 07:58:40,128 INFO  server.RaftServerConfigKeys (ConfUtils.java:logGet(43)) - raft.server.log.segment.size.max = 16384 (custom)
2019-06-15 07:58:40,128 INFO  server.RaftServerConfigKeys (ConfUtils.java:logGet(43)) - raft.server.log.segment.cache.num.max = 2 (custom)
2019-06-15 07:58:40,128 INFO  storage.RaftLogWorker (RaftLogWorker.java:<init>(123)) - new 8c835ba7-14e7-4f36-9d60-083df8b328a4-RaftLogWorker for Storage Directory /opt/src/hadoop-ozone/integration-test/target/test-dir/MiniOzoneClusterImpl-0171e5d3-dda2-4bdd-85bc-e8fa5233fb17/datanode-1/data/ratis/cec454ff-f414-476c-886e-dd815d7b67bc
2019-06-15 07:58:40,128 INFO  server.RaftServerConfigKeys (ConfUtils.java:logGet(43)) - raft.server.log.queue.byte-limit = 2147483647 (custom)
2019-06-15 07:58:40,128 INFO  server.RaftServerConfigKeys (ConfUtils.java:logGet(43)) - raft.server.log.queue.element-limit = 1024 (custom)
2019-06-15 07:58:40,128 INFO  server.RaftServerConfigKeys (ConfUtils.java:logGet(43)) - raft.server.log.segment.size.max = 16384 (custom)
2019-06-15 07:58:40,128 INFO  server.RaftServerConfigKeys (ConfUtils.java:logGet(43)) - raft.server.log.preallocated.size = 16384 (custom)
2019-06-15 07:58:40,128 INFO  server.RaftServerConfigKeys (ConfUtils.java:logGet(43)) - raft.server.log.write.buffer.size = 33554432 (custom)
2019-06-15 07:58:40,129 INFO  server.RaftServerConfigKeys (ConfUtils.java:logGet(43)) - raft.server.log.force.sync.num = 128 (default)
2019-06-15 07:58:40,129 INFO  server.RaftServerConfigKeys (ConfUtils.java:logGet(43)) - raft.server.log.statemachine.data.sync = true (default)
2019-06-15 07:58:40,129 INFO  server.RaftServerConfigKeys (ConfUtils.java:logGet(43)) - raft.server.log.statemachine.data.sync.timeout = 10s (default)
2019-06-15 07:58:40,129 INFO  server.RaftServerConfigKeys (ConfUtils.java:logGet(43)) - raft.server.log.statemachine.data.sync.timeout.retry = -1 (default)
2019-06-15 07:58:40,129 INFO  server.RaftServerConfigKeys (ConfUtils.java:logGet(43)) - raft.server.log.statemachine.data.caching.enabled = true (custom)
2019-06-15 07:58:40,130 INFO  server.RaftServerConfigKeys (ConfUtils.java:logGet(43)) - raft.server.snapshot.auto.trigger.enabled = true (custom)
2019-06-15 07:58:40,130 INFO  server.RaftServerConfigKeys (ConfUtils.java:logGet(43)) - raft.server.snapshot.auto.trigger.threshold = 10000 (custom)
2019-06-15 07:58:40,130 INFO  server.RaftServerConfigKeys (ConfUtils.java:logGet(43)) - raft.server.retrycache.expirytime = 600000ms (custom)
2019-06-15 07:58:40,130 INFO  impl.RaftServerImpl (RaftServerImpl.java:start(173)) - 8c835ba7-14e7-4f36-9d60-083df8b328a4: start group-DD815D7B67BC
2019-06-15 07:58:40,130 INFO  impl.RaftServerImpl (RaftServerImpl.java:setRole(164)) - 8c835ba7-14e7-4f36-9d60-083df8b328a4:group-DD815D7B67BC changes role from null to FOLLOWER at term 0 for startAsFollower
2019-06-15 07:58:40,131 INFO  impl.RoleInfo (RoleInfo.java:updateAndGet(143)) - 8c835ba7-14e7-4f36-9d60-083df8b328a4: start FollowerState
2019-06-15 07:58:40,135 INFO  util.JmxRegister (JmxRegister.java:tryRegister(44)) - Successfully registered JMX Bean with object name Ratis:service=RaftServer,group=group-DD815D7B67BC,id=8c835ba7-14e7-4f36-9d60-083df8b328a4
2019-06-15 07:58:40,159 INFO  pipeline.PipelineStateManager (PipelineStateManager.java:addPipeline(56)) - Created pipeline Pipeline[ Id: cec454ff-f414-476c-886e-dd815d7b67bc, Nodes: 8c835ba7-14e7-4f36-9d60-083df8b328a4{ip: 192.168.11.234, host: ozone-unit-076618677d3-bfkx8-1659705209, networkLocation: /default-rack, certSerialId: null}, Type:RATIS, Factor:ONE, State:OPEN]
2019-06-15 07:58:40,179 INFO  impl.RaftServerProxy (RaftServerProxy.java:addNew(89)) - 28c71c47-207f-442c-8a8f-f9949b8251b7: addNew group-B4CEA0601CB5:[28c71c47-207f-442c-8a8f-f9949b8251b7:192.168.11.234:44595] returns group-B4CEA0601CB5:java.util.concurrent.CompletableFuture@45e24a81[Not completed]
2019-06-15 07:58:40,179 INFO  impl.RaftServerImpl (RaftServerImpl.java:<init>(91)) - 28c71c47-207f-442c-8a8f-f9949b8251b7: new RaftServerImpl for group-B4CEA0601CB5:[28c71c47-207f-442c-8a8f-f9949b8251b7:192.168.11.234:44595] with ContainerStateMachine:uninitialized
2019-06-15 07:58:40,179 INFO  server.RaftServerConfigKeys (ConfUtils.java:logGet(43)) - raft.server.rpc.timeout.min = 1s (custom)
2019-06-15 07:58:40,180 INFO  server.RaftServerConfigKeys (ConfUtils.java:logGet(43)) - raft.server.rpc.timeout.max = 1200ms (custom)
2019-06-15 07:58:40,180 INFO  server.RaftServerConfigKeys (ConfUtils.java:logGet(43)) - raft.server.rpcslowness.timeout = 10s (custom)
2019-06-15 07:58:40,180 INFO  server.RaftServerConfigKeys (ConfUtils.java:logGet(43)) - raft.server.log.appender.install.snapshot.enabled = true (default)
2019-06-15 07:58:40,180 INFO  impl.RaftServerImpl (ServerState.java:<init>(101)) - 28c71c47-207f-442c-8a8f-f9949b8251b7:group-B4CEA0601CB5 ConfigurationManager, init=-1: [28c71c47-207f-442c-8a8f-f9949b8251b7:192.168.11.234:44595], old=null, confs=<EMPTY_MAP>
2019-06-15 07:58:40,180 INFO  server.RaftServerConfigKeys (ConfUtils.java:logGet(43)) - raft.server.storage.dir = [/opt/src/hadoop-ozone/integration-test/target/test-dir/MiniOzoneClusterImpl-0171e5d3-dda2-4bdd-85bc-e8fa5233fb17/datanode-4/data/ratis] (custom)
2019-06-15 07:58:40,180 INFO  storage.RaftStorageDirectory (RaftStorageDirectory.java:analyzeStorage(246)) - The storage directory /opt/src/hadoop-ozone/integration-test/target/test-dir/MiniOzoneClusterImpl-0171e5d3-dda2-4bdd-85bc-e8fa5233fb17/datanode-4/data/ratis/1aadc0d8-875c-4c4e-ba83-b4cea0601cb5 does not exist. Creating ...
2019-06-15 07:58:40,183 INFO  storage.RaftStorageDirectory (RaftStorageDirectory.java:tryLock(328)) - Lock on /opt/src/hadoop-ozone/integration-test/target/test-dir/MiniOzoneClusterImpl-0171e5d3-dda2-4bdd-85bc-e8fa5233fb17/datanode-4/data/ratis/1aadc0d8-875c-4c4e-ba83-b4cea0601cb5/in_use.lock acquired by nodename 10155@ozone-unit-076618677d3-bfkx8-1659705209
2019-06-15 07:58:40,185 INFO  storage.RaftStorage (RaftStorage.java:format(75)) - Storage directory /opt/src/hadoop-ozone/integration-test/target/test-dir/MiniOzoneClusterImpl-0171e5d3-dda2-4bdd-85bc-e8fa5233fb17/datanode-4/data/ratis/1aadc0d8-875c-4c4e-ba83-b4cea0601cb5 has been successfully formatted.
2019-06-15 07:58:40,186 INFO  ratis.ContainerStateMachine (ContainerStateMachine.java:loadSnapshot(199)) - The snapshot info is null.Setting the last applied index to:(t:0, i:~)
2019-06-15 07:58:40,186 INFO  server.RaftServerConfigKeys (ConfUtils.java:logGet(43)) - raft.server.leader.election.timeout = 10s (custom)
2019-06-15 07:58:40,186 INFO  server.RaftServerConfigKeys (ConfUtils.java:logGet(43)) - raft.server.log.use.memory = false (default)
2019-06-15 07:58:40,186 INFO  server.RaftServerConfigKeys (ConfUtils.java:logGet(43)) - raft.server.log.appender.buffer.byte-limit = 33554432 (custom)
2019-06-15 07:58:40,186 INFO  server.RaftServerConfigKeys (ConfUtils.java:logGet(43)) - raft.server.log.segment.size.max = 16384 (custom)
2019-06-15 07:58:40,186 INFO  server.RaftServerConfigKeys (ConfUtils.java:logGet(43)) - raft.server.log.segment.cache.num.max = 2 (custom)
2019-06-15 07:58:40,186 INFO  storage.RaftLogWorker (RaftLogWorker.java:<init>(123)) - new 28c71c47-207f-442c-8a8f-f9949b8251b7-RaftLogWorker for Storage Directory /opt/src/hadoop-ozone/integration-test/target/test-dir/MiniOzoneClusterImpl-0171e5d3-dda2-4bdd-85bc-e8fa5233fb17/datanode-4/data/ratis/1aadc0d8-875c-4c4e-ba83-b4cea0601cb5
2019-06-15 07:58:40,187 INFO  server.RaftServerConfigKeys (ConfUtils.java:logGet(43)) - raft.server.log.queue.byte-limit = 2147483647 (custom)
2019-06-15 07:58:40,187 INFO  server.RaftServerConfigKeys (ConfUtils.java:logGet(43)) - raft.server.log.queue.element-limit = 1024 (custom)
2019-06-15 07:58:40,187 INFO  server.RaftServerConfigKeys (ConfUtils.java:logGet(43)) - raft.server.log.segment.size.max = 16384 (custom)
2019-06-15 07:58:40,187 INFO  server.RaftServerConfigKeys (ConfUtils.java:logGet(43)) - raft.server.log.preallocated.size = 16384 (custom)
2019-06-15 07:58:40,187 INFO  server.RaftServerConfigKeys (ConfUtils.java:logGet(43)) - raft.server.log.write.buffer.size = 33554432 (custom)
2019-06-15 07:58:40,187 INFO  server.RaftServerConfigKeys (ConfUtils.java:logGet(43)) - raft.server.log.force.sync.num = 128 (default)
2019-06-15 07:58:40,187 INFO  server.RaftServerConfigKeys (ConfUtils.java:logGet(43)) - raft.server.log.statemachine.data.sync = true (default)
2019-06-15 07:58:40,187 INFO  server.RaftServerConfigKeys (ConfUtils.java:logGet(43)) - raft.server.log.statemachine.data.sync.timeout = 10s (default)
2019-06-15 07:58:40,187 INFO  server.RaftServerConfigKeys (ConfUtils.java:logGet(43)) - raft.server.log.statemachine.data.sync.timeout.retry = -1 (default)
2019-06-15 07:58:40,188 INFO  server.RaftServerConfigKeys (ConfUtils.java:logGet(43)) - raft.server.log.statemachine.data.caching.enabled = true (custom)
2019-06-15 07:58:40,191 INFO  server.RaftServerConfigKeys (ConfUtils.java:logGet(43)) - raft.server.snapshot.auto.trigger.enabled = true (custom)
2019-06-15 07:58:40,191 INFO  server.RaftServerConfigKeys (ConfUtils.java:logGet(43)) - raft.server.snapshot.auto.trigger.threshold = 10000 (custom)
2019-06-15 07:58:40,191 INFO  server.RaftServerConfigKeys (ConfUtils.java:logGet(43)) - raft.server.retrycache.expirytime = 600000ms (custom)
2019-06-15 07:58:40,191 INFO  impl.RaftServerImpl (RaftServerImpl.java:start(173)) - 28c71c47-207f-442c-8a8f-f9949b8251b7: start group-B4CEA0601CB5
2019-06-15 07:58:40,191 INFO  impl.RaftServerImpl (RaftServerImpl.java:setRole(164)) - 28c71c47-207f-442c-8a8f-f9949b8251b7:group-B4CEA0601CB5 changes role from null to FOLLOWER at term 0 for startAsFollower
2019-06-15 07:58:40,191 INFO  impl.RoleInfo (RoleInfo.java:updateAndGet(143)) - 28c71c47-207f-442c-8a8f-f9949b8251b7: start FollowerState
2019-06-15 07:58:40,195 INFO  util.JmxRegister (JmxRegister.java:tryRegister(44)) - Successfully registered JMX Bean with object name Ratis:service=RaftServer,group=group-B4CEA0601CB5,id=28c71c47-207f-442c-8a8f-f9949b8251b7
2019-06-15 07:58:40,203 INFO  pipeline.PipelineStateManager (PipelineStateManager.java:addPipeline(56)) - Created pipeline Pipeline[ Id: 1aadc0d8-875c-4c4e-ba83-b4cea0601cb5, Nodes: 28c71c47-207f-442c-8a8f-f9949b8251b7{ip: 192.168.11.234, host: ozone-unit-076618677d3-bfkx8-1659705209, networkLocation: /default-rack, certSerialId: null}, Type:RATIS, Factor:ONE, State:OPEN]
2019-06-15 07:58:40,260 INFO  impl.RaftServerProxy (RaftServerProxy.java:addNew(89)) - 93673937-2def-4aa5-a59e-fb1ab8c23445: addNew group-D4F6F78185A1:[eaae07a7-f00d-4e92-91da-f9b2e9e96706:192.168.11.234:40483, 93673937-2def-4aa5-a59e-fb1ab8c23445:192.168.11.234:44541, b1adddb5-7b04-49be-8a43-ea6059f6d4ab:192.168.11.234:43063] returns group-D4F6F78185A1:java.util.concurrent.CompletableFuture@559140f0[Not completed]
2019-06-15 07:58:40,261 INFO  impl.RaftServerImpl (RaftServerImpl.java:<init>(91)) - 93673937-2def-4aa5-a59e-fb1ab8c23445: new RaftServerImpl for group-D4F6F78185A1:[eaae07a7-f00d-4e92-91da-f9b2e9e96706:192.168.11.234:40483, 93673937-2def-4aa5-a59e-fb1ab8c23445:192.168.11.234:44541, b1adddb5-7b04-49be-8a43-ea6059f6d4ab:192.168.11.234:43063] with ContainerStateMachine:uninitialized
2019-06-15 07:58:40,261 INFO  server.RaftServerConfigKeys (ConfUtils.java:logGet(43)) - raft.server.rpc.timeout.min = 1s (custom)
2019-06-15 07:58:40,261 INFO  server.RaftServerConfigKeys (ConfUtils.java:logGet(43)) - raft.server.rpc.timeout.max = 1200ms (custom)
2019-06-15 07:58:40,262 INFO  server.RaftServerConfigKeys (ConfUtils.java:logGet(43)) - raft.server.rpcslowness.timeout = 10s (custom)
2019-06-15 07:58:40,262 INFO  server.RaftServerConfigKeys (ConfUtils.java:logGet(43)) - raft.server.log.appender.install.snapshot.enabled = true (default)
2019-06-15 07:58:40,262 INFO  impl.RaftServerImpl (ServerState.java:<init>(101)) - 93673937-2def-4aa5-a59e-fb1ab8c23445:group-D4F6F78185A1 ConfigurationManager, init=-1: [eaae07a7-f00d-4e92-91da-f9b2e9e96706:192.168.11.234:40483, 93673937-2def-4aa5-a59e-fb1ab8c23445:192.168.11.234:44541, b1adddb5-7b04-49be-8a43-ea6059f6d4ab:192.168.11.234:43063], old=null, confs=<EMPTY_MAP>
2019-06-15 07:58:40,262 INFO  server.RaftServerConfigKeys (ConfUtils.java:logGet(43)) - raft.server.storage.dir = [/opt/src/hadoop-ozone/integration-test/target/test-dir/MiniOzoneClusterImpl-0171e5d3-dda2-4bdd-85bc-e8fa5233fb17/datanode-3/data/ratis] (custom)
2019-06-15 07:58:40,262 INFO  storage.RaftStorageDirectory (RaftStorageDirectory.java:analyzeStorage(246)) - The storage directory /opt/src/hadoop-ozone/integration-test/target/test-dir/MiniOzoneClusterImpl-0171e5d3-dda2-4bdd-85bc-e8fa5233fb17/datanode-3/data/ratis/caa15468-cd19-44ac-89e5-d4f6f78185a1 does not exist. Creating ...
2019-06-15 07:58:40,263 INFO  impl.RaftServerProxy (RaftServerProxy.java:addNew(89)) - b1adddb5-7b04-49be-8a43-ea6059f6d4ab: addNew group-D4F6F78185A1:[eaae07a7-f00d-4e92-91da-f9b2e9e96706:192.168.11.234:40483, 93673937-2def-4aa5-a59e-fb1ab8c23445:192.168.11.234:44541, b1adddb5-7b04-49be-8a43-ea6059f6d4ab:192.168.11.234:43063] returns group-D4F6F78185A1:java.util.concurrent.CompletableFuture@1f8b5c58[Not completed]
2019-06-15 07:58:40,263 INFO  impl.RaftServerImpl (RaftServerImpl.java:<init>(91)) - b1adddb5-7b04-49be-8a43-ea6059f6d4ab: new RaftServerImpl for group-D4F6F78185A1:[eaae07a7-f00d-4e92-91da-f9b2e9e96706:192.168.11.234:40483, 93673937-2def-4aa5-a59e-fb1ab8c23445:192.168.11.234:44541, b1adddb5-7b04-49be-8a43-ea6059f6d4ab:192.168.11.234:43063] with ContainerStateMachine:uninitialized
2019-06-15 07:58:40,263 INFO  server.RaftServerConfigKeys (ConfUtils.java:logGet(43)) - raft.server.rpc.timeout.min = 1s (custom)
2019-06-15 07:58:40,264 INFO  server.RaftServerConfigKeys (ConfUtils.java:logGet(43)) - raft.server.rpc.timeout.max = 1200ms (custom)
2019-06-15 07:58:40,264 INFO  server.RaftServerConfigKeys (ConfUtils.java:logGet(43)) - raft.server.rpcslowness.timeout = 10s (custom)
2019-06-15 07:58:40,264 INFO  server.RaftServerConfigKeys (ConfUtils.java:logGet(43)) - raft.server.log.appender.install.snapshot.enabled = true (default)
2019-06-15 07:58:40,265 INFO  impl.RaftServerProxy (RaftServerProxy.java:addNew(89)) - eaae07a7-f00d-4e92-91da-f9b2e9e96706: addNew group-D4F6F78185A1:[eaae07a7-f00d-4e92-91da-f9b2e9e96706:192.168.11.234:40483, 93673937-2def-4aa5-a59e-fb1ab8c23445:192.168.11.234:44541, b1adddb5-7b04-49be-8a43-ea6059f6d4ab:192.168.11.234:43063] returns group-D4F6F78185A1:java.util.concurrent.CompletableFuture@3260c43[Not completed]
2019-06-15 07:58:40,265 INFO  impl.RaftServerImpl (ServerState.java:<init>(101)) - b1adddb5-7b04-49be-8a43-ea6059f6d4ab:group-D4F6F78185A1 ConfigurationManager, init=-1: [eaae07a7-f00d-4e92-91da-f9b2e9e96706:192.168.11.234:40483, 93673937-2def-4aa5-a59e-fb1ab8c23445:192.168.11.234:44541, b1adddb5-7b04-49be-8a43-ea6059f6d4ab:192.168.11.234:43063], old=null, confs=<EMPTY_MAP>
2019-06-15 07:58:40,266 INFO  server.RaftServerConfigKeys (ConfUtils.java:logGet(43)) - raft.server.storage.dir = [/opt/src/hadoop-ozone/integration-test/target/test-dir/MiniOzoneClusterImpl-0171e5d3-dda2-4bdd-85bc-e8fa5233fb17/datanode-0/data/ratis] (custom)
2019-06-15 07:58:40,266 INFO  impl.RaftServerImpl (RaftServerImpl.java:<init>(91)) - eaae07a7-f00d-4e92-91da-f9b2e9e96706: new RaftServerImpl for group-D4F6F78185A1:[eaae07a7-f00d-4e92-91da-f9b2e9e96706:192.168.11.234:40483, 93673937-2def-4aa5-a59e-fb1ab8c23445:192.168.11.234:44541, b1adddb5-7b04-49be-8a43-ea6059f6d4ab:192.168.11.234:43063] with ContainerStateMachine:uninitialized
2019-06-15 07:58:40,266 INFO  server.RaftServerConfigKeys (ConfUtils.java:logGet(43)) - raft.server.rpc.timeout.min = 1s (custom)
2019-06-15 07:58:40,266 INFO  storage.RaftStorageDirectory (RaftStorageDirectory.java:tryLock(328)) - Lock on /opt/src/hadoop-ozone/integration-test/target/test-dir/MiniOzoneClusterImpl-0171e5d3-dda2-4bdd-85bc-e8fa5233fb17/datanode-3/data/ratis/caa15468-cd19-44ac-89e5-d4f6f78185a1/in_use.lock acquired by nodename 10155@ozone-unit-076618677d3-bfkx8-1659705209
2019-06-15 07:58:40,266 INFO  storage.RaftStorageDirectory (RaftStorageDirectory.java:analyzeStorage(246)) - The storage directory /opt/src/hadoop-ozone/integration-test/target/test-dir/MiniOzoneClusterImpl-0171e5d3-dda2-4bdd-85bc-e8fa5233fb17/datanode-0/data/ratis/caa15468-cd19-44ac-89e5-d4f6f78185a1 does not exist. Creating ...
2019-06-15 07:58:40,266 INFO  server.RaftServerConfigKeys (ConfUtils.java:logGet(43)) - raft.server.rpc.timeout.max = 1200ms (custom)
2019-06-15 07:58:40,267 INFO  server.RaftServerConfigKeys (ConfUtils.java:logGet(43)) - raft.server.rpcslowness.timeout = 10s (custom)
2019-06-15 07:58:40,267 INFO  server.RaftServerConfigKeys (ConfUtils.java:logGet(43)) - raft.server.log.appender.install.snapshot.enabled = true (default)
2019-06-15 07:58:40,267 INFO  impl.RaftServerImpl (ServerState.java:<init>(101)) - eaae07a7-f00d-4e92-91da-f9b2e9e96706:group-D4F6F78185A1 ConfigurationManager, init=-1: [eaae07a7-f00d-4e92-91da-f9b2e9e96706:192.168.11.234:40483, 93673937-2def-4aa5-a59e-fb1ab8c23445:192.168.11.234:44541, b1adddb5-7b04-49be-8a43-ea6059f6d4ab:192.168.11.234:43063], old=null, confs=<EMPTY_MAP>
2019-06-15 07:58:40,267 INFO  server.RaftServerConfigKeys (ConfUtils.java:logGet(43)) - raft.server.storage.dir = [/opt/src/hadoop-ozone/integration-test/target/test-dir/MiniOzoneClusterImpl-0171e5d3-dda2-4bdd-85bc-e8fa5233fb17/datanode-2/data/ratis] (custom)
2019-06-15 07:58:40,268 INFO  storage.RaftStorageDirectory (RaftStorageDirectory.java:analyzeStorage(246)) - The storage directory /opt/src/hadoop-ozone/integration-test/target/test-dir/MiniOzoneClusterImpl-0171e5d3-dda2-4bdd-85bc-e8fa5233fb17/datanode-2/data/ratis/caa15468-cd19-44ac-89e5-d4f6f78185a1 does not exist. Creating ...
2019-06-15 07:58:40,269 INFO  storage.RaftStorageDirectory (RaftStorageDirectory.java:tryLock(328)) - Lock on /opt/src/hadoop-ozone/integration-test/target/test-dir/MiniOzoneClusterImpl-0171e5d3-dda2-4bdd-85bc-e8fa5233fb17/datanode-0/data/ratis/caa15468-cd19-44ac-89e5-d4f6f78185a1/in_use.lock acquired by nodename 10155@ozone-unit-076618677d3-bfkx8-1659705209
2019-06-15 07:58:40,269 INFO  storage.RaftStorage (RaftStorage.java:format(75)) - Storage directory /opt/src/hadoop-ozone/integration-test/target/test-dir/MiniOzoneClusterImpl-0171e5d3-dda2-4bdd-85bc-e8fa5233fb17/datanode-3/data/ratis/caa15468-cd19-44ac-89e5-d4f6f78185a1 has been successfully formatted.
2019-06-15 07:58:40,269 INFO  ratis.ContainerStateMachine (ContainerStateMachine.java:loadSnapshot(199)) - The snapshot info is null.Setting the last applied index to:(t:0, i:~)
2019-06-15 07:58:40,269 INFO  server.RaftServerConfigKeys (ConfUtils.java:logGet(43)) - raft.server.leader.election.timeout = 10s (custom)
2019-06-15 07:58:40,269 INFO  server.RaftServerConfigKeys (ConfUtils.java:logGet(43)) - raft.server.log.use.memory = false (default)
2019-06-15 07:58:40,269 INFO  server.RaftServerConfigKeys (ConfUtils.java:logGet(43)) - raft.server.log.appender.buffer.byte-limit = 33554432 (custom)
2019-06-15 07:58:40,269 INFO  server.RaftServerConfigKeys (ConfUtils.java:logGet(43)) - raft.server.log.segment.size.max = 16384 (custom)
2019-06-15 07:58:40,269 INFO  server.RaftServerConfigKeys (ConfUtils.java:logGet(43)) - raft.server.log.segment.cache.num.max = 2 (custom)
2019-06-15 07:58:40,269 INFO  storage.RaftLogWorker (RaftLogWorker.java:<init>(123)) - new 93673937-2def-4aa5-a59e-fb1ab8c23445-RaftLogWorker for Storage Directory /opt/src/hadoop-ozone/integration-test/target/test-dir/MiniOzoneClusterImpl-0171e5d3-dda2-4bdd-85bc-e8fa5233fb17/datanode-3/data/ratis/caa15468-cd19-44ac-89e5-d4f6f78185a1
2019-06-15 07:58:40,269 INFO  server.RaftServerConfigKeys (ConfUtils.java:logGet(43)) - raft.server.log.queue.byte-limit = 2147483647 (custom)
2019-06-15 07:58:40,270 INFO  server.RaftServerConfigKeys (ConfUtils.java:logGet(43)) - raft.server.log.queue.element-limit = 1024 (custom)
2019-06-15 07:58:40,270 INFO  server.RaftServerConfigKeys (ConfUtils.java:logGet(43)) - raft.server.log.segment.size.max = 16384 (custom)
2019-06-15 07:58:40,270 INFO  server.RaftServerConfigKeys (ConfUtils.java:logGet(43)) - raft.server.log.preallocated.size = 16384 (custom)
2019-06-15 07:58:40,270 INFO  server.RaftServerConfigKeys (ConfUtils.java:logGet(43)) - raft.server.log.write.buffer.size = 33554432 (custom)
2019-06-15 07:58:40,270 INFO  server.RaftServerConfigKeys (ConfUtils.java:logGet(43)) - raft.server.log.force.sync.num = 128 (default)
2019-06-15 07:58:40,270 INFO  server.RaftServerConfigKeys (ConfUtils.java:logGet(43)) - raft.server.log.statemachine.data.sync = true (default)
2019-06-15 07:58:40,270 INFO  storage.RaftStorageDirectory (RaftStorageDirectory.java:tryLock(328)) - Lock on /opt/src/hadoop-ozone/integration-test/target/test-dir/MiniOzoneClusterImpl-0171e5d3-dda2-4bdd-85bc-e8fa5233fb17/datanode-2/data/ratis/caa15468-cd19-44ac-89e5-d4f6f78185a1/in_use.lock acquired by nodename 10155@ozone-unit-076618677d3-bfkx8-1659705209
2019-06-15 07:58:40,270 INFO  server.RaftServerConfigKeys (ConfUtils.java:logGet(43)) - raft.server.log.statemachine.data.sync.timeout = 10s (default)
2019-06-15 07:58:40,270 INFO  server.RaftServerConfigKeys (ConfUtils.java:logGet(43)) - raft.server.log.statemachine.data.sync.timeout.retry = -1 (default)
2019-06-15 07:58:40,271 INFO  server.RaftServerConfigKeys (ConfUtils.java:logGet(43)) - raft.server.log.statemachine.data.caching.enabled = true (custom)
2019-06-15 07:58:40,272 INFO  server.RaftServerConfigKeys (ConfUtils.java:logGet(43)) - raft.server.snapshot.auto.trigger.enabled = true (custom)
2019-06-15 07:58:40,272 INFO  server.RaftServerConfigKeys (ConfUtils.java:logGet(43)) - raft.server.snapshot.auto.trigger.threshold = 10000 (custom)
2019-06-15 07:58:40,272 INFO  server.RaftServerConfigKeys (ConfUtils.java:logGet(43)) - raft.server.retrycache.expirytime = 600000ms (custom)
2019-06-15 07:58:40,272 INFO  storage.RaftStorage (RaftStorage.java:format(75)) - Storage directory /opt/src/hadoop-ozone/integration-test/target/test-dir/MiniOzoneClusterImpl-0171e5d3-dda2-4bdd-85bc-e8fa5233fb17/datanode-2/data/ratis/caa15468-cd19-44ac-89e5-d4f6f78185a1 has been successfully formatted.
2019-06-15 07:58:40,272 INFO  impl.RaftServerImpl (RaftServerImpl.java:start(173)) - 93673937-2def-4aa5-a59e-fb1ab8c23445: start group-D4F6F78185A1
2019-06-15 07:58:40,273 INFO  ratis.ContainerStateMachine (ContainerStateMachine.java:loadSnapshot(199)) - The snapshot info is null.Setting the last applied index to:(t:0, i:~)
2019-06-15 07:58:40,273 INFO  impl.RaftServerImpl (RaftServerImpl.java:setRole(164)) - 93673937-2def-4aa5-a59e-fb1ab8c23445:group-D4F6F78185A1 changes role from null to FOLLOWER at term 0 for startAsFollower
2019-06-15 07:58:40,273 INFO  storage.RaftStorage (RaftStorage.java:format(75)) - Storage directory /opt/src/hadoop-ozone/integration-test/target/test-dir/MiniOzoneClusterImpl-0171e5d3-dda2-4bdd-85bc-e8fa5233fb17/datanode-0/data/ratis/caa15468-cd19-44ac-89e5-d4f6f78185a1 has been successfully formatted.
2019-06-15 07:58:40,273 INFO  server.RaftServerConfigKeys (ConfUtils.java:logGet(43)) - raft.server.leader.election.timeout = 10s (custom)
2019-06-15 07:58:40,273 INFO  ratis.ContainerStateMachine (ContainerStateMachine.java:loadSnapshot(199)) - The snapshot info is null.Setting the last applied index to:(t:0, i:~)
2019-06-15 07:58:40,273 INFO  impl.RoleInfo (RoleInfo.java:updateAndGet(143)) - 93673937-2def-4aa5-a59e-fb1ab8c23445: start FollowerState
2019-06-15 07:58:40,273 INFO  server.RaftServerConfigKeys (ConfUtils.java:logGet(43)) - raft.server.leader.election.timeout = 10s (custom)
2019-06-15 07:58:40,273 INFO  server.RaftServerConfigKeys (ConfUtils.java:logGet(43)) - raft.server.log.use.memory = false (default)
2019-06-15 07:58:40,273 INFO  util.JmxRegister (JmxRegister.java:tryRegister(44)) - Successfully registered JMX Bean with object name Ratis:service=RaftServer,group=group-D4F6F78185A1,id=93673937-2def-4aa5-a59e-fb1ab8c23445
2019-06-15 07:58:40,273 INFO  server.RaftServerConfigKeys (ConfUtils.java:logGet(43)) - raft.server.log.use.memory = false (default)
2019-06-15 07:58:40,274 INFO  server.RaftServerConfigKeys (ConfUtils.java:logGet(43)) - raft.server.log.appender.buffer.byte-limit = 33554432 (custom)
2019-06-15 07:58:40,274 INFO  server.RaftServerConfigKeys (ConfUtils.java:logGet(43)) - raft.server.log.segment.size.max = 16384 (custom)
2019-06-15 07:58:40,274 INFO  server.RaftServerConfigKeys (ConfUtils.java:logGet(43)) - raft.server.log.segment.cache.num.max = 2 (custom)
2019-06-15 07:58:40,274 INFO  storage.RaftLogWorker (RaftLogWorker.java:<init>(123)) - new eaae07a7-f00d-4e92-91da-f9b2e9e96706-RaftLogWorker for Storage Directory /opt/src/hadoop-ozone/integration-test/target/test-dir/MiniOzoneClusterImpl-0171e5d3-dda2-4bdd-85bc-e8fa5233fb17/datanode-2/data/ratis/caa15468-cd19-44ac-89e5-d4f6f78185a1
2019-06-15 07:58:40,274 INFO  server.RaftServerConfigKeys (ConfUtils.java:logGet(43)) - raft.server.log.queue.byte-limit = 2147483647 (custom)
2019-06-15 07:58:40,273 INFO  server.RaftServerConfigKeys (ConfUtils.java:logGet(43)) - raft.server.log.appender.buffer.byte-limit = 33554432 (custom)
2019-06-15 07:58:40,274 INFO  server.RaftServerConfigKeys (ConfUtils.java:logGet(43)) - raft.server.log.segment.size.max = 16384 (custom)
2019-06-15 07:58:40,274 INFO  server.RaftServerConfigKeys (ConfUtils.java:logGet(43)) - raft.server.log.queue.element-limit = 1024 (custom)
2019-06-15 07:58:40,275 INFO  server.RaftServerConfigKeys (ConfUtils.java:logGet(43)) - raft.server.log.segment.size.max = 16384 (custom)
2019-06-15 07:58:40,275 INFO  server.RaftServerConfigKeys (ConfUtils.java:logGet(43)) - raft.server.log.preallocated.size = 16384 (custom)
2019-06-15 07:58:40,275 INFO  server.RaftServerConfigKeys (ConfUtils.java:logGet(43)) - raft.server.log.write.buffer.size = 33554432 (custom)
2019-06-15 07:58:40,275 INFO  server.RaftServerConfigKeys (ConfUtils.java:logGet(43)) - raft.server.log.force.sync.num = 128 (default)
2019-06-15 07:58:40,275 INFO  server.RaftServerConfigKeys (ConfUtils.java:logGet(43)) - raft.server.log.statemachine.data.sync = true (default)
2019-06-15 07:58:40,275 INFO  server.RaftServerConfigKeys (ConfUtils.java:logGet(43)) - raft.server.log.statemachine.data.sync.timeout = 10s (default)
2019-06-15 07:58:40,275 INFO  server.RaftServerConfigKeys (ConfUtils.java:logGet(43)) - raft.server.log.statemachine.data.sync.timeout.retry = -1 (default)
2019-06-15 07:58:40,277 INFO  server.RaftServerConfigKeys (ConfUtils.java:logGet(43)) - raft.server.log.statemachine.data.caching.enabled = true (custom)
2019-06-15 07:58:40,274 INFO  server.RaftServerConfigKeys (ConfUtils.java:logGet(43)) - raft.server.log.segment.cache.num.max = 2 (custom)
2019-06-15 07:58:40,277 INFO  storage.RaftLogWorker (RaftLogWorker.java:<init>(123)) - new b1adddb5-7b04-49be-8a43-ea6059f6d4ab-RaftLogWorker for Storage Directory /opt/src/hadoop-ozone/integration-test/target/test-dir/MiniOzoneClusterImpl-0171e5d3-dda2-4bdd-85bc-e8fa5233fb17/datanode-0/data/ratis/caa15468-cd19-44ac-89e5-d4f6f78185a1
2019-06-15 07:58:40,277 INFO  server.RaftServerConfigKeys (ConfUtils.java:logGet(43)) - raft.server.log.queue.byte-limit = 2147483647 (custom)
2019-06-15 07:58:40,277 INFO  server.RaftServerConfigKeys (ConfUtils.java:logGet(43)) - raft.server.log.queue.element-limit = 1024 (custom)
2019-06-15 07:58:40,277 INFO  server.RaftServerConfigKeys (ConfUtils.java:logGet(43)) - raft.server.log.segment.size.max = 16384 (custom)
2019-06-15 07:58:40,277 INFO  server.RaftServerConfigKeys (ConfUtils.java:logGet(43)) - raft.server.log.preallocated.size = 16384 (custom)
2019-06-15 07:58:40,277 INFO  server.RaftServerConfigKeys (ConfUtils.java:logGet(43)) - raft.server.log.write.buffer.size = 33554432 (custom)
2019-06-15 07:58:40,277 INFO  server.RaftServerConfigKeys (ConfUtils.java:logGet(43)) - raft.server.log.force.sync.num = 128 (default)
2019-06-15 07:58:40,277 INFO  server.RaftServerConfigKeys (ConfUtils.java:logGet(43)) - raft.server.log.statemachine.data.sync = true (default)
2019-06-15 07:58:40,278 INFO  server.RaftServerConfigKeys (ConfUtils.java:logGet(43)) - raft.server.log.statemachine.data.sync.timeout = 10s (default)
2019-06-15 07:58:40,278 INFO  server.RaftServerConfigKeys (ConfUtils.java:logGet(43)) - raft.server.log.statemachine.data.sync.timeout.retry = -1 (default)
2019-06-15 07:58:40,279 INFO  server.RaftServerConfigKeys (ConfUtils.java:logGet(43)) - raft.server.snapshot.auto.trigger.enabled = true (custom)
2019-06-15 07:58:40,279 INFO  server.RaftServerConfigKeys (ConfUtils.java:logGet(43)) - raft.server.snapshot.auto.trigger.threshold = 10000 (custom)
2019-06-15 07:58:40,279 INFO  server.RaftServerConfigKeys (ConfUtils.java:logGet(43)) - raft.server.retrycache.expirytime = 600000ms (custom)
2019-06-15 07:58:40,279 INFO  impl.RaftServerImpl (RaftServerImpl.java:start(173)) - eaae07a7-f00d-4e92-91da-f9b2e9e96706: start group-D4F6F78185A1
2019-06-15 07:58:40,279 INFO  impl.RaftServerImpl (RaftServerImpl.java:setRole(164)) - eaae07a7-f00d-4e92-91da-f9b2e9e96706:group-D4F6F78185A1 changes role from null to FOLLOWER at term 0 for startAsFollower
2019-06-15 07:58:40,279 INFO  impl.RoleInfo (RoleInfo.java:updateAndGet(143)) - eaae07a7-f00d-4e92-91da-f9b2e9e96706: start FollowerState
2019-06-15 07:58:40,283 INFO  server.RaftServerConfigKeys (ConfUtils.java:logGet(43)) - raft.server.log.statemachine.data.caching.enabled = true (custom)
2019-06-15 07:58:40,283 INFO  util.JmxRegister (JmxRegister.java:tryRegister(44)) - Successfully registered JMX Bean with object name Ratis:service=RaftServer,group=group-D4F6F78185A1,id=eaae07a7-f00d-4e92-91da-f9b2e9e96706
2019-06-15 07:58:40,283 INFO  server.RaftServerConfigKeys (ConfUtils.java:logGet(43)) - raft.server.snapshot.auto.trigger.enabled = true (custom)
2019-06-15 07:58:40,283 INFO  server.RaftServerConfigKeys (ConfUtils.java:logGet(43)) - raft.server.snapshot.auto.trigger.threshold = 10000 (custom)
2019-06-15 07:58:40,283 INFO  server.RaftServerConfigKeys (ConfUtils.java:logGet(43)) - raft.server.retrycache.expirytime = 600000ms (custom)
2019-06-15 07:58:40,283 INFO  impl.RaftServerImpl (RaftServerImpl.java:start(173)) - b1adddb5-7b04-49be-8a43-ea6059f6d4ab: start group-D4F6F78185A1
2019-06-15 07:58:40,283 INFO  impl.RaftServerImpl (RaftServerImpl.java:setRole(164)) - b1adddb5-7b04-49be-8a43-ea6059f6d4ab:group-D4F6F78185A1 changes role from null to FOLLOWER at term 0 for startAsFollower
2019-06-15 07:58:40,284 INFO  impl.RoleInfo (RoleInfo.java:updateAndGet(143)) - b1adddb5-7b04-49be-8a43-ea6059f6d4ab: start FollowerState
2019-06-15 07:58:40,284 INFO  util.JmxRegister (JmxRegister.java:tryRegister(44)) - Successfully registered JMX Bean with object name Ratis:service=RaftServer,group=group-D4F6F78185A1,id=b1adddb5-7b04-49be-8a43-ea6059f6d4ab
2019-06-15 07:58:40,304 INFO  pipeline.PipelineStateManager (PipelineStateManager.java:addPipeline(56)) - Created pipeline Pipeline[ Id: caa15468-cd19-44ac-89e5-d4f6f78185a1, Nodes: eaae07a7-f00d-4e92-91da-f9b2e9e96706{ip: 192.168.11.234, host: ozone-unit-076618677d3-bfkx8-1659705209, networkLocation: /default-rack, certSerialId: null}93673937-2def-4aa5-a59e-fb1ab8c23445{ip: 192.168.11.234, host: ozone-unit-076618677d3-bfkx8-1659705209, networkLocation: /default-rack, certSerialId: null}b1adddb5-7b04-49be-8a43-ea6059f6d4ab{ip: 192.168.11.234, host: ozone-unit-076618677d3-bfkx8-1659705209, networkLocation: /default-rack, certSerialId: null}, Type:RATIS, Factor:THREE, State:OPEN]
2019-06-15 07:58:40,431 INFO  ozone.MiniOzoneClusterImpl (MiniOzoneClusterImpl.java:lambda$waitForClusterToBeReady$0(142)) - Waiting for cluster to be ready. Got 5 of 6 DN Heartbeats.
2019-06-15 07:58:40,442 INFO  node.SCMNodeManager (SCMNodeManager.java:register(269)) - Registered Data node : ee7ba0e7-1b82-4b5c-aa4f-8a520c919098{ip: 192.168.11.234, host: ozone-unit-076618677d3-bfkx8-1659705209, networkLocation: /default-rack, certSerialId: null}
2019-06-15 07:58:40,453 INFO  impl.RaftServerProxy (RaftServerProxy.java:addNew(89)) - ee7ba0e7-1b82-4b5c-aa4f-8a520c919098: addNew group-14E7F060C7E6:[ee7ba0e7-1b82-4b5c-aa4f-8a520c919098:192.168.11.234:42131] returns group-14E7F060C7E6:java.util.concurrent.CompletableFuture@4064e83f[Not completed]
2019-06-15 07:58:40,454 INFO  impl.RaftServerImpl (RaftServerImpl.java:<init>(91)) - ee7ba0e7-1b82-4b5c-aa4f-8a520c919098: new RaftServerImpl for group-14E7F060C7E6:[ee7ba0e7-1b82-4b5c-aa4f-8a520c919098:192.168.11.234:42131] with ContainerStateMachine:uninitialized
2019-06-15 07:58:40,454 INFO  server.RaftServerConfigKeys (ConfUtils.java:logGet(43)) - raft.server.rpc.timeout.min = 1s (custom)
2019-06-15 07:58:40,454 INFO  server.RaftServerConfigKeys (ConfUtils.java:logGet(43)) - raft.server.rpc.timeout.max = 1200ms (custom)
2019-06-15 07:58:40,454 INFO  server.RaftServerConfigKeys (ConfUtils.java:logGet(43)) - raft.server.rpcslowness.timeout = 10s (custom)
2019-06-15 07:58:40,454 INFO  server.RaftServerConfigKeys (ConfUtils.java:logGet(43)) - raft.server.log.appender.install.snapshot.enabled = true (default)
2019-06-15 07:58:40,455 INFO  impl.RaftServerImpl (ServerState.java:<init>(101)) - ee7ba0e7-1b82-4b5c-aa4f-8a520c919098:group-14E7F060C7E6 ConfigurationManager, init=-1: [ee7ba0e7-1b82-4b5c-aa4f-8a520c919098:192.168.11.234:42131], old=null, confs=<EMPTY_MAP>
2019-06-15 07:58:40,455 INFO  server.RaftServerConfigKeys (ConfUtils.java:logGet(43)) - raft.server.storage.dir = [/opt/src/hadoop-ozone/integration-test/target/test-dir/MiniOzoneClusterImpl-0171e5d3-dda2-4bdd-85bc-e8fa5233fb17/datanode-5/data/ratis] (custom)
2019-06-15 07:58:40,455 INFO  storage.RaftStorageDirectory (RaftStorageDirectory.java:analyzeStorage(246)) - The storage directory /opt/src/hadoop-ozone/integration-test/target/test-dir/MiniOzoneClusterImpl-0171e5d3-dda2-4bdd-85bc-e8fa5233fb17/datanode-5/data/ratis/2eab19b3-bc04-467a-9462-14e7f060c7e6 does not exist. Creating ...
2019-06-15 07:58:40,458 INFO  storage.RaftStorageDirectory (RaftStorageDirectory.java:tryLock(328)) - Lock on /opt/src/hadoop-ozone/integration-test/target/test-dir/MiniOzoneClusterImpl-0171e5d3-dda2-4bdd-85bc-e8fa5233fb17/datanode-5/data/ratis/2eab19b3-bc04-467a-9462-14e7f060c7e6/in_use.lock acquired by nodename 10155@ozone-unit-076618677d3-bfkx8-1659705209
2019-06-15 07:58:40,461 INFO  storage.RaftStorage (RaftStorage.java:format(75)) - Storage directory /opt/src/hadoop-ozone/integration-test/target/test-dir/MiniOzoneClusterImpl-0171e5d3-dda2-4bdd-85bc-e8fa5233fb17/datanode-5/data/ratis/2eab19b3-bc04-467a-9462-14e7f060c7e6 has been successfully formatted.
2019-06-15 07:58:40,461 INFO  ratis.ContainerStateMachine (ContainerStateMachine.java:loadSnapshot(199)) - The snapshot info is null.Setting the last applied index to:(t:0, i:~)
2019-06-15 07:58:40,461 INFO  server.RaftServerConfigKeys (ConfUtils.java:logGet(43)) - raft.server.leader.election.timeout = 10s (custom)
2019-06-15 07:58:40,461 INFO  server.RaftServerConfigKeys (ConfUtils.java:logGet(43)) - raft.server.log.use.memory = false (default)
2019-06-15 07:58:40,461 INFO  server.RaftServerConfigKeys (ConfUtils.java:logGet(43)) - raft.server.log.appender.buffer.byte-limit = 33554432 (custom)
2019-06-15 07:58:40,462 INFO  server.RaftServerConfigKeys (ConfUtils.java:logGet(43)) - raft.server.log.segment.size.max = 16384 (custom)
2019-06-15 07:58:40,462 INFO  server.RaftServerConfigKeys (ConfUtils.java:logGet(43)) - raft.server.log.segment.cache.num.max = 2 (custom)
2019-06-15 07:58:40,462 INFO  storage.RaftLogWorker (RaftLogWorker.java:<init>(123)) - new ee7ba0e7-1b82-4b5c-aa4f-8a520c919098-RaftLogWorker for Storage Directory /opt/src/hadoop-ozone/integration-test/target/test-dir/MiniOzoneClusterImpl-0171e5d3-dda2-4bdd-85bc-e8fa5233fb17/datanode-5/data/ratis/2eab19b3-bc04-467a-9462-14e7f060c7e6
2019-06-15 07:58:40,462 INFO  server.RaftServerConfigKeys (ConfUtils.java:logGet(43)) - raft.server.log.queue.byte-limit = 2147483647 (custom)
2019-06-15 07:58:40,462 INFO  server.RaftServerConfigKeys (ConfUtils.java:logGet(43)) - raft.server.log.queue.element-limit = 1024 (custom)
2019-06-15 07:58:40,462 INFO  server.RaftServerConfigKeys (ConfUtils.java:logGet(43)) - raft.server.log.segment.size.max = 16384 (custom)
2019-06-15 07:58:40,462 INFO  server.RaftServerConfigKeys (ConfUtils.java:logGet(43)) - raft.server.log.preallocated.size = 16384 (custom)
2019-06-15 07:58:40,462 INFO  server.RaftServerConfigKeys (ConfUtils.java:logGet(43)) - raft.server.log.write.buffer.size = 33554432 (custom)
2019-06-15 07:58:40,462 INFO  server.RaftServerConfigKeys (ConfUtils.java:logGet(43)) - raft.server.log.force.sync.num = 128 (default)
2019-06-15 07:58:40,463 INFO  server.RaftServerConfigKeys (ConfUtils.java:logGet(43)) - raft.server.log.statemachine.data.sync = true (default)
2019-06-15 07:58:40,463 INFO  server.RaftServerConfigKeys (ConfUtils.java:logGet(43)) - raft.server.log.statemachine.data.sync.timeout = 10s (default)
2019-06-15 07:58:40,463 INFO  server.RaftServerConfigKeys (ConfUtils.java:logGet(43)) - raft.server.log.statemachine.data.sync.timeout.retry = -1 (default)
2019-06-15 07:58:40,463 INFO  server.RaftServerConfigKeys (ConfUtils.java:logGet(43)) - raft.server.log.statemachine.data.caching.enabled = true (custom)
2019-06-15 07:58:40,463 INFO  server.RaftServerConfigKeys (ConfUtils.java:logGet(43)) - raft.server.snapshot.auto.trigger.enabled = true (custom)
2019-06-15 07:58:40,464 INFO  server.RaftServerConfigKeys (ConfUtils.java:logGet(43)) - raft.server.snapshot.auto.trigger.threshold = 10000 (custom)
2019-06-15 07:58:40,464 INFO  server.RaftServerConfigKeys (ConfUtils.java:logGet(43)) - raft.server.retrycache.expirytime = 600000ms (custom)
2019-06-15 07:58:40,464 INFO  impl.RaftServerImpl (RaftServerImpl.java:start(173)) - ee7ba0e7-1b82-4b5c-aa4f-8a520c919098: start group-14E7F060C7E6
2019-06-15 07:58:40,464 INFO  impl.RaftServerImpl (RaftServerImpl.java:setRole(164)) - ee7ba0e7-1b82-4b5c-aa4f-8a520c919098:group-14E7F060C7E6 changes role from null to FOLLOWER at term 0 for startAsFollower
2019-06-15 07:58:40,464 INFO  impl.RoleInfo (RoleInfo.java:updateAndGet(143)) - ee7ba0e7-1b82-4b5c-aa4f-8a520c919098: start FollowerState
2019-06-15 07:58:40,464 INFO  util.JmxRegister (JmxRegister.java:tryRegister(44)) - Successfully registered JMX Bean with object name Ratis:service=RaftServer,group=group-14E7F060C7E6,id=ee7ba0e7-1b82-4b5c-aa4f-8a520c919098
2019-06-15 07:58:40,470 INFO  pipeline.PipelineStateManager (PipelineStateManager.java:addPipeline(56)) - Created pipeline Pipeline[ Id: 2eab19b3-bc04-467a-9462-14e7f060c7e6, Nodes: ee7ba0e7-1b82-4b5c-aa4f-8a520c919098{ip: 192.168.11.234, host: ozone-unit-076618677d3-bfkx8-1659705209, networkLocation: /default-rack, certSerialId: null}, Type:RATIS, Factor:ONE, State:OPEN]
2019-06-15 07:58:40,495 INFO  impl.RaftServerProxy (RaftServerProxy.java:addNew(89)) - 8c835ba7-14e7-4f36-9d60-083df8b328a4: addNew group-ABF58FFBC901:[ee7ba0e7-1b82-4b5c-aa4f-8a520c919098:192.168.11.234:42131, 28c71c47-207f-442c-8a8f-f9949b8251b7:192.168.11.234:44595, 8c835ba7-14e7-4f36-9d60-083df8b328a4:192.168.11.234:34893] returns group-ABF58FFBC901:java.util.concurrent.CompletableFuture@141b93e4[Not completed]
2019-06-15 07:58:40,496 INFO  impl.RaftServerImpl (RaftServerImpl.java:<init>(91)) - 8c835ba7-14e7-4f36-9d60-083df8b328a4: new RaftServerImpl for group-ABF58FFBC901:[ee7ba0e7-1b82-4b5c-aa4f-8a520c919098:192.168.11.234:42131, 28c71c47-207f-442c-8a8f-f9949b8251b7:192.168.11.234:44595, 8c835ba7-14e7-4f36-9d60-083df8b328a4:192.168.11.234:34893] with ContainerStateMachine:uninitialized
2019-06-15 07:58:40,496 INFO  server.RaftServerConfigKeys (ConfUtils.java:logGet(43)) - raft.server.rpc.timeout.min = 1s (custom)
2019-06-15 07:58:40,496 INFO  server.RaftServerConfigKeys (ConfUtils.java:logGet(43)) - raft.server.rpc.timeout.max = 1200ms (custom)
2019-06-15 07:58:40,496 INFO  server.RaftServerConfigKeys (ConfUtils.java:logGet(43)) - raft.server.rpcslowness.timeout = 10s (custom)
2019-06-15 07:58:40,496 INFO  server.RaftServerConfigKeys (ConfUtils.java:logGet(43)) - raft.server.log.appender.install.snapshot.enabled = true (default)
2019-06-15 07:58:40,496 INFO  impl.RaftServerImpl (ServerState.java:<init>(101)) - 8c835ba7-14e7-4f36-9d60-083df8b328a4:group-ABF58FFBC901 ConfigurationManager, init=-1: [ee7ba0e7-1b82-4b5c-aa4f-8a520c919098:192.168.11.234:42131, 28c71c47-207f-442c-8a8f-f9949b8251b7:192.168.11.234:44595, 8c835ba7-14e7-4f36-9d60-083df8b328a4:192.168.11.234:34893], old=null, confs=<EMPTY_MAP>
2019-06-15 07:58:40,497 INFO  server.RaftServerConfigKeys (ConfUtils.java:logGet(43)) - raft.server.storage.dir = [/opt/src/hadoop-ozone/integration-test/target/test-dir/MiniOzoneClusterImpl-0171e5d3-dda2-4bdd-85bc-e8fa5233fb17/datanode-1/data/ratis] (custom)
2019-06-15 07:58:40,497 INFO  storage.RaftStorageDirectory (RaftStorageDirectory.java:analyzeStorage(246)) - The storage directory /opt/src/hadoop-ozone/integration-test/target/test-dir/MiniOzoneClusterImpl-0171e5d3-dda2-4bdd-85bc-e8fa5233fb17/datanode-1/data/ratis/ae439e5d-b7f6-4f44-b1fc-abf58ffbc901 does not exist. Creating ...
2019-06-15 07:58:40,499 INFO  storage.RaftStorageDirectory (RaftStorageDirectory.java:tryLock(328)) - Lock on /opt/src/hadoop-ozone/integration-test/target/test-dir/MiniOzoneClusterImpl-0171e5d3-dda2-4bdd-85bc-e8fa5233fb17/datanode-1/data/ratis/ae439e5d-b7f6-4f44-b1fc-abf58ffbc901/in_use.lock acquired by nodename 10155@ozone-unit-076618677d3-bfkx8-1659705209
2019-06-15 07:58:40,499 INFO  impl.RaftServerProxy (RaftServerProxy.java:addNew(89)) - 28c71c47-207f-442c-8a8f-f9949b8251b7: addNew group-ABF58FFBC901:[ee7ba0e7-1b82-4b5c-aa4f-8a520c919098:192.168.11.234:42131, 28c71c47-207f-442c-8a8f-f9949b8251b7:192.168.11.234:44595, 8c835ba7-14e7-4f36-9d60-083df8b328a4:192.168.11.234:34893] returns group-ABF58FFBC901:java.util.concurrent.CompletableFuture@49d97eaf[Not completed]
2019-06-15 07:58:40,499 INFO  impl.RaftServerProxy (RaftServerProxy.java:addNew(89)) - ee7ba0e7-1b82-4b5c-aa4f-8a520c919098: addNew group-ABF58FFBC901:[ee7ba0e7-1b82-4b5c-aa4f-8a520c919098:192.168.11.234:42131, 28c71c47-207f-442c-8a8f-f9949b8251b7:192.168.11.234:44595, 8c835ba7-14e7-4f36-9d60-083df8b328a4:192.168.11.234:34893] returns group-ABF58FFBC901:java.util.concurrent.CompletableFuture@38061089[Not completed]
2019-06-15 07:58:40,500 INFO  impl.RaftServerImpl (RaftServerImpl.java:<init>(91)) - ee7ba0e7-1b82-4b5c-aa4f-8a520c919098: new RaftServerImpl for group-ABF58FFBC901:[ee7ba0e7-1b82-4b5c-aa4f-8a520c919098:192.168.11.234:42131, 28c71c47-207f-442c-8a8f-f9949b8251b7:192.168.11.234:44595, 8c835ba7-14e7-4f36-9d60-083df8b328a4:192.168.11.234:34893] with ContainerStateMachine:uninitialized
2019-06-15 07:58:40,500 INFO  server.RaftServerConfigKeys (ConfUtils.java:logGet(43)) - raft.server.rpc.timeout.min = 1s (custom)
2019-06-15 07:58:40,500 INFO  server.RaftServerConfigKeys (ConfUtils.java:logGet(43)) - raft.server.rpc.timeout.max = 1200ms (custom)
2019-06-15 07:58:40,500 INFO  server.RaftServerConfigKeys (ConfUtils.java:logGet(43)) - raft.server.rpcslowness.timeout = 10s (custom)
2019-06-15 07:58:40,501 INFO  server.RaftServerConfigKeys (ConfUtils.java:logGet(43)) - raft.server.log.appender.install.snapshot.enabled = true (default)
2019-06-15 07:58:40,501 INFO  impl.RaftServerImpl (RaftServerImpl.java:<init>(91)) - 28c71c47-207f-442c-8a8f-f9949b8251b7: new RaftServerImpl for group-ABF58FFBC901:[ee7ba0e7-1b82-4b5c-aa4f-8a520c919098:192.168.11.234:42131, 28c71c47-207f-442c-8a8f-f9949b8251b7:192.168.11.234:44595, 8c835ba7-14e7-4f36-9d60-083df8b328a4:192.168.11.234:34893] with ContainerStateMachine:uninitialized
2019-06-15 07:58:40,501 INFO  server.RaftServerConfigKeys (ConfUtils.java:logGet(43)) - raft.server.rpc.timeout.min = 1s (custom)
2019-06-15 07:58:40,501 INFO  server.RaftServerConfigKeys (ConfUtils.java:logGet(43)) - raft.server.rpc.timeout.max = 1200ms (custom)
2019-06-15 07:58:40,501 INFO  server.RaftServerConfigKeys (ConfUtils.java:logGet(43)) - raft.server.rpcslowness.timeout = 10s (custom)
2019-06-15 07:58:40,501 INFO  server.RaftServerConfigKeys (ConfUtils.java:logGet(43)) - raft.server.log.appender.install.snapshot.enabled = true (default)
2019-06-15 07:58:40,501 INFO  impl.RaftServerImpl (ServerState.java:<init>(101)) - 28c71c47-207f-442c-8a8f-f9949b8251b7:group-ABF58FFBC901 ConfigurationManager, init=-1: [ee7ba0e7-1b82-4b5c-aa4f-8a520c919098:192.168.11.234:42131, 28c71c47-207f-442c-8a8f-f9949b8251b7:192.168.11.234:44595, 8c835ba7-14e7-4f36-9d60-083df8b328a4:192.168.11.234:34893], old=null, confs=<EMPTY_MAP>
2019-06-15 07:58:40,501 INFO  server.RaftServerConfigKeys (ConfUtils.java:logGet(43)) - raft.server.storage.dir = [/opt/src/hadoop-ozone/integration-test/target/test-dir/MiniOzoneClusterImpl-0171e5d3-dda2-4bdd-85bc-e8fa5233fb17/datanode-4/data/ratis] (custom)
2019-06-15 07:58:40,501 INFO  storage.RaftStorage (RaftStorage.java:format(75)) - Storage directory /opt/src/hadoop-ozone/integration-test/target/test-dir/MiniOzoneClusterImpl-0171e5d3-dda2-4bdd-85bc-e8fa5233fb17/datanode-1/data/ratis/ae439e5d-b7f6-4f44-b1fc-abf58ffbc901 has been successfully formatted.
2019-06-15 07:58:40,502 INFO  storage.RaftStorageDirectory (RaftStorageDirectory.java:analyzeStorage(246)) - The storage directory /opt/src/hadoop-ozone/integration-test/target/test-dir/MiniOzoneClusterImpl-0171e5d3-dda2-4bdd-85bc-e8fa5233fb17/datanode-4/data/ratis/ae439e5d-b7f6-4f44-b1fc-abf58ffbc901 does not exist. Creating ...
2019-06-15 07:58:40,502 INFO  ratis.ContainerStateMachine (ContainerStateMachine.java:loadSnapshot(199)) - The snapshot info is null.Setting the last applied index to:(t:0, i:~)
2019-06-15 07:58:40,502 INFO  server.RaftServerConfigKeys (ConfUtils.java:logGet(43)) - raft.server.leader.election.timeout = 10s (custom)
2019-06-15 07:58:40,502 INFO  server.RaftServerConfigKeys (ConfUtils.java:logGet(43)) - raft.server.log.use.memory = false (default)
2019-06-15 07:58:40,502 INFO  server.RaftServerConfigKeys (ConfUtils.java:logGet(43)) - raft.server.log.appender.buffer.byte-limit = 33554432 (custom)
2019-06-15 07:58:40,502 INFO  server.RaftServerConfigKeys (ConfUtils.java:logGet(43)) - raft.server.log.segment.size.max = 16384 (custom)
2019-06-15 07:58:40,502 INFO  server.RaftServerConfigKeys (ConfUtils.java:logGet(43)) - raft.server.log.segment.cache.num.max = 2 (custom)
2019-06-15 07:58:40,502 INFO  storage.RaftLogWorker (RaftLogWorker.java:<init>(123)) - new 8c835ba7-14e7-4f36-9d60-083df8b328a4-RaftLogWorker for Storage Directory /opt/src/hadoop-ozone/integration-test/target/test-dir/MiniOzoneClusterImpl-0171e5d3-dda2-4bdd-85bc-e8fa5233fb17/datanode-1/data/ratis/ae439e5d-b7f6-4f44-b1fc-abf58ffbc901
2019-06-15 07:58:40,502 INFO  server.RaftServerConfigKeys (ConfUtils.java:logGet(43)) - raft.server.log.queue.byte-limit = 2147483647 (custom)
2019-06-15 07:58:40,502 INFO  server.RaftServerConfigKeys (ConfUtils.java:logGet(43)) - raft.server.log.queue.element-limit = 1024 (custom)
2019-06-15 07:58:40,501 INFO  impl.RaftServerImpl (ServerState.java:<init>(101)) - ee7ba0e7-1b82-4b5c-aa4f-8a520c919098:group-ABF58FFBC901 ConfigurationManager, init=-1: [ee7ba0e7-1b82-4b5c-aa4f-8a520c919098:192.168.11.234:42131, 28c71c47-207f-442c-8a8f-f9949b8251b7:192.168.11.234:44595, 8c835ba7-14e7-4f36-9d60-083df8b328a4:192.168.11.234:34893], old=null, confs=<EMPTY_MAP>
2019-06-15 07:58:40,502 INFO  server.RaftServerConfigKeys (ConfUtils.java:logGet(43)) - raft.server.log.segment.size.max = 16384 (custom)
2019-06-15 07:58:40,503 INFO  server.RaftServerConfigKeys (ConfUtils.java:logGet(43)) - raft.server.log.preallocated.size = 16384 (custom)
2019-06-15 07:58:40,503 INFO  server.RaftServerConfigKeys (ConfUtils.java:logGet(43)) - raft.server.log.write.buffer.size = 33554432 (custom)
2019-06-15 07:58:40,503 INFO  server.RaftServerConfigKeys (ConfUtils.java:logGet(43)) - raft.server.log.force.sync.num = 128 (default)
2019-06-15 07:58:40,503 INFO  server.RaftServerConfigKeys (ConfUtils.java:logGet(43)) - raft.server.log.statemachine.data.sync = true (default)
2019-06-15 07:58:40,503 INFO  server.RaftServerConfigKeys (ConfUtils.java:logGet(43)) - raft.server.log.statemachine.data.sync.timeout = 10s (default)
2019-06-15 07:58:40,503 INFO  server.RaftServerConfigKeys (ConfUtils.java:logGet(43)) - raft.server.log.statemachine.data.sync.timeout.retry = -1 (default)
2019-06-15 07:58:40,503 INFO  storage.RaftStorageDirectory (RaftStorageDirectory.java:tryLock(328)) - Lock on /opt/src/hadoop-ozone/integration-test/target/test-dir/MiniOzoneClusterImpl-0171e5d3-dda2-4bdd-85bc-e8fa5233fb17/datanode-4/data/ratis/ae439e5d-b7f6-4f44-b1fc-abf58ffbc901/in_use.lock acquired by nodename 10155@ozone-unit-076618677d3-bfkx8-1659705209
2019-06-15 07:58:40,503 INFO  server.RaftServerConfigKeys (ConfUtils.java:logGet(43)) - raft.server.storage.dir = [/opt/src/hadoop-ozone/integration-test/target/test-dir/MiniOzoneClusterImpl-0171e5d3-dda2-4bdd-85bc-e8fa5233fb17/datanode-5/data/ratis] (custom)
2019-06-15 07:58:40,504 INFO  server.RaftServerConfigKeys (ConfUtils.java:logGet(43)) - raft.server.log.statemachine.data.caching.enabled = true (custom)
2019-06-15 07:58:40,505 INFO  storage.RaftStorageDirectory (RaftStorageDirectory.java:analyzeStorage(246)) - The storage directory /opt/src/hadoop-ozone/integration-test/target/test-dir/MiniOzoneClusterImpl-0171e5d3-dda2-4bdd-85bc-e8fa5233fb17/datanode-5/data/ratis/ae439e5d-b7f6-4f44-b1fc-abf58ffbc901 does not exist. Creating ...
2019-06-15 07:58:40,506 INFO  server.RaftServerConfigKeys (ConfUtils.java:logGet(43)) - raft.server.snapshot.auto.trigger.enabled = true (custom)
2019-06-15 07:58:40,506 INFO  server.RaftServerConfigKeys (ConfUtils.java:logGet(43)) - raft.server.snapshot.auto.trigger.threshold = 10000 (custom)
2019-06-15 07:58:40,506 INFO  server.RaftServerConfigKeys (ConfUtils.java:logGet(43)) - raft.server.retrycache.expirytime = 600000ms (custom)
2019-06-15 07:58:40,506 INFO  impl.RaftServerImpl (RaftServerImpl.java:start(173)) - 8c835ba7-14e7-4f36-9d60-083df8b328a4: start group-ABF58FFBC901
2019-06-15 07:58:40,506 INFO  impl.RaftServerImpl (RaftServerImpl.java:setRole(164)) - 8c835ba7-14e7-4f36-9d60-083df8b328a4:group-ABF58FFBC901 changes role from null to FOLLOWER at term 0 for startAsFollower
2019-06-15 07:58:40,506 INFO  impl.RoleInfo (RoleInfo.java:updateAndGet(143)) - 8c835ba7-14e7-4f36-9d60-083df8b328a4: start FollowerState
2019-06-15 07:58:40,507 INFO  storage.RaftStorage (RaftStorage.java:format(75)) - Storage directory /opt/src/hadoop-ozone/integration-test/target/test-dir/MiniOzoneClusterImpl-0171e5d3-dda2-4bdd-85bc-e8fa5233fb17/datanode-4/data/ratis/ae439e5d-b7f6-4f44-b1fc-abf58ffbc901 has been successfully formatted.
2019-06-15 07:58:40,507 INFO  ratis.ContainerStateMachine (ContainerStateMachine.java:loadSnapshot(199)) - The snapshot info is null.Setting the last applied index to:(t:0, i:~)
2019-06-15 07:58:40,507 INFO  server.RaftServerConfigKeys (ConfUtils.java:logGet(43)) - raft.server.leader.election.timeout = 10s (custom)
2019-06-15 07:58:40,507 INFO  server.RaftServerConfigKeys (ConfUtils.java:logGet(43)) - raft.server.log.use.memory = false (default)
2019-06-15 07:58:40,507 INFO  storage.RaftStorageDirectory (RaftStorageDirectory.java:tryLock(328)) - Lock on /opt/src/hadoop-ozone/integration-test/target/test-dir/MiniOzoneClusterImpl-0171e5d3-dda2-4bdd-85bc-e8fa5233fb17/datanode-5/data/ratis/ae439e5d-b7f6-4f44-b1fc-abf58ffbc901/in_use.lock acquired by nodename 10155@ozone-unit-076618677d3-bfkx8-1659705209
2019-06-15 07:58:40,508 INFO  util.JmxRegister (JmxRegister.java:tryRegister(44)) - Successfully registered JMX Bean with object name Ratis:service=RaftServer,group=group-ABF58FFBC901,id=8c835ba7-14e7-4f36-9d60-083df8b328a4
2019-06-15 07:58:40,507 INFO  server.RaftServerConfigKeys (ConfUtils.java:logGet(43)) - raft.server.log.appender.buffer.byte-limit = 33554432 (custom)
2019-06-15 07:58:40,508 INFO  server.RaftServerConfigKeys (ConfUtils.java:logGet(43)) - raft.server.log.segment.size.max = 16384 (custom)
2019-06-15 07:58:40,508 INFO  server.RaftServerConfigKeys (ConfUtils.java:logGet(43)) - raft.server.log.segment.cache.num.max = 2 (custom)
2019-06-15 07:58:40,508 INFO  storage.RaftLogWorker (RaftLogWorker.java:<init>(123)) - new 28c71c47-207f-442c-8a8f-f9949b8251b7-RaftLogWorker for Storage Directory /opt/src/hadoop-ozone/integration-test/target/test-dir/MiniOzoneClusterImpl-0171e5d3-dda2-4bdd-85bc-e8fa5233fb17/datanode-4/data/ratis/ae439e5d-b7f6-4f44-b1fc-abf58ffbc901
2019-06-15 07:58:40,508 INFO  server.RaftServerConfigKeys (ConfUtils.java:logGet(43)) - raft.server.log.queue.byte-limit = 2147483647 (custom)
2019-06-15 07:58:40,508 INFO  server.RaftServerConfigKeys (ConfUtils.java:logGet(43)) - raft.server.log.queue.element-limit = 1024 (custom)
2019-06-15 07:58:40,509 INFO  server.RaftServerConfigKeys (ConfUtils.java:logGet(43)) - raft.server.log.segment.size.max = 16384 (custom)
2019-06-15 07:58:40,509 INFO  server.RaftServerConfigKeys (ConfUtils.java:logGet(43)) - raft.server.log.preallocated.size = 16384 (custom)
2019-06-15 07:58:40,509 INFO  server.RaftServerConfigKeys (ConfUtils.java:logGet(43)) - raft.server.log.write.buffer.size = 33554432 (custom)
2019-06-15 07:58:40,509 INFO  server.RaftServerConfigKeys (ConfUtils.java:logGet(43)) - raft.server.log.force.sync.num = 128 (default)
2019-06-15 07:58:40,509 INFO  server.RaftServerConfigKeys (ConfUtils.java:logGet(43)) - raft.server.log.statemachine.data.sync = true (default)
2019-06-15 07:58:40,509 INFO  server.RaftServerConfigKeys (ConfUtils.java:logGet(43)) - raft.server.log.statemachine.data.sync.timeout = 10s (default)
2019-06-15 07:58:40,509 INFO  server.RaftServerConfigKeys (ConfUtils.java:logGet(43)) - raft.server.log.statemachine.data.sync.timeout.retry = -1 (default)
2019-06-15 07:58:40,510 INFO  storage.RaftStorage (RaftStorage.java:format(75)) - Storage directory /opt/src/hadoop-ozone/integration-test/target/test-dir/MiniOzoneClusterImpl-0171e5d3-dda2-4bdd-85bc-e8fa5233fb17/datanode-5/data/ratis/ae439e5d-b7f6-4f44-b1fc-abf58ffbc901 has been successfully formatted.
2019-06-15 07:58:40,510 INFO  ratis.ContainerStateMachine (ContainerStateMachine.java:loadSnapshot(199)) - The snapshot info is null.Setting the last applied index to:(t:0, i:~)
2019-06-15 07:58:40,510 INFO  server.RaftServerConfigKeys (ConfUtils.java:logGet(43)) - raft.server.leader.election.timeout = 10s (custom)
2019-06-15 07:58:40,510 INFO  server.RaftServerConfigKeys (ConfUtils.java:logGet(43)) - raft.server.log.use.memory = false (default)
2019-06-15 07:58:40,510 INFO  server.RaftServerConfigKeys (ConfUtils.java:logGet(43)) - raft.server.log.appender.buffer.byte-limit = 33554432 (custom)
2019-06-15 07:58:40,510 INFO  server.RaftServerConfigKeys (ConfUtils.java:logGet(43)) - raft.server.log.segment.size.max = 16384 (custom)
2019-06-15 07:58:40,510 INFO  server.RaftServerConfigKeys (ConfUtils.java:logGet(43)) - raft.server.log.segment.cache.num.max = 2 (custom)
2019-06-15 07:58:40,511 INFO  server.RaftServerConfigKeys (ConfUtils.java:logGet(43)) - raft.server.log.statemachine.data.caching.enabled = true (custom)
2019-06-15 07:58:40,511 INFO  storage.RaftLogWorker (RaftLogWorker.java:<init>(123)) - new ee7ba0e7-1b82-4b5c-aa4f-8a520c919098-RaftLogWorker for Storage Directory /opt/src/hadoop-ozone/integration-test/target/test-dir/MiniOzoneClusterImpl-0171e5d3-dda2-4bdd-85bc-e8fa5233fb17/datanode-5/data/ratis/ae439e5d-b7f6-4f44-b1fc-abf58ffbc901
2019-06-15 07:58:40,511 INFO  server.RaftServerConfigKeys (ConfUtils.java:logGet(43)) - raft.server.log.queue.byte-limit = 2147483647 (custom)
2019-06-15 07:58:40,511 INFO  server.RaftServerConfigKeys (ConfUtils.java:logGet(43)) - raft.server.log.queue.element-limit = 1024 (custom)
2019-06-15 07:58:40,511 INFO  server.RaftServerConfigKeys (ConfUtils.java:logGet(43)) - raft.server.log.segment.size.max = 16384 (custom)
2019-06-15 07:58:40,511 INFO  server.RaftServerConfigKeys (ConfUtils.java:logGet(43)) - raft.server.log.preallocated.size = 16384 (custom)
2019-06-15 07:58:40,511 INFO  server.RaftServerConfigKeys (ConfUtils.java:logGet(43)) - raft.server.log.write.buffer.size = 33554432 (custom)
2019-06-15 07:58:40,512 INFO  server.RaftServerConfigKeys (ConfUtils.java:logGet(43)) - raft.server.log.force.sync.num = 128 (default)
2019-06-15 07:58:40,512 INFO  server.RaftServerConfigKeys (ConfUtils.java:logGet(43)) - raft.server.log.statemachine.data.sync = true (default)
2019-06-15 07:58:40,512 INFO  server.RaftServerConfigKeys (ConfUtils.java:logGet(43)) - raft.server.log.statemachine.data.sync.timeout = 10s (default)
2019-06-15 07:58:40,512 INFO  server.RaftServerConfigKeys (ConfUtils.java:logGet(43)) - raft.server.log.statemachine.data.sync.timeout.retry = -1 (default)
2019-06-15 07:58:40,514 INFO  server.RaftServerConfigKeys (ConfUtils.java:logGet(43)) - raft.server.log.statemachine.data.caching.enabled = true (custom)
2019-06-15 07:58:40,514 INFO  server.RaftServerConfigKeys (ConfUtils.java:logGet(43)) - raft.server.snapshot.auto.trigger.enabled = true (custom)
2019-06-15 07:58:40,514 INFO  server.RaftServerConfigKeys (ConfUtils.java:logGet(43)) - raft.server.snapshot.auto.trigger.threshold = 10000 (custom)
2019-06-15 07:58:40,514 INFO  server.RaftServerConfigKeys (ConfUtils.java:logGet(43)) - raft.server.snapshot.auto.trigger.enabled = true (custom)
2019-06-15 07:58:40,515 INFO  server.RaftServerConfigKeys (ConfUtils.java:logGet(43)) - raft.server.retrycache.expirytime = 600000ms (custom)
2019-06-15 07:58:40,515 INFO  server.RaftServerConfigKeys (ConfUtils.java:logGet(43)) - raft.server.snapshot.auto.trigger.threshold = 10000 (custom)
2019-06-15 07:58:40,515 INFO  server.RaftServerConfigKeys (ConfUtils.java:logGet(43)) - raft.server.retrycache.expirytime = 600000ms (custom)
2019-06-15 07:58:40,515 INFO  impl.RaftServerImpl (RaftServerImpl.java:start(173)) - 28c71c47-207f-442c-8a8f-f9949b8251b7: start group-ABF58FFBC901
2019-06-15 07:58:40,515 INFO  impl.RaftServerImpl (RaftServerImpl.java:setRole(164)) - 28c71c47-207f-442c-8a8f-f9949b8251b7:group-ABF58FFBC901 changes role from null to FOLLOWER at term 0 for startAsFollower
2019-06-15 07:58:40,515 INFO  impl.RoleInfo (RoleInfo.java:updateAndGet(143)) - 28c71c47-207f-442c-8a8f-f9949b8251b7: start FollowerState
2019-06-15 07:58:40,515 INFO  impl.RaftServerImpl (RaftServerImpl.java:start(173)) - ee7ba0e7-1b82-4b5c-aa4f-8a520c919098: start group-ABF58FFBC901
2019-06-15 07:58:40,515 INFO  impl.RaftServerImpl (RaftServerImpl.java:setRole(164)) - ee7ba0e7-1b82-4b5c-aa4f-8a520c919098:group-ABF58FFBC901 changes role from null to FOLLOWER at term 0 for startAsFollower
2019-06-15 07:58:40,516 INFO  util.JmxRegister (JmxRegister.java:tryRegister(44)) - Successfully registered JMX Bean with object name Ratis:service=RaftServer,group=group-ABF58FFBC901,id=28c71c47-207f-442c-8a8f-f9949b8251b7
2019-06-15 07:58:40,520 INFO  impl.RoleInfo (RoleInfo.java:updateAndGet(143)) - ee7ba0e7-1b82-4b5c-aa4f-8a520c919098: start FollowerState
2019-06-15 07:58:40,520 INFO  util.JmxRegister (JmxRegister.java:tryRegister(44)) - Successfully registered JMX Bean with object name Ratis:service=RaftServer,group=group-ABF58FFBC901,id=ee7ba0e7-1b82-4b5c-aa4f-8a520c919098
2019-06-15 07:58:40,540 INFO  pipeline.PipelineStateManager (PipelineStateManager.java:addPipeline(56)) - Created pipeline Pipeline[ Id: ae439e5d-b7f6-4f44-b1fc-abf58ffbc901, Nodes: ee7ba0e7-1b82-4b5c-aa4f-8a520c919098{ip: 192.168.11.234, host: ozone-unit-076618677d3-bfkx8-1659705209, networkLocation: /default-rack, certSerialId: null}28c71c47-207f-442c-8a8f-f9949b8251b7{ip: 192.168.11.234, host: ozone-unit-076618677d3-bfkx8-1659705209, networkLocation: /default-rack, certSerialId: null}8c835ba7-14e7-4f36-9d60-083df8b328a4{ip: 192.168.11.234, host: ozone-unit-076618677d3-bfkx8-1659705209, networkLocation: /default-rack, certSerialId: null}, Type:RATIS, Factor:THREE, State:OPEN]
2019-06-15 07:58:40,978 INFO  impl.FollowerState (FollowerState.java:run(101)) - b1adddb5-7b04-49be-8a43-ea6059f6d4ab:group-F8C4D059F41D changes to CANDIDATE, lastRpcTime:1064, electionTimeout:1064ms
2019-06-15 07:58:40,978 INFO  impl.RoleInfo (RoleInfo.java:shutdownFollowerState(121)) - b1adddb5-7b04-49be-8a43-ea6059f6d4ab: shutdown FollowerState
2019-06-15 07:58:40,978 INFO  impl.RaftServerImpl (RaftServerImpl.java:setRole(164)) - b1adddb5-7b04-49be-8a43-ea6059f6d4ab:group-F8C4D059F41D changes role from FOLLOWER to CANDIDATE at term 0 for changeToCandidate
2019-06-15 07:58:40,980 INFO  impl.RoleInfo (RoleInfo.java:updateAndGet(143)) - b1adddb5-7b04-49be-8a43-ea6059f6d4ab: start LeaderElection
2019-06-15 07:58:40,990 INFO  impl.LeaderElection (LeaderElection.java:askForVotes(181)) - b1adddb5-7b04-49be-8a43-ea6059f6d4ab:group-F8C4D059F41D:LeaderElection1: begin an election at term 1 for -1: [b1adddb5-7b04-49be-8a43-ea6059f6d4ab:192.168.11.234:43063], old=null
2019-06-15 07:58:40,992 INFO  impl.RoleInfo (RoleInfo.java:shutdownLeaderElection(134)) - b1adddb5-7b04-49be-8a43-ea6059f6d4ab: shutdown LeaderElection
2019-06-15 07:58:40,992 INFO  impl.RaftServerImpl (RaftServerImpl.java:setRole(164)) - b1adddb5-7b04-49be-8a43-ea6059f6d4ab:group-F8C4D059F41D changes role from CANDIDATE to LEADER at term 1 for changeToLeader
2019-06-15 07:58:40,992 INFO  impl.RaftServerImpl (ServerState.java:setLeader(263)) - b1adddb5-7b04-49be-8a43-ea6059f6d4ab:group-F8C4D059F41D change Leader from null to b1adddb5-7b04-49be-8a43-ea6059f6d4ab at term 1 for becomeLeader, leader elected after 1294ms
2019-06-15 07:58:40,996 INFO  server.RaftServerConfigKeys (ConfUtils.java:logGet(43)) - raft.server.staging.catchup.gap = 1000 (default)
2019-06-15 07:58:40,996 INFO  server.RaftServerConfigKeys (ConfUtils.java:logGet(43)) - raft.server.rpc.sleep.time = 25ms (default)
2019-06-15 07:58:40,998 INFO  server.RaftServerConfigKeys (ConfUtils.java:logGet(43)) - raft.server.watch.timeout = 10s (default)
2019-06-15 07:58:40,998 INFO  server.RaftServerConfigKeys (ConfUtils.java:logGet(43)) - raft.server.watch.timeout.denomination = 1s (default)
2019-06-15 07:58:41,004 INFO  impl.RoleInfo (RoleInfo.java:updateAndGet(143)) - b1adddb5-7b04-49be-8a43-ea6059f6d4ab: start LeaderState
2019-06-15 07:58:41,017 INFO  storage.RaftLogWorker (RaftLogWorker.java:startLogSegment(298)) - b1adddb5-7b04-49be-8a43-ea6059f6d4ab-RaftLogWorker: Starting segment from index:0
2019-06-15 07:58:41,028 INFO  impl.RaftServerImpl (ServerState.java:setRaftConf(361)) - b1adddb5-7b04-49be-8a43-ea6059f6d4ab:group-F8C4D059F41D set configuration 0: [b1adddb5-7b04-49be-8a43-ea6059f6d4ab:192.168.11.234:43063], old=null at 0
2019-06-15 07:58:41,166 INFO  storage.RaftLogWorker (RaftLogWorker.java:execute(469)) - b1adddb5-7b04-49be-8a43-ea6059f6d4ab-RaftLogWorker: created new log segment /opt/src/hadoop-ozone/integration-test/target/test-dir/MiniOzoneClusterImpl-0171e5d3-dda2-4bdd-85bc-e8fa5233fb17/datanode-0/data/ratis/9874e3b9-c227-46d8-b0b5-f8c4d059f41d/current/log_inprogress_0
2019-06-15 07:58:41,167 INFO  impl.FollowerState (FollowerState.java:run(101)) - eaae07a7-f00d-4e92-91da-f9b2e9e96706:group-4AC200FAC97F changes to CANDIDATE, lastRpcTime:1167, electionTimeout:1156ms
2019-06-15 07:58:41,169 INFO  impl.RoleInfo (RoleInfo.java:shutdownFollowerState(121)) - eaae07a7-f00d-4e92-91da-f9b2e9e96706: shutdown FollowerState
2019-06-15 07:58:41,169 INFO  impl.RaftServerImpl (RaftServerImpl.java:setRole(164)) - eaae07a7-f00d-4e92-91da-f9b2e9e96706:group-4AC200FAC97F changes role from FOLLOWER to CANDIDATE at term 0 for changeToCandidate
2019-06-15 07:58:41,169 INFO  impl.RoleInfo (RoleInfo.java:updateAndGet(143)) - eaae07a7-f00d-4e92-91da-f9b2e9e96706: start LeaderElection
2019-06-15 07:58:41,181 INFO  impl.LeaderElection (LeaderElection.java:askForVotes(181)) - eaae07a7-f00d-4e92-91da-f9b2e9e96706:group-4AC200FAC97F:LeaderElection2: begin an election at term 1 for -1: [eaae07a7-f00d-4e92-91da-f9b2e9e96706:192.168.11.234:40483], old=null
2019-06-15 07:58:41,182 INFO  impl.RoleInfo (RoleInfo.java:shutdownLeaderElection(134)) - eaae07a7-f00d-4e92-91da-f9b2e9e96706: shutdown LeaderElection
2019-06-15 07:58:41,182 INFO  impl.RaftServerImpl (RaftServerImpl.java:setRole(164)) - eaae07a7-f00d-4e92-91da-f9b2e9e96706:group-4AC200FAC97F changes role from CANDIDATE to LEADER at term 1 for changeToLeader
2019-06-15 07:58:41,183 INFO  impl.RaftServerImpl (ServerState.java:setLeader(263)) - eaae07a7-f00d-4e92-91da-f9b2e9e96706:group-4AC200FAC97F change Leader from null to eaae07a7-f00d-4e92-91da-f9b2e9e96706 at term 1 for becomeLeader, leader elected after 1187ms
2019-06-15 07:58:41,184 INFO  server.RaftServerConfigKeys (ConfUtils.java:logGet(43)) - raft.server.staging.catchup.gap = 1000 (default)
2019-06-15 07:58:41,184 INFO  server.RaftServerConfigKeys (ConfUtils.java:logGet(43)) - raft.server.rpc.sleep.time = 25ms (default)
2019-06-15 07:58:41,184 INFO  server.RaftServerConfigKeys (ConfUtils.java:logGet(43)) - raft.server.watch.timeout = 10s (default)
2019-06-15 07:58:41,184 INFO  server.RaftServerConfigKeys (ConfUtils.java:logGet(43)) - raft.server.watch.timeout.denomination = 1s (default)
2019-06-15 07:58:41,184 INFO  impl.RoleInfo (RoleInfo.java:updateAndGet(143)) - eaae07a7-f00d-4e92-91da-f9b2e9e96706: start LeaderState
2019-06-15 07:58:41,185 INFO  storage.RaftLogWorker (RaftLogWorker.java:startLogSegment(298)) - eaae07a7-f00d-4e92-91da-f9b2e9e96706-RaftLogWorker: Starting segment from index:0
2019-06-15 07:58:41,197 INFO  impl.FollowerState (FollowerState.java:run(101)) - 28c71c47-207f-442c-8a8f-f9949b8251b7:group-B4CEA0601CB5 changes to CANDIDATE, lastRpcTime:1005, electionTimeout:1000ms
2019-06-15 07:58:41,197 INFO  impl.RoleInfo (RoleInfo.java:shutdownFollowerState(121)) - 28c71c47-207f-442c-8a8f-f9949b8251b7: shutdown FollowerState
2019-06-15 07:58:41,197 INFO  impl.RaftServerImpl (RaftServerImpl.java:setRole(164)) - 28c71c47-207f-442c-8a8f-f9949b8251b7:group-B4CEA0601CB5 changes role from FOLLOWER to CANDIDATE at term 0 for changeToCandidate
2019-06-15 07:58:41,199 INFO  impl.RoleInfo (RoleInfo.java:updateAndGet(143)) - 28c71c47-207f-442c-8a8f-f9949b8251b7: start LeaderElection
2019-06-15 07:58:41,199 INFO  impl.RaftServerImpl (ServerState.java:setRaftConf(361)) - eaae07a7-f00d-4e92-91da-f9b2e9e96706:group-4AC200FAC97F set configuration 0: [eaae07a7-f00d-4e92-91da-f9b2e9e96706:192.168.11.234:40483], old=null at 0
2019-06-15 07:58:41,237 INFO  storage.RaftLogWorker (RaftLogWorker.java:execute(469)) - eaae07a7-f00d-4e92-91da-f9b2e9e96706-RaftLogWorker: created new log segment /opt/src/hadoop-ozone/integration-test/target/test-dir/MiniOzoneClusterImpl-0171e5d3-dda2-4bdd-85bc-e8fa5233fb17/datanode-2/data/ratis/f6c87e02-50f1-47ce-95b9-4ac200fac97f/current/log_inprogress_0
2019-06-15 07:58:41,238 INFO  impl.LeaderElection (LeaderElection.java:askForVotes(181)) - 28c71c47-207f-442c-8a8f-f9949b8251b7:group-B4CEA0601CB5:LeaderElection3: begin an election at term 1 for -1: [28c71c47-207f-442c-8a8f-f9949b8251b7:192.168.11.234:44595], old=null
2019-06-15 07:58:41,239 INFO  impl.RoleInfo (RoleInfo.java:shutdownLeaderElection(134)) - 28c71c47-207f-442c-8a8f-f9949b8251b7: shutdown LeaderElection
2019-06-15 07:58:41,239 INFO  impl.RaftServerImpl (RaftServerImpl.java:setRole(164)) - 28c71c47-207f-442c-8a8f-f9949b8251b7:group-B4CEA0601CB5 changes role from CANDIDATE to LEADER at term 1 for changeToLeader
2019-06-15 07:58:41,239 INFO  impl.RaftServerImpl (ServerState.java:setLeader(263)) - 28c71c47-207f-442c-8a8f-f9949b8251b7:group-B4CEA0601CB5 change Leader from null to 28c71c47-207f-442c-8a8f-f9949b8251b7 at term 1 for becomeLeader, leader elected after 1053ms
2019-06-15 07:58:41,241 INFO  server.RaftServerConfigKeys (ConfUtils.java:logGet(43)) - raft.server.staging.catchup.gap = 1000 (default)
2019-06-15 07:58:41,241 INFO  server.RaftServerConfigKeys (ConfUtils.java:logGet(43)) - raft.server.rpc.sleep.time = 25ms (default)
2019-06-15 07:58:41,242 INFO  server.RaftServerConfigKeys (ConfUtils.java:logGet(43)) - raft.server.watch.timeout = 10s (default)
2019-06-15 07:58:41,242 INFO  server.RaftServerConfigKeys (ConfUtils.java:logGet(43)) - raft.server.watch.timeout.denomination = 1s (default)
2019-06-15 07:58:41,242 INFO  impl.RoleInfo (RoleInfo.java:updateAndGet(143)) - 28c71c47-207f-442c-8a8f-f9949b8251b7: start LeaderState
2019-06-15 07:58:41,242 INFO  storage.RaftLogWorker (RaftLogWorker.java:startLogSegment(298)) - 28c71c47-207f-442c-8a8f-f9949b8251b7-RaftLogWorker: Starting segment from index:0
2019-06-15 07:58:41,253 INFO  impl.RaftServerImpl (ServerState.java:setRaftConf(361)) - 28c71c47-207f-442c-8a8f-f9949b8251b7:group-B4CEA0601CB5 set configuration 0: [28c71c47-207f-442c-8a8f-f9949b8251b7:192.168.11.234:44595], old=null at 0
2019-06-15 07:58:41,267 INFO  impl.FollowerState (FollowerState.java:run(101)) - 93673937-2def-4aa5-a59e-fb1ab8c23445:group-6F9373645260 changes to CANDIDATE, lastRpcTime:1188, electionTimeout:1186ms
2019-06-15 07:58:41,267 INFO  impl.RoleInfo (RoleInfo.java:shutdownFollowerState(121)) - 93673937-2def-4aa5-a59e-fb1ab8c23445: shutdown FollowerState
2019-06-15 07:58:41,267 INFO  impl.RaftServerImpl (RaftServerImpl.java:setRole(164)) - 93673937-2def-4aa5-a59e-fb1ab8c23445:group-6F9373645260 changes role from FOLLOWER to CANDIDATE at term 0 for changeToCandidate
2019-06-15 07:58:41,268 INFO  impl.RoleInfo (RoleInfo.java:updateAndGet(143)) - 93673937-2def-4aa5-a59e-fb1ab8c23445: start LeaderElection
2019-06-15 07:58:41,293 INFO  impl.FollowerState (FollowerState.java:run(101)) - 8c835ba7-14e7-4f36-9d60-083df8b328a4:group-DD815D7B67BC changes to CANDIDATE, lastRpcTime:1162, electionTimeout:1139ms
2019-06-15 07:58:41,293 INFO  impl.RoleInfo (RoleInfo.java:shutdownFollowerState(121)) - 8c835ba7-14e7-4f36-9d60-083df8b328a4: shutdown FollowerState
2019-06-15 07:58:41,294 INFO  impl.RaftServerImpl (RaftServerImpl.java:setRole(164)) - 8c835ba7-14e7-4f36-9d60-083df8b328a4:group-DD815D7B67BC changes role from FOLLOWER to CANDIDATE at term 0 for changeToCandidate
2019-06-15 07:58:41,294 INFO  impl.RoleInfo (RoleInfo.java:updateAndGet(143)) - 8c835ba7-14e7-4f36-9d60-083df8b328a4: start LeaderElection
2019-06-15 07:58:41,297 INFO  storage.RaftLogWorker (RaftLogWorker.java:execute(469)) - 28c71c47-207f-442c-8a8f-f9949b8251b7-RaftLogWorker: created new log segment /opt/src/hadoop-ozone/integration-test/target/test-dir/MiniOzoneClusterImpl-0171e5d3-dda2-4bdd-85bc-e8fa5233fb17/datanode-4/data/ratis/1aadc0d8-875c-4c4e-ba83-b4cea0601cb5/current/log_inprogress_0
2019-06-15 07:58:41,300 INFO  impl.LeaderElection (LeaderElection.java:askForVotes(181)) - 8c835ba7-14e7-4f36-9d60-083df8b328a4:group-DD815D7B67BC:LeaderElection5: begin an election at term 1 for -1: [8c835ba7-14e7-4f36-9d60-083df8b328a4:192.168.11.234:34893], old=null
2019-06-15 07:58:41,300 INFO  impl.LeaderElection (LeaderElection.java:askForVotes(181)) - 93673937-2def-4aa5-a59e-fb1ab8c23445:group-6F9373645260:LeaderElection4: begin an election at term 1 for -1: [93673937-2def-4aa5-a59e-fb1ab8c23445:192.168.11.234:44541], old=null
2019-06-15 07:58:41,300 INFO  impl.RoleInfo (RoleInfo.java:shutdownLeaderElection(134)) - 8c835ba7-14e7-4f36-9d60-083df8b328a4: shutdown LeaderElection
2019-06-15 07:58:41,300 INFO  impl.RaftServerImpl (RaftServerImpl.java:setRole(164)) - 8c835ba7-14e7-4f36-9d60-083df8b328a4:group-DD815D7B67BC changes role from CANDIDATE to LEADER at term 1 for changeToLeader
2019-06-15 07:58:41,301 INFO  impl.RaftServerImpl (ServerState.java:setLeader(263)) - 8c835ba7-14e7-4f36-9d60-083df8b328a4:group-DD815D7B67BC change Leader from null to 8c835ba7-14e7-4f36-9d60-083df8b328a4 at term 1 for becomeLeader, leader elected after 1173ms
2019-06-15 07:58:41,301 INFO  impl.RoleInfo (RoleInfo.java:shutdownLeaderElection(134)) - 93673937-2def-4aa5-a59e-fb1ab8c23445: shutdown LeaderElection
2019-06-15 07:58:41,301 INFO  impl.RaftServerImpl (RaftServerImpl.java:setRole(164)) - 93673937-2def-4aa5-a59e-fb1ab8c23445:group-6F9373645260 changes role from CANDIDATE to LEADER at term 1 for changeToLeader
2019-06-15 07:58:41,302 INFO  impl.RaftServerImpl (ServerState.java:setLeader(263)) - 93673937-2def-4aa5-a59e-fb1ab8c23445:group-6F9373645260 change Leader from null to 93673937-2def-4aa5-a59e-fb1ab8c23445 at term 1 for becomeLeader, leader elected after 1226ms
2019-06-15 07:58:41,302 INFO  server.RaftServerConfigKeys (ConfUtils.java:logGet(43)) - raft.server.staging.catchup.gap = 1000 (default)
2019-06-15 07:58:41,304 INFO  server.RaftServerConfigKeys (ConfUtils.java:logGet(43)) - raft.server.staging.catchup.gap = 1000 (default)
2019-06-15 07:58:41,304 INFO  server.RaftServerConfigKeys (ConfUtils.java:logGet(43)) - raft.server.rpc.sleep.time = 25ms (default)
2019-06-15 07:58:41,304 INFO  server.RaftServerConfigKeys (ConfUtils.java:logGet(43)) - raft.server.rpc.sleep.time = 25ms (default)
2019-06-15 07:58:41,304 INFO  server.RaftServerConfigKeys (ConfUtils.java:logGet(43)) - raft.server.watch.timeout = 10s (default)
2019-06-15 07:58:41,304 INFO  server.RaftServerConfigKeys (ConfUtils.java:logGet(43)) - raft.server.watch.timeout = 10s (default)
2019-06-15 07:58:41,304 INFO  server.RaftServerConfigKeys (ConfUtils.java:logGet(43)) - raft.server.watch.timeout.denomination = 1s (default)
2019-06-15 07:58:41,305 INFO  impl.RoleInfo (RoleInfo.java:updateAndGet(143)) - 8c835ba7-14e7-4f36-9d60-083df8b328a4: start LeaderState
2019-06-15 07:58:41,305 INFO  storage.RaftLogWorker (RaftLogWorker.java:startLogSegment(298)) - 8c835ba7-14e7-4f36-9d60-083df8b328a4-RaftLogWorker: Starting segment from index:0
2019-06-15 07:58:41,305 INFO  server.RaftServerConfigKeys (ConfUtils.java:logGet(43)) - raft.server.watch.timeout.denomination = 1s (default)
2019-06-15 07:58:41,305 INFO  impl.RoleInfo (RoleInfo.java:updateAndGet(143)) - 93673937-2def-4aa5-a59e-fb1ab8c23445: start LeaderState
2019-06-15 07:58:41,305 INFO  storage.RaftLogWorker (RaftLogWorker.java:startLogSegment(298)) - 93673937-2def-4aa5-a59e-fb1ab8c23445-RaftLogWorker: Starting segment from index:0
2019-06-15 07:58:41,307 INFO  impl.RaftServerImpl (ServerState.java:setRaftConf(361)) - 93673937-2def-4aa5-a59e-fb1ab8c23445:group-6F9373645260 set configuration 0: [93673937-2def-4aa5-a59e-fb1ab8c23445:192.168.11.234:44541], old=null at 0
2019-06-15 07:58:41,343 INFO  impl.RaftServerImpl (ServerState.java:setRaftConf(361)) - 8c835ba7-14e7-4f36-9d60-083df8b328a4:group-DD815D7B67BC set configuration 0: [8c835ba7-14e7-4f36-9d60-083df8b328a4:192.168.11.234:34893], old=null at 0
2019-06-15 07:58:41,355 INFO  impl.FollowerState (FollowerState.java:run(101)) - 93673937-2def-4aa5-a59e-fb1ab8c23445:group-D4F6F78185A1 changes to CANDIDATE, lastRpcTime:1082, electionTimeout:1080ms
2019-06-15 07:58:41,355 INFO  impl.RoleInfo (RoleInfo.java:shutdownFollowerState(121)) - 93673937-2def-4aa5-a59e-fb1ab8c23445: shutdown FollowerState
2019-06-15 07:58:41,355 INFO  impl.RaftServerImpl (RaftServerImpl.java:setRole(164)) - 93673937-2def-4aa5-a59e-fb1ab8c23445:group-D4F6F78185A1 changes role from FOLLOWER to CANDIDATE at term 0 for changeToCandidate
2019-06-15 07:58:41,355 INFO  impl.RoleInfo (RoleInfo.java:updateAndGet(143)) - 93673937-2def-4aa5-a59e-fb1ab8c23445: start LeaderElection
2019-06-15 07:58:41,358 INFO  storage.RaftLogWorker (RaftLogWorker.java:execute(469)) - 93673937-2def-4aa5-a59e-fb1ab8c23445-RaftLogWorker: created new log segment /opt/src/hadoop-ozone/integration-test/target/test-dir/MiniOzoneClusterImpl-0171e5d3-dda2-4bdd-85bc-e8fa5233fb17/datanode-3/data/ratis/dcf9d2ab-530a-4def-83f2-6f9373645260/current/log_inprogress_0
2019-06-15 07:58:41,358 INFO  storage.RaftLogWorker (RaftLogWorker.java:execute(469)) - 8c835ba7-14e7-4f36-9d60-083df8b328a4-RaftLogWorker: created new log segment /opt/src/hadoop-ozone/integration-test/target/test-dir/MiniOzoneClusterImpl-0171e5d3-dda2-4bdd-85bc-e8fa5233fb17/datanode-1/data/ratis/cec454ff-f414-476c-886e-dd815d7b67bc/current/log_inprogress_0
2019-06-15 07:58:41,360 INFO  impl.LeaderElection (LeaderElection.java:askForVotes(181)) - 93673937-2def-4aa5-a59e-fb1ab8c23445:group-D4F6F78185A1:LeaderElection6: begin an election at term 1 for -1: [eaae07a7-f00d-4e92-91da-f9b2e9e96706:192.168.11.234:40483, 93673937-2def-4aa5-a59e-fb1ab8c23445:192.168.11.234:44541, b1adddb5-7b04-49be-8a43-ea6059f6d4ab:192.168.11.234:43063], old=null
2019-06-15 07:58:41,388 INFO  impl.RaftServerImpl (RaftServerImpl.java:setRole(164)) - eaae07a7-f00d-4e92-91da-f9b2e9e96706:group-D4F6F78185A1 changes role from FOLLOWER to FOLLOWER at term 1 for recognizeCandidate:93673937-2def-4aa5-a59e-fb1ab8c23445
2019-06-15 07:58:41,388 INFO  impl.RoleInfo (RoleInfo.java:shutdownFollowerState(121)) - eaae07a7-f00d-4e92-91da-f9b2e9e96706: shutdown FollowerState
2019-06-15 07:58:41,388 INFO  impl.RoleInfo (RoleInfo.java:updateAndGet(143)) - eaae07a7-f00d-4e92-91da-f9b2e9e96706: start FollowerState
2019-06-15 07:58:41,388 INFO  impl.FollowerState (FollowerState.java:run(109)) - eaae07a7-f00d-4e92-91da-f9b2e9e96706: FollowerState was interrupted: java.lang.InterruptedException: sleep interrupted
2019-06-15 07:58:41,396 INFO  impl.RaftServerImpl (RaftServerImpl.java:setRole(164)) - b1adddb5-7b04-49be-8a43-ea6059f6d4ab:group-D4F6F78185A1 changes role from FOLLOWER to FOLLOWER at term 1 for recognizeCandidate:93673937-2def-4aa5-a59e-fb1ab8c23445
2019-06-15 07:58:41,396 INFO  impl.RoleInfo (RoleInfo.java:shutdownFollowerState(121)) - b1adddb5-7b04-49be-8a43-ea6059f6d4ab: shutdown FollowerState
2019-06-15 07:58:41,396 INFO  impl.FollowerState (FollowerState.java:run(109)) - b1adddb5-7b04-49be-8a43-ea6059f6d4ab: FollowerState was interrupted: java.lang.InterruptedException: sleep interrupted
2019-06-15 07:58:41,396 INFO  impl.RoleInfo (RoleInfo.java:updateAndGet(143)) - b1adddb5-7b04-49be-8a43-ea6059f6d4ab: start FollowerState
2019-06-15 07:58:41,406 INFO  impl.LeaderElection (LeaderElection.java:logAndReturn(56)) - 93673937-2def-4aa5-a59e-fb1ab8c23445:group-D4F6F78185A1:LeaderElection6: Election PASSED; received 1 response(s) [93673937-2def-4aa5-a59e-fb1ab8c23445->eaae07a7-f00d-4e92-91da-f9b2e9e96706,true-t1] and 0 exception(s); 93673937-2def-4aa5-a59e-fb1ab8c23445:t1, leader=null, voted=93673937-2def-4aa5-a59e-fb1ab8c23445, raftlog=93673937-2def-4aa5-a59e-fb1ab8c23445-SegmentedRaftLog:OPENED:c-1,f-1,i0, conf=-1: [eaae07a7-f00d-4e92-91da-f9b2e9e96706:192.168.11.234:40483, 93673937-2def-4aa5-a59e-fb1ab8c23445:192.168.11.234:44541, b1adddb5-7b04-49be-8a43-ea6059f6d4ab:192.168.11.234:43063], old=null
2019-06-15 07:58:41,407 INFO  impl.RoleInfo (RoleInfo.java:shutdownLeaderElection(134)) - 93673937-2def-4aa5-a59e-fb1ab8c23445: shutdown LeaderElection
2019-06-15 07:58:41,411 INFO  impl.RaftServerImpl (RaftServerImpl.java:setRole(164)) - 93673937-2def-4aa5-a59e-fb1ab8c23445:group-D4F6F78185A1 changes role from CANDIDATE to LEADER at term 1 for changeToLeader
2019-06-15 07:58:41,411 INFO  impl.RaftServerImpl (ServerState.java:setLeader(263)) - 93673937-2def-4aa5-a59e-fb1ab8c23445:group-D4F6F78185A1 change Leader from null to 93673937-2def-4aa5-a59e-fb1ab8c23445 at term 1 for becomeLeader, leader elected after 1142ms
2019-06-15 07:58:41,412 INFO  server.RaftServerConfigKeys (ConfUtils.java:logGet(43)) - raft.server.staging.catchup.gap = 1000 (default)
2019-06-15 07:58:41,412 INFO  server.RaftServerConfigKeys (ConfUtils.java:logGet(43)) - raft.server.rpc.sleep.time = 25ms (default)
2019-06-15 07:58:41,412 INFO  server.RaftServerConfigKeys (ConfUtils.java:logGet(43)) - raft.server.watch.timeout = 10s (default)
2019-06-15 07:58:41,412 INFO  server.RaftServerConfigKeys (ConfUtils.java:logGet(43)) - raft.server.watch.timeout.denomination = 1s (default)
2019-06-15 07:58:41,413 INFO  server.RaftServerConfigKeys (ConfUtils.java:logGet(43)) - raft.server.log.appender.snapshot.chunk.size.max = 16MB (=16777216) (default)
2019-06-15 07:58:41,414 INFO  server.RaftServerConfigKeys (ConfUtils.java:logGet(43)) - raft.server.log.appender.buffer.byte-limit = 33554432 (custom)
2019-06-15 07:58:41,414 INFO  server.RaftServerConfigKeys (ConfUtils.java:logGet(43)) - raft.server.log.appender.buffer.element-limit = 1 (custom)
2019-06-15 07:58:41,415 INFO  grpc.GrpcConfigKeys$Server (ConfUtils.java:logGet(43)) - raft.grpc.server.leader.outstanding.appends.max = 128 (default)
2019-06-15 07:58:41,415 INFO  server.RaftServerConfigKeys (ConfUtils.java:logGet(43)) - raft.server.rpc.request.timeout = 3000ms (default)
2019-06-15 07:58:41,415 INFO  server.RaftServerConfigKeys (ConfUtils.java:logGet(43)) - raft.server.log.appender.install.snapshot.enabled = true (default)
2019-06-15 07:58:41,415 INFO  server.RaftServerConfigKeys (ConfUtils.java:logGet(43)) - raft.server.log.appender.snapshot.chunk.size.max = 16MB (=16777216) (default)
2019-06-15 07:58:41,415 INFO  server.RaftServerConfigKeys (ConfUtils.java:logGet(43)) - raft.server.log.appender.buffer.byte-limit = 33554432 (custom)
2019-06-15 07:58:41,416 INFO  server.RaftServerConfigKeys (ConfUtils.java:logGet(43)) - raft.server.log.appender.buffer.element-limit = 1 (custom)
2019-06-15 07:58:41,416 INFO  grpc.GrpcConfigKeys$Server (ConfUtils.java:logGet(43)) - raft.grpc.server.leader.outstanding.appends.max = 128 (default)
2019-06-15 07:58:41,416 INFO  server.RaftServerConfigKeys (ConfUtils.java:logGet(43)) - raft.server.rpc.request.timeout = 3000ms (default)
2019-06-15 07:58:41,416 INFO  server.RaftServerConfigKeys (ConfUtils.java:logGet(43)) - raft.server.log.appender.install.snapshot.enabled = true (default)
2019-06-15 07:58:41,416 INFO  impl.RoleInfo (RoleInfo.java:updateAndGet(143)) - 93673937-2def-4aa5-a59e-fb1ab8c23445: start LeaderState
2019-06-15 07:58:41,416 INFO  storage.RaftLogWorker (RaftLogWorker.java:startLogSegment(298)) - 93673937-2def-4aa5-a59e-fb1ab8c23445-RaftLogWorker: Starting segment from index:0
2019-06-15 07:58:41,427 INFO  impl.RaftServerImpl (ServerState.java:setRaftConf(361)) - 93673937-2def-4aa5-a59e-fb1ab8c23445:group-D4F6F78185A1 set configuration 0: [eaae07a7-f00d-4e92-91da-f9b2e9e96706:192.168.11.234:40483, 93673937-2def-4aa5-a59e-fb1ab8c23445:192.168.11.234:44541, b1adddb5-7b04-49be-8a43-ea6059f6d4ab:192.168.11.234:43063], old=null at 0
2019-06-15 07:58:41,435 INFO  ozone.MiniOzoneClusterImpl (MiniOzoneClusterImpl.java:lambda$waitForClusterToBeReady$0(142)) - Cluster is ready. Got 6 of 6 DN Heartbeats.
2019-06-15 07:58:41,460 INFO  storage.RaftLogWorker (RaftLogWorker.java:execute(469)) - 93673937-2def-4aa5-a59e-fb1ab8c23445-RaftLogWorker: created new log segment /opt/src/hadoop-ozone/integration-test/target/test-dir/MiniOzoneClusterImpl-0171e5d3-dda2-4bdd-85bc-e8fa5233fb17/datanode-3/data/ratis/caa15468-cd19-44ac-89e5-d4f6f78185a1/current/log_inprogress_0
2019-06-15 07:58:41,468 INFO  impl.RaftServerImpl (ServerState.java:setLeader(263)) - eaae07a7-f00d-4e92-91da-f9b2e9e96706:group-D4F6F78185A1 change Leader from null to 93673937-2def-4aa5-a59e-fb1ab8c23445 at term 1 for appendEntries, leader elected after 1195ms
]]></system-out>
    <system-err><![CDATA[ERROR StatusLogger No Log4j 2 configuration file found. Using default configuration (logging only errors to the console), or user programmatically provided configurations. Set system property 'log4j2.debug' to show Log4j 2 internal initialization logging. See https://logging.apache.org/log4j/2.x/manual/configuration.html for instructions on how to configure Log4j 2
Jun 15, 2019 7:58:34 AM com.sun.jersey.server.impl.application.WebApplicationImpl _initiate
INFO: Initiating Jersey application, version 'Jersey: 1.19 02/11/2015 03:25 AM'
Jun 15, 2019 7:58:35 AM com.sun.jersey.server.impl.application.WebApplicationImpl _initiate
INFO: Initiating Jersey application, version 'Jersey: 1.19 02/11/2015 03:25 AM'
Jun 15, 2019 7:58:35 AM com.sun.jersey.server.impl.application.WebApplicationImpl _initiate
INFO: Initiating Jersey application, version 'Jersey: 1.19 02/11/2015 03:25 AM'
Jun 15, 2019 7:58:35 AM com.sun.jersey.server.impl.application.WebApplicationImpl _initiate
INFO: Initiating Jersey application, version 'Jersey: 1.19 02/11/2015 03:25 AM'
Jun 15, 2019 7:58:35 AM com.sun.jersey.server.impl.application.WebApplicationImpl _initiate
INFO: Initiating Jersey application, version 'Jersey: 1.19 02/11/2015 03:25 AM'
Jun 15, 2019 7:58:36 AM com.sun.jersey.server.impl.application.WebApplicationImpl _initiate
INFO: Initiating Jersey application, version 'Jersey: 1.19 02/11/2015 03:25 AM'
]]></system-err>
  </testcase>
</testsuite>