<?xml version="1.0" encoding="UTF-8"?>
<testsuite xmlns:xsi="http://www.w3.org/2001/XMLSchema-instance" xsi:noNamespaceSchemaLocation="https://maven.apache.org/surefire/maven-surefire-plugin/xsd/surefire-test-report.xsd" name="org.apache.hadoop.ozone.TestStorageContainerManager" time="52.12" tests="8" errors="2" skipped="0" failures="0">
  <properties>
    <property name="awt.toolkit" value="sun.awt.X11.XToolkit"/>
    <property name="file.encoding.pkg" value="sun.io"/>
    <property name="java.specification.version" value="1.8"/>
    <property name="sun.cpu.isalist" value=""/>
    <property name="sun.jnu.encoding" value="UTF-8"/>
    <property name="java.class.path" value="/opt/src/hadoop-ozone/integration-test/target/test-classes:/opt/src/hadoop-ozone/integration-test/target/classes:/home/user/.m2/repository/org/apache/hadoop/hadoop-ozone-common/0.5.0-SNAPSHOT/hadoop-ozone-common-0.5.0-SNAPSHOT.jar:/home/user/.m2/repository/org/apache/commons/commons-compress/1.4.1/commons-compress-1.4.1.jar:/home/user/.m2/repository/org/tukaani/xz/1.0/xz-1.0.jar:/home/user/.m2/repository/org/apache/hadoop/hadoop-common/3.2.0/hadoop-common-3.2.0.jar:/home/user/.m2/repository/org/apache/hadoop/hadoop-hdfs/3.2.0/hadoop-hdfs-3.2.0.jar:/home/user/.m2/repository/org/apache/hadoop/hadoop-hdfs-client/3.2.0/hadoop-hdfs-client-3.2.0.jar:/home/user/.m2/repository/com/fasterxml/jackson/core/jackson-annotations/2.9.5/jackson-annotations-2.9.5.jar:/home/user/.m2/repository/org/apache/hadoop/hadoop-hdds-common/0.5.0-SNAPSHOT/hadoop-hdds-common-0.5.0-SNAPSHOT.jar:/home/user/.m2/repository/javax/annotation/javax.annotation-api/1.2/javax.annotation-api-1.2.jar:/home/user/.m2/repository/org/apache/ratis/ratis-server/0.4.0-2337318-SNAPSHOT/ratis-server-0.4.0-2337318-SNAPSHOT.jar:/home/user/.m2/repository/org/apache/ratis/ratis-thirdparty-misc/0.2.0/ratis-thirdparty-misc-0.2.0.jar:/home/user/.m2/repository/org/apache/ratis/ratis-proto/0.4.0-2337318-SNAPSHOT/ratis-proto-0.4.0-2337318-SNAPSHOT.jar:/home/user/.m2/repository/org/apache/ratis/ratis-common/0.4.0-2337318-SNAPSHOT/ratis-common-0.4.0-2337318-SNAPSHOT.jar:/home/user/.m2/repository/org/apache/ratis/ratis-client/0.4.0-2337318-SNAPSHOT/ratis-client-0.4.0-2337318-SNAPSHOT.jar:/home/user/.m2/repository/org/apache/ratis/ratis-metrics/0.4.0-2337318-SNAPSHOT/ratis-metrics-0.4.0-2337318-SNAPSHOT.jar:/home/user/.m2/repository/org/apache/ratis/ratis-netty/0.4.0-2337318-SNAPSHOT/ratis-netty-0.4.0-2337318-SNAPSHOT.jar:/home/user/.m2/repository/org/apache/ratis/ratis-grpc/0.4.0-2337318-SNAPSHOT/ratis-grpc-0.4.0-2337318-SNAPSHOT.jar:/home/user/.m2/repository/org/rocksdb/rocksdbjni/6.0.1/rocksdbjni-6.0.1.jar:/home/user/.m2/repository/org/apache/logging/log4j/log4j-api/2.11.0/log4j-api-2.11.0.jar:/home/user/.m2/repository/org/apache/logging/log4j/log4j-core/2.11.0/log4j-core-2.11.0.jar:/home/user/.m2/repository/com/lmax/disruptor/3.4.2/disruptor-3.4.2.jar:/home/user/.m2/repository/org/apache/commons/commons-pool2/2.6.0/commons-pool2-2.6.0.jar:/home/user/.m2/repository/org/bouncycastle/bcpkix-jdk15on/1.60/bcpkix-jdk15on-1.60.jar:/home/user/.m2/repository/commons-validator/commons-validator/1.6/commons-validator-1.6.jar:/home/user/.m2/repository/commons-digester/commons-digester/1.8.1/commons-digester-1.8.1.jar:/home/user/.m2/repository/io/jaegertracing/jaeger-client/0.33.1/jaeger-client-0.33.1.jar:/home/user/.m2/repository/io/jaegertracing/jaeger-thrift/0.33.1/jaeger-thrift-0.33.1.jar:/home/user/.m2/repository/org/apache/thrift/libthrift/0.11.0/libthrift-0.11.0.jar:/home/user/.m2/repository/com/squareup/okhttp3/okhttp/3.9.0/okhttp-3.9.0.jar:/home/user/.m2/repository/com/squareup/okio/okio/1.13.0/okio-1.13.0.jar:/home/user/.m2/repository/io/jaegertracing/jaeger-core/0.33.1/jaeger-core-0.33.1.jar:/home/user/.m2/repository/io/jaegertracing/jaeger-tracerresolver/0.33.1/jaeger-tracerresolver-0.33.1.jar:/home/user/.m2/repository/io/opentracing/contrib/opentracing-tracerresolver/0.1.5/opentracing-tracerresolver-0.1.5.jar:/home/user/.m2/repository/io/opentracing/opentracing-util/0.31.0/opentracing-util-0.31.0.jar:/home/user/.m2/repository/io/opentracing/opentracing-api/0.31.0/opentracing-api-0.31.0.jar:/home/user/.m2/repository/io/opentracing/opentracing-noop/0.31.0/opentracing-noop-0.31.0.jar:/home/user/.m2/repository/org/apache/hadoop/hadoop-hdds-server-framework/0.5.0-SNAPSHOT/hadoop-hdds-server-framework-0.5.0-SNAPSHOT.jar:/home/user/.m2/repository/org/apache/hadoop/hadoop-hdds-container-service/0.5.0-SNAPSHOT/hadoop-hdds-container-service-0.5.0-SNAPSHOT.jar:/home/user/.m2/repository/org/apache/hadoop/hadoop-hdds-client/0.5.0-SNAPSHOT/hadoop-hdds-client-0.5.0-SNAPSHOT.jar:/home/user/.m2/repository/org/apache/hadoop/hadoop-hdds-tools/0.5.0-SNAPSHOT/hadoop-hdds-tools-0.5.0-SNAPSHOT.jar:/home/user/.m2/repository/org/apache/hadoop/hadoop-hdds-server-scm/0.5.0-SNAPSHOT/hadoop-hdds-server-scm-0.5.0-SNAPSHOT.jar:/home/user/.m2/repository/org/apache/hadoop/hadoop-hdds-docs/0.5.0-SNAPSHOT/hadoop-hdds-docs-0.5.0-SNAPSHOT.jar:/home/user/.m2/repository/io/dropwizard/metrics/metrics-core/3.2.4/metrics-core-3.2.4.jar:/home/user/.m2/repository/org/hamcrest/hamcrest-all/1.3/hamcrest-all-1.3.jar:/home/user/.m2/repository/org/bouncycastle/bcprov-jdk15on/1.60/bcprov-jdk15on-1.60.jar:/home/user/.m2/repository/info/picocli/picocli/3.9.6/picocli-3.9.6.jar:/home/user/.m2/repository/com/google/protobuf/protobuf-java/2.5.0/protobuf-java-2.5.0.jar:/home/user/.m2/repository/com/google/guava/guava/11.0.2/guava-11.0.2.jar:/home/user/.m2/repository/org/apache/hadoop/hadoop-ozone-ozone-manager/0.5.0-SNAPSHOT/hadoop-ozone-ozone-manager-0.5.0-SNAPSHOT.jar:/home/user/.m2/repository/org/apache/hadoop/hadoop-minikdc/3.2.0/hadoop-minikdc-3.2.0.jar:/home/user/.m2/repository/commons-io/commons-io/2.5/commons-io-2.5.jar:/home/user/.m2/repository/org/apache/kerby/kerb-simplekdc/1.0.1/kerb-simplekdc-1.0.1.jar:/home/user/.m2/repository/org/apache/kerby/kerb-client/1.0.1/kerb-client-1.0.1.jar:/home/user/.m2/repository/org/apache/kerby/kerby-config/1.0.1/kerby-config-1.0.1.jar:/home/user/.m2/repository/org/apache/kerby/kerb-core/1.0.1/kerb-core-1.0.1.jar:/home/user/.m2/repository/org/apache/kerby/kerby-pkix/1.0.1/kerby-pkix-1.0.1.jar:/home/user/.m2/repository/org/apache/kerby/kerby-asn1/1.0.1/kerby-asn1-1.0.1.jar:/home/user/.m2/repository/org/apache/kerby/kerby-util/1.0.1/kerby-util-1.0.1.jar:/home/user/.m2/repository/org/apache/kerby/kerb-common/1.0.1/kerb-common-1.0.1.jar:/home/user/.m2/repository/org/apache/kerby/kerb-crypto/1.0.1/kerb-crypto-1.0.1.jar:/home/user/.m2/repository/org/apache/kerby/kerb-util/1.0.1/kerb-util-1.0.1.jar:/home/user/.m2/repository/org/apache/kerby/token-provider/1.0.1/token-provider-1.0.1.jar:/home/user/.m2/repository/org/apache/kerby/kerb-admin/1.0.1/kerb-admin-1.0.1.jar:/home/user/.m2/repository/org/apache/kerby/kerb-server/1.0.1/kerb-server-1.0.1.jar:/home/user/.m2/repository/org/apache/kerby/kerb-identity/1.0.1/kerb-identity-1.0.1.jar:/home/user/.m2/repository/org/apache/kerby/kerby-xdr/1.0.1/kerby-xdr-1.0.1.jar:/home/user/.m2/repository/org/slf4j/slf4j-log4j12/1.7.25/slf4j-log4j12-1.7.25.jar:/home/user/.m2/repository/org/apache/hadoop/hadoop-ozone-objectstore-service/0.5.0-SNAPSHOT/hadoop-ozone-objectstore-service-0.5.0-SNAPSHOT.jar:/home/user/.m2/repository/org/apache/hadoop/hadoop-ozone-s3gateway/0.5.0-SNAPSHOT/hadoop-ozone-s3gateway-0.5.0-SNAPSHOT.jar:/home/user/.m2/repository/org/jboss/weld/servlet/weld-servlet/2.4.7.Final/weld-servlet-2.4.7.Final.jar:/home/user/.m2/repository/org/glassfish/jersey/containers/jersey-container-servlet-core/2.27/jersey-container-servlet-core-2.27.jar:/home/user/.m2/repository/org/glassfish/hk2/external/javax.inject/2.5.0-b42/javax.inject-2.5.0-b42.jar:/home/user/.m2/repository/org/glassfish/jersey/core/jersey-common/2.27/jersey-common-2.27.jar:/home/user/.m2/repository/org/glassfish/hk2/osgi-resource-locator/1.0.1/osgi-resource-locator-1.0.1.jar:/home/user/.m2/repository/javax/ws/rs/javax.ws.rs-api/2.1/javax.ws.rs-api-2.1.jar:/home/user/.m2/repository/org/glassfish/jersey/ext/cdi/jersey-cdi1x/2.27/jersey-cdi1x-2.27.jar:/home/user/.m2/repository/org/glassfish/jersey/inject/jersey-hk2/2.27/jersey-hk2-2.27.jar:/home/user/.m2/repository/org/glassfish/hk2/hk2-locator/2.5.0-b42/hk2-locator-2.5.0-b42.jar:/home/user/.m2/repository/org/javassist/javassist/3.22.0-CR2/javassist-3.22.0-CR2.jar:/home/user/.m2/repository/org/glassfish/hk2/hk2-api/2.5.0/hk2-api-2.5.0.jar:/home/user/.m2/repository/org/glassfish/hk2/external/jakarta.inject/2.5.0/jakarta.inject-2.5.0.jar:/home/user/.m2/repository/org/glassfish/hk2/hk2-utils/2.5.0/hk2-utils-2.5.0.jar:/home/user/.m2/repository/jakarta/annotation/jakarta.annotation-api/1.3.4/jakarta.annotation-api-1.3.4.jar:/home/user/.m2/repository/org/glassfish/hk2/external/aopalliance-repackaged/2.5.0/aopalliance-repackaged-2.5.0.jar:/home/user/.m2/repository/com/fasterxml/jackson/dataformat/jackson-dataformat-xml/2.9.0/jackson-dataformat-xml-2.9.0.jar:/home/user/.m2/repository/com/fasterxml/jackson/core/jackson-core/2.9.5/jackson-core-2.9.5.jar:/home/user/.m2/repository/com/fasterxml/jackson/module/jackson-module-jaxb-annotations/2.9.5/jackson-module-jaxb-annotations-2.9.5.jar:/home/user/.m2/repository/javax/enterprise/cdi-api/1.2/cdi-api-1.2.jar:/home/user/.m2/repository/javax/el/javax.el-api/3.0.0/javax.el-api-3.0.0.jar:/home/user/.m2/repository/javax/interceptor/javax.interceptor-api/1.2/javax.interceptor-api-1.2.jar:/home/user/.m2/repository/javax/inject/javax.inject/1/javax.inject-1.jar:/home/user/.m2/repository/com/sun/xml/bind/jaxb-impl/2.3.0.1/jaxb-impl-2.3.0.1.jar:/home/user/.m2/repository/com/sun/xml/bind/jaxb-core/2.3.0.1/jaxb-core-2.3.0.1.jar:/home/user/.m2/repository/javax/xml/bind/jaxb-api/2.3.0/jaxb-api-2.3.0.jar:/home/user/.m2/repository/javax/activation/activation/1.1.1/activation-1.1.1.jar:/home/user/.m2/repository/org/apache/hadoop/hadoop-ozone-csi/0.5.0-SNAPSHOT/hadoop-ozone-csi-0.5.0-SNAPSHOT.jar:/home/user/.m2/repository/com/google/protobuf/protobuf-java-util/3.5.1/protobuf-java-util-3.5.1.jar:/home/user/.m2/repository/org/apache/hadoop/hadoop-hdds-config/0.5.0-SNAPSHOT/hadoop-hdds-config-0.5.0-SNAPSHOT.jar:/home/user/.m2/repository/io/grpc/grpc-netty/1.17.1/grpc-netty-1.17.1.jar:/home/user/.m2/repository/io/grpc/grpc-core/1.17.1/grpc-core-1.17.1.jar:/home/user/.m2/repository/io/grpc/grpc-context/1.17.1/grpc-context-1.17.1.jar:/home/user/.m2/repository/com/google/errorprone/error_prone_annotations/2.2.0/error_prone_annotations-2.2.0.jar:/home/user/.m2/repository/org/codehaus/mojo/animal-sniffer-annotations/1.17/animal-sniffer-annotations-1.17.jar:/home/user/.m2/repository/io/opencensus/opencensus-api/0.17.0/opencensus-api-0.17.0.jar:/home/user/.m2/repository/io/opencensus/opencensus-contrib-grpc-metrics/0.17.0/opencensus-contrib-grpc-metrics-0.17.0.jar:/home/user/.m2/repository/io/netty/netty-codec-http2/4.1.30.Final/netty-codec-http2-4.1.30.Final.jar:/home/user/.m2/repository/io/netty/netty-codec-http/4.1.30.Final/netty-codec-http-4.1.30.Final.jar:/home/user/.m2/repository/io/netty/netty-codec/4.1.30.Final/netty-codec-4.1.30.Final.jar:/home/user/.m2/repository/io/netty/netty-handler/4.1.30.Final/netty-handler-4.1.30.Final.jar:/home/user/.m2/repository/io/netty/netty-handler-proxy/4.1.30.Final/netty-handler-proxy-4.1.30.Final.jar:/home/user/.m2/repository/io/netty/netty-codec-socks/4.1.30.Final/netty-codec-socks-4.1.30.Final.jar:/home/user/.m2/repository/io/netty/netty-transport-native-epoll/4.1.30.Final/netty-transport-native-epoll-4.1.30.Final.jar:/home/user/.m2/repository/io/netty/netty-common/4.1.30.Final/netty-common-4.1.30.Final.jar:/home/user/.m2/repository/io/netty/netty-buffer/4.1.30.Final/netty-buffer-4.1.30.Final.jar:/home/user/.m2/repository/io/netty/netty-transport/4.1.30.Final/netty-transport-4.1.30.Final.jar:/home/user/.m2/repository/io/netty/netty-resolver/4.1.30.Final/netty-resolver-4.1.30.Final.jar:/home/user/.m2/repository/io/netty/netty-transport-native-unix-common/4.1.30.Final/netty-transport-native-unix-common-4.1.30.Final.jar:/home/user/.m2/repository/io/grpc/grpc-protobuf/1.17.1/grpc-protobuf-1.17.1.jar:/home/user/.m2/repository/com/google/api/grpc/proto-google-common-protos/1.0.0/proto-google-common-protos-1.0.0.jar:/home/user/.m2/repository/io/grpc/grpc-protobuf-lite/1.17.1/grpc-protobuf-lite-1.17.1.jar:/home/user/.m2/repository/io/grpc/grpc-stub/1.17.1/grpc-stub-1.17.1.jar:/home/user/.m2/repository/org/apache/hadoop/hadoop-ozone-recon/0.5.0-SNAPSHOT/hadoop-ozone-recon-0.5.0-SNAPSHOT.jar:/home/user/.m2/repository/org/apache/hadoop/hadoop-ozone-reconcodegen/0.5.0-SNAPSHOT/hadoop-ozone-reconcodegen-0.5.0-SNAPSHOT.jar:/home/user/.m2/repository/com/google/inject/extensions/guice-multibindings/4.0/guice-multibindings-4.0.jar:/home/user/.m2/repository/com/google/inject/guice/4.0/guice-4.0.jar:/home/user/.m2/repository/aopalliance/aopalliance/1.0/aopalliance-1.0.jar:/home/user/.m2/repository/com/google/inject/extensions/guice-servlet/4.0/guice-servlet-4.0.jar:/home/user/.m2/repository/org/glassfish/jersey/containers/jersey-container-servlet/2.27/jersey-container-servlet-2.27.jar:/home/user/.m2/repository/org/glassfish/hk2/guice-bridge/2.5.0/guice-bridge-2.5.0.jar:/home/user/.m2/repository/org/glassfish/jersey/core/jersey-server/2.27/jersey-server-2.27.jar:/home/user/.m2/repository/org/glassfish/jersey/core/jersey-client/2.27/jersey-client-2.27.jar:/home/user/.m2/repository/org/glassfish/jersey/media/jersey-media-jaxb/2.27/jersey-media-jaxb-2.27.jar:/home/user/.m2/repository/javax/validation/validation-api/1.1.0.Final/validation-api-1.1.0.Final.jar:/home/user/.m2/repository/org/glassfish/jersey/media/jersey-media-json-jackson/2.27/jersey-media-json-jackson-2.27.jar:/home/user/.m2/repository/org/glassfish/jersey/ext/jersey-entity-filtering/2.27/jersey-entity-filtering-2.27.jar:/home/user/.m2/repository/com/google/inject/extensions/guice-assistedinject/4.0/guice-assistedinject-4.0.jar:/home/user/.m2/repository/org/jooq/jooq/3.11.10/jooq-3.11.10.jar:/home/user/.m2/repository/org/jooq/jooq-meta/3.11.10/jooq-meta-3.11.10.jar:/home/user/.m2/repository/org/jooq/jooq-codegen/3.11.10/jooq-codegen-3.11.10.jar:/home/user/.m2/repository/com/jolbox/bonecp/0.8.0.RELEASE/bonecp-0.8.0.RELEASE.jar:/home/user/.m2/repository/org/xerial/sqlite-jdbc/3.25.2/sqlite-jdbc-3.25.2.jar:/home/user/.m2/repository/org/springframework/spring-jdbc/5.1.3.RELEASE/spring-jdbc-5.1.3.RELEASE.jar:/home/user/.m2/repository/org/springframework/spring-beans/5.1.3.RELEASE/spring-beans-5.1.3.RELEASE.jar:/home/user/.m2/repository/org/springframework/spring-core/5.1.3.RELEASE/spring-core-5.1.3.RELEASE.jar:/home/user/.m2/repository/org/springframework/spring-jcl/5.1.3.RELEASE/spring-jcl-5.1.3.RELEASE.jar:/home/user/.m2/repository/org/springframework/spring-tx/5.1.3.RELEASE/spring-tx-5.1.3.RELEASE.jar:/home/user/.m2/repository/org/apache/hadoop/hadoop-ozone-client/0.5.0-SNAPSHOT/hadoop-ozone-client-0.5.0-SNAPSHOT.jar:/home/user/.m2/repository/commons-lang/commons-lang/2.6/commons-lang-2.6.jar:/home/user/.m2/repository/org/apache/hadoop/hadoop-ozone-ozone-manager/0.5.0-SNAPSHOT/hadoop-ozone-ozone-manager-0.5.0-SNAPSHOT-tests.jar:/home/user/.m2/repository/junit/junit/4.11/junit-4.11.jar:/home/user/.m2/repository/org/hamcrest/hamcrest-core/1.3/hamcrest-core-1.3.jar:/home/user/.m2/repository/org/openjdk/jmh/jmh-core/1.19/jmh-core-1.19.jar:/home/user/.m2/repository/net/sf/jopt-simple/jopt-simple/4.6/jopt-simple-4.6.jar:/home/user/.m2/repository/org/apache/commons/commons-math3/3.1.1/commons-math3-3.1.1.jar:/home/user/.m2/repository/org/openjdk/jmh/jmh-generator-annprocess/1.19/jmh-generator-annprocess-1.19.jar:/home/user/.m2/repository/org/mockito/mockito-all/1.8.5/mockito-all-1.8.5.jar:/home/user/.m2/repository/org/apache/hadoop/hadoop-kms/3.2.0/hadoop-kms-3.2.0.jar:/home/user/.m2/repository/org/apache/hadoop/hadoop-auth/3.2.0/hadoop-auth-3.2.0.jar:/home/user/.m2/repository/com/nimbusds/nimbus-jose-jwt/4.41.1/nimbus-jose-jwt-4.41.1.jar:/home/user/.m2/repository/com/github/stephenc/jcip/jcip-annotations/1.0-1/jcip-annotations-1.0-1.jar:/home/user/.m2/repository/net/minidev/json-smart/2.3/json-smart-2.3.jar:/home/user/.m2/repository/net/minidev/accessors-smart/1.2/accessors-smart-1.2.jar:/home/user/.m2/repository/org/ow2/asm/asm/5.0.4/asm-5.0.4.jar:/home/user/.m2/repository/org/apache/curator/curator-framework/2.12.0/curator-framework-2.12.0.jar:/home/user/.m2/repository/com/sun/jersey/jersey-core/1.19/jersey-core-1.19.jar:/home/user/.m2/repository/javax/ws/rs/jsr311-api/1.1.1/jsr311-api-1.1.1.jar:/home/user/.m2/repository/com/sun/jersey/jersey-server/1.19/jersey-server-1.19.jar:/home/user/.m2/repository/javax/servlet/javax.servlet-api/3.1.0/javax.servlet-api-3.1.0.jar:/home/user/.m2/repository/org/eclipse/jetty/jetty-server/9.3.24.v20180605/jetty-server-9.3.24.v20180605.jar:/home/user/.m2/repository/org/eclipse/jetty/jetty-http/9.3.24.v20180605/jetty-http-9.3.24.v20180605.jar:/home/user/.m2/repository/org/eclipse/jetty/jetty-io/9.3.24.v20180605/jetty-io-9.3.24.v20180605.jar:/home/user/.m2/repository/org/eclipse/jetty/jetty-webapp/9.3.24.v20180605/jetty-webapp-9.3.24.v20180605.jar:/home/user/.m2/repository/org/eclipse/jetty/jetty-xml/9.3.24.v20180605/jetty-xml-9.3.24.v20180605.jar:/home/user/.m2/repository/log4j/log4j/1.2.17/log4j-1.2.17.jar:/home/user/.m2/repository/org/slf4j/slf4j-api/1.7.25/slf4j-api-1.7.25.jar:/home/user/.m2/repository/org/slf4j/jul-to-slf4j/1.7.25/jul-to-slf4j-1.7.25.jar:/home/user/.m2/repository/org/eclipse/jetty/jetty-util/9.3.24.v20180605/jetty-util-9.3.24.v20180605.jar:/home/user/.m2/repository/com/fasterxml/jackson/core/jackson-databind/2.9.5/jackson-databind-2.9.5.jar:/home/user/.m2/repository/org/apache/hadoop/hadoop-kms/3.2.0/hadoop-kms-3.2.0-tests.jar:/home/user/.m2/repository/org/apache/hadoop/hadoop-hdds-server-scm/0.5.0-SNAPSHOT/hadoop-hdds-server-scm-0.5.0-SNAPSHOT-tests.jar:/home/user/.m2/repository/org/apache/hadoop/hadoop-hdds-container-service/0.5.0-SNAPSHOT/hadoop-hdds-container-service-0.5.0-SNAPSHOT-tests.jar:/home/user/.m2/repository/org/yaml/snakeyaml/1.16/snakeyaml-1.16.jar:/home/user/.m2/repository/org/apache/hadoop/hadoop-common/3.2.0/hadoop-common-3.2.0-tests.jar:/home/user/.m2/repository/org/apache/hadoop/hadoop-annotations/3.2.0/hadoop-annotations-3.2.0.jar:/usr/lib/jvm/java-1.8-openjdk/jre/../lib/tools.jar:/home/user/.m2/repository/commons-cli/commons-cli/1.2/commons-cli-1.2.jar:/home/user/.m2/repository/org/apache/httpcomponents/httpclient/4.5.2/httpclient-4.5.2.jar:/home/user/.m2/repository/org/apache/httpcomponents/httpcore/4.4.4/httpcore-4.4.4.jar:/home/user/.m2/repository/commons-codec/commons-codec/1.11/commons-codec-1.11.jar:/home/user/.m2/repository/commons-net/commons-net/3.6/commons-net-3.6.jar:/home/user/.m2/repository/commons-collections/commons-collections/3.2.2/commons-collections-3.2.2.jar:/home/user/.m2/repository/org/eclipse/jetty/jetty-servlet/9.3.24.v20180605/jetty-servlet-9.3.24.v20180605.jar:/home/user/.m2/repository/org/eclipse/jetty/jetty-security/9.3.24.v20180605/jetty-security-9.3.24.v20180605.jar:/home/user/.m2/repository/javax/servlet/jsp/jsp-api/2.1/jsp-api-2.1.jar:/home/user/.m2/repository/com/sun/jersey/jersey-servlet/1.19/jersey-servlet-1.19.jar:/home/user/.m2/repository/com/sun/jersey/jersey-json/1.19/jersey-json-1.19.jar:/home/user/.m2/repository/org/codehaus/jettison/jettison/1.1/jettison-1.1.jar:/home/user/.m2/repository/org/codehaus/jackson/jackson-core-asl/1.9.13/jackson-core-asl-1.9.13.jar:/home/user/.m2/repository/org/codehaus/jackson/jackson-mapper-asl/1.9.13/jackson-mapper-asl-1.9.13.jar:/home/user/.m2/repository/org/codehaus/jackson/jackson-jaxrs/1.9.13/jackson-jaxrs-1.9.13.jar:/home/user/.m2/repository/org/codehaus/jackson/jackson-xc/1.9.13/jackson-xc-1.9.13.jar:/home/user/.m2/repository/commons-logging/commons-logging/1.1.3/commons-logging-1.1.3.jar:/home/user/.m2/repository/commons-beanutils/commons-beanutils/1.9.3/commons-beanutils-1.9.3.jar:/home/user/.m2/repository/org/apache/commons/commons-configuration2/2.1.1/commons-configuration2-2.1.1.jar:/home/user/.m2/repository/org/apache/commons/commons-lang3/3.7/commons-lang3-3.7.jar:/home/user/.m2/repository/org/apache/commons/commons-text/1.4/commons-text-1.4.jar:/home/user/.m2/repository/org/apache/avro/avro/1.7.7/avro-1.7.7.jar:/home/user/.m2/repository/com/thoughtworks/paranamer/paranamer/2.3/paranamer-2.3.jar:/home/user/.m2/repository/org/xerial/snappy/snappy-java/1.0.5/snappy-java-1.0.5.jar:/home/user/.m2/repository/com/google/re2j/re2j/1.1/re2j-1.1.jar:/home/user/.m2/repository/com/google/code/gson/gson/2.2.4/gson-2.2.4.jar:/home/user/.m2/repository/com/jcraft/jsch/0.1.54/jsch-0.1.54.jar:/home/user/.m2/repository/org/apache/curator/curator-client/2.12.0/curator-client-2.12.0.jar:/home/user/.m2/repository/org/apache/curator/curator-recipes/2.12.0/curator-recipes-2.12.0.jar:/home/user/.m2/repository/com/google/code/findbugs/jsr305/3.0.0/jsr305-3.0.0.jar:/home/user/.m2/repository/org/apache/htrace/htrace-core4/4.1.0-incubating/htrace-core4-4.1.0-incubating.jar:/home/user/.m2/repository/org/apache/zookeeper/zookeeper/3.4.13/zookeeper-3.4.13.jar:/home/user/.m2/repository/org/apache/yetus/audience-annotations/0.5.0/audience-annotations-0.5.0.jar:/home/user/.m2/repository/org/codehaus/woodstox/stax2-api/3.1.4/stax2-api-3.1.4.jar:/home/user/.m2/repository/com/fasterxml/woodstox/woodstox-core/5.0.3/woodstox-core-5.0.3.jar:/home/user/.m2/repository/dnsjava/dnsjava/2.1.7/dnsjava-2.1.7.jar:/home/user/.m2/repository/org/apache/hadoop/hadoop-hdfs/3.2.0/hadoop-hdfs-3.2.0-tests.jar:/home/user/.m2/repository/org/eclipse/jetty/jetty-util-ajax/9.3.24.v20180605/jetty-util-ajax-9.3.24.v20180605.jar:/home/user/.m2/repository/commons-daemon/commons-daemon/1.0.13/commons-daemon-1.0.13.jar:/home/user/.m2/repository/io/netty/netty/3.10.5.Final/netty-3.10.5.Final.jar:/home/user/.m2/repository/io/netty/netty-all/4.0.52.Final/netty-all-4.0.52.Final.jar:/home/user/.m2/repository/org/fusesource/leveldbjni/leveldbjni-all/1.8/leveldbjni-all-1.8.jar:"/>
    <property name="java.vm.vendor" value="IcedTea"/>
    <property name="sun.arch.data.model" value="64"/>
    <property name="test.build.dir" value="/opt/src/hadoop-ozone/integration-test/target/test-dir"/>
    <property name="test.cache.data" value=""/>
    <property name="java.vendor.url" value="https://icedtea.classpath.org"/>
    <property name="user.timezone" value=""/>
    <property name="java.vm.specification.version" value="1.8"/>
    <property name="os.name" value="Linux"/>
    <property name="test.build.data" value="/opt/src/hadoop-ozone/integration-test/target/test-dir"/>
    <property name="user.country" value="US"/>
    <property name="sun.java.launcher" value="SUN_STANDARD"/>
    <property name="sun.boot.library.path" value="/usr/lib/jvm/java-1.8-openjdk/jre/lib/amd64"/>
    <property name="sun.java.command" value="/opt/src/hadoop-ozone/integration-test/target/surefire/surefirebooter2743570551166612910.jar /opt/src/hadoop-ozone/integration-test/target/surefire 2019-07-03T21-02-43_597-jvmRun1 surefire3617591473985334292tmp surefire_721175403488333724375tmp"/>
    <property name="surefire.test.class.path" value="/opt/src/hadoop-ozone/integration-test/target/test-classes:/opt/src/hadoop-ozone/integration-test/target/classes:/home/user/.m2/repository/org/apache/hadoop/hadoop-ozone-common/0.5.0-SNAPSHOT/hadoop-ozone-common-0.5.0-SNAPSHOT.jar:/home/user/.m2/repository/org/apache/commons/commons-compress/1.4.1/commons-compress-1.4.1.jar:/home/user/.m2/repository/org/tukaani/xz/1.0/xz-1.0.jar:/home/user/.m2/repository/org/apache/hadoop/hadoop-common/3.2.0/hadoop-common-3.2.0.jar:/home/user/.m2/repository/org/apache/hadoop/hadoop-hdfs/3.2.0/hadoop-hdfs-3.2.0.jar:/home/user/.m2/repository/org/apache/hadoop/hadoop-hdfs-client/3.2.0/hadoop-hdfs-client-3.2.0.jar:/home/user/.m2/repository/com/fasterxml/jackson/core/jackson-annotations/2.9.5/jackson-annotations-2.9.5.jar:/home/user/.m2/repository/org/apache/hadoop/hadoop-hdds-common/0.5.0-SNAPSHOT/hadoop-hdds-common-0.5.0-SNAPSHOT.jar:/home/user/.m2/repository/javax/annotation/javax.annotation-api/1.2/javax.annotation-api-1.2.jar:/home/user/.m2/repository/org/apache/ratis/ratis-server/0.4.0-2337318-SNAPSHOT/ratis-server-0.4.0-2337318-SNAPSHOT.jar:/home/user/.m2/repository/org/apache/ratis/ratis-thirdparty-misc/0.2.0/ratis-thirdparty-misc-0.2.0.jar:/home/user/.m2/repository/org/apache/ratis/ratis-proto/0.4.0-2337318-SNAPSHOT/ratis-proto-0.4.0-2337318-SNAPSHOT.jar:/home/user/.m2/repository/org/apache/ratis/ratis-common/0.4.0-2337318-SNAPSHOT/ratis-common-0.4.0-2337318-SNAPSHOT.jar:/home/user/.m2/repository/org/apache/ratis/ratis-client/0.4.0-2337318-SNAPSHOT/ratis-client-0.4.0-2337318-SNAPSHOT.jar:/home/user/.m2/repository/org/apache/ratis/ratis-metrics/0.4.0-2337318-SNAPSHOT/ratis-metrics-0.4.0-2337318-SNAPSHOT.jar:/home/user/.m2/repository/org/apache/ratis/ratis-netty/0.4.0-2337318-SNAPSHOT/ratis-netty-0.4.0-2337318-SNAPSHOT.jar:/home/user/.m2/repository/org/apache/ratis/ratis-grpc/0.4.0-2337318-SNAPSHOT/ratis-grpc-0.4.0-2337318-SNAPSHOT.jar:/home/user/.m2/repository/org/rocksdb/rocksdbjni/6.0.1/rocksdbjni-6.0.1.jar:/home/user/.m2/repository/org/apache/logging/log4j/log4j-api/2.11.0/log4j-api-2.11.0.jar:/home/user/.m2/repository/org/apache/logging/log4j/log4j-core/2.11.0/log4j-core-2.11.0.jar:/home/user/.m2/repository/com/lmax/disruptor/3.4.2/disruptor-3.4.2.jar:/home/user/.m2/repository/org/apache/commons/commons-pool2/2.6.0/commons-pool2-2.6.0.jar:/home/user/.m2/repository/org/bouncycastle/bcpkix-jdk15on/1.60/bcpkix-jdk15on-1.60.jar:/home/user/.m2/repository/commons-validator/commons-validator/1.6/commons-validator-1.6.jar:/home/user/.m2/repository/commons-digester/commons-digester/1.8.1/commons-digester-1.8.1.jar:/home/user/.m2/repository/io/jaegertracing/jaeger-client/0.33.1/jaeger-client-0.33.1.jar:/home/user/.m2/repository/io/jaegertracing/jaeger-thrift/0.33.1/jaeger-thrift-0.33.1.jar:/home/user/.m2/repository/org/apache/thrift/libthrift/0.11.0/libthrift-0.11.0.jar:/home/user/.m2/repository/com/squareup/okhttp3/okhttp/3.9.0/okhttp-3.9.0.jar:/home/user/.m2/repository/com/squareup/okio/okio/1.13.0/okio-1.13.0.jar:/home/user/.m2/repository/io/jaegertracing/jaeger-core/0.33.1/jaeger-core-0.33.1.jar:/home/user/.m2/repository/io/jaegertracing/jaeger-tracerresolver/0.33.1/jaeger-tracerresolver-0.33.1.jar:/home/user/.m2/repository/io/opentracing/contrib/opentracing-tracerresolver/0.1.5/opentracing-tracerresolver-0.1.5.jar:/home/user/.m2/repository/io/opentracing/opentracing-util/0.31.0/opentracing-util-0.31.0.jar:/home/user/.m2/repository/io/opentracing/opentracing-api/0.31.0/opentracing-api-0.31.0.jar:/home/user/.m2/repository/io/opentracing/opentracing-noop/0.31.0/opentracing-noop-0.31.0.jar:/home/user/.m2/repository/org/apache/hadoop/hadoop-hdds-server-framework/0.5.0-SNAPSHOT/hadoop-hdds-server-framework-0.5.0-SNAPSHOT.jar:/home/user/.m2/repository/org/apache/hadoop/hadoop-hdds-container-service/0.5.0-SNAPSHOT/hadoop-hdds-container-service-0.5.0-SNAPSHOT.jar:/home/user/.m2/repository/org/apache/hadoop/hadoop-hdds-client/0.5.0-SNAPSHOT/hadoop-hdds-client-0.5.0-SNAPSHOT.jar:/home/user/.m2/repository/org/apache/hadoop/hadoop-hdds-tools/0.5.0-SNAPSHOT/hadoop-hdds-tools-0.5.0-SNAPSHOT.jar:/home/user/.m2/repository/org/apache/hadoop/hadoop-hdds-server-scm/0.5.0-SNAPSHOT/hadoop-hdds-server-scm-0.5.0-SNAPSHOT.jar:/home/user/.m2/repository/org/apache/hadoop/hadoop-hdds-docs/0.5.0-SNAPSHOT/hadoop-hdds-docs-0.5.0-SNAPSHOT.jar:/home/user/.m2/repository/io/dropwizard/metrics/metrics-core/3.2.4/metrics-core-3.2.4.jar:/home/user/.m2/repository/org/hamcrest/hamcrest-all/1.3/hamcrest-all-1.3.jar:/home/user/.m2/repository/org/bouncycastle/bcprov-jdk15on/1.60/bcprov-jdk15on-1.60.jar:/home/user/.m2/repository/info/picocli/picocli/3.9.6/picocli-3.9.6.jar:/home/user/.m2/repository/com/google/protobuf/protobuf-java/2.5.0/protobuf-java-2.5.0.jar:/home/user/.m2/repository/com/google/guava/guava/11.0.2/guava-11.0.2.jar:/home/user/.m2/repository/org/apache/hadoop/hadoop-ozone-ozone-manager/0.5.0-SNAPSHOT/hadoop-ozone-ozone-manager-0.5.0-SNAPSHOT.jar:/home/user/.m2/repository/org/apache/hadoop/hadoop-minikdc/3.2.0/hadoop-minikdc-3.2.0.jar:/home/user/.m2/repository/commons-io/commons-io/2.5/commons-io-2.5.jar:/home/user/.m2/repository/org/apache/kerby/kerb-simplekdc/1.0.1/kerb-simplekdc-1.0.1.jar:/home/user/.m2/repository/org/apache/kerby/kerb-client/1.0.1/kerb-client-1.0.1.jar:/home/user/.m2/repository/org/apache/kerby/kerby-config/1.0.1/kerby-config-1.0.1.jar:/home/user/.m2/repository/org/apache/kerby/kerb-core/1.0.1/kerb-core-1.0.1.jar:/home/user/.m2/repository/org/apache/kerby/kerby-pkix/1.0.1/kerby-pkix-1.0.1.jar:/home/user/.m2/repository/org/apache/kerby/kerby-asn1/1.0.1/kerby-asn1-1.0.1.jar:/home/user/.m2/repository/org/apache/kerby/kerby-util/1.0.1/kerby-util-1.0.1.jar:/home/user/.m2/repository/org/apache/kerby/kerb-common/1.0.1/kerb-common-1.0.1.jar:/home/user/.m2/repository/org/apache/kerby/kerb-crypto/1.0.1/kerb-crypto-1.0.1.jar:/home/user/.m2/repository/org/apache/kerby/kerb-util/1.0.1/kerb-util-1.0.1.jar:/home/user/.m2/repository/org/apache/kerby/token-provider/1.0.1/token-provider-1.0.1.jar:/home/user/.m2/repository/org/apache/kerby/kerb-admin/1.0.1/kerb-admin-1.0.1.jar:/home/user/.m2/repository/org/apache/kerby/kerb-server/1.0.1/kerb-server-1.0.1.jar:/home/user/.m2/repository/org/apache/kerby/kerb-identity/1.0.1/kerb-identity-1.0.1.jar:/home/user/.m2/repository/org/apache/kerby/kerby-xdr/1.0.1/kerby-xdr-1.0.1.jar:/home/user/.m2/repository/org/slf4j/slf4j-log4j12/1.7.25/slf4j-log4j12-1.7.25.jar:/home/user/.m2/repository/org/apache/hadoop/hadoop-ozone-objectstore-service/0.5.0-SNAPSHOT/hadoop-ozone-objectstore-service-0.5.0-SNAPSHOT.jar:/home/user/.m2/repository/org/apache/hadoop/hadoop-ozone-s3gateway/0.5.0-SNAPSHOT/hadoop-ozone-s3gateway-0.5.0-SNAPSHOT.jar:/home/user/.m2/repository/org/jboss/weld/servlet/weld-servlet/2.4.7.Final/weld-servlet-2.4.7.Final.jar:/home/user/.m2/repository/org/glassfish/jersey/containers/jersey-container-servlet-core/2.27/jersey-container-servlet-core-2.27.jar:/home/user/.m2/repository/org/glassfish/hk2/external/javax.inject/2.5.0-b42/javax.inject-2.5.0-b42.jar:/home/user/.m2/repository/org/glassfish/jersey/core/jersey-common/2.27/jersey-common-2.27.jar:/home/user/.m2/repository/org/glassfish/hk2/osgi-resource-locator/1.0.1/osgi-resource-locator-1.0.1.jar:/home/user/.m2/repository/javax/ws/rs/javax.ws.rs-api/2.1/javax.ws.rs-api-2.1.jar:/home/user/.m2/repository/org/glassfish/jersey/ext/cdi/jersey-cdi1x/2.27/jersey-cdi1x-2.27.jar:/home/user/.m2/repository/org/glassfish/jersey/inject/jersey-hk2/2.27/jersey-hk2-2.27.jar:/home/user/.m2/repository/org/glassfish/hk2/hk2-locator/2.5.0-b42/hk2-locator-2.5.0-b42.jar:/home/user/.m2/repository/org/javassist/javassist/3.22.0-CR2/javassist-3.22.0-CR2.jar:/home/user/.m2/repository/org/glassfish/hk2/hk2-api/2.5.0/hk2-api-2.5.0.jar:/home/user/.m2/repository/org/glassfish/hk2/external/jakarta.inject/2.5.0/jakarta.inject-2.5.0.jar:/home/user/.m2/repository/org/glassfish/hk2/hk2-utils/2.5.0/hk2-utils-2.5.0.jar:/home/user/.m2/repository/jakarta/annotation/jakarta.annotation-api/1.3.4/jakarta.annotation-api-1.3.4.jar:/home/user/.m2/repository/org/glassfish/hk2/external/aopalliance-repackaged/2.5.0/aopalliance-repackaged-2.5.0.jar:/home/user/.m2/repository/com/fasterxml/jackson/dataformat/jackson-dataformat-xml/2.9.0/jackson-dataformat-xml-2.9.0.jar:/home/user/.m2/repository/com/fasterxml/jackson/core/jackson-core/2.9.5/jackson-core-2.9.5.jar:/home/user/.m2/repository/com/fasterxml/jackson/module/jackson-module-jaxb-annotations/2.9.5/jackson-module-jaxb-annotations-2.9.5.jar:/home/user/.m2/repository/javax/enterprise/cdi-api/1.2/cdi-api-1.2.jar:/home/user/.m2/repository/javax/el/javax.el-api/3.0.0/javax.el-api-3.0.0.jar:/home/user/.m2/repository/javax/interceptor/javax.interceptor-api/1.2/javax.interceptor-api-1.2.jar:/home/user/.m2/repository/javax/inject/javax.inject/1/javax.inject-1.jar:/home/user/.m2/repository/com/sun/xml/bind/jaxb-impl/2.3.0.1/jaxb-impl-2.3.0.1.jar:/home/user/.m2/repository/com/sun/xml/bind/jaxb-core/2.3.0.1/jaxb-core-2.3.0.1.jar:/home/user/.m2/repository/javax/xml/bind/jaxb-api/2.3.0/jaxb-api-2.3.0.jar:/home/user/.m2/repository/javax/activation/activation/1.1.1/activation-1.1.1.jar:/home/user/.m2/repository/org/apache/hadoop/hadoop-ozone-csi/0.5.0-SNAPSHOT/hadoop-ozone-csi-0.5.0-SNAPSHOT.jar:/home/user/.m2/repository/com/google/protobuf/protobuf-java-util/3.5.1/protobuf-java-util-3.5.1.jar:/home/user/.m2/repository/org/apache/hadoop/hadoop-hdds-config/0.5.0-SNAPSHOT/hadoop-hdds-config-0.5.0-SNAPSHOT.jar:/home/user/.m2/repository/io/grpc/grpc-netty/1.17.1/grpc-netty-1.17.1.jar:/home/user/.m2/repository/io/grpc/grpc-core/1.17.1/grpc-core-1.17.1.jar:/home/user/.m2/repository/io/grpc/grpc-context/1.17.1/grpc-context-1.17.1.jar:/home/user/.m2/repository/com/google/errorprone/error_prone_annotations/2.2.0/error_prone_annotations-2.2.0.jar:/home/user/.m2/repository/org/codehaus/mojo/animal-sniffer-annotations/1.17/animal-sniffer-annotations-1.17.jar:/home/user/.m2/repository/io/opencensus/opencensus-api/0.17.0/opencensus-api-0.17.0.jar:/home/user/.m2/repository/io/opencensus/opencensus-contrib-grpc-metrics/0.17.0/opencensus-contrib-grpc-metrics-0.17.0.jar:/home/user/.m2/repository/io/netty/netty-codec-http2/4.1.30.Final/netty-codec-http2-4.1.30.Final.jar:/home/user/.m2/repository/io/netty/netty-codec-http/4.1.30.Final/netty-codec-http-4.1.30.Final.jar:/home/user/.m2/repository/io/netty/netty-codec/4.1.30.Final/netty-codec-4.1.30.Final.jar:/home/user/.m2/repository/io/netty/netty-handler/4.1.30.Final/netty-handler-4.1.30.Final.jar:/home/user/.m2/repository/io/netty/netty-handler-proxy/4.1.30.Final/netty-handler-proxy-4.1.30.Final.jar:/home/user/.m2/repository/io/netty/netty-codec-socks/4.1.30.Final/netty-codec-socks-4.1.30.Final.jar:/home/user/.m2/repository/io/netty/netty-transport-native-epoll/4.1.30.Final/netty-transport-native-epoll-4.1.30.Final.jar:/home/user/.m2/repository/io/netty/netty-common/4.1.30.Final/netty-common-4.1.30.Final.jar:/home/user/.m2/repository/io/netty/netty-buffer/4.1.30.Final/netty-buffer-4.1.30.Final.jar:/home/user/.m2/repository/io/netty/netty-transport/4.1.30.Final/netty-transport-4.1.30.Final.jar:/home/user/.m2/repository/io/netty/netty-resolver/4.1.30.Final/netty-resolver-4.1.30.Final.jar:/home/user/.m2/repository/io/netty/netty-transport-native-unix-common/4.1.30.Final/netty-transport-native-unix-common-4.1.30.Final.jar:/home/user/.m2/repository/io/grpc/grpc-protobuf/1.17.1/grpc-protobuf-1.17.1.jar:/home/user/.m2/repository/com/google/api/grpc/proto-google-common-protos/1.0.0/proto-google-common-protos-1.0.0.jar:/home/user/.m2/repository/io/grpc/grpc-protobuf-lite/1.17.1/grpc-protobuf-lite-1.17.1.jar:/home/user/.m2/repository/io/grpc/grpc-stub/1.17.1/grpc-stub-1.17.1.jar:/home/user/.m2/repository/org/apache/hadoop/hadoop-ozone-recon/0.5.0-SNAPSHOT/hadoop-ozone-recon-0.5.0-SNAPSHOT.jar:/home/user/.m2/repository/org/apache/hadoop/hadoop-ozone-reconcodegen/0.5.0-SNAPSHOT/hadoop-ozone-reconcodegen-0.5.0-SNAPSHOT.jar:/home/user/.m2/repository/com/google/inject/extensions/guice-multibindings/4.0/guice-multibindings-4.0.jar:/home/user/.m2/repository/com/google/inject/guice/4.0/guice-4.0.jar:/home/user/.m2/repository/aopalliance/aopalliance/1.0/aopalliance-1.0.jar:/home/user/.m2/repository/com/google/inject/extensions/guice-servlet/4.0/guice-servlet-4.0.jar:/home/user/.m2/repository/org/glassfish/jersey/containers/jersey-container-servlet/2.27/jersey-container-servlet-2.27.jar:/home/user/.m2/repository/org/glassfish/hk2/guice-bridge/2.5.0/guice-bridge-2.5.0.jar:/home/user/.m2/repository/org/glassfish/jersey/core/jersey-server/2.27/jersey-server-2.27.jar:/home/user/.m2/repository/org/glassfish/jersey/core/jersey-client/2.27/jersey-client-2.27.jar:/home/user/.m2/repository/org/glassfish/jersey/media/jersey-media-jaxb/2.27/jersey-media-jaxb-2.27.jar:/home/user/.m2/repository/javax/validation/validation-api/1.1.0.Final/validation-api-1.1.0.Final.jar:/home/user/.m2/repository/org/glassfish/jersey/media/jersey-media-json-jackson/2.27/jersey-media-json-jackson-2.27.jar:/home/user/.m2/repository/org/glassfish/jersey/ext/jersey-entity-filtering/2.27/jersey-entity-filtering-2.27.jar:/home/user/.m2/repository/com/google/inject/extensions/guice-assistedinject/4.0/guice-assistedinject-4.0.jar:/home/user/.m2/repository/org/jooq/jooq/3.11.10/jooq-3.11.10.jar:/home/user/.m2/repository/org/jooq/jooq-meta/3.11.10/jooq-meta-3.11.10.jar:/home/user/.m2/repository/org/jooq/jooq-codegen/3.11.10/jooq-codegen-3.11.10.jar:/home/user/.m2/repository/com/jolbox/bonecp/0.8.0.RELEASE/bonecp-0.8.0.RELEASE.jar:/home/user/.m2/repository/org/xerial/sqlite-jdbc/3.25.2/sqlite-jdbc-3.25.2.jar:/home/user/.m2/repository/org/springframework/spring-jdbc/5.1.3.RELEASE/spring-jdbc-5.1.3.RELEASE.jar:/home/user/.m2/repository/org/springframework/spring-beans/5.1.3.RELEASE/spring-beans-5.1.3.RELEASE.jar:/home/user/.m2/repository/org/springframework/spring-core/5.1.3.RELEASE/spring-core-5.1.3.RELEASE.jar:/home/user/.m2/repository/org/springframework/spring-jcl/5.1.3.RELEASE/spring-jcl-5.1.3.RELEASE.jar:/home/user/.m2/repository/org/springframework/spring-tx/5.1.3.RELEASE/spring-tx-5.1.3.RELEASE.jar:/home/user/.m2/repository/org/apache/hadoop/hadoop-ozone-client/0.5.0-SNAPSHOT/hadoop-ozone-client-0.5.0-SNAPSHOT.jar:/home/user/.m2/repository/commons-lang/commons-lang/2.6/commons-lang-2.6.jar:/home/user/.m2/repository/org/apache/hadoop/hadoop-ozone-ozone-manager/0.5.0-SNAPSHOT/hadoop-ozone-ozone-manager-0.5.0-SNAPSHOT-tests.jar:/home/user/.m2/repository/junit/junit/4.11/junit-4.11.jar:/home/user/.m2/repository/org/hamcrest/hamcrest-core/1.3/hamcrest-core-1.3.jar:/home/user/.m2/repository/org/openjdk/jmh/jmh-core/1.19/jmh-core-1.19.jar:/home/user/.m2/repository/net/sf/jopt-simple/jopt-simple/4.6/jopt-simple-4.6.jar:/home/user/.m2/repository/org/apache/commons/commons-math3/3.1.1/commons-math3-3.1.1.jar:/home/user/.m2/repository/org/openjdk/jmh/jmh-generator-annprocess/1.19/jmh-generator-annprocess-1.19.jar:/home/user/.m2/repository/org/mockito/mockito-all/1.8.5/mockito-all-1.8.5.jar:/home/user/.m2/repository/org/apache/hadoop/hadoop-kms/3.2.0/hadoop-kms-3.2.0.jar:/home/user/.m2/repository/org/apache/hadoop/hadoop-auth/3.2.0/hadoop-auth-3.2.0.jar:/home/user/.m2/repository/com/nimbusds/nimbus-jose-jwt/4.41.1/nimbus-jose-jwt-4.41.1.jar:/home/user/.m2/repository/com/github/stephenc/jcip/jcip-annotations/1.0-1/jcip-annotations-1.0-1.jar:/home/user/.m2/repository/net/minidev/json-smart/2.3/json-smart-2.3.jar:/home/user/.m2/repository/net/minidev/accessors-smart/1.2/accessors-smart-1.2.jar:/home/user/.m2/repository/org/ow2/asm/asm/5.0.4/asm-5.0.4.jar:/home/user/.m2/repository/org/apache/curator/curator-framework/2.12.0/curator-framework-2.12.0.jar:/home/user/.m2/repository/com/sun/jersey/jersey-core/1.19/jersey-core-1.19.jar:/home/user/.m2/repository/javax/ws/rs/jsr311-api/1.1.1/jsr311-api-1.1.1.jar:/home/user/.m2/repository/com/sun/jersey/jersey-server/1.19/jersey-server-1.19.jar:/home/user/.m2/repository/javax/servlet/javax.servlet-api/3.1.0/javax.servlet-api-3.1.0.jar:/home/user/.m2/repository/org/eclipse/jetty/jetty-server/9.3.24.v20180605/jetty-server-9.3.24.v20180605.jar:/home/user/.m2/repository/org/eclipse/jetty/jetty-http/9.3.24.v20180605/jetty-http-9.3.24.v20180605.jar:/home/user/.m2/repository/org/eclipse/jetty/jetty-io/9.3.24.v20180605/jetty-io-9.3.24.v20180605.jar:/home/user/.m2/repository/org/eclipse/jetty/jetty-webapp/9.3.24.v20180605/jetty-webapp-9.3.24.v20180605.jar:/home/user/.m2/repository/org/eclipse/jetty/jetty-xml/9.3.24.v20180605/jetty-xml-9.3.24.v20180605.jar:/home/user/.m2/repository/log4j/log4j/1.2.17/log4j-1.2.17.jar:/home/user/.m2/repository/org/slf4j/slf4j-api/1.7.25/slf4j-api-1.7.25.jar:/home/user/.m2/repository/org/slf4j/jul-to-slf4j/1.7.25/jul-to-slf4j-1.7.25.jar:/home/user/.m2/repository/org/eclipse/jetty/jetty-util/9.3.24.v20180605/jetty-util-9.3.24.v20180605.jar:/home/user/.m2/repository/com/fasterxml/jackson/core/jackson-databind/2.9.5/jackson-databind-2.9.5.jar:/home/user/.m2/repository/org/apache/hadoop/hadoop-kms/3.2.0/hadoop-kms-3.2.0-tests.jar:/home/user/.m2/repository/org/apache/hadoop/hadoop-hdds-server-scm/0.5.0-SNAPSHOT/hadoop-hdds-server-scm-0.5.0-SNAPSHOT-tests.jar:/home/user/.m2/repository/org/apache/hadoop/hadoop-hdds-container-service/0.5.0-SNAPSHOT/hadoop-hdds-container-service-0.5.0-SNAPSHOT-tests.jar:/home/user/.m2/repository/org/yaml/snakeyaml/1.16/snakeyaml-1.16.jar:/home/user/.m2/repository/org/apache/hadoop/hadoop-common/3.2.0/hadoop-common-3.2.0-tests.jar:/home/user/.m2/repository/org/apache/hadoop/hadoop-annotations/3.2.0/hadoop-annotations-3.2.0.jar:/usr/lib/jvm/java-1.8-openjdk/jre/../lib/tools.jar:/home/user/.m2/repository/commons-cli/commons-cli/1.2/commons-cli-1.2.jar:/home/user/.m2/repository/org/apache/httpcomponents/httpclient/4.5.2/httpclient-4.5.2.jar:/home/user/.m2/repository/org/apache/httpcomponents/httpcore/4.4.4/httpcore-4.4.4.jar:/home/user/.m2/repository/commons-codec/commons-codec/1.11/commons-codec-1.11.jar:/home/user/.m2/repository/commons-net/commons-net/3.6/commons-net-3.6.jar:/home/user/.m2/repository/commons-collections/commons-collections/3.2.2/commons-collections-3.2.2.jar:/home/user/.m2/repository/org/eclipse/jetty/jetty-servlet/9.3.24.v20180605/jetty-servlet-9.3.24.v20180605.jar:/home/user/.m2/repository/org/eclipse/jetty/jetty-security/9.3.24.v20180605/jetty-security-9.3.24.v20180605.jar:/home/user/.m2/repository/javax/servlet/jsp/jsp-api/2.1/jsp-api-2.1.jar:/home/user/.m2/repository/com/sun/jersey/jersey-servlet/1.19/jersey-servlet-1.19.jar:/home/user/.m2/repository/com/sun/jersey/jersey-json/1.19/jersey-json-1.19.jar:/home/user/.m2/repository/org/codehaus/jettison/jettison/1.1/jettison-1.1.jar:/home/user/.m2/repository/org/codehaus/jackson/jackson-core-asl/1.9.13/jackson-core-asl-1.9.13.jar:/home/user/.m2/repository/org/codehaus/jackson/jackson-mapper-asl/1.9.13/jackson-mapper-asl-1.9.13.jar:/home/user/.m2/repository/org/codehaus/jackson/jackson-jaxrs/1.9.13/jackson-jaxrs-1.9.13.jar:/home/user/.m2/repository/org/codehaus/jackson/jackson-xc/1.9.13/jackson-xc-1.9.13.jar:/home/user/.m2/repository/commons-logging/commons-logging/1.1.3/commons-logging-1.1.3.jar:/home/user/.m2/repository/commons-beanutils/commons-beanutils/1.9.3/commons-beanutils-1.9.3.jar:/home/user/.m2/repository/org/apache/commons/commons-configuration2/2.1.1/commons-configuration2-2.1.1.jar:/home/user/.m2/repository/org/apache/commons/commons-lang3/3.7/commons-lang3-3.7.jar:/home/user/.m2/repository/org/apache/commons/commons-text/1.4/commons-text-1.4.jar:/home/user/.m2/repository/org/apache/avro/avro/1.7.7/avro-1.7.7.jar:/home/user/.m2/repository/com/thoughtworks/paranamer/paranamer/2.3/paranamer-2.3.jar:/home/user/.m2/repository/org/xerial/snappy/snappy-java/1.0.5/snappy-java-1.0.5.jar:/home/user/.m2/repository/com/google/re2j/re2j/1.1/re2j-1.1.jar:/home/user/.m2/repository/com/google/code/gson/gson/2.2.4/gson-2.2.4.jar:/home/user/.m2/repository/com/jcraft/jsch/0.1.54/jsch-0.1.54.jar:/home/user/.m2/repository/org/apache/curator/curator-client/2.12.0/curator-client-2.12.0.jar:/home/user/.m2/repository/org/apache/curator/curator-recipes/2.12.0/curator-recipes-2.12.0.jar:/home/user/.m2/repository/com/google/code/findbugs/jsr305/3.0.0/jsr305-3.0.0.jar:/home/user/.m2/repository/org/apache/htrace/htrace-core4/4.1.0-incubating/htrace-core4-4.1.0-incubating.jar:/home/user/.m2/repository/org/apache/zookeeper/zookeeper/3.4.13/zookeeper-3.4.13.jar:/home/user/.m2/repository/org/apache/yetus/audience-annotations/0.5.0/audience-annotations-0.5.0.jar:/home/user/.m2/repository/org/codehaus/woodstox/stax2-api/3.1.4/stax2-api-3.1.4.jar:/home/user/.m2/repository/com/fasterxml/woodstox/woodstox-core/5.0.3/woodstox-core-5.0.3.jar:/home/user/.m2/repository/dnsjava/dnsjava/2.1.7/dnsjava-2.1.7.jar:/home/user/.m2/repository/org/apache/hadoop/hadoop-hdfs/3.2.0/hadoop-hdfs-3.2.0-tests.jar:/home/user/.m2/repository/org/eclipse/jetty/jetty-util-ajax/9.3.24.v20180605/jetty-util-ajax-9.3.24.v20180605.jar:/home/user/.m2/repository/commons-daemon/commons-daemon/1.0.13/commons-daemon-1.0.13.jar:/home/user/.m2/repository/io/netty/netty/3.10.5.Final/netty-3.10.5.Final.jar:/home/user/.m2/repository/io/netty/netty-all/4.0.52.Final/netty-all-4.0.52.Final.jar:/home/user/.m2/repository/org/fusesource/leveldbjni/leveldbjni-all/1.8/leveldbjni-all-1.8.jar:"/>
    <property name="sun.cpu.endian" value="little"/>
    <property name="user.home" value="/home/user"/>
    <property name="user.language" value="en"/>
    <property name="java.specification.vendor" value="Oracle Corporation"/>
    <property name="java.home" value="/usr/lib/jvm/java-1.8-openjdk/jre"/>
    <property name="java.security.krb5.conf" value="/opt/src/hadoop-ozone/integration-test/target/test-classes/krb5.conf"/>
    <property name="basedir" value="/opt/src/hadoop-ozone/integration-test"/>
    <property name="file.separator" value="/"/>
    <property name="line.separator" value="&#10;"/>
    <property name="java.vm.specification.vendor" value="Oracle Corporation"/>
    <property name="java.specification.name" value="Java Platform API Specification"/>
    <property name="java.awt.graphicsenv" value="sun.awt.X11GraphicsEnvironment"/>
    <property name="surefire.real.class.path" value="/opt/src/hadoop-ozone/integration-test/target/surefire/surefirebooter2743570551166612910.jar"/>
    <property name="hadoop.log.dir" value="/opt/src/hadoop-ozone/integration-test/target/log"/>
    <property name="sun.boot.class.path" value="/usr/lib/jvm/java-1.8-openjdk/jre/lib/resources.jar:/usr/lib/jvm/java-1.8-openjdk/jre/lib/rt.jar:/usr/lib/jvm/java-1.8-openjdk/jre/lib/sunrsasign.jar:/usr/lib/jvm/java-1.8-openjdk/jre/lib/jsse.jar:/usr/lib/jvm/java-1.8-openjdk/jre/lib/jce.jar:/usr/lib/jvm/java-1.8-openjdk/jre/lib/charsets.jar:/usr/lib/jvm/java-1.8-openjdk/jre/lib/jfr.jar:/usr/lib/jvm/java-1.8-openjdk/jre/classes"/>
    <property name="sun.management.compiler" value="HotSpot 64-Bit Tiered Compilers"/>
    <property name="java.runtime.version" value="1.8.0_212-b04"/>
    <property name="java.net.preferIPv4Stack" value="true"/>
    <property name="user.name" value="jenkins1000"/>
    <property name="path.separator" value=":"/>
    <property name="java.security.egd" value="file:///dev/urandom"/>
    <property name="os.version" value="3.10.0-957.12.2.el7.x86_64"/>
    <property name="java.endorsed.dirs" value="/usr/lib/jvm/java-1.8-openjdk/jre/lib/endorsed"/>
    <property name="java.runtime.name" value="OpenJDK Runtime Environment"/>
    <property name="file.encoding" value="UTF-8"/>
    <property name="java.vm.name" value="OpenJDK 64-Bit Server VM"/>
    <property name="test.build.webapps" value=""/>
    <property name="localRepository" value="/home/user/.m2/repository"/>
    <property name="java.vendor.url.bug" value="https://icedtea.classpath.org/bugzilla"/>
    <property name="java.io.tmpdir" value="/tmp"/>
    <property name="require.test.libhadoop" value=""/>
    <property name="java.version" value="1.8.0_212"/>
    <property name="user.dir" value="/opt/src/hadoop-ozone/integration-test"/>
    <property name="os.arch" value="amd64"/>
    <property name="java.vm.specification.name" value="Java Virtual Machine Specification"/>
    <property name="test.build.classes" value="/opt/src/hadoop-ozone/integration-test/target/test-classes"/>
    <property name="java.awt.printerjob" value="sun.print.PSPrinterJob"/>
    <property name="sun.os.patch.level" value="unknown"/>
    <property name="hadoop.tmp.dir" value="/opt/src/hadoop-ozone/integration-test/target/tmp"/>
    <property name="java.library.path" value="/usr/lib/jvm/java-1.8-openjdk/jre/lib/amd64/server:/usr/lib/jvm/java-1.8-openjdk/jre/lib/amd64:/usr/lib/jvm/java-1.8-openjdk/jre/../lib/amd64:/opt/src/hadoop-ozone/integration-test/target/native/target/usr/local/lib:/opt/src/hadoop-ozone/integration-test/../../hadoop-common-project/hadoop-common/target/native/target/usr/local/lib:/usr/java/packages/lib/amd64:/usr/lib64:/lib64:/lib:/usr/lib"/>
    <property name="java.vm.info" value="mixed mode"/>
    <property name="java.vendor" value="IcedTea"/>
    <property name="java.vm.version" value="25.212-b04"/>
    <property name="java.ext.dirs" value="/usr/lib/jvm/java-1.8-openjdk/jre/lib/ext:/usr/java/packages/lib/ext"/>
    <property name="sun.io.unicode.encoding" value="UnicodeLittle"/>
    <property name="java.class.version" value="52.0"/>
  </properties>
  <testcase name="testBlockDeletionTransactions" classname="org.apache.hadoop.ozone.TestStorageContainerManager" time="13.889"/>
  <testcase name="testBlockDeletingThrottling" classname="org.apache.hadoop.ozone.TestStorageContainerManager" time="6.966">
    <error message="Unexpected Storage Container Exception: org.apache.hadoop.hdds.scm.container.common.helpers.StorageContainerException: ContainerID 6 creation failed" type="java.io.IOException">java.io.IOException: Unexpected Storage Container Exception: org.apache.hadoop.hdds.scm.container.common.helpers.StorageContainerException: ContainerID 6 creation failed
	at org.apache.hadoop.hdds.scm.storage.BlockOutputStream.setIoException(BlockOutputStream.java:548)
	at org.apache.hadoop.hdds.scm.storage.BlockOutputStream.validateResponse(BlockOutputStream.java:539)
	at org.apache.hadoop.hdds.scm.storage.BlockOutputStream.lambda$writeChunkToContainer$2(BlockOutputStream.java:614)
	at java.util.concurrent.CompletableFuture.uniApply(CompletableFuture.java:602)
	at java.util.concurrent.CompletableFuture$UniApply.tryFire(CompletableFuture.java:577)
	at java.util.concurrent.CompletableFuture$Completion.run(CompletableFuture.java:442)
	at java.util.concurrent.ThreadPoolExecutor.runWorker(ThreadPoolExecutor.java:1149)
	at java.util.concurrent.ThreadPoolExecutor$Worker.run(ThreadPoolExecutor.java:624)
	at java.lang.Thread.run(Thread.java:748)
Caused by: org.apache.hadoop.hdds.scm.container.common.helpers.StorageContainerException: ContainerID 6 creation failed
	at org.apache.hadoop.hdds.scm.storage.ContainerProtocolCalls.validateContainerResponse(ContainerProtocolCalls.java:536)
	at org.apache.hadoop.hdds.scm.storage.BlockOutputStream.validateResponse(BlockOutputStream.java:536)
	... 7 more
</error>
    <system-out><![CDATA[2019-07-03 21:52:29,813 WARN  server.ServerUtils (ServerUtils.java:getScmDbDir(145)) - ozone.scm.db.dirs is not configured. We recommend adding this setting. Falling back to ozone.metadata.dirs instead.
2019-07-03 21:52:29,828 WARN  server.ServerUtils (ServerUtils.java:getScmDbDir(145)) - ozone.scm.db.dirs is not configured. We recommend adding this setting. Falling back to ozone.metadata.dirs instead.
2019-07-03 21:52:29,829 WARN  server.ServerUtils (ServerUtils.java:getScmDbDir(145)) - ozone.scm.db.dirs is not configured. We recommend adding this setting. Falling back to ozone.metadata.dirs instead.
2019-07-03 21:52:29,829 INFO  db.DBStoreBuilder (DBStoreBuilder.java:addTable(110)) - using custom profile for table: deletedBlocks
2019-07-03 21:52:29,829 INFO  db.DBStoreBuilder (DBStoreBuilder.java:processTables(161)) - Using default column profile:DBProfile.DISK for Table:deletedBlocks
2019-07-03 21:52:29,830 INFO  db.DBStoreBuilder (DBStoreBuilder.java:addTable(110)) - using custom profile for table: validCerts
2019-07-03 21:52:29,830 INFO  db.DBStoreBuilder (DBStoreBuilder.java:processTables(161)) - Using default column profile:DBProfile.DISK for Table:validCerts
2019-07-03 21:52:29,830 INFO  db.DBStoreBuilder (DBStoreBuilder.java:addTable(110)) - using custom profile for table: revokedCerts
2019-07-03 21:52:29,830 INFO  db.DBStoreBuilder (DBStoreBuilder.java:processTables(161)) - Using default column profile:DBProfile.DISK for Table:revokedCerts
2019-07-03 21:52:29,830 INFO  db.DBStoreBuilder (DBStoreBuilder.java:addTable(110)) - using custom profile for table: default
2019-07-03 21:52:29,830 INFO  db.DBStoreBuilder (DBStoreBuilder.java:processTables(167)) - Using default column profile:DBProfile.DISK for Table:default
2019-07-03 21:52:29,830 INFO  db.DBStoreBuilder (DBStoreBuilder.java:getDbProfile(198)) - Using default options. DBProfile.DISK
2019-07-03 21:52:29,967 INFO  net.NodeSchemaLoader (NodeSchemaLoader.java:loadSchemaFromFile(125)) - Loading file from sun.misc.CompoundEnumeration@6bf061e9
2019-07-03 21:52:29,967 INFO  net.NodeSchemaLoader (NodeSchemaLoader.java:loadSchema(171)) - Loading network topology layer schema file
2019-07-03 21:52:29,974 INFO  node.SCMNodeManager (SCMNodeManager.java:<init>(119)) - Entering startup safe mode.
2019-07-03 21:52:29,976 WARN  server.ServerUtils (ServerUtils.java:getScmDbDir(145)) - ozone.scm.db.dirs is not configured. We recommend adding this setting. Falling back to ozone.metadata.dirs instead.
2019-07-03 21:52:30,010 INFO  pipeline.SCMPipelineManager (SCMPipelineManager.java:initializePipelineState(126)) - No pipeline exists in current db
2019-07-03 21:52:30,010 WARN  server.ServerUtils (ServerUtils.java:getScmDbDir(145)) - ozone.scm.db.dirs is not configured. We recommend adding this setting. Falling back to ozone.metadata.dirs instead.
2019-07-03 21:52:30,038 WARN  events.EventQueue (EventQueue.java:fireEvent(175)) - No event handler registered for event TypedEvent{payloadType=SafeModeStatus, name='SafeModeStatus'}
2019-07-03 21:52:30,040 INFO  ipc.CallQueueManager (CallQueueManager.java:<init>(84)) - Using callQueue: class java.util.concurrent.LinkedBlockingQueue, queueCapacity: 2000, scheduler: class org.apache.hadoop.ipc.DefaultRpcScheduler, ipcBackoff: false.
2019-07-03 21:52:30,041 INFO  ipc.Server (Server.java:run(1074)) - Starting Socket Reader #1 for port 46743
2019-07-03 21:52:30,044 INFO  ipc.CallQueueManager (CallQueueManager.java:<init>(84)) - Using callQueue: class java.util.concurrent.LinkedBlockingQueue, queueCapacity: 2000, scheduler: class org.apache.hadoop.ipc.DefaultRpcScheduler, ipcBackoff: false.
2019-07-03 21:52:30,045 INFO  ipc.Server (Server.java:run(1074)) - Starting Socket Reader #1 for port 46667
2019-07-03 21:52:30,048 INFO  ipc.CallQueueManager (CallQueueManager.java:<init>(84)) - Using callQueue: class java.util.concurrent.LinkedBlockingQueue, queueCapacity: 2000, scheduler: class org.apache.hadoop.ipc.DefaultRpcScheduler, ipcBackoff: false.
2019-07-03 21:52:30,048 INFO  ipc.Server (Server.java:run(1074)) - Starting Socket Reader #1 for port 40438
2019-07-03 21:52:30,052 INFO  hdfs.DFSUtil (DFSUtil.java:httpServerTemplateForNNAndJN(1641)) - Starting Web-server for scm at: http://0.0.0.0:0
2019-07-03 21:52:30,054 INFO  server.AuthenticationFilter (AuthenticationFilter.java:constructSecretProvider(240)) - Unable to initialize FileSignerSecretProvider, falling back to use random secrets.
2019-07-03 21:52:30,055 WARN  http.HttpRequestLog (HttpRequestLog.java:getRequestLog(97)) - Jetty request log can only be enabled using Log4j
2019-07-03 21:52:30,058 INFO  http.HttpServer2 (HttpServer2.java:addGlobalFilter(975)) - Added global filter 'safety' (class=org.apache.hadoop.http.HttpServer2$QuotingInputFilter)
2019-07-03 21:52:30,059 INFO  http.HttpServer2 (HttpServer2.java:addFilter(948)) - Added filter static_user_filter (class=org.apache.hadoop.http.lib.StaticUserWebFilter$StaticUserFilter) to context scm
2019-07-03 21:52:30,059 INFO  http.HttpServer2 (HttpServer2.java:addFilter(958)) - Added filter static_user_filter (class=org.apache.hadoop.http.lib.StaticUserWebFilter$StaticUserFilter) to context logs
2019-07-03 21:52:30,059 INFO  http.HttpServer2 (HttpServer2.java:addFilter(958)) - Added filter static_user_filter (class=org.apache.hadoop.http.lib.StaticUserWebFilter$StaticUserFilter) to context static
2019-07-03 21:52:30,070 INFO  server.StorageContainerManager (StorageContainerManager.java:start(753)) - StorageContainerLocationProtocol RPC server is listening at /0.0.0.0:40438
2019-07-03 21:52:30,070 INFO  impl.MetricsSystemImpl (MetricsSystemImpl.java:init(158)) - StorageContainerManager metrics system started (again)
2019-07-03 21:52:30,071 INFO  server.SCMClientProtocolServer (SCMClientProtocolServer.java:start(149)) - RPC server for Client  is listening at /0.0.0.0:40438
2019-07-03 21:52:30,071 INFO  ipc.Server (Server.java:run(1314)) - IPC Server Responder: starting
2019-07-03 21:52:30,071 INFO  ipc.Server (Server.java:run(1153)) - IPC Server listener on 40438: starting
2019-07-03 21:52:30,075 INFO  server.StorageContainerManager (StorageContainerManager.java:start(762)) - ScmBlockLocationProtocol RPC server is listening at /0.0.0.0:46667
2019-07-03 21:52:30,075 INFO  server.SCMBlockProtocolServer (SCMBlockProtocolServer.java:start(137)) - RPC server for Block Protocol is listening at /0.0.0.0:46667
2019-07-03 21:52:30,075 INFO  ipc.Server (Server.java:run(1314)) - IPC Server Responder: starting
2019-07-03 21:52:30,075 INFO  ipc.Server (Server.java:run(1153)) - IPC Server listener on 46667: starting
2019-07-03 21:52:30,079 INFO  server.StorageContainerManager (StorageContainerManager.java:start(766)) - ScmDatanodeProtocl RPC server is listening at /0.0.0.0:46743
2019-07-03 21:52:30,079 INFO  server.SCMDatanodeProtocolServer (SCMDatanodeProtocolServer.java:start(191)) - RPC server for DataNodes is listening at /0.0.0.0:46743
2019-07-03 21:52:30,079 INFO  ipc.Server (Server.java:run(1314)) - IPC Server Responder: starting
2019-07-03 21:52:30,079 INFO  ipc.Server (Server.java:run(1153)) - IPC Server listener on 46743: starting
2019-07-03 21:52:30,083 INFO  http.HttpServer2 (HttpServer2.java:bindListener(1191)) - Jetty bound to port 41366
2019-07-03 21:52:30,083 INFO  server.Server (Server.java:doStart(351)) - jetty-9.3.24.v20180605, build timestamp: 2018-06-05T17:11:56Z, git hash: 84205aa28f11a4f31f2a3b86d1bba2cc8ab69827
2019-07-03 21:52:30,085 INFO  handler.ContextHandler (ContextHandler.java:doStart(781)) - Started o.e.j.s.ServletContextHandler@5b862445{/logs,file:///opt/src/hadoop-ozone/integration-test/target/log,AVAILABLE}
2019-07-03 21:52:30,086 INFO  handler.ContextHandler (ContextHandler.java:doStart(781)) - Started o.e.j.s.ServletContextHandler@58c3737c{/static,file:///opt/src/hadoop-ozone/integration-test/target/test-classes/webapps/static,AVAILABLE}
2019-07-03 21:52:30,092 INFO  handler.ContextHandler (ContextHandler.java:doStart(781)) - Started o.e.j.w.WebAppContext@321b14e4{/,file:///opt/src/hadoop-ozone/integration-test/target/test-classes/webapps/scm/,AVAILABLE}{/scm}
2019-07-03 21:52:30,092 INFO  server.AbstractConnector (AbstractConnector.java:doStart(278)) - Started ServerConnector@383dfec{HTTP/1.1,[http/1.1]}{0.0.0.0:41366}
2019-07-03 21:52:30,093 INFO  server.Server (Server.java:doStart(419)) - Started @14883ms
2019-07-03 21:52:30,093 INFO  server.BaseHttpServer (BaseHttpServer.java:updateConnectorAddress(207)) - HTTP server of SCM is listening at http://0.0.0.0:41366
2019-07-03 21:52:30,094 WARN  server.ServerUtils (ServerUtils.java:getDBPath(222)) - ozone.om.db.dirs is not configured. We recommend adding this setting. Falling back to ozone.metadata.dirs instead.
2019-07-03 21:52:30,094 INFO  util.JvmPauseMonitor (JvmPauseMonitor.java:run(188)) - Starting JVM pause monitor
2019-07-03 21:52:30,106 WARN  server.ServerUtils (ServerUtils.java:getDBPath(222)) - ozone.om.db.dirs is not configured. We recommend adding this setting. Falling back to ozone.metadata.dirs instead.
2019-07-03 21:52:30,107 INFO  om.OzoneManager (OzoneManager.java:setOMNodeDetails(621)) - OM Service ID is not set. Setting it to the default ID: omServiceIdDefault
2019-07-03 21:52:30,107 INFO  om.OzoneManager (OzoneManager.java:setOMNodeDetails(627)) - OM Node ID is not set. Setting it to the OmStorage's OmID: 44d96940-7fa9-4544-a028-4ce9e906f409
2019-07-03 21:52:30,107 INFO  om.OzoneManager (OzoneManager.java:loadOMHAConfigs(578)) - Found matching OM address with OMServiceId: null, OMNodeId: null, RPC Address: localhost:0 and Ratis port: 9872
2019-07-03 21:52:30,114 WARN  server.ServerUtils (ServerUtils.java:getDBPath(222)) - ozone.om.db.dirs is not configured. We recommend adding this setting. Falling back to ozone.metadata.dirs instead.
2019-07-03 21:52:30,114 INFO  db.DBStoreBuilder (DBStoreBuilder.java:addTable(110)) - using custom profile for table: userTable
2019-07-03 21:52:30,114 INFO  db.DBStoreBuilder (DBStoreBuilder.java:processTables(161)) - Using default column profile:DBProfile.DISK for Table:userTable
2019-07-03 21:52:30,115 INFO  db.DBStoreBuilder (DBStoreBuilder.java:addTable(110)) - using custom profile for table: volumeTable
2019-07-03 21:52:30,115 INFO  db.DBStoreBuilder (DBStoreBuilder.java:processTables(161)) - Using default column profile:DBProfile.DISK for Table:volumeTable
2019-07-03 21:52:30,115 INFO  db.DBStoreBuilder (DBStoreBuilder.java:addTable(110)) - using custom profile for table: bucketTable
2019-07-03 21:52:30,115 INFO  db.DBStoreBuilder (DBStoreBuilder.java:processTables(161)) - Using default column profile:DBProfile.DISK for Table:bucketTable
2019-07-03 21:52:30,116 INFO  db.DBStoreBuilder (DBStoreBuilder.java:addTable(110)) - using custom profile for table: keyTable
2019-07-03 21:52:30,116 INFO  db.DBStoreBuilder (DBStoreBuilder.java:processTables(161)) - Using default column profile:DBProfile.DISK for Table:keyTable
2019-07-03 21:52:30,116 INFO  db.DBStoreBuilder (DBStoreBuilder.java:addTable(110)) - using custom profile for table: deletedTable
2019-07-03 21:52:30,116 INFO  db.DBStoreBuilder (DBStoreBuilder.java:processTables(161)) - Using default column profile:DBProfile.DISK for Table:deletedTable
2019-07-03 21:52:30,116 INFO  db.DBStoreBuilder (DBStoreBuilder.java:addTable(110)) - using custom profile for table: openKeyTable
2019-07-03 21:52:30,117 INFO  db.DBStoreBuilder (DBStoreBuilder.java:processTables(161)) - Using default column profile:DBProfile.DISK for Table:openKeyTable
2019-07-03 21:52:30,117 INFO  db.DBStoreBuilder (DBStoreBuilder.java:addTable(110)) - using custom profile for table: s3Table
2019-07-03 21:52:30,117 INFO  db.DBStoreBuilder (DBStoreBuilder.java:processTables(161)) - Using default column profile:DBProfile.DISK for Table:s3Table
2019-07-03 21:52:30,117 INFO  db.DBStoreBuilder (DBStoreBuilder.java:addTable(110)) - using custom profile for table: multipartInfoTable
2019-07-03 21:52:30,117 INFO  db.DBStoreBuilder (DBStoreBuilder.java:processTables(161)) - Using default column profile:DBProfile.DISK for Table:multipartInfoTable
2019-07-03 21:52:30,118 INFO  db.DBStoreBuilder (DBStoreBuilder.java:addTable(110)) - using custom profile for table: dTokenTable
2019-07-03 21:52:30,118 INFO  db.DBStoreBuilder (DBStoreBuilder.java:processTables(161)) - Using default column profile:DBProfile.DISK for Table:dTokenTable
2019-07-03 21:52:30,118 INFO  db.DBStoreBuilder (DBStoreBuilder.java:addTable(110)) - using custom profile for table: s3SecretTable
2019-07-03 21:52:30,118 INFO  db.DBStoreBuilder (DBStoreBuilder.java:processTables(161)) - Using default column profile:DBProfile.DISK for Table:s3SecretTable
2019-07-03 21:52:30,118 INFO  db.DBStoreBuilder (DBStoreBuilder.java:addTable(110)) - using custom profile for table: prefixTable
2019-07-03 21:52:30,119 INFO  db.DBStoreBuilder (DBStoreBuilder.java:processTables(161)) - Using default column profile:DBProfile.DISK for Table:prefixTable
2019-07-03 21:52:30,119 INFO  db.DBStoreBuilder (DBStoreBuilder.java:addTable(110)) - using custom profile for table: default
2019-07-03 21:52:30,119 INFO  db.DBStoreBuilder (DBStoreBuilder.java:processTables(167)) - Using default column profile:DBProfile.DISK for Table:default
2019-07-03 21:52:30,119 INFO  db.DBStoreBuilder (DBStoreBuilder.java:getDbProfile(198)) - Using default options. DBProfile.DISK
2019-07-03 21:52:30,147 INFO  background.BlockDeletingService (BlockDeletingService.java:getTasks(123)) - Plan to choose 10 containers for block deletion, actually returns 5 valid containers.
2019-07-03 21:52:30,153 ERROR utils.ContainerCache (ContainerCache.java:getDB(137)) - Error opening DB. Container:1 ContainerPath:/opt/src/hadoop-ozone/integration-test/target/test-dir/MiniOzoneClusterImpl-a761fe1f-0c0e-47cb-a611-f8332fccf762/datanode-0/data/containers/hdds/5e8e6293-46cb-4cd3-b79f-910131fb7ceb/current/containerDir0/1/metadata/1-dn-container.db
java.io.IOException: Failed init RocksDB, db path : /opt/src/hadoop-ozone/integration-test/target/test-dir/MiniOzoneClusterImpl-a761fe1f-0c0e-47cb-a611-f8332fccf762/datanode-0/data/containers/hdds/5e8e6293-46cb-4cd3-b79f-910131fb7ceb/current/containerDir0/1/metadata/1-dn-container.db
	at org.apache.hadoop.utils.RocksDBStore.<init>(RocksDBStore.java:87)
	at org.apache.hadoop.utils.MetadataStoreBuilder.build(MetadataStoreBuilder.java:137)
	at org.apache.hadoop.ozone.container.common.utils.ContainerCache.getDB(ContainerCache.java:129)
	at org.apache.hadoop.ozone.container.keyvalue.helpers.BlockUtils.getDB(BlockUtils.java:77)
	at org.apache.hadoop.ozone.container.keyvalue.statemachine.background.BlockDeletingService$BlockDeletingTask.call(BlockDeletingService.java:188)
	at org.apache.hadoop.ozone.container.keyvalue.statemachine.background.BlockDeletingService$BlockDeletingTask.call(BlockDeletingService.java:172)
	at java.util.concurrent.FutureTask.run(FutureTask.java:266)
	at java.util.concurrent.Executors$RunnableAdapter.call(Executors.java:511)
	at java.util.concurrent.FutureTask.run(FutureTask.java:266)
	at java.util.concurrent.Executors$RunnableAdapter.call(Executors.java:511)
	at java.util.concurrent.FutureTask.run(FutureTask.java:266)
	at java.util.concurrent.ScheduledThreadPoolExecutor$ScheduledFutureTask.access$201(ScheduledThreadPoolExecutor.java:180)
	at java.util.concurrent.ScheduledThreadPoolExecutor$ScheduledFutureTask.run(ScheduledThreadPoolExecutor.java:293)
	at java.util.concurrent.ThreadPoolExecutor.runWorker(ThreadPoolExecutor.java:1149)
	at java.util.concurrent.ThreadPoolExecutor$Worker.run(ThreadPoolExecutor.java:624)
	at java.lang.Thread.run(Thread.java:748)
Caused by: org.rocksdb.RocksDBException: While mkdir if missing: /opt/src/hadoop-ozone/integration-test/target/test-dir/MiniOzoneClusterImpl-a761fe1f-0c0e-47cb-a611-f8332fccf762/datanode-0/data/containers/hdds/5e8e6293-46cb-4cd3-b79f-910131fb7ceb/current/containerDir0/1/metadata/1-dn-container.db: No such file or directory
	at org.rocksdb.RocksDB.open(Native Method)
	at org.rocksdb.RocksDB.open(RocksDB.java:235)
	at org.apache.hadoop.utils.RocksDBStore.<init>(RocksDBStore.java:71)
	... 15 more
2019-07-03 21:52:30,156 ERROR utils.ContainerCache (ContainerCache.java:getDB(137)) - Error opening DB. Container:3 ContainerPath:/opt/src/hadoop-ozone/integration-test/target/test-dir/MiniOzoneClusterImpl-a761fe1f-0c0e-47cb-a611-f8332fccf762/datanode-0/data/containers/hdds/5e8e6293-46cb-4cd3-b79f-910131fb7ceb/current/containerDir0/3/metadata/3-dn-container.db
java.io.IOException: Failed init RocksDB, db path : /opt/src/hadoop-ozone/integration-test/target/test-dir/MiniOzoneClusterImpl-a761fe1f-0c0e-47cb-a611-f8332fccf762/datanode-0/data/containers/hdds/5e8e6293-46cb-4cd3-b79f-910131fb7ceb/current/containerDir0/3/metadata/3-dn-container.db
	at org.apache.hadoop.utils.RocksDBStore.<init>(RocksDBStore.java:87)
	at org.apache.hadoop.utils.MetadataStoreBuilder.build(MetadataStoreBuilder.java:137)
	at org.apache.hadoop.ozone.container.common.utils.ContainerCache.getDB(ContainerCache.java:129)
	at org.apache.hadoop.ozone.container.keyvalue.helpers.BlockUtils.getDB(BlockUtils.java:77)
	at org.apache.hadoop.ozone.container.keyvalue.statemachine.background.BlockDeletingService$BlockDeletingTask.call(BlockDeletingService.java:188)
	at org.apache.hadoop.ozone.container.keyvalue.statemachine.background.BlockDeletingService$BlockDeletingTask.call(BlockDeletingService.java:172)
	at java.util.concurrent.FutureTask.run(FutureTask.java:266)
	at java.util.concurrent.Executors$RunnableAdapter.call(Executors.java:511)
	at java.util.concurrent.FutureTask.run(FutureTask.java:266)
	at java.util.concurrent.Executors$RunnableAdapter.call(Executors.java:511)
	at java.util.concurrent.FutureTask.run(FutureTask.java:266)
	at java.util.concurrent.ScheduledThreadPoolExecutor$ScheduledFutureTask.access$201(ScheduledThreadPoolExecutor.java:180)
	at java.util.concurrent.ScheduledThreadPoolExecutor$ScheduledFutureTask.run(ScheduledThreadPoolExecutor.java:293)
	at java.util.concurrent.ThreadPoolExecutor.runWorker(ThreadPoolExecutor.java:1149)
	at java.util.concurrent.ThreadPoolExecutor$Worker.run(ThreadPoolExecutor.java:624)
	at java.lang.Thread.run(Thread.java:748)
Caused by: org.rocksdb.RocksDBException: While mkdir if missing: /opt/src/hadoop-ozone/integration-test/target/test-dir/MiniOzoneClusterImpl-a761fe1f-0c0e-47cb-a611-f8332fccf762/datanode-0/data/containers/hdds/5e8e6293-46cb-4cd3-b79f-910131fb7ceb/current/containerDir0/3/metadata/3-dn-container.db: No such file or directory
	at org.rocksdb.RocksDB.open(Native Method)
	at org.rocksdb.RocksDB.open(RocksDB.java:235)
	at org.apache.hadoop.utils.RocksDBStore.<init>(RocksDBStore.java:71)
	... 15 more
2019-07-03 21:52:30,158 ERROR utils.ContainerCache (ContainerCache.java:getDB(137)) - Error opening DB. Container:2 ContainerPath:/opt/src/hadoop-ozone/integration-test/target/test-dir/MiniOzoneClusterImpl-a761fe1f-0c0e-47cb-a611-f8332fccf762/datanode-0/data/containers/hdds/5e8e6293-46cb-4cd3-b79f-910131fb7ceb/current/containerDir0/2/metadata/2-dn-container.db
java.io.IOException: Failed init RocksDB, db path : /opt/src/hadoop-ozone/integration-test/target/test-dir/MiniOzoneClusterImpl-a761fe1f-0c0e-47cb-a611-f8332fccf762/datanode-0/data/containers/hdds/5e8e6293-46cb-4cd3-b79f-910131fb7ceb/current/containerDir0/2/metadata/2-dn-container.db
	at org.apache.hadoop.utils.RocksDBStore.<init>(RocksDBStore.java:87)
	at org.apache.hadoop.utils.MetadataStoreBuilder.build(MetadataStoreBuilder.java:137)
	at org.apache.hadoop.ozone.container.common.utils.ContainerCache.getDB(ContainerCache.java:129)
	at org.apache.hadoop.ozone.container.keyvalue.helpers.BlockUtils.getDB(BlockUtils.java:77)
	at org.apache.hadoop.ozone.container.keyvalue.statemachine.background.BlockDeletingService$BlockDeletingTask.call(BlockDeletingService.java:188)
	at org.apache.hadoop.ozone.container.keyvalue.statemachine.background.BlockDeletingService$BlockDeletingTask.call(BlockDeletingService.java:172)
	at java.util.concurrent.FutureTask.run(FutureTask.java:266)
	at java.util.concurrent.Executors$RunnableAdapter.call(Executors.java:511)
	at java.util.concurrent.FutureTask.run(FutureTask.java:266)
	at java.util.concurrent.Executors$RunnableAdapter.call(Executors.java:511)
	at java.util.concurrent.FutureTask.run(FutureTask.java:266)
	at java.util.concurrent.ScheduledThreadPoolExecutor$ScheduledFutureTask.access$201(ScheduledThreadPoolExecutor.java:180)
	at java.util.concurrent.ScheduledThreadPoolExecutor$ScheduledFutureTask.run(ScheduledThreadPoolExecutor.java:293)
	at java.util.concurrent.ThreadPoolExecutor.runWorker(ThreadPoolExecutor.java:1149)
	at java.util.concurrent.ThreadPoolExecutor$Worker.run(ThreadPoolExecutor.java:624)
	at java.lang.Thread.run(Thread.java:748)
Caused by: org.rocksdb.RocksDBException: While mkdir if missing: /opt/src/hadoop-ozone/integration-test/target/test-dir/MiniOzoneClusterImpl-a761fe1f-0c0e-47cb-a611-f8332fccf762/datanode-0/data/containers/hdds/5e8e6293-46cb-4cd3-b79f-910131fb7ceb/current/containerDir0/2/metadata/2-dn-container.db: No such file or directory
	at org.rocksdb.RocksDB.open(Native Method)
	at org.rocksdb.RocksDB.open(RocksDB.java:235)
	at org.apache.hadoop.utils.RocksDBStore.<init>(RocksDBStore.java:71)
	... 15 more
2019-07-03 21:52:30,159 ERROR utils.ContainerCache (ContainerCache.java:getDB(137)) - Error opening DB. Container:4 ContainerPath:/opt/src/hadoop-ozone/integration-test/target/test-dir/MiniOzoneClusterImpl-a761fe1f-0c0e-47cb-a611-f8332fccf762/datanode-0/data/containers/hdds/5e8e6293-46cb-4cd3-b79f-910131fb7ceb/current/containerDir0/4/metadata/4-dn-container.db
java.io.IOException: Failed init RocksDB, db path : /opt/src/hadoop-ozone/integration-test/target/test-dir/MiniOzoneClusterImpl-a761fe1f-0c0e-47cb-a611-f8332fccf762/datanode-0/data/containers/hdds/5e8e6293-46cb-4cd3-b79f-910131fb7ceb/current/containerDir0/4/metadata/4-dn-container.db
	at org.apache.hadoop.utils.RocksDBStore.<init>(RocksDBStore.java:87)
	at org.apache.hadoop.utils.MetadataStoreBuilder.build(MetadataStoreBuilder.java:137)
	at org.apache.hadoop.ozone.container.common.utils.ContainerCache.getDB(ContainerCache.java:129)
	at org.apache.hadoop.ozone.container.keyvalue.helpers.BlockUtils.getDB(BlockUtils.java:77)
	at org.apache.hadoop.ozone.container.keyvalue.statemachine.background.BlockDeletingService$BlockDeletingTask.call(BlockDeletingService.java:188)
	at org.apache.hadoop.ozone.container.keyvalue.statemachine.background.BlockDeletingService$BlockDeletingTask.call(BlockDeletingService.java:172)
	at java.util.concurrent.FutureTask.run(FutureTask.java:266)
	at java.util.concurrent.Executors$RunnableAdapter.call(Executors.java:511)
	at java.util.concurrent.FutureTask.run(FutureTask.java:266)
	at java.util.concurrent.Executors$RunnableAdapter.call(Executors.java:511)
	at java.util.concurrent.FutureTask.run(FutureTask.java:266)
	at java.util.concurrent.ScheduledThreadPoolExecutor$ScheduledFutureTask.access$201(ScheduledThreadPoolExecutor.java:180)
	at java.util.concurrent.ScheduledThreadPoolExecutor$ScheduledFutureTask.run(ScheduledThreadPoolExecutor.java:293)
	at java.util.concurrent.ThreadPoolExecutor.runWorker(ThreadPoolExecutor.java:1149)
	at java.util.concurrent.ThreadPoolExecutor$Worker.run(ThreadPoolExecutor.java:624)
	at java.lang.Thread.run(Thread.java:748)
Caused by: org.rocksdb.RocksDBException: While mkdir if missing: /opt/src/hadoop-ozone/integration-test/target/test-dir/MiniOzoneClusterImpl-a761fe1f-0c0e-47cb-a611-f8332fccf762/datanode-0/data/containers/hdds/5e8e6293-46cb-4cd3-b79f-910131fb7ceb/current/containerDir0/4/metadata/4-dn-container.db: No such file or directory
	at org.rocksdb.RocksDB.open(Native Method)
	at org.rocksdb.RocksDB.open(RocksDB.java:235)
	at org.apache.hadoop.utils.RocksDBStore.<init>(RocksDBStore.java:71)
	... 15 more
2019-07-03 21:52:30,160 WARN  utils.BackgroundService (BackgroundService.java:lambda$run$0(135)) - Background task fails to execute, retrying in next interval
java.util.concurrent.ExecutionException: org.apache.hadoop.hdds.scm.container.common.helpers.StorageContainerException: Error opening DB. Container:4 ContainerPath:/opt/src/hadoop-ozone/integration-test/target/test-dir/MiniOzoneClusterImpl-a761fe1f-0c0e-47cb-a611-f8332fccf762/datanode-0/data/containers/hdds/5e8e6293-46cb-4cd3-b79f-910131fb7ceb/current/containerDir0/4/metadata/4-dn-container.db
	at java.util.concurrent.FutureTask.report(FutureTask.java:122)
	at java.util.concurrent.FutureTask.get(FutureTask.java:206)
	at org.apache.hadoop.utils.BackgroundService$PeriodicalTask.lambda$run$0(BackgroundService.java:129)
	at java.util.stream.ForEachOps$ForEachOp$OfRef.accept(ForEachOps.java:184)
	at java.util.ArrayList$ArrayListSpliterator.forEachRemaining(ArrayList.java:1382)
	at java.util.stream.AbstractPipeline.copyInto(AbstractPipeline.java:482)
	at java.util.stream.ForEachOps$ForEachTask.compute(ForEachOps.java:291)
	at java.util.concurrent.CountedCompleter.exec(CountedCompleter.java:731)
	at java.util.concurrent.ForkJoinTask.doExec(ForkJoinTask.java:289)
	at java.util.concurrent.ForkJoinTask.doInvoke(ForkJoinTask.java:401)
	at java.util.concurrent.ForkJoinTask.invoke(ForkJoinTask.java:734)
	at java.util.stream.ForEachOps$ForEachOp.evaluateParallel(ForEachOps.java:160)
	at java.util.stream.ForEachOps$ForEachOp$OfRef.evaluateParallel(ForEachOps.java:174)
	at java.util.stream.AbstractPipeline.evaluate(AbstractPipeline.java:233)
	at java.util.stream.ReferencePipeline.forEach(ReferencePipeline.java:418)
	at java.util.stream.ReferencePipeline$Head.forEach(ReferencePipeline.java:583)
	at org.apache.hadoop.utils.BackgroundService$PeriodicalTask.run(BackgroundService.java:125)
	at java.util.concurrent.Executors$RunnableAdapter.call(Executors.java:511)
	at java.util.concurrent.FutureTask.runAndReset(FutureTask.java:308)
	at java.util.concurrent.ScheduledThreadPoolExecutor$ScheduledFutureTask.access$301(ScheduledThreadPoolExecutor.java:180)
	at java.util.concurrent.ScheduledThreadPoolExecutor$ScheduledFutureTask.run(ScheduledThreadPoolExecutor.java:294)
	at java.util.concurrent.ThreadPoolExecutor.runWorker(ThreadPoolExecutor.java:1149)
	at java.util.concurrent.ThreadPoolExecutor$Worker.run(ThreadPoolExecutor.java:624)
	at java.lang.Thread.run(Thread.java:748)
Caused by: org.apache.hadoop.hdds.scm.container.common.helpers.StorageContainerException: Error opening DB. Container:4 ContainerPath:/opt/src/hadoop-ozone/integration-test/target/test-dir/MiniOzoneClusterImpl-a761fe1f-0c0e-47cb-a611-f8332fccf762/datanode-0/data/containers/hdds/5e8e6293-46cb-4cd3-b79f-910131fb7ceb/current/containerDir0/4/metadata/4-dn-container.db
	at org.apache.hadoop.ozone.container.keyvalue.helpers.BlockUtils.getDB(BlockUtils.java:84)
	at org.apache.hadoop.ozone.container.keyvalue.statemachine.background.BlockDeletingService$BlockDeletingTask.call(BlockDeletingService.java:188)
	at org.apache.hadoop.ozone.container.keyvalue.statemachine.background.BlockDeletingService$BlockDeletingTask.call(BlockDeletingService.java:172)
	at java.util.concurrent.FutureTask.run(FutureTask.java:266)
	at java.util.concurrent.Executors$RunnableAdapter.call(Executors.java:511)
	at java.util.concurrent.FutureTask.run(FutureTask.java:266)
	at java.util.concurrent.Executors$RunnableAdapter.call(Executors.java:511)
	at java.util.concurrent.FutureTask.run(FutureTask.java:266)
	at java.util.concurrent.ScheduledThreadPoolExecutor$ScheduledFutureTask.access$201(ScheduledThreadPoolExecutor.java:180)
	at java.util.concurrent.ScheduledThreadPoolExecutor$ScheduledFutureTask.run(ScheduledThreadPoolExecutor.java:293)
	... 3 more
2019-07-03 21:52:30,160 ERROR utils.ContainerCache (ContainerCache.java:getDB(137)) - Error opening DB. Container:5 ContainerPath:/opt/src/hadoop-ozone/integration-test/target/test-dir/MiniOzoneClusterImpl-a761fe1f-0c0e-47cb-a611-f8332fccf762/datanode-0/data/containers/hdds/5e8e6293-46cb-4cd3-b79f-910131fb7ceb/current/containerDir0/5/metadata/5-dn-container.db
java.io.IOException: Failed init RocksDB, db path : /opt/src/hadoop-ozone/integration-test/target/test-dir/MiniOzoneClusterImpl-a761fe1f-0c0e-47cb-a611-f8332fccf762/datanode-0/data/containers/hdds/5e8e6293-46cb-4cd3-b79f-910131fb7ceb/current/containerDir0/5/metadata/5-dn-container.db
	at org.apache.hadoop.utils.RocksDBStore.<init>(RocksDBStore.java:87)
	at org.apache.hadoop.utils.MetadataStoreBuilder.build(MetadataStoreBuilder.java:137)
	at org.apache.hadoop.ozone.container.common.utils.ContainerCache.getDB(ContainerCache.java:129)
	at org.apache.hadoop.ozone.container.keyvalue.helpers.BlockUtils.getDB(BlockUtils.java:77)
	at org.apache.hadoop.ozone.container.keyvalue.statemachine.background.BlockDeletingService$BlockDeletingTask.call(BlockDeletingService.java:188)
	at org.apache.hadoop.ozone.container.keyvalue.statemachine.background.BlockDeletingService$BlockDeletingTask.call(BlockDeletingService.java:172)
	at java.util.concurrent.FutureTask.run(FutureTask.java:266)
	at java.util.concurrent.Executors$RunnableAdapter.call(Executors.java:511)
	at java.util.concurrent.FutureTask.run(FutureTask.java:266)
	at java.util.concurrent.Executors$RunnableAdapter.call(Executors.java:511)
	at java.util.concurrent.FutureTask.run(FutureTask.java:266)
	at java.util.concurrent.ScheduledThreadPoolExecutor$ScheduledFutureTask.access$201(ScheduledThreadPoolExecutor.java:180)
	at java.util.concurrent.ScheduledThreadPoolExecutor$ScheduledFutureTask.run(ScheduledThreadPoolExecutor.java:293)
	at java.util.concurrent.ThreadPoolExecutor.runWorker(ThreadPoolExecutor.java:1149)
	at java.util.concurrent.ThreadPoolExecutor$Worker.run(ThreadPoolExecutor.java:624)
	at java.lang.Thread.run(Thread.java:748)
Caused by: org.rocksdb.RocksDBException: While mkdir if missing: /opt/src/hadoop-ozone/integration-test/target/test-dir/MiniOzoneClusterImpl-a761fe1f-0c0e-47cb-a611-f8332fccf762/datanode-0/data/containers/hdds/5e8e6293-46cb-4cd3-b79f-910131fb7ceb/current/containerDir0/5/metadata/5-dn-container.db: No such file or directory
	at org.rocksdb.RocksDB.open(Native Method)
	at org.rocksdb.RocksDB.open(RocksDB.java:235)
	at org.apache.hadoop.utils.RocksDBStore.<init>(RocksDBStore.java:71)
	... 15 more
2019-07-03 21:52:30,162 WARN  utils.BackgroundService (BackgroundService.java:lambda$run$0(135)) - Background task fails to execute, retrying in next interval
java.util.concurrent.ExecutionException: org.apache.hadoop.hdds.scm.container.common.helpers.StorageContainerException: Error opening DB. Container:2 ContainerPath:/opt/src/hadoop-ozone/integration-test/target/test-dir/MiniOzoneClusterImpl-a761fe1f-0c0e-47cb-a611-f8332fccf762/datanode-0/data/containers/hdds/5e8e6293-46cb-4cd3-b79f-910131fb7ceb/current/containerDir0/2/metadata/2-dn-container.db
	at java.util.concurrent.FutureTask.report(FutureTask.java:122)
	at java.util.concurrent.FutureTask.get(FutureTask.java:206)
	at org.apache.hadoop.utils.BackgroundService$PeriodicalTask.lambda$run$0(BackgroundService.java:129)
	at java.util.stream.ForEachOps$ForEachOp$OfRef.accept(ForEachOps.java:184)
	at java.util.ArrayList$ArrayListSpliterator.forEachRemaining(ArrayList.java:1382)
	at java.util.stream.AbstractPipeline.copyInto(AbstractPipeline.java:482)
	at java.util.stream.ForEachOps$ForEachTask.compute(ForEachOps.java:291)
	at java.util.concurrent.CountedCompleter.exec(CountedCompleter.java:731)
	at java.util.concurrent.ForkJoinTask.doExec(ForkJoinTask.java:289)
	at java.util.concurrent.ForkJoinPool.helpComplete(ForkJoinPool.java:1870)
	at java.util.concurrent.ForkJoinPool.externalHelpComplete(ForkJoinPool.java:2467)
	at java.util.concurrent.ForkJoinTask.externalAwaitDone(ForkJoinTask.java:324)
	at java.util.concurrent.ForkJoinTask.doInvoke(ForkJoinTask.java:405)
	at java.util.concurrent.ForkJoinTask.invoke(ForkJoinTask.java:734)
	at java.util.stream.ForEachOps$ForEachOp.evaluateParallel(ForEachOps.java:160)
	at java.util.stream.ForEachOps$ForEachOp$OfRef.evaluateParallel(ForEachOps.java:174)
	at java.util.stream.AbstractPipeline.evaluate(AbstractPipeline.java:233)
	at java.util.stream.ReferencePipeline.forEach(ReferencePipeline.java:418)
	at java.util.stream.ReferencePipeline$Head.forEach(ReferencePipeline.java:583)
	at org.apache.hadoop.utils.BackgroundService$PeriodicalTask.run(BackgroundService.java:125)
	at java.util.concurrent.Executors$RunnableAdapter.call(Executors.java:511)
	at java.util.concurrent.FutureTask.runAndReset(FutureTask.java:308)
	at java.util.concurrent.ScheduledThreadPoolExecutor$ScheduledFutureTask.access$301(ScheduledThreadPoolExecutor.java:180)
	at java.util.concurrent.ScheduledThreadPoolExecutor$ScheduledFutureTask.run(ScheduledThreadPoolExecutor.java:294)
	at java.util.concurrent.ThreadPoolExecutor.runWorker(ThreadPoolExecutor.java:1149)
	at java.util.concurrent.ThreadPoolExecutor$Worker.run(ThreadPoolExecutor.java:624)
	at java.lang.Thread.run(Thread.java:748)
Caused by: org.apache.hadoop.hdds.scm.container.common.helpers.StorageContainerException: Error opening DB. Container:2 ContainerPath:/opt/src/hadoop-ozone/integration-test/target/test-dir/MiniOzoneClusterImpl-a761fe1f-0c0e-47cb-a611-f8332fccf762/datanode-0/data/containers/hdds/5e8e6293-46cb-4cd3-b79f-910131fb7ceb/current/containerDir0/2/metadata/2-dn-container.db
	at org.apache.hadoop.ozone.container.keyvalue.helpers.BlockUtils.getDB(BlockUtils.java:84)
	at org.apache.hadoop.ozone.container.keyvalue.statemachine.background.BlockDeletingService$BlockDeletingTask.call(BlockDeletingService.java:188)
	at org.apache.hadoop.ozone.container.keyvalue.statemachine.background.BlockDeletingService$BlockDeletingTask.call(BlockDeletingService.java:172)
	at java.util.concurrent.FutureTask.run(FutureTask.java:266)
	at java.util.concurrent.Executors$RunnableAdapter.call(Executors.java:511)
	at java.util.concurrent.FutureTask.run(FutureTask.java:266)
	at java.util.concurrent.Executors$RunnableAdapter.call(Executors.java:511)
	at java.util.concurrent.FutureTask.run(FutureTask.java:266)
	at java.util.concurrent.ScheduledThreadPoolExecutor$ScheduledFutureTask.access$201(ScheduledThreadPoolExecutor.java:180)
	at java.util.concurrent.ScheduledThreadPoolExecutor$ScheduledFutureTask.run(ScheduledThreadPoolExecutor.java:293)
	... 3 more
2019-07-03 21:52:30,162 WARN  utils.BackgroundService (BackgroundService.java:lambda$run$0(135)) - Background task fails to execute, retrying in next interval
java.util.concurrent.ExecutionException: org.apache.hadoop.hdds.scm.container.common.helpers.StorageContainerException: Error opening DB. Container:5 ContainerPath:/opt/src/hadoop-ozone/integration-test/target/test-dir/MiniOzoneClusterImpl-a761fe1f-0c0e-47cb-a611-f8332fccf762/datanode-0/data/containers/hdds/5e8e6293-46cb-4cd3-b79f-910131fb7ceb/current/containerDir0/5/metadata/5-dn-container.db
	at java.util.concurrent.FutureTask.report(FutureTask.java:122)
	at java.util.concurrent.FutureTask.get(FutureTask.java:206)
	at org.apache.hadoop.utils.BackgroundService$PeriodicalTask.lambda$run$0(BackgroundService.java:129)
	at java.util.stream.ForEachOps$ForEachOp$OfRef.accept(ForEachOps.java:184)
	at java.util.ArrayList$ArrayListSpliterator.forEachRemaining(ArrayList.java:1382)
	at java.util.stream.AbstractPipeline.copyInto(AbstractPipeline.java:482)
	at java.util.stream.ForEachOps$ForEachTask.compute(ForEachOps.java:291)
	at java.util.concurrent.CountedCompleter.exec(CountedCompleter.java:731)
	at java.util.concurrent.ForkJoinTask.doExec(ForkJoinTask.java:289)
	at java.util.concurrent.ForkJoinPool$WorkQueue.runTask(ForkJoinPool.java:1056)
	at java.util.concurrent.ForkJoinPool.runWorker(ForkJoinPool.java:1692)
	at java.util.concurrent.ForkJoinWorkerThread.run(ForkJoinWorkerThread.java:157)
Caused by: org.apache.hadoop.hdds.scm.container.common.helpers.StorageContainerException: Error opening DB. Container:5 ContainerPath:/opt/src/hadoop-ozone/integration-test/target/test-dir/MiniOzoneClusterImpl-a761fe1f-0c0e-47cb-a611-f8332fccf762/datanode-0/data/containers/hdds/5e8e6293-46cb-4cd3-b79f-910131fb7ceb/current/containerDir0/5/metadata/5-dn-container.db
	at org.apache.hadoop.ozone.container.keyvalue.helpers.BlockUtils.getDB(BlockUtils.java:84)
	at org.apache.hadoop.ozone.container.keyvalue.statemachine.background.BlockDeletingService$BlockDeletingTask.call(BlockDeletingService.java:188)
	at org.apache.hadoop.ozone.container.keyvalue.statemachine.background.BlockDeletingService$BlockDeletingTask.call(BlockDeletingService.java:172)
	at java.util.concurrent.FutureTask.run(FutureTask.java:266)
	at java.util.concurrent.Executors$RunnableAdapter.call(Executors.java:511)
	at java.util.concurrent.FutureTask.run(FutureTask.java:266)
	at java.util.concurrent.Executors$RunnableAdapter.call(Executors.java:511)
	at java.util.concurrent.FutureTask.run(FutureTask.java:266)
	at java.util.concurrent.ScheduledThreadPoolExecutor$ScheduledFutureTask.access$201(ScheduledThreadPoolExecutor.java:180)
	at java.util.concurrent.ScheduledThreadPoolExecutor$ScheduledFutureTask.run(ScheduledThreadPoolExecutor.java:293)
	at java.util.concurrent.ThreadPoolExecutor.runWorker(ThreadPoolExecutor.java:1149)
	at java.util.concurrent.ThreadPoolExecutor$Worker.run(ThreadPoolExecutor.java:624)
	at java.lang.Thread.run(Thread.java:748)
2019-07-03 21:52:30,164 WARN  utils.BackgroundService (BackgroundService.java:lambda$run$0(135)) - Background task fails to execute, retrying in next interval
java.util.concurrent.ExecutionException: org.apache.hadoop.hdds.scm.container.common.helpers.StorageContainerException: Error opening DB. Container:3 ContainerPath:/opt/src/hadoop-ozone/integration-test/target/test-dir/MiniOzoneClusterImpl-a761fe1f-0c0e-47cb-a611-f8332fccf762/datanode-0/data/containers/hdds/5e8e6293-46cb-4cd3-b79f-910131fb7ceb/current/containerDir0/3/metadata/3-dn-container.db
	at java.util.concurrent.FutureTask.report(FutureTask.java:122)
	at java.util.concurrent.FutureTask.get(FutureTask.java:206)
	at org.apache.hadoop.utils.BackgroundService$PeriodicalTask.lambda$run$0(BackgroundService.java:129)
	at java.util.stream.ForEachOps$ForEachOp$OfRef.accept(ForEachOps.java:184)
	at java.util.ArrayList$ArrayListSpliterator.forEachRemaining(ArrayList.java:1382)
	at java.util.stream.AbstractPipeline.copyInto(AbstractPipeline.java:482)
	at java.util.stream.ForEachOps$ForEachTask.compute(ForEachOps.java:291)
	at java.util.concurrent.CountedCompleter.exec(CountedCompleter.java:731)
	at java.util.concurrent.ForkJoinTask.doExec(ForkJoinTask.java:289)
	at java.util.concurrent.ForkJoinPool.helpComplete(ForkJoinPool.java:1870)
	at java.util.concurrent.ForkJoinPool.externalHelpComplete(ForkJoinPool.java:2467)
	at java.util.concurrent.ForkJoinTask.externalAwaitDone(ForkJoinTask.java:324)
	at java.util.concurrent.ForkJoinTask.doInvoke(ForkJoinTask.java:405)
	at java.util.concurrent.ForkJoinTask.invoke(ForkJoinTask.java:734)
	at java.util.stream.ForEachOps$ForEachOp.evaluateParallel(ForEachOps.java:160)
	at java.util.stream.ForEachOps$ForEachOp$OfRef.evaluateParallel(ForEachOps.java:174)
	at java.util.stream.AbstractPipeline.evaluate(AbstractPipeline.java:233)
	at java.util.stream.ReferencePipeline.forEach(ReferencePipeline.java:418)
	at java.util.stream.ReferencePipeline$Head.forEach(ReferencePipeline.java:583)
	at org.apache.hadoop.utils.BackgroundService$PeriodicalTask.run(BackgroundService.java:125)
	at java.util.concurrent.Executors$RunnableAdapter.call(Executors.java:511)
	at java.util.concurrent.FutureTask.runAndReset(FutureTask.java:308)
	at java.util.concurrent.ScheduledThreadPoolExecutor$ScheduledFutureTask.access$301(ScheduledThreadPoolExecutor.java:180)
	at java.util.concurrent.ScheduledThreadPoolExecutor$ScheduledFutureTask.run(ScheduledThreadPoolExecutor.java:294)
	at java.util.concurrent.ThreadPoolExecutor.runWorker(ThreadPoolExecutor.java:1149)
	at java.util.concurrent.ThreadPoolExecutor$Worker.run(ThreadPoolExecutor.java:624)
	at java.lang.Thread.run(Thread.java:748)
Caused by: org.apache.hadoop.hdds.scm.container.common.helpers.StorageContainerException: Error opening DB. Container:3 ContainerPath:/opt/src/hadoop-ozone/integration-test/target/test-dir/MiniOzoneClusterImpl-a761fe1f-0c0e-47cb-a611-f8332fccf762/datanode-0/data/containers/hdds/5e8e6293-46cb-4cd3-b79f-910131fb7ceb/current/containerDir0/3/metadata/3-dn-container.db
	at org.apache.hadoop.ozone.container.keyvalue.helpers.BlockUtils.getDB(BlockUtils.java:84)
	at org.apache.hadoop.ozone.container.keyvalue.statemachine.background.BlockDeletingService$BlockDeletingTask.call(BlockDeletingService.java:188)
	at org.apache.hadoop.ozone.container.keyvalue.statemachine.background.BlockDeletingService$BlockDeletingTask.call(BlockDeletingService.java:172)
	at java.util.concurrent.FutureTask.run(FutureTask.java:266)
	at java.util.concurrent.Executors$RunnableAdapter.call(Executors.java:511)
	at java.util.concurrent.FutureTask.run(FutureTask.java:266)
	at java.util.concurrent.Executors$RunnableAdapter.call(Executors.java:511)
	at java.util.concurrent.FutureTask.run(FutureTask.java:266)
	at java.util.concurrent.ScheduledThreadPoolExecutor$ScheduledFutureTask.access$201(ScheduledThreadPoolExecutor.java:180)
	at java.util.concurrent.ScheduledThreadPoolExecutor$ScheduledFutureTask.run(ScheduledThreadPoolExecutor.java:293)
	... 3 more
2019-07-03 21:52:30,165 WARN  utils.BackgroundService (BackgroundService.java:lambda$run$0(135)) - Background task fails to execute, retrying in next interval
java.util.concurrent.ExecutionException: org.apache.hadoop.hdds.scm.container.common.helpers.StorageContainerException: Error opening DB. Container:1 ContainerPath:/opt/src/hadoop-ozone/integration-test/target/test-dir/MiniOzoneClusterImpl-a761fe1f-0c0e-47cb-a611-f8332fccf762/datanode-0/data/containers/hdds/5e8e6293-46cb-4cd3-b79f-910131fb7ceb/current/containerDir0/1/metadata/1-dn-container.db
	at java.util.concurrent.FutureTask.report(FutureTask.java:122)
	at java.util.concurrent.FutureTask.get(FutureTask.java:206)
	at org.apache.hadoop.utils.BackgroundService$PeriodicalTask.lambda$run$0(BackgroundService.java:129)
	at java.util.stream.ForEachOps$ForEachOp$OfRef.accept(ForEachOps.java:184)
	at java.util.ArrayList$ArrayListSpliterator.forEachRemaining(ArrayList.java:1382)
	at java.util.stream.AbstractPipeline.copyInto(AbstractPipeline.java:482)
	at java.util.stream.ForEachOps$ForEachTask.compute(ForEachOps.java:291)
	at java.util.concurrent.CountedCompleter.exec(CountedCompleter.java:731)
	at java.util.concurrent.ForkJoinTask.doExec(ForkJoinTask.java:289)
	at java.util.concurrent.ForkJoinPool$WorkQueue.execLocalTasks(ForkJoinPool.java:1040)
	at java.util.concurrent.ForkJoinPool$WorkQueue.runTask(ForkJoinPool.java:1058)
	at java.util.concurrent.ForkJoinPool.runWorker(ForkJoinPool.java:1692)
	at java.util.concurrent.ForkJoinWorkerThread.run(ForkJoinWorkerThread.java:157)
Caused by: org.apache.hadoop.hdds.scm.container.common.helpers.StorageContainerException: Error opening DB. Container:1 ContainerPath:/opt/src/hadoop-ozone/integration-test/target/test-dir/MiniOzoneClusterImpl-a761fe1f-0c0e-47cb-a611-f8332fccf762/datanode-0/data/containers/hdds/5e8e6293-46cb-4cd3-b79f-910131fb7ceb/current/containerDir0/1/metadata/1-dn-container.db
	at org.apache.hadoop.ozone.container.keyvalue.helpers.BlockUtils.getDB(BlockUtils.java:84)
	at org.apache.hadoop.ozone.container.keyvalue.statemachine.background.BlockDeletingService$BlockDeletingTask.call(BlockDeletingService.java:188)
	at org.apache.hadoop.ozone.container.keyvalue.statemachine.background.BlockDeletingService$BlockDeletingTask.call(BlockDeletingService.java:172)
	at java.util.concurrent.FutureTask.run(FutureTask.java:266)
	at java.util.concurrent.Executors$RunnableAdapter.call(Executors.java:511)
	at java.util.concurrent.FutureTask.run(FutureTask.java:266)
	at java.util.concurrent.Executors$RunnableAdapter.call(Executors.java:511)
	at java.util.concurrent.FutureTask.run(FutureTask.java:266)
	at java.util.concurrent.ScheduledThreadPoolExecutor$ScheduledFutureTask.access$201(ScheduledThreadPoolExecutor.java:180)
	at java.util.concurrent.ScheduledThreadPoolExecutor$ScheduledFutureTask.run(ScheduledThreadPoolExecutor.java:293)
	at java.util.concurrent.ThreadPoolExecutor.runWorker(ThreadPoolExecutor.java:1149)
	at java.util.concurrent.ThreadPoolExecutor$Worker.run(ThreadPoolExecutor.java:624)
	at java.lang.Thread.run(Thread.java:748)
2019-07-03 21:52:30,605 INFO  ipc.CallQueueManager (CallQueueManager.java:<init>(84)) - Using callQueue: class java.util.concurrent.LinkedBlockingQueue, queueCapacity: 2000, scheduler: class org.apache.hadoop.ipc.DefaultRpcScheduler, ipcBackoff: false.
2019-07-03 21:52:30,606 INFO  ipc.Server (Server.java:run(1074)) - Starting Socket Reader #1 for port 36757
2019-07-03 21:52:30,624 WARN  server.ServerUtils (ServerUtils.java:getDBPath(222)) - ozone.om.db.dirs is not configured. We recommend adding this setting. Falling back to ozone.metadata.dirs instead.
2019-07-03 21:52:30,625 INFO  om.OzoneManager (OzoneManager.java:start(1219)) - OzoneManager RPC server is listening at localhost/127.0.0.1:36757
2019-07-03 21:52:30,625 INFO  impl.MetricsSystemImpl (MetricsSystemImpl.java:init(158)) - OzoneManager metrics system started (again)
2019-07-03 21:52:30,626 INFO  ipc.Server (Server.java:run(1314)) - IPC Server Responder: starting
2019-07-03 21:52:30,626 INFO  ipc.Server (Server.java:run(1153)) - IPC Server listener on 36757: starting
2019-07-03 21:52:30,631 INFO  hdfs.DFSUtil (DFSUtil.java:httpServerTemplateForNNAndJN(1641)) - Starting Web-server for ozoneManager at: http://0.0.0.0:0
2019-07-03 21:52:30,633 INFO  server.AuthenticationFilter (AuthenticationFilter.java:constructSecretProvider(240)) - Unable to initialize FileSignerSecretProvider, falling back to use random secrets.
2019-07-03 21:52:30,634 WARN  http.HttpRequestLog (HttpRequestLog.java:getRequestLog(97)) - Jetty request log can only be enabled using Log4j
2019-07-03 21:52:30,636 INFO  http.HttpServer2 (HttpServer2.java:addGlobalFilter(975)) - Added global filter 'safety' (class=org.apache.hadoop.http.HttpServer2$QuotingInputFilter)
2019-07-03 21:52:30,637 INFO  http.HttpServer2 (HttpServer2.java:addFilter(948)) - Added filter static_user_filter (class=org.apache.hadoop.http.lib.StaticUserWebFilter$StaticUserFilter) to context ozoneManager
2019-07-03 21:52:30,637 INFO  http.HttpServer2 (HttpServer2.java:addFilter(958)) - Added filter static_user_filter (class=org.apache.hadoop.http.lib.StaticUserWebFilter$StaticUserFilter) to context static
2019-07-03 21:52:30,638 INFO  http.HttpServer2 (HttpServer2.java:addFilter(958)) - Added filter static_user_filter (class=org.apache.hadoop.http.lib.StaticUserWebFilter$StaticUserFilter) to context logs
2019-07-03 21:52:30,639 INFO  http.HttpServer2 (HttpServer2.java:bindListener(1191)) - Jetty bound to port 39358
2019-07-03 21:52:30,639 INFO  server.Server (Server.java:doStart(351)) - jetty-9.3.24.v20180605, build timestamp: 2018-06-05T17:11:56Z, git hash: 84205aa28f11a4f31f2a3b86d1bba2cc8ab69827
2019-07-03 21:52:30,643 INFO  handler.ContextHandler (ContextHandler.java:doStart(781)) - Started o.e.j.s.ServletContextHandler@6534b3ac{/logs,file:///opt/src/hadoop-ozone/integration-test/target/log,AVAILABLE}
2019-07-03 21:52:30,643 INFO  handler.ContextHandler (ContextHandler.java:doStart(781)) - Started o.e.j.s.ServletContextHandler@2efc37ad{/static,file:///opt/src/hadoop-ozone/integration-test/target/test-classes/webapps/static,AVAILABLE}
2019-07-03 21:52:30,661 INFO  handler.ContextHandler (ContextHandler.java:doStart(781)) - Started o.e.j.w.WebAppContext@1d69d539{/,file:///opt/src/hadoop-ozone/integration-test/target/test-classes/webapps/ozoneManager/,AVAILABLE}{/ozoneManager}
2019-07-03 21:52:30,662 INFO  server.AbstractConnector (AbstractConnector.java:doStart(278)) - Started ServerConnector@4a1abc7c{HTTP/1.1,[http/1.1]}{0.0.0.0:39358}
2019-07-03 21:52:30,662 INFO  server.Server (Server.java:doStart(419)) - Started @15453ms
2019-07-03 21:52:30,663 INFO  server.BaseHttpServer (BaseHttpServer.java:updateConnectorAddress(207)) - HTTP server of OZONEMANAGER is listening at http://0.0.0.0:39358
2019-07-03 21:52:30,680 INFO  impl.MetricsSystemImpl (MetricsSystemImpl.java:init(158)) - HddsDatanode metrics system started (again)
2019-07-03 21:52:30,681 INFO  ozone.HddsDatanodeService (HddsDatanodeService.java:start(185)) - HddsDatanodeService host:ozone-hdds-1735-k2n2p-4288536111 ip:192.168.157.197
2019-07-03 21:52:30,688 INFO  volume.HddsVolume (HddsVolume.java:<init>(176)) - Creating Volume: /opt/src/hadoop-ozone/integration-test/target/test-dir/MiniOzoneClusterImpl-2099d4c0-78ce-4f64-ac72-c6d22be8b9de/datanode-0/data/containers/hdds of  storage type : DISK and capacity : 52710309888
2019-07-03 21:52:30,689 INFO  volume.VolumeSet (VolumeSet.java:initializeVolumeSet(170)) - Added Volume : /opt/src/hadoop-ozone/integration-test/target/test-dir/MiniOzoneClusterImpl-2099d4c0-78ce-4f64-ac72-c6d22be8b9de/datanode-0/data/containers/hdds to VolumeSet
2019-07-03 21:52:30,689 INFO  volume.ThrottledAsyncChecker (ThrottledAsyncChecker.java:schedule(140)) - Scheduling a check for org.apache.hadoop.ozone.container.common.volume.HddsVolume@68ea6e32
2019-07-03 21:52:30,690 INFO  volume.HddsVolumeChecker (HddsVolumeChecker.java:checkAllVolumes(203)) - Scheduled health check for volume org.apache.hadoop.ozone.container.common.volume.HddsVolume@68ea6e32
2019-07-03 21:52:30,710 INFO  ratis.XceiverServerRatis (XceiverServerRatis.java:newXceiverServerRatis(411)) - Found a free port for the server : 33105
2019-07-03 21:52:30,712 INFO  impl.RaftServerProxy (ConfUtils.java:logGet(43)) - raft.rpc.type = GRPC (default)
2019-07-03 21:52:30,712 INFO  grpc.GrpcFactory (GrpcFactory.java:checkPooledByteBufAllocatorUseCacheForAllThreads(45)) - PERFORMANCE WARNING: useCacheForAllThreads is true that may cause Netty to create a lot garbage objects and, as a result, trigger GC.
	It is recommended to disable useCacheForAllThreads by setting -Dorg.apache.ratis.thirdparty.io.netty.allocator.useCacheForAllThreads=false in command line.
2019-07-03 21:52:30,713 INFO  grpc.GrpcConfigKeys$Server (ConfUtils.java:logGet(43)) - raft.grpc.server.port = 33105 (custom)
2019-07-03 21:52:30,713 INFO  server.GrpcService (ConfUtils.java:logGet(43)) - raft.grpc.message.size.max = 33570816 (custom)
2019-07-03 21:52:30,714 INFO  server.RaftServerConfigKeys (ConfUtils.java:logGet(43)) - raft.server.log.appender.buffer.byte-limit = 33554432 (custom)
2019-07-03 21:52:30,714 INFO  server.GrpcService (ConfUtils.java:logGet(43)) - raft.grpc.flow.control.window = 1MB (=1048576) (default)
2019-07-03 21:52:30,714 INFO  server.RaftServerConfigKeys (ConfUtils.java:logGet(43)) - raft.server.rpc.request.timeout = 3000ms (default)
2019-07-03 21:52:30,715 INFO  server.RaftServerConfigKeys (ConfUtils.java:logGet(43)) - raft.server.storage.dir = [/opt/src/hadoop-ozone/integration-test/target/test-dir/MiniOzoneClusterImpl-2099d4c0-78ce-4f64-ac72-c6d22be8b9de/datanode-0/data/ratis] (custom)
2019-07-03 21:52:30,715 INFO  server.XceiverServerGrpc (XceiverServerGrpc.java:<init>(97)) - Found a free port for the server : 39379
2019-07-03 21:52:30,717 INFO  replication.SimpleContainerDownloader (SimpleContainerDownloader.java:<init>(72)) - Starting container downloader service to copy containers to replicate.
2019-07-03 21:52:30,719 INFO  hdfs.DFSUtil (DFSUtil.java:httpServerTemplateForNNAndJN(1641)) - Starting Web-server for hddsDatanode at: http://0.0.0.0:0
2019-07-03 21:52:30,720 INFO  server.AuthenticationFilter (AuthenticationFilter.java:constructSecretProvider(240)) - Unable to initialize FileSignerSecretProvider, falling back to use random secrets.
2019-07-03 21:52:30,720 WARN  http.HttpRequestLog (HttpRequestLog.java:getRequestLog(97)) - Jetty request log can only be enabled using Log4j
2019-07-03 21:52:30,722 INFO  http.HttpServer2 (HttpServer2.java:addGlobalFilter(975)) - Added global filter 'safety' (class=org.apache.hadoop.http.HttpServer2$QuotingInputFilter)
2019-07-03 21:52:30,723 INFO  http.HttpServer2 (HttpServer2.java:addFilter(948)) - Added filter static_user_filter (class=org.apache.hadoop.http.lib.StaticUserWebFilter$StaticUserFilter) to context hddsDatanode
2019-07-03 21:52:30,723 INFO  http.HttpServer2 (HttpServer2.java:addFilter(958)) - Added filter static_user_filter (class=org.apache.hadoop.http.lib.StaticUserWebFilter$StaticUserFilter) to context logs
2019-07-03 21:52:30,723 INFO  http.HttpServer2 (HttpServer2.java:addFilter(958)) - Added filter static_user_filter (class=org.apache.hadoop.http.lib.StaticUserWebFilter$StaticUserFilter) to context static
2019-07-03 21:52:30,724 INFO  http.HttpServer2 (HttpServer2.java:bindListener(1191)) - Jetty bound to port 45615
2019-07-03 21:52:30,724 INFO  server.Server (Server.java:doStart(351)) - jetty-9.3.24.v20180605, build timestamp: 2018-06-05T17:11:56Z, git hash: 84205aa28f11a4f31f2a3b86d1bba2cc8ab69827
2019-07-03 21:52:30,726 INFO  handler.ContextHandler (ContextHandler.java:doStart(781)) - Started o.e.j.s.ServletContextHandler@20ef8d3d{/logs,file:///opt/src/hadoop-ozone/integration-test/target/log,AVAILABLE}
2019-07-03 21:52:30,726 INFO  handler.ContextHandler (ContextHandler.java:doStart(781)) - Started o.e.j.s.ServletContextHandler@9911b82{/static,jar:file:/home/user/.m2/repository/org/apache/hadoop/hadoop-hdds-container-service/0.5.0-SNAPSHOT/hadoop-hdds-container-service-0.5.0-SNAPSHOT.jar!/webapps/static,AVAILABLE}
2019-07-03 21:52:30,762 INFO  handler.ContextHandler (ContextHandler.java:doStart(781)) - Started o.e.j.w.WebAppContext@401fe92d{/,file:///tmp/jetty-0.0.0.0-45615-hddsDatanode-_-any-5549402227467950760.dir/webapp/,AVAILABLE}{/hddsDatanode}
2019-07-03 21:52:30,764 INFO  server.AbstractConnector (AbstractConnector.java:doStart(278)) - Started ServerConnector@1678b247{HTTP/1.1,[http/1.1]}{0.0.0.0:45615}
2019-07-03 21:52:30,764 INFO  server.Server (Server.java:doStart(419)) - Started @15554ms
2019-07-03 21:52:30,764 INFO  server.BaseHttpServer (BaseHttpServer.java:updateConnectorAddress(207)) - HTTP server of HDDSDATANODE is listening at http://0.0.0.0:45615
2019-07-03 21:52:30,909 INFO  ozone.HddsDatanodeService (HddsDatanodeService.java:startPlugins(396)) - Started plug-in org.apache.hadoop.ozone.web.OzoneHddsDatanodeService@3c3c3f34
2019-07-03 21:52:30,910 INFO  ozone.MiniOzoneClusterImpl (MiniOzoneClusterImpl.java:lambda$waitForClusterToBeReady$0(142)) - Waiting for cluster to be ready. Got 0 of 1 DN Heartbeats.
2019-07-03 21:52:30,913 INFO  util.JvmPauseMonitor (JvmPauseMonitor.java:run(188)) - Starting JVM pause monitor
2019-07-03 21:52:30,919 INFO  datanode.InitDatanodeState (InitDatanodeState.java:persistContainerDatanodeDetails(140)) - DatanodeDetails is persisted to /opt/src/hadoop-ozone/integration-test/target/test-dir/MiniOzoneClusterImpl-2099d4c0-78ce-4f64-ac72-c6d22be8b9de/datanode-0/meta/datanode.id
2019-07-03 21:52:31,168 INFO  background.BlockDeletingService (BlockDeletingService.java:getTasks(123)) - Plan to choose 10 containers for block deletion, actually returns 5 valid containers.
2019-07-03 21:52:31,169 ERROR utils.ContainerCache (ContainerCache.java:getDB(137)) - Error opening DB. Container:1 ContainerPath:/opt/src/hadoop-ozone/integration-test/target/test-dir/MiniOzoneClusterImpl-a761fe1f-0c0e-47cb-a611-f8332fccf762/datanode-0/data/containers/hdds/5e8e6293-46cb-4cd3-b79f-910131fb7ceb/current/containerDir0/1/metadata/1-dn-container.db
java.io.IOException: Failed init RocksDB, db path : /opt/src/hadoop-ozone/integration-test/target/test-dir/MiniOzoneClusterImpl-a761fe1f-0c0e-47cb-a611-f8332fccf762/datanode-0/data/containers/hdds/5e8e6293-46cb-4cd3-b79f-910131fb7ceb/current/containerDir0/1/metadata/1-dn-container.db
	at org.apache.hadoop.utils.RocksDBStore.<init>(RocksDBStore.java:87)
	at org.apache.hadoop.utils.MetadataStoreBuilder.build(MetadataStoreBuilder.java:137)
	at org.apache.hadoop.ozone.container.common.utils.ContainerCache.getDB(ContainerCache.java:129)
	at org.apache.hadoop.ozone.container.keyvalue.helpers.BlockUtils.getDB(BlockUtils.java:77)
	at org.apache.hadoop.ozone.container.keyvalue.statemachine.background.BlockDeletingService$BlockDeletingTask.call(BlockDeletingService.java:188)
	at org.apache.hadoop.ozone.container.keyvalue.statemachine.background.BlockDeletingService$BlockDeletingTask.call(BlockDeletingService.java:172)
	at java.util.concurrent.FutureTask.run(FutureTask.java:266)
	at java.util.concurrent.Executors$RunnableAdapter.call(Executors.java:511)
	at java.util.concurrent.FutureTask.run(FutureTask.java:266)
	at java.util.concurrent.Executors$RunnableAdapter.call(Executors.java:511)
	at java.util.concurrent.FutureTask.run(FutureTask.java:266)
	at java.util.concurrent.ScheduledThreadPoolExecutor$ScheduledFutureTask.access$201(ScheduledThreadPoolExecutor.java:180)
	at java.util.concurrent.ScheduledThreadPoolExecutor$ScheduledFutureTask.run(ScheduledThreadPoolExecutor.java:293)
	at java.util.concurrent.ThreadPoolExecutor.runWorker(ThreadPoolExecutor.java:1149)
	at java.util.concurrent.ThreadPoolExecutor$Worker.run(ThreadPoolExecutor.java:624)
	at java.lang.Thread.run(Thread.java:748)
Caused by: org.rocksdb.RocksDBException: While mkdir if missing: /opt/src/hadoop-ozone/integration-test/target/test-dir/MiniOzoneClusterImpl-a761fe1f-0c0e-47cb-a611-f8332fccf762/datanode-0/data/containers/hdds/5e8e6293-46cb-4cd3-b79f-910131fb7ceb/current/containerDir0/1/metadata/1-dn-container.db: No such file or directory
	at org.rocksdb.RocksDB.open(Native Method)
	at org.rocksdb.RocksDB.open(RocksDB.java:235)
	at org.apache.hadoop.utils.RocksDBStore.<init>(RocksDBStore.java:71)
	... 15 more
2019-07-03 21:52:31,170 ERROR utils.ContainerCache (ContainerCache.java:getDB(137)) - Error opening DB. Container:5 ContainerPath:/opt/src/hadoop-ozone/integration-test/target/test-dir/MiniOzoneClusterImpl-a761fe1f-0c0e-47cb-a611-f8332fccf762/datanode-0/data/containers/hdds/5e8e6293-46cb-4cd3-b79f-910131fb7ceb/current/containerDir0/5/metadata/5-dn-container.db
java.io.IOException: Failed init RocksDB, db path : /opt/src/hadoop-ozone/integration-test/target/test-dir/MiniOzoneClusterImpl-a761fe1f-0c0e-47cb-a611-f8332fccf762/datanode-0/data/containers/hdds/5e8e6293-46cb-4cd3-b79f-910131fb7ceb/current/containerDir0/5/metadata/5-dn-container.db
	at org.apache.hadoop.utils.RocksDBStore.<init>(RocksDBStore.java:87)
	at org.apache.hadoop.utils.MetadataStoreBuilder.build(MetadataStoreBuilder.java:137)
	at org.apache.hadoop.ozone.container.common.utils.ContainerCache.getDB(ContainerCache.java:129)
	at org.apache.hadoop.ozone.container.keyvalue.helpers.BlockUtils.getDB(BlockUtils.java:77)
	at org.apache.hadoop.ozone.container.keyvalue.statemachine.background.BlockDeletingService$BlockDeletingTask.call(BlockDeletingService.java:188)
	at org.apache.hadoop.ozone.container.keyvalue.statemachine.background.BlockDeletingService$BlockDeletingTask.call(BlockDeletingService.java:172)
	at java.util.concurrent.FutureTask.run(FutureTask.java:266)
	at java.util.concurrent.Executors$RunnableAdapter.call(Executors.java:511)
	at java.util.concurrent.FutureTask.run(FutureTask.java:266)
	at java.util.concurrent.Executors$RunnableAdapter.call(Executors.java:511)
	at java.util.concurrent.FutureTask.run(FutureTask.java:266)
	at java.util.concurrent.ScheduledThreadPoolExecutor$ScheduledFutureTask.access$201(ScheduledThreadPoolExecutor.java:180)
	at java.util.concurrent.ScheduledThreadPoolExecutor$ScheduledFutureTask.run(ScheduledThreadPoolExecutor.java:293)
	at java.util.concurrent.ThreadPoolExecutor.runWorker(ThreadPoolExecutor.java:1149)
	at java.util.concurrent.ThreadPoolExecutor$Worker.run(ThreadPoolExecutor.java:624)
	at java.lang.Thread.run(Thread.java:748)
Caused by: org.rocksdb.RocksDBException: While mkdir if missing: /opt/src/hadoop-ozone/integration-test/target/test-dir/MiniOzoneClusterImpl-a761fe1f-0c0e-47cb-a611-f8332fccf762/datanode-0/data/containers/hdds/5e8e6293-46cb-4cd3-b79f-910131fb7ceb/current/containerDir0/5/metadata/5-dn-container.db: No such file or directory
	at org.rocksdb.RocksDB.open(Native Method)
	at org.rocksdb.RocksDB.open(RocksDB.java:235)
	at org.apache.hadoop.utils.RocksDBStore.<init>(RocksDBStore.java:71)
	... 15 more
2019-07-03 21:52:31,171 WARN  utils.BackgroundService (BackgroundService.java:lambda$run$0(135)) - Background task fails to execute, retrying in next interval
java.util.concurrent.ExecutionException: org.apache.hadoop.hdds.scm.container.common.helpers.StorageContainerException: Error opening DB. Container:5 ContainerPath:/opt/src/hadoop-ozone/integration-test/target/test-dir/MiniOzoneClusterImpl-a761fe1f-0c0e-47cb-a611-f8332fccf762/datanode-0/data/containers/hdds/5e8e6293-46cb-4cd3-b79f-910131fb7ceb/current/containerDir0/5/metadata/5-dn-container.db
	at java.util.concurrent.FutureTask.report(FutureTask.java:122)
	at java.util.concurrent.FutureTask.get(FutureTask.java:206)
	at org.apache.hadoop.utils.BackgroundService$PeriodicalTask.lambda$run$0(BackgroundService.java:129)
	at java.util.stream.ForEachOps$ForEachOp$OfRef.accept(ForEachOps.java:184)
	at java.util.ArrayList$ArrayListSpliterator.forEachRemaining(ArrayList.java:1382)
	at java.util.stream.AbstractPipeline.copyInto(AbstractPipeline.java:482)
	at java.util.stream.ForEachOps$ForEachTask.compute(ForEachOps.java:291)
	at java.util.concurrent.CountedCompleter.exec(CountedCompleter.java:731)
	at java.util.concurrent.ForkJoinTask.doExec(ForkJoinTask.java:289)
	at java.util.concurrent.ForkJoinPool$WorkQueue.runTask(ForkJoinPool.java:1056)
	at java.util.concurrent.ForkJoinPool.runWorker(ForkJoinPool.java:1692)
	at java.util.concurrent.ForkJoinWorkerThread.run(ForkJoinWorkerThread.java:157)
Caused by: org.apache.hadoop.hdds.scm.container.common.helpers.StorageContainerException: Error opening DB. Container:5 ContainerPath:/opt/src/hadoop-ozone/integration-test/target/test-dir/MiniOzoneClusterImpl-a761fe1f-0c0e-47cb-a611-f8332fccf762/datanode-0/data/containers/hdds/5e8e6293-46cb-4cd3-b79f-910131fb7ceb/current/containerDir0/5/metadata/5-dn-container.db
	at org.apache.hadoop.ozone.container.keyvalue.helpers.BlockUtils.getDB(BlockUtils.java:84)
	at org.apache.hadoop.ozone.container.keyvalue.statemachine.background.BlockDeletingService$BlockDeletingTask.call(BlockDeletingService.java:188)
	at org.apache.hadoop.ozone.container.keyvalue.statemachine.background.BlockDeletingService$BlockDeletingTask.call(BlockDeletingService.java:172)
	at java.util.concurrent.FutureTask.run(FutureTask.java:266)
	at java.util.concurrent.Executors$RunnableAdapter.call(Executors.java:511)
	at java.util.concurrent.FutureTask.run(FutureTask.java:266)
	at java.util.concurrent.Executors$RunnableAdapter.call(Executors.java:511)
	at java.util.concurrent.FutureTask.run(FutureTask.java:266)
	at java.util.concurrent.ScheduledThreadPoolExecutor$ScheduledFutureTask.access$201(ScheduledThreadPoolExecutor.java:180)
	at java.util.concurrent.ScheduledThreadPoolExecutor$ScheduledFutureTask.run(ScheduledThreadPoolExecutor.java:293)
	at java.util.concurrent.ThreadPoolExecutor.runWorker(ThreadPoolExecutor.java:1149)
	at java.util.concurrent.ThreadPoolExecutor$Worker.run(ThreadPoolExecutor.java:624)
	at java.lang.Thread.run(Thread.java:748)
2019-07-03 21:52:31,172 ERROR utils.ContainerCache (ContainerCache.java:getDB(137)) - Error opening DB. Container:4 ContainerPath:/opt/src/hadoop-ozone/integration-test/target/test-dir/MiniOzoneClusterImpl-a761fe1f-0c0e-47cb-a611-f8332fccf762/datanode-0/data/containers/hdds/5e8e6293-46cb-4cd3-b79f-910131fb7ceb/current/containerDir0/4/metadata/4-dn-container.db
java.io.IOException: Failed init RocksDB, db path : /opt/src/hadoop-ozone/integration-test/target/test-dir/MiniOzoneClusterImpl-a761fe1f-0c0e-47cb-a611-f8332fccf762/datanode-0/data/containers/hdds/5e8e6293-46cb-4cd3-b79f-910131fb7ceb/current/containerDir0/4/metadata/4-dn-container.db
	at org.apache.hadoop.utils.RocksDBStore.<init>(RocksDBStore.java:87)
	at org.apache.hadoop.utils.MetadataStoreBuilder.build(MetadataStoreBuilder.java:137)
	at org.apache.hadoop.ozone.container.common.utils.ContainerCache.getDB(ContainerCache.java:129)
	at org.apache.hadoop.ozone.container.keyvalue.helpers.BlockUtils.getDB(BlockUtils.java:77)
	at org.apache.hadoop.ozone.container.keyvalue.statemachine.background.BlockDeletingService$BlockDeletingTask.call(BlockDeletingService.java:188)
	at org.apache.hadoop.ozone.container.keyvalue.statemachine.background.BlockDeletingService$BlockDeletingTask.call(BlockDeletingService.java:172)
	at java.util.concurrent.FutureTask.run(FutureTask.java:266)
	at java.util.concurrent.Executors$RunnableAdapter.call(Executors.java:511)
	at java.util.concurrent.FutureTask.run(FutureTask.java:266)
	at java.util.concurrent.Executors$RunnableAdapter.call(Executors.java:511)
	at java.util.concurrent.FutureTask.run(FutureTask.java:266)
	at java.util.concurrent.ScheduledThreadPoolExecutor$ScheduledFutureTask.access$201(ScheduledThreadPoolExecutor.java:180)
	at java.util.concurrent.ScheduledThreadPoolExecutor$ScheduledFutureTask.run(ScheduledThreadPoolExecutor.java:293)
	at java.util.concurrent.ThreadPoolExecutor.runWorker(ThreadPoolExecutor.java:1149)
	at java.util.concurrent.ThreadPoolExecutor$Worker.run(ThreadPoolExecutor.java:624)
	at java.lang.Thread.run(Thread.java:748)
Caused by: org.rocksdb.RocksDBException: While mkdir if missing: /opt/src/hadoop-ozone/integration-test/target/test-dir/MiniOzoneClusterImpl-a761fe1f-0c0e-47cb-a611-f8332fccf762/datanode-0/data/containers/hdds/5e8e6293-46cb-4cd3-b79f-910131fb7ceb/current/containerDir0/4/metadata/4-dn-container.db: No such file or directory
	at org.rocksdb.RocksDB.open(Native Method)
	at org.rocksdb.RocksDB.open(RocksDB.java:235)
	at org.apache.hadoop.utils.RocksDBStore.<init>(RocksDBStore.java:71)
	... 15 more
2019-07-03 21:52:31,173 WARN  utils.BackgroundService (BackgroundService.java:lambda$run$0(135)) - Background task fails to execute, retrying in next interval
java.util.concurrent.ExecutionException: org.apache.hadoop.hdds.scm.container.common.helpers.StorageContainerException: Error opening DB. Container:1 ContainerPath:/opt/src/hadoop-ozone/integration-test/target/test-dir/MiniOzoneClusterImpl-a761fe1f-0c0e-47cb-a611-f8332fccf762/datanode-0/data/containers/hdds/5e8e6293-46cb-4cd3-b79f-910131fb7ceb/current/containerDir0/1/metadata/1-dn-container.db
	at java.util.concurrent.FutureTask.report(FutureTask.java:122)
	at java.util.concurrent.FutureTask.get(FutureTask.java:206)
	at org.apache.hadoop.utils.BackgroundService$PeriodicalTask.lambda$run$0(BackgroundService.java:129)
	at java.util.stream.ForEachOps$ForEachOp$OfRef.accept(ForEachOps.java:184)
	at java.util.ArrayList$ArrayListSpliterator.forEachRemaining(ArrayList.java:1382)
	at java.util.stream.AbstractPipeline.copyInto(AbstractPipeline.java:482)
	at java.util.stream.ForEachOps$ForEachTask.compute(ForEachOps.java:291)
	at java.util.concurrent.CountedCompleter.exec(CountedCompleter.java:731)
	at java.util.concurrent.ForkJoinTask.doExec(ForkJoinTask.java:289)
	at java.util.concurrent.ForkJoinPool$WorkQueue.execLocalTasks(ForkJoinPool.java:1040)
	at java.util.concurrent.ForkJoinPool$WorkQueue.runTask(ForkJoinPool.java:1058)
	at java.util.concurrent.ForkJoinPool.runWorker(ForkJoinPool.java:1692)
	at java.util.concurrent.ForkJoinWorkerThread.run(ForkJoinWorkerThread.java:157)
Caused by: org.apache.hadoop.hdds.scm.container.common.helpers.StorageContainerException: Error opening DB. Container:1 ContainerPath:/opt/src/hadoop-ozone/integration-test/target/test-dir/MiniOzoneClusterImpl-a761fe1f-0c0e-47cb-a611-f8332fccf762/datanode-0/data/containers/hdds/5e8e6293-46cb-4cd3-b79f-910131fb7ceb/current/containerDir0/1/metadata/1-dn-container.db
	at org.apache.hadoop.ozone.container.keyvalue.helpers.BlockUtils.getDB(BlockUtils.java:84)
	at org.apache.hadoop.ozone.container.keyvalue.statemachine.background.BlockDeletingService$BlockDeletingTask.call(BlockDeletingService.java:188)
	at org.apache.hadoop.ozone.container.keyvalue.statemachine.background.BlockDeletingService$BlockDeletingTask.call(BlockDeletingService.java:172)
	at java.util.concurrent.FutureTask.run(FutureTask.java:266)
	at java.util.concurrent.Executors$RunnableAdapter.call(Executors.java:511)
	at java.util.concurrent.FutureTask.run(FutureTask.java:266)
	at java.util.concurrent.Executors$RunnableAdapter.call(Executors.java:511)
	at java.util.concurrent.FutureTask.run(FutureTask.java:266)
	at java.util.concurrent.ScheduledThreadPoolExecutor$ScheduledFutureTask.access$201(ScheduledThreadPoolExecutor.java:180)
	at java.util.concurrent.ScheduledThreadPoolExecutor$ScheduledFutureTask.run(ScheduledThreadPoolExecutor.java:293)
	at java.util.concurrent.ThreadPoolExecutor.runWorker(ThreadPoolExecutor.java:1149)
	at java.util.concurrent.ThreadPoolExecutor$Worker.run(ThreadPoolExecutor.java:624)
	at java.lang.Thread.run(Thread.java:748)
2019-07-03 21:52:31,174 ERROR utils.ContainerCache (ContainerCache.java:getDB(137)) - Error opening DB. Container:3 ContainerPath:/opt/src/hadoop-ozone/integration-test/target/test-dir/MiniOzoneClusterImpl-a761fe1f-0c0e-47cb-a611-f8332fccf762/datanode-0/data/containers/hdds/5e8e6293-46cb-4cd3-b79f-910131fb7ceb/current/containerDir0/3/metadata/3-dn-container.db
java.io.IOException: Failed init RocksDB, db path : /opt/src/hadoop-ozone/integration-test/target/test-dir/MiniOzoneClusterImpl-a761fe1f-0c0e-47cb-a611-f8332fccf762/datanode-0/data/containers/hdds/5e8e6293-46cb-4cd3-b79f-910131fb7ceb/current/containerDir0/3/metadata/3-dn-container.db
	at org.apache.hadoop.utils.RocksDBStore.<init>(RocksDBStore.java:87)
	at org.apache.hadoop.utils.MetadataStoreBuilder.build(MetadataStoreBuilder.java:137)
	at org.apache.hadoop.ozone.container.common.utils.ContainerCache.getDB(ContainerCache.java:129)
	at org.apache.hadoop.ozone.container.keyvalue.helpers.BlockUtils.getDB(BlockUtils.java:77)
	at org.apache.hadoop.ozone.container.keyvalue.statemachine.background.BlockDeletingService$BlockDeletingTask.call(BlockDeletingService.java:188)
	at org.apache.hadoop.ozone.container.keyvalue.statemachine.background.BlockDeletingService$BlockDeletingTask.call(BlockDeletingService.java:172)
	at java.util.concurrent.FutureTask.run(FutureTask.java:266)
	at java.util.concurrent.Executors$RunnableAdapter.call(Executors.java:511)
	at java.util.concurrent.FutureTask.run(FutureTask.java:266)
	at java.util.concurrent.Executors$RunnableAdapter.call(Executors.java:511)
	at java.util.concurrent.FutureTask.run(FutureTask.java:266)
	at java.util.concurrent.ScheduledThreadPoolExecutor$ScheduledFutureTask.access$201(ScheduledThreadPoolExecutor.java:180)
	at java.util.concurrent.ScheduledThreadPoolExecutor$ScheduledFutureTask.run(ScheduledThreadPoolExecutor.java:293)
	at java.util.concurrent.ThreadPoolExecutor.runWorker(ThreadPoolExecutor.java:1149)
	at java.util.concurrent.ThreadPoolExecutor$Worker.run(ThreadPoolExecutor.java:624)
	at java.lang.Thread.run(Thread.java:748)
Caused by: org.rocksdb.RocksDBException: While mkdir if missing: /opt/src/hadoop-ozone/integration-test/target/test-dir/MiniOzoneClusterImpl-a761fe1f-0c0e-47cb-a611-f8332fccf762/datanode-0/data/containers/hdds/5e8e6293-46cb-4cd3-b79f-910131fb7ceb/current/containerDir0/3/metadata/3-dn-container.db: No such file or directory
	at org.rocksdb.RocksDB.open(Native Method)
	at org.rocksdb.RocksDB.open(RocksDB.java:235)
	at org.apache.hadoop.utils.RocksDBStore.<init>(RocksDBStore.java:71)
	... 15 more
2019-07-03 21:52:31,173 WARN  utils.BackgroundService (BackgroundService.java:lambda$run$0(135)) - Background task fails to execute, retrying in next interval
java.util.concurrent.ExecutionException: org.apache.hadoop.hdds.scm.container.common.helpers.StorageContainerException: Error opening DB. Container:4 ContainerPath:/opt/src/hadoop-ozone/integration-test/target/test-dir/MiniOzoneClusterImpl-a761fe1f-0c0e-47cb-a611-f8332fccf762/datanode-0/data/containers/hdds/5e8e6293-46cb-4cd3-b79f-910131fb7ceb/current/containerDir0/4/metadata/4-dn-container.db
	at java.util.concurrent.FutureTask.report(FutureTask.java:122)
	at java.util.concurrent.FutureTask.get(FutureTask.java:206)
	at org.apache.hadoop.utils.BackgroundService$PeriodicalTask.lambda$run$0(BackgroundService.java:129)
	at java.util.stream.ForEachOps$ForEachOp$OfRef.accept(ForEachOps.java:184)
	at java.util.ArrayList$ArrayListSpliterator.forEachRemaining(ArrayList.java:1382)
	at java.util.stream.AbstractPipeline.copyInto(AbstractPipeline.java:482)
	at java.util.stream.ForEachOps$ForEachTask.compute(ForEachOps.java:291)
	at java.util.concurrent.CountedCompleter.exec(CountedCompleter.java:731)
	at java.util.concurrent.ForkJoinTask.doExec(ForkJoinTask.java:289)
	at java.util.concurrent.ForkJoinTask.doInvoke(ForkJoinTask.java:401)
	at java.util.concurrent.ForkJoinTask.invoke(ForkJoinTask.java:734)
	at java.util.stream.ForEachOps$ForEachOp.evaluateParallel(ForEachOps.java:160)
	at java.util.stream.ForEachOps$ForEachOp$OfRef.evaluateParallel(ForEachOps.java:174)
	at java.util.stream.AbstractPipeline.evaluate(AbstractPipeline.java:233)
	at java.util.stream.ReferencePipeline.forEach(ReferencePipeline.java:418)
	at java.util.stream.ReferencePipeline$Head.forEach(ReferencePipeline.java:583)
	at org.apache.hadoop.utils.BackgroundService$PeriodicalTask.run(BackgroundService.java:125)
	at java.util.concurrent.Executors$RunnableAdapter.call(Executors.java:511)
	at java.util.concurrent.FutureTask.runAndReset(FutureTask.java:308)
	at java.util.concurrent.ScheduledThreadPoolExecutor$ScheduledFutureTask.access$301(ScheduledThreadPoolExecutor.java:180)
	at java.util.concurrent.ScheduledThreadPoolExecutor$ScheduledFutureTask.run(ScheduledThreadPoolExecutor.java:294)
	at java.util.concurrent.ThreadPoolExecutor.runWorker(ThreadPoolExecutor.java:1149)
	at java.util.concurrent.ThreadPoolExecutor$Worker.run(ThreadPoolExecutor.java:624)
	at java.lang.Thread.run(Thread.java:748)
Caused by: org.apache.hadoop.hdds.scm.container.common.helpers.StorageContainerException: Error opening DB. Container:4 ContainerPath:/opt/src/hadoop-ozone/integration-test/target/test-dir/MiniOzoneClusterImpl-a761fe1f-0c0e-47cb-a611-f8332fccf762/datanode-0/data/containers/hdds/5e8e6293-46cb-4cd3-b79f-910131fb7ceb/current/containerDir0/4/metadata/4-dn-container.db
	at org.apache.hadoop.ozone.container.keyvalue.helpers.BlockUtils.getDB(BlockUtils.java:84)
	at org.apache.hadoop.ozone.container.keyvalue.statemachine.background.BlockDeletingService$BlockDeletingTask.call(BlockDeletingService.java:188)
	at org.apache.hadoop.ozone.container.keyvalue.statemachine.background.BlockDeletingService$BlockDeletingTask.call(BlockDeletingService.java:172)
	at java.util.concurrent.FutureTask.run(FutureTask.java:266)
	at java.util.concurrent.Executors$RunnableAdapter.call(Executors.java:511)
	at java.util.concurrent.FutureTask.run(FutureTask.java:266)
	at java.util.concurrent.Executors$RunnableAdapter.call(Executors.java:511)
	at java.util.concurrent.FutureTask.run(FutureTask.java:266)
	at java.util.concurrent.ScheduledThreadPoolExecutor$ScheduledFutureTask.access$201(ScheduledThreadPoolExecutor.java:180)
	at java.util.concurrent.ScheduledThreadPoolExecutor$ScheduledFutureTask.run(ScheduledThreadPoolExecutor.java:293)
	... 3 more
2019-07-03 21:52:31,177 ERROR utils.ContainerCache (ContainerCache.java:getDB(137)) - Error opening DB. Container:2 ContainerPath:/opt/src/hadoop-ozone/integration-test/target/test-dir/MiniOzoneClusterImpl-a761fe1f-0c0e-47cb-a611-f8332fccf762/datanode-0/data/containers/hdds/5e8e6293-46cb-4cd3-b79f-910131fb7ceb/current/containerDir0/2/metadata/2-dn-container.db
java.io.IOException: Failed init RocksDB, db path : /opt/src/hadoop-ozone/integration-test/target/test-dir/MiniOzoneClusterImpl-a761fe1f-0c0e-47cb-a611-f8332fccf762/datanode-0/data/containers/hdds/5e8e6293-46cb-4cd3-b79f-910131fb7ceb/current/containerDir0/2/metadata/2-dn-container.db
	at org.apache.hadoop.utils.RocksDBStore.<init>(RocksDBStore.java:87)
	at org.apache.hadoop.utils.MetadataStoreBuilder.build(MetadataStoreBuilder.java:137)
	at org.apache.hadoop.ozone.container.common.utils.ContainerCache.getDB(ContainerCache.java:129)
	at org.apache.hadoop.ozone.container.keyvalue.helpers.BlockUtils.getDB(BlockUtils.java:77)
	at org.apache.hadoop.ozone.container.keyvalue.statemachine.background.BlockDeletingService$BlockDeletingTask.call(BlockDeletingService.java:188)
	at org.apache.hadoop.ozone.container.keyvalue.statemachine.background.BlockDeletingService$BlockDeletingTask.call(BlockDeletingService.java:172)
	at java.util.concurrent.FutureTask.run(FutureTask.java:266)
	at java.util.concurrent.Executors$RunnableAdapter.call(Executors.java:511)
	at java.util.concurrent.FutureTask.run(FutureTask.java:266)
	at java.util.concurrent.Executors$RunnableAdapter.call(Executors.java:511)
	at java.util.concurrent.FutureTask.run(FutureTask.java:266)
	at java.util.concurrent.ScheduledThreadPoolExecutor$ScheduledFutureTask.access$201(ScheduledThreadPoolExecutor.java:180)
	at java.util.concurrent.ScheduledThreadPoolExecutor$ScheduledFutureTask.run(ScheduledThreadPoolExecutor.java:293)
	at java.util.concurrent.ThreadPoolExecutor.runWorker(ThreadPoolExecutor.java:1149)
	at java.util.concurrent.ThreadPoolExecutor$Worker.run(ThreadPoolExecutor.java:624)
	at java.lang.Thread.run(Thread.java:748)
Caused by: org.rocksdb.RocksDBException: While mkdir if missing: /opt/src/hadoop-ozone/integration-test/target/test-dir/MiniOzoneClusterImpl-a761fe1f-0c0e-47cb-a611-f8332fccf762/datanode-0/data/containers/hdds/5e8e6293-46cb-4cd3-b79f-910131fb7ceb/current/containerDir0/2/metadata/2-dn-container.db: No such file or directory
	at org.rocksdb.RocksDB.open(Native Method)
	at org.rocksdb.RocksDB.open(RocksDB.java:235)
	at org.apache.hadoop.utils.RocksDBStore.<init>(RocksDBStore.java:71)
	... 15 more
2019-07-03 21:52:31,177 WARN  utils.BackgroundService (BackgroundService.java:lambda$run$0(135)) - Background task fails to execute, retrying in next interval
java.util.concurrent.ExecutionException: org.apache.hadoop.hdds.scm.container.common.helpers.StorageContainerException: Error opening DB. Container:3 ContainerPath:/opt/src/hadoop-ozone/integration-test/target/test-dir/MiniOzoneClusterImpl-a761fe1f-0c0e-47cb-a611-f8332fccf762/datanode-0/data/containers/hdds/5e8e6293-46cb-4cd3-b79f-910131fb7ceb/current/containerDir0/3/metadata/3-dn-container.db
	at java.util.concurrent.FutureTask.report(FutureTask.java:122)
	at java.util.concurrent.FutureTask.get(FutureTask.java:206)
	at org.apache.hadoop.utils.BackgroundService$PeriodicalTask.lambda$run$0(BackgroundService.java:129)
	at java.util.stream.ForEachOps$ForEachOp$OfRef.accept(ForEachOps.java:184)
	at java.util.ArrayList$ArrayListSpliterator.forEachRemaining(ArrayList.java:1382)
	at java.util.stream.AbstractPipeline.copyInto(AbstractPipeline.java:482)
	at java.util.stream.ForEachOps$ForEachTask.compute(ForEachOps.java:291)
	at java.util.concurrent.CountedCompleter.exec(CountedCompleter.java:731)
	at java.util.concurrent.ForkJoinTask.doExec(ForkJoinTask.java:289)
	at java.util.concurrent.ForkJoinPool$WorkQueue.pollAndExecCC(ForkJoinPool.java:1190)
	at java.util.concurrent.ForkJoinPool.helpComplete(ForkJoinPool.java:1879)
	at java.util.concurrent.ForkJoinPool.externalHelpComplete(ForkJoinPool.java:2467)
	at java.util.concurrent.ForkJoinTask.externalAwaitDone(ForkJoinTask.java:324)
	at java.util.concurrent.ForkJoinTask.doInvoke(ForkJoinTask.java:405)
	at java.util.concurrent.ForkJoinTask.invoke(ForkJoinTask.java:734)
	at java.util.stream.ForEachOps$ForEachOp.evaluateParallel(ForEachOps.java:160)
	at java.util.stream.ForEachOps$ForEachOp$OfRef.evaluateParallel(ForEachOps.java:174)
	at java.util.stream.AbstractPipeline.evaluate(AbstractPipeline.java:233)
	at java.util.stream.ReferencePipeline.forEach(ReferencePipeline.java:418)
	at java.util.stream.ReferencePipeline$Head.forEach(ReferencePipeline.java:583)
	at org.apache.hadoop.utils.BackgroundService$PeriodicalTask.run(BackgroundService.java:125)
	at java.util.concurrent.Executors$RunnableAdapter.call(Executors.java:511)
	at java.util.concurrent.FutureTask.runAndReset(FutureTask.java:308)
	at java.util.concurrent.ScheduledThreadPoolExecutor$ScheduledFutureTask.access$301(ScheduledThreadPoolExecutor.java:180)
	at java.util.concurrent.ScheduledThreadPoolExecutor$ScheduledFutureTask.run(ScheduledThreadPoolExecutor.java:294)
	at java.util.concurrent.ThreadPoolExecutor.runWorker(ThreadPoolExecutor.java:1149)
	at java.util.concurrent.ThreadPoolExecutor$Worker.run(ThreadPoolExecutor.java:624)
	at java.lang.Thread.run(Thread.java:748)
Caused by: org.apache.hadoop.hdds.scm.container.common.helpers.StorageContainerException: Error opening DB. Container:3 ContainerPath:/opt/src/hadoop-ozone/integration-test/target/test-dir/MiniOzoneClusterImpl-a761fe1f-0c0e-47cb-a611-f8332fccf762/datanode-0/data/containers/hdds/5e8e6293-46cb-4cd3-b79f-910131fb7ceb/current/containerDir0/3/metadata/3-dn-container.db
	at org.apache.hadoop.ozone.container.keyvalue.helpers.BlockUtils.getDB(BlockUtils.java:84)
	at org.apache.hadoop.ozone.container.keyvalue.statemachine.background.BlockDeletingService$BlockDeletingTask.call(BlockDeletingService.java:188)
	at org.apache.hadoop.ozone.container.keyvalue.statemachine.background.BlockDeletingService$BlockDeletingTask.call(BlockDeletingService.java:172)
	at java.util.concurrent.FutureTask.run(FutureTask.java:266)
	at java.util.concurrent.Executors$RunnableAdapter.call(Executors.java:511)
	at java.util.concurrent.FutureTask.run(FutureTask.java:266)
	at java.util.concurrent.Executors$RunnableAdapter.call(Executors.java:511)
	at java.util.concurrent.FutureTask.run(FutureTask.java:266)
	at java.util.concurrent.ScheduledThreadPoolExecutor$ScheduledFutureTask.access$201(ScheduledThreadPoolExecutor.java:180)
	at java.util.concurrent.ScheduledThreadPoolExecutor$ScheduledFutureTask.run(ScheduledThreadPoolExecutor.java:293)
	... 3 more
2019-07-03 21:52:31,178 WARN  utils.BackgroundService (BackgroundService.java:lambda$run$0(135)) - Background task fails to execute, retrying in next interval
java.util.concurrent.ExecutionException: org.apache.hadoop.hdds.scm.container.common.helpers.StorageContainerException: Error opening DB. Container:2 ContainerPath:/opt/src/hadoop-ozone/integration-test/target/test-dir/MiniOzoneClusterImpl-a761fe1f-0c0e-47cb-a611-f8332fccf762/datanode-0/data/containers/hdds/5e8e6293-46cb-4cd3-b79f-910131fb7ceb/current/containerDir0/2/metadata/2-dn-container.db
	at java.util.concurrent.FutureTask.report(FutureTask.java:122)
	at java.util.concurrent.FutureTask.get(FutureTask.java:206)
	at org.apache.hadoop.utils.BackgroundService$PeriodicalTask.lambda$run$0(BackgroundService.java:129)
	at java.util.stream.ForEachOps$ForEachOp$OfRef.accept(ForEachOps.java:184)
	at java.util.ArrayList$ArrayListSpliterator.forEachRemaining(ArrayList.java:1382)
	at java.util.stream.AbstractPipeline.copyInto(AbstractPipeline.java:482)
	at java.util.stream.ForEachOps$ForEachTask.compute(ForEachOps.java:291)
	at java.util.concurrent.CountedCompleter.exec(CountedCompleter.java:731)
	at java.util.concurrent.ForkJoinTask.doExec(ForkJoinTask.java:289)
	at java.util.concurrent.ForkJoinPool$WorkQueue.runTask(ForkJoinPool.java:1056)
	at java.util.concurrent.ForkJoinPool.runWorker(ForkJoinPool.java:1692)
	at java.util.concurrent.ForkJoinWorkerThread.run(ForkJoinWorkerThread.java:157)
Caused by: org.apache.hadoop.hdds.scm.container.common.helpers.StorageContainerException: Error opening DB. Container:2 ContainerPath:/opt/src/hadoop-ozone/integration-test/target/test-dir/MiniOzoneClusterImpl-a761fe1f-0c0e-47cb-a611-f8332fccf762/datanode-0/data/containers/hdds/5e8e6293-46cb-4cd3-b79f-910131fb7ceb/current/containerDir0/2/metadata/2-dn-container.db
	at org.apache.hadoop.ozone.container.keyvalue.helpers.BlockUtils.getDB(BlockUtils.java:84)
	at org.apache.hadoop.ozone.container.keyvalue.statemachine.background.BlockDeletingService$BlockDeletingTask.call(BlockDeletingService.java:188)
	at org.apache.hadoop.ozone.container.keyvalue.statemachine.background.BlockDeletingService$BlockDeletingTask.call(BlockDeletingService.java:172)
	at java.util.concurrent.FutureTask.run(FutureTask.java:266)
	at java.util.concurrent.Executors$RunnableAdapter.call(Executors.java:511)
	at java.util.concurrent.FutureTask.run(FutureTask.java:266)
	at java.util.concurrent.Executors$RunnableAdapter.call(Executors.java:511)
	at java.util.concurrent.FutureTask.run(FutureTask.java:266)
	at java.util.concurrent.ScheduledThreadPoolExecutor$ScheduledFutureTask.access$201(ScheduledThreadPoolExecutor.java:180)
	at java.util.concurrent.ScheduledThreadPoolExecutor$ScheduledFutureTask.run(ScheduledThreadPoolExecutor.java:293)
	at java.util.concurrent.ThreadPoolExecutor.runWorker(ThreadPoolExecutor.java:1149)
	at java.util.concurrent.ThreadPoolExecutor$Worker.run(ThreadPoolExecutor.java:624)
	at java.lang.Thread.run(Thread.java:748)
2019-07-03 21:52:31,910 INFO  ozone.MiniOzoneClusterImpl (MiniOzoneClusterImpl.java:lambda$waitForClusterToBeReady$0(142)) - Waiting for cluster to be ready. Got 0 of 1 DN Heartbeats.
2019-07-03 21:52:32,181 INFO  background.BlockDeletingService (BlockDeletingService.java:getTasks(123)) - Plan to choose 10 containers for block deletion, actually returns 5 valid containers.
2019-07-03 21:52:32,182 ERROR utils.ContainerCache (ContainerCache.java:getDB(137)) - Error opening DB. Container:1 ContainerPath:/opt/src/hadoop-ozone/integration-test/target/test-dir/MiniOzoneClusterImpl-a761fe1f-0c0e-47cb-a611-f8332fccf762/datanode-0/data/containers/hdds/5e8e6293-46cb-4cd3-b79f-910131fb7ceb/current/containerDir0/1/metadata/1-dn-container.db
java.io.IOException: Failed init RocksDB, db path : /opt/src/hadoop-ozone/integration-test/target/test-dir/MiniOzoneClusterImpl-a761fe1f-0c0e-47cb-a611-f8332fccf762/datanode-0/data/containers/hdds/5e8e6293-46cb-4cd3-b79f-910131fb7ceb/current/containerDir0/1/metadata/1-dn-container.db
	at org.apache.hadoop.utils.RocksDBStore.<init>(RocksDBStore.java:87)
	at org.apache.hadoop.utils.MetadataStoreBuilder.build(MetadataStoreBuilder.java:137)
	at org.apache.hadoop.ozone.container.common.utils.ContainerCache.getDB(ContainerCache.java:129)
	at org.apache.hadoop.ozone.container.keyvalue.helpers.BlockUtils.getDB(BlockUtils.java:77)
	at org.apache.hadoop.ozone.container.keyvalue.statemachine.background.BlockDeletingService$BlockDeletingTask.call(BlockDeletingService.java:188)
	at org.apache.hadoop.ozone.container.keyvalue.statemachine.background.BlockDeletingService$BlockDeletingTask.call(BlockDeletingService.java:172)
	at java.util.concurrent.FutureTask.run(FutureTask.java:266)
	at java.util.concurrent.Executors$RunnableAdapter.call(Executors.java:511)
	at java.util.concurrent.FutureTask.run(FutureTask.java:266)
	at java.util.concurrent.Executors$RunnableAdapter.call(Executors.java:511)
	at java.util.concurrent.FutureTask.run(FutureTask.java:266)
	at java.util.concurrent.ScheduledThreadPoolExecutor$ScheduledFutureTask.access$201(ScheduledThreadPoolExecutor.java:180)
	at java.util.concurrent.ScheduledThreadPoolExecutor$ScheduledFutureTask.run(ScheduledThreadPoolExecutor.java:293)
	at java.util.concurrent.ThreadPoolExecutor.runWorker(ThreadPoolExecutor.java:1149)
	at java.util.concurrent.ThreadPoolExecutor$Worker.run(ThreadPoolExecutor.java:624)
	at java.lang.Thread.run(Thread.java:748)
Caused by: org.rocksdb.RocksDBException: While mkdir if missing: /opt/src/hadoop-ozone/integration-test/target/test-dir/MiniOzoneClusterImpl-a761fe1f-0c0e-47cb-a611-f8332fccf762/datanode-0/data/containers/hdds/5e8e6293-46cb-4cd3-b79f-910131fb7ceb/current/containerDir0/1/metadata/1-dn-container.db: No such file or directory
	at org.rocksdb.RocksDB.open(Native Method)
	at org.rocksdb.RocksDB.open(RocksDB.java:235)
	at org.apache.hadoop.utils.RocksDBStore.<init>(RocksDBStore.java:71)
	... 15 more
2019-07-03 21:52:32,183 ERROR utils.ContainerCache (ContainerCache.java:getDB(137)) - Error opening DB. Container:5 ContainerPath:/opt/src/hadoop-ozone/integration-test/target/test-dir/MiniOzoneClusterImpl-a761fe1f-0c0e-47cb-a611-f8332fccf762/datanode-0/data/containers/hdds/5e8e6293-46cb-4cd3-b79f-910131fb7ceb/current/containerDir0/5/metadata/5-dn-container.db
java.io.IOException: Failed init RocksDB, db path : /opt/src/hadoop-ozone/integration-test/target/test-dir/MiniOzoneClusterImpl-a761fe1f-0c0e-47cb-a611-f8332fccf762/datanode-0/data/containers/hdds/5e8e6293-46cb-4cd3-b79f-910131fb7ceb/current/containerDir0/5/metadata/5-dn-container.db
	at org.apache.hadoop.utils.RocksDBStore.<init>(RocksDBStore.java:87)
	at org.apache.hadoop.utils.MetadataStoreBuilder.build(MetadataStoreBuilder.java:137)
	at org.apache.hadoop.ozone.container.common.utils.ContainerCache.getDB(ContainerCache.java:129)
	at org.apache.hadoop.ozone.container.keyvalue.helpers.BlockUtils.getDB(BlockUtils.java:77)
	at org.apache.hadoop.ozone.container.keyvalue.statemachine.background.BlockDeletingService$BlockDeletingTask.call(BlockDeletingService.java:188)
	at org.apache.hadoop.ozone.container.keyvalue.statemachine.background.BlockDeletingService$BlockDeletingTask.call(BlockDeletingService.java:172)
	at java.util.concurrent.FutureTask.run(FutureTask.java:266)
	at java.util.concurrent.Executors$RunnableAdapter.call(Executors.java:511)
	at java.util.concurrent.FutureTask.run(FutureTask.java:266)
	at java.util.concurrent.Executors$RunnableAdapter.call(Executors.java:511)
	at java.util.concurrent.FutureTask.run(FutureTask.java:266)
	at java.util.concurrent.ScheduledThreadPoolExecutor$ScheduledFutureTask.access$201(ScheduledThreadPoolExecutor.java:180)
	at java.util.concurrent.ScheduledThreadPoolExecutor$ScheduledFutureTask.run(ScheduledThreadPoolExecutor.java:293)
	at java.util.concurrent.ThreadPoolExecutor.runWorker(ThreadPoolExecutor.java:1149)
	at java.util.concurrent.ThreadPoolExecutor$Worker.run(ThreadPoolExecutor.java:624)
	at java.lang.Thread.run(Thread.java:748)
Caused by: org.rocksdb.RocksDBException: While mkdir if missing: /opt/src/hadoop-ozone/integration-test/target/test-dir/MiniOzoneClusterImpl-a761fe1f-0c0e-47cb-a611-f8332fccf762/datanode-0/data/containers/hdds/5e8e6293-46cb-4cd3-b79f-910131fb7ceb/current/containerDir0/5/metadata/5-dn-container.db: No such file or directory
	at org.rocksdb.RocksDB.open(Native Method)
	at org.rocksdb.RocksDB.open(RocksDB.java:235)
	at org.apache.hadoop.utils.RocksDBStore.<init>(RocksDBStore.java:71)
	... 15 more
2019-07-03 21:52:32,184 WARN  utils.BackgroundService (BackgroundService.java:lambda$run$0(135)) - Background task fails to execute, retrying in next interval
java.util.concurrent.ExecutionException: org.apache.hadoop.hdds.scm.container.common.helpers.StorageContainerException: Error opening DB. Container:5 ContainerPath:/opt/src/hadoop-ozone/integration-test/target/test-dir/MiniOzoneClusterImpl-a761fe1f-0c0e-47cb-a611-f8332fccf762/datanode-0/data/containers/hdds/5e8e6293-46cb-4cd3-b79f-910131fb7ceb/current/containerDir0/5/metadata/5-dn-container.db
	at java.util.concurrent.FutureTask.report(FutureTask.java:122)
	at java.util.concurrent.FutureTask.get(FutureTask.java:206)
	at org.apache.hadoop.utils.BackgroundService$PeriodicalTask.lambda$run$0(BackgroundService.java:129)
	at java.util.stream.ForEachOps$ForEachOp$OfRef.accept(ForEachOps.java:184)
	at java.util.ArrayList$ArrayListSpliterator.forEachRemaining(ArrayList.java:1382)
	at java.util.stream.AbstractPipeline.copyInto(AbstractPipeline.java:482)
	at java.util.stream.ForEachOps$ForEachTask.compute(ForEachOps.java:291)
	at java.util.concurrent.CountedCompleter.exec(CountedCompleter.java:731)
	at java.util.concurrent.ForkJoinTask.doExec(ForkJoinTask.java:289)
	at java.util.concurrent.ForkJoinPool$WorkQueue.runTask(ForkJoinPool.java:1056)
	at java.util.concurrent.ForkJoinPool.runWorker(ForkJoinPool.java:1692)
	at java.util.concurrent.ForkJoinWorkerThread.run(ForkJoinWorkerThread.java:157)
Caused by: org.apache.hadoop.hdds.scm.container.common.helpers.StorageContainerException: Error opening DB. Container:5 ContainerPath:/opt/src/hadoop-ozone/integration-test/target/test-dir/MiniOzoneClusterImpl-a761fe1f-0c0e-47cb-a611-f8332fccf762/datanode-0/data/containers/hdds/5e8e6293-46cb-4cd3-b79f-910131fb7ceb/current/containerDir0/5/metadata/5-dn-container.db
	at org.apache.hadoop.ozone.container.keyvalue.helpers.BlockUtils.getDB(BlockUtils.java:84)
	at org.apache.hadoop.ozone.container.keyvalue.statemachine.background.BlockDeletingService$BlockDeletingTask.call(BlockDeletingService.java:188)
	at org.apache.hadoop.ozone.container.keyvalue.statemachine.background.BlockDeletingService$BlockDeletingTask.call(BlockDeletingService.java:172)
	at java.util.concurrent.FutureTask.run(FutureTask.java:266)
	at java.util.concurrent.Executors$RunnableAdapter.call(Executors.java:511)
	at java.util.concurrent.FutureTask.run(FutureTask.java:266)
	at java.util.concurrent.Executors$RunnableAdapter.call(Executors.java:511)
	at java.util.concurrent.FutureTask.run(FutureTask.java:266)
	at java.util.concurrent.ScheduledThreadPoolExecutor$ScheduledFutureTask.access$201(ScheduledThreadPoolExecutor.java:180)
	at java.util.concurrent.ScheduledThreadPoolExecutor$ScheduledFutureTask.run(ScheduledThreadPoolExecutor.java:293)
	at java.util.concurrent.ThreadPoolExecutor.runWorker(ThreadPoolExecutor.java:1149)
	at java.util.concurrent.ThreadPoolExecutor$Worker.run(ThreadPoolExecutor.java:624)
	at java.lang.Thread.run(Thread.java:748)
2019-07-03 21:52:32,184 ERROR utils.ContainerCache (ContainerCache.java:getDB(137)) - Error opening DB. Container:4 ContainerPath:/opt/src/hadoop-ozone/integration-test/target/test-dir/MiniOzoneClusterImpl-a761fe1f-0c0e-47cb-a611-f8332fccf762/datanode-0/data/containers/hdds/5e8e6293-46cb-4cd3-b79f-910131fb7ceb/current/containerDir0/4/metadata/4-dn-container.db
java.io.IOException: Failed init RocksDB, db path : /opt/src/hadoop-ozone/integration-test/target/test-dir/MiniOzoneClusterImpl-a761fe1f-0c0e-47cb-a611-f8332fccf762/datanode-0/data/containers/hdds/5e8e6293-46cb-4cd3-b79f-910131fb7ceb/current/containerDir0/4/metadata/4-dn-container.db
	at org.apache.hadoop.utils.RocksDBStore.<init>(RocksDBStore.java:87)
	at org.apache.hadoop.utils.MetadataStoreBuilder.build(MetadataStoreBuilder.java:137)
	at org.apache.hadoop.ozone.container.common.utils.ContainerCache.getDB(ContainerCache.java:129)
	at org.apache.hadoop.ozone.container.keyvalue.helpers.BlockUtils.getDB(BlockUtils.java:77)
	at org.apache.hadoop.ozone.container.keyvalue.statemachine.background.BlockDeletingService$BlockDeletingTask.call(BlockDeletingService.java:188)
	at org.apache.hadoop.ozone.container.keyvalue.statemachine.background.BlockDeletingService$BlockDeletingTask.call(BlockDeletingService.java:172)
	at java.util.concurrent.FutureTask.run(FutureTask.java:266)
	at java.util.concurrent.Executors$RunnableAdapter.call(Executors.java:511)
	at java.util.concurrent.FutureTask.run(FutureTask.java:266)
	at java.util.concurrent.Executors$RunnableAdapter.call(Executors.java:511)
	at java.util.concurrent.FutureTask.run(FutureTask.java:266)
	at java.util.concurrent.ScheduledThreadPoolExecutor$ScheduledFutureTask.access$201(ScheduledThreadPoolExecutor.java:180)
	at java.util.concurrent.ScheduledThreadPoolExecutor$ScheduledFutureTask.run(ScheduledThreadPoolExecutor.java:293)
	at java.util.concurrent.ThreadPoolExecutor.runWorker(ThreadPoolExecutor.java:1149)
	at java.util.concurrent.ThreadPoolExecutor$Worker.run(ThreadPoolExecutor.java:624)
	at java.lang.Thread.run(Thread.java:748)
Caused by: org.rocksdb.RocksDBException: While mkdir if missing: /opt/src/hadoop-ozone/integration-test/target/test-dir/MiniOzoneClusterImpl-a761fe1f-0c0e-47cb-a611-f8332fccf762/datanode-0/data/containers/hdds/5e8e6293-46cb-4cd3-b79f-910131fb7ceb/current/containerDir0/4/metadata/4-dn-container.db: No such file or directory
	at org.rocksdb.RocksDB.open(Native Method)
	at org.rocksdb.RocksDB.open(RocksDB.java:235)
	at org.apache.hadoop.utils.RocksDBStore.<init>(RocksDBStore.java:71)
	... 15 more
2019-07-03 21:52:32,186 WARN  utils.BackgroundService (BackgroundService.java:lambda$run$0(135)) - Background task fails to execute, retrying in next interval
java.util.concurrent.ExecutionException: org.apache.hadoop.hdds.scm.container.common.helpers.StorageContainerException: Error opening DB. Container:1 ContainerPath:/opt/src/hadoop-ozone/integration-test/target/test-dir/MiniOzoneClusterImpl-a761fe1f-0c0e-47cb-a611-f8332fccf762/datanode-0/data/containers/hdds/5e8e6293-46cb-4cd3-b79f-910131fb7ceb/current/containerDir0/1/metadata/1-dn-container.db
	at java.util.concurrent.FutureTask.report(FutureTask.java:122)
	at java.util.concurrent.FutureTask.get(FutureTask.java:206)
	at org.apache.hadoop.utils.BackgroundService$PeriodicalTask.lambda$run$0(BackgroundService.java:129)
	at java.util.stream.ForEachOps$ForEachOp$OfRef.accept(ForEachOps.java:184)
	at java.util.ArrayList$ArrayListSpliterator.forEachRemaining(ArrayList.java:1382)
	at java.util.stream.AbstractPipeline.copyInto(AbstractPipeline.java:482)
	at java.util.stream.ForEachOps$ForEachTask.compute(ForEachOps.java:291)
	at java.util.concurrent.CountedCompleter.exec(CountedCompleter.java:731)
	at java.util.concurrent.ForkJoinTask.doExec(ForkJoinTask.java:289)
	at java.util.concurrent.ForkJoinPool$WorkQueue.execLocalTasks(ForkJoinPool.java:1040)
	at java.util.concurrent.ForkJoinPool$WorkQueue.runTask(ForkJoinPool.java:1058)
	at java.util.concurrent.ForkJoinPool.runWorker(ForkJoinPool.java:1692)
	at java.util.concurrent.ForkJoinWorkerThread.run(ForkJoinWorkerThread.java:157)
Caused by: org.apache.hadoop.hdds.scm.container.common.helpers.StorageContainerException: Error opening DB. Container:1 ContainerPath:/opt/src/hadoop-ozone/integration-test/target/test-dir/MiniOzoneClusterImpl-a761fe1f-0c0e-47cb-a611-f8332fccf762/datanode-0/data/containers/hdds/5e8e6293-46cb-4cd3-b79f-910131fb7ceb/current/containerDir0/1/metadata/1-dn-container.db
	at org.apache.hadoop.ozone.container.keyvalue.helpers.BlockUtils.getDB(BlockUtils.java:84)
	at org.apache.hadoop.ozone.container.keyvalue.statemachine.background.BlockDeletingService$BlockDeletingTask.call(BlockDeletingService.java:188)
	at org.apache.hadoop.ozone.container.keyvalue.statemachine.background.BlockDeletingService$BlockDeletingTask.call(BlockDeletingService.java:172)
	at java.util.concurrent.FutureTask.run(FutureTask.java:266)
	at java.util.concurrent.Executors$RunnableAdapter.call(Executors.java:511)
	at java.util.concurrent.FutureTask.run(FutureTask.java:266)
	at java.util.concurrent.Executors$RunnableAdapter.call(Executors.java:511)
	at java.util.concurrent.FutureTask.run(FutureTask.java:266)
	at java.util.concurrent.ScheduledThreadPoolExecutor$ScheduledFutureTask.access$201(ScheduledThreadPoolExecutor.java:180)
	at java.util.concurrent.ScheduledThreadPoolExecutor$ScheduledFutureTask.run(ScheduledThreadPoolExecutor.java:293)
	at java.util.concurrent.ThreadPoolExecutor.runWorker(ThreadPoolExecutor.java:1149)
	at java.util.concurrent.ThreadPoolExecutor$Worker.run(ThreadPoolExecutor.java:624)
	at java.lang.Thread.run(Thread.java:748)
2019-07-03 21:52:32,187 ERROR utils.ContainerCache (ContainerCache.java:getDB(137)) - Error opening DB. Container:3 ContainerPath:/opt/src/hadoop-ozone/integration-test/target/test-dir/MiniOzoneClusterImpl-a761fe1f-0c0e-47cb-a611-f8332fccf762/datanode-0/data/containers/hdds/5e8e6293-46cb-4cd3-b79f-910131fb7ceb/current/containerDir0/3/metadata/3-dn-container.db
java.io.IOException: Failed init RocksDB, db path : /opt/src/hadoop-ozone/integration-test/target/test-dir/MiniOzoneClusterImpl-a761fe1f-0c0e-47cb-a611-f8332fccf762/datanode-0/data/containers/hdds/5e8e6293-46cb-4cd3-b79f-910131fb7ceb/current/containerDir0/3/metadata/3-dn-container.db
	at org.apache.hadoop.utils.RocksDBStore.<init>(RocksDBStore.java:87)
	at org.apache.hadoop.utils.MetadataStoreBuilder.build(MetadataStoreBuilder.java:137)
	at org.apache.hadoop.ozone.container.common.utils.ContainerCache.getDB(ContainerCache.java:129)
	at org.apache.hadoop.ozone.container.keyvalue.helpers.BlockUtils.getDB(BlockUtils.java:77)
	at org.apache.hadoop.ozone.container.keyvalue.statemachine.background.BlockDeletingService$BlockDeletingTask.call(BlockDeletingService.java:188)
	at org.apache.hadoop.ozone.container.keyvalue.statemachine.background.BlockDeletingService$BlockDeletingTask.call(BlockDeletingService.java:172)
	at java.util.concurrent.FutureTask.run(FutureTask.java:266)
	at java.util.concurrent.Executors$RunnableAdapter.call(Executors.java:511)
	at java.util.concurrent.FutureTask.run(FutureTask.java:266)
	at java.util.concurrent.Executors$RunnableAdapter.call(Executors.java:511)
	at java.util.concurrent.FutureTask.run(FutureTask.java:266)
	at java.util.concurrent.ScheduledThreadPoolExecutor$ScheduledFutureTask.access$201(ScheduledThreadPoolExecutor.java:180)
	at java.util.concurrent.ScheduledThreadPoolExecutor$ScheduledFutureTask.run(ScheduledThreadPoolExecutor.java:293)
	at java.util.concurrent.ThreadPoolExecutor.runWorker(ThreadPoolExecutor.java:1149)
	at java.util.concurrent.ThreadPoolExecutor$Worker.run(ThreadPoolExecutor.java:624)
	at java.lang.Thread.run(Thread.java:748)
Caused by: org.rocksdb.RocksDBException: While mkdir if missing: /opt/src/hadoop-ozone/integration-test/target/test-dir/MiniOzoneClusterImpl-a761fe1f-0c0e-47cb-a611-f8332fccf762/datanode-0/data/containers/hdds/5e8e6293-46cb-4cd3-b79f-910131fb7ceb/current/containerDir0/3/metadata/3-dn-container.db: No such file or directory
	at org.rocksdb.RocksDB.open(Native Method)
	at org.rocksdb.RocksDB.open(RocksDB.java:235)
	at org.apache.hadoop.utils.RocksDBStore.<init>(RocksDBStore.java:71)
	... 15 more
2019-07-03 21:52:32,186 WARN  utils.BackgroundService (BackgroundService.java:lambda$run$0(135)) - Background task fails to execute, retrying in next interval
java.util.concurrent.ExecutionException: org.apache.hadoop.hdds.scm.container.common.helpers.StorageContainerException: Error opening DB. Container:4 ContainerPath:/opt/src/hadoop-ozone/integration-test/target/test-dir/MiniOzoneClusterImpl-a761fe1f-0c0e-47cb-a611-f8332fccf762/datanode-0/data/containers/hdds/5e8e6293-46cb-4cd3-b79f-910131fb7ceb/current/containerDir0/4/metadata/4-dn-container.db
	at java.util.concurrent.FutureTask.report(FutureTask.java:122)
	at java.util.concurrent.FutureTask.get(FutureTask.java:206)
	at org.apache.hadoop.utils.BackgroundService$PeriodicalTask.lambda$run$0(BackgroundService.java:129)
	at java.util.stream.ForEachOps$ForEachOp$OfRef.accept(ForEachOps.java:184)
	at java.util.ArrayList$ArrayListSpliterator.forEachRemaining(ArrayList.java:1382)
	at java.util.stream.AbstractPipeline.copyInto(AbstractPipeline.java:482)
	at java.util.stream.ForEachOps$ForEachTask.compute(ForEachOps.java:291)
	at java.util.concurrent.CountedCompleter.exec(CountedCompleter.java:731)
	at java.util.concurrent.ForkJoinTask.doExec(ForkJoinTask.java:289)
	at java.util.concurrent.ForkJoinTask.doInvoke(ForkJoinTask.java:401)
	at java.util.concurrent.ForkJoinTask.invoke(ForkJoinTask.java:734)
	at java.util.stream.ForEachOps$ForEachOp.evaluateParallel(ForEachOps.java:160)
	at java.util.stream.ForEachOps$ForEachOp$OfRef.evaluateParallel(ForEachOps.java:174)
	at java.util.stream.AbstractPipeline.evaluate(AbstractPipeline.java:233)
	at java.util.stream.ReferencePipeline.forEach(ReferencePipeline.java:418)
	at java.util.stream.ReferencePipeline$Head.forEach(ReferencePipeline.java:583)
	at org.apache.hadoop.utils.BackgroundService$PeriodicalTask.run(BackgroundService.java:125)
	at java.util.concurrent.Executors$RunnableAdapter.call(Executors.java:511)
	at java.util.concurrent.FutureTask.runAndReset(FutureTask.java:308)
	at java.util.concurrent.ScheduledThreadPoolExecutor$ScheduledFutureTask.access$301(ScheduledThreadPoolExecutor.java:180)
	at java.util.concurrent.ScheduledThreadPoolExecutor$ScheduledFutureTask.run(ScheduledThreadPoolExecutor.java:294)
	at java.util.concurrent.ThreadPoolExecutor.runWorker(ThreadPoolExecutor.java:1149)
	at java.util.concurrent.ThreadPoolExecutor$Worker.run(ThreadPoolExecutor.java:624)
	at java.lang.Thread.run(Thread.java:748)
Caused by: org.apache.hadoop.hdds.scm.container.common.helpers.StorageContainerException: Error opening DB. Container:4 ContainerPath:/opt/src/hadoop-ozone/integration-test/target/test-dir/MiniOzoneClusterImpl-a761fe1f-0c0e-47cb-a611-f8332fccf762/datanode-0/data/containers/hdds/5e8e6293-46cb-4cd3-b79f-910131fb7ceb/current/containerDir0/4/metadata/4-dn-container.db
	at org.apache.hadoop.ozone.container.keyvalue.helpers.BlockUtils.getDB(BlockUtils.java:84)
	at org.apache.hadoop.ozone.container.keyvalue.statemachine.background.BlockDeletingService$BlockDeletingTask.call(BlockDeletingService.java:188)
	at org.apache.hadoop.ozone.container.keyvalue.statemachine.background.BlockDeletingService$BlockDeletingTask.call(BlockDeletingService.java:172)
	at java.util.concurrent.FutureTask.run(FutureTask.java:266)
	at java.util.concurrent.Executors$RunnableAdapter.call(Executors.java:511)
	at java.util.concurrent.FutureTask.run(FutureTask.java:266)
	at java.util.concurrent.Executors$RunnableAdapter.call(Executors.java:511)
	at java.util.concurrent.FutureTask.run(FutureTask.java:266)
	at java.util.concurrent.ScheduledThreadPoolExecutor$ScheduledFutureTask.access$201(ScheduledThreadPoolExecutor.java:180)
	at java.util.concurrent.ScheduledThreadPoolExecutor$ScheduledFutureTask.run(ScheduledThreadPoolExecutor.java:293)
	... 3 more
2019-07-03 21:52:32,189 ERROR utils.ContainerCache (ContainerCache.java:getDB(137)) - Error opening DB. Container:2 ContainerPath:/opt/src/hadoop-ozone/integration-test/target/test-dir/MiniOzoneClusterImpl-a761fe1f-0c0e-47cb-a611-f8332fccf762/datanode-0/data/containers/hdds/5e8e6293-46cb-4cd3-b79f-910131fb7ceb/current/containerDir0/2/metadata/2-dn-container.db
java.io.IOException: Failed init RocksDB, db path : /opt/src/hadoop-ozone/integration-test/target/test-dir/MiniOzoneClusterImpl-a761fe1f-0c0e-47cb-a611-f8332fccf762/datanode-0/data/containers/hdds/5e8e6293-46cb-4cd3-b79f-910131fb7ceb/current/containerDir0/2/metadata/2-dn-container.db
	at org.apache.hadoop.utils.RocksDBStore.<init>(RocksDBStore.java:87)
	at org.apache.hadoop.utils.MetadataStoreBuilder.build(MetadataStoreBuilder.java:137)
	at org.apache.hadoop.ozone.container.common.utils.ContainerCache.getDB(ContainerCache.java:129)
	at org.apache.hadoop.ozone.container.keyvalue.helpers.BlockUtils.getDB(BlockUtils.java:77)
	at org.apache.hadoop.ozone.container.keyvalue.statemachine.background.BlockDeletingService$BlockDeletingTask.call(BlockDeletingService.java:188)
	at org.apache.hadoop.ozone.container.keyvalue.statemachine.background.BlockDeletingService$BlockDeletingTask.call(BlockDeletingService.java:172)
	at java.util.concurrent.FutureTask.run(FutureTask.java:266)
	at java.util.concurrent.Executors$RunnableAdapter.call(Executors.java:511)
	at java.util.concurrent.FutureTask.run(FutureTask.java:266)
	at java.util.concurrent.Executors$RunnableAdapter.call(Executors.java:511)
	at java.util.concurrent.FutureTask.run(FutureTask.java:266)
	at java.util.concurrent.ScheduledThreadPoolExecutor$ScheduledFutureTask.access$201(ScheduledThreadPoolExecutor.java:180)
	at java.util.concurrent.ScheduledThreadPoolExecutor$ScheduledFutureTask.run(ScheduledThreadPoolExecutor.java:293)
	at java.util.concurrent.ThreadPoolExecutor.runWorker(ThreadPoolExecutor.java:1149)
	at java.util.concurrent.ThreadPoolExecutor$Worker.run(ThreadPoolExecutor.java:624)
	at java.lang.Thread.run(Thread.java:748)
Caused by: org.rocksdb.RocksDBException: While mkdir if missing: /opt/src/hadoop-ozone/integration-test/target/test-dir/MiniOzoneClusterImpl-a761fe1f-0c0e-47cb-a611-f8332fccf762/datanode-0/data/containers/hdds/5e8e6293-46cb-4cd3-b79f-910131fb7ceb/current/containerDir0/2/metadata/2-dn-container.db: No such file or directory
	at org.rocksdb.RocksDB.open(Native Method)
	at org.rocksdb.RocksDB.open(RocksDB.java:235)
	at org.apache.hadoop.utils.RocksDBStore.<init>(RocksDBStore.java:71)
	... 15 more
2019-07-03 21:52:32,189 WARN  utils.BackgroundService (BackgroundService.java:lambda$run$0(135)) - Background task fails to execute, retrying in next interval
java.util.concurrent.ExecutionException: org.apache.hadoop.hdds.scm.container.common.helpers.StorageContainerException: Error opening DB. Container:3 ContainerPath:/opt/src/hadoop-ozone/integration-test/target/test-dir/MiniOzoneClusterImpl-a761fe1f-0c0e-47cb-a611-f8332fccf762/datanode-0/data/containers/hdds/5e8e6293-46cb-4cd3-b79f-910131fb7ceb/current/containerDir0/3/metadata/3-dn-container.db
	at java.util.concurrent.FutureTask.report(FutureTask.java:122)
	at java.util.concurrent.FutureTask.get(FutureTask.java:206)
	at org.apache.hadoop.utils.BackgroundService$PeriodicalTask.lambda$run$0(BackgroundService.java:129)
	at java.util.stream.ForEachOps$ForEachOp$OfRef.accept(ForEachOps.java:184)
	at java.util.ArrayList$ArrayListSpliterator.forEachRemaining(ArrayList.java:1382)
	at java.util.stream.AbstractPipeline.copyInto(AbstractPipeline.java:482)
	at java.util.stream.ForEachOps$ForEachTask.compute(ForEachOps.java:291)
	at java.util.concurrent.CountedCompleter.exec(CountedCompleter.java:731)
	at java.util.concurrent.ForkJoinTask.doExec(ForkJoinTask.java:289)
	at java.util.concurrent.ForkJoinPool$WorkQueue.pollAndExecCC(ForkJoinPool.java:1190)
	at java.util.concurrent.ForkJoinPool.helpComplete(ForkJoinPool.java:1879)
	at java.util.concurrent.ForkJoinPool.externalHelpComplete(ForkJoinPool.java:2467)
	at java.util.concurrent.ForkJoinTask.externalAwaitDone(ForkJoinTask.java:324)
	at java.util.concurrent.ForkJoinTask.doInvoke(ForkJoinTask.java:405)
	at java.util.concurrent.ForkJoinTask.invoke(ForkJoinTask.java:734)
	at java.util.stream.ForEachOps$ForEachOp.evaluateParallel(ForEachOps.java:160)
	at java.util.stream.ForEachOps$ForEachOp$OfRef.evaluateParallel(ForEachOps.java:174)
	at java.util.stream.AbstractPipeline.evaluate(AbstractPipeline.java:233)
	at java.util.stream.ReferencePipeline.forEach(ReferencePipeline.java:418)
	at java.util.stream.ReferencePipeline$Head.forEach(ReferencePipeline.java:583)
	at org.apache.hadoop.utils.BackgroundService$PeriodicalTask.run(BackgroundService.java:125)
	at java.util.concurrent.Executors$RunnableAdapter.call(Executors.java:511)
	at java.util.concurrent.FutureTask.runAndReset(FutureTask.java:308)
	at java.util.concurrent.ScheduledThreadPoolExecutor$ScheduledFutureTask.access$301(ScheduledThreadPoolExecutor.java:180)
	at java.util.concurrent.ScheduledThreadPoolExecutor$ScheduledFutureTask.run(ScheduledThreadPoolExecutor.java:294)
	at java.util.concurrent.ThreadPoolExecutor.runWorker(ThreadPoolExecutor.java:1149)
	at java.util.concurrent.ThreadPoolExecutor$Worker.run(ThreadPoolExecutor.java:624)
	at java.lang.Thread.run(Thread.java:748)
Caused by: org.apache.hadoop.hdds.scm.container.common.helpers.StorageContainerException: Error opening DB. Container:3 ContainerPath:/opt/src/hadoop-ozone/integration-test/target/test-dir/MiniOzoneClusterImpl-a761fe1f-0c0e-47cb-a611-f8332fccf762/datanode-0/data/containers/hdds/5e8e6293-46cb-4cd3-b79f-910131fb7ceb/current/containerDir0/3/metadata/3-dn-container.db
	at org.apache.hadoop.ozone.container.keyvalue.helpers.BlockUtils.getDB(BlockUtils.java:84)
	at org.apache.hadoop.ozone.container.keyvalue.statemachine.background.BlockDeletingService$BlockDeletingTask.call(BlockDeletingService.java:188)
	at org.apache.hadoop.ozone.container.keyvalue.statemachine.background.BlockDeletingService$BlockDeletingTask.call(BlockDeletingService.java:172)
	at java.util.concurrent.FutureTask.run(FutureTask.java:266)
	at java.util.concurrent.Executors$RunnableAdapter.call(Executors.java:511)
	at java.util.concurrent.FutureTask.run(FutureTask.java:266)
	at java.util.concurrent.Executors$RunnableAdapter.call(Executors.java:511)
	at java.util.concurrent.FutureTask.run(FutureTask.java:266)
	at java.util.concurrent.ScheduledThreadPoolExecutor$ScheduledFutureTask.access$201(ScheduledThreadPoolExecutor.java:180)
	at java.util.concurrent.ScheduledThreadPoolExecutor$ScheduledFutureTask.run(ScheduledThreadPoolExecutor.java:293)
	... 3 more
2019-07-03 21:52:32,190 WARN  utils.BackgroundService (BackgroundService.java:lambda$run$0(135)) - Background task fails to execute, retrying in next interval
java.util.concurrent.ExecutionException: org.apache.hadoop.hdds.scm.container.common.helpers.StorageContainerException: Error opening DB. Container:2 ContainerPath:/opt/src/hadoop-ozone/integration-test/target/test-dir/MiniOzoneClusterImpl-a761fe1f-0c0e-47cb-a611-f8332fccf762/datanode-0/data/containers/hdds/5e8e6293-46cb-4cd3-b79f-910131fb7ceb/current/containerDir0/2/metadata/2-dn-container.db
	at java.util.concurrent.FutureTask.report(FutureTask.java:122)
	at java.util.concurrent.FutureTask.get(FutureTask.java:206)
	at org.apache.hadoop.utils.BackgroundService$PeriodicalTask.lambda$run$0(BackgroundService.java:129)
	at java.util.stream.ForEachOps$ForEachOp$OfRef.accept(ForEachOps.java:184)
	at java.util.ArrayList$ArrayListSpliterator.forEachRemaining(ArrayList.java:1382)
	at java.util.stream.AbstractPipeline.copyInto(AbstractPipeline.java:482)
	at java.util.stream.ForEachOps$ForEachTask.compute(ForEachOps.java:291)
	at java.util.concurrent.CountedCompleter.exec(CountedCompleter.java:731)
	at java.util.concurrent.ForkJoinTask.doExec(ForkJoinTask.java:289)
	at java.util.concurrent.ForkJoinPool$WorkQueue.runTask(ForkJoinPool.java:1056)
	at java.util.concurrent.ForkJoinPool.runWorker(ForkJoinPool.java:1692)
	at java.util.concurrent.ForkJoinWorkerThread.run(ForkJoinWorkerThread.java:157)
Caused by: org.apache.hadoop.hdds.scm.container.common.helpers.StorageContainerException: Error opening DB. Container:2 ContainerPath:/opt/src/hadoop-ozone/integration-test/target/test-dir/MiniOzoneClusterImpl-a761fe1f-0c0e-47cb-a611-f8332fccf762/datanode-0/data/containers/hdds/5e8e6293-46cb-4cd3-b79f-910131fb7ceb/current/containerDir0/2/metadata/2-dn-container.db
	at org.apache.hadoop.ozone.container.keyvalue.helpers.BlockUtils.getDB(BlockUtils.java:84)
	at org.apache.hadoop.ozone.container.keyvalue.statemachine.background.BlockDeletingService$BlockDeletingTask.call(BlockDeletingService.java:188)
	at org.apache.hadoop.ozone.container.keyvalue.statemachine.background.BlockDeletingService$BlockDeletingTask.call(BlockDeletingService.java:172)
	at java.util.concurrent.FutureTask.run(FutureTask.java:266)
	at java.util.concurrent.Executors$RunnableAdapter.call(Executors.java:511)
	at java.util.concurrent.FutureTask.run(FutureTask.java:266)
	at java.util.concurrent.Executors$RunnableAdapter.call(Executors.java:511)
	at java.util.concurrent.FutureTask.run(FutureTask.java:266)
	at java.util.concurrent.ScheduledThreadPoolExecutor$ScheduledFutureTask.access$201(ScheduledThreadPoolExecutor.java:180)
	at java.util.concurrent.ScheduledThreadPoolExecutor$ScheduledFutureTask.run(ScheduledThreadPoolExecutor.java:293)
	at java.util.concurrent.ThreadPoolExecutor.runWorker(ThreadPoolExecutor.java:1149)
	at java.util.concurrent.ThreadPoolExecutor$Worker.run(ThreadPoolExecutor.java:624)
	at java.lang.Thread.run(Thread.java:748)
2019-07-03 21:52:32,911 INFO  ozone.MiniOzoneClusterImpl (MiniOzoneClusterImpl.java:lambda$waitForClusterToBeReady$0(142)) - Waiting for cluster to be ready. Got 0 of 1 DN Heartbeats.
2019-07-03 21:52:32,946 INFO  ozoneimpl.OzoneContainer (OzoneContainer.java:start(186)) - Attempting to start container services.
2019-07-03 21:52:32,948 INFO  ozoneimpl.OzoneContainer (OzoneContainer.java:startContainerScrub(160)) - Background container scrubber has been disabled by hdds.containerscrub.enabled
2019-07-03 21:52:32,948 INFO  ratis.XceiverServerRatis (XceiverServerRatis.java:start(428)) - Starting XceiverServerRatis 898502b4-69b2-4a30-a059-3a3017708dba at port 33105
2019-07-03 21:52:32,956 INFO  impl.RaftServerProxy (RaftServerProxy.java:lambda$start$3(299)) - 898502b4-69b2-4a30-a059-3a3017708dba: start RPC server
2019-07-03 21:52:32,958 INFO  server.GrpcService (GrpcService.java:startImpl(149)) - 898502b4-69b2-4a30-a059-3a3017708dba: GrpcService started, listening on 0.0.0.0/0.0.0.0:33105
2019-07-03 21:52:33,193 INFO  background.BlockDeletingService (BlockDeletingService.java:getTasks(123)) - Plan to choose 10 containers for block deletion, actually returns 5 valid containers.
2019-07-03 21:52:33,194 ERROR utils.ContainerCache (ContainerCache.java:getDB(137)) - Error opening DB. Container:1 ContainerPath:/opt/src/hadoop-ozone/integration-test/target/test-dir/MiniOzoneClusterImpl-a761fe1f-0c0e-47cb-a611-f8332fccf762/datanode-0/data/containers/hdds/5e8e6293-46cb-4cd3-b79f-910131fb7ceb/current/containerDir0/1/metadata/1-dn-container.db
java.io.IOException: Failed init RocksDB, db path : /opt/src/hadoop-ozone/integration-test/target/test-dir/MiniOzoneClusterImpl-a761fe1f-0c0e-47cb-a611-f8332fccf762/datanode-0/data/containers/hdds/5e8e6293-46cb-4cd3-b79f-910131fb7ceb/current/containerDir0/1/metadata/1-dn-container.db
	at org.apache.hadoop.utils.RocksDBStore.<init>(RocksDBStore.java:87)
	at org.apache.hadoop.utils.MetadataStoreBuilder.build(MetadataStoreBuilder.java:137)
	at org.apache.hadoop.ozone.container.common.utils.ContainerCache.getDB(ContainerCache.java:129)
	at org.apache.hadoop.ozone.container.keyvalue.helpers.BlockUtils.getDB(BlockUtils.java:77)
	at org.apache.hadoop.ozone.container.keyvalue.statemachine.background.BlockDeletingService$BlockDeletingTask.call(BlockDeletingService.java:188)
	at org.apache.hadoop.ozone.container.keyvalue.statemachine.background.BlockDeletingService$BlockDeletingTask.call(BlockDeletingService.java:172)
	at java.util.concurrent.FutureTask.run(FutureTask.java:266)
	at java.util.concurrent.Executors$RunnableAdapter.call(Executors.java:511)
	at java.util.concurrent.FutureTask.run(FutureTask.java:266)
	at java.util.concurrent.Executors$RunnableAdapter.call(Executors.java:511)
	at java.util.concurrent.FutureTask.run(FutureTask.java:266)
	at java.util.concurrent.ScheduledThreadPoolExecutor$ScheduledFutureTask.access$201(ScheduledThreadPoolExecutor.java:180)
	at java.util.concurrent.ScheduledThreadPoolExecutor$ScheduledFutureTask.run(ScheduledThreadPoolExecutor.java:293)
	at java.util.concurrent.ThreadPoolExecutor.runWorker(ThreadPoolExecutor.java:1149)
	at java.util.concurrent.ThreadPoolExecutor$Worker.run(ThreadPoolExecutor.java:624)
	at java.lang.Thread.run(Thread.java:748)
Caused by: org.rocksdb.RocksDBException: While mkdir if missing: /opt/src/hadoop-ozone/integration-test/target/test-dir/MiniOzoneClusterImpl-a761fe1f-0c0e-47cb-a611-f8332fccf762/datanode-0/data/containers/hdds/5e8e6293-46cb-4cd3-b79f-910131fb7ceb/current/containerDir0/1/metadata/1-dn-container.db: No such file or directory
	at org.rocksdb.RocksDB.open(Native Method)
	at org.rocksdb.RocksDB.open(RocksDB.java:235)
	at org.apache.hadoop.utils.RocksDBStore.<init>(RocksDBStore.java:71)
	... 15 more
2019-07-03 21:52:33,196 ERROR utils.ContainerCache (ContainerCache.java:getDB(137)) - Error opening DB. Container:5 ContainerPath:/opt/src/hadoop-ozone/integration-test/target/test-dir/MiniOzoneClusterImpl-a761fe1f-0c0e-47cb-a611-f8332fccf762/datanode-0/data/containers/hdds/5e8e6293-46cb-4cd3-b79f-910131fb7ceb/current/containerDir0/5/metadata/5-dn-container.db
java.io.IOException: Failed init RocksDB, db path : /opt/src/hadoop-ozone/integration-test/target/test-dir/MiniOzoneClusterImpl-a761fe1f-0c0e-47cb-a611-f8332fccf762/datanode-0/data/containers/hdds/5e8e6293-46cb-4cd3-b79f-910131fb7ceb/current/containerDir0/5/metadata/5-dn-container.db
	at org.apache.hadoop.utils.RocksDBStore.<init>(RocksDBStore.java:87)
	at org.apache.hadoop.utils.MetadataStoreBuilder.build(MetadataStoreBuilder.java:137)
	at org.apache.hadoop.ozone.container.common.utils.ContainerCache.getDB(ContainerCache.java:129)
	at org.apache.hadoop.ozone.container.keyvalue.helpers.BlockUtils.getDB(BlockUtils.java:77)
	at org.apache.hadoop.ozone.container.keyvalue.statemachine.background.BlockDeletingService$BlockDeletingTask.call(BlockDeletingService.java:188)
	at org.apache.hadoop.ozone.container.keyvalue.statemachine.background.BlockDeletingService$BlockDeletingTask.call(BlockDeletingService.java:172)
	at java.util.concurrent.FutureTask.run(FutureTask.java:266)
	at java.util.concurrent.Executors$RunnableAdapter.call(Executors.java:511)
	at java.util.concurrent.FutureTask.run(FutureTask.java:266)
	at java.util.concurrent.Executors$RunnableAdapter.call(Executors.java:511)
	at java.util.concurrent.FutureTask.run(FutureTask.java:266)
	at java.util.concurrent.ScheduledThreadPoolExecutor$ScheduledFutureTask.access$201(ScheduledThreadPoolExecutor.java:180)
	at java.util.concurrent.ScheduledThreadPoolExecutor$ScheduledFutureTask.run(ScheduledThreadPoolExecutor.java:293)
	at java.util.concurrent.ThreadPoolExecutor.runWorker(ThreadPoolExecutor.java:1149)
	at java.util.concurrent.ThreadPoolExecutor$Worker.run(ThreadPoolExecutor.java:624)
	at java.lang.Thread.run(Thread.java:748)
Caused by: org.rocksdb.RocksDBException: While mkdir if missing: /opt/src/hadoop-ozone/integration-test/target/test-dir/MiniOzoneClusterImpl-a761fe1f-0c0e-47cb-a611-f8332fccf762/datanode-0/data/containers/hdds/5e8e6293-46cb-4cd3-b79f-910131fb7ceb/current/containerDir0/5/metadata/5-dn-container.db: No such file or directory
	at org.rocksdb.RocksDB.open(Native Method)
	at org.rocksdb.RocksDB.open(RocksDB.java:235)
	at org.apache.hadoop.utils.RocksDBStore.<init>(RocksDBStore.java:71)
	... 15 more
2019-07-03 21:52:33,196 WARN  utils.BackgroundService (BackgroundService.java:lambda$run$0(135)) - Background task fails to execute, retrying in next interval
java.util.concurrent.ExecutionException: org.apache.hadoop.hdds.scm.container.common.helpers.StorageContainerException: Error opening DB. Container:5 ContainerPath:/opt/src/hadoop-ozone/integration-test/target/test-dir/MiniOzoneClusterImpl-a761fe1f-0c0e-47cb-a611-f8332fccf762/datanode-0/data/containers/hdds/5e8e6293-46cb-4cd3-b79f-910131fb7ceb/current/containerDir0/5/metadata/5-dn-container.db
	at java.util.concurrent.FutureTask.report(FutureTask.java:122)
	at java.util.concurrent.FutureTask.get(FutureTask.java:206)
	at org.apache.hadoop.utils.BackgroundService$PeriodicalTask.lambda$run$0(BackgroundService.java:129)
	at java.util.stream.ForEachOps$ForEachOp$OfRef.accept(ForEachOps.java:184)
	at java.util.ArrayList$ArrayListSpliterator.forEachRemaining(ArrayList.java:1382)
	at java.util.stream.AbstractPipeline.copyInto(AbstractPipeline.java:482)
	at java.util.stream.ForEachOps$ForEachTask.compute(ForEachOps.java:291)
	at java.util.concurrent.CountedCompleter.exec(CountedCompleter.java:731)
	at java.util.concurrent.ForkJoinTask.doExec(ForkJoinTask.java:289)
	at java.util.concurrent.ForkJoinPool$WorkQueue.runTask(ForkJoinPool.java:1056)
	at java.util.concurrent.ForkJoinPool.runWorker(ForkJoinPool.java:1692)
	at java.util.concurrent.ForkJoinWorkerThread.run(ForkJoinWorkerThread.java:157)
Caused by: org.apache.hadoop.hdds.scm.container.common.helpers.StorageContainerException: Error opening DB. Container:5 ContainerPath:/opt/src/hadoop-ozone/integration-test/target/test-dir/MiniOzoneClusterImpl-a761fe1f-0c0e-47cb-a611-f8332fccf762/datanode-0/data/containers/hdds/5e8e6293-46cb-4cd3-b79f-910131fb7ceb/current/containerDir0/5/metadata/5-dn-container.db
	at org.apache.hadoop.ozone.container.keyvalue.helpers.BlockUtils.getDB(BlockUtils.java:84)
	at org.apache.hadoop.ozone.container.keyvalue.statemachine.background.BlockDeletingService$BlockDeletingTask.call(BlockDeletingService.java:188)
	at org.apache.hadoop.ozone.container.keyvalue.statemachine.background.BlockDeletingService$BlockDeletingTask.call(BlockDeletingService.java:172)
	at java.util.concurrent.FutureTask.run(FutureTask.java:266)
	at java.util.concurrent.Executors$RunnableAdapter.call(Executors.java:511)
	at java.util.concurrent.FutureTask.run(FutureTask.java:266)
	at java.util.concurrent.Executors$RunnableAdapter.call(Executors.java:511)
	at java.util.concurrent.FutureTask.run(FutureTask.java:266)
	at java.util.concurrent.ScheduledThreadPoolExecutor$ScheduledFutureTask.access$201(ScheduledThreadPoolExecutor.java:180)
	at java.util.concurrent.ScheduledThreadPoolExecutor$ScheduledFutureTask.run(ScheduledThreadPoolExecutor.java:293)
	at java.util.concurrent.ThreadPoolExecutor.runWorker(ThreadPoolExecutor.java:1149)
	at java.util.concurrent.ThreadPoolExecutor$Worker.run(ThreadPoolExecutor.java:624)
	at java.lang.Thread.run(Thread.java:748)
2019-07-03 21:52:33,198 ERROR utils.ContainerCache (ContainerCache.java:getDB(137)) - Error opening DB. Container:4 ContainerPath:/opt/src/hadoop-ozone/integration-test/target/test-dir/MiniOzoneClusterImpl-a761fe1f-0c0e-47cb-a611-f8332fccf762/datanode-0/data/containers/hdds/5e8e6293-46cb-4cd3-b79f-910131fb7ceb/current/containerDir0/4/metadata/4-dn-container.db
java.io.IOException: Failed init RocksDB, db path : /opt/src/hadoop-ozone/integration-test/target/test-dir/MiniOzoneClusterImpl-a761fe1f-0c0e-47cb-a611-f8332fccf762/datanode-0/data/containers/hdds/5e8e6293-46cb-4cd3-b79f-910131fb7ceb/current/containerDir0/4/metadata/4-dn-container.db
	at org.apache.hadoop.utils.RocksDBStore.<init>(RocksDBStore.java:87)
	at org.apache.hadoop.utils.MetadataStoreBuilder.build(MetadataStoreBuilder.java:137)
	at org.apache.hadoop.ozone.container.common.utils.ContainerCache.getDB(ContainerCache.java:129)
	at org.apache.hadoop.ozone.container.keyvalue.helpers.BlockUtils.getDB(BlockUtils.java:77)
	at org.apache.hadoop.ozone.container.keyvalue.statemachine.background.BlockDeletingService$BlockDeletingTask.call(BlockDeletingService.java:188)
	at org.apache.hadoop.ozone.container.keyvalue.statemachine.background.BlockDeletingService$BlockDeletingTask.call(BlockDeletingService.java:172)
	at java.util.concurrent.FutureTask.run(FutureTask.java:266)
	at java.util.concurrent.Executors$RunnableAdapter.call(Executors.java:511)
	at java.util.concurrent.FutureTask.run(FutureTask.java:266)
	at java.util.concurrent.Executors$RunnableAdapter.call(Executors.java:511)
	at java.util.concurrent.FutureTask.run(FutureTask.java:266)
	at java.util.concurrent.ScheduledThreadPoolExecutor$ScheduledFutureTask.access$201(ScheduledThreadPoolExecutor.java:180)
	at java.util.concurrent.ScheduledThreadPoolExecutor$ScheduledFutureTask.run(ScheduledThreadPoolExecutor.java:293)
	at java.util.concurrent.ThreadPoolExecutor.runWorker(ThreadPoolExecutor.java:1149)
	at java.util.concurrent.ThreadPoolExecutor$Worker.run(ThreadPoolExecutor.java:624)
	at java.lang.Thread.run(Thread.java:748)
Caused by: org.rocksdb.RocksDBException: While mkdir if missing: /opt/src/hadoop-ozone/integration-test/target/test-dir/MiniOzoneClusterImpl-a761fe1f-0c0e-47cb-a611-f8332fccf762/datanode-0/data/containers/hdds/5e8e6293-46cb-4cd3-b79f-910131fb7ceb/current/containerDir0/4/metadata/4-dn-container.db: No such file or directory
	at org.rocksdb.RocksDB.open(Native Method)
	at org.rocksdb.RocksDB.open(RocksDB.java:235)
	at org.apache.hadoop.utils.RocksDBStore.<init>(RocksDBStore.java:71)
	... 15 more
2019-07-03 21:52:33,198 WARN  utils.BackgroundService (BackgroundService.java:lambda$run$0(135)) - Background task fails to execute, retrying in next interval
java.util.concurrent.ExecutionException: org.apache.hadoop.hdds.scm.container.common.helpers.StorageContainerException: Error opening DB. Container:1 ContainerPath:/opt/src/hadoop-ozone/integration-test/target/test-dir/MiniOzoneClusterImpl-a761fe1f-0c0e-47cb-a611-f8332fccf762/datanode-0/data/containers/hdds/5e8e6293-46cb-4cd3-b79f-910131fb7ceb/current/containerDir0/1/metadata/1-dn-container.db
	at java.util.concurrent.FutureTask.report(FutureTask.java:122)
	at java.util.concurrent.FutureTask.get(FutureTask.java:206)
	at org.apache.hadoop.utils.BackgroundService$PeriodicalTask.lambda$run$0(BackgroundService.java:129)
	at java.util.stream.ForEachOps$ForEachOp$OfRef.accept(ForEachOps.java:184)
	at java.util.ArrayList$ArrayListSpliterator.forEachRemaining(ArrayList.java:1382)
	at java.util.stream.AbstractPipeline.copyInto(AbstractPipeline.java:482)
	at java.util.stream.ForEachOps$ForEachTask.compute(ForEachOps.java:291)
	at java.util.concurrent.CountedCompleter.exec(CountedCompleter.java:731)
	at java.util.concurrent.ForkJoinTask.doExec(ForkJoinTask.java:289)
	at java.util.concurrent.ForkJoinPool$WorkQueue.execLocalTasks(ForkJoinPool.java:1040)
	at java.util.concurrent.ForkJoinPool$WorkQueue.runTask(ForkJoinPool.java:1058)
	at java.util.concurrent.ForkJoinPool.runWorker(ForkJoinPool.java:1692)
	at java.util.concurrent.ForkJoinWorkerThread.run(ForkJoinWorkerThread.java:157)
Caused by: org.apache.hadoop.hdds.scm.container.common.helpers.StorageContainerException: Error opening DB. Container:1 ContainerPath:/opt/src/hadoop-ozone/integration-test/target/test-dir/MiniOzoneClusterImpl-a761fe1f-0c0e-47cb-a611-f8332fccf762/datanode-0/data/containers/hdds/5e8e6293-46cb-4cd3-b79f-910131fb7ceb/current/containerDir0/1/metadata/1-dn-container.db
	at org.apache.hadoop.ozone.container.keyvalue.helpers.BlockUtils.getDB(BlockUtils.java:84)
	at org.apache.hadoop.ozone.container.keyvalue.statemachine.background.BlockDeletingService$BlockDeletingTask.call(BlockDeletingService.java:188)
	at org.apache.hadoop.ozone.container.keyvalue.statemachine.background.BlockDeletingService$BlockDeletingTask.call(BlockDeletingService.java:172)
	at java.util.concurrent.FutureTask.run(FutureTask.java:266)
	at java.util.concurrent.Executors$RunnableAdapter.call(Executors.java:511)
	at java.util.concurrent.FutureTask.run(FutureTask.java:266)
	at java.util.concurrent.Executors$RunnableAdapter.call(Executors.java:511)
	at java.util.concurrent.FutureTask.run(FutureTask.java:266)
	at java.util.concurrent.ScheduledThreadPoolExecutor$ScheduledFutureTask.access$201(ScheduledThreadPoolExecutor.java:180)
	at java.util.concurrent.ScheduledThreadPoolExecutor$ScheduledFutureTask.run(ScheduledThreadPoolExecutor.java:293)
	at java.util.concurrent.ThreadPoolExecutor.runWorker(ThreadPoolExecutor.java:1149)
	at java.util.concurrent.ThreadPoolExecutor$Worker.run(ThreadPoolExecutor.java:624)
	at java.lang.Thread.run(Thread.java:748)
2019-07-03 21:52:33,200 ERROR utils.ContainerCache (ContainerCache.java:getDB(137)) - Error opening DB. Container:3 ContainerPath:/opt/src/hadoop-ozone/integration-test/target/test-dir/MiniOzoneClusterImpl-a761fe1f-0c0e-47cb-a611-f8332fccf762/datanode-0/data/containers/hdds/5e8e6293-46cb-4cd3-b79f-910131fb7ceb/current/containerDir0/3/metadata/3-dn-container.db
java.io.IOException: Failed init RocksDB, db path : /opt/src/hadoop-ozone/integration-test/target/test-dir/MiniOzoneClusterImpl-a761fe1f-0c0e-47cb-a611-f8332fccf762/datanode-0/data/containers/hdds/5e8e6293-46cb-4cd3-b79f-910131fb7ceb/current/containerDir0/3/metadata/3-dn-container.db
	at org.apache.hadoop.utils.RocksDBStore.<init>(RocksDBStore.java:87)
	at org.apache.hadoop.utils.MetadataStoreBuilder.build(MetadataStoreBuilder.java:137)
	at org.apache.hadoop.ozone.container.common.utils.ContainerCache.getDB(ContainerCache.java:129)
	at org.apache.hadoop.ozone.container.keyvalue.helpers.BlockUtils.getDB(BlockUtils.java:77)
	at org.apache.hadoop.ozone.container.keyvalue.statemachine.background.BlockDeletingService$BlockDeletingTask.call(BlockDeletingService.java:188)
	at org.apache.hadoop.ozone.container.keyvalue.statemachine.background.BlockDeletingService$BlockDeletingTask.call(BlockDeletingService.java:172)
	at java.util.concurrent.FutureTask.run(FutureTask.java:266)
	at java.util.concurrent.Executors$RunnableAdapter.call(Executors.java:511)
	at java.util.concurrent.FutureTask.run(FutureTask.java:266)
	at java.util.concurrent.Executors$RunnableAdapter.call(Executors.java:511)
	at java.util.concurrent.FutureTask.run(FutureTask.java:266)
	at java.util.concurrent.ScheduledThreadPoolExecutor$ScheduledFutureTask.access$201(ScheduledThreadPoolExecutor.java:180)
	at java.util.concurrent.ScheduledThreadPoolExecutor$ScheduledFutureTask.run(ScheduledThreadPoolExecutor.java:293)
	at java.util.concurrent.ThreadPoolExecutor.runWorker(ThreadPoolExecutor.java:1149)
	at java.util.concurrent.ThreadPoolExecutor$Worker.run(ThreadPoolExecutor.java:624)
	at java.lang.Thread.run(Thread.java:748)
Caused by: org.rocksdb.RocksDBException: While mkdir if missing: /opt/src/hadoop-ozone/integration-test/target/test-dir/MiniOzoneClusterImpl-a761fe1f-0c0e-47cb-a611-f8332fccf762/datanode-0/data/containers/hdds/5e8e6293-46cb-4cd3-b79f-910131fb7ceb/current/containerDir0/3/metadata/3-dn-container.db: No such file or directory
	at org.rocksdb.RocksDB.open(Native Method)
	at org.rocksdb.RocksDB.open(RocksDB.java:235)
	at org.apache.hadoop.utils.RocksDBStore.<init>(RocksDBStore.java:71)
	... 15 more
2019-07-03 21:52:33,199 WARN  utils.BackgroundService (BackgroundService.java:lambda$run$0(135)) - Background task fails to execute, retrying in next interval
java.util.concurrent.ExecutionException: org.apache.hadoop.hdds.scm.container.common.helpers.StorageContainerException: Error opening DB. Container:4 ContainerPath:/opt/src/hadoop-ozone/integration-test/target/test-dir/MiniOzoneClusterImpl-a761fe1f-0c0e-47cb-a611-f8332fccf762/datanode-0/data/containers/hdds/5e8e6293-46cb-4cd3-b79f-910131fb7ceb/current/containerDir0/4/metadata/4-dn-container.db
	at java.util.concurrent.FutureTask.report(FutureTask.java:122)
	at java.util.concurrent.FutureTask.get(FutureTask.java:206)
	at org.apache.hadoop.utils.BackgroundService$PeriodicalTask.lambda$run$0(BackgroundService.java:129)
	at java.util.stream.ForEachOps$ForEachOp$OfRef.accept(ForEachOps.java:184)
	at java.util.ArrayList$ArrayListSpliterator.forEachRemaining(ArrayList.java:1382)
	at java.util.stream.AbstractPipeline.copyInto(AbstractPipeline.java:482)
	at java.util.stream.ForEachOps$ForEachTask.compute(ForEachOps.java:291)
	at java.util.concurrent.CountedCompleter.exec(CountedCompleter.java:731)
	at java.util.concurrent.ForkJoinTask.doExec(ForkJoinTask.java:289)
	at java.util.concurrent.ForkJoinTask.doInvoke(ForkJoinTask.java:401)
	at java.util.concurrent.ForkJoinTask.invoke(ForkJoinTask.java:734)
	at java.util.stream.ForEachOps$ForEachOp.evaluateParallel(ForEachOps.java:160)
	at java.util.stream.ForEachOps$ForEachOp$OfRef.evaluateParallel(ForEachOps.java:174)
	at java.util.stream.AbstractPipeline.evaluate(AbstractPipeline.java:233)
	at java.util.stream.ReferencePipeline.forEach(ReferencePipeline.java:418)
	at java.util.stream.ReferencePipeline$Head.forEach(ReferencePipeline.java:583)
	at org.apache.hadoop.utils.BackgroundService$PeriodicalTask.run(BackgroundService.java:125)
	at java.util.concurrent.Executors$RunnableAdapter.call(Executors.java:511)
	at java.util.concurrent.FutureTask.runAndReset(FutureTask.java:308)
	at java.util.concurrent.ScheduledThreadPoolExecutor$ScheduledFutureTask.access$301(ScheduledThreadPoolExecutor.java:180)
	at java.util.concurrent.ScheduledThreadPoolExecutor$ScheduledFutureTask.run(ScheduledThreadPoolExecutor.java:294)
	at java.util.concurrent.ThreadPoolExecutor.runWorker(ThreadPoolExecutor.java:1149)
	at java.util.concurrent.ThreadPoolExecutor$Worker.run(ThreadPoolExecutor.java:624)
	at java.lang.Thread.run(Thread.java:748)
Caused by: org.apache.hadoop.hdds.scm.container.common.helpers.StorageContainerException: Error opening DB. Container:4 ContainerPath:/opt/src/hadoop-ozone/integration-test/target/test-dir/MiniOzoneClusterImpl-a761fe1f-0c0e-47cb-a611-f8332fccf762/datanode-0/data/containers/hdds/5e8e6293-46cb-4cd3-b79f-910131fb7ceb/current/containerDir0/4/metadata/4-dn-container.db
	at org.apache.hadoop.ozone.container.keyvalue.helpers.BlockUtils.getDB(BlockUtils.java:84)
	at org.apache.hadoop.ozone.container.keyvalue.statemachine.background.BlockDeletingService$BlockDeletingTask.call(BlockDeletingService.java:188)
	at org.apache.hadoop.ozone.container.keyvalue.statemachine.background.BlockDeletingService$BlockDeletingTask.call(BlockDeletingService.java:172)
	at java.util.concurrent.FutureTask.run(FutureTask.java:266)
	at java.util.concurrent.Executors$RunnableAdapter.call(Executors.java:511)
	at java.util.concurrent.FutureTask.run(FutureTask.java:266)
	at java.util.concurrent.Executors$RunnableAdapter.call(Executors.java:511)
	at java.util.concurrent.FutureTask.run(FutureTask.java:266)
	at java.util.concurrent.ScheduledThreadPoolExecutor$ScheduledFutureTask.access$201(ScheduledThreadPoolExecutor.java:180)
	at java.util.concurrent.ScheduledThreadPoolExecutor$ScheduledFutureTask.run(ScheduledThreadPoolExecutor.java:293)
	... 3 more
2019-07-03 21:52:33,202 ERROR utils.ContainerCache (ContainerCache.java:getDB(137)) - Error opening DB. Container:2 ContainerPath:/opt/src/hadoop-ozone/integration-test/target/test-dir/MiniOzoneClusterImpl-a761fe1f-0c0e-47cb-a611-f8332fccf762/datanode-0/data/containers/hdds/5e8e6293-46cb-4cd3-b79f-910131fb7ceb/current/containerDir0/2/metadata/2-dn-container.db
java.io.IOException: Failed init RocksDB, db path : /opt/src/hadoop-ozone/integration-test/target/test-dir/MiniOzoneClusterImpl-a761fe1f-0c0e-47cb-a611-f8332fccf762/datanode-0/data/containers/hdds/5e8e6293-46cb-4cd3-b79f-910131fb7ceb/current/containerDir0/2/metadata/2-dn-container.db
	at org.apache.hadoop.utils.RocksDBStore.<init>(RocksDBStore.java:87)
	at org.apache.hadoop.utils.MetadataStoreBuilder.build(MetadataStoreBuilder.java:137)
	at org.apache.hadoop.ozone.container.common.utils.ContainerCache.getDB(ContainerCache.java:129)
	at org.apache.hadoop.ozone.container.keyvalue.helpers.BlockUtils.getDB(BlockUtils.java:77)
	at org.apache.hadoop.ozone.container.keyvalue.statemachine.background.BlockDeletingService$BlockDeletingTask.call(BlockDeletingService.java:188)
	at org.apache.hadoop.ozone.container.keyvalue.statemachine.background.BlockDeletingService$BlockDeletingTask.call(BlockDeletingService.java:172)
	at java.util.concurrent.FutureTask.run(FutureTask.java:266)
	at java.util.concurrent.Executors$RunnableAdapter.call(Executors.java:511)
	at java.util.concurrent.FutureTask.run(FutureTask.java:266)
	at java.util.concurrent.Executors$RunnableAdapter.call(Executors.java:511)
	at java.util.concurrent.FutureTask.run(FutureTask.java:266)
	at java.util.concurrent.ScheduledThreadPoolExecutor$ScheduledFutureTask.access$201(ScheduledThreadPoolExecutor.java:180)
	at java.util.concurrent.ScheduledThreadPoolExecutor$ScheduledFutureTask.run(ScheduledThreadPoolExecutor.java:293)
	at java.util.concurrent.ThreadPoolExecutor.runWorker(ThreadPoolExecutor.java:1149)
	at java.util.concurrent.ThreadPoolExecutor$Worker.run(ThreadPoolExecutor.java:624)
	at java.lang.Thread.run(Thread.java:748)
Caused by: org.rocksdb.RocksDBException: While mkdir if missing: /opt/src/hadoop-ozone/integration-test/target/test-dir/MiniOzoneClusterImpl-a761fe1f-0c0e-47cb-a611-f8332fccf762/datanode-0/data/containers/hdds/5e8e6293-46cb-4cd3-b79f-910131fb7ceb/current/containerDir0/2/metadata/2-dn-container.db: No such file or directory
	at org.rocksdb.RocksDB.open(Native Method)
	at org.rocksdb.RocksDB.open(RocksDB.java:235)
	at org.apache.hadoop.utils.RocksDBStore.<init>(RocksDBStore.java:71)
	... 15 more
2019-07-03 21:52:33,202 WARN  utils.BackgroundService (BackgroundService.java:lambda$run$0(135)) - Background task fails to execute, retrying in next interval
java.util.concurrent.ExecutionException: org.apache.hadoop.hdds.scm.container.common.helpers.StorageContainerException: Error opening DB. Container:3 ContainerPath:/opt/src/hadoop-ozone/integration-test/target/test-dir/MiniOzoneClusterImpl-a761fe1f-0c0e-47cb-a611-f8332fccf762/datanode-0/data/containers/hdds/5e8e6293-46cb-4cd3-b79f-910131fb7ceb/current/containerDir0/3/metadata/3-dn-container.db
	at java.util.concurrent.FutureTask.report(FutureTask.java:122)
	at java.util.concurrent.FutureTask.get(FutureTask.java:206)
	at org.apache.hadoop.utils.BackgroundService$PeriodicalTask.lambda$run$0(BackgroundService.java:129)
	at java.util.stream.ForEachOps$ForEachOp$OfRef.accept(ForEachOps.java:184)
	at java.util.ArrayList$ArrayListSpliterator.forEachRemaining(ArrayList.java:1382)
	at java.util.stream.AbstractPipeline.copyInto(AbstractPipeline.java:482)
	at java.util.stream.ForEachOps$ForEachTask.compute(ForEachOps.java:291)
	at java.util.concurrent.CountedCompleter.exec(CountedCompleter.java:731)
	at java.util.concurrent.ForkJoinTask.doExec(ForkJoinTask.java:289)
	at java.util.concurrent.ForkJoinPool$WorkQueue.pollAndExecCC(ForkJoinPool.java:1190)
	at java.util.concurrent.ForkJoinPool.helpComplete(ForkJoinPool.java:1879)
	at java.util.concurrent.ForkJoinPool.externalHelpComplete(ForkJoinPool.java:2467)
	at java.util.concurrent.ForkJoinTask.externalAwaitDone(ForkJoinTask.java:324)
	at java.util.concurrent.ForkJoinTask.doInvoke(ForkJoinTask.java:405)
	at java.util.concurrent.ForkJoinTask.invoke(ForkJoinTask.java:734)
	at java.util.stream.ForEachOps$ForEachOp.evaluateParallel(ForEachOps.java:160)
	at java.util.stream.ForEachOps$ForEachOp$OfRef.evaluateParallel(ForEachOps.java:174)
	at java.util.stream.AbstractPipeline.evaluate(AbstractPipeline.java:233)
	at java.util.stream.ReferencePipeline.forEach(ReferencePipeline.java:418)
	at java.util.stream.ReferencePipeline$Head.forEach(ReferencePipeline.java:583)
	at org.apache.hadoop.utils.BackgroundService$PeriodicalTask.run(BackgroundService.java:125)
	at java.util.concurrent.Executors$RunnableAdapter.call(Executors.java:511)
	at java.util.concurrent.FutureTask.runAndReset(FutureTask.java:308)
	at java.util.concurrent.ScheduledThreadPoolExecutor$ScheduledFutureTask.access$301(ScheduledThreadPoolExecutor.java:180)
	at java.util.concurrent.ScheduledThreadPoolExecutor$ScheduledFutureTask.run(ScheduledThreadPoolExecutor.java:294)
	at java.util.concurrent.ThreadPoolExecutor.runWorker(ThreadPoolExecutor.java:1149)
	at java.util.concurrent.ThreadPoolExecutor$Worker.run(ThreadPoolExecutor.java:624)
	at java.lang.Thread.run(Thread.java:748)
Caused by: org.apache.hadoop.hdds.scm.container.common.helpers.StorageContainerException: Error opening DB. Container:3 ContainerPath:/opt/src/hadoop-ozone/integration-test/target/test-dir/MiniOzoneClusterImpl-a761fe1f-0c0e-47cb-a611-f8332fccf762/datanode-0/data/containers/hdds/5e8e6293-46cb-4cd3-b79f-910131fb7ceb/current/containerDir0/3/metadata/3-dn-container.db
	at org.apache.hadoop.ozone.container.keyvalue.helpers.BlockUtils.getDB(BlockUtils.java:84)
	at org.apache.hadoop.ozone.container.keyvalue.statemachine.background.BlockDeletingService$BlockDeletingTask.call(BlockDeletingService.java:188)
	at org.apache.hadoop.ozone.container.keyvalue.statemachine.background.BlockDeletingService$BlockDeletingTask.call(BlockDeletingService.java:172)
	at java.util.concurrent.FutureTask.run(FutureTask.java:266)
	at java.util.concurrent.Executors$RunnableAdapter.call(Executors.java:511)
	at java.util.concurrent.FutureTask.run(FutureTask.java:266)
	at java.util.concurrent.Executors$RunnableAdapter.call(Executors.java:511)
	at java.util.concurrent.FutureTask.run(FutureTask.java:266)
	at java.util.concurrent.ScheduledThreadPoolExecutor$ScheduledFutureTask.access$201(ScheduledThreadPoolExecutor.java:180)
	at java.util.concurrent.ScheduledThreadPoolExecutor$ScheduledFutureTask.run(ScheduledThreadPoolExecutor.java:293)
	... 3 more
2019-07-03 21:52:33,207 WARN  utils.BackgroundService (BackgroundService.java:lambda$run$0(135)) - Background task fails to execute, retrying in next interval
java.util.concurrent.ExecutionException: org.apache.hadoop.hdds.scm.container.common.helpers.StorageContainerException: Error opening DB. Container:2 ContainerPath:/opt/src/hadoop-ozone/integration-test/target/test-dir/MiniOzoneClusterImpl-a761fe1f-0c0e-47cb-a611-f8332fccf762/datanode-0/data/containers/hdds/5e8e6293-46cb-4cd3-b79f-910131fb7ceb/current/containerDir0/2/metadata/2-dn-container.db
	at java.util.concurrent.FutureTask.report(FutureTask.java:122)
	at java.util.concurrent.FutureTask.get(FutureTask.java:206)
	at org.apache.hadoop.utils.BackgroundService$PeriodicalTask.lambda$run$0(BackgroundService.java:129)
	at java.util.stream.ForEachOps$ForEachOp$OfRef.accept(ForEachOps.java:184)
	at java.util.ArrayList$ArrayListSpliterator.forEachRemaining(ArrayList.java:1382)
	at java.util.stream.AbstractPipeline.copyInto(AbstractPipeline.java:482)
	at java.util.stream.ForEachOps$ForEachTask.compute(ForEachOps.java:291)
	at java.util.concurrent.CountedCompleter.exec(CountedCompleter.java:731)
	at java.util.concurrent.ForkJoinTask.doExec(ForkJoinTask.java:289)
	at java.util.concurrent.ForkJoinPool$WorkQueue.runTask(ForkJoinPool.java:1056)
	at java.util.concurrent.ForkJoinPool.runWorker(ForkJoinPool.java:1692)
	at java.util.concurrent.ForkJoinWorkerThread.run(ForkJoinWorkerThread.java:157)
Caused by: org.apache.hadoop.hdds.scm.container.common.helpers.StorageContainerException: Error opening DB. Container:2 ContainerPath:/opt/src/hadoop-ozone/integration-test/target/test-dir/MiniOzoneClusterImpl-a761fe1f-0c0e-47cb-a611-f8332fccf762/datanode-0/data/containers/hdds/5e8e6293-46cb-4cd3-b79f-910131fb7ceb/current/containerDir0/2/metadata/2-dn-container.db
	at org.apache.hadoop.ozone.container.keyvalue.helpers.BlockUtils.getDB(BlockUtils.java:84)
	at org.apache.hadoop.ozone.container.keyvalue.statemachine.background.BlockDeletingService$BlockDeletingTask.call(BlockDeletingService.java:188)
	at org.apache.hadoop.ozone.container.keyvalue.statemachine.background.BlockDeletingService$BlockDeletingTask.call(BlockDeletingService.java:172)
	at java.util.concurrent.FutureTask.run(FutureTask.java:266)
	at java.util.concurrent.Executors$RunnableAdapter.call(Executors.java:511)
	at java.util.concurrent.FutureTask.run(FutureTask.java:266)
	at java.util.concurrent.Executors$RunnableAdapter.call(Executors.java:511)
	at java.util.concurrent.FutureTask.run(FutureTask.java:266)
	at java.util.concurrent.ScheduledThreadPoolExecutor$ScheduledFutureTask.access$201(ScheduledThreadPoolExecutor.java:180)
	at java.util.concurrent.ScheduledThreadPoolExecutor$ScheduledFutureTask.run(ScheduledThreadPoolExecutor.java:293)
	at java.util.concurrent.ThreadPoolExecutor.runWorker(ThreadPoolExecutor.java:1149)
	at java.util.concurrent.ThreadPoolExecutor$Worker.run(ThreadPoolExecutor.java:624)
	at java.lang.Thread.run(Thread.java:748)
2019-07-03 21:52:33,911 INFO  ozone.MiniOzoneClusterImpl (MiniOzoneClusterImpl.java:lambda$waitForClusterToBeReady$0(142)) - Waiting for cluster to be ready. Got 0 of 1 DN Heartbeats.
2019-07-03 21:52:34,214 INFO  background.BlockDeletingService (BlockDeletingService.java:getTasks(123)) - Plan to choose 10 containers for block deletion, actually returns 5 valid containers.
2019-07-03 21:52:34,215 ERROR utils.ContainerCache (ContainerCache.java:getDB(137)) - Error opening DB. Container:1 ContainerPath:/opt/src/hadoop-ozone/integration-test/target/test-dir/MiniOzoneClusterImpl-a761fe1f-0c0e-47cb-a611-f8332fccf762/datanode-0/data/containers/hdds/5e8e6293-46cb-4cd3-b79f-910131fb7ceb/current/containerDir0/1/metadata/1-dn-container.db
java.io.IOException: Failed init RocksDB, db path : /opt/src/hadoop-ozone/integration-test/target/test-dir/MiniOzoneClusterImpl-a761fe1f-0c0e-47cb-a611-f8332fccf762/datanode-0/data/containers/hdds/5e8e6293-46cb-4cd3-b79f-910131fb7ceb/current/containerDir0/1/metadata/1-dn-container.db
	at org.apache.hadoop.utils.RocksDBStore.<init>(RocksDBStore.java:87)
	at org.apache.hadoop.utils.MetadataStoreBuilder.build(MetadataStoreBuilder.java:137)
	at org.apache.hadoop.ozone.container.common.utils.ContainerCache.getDB(ContainerCache.java:129)
	at org.apache.hadoop.ozone.container.keyvalue.helpers.BlockUtils.getDB(BlockUtils.java:77)
	at org.apache.hadoop.ozone.container.keyvalue.statemachine.background.BlockDeletingService$BlockDeletingTask.call(BlockDeletingService.java:188)
	at org.apache.hadoop.ozone.container.keyvalue.statemachine.background.BlockDeletingService$BlockDeletingTask.call(BlockDeletingService.java:172)
	at java.util.concurrent.FutureTask.run(FutureTask.java:266)
	at java.util.concurrent.Executors$RunnableAdapter.call(Executors.java:511)
	at java.util.concurrent.FutureTask.run(FutureTask.java:266)
	at java.util.concurrent.Executors$RunnableAdapter.call(Executors.java:511)
	at java.util.concurrent.FutureTask.run(FutureTask.java:266)
	at java.util.concurrent.ScheduledThreadPoolExecutor$ScheduledFutureTask.access$201(ScheduledThreadPoolExecutor.java:180)
	at java.util.concurrent.ScheduledThreadPoolExecutor$ScheduledFutureTask.run(ScheduledThreadPoolExecutor.java:293)
	at java.util.concurrent.ThreadPoolExecutor.runWorker(ThreadPoolExecutor.java:1149)
	at java.util.concurrent.ThreadPoolExecutor$Worker.run(ThreadPoolExecutor.java:624)
	at java.lang.Thread.run(Thread.java:748)
Caused by: org.rocksdb.RocksDBException: While mkdir if missing: /opt/src/hadoop-ozone/integration-test/target/test-dir/MiniOzoneClusterImpl-a761fe1f-0c0e-47cb-a611-f8332fccf762/datanode-0/data/containers/hdds/5e8e6293-46cb-4cd3-b79f-910131fb7ceb/current/containerDir0/1/metadata/1-dn-container.db: No such file or directory
	at org.rocksdb.RocksDB.open(Native Method)
	at org.rocksdb.RocksDB.open(RocksDB.java:235)
	at org.apache.hadoop.utils.RocksDBStore.<init>(RocksDBStore.java:71)
	... 15 more
2019-07-03 21:52:34,216 ERROR utils.ContainerCache (ContainerCache.java:getDB(137)) - Error opening DB. Container:5 ContainerPath:/opt/src/hadoop-ozone/integration-test/target/test-dir/MiniOzoneClusterImpl-a761fe1f-0c0e-47cb-a611-f8332fccf762/datanode-0/data/containers/hdds/5e8e6293-46cb-4cd3-b79f-910131fb7ceb/current/containerDir0/5/metadata/5-dn-container.db
java.io.IOException: Failed init RocksDB, db path : /opt/src/hadoop-ozone/integration-test/target/test-dir/MiniOzoneClusterImpl-a761fe1f-0c0e-47cb-a611-f8332fccf762/datanode-0/data/containers/hdds/5e8e6293-46cb-4cd3-b79f-910131fb7ceb/current/containerDir0/5/metadata/5-dn-container.db
	at org.apache.hadoop.utils.RocksDBStore.<init>(RocksDBStore.java:87)
	at org.apache.hadoop.utils.MetadataStoreBuilder.build(MetadataStoreBuilder.java:137)
	at org.apache.hadoop.ozone.container.common.utils.ContainerCache.getDB(ContainerCache.java:129)
	at org.apache.hadoop.ozone.container.keyvalue.helpers.BlockUtils.getDB(BlockUtils.java:77)
	at org.apache.hadoop.ozone.container.keyvalue.statemachine.background.BlockDeletingService$BlockDeletingTask.call(BlockDeletingService.java:188)
	at org.apache.hadoop.ozone.container.keyvalue.statemachine.background.BlockDeletingService$BlockDeletingTask.call(BlockDeletingService.java:172)
	at java.util.concurrent.FutureTask.run(FutureTask.java:266)
	at java.util.concurrent.Executors$RunnableAdapter.call(Executors.java:511)
	at java.util.concurrent.FutureTask.run(FutureTask.java:266)
	at java.util.concurrent.Executors$RunnableAdapter.call(Executors.java:511)
	at java.util.concurrent.FutureTask.run(FutureTask.java:266)
	at java.util.concurrent.ScheduledThreadPoolExecutor$ScheduledFutureTask.access$201(ScheduledThreadPoolExecutor.java:180)
	at java.util.concurrent.ScheduledThreadPoolExecutor$ScheduledFutureTask.run(ScheduledThreadPoolExecutor.java:293)
	at java.util.concurrent.ThreadPoolExecutor.runWorker(ThreadPoolExecutor.java:1149)
	at java.util.concurrent.ThreadPoolExecutor$Worker.run(ThreadPoolExecutor.java:624)
	at java.lang.Thread.run(Thread.java:748)
Caused by: org.rocksdb.RocksDBException: While mkdir if missing: /opt/src/hadoop-ozone/integration-test/target/test-dir/MiniOzoneClusterImpl-a761fe1f-0c0e-47cb-a611-f8332fccf762/datanode-0/data/containers/hdds/5e8e6293-46cb-4cd3-b79f-910131fb7ceb/current/containerDir0/5/metadata/5-dn-container.db: No such file or directory
	at org.rocksdb.RocksDB.open(Native Method)
	at org.rocksdb.RocksDB.open(RocksDB.java:235)
	at org.apache.hadoop.utils.RocksDBStore.<init>(RocksDBStore.java:71)
	... 15 more
2019-07-03 21:52:34,217 WARN  utils.BackgroundService (BackgroundService.java:lambda$run$0(135)) - Background task fails to execute, retrying in next interval
java.util.concurrent.ExecutionException: org.apache.hadoop.hdds.scm.container.common.helpers.StorageContainerException: Error opening DB. Container:5 ContainerPath:/opt/src/hadoop-ozone/integration-test/target/test-dir/MiniOzoneClusterImpl-a761fe1f-0c0e-47cb-a611-f8332fccf762/datanode-0/data/containers/hdds/5e8e6293-46cb-4cd3-b79f-910131fb7ceb/current/containerDir0/5/metadata/5-dn-container.db
	at java.util.concurrent.FutureTask.report(FutureTask.java:122)
	at java.util.concurrent.FutureTask.get(FutureTask.java:206)
	at org.apache.hadoop.utils.BackgroundService$PeriodicalTask.lambda$run$0(BackgroundService.java:129)
	at java.util.stream.ForEachOps$ForEachOp$OfRef.accept(ForEachOps.java:184)
	at java.util.ArrayList$ArrayListSpliterator.forEachRemaining(ArrayList.java:1382)
	at java.util.stream.AbstractPipeline.copyInto(AbstractPipeline.java:482)
	at java.util.stream.ForEachOps$ForEachTask.compute(ForEachOps.java:291)
	at java.util.concurrent.CountedCompleter.exec(CountedCompleter.java:731)
	at java.util.concurrent.ForkJoinTask.doExec(ForkJoinTask.java:289)
	at java.util.concurrent.ForkJoinPool$WorkQueue.runTask(ForkJoinPool.java:1056)
	at java.util.concurrent.ForkJoinPool.runWorker(ForkJoinPool.java:1692)
	at java.util.concurrent.ForkJoinWorkerThread.run(ForkJoinWorkerThread.java:157)
Caused by: org.apache.hadoop.hdds.scm.container.common.helpers.StorageContainerException: Error opening DB. Container:5 ContainerPath:/opt/src/hadoop-ozone/integration-test/target/test-dir/MiniOzoneClusterImpl-a761fe1f-0c0e-47cb-a611-f8332fccf762/datanode-0/data/containers/hdds/5e8e6293-46cb-4cd3-b79f-910131fb7ceb/current/containerDir0/5/metadata/5-dn-container.db
	at org.apache.hadoop.ozone.container.keyvalue.helpers.BlockUtils.getDB(BlockUtils.java:84)
	at org.apache.hadoop.ozone.container.keyvalue.statemachine.background.BlockDeletingService$BlockDeletingTask.call(BlockDeletingService.java:188)
	at org.apache.hadoop.ozone.container.keyvalue.statemachine.background.BlockDeletingService$BlockDeletingTask.call(BlockDeletingService.java:172)
	at java.util.concurrent.FutureTask.run(FutureTask.java:266)
	at java.util.concurrent.Executors$RunnableAdapter.call(Executors.java:511)
	at java.util.concurrent.FutureTask.run(FutureTask.java:266)
	at java.util.concurrent.Executors$RunnableAdapter.call(Executors.java:511)
	at java.util.concurrent.FutureTask.run(FutureTask.java:266)
	at java.util.concurrent.ScheduledThreadPoolExecutor$ScheduledFutureTask.access$201(ScheduledThreadPoolExecutor.java:180)
	at java.util.concurrent.ScheduledThreadPoolExecutor$ScheduledFutureTask.run(ScheduledThreadPoolExecutor.java:293)
	at java.util.concurrent.ThreadPoolExecutor.runWorker(ThreadPoolExecutor.java:1149)
	at java.util.concurrent.ThreadPoolExecutor$Worker.run(ThreadPoolExecutor.java:624)
	at java.lang.Thread.run(Thread.java:748)
2019-07-03 21:52:34,218 ERROR utils.ContainerCache (ContainerCache.java:getDB(137)) - Error opening DB. Container:4 ContainerPath:/opt/src/hadoop-ozone/integration-test/target/test-dir/MiniOzoneClusterImpl-a761fe1f-0c0e-47cb-a611-f8332fccf762/datanode-0/data/containers/hdds/5e8e6293-46cb-4cd3-b79f-910131fb7ceb/current/containerDir0/4/metadata/4-dn-container.db
java.io.IOException: Failed init RocksDB, db path : /opt/src/hadoop-ozone/integration-test/target/test-dir/MiniOzoneClusterImpl-a761fe1f-0c0e-47cb-a611-f8332fccf762/datanode-0/data/containers/hdds/5e8e6293-46cb-4cd3-b79f-910131fb7ceb/current/containerDir0/4/metadata/4-dn-container.db
	at org.apache.hadoop.utils.RocksDBStore.<init>(RocksDBStore.java:87)
	at org.apache.hadoop.utils.MetadataStoreBuilder.build(MetadataStoreBuilder.java:137)
	at org.apache.hadoop.ozone.container.common.utils.ContainerCache.getDB(ContainerCache.java:129)
	at org.apache.hadoop.ozone.container.keyvalue.helpers.BlockUtils.getDB(BlockUtils.java:77)
	at org.apache.hadoop.ozone.container.keyvalue.statemachine.background.BlockDeletingService$BlockDeletingTask.call(BlockDeletingService.java:188)
	at org.apache.hadoop.ozone.container.keyvalue.statemachine.background.BlockDeletingService$BlockDeletingTask.call(BlockDeletingService.java:172)
	at java.util.concurrent.FutureTask.run(FutureTask.java:266)
	at java.util.concurrent.Executors$RunnableAdapter.call(Executors.java:511)
	at java.util.concurrent.FutureTask.run(FutureTask.java:266)
	at java.util.concurrent.Executors$RunnableAdapter.call(Executors.java:511)
	at java.util.concurrent.FutureTask.run(FutureTask.java:266)
	at java.util.concurrent.ScheduledThreadPoolExecutor$ScheduledFutureTask.access$201(ScheduledThreadPoolExecutor.java:180)
	at java.util.concurrent.ScheduledThreadPoolExecutor$ScheduledFutureTask.run(ScheduledThreadPoolExecutor.java:293)
	at java.util.concurrent.ThreadPoolExecutor.runWorker(ThreadPoolExecutor.java:1149)
	at java.util.concurrent.ThreadPoolExecutor$Worker.run(ThreadPoolExecutor.java:624)
	at java.lang.Thread.run(Thread.java:748)
Caused by: org.rocksdb.RocksDBException: While mkdir if missing: /opt/src/hadoop-ozone/integration-test/target/test-dir/MiniOzoneClusterImpl-a761fe1f-0c0e-47cb-a611-f8332fccf762/datanode-0/data/containers/hdds/5e8e6293-46cb-4cd3-b79f-910131fb7ceb/current/containerDir0/4/metadata/4-dn-container.db: No such file or directory
	at org.rocksdb.RocksDB.open(Native Method)
	at org.rocksdb.RocksDB.open(RocksDB.java:235)
	at org.apache.hadoop.utils.RocksDBStore.<init>(RocksDBStore.java:71)
	... 15 more
2019-07-03 21:52:34,218 WARN  utils.BackgroundService (BackgroundService.java:lambda$run$0(135)) - Background task fails to execute, retrying in next interval
java.util.concurrent.ExecutionException: org.apache.hadoop.hdds.scm.container.common.helpers.StorageContainerException: Error opening DB. Container:1 ContainerPath:/opt/src/hadoop-ozone/integration-test/target/test-dir/MiniOzoneClusterImpl-a761fe1f-0c0e-47cb-a611-f8332fccf762/datanode-0/data/containers/hdds/5e8e6293-46cb-4cd3-b79f-910131fb7ceb/current/containerDir0/1/metadata/1-dn-container.db
	at java.util.concurrent.FutureTask.report(FutureTask.java:122)
	at java.util.concurrent.FutureTask.get(FutureTask.java:206)
	at org.apache.hadoop.utils.BackgroundService$PeriodicalTask.lambda$run$0(BackgroundService.java:129)
	at java.util.stream.ForEachOps$ForEachOp$OfRef.accept(ForEachOps.java:184)
	at java.util.ArrayList$ArrayListSpliterator.forEachRemaining(ArrayList.java:1382)
	at java.util.stream.AbstractPipeline.copyInto(AbstractPipeline.java:482)
	at java.util.stream.ForEachOps$ForEachTask.compute(ForEachOps.java:291)
	at java.util.concurrent.CountedCompleter.exec(CountedCompleter.java:731)
	at java.util.concurrent.ForkJoinTask.doExec(ForkJoinTask.java:289)
	at java.util.concurrent.ForkJoinPool$WorkQueue.execLocalTasks(ForkJoinPool.java:1040)
	at java.util.concurrent.ForkJoinPool$WorkQueue.runTask(ForkJoinPool.java:1058)
	at java.util.concurrent.ForkJoinPool.runWorker(ForkJoinPool.java:1692)
	at java.util.concurrent.ForkJoinWorkerThread.run(ForkJoinWorkerThread.java:157)
Caused by: org.apache.hadoop.hdds.scm.container.common.helpers.StorageContainerException: Error opening DB. Container:1 ContainerPath:/opt/src/hadoop-ozone/integration-test/target/test-dir/MiniOzoneClusterImpl-a761fe1f-0c0e-47cb-a611-f8332fccf762/datanode-0/data/containers/hdds/5e8e6293-46cb-4cd3-b79f-910131fb7ceb/current/containerDir0/1/metadata/1-dn-container.db
	at org.apache.hadoop.ozone.container.keyvalue.helpers.BlockUtils.getDB(BlockUtils.java:84)
	at org.apache.hadoop.ozone.container.keyvalue.statemachine.background.BlockDeletingService$BlockDeletingTask.call(BlockDeletingService.java:188)
	at org.apache.hadoop.ozone.container.keyvalue.statemachine.background.BlockDeletingService$BlockDeletingTask.call(BlockDeletingService.java:172)
	at java.util.concurrent.FutureTask.run(FutureTask.java:266)
	at java.util.concurrent.Executors$RunnableAdapter.call(Executors.java:511)
	at java.util.concurrent.FutureTask.run(FutureTask.java:266)
	at java.util.concurrent.Executors$RunnableAdapter.call(Executors.java:511)
	at java.util.concurrent.FutureTask.run(FutureTask.java:266)
	at java.util.concurrent.ScheduledThreadPoolExecutor$ScheduledFutureTask.access$201(ScheduledThreadPoolExecutor.java:180)
	at java.util.concurrent.ScheduledThreadPoolExecutor$ScheduledFutureTask.run(ScheduledThreadPoolExecutor.java:293)
	at java.util.concurrent.ThreadPoolExecutor.runWorker(ThreadPoolExecutor.java:1149)
	at java.util.concurrent.ThreadPoolExecutor$Worker.run(ThreadPoolExecutor.java:624)
	at java.lang.Thread.run(Thread.java:748)
2019-07-03 21:52:34,220 ERROR utils.ContainerCache (ContainerCache.java:getDB(137)) - Error opening DB. Container:3 ContainerPath:/opt/src/hadoop-ozone/integration-test/target/test-dir/MiniOzoneClusterImpl-a761fe1f-0c0e-47cb-a611-f8332fccf762/datanode-0/data/containers/hdds/5e8e6293-46cb-4cd3-b79f-910131fb7ceb/current/containerDir0/3/metadata/3-dn-container.db
java.io.IOException: Failed init RocksDB, db path : /opt/src/hadoop-ozone/integration-test/target/test-dir/MiniOzoneClusterImpl-a761fe1f-0c0e-47cb-a611-f8332fccf762/datanode-0/data/containers/hdds/5e8e6293-46cb-4cd3-b79f-910131fb7ceb/current/containerDir0/3/metadata/3-dn-container.db
	at org.apache.hadoop.utils.RocksDBStore.<init>(RocksDBStore.java:87)
	at org.apache.hadoop.utils.MetadataStoreBuilder.build(MetadataStoreBuilder.java:137)
	at org.apache.hadoop.ozone.container.common.utils.ContainerCache.getDB(ContainerCache.java:129)
	at org.apache.hadoop.ozone.container.keyvalue.helpers.BlockUtils.getDB(BlockUtils.java:77)
	at org.apache.hadoop.ozone.container.keyvalue.statemachine.background.BlockDeletingService$BlockDeletingTask.call(BlockDeletingService.java:188)
	at org.apache.hadoop.ozone.container.keyvalue.statemachine.background.BlockDeletingService$BlockDeletingTask.call(BlockDeletingService.java:172)
	at java.util.concurrent.FutureTask.run(FutureTask.java:266)
	at java.util.concurrent.Executors$RunnableAdapter.call(Executors.java:511)
	at java.util.concurrent.FutureTask.run(FutureTask.java:266)
	at java.util.concurrent.Executors$RunnableAdapter.call(Executors.java:511)
	at java.util.concurrent.FutureTask.run(FutureTask.java:266)
	at java.util.concurrent.ScheduledThreadPoolExecutor$ScheduledFutureTask.access$201(ScheduledThreadPoolExecutor.java:180)
	at java.util.concurrent.ScheduledThreadPoolExecutor$ScheduledFutureTask.run(ScheduledThreadPoolExecutor.java:293)
	at java.util.concurrent.ThreadPoolExecutor.runWorker(ThreadPoolExecutor.java:1149)
	at java.util.concurrent.ThreadPoolExecutor$Worker.run(ThreadPoolExecutor.java:624)
	at java.lang.Thread.run(Thread.java:748)
Caused by: org.rocksdb.RocksDBException: While mkdir if missing: /opt/src/hadoop-ozone/integration-test/target/test-dir/MiniOzoneClusterImpl-a761fe1f-0c0e-47cb-a611-f8332fccf762/datanode-0/data/containers/hdds/5e8e6293-46cb-4cd3-b79f-910131fb7ceb/current/containerDir0/3/metadata/3-dn-container.db: No such file or directory
	at org.rocksdb.RocksDB.open(Native Method)
	at org.rocksdb.RocksDB.open(RocksDB.java:235)
	at org.apache.hadoop.utils.RocksDBStore.<init>(RocksDBStore.java:71)
	... 15 more
2019-07-03 21:52:34,219 WARN  utils.BackgroundService (BackgroundService.java:lambda$run$0(135)) - Background task fails to execute, retrying in next interval
java.util.concurrent.ExecutionException: org.apache.hadoop.hdds.scm.container.common.helpers.StorageContainerException: Error opening DB. Container:4 ContainerPath:/opt/src/hadoop-ozone/integration-test/target/test-dir/MiniOzoneClusterImpl-a761fe1f-0c0e-47cb-a611-f8332fccf762/datanode-0/data/containers/hdds/5e8e6293-46cb-4cd3-b79f-910131fb7ceb/current/containerDir0/4/metadata/4-dn-container.db
	at java.util.concurrent.FutureTask.report(FutureTask.java:122)
	at java.util.concurrent.FutureTask.get(FutureTask.java:206)
	at org.apache.hadoop.utils.BackgroundService$PeriodicalTask.lambda$run$0(BackgroundService.java:129)
	at java.util.stream.ForEachOps$ForEachOp$OfRef.accept(ForEachOps.java:184)
	at java.util.ArrayList$ArrayListSpliterator.forEachRemaining(ArrayList.java:1382)
	at java.util.stream.AbstractPipeline.copyInto(AbstractPipeline.java:482)
	at java.util.stream.ForEachOps$ForEachTask.compute(ForEachOps.java:291)
	at java.util.concurrent.CountedCompleter.exec(CountedCompleter.java:731)
	at java.util.concurrent.ForkJoinTask.doExec(ForkJoinTask.java:289)
	at java.util.concurrent.ForkJoinTask.doInvoke(ForkJoinTask.java:401)
	at java.util.concurrent.ForkJoinTask.invoke(ForkJoinTask.java:734)
	at java.util.stream.ForEachOps$ForEachOp.evaluateParallel(ForEachOps.java:160)
	at java.util.stream.ForEachOps$ForEachOp$OfRef.evaluateParallel(ForEachOps.java:174)
	at java.util.stream.AbstractPipeline.evaluate(AbstractPipeline.java:233)
	at java.util.stream.ReferencePipeline.forEach(ReferencePipeline.java:418)
	at java.util.stream.ReferencePipeline$Head.forEach(ReferencePipeline.java:583)
	at org.apache.hadoop.utils.BackgroundService$PeriodicalTask.run(BackgroundService.java:125)
	at java.util.concurrent.Executors$RunnableAdapter.call(Executors.java:511)
	at java.util.concurrent.FutureTask.runAndReset(FutureTask.java:308)
	at java.util.concurrent.ScheduledThreadPoolExecutor$ScheduledFutureTask.access$301(ScheduledThreadPoolExecutor.java:180)
	at java.util.concurrent.ScheduledThreadPoolExecutor$ScheduledFutureTask.run(ScheduledThreadPoolExecutor.java:294)
	at java.util.concurrent.ThreadPoolExecutor.runWorker(ThreadPoolExecutor.java:1149)
	at java.util.concurrent.ThreadPoolExecutor$Worker.run(ThreadPoolExecutor.java:624)
	at java.lang.Thread.run(Thread.java:748)
Caused by: org.apache.hadoop.hdds.scm.container.common.helpers.StorageContainerException: Error opening DB. Container:4 ContainerPath:/opt/src/hadoop-ozone/integration-test/target/test-dir/MiniOzoneClusterImpl-a761fe1f-0c0e-47cb-a611-f8332fccf762/datanode-0/data/containers/hdds/5e8e6293-46cb-4cd3-b79f-910131fb7ceb/current/containerDir0/4/metadata/4-dn-container.db
	at org.apache.hadoop.ozone.container.keyvalue.helpers.BlockUtils.getDB(BlockUtils.java:84)
	at org.apache.hadoop.ozone.container.keyvalue.statemachine.background.BlockDeletingService$BlockDeletingTask.call(BlockDeletingService.java:188)
	at org.apache.hadoop.ozone.container.keyvalue.statemachine.background.BlockDeletingService$BlockDeletingTask.call(BlockDeletingService.java:172)
	at java.util.concurrent.FutureTask.run(FutureTask.java:266)
	at java.util.concurrent.Executors$RunnableAdapter.call(Executors.java:511)
	at java.util.concurrent.FutureTask.run(FutureTask.java:266)
	at java.util.concurrent.Executors$RunnableAdapter.call(Executors.java:511)
	at java.util.concurrent.FutureTask.run(FutureTask.java:266)
	at java.util.concurrent.ScheduledThreadPoolExecutor$ScheduledFutureTask.access$201(ScheduledThreadPoolExecutor.java:180)
	at java.util.concurrent.ScheduledThreadPoolExecutor$ScheduledFutureTask.run(ScheduledThreadPoolExecutor.java:293)
	... 3 more
2019-07-03 21:52:34,222 ERROR utils.ContainerCache (ContainerCache.java:getDB(137)) - Error opening DB. Container:2 ContainerPath:/opt/src/hadoop-ozone/integration-test/target/test-dir/MiniOzoneClusterImpl-a761fe1f-0c0e-47cb-a611-f8332fccf762/datanode-0/data/containers/hdds/5e8e6293-46cb-4cd3-b79f-910131fb7ceb/current/containerDir0/2/metadata/2-dn-container.db
java.io.IOException: Failed init RocksDB, db path : /opt/src/hadoop-ozone/integration-test/target/test-dir/MiniOzoneClusterImpl-a761fe1f-0c0e-47cb-a611-f8332fccf762/datanode-0/data/containers/hdds/5e8e6293-46cb-4cd3-b79f-910131fb7ceb/current/containerDir0/2/metadata/2-dn-container.db
	at org.apache.hadoop.utils.RocksDBStore.<init>(RocksDBStore.java:87)
	at org.apache.hadoop.utils.MetadataStoreBuilder.build(MetadataStoreBuilder.java:137)
	at org.apache.hadoop.ozone.container.common.utils.ContainerCache.getDB(ContainerCache.java:129)
	at org.apache.hadoop.ozone.container.keyvalue.helpers.BlockUtils.getDB(BlockUtils.java:77)
	at org.apache.hadoop.ozone.container.keyvalue.statemachine.background.BlockDeletingService$BlockDeletingTask.call(BlockDeletingService.java:188)
	at org.apache.hadoop.ozone.container.keyvalue.statemachine.background.BlockDeletingService$BlockDeletingTask.call(BlockDeletingService.java:172)
	at java.util.concurrent.FutureTask.run(FutureTask.java:266)
	at java.util.concurrent.Executors$RunnableAdapter.call(Executors.java:511)
	at java.util.concurrent.FutureTask.run(FutureTask.java:266)
	at java.util.concurrent.Executors$RunnableAdapter.call(Executors.java:511)
	at java.util.concurrent.FutureTask.run(FutureTask.java:266)
	at java.util.concurrent.ScheduledThreadPoolExecutor$ScheduledFutureTask.access$201(ScheduledThreadPoolExecutor.java:180)
	at java.util.concurrent.ScheduledThreadPoolExecutor$ScheduledFutureTask.run(ScheduledThreadPoolExecutor.java:293)
	at java.util.concurrent.ThreadPoolExecutor.runWorker(ThreadPoolExecutor.java:1149)
	at java.util.concurrent.ThreadPoolExecutor$Worker.run(ThreadPoolExecutor.java:624)
	at java.lang.Thread.run(Thread.java:748)
Caused by: org.rocksdb.RocksDBException: While mkdir if missing: /opt/src/hadoop-ozone/integration-test/target/test-dir/MiniOzoneClusterImpl-a761fe1f-0c0e-47cb-a611-f8332fccf762/datanode-0/data/containers/hdds/5e8e6293-46cb-4cd3-b79f-910131fb7ceb/current/containerDir0/2/metadata/2-dn-container.db: No such file or directory
	at org.rocksdb.RocksDB.open(Native Method)
	at org.rocksdb.RocksDB.open(RocksDB.java:235)
	at org.apache.hadoop.utils.RocksDBStore.<init>(RocksDBStore.java:71)
	... 15 more
2019-07-03 21:52:34,222 WARN  utils.BackgroundService (BackgroundService.java:lambda$run$0(135)) - Background task fails to execute, retrying in next interval
java.util.concurrent.ExecutionException: org.apache.hadoop.hdds.scm.container.common.helpers.StorageContainerException: Error opening DB. Container:3 ContainerPath:/opt/src/hadoop-ozone/integration-test/target/test-dir/MiniOzoneClusterImpl-a761fe1f-0c0e-47cb-a611-f8332fccf762/datanode-0/data/containers/hdds/5e8e6293-46cb-4cd3-b79f-910131fb7ceb/current/containerDir0/3/metadata/3-dn-container.db
	at java.util.concurrent.FutureTask.report(FutureTask.java:122)
	at java.util.concurrent.FutureTask.get(FutureTask.java:206)
	at org.apache.hadoop.utils.BackgroundService$PeriodicalTask.lambda$run$0(BackgroundService.java:129)
	at java.util.stream.ForEachOps$ForEachOp$OfRef.accept(ForEachOps.java:184)
	at java.util.ArrayList$ArrayListSpliterator.forEachRemaining(ArrayList.java:1382)
	at java.util.stream.AbstractPipeline.copyInto(AbstractPipeline.java:482)
	at java.util.stream.ForEachOps$ForEachTask.compute(ForEachOps.java:291)
	at java.util.concurrent.CountedCompleter.exec(CountedCompleter.java:731)
	at java.util.concurrent.ForkJoinTask.doExec(ForkJoinTask.java:289)
	at java.util.concurrent.ForkJoinPool$WorkQueue.pollAndExecCC(ForkJoinPool.java:1190)
	at java.util.concurrent.ForkJoinPool.helpComplete(ForkJoinPool.java:1879)
	at java.util.concurrent.ForkJoinPool.externalHelpComplete(ForkJoinPool.java:2467)
	at java.util.concurrent.ForkJoinTask.externalAwaitDone(ForkJoinTask.java:324)
	at java.util.concurrent.ForkJoinTask.doInvoke(ForkJoinTask.java:405)
	at java.util.concurrent.ForkJoinTask.invoke(ForkJoinTask.java:734)
	at java.util.stream.ForEachOps$ForEachOp.evaluateParallel(ForEachOps.java:160)
	at java.util.stream.ForEachOps$ForEachOp$OfRef.evaluateParallel(ForEachOps.java:174)
	at java.util.stream.AbstractPipeline.evaluate(AbstractPipeline.java:233)
	at java.util.stream.ReferencePipeline.forEach(ReferencePipeline.java:418)
	at java.util.stream.ReferencePipeline$Head.forEach(ReferencePipeline.java:583)
	at org.apache.hadoop.utils.BackgroundService$PeriodicalTask.run(BackgroundService.java:125)
	at java.util.concurrent.Executors$RunnableAdapter.call(Executors.java:511)
	at java.util.concurrent.FutureTask.runAndReset(FutureTask.java:308)
	at java.util.concurrent.ScheduledThreadPoolExecutor$ScheduledFutureTask.access$301(ScheduledThreadPoolExecutor.java:180)
	at java.util.concurrent.ScheduledThreadPoolExecutor$ScheduledFutureTask.run(ScheduledThreadPoolExecutor.java:294)
	at java.util.concurrent.ThreadPoolExecutor.runWorker(ThreadPoolExecutor.java:1149)
	at java.util.concurrent.ThreadPoolExecutor$Worker.run(ThreadPoolExecutor.java:624)
	at java.lang.Thread.run(Thread.java:748)
Caused by: org.apache.hadoop.hdds.scm.container.common.helpers.StorageContainerException: Error opening DB. Container:3 ContainerPath:/opt/src/hadoop-ozone/integration-test/target/test-dir/MiniOzoneClusterImpl-a761fe1f-0c0e-47cb-a611-f8332fccf762/datanode-0/data/containers/hdds/5e8e6293-46cb-4cd3-b79f-910131fb7ceb/current/containerDir0/3/metadata/3-dn-container.db
	at org.apache.hadoop.ozone.container.keyvalue.helpers.BlockUtils.getDB(BlockUtils.java:84)
	at org.apache.hadoop.ozone.container.keyvalue.statemachine.background.BlockDeletingService$BlockDeletingTask.call(BlockDeletingService.java:188)
	at org.apache.hadoop.ozone.container.keyvalue.statemachine.background.BlockDeletingService$BlockDeletingTask.call(BlockDeletingService.java:172)
	at java.util.concurrent.FutureTask.run(FutureTask.java:266)
	at java.util.concurrent.Executors$RunnableAdapter.call(Executors.java:511)
	at java.util.concurrent.FutureTask.run(FutureTask.java:266)
	at java.util.concurrent.Executors$RunnableAdapter.call(Executors.java:511)
	at java.util.concurrent.FutureTask.run(FutureTask.java:266)
	at java.util.concurrent.ScheduledThreadPoolExecutor$ScheduledFutureTask.access$201(ScheduledThreadPoolExecutor.java:180)
	at java.util.concurrent.ScheduledThreadPoolExecutor$ScheduledFutureTask.run(ScheduledThreadPoolExecutor.java:293)
	... 3 more
2019-07-03 21:52:34,223 WARN  utils.BackgroundService (BackgroundService.java:lambda$run$0(135)) - Background task fails to execute, retrying in next interval
java.util.concurrent.ExecutionException: org.apache.hadoop.hdds.scm.container.common.helpers.StorageContainerException: Error opening DB. Container:2 ContainerPath:/opt/src/hadoop-ozone/integration-test/target/test-dir/MiniOzoneClusterImpl-a761fe1f-0c0e-47cb-a611-f8332fccf762/datanode-0/data/containers/hdds/5e8e6293-46cb-4cd3-b79f-910131fb7ceb/current/containerDir0/2/metadata/2-dn-container.db
	at java.util.concurrent.FutureTask.report(FutureTask.java:122)
	at java.util.concurrent.FutureTask.get(FutureTask.java:206)
	at org.apache.hadoop.utils.BackgroundService$PeriodicalTask.lambda$run$0(BackgroundService.java:129)
	at java.util.stream.ForEachOps$ForEachOp$OfRef.accept(ForEachOps.java:184)
	at java.util.ArrayList$ArrayListSpliterator.forEachRemaining(ArrayList.java:1382)
	at java.util.stream.AbstractPipeline.copyInto(AbstractPipeline.java:482)
	at java.util.stream.ForEachOps$ForEachTask.compute(ForEachOps.java:291)
	at java.util.concurrent.CountedCompleter.exec(CountedCompleter.java:731)
	at java.util.concurrent.ForkJoinTask.doExec(ForkJoinTask.java:289)
	at java.util.concurrent.ForkJoinPool$WorkQueue.runTask(ForkJoinPool.java:1056)
	at java.util.concurrent.ForkJoinPool.runWorker(ForkJoinPool.java:1692)
	at java.util.concurrent.ForkJoinWorkerThread.run(ForkJoinWorkerThread.java:157)
Caused by: org.apache.hadoop.hdds.scm.container.common.helpers.StorageContainerException: Error opening DB. Container:2 ContainerPath:/opt/src/hadoop-ozone/integration-test/target/test-dir/MiniOzoneClusterImpl-a761fe1f-0c0e-47cb-a611-f8332fccf762/datanode-0/data/containers/hdds/5e8e6293-46cb-4cd3-b79f-910131fb7ceb/current/containerDir0/2/metadata/2-dn-container.db
	at org.apache.hadoop.ozone.container.keyvalue.helpers.BlockUtils.getDB(BlockUtils.java:84)
	at org.apache.hadoop.ozone.container.keyvalue.statemachine.background.BlockDeletingService$BlockDeletingTask.call(BlockDeletingService.java:188)
	at org.apache.hadoop.ozone.container.keyvalue.statemachine.background.BlockDeletingService$BlockDeletingTask.call(BlockDeletingService.java:172)
	at java.util.concurrent.FutureTask.run(FutureTask.java:266)
	at java.util.concurrent.Executors$RunnableAdapter.call(Executors.java:511)
	at java.util.concurrent.FutureTask.run(FutureTask.java:266)
	at java.util.concurrent.Executors$RunnableAdapter.call(Executors.java:511)
	at java.util.concurrent.FutureTask.run(FutureTask.java:266)
	at java.util.concurrent.ScheduledThreadPoolExecutor$ScheduledFutureTask.access$201(ScheduledThreadPoolExecutor.java:180)
	at java.util.concurrent.ScheduledThreadPoolExecutor$ScheduledFutureTask.run(ScheduledThreadPoolExecutor.java:293)
	at java.util.concurrent.ThreadPoolExecutor.runWorker(ThreadPoolExecutor.java:1149)
	at java.util.concurrent.ThreadPoolExecutor$Worker.run(ThreadPoolExecutor.java:624)
	at java.lang.Thread.run(Thread.java:748)
2019-07-03 21:52:34,912 INFO  ozone.MiniOzoneClusterImpl (MiniOzoneClusterImpl.java:lambda$waitForClusterToBeReady$0(142)) - Waiting for cluster to be ready. Got 0 of 1 DN Heartbeats.
2019-07-03 21:52:34,916 INFO  net.NetworkTopology (NetworkTopologyImpl.java:add(109)) - Added a new node: /default-rack/192.168.157.197
2019-07-03 21:52:34,917 INFO  node.SCMNodeManager (SCMNodeManager.java:register(268)) - Registered Data node : 898502b4-69b2-4a30-a059-3a3017708dba{ip: 192.168.157.197, host: ozone-hdds-1735-k2n2p-4288536111, networkLocation: /default-rack, certSerialId: null}
2019-07-03 21:52:34,920 INFO  safemode.SCMSafeModeManager (DataNodeSafeModeRule.java:process(71)) - SCM in safe mode. 1 DataNodes registered, 1 required.
2019-07-03 21:52:34,921 INFO  safemode.SCMSafeModeManager (SCMSafeModeManager.java:validateSafeModeExitRules(177)) - ScmSafeModeManager, all rules are successfully validated
2019-07-03 21:52:34,921 INFO  safemode.SCMSafeModeManager (SCMSafeModeManager.java:exitSafeMode(193)) - SCM exiting safe mode.
2019-07-03 21:52:34,935 INFO  impl.RaftServerProxy (RaftServerProxy.java:addNew(89)) - 898502b4-69b2-4a30-a059-3a3017708dba: addNew group-C63AB2166216:[898502b4-69b2-4a30-a059-3a3017708dba:192.168.157.197:33105] returns group-C63AB2166216:java.util.concurrent.CompletableFuture@6f223fcd[Not completed]
2019-07-03 21:52:34,936 INFO  impl.RaftServerImpl (RaftServerImpl.java:<init>(93)) - 898502b4-69b2-4a30-a059-3a3017708dba: new RaftServerImpl for group-C63AB2166216:[898502b4-69b2-4a30-a059-3a3017708dba:192.168.157.197:33105] with ContainerStateMachine:uninitialized
2019-07-03 21:52:34,937 INFO  server.RaftServerConfigKeys (ConfUtils.java:logGet(43)) - raft.server.rpc.timeout.min = 1s (custom)
2019-07-03 21:52:34,937 INFO  server.RaftServerConfigKeys (ConfUtils.java:logGet(43)) - raft.server.rpc.timeout.max = 1200ms (custom)
2019-07-03 21:52:34,938 INFO  server.RaftServerConfigKeys (ConfUtils.java:logGet(43)) - raft.server.rpcslowness.timeout = 120s (custom)
2019-07-03 21:52:34,938 INFO  server.RaftServerConfigKeys (ConfUtils.java:logGet(43)) - raft.server.sleep.deviation.threshold = 300 (default)
2019-07-03 21:52:34,938 INFO  server.RaftServerConfigKeys (ConfUtils.java:logGet(43)) - raft.server.log.appender.install.snapshot.enabled = false (custom)
2019-07-03 21:52:34,938 INFO  impl.RaftServerImpl (ServerState.java:<init>(105)) - 898502b4-69b2-4a30-a059-3a3017708dba:group-C63AB2166216 ConfigurationManager, init=-1: [898502b4-69b2-4a30-a059-3a3017708dba:192.168.157.197:33105], old=null, confs=<EMPTY_MAP>
2019-07-03 21:52:34,938 INFO  server.RaftServerConfigKeys (ConfUtils.java:logGet(43)) - raft.server.storage.dir = [/opt/src/hadoop-ozone/integration-test/target/test-dir/MiniOzoneClusterImpl-2099d4c0-78ce-4f64-ac72-c6d22be8b9de/datanode-0/data/ratis] (custom)
2019-07-03 21:52:34,939 INFO  storage.RaftStorageDirectory (RaftStorageDirectory.java:analyzeStorage(246)) - The storage directory /opt/src/hadoop-ozone/integration-test/target/test-dir/MiniOzoneClusterImpl-2099d4c0-78ce-4f64-ac72-c6d22be8b9de/datanode-0/data/ratis/3b681c5e-2d4f-4393-84d2-c63ab2166216 does not exist. Creating ...
2019-07-03 21:52:34,953 INFO  storage.RaftStorageDirectory (RaftStorageDirectory.java:tryLock(328)) - Lock on /opt/src/hadoop-ozone/integration-test/target/test-dir/MiniOzoneClusterImpl-2099d4c0-78ce-4f64-ac72-c6d22be8b9de/datanode-0/data/ratis/3b681c5e-2d4f-4393-84d2-c63ab2166216/in_use.lock acquired by nodename 19035@ozone-hdds-1735-k2n2p-4288536111
2019-07-03 21:52:34,967 INFO  storage.RaftStorage (RaftStorage.java:format(72)) - Storage directory /opt/src/hadoop-ozone/integration-test/target/test-dir/MiniOzoneClusterImpl-2099d4c0-78ce-4f64-ac72-c6d22be8b9de/datanode-0/data/ratis/3b681c5e-2d4f-4393-84d2-c63ab2166216 has been successfully formatted.
2019-07-03 21:52:34,968 INFO  ratis.ContainerStateMachine (ContainerStateMachine.java:loadSnapshot(198)) - The snapshot info is null.Setting the last applied index to:(t:0, i:~)
2019-07-03 21:52:34,968 INFO  server.RaftServerConfigKeys (ConfUtils.java:logGet(43)) - raft.server.leader.election.timeout = 120s (custom)
2019-07-03 21:52:34,968 INFO  server.RaftServerConfigKeys (ConfUtils.java:logGet(43)) - raft.server.log.use.memory = false (default)
2019-07-03 21:52:34,968 INFO  server.RaftServerConfigKeys (ConfUtils.java:logGet(43)) - raft.server.log.purge.gap = 1000000000 (custom)
2019-07-03 21:52:34,968 INFO  server.RaftServerConfigKeys (ConfUtils.java:logGet(43)) - raft.server.log.appender.buffer.byte-limit = 33554432 (custom)
2019-07-03 21:52:34,969 INFO  server.RaftServerConfigKeys (ConfUtils.java:logGet(43)) - raft.server.log.segment.size.max = 1048576 (custom)
2019-07-03 21:52:34,969 INFO  server.RaftServerConfigKeys (ConfUtils.java:logGet(43)) - raft.server.log.segment.cache.num.max = 2 (custom)
2019-07-03 21:52:34,969 INFO  segmented.SegmentedRaftLogWorker (SegmentedRaftLogWorker.java:<init>(172)) - new 898502b4-69b2-4a30-a059-3a3017708dba-SegmentedRaftLogWorker:Storage Directory /opt/src/hadoop-ozone/integration-test/target/test-dir/MiniOzoneClusterImpl-2099d4c0-78ce-4f64-ac72-c6d22be8b9de/datanode-0/data/ratis/3b681c5e-2d4f-4393-84d2-c63ab2166216 for RaftStorage:Storage Directory /opt/src/hadoop-ozone/integration-test/target/test-dir/MiniOzoneClusterImpl-2099d4c0-78ce-4f64-ac72-c6d22be8b9de/datanode-0/data/ratis/3b681c5e-2d4f-4393-84d2-c63ab2166216
2019-07-03 21:52:34,969 INFO  server.RaftServerConfigKeys (ConfUtils.java:logGet(43)) - raft.server.log.queue.byte-limit = 2147483647 (custom)
2019-07-03 21:52:34,969 INFO  server.RaftServerConfigKeys (ConfUtils.java:logGet(43)) - raft.server.log.queue.element-limit = 1024 (custom)
2019-07-03 21:52:34,970 INFO  server.RaftServerConfigKeys (ConfUtils.java:logGet(43)) - raft.server.log.segment.size.max = 1048576 (custom)
2019-07-03 21:52:34,970 INFO  server.RaftServerConfigKeys (ConfUtils.java:logGet(43)) - raft.server.log.preallocated.size = 16384 (custom)
2019-07-03 21:52:34,970 INFO  server.RaftServerConfigKeys (ConfUtils.java:logGet(43)) - raft.server.log.write.buffer.size = 33554432 (custom)
2019-07-03 21:52:34,970 INFO  server.RaftServerConfigKeys (ConfUtils.java:logGet(43)) - raft.server.log.force.sync.num = 128 (default)
2019-07-03 21:52:34,970 INFO  server.RaftServerConfigKeys (ConfUtils.java:logGet(43)) - raft.server.log.statemachine.data.sync = true (default)
2019-07-03 21:52:34,971 INFO  server.RaftServerConfigKeys (ConfUtils.java:logGet(43)) - raft.server.log.statemachine.data.sync.timeout = 10s (default)
2019-07-03 21:52:34,971 INFO  server.RaftServerConfigKeys (ConfUtils.java:logGet(43)) - raft.server.log.statemachine.data.sync.timeout.retry = -1 (default)
2019-07-03 21:52:34,971 INFO  server.RaftServerConfigKeys (ConfUtils.java:logGet(43)) - raft.server.log.statemachine.data.caching.enabled = true (custom)
2019-07-03 21:52:34,972 INFO  segmented.SegmentedRaftLogWorker (SegmentedRaftLogWorker.java:lambda$new$0(132)) - 898502b4-69b2-4a30-a059-3a3017708dba-SegmentedRaftLogWorker:Storage Directory /opt/src/hadoop-ozone/integration-test/target/test-dir/MiniOzoneClusterImpl-2099d4c0-78ce-4f64-ac72-c6d22be8b9de/datanode-0/data/ratis/3b681c5e-2d4f-4393-84d2-c63ab2166216: flushIndex: setUnconditionally 0 -> -1
2019-07-03 21:52:34,972 INFO  server.RaftServerConfigKeys (ConfUtils.java:logGet(43)) - raft.server.snapshot.auto.trigger.enabled = true (custom)
2019-07-03 21:52:34,972 INFO  server.RaftServerConfigKeys (ConfUtils.java:logGet(43)) - raft.server.snapshot.auto.trigger.threshold = 10000 (custom)
2019-07-03 21:52:34,972 INFO  server.RaftServerConfigKeys (ConfUtils.java:logGet(43)) - raft.server.retrycache.expirytime = 600000ms (custom)
2019-07-03 21:52:34,973 INFO  impl.RaftServerImpl (RaftServerImpl.java:start(180)) - 898502b4-69b2-4a30-a059-3a3017708dba: start group-C63AB2166216
2019-07-03 21:52:34,973 INFO  impl.RaftServerImpl (RaftServerImpl.java:setRole(171)) - 898502b4-69b2-4a30-a059-3a3017708dba:group-C63AB2166216 changes role from null to FOLLOWER at term 0 for startAsFollower
2019-07-03 21:52:34,973 INFO  impl.RoleInfo (RoleInfo.java:updateAndGet(143)) - 898502b4-69b2-4a30-a059-3a3017708dba: start FollowerState
2019-07-03 21:52:34,974 INFO  util.JmxRegister (JmxRegister.java:tryRegister(44)) - Successfully registered JMX Bean with object name Ratis:service=RaftServer,group=group-C63AB2166216,id=898502b4-69b2-4a30-a059-3a3017708dba
2019-07-03 21:52:34,982 INFO  pipeline.PipelineStateManager (PipelineStateManager.java:addPipeline(56)) - Created pipeline Pipeline[ Id: 3b681c5e-2d4f-4393-84d2-c63ab2166216, Nodes: 898502b4-69b2-4a30-a059-3a3017708dba{ip: 192.168.157.197, host: ozone-hdds-1735-k2n2p-4288536111, networkLocation: /default-rack, certSerialId: null}, Type:RATIS, Factor:ONE, State:OPEN]
2019-07-03 21:52:35,226 INFO  background.BlockDeletingService (BlockDeletingService.java:getTasks(123)) - Plan to choose 10 containers for block deletion, actually returns 5 valid containers.
2019-07-03 21:52:35,227 ERROR utils.ContainerCache (ContainerCache.java:getDB(137)) - Error opening DB. Container:1 ContainerPath:/opt/src/hadoop-ozone/integration-test/target/test-dir/MiniOzoneClusterImpl-a761fe1f-0c0e-47cb-a611-f8332fccf762/datanode-0/data/containers/hdds/5e8e6293-46cb-4cd3-b79f-910131fb7ceb/current/containerDir0/1/metadata/1-dn-container.db
java.io.IOException: Failed init RocksDB, db path : /opt/src/hadoop-ozone/integration-test/target/test-dir/MiniOzoneClusterImpl-a761fe1f-0c0e-47cb-a611-f8332fccf762/datanode-0/data/containers/hdds/5e8e6293-46cb-4cd3-b79f-910131fb7ceb/current/containerDir0/1/metadata/1-dn-container.db
	at org.apache.hadoop.utils.RocksDBStore.<init>(RocksDBStore.java:87)
	at org.apache.hadoop.utils.MetadataStoreBuilder.build(MetadataStoreBuilder.java:137)
	at org.apache.hadoop.ozone.container.common.utils.ContainerCache.getDB(ContainerCache.java:129)
	at org.apache.hadoop.ozone.container.keyvalue.helpers.BlockUtils.getDB(BlockUtils.java:77)
	at org.apache.hadoop.ozone.container.keyvalue.statemachine.background.BlockDeletingService$BlockDeletingTask.call(BlockDeletingService.java:188)
	at org.apache.hadoop.ozone.container.keyvalue.statemachine.background.BlockDeletingService$BlockDeletingTask.call(BlockDeletingService.java:172)
	at java.util.concurrent.FutureTask.run(FutureTask.java:266)
	at java.util.concurrent.Executors$RunnableAdapter.call(Executors.java:511)
	at java.util.concurrent.FutureTask.run(FutureTask.java:266)
	at java.util.concurrent.Executors$RunnableAdapter.call(Executors.java:511)
	at java.util.concurrent.FutureTask.run(FutureTask.java:266)
	at java.util.concurrent.ScheduledThreadPoolExecutor$ScheduledFutureTask.access$201(ScheduledThreadPoolExecutor.java:180)
	at java.util.concurrent.ScheduledThreadPoolExecutor$ScheduledFutureTask.run(ScheduledThreadPoolExecutor.java:293)
	at java.util.concurrent.ThreadPoolExecutor.runWorker(ThreadPoolExecutor.java:1149)
	at java.util.concurrent.ThreadPoolExecutor$Worker.run(ThreadPoolExecutor.java:624)
	at java.lang.Thread.run(Thread.java:748)
Caused by: org.rocksdb.RocksDBException: While mkdir if missing: /opt/src/hadoop-ozone/integration-test/target/test-dir/MiniOzoneClusterImpl-a761fe1f-0c0e-47cb-a611-f8332fccf762/datanode-0/data/containers/hdds/5e8e6293-46cb-4cd3-b79f-910131fb7ceb/current/containerDir0/1/metadata/1-dn-container.db: No such file or directory
	at org.rocksdb.RocksDB.open(Native Method)
	at org.rocksdb.RocksDB.open(RocksDB.java:235)
	at org.apache.hadoop.utils.RocksDBStore.<init>(RocksDBStore.java:71)
	... 15 more
2019-07-03 21:52:35,229 ERROR utils.ContainerCache (ContainerCache.java:getDB(137)) - Error opening DB. Container:5 ContainerPath:/opt/src/hadoop-ozone/integration-test/target/test-dir/MiniOzoneClusterImpl-a761fe1f-0c0e-47cb-a611-f8332fccf762/datanode-0/data/containers/hdds/5e8e6293-46cb-4cd3-b79f-910131fb7ceb/current/containerDir0/5/metadata/5-dn-container.db
java.io.IOException: Failed init RocksDB, db path : /opt/src/hadoop-ozone/integration-test/target/test-dir/MiniOzoneClusterImpl-a761fe1f-0c0e-47cb-a611-f8332fccf762/datanode-0/data/containers/hdds/5e8e6293-46cb-4cd3-b79f-910131fb7ceb/current/containerDir0/5/metadata/5-dn-container.db
	at org.apache.hadoop.utils.RocksDBStore.<init>(RocksDBStore.java:87)
	at org.apache.hadoop.utils.MetadataStoreBuilder.build(MetadataStoreBuilder.java:137)
	at org.apache.hadoop.ozone.container.common.utils.ContainerCache.getDB(ContainerCache.java:129)
	at org.apache.hadoop.ozone.container.keyvalue.helpers.BlockUtils.getDB(BlockUtils.java:77)
	at org.apache.hadoop.ozone.container.keyvalue.statemachine.background.BlockDeletingService$BlockDeletingTask.call(BlockDeletingService.java:188)
	at org.apache.hadoop.ozone.container.keyvalue.statemachine.background.BlockDeletingService$BlockDeletingTask.call(BlockDeletingService.java:172)
	at java.util.concurrent.FutureTask.run(FutureTask.java:266)
	at java.util.concurrent.Executors$RunnableAdapter.call(Executors.java:511)
	at java.util.concurrent.FutureTask.run(FutureTask.java:266)
	at java.util.concurrent.Executors$RunnableAdapter.call(Executors.java:511)
	at java.util.concurrent.FutureTask.run(FutureTask.java:266)
	at java.util.concurrent.ScheduledThreadPoolExecutor$ScheduledFutureTask.access$201(ScheduledThreadPoolExecutor.java:180)
	at java.util.concurrent.ScheduledThreadPoolExecutor$ScheduledFutureTask.run(ScheduledThreadPoolExecutor.java:293)
	at java.util.concurrent.ThreadPoolExecutor.runWorker(ThreadPoolExecutor.java:1149)
	at java.util.concurrent.ThreadPoolExecutor$Worker.run(ThreadPoolExecutor.java:624)
	at java.lang.Thread.run(Thread.java:748)
Caused by: org.rocksdb.RocksDBException: While mkdir if missing: /opt/src/hadoop-ozone/integration-test/target/test-dir/MiniOzoneClusterImpl-a761fe1f-0c0e-47cb-a611-f8332fccf762/datanode-0/data/containers/hdds/5e8e6293-46cb-4cd3-b79f-910131fb7ceb/current/containerDir0/5/metadata/5-dn-container.db: No such file or directory
	at org.rocksdb.RocksDB.open(Native Method)
	at org.rocksdb.RocksDB.open(RocksDB.java:235)
	at org.apache.hadoop.utils.RocksDBStore.<init>(RocksDBStore.java:71)
	... 15 more
2019-07-03 21:52:35,229 WARN  utils.BackgroundService (BackgroundService.java:lambda$run$0(135)) - Background task fails to execute, retrying in next interval
java.util.concurrent.ExecutionException: org.apache.hadoop.hdds.scm.container.common.helpers.StorageContainerException: Error opening DB. Container:5 ContainerPath:/opt/src/hadoop-ozone/integration-test/target/test-dir/MiniOzoneClusterImpl-a761fe1f-0c0e-47cb-a611-f8332fccf762/datanode-0/data/containers/hdds/5e8e6293-46cb-4cd3-b79f-910131fb7ceb/current/containerDir0/5/metadata/5-dn-container.db
	at java.util.concurrent.FutureTask.report(FutureTask.java:122)
	at java.util.concurrent.FutureTask.get(FutureTask.java:206)
	at org.apache.hadoop.utils.BackgroundService$PeriodicalTask.lambda$run$0(BackgroundService.java:129)
	at java.util.stream.ForEachOps$ForEachOp$OfRef.accept(ForEachOps.java:184)
	at java.util.ArrayList$ArrayListSpliterator.forEachRemaining(ArrayList.java:1382)
	at java.util.stream.AbstractPipeline.copyInto(AbstractPipeline.java:482)
	at java.util.stream.ForEachOps$ForEachTask.compute(ForEachOps.java:291)
	at java.util.concurrent.CountedCompleter.exec(CountedCompleter.java:731)
	at java.util.concurrent.ForkJoinTask.doExec(ForkJoinTask.java:289)
	at java.util.concurrent.ForkJoinPool$WorkQueue.runTask(ForkJoinPool.java:1056)
	at java.util.concurrent.ForkJoinPool.runWorker(ForkJoinPool.java:1692)
	at java.util.concurrent.ForkJoinWorkerThread.run(ForkJoinWorkerThread.java:157)
Caused by: org.apache.hadoop.hdds.scm.container.common.helpers.StorageContainerException: Error opening DB. Container:5 ContainerPath:/opt/src/hadoop-ozone/integration-test/target/test-dir/MiniOzoneClusterImpl-a761fe1f-0c0e-47cb-a611-f8332fccf762/datanode-0/data/containers/hdds/5e8e6293-46cb-4cd3-b79f-910131fb7ceb/current/containerDir0/5/metadata/5-dn-container.db
	at org.apache.hadoop.ozone.container.keyvalue.helpers.BlockUtils.getDB(BlockUtils.java:84)
	at org.apache.hadoop.ozone.container.keyvalue.statemachine.background.BlockDeletingService$BlockDeletingTask.call(BlockDeletingService.java:188)
	at org.apache.hadoop.ozone.container.keyvalue.statemachine.background.BlockDeletingService$BlockDeletingTask.call(BlockDeletingService.java:172)
	at java.util.concurrent.FutureTask.run(FutureTask.java:266)
	at java.util.concurrent.Executors$RunnableAdapter.call(Executors.java:511)
	at java.util.concurrent.FutureTask.run(FutureTask.java:266)
	at java.util.concurrent.Executors$RunnableAdapter.call(Executors.java:511)
	at java.util.concurrent.FutureTask.run(FutureTask.java:266)
	at java.util.concurrent.ScheduledThreadPoolExecutor$ScheduledFutureTask.access$201(ScheduledThreadPoolExecutor.java:180)
	at java.util.concurrent.ScheduledThreadPoolExecutor$ScheduledFutureTask.run(ScheduledThreadPoolExecutor.java:293)
	at java.util.concurrent.ThreadPoolExecutor.runWorker(ThreadPoolExecutor.java:1149)
	at java.util.concurrent.ThreadPoolExecutor$Worker.run(ThreadPoolExecutor.java:624)
	at java.lang.Thread.run(Thread.java:748)
2019-07-03 21:52:35,230 ERROR utils.ContainerCache (ContainerCache.java:getDB(137)) - Error opening DB. Container:4 ContainerPath:/opt/src/hadoop-ozone/integration-test/target/test-dir/MiniOzoneClusterImpl-a761fe1f-0c0e-47cb-a611-f8332fccf762/datanode-0/data/containers/hdds/5e8e6293-46cb-4cd3-b79f-910131fb7ceb/current/containerDir0/4/metadata/4-dn-container.db
java.io.IOException: Failed init RocksDB, db path : /opt/src/hadoop-ozone/integration-test/target/test-dir/MiniOzoneClusterImpl-a761fe1f-0c0e-47cb-a611-f8332fccf762/datanode-0/data/containers/hdds/5e8e6293-46cb-4cd3-b79f-910131fb7ceb/current/containerDir0/4/metadata/4-dn-container.db
	at org.apache.hadoop.utils.RocksDBStore.<init>(RocksDBStore.java:87)
	at org.apache.hadoop.utils.MetadataStoreBuilder.build(MetadataStoreBuilder.java:137)
	at org.apache.hadoop.ozone.container.common.utils.ContainerCache.getDB(ContainerCache.java:129)
	at org.apache.hadoop.ozone.container.keyvalue.helpers.BlockUtils.getDB(BlockUtils.java:77)
	at org.apache.hadoop.ozone.container.keyvalue.statemachine.background.BlockDeletingService$BlockDeletingTask.call(BlockDeletingService.java:188)
	at org.apache.hadoop.ozone.container.keyvalue.statemachine.background.BlockDeletingService$BlockDeletingTask.call(BlockDeletingService.java:172)
	at java.util.concurrent.FutureTask.run(FutureTask.java:266)
	at java.util.concurrent.Executors$RunnableAdapter.call(Executors.java:511)
	at java.util.concurrent.FutureTask.run(FutureTask.java:266)
	at java.util.concurrent.Executors$RunnableAdapter.call(Executors.java:511)
	at java.util.concurrent.FutureTask.run(FutureTask.java:266)
	at java.util.concurrent.ScheduledThreadPoolExecutor$ScheduledFutureTask.access$201(ScheduledThreadPoolExecutor.java:180)
	at java.util.concurrent.ScheduledThreadPoolExecutor$ScheduledFutureTask.run(ScheduledThreadPoolExecutor.java:293)
	at java.util.concurrent.ThreadPoolExecutor.runWorker(ThreadPoolExecutor.java:1149)
	at java.util.concurrent.ThreadPoolExecutor$Worker.run(ThreadPoolExecutor.java:624)
	at java.lang.Thread.run(Thread.java:748)
Caused by: org.rocksdb.RocksDBException: While mkdir if missing: /opt/src/hadoop-ozone/integration-test/target/test-dir/MiniOzoneClusterImpl-a761fe1f-0c0e-47cb-a611-f8332fccf762/datanode-0/data/containers/hdds/5e8e6293-46cb-4cd3-b79f-910131fb7ceb/current/containerDir0/4/metadata/4-dn-container.db: No such file or directory
	at org.rocksdb.RocksDB.open(Native Method)
	at org.rocksdb.RocksDB.open(RocksDB.java:235)
	at org.apache.hadoop.utils.RocksDBStore.<init>(RocksDBStore.java:71)
	... 15 more
2019-07-03 21:52:35,231 WARN  utils.BackgroundService (BackgroundService.java:lambda$run$0(135)) - Background task fails to execute, retrying in next interval
java.util.concurrent.ExecutionException: org.apache.hadoop.hdds.scm.container.common.helpers.StorageContainerException: Error opening DB. Container:1 ContainerPath:/opt/src/hadoop-ozone/integration-test/target/test-dir/MiniOzoneClusterImpl-a761fe1f-0c0e-47cb-a611-f8332fccf762/datanode-0/data/containers/hdds/5e8e6293-46cb-4cd3-b79f-910131fb7ceb/current/containerDir0/1/metadata/1-dn-container.db
	at java.util.concurrent.FutureTask.report(FutureTask.java:122)
	at java.util.concurrent.FutureTask.get(FutureTask.java:206)
	at org.apache.hadoop.utils.BackgroundService$PeriodicalTask.lambda$run$0(BackgroundService.java:129)
	at java.util.stream.ForEachOps$ForEachOp$OfRef.accept(ForEachOps.java:184)
	at java.util.ArrayList$ArrayListSpliterator.forEachRemaining(ArrayList.java:1382)
	at java.util.stream.AbstractPipeline.copyInto(AbstractPipeline.java:482)
	at java.util.stream.ForEachOps$ForEachTask.compute(ForEachOps.java:291)
	at java.util.concurrent.CountedCompleter.exec(CountedCompleter.java:731)
	at java.util.concurrent.ForkJoinTask.doExec(ForkJoinTask.java:289)
	at java.util.concurrent.ForkJoinPool$WorkQueue.execLocalTasks(ForkJoinPool.java:1040)
	at java.util.concurrent.ForkJoinPool$WorkQueue.runTask(ForkJoinPool.java:1058)
	at java.util.concurrent.ForkJoinPool.runWorker(ForkJoinPool.java:1692)
	at java.util.concurrent.ForkJoinWorkerThread.run(ForkJoinWorkerThread.java:157)
Caused by: org.apache.hadoop.hdds.scm.container.common.helpers.StorageContainerException: Error opening DB. Container:1 ContainerPath:/opt/src/hadoop-ozone/integration-test/target/test-dir/MiniOzoneClusterImpl-a761fe1f-0c0e-47cb-a611-f8332fccf762/datanode-0/data/containers/hdds/5e8e6293-46cb-4cd3-b79f-910131fb7ceb/current/containerDir0/1/metadata/1-dn-container.db
	at org.apache.hadoop.ozone.container.keyvalue.helpers.BlockUtils.getDB(BlockUtils.java:84)
	at org.apache.hadoop.ozone.container.keyvalue.statemachine.background.BlockDeletingService$BlockDeletingTask.call(BlockDeletingService.java:188)
	at org.apache.hadoop.ozone.container.keyvalue.statemachine.background.BlockDeletingService$BlockDeletingTask.call(BlockDeletingService.java:172)
	at java.util.concurrent.FutureTask.run(FutureTask.java:266)
	at java.util.concurrent.Executors$RunnableAdapter.call(Executors.java:511)
	at java.util.concurrent.FutureTask.run(FutureTask.java:266)
	at java.util.concurrent.Executors$RunnableAdapter.call(Executors.java:511)
	at java.util.concurrent.FutureTask.run(FutureTask.java:266)
	at java.util.concurrent.ScheduledThreadPoolExecutor$ScheduledFutureTask.access$201(ScheduledThreadPoolExecutor.java:180)
	at java.util.concurrent.ScheduledThreadPoolExecutor$ScheduledFutureTask.run(ScheduledThreadPoolExecutor.java:293)
	at java.util.concurrent.ThreadPoolExecutor.runWorker(ThreadPoolExecutor.java:1149)
	at java.util.concurrent.ThreadPoolExecutor$Worker.run(ThreadPoolExecutor.java:624)
	at java.lang.Thread.run(Thread.java:748)
2019-07-03 21:52:35,233 ERROR utils.ContainerCache (ContainerCache.java:getDB(137)) - Error opening DB. Container:3 ContainerPath:/opt/src/hadoop-ozone/integration-test/target/test-dir/MiniOzoneClusterImpl-a761fe1f-0c0e-47cb-a611-f8332fccf762/datanode-0/data/containers/hdds/5e8e6293-46cb-4cd3-b79f-910131fb7ceb/current/containerDir0/3/metadata/3-dn-container.db
java.io.IOException: Failed init RocksDB, db path : /opt/src/hadoop-ozone/integration-test/target/test-dir/MiniOzoneClusterImpl-a761fe1f-0c0e-47cb-a611-f8332fccf762/datanode-0/data/containers/hdds/5e8e6293-46cb-4cd3-b79f-910131fb7ceb/current/containerDir0/3/metadata/3-dn-container.db
	at org.apache.hadoop.utils.RocksDBStore.<init>(RocksDBStore.java:87)
	at org.apache.hadoop.utils.MetadataStoreBuilder.build(MetadataStoreBuilder.java:137)
	at org.apache.hadoop.ozone.container.common.utils.ContainerCache.getDB(ContainerCache.java:129)
	at org.apache.hadoop.ozone.container.keyvalue.helpers.BlockUtils.getDB(BlockUtils.java:77)
	at org.apache.hadoop.ozone.container.keyvalue.statemachine.background.BlockDeletingService$BlockDeletingTask.call(BlockDeletingService.java:188)
	at org.apache.hadoop.ozone.container.keyvalue.statemachine.background.BlockDeletingService$BlockDeletingTask.call(BlockDeletingService.java:172)
	at java.util.concurrent.FutureTask.run(FutureTask.java:266)
	at java.util.concurrent.Executors$RunnableAdapter.call(Executors.java:511)
	at java.util.concurrent.FutureTask.run(FutureTask.java:266)
	at java.util.concurrent.Executors$RunnableAdapter.call(Executors.java:511)
	at java.util.concurrent.FutureTask.run(FutureTask.java:266)
	at java.util.concurrent.ScheduledThreadPoolExecutor$ScheduledFutureTask.access$201(ScheduledThreadPoolExecutor.java:180)
	at java.util.concurrent.ScheduledThreadPoolExecutor$ScheduledFutureTask.run(ScheduledThreadPoolExecutor.java:293)
	at java.util.concurrent.ThreadPoolExecutor.runWorker(ThreadPoolExecutor.java:1149)
	at java.util.concurrent.ThreadPoolExecutor$Worker.run(ThreadPoolExecutor.java:624)
	at java.lang.Thread.run(Thread.java:748)
Caused by: org.rocksdb.RocksDBException: While mkdir if missing: /opt/src/hadoop-ozone/integration-test/target/test-dir/MiniOzoneClusterImpl-a761fe1f-0c0e-47cb-a611-f8332fccf762/datanode-0/data/containers/hdds/5e8e6293-46cb-4cd3-b79f-910131fb7ceb/current/containerDir0/3/metadata/3-dn-container.db: No such file or directory
	at org.rocksdb.RocksDB.open(Native Method)
	at org.rocksdb.RocksDB.open(RocksDB.java:235)
	at org.apache.hadoop.utils.RocksDBStore.<init>(RocksDBStore.java:71)
	... 15 more
2019-07-03 21:52:35,231 WARN  utils.BackgroundService (BackgroundService.java:lambda$run$0(135)) - Background task fails to execute, retrying in next interval
java.util.concurrent.ExecutionException: org.apache.hadoop.hdds.scm.container.common.helpers.StorageContainerException: Error opening DB. Container:4 ContainerPath:/opt/src/hadoop-ozone/integration-test/target/test-dir/MiniOzoneClusterImpl-a761fe1f-0c0e-47cb-a611-f8332fccf762/datanode-0/data/containers/hdds/5e8e6293-46cb-4cd3-b79f-910131fb7ceb/current/containerDir0/4/metadata/4-dn-container.db
	at java.util.concurrent.FutureTask.report(FutureTask.java:122)
	at java.util.concurrent.FutureTask.get(FutureTask.java:206)
	at org.apache.hadoop.utils.BackgroundService$PeriodicalTask.lambda$run$0(BackgroundService.java:129)
	at java.util.stream.ForEachOps$ForEachOp$OfRef.accept(ForEachOps.java:184)
	at java.util.ArrayList$ArrayListSpliterator.forEachRemaining(ArrayList.java:1382)
	at java.util.stream.AbstractPipeline.copyInto(AbstractPipeline.java:482)
	at java.util.stream.ForEachOps$ForEachTask.compute(ForEachOps.java:291)
	at java.util.concurrent.CountedCompleter.exec(CountedCompleter.java:731)
	at java.util.concurrent.ForkJoinTask.doExec(ForkJoinTask.java:289)
	at java.util.concurrent.ForkJoinTask.doInvoke(ForkJoinTask.java:401)
	at java.util.concurrent.ForkJoinTask.invoke(ForkJoinTask.java:734)
	at java.util.stream.ForEachOps$ForEachOp.evaluateParallel(ForEachOps.java:160)
	at java.util.stream.ForEachOps$ForEachOp$OfRef.evaluateParallel(ForEachOps.java:174)
	at java.util.stream.AbstractPipeline.evaluate(AbstractPipeline.java:233)
	at java.util.stream.ReferencePipeline.forEach(ReferencePipeline.java:418)
	at java.util.stream.ReferencePipeline$Head.forEach(ReferencePipeline.java:583)
	at org.apache.hadoop.utils.BackgroundService$PeriodicalTask.run(BackgroundService.java:125)
	at java.util.concurrent.Executors$RunnableAdapter.call(Executors.java:511)
	at java.util.concurrent.FutureTask.runAndReset(FutureTask.java:308)
	at java.util.concurrent.ScheduledThreadPoolExecutor$ScheduledFutureTask.access$301(ScheduledThreadPoolExecutor.java:180)
	at java.util.concurrent.ScheduledThreadPoolExecutor$ScheduledFutureTask.run(ScheduledThreadPoolExecutor.java:294)
	at java.util.concurrent.ThreadPoolExecutor.runWorker(ThreadPoolExecutor.java:1149)
	at java.util.concurrent.ThreadPoolExecutor$Worker.run(ThreadPoolExecutor.java:624)
	at java.lang.Thread.run(Thread.java:748)
Caused by: org.apache.hadoop.hdds.scm.container.common.helpers.StorageContainerException: Error opening DB. Container:4 ContainerPath:/opt/src/hadoop-ozone/integration-test/target/test-dir/MiniOzoneClusterImpl-a761fe1f-0c0e-47cb-a611-f8332fccf762/datanode-0/data/containers/hdds/5e8e6293-46cb-4cd3-b79f-910131fb7ceb/current/containerDir0/4/metadata/4-dn-container.db
	at org.apache.hadoop.ozone.container.keyvalue.helpers.BlockUtils.getDB(BlockUtils.java:84)
	at org.apache.hadoop.ozone.container.keyvalue.statemachine.background.BlockDeletingService$BlockDeletingTask.call(BlockDeletingService.java:188)
	at org.apache.hadoop.ozone.container.keyvalue.statemachine.background.BlockDeletingService$BlockDeletingTask.call(BlockDeletingService.java:172)
	at java.util.concurrent.FutureTask.run(FutureTask.java:266)
	at java.util.concurrent.Executors$RunnableAdapter.call(Executors.java:511)
	at java.util.concurrent.FutureTask.run(FutureTask.java:266)
	at java.util.concurrent.Executors$RunnableAdapter.call(Executors.java:511)
	at java.util.concurrent.FutureTask.run(FutureTask.java:266)
	at java.util.concurrent.ScheduledThreadPoolExecutor$ScheduledFutureTask.access$201(ScheduledThreadPoolExecutor.java:180)
	at java.util.concurrent.ScheduledThreadPoolExecutor$ScheduledFutureTask.run(ScheduledThreadPoolExecutor.java:293)
	... 3 more
2019-07-03 21:52:35,234 ERROR utils.ContainerCache (ContainerCache.java:getDB(137)) - Error opening DB. Container:2 ContainerPath:/opt/src/hadoop-ozone/integration-test/target/test-dir/MiniOzoneClusterImpl-a761fe1f-0c0e-47cb-a611-f8332fccf762/datanode-0/data/containers/hdds/5e8e6293-46cb-4cd3-b79f-910131fb7ceb/current/containerDir0/2/metadata/2-dn-container.db
java.io.IOException: Failed init RocksDB, db path : /opt/src/hadoop-ozone/integration-test/target/test-dir/MiniOzoneClusterImpl-a761fe1f-0c0e-47cb-a611-f8332fccf762/datanode-0/data/containers/hdds/5e8e6293-46cb-4cd3-b79f-910131fb7ceb/current/containerDir0/2/metadata/2-dn-container.db
	at org.apache.hadoop.utils.RocksDBStore.<init>(RocksDBStore.java:87)
	at org.apache.hadoop.utils.MetadataStoreBuilder.build(MetadataStoreBuilder.java:137)
	at org.apache.hadoop.ozone.container.common.utils.ContainerCache.getDB(ContainerCache.java:129)
	at org.apache.hadoop.ozone.container.keyvalue.helpers.BlockUtils.getDB(BlockUtils.java:77)
	at org.apache.hadoop.ozone.container.keyvalue.statemachine.background.BlockDeletingService$BlockDeletingTask.call(BlockDeletingService.java:188)
	at org.apache.hadoop.ozone.container.keyvalue.statemachine.background.BlockDeletingService$BlockDeletingTask.call(BlockDeletingService.java:172)
	at java.util.concurrent.FutureTask.run(FutureTask.java:266)
	at java.util.concurrent.Executors$RunnableAdapter.call(Executors.java:511)
	at java.util.concurrent.FutureTask.run(FutureTask.java:266)
	at java.util.concurrent.Executors$RunnableAdapter.call(Executors.java:511)
	at java.util.concurrent.FutureTask.run(FutureTask.java:266)
	at java.util.concurrent.ScheduledThreadPoolExecutor$ScheduledFutureTask.access$201(ScheduledThreadPoolExecutor.java:180)
	at java.util.concurrent.ScheduledThreadPoolExecutor$ScheduledFutureTask.run(ScheduledThreadPoolExecutor.java:293)
	at java.util.concurrent.ThreadPoolExecutor.runWorker(ThreadPoolExecutor.java:1149)
	at java.util.concurrent.ThreadPoolExecutor$Worker.run(ThreadPoolExecutor.java:624)
	at java.lang.Thread.run(Thread.java:748)
Caused by: org.rocksdb.RocksDBException: While mkdir if missing: /opt/src/hadoop-ozone/integration-test/target/test-dir/MiniOzoneClusterImpl-a761fe1f-0c0e-47cb-a611-f8332fccf762/datanode-0/data/containers/hdds/5e8e6293-46cb-4cd3-b79f-910131fb7ceb/current/containerDir0/2/metadata/2-dn-container.db: No such file or directory
	at org.rocksdb.RocksDB.open(Native Method)
	at org.rocksdb.RocksDB.open(RocksDB.java:235)
	at org.apache.hadoop.utils.RocksDBStore.<init>(RocksDBStore.java:71)
	... 15 more
2019-07-03 21:52:35,235 WARN  utils.BackgroundService (BackgroundService.java:lambda$run$0(135)) - Background task fails to execute, retrying in next interval
java.util.concurrent.ExecutionException: org.apache.hadoop.hdds.scm.container.common.helpers.StorageContainerException: Error opening DB. Container:3 ContainerPath:/opt/src/hadoop-ozone/integration-test/target/test-dir/MiniOzoneClusterImpl-a761fe1f-0c0e-47cb-a611-f8332fccf762/datanode-0/data/containers/hdds/5e8e6293-46cb-4cd3-b79f-910131fb7ceb/current/containerDir0/3/metadata/3-dn-container.db
	at java.util.concurrent.FutureTask.report(FutureTask.java:122)
	at java.util.concurrent.FutureTask.get(FutureTask.java:206)
	at org.apache.hadoop.utils.BackgroundService$PeriodicalTask.lambda$run$0(BackgroundService.java:129)
	at java.util.stream.ForEachOps$ForEachOp$OfRef.accept(ForEachOps.java:184)
	at java.util.ArrayList$ArrayListSpliterator.forEachRemaining(ArrayList.java:1382)
	at java.util.stream.AbstractPipeline.copyInto(AbstractPipeline.java:482)
	at java.util.stream.ForEachOps$ForEachTask.compute(ForEachOps.java:291)
	at java.util.concurrent.CountedCompleter.exec(CountedCompleter.java:731)
	at java.util.concurrent.ForkJoinTask.doExec(ForkJoinTask.java:289)
	at java.util.concurrent.ForkJoinPool$WorkQueue.pollAndExecCC(ForkJoinPool.java:1190)
	at java.util.concurrent.ForkJoinPool.helpComplete(ForkJoinPool.java:1879)
	at java.util.concurrent.ForkJoinPool.externalHelpComplete(ForkJoinPool.java:2467)
	at java.util.concurrent.ForkJoinTask.externalAwaitDone(ForkJoinTask.java:324)
	at java.util.concurrent.ForkJoinTask.doInvoke(ForkJoinTask.java:405)
	at java.util.concurrent.ForkJoinTask.invoke(ForkJoinTask.java:734)
	at java.util.stream.ForEachOps$ForEachOp.evaluateParallel(ForEachOps.java:160)
	at java.util.stream.ForEachOps$ForEachOp$OfRef.evaluateParallel(ForEachOps.java:174)
	at java.util.stream.AbstractPipeline.evaluate(AbstractPipeline.java:233)
	at java.util.stream.ReferencePipeline.forEach(ReferencePipeline.java:418)
	at java.util.stream.ReferencePipeline$Head.forEach(ReferencePipeline.java:583)
	at org.apache.hadoop.utils.BackgroundService$PeriodicalTask.run(BackgroundService.java:125)
	at java.util.concurrent.Executors$RunnableAdapter.call(Executors.java:511)
	at java.util.concurrent.FutureTask.runAndReset(FutureTask.java:308)
	at java.util.concurrent.ScheduledThreadPoolExecutor$ScheduledFutureTask.access$301(ScheduledThreadPoolExecutor.java:180)
	at java.util.concurrent.ScheduledThreadPoolExecutor$ScheduledFutureTask.run(ScheduledThreadPoolExecutor.java:294)
	at java.util.concurrent.ThreadPoolExecutor.runWorker(ThreadPoolExecutor.java:1149)
	at java.util.concurrent.ThreadPoolExecutor$Worker.run(ThreadPoolExecutor.java:624)
	at java.lang.Thread.run(Thread.java:748)
Caused by: org.apache.hadoop.hdds.scm.container.common.helpers.StorageContainerException: Error opening DB. Container:3 ContainerPath:/opt/src/hadoop-ozone/integration-test/target/test-dir/MiniOzoneClusterImpl-a761fe1f-0c0e-47cb-a611-f8332fccf762/datanode-0/data/containers/hdds/5e8e6293-46cb-4cd3-b79f-910131fb7ceb/current/containerDir0/3/metadata/3-dn-container.db
	at org.apache.hadoop.ozone.container.keyvalue.helpers.BlockUtils.getDB(BlockUtils.java:84)
	at org.apache.hadoop.ozone.container.keyvalue.statemachine.background.BlockDeletingService$BlockDeletingTask.call(BlockDeletingService.java:188)
	at org.apache.hadoop.ozone.container.keyvalue.statemachine.background.BlockDeletingService$BlockDeletingTask.call(BlockDeletingService.java:172)
	at java.util.concurrent.FutureTask.run(FutureTask.java:266)
	at java.util.concurrent.Executors$RunnableAdapter.call(Executors.java:511)
	at java.util.concurrent.FutureTask.run(FutureTask.java:266)
	at java.util.concurrent.Executors$RunnableAdapter.call(Executors.java:511)
	at java.util.concurrent.FutureTask.run(FutureTask.java:266)
	at java.util.concurrent.ScheduledThreadPoolExecutor$ScheduledFutureTask.access$201(ScheduledThreadPoolExecutor.java:180)
	at java.util.concurrent.ScheduledThreadPoolExecutor$ScheduledFutureTask.run(ScheduledThreadPoolExecutor.java:293)
	... 3 more
2019-07-03 21:52:35,236 WARN  utils.BackgroundService (BackgroundService.java:lambda$run$0(135)) - Background task fails to execute, retrying in next interval
java.util.concurrent.ExecutionException: org.apache.hadoop.hdds.scm.container.common.helpers.StorageContainerException: Error opening DB. Container:2 ContainerPath:/opt/src/hadoop-ozone/integration-test/target/test-dir/MiniOzoneClusterImpl-a761fe1f-0c0e-47cb-a611-f8332fccf762/datanode-0/data/containers/hdds/5e8e6293-46cb-4cd3-b79f-910131fb7ceb/current/containerDir0/2/metadata/2-dn-container.db
	at java.util.concurrent.FutureTask.report(FutureTask.java:122)
	at java.util.concurrent.FutureTask.get(FutureTask.java:206)
	at org.apache.hadoop.utils.BackgroundService$PeriodicalTask.lambda$run$0(BackgroundService.java:129)
	at java.util.stream.ForEachOps$ForEachOp$OfRef.accept(ForEachOps.java:184)
	at java.util.ArrayList$ArrayListSpliterator.forEachRemaining(ArrayList.java:1382)
	at java.util.stream.AbstractPipeline.copyInto(AbstractPipeline.java:482)
	at java.util.stream.ForEachOps$ForEachTask.compute(ForEachOps.java:291)
	at java.util.concurrent.CountedCompleter.exec(CountedCompleter.java:731)
	at java.util.concurrent.ForkJoinTask.doExec(ForkJoinTask.java:289)
	at java.util.concurrent.ForkJoinPool$WorkQueue.runTask(ForkJoinPool.java:1056)
	at java.util.concurrent.ForkJoinPool.runWorker(ForkJoinPool.java:1692)
	at java.util.concurrent.ForkJoinWorkerThread.run(ForkJoinWorkerThread.java:157)
Caused by: org.apache.hadoop.hdds.scm.container.common.helpers.StorageContainerException: Error opening DB. Container:2 ContainerPath:/opt/src/hadoop-ozone/integration-test/target/test-dir/MiniOzoneClusterImpl-a761fe1f-0c0e-47cb-a611-f8332fccf762/datanode-0/data/containers/hdds/5e8e6293-46cb-4cd3-b79f-910131fb7ceb/current/containerDir0/2/metadata/2-dn-container.db
	at org.apache.hadoop.ozone.container.keyvalue.helpers.BlockUtils.getDB(BlockUtils.java:84)
	at org.apache.hadoop.ozone.container.keyvalue.statemachine.background.BlockDeletingService$BlockDeletingTask.call(BlockDeletingService.java:188)
	at org.apache.hadoop.ozone.container.keyvalue.statemachine.background.BlockDeletingService$BlockDeletingTask.call(BlockDeletingService.java:172)
	at java.util.concurrent.FutureTask.run(FutureTask.java:266)
	at java.util.concurrent.Executors$RunnableAdapter.call(Executors.java:511)
	at java.util.concurrent.FutureTask.run(FutureTask.java:266)
	at java.util.concurrent.Executors$RunnableAdapter.call(Executors.java:511)
	at java.util.concurrent.FutureTask.run(FutureTask.java:266)
	at java.util.concurrent.ScheduledThreadPoolExecutor$ScheduledFutureTask.access$201(ScheduledThreadPoolExecutor.java:180)
	at java.util.concurrent.ScheduledThreadPoolExecutor$ScheduledFutureTask.run(ScheduledThreadPoolExecutor.java:293)
	at java.util.concurrent.ThreadPoolExecutor.runWorker(ThreadPoolExecutor.java:1149)
	at java.util.concurrent.ThreadPoolExecutor$Worker.run(ThreadPoolExecutor.java:624)
	at java.lang.Thread.run(Thread.java:748)
2019-07-03 21:52:35,912 INFO  ozone.MiniOzoneClusterImpl (MiniOzoneClusterImpl.java:lambda$waitForClusterToBeReady$0(142)) - Cluster is ready. Got 1 of 1 DN Heartbeats.
2019-07-03 21:52:36,015 INFO  impl.FollowerState (FollowerState.java:run(106)) - 898502b4-69b2-4a30-a059-3a3017708dba:group-C63AB2166216 changes to CANDIDATE, lastRpcTime:1041, electionTimeout:1041ms
2019-07-03 21:52:36,015 INFO  impl.RoleInfo (RoleInfo.java:shutdownFollowerState(121)) - 898502b4-69b2-4a30-a059-3a3017708dba: shutdown FollowerState
2019-07-03 21:52:36,015 INFO  impl.RaftServerImpl (RaftServerImpl.java:setRole(171)) - 898502b4-69b2-4a30-a059-3a3017708dba:group-C63AB2166216 changes role from FOLLOWER to CANDIDATE at term 0 for changeToCandidate
2019-07-03 21:52:36,015 INFO  impl.RoleInfo (RoleInfo.java:updateAndGet(143)) - 898502b4-69b2-4a30-a059-3a3017708dba: start LeaderElection
2019-07-03 21:52:36,039 INFO  impl.LeaderElection (LeaderElection.java:askForVotes(181)) - 898502b4-69b2-4a30-a059-3a3017708dba:group-C63AB2166216:LeaderElection2: begin an election at term 1 for -1: [898502b4-69b2-4a30-a059-3a3017708dba:192.168.157.197:33105], old=null
2019-07-03 21:52:36,039 INFO  impl.RoleInfo (RoleInfo.java:shutdownLeaderElection(134)) - 898502b4-69b2-4a30-a059-3a3017708dba: shutdown LeaderElection
2019-07-03 21:52:36,039 INFO  impl.RaftServerImpl (RaftServerImpl.java:setRole(171)) - 898502b4-69b2-4a30-a059-3a3017708dba:group-C63AB2166216 changes role from CANDIDATE to LEADER at term 1 for changeToLeader
2019-07-03 21:52:36,039 INFO  impl.RaftServerImpl (ServerState.java:setLeader(263)) - 898502b4-69b2-4a30-a059-3a3017708dba:group-C63AB2166216 change Leader from null to 898502b4-69b2-4a30-a059-3a3017708dba at term 1 for becomeLeader, leader elected after 1071ms
2019-07-03 21:52:36,040 INFO  server.RaftServerConfigKeys (ConfUtils.java:logGet(43)) - raft.server.staging.catchup.gap = 1000 (default)
2019-07-03 21:52:36,040 INFO  server.RaftServerConfigKeys (ConfUtils.java:logGet(43)) - raft.server.rpc.sleep.time = 25ms (default)
2019-07-03 21:52:36,040 INFO  server.RaftServerConfigKeys (ConfUtils.java:logGet(43)) - raft.server.write.element-limit = 4096 (default)
2019-07-03 21:52:36,040 INFO  server.RaftServerConfigKeys (ConfUtils.java:logGet(43)) - raft.server.watch.timeout = 10s (default)
2019-07-03 21:52:36,040 INFO  server.RaftServerConfigKeys (ConfUtils.java:logGet(43)) - raft.server.watch.timeout.denomination = 1s (default)
2019-07-03 21:52:36,040 INFO  server.RaftServerConfigKeys (ConfUtils.java:logGet(43)) - raft.server.watch.element-limit = 65536 (default)
2019-07-03 21:52:36,040 INFO  impl.RoleInfo (RoleInfo.java:updateAndGet(143)) - 898502b4-69b2-4a30-a059-3a3017708dba: start LeaderState
2019-07-03 21:52:36,040 INFO  segmented.SegmentedRaftLogWorker (SegmentedRaftLogWorker.java:startLogSegment(380)) - 898502b4-69b2-4a30-a059-3a3017708dba-SegmentedRaftLogWorker:Storage Directory /opt/src/hadoop-ozone/integration-test/target/test-dir/MiniOzoneClusterImpl-2099d4c0-78ce-4f64-ac72-c6d22be8b9de/datanode-0/data/ratis/3b681c5e-2d4f-4393-84d2-c63ab2166216: Starting segment from index:0
2019-07-03 21:52:36,041 INFO  impl.RaftServerImpl (ServerState.java:setRaftConf(361)) - 898502b4-69b2-4a30-a059-3a3017708dba:group-C63AB2166216 set configuration 0: [898502b4-69b2-4a30-a059-3a3017708dba:192.168.157.197:33105], old=null at 0
2019-07-03 21:52:36,069 INFO  segmented.SegmentedRaftLogWorker (SegmentedRaftLogWorker.java:execute(569)) - 898502b4-69b2-4a30-a059-3a3017708dba-SegmentedRaftLogWorker:Storage Directory /opt/src/hadoop-ozone/integration-test/target/test-dir/MiniOzoneClusterImpl-2099d4c0-78ce-4f64-ac72-c6d22be8b9de/datanode-0/data/ratis/3b681c5e-2d4f-4393-84d2-c63ab2166216: created new log segment /opt/src/hadoop-ozone/integration-test/target/test-dir/MiniOzoneClusterImpl-2099d4c0-78ce-4f64-ac72-c6d22be8b9de/datanode-0/data/ratis/3b681c5e-2d4f-4393-84d2-c63ab2166216/current/log_inprogress_0
2019-07-03 21:52:36,094 INFO  pipeline.PipelineStateManager (PipelineStateManager.java:addPipeline(56)) - Created pipeline Pipeline[ Id: 9aa9f712-04ea-4fcf-979e-d66eacc6db61, Nodes: 898502b4-69b2-4a30-a059-3a3017708dba{ip: 192.168.157.197, host: ozone-hdds-1735-k2n2p-4288536111, networkLocation: /default-rack, certSerialId: null}, Type:STAND_ALONE, Factor:ONE, State:OPEN]
2019-07-03 21:52:36,239 INFO  background.BlockDeletingService (BlockDeletingService.java:getTasks(123)) - Plan to choose 10 containers for block deletion, actually returns 5 valid containers.
2019-07-03 21:52:36,240 ERROR utils.ContainerCache (ContainerCache.java:getDB(137)) - Error opening DB. Container:1 ContainerPath:/opt/src/hadoop-ozone/integration-test/target/test-dir/MiniOzoneClusterImpl-a761fe1f-0c0e-47cb-a611-f8332fccf762/datanode-0/data/containers/hdds/5e8e6293-46cb-4cd3-b79f-910131fb7ceb/current/containerDir0/1/metadata/1-dn-container.db
java.io.IOException: Failed init RocksDB, db path : /opt/src/hadoop-ozone/integration-test/target/test-dir/MiniOzoneClusterImpl-a761fe1f-0c0e-47cb-a611-f8332fccf762/datanode-0/data/containers/hdds/5e8e6293-46cb-4cd3-b79f-910131fb7ceb/current/containerDir0/1/metadata/1-dn-container.db
	at org.apache.hadoop.utils.RocksDBStore.<init>(RocksDBStore.java:87)
	at org.apache.hadoop.utils.MetadataStoreBuilder.build(MetadataStoreBuilder.java:137)
	at org.apache.hadoop.ozone.container.common.utils.ContainerCache.getDB(ContainerCache.java:129)
	at org.apache.hadoop.ozone.container.keyvalue.helpers.BlockUtils.getDB(BlockUtils.java:77)
	at org.apache.hadoop.ozone.container.keyvalue.statemachine.background.BlockDeletingService$BlockDeletingTask.call(BlockDeletingService.java:188)
	at org.apache.hadoop.ozone.container.keyvalue.statemachine.background.BlockDeletingService$BlockDeletingTask.call(BlockDeletingService.java:172)
	at java.util.concurrent.FutureTask.run(FutureTask.java:266)
	at java.util.concurrent.Executors$RunnableAdapter.call(Executors.java:511)
	at java.util.concurrent.FutureTask.run(FutureTask.java:266)
	at java.util.concurrent.Executors$RunnableAdapter.call(Executors.java:511)
	at java.util.concurrent.FutureTask.run(FutureTask.java:266)
	at java.util.concurrent.ScheduledThreadPoolExecutor$ScheduledFutureTask.access$201(ScheduledThreadPoolExecutor.java:180)
	at java.util.concurrent.ScheduledThreadPoolExecutor$ScheduledFutureTask.run(ScheduledThreadPoolExecutor.java:293)
	at java.util.concurrent.ThreadPoolExecutor.runWorker(ThreadPoolExecutor.java:1149)
	at java.util.concurrent.ThreadPoolExecutor$Worker.run(ThreadPoolExecutor.java:624)
	at java.lang.Thread.run(Thread.java:748)
Caused by: org.rocksdb.RocksDBException: While mkdir if missing: /opt/src/hadoop-ozone/integration-test/target/test-dir/MiniOzoneClusterImpl-a761fe1f-0c0e-47cb-a611-f8332fccf762/datanode-0/data/containers/hdds/5e8e6293-46cb-4cd3-b79f-910131fb7ceb/current/containerDir0/1/metadata/1-dn-container.db: No such file or directory
	at org.rocksdb.RocksDB.open(Native Method)
	at org.rocksdb.RocksDB.open(RocksDB.java:235)
	at org.apache.hadoop.utils.RocksDBStore.<init>(RocksDBStore.java:71)
	... 15 more
2019-07-03 21:52:36,241 ERROR utils.ContainerCache (ContainerCache.java:getDB(137)) - Error opening DB. Container:5 ContainerPath:/opt/src/hadoop-ozone/integration-test/target/test-dir/MiniOzoneClusterImpl-a761fe1f-0c0e-47cb-a611-f8332fccf762/datanode-0/data/containers/hdds/5e8e6293-46cb-4cd3-b79f-910131fb7ceb/current/containerDir0/5/metadata/5-dn-container.db
java.io.IOException: Failed init RocksDB, db path : /opt/src/hadoop-ozone/integration-test/target/test-dir/MiniOzoneClusterImpl-a761fe1f-0c0e-47cb-a611-f8332fccf762/datanode-0/data/containers/hdds/5e8e6293-46cb-4cd3-b79f-910131fb7ceb/current/containerDir0/5/metadata/5-dn-container.db
	at org.apache.hadoop.utils.RocksDBStore.<init>(RocksDBStore.java:87)
	at org.apache.hadoop.utils.MetadataStoreBuilder.build(MetadataStoreBuilder.java:137)
	at org.apache.hadoop.ozone.container.common.utils.ContainerCache.getDB(ContainerCache.java:129)
	at org.apache.hadoop.ozone.container.keyvalue.helpers.BlockUtils.getDB(BlockUtils.java:77)
	at org.apache.hadoop.ozone.container.keyvalue.statemachine.background.BlockDeletingService$BlockDeletingTask.call(BlockDeletingService.java:188)
	at org.apache.hadoop.ozone.container.keyvalue.statemachine.background.BlockDeletingService$BlockDeletingTask.call(BlockDeletingService.java:172)
	at java.util.concurrent.FutureTask.run(FutureTask.java:266)
	at java.util.concurrent.Executors$RunnableAdapter.call(Executors.java:511)
	at java.util.concurrent.FutureTask.run(FutureTask.java:266)
	at java.util.concurrent.Executors$RunnableAdapter.call(Executors.java:511)
	at java.util.concurrent.FutureTask.run(FutureTask.java:266)
	at java.util.concurrent.ScheduledThreadPoolExecutor$ScheduledFutureTask.access$201(ScheduledThreadPoolExecutor.java:180)
	at java.util.concurrent.ScheduledThreadPoolExecutor$ScheduledFutureTask.run(ScheduledThreadPoolExecutor.java:293)
	at java.util.concurrent.ThreadPoolExecutor.runWorker(ThreadPoolExecutor.java:1149)
	at java.util.concurrent.ThreadPoolExecutor$Worker.run(ThreadPoolExecutor.java:624)
	at java.lang.Thread.run(Thread.java:748)
Caused by: org.rocksdb.RocksDBException: While mkdir if missing: /opt/src/hadoop-ozone/integration-test/target/test-dir/MiniOzoneClusterImpl-a761fe1f-0c0e-47cb-a611-f8332fccf762/datanode-0/data/containers/hdds/5e8e6293-46cb-4cd3-b79f-910131fb7ceb/current/containerDir0/5/metadata/5-dn-container.db: No such file or directory
	at org.rocksdb.RocksDB.open(Native Method)
	at org.rocksdb.RocksDB.open(RocksDB.java:235)
	at org.apache.hadoop.utils.RocksDBStore.<init>(RocksDBStore.java:71)
	... 15 more
2019-07-03 21:52:36,242 WARN  utils.BackgroundService (BackgroundService.java:lambda$run$0(135)) - Background task fails to execute, retrying in next interval
java.util.concurrent.ExecutionException: org.apache.hadoop.hdds.scm.container.common.helpers.StorageContainerException: Error opening DB. Container:5 ContainerPath:/opt/src/hadoop-ozone/integration-test/target/test-dir/MiniOzoneClusterImpl-a761fe1f-0c0e-47cb-a611-f8332fccf762/datanode-0/data/containers/hdds/5e8e6293-46cb-4cd3-b79f-910131fb7ceb/current/containerDir0/5/metadata/5-dn-container.db
	at java.util.concurrent.FutureTask.report(FutureTask.java:122)
	at java.util.concurrent.FutureTask.get(FutureTask.java:206)
	at org.apache.hadoop.utils.BackgroundService$PeriodicalTask.lambda$run$0(BackgroundService.java:129)
	at java.util.stream.ForEachOps$ForEachOp$OfRef.accept(ForEachOps.java:184)
	at java.util.ArrayList$ArrayListSpliterator.forEachRemaining(ArrayList.java:1382)
	at java.util.stream.AbstractPipeline.copyInto(AbstractPipeline.java:482)
	at java.util.stream.ForEachOps$ForEachTask.compute(ForEachOps.java:291)
	at java.util.concurrent.CountedCompleter.exec(CountedCompleter.java:731)
	at java.util.concurrent.ForkJoinTask.doExec(ForkJoinTask.java:289)
	at java.util.concurrent.ForkJoinPool$WorkQueue.runTask(ForkJoinPool.java:1056)
	at java.util.concurrent.ForkJoinPool.runWorker(ForkJoinPool.java:1692)
	at java.util.concurrent.ForkJoinWorkerThread.run(ForkJoinWorkerThread.java:157)
Caused by: org.apache.hadoop.hdds.scm.container.common.helpers.StorageContainerException: Error opening DB. Container:5 ContainerPath:/opt/src/hadoop-ozone/integration-test/target/test-dir/MiniOzoneClusterImpl-a761fe1f-0c0e-47cb-a611-f8332fccf762/datanode-0/data/containers/hdds/5e8e6293-46cb-4cd3-b79f-910131fb7ceb/current/containerDir0/5/metadata/5-dn-container.db
	at org.apache.hadoop.ozone.container.keyvalue.helpers.BlockUtils.getDB(BlockUtils.java:84)
	at org.apache.hadoop.ozone.container.keyvalue.statemachine.background.BlockDeletingService$BlockDeletingTask.call(BlockDeletingService.java:188)
	at org.apache.hadoop.ozone.container.keyvalue.statemachine.background.BlockDeletingService$BlockDeletingTask.call(BlockDeletingService.java:172)
	at java.util.concurrent.FutureTask.run(FutureTask.java:266)
	at java.util.concurrent.Executors$RunnableAdapter.call(Executors.java:511)
	at java.util.concurrent.FutureTask.run(FutureTask.java:266)
	at java.util.concurrent.Executors$RunnableAdapter.call(Executors.java:511)
	at java.util.concurrent.FutureTask.run(FutureTask.java:266)
	at java.util.concurrent.ScheduledThreadPoolExecutor$ScheduledFutureTask.access$201(ScheduledThreadPoolExecutor.java:180)
	at java.util.concurrent.ScheduledThreadPoolExecutor$ScheduledFutureTask.run(ScheduledThreadPoolExecutor.java:293)
	at java.util.concurrent.ThreadPoolExecutor.runWorker(ThreadPoolExecutor.java:1149)
	at java.util.concurrent.ThreadPoolExecutor$Worker.run(ThreadPoolExecutor.java:624)
	at java.lang.Thread.run(Thread.java:748)
2019-07-03 21:52:36,243 ERROR utils.ContainerCache (ContainerCache.java:getDB(137)) - Error opening DB. Container:4 ContainerPath:/opt/src/hadoop-ozone/integration-test/target/test-dir/MiniOzoneClusterImpl-a761fe1f-0c0e-47cb-a611-f8332fccf762/datanode-0/data/containers/hdds/5e8e6293-46cb-4cd3-b79f-910131fb7ceb/current/containerDir0/4/metadata/4-dn-container.db
java.io.IOException: Failed init RocksDB, db path : /opt/src/hadoop-ozone/integration-test/target/test-dir/MiniOzoneClusterImpl-a761fe1f-0c0e-47cb-a611-f8332fccf762/datanode-0/data/containers/hdds/5e8e6293-46cb-4cd3-b79f-910131fb7ceb/current/containerDir0/4/metadata/4-dn-container.db
	at org.apache.hadoop.utils.RocksDBStore.<init>(RocksDBStore.java:87)
	at org.apache.hadoop.utils.MetadataStoreBuilder.build(MetadataStoreBuilder.java:137)
	at org.apache.hadoop.ozone.container.common.utils.ContainerCache.getDB(ContainerCache.java:129)
	at org.apache.hadoop.ozone.container.keyvalue.helpers.BlockUtils.getDB(BlockUtils.java:77)
	at org.apache.hadoop.ozone.container.keyvalue.statemachine.background.BlockDeletingService$BlockDeletingTask.call(BlockDeletingService.java:188)
	at org.apache.hadoop.ozone.container.keyvalue.statemachine.background.BlockDeletingService$BlockDeletingTask.call(BlockDeletingService.java:172)
	at java.util.concurrent.FutureTask.run(FutureTask.java:266)
	at java.util.concurrent.Executors$RunnableAdapter.call(Executors.java:511)
	at java.util.concurrent.FutureTask.run(FutureTask.java:266)
	at java.util.concurrent.Executors$RunnableAdapter.call(Executors.java:511)
	at java.util.concurrent.FutureTask.run(FutureTask.java:266)
	at java.util.concurrent.ScheduledThreadPoolExecutor$ScheduledFutureTask.access$201(ScheduledThreadPoolExecutor.java:180)
	at java.util.concurrent.ScheduledThreadPoolExecutor$ScheduledFutureTask.run(ScheduledThreadPoolExecutor.java:293)
	at java.util.concurrent.ThreadPoolExecutor.runWorker(ThreadPoolExecutor.java:1149)
	at java.util.concurrent.ThreadPoolExecutor$Worker.run(ThreadPoolExecutor.java:624)
	at java.lang.Thread.run(Thread.java:748)
Caused by: org.rocksdb.RocksDBException: While mkdir if missing: /opt/src/hadoop-ozone/integration-test/target/test-dir/MiniOzoneClusterImpl-a761fe1f-0c0e-47cb-a611-f8332fccf762/datanode-0/data/containers/hdds/5e8e6293-46cb-4cd3-b79f-910131fb7ceb/current/containerDir0/4/metadata/4-dn-container.db: No such file or directory
	at org.rocksdb.RocksDB.open(Native Method)
	at org.rocksdb.RocksDB.open(RocksDB.java:235)
	at org.apache.hadoop.utils.RocksDBStore.<init>(RocksDBStore.java:71)
	... 15 more
2019-07-03 21:52:36,244 WARN  utils.BackgroundService (BackgroundService.java:lambda$run$0(135)) - Background task fails to execute, retrying in next interval
java.util.concurrent.ExecutionException: org.apache.hadoop.hdds.scm.container.common.helpers.StorageContainerException: Error opening DB. Container:1 ContainerPath:/opt/src/hadoop-ozone/integration-test/target/test-dir/MiniOzoneClusterImpl-a761fe1f-0c0e-47cb-a611-f8332fccf762/datanode-0/data/containers/hdds/5e8e6293-46cb-4cd3-b79f-910131fb7ceb/current/containerDir0/1/metadata/1-dn-container.db
	at java.util.concurrent.FutureTask.report(FutureTask.java:122)
	at java.util.concurrent.FutureTask.get(FutureTask.java:206)
	at org.apache.hadoop.utils.BackgroundService$PeriodicalTask.lambda$run$0(BackgroundService.java:129)
	at java.util.stream.ForEachOps$ForEachOp$OfRef.accept(ForEachOps.java:184)
	at java.util.ArrayList$ArrayListSpliterator.forEachRemaining(ArrayList.java:1382)
	at java.util.stream.AbstractPipeline.copyInto(AbstractPipeline.java:482)
	at java.util.stream.ForEachOps$ForEachTask.compute(ForEachOps.java:291)
	at java.util.concurrent.CountedCompleter.exec(CountedCompleter.java:731)
	at java.util.concurrent.ForkJoinTask.doExec(ForkJoinTask.java:289)
	at java.util.concurrent.ForkJoinPool$WorkQueue.execLocalTasks(ForkJoinPool.java:1040)
	at java.util.concurrent.ForkJoinPool$WorkQueue.runTask(ForkJoinPool.java:1058)
	at java.util.concurrent.ForkJoinPool.runWorker(ForkJoinPool.java:1692)
	at java.util.concurrent.ForkJoinWorkerThread.run(ForkJoinWorkerThread.java:157)
Caused by: org.apache.hadoop.hdds.scm.container.common.helpers.StorageContainerException: Error opening DB. Container:1 ContainerPath:/opt/src/hadoop-ozone/integration-test/target/test-dir/MiniOzoneClusterImpl-a761fe1f-0c0e-47cb-a611-f8332fccf762/datanode-0/data/containers/hdds/5e8e6293-46cb-4cd3-b79f-910131fb7ceb/current/containerDir0/1/metadata/1-dn-container.db
	at org.apache.hadoop.ozone.container.keyvalue.helpers.BlockUtils.getDB(BlockUtils.java:84)
	at org.apache.hadoop.ozone.container.keyvalue.statemachine.background.BlockDeletingService$BlockDeletingTask.call(BlockDeletingService.java:188)
	at org.apache.hadoop.ozone.container.keyvalue.statemachine.background.BlockDeletingService$BlockDeletingTask.call(BlockDeletingService.java:172)
	at java.util.concurrent.FutureTask.run(FutureTask.java:266)
	at java.util.concurrent.Executors$RunnableAdapter.call(Executors.java:511)
	at java.util.concurrent.FutureTask.run(FutureTask.java:266)
	at java.util.concurrent.Executors$RunnableAdapter.call(Executors.java:511)
	at java.util.concurrent.FutureTask.run(FutureTask.java:266)
	at java.util.concurrent.ScheduledThreadPoolExecutor$ScheduledFutureTask.access$201(ScheduledThreadPoolExecutor.java:180)
	at java.util.concurrent.ScheduledThreadPoolExecutor$ScheduledFutureTask.run(ScheduledThreadPoolExecutor.java:293)
	at java.util.concurrent.ThreadPoolExecutor.runWorker(ThreadPoolExecutor.java:1149)
	at java.util.concurrent.ThreadPoolExecutor$Worker.run(ThreadPoolExecutor.java:624)
	at java.lang.Thread.run(Thread.java:748)
2019-07-03 21:52:36,245 ERROR utils.ContainerCache (ContainerCache.java:getDB(137)) - Error opening DB. Container:3 ContainerPath:/opt/src/hadoop-ozone/integration-test/target/test-dir/MiniOzoneClusterImpl-a761fe1f-0c0e-47cb-a611-f8332fccf762/datanode-0/data/containers/hdds/5e8e6293-46cb-4cd3-b79f-910131fb7ceb/current/containerDir0/3/metadata/3-dn-container.db
java.io.IOException: Failed init RocksDB, db path : /opt/src/hadoop-ozone/integration-test/target/test-dir/MiniOzoneClusterImpl-a761fe1f-0c0e-47cb-a611-f8332fccf762/datanode-0/data/containers/hdds/5e8e6293-46cb-4cd3-b79f-910131fb7ceb/current/containerDir0/3/metadata/3-dn-container.db
	at org.apache.hadoop.utils.RocksDBStore.<init>(RocksDBStore.java:87)
	at org.apache.hadoop.utils.MetadataStoreBuilder.build(MetadataStoreBuilder.java:137)
	at org.apache.hadoop.ozone.container.common.utils.ContainerCache.getDB(ContainerCache.java:129)
	at org.apache.hadoop.ozone.container.keyvalue.helpers.BlockUtils.getDB(BlockUtils.java:77)
	at org.apache.hadoop.ozone.container.keyvalue.statemachine.background.BlockDeletingService$BlockDeletingTask.call(BlockDeletingService.java:188)
	at org.apache.hadoop.ozone.container.keyvalue.statemachine.background.BlockDeletingService$BlockDeletingTask.call(BlockDeletingService.java:172)
	at java.util.concurrent.FutureTask.run(FutureTask.java:266)
	at java.util.concurrent.Executors$RunnableAdapter.call(Executors.java:511)
	at java.util.concurrent.FutureTask.run(FutureTask.java:266)
	at java.util.concurrent.Executors$RunnableAdapter.call(Executors.java:511)
	at java.util.concurrent.FutureTask.run(FutureTask.java:266)
	at java.util.concurrent.ScheduledThreadPoolExecutor$ScheduledFutureTask.access$201(ScheduledThreadPoolExecutor.java:180)
	at java.util.concurrent.ScheduledThreadPoolExecutor$ScheduledFutureTask.run(ScheduledThreadPoolExecutor.java:293)
	at java.util.concurrent.ThreadPoolExecutor.runWorker(ThreadPoolExecutor.java:1149)
	at java.util.concurrent.ThreadPoolExecutor$Worker.run(ThreadPoolExecutor.java:624)
	at java.lang.Thread.run(Thread.java:748)
Caused by: org.rocksdb.RocksDBException: While mkdir if missing: /opt/src/hadoop-ozone/integration-test/target/test-dir/MiniOzoneClusterImpl-a761fe1f-0c0e-47cb-a611-f8332fccf762/datanode-0/data/containers/hdds/5e8e6293-46cb-4cd3-b79f-910131fb7ceb/current/containerDir0/3/metadata/3-dn-container.db: No such file or directory
	at org.rocksdb.RocksDB.open(Native Method)
	at org.rocksdb.RocksDB.open(RocksDB.java:235)
	at org.apache.hadoop.utils.RocksDBStore.<init>(RocksDBStore.java:71)
	... 15 more
2019-07-03 21:52:36,244 WARN  utils.BackgroundService (BackgroundService.java:lambda$run$0(135)) - Background task fails to execute, retrying in next interval
java.util.concurrent.ExecutionException: org.apache.hadoop.hdds.scm.container.common.helpers.StorageContainerException: Error opening DB. Container:4 ContainerPath:/opt/src/hadoop-ozone/integration-test/target/test-dir/MiniOzoneClusterImpl-a761fe1f-0c0e-47cb-a611-f8332fccf762/datanode-0/data/containers/hdds/5e8e6293-46cb-4cd3-b79f-910131fb7ceb/current/containerDir0/4/metadata/4-dn-container.db
	at java.util.concurrent.FutureTask.report(FutureTask.java:122)
	at java.util.concurrent.FutureTask.get(FutureTask.java:206)
	at org.apache.hadoop.utils.BackgroundService$PeriodicalTask.lambda$run$0(BackgroundService.java:129)
	at java.util.stream.ForEachOps$ForEachOp$OfRef.accept(ForEachOps.java:184)
	at java.util.ArrayList$ArrayListSpliterator.forEachRemaining(ArrayList.java:1382)
	at java.util.stream.AbstractPipeline.copyInto(AbstractPipeline.java:482)
	at java.util.stream.ForEachOps$ForEachTask.compute(ForEachOps.java:291)
	at java.util.concurrent.CountedCompleter.exec(CountedCompleter.java:731)
	at java.util.concurrent.ForkJoinTask.doExec(ForkJoinTask.java:289)
	at java.util.concurrent.ForkJoinTask.doInvoke(ForkJoinTask.java:401)
	at java.util.concurrent.ForkJoinTask.invoke(ForkJoinTask.java:734)
	at java.util.stream.ForEachOps$ForEachOp.evaluateParallel(ForEachOps.java:160)
	at java.util.stream.ForEachOps$ForEachOp$OfRef.evaluateParallel(ForEachOps.java:174)
	at java.util.stream.AbstractPipeline.evaluate(AbstractPipeline.java:233)
	at java.util.stream.ReferencePipeline.forEach(ReferencePipeline.java:418)
	at java.util.stream.ReferencePipeline$Head.forEach(ReferencePipeline.java:583)
	at org.apache.hadoop.utils.BackgroundService$PeriodicalTask.run(BackgroundService.java:125)
	at java.util.concurrent.Executors$RunnableAdapter.call(Executors.java:511)
	at java.util.concurrent.FutureTask.runAndReset(FutureTask.java:308)
	at java.util.concurrent.ScheduledThreadPoolExecutor$ScheduledFutureTask.access$301(ScheduledThreadPoolExecutor.java:180)
	at java.util.concurrent.ScheduledThreadPoolExecutor$ScheduledFutureTask.run(ScheduledThreadPoolExecutor.java:294)
	at java.util.concurrent.ThreadPoolExecutor.runWorker(ThreadPoolExecutor.java:1149)
	at java.util.concurrent.ThreadPoolExecutor$Worker.run(ThreadPoolExecutor.java:624)
	at java.lang.Thread.run(Thread.java:748)
Caused by: org.apache.hadoop.hdds.scm.container.common.helpers.StorageContainerException: Error opening DB. Container:4 ContainerPath:/opt/src/hadoop-ozone/integration-test/target/test-dir/MiniOzoneClusterImpl-a761fe1f-0c0e-47cb-a611-f8332fccf762/datanode-0/data/containers/hdds/5e8e6293-46cb-4cd3-b79f-910131fb7ceb/current/containerDir0/4/metadata/4-dn-container.db
	at org.apache.hadoop.ozone.container.keyvalue.helpers.BlockUtils.getDB(BlockUtils.java:84)
	at org.apache.hadoop.ozone.container.keyvalue.statemachine.background.BlockDeletingService$BlockDeletingTask.call(BlockDeletingService.java:188)
	at org.apache.hadoop.ozone.container.keyvalue.statemachine.background.BlockDeletingService$BlockDeletingTask.call(BlockDeletingService.java:172)
	at java.util.concurrent.FutureTask.run(FutureTask.java:266)
	at java.util.concurrent.Executors$RunnableAdapter.call(Executors.java:511)
	at java.util.concurrent.FutureTask.run(FutureTask.java:266)
	at java.util.concurrent.Executors$RunnableAdapter.call(Executors.java:511)
	at java.util.concurrent.FutureTask.run(FutureTask.java:266)
	at java.util.concurrent.ScheduledThreadPoolExecutor$ScheduledFutureTask.access$201(ScheduledThreadPoolExecutor.java:180)
	at java.util.concurrent.ScheduledThreadPoolExecutor$ScheduledFutureTask.run(ScheduledThreadPoolExecutor.java:293)
	... 3 more
2019-07-03 21:52:36,248 ERROR utils.ContainerCache (ContainerCache.java:getDB(137)) - Error opening DB. Container:2 ContainerPath:/opt/src/hadoop-ozone/integration-test/target/test-dir/MiniOzoneClusterImpl-a761fe1f-0c0e-47cb-a611-f8332fccf762/datanode-0/data/containers/hdds/5e8e6293-46cb-4cd3-b79f-910131fb7ceb/current/containerDir0/2/metadata/2-dn-container.db
java.io.IOException: Failed init RocksDB, db path : /opt/src/hadoop-ozone/integration-test/target/test-dir/MiniOzoneClusterImpl-a761fe1f-0c0e-47cb-a611-f8332fccf762/datanode-0/data/containers/hdds/5e8e6293-46cb-4cd3-b79f-910131fb7ceb/current/containerDir0/2/metadata/2-dn-container.db
	at org.apache.hadoop.utils.RocksDBStore.<init>(RocksDBStore.java:87)
	at org.apache.hadoop.utils.MetadataStoreBuilder.build(MetadataStoreBuilder.java:137)
	at org.apache.hadoop.ozone.container.common.utils.ContainerCache.getDB(ContainerCache.java:129)
	at org.apache.hadoop.ozone.container.keyvalue.helpers.BlockUtils.getDB(BlockUtils.java:77)
	at org.apache.hadoop.ozone.container.keyvalue.statemachine.background.BlockDeletingService$BlockDeletingTask.call(BlockDeletingService.java:188)
	at org.apache.hadoop.ozone.container.keyvalue.statemachine.background.BlockDeletingService$BlockDeletingTask.call(BlockDeletingService.java:172)
	at java.util.concurrent.FutureTask.run(FutureTask.java:266)
	at java.util.concurrent.Executors$RunnableAdapter.call(Executors.java:511)
	at java.util.concurrent.FutureTask.run(FutureTask.java:266)
	at java.util.concurrent.Executors$RunnableAdapter.call(Executors.java:511)
	at java.util.concurrent.FutureTask.run(FutureTask.java:266)
	at java.util.concurrent.ScheduledThreadPoolExecutor$ScheduledFutureTask.access$201(ScheduledThreadPoolExecutor.java:180)
	at java.util.concurrent.ScheduledThreadPoolExecutor$ScheduledFutureTask.run(ScheduledThreadPoolExecutor.java:293)
	at java.util.concurrent.ThreadPoolExecutor.runWorker(ThreadPoolExecutor.java:1149)
	at java.util.concurrent.ThreadPoolExecutor$Worker.run(ThreadPoolExecutor.java:624)
	at java.lang.Thread.run(Thread.java:748)
Caused by: org.rocksdb.RocksDBException: While mkdir if missing: /opt/src/hadoop-ozone/integration-test/target/test-dir/MiniOzoneClusterImpl-a761fe1f-0c0e-47cb-a611-f8332fccf762/datanode-0/data/containers/hdds/5e8e6293-46cb-4cd3-b79f-910131fb7ceb/current/containerDir0/2/metadata/2-dn-container.db: No such file or directory
	at org.rocksdb.RocksDB.open(Native Method)
	at org.rocksdb.RocksDB.open(RocksDB.java:235)
	at org.apache.hadoop.utils.RocksDBStore.<init>(RocksDBStore.java:71)
	... 15 more
2019-07-03 21:52:36,248 WARN  utils.BackgroundService (BackgroundService.java:lambda$run$0(135)) - Background task fails to execute, retrying in next interval
java.util.concurrent.ExecutionException: org.apache.hadoop.hdds.scm.container.common.helpers.StorageContainerException: Error opening DB. Container:3 ContainerPath:/opt/src/hadoop-ozone/integration-test/target/test-dir/MiniOzoneClusterImpl-a761fe1f-0c0e-47cb-a611-f8332fccf762/datanode-0/data/containers/hdds/5e8e6293-46cb-4cd3-b79f-910131fb7ceb/current/containerDir0/3/metadata/3-dn-container.db
	at java.util.concurrent.FutureTask.report(FutureTask.java:122)
	at java.util.concurrent.FutureTask.get(FutureTask.java:206)
	at org.apache.hadoop.utils.BackgroundService$PeriodicalTask.lambda$run$0(BackgroundService.java:129)
	at java.util.stream.ForEachOps$ForEachOp$OfRef.accept(ForEachOps.java:184)
	at java.util.ArrayList$ArrayListSpliterator.forEachRemaining(ArrayList.java:1382)
	at java.util.stream.AbstractPipeline.copyInto(AbstractPipeline.java:482)
	at java.util.stream.ForEachOps$ForEachTask.compute(ForEachOps.java:291)
	at java.util.concurrent.CountedCompleter.exec(CountedCompleter.java:731)
	at java.util.concurrent.ForkJoinTask.doExec(ForkJoinTask.java:289)
	at java.util.concurrent.ForkJoinPool$WorkQueue.pollAndExecCC(ForkJoinPool.java:1190)
	at java.util.concurrent.ForkJoinPool.helpComplete(ForkJoinPool.java:1879)
	at java.util.concurrent.ForkJoinPool.externalHelpComplete(ForkJoinPool.java:2467)
	at java.util.concurrent.ForkJoinTask.externalAwaitDone(ForkJoinTask.java:324)
	at java.util.concurrent.ForkJoinTask.doInvoke(ForkJoinTask.java:405)
	at java.util.concurrent.ForkJoinTask.invoke(ForkJoinTask.java:734)
	at java.util.stream.ForEachOps$ForEachOp.evaluateParallel(ForEachOps.java:160)
	at java.util.stream.ForEachOps$ForEachOp$OfRef.evaluateParallel(ForEachOps.java:174)
	at java.util.stream.AbstractPipeline.evaluate(AbstractPipeline.java:233)
	at java.util.stream.ReferencePipeline.forEach(ReferencePipeline.java:418)
	at java.util.stream.ReferencePipeline$Head.forEach(ReferencePipeline.java:583)
	at org.apache.hadoop.utils.BackgroundService$PeriodicalTask.run(BackgroundService.java:125)
	at java.util.concurrent.Executors$RunnableAdapter.call(Executors.java:511)
	at java.util.concurrent.FutureTask.runAndReset(FutureTask.java:308)
	at java.util.concurrent.ScheduledThreadPoolExecutor$ScheduledFutureTask.access$301(ScheduledThreadPoolExecutor.java:180)
	at java.util.concurrent.ScheduledThreadPoolExecutor$ScheduledFutureTask.run(ScheduledThreadPoolExecutor.java:294)
	at java.util.concurrent.ThreadPoolExecutor.runWorker(ThreadPoolExecutor.java:1149)
	at java.util.concurrent.ThreadPoolExecutor$Worker.run(ThreadPoolExecutor.java:624)
	at java.lang.Thread.run(Thread.java:748)
Caused by: org.apache.hadoop.hdds.scm.container.common.helpers.StorageContainerException: Error opening DB. Container:3 ContainerPath:/opt/src/hadoop-ozone/integration-test/target/test-dir/MiniOzoneClusterImpl-a761fe1f-0c0e-47cb-a611-f8332fccf762/datanode-0/data/containers/hdds/5e8e6293-46cb-4cd3-b79f-910131fb7ceb/current/containerDir0/3/metadata/3-dn-container.db
	at org.apache.hadoop.ozone.container.keyvalue.helpers.BlockUtils.getDB(BlockUtils.java:84)
	at org.apache.hadoop.ozone.container.keyvalue.statemachine.background.BlockDeletingService$BlockDeletingTask.call(BlockDeletingService.java:188)
	at org.apache.hadoop.ozone.container.keyvalue.statemachine.background.BlockDeletingService$BlockDeletingTask.call(BlockDeletingService.java:172)
	at java.util.concurrent.FutureTask.run(FutureTask.java:266)
	at java.util.concurrent.Executors$RunnableAdapter.call(Executors.java:511)
	at java.util.concurrent.FutureTask.run(FutureTask.java:266)
	at java.util.concurrent.Executors$RunnableAdapter.call(Executors.java:511)
	at java.util.concurrent.FutureTask.run(FutureTask.java:266)
	at java.util.concurrent.ScheduledThreadPoolExecutor$ScheduledFutureTask.access$201(ScheduledThreadPoolExecutor.java:180)
	at java.util.concurrent.ScheduledThreadPoolExecutor$ScheduledFutureTask.run(ScheduledThreadPoolExecutor.java:293)
	... 3 more
2019-07-03 21:52:36,248 WARN  utils.BackgroundService (BackgroundService.java:lambda$run$0(135)) - Background task fails to execute, retrying in next interval
java.util.concurrent.ExecutionException: org.apache.hadoop.hdds.scm.container.common.helpers.StorageContainerException: Error opening DB. Container:2 ContainerPath:/opt/src/hadoop-ozone/integration-test/target/test-dir/MiniOzoneClusterImpl-a761fe1f-0c0e-47cb-a611-f8332fccf762/datanode-0/data/containers/hdds/5e8e6293-46cb-4cd3-b79f-910131fb7ceb/current/containerDir0/2/metadata/2-dn-container.db
	at java.util.concurrent.FutureTask.report(FutureTask.java:122)
	at java.util.concurrent.FutureTask.get(FutureTask.java:206)
	at org.apache.hadoop.utils.BackgroundService$PeriodicalTask.lambda$run$0(BackgroundService.java:129)
	at java.util.stream.ForEachOps$ForEachOp$OfRef.accept(ForEachOps.java:184)
	at java.util.ArrayList$ArrayListSpliterator.forEachRemaining(ArrayList.java:1382)
	at java.util.stream.AbstractPipeline.copyInto(AbstractPipeline.java:482)
	at java.util.stream.ForEachOps$ForEachTask.compute(ForEachOps.java:291)
	at java.util.concurrent.CountedCompleter.exec(CountedCompleter.java:731)
	at java.util.concurrent.ForkJoinTask.doExec(ForkJoinTask.java:289)
	at java.util.concurrent.ForkJoinPool$WorkQueue.runTask(ForkJoinPool.java:1056)
	at java.util.concurrent.ForkJoinPool.runWorker(ForkJoinPool.java:1692)
	at java.util.concurrent.ForkJoinWorkerThread.run(ForkJoinWorkerThread.java:157)
Caused by: org.apache.hadoop.hdds.scm.container.common.helpers.StorageContainerException: Error opening DB. Container:2 ContainerPath:/opt/src/hadoop-ozone/integration-test/target/test-dir/MiniOzoneClusterImpl-a761fe1f-0c0e-47cb-a611-f8332fccf762/datanode-0/data/containers/hdds/5e8e6293-46cb-4cd3-b79f-910131fb7ceb/current/containerDir0/2/metadata/2-dn-container.db
	at org.apache.hadoop.ozone.container.keyvalue.helpers.BlockUtils.getDB(BlockUtils.java:84)
	at org.apache.hadoop.ozone.container.keyvalue.statemachine.background.BlockDeletingService$BlockDeletingTask.call(BlockDeletingService.java:188)
	at org.apache.hadoop.ozone.container.keyvalue.statemachine.background.BlockDeletingService$BlockDeletingTask.call(BlockDeletingService.java:172)
	at java.util.concurrent.FutureTask.run(FutureTask.java:266)
	at java.util.concurrent.Executors$RunnableAdapter.call(Executors.java:511)
	at java.util.concurrent.FutureTask.run(FutureTask.java:266)
	at java.util.concurrent.Executors$RunnableAdapter.call(Executors.java:511)
	at java.util.concurrent.FutureTask.run(FutureTask.java:266)
	at java.util.concurrent.ScheduledThreadPoolExecutor$ScheduledFutureTask.access$201(ScheduledThreadPoolExecutor.java:180)
	at java.util.concurrent.ScheduledThreadPoolExecutor$ScheduledFutureTask.run(ScheduledThreadPoolExecutor.java:293)
	at java.util.concurrent.ThreadPoolExecutor.runWorker(ThreadPoolExecutor.java:1149)
	at java.util.concurrent.ThreadPoolExecutor$Worker.run(ThreadPoolExecutor.java:624)
	at java.lang.Thread.run(Thread.java:748)
2019-07-03 21:52:36,729 INFO  keyvalue.KeyValueHandler (ContainerUtils.java:logAndReturnError(146)) - Operation: CreateContainer : Trace ID: 7b596d7551cd2d12:7b596d7551cd2d12:0:0 : Message: Container creation failed, due to disk out of space : Result: DISK_OUT_OF_SPACE
21:52:36.730 [grpc-default-executor-1] ERROR DNAudit - user=null | ip=null | op=WRITE_CHUNK {blockData=conID: 6 locID: 102379733428207637 bcsId: 0} | ret=FAILURE
org.apache.hadoop.hdds.scm.container.common.helpers.StorageContainerException: ContainerID 6 creation failed
	at org.apache.hadoop.ozone.container.common.impl.HddsDispatcher.dispatchRequest(HddsDispatcher.java:227) [hadoop-hdds-container-service-0.5.0-SNAPSHOT.jar:?]
	at org.apache.hadoop.ozone.container.common.impl.HddsDispatcher.dispatch(HddsDispatcher.java:148) [hadoop-hdds-container-service-0.5.0-SNAPSHOT.jar:?]
	at org.apache.hadoop.ozone.container.common.transport.server.GrpcXceiverService$1.onNext(GrpcXceiverService.java:73) [hadoop-hdds-container-service-0.5.0-SNAPSHOT.jar:?]
	at org.apache.hadoop.ozone.container.common.transport.server.GrpcXceiverService$1.onNext(GrpcXceiverService.java:61) [hadoop-hdds-container-service-0.5.0-SNAPSHOT.jar:?]
	at org.apache.ratis.thirdparty.io.grpc.stub.ServerCalls$StreamingServerCallHandler$StreamingServerCallListener.onMessage(ServerCalls.java:248) [ratis-thirdparty-misc-0.2.0.jar:0.2.0]
	at org.apache.ratis.thirdparty.io.grpc.ForwardingServerCallListener.onMessage(ForwardingServerCallListener.java:33) [ratis-thirdparty-misc-0.2.0.jar:0.2.0]
	at org.apache.ratis.thirdparty.io.grpc.Contexts$ContextualizedServerCallListener.onMessage(Contexts.java:76) [ratis-thirdparty-misc-0.2.0.jar:0.2.0]
	at org.apache.ratis.thirdparty.io.grpc.ForwardingServerCallListener.onMessage(ForwardingServerCallListener.java:33) [ratis-thirdparty-misc-0.2.0.jar:0.2.0]
	at org.apache.hadoop.hdds.tracing.GrpcServerInterceptor$1.onMessage(GrpcServerInterceptor.java:46) [hadoop-hdds-common-0.5.0-SNAPSHOT.jar:?]
	at org.apache.ratis.thirdparty.io.grpc.internal.ServerCallImpl$ServerStreamListenerImpl.messagesAvailable(ServerCallImpl.java:263) [ratis-thirdparty-misc-0.2.0.jar:0.2.0]
	at org.apache.ratis.thirdparty.io.grpc.internal.ServerImpl$JumpToApplicationThreadServerStreamListener$1MessagesAvailable.runInContext(ServerImpl.java:686) [ratis-thirdparty-misc-0.2.0.jar:0.2.0]
	at org.apache.ratis.thirdparty.io.grpc.internal.ContextRunnable.run(ContextRunnable.java:37) [ratis-thirdparty-misc-0.2.0.jar:0.2.0]
	at org.apache.ratis.thirdparty.io.grpc.internal.SerializingExecutor.run(SerializingExecutor.java:123) [ratis-thirdparty-misc-0.2.0.jar:0.2.0]
	at java.util.concurrent.ThreadPoolExecutor.runWorker(ThreadPoolExecutor.java:1149) [?:1.8.0_212]
	at java.util.concurrent.ThreadPoolExecutor$Worker.run(ThreadPoolExecutor.java:624) [?:1.8.0_212]
	at java.lang.Thread.run(Thread.java:748) [?:1.8.0_212]
2019-07-03 21:52:36,739 INFO  impl.HddsDispatcher (ContainerUtils.java:logAndReturnError(146)) - Operation: WriteChunk : Trace ID: 7b596d7551cd2d12:7b596d7551cd2d12:0:0 : Message: ContainerID 6 creation failed : Result: DISK_OUT_OF_SPACE
2019-07-03 21:52:36,741 ERROR storage.BlockOutputStream (BlockOutputStream.java:validateResponse(538)) - Unexpected Storage Container Exception: 
org.apache.hadoop.hdds.scm.container.common.helpers.StorageContainerException: ContainerID 6 creation failed
	at org.apache.hadoop.hdds.scm.storage.ContainerProtocolCalls.validateContainerResponse(ContainerProtocolCalls.java:536)
	at org.apache.hadoop.hdds.scm.storage.BlockOutputStream.validateResponse(BlockOutputStream.java:536)
	at org.apache.hadoop.hdds.scm.storage.BlockOutputStream.lambda$writeChunkToContainer$2(BlockOutputStream.java:614)
	at java.util.concurrent.CompletableFuture.uniApply(CompletableFuture.java:602)
	at java.util.concurrent.CompletableFuture$UniApply.tryFire(CompletableFuture.java:577)
	at java.util.concurrent.CompletableFuture$Completion.run(CompletableFuture.java:442)
	at java.util.concurrent.ThreadPoolExecutor.runWorker(ThreadPoolExecutor.java:1149)
	at java.util.concurrent.ThreadPoolExecutor$Worker.run(ThreadPoolExecutor.java:624)
	at java.lang.Thread.run(Thread.java:748)
21:52:36.744 [grpc-default-executor-1] ERROR DNAudit - user=null | ip=null | op=PUT_BLOCK {blockData=[blockId=conID: 6 locID: 102379733428207637 bcsId: 0,size=5]} | ret=FAILURE
org.apache.hadoop.hdds.scm.container.common.helpers.StorageContainerException: ContainerID 6 does not exist
	at org.apache.hadoop.ozone.container.common.impl.HddsDispatcher.dispatchRequest(HddsDispatcher.java:242) [hadoop-hdds-container-service-0.5.0-SNAPSHOT.jar:?]
	at org.apache.hadoop.ozone.container.common.impl.HddsDispatcher.dispatch(HddsDispatcher.java:148) [hadoop-hdds-container-service-0.5.0-SNAPSHOT.jar:?]
	at org.apache.hadoop.ozone.container.common.transport.server.GrpcXceiverService$1.onNext(GrpcXceiverService.java:73) [hadoop-hdds-container-service-0.5.0-SNAPSHOT.jar:?]
	at org.apache.hadoop.ozone.container.common.transport.server.GrpcXceiverService$1.onNext(GrpcXceiverService.java:61) [hadoop-hdds-container-service-0.5.0-SNAPSHOT.jar:?]
	at org.apache.ratis.thirdparty.io.grpc.stub.ServerCalls$StreamingServerCallHandler$StreamingServerCallListener.onMessage(ServerCalls.java:248) [ratis-thirdparty-misc-0.2.0.jar:0.2.0]
	at org.apache.ratis.thirdparty.io.grpc.ForwardingServerCallListener.onMessage(ForwardingServerCallListener.java:33) [ratis-thirdparty-misc-0.2.0.jar:0.2.0]
	at org.apache.ratis.thirdparty.io.grpc.Contexts$ContextualizedServerCallListener.onMessage(Contexts.java:76) [ratis-thirdparty-misc-0.2.0.jar:0.2.0]
	at org.apache.ratis.thirdparty.io.grpc.ForwardingServerCallListener.onMessage(ForwardingServerCallListener.java:33) [ratis-thirdparty-misc-0.2.0.jar:0.2.0]
	at org.apache.hadoop.hdds.tracing.GrpcServerInterceptor$1.onMessage(GrpcServerInterceptor.java:46) [hadoop-hdds-common-0.5.0-SNAPSHOT.jar:?]
	at org.apache.ratis.thirdparty.io.grpc.internal.ServerCallImpl$ServerStreamListenerImpl.messagesAvailable(ServerCallImpl.java:263) [ratis-thirdparty-misc-0.2.0.jar:0.2.0]
	at org.apache.ratis.thirdparty.io.grpc.internal.ServerImpl$JumpToApplicationThreadServerStreamListener$1MessagesAvailable.runInContext(ServerImpl.java:686) [ratis-thirdparty-misc-0.2.0.jar:0.2.0]
	at org.apache.ratis.thirdparty.io.grpc.internal.ContextRunnable.run(ContextRunnable.java:37) [ratis-thirdparty-misc-0.2.0.jar:0.2.0]
	at org.apache.ratis.thirdparty.io.grpc.internal.SerializingExecutor.run(SerializingExecutor.java:123) [ratis-thirdparty-misc-0.2.0.jar:0.2.0]
	at java.util.concurrent.ThreadPoolExecutor.runWorker(ThreadPoolExecutor.java:1149) [?:1.8.0_212]
	at java.util.concurrent.ThreadPoolExecutor$Worker.run(ThreadPoolExecutor.java:624) [?:1.8.0_212]
	at java.lang.Thread.run(Thread.java:748) [?:1.8.0_212]
2019-07-03 21:52:36,745 INFO  impl.HddsDispatcher (ContainerUtils.java:logAndReturnError(146)) - Operation: PutBlock : Trace ID: a38b86977c8d6f9d:a38b86977c8d6f9d:0:0 : Message: ContainerID 6 does not exist : Result: CONTAINER_NOT_FOUND
]]></system-out>
    <system-err><![CDATA[Jul 03, 2019 9:52:30 PM com.sun.jersey.server.impl.application.WebApplicationImpl _initiate
INFO: Initiating Jersey application, version 'Jersey: 1.19 02/11/2015 03:25 AM'
Jul 03, 2019 9:52:35 PM com.sun.jersey.server.impl.application.WebApplicationImpl _initiate
INFO: Initiating Jersey application, version 'Jersey: 1.19 02/11/2015 03:25 AM'
]]></system-err>
  </testcase>
  <testcase name="testSCMReinitialization" classname="org.apache.hadoop.ozone.TestStorageContainerManager" time="6.304"/>
  <testcase name="testCloseContainerCommandOnRestart" classname="org.apache.hadoop.ozone.TestStorageContainerManager" time="7.049">
    <error message="Unexpected Storage Container Exception: org.apache.hadoop.hdds.scm.container.common.helpers.StorageContainerException: ContainerID 6 creation failed" type="java.io.IOException">java.io.IOException: Unexpected Storage Container Exception: org.apache.hadoop.hdds.scm.container.common.helpers.StorageContainerException: ContainerID 6 creation failed
	at org.apache.hadoop.hdds.scm.storage.BlockOutputStream.setIoException(BlockOutputStream.java:548)
	at org.apache.hadoop.hdds.scm.storage.BlockOutputStream.validateResponse(BlockOutputStream.java:539)
	at org.apache.hadoop.hdds.scm.storage.BlockOutputStream.lambda$writeChunkToContainer$2(BlockOutputStream.java:614)
	at java.util.concurrent.CompletableFuture.uniApply(CompletableFuture.java:602)
	at java.util.concurrent.CompletableFuture$UniApply.tryFire(CompletableFuture.java:577)
	at java.util.concurrent.CompletableFuture$Completion.run(CompletableFuture.java:442)
	at java.util.concurrent.ThreadPoolExecutor.runWorker(ThreadPoolExecutor.java:1149)
	at java.util.concurrent.ThreadPoolExecutor$Worker.run(ThreadPoolExecutor.java:624)
	at java.lang.Thread.run(Thread.java:748)
Caused by: org.apache.hadoop.hdds.scm.container.common.helpers.StorageContainerException: ContainerID 6 creation failed
	at org.apache.hadoop.hdds.scm.storage.ContainerProtocolCalls.validateContainerResponse(ContainerProtocolCalls.java:536)
	at org.apache.hadoop.hdds.scm.storage.BlockOutputStream.validateResponse(BlockOutputStream.java:536)
	... 7 more
</error>
    <system-out><![CDATA[2019-07-03 21:52:43,083 WARN  server.ServerUtils (ServerUtils.java:getScmDbDir(145)) - ozone.scm.db.dirs is not configured. We recommend adding this setting. Falling back to ozone.metadata.dirs instead.
2019-07-03 21:52:43,099 WARN  server.ServerUtils (ServerUtils.java:getScmDbDir(145)) - ozone.scm.db.dirs is not configured. We recommend adding this setting. Falling back to ozone.metadata.dirs instead.
2019-07-03 21:52:43,099 WARN  server.ServerUtils (ServerUtils.java:getScmDbDir(145)) - ozone.scm.db.dirs is not configured. We recommend adding this setting. Falling back to ozone.metadata.dirs instead.
2019-07-03 21:52:43,100 INFO  db.DBStoreBuilder (DBStoreBuilder.java:addTable(110)) - using custom profile for table: deletedBlocks
2019-07-03 21:52:43,100 INFO  db.DBStoreBuilder (DBStoreBuilder.java:processTables(161)) - Using default column profile:DBProfile.DISK for Table:deletedBlocks
2019-07-03 21:52:43,100 INFO  db.DBStoreBuilder (DBStoreBuilder.java:addTable(110)) - using custom profile for table: validCerts
2019-07-03 21:52:43,100 INFO  db.DBStoreBuilder (DBStoreBuilder.java:processTables(161)) - Using default column profile:DBProfile.DISK for Table:validCerts
2019-07-03 21:52:43,101 INFO  db.DBStoreBuilder (DBStoreBuilder.java:addTable(110)) - using custom profile for table: revokedCerts
2019-07-03 21:52:43,101 INFO  db.DBStoreBuilder (DBStoreBuilder.java:processTables(161)) - Using default column profile:DBProfile.DISK for Table:revokedCerts
2019-07-03 21:52:43,101 INFO  db.DBStoreBuilder (DBStoreBuilder.java:addTable(110)) - using custom profile for table: default
2019-07-03 21:52:43,101 INFO  db.DBStoreBuilder (DBStoreBuilder.java:processTables(167)) - Using default column profile:DBProfile.DISK for Table:default
2019-07-03 21:52:43,101 INFO  db.DBStoreBuilder (DBStoreBuilder.java:getDbProfile(198)) - Using default options. DBProfile.DISK
2019-07-03 21:52:43,264 INFO  net.NodeSchemaLoader (NodeSchemaLoader.java:loadSchemaFromFile(125)) - Loading file from sun.misc.CompoundEnumeration@7b19cd41
2019-07-03 21:52:43,264 INFO  net.NodeSchemaLoader (NodeSchemaLoader.java:loadSchema(171)) - Loading network topology layer schema file
2019-07-03 21:52:43,269 INFO  node.SCMNodeManager (SCMNodeManager.java:<init>(119)) - Entering startup safe mode.
2019-07-03 21:52:43,269 WARN  server.ServerUtils (ServerUtils.java:getScmDbDir(145)) - ozone.scm.db.dirs is not configured. We recommend adding this setting. Falling back to ozone.metadata.dirs instead.
2019-07-03 21:52:43,319 INFO  background.BlockDeletingService (BlockDeletingService.java:getTasks(123)) - Plan to choose 10 containers for block deletion, actually returns 5 valid containers.
2019-07-03 21:52:43,320 ERROR utils.ContainerCache (ContainerCache.java:getDB(137)) - Error opening DB. Container:1 ContainerPath:/opt/src/hadoop-ozone/integration-test/target/test-dir/MiniOzoneClusterImpl-a761fe1f-0c0e-47cb-a611-f8332fccf762/datanode-0/data/containers/hdds/5e8e6293-46cb-4cd3-b79f-910131fb7ceb/current/containerDir0/1/metadata/1-dn-container.db
java.io.IOException: Failed init RocksDB, db path : /opt/src/hadoop-ozone/integration-test/target/test-dir/MiniOzoneClusterImpl-a761fe1f-0c0e-47cb-a611-f8332fccf762/datanode-0/data/containers/hdds/5e8e6293-46cb-4cd3-b79f-910131fb7ceb/current/containerDir0/1/metadata/1-dn-container.db
	at org.apache.hadoop.utils.RocksDBStore.<init>(RocksDBStore.java:87)
	at org.apache.hadoop.utils.MetadataStoreBuilder.build(MetadataStoreBuilder.java:137)
	at org.apache.hadoop.ozone.container.common.utils.ContainerCache.getDB(ContainerCache.java:129)
	at org.apache.hadoop.ozone.container.keyvalue.helpers.BlockUtils.getDB(BlockUtils.java:77)
	at org.apache.hadoop.ozone.container.keyvalue.statemachine.background.BlockDeletingService$BlockDeletingTask.call(BlockDeletingService.java:188)
	at org.apache.hadoop.ozone.container.keyvalue.statemachine.background.BlockDeletingService$BlockDeletingTask.call(BlockDeletingService.java:172)
	at java.util.concurrent.FutureTask.run(FutureTask.java:266)
	at java.util.concurrent.Executors$RunnableAdapter.call(Executors.java:511)
	at java.util.concurrent.FutureTask.run(FutureTask.java:266)
	at java.util.concurrent.Executors$RunnableAdapter.call(Executors.java:511)
	at java.util.concurrent.FutureTask.run(FutureTask.java:266)
	at java.util.concurrent.ScheduledThreadPoolExecutor$ScheduledFutureTask.access$201(ScheduledThreadPoolExecutor.java:180)
	at java.util.concurrent.ScheduledThreadPoolExecutor$ScheduledFutureTask.run(ScheduledThreadPoolExecutor.java:293)
	at java.util.concurrent.ThreadPoolExecutor.runWorker(ThreadPoolExecutor.java:1149)
	at java.util.concurrent.ThreadPoolExecutor$Worker.run(ThreadPoolExecutor.java:624)
	at java.lang.Thread.run(Thread.java:748)
Caused by: org.rocksdb.RocksDBException: While mkdir if missing: /opt/src/hadoop-ozone/integration-test/target/test-dir/MiniOzoneClusterImpl-a761fe1f-0c0e-47cb-a611-f8332fccf762/datanode-0/data/containers/hdds/5e8e6293-46cb-4cd3-b79f-910131fb7ceb/current/containerDir0/1/metadata/1-dn-container.db: No such file or directory
	at org.rocksdb.RocksDB.open(Native Method)
	at org.rocksdb.RocksDB.open(RocksDB.java:235)
	at org.apache.hadoop.utils.RocksDBStore.<init>(RocksDBStore.java:71)
	... 15 more
2019-07-03 21:52:43,321 INFO  pipeline.SCMPipelineManager (SCMPipelineManager.java:initializePipelineState(126)) - No pipeline exists in current db
2019-07-03 21:52:43,321 WARN  server.ServerUtils (ServerUtils.java:getScmDbDir(145)) - ozone.scm.db.dirs is not configured. We recommend adding this setting. Falling back to ozone.metadata.dirs instead.
2019-07-03 21:52:43,321 ERROR utils.ContainerCache (ContainerCache.java:getDB(137)) - Error opening DB. Container:5 ContainerPath:/opt/src/hadoop-ozone/integration-test/target/test-dir/MiniOzoneClusterImpl-a761fe1f-0c0e-47cb-a611-f8332fccf762/datanode-0/data/containers/hdds/5e8e6293-46cb-4cd3-b79f-910131fb7ceb/current/containerDir0/5/metadata/5-dn-container.db
java.io.IOException: Failed init RocksDB, db path : /opt/src/hadoop-ozone/integration-test/target/test-dir/MiniOzoneClusterImpl-a761fe1f-0c0e-47cb-a611-f8332fccf762/datanode-0/data/containers/hdds/5e8e6293-46cb-4cd3-b79f-910131fb7ceb/current/containerDir0/5/metadata/5-dn-container.db
	at org.apache.hadoop.utils.RocksDBStore.<init>(RocksDBStore.java:87)
	at org.apache.hadoop.utils.MetadataStoreBuilder.build(MetadataStoreBuilder.java:137)
	at org.apache.hadoop.ozone.container.common.utils.ContainerCache.getDB(ContainerCache.java:129)
	at org.apache.hadoop.ozone.container.keyvalue.helpers.BlockUtils.getDB(BlockUtils.java:77)
	at org.apache.hadoop.ozone.container.keyvalue.statemachine.background.BlockDeletingService$BlockDeletingTask.call(BlockDeletingService.java:188)
	at org.apache.hadoop.ozone.container.keyvalue.statemachine.background.BlockDeletingService$BlockDeletingTask.call(BlockDeletingService.java:172)
	at java.util.concurrent.FutureTask.run(FutureTask.java:266)
	at java.util.concurrent.Executors$RunnableAdapter.call(Executors.java:511)
	at java.util.concurrent.FutureTask.run(FutureTask.java:266)
	at java.util.concurrent.Executors$RunnableAdapter.call(Executors.java:511)
	at java.util.concurrent.FutureTask.run(FutureTask.java:266)
	at java.util.concurrent.ScheduledThreadPoolExecutor$ScheduledFutureTask.access$201(ScheduledThreadPoolExecutor.java:180)
	at java.util.concurrent.ScheduledThreadPoolExecutor$ScheduledFutureTask.run(ScheduledThreadPoolExecutor.java:293)
	at java.util.concurrent.ThreadPoolExecutor.runWorker(ThreadPoolExecutor.java:1149)
	at java.util.concurrent.ThreadPoolExecutor$Worker.run(ThreadPoolExecutor.java:624)
	at java.lang.Thread.run(Thread.java:748)
Caused by: org.rocksdb.RocksDBException: While mkdir if missing: /opt/src/hadoop-ozone/integration-test/target/test-dir/MiniOzoneClusterImpl-a761fe1f-0c0e-47cb-a611-f8332fccf762/datanode-0/data/containers/hdds/5e8e6293-46cb-4cd3-b79f-910131fb7ceb/current/containerDir0/5/metadata/5-dn-container.db: No such file or directory
	at org.rocksdb.RocksDB.open(Native Method)
	at org.rocksdb.RocksDB.open(RocksDB.java:235)
	at org.apache.hadoop.utils.RocksDBStore.<init>(RocksDBStore.java:71)
	... 15 more
2019-07-03 21:52:43,322 WARN  utils.BackgroundService (BackgroundService.java:lambda$run$0(135)) - Background task fails to execute, retrying in next interval
java.util.concurrent.ExecutionException: org.apache.hadoop.hdds.scm.container.common.helpers.StorageContainerException: Error opening DB. Container:5 ContainerPath:/opt/src/hadoop-ozone/integration-test/target/test-dir/MiniOzoneClusterImpl-a761fe1f-0c0e-47cb-a611-f8332fccf762/datanode-0/data/containers/hdds/5e8e6293-46cb-4cd3-b79f-910131fb7ceb/current/containerDir0/5/metadata/5-dn-container.db
	at java.util.concurrent.FutureTask.report(FutureTask.java:122)
	at java.util.concurrent.FutureTask.get(FutureTask.java:206)
	at org.apache.hadoop.utils.BackgroundService$PeriodicalTask.lambda$run$0(BackgroundService.java:129)
	at java.util.stream.ForEachOps$ForEachOp$OfRef.accept(ForEachOps.java:184)
	at java.util.ArrayList$ArrayListSpliterator.forEachRemaining(ArrayList.java:1382)
	at java.util.stream.AbstractPipeline.copyInto(AbstractPipeline.java:482)
	at java.util.stream.ForEachOps$ForEachTask.compute(ForEachOps.java:291)
	at java.util.concurrent.CountedCompleter.exec(CountedCompleter.java:731)
	at java.util.concurrent.ForkJoinTask.doExec(ForkJoinTask.java:289)
	at java.util.concurrent.ForkJoinPool$WorkQueue.runTask(ForkJoinPool.java:1056)
	at java.util.concurrent.ForkJoinPool.runWorker(ForkJoinPool.java:1692)
	at java.util.concurrent.ForkJoinWorkerThread.run(ForkJoinWorkerThread.java:157)
Caused by: org.apache.hadoop.hdds.scm.container.common.helpers.StorageContainerException: Error opening DB. Container:5 ContainerPath:/opt/src/hadoop-ozone/integration-test/target/test-dir/MiniOzoneClusterImpl-a761fe1f-0c0e-47cb-a611-f8332fccf762/datanode-0/data/containers/hdds/5e8e6293-46cb-4cd3-b79f-910131fb7ceb/current/containerDir0/5/metadata/5-dn-container.db
	at org.apache.hadoop.ozone.container.keyvalue.helpers.BlockUtils.getDB(BlockUtils.java:84)
	at org.apache.hadoop.ozone.container.keyvalue.statemachine.background.BlockDeletingService$BlockDeletingTask.call(BlockDeletingService.java:188)
	at org.apache.hadoop.ozone.container.keyvalue.statemachine.background.BlockDeletingService$BlockDeletingTask.call(BlockDeletingService.java:172)
	at java.util.concurrent.FutureTask.run(FutureTask.java:266)
	at java.util.concurrent.Executors$RunnableAdapter.call(Executors.java:511)
	at java.util.concurrent.FutureTask.run(FutureTask.java:266)
	at java.util.concurrent.Executors$RunnableAdapter.call(Executors.java:511)
	at java.util.concurrent.FutureTask.run(FutureTask.java:266)
	at java.util.concurrent.ScheduledThreadPoolExecutor$ScheduledFutureTask.access$201(ScheduledThreadPoolExecutor.java:180)
	at java.util.concurrent.ScheduledThreadPoolExecutor$ScheduledFutureTask.run(ScheduledThreadPoolExecutor.java:293)
	at java.util.concurrent.ThreadPoolExecutor.runWorker(ThreadPoolExecutor.java:1149)
	at java.util.concurrent.ThreadPoolExecutor$Worker.run(ThreadPoolExecutor.java:624)
	at java.lang.Thread.run(Thread.java:748)
2019-07-03 21:52:43,322 ERROR utils.ContainerCache (ContainerCache.java:getDB(137)) - Error opening DB. Container:4 ContainerPath:/opt/src/hadoop-ozone/integration-test/target/test-dir/MiniOzoneClusterImpl-a761fe1f-0c0e-47cb-a611-f8332fccf762/datanode-0/data/containers/hdds/5e8e6293-46cb-4cd3-b79f-910131fb7ceb/current/containerDir0/4/metadata/4-dn-container.db
java.io.IOException: Failed init RocksDB, db path : /opt/src/hadoop-ozone/integration-test/target/test-dir/MiniOzoneClusterImpl-a761fe1f-0c0e-47cb-a611-f8332fccf762/datanode-0/data/containers/hdds/5e8e6293-46cb-4cd3-b79f-910131fb7ceb/current/containerDir0/4/metadata/4-dn-container.db
	at org.apache.hadoop.utils.RocksDBStore.<init>(RocksDBStore.java:87)
	at org.apache.hadoop.utils.MetadataStoreBuilder.build(MetadataStoreBuilder.java:137)
	at org.apache.hadoop.ozone.container.common.utils.ContainerCache.getDB(ContainerCache.java:129)
	at org.apache.hadoop.ozone.container.keyvalue.helpers.BlockUtils.getDB(BlockUtils.java:77)
	at org.apache.hadoop.ozone.container.keyvalue.statemachine.background.BlockDeletingService$BlockDeletingTask.call(BlockDeletingService.java:188)
	at org.apache.hadoop.ozone.container.keyvalue.statemachine.background.BlockDeletingService$BlockDeletingTask.call(BlockDeletingService.java:172)
	at java.util.concurrent.FutureTask.run(FutureTask.java:266)
	at java.util.concurrent.Executors$RunnableAdapter.call(Executors.java:511)
	at java.util.concurrent.FutureTask.run(FutureTask.java:266)
	at java.util.concurrent.Executors$RunnableAdapter.call(Executors.java:511)
	at java.util.concurrent.FutureTask.run(FutureTask.java:266)
	at java.util.concurrent.ScheduledThreadPoolExecutor$ScheduledFutureTask.access$201(ScheduledThreadPoolExecutor.java:180)
	at java.util.concurrent.ScheduledThreadPoolExecutor$ScheduledFutureTask.run(ScheduledThreadPoolExecutor.java:293)
	at java.util.concurrent.ThreadPoolExecutor.runWorker(ThreadPoolExecutor.java:1149)
	at java.util.concurrent.ThreadPoolExecutor$Worker.run(ThreadPoolExecutor.java:624)
	at java.lang.Thread.run(Thread.java:748)
Caused by: org.rocksdb.RocksDBException: While mkdir if missing: /opt/src/hadoop-ozone/integration-test/target/test-dir/MiniOzoneClusterImpl-a761fe1f-0c0e-47cb-a611-f8332fccf762/datanode-0/data/containers/hdds/5e8e6293-46cb-4cd3-b79f-910131fb7ceb/current/containerDir0/4/metadata/4-dn-container.db: No such file or directory
	at org.rocksdb.RocksDB.open(Native Method)
	at org.rocksdb.RocksDB.open(RocksDB.java:235)
	at org.apache.hadoop.utils.RocksDBStore.<init>(RocksDBStore.java:71)
	... 15 more
2019-07-03 21:52:43,322 WARN  utils.BackgroundService (BackgroundService.java:lambda$run$0(135)) - Background task fails to execute, retrying in next interval
java.util.concurrent.ExecutionException: org.apache.hadoop.hdds.scm.container.common.helpers.StorageContainerException: Error opening DB. Container:1 ContainerPath:/opt/src/hadoop-ozone/integration-test/target/test-dir/MiniOzoneClusterImpl-a761fe1f-0c0e-47cb-a611-f8332fccf762/datanode-0/data/containers/hdds/5e8e6293-46cb-4cd3-b79f-910131fb7ceb/current/containerDir0/1/metadata/1-dn-container.db
	at java.util.concurrent.FutureTask.report(FutureTask.java:122)
	at java.util.concurrent.FutureTask.get(FutureTask.java:206)
	at org.apache.hadoop.utils.BackgroundService$PeriodicalTask.lambda$run$0(BackgroundService.java:129)
	at java.util.stream.ForEachOps$ForEachOp$OfRef.accept(ForEachOps.java:184)
	at java.util.ArrayList$ArrayListSpliterator.forEachRemaining(ArrayList.java:1382)
	at java.util.stream.AbstractPipeline.copyInto(AbstractPipeline.java:482)
	at java.util.stream.ForEachOps$ForEachTask.compute(ForEachOps.java:291)
	at java.util.concurrent.CountedCompleter.exec(CountedCompleter.java:731)
	at java.util.concurrent.ForkJoinTask.doExec(ForkJoinTask.java:289)
	at java.util.concurrent.ForkJoinPool$WorkQueue.execLocalTasks(ForkJoinPool.java:1040)
	at java.util.concurrent.ForkJoinPool$WorkQueue.runTask(ForkJoinPool.java:1058)
	at java.util.concurrent.ForkJoinPool.runWorker(ForkJoinPool.java:1692)
	at java.util.concurrent.ForkJoinWorkerThread.run(ForkJoinWorkerThread.java:157)
Caused by: org.apache.hadoop.hdds.scm.container.common.helpers.StorageContainerException: Error opening DB. Container:1 ContainerPath:/opt/src/hadoop-ozone/integration-test/target/test-dir/MiniOzoneClusterImpl-a761fe1f-0c0e-47cb-a611-f8332fccf762/datanode-0/data/containers/hdds/5e8e6293-46cb-4cd3-b79f-910131fb7ceb/current/containerDir0/1/metadata/1-dn-container.db
	at org.apache.hadoop.ozone.container.keyvalue.helpers.BlockUtils.getDB(BlockUtils.java:84)
	at org.apache.hadoop.ozone.container.keyvalue.statemachine.background.BlockDeletingService$BlockDeletingTask.call(BlockDeletingService.java:188)
	at org.apache.hadoop.ozone.container.keyvalue.statemachine.background.BlockDeletingService$BlockDeletingTask.call(BlockDeletingService.java:172)
	at java.util.concurrent.FutureTask.run(FutureTask.java:266)
	at java.util.concurrent.Executors$RunnableAdapter.call(Executors.java:511)
	at java.util.concurrent.FutureTask.run(FutureTask.java:266)
	at java.util.concurrent.Executors$RunnableAdapter.call(Executors.java:511)
	at java.util.concurrent.FutureTask.run(FutureTask.java:266)
	at java.util.concurrent.ScheduledThreadPoolExecutor$ScheduledFutureTask.access$201(ScheduledThreadPoolExecutor.java:180)
	at java.util.concurrent.ScheduledThreadPoolExecutor$ScheduledFutureTask.run(ScheduledThreadPoolExecutor.java:293)
	at java.util.concurrent.ThreadPoolExecutor.runWorker(ThreadPoolExecutor.java:1149)
	at java.util.concurrent.ThreadPoolExecutor$Worker.run(ThreadPoolExecutor.java:624)
	at java.lang.Thread.run(Thread.java:748)
2019-07-03 21:52:43,323 WARN  utils.BackgroundService (BackgroundService.java:lambda$run$0(135)) - Background task fails to execute, retrying in next interval
java.util.concurrent.ExecutionException: org.apache.hadoop.hdds.scm.container.common.helpers.StorageContainerException: Error opening DB. Container:4 ContainerPath:/opt/src/hadoop-ozone/integration-test/target/test-dir/MiniOzoneClusterImpl-a761fe1f-0c0e-47cb-a611-f8332fccf762/datanode-0/data/containers/hdds/5e8e6293-46cb-4cd3-b79f-910131fb7ceb/current/containerDir0/4/metadata/4-dn-container.db
	at java.util.concurrent.FutureTask.report(FutureTask.java:122)
	at java.util.concurrent.FutureTask.get(FutureTask.java:206)
	at org.apache.hadoop.utils.BackgroundService$PeriodicalTask.lambda$run$0(BackgroundService.java:129)
	at java.util.stream.ForEachOps$ForEachOp$OfRef.accept(ForEachOps.java:184)
	at java.util.ArrayList$ArrayListSpliterator.forEachRemaining(ArrayList.java:1382)
	at java.util.stream.AbstractPipeline.copyInto(AbstractPipeline.java:482)
	at java.util.stream.ForEachOps$ForEachTask.compute(ForEachOps.java:291)
	at java.util.concurrent.CountedCompleter.exec(CountedCompleter.java:731)
	at java.util.concurrent.ForkJoinTask.doExec(ForkJoinTask.java:289)
	at java.util.concurrent.ForkJoinTask.doInvoke(ForkJoinTask.java:401)
	at java.util.concurrent.ForkJoinTask.invoke(ForkJoinTask.java:734)
	at java.util.stream.ForEachOps$ForEachOp.evaluateParallel(ForEachOps.java:160)
	at java.util.stream.ForEachOps$ForEachOp$OfRef.evaluateParallel(ForEachOps.java:174)
	at java.util.stream.AbstractPipeline.evaluate(AbstractPipeline.java:233)
	at java.util.stream.ReferencePipeline.forEach(ReferencePipeline.java:418)
	at java.util.stream.ReferencePipeline$Head.forEach(ReferencePipeline.java:583)
	at org.apache.hadoop.utils.BackgroundService$PeriodicalTask.run(BackgroundService.java:125)
	at java.util.concurrent.Executors$RunnableAdapter.call(Executors.java:511)
	at java.util.concurrent.FutureTask.runAndReset(FutureTask.java:308)
	at java.util.concurrent.ScheduledThreadPoolExecutor$ScheduledFutureTask.access$301(ScheduledThreadPoolExecutor.java:180)
	at java.util.concurrent.ScheduledThreadPoolExecutor$ScheduledFutureTask.run(ScheduledThreadPoolExecutor.java:294)
	at java.util.concurrent.ThreadPoolExecutor.runWorker(ThreadPoolExecutor.java:1149)
	at java.util.concurrent.ThreadPoolExecutor$Worker.run(ThreadPoolExecutor.java:624)
	at java.lang.Thread.run(Thread.java:748)
Caused by: org.apache.hadoop.hdds.scm.container.common.helpers.StorageContainerException: Error opening DB. Container:4 ContainerPath:/opt/src/hadoop-ozone/integration-test/target/test-dir/MiniOzoneClusterImpl-a761fe1f-0c0e-47cb-a611-f8332fccf762/datanode-0/data/containers/hdds/5e8e6293-46cb-4cd3-b79f-910131fb7ceb/current/containerDir0/4/metadata/4-dn-container.db
	at org.apache.hadoop.ozone.container.keyvalue.helpers.BlockUtils.getDB(BlockUtils.java:84)
	at org.apache.hadoop.ozone.container.keyvalue.statemachine.background.BlockDeletingService$BlockDeletingTask.call(BlockDeletingService.java:188)
	at org.apache.hadoop.ozone.container.keyvalue.statemachine.background.BlockDeletingService$BlockDeletingTask.call(BlockDeletingService.java:172)
	at java.util.concurrent.FutureTask.run(FutureTask.java:266)
	at java.util.concurrent.Executors$RunnableAdapter.call(Executors.java:511)
	at java.util.concurrent.FutureTask.run(FutureTask.java:266)
	at java.util.concurrent.Executors$RunnableAdapter.call(Executors.java:511)
	at java.util.concurrent.FutureTask.run(FutureTask.java:266)
	at java.util.concurrent.ScheduledThreadPoolExecutor$ScheduledFutureTask.access$201(ScheduledThreadPoolExecutor.java:180)
	at java.util.concurrent.ScheduledThreadPoolExecutor$ScheduledFutureTask.run(ScheduledThreadPoolExecutor.java:293)
	... 3 more
2019-07-03 21:52:43,323 ERROR utils.ContainerCache (ContainerCache.java:getDB(137)) - Error opening DB. Container:3 ContainerPath:/opt/src/hadoop-ozone/integration-test/target/test-dir/MiniOzoneClusterImpl-a761fe1f-0c0e-47cb-a611-f8332fccf762/datanode-0/data/containers/hdds/5e8e6293-46cb-4cd3-b79f-910131fb7ceb/current/containerDir0/3/metadata/3-dn-container.db
java.io.IOException: Failed init RocksDB, db path : /opt/src/hadoop-ozone/integration-test/target/test-dir/MiniOzoneClusterImpl-a761fe1f-0c0e-47cb-a611-f8332fccf762/datanode-0/data/containers/hdds/5e8e6293-46cb-4cd3-b79f-910131fb7ceb/current/containerDir0/3/metadata/3-dn-container.db
	at org.apache.hadoop.utils.RocksDBStore.<init>(RocksDBStore.java:87)
	at org.apache.hadoop.utils.MetadataStoreBuilder.build(MetadataStoreBuilder.java:137)
	at org.apache.hadoop.ozone.container.common.utils.ContainerCache.getDB(ContainerCache.java:129)
	at org.apache.hadoop.ozone.container.keyvalue.helpers.BlockUtils.getDB(BlockUtils.java:77)
	at org.apache.hadoop.ozone.container.keyvalue.statemachine.background.BlockDeletingService$BlockDeletingTask.call(BlockDeletingService.java:188)
	at org.apache.hadoop.ozone.container.keyvalue.statemachine.background.BlockDeletingService$BlockDeletingTask.call(BlockDeletingService.java:172)
	at java.util.concurrent.FutureTask.run(FutureTask.java:266)
	at java.util.concurrent.Executors$RunnableAdapter.call(Executors.java:511)
	at java.util.concurrent.FutureTask.run(FutureTask.java:266)
	at java.util.concurrent.Executors$RunnableAdapter.call(Executors.java:511)
	at java.util.concurrent.FutureTask.run(FutureTask.java:266)
	at java.util.concurrent.ScheduledThreadPoolExecutor$ScheduledFutureTask.access$201(ScheduledThreadPoolExecutor.java:180)
	at java.util.concurrent.ScheduledThreadPoolExecutor$ScheduledFutureTask.run(ScheduledThreadPoolExecutor.java:293)
	at java.util.concurrent.ThreadPoolExecutor.runWorker(ThreadPoolExecutor.java:1149)
	at java.util.concurrent.ThreadPoolExecutor$Worker.run(ThreadPoolExecutor.java:624)
	at java.lang.Thread.run(Thread.java:748)
Caused by: org.rocksdb.RocksDBException: While mkdir if missing: /opt/src/hadoop-ozone/integration-test/target/test-dir/MiniOzoneClusterImpl-a761fe1f-0c0e-47cb-a611-f8332fccf762/datanode-0/data/containers/hdds/5e8e6293-46cb-4cd3-b79f-910131fb7ceb/current/containerDir0/3/metadata/3-dn-container.db: No such file or directory
	at org.rocksdb.RocksDB.open(Native Method)
	at org.rocksdb.RocksDB.open(RocksDB.java:235)
	at org.apache.hadoop.utils.RocksDBStore.<init>(RocksDBStore.java:71)
	... 15 more
2019-07-03 21:52:43,324 WARN  utils.BackgroundService (BackgroundService.java:lambda$run$0(135)) - Background task fails to execute, retrying in next interval
java.util.concurrent.ExecutionException: org.apache.hadoop.hdds.scm.container.common.helpers.StorageContainerException: Error opening DB. Container:3 ContainerPath:/opt/src/hadoop-ozone/integration-test/target/test-dir/MiniOzoneClusterImpl-a761fe1f-0c0e-47cb-a611-f8332fccf762/datanode-0/data/containers/hdds/5e8e6293-46cb-4cd3-b79f-910131fb7ceb/current/containerDir0/3/metadata/3-dn-container.db
	at java.util.concurrent.FutureTask.report(FutureTask.java:122)
	at java.util.concurrent.FutureTask.get(FutureTask.java:206)
	at org.apache.hadoop.utils.BackgroundService$PeriodicalTask.lambda$run$0(BackgroundService.java:129)
	at java.util.stream.ForEachOps$ForEachOp$OfRef.accept(ForEachOps.java:184)
	at java.util.ArrayList$ArrayListSpliterator.forEachRemaining(ArrayList.java:1382)
	at java.util.stream.AbstractPipeline.copyInto(AbstractPipeline.java:482)
	at java.util.stream.ForEachOps$ForEachTask.compute(ForEachOps.java:291)
	at java.util.concurrent.CountedCompleter.exec(CountedCompleter.java:731)
	at java.util.concurrent.ForkJoinTask.doExec(ForkJoinTask.java:289)
	at java.util.concurrent.ForkJoinPool$WorkQueue.pollAndExecCC(ForkJoinPool.java:1190)
	at java.util.concurrent.ForkJoinPool.helpComplete(ForkJoinPool.java:1879)
	at java.util.concurrent.ForkJoinPool.externalHelpComplete(ForkJoinPool.java:2467)
	at java.util.concurrent.ForkJoinTask.externalAwaitDone(ForkJoinTask.java:324)
	at java.util.concurrent.ForkJoinTask.doInvoke(ForkJoinTask.java:405)
	at java.util.concurrent.ForkJoinTask.invoke(ForkJoinTask.java:734)
	at java.util.stream.ForEachOps$ForEachOp.evaluateParallel(ForEachOps.java:160)
	at java.util.stream.ForEachOps$ForEachOp$OfRef.evaluateParallel(ForEachOps.java:174)
	at java.util.stream.AbstractPipeline.evaluate(AbstractPipeline.java:233)
	at java.util.stream.ReferencePipeline.forEach(ReferencePipeline.java:418)
	at java.util.stream.ReferencePipeline$Head.forEach(ReferencePipeline.java:583)
	at org.apache.hadoop.utils.BackgroundService$PeriodicalTask.run(BackgroundService.java:125)
	at java.util.concurrent.Executors$RunnableAdapter.call(Executors.java:511)
	at java.util.concurrent.FutureTask.runAndReset(FutureTask.java:308)
	at java.util.concurrent.ScheduledThreadPoolExecutor$ScheduledFutureTask.access$301(ScheduledThreadPoolExecutor.java:180)
	at java.util.concurrent.ScheduledThreadPoolExecutor$ScheduledFutureTask.run(ScheduledThreadPoolExecutor.java:294)
	at java.util.concurrent.ThreadPoolExecutor.runWorker(ThreadPoolExecutor.java:1149)
	at java.util.concurrent.ThreadPoolExecutor$Worker.run(ThreadPoolExecutor.java:624)
	at java.lang.Thread.run(Thread.java:748)
Caused by: org.apache.hadoop.hdds.scm.container.common.helpers.StorageContainerException: Error opening DB. Container:3 ContainerPath:/opt/src/hadoop-ozone/integration-test/target/test-dir/MiniOzoneClusterImpl-a761fe1f-0c0e-47cb-a611-f8332fccf762/datanode-0/data/containers/hdds/5e8e6293-46cb-4cd3-b79f-910131fb7ceb/current/containerDir0/3/metadata/3-dn-container.db
	at org.apache.hadoop.ozone.container.keyvalue.helpers.BlockUtils.getDB(BlockUtils.java:84)
	at org.apache.hadoop.ozone.container.keyvalue.statemachine.background.BlockDeletingService$BlockDeletingTask.call(BlockDeletingService.java:188)
	at org.apache.hadoop.ozone.container.keyvalue.statemachine.background.BlockDeletingService$BlockDeletingTask.call(BlockDeletingService.java:172)
	at java.util.concurrent.FutureTask.run(FutureTask.java:266)
	at java.util.concurrent.Executors$RunnableAdapter.call(Executors.java:511)
	at java.util.concurrent.FutureTask.run(FutureTask.java:266)
	at java.util.concurrent.Executors$RunnableAdapter.call(Executors.java:511)
	at java.util.concurrent.FutureTask.run(FutureTask.java:266)
	at java.util.concurrent.ScheduledThreadPoolExecutor$ScheduledFutureTask.access$201(ScheduledThreadPoolExecutor.java:180)
	at java.util.concurrent.ScheduledThreadPoolExecutor$ScheduledFutureTask.run(ScheduledThreadPoolExecutor.java:293)
	... 3 more
2019-07-03 21:52:43,325 ERROR utils.ContainerCache (ContainerCache.java:getDB(137)) - Error opening DB. Container:2 ContainerPath:/opt/src/hadoop-ozone/integration-test/target/test-dir/MiniOzoneClusterImpl-a761fe1f-0c0e-47cb-a611-f8332fccf762/datanode-0/data/containers/hdds/5e8e6293-46cb-4cd3-b79f-910131fb7ceb/current/containerDir0/2/metadata/2-dn-container.db
java.io.IOException: Failed init RocksDB, db path : /opt/src/hadoop-ozone/integration-test/target/test-dir/MiniOzoneClusterImpl-a761fe1f-0c0e-47cb-a611-f8332fccf762/datanode-0/data/containers/hdds/5e8e6293-46cb-4cd3-b79f-910131fb7ceb/current/containerDir0/2/metadata/2-dn-container.db
	at org.apache.hadoop.utils.RocksDBStore.<init>(RocksDBStore.java:87)
	at org.apache.hadoop.utils.MetadataStoreBuilder.build(MetadataStoreBuilder.java:137)
	at org.apache.hadoop.ozone.container.common.utils.ContainerCache.getDB(ContainerCache.java:129)
	at org.apache.hadoop.ozone.container.keyvalue.helpers.BlockUtils.getDB(BlockUtils.java:77)
	at org.apache.hadoop.ozone.container.keyvalue.statemachine.background.BlockDeletingService$BlockDeletingTask.call(BlockDeletingService.java:188)
	at org.apache.hadoop.ozone.container.keyvalue.statemachine.background.BlockDeletingService$BlockDeletingTask.call(BlockDeletingService.java:172)
	at java.util.concurrent.FutureTask.run(FutureTask.java:266)
	at java.util.concurrent.Executors$RunnableAdapter.call(Executors.java:511)
	at java.util.concurrent.FutureTask.run(FutureTask.java:266)
	at java.util.concurrent.Executors$RunnableAdapter.call(Executors.java:511)
	at java.util.concurrent.FutureTask.run(FutureTask.java:266)
	at java.util.concurrent.ScheduledThreadPoolExecutor$ScheduledFutureTask.access$201(ScheduledThreadPoolExecutor.java:180)
	at java.util.concurrent.ScheduledThreadPoolExecutor$ScheduledFutureTask.run(ScheduledThreadPoolExecutor.java:293)
	at java.util.concurrent.ThreadPoolExecutor.runWorker(ThreadPoolExecutor.java:1149)
	at java.util.concurrent.ThreadPoolExecutor$Worker.run(ThreadPoolExecutor.java:624)
	at java.lang.Thread.run(Thread.java:748)
Caused by: org.rocksdb.RocksDBException: While mkdir if missing: /opt/src/hadoop-ozone/integration-test/target/test-dir/MiniOzoneClusterImpl-a761fe1f-0c0e-47cb-a611-f8332fccf762/datanode-0/data/containers/hdds/5e8e6293-46cb-4cd3-b79f-910131fb7ceb/current/containerDir0/2/metadata/2-dn-container.db: No such file or directory
	at org.rocksdb.RocksDB.open(Native Method)
	at org.rocksdb.RocksDB.open(RocksDB.java:235)
	at org.apache.hadoop.utils.RocksDBStore.<init>(RocksDBStore.java:71)
	... 15 more
2019-07-03 21:52:43,326 WARN  utils.BackgroundService (BackgroundService.java:lambda$run$0(135)) - Background task fails to execute, retrying in next interval
java.util.concurrent.ExecutionException: org.apache.hadoop.hdds.scm.container.common.helpers.StorageContainerException: Error opening DB. Container:2 ContainerPath:/opt/src/hadoop-ozone/integration-test/target/test-dir/MiniOzoneClusterImpl-a761fe1f-0c0e-47cb-a611-f8332fccf762/datanode-0/data/containers/hdds/5e8e6293-46cb-4cd3-b79f-910131fb7ceb/current/containerDir0/2/metadata/2-dn-container.db
	at java.util.concurrent.FutureTask.report(FutureTask.java:122)
	at java.util.concurrent.FutureTask.get(FutureTask.java:206)
	at org.apache.hadoop.utils.BackgroundService$PeriodicalTask.lambda$run$0(BackgroundService.java:129)
	at java.util.stream.ForEachOps$ForEachOp$OfRef.accept(ForEachOps.java:184)
	at java.util.ArrayList$ArrayListSpliterator.forEachRemaining(ArrayList.java:1382)
	at java.util.stream.AbstractPipeline.copyInto(AbstractPipeline.java:482)
	at java.util.stream.ForEachOps$ForEachTask.compute(ForEachOps.java:291)
	at java.util.concurrent.CountedCompleter.exec(CountedCompleter.java:731)
	at java.util.concurrent.ForkJoinTask.doExec(ForkJoinTask.java:289)
	at java.util.concurrent.ForkJoinPool$WorkQueue.runTask(ForkJoinPool.java:1056)
	at java.util.concurrent.ForkJoinPool.runWorker(ForkJoinPool.java:1692)
	at java.util.concurrent.ForkJoinWorkerThread.run(ForkJoinWorkerThread.java:157)
Caused by: org.apache.hadoop.hdds.scm.container.common.helpers.StorageContainerException: Error opening DB. Container:2 ContainerPath:/opt/src/hadoop-ozone/integration-test/target/test-dir/MiniOzoneClusterImpl-a761fe1f-0c0e-47cb-a611-f8332fccf762/datanode-0/data/containers/hdds/5e8e6293-46cb-4cd3-b79f-910131fb7ceb/current/containerDir0/2/metadata/2-dn-container.db
	at org.apache.hadoop.ozone.container.keyvalue.helpers.BlockUtils.getDB(BlockUtils.java:84)
	at org.apache.hadoop.ozone.container.keyvalue.statemachine.background.BlockDeletingService$BlockDeletingTask.call(BlockDeletingService.java:188)
	at org.apache.hadoop.ozone.container.keyvalue.statemachine.background.BlockDeletingService$BlockDeletingTask.call(BlockDeletingService.java:172)
	at java.util.concurrent.FutureTask.run(FutureTask.java:266)
	at java.util.concurrent.Executors$RunnableAdapter.call(Executors.java:511)
	at java.util.concurrent.FutureTask.run(FutureTask.java:266)
	at java.util.concurrent.Executors$RunnableAdapter.call(Executors.java:511)
	at java.util.concurrent.FutureTask.run(FutureTask.java:266)
	at java.util.concurrent.ScheduledThreadPoolExecutor$ScheduledFutureTask.access$201(ScheduledThreadPoolExecutor.java:180)
	at java.util.concurrent.ScheduledThreadPoolExecutor$ScheduledFutureTask.run(ScheduledThreadPoolExecutor.java:293)
	at java.util.concurrent.ThreadPoolExecutor.runWorker(ThreadPoolExecutor.java:1149)
	at java.util.concurrent.ThreadPoolExecutor$Worker.run(ThreadPoolExecutor.java:624)
	at java.lang.Thread.run(Thread.java:748)
2019-07-03 21:52:43,387 WARN  events.EventQueue (EventQueue.java:fireEvent(175)) - No event handler registered for event TypedEvent{payloadType=SafeModeStatus, name='SafeModeStatus'}
2019-07-03 21:52:43,389 INFO  ipc.CallQueueManager (CallQueueManager.java:<init>(84)) - Using callQueue: class java.util.concurrent.LinkedBlockingQueue, queueCapacity: 2000, scheduler: class org.apache.hadoop.ipc.DefaultRpcScheduler, ipcBackoff: false.
2019-07-03 21:52:43,390 INFO  ipc.Server (Server.java:run(1074)) - Starting Socket Reader #1 for port 33750
2019-07-03 21:52:43,393 INFO  ipc.CallQueueManager (CallQueueManager.java:<init>(84)) - Using callQueue: class java.util.concurrent.LinkedBlockingQueue, queueCapacity: 2000, scheduler: class org.apache.hadoop.ipc.DefaultRpcScheduler, ipcBackoff: false.
2019-07-03 21:52:43,394 INFO  ipc.Server (Server.java:run(1074)) - Starting Socket Reader #1 for port 34215
2019-07-03 21:52:43,396 INFO  ipc.CallQueueManager (CallQueueManager.java:<init>(84)) - Using callQueue: class java.util.concurrent.LinkedBlockingQueue, queueCapacity: 2000, scheduler: class org.apache.hadoop.ipc.DefaultRpcScheduler, ipcBackoff: false.
2019-07-03 21:52:43,397 INFO  ipc.Server (Server.java:run(1074)) - Starting Socket Reader #1 for port 43912
2019-07-03 21:52:43,402 INFO  hdfs.DFSUtil (DFSUtil.java:httpServerTemplateForNNAndJN(1641)) - Starting Web-server for scm at: http://0.0.0.0:0
2019-07-03 21:52:43,404 INFO  server.AuthenticationFilter (AuthenticationFilter.java:constructSecretProvider(240)) - Unable to initialize FileSignerSecretProvider, falling back to use random secrets.
2019-07-03 21:52:43,405 WARN  http.HttpRequestLog (HttpRequestLog.java:getRequestLog(97)) - Jetty request log can only be enabled using Log4j
2019-07-03 21:52:43,407 INFO  http.HttpServer2 (HttpServer2.java:addGlobalFilter(975)) - Added global filter 'safety' (class=org.apache.hadoop.http.HttpServer2$QuotingInputFilter)
2019-07-03 21:52:43,408 INFO  http.HttpServer2 (HttpServer2.java:addFilter(948)) - Added filter static_user_filter (class=org.apache.hadoop.http.lib.StaticUserWebFilter$StaticUserFilter) to context scm
2019-07-03 21:52:43,408 INFO  http.HttpServer2 (HttpServer2.java:addFilter(958)) - Added filter static_user_filter (class=org.apache.hadoop.http.lib.StaticUserWebFilter$StaticUserFilter) to context logs
2019-07-03 21:52:43,408 INFO  http.HttpServer2 (HttpServer2.java:addFilter(958)) - Added filter static_user_filter (class=org.apache.hadoop.http.lib.StaticUserWebFilter$StaticUserFilter) to context static
2019-07-03 21:52:43,416 INFO  server.StorageContainerManager (StorageContainerManager.java:start(753)) - StorageContainerLocationProtocol RPC server is listening at /0.0.0.0:43912
2019-07-03 21:52:43,417 INFO  impl.MetricsSystemImpl (MetricsSystemImpl.java:init(158)) - StorageContainerManager metrics system started (again)
2019-07-03 21:52:43,417 INFO  server.SCMClientProtocolServer (SCMClientProtocolServer.java:start(149)) - RPC server for Client  is listening at /0.0.0.0:43912
2019-07-03 21:52:43,417 INFO  ipc.Server (Server.java:run(1314)) - IPC Server Responder: starting
2019-07-03 21:52:43,417 INFO  ipc.Server (Server.java:run(1153)) - IPC Server listener on 43912: starting
2019-07-03 21:52:43,422 INFO  server.StorageContainerManager (StorageContainerManager.java:start(762)) - ScmBlockLocationProtocol RPC server is listening at /0.0.0.0:34215
2019-07-03 21:52:43,422 INFO  server.SCMBlockProtocolServer (SCMBlockProtocolServer.java:start(137)) - RPC server for Block Protocol is listening at /0.0.0.0:34215
2019-07-03 21:52:43,422 INFO  ipc.Server (Server.java:run(1314)) - IPC Server Responder: starting
2019-07-03 21:52:43,424 INFO  ipc.Server (Server.java:run(1153)) - IPC Server listener on 34215: starting
2019-07-03 21:52:43,428 INFO  server.StorageContainerManager (StorageContainerManager.java:start(766)) - ScmDatanodeProtocl RPC server is listening at /0.0.0.0:33750
2019-07-03 21:52:43,428 INFO  server.SCMDatanodeProtocolServer (SCMDatanodeProtocolServer.java:start(191)) - RPC server for DataNodes is listening at /0.0.0.0:33750
2019-07-03 21:52:43,429 INFO  ipc.Server (Server.java:run(1314)) - IPC Server Responder: starting
2019-07-03 21:52:43,429 INFO  ipc.Server (Server.java:run(1153)) - IPC Server listener on 33750: starting
2019-07-03 21:52:43,434 INFO  http.HttpServer2 (HttpServer2.java:bindListener(1191)) - Jetty bound to port 39505
2019-07-03 21:52:43,434 INFO  server.Server (Server.java:doStart(351)) - jetty-9.3.24.v20180605, build timestamp: 2018-06-05T17:11:56Z, git hash: 84205aa28f11a4f31f2a3b86d1bba2cc8ab69827
2019-07-03 21:52:43,436 INFO  handler.ContextHandler (ContextHandler.java:doStart(781)) - Started o.e.j.s.ServletContextHandler@158bcb5e{/logs,file:///opt/src/hadoop-ozone/integration-test/target/log,AVAILABLE}
2019-07-03 21:52:43,437 INFO  handler.ContextHandler (ContextHandler.java:doStart(781)) - Started o.e.j.s.ServletContextHandler@124b0a70{/static,file:///opt/src/hadoop-ozone/integration-test/target/test-classes/webapps/static,AVAILABLE}
2019-07-03 21:52:43,442 INFO  handler.ContextHandler (ContextHandler.java:doStart(781)) - Started o.e.j.w.WebAppContext@ec401e{/,file:///opt/src/hadoop-ozone/integration-test/target/test-classes/webapps/scm/,AVAILABLE}{/scm}
2019-07-03 21:52:43,444 INFO  server.AbstractConnector (AbstractConnector.java:doStart(278)) - Started ServerConnector@430a45c2{HTTP/1.1,[http/1.1]}{0.0.0.0:39505}
2019-07-03 21:52:43,444 INFO  server.Server (Server.java:doStart(419)) - Started @28235ms
2019-07-03 21:52:43,445 INFO  server.BaseHttpServer (BaseHttpServer.java:updateConnectorAddress(207)) - HTTP server of SCM is listening at http://0.0.0.0:39505
2019-07-03 21:52:43,445 WARN  server.ServerUtils (ServerUtils.java:getDBPath(222)) - ozone.om.db.dirs is not configured. We recommend adding this setting. Falling back to ozone.metadata.dirs instead.
2019-07-03 21:52:43,446 INFO  util.JvmPauseMonitor (JvmPauseMonitor.java:run(188)) - Starting JVM pause monitor
2019-07-03 21:52:43,460 WARN  server.ServerUtils (ServerUtils.java:getDBPath(222)) - ozone.om.db.dirs is not configured. We recommend adding this setting. Falling back to ozone.metadata.dirs instead.
2019-07-03 21:52:43,460 INFO  om.OzoneManager (OzoneManager.java:setOMNodeDetails(621)) - OM Service ID is not set. Setting it to the default ID: omServiceIdDefault
2019-07-03 21:52:43,461 INFO  om.OzoneManager (OzoneManager.java:setOMNodeDetails(627)) - OM Node ID is not set. Setting it to the OmStorage's OmID: 0636399a-a7bd-4074-ac64-be0041569833
2019-07-03 21:52:43,461 INFO  om.OzoneManager (OzoneManager.java:loadOMHAConfigs(578)) - Found matching OM address with OMServiceId: null, OMNodeId: null, RPC Address: localhost:0 and Ratis port: 9872
2019-07-03 21:52:43,469 WARN  server.ServerUtils (ServerUtils.java:getDBPath(222)) - ozone.om.db.dirs is not configured. We recommend adding this setting. Falling back to ozone.metadata.dirs instead.
2019-07-03 21:52:43,470 INFO  db.DBStoreBuilder (DBStoreBuilder.java:addTable(110)) - using custom profile for table: userTable
2019-07-03 21:52:43,470 INFO  db.DBStoreBuilder (DBStoreBuilder.java:processTables(161)) - Using default column profile:DBProfile.DISK for Table:userTable
2019-07-03 21:52:43,470 INFO  db.DBStoreBuilder (DBStoreBuilder.java:addTable(110)) - using custom profile for table: volumeTable
2019-07-03 21:52:43,470 INFO  db.DBStoreBuilder (DBStoreBuilder.java:processTables(161)) - Using default column profile:DBProfile.DISK for Table:volumeTable
2019-07-03 21:52:43,470 INFO  db.DBStoreBuilder (DBStoreBuilder.java:addTable(110)) - using custom profile for table: bucketTable
2019-07-03 21:52:43,470 INFO  db.DBStoreBuilder (DBStoreBuilder.java:processTables(161)) - Using default column profile:DBProfile.DISK for Table:bucketTable
2019-07-03 21:52:43,471 INFO  db.DBStoreBuilder (DBStoreBuilder.java:addTable(110)) - using custom profile for table: keyTable
2019-07-03 21:52:43,471 INFO  db.DBStoreBuilder (DBStoreBuilder.java:processTables(161)) - Using default column profile:DBProfile.DISK for Table:keyTable
2019-07-03 21:52:43,471 INFO  db.DBStoreBuilder (DBStoreBuilder.java:addTable(110)) - using custom profile for table: deletedTable
2019-07-03 21:52:43,471 INFO  db.DBStoreBuilder (DBStoreBuilder.java:processTables(161)) - Using default column profile:DBProfile.DISK for Table:deletedTable
2019-07-03 21:52:43,471 INFO  db.DBStoreBuilder (DBStoreBuilder.java:addTable(110)) - using custom profile for table: openKeyTable
2019-07-03 21:52:43,471 INFO  db.DBStoreBuilder (DBStoreBuilder.java:processTables(161)) - Using default column profile:DBProfile.DISK for Table:openKeyTable
2019-07-03 21:52:43,471 INFO  db.DBStoreBuilder (DBStoreBuilder.java:addTable(110)) - using custom profile for table: s3Table
2019-07-03 21:52:43,472 INFO  db.DBStoreBuilder (DBStoreBuilder.java:processTables(161)) - Using default column profile:DBProfile.DISK for Table:s3Table
2019-07-03 21:52:43,472 INFO  db.DBStoreBuilder (DBStoreBuilder.java:addTable(110)) - using custom profile for table: multipartInfoTable
2019-07-03 21:52:43,472 INFO  db.DBStoreBuilder (DBStoreBuilder.java:processTables(161)) - Using default column profile:DBProfile.DISK for Table:multipartInfoTable
2019-07-03 21:52:43,472 INFO  db.DBStoreBuilder (DBStoreBuilder.java:addTable(110)) - using custom profile for table: dTokenTable
2019-07-03 21:52:43,472 INFO  db.DBStoreBuilder (DBStoreBuilder.java:processTables(161)) - Using default column profile:DBProfile.DISK for Table:dTokenTable
2019-07-03 21:52:43,472 INFO  db.DBStoreBuilder (DBStoreBuilder.java:addTable(110)) - using custom profile for table: s3SecretTable
2019-07-03 21:52:43,472 INFO  db.DBStoreBuilder (DBStoreBuilder.java:processTables(161)) - Using default column profile:DBProfile.DISK for Table:s3SecretTable
2019-07-03 21:52:43,473 INFO  db.DBStoreBuilder (DBStoreBuilder.java:addTable(110)) - using custom profile for table: prefixTable
2019-07-03 21:52:43,473 INFO  db.DBStoreBuilder (DBStoreBuilder.java:processTables(161)) - Using default column profile:DBProfile.DISK for Table:prefixTable
2019-07-03 21:52:43,473 INFO  db.DBStoreBuilder (DBStoreBuilder.java:addTable(110)) - using custom profile for table: default
2019-07-03 21:52:43,473 INFO  db.DBStoreBuilder (DBStoreBuilder.java:processTables(167)) - Using default column profile:DBProfile.DISK for Table:default
2019-07-03 21:52:43,473 INFO  db.DBStoreBuilder (DBStoreBuilder.java:getDbProfile(198)) - Using default options. DBProfile.DISK
2019-07-03 21:52:43,922 INFO  ipc.CallQueueManager (CallQueueManager.java:<init>(84)) - Using callQueue: class java.util.concurrent.LinkedBlockingQueue, queueCapacity: 2000, scheduler: class org.apache.hadoop.ipc.DefaultRpcScheduler, ipcBackoff: false.
2019-07-03 21:52:43,923 INFO  ipc.Server (Server.java:run(1074)) - Starting Socket Reader #1 for port 37037
2019-07-03 21:52:43,946 WARN  server.ServerUtils (ServerUtils.java:getDBPath(222)) - ozone.om.db.dirs is not configured. We recommend adding this setting. Falling back to ozone.metadata.dirs instead.
2019-07-03 21:52:43,947 INFO  om.OzoneManager (OzoneManager.java:start(1219)) - OzoneManager RPC server is listening at localhost/127.0.0.1:37037
2019-07-03 21:52:43,947 INFO  impl.MetricsSystemImpl (MetricsSystemImpl.java:init(158)) - OzoneManager metrics system started (again)
2019-07-03 21:52:43,948 INFO  ipc.Server (Server.java:run(1314)) - IPC Server Responder: starting
2019-07-03 21:52:43,948 INFO  ipc.Server (Server.java:run(1153)) - IPC Server listener on 37037: starting
2019-07-03 21:52:43,955 INFO  hdfs.DFSUtil (DFSUtil.java:httpServerTemplateForNNAndJN(1641)) - Starting Web-server for ozoneManager at: http://0.0.0.0:0
2019-07-03 21:52:43,957 INFO  server.AuthenticationFilter (AuthenticationFilter.java:constructSecretProvider(240)) - Unable to initialize FileSignerSecretProvider, falling back to use random secrets.
2019-07-03 21:52:43,957 WARN  http.HttpRequestLog (HttpRequestLog.java:getRequestLog(97)) - Jetty request log can only be enabled using Log4j
2019-07-03 21:52:43,959 INFO  http.HttpServer2 (HttpServer2.java:addGlobalFilter(975)) - Added global filter 'safety' (class=org.apache.hadoop.http.HttpServer2$QuotingInputFilter)
2019-07-03 21:52:43,960 INFO  http.HttpServer2 (HttpServer2.java:addFilter(948)) - Added filter static_user_filter (class=org.apache.hadoop.http.lib.StaticUserWebFilter$StaticUserFilter) to context ozoneManager
2019-07-03 21:52:43,960 INFO  http.HttpServer2 (HttpServer2.java:addFilter(958)) - Added filter static_user_filter (class=org.apache.hadoop.http.lib.StaticUserWebFilter$StaticUserFilter) to context logs
2019-07-03 21:52:43,960 INFO  http.HttpServer2 (HttpServer2.java:addFilter(958)) - Added filter static_user_filter (class=org.apache.hadoop.http.lib.StaticUserWebFilter$StaticUserFilter) to context static
2019-07-03 21:52:43,961 INFO  http.HttpServer2 (HttpServer2.java:bindListener(1191)) - Jetty bound to port 38900
2019-07-03 21:52:43,961 INFO  server.Server (Server.java:doStart(351)) - jetty-9.3.24.v20180605, build timestamp: 2018-06-05T17:11:56Z, git hash: 84205aa28f11a4f31f2a3b86d1bba2cc8ab69827
2019-07-03 21:52:43,963 INFO  handler.ContextHandler (ContextHandler.java:doStart(781)) - Started o.e.j.s.ServletContextHandler@67066006{/logs,file:///opt/src/hadoop-ozone/integration-test/target/log,AVAILABLE}
2019-07-03 21:52:43,964 INFO  handler.ContextHandler (ContextHandler.java:doStart(781)) - Started o.e.j.s.ServletContextHandler@540df431{/static,file:///opt/src/hadoop-ozone/integration-test/target/test-classes/webapps/static,AVAILABLE}
2019-07-03 21:52:43,969 INFO  handler.ContextHandler (ContextHandler.java:doStart(781)) - Started o.e.j.w.WebAppContext@3e3002aa{/,file:///opt/src/hadoop-ozone/integration-test/target/test-classes/webapps/ozoneManager/,AVAILABLE}{/ozoneManager}
2019-07-03 21:52:43,970 INFO  server.AbstractConnector (AbstractConnector.java:doStart(278)) - Started ServerConnector@624d6a2{HTTP/1.1,[http/1.1]}{0.0.0.0:38900}
2019-07-03 21:52:43,971 INFO  server.Server (Server.java:doStart(419)) - Started @28761ms
2019-07-03 21:52:43,972 INFO  server.BaseHttpServer (BaseHttpServer.java:updateConnectorAddress(207)) - HTTP server of OZONEMANAGER is listening at http://0.0.0.0:38900
2019-07-03 21:52:43,975 INFO  impl.MetricsSystemImpl (MetricsSystemImpl.java:init(158)) - HddsDatanode metrics system started (again)
2019-07-03 21:52:43,976 INFO  ozone.HddsDatanodeService (HddsDatanodeService.java:start(185)) - HddsDatanodeService host:ozone-hdds-1735-k2n2p-4288536111 ip:192.168.157.197
2019-07-03 21:52:43,991 INFO  volume.HddsVolume (HddsVolume.java:<init>(176)) - Creating Volume: /opt/src/hadoop-ozone/integration-test/target/test-dir/MiniOzoneClusterImpl-178a287a-2fcc-411e-9e7f-012e638f7a06/datanode-0/data/containers/hdds of  storage type : DISK and capacity : 52710309888
2019-07-03 21:52:43,992 INFO  volume.VolumeSet (VolumeSet.java:initializeVolumeSet(170)) - Added Volume : /opt/src/hadoop-ozone/integration-test/target/test-dir/MiniOzoneClusterImpl-178a287a-2fcc-411e-9e7f-012e638f7a06/datanode-0/data/containers/hdds to VolumeSet
2019-07-03 21:52:43,992 INFO  volume.ThrottledAsyncChecker (ThrottledAsyncChecker.java:schedule(140)) - Scheduling a check for org.apache.hadoop.ozone.container.common.volume.HddsVolume@406fc7e2
2019-07-03 21:52:43,994 INFO  volume.HddsVolumeChecker (HddsVolumeChecker.java:checkAllVolumes(203)) - Scheduled health check for volume org.apache.hadoop.ozone.container.common.volume.HddsVolume@406fc7e2
2019-07-03 21:52:44,016 INFO  ratis.XceiverServerRatis (XceiverServerRatis.java:newXceiverServerRatis(411)) - Found a free port for the server : 45073
2019-07-03 21:52:44,017 INFO  impl.RaftServerProxy (ConfUtils.java:logGet(43)) - raft.rpc.type = GRPC (default)
2019-07-03 21:52:44,017 INFO  grpc.GrpcFactory (GrpcFactory.java:checkPooledByteBufAllocatorUseCacheForAllThreads(45)) - PERFORMANCE WARNING: useCacheForAllThreads is true that may cause Netty to create a lot garbage objects and, as a result, trigger GC.
	It is recommended to disable useCacheForAllThreads by setting -Dorg.apache.ratis.thirdparty.io.netty.allocator.useCacheForAllThreads=false in command line.
2019-07-03 21:52:44,018 INFO  grpc.GrpcConfigKeys$Server (ConfUtils.java:logGet(43)) - raft.grpc.server.port = 45073 (custom)
2019-07-03 21:52:44,018 INFO  server.GrpcService (ConfUtils.java:logGet(43)) - raft.grpc.message.size.max = 33570816 (custom)
2019-07-03 21:52:44,018 INFO  server.RaftServerConfigKeys (ConfUtils.java:logGet(43)) - raft.server.log.appender.buffer.byte-limit = 33554432 (custom)
2019-07-03 21:52:44,018 INFO  server.GrpcService (ConfUtils.java:logGet(43)) - raft.grpc.flow.control.window = 1MB (=1048576) (default)
2019-07-03 21:52:44,018 INFO  server.RaftServerConfigKeys (ConfUtils.java:logGet(43)) - raft.server.rpc.request.timeout = 3000ms (default)
2019-07-03 21:52:44,019 INFO  server.RaftServerConfigKeys (ConfUtils.java:logGet(43)) - raft.server.storage.dir = [/opt/src/hadoop-ozone/integration-test/target/test-dir/MiniOzoneClusterImpl-178a287a-2fcc-411e-9e7f-012e638f7a06/datanode-0/data/ratis] (custom)
2019-07-03 21:52:44,019 INFO  server.XceiverServerGrpc (XceiverServerGrpc.java:<init>(97)) - Found a free port for the server : 35501
2019-07-03 21:52:44,021 INFO  replication.SimpleContainerDownloader (SimpleContainerDownloader.java:<init>(72)) - Starting container downloader service to copy containers to replicate.
2019-07-03 21:52:44,023 INFO  hdfs.DFSUtil (DFSUtil.java:httpServerTemplateForNNAndJN(1641)) - Starting Web-server for hddsDatanode at: http://0.0.0.0:0
2019-07-03 21:52:44,025 INFO  server.AuthenticationFilter (AuthenticationFilter.java:constructSecretProvider(240)) - Unable to initialize FileSignerSecretProvider, falling back to use random secrets.
2019-07-03 21:52:44,026 WARN  http.HttpRequestLog (HttpRequestLog.java:getRequestLog(97)) - Jetty request log can only be enabled using Log4j
2019-07-03 21:52:44,027 INFO  http.HttpServer2 (HttpServer2.java:addGlobalFilter(975)) - Added global filter 'safety' (class=org.apache.hadoop.http.HttpServer2$QuotingInputFilter)
2019-07-03 21:52:44,028 INFO  http.HttpServer2 (HttpServer2.java:addFilter(948)) - Added filter static_user_filter (class=org.apache.hadoop.http.lib.StaticUserWebFilter$StaticUserFilter) to context hddsDatanode
2019-07-03 21:52:44,028 INFO  http.HttpServer2 (HttpServer2.java:addFilter(958)) - Added filter static_user_filter (class=org.apache.hadoop.http.lib.StaticUserWebFilter$StaticUserFilter) to context logs
2019-07-03 21:52:44,028 INFO  http.HttpServer2 (HttpServer2.java:addFilter(958)) - Added filter static_user_filter (class=org.apache.hadoop.http.lib.StaticUserWebFilter$StaticUserFilter) to context static
2019-07-03 21:52:44,029 INFO  http.HttpServer2 (HttpServer2.java:bindListener(1191)) - Jetty bound to port 43513
2019-07-03 21:52:44,029 INFO  server.Server (Server.java:doStart(351)) - jetty-9.3.24.v20180605, build timestamp: 2018-06-05T17:11:56Z, git hash: 84205aa28f11a4f31f2a3b86d1bba2cc8ab69827
2019-07-03 21:52:44,031 INFO  handler.ContextHandler (ContextHandler.java:doStart(781)) - Started o.e.j.s.ServletContextHandler@4ea69441{/logs,file:///opt/src/hadoop-ozone/integration-test/target/log,AVAILABLE}
2019-07-03 21:52:44,032 INFO  handler.ContextHandler (ContextHandler.java:doStart(781)) - Started o.e.j.s.ServletContextHandler@1e88e93f{/static,jar:file:/home/user/.m2/repository/org/apache/hadoop/hadoop-hdds-container-service/0.5.0-SNAPSHOT/hadoop-hdds-container-service-0.5.0-SNAPSHOT.jar!/webapps/static,AVAILABLE}
2019-07-03 21:52:44,067 INFO  handler.ContextHandler (ContextHandler.java:doStart(781)) - Started o.e.j.w.WebAppContext@2f340598{/,file:///tmp/jetty-0.0.0.0-43513-hddsDatanode-_-any-6621634931396766608.dir/webapp/,AVAILABLE}{/hddsDatanode}
2019-07-03 21:52:44,067 INFO  server.AbstractConnector (AbstractConnector.java:doStart(278)) - Started ServerConnector@2505c2{HTTP/1.1,[http/1.1]}{0.0.0.0:43513}
2019-07-03 21:52:44,069 INFO  server.Server (Server.java:doStart(419)) - Started @28859ms
2019-07-03 21:52:44,070 INFO  server.BaseHttpServer (BaseHttpServer.java:updateConnectorAddress(207)) - HTTP server of HDDSDATANODE is listening at http://0.0.0.0:43513
2019-07-03 21:52:44,225 INFO  ozone.HddsDatanodeService (HddsDatanodeService.java:startPlugins(396)) - Started plug-in org.apache.hadoop.ozone.web.OzoneHddsDatanodeService@2312751c
2019-07-03 21:52:44,226 INFO  ozone.MiniOzoneClusterImpl (MiniOzoneClusterImpl.java:lambda$waitForClusterToBeReady$0(142)) - Waiting for cluster to be ready. Got 0 of 1 DN Heartbeats.
2019-07-03 21:52:44,230 INFO  util.JvmPauseMonitor (JvmPauseMonitor.java:run(188)) - Starting JVM pause monitor
2019-07-03 21:52:44,232 INFO  datanode.InitDatanodeState (InitDatanodeState.java:persistContainerDatanodeDetails(140)) - DatanodeDetails is persisted to /opt/src/hadoop-ozone/integration-test/target/test-dir/MiniOzoneClusterImpl-178a287a-2fcc-411e-9e7f-012e638f7a06/datanode-0/meta/datanode.id
2019-07-03 21:52:44,327 INFO  background.BlockDeletingService (BlockDeletingService.java:getTasks(123)) - Plan to choose 10 containers for block deletion, actually returns 5 valid containers.
2019-07-03 21:52:44,328 ERROR utils.ContainerCache (ContainerCache.java:getDB(137)) - Error opening DB. Container:1 ContainerPath:/opt/src/hadoop-ozone/integration-test/target/test-dir/MiniOzoneClusterImpl-a761fe1f-0c0e-47cb-a611-f8332fccf762/datanode-0/data/containers/hdds/5e8e6293-46cb-4cd3-b79f-910131fb7ceb/current/containerDir0/1/metadata/1-dn-container.db
java.io.IOException: Failed init RocksDB, db path : /opt/src/hadoop-ozone/integration-test/target/test-dir/MiniOzoneClusterImpl-a761fe1f-0c0e-47cb-a611-f8332fccf762/datanode-0/data/containers/hdds/5e8e6293-46cb-4cd3-b79f-910131fb7ceb/current/containerDir0/1/metadata/1-dn-container.db
	at org.apache.hadoop.utils.RocksDBStore.<init>(RocksDBStore.java:87)
	at org.apache.hadoop.utils.MetadataStoreBuilder.build(MetadataStoreBuilder.java:137)
	at org.apache.hadoop.ozone.container.common.utils.ContainerCache.getDB(ContainerCache.java:129)
	at org.apache.hadoop.ozone.container.keyvalue.helpers.BlockUtils.getDB(BlockUtils.java:77)
	at org.apache.hadoop.ozone.container.keyvalue.statemachine.background.BlockDeletingService$BlockDeletingTask.call(BlockDeletingService.java:188)
	at org.apache.hadoop.ozone.container.keyvalue.statemachine.background.BlockDeletingService$BlockDeletingTask.call(BlockDeletingService.java:172)
	at java.util.concurrent.FutureTask.run(FutureTask.java:266)
	at java.util.concurrent.Executors$RunnableAdapter.call(Executors.java:511)
	at java.util.concurrent.FutureTask.run(FutureTask.java:266)
	at java.util.concurrent.Executors$RunnableAdapter.call(Executors.java:511)
	at java.util.concurrent.FutureTask.run(FutureTask.java:266)
	at java.util.concurrent.ScheduledThreadPoolExecutor$ScheduledFutureTask.access$201(ScheduledThreadPoolExecutor.java:180)
	at java.util.concurrent.ScheduledThreadPoolExecutor$ScheduledFutureTask.run(ScheduledThreadPoolExecutor.java:293)
	at java.util.concurrent.ThreadPoolExecutor.runWorker(ThreadPoolExecutor.java:1149)
	at java.util.concurrent.ThreadPoolExecutor$Worker.run(ThreadPoolExecutor.java:624)
	at java.lang.Thread.run(Thread.java:748)
Caused by: org.rocksdb.RocksDBException: While mkdir if missing: /opt/src/hadoop-ozone/integration-test/target/test-dir/MiniOzoneClusterImpl-a761fe1f-0c0e-47cb-a611-f8332fccf762/datanode-0/data/containers/hdds/5e8e6293-46cb-4cd3-b79f-910131fb7ceb/current/containerDir0/1/metadata/1-dn-container.db: No such file or directory
	at org.rocksdb.RocksDB.open(Native Method)
	at org.rocksdb.RocksDB.open(RocksDB.java:235)
	at org.apache.hadoop.utils.RocksDBStore.<init>(RocksDBStore.java:71)
	... 15 more
2019-07-03 21:52:44,329 ERROR utils.ContainerCache (ContainerCache.java:getDB(137)) - Error opening DB. Container:5 ContainerPath:/opt/src/hadoop-ozone/integration-test/target/test-dir/MiniOzoneClusterImpl-a761fe1f-0c0e-47cb-a611-f8332fccf762/datanode-0/data/containers/hdds/5e8e6293-46cb-4cd3-b79f-910131fb7ceb/current/containerDir0/5/metadata/5-dn-container.db
java.io.IOException: Failed init RocksDB, db path : /opt/src/hadoop-ozone/integration-test/target/test-dir/MiniOzoneClusterImpl-a761fe1f-0c0e-47cb-a611-f8332fccf762/datanode-0/data/containers/hdds/5e8e6293-46cb-4cd3-b79f-910131fb7ceb/current/containerDir0/5/metadata/5-dn-container.db
	at org.apache.hadoop.utils.RocksDBStore.<init>(RocksDBStore.java:87)
	at org.apache.hadoop.utils.MetadataStoreBuilder.build(MetadataStoreBuilder.java:137)
	at org.apache.hadoop.ozone.container.common.utils.ContainerCache.getDB(ContainerCache.java:129)
	at org.apache.hadoop.ozone.container.keyvalue.helpers.BlockUtils.getDB(BlockUtils.java:77)
	at org.apache.hadoop.ozone.container.keyvalue.statemachine.background.BlockDeletingService$BlockDeletingTask.call(BlockDeletingService.java:188)
	at org.apache.hadoop.ozone.container.keyvalue.statemachine.background.BlockDeletingService$BlockDeletingTask.call(BlockDeletingService.java:172)
	at java.util.concurrent.FutureTask.run(FutureTask.java:266)
	at java.util.concurrent.Executors$RunnableAdapter.call(Executors.java:511)
	at java.util.concurrent.FutureTask.run(FutureTask.java:266)
	at java.util.concurrent.Executors$RunnableAdapter.call(Executors.java:511)
	at java.util.concurrent.FutureTask.run(FutureTask.java:266)
	at java.util.concurrent.ScheduledThreadPoolExecutor$ScheduledFutureTask.access$201(ScheduledThreadPoolExecutor.java:180)
	at java.util.concurrent.ScheduledThreadPoolExecutor$ScheduledFutureTask.run(ScheduledThreadPoolExecutor.java:293)
	at java.util.concurrent.ThreadPoolExecutor.runWorker(ThreadPoolExecutor.java:1149)
	at java.util.concurrent.ThreadPoolExecutor$Worker.run(ThreadPoolExecutor.java:624)
	at java.lang.Thread.run(Thread.java:748)
Caused by: org.rocksdb.RocksDBException: While mkdir if missing: /opt/src/hadoop-ozone/integration-test/target/test-dir/MiniOzoneClusterImpl-a761fe1f-0c0e-47cb-a611-f8332fccf762/datanode-0/data/containers/hdds/5e8e6293-46cb-4cd3-b79f-910131fb7ceb/current/containerDir0/5/metadata/5-dn-container.db: No such file or directory
	at org.rocksdb.RocksDB.open(Native Method)
	at org.rocksdb.RocksDB.open(RocksDB.java:235)
	at org.apache.hadoop.utils.RocksDBStore.<init>(RocksDBStore.java:71)
	... 15 more
2019-07-03 21:52:44,330 WARN  utils.BackgroundService (BackgroundService.java:lambda$run$0(135)) - Background task fails to execute, retrying in next interval
java.util.concurrent.ExecutionException: org.apache.hadoop.hdds.scm.container.common.helpers.StorageContainerException: Error opening DB. Container:5 ContainerPath:/opt/src/hadoop-ozone/integration-test/target/test-dir/MiniOzoneClusterImpl-a761fe1f-0c0e-47cb-a611-f8332fccf762/datanode-0/data/containers/hdds/5e8e6293-46cb-4cd3-b79f-910131fb7ceb/current/containerDir0/5/metadata/5-dn-container.db
	at java.util.concurrent.FutureTask.report(FutureTask.java:122)
	at java.util.concurrent.FutureTask.get(FutureTask.java:206)
	at org.apache.hadoop.utils.BackgroundService$PeriodicalTask.lambda$run$0(BackgroundService.java:129)
	at java.util.stream.ForEachOps$ForEachOp$OfRef.accept(ForEachOps.java:184)
	at java.util.ArrayList$ArrayListSpliterator.forEachRemaining(ArrayList.java:1382)
	at java.util.stream.AbstractPipeline.copyInto(AbstractPipeline.java:482)
	at java.util.stream.ForEachOps$ForEachTask.compute(ForEachOps.java:291)
	at java.util.concurrent.CountedCompleter.exec(CountedCompleter.java:731)
	at java.util.concurrent.ForkJoinTask.doExec(ForkJoinTask.java:289)
	at java.util.concurrent.ForkJoinPool$WorkQueue.runTask(ForkJoinPool.java:1056)
	at java.util.concurrent.ForkJoinPool.runWorker(ForkJoinPool.java:1692)
	at java.util.concurrent.ForkJoinWorkerThread.run(ForkJoinWorkerThread.java:157)
Caused by: org.apache.hadoop.hdds.scm.container.common.helpers.StorageContainerException: Error opening DB. Container:5 ContainerPath:/opt/src/hadoop-ozone/integration-test/target/test-dir/MiniOzoneClusterImpl-a761fe1f-0c0e-47cb-a611-f8332fccf762/datanode-0/data/containers/hdds/5e8e6293-46cb-4cd3-b79f-910131fb7ceb/current/containerDir0/5/metadata/5-dn-container.db
	at org.apache.hadoop.ozone.container.keyvalue.helpers.BlockUtils.getDB(BlockUtils.java:84)
	at org.apache.hadoop.ozone.container.keyvalue.statemachine.background.BlockDeletingService$BlockDeletingTask.call(BlockDeletingService.java:188)
	at org.apache.hadoop.ozone.container.keyvalue.statemachine.background.BlockDeletingService$BlockDeletingTask.call(BlockDeletingService.java:172)
	at java.util.concurrent.FutureTask.run(FutureTask.java:266)
	at java.util.concurrent.Executors$RunnableAdapter.call(Executors.java:511)
	at java.util.concurrent.FutureTask.run(FutureTask.java:266)
	at java.util.concurrent.Executors$RunnableAdapter.call(Executors.java:511)
	at java.util.concurrent.FutureTask.run(FutureTask.java:266)
	at java.util.concurrent.ScheduledThreadPoolExecutor$ScheduledFutureTask.access$201(ScheduledThreadPoolExecutor.java:180)
	at java.util.concurrent.ScheduledThreadPoolExecutor$ScheduledFutureTask.run(ScheduledThreadPoolExecutor.java:293)
	at java.util.concurrent.ThreadPoolExecutor.runWorker(ThreadPoolExecutor.java:1149)
	at java.util.concurrent.ThreadPoolExecutor$Worker.run(ThreadPoolExecutor.java:624)
	at java.lang.Thread.run(Thread.java:748)
2019-07-03 21:52:44,330 ERROR utils.ContainerCache (ContainerCache.java:getDB(137)) - Error opening DB. Container:4 ContainerPath:/opt/src/hadoop-ozone/integration-test/target/test-dir/MiniOzoneClusterImpl-a761fe1f-0c0e-47cb-a611-f8332fccf762/datanode-0/data/containers/hdds/5e8e6293-46cb-4cd3-b79f-910131fb7ceb/current/containerDir0/4/metadata/4-dn-container.db
java.io.IOException: Failed init RocksDB, db path : /opt/src/hadoop-ozone/integration-test/target/test-dir/MiniOzoneClusterImpl-a761fe1f-0c0e-47cb-a611-f8332fccf762/datanode-0/data/containers/hdds/5e8e6293-46cb-4cd3-b79f-910131fb7ceb/current/containerDir0/4/metadata/4-dn-container.db
	at org.apache.hadoop.utils.RocksDBStore.<init>(RocksDBStore.java:87)
	at org.apache.hadoop.utils.MetadataStoreBuilder.build(MetadataStoreBuilder.java:137)
	at org.apache.hadoop.ozone.container.common.utils.ContainerCache.getDB(ContainerCache.java:129)
	at org.apache.hadoop.ozone.container.keyvalue.helpers.BlockUtils.getDB(BlockUtils.java:77)
	at org.apache.hadoop.ozone.container.keyvalue.statemachine.background.BlockDeletingService$BlockDeletingTask.call(BlockDeletingService.java:188)
	at org.apache.hadoop.ozone.container.keyvalue.statemachine.background.BlockDeletingService$BlockDeletingTask.call(BlockDeletingService.java:172)
	at java.util.concurrent.FutureTask.run(FutureTask.java:266)
	at java.util.concurrent.Executors$RunnableAdapter.call(Executors.java:511)
	at java.util.concurrent.FutureTask.run(FutureTask.java:266)
	at java.util.concurrent.Executors$RunnableAdapter.call(Executors.java:511)
	at java.util.concurrent.FutureTask.run(FutureTask.java:266)
	at java.util.concurrent.ScheduledThreadPoolExecutor$ScheduledFutureTask.access$201(ScheduledThreadPoolExecutor.java:180)
	at java.util.concurrent.ScheduledThreadPoolExecutor$ScheduledFutureTask.run(ScheduledThreadPoolExecutor.java:293)
	at java.util.concurrent.ThreadPoolExecutor.runWorker(ThreadPoolExecutor.java:1149)
	at java.util.concurrent.ThreadPoolExecutor$Worker.run(ThreadPoolExecutor.java:624)
	at java.lang.Thread.run(Thread.java:748)
Caused by: org.rocksdb.RocksDBException: While mkdir if missing: /opt/src/hadoop-ozone/integration-test/target/test-dir/MiniOzoneClusterImpl-a761fe1f-0c0e-47cb-a611-f8332fccf762/datanode-0/data/containers/hdds/5e8e6293-46cb-4cd3-b79f-910131fb7ceb/current/containerDir0/4/metadata/4-dn-container.db: No such file or directory
	at org.rocksdb.RocksDB.open(Native Method)
	at org.rocksdb.RocksDB.open(RocksDB.java:235)
	at org.apache.hadoop.utils.RocksDBStore.<init>(RocksDBStore.java:71)
	... 15 more
2019-07-03 21:52:44,331 WARN  utils.BackgroundService (BackgroundService.java:lambda$run$0(135)) - Background task fails to execute, retrying in next interval
java.util.concurrent.ExecutionException: org.apache.hadoop.hdds.scm.container.common.helpers.StorageContainerException: Error opening DB. Container:1 ContainerPath:/opt/src/hadoop-ozone/integration-test/target/test-dir/MiniOzoneClusterImpl-a761fe1f-0c0e-47cb-a611-f8332fccf762/datanode-0/data/containers/hdds/5e8e6293-46cb-4cd3-b79f-910131fb7ceb/current/containerDir0/1/metadata/1-dn-container.db
	at java.util.concurrent.FutureTask.report(FutureTask.java:122)
	at java.util.concurrent.FutureTask.get(FutureTask.java:206)
	at org.apache.hadoop.utils.BackgroundService$PeriodicalTask.lambda$run$0(BackgroundService.java:129)
	at java.util.stream.ForEachOps$ForEachOp$OfRef.accept(ForEachOps.java:184)
	at java.util.ArrayList$ArrayListSpliterator.forEachRemaining(ArrayList.java:1382)
	at java.util.stream.AbstractPipeline.copyInto(AbstractPipeline.java:482)
	at java.util.stream.ForEachOps$ForEachTask.compute(ForEachOps.java:291)
	at java.util.concurrent.CountedCompleter.exec(CountedCompleter.java:731)
	at java.util.concurrent.ForkJoinTask.doExec(ForkJoinTask.java:289)
	at java.util.concurrent.ForkJoinPool$WorkQueue.execLocalTasks(ForkJoinPool.java:1040)
	at java.util.concurrent.ForkJoinPool$WorkQueue.runTask(ForkJoinPool.java:1058)
	at java.util.concurrent.ForkJoinPool.runWorker(ForkJoinPool.java:1692)
	at java.util.concurrent.ForkJoinWorkerThread.run(ForkJoinWorkerThread.java:157)
Caused by: org.apache.hadoop.hdds.scm.container.common.helpers.StorageContainerException: Error opening DB. Container:1 ContainerPath:/opt/src/hadoop-ozone/integration-test/target/test-dir/MiniOzoneClusterImpl-a761fe1f-0c0e-47cb-a611-f8332fccf762/datanode-0/data/containers/hdds/5e8e6293-46cb-4cd3-b79f-910131fb7ceb/current/containerDir0/1/metadata/1-dn-container.db
	at org.apache.hadoop.ozone.container.keyvalue.helpers.BlockUtils.getDB(BlockUtils.java:84)
	at org.apache.hadoop.ozone.container.keyvalue.statemachine.background.BlockDeletingService$BlockDeletingTask.call(BlockDeletingService.java:188)
	at org.apache.hadoop.ozone.container.keyvalue.statemachine.background.BlockDeletingService$BlockDeletingTask.call(BlockDeletingService.java:172)
	at java.util.concurrent.FutureTask.run(FutureTask.java:266)
	at java.util.concurrent.Executors$RunnableAdapter.call(Executors.java:511)
	at java.util.concurrent.FutureTask.run(FutureTask.java:266)
	at java.util.concurrent.Executors$RunnableAdapter.call(Executors.java:511)
	at java.util.concurrent.FutureTask.run(FutureTask.java:266)
	at java.util.concurrent.ScheduledThreadPoolExecutor$ScheduledFutureTask.access$201(ScheduledThreadPoolExecutor.java:180)
	at java.util.concurrent.ScheduledThreadPoolExecutor$ScheduledFutureTask.run(ScheduledThreadPoolExecutor.java:293)
	at java.util.concurrent.ThreadPoolExecutor.runWorker(ThreadPoolExecutor.java:1149)
	at java.util.concurrent.ThreadPoolExecutor$Worker.run(ThreadPoolExecutor.java:624)
	at java.lang.Thread.run(Thread.java:748)
2019-07-03 21:52:44,331 WARN  utils.BackgroundService (BackgroundService.java:lambda$run$0(135)) - Background task fails to execute, retrying in next interval
java.util.concurrent.ExecutionException: org.apache.hadoop.hdds.scm.container.common.helpers.StorageContainerException: Error opening DB. Container:4 ContainerPath:/opt/src/hadoop-ozone/integration-test/target/test-dir/MiniOzoneClusterImpl-a761fe1f-0c0e-47cb-a611-f8332fccf762/datanode-0/data/containers/hdds/5e8e6293-46cb-4cd3-b79f-910131fb7ceb/current/containerDir0/4/metadata/4-dn-container.db
	at java.util.concurrent.FutureTask.report(FutureTask.java:122)
	at java.util.concurrent.FutureTask.get(FutureTask.java:206)
	at org.apache.hadoop.utils.BackgroundService$PeriodicalTask.lambda$run$0(BackgroundService.java:129)
	at java.util.stream.ForEachOps$ForEachOp$OfRef.accept(ForEachOps.java:184)
	at java.util.ArrayList$ArrayListSpliterator.forEachRemaining(ArrayList.java:1382)
	at java.util.stream.AbstractPipeline.copyInto(AbstractPipeline.java:482)
	at java.util.stream.ForEachOps$ForEachTask.compute(ForEachOps.java:291)
	at java.util.concurrent.CountedCompleter.exec(CountedCompleter.java:731)
	at java.util.concurrent.ForkJoinTask.doExec(ForkJoinTask.java:289)
	at java.util.concurrent.ForkJoinTask.doInvoke(ForkJoinTask.java:401)
	at java.util.concurrent.ForkJoinTask.invoke(ForkJoinTask.java:734)
	at java.util.stream.ForEachOps$ForEachOp.evaluateParallel(ForEachOps.java:160)
	at java.util.stream.ForEachOps$ForEachOp$OfRef.evaluateParallel(ForEachOps.java:174)
	at java.util.stream.AbstractPipeline.evaluate(AbstractPipeline.java:233)
	at java.util.stream.ReferencePipeline.forEach(ReferencePipeline.java:418)
	at java.util.stream.ReferencePipeline$Head.forEach(ReferencePipeline.java:583)
	at org.apache.hadoop.utils.BackgroundService$PeriodicalTask.run(BackgroundService.java:125)
	at java.util.concurrent.Executors$RunnableAdapter.call(Executors.java:511)
	at java.util.concurrent.FutureTask.runAndReset(FutureTask.java:308)
	at java.util.concurrent.ScheduledThreadPoolExecutor$ScheduledFutureTask.access$301(ScheduledThreadPoolExecutor.java:180)
	at java.util.concurrent.ScheduledThreadPoolExecutor$ScheduledFutureTask.run(ScheduledThreadPoolExecutor.java:294)
	at java.util.concurrent.ThreadPoolExecutor.runWorker(ThreadPoolExecutor.java:1149)
	at java.util.concurrent.ThreadPoolExecutor$Worker.run(ThreadPoolExecutor.java:624)
	at java.lang.Thread.run(Thread.java:748)
Caused by: org.apache.hadoop.hdds.scm.container.common.helpers.StorageContainerException: Error opening DB. Container:4 ContainerPath:/opt/src/hadoop-ozone/integration-test/target/test-dir/MiniOzoneClusterImpl-a761fe1f-0c0e-47cb-a611-f8332fccf762/datanode-0/data/containers/hdds/5e8e6293-46cb-4cd3-b79f-910131fb7ceb/current/containerDir0/4/metadata/4-dn-container.db
	at org.apache.hadoop.ozone.container.keyvalue.helpers.BlockUtils.getDB(BlockUtils.java:84)
	at org.apache.hadoop.ozone.container.keyvalue.statemachine.background.BlockDeletingService$BlockDeletingTask.call(BlockDeletingService.java:188)
	at org.apache.hadoop.ozone.container.keyvalue.statemachine.background.BlockDeletingService$BlockDeletingTask.call(BlockDeletingService.java:172)
	at java.util.concurrent.FutureTask.run(FutureTask.java:266)
	at java.util.concurrent.Executors$RunnableAdapter.call(Executors.java:511)
	at java.util.concurrent.FutureTask.run(FutureTask.java:266)
	at java.util.concurrent.Executors$RunnableAdapter.call(Executors.java:511)
	at java.util.concurrent.FutureTask.run(FutureTask.java:266)
	at java.util.concurrent.ScheduledThreadPoolExecutor$ScheduledFutureTask.access$201(ScheduledThreadPoolExecutor.java:180)
	at java.util.concurrent.ScheduledThreadPoolExecutor$ScheduledFutureTask.run(ScheduledThreadPoolExecutor.java:293)
	... 3 more
2019-07-03 21:52:44,332 ERROR utils.ContainerCache (ContainerCache.java:getDB(137)) - Error opening DB. Container:3 ContainerPath:/opt/src/hadoop-ozone/integration-test/target/test-dir/MiniOzoneClusterImpl-a761fe1f-0c0e-47cb-a611-f8332fccf762/datanode-0/data/containers/hdds/5e8e6293-46cb-4cd3-b79f-910131fb7ceb/current/containerDir0/3/metadata/3-dn-container.db
java.io.IOException: Failed init RocksDB, db path : /opt/src/hadoop-ozone/integration-test/target/test-dir/MiniOzoneClusterImpl-a761fe1f-0c0e-47cb-a611-f8332fccf762/datanode-0/data/containers/hdds/5e8e6293-46cb-4cd3-b79f-910131fb7ceb/current/containerDir0/3/metadata/3-dn-container.db
	at org.apache.hadoop.utils.RocksDBStore.<init>(RocksDBStore.java:87)
	at org.apache.hadoop.utils.MetadataStoreBuilder.build(MetadataStoreBuilder.java:137)
	at org.apache.hadoop.ozone.container.common.utils.ContainerCache.getDB(ContainerCache.java:129)
	at org.apache.hadoop.ozone.container.keyvalue.helpers.BlockUtils.getDB(BlockUtils.java:77)
	at org.apache.hadoop.ozone.container.keyvalue.statemachine.background.BlockDeletingService$BlockDeletingTask.call(BlockDeletingService.java:188)
	at org.apache.hadoop.ozone.container.keyvalue.statemachine.background.BlockDeletingService$BlockDeletingTask.call(BlockDeletingService.java:172)
	at java.util.concurrent.FutureTask.run(FutureTask.java:266)
	at java.util.concurrent.Executors$RunnableAdapter.call(Executors.java:511)
	at java.util.concurrent.FutureTask.run(FutureTask.java:266)
	at java.util.concurrent.Executors$RunnableAdapter.call(Executors.java:511)
	at java.util.concurrent.FutureTask.run(FutureTask.java:266)
	at java.util.concurrent.ScheduledThreadPoolExecutor$ScheduledFutureTask.access$201(ScheduledThreadPoolExecutor.java:180)
	at java.util.concurrent.ScheduledThreadPoolExecutor$ScheduledFutureTask.run(ScheduledThreadPoolExecutor.java:293)
	at java.util.concurrent.ThreadPoolExecutor.runWorker(ThreadPoolExecutor.java:1149)
	at java.util.concurrent.ThreadPoolExecutor$Worker.run(ThreadPoolExecutor.java:624)
	at java.lang.Thread.run(Thread.java:748)
Caused by: org.rocksdb.RocksDBException: While mkdir if missing: /opt/src/hadoop-ozone/integration-test/target/test-dir/MiniOzoneClusterImpl-a761fe1f-0c0e-47cb-a611-f8332fccf762/datanode-0/data/containers/hdds/5e8e6293-46cb-4cd3-b79f-910131fb7ceb/current/containerDir0/3/metadata/3-dn-container.db: No such file or directory
	at org.rocksdb.RocksDB.open(Native Method)
	at org.rocksdb.RocksDB.open(RocksDB.java:235)
	at org.apache.hadoop.utils.RocksDBStore.<init>(RocksDBStore.java:71)
	... 15 more
2019-07-03 21:52:44,333 WARN  utils.BackgroundService (BackgroundService.java:lambda$run$0(135)) - Background task fails to execute, retrying in next interval
java.util.concurrent.ExecutionException: org.apache.hadoop.hdds.scm.container.common.helpers.StorageContainerException: Error opening DB. Container:3 ContainerPath:/opt/src/hadoop-ozone/integration-test/target/test-dir/MiniOzoneClusterImpl-a761fe1f-0c0e-47cb-a611-f8332fccf762/datanode-0/data/containers/hdds/5e8e6293-46cb-4cd3-b79f-910131fb7ceb/current/containerDir0/3/metadata/3-dn-container.db
	at java.util.concurrent.FutureTask.report(FutureTask.java:122)
	at java.util.concurrent.FutureTask.get(FutureTask.java:206)
	at org.apache.hadoop.utils.BackgroundService$PeriodicalTask.lambda$run$0(BackgroundService.java:129)
	at java.util.stream.ForEachOps$ForEachOp$OfRef.accept(ForEachOps.java:184)
	at java.util.ArrayList$ArrayListSpliterator.forEachRemaining(ArrayList.java:1382)
	at java.util.stream.AbstractPipeline.copyInto(AbstractPipeline.java:482)
	at java.util.stream.ForEachOps$ForEachTask.compute(ForEachOps.java:291)
	at java.util.concurrent.CountedCompleter.exec(CountedCompleter.java:731)
	at java.util.concurrent.ForkJoinTask.doExec(ForkJoinTask.java:289)
	at java.util.concurrent.ForkJoinPool$WorkQueue.pollAndExecCC(ForkJoinPool.java:1190)
	at java.util.concurrent.ForkJoinPool.helpComplete(ForkJoinPool.java:1879)
	at java.util.concurrent.ForkJoinPool.externalHelpComplete(ForkJoinPool.java:2467)
	at java.util.concurrent.ForkJoinTask.externalAwaitDone(ForkJoinTask.java:324)
	at java.util.concurrent.ForkJoinTask.doInvoke(ForkJoinTask.java:405)
	at java.util.concurrent.ForkJoinTask.invoke(ForkJoinTask.java:734)
	at java.util.stream.ForEachOps$ForEachOp.evaluateParallel(ForEachOps.java:160)
	at java.util.stream.ForEachOps$ForEachOp$OfRef.evaluateParallel(ForEachOps.java:174)
	at java.util.stream.AbstractPipeline.evaluate(AbstractPipeline.java:233)
	at java.util.stream.ReferencePipeline.forEach(ReferencePipeline.java:418)
	at java.util.stream.ReferencePipeline$Head.forEach(ReferencePipeline.java:583)
	at org.apache.hadoop.utils.BackgroundService$PeriodicalTask.run(BackgroundService.java:125)
	at java.util.concurrent.Executors$RunnableAdapter.call(Executors.java:511)
	at java.util.concurrent.FutureTask.runAndReset(FutureTask.java:308)
	at java.util.concurrent.ScheduledThreadPoolExecutor$ScheduledFutureTask.access$301(ScheduledThreadPoolExecutor.java:180)
	at java.util.concurrent.ScheduledThreadPoolExecutor$ScheduledFutureTask.run(ScheduledThreadPoolExecutor.java:294)
	at java.util.concurrent.ThreadPoolExecutor.runWorker(ThreadPoolExecutor.java:1149)
	at java.util.concurrent.ThreadPoolExecutor$Worker.run(ThreadPoolExecutor.java:624)
	at java.lang.Thread.run(Thread.java:748)
Caused by: org.apache.hadoop.hdds.scm.container.common.helpers.StorageContainerException: Error opening DB. Container:3 ContainerPath:/opt/src/hadoop-ozone/integration-test/target/test-dir/MiniOzoneClusterImpl-a761fe1f-0c0e-47cb-a611-f8332fccf762/datanode-0/data/containers/hdds/5e8e6293-46cb-4cd3-b79f-910131fb7ceb/current/containerDir0/3/metadata/3-dn-container.db
	at org.apache.hadoop.ozone.container.keyvalue.helpers.BlockUtils.getDB(BlockUtils.java:84)
	at org.apache.hadoop.ozone.container.keyvalue.statemachine.background.BlockDeletingService$BlockDeletingTask.call(BlockDeletingService.java:188)
	at org.apache.hadoop.ozone.container.keyvalue.statemachine.background.BlockDeletingService$BlockDeletingTask.call(BlockDeletingService.java:172)
	at java.util.concurrent.FutureTask.run(FutureTask.java:266)
	at java.util.concurrent.Executors$RunnableAdapter.call(Executors.java:511)
	at java.util.concurrent.FutureTask.run(FutureTask.java:266)
	at java.util.concurrent.Executors$RunnableAdapter.call(Executors.java:511)
	at java.util.concurrent.FutureTask.run(FutureTask.java:266)
	at java.util.concurrent.ScheduledThreadPoolExecutor$ScheduledFutureTask.access$201(ScheduledThreadPoolExecutor.java:180)
	at java.util.concurrent.ScheduledThreadPoolExecutor$ScheduledFutureTask.run(ScheduledThreadPoolExecutor.java:293)
	... 3 more
2019-07-03 21:52:44,333 ERROR utils.ContainerCache (ContainerCache.java:getDB(137)) - Error opening DB. Container:2 ContainerPath:/opt/src/hadoop-ozone/integration-test/target/test-dir/MiniOzoneClusterImpl-a761fe1f-0c0e-47cb-a611-f8332fccf762/datanode-0/data/containers/hdds/5e8e6293-46cb-4cd3-b79f-910131fb7ceb/current/containerDir0/2/metadata/2-dn-container.db
java.io.IOException: Failed init RocksDB, db path : /opt/src/hadoop-ozone/integration-test/target/test-dir/MiniOzoneClusterImpl-a761fe1f-0c0e-47cb-a611-f8332fccf762/datanode-0/data/containers/hdds/5e8e6293-46cb-4cd3-b79f-910131fb7ceb/current/containerDir0/2/metadata/2-dn-container.db
	at org.apache.hadoop.utils.RocksDBStore.<init>(RocksDBStore.java:87)
	at org.apache.hadoop.utils.MetadataStoreBuilder.build(MetadataStoreBuilder.java:137)
	at org.apache.hadoop.ozone.container.common.utils.ContainerCache.getDB(ContainerCache.java:129)
	at org.apache.hadoop.ozone.container.keyvalue.helpers.BlockUtils.getDB(BlockUtils.java:77)
	at org.apache.hadoop.ozone.container.keyvalue.statemachine.background.BlockDeletingService$BlockDeletingTask.call(BlockDeletingService.java:188)
	at org.apache.hadoop.ozone.container.keyvalue.statemachine.background.BlockDeletingService$BlockDeletingTask.call(BlockDeletingService.java:172)
	at java.util.concurrent.FutureTask.run(FutureTask.java:266)
	at java.util.concurrent.Executors$RunnableAdapter.call(Executors.java:511)
	at java.util.concurrent.FutureTask.run(FutureTask.java:266)
	at java.util.concurrent.Executors$RunnableAdapter.call(Executors.java:511)
	at java.util.concurrent.FutureTask.run(FutureTask.java:266)
	at java.util.concurrent.ScheduledThreadPoolExecutor$ScheduledFutureTask.access$201(ScheduledThreadPoolExecutor.java:180)
	at java.util.concurrent.ScheduledThreadPoolExecutor$ScheduledFutureTask.run(ScheduledThreadPoolExecutor.java:293)
	at java.util.concurrent.ThreadPoolExecutor.runWorker(ThreadPoolExecutor.java:1149)
	at java.util.concurrent.ThreadPoolExecutor$Worker.run(ThreadPoolExecutor.java:624)
	at java.lang.Thread.run(Thread.java:748)
Caused by: org.rocksdb.RocksDBException: While mkdir if missing: /opt/src/hadoop-ozone/integration-test/target/test-dir/MiniOzoneClusterImpl-a761fe1f-0c0e-47cb-a611-f8332fccf762/datanode-0/data/containers/hdds/5e8e6293-46cb-4cd3-b79f-910131fb7ceb/current/containerDir0/2/metadata/2-dn-container.db: No such file or directory
	at org.rocksdb.RocksDB.open(Native Method)
	at org.rocksdb.RocksDB.open(RocksDB.java:235)
	at org.apache.hadoop.utils.RocksDBStore.<init>(RocksDBStore.java:71)
	... 15 more
2019-07-03 21:52:44,334 WARN  utils.BackgroundService (BackgroundService.java:lambda$run$0(135)) - Background task fails to execute, retrying in next interval
java.util.concurrent.ExecutionException: org.apache.hadoop.hdds.scm.container.common.helpers.StorageContainerException: Error opening DB. Container:2 ContainerPath:/opt/src/hadoop-ozone/integration-test/target/test-dir/MiniOzoneClusterImpl-a761fe1f-0c0e-47cb-a611-f8332fccf762/datanode-0/data/containers/hdds/5e8e6293-46cb-4cd3-b79f-910131fb7ceb/current/containerDir0/2/metadata/2-dn-container.db
	at java.util.concurrent.FutureTask.report(FutureTask.java:122)
	at java.util.concurrent.FutureTask.get(FutureTask.java:206)
	at org.apache.hadoop.utils.BackgroundService$PeriodicalTask.lambda$run$0(BackgroundService.java:129)
	at java.util.stream.ForEachOps$ForEachOp$OfRef.accept(ForEachOps.java:184)
	at java.util.ArrayList$ArrayListSpliterator.forEachRemaining(ArrayList.java:1382)
	at java.util.stream.AbstractPipeline.copyInto(AbstractPipeline.java:482)
	at java.util.stream.ForEachOps$ForEachTask.compute(ForEachOps.java:291)
	at java.util.concurrent.CountedCompleter.exec(CountedCompleter.java:731)
	at java.util.concurrent.ForkJoinTask.doExec(ForkJoinTask.java:289)
	at java.util.concurrent.ForkJoinPool$WorkQueue.runTask(ForkJoinPool.java:1056)
	at java.util.concurrent.ForkJoinPool.runWorker(ForkJoinPool.java:1692)
	at java.util.concurrent.ForkJoinWorkerThread.run(ForkJoinWorkerThread.java:157)
Caused by: org.apache.hadoop.hdds.scm.container.common.helpers.StorageContainerException: Error opening DB. Container:2 ContainerPath:/opt/src/hadoop-ozone/integration-test/target/test-dir/MiniOzoneClusterImpl-a761fe1f-0c0e-47cb-a611-f8332fccf762/datanode-0/data/containers/hdds/5e8e6293-46cb-4cd3-b79f-910131fb7ceb/current/containerDir0/2/metadata/2-dn-container.db
	at org.apache.hadoop.ozone.container.keyvalue.helpers.BlockUtils.getDB(BlockUtils.java:84)
	at org.apache.hadoop.ozone.container.keyvalue.statemachine.background.BlockDeletingService$BlockDeletingTask.call(BlockDeletingService.java:188)
	at org.apache.hadoop.ozone.container.keyvalue.statemachine.background.BlockDeletingService$BlockDeletingTask.call(BlockDeletingService.java:172)
	at java.util.concurrent.FutureTask.run(FutureTask.java:266)
	at java.util.concurrent.Executors$RunnableAdapter.call(Executors.java:511)
	at java.util.concurrent.FutureTask.run(FutureTask.java:266)
	at java.util.concurrent.Executors$RunnableAdapter.call(Executors.java:511)
	at java.util.concurrent.FutureTask.run(FutureTask.java:266)
	at java.util.concurrent.ScheduledThreadPoolExecutor$ScheduledFutureTask.access$201(ScheduledThreadPoolExecutor.java:180)
	at java.util.concurrent.ScheduledThreadPoolExecutor$ScheduledFutureTask.run(ScheduledThreadPoolExecutor.java:293)
	at java.util.concurrent.ThreadPoolExecutor.runWorker(ThreadPoolExecutor.java:1149)
	at java.util.concurrent.ThreadPoolExecutor$Worker.run(ThreadPoolExecutor.java:624)
	at java.lang.Thread.run(Thread.java:748)
2019-07-03 21:52:45,227 INFO  ozone.MiniOzoneClusterImpl (MiniOzoneClusterImpl.java:lambda$waitForClusterToBeReady$0(142)) - Waiting for cluster to be ready. Got 0 of 1 DN Heartbeats.
2019-07-03 21:52:45,335 INFO  background.BlockDeletingService (BlockDeletingService.java:getTasks(123)) - Plan to choose 10 containers for block deletion, actually returns 5 valid containers.
2019-07-03 21:52:45,336 ERROR utils.ContainerCache (ContainerCache.java:getDB(137)) - Error opening DB. Container:1 ContainerPath:/opt/src/hadoop-ozone/integration-test/target/test-dir/MiniOzoneClusterImpl-a761fe1f-0c0e-47cb-a611-f8332fccf762/datanode-0/data/containers/hdds/5e8e6293-46cb-4cd3-b79f-910131fb7ceb/current/containerDir0/1/metadata/1-dn-container.db
java.io.IOException: Failed init RocksDB, db path : /opt/src/hadoop-ozone/integration-test/target/test-dir/MiniOzoneClusterImpl-a761fe1f-0c0e-47cb-a611-f8332fccf762/datanode-0/data/containers/hdds/5e8e6293-46cb-4cd3-b79f-910131fb7ceb/current/containerDir0/1/metadata/1-dn-container.db
	at org.apache.hadoop.utils.RocksDBStore.<init>(RocksDBStore.java:87)
	at org.apache.hadoop.utils.MetadataStoreBuilder.build(MetadataStoreBuilder.java:137)
	at org.apache.hadoop.ozone.container.common.utils.ContainerCache.getDB(ContainerCache.java:129)
	at org.apache.hadoop.ozone.container.keyvalue.helpers.BlockUtils.getDB(BlockUtils.java:77)
	at org.apache.hadoop.ozone.container.keyvalue.statemachine.background.BlockDeletingService$BlockDeletingTask.call(BlockDeletingService.java:188)
	at org.apache.hadoop.ozone.container.keyvalue.statemachine.background.BlockDeletingService$BlockDeletingTask.call(BlockDeletingService.java:172)
	at java.util.concurrent.FutureTask.run(FutureTask.java:266)
	at java.util.concurrent.Executors$RunnableAdapter.call(Executors.java:511)
	at java.util.concurrent.FutureTask.run(FutureTask.java:266)
	at java.util.concurrent.Executors$RunnableAdapter.call(Executors.java:511)
	at java.util.concurrent.FutureTask.run(FutureTask.java:266)
	at java.util.concurrent.ScheduledThreadPoolExecutor$ScheduledFutureTask.access$201(ScheduledThreadPoolExecutor.java:180)
	at java.util.concurrent.ScheduledThreadPoolExecutor$ScheduledFutureTask.run(ScheduledThreadPoolExecutor.java:293)
	at java.util.concurrent.ThreadPoolExecutor.runWorker(ThreadPoolExecutor.java:1149)
	at java.util.concurrent.ThreadPoolExecutor$Worker.run(ThreadPoolExecutor.java:624)
	at java.lang.Thread.run(Thread.java:748)
Caused by: org.rocksdb.RocksDBException: While mkdir if missing: /opt/src/hadoop-ozone/integration-test/target/test-dir/MiniOzoneClusterImpl-a761fe1f-0c0e-47cb-a611-f8332fccf762/datanode-0/data/containers/hdds/5e8e6293-46cb-4cd3-b79f-910131fb7ceb/current/containerDir0/1/metadata/1-dn-container.db: No such file or directory
	at org.rocksdb.RocksDB.open(Native Method)
	at org.rocksdb.RocksDB.open(RocksDB.java:235)
	at org.apache.hadoop.utils.RocksDBStore.<init>(RocksDBStore.java:71)
	... 15 more
2019-07-03 21:52:45,337 ERROR utils.ContainerCache (ContainerCache.java:getDB(137)) - Error opening DB. Container:5 ContainerPath:/opt/src/hadoop-ozone/integration-test/target/test-dir/MiniOzoneClusterImpl-a761fe1f-0c0e-47cb-a611-f8332fccf762/datanode-0/data/containers/hdds/5e8e6293-46cb-4cd3-b79f-910131fb7ceb/current/containerDir0/5/metadata/5-dn-container.db
java.io.IOException: Failed init RocksDB, db path : /opt/src/hadoop-ozone/integration-test/target/test-dir/MiniOzoneClusterImpl-a761fe1f-0c0e-47cb-a611-f8332fccf762/datanode-0/data/containers/hdds/5e8e6293-46cb-4cd3-b79f-910131fb7ceb/current/containerDir0/5/metadata/5-dn-container.db
	at org.apache.hadoop.utils.RocksDBStore.<init>(RocksDBStore.java:87)
	at org.apache.hadoop.utils.MetadataStoreBuilder.build(MetadataStoreBuilder.java:137)
	at org.apache.hadoop.ozone.container.common.utils.ContainerCache.getDB(ContainerCache.java:129)
	at org.apache.hadoop.ozone.container.keyvalue.helpers.BlockUtils.getDB(BlockUtils.java:77)
	at org.apache.hadoop.ozone.container.keyvalue.statemachine.background.BlockDeletingService$BlockDeletingTask.call(BlockDeletingService.java:188)
	at org.apache.hadoop.ozone.container.keyvalue.statemachine.background.BlockDeletingService$BlockDeletingTask.call(BlockDeletingService.java:172)
	at java.util.concurrent.FutureTask.run(FutureTask.java:266)
	at java.util.concurrent.Executors$RunnableAdapter.call(Executors.java:511)
	at java.util.concurrent.FutureTask.run(FutureTask.java:266)
	at java.util.concurrent.Executors$RunnableAdapter.call(Executors.java:511)
	at java.util.concurrent.FutureTask.run(FutureTask.java:266)
	at java.util.concurrent.ScheduledThreadPoolExecutor$ScheduledFutureTask.access$201(ScheduledThreadPoolExecutor.java:180)
	at java.util.concurrent.ScheduledThreadPoolExecutor$ScheduledFutureTask.run(ScheduledThreadPoolExecutor.java:293)
	at java.util.concurrent.ThreadPoolExecutor.runWorker(ThreadPoolExecutor.java:1149)
	at java.util.concurrent.ThreadPoolExecutor$Worker.run(ThreadPoolExecutor.java:624)
	at java.lang.Thread.run(Thread.java:748)
Caused by: org.rocksdb.RocksDBException: While mkdir if missing: /opt/src/hadoop-ozone/integration-test/target/test-dir/MiniOzoneClusterImpl-a761fe1f-0c0e-47cb-a611-f8332fccf762/datanode-0/data/containers/hdds/5e8e6293-46cb-4cd3-b79f-910131fb7ceb/current/containerDir0/5/metadata/5-dn-container.db: No such file or directory
	at org.rocksdb.RocksDB.open(Native Method)
	at org.rocksdb.RocksDB.open(RocksDB.java:235)
	at org.apache.hadoop.utils.RocksDBStore.<init>(RocksDBStore.java:71)
	... 15 more
2019-07-03 21:52:45,338 WARN  utils.BackgroundService (BackgroundService.java:lambda$run$0(135)) - Background task fails to execute, retrying in next interval
java.util.concurrent.ExecutionException: org.apache.hadoop.hdds.scm.container.common.helpers.StorageContainerException: Error opening DB. Container:5 ContainerPath:/opt/src/hadoop-ozone/integration-test/target/test-dir/MiniOzoneClusterImpl-a761fe1f-0c0e-47cb-a611-f8332fccf762/datanode-0/data/containers/hdds/5e8e6293-46cb-4cd3-b79f-910131fb7ceb/current/containerDir0/5/metadata/5-dn-container.db
	at java.util.concurrent.FutureTask.report(FutureTask.java:122)
	at java.util.concurrent.FutureTask.get(FutureTask.java:206)
	at org.apache.hadoop.utils.BackgroundService$PeriodicalTask.lambda$run$0(BackgroundService.java:129)
	at java.util.stream.ForEachOps$ForEachOp$OfRef.accept(ForEachOps.java:184)
	at java.util.ArrayList$ArrayListSpliterator.forEachRemaining(ArrayList.java:1382)
	at java.util.stream.AbstractPipeline.copyInto(AbstractPipeline.java:482)
	at java.util.stream.ForEachOps$ForEachTask.compute(ForEachOps.java:291)
	at java.util.concurrent.CountedCompleter.exec(CountedCompleter.java:731)
	at java.util.concurrent.ForkJoinTask.doExec(ForkJoinTask.java:289)
	at java.util.concurrent.ForkJoinPool$WorkQueue.runTask(ForkJoinPool.java:1056)
	at java.util.concurrent.ForkJoinPool.runWorker(ForkJoinPool.java:1692)
	at java.util.concurrent.ForkJoinWorkerThread.run(ForkJoinWorkerThread.java:157)
Caused by: org.apache.hadoop.hdds.scm.container.common.helpers.StorageContainerException: Error opening DB. Container:5 ContainerPath:/opt/src/hadoop-ozone/integration-test/target/test-dir/MiniOzoneClusterImpl-a761fe1f-0c0e-47cb-a611-f8332fccf762/datanode-0/data/containers/hdds/5e8e6293-46cb-4cd3-b79f-910131fb7ceb/current/containerDir0/5/metadata/5-dn-container.db
	at org.apache.hadoop.ozone.container.keyvalue.helpers.BlockUtils.getDB(BlockUtils.java:84)
	at org.apache.hadoop.ozone.container.keyvalue.statemachine.background.BlockDeletingService$BlockDeletingTask.call(BlockDeletingService.java:188)
	at org.apache.hadoop.ozone.container.keyvalue.statemachine.background.BlockDeletingService$BlockDeletingTask.call(BlockDeletingService.java:172)
	at java.util.concurrent.FutureTask.run(FutureTask.java:266)
	at java.util.concurrent.Executors$RunnableAdapter.call(Executors.java:511)
	at java.util.concurrent.FutureTask.run(FutureTask.java:266)
	at java.util.concurrent.Executors$RunnableAdapter.call(Executors.java:511)
	at java.util.concurrent.FutureTask.run(FutureTask.java:266)
	at java.util.concurrent.ScheduledThreadPoolExecutor$ScheduledFutureTask.access$201(ScheduledThreadPoolExecutor.java:180)
	at java.util.concurrent.ScheduledThreadPoolExecutor$ScheduledFutureTask.run(ScheduledThreadPoolExecutor.java:293)
	at java.util.concurrent.ThreadPoolExecutor.runWorker(ThreadPoolExecutor.java:1149)
	at java.util.concurrent.ThreadPoolExecutor$Worker.run(ThreadPoolExecutor.java:624)
	at java.lang.Thread.run(Thread.java:748)
2019-07-03 21:52:45,338 WARN  utils.BackgroundService (BackgroundService.java:lambda$run$0(135)) - Background task fails to execute, retrying in next interval
java.util.concurrent.ExecutionException: org.apache.hadoop.hdds.scm.container.common.helpers.StorageContainerException: Error opening DB. Container:1 ContainerPath:/opt/src/hadoop-ozone/integration-test/target/test-dir/MiniOzoneClusterImpl-a761fe1f-0c0e-47cb-a611-f8332fccf762/datanode-0/data/containers/hdds/5e8e6293-46cb-4cd3-b79f-910131fb7ceb/current/containerDir0/1/metadata/1-dn-container.db
	at java.util.concurrent.FutureTask.report(FutureTask.java:122)
	at java.util.concurrent.FutureTask.get(FutureTask.java:206)
	at org.apache.hadoop.utils.BackgroundService$PeriodicalTask.lambda$run$0(BackgroundService.java:129)
	at java.util.stream.ForEachOps$ForEachOp$OfRef.accept(ForEachOps.java:184)
	at java.util.ArrayList$ArrayListSpliterator.forEachRemaining(ArrayList.java:1382)
	at java.util.stream.AbstractPipeline.copyInto(AbstractPipeline.java:482)
	at java.util.stream.ForEachOps$ForEachTask.compute(ForEachOps.java:291)
	at java.util.concurrent.CountedCompleter.exec(CountedCompleter.java:731)
	at java.util.concurrent.ForkJoinTask.doExec(ForkJoinTask.java:289)
	at java.util.concurrent.ForkJoinPool$WorkQueue.execLocalTasks(ForkJoinPool.java:1040)
	at java.util.concurrent.ForkJoinPool$WorkQueue.runTask(ForkJoinPool.java:1058)
	at java.util.concurrent.ForkJoinPool.runWorker(ForkJoinPool.java:1692)
	at java.util.concurrent.ForkJoinWorkerThread.run(ForkJoinWorkerThread.java:157)
Caused by: org.apache.hadoop.hdds.scm.container.common.helpers.StorageContainerException: Error opening DB. Container:1 ContainerPath:/opt/src/hadoop-ozone/integration-test/target/test-dir/MiniOzoneClusterImpl-a761fe1f-0c0e-47cb-a611-f8332fccf762/datanode-0/data/containers/hdds/5e8e6293-46cb-4cd3-b79f-910131fb7ceb/current/containerDir0/1/metadata/1-dn-container.db
	at org.apache.hadoop.ozone.container.keyvalue.helpers.BlockUtils.getDB(BlockUtils.java:84)
	at org.apache.hadoop.ozone.container.keyvalue.statemachine.background.BlockDeletingService$BlockDeletingTask.call(BlockDeletingService.java:188)
	at org.apache.hadoop.ozone.container.keyvalue.statemachine.background.BlockDeletingService$BlockDeletingTask.call(BlockDeletingService.java:172)
	at java.util.concurrent.FutureTask.run(FutureTask.java:266)
	at java.util.concurrent.Executors$RunnableAdapter.call(Executors.java:511)
	at java.util.concurrent.FutureTask.run(FutureTask.java:266)
	at java.util.concurrent.Executors$RunnableAdapter.call(Executors.java:511)
	at java.util.concurrent.FutureTask.run(FutureTask.java:266)
	at java.util.concurrent.ScheduledThreadPoolExecutor$ScheduledFutureTask.access$201(ScheduledThreadPoolExecutor.java:180)
	at java.util.concurrent.ScheduledThreadPoolExecutor$ScheduledFutureTask.run(ScheduledThreadPoolExecutor.java:293)
	at java.util.concurrent.ThreadPoolExecutor.runWorker(ThreadPoolExecutor.java:1149)
	at java.util.concurrent.ThreadPoolExecutor$Worker.run(ThreadPoolExecutor.java:624)
	at java.lang.Thread.run(Thread.java:748)
2019-07-03 21:52:45,338 ERROR utils.ContainerCache (ContainerCache.java:getDB(137)) - Error opening DB. Container:4 ContainerPath:/opt/src/hadoop-ozone/integration-test/target/test-dir/MiniOzoneClusterImpl-a761fe1f-0c0e-47cb-a611-f8332fccf762/datanode-0/data/containers/hdds/5e8e6293-46cb-4cd3-b79f-910131fb7ceb/current/containerDir0/4/metadata/4-dn-container.db
java.io.IOException: Failed init RocksDB, db path : /opt/src/hadoop-ozone/integration-test/target/test-dir/MiniOzoneClusterImpl-a761fe1f-0c0e-47cb-a611-f8332fccf762/datanode-0/data/containers/hdds/5e8e6293-46cb-4cd3-b79f-910131fb7ceb/current/containerDir0/4/metadata/4-dn-container.db
	at org.apache.hadoop.utils.RocksDBStore.<init>(RocksDBStore.java:87)
	at org.apache.hadoop.utils.MetadataStoreBuilder.build(MetadataStoreBuilder.java:137)
	at org.apache.hadoop.ozone.container.common.utils.ContainerCache.getDB(ContainerCache.java:129)
	at org.apache.hadoop.ozone.container.keyvalue.helpers.BlockUtils.getDB(BlockUtils.java:77)
	at org.apache.hadoop.ozone.container.keyvalue.statemachine.background.BlockDeletingService$BlockDeletingTask.call(BlockDeletingService.java:188)
	at org.apache.hadoop.ozone.container.keyvalue.statemachine.background.BlockDeletingService$BlockDeletingTask.call(BlockDeletingService.java:172)
	at java.util.concurrent.FutureTask.run(FutureTask.java:266)
	at java.util.concurrent.Executors$RunnableAdapter.call(Executors.java:511)
	at java.util.concurrent.FutureTask.run(FutureTask.java:266)
	at java.util.concurrent.Executors$RunnableAdapter.call(Executors.java:511)
	at java.util.concurrent.FutureTask.run(FutureTask.java:266)
	at java.util.concurrent.ScheduledThreadPoolExecutor$ScheduledFutureTask.access$201(ScheduledThreadPoolExecutor.java:180)
	at java.util.concurrent.ScheduledThreadPoolExecutor$ScheduledFutureTask.run(ScheduledThreadPoolExecutor.java:293)
	at java.util.concurrent.ThreadPoolExecutor.runWorker(ThreadPoolExecutor.java:1149)
	at java.util.concurrent.ThreadPoolExecutor$Worker.run(ThreadPoolExecutor.java:624)
	at java.lang.Thread.run(Thread.java:748)
Caused by: org.rocksdb.RocksDBException: While mkdir if missing: /opt/src/hadoop-ozone/integration-test/target/test-dir/MiniOzoneClusterImpl-a761fe1f-0c0e-47cb-a611-f8332fccf762/datanode-0/data/containers/hdds/5e8e6293-46cb-4cd3-b79f-910131fb7ceb/current/containerDir0/4/metadata/4-dn-container.db: No such file or directory
	at org.rocksdb.RocksDB.open(Native Method)
	at org.rocksdb.RocksDB.open(RocksDB.java:235)
	at org.apache.hadoop.utils.RocksDBStore.<init>(RocksDBStore.java:71)
	... 15 more
2019-07-03 21:52:45,339 WARN  utils.BackgroundService (BackgroundService.java:lambda$run$0(135)) - Background task fails to execute, retrying in next interval
java.util.concurrent.ExecutionException: org.apache.hadoop.hdds.scm.container.common.helpers.StorageContainerException: Error opening DB. Container:4 ContainerPath:/opt/src/hadoop-ozone/integration-test/target/test-dir/MiniOzoneClusterImpl-a761fe1f-0c0e-47cb-a611-f8332fccf762/datanode-0/data/containers/hdds/5e8e6293-46cb-4cd3-b79f-910131fb7ceb/current/containerDir0/4/metadata/4-dn-container.db
	at java.util.concurrent.FutureTask.report(FutureTask.java:122)
	at java.util.concurrent.FutureTask.get(FutureTask.java:206)
	at org.apache.hadoop.utils.BackgroundService$PeriodicalTask.lambda$run$0(BackgroundService.java:129)
	at java.util.stream.ForEachOps$ForEachOp$OfRef.accept(ForEachOps.java:184)
	at java.util.ArrayList$ArrayListSpliterator.forEachRemaining(ArrayList.java:1382)
	at java.util.stream.AbstractPipeline.copyInto(AbstractPipeline.java:482)
	at java.util.stream.ForEachOps$ForEachTask.compute(ForEachOps.java:291)
	at java.util.concurrent.CountedCompleter.exec(CountedCompleter.java:731)
	at java.util.concurrent.ForkJoinTask.doExec(ForkJoinTask.java:289)
	at java.util.concurrent.ForkJoinTask.doInvoke(ForkJoinTask.java:401)
	at java.util.concurrent.ForkJoinTask.invoke(ForkJoinTask.java:734)
	at java.util.stream.ForEachOps$ForEachOp.evaluateParallel(ForEachOps.java:160)
	at java.util.stream.ForEachOps$ForEachOp$OfRef.evaluateParallel(ForEachOps.java:174)
	at java.util.stream.AbstractPipeline.evaluate(AbstractPipeline.java:233)
	at java.util.stream.ReferencePipeline.forEach(ReferencePipeline.java:418)
	at java.util.stream.ReferencePipeline$Head.forEach(ReferencePipeline.java:583)
	at org.apache.hadoop.utils.BackgroundService$PeriodicalTask.run(BackgroundService.java:125)
	at java.util.concurrent.Executors$RunnableAdapter.call(Executors.java:511)
	at java.util.concurrent.FutureTask.runAndReset(FutureTask.java:308)
	at java.util.concurrent.ScheduledThreadPoolExecutor$ScheduledFutureTask.access$301(ScheduledThreadPoolExecutor.java:180)
	at java.util.concurrent.ScheduledThreadPoolExecutor$ScheduledFutureTask.run(ScheduledThreadPoolExecutor.java:294)
	at java.util.concurrent.ThreadPoolExecutor.runWorker(ThreadPoolExecutor.java:1149)
	at java.util.concurrent.ThreadPoolExecutor$Worker.run(ThreadPoolExecutor.java:624)
	at java.lang.Thread.run(Thread.java:748)
Caused by: org.apache.hadoop.hdds.scm.container.common.helpers.StorageContainerException: Error opening DB. Container:4 ContainerPath:/opt/src/hadoop-ozone/integration-test/target/test-dir/MiniOzoneClusterImpl-a761fe1f-0c0e-47cb-a611-f8332fccf762/datanode-0/data/containers/hdds/5e8e6293-46cb-4cd3-b79f-910131fb7ceb/current/containerDir0/4/metadata/4-dn-container.db
	at org.apache.hadoop.ozone.container.keyvalue.helpers.BlockUtils.getDB(BlockUtils.java:84)
	at org.apache.hadoop.ozone.container.keyvalue.statemachine.background.BlockDeletingService$BlockDeletingTask.call(BlockDeletingService.java:188)
	at org.apache.hadoop.ozone.container.keyvalue.statemachine.background.BlockDeletingService$BlockDeletingTask.call(BlockDeletingService.java:172)
	at java.util.concurrent.FutureTask.run(FutureTask.java:266)
	at java.util.concurrent.Executors$RunnableAdapter.call(Executors.java:511)
	at java.util.concurrent.FutureTask.run(FutureTask.java:266)
	at java.util.concurrent.Executors$RunnableAdapter.call(Executors.java:511)
	at java.util.concurrent.FutureTask.run(FutureTask.java:266)
	at java.util.concurrent.ScheduledThreadPoolExecutor$ScheduledFutureTask.access$201(ScheduledThreadPoolExecutor.java:180)
	at java.util.concurrent.ScheduledThreadPoolExecutor$ScheduledFutureTask.run(ScheduledThreadPoolExecutor.java:293)
	... 3 more
2019-07-03 21:52:45,339 ERROR utils.ContainerCache (ContainerCache.java:getDB(137)) - Error opening DB. Container:3 ContainerPath:/opt/src/hadoop-ozone/integration-test/target/test-dir/MiniOzoneClusterImpl-a761fe1f-0c0e-47cb-a611-f8332fccf762/datanode-0/data/containers/hdds/5e8e6293-46cb-4cd3-b79f-910131fb7ceb/current/containerDir0/3/metadata/3-dn-container.db
java.io.IOException: Failed init RocksDB, db path : /opt/src/hadoop-ozone/integration-test/target/test-dir/MiniOzoneClusterImpl-a761fe1f-0c0e-47cb-a611-f8332fccf762/datanode-0/data/containers/hdds/5e8e6293-46cb-4cd3-b79f-910131fb7ceb/current/containerDir0/3/metadata/3-dn-container.db
	at org.apache.hadoop.utils.RocksDBStore.<init>(RocksDBStore.java:87)
	at org.apache.hadoop.utils.MetadataStoreBuilder.build(MetadataStoreBuilder.java:137)
	at org.apache.hadoop.ozone.container.common.utils.ContainerCache.getDB(ContainerCache.java:129)
	at org.apache.hadoop.ozone.container.keyvalue.helpers.BlockUtils.getDB(BlockUtils.java:77)
	at org.apache.hadoop.ozone.container.keyvalue.statemachine.background.BlockDeletingService$BlockDeletingTask.call(BlockDeletingService.java:188)
	at org.apache.hadoop.ozone.container.keyvalue.statemachine.background.BlockDeletingService$BlockDeletingTask.call(BlockDeletingService.java:172)
	at java.util.concurrent.FutureTask.run(FutureTask.java:266)
	at java.util.concurrent.Executors$RunnableAdapter.call(Executors.java:511)
	at java.util.concurrent.FutureTask.run(FutureTask.java:266)
	at java.util.concurrent.Executors$RunnableAdapter.call(Executors.java:511)
	at java.util.concurrent.FutureTask.run(FutureTask.java:266)
	at java.util.concurrent.ScheduledThreadPoolExecutor$ScheduledFutureTask.access$201(ScheduledThreadPoolExecutor.java:180)
	at java.util.concurrent.ScheduledThreadPoolExecutor$ScheduledFutureTask.run(ScheduledThreadPoolExecutor.java:293)
	at java.util.concurrent.ThreadPoolExecutor.runWorker(ThreadPoolExecutor.java:1149)
	at java.util.concurrent.ThreadPoolExecutor$Worker.run(ThreadPoolExecutor.java:624)
	at java.lang.Thread.run(Thread.java:748)
Caused by: org.rocksdb.RocksDBException: While mkdir if missing: /opt/src/hadoop-ozone/integration-test/target/test-dir/MiniOzoneClusterImpl-a761fe1f-0c0e-47cb-a611-f8332fccf762/datanode-0/data/containers/hdds/5e8e6293-46cb-4cd3-b79f-910131fb7ceb/current/containerDir0/3/metadata/3-dn-container.db: No such file or directory
	at org.rocksdb.RocksDB.open(Native Method)
	at org.rocksdb.RocksDB.open(RocksDB.java:235)
	at org.apache.hadoop.utils.RocksDBStore.<init>(RocksDBStore.java:71)
	... 15 more
2019-07-03 21:52:45,340 WARN  utils.BackgroundService (BackgroundService.java:lambda$run$0(135)) - Background task fails to execute, retrying in next interval
java.util.concurrent.ExecutionException: org.apache.hadoop.hdds.scm.container.common.helpers.StorageContainerException: Error opening DB. Container:3 ContainerPath:/opt/src/hadoop-ozone/integration-test/target/test-dir/MiniOzoneClusterImpl-a761fe1f-0c0e-47cb-a611-f8332fccf762/datanode-0/data/containers/hdds/5e8e6293-46cb-4cd3-b79f-910131fb7ceb/current/containerDir0/3/metadata/3-dn-container.db
	at java.util.concurrent.FutureTask.report(FutureTask.java:122)
	at java.util.concurrent.FutureTask.get(FutureTask.java:206)
	at org.apache.hadoop.utils.BackgroundService$PeriodicalTask.lambda$run$0(BackgroundService.java:129)
	at java.util.stream.ForEachOps$ForEachOp$OfRef.accept(ForEachOps.java:184)
	at java.util.ArrayList$ArrayListSpliterator.forEachRemaining(ArrayList.java:1382)
	at java.util.stream.AbstractPipeline.copyInto(AbstractPipeline.java:482)
	at java.util.stream.ForEachOps$ForEachTask.compute(ForEachOps.java:291)
	at java.util.concurrent.CountedCompleter.exec(CountedCompleter.java:731)
	at java.util.concurrent.ForkJoinTask.doExec(ForkJoinTask.java:289)
	at java.util.concurrent.ForkJoinPool$WorkQueue.pollAndExecCC(ForkJoinPool.java:1190)
	at java.util.concurrent.ForkJoinPool.helpComplete(ForkJoinPool.java:1879)
	at java.util.concurrent.ForkJoinPool.externalHelpComplete(ForkJoinPool.java:2467)
	at java.util.concurrent.ForkJoinTask.externalAwaitDone(ForkJoinTask.java:324)
	at java.util.concurrent.ForkJoinTask.doInvoke(ForkJoinTask.java:405)
	at java.util.concurrent.ForkJoinTask.invoke(ForkJoinTask.java:734)
	at java.util.stream.ForEachOps$ForEachOp.evaluateParallel(ForEachOps.java:160)
	at java.util.stream.ForEachOps$ForEachOp$OfRef.evaluateParallel(ForEachOps.java:174)
	at java.util.stream.AbstractPipeline.evaluate(AbstractPipeline.java:233)
	at java.util.stream.ReferencePipeline.forEach(ReferencePipeline.java:418)
	at java.util.stream.ReferencePipeline$Head.forEach(ReferencePipeline.java:583)
	at org.apache.hadoop.utils.BackgroundService$PeriodicalTask.run(BackgroundService.java:125)
	at java.util.concurrent.Executors$RunnableAdapter.call(Executors.java:511)
	at java.util.concurrent.FutureTask.runAndReset(FutureTask.java:308)
	at java.util.concurrent.ScheduledThreadPoolExecutor$ScheduledFutureTask.access$301(ScheduledThreadPoolExecutor.java:180)
	at java.util.concurrent.ScheduledThreadPoolExecutor$ScheduledFutureTask.run(ScheduledThreadPoolExecutor.java:294)
	at java.util.concurrent.ThreadPoolExecutor.runWorker(ThreadPoolExecutor.java:1149)
	at java.util.concurrent.ThreadPoolExecutor$Worker.run(ThreadPoolExecutor.java:624)
	at java.lang.Thread.run(Thread.java:748)
Caused by: org.apache.hadoop.hdds.scm.container.common.helpers.StorageContainerException: Error opening DB. Container:3 ContainerPath:/opt/src/hadoop-ozone/integration-test/target/test-dir/MiniOzoneClusterImpl-a761fe1f-0c0e-47cb-a611-f8332fccf762/datanode-0/data/containers/hdds/5e8e6293-46cb-4cd3-b79f-910131fb7ceb/current/containerDir0/3/metadata/3-dn-container.db
	at org.apache.hadoop.ozone.container.keyvalue.helpers.BlockUtils.getDB(BlockUtils.java:84)
	at org.apache.hadoop.ozone.container.keyvalue.statemachine.background.BlockDeletingService$BlockDeletingTask.call(BlockDeletingService.java:188)
	at org.apache.hadoop.ozone.container.keyvalue.statemachine.background.BlockDeletingService$BlockDeletingTask.call(BlockDeletingService.java:172)
	at java.util.concurrent.FutureTask.run(FutureTask.java:266)
	at java.util.concurrent.Executors$RunnableAdapter.call(Executors.java:511)
	at java.util.concurrent.FutureTask.run(FutureTask.java:266)
	at java.util.concurrent.Executors$RunnableAdapter.call(Executors.java:511)
	at java.util.concurrent.FutureTask.run(FutureTask.java:266)
	at java.util.concurrent.ScheduledThreadPoolExecutor$ScheduledFutureTask.access$201(ScheduledThreadPoolExecutor.java:180)
	at java.util.concurrent.ScheduledThreadPoolExecutor$ScheduledFutureTask.run(ScheduledThreadPoolExecutor.java:293)
	... 3 more
2019-07-03 21:52:45,340 ERROR utils.ContainerCache (ContainerCache.java:getDB(137)) - Error opening DB. Container:2 ContainerPath:/opt/src/hadoop-ozone/integration-test/target/test-dir/MiniOzoneClusterImpl-a761fe1f-0c0e-47cb-a611-f8332fccf762/datanode-0/data/containers/hdds/5e8e6293-46cb-4cd3-b79f-910131fb7ceb/current/containerDir0/2/metadata/2-dn-container.db
java.io.IOException: Failed init RocksDB, db path : /opt/src/hadoop-ozone/integration-test/target/test-dir/MiniOzoneClusterImpl-a761fe1f-0c0e-47cb-a611-f8332fccf762/datanode-0/data/containers/hdds/5e8e6293-46cb-4cd3-b79f-910131fb7ceb/current/containerDir0/2/metadata/2-dn-container.db
	at org.apache.hadoop.utils.RocksDBStore.<init>(RocksDBStore.java:87)
	at org.apache.hadoop.utils.MetadataStoreBuilder.build(MetadataStoreBuilder.java:137)
	at org.apache.hadoop.ozone.container.common.utils.ContainerCache.getDB(ContainerCache.java:129)
	at org.apache.hadoop.ozone.container.keyvalue.helpers.BlockUtils.getDB(BlockUtils.java:77)
	at org.apache.hadoop.ozone.container.keyvalue.statemachine.background.BlockDeletingService$BlockDeletingTask.call(BlockDeletingService.java:188)
	at org.apache.hadoop.ozone.container.keyvalue.statemachine.background.BlockDeletingService$BlockDeletingTask.call(BlockDeletingService.java:172)
	at java.util.concurrent.FutureTask.run(FutureTask.java:266)
	at java.util.concurrent.Executors$RunnableAdapter.call(Executors.java:511)
	at java.util.concurrent.FutureTask.run(FutureTask.java:266)
	at java.util.concurrent.Executors$RunnableAdapter.call(Executors.java:511)
	at java.util.concurrent.FutureTask.run(FutureTask.java:266)
	at java.util.concurrent.ScheduledThreadPoolExecutor$ScheduledFutureTask.access$201(ScheduledThreadPoolExecutor.java:180)
	at java.util.concurrent.ScheduledThreadPoolExecutor$ScheduledFutureTask.run(ScheduledThreadPoolExecutor.java:293)
	at java.util.concurrent.ThreadPoolExecutor.runWorker(ThreadPoolExecutor.java:1149)
	at java.util.concurrent.ThreadPoolExecutor$Worker.run(ThreadPoolExecutor.java:624)
	at java.lang.Thread.run(Thread.java:748)
Caused by: org.rocksdb.RocksDBException: While mkdir if missing: /opt/src/hadoop-ozone/integration-test/target/test-dir/MiniOzoneClusterImpl-a761fe1f-0c0e-47cb-a611-f8332fccf762/datanode-0/data/containers/hdds/5e8e6293-46cb-4cd3-b79f-910131fb7ceb/current/containerDir0/2/metadata/2-dn-container.db: No such file or directory
	at org.rocksdb.RocksDB.open(Native Method)
	at org.rocksdb.RocksDB.open(RocksDB.java:235)
	at org.apache.hadoop.utils.RocksDBStore.<init>(RocksDBStore.java:71)
	... 15 more
2019-07-03 21:52:45,342 WARN  utils.BackgroundService (BackgroundService.java:lambda$run$0(135)) - Background task fails to execute, retrying in next interval
java.util.concurrent.ExecutionException: org.apache.hadoop.hdds.scm.container.common.helpers.StorageContainerException: Error opening DB. Container:2 ContainerPath:/opt/src/hadoop-ozone/integration-test/target/test-dir/MiniOzoneClusterImpl-a761fe1f-0c0e-47cb-a611-f8332fccf762/datanode-0/data/containers/hdds/5e8e6293-46cb-4cd3-b79f-910131fb7ceb/current/containerDir0/2/metadata/2-dn-container.db
	at java.util.concurrent.FutureTask.report(FutureTask.java:122)
	at java.util.concurrent.FutureTask.get(FutureTask.java:206)
	at org.apache.hadoop.utils.BackgroundService$PeriodicalTask.lambda$run$0(BackgroundService.java:129)
	at java.util.stream.ForEachOps$ForEachOp$OfRef.accept(ForEachOps.java:184)
	at java.util.ArrayList$ArrayListSpliterator.forEachRemaining(ArrayList.java:1382)
	at java.util.stream.AbstractPipeline.copyInto(AbstractPipeline.java:482)
	at java.util.stream.ForEachOps$ForEachTask.compute(ForEachOps.java:291)
	at java.util.concurrent.CountedCompleter.exec(CountedCompleter.java:731)
	at java.util.concurrent.ForkJoinTask.doExec(ForkJoinTask.java:289)
	at java.util.concurrent.ForkJoinPool$WorkQueue.runTask(ForkJoinPool.java:1056)
	at java.util.concurrent.ForkJoinPool.runWorker(ForkJoinPool.java:1692)
	at java.util.concurrent.ForkJoinWorkerThread.run(ForkJoinWorkerThread.java:157)
Caused by: org.apache.hadoop.hdds.scm.container.common.helpers.StorageContainerException: Error opening DB. Container:2 ContainerPath:/opt/src/hadoop-ozone/integration-test/target/test-dir/MiniOzoneClusterImpl-a761fe1f-0c0e-47cb-a611-f8332fccf762/datanode-0/data/containers/hdds/5e8e6293-46cb-4cd3-b79f-910131fb7ceb/current/containerDir0/2/metadata/2-dn-container.db
	at org.apache.hadoop.ozone.container.keyvalue.helpers.BlockUtils.getDB(BlockUtils.java:84)
	at org.apache.hadoop.ozone.container.keyvalue.statemachine.background.BlockDeletingService$BlockDeletingTask.call(BlockDeletingService.java:188)
	at org.apache.hadoop.ozone.container.keyvalue.statemachine.background.BlockDeletingService$BlockDeletingTask.call(BlockDeletingService.java:172)
	at java.util.concurrent.FutureTask.run(FutureTask.java:266)
	at java.util.concurrent.Executors$RunnableAdapter.call(Executors.java:511)
	at java.util.concurrent.FutureTask.run(FutureTask.java:266)
	at java.util.concurrent.Executors$RunnableAdapter.call(Executors.java:511)
	at java.util.concurrent.FutureTask.run(FutureTask.java:266)
	at java.util.concurrent.ScheduledThreadPoolExecutor$ScheduledFutureTask.access$201(ScheduledThreadPoolExecutor.java:180)
	at java.util.concurrent.ScheduledThreadPoolExecutor$ScheduledFutureTask.run(ScheduledThreadPoolExecutor.java:293)
	at java.util.concurrent.ThreadPoolExecutor.runWorker(ThreadPoolExecutor.java:1149)
	at java.util.concurrent.ThreadPoolExecutor$Worker.run(ThreadPoolExecutor.java:624)
	at java.lang.Thread.run(Thread.java:748)
2019-07-03 21:52:46,228 INFO  ozone.MiniOzoneClusterImpl (MiniOzoneClusterImpl.java:lambda$waitForClusterToBeReady$0(142)) - Waiting for cluster to be ready. Got 0 of 1 DN Heartbeats.
2019-07-03 21:52:46,257 INFO  ozoneimpl.OzoneContainer (OzoneContainer.java:start(186)) - Attempting to start container services.
2019-07-03 21:52:46,259 INFO  ozoneimpl.OzoneContainer (OzoneContainer.java:startContainerScrub(160)) - Background container scrubber has been disabled by hdds.containerscrub.enabled
2019-07-03 21:52:46,259 INFO  ratis.XceiverServerRatis (XceiverServerRatis.java:start(428)) - Starting XceiverServerRatis 9e4b19a0-3704-4ed8-a911-c2ef5bf5d43d at port 45073
2019-07-03 21:52:46,270 INFO  impl.RaftServerProxy (RaftServerProxy.java:lambda$start$3(299)) - 9e4b19a0-3704-4ed8-a911-c2ef5bf5d43d: start RPC server
2019-07-03 21:52:46,272 INFO  server.GrpcService (GrpcService.java:startImpl(149)) - 9e4b19a0-3704-4ed8-a911-c2ef5bf5d43d: GrpcService started, listening on 0.0.0.0/0.0.0.0:45073
2019-07-03 21:52:46,342 INFO  background.BlockDeletingService (BlockDeletingService.java:getTasks(123)) - Plan to choose 10 containers for block deletion, actually returns 5 valid containers.
2019-07-03 21:52:46,344 ERROR utils.ContainerCache (ContainerCache.java:getDB(137)) - Error opening DB. Container:1 ContainerPath:/opt/src/hadoop-ozone/integration-test/target/test-dir/MiniOzoneClusterImpl-a761fe1f-0c0e-47cb-a611-f8332fccf762/datanode-0/data/containers/hdds/5e8e6293-46cb-4cd3-b79f-910131fb7ceb/current/containerDir0/1/metadata/1-dn-container.db
java.io.IOException: Failed init RocksDB, db path : /opt/src/hadoop-ozone/integration-test/target/test-dir/MiniOzoneClusterImpl-a761fe1f-0c0e-47cb-a611-f8332fccf762/datanode-0/data/containers/hdds/5e8e6293-46cb-4cd3-b79f-910131fb7ceb/current/containerDir0/1/metadata/1-dn-container.db
	at org.apache.hadoop.utils.RocksDBStore.<init>(RocksDBStore.java:87)
	at org.apache.hadoop.utils.MetadataStoreBuilder.build(MetadataStoreBuilder.java:137)
	at org.apache.hadoop.ozone.container.common.utils.ContainerCache.getDB(ContainerCache.java:129)
	at org.apache.hadoop.ozone.container.keyvalue.helpers.BlockUtils.getDB(BlockUtils.java:77)
	at org.apache.hadoop.ozone.container.keyvalue.statemachine.background.BlockDeletingService$BlockDeletingTask.call(BlockDeletingService.java:188)
	at org.apache.hadoop.ozone.container.keyvalue.statemachine.background.BlockDeletingService$BlockDeletingTask.call(BlockDeletingService.java:172)
	at java.util.concurrent.FutureTask.run(FutureTask.java:266)
	at java.util.concurrent.Executors$RunnableAdapter.call(Executors.java:511)
	at java.util.concurrent.FutureTask.run(FutureTask.java:266)
	at java.util.concurrent.Executors$RunnableAdapter.call(Executors.java:511)
	at java.util.concurrent.FutureTask.run(FutureTask.java:266)
	at java.util.concurrent.ScheduledThreadPoolExecutor$ScheduledFutureTask.access$201(ScheduledThreadPoolExecutor.java:180)
	at java.util.concurrent.ScheduledThreadPoolExecutor$ScheduledFutureTask.run(ScheduledThreadPoolExecutor.java:293)
	at java.util.concurrent.ThreadPoolExecutor.runWorker(ThreadPoolExecutor.java:1149)
	at java.util.concurrent.ThreadPoolExecutor$Worker.run(ThreadPoolExecutor.java:624)
	at java.lang.Thread.run(Thread.java:748)
Caused by: org.rocksdb.RocksDBException: While mkdir if missing: /opt/src/hadoop-ozone/integration-test/target/test-dir/MiniOzoneClusterImpl-a761fe1f-0c0e-47cb-a611-f8332fccf762/datanode-0/data/containers/hdds/5e8e6293-46cb-4cd3-b79f-910131fb7ceb/current/containerDir0/1/metadata/1-dn-container.db: No such file or directory
	at org.rocksdb.RocksDB.open(Native Method)
	at org.rocksdb.RocksDB.open(RocksDB.java:235)
	at org.apache.hadoop.utils.RocksDBStore.<init>(RocksDBStore.java:71)
	... 15 more
2019-07-03 21:52:46,345 ERROR utils.ContainerCache (ContainerCache.java:getDB(137)) - Error opening DB. Container:5 ContainerPath:/opt/src/hadoop-ozone/integration-test/target/test-dir/MiniOzoneClusterImpl-a761fe1f-0c0e-47cb-a611-f8332fccf762/datanode-0/data/containers/hdds/5e8e6293-46cb-4cd3-b79f-910131fb7ceb/current/containerDir0/5/metadata/5-dn-container.db
java.io.IOException: Failed init RocksDB, db path : /opt/src/hadoop-ozone/integration-test/target/test-dir/MiniOzoneClusterImpl-a761fe1f-0c0e-47cb-a611-f8332fccf762/datanode-0/data/containers/hdds/5e8e6293-46cb-4cd3-b79f-910131fb7ceb/current/containerDir0/5/metadata/5-dn-container.db
	at org.apache.hadoop.utils.RocksDBStore.<init>(RocksDBStore.java:87)
	at org.apache.hadoop.utils.MetadataStoreBuilder.build(MetadataStoreBuilder.java:137)
	at org.apache.hadoop.ozone.container.common.utils.ContainerCache.getDB(ContainerCache.java:129)
	at org.apache.hadoop.ozone.container.keyvalue.helpers.BlockUtils.getDB(BlockUtils.java:77)
	at org.apache.hadoop.ozone.container.keyvalue.statemachine.background.BlockDeletingService$BlockDeletingTask.call(BlockDeletingService.java:188)
	at org.apache.hadoop.ozone.container.keyvalue.statemachine.background.BlockDeletingService$BlockDeletingTask.call(BlockDeletingService.java:172)
	at java.util.concurrent.FutureTask.run(FutureTask.java:266)
	at java.util.concurrent.Executors$RunnableAdapter.call(Executors.java:511)
	at java.util.concurrent.FutureTask.run(FutureTask.java:266)
	at java.util.concurrent.Executors$RunnableAdapter.call(Executors.java:511)
	at java.util.concurrent.FutureTask.run(FutureTask.java:266)
	at java.util.concurrent.ScheduledThreadPoolExecutor$ScheduledFutureTask.access$201(ScheduledThreadPoolExecutor.java:180)
	at java.util.concurrent.ScheduledThreadPoolExecutor$ScheduledFutureTask.run(ScheduledThreadPoolExecutor.java:293)
	at java.util.concurrent.ThreadPoolExecutor.runWorker(ThreadPoolExecutor.java:1149)
	at java.util.concurrent.ThreadPoolExecutor$Worker.run(ThreadPoolExecutor.java:624)
	at java.lang.Thread.run(Thread.java:748)
Caused by: org.rocksdb.RocksDBException: While mkdir if missing: /opt/src/hadoop-ozone/integration-test/target/test-dir/MiniOzoneClusterImpl-a761fe1f-0c0e-47cb-a611-f8332fccf762/datanode-0/data/containers/hdds/5e8e6293-46cb-4cd3-b79f-910131fb7ceb/current/containerDir0/5/metadata/5-dn-container.db: No such file or directory
	at org.rocksdb.RocksDB.open(Native Method)
	at org.rocksdb.RocksDB.open(RocksDB.java:235)
	at org.apache.hadoop.utils.RocksDBStore.<init>(RocksDBStore.java:71)
	... 15 more
2019-07-03 21:52:46,346 WARN  utils.BackgroundService (BackgroundService.java:lambda$run$0(135)) - Background task fails to execute, retrying in next interval
java.util.concurrent.ExecutionException: org.apache.hadoop.hdds.scm.container.common.helpers.StorageContainerException: Error opening DB. Container:5 ContainerPath:/opt/src/hadoop-ozone/integration-test/target/test-dir/MiniOzoneClusterImpl-a761fe1f-0c0e-47cb-a611-f8332fccf762/datanode-0/data/containers/hdds/5e8e6293-46cb-4cd3-b79f-910131fb7ceb/current/containerDir0/5/metadata/5-dn-container.db
	at java.util.concurrent.FutureTask.report(FutureTask.java:122)
	at java.util.concurrent.FutureTask.get(FutureTask.java:206)
	at org.apache.hadoop.utils.BackgroundService$PeriodicalTask.lambda$run$0(BackgroundService.java:129)
	at java.util.stream.ForEachOps$ForEachOp$OfRef.accept(ForEachOps.java:184)
	at java.util.ArrayList$ArrayListSpliterator.forEachRemaining(ArrayList.java:1382)
	at java.util.stream.AbstractPipeline.copyInto(AbstractPipeline.java:482)
	at java.util.stream.ForEachOps$ForEachTask.compute(ForEachOps.java:291)
	at java.util.concurrent.CountedCompleter.exec(CountedCompleter.java:731)
	at java.util.concurrent.ForkJoinTask.doExec(ForkJoinTask.java:289)
	at java.util.concurrent.ForkJoinPool$WorkQueue.runTask(ForkJoinPool.java:1056)
	at java.util.concurrent.ForkJoinPool.runWorker(ForkJoinPool.java:1692)
	at java.util.concurrent.ForkJoinWorkerThread.run(ForkJoinWorkerThread.java:157)
Caused by: org.apache.hadoop.hdds.scm.container.common.helpers.StorageContainerException: Error opening DB. Container:5 ContainerPath:/opt/src/hadoop-ozone/integration-test/target/test-dir/MiniOzoneClusterImpl-a761fe1f-0c0e-47cb-a611-f8332fccf762/datanode-0/data/containers/hdds/5e8e6293-46cb-4cd3-b79f-910131fb7ceb/current/containerDir0/5/metadata/5-dn-container.db
	at org.apache.hadoop.ozone.container.keyvalue.helpers.BlockUtils.getDB(BlockUtils.java:84)
	at org.apache.hadoop.ozone.container.keyvalue.statemachine.background.BlockDeletingService$BlockDeletingTask.call(BlockDeletingService.java:188)
	at org.apache.hadoop.ozone.container.keyvalue.statemachine.background.BlockDeletingService$BlockDeletingTask.call(BlockDeletingService.java:172)
	at java.util.concurrent.FutureTask.run(FutureTask.java:266)
	at java.util.concurrent.Executors$RunnableAdapter.call(Executors.java:511)
	at java.util.concurrent.FutureTask.run(FutureTask.java:266)
	at java.util.concurrent.Executors$RunnableAdapter.call(Executors.java:511)
	at java.util.concurrent.FutureTask.run(FutureTask.java:266)
	at java.util.concurrent.ScheduledThreadPoolExecutor$ScheduledFutureTask.access$201(ScheduledThreadPoolExecutor.java:180)
	at java.util.concurrent.ScheduledThreadPoolExecutor$ScheduledFutureTask.run(ScheduledThreadPoolExecutor.java:293)
	at java.util.concurrent.ThreadPoolExecutor.runWorker(ThreadPoolExecutor.java:1149)
	at java.util.concurrent.ThreadPoolExecutor$Worker.run(ThreadPoolExecutor.java:624)
	at java.lang.Thread.run(Thread.java:748)
2019-07-03 21:52:46,346 WARN  utils.BackgroundService (BackgroundService.java:lambda$run$0(135)) - Background task fails to execute, retrying in next interval
java.util.concurrent.ExecutionException: org.apache.hadoop.hdds.scm.container.common.helpers.StorageContainerException: Error opening DB. Container:1 ContainerPath:/opt/src/hadoop-ozone/integration-test/target/test-dir/MiniOzoneClusterImpl-a761fe1f-0c0e-47cb-a611-f8332fccf762/datanode-0/data/containers/hdds/5e8e6293-46cb-4cd3-b79f-910131fb7ceb/current/containerDir0/1/metadata/1-dn-container.db
	at java.util.concurrent.FutureTask.report(FutureTask.java:122)
	at java.util.concurrent.FutureTask.get(FutureTask.java:206)
	at org.apache.hadoop.utils.BackgroundService$PeriodicalTask.lambda$run$0(BackgroundService.java:129)
	at java.util.stream.ForEachOps$ForEachOp$OfRef.accept(ForEachOps.java:184)
	at java.util.ArrayList$ArrayListSpliterator.forEachRemaining(ArrayList.java:1382)
	at java.util.stream.AbstractPipeline.copyInto(AbstractPipeline.java:482)
	at java.util.stream.ForEachOps$ForEachTask.compute(ForEachOps.java:291)
	at java.util.concurrent.CountedCompleter.exec(CountedCompleter.java:731)
	at java.util.concurrent.ForkJoinTask.doExec(ForkJoinTask.java:289)
	at java.util.concurrent.ForkJoinPool$WorkQueue.execLocalTasks(ForkJoinPool.java:1040)
	at java.util.concurrent.ForkJoinPool$WorkQueue.runTask(ForkJoinPool.java:1058)
	at java.util.concurrent.ForkJoinPool.runWorker(ForkJoinPool.java:1692)
	at java.util.concurrent.ForkJoinWorkerThread.run(ForkJoinWorkerThread.java:157)
Caused by: org.apache.hadoop.hdds.scm.container.common.helpers.StorageContainerException: Error opening DB. Container:1 ContainerPath:/opt/src/hadoop-ozone/integration-test/target/test-dir/MiniOzoneClusterImpl-a761fe1f-0c0e-47cb-a611-f8332fccf762/datanode-0/data/containers/hdds/5e8e6293-46cb-4cd3-b79f-910131fb7ceb/current/containerDir0/1/metadata/1-dn-container.db
	at org.apache.hadoop.ozone.container.keyvalue.helpers.BlockUtils.getDB(BlockUtils.java:84)
	at org.apache.hadoop.ozone.container.keyvalue.statemachine.background.BlockDeletingService$BlockDeletingTask.call(BlockDeletingService.java:188)
	at org.apache.hadoop.ozone.container.keyvalue.statemachine.background.BlockDeletingService$BlockDeletingTask.call(BlockDeletingService.java:172)
	at java.util.concurrent.FutureTask.run(FutureTask.java:266)
	at java.util.concurrent.Executors$RunnableAdapter.call(Executors.java:511)
	at java.util.concurrent.FutureTask.run(FutureTask.java:266)
	at java.util.concurrent.Executors$RunnableAdapter.call(Executors.java:511)
	at java.util.concurrent.FutureTask.run(FutureTask.java:266)
	at java.util.concurrent.ScheduledThreadPoolExecutor$ScheduledFutureTask.access$201(ScheduledThreadPoolExecutor.java:180)
	at java.util.concurrent.ScheduledThreadPoolExecutor$ScheduledFutureTask.run(ScheduledThreadPoolExecutor.java:293)
	at java.util.concurrent.ThreadPoolExecutor.runWorker(ThreadPoolExecutor.java:1149)
	at java.util.concurrent.ThreadPoolExecutor$Worker.run(ThreadPoolExecutor.java:624)
	at java.lang.Thread.run(Thread.java:748)
2019-07-03 21:52:46,346 ERROR utils.ContainerCache (ContainerCache.java:getDB(137)) - Error opening DB. Container:4 ContainerPath:/opt/src/hadoop-ozone/integration-test/target/test-dir/MiniOzoneClusterImpl-a761fe1f-0c0e-47cb-a611-f8332fccf762/datanode-0/data/containers/hdds/5e8e6293-46cb-4cd3-b79f-910131fb7ceb/current/containerDir0/4/metadata/4-dn-container.db
java.io.IOException: Failed init RocksDB, db path : /opt/src/hadoop-ozone/integration-test/target/test-dir/MiniOzoneClusterImpl-a761fe1f-0c0e-47cb-a611-f8332fccf762/datanode-0/data/containers/hdds/5e8e6293-46cb-4cd3-b79f-910131fb7ceb/current/containerDir0/4/metadata/4-dn-container.db
	at org.apache.hadoop.utils.RocksDBStore.<init>(RocksDBStore.java:87)
	at org.apache.hadoop.utils.MetadataStoreBuilder.build(MetadataStoreBuilder.java:137)
	at org.apache.hadoop.ozone.container.common.utils.ContainerCache.getDB(ContainerCache.java:129)
	at org.apache.hadoop.ozone.container.keyvalue.helpers.BlockUtils.getDB(BlockUtils.java:77)
	at org.apache.hadoop.ozone.container.keyvalue.statemachine.background.BlockDeletingService$BlockDeletingTask.call(BlockDeletingService.java:188)
	at org.apache.hadoop.ozone.container.keyvalue.statemachine.background.BlockDeletingService$BlockDeletingTask.call(BlockDeletingService.java:172)
	at java.util.concurrent.FutureTask.run(FutureTask.java:266)
	at java.util.concurrent.Executors$RunnableAdapter.call(Executors.java:511)
	at java.util.concurrent.FutureTask.run(FutureTask.java:266)
	at java.util.concurrent.Executors$RunnableAdapter.call(Executors.java:511)
	at java.util.concurrent.FutureTask.run(FutureTask.java:266)
	at java.util.concurrent.ScheduledThreadPoolExecutor$ScheduledFutureTask.access$201(ScheduledThreadPoolExecutor.java:180)
	at java.util.concurrent.ScheduledThreadPoolExecutor$ScheduledFutureTask.run(ScheduledThreadPoolExecutor.java:293)
	at java.util.concurrent.ThreadPoolExecutor.runWorker(ThreadPoolExecutor.java:1149)
	at java.util.concurrent.ThreadPoolExecutor$Worker.run(ThreadPoolExecutor.java:624)
	at java.lang.Thread.run(Thread.java:748)
Caused by: org.rocksdb.RocksDBException: While mkdir if missing: /opt/src/hadoop-ozone/integration-test/target/test-dir/MiniOzoneClusterImpl-a761fe1f-0c0e-47cb-a611-f8332fccf762/datanode-0/data/containers/hdds/5e8e6293-46cb-4cd3-b79f-910131fb7ceb/current/containerDir0/4/metadata/4-dn-container.db: No such file or directory
	at org.rocksdb.RocksDB.open(Native Method)
	at org.rocksdb.RocksDB.open(RocksDB.java:235)
	at org.apache.hadoop.utils.RocksDBStore.<init>(RocksDBStore.java:71)
	... 15 more
2019-07-03 21:52:46,347 WARN  utils.BackgroundService (BackgroundService.java:lambda$run$0(135)) - Background task fails to execute, retrying in next interval
java.util.concurrent.ExecutionException: org.apache.hadoop.hdds.scm.container.common.helpers.StorageContainerException: Error opening DB. Container:4 ContainerPath:/opt/src/hadoop-ozone/integration-test/target/test-dir/MiniOzoneClusterImpl-a761fe1f-0c0e-47cb-a611-f8332fccf762/datanode-0/data/containers/hdds/5e8e6293-46cb-4cd3-b79f-910131fb7ceb/current/containerDir0/4/metadata/4-dn-container.db
	at java.util.concurrent.FutureTask.report(FutureTask.java:122)
	at java.util.concurrent.FutureTask.get(FutureTask.java:206)
	at org.apache.hadoop.utils.BackgroundService$PeriodicalTask.lambda$run$0(BackgroundService.java:129)
	at java.util.stream.ForEachOps$ForEachOp$OfRef.accept(ForEachOps.java:184)
	at java.util.ArrayList$ArrayListSpliterator.forEachRemaining(ArrayList.java:1382)
	at java.util.stream.AbstractPipeline.copyInto(AbstractPipeline.java:482)
	at java.util.stream.ForEachOps$ForEachTask.compute(ForEachOps.java:291)
	at java.util.concurrent.CountedCompleter.exec(CountedCompleter.java:731)
	at java.util.concurrent.ForkJoinTask.doExec(ForkJoinTask.java:289)
	at java.util.concurrent.ForkJoinTask.doInvoke(ForkJoinTask.java:401)
	at java.util.concurrent.ForkJoinTask.invoke(ForkJoinTask.java:734)
	at java.util.stream.ForEachOps$ForEachOp.evaluateParallel(ForEachOps.java:160)
	at java.util.stream.ForEachOps$ForEachOp$OfRef.evaluateParallel(ForEachOps.java:174)
	at java.util.stream.AbstractPipeline.evaluate(AbstractPipeline.java:233)
	at java.util.stream.ReferencePipeline.forEach(ReferencePipeline.java:418)
	at java.util.stream.ReferencePipeline$Head.forEach(ReferencePipeline.java:583)
	at org.apache.hadoop.utils.BackgroundService$PeriodicalTask.run(BackgroundService.java:125)
	at java.util.concurrent.Executors$RunnableAdapter.call(Executors.java:511)
	at java.util.concurrent.FutureTask.runAndReset(FutureTask.java:308)
	at java.util.concurrent.ScheduledThreadPoolExecutor$ScheduledFutureTask.access$301(ScheduledThreadPoolExecutor.java:180)
	at java.util.concurrent.ScheduledThreadPoolExecutor$ScheduledFutureTask.run(ScheduledThreadPoolExecutor.java:294)
	at java.util.concurrent.ThreadPoolExecutor.runWorker(ThreadPoolExecutor.java:1149)
	at java.util.concurrent.ThreadPoolExecutor$Worker.run(ThreadPoolExecutor.java:624)
	at java.lang.Thread.run(Thread.java:748)
Caused by: org.apache.hadoop.hdds.scm.container.common.helpers.StorageContainerException: Error opening DB. Container:4 ContainerPath:/opt/src/hadoop-ozone/integration-test/target/test-dir/MiniOzoneClusterImpl-a761fe1f-0c0e-47cb-a611-f8332fccf762/datanode-0/data/containers/hdds/5e8e6293-46cb-4cd3-b79f-910131fb7ceb/current/containerDir0/4/metadata/4-dn-container.db
	at org.apache.hadoop.ozone.container.keyvalue.helpers.BlockUtils.getDB(BlockUtils.java:84)
	at org.apache.hadoop.ozone.container.keyvalue.statemachine.background.BlockDeletingService$BlockDeletingTask.call(BlockDeletingService.java:188)
	at org.apache.hadoop.ozone.container.keyvalue.statemachine.background.BlockDeletingService$BlockDeletingTask.call(BlockDeletingService.java:172)
	at java.util.concurrent.FutureTask.run(FutureTask.java:266)
	at java.util.concurrent.Executors$RunnableAdapter.call(Executors.java:511)
	at java.util.concurrent.FutureTask.run(FutureTask.java:266)
	at java.util.concurrent.Executors$RunnableAdapter.call(Executors.java:511)
	at java.util.concurrent.FutureTask.run(FutureTask.java:266)
	at java.util.concurrent.ScheduledThreadPoolExecutor$ScheduledFutureTask.access$201(ScheduledThreadPoolExecutor.java:180)
	at java.util.concurrent.ScheduledThreadPoolExecutor$ScheduledFutureTask.run(ScheduledThreadPoolExecutor.java:293)
	... 3 more
2019-07-03 21:52:46,347 ERROR utils.ContainerCache (ContainerCache.java:getDB(137)) - Error opening DB. Container:3 ContainerPath:/opt/src/hadoop-ozone/integration-test/target/test-dir/MiniOzoneClusterImpl-a761fe1f-0c0e-47cb-a611-f8332fccf762/datanode-0/data/containers/hdds/5e8e6293-46cb-4cd3-b79f-910131fb7ceb/current/containerDir0/3/metadata/3-dn-container.db
java.io.IOException: Failed init RocksDB, db path : /opt/src/hadoop-ozone/integration-test/target/test-dir/MiniOzoneClusterImpl-a761fe1f-0c0e-47cb-a611-f8332fccf762/datanode-0/data/containers/hdds/5e8e6293-46cb-4cd3-b79f-910131fb7ceb/current/containerDir0/3/metadata/3-dn-container.db
	at org.apache.hadoop.utils.RocksDBStore.<init>(RocksDBStore.java:87)
	at org.apache.hadoop.utils.MetadataStoreBuilder.build(MetadataStoreBuilder.java:137)
	at org.apache.hadoop.ozone.container.common.utils.ContainerCache.getDB(ContainerCache.java:129)
	at org.apache.hadoop.ozone.container.keyvalue.helpers.BlockUtils.getDB(BlockUtils.java:77)
	at org.apache.hadoop.ozone.container.keyvalue.statemachine.background.BlockDeletingService$BlockDeletingTask.call(BlockDeletingService.java:188)
	at org.apache.hadoop.ozone.container.keyvalue.statemachine.background.BlockDeletingService$BlockDeletingTask.call(BlockDeletingService.java:172)
	at java.util.concurrent.FutureTask.run(FutureTask.java:266)
	at java.util.concurrent.Executors$RunnableAdapter.call(Executors.java:511)
	at java.util.concurrent.FutureTask.run(FutureTask.java:266)
	at java.util.concurrent.Executors$RunnableAdapter.call(Executors.java:511)
	at java.util.concurrent.FutureTask.run(FutureTask.java:266)
	at java.util.concurrent.ScheduledThreadPoolExecutor$ScheduledFutureTask.access$201(ScheduledThreadPoolExecutor.java:180)
	at java.util.concurrent.ScheduledThreadPoolExecutor$ScheduledFutureTask.run(ScheduledThreadPoolExecutor.java:293)
	at java.util.concurrent.ThreadPoolExecutor.runWorker(ThreadPoolExecutor.java:1149)
	at java.util.concurrent.ThreadPoolExecutor$Worker.run(ThreadPoolExecutor.java:624)
	at java.lang.Thread.run(Thread.java:748)
Caused by: org.rocksdb.RocksDBException: While mkdir if missing: /opt/src/hadoop-ozone/integration-test/target/test-dir/MiniOzoneClusterImpl-a761fe1f-0c0e-47cb-a611-f8332fccf762/datanode-0/data/containers/hdds/5e8e6293-46cb-4cd3-b79f-910131fb7ceb/current/containerDir0/3/metadata/3-dn-container.db: No such file or directory
	at org.rocksdb.RocksDB.open(Native Method)
	at org.rocksdb.RocksDB.open(RocksDB.java:235)
	at org.apache.hadoop.utils.RocksDBStore.<init>(RocksDBStore.java:71)
	... 15 more
2019-07-03 21:52:46,348 WARN  utils.BackgroundService (BackgroundService.java:lambda$run$0(135)) - Background task fails to execute, retrying in next interval
java.util.concurrent.ExecutionException: org.apache.hadoop.hdds.scm.container.common.helpers.StorageContainerException: Error opening DB. Container:3 ContainerPath:/opt/src/hadoop-ozone/integration-test/target/test-dir/MiniOzoneClusterImpl-a761fe1f-0c0e-47cb-a611-f8332fccf762/datanode-0/data/containers/hdds/5e8e6293-46cb-4cd3-b79f-910131fb7ceb/current/containerDir0/3/metadata/3-dn-container.db
	at java.util.concurrent.FutureTask.report(FutureTask.java:122)
	at java.util.concurrent.FutureTask.get(FutureTask.java:206)
	at org.apache.hadoop.utils.BackgroundService$PeriodicalTask.lambda$run$0(BackgroundService.java:129)
	at java.util.stream.ForEachOps$ForEachOp$OfRef.accept(ForEachOps.java:184)
	at java.util.ArrayList$ArrayListSpliterator.forEachRemaining(ArrayList.java:1382)
	at java.util.stream.AbstractPipeline.copyInto(AbstractPipeline.java:482)
	at java.util.stream.ForEachOps$ForEachTask.compute(ForEachOps.java:291)
	at java.util.concurrent.CountedCompleter.exec(CountedCompleter.java:731)
	at java.util.concurrent.ForkJoinTask.doExec(ForkJoinTask.java:289)
	at java.util.concurrent.ForkJoinPool$WorkQueue.pollAndExecCC(ForkJoinPool.java:1190)
	at java.util.concurrent.ForkJoinPool.helpComplete(ForkJoinPool.java:1879)
	at java.util.concurrent.ForkJoinPool.externalHelpComplete(ForkJoinPool.java:2467)
	at java.util.concurrent.ForkJoinTask.externalAwaitDone(ForkJoinTask.java:324)
	at java.util.concurrent.ForkJoinTask.doInvoke(ForkJoinTask.java:405)
	at java.util.concurrent.ForkJoinTask.invoke(ForkJoinTask.java:734)
	at java.util.stream.ForEachOps$ForEachOp.evaluateParallel(ForEachOps.java:160)
	at java.util.stream.ForEachOps$ForEachOp$OfRef.evaluateParallel(ForEachOps.java:174)
	at java.util.stream.AbstractPipeline.evaluate(AbstractPipeline.java:233)
	at java.util.stream.ReferencePipeline.forEach(ReferencePipeline.java:418)
	at java.util.stream.ReferencePipeline$Head.forEach(ReferencePipeline.java:583)
	at org.apache.hadoop.utils.BackgroundService$PeriodicalTask.run(BackgroundService.java:125)
	at java.util.concurrent.Executors$RunnableAdapter.call(Executors.java:511)
	at java.util.concurrent.FutureTask.runAndReset(FutureTask.java:308)
	at java.util.concurrent.ScheduledThreadPoolExecutor$ScheduledFutureTask.access$301(ScheduledThreadPoolExecutor.java:180)
	at java.util.concurrent.ScheduledThreadPoolExecutor$ScheduledFutureTask.run(ScheduledThreadPoolExecutor.java:294)
	at java.util.concurrent.ThreadPoolExecutor.runWorker(ThreadPoolExecutor.java:1149)
	at java.util.concurrent.ThreadPoolExecutor$Worker.run(ThreadPoolExecutor.java:624)
	at java.lang.Thread.run(Thread.java:748)
Caused by: org.apache.hadoop.hdds.scm.container.common.helpers.StorageContainerException: Error opening DB. Container:3 ContainerPath:/opt/src/hadoop-ozone/integration-test/target/test-dir/MiniOzoneClusterImpl-a761fe1f-0c0e-47cb-a611-f8332fccf762/datanode-0/data/containers/hdds/5e8e6293-46cb-4cd3-b79f-910131fb7ceb/current/containerDir0/3/metadata/3-dn-container.db
	at org.apache.hadoop.ozone.container.keyvalue.helpers.BlockUtils.getDB(BlockUtils.java:84)
	at org.apache.hadoop.ozone.container.keyvalue.statemachine.background.BlockDeletingService$BlockDeletingTask.call(BlockDeletingService.java:188)
	at org.apache.hadoop.ozone.container.keyvalue.statemachine.background.BlockDeletingService$BlockDeletingTask.call(BlockDeletingService.java:172)
	at java.util.concurrent.FutureTask.run(FutureTask.java:266)
	at java.util.concurrent.Executors$RunnableAdapter.call(Executors.java:511)
	at java.util.concurrent.FutureTask.run(FutureTask.java:266)
	at java.util.concurrent.Executors$RunnableAdapter.call(Executors.java:511)
	at java.util.concurrent.FutureTask.run(FutureTask.java:266)
	at java.util.concurrent.ScheduledThreadPoolExecutor$ScheduledFutureTask.access$201(ScheduledThreadPoolExecutor.java:180)
	at java.util.concurrent.ScheduledThreadPoolExecutor$ScheduledFutureTask.run(ScheduledThreadPoolExecutor.java:293)
	... 3 more
2019-07-03 21:52:46,348 ERROR utils.ContainerCache (ContainerCache.java:getDB(137)) - Error opening DB. Container:2 ContainerPath:/opt/src/hadoop-ozone/integration-test/target/test-dir/MiniOzoneClusterImpl-a761fe1f-0c0e-47cb-a611-f8332fccf762/datanode-0/data/containers/hdds/5e8e6293-46cb-4cd3-b79f-910131fb7ceb/current/containerDir0/2/metadata/2-dn-container.db
java.io.IOException: Failed init RocksDB, db path : /opt/src/hadoop-ozone/integration-test/target/test-dir/MiniOzoneClusterImpl-a761fe1f-0c0e-47cb-a611-f8332fccf762/datanode-0/data/containers/hdds/5e8e6293-46cb-4cd3-b79f-910131fb7ceb/current/containerDir0/2/metadata/2-dn-container.db
	at org.apache.hadoop.utils.RocksDBStore.<init>(RocksDBStore.java:87)
	at org.apache.hadoop.utils.MetadataStoreBuilder.build(MetadataStoreBuilder.java:137)
	at org.apache.hadoop.ozone.container.common.utils.ContainerCache.getDB(ContainerCache.java:129)
	at org.apache.hadoop.ozone.container.keyvalue.helpers.BlockUtils.getDB(BlockUtils.java:77)
	at org.apache.hadoop.ozone.container.keyvalue.statemachine.background.BlockDeletingService$BlockDeletingTask.call(BlockDeletingService.java:188)
	at org.apache.hadoop.ozone.container.keyvalue.statemachine.background.BlockDeletingService$BlockDeletingTask.call(BlockDeletingService.java:172)
	at java.util.concurrent.FutureTask.run(FutureTask.java:266)
	at java.util.concurrent.Executors$RunnableAdapter.call(Executors.java:511)
	at java.util.concurrent.FutureTask.run(FutureTask.java:266)
	at java.util.concurrent.Executors$RunnableAdapter.call(Executors.java:511)
	at java.util.concurrent.FutureTask.run(FutureTask.java:266)
	at java.util.concurrent.ScheduledThreadPoolExecutor$ScheduledFutureTask.access$201(ScheduledThreadPoolExecutor.java:180)
	at java.util.concurrent.ScheduledThreadPoolExecutor$ScheduledFutureTask.run(ScheduledThreadPoolExecutor.java:293)
	at java.util.concurrent.ThreadPoolExecutor.runWorker(ThreadPoolExecutor.java:1149)
	at java.util.concurrent.ThreadPoolExecutor$Worker.run(ThreadPoolExecutor.java:624)
	at java.lang.Thread.run(Thread.java:748)
Caused by: org.rocksdb.RocksDBException: While mkdir if missing: /opt/src/hadoop-ozone/integration-test/target/test-dir/MiniOzoneClusterImpl-a761fe1f-0c0e-47cb-a611-f8332fccf762/datanode-0/data/containers/hdds/5e8e6293-46cb-4cd3-b79f-910131fb7ceb/current/containerDir0/2/metadata/2-dn-container.db: No such file or directory
	at org.rocksdb.RocksDB.open(Native Method)
	at org.rocksdb.RocksDB.open(RocksDB.java:235)
	at org.apache.hadoop.utils.RocksDBStore.<init>(RocksDBStore.java:71)
	... 15 more
2019-07-03 21:52:46,350 WARN  utils.BackgroundService (BackgroundService.java:lambda$run$0(135)) - Background task fails to execute, retrying in next interval
java.util.concurrent.ExecutionException: org.apache.hadoop.hdds.scm.container.common.helpers.StorageContainerException: Error opening DB. Container:2 ContainerPath:/opt/src/hadoop-ozone/integration-test/target/test-dir/MiniOzoneClusterImpl-a761fe1f-0c0e-47cb-a611-f8332fccf762/datanode-0/data/containers/hdds/5e8e6293-46cb-4cd3-b79f-910131fb7ceb/current/containerDir0/2/metadata/2-dn-container.db
	at java.util.concurrent.FutureTask.report(FutureTask.java:122)
	at java.util.concurrent.FutureTask.get(FutureTask.java:206)
	at org.apache.hadoop.utils.BackgroundService$PeriodicalTask.lambda$run$0(BackgroundService.java:129)
	at java.util.stream.ForEachOps$ForEachOp$OfRef.accept(ForEachOps.java:184)
	at java.util.ArrayList$ArrayListSpliterator.forEachRemaining(ArrayList.java:1382)
	at java.util.stream.AbstractPipeline.copyInto(AbstractPipeline.java:482)
	at java.util.stream.ForEachOps$ForEachTask.compute(ForEachOps.java:291)
	at java.util.concurrent.CountedCompleter.exec(CountedCompleter.java:731)
	at java.util.concurrent.ForkJoinTask.doExec(ForkJoinTask.java:289)
	at java.util.concurrent.ForkJoinPool$WorkQueue.runTask(ForkJoinPool.java:1056)
	at java.util.concurrent.ForkJoinPool.runWorker(ForkJoinPool.java:1692)
	at java.util.concurrent.ForkJoinWorkerThread.run(ForkJoinWorkerThread.java:157)
Caused by: org.apache.hadoop.hdds.scm.container.common.helpers.StorageContainerException: Error opening DB. Container:2 ContainerPath:/opt/src/hadoop-ozone/integration-test/target/test-dir/MiniOzoneClusterImpl-a761fe1f-0c0e-47cb-a611-f8332fccf762/datanode-0/data/containers/hdds/5e8e6293-46cb-4cd3-b79f-910131fb7ceb/current/containerDir0/2/metadata/2-dn-container.db
	at org.apache.hadoop.ozone.container.keyvalue.helpers.BlockUtils.getDB(BlockUtils.java:84)
	at org.apache.hadoop.ozone.container.keyvalue.statemachine.background.BlockDeletingService$BlockDeletingTask.call(BlockDeletingService.java:188)
	at org.apache.hadoop.ozone.container.keyvalue.statemachine.background.BlockDeletingService$BlockDeletingTask.call(BlockDeletingService.java:172)
	at java.util.concurrent.FutureTask.run(FutureTask.java:266)
	at java.util.concurrent.Executors$RunnableAdapter.call(Executors.java:511)
	at java.util.concurrent.FutureTask.run(FutureTask.java:266)
	at java.util.concurrent.Executors$RunnableAdapter.call(Executors.java:511)
	at java.util.concurrent.FutureTask.run(FutureTask.java:266)
	at java.util.concurrent.ScheduledThreadPoolExecutor$ScheduledFutureTask.access$201(ScheduledThreadPoolExecutor.java:180)
	at java.util.concurrent.ScheduledThreadPoolExecutor$ScheduledFutureTask.run(ScheduledThreadPoolExecutor.java:293)
	at java.util.concurrent.ThreadPoolExecutor.runWorker(ThreadPoolExecutor.java:1149)
	at java.util.concurrent.ThreadPoolExecutor$Worker.run(ThreadPoolExecutor.java:624)
	at java.lang.Thread.run(Thread.java:748)
2019-07-03 21:52:47,228 INFO  ozone.MiniOzoneClusterImpl (MiniOzoneClusterImpl.java:lambda$waitForClusterToBeReady$0(142)) - Waiting for cluster to be ready. Got 0 of 1 DN Heartbeats.
2019-07-03 21:52:47,350 INFO  background.BlockDeletingService (BlockDeletingService.java:getTasks(123)) - Plan to choose 10 containers for block deletion, actually returns 5 valid containers.
2019-07-03 21:52:47,351 ERROR utils.ContainerCache (ContainerCache.java:getDB(137)) - Error opening DB. Container:1 ContainerPath:/opt/src/hadoop-ozone/integration-test/target/test-dir/MiniOzoneClusterImpl-a761fe1f-0c0e-47cb-a611-f8332fccf762/datanode-0/data/containers/hdds/5e8e6293-46cb-4cd3-b79f-910131fb7ceb/current/containerDir0/1/metadata/1-dn-container.db
java.io.IOException: Failed init RocksDB, db path : /opt/src/hadoop-ozone/integration-test/target/test-dir/MiniOzoneClusterImpl-a761fe1f-0c0e-47cb-a611-f8332fccf762/datanode-0/data/containers/hdds/5e8e6293-46cb-4cd3-b79f-910131fb7ceb/current/containerDir0/1/metadata/1-dn-container.db
	at org.apache.hadoop.utils.RocksDBStore.<init>(RocksDBStore.java:87)
	at org.apache.hadoop.utils.MetadataStoreBuilder.build(MetadataStoreBuilder.java:137)
	at org.apache.hadoop.ozone.container.common.utils.ContainerCache.getDB(ContainerCache.java:129)
	at org.apache.hadoop.ozone.container.keyvalue.helpers.BlockUtils.getDB(BlockUtils.java:77)
	at org.apache.hadoop.ozone.container.keyvalue.statemachine.background.BlockDeletingService$BlockDeletingTask.call(BlockDeletingService.java:188)
	at org.apache.hadoop.ozone.container.keyvalue.statemachine.background.BlockDeletingService$BlockDeletingTask.call(BlockDeletingService.java:172)
	at java.util.concurrent.FutureTask.run(FutureTask.java:266)
	at java.util.concurrent.Executors$RunnableAdapter.call(Executors.java:511)
	at java.util.concurrent.FutureTask.run(FutureTask.java:266)
	at java.util.concurrent.Executors$RunnableAdapter.call(Executors.java:511)
	at java.util.concurrent.FutureTask.run(FutureTask.java:266)
	at java.util.concurrent.ScheduledThreadPoolExecutor$ScheduledFutureTask.access$201(ScheduledThreadPoolExecutor.java:180)
	at java.util.concurrent.ScheduledThreadPoolExecutor$ScheduledFutureTask.run(ScheduledThreadPoolExecutor.java:293)
	at java.util.concurrent.ThreadPoolExecutor.runWorker(ThreadPoolExecutor.java:1149)
	at java.util.concurrent.ThreadPoolExecutor$Worker.run(ThreadPoolExecutor.java:624)
	at java.lang.Thread.run(Thread.java:748)
Caused by: org.rocksdb.RocksDBException: While mkdir if missing: /opt/src/hadoop-ozone/integration-test/target/test-dir/MiniOzoneClusterImpl-a761fe1f-0c0e-47cb-a611-f8332fccf762/datanode-0/data/containers/hdds/5e8e6293-46cb-4cd3-b79f-910131fb7ceb/current/containerDir0/1/metadata/1-dn-container.db: No such file or directory
	at org.rocksdb.RocksDB.open(Native Method)
	at org.rocksdb.RocksDB.open(RocksDB.java:235)
	at org.apache.hadoop.utils.RocksDBStore.<init>(RocksDBStore.java:71)
	... 15 more
2019-07-03 21:52:47,352 ERROR utils.ContainerCache (ContainerCache.java:getDB(137)) - Error opening DB. Container:5 ContainerPath:/opt/src/hadoop-ozone/integration-test/target/test-dir/MiniOzoneClusterImpl-a761fe1f-0c0e-47cb-a611-f8332fccf762/datanode-0/data/containers/hdds/5e8e6293-46cb-4cd3-b79f-910131fb7ceb/current/containerDir0/5/metadata/5-dn-container.db
java.io.IOException: Failed init RocksDB, db path : /opt/src/hadoop-ozone/integration-test/target/test-dir/MiniOzoneClusterImpl-a761fe1f-0c0e-47cb-a611-f8332fccf762/datanode-0/data/containers/hdds/5e8e6293-46cb-4cd3-b79f-910131fb7ceb/current/containerDir0/5/metadata/5-dn-container.db
	at org.apache.hadoop.utils.RocksDBStore.<init>(RocksDBStore.java:87)
	at org.apache.hadoop.utils.MetadataStoreBuilder.build(MetadataStoreBuilder.java:137)
	at org.apache.hadoop.ozone.container.common.utils.ContainerCache.getDB(ContainerCache.java:129)
	at org.apache.hadoop.ozone.container.keyvalue.helpers.BlockUtils.getDB(BlockUtils.java:77)
	at org.apache.hadoop.ozone.container.keyvalue.statemachine.background.BlockDeletingService$BlockDeletingTask.call(BlockDeletingService.java:188)
	at org.apache.hadoop.ozone.container.keyvalue.statemachine.background.BlockDeletingService$BlockDeletingTask.call(BlockDeletingService.java:172)
	at java.util.concurrent.FutureTask.run(FutureTask.java:266)
	at java.util.concurrent.Executors$RunnableAdapter.call(Executors.java:511)
	at java.util.concurrent.FutureTask.run(FutureTask.java:266)
	at java.util.concurrent.Executors$RunnableAdapter.call(Executors.java:511)
	at java.util.concurrent.FutureTask.run(FutureTask.java:266)
	at java.util.concurrent.ScheduledThreadPoolExecutor$ScheduledFutureTask.access$201(ScheduledThreadPoolExecutor.java:180)
	at java.util.concurrent.ScheduledThreadPoolExecutor$ScheduledFutureTask.run(ScheduledThreadPoolExecutor.java:293)
	at java.util.concurrent.ThreadPoolExecutor.runWorker(ThreadPoolExecutor.java:1149)
	at java.util.concurrent.ThreadPoolExecutor$Worker.run(ThreadPoolExecutor.java:624)
	at java.lang.Thread.run(Thread.java:748)
Caused by: org.rocksdb.RocksDBException: While mkdir if missing: /opt/src/hadoop-ozone/integration-test/target/test-dir/MiniOzoneClusterImpl-a761fe1f-0c0e-47cb-a611-f8332fccf762/datanode-0/data/containers/hdds/5e8e6293-46cb-4cd3-b79f-910131fb7ceb/current/containerDir0/5/metadata/5-dn-container.db: No such file or directory
	at org.rocksdb.RocksDB.open(Native Method)
	at org.rocksdb.RocksDB.open(RocksDB.java:235)
	at org.apache.hadoop.utils.RocksDBStore.<init>(RocksDBStore.java:71)
	... 15 more
2019-07-03 21:52:47,353 WARN  utils.BackgroundService (BackgroundService.java:lambda$run$0(135)) - Background task fails to execute, retrying in next interval
java.util.concurrent.ExecutionException: org.apache.hadoop.hdds.scm.container.common.helpers.StorageContainerException: Error opening DB. Container:5 ContainerPath:/opt/src/hadoop-ozone/integration-test/target/test-dir/MiniOzoneClusterImpl-a761fe1f-0c0e-47cb-a611-f8332fccf762/datanode-0/data/containers/hdds/5e8e6293-46cb-4cd3-b79f-910131fb7ceb/current/containerDir0/5/metadata/5-dn-container.db
	at java.util.concurrent.FutureTask.report(FutureTask.java:122)
	at java.util.concurrent.FutureTask.get(FutureTask.java:206)
	at org.apache.hadoop.utils.BackgroundService$PeriodicalTask.lambda$run$0(BackgroundService.java:129)
	at java.util.stream.ForEachOps$ForEachOp$OfRef.accept(ForEachOps.java:184)
	at java.util.ArrayList$ArrayListSpliterator.forEachRemaining(ArrayList.java:1382)
	at java.util.stream.AbstractPipeline.copyInto(AbstractPipeline.java:482)
	at java.util.stream.ForEachOps$ForEachTask.compute(ForEachOps.java:291)
	at java.util.concurrent.CountedCompleter.exec(CountedCompleter.java:731)
	at java.util.concurrent.ForkJoinTask.doExec(ForkJoinTask.java:289)
	at java.util.concurrent.ForkJoinPool$WorkQueue.runTask(ForkJoinPool.java:1056)
	at java.util.concurrent.ForkJoinPool.runWorker(ForkJoinPool.java:1692)
	at java.util.concurrent.ForkJoinWorkerThread.run(ForkJoinWorkerThread.java:157)
Caused by: org.apache.hadoop.hdds.scm.container.common.helpers.StorageContainerException: Error opening DB. Container:5 ContainerPath:/opt/src/hadoop-ozone/integration-test/target/test-dir/MiniOzoneClusterImpl-a761fe1f-0c0e-47cb-a611-f8332fccf762/datanode-0/data/containers/hdds/5e8e6293-46cb-4cd3-b79f-910131fb7ceb/current/containerDir0/5/metadata/5-dn-container.db
	at org.apache.hadoop.ozone.container.keyvalue.helpers.BlockUtils.getDB(BlockUtils.java:84)
	at org.apache.hadoop.ozone.container.keyvalue.statemachine.background.BlockDeletingService$BlockDeletingTask.call(BlockDeletingService.java:188)
	at org.apache.hadoop.ozone.container.keyvalue.statemachine.background.BlockDeletingService$BlockDeletingTask.call(BlockDeletingService.java:172)
	at java.util.concurrent.FutureTask.run(FutureTask.java:266)
	at java.util.concurrent.Executors$RunnableAdapter.call(Executors.java:511)
	at java.util.concurrent.FutureTask.run(FutureTask.java:266)
	at java.util.concurrent.Executors$RunnableAdapter.call(Executors.java:511)
	at java.util.concurrent.FutureTask.run(FutureTask.java:266)
	at java.util.concurrent.ScheduledThreadPoolExecutor$ScheduledFutureTask.access$201(ScheduledThreadPoolExecutor.java:180)
	at java.util.concurrent.ScheduledThreadPoolExecutor$ScheduledFutureTask.run(ScheduledThreadPoolExecutor.java:293)
	at java.util.concurrent.ThreadPoolExecutor.runWorker(ThreadPoolExecutor.java:1149)
	at java.util.concurrent.ThreadPoolExecutor$Worker.run(ThreadPoolExecutor.java:624)
	at java.lang.Thread.run(Thread.java:748)
2019-07-03 21:52:47,354 WARN  utils.BackgroundService (BackgroundService.java:lambda$run$0(135)) - Background task fails to execute, retrying in next interval
java.util.concurrent.ExecutionException: org.apache.hadoop.hdds.scm.container.common.helpers.StorageContainerException: Error opening DB. Container:1 ContainerPath:/opt/src/hadoop-ozone/integration-test/target/test-dir/MiniOzoneClusterImpl-a761fe1f-0c0e-47cb-a611-f8332fccf762/datanode-0/data/containers/hdds/5e8e6293-46cb-4cd3-b79f-910131fb7ceb/current/containerDir0/1/metadata/1-dn-container.db
	at java.util.concurrent.FutureTask.report(FutureTask.java:122)
	at java.util.concurrent.FutureTask.get(FutureTask.java:206)
	at org.apache.hadoop.utils.BackgroundService$PeriodicalTask.lambda$run$0(BackgroundService.java:129)
	at java.util.stream.ForEachOps$ForEachOp$OfRef.accept(ForEachOps.java:184)
	at java.util.ArrayList$ArrayListSpliterator.forEachRemaining(ArrayList.java:1382)
	at java.util.stream.AbstractPipeline.copyInto(AbstractPipeline.java:482)
	at java.util.stream.ForEachOps$ForEachTask.compute(ForEachOps.java:291)
	at java.util.concurrent.CountedCompleter.exec(CountedCompleter.java:731)
	at java.util.concurrent.ForkJoinTask.doExec(ForkJoinTask.java:289)
	at java.util.concurrent.ForkJoinPool$WorkQueue.execLocalTasks(ForkJoinPool.java:1040)
	at java.util.concurrent.ForkJoinPool$WorkQueue.runTask(ForkJoinPool.java:1058)
	at java.util.concurrent.ForkJoinPool.runWorker(ForkJoinPool.java:1692)
	at java.util.concurrent.ForkJoinWorkerThread.run(ForkJoinWorkerThread.java:157)
Caused by: org.apache.hadoop.hdds.scm.container.common.helpers.StorageContainerException: Error opening DB. Container:1 ContainerPath:/opt/src/hadoop-ozone/integration-test/target/test-dir/MiniOzoneClusterImpl-a761fe1f-0c0e-47cb-a611-f8332fccf762/datanode-0/data/containers/hdds/5e8e6293-46cb-4cd3-b79f-910131fb7ceb/current/containerDir0/1/metadata/1-dn-container.db
	at org.apache.hadoop.ozone.container.keyvalue.helpers.BlockUtils.getDB(BlockUtils.java:84)
	at org.apache.hadoop.ozone.container.keyvalue.statemachine.background.BlockDeletingService$BlockDeletingTask.call(BlockDeletingService.java:188)
	at org.apache.hadoop.ozone.container.keyvalue.statemachine.background.BlockDeletingService$BlockDeletingTask.call(BlockDeletingService.java:172)
	at java.util.concurrent.FutureTask.run(FutureTask.java:266)
	at java.util.concurrent.Executors$RunnableAdapter.call(Executors.java:511)
	at java.util.concurrent.FutureTask.run(FutureTask.java:266)
	at java.util.concurrent.Executors$RunnableAdapter.call(Executors.java:511)
	at java.util.concurrent.FutureTask.run(FutureTask.java:266)
	at java.util.concurrent.ScheduledThreadPoolExecutor$ScheduledFutureTask.access$201(ScheduledThreadPoolExecutor.java:180)
	at java.util.concurrent.ScheduledThreadPoolExecutor$ScheduledFutureTask.run(ScheduledThreadPoolExecutor.java:293)
	at java.util.concurrent.ThreadPoolExecutor.runWorker(ThreadPoolExecutor.java:1149)
	at java.util.concurrent.ThreadPoolExecutor$Worker.run(ThreadPoolExecutor.java:624)
	at java.lang.Thread.run(Thread.java:748)
2019-07-03 21:52:47,354 ERROR utils.ContainerCache (ContainerCache.java:getDB(137)) - Error opening DB. Container:4 ContainerPath:/opt/src/hadoop-ozone/integration-test/target/test-dir/MiniOzoneClusterImpl-a761fe1f-0c0e-47cb-a611-f8332fccf762/datanode-0/data/containers/hdds/5e8e6293-46cb-4cd3-b79f-910131fb7ceb/current/containerDir0/4/metadata/4-dn-container.db
java.io.IOException: Failed init RocksDB, db path : /opt/src/hadoop-ozone/integration-test/target/test-dir/MiniOzoneClusterImpl-a761fe1f-0c0e-47cb-a611-f8332fccf762/datanode-0/data/containers/hdds/5e8e6293-46cb-4cd3-b79f-910131fb7ceb/current/containerDir0/4/metadata/4-dn-container.db
	at org.apache.hadoop.utils.RocksDBStore.<init>(RocksDBStore.java:87)
	at org.apache.hadoop.utils.MetadataStoreBuilder.build(MetadataStoreBuilder.java:137)
	at org.apache.hadoop.ozone.container.common.utils.ContainerCache.getDB(ContainerCache.java:129)
	at org.apache.hadoop.ozone.container.keyvalue.helpers.BlockUtils.getDB(BlockUtils.java:77)
	at org.apache.hadoop.ozone.container.keyvalue.statemachine.background.BlockDeletingService$BlockDeletingTask.call(BlockDeletingService.java:188)
	at org.apache.hadoop.ozone.container.keyvalue.statemachine.background.BlockDeletingService$BlockDeletingTask.call(BlockDeletingService.java:172)
	at java.util.concurrent.FutureTask.run(FutureTask.java:266)
	at java.util.concurrent.Executors$RunnableAdapter.call(Executors.java:511)
	at java.util.concurrent.FutureTask.run(FutureTask.java:266)
	at java.util.concurrent.Executors$RunnableAdapter.call(Executors.java:511)
	at java.util.concurrent.FutureTask.run(FutureTask.java:266)
	at java.util.concurrent.ScheduledThreadPoolExecutor$ScheduledFutureTask.access$201(ScheduledThreadPoolExecutor.java:180)
	at java.util.concurrent.ScheduledThreadPoolExecutor$ScheduledFutureTask.run(ScheduledThreadPoolExecutor.java:293)
	at java.util.concurrent.ThreadPoolExecutor.runWorker(ThreadPoolExecutor.java:1149)
	at java.util.concurrent.ThreadPoolExecutor$Worker.run(ThreadPoolExecutor.java:624)
	at java.lang.Thread.run(Thread.java:748)
Caused by: org.rocksdb.RocksDBException: While mkdir if missing: /opt/src/hadoop-ozone/integration-test/target/test-dir/MiniOzoneClusterImpl-a761fe1f-0c0e-47cb-a611-f8332fccf762/datanode-0/data/containers/hdds/5e8e6293-46cb-4cd3-b79f-910131fb7ceb/current/containerDir0/4/metadata/4-dn-container.db: No such file or directory
	at org.rocksdb.RocksDB.open(Native Method)
	at org.rocksdb.RocksDB.open(RocksDB.java:235)
	at org.apache.hadoop.utils.RocksDBStore.<init>(RocksDBStore.java:71)
	... 15 more
2019-07-03 21:52:47,355 WARN  utils.BackgroundService (BackgroundService.java:lambda$run$0(135)) - Background task fails to execute, retrying in next interval
java.util.concurrent.ExecutionException: org.apache.hadoop.hdds.scm.container.common.helpers.StorageContainerException: Error opening DB. Container:4 ContainerPath:/opt/src/hadoop-ozone/integration-test/target/test-dir/MiniOzoneClusterImpl-a761fe1f-0c0e-47cb-a611-f8332fccf762/datanode-0/data/containers/hdds/5e8e6293-46cb-4cd3-b79f-910131fb7ceb/current/containerDir0/4/metadata/4-dn-container.db
	at java.util.concurrent.FutureTask.report(FutureTask.java:122)
	at java.util.concurrent.FutureTask.get(FutureTask.java:206)
	at org.apache.hadoop.utils.BackgroundService$PeriodicalTask.lambda$run$0(BackgroundService.java:129)
	at java.util.stream.ForEachOps$ForEachOp$OfRef.accept(ForEachOps.java:184)
	at java.util.ArrayList$ArrayListSpliterator.forEachRemaining(ArrayList.java:1382)
	at java.util.stream.AbstractPipeline.copyInto(AbstractPipeline.java:482)
	at java.util.stream.ForEachOps$ForEachTask.compute(ForEachOps.java:291)
	at java.util.concurrent.CountedCompleter.exec(CountedCompleter.java:731)
	at java.util.concurrent.ForkJoinTask.doExec(ForkJoinTask.java:289)
	at java.util.concurrent.ForkJoinTask.doInvoke(ForkJoinTask.java:401)
	at java.util.concurrent.ForkJoinTask.invoke(ForkJoinTask.java:734)
	at java.util.stream.ForEachOps$ForEachOp.evaluateParallel(ForEachOps.java:160)
	at java.util.stream.ForEachOps$ForEachOp$OfRef.evaluateParallel(ForEachOps.java:174)
	at java.util.stream.AbstractPipeline.evaluate(AbstractPipeline.java:233)
	at java.util.stream.ReferencePipeline.forEach(ReferencePipeline.java:418)
	at java.util.stream.ReferencePipeline$Head.forEach(ReferencePipeline.java:583)
	at org.apache.hadoop.utils.BackgroundService$PeriodicalTask.run(BackgroundService.java:125)
	at java.util.concurrent.Executors$RunnableAdapter.call(Executors.java:511)
	at java.util.concurrent.FutureTask.runAndReset(FutureTask.java:308)
	at java.util.concurrent.ScheduledThreadPoolExecutor$ScheduledFutureTask.access$301(ScheduledThreadPoolExecutor.java:180)
	at java.util.concurrent.ScheduledThreadPoolExecutor$ScheduledFutureTask.run(ScheduledThreadPoolExecutor.java:294)
	at java.util.concurrent.ThreadPoolExecutor.runWorker(ThreadPoolExecutor.java:1149)
	at java.util.concurrent.ThreadPoolExecutor$Worker.run(ThreadPoolExecutor.java:624)
	at java.lang.Thread.run(Thread.java:748)
Caused by: org.apache.hadoop.hdds.scm.container.common.helpers.StorageContainerException: Error opening DB. Container:4 ContainerPath:/opt/src/hadoop-ozone/integration-test/target/test-dir/MiniOzoneClusterImpl-a761fe1f-0c0e-47cb-a611-f8332fccf762/datanode-0/data/containers/hdds/5e8e6293-46cb-4cd3-b79f-910131fb7ceb/current/containerDir0/4/metadata/4-dn-container.db
	at org.apache.hadoop.ozone.container.keyvalue.helpers.BlockUtils.getDB(BlockUtils.java:84)
	at org.apache.hadoop.ozone.container.keyvalue.statemachine.background.BlockDeletingService$BlockDeletingTask.call(BlockDeletingService.java:188)
	at org.apache.hadoop.ozone.container.keyvalue.statemachine.background.BlockDeletingService$BlockDeletingTask.call(BlockDeletingService.java:172)
	at java.util.concurrent.FutureTask.run(FutureTask.java:266)
	at java.util.concurrent.Executors$RunnableAdapter.call(Executors.java:511)
	at java.util.concurrent.FutureTask.run(FutureTask.java:266)
	at java.util.concurrent.Executors$RunnableAdapter.call(Executors.java:511)
	at java.util.concurrent.FutureTask.run(FutureTask.java:266)
	at java.util.concurrent.ScheduledThreadPoolExecutor$ScheduledFutureTask.access$201(ScheduledThreadPoolExecutor.java:180)
	at java.util.concurrent.ScheduledThreadPoolExecutor$ScheduledFutureTask.run(ScheduledThreadPoolExecutor.java:293)
	... 3 more
2019-07-03 21:52:47,355 ERROR utils.ContainerCache (ContainerCache.java:getDB(137)) - Error opening DB. Container:2 ContainerPath:/opt/src/hadoop-ozone/integration-test/target/test-dir/MiniOzoneClusterImpl-a761fe1f-0c0e-47cb-a611-f8332fccf762/datanode-0/data/containers/hdds/5e8e6293-46cb-4cd3-b79f-910131fb7ceb/current/containerDir0/2/metadata/2-dn-container.db
java.io.IOException: Failed init RocksDB, db path : /opt/src/hadoop-ozone/integration-test/target/test-dir/MiniOzoneClusterImpl-a761fe1f-0c0e-47cb-a611-f8332fccf762/datanode-0/data/containers/hdds/5e8e6293-46cb-4cd3-b79f-910131fb7ceb/current/containerDir0/2/metadata/2-dn-container.db
	at org.apache.hadoop.utils.RocksDBStore.<init>(RocksDBStore.java:87)
	at org.apache.hadoop.utils.MetadataStoreBuilder.build(MetadataStoreBuilder.java:137)
	at org.apache.hadoop.ozone.container.common.utils.ContainerCache.getDB(ContainerCache.java:129)
	at org.apache.hadoop.ozone.container.keyvalue.helpers.BlockUtils.getDB(BlockUtils.java:77)
	at org.apache.hadoop.ozone.container.keyvalue.statemachine.background.BlockDeletingService$BlockDeletingTask.call(BlockDeletingService.java:188)
	at org.apache.hadoop.ozone.container.keyvalue.statemachine.background.BlockDeletingService$BlockDeletingTask.call(BlockDeletingService.java:172)
	at java.util.concurrent.FutureTask.run(FutureTask.java:266)
	at java.util.concurrent.Executors$RunnableAdapter.call(Executors.java:511)
	at java.util.concurrent.FutureTask.run(FutureTask.java:266)
	at java.util.concurrent.Executors$RunnableAdapter.call(Executors.java:511)
	at java.util.concurrent.FutureTask.run(FutureTask.java:266)
	at java.util.concurrent.ScheduledThreadPoolExecutor$ScheduledFutureTask.access$201(ScheduledThreadPoolExecutor.java:180)
	at java.util.concurrent.ScheduledThreadPoolExecutor$ScheduledFutureTask.run(ScheduledThreadPoolExecutor.java:293)
	at java.util.concurrent.ThreadPoolExecutor.runWorker(ThreadPoolExecutor.java:1149)
	at java.util.concurrent.ThreadPoolExecutor$Worker.run(ThreadPoolExecutor.java:624)
	at java.lang.Thread.run(Thread.java:748)
Caused by: org.rocksdb.RocksDBException: While mkdir if missing: /opt/src/hadoop-ozone/integration-test/target/test-dir/MiniOzoneClusterImpl-a761fe1f-0c0e-47cb-a611-f8332fccf762/datanode-0/data/containers/hdds/5e8e6293-46cb-4cd3-b79f-910131fb7ceb/current/containerDir0/2/metadata/2-dn-container.db: No such file or directory
	at org.rocksdb.RocksDB.open(Native Method)
	at org.rocksdb.RocksDB.open(RocksDB.java:235)
	at org.apache.hadoop.utils.RocksDBStore.<init>(RocksDBStore.java:71)
	... 15 more
2019-07-03 21:52:47,356 WARN  utils.BackgroundService (BackgroundService.java:lambda$run$0(135)) - Background task fails to execute, retrying in next interval
java.util.concurrent.ExecutionException: org.apache.hadoop.hdds.scm.container.common.helpers.StorageContainerException: Error opening DB. Container:2 ContainerPath:/opt/src/hadoop-ozone/integration-test/target/test-dir/MiniOzoneClusterImpl-a761fe1f-0c0e-47cb-a611-f8332fccf762/datanode-0/data/containers/hdds/5e8e6293-46cb-4cd3-b79f-910131fb7ceb/current/containerDir0/2/metadata/2-dn-container.db
	at java.util.concurrent.FutureTask.report(FutureTask.java:122)
	at java.util.concurrent.FutureTask.get(FutureTask.java:206)
	at org.apache.hadoop.utils.BackgroundService$PeriodicalTask.lambda$run$0(BackgroundService.java:129)
	at java.util.stream.ForEachOps$ForEachOp$OfRef.accept(ForEachOps.java:184)
	at java.util.ArrayList$ArrayListSpliterator.forEachRemaining(ArrayList.java:1382)
	at java.util.stream.AbstractPipeline.copyInto(AbstractPipeline.java:482)
	at java.util.stream.ForEachOps$ForEachTask.compute(ForEachOps.java:291)
	at java.util.concurrent.CountedCompleter.exec(CountedCompleter.java:731)
	at java.util.concurrent.ForkJoinTask.doExec(ForkJoinTask.java:289)
	at java.util.concurrent.ForkJoinPool$WorkQueue.runTask(ForkJoinPool.java:1056)
	at java.util.concurrent.ForkJoinPool.runWorker(ForkJoinPool.java:1692)
	at java.util.concurrent.ForkJoinWorkerThread.run(ForkJoinWorkerThread.java:157)
Caused by: org.apache.hadoop.hdds.scm.container.common.helpers.StorageContainerException: Error opening DB. Container:2 ContainerPath:/opt/src/hadoop-ozone/integration-test/target/test-dir/MiniOzoneClusterImpl-a761fe1f-0c0e-47cb-a611-f8332fccf762/datanode-0/data/containers/hdds/5e8e6293-46cb-4cd3-b79f-910131fb7ceb/current/containerDir0/2/metadata/2-dn-container.db
	at org.apache.hadoop.ozone.container.keyvalue.helpers.BlockUtils.getDB(BlockUtils.java:84)
	at org.apache.hadoop.ozone.container.keyvalue.statemachine.background.BlockDeletingService$BlockDeletingTask.call(BlockDeletingService.java:188)
	at org.apache.hadoop.ozone.container.keyvalue.statemachine.background.BlockDeletingService$BlockDeletingTask.call(BlockDeletingService.java:172)
	at java.util.concurrent.FutureTask.run(FutureTask.java:266)
	at java.util.concurrent.Executors$RunnableAdapter.call(Executors.java:511)
	at java.util.concurrent.FutureTask.run(FutureTask.java:266)
	at java.util.concurrent.Executors$RunnableAdapter.call(Executors.java:511)
	at java.util.concurrent.FutureTask.run(FutureTask.java:266)
	at java.util.concurrent.ScheduledThreadPoolExecutor$ScheduledFutureTask.access$201(ScheduledThreadPoolExecutor.java:180)
	at java.util.concurrent.ScheduledThreadPoolExecutor$ScheduledFutureTask.run(ScheduledThreadPoolExecutor.java:293)
	at java.util.concurrent.ThreadPoolExecutor.runWorker(ThreadPoolExecutor.java:1149)
	at java.util.concurrent.ThreadPoolExecutor$Worker.run(ThreadPoolExecutor.java:624)
	at java.lang.Thread.run(Thread.java:748)
2019-07-03 21:52:47,356 ERROR utils.ContainerCache (ContainerCache.java:getDB(137)) - Error opening DB. Container:3 ContainerPath:/opt/src/hadoop-ozone/integration-test/target/test-dir/MiniOzoneClusterImpl-a761fe1f-0c0e-47cb-a611-f8332fccf762/datanode-0/data/containers/hdds/5e8e6293-46cb-4cd3-b79f-910131fb7ceb/current/containerDir0/3/metadata/3-dn-container.db
java.io.IOException: Failed init RocksDB, db path : /opt/src/hadoop-ozone/integration-test/target/test-dir/MiniOzoneClusterImpl-a761fe1f-0c0e-47cb-a611-f8332fccf762/datanode-0/data/containers/hdds/5e8e6293-46cb-4cd3-b79f-910131fb7ceb/current/containerDir0/3/metadata/3-dn-container.db
	at org.apache.hadoop.utils.RocksDBStore.<init>(RocksDBStore.java:87)
	at org.apache.hadoop.utils.MetadataStoreBuilder.build(MetadataStoreBuilder.java:137)
	at org.apache.hadoop.ozone.container.common.utils.ContainerCache.getDB(ContainerCache.java:129)
	at org.apache.hadoop.ozone.container.keyvalue.helpers.BlockUtils.getDB(BlockUtils.java:77)
	at org.apache.hadoop.ozone.container.keyvalue.statemachine.background.BlockDeletingService$BlockDeletingTask.call(BlockDeletingService.java:188)
	at org.apache.hadoop.ozone.container.keyvalue.statemachine.background.BlockDeletingService$BlockDeletingTask.call(BlockDeletingService.java:172)
	at java.util.concurrent.FutureTask.run(FutureTask.java:266)
	at java.util.concurrent.Executors$RunnableAdapter.call(Executors.java:511)
	at java.util.concurrent.FutureTask.run(FutureTask.java:266)
	at java.util.concurrent.Executors$RunnableAdapter.call(Executors.java:511)
	at java.util.concurrent.FutureTask.run(FutureTask.java:266)
	at java.util.concurrent.ScheduledThreadPoolExecutor$ScheduledFutureTask.access$201(ScheduledThreadPoolExecutor.java:180)
	at java.util.concurrent.ScheduledThreadPoolExecutor$ScheduledFutureTask.run(ScheduledThreadPoolExecutor.java:293)
	at java.util.concurrent.ThreadPoolExecutor.runWorker(ThreadPoolExecutor.java:1149)
	at java.util.concurrent.ThreadPoolExecutor$Worker.run(ThreadPoolExecutor.java:624)
	at java.lang.Thread.run(Thread.java:748)
Caused by: org.rocksdb.RocksDBException: While mkdir if missing: /opt/src/hadoop-ozone/integration-test/target/test-dir/MiniOzoneClusterImpl-a761fe1f-0c0e-47cb-a611-f8332fccf762/datanode-0/data/containers/hdds/5e8e6293-46cb-4cd3-b79f-910131fb7ceb/current/containerDir0/3/metadata/3-dn-container.db: No such file or directory
	at org.rocksdb.RocksDB.open(Native Method)
	at org.rocksdb.RocksDB.open(RocksDB.java:235)
	at org.apache.hadoop.utils.RocksDBStore.<init>(RocksDBStore.java:71)
	... 15 more
2019-07-03 21:52:47,357 WARN  utils.BackgroundService (BackgroundService.java:lambda$run$0(135)) - Background task fails to execute, retrying in next interval
java.util.concurrent.ExecutionException: org.apache.hadoop.hdds.scm.container.common.helpers.StorageContainerException: Error opening DB. Container:3 ContainerPath:/opt/src/hadoop-ozone/integration-test/target/test-dir/MiniOzoneClusterImpl-a761fe1f-0c0e-47cb-a611-f8332fccf762/datanode-0/data/containers/hdds/5e8e6293-46cb-4cd3-b79f-910131fb7ceb/current/containerDir0/3/metadata/3-dn-container.db
	at java.util.concurrent.FutureTask.report(FutureTask.java:122)
	at java.util.concurrent.FutureTask.get(FutureTask.java:206)
	at org.apache.hadoop.utils.BackgroundService$PeriodicalTask.lambda$run$0(BackgroundService.java:129)
	at java.util.stream.ForEachOps$ForEachOp$OfRef.accept(ForEachOps.java:184)
	at java.util.ArrayList$ArrayListSpliterator.forEachRemaining(ArrayList.java:1382)
	at java.util.stream.AbstractPipeline.copyInto(AbstractPipeline.java:482)
	at java.util.stream.ForEachOps$ForEachTask.compute(ForEachOps.java:291)
	at java.util.concurrent.CountedCompleter.exec(CountedCompleter.java:731)
	at java.util.concurrent.ForkJoinTask.doExec(ForkJoinTask.java:289)
	at java.util.concurrent.ForkJoinPool$WorkQueue.pollAndExecCC(ForkJoinPool.java:1190)
	at java.util.concurrent.ForkJoinPool.helpComplete(ForkJoinPool.java:1879)
	at java.util.concurrent.ForkJoinPool.externalHelpComplete(ForkJoinPool.java:2467)
	at java.util.concurrent.ForkJoinTask.externalAwaitDone(ForkJoinTask.java:324)
	at java.util.concurrent.ForkJoinTask.doInvoke(ForkJoinTask.java:405)
	at java.util.concurrent.ForkJoinTask.invoke(ForkJoinTask.java:734)
	at java.util.stream.ForEachOps$ForEachOp.evaluateParallel(ForEachOps.java:160)
	at java.util.stream.ForEachOps$ForEachOp$OfRef.evaluateParallel(ForEachOps.java:174)
	at java.util.stream.AbstractPipeline.evaluate(AbstractPipeline.java:233)
	at java.util.stream.ReferencePipeline.forEach(ReferencePipeline.java:418)
	at java.util.stream.ReferencePipeline$Head.forEach(ReferencePipeline.java:583)
	at org.apache.hadoop.utils.BackgroundService$PeriodicalTask.run(BackgroundService.java:125)
	at java.util.concurrent.Executors$RunnableAdapter.call(Executors.java:511)
	at java.util.concurrent.FutureTask.runAndReset(FutureTask.java:308)
	at java.util.concurrent.ScheduledThreadPoolExecutor$ScheduledFutureTask.access$301(ScheduledThreadPoolExecutor.java:180)
	at java.util.concurrent.ScheduledThreadPoolExecutor$ScheduledFutureTask.run(ScheduledThreadPoolExecutor.java:294)
	at java.util.concurrent.ThreadPoolExecutor.runWorker(ThreadPoolExecutor.java:1149)
	at java.util.concurrent.ThreadPoolExecutor$Worker.run(ThreadPoolExecutor.java:624)
	at java.lang.Thread.run(Thread.java:748)
Caused by: org.apache.hadoop.hdds.scm.container.common.helpers.StorageContainerException: Error opening DB. Container:3 ContainerPath:/opt/src/hadoop-ozone/integration-test/target/test-dir/MiniOzoneClusterImpl-a761fe1f-0c0e-47cb-a611-f8332fccf762/datanode-0/data/containers/hdds/5e8e6293-46cb-4cd3-b79f-910131fb7ceb/current/containerDir0/3/metadata/3-dn-container.db
	at org.apache.hadoop.ozone.container.keyvalue.helpers.BlockUtils.getDB(BlockUtils.java:84)
	at org.apache.hadoop.ozone.container.keyvalue.statemachine.background.BlockDeletingService$BlockDeletingTask.call(BlockDeletingService.java:188)
	at org.apache.hadoop.ozone.container.keyvalue.statemachine.background.BlockDeletingService$BlockDeletingTask.call(BlockDeletingService.java:172)
	at java.util.concurrent.FutureTask.run(FutureTask.java:266)
	at java.util.concurrent.Executors$RunnableAdapter.call(Executors.java:511)
	at java.util.concurrent.FutureTask.run(FutureTask.java:266)
	at java.util.concurrent.Executors$RunnableAdapter.call(Executors.java:511)
	at java.util.concurrent.FutureTask.run(FutureTask.java:266)
	at java.util.concurrent.ScheduledThreadPoolExecutor$ScheduledFutureTask.access$201(ScheduledThreadPoolExecutor.java:180)
	at java.util.concurrent.ScheduledThreadPoolExecutor$ScheduledFutureTask.run(ScheduledThreadPoolExecutor.java:293)
	... 3 more
2019-07-03 21:52:48,228 INFO  ozone.MiniOzoneClusterImpl (MiniOzoneClusterImpl.java:lambda$waitForClusterToBeReady$0(142)) - Waiting for cluster to be ready. Got 0 of 1 DN Heartbeats.
2019-07-03 21:52:48,234 INFO  net.NetworkTopology (NetworkTopologyImpl.java:add(109)) - Added a new node: /default-rack/192.168.157.197
2019-07-03 21:52:48,236 INFO  node.SCMNodeManager (SCMNodeManager.java:register(268)) - Registered Data node : 9e4b19a0-3704-4ed8-a911-c2ef5bf5d43d{ip: 192.168.157.197, host: ozone-hdds-1735-k2n2p-4288536111, networkLocation: /default-rack, certSerialId: null}
2019-07-03 21:52:48,240 INFO  safemode.SCMSafeModeManager (DataNodeSafeModeRule.java:process(71)) - SCM in safe mode. 1 DataNodes registered, 1 required.
2019-07-03 21:52:48,241 INFO  safemode.SCMSafeModeManager (SCMSafeModeManager.java:validateSafeModeExitRules(177)) - ScmSafeModeManager, all rules are successfully validated
2019-07-03 21:52:48,241 INFO  safemode.SCMSafeModeManager (SCMSafeModeManager.java:exitSafeMode(193)) - SCM exiting safe mode.
2019-07-03 21:52:48,262 INFO  impl.RaftServerProxy (RaftServerProxy.java:addNew(89)) - 9e4b19a0-3704-4ed8-a911-c2ef5bf5d43d: addNew group-A60879773A99:[9e4b19a0-3704-4ed8-a911-c2ef5bf5d43d:192.168.157.197:45073] returns group-A60879773A99:java.util.concurrent.CompletableFuture@19dea262[Not completed]
2019-07-03 21:52:48,263 INFO  impl.RaftServerImpl (RaftServerImpl.java:<init>(93)) - 9e4b19a0-3704-4ed8-a911-c2ef5bf5d43d: new RaftServerImpl for group-A60879773A99:[9e4b19a0-3704-4ed8-a911-c2ef5bf5d43d:192.168.157.197:45073] with ContainerStateMachine:uninitialized
2019-07-03 21:52:48,264 INFO  server.RaftServerConfigKeys (ConfUtils.java:logGet(43)) - raft.server.rpc.timeout.min = 1s (custom)
2019-07-03 21:52:48,264 INFO  server.RaftServerConfigKeys (ConfUtils.java:logGet(43)) - raft.server.rpc.timeout.max = 1200ms (custom)
2019-07-03 21:52:48,265 INFO  server.RaftServerConfigKeys (ConfUtils.java:logGet(43)) - raft.server.rpcslowness.timeout = 120s (custom)
2019-07-03 21:52:48,265 INFO  server.RaftServerConfigKeys (ConfUtils.java:logGet(43)) - raft.server.sleep.deviation.threshold = 300 (default)
2019-07-03 21:52:48,265 INFO  server.RaftServerConfigKeys (ConfUtils.java:logGet(43)) - raft.server.log.appender.install.snapshot.enabled = false (custom)
2019-07-03 21:52:48,265 INFO  impl.RaftServerImpl (ServerState.java:<init>(105)) - 9e4b19a0-3704-4ed8-a911-c2ef5bf5d43d:group-A60879773A99 ConfigurationManager, init=-1: [9e4b19a0-3704-4ed8-a911-c2ef5bf5d43d:192.168.157.197:45073], old=null, confs=<EMPTY_MAP>
2019-07-03 21:52:48,266 INFO  server.RaftServerConfigKeys (ConfUtils.java:logGet(43)) - raft.server.storage.dir = [/opt/src/hadoop-ozone/integration-test/target/test-dir/MiniOzoneClusterImpl-178a287a-2fcc-411e-9e7f-012e638f7a06/datanode-0/data/ratis] (custom)
2019-07-03 21:52:48,266 INFO  storage.RaftStorageDirectory (RaftStorageDirectory.java:analyzeStorage(246)) - The storage directory /opt/src/hadoop-ozone/integration-test/target/test-dir/MiniOzoneClusterImpl-178a287a-2fcc-411e-9e7f-012e638f7a06/datanode-0/data/ratis/c9871ea2-7c76-4eb9-bc43-a60879773a99 does not exist. Creating ...
2019-07-03 21:52:48,280 INFO  storage.RaftStorageDirectory (RaftStorageDirectory.java:tryLock(328)) - Lock on /opt/src/hadoop-ozone/integration-test/target/test-dir/MiniOzoneClusterImpl-178a287a-2fcc-411e-9e7f-012e638f7a06/datanode-0/data/ratis/c9871ea2-7c76-4eb9-bc43-a60879773a99/in_use.lock acquired by nodename 19035@ozone-hdds-1735-k2n2p-4288536111
2019-07-03 21:52:48,293 INFO  storage.RaftStorage (RaftStorage.java:format(72)) - Storage directory /opt/src/hadoop-ozone/integration-test/target/test-dir/MiniOzoneClusterImpl-178a287a-2fcc-411e-9e7f-012e638f7a06/datanode-0/data/ratis/c9871ea2-7c76-4eb9-bc43-a60879773a99 has been successfully formatted.
2019-07-03 21:52:48,294 INFO  ratis.ContainerStateMachine (ContainerStateMachine.java:loadSnapshot(198)) - The snapshot info is null.Setting the last applied index to:(t:0, i:~)
2019-07-03 21:52:48,294 INFO  server.RaftServerConfigKeys (ConfUtils.java:logGet(43)) - raft.server.leader.election.timeout = 120s (custom)
2019-07-03 21:52:48,294 INFO  server.RaftServerConfigKeys (ConfUtils.java:logGet(43)) - raft.server.log.use.memory = false (default)
2019-07-03 21:52:48,294 INFO  server.RaftServerConfigKeys (ConfUtils.java:logGet(43)) - raft.server.log.purge.gap = 1000000000 (custom)
2019-07-03 21:52:48,294 INFO  server.RaftServerConfigKeys (ConfUtils.java:logGet(43)) - raft.server.log.appender.buffer.byte-limit = 33554432 (custom)
2019-07-03 21:52:48,295 INFO  server.RaftServerConfigKeys (ConfUtils.java:logGet(43)) - raft.server.log.segment.size.max = 1048576 (custom)
2019-07-03 21:52:48,295 INFO  server.RaftServerConfigKeys (ConfUtils.java:logGet(43)) - raft.server.log.segment.cache.num.max = 2 (custom)
2019-07-03 21:52:48,295 INFO  segmented.SegmentedRaftLogWorker (SegmentedRaftLogWorker.java:<init>(172)) - new 9e4b19a0-3704-4ed8-a911-c2ef5bf5d43d-SegmentedRaftLogWorker:Storage Directory /opt/src/hadoop-ozone/integration-test/target/test-dir/MiniOzoneClusterImpl-178a287a-2fcc-411e-9e7f-012e638f7a06/datanode-0/data/ratis/c9871ea2-7c76-4eb9-bc43-a60879773a99 for RaftStorage:Storage Directory /opt/src/hadoop-ozone/integration-test/target/test-dir/MiniOzoneClusterImpl-178a287a-2fcc-411e-9e7f-012e638f7a06/datanode-0/data/ratis/c9871ea2-7c76-4eb9-bc43-a60879773a99
2019-07-03 21:52:48,295 INFO  server.RaftServerConfigKeys (ConfUtils.java:logGet(43)) - raft.server.log.queue.byte-limit = 2147483647 (custom)
2019-07-03 21:52:48,295 INFO  server.RaftServerConfigKeys (ConfUtils.java:logGet(43)) - raft.server.log.queue.element-limit = 1024 (custom)
2019-07-03 21:52:48,296 INFO  server.RaftServerConfigKeys (ConfUtils.java:logGet(43)) - raft.server.log.segment.size.max = 1048576 (custom)
2019-07-03 21:52:48,296 INFO  server.RaftServerConfigKeys (ConfUtils.java:logGet(43)) - raft.server.log.preallocated.size = 16384 (custom)
2019-07-03 21:52:48,296 INFO  server.RaftServerConfigKeys (ConfUtils.java:logGet(43)) - raft.server.log.write.buffer.size = 33554432 (custom)
2019-07-03 21:52:48,296 INFO  server.RaftServerConfigKeys (ConfUtils.java:logGet(43)) - raft.server.log.force.sync.num = 128 (default)
2019-07-03 21:52:48,297 INFO  server.RaftServerConfigKeys (ConfUtils.java:logGet(43)) - raft.server.log.statemachine.data.sync = true (default)
2019-07-03 21:52:48,297 INFO  server.RaftServerConfigKeys (ConfUtils.java:logGet(43)) - raft.server.log.statemachine.data.sync.timeout = 10s (default)
2019-07-03 21:52:48,297 INFO  server.RaftServerConfigKeys (ConfUtils.java:logGet(43)) - raft.server.log.statemachine.data.sync.timeout.retry = -1 (default)
2019-07-03 21:52:48,297 INFO  server.RaftServerConfigKeys (ConfUtils.java:logGet(43)) - raft.server.log.statemachine.data.caching.enabled = true (custom)
2019-07-03 21:52:48,298 INFO  segmented.SegmentedRaftLogWorker (SegmentedRaftLogWorker.java:lambda$new$0(132)) - 9e4b19a0-3704-4ed8-a911-c2ef5bf5d43d-SegmentedRaftLogWorker:Storage Directory /opt/src/hadoop-ozone/integration-test/target/test-dir/MiniOzoneClusterImpl-178a287a-2fcc-411e-9e7f-012e638f7a06/datanode-0/data/ratis/c9871ea2-7c76-4eb9-bc43-a60879773a99: flushIndex: setUnconditionally 0 -> -1
2019-07-03 21:52:48,298 INFO  server.RaftServerConfigKeys (ConfUtils.java:logGet(43)) - raft.server.snapshot.auto.trigger.enabled = true (custom)
2019-07-03 21:52:48,298 INFO  server.RaftServerConfigKeys (ConfUtils.java:logGet(43)) - raft.server.snapshot.auto.trigger.threshold = 10000 (custom)
2019-07-03 21:52:48,299 INFO  server.RaftServerConfigKeys (ConfUtils.java:logGet(43)) - raft.server.retrycache.expirytime = 600000ms (custom)
2019-07-03 21:52:48,299 INFO  impl.RaftServerImpl (RaftServerImpl.java:start(180)) - 9e4b19a0-3704-4ed8-a911-c2ef5bf5d43d: start group-A60879773A99
2019-07-03 21:52:48,299 INFO  impl.RaftServerImpl (RaftServerImpl.java:setRole(171)) - 9e4b19a0-3704-4ed8-a911-c2ef5bf5d43d:group-A60879773A99 changes role from null to FOLLOWER at term 0 for startAsFollower
2019-07-03 21:52:48,299 INFO  impl.RoleInfo (RoleInfo.java:updateAndGet(143)) - 9e4b19a0-3704-4ed8-a911-c2ef5bf5d43d: start FollowerState
2019-07-03 21:52:48,300 INFO  util.JmxRegister (JmxRegister.java:tryRegister(44)) - Successfully registered JMX Bean with object name Ratis:service=RaftServer,group=group-A60879773A99,id=9e4b19a0-3704-4ed8-a911-c2ef5bf5d43d
2019-07-03 21:52:48,309 INFO  pipeline.PipelineStateManager (PipelineStateManager.java:addPipeline(56)) - Created pipeline Pipeline[ Id: c9871ea2-7c76-4eb9-bc43-a60879773a99, Nodes: 9e4b19a0-3704-4ed8-a911-c2ef5bf5d43d{ip: 192.168.157.197, host: ozone-hdds-1735-k2n2p-4288536111, networkLocation: /default-rack, certSerialId: null}, Type:RATIS, Factor:ONE, State:OPEN]
2019-07-03 21:52:48,358 INFO  background.BlockDeletingService (BlockDeletingService.java:getTasks(123)) - Plan to choose 10 containers for block deletion, actually returns 5 valid containers.
2019-07-03 21:52:48,359 ERROR utils.ContainerCache (ContainerCache.java:getDB(137)) - Error opening DB. Container:1 ContainerPath:/opt/src/hadoop-ozone/integration-test/target/test-dir/MiniOzoneClusterImpl-a761fe1f-0c0e-47cb-a611-f8332fccf762/datanode-0/data/containers/hdds/5e8e6293-46cb-4cd3-b79f-910131fb7ceb/current/containerDir0/1/metadata/1-dn-container.db
java.io.IOException: Failed init RocksDB, db path : /opt/src/hadoop-ozone/integration-test/target/test-dir/MiniOzoneClusterImpl-a761fe1f-0c0e-47cb-a611-f8332fccf762/datanode-0/data/containers/hdds/5e8e6293-46cb-4cd3-b79f-910131fb7ceb/current/containerDir0/1/metadata/1-dn-container.db
	at org.apache.hadoop.utils.RocksDBStore.<init>(RocksDBStore.java:87)
	at org.apache.hadoop.utils.MetadataStoreBuilder.build(MetadataStoreBuilder.java:137)
	at org.apache.hadoop.ozone.container.common.utils.ContainerCache.getDB(ContainerCache.java:129)
	at org.apache.hadoop.ozone.container.keyvalue.helpers.BlockUtils.getDB(BlockUtils.java:77)
	at org.apache.hadoop.ozone.container.keyvalue.statemachine.background.BlockDeletingService$BlockDeletingTask.call(BlockDeletingService.java:188)
	at org.apache.hadoop.ozone.container.keyvalue.statemachine.background.BlockDeletingService$BlockDeletingTask.call(BlockDeletingService.java:172)
	at java.util.concurrent.FutureTask.run(FutureTask.java:266)
	at java.util.concurrent.Executors$RunnableAdapter.call(Executors.java:511)
	at java.util.concurrent.FutureTask.run(FutureTask.java:266)
	at java.util.concurrent.Executors$RunnableAdapter.call(Executors.java:511)
	at java.util.concurrent.FutureTask.run(FutureTask.java:266)
	at java.util.concurrent.ScheduledThreadPoolExecutor$ScheduledFutureTask.access$201(ScheduledThreadPoolExecutor.java:180)
	at java.util.concurrent.ScheduledThreadPoolExecutor$ScheduledFutureTask.run(ScheduledThreadPoolExecutor.java:293)
	at java.util.concurrent.ThreadPoolExecutor.runWorker(ThreadPoolExecutor.java:1149)
	at java.util.concurrent.ThreadPoolExecutor$Worker.run(ThreadPoolExecutor.java:624)
	at java.lang.Thread.run(Thread.java:748)
Caused by: org.rocksdb.RocksDBException: While mkdir if missing: /opt/src/hadoop-ozone/integration-test/target/test-dir/MiniOzoneClusterImpl-a761fe1f-0c0e-47cb-a611-f8332fccf762/datanode-0/data/containers/hdds/5e8e6293-46cb-4cd3-b79f-910131fb7ceb/current/containerDir0/1/metadata/1-dn-container.db: No such file or directory
	at org.rocksdb.RocksDB.open(Native Method)
	at org.rocksdb.RocksDB.open(RocksDB.java:235)
	at org.apache.hadoop.utils.RocksDBStore.<init>(RocksDBStore.java:71)
	... 15 more
2019-07-03 21:52:48,360 ERROR utils.ContainerCache (ContainerCache.java:getDB(137)) - Error opening DB. Container:5 ContainerPath:/opt/src/hadoop-ozone/integration-test/target/test-dir/MiniOzoneClusterImpl-a761fe1f-0c0e-47cb-a611-f8332fccf762/datanode-0/data/containers/hdds/5e8e6293-46cb-4cd3-b79f-910131fb7ceb/current/containerDir0/5/metadata/5-dn-container.db
java.io.IOException: Failed init RocksDB, db path : /opt/src/hadoop-ozone/integration-test/target/test-dir/MiniOzoneClusterImpl-a761fe1f-0c0e-47cb-a611-f8332fccf762/datanode-0/data/containers/hdds/5e8e6293-46cb-4cd3-b79f-910131fb7ceb/current/containerDir0/5/metadata/5-dn-container.db
	at org.apache.hadoop.utils.RocksDBStore.<init>(RocksDBStore.java:87)
	at org.apache.hadoop.utils.MetadataStoreBuilder.build(MetadataStoreBuilder.java:137)
	at org.apache.hadoop.ozone.container.common.utils.ContainerCache.getDB(ContainerCache.java:129)
	at org.apache.hadoop.ozone.container.keyvalue.helpers.BlockUtils.getDB(BlockUtils.java:77)
	at org.apache.hadoop.ozone.container.keyvalue.statemachine.background.BlockDeletingService$BlockDeletingTask.call(BlockDeletingService.java:188)
	at org.apache.hadoop.ozone.container.keyvalue.statemachine.background.BlockDeletingService$BlockDeletingTask.call(BlockDeletingService.java:172)
	at java.util.concurrent.FutureTask.run(FutureTask.java:266)
	at java.util.concurrent.Executors$RunnableAdapter.call(Executors.java:511)
	at java.util.concurrent.FutureTask.run(FutureTask.java:266)
	at java.util.concurrent.Executors$RunnableAdapter.call(Executors.java:511)
	at java.util.concurrent.FutureTask.run(FutureTask.java:266)
	at java.util.concurrent.ScheduledThreadPoolExecutor$ScheduledFutureTask.access$201(ScheduledThreadPoolExecutor.java:180)
	at java.util.concurrent.ScheduledThreadPoolExecutor$ScheduledFutureTask.run(ScheduledThreadPoolExecutor.java:293)
	at java.util.concurrent.ThreadPoolExecutor.runWorker(ThreadPoolExecutor.java:1149)
	at java.util.concurrent.ThreadPoolExecutor$Worker.run(ThreadPoolExecutor.java:624)
	at java.lang.Thread.run(Thread.java:748)
Caused by: org.rocksdb.RocksDBException: While mkdir if missing: /opt/src/hadoop-ozone/integration-test/target/test-dir/MiniOzoneClusterImpl-a761fe1f-0c0e-47cb-a611-f8332fccf762/datanode-0/data/containers/hdds/5e8e6293-46cb-4cd3-b79f-910131fb7ceb/current/containerDir0/5/metadata/5-dn-container.db: No such file or directory
	at org.rocksdb.RocksDB.open(Native Method)
	at org.rocksdb.RocksDB.open(RocksDB.java:235)
	at org.apache.hadoop.utils.RocksDBStore.<init>(RocksDBStore.java:71)
	... 15 more
2019-07-03 21:52:48,360 WARN  utils.BackgroundService (BackgroundService.java:lambda$run$0(135)) - Background task fails to execute, retrying in next interval
java.util.concurrent.ExecutionException: org.apache.hadoop.hdds.scm.container.common.helpers.StorageContainerException: Error opening DB. Container:5 ContainerPath:/opt/src/hadoop-ozone/integration-test/target/test-dir/MiniOzoneClusterImpl-a761fe1f-0c0e-47cb-a611-f8332fccf762/datanode-0/data/containers/hdds/5e8e6293-46cb-4cd3-b79f-910131fb7ceb/current/containerDir0/5/metadata/5-dn-container.db
	at java.util.concurrent.FutureTask.report(FutureTask.java:122)
	at java.util.concurrent.FutureTask.get(FutureTask.java:206)
	at org.apache.hadoop.utils.BackgroundService$PeriodicalTask.lambda$run$0(BackgroundService.java:129)
	at java.util.stream.ForEachOps$ForEachOp$OfRef.accept(ForEachOps.java:184)
	at java.util.ArrayList$ArrayListSpliterator.forEachRemaining(ArrayList.java:1382)
	at java.util.stream.AbstractPipeline.copyInto(AbstractPipeline.java:482)
	at java.util.stream.ForEachOps$ForEachTask.compute(ForEachOps.java:291)
	at java.util.concurrent.CountedCompleter.exec(CountedCompleter.java:731)
	at java.util.concurrent.ForkJoinTask.doExec(ForkJoinTask.java:289)
	at java.util.concurrent.ForkJoinPool$WorkQueue.runTask(ForkJoinPool.java:1056)
	at java.util.concurrent.ForkJoinPool.runWorker(ForkJoinPool.java:1692)
	at java.util.concurrent.ForkJoinWorkerThread.run(ForkJoinWorkerThread.java:157)
Caused by: org.apache.hadoop.hdds.scm.container.common.helpers.StorageContainerException: Error opening DB. Container:5 ContainerPath:/opt/src/hadoop-ozone/integration-test/target/test-dir/MiniOzoneClusterImpl-a761fe1f-0c0e-47cb-a611-f8332fccf762/datanode-0/data/containers/hdds/5e8e6293-46cb-4cd3-b79f-910131fb7ceb/current/containerDir0/5/metadata/5-dn-container.db
	at org.apache.hadoop.ozone.container.keyvalue.helpers.BlockUtils.getDB(BlockUtils.java:84)
	at org.apache.hadoop.ozone.container.keyvalue.statemachine.background.BlockDeletingService$BlockDeletingTask.call(BlockDeletingService.java:188)
	at org.apache.hadoop.ozone.container.keyvalue.statemachine.background.BlockDeletingService$BlockDeletingTask.call(BlockDeletingService.java:172)
	at java.util.concurrent.FutureTask.run(FutureTask.java:266)
	at java.util.concurrent.Executors$RunnableAdapter.call(Executors.java:511)
	at java.util.concurrent.FutureTask.run(FutureTask.java:266)
	at java.util.concurrent.Executors$RunnableAdapter.call(Executors.java:511)
	at java.util.concurrent.FutureTask.run(FutureTask.java:266)
	at java.util.concurrent.ScheduledThreadPoolExecutor$ScheduledFutureTask.access$201(ScheduledThreadPoolExecutor.java:180)
	at java.util.concurrent.ScheduledThreadPoolExecutor$ScheduledFutureTask.run(ScheduledThreadPoolExecutor.java:293)
	at java.util.concurrent.ThreadPoolExecutor.runWorker(ThreadPoolExecutor.java:1149)
	at java.util.concurrent.ThreadPoolExecutor$Worker.run(ThreadPoolExecutor.java:624)
	at java.lang.Thread.run(Thread.java:748)
2019-07-03 21:52:48,361 ERROR utils.ContainerCache (ContainerCache.java:getDB(137)) - Error opening DB. Container:4 ContainerPath:/opt/src/hadoop-ozone/integration-test/target/test-dir/MiniOzoneClusterImpl-a761fe1f-0c0e-47cb-a611-f8332fccf762/datanode-0/data/containers/hdds/5e8e6293-46cb-4cd3-b79f-910131fb7ceb/current/containerDir0/4/metadata/4-dn-container.db
java.io.IOException: Failed init RocksDB, db path : /opt/src/hadoop-ozone/integration-test/target/test-dir/MiniOzoneClusterImpl-a761fe1f-0c0e-47cb-a611-f8332fccf762/datanode-0/data/containers/hdds/5e8e6293-46cb-4cd3-b79f-910131fb7ceb/current/containerDir0/4/metadata/4-dn-container.db
	at org.apache.hadoop.utils.RocksDBStore.<init>(RocksDBStore.java:87)
	at org.apache.hadoop.utils.MetadataStoreBuilder.build(MetadataStoreBuilder.java:137)
	at org.apache.hadoop.ozone.container.common.utils.ContainerCache.getDB(ContainerCache.java:129)
	at org.apache.hadoop.ozone.container.keyvalue.helpers.BlockUtils.getDB(BlockUtils.java:77)
	at org.apache.hadoop.ozone.container.keyvalue.statemachine.background.BlockDeletingService$BlockDeletingTask.call(BlockDeletingService.java:188)
	at org.apache.hadoop.ozone.container.keyvalue.statemachine.background.BlockDeletingService$BlockDeletingTask.call(BlockDeletingService.java:172)
	at java.util.concurrent.FutureTask.run(FutureTask.java:266)
	at java.util.concurrent.Executors$RunnableAdapter.call(Executors.java:511)
	at java.util.concurrent.FutureTask.run(FutureTask.java:266)
	at java.util.concurrent.Executors$RunnableAdapter.call(Executors.java:511)
	at java.util.concurrent.FutureTask.run(FutureTask.java:266)
	at java.util.concurrent.ScheduledThreadPoolExecutor$ScheduledFutureTask.access$201(ScheduledThreadPoolExecutor.java:180)
	at java.util.concurrent.ScheduledThreadPoolExecutor$ScheduledFutureTask.run(ScheduledThreadPoolExecutor.java:293)
	at java.util.concurrent.ThreadPoolExecutor.runWorker(ThreadPoolExecutor.java:1149)
	at java.util.concurrent.ThreadPoolExecutor$Worker.run(ThreadPoolExecutor.java:624)
	at java.lang.Thread.run(Thread.java:748)
Caused by: org.rocksdb.RocksDBException: While mkdir if missing: /opt/src/hadoop-ozone/integration-test/target/test-dir/MiniOzoneClusterImpl-a761fe1f-0c0e-47cb-a611-f8332fccf762/datanode-0/data/containers/hdds/5e8e6293-46cb-4cd3-b79f-910131fb7ceb/current/containerDir0/4/metadata/4-dn-container.db: No such file or directory
	at org.rocksdb.RocksDB.open(Native Method)
	at org.rocksdb.RocksDB.open(RocksDB.java:235)
	at org.apache.hadoop.utils.RocksDBStore.<init>(RocksDBStore.java:71)
	... 15 more
2019-07-03 21:52:48,361 WARN  utils.BackgroundService (BackgroundService.java:lambda$run$0(135)) - Background task fails to execute, retrying in next interval
java.util.concurrent.ExecutionException: org.apache.hadoop.hdds.scm.container.common.helpers.StorageContainerException: Error opening DB. Container:1 ContainerPath:/opt/src/hadoop-ozone/integration-test/target/test-dir/MiniOzoneClusterImpl-a761fe1f-0c0e-47cb-a611-f8332fccf762/datanode-0/data/containers/hdds/5e8e6293-46cb-4cd3-b79f-910131fb7ceb/current/containerDir0/1/metadata/1-dn-container.db
	at java.util.concurrent.FutureTask.report(FutureTask.java:122)
	at java.util.concurrent.FutureTask.get(FutureTask.java:206)
	at org.apache.hadoop.utils.BackgroundService$PeriodicalTask.lambda$run$0(BackgroundService.java:129)
	at java.util.stream.ForEachOps$ForEachOp$OfRef.accept(ForEachOps.java:184)
	at java.util.ArrayList$ArrayListSpliterator.forEachRemaining(ArrayList.java:1382)
	at java.util.stream.AbstractPipeline.copyInto(AbstractPipeline.java:482)
	at java.util.stream.ForEachOps$ForEachTask.compute(ForEachOps.java:291)
	at java.util.concurrent.CountedCompleter.exec(CountedCompleter.java:731)
	at java.util.concurrent.ForkJoinTask.doExec(ForkJoinTask.java:289)
	at java.util.concurrent.ForkJoinPool$WorkQueue.execLocalTasks(ForkJoinPool.java:1040)
	at java.util.concurrent.ForkJoinPool$WorkQueue.runTask(ForkJoinPool.java:1058)
	at java.util.concurrent.ForkJoinPool.runWorker(ForkJoinPool.java:1692)
	at java.util.concurrent.ForkJoinWorkerThread.run(ForkJoinWorkerThread.java:157)
Caused by: org.apache.hadoop.hdds.scm.container.common.helpers.StorageContainerException: Error opening DB. Container:1 ContainerPath:/opt/src/hadoop-ozone/integration-test/target/test-dir/MiniOzoneClusterImpl-a761fe1f-0c0e-47cb-a611-f8332fccf762/datanode-0/data/containers/hdds/5e8e6293-46cb-4cd3-b79f-910131fb7ceb/current/containerDir0/1/metadata/1-dn-container.db
	at org.apache.hadoop.ozone.container.keyvalue.helpers.BlockUtils.getDB(BlockUtils.java:84)
	at org.apache.hadoop.ozone.container.keyvalue.statemachine.background.BlockDeletingService$BlockDeletingTask.call(BlockDeletingService.java:188)
	at org.apache.hadoop.ozone.container.keyvalue.statemachine.background.BlockDeletingService$BlockDeletingTask.call(BlockDeletingService.java:172)
	at java.util.concurrent.FutureTask.run(FutureTask.java:266)
	at java.util.concurrent.Executors$RunnableAdapter.call(Executors.java:511)
	at java.util.concurrent.FutureTask.run(FutureTask.java:266)
	at java.util.concurrent.Executors$RunnableAdapter.call(Executors.java:511)
	at java.util.concurrent.FutureTask.run(FutureTask.java:266)
	at java.util.concurrent.ScheduledThreadPoolExecutor$ScheduledFutureTask.access$201(ScheduledThreadPoolExecutor.java:180)
	at java.util.concurrent.ScheduledThreadPoolExecutor$ScheduledFutureTask.run(ScheduledThreadPoolExecutor.java:293)
	at java.util.concurrent.ThreadPoolExecutor.runWorker(ThreadPoolExecutor.java:1149)
	at java.util.concurrent.ThreadPoolExecutor$Worker.run(ThreadPoolExecutor.java:624)
	at java.lang.Thread.run(Thread.java:748)
2019-07-03 21:52:48,362 WARN  utils.BackgroundService (BackgroundService.java:lambda$run$0(135)) - Background task fails to execute, retrying in next interval
java.util.concurrent.ExecutionException: org.apache.hadoop.hdds.scm.container.common.helpers.StorageContainerException: Error opening DB. Container:4 ContainerPath:/opt/src/hadoop-ozone/integration-test/target/test-dir/MiniOzoneClusterImpl-a761fe1f-0c0e-47cb-a611-f8332fccf762/datanode-0/data/containers/hdds/5e8e6293-46cb-4cd3-b79f-910131fb7ceb/current/containerDir0/4/metadata/4-dn-container.db
	at java.util.concurrent.FutureTask.report(FutureTask.java:122)
	at java.util.concurrent.FutureTask.get(FutureTask.java:206)
	at org.apache.hadoop.utils.BackgroundService$PeriodicalTask.lambda$run$0(BackgroundService.java:129)
	at java.util.stream.ForEachOps$ForEachOp$OfRef.accept(ForEachOps.java:184)
	at java.util.ArrayList$ArrayListSpliterator.forEachRemaining(ArrayList.java:1382)
	at java.util.stream.AbstractPipeline.copyInto(AbstractPipeline.java:482)
	at java.util.stream.ForEachOps$ForEachTask.compute(ForEachOps.java:291)
	at java.util.concurrent.CountedCompleter.exec(CountedCompleter.java:731)
	at java.util.concurrent.ForkJoinTask.doExec(ForkJoinTask.java:289)
	at java.util.concurrent.ForkJoinTask.doInvoke(ForkJoinTask.java:401)
	at java.util.concurrent.ForkJoinTask.invoke(ForkJoinTask.java:734)
	at java.util.stream.ForEachOps$ForEachOp.evaluateParallel(ForEachOps.java:160)
	at java.util.stream.ForEachOps$ForEachOp$OfRef.evaluateParallel(ForEachOps.java:174)
	at java.util.stream.AbstractPipeline.evaluate(AbstractPipeline.java:233)
	at java.util.stream.ReferencePipeline.forEach(ReferencePipeline.java:418)
	at java.util.stream.ReferencePipeline$Head.forEach(ReferencePipeline.java:583)
	at org.apache.hadoop.utils.BackgroundService$PeriodicalTask.run(BackgroundService.java:125)
	at java.util.concurrent.Executors$RunnableAdapter.call(Executors.java:511)
	at java.util.concurrent.FutureTask.runAndReset(FutureTask.java:308)
	at java.util.concurrent.ScheduledThreadPoolExecutor$ScheduledFutureTask.access$301(ScheduledThreadPoolExecutor.java:180)
	at java.util.concurrent.ScheduledThreadPoolExecutor$ScheduledFutureTask.run(ScheduledThreadPoolExecutor.java:294)
	at java.util.concurrent.ThreadPoolExecutor.runWorker(ThreadPoolExecutor.java:1149)
	at java.util.concurrent.ThreadPoolExecutor$Worker.run(ThreadPoolExecutor.java:624)
	at java.lang.Thread.run(Thread.java:748)
Caused by: org.apache.hadoop.hdds.scm.container.common.helpers.StorageContainerException: Error opening DB. Container:4 ContainerPath:/opt/src/hadoop-ozone/integration-test/target/test-dir/MiniOzoneClusterImpl-a761fe1f-0c0e-47cb-a611-f8332fccf762/datanode-0/data/containers/hdds/5e8e6293-46cb-4cd3-b79f-910131fb7ceb/current/containerDir0/4/metadata/4-dn-container.db
	at org.apache.hadoop.ozone.container.keyvalue.helpers.BlockUtils.getDB(BlockUtils.java:84)
	at org.apache.hadoop.ozone.container.keyvalue.statemachine.background.BlockDeletingService$BlockDeletingTask.call(BlockDeletingService.java:188)
	at org.apache.hadoop.ozone.container.keyvalue.statemachine.background.BlockDeletingService$BlockDeletingTask.call(BlockDeletingService.java:172)
	at java.util.concurrent.FutureTask.run(FutureTask.java:266)
	at java.util.concurrent.Executors$RunnableAdapter.call(Executors.java:511)
	at java.util.concurrent.FutureTask.run(FutureTask.java:266)
	at java.util.concurrent.Executors$RunnableAdapter.call(Executors.java:511)
	at java.util.concurrent.FutureTask.run(FutureTask.java:266)
	at java.util.concurrent.ScheduledThreadPoolExecutor$ScheduledFutureTask.access$201(ScheduledThreadPoolExecutor.java:180)
	at java.util.concurrent.ScheduledThreadPoolExecutor$ScheduledFutureTask.run(ScheduledThreadPoolExecutor.java:293)
	... 3 more
2019-07-03 21:52:48,362 ERROR utils.ContainerCache (ContainerCache.java:getDB(137)) - Error opening DB. Container:3 ContainerPath:/opt/src/hadoop-ozone/integration-test/target/test-dir/MiniOzoneClusterImpl-a761fe1f-0c0e-47cb-a611-f8332fccf762/datanode-0/data/containers/hdds/5e8e6293-46cb-4cd3-b79f-910131fb7ceb/current/containerDir0/3/metadata/3-dn-container.db
java.io.IOException: Failed init RocksDB, db path : /opt/src/hadoop-ozone/integration-test/target/test-dir/MiniOzoneClusterImpl-a761fe1f-0c0e-47cb-a611-f8332fccf762/datanode-0/data/containers/hdds/5e8e6293-46cb-4cd3-b79f-910131fb7ceb/current/containerDir0/3/metadata/3-dn-container.db
	at org.apache.hadoop.utils.RocksDBStore.<init>(RocksDBStore.java:87)
	at org.apache.hadoop.utils.MetadataStoreBuilder.build(MetadataStoreBuilder.java:137)
	at org.apache.hadoop.ozone.container.common.utils.ContainerCache.getDB(ContainerCache.java:129)
	at org.apache.hadoop.ozone.container.keyvalue.helpers.BlockUtils.getDB(BlockUtils.java:77)
	at org.apache.hadoop.ozone.container.keyvalue.statemachine.background.BlockDeletingService$BlockDeletingTask.call(BlockDeletingService.java:188)
	at org.apache.hadoop.ozone.container.keyvalue.statemachine.background.BlockDeletingService$BlockDeletingTask.call(BlockDeletingService.java:172)
	at java.util.concurrent.FutureTask.run(FutureTask.java:266)
	at java.util.concurrent.Executors$RunnableAdapter.call(Executors.java:511)
	at java.util.concurrent.FutureTask.run(FutureTask.java:266)
	at java.util.concurrent.Executors$RunnableAdapter.call(Executors.java:511)
	at java.util.concurrent.FutureTask.run(FutureTask.java:266)
	at java.util.concurrent.ScheduledThreadPoolExecutor$ScheduledFutureTask.access$201(ScheduledThreadPoolExecutor.java:180)
	at java.util.concurrent.ScheduledThreadPoolExecutor$ScheduledFutureTask.run(ScheduledThreadPoolExecutor.java:293)
	at java.util.concurrent.ThreadPoolExecutor.runWorker(ThreadPoolExecutor.java:1149)
	at java.util.concurrent.ThreadPoolExecutor$Worker.run(ThreadPoolExecutor.java:624)
	at java.lang.Thread.run(Thread.java:748)
Caused by: org.rocksdb.RocksDBException: While mkdir if missing: /opt/src/hadoop-ozone/integration-test/target/test-dir/MiniOzoneClusterImpl-a761fe1f-0c0e-47cb-a611-f8332fccf762/datanode-0/data/containers/hdds/5e8e6293-46cb-4cd3-b79f-910131fb7ceb/current/containerDir0/3/metadata/3-dn-container.db: No such file or directory
	at org.rocksdb.RocksDB.open(Native Method)
	at org.rocksdb.RocksDB.open(RocksDB.java:235)
	at org.apache.hadoop.utils.RocksDBStore.<init>(RocksDBStore.java:71)
	... 15 more
2019-07-03 21:52:48,364 WARN  utils.BackgroundService (BackgroundService.java:lambda$run$0(135)) - Background task fails to execute, retrying in next interval
java.util.concurrent.ExecutionException: org.apache.hadoop.hdds.scm.container.common.helpers.StorageContainerException: Error opening DB. Container:3 ContainerPath:/opt/src/hadoop-ozone/integration-test/target/test-dir/MiniOzoneClusterImpl-a761fe1f-0c0e-47cb-a611-f8332fccf762/datanode-0/data/containers/hdds/5e8e6293-46cb-4cd3-b79f-910131fb7ceb/current/containerDir0/3/metadata/3-dn-container.db
	at java.util.concurrent.FutureTask.report(FutureTask.java:122)
	at java.util.concurrent.FutureTask.get(FutureTask.java:206)
	at org.apache.hadoop.utils.BackgroundService$PeriodicalTask.lambda$run$0(BackgroundService.java:129)
	at java.util.stream.ForEachOps$ForEachOp$OfRef.accept(ForEachOps.java:184)
	at java.util.ArrayList$ArrayListSpliterator.forEachRemaining(ArrayList.java:1382)
	at java.util.stream.AbstractPipeline.copyInto(AbstractPipeline.java:482)
	at java.util.stream.ForEachOps$ForEachTask.compute(ForEachOps.java:291)
	at java.util.concurrent.CountedCompleter.exec(CountedCompleter.java:731)
	at java.util.concurrent.ForkJoinTask.doExec(ForkJoinTask.java:289)
	at java.util.concurrent.ForkJoinPool$WorkQueue.pollAndExecCC(ForkJoinPool.java:1190)
	at java.util.concurrent.ForkJoinPool.helpComplete(ForkJoinPool.java:1879)
	at java.util.concurrent.ForkJoinPool.externalHelpComplete(ForkJoinPool.java:2467)
	at java.util.concurrent.ForkJoinTask.externalAwaitDone(ForkJoinTask.java:324)
	at java.util.concurrent.ForkJoinTask.doInvoke(ForkJoinTask.java:405)
	at java.util.concurrent.ForkJoinTask.invoke(ForkJoinTask.java:734)
	at java.util.stream.ForEachOps$ForEachOp.evaluateParallel(ForEachOps.java:160)
	at java.util.stream.ForEachOps$ForEachOp$OfRef.evaluateParallel(ForEachOps.java:174)
	at java.util.stream.AbstractPipeline.evaluate(AbstractPipeline.java:233)
	at java.util.stream.ReferencePipeline.forEach(ReferencePipeline.java:418)
	at java.util.stream.ReferencePipeline$Head.forEach(ReferencePipeline.java:583)
	at org.apache.hadoop.utils.BackgroundService$PeriodicalTask.run(BackgroundService.java:125)
	at java.util.concurrent.Executors$RunnableAdapter.call(Executors.java:511)
	at java.util.concurrent.FutureTask.runAndReset(FutureTask.java:308)
	at java.util.concurrent.ScheduledThreadPoolExecutor$ScheduledFutureTask.access$301(ScheduledThreadPoolExecutor.java:180)
	at java.util.concurrent.ScheduledThreadPoolExecutor$ScheduledFutureTask.run(ScheduledThreadPoolExecutor.java:294)
	at java.util.concurrent.ThreadPoolExecutor.runWorker(ThreadPoolExecutor.java:1149)
	at java.util.concurrent.ThreadPoolExecutor$Worker.run(ThreadPoolExecutor.java:624)
	at java.lang.Thread.run(Thread.java:748)
Caused by: org.apache.hadoop.hdds.scm.container.common.helpers.StorageContainerException: Error opening DB. Container:3 ContainerPath:/opt/src/hadoop-ozone/integration-test/target/test-dir/MiniOzoneClusterImpl-a761fe1f-0c0e-47cb-a611-f8332fccf762/datanode-0/data/containers/hdds/5e8e6293-46cb-4cd3-b79f-910131fb7ceb/current/containerDir0/3/metadata/3-dn-container.db
	at org.apache.hadoop.ozone.container.keyvalue.helpers.BlockUtils.getDB(BlockUtils.java:84)
	at org.apache.hadoop.ozone.container.keyvalue.statemachine.background.BlockDeletingService$BlockDeletingTask.call(BlockDeletingService.java:188)
	at org.apache.hadoop.ozone.container.keyvalue.statemachine.background.BlockDeletingService$BlockDeletingTask.call(BlockDeletingService.java:172)
	at java.util.concurrent.FutureTask.run(FutureTask.java:266)
	at java.util.concurrent.Executors$RunnableAdapter.call(Executors.java:511)
	at java.util.concurrent.FutureTask.run(FutureTask.java:266)
	at java.util.concurrent.Executors$RunnableAdapter.call(Executors.java:511)
	at java.util.concurrent.FutureTask.run(FutureTask.java:266)
	at java.util.concurrent.ScheduledThreadPoolExecutor$ScheduledFutureTask.access$201(ScheduledThreadPoolExecutor.java:180)
	at java.util.concurrent.ScheduledThreadPoolExecutor$ScheduledFutureTask.run(ScheduledThreadPoolExecutor.java:293)
	... 3 more
2019-07-03 21:52:48,364 ERROR utils.ContainerCache (ContainerCache.java:getDB(137)) - Error opening DB. Container:2 ContainerPath:/opt/src/hadoop-ozone/integration-test/target/test-dir/MiniOzoneClusterImpl-a761fe1f-0c0e-47cb-a611-f8332fccf762/datanode-0/data/containers/hdds/5e8e6293-46cb-4cd3-b79f-910131fb7ceb/current/containerDir0/2/metadata/2-dn-container.db
java.io.IOException: Failed init RocksDB, db path : /opt/src/hadoop-ozone/integration-test/target/test-dir/MiniOzoneClusterImpl-a761fe1f-0c0e-47cb-a611-f8332fccf762/datanode-0/data/containers/hdds/5e8e6293-46cb-4cd3-b79f-910131fb7ceb/current/containerDir0/2/metadata/2-dn-container.db
	at org.apache.hadoop.utils.RocksDBStore.<init>(RocksDBStore.java:87)
	at org.apache.hadoop.utils.MetadataStoreBuilder.build(MetadataStoreBuilder.java:137)
	at org.apache.hadoop.ozone.container.common.utils.ContainerCache.getDB(ContainerCache.java:129)
	at org.apache.hadoop.ozone.container.keyvalue.helpers.BlockUtils.getDB(BlockUtils.java:77)
	at org.apache.hadoop.ozone.container.keyvalue.statemachine.background.BlockDeletingService$BlockDeletingTask.call(BlockDeletingService.java:188)
	at org.apache.hadoop.ozone.container.keyvalue.statemachine.background.BlockDeletingService$BlockDeletingTask.call(BlockDeletingService.java:172)
	at java.util.concurrent.FutureTask.run(FutureTask.java:266)
	at java.util.concurrent.Executors$RunnableAdapter.call(Executors.java:511)
	at java.util.concurrent.FutureTask.run(FutureTask.java:266)
	at java.util.concurrent.Executors$RunnableAdapter.call(Executors.java:511)
	at java.util.concurrent.FutureTask.run(FutureTask.java:266)
	at java.util.concurrent.ScheduledThreadPoolExecutor$ScheduledFutureTask.access$201(ScheduledThreadPoolExecutor.java:180)
	at java.util.concurrent.ScheduledThreadPoolExecutor$ScheduledFutureTask.run(ScheduledThreadPoolExecutor.java:293)
	at java.util.concurrent.ThreadPoolExecutor.runWorker(ThreadPoolExecutor.java:1149)
	at java.util.concurrent.ThreadPoolExecutor$Worker.run(ThreadPoolExecutor.java:624)
	at java.lang.Thread.run(Thread.java:748)
Caused by: org.rocksdb.RocksDBException: While mkdir if missing: /opt/src/hadoop-ozone/integration-test/target/test-dir/MiniOzoneClusterImpl-a761fe1f-0c0e-47cb-a611-f8332fccf762/datanode-0/data/containers/hdds/5e8e6293-46cb-4cd3-b79f-910131fb7ceb/current/containerDir0/2/metadata/2-dn-container.db: No such file or directory
	at org.rocksdb.RocksDB.open(Native Method)
	at org.rocksdb.RocksDB.open(RocksDB.java:235)
	at org.apache.hadoop.utils.RocksDBStore.<init>(RocksDBStore.java:71)
	... 15 more
2019-07-03 21:52:48,365 WARN  utils.BackgroundService (BackgroundService.java:lambda$run$0(135)) - Background task fails to execute, retrying in next interval
java.util.concurrent.ExecutionException: org.apache.hadoop.hdds.scm.container.common.helpers.StorageContainerException: Error opening DB. Container:2 ContainerPath:/opt/src/hadoop-ozone/integration-test/target/test-dir/MiniOzoneClusterImpl-a761fe1f-0c0e-47cb-a611-f8332fccf762/datanode-0/data/containers/hdds/5e8e6293-46cb-4cd3-b79f-910131fb7ceb/current/containerDir0/2/metadata/2-dn-container.db
	at java.util.concurrent.FutureTask.report(FutureTask.java:122)
	at java.util.concurrent.FutureTask.get(FutureTask.java:206)
	at org.apache.hadoop.utils.BackgroundService$PeriodicalTask.lambda$run$0(BackgroundService.java:129)
	at java.util.stream.ForEachOps$ForEachOp$OfRef.accept(ForEachOps.java:184)
	at java.util.ArrayList$ArrayListSpliterator.forEachRemaining(ArrayList.java:1382)
	at java.util.stream.AbstractPipeline.copyInto(AbstractPipeline.java:482)
	at java.util.stream.ForEachOps$ForEachTask.compute(ForEachOps.java:291)
	at java.util.concurrent.CountedCompleter.exec(CountedCompleter.java:731)
	at java.util.concurrent.ForkJoinTask.doExec(ForkJoinTask.java:289)
	at java.util.concurrent.ForkJoinPool$WorkQueue.runTask(ForkJoinPool.java:1056)
	at java.util.concurrent.ForkJoinPool.runWorker(ForkJoinPool.java:1692)
	at java.util.concurrent.ForkJoinWorkerThread.run(ForkJoinWorkerThread.java:157)
Caused by: org.apache.hadoop.hdds.scm.container.common.helpers.StorageContainerException: Error opening DB. Container:2 ContainerPath:/opt/src/hadoop-ozone/integration-test/target/test-dir/MiniOzoneClusterImpl-a761fe1f-0c0e-47cb-a611-f8332fccf762/datanode-0/data/containers/hdds/5e8e6293-46cb-4cd3-b79f-910131fb7ceb/current/containerDir0/2/metadata/2-dn-container.db
	at org.apache.hadoop.ozone.container.keyvalue.helpers.BlockUtils.getDB(BlockUtils.java:84)
	at org.apache.hadoop.ozone.container.keyvalue.statemachine.background.BlockDeletingService$BlockDeletingTask.call(BlockDeletingService.java:188)
	at org.apache.hadoop.ozone.container.keyvalue.statemachine.background.BlockDeletingService$BlockDeletingTask.call(BlockDeletingService.java:172)
	at java.util.concurrent.FutureTask.run(FutureTask.java:266)
	at java.util.concurrent.Executors$RunnableAdapter.call(Executors.java:511)
	at java.util.concurrent.FutureTask.run(FutureTask.java:266)
	at java.util.concurrent.Executors$RunnableAdapter.call(Executors.java:511)
	at java.util.concurrent.FutureTask.run(FutureTask.java:266)
	at java.util.concurrent.ScheduledThreadPoolExecutor$ScheduledFutureTask.access$201(ScheduledThreadPoolExecutor.java:180)
	at java.util.concurrent.ScheduledThreadPoolExecutor$ScheduledFutureTask.run(ScheduledThreadPoolExecutor.java:293)
	at java.util.concurrent.ThreadPoolExecutor.runWorker(ThreadPoolExecutor.java:1149)
	at java.util.concurrent.ThreadPoolExecutor$Worker.run(ThreadPoolExecutor.java:624)
	at java.lang.Thread.run(Thread.java:748)
2019-07-03 21:52:49,229 INFO  ozone.MiniOzoneClusterImpl (MiniOzoneClusterImpl.java:lambda$waitForClusterToBeReady$0(142)) - Cluster is ready. Got 1 of 1 DN Heartbeats.
2019-07-03 21:52:49,345 INFO  impl.FollowerState (FollowerState.java:run(106)) - 9e4b19a0-3704-4ed8-a911-c2ef5bf5d43d:group-A60879773A99 changes to CANDIDATE, lastRpcTime:1045, electionTimeout:1044ms
2019-07-03 21:52:49,345 INFO  impl.RoleInfo (RoleInfo.java:shutdownFollowerState(121)) - 9e4b19a0-3704-4ed8-a911-c2ef5bf5d43d: shutdown FollowerState
2019-07-03 21:52:49,345 INFO  impl.RaftServerImpl (RaftServerImpl.java:setRole(171)) - 9e4b19a0-3704-4ed8-a911-c2ef5bf5d43d:group-A60879773A99 changes role from FOLLOWER to CANDIDATE at term 0 for changeToCandidate
2019-07-03 21:52:49,346 INFO  impl.RoleInfo (RoleInfo.java:updateAndGet(143)) - 9e4b19a0-3704-4ed8-a911-c2ef5bf5d43d: start LeaderElection
2019-07-03 21:52:49,365 INFO  impl.LeaderElection (LeaderElection.java:askForVotes(181)) - 9e4b19a0-3704-4ed8-a911-c2ef5bf5d43d:group-A60879773A99:LeaderElection3: begin an election at term 1 for -1: [9e4b19a0-3704-4ed8-a911-c2ef5bf5d43d:192.168.157.197:45073], old=null
2019-07-03 21:52:49,366 INFO  background.BlockDeletingService (BlockDeletingService.java:getTasks(123)) - Plan to choose 10 containers for block deletion, actually returns 5 valid containers.
2019-07-03 21:52:49,366 INFO  impl.RoleInfo (RoleInfo.java:shutdownLeaderElection(134)) - 9e4b19a0-3704-4ed8-a911-c2ef5bf5d43d: shutdown LeaderElection
2019-07-03 21:52:49,367 INFO  impl.RaftServerImpl (RaftServerImpl.java:setRole(171)) - 9e4b19a0-3704-4ed8-a911-c2ef5bf5d43d:group-A60879773A99 changes role from CANDIDATE to LEADER at term 1 for changeToLeader
2019-07-03 21:52:49,367 INFO  impl.RaftServerImpl (ServerState.java:setLeader(263)) - 9e4b19a0-3704-4ed8-a911-c2ef5bf5d43d:group-A60879773A99 change Leader from null to 9e4b19a0-3704-4ed8-a911-c2ef5bf5d43d at term 1 for becomeLeader, leader elected after 1073ms
2019-07-03 21:52:49,368 INFO  server.RaftServerConfigKeys (ConfUtils.java:logGet(43)) - raft.server.staging.catchup.gap = 1000 (default)
2019-07-03 21:52:49,368 ERROR utils.ContainerCache (ContainerCache.java:getDB(137)) - Error opening DB. Container:1 ContainerPath:/opt/src/hadoop-ozone/integration-test/target/test-dir/MiniOzoneClusterImpl-a761fe1f-0c0e-47cb-a611-f8332fccf762/datanode-0/data/containers/hdds/5e8e6293-46cb-4cd3-b79f-910131fb7ceb/current/containerDir0/1/metadata/1-dn-container.db
java.io.IOException: Failed init RocksDB, db path : /opt/src/hadoop-ozone/integration-test/target/test-dir/MiniOzoneClusterImpl-a761fe1f-0c0e-47cb-a611-f8332fccf762/datanode-0/data/containers/hdds/5e8e6293-46cb-4cd3-b79f-910131fb7ceb/current/containerDir0/1/metadata/1-dn-container.db
	at org.apache.hadoop.utils.RocksDBStore.<init>(RocksDBStore.java:87)
	at org.apache.hadoop.utils.MetadataStoreBuilder.build(MetadataStoreBuilder.java:137)
	at org.apache.hadoop.ozone.container.common.utils.ContainerCache.getDB(ContainerCache.java:129)
	at org.apache.hadoop.ozone.container.keyvalue.helpers.BlockUtils.getDB(BlockUtils.java:77)
	at org.apache.hadoop.ozone.container.keyvalue.statemachine.background.BlockDeletingService$BlockDeletingTask.call(BlockDeletingService.java:188)
	at org.apache.hadoop.ozone.container.keyvalue.statemachine.background.BlockDeletingService$BlockDeletingTask.call(BlockDeletingService.java:172)
	at java.util.concurrent.FutureTask.run(FutureTask.java:266)
	at java.util.concurrent.Executors$RunnableAdapter.call(Executors.java:511)
	at java.util.concurrent.FutureTask.run(FutureTask.java:266)
	at java.util.concurrent.Executors$RunnableAdapter.call(Executors.java:511)
	at java.util.concurrent.FutureTask.run(FutureTask.java:266)
	at java.util.concurrent.ScheduledThreadPoolExecutor$ScheduledFutureTask.access$201(ScheduledThreadPoolExecutor.java:180)
	at java.util.concurrent.ScheduledThreadPoolExecutor$ScheduledFutureTask.run(ScheduledThreadPoolExecutor.java:293)
	at java.util.concurrent.ThreadPoolExecutor.runWorker(ThreadPoolExecutor.java:1149)
	at java.util.concurrent.ThreadPoolExecutor$Worker.run(ThreadPoolExecutor.java:624)
	at java.lang.Thread.run(Thread.java:748)
Caused by: org.rocksdb.RocksDBException: While mkdir if missing: /opt/src/hadoop-ozone/integration-test/target/test-dir/MiniOzoneClusterImpl-a761fe1f-0c0e-47cb-a611-f8332fccf762/datanode-0/data/containers/hdds/5e8e6293-46cb-4cd3-b79f-910131fb7ceb/current/containerDir0/1/metadata/1-dn-container.db: No such file or directory
	at org.rocksdb.RocksDB.open(Native Method)
	at org.rocksdb.RocksDB.open(RocksDB.java:235)
	at org.apache.hadoop.utils.RocksDBStore.<init>(RocksDBStore.java:71)
	... 15 more
2019-07-03 21:52:49,368 INFO  server.RaftServerConfigKeys (ConfUtils.java:logGet(43)) - raft.server.rpc.sleep.time = 25ms (default)
2019-07-03 21:52:49,369 INFO  server.RaftServerConfigKeys (ConfUtils.java:logGet(43)) - raft.server.write.element-limit = 4096 (default)
2019-07-03 21:52:49,369 ERROR utils.ContainerCache (ContainerCache.java:getDB(137)) - Error opening DB. Container:5 ContainerPath:/opt/src/hadoop-ozone/integration-test/target/test-dir/MiniOzoneClusterImpl-a761fe1f-0c0e-47cb-a611-f8332fccf762/datanode-0/data/containers/hdds/5e8e6293-46cb-4cd3-b79f-910131fb7ceb/current/containerDir0/5/metadata/5-dn-container.db
java.io.IOException: Failed init RocksDB, db path : /opt/src/hadoop-ozone/integration-test/target/test-dir/MiniOzoneClusterImpl-a761fe1f-0c0e-47cb-a611-f8332fccf762/datanode-0/data/containers/hdds/5e8e6293-46cb-4cd3-b79f-910131fb7ceb/current/containerDir0/5/metadata/5-dn-container.db
	at org.apache.hadoop.utils.RocksDBStore.<init>(RocksDBStore.java:87)
	at org.apache.hadoop.utils.MetadataStoreBuilder.build(MetadataStoreBuilder.java:137)
	at org.apache.hadoop.ozone.container.common.utils.ContainerCache.getDB(ContainerCache.java:129)
	at org.apache.hadoop.ozone.container.keyvalue.helpers.BlockUtils.getDB(BlockUtils.java:77)
	at org.apache.hadoop.ozone.container.keyvalue.statemachine.background.BlockDeletingService$BlockDeletingTask.call(BlockDeletingService.java:188)
	at org.apache.hadoop.ozone.container.keyvalue.statemachine.background.BlockDeletingService$BlockDeletingTask.call(BlockDeletingService.java:172)
	at java.util.concurrent.FutureTask.run(FutureTask.java:266)
	at java.util.concurrent.Executors$RunnableAdapter.call(Executors.java:511)
	at java.util.concurrent.FutureTask.run(FutureTask.java:266)
	at java.util.concurrent.Executors$RunnableAdapter.call(Executors.java:511)
	at java.util.concurrent.FutureTask.run(FutureTask.java:266)
	at java.util.concurrent.ScheduledThreadPoolExecutor$ScheduledFutureTask.access$201(ScheduledThreadPoolExecutor.java:180)
	at java.util.concurrent.ScheduledThreadPoolExecutor$ScheduledFutureTask.run(ScheduledThreadPoolExecutor.java:293)
	at java.util.concurrent.ThreadPoolExecutor.runWorker(ThreadPoolExecutor.java:1149)
	at java.util.concurrent.ThreadPoolExecutor$Worker.run(ThreadPoolExecutor.java:624)
	at java.lang.Thread.run(Thread.java:748)
Caused by: org.rocksdb.RocksDBException: While mkdir if missing: /opt/src/hadoop-ozone/integration-test/target/test-dir/MiniOzoneClusterImpl-a761fe1f-0c0e-47cb-a611-f8332fccf762/datanode-0/data/containers/hdds/5e8e6293-46cb-4cd3-b79f-910131fb7ceb/current/containerDir0/5/metadata/5-dn-container.db: No such file or directory
	at org.rocksdb.RocksDB.open(Native Method)
	at org.rocksdb.RocksDB.open(RocksDB.java:235)
	at org.apache.hadoop.utils.RocksDBStore.<init>(RocksDBStore.java:71)
	... 15 more
2019-07-03 21:52:49,369 INFO  server.RaftServerConfigKeys (ConfUtils.java:logGet(43)) - raft.server.watch.timeout = 10s (default)
2019-07-03 21:52:49,370 WARN  utils.BackgroundService (BackgroundService.java:lambda$run$0(135)) - Background task fails to execute, retrying in next interval
java.util.concurrent.ExecutionException: org.apache.hadoop.hdds.scm.container.common.helpers.StorageContainerException: Error opening DB. Container:5 ContainerPath:/opt/src/hadoop-ozone/integration-test/target/test-dir/MiniOzoneClusterImpl-a761fe1f-0c0e-47cb-a611-f8332fccf762/datanode-0/data/containers/hdds/5e8e6293-46cb-4cd3-b79f-910131fb7ceb/current/containerDir0/5/metadata/5-dn-container.db
	at java.util.concurrent.FutureTask.report(FutureTask.java:122)
	at java.util.concurrent.FutureTask.get(FutureTask.java:206)
	at org.apache.hadoop.utils.BackgroundService$PeriodicalTask.lambda$run$0(BackgroundService.java:129)
	at java.util.stream.ForEachOps$ForEachOp$OfRef.accept(ForEachOps.java:184)
	at java.util.ArrayList$ArrayListSpliterator.forEachRemaining(ArrayList.java:1382)
	at java.util.stream.AbstractPipeline.copyInto(AbstractPipeline.java:482)
	at java.util.stream.ForEachOps$ForEachTask.compute(ForEachOps.java:291)
	at java.util.concurrent.CountedCompleter.exec(CountedCompleter.java:731)
	at java.util.concurrent.ForkJoinTask.doExec(ForkJoinTask.java:289)
	at java.util.concurrent.ForkJoinPool$WorkQueue.runTask(ForkJoinPool.java:1056)
	at java.util.concurrent.ForkJoinPool.runWorker(ForkJoinPool.java:1692)
	at java.util.concurrent.ForkJoinWorkerThread.run(ForkJoinWorkerThread.java:157)
Caused by: org.apache.hadoop.hdds.scm.container.common.helpers.StorageContainerException: Error opening DB. Container:5 ContainerPath:/opt/src/hadoop-ozone/integration-test/target/test-dir/MiniOzoneClusterImpl-a761fe1f-0c0e-47cb-a611-f8332fccf762/datanode-0/data/containers/hdds/5e8e6293-46cb-4cd3-b79f-910131fb7ceb/current/containerDir0/5/metadata/5-dn-container.db
	at org.apache.hadoop.ozone.container.keyvalue.helpers.BlockUtils.getDB(BlockUtils.java:84)
	at org.apache.hadoop.ozone.container.keyvalue.statemachine.background.BlockDeletingService$BlockDeletingTask.call(BlockDeletingService.java:188)
	at org.apache.hadoop.ozone.container.keyvalue.statemachine.background.BlockDeletingService$BlockDeletingTask.call(BlockDeletingService.java:172)
	at java.util.concurrent.FutureTask.run(FutureTask.java:266)
	at java.util.concurrent.Executors$RunnableAdapter.call(Executors.java:511)
	at java.util.concurrent.FutureTask.run(FutureTask.java:266)
	at java.util.concurrent.Executors$RunnableAdapter.call(Executors.java:511)
	at java.util.concurrent.FutureTask.run(FutureTask.java:266)
	at java.util.concurrent.ScheduledThreadPoolExecutor$ScheduledFutureTask.access$201(ScheduledThreadPoolExecutor.java:180)
	at java.util.concurrent.ScheduledThreadPoolExecutor$ScheduledFutureTask.run(ScheduledThreadPoolExecutor.java:293)
	at java.util.concurrent.ThreadPoolExecutor.runWorker(ThreadPoolExecutor.java:1149)
	at java.util.concurrent.ThreadPoolExecutor$Worker.run(ThreadPoolExecutor.java:624)
	at java.lang.Thread.run(Thread.java:748)
2019-07-03 21:52:49,370 INFO  server.RaftServerConfigKeys (ConfUtils.java:logGet(43)) - raft.server.watch.timeout.denomination = 1s (default)
2019-07-03 21:52:49,371 ERROR utils.ContainerCache (ContainerCache.java:getDB(137)) - Error opening DB. Container:4 ContainerPath:/opt/src/hadoop-ozone/integration-test/target/test-dir/MiniOzoneClusterImpl-a761fe1f-0c0e-47cb-a611-f8332fccf762/datanode-0/data/containers/hdds/5e8e6293-46cb-4cd3-b79f-910131fb7ceb/current/containerDir0/4/metadata/4-dn-container.db
java.io.IOException: Failed init RocksDB, db path : /opt/src/hadoop-ozone/integration-test/target/test-dir/MiniOzoneClusterImpl-a761fe1f-0c0e-47cb-a611-f8332fccf762/datanode-0/data/containers/hdds/5e8e6293-46cb-4cd3-b79f-910131fb7ceb/current/containerDir0/4/metadata/4-dn-container.db
	at org.apache.hadoop.utils.RocksDBStore.<init>(RocksDBStore.java:87)
	at org.apache.hadoop.utils.MetadataStoreBuilder.build(MetadataStoreBuilder.java:137)
	at org.apache.hadoop.ozone.container.common.utils.ContainerCache.getDB(ContainerCache.java:129)
	at org.apache.hadoop.ozone.container.keyvalue.helpers.BlockUtils.getDB(BlockUtils.java:77)
	at org.apache.hadoop.ozone.container.keyvalue.statemachine.background.BlockDeletingService$BlockDeletingTask.call(BlockDeletingService.java:188)
	at org.apache.hadoop.ozone.container.keyvalue.statemachine.background.BlockDeletingService$BlockDeletingTask.call(BlockDeletingService.java:172)
	at java.util.concurrent.FutureTask.run(FutureTask.java:266)
	at java.util.concurrent.Executors$RunnableAdapter.call(Executors.java:511)
	at java.util.concurrent.FutureTask.run(FutureTask.java:266)
	at java.util.concurrent.Executors$RunnableAdapter.call(Executors.java:511)
	at java.util.concurrent.FutureTask.run(FutureTask.java:266)
	at java.util.concurrent.ScheduledThreadPoolExecutor$ScheduledFutureTask.access$201(ScheduledThreadPoolExecutor.java:180)
	at java.util.concurrent.ScheduledThreadPoolExecutor$ScheduledFutureTask.run(ScheduledThreadPoolExecutor.java:293)
	at java.util.concurrent.ThreadPoolExecutor.runWorker(ThreadPoolExecutor.java:1149)
	at java.util.concurrent.ThreadPoolExecutor$Worker.run(ThreadPoolExecutor.java:624)
	at java.lang.Thread.run(Thread.java:748)
Caused by: org.rocksdb.RocksDBException: While mkdir if missing: /opt/src/hadoop-ozone/integration-test/target/test-dir/MiniOzoneClusterImpl-a761fe1f-0c0e-47cb-a611-f8332fccf762/datanode-0/data/containers/hdds/5e8e6293-46cb-4cd3-b79f-910131fb7ceb/current/containerDir0/4/metadata/4-dn-container.db: No such file or directory
	at org.rocksdb.RocksDB.open(Native Method)
	at org.rocksdb.RocksDB.open(RocksDB.java:235)
	at org.apache.hadoop.utils.RocksDBStore.<init>(RocksDBStore.java:71)
	... 15 more
2019-07-03 21:52:49,370 WARN  utils.BackgroundService (BackgroundService.java:lambda$run$0(135)) - Background task fails to execute, retrying in next interval
java.util.concurrent.ExecutionException: org.apache.hadoop.hdds.scm.container.common.helpers.StorageContainerException: Error opening DB. Container:1 ContainerPath:/opt/src/hadoop-ozone/integration-test/target/test-dir/MiniOzoneClusterImpl-a761fe1f-0c0e-47cb-a611-f8332fccf762/datanode-0/data/containers/hdds/5e8e6293-46cb-4cd3-b79f-910131fb7ceb/current/containerDir0/1/metadata/1-dn-container.db
	at java.util.concurrent.FutureTask.report(FutureTask.java:122)
	at java.util.concurrent.FutureTask.get(FutureTask.java:206)
	at org.apache.hadoop.utils.BackgroundService$PeriodicalTask.lambda$run$0(BackgroundService.java:129)
	at java.util.stream.ForEachOps$ForEachOp$OfRef.accept(ForEachOps.java:184)
	at java.util.ArrayList$ArrayListSpliterator.forEachRemaining(ArrayList.java:1382)
	at java.util.stream.AbstractPipeline.copyInto(AbstractPipeline.java:482)
	at java.util.stream.ForEachOps$ForEachTask.compute(ForEachOps.java:291)
	at java.util.concurrent.CountedCompleter.exec(CountedCompleter.java:731)
	at java.util.concurrent.ForkJoinTask.doExec(ForkJoinTask.java:289)
	at java.util.concurrent.ForkJoinPool$WorkQueue.execLocalTasks(ForkJoinPool.java:1040)
	at java.util.concurrent.ForkJoinPool$WorkQueue.runTask(ForkJoinPool.java:1058)
	at java.util.concurrent.ForkJoinPool.runWorker(ForkJoinPool.java:1692)
	at java.util.concurrent.ForkJoinWorkerThread.run(ForkJoinWorkerThread.java:157)
Caused by: org.apache.hadoop.hdds.scm.container.common.helpers.StorageContainerException: Error opening DB. Container:1 ContainerPath:/opt/src/hadoop-ozone/integration-test/target/test-dir/MiniOzoneClusterImpl-a761fe1f-0c0e-47cb-a611-f8332fccf762/datanode-0/data/containers/hdds/5e8e6293-46cb-4cd3-b79f-910131fb7ceb/current/containerDir0/1/metadata/1-dn-container.db
	at org.apache.hadoop.ozone.container.keyvalue.helpers.BlockUtils.getDB(BlockUtils.java:84)
	at org.apache.hadoop.ozone.container.keyvalue.statemachine.background.BlockDeletingService$BlockDeletingTask.call(BlockDeletingService.java:188)
	at org.apache.hadoop.ozone.container.keyvalue.statemachine.background.BlockDeletingService$BlockDeletingTask.call(BlockDeletingService.java:172)
	at java.util.concurrent.FutureTask.run(FutureTask.java:266)
	at java.util.concurrent.Executors$RunnableAdapter.call(Executors.java:511)
	at java.util.concurrent.FutureTask.run(FutureTask.java:266)
	at java.util.concurrent.Executors$RunnableAdapter.call(Executors.java:511)
	at java.util.concurrent.FutureTask.run(FutureTask.java:266)
	at java.util.concurrent.ScheduledThreadPoolExecutor$ScheduledFutureTask.access$201(ScheduledThreadPoolExecutor.java:180)
	at java.util.concurrent.ScheduledThreadPoolExecutor$ScheduledFutureTask.run(ScheduledThreadPoolExecutor.java:293)
	at java.util.concurrent.ThreadPoolExecutor.runWorker(ThreadPoolExecutor.java:1149)
	at java.util.concurrent.ThreadPoolExecutor$Worker.run(ThreadPoolExecutor.java:624)
	at java.lang.Thread.run(Thread.java:748)
2019-07-03 21:52:49,371 WARN  utils.BackgroundService (BackgroundService.java:lambda$run$0(135)) - Background task fails to execute, retrying in next interval
java.util.concurrent.ExecutionException: org.apache.hadoop.hdds.scm.container.common.helpers.StorageContainerException: Error opening DB. Container:4 ContainerPath:/opt/src/hadoop-ozone/integration-test/target/test-dir/MiniOzoneClusterImpl-a761fe1f-0c0e-47cb-a611-f8332fccf762/datanode-0/data/containers/hdds/5e8e6293-46cb-4cd3-b79f-910131fb7ceb/current/containerDir0/4/metadata/4-dn-container.db
	at java.util.concurrent.FutureTask.report(FutureTask.java:122)
	at java.util.concurrent.FutureTask.get(FutureTask.java:206)
	at org.apache.hadoop.utils.BackgroundService$PeriodicalTask.lambda$run$0(BackgroundService.java:129)
	at java.util.stream.ForEachOps$ForEachOp$OfRef.accept(ForEachOps.java:184)
	at java.util.ArrayList$ArrayListSpliterator.forEachRemaining(ArrayList.java:1382)
	at java.util.stream.AbstractPipeline.copyInto(AbstractPipeline.java:482)
	at java.util.stream.ForEachOps$ForEachTask.compute(ForEachOps.java:291)
	at java.util.concurrent.CountedCompleter.exec(CountedCompleter.java:731)
	at java.util.concurrent.ForkJoinTask.doExec(ForkJoinTask.java:289)
	at java.util.concurrent.ForkJoinTask.doInvoke(ForkJoinTask.java:401)
	at java.util.concurrent.ForkJoinTask.invoke(ForkJoinTask.java:734)
	at java.util.stream.ForEachOps$ForEachOp.evaluateParallel(ForEachOps.java:160)
	at java.util.stream.ForEachOps$ForEachOp$OfRef.evaluateParallel(ForEachOps.java:174)
	at java.util.stream.AbstractPipeline.evaluate(AbstractPipeline.java:233)
	at java.util.stream.ReferencePipeline.forEach(ReferencePipeline.java:418)
	at java.util.stream.ReferencePipeline$Head.forEach(ReferencePipeline.java:583)
	at org.apache.hadoop.utils.BackgroundService$PeriodicalTask.run(BackgroundService.java:125)
	at java.util.concurrent.Executors$RunnableAdapter.call(Executors.java:511)
	at java.util.concurrent.FutureTask.runAndReset(FutureTask.java:308)
	at java.util.concurrent.ScheduledThreadPoolExecutor$ScheduledFutureTask.access$301(ScheduledThreadPoolExecutor.java:180)
	at java.util.concurrent.ScheduledThreadPoolExecutor$ScheduledFutureTask.run(ScheduledThreadPoolExecutor.java:294)
	at java.util.concurrent.ThreadPoolExecutor.runWorker(ThreadPoolExecutor.java:1149)
	at java.util.concurrent.ThreadPoolExecutor$Worker.run(ThreadPoolExecutor.java:624)
	at java.lang.Thread.run(Thread.java:748)
Caused by: org.apache.hadoop.hdds.scm.container.common.helpers.StorageContainerException: Error opening DB. Container:4 ContainerPath:/opt/src/hadoop-ozone/integration-test/target/test-dir/MiniOzoneClusterImpl-a761fe1f-0c0e-47cb-a611-f8332fccf762/datanode-0/data/containers/hdds/5e8e6293-46cb-4cd3-b79f-910131fb7ceb/current/containerDir0/4/metadata/4-dn-container.db
	at org.apache.hadoop.ozone.container.keyvalue.helpers.BlockUtils.getDB(BlockUtils.java:84)
	at org.apache.hadoop.ozone.container.keyvalue.statemachine.background.BlockDeletingService$BlockDeletingTask.call(BlockDeletingService.java:188)
	at org.apache.hadoop.ozone.container.keyvalue.statemachine.background.BlockDeletingService$BlockDeletingTask.call(BlockDeletingService.java:172)
	at java.util.concurrent.FutureTask.run(FutureTask.java:266)
	at java.util.concurrent.Executors$RunnableAdapter.call(Executors.java:511)
	at java.util.concurrent.FutureTask.run(FutureTask.java:266)
	at java.util.concurrent.Executors$RunnableAdapter.call(Executors.java:511)
	at java.util.concurrent.FutureTask.run(FutureTask.java:266)
	at java.util.concurrent.ScheduledThreadPoolExecutor$ScheduledFutureTask.access$201(ScheduledThreadPoolExecutor.java:180)
	at java.util.concurrent.ScheduledThreadPoolExecutor$ScheduledFutureTask.run(ScheduledThreadPoolExecutor.java:293)
	... 3 more
2019-07-03 21:52:49,371 INFO  server.RaftServerConfigKeys (ConfUtils.java:logGet(43)) - raft.server.watch.element-limit = 65536 (default)
2019-07-03 21:52:49,372 ERROR utils.ContainerCache (ContainerCache.java:getDB(137)) - Error opening DB. Container:3 ContainerPath:/opt/src/hadoop-ozone/integration-test/target/test-dir/MiniOzoneClusterImpl-a761fe1f-0c0e-47cb-a611-f8332fccf762/datanode-0/data/containers/hdds/5e8e6293-46cb-4cd3-b79f-910131fb7ceb/current/containerDir0/3/metadata/3-dn-container.db
java.io.IOException: Failed init RocksDB, db path : /opt/src/hadoop-ozone/integration-test/target/test-dir/MiniOzoneClusterImpl-a761fe1f-0c0e-47cb-a611-f8332fccf762/datanode-0/data/containers/hdds/5e8e6293-46cb-4cd3-b79f-910131fb7ceb/current/containerDir0/3/metadata/3-dn-container.db
	at org.apache.hadoop.utils.RocksDBStore.<init>(RocksDBStore.java:87)
	at org.apache.hadoop.utils.MetadataStoreBuilder.build(MetadataStoreBuilder.java:137)
	at org.apache.hadoop.ozone.container.common.utils.ContainerCache.getDB(ContainerCache.java:129)
	at org.apache.hadoop.ozone.container.keyvalue.helpers.BlockUtils.getDB(BlockUtils.java:77)
	at org.apache.hadoop.ozone.container.keyvalue.statemachine.background.BlockDeletingService$BlockDeletingTask.call(BlockDeletingService.java:188)
	at org.apache.hadoop.ozone.container.keyvalue.statemachine.background.BlockDeletingService$BlockDeletingTask.call(BlockDeletingService.java:172)
	at java.util.concurrent.FutureTask.run(FutureTask.java:266)
	at java.util.concurrent.Executors$RunnableAdapter.call(Executors.java:511)
	at java.util.concurrent.FutureTask.run(FutureTask.java:266)
	at java.util.concurrent.Executors$RunnableAdapter.call(Executors.java:511)
	at java.util.concurrent.FutureTask.run(FutureTask.java:266)
	at java.util.concurrent.ScheduledThreadPoolExecutor$ScheduledFutureTask.access$201(ScheduledThreadPoolExecutor.java:180)
	at java.util.concurrent.ScheduledThreadPoolExecutor$ScheduledFutureTask.run(ScheduledThreadPoolExecutor.java:293)
	at java.util.concurrent.ThreadPoolExecutor.runWorker(ThreadPoolExecutor.java:1149)
	at java.util.concurrent.ThreadPoolExecutor$Worker.run(ThreadPoolExecutor.java:624)
	at java.lang.Thread.run(Thread.java:748)
Caused by: org.rocksdb.RocksDBException: While mkdir if missing: /opt/src/hadoop-ozone/integration-test/target/test-dir/MiniOzoneClusterImpl-a761fe1f-0c0e-47cb-a611-f8332fccf762/datanode-0/data/containers/hdds/5e8e6293-46cb-4cd3-b79f-910131fb7ceb/current/containerDir0/3/metadata/3-dn-container.db: No such file or directory
	at org.rocksdb.RocksDB.open(Native Method)
	at org.rocksdb.RocksDB.open(RocksDB.java:235)
	at org.apache.hadoop.utils.RocksDBStore.<init>(RocksDBStore.java:71)
	... 15 more
2019-07-03 21:52:49,373 INFO  impl.RoleInfo (RoleInfo.java:updateAndGet(143)) - 9e4b19a0-3704-4ed8-a911-c2ef5bf5d43d: start LeaderState
2019-07-03 21:52:49,373 WARN  utils.BackgroundService (BackgroundService.java:lambda$run$0(135)) - Background task fails to execute, retrying in next interval
java.util.concurrent.ExecutionException: org.apache.hadoop.hdds.scm.container.common.helpers.StorageContainerException: Error opening DB. Container:3 ContainerPath:/opt/src/hadoop-ozone/integration-test/target/test-dir/MiniOzoneClusterImpl-a761fe1f-0c0e-47cb-a611-f8332fccf762/datanode-0/data/containers/hdds/5e8e6293-46cb-4cd3-b79f-910131fb7ceb/current/containerDir0/3/metadata/3-dn-container.db
	at java.util.concurrent.FutureTask.report(FutureTask.java:122)
	at java.util.concurrent.FutureTask.get(FutureTask.java:206)
	at org.apache.hadoop.utils.BackgroundService$PeriodicalTask.lambda$run$0(BackgroundService.java:129)
	at java.util.stream.ForEachOps$ForEachOp$OfRef.accept(ForEachOps.java:184)
	at java.util.ArrayList$ArrayListSpliterator.forEachRemaining(ArrayList.java:1382)
	at java.util.stream.AbstractPipeline.copyInto(AbstractPipeline.java:482)
	at java.util.stream.ForEachOps$ForEachTask.compute(ForEachOps.java:291)
	at java.util.concurrent.CountedCompleter.exec(CountedCompleter.java:731)
	at java.util.concurrent.ForkJoinTask.doExec(ForkJoinTask.java:289)
	at java.util.concurrent.ForkJoinPool$WorkQueue.pollAndExecCC(ForkJoinPool.java:1190)
	at java.util.concurrent.ForkJoinPool.helpComplete(ForkJoinPool.java:1879)
	at java.util.concurrent.ForkJoinPool.externalHelpComplete(ForkJoinPool.java:2467)
	at java.util.concurrent.ForkJoinTask.externalAwaitDone(ForkJoinTask.java:324)
	at java.util.concurrent.ForkJoinTask.doInvoke(ForkJoinTask.java:405)
	at java.util.concurrent.ForkJoinTask.invoke(ForkJoinTask.java:734)
	at java.util.stream.ForEachOps$ForEachOp.evaluateParallel(ForEachOps.java:160)
	at java.util.stream.ForEachOps$ForEachOp$OfRef.evaluateParallel(ForEachOps.java:174)
	at java.util.stream.AbstractPipeline.evaluate(AbstractPipeline.java:233)
	at java.util.stream.ReferencePipeline.forEach(ReferencePipeline.java:418)
	at java.util.stream.ReferencePipeline$Head.forEach(ReferencePipeline.java:583)
	at org.apache.hadoop.utils.BackgroundService$PeriodicalTask.run(BackgroundService.java:125)
	at java.util.concurrent.Executors$RunnableAdapter.call(Executors.java:511)
	at java.util.concurrent.FutureTask.runAndReset(FutureTask.java:308)
	at java.util.concurrent.ScheduledThreadPoolExecutor$ScheduledFutureTask.access$301(ScheduledThreadPoolExecutor.java:180)
	at java.util.concurrent.ScheduledThreadPoolExecutor$ScheduledFutureTask.run(ScheduledThreadPoolExecutor.java:294)
	at java.util.concurrent.ThreadPoolExecutor.runWorker(ThreadPoolExecutor.java:1149)
	at java.util.concurrent.ThreadPoolExecutor$Worker.run(ThreadPoolExecutor.java:624)
	at java.lang.Thread.run(Thread.java:748)
Caused by: org.apache.hadoop.hdds.scm.container.common.helpers.StorageContainerException: Error opening DB. Container:3 ContainerPath:/opt/src/hadoop-ozone/integration-test/target/test-dir/MiniOzoneClusterImpl-a761fe1f-0c0e-47cb-a611-f8332fccf762/datanode-0/data/containers/hdds/5e8e6293-46cb-4cd3-b79f-910131fb7ceb/current/containerDir0/3/metadata/3-dn-container.db
	at org.apache.hadoop.ozone.container.keyvalue.helpers.BlockUtils.getDB(BlockUtils.java:84)
	at org.apache.hadoop.ozone.container.keyvalue.statemachine.background.BlockDeletingService$BlockDeletingTask.call(BlockDeletingService.java:188)
	at org.apache.hadoop.ozone.container.keyvalue.statemachine.background.BlockDeletingService$BlockDeletingTask.call(BlockDeletingService.java:172)
	at java.util.concurrent.FutureTask.run(FutureTask.java:266)
	at java.util.concurrent.Executors$RunnableAdapter.call(Executors.java:511)
	at java.util.concurrent.FutureTask.run(FutureTask.java:266)
	at java.util.concurrent.Executors$RunnableAdapter.call(Executors.java:511)
	at java.util.concurrent.FutureTask.run(FutureTask.java:266)
	at java.util.concurrent.ScheduledThreadPoolExecutor$ScheduledFutureTask.access$201(ScheduledThreadPoolExecutor.java:180)
	at java.util.concurrent.ScheduledThreadPoolExecutor$ScheduledFutureTask.run(ScheduledThreadPoolExecutor.java:293)
	... 3 more
2019-07-03 21:52:49,373 ERROR utils.ContainerCache (ContainerCache.java:getDB(137)) - Error opening DB. Container:2 ContainerPath:/opt/src/hadoop-ozone/integration-test/target/test-dir/MiniOzoneClusterImpl-a761fe1f-0c0e-47cb-a611-f8332fccf762/datanode-0/data/containers/hdds/5e8e6293-46cb-4cd3-b79f-910131fb7ceb/current/containerDir0/2/metadata/2-dn-container.db
java.io.IOException: Failed init RocksDB, db path : /opt/src/hadoop-ozone/integration-test/target/test-dir/MiniOzoneClusterImpl-a761fe1f-0c0e-47cb-a611-f8332fccf762/datanode-0/data/containers/hdds/5e8e6293-46cb-4cd3-b79f-910131fb7ceb/current/containerDir0/2/metadata/2-dn-container.db
	at org.apache.hadoop.utils.RocksDBStore.<init>(RocksDBStore.java:87)
	at org.apache.hadoop.utils.MetadataStoreBuilder.build(MetadataStoreBuilder.java:137)
	at org.apache.hadoop.ozone.container.common.utils.ContainerCache.getDB(ContainerCache.java:129)
	at org.apache.hadoop.ozone.container.keyvalue.helpers.BlockUtils.getDB(BlockUtils.java:77)
	at org.apache.hadoop.ozone.container.keyvalue.statemachine.background.BlockDeletingService$BlockDeletingTask.call(BlockDeletingService.java:188)
	at org.apache.hadoop.ozone.container.keyvalue.statemachine.background.BlockDeletingService$BlockDeletingTask.call(BlockDeletingService.java:172)
	at java.util.concurrent.FutureTask.run(FutureTask.java:266)
	at java.util.concurrent.Executors$RunnableAdapter.call(Executors.java:511)
	at java.util.concurrent.FutureTask.run(FutureTask.java:266)
	at java.util.concurrent.Executors$RunnableAdapter.call(Executors.java:511)
	at java.util.concurrent.FutureTask.run(FutureTask.java:266)
	at java.util.concurrent.ScheduledThreadPoolExecutor$ScheduledFutureTask.access$201(ScheduledThreadPoolExecutor.java:180)
	at java.util.concurrent.ScheduledThreadPoolExecutor$ScheduledFutureTask.run(ScheduledThreadPoolExecutor.java:293)
	at java.util.concurrent.ThreadPoolExecutor.runWorker(ThreadPoolExecutor.java:1149)
	at java.util.concurrent.ThreadPoolExecutor$Worker.run(ThreadPoolExecutor.java:624)
	at java.lang.Thread.run(Thread.java:748)
Caused by: org.rocksdb.RocksDBException: While mkdir if missing: /opt/src/hadoop-ozone/integration-test/target/test-dir/MiniOzoneClusterImpl-a761fe1f-0c0e-47cb-a611-f8332fccf762/datanode-0/data/containers/hdds/5e8e6293-46cb-4cd3-b79f-910131fb7ceb/current/containerDir0/2/metadata/2-dn-container.db: No such file or directory
	at org.rocksdb.RocksDB.open(Native Method)
	at org.rocksdb.RocksDB.open(RocksDB.java:235)
	at org.apache.hadoop.utils.RocksDBStore.<init>(RocksDBStore.java:71)
	... 15 more
2019-07-03 21:52:49,374 WARN  utils.BackgroundService (BackgroundService.java:lambda$run$0(135)) - Background task fails to execute, retrying in next interval
java.util.concurrent.ExecutionException: org.apache.hadoop.hdds.scm.container.common.helpers.StorageContainerException: Error opening DB. Container:2 ContainerPath:/opt/src/hadoop-ozone/integration-test/target/test-dir/MiniOzoneClusterImpl-a761fe1f-0c0e-47cb-a611-f8332fccf762/datanode-0/data/containers/hdds/5e8e6293-46cb-4cd3-b79f-910131fb7ceb/current/containerDir0/2/metadata/2-dn-container.db
	at java.util.concurrent.FutureTask.report(FutureTask.java:122)
	at java.util.concurrent.FutureTask.get(FutureTask.java:206)
	at org.apache.hadoop.utils.BackgroundService$PeriodicalTask.lambda$run$0(BackgroundService.java:129)
	at java.util.stream.ForEachOps$ForEachOp$OfRef.accept(ForEachOps.java:184)
	at java.util.ArrayList$ArrayListSpliterator.forEachRemaining(ArrayList.java:1382)
	at java.util.stream.AbstractPipeline.copyInto(AbstractPipeline.java:482)
	at java.util.stream.ForEachOps$ForEachTask.compute(ForEachOps.java:291)
	at java.util.concurrent.CountedCompleter.exec(CountedCompleter.java:731)
	at java.util.concurrent.ForkJoinTask.doExec(ForkJoinTask.java:289)
	at java.util.concurrent.ForkJoinPool$WorkQueue.runTask(ForkJoinPool.java:1056)
	at java.util.concurrent.ForkJoinPool.runWorker(ForkJoinPool.java:1692)
	at java.util.concurrent.ForkJoinWorkerThread.run(ForkJoinWorkerThread.java:157)
Caused by: org.apache.hadoop.hdds.scm.container.common.helpers.StorageContainerException: Error opening DB. Container:2 ContainerPath:/opt/src/hadoop-ozone/integration-test/target/test-dir/MiniOzoneClusterImpl-a761fe1f-0c0e-47cb-a611-f8332fccf762/datanode-0/data/containers/hdds/5e8e6293-46cb-4cd3-b79f-910131fb7ceb/current/containerDir0/2/metadata/2-dn-container.db
	at org.apache.hadoop.ozone.container.keyvalue.helpers.BlockUtils.getDB(BlockUtils.java:84)
	at org.apache.hadoop.ozone.container.keyvalue.statemachine.background.BlockDeletingService$BlockDeletingTask.call(BlockDeletingService.java:188)
	at org.apache.hadoop.ozone.container.keyvalue.statemachine.background.BlockDeletingService$BlockDeletingTask.call(BlockDeletingService.java:172)
	at java.util.concurrent.FutureTask.run(FutureTask.java:266)
	at java.util.concurrent.Executors$RunnableAdapter.call(Executors.java:511)
	at java.util.concurrent.FutureTask.run(FutureTask.java:266)
	at java.util.concurrent.Executors$RunnableAdapter.call(Executors.java:511)
	at java.util.concurrent.FutureTask.run(FutureTask.java:266)
	at java.util.concurrent.ScheduledThreadPoolExecutor$ScheduledFutureTask.access$201(ScheduledThreadPoolExecutor.java:180)
	at java.util.concurrent.ScheduledThreadPoolExecutor$ScheduledFutureTask.run(ScheduledThreadPoolExecutor.java:293)
	at java.util.concurrent.ThreadPoolExecutor.runWorker(ThreadPoolExecutor.java:1149)
	at java.util.concurrent.ThreadPoolExecutor$Worker.run(ThreadPoolExecutor.java:624)
	at java.lang.Thread.run(Thread.java:748)
2019-07-03 21:52:49,374 INFO  segmented.SegmentedRaftLogWorker (SegmentedRaftLogWorker.java:startLogSegment(380)) - 9e4b19a0-3704-4ed8-a911-c2ef5bf5d43d-SegmentedRaftLogWorker:Storage Directory /opt/src/hadoop-ozone/integration-test/target/test-dir/MiniOzoneClusterImpl-178a287a-2fcc-411e-9e7f-012e638f7a06/datanode-0/data/ratis/c9871ea2-7c76-4eb9-bc43-a60879773a99: Starting segment from index:0
2019-07-03 21:52:49,376 INFO  impl.RaftServerImpl (ServerState.java:setRaftConf(361)) - 9e4b19a0-3704-4ed8-a911-c2ef5bf5d43d:group-A60879773A99 set configuration 0: [9e4b19a0-3704-4ed8-a911-c2ef5bf5d43d:192.168.157.197:45073], old=null at 0
2019-07-03 21:52:49,407 INFO  segmented.SegmentedRaftLogWorker (SegmentedRaftLogWorker.java:execute(569)) - 9e4b19a0-3704-4ed8-a911-c2ef5bf5d43d-SegmentedRaftLogWorker:Storage Directory /opt/src/hadoop-ozone/integration-test/target/test-dir/MiniOzoneClusterImpl-178a287a-2fcc-411e-9e7f-012e638f7a06/datanode-0/data/ratis/c9871ea2-7c76-4eb9-bc43-a60879773a99: created new log segment /opt/src/hadoop-ozone/integration-test/target/test-dir/MiniOzoneClusterImpl-178a287a-2fcc-411e-9e7f-012e638f7a06/datanode-0/data/ratis/c9871ea2-7c76-4eb9-bc43-a60879773a99/current/log_inprogress_0
2019-07-03 21:52:49,533 INFO  pipeline.PipelineStateManager (PipelineStateManager.java:addPipeline(56)) - Created pipeline Pipeline[ Id: d5dd93dd-8353-4c5d-9933-b8281bed1ead, Nodes: 9e4b19a0-3704-4ed8-a911-c2ef5bf5d43d{ip: 192.168.157.197, host: ozone-hdds-1735-k2n2p-4288536111, networkLocation: /default-rack, certSerialId: null}, Type:STAND_ALONE, Factor:ONE, State:OPEN]
2019-07-03 21:52:50,100 INFO  keyvalue.KeyValueHandler (ContainerUtils.java:logAndReturnError(146)) - Operation: CreateContainer : Trace ID: 824cbef1e40138a5:824cbef1e40138a5:0:0 : Message: Container creation failed, due to disk out of space : Result: DISK_OUT_OF_SPACE
21:52:50.102 [grpc-default-executor-1] ERROR DNAudit - user=null | ip=null | op=WRITE_CHUNK {blockData=conID: 6 locID: 102379734308880417 bcsId: 0} | ret=FAILURE
org.apache.hadoop.hdds.scm.container.common.helpers.StorageContainerException: ContainerID 6 creation failed
	at org.apache.hadoop.ozone.container.common.impl.HddsDispatcher.dispatchRequest(HddsDispatcher.java:227) [hadoop-hdds-container-service-0.5.0-SNAPSHOT.jar:?]
	at org.apache.hadoop.ozone.container.common.impl.HddsDispatcher.dispatch(HddsDispatcher.java:148) [hadoop-hdds-container-service-0.5.0-SNAPSHOT.jar:?]
	at org.apache.hadoop.ozone.container.common.transport.server.GrpcXceiverService$1.onNext(GrpcXceiverService.java:73) [hadoop-hdds-container-service-0.5.0-SNAPSHOT.jar:?]
	at org.apache.hadoop.ozone.container.common.transport.server.GrpcXceiverService$1.onNext(GrpcXceiverService.java:61) [hadoop-hdds-container-service-0.5.0-SNAPSHOT.jar:?]
	at org.apache.ratis.thirdparty.io.grpc.stub.ServerCalls$StreamingServerCallHandler$StreamingServerCallListener.onMessage(ServerCalls.java:248) [ratis-thirdparty-misc-0.2.0.jar:0.2.0]
	at org.apache.ratis.thirdparty.io.grpc.ForwardingServerCallListener.onMessage(ForwardingServerCallListener.java:33) [ratis-thirdparty-misc-0.2.0.jar:0.2.0]
	at org.apache.ratis.thirdparty.io.grpc.Contexts$ContextualizedServerCallListener.onMessage(Contexts.java:76) [ratis-thirdparty-misc-0.2.0.jar:0.2.0]
	at org.apache.ratis.thirdparty.io.grpc.ForwardingServerCallListener.onMessage(ForwardingServerCallListener.java:33) [ratis-thirdparty-misc-0.2.0.jar:0.2.0]
	at org.apache.hadoop.hdds.tracing.GrpcServerInterceptor$1.onMessage(GrpcServerInterceptor.java:46) [hadoop-hdds-common-0.5.0-SNAPSHOT.jar:?]
	at org.apache.ratis.thirdparty.io.grpc.internal.ServerCallImpl$ServerStreamListenerImpl.messagesAvailable(ServerCallImpl.java:263) [ratis-thirdparty-misc-0.2.0.jar:0.2.0]
	at org.apache.ratis.thirdparty.io.grpc.internal.ServerImpl$JumpToApplicationThreadServerStreamListener$1MessagesAvailable.runInContext(ServerImpl.java:686) [ratis-thirdparty-misc-0.2.0.jar:0.2.0]
	at org.apache.ratis.thirdparty.io.grpc.internal.ContextRunnable.run(ContextRunnable.java:37) [ratis-thirdparty-misc-0.2.0.jar:0.2.0]
	at org.apache.ratis.thirdparty.io.grpc.internal.SerializingExecutor.run(SerializingExecutor.java:123) [ratis-thirdparty-misc-0.2.0.jar:0.2.0]
	at java.util.concurrent.ThreadPoolExecutor.runWorker(ThreadPoolExecutor.java:1149) [?:1.8.0_212]
	at java.util.concurrent.ThreadPoolExecutor$Worker.run(ThreadPoolExecutor.java:624) [?:1.8.0_212]
	at java.lang.Thread.run(Thread.java:748) [?:1.8.0_212]
2019-07-03 21:52:50,103 INFO  impl.HddsDispatcher (ContainerUtils.java:logAndReturnError(146)) - Operation: WriteChunk : Trace ID: 824cbef1e40138a5:824cbef1e40138a5:0:0 : Message: ContainerID 6 creation failed : Result: DISK_OUT_OF_SPACE
2019-07-03 21:52:50,105 ERROR storage.BlockOutputStream (BlockOutputStream.java:validateResponse(538)) - Unexpected Storage Container Exception: 
org.apache.hadoop.hdds.scm.container.common.helpers.StorageContainerException: ContainerID 6 creation failed
	at org.apache.hadoop.hdds.scm.storage.ContainerProtocolCalls.validateContainerResponse(ContainerProtocolCalls.java:536)
	at org.apache.hadoop.hdds.scm.storage.BlockOutputStream.validateResponse(BlockOutputStream.java:536)
	at org.apache.hadoop.hdds.scm.storage.BlockOutputStream.lambda$writeChunkToContainer$2(BlockOutputStream.java:614)
	at java.util.concurrent.CompletableFuture.uniApply(CompletableFuture.java:602)
	at java.util.concurrent.CompletableFuture$UniApply.tryFire(CompletableFuture.java:577)
	at java.util.concurrent.CompletableFuture$Completion.run(CompletableFuture.java:442)
	at java.util.concurrent.ThreadPoolExecutor.runWorker(ThreadPoolExecutor.java:1149)
	at java.util.concurrent.ThreadPoolExecutor$Worker.run(ThreadPoolExecutor.java:624)
	at java.lang.Thread.run(Thread.java:748)
21:52:50.108 [grpc-default-executor-1] ERROR DNAudit - user=null | ip=null | op=PUT_BLOCK {blockData=[blockId=conID: 6 locID: 102379734308880417 bcsId: 0,size=5]} | ret=FAILURE
org.apache.hadoop.hdds.scm.container.common.helpers.StorageContainerException: ContainerID 6 does not exist
	at org.apache.hadoop.ozone.container.common.impl.HddsDispatcher.dispatchRequest(HddsDispatcher.java:242) [hadoop-hdds-container-service-0.5.0-SNAPSHOT.jar:?]
	at org.apache.hadoop.ozone.container.common.impl.HddsDispatcher.dispatch(HddsDispatcher.java:148) [hadoop-hdds-container-service-0.5.0-SNAPSHOT.jar:?]
	at org.apache.hadoop.ozone.container.common.transport.server.GrpcXceiverService$1.onNext(GrpcXceiverService.java:73) [hadoop-hdds-container-service-0.5.0-SNAPSHOT.jar:?]
	at org.apache.hadoop.ozone.container.common.transport.server.GrpcXceiverService$1.onNext(GrpcXceiverService.java:61) [hadoop-hdds-container-service-0.5.0-SNAPSHOT.jar:?]
	at org.apache.ratis.thirdparty.io.grpc.stub.ServerCalls$StreamingServerCallHandler$StreamingServerCallListener.onMessage(ServerCalls.java:248) [ratis-thirdparty-misc-0.2.0.jar:0.2.0]
	at org.apache.ratis.thirdparty.io.grpc.ForwardingServerCallListener.onMessage(ForwardingServerCallListener.java:33) [ratis-thirdparty-misc-0.2.0.jar:0.2.0]
	at org.apache.ratis.thirdparty.io.grpc.Contexts$ContextualizedServerCallListener.onMessage(Contexts.java:76) [ratis-thirdparty-misc-0.2.0.jar:0.2.0]
	at org.apache.ratis.thirdparty.io.grpc.ForwardingServerCallListener.onMessage(ForwardingServerCallListener.java:33) [ratis-thirdparty-misc-0.2.0.jar:0.2.0]
	at org.apache.hadoop.hdds.tracing.GrpcServerInterceptor$1.onMessage(GrpcServerInterceptor.java:46) [hadoop-hdds-common-0.5.0-SNAPSHOT.jar:?]
	at org.apache.ratis.thirdparty.io.grpc.internal.ServerCallImpl$ServerStreamListenerImpl.messagesAvailable(ServerCallImpl.java:263) [ratis-thirdparty-misc-0.2.0.jar:0.2.0]
	at org.apache.ratis.thirdparty.io.grpc.internal.ServerImpl$JumpToApplicationThreadServerStreamListener$1MessagesAvailable.runInContext(ServerImpl.java:686) [ratis-thirdparty-misc-0.2.0.jar:0.2.0]
	at org.apache.ratis.thirdparty.io.grpc.internal.ContextRunnable.run(ContextRunnable.java:37) [ratis-thirdparty-misc-0.2.0.jar:0.2.0]
	at org.apache.ratis.thirdparty.io.grpc.internal.SerializingExecutor.run(SerializingExecutor.java:123) [ratis-thirdparty-misc-0.2.0.jar:0.2.0]
	at java.util.concurrent.ThreadPoolExecutor.runWorker(ThreadPoolExecutor.java:1149) [?:1.8.0_212]
	at java.util.concurrent.ThreadPoolExecutor$Worker.run(ThreadPoolExecutor.java:624) [?:1.8.0_212]
	at java.lang.Thread.run(Thread.java:748) [?:1.8.0_212]
2019-07-03 21:52:50,109 INFO  impl.HddsDispatcher (ContainerUtils.java:logAndReturnError(146)) - Operation: PutBlock : Trace ID: ff494b5e31d4a6a7:ff494b5e31d4a6a7:0:0 : Message: ContainerID 6 does not exist : Result: CONTAINER_NOT_FOUND
]]></system-out>
    <system-err><![CDATA[Jul 03, 2019 9:52:44 PM com.sun.jersey.server.impl.application.WebApplicationImpl _initiate
INFO: Initiating Jersey application, version 'Jersey: 1.19 02/11/2015 03:25 AM'
Jul 03, 2019 9:52:49 PM com.sun.jersey.server.impl.application.WebApplicationImpl _initiate
INFO: Initiating Jersey application, version 'Jersey: 1.19 02/11/2015 03:25 AM'
Jul 03, 2019 9:52:49 PM org.apache.ratis.thirdparty.io.grpc.internal.ManagedChannelOrphanWrapper$ManagedChannelReference cleanQueue
SEVERE: *~*~*~ Channel ManagedChannelImpl{logId=28, target=192.168.157.197:39379} was not shutdown properly!!! ~*~*~*
    Make sure to call shutdown()/shutdownNow() and wait until awaitTermination() returns true.
java.lang.RuntimeException: ManagedChannel allocation site
	at org.apache.ratis.thirdparty.io.grpc.internal.ManagedChannelOrphanWrapper$ManagedChannelReference.<init>(ManagedChannelOrphanWrapper.java:103)
	at org.apache.ratis.thirdparty.io.grpc.internal.ManagedChannelOrphanWrapper.<init>(ManagedChannelOrphanWrapper.java:53)
	at org.apache.ratis.thirdparty.io.grpc.internal.ManagedChannelOrphanWrapper.<init>(ManagedChannelOrphanWrapper.java:44)
	at org.apache.ratis.thirdparty.io.grpc.internal.AbstractManagedChannelImplBuilder.build(AbstractManagedChannelImplBuilder.java:411)
	at org.apache.hadoop.hdds.scm.XceiverClientGrpc.connectToDatanode(XceiverClientGrpc.java:163)
	at org.apache.hadoop.hdds.scm.XceiverClientGrpc.reconnect(XceiverClientGrpc.java:398)
	at org.apache.hadoop.hdds.scm.XceiverClientGrpc.sendCommandAsync(XceiverClientGrpc.java:349)
	at org.apache.hadoop.hdds.scm.XceiverClientGrpc.sendCommandAsync(XceiverClientGrpc.java:324)
	at org.apache.hadoop.hdds.scm.storage.ContainerProtocolCalls.writeChunkAsync(ContainerProtocolCalls.java:310)
	at org.apache.hadoop.hdds.scm.storage.BlockOutputStream.writeChunkToContainer(BlockOutputStream.java:609)
	at org.apache.hadoop.hdds.scm.storage.BlockOutputStream.writeChunk(BlockOutputStream.java:466)
	at org.apache.hadoop.hdds.scm.storage.BlockOutputStream.handleFlush(BlockOutputStream.java:477)
	at org.apache.hadoop.hdds.scm.storage.BlockOutputStream.close(BlockOutputStream.java:500)
	at org.apache.hadoop.ozone.client.io.BlockOutputStreamEntry.close(BlockOutputStreamEntry.java:143)
	at org.apache.hadoop.ozone.client.io.KeyOutputStream.handleFlushOrClose(KeyOutputStream.java:434)
	at org.apache.hadoop.ozone.client.io.KeyOutputStream.close(KeyOutputStream.java:472)
	at org.apache.hadoop.ozone.client.io.OzoneOutputStream.close(OzoneOutputStream.java:60)
	at org.apache.hadoop.ozone.TestStorageContainerManagerHelper.createKeys(TestStorageContainerManagerHelper.java:102)
	at org.apache.hadoop.ozone.TestStorageContainerManager.testBlockDeletingThrottling(TestStorageContainerManager.java:333)
	at sun.reflect.NativeMethodAccessorImpl.invoke0(Native Method)
	at sun.reflect.NativeMethodAccessorImpl.invoke(NativeMethodAccessorImpl.java:62)
	at sun.reflect.DelegatingMethodAccessorImpl.invoke(DelegatingMethodAccessorImpl.java:43)
	at java.lang.reflect.Method.invoke(Method.java:498)
	at org.junit.runners.model.FrameworkMethod$1.runReflectiveCall(FrameworkMethod.java:47)
	at org.junit.internal.runners.model.ReflectiveCallable.run(ReflectiveCallable.java:12)
	at org.junit.runners.model.FrameworkMethod.invokeExplosively(FrameworkMethod.java:44)
	at org.junit.internal.runners.statements.InvokeMethod.evaluate(InvokeMethod.java:17)
	at org.junit.internal.runners.statements.FailOnTimeout$StatementThread.run(FailOnTimeout.java:74)

Jul 03, 2019 9:52:49 PM org.apache.ratis.thirdparty.io.grpc.internal.ManagedChannelOrphanWrapper$ManagedChannelReference cleanQueue
SEVERE: *~*~*~ Channel ManagedChannelImpl{logId=12, target=192.168.157.197:45572} was not shutdown properly!!! ~*~*~*
    Make sure to call shutdown()/shutdownNow() and wait until awaitTermination() returns true.
java.lang.RuntimeException: ManagedChannel allocation site
	at org.apache.ratis.thirdparty.io.grpc.internal.ManagedChannelOrphanWrapper$ManagedChannelReference.<init>(ManagedChannelOrphanWrapper.java:103)
	at org.apache.ratis.thirdparty.io.grpc.internal.ManagedChannelOrphanWrapper.<init>(ManagedChannelOrphanWrapper.java:53)
	at org.apache.ratis.thirdparty.io.grpc.internal.ManagedChannelOrphanWrapper.<init>(ManagedChannelOrphanWrapper.java:44)
	at org.apache.ratis.thirdparty.io.grpc.internal.AbstractManagedChannelImplBuilder.build(AbstractManagedChannelImplBuilder.java:411)
	at org.apache.hadoop.hdds.scm.XceiverClientGrpc.connectToDatanode(XceiverClientGrpc.java:163)
	at org.apache.hadoop.hdds.scm.XceiverClientGrpc.reconnect(XceiverClientGrpc.java:398)
	at org.apache.hadoop.hdds.scm.XceiverClientGrpc.sendCommandAsync(XceiverClientGrpc.java:349)
	at org.apache.hadoop.hdds.scm.XceiverClientGrpc.sendCommandAsync(XceiverClientGrpc.java:324)
	at org.apache.hadoop.hdds.scm.storage.ContainerProtocolCalls.writeChunkAsync(ContainerProtocolCalls.java:310)
	at org.apache.hadoop.hdds.scm.storage.BlockOutputStream.writeChunkToContainer(BlockOutputStream.java:609)
	at org.apache.hadoop.hdds.scm.storage.BlockOutputStream.writeChunk(BlockOutputStream.java:466)
	at org.apache.hadoop.hdds.scm.storage.BlockOutputStream.handleFlush(BlockOutputStream.java:477)
	at org.apache.hadoop.hdds.scm.storage.BlockOutputStream.close(BlockOutputStream.java:500)
	at org.apache.hadoop.ozone.client.io.BlockOutputStreamEntry.close(BlockOutputStreamEntry.java:143)
	at org.apache.hadoop.ozone.client.io.KeyOutputStream.handleFlushOrClose(KeyOutputStream.java:434)
	at org.apache.hadoop.ozone.client.io.KeyOutputStream.close(KeyOutputStream.java:472)
	at org.apache.hadoop.ozone.client.io.OzoneOutputStream.close(OzoneOutputStream.java:60)
	at org.apache.hadoop.ozone.TestStorageContainerManagerHelper.createKeys(TestStorageContainerManagerHelper.java:102)
	at org.apache.hadoop.ozone.TestStorageContainerManager.testBlockDeletionTransactions(TestStorageContainerManager.java:244)
	at sun.reflect.NativeMethodAccessorImpl.invoke0(Native Method)
	at sun.reflect.NativeMethodAccessorImpl.invoke(NativeMethodAccessorImpl.java:62)
	at sun.reflect.DelegatingMethodAccessorImpl.invoke(DelegatingMethodAccessorImpl.java:43)
	at java.lang.reflect.Method.invoke(Method.java:498)
	at org.junit.runners.model.FrameworkMethod$1.runReflectiveCall(FrameworkMethod.java:47)
	at org.junit.internal.runners.model.ReflectiveCallable.run(ReflectiveCallable.java:12)
	at org.junit.runners.model.FrameworkMethod.invokeExplosively(FrameworkMethod.java:44)
	at org.junit.internal.runners.statements.InvokeMethod.evaluate(InvokeMethod.java:17)
	at org.junit.internal.runners.statements.FailOnTimeout$StatementThread.run(FailOnTimeout.java:74)

]]></system-err>
  </testcase>
  <testcase name="testRpcPermission" classname="org.apache.hadoop.ozone.TestStorageContainerManager" time="17.18"/>
  <testcase name="testSCMInitializationFailure" classname="org.apache.hadoop.ozone.TestStorageContainerManager" time="0.037"/>
  <testcase name="testSCMInitialization" classname="org.apache.hadoop.ozone.TestStorageContainerManager" time="0.031"/>
  <testcase name="testScmInfo" classname="org.apache.hadoop.ozone.TestStorageContainerManager" time="0.29"/>
</testsuite>