<?xml version="1.0" encoding="UTF-8"?>
<testsuite xmlns:xsi="http://www.w3.org/2001/XMLSchema-instance" xsi:noNamespaceSchemaLocation="https://maven.apache.org/surefire/maven-surefire-plugin/xsd/surefire-test-report.xsd" name="org.apache.hadoop.ozone.client.rpc.TestFailureHandlingByClient" time="174.091" tests="7" errors="0" skipped="0" failures="1">
  <properties>
    <property name="awt.toolkit" value="sun.awt.X11.XToolkit"/>
    <property name="file.encoding.pkg" value="sun.io"/>
    <property name="java.specification.version" value="1.8"/>
    <property name="sun.cpu.isalist" value=""/>
    <property name="sun.jnu.encoding" value="UTF-8"/>
    <property name="java.class.path" value="/opt/src/hadoop-ozone/integration-test/target/test-classes:/opt/src/hadoop-ozone/integration-test/target/classes:/root/.m2/repository/org/apache/hadoop/hadoop-ozone-common/0.5.0-SNAPSHOT/hadoop-ozone-common-0.5.0-SNAPSHOT.jar:/root/.m2/repository/org/apache/commons/commons-compress/1.4.1/commons-compress-1.4.1.jar:/root/.m2/repository/org/tukaani/xz/1.0/xz-1.0.jar:/root/.m2/repository/org/apache/hadoop/hadoop-common/3.2.0/hadoop-common-3.2.0.jar:/root/.m2/repository/org/apache/hadoop/hadoop-hdfs/3.2.0/hadoop-hdfs-3.2.0.jar:/root/.m2/repository/org/apache/hadoop/hadoop-hdfs-client/3.2.0/hadoop-hdfs-client-3.2.0.jar:/root/.m2/repository/com/fasterxml/jackson/core/jackson-annotations/2.9.5/jackson-annotations-2.9.5.jar:/root/.m2/repository/org/apache/hadoop/hadoop-hdds-common/0.5.0-SNAPSHOT/hadoop-hdds-common-0.5.0-SNAPSHOT.jar:/root/.m2/repository/javax/annotation/javax.annotation-api/1.2/javax.annotation-api-1.2.jar:/root/.m2/repository/org/apache/ratis/ratis-server/0.4.0-fe2b15d-SNAPSHOT/ratis-server-0.4.0-fe2b15d-SNAPSHOT.jar:/root/.m2/repository/org/apache/ratis/ratis-thirdparty-misc/0.2.0/ratis-thirdparty-misc-0.2.0.jar:/root/.m2/repository/org/apache/ratis/ratis-proto/0.4.0-fe2b15d-SNAPSHOT/ratis-proto-0.4.0-fe2b15d-SNAPSHOT.jar:/root/.m2/repository/org/apache/ratis/ratis-common/0.4.0-fe2b15d-SNAPSHOT/ratis-common-0.4.0-fe2b15d-SNAPSHOT.jar:/root/.m2/repository/org/apache/ratis/ratis-client/0.4.0-fe2b15d-SNAPSHOT/ratis-client-0.4.0-fe2b15d-SNAPSHOT.jar:/root/.m2/repository/org/apache/ratis/ratis-netty/0.4.0-fe2b15d-SNAPSHOT/ratis-netty-0.4.0-fe2b15d-SNAPSHOT.jar:/root/.m2/repository/org/apache/ratis/ratis-grpc/0.4.0-fe2b15d-SNAPSHOT/ratis-grpc-0.4.0-fe2b15d-SNAPSHOT.jar:/root/.m2/repository/org/rocksdb/rocksdbjni/5.14.2/rocksdbjni-5.14.2.jar:/root/.m2/repository/org/apache/logging/log4j/log4j-api/2.11.0/log4j-api-2.11.0.jar:/root/.m2/repository/org/apache/logging/log4j/log4j-core/2.11.0/log4j-core-2.11.0.jar:/root/.m2/repository/com/lmax/disruptor/3.4.2/disruptor-3.4.2.jar:/root/.m2/repository/org/apache/commons/commons-pool2/2.6.0/commons-pool2-2.6.0.jar:/root/.m2/repository/org/bouncycastle/bcpkix-jdk15on/1.60/bcpkix-jdk15on-1.60.jar:/root/.m2/repository/commons-validator/commons-validator/1.6/commons-validator-1.6.jar:/root/.m2/repository/commons-digester/commons-digester/1.8.1/commons-digester-1.8.1.jar:/root/.m2/repository/io/jaegertracing/jaeger-client/0.33.1/jaeger-client-0.33.1.jar:/root/.m2/repository/io/jaegertracing/jaeger-thrift/0.33.1/jaeger-thrift-0.33.1.jar:/root/.m2/repository/org/apache/thrift/libthrift/0.11.0/libthrift-0.11.0.jar:/root/.m2/repository/com/squareup/okhttp3/okhttp/3.9.0/okhttp-3.9.0.jar:/root/.m2/repository/com/squareup/okio/okio/1.13.0/okio-1.13.0.jar:/root/.m2/repository/io/jaegertracing/jaeger-core/0.33.1/jaeger-core-0.33.1.jar:/root/.m2/repository/io/jaegertracing/jaeger-tracerresolver/0.33.1/jaeger-tracerresolver-0.33.1.jar:/root/.m2/repository/io/opentracing/contrib/opentracing-tracerresolver/0.1.5/opentracing-tracerresolver-0.1.5.jar:/root/.m2/repository/io/opentracing/opentracing-util/0.31.0/opentracing-util-0.31.0.jar:/root/.m2/repository/io/opentracing/opentracing-api/0.31.0/opentracing-api-0.31.0.jar:/root/.m2/repository/io/opentracing/opentracing-noop/0.31.0/opentracing-noop-0.31.0.jar:/root/.m2/repository/org/apache/hadoop/hadoop-hdds-server-framework/0.5.0-SNAPSHOT/hadoop-hdds-server-framework-0.5.0-SNAPSHOT.jar:/root/.m2/repository/org/apache/hadoop/hadoop-hdds-server-scm/0.5.0-SNAPSHOT/hadoop-hdds-server-scm-0.5.0-SNAPSHOT.jar:/root/.m2/repository/org/apache/hadoop/hadoop-hdds-container-service/0.5.0-SNAPSHOT/hadoop-hdds-container-service-0.5.0-SNAPSHOT.jar:/root/.m2/repository/org/apache/hadoop/hadoop-hdds-client/0.5.0-SNAPSHOT/hadoop-hdds-client-0.5.0-SNAPSHOT.jar:/root/.m2/repository/org/apache/hadoop/hadoop-hdds-tools/0.5.0-SNAPSHOT/hadoop-hdds-tools-0.5.0-SNAPSHOT.jar:/root/.m2/repository/org/apache/hadoop/hadoop-ozone-ozone-manager/0.5.0-SNAPSHOT/hadoop-ozone-ozone-manager-0.5.0-SNAPSHOT.jar:/root/.m2/repository/org/apache/hadoop/hadoop-hdds-docs/0.5.0-SNAPSHOT/hadoop-hdds-docs-0.5.0-SNAPSHOT.jar:/root/.m2/repository/org/bouncycastle/bcprov-jdk15on/1.60/bcprov-jdk15on-1.60.jar:/root/.m2/repository/org/apache/hadoop/hadoop-minikdc/3.2.0/hadoop-minikdc-3.2.0.jar:/root/.m2/repository/commons-io/commons-io/2.5/commons-io-2.5.jar:/root/.m2/repository/org/apache/kerby/kerb-simplekdc/1.0.1/kerb-simplekdc-1.0.1.jar:/root/.m2/repository/org/apache/kerby/kerb-client/1.0.1/kerb-client-1.0.1.jar:/root/.m2/repository/org/apache/kerby/kerby-config/1.0.1/kerby-config-1.0.1.jar:/root/.m2/repository/org/apache/kerby/kerb-core/1.0.1/kerb-core-1.0.1.jar:/root/.m2/repository/org/apache/kerby/kerby-pkix/1.0.1/kerby-pkix-1.0.1.jar:/root/.m2/repository/org/apache/kerby/kerby-asn1/1.0.1/kerby-asn1-1.0.1.jar:/root/.m2/repository/org/apache/kerby/kerby-util/1.0.1/kerby-util-1.0.1.jar:/root/.m2/repository/org/apache/kerby/kerb-common/1.0.1/kerb-common-1.0.1.jar:/root/.m2/repository/org/apache/kerby/kerb-crypto/1.0.1/kerb-crypto-1.0.1.jar:/root/.m2/repository/org/apache/kerby/kerb-util/1.0.1/kerb-util-1.0.1.jar:/root/.m2/repository/org/apache/kerby/token-provider/1.0.1/token-provider-1.0.1.jar:/root/.m2/repository/org/apache/kerby/kerb-admin/1.0.1/kerb-admin-1.0.1.jar:/root/.m2/repository/org/apache/kerby/kerb-server/1.0.1/kerb-server-1.0.1.jar:/root/.m2/repository/org/apache/kerby/kerb-identity/1.0.1/kerb-identity-1.0.1.jar:/root/.m2/repository/org/apache/kerby/kerby-xdr/1.0.1/kerby-xdr-1.0.1.jar:/root/.m2/repository/org/slf4j/slf4j-log4j12/1.7.25/slf4j-log4j12-1.7.25.jar:/root/.m2/repository/org/apache/hadoop/hadoop-ozone-objectstore-service/0.5.0-SNAPSHOT/hadoop-ozone-objectstore-service-0.5.0-SNAPSHOT.jar:/root/.m2/repository/org/apache/hadoop/hadoop-ozone-s3gateway/0.5.0-SNAPSHOT/hadoop-ozone-s3gateway-0.5.0-SNAPSHOT.jar:/root/.m2/repository/org/jboss/weld/servlet/weld-servlet/2.4.7.Final/weld-servlet-2.4.7.Final.jar:/root/.m2/repository/org/glassfish/jersey/containers/jersey-container-servlet-core/2.27/jersey-container-servlet-core-2.27.jar:/root/.m2/repository/org/glassfish/hk2/external/javax.inject/2.5.0-b42/javax.inject-2.5.0-b42.jar:/root/.m2/repository/org/glassfish/jersey/core/jersey-common/2.27/jersey-common-2.27.jar:/root/.m2/repository/org/glassfish/hk2/osgi-resource-locator/1.0.1/osgi-resource-locator-1.0.1.jar:/root/.m2/repository/javax/ws/rs/javax.ws.rs-api/2.1/javax.ws.rs-api-2.1.jar:/root/.m2/repository/org/glassfish/jersey/ext/cdi/jersey-cdi1x/2.27/jersey-cdi1x-2.27.jar:/root/.m2/repository/org/glassfish/jersey/inject/jersey-hk2/2.27/jersey-hk2-2.27.jar:/root/.m2/repository/org/glassfish/hk2/hk2-locator/2.5.0-b42/hk2-locator-2.5.0-b42.jar:/root/.m2/repository/org/javassist/javassist/3.22.0-CR2/javassist-3.22.0-CR2.jar:/root/.m2/repository/org/glassfish/hk2/hk2-api/2.5.0/hk2-api-2.5.0.jar:/root/.m2/repository/org/glassfish/hk2/external/jakarta.inject/2.5.0/jakarta.inject-2.5.0.jar:/root/.m2/repository/org/glassfish/hk2/hk2-utils/2.5.0/hk2-utils-2.5.0.jar:/root/.m2/repository/jakarta/annotation/jakarta.annotation-api/1.3.4/jakarta.annotation-api-1.3.4.jar:/root/.m2/repository/org/glassfish/hk2/external/aopalliance-repackaged/2.5.0/aopalliance-repackaged-2.5.0.jar:/root/.m2/repository/com/fasterxml/jackson/dataformat/jackson-dataformat-xml/2.9.0/jackson-dataformat-xml-2.9.0.jar:/root/.m2/repository/com/fasterxml/jackson/core/jackson-core/2.9.5/jackson-core-2.9.5.jar:/root/.m2/repository/com/fasterxml/jackson/module/jackson-module-jaxb-annotations/2.9.5/jackson-module-jaxb-annotations-2.9.5.jar:/root/.m2/repository/javax/enterprise/cdi-api/1.2/cdi-api-1.2.jar:/root/.m2/repository/javax/el/javax.el-api/3.0.0/javax.el-api-3.0.0.jar:/root/.m2/repository/javax/interceptor/javax.interceptor-api/1.2/javax.interceptor-api-1.2.jar:/root/.m2/repository/javax/inject/javax.inject/1/javax.inject-1.jar:/root/.m2/repository/com/sun/xml/bind/jaxb-impl/2.3.0.1/jaxb-impl-2.3.0.1.jar:/root/.m2/repository/com/sun/xml/bind/jaxb-core/2.3.0.1/jaxb-core-2.3.0.1.jar:/root/.m2/repository/javax/xml/bind/jaxb-api/2.3.0/jaxb-api-2.3.0.jar:/root/.m2/repository/javax/activation/activation/1.1.1/activation-1.1.1.jar:/root/.m2/repository/org/apache/hadoop/hadoop-ozone-csi/0.5.0-SNAPSHOT/hadoop-ozone-csi-0.5.0-SNAPSHOT.jar:/root/.m2/repository/com/google/protobuf/protobuf-java-util/3.5.1/protobuf-java-util-3.5.1.jar:/root/.m2/repository/org/apache/hadoop/hadoop-hdds-config/0.5.0-SNAPSHOT/hadoop-hdds-config-0.5.0-SNAPSHOT.jar:/root/.m2/repository/com/google/guava/guava/11.0.2/guava-11.0.2.jar:/root/.m2/repository/com/google/protobuf/protobuf-java/2.5.0/protobuf-java-2.5.0.jar:/root/.m2/repository/io/grpc/grpc-netty/1.17.1/grpc-netty-1.17.1.jar:/root/.m2/repository/io/grpc/grpc-core/1.17.1/grpc-core-1.17.1.jar:/root/.m2/repository/io/grpc/grpc-context/1.17.1/grpc-context-1.17.1.jar:/root/.m2/repository/com/google/errorprone/error_prone_annotations/2.2.0/error_prone_annotations-2.2.0.jar:/root/.m2/repository/org/codehaus/mojo/animal-sniffer-annotations/1.17/animal-sniffer-annotations-1.17.jar:/root/.m2/repository/io/opencensus/opencensus-api/0.17.0/opencensus-api-0.17.0.jar:/root/.m2/repository/io/opencensus/opencensus-contrib-grpc-metrics/0.17.0/opencensus-contrib-grpc-metrics-0.17.0.jar:/root/.m2/repository/io/netty/netty-codec-http2/4.1.30.Final/netty-codec-http2-4.1.30.Final.jar:/root/.m2/repository/io/netty/netty-codec-http/4.1.30.Final/netty-codec-http-4.1.30.Final.jar:/root/.m2/repository/io/netty/netty-codec/4.1.30.Final/netty-codec-4.1.30.Final.jar:/root/.m2/repository/io/netty/netty-handler/4.1.30.Final/netty-handler-4.1.30.Final.jar:/root/.m2/repository/io/netty/netty-handler-proxy/4.1.30.Final/netty-handler-proxy-4.1.30.Final.jar:/root/.m2/repository/io/netty/netty-codec-socks/4.1.30.Final/netty-codec-socks-4.1.30.Final.jar:/root/.m2/repository/io/netty/netty-transport-native-epoll/4.1.30.Final/netty-transport-native-epoll-4.1.30.Final.jar:/root/.m2/repository/io/netty/netty-common/4.1.30.Final/netty-common-4.1.30.Final.jar:/root/.m2/repository/io/netty/netty-buffer/4.1.30.Final/netty-buffer-4.1.30.Final.jar:/root/.m2/repository/io/netty/netty-transport/4.1.30.Final/netty-transport-4.1.30.Final.jar:/root/.m2/repository/io/netty/netty-resolver/4.1.30.Final/netty-resolver-4.1.30.Final.jar:/root/.m2/repository/io/netty/netty-transport-native-unix-common/4.1.30.Final/netty-transport-native-unix-common-4.1.30.Final.jar:/root/.m2/repository/io/grpc/grpc-protobuf/1.17.1/grpc-protobuf-1.17.1.jar:/root/.m2/repository/com/google/api/grpc/proto-google-common-protos/1.0.0/proto-google-common-protos-1.0.0.jar:/root/.m2/repository/io/grpc/grpc-protobuf-lite/1.17.1/grpc-protobuf-lite-1.17.1.jar:/root/.m2/repository/io/grpc/grpc-stub/1.17.1/grpc-stub-1.17.1.jar:/root/.m2/repository/org/apache/hadoop/hadoop-ozone-recon/0.5.0-SNAPSHOT/hadoop-ozone-recon-0.5.0-SNAPSHOT.jar:/root/.m2/repository/org/apache/hadoop/hadoop-ozone-reconcodegen/0.5.0-SNAPSHOT/hadoop-ozone-reconcodegen-0.5.0-SNAPSHOT.jar:/root/.m2/repository/com/google/inject/extensions/guice-multibindings/4.0/guice-multibindings-4.0.jar:/root/.m2/repository/com/google/inject/guice/4.0/guice-4.0.jar:/root/.m2/repository/aopalliance/aopalliance/1.0/aopalliance-1.0.jar:/root/.m2/repository/com/google/inject/extensions/guice-servlet/4.0/guice-servlet-4.0.jar:/root/.m2/repository/org/glassfish/jersey/containers/jersey-container-servlet/2.27/jersey-container-servlet-2.27.jar:/root/.m2/repository/org/glassfish/hk2/guice-bridge/2.5.0/guice-bridge-2.5.0.jar:/root/.m2/repository/org/glassfish/jersey/core/jersey-server/2.27/jersey-server-2.27.jar:/root/.m2/repository/org/glassfish/jersey/core/jersey-client/2.27/jersey-client-2.27.jar:/root/.m2/repository/org/glassfish/jersey/media/jersey-media-jaxb/2.27/jersey-media-jaxb-2.27.jar:/root/.m2/repository/javax/validation/validation-api/1.1.0.Final/validation-api-1.1.0.Final.jar:/root/.m2/repository/org/glassfish/jersey/media/jersey-media-json-jackson/2.27/jersey-media-json-jackson-2.27.jar:/root/.m2/repository/org/glassfish/jersey/ext/jersey-entity-filtering/2.27/jersey-entity-filtering-2.27.jar:/root/.m2/repository/com/google/inject/extensions/guice-assistedinject/4.0/guice-assistedinject-4.0.jar:/root/.m2/repository/org/jooq/jooq/3.11.10/jooq-3.11.10.jar:/root/.m2/repository/org/jooq/jooq-meta/3.11.10/jooq-meta-3.11.10.jar:/root/.m2/repository/org/jooq/jooq-codegen/3.11.10/jooq-codegen-3.11.10.jar:/root/.m2/repository/com/jolbox/bonecp/0.8.0.RELEASE/bonecp-0.8.0.RELEASE.jar:/root/.m2/repository/org/xerial/sqlite-jdbc/3.25.2/sqlite-jdbc-3.25.2.jar:/root/.m2/repository/org/springframework/spring-jdbc/5.1.3.RELEASE/spring-jdbc-5.1.3.RELEASE.jar:/root/.m2/repository/org/springframework/spring-beans/5.1.3.RELEASE/spring-beans-5.1.3.RELEASE.jar:/root/.m2/repository/org/springframework/spring-core/5.1.3.RELEASE/spring-core-5.1.3.RELEASE.jar:/root/.m2/repository/org/springframework/spring-jcl/5.1.3.RELEASE/spring-jcl-5.1.3.RELEASE.jar:/root/.m2/repository/org/springframework/spring-tx/5.1.3.RELEASE/spring-tx-5.1.3.RELEASE.jar:/root/.m2/repository/org/apache/hadoop/hadoop-ozone-client/0.5.0-SNAPSHOT/hadoop-ozone-client-0.5.0-SNAPSHOT.jar:/root/.m2/repository/org/apache/hadoop/hadoop-ozone-ozone-manager/0.5.0-SNAPSHOT/hadoop-ozone-ozone-manager-0.5.0-SNAPSHOT-tests.jar:/root/.m2/repository/junit/junit/4.11/junit-4.11.jar:/root/.m2/repository/org/hamcrest/hamcrest-core/1.3/hamcrest-core-1.3.jar:/root/.m2/repository/org/openjdk/jmh/jmh-core/1.19/jmh-core-1.19.jar:/root/.m2/repository/net/sf/jopt-simple/jopt-simple/4.6/jopt-simple-4.6.jar:/root/.m2/repository/org/apache/commons/commons-math3/3.1.1/commons-math3-3.1.1.jar:/root/.m2/repository/org/openjdk/jmh/jmh-generator-annprocess/1.19/jmh-generator-annprocess-1.19.jar:/root/.m2/repository/org/mockito/mockito-all/1.8.5/mockito-all-1.8.5.jar:/root/.m2/repository/org/apache/hadoop/hadoop-kms/3.2.0/hadoop-kms-3.2.0.jar:/root/.m2/repository/org/apache/hadoop/hadoop-auth/3.2.0/hadoop-auth-3.2.0.jar:/root/.m2/repository/com/nimbusds/nimbus-jose-jwt/4.41.1/nimbus-jose-jwt-4.41.1.jar:/root/.m2/repository/com/github/stephenc/jcip/jcip-annotations/1.0-1/jcip-annotations-1.0-1.jar:/root/.m2/repository/net/minidev/json-smart/2.3/json-smart-2.3.jar:/root/.m2/repository/net/minidev/accessors-smart/1.2/accessors-smart-1.2.jar:/root/.m2/repository/org/ow2/asm/asm/5.0.4/asm-5.0.4.jar:/root/.m2/repository/org/apache/curator/curator-framework/2.12.0/curator-framework-2.12.0.jar:/root/.m2/repository/com/sun/jersey/jersey-core/1.19/jersey-core-1.19.jar:/root/.m2/repository/javax/ws/rs/jsr311-api/1.1.1/jsr311-api-1.1.1.jar:/root/.m2/repository/com/sun/jersey/jersey-server/1.19/jersey-server-1.19.jar:/root/.m2/repository/javax/servlet/javax.servlet-api/3.1.0/javax.servlet-api-3.1.0.jar:/root/.m2/repository/org/eclipse/jetty/jetty-server/9.3.24.v20180605/jetty-server-9.3.24.v20180605.jar:/root/.m2/repository/org/eclipse/jetty/jetty-http/9.3.24.v20180605/jetty-http-9.3.24.v20180605.jar:/root/.m2/repository/org/eclipse/jetty/jetty-io/9.3.24.v20180605/jetty-io-9.3.24.v20180605.jar:/root/.m2/repository/org/eclipse/jetty/jetty-webapp/9.3.24.v20180605/jetty-webapp-9.3.24.v20180605.jar:/root/.m2/repository/org/eclipse/jetty/jetty-xml/9.3.24.v20180605/jetty-xml-9.3.24.v20180605.jar:/root/.m2/repository/log4j/log4j/1.2.17/log4j-1.2.17.jar:/root/.m2/repository/org/slf4j/slf4j-api/1.7.25/slf4j-api-1.7.25.jar:/root/.m2/repository/org/slf4j/jul-to-slf4j/1.7.25/jul-to-slf4j-1.7.25.jar:/root/.m2/repository/org/eclipse/jetty/jetty-util/9.3.24.v20180605/jetty-util-9.3.24.v20180605.jar:/root/.m2/repository/io/dropwizard/metrics/metrics-core/3.2.4/metrics-core-3.2.4.jar:/root/.m2/repository/com/fasterxml/jackson/core/jackson-databind/2.9.5/jackson-databind-2.9.5.jar:/root/.m2/repository/org/apache/hadoop/hadoop-kms/3.2.0/hadoop-kms-3.2.0-tests.jar:/root/.m2/repository/org/apache/hadoop/hadoop-hdds-server-scm/0.5.0-SNAPSHOT/hadoop-hdds-server-scm-0.5.0-SNAPSHOT-tests.jar:/root/.m2/repository/org/hamcrest/hamcrest-all/1.3/hamcrest-all-1.3.jar:/root/.m2/repository/info/picocli/picocli/3.9.6/picocli-3.9.6.jar:/root/.m2/repository/org/apache/hadoop/hadoop-hdds-container-service/0.5.0-SNAPSHOT/hadoop-hdds-container-service-0.5.0-SNAPSHOT-tests.jar:/root/.m2/repository/org/yaml/snakeyaml/1.16/snakeyaml-1.16.jar:/root/.m2/repository/org/apache/hadoop/hadoop-common/3.2.0/hadoop-common-3.2.0-tests.jar:/root/.m2/repository/org/apache/hadoop/hadoop-annotations/3.2.0/hadoop-annotations-3.2.0.jar:/usr/lib/jvm/java-1.8-openjdk/jre/../lib/tools.jar:/root/.m2/repository/commons-cli/commons-cli/1.2/commons-cli-1.2.jar:/root/.m2/repository/org/apache/httpcomponents/httpclient/4.5.2/httpclient-4.5.2.jar:/root/.m2/repository/org/apache/httpcomponents/httpcore/4.4.4/httpcore-4.4.4.jar:/root/.m2/repository/commons-codec/commons-codec/1.11/commons-codec-1.11.jar:/root/.m2/repository/commons-net/commons-net/3.6/commons-net-3.6.jar:/root/.m2/repository/commons-collections/commons-collections/3.2.2/commons-collections-3.2.2.jar:/root/.m2/repository/org/eclipse/jetty/jetty-servlet/9.3.24.v20180605/jetty-servlet-9.3.24.v20180605.jar:/root/.m2/repository/org/eclipse/jetty/jetty-security/9.3.24.v20180605/jetty-security-9.3.24.v20180605.jar:/root/.m2/repository/javax/servlet/jsp/jsp-api/2.1/jsp-api-2.1.jar:/root/.m2/repository/com/sun/jersey/jersey-servlet/1.19/jersey-servlet-1.19.jar:/root/.m2/repository/com/sun/jersey/jersey-json/1.19/jersey-json-1.19.jar:/root/.m2/repository/org/codehaus/jettison/jettison/1.1/jettison-1.1.jar:/root/.m2/repository/org/codehaus/jackson/jackson-core-asl/1.9.13/jackson-core-asl-1.9.13.jar:/root/.m2/repository/org/codehaus/jackson/jackson-mapper-asl/1.9.13/jackson-mapper-asl-1.9.13.jar:/root/.m2/repository/org/codehaus/jackson/jackson-jaxrs/1.9.13/jackson-jaxrs-1.9.13.jar:/root/.m2/repository/org/codehaus/jackson/jackson-xc/1.9.13/jackson-xc-1.9.13.jar:/root/.m2/repository/commons-logging/commons-logging/1.1.3/commons-logging-1.1.3.jar:/root/.m2/repository/commons-beanutils/commons-beanutils/1.9.3/commons-beanutils-1.9.3.jar:/root/.m2/repository/org/apache/commons/commons-configuration2/2.1.1/commons-configuration2-2.1.1.jar:/root/.m2/repository/org/apache/commons/commons-lang3/3.7/commons-lang3-3.7.jar:/root/.m2/repository/org/apache/commons/commons-text/1.4/commons-text-1.4.jar:/root/.m2/repository/org/apache/avro/avro/1.7.7/avro-1.7.7.jar:/root/.m2/repository/com/thoughtworks/paranamer/paranamer/2.3/paranamer-2.3.jar:/root/.m2/repository/org/xerial/snappy/snappy-java/1.0.5/snappy-java-1.0.5.jar:/root/.m2/repository/com/google/re2j/re2j/1.1/re2j-1.1.jar:/root/.m2/repository/com/google/code/gson/gson/2.2.4/gson-2.2.4.jar:/root/.m2/repository/com/jcraft/jsch/0.1.54/jsch-0.1.54.jar:/root/.m2/repository/org/apache/curator/curator-client/2.12.0/curator-client-2.12.0.jar:/root/.m2/repository/org/apache/curator/curator-recipes/2.12.0/curator-recipes-2.12.0.jar:/root/.m2/repository/com/google/code/findbugs/jsr305/3.0.0/jsr305-3.0.0.jar:/root/.m2/repository/org/apache/htrace/htrace-core4/4.1.0-incubating/htrace-core4-4.1.0-incubating.jar:/root/.m2/repository/org/apache/zookeeper/zookeeper/3.4.13/zookeeper-3.4.13.jar:/root/.m2/repository/org/apache/yetus/audience-annotations/0.5.0/audience-annotations-0.5.0.jar:/root/.m2/repository/org/codehaus/woodstox/stax2-api/3.1.4/stax2-api-3.1.4.jar:/root/.m2/repository/com/fasterxml/woodstox/woodstox-core/5.0.3/woodstox-core-5.0.3.jar:/root/.m2/repository/dnsjava/dnsjava/2.1.7/dnsjava-2.1.7.jar:/root/.m2/repository/org/apache/hadoop/hadoop-hdfs/3.2.0/hadoop-hdfs-3.2.0-tests.jar:/root/.m2/repository/org/eclipse/jetty/jetty-util-ajax/9.3.24.v20180605/jetty-util-ajax-9.3.24.v20180605.jar:/root/.m2/repository/commons-daemon/commons-daemon/1.0.13/commons-daemon-1.0.13.jar:/root/.m2/repository/io/netty/netty/3.10.5.Final/netty-3.10.5.Final.jar:/root/.m2/repository/io/netty/netty-all/4.0.52.Final/netty-all-4.0.52.Final.jar:/root/.m2/repository/org/fusesource/leveldbjni/leveldbjni-all/1.8/leveldbjni-all-1.8.jar:"/>
    <property name="java.vm.vendor" value="IcedTea"/>
    <property name="sun.arch.data.model" value="64"/>
    <property name="test.build.dir" value="/opt/src/hadoop-ozone/integration-test/target/test-dir"/>
    <property name="test.cache.data" value=""/>
    <property name="java.vendor.url" value="https://icedtea.classpath.org"/>
    <property name="user.timezone" value=""/>
    <property name="java.vm.specification.version" value="1.8"/>
    <property name="os.name" value="Linux"/>
    <property name="test.build.data" value="/opt/src/hadoop-ozone/integration-test/target/test-dir"/>
    <property name="user.country" value="US"/>
    <property name="sun.java.launcher" value="SUN_STANDARD"/>
    <property name="sun.boot.library.path" value="/usr/lib/jvm/java-1.8-openjdk/jre/lib/amd64"/>
    <property name="sun.java.command" value="/opt/src/hadoop-ozone/integration-test/target/surefire/surefirebooter1356832413183102697.jar /opt/src/hadoop-ozone/integration-test/target/surefire 2019-06-14T02-47-20_045-jvmRun1 surefire4452424129575049944tmp surefire_121781718997911549083tmp"/>
    <property name="surefire.test.class.path" value="/opt/src/hadoop-ozone/integration-test/target/test-classes:/opt/src/hadoop-ozone/integration-test/target/classes:/root/.m2/repository/org/apache/hadoop/hadoop-ozone-common/0.5.0-SNAPSHOT/hadoop-ozone-common-0.5.0-SNAPSHOT.jar:/root/.m2/repository/org/apache/commons/commons-compress/1.4.1/commons-compress-1.4.1.jar:/root/.m2/repository/org/tukaani/xz/1.0/xz-1.0.jar:/root/.m2/repository/org/apache/hadoop/hadoop-common/3.2.0/hadoop-common-3.2.0.jar:/root/.m2/repository/org/apache/hadoop/hadoop-hdfs/3.2.0/hadoop-hdfs-3.2.0.jar:/root/.m2/repository/org/apache/hadoop/hadoop-hdfs-client/3.2.0/hadoop-hdfs-client-3.2.0.jar:/root/.m2/repository/com/fasterxml/jackson/core/jackson-annotations/2.9.5/jackson-annotations-2.9.5.jar:/root/.m2/repository/org/apache/hadoop/hadoop-hdds-common/0.5.0-SNAPSHOT/hadoop-hdds-common-0.5.0-SNAPSHOT.jar:/root/.m2/repository/javax/annotation/javax.annotation-api/1.2/javax.annotation-api-1.2.jar:/root/.m2/repository/org/apache/ratis/ratis-server/0.4.0-fe2b15d-SNAPSHOT/ratis-server-0.4.0-fe2b15d-SNAPSHOT.jar:/root/.m2/repository/org/apache/ratis/ratis-thirdparty-misc/0.2.0/ratis-thirdparty-misc-0.2.0.jar:/root/.m2/repository/org/apache/ratis/ratis-proto/0.4.0-fe2b15d-SNAPSHOT/ratis-proto-0.4.0-fe2b15d-SNAPSHOT.jar:/root/.m2/repository/org/apache/ratis/ratis-common/0.4.0-fe2b15d-SNAPSHOT/ratis-common-0.4.0-fe2b15d-SNAPSHOT.jar:/root/.m2/repository/org/apache/ratis/ratis-client/0.4.0-fe2b15d-SNAPSHOT/ratis-client-0.4.0-fe2b15d-SNAPSHOT.jar:/root/.m2/repository/org/apache/ratis/ratis-netty/0.4.0-fe2b15d-SNAPSHOT/ratis-netty-0.4.0-fe2b15d-SNAPSHOT.jar:/root/.m2/repository/org/apache/ratis/ratis-grpc/0.4.0-fe2b15d-SNAPSHOT/ratis-grpc-0.4.0-fe2b15d-SNAPSHOT.jar:/root/.m2/repository/org/rocksdb/rocksdbjni/5.14.2/rocksdbjni-5.14.2.jar:/root/.m2/repository/org/apache/logging/log4j/log4j-api/2.11.0/log4j-api-2.11.0.jar:/root/.m2/repository/org/apache/logging/log4j/log4j-core/2.11.0/log4j-core-2.11.0.jar:/root/.m2/repository/com/lmax/disruptor/3.4.2/disruptor-3.4.2.jar:/root/.m2/repository/org/apache/commons/commons-pool2/2.6.0/commons-pool2-2.6.0.jar:/root/.m2/repository/org/bouncycastle/bcpkix-jdk15on/1.60/bcpkix-jdk15on-1.60.jar:/root/.m2/repository/commons-validator/commons-validator/1.6/commons-validator-1.6.jar:/root/.m2/repository/commons-digester/commons-digester/1.8.1/commons-digester-1.8.1.jar:/root/.m2/repository/io/jaegertracing/jaeger-client/0.33.1/jaeger-client-0.33.1.jar:/root/.m2/repository/io/jaegertracing/jaeger-thrift/0.33.1/jaeger-thrift-0.33.1.jar:/root/.m2/repository/org/apache/thrift/libthrift/0.11.0/libthrift-0.11.0.jar:/root/.m2/repository/com/squareup/okhttp3/okhttp/3.9.0/okhttp-3.9.0.jar:/root/.m2/repository/com/squareup/okio/okio/1.13.0/okio-1.13.0.jar:/root/.m2/repository/io/jaegertracing/jaeger-core/0.33.1/jaeger-core-0.33.1.jar:/root/.m2/repository/io/jaegertracing/jaeger-tracerresolver/0.33.1/jaeger-tracerresolver-0.33.1.jar:/root/.m2/repository/io/opentracing/contrib/opentracing-tracerresolver/0.1.5/opentracing-tracerresolver-0.1.5.jar:/root/.m2/repository/io/opentracing/opentracing-util/0.31.0/opentracing-util-0.31.0.jar:/root/.m2/repository/io/opentracing/opentracing-api/0.31.0/opentracing-api-0.31.0.jar:/root/.m2/repository/io/opentracing/opentracing-noop/0.31.0/opentracing-noop-0.31.0.jar:/root/.m2/repository/org/apache/hadoop/hadoop-hdds-server-framework/0.5.0-SNAPSHOT/hadoop-hdds-server-framework-0.5.0-SNAPSHOT.jar:/root/.m2/repository/org/apache/hadoop/hadoop-hdds-server-scm/0.5.0-SNAPSHOT/hadoop-hdds-server-scm-0.5.0-SNAPSHOT.jar:/root/.m2/repository/org/apache/hadoop/hadoop-hdds-container-service/0.5.0-SNAPSHOT/hadoop-hdds-container-service-0.5.0-SNAPSHOT.jar:/root/.m2/repository/org/apache/hadoop/hadoop-hdds-client/0.5.0-SNAPSHOT/hadoop-hdds-client-0.5.0-SNAPSHOT.jar:/root/.m2/repository/org/apache/hadoop/hadoop-hdds-tools/0.5.0-SNAPSHOT/hadoop-hdds-tools-0.5.0-SNAPSHOT.jar:/root/.m2/repository/org/apache/hadoop/hadoop-ozone-ozone-manager/0.5.0-SNAPSHOT/hadoop-ozone-ozone-manager-0.5.0-SNAPSHOT.jar:/root/.m2/repository/org/apache/hadoop/hadoop-hdds-docs/0.5.0-SNAPSHOT/hadoop-hdds-docs-0.5.0-SNAPSHOT.jar:/root/.m2/repository/org/bouncycastle/bcprov-jdk15on/1.60/bcprov-jdk15on-1.60.jar:/root/.m2/repository/org/apache/hadoop/hadoop-minikdc/3.2.0/hadoop-minikdc-3.2.0.jar:/root/.m2/repository/commons-io/commons-io/2.5/commons-io-2.5.jar:/root/.m2/repository/org/apache/kerby/kerb-simplekdc/1.0.1/kerb-simplekdc-1.0.1.jar:/root/.m2/repository/org/apache/kerby/kerb-client/1.0.1/kerb-client-1.0.1.jar:/root/.m2/repository/org/apache/kerby/kerby-config/1.0.1/kerby-config-1.0.1.jar:/root/.m2/repository/org/apache/kerby/kerb-core/1.0.1/kerb-core-1.0.1.jar:/root/.m2/repository/org/apache/kerby/kerby-pkix/1.0.1/kerby-pkix-1.0.1.jar:/root/.m2/repository/org/apache/kerby/kerby-asn1/1.0.1/kerby-asn1-1.0.1.jar:/root/.m2/repository/org/apache/kerby/kerby-util/1.0.1/kerby-util-1.0.1.jar:/root/.m2/repository/org/apache/kerby/kerb-common/1.0.1/kerb-common-1.0.1.jar:/root/.m2/repository/org/apache/kerby/kerb-crypto/1.0.1/kerb-crypto-1.0.1.jar:/root/.m2/repository/org/apache/kerby/kerb-util/1.0.1/kerb-util-1.0.1.jar:/root/.m2/repository/org/apache/kerby/token-provider/1.0.1/token-provider-1.0.1.jar:/root/.m2/repository/org/apache/kerby/kerb-admin/1.0.1/kerb-admin-1.0.1.jar:/root/.m2/repository/org/apache/kerby/kerb-server/1.0.1/kerb-server-1.0.1.jar:/root/.m2/repository/org/apache/kerby/kerb-identity/1.0.1/kerb-identity-1.0.1.jar:/root/.m2/repository/org/apache/kerby/kerby-xdr/1.0.1/kerby-xdr-1.0.1.jar:/root/.m2/repository/org/slf4j/slf4j-log4j12/1.7.25/slf4j-log4j12-1.7.25.jar:/root/.m2/repository/org/apache/hadoop/hadoop-ozone-objectstore-service/0.5.0-SNAPSHOT/hadoop-ozone-objectstore-service-0.5.0-SNAPSHOT.jar:/root/.m2/repository/org/apache/hadoop/hadoop-ozone-s3gateway/0.5.0-SNAPSHOT/hadoop-ozone-s3gateway-0.5.0-SNAPSHOT.jar:/root/.m2/repository/org/jboss/weld/servlet/weld-servlet/2.4.7.Final/weld-servlet-2.4.7.Final.jar:/root/.m2/repository/org/glassfish/jersey/containers/jersey-container-servlet-core/2.27/jersey-container-servlet-core-2.27.jar:/root/.m2/repository/org/glassfish/hk2/external/javax.inject/2.5.0-b42/javax.inject-2.5.0-b42.jar:/root/.m2/repository/org/glassfish/jersey/core/jersey-common/2.27/jersey-common-2.27.jar:/root/.m2/repository/org/glassfish/hk2/osgi-resource-locator/1.0.1/osgi-resource-locator-1.0.1.jar:/root/.m2/repository/javax/ws/rs/javax.ws.rs-api/2.1/javax.ws.rs-api-2.1.jar:/root/.m2/repository/org/glassfish/jersey/ext/cdi/jersey-cdi1x/2.27/jersey-cdi1x-2.27.jar:/root/.m2/repository/org/glassfish/jersey/inject/jersey-hk2/2.27/jersey-hk2-2.27.jar:/root/.m2/repository/org/glassfish/hk2/hk2-locator/2.5.0-b42/hk2-locator-2.5.0-b42.jar:/root/.m2/repository/org/javassist/javassist/3.22.0-CR2/javassist-3.22.0-CR2.jar:/root/.m2/repository/org/glassfish/hk2/hk2-api/2.5.0/hk2-api-2.5.0.jar:/root/.m2/repository/org/glassfish/hk2/external/jakarta.inject/2.5.0/jakarta.inject-2.5.0.jar:/root/.m2/repository/org/glassfish/hk2/hk2-utils/2.5.0/hk2-utils-2.5.0.jar:/root/.m2/repository/jakarta/annotation/jakarta.annotation-api/1.3.4/jakarta.annotation-api-1.3.4.jar:/root/.m2/repository/org/glassfish/hk2/external/aopalliance-repackaged/2.5.0/aopalliance-repackaged-2.5.0.jar:/root/.m2/repository/com/fasterxml/jackson/dataformat/jackson-dataformat-xml/2.9.0/jackson-dataformat-xml-2.9.0.jar:/root/.m2/repository/com/fasterxml/jackson/core/jackson-core/2.9.5/jackson-core-2.9.5.jar:/root/.m2/repository/com/fasterxml/jackson/module/jackson-module-jaxb-annotations/2.9.5/jackson-module-jaxb-annotations-2.9.5.jar:/root/.m2/repository/javax/enterprise/cdi-api/1.2/cdi-api-1.2.jar:/root/.m2/repository/javax/el/javax.el-api/3.0.0/javax.el-api-3.0.0.jar:/root/.m2/repository/javax/interceptor/javax.interceptor-api/1.2/javax.interceptor-api-1.2.jar:/root/.m2/repository/javax/inject/javax.inject/1/javax.inject-1.jar:/root/.m2/repository/com/sun/xml/bind/jaxb-impl/2.3.0.1/jaxb-impl-2.3.0.1.jar:/root/.m2/repository/com/sun/xml/bind/jaxb-core/2.3.0.1/jaxb-core-2.3.0.1.jar:/root/.m2/repository/javax/xml/bind/jaxb-api/2.3.0/jaxb-api-2.3.0.jar:/root/.m2/repository/javax/activation/activation/1.1.1/activation-1.1.1.jar:/root/.m2/repository/org/apache/hadoop/hadoop-ozone-csi/0.5.0-SNAPSHOT/hadoop-ozone-csi-0.5.0-SNAPSHOT.jar:/root/.m2/repository/com/google/protobuf/protobuf-java-util/3.5.1/protobuf-java-util-3.5.1.jar:/root/.m2/repository/org/apache/hadoop/hadoop-hdds-config/0.5.0-SNAPSHOT/hadoop-hdds-config-0.5.0-SNAPSHOT.jar:/root/.m2/repository/com/google/guava/guava/11.0.2/guava-11.0.2.jar:/root/.m2/repository/com/google/protobuf/protobuf-java/2.5.0/protobuf-java-2.5.0.jar:/root/.m2/repository/io/grpc/grpc-netty/1.17.1/grpc-netty-1.17.1.jar:/root/.m2/repository/io/grpc/grpc-core/1.17.1/grpc-core-1.17.1.jar:/root/.m2/repository/io/grpc/grpc-context/1.17.1/grpc-context-1.17.1.jar:/root/.m2/repository/com/google/errorprone/error_prone_annotations/2.2.0/error_prone_annotations-2.2.0.jar:/root/.m2/repository/org/codehaus/mojo/animal-sniffer-annotations/1.17/animal-sniffer-annotations-1.17.jar:/root/.m2/repository/io/opencensus/opencensus-api/0.17.0/opencensus-api-0.17.0.jar:/root/.m2/repository/io/opencensus/opencensus-contrib-grpc-metrics/0.17.0/opencensus-contrib-grpc-metrics-0.17.0.jar:/root/.m2/repository/io/netty/netty-codec-http2/4.1.30.Final/netty-codec-http2-4.1.30.Final.jar:/root/.m2/repository/io/netty/netty-codec-http/4.1.30.Final/netty-codec-http-4.1.30.Final.jar:/root/.m2/repository/io/netty/netty-codec/4.1.30.Final/netty-codec-4.1.30.Final.jar:/root/.m2/repository/io/netty/netty-handler/4.1.30.Final/netty-handler-4.1.30.Final.jar:/root/.m2/repository/io/netty/netty-handler-proxy/4.1.30.Final/netty-handler-proxy-4.1.30.Final.jar:/root/.m2/repository/io/netty/netty-codec-socks/4.1.30.Final/netty-codec-socks-4.1.30.Final.jar:/root/.m2/repository/io/netty/netty-transport-native-epoll/4.1.30.Final/netty-transport-native-epoll-4.1.30.Final.jar:/root/.m2/repository/io/netty/netty-common/4.1.30.Final/netty-common-4.1.30.Final.jar:/root/.m2/repository/io/netty/netty-buffer/4.1.30.Final/netty-buffer-4.1.30.Final.jar:/root/.m2/repository/io/netty/netty-transport/4.1.30.Final/netty-transport-4.1.30.Final.jar:/root/.m2/repository/io/netty/netty-resolver/4.1.30.Final/netty-resolver-4.1.30.Final.jar:/root/.m2/repository/io/netty/netty-transport-native-unix-common/4.1.30.Final/netty-transport-native-unix-common-4.1.30.Final.jar:/root/.m2/repository/io/grpc/grpc-protobuf/1.17.1/grpc-protobuf-1.17.1.jar:/root/.m2/repository/com/google/api/grpc/proto-google-common-protos/1.0.0/proto-google-common-protos-1.0.0.jar:/root/.m2/repository/io/grpc/grpc-protobuf-lite/1.17.1/grpc-protobuf-lite-1.17.1.jar:/root/.m2/repository/io/grpc/grpc-stub/1.17.1/grpc-stub-1.17.1.jar:/root/.m2/repository/org/apache/hadoop/hadoop-ozone-recon/0.5.0-SNAPSHOT/hadoop-ozone-recon-0.5.0-SNAPSHOT.jar:/root/.m2/repository/org/apache/hadoop/hadoop-ozone-reconcodegen/0.5.0-SNAPSHOT/hadoop-ozone-reconcodegen-0.5.0-SNAPSHOT.jar:/root/.m2/repository/com/google/inject/extensions/guice-multibindings/4.0/guice-multibindings-4.0.jar:/root/.m2/repository/com/google/inject/guice/4.0/guice-4.0.jar:/root/.m2/repository/aopalliance/aopalliance/1.0/aopalliance-1.0.jar:/root/.m2/repository/com/google/inject/extensions/guice-servlet/4.0/guice-servlet-4.0.jar:/root/.m2/repository/org/glassfish/jersey/containers/jersey-container-servlet/2.27/jersey-container-servlet-2.27.jar:/root/.m2/repository/org/glassfish/hk2/guice-bridge/2.5.0/guice-bridge-2.5.0.jar:/root/.m2/repository/org/glassfish/jersey/core/jersey-server/2.27/jersey-server-2.27.jar:/root/.m2/repository/org/glassfish/jersey/core/jersey-client/2.27/jersey-client-2.27.jar:/root/.m2/repository/org/glassfish/jersey/media/jersey-media-jaxb/2.27/jersey-media-jaxb-2.27.jar:/root/.m2/repository/javax/validation/validation-api/1.1.0.Final/validation-api-1.1.0.Final.jar:/root/.m2/repository/org/glassfish/jersey/media/jersey-media-json-jackson/2.27/jersey-media-json-jackson-2.27.jar:/root/.m2/repository/org/glassfish/jersey/ext/jersey-entity-filtering/2.27/jersey-entity-filtering-2.27.jar:/root/.m2/repository/com/google/inject/extensions/guice-assistedinject/4.0/guice-assistedinject-4.0.jar:/root/.m2/repository/org/jooq/jooq/3.11.10/jooq-3.11.10.jar:/root/.m2/repository/org/jooq/jooq-meta/3.11.10/jooq-meta-3.11.10.jar:/root/.m2/repository/org/jooq/jooq-codegen/3.11.10/jooq-codegen-3.11.10.jar:/root/.m2/repository/com/jolbox/bonecp/0.8.0.RELEASE/bonecp-0.8.0.RELEASE.jar:/root/.m2/repository/org/xerial/sqlite-jdbc/3.25.2/sqlite-jdbc-3.25.2.jar:/root/.m2/repository/org/springframework/spring-jdbc/5.1.3.RELEASE/spring-jdbc-5.1.3.RELEASE.jar:/root/.m2/repository/org/springframework/spring-beans/5.1.3.RELEASE/spring-beans-5.1.3.RELEASE.jar:/root/.m2/repository/org/springframework/spring-core/5.1.3.RELEASE/spring-core-5.1.3.RELEASE.jar:/root/.m2/repository/org/springframework/spring-jcl/5.1.3.RELEASE/spring-jcl-5.1.3.RELEASE.jar:/root/.m2/repository/org/springframework/spring-tx/5.1.3.RELEASE/spring-tx-5.1.3.RELEASE.jar:/root/.m2/repository/org/apache/hadoop/hadoop-ozone-client/0.5.0-SNAPSHOT/hadoop-ozone-client-0.5.0-SNAPSHOT.jar:/root/.m2/repository/org/apache/hadoop/hadoop-ozone-ozone-manager/0.5.0-SNAPSHOT/hadoop-ozone-ozone-manager-0.5.0-SNAPSHOT-tests.jar:/root/.m2/repository/junit/junit/4.11/junit-4.11.jar:/root/.m2/repository/org/hamcrest/hamcrest-core/1.3/hamcrest-core-1.3.jar:/root/.m2/repository/org/openjdk/jmh/jmh-core/1.19/jmh-core-1.19.jar:/root/.m2/repository/net/sf/jopt-simple/jopt-simple/4.6/jopt-simple-4.6.jar:/root/.m2/repository/org/apache/commons/commons-math3/3.1.1/commons-math3-3.1.1.jar:/root/.m2/repository/org/openjdk/jmh/jmh-generator-annprocess/1.19/jmh-generator-annprocess-1.19.jar:/root/.m2/repository/org/mockito/mockito-all/1.8.5/mockito-all-1.8.5.jar:/root/.m2/repository/org/apache/hadoop/hadoop-kms/3.2.0/hadoop-kms-3.2.0.jar:/root/.m2/repository/org/apache/hadoop/hadoop-auth/3.2.0/hadoop-auth-3.2.0.jar:/root/.m2/repository/com/nimbusds/nimbus-jose-jwt/4.41.1/nimbus-jose-jwt-4.41.1.jar:/root/.m2/repository/com/github/stephenc/jcip/jcip-annotations/1.0-1/jcip-annotations-1.0-1.jar:/root/.m2/repository/net/minidev/json-smart/2.3/json-smart-2.3.jar:/root/.m2/repository/net/minidev/accessors-smart/1.2/accessors-smart-1.2.jar:/root/.m2/repository/org/ow2/asm/asm/5.0.4/asm-5.0.4.jar:/root/.m2/repository/org/apache/curator/curator-framework/2.12.0/curator-framework-2.12.0.jar:/root/.m2/repository/com/sun/jersey/jersey-core/1.19/jersey-core-1.19.jar:/root/.m2/repository/javax/ws/rs/jsr311-api/1.1.1/jsr311-api-1.1.1.jar:/root/.m2/repository/com/sun/jersey/jersey-server/1.19/jersey-server-1.19.jar:/root/.m2/repository/javax/servlet/javax.servlet-api/3.1.0/javax.servlet-api-3.1.0.jar:/root/.m2/repository/org/eclipse/jetty/jetty-server/9.3.24.v20180605/jetty-server-9.3.24.v20180605.jar:/root/.m2/repository/org/eclipse/jetty/jetty-http/9.3.24.v20180605/jetty-http-9.3.24.v20180605.jar:/root/.m2/repository/org/eclipse/jetty/jetty-io/9.3.24.v20180605/jetty-io-9.3.24.v20180605.jar:/root/.m2/repository/org/eclipse/jetty/jetty-webapp/9.3.24.v20180605/jetty-webapp-9.3.24.v20180605.jar:/root/.m2/repository/org/eclipse/jetty/jetty-xml/9.3.24.v20180605/jetty-xml-9.3.24.v20180605.jar:/root/.m2/repository/log4j/log4j/1.2.17/log4j-1.2.17.jar:/root/.m2/repository/org/slf4j/slf4j-api/1.7.25/slf4j-api-1.7.25.jar:/root/.m2/repository/org/slf4j/jul-to-slf4j/1.7.25/jul-to-slf4j-1.7.25.jar:/root/.m2/repository/org/eclipse/jetty/jetty-util/9.3.24.v20180605/jetty-util-9.3.24.v20180605.jar:/root/.m2/repository/io/dropwizard/metrics/metrics-core/3.2.4/metrics-core-3.2.4.jar:/root/.m2/repository/com/fasterxml/jackson/core/jackson-databind/2.9.5/jackson-databind-2.9.5.jar:/root/.m2/repository/org/apache/hadoop/hadoop-kms/3.2.0/hadoop-kms-3.2.0-tests.jar:/root/.m2/repository/org/apache/hadoop/hadoop-hdds-server-scm/0.5.0-SNAPSHOT/hadoop-hdds-server-scm-0.5.0-SNAPSHOT-tests.jar:/root/.m2/repository/org/hamcrest/hamcrest-all/1.3/hamcrest-all-1.3.jar:/root/.m2/repository/info/picocli/picocli/3.9.6/picocli-3.9.6.jar:/root/.m2/repository/org/apache/hadoop/hadoop-hdds-container-service/0.5.0-SNAPSHOT/hadoop-hdds-container-service-0.5.0-SNAPSHOT-tests.jar:/root/.m2/repository/org/yaml/snakeyaml/1.16/snakeyaml-1.16.jar:/root/.m2/repository/org/apache/hadoop/hadoop-common/3.2.0/hadoop-common-3.2.0-tests.jar:/root/.m2/repository/org/apache/hadoop/hadoop-annotations/3.2.0/hadoop-annotations-3.2.0.jar:/usr/lib/jvm/java-1.8-openjdk/jre/../lib/tools.jar:/root/.m2/repository/commons-cli/commons-cli/1.2/commons-cli-1.2.jar:/root/.m2/repository/org/apache/httpcomponents/httpclient/4.5.2/httpclient-4.5.2.jar:/root/.m2/repository/org/apache/httpcomponents/httpcore/4.4.4/httpcore-4.4.4.jar:/root/.m2/repository/commons-codec/commons-codec/1.11/commons-codec-1.11.jar:/root/.m2/repository/commons-net/commons-net/3.6/commons-net-3.6.jar:/root/.m2/repository/commons-collections/commons-collections/3.2.2/commons-collections-3.2.2.jar:/root/.m2/repository/org/eclipse/jetty/jetty-servlet/9.3.24.v20180605/jetty-servlet-9.3.24.v20180605.jar:/root/.m2/repository/org/eclipse/jetty/jetty-security/9.3.24.v20180605/jetty-security-9.3.24.v20180605.jar:/root/.m2/repository/javax/servlet/jsp/jsp-api/2.1/jsp-api-2.1.jar:/root/.m2/repository/com/sun/jersey/jersey-servlet/1.19/jersey-servlet-1.19.jar:/root/.m2/repository/com/sun/jersey/jersey-json/1.19/jersey-json-1.19.jar:/root/.m2/repository/org/codehaus/jettison/jettison/1.1/jettison-1.1.jar:/root/.m2/repository/org/codehaus/jackson/jackson-core-asl/1.9.13/jackson-core-asl-1.9.13.jar:/root/.m2/repository/org/codehaus/jackson/jackson-mapper-asl/1.9.13/jackson-mapper-asl-1.9.13.jar:/root/.m2/repository/org/codehaus/jackson/jackson-jaxrs/1.9.13/jackson-jaxrs-1.9.13.jar:/root/.m2/repository/org/codehaus/jackson/jackson-xc/1.9.13/jackson-xc-1.9.13.jar:/root/.m2/repository/commons-logging/commons-logging/1.1.3/commons-logging-1.1.3.jar:/root/.m2/repository/commons-beanutils/commons-beanutils/1.9.3/commons-beanutils-1.9.3.jar:/root/.m2/repository/org/apache/commons/commons-configuration2/2.1.1/commons-configuration2-2.1.1.jar:/root/.m2/repository/org/apache/commons/commons-lang3/3.7/commons-lang3-3.7.jar:/root/.m2/repository/org/apache/commons/commons-text/1.4/commons-text-1.4.jar:/root/.m2/repository/org/apache/avro/avro/1.7.7/avro-1.7.7.jar:/root/.m2/repository/com/thoughtworks/paranamer/paranamer/2.3/paranamer-2.3.jar:/root/.m2/repository/org/xerial/snappy/snappy-java/1.0.5/snappy-java-1.0.5.jar:/root/.m2/repository/com/google/re2j/re2j/1.1/re2j-1.1.jar:/root/.m2/repository/com/google/code/gson/gson/2.2.4/gson-2.2.4.jar:/root/.m2/repository/com/jcraft/jsch/0.1.54/jsch-0.1.54.jar:/root/.m2/repository/org/apache/curator/curator-client/2.12.0/curator-client-2.12.0.jar:/root/.m2/repository/org/apache/curator/curator-recipes/2.12.0/curator-recipes-2.12.0.jar:/root/.m2/repository/com/google/code/findbugs/jsr305/3.0.0/jsr305-3.0.0.jar:/root/.m2/repository/org/apache/htrace/htrace-core4/4.1.0-incubating/htrace-core4-4.1.0-incubating.jar:/root/.m2/repository/org/apache/zookeeper/zookeeper/3.4.13/zookeeper-3.4.13.jar:/root/.m2/repository/org/apache/yetus/audience-annotations/0.5.0/audience-annotations-0.5.0.jar:/root/.m2/repository/org/codehaus/woodstox/stax2-api/3.1.4/stax2-api-3.1.4.jar:/root/.m2/repository/com/fasterxml/woodstox/woodstox-core/5.0.3/woodstox-core-5.0.3.jar:/root/.m2/repository/dnsjava/dnsjava/2.1.7/dnsjava-2.1.7.jar:/root/.m2/repository/org/apache/hadoop/hadoop-hdfs/3.2.0/hadoop-hdfs-3.2.0-tests.jar:/root/.m2/repository/org/eclipse/jetty/jetty-util-ajax/9.3.24.v20180605/jetty-util-ajax-9.3.24.v20180605.jar:/root/.m2/repository/commons-daemon/commons-daemon/1.0.13/commons-daemon-1.0.13.jar:/root/.m2/repository/io/netty/netty/3.10.5.Final/netty-3.10.5.Final.jar:/root/.m2/repository/io/netty/netty-all/4.0.52.Final/netty-all-4.0.52.Final.jar:/root/.m2/repository/org/fusesource/leveldbjni/leveldbjni-all/1.8/leveldbjni-all-1.8.jar:"/>
    <property name="sun.cpu.endian" value="little"/>
    <property name="user.home" value="/root"/>
    <property name="user.language" value="en"/>
    <property name="java.specification.vendor" value="Oracle Corporation"/>
    <property name="java.home" value="/usr/lib/jvm/java-1.8-openjdk/jre"/>
    <property name="java.security.krb5.conf" value="/opt/src/hadoop-ozone/integration-test/target/test-classes/krb5.conf"/>
    <property name="basedir" value="/opt/src/hadoop-ozone/integration-test"/>
    <property name="file.separator" value="/"/>
    <property name="line.separator" value="&#10;"/>
    <property name="java.vm.specification.vendor" value="Oracle Corporation"/>
    <property name="java.specification.name" value="Java Platform API Specification"/>
    <property name="java.awt.graphicsenv" value="sun.awt.X11GraphicsEnvironment"/>
    <property name="surefire.real.class.path" value="/opt/src/hadoop-ozone/integration-test/target/surefire/surefirebooter1356832413183102697.jar"/>
    <property name="hadoop.log.dir" value="/opt/src/hadoop-ozone/integration-test/target/log"/>
    <property name="sun.boot.class.path" value="/usr/lib/jvm/java-1.8-openjdk/jre/lib/resources.jar:/usr/lib/jvm/java-1.8-openjdk/jre/lib/rt.jar:/usr/lib/jvm/java-1.8-openjdk/jre/lib/sunrsasign.jar:/usr/lib/jvm/java-1.8-openjdk/jre/lib/jsse.jar:/usr/lib/jvm/java-1.8-openjdk/jre/lib/jce.jar:/usr/lib/jvm/java-1.8-openjdk/jre/lib/charsets.jar:/usr/lib/jvm/java-1.8-openjdk/jre/lib/jfr.jar:/usr/lib/jvm/java-1.8-openjdk/jre/classes"/>
    <property name="sun.management.compiler" value="HotSpot 64-Bit Tiered Compilers"/>
    <property name="java.runtime.version" value="1.8.0_212-b04"/>
    <property name="java.net.preferIPv4Stack" value="true"/>
    <property name="user.name" value="root"/>
    <property name="path.separator" value=":"/>
    <property name="java.security.egd" value="file:///dev/urandom"/>
    <property name="os.version" value="4.15.0-1021-aws"/>
    <property name="java.endorsed.dirs" value="/usr/lib/jvm/java-1.8-openjdk/jre/lib/endorsed"/>
    <property name="java.runtime.name" value="OpenJDK Runtime Environment"/>
    <property name="file.encoding" value="UTF-8"/>
    <property name="java.vm.name" value="OpenJDK 64-Bit Server VM"/>
    <property name="test.build.webapps" value=""/>
    <property name="localRepository" value="/root/.m2/repository"/>
    <property name="java.vendor.url.bug" value="https://icedtea.classpath.org/bugzilla"/>
    <property name="java.io.tmpdir" value="/tmp"/>
    <property name="require.test.libhadoop" value=""/>
    <property name="java.version" value="1.8.0_212"/>
    <property name="user.dir" value="/opt/src/hadoop-ozone/integration-test"/>
    <property name="os.arch" value="amd64"/>
    <property name="java.vm.specification.name" value="Java Virtual Machine Specification"/>
    <property name="test.build.classes" value="/opt/src/hadoop-ozone/integration-test/target/test-classes"/>
    <property name="java.awt.printerjob" value="sun.print.PSPrinterJob"/>
    <property name="sun.os.patch.level" value="unknown"/>
    <property name="hadoop.tmp.dir" value="/opt/src/hadoop-ozone/integration-test/target/tmp"/>
    <property name="java.library.path" value="/usr/lib/jvm/java-1.8-openjdk/jre/lib/amd64/server:/usr/lib/jvm/java-1.8-openjdk/jre/lib/amd64:/usr/lib/jvm/java-1.8-openjdk/jre/../lib/amd64:/opt/src/hadoop-ozone/integration-test/target/native/target/usr/local/lib:/opt/src/hadoop-ozone/integration-test/../../hadoop-common-project/hadoop-common/target/native/target/usr/local/lib:/usr/java/packages/lib/amd64:/usr/lib64:/lib64:/lib:/usr/lib"/>
    <property name="java.vm.info" value="mixed mode"/>
    <property name="java.vendor" value="IcedTea"/>
    <property name="java.vm.version" value="25.212-b04"/>
    <property name="java.ext.dirs" value="/usr/lib/jvm/java-1.8-openjdk/jre/lib/ext:/usr/java/packages/lib/ext"/>
    <property name="sun.io.unicode.encoding" value="UnicodeLittle"/>
    <property name="java.class.version" value="52.0"/>
  </properties>
  <testcase name="testPipelineExclusionWithPipelineFailure" classname="org.apache.hadoop.ozone.client.rpc.TestFailureHandlingByClient" time="18.612"/>
  <testcase name="testContainerExclusionWithClosedContainerException" classname="org.apache.hadoop.ozone.client.rpc.TestFailureHandlingByClient" time="13.282"/>
  <testcase name="testWriteSmallFile" classname="org.apache.hadoop.ozone.client.rpc.TestFailureHandlingByClient" time="12.92"/>
  <testcase name="testMultiBlockWritesWithIntermittentDnFailures" classname="org.apache.hadoop.ozone.client.rpc.TestFailureHandlingByClient" time="67.877"/>
  <testcase name="testBlockWritesWithDnFailures" classname="org.apache.hadoop.ozone.client.rpc.TestFailureHandlingByClient" time="29.803"/>
  <testcase name="testDatanodeExclusionWithMajorityCommit" classname="org.apache.hadoop.ozone.client.rpc.TestFailureHandlingByClient" time="12.279">
    <failure type="java.lang.AssertionError">java.lang.AssertionError
	at org.junit.Assert.fail(Assert.java:86)
	at org.junit.Assert.assertTrue(Assert.java:41)
	at org.junit.Assert.assertTrue(Assert.java:52)
	at org.apache.hadoop.ozone.client.rpc.TestFailureHandlingByClient.testDatanodeExclusionWithMajorityCommit(TestFailureHandlingByClient.java:400)
	at sun.reflect.NativeMethodAccessorImpl.invoke0(Native Method)
	at sun.reflect.NativeMethodAccessorImpl.invoke(NativeMethodAccessorImpl.java:62)
	at sun.reflect.DelegatingMethodAccessorImpl.invoke(DelegatingMethodAccessorImpl.java:43)
	at java.lang.reflect.Method.invoke(Method.java:498)
	at org.junit.runners.model.FrameworkMethod$1.runReflectiveCall(FrameworkMethod.java:47)
	at org.junit.internal.runners.model.ReflectiveCallable.run(ReflectiveCallable.java:12)
	at org.junit.runners.model.FrameworkMethod.invokeExplosively(FrameworkMethod.java:44)
	at org.junit.internal.runners.statements.InvokeMethod.evaluate(InvokeMethod.java:17)
	at org.junit.runners.ParentRunner.runLeaf(ParentRunner.java:271)
	at org.junit.runners.BlockJUnit4ClassRunner.runChild(BlockJUnit4ClassRunner.java:70)
	at org.junit.runners.BlockJUnit4ClassRunner.runChild(BlockJUnit4ClassRunner.java:50)
	at org.junit.runners.ParentRunner$3.run(ParentRunner.java:238)
	at org.junit.runners.ParentRunner$1.schedule(ParentRunner.java:63)
	at org.junit.runners.ParentRunner.runChildren(ParentRunner.java:236)
	at org.junit.runners.ParentRunner.access$000(ParentRunner.java:53)
	at org.junit.runners.ParentRunner$2.evaluate(ParentRunner.java:229)
	at org.junit.runners.ParentRunner.run(ParentRunner.java:309)
	at org.apache.maven.surefire.junit4.JUnit4Provider.execute(JUnit4Provider.java:365)
	at org.apache.maven.surefire.junit4.JUnit4Provider.executeWithRerun(JUnit4Provider.java:273)
	at org.apache.maven.surefire.junit4.JUnit4Provider.executeTestSet(JUnit4Provider.java:238)
	at org.apache.maven.surefire.junit4.JUnit4Provider.invoke(JUnit4Provider.java:159)
	at org.apache.maven.surefire.booter.ForkedBooter.invokeProviderInSameClassLoader(ForkedBooter.java:384)
	at org.apache.maven.surefire.booter.ForkedBooter.runSuitesInProcess(ForkedBooter.java:345)
	at org.apache.maven.surefire.booter.ForkedBooter.execute(ForkedBooter.java:126)
	at org.apache.maven.surefire.booter.ForkedBooter.main(ForkedBooter.java:418)
</failure>
    <system-out><![CDATA[2019-06-14 02:55:14,014 WARN  server.ServerUtils (ServerUtils.java:getScmDbDir(145)) - ozone.scm.db.dirs is not configured. We recommend adding this setting. Falling back to ozone.metadata.dirs instead.
2019-06-14 02:55:14,018 WARN  server.ServerUtils (ServerUtils.java:getScmDbDir(145)) - ozone.scm.db.dirs is not configured. We recommend adding this setting. Falling back to ozone.metadata.dirs instead.
2019-06-14 02:55:14,018 WARN  server.ServerUtils (ServerUtils.java:getScmDbDir(145)) - ozone.scm.db.dirs is not configured. We recommend adding this setting. Falling back to ozone.metadata.dirs instead.
2019-06-14 02:55:14,018 INFO  db.DBStoreBuilder (DBStoreBuilder.java:addTable(110)) - using custom profile for table: deletedBlocks
2019-06-14 02:55:14,019 INFO  db.DBStoreBuilder (DBStoreBuilder.java:processTables(161)) - Using default column profile:DBProfile.DISK for Table:deletedBlocks
2019-06-14 02:55:14,019 INFO  db.DBStoreBuilder (DBStoreBuilder.java:addTable(110)) - using custom profile for table: validCerts
2019-06-14 02:55:14,019 INFO  db.DBStoreBuilder (DBStoreBuilder.java:processTables(161)) - Using default column profile:DBProfile.DISK for Table:validCerts
2019-06-14 02:55:14,019 INFO  db.DBStoreBuilder (DBStoreBuilder.java:addTable(110)) - using custom profile for table: revokedCerts
2019-06-14 02:55:14,019 INFO  db.DBStoreBuilder (DBStoreBuilder.java:processTables(161)) - Using default column profile:DBProfile.DISK for Table:revokedCerts
2019-06-14 02:55:14,020 INFO  db.DBStoreBuilder (DBStoreBuilder.java:addTable(110)) - using custom profile for table: default
2019-06-14 02:55:14,020 INFO  db.DBStoreBuilder (DBStoreBuilder.java:processTables(167)) - Using default column profile:DBProfile.DISK for Table:default
2019-06-14 02:55:14,020 INFO  db.DBStoreBuilder (DBStoreBuilder.java:getDbProfile(198)) - Using default options. DBProfile.DISK
2019-06-14 02:55:14,069 INFO  node.SCMNodeManager (SCMNodeManager.java:<init>(108)) - Entering startup safe mode.
2019-06-14 02:55:14,070 INFO  net.NodeSchemaLoader (NodeSchemaLoader.java:loadSchemaFromFile(125)) - Loading file from sun.misc.CompoundEnumeration@40e90634
2019-06-14 02:55:14,071 INFO  net.NodeSchemaLoader (NodeSchemaLoader.java:loadSchema(171)) - Loading network topology layer schema file
2019-06-14 02:55:14,074 WARN  server.ServerUtils (ServerUtils.java:getScmDbDir(145)) - ozone.scm.db.dirs is not configured. We recommend adding this setting. Falling back to ozone.metadata.dirs instead.
2019-06-14 02:55:14,096 INFO  pipeline.SCMPipelineManager (SCMPipelineManager.java:initializePipelineState(126)) - No pipeline exists in current db
2019-06-14 02:55:14,096 WARN  server.ServerUtils (ServerUtils.java:getScmDbDir(145)) - ozone.scm.db.dirs is not configured. We recommend adding this setting. Falling back to ozone.metadata.dirs instead.
2019-06-14 02:55:14,117 WARN  events.EventQueue (EventQueue.java:fireEvent(175)) - No event handler registered for event TypedEvent{payloadType=SafeModeStatus, name='SafeModeStatus'}
2019-06-14 02:55:14,118 INFO  ipc.CallQueueManager (CallQueueManager.java:<init>(84)) - Using callQueue: class java.util.concurrent.LinkedBlockingQueue, queueCapacity: 2000, scheduler: class org.apache.hadoop.ipc.DefaultRpcScheduler, ipcBackoff: false.
2019-06-14 02:55:14,123 INFO  ipc.CallQueueManager (CallQueueManager.java:<init>(84)) - Using callQueue: class java.util.concurrent.LinkedBlockingQueue, queueCapacity: 2000, scheduler: class org.apache.hadoop.ipc.DefaultRpcScheduler, ipcBackoff: false.
2019-06-14 02:55:14,123 INFO  ipc.Server (Server.java:run(1074)) - Starting Socket Reader #1 for port 37035
2019-06-14 02:55:14,130 INFO  ipc.Server (Server.java:run(1074)) - Starting Socket Reader #1 for port 45705
2019-06-14 02:55:14,139 INFO  ipc.CallQueueManager (CallQueueManager.java:<init>(84)) - Using callQueue: class java.util.concurrent.LinkedBlockingQueue, queueCapacity: 2000, scheduler: class org.apache.hadoop.ipc.DefaultRpcScheduler, ipcBackoff: false.
2019-06-14 02:55:14,139 INFO  ipc.Server (Server.java:run(1074)) - Starting Socket Reader #1 for port 38149
2019-06-14 02:55:14,142 INFO  hdfs.DFSUtil (DFSUtil.java:httpServerTemplateForNNAndJN(1641)) - Starting Web-server for scm at: http://0.0.0.0:0
2019-06-14 02:55:14,143 INFO  server.AuthenticationFilter (AuthenticationFilter.java:constructSecretProvider(240)) - Unable to initialize FileSignerSecretProvider, falling back to use random secrets.
2019-06-14 02:55:14,144 WARN  http.HttpRequestLog (HttpRequestLog.java:getRequestLog(97)) - Jetty request log can only be enabled using Log4j
2019-06-14 02:55:14,145 INFO  http.HttpServer2 (HttpServer2.java:addGlobalFilter(975)) - Added global filter 'safety' (class=org.apache.hadoop.http.HttpServer2$QuotingInputFilter)
2019-06-14 02:55:14,146 INFO  http.HttpServer2 (HttpServer2.java:addFilter(948)) - Added filter static_user_filter (class=org.apache.hadoop.http.lib.StaticUserWebFilter$StaticUserFilter) to context scm
2019-06-14 02:55:14,146 INFO  http.HttpServer2 (HttpServer2.java:addFilter(958)) - Added filter static_user_filter (class=org.apache.hadoop.http.lib.StaticUserWebFilter$StaticUserFilter) to context static
2019-06-14 02:55:14,146 INFO  http.HttpServer2 (HttpServer2.java:addFilter(958)) - Added filter static_user_filter (class=org.apache.hadoop.http.lib.StaticUserWebFilter$StaticUserFilter) to context logs
2019-06-14 02:55:14,149 INFO  server.StorageContainerManager (StorageContainerManager.java:start(752)) - StorageContainerLocationProtocol RPC server is listening at /0.0.0.0:38149
2019-06-14 02:55:14,149 INFO  impl.MetricsSystemImpl (MetricsSystemImpl.java:init(158)) - StorageContainerManager metrics system started (again)
2019-06-14 02:55:14,149 INFO  server.SCMClientProtocolServer (SCMClientProtocolServer.java:start(149)) - RPC server for Client  is listening at /0.0.0.0:38149
2019-06-14 02:55:14,149 INFO  ipc.Server (Server.java:run(1314)) - IPC Server Responder: starting
2019-06-14 02:55:14,154 INFO  ipc.Server (Server.java:run(1153)) - IPC Server listener on 38149: starting
2019-06-14 02:55:14,159 INFO  server.StorageContainerManager (StorageContainerManager.java:start(761)) - ScmBlockLocationProtocol RPC server is listening at /0.0.0.0:37035
2019-06-14 02:55:14,160 INFO  server.SCMBlockProtocolServer (SCMBlockProtocolServer.java:start(137)) - RPC server for Block Protocol is listening at /0.0.0.0:37035
2019-06-14 02:55:14,160 INFO  ipc.Server (Server.java:run(1314)) - IPC Server Responder: starting
2019-06-14 02:55:14,166 INFO  ipc.Server (Server.java:run(1153)) - IPC Server listener on 37035: starting
2019-06-14 02:55:14,175 INFO  server.StorageContainerManager (StorageContainerManager.java:start(765)) - ScmDatanodeProtocl RPC server is listening at /0.0.0.0:45705
2019-06-14 02:55:14,176 INFO  server.SCMDatanodeProtocolServer (SCMDatanodeProtocolServer.java:start(191)) - RPC server for DataNodes is listening at /0.0.0.0:45705
2019-06-14 02:55:14,176 INFO  ipc.Server (Server.java:run(1314)) - IPC Server Responder: starting
2019-06-14 02:55:14,176 INFO  ipc.Server (Server.java:run(1153)) - IPC Server listener on 45705: starting
2019-06-14 02:55:14,186 INFO  http.HttpServer2 (HttpServer2.java:bindListener(1191)) - Jetty bound to port 36847
2019-06-14 02:55:14,187 INFO  server.Server (Server.java:doStart(351)) - jetty-9.3.24.v20180605, build timestamp: 2018-06-05T17:11:56Z, git hash: 84205aa28f11a4f31f2a3b86d1bba2cc8ab69827
2019-06-14 02:55:14,190 INFO  handler.ContextHandler (ContextHandler.java:doStart(781)) - Started o.e.j.s.ServletContextHandler@5257123d{/logs,file:///opt/src/hadoop-ozone/integration-test/target/log,AVAILABLE}
2019-06-14 02:55:14,190 INFO  handler.ContextHandler (ContextHandler.java:doStart(781)) - Started o.e.j.s.ServletContextHandler@570089c4{/static,file:///opt/src/hadoop-ozone/integration-test/target/test-classes/webapps/static,AVAILABLE}
2019-06-14 02:55:14,205 INFO  handler.ContextHandler (ContextHandler.java:doStart(781)) - Started o.e.j.w.WebAppContext@6eeb15f9{/,file:///opt/src/hadoop-ozone/integration-test/target/test-classes/webapps/scm/,AVAILABLE}{/scm}
2019-06-14 02:55:14,213 INFO  server.AbstractConnector (AbstractConnector.java:doStart(278)) - Started ServerConnector@75695f7e{HTTP/1.1,[http/1.1]}{0.0.0.0:36847}
2019-06-14 02:55:14,213 INFO  server.Server (Server.java:doStart(419)) - Started @143017ms
2019-06-14 02:55:14,213 INFO  server.BaseHttpServer (BaseHttpServer.java:updateConnectorAddress(207)) - HTTP server of SCM is listening at http://0.0.0.0:36847
2019-06-14 02:55:14,214 WARN  scm.ScmUtils (ScmUtils.java:getDBPath(63)) - ozone.om.db.dirs is not configured. We recommend adding this setting. Falling back to ozone.metadata.dirs instead.
2019-06-14 02:55:14,215 INFO  util.JvmPauseMonitor (JvmPauseMonitor.java:run(188)) - Starting JVM pause monitor
2019-06-14 02:55:14,217 WARN  scm.ScmUtils (ScmUtils.java:getDBPath(63)) - ozone.om.db.dirs is not configured. We recommend adding this setting. Falling back to ozone.metadata.dirs instead.
2019-06-14 02:55:14,217 INFO  om.OzoneManager (OzoneManager.java:setOMNodeDetails(519)) - OM Service ID is not set. Setting it to the default ID: omServiceIdDefault
2019-06-14 02:55:14,218 INFO  om.OzoneManager (OzoneManager.java:setOMNodeDetails(525)) - OM Node ID is not set. Setting it to the OmStorage's OmID: 04fbccdd-d7e7-4b8f-a14c-f24073d8f606
2019-06-14 02:55:14,218 WARN  scm.HddsServerUtil (HddsServerUtil.java:getDefaultRatisDirectory(354)) - Storage directory for Ratis is not configured. It is a good idea to map this to an SSD disk. Falling back to ozone.metadata.dirs
2019-06-14 02:55:14,218 WARN  scm.HddsServerUtil (HddsServerUtil.java:getDefaultRatisDirectory(354)) - Storage directory for Ratis is not configured. It is a good idea to map this to an SSD disk. Falling back to ozone.metadata.dirs
2019-06-14 02:55:14,218 INFO  om.OzoneManager (OzoneManager.java:loadOMHAConfigs(476)) - Found matching OM address with OMServiceId: null, OMNodeId: null, RPC Address: localhost:0 and Ratis port: 9872
2019-06-14 02:55:14,224 WARN  scm.ScmUtils (ScmUtils.java:getDBPath(63)) - ozone.om.db.dirs is not configured. We recommend adding this setting. Falling back to ozone.metadata.dirs instead.
2019-06-14 02:55:14,225 INFO  db.DBStoreBuilder (DBStoreBuilder.java:addTable(110)) - using custom profile for table: userTable
2019-06-14 02:55:14,225 INFO  db.DBStoreBuilder (DBStoreBuilder.java:processTables(161)) - Using default column profile:DBProfile.DISK for Table:userTable
2019-06-14 02:55:14,225 INFO  db.DBStoreBuilder (DBStoreBuilder.java:addTable(110)) - using custom profile for table: volumeTable
2019-06-14 02:55:14,225 INFO  db.DBStoreBuilder (DBStoreBuilder.java:processTables(161)) - Using default column profile:DBProfile.DISK for Table:volumeTable
2019-06-14 02:55:14,226 INFO  db.DBStoreBuilder (DBStoreBuilder.java:addTable(110)) - using custom profile for table: bucketTable
2019-06-14 02:55:14,226 INFO  db.DBStoreBuilder (DBStoreBuilder.java:processTables(161)) - Using default column profile:DBProfile.DISK for Table:bucketTable
2019-06-14 02:55:14,226 INFO  db.DBStoreBuilder (DBStoreBuilder.java:addTable(110)) - using custom profile for table: keyTable
2019-06-14 02:55:14,226 INFO  db.DBStoreBuilder (DBStoreBuilder.java:processTables(161)) - Using default column profile:DBProfile.DISK for Table:keyTable
2019-06-14 02:55:14,226 INFO  db.DBStoreBuilder (DBStoreBuilder.java:addTable(110)) - using custom profile for table: deletedTable
2019-06-14 02:55:14,226 INFO  db.DBStoreBuilder (DBStoreBuilder.java:processTables(161)) - Using default column profile:DBProfile.DISK for Table:deletedTable
2019-06-14 02:55:14,226 INFO  db.DBStoreBuilder (DBStoreBuilder.java:addTable(110)) - using custom profile for table: openKeyTable
2019-06-14 02:55:14,227 INFO  db.DBStoreBuilder (DBStoreBuilder.java:processTables(161)) - Using default column profile:DBProfile.DISK for Table:openKeyTable
2019-06-14 02:55:14,227 INFO  db.DBStoreBuilder (DBStoreBuilder.java:addTable(110)) - using custom profile for table: s3Table
2019-06-14 02:55:14,227 INFO  db.DBStoreBuilder (DBStoreBuilder.java:processTables(161)) - Using default column profile:DBProfile.DISK for Table:s3Table
2019-06-14 02:55:14,227 INFO  db.DBStoreBuilder (DBStoreBuilder.java:addTable(110)) - using custom profile for table: multipartInfoTable
2019-06-14 02:55:14,227 INFO  db.DBStoreBuilder (DBStoreBuilder.java:processTables(161)) - Using default column profile:DBProfile.DISK for Table:multipartInfoTable
2019-06-14 02:55:14,227 INFO  db.DBStoreBuilder (DBStoreBuilder.java:addTable(110)) - using custom profile for table: dTokenTable
2019-06-14 02:55:14,228 INFO  db.DBStoreBuilder (DBStoreBuilder.java:processTables(161)) - Using default column profile:DBProfile.DISK for Table:dTokenTable
2019-06-14 02:55:14,228 INFO  db.DBStoreBuilder (DBStoreBuilder.java:addTable(110)) - using custom profile for table: s3SecretTable
2019-06-14 02:55:14,228 INFO  db.DBStoreBuilder (DBStoreBuilder.java:processTables(161)) - Using default column profile:DBProfile.DISK for Table:s3SecretTable
2019-06-14 02:55:14,228 INFO  db.DBStoreBuilder (DBStoreBuilder.java:addTable(110)) - using custom profile for table: prefixTable
2019-06-14 02:55:14,228 INFO  db.DBStoreBuilder (DBStoreBuilder.java:processTables(161)) - Using default column profile:DBProfile.DISK for Table:prefixTable
2019-06-14 02:55:14,228 INFO  db.DBStoreBuilder (DBStoreBuilder.java:addTable(110)) - using custom profile for table: default
2019-06-14 02:55:14,229 INFO  db.DBStoreBuilder (DBStoreBuilder.java:processTables(167)) - Using default column profile:DBProfile.DISK for Table:default
2019-06-14 02:55:14,229 INFO  db.DBStoreBuilder (DBStoreBuilder.java:getDbProfile(198)) - Using default options. DBProfile.DISK
2019-06-14 02:55:14,392 INFO  ipc.CallQueueManager (CallQueueManager.java:<init>(84)) - Using callQueue: class java.util.concurrent.LinkedBlockingQueue, queueCapacity: 2000, scheduler: class org.apache.hadoop.ipc.DefaultRpcScheduler, ipcBackoff: false.
2019-06-14 02:55:14,393 INFO  ipc.Server (Server.java:run(1074)) - Starting Socket Reader #1 for port 39299
2019-06-14 02:55:14,408 WARN  scm.ScmUtils (ScmUtils.java:getDBPath(63)) - ozone.om.db.dirs is not configured. We recommend adding this setting. Falling back to ozone.metadata.dirs instead.
2019-06-14 02:55:14,409 INFO  om.OzoneManager (OzoneManager.java:start(1217)) - OzoneManager RPC server is listening at localhost/127.0.0.1:39299
2019-06-14 02:55:14,409 INFO  impl.MetricsSystemImpl (MetricsSystemImpl.java:init(158)) - OzoneManager metrics system started (again)
2019-06-14 02:55:14,420 INFO  ipc.Server (Server.java:run(1314)) - IPC Server Responder: starting
2019-06-14 02:55:14,422 INFO  ipc.Server (Server.java:run(1153)) - IPC Server listener on 39299: starting
2019-06-14 02:55:14,432 INFO  hdfs.DFSUtil (DFSUtil.java:httpServerTemplateForNNAndJN(1641)) - Starting Web-server for ozoneManager at: http://0.0.0.0:0
2019-06-14 02:55:14,433 INFO  server.AuthenticationFilter (AuthenticationFilter.java:constructSecretProvider(240)) - Unable to initialize FileSignerSecretProvider, falling back to use random secrets.
2019-06-14 02:55:14,434 WARN  http.HttpRequestLog (HttpRequestLog.java:getRequestLog(97)) - Jetty request log can only be enabled using Log4j
2019-06-14 02:55:14,435 INFO  http.HttpServer2 (HttpServer2.java:addGlobalFilter(975)) - Added global filter 'safety' (class=org.apache.hadoop.http.HttpServer2$QuotingInputFilter)
2019-06-14 02:55:14,436 INFO  http.HttpServer2 (HttpServer2.java:addFilter(948)) - Added filter static_user_filter (class=org.apache.hadoop.http.lib.StaticUserWebFilter$StaticUserFilter) to context ozoneManager
2019-06-14 02:55:14,436 INFO  http.HttpServer2 (HttpServer2.java:addFilter(958)) - Added filter static_user_filter (class=org.apache.hadoop.http.lib.StaticUserWebFilter$StaticUserFilter) to context static
2019-06-14 02:55:14,436 INFO  http.HttpServer2 (HttpServer2.java:addFilter(958)) - Added filter static_user_filter (class=org.apache.hadoop.http.lib.StaticUserWebFilter$StaticUserFilter) to context logs
2019-06-14 02:55:14,436 INFO  http.HttpServer2 (HttpServer2.java:bindListener(1191)) - Jetty bound to port 46203
2019-06-14 02:55:14,437 INFO  server.Server (Server.java:doStart(351)) - jetty-9.3.24.v20180605, build timestamp: 2018-06-05T17:11:56Z, git hash: 84205aa28f11a4f31f2a3b86d1bba2cc8ab69827
2019-06-14 02:55:14,449 INFO  handler.ContextHandler (ContextHandler.java:doStart(781)) - Started o.e.j.s.ServletContextHandler@41d6d6c4{/logs,file:///opt/src/hadoop-ozone/integration-test/target/log,AVAILABLE}
2019-06-14 02:55:14,453 INFO  handler.ContextHandler (ContextHandler.java:doStart(781)) - Started o.e.j.s.ServletContextHandler@147203c2{/static,file:///opt/src/hadoop-ozone/integration-test/target/test-classes/webapps/static,AVAILABLE}
2019-06-14 02:55:14,457 INFO  handler.ContextHandler (ContextHandler.java:doStart(781)) - Started o.e.j.w.WebAppContext@6a5a99d9{/,file:///opt/src/hadoop-ozone/integration-test/target/test-classes/webapps/ozoneManager/,AVAILABLE}{/ozoneManager}
2019-06-14 02:55:14,457 INFO  server.AbstractConnector (AbstractConnector.java:doStart(278)) - Started ServerConnector@278df226{HTTP/1.1,[http/1.1]}{0.0.0.0:46203}
2019-06-14 02:55:14,458 INFO  server.Server (Server.java:doStart(419)) - Started @143261ms
2019-06-14 02:55:14,466 INFO  server.BaseHttpServer (BaseHttpServer.java:updateConnectorAddress(207)) - HTTP server of OZONEMANAGER is listening at http://0.0.0.0:46203
2019-06-14 02:55:14,476 INFO  impl.MetricsSystemImpl (MetricsSystemImpl.java:init(158)) - HddsDatanode metrics system started (again)
2019-06-14 02:55:14,476 INFO  ozone.HddsDatanodeService (HddsDatanodeService.java:start(185)) - HddsDatanodeService host:ozone-r6sq7-3374789264 ip:192.168.105.164
2019-06-14 02:55:14,482 INFO  volume.HddsVolume (HddsVolume.java:<init>(176)) - Creating Volume: /opt/src/hadoop-ozone/integration-test/target/test-dir/MiniOzoneClusterImpl-03ec3954-a2af-4c3d-a4be-c1432f13dd27/datanode-0/data/containers/hdds of  storage type : DISK and capacity : 104021790720
2019-06-14 02:55:14,482 INFO  volume.VolumeSet (VolumeSet.java:initializeVolumeSet(170)) - Added Volume : /opt/src/hadoop-ozone/integration-test/target/test-dir/MiniOzoneClusterImpl-03ec3954-a2af-4c3d-a4be-c1432f13dd27/datanode-0/data/containers/hdds to VolumeSet
2019-06-14 02:55:14,483 INFO  volume.ThrottledAsyncChecker (ThrottledAsyncChecker.java:schedule(140)) - Scheduling a check for org.apache.hadoop.ozone.container.common.volume.HddsVolume@138110f8
2019-06-14 02:55:14,485 INFO  volume.HddsVolumeChecker (HddsVolumeChecker.java:checkAllVolumes(203)) - Scheduled health check for volume org.apache.hadoop.ozone.container.common.volume.HddsVolume@138110f8
2019-06-14 02:55:14,497 INFO  ratis.XceiverServerRatis (XceiverServerRatis.java:newXceiverServerRatis(401)) - Found a free port for the server : 46211
2019-06-14 02:55:14,497 INFO  impl.RaftServerProxy (ConfUtils.java:logGet(43)) - raft.rpc.type = GRPC (default)
2019-06-14 02:55:14,498 INFO  grpc.GrpcConfigKeys$Server (ConfUtils.java:logGet(43)) - raft.grpc.server.port = 46211 (custom)
2019-06-14 02:55:14,498 INFO  server.GrpcService (ConfUtils.java:logGet(43)) - raft.grpc.message.size.max = 33570816 (custom)
2019-06-14 02:55:14,498 INFO  server.RaftServerConfigKeys (ConfUtils.java:logGet(43)) - raft.server.log.appender.buffer.byte-limit = 33554432 (custom)
2019-06-14 02:55:14,498 INFO  server.GrpcService (ConfUtils.java:logGet(43)) - raft.grpc.flow.control.window = 1MB (=1048576) (default)
2019-06-14 02:55:14,498 INFO  server.RaftServerConfigKeys (ConfUtils.java:logGet(43)) - raft.server.rpc.request.timeout = 3000ms (default)
2019-06-14 02:55:14,499 INFO  server.RaftServerConfigKeys (ConfUtils.java:logGet(43)) - raft.server.storage.dir = [/opt/src/hadoop-ozone/integration-test/target/test-dir/MiniOzoneClusterImpl-03ec3954-a2af-4c3d-a4be-c1432f13dd27/datanode-0/data/ratis] (custom)
2019-06-14 02:55:14,499 INFO  server.XceiverServerGrpc (XceiverServerGrpc.java:<init>(97)) - Found a free port for the server : 40809
2019-06-14 02:55:14,499 INFO  replication.SimpleContainerDownloader (SimpleContainerDownloader.java:<init>(72)) - Starting container downloader service to copy containers to replicate.
2019-06-14 02:55:14,501 INFO  hdfs.DFSUtil (DFSUtil.java:httpServerTemplateForNNAndJN(1641)) - Starting Web-server for hddsDatanode at: http://0.0.0.0:0
2019-06-14 02:55:14,502 INFO  server.AuthenticationFilter (AuthenticationFilter.java:constructSecretProvider(240)) - Unable to initialize FileSignerSecretProvider, falling back to use random secrets.
2019-06-14 02:55:14,505 WARN  http.HttpRequestLog (HttpRequestLog.java:getRequestLog(97)) - Jetty request log can only be enabled using Log4j
2019-06-14 02:55:14,506 INFO  http.HttpServer2 (HttpServer2.java:addGlobalFilter(975)) - Added global filter 'safety' (class=org.apache.hadoop.http.HttpServer2$QuotingInputFilter)
2019-06-14 02:55:14,506 INFO  http.HttpServer2 (HttpServer2.java:addFilter(948)) - Added filter static_user_filter (class=org.apache.hadoop.http.lib.StaticUserWebFilter$StaticUserFilter) to context hddsDatanode
2019-06-14 02:55:14,507 INFO  http.HttpServer2 (HttpServer2.java:addFilter(958)) - Added filter static_user_filter (class=org.apache.hadoop.http.lib.StaticUserWebFilter$StaticUserFilter) to context logs
2019-06-14 02:55:14,507 INFO  http.HttpServer2 (HttpServer2.java:addFilter(958)) - Added filter static_user_filter (class=org.apache.hadoop.http.lib.StaticUserWebFilter$StaticUserFilter) to context static
2019-06-14 02:55:14,507 INFO  http.HttpServer2 (HttpServer2.java:bindListener(1191)) - Jetty bound to port 36183
2019-06-14 02:55:14,507 INFO  server.Server (Server.java:doStart(351)) - jetty-9.3.24.v20180605, build timestamp: 2018-06-05T17:11:56Z, git hash: 84205aa28f11a4f31f2a3b86d1bba2cc8ab69827
2019-06-14 02:55:14,511 INFO  handler.ContextHandler (ContextHandler.java:doStart(781)) - Started o.e.j.s.ServletContextHandler@18a538a0{/logs,file:///opt/src/hadoop-ozone/integration-test/target/log,AVAILABLE}
2019-06-14 02:55:14,513 INFO  handler.ContextHandler (ContextHandler.java:doStart(781)) - Started o.e.j.s.ServletContextHandler@183e64a8{/static,jar:file:/root/.m2/repository/org/apache/hadoop/hadoop-hdds-container-service/0.5.0-SNAPSHOT/hadoop-hdds-container-service-0.5.0-SNAPSHOT.jar!/webapps/static,AVAILABLE}
2019-06-14 02:55:14,545 INFO  handler.ContextHandler (ContextHandler.java:doStart(781)) - Started o.e.j.w.WebAppContext@389fad5b{/,file:///tmp/jetty-0.0.0.0-36183-hddsDatanode-_-any-5477514810933851319.dir/webapp/,AVAILABLE}{/hddsDatanode}
2019-06-14 02:55:14,550 INFO  server.AbstractConnector (AbstractConnector.java:doStart(278)) - Started ServerConnector@5d72da0b{HTTP/1.1,[http/1.1]}{0.0.0.0:36183}
2019-06-14 02:55:14,551 INFO  server.Server (Server.java:doStart(419)) - Started @143354ms
2019-06-14 02:55:14,583 INFO  server.BaseHttpServer (BaseHttpServer.java:updateConnectorAddress(207)) - HTTP server of HDDSDATANODE is listening at http://0.0.0.0:36183
2019-06-14 02:55:14,776 INFO  ozone.HddsDatanodeService (HddsDatanodeService.java:startPlugins(396)) - Started plug-in org.apache.hadoop.ozone.web.OzoneHddsDatanodeService@6421e9e7
2019-06-14 02:55:14,778 INFO  impl.MetricsSystemImpl (MetricsSystemImpl.java:init(158)) - HddsDatanode metrics system started (again)
2019-06-14 02:55:14,778 INFO  ozone.HddsDatanodeService (HddsDatanodeService.java:start(185)) - HddsDatanodeService host:ozone-r6sq7-3374789264 ip:192.168.105.164
2019-06-14 02:55:14,802 INFO  volume.HddsVolume (HddsVolume.java:<init>(176)) - Creating Volume: /opt/src/hadoop-ozone/integration-test/target/test-dir/MiniOzoneClusterImpl-03ec3954-a2af-4c3d-a4be-c1432f13dd27/datanode-1/data/containers/hdds of  storage type : DISK and capacity : 104021790720
2019-06-14 02:55:14,802 INFO  volume.VolumeSet (VolumeSet.java:initializeVolumeSet(170)) - Added Volume : /opt/src/hadoop-ozone/integration-test/target/test-dir/MiniOzoneClusterImpl-03ec3954-a2af-4c3d-a4be-c1432f13dd27/datanode-1/data/containers/hdds to VolumeSet
2019-06-14 02:55:14,802 INFO  volume.ThrottledAsyncChecker (ThrottledAsyncChecker.java:schedule(140)) - Scheduling a check for org.apache.hadoop.ozone.container.common.volume.HddsVolume@7bca98d5
2019-06-14 02:55:14,805 INFO  volume.HddsVolumeChecker (HddsVolumeChecker.java:checkAllVolumes(203)) - Scheduled health check for volume org.apache.hadoop.ozone.container.common.volume.HddsVolume@7bca98d5
2019-06-14 02:55:14,814 INFO  util.JvmPauseMonitor (JvmPauseMonitor.java:run(188)) - Starting JVM pause monitor
2019-06-14 02:55:14,820 INFO  datanode.InitDatanodeState (InitDatanodeState.java:persistContainerDatanodeDetails(140)) - DatanodeDetails is persisted to /opt/src/hadoop-ozone/integration-test/target/test-dir/MiniOzoneClusterImpl-03ec3954-a2af-4c3d-a4be-c1432f13dd27/datanode-0/meta/datanode.id
2019-06-14 02:55:14,821 INFO  ratis.XceiverServerRatis (XceiverServerRatis.java:newXceiverServerRatis(401)) - Found a free port for the server : 43897
2019-06-14 02:55:14,821 INFO  impl.RaftServerProxy (ConfUtils.java:logGet(43)) - raft.rpc.type = GRPC (default)
2019-06-14 02:55:14,822 INFO  grpc.GrpcConfigKeys$Server (ConfUtils.java:logGet(43)) - raft.grpc.server.port = 43897 (custom)
2019-06-14 02:55:14,822 INFO  server.GrpcService (ConfUtils.java:logGet(43)) - raft.grpc.message.size.max = 33570816 (custom)
2019-06-14 02:55:14,822 INFO  server.RaftServerConfigKeys (ConfUtils.java:logGet(43)) - raft.server.log.appender.buffer.byte-limit = 33554432 (custom)
2019-06-14 02:55:14,822 INFO  server.GrpcService (ConfUtils.java:logGet(43)) - raft.grpc.flow.control.window = 1MB (=1048576) (default)
2019-06-14 02:55:14,823 INFO  server.RaftServerConfigKeys (ConfUtils.java:logGet(43)) - raft.server.rpc.request.timeout = 3000ms (default)
2019-06-14 02:55:14,823 INFO  server.RaftServerConfigKeys (ConfUtils.java:logGet(43)) - raft.server.storage.dir = [/opt/src/hadoop-ozone/integration-test/target/test-dir/MiniOzoneClusterImpl-03ec3954-a2af-4c3d-a4be-c1432f13dd27/datanode-1/data/ratis] (custom)
2019-06-14 02:55:14,823 INFO  server.XceiverServerGrpc (XceiverServerGrpc.java:<init>(97)) - Found a free port for the server : 34479
2019-06-14 02:55:14,824 INFO  replication.SimpleContainerDownloader (SimpleContainerDownloader.java:<init>(72)) - Starting container downloader service to copy containers to replicate.
2019-06-14 02:55:14,826 INFO  hdfs.DFSUtil (DFSUtil.java:httpServerTemplateForNNAndJN(1641)) - Starting Web-server for hddsDatanode at: http://0.0.0.0:0
2019-06-14 02:55:14,827 INFO  server.AuthenticationFilter (AuthenticationFilter.java:constructSecretProvider(240)) - Unable to initialize FileSignerSecretProvider, falling back to use random secrets.
2019-06-14 02:55:14,827 WARN  http.HttpRequestLog (HttpRequestLog.java:getRequestLog(97)) - Jetty request log can only be enabled using Log4j
2019-06-14 02:55:14,829 INFO  http.HttpServer2 (HttpServer2.java:addGlobalFilter(975)) - Added global filter 'safety' (class=org.apache.hadoop.http.HttpServer2$QuotingInputFilter)
2019-06-14 02:55:14,829 INFO  http.HttpServer2 (HttpServer2.java:addFilter(948)) - Added filter static_user_filter (class=org.apache.hadoop.http.lib.StaticUserWebFilter$StaticUserFilter) to context hddsDatanode
2019-06-14 02:55:14,829 INFO  http.HttpServer2 (HttpServer2.java:addFilter(958)) - Added filter static_user_filter (class=org.apache.hadoop.http.lib.StaticUserWebFilter$StaticUserFilter) to context logs
2019-06-14 02:55:14,829 INFO  http.HttpServer2 (HttpServer2.java:addFilter(958)) - Added filter static_user_filter (class=org.apache.hadoop.http.lib.StaticUserWebFilter$StaticUserFilter) to context static
2019-06-14 02:55:14,830 INFO  http.HttpServer2 (HttpServer2.java:bindListener(1191)) - Jetty bound to port 42743
2019-06-14 02:55:14,830 INFO  server.Server (Server.java:doStart(351)) - jetty-9.3.24.v20180605, build timestamp: 2018-06-05T17:11:56Z, git hash: 84205aa28f11a4f31f2a3b86d1bba2cc8ab69827
2019-06-14 02:55:14,837 INFO  handler.ContextHandler (ContextHandler.java:doStart(781)) - Started o.e.j.s.ServletContextHandler@457dc809{/logs,file:///opt/src/hadoop-ozone/integration-test/target/log,AVAILABLE}
2019-06-14 02:55:14,838 INFO  handler.ContextHandler (ContextHandler.java:doStart(781)) - Started o.e.j.s.ServletContextHandler@3fbf66e7{/static,jar:file:/root/.m2/repository/org/apache/hadoop/hadoop-hdds-container-service/0.5.0-SNAPSHOT/hadoop-hdds-container-service-0.5.0-SNAPSHOT.jar!/webapps/static,AVAILABLE}
2019-06-14 02:55:14,868 INFO  handler.ContextHandler (ContextHandler.java:doStart(781)) - Started o.e.j.w.WebAppContext@3b863b4{/,file:///tmp/jetty-0.0.0.0-42743-hddsDatanode-_-any-6451732275688880289.dir/webapp/,AVAILABLE}{/hddsDatanode}
2019-06-14 02:55:14,870 INFO  server.AbstractConnector (AbstractConnector.java:doStart(278)) - Started ServerConnector@2524f9bf{HTTP/1.1,[http/1.1]}{0.0.0.0:42743}
2019-06-14 02:55:14,870 INFO  server.Server (Server.java:doStart(419)) - Started @143674ms
2019-06-14 02:55:14,899 INFO  server.BaseHttpServer (BaseHttpServer.java:updateConnectorAddress(207)) - HTTP server of HDDSDATANODE is listening at http://0.0.0.0:42743
2019-06-14 02:55:15,028 INFO  ozone.HddsDatanodeService (HddsDatanodeService.java:startPlugins(396)) - Started plug-in org.apache.hadoop.ozone.web.OzoneHddsDatanodeService@68cc6fa4
2019-06-14 02:55:15,029 INFO  impl.MetricsSystemImpl (MetricsSystemImpl.java:init(158)) - HddsDatanode metrics system started (again)
2019-06-14 02:55:15,029 INFO  ozone.HddsDatanodeService (HddsDatanodeService.java:start(185)) - HddsDatanodeService host:ozone-r6sq7-3374789264 ip:192.168.105.164
2019-06-14 02:55:15,042 INFO  datanode.InitDatanodeState (InitDatanodeState.java:persistContainerDatanodeDetails(140)) - DatanodeDetails is persisted to /opt/src/hadoop-ozone/integration-test/target/test-dir/MiniOzoneClusterImpl-03ec3954-a2af-4c3d-a4be-c1432f13dd27/datanode-1/meta/datanode.id
2019-06-14 02:55:15,043 INFO  util.JvmPauseMonitor (JvmPauseMonitor.java:run(188)) - Starting JVM pause monitor
2019-06-14 02:55:15,047 INFO  volume.HddsVolume (HddsVolume.java:<init>(176)) - Creating Volume: /opt/src/hadoop-ozone/integration-test/target/test-dir/MiniOzoneClusterImpl-03ec3954-a2af-4c3d-a4be-c1432f13dd27/datanode-2/data/containers/hdds of  storage type : DISK and capacity : 104021790720
2019-06-14 02:55:15,047 INFO  volume.VolumeSet (VolumeSet.java:initializeVolumeSet(170)) - Added Volume : /opt/src/hadoop-ozone/integration-test/target/test-dir/MiniOzoneClusterImpl-03ec3954-a2af-4c3d-a4be-c1432f13dd27/datanode-2/data/containers/hdds to VolumeSet
2019-06-14 02:55:15,047 INFO  volume.ThrottledAsyncChecker (ThrottledAsyncChecker.java:schedule(140)) - Scheduling a check for org.apache.hadoop.ozone.container.common.volume.HddsVolume@441c2d2a
2019-06-14 02:55:15,049 INFO  volume.HddsVolumeChecker (HddsVolumeChecker.java:checkAllVolumes(203)) - Scheduled health check for volume org.apache.hadoop.ozone.container.common.volume.HddsVolume@441c2d2a
2019-06-14 02:55:15,060 INFO  ratis.XceiverServerRatis (XceiverServerRatis.java:newXceiverServerRatis(401)) - Found a free port for the server : 41913
2019-06-14 02:55:15,062 INFO  impl.RaftServerProxy (ConfUtils.java:logGet(43)) - raft.rpc.type = GRPC (default)
2019-06-14 02:55:15,063 INFO  grpc.GrpcConfigKeys$Server (ConfUtils.java:logGet(43)) - raft.grpc.server.port = 41913 (custom)
2019-06-14 02:55:15,063 INFO  server.GrpcService (ConfUtils.java:logGet(43)) - raft.grpc.message.size.max = 33570816 (custom)
2019-06-14 02:55:15,063 INFO  server.RaftServerConfigKeys (ConfUtils.java:logGet(43)) - raft.server.log.appender.buffer.byte-limit = 33554432 (custom)
2019-06-14 02:55:15,063 INFO  server.GrpcService (ConfUtils.java:logGet(43)) - raft.grpc.flow.control.window = 1MB (=1048576) (default)
2019-06-14 02:55:15,063 INFO  server.RaftServerConfigKeys (ConfUtils.java:logGet(43)) - raft.server.rpc.request.timeout = 3000ms (default)
2019-06-14 02:55:15,064 INFO  server.RaftServerConfigKeys (ConfUtils.java:logGet(43)) - raft.server.storage.dir = [/opt/src/hadoop-ozone/integration-test/target/test-dir/MiniOzoneClusterImpl-03ec3954-a2af-4c3d-a4be-c1432f13dd27/datanode-2/data/ratis] (custom)
2019-06-14 02:55:15,064 INFO  server.XceiverServerGrpc (XceiverServerGrpc.java:<init>(97)) - Found a free port for the server : 33167
2019-06-14 02:55:15,064 INFO  replication.SimpleContainerDownloader (SimpleContainerDownloader.java:<init>(72)) - Starting container downloader service to copy containers to replicate.
2019-06-14 02:55:15,065 INFO  hdfs.DFSUtil (DFSUtil.java:httpServerTemplateForNNAndJN(1641)) - Starting Web-server for hddsDatanode at: http://0.0.0.0:0
2019-06-14 02:55:15,066 INFO  server.AuthenticationFilter (AuthenticationFilter.java:constructSecretProvider(240)) - Unable to initialize FileSignerSecretProvider, falling back to use random secrets.
2019-06-14 02:55:15,069 WARN  http.HttpRequestLog (HttpRequestLog.java:getRequestLog(97)) - Jetty request log can only be enabled using Log4j
2019-06-14 02:55:15,071 INFO  http.HttpServer2 (HttpServer2.java:addGlobalFilter(975)) - Added global filter 'safety' (class=org.apache.hadoop.http.HttpServer2$QuotingInputFilter)
2019-06-14 02:55:15,071 INFO  http.HttpServer2 (HttpServer2.java:addFilter(948)) - Added filter static_user_filter (class=org.apache.hadoop.http.lib.StaticUserWebFilter$StaticUserFilter) to context hddsDatanode
2019-06-14 02:55:15,071 INFO  http.HttpServer2 (HttpServer2.java:addFilter(958)) - Added filter static_user_filter (class=org.apache.hadoop.http.lib.StaticUserWebFilter$StaticUserFilter) to context logs
2019-06-14 02:55:15,071 INFO  http.HttpServer2 (HttpServer2.java:addFilter(958)) - Added filter static_user_filter (class=org.apache.hadoop.http.lib.StaticUserWebFilter$StaticUserFilter) to context static
2019-06-14 02:55:15,072 INFO  http.HttpServer2 (HttpServer2.java:bindListener(1191)) - Jetty bound to port 32955
2019-06-14 02:55:15,072 INFO  server.Server (Server.java:doStart(351)) - jetty-9.3.24.v20180605, build timestamp: 2018-06-05T17:11:56Z, git hash: 84205aa28f11a4f31f2a3b86d1bba2cc8ab69827
2019-06-14 02:55:15,075 INFO  handler.ContextHandler (ContextHandler.java:doStart(781)) - Started o.e.j.s.ServletContextHandler@73418044{/logs,file:///opt/src/hadoop-ozone/integration-test/target/log,AVAILABLE}
2019-06-14 02:55:15,076 INFO  handler.ContextHandler (ContextHandler.java:doStart(781)) - Started o.e.j.s.ServletContextHandler@52b2713a{/static,jar:file:/root/.m2/repository/org/apache/hadoop/hadoop-hdds-container-service/0.5.0-SNAPSHOT/hadoop-hdds-container-service-0.5.0-SNAPSHOT.jar!/webapps/static,AVAILABLE}
2019-06-14 02:55:15,106 INFO  handler.ContextHandler (ContextHandler.java:doStart(781)) - Started o.e.j.w.WebAppContext@46f3d0f7{/,file:///tmp/jetty-0.0.0.0-32955-hddsDatanode-_-any-2239817309537597988.dir/webapp/,AVAILABLE}{/hddsDatanode}
2019-06-14 02:55:15,106 INFO  server.AbstractConnector (AbstractConnector.java:doStart(278)) - Started ServerConnector@592fbd8{HTTP/1.1,[http/1.1]}{0.0.0.0:32955}
2019-06-14 02:55:15,107 INFO  server.Server (Server.java:doStart(419)) - Started @143910ms
2019-06-14 02:55:15,109 INFO  server.BaseHttpServer (BaseHttpServer.java:updateConnectorAddress(207)) - HTTP server of HDDSDATANODE is listening at http://0.0.0.0:32955
2019-06-14 02:55:15,219 INFO  ozone.HddsDatanodeService (HddsDatanodeService.java:startPlugins(396)) - Started plug-in org.apache.hadoop.ozone.web.OzoneHddsDatanodeService@5379488c
2019-06-14 02:55:15,219 INFO  impl.MetricsSystemImpl (MetricsSystemImpl.java:init(158)) - HddsDatanode metrics system started (again)
2019-06-14 02:55:15,219 INFO  ozone.HddsDatanodeService (HddsDatanodeService.java:start(185)) - HddsDatanodeService host:ozone-r6sq7-3374789264 ip:192.168.105.164
2019-06-14 02:55:15,228 INFO  datanode.InitDatanodeState (InitDatanodeState.java:persistContainerDatanodeDetails(140)) - DatanodeDetails is persisted to /opt/src/hadoop-ozone/integration-test/target/test-dir/MiniOzoneClusterImpl-03ec3954-a2af-4c3d-a4be-c1432f13dd27/datanode-2/meta/datanode.id
2019-06-14 02:55:15,228 INFO  util.JvmPauseMonitor (JvmPauseMonitor.java:run(188)) - Starting JVM pause monitor
2019-06-14 02:55:15,234 INFO  volume.HddsVolume (HddsVolume.java:<init>(176)) - Creating Volume: /opt/src/hadoop-ozone/integration-test/target/test-dir/MiniOzoneClusterImpl-03ec3954-a2af-4c3d-a4be-c1432f13dd27/datanode-3/data/containers/hdds of  storage type : DISK and capacity : 104021790720
2019-06-14 02:55:15,235 INFO  volume.VolumeSet (VolumeSet.java:initializeVolumeSet(170)) - Added Volume : /opt/src/hadoop-ozone/integration-test/target/test-dir/MiniOzoneClusterImpl-03ec3954-a2af-4c3d-a4be-c1432f13dd27/datanode-3/data/containers/hdds to VolumeSet
2019-06-14 02:55:15,235 INFO  volume.ThrottledAsyncChecker (ThrottledAsyncChecker.java:schedule(140)) - Scheduling a check for org.apache.hadoop.ozone.container.common.volume.HddsVolume@68bef3df
2019-06-14 02:55:15,243 INFO  volume.HddsVolumeChecker (HddsVolumeChecker.java:checkAllVolumes(203)) - Scheduled health check for volume org.apache.hadoop.ozone.container.common.volume.HddsVolume@68bef3df
2019-06-14 02:55:15,265 INFO  ratis.XceiverServerRatis (XceiverServerRatis.java:newXceiverServerRatis(401)) - Found a free port for the server : 43035
2019-06-14 02:55:15,284 INFO  impl.RaftServerProxy (ConfUtils.java:logGet(43)) - raft.rpc.type = GRPC (default)
2019-06-14 02:55:15,285 INFO  grpc.GrpcConfigKeys$Server (ConfUtils.java:logGet(43)) - raft.grpc.server.port = 43035 (custom)
2019-06-14 02:55:15,285 INFO  server.GrpcService (ConfUtils.java:logGet(43)) - raft.grpc.message.size.max = 33570816 (custom)
2019-06-14 02:55:15,285 INFO  server.RaftServerConfigKeys (ConfUtils.java:logGet(43)) - raft.server.log.appender.buffer.byte-limit = 33554432 (custom)
2019-06-14 02:55:15,288 INFO  server.GrpcService (ConfUtils.java:logGet(43)) - raft.grpc.flow.control.window = 1MB (=1048576) (default)
2019-06-14 02:55:15,288 INFO  server.RaftServerConfigKeys (ConfUtils.java:logGet(43)) - raft.server.rpc.request.timeout = 3000ms (default)
2019-06-14 02:55:15,288 INFO  server.RaftServerConfigKeys (ConfUtils.java:logGet(43)) - raft.server.storage.dir = [/opt/src/hadoop-ozone/integration-test/target/test-dir/MiniOzoneClusterImpl-03ec3954-a2af-4c3d-a4be-c1432f13dd27/datanode-3/data/ratis] (custom)
2019-06-14 02:55:15,289 INFO  server.XceiverServerGrpc (XceiverServerGrpc.java:<init>(97)) - Found a free port for the server : 38057
2019-06-14 02:55:15,290 INFO  replication.SimpleContainerDownloader (SimpleContainerDownloader.java:<init>(72)) - Starting container downloader service to copy containers to replicate.
2019-06-14 02:55:15,293 INFO  hdfs.DFSUtil (DFSUtil.java:httpServerTemplateForNNAndJN(1641)) - Starting Web-server for hddsDatanode at: http://0.0.0.0:0
2019-06-14 02:55:15,295 INFO  server.AuthenticationFilter (AuthenticationFilter.java:constructSecretProvider(240)) - Unable to initialize FileSignerSecretProvider, falling back to use random secrets.
2019-06-14 02:55:15,295 WARN  http.HttpRequestLog (HttpRequestLog.java:getRequestLog(97)) - Jetty request log can only be enabled using Log4j
2019-06-14 02:55:15,296 INFO  http.HttpServer2 (HttpServer2.java:addGlobalFilter(975)) - Added global filter 'safety' (class=org.apache.hadoop.http.HttpServer2$QuotingInputFilter)
2019-06-14 02:55:15,297 INFO  http.HttpServer2 (HttpServer2.java:addFilter(948)) - Added filter static_user_filter (class=org.apache.hadoop.http.lib.StaticUserWebFilter$StaticUserFilter) to context hddsDatanode
2019-06-14 02:55:15,298 INFO  http.HttpServer2 (HttpServer2.java:addFilter(958)) - Added filter static_user_filter (class=org.apache.hadoop.http.lib.StaticUserWebFilter$StaticUserFilter) to context static
2019-06-14 02:55:15,298 INFO  http.HttpServer2 (HttpServer2.java:addFilter(958)) - Added filter static_user_filter (class=org.apache.hadoop.http.lib.StaticUserWebFilter$StaticUserFilter) to context logs
2019-06-14 02:55:15,298 INFO  http.HttpServer2 (HttpServer2.java:bindListener(1191)) - Jetty bound to port 45339
2019-06-14 02:55:15,299 INFO  server.Server (Server.java:doStart(351)) - jetty-9.3.24.v20180605, build timestamp: 2018-06-05T17:11:56Z, git hash: 84205aa28f11a4f31f2a3b86d1bba2cc8ab69827
2019-06-14 02:55:15,346 INFO  handler.ContextHandler (ContextHandler.java:doStart(781)) - Started o.e.j.s.ServletContextHandler@60052518{/logs,file:///opt/src/hadoop-ozone/integration-test/target/log,AVAILABLE}
2019-06-14 02:55:15,346 INFO  handler.ContextHandler (ContextHandler.java:doStart(781)) - Started o.e.j.s.ServletContextHandler@36b86248{/static,jar:file:/root/.m2/repository/org/apache/hadoop/hadoop-hdds-container-service/0.5.0-SNAPSHOT/hadoop-hdds-container-service-0.5.0-SNAPSHOT.jar!/webapps/static,AVAILABLE}
2019-06-14 02:55:15,377 INFO  handler.ContextHandler (ContextHandler.java:doStart(781)) - Started o.e.j.w.WebAppContext@3fc064cb{/,file:///tmp/jetty-0.0.0.0-45339-hddsDatanode-_-any-5864903479435662797.dir/webapp/,AVAILABLE}{/hddsDatanode}
2019-06-14 02:55:15,377 INFO  server.AbstractConnector (AbstractConnector.java:doStart(278)) - Started ServerConnector@4bacabc4{HTTP/1.1,[http/1.1]}{0.0.0.0:45339}
2019-06-14 02:55:15,379 INFO  server.Server (Server.java:doStart(419)) - Started @144183ms
2019-06-14 02:55:15,380 INFO  server.BaseHttpServer (BaseHttpServer.java:updateConnectorAddress(207)) - HTTP server of HDDSDATANODE is listening at http://0.0.0.0:45339
2019-06-14 02:55:15,491 INFO  ozone.HddsDatanodeService (HddsDatanodeService.java:startPlugins(396)) - Started plug-in org.apache.hadoop.ozone.web.OzoneHddsDatanodeService@7aac6d13
2019-06-14 02:55:15,492 INFO  impl.MetricsSystemImpl (MetricsSystemImpl.java:init(158)) - HddsDatanode metrics system started (again)
2019-06-14 02:55:15,492 INFO  ozone.HddsDatanodeService (HddsDatanodeService.java:start(185)) - HddsDatanodeService host:ozone-r6sq7-3374789264 ip:192.168.105.164
2019-06-14 02:55:15,509 INFO  util.JvmPauseMonitor (JvmPauseMonitor.java:run(188)) - Starting JVM pause monitor
2019-06-14 02:55:15,511 INFO  datanode.InitDatanodeState (InitDatanodeState.java:persistContainerDatanodeDetails(140)) - DatanodeDetails is persisted to /opt/src/hadoop-ozone/integration-test/target/test-dir/MiniOzoneClusterImpl-03ec3954-a2af-4c3d-a4be-c1432f13dd27/datanode-3/meta/datanode.id
2019-06-14 02:55:15,516 INFO  volume.HddsVolume (HddsVolume.java:<init>(176)) - Creating Volume: /opt/src/hadoop-ozone/integration-test/target/test-dir/MiniOzoneClusterImpl-03ec3954-a2af-4c3d-a4be-c1432f13dd27/datanode-4/data/containers/hdds of  storage type : DISK and capacity : 104021790720
2019-06-14 02:55:15,517 INFO  volume.VolumeSet (VolumeSet.java:initializeVolumeSet(170)) - Added Volume : /opt/src/hadoop-ozone/integration-test/target/test-dir/MiniOzoneClusterImpl-03ec3954-a2af-4c3d-a4be-c1432f13dd27/datanode-4/data/containers/hdds to VolumeSet
2019-06-14 02:55:15,517 INFO  volume.ThrottledAsyncChecker (ThrottledAsyncChecker.java:schedule(140)) - Scheduling a check for org.apache.hadoop.ozone.container.common.volume.HddsVolume@2801ccb3
2019-06-14 02:55:15,518 INFO  volume.HddsVolumeChecker (HddsVolumeChecker.java:checkAllVolumes(203)) - Scheduled health check for volume org.apache.hadoop.ozone.container.common.volume.HddsVolume@2801ccb3
2019-06-14 02:55:15,531 INFO  ratis.XceiverServerRatis (XceiverServerRatis.java:newXceiverServerRatis(401)) - Found a free port for the server : 38705
2019-06-14 02:55:15,532 INFO  impl.RaftServerProxy (ConfUtils.java:logGet(43)) - raft.rpc.type = GRPC (default)
2019-06-14 02:55:15,532 INFO  grpc.GrpcConfigKeys$Server (ConfUtils.java:logGet(43)) - raft.grpc.server.port = 38705 (custom)
2019-06-14 02:55:15,532 INFO  server.GrpcService (ConfUtils.java:logGet(43)) - raft.grpc.message.size.max = 33570816 (custom)
2019-06-14 02:55:15,532 INFO  server.RaftServerConfigKeys (ConfUtils.java:logGet(43)) - raft.server.log.appender.buffer.byte-limit = 33554432 (custom)
2019-06-14 02:55:15,533 INFO  server.GrpcService (ConfUtils.java:logGet(43)) - raft.grpc.flow.control.window = 1MB (=1048576) (default)
2019-06-14 02:55:15,533 INFO  server.RaftServerConfigKeys (ConfUtils.java:logGet(43)) - raft.server.rpc.request.timeout = 3000ms (default)
2019-06-14 02:55:15,533 INFO  server.RaftServerConfigKeys (ConfUtils.java:logGet(43)) - raft.server.storage.dir = [/opt/src/hadoop-ozone/integration-test/target/test-dir/MiniOzoneClusterImpl-03ec3954-a2af-4c3d-a4be-c1432f13dd27/datanode-4/data/ratis] (custom)
2019-06-14 02:55:15,534 INFO  server.XceiverServerGrpc (XceiverServerGrpc.java:<init>(97)) - Found a free port for the server : 39019
2019-06-14 02:55:15,534 INFO  replication.SimpleContainerDownloader (SimpleContainerDownloader.java:<init>(72)) - Starting container downloader service to copy containers to replicate.
2019-06-14 02:55:15,535 INFO  hdfs.DFSUtil (DFSUtil.java:httpServerTemplateForNNAndJN(1641)) - Starting Web-server for hddsDatanode at: http://0.0.0.0:0
2019-06-14 02:55:15,536 INFO  server.AuthenticationFilter (AuthenticationFilter.java:constructSecretProvider(240)) - Unable to initialize FileSignerSecretProvider, falling back to use random secrets.
2019-06-14 02:55:15,537 WARN  http.HttpRequestLog (HttpRequestLog.java:getRequestLog(97)) - Jetty request log can only be enabled using Log4j
2019-06-14 02:55:15,538 INFO  http.HttpServer2 (HttpServer2.java:addGlobalFilter(975)) - Added global filter 'safety' (class=org.apache.hadoop.http.HttpServer2$QuotingInputFilter)
2019-06-14 02:55:15,538 INFO  http.HttpServer2 (HttpServer2.java:addFilter(948)) - Added filter static_user_filter (class=org.apache.hadoop.http.lib.StaticUserWebFilter$StaticUserFilter) to context hddsDatanode
2019-06-14 02:55:15,539 INFO  http.HttpServer2 (HttpServer2.java:addFilter(958)) - Added filter static_user_filter (class=org.apache.hadoop.http.lib.StaticUserWebFilter$StaticUserFilter) to context logs
2019-06-14 02:55:15,539 INFO  http.HttpServer2 (HttpServer2.java:addFilter(958)) - Added filter static_user_filter (class=org.apache.hadoop.http.lib.StaticUserWebFilter$StaticUserFilter) to context static
2019-06-14 02:55:15,539 INFO  http.HttpServer2 (HttpServer2.java:bindListener(1191)) - Jetty bound to port 46065
2019-06-14 02:55:15,539 INFO  server.Server (Server.java:doStart(351)) - jetty-9.3.24.v20180605, build timestamp: 2018-06-05T17:11:56Z, git hash: 84205aa28f11a4f31f2a3b86d1bba2cc8ab69827
2019-06-14 02:55:15,550 INFO  handler.ContextHandler (ContextHandler.java:doStart(781)) - Started o.e.j.s.ServletContextHandler@772db1d8{/logs,file:///opt/src/hadoop-ozone/integration-test/target/log,AVAILABLE}
2019-06-14 02:55:15,551 INFO  handler.ContextHandler (ContextHandler.java:doStart(781)) - Started o.e.j.s.ServletContextHandler@489e1887{/static,jar:file:/root/.m2/repository/org/apache/hadoop/hadoop-hdds-container-service/0.5.0-SNAPSHOT/hadoop-hdds-container-service-0.5.0-SNAPSHOT.jar!/webapps/static,AVAILABLE}
2019-06-14 02:55:15,570 INFO  handler.ContextHandler (ContextHandler.java:doStart(781)) - Started o.e.j.w.WebAppContext@1a4340f2{/,file:///tmp/jetty-0.0.0.0-46065-hddsDatanode-_-any-6013096494823836048.dir/webapp/,AVAILABLE}{/hddsDatanode}
2019-06-14 02:55:15,571 INFO  server.AbstractConnector (AbstractConnector.java:doStart(278)) - Started ServerConnector@56a63c28{HTTP/1.1,[http/1.1]}{0.0.0.0:46065}
2019-06-14 02:55:15,572 INFO  server.Server (Server.java:doStart(419)) - Started @144376ms
2019-06-14 02:55:15,573 INFO  server.BaseHttpServer (BaseHttpServer.java:updateConnectorAddress(207)) - HTTP server of HDDSDATANODE is listening at http://0.0.0.0:46065
2019-06-14 02:55:15,677 INFO  ozone.HddsDatanodeService (HddsDatanodeService.java:startPlugins(396)) - Started plug-in org.apache.hadoop.ozone.web.OzoneHddsDatanodeService@1b7648f
2019-06-14 02:55:15,677 INFO  impl.MetricsSystemImpl (MetricsSystemImpl.java:init(158)) - HddsDatanode metrics system started (again)
2019-06-14 02:55:15,678 INFO  ozone.HddsDatanodeService (HddsDatanodeService.java:start(185)) - HddsDatanodeService host:ozone-r6sq7-3374789264 ip:192.168.105.164
2019-06-14 02:55:15,690 INFO  util.JvmPauseMonitor (JvmPauseMonitor.java:run(188)) - Starting JVM pause monitor
2019-06-14 02:55:15,694 INFO  volume.HddsVolume (HddsVolume.java:<init>(176)) - Creating Volume: /opt/src/hadoop-ozone/integration-test/target/test-dir/MiniOzoneClusterImpl-03ec3954-a2af-4c3d-a4be-c1432f13dd27/datanode-5/data/containers/hdds of  storage type : DISK and capacity : 104021790720
2019-06-14 02:55:15,694 INFO  volume.VolumeSet (VolumeSet.java:initializeVolumeSet(170)) - Added Volume : /opt/src/hadoop-ozone/integration-test/target/test-dir/MiniOzoneClusterImpl-03ec3954-a2af-4c3d-a4be-c1432f13dd27/datanode-5/data/containers/hdds to VolumeSet
2019-06-14 02:55:15,694 INFO  volume.ThrottledAsyncChecker (ThrottledAsyncChecker.java:schedule(140)) - Scheduling a check for org.apache.hadoop.ozone.container.common.volume.HddsVolume@521032a6
2019-06-14 02:55:15,695 INFO  volume.HddsVolumeChecker (HddsVolumeChecker.java:checkAllVolumes(203)) - Scheduled health check for volume org.apache.hadoop.ozone.container.common.volume.HddsVolume@521032a6
2019-06-14 02:55:15,695 INFO  datanode.InitDatanodeState (InitDatanodeState.java:persistContainerDatanodeDetails(140)) - DatanodeDetails is persisted to /opt/src/hadoop-ozone/integration-test/target/test-dir/MiniOzoneClusterImpl-03ec3954-a2af-4c3d-a4be-c1432f13dd27/datanode-4/meta/datanode.id
2019-06-14 02:55:15,703 INFO  ratis.XceiverServerRatis (XceiverServerRatis.java:newXceiverServerRatis(401)) - Found a free port for the server : 40543
2019-06-14 02:55:15,705 INFO  impl.RaftServerProxy (ConfUtils.java:logGet(43)) - raft.rpc.type = GRPC (default)
2019-06-14 02:55:15,705 INFO  grpc.GrpcConfigKeys$Server (ConfUtils.java:logGet(43)) - raft.grpc.server.port = 40543 (custom)
2019-06-14 02:55:15,705 INFO  server.GrpcService (ConfUtils.java:logGet(43)) - raft.grpc.message.size.max = 33570816 (custom)
2019-06-14 02:55:15,705 INFO  server.RaftServerConfigKeys (ConfUtils.java:logGet(43)) - raft.server.log.appender.buffer.byte-limit = 33554432 (custom)
2019-06-14 02:55:15,705 INFO  server.GrpcService (ConfUtils.java:logGet(43)) - raft.grpc.flow.control.window = 1MB (=1048576) (default)
2019-06-14 02:55:15,705 INFO  server.RaftServerConfigKeys (ConfUtils.java:logGet(43)) - raft.server.rpc.request.timeout = 3000ms (default)
2019-06-14 02:55:15,706 INFO  server.RaftServerConfigKeys (ConfUtils.java:logGet(43)) - raft.server.storage.dir = [/opt/src/hadoop-ozone/integration-test/target/test-dir/MiniOzoneClusterImpl-03ec3954-a2af-4c3d-a4be-c1432f13dd27/datanode-5/data/ratis] (custom)
2019-06-14 02:55:15,706 INFO  server.XceiverServerGrpc (XceiverServerGrpc.java:<init>(97)) - Found a free port for the server : 36779
2019-06-14 02:55:15,706 INFO  replication.SimpleContainerDownloader (SimpleContainerDownloader.java:<init>(72)) - Starting container downloader service to copy containers to replicate.
2019-06-14 02:55:15,707 INFO  hdfs.DFSUtil (DFSUtil.java:httpServerTemplateForNNAndJN(1641)) - Starting Web-server for hddsDatanode at: http://0.0.0.0:0
2019-06-14 02:55:15,708 INFO  server.AuthenticationFilter (AuthenticationFilter.java:constructSecretProvider(240)) - Unable to initialize FileSignerSecretProvider, falling back to use random secrets.
2019-06-14 02:55:15,708 WARN  http.HttpRequestLog (HttpRequestLog.java:getRequestLog(97)) - Jetty request log can only be enabled using Log4j
2019-06-14 02:55:15,709 INFO  http.HttpServer2 (HttpServer2.java:addGlobalFilter(975)) - Added global filter 'safety' (class=org.apache.hadoop.http.HttpServer2$QuotingInputFilter)
2019-06-14 02:55:15,709 INFO  http.HttpServer2 (HttpServer2.java:addFilter(948)) - Added filter static_user_filter (class=org.apache.hadoop.http.lib.StaticUserWebFilter$StaticUserFilter) to context hddsDatanode
2019-06-14 02:55:15,709 INFO  http.HttpServer2 (HttpServer2.java:addFilter(958)) - Added filter static_user_filter (class=org.apache.hadoop.http.lib.StaticUserWebFilter$StaticUserFilter) to context static
2019-06-14 02:55:15,709 INFO  http.HttpServer2 (HttpServer2.java:addFilter(958)) - Added filter static_user_filter (class=org.apache.hadoop.http.lib.StaticUserWebFilter$StaticUserFilter) to context logs
2019-06-14 02:55:15,710 INFO  http.HttpServer2 (HttpServer2.java:bindListener(1191)) - Jetty bound to port 36381
2019-06-14 02:55:15,710 INFO  server.Server (Server.java:doStart(351)) - jetty-9.3.24.v20180605, build timestamp: 2018-06-05T17:11:56Z, git hash: 84205aa28f11a4f31f2a3b86d1bba2cc8ab69827
2019-06-14 02:55:15,714 INFO  handler.ContextHandler (ContextHandler.java:doStart(781)) - Started o.e.j.s.ServletContextHandler@644eed73{/logs,file:///opt/src/hadoop-ozone/integration-test/target/log,AVAILABLE}
2019-06-14 02:55:15,715 INFO  handler.ContextHandler (ContextHandler.java:doStart(781)) - Started o.e.j.s.ServletContextHandler@834529e{/static,jar:file:/root/.m2/repository/org/apache/hadoop/hadoop-hdds-container-service/0.5.0-SNAPSHOT/hadoop-hdds-container-service-0.5.0-SNAPSHOT.jar!/webapps/static,AVAILABLE}
2019-06-14 02:55:15,742 INFO  handler.ContextHandler (ContextHandler.java:doStart(781)) - Started o.e.j.w.WebAppContext@3747877{/,file:///tmp/jetty-0.0.0.0-36381-hddsDatanode-_-any-3507555555170317113.dir/webapp/,AVAILABLE}{/hddsDatanode}
2019-06-14 02:55:15,742 INFO  server.AbstractConnector (AbstractConnector.java:doStart(278)) - Started ServerConnector@86abdbd{HTTP/1.1,[http/1.1]}{0.0.0.0:36381}
2019-06-14 02:55:15,744 INFO  server.Server (Server.java:doStart(419)) - Started @144548ms
2019-06-14 02:55:15,745 INFO  server.BaseHttpServer (BaseHttpServer.java:updateConnectorAddress(207)) - HTTP server of HDDSDATANODE is listening at http://0.0.0.0:36381
2019-06-14 02:55:15,816 INFO  ozone.HddsDatanodeService (HddsDatanodeService.java:startPlugins(396)) - Started plug-in org.apache.hadoop.ozone.web.OzoneHddsDatanodeService@31aec04a
2019-06-14 02:55:15,817 INFO  ozone.MiniOzoneClusterImpl (MiniOzoneClusterImpl.java:lambda$waitForClusterToBeReady$0(142)) - Waiting for cluster to be ready. Got 0 of 6 DN Heartbeats.
2019-06-14 02:55:15,817 INFO  util.JvmPauseMonitor (JvmPauseMonitor.java:run(188)) - Starting JVM pause monitor
2019-06-14 02:55:15,818 INFO  datanode.InitDatanodeState (InitDatanodeState.java:persistContainerDatanodeDetails(140)) - DatanodeDetails is persisted to /opt/src/hadoop-ozone/integration-test/target/test-dir/MiniOzoneClusterImpl-03ec3954-a2af-4c3d-a4be-c1432f13dd27/datanode-5/meta/datanode.id
2019-06-14 02:55:16,817 INFO  ozone.MiniOzoneClusterImpl (MiniOzoneClusterImpl.java:lambda$waitForClusterToBeReady$0(142)) - Waiting for cluster to be ready. Got 0 of 6 DN Heartbeats.
2019-06-14 02:55:16,821 INFO  ozoneimpl.OzoneContainer (OzoneContainer.java:start(186)) - Attempting to start container services.
2019-06-14 02:55:16,822 INFO  ozoneimpl.OzoneContainer (OzoneContainer.java:startContainerScrub(160)) - Background container scrubber has been disabled by hdds.containerscrub.enabled
2019-06-14 02:55:16,822 INFO  ratis.XceiverServerRatis (XceiverServerRatis.java:start(418)) - Starting XceiverServerRatis d410378f-70d6-461e-a499-10dacf5a9af7 at port 46211
2019-06-14 02:55:16,828 INFO  impl.RaftServerProxy (RaftServerProxy.java:lambda$start$3(299)) - d410378f-70d6-461e-a499-10dacf5a9af7: start RPC server
2019-06-14 02:55:16,829 INFO  server.GrpcService (GrpcService.java:startImpl(148)) - d410378f-70d6-461e-a499-10dacf5a9af7: GrpcService started, listening on 0.0.0.0/0.0.0.0:46211
2019-06-14 02:55:17,045 INFO  ozoneimpl.OzoneContainer (OzoneContainer.java:start(186)) - Attempting to start container services.
2019-06-14 02:55:17,045 INFO  ozoneimpl.OzoneContainer (OzoneContainer.java:startContainerScrub(160)) - Background container scrubber has been disabled by hdds.containerscrub.enabled
2019-06-14 02:55:17,045 INFO  ratis.XceiverServerRatis (XceiverServerRatis.java:start(418)) - Starting XceiverServerRatis ec0675ad-ae7a-477c-a36f-f67ded088084 at port 43897
2019-06-14 02:55:17,063 INFO  impl.RaftServerProxy (RaftServerProxy.java:lambda$start$3(299)) - ec0675ad-ae7a-477c-a36f-f67ded088084: start RPC server
2019-06-14 02:55:17,064 INFO  server.GrpcService (GrpcService.java:startImpl(148)) - ec0675ad-ae7a-477c-a36f-f67ded088084: GrpcService started, listening on 0.0.0.0/0.0.0.0:43897
2019-06-14 02:55:17,230 INFO  ozoneimpl.OzoneContainer (OzoneContainer.java:start(186)) - Attempting to start container services.
2019-06-14 02:55:17,230 INFO  ozoneimpl.OzoneContainer (OzoneContainer.java:startContainerScrub(160)) - Background container scrubber has been disabled by hdds.containerscrub.enabled
2019-06-14 02:55:17,230 INFO  ratis.XceiverServerRatis (XceiverServerRatis.java:start(418)) - Starting XceiverServerRatis ac1745c0-e1ab-4938-a48a-bbefd2b06748 at port 41913
2019-06-14 02:55:17,233 INFO  impl.RaftServerProxy (RaftServerProxy.java:lambda$start$3(299)) - ac1745c0-e1ab-4938-a48a-bbefd2b06748: start RPC server
2019-06-14 02:55:17,233 INFO  server.GrpcService (GrpcService.java:startImpl(148)) - ac1745c0-e1ab-4938-a48a-bbefd2b06748: GrpcService started, listening on 0.0.0.0/0.0.0.0:41913
2019-06-14 02:55:17,513 INFO  ozoneimpl.OzoneContainer (OzoneContainer.java:start(186)) - Attempting to start container services.
2019-06-14 02:55:17,513 INFO  ozoneimpl.OzoneContainer (OzoneContainer.java:startContainerScrub(160)) - Background container scrubber has been disabled by hdds.containerscrub.enabled
2019-06-14 02:55:17,513 INFO  ratis.XceiverServerRatis (XceiverServerRatis.java:start(418)) - Starting XceiverServerRatis 03472a84-2fbb-435a-b88a-fcd580717527 at port 43035
2019-06-14 02:55:17,517 INFO  impl.RaftServerProxy (RaftServerProxy.java:lambda$start$3(299)) - 03472a84-2fbb-435a-b88a-fcd580717527: start RPC server
2019-06-14 02:55:17,518 INFO  server.GrpcService (GrpcService.java:startImpl(148)) - 03472a84-2fbb-435a-b88a-fcd580717527: GrpcService started, listening on 0.0.0.0/0.0.0.0:43035
2019-06-14 02:55:17,694 INFO  ozoneimpl.OzoneContainer (OzoneContainer.java:start(186)) - Attempting to start container services.
2019-06-14 02:55:17,694 INFO  ozoneimpl.OzoneContainer (OzoneContainer.java:startContainerScrub(160)) - Background container scrubber has been disabled by hdds.containerscrub.enabled
2019-06-14 02:55:17,694 INFO  ratis.XceiverServerRatis (XceiverServerRatis.java:start(418)) - Starting XceiverServerRatis 978a5ad8-9255-4edb-ac43-b1d2b32ce9e1 at port 38705
2019-06-14 02:55:17,697 INFO  impl.RaftServerProxy (RaftServerProxy.java:lambda$start$3(299)) - 978a5ad8-9255-4edb-ac43-b1d2b32ce9e1: start RPC server
2019-06-14 02:55:17,705 INFO  server.GrpcService (GrpcService.java:startImpl(148)) - 978a5ad8-9255-4edb-ac43-b1d2b32ce9e1: GrpcService started, listening on 0.0.0.0/0.0.0.0:38705
2019-06-14 02:55:17,818 INFO  ozone.MiniOzoneClusterImpl (MiniOzoneClusterImpl.java:lambda$waitForClusterToBeReady$0(142)) - Waiting for cluster to be ready. Got 0 of 6 DN Heartbeats.
2019-06-14 02:55:17,821 INFO  ozoneimpl.OzoneContainer (OzoneContainer.java:start(186)) - Attempting to start container services.
2019-06-14 02:55:17,821 INFO  ozoneimpl.OzoneContainer (OzoneContainer.java:startContainerScrub(160)) - Background container scrubber has been disabled by hdds.containerscrub.enabled
2019-06-14 02:55:17,821 INFO  ratis.XceiverServerRatis (XceiverServerRatis.java:start(418)) - Starting XceiverServerRatis 786813e0-0cf9-45c4-8b80-f014797963f2 at port 40543
2019-06-14 02:55:17,826 INFO  impl.RaftServerProxy (RaftServerProxy.java:lambda$start$3(299)) - 786813e0-0cf9-45c4-8b80-f014797963f2: start RPC server
2019-06-14 02:55:17,826 INFO  server.GrpcService (GrpcService.java:startImpl(148)) - 786813e0-0cf9-45c4-8b80-f014797963f2: GrpcService started, listening on 0.0.0.0/0.0.0.0:40543
2019-06-14 02:55:18,818 INFO  node.SCMNodeManager (SCMNodeManager.java:register(234)) - Registered Data node : d410378f-70d6-461e-a499-10dacf5a9af7{ip: 192.168.105.164, host: ozone-r6sq7-3374789264, networkLocation: /default-rack, certSerialId: null}
2019-06-14 02:55:18,820 INFO  ozone.MiniOzoneClusterImpl (MiniOzoneClusterImpl.java:lambda$waitForClusterToBeReady$0(142)) - Waiting for cluster to be ready. Got 1 of 6 DN Heartbeats.
2019-06-14 02:55:18,820 INFO  safemode.SCMSafeModeManager (DataNodeSafeModeRule.java:process(71)) - SCM in safe mode. 1 DataNodes registered, 1 required.
2019-06-14 02:55:18,822 INFO  safemode.SCMSafeModeManager (SCMSafeModeManager.java:validateSafeModeExitRules(177)) - ScmSafeModeManager, all rules are successfully validated
2019-06-14 02:55:18,822 INFO  safemode.SCMSafeModeManager (SCMSafeModeManager.java:exitSafeMode(193)) - SCM exiting safe mode.
2019-06-14 02:55:18,831 INFO  impl.RaftServerProxy (RaftServerProxy.java:addNew(89)) - d410378f-70d6-461e-a499-10dacf5a9af7: addNew group-7E47EA8437ED:[d410378f-70d6-461e-a499-10dacf5a9af7:192.168.105.164:46211] returns group-7E47EA8437ED:java.util.concurrent.CompletableFuture@e43d856[Not completed]
2019-06-14 02:55:18,831 INFO  impl.RaftServerImpl (RaftServerImpl.java:<init>(91)) - d410378f-70d6-461e-a499-10dacf5a9af7: new RaftServerImpl for group-7E47EA8437ED:[d410378f-70d6-461e-a499-10dacf5a9af7:192.168.105.164:46211] with ContainerStateMachine:uninitialized
2019-06-14 02:55:18,831 INFO  server.RaftServerConfigKeys (ConfUtils.java:logGet(43)) - raft.server.rpc.timeout.min = 1s (custom)
2019-06-14 02:55:18,831 INFO  server.RaftServerConfigKeys (ConfUtils.java:logGet(43)) - raft.server.rpc.timeout.max = 1200ms (custom)
2019-06-14 02:55:18,831 INFO  server.RaftServerConfigKeys (ConfUtils.java:logGet(43)) - raft.server.rpcslowness.timeout = 120s (custom)
2019-06-14 02:55:18,831 INFO  server.RaftServerConfigKeys (ConfUtils.java:logGet(43)) - raft.server.log.appender.install.snapshot.enabled = true (default)
2019-06-14 02:55:18,832 INFO  impl.RaftServerImpl (ServerState.java:<init>(101)) - d410378f-70d6-461e-a499-10dacf5a9af7:group-7E47EA8437ED ConfigurationManager, init=-1: [d410378f-70d6-461e-a499-10dacf5a9af7:192.168.105.164:46211], old=null, confs=<EMPTY_MAP>
2019-06-14 02:55:18,832 INFO  server.RaftServerConfigKeys (ConfUtils.java:logGet(43)) - raft.server.storage.dir = [/opt/src/hadoop-ozone/integration-test/target/test-dir/MiniOzoneClusterImpl-03ec3954-a2af-4c3d-a4be-c1432f13dd27/datanode-0/data/ratis] (custom)
2019-06-14 02:55:18,832 INFO  storage.RaftStorageDirectory (RaftStorageDirectory.java:analyzeStorage(246)) - The storage directory /opt/src/hadoop-ozone/integration-test/target/test-dir/MiniOzoneClusterImpl-03ec3954-a2af-4c3d-a4be-c1432f13dd27/datanode-0/data/ratis/999b2748-8b62-4c19-bbab-7e47ea8437ed does not exist. Creating ...
2019-06-14 02:55:18,834 INFO  storage.RaftStorageDirectory (RaftStorageDirectory.java:tryLock(328)) - Lock on /opt/src/hadoop-ozone/integration-test/target/test-dir/MiniOzoneClusterImpl-03ec3954-a2af-4c3d-a4be-c1432f13dd27/datanode-0/data/ratis/999b2748-8b62-4c19-bbab-7e47ea8437ed/in_use.lock acquired by nodename 14991@ozone-r6sq7-3374789264
2019-06-14 02:55:18,836 INFO  storage.RaftStorage (RaftStorage.java:format(75)) - Storage directory /opt/src/hadoop-ozone/integration-test/target/test-dir/MiniOzoneClusterImpl-03ec3954-a2af-4c3d-a4be-c1432f13dd27/datanode-0/data/ratis/999b2748-8b62-4c19-bbab-7e47ea8437ed has been successfully formatted.
2019-06-14 02:55:18,837 INFO  ratis.ContainerStateMachine (ContainerStateMachine.java:loadSnapshot(199)) - The snapshot info is null.Setting the last applied index to:(t:0, i:~)
2019-06-14 02:55:18,837 INFO  server.RaftServerConfigKeys (ConfUtils.java:logGet(43)) - raft.server.leader.election.timeout = 120s (custom)
2019-06-14 02:55:18,837 INFO  server.RaftServerConfigKeys (ConfUtils.java:logGet(43)) - raft.server.log.use.memory = false (default)
2019-06-14 02:55:18,837 INFO  server.RaftServerConfigKeys (ConfUtils.java:logGet(43)) - raft.server.log.appender.buffer.byte-limit = 33554432 (custom)
2019-06-14 02:55:18,837 INFO  server.RaftServerConfigKeys (ConfUtils.java:logGet(43)) - raft.server.log.segment.size.max = 16384 (custom)
2019-06-14 02:55:18,837 INFO  server.RaftServerConfigKeys (ConfUtils.java:logGet(43)) - raft.server.log.segment.cache.num.max = 2 (custom)
2019-06-14 02:55:18,837 INFO  storage.RaftLogWorker (RaftLogWorker.java:<init>(123)) - new d410378f-70d6-461e-a499-10dacf5a9af7-RaftLogWorker for Storage Directory /opt/src/hadoop-ozone/integration-test/target/test-dir/MiniOzoneClusterImpl-03ec3954-a2af-4c3d-a4be-c1432f13dd27/datanode-0/data/ratis/999b2748-8b62-4c19-bbab-7e47ea8437ed
2019-06-14 02:55:18,837 INFO  server.RaftServerConfigKeys (ConfUtils.java:logGet(43)) - raft.server.log.queue.byte-limit = 2147483647 (custom)
2019-06-14 02:55:18,837 INFO  server.RaftServerConfigKeys (ConfUtils.java:logGet(43)) - raft.server.log.queue.element-limit = 1024 (custom)
2019-06-14 02:55:18,837 INFO  server.RaftServerConfigKeys (ConfUtils.java:logGet(43)) - raft.server.log.segment.size.max = 16384 (custom)
2019-06-14 02:55:18,837 INFO  server.RaftServerConfigKeys (ConfUtils.java:logGet(43)) - raft.server.log.preallocated.size = 16384 (custom)
2019-06-14 02:55:18,837 INFO  server.RaftServerConfigKeys (ConfUtils.java:logGet(43)) - raft.server.log.write.buffer.size = 33554432 (custom)
2019-06-14 02:55:18,837 INFO  server.RaftServerConfigKeys (ConfUtils.java:logGet(43)) - raft.server.log.force.sync.num = 128 (default)
2019-06-14 02:55:18,837 INFO  server.RaftServerConfigKeys (ConfUtils.java:logGet(43)) - raft.server.log.statemachine.data.sync = true (default)
2019-06-14 02:55:18,837 INFO  server.RaftServerConfigKeys (ConfUtils.java:logGet(43)) - raft.server.log.statemachine.data.sync.timeout = 10s (default)
2019-06-14 02:55:18,837 INFO  server.RaftServerConfigKeys (ConfUtils.java:logGet(43)) - raft.server.log.statemachine.data.sync.timeout.retry = -1 (default)
2019-06-14 02:55:18,838 INFO  server.RaftServerConfigKeys (ConfUtils.java:logGet(43)) - raft.server.log.statemachine.data.caching.enabled = true (custom)
2019-06-14 02:55:18,838 INFO  server.RaftServerConfigKeys (ConfUtils.java:logGet(43)) - raft.server.snapshot.auto.trigger.enabled = true (custom)
2019-06-14 02:55:18,838 INFO  server.RaftServerConfigKeys (ConfUtils.java:logGet(43)) - raft.server.snapshot.auto.trigger.threshold = 10000 (custom)
2019-06-14 02:55:18,838 INFO  server.RaftServerConfigKeys (ConfUtils.java:logGet(43)) - raft.server.retrycache.expirytime = 600000ms (custom)
2019-06-14 02:55:18,838 INFO  impl.RaftServerImpl (RaftServerImpl.java:start(173)) - d410378f-70d6-461e-a499-10dacf5a9af7: start group-7E47EA8437ED
2019-06-14 02:55:18,838 INFO  impl.RaftServerImpl (RaftServerImpl.java:setRole(164)) - d410378f-70d6-461e-a499-10dacf5a9af7:group-7E47EA8437ED changes role from null to FOLLOWER at term 0 for startAsFollower
2019-06-14 02:55:18,838 INFO  impl.RoleInfo (RoleInfo.java:updateAndGet(143)) - d410378f-70d6-461e-a499-10dacf5a9af7: start FollowerState
2019-06-14 02:55:18,839 INFO  util.JmxRegister (JmxRegister.java:tryRegister(44)) - Successfully registered JMX Bean with object name Ratis:service=RaftServer,group=group-7E47EA8437ED,id=d410378f-70d6-461e-a499-10dacf5a9af7
2019-06-14 02:55:18,840 INFO  pipeline.PipelineStateManager (PipelineStateManager.java:addPipeline(56)) - Created pipeline Pipeline[ Id: 999b2748-8b62-4c19-bbab-7e47ea8437ed, Nodes: d410378f-70d6-461e-a499-10dacf5a9af7{ip: 192.168.105.164, host: ozone-r6sq7-3374789264, networkLocation: /default-rack, certSerialId: null}, Type:RATIS, Factor:ONE, State:OPEN]
2019-06-14 02:55:19,042 INFO  node.SCMNodeManager (SCMNodeManager.java:register(234)) - Registered Data node : ec0675ad-ae7a-477c-a36f-f67ded088084{ip: 192.168.105.164, host: ozone-r6sq7-3374789264, networkLocation: /default-rack, certSerialId: null}
2019-06-14 02:55:19,047 INFO  impl.RaftServerProxy (RaftServerProxy.java:addNew(89)) - ec0675ad-ae7a-477c-a36f-f67ded088084: addNew group-1B280BAF87B9:[ec0675ad-ae7a-477c-a36f-f67ded088084:192.168.105.164:43897] returns group-1B280BAF87B9:java.util.concurrent.CompletableFuture@59b27237[Not completed]
2019-06-14 02:55:19,048 INFO  impl.RaftServerImpl (RaftServerImpl.java:<init>(91)) - ec0675ad-ae7a-477c-a36f-f67ded088084: new RaftServerImpl for group-1B280BAF87B9:[ec0675ad-ae7a-477c-a36f-f67ded088084:192.168.105.164:43897] with ContainerStateMachine:uninitialized
2019-06-14 02:55:19,048 INFO  server.RaftServerConfigKeys (ConfUtils.java:logGet(43)) - raft.server.rpc.timeout.min = 1s (custom)
2019-06-14 02:55:19,048 INFO  server.RaftServerConfigKeys (ConfUtils.java:logGet(43)) - raft.server.rpc.timeout.max = 1200ms (custom)
2019-06-14 02:55:19,048 INFO  server.RaftServerConfigKeys (ConfUtils.java:logGet(43)) - raft.server.rpcslowness.timeout = 120s (custom)
2019-06-14 02:55:19,048 INFO  server.RaftServerConfigKeys (ConfUtils.java:logGet(43)) - raft.server.log.appender.install.snapshot.enabled = true (default)
2019-06-14 02:55:19,048 INFO  impl.RaftServerImpl (ServerState.java:<init>(101)) - ec0675ad-ae7a-477c-a36f-f67ded088084:group-1B280BAF87B9 ConfigurationManager, init=-1: [ec0675ad-ae7a-477c-a36f-f67ded088084:192.168.105.164:43897], old=null, confs=<EMPTY_MAP>
2019-06-14 02:55:19,048 INFO  server.RaftServerConfigKeys (ConfUtils.java:logGet(43)) - raft.server.storage.dir = [/opt/src/hadoop-ozone/integration-test/target/test-dir/MiniOzoneClusterImpl-03ec3954-a2af-4c3d-a4be-c1432f13dd27/datanode-1/data/ratis] (custom)
2019-06-14 02:55:19,048 INFO  storage.RaftStorageDirectory (RaftStorageDirectory.java:analyzeStorage(246)) - The storage directory /opt/src/hadoop-ozone/integration-test/target/test-dir/MiniOzoneClusterImpl-03ec3954-a2af-4c3d-a4be-c1432f13dd27/datanode-1/data/ratis/fcd0c71b-2c8d-4d76-8522-1b280baf87b9 does not exist. Creating ...
2019-06-14 02:55:19,051 INFO  storage.RaftStorageDirectory (RaftStorageDirectory.java:tryLock(328)) - Lock on /opt/src/hadoop-ozone/integration-test/target/test-dir/MiniOzoneClusterImpl-03ec3954-a2af-4c3d-a4be-c1432f13dd27/datanode-1/data/ratis/fcd0c71b-2c8d-4d76-8522-1b280baf87b9/in_use.lock acquired by nodename 14991@ozone-r6sq7-3374789264
2019-06-14 02:55:19,053 INFO  storage.RaftStorage (RaftStorage.java:format(75)) - Storage directory /opt/src/hadoop-ozone/integration-test/target/test-dir/MiniOzoneClusterImpl-03ec3954-a2af-4c3d-a4be-c1432f13dd27/datanode-1/data/ratis/fcd0c71b-2c8d-4d76-8522-1b280baf87b9 has been successfully formatted.
2019-06-14 02:55:19,053 INFO  ratis.ContainerStateMachine (ContainerStateMachine.java:loadSnapshot(199)) - The snapshot info is null.Setting the last applied index to:(t:0, i:~)
2019-06-14 02:55:19,053 INFO  server.RaftServerConfigKeys (ConfUtils.java:logGet(43)) - raft.server.leader.election.timeout = 120s (custom)
2019-06-14 02:55:19,053 INFO  server.RaftServerConfigKeys (ConfUtils.java:logGet(43)) - raft.server.log.use.memory = false (default)
2019-06-14 02:55:19,053 INFO  server.RaftServerConfigKeys (ConfUtils.java:logGet(43)) - raft.server.log.appender.buffer.byte-limit = 33554432 (custom)
2019-06-14 02:55:19,053 INFO  server.RaftServerConfigKeys (ConfUtils.java:logGet(43)) - raft.server.log.segment.size.max = 16384 (custom)
2019-06-14 02:55:19,053 INFO  server.RaftServerConfigKeys (ConfUtils.java:logGet(43)) - raft.server.log.segment.cache.num.max = 2 (custom)
2019-06-14 02:55:19,054 INFO  storage.RaftLogWorker (RaftLogWorker.java:<init>(123)) - new ec0675ad-ae7a-477c-a36f-f67ded088084-RaftLogWorker for Storage Directory /opt/src/hadoop-ozone/integration-test/target/test-dir/MiniOzoneClusterImpl-03ec3954-a2af-4c3d-a4be-c1432f13dd27/datanode-1/data/ratis/fcd0c71b-2c8d-4d76-8522-1b280baf87b9
2019-06-14 02:55:19,054 INFO  server.RaftServerConfigKeys (ConfUtils.java:logGet(43)) - raft.server.log.queue.byte-limit = 2147483647 (custom)
2019-06-14 02:55:19,054 INFO  server.RaftServerConfigKeys (ConfUtils.java:logGet(43)) - raft.server.log.queue.element-limit = 1024 (custom)
2019-06-14 02:55:19,054 INFO  server.RaftServerConfigKeys (ConfUtils.java:logGet(43)) - raft.server.log.segment.size.max = 16384 (custom)
2019-06-14 02:55:19,054 INFO  server.RaftServerConfigKeys (ConfUtils.java:logGet(43)) - raft.server.log.preallocated.size = 16384 (custom)
2019-06-14 02:55:19,054 INFO  server.RaftServerConfigKeys (ConfUtils.java:logGet(43)) - raft.server.log.write.buffer.size = 33554432 (custom)
2019-06-14 02:55:19,054 INFO  server.RaftServerConfigKeys (ConfUtils.java:logGet(43)) - raft.server.log.force.sync.num = 128 (default)
2019-06-14 02:55:19,054 INFO  server.RaftServerConfigKeys (ConfUtils.java:logGet(43)) - raft.server.log.statemachine.data.sync = true (default)
2019-06-14 02:55:19,054 INFO  server.RaftServerConfigKeys (ConfUtils.java:logGet(43)) - raft.server.log.statemachine.data.sync.timeout = 10s (default)
2019-06-14 02:55:19,054 INFO  server.RaftServerConfigKeys (ConfUtils.java:logGet(43)) - raft.server.log.statemachine.data.sync.timeout.retry = -1 (default)
2019-06-14 02:55:19,054 INFO  server.RaftServerConfigKeys (ConfUtils.java:logGet(43)) - raft.server.log.statemachine.data.caching.enabled = true (custom)
2019-06-14 02:55:19,054 INFO  server.RaftServerConfigKeys (ConfUtils.java:logGet(43)) - raft.server.snapshot.auto.trigger.enabled = true (custom)
2019-06-14 02:55:19,054 INFO  server.RaftServerConfigKeys (ConfUtils.java:logGet(43)) - raft.server.snapshot.auto.trigger.threshold = 10000 (custom)
2019-06-14 02:55:19,055 INFO  server.RaftServerConfigKeys (ConfUtils.java:logGet(43)) - raft.server.retrycache.expirytime = 600000ms (custom)
2019-06-14 02:55:19,055 INFO  impl.RaftServerImpl (RaftServerImpl.java:start(173)) - ec0675ad-ae7a-477c-a36f-f67ded088084: start group-1B280BAF87B9
2019-06-14 02:55:19,055 INFO  impl.RaftServerImpl (RaftServerImpl.java:setRole(164)) - ec0675ad-ae7a-477c-a36f-f67ded088084:group-1B280BAF87B9 changes role from null to FOLLOWER at term 0 for startAsFollower
2019-06-14 02:55:19,055 INFO  impl.RoleInfo (RoleInfo.java:updateAndGet(143)) - ec0675ad-ae7a-477c-a36f-f67ded088084: start FollowerState
2019-06-14 02:55:19,055 INFO  util.JmxRegister (JmxRegister.java:tryRegister(44)) - Successfully registered JMX Bean with object name Ratis:service=RaftServer,group=group-1B280BAF87B9,id=ec0675ad-ae7a-477c-a36f-f67ded088084
2019-06-14 02:55:19,057 INFO  pipeline.PipelineStateManager (PipelineStateManager.java:addPipeline(56)) - Created pipeline Pipeline[ Id: fcd0c71b-2c8d-4d76-8522-1b280baf87b9, Nodes: ec0675ad-ae7a-477c-a36f-f67ded088084{ip: 192.168.105.164, host: ozone-r6sq7-3374789264, networkLocation: /default-rack, certSerialId: null}, Type:RATIS, Factor:ONE, State:OPEN]
2019-06-14 02:55:19,228 INFO  node.SCMNodeManager (SCMNodeManager.java:register(234)) - Registered Data node : ac1745c0-e1ab-4938-a48a-bbefd2b06748{ip: 192.168.105.164, host: ozone-r6sq7-3374789264, networkLocation: /default-rack, certSerialId: null}
2019-06-14 02:55:19,233 INFO  impl.RaftServerProxy (RaftServerProxy.java:addNew(89)) - ac1745c0-e1ab-4938-a48a-bbefd2b06748: addNew group-2EF2214B46D3:[ac1745c0-e1ab-4938-a48a-bbefd2b06748:192.168.105.164:41913] returns group-2EF2214B46D3:java.util.concurrent.CompletableFuture@38987e75[Not completed]
2019-06-14 02:55:19,233 INFO  impl.RaftServerImpl (RaftServerImpl.java:<init>(91)) - ac1745c0-e1ab-4938-a48a-bbefd2b06748: new RaftServerImpl for group-2EF2214B46D3:[ac1745c0-e1ab-4938-a48a-bbefd2b06748:192.168.105.164:41913] with ContainerStateMachine:uninitialized
2019-06-14 02:55:19,233 INFO  server.RaftServerConfigKeys (ConfUtils.java:logGet(43)) - raft.server.rpc.timeout.min = 1s (custom)
2019-06-14 02:55:19,233 INFO  server.RaftServerConfigKeys (ConfUtils.java:logGet(43)) - raft.server.rpc.timeout.max = 1200ms (custom)
2019-06-14 02:55:19,234 INFO  server.RaftServerConfigKeys (ConfUtils.java:logGet(43)) - raft.server.rpcslowness.timeout = 120s (custom)
2019-06-14 02:55:19,234 INFO  server.RaftServerConfigKeys (ConfUtils.java:logGet(43)) - raft.server.log.appender.install.snapshot.enabled = true (default)
2019-06-14 02:55:19,234 INFO  impl.RaftServerImpl (ServerState.java:<init>(101)) - ac1745c0-e1ab-4938-a48a-bbefd2b06748:group-2EF2214B46D3 ConfigurationManager, init=-1: [ac1745c0-e1ab-4938-a48a-bbefd2b06748:192.168.105.164:41913], old=null, confs=<EMPTY_MAP>
2019-06-14 02:55:19,234 INFO  server.RaftServerConfigKeys (ConfUtils.java:logGet(43)) - raft.server.storage.dir = [/opt/src/hadoop-ozone/integration-test/target/test-dir/MiniOzoneClusterImpl-03ec3954-a2af-4c3d-a4be-c1432f13dd27/datanode-2/data/ratis] (custom)
2019-06-14 02:55:19,234 INFO  storage.RaftStorageDirectory (RaftStorageDirectory.java:analyzeStorage(246)) - The storage directory /opt/src/hadoop-ozone/integration-test/target/test-dir/MiniOzoneClusterImpl-03ec3954-a2af-4c3d-a4be-c1432f13dd27/datanode-2/data/ratis/df7f73c7-5b0a-46e6-85e6-2ef2214b46d3 does not exist. Creating ...
2019-06-14 02:55:19,236 INFO  storage.RaftStorageDirectory (RaftStorageDirectory.java:tryLock(328)) - Lock on /opt/src/hadoop-ozone/integration-test/target/test-dir/MiniOzoneClusterImpl-03ec3954-a2af-4c3d-a4be-c1432f13dd27/datanode-2/data/ratis/df7f73c7-5b0a-46e6-85e6-2ef2214b46d3/in_use.lock acquired by nodename 14991@ozone-r6sq7-3374789264
2019-06-14 02:55:19,238 INFO  storage.RaftStorage (RaftStorage.java:format(75)) - Storage directory /opt/src/hadoop-ozone/integration-test/target/test-dir/MiniOzoneClusterImpl-03ec3954-a2af-4c3d-a4be-c1432f13dd27/datanode-2/data/ratis/df7f73c7-5b0a-46e6-85e6-2ef2214b46d3 has been successfully formatted.
2019-06-14 02:55:19,239 INFO  ratis.ContainerStateMachine (ContainerStateMachine.java:loadSnapshot(199)) - The snapshot info is null.Setting the last applied index to:(t:0, i:~)
2019-06-14 02:55:19,239 INFO  server.RaftServerConfigKeys (ConfUtils.java:logGet(43)) - raft.server.leader.election.timeout = 120s (custom)
2019-06-14 02:55:19,239 INFO  server.RaftServerConfigKeys (ConfUtils.java:logGet(43)) - raft.server.log.use.memory = false (default)
2019-06-14 02:55:19,239 INFO  server.RaftServerConfigKeys (ConfUtils.java:logGet(43)) - raft.server.log.appender.buffer.byte-limit = 33554432 (custom)
2019-06-14 02:55:19,239 INFO  server.RaftServerConfigKeys (ConfUtils.java:logGet(43)) - raft.server.log.segment.size.max = 16384 (custom)
2019-06-14 02:55:19,239 INFO  server.RaftServerConfigKeys (ConfUtils.java:logGet(43)) - raft.server.log.segment.cache.num.max = 2 (custom)
2019-06-14 02:55:19,239 INFO  storage.RaftLogWorker (RaftLogWorker.java:<init>(123)) - new ac1745c0-e1ab-4938-a48a-bbefd2b06748-RaftLogWorker for Storage Directory /opt/src/hadoop-ozone/integration-test/target/test-dir/MiniOzoneClusterImpl-03ec3954-a2af-4c3d-a4be-c1432f13dd27/datanode-2/data/ratis/df7f73c7-5b0a-46e6-85e6-2ef2214b46d3
2019-06-14 02:55:19,239 INFO  server.RaftServerConfigKeys (ConfUtils.java:logGet(43)) - raft.server.log.queue.byte-limit = 2147483647 (custom)
2019-06-14 02:55:19,239 INFO  server.RaftServerConfigKeys (ConfUtils.java:logGet(43)) - raft.server.log.queue.element-limit = 1024 (custom)
2019-06-14 02:55:19,239 INFO  server.RaftServerConfigKeys (ConfUtils.java:logGet(43)) - raft.server.log.segment.size.max = 16384 (custom)
2019-06-14 02:55:19,239 INFO  server.RaftServerConfigKeys (ConfUtils.java:logGet(43)) - raft.server.log.preallocated.size = 16384 (custom)
2019-06-14 02:55:19,239 INFO  server.RaftServerConfigKeys (ConfUtils.java:logGet(43)) - raft.server.log.write.buffer.size = 33554432 (custom)
2019-06-14 02:55:19,239 INFO  server.RaftServerConfigKeys (ConfUtils.java:logGet(43)) - raft.server.log.force.sync.num = 128 (default)
2019-06-14 02:55:19,239 INFO  server.RaftServerConfigKeys (ConfUtils.java:logGet(43)) - raft.server.log.statemachine.data.sync = true (default)
2019-06-14 02:55:19,240 INFO  server.RaftServerConfigKeys (ConfUtils.java:logGet(43)) - raft.server.log.statemachine.data.sync.timeout = 10s (default)
2019-06-14 02:55:19,240 INFO  server.RaftServerConfigKeys (ConfUtils.java:logGet(43)) - raft.server.log.statemachine.data.sync.timeout.retry = -1 (default)
2019-06-14 02:55:19,240 INFO  server.RaftServerConfigKeys (ConfUtils.java:logGet(43)) - raft.server.log.statemachine.data.caching.enabled = true (custom)
2019-06-14 02:55:19,240 INFO  server.RaftServerConfigKeys (ConfUtils.java:logGet(43)) - raft.server.snapshot.auto.trigger.enabled = true (custom)
2019-06-14 02:55:19,240 INFO  server.RaftServerConfigKeys (ConfUtils.java:logGet(43)) - raft.server.snapshot.auto.trigger.threshold = 10000 (custom)
2019-06-14 02:55:19,240 INFO  server.RaftServerConfigKeys (ConfUtils.java:logGet(43)) - raft.server.retrycache.expirytime = 600000ms (custom)
2019-06-14 02:55:19,240 INFO  impl.RaftServerImpl (RaftServerImpl.java:start(173)) - ac1745c0-e1ab-4938-a48a-bbefd2b06748: start group-2EF2214B46D3
2019-06-14 02:55:19,240 INFO  impl.RaftServerImpl (RaftServerImpl.java:setRole(164)) - ac1745c0-e1ab-4938-a48a-bbefd2b06748:group-2EF2214B46D3 changes role from null to FOLLOWER at term 0 for startAsFollower
2019-06-14 02:55:19,240 INFO  impl.RoleInfo (RoleInfo.java:updateAndGet(143)) - ac1745c0-e1ab-4938-a48a-bbefd2b06748: start FollowerState
2019-06-14 02:55:19,241 INFO  util.JmxRegister (JmxRegister.java:tryRegister(44)) - Successfully registered JMX Bean with object name Ratis:service=RaftServer,group=group-2EF2214B46D3,id=ac1745c0-e1ab-4938-a48a-bbefd2b06748
2019-06-14 02:55:19,245 INFO  pipeline.PipelineStateManager (PipelineStateManager.java:addPipeline(56)) - Created pipeline Pipeline[ Id: df7f73c7-5b0a-46e6-85e6-2ef2214b46d3, Nodes: ac1745c0-e1ab-4938-a48a-bbefd2b06748{ip: 192.168.105.164, host: ozone-r6sq7-3374789264, networkLocation: /default-rack, certSerialId: null}, Type:RATIS, Factor:ONE, State:OPEN]
2019-06-14 02:55:19,249 INFO  impl.RaftServerProxy (RaftServerProxy.java:addNew(89)) - ac1745c0-e1ab-4938-a48a-bbefd2b06748: addNew group-2A66D5D6118A:[d410378f-70d6-461e-a499-10dacf5a9af7:192.168.105.164:46211, ac1745c0-e1ab-4938-a48a-bbefd2b06748:192.168.105.164:41913, ec0675ad-ae7a-477c-a36f-f67ded088084:192.168.105.164:43897] returns group-2A66D5D6118A:java.util.concurrent.CompletableFuture@27064482[Not completed]
2019-06-14 02:55:19,250 INFO  impl.RaftServerImpl (RaftServerImpl.java:<init>(91)) - ac1745c0-e1ab-4938-a48a-bbefd2b06748: new RaftServerImpl for group-2A66D5D6118A:[d410378f-70d6-461e-a499-10dacf5a9af7:192.168.105.164:46211, ac1745c0-e1ab-4938-a48a-bbefd2b06748:192.168.105.164:41913, ec0675ad-ae7a-477c-a36f-f67ded088084:192.168.105.164:43897] with ContainerStateMachine:uninitialized
2019-06-14 02:55:19,250 INFO  server.RaftServerConfigKeys (ConfUtils.java:logGet(43)) - raft.server.rpc.timeout.min = 1s (custom)
2019-06-14 02:55:19,250 INFO  server.RaftServerConfigKeys (ConfUtils.java:logGet(43)) - raft.server.rpc.timeout.max = 1200ms (custom)
2019-06-14 02:55:19,250 INFO  server.RaftServerConfigKeys (ConfUtils.java:logGet(43)) - raft.server.rpcslowness.timeout = 120s (custom)
2019-06-14 02:55:19,250 INFO  server.RaftServerConfigKeys (ConfUtils.java:logGet(43)) - raft.server.log.appender.install.snapshot.enabled = true (default)
2019-06-14 02:55:19,250 INFO  impl.RaftServerImpl (ServerState.java:<init>(101)) - ac1745c0-e1ab-4938-a48a-bbefd2b06748:group-2A66D5D6118A ConfigurationManager, init=-1: [d410378f-70d6-461e-a499-10dacf5a9af7:192.168.105.164:46211, ac1745c0-e1ab-4938-a48a-bbefd2b06748:192.168.105.164:41913, ec0675ad-ae7a-477c-a36f-f67ded088084:192.168.105.164:43897], old=null, confs=<EMPTY_MAP>
2019-06-14 02:55:19,250 INFO  server.RaftServerConfigKeys (ConfUtils.java:logGet(43)) - raft.server.storage.dir = [/opt/src/hadoop-ozone/integration-test/target/test-dir/MiniOzoneClusterImpl-03ec3954-a2af-4c3d-a4be-c1432f13dd27/datanode-2/data/ratis] (custom)
2019-06-14 02:55:19,251 INFO  storage.RaftStorageDirectory (RaftStorageDirectory.java:analyzeStorage(246)) - The storage directory /opt/src/hadoop-ozone/integration-test/target/test-dir/MiniOzoneClusterImpl-03ec3954-a2af-4c3d-a4be-c1432f13dd27/datanode-2/data/ratis/096257b8-587c-489b-be59-2a66d5d6118a does not exist. Creating ...
2019-06-14 02:55:19,253 INFO  storage.RaftStorageDirectory (RaftStorageDirectory.java:tryLock(328)) - Lock on /opt/src/hadoop-ozone/integration-test/target/test-dir/MiniOzoneClusterImpl-03ec3954-a2af-4c3d-a4be-c1432f13dd27/datanode-2/data/ratis/096257b8-587c-489b-be59-2a66d5d6118a/in_use.lock acquired by nodename 14991@ozone-r6sq7-3374789264
2019-06-14 02:55:19,256 INFO  impl.RaftServerProxy (RaftServerProxy.java:addNew(89)) - ec0675ad-ae7a-477c-a36f-f67ded088084: addNew group-2A66D5D6118A:[d410378f-70d6-461e-a499-10dacf5a9af7:192.168.105.164:46211, ac1745c0-e1ab-4938-a48a-bbefd2b06748:192.168.105.164:41913, ec0675ad-ae7a-477c-a36f-f67ded088084:192.168.105.164:43897] returns group-2A66D5D6118A:java.util.concurrent.CompletableFuture@7b63c955[Not completed]
2019-06-14 02:55:19,257 INFO  impl.RaftServerImpl (RaftServerImpl.java:<init>(91)) - ec0675ad-ae7a-477c-a36f-f67ded088084: new RaftServerImpl for group-2A66D5D6118A:[d410378f-70d6-461e-a499-10dacf5a9af7:192.168.105.164:46211, ac1745c0-e1ab-4938-a48a-bbefd2b06748:192.168.105.164:41913, ec0675ad-ae7a-477c-a36f-f67ded088084:192.168.105.164:43897] with ContainerStateMachine:uninitialized
2019-06-14 02:55:19,257 INFO  server.RaftServerConfigKeys (ConfUtils.java:logGet(43)) - raft.server.rpc.timeout.min = 1s (custom)
2019-06-14 02:55:19,257 INFO  server.RaftServerConfigKeys (ConfUtils.java:logGet(43)) - raft.server.rpc.timeout.max = 1200ms (custom)
2019-06-14 02:55:19,257 INFO  server.RaftServerConfigKeys (ConfUtils.java:logGet(43)) - raft.server.rpcslowness.timeout = 120s (custom)
2019-06-14 02:55:19,257 INFO  server.RaftServerConfigKeys (ConfUtils.java:logGet(43)) - raft.server.log.appender.install.snapshot.enabled = true (default)
2019-06-14 02:55:19,257 INFO  impl.RaftServerImpl (ServerState.java:<init>(101)) - ec0675ad-ae7a-477c-a36f-f67ded088084:group-2A66D5D6118A ConfigurationManager, init=-1: [d410378f-70d6-461e-a499-10dacf5a9af7:192.168.105.164:46211, ac1745c0-e1ab-4938-a48a-bbefd2b06748:192.168.105.164:41913, ec0675ad-ae7a-477c-a36f-f67ded088084:192.168.105.164:43897], old=null, confs=<EMPTY_MAP>
2019-06-14 02:55:19,257 INFO  server.RaftServerConfigKeys (ConfUtils.java:logGet(43)) - raft.server.storage.dir = [/opt/src/hadoop-ozone/integration-test/target/test-dir/MiniOzoneClusterImpl-03ec3954-a2af-4c3d-a4be-c1432f13dd27/datanode-1/data/ratis] (custom)
2019-06-14 02:55:19,257 INFO  storage.RaftStorageDirectory (RaftStorageDirectory.java:analyzeStorage(246)) - The storage directory /opt/src/hadoop-ozone/integration-test/target/test-dir/MiniOzoneClusterImpl-03ec3954-a2af-4c3d-a4be-c1432f13dd27/datanode-1/data/ratis/096257b8-587c-489b-be59-2a66d5d6118a does not exist. Creating ...
2019-06-14 02:55:19,258 INFO  storage.RaftStorage (RaftStorage.java:format(75)) - Storage directory /opt/src/hadoop-ozone/integration-test/target/test-dir/MiniOzoneClusterImpl-03ec3954-a2af-4c3d-a4be-c1432f13dd27/datanode-2/data/ratis/096257b8-587c-489b-be59-2a66d5d6118a has been successfully formatted.
2019-06-14 02:55:19,259 INFO  impl.RaftServerProxy (RaftServerProxy.java:addNew(89)) - d410378f-70d6-461e-a499-10dacf5a9af7: addNew group-2A66D5D6118A:[d410378f-70d6-461e-a499-10dacf5a9af7:192.168.105.164:46211, ac1745c0-e1ab-4938-a48a-bbefd2b06748:192.168.105.164:41913, ec0675ad-ae7a-477c-a36f-f67ded088084:192.168.105.164:43897] returns group-2A66D5D6118A:java.util.concurrent.CompletableFuture@1184b3e5[Not completed]
2019-06-14 02:55:19,259 INFO  ratis.ContainerStateMachine (ContainerStateMachine.java:loadSnapshot(199)) - The snapshot info is null.Setting the last applied index to:(t:0, i:~)
2019-06-14 02:55:19,259 INFO  server.RaftServerConfigKeys (ConfUtils.java:logGet(43)) - raft.server.leader.election.timeout = 120s (custom)
2019-06-14 02:55:19,259 INFO  server.RaftServerConfigKeys (ConfUtils.java:logGet(43)) - raft.server.log.use.memory = false (default)
2019-06-14 02:55:19,259 INFO  server.RaftServerConfigKeys (ConfUtils.java:logGet(43)) - raft.server.log.appender.buffer.byte-limit = 33554432 (custom)
2019-06-14 02:55:19,260 INFO  server.RaftServerConfigKeys (ConfUtils.java:logGet(43)) - raft.server.log.segment.size.max = 16384 (custom)
2019-06-14 02:55:19,260 INFO  server.RaftServerConfigKeys (ConfUtils.java:logGet(43)) - raft.server.log.segment.cache.num.max = 2 (custom)
2019-06-14 02:55:19,260 INFO  storage.RaftLogWorker (RaftLogWorker.java:<init>(123)) - new ac1745c0-e1ab-4938-a48a-bbefd2b06748-RaftLogWorker for Storage Directory /opt/src/hadoop-ozone/integration-test/target/test-dir/MiniOzoneClusterImpl-03ec3954-a2af-4c3d-a4be-c1432f13dd27/datanode-2/data/ratis/096257b8-587c-489b-be59-2a66d5d6118a
2019-06-14 02:55:19,260 INFO  server.RaftServerConfigKeys (ConfUtils.java:logGet(43)) - raft.server.log.queue.byte-limit = 2147483647 (custom)
2019-06-14 02:55:19,260 INFO  server.RaftServerConfigKeys (ConfUtils.java:logGet(43)) - raft.server.log.queue.element-limit = 1024 (custom)
2019-06-14 02:55:19,260 INFO  server.RaftServerConfigKeys (ConfUtils.java:logGet(43)) - raft.server.log.segment.size.max = 16384 (custom)
2019-06-14 02:55:19,260 INFO  server.RaftServerConfigKeys (ConfUtils.java:logGet(43)) - raft.server.log.preallocated.size = 16384 (custom)
2019-06-14 02:55:19,260 INFO  impl.RaftServerImpl (RaftServerImpl.java:<init>(91)) - d410378f-70d6-461e-a499-10dacf5a9af7: new RaftServerImpl for group-2A66D5D6118A:[d410378f-70d6-461e-a499-10dacf5a9af7:192.168.105.164:46211, ac1745c0-e1ab-4938-a48a-bbefd2b06748:192.168.105.164:41913, ec0675ad-ae7a-477c-a36f-f67ded088084:192.168.105.164:43897] with ContainerStateMachine:uninitialized
2019-06-14 02:55:19,260 INFO  server.RaftServerConfigKeys (ConfUtils.java:logGet(43)) - raft.server.log.write.buffer.size = 33554432 (custom)
2019-06-14 02:55:19,260 INFO  server.RaftServerConfigKeys (ConfUtils.java:logGet(43)) - raft.server.log.force.sync.num = 128 (default)
2019-06-14 02:55:19,260 INFO  server.RaftServerConfigKeys (ConfUtils.java:logGet(43)) - raft.server.log.statemachine.data.sync = true (default)
2019-06-14 02:55:19,260 INFO  server.RaftServerConfigKeys (ConfUtils.java:logGet(43)) - raft.server.log.statemachine.data.sync.timeout = 10s (default)
2019-06-14 02:55:19,261 INFO  server.RaftServerConfigKeys (ConfUtils.java:logGet(43)) - raft.server.log.statemachine.data.sync.timeout.retry = -1 (default)
2019-06-14 02:55:19,260 INFO  server.RaftServerConfigKeys (ConfUtils.java:logGet(43)) - raft.server.rpc.timeout.min = 1s (custom)
2019-06-14 02:55:19,261 INFO  server.RaftServerConfigKeys (ConfUtils.java:logGet(43)) - raft.server.log.statemachine.data.caching.enabled = true (custom)
2019-06-14 02:55:19,260 INFO  storage.RaftStorageDirectory (RaftStorageDirectory.java:tryLock(328)) - Lock on /opt/src/hadoop-ozone/integration-test/target/test-dir/MiniOzoneClusterImpl-03ec3954-a2af-4c3d-a4be-c1432f13dd27/datanode-1/data/ratis/096257b8-587c-489b-be59-2a66d5d6118a/in_use.lock acquired by nodename 14991@ozone-r6sq7-3374789264
2019-06-14 02:55:19,261 INFO  server.RaftServerConfigKeys (ConfUtils.java:logGet(43)) - raft.server.rpc.timeout.max = 1200ms (custom)
2019-06-14 02:55:19,261 INFO  server.RaftServerConfigKeys (ConfUtils.java:logGet(43)) - raft.server.rpcslowness.timeout = 120s (custom)
2019-06-14 02:55:19,261 INFO  server.RaftServerConfigKeys (ConfUtils.java:logGet(43)) - raft.server.log.appender.install.snapshot.enabled = true (default)
2019-06-14 02:55:19,262 INFO  impl.RaftServerImpl (ServerState.java:<init>(101)) - d410378f-70d6-461e-a499-10dacf5a9af7:group-2A66D5D6118A ConfigurationManager, init=-1: [d410378f-70d6-461e-a499-10dacf5a9af7:192.168.105.164:46211, ac1745c0-e1ab-4938-a48a-bbefd2b06748:192.168.105.164:41913, ec0675ad-ae7a-477c-a36f-f67ded088084:192.168.105.164:43897], old=null, confs=<EMPTY_MAP>
2019-06-14 02:55:19,262 INFO  server.RaftServerConfigKeys (ConfUtils.java:logGet(43)) - raft.server.storage.dir = [/opt/src/hadoop-ozone/integration-test/target/test-dir/MiniOzoneClusterImpl-03ec3954-a2af-4c3d-a4be-c1432f13dd27/datanode-0/data/ratis] (custom)
2019-06-14 02:55:19,262 INFO  storage.RaftStorageDirectory (RaftStorageDirectory.java:analyzeStorage(246)) - The storage directory /opt/src/hadoop-ozone/integration-test/target/test-dir/MiniOzoneClusterImpl-03ec3954-a2af-4c3d-a4be-c1432f13dd27/datanode-0/data/ratis/096257b8-587c-489b-be59-2a66d5d6118a does not exist. Creating ...
2019-06-14 02:55:19,264 INFO  storage.RaftStorageDirectory (RaftStorageDirectory.java:tryLock(328)) - Lock on /opt/src/hadoop-ozone/integration-test/target/test-dir/MiniOzoneClusterImpl-03ec3954-a2af-4c3d-a4be-c1432f13dd27/datanode-0/data/ratis/096257b8-587c-489b-be59-2a66d5d6118a/in_use.lock acquired by nodename 14991@ozone-r6sq7-3374789264
2019-06-14 02:55:19,264 INFO  storage.RaftStorage (RaftStorage.java:format(75)) - Storage directory /opt/src/hadoop-ozone/integration-test/target/test-dir/MiniOzoneClusterImpl-03ec3954-a2af-4c3d-a4be-c1432f13dd27/datanode-1/data/ratis/096257b8-587c-489b-be59-2a66d5d6118a has been successfully formatted.
2019-06-14 02:55:19,264 INFO  ratis.ContainerStateMachine (ContainerStateMachine.java:loadSnapshot(199)) - The snapshot info is null.Setting the last applied index to:(t:0, i:~)
2019-06-14 02:55:19,264 INFO  server.RaftServerConfigKeys (ConfUtils.java:logGet(43)) - raft.server.leader.election.timeout = 120s (custom)
2019-06-14 02:55:19,264 INFO  server.RaftServerConfigKeys (ConfUtils.java:logGet(43)) - raft.server.log.use.memory = false (default)
2019-06-14 02:55:19,265 INFO  server.RaftServerConfigKeys (ConfUtils.java:logGet(43)) - raft.server.log.appender.buffer.byte-limit = 33554432 (custom)
2019-06-14 02:55:19,265 INFO  server.RaftServerConfigKeys (ConfUtils.java:logGet(43)) - raft.server.log.segment.size.max = 16384 (custom)
2019-06-14 02:55:19,265 INFO  server.RaftServerConfigKeys (ConfUtils.java:logGet(43)) - raft.server.log.segment.cache.num.max = 2 (custom)
2019-06-14 02:55:19,265 INFO  storage.RaftLogWorker (RaftLogWorker.java:<init>(123)) - new ec0675ad-ae7a-477c-a36f-f67ded088084-RaftLogWorker for Storage Directory /opt/src/hadoop-ozone/integration-test/target/test-dir/MiniOzoneClusterImpl-03ec3954-a2af-4c3d-a4be-c1432f13dd27/datanode-1/data/ratis/096257b8-587c-489b-be59-2a66d5d6118a
2019-06-14 02:55:19,265 INFO  server.RaftServerConfigKeys (ConfUtils.java:logGet(43)) - raft.server.log.queue.byte-limit = 2147483647 (custom)
2019-06-14 02:55:19,265 INFO  server.RaftServerConfigKeys (ConfUtils.java:logGet(43)) - raft.server.log.queue.element-limit = 1024 (custom)
2019-06-14 02:55:19,265 INFO  server.RaftServerConfigKeys (ConfUtils.java:logGet(43)) - raft.server.log.segment.size.max = 16384 (custom)
2019-06-14 02:55:19,265 INFO  server.RaftServerConfigKeys (ConfUtils.java:logGet(43)) - raft.server.log.preallocated.size = 16384 (custom)
2019-06-14 02:55:19,265 INFO  server.RaftServerConfigKeys (ConfUtils.java:logGet(43)) - raft.server.snapshot.auto.trigger.enabled = true (custom)
2019-06-14 02:55:19,265 INFO  server.RaftServerConfigKeys (ConfUtils.java:logGet(43)) - raft.server.snapshot.auto.trigger.threshold = 10000 (custom)
2019-06-14 02:55:19,265 INFO  server.RaftServerConfigKeys (ConfUtils.java:logGet(43)) - raft.server.log.write.buffer.size = 33554432 (custom)
2019-06-14 02:55:19,266 INFO  server.RaftServerConfigKeys (ConfUtils.java:logGet(43)) - raft.server.retrycache.expirytime = 600000ms (custom)
2019-06-14 02:55:19,266 INFO  server.RaftServerConfigKeys (ConfUtils.java:logGet(43)) - raft.server.log.force.sync.num = 128 (default)
2019-06-14 02:55:19,266 INFO  impl.RaftServerImpl (RaftServerImpl.java:start(173)) - ac1745c0-e1ab-4938-a48a-bbefd2b06748: start group-2A66D5D6118A
2019-06-14 02:55:19,266 INFO  server.RaftServerConfigKeys (ConfUtils.java:logGet(43)) - raft.server.log.statemachine.data.sync = true (default)
2019-06-14 02:55:19,266 INFO  impl.RaftServerImpl (RaftServerImpl.java:setRole(164)) - ac1745c0-e1ab-4938-a48a-bbefd2b06748:group-2A66D5D6118A changes role from null to FOLLOWER at term 0 for startAsFollower
2019-06-14 02:55:19,266 INFO  server.RaftServerConfigKeys (ConfUtils.java:logGet(43)) - raft.server.log.statemachine.data.sync.timeout = 10s (default)
2019-06-14 02:55:19,266 INFO  impl.RoleInfo (RoleInfo.java:updateAndGet(143)) - ac1745c0-e1ab-4938-a48a-bbefd2b06748: start FollowerState
2019-06-14 02:55:19,266 INFO  server.RaftServerConfigKeys (ConfUtils.java:logGet(43)) - raft.server.log.statemachine.data.sync.timeout.retry = -1 (default)
2019-06-14 02:55:19,266 INFO  server.RaftServerConfigKeys (ConfUtils.java:logGet(43)) - raft.server.log.statemachine.data.caching.enabled = true (custom)
2019-06-14 02:55:19,266 INFO  util.JmxRegister (JmxRegister.java:tryRegister(44)) - Successfully registered JMX Bean with object name Ratis:service=RaftServer,group=group-2A66D5D6118A,id=ac1745c0-e1ab-4938-a48a-bbefd2b06748
2019-06-14 02:55:19,267 INFO  server.RaftServerConfigKeys (ConfUtils.java:logGet(43)) - raft.server.snapshot.auto.trigger.enabled = true (custom)
2019-06-14 02:55:19,267 INFO  server.RaftServerConfigKeys (ConfUtils.java:logGet(43)) - raft.server.snapshot.auto.trigger.threshold = 10000 (custom)
2019-06-14 02:55:19,267 INFO  storage.RaftStorage (RaftStorage.java:format(75)) - Storage directory /opt/src/hadoop-ozone/integration-test/target/test-dir/MiniOzoneClusterImpl-03ec3954-a2af-4c3d-a4be-c1432f13dd27/datanode-0/data/ratis/096257b8-587c-489b-be59-2a66d5d6118a has been successfully formatted.
2019-06-14 02:55:19,267 INFO  ratis.ContainerStateMachine (ContainerStateMachine.java:loadSnapshot(199)) - The snapshot info is null.Setting the last applied index to:(t:0, i:~)
2019-06-14 02:55:19,267 INFO  server.RaftServerConfigKeys (ConfUtils.java:logGet(43)) - raft.server.leader.election.timeout = 120s (custom)
2019-06-14 02:55:19,267 INFO  server.RaftServerConfigKeys (ConfUtils.java:logGet(43)) - raft.server.log.use.memory = false (default)
2019-06-14 02:55:19,267 INFO  server.RaftServerConfigKeys (ConfUtils.java:logGet(43)) - raft.server.log.appender.buffer.byte-limit = 33554432 (custom)
2019-06-14 02:55:19,267 INFO  server.RaftServerConfigKeys (ConfUtils.java:logGet(43)) - raft.server.log.segment.size.max = 16384 (custom)
2019-06-14 02:55:19,267 INFO  server.RaftServerConfigKeys (ConfUtils.java:logGet(43)) - raft.server.log.segment.cache.num.max = 2 (custom)
2019-06-14 02:55:19,267 INFO  storage.RaftLogWorker (RaftLogWorker.java:<init>(123)) - new d410378f-70d6-461e-a499-10dacf5a9af7-RaftLogWorker for Storage Directory /opt/src/hadoop-ozone/integration-test/target/test-dir/MiniOzoneClusterImpl-03ec3954-a2af-4c3d-a4be-c1432f13dd27/datanode-0/data/ratis/096257b8-587c-489b-be59-2a66d5d6118a
2019-06-14 02:55:19,268 INFO  server.RaftServerConfigKeys (ConfUtils.java:logGet(43)) - raft.server.log.queue.byte-limit = 2147483647 (custom)
2019-06-14 02:55:19,268 INFO  server.RaftServerConfigKeys (ConfUtils.java:logGet(43)) - raft.server.log.queue.element-limit = 1024 (custom)
2019-06-14 02:55:19,268 INFO  server.RaftServerConfigKeys (ConfUtils.java:logGet(43)) - raft.server.log.segment.size.max = 16384 (custom)
2019-06-14 02:55:19,268 INFO  server.RaftServerConfigKeys (ConfUtils.java:logGet(43)) - raft.server.log.preallocated.size = 16384 (custom)
2019-06-14 02:55:19,268 INFO  server.RaftServerConfigKeys (ConfUtils.java:logGet(43)) - raft.server.log.write.buffer.size = 33554432 (custom)
2019-06-14 02:55:19,268 INFO  server.RaftServerConfigKeys (ConfUtils.java:logGet(43)) - raft.server.log.force.sync.num = 128 (default)
2019-06-14 02:55:19,268 INFO  server.RaftServerConfigKeys (ConfUtils.java:logGet(43)) - raft.server.log.statemachine.data.sync = true (default)
2019-06-14 02:55:19,268 INFO  server.RaftServerConfigKeys (ConfUtils.java:logGet(43)) - raft.server.log.statemachine.data.sync.timeout = 10s (default)
2019-06-14 02:55:19,268 INFO  server.RaftServerConfigKeys (ConfUtils.java:logGet(43)) - raft.server.log.statemachine.data.sync.timeout.retry = -1 (default)
2019-06-14 02:55:19,268 INFO  server.RaftServerConfigKeys (ConfUtils.java:logGet(43)) - raft.server.log.statemachine.data.caching.enabled = true (custom)
2019-06-14 02:55:19,268 INFO  server.RaftServerConfigKeys (ConfUtils.java:logGet(43)) - raft.server.retrycache.expirytime = 600000ms (custom)
2019-06-14 02:55:19,268 INFO  server.RaftServerConfigKeys (ConfUtils.java:logGet(43)) - raft.server.snapshot.auto.trigger.enabled = true (custom)
2019-06-14 02:55:19,269 INFO  impl.RaftServerImpl (RaftServerImpl.java:start(173)) - ec0675ad-ae7a-477c-a36f-f67ded088084: start group-2A66D5D6118A
2019-06-14 02:55:19,269 INFO  server.RaftServerConfigKeys (ConfUtils.java:logGet(43)) - raft.server.snapshot.auto.trigger.threshold = 10000 (custom)
2019-06-14 02:55:19,269 INFO  impl.RaftServerImpl (RaftServerImpl.java:setRole(164)) - ec0675ad-ae7a-477c-a36f-f67ded088084:group-2A66D5D6118A changes role from null to FOLLOWER at term 0 for startAsFollower
2019-06-14 02:55:19,269 INFO  server.RaftServerConfigKeys (ConfUtils.java:logGet(43)) - raft.server.retrycache.expirytime = 600000ms (custom)
2019-06-14 02:55:19,269 INFO  impl.RaftServerImpl (RaftServerImpl.java:start(173)) - d410378f-70d6-461e-a499-10dacf5a9af7: start group-2A66D5D6118A
2019-06-14 02:55:19,269 INFO  impl.RaftServerImpl (RaftServerImpl.java:setRole(164)) - d410378f-70d6-461e-a499-10dacf5a9af7:group-2A66D5D6118A changes role from null to FOLLOWER at term 0 for startAsFollower
2019-06-14 02:55:19,269 INFO  impl.RoleInfo (RoleInfo.java:updateAndGet(143)) - d410378f-70d6-461e-a499-10dacf5a9af7: start FollowerState
2019-06-14 02:55:19,269 INFO  impl.RoleInfo (RoleInfo.java:updateAndGet(143)) - ec0675ad-ae7a-477c-a36f-f67ded088084: start FollowerState
2019-06-14 02:55:19,269 INFO  util.JmxRegister (JmxRegister.java:tryRegister(44)) - Successfully registered JMX Bean with object name Ratis:service=RaftServer,group=group-2A66D5D6118A,id=d410378f-70d6-461e-a499-10dacf5a9af7
2019-06-14 02:55:19,270 INFO  util.JmxRegister (JmxRegister.java:tryRegister(44)) - Successfully registered JMX Bean with object name Ratis:service=RaftServer,group=group-2A66D5D6118A,id=ec0675ad-ae7a-477c-a36f-f67ded088084
2019-06-14 02:55:19,279 INFO  pipeline.PipelineStateManager (PipelineStateManager.java:addPipeline(56)) - Created pipeline Pipeline[ Id: 096257b8-587c-489b-be59-2a66d5d6118a, Nodes: ec0675ad-ae7a-477c-a36f-f67ded088084{ip: 192.168.105.164, host: ozone-r6sq7-3374789264, networkLocation: /default-rack, certSerialId: null}d410378f-70d6-461e-a499-10dacf5a9af7{ip: 192.168.105.164, host: ozone-r6sq7-3374789264, networkLocation: /default-rack, certSerialId: null}ac1745c0-e1ab-4938-a48a-bbefd2b06748{ip: 192.168.105.164, host: ozone-r6sq7-3374789264, networkLocation: /default-rack, certSerialId: null}, Type:RATIS, Factor:THREE, State:OPEN]
2019-06-14 02:55:19,511 INFO  node.SCMNodeManager (SCMNodeManager.java:register(234)) - Registered Data node : 03472a84-2fbb-435a-b88a-fcd580717527{ip: 192.168.105.164, host: ozone-r6sq7-3374789264, networkLocation: /default-rack, certSerialId: null}
2019-06-14 02:55:19,516 INFO  impl.RaftServerProxy (RaftServerProxy.java:addNew(89)) - 03472a84-2fbb-435a-b88a-fcd580717527: addNew group-F02AE8237D2D:[03472a84-2fbb-435a-b88a-fcd580717527:192.168.105.164:43035] returns group-F02AE8237D2D:java.util.concurrent.CompletableFuture@709235a5[Not completed]
2019-06-14 02:55:19,516 INFO  impl.RaftServerImpl (RaftServerImpl.java:<init>(91)) - 03472a84-2fbb-435a-b88a-fcd580717527: new RaftServerImpl for group-F02AE8237D2D:[03472a84-2fbb-435a-b88a-fcd580717527:192.168.105.164:43035] with ContainerStateMachine:uninitialized
2019-06-14 02:55:19,517 INFO  server.RaftServerConfigKeys (ConfUtils.java:logGet(43)) - raft.server.rpc.timeout.min = 1s (custom)
2019-06-14 02:55:19,517 INFO  server.RaftServerConfigKeys (ConfUtils.java:logGet(43)) - raft.server.rpc.timeout.max = 1200ms (custom)
2019-06-14 02:55:19,517 INFO  server.RaftServerConfigKeys (ConfUtils.java:logGet(43)) - raft.server.rpcslowness.timeout = 120s (custom)
2019-06-14 02:55:19,517 INFO  server.RaftServerConfigKeys (ConfUtils.java:logGet(43)) - raft.server.log.appender.install.snapshot.enabled = true (default)
2019-06-14 02:55:19,517 INFO  impl.RaftServerImpl (ServerState.java:<init>(101)) - 03472a84-2fbb-435a-b88a-fcd580717527:group-F02AE8237D2D ConfigurationManager, init=-1: [03472a84-2fbb-435a-b88a-fcd580717527:192.168.105.164:43035], old=null, confs=<EMPTY_MAP>
2019-06-14 02:55:19,517 INFO  server.RaftServerConfigKeys (ConfUtils.java:logGet(43)) - raft.server.storage.dir = [/opt/src/hadoop-ozone/integration-test/target/test-dir/MiniOzoneClusterImpl-03ec3954-a2af-4c3d-a4be-c1432f13dd27/datanode-3/data/ratis] (custom)
2019-06-14 02:55:19,517 INFO  storage.RaftStorageDirectory (RaftStorageDirectory.java:analyzeStorage(246)) - The storage directory /opt/src/hadoop-ozone/integration-test/target/test-dir/MiniOzoneClusterImpl-03ec3954-a2af-4c3d-a4be-c1432f13dd27/datanode-3/data/ratis/09850a32-06dc-4cd2-b893-f02ae8237d2d does not exist. Creating ...
2019-06-14 02:55:19,520 INFO  storage.RaftStorageDirectory (RaftStorageDirectory.java:tryLock(328)) - Lock on /opt/src/hadoop-ozone/integration-test/target/test-dir/MiniOzoneClusterImpl-03ec3954-a2af-4c3d-a4be-c1432f13dd27/datanode-3/data/ratis/09850a32-06dc-4cd2-b893-f02ae8237d2d/in_use.lock acquired by nodename 14991@ozone-r6sq7-3374789264
2019-06-14 02:55:19,522 INFO  storage.RaftStorage (RaftStorage.java:format(75)) - Storage directory /opt/src/hadoop-ozone/integration-test/target/test-dir/MiniOzoneClusterImpl-03ec3954-a2af-4c3d-a4be-c1432f13dd27/datanode-3/data/ratis/09850a32-06dc-4cd2-b893-f02ae8237d2d has been successfully formatted.
2019-06-14 02:55:19,522 INFO  ratis.ContainerStateMachine (ContainerStateMachine.java:loadSnapshot(199)) - The snapshot info is null.Setting the last applied index to:(t:0, i:~)
2019-06-14 02:55:19,522 INFO  server.RaftServerConfigKeys (ConfUtils.java:logGet(43)) - raft.server.leader.election.timeout = 120s (custom)
2019-06-14 02:55:19,522 INFO  server.RaftServerConfigKeys (ConfUtils.java:logGet(43)) - raft.server.log.use.memory = false (default)
2019-06-14 02:55:19,522 INFO  server.RaftServerConfigKeys (ConfUtils.java:logGet(43)) - raft.server.log.appender.buffer.byte-limit = 33554432 (custom)
2019-06-14 02:55:19,522 INFO  server.RaftServerConfigKeys (ConfUtils.java:logGet(43)) - raft.server.log.segment.size.max = 16384 (custom)
2019-06-14 02:55:19,522 INFO  server.RaftServerConfigKeys (ConfUtils.java:logGet(43)) - raft.server.log.segment.cache.num.max = 2 (custom)
2019-06-14 02:55:19,522 INFO  storage.RaftLogWorker (RaftLogWorker.java:<init>(123)) - new 03472a84-2fbb-435a-b88a-fcd580717527-RaftLogWorker for Storage Directory /opt/src/hadoop-ozone/integration-test/target/test-dir/MiniOzoneClusterImpl-03ec3954-a2af-4c3d-a4be-c1432f13dd27/datanode-3/data/ratis/09850a32-06dc-4cd2-b893-f02ae8237d2d
2019-06-14 02:55:19,522 INFO  server.RaftServerConfigKeys (ConfUtils.java:logGet(43)) - raft.server.log.queue.byte-limit = 2147483647 (custom)
2019-06-14 02:55:19,522 INFO  server.RaftServerConfigKeys (ConfUtils.java:logGet(43)) - raft.server.log.queue.element-limit = 1024 (custom)
2019-06-14 02:55:19,523 INFO  server.RaftServerConfigKeys (ConfUtils.java:logGet(43)) - raft.server.log.segment.size.max = 16384 (custom)
2019-06-14 02:55:19,523 INFO  server.RaftServerConfigKeys (ConfUtils.java:logGet(43)) - raft.server.log.preallocated.size = 16384 (custom)
2019-06-14 02:55:19,523 INFO  server.RaftServerConfigKeys (ConfUtils.java:logGet(43)) - raft.server.log.write.buffer.size = 33554432 (custom)
2019-06-14 02:55:19,523 INFO  server.RaftServerConfigKeys (ConfUtils.java:logGet(43)) - raft.server.log.force.sync.num = 128 (default)
2019-06-14 02:55:19,523 INFO  server.RaftServerConfigKeys (ConfUtils.java:logGet(43)) - raft.server.log.statemachine.data.sync = true (default)
2019-06-14 02:55:19,523 INFO  server.RaftServerConfigKeys (ConfUtils.java:logGet(43)) - raft.server.log.statemachine.data.sync.timeout = 10s (default)
2019-06-14 02:55:19,523 INFO  server.RaftServerConfigKeys (ConfUtils.java:logGet(43)) - raft.server.log.statemachine.data.sync.timeout.retry = -1 (default)
2019-06-14 02:55:19,523 INFO  server.RaftServerConfigKeys (ConfUtils.java:logGet(43)) - raft.server.log.statemachine.data.caching.enabled = true (custom)
2019-06-14 02:55:19,523 INFO  server.RaftServerConfigKeys (ConfUtils.java:logGet(43)) - raft.server.snapshot.auto.trigger.enabled = true (custom)
2019-06-14 02:55:19,523 INFO  server.RaftServerConfigKeys (ConfUtils.java:logGet(43)) - raft.server.snapshot.auto.trigger.threshold = 10000 (custom)
2019-06-14 02:55:19,523 INFO  server.RaftServerConfigKeys (ConfUtils.java:logGet(43)) - raft.server.retrycache.expirytime = 600000ms (custom)
2019-06-14 02:55:19,523 INFO  impl.RaftServerImpl (RaftServerImpl.java:start(173)) - 03472a84-2fbb-435a-b88a-fcd580717527: start group-F02AE8237D2D
2019-06-14 02:55:19,524 INFO  impl.RaftServerImpl (RaftServerImpl.java:setRole(164)) - 03472a84-2fbb-435a-b88a-fcd580717527:group-F02AE8237D2D changes role from null to FOLLOWER at term 0 for startAsFollower
2019-06-14 02:55:19,524 INFO  impl.RoleInfo (RoleInfo.java:updateAndGet(143)) - 03472a84-2fbb-435a-b88a-fcd580717527: start FollowerState
2019-06-14 02:55:19,524 INFO  util.JmxRegister (JmxRegister.java:tryRegister(44)) - Successfully registered JMX Bean with object name Ratis:service=RaftServer,group=group-F02AE8237D2D,id=03472a84-2fbb-435a-b88a-fcd580717527
2019-06-14 02:55:19,525 INFO  pipeline.PipelineStateManager (PipelineStateManager.java:addPipeline(56)) - Created pipeline Pipeline[ Id: 09850a32-06dc-4cd2-b893-f02ae8237d2d, Nodes: 03472a84-2fbb-435a-b88a-fcd580717527{ip: 192.168.105.164, host: ozone-r6sq7-3374789264, networkLocation: /default-rack, certSerialId: null}, Type:RATIS, Factor:ONE, State:OPEN]
2019-06-14 02:55:19,691 INFO  node.SCMNodeManager (SCMNodeManager.java:register(234)) - Registered Data node : 978a5ad8-9255-4edb-ac43-b1d2b32ce9e1{ip: 192.168.105.164, host: ozone-r6sq7-3374789264, networkLocation: /default-rack, certSerialId: null}
2019-06-14 02:55:19,697 INFO  impl.RaftServerProxy (RaftServerProxy.java:addNew(89)) - 978a5ad8-9255-4edb-ac43-b1d2b32ce9e1: addNew group-769FC2674EE0:[978a5ad8-9255-4edb-ac43-b1d2b32ce9e1:192.168.105.164:38705] returns group-769FC2674EE0:java.util.concurrent.CompletableFuture@7e5f10a6[Not completed]
2019-06-14 02:55:19,697 INFO  impl.RaftServerImpl (RaftServerImpl.java:<init>(91)) - 978a5ad8-9255-4edb-ac43-b1d2b32ce9e1: new RaftServerImpl for group-769FC2674EE0:[978a5ad8-9255-4edb-ac43-b1d2b32ce9e1:192.168.105.164:38705] with ContainerStateMachine:uninitialized
2019-06-14 02:55:19,697 INFO  server.RaftServerConfigKeys (ConfUtils.java:logGet(43)) - raft.server.rpc.timeout.min = 1s (custom)
2019-06-14 02:55:19,697 INFO  server.RaftServerConfigKeys (ConfUtils.java:logGet(43)) - raft.server.rpc.timeout.max = 1200ms (custom)
2019-06-14 02:55:19,697 INFO  server.RaftServerConfigKeys (ConfUtils.java:logGet(43)) - raft.server.rpcslowness.timeout = 120s (custom)
2019-06-14 02:55:19,697 INFO  server.RaftServerConfigKeys (ConfUtils.java:logGet(43)) - raft.server.log.appender.install.snapshot.enabled = true (default)
2019-06-14 02:55:19,698 INFO  impl.RaftServerImpl (ServerState.java:<init>(101)) - 978a5ad8-9255-4edb-ac43-b1d2b32ce9e1:group-769FC2674EE0 ConfigurationManager, init=-1: [978a5ad8-9255-4edb-ac43-b1d2b32ce9e1:192.168.105.164:38705], old=null, confs=<EMPTY_MAP>
2019-06-14 02:55:19,698 INFO  server.RaftServerConfigKeys (ConfUtils.java:logGet(43)) - raft.server.storage.dir = [/opt/src/hadoop-ozone/integration-test/target/test-dir/MiniOzoneClusterImpl-03ec3954-a2af-4c3d-a4be-c1432f13dd27/datanode-4/data/ratis] (custom)
2019-06-14 02:55:19,698 INFO  storage.RaftStorageDirectory (RaftStorageDirectory.java:analyzeStorage(246)) - The storage directory /opt/src/hadoop-ozone/integration-test/target/test-dir/MiniOzoneClusterImpl-03ec3954-a2af-4c3d-a4be-c1432f13dd27/datanode-4/data/ratis/ee03a61c-af51-4f39-83fa-769fc2674ee0 does not exist. Creating ...
2019-06-14 02:55:19,700 INFO  storage.RaftStorageDirectory (RaftStorageDirectory.java:tryLock(328)) - Lock on /opt/src/hadoop-ozone/integration-test/target/test-dir/MiniOzoneClusterImpl-03ec3954-a2af-4c3d-a4be-c1432f13dd27/datanode-4/data/ratis/ee03a61c-af51-4f39-83fa-769fc2674ee0/in_use.lock acquired by nodename 14991@ozone-r6sq7-3374789264
2019-06-14 02:55:19,702 INFO  storage.RaftStorage (RaftStorage.java:format(75)) - Storage directory /opt/src/hadoop-ozone/integration-test/target/test-dir/MiniOzoneClusterImpl-03ec3954-a2af-4c3d-a4be-c1432f13dd27/datanode-4/data/ratis/ee03a61c-af51-4f39-83fa-769fc2674ee0 has been successfully formatted.
2019-06-14 02:55:19,703 INFO  ratis.ContainerStateMachine (ContainerStateMachine.java:loadSnapshot(199)) - The snapshot info is null.Setting the last applied index to:(t:0, i:~)
2019-06-14 02:55:19,703 INFO  server.RaftServerConfigKeys (ConfUtils.java:logGet(43)) - raft.server.leader.election.timeout = 120s (custom)
2019-06-14 02:55:19,703 INFO  server.RaftServerConfigKeys (ConfUtils.java:logGet(43)) - raft.server.log.use.memory = false (default)
2019-06-14 02:55:19,703 INFO  server.RaftServerConfigKeys (ConfUtils.java:logGet(43)) - raft.server.log.appender.buffer.byte-limit = 33554432 (custom)
2019-06-14 02:55:19,703 INFO  server.RaftServerConfigKeys (ConfUtils.java:logGet(43)) - raft.server.log.segment.size.max = 16384 (custom)
2019-06-14 02:55:19,703 INFO  server.RaftServerConfigKeys (ConfUtils.java:logGet(43)) - raft.server.log.segment.cache.num.max = 2 (custom)
2019-06-14 02:55:19,703 INFO  storage.RaftLogWorker (RaftLogWorker.java:<init>(123)) - new 978a5ad8-9255-4edb-ac43-b1d2b32ce9e1-RaftLogWorker for Storage Directory /opt/src/hadoop-ozone/integration-test/target/test-dir/MiniOzoneClusterImpl-03ec3954-a2af-4c3d-a4be-c1432f13dd27/datanode-4/data/ratis/ee03a61c-af51-4f39-83fa-769fc2674ee0
2019-06-14 02:55:19,703 INFO  server.RaftServerConfigKeys (ConfUtils.java:logGet(43)) - raft.server.log.queue.byte-limit = 2147483647 (custom)
2019-06-14 02:55:19,703 INFO  server.RaftServerConfigKeys (ConfUtils.java:logGet(43)) - raft.server.log.queue.element-limit = 1024 (custom)
2019-06-14 02:55:19,703 INFO  server.RaftServerConfigKeys (ConfUtils.java:logGet(43)) - raft.server.log.segment.size.max = 16384 (custom)
2019-06-14 02:55:19,704 INFO  server.RaftServerConfigKeys (ConfUtils.java:logGet(43)) - raft.server.log.preallocated.size = 16384 (custom)
2019-06-14 02:55:19,704 INFO  server.RaftServerConfigKeys (ConfUtils.java:logGet(43)) - raft.server.log.write.buffer.size = 33554432 (custom)
2019-06-14 02:55:19,704 INFO  server.RaftServerConfigKeys (ConfUtils.java:logGet(43)) - raft.server.log.force.sync.num = 128 (default)
2019-06-14 02:55:19,704 INFO  server.RaftServerConfigKeys (ConfUtils.java:logGet(43)) - raft.server.log.statemachine.data.sync = true (default)
2019-06-14 02:55:19,704 INFO  server.RaftServerConfigKeys (ConfUtils.java:logGet(43)) - raft.server.log.statemachine.data.sync.timeout = 10s (default)
2019-06-14 02:55:19,704 INFO  server.RaftServerConfigKeys (ConfUtils.java:logGet(43)) - raft.server.log.statemachine.data.sync.timeout.retry = -1 (default)
2019-06-14 02:55:19,704 INFO  server.RaftServerConfigKeys (ConfUtils.java:logGet(43)) - raft.server.log.statemachine.data.caching.enabled = true (custom)
2019-06-14 02:55:19,704 INFO  server.RaftServerConfigKeys (ConfUtils.java:logGet(43)) - raft.server.snapshot.auto.trigger.enabled = true (custom)
2019-06-14 02:55:19,705 INFO  server.RaftServerConfigKeys (ConfUtils.java:logGet(43)) - raft.server.snapshot.auto.trigger.threshold = 10000 (custom)
2019-06-14 02:55:19,705 INFO  server.RaftServerConfigKeys (ConfUtils.java:logGet(43)) - raft.server.retrycache.expirytime = 600000ms (custom)
2019-06-14 02:55:19,705 INFO  impl.RaftServerImpl (RaftServerImpl.java:start(173)) - 978a5ad8-9255-4edb-ac43-b1d2b32ce9e1: start group-769FC2674EE0
2019-06-14 02:55:19,705 INFO  impl.RaftServerImpl (RaftServerImpl.java:setRole(164)) - 978a5ad8-9255-4edb-ac43-b1d2b32ce9e1:group-769FC2674EE0 changes role from null to FOLLOWER at term 0 for startAsFollower
2019-06-14 02:55:19,705 INFO  impl.RoleInfo (RoleInfo.java:updateAndGet(143)) - 978a5ad8-9255-4edb-ac43-b1d2b32ce9e1: start FollowerState
2019-06-14 02:55:19,705 INFO  util.JmxRegister (JmxRegister.java:tryRegister(44)) - Successfully registered JMX Bean with object name Ratis:service=RaftServer,group=group-769FC2674EE0,id=978a5ad8-9255-4edb-ac43-b1d2b32ce9e1
2019-06-14 02:55:19,707 INFO  pipeline.PipelineStateManager (PipelineStateManager.java:addPipeline(56)) - Created pipeline Pipeline[ Id: ee03a61c-af51-4f39-83fa-769fc2674ee0, Nodes: 978a5ad8-9255-4edb-ac43-b1d2b32ce9e1{ip: 192.168.105.164, host: ozone-r6sq7-3374789264, networkLocation: /default-rack, certSerialId: null}, Type:RATIS, Factor:ONE, State:OPEN]
2019-06-14 02:55:19,818 INFO  node.SCMNodeManager (SCMNodeManager.java:register(234)) - Registered Data node : 786813e0-0cf9-45c4-8b80-f014797963f2{ip: 192.168.105.164, host: ozone-r6sq7-3374789264, networkLocation: /default-rack, certSerialId: null}
2019-06-14 02:55:19,820 INFO  ozone.MiniOzoneClusterImpl (MiniOzoneClusterImpl.java:lambda$waitForClusterToBeReady$0(142)) - Cluster is ready. Got 6 of 6 DN Heartbeats.
2019-06-14 02:55:19,828 INFO  impl.RaftServerProxy (RaftServerProxy.java:addNew(89)) - 786813e0-0cf9-45c4-8b80-f014797963f2: addNew group-013913C7A0F6:[786813e0-0cf9-45c4-8b80-f014797963f2:192.168.105.164:40543] returns group-013913C7A0F6:java.util.concurrent.CompletableFuture@5ae470ed[Not completed]
2019-06-14 02:55:19,830 INFO  impl.RaftServerImpl (RaftServerImpl.java:<init>(91)) - 786813e0-0cf9-45c4-8b80-f014797963f2: new RaftServerImpl for group-013913C7A0F6:[786813e0-0cf9-45c4-8b80-f014797963f2:192.168.105.164:40543] with ContainerStateMachine:uninitialized
2019-06-14 02:55:19,830 INFO  server.RaftServerConfigKeys (ConfUtils.java:logGet(43)) - raft.server.rpc.timeout.min = 1s (custom)
2019-06-14 02:55:19,830 INFO  server.RaftServerConfigKeys (ConfUtils.java:logGet(43)) - raft.server.rpc.timeout.max = 1200ms (custom)
2019-06-14 02:55:19,830 INFO  server.RaftServerConfigKeys (ConfUtils.java:logGet(43)) - raft.server.rpcslowness.timeout = 120s (custom)
2019-06-14 02:55:19,830 INFO  server.RaftServerConfigKeys (ConfUtils.java:logGet(43)) - raft.server.log.appender.install.snapshot.enabled = true (default)
2019-06-14 02:55:19,830 INFO  impl.RaftServerImpl (ServerState.java:<init>(101)) - 786813e0-0cf9-45c4-8b80-f014797963f2:group-013913C7A0F6 ConfigurationManager, init=-1: [786813e0-0cf9-45c4-8b80-f014797963f2:192.168.105.164:40543], old=null, confs=<EMPTY_MAP>
2019-06-14 02:55:19,832 INFO  server.RaftServerConfigKeys (ConfUtils.java:logGet(43)) - raft.server.storage.dir = [/opt/src/hadoop-ozone/integration-test/target/test-dir/MiniOzoneClusterImpl-03ec3954-a2af-4c3d-a4be-c1432f13dd27/datanode-5/data/ratis] (custom)
2019-06-14 02:55:19,836 INFO  storage.RaftStorageDirectory (RaftStorageDirectory.java:analyzeStorage(246)) - The storage directory /opt/src/hadoop-ozone/integration-test/target/test-dir/MiniOzoneClusterImpl-03ec3954-a2af-4c3d-a4be-c1432f13dd27/datanode-5/data/ratis/f72a4c78-0e10-4cf6-8b43-013913c7a0f6 does not exist. Creating ...
2019-06-14 02:55:19,838 INFO  storage.RaftStorageDirectory (RaftStorageDirectory.java:tryLock(328)) - Lock on /opt/src/hadoop-ozone/integration-test/target/test-dir/MiniOzoneClusterImpl-03ec3954-a2af-4c3d-a4be-c1432f13dd27/datanode-5/data/ratis/f72a4c78-0e10-4cf6-8b43-013913c7a0f6/in_use.lock acquired by nodename 14991@ozone-r6sq7-3374789264
2019-06-14 02:55:19,839 INFO  rpc.RpcClient (RpcClient.java:createVolume(289)) - Creating Volume: datanodefailurehandlingtest, with root as owner.
2019-06-14 02:55:19,840 INFO  storage.RaftStorage (RaftStorage.java:format(75)) - Storage directory /opt/src/hadoop-ozone/integration-test/target/test-dir/MiniOzoneClusterImpl-03ec3954-a2af-4c3d-a4be-c1432f13dd27/datanode-5/data/ratis/f72a4c78-0e10-4cf6-8b43-013913c7a0f6 has been successfully formatted.
2019-06-14 02:55:19,841 INFO  ratis.ContainerStateMachine (ContainerStateMachine.java:loadSnapshot(199)) - The snapshot info is null.Setting the last applied index to:(t:0, i:~)
2019-06-14 02:55:19,841 INFO  server.RaftServerConfigKeys (ConfUtils.java:logGet(43)) - raft.server.leader.election.timeout = 120s (custom)
2019-06-14 02:55:19,841 INFO  server.RaftServerConfigKeys (ConfUtils.java:logGet(43)) - raft.server.log.use.memory = false (default)
2019-06-14 02:55:19,841 INFO  server.RaftServerConfigKeys (ConfUtils.java:logGet(43)) - raft.server.log.appender.buffer.byte-limit = 33554432 (custom)
2019-06-14 02:55:19,841 INFO  server.RaftServerConfigKeys (ConfUtils.java:logGet(43)) - raft.server.log.segment.size.max = 16384 (custom)
2019-06-14 02:55:19,846 INFO  server.RaftServerConfigKeys (ConfUtils.java:logGet(43)) - raft.server.log.segment.cache.num.max = 2 (custom)
2019-06-14 02:55:19,847 INFO  storage.RaftLogWorker (RaftLogWorker.java:<init>(123)) - new 786813e0-0cf9-45c4-8b80-f014797963f2-RaftLogWorker for Storage Directory /opt/src/hadoop-ozone/integration-test/target/test-dir/MiniOzoneClusterImpl-03ec3954-a2af-4c3d-a4be-c1432f13dd27/datanode-5/data/ratis/f72a4c78-0e10-4cf6-8b43-013913c7a0f6
2019-06-14 02:55:19,847 INFO  server.RaftServerConfigKeys (ConfUtils.java:logGet(43)) - raft.server.log.queue.byte-limit = 2147483647 (custom)
2019-06-14 02:55:19,847 INFO  server.RaftServerConfigKeys (ConfUtils.java:logGet(43)) - raft.server.log.queue.element-limit = 1024 (custom)
2019-06-14 02:55:19,847 INFO  server.RaftServerConfigKeys (ConfUtils.java:logGet(43)) - raft.server.log.segment.size.max = 16384 (custom)
2019-06-14 02:55:19,847 INFO  server.RaftServerConfigKeys (ConfUtils.java:logGet(43)) - raft.server.log.preallocated.size = 16384 (custom)
2019-06-14 02:55:19,847 INFO  server.RaftServerConfigKeys (ConfUtils.java:logGet(43)) - raft.server.log.write.buffer.size = 33554432 (custom)
2019-06-14 02:55:19,847 INFO  server.RaftServerConfigKeys (ConfUtils.java:logGet(43)) - raft.server.log.force.sync.num = 128 (default)
2019-06-14 02:55:19,847 INFO  server.RaftServerConfigKeys (ConfUtils.java:logGet(43)) - raft.server.log.statemachine.data.sync = true (default)
2019-06-14 02:55:19,847 INFO  rpc.RpcClient (RpcClient.java:createBucket(426)) - Creating Bucket: datanodefailurehandlingtest/datanodefailurehandlingtest, with Versioning false and Storage Type set to DISK and Encryption set to false 
2019-06-14 02:55:19,848 INFO  server.RaftServerConfigKeys (ConfUtils.java:logGet(43)) - raft.server.log.statemachine.data.sync.timeout = 10s (default)
2019-06-14 02:55:19,848 INFO  server.RaftServerConfigKeys (ConfUtils.java:logGet(43)) - raft.server.log.statemachine.data.sync.timeout.retry = -1 (default)
2019-06-14 02:55:19,848 INFO  server.RaftServerConfigKeys (ConfUtils.java:logGet(43)) - raft.server.log.statemachine.data.caching.enabled = true (custom)
2019-06-14 02:55:19,850 INFO  server.RaftServerConfigKeys (ConfUtils.java:logGet(43)) - raft.server.snapshot.auto.trigger.enabled = true (custom)
2019-06-14 02:55:19,850 INFO  server.RaftServerConfigKeys (ConfUtils.java:logGet(43)) - raft.server.snapshot.auto.trigger.threshold = 10000 (custom)
2019-06-14 02:55:19,851 INFO  server.RaftServerConfigKeys (ConfUtils.java:logGet(43)) - raft.server.retrycache.expirytime = 600000ms (custom)
2019-06-14 02:55:19,851 INFO  impl.RaftServerImpl (RaftServerImpl.java:start(173)) - 786813e0-0cf9-45c4-8b80-f014797963f2: start group-013913C7A0F6
2019-06-14 02:55:19,851 INFO  impl.RaftServerImpl (RaftServerImpl.java:setRole(164)) - 786813e0-0cf9-45c4-8b80-f014797963f2:group-013913C7A0F6 changes role from null to FOLLOWER at term 0 for startAsFollower
2019-06-14 02:55:19,851 INFO  impl.RoleInfo (RoleInfo.java:updateAndGet(143)) - 786813e0-0cf9-45c4-8b80-f014797963f2: start FollowerState
2019-06-14 02:55:19,853 INFO  util.JmxRegister (JmxRegister.java:tryRegister(44)) - Successfully registered JMX Bean with object name Ratis:service=RaftServer,group=group-013913C7A0F6,id=786813e0-0cf9-45c4-8b80-f014797963f2
2019-06-14 02:55:19,855 INFO  pipeline.PipelineStateManager (PipelineStateManager.java:addPipeline(56)) - Created pipeline Pipeline[ Id: f72a4c78-0e10-4cf6-8b43-013913c7a0f6, Nodes: 786813e0-0cf9-45c4-8b80-f014797963f2{ip: 192.168.105.164, host: ozone-r6sq7-3374789264, networkLocation: /default-rack, certSerialId: null}, Type:RATIS, Factor:ONE, State:OPEN]
2019-06-14 02:55:19,863 INFO  impl.RaftServerProxy (RaftServerProxy.java:addNew(89)) - 03472a84-2fbb-435a-b88a-fcd580717527: addNew group-03F57148841C:[786813e0-0cf9-45c4-8b80-f014797963f2:192.168.105.164:40543, 03472a84-2fbb-435a-b88a-fcd580717527:192.168.105.164:43035, 978a5ad8-9255-4edb-ac43-b1d2b32ce9e1:192.168.105.164:38705] returns group-03F57148841C:java.util.concurrent.CompletableFuture@25151471[Not completed]
2019-06-14 02:55:19,863 INFO  impl.RaftServerImpl (RaftServerImpl.java:<init>(91)) - 03472a84-2fbb-435a-b88a-fcd580717527: new RaftServerImpl for group-03F57148841C:[786813e0-0cf9-45c4-8b80-f014797963f2:192.168.105.164:40543, 03472a84-2fbb-435a-b88a-fcd580717527:192.168.105.164:43035, 978a5ad8-9255-4edb-ac43-b1d2b32ce9e1:192.168.105.164:38705] with ContainerStateMachine:uninitialized
2019-06-14 02:55:19,863 INFO  server.RaftServerConfigKeys (ConfUtils.java:logGet(43)) - raft.server.rpc.timeout.min = 1s (custom)
2019-06-14 02:55:19,863 INFO  server.RaftServerConfigKeys (ConfUtils.java:logGet(43)) - raft.server.rpc.timeout.max = 1200ms (custom)
2019-06-14 02:55:19,864 INFO  server.RaftServerConfigKeys (ConfUtils.java:logGet(43)) - raft.server.rpcslowness.timeout = 120s (custom)
2019-06-14 02:55:19,864 INFO  server.RaftServerConfigKeys (ConfUtils.java:logGet(43)) - raft.server.log.appender.install.snapshot.enabled = true (default)
2019-06-14 02:55:19,864 INFO  impl.RaftServerImpl (ServerState.java:<init>(101)) - 03472a84-2fbb-435a-b88a-fcd580717527:group-03F57148841C ConfigurationManager, init=-1: [786813e0-0cf9-45c4-8b80-f014797963f2:192.168.105.164:40543, 03472a84-2fbb-435a-b88a-fcd580717527:192.168.105.164:43035, 978a5ad8-9255-4edb-ac43-b1d2b32ce9e1:192.168.105.164:38705], old=null, confs=<EMPTY_MAP>
2019-06-14 02:55:19,864 INFO  server.RaftServerConfigKeys (ConfUtils.java:logGet(43)) - raft.server.storage.dir = [/opt/src/hadoop-ozone/integration-test/target/test-dir/MiniOzoneClusterImpl-03ec3954-a2af-4c3d-a4be-c1432f13dd27/datanode-3/data/ratis] (custom)
2019-06-14 02:55:19,864 INFO  storage.RaftStorageDirectory (RaftStorageDirectory.java:analyzeStorage(246)) - The storage directory /opt/src/hadoop-ozone/integration-test/target/test-dir/MiniOzoneClusterImpl-03ec3954-a2af-4c3d-a4be-c1432f13dd27/datanode-3/data/ratis/d15020a0-0a5c-44a4-a18f-03f57148841c does not exist. Creating ...
2019-06-14 02:55:19,864 INFO  impl.RaftServerProxy (RaftServerProxy.java:addNew(89)) - 978a5ad8-9255-4edb-ac43-b1d2b32ce9e1: addNew group-03F57148841C:[786813e0-0cf9-45c4-8b80-f014797963f2:192.168.105.164:40543, 03472a84-2fbb-435a-b88a-fcd580717527:192.168.105.164:43035, 978a5ad8-9255-4edb-ac43-b1d2b32ce9e1:192.168.105.164:38705] returns group-03F57148841C:java.util.concurrent.CompletableFuture@50e31bf4[Not completed]
2019-06-14 02:55:19,864 INFO  impl.RaftServerProxy (RaftServerProxy.java:addNew(89)) - 786813e0-0cf9-45c4-8b80-f014797963f2: addNew group-03F57148841C:[786813e0-0cf9-45c4-8b80-f014797963f2:192.168.105.164:40543, 03472a84-2fbb-435a-b88a-fcd580717527:192.168.105.164:43035, 978a5ad8-9255-4edb-ac43-b1d2b32ce9e1:192.168.105.164:38705] returns group-03F57148841C:java.util.concurrent.CompletableFuture@5c8f6b26[Not completed]
2019-06-14 02:55:19,864 INFO  impl.RaftServerImpl (RaftServerImpl.java:<init>(91)) - 978a5ad8-9255-4edb-ac43-b1d2b32ce9e1: new RaftServerImpl for group-03F57148841C:[786813e0-0cf9-45c4-8b80-f014797963f2:192.168.105.164:40543, 03472a84-2fbb-435a-b88a-fcd580717527:192.168.105.164:43035, 978a5ad8-9255-4edb-ac43-b1d2b32ce9e1:192.168.105.164:38705] with ContainerStateMachine:uninitialized
2019-06-14 02:55:19,865 INFO  server.RaftServerConfigKeys (ConfUtils.java:logGet(43)) - raft.server.rpc.timeout.min = 1s (custom)
2019-06-14 02:55:19,865 INFO  server.RaftServerConfigKeys (ConfUtils.java:logGet(43)) - raft.server.rpc.timeout.max = 1200ms (custom)
2019-06-14 02:55:19,865 INFO  impl.RaftServerImpl (RaftServerImpl.java:<init>(91)) - 786813e0-0cf9-45c4-8b80-f014797963f2: new RaftServerImpl for group-03F57148841C:[786813e0-0cf9-45c4-8b80-f014797963f2:192.168.105.164:40543, 03472a84-2fbb-435a-b88a-fcd580717527:192.168.105.164:43035, 978a5ad8-9255-4edb-ac43-b1d2b32ce9e1:192.168.105.164:38705] with ContainerStateMachine:uninitialized
2019-06-14 02:55:19,865 INFO  server.RaftServerConfigKeys (ConfUtils.java:logGet(43)) - raft.server.rpcslowness.timeout = 120s (custom)
2019-06-14 02:55:19,865 INFO  server.RaftServerConfigKeys (ConfUtils.java:logGet(43)) - raft.server.log.appender.install.snapshot.enabled = true (default)
2019-06-14 02:55:19,865 INFO  server.RaftServerConfigKeys (ConfUtils.java:logGet(43)) - raft.server.rpc.timeout.min = 1s (custom)
2019-06-14 02:55:19,865 INFO  impl.RaftServerImpl (ServerState.java:<init>(101)) - 978a5ad8-9255-4edb-ac43-b1d2b32ce9e1:group-03F57148841C ConfigurationManager, init=-1: [786813e0-0cf9-45c4-8b80-f014797963f2:192.168.105.164:40543, 03472a84-2fbb-435a-b88a-fcd580717527:192.168.105.164:43035, 978a5ad8-9255-4edb-ac43-b1d2b32ce9e1:192.168.105.164:38705], old=null, confs=<EMPTY_MAP>
2019-06-14 02:55:19,865 INFO  server.RaftServerConfigKeys (ConfUtils.java:logGet(43)) - raft.server.rpc.timeout.max = 1200ms (custom)
2019-06-14 02:55:19,865 INFO  server.RaftServerConfigKeys (ConfUtils.java:logGet(43)) - raft.server.storage.dir = [/opt/src/hadoop-ozone/integration-test/target/test-dir/MiniOzoneClusterImpl-03ec3954-a2af-4c3d-a4be-c1432f13dd27/datanode-4/data/ratis] (custom)
2019-06-14 02:55:19,865 INFO  server.RaftServerConfigKeys (ConfUtils.java:logGet(43)) - raft.server.rpcslowness.timeout = 120s (custom)
2019-06-14 02:55:19,865 INFO  server.RaftServerConfigKeys (ConfUtils.java:logGet(43)) - raft.server.log.appender.install.snapshot.enabled = true (default)
2019-06-14 02:55:19,866 INFO  impl.RaftServerImpl (ServerState.java:<init>(101)) - 786813e0-0cf9-45c4-8b80-f014797963f2:group-03F57148841C ConfigurationManager, init=-1: [786813e0-0cf9-45c4-8b80-f014797963f2:192.168.105.164:40543, 03472a84-2fbb-435a-b88a-fcd580717527:192.168.105.164:43035, 978a5ad8-9255-4edb-ac43-b1d2b32ce9e1:192.168.105.164:38705], old=null, confs=<EMPTY_MAP>
2019-06-14 02:55:19,866 INFO  server.RaftServerConfigKeys (ConfUtils.java:logGet(43)) - raft.server.storage.dir = [/opt/src/hadoop-ozone/integration-test/target/test-dir/MiniOzoneClusterImpl-03ec3954-a2af-4c3d-a4be-c1432f13dd27/datanode-5/data/ratis] (custom)
2019-06-14 02:55:19,866 INFO  storage.RaftStorageDirectory (RaftStorageDirectory.java:analyzeStorage(246)) - The storage directory /opt/src/hadoop-ozone/integration-test/target/test-dir/MiniOzoneClusterImpl-03ec3954-a2af-4c3d-a4be-c1432f13dd27/datanode-5/data/ratis/d15020a0-0a5c-44a4-a18f-03f57148841c does not exist. Creating ...
2019-06-14 02:55:19,866 INFO  storage.RaftStorageDirectory (RaftStorageDirectory.java:analyzeStorage(246)) - The storage directory /opt/src/hadoop-ozone/integration-test/target/test-dir/MiniOzoneClusterImpl-03ec3954-a2af-4c3d-a4be-c1432f13dd27/datanode-4/data/ratis/d15020a0-0a5c-44a4-a18f-03f57148841c does not exist. Creating ...
2019-06-14 02:55:19,866 INFO  storage.RaftStorageDirectory (RaftStorageDirectory.java:tryLock(328)) - Lock on /opt/src/hadoop-ozone/integration-test/target/test-dir/MiniOzoneClusterImpl-03ec3954-a2af-4c3d-a4be-c1432f13dd27/datanode-3/data/ratis/d15020a0-0a5c-44a4-a18f-03f57148841c/in_use.lock acquired by nodename 14991@ozone-r6sq7-3374789264
2019-06-14 02:55:19,868 INFO  storage.RaftStorageDirectory (RaftStorageDirectory.java:tryLock(328)) - Lock on /opt/src/hadoop-ozone/integration-test/target/test-dir/MiniOzoneClusterImpl-03ec3954-a2af-4c3d-a4be-c1432f13dd27/datanode-5/data/ratis/d15020a0-0a5c-44a4-a18f-03f57148841c/in_use.lock acquired by nodename 14991@ozone-r6sq7-3374789264
2019-06-14 02:55:19,868 INFO  storage.RaftStorageDirectory (RaftStorageDirectory.java:tryLock(328)) - Lock on /opt/src/hadoop-ozone/integration-test/target/test-dir/MiniOzoneClusterImpl-03ec3954-a2af-4c3d-a4be-c1432f13dd27/datanode-4/data/ratis/d15020a0-0a5c-44a4-a18f-03f57148841c/in_use.lock acquired by nodename 14991@ozone-r6sq7-3374789264
2019-06-14 02:55:19,870 INFO  impl.FollowerState (FollowerState.java:run(101)) - d410378f-70d6-461e-a499-10dacf5a9af7:group-7E47EA8437ED changes to CANDIDATE, lastRpcTime:1031, electionTimeout:1031ms
2019-06-14 02:55:19,870 INFO  impl.RoleInfo (RoleInfo.java:shutdownFollowerState(121)) - d410378f-70d6-461e-a499-10dacf5a9af7: shutdown FollowerState
2019-06-14 02:55:19,870 INFO  impl.RaftServerImpl (RaftServerImpl.java:setRole(164)) - d410378f-70d6-461e-a499-10dacf5a9af7:group-7E47EA8437ED changes role from FOLLOWER to CANDIDATE at term 0 for changeToCandidate
2019-06-14 02:55:19,870 INFO  impl.RoleInfo (RoleInfo.java:updateAndGet(143)) - d410378f-70d6-461e-a499-10dacf5a9af7: start LeaderElection
2019-06-14 02:55:19,870 INFO  storage.RaftStorage (RaftStorage.java:format(75)) - Storage directory /opt/src/hadoop-ozone/integration-test/target/test-dir/MiniOzoneClusterImpl-03ec3954-a2af-4c3d-a4be-c1432f13dd27/datanode-3/data/ratis/d15020a0-0a5c-44a4-a18f-03f57148841c has been successfully formatted.
2019-06-14 02:55:19,870 INFO  ratis.ContainerStateMachine (ContainerStateMachine.java:loadSnapshot(199)) - The snapshot info is null.Setting the last applied index to:(t:0, i:~)
2019-06-14 02:55:19,873 INFO  storage.RaftStorage (RaftStorage.java:format(75)) - Storage directory /opt/src/hadoop-ozone/integration-test/target/test-dir/MiniOzoneClusterImpl-03ec3954-a2af-4c3d-a4be-c1432f13dd27/datanode-5/data/ratis/d15020a0-0a5c-44a4-a18f-03f57148841c has been successfully formatted.
2019-06-14 02:55:19,873 INFO  storage.RaftStorage (RaftStorage.java:format(75)) - Storage directory /opt/src/hadoop-ozone/integration-test/target/test-dir/MiniOzoneClusterImpl-03ec3954-a2af-4c3d-a4be-c1432f13dd27/datanode-4/data/ratis/d15020a0-0a5c-44a4-a18f-03f57148841c has been successfully formatted.
2019-06-14 02:55:19,873 INFO  server.RaftServerConfigKeys (ConfUtils.java:logGet(43)) - raft.server.leader.election.timeout = 120s (custom)
2019-06-14 02:55:19,873 INFO  server.RaftServerConfigKeys (ConfUtils.java:logGet(43)) - raft.server.log.use.memory = false (default)
2019-06-14 02:55:19,873 INFO  ratis.ContainerStateMachine (ContainerStateMachine.java:loadSnapshot(199)) - The snapshot info is null.Setting the last applied index to:(t:0, i:~)
2019-06-14 02:55:19,873 INFO  ratis.ContainerStateMachine (ContainerStateMachine.java:loadSnapshot(199)) - The snapshot info is null.Setting the last applied index to:(t:0, i:~)
2019-06-14 02:55:19,874 INFO  server.RaftServerConfigKeys (ConfUtils.java:logGet(43)) - raft.server.leader.election.timeout = 120s (custom)
2019-06-14 02:55:19,874 INFO  server.RaftServerConfigKeys (ConfUtils.java:logGet(43)) - raft.server.leader.election.timeout = 120s (custom)
2019-06-14 02:55:19,873 INFO  server.RaftServerConfigKeys (ConfUtils.java:logGet(43)) - raft.server.log.appender.buffer.byte-limit = 33554432 (custom)
2019-06-14 02:55:19,874 INFO  server.RaftServerConfigKeys (ConfUtils.java:logGet(43)) - raft.server.log.use.memory = false (default)
2019-06-14 02:55:19,874 INFO  server.RaftServerConfigKeys (ConfUtils.java:logGet(43)) - raft.server.log.use.memory = false (default)
2019-06-14 02:55:19,874 INFO  server.RaftServerConfigKeys (ConfUtils.java:logGet(43)) - raft.server.log.appender.buffer.byte-limit = 33554432 (custom)
2019-06-14 02:55:19,874 INFO  server.RaftServerConfigKeys (ConfUtils.java:logGet(43)) - raft.server.log.segment.size.max = 16384 (custom)
2019-06-14 02:55:19,874 INFO  server.RaftServerConfigKeys (ConfUtils.java:logGet(43)) - raft.server.log.segment.size.max = 16384 (custom)
2019-06-14 02:55:19,874 INFO  server.RaftServerConfigKeys (ConfUtils.java:logGet(43)) - raft.server.log.appender.buffer.byte-limit = 33554432 (custom)
2019-06-14 02:55:19,874 INFO  server.RaftServerConfigKeys (ConfUtils.java:logGet(43)) - raft.server.log.segment.cache.num.max = 2 (custom)
2019-06-14 02:55:19,874 INFO  server.RaftServerConfigKeys (ConfUtils.java:logGet(43)) - raft.server.log.segment.cache.num.max = 2 (custom)
2019-06-14 02:55:19,874 INFO  storage.RaftLogWorker (RaftLogWorker.java:<init>(123)) - new 978a5ad8-9255-4edb-ac43-b1d2b32ce9e1-RaftLogWorker for Storage Directory /opt/src/hadoop-ozone/integration-test/target/test-dir/MiniOzoneClusterImpl-03ec3954-a2af-4c3d-a4be-c1432f13dd27/datanode-4/data/ratis/d15020a0-0a5c-44a4-a18f-03f57148841c
2019-06-14 02:55:19,874 INFO  server.RaftServerConfigKeys (ConfUtils.java:logGet(43)) - raft.server.log.segment.size.max = 16384 (custom)
2019-06-14 02:55:19,874 INFO  server.RaftServerConfigKeys (ConfUtils.java:logGet(43)) - raft.server.log.queue.byte-limit = 2147483647 (custom)
2019-06-14 02:55:19,874 INFO  storage.RaftLogWorker (RaftLogWorker.java:<init>(123)) - new 03472a84-2fbb-435a-b88a-fcd580717527-RaftLogWorker for Storage Directory /opt/src/hadoop-ozone/integration-test/target/test-dir/MiniOzoneClusterImpl-03ec3954-a2af-4c3d-a4be-c1432f13dd27/datanode-3/data/ratis/d15020a0-0a5c-44a4-a18f-03f57148841c
2019-06-14 02:55:19,875 INFO  server.RaftServerConfigKeys (ConfUtils.java:logGet(43)) - raft.server.log.queue.element-limit = 1024 (custom)
2019-06-14 02:55:19,875 INFO  server.RaftServerConfigKeys (ConfUtils.java:logGet(43)) - raft.server.log.segment.cache.num.max = 2 (custom)
2019-06-14 02:55:19,875 INFO  server.RaftServerConfigKeys (ConfUtils.java:logGet(43)) - raft.server.log.segment.size.max = 16384 (custom)
2019-06-14 02:55:19,875 INFO  server.RaftServerConfigKeys (ConfUtils.java:logGet(43)) - raft.server.log.queue.byte-limit = 2147483647 (custom)
2019-06-14 02:55:19,875 INFO  server.RaftServerConfigKeys (ConfUtils.java:logGet(43)) - raft.server.log.preallocated.size = 16384 (custom)
2019-06-14 02:55:19,875 INFO  storage.RaftLogWorker (RaftLogWorker.java:<init>(123)) - new 786813e0-0cf9-45c4-8b80-f014797963f2-RaftLogWorker for Storage Directory /opt/src/hadoop-ozone/integration-test/target/test-dir/MiniOzoneClusterImpl-03ec3954-a2af-4c3d-a4be-c1432f13dd27/datanode-5/data/ratis/d15020a0-0a5c-44a4-a18f-03f57148841c
2019-06-14 02:55:19,875 INFO  server.RaftServerConfigKeys (ConfUtils.java:logGet(43)) - raft.server.log.queue.byte-limit = 2147483647 (custom)
2019-06-14 02:55:19,875 INFO  server.RaftServerConfigKeys (ConfUtils.java:logGet(43)) - raft.server.log.queue.element-limit = 1024 (custom)
2019-06-14 02:55:19,875 INFO  server.RaftServerConfigKeys (ConfUtils.java:logGet(43)) - raft.server.log.write.buffer.size = 33554432 (custom)
2019-06-14 02:55:19,875 INFO  server.RaftServerConfigKeys (ConfUtils.java:logGet(43)) - raft.server.log.queue.element-limit = 1024 (custom)
2019-06-14 02:55:19,876 INFO  server.RaftServerConfigKeys (ConfUtils.java:logGet(43)) - raft.server.log.force.sync.num = 128 (default)
2019-06-14 02:55:19,875 INFO  server.RaftServerConfigKeys (ConfUtils.java:logGet(43)) - raft.server.log.segment.size.max = 16384 (custom)
2019-06-14 02:55:19,875 INFO  impl.LeaderElection (LeaderElection.java:askForVotes(181)) - d410378f-70d6-461e-a499-10dacf5a9af7:group-7E47EA8437ED:LeaderElection103: begin an election at term 1 for -1: [d410378f-70d6-461e-a499-10dacf5a9af7:192.168.105.164:46211], old=null
2019-06-14 02:55:19,876 INFO  server.RaftServerConfigKeys (ConfUtils.java:logGet(43)) - raft.server.log.preallocated.size = 16384 (custom)
2019-06-14 02:55:19,876 INFO  server.RaftServerConfigKeys (ConfUtils.java:logGet(43)) - raft.server.log.statemachine.data.sync = true (default)
2019-06-14 02:55:19,876 INFO  server.RaftServerConfigKeys (ConfUtils.java:logGet(43)) - raft.server.log.segment.size.max = 16384 (custom)
2019-06-14 02:55:19,876 INFO  server.RaftServerConfigKeys (ConfUtils.java:logGet(43)) - raft.server.log.statemachine.data.sync.timeout = 10s (default)
2019-06-14 02:55:19,876 INFO  server.RaftServerConfigKeys (ConfUtils.java:logGet(43)) - raft.server.log.write.buffer.size = 33554432 (custom)
2019-06-14 02:55:19,876 INFO  impl.RoleInfo (RoleInfo.java:shutdownLeaderElection(134)) - d410378f-70d6-461e-a499-10dacf5a9af7: shutdown LeaderElection
2019-06-14 02:55:19,876 INFO  server.RaftServerConfigKeys (ConfUtils.java:logGet(43)) - raft.server.log.force.sync.num = 128 (default)
2019-06-14 02:55:19,876 INFO  server.RaftServerConfigKeys (ConfUtils.java:logGet(43)) - raft.server.log.statemachine.data.sync.timeout.retry = -1 (default)
2019-06-14 02:55:19,876 INFO  server.RaftServerConfigKeys (ConfUtils.java:logGet(43)) - raft.server.log.preallocated.size = 16384 (custom)
2019-06-14 02:55:19,876 INFO  server.RaftServerConfigKeys (ConfUtils.java:logGet(43)) - raft.server.log.statemachine.data.caching.enabled = true (custom)
2019-06-14 02:55:19,876 INFO  server.RaftServerConfigKeys (ConfUtils.java:logGet(43)) - raft.server.log.statemachine.data.sync = true (default)
2019-06-14 02:55:19,877 INFO  server.RaftServerConfigKeys (ConfUtils.java:logGet(43)) - raft.server.log.statemachine.data.sync.timeout = 10s (default)
2019-06-14 02:55:19,876 INFO  impl.RaftServerImpl (RaftServerImpl.java:setRole(164)) - d410378f-70d6-461e-a499-10dacf5a9af7:group-7E47EA8437ED changes role from CANDIDATE to LEADER at term 1 for changeToLeader
2019-06-14 02:55:19,877 INFO  impl.RaftServerImpl (ServerState.java:setLeader(263)) - d410378f-70d6-461e-a499-10dacf5a9af7:group-7E47EA8437ED change Leader from null to d410378f-70d6-461e-a499-10dacf5a9af7 at term 1 for becomeLeader, leader elected after 1040ms
2019-06-14 02:55:19,877 INFO  server.RaftServerConfigKeys (ConfUtils.java:logGet(43)) - raft.server.log.statemachine.data.sync.timeout.retry = -1 (default)
2019-06-14 02:55:19,876 INFO  server.RaftServerConfigKeys (ConfUtils.java:logGet(43)) - raft.server.log.write.buffer.size = 33554432 (custom)
2019-06-14 02:55:19,877 INFO  server.RaftServerConfigKeys (ConfUtils.java:logGet(43)) - raft.server.log.statemachine.data.caching.enabled = true (custom)
2019-06-14 02:55:19,877 INFO  server.RaftServerConfigKeys (ConfUtils.java:logGet(43)) - raft.server.staging.catchup.gap = 1000 (default)
2019-06-14 02:55:19,877 INFO  server.RaftServerConfigKeys (ConfUtils.java:logGet(43)) - raft.server.snapshot.auto.trigger.enabled = true (custom)
2019-06-14 02:55:19,877 INFO  server.RaftServerConfigKeys (ConfUtils.java:logGet(43)) - raft.server.snapshot.auto.trigger.enabled = true (custom)
2019-06-14 02:55:19,877 INFO  server.RaftServerConfigKeys (ConfUtils.java:logGet(43)) - raft.server.rpc.sleep.time = 25ms (default)
2019-06-14 02:55:19,877 INFO  server.RaftServerConfigKeys (ConfUtils.java:logGet(43)) - raft.server.log.force.sync.num = 128 (default)
2019-06-14 02:55:19,877 INFO  server.RaftServerConfigKeys (ConfUtils.java:logGet(43)) - raft.server.watch.timeout = 10s (default)
2019-06-14 02:55:19,877 INFO  server.RaftServerConfigKeys (ConfUtils.java:logGet(43)) - raft.server.snapshot.auto.trigger.threshold = 10000 (custom)
2019-06-14 02:55:19,878 INFO  server.RaftServerConfigKeys (ConfUtils.java:logGet(43)) - raft.server.retrycache.expirytime = 600000ms (custom)
2019-06-14 02:55:19,878 INFO  impl.RaftServerImpl (RaftServerImpl.java:start(173)) - 786813e0-0cf9-45c4-8b80-f014797963f2: start group-03F57148841C
2019-06-14 02:55:19,878 INFO  impl.RaftServerImpl (RaftServerImpl.java:setRole(164)) - 786813e0-0cf9-45c4-8b80-f014797963f2:group-03F57148841C changes role from null to FOLLOWER at term 0 for startAsFollower
2019-06-14 02:55:19,878 INFO  impl.RoleInfo (RoleInfo.java:updateAndGet(143)) - 786813e0-0cf9-45c4-8b80-f014797963f2: start FollowerState
2019-06-14 02:55:19,877 INFO  server.RaftServerConfigKeys (ConfUtils.java:logGet(43)) - raft.server.snapshot.auto.trigger.threshold = 10000 (custom)
2019-06-14 02:55:19,878 INFO  util.JmxRegister (JmxRegister.java:tryRegister(44)) - Successfully registered JMX Bean with object name Ratis:service=RaftServer,group=group-03F57148841C,id=786813e0-0cf9-45c4-8b80-f014797963f2
2019-06-14 02:55:19,878 INFO  server.RaftServerConfigKeys (ConfUtils.java:logGet(43)) - raft.server.watch.timeout.denomination = 1s (default)
2019-06-14 02:55:19,878 INFO  server.RaftServerConfigKeys (ConfUtils.java:logGet(43)) - raft.server.log.statemachine.data.sync = true (default)
2019-06-14 02:55:19,879 INFO  impl.RoleInfo (RoleInfo.java:updateAndGet(143)) - d410378f-70d6-461e-a499-10dacf5a9af7: start LeaderState
2019-06-14 02:55:19,878 INFO  server.RaftServerConfigKeys (ConfUtils.java:logGet(43)) - raft.server.retrycache.expirytime = 600000ms (custom)
2019-06-14 02:55:19,879 INFO  server.RaftServerConfigKeys (ConfUtils.java:logGet(43)) - raft.server.log.statemachine.data.sync.timeout = 10s (default)
2019-06-14 02:55:19,879 INFO  storage.RaftLogWorker (RaftLogWorker.java:startLogSegment(298)) - d410378f-70d6-461e-a499-10dacf5a9af7-RaftLogWorker: Starting segment from index:0
2019-06-14 02:55:19,879 INFO  impl.RaftServerImpl (RaftServerImpl.java:start(173)) - 978a5ad8-9255-4edb-ac43-b1d2b32ce9e1: start group-03F57148841C
2019-06-14 02:55:19,879 INFO  server.RaftServerConfigKeys (ConfUtils.java:logGet(43)) - raft.server.log.statemachine.data.sync.timeout.retry = -1 (default)
2019-06-14 02:55:19,879 INFO  impl.RaftServerImpl (RaftServerImpl.java:setRole(164)) - 978a5ad8-9255-4edb-ac43-b1d2b32ce9e1:group-03F57148841C changes role from null to FOLLOWER at term 0 for startAsFollower
2019-06-14 02:55:19,880 INFO  impl.RaftServerImpl (ServerState.java:setRaftConf(361)) - d410378f-70d6-461e-a499-10dacf5a9af7:group-7E47EA8437ED set configuration 0: [d410378f-70d6-461e-a499-10dacf5a9af7:192.168.105.164:46211], old=null at 0
2019-06-14 02:55:19,880 INFO  impl.RoleInfo (RoleInfo.java:updateAndGet(143)) - 978a5ad8-9255-4edb-ac43-b1d2b32ce9e1: start FollowerState
2019-06-14 02:55:19,881 INFO  server.RaftServerConfigKeys (ConfUtils.java:logGet(43)) - raft.server.log.statemachine.data.caching.enabled = true (custom)
2019-06-14 02:55:19,881 INFO  util.JmxRegister (JmxRegister.java:tryRegister(44)) - Successfully registered JMX Bean with object name Ratis:service=RaftServer,group=group-03F57148841C,id=978a5ad8-9255-4edb-ac43-b1d2b32ce9e1
2019-06-14 02:55:19,886 INFO  server.RaftServerConfigKeys (ConfUtils.java:logGet(43)) - raft.server.snapshot.auto.trigger.enabled = true (custom)
2019-06-14 02:55:19,886 INFO  server.RaftServerConfigKeys (ConfUtils.java:logGet(43)) - raft.server.snapshot.auto.trigger.threshold = 10000 (custom)
2019-06-14 02:55:19,889 INFO  server.RaftServerConfigKeys (ConfUtils.java:logGet(43)) - raft.server.retrycache.expirytime = 600000ms (custom)
2019-06-14 02:55:19,889 INFO  impl.RaftServerImpl (RaftServerImpl.java:start(173)) - 03472a84-2fbb-435a-b88a-fcd580717527: start group-03F57148841C
2019-06-14 02:55:19,890 INFO  impl.RaftServerImpl (RaftServerImpl.java:setRole(164)) - 03472a84-2fbb-435a-b88a-fcd580717527:group-03F57148841C changes role from null to FOLLOWER at term 0 for startAsFollower
2019-06-14 02:55:19,890 INFO  impl.RoleInfo (RoleInfo.java:updateAndGet(143)) - 03472a84-2fbb-435a-b88a-fcd580717527: start FollowerState
2019-06-14 02:55:19,890 INFO  util.JmxRegister (JmxRegister.java:tryRegister(44)) - Successfully registered JMX Bean with object name Ratis:service=RaftServer,group=group-03F57148841C,id=03472a84-2fbb-435a-b88a-fcd580717527
2019-06-14 02:55:19,891 INFO  pipeline.PipelineStateManager (PipelineStateManager.java:addPipeline(56)) - Created pipeline Pipeline[ Id: d15020a0-0a5c-44a4-a18f-03f57148841c, Nodes: 978a5ad8-9255-4edb-ac43-b1d2b32ce9e1{ip: 192.168.105.164, host: ozone-r6sq7-3374789264, networkLocation: /default-rack, certSerialId: null}786813e0-0cf9-45c4-8b80-f014797963f2{ip: 192.168.105.164, host: ozone-r6sq7-3374789264, networkLocation: /default-rack, certSerialId: null}03472a84-2fbb-435a-b88a-fcd580717527{ip: 192.168.105.164, host: ozone-r6sq7-3374789264, networkLocation: /default-rack, certSerialId: null}, Type:RATIS, Factor:THREE, State:OPEN]
2019-06-14 02:55:19,922 INFO  storage.RaftLogWorker (RaftLogWorker.java:execute(469)) - d410378f-70d6-461e-a499-10dacf5a9af7-RaftLogWorker: created new log segment /opt/src/hadoop-ozone/integration-test/target/test-dir/MiniOzoneClusterImpl-03ec3954-a2af-4c3d-a4be-c1432f13dd27/datanode-0/data/ratis/999b2748-8b62-4c19-bbab-7e47ea8437ed/current/log_inprogress_0
2019-06-14 02:55:19,924 INFO  client.GrpcClientProtocolClient (GrpcClientProtocolClient.java:onNext(254)) - client-D9018FA2C691->978a5ad8-9255-4edb-ac43-b1d2b32ce9e1: receive RaftClientReply:client-D9018FA2C691->978a5ad8-9255-4edb-ac43-b1d2b32ce9e1@group-03F57148841C, cid=155, FAILED org.apache.ratis.protocol.NotLeaderException: Server 978a5ad8-9255-4edb-ac43-b1d2b32ce9e1 is not the leader (786813e0-0cf9-45c4-8b80-f014797963f2:192.168.105.164:40543). Request must be sent to leader., logIndex=0, commits[978a5ad8-9255-4edb-ac43-b1d2b32ce9e1:c-1]
2019-06-14 02:55:19,927 WARN  client.GrpcClientProtocolService (LogUtils.java:warn(134)) - 0-OrderedRequestStreamObserver0: onError: org.apache.ratis.thirdparty.io.grpc.StatusRuntimeException: CANCELLED: cancelled before receiving half close
2019-06-14 02:55:20,238 INFO  impl.FollowerState (FollowerState.java:run(101)) - ec0675ad-ae7a-477c-a36f-f67ded088084:group-1B280BAF87B9 changes to CANDIDATE, lastRpcTime:1183, electionTimeout:1183ms
2019-06-14 02:55:20,238 INFO  impl.RoleInfo (RoleInfo.java:shutdownFollowerState(121)) - ec0675ad-ae7a-477c-a36f-f67ded088084: shutdown FollowerState
2019-06-14 02:55:20,238 INFO  impl.RaftServerImpl (RaftServerImpl.java:setRole(164)) - ec0675ad-ae7a-477c-a36f-f67ded088084:group-1B280BAF87B9 changes role from FOLLOWER to CANDIDATE at term 0 for changeToCandidate
2019-06-14 02:55:20,238 INFO  impl.RoleInfo (RoleInfo.java:updateAndGet(143)) - ec0675ad-ae7a-477c-a36f-f67ded088084: start LeaderElection
2019-06-14 02:55:20,244 INFO  impl.LeaderElection (LeaderElection.java:askForVotes(181)) - ec0675ad-ae7a-477c-a36f-f67ded088084:group-1B280BAF87B9:LeaderElection104: begin an election at term 1 for -1: [ec0675ad-ae7a-477c-a36f-f67ded088084:192.168.105.164:43897], old=null
2019-06-14 02:55:20,244 INFO  impl.RoleInfo (RoleInfo.java:shutdownLeaderElection(134)) - ec0675ad-ae7a-477c-a36f-f67ded088084: shutdown LeaderElection
2019-06-14 02:55:20,244 INFO  impl.RaftServerImpl (RaftServerImpl.java:setRole(164)) - ec0675ad-ae7a-477c-a36f-f67ded088084:group-1B280BAF87B9 changes role from CANDIDATE to LEADER at term 1 for changeToLeader
2019-06-14 02:55:20,244 INFO  impl.RaftServerImpl (ServerState.java:setLeader(263)) - ec0675ad-ae7a-477c-a36f-f67ded088084:group-1B280BAF87B9 change Leader from null to ec0675ad-ae7a-477c-a36f-f67ded088084 at term 1 for becomeLeader, leader elected after 1191ms
2019-06-14 02:55:20,244 INFO  server.RaftServerConfigKeys (ConfUtils.java:logGet(43)) - raft.server.staging.catchup.gap = 1000 (default)
2019-06-14 02:55:20,244 INFO  server.RaftServerConfigKeys (ConfUtils.java:logGet(43)) - raft.server.rpc.sleep.time = 25ms (default)
2019-06-14 02:55:20,244 INFO  server.RaftServerConfigKeys (ConfUtils.java:logGet(43)) - raft.server.watch.timeout = 10s (default)
2019-06-14 02:55:20,245 INFO  server.RaftServerConfigKeys (ConfUtils.java:logGet(43)) - raft.server.watch.timeout.denomination = 1s (default)
2019-06-14 02:55:20,245 INFO  impl.RoleInfo (RoleInfo.java:updateAndGet(143)) - ec0675ad-ae7a-477c-a36f-f67ded088084: start LeaderState
2019-06-14 02:55:20,245 INFO  storage.RaftLogWorker (RaftLogWorker.java:startLogSegment(298)) - ec0675ad-ae7a-477c-a36f-f67ded088084-RaftLogWorker: Starting segment from index:0
2019-06-14 02:55:20,245 INFO  impl.RaftServerImpl (ServerState.java:setRaftConf(361)) - ec0675ad-ae7a-477c-a36f-f67ded088084:group-1B280BAF87B9 set configuration 0: [ec0675ad-ae7a-477c-a36f-f67ded088084:192.168.105.164:43897], old=null at 0
2019-06-14 02:55:20,283 INFO  storage.RaftLogWorker (RaftLogWorker.java:execute(469)) - ec0675ad-ae7a-477c-a36f-f67ded088084-RaftLogWorker: created new log segment /opt/src/hadoop-ozone/integration-test/target/test-dir/MiniOzoneClusterImpl-03ec3954-a2af-4c3d-a4be-c1432f13dd27/datanode-1/data/ratis/fcd0c71b-2c8d-4d76-8522-1b280baf87b9/current/log_inprogress_0
2019-06-14 02:55:20,286 INFO  impl.FollowerState (FollowerState.java:run(101)) - d410378f-70d6-461e-a499-10dacf5a9af7:group-2A66D5D6118A changes to CANDIDATE, lastRpcTime:1016, electionTimeout:1016ms
2019-06-14 02:55:20,286 INFO  impl.RoleInfo (RoleInfo.java:shutdownFollowerState(121)) - d410378f-70d6-461e-a499-10dacf5a9af7: shutdown FollowerState
2019-06-14 02:55:20,286 INFO  impl.RaftServerImpl (RaftServerImpl.java:setRole(164)) - d410378f-70d6-461e-a499-10dacf5a9af7:group-2A66D5D6118A changes role from FOLLOWER to CANDIDATE at term 0 for changeToCandidate
2019-06-14 02:55:20,286 INFO  impl.RoleInfo (RoleInfo.java:updateAndGet(143)) - d410378f-70d6-461e-a499-10dacf5a9af7: start LeaderElection
2019-06-14 02:55:20,291 INFO  impl.LeaderElection (LeaderElection.java:askForVotes(181)) - d410378f-70d6-461e-a499-10dacf5a9af7:group-2A66D5D6118A:LeaderElection105: begin an election at term 1 for -1: [d410378f-70d6-461e-a499-10dacf5a9af7:192.168.105.164:46211, ac1745c0-e1ab-4938-a48a-bbefd2b06748:192.168.105.164:41913, ec0675ad-ae7a-477c-a36f-f67ded088084:192.168.105.164:43897], old=null
2019-06-14 02:55:20,297 INFO  impl.RaftServerImpl (RaftServerImpl.java:setRole(164)) - ec0675ad-ae7a-477c-a36f-f67ded088084:group-2A66D5D6118A changes role from FOLLOWER to FOLLOWER at term 1 for recognizeCandidate:d410378f-70d6-461e-a499-10dacf5a9af7
2019-06-14 02:55:20,299 INFO  impl.RoleInfo (RoleInfo.java:shutdownFollowerState(121)) - ec0675ad-ae7a-477c-a36f-f67ded088084: shutdown FollowerState
2019-06-14 02:55:20,299 INFO  impl.RoleInfo (RoleInfo.java:updateAndGet(143)) - ec0675ad-ae7a-477c-a36f-f67ded088084: start FollowerState
2019-06-14 02:55:20,299 INFO  impl.RaftServerImpl (RaftServerImpl.java:setRole(164)) - ac1745c0-e1ab-4938-a48a-bbefd2b06748:group-2A66D5D6118A changes role from FOLLOWER to FOLLOWER at term 1 for recognizeCandidate:d410378f-70d6-461e-a499-10dacf5a9af7
2019-06-14 02:55:20,299 INFO  impl.FollowerState (FollowerState.java:run(109)) - ec0675ad-ae7a-477c-a36f-f67ded088084: FollowerState was interrupted: java.lang.InterruptedException: sleep interrupted
2019-06-14 02:55:20,300 INFO  impl.RoleInfo (RoleInfo.java:shutdownFollowerState(121)) - ac1745c0-e1ab-4938-a48a-bbefd2b06748: shutdown FollowerState
2019-06-14 02:55:20,300 INFO  impl.RoleInfo (RoleInfo.java:updateAndGet(143)) - ac1745c0-e1ab-4938-a48a-bbefd2b06748: start FollowerState
2019-06-14 02:55:20,300 INFO  impl.FollowerState (FollowerState.java:run(109)) - ac1745c0-e1ab-4938-a48a-bbefd2b06748: FollowerState was interrupted: java.lang.InterruptedException: sleep interrupted
2019-06-14 02:55:20,303 INFO  impl.LeaderElection (LeaderElection.java:logAndReturn(56)) - d410378f-70d6-461e-a499-10dacf5a9af7:group-2A66D5D6118A:LeaderElection105: Election PASSED; received 1 response(s) [d410378f-70d6-461e-a499-10dacf5a9af7->ac1745c0-e1ab-4938-a48a-bbefd2b06748,true-t1] and 0 exception(s); d410378f-70d6-461e-a499-10dacf5a9af7:t1, leader=null, voted=d410378f-70d6-461e-a499-10dacf5a9af7, raftlog=d410378f-70d6-461e-a499-10dacf5a9af7-SegmentedRaftLog:OPENED:c-1,f-1,i0, conf=-1: [d410378f-70d6-461e-a499-10dacf5a9af7:192.168.105.164:46211, ac1745c0-e1ab-4938-a48a-bbefd2b06748:192.168.105.164:41913, ec0675ad-ae7a-477c-a36f-f67ded088084:192.168.105.164:43897], old=null
2019-06-14 02:55:20,303 INFO  impl.RoleInfo (RoleInfo.java:shutdownLeaderElection(134)) - d410378f-70d6-461e-a499-10dacf5a9af7: shutdown LeaderElection
2019-06-14 02:55:20,303 INFO  impl.RaftServerImpl (RaftServerImpl.java:setRole(164)) - d410378f-70d6-461e-a499-10dacf5a9af7:group-2A66D5D6118A changes role from CANDIDATE to LEADER at term 1 for changeToLeader
2019-06-14 02:55:20,303 INFO  impl.RaftServerImpl (ServerState.java:setLeader(263)) - d410378f-70d6-461e-a499-10dacf5a9af7:group-2A66D5D6118A change Leader from null to d410378f-70d6-461e-a499-10dacf5a9af7 at term 1 for becomeLeader, leader elected after 1035ms
2019-06-14 02:55:20,303 INFO  server.RaftServerConfigKeys (ConfUtils.java:logGet(43)) - raft.server.staging.catchup.gap = 1000 (default)
2019-06-14 02:55:20,303 INFO  server.RaftServerConfigKeys (ConfUtils.java:logGet(43)) - raft.server.rpc.sleep.time = 25ms (default)
2019-06-14 02:55:20,303 INFO  server.RaftServerConfigKeys (ConfUtils.java:logGet(43)) - raft.server.watch.timeout = 10s (default)
2019-06-14 02:55:20,303 INFO  server.RaftServerConfigKeys (ConfUtils.java:logGet(43)) - raft.server.watch.timeout.denomination = 1s (default)
2019-06-14 02:55:20,303 INFO  server.RaftServerConfigKeys (ConfUtils.java:logGet(43)) - raft.server.log.appender.snapshot.chunk.size.max = 16MB (=16777216) (default)
2019-06-14 02:55:20,303 INFO  server.RaftServerConfigKeys (ConfUtils.java:logGet(43)) - raft.server.log.appender.buffer.byte-limit = 33554432 (custom)
2019-06-14 02:55:20,304 INFO  server.RaftServerConfigKeys (ConfUtils.java:logGet(43)) - raft.server.log.appender.buffer.element-limit = 1 (custom)
2019-06-14 02:55:20,304 INFO  grpc.GrpcConfigKeys$Server (ConfUtils.java:logGet(43)) - raft.grpc.server.leader.outstanding.appends.max = 128 (default)
2019-06-14 02:55:20,304 INFO  server.RaftServerConfigKeys (ConfUtils.java:logGet(43)) - raft.server.rpc.request.timeout = 3000ms (default)
2019-06-14 02:55:20,304 INFO  server.RaftServerConfigKeys (ConfUtils.java:logGet(43)) - raft.server.log.appender.install.snapshot.enabled = true (default)
2019-06-14 02:55:20,304 INFO  server.RaftServerConfigKeys (ConfUtils.java:logGet(43)) - raft.server.log.appender.snapshot.chunk.size.max = 16MB (=16777216) (default)
2019-06-14 02:55:20,304 INFO  server.RaftServerConfigKeys (ConfUtils.java:logGet(43)) - raft.server.log.appender.buffer.byte-limit = 33554432 (custom)
2019-06-14 02:55:20,304 INFO  server.RaftServerConfigKeys (ConfUtils.java:logGet(43)) - raft.server.log.appender.buffer.element-limit = 1 (custom)
2019-06-14 02:55:20,304 INFO  grpc.GrpcConfigKeys$Server (ConfUtils.java:logGet(43)) - raft.grpc.server.leader.outstanding.appends.max = 128 (default)
2019-06-14 02:55:20,304 INFO  server.RaftServerConfigKeys (ConfUtils.java:logGet(43)) - raft.server.rpc.request.timeout = 3000ms (default)
2019-06-14 02:55:20,304 INFO  server.RaftServerConfigKeys (ConfUtils.java:logGet(43)) - raft.server.log.appender.install.snapshot.enabled = true (default)
2019-06-14 02:55:20,304 INFO  impl.RoleInfo (RoleInfo.java:updateAndGet(143)) - d410378f-70d6-461e-a499-10dacf5a9af7: start LeaderState
2019-06-14 02:55:20,304 INFO  storage.RaftLogWorker (RaftLogWorker.java:startLogSegment(298)) - d410378f-70d6-461e-a499-10dacf5a9af7-RaftLogWorker: Starting segment from index:0
2019-06-14 02:55:20,305 INFO  impl.RaftServerImpl (ServerState.java:setRaftConf(361)) - d410378f-70d6-461e-a499-10dacf5a9af7:group-2A66D5D6118A set configuration 0: [d410378f-70d6-461e-a499-10dacf5a9af7:192.168.105.164:46211, ac1745c0-e1ab-4938-a48a-bbefd2b06748:192.168.105.164:41913, ec0675ad-ae7a-477c-a36f-f67ded088084:192.168.105.164:43897], old=null at 0
2019-06-14 02:55:20,310 INFO  impl.RaftServerImpl (ServerState.java:setLeader(263)) - ac1745c0-e1ab-4938-a48a-bbefd2b06748:group-2A66D5D6118A change Leader from null to d410378f-70d6-461e-a499-10dacf5a9af7 at term 1 for appendEntries, leader elected after 1050ms
2019-06-14 02:55:20,310 INFO  impl.RaftServerImpl (ServerState.java:setLeader(263)) - ec0675ad-ae7a-477c-a36f-f67ded088084:group-2A66D5D6118A change Leader from null to d410378f-70d6-461e-a499-10dacf5a9af7 at term 1 for appendEntries, leader elected after 1045ms
2019-06-14 02:55:20,344 INFO  impl.RaftServerImpl (ServerState.java:setRaftConf(361)) - ac1745c0-e1ab-4938-a48a-bbefd2b06748:group-2A66D5D6118A set configuration 0: [d410378f-70d6-461e-a499-10dacf5a9af7:192.168.105.164:46211, ac1745c0-e1ab-4938-a48a-bbefd2b06748:192.168.105.164:41913, ec0675ad-ae7a-477c-a36f-f67ded088084:192.168.105.164:43897], old=null at 0
2019-06-14 02:55:20,344 INFO  storage.RaftLogWorker (RaftLogWorker.java:startLogSegment(298)) - ac1745c0-e1ab-4938-a48a-bbefd2b06748-RaftLogWorker: Starting segment from index:0
2019-06-14 02:55:20,345 INFO  impl.RaftServerImpl (ServerState.java:setRaftConf(361)) - ec0675ad-ae7a-477c-a36f-f67ded088084:group-2A66D5D6118A set configuration 0: [d410378f-70d6-461e-a499-10dacf5a9af7:192.168.105.164:46211, ac1745c0-e1ab-4938-a48a-bbefd2b06748:192.168.105.164:41913, ec0675ad-ae7a-477c-a36f-f67ded088084:192.168.105.164:43897], old=null at 0
2019-06-14 02:55:20,345 INFO  storage.RaftLogWorker (RaftLogWorker.java:startLogSegment(298)) - ec0675ad-ae7a-477c-a36f-f67ded088084-RaftLogWorker: Starting segment from index:0
2019-06-14 02:55:20,345 INFO  storage.RaftLogWorker (RaftLogWorker.java:execute(469)) - d410378f-70d6-461e-a499-10dacf5a9af7-RaftLogWorker: created new log segment /opt/src/hadoop-ozone/integration-test/target/test-dir/MiniOzoneClusterImpl-03ec3954-a2af-4c3d-a4be-c1432f13dd27/datanode-0/data/ratis/096257b8-587c-489b-be59-2a66d5d6118a/current/log_inprogress_0
2019-06-14 02:55:20,349 INFO  impl.FollowerState (FollowerState.java:run(101)) - ac1745c0-e1ab-4938-a48a-bbefd2b06748:group-2EF2214B46D3 changes to CANDIDATE, lastRpcTime:1108, electionTimeout:1108ms
2019-06-14 02:55:20,349 INFO  impl.RoleInfo (RoleInfo.java:shutdownFollowerState(121)) - ac1745c0-e1ab-4938-a48a-bbefd2b06748: shutdown FollowerState
2019-06-14 02:55:20,349 INFO  impl.RaftServerImpl (RaftServerImpl.java:setRole(164)) - ac1745c0-e1ab-4938-a48a-bbefd2b06748:group-2EF2214B46D3 changes role from FOLLOWER to CANDIDATE at term 0 for changeToCandidate
2019-06-14 02:55:20,349 INFO  impl.RoleInfo (RoleInfo.java:updateAndGet(143)) - ac1745c0-e1ab-4938-a48a-bbefd2b06748: start LeaderElection
2019-06-14 02:55:20,369 INFO  impl.LeaderElection (LeaderElection.java:askForVotes(181)) - ac1745c0-e1ab-4938-a48a-bbefd2b06748:group-2EF2214B46D3:LeaderElection106: begin an election at term 1 for -1: [ac1745c0-e1ab-4938-a48a-bbefd2b06748:192.168.105.164:41913], old=null
2019-06-14 02:55:20,369 INFO  impl.RoleInfo (RoleInfo.java:shutdownLeaderElection(134)) - ac1745c0-e1ab-4938-a48a-bbefd2b06748: shutdown LeaderElection
2019-06-14 02:55:20,369 INFO  impl.RaftServerImpl (RaftServerImpl.java:setRole(164)) - ac1745c0-e1ab-4938-a48a-bbefd2b06748:group-2EF2214B46D3 changes role from CANDIDATE to LEADER at term 1 for changeToLeader
2019-06-14 02:55:20,369 INFO  impl.RaftServerImpl (ServerState.java:setLeader(263)) - ac1745c0-e1ab-4938-a48a-bbefd2b06748:group-2EF2214B46D3 change Leader from null to ac1745c0-e1ab-4938-a48a-bbefd2b06748 at term 1 for becomeLeader, leader elected after 1130ms
2019-06-14 02:55:20,369 INFO  server.RaftServerConfigKeys (ConfUtils.java:logGet(43)) - raft.server.staging.catchup.gap = 1000 (default)
2019-06-14 02:55:20,369 INFO  server.RaftServerConfigKeys (ConfUtils.java:logGet(43)) - raft.server.rpc.sleep.time = 25ms (default)
2019-06-14 02:55:20,369 INFO  server.RaftServerConfigKeys (ConfUtils.java:logGet(43)) - raft.server.watch.timeout = 10s (default)
2019-06-14 02:55:20,369 INFO  server.RaftServerConfigKeys (ConfUtils.java:logGet(43)) - raft.server.watch.timeout.denomination = 1s (default)
2019-06-14 02:55:20,369 INFO  impl.RoleInfo (RoleInfo.java:updateAndGet(143)) - ac1745c0-e1ab-4938-a48a-bbefd2b06748: start LeaderState
2019-06-14 02:55:20,369 INFO  storage.RaftLogWorker (RaftLogWorker.java:startLogSegment(298)) - ac1745c0-e1ab-4938-a48a-bbefd2b06748-RaftLogWorker: Starting segment from index:0
2019-06-14 02:55:20,370 INFO  impl.RaftServerImpl (ServerState.java:setRaftConf(361)) - ac1745c0-e1ab-4938-a48a-bbefd2b06748:group-2EF2214B46D3 set configuration 0: [ac1745c0-e1ab-4938-a48a-bbefd2b06748:192.168.105.164:41913], old=null at 0
2019-06-14 02:55:20,391 INFO  storage.RaftLogWorker (RaftLogWorker.java:execute(469)) - ec0675ad-ae7a-477c-a36f-f67ded088084-RaftLogWorker: created new log segment /opt/src/hadoop-ozone/integration-test/target/test-dir/MiniOzoneClusterImpl-03ec3954-a2af-4c3d-a4be-c1432f13dd27/datanode-1/data/ratis/096257b8-587c-489b-be59-2a66d5d6118a/current/log_inprogress_0
2019-06-14 02:55:20,391 INFO  storage.RaftLogWorker (RaftLogWorker.java:execute(469)) - ac1745c0-e1ab-4938-a48a-bbefd2b06748-RaftLogWorker: created new log segment /opt/src/hadoop-ozone/integration-test/target/test-dir/MiniOzoneClusterImpl-03ec3954-a2af-4c3d-a4be-c1432f13dd27/datanode-2/data/ratis/096257b8-587c-489b-be59-2a66d5d6118a/current/log_inprogress_0
2019-06-14 02:55:20,406 INFO  storage.RaftLogWorker (RaftLogWorker.java:execute(469)) - ac1745c0-e1ab-4938-a48a-bbefd2b06748-RaftLogWorker: created new log segment /opt/src/hadoop-ozone/integration-test/target/test-dir/MiniOzoneClusterImpl-03ec3954-a2af-4c3d-a4be-c1432f13dd27/datanode-2/data/ratis/df7f73c7-5b0a-46e6-85e6-2ef2214b46d3/current/log_inprogress_0
2019-06-14 02:55:20,602 INFO  impl.FollowerState (FollowerState.java:run(101)) - 03472a84-2fbb-435a-b88a-fcd580717527:group-F02AE8237D2D changes to CANDIDATE, lastRpcTime:1078, electionTimeout:1078ms
2019-06-14 02:55:20,602 INFO  impl.RoleInfo (RoleInfo.java:shutdownFollowerState(121)) - 03472a84-2fbb-435a-b88a-fcd580717527: shutdown FollowerState
2019-06-14 02:55:20,602 INFO  impl.RaftServerImpl (RaftServerImpl.java:setRole(164)) - 03472a84-2fbb-435a-b88a-fcd580717527:group-F02AE8237D2D changes role from FOLLOWER to CANDIDATE at term 0 for changeToCandidate
2019-06-14 02:55:20,602 INFO  impl.RoleInfo (RoleInfo.java:updateAndGet(143)) - 03472a84-2fbb-435a-b88a-fcd580717527: start LeaderElection
2019-06-14 02:55:20,610 INFO  impl.LeaderElection (LeaderElection.java:askForVotes(181)) - 03472a84-2fbb-435a-b88a-fcd580717527:group-F02AE8237D2D:LeaderElection107: begin an election at term 1 for -1: [03472a84-2fbb-435a-b88a-fcd580717527:192.168.105.164:43035], old=null
2019-06-14 02:55:20,610 INFO  impl.RoleInfo (RoleInfo.java:shutdownLeaderElection(134)) - 03472a84-2fbb-435a-b88a-fcd580717527: shutdown LeaderElection
2019-06-14 02:55:20,610 INFO  impl.RaftServerImpl (RaftServerImpl.java:setRole(164)) - 03472a84-2fbb-435a-b88a-fcd580717527:group-F02AE8237D2D changes role from CANDIDATE to LEADER at term 1 for changeToLeader
2019-06-14 02:55:20,610 INFO  impl.RaftServerImpl (ServerState.java:setLeader(263)) - 03472a84-2fbb-435a-b88a-fcd580717527:group-F02AE8237D2D change Leader from null to 03472a84-2fbb-435a-b88a-fcd580717527 at term 1 for becomeLeader, leader elected after 1088ms
2019-06-14 02:55:20,610 INFO  server.RaftServerConfigKeys (ConfUtils.java:logGet(43)) - raft.server.staging.catchup.gap = 1000 (default)
2019-06-14 02:55:20,610 INFO  server.RaftServerConfigKeys (ConfUtils.java:logGet(43)) - raft.server.rpc.sleep.time = 25ms (default)
2019-06-14 02:55:20,610 INFO  server.RaftServerConfigKeys (ConfUtils.java:logGet(43)) - raft.server.watch.timeout = 10s (default)
2019-06-14 02:55:20,611 INFO  server.RaftServerConfigKeys (ConfUtils.java:logGet(43)) - raft.server.watch.timeout.denomination = 1s (default)
2019-06-14 02:55:20,611 INFO  impl.RoleInfo (RoleInfo.java:updateAndGet(143)) - 03472a84-2fbb-435a-b88a-fcd580717527: start LeaderState
2019-06-14 02:55:20,611 INFO  storage.RaftLogWorker (RaftLogWorker.java:startLogSegment(298)) - 03472a84-2fbb-435a-b88a-fcd580717527-RaftLogWorker: Starting segment from index:0
2019-06-14 02:55:20,617 INFO  impl.RaftServerImpl (ServerState.java:setRaftConf(361)) - 03472a84-2fbb-435a-b88a-fcd580717527:group-F02AE8237D2D set configuration 0: [03472a84-2fbb-435a-b88a-fcd580717527:192.168.105.164:43035], old=null at 0
2019-06-14 02:55:20,927 INFO  impl.FollowerState (FollowerState.java:run(101)) - 786813e0-0cf9-45c4-8b80-f014797963f2:group-03F57148841C changes to CANDIDATE, lastRpcTime:1048, electionTimeout:1019ms
2019-06-14 02:55:20,927 INFO  impl.RoleInfo (RoleInfo.java:shutdownFollowerState(121)) - 786813e0-0cf9-45c4-8b80-f014797963f2: shutdown FollowerState
2019-06-14 02:55:20,927 INFO  impl.RaftServerImpl (RaftServerImpl.java:setRole(164)) - 786813e0-0cf9-45c4-8b80-f014797963f2:group-03F57148841C changes role from FOLLOWER to CANDIDATE at term 0 for changeToCandidate
2019-06-14 02:55:20,927 INFO  impl.RoleInfo (RoleInfo.java:updateAndGet(143)) - 786813e0-0cf9-45c4-8b80-f014797963f2: start LeaderElection
2019-06-14 02:55:20,956 INFO  impl.FollowerState (FollowerState.java:run(101)) - 978a5ad8-9255-4edb-ac43-b1d2b32ce9e1:group-769FC2674EE0 changes to CANDIDATE, lastRpcTime:1248, electionTimeout:1092ms
2019-06-14 02:55:20,956 INFO  impl.RoleInfo (RoleInfo.java:shutdownFollowerState(121)) - 978a5ad8-9255-4edb-ac43-b1d2b32ce9e1: shutdown FollowerState
2019-06-14 02:55:20,956 INFO  impl.RaftServerImpl (RaftServerImpl.java:setRole(164)) - 978a5ad8-9255-4edb-ac43-b1d2b32ce9e1:group-769FC2674EE0 changes role from FOLLOWER to CANDIDATE at term 0 for changeToCandidate
2019-06-14 02:55:20,956 INFO  impl.RoleInfo (RoleInfo.java:updateAndGet(143)) - 978a5ad8-9255-4edb-ac43-b1d2b32ce9e1: start LeaderElection
2019-06-14 02:55:20,989 INFO  impl.FollowerState (FollowerState.java:run(101)) - 786813e0-0cf9-45c4-8b80-f014797963f2:group-013913C7A0F6 changes to CANDIDATE, lastRpcTime:1126, electionTimeout:1122ms
2019-06-14 02:55:20,989 INFO  impl.RoleInfo (RoleInfo.java:shutdownFollowerState(121)) - 786813e0-0cf9-45c4-8b80-f014797963f2: shutdown FollowerState
2019-06-14 02:55:20,989 INFO  impl.RaftServerImpl (RaftServerImpl.java:setRole(164)) - 786813e0-0cf9-45c4-8b80-f014797963f2:group-013913C7A0F6 changes role from FOLLOWER to CANDIDATE at term 0 for changeToCandidate
2019-06-14 02:55:20,993 INFO  impl.FollowerState (FollowerState.java:run(101)) - 03472a84-2fbb-435a-b88a-fcd580717527:group-03F57148841C changes to CANDIDATE, lastRpcTime:1100, electionTimeout:1100ms
2019-06-14 02:55:20,993 INFO  impl.RoleInfo (RoleInfo.java:shutdownFollowerState(121)) - 03472a84-2fbb-435a-b88a-fcd580717527: shutdown FollowerState
2019-06-14 02:55:20,993 INFO  impl.RaftServerImpl (RaftServerImpl.java:setRole(164)) - 03472a84-2fbb-435a-b88a-fcd580717527:group-03F57148841C changes role from FOLLOWER to CANDIDATE at term 0 for changeToCandidate
2019-06-14 02:55:20,993 INFO  impl.RoleInfo (RoleInfo.java:updateAndGet(143)) - 03472a84-2fbb-435a-b88a-fcd580717527: start LeaderElection
2019-06-14 02:55:20,999 INFO  impl.RoleInfo (RoleInfo.java:updateAndGet(143)) - 786813e0-0cf9-45c4-8b80-f014797963f2: start LeaderElection
2019-06-14 02:55:21,030 INFO  impl.LeaderElection (LeaderElection.java:askForVotes(181)) - 786813e0-0cf9-45c4-8b80-f014797963f2:group-03F57148841C:LeaderElection108: begin an election at term 1 for -1: [786813e0-0cf9-45c4-8b80-f014797963f2:192.168.105.164:40543, 03472a84-2fbb-435a-b88a-fcd580717527:192.168.105.164:43035, 978a5ad8-9255-4edb-ac43-b1d2b32ce9e1:192.168.105.164:38705], old=null
2019-06-14 02:55:21,030 INFO  storage.RaftLogWorker (RaftLogWorker.java:execute(469)) - 03472a84-2fbb-435a-b88a-fcd580717527-RaftLogWorker: created new log segment /opt/src/hadoop-ozone/integration-test/target/test-dir/MiniOzoneClusterImpl-03ec3954-a2af-4c3d-a4be-c1432f13dd27/datanode-3/data/ratis/09850a32-06dc-4cd2-b893-f02ae8237d2d/current/log_inprogress_0
2019-06-14 02:55:21,035 INFO  impl.FollowerState (FollowerState.java:run(101)) - 978a5ad8-9255-4edb-ac43-b1d2b32ce9e1:group-03F57148841C changes to CANDIDATE, lastRpcTime:1155, electionTimeout:1152ms
2019-06-14 02:55:21,035 INFO  impl.RoleInfo (RoleInfo.java:shutdownFollowerState(121)) - 978a5ad8-9255-4edb-ac43-b1d2b32ce9e1: shutdown FollowerState
2019-06-14 02:55:21,035 INFO  impl.RaftServerImpl (RaftServerImpl.java:setRole(164)) - 978a5ad8-9255-4edb-ac43-b1d2b32ce9e1:group-03F57148841C changes role from FOLLOWER to CANDIDATE at term 0 for changeToCandidate
2019-06-14 02:55:21,035 INFO  impl.RoleInfo (RoleInfo.java:updateAndGet(143)) - 978a5ad8-9255-4edb-ac43-b1d2b32ce9e1: start LeaderElection
2019-06-14 02:55:21,044 INFO  client.GrpcClientProtocolClient (GrpcClientProtocolClient.java:onNext(254)) - client-D9018FA2C691->03472a84-2fbb-435a-b88a-fcd580717527: receive RaftClientReply:client-D9018FA2C691->03472a84-2fbb-435a-b88a-fcd580717527@group-03F57148841C, cid=155, FAILED org.apache.ratis.protocol.NotLeaderException: Server 03472a84-2fbb-435a-b88a-fcd580717527 is not the leader (786813e0-0cf9-45c4-8b80-f014797963f2:192.168.105.164:40543). Request must be sent to leader., logIndex=0, commits[03472a84-2fbb-435a-b88a-fcd580717527:c-1]
2019-06-14 02:55:21,044 INFO  impl.LeaderElection (LeaderElection.java:askForVotes(181)) - 978a5ad8-9255-4edb-ac43-b1d2b32ce9e1:group-769FC2674EE0:LeaderElection109: begin an election at term 1 for -1: [978a5ad8-9255-4edb-ac43-b1d2b32ce9e1:192.168.105.164:38705], old=null
2019-06-14 02:55:21,044 INFO  impl.RoleInfo (RoleInfo.java:shutdownLeaderElection(134)) - 978a5ad8-9255-4edb-ac43-b1d2b32ce9e1: shutdown LeaderElection
2019-06-14 02:55:21,044 INFO  impl.RaftServerImpl (RaftServerImpl.java:setRole(164)) - 978a5ad8-9255-4edb-ac43-b1d2b32ce9e1:group-769FC2674EE0 changes role from CANDIDATE to LEADER at term 1 for changeToLeader
2019-06-14 02:55:21,044 INFO  impl.RaftServerImpl (ServerState.java:setLeader(263)) - 978a5ad8-9255-4edb-ac43-b1d2b32ce9e1:group-769FC2674EE0 change Leader from null to 978a5ad8-9255-4edb-ac43-b1d2b32ce9e1 at term 1 for becomeLeader, leader elected after 1341ms
2019-06-14 02:55:21,044 INFO  server.RaftServerConfigKeys (ConfUtils.java:logGet(43)) - raft.server.staging.catchup.gap = 1000 (default)
2019-06-14 02:55:21,045 INFO  server.RaftServerConfigKeys (ConfUtils.java:logGet(43)) - raft.server.rpc.sleep.time = 25ms (default)
2019-06-14 02:55:21,045 INFO  server.RaftServerConfigKeys (ConfUtils.java:logGet(43)) - raft.server.watch.timeout = 10s (default)
2019-06-14 02:55:21,045 INFO  server.RaftServerConfigKeys (ConfUtils.java:logGet(43)) - raft.server.watch.timeout.denomination = 1s (default)
2019-06-14 02:55:21,045 INFO  impl.RoleInfo (RoleInfo.java:updateAndGet(143)) - 978a5ad8-9255-4edb-ac43-b1d2b32ce9e1: start LeaderState
2019-06-14 02:55:21,045 INFO  storage.RaftLogWorker (RaftLogWorker.java:startLogSegment(298)) - 978a5ad8-9255-4edb-ac43-b1d2b32ce9e1-RaftLogWorker: Starting segment from index:0
2019-06-14 02:55:21,046 WARN  client.GrpcClientProtocolService (LogUtils.java:warn(134)) - 0-OrderedRequestStreamObserver0: onError: org.apache.ratis.thirdparty.io.grpc.StatusRuntimeException: CANCELLED: cancelled before receiving half close
2019-06-14 02:55:21,049 INFO  impl.LeaderElection (LeaderElection.java:askForVotes(181)) - 786813e0-0cf9-45c4-8b80-f014797963f2:group-013913C7A0F6:LeaderElection110: begin an election at term 1 for -1: [786813e0-0cf9-45c4-8b80-f014797963f2:192.168.105.164:40543], old=null
2019-06-14 02:55:21,049 INFO  impl.RoleInfo (RoleInfo.java:shutdownLeaderElection(134)) - 786813e0-0cf9-45c4-8b80-f014797963f2: shutdown LeaderElection
2019-06-14 02:55:21,049 INFO  impl.RaftServerImpl (RaftServerImpl.java:setRole(164)) - 786813e0-0cf9-45c4-8b80-f014797963f2:group-013913C7A0F6 changes role from CANDIDATE to LEADER at term 1 for changeToLeader
2019-06-14 02:55:21,050 INFO  impl.RaftServerImpl (ServerState.java:setLeader(263)) - 786813e0-0cf9-45c4-8b80-f014797963f2:group-013913C7A0F6 change Leader from null to 786813e0-0cf9-45c4-8b80-f014797963f2 at term 1 for becomeLeader, leader elected after 1208ms
2019-06-14 02:55:21,050 INFO  server.RaftServerConfigKeys (ConfUtils.java:logGet(43)) - raft.server.staging.catchup.gap = 1000 (default)
2019-06-14 02:55:21,050 INFO  server.RaftServerConfigKeys (ConfUtils.java:logGet(43)) - raft.server.rpc.sleep.time = 25ms (default)
2019-06-14 02:55:21,079 INFO  impl.RaftServerImpl (ServerState.java:setRaftConf(361)) - 978a5ad8-9255-4edb-ac43-b1d2b32ce9e1:group-769FC2674EE0 set configuration 0: [978a5ad8-9255-4edb-ac43-b1d2b32ce9e1:192.168.105.164:38705], old=null at 0
2019-06-14 02:55:21,079 INFO  server.RaftServerConfigKeys (ConfUtils.java:logGet(43)) - raft.server.watch.timeout = 10s (default)
2019-06-14 02:55:21,079 INFO  server.RaftServerConfigKeys (ConfUtils.java:logGet(43)) - raft.server.watch.timeout.denomination = 1s (default)
2019-06-14 02:55:21,080 INFO  impl.RoleInfo (RoleInfo.java:updateAndGet(143)) - 786813e0-0cf9-45c4-8b80-f014797963f2: start LeaderState
2019-06-14 02:55:21,082 INFO  impl.RaftServerImpl (RaftServerImpl.java:setRole(164)) - 978a5ad8-9255-4edb-ac43-b1d2b32ce9e1:group-03F57148841C changes role from CANDIDATE to FOLLOWER at term 1 for recognizeCandidate:786813e0-0cf9-45c4-8b80-f014797963f2
2019-06-14 02:55:21,083 INFO  impl.RoleInfo (RoleInfo.java:shutdownLeaderElection(134)) - 978a5ad8-9255-4edb-ac43-b1d2b32ce9e1: shutdown LeaderElection
2019-06-14 02:55:21,083 INFO  impl.RoleInfo (RoleInfo.java:updateAndGet(143)) - 978a5ad8-9255-4edb-ac43-b1d2b32ce9e1: start FollowerState
2019-06-14 02:55:21,083 INFO  storage.RaftLogWorker (RaftLogWorker.java:startLogSegment(298)) - 786813e0-0cf9-45c4-8b80-f014797963f2-RaftLogWorker: Starting segment from index:0
2019-06-14 02:55:21,093 INFO  impl.RaftServerImpl (ServerState.java:setRaftConf(361)) - 786813e0-0cf9-45c4-8b80-f014797963f2:group-013913C7A0F6 set configuration 0: [786813e0-0cf9-45c4-8b80-f014797963f2:192.168.105.164:40543], old=null at 0
2019-06-14 02:55:21,098 INFO  impl.LeaderElection (LeaderElection.java:askForVotes(181)) - 03472a84-2fbb-435a-b88a-fcd580717527:group-03F57148841C:LeaderElection111: begin an election at term 1 for -1: [786813e0-0cf9-45c4-8b80-f014797963f2:192.168.105.164:40543, 03472a84-2fbb-435a-b88a-fcd580717527:192.168.105.164:43035, 978a5ad8-9255-4edb-ac43-b1d2b32ce9e1:192.168.105.164:38705], old=null
2019-06-14 02:55:21,101 INFO  impl.LeaderElection (LeaderElection.java:logAndReturn(56)) - 786813e0-0cf9-45c4-8b80-f014797963f2:group-03F57148841C:LeaderElection108: Election REJECTED; received 2 response(s) [786813e0-0cf9-45c4-8b80-f014797963f2->03472a84-2fbb-435a-b88a-fcd580717527,false-t1, 786813e0-0cf9-45c4-8b80-f014797963f2->978a5ad8-9255-4edb-ac43-b1d2b32ce9e1,false-t1] and 0 exception(s); 786813e0-0cf9-45c4-8b80-f014797963f2:t1, leader=null, voted=786813e0-0cf9-45c4-8b80-f014797963f2, raftlog=786813e0-0cf9-45c4-8b80-f014797963f2-SegmentedRaftLog:OPENED:c-1,f-1,i0, conf=-1: [786813e0-0cf9-45c4-8b80-f014797963f2:192.168.105.164:40543, 03472a84-2fbb-435a-b88a-fcd580717527:192.168.105.164:43035, 978a5ad8-9255-4edb-ac43-b1d2b32ce9e1:192.168.105.164:38705], old=null
2019-06-14 02:55:21,103 INFO  impl.LeaderElection (LeaderElection.java:askForVotes(181)) - 978a5ad8-9255-4edb-ac43-b1d2b32ce9e1:group-03F57148841C:LeaderElection112: begin an election at term 2 for -1: [786813e0-0cf9-45c4-8b80-f014797963f2:192.168.105.164:40543, 03472a84-2fbb-435a-b88a-fcd580717527:192.168.105.164:43035, 978a5ad8-9255-4edb-ac43-b1d2b32ce9e1:192.168.105.164:38705], old=null
2019-06-14 02:55:21,154 INFO  storage.RaftLogWorker (RaftLogWorker.java:execute(469)) - 978a5ad8-9255-4edb-ac43-b1d2b32ce9e1-RaftLogWorker: created new log segment /opt/src/hadoop-ozone/integration-test/target/test-dir/MiniOzoneClusterImpl-03ec3954-a2af-4c3d-a4be-c1432f13dd27/datanode-4/data/ratis/ee03a61c-af51-4f39-83fa-769fc2674ee0/current/log_inprogress_0
2019-06-14 02:55:21,191 INFO  impl.LeaderElection (LeaderElection.java:logAndReturn(56)) - 978a5ad8-9255-4edb-ac43-b1d2b32ce9e1:group-03F57148841C:LeaderElection112: Election REJECTED; received 0 response(s) [] and 0 exception(s); 978a5ad8-9255-4edb-ac43-b1d2b32ce9e1:t2, leader=null, voted=978a5ad8-9255-4edb-ac43-b1d2b32ce9e1, raftlog=978a5ad8-9255-4edb-ac43-b1d2b32ce9e1-SegmentedRaftLog:OPENED:c-1,f-1,i0, conf=-1: [786813e0-0cf9-45c4-8b80-f014797963f2:192.168.105.164:40543, 03472a84-2fbb-435a-b88a-fcd580717527:192.168.105.164:43035, 978a5ad8-9255-4edb-ac43-b1d2b32ce9e1:192.168.105.164:38705], old=null
2019-06-14 02:55:21,203 INFO  impl.RaftServerImpl (RaftServerImpl.java:setRole(164)) - 786813e0-0cf9-45c4-8b80-f014797963f2:group-03F57148841C changes role from CANDIDATE to FOLLOWER at term 1 for DISCOVERED_A_NEW_TERM
2019-06-14 02:55:21,204 INFO  impl.RoleInfo (RoleInfo.java:shutdownLeaderElection(134)) - 786813e0-0cf9-45c4-8b80-f014797963f2: shutdown LeaderElection
2019-06-14 02:55:21,204 INFO  impl.RoleInfo (RoleInfo.java:updateAndGet(143)) - 786813e0-0cf9-45c4-8b80-f014797963f2: start FollowerState
2019-06-14 02:55:21,227 INFO  impl.RaftServerImpl (RaftServerImpl.java:setRole(164)) - 03472a84-2fbb-435a-b88a-fcd580717527:group-03F57148841C changes role from CANDIDATE to FOLLOWER at term 2 for recognizeCandidate:978a5ad8-9255-4edb-ac43-b1d2b32ce9e1
2019-06-14 02:55:21,228 INFO  impl.RoleInfo (RoleInfo.java:shutdownLeaderElection(134)) - 03472a84-2fbb-435a-b88a-fcd580717527: shutdown LeaderElection
2019-06-14 02:55:21,228 INFO  impl.RoleInfo (RoleInfo.java:updateAndGet(143)) - 03472a84-2fbb-435a-b88a-fcd580717527: start FollowerState
2019-06-14 02:55:21,228 INFO  storage.RaftLogWorker (RaftLogWorker.java:execute(469)) - 786813e0-0cf9-45c4-8b80-f014797963f2-RaftLogWorker: created new log segment /opt/src/hadoop-ozone/integration-test/target/test-dir/MiniOzoneClusterImpl-03ec3954-a2af-4c3d-a4be-c1432f13dd27/datanode-5/data/ratis/f72a4c78-0e10-4cf6-8b43-013913c7a0f6/current/log_inprogress_0
2019-06-14 02:55:21,227 INFO  impl.LeaderElection (LeaderElection.java:logAndReturn(56)) - 03472a84-2fbb-435a-b88a-fcd580717527:group-03F57148841C:LeaderElection111: Election DISCOVERED_A_NEW_TERM; received 2 response(s) [03472a84-2fbb-435a-b88a-fcd580717527->786813e0-0cf9-45c4-8b80-f014797963f2,false-t1, 03472a84-2fbb-435a-b88a-fcd580717527->978a5ad8-9255-4edb-ac43-b1d2b32ce9e1,false-t2] and 0 exception(s); 03472a84-2fbb-435a-b88a-fcd580717527:t1, leader=null, voted=03472a84-2fbb-435a-b88a-fcd580717527, raftlog=03472a84-2fbb-435a-b88a-fcd580717527-SegmentedRaftLog:OPENED:c-1,f-1,i0, conf=-1: [786813e0-0cf9-45c4-8b80-f014797963f2:192.168.105.164:40543, 03472a84-2fbb-435a-b88a-fcd580717527:192.168.105.164:43035, 978a5ad8-9255-4edb-ac43-b1d2b32ce9e1:192.168.105.164:38705], old=null
2019-06-14 02:55:21,229 INFO  impl.RaftServerImpl (RaftServerImpl.java:setRole(164)) - 786813e0-0cf9-45c4-8b80-f014797963f2:group-03F57148841C changes role from FOLLOWER to FOLLOWER at term 2 for recognizeCandidate:978a5ad8-9255-4edb-ac43-b1d2b32ce9e1
2019-06-14 02:55:21,229 INFO  impl.RoleInfo (RoleInfo.java:shutdownFollowerState(121)) - 786813e0-0cf9-45c4-8b80-f014797963f2: shutdown FollowerState
2019-06-14 02:55:21,229 INFO  impl.RoleInfo (RoleInfo.java:updateAndGet(143)) - 786813e0-0cf9-45c4-8b80-f014797963f2: start FollowerState
2019-06-14 02:55:21,229 INFO  impl.FollowerState (FollowerState.java:run(109)) - 786813e0-0cf9-45c4-8b80-f014797963f2: FollowerState was interrupted: java.lang.InterruptedException: sleep interrupted
2019-06-14 02:55:22,050 INFO  client.GrpcClientProtocolClient (GrpcClientProtocolClient.java:onNext(254)) - client-D9018FA2C691->786813e0-0cf9-45c4-8b80-f014797963f2: receive RaftClientReply:client-D9018FA2C691->786813e0-0cf9-45c4-8b80-f014797963f2@group-03F57148841C, cid=155, FAILED org.apache.ratis.protocol.NotLeaderException: Server 786813e0-0cf9-45c4-8b80-f014797963f2 is not the leader (978a5ad8-9255-4edb-ac43-b1d2b32ce9e1:192.168.105.164:38705). Request must be sent to leader., logIndex=0, commits[786813e0-0cf9-45c4-8b80-f014797963f2:c-1]
2019-06-14 02:55:22,051 WARN  client.GrpcClientProtocolService (LogUtils.java:warn(134)) - 0-OrderedRequestStreamObserver0: onError: org.apache.ratis.thirdparty.io.grpc.StatusRuntimeException: CANCELLED: cancelled before receiving half close
2019-06-14 02:55:22,164 INFO  impl.FollowerState (FollowerState.java:run(101)) - 978a5ad8-9255-4edb-ac43-b1d2b32ce9e1:group-03F57148841C changes to CANDIDATE, lastRpcTime:1081, electionTimeout:1035ms
2019-06-14 02:55:22,164 INFO  impl.RoleInfo (RoleInfo.java:shutdownFollowerState(121)) - 978a5ad8-9255-4edb-ac43-b1d2b32ce9e1: shutdown FollowerState
2019-06-14 02:55:22,164 INFO  impl.RaftServerImpl (RaftServerImpl.java:setRole(164)) - 978a5ad8-9255-4edb-ac43-b1d2b32ce9e1:group-03F57148841C changes role from FOLLOWER to CANDIDATE at term 2 for changeToCandidate
2019-06-14 02:55:22,164 INFO  impl.RoleInfo (RoleInfo.java:updateAndGet(143)) - 978a5ad8-9255-4edb-ac43-b1d2b32ce9e1: start LeaderElection
2019-06-14 02:55:22,167 INFO  impl.LeaderElection (LeaderElection.java:askForVotes(181)) - 978a5ad8-9255-4edb-ac43-b1d2b32ce9e1:group-03F57148841C:LeaderElection113: begin an election at term 3 for -1: [786813e0-0cf9-45c4-8b80-f014797963f2:192.168.105.164:40543, 03472a84-2fbb-435a-b88a-fcd580717527:192.168.105.164:43035, 978a5ad8-9255-4edb-ac43-b1d2b32ce9e1:192.168.105.164:38705], old=null
2019-06-14 02:55:22,169 INFO  impl.RaftServerImpl (RaftServerImpl.java:setRole(164)) - 786813e0-0cf9-45c4-8b80-f014797963f2:group-03F57148841C changes role from FOLLOWER to FOLLOWER at term 3 for recognizeCandidate:978a5ad8-9255-4edb-ac43-b1d2b32ce9e1
2019-06-14 02:55:22,169 INFO  impl.RoleInfo (RoleInfo.java:shutdownFollowerState(121)) - 786813e0-0cf9-45c4-8b80-f014797963f2: shutdown FollowerState
2019-06-14 02:55:22,169 INFO  impl.RoleInfo (RoleInfo.java:updateAndGet(143)) - 786813e0-0cf9-45c4-8b80-f014797963f2: start FollowerState
2019-06-14 02:55:22,169 INFO  impl.FollowerState (FollowerState.java:run(109)) - 786813e0-0cf9-45c4-8b80-f014797963f2: FollowerState was interrupted: java.lang.InterruptedException: sleep interrupted
2019-06-14 02:55:22,169 INFO  impl.RaftServerImpl (RaftServerImpl.java:setRole(164)) - 03472a84-2fbb-435a-b88a-fcd580717527:group-03F57148841C changes role from FOLLOWER to FOLLOWER at term 3 for recognizeCandidate:978a5ad8-9255-4edb-ac43-b1d2b32ce9e1
2019-06-14 02:55:22,170 INFO  impl.RoleInfo (RoleInfo.java:shutdownFollowerState(121)) - 03472a84-2fbb-435a-b88a-fcd580717527: shutdown FollowerState
2019-06-14 02:55:22,170 INFO  impl.RoleInfo (RoleInfo.java:updateAndGet(143)) - 03472a84-2fbb-435a-b88a-fcd580717527: start FollowerState
2019-06-14 02:55:22,170 INFO  impl.FollowerState (FollowerState.java:run(109)) - 03472a84-2fbb-435a-b88a-fcd580717527: FollowerState was interrupted: java.lang.InterruptedException: sleep interrupted
2019-06-14 02:55:22,173 INFO  impl.LeaderElection (LeaderElection.java:logAndReturn(56)) - 978a5ad8-9255-4edb-ac43-b1d2b32ce9e1:group-03F57148841C:LeaderElection113: Election PASSED; received 1 response(s) [978a5ad8-9255-4edb-ac43-b1d2b32ce9e1->786813e0-0cf9-45c4-8b80-f014797963f2,true-t3] and 0 exception(s); 978a5ad8-9255-4edb-ac43-b1d2b32ce9e1:t3, leader=null, voted=978a5ad8-9255-4edb-ac43-b1d2b32ce9e1, raftlog=978a5ad8-9255-4edb-ac43-b1d2b32ce9e1-SegmentedRaftLog:OPENED:c-1,f-1,i0, conf=-1: [786813e0-0cf9-45c4-8b80-f014797963f2:192.168.105.164:40543, 03472a84-2fbb-435a-b88a-fcd580717527:192.168.105.164:43035, 978a5ad8-9255-4edb-ac43-b1d2b32ce9e1:192.168.105.164:38705], old=null
2019-06-14 02:55:22,173 INFO  impl.RoleInfo (RoleInfo.java:shutdownLeaderElection(134)) - 978a5ad8-9255-4edb-ac43-b1d2b32ce9e1: shutdown LeaderElection
2019-06-14 02:55:22,173 INFO  impl.RaftServerImpl (RaftServerImpl.java:setRole(164)) - 978a5ad8-9255-4edb-ac43-b1d2b32ce9e1:group-03F57148841C changes role from CANDIDATE to LEADER at term 3 for changeToLeader
2019-06-14 02:55:22,173 INFO  impl.RaftServerImpl (ServerState.java:setLeader(263)) - 978a5ad8-9255-4edb-ac43-b1d2b32ce9e1:group-03F57148841C change Leader from null to 978a5ad8-9255-4edb-ac43-b1d2b32ce9e1 at term 3 for becomeLeader, leader elected after 2299ms
2019-06-14 02:55:22,174 INFO  server.RaftServerConfigKeys (ConfUtils.java:logGet(43)) - raft.server.staging.catchup.gap = 1000 (default)
2019-06-14 02:55:22,174 INFO  server.RaftServerConfigKeys (ConfUtils.java:logGet(43)) - raft.server.rpc.sleep.time = 25ms (default)
2019-06-14 02:55:22,174 INFO  server.RaftServerConfigKeys (ConfUtils.java:logGet(43)) - raft.server.watch.timeout = 10s (default)
2019-06-14 02:55:22,174 INFO  server.RaftServerConfigKeys (ConfUtils.java:logGet(43)) - raft.server.watch.timeout.denomination = 1s (default)
2019-06-14 02:55:22,174 INFO  server.RaftServerConfigKeys (ConfUtils.java:logGet(43)) - raft.server.log.appender.snapshot.chunk.size.max = 16MB (=16777216) (default)
2019-06-14 02:55:22,174 INFO  server.RaftServerConfigKeys (ConfUtils.java:logGet(43)) - raft.server.log.appender.buffer.byte-limit = 33554432 (custom)
2019-06-14 02:55:22,174 INFO  server.RaftServerConfigKeys (ConfUtils.java:logGet(43)) - raft.server.log.appender.buffer.element-limit = 1 (custom)
2019-06-14 02:55:22,175 INFO  grpc.GrpcConfigKeys$Server (ConfUtils.java:logGet(43)) - raft.grpc.server.leader.outstanding.appends.max = 128 (default)
2019-06-14 02:55:22,175 INFO  server.RaftServerConfigKeys (ConfUtils.java:logGet(43)) - raft.server.rpc.request.timeout = 3000ms (default)
2019-06-14 02:55:22,175 INFO  server.RaftServerConfigKeys (ConfUtils.java:logGet(43)) - raft.server.log.appender.install.snapshot.enabled = true (default)
2019-06-14 02:55:22,175 INFO  server.RaftServerConfigKeys (ConfUtils.java:logGet(43)) - raft.server.log.appender.snapshot.chunk.size.max = 16MB (=16777216) (default)
2019-06-14 02:55:22,175 INFO  server.RaftServerConfigKeys (ConfUtils.java:logGet(43)) - raft.server.log.appender.buffer.byte-limit = 33554432 (custom)
2019-06-14 02:55:22,175 INFO  server.RaftServerConfigKeys (ConfUtils.java:logGet(43)) - raft.server.log.appender.buffer.element-limit = 1 (custom)
2019-06-14 02:55:22,175 INFO  grpc.GrpcConfigKeys$Server (ConfUtils.java:logGet(43)) - raft.grpc.server.leader.outstanding.appends.max = 128 (default)
2019-06-14 02:55:22,175 INFO  server.RaftServerConfigKeys (ConfUtils.java:logGet(43)) - raft.server.rpc.request.timeout = 3000ms (default)
2019-06-14 02:55:22,176 INFO  server.RaftServerConfigKeys (ConfUtils.java:logGet(43)) - raft.server.log.appender.install.snapshot.enabled = true (default)
2019-06-14 02:55:22,176 INFO  impl.RoleInfo (RoleInfo.java:updateAndGet(143)) - 978a5ad8-9255-4edb-ac43-b1d2b32ce9e1: start LeaderState
2019-06-14 02:55:22,176 INFO  storage.RaftLogWorker (RaftLogWorker.java:startLogSegment(298)) - 978a5ad8-9255-4edb-ac43-b1d2b32ce9e1-RaftLogWorker: Starting segment from index:0
2019-06-14 02:55:22,184 INFO  impl.RaftServerImpl (ServerState.java:setLeader(263)) - 786813e0-0cf9-45c4-8b80-f014797963f2:group-03F57148841C change Leader from null to 978a5ad8-9255-4edb-ac43-b1d2b32ce9e1 at term 3 for appendEntries, leader elected after 2310ms
2019-06-14 02:55:22,185 INFO  impl.RaftServerImpl (ServerState.java:setRaftConf(361)) - 978a5ad8-9255-4edb-ac43-b1d2b32ce9e1:group-03F57148841C set configuration 0: [786813e0-0cf9-45c4-8b80-f014797963f2:192.168.105.164:40543, 03472a84-2fbb-435a-b88a-fcd580717527:192.168.105.164:43035, 978a5ad8-9255-4edb-ac43-b1d2b32ce9e1:192.168.105.164:38705], old=null at 0
2019-06-14 02:55:22,210 INFO  impl.RaftServerImpl (ServerState.java:setRaftConf(361)) - 786813e0-0cf9-45c4-8b80-f014797963f2:group-03F57148841C set configuration 0: [786813e0-0cf9-45c4-8b80-f014797963f2:192.168.105.164:40543, 03472a84-2fbb-435a-b88a-fcd580717527:192.168.105.164:43035, 978a5ad8-9255-4edb-ac43-b1d2b32ce9e1:192.168.105.164:38705], old=null at 0
2019-06-14 02:55:22,210 INFO  storage.RaftLogWorker (RaftLogWorker.java:startLogSegment(298)) - 786813e0-0cf9-45c4-8b80-f014797963f2-RaftLogWorker: Starting segment from index:0
2019-06-14 02:55:22,215 INFO  impl.RaftServerImpl (ServerState.java:setLeader(263)) - 03472a84-2fbb-435a-b88a-fcd580717527:group-03F57148841C change Leader from null to 978a5ad8-9255-4edb-ac43-b1d2b32ce9e1 at term 3 for appendEntries, leader elected after 2341ms
2019-06-14 02:55:22,224 INFO  impl.RaftServerImpl (ServerState.java:setRaftConf(361)) - 03472a84-2fbb-435a-b88a-fcd580717527:group-03F57148841C set configuration 0: [786813e0-0cf9-45c4-8b80-f014797963f2:192.168.105.164:40543, 03472a84-2fbb-435a-b88a-fcd580717527:192.168.105.164:43035, 978a5ad8-9255-4edb-ac43-b1d2b32ce9e1:192.168.105.164:38705], old=null at 0
2019-06-14 02:55:22,224 INFO  storage.RaftLogWorker (RaftLogWorker.java:startLogSegment(298)) - 03472a84-2fbb-435a-b88a-fcd580717527-RaftLogWorker: Starting segment from index:0
2019-06-14 02:55:22,267 INFO  storage.RaftLogWorker (RaftLogWorker.java:execute(469)) - 978a5ad8-9255-4edb-ac43-b1d2b32ce9e1-RaftLogWorker: created new log segment /opt/src/hadoop-ozone/integration-test/target/test-dir/MiniOzoneClusterImpl-03ec3954-a2af-4c3d-a4be-c1432f13dd27/datanode-4/data/ratis/d15020a0-0a5c-44a4-a18f-03f57148841c/current/log_inprogress_0
2019-06-14 02:55:22,275 INFO  storage.RaftLogWorker (RaftLogWorker.java:execute(469)) - 786813e0-0cf9-45c4-8b80-f014797963f2-RaftLogWorker: created new log segment /opt/src/hadoop-ozone/integration-test/target/test-dir/MiniOzoneClusterImpl-03ec3954-a2af-4c3d-a4be-c1432f13dd27/datanode-5/data/ratis/d15020a0-0a5c-44a4-a18f-03f57148841c/current/log_inprogress_0
2019-06-14 02:55:22,278 INFO  storage.RaftLogWorker (RaftLogWorker.java:execute(469)) - 03472a84-2fbb-435a-b88a-fcd580717527-RaftLogWorker: created new log segment /opt/src/hadoop-ozone/integration-test/target/test-dir/MiniOzoneClusterImpl-03ec3954-a2af-4c3d-a4be-c1432f13dd27/datanode-3/data/ratis/d15020a0-0a5c-44a4-a18f-03f57148841c/current/log_inprogress_0
2019-06-14 02:55:23,059 INFO  client.GrpcClientProtocolClient (GrpcClientProtocolClient.java:onNext(254)) - client-D9018FA2C691->03472a84-2fbb-435a-b88a-fcd580717527: receive RaftClientReply:client-D9018FA2C691->03472a84-2fbb-435a-b88a-fcd580717527@group-03F57148841C, cid=155, FAILED org.apache.ratis.protocol.NotLeaderException: Server 03472a84-2fbb-435a-b88a-fcd580717527 is not the leader (978a5ad8-9255-4edb-ac43-b1d2b32ce9e1:192.168.105.164:38705). Request must be sent to leader., logIndex=0, commits[03472a84-2fbb-435a-b88a-fcd580717527:c0, 786813e0-0cf9-45c4-8b80-f014797963f2:c0, 978a5ad8-9255-4edb-ac43-b1d2b32ce9e1:c0]
2019-06-14 02:55:23,060 WARN  client.GrpcClientProtocolService (LogUtils.java:warn(134)) - 1-OrderedRequestStreamObserver1: onError: org.apache.ratis.thirdparty.io.grpc.StatusRuntimeException: CANCELLED: cancelled before receiving half close
2019-06-14 02:55:24,075 INFO  client.GrpcClientProtocolClient (GrpcClientProtocolClient.java:onNext(254)) - client-D9018FA2C691->786813e0-0cf9-45c4-8b80-f014797963f2: receive RaftClientReply:client-D9018FA2C691->786813e0-0cf9-45c4-8b80-f014797963f2@group-03F57148841C, cid=155, FAILED org.apache.ratis.protocol.NotLeaderException: Server 786813e0-0cf9-45c4-8b80-f014797963f2 is not the leader (978a5ad8-9255-4edb-ac43-b1d2b32ce9e1:192.168.105.164:38705). Request must be sent to leader., logIndex=0, commits[786813e0-0cf9-45c4-8b80-f014797963f2:c0, 03472a84-2fbb-435a-b88a-fcd580717527:c0, 978a5ad8-9255-4edb-ac43-b1d2b32ce9e1:c0]
2019-06-14 02:55:24,077 WARN  client.GrpcClientProtocolService (LogUtils.java:warn(134)) - 1-OrderedRequestStreamObserver1: onError: org.apache.ratis.thirdparty.io.grpc.StatusRuntimeException: CANCELLED: cancelled before receiving half close
2019-06-14 02:55:25,082 INFO  client.GrpcClientProtocolClient (GrpcClientProtocolClient.java:onNext(254)) - client-D9018FA2C691->03472a84-2fbb-435a-b88a-fcd580717527: receive RaftClientReply:client-D9018FA2C691->03472a84-2fbb-435a-b88a-fcd580717527@group-03F57148841C, cid=155, FAILED org.apache.ratis.protocol.NotLeaderException: Server 03472a84-2fbb-435a-b88a-fcd580717527 is not the leader (978a5ad8-9255-4edb-ac43-b1d2b32ce9e1:192.168.105.164:38705). Request must be sent to leader., logIndex=0, commits[03472a84-2fbb-435a-b88a-fcd580717527:c0, 786813e0-0cf9-45c4-8b80-f014797963f2:c0, 978a5ad8-9255-4edb-ac43-b1d2b32ce9e1:c0]
2019-06-14 02:55:25,088 WARN  io.KeyOutputStream (KeyOutputStream.java:handleException(276)) - Encountered exception java.io.IOException: Unexpected Storage Container Exception: java.util.concurrent.CompletionException: java.util.concurrent.CompletionException: org.apache.ratis.protocol.RaftRetryFailureException: Failed RaftClientRequest:client-D9018FA2C691->03472a84-2fbb-435a-b88a-fcd580717527@group-03F57148841C, cid=155, seq=1*, RW, org.apache.hadoop.hdds.scm.XceiverClientRatis$$Lambda$439/510793091@767d234f for 5 attempts with RetryLimited(maxAttempts=5, sleepTime=1000ms) on the pipeline Pipeline[ Id: d15020a0-0a5c-44a4-a18f-03f57148841c, Nodes: 978a5ad8-9255-4edb-ac43-b1d2b32ce9e1{ip: 192.168.105.164, host: ozone-r6sq7-3374789264, networkLocation: /default-rack, certSerialId: null}786813e0-0cf9-45c4-8b80-f014797963f2{ip: 192.168.105.164, host: ozone-r6sq7-3374789264, networkLocation: /default-rack, certSerialId: null}03472a84-2fbb-435a-b88a-fcd580717527{ip: 192.168.105.164, host: ozone-r6sq7-3374789264, networkLocation: /default-rack, certSerialId: null}, Type:RATIS, Factor:THREE, State:OPEN]. The last committed block length is 0, uncommitted data length is 1048576 retry count 0
2019-06-14 02:55:25,089 WARN  client.GrpcClientProtocolService (LogUtils.java:warn(134)) - 2-OrderedRequestStreamObserver2: onError: org.apache.ratis.thirdparty.io.grpc.StatusRuntimeException: CANCELLED: cancelled before receiving half close
2019-06-14 02:55:25,099 INFO  client.GrpcClientProtocolClient (GrpcClientProtocolClient.java:onNext(254)) - client-6A5B4FC5CB4B->ec0675ad-ae7a-477c-a36f-f67ded088084: receive RaftClientReply:client-6A5B4FC5CB4B->ec0675ad-ae7a-477c-a36f-f67ded088084@group-2A66D5D6118A, cid=157, FAILED org.apache.ratis.protocol.NotLeaderException: Server ec0675ad-ae7a-477c-a36f-f67ded088084 is not the leader (d410378f-70d6-461e-a499-10dacf5a9af7:192.168.105.164:46211). Request must be sent to leader., logIndex=0, commits[ec0675ad-ae7a-477c-a36f-f67ded088084:c0, d410378f-70d6-461e-a499-10dacf5a9af7:c0, ac1745c0-e1ab-4938-a48a-bbefd2b06748:c0]
2019-06-14 02:55:25,101 WARN  client.GrpcClientProtocolService (LogUtils.java:warn(134)) - 0-OrderedRequestStreamObserver0: onError: org.apache.ratis.thirdparty.io.grpc.StatusRuntimeException: CANCELLED: cancelled before receiving half close
2019-06-14 02:55:26,147 INFO  client.GrpcClientProtocolClient (GrpcClientProtocolClient.java:onNext(254)) - client-6A5B4FC5CB4B->d410378f-70d6-461e-a499-10dacf5a9af7: receive RaftClientReply:client-6A5B4FC5CB4B->d410378f-70d6-461e-a499-10dacf5a9af7@group-2A66D5D6118A, cid=157, SUCCESS, logIndex=1, commits[d410378f-70d6-461e-a499-10dacf5a9af7:c1, ac1745c0-e1ab-4938-a48a-bbefd2b06748:c0, ec0675ad-ae7a-477c-a36f-f67ded088084:c0]
2019-06-14 02:55:26,178 INFO  client.GrpcClientProtocolClient (GrpcClientProtocolClient.java:onNext(254)) - client-6A5B4FC5CB4B->d410378f-70d6-461e-a499-10dacf5a9af7: receive RaftClientReply:client-6A5B4FC5CB4B->d410378f-70d6-461e-a499-10dacf5a9af7@group-2A66D5D6118A, cid=158, SUCCESS, logIndex=3, commits[d410378f-70d6-461e-a499-10dacf5a9af7:c4, ac1745c0-e1ab-4938-a48a-bbefd2b06748:c3, ec0675ad-ae7a-477c-a36f-f67ded088084:c3]
2019-06-14 02:55:26,178 INFO  datanode.ObjectStoreHandler (ObjectStoreHandler.java:close(155)) - Closing ObjectStoreHandler.
2019-06-14 02:55:26,179 INFO  ozone.HddsDatanodeService (HddsDatanodeService.java:stop(452)) - Stopped plug-in org.apache.hadoop.ozone.web.OzoneHddsDatanodeService@1b7648f
2019-06-14 02:55:26,179 INFO  statemachine.DatanodeStateMachine (DatanodeStateMachine.java:lambda$startDaemon$0(350)) - Ozone container server started.
2019-06-14 02:55:26,179 INFO  ozoneimpl.OzoneContainer (OzoneContainer.java:stop(199)) - Attempting to stop container services.
2019-06-14 02:55:26,179 INFO  impl.RaftServerProxy (RaftServerProxy.java:lambda$close$4(314)) - 978a5ad8-9255-4edb-ac43-b1d2b32ce9e1: close
2019-06-14 02:55:26,180 INFO  impl.RaftServerImpl (RaftServerImpl.java:lambda$shutdown$3(238)) - 978a5ad8-9255-4edb-ac43-b1d2b32ce9e1: shutdown group-769FC2674EE0
2019-06-14 02:55:26,180 INFO  util.JmxRegister (JmxRegister.java:unregister(73)) - Successfully un-registered JMX Bean with object name Ratis:service=RaftServer,group=group-769FC2674EE0,id=978a5ad8-9255-4edb-ac43-b1d2b32ce9e1
2019-06-14 02:55:26,180 INFO  impl.RoleInfo (RoleInfo.java:shutdownLeaderState(104)) - 978a5ad8-9255-4edb-ac43-b1d2b32ce9e1: shutdown LeaderState
2019-06-14 02:55:26,180 INFO  impl.PendingRequests (PendingRequests.java:sendNotLeaderResponses(140)) - 978a5ad8-9255-4edb-ac43-b1d2b32ce9e1-PendingRequests: sendNotLeaderResponses
2019-06-14 02:55:26,181 INFO  impl.StateMachineUpdater (StateMachineUpdater.java:stopAndJoin(109)) - StateMachineUpdater-978a5ad8-9255-4edb-ac43-b1d2b32ce9e1-group-769FC2674EE0: set stopIndex = 0
2019-06-14 02:55:26,181 INFO  ratis.ContainerStateMachine (ContainerStateMachine.java:takeSnapshot(245)) - Taking snapshot at termIndex:(t:0, i:~)
2019-06-14 02:55:26,181 INFO  impl.RaftServerImpl (ServerState.java:close(394)) - 978a5ad8-9255-4edb-ac43-b1d2b32ce9e1:group-769FC2674EE0 closes. The last applied log index is 0
2019-06-14 02:55:26,182 INFO  storage.RaftLogWorker (RaftLogWorker.java:run(236)) - 978a5ad8-9255-4edb-ac43-b1d2b32ce9e1-RaftLogWorker was interrupted, exiting. There are 0 tasks remaining in the queue.
2019-06-14 02:55:26,184 INFO  storage.RaftLogWorker (RaftLogWorker.java:close(168)) - 978a5ad8-9255-4edb-ac43-b1d2b32ce9e1-RaftLogWorker close()
2019-06-14 02:55:26,184 INFO  impl.RaftServerImpl (RaftServerImpl.java:lambda$shutdown$3(238)) - 978a5ad8-9255-4edb-ac43-b1d2b32ce9e1: shutdown group-03F57148841C
2019-06-14 02:55:26,184 INFO  util.JmxRegister (JmxRegister.java:unregister(73)) - Successfully un-registered JMX Bean with object name Ratis:service=RaftServer,group=group-03F57148841C,id=978a5ad8-9255-4edb-ac43-b1d2b32ce9e1
2019-06-14 02:55:26,185 INFO  impl.RoleInfo (RoleInfo.java:shutdownLeaderState(104)) - 978a5ad8-9255-4edb-ac43-b1d2b32ce9e1: shutdown LeaderState
2019-06-14 02:55:26,185 INFO  impl.PendingRequests (PendingRequests.java:sendNotLeaderResponses(140)) - 978a5ad8-9255-4edb-ac43-b1d2b32ce9e1-PendingRequests: sendNotLeaderResponses
2019-06-14 02:55:26,185 WARN  server.GrpcLogAppender (GrpcLogAppender.java:mayWait(142)) - GrpcLogAppender(978a5ad8-9255-4edb-ac43-b1d2b32ce9e1 -> 03472a84-2fbb-435a-b88a-fcd580717527): Wait interrupted by java.lang.InterruptedException
2019-06-14 02:55:26,185 INFO  ratis.ContainerStateMachine (ContainerStateMachine.java:takeSnapshot(245)) - Taking snapshot at termIndex:(t:0, i:~)
2019-06-14 02:55:26,185 WARN  server.GrpcLogAppender (GrpcLogAppender.java:mayWait(142)) - GrpcLogAppender(978a5ad8-9255-4edb-ac43-b1d2b32ce9e1 -> 786813e0-0cf9-45c4-8b80-f014797963f2): Wait interrupted by java.lang.InterruptedException
2019-06-14 02:55:26,185 INFO  impl.StateMachineUpdater (StateMachineUpdater.java:stopAndJoin(109)) - StateMachineUpdater-978a5ad8-9255-4edb-ac43-b1d2b32ce9e1-group-03F57148841C: set stopIndex = 0
2019-06-14 02:55:26,185 INFO  impl.RaftServerImpl (ServerState.java:close(394)) - 978a5ad8-9255-4edb-ac43-b1d2b32ce9e1:group-03F57148841C closes. The last applied log index is 0
2019-06-14 02:55:26,185 INFO  server.GrpcServerProtocolService (GrpcServerProtocolService.java:onCompleted(104)) - 786813e0-0cf9-45c4-8b80-f014797963f2: appendEntries completed
2019-06-14 02:55:26,185 INFO  server.GrpcServerProtocolService (GrpcServerProtocolService.java:onCompleted(104)) - 03472a84-2fbb-435a-b88a-fcd580717527: appendEntries completed
2019-06-14 02:55:26,186 INFO  server.GrpcLogAppender (GrpcLogAppender.java:onCompleted(277)) - 978a5ad8-9255-4edb-ac43-b1d2b32ce9e1: follower 978a5ad8-9255-4edb-ac43-b1d2b32ce9e1->786813e0-0cf9-45c4-8b80-f014797963f2(c0,m0,n1, attendVote=true, lastRpcSendTime=399, lastRpcResponseTime=398) response Completed
2019-06-14 02:55:26,186 INFO  storage.RaftLogWorker (RaftLogWorker.java:run(236)) - 978a5ad8-9255-4edb-ac43-b1d2b32ce9e1-RaftLogWorker was interrupted, exiting. There are 0 tasks remaining in the queue.
2019-06-14 02:55:26,186 INFO  server.GrpcLogAppender (GrpcLogAppender.java:onCompleted(277)) - 978a5ad8-9255-4edb-ac43-b1d2b32ce9e1: follower 978a5ad8-9255-4edb-ac43-b1d2b32ce9e1->03472a84-2fbb-435a-b88a-fcd580717527(c0,m0,n1, attendVote=true, lastRpcSendTime=393, lastRpcResponseTime=392) response Completed
2019-06-14 02:55:26,186 INFO  impl.FollowerInfo (FollowerInfo.java:lambda$new$0(50)) - 978a5ad8-9255-4edb-ac43-b1d2b32ce9e1->786813e0-0cf9-45c4-8b80-f014797963f2: nextIndex: updateUnconditionally 1 -> -1
2019-06-14 02:55:26,186 INFO  impl.FollowerInfo (FollowerInfo.java:lambda$new$0(50)) - 978a5ad8-9255-4edb-ac43-b1d2b32ce9e1->03472a84-2fbb-435a-b88a-fcd580717527: nextIndex: updateUnconditionally 1 -> -1
2019-06-14 02:55:26,189 INFO  storage.RaftLogWorker (RaftLogWorker.java:close(168)) - 978a5ad8-9255-4edb-ac43-b1d2b32ce9e1-RaftLogWorker close()
2019-06-14 02:55:26,189 INFO  server.GrpcService (GrpcService.java:closeImpl(154)) - 978a5ad8-9255-4edb-ac43-b1d2b32ce9e1: shutdown server with port 38705 now
2019-06-14 02:55:26,190 INFO  server.GrpcService (GrpcService.java:closeImpl(162)) - 978a5ad8-9255-4edb-ac43-b1d2b32ce9e1: shutdown server with port 38705 successfully
2019-06-14 02:55:26,192 WARN  fs.CachingGetSpaceUsed (CachingGetSpaceUsed.java:run(183)) - Thread Interrupted waiting to refresh disk information: sleep interrupted
2019-06-14 02:55:26,199 INFO  statemachine.DatanodeStateMachine (DatanodeStateMachine.java:stopDaemon(395)) - Ozone container server stopped.
2019-06-14 02:55:26,200 INFO  handler.ContextHandler (ContextHandler.java:doStop(910)) - Stopped o.e.j.w.WebAppContext@1a4340f2{/,null,UNAVAILABLE}{/hddsDatanode}
2019-06-14 02:55:26,200 INFO  server.AbstractConnector (AbstractConnector.java:doStop(318)) - Stopped ServerConnector@56a63c28{HTTP/1.1,[http/1.1]}{0.0.0.0:0}
2019-06-14 02:55:26,200 INFO  handler.ContextHandler (ContextHandler.java:doStop(910)) - Stopped o.e.j.s.ServletContextHandler@489e1887{/static,jar:file:/root/.m2/repository/org/apache/hadoop/hadoop-hdds-container-service/0.5.0-SNAPSHOT/hadoop-hdds-container-service-0.5.0-SNAPSHOT.jar!/webapps/static,UNAVAILABLE}
2019-06-14 02:55:26,200 INFO  handler.ContextHandler (ContextHandler.java:doStop(910)) - Stopped o.e.j.s.ServletContextHandler@772db1d8{/logs,file:///opt/src/hadoop-ozone/integration-test/target/log,UNAVAILABLE}
2019-06-14 02:55:26,218 INFO  client.GrpcClientProtocolClient (GrpcClientProtocolClient.java:onNext(254)) - client-6A5B4FC5CB4B->d410378f-70d6-461e-a499-10dacf5a9af7: receive RaftClientReply:client-6A5B4FC5CB4B->d410378f-70d6-461e-a499-10dacf5a9af7@group-2A66D5D6118A, cid=159, SUCCESS, logIndex=5, commits[d410378f-70d6-461e-a499-10dacf5a9af7:c5, ac1745c0-e1ab-4938-a48a-bbefd2b06748:c3, ec0675ad-ae7a-477c-a36f-f67ded088084:c4]
2019-06-14 02:55:26,254 INFO  client.GrpcClientProtocolClient (GrpcClientProtocolClient.java:onNext(254)) - client-6A5B4FC5CB4B->d410378f-70d6-461e-a499-10dacf5a9af7: receive RaftClientReply:client-6A5B4FC5CB4B->d410378f-70d6-461e-a499-10dacf5a9af7@group-2A66D5D6118A, cid=160, SUCCESS, logIndex=7, commits[d410378f-70d6-461e-a499-10dacf5a9af7:c7, ac1745c0-e1ab-4938-a48a-bbefd2b06748:c4, ec0675ad-ae7a-477c-a36f-f67ded088084:c5]
2019-06-14 02:55:26,262 INFO  client.GrpcClientProtocolClient (GrpcClientProtocolClient.java:onNext(254)) - client-6A5B4FC5CB4B->d410378f-70d6-461e-a499-10dacf5a9af7: receive RaftClientReply:client-6A5B4FC5CB4B->d410378f-70d6-461e-a499-10dacf5a9af7@group-2A66D5D6118A, cid=161, SUCCESS, logIndex=8, commits[d410378f-70d6-461e-a499-10dacf5a9af7:c9, ac1745c0-e1ab-4938-a48a-bbefd2b06748:c5, ec0675ad-ae7a-477c-a36f-f67ded088084:c5]
2019-06-14 02:55:26,262 INFO  client.GrpcClientProtocolClient (GrpcClientProtocolClient.java:onNext(254)) - client-6A5B4FC5CB4B->d410378f-70d6-461e-a499-10dacf5a9af7: receive RaftClientReply:client-6A5B4FC5CB4B->d410378f-70d6-461e-a499-10dacf5a9af7@group-2A66D5D6118A, cid=162, SUCCESS, logIndex=9, commits[d410378f-70d6-461e-a499-10dacf5a9af7:c9, ac1745c0-e1ab-4938-a48a-bbefd2b06748:c5, ec0675ad-ae7a-477c-a36f-f67ded088084:c5]
2019-06-14 02:55:26,272 INFO  client.GrpcClientProtocolClient (GrpcClientProtocolClient.java:onNext(254)) - client-6A5B4FC5CB4B->d410378f-70d6-461e-a499-10dacf5a9af7: receive RaftClientReply:client-6A5B4FC5CB4B->d410378f-70d6-461e-a499-10dacf5a9af7@group-2A66D5D6118A, cid=163, SUCCESS, logIndex=0, commits[d410378f-70d6-461e-a499-10dacf5a9af7:c11, ac1745c0-e1ab-4938-a48a-bbefd2b06748:c9, ec0675ad-ae7a-477c-a36f-f67ded088084:c7]
2019-06-14 02:55:26,274 INFO  client.GrpcClientProtocolClient (GrpcClientProtocolClient.java:onNext(254)) - client-6A5B4FC5CB4B->d410378f-70d6-461e-a499-10dacf5a9af7: receive RaftClientReply:client-6A5B4FC5CB4B->d410378f-70d6-461e-a499-10dacf5a9af7@group-2A66D5D6118A, cid=164, SUCCESS, logIndex=0, commits[d410378f-70d6-461e-a499-10dacf5a9af7:c11, ac1745c0-e1ab-4938-a48a-bbefd2b06748:c9, ec0675ad-ae7a-477c-a36f-f67ded088084:c9]
]]></system-out>
    <system-err><![CDATA[Jun 14, 2019 2:55:14 AM com.sun.jersey.server.impl.application.WebApplicationImpl _initiate
INFO: Initiating Jersey application, version 'Jersey: 1.19 02/11/2015 03:25 AM'
Jun 14, 2019 2:55:14 AM com.sun.jersey.server.impl.application.WebApplicationImpl _initiate
INFO: Initiating Jersey application, version 'Jersey: 1.19 02/11/2015 03:25 AM'
Jun 14, 2019 2:55:15 AM com.sun.jersey.server.impl.application.WebApplicationImpl _initiate
INFO: Initiating Jersey application, version 'Jersey: 1.19 02/11/2015 03:25 AM'
Jun 14, 2019 2:55:15 AM com.sun.jersey.server.impl.application.WebApplicationImpl _initiate
INFO: Initiating Jersey application, version 'Jersey: 1.19 02/11/2015 03:25 AM'
Jun 14, 2019 2:55:15 AM com.sun.jersey.server.impl.application.WebApplicationImpl _initiate
INFO: Initiating Jersey application, version 'Jersey: 1.19 02/11/2015 03:25 AM'
Jun 14, 2019 2:55:15 AM com.sun.jersey.server.impl.application.WebApplicationImpl _initiate
INFO: Initiating Jersey application, version 'Jersey: 1.19 02/11/2015 03:25 AM'
Jun 14, 2019 2:55:18 AM org.apache.ratis.thirdparty.io.grpc.internal.ManagedChannelOrphanWrapper$ManagedChannelReference cleanQueue
SEVERE: *~*~*~ Channel ManagedChannelImpl{logId=1489, target=192.168.105.164:35565} was not shutdown properly!!! ~*~*~*
    Make sure to call shutdown()/shutdownNow() and wait until awaitTermination() returns true.
java.lang.RuntimeException: ManagedChannel allocation site
	at org.apache.ratis.thirdparty.io.grpc.internal.ManagedChannelOrphanWrapper$ManagedChannelReference.<init>(ManagedChannelOrphanWrapper.java:103)
	at org.apache.ratis.thirdparty.io.grpc.internal.ManagedChannelOrphanWrapper.<init>(ManagedChannelOrphanWrapper.java:53)
	at org.apache.ratis.thirdparty.io.grpc.internal.ManagedChannelOrphanWrapper.<init>(ManagedChannelOrphanWrapper.java:44)
	at org.apache.ratis.thirdparty.io.grpc.internal.AbstractManagedChannelImplBuilder.build(AbstractManagedChannelImplBuilder.java:411)
	at org.apache.hadoop.hdds.scm.XceiverClientGrpc.connectToDatanode(XceiverClientGrpc.java:163)
	at org.apache.hadoop.hdds.scm.XceiverClientGrpc.reconnect(XceiverClientGrpc.java:398)
	at org.apache.hadoop.hdds.scm.XceiverClientGrpc.sendCommandAsync(XceiverClientGrpc.java:349)
	at org.apache.hadoop.hdds.scm.XceiverClientGrpc.sendCommandWithRetry(XceiverClientGrpc.java:262)
	at org.apache.hadoop.hdds.scm.XceiverClientGrpc.sendCommandWithTraceIDAndRetry(XceiverClientGrpc.java:239)
	at org.apache.hadoop.hdds.scm.XceiverClientGrpc.sendCommand(XceiverClientGrpc.java:222)
	at org.apache.hadoop.hdds.scm.storage.ContainerProtocolCalls.getBlock(ContainerProtocolCalls.java:118)
	at org.apache.hadoop.hdds.scm.storage.BlockInputStream.getChunkInfos(BlockInputStream.java:167)
	at org.apache.hadoop.hdds.scm.storage.BlockInputStream.initialize(BlockInputStream.java:118)
	at org.apache.hadoop.hdds.scm.storage.BlockInputStream.read(BlockInputStream.java:222)
	at org.apache.hadoop.ozone.client.io.KeyInputStream.read(KeyInputStream.java:171)
	at org.apache.hadoop.ozone.client.io.OzoneInputStream.read(OzoneInputStream.java:47)
	at java.io.InputStream.read(InputStream.java:101)
	at org.apache.hadoop.ozone.container.ContainerTestHelper.validateData(ContainerTestHelper.java:709)
	at org.apache.hadoop.ozone.client.rpc.TestFailureHandlingByClient.validateData(TestFailureHandlingByClient.java:497)
	at org.apache.hadoop.ozone.client.rpc.TestFailureHandlingByClient.testBlockWritesWithDnFailures(TestFailureHandlingByClient.java:155)
	at sun.reflect.NativeMethodAccessorImpl.invoke0(Native Method)
	at sun.reflect.NativeMethodAccessorImpl.invoke(NativeMethodAccessorImpl.java:62)
	at sun.reflect.DelegatingMethodAccessorImpl.invoke(DelegatingMethodAccessorImpl.java:43)
	at java.lang.reflect.Method.invoke(Method.java:498)
	at org.junit.runners.model.FrameworkMethod$1.runReflectiveCall(FrameworkMethod.java:47)
	at org.junit.internal.runners.model.ReflectiveCallable.run(ReflectiveCallable.java:12)
	at org.junit.runners.model.FrameworkMethod.invokeExplosively(FrameworkMethod.java:44)
	at org.junit.internal.runners.statements.InvokeMethod.evaluate(InvokeMethod.java:17)
	at org.junit.runners.ParentRunner.runLeaf(ParentRunner.java:271)
	at org.junit.runners.BlockJUnit4ClassRunner.runChild(BlockJUnit4ClassRunner.java:70)
	at org.junit.runners.BlockJUnit4ClassRunner.runChild(BlockJUnit4ClassRunner.java:50)
	at org.junit.runners.ParentRunner$3.run(ParentRunner.java:238)
	at org.junit.runners.ParentRunner$1.schedule(ParentRunner.java:63)
	at org.junit.runners.ParentRunner.runChildren(ParentRunner.java:236)
	at org.junit.runners.ParentRunner.access$000(ParentRunner.java:53)
	at org.junit.runners.ParentRunner$2.evaluate(ParentRunner.java:229)
	at org.junit.runners.ParentRunner.run(ParentRunner.java:309)
	at org.apache.maven.surefire.junit4.JUnit4Provider.execute(JUnit4Provider.java:365)
	at org.apache.maven.surefire.junit4.JUnit4Provider.executeWithRerun(JUnit4Provider.java:273)
	at org.apache.maven.surefire.junit4.JUnit4Provider.executeTestSet(JUnit4Provider.java:238)
	at org.apache.maven.surefire.junit4.JUnit4Provider.invoke(JUnit4Provider.java:159)
	at org.apache.maven.surefire.booter.ForkedBooter.invokeProviderInSameClassLoader(ForkedBooter.java:384)
	at org.apache.maven.surefire.booter.ForkedBooter.runSuitesInProcess(ForkedBooter.java:345)
	at org.apache.maven.surefire.booter.ForkedBooter.execute(ForkedBooter.java:126)
	at org.apache.maven.surefire.booter.ForkedBooter.main(ForkedBooter.java:418)

Jun 14, 2019 2:55:18 AM org.apache.ratis.thirdparty.io.grpc.internal.ManagedChannelOrphanWrapper$ManagedChannelReference cleanQueue
SEVERE: *~*~*~ Channel ManagedChannelImpl{logId=1467, target=192.168.105.164:37441} was not shutdown properly!!! ~*~*~*
    Make sure to call shutdown()/shutdownNow() and wait until awaitTermination() returns true.
java.lang.RuntimeException: ManagedChannel allocation site
	at org.apache.ratis.thirdparty.io.grpc.internal.ManagedChannelOrphanWrapper$ManagedChannelReference.<init>(ManagedChannelOrphanWrapper.java:103)
	at org.apache.ratis.thirdparty.io.grpc.internal.ManagedChannelOrphanWrapper.<init>(ManagedChannelOrphanWrapper.java:53)
	at org.apache.ratis.thirdparty.io.grpc.internal.ManagedChannelOrphanWrapper.<init>(ManagedChannelOrphanWrapper.java:44)
	at org.apache.ratis.thirdparty.io.grpc.internal.AbstractManagedChannelImplBuilder.build(AbstractManagedChannelImplBuilder.java:411)
	at org.apache.ratis.grpc.client.GrpcClientProtocolClient.<init>(GrpcClientProtocolClient.java:118)
	at org.apache.ratis.grpc.client.GrpcClientRpc.lambda$new$0(GrpcClientRpc.java:55)
	at org.apache.ratis.util.PeerProxyMap$PeerAndProxy.lambda$getProxy$0(PeerProxyMap.java:61)
	at org.apache.ratis.util.LifeCycle.startAndTransition(LifeCycle.java:202)
	at org.apache.ratis.util.PeerProxyMap$PeerAndProxy.getProxy(PeerProxyMap.java:60)
	at org.apache.ratis.util.PeerProxyMap.getProxy(PeerProxyMap.java:107)
	at org.apache.ratis.grpc.client.GrpcClientRpc.sendRequestAsync(GrpcClientRpc.java:66)
	at org.apache.ratis.client.impl.RaftClientImpl.sendRequestAsync(RaftClientImpl.java:351)
	at org.apache.ratis.client.impl.RaftClientImpl.sendRequestWithRetryAsync(RaftClientImpl.java:313)
	at org.apache.ratis.util.SlidingWindow$Client.sendOrDelayRequest(SlidingWindow.java:251)
	at org.apache.ratis.util.SlidingWindow$Client.retry(SlidingWindow.java:267)
	at org.apache.ratis.client.impl.RaftClientImpl.lambda$null$10(RaftClientImpl.java:320)
	at org.apache.ratis.util.TimeoutScheduler.lambda$onTimeout$0(TimeoutScheduler.java:85)
	at org.apache.ratis.util.TimeoutScheduler.lambda$onTimeout$1(TimeoutScheduler.java:104)
	at org.apache.ratis.util.LogUtils.runAndLog(LogUtils.java:50)
	at org.apache.ratis.util.LogUtils$1.run(LogUtils.java:91)
	at java.util.concurrent.Executors$RunnableAdapter.call(Executors.java:511)
	at java.util.concurrent.FutureTask.run(FutureTask.java:266)
	at java.util.concurrent.ScheduledThreadPoolExecutor$ScheduledFutureTask.access$201(ScheduledThreadPoolExecutor.java:180)
	at java.util.concurrent.ScheduledThreadPoolExecutor$ScheduledFutureTask.run(ScheduledThreadPoolExecutor.java:293)
	at java.util.concurrent.ThreadPoolExecutor.runWorker(ThreadPoolExecutor.java:1149)
	at java.util.concurrent.ThreadPoolExecutor$Worker.run(ThreadPoolExecutor.java:624)
	at java.lang.Thread.run(Thread.java:748)

Jun 14, 2019 2:55:21 AM org.apache.ratis.thirdparty.io.grpc.internal.ManagedChannelOrphanWrapper$ManagedChannelReference cleanQueue
SEVERE: *~*~*~ Channel ManagedChannelImpl{logId=979, target=192.168.105.164:38305} was not shutdown properly!!! ~*~*~*
    Make sure to call shutdown()/shutdownNow() and wait until awaitTermination() returns true.
java.lang.RuntimeException: ManagedChannel allocation site
	at org.apache.ratis.thirdparty.io.grpc.internal.ManagedChannelOrphanWrapper$ManagedChannelReference.<init>(ManagedChannelOrphanWrapper.java:103)
	at org.apache.ratis.thirdparty.io.grpc.internal.ManagedChannelOrphanWrapper.<init>(ManagedChannelOrphanWrapper.java:53)
	at org.apache.ratis.thirdparty.io.grpc.internal.ManagedChannelOrphanWrapper.<init>(ManagedChannelOrphanWrapper.java:44)
	at org.apache.ratis.thirdparty.io.grpc.internal.AbstractManagedChannelImplBuilder.build(AbstractManagedChannelImplBuilder.java:411)
	at org.apache.hadoop.hdds.scm.XceiverClientGrpc.connectToDatanode(XceiverClientGrpc.java:163)
	at org.apache.hadoop.hdds.scm.XceiverClientGrpc.reconnect(XceiverClientGrpc.java:398)
	at org.apache.hadoop.hdds.scm.XceiverClientGrpc.sendCommandAsync(XceiverClientGrpc.java:349)
	at org.apache.hadoop.hdds.scm.XceiverClientGrpc.sendCommandWithRetry(XceiverClientGrpc.java:262)
	at org.apache.hadoop.hdds.scm.XceiverClientGrpc.sendCommandWithTraceIDAndRetry(XceiverClientGrpc.java:239)
	at org.apache.hadoop.hdds.scm.XceiverClientGrpc.sendCommand(XceiverClientGrpc.java:222)
	at org.apache.hadoop.hdds.scm.storage.ContainerProtocolCalls.getBlock(ContainerProtocolCalls.java:118)
	at org.apache.hadoop.hdds.scm.storage.BlockInputStream.getChunkInfos(BlockInputStream.java:167)
	at org.apache.hadoop.hdds.scm.storage.BlockInputStream.initialize(BlockInputStream.java:118)
	at org.apache.hadoop.hdds.scm.storage.BlockInputStream.read(BlockInputStream.java:222)
	at org.apache.hadoop.ozone.client.io.KeyInputStream.read(KeyInputStream.java:171)
	at org.apache.hadoop.ozone.client.io.OzoneInputStream.read(OzoneInputStream.java:47)
	at java.io.InputStream.read(InputStream.java:101)
	at org.apache.hadoop.ozone.container.ContainerTestHelper.validateData(ContainerTestHelper.java:709)
	at org.apache.hadoop.ozone.client.rpc.TestFailureHandlingByClient.validateData(TestFailureHandlingByClient.java:497)
	at org.apache.hadoop.ozone.client.rpc.TestFailureHandlingByClient.testMultiBlockWritesWithIntermittentDnFailures(TestFailureHandlingByClient.java:250)
	at sun.reflect.NativeMethodAccessorImpl.invoke0(Native Method)
	at sun.reflect.NativeMethodAccessorImpl.invoke(NativeMethodAccessorImpl.java:62)
	at sun.reflect.DelegatingMethodAccessorImpl.invoke(DelegatingMethodAccessorImpl.java:43)
	at java.lang.reflect.Method.invoke(Method.java:498)
	at org.junit.runners.model.FrameworkMethod$1.runReflectiveCall(FrameworkMethod.java:47)
	at org.junit.internal.runners.model.ReflectiveCallable.run(ReflectiveCallable.java:12)
	at org.junit.runners.model.FrameworkMethod.invokeExplosively(FrameworkMethod.java:44)
	at org.junit.internal.runners.statements.InvokeMethod.evaluate(InvokeMethod.java:17)
	at org.junit.runners.ParentRunner.runLeaf(ParentRunner.java:271)
	at org.junit.runners.BlockJUnit4ClassRunner.runChild(BlockJUnit4ClassRunner.java:70)
	at org.junit.runners.BlockJUnit4ClassRunner.runChild(BlockJUnit4ClassRunner.java:50)
	at org.junit.runners.ParentRunner$3.run(ParentRunner.java:238)
	at org.junit.runners.ParentRunner$1.schedule(ParentRunner.java:63)
	at org.junit.runners.ParentRunner.runChildren(ParentRunner.java:236)
	at org.junit.runners.ParentRunner.access$000(ParentRunner.java:53)
	at org.junit.runners.ParentRunner$2.evaluate(ParentRunner.java:229)
	at org.junit.runners.ParentRunner.run(ParentRunner.java:309)
	at org.apache.maven.surefire.junit4.JUnit4Provider.execute(JUnit4Provider.java:365)
	at org.apache.maven.surefire.junit4.JUnit4Provider.executeWithRerun(JUnit4Provider.java:273)
	at org.apache.maven.surefire.junit4.JUnit4Provider.executeTestSet(JUnit4Provider.java:238)
	at org.apache.maven.surefire.junit4.JUnit4Provider.invoke(JUnit4Provider.java:159)
	at org.apache.maven.surefire.booter.ForkedBooter.invokeProviderInSameClassLoader(ForkedBooter.java:384)
	at org.apache.maven.surefire.booter.ForkedBooter.runSuitesInProcess(ForkedBooter.java:345)
	at org.apache.maven.surefire.booter.ForkedBooter.execute(ForkedBooter.java:126)
	at org.apache.maven.surefire.booter.ForkedBooter.main(ForkedBooter.java:418)

Jun 14, 2019 2:55:21 AM org.apache.ratis.thirdparty.io.grpc.internal.ManagedChannelOrphanWrapper$ManagedChannelReference cleanQueue
SEVERE: *~*~*~ Channel ManagedChannelImpl{logId=974, target=192.168.105.164:39749} was not shutdown properly!!! ~*~*~*
    Make sure to call shutdown()/shutdownNow() and wait until awaitTermination() returns true.
java.lang.RuntimeException: ManagedChannel allocation site
	at org.apache.ratis.thirdparty.io.grpc.internal.ManagedChannelOrphanWrapper$ManagedChannelReference.<init>(ManagedChannelOrphanWrapper.java:103)
	at org.apache.ratis.thirdparty.io.grpc.internal.ManagedChannelOrphanWrapper.<init>(ManagedChannelOrphanWrapper.java:53)
	at org.apache.ratis.thirdparty.io.grpc.internal.ManagedChannelOrphanWrapper.<init>(ManagedChannelOrphanWrapper.java:44)
	at org.apache.ratis.thirdparty.io.grpc.internal.AbstractManagedChannelImplBuilder.build(AbstractManagedChannelImplBuilder.java:411)
	at org.apache.hadoop.hdds.scm.XceiverClientGrpc.connectToDatanode(XceiverClientGrpc.java:163)
	at org.apache.hadoop.hdds.scm.XceiverClientGrpc.reconnect(XceiverClientGrpc.java:398)
	at org.apache.hadoop.hdds.scm.XceiverClientGrpc.sendCommandAsync(XceiverClientGrpc.java:349)
	at org.apache.hadoop.hdds.scm.XceiverClientGrpc.sendCommandWithRetry(XceiverClientGrpc.java:262)
	at org.apache.hadoop.hdds.scm.XceiverClientGrpc.sendCommandWithTraceIDAndRetry(XceiverClientGrpc.java:239)
	at org.apache.hadoop.hdds.scm.XceiverClientGrpc.sendCommand(XceiverClientGrpc.java:222)
	at org.apache.hadoop.hdds.scm.storage.ContainerProtocolCalls.getBlock(ContainerProtocolCalls.java:118)
	at org.apache.hadoop.hdds.scm.storage.BlockInputStream.getChunkInfos(BlockInputStream.java:167)
	at org.apache.hadoop.hdds.scm.storage.BlockInputStream.initialize(BlockInputStream.java:118)
	at org.apache.hadoop.hdds.scm.storage.BlockInputStream.read(BlockInputStream.java:222)
	at org.apache.hadoop.ozone.client.io.KeyInputStream.read(KeyInputStream.java:171)
	at org.apache.hadoop.ozone.client.io.OzoneInputStream.read(OzoneInputStream.java:47)
	at java.io.InputStream.read(InputStream.java:101)
	at org.apache.hadoop.ozone.container.ContainerTestHelper.validateData(ContainerTestHelper.java:709)
	at org.apache.hadoop.ozone.client.rpc.TestFailureHandlingByClient.validateData(TestFailureHandlingByClient.java:497)
	at org.apache.hadoop.ozone.client.rpc.TestFailureHandlingByClient.testMultiBlockWritesWithIntermittentDnFailures(TestFailureHandlingByClient.java:250)
	at sun.reflect.NativeMethodAccessorImpl.invoke0(Native Method)
	at sun.reflect.NativeMethodAccessorImpl.invoke(NativeMethodAccessorImpl.java:62)
	at sun.reflect.DelegatingMethodAccessorImpl.invoke(DelegatingMethodAccessorImpl.java:43)
	at java.lang.reflect.Method.invoke(Method.java:498)
	at org.junit.runners.model.FrameworkMethod$1.runReflectiveCall(FrameworkMethod.java:47)
	at org.junit.internal.runners.model.ReflectiveCallable.run(ReflectiveCallable.java:12)
	at org.junit.runners.model.FrameworkMethod.invokeExplosively(FrameworkMethod.java:44)
	at org.junit.internal.runners.statements.InvokeMethod.evaluate(InvokeMethod.java:17)
	at org.junit.runners.ParentRunner.runLeaf(ParentRunner.java:271)
	at org.junit.runners.BlockJUnit4ClassRunner.runChild(BlockJUnit4ClassRunner.java:70)
	at org.junit.runners.BlockJUnit4ClassRunner.runChild(BlockJUnit4ClassRunner.java:50)
	at org.junit.runners.ParentRunner$3.run(ParentRunner.java:238)
	at org.junit.runners.ParentRunner$1.schedule(ParentRunner.java:63)
	at org.junit.runners.ParentRunner.runChildren(ParentRunner.java:236)
	at org.junit.runners.ParentRunner.access$000(ParentRunner.java:53)
	at org.junit.runners.ParentRunner$2.evaluate(ParentRunner.java:229)
	at org.junit.runners.ParentRunner.run(ParentRunner.java:309)
	at org.apache.maven.surefire.junit4.JUnit4Provider.execute(JUnit4Provider.java:365)
	at org.apache.maven.surefire.junit4.JUnit4Provider.executeWithRerun(JUnit4Provider.java:273)
	at org.apache.maven.surefire.junit4.JUnit4Provider.executeTestSet(JUnit4Provider.java:238)
	at org.apache.maven.surefire.junit4.JUnit4Provider.invoke(JUnit4Provider.java:159)
	at org.apache.maven.surefire.booter.ForkedBooter.invokeProviderInSameClassLoader(ForkedBooter.java:384)
	at org.apache.maven.surefire.booter.ForkedBooter.runSuitesInProcess(ForkedBooter.java:345)
	at org.apache.maven.surefire.booter.ForkedBooter.execute(ForkedBooter.java:126)
	at org.apache.maven.surefire.booter.ForkedBooter.main(ForkedBooter.java:418)

Jun 14, 2019 2:55:21 AM org.apache.ratis.thirdparty.io.grpc.internal.ManagedChannelOrphanWrapper$ManagedChannelReference cleanQueue
SEVERE: *~*~*~ Channel ManagedChannelImpl{logId=184, target=192.168.105.164:45917} was not shutdown properly!!! ~*~*~*
    Make sure to call shutdown()/shutdownNow() and wait until awaitTermination() returns true.
java.lang.RuntimeException: ManagedChannel allocation site
	at org.apache.ratis.thirdparty.io.grpc.internal.ManagedChannelOrphanWrapper$ManagedChannelReference.<init>(ManagedChannelOrphanWrapper.java:103)
	at org.apache.ratis.thirdparty.io.grpc.internal.ManagedChannelOrphanWrapper.<init>(ManagedChannelOrphanWrapper.java:53)
	at org.apache.ratis.thirdparty.io.grpc.internal.ManagedChannelOrphanWrapper.<init>(ManagedChannelOrphanWrapper.java:44)
	at org.apache.ratis.thirdparty.io.grpc.internal.AbstractManagedChannelImplBuilder.build(AbstractManagedChannelImplBuilder.java:411)
	at org.apache.hadoop.hdds.scm.XceiverClientGrpc.connectToDatanode(XceiverClientGrpc.java:163)
	at org.apache.hadoop.hdds.scm.XceiverClientGrpc.reconnect(XceiverClientGrpc.java:398)
	at org.apache.hadoop.hdds.scm.XceiverClientGrpc.sendCommandAsync(XceiverClientGrpc.java:349)
	at org.apache.hadoop.hdds.scm.XceiverClientGrpc.sendCommandWithRetry(XceiverClientGrpc.java:262)
	at org.apache.hadoop.hdds.scm.XceiverClientGrpc.sendCommandWithTraceIDAndRetry(XceiverClientGrpc.java:239)
	at org.apache.hadoop.hdds.scm.XceiverClientGrpc.sendCommand(XceiverClientGrpc.java:222)
	at org.apache.hadoop.hdds.scm.storage.ContainerProtocolCalls.getBlock(ContainerProtocolCalls.java:118)
	at org.apache.hadoop.hdds.scm.storage.BlockInputStream.getChunkInfos(BlockInputStream.java:167)
	at org.apache.hadoop.hdds.scm.storage.BlockInputStream.initialize(BlockInputStream.java:118)
	at org.apache.hadoop.hdds.scm.storage.BlockInputStream.read(BlockInputStream.java:222)
	at org.apache.hadoop.ozone.client.io.KeyInputStream.read(KeyInputStream.java:171)
	at org.apache.hadoop.ozone.client.io.OzoneInputStream.read(OzoneInputStream.java:47)
	at java.io.InputStream.read(InputStream.java:101)
	at org.apache.hadoop.ozone.container.ContainerTestHelper.validateData(ContainerTestHelper.java:709)
	at org.apache.hadoop.ozone.client.rpc.TestFailureHandlingByClient.validateData(TestFailureHandlingByClient.java:497)
	at org.apache.hadoop.ozone.client.rpc.TestFailureHandlingByClient.testPipelineExclusionWithPipelineFailure(TestFailureHandlingByClient.java:485)
	at sun.reflect.NativeMethodAccessorImpl.invoke0(Native Method)
	at sun.reflect.NativeMethodAccessorImpl.invoke(NativeMethodAccessorImpl.java:62)
	at sun.reflect.DelegatingMethodAccessorImpl.invoke(DelegatingMethodAccessorImpl.java:43)
	at java.lang.reflect.Method.invoke(Method.java:498)
	at org.junit.runners.model.FrameworkMethod$1.runReflectiveCall(FrameworkMethod.java:47)
	at org.junit.internal.runners.model.ReflectiveCallable.run(ReflectiveCallable.java:12)
	at org.junit.runners.model.FrameworkMethod.invokeExplosively(FrameworkMethod.java:44)
	at org.junit.internal.runners.statements.InvokeMethod.evaluate(InvokeMethod.java:17)
	at org.junit.runners.ParentRunner.runLeaf(ParentRunner.java:271)
	at org.junit.runners.BlockJUnit4ClassRunner.runChild(BlockJUnit4ClassRunner.java:70)
	at org.junit.runners.BlockJUnit4ClassRunner.runChild(BlockJUnit4ClassRunner.java:50)
	at org.junit.runners.ParentRunner$3.run(ParentRunner.java:238)
	at org.junit.runners.ParentRunner$1.schedule(ParentRunner.java:63)
	at org.junit.runners.ParentRunner.runChildren(ParentRunner.java:236)
	at org.junit.runners.ParentRunner.access$000(ParentRunner.java:53)
	at org.junit.runners.ParentRunner$2.evaluate(ParentRunner.java:229)
	at org.junit.runners.ParentRunner.run(ParentRunner.java:309)
	at org.apache.maven.surefire.junit4.JUnit4Provider.execute(JUnit4Provider.java:365)
	at org.apache.maven.surefire.junit4.JUnit4Provider.executeWithRerun(JUnit4Provider.java:273)
	at org.apache.maven.surefire.junit4.JUnit4Provider.executeTestSet(JUnit4Provider.java:238)
	at org.apache.maven.surefire.junit4.JUnit4Provider.invoke(JUnit4Provider.java:159)
	at org.apache.maven.surefire.booter.ForkedBooter.invokeProviderInSameClassLoader(ForkedBooter.java:384)
	at org.apache.maven.surefire.booter.ForkedBooter.runSuitesInProcess(ForkedBooter.java:345)
	at org.apache.maven.surefire.booter.ForkedBooter.execute(ForkedBooter.java:126)
	at org.apache.maven.surefire.booter.ForkedBooter.main(ForkedBooter.java:418)

Jun 14, 2019 2:55:21 AM org.apache.ratis.thirdparty.io.grpc.internal.ManagedChannelOrphanWrapper$ManagedChannelReference cleanQueue
SEVERE: *~*~*~ Channel ManagedChannelImpl{logId=938, target=192.168.105.164:42751} was not shutdown properly!!! ~*~*~*
    Make sure to call shutdown()/shutdownNow() and wait until awaitTermination() returns true.
java.lang.RuntimeException: ManagedChannel allocation site
	at org.apache.ratis.thirdparty.io.grpc.internal.ManagedChannelOrphanWrapper$ManagedChannelReference.<init>(ManagedChannelOrphanWrapper.java:103)
	at org.apache.ratis.thirdparty.io.grpc.internal.ManagedChannelOrphanWrapper.<init>(ManagedChannelOrphanWrapper.java:53)
	at org.apache.ratis.thirdparty.io.grpc.internal.ManagedChannelOrphanWrapper.<init>(ManagedChannelOrphanWrapper.java:44)
	at org.apache.ratis.thirdparty.io.grpc.internal.AbstractManagedChannelImplBuilder.build(AbstractManagedChannelImplBuilder.java:411)
	at org.apache.ratis.grpc.client.GrpcClientProtocolClient.<init>(GrpcClientProtocolClient.java:118)
	at org.apache.ratis.grpc.client.GrpcClientRpc.lambda$new$0(GrpcClientRpc.java:55)
	at org.apache.ratis.util.PeerProxyMap$PeerAndProxy.lambda$getProxy$0(PeerProxyMap.java:61)
	at org.apache.ratis.util.LifeCycle.startAndTransition(LifeCycle.java:202)
	at org.apache.ratis.util.PeerProxyMap$PeerAndProxy.getProxy(PeerProxyMap.java:60)
	at org.apache.ratis.util.PeerProxyMap.getProxy(PeerProxyMap.java:107)
	at org.apache.ratis.grpc.client.GrpcClientRpc.sendRequestAsyncUnordered(GrpcClientRpc.java:78)
	at org.apache.ratis.client.impl.UnorderedAsync.sendRequestWithRetry(UnorderedAsync.java:73)
	at org.apache.ratis.client.impl.UnorderedAsync.lambda$null$2(UnorderedAsync.java:113)
	at org.apache.ratis.util.TimeoutScheduler.lambda$onTimeout$0(TimeoutScheduler.java:85)
	at org.apache.ratis.util.TimeoutScheduler.lambda$onTimeout$1(TimeoutScheduler.java:104)
	at org.apache.ratis.util.LogUtils.runAndLog(LogUtils.java:50)
	at org.apache.ratis.util.LogUtils$1.run(LogUtils.java:91)
	at java.util.concurrent.Executors$RunnableAdapter.call(Executors.java:511)
	at java.util.concurrent.FutureTask.run(FutureTask.java:266)
	at java.util.concurrent.ScheduledThreadPoolExecutor$ScheduledFutureTask.access$201(ScheduledThreadPoolExecutor.java:180)
	at java.util.concurrent.ScheduledThreadPoolExecutor$ScheduledFutureTask.run(ScheduledThreadPoolExecutor.java:293)
	at java.util.concurrent.ThreadPoolExecutor.runWorker(ThreadPoolExecutor.java:1149)
	at java.util.concurrent.ThreadPoolExecutor$Worker.run(ThreadPoolExecutor.java:624)
	at java.lang.Thread.run(Thread.java:748)

Jun 14, 2019 2:55:21 AM org.apache.ratis.thirdparty.io.grpc.internal.ManagedChannelOrphanWrapper$ManagedChannelReference cleanQueue
SEVERE: *~*~*~ Channel ManagedChannelImpl{logId=546, target=192.168.105.164:45631} was not shutdown properly!!! ~*~*~*
    Make sure to call shutdown()/shutdownNow() and wait until awaitTermination() returns true.
java.lang.RuntimeException: ManagedChannel allocation site
	at org.apache.ratis.thirdparty.io.grpc.internal.ManagedChannelOrphanWrapper$ManagedChannelReference.<init>(ManagedChannelOrphanWrapper.java:103)
	at org.apache.ratis.thirdparty.io.grpc.internal.ManagedChannelOrphanWrapper.<init>(ManagedChannelOrphanWrapper.java:53)
	at org.apache.ratis.thirdparty.io.grpc.internal.ManagedChannelOrphanWrapper.<init>(ManagedChannelOrphanWrapper.java:44)
	at org.apache.ratis.thirdparty.io.grpc.internal.AbstractManagedChannelImplBuilder.build(AbstractManagedChannelImplBuilder.java:411)
	at org.apache.hadoop.hdds.scm.XceiverClientGrpc.connectToDatanode(XceiverClientGrpc.java:163)
	at org.apache.hadoop.hdds.scm.XceiverClientGrpc.reconnect(XceiverClientGrpc.java:398)
	at org.apache.hadoop.hdds.scm.XceiverClientGrpc.sendCommandAsync(XceiverClientGrpc.java:349)
	at org.apache.hadoop.hdds.scm.XceiverClientGrpc.sendCommandWithRetry(XceiverClientGrpc.java:262)
	at org.apache.hadoop.hdds.scm.XceiverClientGrpc.sendCommandWithTraceIDAndRetry(XceiverClientGrpc.java:239)
	at org.apache.hadoop.hdds.scm.XceiverClientGrpc.sendCommand(XceiverClientGrpc.java:222)
	at org.apache.hadoop.hdds.scm.storage.ContainerProtocolCalls.getBlock(ContainerProtocolCalls.java:118)
	at org.apache.hadoop.hdds.scm.storage.BlockInputStream.getChunkInfos(BlockInputStream.java:167)
	at org.apache.hadoop.hdds.scm.storage.BlockInputStream.initialize(BlockInputStream.java:118)
	at org.apache.hadoop.hdds.scm.storage.BlockInputStream.read(BlockInputStream.java:222)
	at org.apache.hadoop.ozone.client.io.KeyInputStream.read(KeyInputStream.java:171)
	at org.apache.hadoop.ozone.client.io.OzoneInputStream.read(OzoneInputStream.java:47)
	at java.io.InputStream.read(InputStream.java:101)
	at org.apache.hadoop.ozone.container.ContainerTestHelper.validateData(ContainerTestHelper.java:709)
	at org.apache.hadoop.ozone.client.rpc.TestFailureHandlingByClient.validateData(TestFailureHandlingByClient.java:497)
	at org.apache.hadoop.ozone.client.rpc.TestFailureHandlingByClient.testWriteSmallFile(TestFailureHandlingByClient.java:297)
	at sun.reflect.NativeMethodAccessorImpl.invoke0(Native Method)
	at sun.reflect.NativeMethodAccessorImpl.invoke(NativeMethodAccessorImpl.java:62)
	at sun.reflect.DelegatingMethodAccessorImpl.invoke(DelegatingMethodAccessorImpl.java:43)
	at java.lang.reflect.Method.invoke(Method.java:498)
	at org.junit.runners.model.FrameworkMethod$1.runReflectiveCall(FrameworkMethod.java:47)
	at org.junit.internal.runners.model.ReflectiveCallable.run(ReflectiveCallable.java:12)
	at org.junit.runners.model.FrameworkMethod.invokeExplosively(FrameworkMethod.java:44)
	at org.junit.internal.runners.statements.InvokeMethod.evaluate(InvokeMethod.java:17)
	at org.junit.runners.ParentRunner.runLeaf(ParentRunner.java:271)
	at org.junit.runners.BlockJUnit4ClassRunner.runChild(BlockJUnit4ClassRunner.java:70)
	at org.junit.runners.BlockJUnit4ClassRunner.runChild(BlockJUnit4ClassRunner.java:50)
	at org.junit.runners.ParentRunner$3.run(ParentRunner.java:238)
	at org.junit.runners.ParentRunner$1.schedule(ParentRunner.java:63)
	at org.junit.runners.ParentRunner.runChildren(ParentRunner.java:236)
	at org.junit.runners.ParentRunner.access$000(ParentRunner.java:53)
	at org.junit.runners.ParentRunner$2.evaluate(ParentRunner.java:229)
	at org.junit.runners.ParentRunner.run(ParentRunner.java:309)
	at org.apache.maven.surefire.junit4.JUnit4Provider.execute(JUnit4Provider.java:365)
	at org.apache.maven.surefire.junit4.JUnit4Provider.executeWithRerun(JUnit4Provider.java:273)
	at org.apache.maven.surefire.junit4.JUnit4Provider.executeTestSet(JUnit4Provider.java:238)
	at org.apache.maven.surefire.junit4.JUnit4Provider.invoke(JUnit4Provider.java:159)
	at org.apache.maven.surefire.booter.ForkedBooter.invokeProviderInSameClassLoader(ForkedBooter.java:384)
	at org.apache.maven.surefire.booter.ForkedBooter.runSuitesInProcess(ForkedBooter.java:345)
	at org.apache.maven.surefire.booter.ForkedBooter.execute(ForkedBooter.java:126)
	at org.apache.maven.surefire.booter.ForkedBooter.main(ForkedBooter.java:418)

Jun 14, 2019 2:55:21 AM org.apache.ratis.thirdparty.io.grpc.internal.ManagedChannelOrphanWrapper$ManagedChannelReference cleanQueue
SEVERE: *~*~*~ Channel ManagedChannelImpl{logId=329, target=192.168.105.164:38685} was not shutdown properly!!! ~*~*~*
    Make sure to call shutdown()/shutdownNow() and wait until awaitTermination() returns true.
java.lang.RuntimeException: ManagedChannel allocation site
	at org.apache.ratis.thirdparty.io.grpc.internal.ManagedChannelOrphanWrapper$ManagedChannelReference.<init>(ManagedChannelOrphanWrapper.java:103)
	at org.apache.ratis.thirdparty.io.grpc.internal.ManagedChannelOrphanWrapper.<init>(ManagedChannelOrphanWrapper.java:53)
	at org.apache.ratis.thirdparty.io.grpc.internal.ManagedChannelOrphanWrapper.<init>(ManagedChannelOrphanWrapper.java:44)
	at org.apache.ratis.thirdparty.io.grpc.internal.AbstractManagedChannelImplBuilder.build(AbstractManagedChannelImplBuilder.java:411)
	at org.apache.ratis.grpc.client.GrpcClientProtocolClient.<init>(GrpcClientProtocolClient.java:118)
	at org.apache.ratis.grpc.client.GrpcClientRpc.lambda$new$0(GrpcClientRpc.java:55)
	at org.apache.ratis.util.PeerProxyMap$PeerAndProxy.lambda$getProxy$0(PeerProxyMap.java:61)
	at org.apache.ratis.util.LifeCycle.startAndTransition(LifeCycle.java:202)
	at org.apache.ratis.util.PeerProxyMap$PeerAndProxy.getProxy(PeerProxyMap.java:60)
	at org.apache.ratis.util.PeerProxyMap.getProxy(PeerProxyMap.java:107)
	at org.apache.ratis.grpc.client.GrpcClientRpc.sendRequestAsync(GrpcClientRpc.java:66)
	at org.apache.ratis.client.impl.RaftClientImpl.sendRequestAsync(RaftClientImpl.java:351)
	at org.apache.ratis.client.impl.RaftClientImpl.sendRequestWithRetryAsync(RaftClientImpl.java:313)
	at org.apache.ratis.util.SlidingWindow$Client.sendOrDelayRequest(SlidingWindow.java:251)
	at org.apache.ratis.util.SlidingWindow$Client.retry(SlidingWindow.java:267)
	at org.apache.ratis.client.impl.RaftClientImpl.lambda$null$10(RaftClientImpl.java:320)
	at org.apache.ratis.util.TimeoutScheduler.lambda$onTimeout$0(TimeoutScheduler.java:85)
	at org.apache.ratis.util.TimeoutScheduler.lambda$onTimeout$1(TimeoutScheduler.java:104)
	at org.apache.ratis.util.LogUtils.runAndLog(LogUtils.java:50)
	at org.apache.ratis.util.LogUtils$1.run(LogUtils.java:91)
	at java.util.concurrent.Executors$RunnableAdapter.call(Executors.java:511)
	at java.util.concurrent.FutureTask.run(FutureTask.java:266)
	at java.util.concurrent.ScheduledThreadPoolExecutor$ScheduledFutureTask.access$201(ScheduledThreadPoolExecutor.java:180)
	at java.util.concurrent.ScheduledThreadPoolExecutor$ScheduledFutureTask.run(ScheduledThreadPoolExecutor.java:293)
	at java.util.concurrent.ThreadPoolExecutor.runWorker(ThreadPoolExecutor.java:1149)
	at java.util.concurrent.ThreadPoolExecutor$Worker.run(ThreadPoolExecutor.java:624)
	at java.lang.Thread.run(Thread.java:748)

Jun 14, 2019 2:55:21 AM org.apache.ratis.thirdparty.io.grpc.internal.ManagedChannelOrphanWrapper$ManagedChannelReference cleanQueue
SEVERE: *~*~*~ Channel ManagedChannelImpl{logId=915, target=192.168.105.164:42947} was not shutdown properly!!! ~*~*~*
    Make sure to call shutdown()/shutdownNow() and wait until awaitTermination() returns true.
java.lang.RuntimeException: ManagedChannel allocation site
	at org.apache.ratis.thirdparty.io.grpc.internal.ManagedChannelOrphanWrapper$ManagedChannelReference.<init>(ManagedChannelOrphanWrapper.java:103)
	at org.apache.ratis.thirdparty.io.grpc.internal.ManagedChannelOrphanWrapper.<init>(ManagedChannelOrphanWrapper.java:53)
	at org.apache.ratis.thirdparty.io.grpc.internal.ManagedChannelOrphanWrapper.<init>(ManagedChannelOrphanWrapper.java:44)
	at org.apache.ratis.thirdparty.io.grpc.internal.AbstractManagedChannelImplBuilder.build(AbstractManagedChannelImplBuilder.java:411)
	at org.apache.ratis.grpc.client.GrpcClientProtocolClient.<init>(GrpcClientProtocolClient.java:118)
	at org.apache.ratis.grpc.client.GrpcClientRpc.lambda$new$0(GrpcClientRpc.java:55)
	at org.apache.ratis.util.PeerProxyMap$PeerAndProxy.lambda$getProxy$0(PeerProxyMap.java:61)
	at org.apache.ratis.util.LifeCycle.startAndTransition(LifeCycle.java:202)
	at org.apache.ratis.util.PeerProxyMap$PeerAndProxy.getProxy(PeerProxyMap.java:60)
	at org.apache.ratis.util.PeerProxyMap.getProxy(PeerProxyMap.java:107)
	at org.apache.ratis.grpc.client.GrpcClientRpc.sendRequestAsync(GrpcClientRpc.java:66)
	at org.apache.ratis.client.impl.RaftClientImpl.sendRequestAsync(RaftClientImpl.java:351)
	at org.apache.ratis.client.impl.RaftClientImpl.sendRequestWithRetryAsync(RaftClientImpl.java:313)
	at org.apache.ratis.util.SlidingWindow$Client.sendOrDelayRequest(SlidingWindow.java:251)
	at org.apache.ratis.util.SlidingWindow$Client.retry(SlidingWindow.java:267)
	at org.apache.ratis.client.impl.RaftClientImpl.lambda$null$10(RaftClientImpl.java:320)
	at org.apache.ratis.util.TimeoutScheduler.lambda$onTimeout$0(TimeoutScheduler.java:85)
	at org.apache.ratis.util.TimeoutScheduler.lambda$onTimeout$1(TimeoutScheduler.java:104)
	at org.apache.ratis.util.LogUtils.runAndLog(LogUtils.java:50)
	at org.apache.ratis.util.LogUtils$1.run(LogUtils.java:91)
	at java.util.concurrent.Executors$RunnableAdapter.call(Executors.java:511)
	at java.util.concurrent.FutureTask.run(FutureTask.java:266)
	at java.util.concurrent.ScheduledThreadPoolExecutor$ScheduledFutureTask.access$201(ScheduledThreadPoolExecutor.java:180)
	at java.util.concurrent.ScheduledThreadPoolExecutor$ScheduledFutureTask.run(ScheduledThreadPoolExecutor.java:293)
	at java.util.concurrent.ThreadPoolExecutor.runWorker(ThreadPoolExecutor.java:1149)
	at java.util.concurrent.ThreadPoolExecutor$Worker.run(ThreadPoolExecutor.java:624)
	at java.lang.Thread.run(Thread.java:748)

Jun 14, 2019 2:55:21 AM org.apache.ratis.thirdparty.io.grpc.internal.ManagedChannelOrphanWrapper$ManagedChannelReference cleanQueue
SEVERE: *~*~*~ Channel ManagedChannelImpl{logId=361, target=192.168.105.164:32805} was not shutdown properly!!! ~*~*~*
    Make sure to call shutdown()/shutdownNow() and wait until awaitTermination() returns true.
java.lang.RuntimeException: ManagedChannel allocation site
	at org.apache.ratis.thirdparty.io.grpc.internal.ManagedChannelOrphanWrapper$ManagedChannelReference.<init>(ManagedChannelOrphanWrapper.java:103)
	at org.apache.ratis.thirdparty.io.grpc.internal.ManagedChannelOrphanWrapper.<init>(ManagedChannelOrphanWrapper.java:53)
	at org.apache.ratis.thirdparty.io.grpc.internal.ManagedChannelOrphanWrapper.<init>(ManagedChannelOrphanWrapper.java:44)
	at org.apache.ratis.thirdparty.io.grpc.internal.AbstractManagedChannelImplBuilder.build(AbstractManagedChannelImplBuilder.java:411)
	at org.apache.hadoop.hdds.scm.XceiverClientGrpc.connectToDatanode(XceiverClientGrpc.java:163)
	at org.apache.hadoop.hdds.scm.XceiverClientGrpc.reconnect(XceiverClientGrpc.java:398)
	at org.apache.hadoop.hdds.scm.XceiverClientGrpc.sendCommandAsync(XceiverClientGrpc.java:349)
	at org.apache.hadoop.hdds.scm.XceiverClientGrpc.sendCommandWithRetry(XceiverClientGrpc.java:262)
	at org.apache.hadoop.hdds.scm.XceiverClientGrpc.sendCommandWithTraceIDAndRetry(XceiverClientGrpc.java:239)
	at org.apache.hadoop.hdds.scm.XceiverClientGrpc.sendCommand(XceiverClientGrpc.java:222)
	at org.apache.hadoop.hdds.scm.storage.ContainerProtocolCalls.getBlock(ContainerProtocolCalls.java:118)
	at org.apache.hadoop.hdds.scm.storage.BlockInputStream.getChunkInfos(BlockInputStream.java:167)
	at org.apache.hadoop.hdds.scm.storage.BlockInputStream.initialize(BlockInputStream.java:118)
	at org.apache.hadoop.hdds.scm.storage.BlockInputStream.read(BlockInputStream.java:222)
	at org.apache.hadoop.ozone.client.io.KeyInputStream.read(KeyInputStream.java:171)
	at org.apache.hadoop.ozone.client.io.OzoneInputStream.read(OzoneInputStream.java:47)
	at java.io.InputStream.read(InputStream.java:101)
	at org.apache.hadoop.ozone.container.ContainerTestHelper.validateData(ContainerTestHelper.java:709)
	at org.apache.hadoop.ozone.client.rpc.TestFailureHandlingByClient.validateData(TestFailureHandlingByClient.java:497)
	at org.apache.hadoop.ozone.client.rpc.TestFailureHandlingByClient.testContainerExclusionWithClosedContainerException(TestFailureHandlingByClient.java:358)
	at sun.reflect.NativeMethodAccessorImpl.invoke0(Native Method)
	at sun.reflect.NativeMethodAccessorImpl.invoke(NativeMethodAccessorImpl.java:62)
	at sun.reflect.DelegatingMethodAccessorImpl.invoke(DelegatingMethodAccessorImpl.java:43)
	at java.lang.reflect.Method.invoke(Method.java:498)
	at org.junit.runners.model.FrameworkMethod$1.runReflectiveCall(FrameworkMethod.java:47)
	at org.junit.internal.runners.model.ReflectiveCallable.run(ReflectiveCallable.java:12)
	at org.junit.runners.model.FrameworkMethod.invokeExplosively(FrameworkMethod.java:44)
	at org.junit.internal.runners.statements.InvokeMethod.evaluate(InvokeMethod.java:17)
	at org.junit.runners.ParentRunner.runLeaf(ParentRunner.java:271)
	at org.junit.runners.BlockJUnit4ClassRunner.runChild(BlockJUnit4ClassRunner.java:70)
	at org.junit.runners.BlockJUnit4ClassRunner.runChild(BlockJUnit4ClassRunner.java:50)
	at org.junit.runners.ParentRunner$3.run(ParentRunner.java:238)
	at org.junit.runners.ParentRunner$1.schedule(ParentRunner.java:63)
	at org.junit.runners.ParentRunner.runChildren(ParentRunner.java:236)
	at org.junit.runners.ParentRunner.access$000(ParentRunner.java:53)
	at org.junit.runners.ParentRunner$2.evaluate(ParentRunner.java:229)
	at org.junit.runners.ParentRunner.run(ParentRunner.java:309)
	at org.apache.maven.surefire.junit4.JUnit4Provider.execute(JUnit4Provider.java:365)
	at org.apache.maven.surefire.junit4.JUnit4Provider.executeWithRerun(JUnit4Provider.java:273)
	at org.apache.maven.surefire.junit4.JUnit4Provider.executeTestSet(JUnit4Provider.java:238)
	at org.apache.maven.surefire.junit4.JUnit4Provider.invoke(JUnit4Provider.java:159)
	at org.apache.maven.surefire.booter.ForkedBooter.invokeProviderInSameClassLoader(ForkedBooter.java:384)
	at org.apache.maven.surefire.booter.ForkedBooter.runSuitesInProcess(ForkedBooter.java:345)
	at org.apache.maven.surefire.booter.ForkedBooter.execute(ForkedBooter.java:126)
	at org.apache.maven.surefire.booter.ForkedBooter.main(ForkedBooter.java:418)

Jun 14, 2019 2:55:21 AM org.apache.ratis.thirdparty.io.grpc.internal.ManagedChannelOrphanWrapper$ManagedChannelReference cleanQueue
SEVERE: *~*~*~ Channel ManagedChannelImpl{logId=356, target=192.168.105.164:45455} was not shutdown properly!!! ~*~*~*
    Make sure to call shutdown()/shutdownNow() and wait until awaitTermination() returns true.
java.lang.RuntimeException: ManagedChannel allocation site
	at org.apache.ratis.thirdparty.io.grpc.internal.ManagedChannelOrphanWrapper$ManagedChannelReference.<init>(ManagedChannelOrphanWrapper.java:103)
	at org.apache.ratis.thirdparty.io.grpc.internal.ManagedChannelOrphanWrapper.<init>(ManagedChannelOrphanWrapper.java:53)
	at org.apache.ratis.thirdparty.io.grpc.internal.ManagedChannelOrphanWrapper.<init>(ManagedChannelOrphanWrapper.java:44)
	at org.apache.ratis.thirdparty.io.grpc.internal.AbstractManagedChannelImplBuilder.build(AbstractManagedChannelImplBuilder.java:411)
	at org.apache.hadoop.hdds.scm.XceiverClientGrpc.connectToDatanode(XceiverClientGrpc.java:163)
	at org.apache.hadoop.hdds.scm.XceiverClientGrpc.reconnect(XceiverClientGrpc.java:398)
	at org.apache.hadoop.hdds.scm.XceiverClientGrpc.sendCommandAsync(XceiverClientGrpc.java:349)
	at org.apache.hadoop.hdds.scm.XceiverClientGrpc.sendCommandWithRetry(XceiverClientGrpc.java:262)
	at org.apache.hadoop.hdds.scm.XceiverClientGrpc.sendCommandWithTraceIDAndRetry(XceiverClientGrpc.java:239)
	at org.apache.hadoop.hdds.scm.XceiverClientGrpc.sendCommand(XceiverClientGrpc.java:222)
	at org.apache.hadoop.hdds.scm.storage.ContainerProtocolCalls.getBlock(ContainerProtocolCalls.java:118)
	at org.apache.hadoop.hdds.scm.storage.BlockInputStream.getChunkInfos(BlockInputStream.java:167)
	at org.apache.hadoop.hdds.scm.storage.BlockInputStream.initialize(BlockInputStream.java:118)
	at org.apache.hadoop.hdds.scm.storage.BlockInputStream.read(BlockInputStream.java:222)
	at org.apache.hadoop.ozone.client.io.KeyInputStream.read(KeyInputStream.java:171)
	at org.apache.hadoop.ozone.client.io.OzoneInputStream.read(OzoneInputStream.java:47)
	at java.io.InputStream.read(InputStream.java:101)
	at org.apache.hadoop.ozone.container.ContainerTestHelper.validateData(ContainerTestHelper.java:709)
	at org.apache.hadoop.ozone.client.rpc.TestFailureHandlingByClient.validateData(TestFailureHandlingByClient.java:497)
	at org.apache.hadoop.ozone.client.rpc.TestFailureHandlingByClient.testContainerExclusionWithClosedContainerException(TestFailureHandlingByClient.java:358)
	at sun.reflect.NativeMethodAccessorImpl.invoke0(Native Method)
	at sun.reflect.NativeMethodAccessorImpl.invoke(NativeMethodAccessorImpl.java:62)
	at sun.reflect.DelegatingMethodAccessorImpl.invoke(DelegatingMethodAccessorImpl.java:43)
	at java.lang.reflect.Method.invoke(Method.java:498)
	at org.junit.runners.model.FrameworkMethod$1.runReflectiveCall(FrameworkMethod.java:47)
	at org.junit.internal.runners.model.ReflectiveCallable.run(ReflectiveCallable.java:12)
	at org.junit.runners.model.FrameworkMethod.invokeExplosively(FrameworkMethod.java:44)
	at org.junit.internal.runners.statements.InvokeMethod.evaluate(InvokeMethod.java:17)
	at org.junit.runners.ParentRunner.runLeaf(ParentRunner.java:271)
	at org.junit.runners.BlockJUnit4ClassRunner.runChild(BlockJUnit4ClassRunner.java:70)
	at org.junit.runners.BlockJUnit4ClassRunner.runChild(BlockJUnit4ClassRunner.java:50)
	at org.junit.runners.ParentRunner$3.run(ParentRunner.java:238)
	at org.junit.runners.ParentRunner$1.schedule(ParentRunner.java:63)
	at org.junit.runners.ParentRunner.runChildren(ParentRunner.java:236)
	at org.junit.runners.ParentRunner.access$000(ParentRunner.java:53)
	at org.junit.runners.ParentRunner$2.evaluate(ParentRunner.java:229)
	at org.junit.runners.ParentRunner.run(ParentRunner.java:309)
	at org.apache.maven.surefire.junit4.JUnit4Provider.execute(JUnit4Provider.java:365)
	at org.apache.maven.surefire.junit4.JUnit4Provider.executeWithRerun(JUnit4Provider.java:273)
	at org.apache.maven.surefire.junit4.JUnit4Provider.executeTestSet(JUnit4Provider.java:238)
	at org.apache.maven.surefire.junit4.JUnit4Provider.invoke(JUnit4Provider.java:159)
	at org.apache.maven.surefire.booter.ForkedBooter.invokeProviderInSameClassLoader(ForkedBooter.java:384)
	at org.apache.maven.surefire.booter.ForkedBooter.runSuitesInProcess(ForkedBooter.java:345)
	at org.apache.maven.surefire.booter.ForkedBooter.execute(ForkedBooter.java:126)
	at org.apache.maven.surefire.booter.ForkedBooter.main(ForkedBooter.java:418)

Jun 14, 2019 2:55:21 AM org.apache.ratis.thirdparty.io.grpc.internal.ManagedChannelOrphanWrapper$ManagedChannelReference cleanQueue
SEVERE: *~*~*~ Channel ManagedChannelImpl{logId=192, target=192.168.105.164:44535} was not shutdown properly!!! ~*~*~*
    Make sure to call shutdown()/shutdownNow() and wait until awaitTermination() returns true.
java.lang.RuntimeException: ManagedChannel allocation site
	at org.apache.ratis.thirdparty.io.grpc.internal.ManagedChannelOrphanWrapper$ManagedChannelReference.<init>(ManagedChannelOrphanWrapper.java:103)
	at org.apache.ratis.thirdparty.io.grpc.internal.ManagedChannelOrphanWrapper.<init>(ManagedChannelOrphanWrapper.java:53)
	at org.apache.ratis.thirdparty.io.grpc.internal.ManagedChannelOrphanWrapper.<init>(ManagedChannelOrphanWrapper.java:44)
	at org.apache.ratis.thirdparty.io.grpc.internal.AbstractManagedChannelImplBuilder.build(AbstractManagedChannelImplBuilder.java:411)
	at org.apache.hadoop.hdds.scm.XceiverClientGrpc.connectToDatanode(XceiverClientGrpc.java:163)
	at org.apache.hadoop.hdds.scm.XceiverClientGrpc.reconnect(XceiverClientGrpc.java:398)
	at org.apache.hadoop.hdds.scm.XceiverClientGrpc.sendCommandAsync(XceiverClientGrpc.java:349)
	at org.apache.hadoop.hdds.scm.XceiverClientGrpc.sendCommandWithRetry(XceiverClientGrpc.java:262)
	at org.apache.hadoop.hdds.scm.XceiverClientGrpc.sendCommandWithTraceIDAndRetry(XceiverClientGrpc.java:239)
	at org.apache.hadoop.hdds.scm.XceiverClientGrpc.sendCommand(XceiverClientGrpc.java:222)
	at org.apache.hadoop.hdds.scm.storage.ContainerProtocolCalls.getBlock(ContainerProtocolCalls.java:118)
	at org.apache.hadoop.hdds.scm.storage.BlockInputStream.getChunkInfos(BlockInputStream.java:167)
	at org.apache.hadoop.hdds.scm.storage.BlockInputStream.initialize(BlockInputStream.java:118)
	at org.apache.hadoop.hdds.scm.storage.BlockInputStream.read(BlockInputStream.java:222)
	at org.apache.hadoop.ozone.client.io.KeyInputStream.read(KeyInputStream.java:171)
	at org.apache.hadoop.ozone.client.io.OzoneInputStream.read(OzoneInputStream.java:47)
	at java.io.InputStream.read(InputStream.java:101)
	at org.apache.hadoop.ozone.container.ContainerTestHelper.validateData(ContainerTestHelper.java:709)
	at org.apache.hadoop.ozone.client.rpc.TestFailureHandlingByClient.validateData(TestFailureHandlingByClient.java:497)
	at org.apache.hadoop.ozone.client.rpc.TestFailureHandlingByClient.testPipelineExclusionWithPipelineFailure(TestFailureHandlingByClient.java:485)
	at sun.reflect.NativeMethodAccessorImpl.invoke0(Native Method)
	at sun.reflect.NativeMethodAccessorImpl.invoke(NativeMethodAccessorImpl.java:62)
	at sun.reflect.DelegatingMethodAccessorImpl.invoke(DelegatingMethodAccessorImpl.java:43)
	at java.lang.reflect.Method.invoke(Method.java:498)
	at org.junit.runners.model.FrameworkMethod$1.runReflectiveCall(FrameworkMethod.java:47)
	at org.junit.internal.runners.model.ReflectiveCallable.run(ReflectiveCallable.java:12)
	at org.junit.runners.model.FrameworkMethod.invokeExplosively(FrameworkMethod.java:44)
	at org.junit.internal.runners.statements.InvokeMethod.evaluate(InvokeMethod.java:17)
	at org.junit.runners.ParentRunner.runLeaf(ParentRunner.java:271)
	at org.junit.runners.BlockJUnit4ClassRunner.runChild(BlockJUnit4ClassRunner.java:70)
	at org.junit.runners.BlockJUnit4ClassRunner.runChild(BlockJUnit4ClassRunner.java:50)
	at org.junit.runners.ParentRunner$3.run(ParentRunner.java:238)
	at org.junit.runners.ParentRunner$1.schedule(ParentRunner.java:63)
	at org.junit.runners.ParentRunner.runChildren(ParentRunner.java:236)
	at org.junit.runners.ParentRunner.access$000(ParentRunner.java:53)
	at org.junit.runners.ParentRunner$2.evaluate(ParentRunner.java:229)
	at org.junit.runners.ParentRunner.run(ParentRunner.java:309)
	at org.apache.maven.surefire.junit4.JUnit4Provider.execute(JUnit4Provider.java:365)
	at org.apache.maven.surefire.junit4.JUnit4Provider.executeWithRerun(JUnit4Provider.java:273)
	at org.apache.maven.surefire.junit4.JUnit4Provider.executeTestSet(JUnit4Provider.java:238)
	at org.apache.maven.surefire.junit4.JUnit4Provider.invoke(JUnit4Provider.java:159)
	at org.apache.maven.surefire.booter.ForkedBooter.invokeProviderInSameClassLoader(ForkedBooter.java:384)
	at org.apache.maven.surefire.booter.ForkedBooter.runSuitesInProcess(ForkedBooter.java:345)
	at org.apache.maven.surefire.booter.ForkedBooter.execute(ForkedBooter.java:126)
	at org.apache.maven.surefire.booter.ForkedBooter.main(ForkedBooter.java:418)

Jun 14, 2019 2:55:21 AM org.apache.ratis.thirdparty.io.grpc.internal.ManagedChannelOrphanWrapper$ManagedChannelReference cleanQueue
SEVERE: *~*~*~ Channel ManagedChannelImpl{logId=351, target=192.168.105.164:42199} was not shutdown properly!!! ~*~*~*
    Make sure to call shutdown()/shutdownNow() and wait until awaitTermination() returns true.
java.lang.RuntimeException: ManagedChannel allocation site
	at org.apache.ratis.thirdparty.io.grpc.internal.ManagedChannelOrphanWrapper$ManagedChannelReference.<init>(ManagedChannelOrphanWrapper.java:103)
	at org.apache.ratis.thirdparty.io.grpc.internal.ManagedChannelOrphanWrapper.<init>(ManagedChannelOrphanWrapper.java:53)
	at org.apache.ratis.thirdparty.io.grpc.internal.ManagedChannelOrphanWrapper.<init>(ManagedChannelOrphanWrapper.java:44)
	at org.apache.ratis.thirdparty.io.grpc.internal.AbstractManagedChannelImplBuilder.build(AbstractManagedChannelImplBuilder.java:411)
	at org.apache.ratis.grpc.client.GrpcClientProtocolClient.<init>(GrpcClientProtocolClient.java:118)
	at org.apache.ratis.grpc.client.GrpcClientRpc.lambda$new$0(GrpcClientRpc.java:55)
	at org.apache.ratis.util.PeerProxyMap$PeerAndProxy.lambda$getProxy$0(PeerProxyMap.java:61)
	at org.apache.ratis.util.LifeCycle.startAndTransition(LifeCycle.java:202)
	at org.apache.ratis.util.PeerProxyMap$PeerAndProxy.getProxy(PeerProxyMap.java:60)
	at org.apache.ratis.util.PeerProxyMap.getProxy(PeerProxyMap.java:107)
	at org.apache.ratis.grpc.client.GrpcClientRpc.sendRequestAsync(GrpcClientRpc.java:66)
	at org.apache.ratis.client.impl.RaftClientImpl.sendRequestAsync(RaftClientImpl.java:351)
	at org.apache.ratis.client.impl.RaftClientImpl.sendRequestWithRetryAsync(RaftClientImpl.java:313)
	at org.apache.ratis.util.SlidingWindow$Client.sendOrDelayRequest(SlidingWindow.java:251)
	at org.apache.ratis.util.SlidingWindow$Client.retry(SlidingWindow.java:267)
	at org.apache.ratis.client.impl.RaftClientImpl.lambda$null$10(RaftClientImpl.java:320)
	at org.apache.ratis.util.TimeoutScheduler.lambda$onTimeout$0(TimeoutScheduler.java:85)
	at org.apache.ratis.util.TimeoutScheduler.lambda$onTimeout$1(TimeoutScheduler.java:104)
	at org.apache.ratis.util.LogUtils.runAndLog(LogUtils.java:50)
	at org.apache.ratis.util.LogUtils$1.run(LogUtils.java:91)
	at java.util.concurrent.Executors$RunnableAdapter.call(Executors.java:511)
	at java.util.concurrent.FutureTask.run(FutureTask.java:266)
	at java.util.concurrent.ScheduledThreadPoolExecutor$ScheduledFutureTask.access$201(ScheduledThreadPoolExecutor.java:180)
	at java.util.concurrent.ScheduledThreadPoolExecutor$ScheduledFutureTask.run(ScheduledThreadPoolExecutor.java:293)
	at java.util.concurrent.ThreadPoolExecutor.runWorker(ThreadPoolExecutor.java:1149)
	at java.util.concurrent.ThreadPoolExecutor$Worker.run(ThreadPoolExecutor.java:624)
	at java.lang.Thread.run(Thread.java:748)

Jun 14, 2019 2:55:21 AM org.apache.ratis.thirdparty.io.grpc.internal.ManagedChannelOrphanWrapper$ManagedChannelReference cleanQueue
SEVERE: *~*~*~ Channel ManagedChannelImpl{logId=518, target=192.168.105.164:36333} was not shutdown properly!!! ~*~*~*
    Make sure to call shutdown()/shutdownNow() and wait until awaitTermination() returns true.
java.lang.RuntimeException: ManagedChannel allocation site
	at org.apache.ratis.thirdparty.io.grpc.internal.ManagedChannelOrphanWrapper$ManagedChannelReference.<init>(ManagedChannelOrphanWrapper.java:103)
	at org.apache.ratis.thirdparty.io.grpc.internal.ManagedChannelOrphanWrapper.<init>(ManagedChannelOrphanWrapper.java:53)
	at org.apache.ratis.thirdparty.io.grpc.internal.ManagedChannelOrphanWrapper.<init>(ManagedChannelOrphanWrapper.java:44)
	at org.apache.ratis.thirdparty.io.grpc.internal.AbstractManagedChannelImplBuilder.build(AbstractManagedChannelImplBuilder.java:411)
	at org.apache.ratis.grpc.client.GrpcClientProtocolClient.<init>(GrpcClientProtocolClient.java:118)
	at org.apache.ratis.grpc.client.GrpcClientRpc.lambda$new$0(GrpcClientRpc.java:55)
	at org.apache.ratis.util.PeerProxyMap$PeerAndProxy.lambda$getProxy$0(PeerProxyMap.java:61)
	at org.apache.ratis.util.LifeCycle.startAndTransition(LifeCycle.java:202)
	at org.apache.ratis.util.PeerProxyMap$PeerAndProxy.getProxy(PeerProxyMap.java:60)
	at org.apache.ratis.util.PeerProxyMap.getProxy(PeerProxyMap.java:107)
	at org.apache.ratis.grpc.client.GrpcClientRpc.sendRequestAsync(GrpcClientRpc.java:66)
	at org.apache.ratis.client.impl.RaftClientImpl.sendRequestAsync(RaftClientImpl.java:351)
	at org.apache.ratis.client.impl.RaftClientImpl.sendRequestWithRetryAsync(RaftClientImpl.java:313)
	at org.apache.ratis.util.SlidingWindow$Client.sendOrDelayRequest(SlidingWindow.java:251)
	at org.apache.ratis.util.SlidingWindow$Client.retry(SlidingWindow.java:267)
	at org.apache.ratis.client.impl.RaftClientImpl.lambda$null$10(RaftClientImpl.java:320)
	at org.apache.ratis.util.TimeoutScheduler.lambda$onTimeout$0(TimeoutScheduler.java:85)
	at org.apache.ratis.util.TimeoutScheduler.lambda$onTimeout$1(TimeoutScheduler.java:104)
	at org.apache.ratis.util.LogUtils.runAndLog(LogUtils.java:50)
	at org.apache.ratis.util.LogUtils$1.run(LogUtils.java:91)
	at java.util.concurrent.Executors$RunnableAdapter.call(Executors.java:511)
	at java.util.concurrent.FutureTask.run(FutureTask.java:266)
	at java.util.concurrent.ScheduledThreadPoolExecutor$ScheduledFutureTask.access$201(ScheduledThreadPoolExecutor.java:180)
	at java.util.concurrent.ScheduledThreadPoolExecutor$ScheduledFutureTask.run(ScheduledThreadPoolExecutor.java:293)
	at java.util.concurrent.ThreadPoolExecutor.runWorker(ThreadPoolExecutor.java:1149)
	at java.util.concurrent.ThreadPoolExecutor$Worker.run(ThreadPoolExecutor.java:624)
	at java.lang.Thread.run(Thread.java:748)

Jun 14, 2019 2:55:21 AM org.apache.ratis.thirdparty.io.grpc.internal.ManagedChannelOrphanWrapper$ManagedChannelReference cleanQueue
SEVERE: *~*~*~ Channel ManagedChannelImpl{logId=179, target=192.168.105.164:40809} was not shutdown properly!!! ~*~*~*
    Make sure to call shutdown()/shutdownNow() and wait until awaitTermination() returns true.
java.lang.RuntimeException: ManagedChannel allocation site
	at org.apache.ratis.thirdparty.io.grpc.internal.ManagedChannelOrphanWrapper$ManagedChannelReference.<init>(ManagedChannelOrphanWrapper.java:103)
	at org.apache.ratis.thirdparty.io.grpc.internal.ManagedChannelOrphanWrapper.<init>(ManagedChannelOrphanWrapper.java:53)
	at org.apache.ratis.thirdparty.io.grpc.internal.ManagedChannelOrphanWrapper.<init>(ManagedChannelOrphanWrapper.java:44)
	at org.apache.ratis.thirdparty.io.grpc.internal.AbstractManagedChannelImplBuilder.build(AbstractManagedChannelImplBuilder.java:411)
	at org.apache.ratis.grpc.client.GrpcClientProtocolClient.<init>(GrpcClientProtocolClient.java:118)
	at org.apache.ratis.grpc.client.GrpcClientRpc.lambda$new$0(GrpcClientRpc.java:55)
	at org.apache.ratis.util.PeerProxyMap$PeerAndProxy.lambda$getProxy$0(PeerProxyMap.java:61)
	at org.apache.ratis.util.LifeCycle.startAndTransition(LifeCycle.java:202)
	at org.apache.ratis.util.PeerProxyMap$PeerAndProxy.getProxy(PeerProxyMap.java:60)
	at org.apache.ratis.util.PeerProxyMap.getProxy(PeerProxyMap.java:107)
	at org.apache.ratis.grpc.client.GrpcClientRpc.sendRequestAsync(GrpcClientRpc.java:66)
	at org.apache.ratis.client.impl.RaftClientImpl.sendRequestAsync(RaftClientImpl.java:351)
	at org.apache.ratis.client.impl.RaftClientImpl.sendRequestWithRetryAsync(RaftClientImpl.java:313)
	at org.apache.ratis.util.SlidingWindow$Client.sendOrDelayRequest(SlidingWindow.java:251)
	at org.apache.ratis.util.SlidingWindow$Client.retry(SlidingWindow.java:267)
	at org.apache.ratis.client.impl.RaftClientImpl.lambda$null$10(RaftClientImpl.java:320)
	at org.apache.ratis.util.TimeoutScheduler.lambda$onTimeout$0(TimeoutScheduler.java:85)
	at org.apache.ratis.util.TimeoutScheduler.lambda$onTimeout$1(TimeoutScheduler.java:104)
	at org.apache.ratis.util.LogUtils.runAndLog(LogUtils.java:50)
	at org.apache.ratis.util.LogUtils$1.run(LogUtils.java:91)
	at java.util.concurrent.Executors$RunnableAdapter.call(Executors.java:511)
	at java.util.concurrent.FutureTask.run(FutureTask.java:266)
	at java.util.concurrent.ScheduledThreadPoolExecutor$ScheduledFutureTask.access$201(ScheduledThreadPoolExecutor.java:180)
	at java.util.concurrent.ScheduledThreadPoolExecutor$ScheduledFutureTask.run(ScheduledThreadPoolExecutor.java:293)
	at java.util.concurrent.ThreadPoolExecutor.runWorker(ThreadPoolExecutor.java:1149)
	at java.util.concurrent.ThreadPoolExecutor$Worker.run(ThreadPoolExecutor.java:624)
	at java.lang.Thread.run(Thread.java:748)

Jun 14, 2019 2:55:21 AM org.apache.ratis.thirdparty.io.grpc.internal.ManagedChannelOrphanWrapper$ManagedChannelReference cleanQueue
SEVERE: *~*~*~ Channel ManagedChannelImpl{logId=188, target=192.168.105.164:41661} was not shutdown properly!!! ~*~*~*
    Make sure to call shutdown()/shutdownNow() and wait until awaitTermination() returns true.
java.lang.RuntimeException: ManagedChannel allocation site
	at org.apache.ratis.thirdparty.io.grpc.internal.ManagedChannelOrphanWrapper$ManagedChannelReference.<init>(ManagedChannelOrphanWrapper.java:103)
	at org.apache.ratis.thirdparty.io.grpc.internal.ManagedChannelOrphanWrapper.<init>(ManagedChannelOrphanWrapper.java:53)
	at org.apache.ratis.thirdparty.io.grpc.internal.ManagedChannelOrphanWrapper.<init>(ManagedChannelOrphanWrapper.java:44)
	at org.apache.ratis.thirdparty.io.grpc.internal.AbstractManagedChannelImplBuilder.build(AbstractManagedChannelImplBuilder.java:411)
	at org.apache.hadoop.hdds.scm.XceiverClientGrpc.connectToDatanode(XceiverClientGrpc.java:163)
	at org.apache.hadoop.hdds.scm.XceiverClientGrpc.reconnect(XceiverClientGrpc.java:398)
	at org.apache.hadoop.hdds.scm.XceiverClientGrpc.sendCommandAsync(XceiverClientGrpc.java:349)
	at org.apache.hadoop.hdds.scm.XceiverClientGrpc.sendCommandWithRetry(XceiverClientGrpc.java:262)
	at org.apache.hadoop.hdds.scm.XceiverClientGrpc.sendCommandWithTraceIDAndRetry(XceiverClientGrpc.java:239)
	at org.apache.hadoop.hdds.scm.XceiverClientGrpc.sendCommand(XceiverClientGrpc.java:222)
	at org.apache.hadoop.hdds.scm.storage.ContainerProtocolCalls.getBlock(ContainerProtocolCalls.java:118)
	at org.apache.hadoop.hdds.scm.storage.BlockInputStream.getChunkInfos(BlockInputStream.java:167)
	at org.apache.hadoop.hdds.scm.storage.BlockInputStream.initialize(BlockInputStream.java:118)
	at org.apache.hadoop.hdds.scm.storage.BlockInputStream.read(BlockInputStream.java:222)
	at org.apache.hadoop.ozone.client.io.KeyInputStream.read(KeyInputStream.java:171)
	at org.apache.hadoop.ozone.client.io.OzoneInputStream.read(OzoneInputStream.java:47)
	at java.io.InputStream.read(InputStream.java:101)
	at org.apache.hadoop.ozone.container.ContainerTestHelper.validateData(ContainerTestHelper.java:709)
	at org.apache.hadoop.ozone.client.rpc.TestFailureHandlingByClient.validateData(TestFailureHandlingByClient.java:497)
	at org.apache.hadoop.ozone.client.rpc.TestFailureHandlingByClient.testPipelineExclusionWithPipelineFailure(TestFailureHandlingByClient.java:485)
	at sun.reflect.NativeMethodAccessorImpl.invoke0(Native Method)
	at sun.reflect.NativeMethodAccessorImpl.invoke(NativeMethodAccessorImpl.java:62)
	at sun.reflect.DelegatingMethodAccessorImpl.invoke(DelegatingMethodAccessorImpl.java:43)
	at java.lang.reflect.Method.invoke(Method.java:498)
	at org.junit.runners.model.FrameworkMethod$1.runReflectiveCall(FrameworkMethod.java:47)
	at org.junit.internal.runners.model.ReflectiveCallable.run(ReflectiveCallable.java:12)
	at org.junit.runners.model.FrameworkMethod.invokeExplosively(FrameworkMethod.java:44)
	at org.junit.internal.runners.statements.InvokeMethod.evaluate(InvokeMethod.java:17)
	at org.junit.runners.ParentRunner.runLeaf(ParentRunner.java:271)
	at org.junit.runners.BlockJUnit4ClassRunner.runChild(BlockJUnit4ClassRunner.java:70)
	at org.junit.runners.BlockJUnit4ClassRunner.runChild(BlockJUnit4ClassRunner.java:50)
	at org.junit.runners.ParentRunner$3.run(ParentRunner.java:238)
	at org.junit.runners.ParentRunner$1.schedule(ParentRunner.java:63)
	at org.junit.runners.ParentRunner.runChildren(ParentRunner.java:236)
	at org.junit.runners.ParentRunner.access$000(ParentRunner.java:53)
	at org.junit.runners.ParentRunner$2.evaluate(ParentRunner.java:229)
	at org.junit.runners.ParentRunner.run(ParentRunner.java:309)
	at org.apache.maven.surefire.junit4.JUnit4Provider.execute(JUnit4Provider.java:365)
	at org.apache.maven.surefire.junit4.JUnit4Provider.executeWithRerun(JUnit4Provider.java:273)
	at org.apache.maven.surefire.junit4.JUnit4Provider.executeTestSet(JUnit4Provider.java:238)
	at org.apache.maven.surefire.junit4.JUnit4Provider.invoke(JUnit4Provider.java:159)
	at org.apache.maven.surefire.booter.ForkedBooter.invokeProviderInSameClassLoader(ForkedBooter.java:384)
	at org.apache.maven.surefire.booter.ForkedBooter.runSuitesInProcess(ForkedBooter.java:345)
	at org.apache.maven.surefire.booter.ForkedBooter.execute(ForkedBooter.java:126)
	at org.apache.maven.surefire.booter.ForkedBooter.main(ForkedBooter.java:418)

Jun 14, 2019 2:55:21 AM org.apache.ratis.thirdparty.io.grpc.internal.ManagedChannelOrphanWrapper$ManagedChannelReference cleanQueue
SEVERE: *~*~*~ Channel ManagedChannelImpl{logId=541, target=192.168.105.164:46785} was not shutdown properly!!! ~*~*~*
    Make sure to call shutdown()/shutdownNow() and wait until awaitTermination() returns true.
java.lang.RuntimeException: ManagedChannel allocation site
	at org.apache.ratis.thirdparty.io.grpc.internal.ManagedChannelOrphanWrapper$ManagedChannelReference.<init>(ManagedChannelOrphanWrapper.java:103)
	at org.apache.ratis.thirdparty.io.grpc.internal.ManagedChannelOrphanWrapper.<init>(ManagedChannelOrphanWrapper.java:53)
	at org.apache.ratis.thirdparty.io.grpc.internal.ManagedChannelOrphanWrapper.<init>(ManagedChannelOrphanWrapper.java:44)
	at org.apache.ratis.thirdparty.io.grpc.internal.AbstractManagedChannelImplBuilder.build(AbstractManagedChannelImplBuilder.java:411)
	at org.apache.hadoop.hdds.scm.XceiverClientGrpc.connectToDatanode(XceiverClientGrpc.java:163)
	at org.apache.hadoop.hdds.scm.XceiverClientGrpc.reconnect(XceiverClientGrpc.java:398)
	at org.apache.hadoop.hdds.scm.XceiverClientGrpc.sendCommandAsync(XceiverClientGrpc.java:349)
	at org.apache.hadoop.hdds.scm.XceiverClientGrpc.sendCommandWithRetry(XceiverClientGrpc.java:262)
	at org.apache.hadoop.hdds.scm.XceiverClientGrpc.sendCommandWithTraceIDAndRetry(XceiverClientGrpc.java:239)
	at org.apache.hadoop.hdds.scm.XceiverClientGrpc.sendCommand(XceiverClientGrpc.java:222)
	at org.apache.hadoop.hdds.scm.storage.ContainerProtocolCalls.getBlock(ContainerProtocolCalls.java:118)
	at org.apache.hadoop.hdds.scm.storage.BlockInputStream.getChunkInfos(BlockInputStream.java:167)
	at org.apache.hadoop.hdds.scm.storage.BlockInputStream.initialize(BlockInputStream.java:118)
	at org.apache.hadoop.hdds.scm.storage.BlockInputStream.read(BlockInputStream.java:222)
	at org.apache.hadoop.ozone.client.io.KeyInputStream.read(KeyInputStream.java:171)
	at org.apache.hadoop.ozone.client.io.OzoneInputStream.read(OzoneInputStream.java:47)
	at java.io.InputStream.read(InputStream.java:101)
	at org.apache.hadoop.ozone.container.ContainerTestHelper.validateData(ContainerTestHelper.java:709)
	at org.apache.hadoop.ozone.client.rpc.TestFailureHandlingByClient.validateData(TestFailureHandlingByClient.java:497)
	at org.apache.hadoop.ozone.client.rpc.TestFailureHandlingByClient.testWriteSmallFile(TestFailureHandlingByClient.java:297)
	at sun.reflect.NativeMethodAccessorImpl.invoke0(Native Method)
	at sun.reflect.NativeMethodAccessorImpl.invoke(NativeMethodAccessorImpl.java:62)
	at sun.reflect.DelegatingMethodAccessorImpl.invoke(DelegatingMethodAccessorImpl.java:43)
	at java.lang.reflect.Method.invoke(Method.java:498)
	at org.junit.runners.model.FrameworkMethod$1.runReflectiveCall(FrameworkMethod.java:47)
	at org.junit.internal.runners.model.ReflectiveCallable.run(ReflectiveCallable.java:12)
	at org.junit.runners.model.FrameworkMethod.invokeExplosively(FrameworkMethod.java:44)
	at org.junit.internal.runners.statements.InvokeMethod.evaluate(InvokeMethod.java:17)
	at org.junit.runners.ParentRunner.runLeaf(ParentRunner.java:271)
	at org.junit.runners.BlockJUnit4ClassRunner.runChild(BlockJUnit4ClassRunner.java:70)
	at org.junit.runners.BlockJUnit4ClassRunner.runChild(BlockJUnit4ClassRunner.java:50)
	at org.junit.runners.ParentRunner$3.run(ParentRunner.java:238)
	at org.junit.runners.ParentRunner$1.schedule(ParentRunner.java:63)
	at org.junit.runners.ParentRunner.runChildren(ParentRunner.java:236)
	at org.junit.runners.ParentRunner.access$000(ParentRunner.java:53)
	at org.junit.runners.ParentRunner$2.evaluate(ParentRunner.java:229)
	at org.junit.runners.ParentRunner.run(ParentRunner.java:309)
	at org.apache.maven.surefire.junit4.JUnit4Provider.execute(JUnit4Provider.java:365)
	at org.apache.maven.surefire.junit4.JUnit4Provider.executeWithRerun(JUnit4Provider.java:273)
	at org.apache.maven.surefire.junit4.JUnit4Provider.executeTestSet(JUnit4Provider.java:238)
	at org.apache.maven.surefire.junit4.JUnit4Provider.invoke(JUnit4Provider.java:159)
	at org.apache.maven.surefire.booter.ForkedBooter.invokeProviderInSameClassLoader(ForkedBooter.java:384)
	at org.apache.maven.surefire.booter.ForkedBooter.runSuitesInProcess(ForkedBooter.java:345)
	at org.apache.maven.surefire.booter.ForkedBooter.execute(ForkedBooter.java:126)
	at org.apache.maven.surefire.booter.ForkedBooter.main(ForkedBooter.java:418)

Jun 14, 2019 2:55:21 AM org.apache.ratis.thirdparty.io.grpc.internal.ManagedChannelOrphanWrapper$ManagedChannelReference cleanQueue
SEVERE: *~*~*~ Channel ManagedChannelImpl{logId=536, target=192.168.105.164:43171} was not shutdown properly!!! ~*~*~*
    Make sure to call shutdown()/shutdownNow() and wait until awaitTermination() returns true.
java.lang.RuntimeException: ManagedChannel allocation site
	at org.apache.ratis.thirdparty.io.grpc.internal.ManagedChannelOrphanWrapper$ManagedChannelReference.<init>(ManagedChannelOrphanWrapper.java:103)
	at org.apache.ratis.thirdparty.io.grpc.internal.ManagedChannelOrphanWrapper.<init>(ManagedChannelOrphanWrapper.java:53)
	at org.apache.ratis.thirdparty.io.grpc.internal.ManagedChannelOrphanWrapper.<init>(ManagedChannelOrphanWrapper.java:44)
	at org.apache.ratis.thirdparty.io.grpc.internal.AbstractManagedChannelImplBuilder.build(AbstractManagedChannelImplBuilder.java:411)
	at org.apache.ratis.grpc.client.GrpcClientProtocolClient.<init>(GrpcClientProtocolClient.java:118)
	at org.apache.ratis.grpc.client.GrpcClientRpc.lambda$new$0(GrpcClientRpc.java:55)
	at org.apache.ratis.util.PeerProxyMap$PeerAndProxy.lambda$getProxy$0(PeerProxyMap.java:61)
	at org.apache.ratis.util.LifeCycle.startAndTransition(LifeCycle.java:202)
	at org.apache.ratis.util.PeerProxyMap$PeerAndProxy.getProxy(PeerProxyMap.java:60)
	at org.apache.ratis.util.PeerProxyMap.getProxy(PeerProxyMap.java:107)
	at org.apache.ratis.grpc.client.GrpcClientRpc.sendRequestAsync(GrpcClientRpc.java:66)
	at org.apache.ratis.client.impl.RaftClientImpl.sendRequestAsync(RaftClientImpl.java:351)
	at org.apache.ratis.client.impl.RaftClientImpl.sendRequestWithRetryAsync(RaftClientImpl.java:313)
	at org.apache.ratis.util.SlidingWindow$Client.sendOrDelayRequest(SlidingWindow.java:251)
	at org.apache.ratis.util.SlidingWindow$Client.retry(SlidingWindow.java:267)
	at org.apache.ratis.client.impl.RaftClientImpl.lambda$null$10(RaftClientImpl.java:320)
	at org.apache.ratis.util.TimeoutScheduler.lambda$onTimeout$0(TimeoutScheduler.java:85)
	at org.apache.ratis.util.TimeoutScheduler.lambda$onTimeout$1(TimeoutScheduler.java:104)
	at org.apache.ratis.util.LogUtils.runAndLog(LogUtils.java:50)
	at org.apache.ratis.util.LogUtils$1.run(LogUtils.java:91)
	at java.util.concurrent.Executors$RunnableAdapter.call(Executors.java:511)
	at java.util.concurrent.FutureTask.run(FutureTask.java:266)
	at java.util.concurrent.ScheduledThreadPoolExecutor$ScheduledFutureTask.access$201(ScheduledThreadPoolExecutor.java:180)
	at java.util.concurrent.ScheduledThreadPoolExecutor$ScheduledFutureTask.run(ScheduledThreadPoolExecutor.java:293)
	at java.util.concurrent.ThreadPoolExecutor.runWorker(ThreadPoolExecutor.java:1149)
	at java.util.concurrent.ThreadPoolExecutor$Worker.run(ThreadPoolExecutor.java:624)
	at java.lang.Thread.run(Thread.java:748)

Jun 14, 2019 2:55:21 AM org.apache.ratis.thirdparty.io.grpc.internal.ManagedChannelOrphanWrapper$ManagedChannelReference cleanQueue
SEVERE: *~*~*~ Channel ManagedChannelImpl{logId=966, target=192.168.105.164:33657} was not shutdown properly!!! ~*~*~*
    Make sure to call shutdown()/shutdownNow() and wait until awaitTermination() returns true.
java.lang.RuntimeException: ManagedChannel allocation site
	at org.apache.ratis.thirdparty.io.grpc.internal.ManagedChannelOrphanWrapper$ManagedChannelReference.<init>(ManagedChannelOrphanWrapper.java:103)
	at org.apache.ratis.thirdparty.io.grpc.internal.ManagedChannelOrphanWrapper.<init>(ManagedChannelOrphanWrapper.java:53)
	at org.apache.ratis.thirdparty.io.grpc.internal.ManagedChannelOrphanWrapper.<init>(ManagedChannelOrphanWrapper.java:44)
	at org.apache.ratis.thirdparty.io.grpc.internal.AbstractManagedChannelImplBuilder.build(AbstractManagedChannelImplBuilder.java:411)
	at org.apache.hadoop.hdds.scm.XceiverClientGrpc.connectToDatanode(XceiverClientGrpc.java:163)
	at org.apache.hadoop.hdds.scm.XceiverClientGrpc.reconnect(XceiverClientGrpc.java:398)
	at org.apache.hadoop.hdds.scm.XceiverClientGrpc.sendCommandAsync(XceiverClientGrpc.java:349)
	at org.apache.hadoop.hdds.scm.XceiverClientGrpc.sendCommandWithRetry(XceiverClientGrpc.java:262)
	at org.apache.hadoop.hdds.scm.XceiverClientGrpc.sendCommandWithTraceIDAndRetry(XceiverClientGrpc.java:239)
	at org.apache.hadoop.hdds.scm.XceiverClientGrpc.sendCommand(XceiverClientGrpc.java:222)
	at org.apache.hadoop.hdds.scm.storage.ContainerProtocolCalls.getBlock(ContainerProtocolCalls.java:118)
	at org.apache.hadoop.hdds.scm.storage.BlockInputStream.getChunkInfos(BlockInputStream.java:167)
	at org.apache.hadoop.hdds.scm.storage.BlockInputStream.initialize(BlockInputStream.java:118)
	at org.apache.hadoop.hdds.scm.storage.BlockInputStream.read(BlockInputStream.java:222)
	at org.apache.hadoop.ozone.client.io.KeyInputStream.read(KeyInputStream.java:171)
	at org.apache.hadoop.ozone.client.io.OzoneInputStream.read(OzoneInputStream.java:47)
	at java.io.InputStream.read(InputStream.java:101)
	at org.apache.hadoop.ozone.container.ContainerTestHelper.validateData(ContainerTestHelper.java:709)
	at org.apache.hadoop.ozone.client.rpc.TestFailureHandlingByClient.validateData(TestFailureHandlingByClient.java:497)
	at org.apache.hadoop.ozone.client.rpc.TestFailureHandlingByClient.testMultiBlockWritesWithIntermittentDnFailures(TestFailureHandlingByClient.java:250)
	at sun.reflect.NativeMethodAccessorImpl.invoke0(Native Method)
	at sun.reflect.NativeMethodAccessorImpl.invoke(NativeMethodAccessorImpl.java:62)
	at sun.reflect.DelegatingMethodAccessorImpl.invoke(DelegatingMethodAccessorImpl.java:43)
	at java.lang.reflect.Method.invoke(Method.java:498)
	at org.junit.runners.model.FrameworkMethod$1.runReflectiveCall(FrameworkMethod.java:47)
	at org.junit.internal.runners.model.ReflectiveCallable.run(ReflectiveCallable.java:12)
	at org.junit.runners.model.FrameworkMethod.invokeExplosively(FrameworkMethod.java:44)
	at org.junit.internal.runners.statements.InvokeMethod.evaluate(InvokeMethod.java:17)
	at org.junit.runners.ParentRunner.runLeaf(ParentRunner.java:271)
	at org.junit.runners.BlockJUnit4ClassRunner.runChild(BlockJUnit4ClassRunner.java:70)
	at org.junit.runners.BlockJUnit4ClassRunner.runChild(BlockJUnit4ClassRunner.java:50)
	at org.junit.runners.ParentRunner$3.run(ParentRunner.java:238)
	at org.junit.runners.ParentRunner$1.schedule(ParentRunner.java:63)
	at org.junit.runners.ParentRunner.runChildren(ParentRunner.java:236)
	at org.junit.runners.ParentRunner.access$000(ParentRunner.java:53)
	at org.junit.runners.ParentRunner$2.evaluate(ParentRunner.java:229)
	at org.junit.runners.ParentRunner.run(ParentRunner.java:309)
	at org.apache.maven.surefire.junit4.JUnit4Provider.execute(JUnit4Provider.java:365)
	at org.apache.maven.surefire.junit4.JUnit4Provider.executeWithRerun(JUnit4Provider.java:273)
	at org.apache.maven.surefire.junit4.JUnit4Provider.executeTestSet(JUnit4Provider.java:238)
	at org.apache.maven.surefire.junit4.JUnit4Provider.invoke(JUnit4Provider.java:159)
	at org.apache.maven.surefire.booter.ForkedBooter.invokeProviderInSameClassLoader(ForkedBooter.java:384)
	at org.apache.maven.surefire.booter.ForkedBooter.runSuitesInProcess(ForkedBooter.java:345)
	at org.apache.maven.surefire.booter.ForkedBooter.execute(ForkedBooter.java:126)
	at org.apache.maven.surefire.booter.ForkedBooter.main(ForkedBooter.java:418)

Jun 14, 2019 2:55:21 AM org.apache.ratis.thirdparty.io.grpc.internal.ManagedChannelOrphanWrapper$ManagedChannelReference cleanQueue
SEVERE: *~*~*~ Channel ManagedChannelImpl{logId=970, target=192.168.105.164:36765} was not shutdown properly!!! ~*~*~*
    Make sure to call shutdown()/shutdownNow() and wait until awaitTermination() returns true.
java.lang.RuntimeException: ManagedChannel allocation site
	at org.apache.ratis.thirdparty.io.grpc.internal.ManagedChannelOrphanWrapper$ManagedChannelReference.<init>(ManagedChannelOrphanWrapper.java:103)
	at org.apache.ratis.thirdparty.io.grpc.internal.ManagedChannelOrphanWrapper.<init>(ManagedChannelOrphanWrapper.java:53)
	at org.apache.ratis.thirdparty.io.grpc.internal.ManagedChannelOrphanWrapper.<init>(ManagedChannelOrphanWrapper.java:44)
	at org.apache.ratis.thirdparty.io.grpc.internal.AbstractManagedChannelImplBuilder.build(AbstractManagedChannelImplBuilder.java:411)
	at org.apache.hadoop.hdds.scm.XceiverClientGrpc.connectToDatanode(XceiverClientGrpc.java:163)
	at org.apache.hadoop.hdds.scm.XceiverClientGrpc.reconnect(XceiverClientGrpc.java:398)
	at org.apache.hadoop.hdds.scm.XceiverClientGrpc.sendCommandAsync(XceiverClientGrpc.java:349)
	at org.apache.hadoop.hdds.scm.XceiverClientGrpc.sendCommandWithRetry(XceiverClientGrpc.java:262)
	at org.apache.hadoop.hdds.scm.XceiverClientGrpc.sendCommandWithTraceIDAndRetry(XceiverClientGrpc.java:239)
	at org.apache.hadoop.hdds.scm.XceiverClientGrpc.sendCommand(XceiverClientGrpc.java:222)
	at org.apache.hadoop.hdds.scm.storage.ContainerProtocolCalls.getBlock(ContainerProtocolCalls.java:118)
	at org.apache.hadoop.hdds.scm.storage.BlockInputStream.getChunkInfos(BlockInputStream.java:167)
	at org.apache.hadoop.hdds.scm.storage.BlockInputStream.initialize(BlockInputStream.java:118)
	at org.apache.hadoop.hdds.scm.storage.BlockInputStream.read(BlockInputStream.java:222)
	at org.apache.hadoop.ozone.client.io.KeyInputStream.read(KeyInputStream.java:171)
	at org.apache.hadoop.ozone.client.io.OzoneInputStream.read(OzoneInputStream.java:47)
	at java.io.InputStream.read(InputStream.java:101)
	at org.apache.hadoop.ozone.container.ContainerTestHelper.validateData(ContainerTestHelper.java:709)
	at org.apache.hadoop.ozone.client.rpc.TestFailureHandlingByClient.validateData(TestFailureHandlingByClient.java:497)
	at org.apache.hadoop.ozone.client.rpc.TestFailureHandlingByClient.testMultiBlockWritesWithIntermittentDnFailures(TestFailureHandlingByClient.java:250)
	at sun.reflect.NativeMethodAccessorImpl.invoke0(Native Method)
	at sun.reflect.NativeMethodAccessorImpl.invoke(NativeMethodAccessorImpl.java:62)
	at sun.reflect.DelegatingMethodAccessorImpl.invoke(DelegatingMethodAccessorImpl.java:43)
	at java.lang.reflect.Method.invoke(Method.java:498)
	at org.junit.runners.model.FrameworkMethod$1.runReflectiveCall(FrameworkMethod.java:47)
	at org.junit.internal.runners.model.ReflectiveCallable.run(ReflectiveCallable.java:12)
	at org.junit.runners.model.FrameworkMethod.invokeExplosively(FrameworkMethod.java:44)
	at org.junit.internal.runners.statements.InvokeMethod.evaluate(InvokeMethod.java:17)
	at org.junit.runners.ParentRunner.runLeaf(ParentRunner.java:271)
	at org.junit.runners.BlockJUnit4ClassRunner.runChild(BlockJUnit4ClassRunner.java:70)
	at org.junit.runners.BlockJUnit4ClassRunner.runChild(BlockJUnit4ClassRunner.java:50)
	at org.junit.runners.ParentRunner$3.run(ParentRunner.java:238)
	at org.junit.runners.ParentRunner$1.schedule(ParentRunner.java:63)
	at org.junit.runners.ParentRunner.runChildren(ParentRunner.java:236)
	at org.junit.runners.ParentRunner.access$000(ParentRunner.java:53)
	at org.junit.runners.ParentRunner$2.evaluate(ParentRunner.java:229)
	at org.junit.runners.ParentRunner.run(ParentRunner.java:309)
	at org.apache.maven.surefire.junit4.JUnit4Provider.execute(JUnit4Provider.java:365)
	at org.apache.maven.surefire.junit4.JUnit4Provider.executeWithRerun(JUnit4Provider.java:273)
	at org.apache.maven.surefire.junit4.JUnit4Provider.executeTestSet(JUnit4Provider.java:238)
	at org.apache.maven.surefire.junit4.JUnit4Provider.invoke(JUnit4Provider.java:159)
	at org.apache.maven.surefire.booter.ForkedBooter.invokeProviderInSameClassLoader(ForkedBooter.java:384)
	at org.apache.maven.surefire.booter.ForkedBooter.runSuitesInProcess(ForkedBooter.java:345)
	at org.apache.maven.surefire.booter.ForkedBooter.execute(ForkedBooter.java:126)
	at org.apache.maven.surefire.booter.ForkedBooter.main(ForkedBooter.java:418)

Jun 14, 2019 2:55:21 AM org.apache.ratis.thirdparty.io.grpc.internal.ManagedChannelOrphanWrapper$ManagedChannelReference cleanQueue
SEVERE: *~*~*~ Channel ManagedChannelImpl{logId=197, target=192.168.105.164:44163} was not shutdown properly!!! ~*~*~*
    Make sure to call shutdown()/shutdownNow() and wait until awaitTermination() returns true.
java.lang.RuntimeException: ManagedChannel allocation site
	at org.apache.ratis.thirdparty.io.grpc.internal.ManagedChannelOrphanWrapper$ManagedChannelReference.<init>(ManagedChannelOrphanWrapper.java:103)
	at org.apache.ratis.thirdparty.io.grpc.internal.ManagedChannelOrphanWrapper.<init>(ManagedChannelOrphanWrapper.java:53)
	at org.apache.ratis.thirdparty.io.grpc.internal.ManagedChannelOrphanWrapper.<init>(ManagedChannelOrphanWrapper.java:44)
	at org.apache.ratis.thirdparty.io.grpc.internal.AbstractManagedChannelImplBuilder.build(AbstractManagedChannelImplBuilder.java:411)
	at org.apache.hadoop.hdds.scm.XceiverClientGrpc.connectToDatanode(XceiverClientGrpc.java:163)
	at org.apache.hadoop.hdds.scm.XceiverClientGrpc.reconnect(XceiverClientGrpc.java:398)
	at org.apache.hadoop.hdds.scm.XceiverClientGrpc.sendCommandAsync(XceiverClientGrpc.java:349)
	at org.apache.hadoop.hdds.scm.XceiverClientGrpc.sendCommandWithRetry(XceiverClientGrpc.java:262)
	at org.apache.hadoop.hdds.scm.XceiverClientGrpc.sendCommandWithTraceIDAndRetry(XceiverClientGrpc.java:239)
	at org.apache.hadoop.hdds.scm.XceiverClientGrpc.sendCommand(XceiverClientGrpc.java:222)
	at org.apache.hadoop.hdds.scm.storage.ContainerProtocolCalls.getBlock(ContainerProtocolCalls.java:118)
	at org.apache.hadoop.hdds.scm.storage.BlockInputStream.getChunkInfos(BlockInputStream.java:167)
	at org.apache.hadoop.hdds.scm.storage.BlockInputStream.initialize(BlockInputStream.java:118)
	at org.apache.hadoop.hdds.scm.storage.BlockInputStream.read(BlockInputStream.java:222)
	at org.apache.hadoop.ozone.client.io.KeyInputStream.read(KeyInputStream.java:171)
	at org.apache.hadoop.ozone.client.io.OzoneInputStream.read(OzoneInputStream.java:47)
	at java.io.InputStream.read(InputStream.java:101)
	at org.apache.hadoop.ozone.container.ContainerTestHelper.validateData(ContainerTestHelper.java:709)
	at org.apache.hadoop.ozone.client.rpc.TestFailureHandlingByClient.validateData(TestFailureHandlingByClient.java:497)
	at org.apache.hadoop.ozone.client.rpc.TestFailureHandlingByClient.testPipelineExclusionWithPipelineFailure(TestFailureHandlingByClient.java:485)
	at sun.reflect.NativeMethodAccessorImpl.invoke0(Native Method)
	at sun.reflect.NativeMethodAccessorImpl.invoke(NativeMethodAccessorImpl.java:62)
	at sun.reflect.DelegatingMethodAccessorImpl.invoke(DelegatingMethodAccessorImpl.java:43)
	at java.lang.reflect.Method.invoke(Method.java:498)
	at org.junit.runners.model.FrameworkMethod$1.runReflectiveCall(FrameworkMethod.java:47)
	at org.junit.internal.runners.model.ReflectiveCallable.run(ReflectiveCallable.java:12)
	at org.junit.runners.model.FrameworkMethod.invokeExplosively(FrameworkMethod.java:44)
	at org.junit.internal.runners.statements.InvokeMethod.evaluate(InvokeMethod.java:17)
	at org.junit.runners.ParentRunner.runLeaf(ParentRunner.java:271)
	at org.junit.runners.BlockJUnit4ClassRunner.runChild(BlockJUnit4ClassRunner.java:70)
	at org.junit.runners.BlockJUnit4ClassRunner.runChild(BlockJUnit4ClassRunner.java:50)
	at org.junit.runners.ParentRunner$3.run(ParentRunner.java:238)
	at org.junit.runners.ParentRunner$1.schedule(ParentRunner.java:63)
	at org.junit.runners.ParentRunner.runChildren(ParentRunner.java:236)
	at org.junit.runners.ParentRunner.access$000(ParentRunner.java:53)
	at org.junit.runners.ParentRunner$2.evaluate(ParentRunner.java:229)
	at org.junit.runners.ParentRunner.run(ParentRunner.java:309)
	at org.apache.maven.surefire.junit4.JUnit4Provider.execute(JUnit4Provider.java:365)
	at org.apache.maven.surefire.junit4.JUnit4Provider.executeWithRerun(JUnit4Provider.java:273)
	at org.apache.maven.surefire.junit4.JUnit4Provider.executeTestSet(JUnit4Provider.java:238)
	at org.apache.maven.surefire.junit4.JUnit4Provider.invoke(JUnit4Provider.java:159)
	at org.apache.maven.surefire.booter.ForkedBooter.invokeProviderInSameClassLoader(ForkedBooter.java:384)
	at org.apache.maven.surefire.booter.ForkedBooter.runSuitesInProcess(ForkedBooter.java:345)
	at org.apache.maven.surefire.booter.ForkedBooter.execute(ForkedBooter.java:126)
	at org.apache.maven.surefire.booter.ForkedBooter.main(ForkedBooter.java:418)

]]></system-err>
  </testcase>
  <testcase name="testMultiBlockWritesWithDnFailures" classname="org.apache.hadoop.ozone.client.rpc.TestFailureHandlingByClient" time="19.254"/>
</testsuite>