<?xml version="1.0" encoding="UTF-8"?>
<testsuite xmlns:xsi="http://www.w3.org/2001/XMLSchema-instance" xsi:noNamespaceSchemaLocation="https://maven.apache.org/surefire/maven-surefire-plugin/xsd/surefire-test-report.xsd" name="org.apache.hadoop.hdds.scm.pipeline.TestNodeFailure" time="13.936" tests="1" errors="0" skipped="1" failures="0">
  <properties>
    <property name="awt.toolkit" value="sun.awt.X11.XToolkit"/>
    <property name="file.encoding.pkg" value="sun.io"/>
    <property name="java.specification.version" value="1.8"/>
    <property name="sun.cpu.isalist" value=""/>
    <property name="sun.jnu.encoding" value="UTF-8"/>
    <property name="java.class.path" value="/opt/src/hadoop-ozone/integration-test/target/test-classes:/opt/src/hadoop-ozone/integration-test/target/classes:/root/.m2/repository/org/apache/hadoop/hadoop-ozone-common/0.5.0-SNAPSHOT/hadoop-ozone-common-0.5.0-SNAPSHOT.jar:/root/.m2/repository/org/apache/commons/commons-compress/1.4.1/commons-compress-1.4.1.jar:/root/.m2/repository/org/tukaani/xz/1.0/xz-1.0.jar:/root/.m2/repository/org/apache/hadoop/hadoop-common/3.2.0/hadoop-common-3.2.0.jar:/root/.m2/repository/org/apache/hadoop/hadoop-hdfs/3.2.0/hadoop-hdfs-3.2.0.jar:/root/.m2/repository/org/apache/hadoop/hadoop-hdfs-client/3.2.0/hadoop-hdfs-client-3.2.0.jar:/root/.m2/repository/com/fasterxml/jackson/core/jackson-annotations/2.9.5/jackson-annotations-2.9.5.jar:/root/.m2/repository/org/apache/hadoop/hadoop-hdds-common/0.5.0-SNAPSHOT/hadoop-hdds-common-0.5.0-SNAPSHOT.jar:/root/.m2/repository/javax/annotation/javax.annotation-api/1.2/javax.annotation-api-1.2.jar:/root/.m2/repository/org/apache/ratis/ratis-server/0.4.0-fe2b15d-SNAPSHOT/ratis-server-0.4.0-fe2b15d-SNAPSHOT.jar:/root/.m2/repository/org/apache/ratis/ratis-thirdparty-misc/0.2.0/ratis-thirdparty-misc-0.2.0.jar:/root/.m2/repository/org/apache/ratis/ratis-proto/0.4.0-fe2b15d-SNAPSHOT/ratis-proto-0.4.0-fe2b15d-SNAPSHOT.jar:/root/.m2/repository/org/apache/ratis/ratis-common/0.4.0-fe2b15d-SNAPSHOT/ratis-common-0.4.0-fe2b15d-SNAPSHOT.jar:/root/.m2/repository/org/apache/ratis/ratis-client/0.4.0-fe2b15d-SNAPSHOT/ratis-client-0.4.0-fe2b15d-SNAPSHOT.jar:/root/.m2/repository/org/apache/ratis/ratis-netty/0.4.0-fe2b15d-SNAPSHOT/ratis-netty-0.4.0-fe2b15d-SNAPSHOT.jar:/root/.m2/repository/org/apache/ratis/ratis-grpc/0.4.0-fe2b15d-SNAPSHOT/ratis-grpc-0.4.0-fe2b15d-SNAPSHOT.jar:/root/.m2/repository/org/rocksdb/rocksdbjni/5.14.2/rocksdbjni-5.14.2.jar:/root/.m2/repository/org/apache/logging/log4j/log4j-api/2.11.0/log4j-api-2.11.0.jar:/root/.m2/repository/org/apache/logging/log4j/log4j-core/2.11.0/log4j-core-2.11.0.jar:/root/.m2/repository/com/lmax/disruptor/3.4.2/disruptor-3.4.2.jar:/root/.m2/repository/org/apache/commons/commons-pool2/2.6.0/commons-pool2-2.6.0.jar:/root/.m2/repository/org/bouncycastle/bcpkix-jdk15on/1.60/bcpkix-jdk15on-1.60.jar:/root/.m2/repository/commons-validator/commons-validator/1.6/commons-validator-1.6.jar:/root/.m2/repository/commons-digester/commons-digester/1.8.1/commons-digester-1.8.1.jar:/root/.m2/repository/io/jaegertracing/jaeger-client/0.33.1/jaeger-client-0.33.1.jar:/root/.m2/repository/io/jaegertracing/jaeger-thrift/0.33.1/jaeger-thrift-0.33.1.jar:/root/.m2/repository/org/apache/thrift/libthrift/0.11.0/libthrift-0.11.0.jar:/root/.m2/repository/com/squareup/okhttp3/okhttp/3.9.0/okhttp-3.9.0.jar:/root/.m2/repository/com/squareup/okio/okio/1.13.0/okio-1.13.0.jar:/root/.m2/repository/io/jaegertracing/jaeger-core/0.33.1/jaeger-core-0.33.1.jar:/root/.m2/repository/io/jaegertracing/jaeger-tracerresolver/0.33.1/jaeger-tracerresolver-0.33.1.jar:/root/.m2/repository/io/opentracing/contrib/opentracing-tracerresolver/0.1.5/opentracing-tracerresolver-0.1.5.jar:/root/.m2/repository/io/opentracing/opentracing-util/0.31.0/opentracing-util-0.31.0.jar:/root/.m2/repository/io/opentracing/opentracing-api/0.31.0/opentracing-api-0.31.0.jar:/root/.m2/repository/io/opentracing/opentracing-noop/0.31.0/opentracing-noop-0.31.0.jar:/root/.m2/repository/org/apache/hadoop/hadoop-hdds-server-framework/0.5.0-SNAPSHOT/hadoop-hdds-server-framework-0.5.0-SNAPSHOT.jar:/root/.m2/repository/org/apache/hadoop/hadoop-hdds-server-scm/0.5.0-SNAPSHOT/hadoop-hdds-server-scm-0.5.0-SNAPSHOT.jar:/root/.m2/repository/org/apache/hadoop/hadoop-hdds-container-service/0.5.0-SNAPSHOT/hadoop-hdds-container-service-0.5.0-SNAPSHOT.jar:/root/.m2/repository/org/apache/hadoop/hadoop-hdds-client/0.5.0-SNAPSHOT/hadoop-hdds-client-0.5.0-SNAPSHOT.jar:/root/.m2/repository/org/apache/hadoop/hadoop-hdds-tools/0.5.0-SNAPSHOT/hadoop-hdds-tools-0.5.0-SNAPSHOT.jar:/root/.m2/repository/org/apache/hadoop/hadoop-ozone-ozone-manager/0.5.0-SNAPSHOT/hadoop-ozone-ozone-manager-0.5.0-SNAPSHOT.jar:/root/.m2/repository/org/apache/hadoop/hadoop-hdds-docs/0.5.0-SNAPSHOT/hadoop-hdds-docs-0.5.0-SNAPSHOT.jar:/root/.m2/repository/org/bouncycastle/bcprov-jdk15on/1.60/bcprov-jdk15on-1.60.jar:/root/.m2/repository/org/apache/hadoop/hadoop-minikdc/3.2.0/hadoop-minikdc-3.2.0.jar:/root/.m2/repository/commons-io/commons-io/2.5/commons-io-2.5.jar:/root/.m2/repository/org/apache/kerby/kerb-simplekdc/1.0.1/kerb-simplekdc-1.0.1.jar:/root/.m2/repository/org/apache/kerby/kerb-client/1.0.1/kerb-client-1.0.1.jar:/root/.m2/repository/org/apache/kerby/kerby-config/1.0.1/kerby-config-1.0.1.jar:/root/.m2/repository/org/apache/kerby/kerb-core/1.0.1/kerb-core-1.0.1.jar:/root/.m2/repository/org/apache/kerby/kerby-pkix/1.0.1/kerby-pkix-1.0.1.jar:/root/.m2/repository/org/apache/kerby/kerby-asn1/1.0.1/kerby-asn1-1.0.1.jar:/root/.m2/repository/org/apache/kerby/kerby-util/1.0.1/kerby-util-1.0.1.jar:/root/.m2/repository/org/apache/kerby/kerb-common/1.0.1/kerb-common-1.0.1.jar:/root/.m2/repository/org/apache/kerby/kerb-crypto/1.0.1/kerb-crypto-1.0.1.jar:/root/.m2/repository/org/apache/kerby/kerb-util/1.0.1/kerb-util-1.0.1.jar:/root/.m2/repository/org/apache/kerby/token-provider/1.0.1/token-provider-1.0.1.jar:/root/.m2/repository/org/apache/kerby/kerb-admin/1.0.1/kerb-admin-1.0.1.jar:/root/.m2/repository/org/apache/kerby/kerb-server/1.0.1/kerb-server-1.0.1.jar:/root/.m2/repository/org/apache/kerby/kerb-identity/1.0.1/kerb-identity-1.0.1.jar:/root/.m2/repository/org/apache/kerby/kerby-xdr/1.0.1/kerby-xdr-1.0.1.jar:/root/.m2/repository/org/slf4j/slf4j-log4j12/1.7.25/slf4j-log4j12-1.7.25.jar:/root/.m2/repository/org/apache/hadoop/hadoop-ozone-objectstore-service/0.5.0-SNAPSHOT/hadoop-ozone-objectstore-service-0.5.0-SNAPSHOT.jar:/root/.m2/repository/org/apache/hadoop/hadoop-ozone-s3gateway/0.5.0-SNAPSHOT/hadoop-ozone-s3gateway-0.5.0-SNAPSHOT.jar:/root/.m2/repository/org/jboss/weld/servlet/weld-servlet/2.4.7.Final/weld-servlet-2.4.7.Final.jar:/root/.m2/repository/org/glassfish/jersey/containers/jersey-container-servlet-core/2.27/jersey-container-servlet-core-2.27.jar:/root/.m2/repository/org/glassfish/hk2/external/javax.inject/2.5.0-b42/javax.inject-2.5.0-b42.jar:/root/.m2/repository/org/glassfish/jersey/core/jersey-common/2.27/jersey-common-2.27.jar:/root/.m2/repository/org/glassfish/hk2/osgi-resource-locator/1.0.1/osgi-resource-locator-1.0.1.jar:/root/.m2/repository/javax/ws/rs/javax.ws.rs-api/2.1/javax.ws.rs-api-2.1.jar:/root/.m2/repository/org/glassfish/jersey/ext/cdi/jersey-cdi1x/2.27/jersey-cdi1x-2.27.jar:/root/.m2/repository/org/glassfish/jersey/inject/jersey-hk2/2.27/jersey-hk2-2.27.jar:/root/.m2/repository/org/glassfish/hk2/hk2-locator/2.5.0-b42/hk2-locator-2.5.0-b42.jar:/root/.m2/repository/org/javassist/javassist/3.22.0-CR2/javassist-3.22.0-CR2.jar:/root/.m2/repository/org/glassfish/hk2/hk2-api/2.5.0/hk2-api-2.5.0.jar:/root/.m2/repository/org/glassfish/hk2/external/jakarta.inject/2.5.0/jakarta.inject-2.5.0.jar:/root/.m2/repository/org/glassfish/hk2/hk2-utils/2.5.0/hk2-utils-2.5.0.jar:/root/.m2/repository/jakarta/annotation/jakarta.annotation-api/1.3.4/jakarta.annotation-api-1.3.4.jar:/root/.m2/repository/org/glassfish/hk2/external/aopalliance-repackaged/2.5.0/aopalliance-repackaged-2.5.0.jar:/root/.m2/repository/com/fasterxml/jackson/dataformat/jackson-dataformat-xml/2.9.0/jackson-dataformat-xml-2.9.0.jar:/root/.m2/repository/com/fasterxml/jackson/core/jackson-core/2.9.5/jackson-core-2.9.5.jar:/root/.m2/repository/com/fasterxml/jackson/module/jackson-module-jaxb-annotations/2.9.5/jackson-module-jaxb-annotations-2.9.5.jar:/root/.m2/repository/javax/enterprise/cdi-api/1.2/cdi-api-1.2.jar:/root/.m2/repository/javax/el/javax.el-api/3.0.0/javax.el-api-3.0.0.jar:/root/.m2/repository/javax/interceptor/javax.interceptor-api/1.2/javax.interceptor-api-1.2.jar:/root/.m2/repository/javax/inject/javax.inject/1/javax.inject-1.jar:/root/.m2/repository/com/sun/xml/bind/jaxb-impl/2.3.0.1/jaxb-impl-2.3.0.1.jar:/root/.m2/repository/com/sun/xml/bind/jaxb-core/2.3.0.1/jaxb-core-2.3.0.1.jar:/root/.m2/repository/javax/xml/bind/jaxb-api/2.3.0/jaxb-api-2.3.0.jar:/root/.m2/repository/javax/activation/activation/1.1.1/activation-1.1.1.jar:/root/.m2/repository/org/apache/hadoop/hadoop-ozone-csi/0.5.0-SNAPSHOT/hadoop-ozone-csi-0.5.0-SNAPSHOT.jar:/root/.m2/repository/com/google/protobuf/protobuf-java-util/3.5.1/protobuf-java-util-3.5.1.jar:/root/.m2/repository/org/apache/hadoop/hadoop-hdds-config/0.5.0-SNAPSHOT/hadoop-hdds-config-0.5.0-SNAPSHOT.jar:/root/.m2/repository/com/google/guava/guava/11.0.2/guava-11.0.2.jar:/root/.m2/repository/com/google/protobuf/protobuf-java/2.5.0/protobuf-java-2.5.0.jar:/root/.m2/repository/io/grpc/grpc-netty/1.17.1/grpc-netty-1.17.1.jar:/root/.m2/repository/io/grpc/grpc-core/1.17.1/grpc-core-1.17.1.jar:/root/.m2/repository/io/grpc/grpc-context/1.17.1/grpc-context-1.17.1.jar:/root/.m2/repository/com/google/errorprone/error_prone_annotations/2.2.0/error_prone_annotations-2.2.0.jar:/root/.m2/repository/org/codehaus/mojo/animal-sniffer-annotations/1.17/animal-sniffer-annotations-1.17.jar:/root/.m2/repository/io/opencensus/opencensus-api/0.17.0/opencensus-api-0.17.0.jar:/root/.m2/repository/io/opencensus/opencensus-contrib-grpc-metrics/0.17.0/opencensus-contrib-grpc-metrics-0.17.0.jar:/root/.m2/repository/io/netty/netty-codec-http2/4.1.30.Final/netty-codec-http2-4.1.30.Final.jar:/root/.m2/repository/io/netty/netty-codec-http/4.1.30.Final/netty-codec-http-4.1.30.Final.jar:/root/.m2/repository/io/netty/netty-codec/4.1.30.Final/netty-codec-4.1.30.Final.jar:/root/.m2/repository/io/netty/netty-handler/4.1.30.Final/netty-handler-4.1.30.Final.jar:/root/.m2/repository/io/netty/netty-handler-proxy/4.1.30.Final/netty-handler-proxy-4.1.30.Final.jar:/root/.m2/repository/io/netty/netty-codec-socks/4.1.30.Final/netty-codec-socks-4.1.30.Final.jar:/root/.m2/repository/io/netty/netty-transport-native-epoll/4.1.30.Final/netty-transport-native-epoll-4.1.30.Final.jar:/root/.m2/repository/io/netty/netty-common/4.1.30.Final/netty-common-4.1.30.Final.jar:/root/.m2/repository/io/netty/netty-buffer/4.1.30.Final/netty-buffer-4.1.30.Final.jar:/root/.m2/repository/io/netty/netty-transport/4.1.30.Final/netty-transport-4.1.30.Final.jar:/root/.m2/repository/io/netty/netty-resolver/4.1.30.Final/netty-resolver-4.1.30.Final.jar:/root/.m2/repository/io/netty/netty-transport-native-unix-common/4.1.30.Final/netty-transport-native-unix-common-4.1.30.Final.jar:/root/.m2/repository/io/grpc/grpc-protobuf/1.17.1/grpc-protobuf-1.17.1.jar:/root/.m2/repository/com/google/api/grpc/proto-google-common-protos/1.0.0/proto-google-common-protos-1.0.0.jar:/root/.m2/repository/io/grpc/grpc-protobuf-lite/1.17.1/grpc-protobuf-lite-1.17.1.jar:/root/.m2/repository/io/grpc/grpc-stub/1.17.1/grpc-stub-1.17.1.jar:/root/.m2/repository/org/apache/hadoop/hadoop-ozone-recon/0.5.0-SNAPSHOT/hadoop-ozone-recon-0.5.0-SNAPSHOT.jar:/root/.m2/repository/org/apache/hadoop/hadoop-ozone-reconcodegen/0.5.0-SNAPSHOT/hadoop-ozone-reconcodegen-0.5.0-SNAPSHOT.jar:/root/.m2/repository/com/google/inject/extensions/guice-multibindings/4.0/guice-multibindings-4.0.jar:/root/.m2/repository/com/google/inject/guice/4.0/guice-4.0.jar:/root/.m2/repository/aopalliance/aopalliance/1.0/aopalliance-1.0.jar:/root/.m2/repository/com/google/inject/extensions/guice-servlet/4.0/guice-servlet-4.0.jar:/root/.m2/repository/org/glassfish/jersey/containers/jersey-container-servlet/2.27/jersey-container-servlet-2.27.jar:/root/.m2/repository/org/glassfish/hk2/guice-bridge/2.5.0/guice-bridge-2.5.0.jar:/root/.m2/repository/org/glassfish/jersey/core/jersey-server/2.27/jersey-server-2.27.jar:/root/.m2/repository/org/glassfish/jersey/core/jersey-client/2.27/jersey-client-2.27.jar:/root/.m2/repository/org/glassfish/jersey/media/jersey-media-jaxb/2.27/jersey-media-jaxb-2.27.jar:/root/.m2/repository/javax/validation/validation-api/1.1.0.Final/validation-api-1.1.0.Final.jar:/root/.m2/repository/org/glassfish/jersey/media/jersey-media-json-jackson/2.27/jersey-media-json-jackson-2.27.jar:/root/.m2/repository/org/glassfish/jersey/ext/jersey-entity-filtering/2.27/jersey-entity-filtering-2.27.jar:/root/.m2/repository/com/google/inject/extensions/guice-assistedinject/4.0/guice-assistedinject-4.0.jar:/root/.m2/repository/org/jooq/jooq/3.11.10/jooq-3.11.10.jar:/root/.m2/repository/org/jooq/jooq-meta/3.11.10/jooq-meta-3.11.10.jar:/root/.m2/repository/org/jooq/jooq-codegen/3.11.10/jooq-codegen-3.11.10.jar:/root/.m2/repository/com/jolbox/bonecp/0.8.0.RELEASE/bonecp-0.8.0.RELEASE.jar:/root/.m2/repository/org/xerial/sqlite-jdbc/3.25.2/sqlite-jdbc-3.25.2.jar:/root/.m2/repository/org/springframework/spring-jdbc/5.1.3.RELEASE/spring-jdbc-5.1.3.RELEASE.jar:/root/.m2/repository/org/springframework/spring-beans/5.1.3.RELEASE/spring-beans-5.1.3.RELEASE.jar:/root/.m2/repository/org/springframework/spring-core/5.1.3.RELEASE/spring-core-5.1.3.RELEASE.jar:/root/.m2/repository/org/springframework/spring-jcl/5.1.3.RELEASE/spring-jcl-5.1.3.RELEASE.jar:/root/.m2/repository/org/springframework/spring-tx/5.1.3.RELEASE/spring-tx-5.1.3.RELEASE.jar:/root/.m2/repository/org/apache/hadoop/hadoop-ozone-client/0.5.0-SNAPSHOT/hadoop-ozone-client-0.5.0-SNAPSHOT.jar:/root/.m2/repository/org/apache/hadoop/hadoop-ozone-ozone-manager/0.5.0-SNAPSHOT/hadoop-ozone-ozone-manager-0.5.0-SNAPSHOT-tests.jar:/root/.m2/repository/junit/junit/4.11/junit-4.11.jar:/root/.m2/repository/org/hamcrest/hamcrest-core/1.3/hamcrest-core-1.3.jar:/root/.m2/repository/org/openjdk/jmh/jmh-core/1.19/jmh-core-1.19.jar:/root/.m2/repository/net/sf/jopt-simple/jopt-simple/4.6/jopt-simple-4.6.jar:/root/.m2/repository/org/apache/commons/commons-math3/3.1.1/commons-math3-3.1.1.jar:/root/.m2/repository/org/openjdk/jmh/jmh-generator-annprocess/1.19/jmh-generator-annprocess-1.19.jar:/root/.m2/repository/org/mockito/mockito-all/1.8.5/mockito-all-1.8.5.jar:/root/.m2/repository/org/apache/hadoop/hadoop-kms/3.2.0/hadoop-kms-3.2.0.jar:/root/.m2/repository/org/apache/hadoop/hadoop-auth/3.2.0/hadoop-auth-3.2.0.jar:/root/.m2/repository/com/nimbusds/nimbus-jose-jwt/4.41.1/nimbus-jose-jwt-4.41.1.jar:/root/.m2/repository/com/github/stephenc/jcip/jcip-annotations/1.0-1/jcip-annotations-1.0-1.jar:/root/.m2/repository/net/minidev/json-smart/2.3/json-smart-2.3.jar:/root/.m2/repository/net/minidev/accessors-smart/1.2/accessors-smart-1.2.jar:/root/.m2/repository/org/ow2/asm/asm/5.0.4/asm-5.0.4.jar:/root/.m2/repository/org/apache/curator/curator-framework/2.12.0/curator-framework-2.12.0.jar:/root/.m2/repository/com/sun/jersey/jersey-core/1.19/jersey-core-1.19.jar:/root/.m2/repository/javax/ws/rs/jsr311-api/1.1.1/jsr311-api-1.1.1.jar:/root/.m2/repository/com/sun/jersey/jersey-server/1.19/jersey-server-1.19.jar:/root/.m2/repository/javax/servlet/javax.servlet-api/3.1.0/javax.servlet-api-3.1.0.jar:/root/.m2/repository/org/eclipse/jetty/jetty-server/9.3.24.v20180605/jetty-server-9.3.24.v20180605.jar:/root/.m2/repository/org/eclipse/jetty/jetty-http/9.3.24.v20180605/jetty-http-9.3.24.v20180605.jar:/root/.m2/repository/org/eclipse/jetty/jetty-io/9.3.24.v20180605/jetty-io-9.3.24.v20180605.jar:/root/.m2/repository/org/eclipse/jetty/jetty-webapp/9.3.24.v20180605/jetty-webapp-9.3.24.v20180605.jar:/root/.m2/repository/org/eclipse/jetty/jetty-xml/9.3.24.v20180605/jetty-xml-9.3.24.v20180605.jar:/root/.m2/repository/log4j/log4j/1.2.17/log4j-1.2.17.jar:/root/.m2/repository/org/slf4j/slf4j-api/1.7.25/slf4j-api-1.7.25.jar:/root/.m2/repository/org/slf4j/jul-to-slf4j/1.7.25/jul-to-slf4j-1.7.25.jar:/root/.m2/repository/org/eclipse/jetty/jetty-util/9.3.24.v20180605/jetty-util-9.3.24.v20180605.jar:/root/.m2/repository/io/dropwizard/metrics/metrics-core/3.2.4/metrics-core-3.2.4.jar:/root/.m2/repository/com/fasterxml/jackson/core/jackson-databind/2.9.5/jackson-databind-2.9.5.jar:/root/.m2/repository/org/apache/hadoop/hadoop-kms/3.2.0/hadoop-kms-3.2.0-tests.jar:/root/.m2/repository/org/apache/hadoop/hadoop-hdds-server-scm/0.5.0-SNAPSHOT/hadoop-hdds-server-scm-0.5.0-SNAPSHOT-tests.jar:/root/.m2/repository/org/hamcrest/hamcrest-all/1.3/hamcrest-all-1.3.jar:/root/.m2/repository/info/picocli/picocli/3.9.6/picocli-3.9.6.jar:/root/.m2/repository/org/apache/hadoop/hadoop-hdds-container-service/0.5.0-SNAPSHOT/hadoop-hdds-container-service-0.5.0-SNAPSHOT-tests.jar:/root/.m2/repository/org/yaml/snakeyaml/1.16/snakeyaml-1.16.jar:/root/.m2/repository/org/apache/hadoop/hadoop-common/3.2.0/hadoop-common-3.2.0-tests.jar:/root/.m2/repository/org/apache/hadoop/hadoop-annotations/3.2.0/hadoop-annotations-3.2.0.jar:/usr/lib/jvm/java-1.8-openjdk/jre/../lib/tools.jar:/root/.m2/repository/commons-cli/commons-cli/1.2/commons-cli-1.2.jar:/root/.m2/repository/org/apache/httpcomponents/httpclient/4.5.2/httpclient-4.5.2.jar:/root/.m2/repository/org/apache/httpcomponents/httpcore/4.4.4/httpcore-4.4.4.jar:/root/.m2/repository/commons-codec/commons-codec/1.11/commons-codec-1.11.jar:/root/.m2/repository/commons-net/commons-net/3.6/commons-net-3.6.jar:/root/.m2/repository/commons-collections/commons-collections/3.2.2/commons-collections-3.2.2.jar:/root/.m2/repository/org/eclipse/jetty/jetty-servlet/9.3.24.v20180605/jetty-servlet-9.3.24.v20180605.jar:/root/.m2/repository/org/eclipse/jetty/jetty-security/9.3.24.v20180605/jetty-security-9.3.24.v20180605.jar:/root/.m2/repository/javax/servlet/jsp/jsp-api/2.1/jsp-api-2.1.jar:/root/.m2/repository/com/sun/jersey/jersey-servlet/1.19/jersey-servlet-1.19.jar:/root/.m2/repository/com/sun/jersey/jersey-json/1.19/jersey-json-1.19.jar:/root/.m2/repository/org/codehaus/jettison/jettison/1.1/jettison-1.1.jar:/root/.m2/repository/org/codehaus/jackson/jackson-core-asl/1.9.13/jackson-core-asl-1.9.13.jar:/root/.m2/repository/org/codehaus/jackson/jackson-mapper-asl/1.9.13/jackson-mapper-asl-1.9.13.jar:/root/.m2/repository/org/codehaus/jackson/jackson-jaxrs/1.9.13/jackson-jaxrs-1.9.13.jar:/root/.m2/repository/org/codehaus/jackson/jackson-xc/1.9.13/jackson-xc-1.9.13.jar:/root/.m2/repository/commons-logging/commons-logging/1.1.3/commons-logging-1.1.3.jar:/root/.m2/repository/commons-beanutils/commons-beanutils/1.9.3/commons-beanutils-1.9.3.jar:/root/.m2/repository/org/apache/commons/commons-configuration2/2.1.1/commons-configuration2-2.1.1.jar:/root/.m2/repository/org/apache/commons/commons-lang3/3.7/commons-lang3-3.7.jar:/root/.m2/repository/org/apache/commons/commons-text/1.4/commons-text-1.4.jar:/root/.m2/repository/org/apache/avro/avro/1.7.7/avro-1.7.7.jar:/root/.m2/repository/com/thoughtworks/paranamer/paranamer/2.3/paranamer-2.3.jar:/root/.m2/repository/org/xerial/snappy/snappy-java/1.0.5/snappy-java-1.0.5.jar:/root/.m2/repository/com/google/re2j/re2j/1.1/re2j-1.1.jar:/root/.m2/repository/com/google/code/gson/gson/2.2.4/gson-2.2.4.jar:/root/.m2/repository/com/jcraft/jsch/0.1.54/jsch-0.1.54.jar:/root/.m2/repository/org/apache/curator/curator-client/2.12.0/curator-client-2.12.0.jar:/root/.m2/repository/org/apache/curator/curator-recipes/2.12.0/curator-recipes-2.12.0.jar:/root/.m2/repository/com/google/code/findbugs/jsr305/3.0.0/jsr305-3.0.0.jar:/root/.m2/repository/org/apache/htrace/htrace-core4/4.1.0-incubating/htrace-core4-4.1.0-incubating.jar:/root/.m2/repository/org/apache/zookeeper/zookeeper/3.4.13/zookeeper-3.4.13.jar:/root/.m2/repository/org/apache/yetus/audience-annotations/0.5.0/audience-annotations-0.5.0.jar:/root/.m2/repository/org/codehaus/woodstox/stax2-api/3.1.4/stax2-api-3.1.4.jar:/root/.m2/repository/com/fasterxml/woodstox/woodstox-core/5.0.3/woodstox-core-5.0.3.jar:/root/.m2/repository/dnsjava/dnsjava/2.1.7/dnsjava-2.1.7.jar:/root/.m2/repository/org/apache/hadoop/hadoop-hdfs/3.2.0/hadoop-hdfs-3.2.0-tests.jar:/root/.m2/repository/org/eclipse/jetty/jetty-util-ajax/9.3.24.v20180605/jetty-util-ajax-9.3.24.v20180605.jar:/root/.m2/repository/commons-daemon/commons-daemon/1.0.13/commons-daemon-1.0.13.jar:/root/.m2/repository/io/netty/netty/3.10.5.Final/netty-3.10.5.Final.jar:/root/.m2/repository/io/netty/netty-all/4.0.52.Final/netty-all-4.0.52.Final.jar:/root/.m2/repository/org/fusesource/leveldbjni/leveldbjni-all/1.8/leveldbjni-all-1.8.jar:"/>
    <property name="java.vm.vendor" value="IcedTea"/>
    <property name="sun.arch.data.model" value="64"/>
    <property name="test.build.dir" value="/opt/src/hadoop-ozone/integration-test/target/test-dir"/>
    <property name="test.cache.data" value=""/>
    <property name="java.vendor.url" value="https://icedtea.classpath.org"/>
    <property name="user.timezone" value=""/>
    <property name="java.vm.specification.version" value="1.8"/>
    <property name="os.name" value="Linux"/>
    <property name="test.build.data" value="/opt/src/hadoop-ozone/integration-test/target/test-dir"/>
    <property name="user.country" value="US"/>
    <property name="sun.java.launcher" value="SUN_STANDARD"/>
    <property name="sun.boot.library.path" value="/usr/lib/jvm/java-1.8-openjdk/jre/lib/amd64"/>
    <property name="sun.java.command" value="/opt/src/hadoop-ozone/integration-test/target/surefire/surefirebooter6938699964723043043.jar /opt/src/hadoop-ozone/integration-test/target/surefire 2019-06-14T02-47-20_045-jvmRun1 surefire7198650557097509391tmp surefire_8157191315079980673tmp"/>
    <property name="surefire.test.class.path" value="/opt/src/hadoop-ozone/integration-test/target/test-classes:/opt/src/hadoop-ozone/integration-test/target/classes:/root/.m2/repository/org/apache/hadoop/hadoop-ozone-common/0.5.0-SNAPSHOT/hadoop-ozone-common-0.5.0-SNAPSHOT.jar:/root/.m2/repository/org/apache/commons/commons-compress/1.4.1/commons-compress-1.4.1.jar:/root/.m2/repository/org/tukaani/xz/1.0/xz-1.0.jar:/root/.m2/repository/org/apache/hadoop/hadoop-common/3.2.0/hadoop-common-3.2.0.jar:/root/.m2/repository/org/apache/hadoop/hadoop-hdfs/3.2.0/hadoop-hdfs-3.2.0.jar:/root/.m2/repository/org/apache/hadoop/hadoop-hdfs-client/3.2.0/hadoop-hdfs-client-3.2.0.jar:/root/.m2/repository/com/fasterxml/jackson/core/jackson-annotations/2.9.5/jackson-annotations-2.9.5.jar:/root/.m2/repository/org/apache/hadoop/hadoop-hdds-common/0.5.0-SNAPSHOT/hadoop-hdds-common-0.5.0-SNAPSHOT.jar:/root/.m2/repository/javax/annotation/javax.annotation-api/1.2/javax.annotation-api-1.2.jar:/root/.m2/repository/org/apache/ratis/ratis-server/0.4.0-fe2b15d-SNAPSHOT/ratis-server-0.4.0-fe2b15d-SNAPSHOT.jar:/root/.m2/repository/org/apache/ratis/ratis-thirdparty-misc/0.2.0/ratis-thirdparty-misc-0.2.0.jar:/root/.m2/repository/org/apache/ratis/ratis-proto/0.4.0-fe2b15d-SNAPSHOT/ratis-proto-0.4.0-fe2b15d-SNAPSHOT.jar:/root/.m2/repository/org/apache/ratis/ratis-common/0.4.0-fe2b15d-SNAPSHOT/ratis-common-0.4.0-fe2b15d-SNAPSHOT.jar:/root/.m2/repository/org/apache/ratis/ratis-client/0.4.0-fe2b15d-SNAPSHOT/ratis-client-0.4.0-fe2b15d-SNAPSHOT.jar:/root/.m2/repository/org/apache/ratis/ratis-netty/0.4.0-fe2b15d-SNAPSHOT/ratis-netty-0.4.0-fe2b15d-SNAPSHOT.jar:/root/.m2/repository/org/apache/ratis/ratis-grpc/0.4.0-fe2b15d-SNAPSHOT/ratis-grpc-0.4.0-fe2b15d-SNAPSHOT.jar:/root/.m2/repository/org/rocksdb/rocksdbjni/5.14.2/rocksdbjni-5.14.2.jar:/root/.m2/repository/org/apache/logging/log4j/log4j-api/2.11.0/log4j-api-2.11.0.jar:/root/.m2/repository/org/apache/logging/log4j/log4j-core/2.11.0/log4j-core-2.11.0.jar:/root/.m2/repository/com/lmax/disruptor/3.4.2/disruptor-3.4.2.jar:/root/.m2/repository/org/apache/commons/commons-pool2/2.6.0/commons-pool2-2.6.0.jar:/root/.m2/repository/org/bouncycastle/bcpkix-jdk15on/1.60/bcpkix-jdk15on-1.60.jar:/root/.m2/repository/commons-validator/commons-validator/1.6/commons-validator-1.6.jar:/root/.m2/repository/commons-digester/commons-digester/1.8.1/commons-digester-1.8.1.jar:/root/.m2/repository/io/jaegertracing/jaeger-client/0.33.1/jaeger-client-0.33.1.jar:/root/.m2/repository/io/jaegertracing/jaeger-thrift/0.33.1/jaeger-thrift-0.33.1.jar:/root/.m2/repository/org/apache/thrift/libthrift/0.11.0/libthrift-0.11.0.jar:/root/.m2/repository/com/squareup/okhttp3/okhttp/3.9.0/okhttp-3.9.0.jar:/root/.m2/repository/com/squareup/okio/okio/1.13.0/okio-1.13.0.jar:/root/.m2/repository/io/jaegertracing/jaeger-core/0.33.1/jaeger-core-0.33.1.jar:/root/.m2/repository/io/jaegertracing/jaeger-tracerresolver/0.33.1/jaeger-tracerresolver-0.33.1.jar:/root/.m2/repository/io/opentracing/contrib/opentracing-tracerresolver/0.1.5/opentracing-tracerresolver-0.1.5.jar:/root/.m2/repository/io/opentracing/opentracing-util/0.31.0/opentracing-util-0.31.0.jar:/root/.m2/repository/io/opentracing/opentracing-api/0.31.0/opentracing-api-0.31.0.jar:/root/.m2/repository/io/opentracing/opentracing-noop/0.31.0/opentracing-noop-0.31.0.jar:/root/.m2/repository/org/apache/hadoop/hadoop-hdds-server-framework/0.5.0-SNAPSHOT/hadoop-hdds-server-framework-0.5.0-SNAPSHOT.jar:/root/.m2/repository/org/apache/hadoop/hadoop-hdds-server-scm/0.5.0-SNAPSHOT/hadoop-hdds-server-scm-0.5.0-SNAPSHOT.jar:/root/.m2/repository/org/apache/hadoop/hadoop-hdds-container-service/0.5.0-SNAPSHOT/hadoop-hdds-container-service-0.5.0-SNAPSHOT.jar:/root/.m2/repository/org/apache/hadoop/hadoop-hdds-client/0.5.0-SNAPSHOT/hadoop-hdds-client-0.5.0-SNAPSHOT.jar:/root/.m2/repository/org/apache/hadoop/hadoop-hdds-tools/0.5.0-SNAPSHOT/hadoop-hdds-tools-0.5.0-SNAPSHOT.jar:/root/.m2/repository/org/apache/hadoop/hadoop-ozone-ozone-manager/0.5.0-SNAPSHOT/hadoop-ozone-ozone-manager-0.5.0-SNAPSHOT.jar:/root/.m2/repository/org/apache/hadoop/hadoop-hdds-docs/0.5.0-SNAPSHOT/hadoop-hdds-docs-0.5.0-SNAPSHOT.jar:/root/.m2/repository/org/bouncycastle/bcprov-jdk15on/1.60/bcprov-jdk15on-1.60.jar:/root/.m2/repository/org/apache/hadoop/hadoop-minikdc/3.2.0/hadoop-minikdc-3.2.0.jar:/root/.m2/repository/commons-io/commons-io/2.5/commons-io-2.5.jar:/root/.m2/repository/org/apache/kerby/kerb-simplekdc/1.0.1/kerb-simplekdc-1.0.1.jar:/root/.m2/repository/org/apache/kerby/kerb-client/1.0.1/kerb-client-1.0.1.jar:/root/.m2/repository/org/apache/kerby/kerby-config/1.0.1/kerby-config-1.0.1.jar:/root/.m2/repository/org/apache/kerby/kerb-core/1.0.1/kerb-core-1.0.1.jar:/root/.m2/repository/org/apache/kerby/kerby-pkix/1.0.1/kerby-pkix-1.0.1.jar:/root/.m2/repository/org/apache/kerby/kerby-asn1/1.0.1/kerby-asn1-1.0.1.jar:/root/.m2/repository/org/apache/kerby/kerby-util/1.0.1/kerby-util-1.0.1.jar:/root/.m2/repository/org/apache/kerby/kerb-common/1.0.1/kerb-common-1.0.1.jar:/root/.m2/repository/org/apache/kerby/kerb-crypto/1.0.1/kerb-crypto-1.0.1.jar:/root/.m2/repository/org/apache/kerby/kerb-util/1.0.1/kerb-util-1.0.1.jar:/root/.m2/repository/org/apache/kerby/token-provider/1.0.1/token-provider-1.0.1.jar:/root/.m2/repository/org/apache/kerby/kerb-admin/1.0.1/kerb-admin-1.0.1.jar:/root/.m2/repository/org/apache/kerby/kerb-server/1.0.1/kerb-server-1.0.1.jar:/root/.m2/repository/org/apache/kerby/kerb-identity/1.0.1/kerb-identity-1.0.1.jar:/root/.m2/repository/org/apache/kerby/kerby-xdr/1.0.1/kerby-xdr-1.0.1.jar:/root/.m2/repository/org/slf4j/slf4j-log4j12/1.7.25/slf4j-log4j12-1.7.25.jar:/root/.m2/repository/org/apache/hadoop/hadoop-ozone-objectstore-service/0.5.0-SNAPSHOT/hadoop-ozone-objectstore-service-0.5.0-SNAPSHOT.jar:/root/.m2/repository/org/apache/hadoop/hadoop-ozone-s3gateway/0.5.0-SNAPSHOT/hadoop-ozone-s3gateway-0.5.0-SNAPSHOT.jar:/root/.m2/repository/org/jboss/weld/servlet/weld-servlet/2.4.7.Final/weld-servlet-2.4.7.Final.jar:/root/.m2/repository/org/glassfish/jersey/containers/jersey-container-servlet-core/2.27/jersey-container-servlet-core-2.27.jar:/root/.m2/repository/org/glassfish/hk2/external/javax.inject/2.5.0-b42/javax.inject-2.5.0-b42.jar:/root/.m2/repository/org/glassfish/jersey/core/jersey-common/2.27/jersey-common-2.27.jar:/root/.m2/repository/org/glassfish/hk2/osgi-resource-locator/1.0.1/osgi-resource-locator-1.0.1.jar:/root/.m2/repository/javax/ws/rs/javax.ws.rs-api/2.1/javax.ws.rs-api-2.1.jar:/root/.m2/repository/org/glassfish/jersey/ext/cdi/jersey-cdi1x/2.27/jersey-cdi1x-2.27.jar:/root/.m2/repository/org/glassfish/jersey/inject/jersey-hk2/2.27/jersey-hk2-2.27.jar:/root/.m2/repository/org/glassfish/hk2/hk2-locator/2.5.0-b42/hk2-locator-2.5.0-b42.jar:/root/.m2/repository/org/javassist/javassist/3.22.0-CR2/javassist-3.22.0-CR2.jar:/root/.m2/repository/org/glassfish/hk2/hk2-api/2.5.0/hk2-api-2.5.0.jar:/root/.m2/repository/org/glassfish/hk2/external/jakarta.inject/2.5.0/jakarta.inject-2.5.0.jar:/root/.m2/repository/org/glassfish/hk2/hk2-utils/2.5.0/hk2-utils-2.5.0.jar:/root/.m2/repository/jakarta/annotation/jakarta.annotation-api/1.3.4/jakarta.annotation-api-1.3.4.jar:/root/.m2/repository/org/glassfish/hk2/external/aopalliance-repackaged/2.5.0/aopalliance-repackaged-2.5.0.jar:/root/.m2/repository/com/fasterxml/jackson/dataformat/jackson-dataformat-xml/2.9.0/jackson-dataformat-xml-2.9.0.jar:/root/.m2/repository/com/fasterxml/jackson/core/jackson-core/2.9.5/jackson-core-2.9.5.jar:/root/.m2/repository/com/fasterxml/jackson/module/jackson-module-jaxb-annotations/2.9.5/jackson-module-jaxb-annotations-2.9.5.jar:/root/.m2/repository/javax/enterprise/cdi-api/1.2/cdi-api-1.2.jar:/root/.m2/repository/javax/el/javax.el-api/3.0.0/javax.el-api-3.0.0.jar:/root/.m2/repository/javax/interceptor/javax.interceptor-api/1.2/javax.interceptor-api-1.2.jar:/root/.m2/repository/javax/inject/javax.inject/1/javax.inject-1.jar:/root/.m2/repository/com/sun/xml/bind/jaxb-impl/2.3.0.1/jaxb-impl-2.3.0.1.jar:/root/.m2/repository/com/sun/xml/bind/jaxb-core/2.3.0.1/jaxb-core-2.3.0.1.jar:/root/.m2/repository/javax/xml/bind/jaxb-api/2.3.0/jaxb-api-2.3.0.jar:/root/.m2/repository/javax/activation/activation/1.1.1/activation-1.1.1.jar:/root/.m2/repository/org/apache/hadoop/hadoop-ozone-csi/0.5.0-SNAPSHOT/hadoop-ozone-csi-0.5.0-SNAPSHOT.jar:/root/.m2/repository/com/google/protobuf/protobuf-java-util/3.5.1/protobuf-java-util-3.5.1.jar:/root/.m2/repository/org/apache/hadoop/hadoop-hdds-config/0.5.0-SNAPSHOT/hadoop-hdds-config-0.5.0-SNAPSHOT.jar:/root/.m2/repository/com/google/guava/guava/11.0.2/guava-11.0.2.jar:/root/.m2/repository/com/google/protobuf/protobuf-java/2.5.0/protobuf-java-2.5.0.jar:/root/.m2/repository/io/grpc/grpc-netty/1.17.1/grpc-netty-1.17.1.jar:/root/.m2/repository/io/grpc/grpc-core/1.17.1/grpc-core-1.17.1.jar:/root/.m2/repository/io/grpc/grpc-context/1.17.1/grpc-context-1.17.1.jar:/root/.m2/repository/com/google/errorprone/error_prone_annotations/2.2.0/error_prone_annotations-2.2.0.jar:/root/.m2/repository/org/codehaus/mojo/animal-sniffer-annotations/1.17/animal-sniffer-annotations-1.17.jar:/root/.m2/repository/io/opencensus/opencensus-api/0.17.0/opencensus-api-0.17.0.jar:/root/.m2/repository/io/opencensus/opencensus-contrib-grpc-metrics/0.17.0/opencensus-contrib-grpc-metrics-0.17.0.jar:/root/.m2/repository/io/netty/netty-codec-http2/4.1.30.Final/netty-codec-http2-4.1.30.Final.jar:/root/.m2/repository/io/netty/netty-codec-http/4.1.30.Final/netty-codec-http-4.1.30.Final.jar:/root/.m2/repository/io/netty/netty-codec/4.1.30.Final/netty-codec-4.1.30.Final.jar:/root/.m2/repository/io/netty/netty-handler/4.1.30.Final/netty-handler-4.1.30.Final.jar:/root/.m2/repository/io/netty/netty-handler-proxy/4.1.30.Final/netty-handler-proxy-4.1.30.Final.jar:/root/.m2/repository/io/netty/netty-codec-socks/4.1.30.Final/netty-codec-socks-4.1.30.Final.jar:/root/.m2/repository/io/netty/netty-transport-native-epoll/4.1.30.Final/netty-transport-native-epoll-4.1.30.Final.jar:/root/.m2/repository/io/netty/netty-common/4.1.30.Final/netty-common-4.1.30.Final.jar:/root/.m2/repository/io/netty/netty-buffer/4.1.30.Final/netty-buffer-4.1.30.Final.jar:/root/.m2/repository/io/netty/netty-transport/4.1.30.Final/netty-transport-4.1.30.Final.jar:/root/.m2/repository/io/netty/netty-resolver/4.1.30.Final/netty-resolver-4.1.30.Final.jar:/root/.m2/repository/io/netty/netty-transport-native-unix-common/4.1.30.Final/netty-transport-native-unix-common-4.1.30.Final.jar:/root/.m2/repository/io/grpc/grpc-protobuf/1.17.1/grpc-protobuf-1.17.1.jar:/root/.m2/repository/com/google/api/grpc/proto-google-common-protos/1.0.0/proto-google-common-protos-1.0.0.jar:/root/.m2/repository/io/grpc/grpc-protobuf-lite/1.17.1/grpc-protobuf-lite-1.17.1.jar:/root/.m2/repository/io/grpc/grpc-stub/1.17.1/grpc-stub-1.17.1.jar:/root/.m2/repository/org/apache/hadoop/hadoop-ozone-recon/0.5.0-SNAPSHOT/hadoop-ozone-recon-0.5.0-SNAPSHOT.jar:/root/.m2/repository/org/apache/hadoop/hadoop-ozone-reconcodegen/0.5.0-SNAPSHOT/hadoop-ozone-reconcodegen-0.5.0-SNAPSHOT.jar:/root/.m2/repository/com/google/inject/extensions/guice-multibindings/4.0/guice-multibindings-4.0.jar:/root/.m2/repository/com/google/inject/guice/4.0/guice-4.0.jar:/root/.m2/repository/aopalliance/aopalliance/1.0/aopalliance-1.0.jar:/root/.m2/repository/com/google/inject/extensions/guice-servlet/4.0/guice-servlet-4.0.jar:/root/.m2/repository/org/glassfish/jersey/containers/jersey-container-servlet/2.27/jersey-container-servlet-2.27.jar:/root/.m2/repository/org/glassfish/hk2/guice-bridge/2.5.0/guice-bridge-2.5.0.jar:/root/.m2/repository/org/glassfish/jersey/core/jersey-server/2.27/jersey-server-2.27.jar:/root/.m2/repository/org/glassfish/jersey/core/jersey-client/2.27/jersey-client-2.27.jar:/root/.m2/repository/org/glassfish/jersey/media/jersey-media-jaxb/2.27/jersey-media-jaxb-2.27.jar:/root/.m2/repository/javax/validation/validation-api/1.1.0.Final/validation-api-1.1.0.Final.jar:/root/.m2/repository/org/glassfish/jersey/media/jersey-media-json-jackson/2.27/jersey-media-json-jackson-2.27.jar:/root/.m2/repository/org/glassfish/jersey/ext/jersey-entity-filtering/2.27/jersey-entity-filtering-2.27.jar:/root/.m2/repository/com/google/inject/extensions/guice-assistedinject/4.0/guice-assistedinject-4.0.jar:/root/.m2/repository/org/jooq/jooq/3.11.10/jooq-3.11.10.jar:/root/.m2/repository/org/jooq/jooq-meta/3.11.10/jooq-meta-3.11.10.jar:/root/.m2/repository/org/jooq/jooq-codegen/3.11.10/jooq-codegen-3.11.10.jar:/root/.m2/repository/com/jolbox/bonecp/0.8.0.RELEASE/bonecp-0.8.0.RELEASE.jar:/root/.m2/repository/org/xerial/sqlite-jdbc/3.25.2/sqlite-jdbc-3.25.2.jar:/root/.m2/repository/org/springframework/spring-jdbc/5.1.3.RELEASE/spring-jdbc-5.1.3.RELEASE.jar:/root/.m2/repository/org/springframework/spring-beans/5.1.3.RELEASE/spring-beans-5.1.3.RELEASE.jar:/root/.m2/repository/org/springframework/spring-core/5.1.3.RELEASE/spring-core-5.1.3.RELEASE.jar:/root/.m2/repository/org/springframework/spring-jcl/5.1.3.RELEASE/spring-jcl-5.1.3.RELEASE.jar:/root/.m2/repository/org/springframework/spring-tx/5.1.3.RELEASE/spring-tx-5.1.3.RELEASE.jar:/root/.m2/repository/org/apache/hadoop/hadoop-ozone-client/0.5.0-SNAPSHOT/hadoop-ozone-client-0.5.0-SNAPSHOT.jar:/root/.m2/repository/org/apache/hadoop/hadoop-ozone-ozone-manager/0.5.0-SNAPSHOT/hadoop-ozone-ozone-manager-0.5.0-SNAPSHOT-tests.jar:/root/.m2/repository/junit/junit/4.11/junit-4.11.jar:/root/.m2/repository/org/hamcrest/hamcrest-core/1.3/hamcrest-core-1.3.jar:/root/.m2/repository/org/openjdk/jmh/jmh-core/1.19/jmh-core-1.19.jar:/root/.m2/repository/net/sf/jopt-simple/jopt-simple/4.6/jopt-simple-4.6.jar:/root/.m2/repository/org/apache/commons/commons-math3/3.1.1/commons-math3-3.1.1.jar:/root/.m2/repository/org/openjdk/jmh/jmh-generator-annprocess/1.19/jmh-generator-annprocess-1.19.jar:/root/.m2/repository/org/mockito/mockito-all/1.8.5/mockito-all-1.8.5.jar:/root/.m2/repository/org/apache/hadoop/hadoop-kms/3.2.0/hadoop-kms-3.2.0.jar:/root/.m2/repository/org/apache/hadoop/hadoop-auth/3.2.0/hadoop-auth-3.2.0.jar:/root/.m2/repository/com/nimbusds/nimbus-jose-jwt/4.41.1/nimbus-jose-jwt-4.41.1.jar:/root/.m2/repository/com/github/stephenc/jcip/jcip-annotations/1.0-1/jcip-annotations-1.0-1.jar:/root/.m2/repository/net/minidev/json-smart/2.3/json-smart-2.3.jar:/root/.m2/repository/net/minidev/accessors-smart/1.2/accessors-smart-1.2.jar:/root/.m2/repository/org/ow2/asm/asm/5.0.4/asm-5.0.4.jar:/root/.m2/repository/org/apache/curator/curator-framework/2.12.0/curator-framework-2.12.0.jar:/root/.m2/repository/com/sun/jersey/jersey-core/1.19/jersey-core-1.19.jar:/root/.m2/repository/javax/ws/rs/jsr311-api/1.1.1/jsr311-api-1.1.1.jar:/root/.m2/repository/com/sun/jersey/jersey-server/1.19/jersey-server-1.19.jar:/root/.m2/repository/javax/servlet/javax.servlet-api/3.1.0/javax.servlet-api-3.1.0.jar:/root/.m2/repository/org/eclipse/jetty/jetty-server/9.3.24.v20180605/jetty-server-9.3.24.v20180605.jar:/root/.m2/repository/org/eclipse/jetty/jetty-http/9.3.24.v20180605/jetty-http-9.3.24.v20180605.jar:/root/.m2/repository/org/eclipse/jetty/jetty-io/9.3.24.v20180605/jetty-io-9.3.24.v20180605.jar:/root/.m2/repository/org/eclipse/jetty/jetty-webapp/9.3.24.v20180605/jetty-webapp-9.3.24.v20180605.jar:/root/.m2/repository/org/eclipse/jetty/jetty-xml/9.3.24.v20180605/jetty-xml-9.3.24.v20180605.jar:/root/.m2/repository/log4j/log4j/1.2.17/log4j-1.2.17.jar:/root/.m2/repository/org/slf4j/slf4j-api/1.7.25/slf4j-api-1.7.25.jar:/root/.m2/repository/org/slf4j/jul-to-slf4j/1.7.25/jul-to-slf4j-1.7.25.jar:/root/.m2/repository/org/eclipse/jetty/jetty-util/9.3.24.v20180605/jetty-util-9.3.24.v20180605.jar:/root/.m2/repository/io/dropwizard/metrics/metrics-core/3.2.4/metrics-core-3.2.4.jar:/root/.m2/repository/com/fasterxml/jackson/core/jackson-databind/2.9.5/jackson-databind-2.9.5.jar:/root/.m2/repository/org/apache/hadoop/hadoop-kms/3.2.0/hadoop-kms-3.2.0-tests.jar:/root/.m2/repository/org/apache/hadoop/hadoop-hdds-server-scm/0.5.0-SNAPSHOT/hadoop-hdds-server-scm-0.5.0-SNAPSHOT-tests.jar:/root/.m2/repository/org/hamcrest/hamcrest-all/1.3/hamcrest-all-1.3.jar:/root/.m2/repository/info/picocli/picocli/3.9.6/picocli-3.9.6.jar:/root/.m2/repository/org/apache/hadoop/hadoop-hdds-container-service/0.5.0-SNAPSHOT/hadoop-hdds-container-service-0.5.0-SNAPSHOT-tests.jar:/root/.m2/repository/org/yaml/snakeyaml/1.16/snakeyaml-1.16.jar:/root/.m2/repository/org/apache/hadoop/hadoop-common/3.2.0/hadoop-common-3.2.0-tests.jar:/root/.m2/repository/org/apache/hadoop/hadoop-annotations/3.2.0/hadoop-annotations-3.2.0.jar:/usr/lib/jvm/java-1.8-openjdk/jre/../lib/tools.jar:/root/.m2/repository/commons-cli/commons-cli/1.2/commons-cli-1.2.jar:/root/.m2/repository/org/apache/httpcomponents/httpclient/4.5.2/httpclient-4.5.2.jar:/root/.m2/repository/org/apache/httpcomponents/httpcore/4.4.4/httpcore-4.4.4.jar:/root/.m2/repository/commons-codec/commons-codec/1.11/commons-codec-1.11.jar:/root/.m2/repository/commons-net/commons-net/3.6/commons-net-3.6.jar:/root/.m2/repository/commons-collections/commons-collections/3.2.2/commons-collections-3.2.2.jar:/root/.m2/repository/org/eclipse/jetty/jetty-servlet/9.3.24.v20180605/jetty-servlet-9.3.24.v20180605.jar:/root/.m2/repository/org/eclipse/jetty/jetty-security/9.3.24.v20180605/jetty-security-9.3.24.v20180605.jar:/root/.m2/repository/javax/servlet/jsp/jsp-api/2.1/jsp-api-2.1.jar:/root/.m2/repository/com/sun/jersey/jersey-servlet/1.19/jersey-servlet-1.19.jar:/root/.m2/repository/com/sun/jersey/jersey-json/1.19/jersey-json-1.19.jar:/root/.m2/repository/org/codehaus/jettison/jettison/1.1/jettison-1.1.jar:/root/.m2/repository/org/codehaus/jackson/jackson-core-asl/1.9.13/jackson-core-asl-1.9.13.jar:/root/.m2/repository/org/codehaus/jackson/jackson-mapper-asl/1.9.13/jackson-mapper-asl-1.9.13.jar:/root/.m2/repository/org/codehaus/jackson/jackson-jaxrs/1.9.13/jackson-jaxrs-1.9.13.jar:/root/.m2/repository/org/codehaus/jackson/jackson-xc/1.9.13/jackson-xc-1.9.13.jar:/root/.m2/repository/commons-logging/commons-logging/1.1.3/commons-logging-1.1.3.jar:/root/.m2/repository/commons-beanutils/commons-beanutils/1.9.3/commons-beanutils-1.9.3.jar:/root/.m2/repository/org/apache/commons/commons-configuration2/2.1.1/commons-configuration2-2.1.1.jar:/root/.m2/repository/org/apache/commons/commons-lang3/3.7/commons-lang3-3.7.jar:/root/.m2/repository/org/apache/commons/commons-text/1.4/commons-text-1.4.jar:/root/.m2/repository/org/apache/avro/avro/1.7.7/avro-1.7.7.jar:/root/.m2/repository/com/thoughtworks/paranamer/paranamer/2.3/paranamer-2.3.jar:/root/.m2/repository/org/xerial/snappy/snappy-java/1.0.5/snappy-java-1.0.5.jar:/root/.m2/repository/com/google/re2j/re2j/1.1/re2j-1.1.jar:/root/.m2/repository/com/google/code/gson/gson/2.2.4/gson-2.2.4.jar:/root/.m2/repository/com/jcraft/jsch/0.1.54/jsch-0.1.54.jar:/root/.m2/repository/org/apache/curator/curator-client/2.12.0/curator-client-2.12.0.jar:/root/.m2/repository/org/apache/curator/curator-recipes/2.12.0/curator-recipes-2.12.0.jar:/root/.m2/repository/com/google/code/findbugs/jsr305/3.0.0/jsr305-3.0.0.jar:/root/.m2/repository/org/apache/htrace/htrace-core4/4.1.0-incubating/htrace-core4-4.1.0-incubating.jar:/root/.m2/repository/org/apache/zookeeper/zookeeper/3.4.13/zookeeper-3.4.13.jar:/root/.m2/repository/org/apache/yetus/audience-annotations/0.5.0/audience-annotations-0.5.0.jar:/root/.m2/repository/org/codehaus/woodstox/stax2-api/3.1.4/stax2-api-3.1.4.jar:/root/.m2/repository/com/fasterxml/woodstox/woodstox-core/5.0.3/woodstox-core-5.0.3.jar:/root/.m2/repository/dnsjava/dnsjava/2.1.7/dnsjava-2.1.7.jar:/root/.m2/repository/org/apache/hadoop/hadoop-hdfs/3.2.0/hadoop-hdfs-3.2.0-tests.jar:/root/.m2/repository/org/eclipse/jetty/jetty-util-ajax/9.3.24.v20180605/jetty-util-ajax-9.3.24.v20180605.jar:/root/.m2/repository/commons-daemon/commons-daemon/1.0.13/commons-daemon-1.0.13.jar:/root/.m2/repository/io/netty/netty/3.10.5.Final/netty-3.10.5.Final.jar:/root/.m2/repository/io/netty/netty-all/4.0.52.Final/netty-all-4.0.52.Final.jar:/root/.m2/repository/org/fusesource/leveldbjni/leveldbjni-all/1.8/leveldbjni-all-1.8.jar:"/>
    <property name="sun.cpu.endian" value="little"/>
    <property name="user.home" value="/root"/>
    <property name="user.language" value="en"/>
    <property name="java.specification.vendor" value="Oracle Corporation"/>
    <property name="java.home" value="/usr/lib/jvm/java-1.8-openjdk/jre"/>
    <property name="java.security.krb5.conf" value="/opt/src/hadoop-ozone/integration-test/target/test-classes/krb5.conf"/>
    <property name="basedir" value="/opt/src/hadoop-ozone/integration-test"/>
    <property name="file.separator" value="/"/>
    <property name="line.separator" value="&#10;"/>
    <property name="java.vm.specification.vendor" value="Oracle Corporation"/>
    <property name="java.specification.name" value="Java Platform API Specification"/>
    <property name="java.awt.graphicsenv" value="sun.awt.X11GraphicsEnvironment"/>
    <property name="surefire.real.class.path" value="/opt/src/hadoop-ozone/integration-test/target/surefire/surefirebooter6938699964723043043.jar"/>
    <property name="hadoop.log.dir" value="/opt/src/hadoop-ozone/integration-test/target/log"/>
    <property name="sun.boot.class.path" value="/usr/lib/jvm/java-1.8-openjdk/jre/lib/resources.jar:/usr/lib/jvm/java-1.8-openjdk/jre/lib/rt.jar:/usr/lib/jvm/java-1.8-openjdk/jre/lib/sunrsasign.jar:/usr/lib/jvm/java-1.8-openjdk/jre/lib/jsse.jar:/usr/lib/jvm/java-1.8-openjdk/jre/lib/jce.jar:/usr/lib/jvm/java-1.8-openjdk/jre/lib/charsets.jar:/usr/lib/jvm/java-1.8-openjdk/jre/lib/jfr.jar:/usr/lib/jvm/java-1.8-openjdk/jre/classes"/>
    <property name="sun.management.compiler" value="HotSpot 64-Bit Tiered Compilers"/>
    <property name="java.runtime.version" value="1.8.0_212-b04"/>
    <property name="java.net.preferIPv4Stack" value="true"/>
    <property name="user.name" value="root"/>
    <property name="path.separator" value=":"/>
    <property name="java.security.egd" value="file:///dev/urandom"/>
    <property name="os.version" value="4.15.0-1021-aws"/>
    <property name="java.endorsed.dirs" value="/usr/lib/jvm/java-1.8-openjdk/jre/lib/endorsed"/>
    <property name="java.runtime.name" value="OpenJDK Runtime Environment"/>
    <property name="file.encoding" value="UTF-8"/>
    <property name="java.vm.name" value="OpenJDK 64-Bit Server VM"/>
    <property name="test.build.webapps" value=""/>
    <property name="localRepository" value="/root/.m2/repository"/>
    <property name="java.vendor.url.bug" value="https://icedtea.classpath.org/bugzilla"/>
    <property name="java.io.tmpdir" value="/tmp"/>
    <property name="require.test.libhadoop" value=""/>
    <property name="java.version" value="1.8.0_212"/>
    <property name="user.dir" value="/opt/src/hadoop-ozone/integration-test"/>
    <property name="os.arch" value="amd64"/>
    <property name="java.vm.specification.name" value="Java Virtual Machine Specification"/>
    <property name="test.build.classes" value="/opt/src/hadoop-ozone/integration-test/target/test-classes"/>
    <property name="java.awt.printerjob" value="sun.print.PSPrinterJob"/>
    <property name="sun.os.patch.level" value="unknown"/>
    <property name="hadoop.tmp.dir" value="/opt/src/hadoop-ozone/integration-test/target/tmp"/>
    <property name="java.library.path" value="/usr/lib/jvm/java-1.8-openjdk/jre/lib/amd64/server:/usr/lib/jvm/java-1.8-openjdk/jre/lib/amd64:/usr/lib/jvm/java-1.8-openjdk/jre/../lib/amd64:/opt/src/hadoop-ozone/integration-test/target/native/target/usr/local/lib:/opt/src/hadoop-ozone/integration-test/../../hadoop-common-project/hadoop-common/target/native/target/usr/local/lib:/usr/java/packages/lib/amd64:/usr/lib64:/lib64:/lib:/usr/lib"/>
    <property name="java.vm.info" value="mixed mode"/>
    <property name="java.vendor" value="IcedTea"/>
    <property name="java.vm.version" value="25.212-b04"/>
    <property name="java.ext.dirs" value="/usr/lib/jvm/java-1.8-openjdk/jre/lib/ext:/usr/java/packages/lib/ext"/>
    <property name="sun.io.unicode.encoding" value="UnicodeLittle"/>
    <property name="java.class.version" value="52.0"/>
  </properties>
  <testcase name="testPipelineFail" classname="org.apache.hadoop.hdds.scm.pipeline.TestNodeFailure" time="0">
    <skipped/>
    <system-out><![CDATA[2019-06-14 02:50:59,274 WARN  server.ServerUtils (ServerUtils.java:getScmDbDir(145)) - ozone.scm.db.dirs is not configured. We recommend adding this setting. Falling back to ozone.metadata.dirs instead.
2019-06-14 02:50:59,411 WARN  server.ServerUtils (ServerUtils.java:getScmDbDir(145)) - ozone.scm.db.dirs is not configured. We recommend adding this setting. Falling back to ozone.metadata.dirs instead.
2019-06-14 02:50:59,414 WARN  server.ServerUtils (ServerUtils.java:getScmDbDir(145)) - ozone.scm.db.dirs is not configured. We recommend adding this setting. Falling back to ozone.metadata.dirs instead.
2019-06-14 02:50:59,429 INFO  util.log (Log.java:initialized(192)) - Logging initialized @732ms
2019-06-14 02:50:59,511 INFO  db.DBStoreBuilder (DBStoreBuilder.java:addTable(110)) - using custom profile for table: deletedBlocks
2019-06-14 02:50:59,512 INFO  db.DBStoreBuilder (DBStoreBuilder.java:processTables(161)) - Using default column profile:DBProfile.DISK for Table:deletedBlocks
2019-06-14 02:50:59,512 INFO  db.DBStoreBuilder (DBStoreBuilder.java:addTable(110)) - using custom profile for table: validCerts
2019-06-14 02:50:59,512 INFO  db.DBStoreBuilder (DBStoreBuilder.java:processTables(161)) - Using default column profile:DBProfile.DISK for Table:validCerts
2019-06-14 02:50:59,513 INFO  db.DBStoreBuilder (DBStoreBuilder.java:addTable(110)) - using custom profile for table: revokedCerts
2019-06-14 02:50:59,513 INFO  db.DBStoreBuilder (DBStoreBuilder.java:processTables(161)) - Using default column profile:DBProfile.DISK for Table:revokedCerts
2019-06-14 02:50:59,523 INFO  db.DBStoreBuilder (DBStoreBuilder.java:addTable(110)) - using custom profile for table: default
2019-06-14 02:50:59,523 INFO  db.DBStoreBuilder (DBStoreBuilder.java:processTables(167)) - Using default column profile:DBProfile.DISK for Table:default
2019-06-14 02:50:59,524 INFO  db.DBStoreBuilder (DBStoreBuilder.java:getDbProfile(198)) - Using default options. DBProfile.DISK
2019-06-14 02:51:00,349 INFO  node.SCMNodeManager (SCMNodeManager.java:<init>(108)) - Entering startup safe mode.
2019-06-14 02:51:00,410 INFO  net.NodeSchemaLoader (NodeSchemaLoader.java:loadSchemaFromFile(125)) - Loading file from sun.misc.CompoundEnumeration@443118b0
2019-06-14 02:51:00,411 INFO  net.NodeSchemaLoader (NodeSchemaLoader.java:loadSchema(171)) - Loading network topology layer schema file
2019-06-14 02:51:00,463 WARN  server.ServerUtils (ServerUtils.java:getScmDbDir(145)) - ozone.scm.db.dirs is not configured. We recommend adding this setting. Falling back to ozone.metadata.dirs instead.
2019-06-14 02:51:00,697 INFO  pipeline.SCMPipelineManager (SCMPipelineManager.java:initializePipelineState(126)) - No pipeline exists in current db
2019-06-14 02:51:00,698 WARN  server.ServerUtils (ServerUtils.java:getScmDbDir(145)) - ozone.scm.db.dirs is not configured. We recommend adding this setting. Falling back to ozone.metadata.dirs instead.
2019-06-14 02:51:00,982 WARN  events.EventQueue (EventQueue.java:fireEvent(175)) - No event handler registered for event TypedEvent{payloadType=SafeModeStatus, name='SafeModeStatus'}
2019-06-14 02:51:01,253 INFO  ipc.CallQueueManager (CallQueueManager.java:<init>(84)) - Using callQueue: class java.util.concurrent.LinkedBlockingQueue, queueCapacity: 2000, scheduler: class org.apache.hadoop.ipc.DefaultRpcScheduler, ipcBackoff: false.
2019-06-14 02:51:01,276 INFO  ipc.Server (Server.java:run(1074)) - Starting Socket Reader #1 for port 40269
2019-06-14 02:51:01,296 INFO  ipc.CallQueueManager (CallQueueManager.java:<init>(84)) - Using callQueue: class java.util.concurrent.LinkedBlockingQueue, queueCapacity: 2000, scheduler: class org.apache.hadoop.ipc.DefaultRpcScheduler, ipcBackoff: false.
2019-06-14 02:51:01,297 INFO  ipc.Server (Server.java:run(1074)) - Starting Socket Reader #1 for port 38477
2019-06-14 02:51:01,303 INFO  ipc.CallQueueManager (CallQueueManager.java:<init>(84)) - Using callQueue: class java.util.concurrent.LinkedBlockingQueue, queueCapacity: 2000, scheduler: class org.apache.hadoop.ipc.DefaultRpcScheduler, ipcBackoff: false.
2019-06-14 02:51:01,335 INFO  ipc.Server (Server.java:run(1074)) - Starting Socket Reader #1 for port 36929
2019-06-14 02:51:01,354 INFO  hdfs.DFSUtil (DFSUtil.java:httpServerTemplateForNNAndJN(1641)) - Starting Web-server for scm at: http://0.0.0.0:0
2019-06-14 02:51:01,494 INFO  server.AuthenticationFilter (AuthenticationFilter.java:constructSecretProvider(240)) - Unable to initialize FileSignerSecretProvider, falling back to use random secrets.
2019-06-14 02:51:01,500 WARN  http.HttpRequestLog (HttpRequestLog.java:getRequestLog(97)) - Jetty request log can only be enabled using Log4j
2019-06-14 02:51:01,506 INFO  http.HttpServer2 (HttpServer2.java:addGlobalFilter(975)) - Added global filter 'safety' (class=org.apache.hadoop.http.HttpServer2$QuotingInputFilter)
2019-06-14 02:51:01,508 INFO  http.HttpServer2 (HttpServer2.java:addFilter(948)) - Added filter static_user_filter (class=org.apache.hadoop.http.lib.StaticUserWebFilter$StaticUserFilter) to context scm
2019-06-14 02:51:01,508 INFO  http.HttpServer2 (HttpServer2.java:addFilter(958)) - Added filter static_user_filter (class=org.apache.hadoop.http.lib.StaticUserWebFilter$StaticUserFilter) to context logs
2019-06-14 02:51:01,509 INFO  http.HttpServer2 (HttpServer2.java:addFilter(958)) - Added filter static_user_filter (class=org.apache.hadoop.http.lib.StaticUserWebFilter$StaticUserFilter) to context static
2019-06-14 02:51:01,531 INFO  server.StorageContainerManager (StorageContainerManager.java:start(752)) - StorageContainerLocationProtocol RPC server is listening at /0.0.0.0:36929
2019-06-14 02:51:01,576 WARN  impl.MetricsConfig (MetricsConfig.java:loadFirst(134)) - Cannot locate configuration: tried hadoop-metrics2-storagecontainermanager.properties,hadoop-metrics2.properties
2019-06-14 02:51:01,585 INFO  impl.MetricsSystemImpl (MetricsSystemImpl.java:startTimer(374)) - Scheduled Metric snapshot period at 10 second(s).
2019-06-14 02:51:01,585 INFO  impl.MetricsSystemImpl (MetricsSystemImpl.java:start(191)) - StorageContainerManager metrics system started
2019-06-14 02:51:01,752 INFO  server.SCMClientProtocolServer (SCMClientProtocolServer.java:start(149)) - RPC server for Client  is listening at /0.0.0.0:36929
2019-06-14 02:51:01,752 INFO  ipc.Server (Server.java:run(1314)) - IPC Server Responder: starting
2019-06-14 02:51:01,752 INFO  ipc.Server (Server.java:run(1153)) - IPC Server listener on 36929: starting
2019-06-14 02:51:01,754 INFO  server.StorageContainerManager (StorageContainerManager.java:start(761)) - ScmBlockLocationProtocol RPC server is listening at /0.0.0.0:38477
2019-06-14 02:51:01,755 INFO  server.SCMBlockProtocolServer (SCMBlockProtocolServer.java:start(137)) - RPC server for Block Protocol is listening at /0.0.0.0:38477
2019-06-14 02:51:01,755 INFO  ipc.Server (Server.java:run(1153)) - IPC Server listener on 38477: starting
2019-06-14 02:51:01,755 INFO  ipc.Server (Server.java:run(1314)) - IPC Server Responder: starting
2019-06-14 02:51:01,757 INFO  server.StorageContainerManager (StorageContainerManager.java:start(765)) - ScmDatanodeProtocl RPC server is listening at /0.0.0.0:40269
2019-06-14 02:51:01,757 INFO  server.SCMDatanodeProtocolServer (SCMDatanodeProtocolServer.java:start(191)) - RPC server for DataNodes is listening at /0.0.0.0:40269
2019-06-14 02:51:01,757 INFO  ipc.Server (Server.java:run(1314)) - IPC Server Responder: starting
2019-06-14 02:51:01,757 INFO  ipc.Server (Server.java:run(1153)) - IPC Server listener on 40269: starting
2019-06-14 02:51:01,761 INFO  http.HttpServer2 (HttpServer2.java:bindListener(1191)) - Jetty bound to port 39231
2019-06-14 02:51:01,762 INFO  server.Server (Server.java:doStart(351)) - jetty-9.3.24.v20180605, build timestamp: 2018-06-05T17:11:56Z, git hash: 84205aa28f11a4f31f2a3b86d1bba2cc8ab69827
2019-06-14 02:51:01,802 INFO  handler.ContextHandler (ContextHandler.java:doStart(781)) - Started o.e.j.s.ServletContextHandler@2df6226d{/logs,file:///opt/src/hadoop-ozone/integration-test/target/log,AVAILABLE}
2019-06-14 02:51:01,803 INFO  handler.ContextHandler (ContextHandler.java:doStart(781)) - Started o.e.j.s.ServletContextHandler@4ff4357f{/static,file:///opt/src/hadoop-ozone/integration-test/target/test-classes/webapps/static,AVAILABLE}
2019-06-14 02:51:01,831 INFO  handler.ContextHandler (ContextHandler.java:doStart(781)) - Started o.e.j.w.WebAppContext@34645867{/,file:///opt/src/hadoop-ozone/integration-test/target/test-classes/webapps/scm/,AVAILABLE}{/scm}
2019-06-14 02:51:01,836 INFO  server.AbstractConnector (AbstractConnector.java:doStart(278)) - Started ServerConnector@66629f63{HTTP/1.1,[http/1.1]}{0.0.0.0:39231}
2019-06-14 02:51:01,837 INFO  server.Server (Server.java:doStart(419)) - Started @3140ms
2019-06-14 02:51:01,869 INFO  server.BaseHttpServer (BaseHttpServer.java:updateConnectorAddress(207)) - HTTP server of SCM is listening at http://0.0.0.0:39231
2019-06-14 02:51:01,875 INFO  util.JvmPauseMonitor (JvmPauseMonitor.java:run(188)) - Starting JVM pause monitor
2019-06-14 02:51:01,877 WARN  scm.ScmUtils (ScmUtils.java:getDBPath(63)) - ozone.om.db.dirs is not configured. We recommend adding this setting. Falling back to ozone.metadata.dirs instead.
2019-06-14 02:51:02,021 WARN  scm.ScmUtils (ScmUtils.java:getDBPath(63)) - ozone.om.db.dirs is not configured. We recommend adding this setting. Falling back to ozone.metadata.dirs instead.
2019-06-14 02:51:02,023 INFO  om.OzoneManager (OzoneManager.java:setOMNodeDetails(519)) - OM Service ID is not set. Setting it to the default ID: omServiceIdDefault
2019-06-14 02:51:02,023 INFO  om.OzoneManager (OzoneManager.java:setOMNodeDetails(525)) - OM Node ID is not set. Setting it to the OmStorage's OmID: 295f799d-9e04-4fc3-9dba-acaf955dd61b
2019-06-14 02:51:02,025 WARN  scm.HddsServerUtil (HddsServerUtil.java:getDefaultRatisDirectory(354)) - Storage directory for Ratis is not configured. It is a good idea to map this to an SSD disk. Falling back to ozone.metadata.dirs
2019-06-14 02:51:02,025 WARN  scm.HddsServerUtil (HddsServerUtil.java:getDefaultRatisDirectory(354)) - Storage directory for Ratis is not configured. It is a good idea to map this to an SSD disk. Falling back to ozone.metadata.dirs
2019-06-14 02:51:02,026 INFO  om.OzoneManager (OzoneManager.java:loadOMHAConfigs(476)) - Found matching OM address with OMServiceId: null, OMNodeId: null, RPC Address: localhost:0 and Ratis port: 9872
2019-06-14 02:51:02,202 WARN  scm.ScmUtils (ScmUtils.java:getDBPath(63)) - ozone.om.db.dirs is not configured. We recommend adding this setting. Falling back to ozone.metadata.dirs instead.
2019-06-14 02:51:02,207 INFO  db.DBStoreBuilder (DBStoreBuilder.java:addTable(110)) - using custom profile for table: userTable
2019-06-14 02:51:02,208 INFO  db.DBStoreBuilder (DBStoreBuilder.java:processTables(161)) - Using default column profile:DBProfile.DISK for Table:userTable
2019-06-14 02:51:02,208 INFO  db.DBStoreBuilder (DBStoreBuilder.java:addTable(110)) - using custom profile for table: volumeTable
2019-06-14 02:51:02,208 INFO  db.DBStoreBuilder (DBStoreBuilder.java:processTables(161)) - Using default column profile:DBProfile.DISK for Table:volumeTable
2019-06-14 02:51:02,208 INFO  db.DBStoreBuilder (DBStoreBuilder.java:addTable(110)) - using custom profile for table: bucketTable
2019-06-14 02:51:02,208 INFO  db.DBStoreBuilder (DBStoreBuilder.java:processTables(161)) - Using default column profile:DBProfile.DISK for Table:bucketTable
2019-06-14 02:51:02,209 INFO  db.DBStoreBuilder (DBStoreBuilder.java:addTable(110)) - using custom profile for table: keyTable
2019-06-14 02:51:02,209 INFO  db.DBStoreBuilder (DBStoreBuilder.java:processTables(161)) - Using default column profile:DBProfile.DISK for Table:keyTable
2019-06-14 02:51:02,209 INFO  db.DBStoreBuilder (DBStoreBuilder.java:addTable(110)) - using custom profile for table: deletedTable
2019-06-14 02:51:02,209 INFO  db.DBStoreBuilder (DBStoreBuilder.java:processTables(161)) - Using default column profile:DBProfile.DISK for Table:deletedTable
2019-06-14 02:51:02,210 INFO  db.DBStoreBuilder (DBStoreBuilder.java:addTable(110)) - using custom profile for table: openKeyTable
2019-06-14 02:51:02,210 INFO  db.DBStoreBuilder (DBStoreBuilder.java:processTables(161)) - Using default column profile:DBProfile.DISK for Table:openKeyTable
2019-06-14 02:51:02,210 INFO  db.DBStoreBuilder (DBStoreBuilder.java:addTable(110)) - using custom profile for table: s3Table
2019-06-14 02:51:02,210 INFO  db.DBStoreBuilder (DBStoreBuilder.java:processTables(161)) - Using default column profile:DBProfile.DISK for Table:s3Table
2019-06-14 02:51:02,211 INFO  db.DBStoreBuilder (DBStoreBuilder.java:addTable(110)) - using custom profile for table: multipartInfoTable
2019-06-14 02:51:02,211 INFO  db.DBStoreBuilder (DBStoreBuilder.java:processTables(161)) - Using default column profile:DBProfile.DISK for Table:multipartInfoTable
2019-06-14 02:51:02,211 INFO  db.DBStoreBuilder (DBStoreBuilder.java:addTable(110)) - using custom profile for table: dTokenTable
2019-06-14 02:51:02,211 INFO  db.DBStoreBuilder (DBStoreBuilder.java:processTables(161)) - Using default column profile:DBProfile.DISK for Table:dTokenTable
2019-06-14 02:51:02,211 INFO  db.DBStoreBuilder (DBStoreBuilder.java:addTable(110)) - using custom profile for table: s3SecretTable
2019-06-14 02:51:02,212 INFO  db.DBStoreBuilder (DBStoreBuilder.java:processTables(161)) - Using default column profile:DBProfile.DISK for Table:s3SecretTable
2019-06-14 02:51:02,212 INFO  db.DBStoreBuilder (DBStoreBuilder.java:addTable(110)) - using custom profile for table: prefixTable
2019-06-14 02:51:02,212 INFO  db.DBStoreBuilder (DBStoreBuilder.java:processTables(161)) - Using default column profile:DBProfile.DISK for Table:prefixTable
2019-06-14 02:51:02,213 INFO  db.DBStoreBuilder (DBStoreBuilder.java:addTable(110)) - using custom profile for table: default
2019-06-14 02:51:02,213 INFO  db.DBStoreBuilder (DBStoreBuilder.java:processTables(167)) - Using default column profile:DBProfile.DISK for Table:default
2019-06-14 02:51:02,213 INFO  db.DBStoreBuilder (DBStoreBuilder.java:getDbProfile(198)) - Using default options. DBProfile.DISK
2019-06-14 02:51:04,311 INFO  ipc.CallQueueManager (CallQueueManager.java:<init>(84)) - Using callQueue: class java.util.concurrent.LinkedBlockingQueue, queueCapacity: 2000, scheduler: class org.apache.hadoop.ipc.DefaultRpcScheduler, ipcBackoff: false.
2019-06-14 02:51:04,312 INFO  ipc.Server (Server.java:run(1074)) - Starting Socket Reader #1 for port 46371
2019-06-14 02:51:04,337 WARN  scm.ScmUtils (ScmUtils.java:getDBPath(63)) - ozone.om.db.dirs is not configured. We recommend adding this setting. Falling back to ozone.metadata.dirs instead.
2019-06-14 02:51:04,337 INFO  om.OzoneManager (OzoneManager.java:start(1217)) - OzoneManager RPC server is listening at localhost/127.0.0.1:46371
2019-06-14 02:51:04,338 INFO  impl.MetricsSystemImpl (MetricsSystemImpl.java:init(158)) - OzoneManager metrics system started (again)
2019-06-14 02:51:04,338 INFO  ipc.Server (Server.java:run(1314)) - IPC Server Responder: starting
2019-06-14 02:51:04,338 INFO  ipc.Server (Server.java:run(1153)) - IPC Server listener on 46371: starting
2019-06-14 02:51:04,354 INFO  hdfs.DFSUtil (DFSUtil.java:httpServerTemplateForNNAndJN(1641)) - Starting Web-server for ozoneManager at: http://0.0.0.0:0
2019-06-14 02:51:04,355 INFO  server.AuthenticationFilter (AuthenticationFilter.java:constructSecretProvider(240)) - Unable to initialize FileSignerSecretProvider, falling back to use random secrets.
2019-06-14 02:51:04,356 WARN  http.HttpRequestLog (HttpRequestLog.java:getRequestLog(97)) - Jetty request log can only be enabled using Log4j
2019-06-14 02:51:04,358 INFO  http.HttpServer2 (HttpServer2.java:addGlobalFilter(975)) - Added global filter 'safety' (class=org.apache.hadoop.http.HttpServer2$QuotingInputFilter)
2019-06-14 02:51:04,359 INFO  http.HttpServer2 (HttpServer2.java:addFilter(948)) - Added filter static_user_filter (class=org.apache.hadoop.http.lib.StaticUserWebFilter$StaticUserFilter) to context ozoneManager
2019-06-14 02:51:04,359 INFO  http.HttpServer2 (HttpServer2.java:addFilter(958)) - Added filter static_user_filter (class=org.apache.hadoop.http.lib.StaticUserWebFilter$StaticUserFilter) to context static
2019-06-14 02:51:04,359 INFO  http.HttpServer2 (HttpServer2.java:addFilter(958)) - Added filter static_user_filter (class=org.apache.hadoop.http.lib.StaticUserWebFilter$StaticUserFilter) to context logs
2019-06-14 02:51:04,361 INFO  http.HttpServer2 (HttpServer2.java:bindListener(1191)) - Jetty bound to port 33631
2019-06-14 02:51:04,361 INFO  server.Server (Server.java:doStart(351)) - jetty-9.3.24.v20180605, build timestamp: 2018-06-05T17:11:56Z, git hash: 84205aa28f11a4f31f2a3b86d1bba2cc8ab69827
2019-06-14 02:51:04,363 INFO  handler.ContextHandler (ContextHandler.java:doStart(781)) - Started o.e.j.s.ServletContextHandler@bcb09a6{/logs,file:///opt/src/hadoop-ozone/integration-test/target/log,AVAILABLE}
2019-06-14 02:51:04,364 INFO  handler.ContextHandler (ContextHandler.java:doStart(781)) - Started o.e.j.s.ServletContextHandler@a619c2{/static,file:///opt/src/hadoop-ozone/integration-test/target/test-classes/webapps/static,AVAILABLE}
2019-06-14 02:51:04,368 INFO  handler.ContextHandler (ContextHandler.java:doStart(781)) - Started o.e.j.w.WebAppContext@c9d82f9{/,file:///opt/src/hadoop-ozone/integration-test/target/test-classes/webapps/ozoneManager/,AVAILABLE}{/ozoneManager}
2019-06-14 02:51:04,369 INFO  server.AbstractConnector (AbstractConnector.java:doStart(278)) - Started ServerConnector@6f012914{HTTP/1.1,[http/1.1]}{0.0.0.0:33631}
2019-06-14 02:51:04,374 INFO  server.Server (Server.java:doStart(419)) - Started @5678ms
2019-06-14 02:51:04,375 INFO  server.BaseHttpServer (BaseHttpServer.java:updateConnectorAddress(207)) - HTTP server of OZONEMANAGER is listening at http://0.0.0.0:33631
2019-06-14 02:51:04,530 INFO  impl.MetricsSystemImpl (MetricsSystemImpl.java:init(158)) - HddsDatanode metrics system started (again)
2019-06-14 02:51:04,702 INFO  ozone.HddsDatanodeService (HddsDatanodeService.java:start(185)) - HddsDatanodeService host:ozone-r6sq7-3374789264 ip:192.168.105.164
2019-06-14 02:51:04,746 INFO  volume.HddsVolume (HddsVolume.java:<init>(176)) - Creating Volume: /opt/src/hadoop-ozone/integration-test/target/test-dir/MiniOzoneClusterImpl-7388e2fe-c55c-4faf-9ef5-a5c62a1676be/datanode-0/data/containers/hdds of  storage type : DISK and capacity : 104021790720
2019-06-14 02:51:04,748 INFO  volume.VolumeSet (VolumeSet.java:initializeVolumeSet(170)) - Added Volume : /opt/src/hadoop-ozone/integration-test/target/test-dir/MiniOzoneClusterImpl-7388e2fe-c55c-4faf-9ef5-a5c62a1676be/datanode-0/data/containers/hdds to VolumeSet
2019-06-14 02:51:04,750 INFO  volume.ThrottledAsyncChecker (ThrottledAsyncChecker.java:schedule(140)) - Scheduling a check for org.apache.hadoop.ozone.container.common.volume.HddsVolume@6fd1660
2019-06-14 02:51:04,773 INFO  volume.HddsVolumeChecker (HddsVolumeChecker.java:checkAllVolumes(203)) - Scheduled health check for volume org.apache.hadoop.ozone.container.common.volume.HddsVolume@6fd1660
2019-06-14 02:51:04,819 INFO  ratis.XceiverServerRatis (XceiverServerRatis.java:newXceiverServerRatis(401)) - Found a free port for the server : 34941
2019-06-14 02:51:04,894 INFO  impl.RaftServerProxy (ConfUtils.java:logGet(43)) - raft.rpc.type = GRPC (default)
2019-06-14 02:51:04,906 INFO  grpc.GrpcConfigKeys$Server (ConfUtils.java:logGet(43)) - raft.grpc.server.port = 34941 (custom)
2019-06-14 02:51:04,907 INFO  server.GrpcService (ConfUtils.java:logGet(43)) - raft.grpc.message.size.max = 33570816 (custom)
2019-06-14 02:51:04,908 INFO  server.RaftServerConfigKeys (ConfUtils.java:logGet(43)) - raft.server.log.appender.buffer.byte-limit = 33554432 (custom)
2019-06-14 02:51:04,909 INFO  server.GrpcService (ConfUtils.java:logGet(43)) - raft.grpc.flow.control.window = 1MB (=1048576) (default)
2019-06-14 02:51:04,910 INFO  server.RaftServerConfigKeys (ConfUtils.java:logGet(43)) - raft.server.rpc.request.timeout = 3000ms (default)
2019-06-14 02:51:05,065 INFO  server.RaftServerConfigKeys (ConfUtils.java:logGet(43)) - raft.server.storage.dir = [/opt/src/hadoop-ozone/integration-test/target/test-dir/MiniOzoneClusterImpl-7388e2fe-c55c-4faf-9ef5-a5c62a1676be/datanode-0/data/ratis] (custom)
2019-06-14 02:51:05,072 INFO  server.XceiverServerGrpc (XceiverServerGrpc.java:<init>(97)) - Found a free port for the server : 44023
2019-06-14 02:51:05,102 INFO  replication.SimpleContainerDownloader (SimpleContainerDownloader.java:<init>(72)) - Starting container downloader service to copy containers to replicate.
2019-06-14 02:51:05,112 INFO  hdfs.DFSUtil (DFSUtil.java:httpServerTemplateForNNAndJN(1641)) - Starting Web-server for hddsDatanode at: http://0.0.0.0:0
2019-06-14 02:51:05,114 INFO  server.AuthenticationFilter (AuthenticationFilter.java:constructSecretProvider(240)) - Unable to initialize FileSignerSecretProvider, falling back to use random secrets.
2019-06-14 02:51:05,115 WARN  http.HttpRequestLog (HttpRequestLog.java:getRequestLog(97)) - Jetty request log can only be enabled using Log4j
2019-06-14 02:51:05,116 INFO  http.HttpServer2 (HttpServer2.java:addGlobalFilter(975)) - Added global filter 'safety' (class=org.apache.hadoop.http.HttpServer2$QuotingInputFilter)
2019-06-14 02:51:05,117 INFO  http.HttpServer2 (HttpServer2.java:addFilter(948)) - Added filter static_user_filter (class=org.apache.hadoop.http.lib.StaticUserWebFilter$StaticUserFilter) to context hddsDatanode
2019-06-14 02:51:05,117 INFO  http.HttpServer2 (HttpServer2.java:addFilter(958)) - Added filter static_user_filter (class=org.apache.hadoop.http.lib.StaticUserWebFilter$StaticUserFilter) to context logs
2019-06-14 02:51:05,117 INFO  http.HttpServer2 (HttpServer2.java:addFilter(958)) - Added filter static_user_filter (class=org.apache.hadoop.http.lib.StaticUserWebFilter$StaticUserFilter) to context static
2019-06-14 02:51:05,118 INFO  http.HttpServer2 (HttpServer2.java:bindListener(1191)) - Jetty bound to port 37625
2019-06-14 02:51:05,118 INFO  server.Server (Server.java:doStart(351)) - jetty-9.3.24.v20180605, build timestamp: 2018-06-05T17:11:56Z, git hash: 84205aa28f11a4f31f2a3b86d1bba2cc8ab69827
2019-06-14 02:51:05,123 INFO  handler.ContextHandler (ContextHandler.java:doStart(781)) - Started o.e.j.s.ServletContextHandler@6438a7fe{/logs,file:///opt/src/hadoop-ozone/integration-test/target/log,AVAILABLE}
2019-06-14 02:51:05,124 INFO  handler.ContextHandler (ContextHandler.java:doStart(781)) - Started o.e.j.s.ServletContextHandler@4f5f6e45{/static,jar:file:/root/.m2/repository/org/apache/hadoop/hadoop-hdds-container-service/0.5.0-SNAPSHOT/hadoop-hdds-container-service-0.5.0-SNAPSHOT.jar!/webapps/static,AVAILABLE}
2019-06-14 02:51:05,172 INFO  handler.ContextHandler (ContextHandler.java:doStart(781)) - Started o.e.j.w.WebAppContext@36c0d0bd{/,file:///tmp/jetty-0.0.0.0-37625-hddsDatanode-_-any-2368716928058647990.dir/webapp/,AVAILABLE}{/hddsDatanode}
2019-06-14 02:51:05,173 INFO  server.AbstractConnector (AbstractConnector.java:doStart(278)) - Started ServerConnector@5e1fc2aa{HTTP/1.1,[http/1.1]}{0.0.0.0:37625}
2019-06-14 02:51:05,174 INFO  server.Server (Server.java:doStart(419)) - Started @6477ms
2019-06-14 02:51:05,174 INFO  server.BaseHttpServer (BaseHttpServer.java:updateConnectorAddress(207)) - HTTP server of HDDSDATANODE is listening at http://0.0.0.0:37625
2019-06-14 02:51:06,245 INFO  ozone.HddsDatanodeService (HddsDatanodeService.java:startPlugins(396)) - Started plug-in org.apache.hadoop.ozone.web.OzoneHddsDatanodeService@1f992a3a
2019-06-14 02:51:06,247 INFO  impl.MetricsSystemImpl (MetricsSystemImpl.java:init(158)) - HddsDatanode metrics system started (again)
2019-06-14 02:51:06,248 INFO  ozone.HddsDatanodeService (HddsDatanodeService.java:start(185)) - HddsDatanodeService host:ozone-r6sq7-3374789264 ip:192.168.105.164
2019-06-14 02:51:06,260 INFO  util.JvmPauseMonitor (JvmPauseMonitor.java:run(188)) - Starting JVM pause monitor
2019-06-14 02:51:06,261 INFO  volume.HddsVolume (HddsVolume.java:<init>(176)) - Creating Volume: /opt/src/hadoop-ozone/integration-test/target/test-dir/MiniOzoneClusterImpl-7388e2fe-c55c-4faf-9ef5-a5c62a1676be/datanode-1/data/containers/hdds of  storage type : DISK and capacity : 104021790720
2019-06-14 02:51:06,268 INFO  volume.VolumeSet (VolumeSet.java:initializeVolumeSet(170)) - Added Volume : /opt/src/hadoop-ozone/integration-test/target/test-dir/MiniOzoneClusterImpl-7388e2fe-c55c-4faf-9ef5-a5c62a1676be/datanode-1/data/containers/hdds to VolumeSet
2019-06-14 02:51:06,268 INFO  volume.ThrottledAsyncChecker (ThrottledAsyncChecker.java:schedule(140)) - Scheduling a check for org.apache.hadoop.ozone.container.common.volume.HddsVolume@78a8978a
2019-06-14 02:51:06,280 INFO  volume.HddsVolumeChecker (HddsVolumeChecker.java:checkAllVolumes(203)) - Scheduled health check for volume org.apache.hadoop.ozone.container.common.volume.HddsVolume@78a8978a
2019-06-14 02:51:06,297 INFO  ratis.XceiverServerRatis (XceiverServerRatis.java:newXceiverServerRatis(401)) - Found a free port for the server : 40051
2019-06-14 02:51:06,298 INFO  impl.RaftServerProxy (ConfUtils.java:logGet(43)) - raft.rpc.type = GRPC (default)
2019-06-14 02:51:06,301 INFO  grpc.GrpcConfigKeys$Server (ConfUtils.java:logGet(43)) - raft.grpc.server.port = 40051 (custom)
2019-06-14 02:51:06,301 INFO  server.GrpcService (ConfUtils.java:logGet(43)) - raft.grpc.message.size.max = 33570816 (custom)
2019-06-14 02:51:06,302 INFO  server.RaftServerConfigKeys (ConfUtils.java:logGet(43)) - raft.server.log.appender.buffer.byte-limit = 33554432 (custom)
2019-06-14 02:51:06,302 INFO  server.GrpcService (ConfUtils.java:logGet(43)) - raft.grpc.flow.control.window = 1MB (=1048576) (default)
2019-06-14 02:51:06,302 INFO  server.RaftServerConfigKeys (ConfUtils.java:logGet(43)) - raft.server.rpc.request.timeout = 3000ms (default)
2019-06-14 02:51:06,304 INFO  server.RaftServerConfigKeys (ConfUtils.java:logGet(43)) - raft.server.storage.dir = [/opt/src/hadoop-ozone/integration-test/target/test-dir/MiniOzoneClusterImpl-7388e2fe-c55c-4faf-9ef5-a5c62a1676be/datanode-1/data/ratis] (custom)
2019-06-14 02:51:06,304 INFO  server.XceiverServerGrpc (XceiverServerGrpc.java:<init>(97)) - Found a free port for the server : 36127
2019-06-14 02:51:06,305 INFO  replication.SimpleContainerDownloader (SimpleContainerDownloader.java:<init>(72)) - Starting container downloader service to copy containers to replicate.
2019-06-14 02:51:06,306 INFO  hdfs.DFSUtil (DFSUtil.java:httpServerTemplateForNNAndJN(1641)) - Starting Web-server for hddsDatanode at: http://0.0.0.0:0
2019-06-14 02:51:06,307 INFO  server.AuthenticationFilter (AuthenticationFilter.java:constructSecretProvider(240)) - Unable to initialize FileSignerSecretProvider, falling back to use random secrets.
2019-06-14 02:51:06,309 WARN  http.HttpRequestLog (HttpRequestLog.java:getRequestLog(97)) - Jetty request log can only be enabled using Log4j
2019-06-14 02:51:06,311 INFO  http.HttpServer2 (HttpServer2.java:addGlobalFilter(975)) - Added global filter 'safety' (class=org.apache.hadoop.http.HttpServer2$QuotingInputFilter)
2019-06-14 02:51:06,311 INFO  http.HttpServer2 (HttpServer2.java:addFilter(948)) - Added filter static_user_filter (class=org.apache.hadoop.http.lib.StaticUserWebFilter$StaticUserFilter) to context hddsDatanode
2019-06-14 02:51:06,312 INFO  http.HttpServer2 (HttpServer2.java:addFilter(958)) - Added filter static_user_filter (class=org.apache.hadoop.http.lib.StaticUserWebFilter$StaticUserFilter) to context logs
2019-06-14 02:51:06,312 INFO  http.HttpServer2 (HttpServer2.java:addFilter(958)) - Added filter static_user_filter (class=org.apache.hadoop.http.lib.StaticUserWebFilter$StaticUserFilter) to context static
2019-06-14 02:51:06,312 INFO  http.HttpServer2 (HttpServer2.java:bindListener(1191)) - Jetty bound to port 39005
2019-06-14 02:51:06,313 INFO  server.Server (Server.java:doStart(351)) - jetty-9.3.24.v20180605, build timestamp: 2018-06-05T17:11:56Z, git hash: 84205aa28f11a4f31f2a3b86d1bba2cc8ab69827
2019-06-14 02:51:06,320 INFO  handler.ContextHandler (ContextHandler.java:doStart(781)) - Started o.e.j.s.ServletContextHandler@2574a9e3{/logs,file:///opt/src/hadoop-ozone/integration-test/target/log,AVAILABLE}
2019-06-14 02:51:06,333 INFO  handler.ContextHandler (ContextHandler.java:doStart(781)) - Started o.e.j.s.ServletContextHandler@422ab737{/static,jar:file:/root/.m2/repository/org/apache/hadoop/hadoop-hdds-container-service/0.5.0-SNAPSHOT/hadoop-hdds-container-service-0.5.0-SNAPSHOT.jar!/webapps/static,AVAILABLE}
2019-06-14 02:51:06,367 INFO  handler.ContextHandler (ContextHandler.java:doStart(781)) - Started o.e.j.w.WebAppContext@78da899f{/,file:///tmp/jetty-0.0.0.0-39005-hddsDatanode-_-any-6938772341508507921.dir/webapp/,AVAILABLE}{/hddsDatanode}
2019-06-14 02:51:06,368 INFO  server.AbstractConnector (AbstractConnector.java:doStart(278)) - Started ServerConnector@e7b265e{HTTP/1.1,[http/1.1]}{0.0.0.0:39005}
2019-06-14 02:51:06,368 INFO  server.Server (Server.java:doStart(419)) - Started @7672ms
2019-06-14 02:51:06,370 INFO  server.BaseHttpServer (BaseHttpServer.java:updateConnectorAddress(207)) - HTTP server of HDDSDATANODE is listening at http://0.0.0.0:39005
2019-06-14 02:51:06,416 INFO  datanode.InitDatanodeState (InitDatanodeState.java:persistContainerDatanodeDetails(140)) - DatanodeDetails is persisted to /opt/src/hadoop-ozone/integration-test/target/test-dir/MiniOzoneClusterImpl-7388e2fe-c55c-4faf-9ef5-a5c62a1676be/datanode-0/meta/datanode.id
2019-06-14 02:51:06,521 INFO  ozone.HddsDatanodeService (HddsDatanodeService.java:startPlugins(396)) - Started plug-in org.apache.hadoop.ozone.web.OzoneHddsDatanodeService@63fd4dda
2019-06-14 02:51:06,524 INFO  impl.MetricsSystemImpl (MetricsSystemImpl.java:init(158)) - HddsDatanode metrics system started (again)
2019-06-14 02:51:06,554 INFO  ozone.HddsDatanodeService (HddsDatanodeService.java:start(185)) - HddsDatanodeService host:ozone-r6sq7-3374789264 ip:192.168.105.164
2019-06-14 02:51:06,602 INFO  util.JvmPauseMonitor (JvmPauseMonitor.java:run(188)) - Starting JVM pause monitor
2019-06-14 02:51:06,633 INFO  volume.HddsVolume (HddsVolume.java:<init>(176)) - Creating Volume: /opt/src/hadoop-ozone/integration-test/target/test-dir/MiniOzoneClusterImpl-7388e2fe-c55c-4faf-9ef5-a5c62a1676be/datanode-2/data/containers/hdds of  storage type : DISK and capacity : 104021790720
2019-06-14 02:51:06,635 INFO  datanode.InitDatanodeState (InitDatanodeState.java:persistContainerDatanodeDetails(140)) - DatanodeDetails is persisted to /opt/src/hadoop-ozone/integration-test/target/test-dir/MiniOzoneClusterImpl-7388e2fe-c55c-4faf-9ef5-a5c62a1676be/datanode-1/meta/datanode.id
2019-06-14 02:51:06,637 INFO  volume.VolumeSet (VolumeSet.java:initializeVolumeSet(170)) - Added Volume : /opt/src/hadoop-ozone/integration-test/target/test-dir/MiniOzoneClusterImpl-7388e2fe-c55c-4faf-9ef5-a5c62a1676be/datanode-2/data/containers/hdds to VolumeSet
2019-06-14 02:51:06,647 INFO  volume.ThrottledAsyncChecker (ThrottledAsyncChecker.java:schedule(140)) - Scheduling a check for org.apache.hadoop.ozone.container.common.volume.HddsVolume@4b56b031
2019-06-14 02:51:06,664 INFO  volume.HddsVolumeChecker (HddsVolumeChecker.java:checkAllVolumes(203)) - Scheduled health check for volume org.apache.hadoop.ozone.container.common.volume.HddsVolume@4b56b031
2019-06-14 02:51:06,693 INFO  ratis.XceiverServerRatis (XceiverServerRatis.java:newXceiverServerRatis(401)) - Found a free port for the server : 46129
2019-06-14 02:51:06,694 INFO  impl.RaftServerProxy (ConfUtils.java:logGet(43)) - raft.rpc.type = GRPC (default)
2019-06-14 02:51:06,695 INFO  grpc.GrpcConfigKeys$Server (ConfUtils.java:logGet(43)) - raft.grpc.server.port = 46129 (custom)
2019-06-14 02:51:06,695 INFO  server.GrpcService (ConfUtils.java:logGet(43)) - raft.grpc.message.size.max = 33570816 (custom)
2019-06-14 02:51:06,695 INFO  server.RaftServerConfigKeys (ConfUtils.java:logGet(43)) - raft.server.log.appender.buffer.byte-limit = 33554432 (custom)
2019-06-14 02:51:06,695 INFO  server.GrpcService (ConfUtils.java:logGet(43)) - raft.grpc.flow.control.window = 1MB (=1048576) (default)
2019-06-14 02:51:06,696 INFO  server.RaftServerConfigKeys (ConfUtils.java:logGet(43)) - raft.server.rpc.request.timeout = 3000ms (default)
2019-06-14 02:51:06,696 INFO  server.RaftServerConfigKeys (ConfUtils.java:logGet(43)) - raft.server.storage.dir = [/opt/src/hadoop-ozone/integration-test/target/test-dir/MiniOzoneClusterImpl-7388e2fe-c55c-4faf-9ef5-a5c62a1676be/datanode-2/data/ratis] (custom)
2019-06-14 02:51:06,697 INFO  server.XceiverServerGrpc (XceiverServerGrpc.java:<init>(97)) - Found a free port for the server : 33701
2019-06-14 02:51:06,705 INFO  replication.SimpleContainerDownloader (SimpleContainerDownloader.java:<init>(72)) - Starting container downloader service to copy containers to replicate.
2019-06-14 02:51:06,706 INFO  hdfs.DFSUtil (DFSUtil.java:httpServerTemplateForNNAndJN(1641)) - Starting Web-server for hddsDatanode at: http://0.0.0.0:0
2019-06-14 02:51:06,707 INFO  server.AuthenticationFilter (AuthenticationFilter.java:constructSecretProvider(240)) - Unable to initialize FileSignerSecretProvider, falling back to use random secrets.
2019-06-14 02:51:06,709 WARN  http.HttpRequestLog (HttpRequestLog.java:getRequestLog(97)) - Jetty request log can only be enabled using Log4j
2019-06-14 02:51:06,712 INFO  http.HttpServer2 (HttpServer2.java:addGlobalFilter(975)) - Added global filter 'safety' (class=org.apache.hadoop.http.HttpServer2$QuotingInputFilter)
2019-06-14 02:51:06,712 INFO  http.HttpServer2 (HttpServer2.java:addFilter(948)) - Added filter static_user_filter (class=org.apache.hadoop.http.lib.StaticUserWebFilter$StaticUserFilter) to context hddsDatanode
2019-06-14 02:51:06,712 INFO  http.HttpServer2 (HttpServer2.java:addFilter(958)) - Added filter static_user_filter (class=org.apache.hadoop.http.lib.StaticUserWebFilter$StaticUserFilter) to context logs
2019-06-14 02:51:06,713 INFO  http.HttpServer2 (HttpServer2.java:addFilter(958)) - Added filter static_user_filter (class=org.apache.hadoop.http.lib.StaticUserWebFilter$StaticUserFilter) to context static
2019-06-14 02:51:06,714 INFO  http.HttpServer2 (HttpServer2.java:bindListener(1191)) - Jetty bound to port 44715
2019-06-14 02:51:06,714 INFO  server.Server (Server.java:doStart(351)) - jetty-9.3.24.v20180605, build timestamp: 2018-06-05T17:11:56Z, git hash: 84205aa28f11a4f31f2a3b86d1bba2cc8ab69827
2019-06-14 02:51:06,717 INFO  handler.ContextHandler (ContextHandler.java:doStart(781)) - Started o.e.j.s.ServletContextHandler@2443abd6{/logs,file:///opt/src/hadoop-ozone/integration-test/target/log,AVAILABLE}
2019-06-14 02:51:06,718 INFO  handler.ContextHandler (ContextHandler.java:doStart(781)) - Started o.e.j.s.ServletContextHandler@bd3eff4{/static,jar:file:/root/.m2/repository/org/apache/hadoop/hadoop-hdds-container-service/0.5.0-SNAPSHOT/hadoop-hdds-container-service-0.5.0-SNAPSHOT.jar!/webapps/static,AVAILABLE}
2019-06-14 02:51:06,752 INFO  handler.ContextHandler (ContextHandler.java:doStart(781)) - Started o.e.j.w.WebAppContext@4e80a001{/,file:///tmp/jetty-0.0.0.0-44715-hddsDatanode-_-any-2252799815732344966.dir/webapp/,AVAILABLE}{/hddsDatanode}
2019-06-14 02:51:06,762 INFO  server.AbstractConnector (AbstractConnector.java:doStart(278)) - Started ServerConnector@b57daf0{HTTP/1.1,[http/1.1]}{0.0.0.0:44715}
2019-06-14 02:51:06,762 INFO  server.Server (Server.java:doStart(419)) - Started @8066ms
2019-06-14 02:51:06,763 INFO  server.BaseHttpServer (BaseHttpServer.java:updateConnectorAddress(207)) - HTTP server of HDDSDATANODE is listening at http://0.0.0.0:44715
2019-06-14 02:51:06,917 INFO  ozone.HddsDatanodeService (HddsDatanodeService.java:startPlugins(396)) - Started plug-in org.apache.hadoop.ozone.web.OzoneHddsDatanodeService@7fbf26fc
2019-06-14 02:51:06,917 INFO  impl.MetricsSystemImpl (MetricsSystemImpl.java:init(158)) - HddsDatanode metrics system started (again)
2019-06-14 02:51:06,919 INFO  ozone.HddsDatanodeService (HddsDatanodeService.java:start(185)) - HddsDatanodeService host:ozone-r6sq7-3374789264 ip:192.168.105.164
2019-06-14 02:51:06,938 INFO  util.JvmPauseMonitor (JvmPauseMonitor.java:run(188)) - Starting JVM pause monitor
2019-06-14 02:51:06,940 INFO  datanode.InitDatanodeState (InitDatanodeState.java:persistContainerDatanodeDetails(140)) - DatanodeDetails is persisted to /opt/src/hadoop-ozone/integration-test/target/test-dir/MiniOzoneClusterImpl-7388e2fe-c55c-4faf-9ef5-a5c62a1676be/datanode-2/meta/datanode.id
2019-06-14 02:51:06,940 INFO  volume.HddsVolume (HddsVolume.java:<init>(176)) - Creating Volume: /opt/src/hadoop-ozone/integration-test/target/test-dir/MiniOzoneClusterImpl-7388e2fe-c55c-4faf-9ef5-a5c62a1676be/datanode-3/data/containers/hdds of  storage type : DISK and capacity : 104021790720
2019-06-14 02:51:06,940 INFO  volume.VolumeSet (VolumeSet.java:initializeVolumeSet(170)) - Added Volume : /opt/src/hadoop-ozone/integration-test/target/test-dir/MiniOzoneClusterImpl-7388e2fe-c55c-4faf-9ef5-a5c62a1676be/datanode-3/data/containers/hdds to VolumeSet
2019-06-14 02:51:06,941 INFO  volume.ThrottledAsyncChecker (ThrottledAsyncChecker.java:schedule(140)) - Scheduling a check for org.apache.hadoop.ozone.container.common.volume.HddsVolume@5b5f9003
2019-06-14 02:51:06,942 INFO  volume.HddsVolumeChecker (HddsVolumeChecker.java:checkAllVolumes(203)) - Scheduled health check for volume org.apache.hadoop.ozone.container.common.volume.HddsVolume@5b5f9003
2019-06-14 02:51:06,954 INFO  ratis.XceiverServerRatis (XceiverServerRatis.java:newXceiverServerRatis(401)) - Found a free port for the server : 40861
2019-06-14 02:51:06,956 INFO  impl.RaftServerProxy (ConfUtils.java:logGet(43)) - raft.rpc.type = GRPC (default)
2019-06-14 02:51:06,956 INFO  grpc.GrpcConfigKeys$Server (ConfUtils.java:logGet(43)) - raft.grpc.server.port = 40861 (custom)
2019-06-14 02:51:06,956 INFO  server.GrpcService (ConfUtils.java:logGet(43)) - raft.grpc.message.size.max = 33570816 (custom)
2019-06-14 02:51:06,957 INFO  server.RaftServerConfigKeys (ConfUtils.java:logGet(43)) - raft.server.log.appender.buffer.byte-limit = 33554432 (custom)
2019-06-14 02:51:06,957 INFO  server.GrpcService (ConfUtils.java:logGet(43)) - raft.grpc.flow.control.window = 1MB (=1048576) (default)
2019-06-14 02:51:06,957 INFO  server.RaftServerConfigKeys (ConfUtils.java:logGet(43)) - raft.server.rpc.request.timeout = 3000ms (default)
2019-06-14 02:51:06,958 INFO  server.RaftServerConfigKeys (ConfUtils.java:logGet(43)) - raft.server.storage.dir = [/opt/src/hadoop-ozone/integration-test/target/test-dir/MiniOzoneClusterImpl-7388e2fe-c55c-4faf-9ef5-a5c62a1676be/datanode-3/data/ratis] (custom)
2019-06-14 02:51:06,958 INFO  server.XceiverServerGrpc (XceiverServerGrpc.java:<init>(97)) - Found a free port for the server : 35431
2019-06-14 02:51:06,959 INFO  replication.SimpleContainerDownloader (SimpleContainerDownloader.java:<init>(72)) - Starting container downloader service to copy containers to replicate.
2019-06-14 02:51:06,960 INFO  hdfs.DFSUtil (DFSUtil.java:httpServerTemplateForNNAndJN(1641)) - Starting Web-server for hddsDatanode at: http://0.0.0.0:0
2019-06-14 02:51:06,961 INFO  server.AuthenticationFilter (AuthenticationFilter.java:constructSecretProvider(240)) - Unable to initialize FileSignerSecretProvider, falling back to use random secrets.
2019-06-14 02:51:06,961 WARN  http.HttpRequestLog (HttpRequestLog.java:getRequestLog(97)) - Jetty request log can only be enabled using Log4j
2019-06-14 02:51:06,963 INFO  http.HttpServer2 (HttpServer2.java:addGlobalFilter(975)) - Added global filter 'safety' (class=org.apache.hadoop.http.HttpServer2$QuotingInputFilter)
2019-06-14 02:51:06,964 INFO  http.HttpServer2 (HttpServer2.java:addFilter(948)) - Added filter static_user_filter (class=org.apache.hadoop.http.lib.StaticUserWebFilter$StaticUserFilter) to context hddsDatanode
2019-06-14 02:51:06,964 INFO  http.HttpServer2 (HttpServer2.java:addFilter(958)) - Added filter static_user_filter (class=org.apache.hadoop.http.lib.StaticUserWebFilter$StaticUserFilter) to context logs
2019-06-14 02:51:06,964 INFO  http.HttpServer2 (HttpServer2.java:addFilter(958)) - Added filter static_user_filter (class=org.apache.hadoop.http.lib.StaticUserWebFilter$StaticUserFilter) to context static
2019-06-14 02:51:06,965 INFO  http.HttpServer2 (HttpServer2.java:bindListener(1191)) - Jetty bound to port 40261
2019-06-14 02:51:06,965 INFO  server.Server (Server.java:doStart(351)) - jetty-9.3.24.v20180605, build timestamp: 2018-06-05T17:11:56Z, git hash: 84205aa28f11a4f31f2a3b86d1bba2cc8ab69827
2019-06-14 02:51:06,971 INFO  handler.ContextHandler (ContextHandler.java:doStart(781)) - Started o.e.j.s.ServletContextHandler@2db15f70{/logs,file:///opt/src/hadoop-ozone/integration-test/target/log,AVAILABLE}
2019-06-14 02:51:06,972 INFO  handler.ContextHandler (ContextHandler.java:doStart(781)) - Started o.e.j.s.ServletContextHandler@1f15e689{/static,jar:file:/root/.m2/repository/org/apache/hadoop/hadoop-hdds-container-service/0.5.0-SNAPSHOT/hadoop-hdds-container-service-0.5.0-SNAPSHOT.jar!/webapps/static,AVAILABLE}
2019-06-14 02:51:07,002 INFO  handler.ContextHandler (ContextHandler.java:doStart(781)) - Started o.e.j.w.WebAppContext@6ffd4c0d{/,file:///tmp/jetty-0.0.0.0-40261-hddsDatanode-_-any-6071206055939167459.dir/webapp/,AVAILABLE}{/hddsDatanode}
2019-06-14 02:51:07,003 INFO  server.AbstractConnector (AbstractConnector.java:doStart(278)) - Started ServerConnector@74c9e11{HTTP/1.1,[http/1.1]}{0.0.0.0:40261}
2019-06-14 02:51:07,004 INFO  server.Server (Server.java:doStart(419)) - Started @8307ms
2019-06-14 02:51:07,004 INFO  server.BaseHttpServer (BaseHttpServer.java:updateConnectorAddress(207)) - HTTP server of HDDSDATANODE is listening at http://0.0.0.0:40261
2019-06-14 02:51:07,130 INFO  ozone.HddsDatanodeService (HddsDatanodeService.java:startPlugins(396)) - Started plug-in org.apache.hadoop.ozone.web.OzoneHddsDatanodeService@601d6622
2019-06-14 02:51:07,130 INFO  impl.MetricsSystemImpl (MetricsSystemImpl.java:init(158)) - HddsDatanode metrics system started (again)
2019-06-14 02:51:07,131 INFO  ozone.HddsDatanodeService (HddsDatanodeService.java:start(185)) - HddsDatanodeService host:ozone-r6sq7-3374789264 ip:192.168.105.164
2019-06-14 02:51:07,134 INFO  util.JvmPauseMonitor (JvmPauseMonitor.java:run(188)) - Starting JVM pause monitor
2019-06-14 02:51:07,135 INFO  datanode.InitDatanodeState (InitDatanodeState.java:persistContainerDatanodeDetails(140)) - DatanodeDetails is persisted to /opt/src/hadoop-ozone/integration-test/target/test-dir/MiniOzoneClusterImpl-7388e2fe-c55c-4faf-9ef5-a5c62a1676be/datanode-3/meta/datanode.id
2019-06-14 02:51:07,142 INFO  volume.HddsVolume (HddsVolume.java:<init>(176)) - Creating Volume: /opt/src/hadoop-ozone/integration-test/target/test-dir/MiniOzoneClusterImpl-7388e2fe-c55c-4faf-9ef5-a5c62a1676be/datanode-4/data/containers/hdds of  storage type : DISK and capacity : 104021790720
2019-06-14 02:51:07,142 INFO  volume.VolumeSet (VolumeSet.java:initializeVolumeSet(170)) - Added Volume : /opt/src/hadoop-ozone/integration-test/target/test-dir/MiniOzoneClusterImpl-7388e2fe-c55c-4faf-9ef5-a5c62a1676be/datanode-4/data/containers/hdds to VolumeSet
2019-06-14 02:51:07,142 INFO  volume.ThrottledAsyncChecker (ThrottledAsyncChecker.java:schedule(140)) - Scheduling a check for org.apache.hadoop.ozone.container.common.volume.HddsVolume@57186526
2019-06-14 02:51:07,143 INFO  volume.HddsVolumeChecker (HddsVolumeChecker.java:checkAllVolumes(203)) - Scheduled health check for volume org.apache.hadoop.ozone.container.common.volume.HddsVolume@57186526
2019-06-14 02:51:07,152 INFO  ratis.XceiverServerRatis (XceiverServerRatis.java:newXceiverServerRatis(401)) - Found a free port for the server : 41105
2019-06-14 02:51:07,153 INFO  impl.RaftServerProxy (ConfUtils.java:logGet(43)) - raft.rpc.type = GRPC (default)
2019-06-14 02:51:07,154 INFO  grpc.GrpcConfigKeys$Server (ConfUtils.java:logGet(43)) - raft.grpc.server.port = 41105 (custom)
2019-06-14 02:51:07,154 INFO  server.GrpcService (ConfUtils.java:logGet(43)) - raft.grpc.message.size.max = 33570816 (custom)
2019-06-14 02:51:07,154 INFO  server.RaftServerConfigKeys (ConfUtils.java:logGet(43)) - raft.server.log.appender.buffer.byte-limit = 33554432 (custom)
2019-06-14 02:51:07,154 INFO  server.GrpcService (ConfUtils.java:logGet(43)) - raft.grpc.flow.control.window = 1MB (=1048576) (default)
2019-06-14 02:51:07,155 INFO  server.RaftServerConfigKeys (ConfUtils.java:logGet(43)) - raft.server.rpc.request.timeout = 3000ms (default)
2019-06-14 02:51:07,155 INFO  server.RaftServerConfigKeys (ConfUtils.java:logGet(43)) - raft.server.storage.dir = [/opt/src/hadoop-ozone/integration-test/target/test-dir/MiniOzoneClusterImpl-7388e2fe-c55c-4faf-9ef5-a5c62a1676be/datanode-4/data/ratis] (custom)
2019-06-14 02:51:07,155 INFO  server.XceiverServerGrpc (XceiverServerGrpc.java:<init>(97)) - Found a free port for the server : 36821
2019-06-14 02:51:07,156 INFO  replication.SimpleContainerDownloader (SimpleContainerDownloader.java:<init>(72)) - Starting container downloader service to copy containers to replicate.
2019-06-14 02:51:07,157 INFO  hdfs.DFSUtil (DFSUtil.java:httpServerTemplateForNNAndJN(1641)) - Starting Web-server for hddsDatanode at: http://0.0.0.0:0
2019-06-14 02:51:07,158 INFO  server.AuthenticationFilter (AuthenticationFilter.java:constructSecretProvider(240)) - Unable to initialize FileSignerSecretProvider, falling back to use random secrets.
2019-06-14 02:51:07,158 WARN  http.HttpRequestLog (HttpRequestLog.java:getRequestLog(97)) - Jetty request log can only be enabled using Log4j
2019-06-14 02:51:07,160 INFO  http.HttpServer2 (HttpServer2.java:addGlobalFilter(975)) - Added global filter 'safety' (class=org.apache.hadoop.http.HttpServer2$QuotingInputFilter)
2019-06-14 02:51:07,160 INFO  http.HttpServer2 (HttpServer2.java:addFilter(948)) - Added filter static_user_filter (class=org.apache.hadoop.http.lib.StaticUserWebFilter$StaticUserFilter) to context hddsDatanode
2019-06-14 02:51:07,161 INFO  http.HttpServer2 (HttpServer2.java:addFilter(958)) - Added filter static_user_filter (class=org.apache.hadoop.http.lib.StaticUserWebFilter$StaticUserFilter) to context logs
2019-06-14 02:51:07,161 INFO  http.HttpServer2 (HttpServer2.java:addFilter(958)) - Added filter static_user_filter (class=org.apache.hadoop.http.lib.StaticUserWebFilter$StaticUserFilter) to context static
2019-06-14 02:51:07,161 INFO  http.HttpServer2 (HttpServer2.java:bindListener(1191)) - Jetty bound to port 45519
2019-06-14 02:51:07,162 INFO  server.Server (Server.java:doStart(351)) - jetty-9.3.24.v20180605, build timestamp: 2018-06-05T17:11:56Z, git hash: 84205aa28f11a4f31f2a3b86d1bba2cc8ab69827
2019-06-14 02:51:07,164 INFO  handler.ContextHandler (ContextHandler.java:doStart(781)) - Started o.e.j.s.ServletContextHandler@48cd319d{/logs,file:///opt/src/hadoop-ozone/integration-test/target/log,AVAILABLE}
2019-06-14 02:51:07,164 INFO  handler.ContextHandler (ContextHandler.java:doStart(781)) - Started o.e.j.s.ServletContextHandler@4ef18604{/static,jar:file:/root/.m2/repository/org/apache/hadoop/hadoop-hdds-container-service/0.5.0-SNAPSHOT/hadoop-hdds-container-service-0.5.0-SNAPSHOT.jar!/webapps/static,AVAILABLE}
2019-06-14 02:51:07,187 INFO  handler.ContextHandler (ContextHandler.java:doStart(781)) - Started o.e.j.w.WebAppContext@543fe698{/,file:///tmp/jetty-0.0.0.0-45519-hddsDatanode-_-any-525739591597657163.dir/webapp/,AVAILABLE}{/hddsDatanode}
2019-06-14 02:51:07,188 INFO  server.AbstractConnector (AbstractConnector.java:doStart(278)) - Started ServerConnector@6b2fdffc{HTTP/1.1,[http/1.1]}{0.0.0.0:45519}
2019-06-14 02:51:07,188 INFO  server.Server (Server.java:doStart(419)) - Started @8492ms
2019-06-14 02:51:07,189 INFO  server.BaseHttpServer (BaseHttpServer.java:updateConnectorAddress(207)) - HTTP server of HDDSDATANODE is listening at http://0.0.0.0:45519
2019-06-14 02:51:07,297 INFO  ozone.HddsDatanodeService (HddsDatanodeService.java:startPlugins(396)) - Started plug-in org.apache.hadoop.ozone.web.OzoneHddsDatanodeService@20256a0b
2019-06-14 02:51:07,297 INFO  impl.MetricsSystemImpl (MetricsSystemImpl.java:init(158)) - HddsDatanode metrics system started (again)
2019-06-14 02:51:07,299 INFO  ozone.HddsDatanodeService (HddsDatanodeService.java:start(185)) - HddsDatanodeService host:ozone-r6sq7-3374789264 ip:192.168.105.164
2019-06-14 02:51:07,300 INFO  util.JvmPauseMonitor (JvmPauseMonitor.java:run(188)) - Starting JVM pause monitor
2019-06-14 02:51:07,303 INFO  datanode.InitDatanodeState (InitDatanodeState.java:persistContainerDatanodeDetails(140)) - DatanodeDetails is persisted to /opt/src/hadoop-ozone/integration-test/target/test-dir/MiniOzoneClusterImpl-7388e2fe-c55c-4faf-9ef5-a5c62a1676be/datanode-4/meta/datanode.id
2019-06-14 02:51:07,305 INFO  volume.HddsVolume (HddsVolume.java:<init>(176)) - Creating Volume: /opt/src/hadoop-ozone/integration-test/target/test-dir/MiniOzoneClusterImpl-7388e2fe-c55c-4faf-9ef5-a5c62a1676be/datanode-5/data/containers/hdds of  storage type : DISK and capacity : 104021790720
2019-06-14 02:51:07,306 INFO  volume.VolumeSet (VolumeSet.java:initializeVolumeSet(170)) - Added Volume : /opt/src/hadoop-ozone/integration-test/target/test-dir/MiniOzoneClusterImpl-7388e2fe-c55c-4faf-9ef5-a5c62a1676be/datanode-5/data/containers/hdds to VolumeSet
2019-06-14 02:51:07,306 INFO  volume.ThrottledAsyncChecker (ThrottledAsyncChecker.java:schedule(140)) - Scheduling a check for org.apache.hadoop.ozone.container.common.volume.HddsVolume@7364f68
2019-06-14 02:51:07,307 INFO  volume.HddsVolumeChecker (HddsVolumeChecker.java:checkAllVolumes(203)) - Scheduled health check for volume org.apache.hadoop.ozone.container.common.volume.HddsVolume@7364f68
2019-06-14 02:51:07,320 INFO  ratis.XceiverServerRatis (XceiverServerRatis.java:newXceiverServerRatis(401)) - Found a free port for the server : 34825
2019-06-14 02:51:07,321 INFO  impl.RaftServerProxy (ConfUtils.java:logGet(43)) - raft.rpc.type = GRPC (default)
2019-06-14 02:51:07,321 INFO  grpc.GrpcConfigKeys$Server (ConfUtils.java:logGet(43)) - raft.grpc.server.port = 34825 (custom)
2019-06-14 02:51:07,322 INFO  server.GrpcService (ConfUtils.java:logGet(43)) - raft.grpc.message.size.max = 33570816 (custom)
2019-06-14 02:51:07,322 INFO  server.RaftServerConfigKeys (ConfUtils.java:logGet(43)) - raft.server.log.appender.buffer.byte-limit = 33554432 (custom)
2019-06-14 02:51:07,322 INFO  server.GrpcService (ConfUtils.java:logGet(43)) - raft.grpc.flow.control.window = 1MB (=1048576) (default)
2019-06-14 02:51:07,322 INFO  server.RaftServerConfigKeys (ConfUtils.java:logGet(43)) - raft.server.rpc.request.timeout = 3000ms (default)
2019-06-14 02:51:07,323 INFO  server.RaftServerConfigKeys (ConfUtils.java:logGet(43)) - raft.server.storage.dir = [/opt/src/hadoop-ozone/integration-test/target/test-dir/MiniOzoneClusterImpl-7388e2fe-c55c-4faf-9ef5-a5c62a1676be/datanode-5/data/ratis] (custom)
2019-06-14 02:51:07,323 INFO  server.XceiverServerGrpc (XceiverServerGrpc.java:<init>(97)) - Found a free port for the server : 33411
2019-06-14 02:51:07,324 INFO  replication.SimpleContainerDownloader (SimpleContainerDownloader.java:<init>(72)) - Starting container downloader service to copy containers to replicate.
2019-06-14 02:51:07,325 INFO  hdfs.DFSUtil (DFSUtil.java:httpServerTemplateForNNAndJN(1641)) - Starting Web-server for hddsDatanode at: http://0.0.0.0:0
2019-06-14 02:51:07,326 INFO  server.AuthenticationFilter (AuthenticationFilter.java:constructSecretProvider(240)) - Unable to initialize FileSignerSecretProvider, falling back to use random secrets.
2019-06-14 02:51:07,326 WARN  http.HttpRequestLog (HttpRequestLog.java:getRequestLog(97)) - Jetty request log can only be enabled using Log4j
2019-06-14 02:51:07,327 INFO  http.HttpServer2 (HttpServer2.java:addGlobalFilter(975)) - Added global filter 'safety' (class=org.apache.hadoop.http.HttpServer2$QuotingInputFilter)
2019-06-14 02:51:07,328 INFO  http.HttpServer2 (HttpServer2.java:addFilter(948)) - Added filter static_user_filter (class=org.apache.hadoop.http.lib.StaticUserWebFilter$StaticUserFilter) to context hddsDatanode
2019-06-14 02:51:07,328 INFO  http.HttpServer2 (HttpServer2.java:addFilter(958)) - Added filter static_user_filter (class=org.apache.hadoop.http.lib.StaticUserWebFilter$StaticUserFilter) to context logs
2019-06-14 02:51:07,328 INFO  http.HttpServer2 (HttpServer2.java:addFilter(958)) - Added filter static_user_filter (class=org.apache.hadoop.http.lib.StaticUserWebFilter$StaticUserFilter) to context static
2019-06-14 02:51:07,329 INFO  http.HttpServer2 (HttpServer2.java:bindListener(1191)) - Jetty bound to port 41243
2019-06-14 02:51:07,329 INFO  server.Server (Server.java:doStart(351)) - jetty-9.3.24.v20180605, build timestamp: 2018-06-05T17:11:56Z, git hash: 84205aa28f11a4f31f2a3b86d1bba2cc8ab69827
2019-06-14 02:51:07,338 INFO  handler.ContextHandler (ContextHandler.java:doStart(781)) - Started o.e.j.s.ServletContextHandler@5122e4bf{/logs,file:///opt/src/hadoop-ozone/integration-test/target/log,AVAILABLE}
2019-06-14 02:51:07,339 INFO  handler.ContextHandler (ContextHandler.java:doStart(781)) - Started o.e.j.s.ServletContextHandler@58a7dc4{/static,jar:file:/root/.m2/repository/org/apache/hadoop/hadoop-hdds-container-service/0.5.0-SNAPSHOT/hadoop-hdds-container-service-0.5.0-SNAPSHOT.jar!/webapps/static,AVAILABLE}
2019-06-14 02:51:07,379 INFO  handler.ContextHandler (ContextHandler.java:doStart(781)) - Started o.e.j.w.WebAppContext@578c3fd9{/,file:///tmp/jetty-0.0.0.0-41243-hddsDatanode-_-any-74209041443049857.dir/webapp/,AVAILABLE}{/hddsDatanode}
2019-06-14 02:51:07,380 INFO  server.AbstractConnector (AbstractConnector.java:doStart(278)) - Started ServerConnector@245cb8df{HTTP/1.1,[http/1.1]}{0.0.0.0:41243}
2019-06-14 02:51:07,380 INFO  server.Server (Server.java:doStart(419)) - Started @8684ms
2019-06-14 02:51:07,382 INFO  server.BaseHttpServer (BaseHttpServer.java:updateConnectorAddress(207)) - HTTP server of HDDSDATANODE is listening at http://0.0.0.0:41243
2019-06-14 02:51:07,556 INFO  ozone.HddsDatanodeService (HddsDatanodeService.java:startPlugins(396)) - Started plug-in org.apache.hadoop.ozone.web.OzoneHddsDatanodeService@28daf506
2019-06-14 02:51:07,558 INFO  ozone.MiniOzoneClusterImpl (MiniOzoneClusterImpl.java:lambda$waitForClusterToBeReady$0(142)) - Waiting for cluster to be ready. Got 0 of 6 DN Heartbeats.
2019-06-14 02:51:07,565 INFO  util.JvmPauseMonitor (JvmPauseMonitor.java:run(188)) - Starting JVM pause monitor
2019-06-14 02:51:07,571 INFO  datanode.InitDatanodeState (InitDatanodeState.java:persistContainerDatanodeDetails(140)) - DatanodeDetails is persisted to /opt/src/hadoop-ozone/integration-test/target/test-dir/MiniOzoneClusterImpl-7388e2fe-c55c-4faf-9ef5-a5c62a1676be/datanode-5/meta/datanode.id
2019-06-14 02:51:08,546 INFO  ozoneimpl.OzoneContainer (OzoneContainer.java:start(186)) - Attempting to start container services.
2019-06-14 02:51:08,547 INFO  ozoneimpl.OzoneContainer (OzoneContainer.java:startContainerScrub(160)) - Background container scrubber has been disabled by hdds.containerscrub.enabled
2019-06-14 02:51:08,547 INFO  ratis.XceiverServerRatis (XceiverServerRatis.java:start(418)) - Starting XceiverServerRatis 0eb0790d-2903-4405-8a92-61b60f37e1bd at port 34941
2019-06-14 02:51:08,558 INFO  ozone.MiniOzoneClusterImpl (MiniOzoneClusterImpl.java:lambda$waitForClusterToBeReady$0(142)) - Waiting for cluster to be ready. Got 0 of 6 DN Heartbeats.
2019-06-14 02:51:08,563 INFO  impl.RaftServerProxy (RaftServerProxy.java:lambda$start$3(299)) - 0eb0790d-2903-4405-8a92-61b60f37e1bd: start RPC server
2019-06-14 02:51:08,723 INFO  server.GrpcService (GrpcService.java:startImpl(148)) - 0eb0790d-2903-4405-8a92-61b60f37e1bd: GrpcService started, listening on 0.0.0.0/0.0.0.0:34941
2019-06-14 02:51:08,865 INFO  ozoneimpl.OzoneContainer (OzoneContainer.java:start(186)) - Attempting to start container services.
2019-06-14 02:51:08,867 INFO  ozoneimpl.OzoneContainer (OzoneContainer.java:startContainerScrub(160)) - Background container scrubber has been disabled by hdds.containerscrub.enabled
2019-06-14 02:51:08,868 INFO  ratis.XceiverServerRatis (XceiverServerRatis.java:start(418)) - Starting XceiverServerRatis 53a7a545-c5df-42fc-88d7-183fe101e2dc at port 40051
2019-06-14 02:51:08,910 INFO  impl.RaftServerProxy (RaftServerProxy.java:lambda$start$3(299)) - 53a7a545-c5df-42fc-88d7-183fe101e2dc: start RPC server
2019-06-14 02:51:08,914 INFO  server.GrpcService (GrpcService.java:startImpl(148)) - 53a7a545-c5df-42fc-88d7-183fe101e2dc: GrpcService started, listening on 0.0.0.0/0.0.0.0:40051
2019-06-14 02:51:09,005 INFO  ozoneimpl.OzoneContainer (OzoneContainer.java:start(186)) - Attempting to start container services.
2019-06-14 02:51:09,007 INFO  ozoneimpl.OzoneContainer (OzoneContainer.java:startContainerScrub(160)) - Background container scrubber has been disabled by hdds.containerscrub.enabled
2019-06-14 02:51:09,007 INFO  ratis.XceiverServerRatis (XceiverServerRatis.java:start(418)) - Starting XceiverServerRatis 1c2a283c-9ac1-49eb-8007-e8946137c55b at port 46129
2019-06-14 02:51:09,036 INFO  impl.RaftServerProxy (RaftServerProxy.java:lambda$start$3(299)) - 1c2a283c-9ac1-49eb-8007-e8946137c55b: start RPC server
2019-06-14 02:51:09,039 INFO  server.GrpcService (GrpcService.java:startImpl(148)) - 1c2a283c-9ac1-49eb-8007-e8946137c55b: GrpcService started, listening on 0.0.0.0/0.0.0.0:46129
2019-06-14 02:51:09,249 INFO  ozoneimpl.OzoneContainer (OzoneContainer.java:start(186)) - Attempting to start container services.
2019-06-14 02:51:09,253 INFO  ozoneimpl.OzoneContainer (OzoneContainer.java:startContainerScrub(160)) - Background container scrubber has been disabled by hdds.containerscrub.enabled
2019-06-14 02:51:09,253 INFO  ratis.XceiverServerRatis (XceiverServerRatis.java:start(418)) - Starting XceiverServerRatis 7f969cbd-7381-497b-a123-d65ab9a9dccb at port 40861
2019-06-14 02:51:09,310 INFO  impl.RaftServerProxy (RaftServerProxy.java:lambda$start$3(299)) - 7f969cbd-7381-497b-a123-d65ab9a9dccb: start RPC server
2019-06-14 02:51:09,312 INFO  server.GrpcService (GrpcService.java:startImpl(148)) - 7f969cbd-7381-497b-a123-d65ab9a9dccb: GrpcService started, listening on 0.0.0.0/0.0.0.0:40861
2019-06-14 02:51:09,433 INFO  ozoneimpl.OzoneContainer (OzoneContainer.java:start(186)) - Attempting to start container services.
2019-06-14 02:51:09,433 INFO  ozoneimpl.OzoneContainer (OzoneContainer.java:startContainerScrub(160)) - Background container scrubber has been disabled by hdds.containerscrub.enabled
2019-06-14 02:51:09,433 INFO  ratis.XceiverServerRatis (XceiverServerRatis.java:start(418)) - Starting XceiverServerRatis 721588c4-ce90-4d2e-ae79-8caede392198 at port 41105
2019-06-14 02:51:09,455 INFO  impl.RaftServerProxy (RaftServerProxy.java:lambda$start$3(299)) - 721588c4-ce90-4d2e-ae79-8caede392198: start RPC server
2019-06-14 02:51:09,458 INFO  server.GrpcService (GrpcService.java:startImpl(148)) - 721588c4-ce90-4d2e-ae79-8caede392198: GrpcService started, listening on 0.0.0.0/0.0.0.0:41105
2019-06-14 02:51:09,558 INFO  ozone.MiniOzoneClusterImpl (MiniOzoneClusterImpl.java:lambda$waitForClusterToBeReady$0(142)) - Waiting for cluster to be ready. Got 0 of 6 DN Heartbeats.
2019-06-14 02:51:09,765 INFO  ozoneimpl.OzoneContainer (OzoneContainer.java:start(186)) - Attempting to start container services.
2019-06-14 02:51:09,765 INFO  ozoneimpl.OzoneContainer (OzoneContainer.java:startContainerScrub(160)) - Background container scrubber has been disabled by hdds.containerscrub.enabled
2019-06-14 02:51:09,765 INFO  ratis.XceiverServerRatis (XceiverServerRatis.java:start(418)) - Starting XceiverServerRatis 1c0e416a-94c2-4eed-b44f-7918b99f3b02 at port 34825
2019-06-14 02:51:09,779 INFO  impl.RaftServerProxy (RaftServerProxy.java:lambda$start$3(299)) - 1c0e416a-94c2-4eed-b44f-7918b99f3b02: start RPC server
2019-06-14 02:51:09,782 INFO  server.GrpcService (GrpcService.java:startImpl(148)) - 1c0e416a-94c2-4eed-b44f-7918b99f3b02: GrpcService started, listening on 0.0.0.0/0.0.0.0:34825
2019-06-14 02:51:10,284 INFO  node.SCMNodeManager (SCMNodeManager.java:register(234)) - Registered Data node : 0eb0790d-2903-4405-8a92-61b60f37e1bd{ip: 192.168.105.164, host: ozone-r6sq7-3374789264, networkLocation: /default-rack, certSerialId: null}
2019-06-14 02:51:10,293 INFO  safemode.SCMSafeModeManager (DataNodeSafeModeRule.java:process(71)) - SCM in safe mode. 1 DataNodes registered, 1 required.
2019-06-14 02:51:10,294 INFO  safemode.SCMSafeModeManager (SCMSafeModeManager.java:validateSafeModeExitRules(177)) - ScmSafeModeManager, all rules are successfully validated
2019-06-14 02:51:10,294 INFO  safemode.SCMSafeModeManager (SCMSafeModeManager.java:exitSafeMode(193)) - SCM exiting safe mode.
2019-06-14 02:51:10,559 INFO  ozone.MiniOzoneClusterImpl (MiniOzoneClusterImpl.java:lambda$waitForClusterToBeReady$0(142)) - Waiting for cluster to be ready. Got 1 of 6 DN Heartbeats.
2019-06-14 02:51:10,604 INFO  node.SCMNodeManager (SCMNodeManager.java:register(234)) - Registered Data node : 53a7a545-c5df-42fc-88d7-183fe101e2dc{ip: 192.168.105.164, host: ozone-r6sq7-3374789264, networkLocation: /default-rack, certSerialId: null}
2019-06-14 02:51:10,714 INFO  impl.RaftServerProxy (RaftServerProxy.java:addNew(89)) - 0eb0790d-2903-4405-8a92-61b60f37e1bd: addNew group-83885F0F9E20:[0eb0790d-2903-4405-8a92-61b60f37e1bd:192.168.105.164:34941] returns group-83885F0F9E20:java.util.concurrent.CompletableFuture@305d888b[Not completed]
2019-06-14 02:51:10,739 INFO  impl.RaftServerImpl (RaftServerImpl.java:<init>(91)) - 0eb0790d-2903-4405-8a92-61b60f37e1bd: new RaftServerImpl for group-83885F0F9E20:[0eb0790d-2903-4405-8a92-61b60f37e1bd:192.168.105.164:34941] with ContainerStateMachine:uninitialized
2019-06-14 02:51:10,741 INFO  server.RaftServerConfigKeys (ConfUtils.java:logGet(43)) - raft.server.rpc.timeout.min = 1s (custom)
2019-06-14 02:51:10,743 INFO  server.RaftServerConfigKeys (ConfUtils.java:logGet(43)) - raft.server.rpc.timeout.max = 1200ms (custom)
2019-06-14 02:51:10,743 INFO  server.RaftServerConfigKeys (ConfUtils.java:logGet(43)) - raft.server.rpcslowness.timeout = 10s (custom)
2019-06-14 02:51:10,744 INFO  server.RaftServerConfigKeys (ConfUtils.java:logGet(43)) - raft.server.log.appender.install.snapshot.enabled = true (default)
2019-06-14 02:51:10,751 INFO  impl.RaftServerImpl (ServerState.java:<init>(101)) - 0eb0790d-2903-4405-8a92-61b60f37e1bd:group-83885F0F9E20 ConfigurationManager, init=-1: [0eb0790d-2903-4405-8a92-61b60f37e1bd:192.168.105.164:34941], old=null, confs=<EMPTY_MAP>
2019-06-14 02:51:10,751 INFO  server.RaftServerConfigKeys (ConfUtils.java:logGet(43)) - raft.server.storage.dir = [/opt/src/hadoop-ozone/integration-test/target/test-dir/MiniOzoneClusterImpl-7388e2fe-c55c-4faf-9ef5-a5c62a1676be/datanode-0/data/ratis] (custom)
2019-06-14 02:51:10,759 INFO  storage.RaftStorageDirectory (RaftStorageDirectory.java:analyzeStorage(246)) - The storage directory /opt/src/hadoop-ozone/integration-test/target/test-dir/MiniOzoneClusterImpl-7388e2fe-c55c-4faf-9ef5-a5c62a1676be/datanode-0/data/ratis/b186d594-3c9b-432e-b601-83885f0f9e20 does not exist. Creating ...
2019-06-14 02:51:10,812 INFO  storage.RaftStorageDirectory (RaftStorageDirectory.java:tryLock(328)) - Lock on /opt/src/hadoop-ozone/integration-test/target/test-dir/MiniOzoneClusterImpl-7388e2fe-c55c-4faf-9ef5-a5c62a1676be/datanode-0/data/ratis/b186d594-3c9b-432e-b601-83885f0f9e20/in_use.lock acquired by nodename 10084@ozone-r6sq7-3374789264
2019-06-14 02:51:10,828 INFO  storage.RaftStorage (RaftStorage.java:format(75)) - Storage directory /opt/src/hadoop-ozone/integration-test/target/test-dir/MiniOzoneClusterImpl-7388e2fe-c55c-4faf-9ef5-a5c62a1676be/datanode-0/data/ratis/b186d594-3c9b-432e-b601-83885f0f9e20 has been successfully formatted.
2019-06-14 02:51:10,830 INFO  ratis.ContainerStateMachine (ContainerStateMachine.java:loadSnapshot(199)) - The snapshot info is null.Setting the last applied index to:(t:0, i:~)
2019-06-14 02:51:10,830 INFO  server.RaftServerConfigKeys (ConfUtils.java:logGet(43)) - raft.server.leader.election.timeout = 10s (custom)
2019-06-14 02:51:10,983 INFO  node.SCMNodeManager (SCMNodeManager.java:register(234)) - Registered Data node : 1c2a283c-9ac1-49eb-8007-e8946137c55b{ip: 192.168.105.164, host: ozone-r6sq7-3374789264, networkLocation: /default-rack, certSerialId: null}
2019-06-14 02:51:10,983 INFO  server.RaftServerConfigKeys (ConfUtils.java:logGet(43)) - raft.server.log.use.memory = false (default)
2019-06-14 02:51:10,986 INFO  server.RaftServerConfigKeys (ConfUtils.java:logGet(43)) - raft.server.log.appender.buffer.byte-limit = 33554432 (custom)
2019-06-14 02:51:10,988 INFO  server.RaftServerConfigKeys (ConfUtils.java:logGet(43)) - raft.server.log.segment.size.max = 16384 (custom)
2019-06-14 02:51:10,992 INFO  server.RaftServerConfigKeys (ConfUtils.java:logGet(43)) - raft.server.log.segment.cache.num.max = 2 (custom)
2019-06-14 02:51:10,994 INFO  storage.RaftLogWorker (RaftLogWorker.java:<init>(123)) - new 0eb0790d-2903-4405-8a92-61b60f37e1bd-RaftLogWorker for Storage Directory /opt/src/hadoop-ozone/integration-test/target/test-dir/MiniOzoneClusterImpl-7388e2fe-c55c-4faf-9ef5-a5c62a1676be/datanode-0/data/ratis/b186d594-3c9b-432e-b601-83885f0f9e20
2019-06-14 02:51:10,995 INFO  server.RaftServerConfigKeys (ConfUtils.java:logGet(43)) - raft.server.log.queue.byte-limit = 2147483647 (custom)
2019-06-14 02:51:10,995 INFO  server.RaftServerConfigKeys (ConfUtils.java:logGet(43)) - raft.server.log.queue.element-limit = 1024 (custom)
2019-06-14 02:51:10,996 INFO  server.RaftServerConfigKeys (ConfUtils.java:logGet(43)) - raft.server.log.segment.size.max = 16384 (custom)
2019-06-14 02:51:10,997 INFO  server.RaftServerConfigKeys (ConfUtils.java:logGet(43)) - raft.server.log.preallocated.size = 16384 (custom)
2019-06-14 02:51:10,997 INFO  server.RaftServerConfigKeys (ConfUtils.java:logGet(43)) - raft.server.log.write.buffer.size = 33554432 (custom)
2019-06-14 02:51:10,998 INFO  server.RaftServerConfigKeys (ConfUtils.java:logGet(43)) - raft.server.log.force.sync.num = 128 (default)
2019-06-14 02:51:10,998 INFO  server.RaftServerConfigKeys (ConfUtils.java:logGet(43)) - raft.server.log.statemachine.data.sync = true (default)
2019-06-14 02:51:10,999 INFO  server.RaftServerConfigKeys (ConfUtils.java:logGet(43)) - raft.server.log.statemachine.data.sync.timeout = 10s (default)
2019-06-14 02:51:10,999 INFO  server.RaftServerConfigKeys (ConfUtils.java:logGet(43)) - raft.server.log.statemachine.data.sync.timeout.retry = -1 (default)
2019-06-14 02:51:11,001 INFO  server.RaftServerConfigKeys (ConfUtils.java:logGet(43)) - raft.server.log.statemachine.data.caching.enabled = true (custom)
2019-06-14 02:51:11,007 INFO  server.RaftServerConfigKeys (ConfUtils.java:logGet(43)) - raft.server.snapshot.auto.trigger.enabled = true (custom)
2019-06-14 02:51:11,008 INFO  server.RaftServerConfigKeys (ConfUtils.java:logGet(43)) - raft.server.snapshot.auto.trigger.threshold = 10000 (custom)
2019-06-14 02:51:11,008 INFO  server.RaftServerConfigKeys (ConfUtils.java:logGet(43)) - raft.server.retrycache.expirytime = 600000ms (custom)
2019-06-14 02:51:11,023 INFO  impl.RaftServerImpl (RaftServerImpl.java:start(173)) - 0eb0790d-2903-4405-8a92-61b60f37e1bd: start group-83885F0F9E20
2019-06-14 02:51:11,023 INFO  impl.RaftServerImpl (RaftServerImpl.java:setRole(164)) - 0eb0790d-2903-4405-8a92-61b60f37e1bd:group-83885F0F9E20 changes role from null to FOLLOWER at term 0 for startAsFollower
2019-06-14 02:51:11,024 INFO  impl.RoleInfo (RoleInfo.java:updateAndGet(143)) - 0eb0790d-2903-4405-8a92-61b60f37e1bd: start FollowerState
2019-06-14 02:51:11,026 INFO  util.JmxRegister (JmxRegister.java:tryRegister(44)) - Successfully registered JMX Bean with object name Ratis:service=RaftServer,group=group-83885F0F9E20,id=0eb0790d-2903-4405-8a92-61b60f37e1bd
2019-06-14 02:51:11,064 INFO  pipeline.PipelineStateManager (PipelineStateManager.java:addPipeline(56)) - Created pipeline Pipeline[ Id: b186d594-3c9b-432e-b601-83885f0f9e20, Nodes: 0eb0790d-2903-4405-8a92-61b60f37e1bd{ip: 192.168.105.164, host: ozone-r6sq7-3374789264, networkLocation: /default-rack, certSerialId: null}, Type:RATIS, Factor:ONE, State:OPEN]
2019-06-14 02:51:11,084 INFO  impl.RaftServerProxy (RaftServerProxy.java:addNew(89)) - 1c2a283c-9ac1-49eb-8007-e8946137c55b: addNew group-0C0B4C24A00E:[1c2a283c-9ac1-49eb-8007-e8946137c55b:192.168.105.164:46129] returns group-0C0B4C24A00E:java.util.concurrent.CompletableFuture@16a55701[Not completed]
2019-06-14 02:51:11,085 INFO  impl.RaftServerImpl (RaftServerImpl.java:<init>(91)) - 1c2a283c-9ac1-49eb-8007-e8946137c55b: new RaftServerImpl for group-0C0B4C24A00E:[1c2a283c-9ac1-49eb-8007-e8946137c55b:192.168.105.164:46129] with ContainerStateMachine:uninitialized
2019-06-14 02:51:11,086 INFO  server.RaftServerConfigKeys (ConfUtils.java:logGet(43)) - raft.server.rpc.timeout.min = 1s (custom)
2019-06-14 02:51:11,086 INFO  server.RaftServerConfigKeys (ConfUtils.java:logGet(43)) - raft.server.rpc.timeout.max = 1200ms (custom)
2019-06-14 02:51:11,086 INFO  server.RaftServerConfigKeys (ConfUtils.java:logGet(43)) - raft.server.rpcslowness.timeout = 10s (custom)
2019-06-14 02:51:11,086 INFO  server.RaftServerConfigKeys (ConfUtils.java:logGet(43)) - raft.server.log.appender.install.snapshot.enabled = true (default)
2019-06-14 02:51:11,086 INFO  impl.RaftServerImpl (ServerState.java:<init>(101)) - 1c2a283c-9ac1-49eb-8007-e8946137c55b:group-0C0B4C24A00E ConfigurationManager, init=-1: [1c2a283c-9ac1-49eb-8007-e8946137c55b:192.168.105.164:46129], old=null, confs=<EMPTY_MAP>
2019-06-14 02:51:11,087 INFO  server.RaftServerConfigKeys (ConfUtils.java:logGet(43)) - raft.server.storage.dir = [/opt/src/hadoop-ozone/integration-test/target/test-dir/MiniOzoneClusterImpl-7388e2fe-c55c-4faf-9ef5-a5c62a1676be/datanode-2/data/ratis] (custom)
2019-06-14 02:51:11,087 INFO  storage.RaftStorageDirectory (RaftStorageDirectory.java:analyzeStorage(246)) - The storage directory /opt/src/hadoop-ozone/integration-test/target/test-dir/MiniOzoneClusterImpl-7388e2fe-c55c-4faf-9ef5-a5c62a1676be/datanode-2/data/ratis/0ef4270b-dec2-4c57-8929-0c0b4c24a00e does not exist. Creating ...
2019-06-14 02:51:11,118 INFO  storage.RaftStorageDirectory (RaftStorageDirectory.java:tryLock(328)) - Lock on /opt/src/hadoop-ozone/integration-test/target/test-dir/MiniOzoneClusterImpl-7388e2fe-c55c-4faf-9ef5-a5c62a1676be/datanode-2/data/ratis/0ef4270b-dec2-4c57-8929-0c0b4c24a00e/in_use.lock acquired by nodename 10084@ozone-r6sq7-3374789264
2019-06-14 02:51:11,136 INFO  node.SCMNodeManager (SCMNodeManager.java:register(234)) - Registered Data node : 7f969cbd-7381-497b-a123-d65ab9a9dccb{ip: 192.168.105.164, host: ozone-r6sq7-3374789264, networkLocation: /default-rack, certSerialId: null}
2019-06-14 02:51:11,149 INFO  storage.RaftStorage (RaftStorage.java:format(75)) - Storage directory /opt/src/hadoop-ozone/integration-test/target/test-dir/MiniOzoneClusterImpl-7388e2fe-c55c-4faf-9ef5-a5c62a1676be/datanode-2/data/ratis/0ef4270b-dec2-4c57-8929-0c0b4c24a00e has been successfully formatted.
2019-06-14 02:51:11,149 INFO  ratis.ContainerStateMachine (ContainerStateMachine.java:loadSnapshot(199)) - The snapshot info is null.Setting the last applied index to:(t:0, i:~)
2019-06-14 02:51:11,150 INFO  server.RaftServerConfigKeys (ConfUtils.java:logGet(43)) - raft.server.leader.election.timeout = 10s (custom)
2019-06-14 02:51:11,150 INFO  server.RaftServerConfigKeys (ConfUtils.java:logGet(43)) - raft.server.log.use.memory = false (default)
2019-06-14 02:51:11,150 INFO  server.RaftServerConfigKeys (ConfUtils.java:logGet(43)) - raft.server.log.appender.buffer.byte-limit = 33554432 (custom)
2019-06-14 02:51:11,150 INFO  server.RaftServerConfigKeys (ConfUtils.java:logGet(43)) - raft.server.log.segment.size.max = 16384 (custom)
2019-06-14 02:51:11,150 INFO  server.RaftServerConfigKeys (ConfUtils.java:logGet(43)) - raft.server.log.segment.cache.num.max = 2 (custom)
2019-06-14 02:51:11,150 INFO  storage.RaftLogWorker (RaftLogWorker.java:<init>(123)) - new 1c2a283c-9ac1-49eb-8007-e8946137c55b-RaftLogWorker for Storage Directory /opt/src/hadoop-ozone/integration-test/target/test-dir/MiniOzoneClusterImpl-7388e2fe-c55c-4faf-9ef5-a5c62a1676be/datanode-2/data/ratis/0ef4270b-dec2-4c57-8929-0c0b4c24a00e
2019-06-14 02:51:11,152 INFO  server.RaftServerConfigKeys (ConfUtils.java:logGet(43)) - raft.server.log.queue.byte-limit = 2147483647 (custom)
2019-06-14 02:51:11,152 INFO  server.RaftServerConfigKeys (ConfUtils.java:logGet(43)) - raft.server.log.queue.element-limit = 1024 (custom)
2019-06-14 02:51:11,152 INFO  server.RaftServerConfigKeys (ConfUtils.java:logGet(43)) - raft.server.log.segment.size.max = 16384 (custom)
2019-06-14 02:51:11,153 INFO  server.RaftServerConfigKeys (ConfUtils.java:logGet(43)) - raft.server.log.preallocated.size = 16384 (custom)
2019-06-14 02:51:11,153 INFO  server.RaftServerConfigKeys (ConfUtils.java:logGet(43)) - raft.server.log.write.buffer.size = 33554432 (custom)
2019-06-14 02:51:11,153 INFO  server.RaftServerConfigKeys (ConfUtils.java:logGet(43)) - raft.server.log.force.sync.num = 128 (default)
2019-06-14 02:51:11,153 INFO  server.RaftServerConfigKeys (ConfUtils.java:logGet(43)) - raft.server.log.statemachine.data.sync = true (default)
2019-06-14 02:51:11,153 INFO  server.RaftServerConfigKeys (ConfUtils.java:logGet(43)) - raft.server.log.statemachine.data.sync.timeout = 10s (default)
2019-06-14 02:51:11,153 INFO  server.RaftServerConfigKeys (ConfUtils.java:logGet(43)) - raft.server.log.statemachine.data.sync.timeout.retry = -1 (default)
2019-06-14 02:51:11,153 INFO  server.RaftServerConfigKeys (ConfUtils.java:logGet(43)) - raft.server.log.statemachine.data.caching.enabled = true (custom)
2019-06-14 02:51:11,154 INFO  server.RaftServerConfigKeys (ConfUtils.java:logGet(43)) - raft.server.snapshot.auto.trigger.enabled = true (custom)
2019-06-14 02:51:11,154 INFO  server.RaftServerConfigKeys (ConfUtils.java:logGet(43)) - raft.server.snapshot.auto.trigger.threshold = 10000 (custom)
2019-06-14 02:51:11,154 INFO  server.RaftServerConfigKeys (ConfUtils.java:logGet(43)) - raft.server.retrycache.expirytime = 600000ms (custom)
2019-06-14 02:51:11,154 INFO  impl.RaftServerImpl (RaftServerImpl.java:start(173)) - 1c2a283c-9ac1-49eb-8007-e8946137c55b: start group-0C0B4C24A00E
2019-06-14 02:51:11,154 INFO  impl.RaftServerImpl (RaftServerImpl.java:setRole(164)) - 1c2a283c-9ac1-49eb-8007-e8946137c55b:group-0C0B4C24A00E changes role from null to FOLLOWER at term 0 for startAsFollower
2019-06-14 02:51:11,154 INFO  impl.RoleInfo (RoleInfo.java:updateAndGet(143)) - 1c2a283c-9ac1-49eb-8007-e8946137c55b: start FollowerState
2019-06-14 02:51:11,156 INFO  util.JmxRegister (JmxRegister.java:tryRegister(44)) - Successfully registered JMX Bean with object name Ratis:service=RaftServer,group=group-0C0B4C24A00E,id=1c2a283c-9ac1-49eb-8007-e8946137c55b
2019-06-14 02:51:11,164 INFO  pipeline.PipelineStateManager (PipelineStateManager.java:addPipeline(56)) - Created pipeline Pipeline[ Id: 0ef4270b-dec2-4c57-8929-0c0b4c24a00e, Nodes: 1c2a283c-9ac1-49eb-8007-e8946137c55b{ip: 192.168.105.164, host: ozone-r6sq7-3374789264, networkLocation: /default-rack, certSerialId: null}, Type:RATIS, Factor:ONE, State:OPEN]
2019-06-14 02:51:11,176 INFO  impl.RaftServerProxy (RaftServerProxy.java:addNew(89)) - 53a7a545-c5df-42fc-88d7-183fe101e2dc: addNew group-EFBB2149A1E7:[53a7a545-c5df-42fc-88d7-183fe101e2dc:192.168.105.164:40051] returns group-EFBB2149A1E7:java.util.concurrent.CompletableFuture@28230649[Not completed]
2019-06-14 02:51:11,201 INFO  impl.RaftServerImpl (RaftServerImpl.java:<init>(91)) - 53a7a545-c5df-42fc-88d7-183fe101e2dc: new RaftServerImpl for group-EFBB2149A1E7:[53a7a545-c5df-42fc-88d7-183fe101e2dc:192.168.105.164:40051] with ContainerStateMachine:uninitialized
2019-06-14 02:51:11,201 INFO  server.RaftServerConfigKeys (ConfUtils.java:logGet(43)) - raft.server.rpc.timeout.min = 1s (custom)
2019-06-14 02:51:11,201 INFO  server.RaftServerConfigKeys (ConfUtils.java:logGet(43)) - raft.server.rpc.timeout.max = 1200ms (custom)
2019-06-14 02:51:11,201 INFO  server.RaftServerConfigKeys (ConfUtils.java:logGet(43)) - raft.server.rpcslowness.timeout = 10s (custom)
2019-06-14 02:51:11,201 INFO  server.RaftServerConfigKeys (ConfUtils.java:logGet(43)) - raft.server.log.appender.install.snapshot.enabled = true (default)
2019-06-14 02:51:11,201 INFO  impl.RaftServerImpl (ServerState.java:<init>(101)) - 53a7a545-c5df-42fc-88d7-183fe101e2dc:group-EFBB2149A1E7 ConfigurationManager, init=-1: [53a7a545-c5df-42fc-88d7-183fe101e2dc:192.168.105.164:40051], old=null, confs=<EMPTY_MAP>
2019-06-14 02:51:11,201 INFO  server.RaftServerConfigKeys (ConfUtils.java:logGet(43)) - raft.server.storage.dir = [/opt/src/hadoop-ozone/integration-test/target/test-dir/MiniOzoneClusterImpl-7388e2fe-c55c-4faf-9ef5-a5c62a1676be/datanode-1/data/ratis] (custom)
2019-06-14 02:51:11,202 INFO  storage.RaftStorageDirectory (RaftStorageDirectory.java:analyzeStorage(246)) - The storage directory /opt/src/hadoop-ozone/integration-test/target/test-dir/MiniOzoneClusterImpl-7388e2fe-c55c-4faf-9ef5-a5c62a1676be/datanode-1/data/ratis/8d54ec55-786b-4b81-b094-efbb2149a1e7 does not exist. Creating ...
2019-06-14 02:51:11,245 INFO  storage.RaftStorageDirectory (RaftStorageDirectory.java:tryLock(328)) - Lock on /opt/src/hadoop-ozone/integration-test/target/test-dir/MiniOzoneClusterImpl-7388e2fe-c55c-4faf-9ef5-a5c62a1676be/datanode-1/data/ratis/8d54ec55-786b-4b81-b094-efbb2149a1e7/in_use.lock acquired by nodename 10084@ozone-r6sq7-3374789264
2019-06-14 02:51:11,290 INFO  storage.RaftStorage (RaftStorage.java:format(75)) - Storage directory /opt/src/hadoop-ozone/integration-test/target/test-dir/MiniOzoneClusterImpl-7388e2fe-c55c-4faf-9ef5-a5c62a1676be/datanode-1/data/ratis/8d54ec55-786b-4b81-b094-efbb2149a1e7 has been successfully formatted.
2019-06-14 02:51:11,292 INFO  ratis.ContainerStateMachine (ContainerStateMachine.java:loadSnapshot(199)) - The snapshot info is null.Setting the last applied index to:(t:0, i:~)
2019-06-14 02:51:11,293 INFO  server.RaftServerConfigKeys (ConfUtils.java:logGet(43)) - raft.server.leader.election.timeout = 10s (custom)
2019-06-14 02:51:11,293 INFO  server.RaftServerConfigKeys (ConfUtils.java:logGet(43)) - raft.server.log.use.memory = false (default)
2019-06-14 02:51:11,293 INFO  server.RaftServerConfigKeys (ConfUtils.java:logGet(43)) - raft.server.log.appender.buffer.byte-limit = 33554432 (custom)
2019-06-14 02:51:11,293 INFO  server.RaftServerConfigKeys (ConfUtils.java:logGet(43)) - raft.server.log.segment.size.max = 16384 (custom)
2019-06-14 02:51:11,293 INFO  server.RaftServerConfigKeys (ConfUtils.java:logGet(43)) - raft.server.log.segment.cache.num.max = 2 (custom)
2019-06-14 02:51:11,293 INFO  storage.RaftLogWorker (RaftLogWorker.java:<init>(123)) - new 53a7a545-c5df-42fc-88d7-183fe101e2dc-RaftLogWorker for Storage Directory /opt/src/hadoop-ozone/integration-test/target/test-dir/MiniOzoneClusterImpl-7388e2fe-c55c-4faf-9ef5-a5c62a1676be/datanode-1/data/ratis/8d54ec55-786b-4b81-b094-efbb2149a1e7
2019-06-14 02:51:11,293 INFO  server.RaftServerConfigKeys (ConfUtils.java:logGet(43)) - raft.server.log.queue.byte-limit = 2147483647 (custom)
2019-06-14 02:51:11,293 INFO  server.RaftServerConfigKeys (ConfUtils.java:logGet(43)) - raft.server.log.queue.element-limit = 1024 (custom)
2019-06-14 02:51:11,293 INFO  server.RaftServerConfigKeys (ConfUtils.java:logGet(43)) - raft.server.log.segment.size.max = 16384 (custom)
2019-06-14 02:51:11,293 INFO  server.RaftServerConfigKeys (ConfUtils.java:logGet(43)) - raft.server.log.preallocated.size = 16384 (custom)
2019-06-14 02:51:11,294 INFO  server.RaftServerConfigKeys (ConfUtils.java:logGet(43)) - raft.server.log.write.buffer.size = 33554432 (custom)
2019-06-14 02:51:11,294 INFO  server.RaftServerConfigKeys (ConfUtils.java:logGet(43)) - raft.server.log.force.sync.num = 128 (default)
2019-06-14 02:51:11,294 INFO  server.RaftServerConfigKeys (ConfUtils.java:logGet(43)) - raft.server.log.statemachine.data.sync = true (default)
2019-06-14 02:51:11,294 INFO  server.RaftServerConfigKeys (ConfUtils.java:logGet(43)) - raft.server.log.statemachine.data.sync.timeout = 10s (default)
2019-06-14 02:51:11,294 INFO  server.RaftServerConfigKeys (ConfUtils.java:logGet(43)) - raft.server.log.statemachine.data.sync.timeout.retry = -1 (default)
2019-06-14 02:51:11,294 INFO  server.RaftServerConfigKeys (ConfUtils.java:logGet(43)) - raft.server.log.statemachine.data.caching.enabled = true (custom)
2019-06-14 02:51:11,294 INFO  server.RaftServerConfigKeys (ConfUtils.java:logGet(43)) - raft.server.snapshot.auto.trigger.enabled = true (custom)
2019-06-14 02:51:11,294 INFO  server.RaftServerConfigKeys (ConfUtils.java:logGet(43)) - raft.server.snapshot.auto.trigger.threshold = 10000 (custom)
2019-06-14 02:51:11,294 INFO  server.RaftServerConfigKeys (ConfUtils.java:logGet(43)) - raft.server.retrycache.expirytime = 600000ms (custom)
2019-06-14 02:51:11,295 INFO  impl.RaftServerImpl (RaftServerImpl.java:start(173)) - 53a7a545-c5df-42fc-88d7-183fe101e2dc: start group-EFBB2149A1E7
2019-06-14 02:51:11,295 INFO  impl.RaftServerImpl (RaftServerImpl.java:setRole(164)) - 53a7a545-c5df-42fc-88d7-183fe101e2dc:group-EFBB2149A1E7 changes role from null to FOLLOWER at term 0 for startAsFollower
2019-06-14 02:51:11,295 INFO  impl.RoleInfo (RoleInfo.java:updateAndGet(143)) - 53a7a545-c5df-42fc-88d7-183fe101e2dc: start FollowerState
2019-06-14 02:51:11,295 INFO  util.JmxRegister (JmxRegister.java:tryRegister(44)) - Successfully registered JMX Bean with object name Ratis:service=RaftServer,group=group-EFBB2149A1E7,id=53a7a545-c5df-42fc-88d7-183fe101e2dc
2019-06-14 02:51:11,301 INFO  pipeline.PipelineStateManager (PipelineStateManager.java:addPipeline(56)) - Created pipeline Pipeline[ Id: 8d54ec55-786b-4b81-b094-efbb2149a1e7, Nodes: 53a7a545-c5df-42fc-88d7-183fe101e2dc{ip: 192.168.105.164, host: ozone-r6sq7-3374789264, networkLocation: /default-rack, certSerialId: null}, Type:RATIS, Factor:ONE, State:OPEN]
2019-06-14 02:51:11,303 INFO  node.SCMNodeManager (SCMNodeManager.java:register(234)) - Registered Data node : 721588c4-ce90-4d2e-ae79-8caede392198{ip: 192.168.105.164, host: ozone-r6sq7-3374789264, networkLocation: /default-rack, certSerialId: null}
2019-06-14 02:51:11,321 INFO  impl.RaftServerProxy (RaftServerProxy.java:addNew(89)) - 7f969cbd-7381-497b-a123-d65ab9a9dccb: addNew group-B6AF05BA91D2:[7f969cbd-7381-497b-a123-d65ab9a9dccb:192.168.105.164:40861] returns group-B6AF05BA91D2:java.util.concurrent.CompletableFuture@8b4de13[Not completed]
2019-06-14 02:51:11,325 INFO  impl.RaftServerImpl (RaftServerImpl.java:<init>(91)) - 7f969cbd-7381-497b-a123-d65ab9a9dccb: new RaftServerImpl for group-B6AF05BA91D2:[7f969cbd-7381-497b-a123-d65ab9a9dccb:192.168.105.164:40861] with ContainerStateMachine:uninitialized
2019-06-14 02:51:11,325 INFO  server.RaftServerConfigKeys (ConfUtils.java:logGet(43)) - raft.server.rpc.timeout.min = 1s (custom)
2019-06-14 02:51:11,325 INFO  server.RaftServerConfigKeys (ConfUtils.java:logGet(43)) - raft.server.rpc.timeout.max = 1200ms (custom)
2019-06-14 02:51:11,325 INFO  server.RaftServerConfigKeys (ConfUtils.java:logGet(43)) - raft.server.rpcslowness.timeout = 10s (custom)
2019-06-14 02:51:11,325 INFO  server.RaftServerConfigKeys (ConfUtils.java:logGet(43)) - raft.server.log.appender.install.snapshot.enabled = true (default)
2019-06-14 02:51:11,325 INFO  impl.RaftServerImpl (ServerState.java:<init>(101)) - 7f969cbd-7381-497b-a123-d65ab9a9dccb:group-B6AF05BA91D2 ConfigurationManager, init=-1: [7f969cbd-7381-497b-a123-d65ab9a9dccb:192.168.105.164:40861], old=null, confs=<EMPTY_MAP>
2019-06-14 02:51:11,325 INFO  server.RaftServerConfigKeys (ConfUtils.java:logGet(43)) - raft.server.storage.dir = [/opt/src/hadoop-ozone/integration-test/target/test-dir/MiniOzoneClusterImpl-7388e2fe-c55c-4faf-9ef5-a5c62a1676be/datanode-3/data/ratis] (custom)
2019-06-14 02:51:11,325 INFO  storage.RaftStorageDirectory (RaftStorageDirectory.java:analyzeStorage(246)) - The storage directory /opt/src/hadoop-ozone/integration-test/target/test-dir/MiniOzoneClusterImpl-7388e2fe-c55c-4faf-9ef5-a5c62a1676be/datanode-3/data/ratis/01cf5310-a673-4057-ab51-b6af05ba91d2 does not exist. Creating ...
2019-06-14 02:51:11,369 INFO  storage.RaftStorageDirectory (RaftStorageDirectory.java:tryLock(328)) - Lock on /opt/src/hadoop-ozone/integration-test/target/test-dir/MiniOzoneClusterImpl-7388e2fe-c55c-4faf-9ef5-a5c62a1676be/datanode-3/data/ratis/01cf5310-a673-4057-ab51-b6af05ba91d2/in_use.lock acquired by nodename 10084@ozone-r6sq7-3374789264
2019-06-14 02:51:11,394 INFO  storage.RaftStorage (RaftStorage.java:format(75)) - Storage directory /opt/src/hadoop-ozone/integration-test/target/test-dir/MiniOzoneClusterImpl-7388e2fe-c55c-4faf-9ef5-a5c62a1676be/datanode-3/data/ratis/01cf5310-a673-4057-ab51-b6af05ba91d2 has been successfully formatted.
2019-06-14 02:51:11,395 INFO  ratis.ContainerStateMachine (ContainerStateMachine.java:loadSnapshot(199)) - The snapshot info is null.Setting the last applied index to:(t:0, i:~)
2019-06-14 02:51:11,395 INFO  server.RaftServerConfigKeys (ConfUtils.java:logGet(43)) - raft.server.leader.election.timeout = 10s (custom)
2019-06-14 02:51:11,395 INFO  server.RaftServerConfigKeys (ConfUtils.java:logGet(43)) - raft.server.log.use.memory = false (default)
2019-06-14 02:51:11,395 INFO  server.RaftServerConfigKeys (ConfUtils.java:logGet(43)) - raft.server.log.appender.buffer.byte-limit = 33554432 (custom)
2019-06-14 02:51:11,395 INFO  server.RaftServerConfigKeys (ConfUtils.java:logGet(43)) - raft.server.log.segment.size.max = 16384 (custom)
2019-06-14 02:51:11,395 INFO  server.RaftServerConfigKeys (ConfUtils.java:logGet(43)) - raft.server.log.segment.cache.num.max = 2 (custom)
2019-06-14 02:51:11,395 INFO  storage.RaftLogWorker (RaftLogWorker.java:<init>(123)) - new 7f969cbd-7381-497b-a123-d65ab9a9dccb-RaftLogWorker for Storage Directory /opt/src/hadoop-ozone/integration-test/target/test-dir/MiniOzoneClusterImpl-7388e2fe-c55c-4faf-9ef5-a5c62a1676be/datanode-3/data/ratis/01cf5310-a673-4057-ab51-b6af05ba91d2
2019-06-14 02:51:11,395 INFO  server.RaftServerConfigKeys (ConfUtils.java:logGet(43)) - raft.server.log.queue.byte-limit = 2147483647 (custom)
2019-06-14 02:51:11,395 INFO  server.RaftServerConfigKeys (ConfUtils.java:logGet(43)) - raft.server.log.queue.element-limit = 1024 (custom)
2019-06-14 02:51:11,395 INFO  server.RaftServerConfigKeys (ConfUtils.java:logGet(43)) - raft.server.log.segment.size.max = 16384 (custom)
2019-06-14 02:51:11,396 INFO  server.RaftServerConfigKeys (ConfUtils.java:logGet(43)) - raft.server.log.preallocated.size = 16384 (custom)
2019-06-14 02:51:11,396 INFO  server.RaftServerConfigKeys (ConfUtils.java:logGet(43)) - raft.server.log.write.buffer.size = 33554432 (custom)
2019-06-14 02:51:11,396 INFO  server.RaftServerConfigKeys (ConfUtils.java:logGet(43)) - raft.server.log.force.sync.num = 128 (default)
2019-06-14 02:51:11,396 INFO  server.RaftServerConfigKeys (ConfUtils.java:logGet(43)) - raft.server.log.statemachine.data.sync = true (default)
2019-06-14 02:51:11,396 INFO  server.RaftServerConfigKeys (ConfUtils.java:logGet(43)) - raft.server.log.statemachine.data.sync.timeout = 10s (default)
2019-06-14 02:51:11,396 INFO  server.RaftServerConfigKeys (ConfUtils.java:logGet(43)) - raft.server.log.statemachine.data.sync.timeout.retry = -1 (default)
2019-06-14 02:51:11,396 INFO  server.RaftServerConfigKeys (ConfUtils.java:logGet(43)) - raft.server.log.statemachine.data.caching.enabled = true (custom)
2019-06-14 02:51:11,396 INFO  server.RaftServerConfigKeys (ConfUtils.java:logGet(43)) - raft.server.snapshot.auto.trigger.enabled = true (custom)
2019-06-14 02:51:11,397 INFO  server.RaftServerConfigKeys (ConfUtils.java:logGet(43)) - raft.server.snapshot.auto.trigger.threshold = 10000 (custom)
2019-06-14 02:51:11,397 INFO  server.RaftServerConfigKeys (ConfUtils.java:logGet(43)) - raft.server.retrycache.expirytime = 600000ms (custom)
2019-06-14 02:51:11,397 INFO  impl.RaftServerImpl (RaftServerImpl.java:start(173)) - 7f969cbd-7381-497b-a123-d65ab9a9dccb: start group-B6AF05BA91D2
2019-06-14 02:51:11,397 INFO  impl.RaftServerImpl (RaftServerImpl.java:setRole(164)) - 7f969cbd-7381-497b-a123-d65ab9a9dccb:group-B6AF05BA91D2 changes role from null to FOLLOWER at term 0 for startAsFollower
2019-06-14 02:51:11,397 INFO  impl.RoleInfo (RoleInfo.java:updateAndGet(143)) - 7f969cbd-7381-497b-a123-d65ab9a9dccb: start FollowerState
2019-06-14 02:51:11,397 INFO  util.JmxRegister (JmxRegister.java:tryRegister(44)) - Successfully registered JMX Bean with object name Ratis:service=RaftServer,group=group-B6AF05BA91D2,id=7f969cbd-7381-497b-a123-d65ab9a9dccb
2019-06-14 02:51:11,414 INFO  pipeline.PipelineStateManager (PipelineStateManager.java:addPipeline(56)) - Created pipeline Pipeline[ Id: 01cf5310-a673-4057-ab51-b6af05ba91d2, Nodes: 7f969cbd-7381-497b-a123-d65ab9a9dccb{ip: 192.168.105.164, host: ozone-r6sq7-3374789264, networkLocation: /default-rack, certSerialId: null}, Type:RATIS, Factor:ONE, State:OPEN]
2019-06-14 02:51:11,426 INFO  impl.RaftServerProxy (RaftServerProxy.java:addNew(89)) - 721588c4-ce90-4d2e-ae79-8caede392198: addNew group-FECCE0C96C3B:[721588c4-ce90-4d2e-ae79-8caede392198:192.168.105.164:41105] returns group-FECCE0C96C3B:java.util.concurrent.CompletableFuture@2df9ae62[Not completed]
2019-06-14 02:51:11,427 INFO  impl.RaftServerImpl (RaftServerImpl.java:<init>(91)) - 721588c4-ce90-4d2e-ae79-8caede392198: new RaftServerImpl for group-FECCE0C96C3B:[721588c4-ce90-4d2e-ae79-8caede392198:192.168.105.164:41105] with ContainerStateMachine:uninitialized
2019-06-14 02:51:11,427 INFO  server.RaftServerConfigKeys (ConfUtils.java:logGet(43)) - raft.server.rpc.timeout.min = 1s (custom)
2019-06-14 02:51:11,427 INFO  server.RaftServerConfigKeys (ConfUtils.java:logGet(43)) - raft.server.rpc.timeout.max = 1200ms (custom)
2019-06-14 02:51:11,427 INFO  server.RaftServerConfigKeys (ConfUtils.java:logGet(43)) - raft.server.rpcslowness.timeout = 10s (custom)
2019-06-14 02:51:11,427 INFO  server.RaftServerConfigKeys (ConfUtils.java:logGet(43)) - raft.server.log.appender.install.snapshot.enabled = true (default)
2019-06-14 02:51:11,427 INFO  impl.RaftServerImpl (ServerState.java:<init>(101)) - 721588c4-ce90-4d2e-ae79-8caede392198:group-FECCE0C96C3B ConfigurationManager, init=-1: [721588c4-ce90-4d2e-ae79-8caede392198:192.168.105.164:41105], old=null, confs=<EMPTY_MAP>
2019-06-14 02:51:11,428 INFO  server.RaftServerConfigKeys (ConfUtils.java:logGet(43)) - raft.server.storage.dir = [/opt/src/hadoop-ozone/integration-test/target/test-dir/MiniOzoneClusterImpl-7388e2fe-c55c-4faf-9ef5-a5c62a1676be/datanode-4/data/ratis] (custom)
2019-06-14 02:51:11,428 INFO  storage.RaftStorageDirectory (RaftStorageDirectory.java:analyzeStorage(246)) - The storage directory /opt/src/hadoop-ozone/integration-test/target/test-dir/MiniOzoneClusterImpl-7388e2fe-c55c-4faf-9ef5-a5c62a1676be/datanode-4/data/ratis/ca780932-b395-4acb-8295-fecce0c96c3b does not exist. Creating ...
2019-06-14 02:51:11,493 INFO  storage.RaftStorageDirectory (RaftStorageDirectory.java:tryLock(328)) - Lock on /opt/src/hadoop-ozone/integration-test/target/test-dir/MiniOzoneClusterImpl-7388e2fe-c55c-4faf-9ef5-a5c62a1676be/datanode-4/data/ratis/ca780932-b395-4acb-8295-fecce0c96c3b/in_use.lock acquired by nodename 10084@ozone-r6sq7-3374789264
2019-06-14 02:51:11,550 INFO  storage.RaftStorage (RaftStorage.java:format(75)) - Storage directory /opt/src/hadoop-ozone/integration-test/target/test-dir/MiniOzoneClusterImpl-7388e2fe-c55c-4faf-9ef5-a5c62a1676be/datanode-4/data/ratis/ca780932-b395-4acb-8295-fecce0c96c3b has been successfully formatted.
2019-06-14 02:51:11,550 INFO  ratis.ContainerStateMachine (ContainerStateMachine.java:loadSnapshot(199)) - The snapshot info is null.Setting the last applied index to:(t:0, i:~)
2019-06-14 02:51:11,550 INFO  server.RaftServerConfigKeys (ConfUtils.java:logGet(43)) - raft.server.leader.election.timeout = 10s (custom)
2019-06-14 02:51:11,550 INFO  server.RaftServerConfigKeys (ConfUtils.java:logGet(43)) - raft.server.log.use.memory = false (default)
2019-06-14 02:51:11,550 INFO  server.RaftServerConfigKeys (ConfUtils.java:logGet(43)) - raft.server.log.appender.buffer.byte-limit = 33554432 (custom)
2019-06-14 02:51:11,550 INFO  server.RaftServerConfigKeys (ConfUtils.java:logGet(43)) - raft.server.log.segment.size.max = 16384 (custom)
2019-06-14 02:51:11,550 INFO  server.RaftServerConfigKeys (ConfUtils.java:logGet(43)) - raft.server.log.segment.cache.num.max = 2 (custom)
2019-06-14 02:51:11,551 INFO  storage.RaftLogWorker (RaftLogWorker.java:<init>(123)) - new 721588c4-ce90-4d2e-ae79-8caede392198-RaftLogWorker for Storage Directory /opt/src/hadoop-ozone/integration-test/target/test-dir/MiniOzoneClusterImpl-7388e2fe-c55c-4faf-9ef5-a5c62a1676be/datanode-4/data/ratis/ca780932-b395-4acb-8295-fecce0c96c3b
2019-06-14 02:51:11,551 INFO  server.RaftServerConfigKeys (ConfUtils.java:logGet(43)) - raft.server.log.queue.byte-limit = 2147483647 (custom)
2019-06-14 02:51:11,551 INFO  server.RaftServerConfigKeys (ConfUtils.java:logGet(43)) - raft.server.log.queue.element-limit = 1024 (custom)
2019-06-14 02:51:11,551 INFO  server.RaftServerConfigKeys (ConfUtils.java:logGet(43)) - raft.server.log.segment.size.max = 16384 (custom)
2019-06-14 02:51:11,551 INFO  server.RaftServerConfigKeys (ConfUtils.java:logGet(43)) - raft.server.log.preallocated.size = 16384 (custom)
2019-06-14 02:51:11,551 INFO  server.RaftServerConfigKeys (ConfUtils.java:logGet(43)) - raft.server.log.write.buffer.size = 33554432 (custom)
2019-06-14 02:51:11,551 INFO  server.RaftServerConfigKeys (ConfUtils.java:logGet(43)) - raft.server.log.force.sync.num = 128 (default)
2019-06-14 02:51:11,551 INFO  server.RaftServerConfigKeys (ConfUtils.java:logGet(43)) - raft.server.log.statemachine.data.sync = true (default)
2019-06-14 02:51:11,551 INFO  server.RaftServerConfigKeys (ConfUtils.java:logGet(43)) - raft.server.log.statemachine.data.sync.timeout = 10s (default)
2019-06-14 02:51:11,551 INFO  server.RaftServerConfigKeys (ConfUtils.java:logGet(43)) - raft.server.log.statemachine.data.sync.timeout.retry = -1 (default)
2019-06-14 02:51:11,551 INFO  server.RaftServerConfigKeys (ConfUtils.java:logGet(43)) - raft.server.log.statemachine.data.caching.enabled = true (custom)
2019-06-14 02:51:11,552 INFO  server.RaftServerConfigKeys (ConfUtils.java:logGet(43)) - raft.server.snapshot.auto.trigger.enabled = true (custom)
2019-06-14 02:51:11,552 INFO  server.RaftServerConfigKeys (ConfUtils.java:logGet(43)) - raft.server.snapshot.auto.trigger.threshold = 10000 (custom)
2019-06-14 02:51:11,552 INFO  server.RaftServerConfigKeys (ConfUtils.java:logGet(43)) - raft.server.retrycache.expirytime = 600000ms (custom)
2019-06-14 02:51:11,552 INFO  impl.RaftServerImpl (RaftServerImpl.java:start(173)) - 721588c4-ce90-4d2e-ae79-8caede392198: start group-FECCE0C96C3B
2019-06-14 02:51:11,552 INFO  impl.RaftServerImpl (RaftServerImpl.java:setRole(164)) - 721588c4-ce90-4d2e-ae79-8caede392198:group-FECCE0C96C3B changes role from null to FOLLOWER at term 0 for startAsFollower
2019-06-14 02:51:11,553 INFO  impl.RoleInfo (RoleInfo.java:updateAndGet(143)) - 721588c4-ce90-4d2e-ae79-8caede392198: start FollowerState
2019-06-14 02:51:11,553 INFO  util.JmxRegister (JmxRegister.java:tryRegister(44)) - Successfully registered JMX Bean with object name Ratis:service=RaftServer,group=group-FECCE0C96C3B,id=721588c4-ce90-4d2e-ae79-8caede392198
2019-06-14 02:51:11,559 INFO  ozone.MiniOzoneClusterImpl (MiniOzoneClusterImpl.java:lambda$waitForClusterToBeReady$0(142)) - Waiting for cluster to be ready. Got 5 of 6 DN Heartbeats.
2019-06-14 02:51:11,560 INFO  pipeline.PipelineStateManager (PipelineStateManager.java:addPipeline(56)) - Created pipeline Pipeline[ Id: ca780932-b395-4acb-8295-fecce0c96c3b, Nodes: 721588c4-ce90-4d2e-ae79-8caede392198{ip: 192.168.105.164, host: ozone-r6sq7-3374789264, networkLocation: /default-rack, certSerialId: null}, Type:RATIS, Factor:ONE, State:OPEN]
2019-06-14 02:51:11,571 INFO  node.SCMNodeManager (SCMNodeManager.java:register(234)) - Registered Data node : 1c0e416a-94c2-4eed-b44f-7918b99f3b02{ip: 192.168.105.164, host: ozone-r6sq7-3374789264, networkLocation: /default-rack, certSerialId: null}
2019-06-14 02:51:11,599 INFO  impl.RaftServerProxy (RaftServerProxy.java:addNew(89)) - 53a7a545-c5df-42fc-88d7-183fe101e2dc: addNew group-D57722A30C50:[0eb0790d-2903-4405-8a92-61b60f37e1bd:192.168.105.164:34941, 1c2a283c-9ac1-49eb-8007-e8946137c55b:192.168.105.164:46129, 53a7a545-c5df-42fc-88d7-183fe101e2dc:192.168.105.164:40051] returns group-D57722A30C50:java.util.concurrent.CompletableFuture@5c06603c[Not completed]
2019-06-14 02:51:11,599 INFO  impl.RaftServerImpl (RaftServerImpl.java:<init>(91)) - 1c2a283c-9ac1-49eb-8007-e8946137c55b: new RaftServerImpl for group-D57722A30C50:[0eb0790d-2903-4405-8a92-61b60f37e1bd:192.168.105.164:34941, 1c2a283c-9ac1-49eb-8007-e8946137c55b:192.168.105.164:46129, 53a7a545-c5df-42fc-88d7-183fe101e2dc:192.168.105.164:40051] with ContainerStateMachine:uninitialized
2019-06-14 02:51:11,599 INFO  server.RaftServerConfigKeys (ConfUtils.java:logGet(43)) - raft.server.rpc.timeout.min = 1s (custom)
2019-06-14 02:51:11,599 INFO  server.RaftServerConfigKeys (ConfUtils.java:logGet(43)) - raft.server.rpc.timeout.max = 1200ms (custom)
2019-06-14 02:51:11,600 INFO  server.RaftServerConfigKeys (ConfUtils.java:logGet(43)) - raft.server.rpcslowness.timeout = 10s (custom)
2019-06-14 02:51:11,600 INFO  server.RaftServerConfigKeys (ConfUtils.java:logGet(43)) - raft.server.log.appender.install.snapshot.enabled = true (default)
2019-06-14 02:51:11,600 INFO  impl.RaftServerImpl (ServerState.java:<init>(101)) - 1c2a283c-9ac1-49eb-8007-e8946137c55b:group-D57722A30C50 ConfigurationManager, init=-1: [0eb0790d-2903-4405-8a92-61b60f37e1bd:192.168.105.164:34941, 1c2a283c-9ac1-49eb-8007-e8946137c55b:192.168.105.164:46129, 53a7a545-c5df-42fc-88d7-183fe101e2dc:192.168.105.164:40051], old=null, confs=<EMPTY_MAP>
2019-06-14 02:51:11,600 INFO  impl.RaftServerImpl (RaftServerImpl.java:<init>(91)) - 53a7a545-c5df-42fc-88d7-183fe101e2dc: new RaftServerImpl for group-D57722A30C50:[0eb0790d-2903-4405-8a92-61b60f37e1bd:192.168.105.164:34941, 1c2a283c-9ac1-49eb-8007-e8946137c55b:192.168.105.164:46129, 53a7a545-c5df-42fc-88d7-183fe101e2dc:192.168.105.164:40051] with ContainerStateMachine:uninitialized
2019-06-14 02:51:11,600 INFO  server.RaftServerConfigKeys (ConfUtils.java:logGet(43)) - raft.server.storage.dir = [/opt/src/hadoop-ozone/integration-test/target/test-dir/MiniOzoneClusterImpl-7388e2fe-c55c-4faf-9ef5-a5c62a1676be/datanode-2/data/ratis] (custom)
2019-06-14 02:51:11,600 INFO  storage.RaftStorageDirectory (RaftStorageDirectory.java:analyzeStorage(246)) - The storage directory /opt/src/hadoop-ozone/integration-test/target/test-dir/MiniOzoneClusterImpl-7388e2fe-c55c-4faf-9ef5-a5c62a1676be/datanode-2/data/ratis/f3dac2c1-83f4-4666-a2bd-d57722a30c50 does not exist. Creating ...
2019-06-14 02:51:11,600 INFO  impl.RaftServerImpl (RaftServerImpl.java:<init>(91)) - 0eb0790d-2903-4405-8a92-61b60f37e1bd: new RaftServerImpl for group-D57722A30C50:[0eb0790d-2903-4405-8a92-61b60f37e1bd:192.168.105.164:34941, 1c2a283c-9ac1-49eb-8007-e8946137c55b:192.168.105.164:46129, 53a7a545-c5df-42fc-88d7-183fe101e2dc:192.168.105.164:40051] with ContainerStateMachine:uninitialized
2019-06-14 02:51:11,601 INFO  server.RaftServerConfigKeys (ConfUtils.java:logGet(43)) - raft.server.rpc.timeout.min = 1s (custom)
2019-06-14 02:51:11,601 INFO  server.RaftServerConfigKeys (ConfUtils.java:logGet(43)) - raft.server.rpc.timeout.max = 1200ms (custom)
2019-06-14 02:51:11,601 INFO  server.RaftServerConfigKeys (ConfUtils.java:logGet(43)) - raft.server.rpcslowness.timeout = 10s (custom)
2019-06-14 02:51:11,601 INFO  server.RaftServerConfigKeys (ConfUtils.java:logGet(43)) - raft.server.log.appender.install.snapshot.enabled = true (default)
2019-06-14 02:51:11,601 INFO  impl.RaftServerImpl (ServerState.java:<init>(101)) - 0eb0790d-2903-4405-8a92-61b60f37e1bd:group-D57722A30C50 ConfigurationManager, init=-1: [0eb0790d-2903-4405-8a92-61b60f37e1bd:192.168.105.164:34941, 1c2a283c-9ac1-49eb-8007-e8946137c55b:192.168.105.164:46129, 53a7a545-c5df-42fc-88d7-183fe101e2dc:192.168.105.164:40051], old=null, confs=<EMPTY_MAP>
2019-06-14 02:51:11,601 INFO  server.RaftServerConfigKeys (ConfUtils.java:logGet(43)) - raft.server.storage.dir = [/opt/src/hadoop-ozone/integration-test/target/test-dir/MiniOzoneClusterImpl-7388e2fe-c55c-4faf-9ef5-a5c62a1676be/datanode-0/data/ratis] (custom)
2019-06-14 02:51:11,601 INFO  storage.RaftStorageDirectory (RaftStorageDirectory.java:analyzeStorage(246)) - The storage directory /opt/src/hadoop-ozone/integration-test/target/test-dir/MiniOzoneClusterImpl-7388e2fe-c55c-4faf-9ef5-a5c62a1676be/datanode-0/data/ratis/f3dac2c1-83f4-4666-a2bd-d57722a30c50 does not exist. Creating ...
2019-06-14 02:51:11,599 INFO  impl.RaftServerProxy (RaftServerProxy.java:addNew(89)) - 0eb0790d-2903-4405-8a92-61b60f37e1bd: addNew group-D57722A30C50:[0eb0790d-2903-4405-8a92-61b60f37e1bd:192.168.105.164:34941, 1c2a283c-9ac1-49eb-8007-e8946137c55b:192.168.105.164:46129, 53a7a545-c5df-42fc-88d7-183fe101e2dc:192.168.105.164:40051] returns group-D57722A30C50:java.util.concurrent.CompletableFuture@317d3c0b[Not completed]
2019-06-14 02:51:11,599 INFO  impl.RaftServerProxy (RaftServerProxy.java:addNew(89)) - 1c2a283c-9ac1-49eb-8007-e8946137c55b: addNew group-D57722A30C50:[0eb0790d-2903-4405-8a92-61b60f37e1bd:192.168.105.164:34941, 1c2a283c-9ac1-49eb-8007-e8946137c55b:192.168.105.164:46129, 53a7a545-c5df-42fc-88d7-183fe101e2dc:192.168.105.164:40051] returns group-D57722A30C50:java.util.concurrent.CompletableFuture@1792bc78[Not completed]
2019-06-14 02:51:11,600 INFO  server.RaftServerConfigKeys (ConfUtils.java:logGet(43)) - raft.server.rpc.timeout.min = 1s (custom)
2019-06-14 02:51:11,602 INFO  server.RaftServerConfigKeys (ConfUtils.java:logGet(43)) - raft.server.rpc.timeout.max = 1200ms (custom)
2019-06-14 02:51:11,602 INFO  server.RaftServerConfigKeys (ConfUtils.java:logGet(43)) - raft.server.rpcslowness.timeout = 10s (custom)
2019-06-14 02:51:11,602 INFO  server.RaftServerConfigKeys (ConfUtils.java:logGet(43)) - raft.server.log.appender.install.snapshot.enabled = true (default)
2019-06-14 02:51:11,602 INFO  impl.RaftServerImpl (ServerState.java:<init>(101)) - 53a7a545-c5df-42fc-88d7-183fe101e2dc:group-D57722A30C50 ConfigurationManager, init=-1: [0eb0790d-2903-4405-8a92-61b60f37e1bd:192.168.105.164:34941, 1c2a283c-9ac1-49eb-8007-e8946137c55b:192.168.105.164:46129, 53a7a545-c5df-42fc-88d7-183fe101e2dc:192.168.105.164:40051], old=null, confs=<EMPTY_MAP>
2019-06-14 02:51:11,602 INFO  server.RaftServerConfigKeys (ConfUtils.java:logGet(43)) - raft.server.storage.dir = [/opt/src/hadoop-ozone/integration-test/target/test-dir/MiniOzoneClusterImpl-7388e2fe-c55c-4faf-9ef5-a5c62a1676be/datanode-1/data/ratis] (custom)
2019-06-14 02:51:11,602 INFO  storage.RaftStorageDirectory (RaftStorageDirectory.java:analyzeStorage(246)) - The storage directory /opt/src/hadoop-ozone/integration-test/target/test-dir/MiniOzoneClusterImpl-7388e2fe-c55c-4faf-9ef5-a5c62a1676be/datanode-1/data/ratis/f3dac2c1-83f4-4666-a2bd-d57722a30c50 does not exist. Creating ...
2019-06-14 02:51:11,655 INFO  storage.RaftStorageDirectory (RaftStorageDirectory.java:tryLock(328)) - Lock on /opt/src/hadoop-ozone/integration-test/target/test-dir/MiniOzoneClusterImpl-7388e2fe-c55c-4faf-9ef5-a5c62a1676be/datanode-1/data/ratis/f3dac2c1-83f4-4666-a2bd-d57722a30c50/in_use.lock acquired by nodename 10084@ozone-r6sq7-3374789264
2019-06-14 02:51:11,655 INFO  storage.RaftStorageDirectory (RaftStorageDirectory.java:tryLock(328)) - Lock on /opt/src/hadoop-ozone/integration-test/target/test-dir/MiniOzoneClusterImpl-7388e2fe-c55c-4faf-9ef5-a5c62a1676be/datanode-0/data/ratis/f3dac2c1-83f4-4666-a2bd-d57722a30c50/in_use.lock acquired by nodename 10084@ozone-r6sq7-3374789264
2019-06-14 02:51:11,655 INFO  storage.RaftStorageDirectory (RaftStorageDirectory.java:tryLock(328)) - Lock on /opt/src/hadoop-ozone/integration-test/target/test-dir/MiniOzoneClusterImpl-7388e2fe-c55c-4faf-9ef5-a5c62a1676be/datanode-2/data/ratis/f3dac2c1-83f4-4666-a2bd-d57722a30c50/in_use.lock acquired by nodename 10084@ozone-r6sq7-3374789264
2019-06-14 02:51:11,734 INFO  storage.RaftStorage (RaftStorage.java:format(75)) - Storage directory /opt/src/hadoop-ozone/integration-test/target/test-dir/MiniOzoneClusterImpl-7388e2fe-c55c-4faf-9ef5-a5c62a1676be/datanode-2/data/ratis/f3dac2c1-83f4-4666-a2bd-d57722a30c50 has been successfully formatted.
2019-06-14 02:51:11,734 INFO  storage.RaftStorage (RaftStorage.java:format(75)) - Storage directory /opt/src/hadoop-ozone/integration-test/target/test-dir/MiniOzoneClusterImpl-7388e2fe-c55c-4faf-9ef5-a5c62a1676be/datanode-0/data/ratis/f3dac2c1-83f4-4666-a2bd-d57722a30c50 has been successfully formatted.
2019-06-14 02:51:11,734 INFO  storage.RaftStorage (RaftStorage.java:format(75)) - Storage directory /opt/src/hadoop-ozone/integration-test/target/test-dir/MiniOzoneClusterImpl-7388e2fe-c55c-4faf-9ef5-a5c62a1676be/datanode-1/data/ratis/f3dac2c1-83f4-4666-a2bd-d57722a30c50 has been successfully formatted.
2019-06-14 02:51:11,734 INFO  ratis.ContainerStateMachine (ContainerStateMachine.java:loadSnapshot(199)) - The snapshot info is null.Setting the last applied index to:(t:0, i:~)
2019-06-14 02:51:11,734 INFO  ratis.ContainerStateMachine (ContainerStateMachine.java:loadSnapshot(199)) - The snapshot info is null.Setting the last applied index to:(t:0, i:~)
2019-06-14 02:51:11,734 INFO  ratis.ContainerStateMachine (ContainerStateMachine.java:loadSnapshot(199)) - The snapshot info is null.Setting the last applied index to:(t:0, i:~)
2019-06-14 02:51:11,735 INFO  server.RaftServerConfigKeys (ConfUtils.java:logGet(43)) - raft.server.leader.election.timeout = 10s (custom)
2019-06-14 02:51:11,735 INFO  server.RaftServerConfigKeys (ConfUtils.java:logGet(43)) - raft.server.leader.election.timeout = 10s (custom)
2019-06-14 02:51:11,735 INFO  server.RaftServerConfigKeys (ConfUtils.java:logGet(43)) - raft.server.log.use.memory = false (default)
2019-06-14 02:51:11,735 INFO  server.RaftServerConfigKeys (ConfUtils.java:logGet(43)) - raft.server.leader.election.timeout = 10s (custom)
2019-06-14 02:51:11,735 INFO  server.RaftServerConfigKeys (ConfUtils.java:logGet(43)) - raft.server.log.appender.buffer.byte-limit = 33554432 (custom)
2019-06-14 02:51:11,735 INFO  server.RaftServerConfigKeys (ConfUtils.java:logGet(43)) - raft.server.log.use.memory = false (default)
2019-06-14 02:51:11,735 INFO  server.RaftServerConfigKeys (ConfUtils.java:logGet(43)) - raft.server.log.segment.size.max = 16384 (custom)
2019-06-14 02:51:11,735 INFO  server.RaftServerConfigKeys (ConfUtils.java:logGet(43)) - raft.server.log.use.memory = false (default)
2019-06-14 02:51:11,735 INFO  server.RaftServerConfigKeys (ConfUtils.java:logGet(43)) - raft.server.log.segment.cache.num.max = 2 (custom)
2019-06-14 02:51:11,735 INFO  server.RaftServerConfigKeys (ConfUtils.java:logGet(43)) - raft.server.log.appender.buffer.byte-limit = 33554432 (custom)
2019-06-14 02:51:11,736 INFO  storage.RaftLogWorker (RaftLogWorker.java:<init>(123)) - new 53a7a545-c5df-42fc-88d7-183fe101e2dc-RaftLogWorker for Storage Directory /opt/src/hadoop-ozone/integration-test/target/test-dir/MiniOzoneClusterImpl-7388e2fe-c55c-4faf-9ef5-a5c62a1676be/datanode-1/data/ratis/f3dac2c1-83f4-4666-a2bd-d57722a30c50
2019-06-14 02:51:11,735 INFO  server.RaftServerConfigKeys (ConfUtils.java:logGet(43)) - raft.server.log.appender.buffer.byte-limit = 33554432 (custom)
2019-06-14 02:51:11,736 INFO  server.RaftServerConfigKeys (ConfUtils.java:logGet(43)) - raft.server.log.queue.byte-limit = 2147483647 (custom)
2019-06-14 02:51:11,736 INFO  server.RaftServerConfigKeys (ConfUtils.java:logGet(43)) - raft.server.log.segment.size.max = 16384 (custom)
2019-06-14 02:51:11,736 INFO  server.RaftServerConfigKeys (ConfUtils.java:logGet(43)) - raft.server.log.queue.element-limit = 1024 (custom)
2019-06-14 02:51:11,736 INFO  server.RaftServerConfigKeys (ConfUtils.java:logGet(43)) - raft.server.log.segment.size.max = 16384 (custom)
2019-06-14 02:51:11,736 INFO  server.RaftServerConfigKeys (ConfUtils.java:logGet(43)) - raft.server.log.segment.size.max = 16384 (custom)
2019-06-14 02:51:11,736 INFO  server.RaftServerConfigKeys (ConfUtils.java:logGet(43)) - raft.server.log.segment.cache.num.max = 2 (custom)
2019-06-14 02:51:11,736 INFO  server.RaftServerConfigKeys (ConfUtils.java:logGet(43)) - raft.server.log.preallocated.size = 16384 (custom)
2019-06-14 02:51:11,736 INFO  server.RaftServerConfigKeys (ConfUtils.java:logGet(43)) - raft.server.log.segment.cache.num.max = 2 (custom)
2019-06-14 02:51:11,736 INFO  server.RaftServerConfigKeys (ConfUtils.java:logGet(43)) - raft.server.log.write.buffer.size = 33554432 (custom)
2019-06-14 02:51:11,736 INFO  storage.RaftLogWorker (RaftLogWorker.java:<init>(123)) - new 0eb0790d-2903-4405-8a92-61b60f37e1bd-RaftLogWorker for Storage Directory /opt/src/hadoop-ozone/integration-test/target/test-dir/MiniOzoneClusterImpl-7388e2fe-c55c-4faf-9ef5-a5c62a1676be/datanode-0/data/ratis/f3dac2c1-83f4-4666-a2bd-d57722a30c50
2019-06-14 02:51:11,737 INFO  server.RaftServerConfigKeys (ConfUtils.java:logGet(43)) - raft.server.log.force.sync.num = 128 (default)
2019-06-14 02:51:11,737 INFO  storage.RaftLogWorker (RaftLogWorker.java:<init>(123)) - new 1c2a283c-9ac1-49eb-8007-e8946137c55b-RaftLogWorker for Storage Directory /opt/src/hadoop-ozone/integration-test/target/test-dir/MiniOzoneClusterImpl-7388e2fe-c55c-4faf-9ef5-a5c62a1676be/datanode-2/data/ratis/f3dac2c1-83f4-4666-a2bd-d57722a30c50
2019-06-14 02:51:11,737 INFO  server.RaftServerConfigKeys (ConfUtils.java:logGet(43)) - raft.server.log.statemachine.data.sync = true (default)
2019-06-14 02:51:11,737 INFO  server.RaftServerConfigKeys (ConfUtils.java:logGet(43)) - raft.server.log.queue.byte-limit = 2147483647 (custom)
2019-06-14 02:51:11,737 INFO  server.RaftServerConfigKeys (ConfUtils.java:logGet(43)) - raft.server.log.statemachine.data.sync.timeout = 10s (default)
2019-06-14 02:51:11,737 INFO  server.RaftServerConfigKeys (ConfUtils.java:logGet(43)) - raft.server.log.queue.byte-limit = 2147483647 (custom)
2019-06-14 02:51:11,737 INFO  server.RaftServerConfigKeys (ConfUtils.java:logGet(43)) - raft.server.log.statemachine.data.sync.timeout.retry = -1 (default)
2019-06-14 02:51:11,738 INFO  server.RaftServerConfigKeys (ConfUtils.java:logGet(43)) - raft.server.log.statemachine.data.caching.enabled = true (custom)
2019-06-14 02:51:11,737 INFO  server.RaftServerConfigKeys (ConfUtils.java:logGet(43)) - raft.server.log.queue.element-limit = 1024 (custom)
2019-06-14 02:51:11,737 INFO  server.RaftServerConfigKeys (ConfUtils.java:logGet(43)) - raft.server.log.queue.element-limit = 1024 (custom)
2019-06-14 02:51:11,738 INFO  server.RaftServerConfigKeys (ConfUtils.java:logGet(43)) - raft.server.log.segment.size.max = 16384 (custom)
2019-06-14 02:51:11,738 INFO  server.RaftServerConfigKeys (ConfUtils.java:logGet(43)) - raft.server.log.preallocated.size = 16384 (custom)
2019-06-14 02:51:11,739 INFO  server.RaftServerConfigKeys (ConfUtils.java:logGet(43)) - raft.server.log.write.buffer.size = 33554432 (custom)
2019-06-14 02:51:11,739 INFO  server.RaftServerConfigKeys (ConfUtils.java:logGet(43)) - raft.server.log.force.sync.num = 128 (default)
2019-06-14 02:51:11,739 INFO  server.RaftServerConfigKeys (ConfUtils.java:logGet(43)) - raft.server.log.statemachine.data.sync = true (default)
2019-06-14 02:51:11,739 INFO  server.RaftServerConfigKeys (ConfUtils.java:logGet(43)) - raft.server.log.statemachine.data.sync.timeout = 10s (default)
2019-06-14 02:51:11,739 INFO  server.RaftServerConfigKeys (ConfUtils.java:logGet(43)) - raft.server.log.statemachine.data.sync.timeout.retry = -1 (default)
2019-06-14 02:51:11,739 INFO  server.RaftServerConfigKeys (ConfUtils.java:logGet(43)) - raft.server.log.segment.size.max = 16384 (custom)
2019-06-14 02:51:11,739 INFO  server.RaftServerConfigKeys (ConfUtils.java:logGet(43)) - raft.server.log.preallocated.size = 16384 (custom)
2019-06-14 02:51:11,739 INFO  server.RaftServerConfigKeys (ConfUtils.java:logGet(43)) - raft.server.log.write.buffer.size = 33554432 (custom)
2019-06-14 02:51:11,740 INFO  server.RaftServerConfigKeys (ConfUtils.java:logGet(43)) - raft.server.log.force.sync.num = 128 (default)
2019-06-14 02:51:11,740 INFO  server.RaftServerConfigKeys (ConfUtils.java:logGet(43)) - raft.server.log.statemachine.data.sync = true (default)
2019-06-14 02:51:11,740 INFO  server.RaftServerConfigKeys (ConfUtils.java:logGet(43)) - raft.server.log.statemachine.data.sync.timeout = 10s (default)
2019-06-14 02:51:11,740 INFO  server.RaftServerConfigKeys (ConfUtils.java:logGet(43)) - raft.server.log.statemachine.data.sync.timeout.retry = -1 (default)
2019-06-14 02:51:11,740 INFO  server.RaftServerConfigKeys (ConfUtils.java:logGet(43)) - raft.server.snapshot.auto.trigger.enabled = true (custom)
2019-06-14 02:51:11,740 INFO  server.RaftServerConfigKeys (ConfUtils.java:logGet(43)) - raft.server.log.statemachine.data.caching.enabled = true (custom)
2019-06-14 02:51:11,740 INFO  server.RaftServerConfigKeys (ConfUtils.java:logGet(43)) - raft.server.log.statemachine.data.caching.enabled = true (custom)
2019-06-14 02:51:11,740 INFO  server.RaftServerConfigKeys (ConfUtils.java:logGet(43)) - raft.server.snapshot.auto.trigger.threshold = 10000 (custom)
2019-06-14 02:51:11,741 INFO  server.RaftServerConfigKeys (ConfUtils.java:logGet(43)) - raft.server.snapshot.auto.trigger.enabled = true (custom)
2019-06-14 02:51:11,741 INFO  server.RaftServerConfigKeys (ConfUtils.java:logGet(43)) - raft.server.retrycache.expirytime = 600000ms (custom)
2019-06-14 02:51:11,741 INFO  server.RaftServerConfigKeys (ConfUtils.java:logGet(43)) - raft.server.snapshot.auto.trigger.enabled = true (custom)
2019-06-14 02:51:11,741 INFO  server.RaftServerConfigKeys (ConfUtils.java:logGet(43)) - raft.server.snapshot.auto.trigger.threshold = 10000 (custom)
2019-06-14 02:51:11,741 INFO  server.RaftServerConfigKeys (ConfUtils.java:logGet(43)) - raft.server.snapshot.auto.trigger.threshold = 10000 (custom)
2019-06-14 02:51:11,741 INFO  server.RaftServerConfigKeys (ConfUtils.java:logGet(43)) - raft.server.retrycache.expirytime = 600000ms (custom)
2019-06-14 02:51:11,741 INFO  server.RaftServerConfigKeys (ConfUtils.java:logGet(43)) - raft.server.retrycache.expirytime = 600000ms (custom)
2019-06-14 02:51:11,741 INFO  impl.RaftServerImpl (RaftServerImpl.java:start(173)) - 53a7a545-c5df-42fc-88d7-183fe101e2dc: start group-D57722A30C50
2019-06-14 02:51:11,742 INFO  impl.RaftServerImpl (RaftServerImpl.java:start(173)) - 0eb0790d-2903-4405-8a92-61b60f37e1bd: start group-D57722A30C50
2019-06-14 02:51:11,742 INFO  impl.RaftServerImpl (RaftServerImpl.java:start(173)) - 1c2a283c-9ac1-49eb-8007-e8946137c55b: start group-D57722A30C50
2019-06-14 02:51:11,742 INFO  impl.RaftServerImpl (RaftServerImpl.java:setRole(164)) - 53a7a545-c5df-42fc-88d7-183fe101e2dc:group-D57722A30C50 changes role from null to FOLLOWER at term 0 for startAsFollower
2019-06-14 02:51:11,742 INFO  impl.RaftServerImpl (RaftServerImpl.java:setRole(164)) - 0eb0790d-2903-4405-8a92-61b60f37e1bd:group-D57722A30C50 changes role from null to FOLLOWER at term 0 for startAsFollower
2019-06-14 02:51:11,742 INFO  impl.RaftServerImpl (RaftServerImpl.java:setRole(164)) - 1c2a283c-9ac1-49eb-8007-e8946137c55b:group-D57722A30C50 changes role from null to FOLLOWER at term 0 for startAsFollower
2019-06-14 02:51:11,742 INFO  impl.RoleInfo (RoleInfo.java:updateAndGet(143)) - 53a7a545-c5df-42fc-88d7-183fe101e2dc: start FollowerState
2019-06-14 02:51:11,742 INFO  impl.RoleInfo (RoleInfo.java:updateAndGet(143)) - 1c2a283c-9ac1-49eb-8007-e8946137c55b: start FollowerState
2019-06-14 02:51:11,742 INFO  impl.RoleInfo (RoleInfo.java:updateAndGet(143)) - 0eb0790d-2903-4405-8a92-61b60f37e1bd: start FollowerState
2019-06-14 02:51:11,742 INFO  util.JmxRegister (JmxRegister.java:tryRegister(44)) - Successfully registered JMX Bean with object name Ratis:service=RaftServer,group=group-D57722A30C50,id=53a7a545-c5df-42fc-88d7-183fe101e2dc
2019-06-14 02:51:11,743 INFO  util.JmxRegister (JmxRegister.java:tryRegister(44)) - Successfully registered JMX Bean with object name Ratis:service=RaftServer,group=group-D57722A30C50,id=1c2a283c-9ac1-49eb-8007-e8946137c55b
2019-06-14 02:51:11,744 INFO  util.JmxRegister (JmxRegister.java:tryRegister(44)) - Successfully registered JMX Bean with object name Ratis:service=RaftServer,group=group-D57722A30C50,id=0eb0790d-2903-4405-8a92-61b60f37e1bd
2019-06-14 02:51:11,764 INFO  pipeline.PipelineStateManager (PipelineStateManager.java:addPipeline(56)) - Created pipeline Pipeline[ Id: f3dac2c1-83f4-4666-a2bd-d57722a30c50, Nodes: 1c2a283c-9ac1-49eb-8007-e8946137c55b{ip: 192.168.105.164, host: ozone-r6sq7-3374789264, networkLocation: /default-rack, certSerialId: null}53a7a545-c5df-42fc-88d7-183fe101e2dc{ip: 192.168.105.164, host: ozone-r6sq7-3374789264, networkLocation: /default-rack, certSerialId: null}0eb0790d-2903-4405-8a92-61b60f37e1bd{ip: 192.168.105.164, host: ozone-r6sq7-3374789264, networkLocation: /default-rack, certSerialId: null}, Type:RATIS, Factor:THREE, State:OPEN]
2019-06-14 02:51:11,781 INFO  impl.RaftServerProxy (RaftServerProxy.java:addNew(89)) - 721588c4-ce90-4d2e-ae79-8caede392198: addNew group-05CD118B38D4:[1c0e416a-94c2-4eed-b44f-7918b99f3b02:192.168.105.164:34825, 7f969cbd-7381-497b-a123-d65ab9a9dccb:192.168.105.164:40861, 721588c4-ce90-4d2e-ae79-8caede392198:192.168.105.164:41105] returns group-05CD118B38D4:java.util.concurrent.CompletableFuture@1d3b6a07[Not completed]
2019-06-14 02:51:11,781 INFO  impl.RaftServerImpl (RaftServerImpl.java:<init>(91)) - 721588c4-ce90-4d2e-ae79-8caede392198: new RaftServerImpl for group-05CD118B38D4:[1c0e416a-94c2-4eed-b44f-7918b99f3b02:192.168.105.164:34825, 7f969cbd-7381-497b-a123-d65ab9a9dccb:192.168.105.164:40861, 721588c4-ce90-4d2e-ae79-8caede392198:192.168.105.164:41105] with ContainerStateMachine:uninitialized
2019-06-14 02:51:11,782 INFO  server.RaftServerConfigKeys (ConfUtils.java:logGet(43)) - raft.server.rpc.timeout.min = 1s (custom)
2019-06-14 02:51:11,782 INFO  server.RaftServerConfigKeys (ConfUtils.java:logGet(43)) - raft.server.rpc.timeout.max = 1200ms (custom)
2019-06-14 02:51:11,782 INFO  server.RaftServerConfigKeys (ConfUtils.java:logGet(43)) - raft.server.rpcslowness.timeout = 10s (custom)
2019-06-14 02:51:11,782 INFO  server.RaftServerConfigKeys (ConfUtils.java:logGet(43)) - raft.server.log.appender.install.snapshot.enabled = true (default)
2019-06-14 02:51:11,783 INFO  impl.RaftServerImpl (ServerState.java:<init>(101)) - 721588c4-ce90-4d2e-ae79-8caede392198:group-05CD118B38D4 ConfigurationManager, init=-1: [1c0e416a-94c2-4eed-b44f-7918b99f3b02:192.168.105.164:34825, 7f969cbd-7381-497b-a123-d65ab9a9dccb:192.168.105.164:40861, 721588c4-ce90-4d2e-ae79-8caede392198:192.168.105.164:41105], old=null, confs=<EMPTY_MAP>
2019-06-14 02:51:11,783 INFO  server.RaftServerConfigKeys (ConfUtils.java:logGet(43)) - raft.server.storage.dir = [/opt/src/hadoop-ozone/integration-test/target/test-dir/MiniOzoneClusterImpl-7388e2fe-c55c-4faf-9ef5-a5c62a1676be/datanode-4/data/ratis] (custom)
2019-06-14 02:51:11,783 INFO  storage.RaftStorageDirectory (RaftStorageDirectory.java:analyzeStorage(246)) - The storage directory /opt/src/hadoop-ozone/integration-test/target/test-dir/MiniOzoneClusterImpl-7388e2fe-c55c-4faf-9ef5-a5c62a1676be/datanode-4/data/ratis/d427fbb2-3b70-450e-93fe-05cd118b38d4 does not exist. Creating ...
2019-06-14 02:51:11,784 INFO  impl.RaftServerProxy (RaftServerProxy.java:addNew(89)) - 1c0e416a-94c2-4eed-b44f-7918b99f3b02: addNew group-05CD118B38D4:[1c0e416a-94c2-4eed-b44f-7918b99f3b02:192.168.105.164:34825, 7f969cbd-7381-497b-a123-d65ab9a9dccb:192.168.105.164:40861, 721588c4-ce90-4d2e-ae79-8caede392198:192.168.105.164:41105] returns group-05CD118B38D4:java.util.concurrent.CompletableFuture@2c6c334c[Not completed]
2019-06-14 02:51:11,784 INFO  impl.RaftServerProxy (RaftServerProxy.java:addNew(89)) - 7f969cbd-7381-497b-a123-d65ab9a9dccb: addNew group-05CD118B38D4:[1c0e416a-94c2-4eed-b44f-7918b99f3b02:192.168.105.164:34825, 7f969cbd-7381-497b-a123-d65ab9a9dccb:192.168.105.164:40861, 721588c4-ce90-4d2e-ae79-8caede392198:192.168.105.164:41105] returns group-05CD118B38D4:java.util.concurrent.CompletableFuture@7373d63[Not completed]
2019-06-14 02:51:11,786 INFO  impl.RaftServerImpl (RaftServerImpl.java:<init>(91)) - 1c0e416a-94c2-4eed-b44f-7918b99f3b02: new RaftServerImpl for group-05CD118B38D4:[1c0e416a-94c2-4eed-b44f-7918b99f3b02:192.168.105.164:34825, 7f969cbd-7381-497b-a123-d65ab9a9dccb:192.168.105.164:40861, 721588c4-ce90-4d2e-ae79-8caede392198:192.168.105.164:41105] with ContainerStateMachine:uninitialized
2019-06-14 02:51:11,786 INFO  server.RaftServerConfigKeys (ConfUtils.java:logGet(43)) - raft.server.rpc.timeout.min = 1s (custom)
2019-06-14 02:51:11,786 INFO  server.RaftServerConfigKeys (ConfUtils.java:logGet(43)) - raft.server.rpc.timeout.max = 1200ms (custom)
2019-06-14 02:51:11,786 INFO  impl.RaftServerImpl (RaftServerImpl.java:<init>(91)) - 7f969cbd-7381-497b-a123-d65ab9a9dccb: new RaftServerImpl for group-05CD118B38D4:[1c0e416a-94c2-4eed-b44f-7918b99f3b02:192.168.105.164:34825, 7f969cbd-7381-497b-a123-d65ab9a9dccb:192.168.105.164:40861, 721588c4-ce90-4d2e-ae79-8caede392198:192.168.105.164:41105] with ContainerStateMachine:uninitialized
2019-06-14 02:51:11,786 INFO  server.RaftServerConfigKeys (ConfUtils.java:logGet(43)) - raft.server.rpcslowness.timeout = 10s (custom)
2019-06-14 02:51:11,786 INFO  server.RaftServerConfigKeys (ConfUtils.java:logGet(43)) - raft.server.log.appender.install.snapshot.enabled = true (default)
2019-06-14 02:51:11,786 INFO  server.RaftServerConfigKeys (ConfUtils.java:logGet(43)) - raft.server.rpc.timeout.min = 1s (custom)
2019-06-14 02:51:11,786 INFO  impl.RaftServerImpl (ServerState.java:<init>(101)) - 1c0e416a-94c2-4eed-b44f-7918b99f3b02:group-05CD118B38D4 ConfigurationManager, init=-1: [1c0e416a-94c2-4eed-b44f-7918b99f3b02:192.168.105.164:34825, 7f969cbd-7381-497b-a123-d65ab9a9dccb:192.168.105.164:40861, 721588c4-ce90-4d2e-ae79-8caede392198:192.168.105.164:41105], old=null, confs=<EMPTY_MAP>
2019-06-14 02:51:11,786 INFO  server.RaftServerConfigKeys (ConfUtils.java:logGet(43)) - raft.server.rpc.timeout.max = 1200ms (custom)
2019-06-14 02:51:11,787 INFO  server.RaftServerConfigKeys (ConfUtils.java:logGet(43)) - raft.server.storage.dir = [/opt/src/hadoop-ozone/integration-test/target/test-dir/MiniOzoneClusterImpl-7388e2fe-c55c-4faf-9ef5-a5c62a1676be/datanode-5/data/ratis] (custom)
2019-06-14 02:51:11,787 INFO  server.RaftServerConfigKeys (ConfUtils.java:logGet(43)) - raft.server.rpcslowness.timeout = 10s (custom)
2019-06-14 02:51:11,787 INFO  server.RaftServerConfigKeys (ConfUtils.java:logGet(43)) - raft.server.log.appender.install.snapshot.enabled = true (default)
2019-06-14 02:51:11,787 INFO  storage.RaftStorageDirectory (RaftStorageDirectory.java:analyzeStorage(246)) - The storage directory /opt/src/hadoop-ozone/integration-test/target/test-dir/MiniOzoneClusterImpl-7388e2fe-c55c-4faf-9ef5-a5c62a1676be/datanode-5/data/ratis/d427fbb2-3b70-450e-93fe-05cd118b38d4 does not exist. Creating ...
2019-06-14 02:51:11,787 INFO  impl.RaftServerImpl (ServerState.java:<init>(101)) - 7f969cbd-7381-497b-a123-d65ab9a9dccb:group-05CD118B38D4 ConfigurationManager, init=-1: [1c0e416a-94c2-4eed-b44f-7918b99f3b02:192.168.105.164:34825, 7f969cbd-7381-497b-a123-d65ab9a9dccb:192.168.105.164:40861, 721588c4-ce90-4d2e-ae79-8caede392198:192.168.105.164:41105], old=null, confs=<EMPTY_MAP>
2019-06-14 02:51:11,787 INFO  server.RaftServerConfigKeys (ConfUtils.java:logGet(43)) - raft.server.storage.dir = [/opt/src/hadoop-ozone/integration-test/target/test-dir/MiniOzoneClusterImpl-7388e2fe-c55c-4faf-9ef5-a5c62a1676be/datanode-3/data/ratis] (custom)
2019-06-14 02:51:11,787 INFO  storage.RaftStorageDirectory (RaftStorageDirectory.java:analyzeStorage(246)) - The storage directory /opt/src/hadoop-ozone/integration-test/target/test-dir/MiniOzoneClusterImpl-7388e2fe-c55c-4faf-9ef5-a5c62a1676be/datanode-3/data/ratis/d427fbb2-3b70-450e-93fe-05cd118b38d4 does not exist. Creating ...
2019-06-14 02:51:11,928 INFO  storage.RaftStorageDirectory (RaftStorageDirectory.java:tryLock(328)) - Lock on /opt/src/hadoop-ozone/integration-test/target/test-dir/MiniOzoneClusterImpl-7388e2fe-c55c-4faf-9ef5-a5c62a1676be/datanode-4/data/ratis/d427fbb2-3b70-450e-93fe-05cd118b38d4/in_use.lock acquired by nodename 10084@ozone-r6sq7-3374789264
2019-06-14 02:51:11,928 INFO  storage.RaftStorageDirectory (RaftStorageDirectory.java:tryLock(328)) - Lock on /opt/src/hadoop-ozone/integration-test/target/test-dir/MiniOzoneClusterImpl-7388e2fe-c55c-4faf-9ef5-a5c62a1676be/datanode-5/data/ratis/d427fbb2-3b70-450e-93fe-05cd118b38d4/in_use.lock acquired by nodename 10084@ozone-r6sq7-3374789264
2019-06-14 02:51:11,928 INFO  storage.RaftStorageDirectory (RaftStorageDirectory.java:tryLock(328)) - Lock on /opt/src/hadoop-ozone/integration-test/target/test-dir/MiniOzoneClusterImpl-7388e2fe-c55c-4faf-9ef5-a5c62a1676be/datanode-3/data/ratis/d427fbb2-3b70-450e-93fe-05cd118b38d4/in_use.lock acquired by nodename 10084@ozone-r6sq7-3374789264
2019-06-14 02:51:11,942 INFO  storage.RaftStorage (RaftStorage.java:format(75)) - Storage directory /opt/src/hadoop-ozone/integration-test/target/test-dir/MiniOzoneClusterImpl-7388e2fe-c55c-4faf-9ef5-a5c62a1676be/datanode-3/data/ratis/d427fbb2-3b70-450e-93fe-05cd118b38d4 has been successfully formatted.
2019-06-14 02:51:11,942 INFO  storage.RaftStorage (RaftStorage.java:format(75)) - Storage directory /opt/src/hadoop-ozone/integration-test/target/test-dir/MiniOzoneClusterImpl-7388e2fe-c55c-4faf-9ef5-a5c62a1676be/datanode-4/data/ratis/d427fbb2-3b70-450e-93fe-05cd118b38d4 has been successfully formatted.
2019-06-14 02:51:11,942 INFO  ratis.ContainerStateMachine (ContainerStateMachine.java:loadSnapshot(199)) - The snapshot info is null.Setting the last applied index to:(t:0, i:~)
2019-06-14 02:51:11,942 INFO  server.RaftServerConfigKeys (ConfUtils.java:logGet(43)) - raft.server.leader.election.timeout = 10s (custom)
2019-06-14 02:51:11,942 INFO  server.RaftServerConfigKeys (ConfUtils.java:logGet(43)) - raft.server.log.use.memory = false (default)
2019-06-14 02:51:11,942 INFO  server.RaftServerConfigKeys (ConfUtils.java:logGet(43)) - raft.server.log.appender.buffer.byte-limit = 33554432 (custom)
2019-06-14 02:51:11,943 INFO  ratis.ContainerStateMachine (ContainerStateMachine.java:loadSnapshot(199)) - The snapshot info is null.Setting the last applied index to:(t:0, i:~)
2019-06-14 02:51:11,943 INFO  server.RaftServerConfigKeys (ConfUtils.java:logGet(43)) - raft.server.log.segment.size.max = 16384 (custom)
2019-06-14 02:51:11,943 INFO  storage.RaftStorage (RaftStorage.java:format(75)) - Storage directory /opt/src/hadoop-ozone/integration-test/target/test-dir/MiniOzoneClusterImpl-7388e2fe-c55c-4faf-9ef5-a5c62a1676be/datanode-5/data/ratis/d427fbb2-3b70-450e-93fe-05cd118b38d4 has been successfully formatted.
2019-06-14 02:51:11,943 INFO  server.RaftServerConfigKeys (ConfUtils.java:logGet(43)) - raft.server.leader.election.timeout = 10s (custom)
2019-06-14 02:51:11,943 INFO  server.RaftServerConfigKeys (ConfUtils.java:logGet(43)) - raft.server.log.segment.cache.num.max = 2 (custom)
2019-06-14 02:51:11,943 INFO  ratis.ContainerStateMachine (ContainerStateMachine.java:loadSnapshot(199)) - The snapshot info is null.Setting the last applied index to:(t:0, i:~)
2019-06-14 02:51:11,943 INFO  server.RaftServerConfigKeys (ConfUtils.java:logGet(43)) - raft.server.log.use.memory = false (default)
2019-06-14 02:51:11,943 INFO  storage.RaftLogWorker (RaftLogWorker.java:<init>(123)) - new 7f969cbd-7381-497b-a123-d65ab9a9dccb-RaftLogWorker for Storage Directory /opt/src/hadoop-ozone/integration-test/target/test-dir/MiniOzoneClusterImpl-7388e2fe-c55c-4faf-9ef5-a5c62a1676be/datanode-3/data/ratis/d427fbb2-3b70-450e-93fe-05cd118b38d4
2019-06-14 02:51:11,944 INFO  server.RaftServerConfigKeys (ConfUtils.java:logGet(43)) - raft.server.leader.election.timeout = 10s (custom)
2019-06-14 02:51:11,944 INFO  server.RaftServerConfigKeys (ConfUtils.java:logGet(43)) - raft.server.log.appender.buffer.byte-limit = 33554432 (custom)
2019-06-14 02:51:11,944 INFO  server.RaftServerConfigKeys (ConfUtils.java:logGet(43)) - raft.server.log.queue.byte-limit = 2147483647 (custom)
2019-06-14 02:51:11,944 INFO  server.RaftServerConfigKeys (ConfUtils.java:logGet(43)) - raft.server.log.use.memory = false (default)
2019-06-14 02:51:11,944 INFO  server.RaftServerConfigKeys (ConfUtils.java:logGet(43)) - raft.server.log.segment.size.max = 16384 (custom)
2019-06-14 02:51:11,944 INFO  server.RaftServerConfigKeys (ConfUtils.java:logGet(43)) - raft.server.log.queue.element-limit = 1024 (custom)
2019-06-14 02:51:11,944 INFO  server.RaftServerConfigKeys (ConfUtils.java:logGet(43)) - raft.server.log.appender.buffer.byte-limit = 33554432 (custom)
2019-06-14 02:51:11,945 INFO  server.RaftServerConfigKeys (ConfUtils.java:logGet(43)) - raft.server.log.segment.cache.num.max = 2 (custom)
2019-06-14 02:51:11,945 INFO  server.RaftServerConfigKeys (ConfUtils.java:logGet(43)) - raft.server.log.segment.size.max = 16384 (custom)
2019-06-14 02:51:11,945 INFO  server.RaftServerConfigKeys (ConfUtils.java:logGet(43)) - raft.server.log.segment.size.max = 16384 (custom)
2019-06-14 02:51:11,945 INFO  storage.RaftLogWorker (RaftLogWorker.java:<init>(123)) - new 721588c4-ce90-4d2e-ae79-8caede392198-RaftLogWorker for Storage Directory /opt/src/hadoop-ozone/integration-test/target/test-dir/MiniOzoneClusterImpl-7388e2fe-c55c-4faf-9ef5-a5c62a1676be/datanode-4/data/ratis/d427fbb2-3b70-450e-93fe-05cd118b38d4
2019-06-14 02:51:11,945 INFO  server.RaftServerConfigKeys (ConfUtils.java:logGet(43)) - raft.server.log.preallocated.size = 16384 (custom)
2019-06-14 02:51:11,945 INFO  server.RaftServerConfigKeys (ConfUtils.java:logGet(43)) - raft.server.log.segment.cache.num.max = 2 (custom)
2019-06-14 02:51:11,945 INFO  server.RaftServerConfigKeys (ConfUtils.java:logGet(43)) - raft.server.log.queue.byte-limit = 2147483647 (custom)
2019-06-14 02:51:11,945 INFO  server.RaftServerConfigKeys (ConfUtils.java:logGet(43)) - raft.server.log.write.buffer.size = 33554432 (custom)
2019-06-14 02:51:11,945 INFO  storage.RaftLogWorker (RaftLogWorker.java:<init>(123)) - new 1c0e416a-94c2-4eed-b44f-7918b99f3b02-RaftLogWorker for Storage Directory /opt/src/hadoop-ozone/integration-test/target/test-dir/MiniOzoneClusterImpl-7388e2fe-c55c-4faf-9ef5-a5c62a1676be/datanode-5/data/ratis/d427fbb2-3b70-450e-93fe-05cd118b38d4
2019-06-14 02:51:11,946 INFO  server.RaftServerConfigKeys (ConfUtils.java:logGet(43)) - raft.server.log.queue.element-limit = 1024 (custom)
2019-06-14 02:51:11,946 INFO  server.RaftServerConfigKeys (ConfUtils.java:logGet(43)) - raft.server.log.force.sync.num = 128 (default)
2019-06-14 02:51:11,946 INFO  server.RaftServerConfigKeys (ConfUtils.java:logGet(43)) - raft.server.log.segment.size.max = 16384 (custom)
2019-06-14 02:51:11,946 INFO  server.RaftServerConfigKeys (ConfUtils.java:logGet(43)) - raft.server.log.queue.byte-limit = 2147483647 (custom)
2019-06-14 02:51:11,946 INFO  server.RaftServerConfigKeys (ConfUtils.java:logGet(43)) - raft.server.log.preallocated.size = 16384 (custom)
2019-06-14 02:51:11,946 INFO  server.RaftServerConfigKeys (ConfUtils.java:logGet(43)) - raft.server.log.statemachine.data.sync = true (default)
2019-06-14 02:51:11,946 INFO  server.RaftServerConfigKeys (ConfUtils.java:logGet(43)) - raft.server.log.write.buffer.size = 33554432 (custom)
2019-06-14 02:51:11,946 INFO  server.RaftServerConfigKeys (ConfUtils.java:logGet(43)) - raft.server.log.queue.element-limit = 1024 (custom)
2019-06-14 02:51:11,947 INFO  server.RaftServerConfigKeys (ConfUtils.java:logGet(43)) - raft.server.log.force.sync.num = 128 (default)
2019-06-14 02:51:11,947 INFO  server.RaftServerConfigKeys (ConfUtils.java:logGet(43)) - raft.server.log.statemachine.data.sync.timeout = 10s (default)
2019-06-14 02:51:11,947 INFO  server.RaftServerConfigKeys (ConfUtils.java:logGet(43)) - raft.server.log.statemachine.data.sync = true (default)
2019-06-14 02:51:11,947 INFO  server.RaftServerConfigKeys (ConfUtils.java:logGet(43)) - raft.server.log.segment.size.max = 16384 (custom)
2019-06-14 02:51:11,947 INFO  server.RaftServerConfigKeys (ConfUtils.java:logGet(43)) - raft.server.log.statemachine.data.sync.timeout = 10s (default)
2019-06-14 02:51:11,947 INFO  server.RaftServerConfigKeys (ConfUtils.java:logGet(43)) - raft.server.log.statemachine.data.sync.timeout.retry = -1 (default)
2019-06-14 02:51:11,947 INFO  server.RaftServerConfigKeys (ConfUtils.java:logGet(43)) - raft.server.log.statemachine.data.sync.timeout.retry = -1 (default)
2019-06-14 02:51:11,947 INFO  server.RaftServerConfigKeys (ConfUtils.java:logGet(43)) - raft.server.log.statemachine.data.caching.enabled = true (custom)
2019-06-14 02:51:11,947 INFO  server.RaftServerConfigKeys (ConfUtils.java:logGet(43)) - raft.server.log.preallocated.size = 16384 (custom)
2019-06-14 02:51:11,948 INFO  server.RaftServerConfigKeys (ConfUtils.java:logGet(43)) - raft.server.snapshot.auto.trigger.enabled = true (custom)
2019-06-14 02:51:11,948 INFO  server.RaftServerConfigKeys (ConfUtils.java:logGet(43)) - raft.server.snapshot.auto.trigger.threshold = 10000 (custom)
2019-06-14 02:51:11,948 INFO  server.RaftServerConfigKeys (ConfUtils.java:logGet(43)) - raft.server.retrycache.expirytime = 600000ms (custom)
2019-06-14 02:51:11,949 INFO  impl.RaftServerImpl (RaftServerImpl.java:start(173)) - 7f969cbd-7381-497b-a123-d65ab9a9dccb: start group-05CD118B38D4
2019-06-14 02:51:11,949 INFO  impl.RaftServerImpl (RaftServerImpl.java:setRole(164)) - 7f969cbd-7381-497b-a123-d65ab9a9dccb:group-05CD118B38D4 changes role from null to FOLLOWER at term 0 for startAsFollower
2019-06-14 02:51:11,949 INFO  impl.RoleInfo (RoleInfo.java:updateAndGet(143)) - 7f969cbd-7381-497b-a123-d65ab9a9dccb: start FollowerState
2019-06-14 02:51:11,947 INFO  server.RaftServerConfigKeys (ConfUtils.java:logGet(43)) - raft.server.log.statemachine.data.caching.enabled = true (custom)
2019-06-14 02:51:11,949 INFO  util.JmxRegister (JmxRegister.java:tryRegister(44)) - Successfully registered JMX Bean with object name Ratis:service=RaftServer,group=group-05CD118B38D4,id=7f969cbd-7381-497b-a123-d65ab9a9dccb
2019-06-14 02:51:11,950 INFO  server.RaftServerConfigKeys (ConfUtils.java:logGet(43)) - raft.server.log.write.buffer.size = 33554432 (custom)
2019-06-14 02:51:11,950 INFO  server.RaftServerConfigKeys (ConfUtils.java:logGet(43)) - raft.server.log.force.sync.num = 128 (default)
2019-06-14 02:51:11,950 INFO  server.RaftServerConfigKeys (ConfUtils.java:logGet(43)) - raft.server.log.statemachine.data.sync = true (default)
2019-06-14 02:51:11,950 INFO  server.RaftServerConfigKeys (ConfUtils.java:logGet(43)) - raft.server.log.statemachine.data.sync.timeout = 10s (default)
2019-06-14 02:51:11,950 INFO  server.RaftServerConfigKeys (ConfUtils.java:logGet(43)) - raft.server.log.statemachine.data.sync.timeout.retry = -1 (default)
2019-06-14 02:51:11,951 INFO  server.RaftServerConfigKeys (ConfUtils.java:logGet(43)) - raft.server.log.statemachine.data.caching.enabled = true (custom)
2019-06-14 02:51:11,951 INFO  server.RaftServerConfigKeys (ConfUtils.java:logGet(43)) - raft.server.snapshot.auto.trigger.enabled = true (custom)
2019-06-14 02:51:11,952 INFO  server.RaftServerConfigKeys (ConfUtils.java:logGet(43)) - raft.server.snapshot.auto.trigger.threshold = 10000 (custom)
2019-06-14 02:51:11,952 INFO  server.RaftServerConfigKeys (ConfUtils.java:logGet(43)) - raft.server.snapshot.auto.trigger.enabled = true (custom)
2019-06-14 02:51:11,952 INFO  server.RaftServerConfigKeys (ConfUtils.java:logGet(43)) - raft.server.snapshot.auto.trigger.threshold = 10000 (custom)
2019-06-14 02:51:11,952 INFO  server.RaftServerConfigKeys (ConfUtils.java:logGet(43)) - raft.server.retrycache.expirytime = 600000ms (custom)
2019-06-14 02:51:11,952 INFO  impl.RaftServerImpl (RaftServerImpl.java:start(173)) - 1c0e416a-94c2-4eed-b44f-7918b99f3b02: start group-05CD118B38D4
2019-06-14 02:51:11,952 INFO  impl.RaftServerImpl (RaftServerImpl.java:setRole(164)) - 1c0e416a-94c2-4eed-b44f-7918b99f3b02:group-05CD118B38D4 changes role from null to FOLLOWER at term 0 for startAsFollower
2019-06-14 02:51:11,952 INFO  impl.RoleInfo (RoleInfo.java:updateAndGet(143)) - 1c0e416a-94c2-4eed-b44f-7918b99f3b02: start FollowerState
2019-06-14 02:51:11,952 INFO  server.RaftServerConfigKeys (ConfUtils.java:logGet(43)) - raft.server.retrycache.expirytime = 600000ms (custom)
2019-06-14 02:51:11,953 INFO  impl.RaftServerImpl (RaftServerImpl.java:start(173)) - 721588c4-ce90-4d2e-ae79-8caede392198: start group-05CD118B38D4
2019-06-14 02:51:11,953 INFO  impl.RaftServerImpl (RaftServerImpl.java:setRole(164)) - 721588c4-ce90-4d2e-ae79-8caede392198:group-05CD118B38D4 changes role from null to FOLLOWER at term 0 for startAsFollower
2019-06-14 02:51:11,954 INFO  impl.RoleInfo (RoleInfo.java:updateAndGet(143)) - 721588c4-ce90-4d2e-ae79-8caede392198: start FollowerState
2019-06-14 02:51:11,954 INFO  util.JmxRegister (JmxRegister.java:tryRegister(44)) - Successfully registered JMX Bean with object name Ratis:service=RaftServer,group=group-05CD118B38D4,id=1c0e416a-94c2-4eed-b44f-7918b99f3b02
2019-06-14 02:51:11,955 INFO  util.JmxRegister (JmxRegister.java:tryRegister(44)) - Successfully registered JMX Bean with object name Ratis:service=RaftServer,group=group-05CD118B38D4,id=721588c4-ce90-4d2e-ae79-8caede392198
2019-06-14 02:51:11,970 INFO  pipeline.PipelineStateManager (PipelineStateManager.java:addPipeline(56)) - Created pipeline Pipeline[ Id: d427fbb2-3b70-450e-93fe-05cd118b38d4, Nodes: 1c0e416a-94c2-4eed-b44f-7918b99f3b02{ip: 192.168.105.164, host: ozone-r6sq7-3374789264, networkLocation: /default-rack, certSerialId: null}721588c4-ce90-4d2e-ae79-8caede392198{ip: 192.168.105.164, host: ozone-r6sq7-3374789264, networkLocation: /default-rack, certSerialId: null}7f969cbd-7381-497b-a123-d65ab9a9dccb{ip: 192.168.105.164, host: ozone-r6sq7-3374789264, networkLocation: /default-rack, certSerialId: null}, Type:RATIS, Factor:THREE, State:OPEN]
2019-06-14 02:51:11,978 INFO  impl.RaftServerProxy (RaftServerProxy.java:addNew(89)) - 1c0e416a-94c2-4eed-b44f-7918b99f3b02: addNew group-AF07332DC1BE:[1c0e416a-94c2-4eed-b44f-7918b99f3b02:192.168.105.164:34825] returns group-AF07332DC1BE:java.util.concurrent.CompletableFuture@1b0515ce[Not completed]
2019-06-14 02:51:11,979 INFO  impl.RaftServerImpl (RaftServerImpl.java:<init>(91)) - 1c0e416a-94c2-4eed-b44f-7918b99f3b02: new RaftServerImpl for group-AF07332DC1BE:[1c0e416a-94c2-4eed-b44f-7918b99f3b02:192.168.105.164:34825] with ContainerStateMachine:uninitialized
2019-06-14 02:51:11,979 INFO  server.RaftServerConfigKeys (ConfUtils.java:logGet(43)) - raft.server.rpc.timeout.min = 1s (custom)
2019-06-14 02:51:11,979 INFO  server.RaftServerConfigKeys (ConfUtils.java:logGet(43)) - raft.server.rpc.timeout.max = 1200ms (custom)
2019-06-14 02:51:11,980 INFO  server.RaftServerConfigKeys (ConfUtils.java:logGet(43)) - raft.server.rpcslowness.timeout = 10s (custom)
2019-06-14 02:51:11,980 INFO  server.RaftServerConfigKeys (ConfUtils.java:logGet(43)) - raft.server.log.appender.install.snapshot.enabled = true (default)
2019-06-14 02:51:11,980 INFO  impl.RaftServerImpl (ServerState.java:<init>(101)) - 1c0e416a-94c2-4eed-b44f-7918b99f3b02:group-AF07332DC1BE ConfigurationManager, init=-1: [1c0e416a-94c2-4eed-b44f-7918b99f3b02:192.168.105.164:34825], old=null, confs=<EMPTY_MAP>
2019-06-14 02:51:11,980 INFO  server.RaftServerConfigKeys (ConfUtils.java:logGet(43)) - raft.server.storage.dir = [/opt/src/hadoop-ozone/integration-test/target/test-dir/MiniOzoneClusterImpl-7388e2fe-c55c-4faf-9ef5-a5c62a1676be/datanode-5/data/ratis] (custom)
2019-06-14 02:51:11,980 INFO  storage.RaftStorageDirectory (RaftStorageDirectory.java:analyzeStorage(246)) - The storage directory /opt/src/hadoop-ozone/integration-test/target/test-dir/MiniOzoneClusterImpl-7388e2fe-c55c-4faf-9ef5-a5c62a1676be/datanode-5/data/ratis/066b9f00-e079-4cb8-a4b8-af07332dc1be does not exist. Creating ...
2019-06-14 02:51:12,020 INFO  storage.RaftStorageDirectory (RaftStorageDirectory.java:tryLock(328)) - Lock on /opt/src/hadoop-ozone/integration-test/target/test-dir/MiniOzoneClusterImpl-7388e2fe-c55c-4faf-9ef5-a5c62a1676be/datanode-5/data/ratis/066b9f00-e079-4cb8-a4b8-af07332dc1be/in_use.lock acquired by nodename 10084@ozone-r6sq7-3374789264
2019-06-14 02:51:12,062 INFO  storage.RaftStorage (RaftStorage.java:format(75)) - Storage directory /opt/src/hadoop-ozone/integration-test/target/test-dir/MiniOzoneClusterImpl-7388e2fe-c55c-4faf-9ef5-a5c62a1676be/datanode-5/data/ratis/066b9f00-e079-4cb8-a4b8-af07332dc1be has been successfully formatted.
2019-06-14 02:51:12,062 INFO  ratis.ContainerStateMachine (ContainerStateMachine.java:loadSnapshot(199)) - The snapshot info is null.Setting the last applied index to:(t:0, i:~)
2019-06-14 02:51:12,062 INFO  server.RaftServerConfigKeys (ConfUtils.java:logGet(43)) - raft.server.leader.election.timeout = 10s (custom)
2019-06-14 02:51:12,062 INFO  server.RaftServerConfigKeys (ConfUtils.java:logGet(43)) - raft.server.log.use.memory = false (default)
2019-06-14 02:51:12,062 INFO  server.RaftServerConfigKeys (ConfUtils.java:logGet(43)) - raft.server.log.appender.buffer.byte-limit = 33554432 (custom)
2019-06-14 02:51:12,062 INFO  server.RaftServerConfigKeys (ConfUtils.java:logGet(43)) - raft.server.log.segment.size.max = 16384 (custom)
2019-06-14 02:51:12,063 INFO  server.RaftServerConfigKeys (ConfUtils.java:logGet(43)) - raft.server.log.segment.cache.num.max = 2 (custom)
2019-06-14 02:51:12,063 INFO  storage.RaftLogWorker (RaftLogWorker.java:<init>(123)) - new 1c0e416a-94c2-4eed-b44f-7918b99f3b02-RaftLogWorker for Storage Directory /opt/src/hadoop-ozone/integration-test/target/test-dir/MiniOzoneClusterImpl-7388e2fe-c55c-4faf-9ef5-a5c62a1676be/datanode-5/data/ratis/066b9f00-e079-4cb8-a4b8-af07332dc1be
2019-06-14 02:51:12,063 INFO  server.RaftServerConfigKeys (ConfUtils.java:logGet(43)) - raft.server.log.queue.byte-limit = 2147483647 (custom)
2019-06-14 02:51:12,063 INFO  server.RaftServerConfigKeys (ConfUtils.java:logGet(43)) - raft.server.log.queue.element-limit = 1024 (custom)
2019-06-14 02:51:12,063 INFO  server.RaftServerConfigKeys (ConfUtils.java:logGet(43)) - raft.server.log.segment.size.max = 16384 (custom)
2019-06-14 02:51:12,063 INFO  server.RaftServerConfigKeys (ConfUtils.java:logGet(43)) - raft.server.log.preallocated.size = 16384 (custom)
2019-06-14 02:51:12,063 INFO  server.RaftServerConfigKeys (ConfUtils.java:logGet(43)) - raft.server.log.write.buffer.size = 33554432 (custom)
2019-06-14 02:51:12,063 INFO  server.RaftServerConfigKeys (ConfUtils.java:logGet(43)) - raft.server.log.force.sync.num = 128 (default)
2019-06-14 02:51:12,063 INFO  server.RaftServerConfigKeys (ConfUtils.java:logGet(43)) - raft.server.log.statemachine.data.sync = true (default)
2019-06-14 02:51:12,063 INFO  server.RaftServerConfigKeys (ConfUtils.java:logGet(43)) - raft.server.log.statemachine.data.sync.timeout = 10s (default)
2019-06-14 02:51:12,063 INFO  server.RaftServerConfigKeys (ConfUtils.java:logGet(43)) - raft.server.log.statemachine.data.sync.timeout.retry = -1 (default)
2019-06-14 02:51:12,063 INFO  server.RaftServerConfigKeys (ConfUtils.java:logGet(43)) - raft.server.log.statemachine.data.caching.enabled = true (custom)
2019-06-14 02:51:12,064 INFO  server.RaftServerConfigKeys (ConfUtils.java:logGet(43)) - raft.server.snapshot.auto.trigger.enabled = true (custom)
2019-06-14 02:51:12,064 INFO  server.RaftServerConfigKeys (ConfUtils.java:logGet(43)) - raft.server.snapshot.auto.trigger.threshold = 10000 (custom)
2019-06-14 02:51:12,064 INFO  server.RaftServerConfigKeys (ConfUtils.java:logGet(43)) - raft.server.retrycache.expirytime = 600000ms (custom)
2019-06-14 02:51:12,064 INFO  impl.RaftServerImpl (RaftServerImpl.java:start(173)) - 1c0e416a-94c2-4eed-b44f-7918b99f3b02: start group-AF07332DC1BE
2019-06-14 02:51:12,064 INFO  impl.RaftServerImpl (RaftServerImpl.java:setRole(164)) - 1c0e416a-94c2-4eed-b44f-7918b99f3b02:group-AF07332DC1BE changes role from null to FOLLOWER at term 0 for startAsFollower
2019-06-14 02:51:12,065 INFO  impl.RoleInfo (RoleInfo.java:updateAndGet(143)) - 1c0e416a-94c2-4eed-b44f-7918b99f3b02: start FollowerState
2019-06-14 02:51:12,065 INFO  util.JmxRegister (JmxRegister.java:tryRegister(44)) - Successfully registered JMX Bean with object name Ratis:service=RaftServer,group=group-AF07332DC1BE,id=1c0e416a-94c2-4eed-b44f-7918b99f3b02
2019-06-14 02:51:12,076 INFO  pipeline.PipelineStateManager (PipelineStateManager.java:addPipeline(56)) - Created pipeline Pipeline[ Id: 066b9f00-e079-4cb8-a4b8-af07332dc1be, Nodes: 1c0e416a-94c2-4eed-b44f-7918b99f3b02{ip: 192.168.105.164, host: ozone-r6sq7-3374789264, networkLocation: /default-rack, certSerialId: null}, Type:RATIS, Factor:ONE, State:OPEN]
2019-06-14 02:51:12,094 INFO  impl.FollowerState (FollowerState.java:run(101)) - 0eb0790d-2903-4405-8a92-61b60f37e1bd:group-83885F0F9E20 changes to CANDIDATE, lastRpcTime:1069, electionTimeout:1069ms
2019-06-14 02:51:12,094 INFO  impl.RoleInfo (RoleInfo.java:shutdownFollowerState(121)) - 0eb0790d-2903-4405-8a92-61b60f37e1bd: shutdown FollowerState
2019-06-14 02:51:12,094 INFO  impl.RaftServerImpl (RaftServerImpl.java:setRole(164)) - 0eb0790d-2903-4405-8a92-61b60f37e1bd:group-83885F0F9E20 changes role from FOLLOWER to CANDIDATE at term 0 for changeToCandidate
2019-06-14 02:51:12,097 INFO  impl.RoleInfo (RoleInfo.java:updateAndGet(143)) - 0eb0790d-2903-4405-8a92-61b60f37e1bd: start LeaderElection
2019-06-14 02:51:12,150 INFO  impl.LeaderElection (LeaderElection.java:askForVotes(181)) - 0eb0790d-2903-4405-8a92-61b60f37e1bd:group-83885F0F9E20:LeaderElection1: begin an election at term 1 for -1: [0eb0790d-2903-4405-8a92-61b60f37e1bd:192.168.105.164:34941], old=null
2019-06-14 02:51:12,151 INFO  impl.RoleInfo (RoleInfo.java:shutdownLeaderElection(134)) - 0eb0790d-2903-4405-8a92-61b60f37e1bd: shutdown LeaderElection
2019-06-14 02:51:12,151 INFO  impl.RaftServerImpl (RaftServerImpl.java:setRole(164)) - 0eb0790d-2903-4405-8a92-61b60f37e1bd:group-83885F0F9E20 changes role from CANDIDATE to LEADER at term 1 for changeToLeader
2019-06-14 02:51:12,152 INFO  impl.RaftServerImpl (ServerState.java:setLeader(263)) - 0eb0790d-2903-4405-8a92-61b60f37e1bd:group-83885F0F9E20 change Leader from null to 0eb0790d-2903-4405-8a92-61b60f37e1bd at term 1 for becomeLeader, leader elected after 1321ms
2019-06-14 02:51:12,158 INFO  server.RaftServerConfigKeys (ConfUtils.java:logGet(43)) - raft.server.staging.catchup.gap = 1000 (default)
2019-06-14 02:51:12,158 INFO  server.RaftServerConfigKeys (ConfUtils.java:logGet(43)) - raft.server.rpc.sleep.time = 25ms (default)
2019-06-14 02:51:12,160 INFO  server.RaftServerConfigKeys (ConfUtils.java:logGet(43)) - raft.server.watch.timeout = 10s (default)
2019-06-14 02:51:12,160 INFO  server.RaftServerConfigKeys (ConfUtils.java:logGet(43)) - raft.server.watch.timeout.denomination = 1s (default)
2019-06-14 02:51:12,165 INFO  impl.RoleInfo (RoleInfo.java:updateAndGet(143)) - 0eb0790d-2903-4405-8a92-61b60f37e1bd: start LeaderState
2019-06-14 02:51:12,179 INFO  storage.RaftLogWorker (RaftLogWorker.java:startLogSegment(298)) - 0eb0790d-2903-4405-8a92-61b60f37e1bd-RaftLogWorker: Starting segment from index:0
2019-06-14 02:51:12,186 INFO  impl.RaftServerImpl (ServerState.java:setRaftConf(361)) - 0eb0790d-2903-4405-8a92-61b60f37e1bd:group-83885F0F9E20 set configuration 0: [0eb0790d-2903-4405-8a92-61b60f37e1bd:192.168.105.164:34941], old=null at 0
2019-06-14 02:51:12,261 INFO  impl.FollowerState (FollowerState.java:run(101)) - 1c2a283c-9ac1-49eb-8007-e8946137c55b:group-0C0B4C24A00E changes to CANDIDATE, lastRpcTime:1106, electionTimeout:1105ms
2019-06-14 02:51:12,263 INFO  impl.RoleInfo (RoleInfo.java:shutdownFollowerState(121)) - 1c2a283c-9ac1-49eb-8007-e8946137c55b: shutdown FollowerState
2019-06-14 02:51:12,263 INFO  impl.RaftServerImpl (RaftServerImpl.java:setRole(164)) - 1c2a283c-9ac1-49eb-8007-e8946137c55b:group-0C0B4C24A00E changes role from FOLLOWER to CANDIDATE at term 0 for changeToCandidate
2019-06-14 02:51:12,263 INFO  impl.RoleInfo (RoleInfo.java:updateAndGet(143)) - 1c2a283c-9ac1-49eb-8007-e8946137c55b: start LeaderElection
2019-06-14 02:51:12,320 INFO  impl.LeaderElection (LeaderElection.java:askForVotes(181)) - 1c2a283c-9ac1-49eb-8007-e8946137c55b:group-0C0B4C24A00E:LeaderElection2: begin an election at term 1 for -1: [1c2a283c-9ac1-49eb-8007-e8946137c55b:192.168.105.164:46129], old=null
2019-06-14 02:51:12,340 INFO  impl.RoleInfo (RoleInfo.java:shutdownLeaderElection(134)) - 1c2a283c-9ac1-49eb-8007-e8946137c55b: shutdown LeaderElection
2019-06-14 02:51:12,340 INFO  impl.RaftServerImpl (RaftServerImpl.java:setRole(164)) - 1c2a283c-9ac1-49eb-8007-e8946137c55b:group-0C0B4C24A00E changes role from CANDIDATE to LEADER at term 1 for changeToLeader
2019-06-14 02:51:12,340 INFO  impl.RaftServerImpl (ServerState.java:setLeader(263)) - 1c2a283c-9ac1-49eb-8007-e8946137c55b:group-0C0B4C24A00E change Leader from null to 1c2a283c-9ac1-49eb-8007-e8946137c55b at term 1 for becomeLeader, leader elected after 1190ms
2019-06-14 02:51:12,358 INFO  server.RaftServerConfigKeys (ConfUtils.java:logGet(43)) - raft.server.staging.catchup.gap = 1000 (default)
2019-06-14 02:51:12,358 INFO  server.RaftServerConfigKeys (ConfUtils.java:logGet(43)) - raft.server.rpc.sleep.time = 25ms (default)
2019-06-14 02:51:12,358 INFO  server.RaftServerConfigKeys (ConfUtils.java:logGet(43)) - raft.server.watch.timeout = 10s (default)
2019-06-14 02:51:12,358 INFO  server.RaftServerConfigKeys (ConfUtils.java:logGet(43)) - raft.server.watch.timeout.denomination = 1s (default)
2019-06-14 02:51:12,359 INFO  impl.RoleInfo (RoleInfo.java:updateAndGet(143)) - 1c2a283c-9ac1-49eb-8007-e8946137c55b: start LeaderState
2019-06-14 02:51:12,359 INFO  storage.RaftLogWorker (RaftLogWorker.java:startLogSegment(298)) - 1c2a283c-9ac1-49eb-8007-e8946137c55b-RaftLogWorker: Starting segment from index:0
2019-06-14 02:51:12,359 INFO  impl.RaftServerImpl (ServerState.java:setRaftConf(361)) - 1c2a283c-9ac1-49eb-8007-e8946137c55b:group-0C0B4C24A00E set configuration 0: [1c2a283c-9ac1-49eb-8007-e8946137c55b:192.168.105.164:46129], old=null at 0
2019-06-14 02:51:12,401 INFO  impl.FollowerState (FollowerState.java:run(101)) - 53a7a545-c5df-42fc-88d7-183fe101e2dc:group-EFBB2149A1E7 changes to CANDIDATE, lastRpcTime:1106, electionTimeout:1106ms
2019-06-14 02:51:12,401 INFO  impl.RoleInfo (RoleInfo.java:shutdownFollowerState(121)) - 53a7a545-c5df-42fc-88d7-183fe101e2dc: shutdown FollowerState
2019-06-14 02:51:12,401 INFO  impl.RaftServerImpl (RaftServerImpl.java:setRole(164)) - 53a7a545-c5df-42fc-88d7-183fe101e2dc:group-EFBB2149A1E7 changes role from FOLLOWER to CANDIDATE at term 0 for changeToCandidate
2019-06-14 02:51:12,401 INFO  impl.RoleInfo (RoleInfo.java:updateAndGet(143)) - 53a7a545-c5df-42fc-88d7-183fe101e2dc: start LeaderElection
2019-06-14 02:51:12,444 INFO  storage.RaftLogWorker (RaftLogWorker.java:execute(469)) - 0eb0790d-2903-4405-8a92-61b60f37e1bd-RaftLogWorker: created new log segment /opt/src/hadoop-ozone/integration-test/target/test-dir/MiniOzoneClusterImpl-7388e2fe-c55c-4faf-9ef5-a5c62a1676be/datanode-0/data/ratis/b186d594-3c9b-432e-b601-83885f0f9e20/current/log_inprogress_0
2019-06-14 02:51:12,453 INFO  storage.RaftLogWorker (RaftLogWorker.java:execute(469)) - 1c2a283c-9ac1-49eb-8007-e8946137c55b-RaftLogWorker: created new log segment /opt/src/hadoop-ozone/integration-test/target/test-dir/MiniOzoneClusterImpl-7388e2fe-c55c-4faf-9ef5-a5c62a1676be/datanode-2/data/ratis/0ef4270b-dec2-4c57-8929-0c0b4c24a00e/current/log_inprogress_0
2019-06-14 02:51:12,453 INFO  impl.LeaderElection (LeaderElection.java:askForVotes(181)) - 53a7a545-c5df-42fc-88d7-183fe101e2dc:group-EFBB2149A1E7:LeaderElection3: begin an election at term 1 for -1: [53a7a545-c5df-42fc-88d7-183fe101e2dc:192.168.105.164:40051], old=null
2019-06-14 02:51:12,453 INFO  impl.RoleInfo (RoleInfo.java:shutdownLeaderElection(134)) - 53a7a545-c5df-42fc-88d7-183fe101e2dc: shutdown LeaderElection
2019-06-14 02:51:12,453 INFO  impl.RaftServerImpl (RaftServerImpl.java:setRole(164)) - 53a7a545-c5df-42fc-88d7-183fe101e2dc:group-EFBB2149A1E7 changes role from CANDIDATE to LEADER at term 1 for changeToLeader
2019-06-14 02:51:12,453 INFO  impl.RaftServerImpl (ServerState.java:setLeader(263)) - 53a7a545-c5df-42fc-88d7-183fe101e2dc:group-EFBB2149A1E7 change Leader from null to 53a7a545-c5df-42fc-88d7-183fe101e2dc at term 1 for becomeLeader, leader elected after 1160ms
2019-06-14 02:51:12,455 INFO  server.RaftServerConfigKeys (ConfUtils.java:logGet(43)) - raft.server.staging.catchup.gap = 1000 (default)
2019-06-14 02:51:12,455 INFO  server.RaftServerConfigKeys (ConfUtils.java:logGet(43)) - raft.server.rpc.sleep.time = 25ms (default)
2019-06-14 02:51:12,455 INFO  server.RaftServerConfigKeys (ConfUtils.java:logGet(43)) - raft.server.watch.timeout = 10s (default)
2019-06-14 02:51:12,455 INFO  server.RaftServerConfigKeys (ConfUtils.java:logGet(43)) - raft.server.watch.timeout.denomination = 1s (default)
2019-06-14 02:51:12,456 INFO  impl.RoleInfo (RoleInfo.java:updateAndGet(143)) - 53a7a545-c5df-42fc-88d7-183fe101e2dc: start LeaderState
2019-06-14 02:51:12,456 INFO  storage.RaftLogWorker (RaftLogWorker.java:startLogSegment(298)) - 53a7a545-c5df-42fc-88d7-183fe101e2dc-RaftLogWorker: Starting segment from index:0
2019-06-14 02:51:12,459 INFO  impl.RaftServerImpl (ServerState.java:setRaftConf(361)) - 53a7a545-c5df-42fc-88d7-183fe101e2dc:group-EFBB2149A1E7 set configuration 0: [53a7a545-c5df-42fc-88d7-183fe101e2dc:192.168.105.164:40051], old=null at 0
2019-06-14 02:51:12,507 INFO  storage.RaftLogWorker (RaftLogWorker.java:execute(469)) - 53a7a545-c5df-42fc-88d7-183fe101e2dc-RaftLogWorker: created new log segment /opt/src/hadoop-ozone/integration-test/target/test-dir/MiniOzoneClusterImpl-7388e2fe-c55c-4faf-9ef5-a5c62a1676be/datanode-1/data/ratis/8d54ec55-786b-4b81-b094-efbb2149a1e7/current/log_inprogress_0
2019-06-14 02:51:12,552 INFO  impl.FollowerState (FollowerState.java:run(101)) - 7f969cbd-7381-497b-a123-d65ab9a9dccb:group-B6AF05BA91D2 changes to CANDIDATE, lastRpcTime:1155, electionTimeout:1155ms
2019-06-14 02:51:12,552 INFO  impl.RoleInfo (RoleInfo.java:shutdownFollowerState(121)) - 7f969cbd-7381-497b-a123-d65ab9a9dccb: shutdown FollowerState
2019-06-14 02:51:12,552 INFO  impl.RaftServerImpl (RaftServerImpl.java:setRole(164)) - 7f969cbd-7381-497b-a123-d65ab9a9dccb:group-B6AF05BA91D2 changes role from FOLLOWER to CANDIDATE at term 0 for changeToCandidate
2019-06-14 02:51:12,553 INFO  impl.RoleInfo (RoleInfo.java:updateAndGet(143)) - 7f969cbd-7381-497b-a123-d65ab9a9dccb: start LeaderElection
2019-06-14 02:51:12,559 INFO  ozone.MiniOzoneClusterImpl (MiniOzoneClusterImpl.java:lambda$waitForClusterToBeReady$0(142)) - Cluster is ready. Got 6 of 6 DN Heartbeats.
]]></system-out>
    <system-err><![CDATA[ERROR StatusLogger No Log4j 2 configuration file found. Using default configuration (logging only errors to the console), or user programmatically provided configurations. Set system property 'log4j2.debug' to show Log4j 2 internal initialization logging. See https://logging.apache.org/log4j/2.x/manual/configuration.html for instructions on how to configure Log4j 2
Jun 14, 2019 2:51:05 AM com.sun.jersey.server.impl.application.WebApplicationImpl _initiate
INFO: Initiating Jersey application, version 'Jersey: 1.19 02/11/2015 03:25 AM'
Jun 14, 2019 2:51:06 AM com.sun.jersey.server.impl.application.WebApplicationImpl _initiate
INFO: Initiating Jersey application, version 'Jersey: 1.19 02/11/2015 03:25 AM'
Jun 14, 2019 2:51:06 AM com.sun.jersey.server.impl.application.WebApplicationImpl _initiate
INFO: Initiating Jersey application, version 'Jersey: 1.19 02/11/2015 03:25 AM'
Jun 14, 2019 2:51:07 AM com.sun.jersey.server.impl.application.WebApplicationImpl _initiate
INFO: Initiating Jersey application, version 'Jersey: 1.19 02/11/2015 03:25 AM'
Jun 14, 2019 2:51:07 AM com.sun.jersey.server.impl.application.WebApplicationImpl _initiate
INFO: Initiating Jersey application, version 'Jersey: 1.19 02/11/2015 03:25 AM'
Jun 14, 2019 2:51:07 AM com.sun.jersey.server.impl.application.WebApplicationImpl _initiate
INFO: Initiating Jersey application, version 'Jersey: 1.19 02/11/2015 03:25 AM'
]]></system-err>
  </testcase>
</testsuite>