<?xml version="1.0" encoding="UTF-8"?>
<testsuite xmlns:xsi="http://www.w3.org/2001/XMLSchema-instance" xsi:noNamespaceSchemaLocation="https://maven.apache.org/surefire/maven-surefire-plugin/xsd/surefire-test-report.xsd" name="org.apache.hadoop.hdds.scm.pipeline.TestNodeFailure" time="11.184" tests="1" errors="0" skipped="1" failures="0">
  <properties>
    <property name="awt.toolkit" value="sun.awt.X11.XToolkit"/>
    <property name="file.encoding.pkg" value="sun.io"/>
    <property name="java.specification.version" value="1.8"/>
    <property name="sun.cpu.isalist" value=""/>
    <property name="sun.jnu.encoding" value="UTF-8"/>
    <property name="java.class.path" value="/opt/src/hadoop-ozone/integration-test/target/test-classes:/opt/src/hadoop-ozone/integration-test/target/classes:/home/user/.m2/repository/org/apache/hadoop/hadoop-ozone-common/0.5.0-SNAPSHOT/hadoop-ozone-common-0.5.0-SNAPSHOT.jar:/home/user/.m2/repository/org/apache/commons/commons-compress/1.4.1/commons-compress-1.4.1.jar:/home/user/.m2/repository/org/tukaani/xz/1.0/xz-1.0.jar:/home/user/.m2/repository/org/apache/hadoop/hadoop-common/3.2.0/hadoop-common-3.2.0.jar:/home/user/.m2/repository/org/apache/hadoop/hadoop-hdfs/3.2.0/hadoop-hdfs-3.2.0.jar:/home/user/.m2/repository/org/apache/hadoop/hadoop-hdfs-client/3.2.0/hadoop-hdfs-client-3.2.0.jar:/home/user/.m2/repository/com/fasterxml/jackson/core/jackson-annotations/2.9.5/jackson-annotations-2.9.5.jar:/home/user/.m2/repository/org/apache/hadoop/hadoop-hdds-common/0.5.0-SNAPSHOT/hadoop-hdds-common-0.5.0-SNAPSHOT.jar:/home/user/.m2/repository/javax/annotation/javax.annotation-api/1.2/javax.annotation-api-1.2.jar:/home/user/.m2/repository/org/apache/ratis/ratis-server/0.4.0-fe2b15d-SNAPSHOT/ratis-server-0.4.0-fe2b15d-SNAPSHOT.jar:/home/user/.m2/repository/org/apache/ratis/ratis-thirdparty-misc/0.2.0/ratis-thirdparty-misc-0.2.0.jar:/home/user/.m2/repository/org/apache/ratis/ratis-proto/0.4.0-fe2b15d-SNAPSHOT/ratis-proto-0.4.0-fe2b15d-SNAPSHOT.jar:/home/user/.m2/repository/org/apache/ratis/ratis-common/0.4.0-fe2b15d-SNAPSHOT/ratis-common-0.4.0-fe2b15d-SNAPSHOT.jar:/home/user/.m2/repository/org/apache/ratis/ratis-client/0.4.0-fe2b15d-SNAPSHOT/ratis-client-0.4.0-fe2b15d-SNAPSHOT.jar:/home/user/.m2/repository/org/apache/ratis/ratis-netty/0.4.0-fe2b15d-SNAPSHOT/ratis-netty-0.4.0-fe2b15d-SNAPSHOT.jar:/home/user/.m2/repository/org/apache/ratis/ratis-grpc/0.4.0-fe2b15d-SNAPSHOT/ratis-grpc-0.4.0-fe2b15d-SNAPSHOT.jar:/home/user/.m2/repository/org/rocksdb/rocksdbjni/5.14.2/rocksdbjni-5.14.2.jar:/home/user/.m2/repository/org/apache/logging/log4j/log4j-api/2.11.0/log4j-api-2.11.0.jar:/home/user/.m2/repository/org/apache/logging/log4j/log4j-core/2.11.0/log4j-core-2.11.0.jar:/home/user/.m2/repository/com/lmax/disruptor/3.4.2/disruptor-3.4.2.jar:/home/user/.m2/repository/org/apache/commons/commons-pool2/2.6.0/commons-pool2-2.6.0.jar:/home/user/.m2/repository/org/bouncycastle/bcpkix-jdk15on/1.60/bcpkix-jdk15on-1.60.jar:/home/user/.m2/repository/commons-validator/commons-validator/1.6/commons-validator-1.6.jar:/home/user/.m2/repository/commons-digester/commons-digester/1.8.1/commons-digester-1.8.1.jar:/home/user/.m2/repository/io/jaegertracing/jaeger-client/0.33.1/jaeger-client-0.33.1.jar:/home/user/.m2/repository/io/jaegertracing/jaeger-thrift/0.33.1/jaeger-thrift-0.33.1.jar:/home/user/.m2/repository/org/apache/thrift/libthrift/0.11.0/libthrift-0.11.0.jar:/home/user/.m2/repository/com/squareup/okhttp3/okhttp/3.9.0/okhttp-3.9.0.jar:/home/user/.m2/repository/com/squareup/okio/okio/1.13.0/okio-1.13.0.jar:/home/user/.m2/repository/io/jaegertracing/jaeger-core/0.33.1/jaeger-core-0.33.1.jar:/home/user/.m2/repository/io/jaegertracing/jaeger-tracerresolver/0.33.1/jaeger-tracerresolver-0.33.1.jar:/home/user/.m2/repository/io/opentracing/contrib/opentracing-tracerresolver/0.1.5/opentracing-tracerresolver-0.1.5.jar:/home/user/.m2/repository/io/opentracing/opentracing-util/0.31.0/opentracing-util-0.31.0.jar:/home/user/.m2/repository/io/opentracing/opentracing-api/0.31.0/opentracing-api-0.31.0.jar:/home/user/.m2/repository/io/opentracing/opentracing-noop/0.31.0/opentracing-noop-0.31.0.jar:/home/user/.m2/repository/org/apache/hadoop/hadoop-hdds-server-framework/0.5.0-SNAPSHOT/hadoop-hdds-server-framework-0.5.0-SNAPSHOT.jar:/home/user/.m2/repository/org/apache/hadoop/hadoop-hdds-server-scm/0.5.0-SNAPSHOT/hadoop-hdds-server-scm-0.5.0-SNAPSHOT.jar:/home/user/.m2/repository/org/apache/hadoop/hadoop-hdds-container-service/0.5.0-SNAPSHOT/hadoop-hdds-container-service-0.5.0-SNAPSHOT.jar:/home/user/.m2/repository/org/apache/hadoop/hadoop-hdds-client/0.5.0-SNAPSHOT/hadoop-hdds-client-0.5.0-SNAPSHOT.jar:/home/user/.m2/repository/org/apache/hadoop/hadoop-hdds-tools/0.5.0-SNAPSHOT/hadoop-hdds-tools-0.5.0-SNAPSHOT.jar:/home/user/.m2/repository/org/apache/hadoop/hadoop-ozone-ozone-manager/0.5.0-SNAPSHOT/hadoop-ozone-ozone-manager-0.5.0-SNAPSHOT.jar:/home/user/.m2/repository/org/apache/hadoop/hadoop-hdds-docs/0.5.0-SNAPSHOT/hadoop-hdds-docs-0.5.0-SNAPSHOT.jar:/home/user/.m2/repository/org/bouncycastle/bcprov-jdk15on/1.60/bcprov-jdk15on-1.60.jar:/home/user/.m2/repository/org/apache/hadoop/hadoop-minikdc/3.2.0/hadoop-minikdc-3.2.0.jar:/home/user/.m2/repository/commons-io/commons-io/2.5/commons-io-2.5.jar:/home/user/.m2/repository/org/apache/kerby/kerb-simplekdc/1.0.1/kerb-simplekdc-1.0.1.jar:/home/user/.m2/repository/org/apache/kerby/kerb-client/1.0.1/kerb-client-1.0.1.jar:/home/user/.m2/repository/org/apache/kerby/kerby-config/1.0.1/kerby-config-1.0.1.jar:/home/user/.m2/repository/org/apache/kerby/kerb-core/1.0.1/kerb-core-1.0.1.jar:/home/user/.m2/repository/org/apache/kerby/kerby-pkix/1.0.1/kerby-pkix-1.0.1.jar:/home/user/.m2/repository/org/apache/kerby/kerby-asn1/1.0.1/kerby-asn1-1.0.1.jar:/home/user/.m2/repository/org/apache/kerby/kerby-util/1.0.1/kerby-util-1.0.1.jar:/home/user/.m2/repository/org/apache/kerby/kerb-common/1.0.1/kerb-common-1.0.1.jar:/home/user/.m2/repository/org/apache/kerby/kerb-crypto/1.0.1/kerb-crypto-1.0.1.jar:/home/user/.m2/repository/org/apache/kerby/kerb-util/1.0.1/kerb-util-1.0.1.jar:/home/user/.m2/repository/org/apache/kerby/token-provider/1.0.1/token-provider-1.0.1.jar:/home/user/.m2/repository/org/apache/kerby/kerb-admin/1.0.1/kerb-admin-1.0.1.jar:/home/user/.m2/repository/org/apache/kerby/kerb-server/1.0.1/kerb-server-1.0.1.jar:/home/user/.m2/repository/org/apache/kerby/kerb-identity/1.0.1/kerb-identity-1.0.1.jar:/home/user/.m2/repository/org/apache/kerby/kerby-xdr/1.0.1/kerby-xdr-1.0.1.jar:/home/user/.m2/repository/org/slf4j/slf4j-log4j12/1.7.25/slf4j-log4j12-1.7.25.jar:/home/user/.m2/repository/org/apache/hadoop/hadoop-ozone-objectstore-service/0.5.0-SNAPSHOT/hadoop-ozone-objectstore-service-0.5.0-SNAPSHOT.jar:/home/user/.m2/repository/org/apache/hadoop/hadoop-ozone-s3gateway/0.5.0-SNAPSHOT/hadoop-ozone-s3gateway-0.5.0-SNAPSHOT.jar:/home/user/.m2/repository/org/jboss/weld/servlet/weld-servlet/2.4.7.Final/weld-servlet-2.4.7.Final.jar:/home/user/.m2/repository/org/glassfish/jersey/containers/jersey-container-servlet-core/2.27/jersey-container-servlet-core-2.27.jar:/home/user/.m2/repository/org/glassfish/hk2/external/javax.inject/2.5.0-b42/javax.inject-2.5.0-b42.jar:/home/user/.m2/repository/org/glassfish/jersey/core/jersey-common/2.27/jersey-common-2.27.jar:/home/user/.m2/repository/org/glassfish/hk2/osgi-resource-locator/1.0.1/osgi-resource-locator-1.0.1.jar:/home/user/.m2/repository/javax/ws/rs/javax.ws.rs-api/2.1/javax.ws.rs-api-2.1.jar:/home/user/.m2/repository/org/glassfish/jersey/ext/cdi/jersey-cdi1x/2.27/jersey-cdi1x-2.27.jar:/home/user/.m2/repository/org/glassfish/jersey/inject/jersey-hk2/2.27/jersey-hk2-2.27.jar:/home/user/.m2/repository/org/glassfish/hk2/hk2-locator/2.5.0-b42/hk2-locator-2.5.0-b42.jar:/home/user/.m2/repository/org/javassist/javassist/3.22.0-CR2/javassist-3.22.0-CR2.jar:/home/user/.m2/repository/org/glassfish/hk2/hk2-api/2.5.0/hk2-api-2.5.0.jar:/home/user/.m2/repository/org/glassfish/hk2/external/jakarta.inject/2.5.0/jakarta.inject-2.5.0.jar:/home/user/.m2/repository/org/glassfish/hk2/hk2-utils/2.5.0/hk2-utils-2.5.0.jar:/home/user/.m2/repository/jakarta/annotation/jakarta.annotation-api/1.3.4/jakarta.annotation-api-1.3.4.jar:/home/user/.m2/repository/org/glassfish/hk2/external/aopalliance-repackaged/2.5.0/aopalliance-repackaged-2.5.0.jar:/home/user/.m2/repository/com/fasterxml/jackson/dataformat/jackson-dataformat-xml/2.9.0/jackson-dataformat-xml-2.9.0.jar:/home/user/.m2/repository/com/fasterxml/jackson/core/jackson-core/2.9.5/jackson-core-2.9.5.jar:/home/user/.m2/repository/com/fasterxml/jackson/module/jackson-module-jaxb-annotations/2.9.5/jackson-module-jaxb-annotations-2.9.5.jar:/home/user/.m2/repository/javax/enterprise/cdi-api/1.2/cdi-api-1.2.jar:/home/user/.m2/repository/javax/el/javax.el-api/3.0.0/javax.el-api-3.0.0.jar:/home/user/.m2/repository/javax/interceptor/javax.interceptor-api/1.2/javax.interceptor-api-1.2.jar:/home/user/.m2/repository/javax/inject/javax.inject/1/javax.inject-1.jar:/home/user/.m2/repository/com/sun/xml/bind/jaxb-impl/2.3.0.1/jaxb-impl-2.3.0.1.jar:/home/user/.m2/repository/com/sun/xml/bind/jaxb-core/2.3.0.1/jaxb-core-2.3.0.1.jar:/home/user/.m2/repository/javax/xml/bind/jaxb-api/2.3.0/jaxb-api-2.3.0.jar:/home/user/.m2/repository/javax/activation/activation/1.1.1/activation-1.1.1.jar:/home/user/.m2/repository/org/apache/hadoop/hadoop-ozone-csi/0.5.0-SNAPSHOT/hadoop-ozone-csi-0.5.0-SNAPSHOT.jar:/home/user/.m2/repository/com/google/protobuf/protobuf-java-util/3.5.1/protobuf-java-util-3.5.1.jar:/home/user/.m2/repository/org/apache/hadoop/hadoop-hdds-config/0.5.0-SNAPSHOT/hadoop-hdds-config-0.5.0-SNAPSHOT.jar:/home/user/.m2/repository/com/google/guava/guava/11.0.2/guava-11.0.2.jar:/home/user/.m2/repository/com/google/protobuf/protobuf-java/2.5.0/protobuf-java-2.5.0.jar:/home/user/.m2/repository/io/grpc/grpc-netty/1.17.1/grpc-netty-1.17.1.jar:/home/user/.m2/repository/io/grpc/grpc-core/1.17.1/grpc-core-1.17.1.jar:/home/user/.m2/repository/io/grpc/grpc-context/1.17.1/grpc-context-1.17.1.jar:/home/user/.m2/repository/com/google/errorprone/error_prone_annotations/2.2.0/error_prone_annotations-2.2.0.jar:/home/user/.m2/repository/org/codehaus/mojo/animal-sniffer-annotations/1.17/animal-sniffer-annotations-1.17.jar:/home/user/.m2/repository/io/opencensus/opencensus-api/0.17.0/opencensus-api-0.17.0.jar:/home/user/.m2/repository/io/opencensus/opencensus-contrib-grpc-metrics/0.17.0/opencensus-contrib-grpc-metrics-0.17.0.jar:/home/user/.m2/repository/io/netty/netty-codec-http2/4.1.30.Final/netty-codec-http2-4.1.30.Final.jar:/home/user/.m2/repository/io/netty/netty-codec-http/4.1.30.Final/netty-codec-http-4.1.30.Final.jar:/home/user/.m2/repository/io/netty/netty-codec/4.1.30.Final/netty-codec-4.1.30.Final.jar:/home/user/.m2/repository/io/netty/netty-handler/4.1.30.Final/netty-handler-4.1.30.Final.jar:/home/user/.m2/repository/io/netty/netty-handler-proxy/4.1.30.Final/netty-handler-proxy-4.1.30.Final.jar:/home/user/.m2/repository/io/netty/netty-codec-socks/4.1.30.Final/netty-codec-socks-4.1.30.Final.jar:/home/user/.m2/repository/io/netty/netty-transport-native-epoll/4.1.30.Final/netty-transport-native-epoll-4.1.30.Final.jar:/home/user/.m2/repository/io/netty/netty-common/4.1.30.Final/netty-common-4.1.30.Final.jar:/home/user/.m2/repository/io/netty/netty-buffer/4.1.30.Final/netty-buffer-4.1.30.Final.jar:/home/user/.m2/repository/io/netty/netty-transport/4.1.30.Final/netty-transport-4.1.30.Final.jar:/home/user/.m2/repository/io/netty/netty-resolver/4.1.30.Final/netty-resolver-4.1.30.Final.jar:/home/user/.m2/repository/io/netty/netty-transport-native-unix-common/4.1.30.Final/netty-transport-native-unix-common-4.1.30.Final.jar:/home/user/.m2/repository/io/grpc/grpc-protobuf/1.17.1/grpc-protobuf-1.17.1.jar:/home/user/.m2/repository/com/google/api/grpc/proto-google-common-protos/1.0.0/proto-google-common-protos-1.0.0.jar:/home/user/.m2/repository/io/grpc/grpc-protobuf-lite/1.17.1/grpc-protobuf-lite-1.17.1.jar:/home/user/.m2/repository/io/grpc/grpc-stub/1.17.1/grpc-stub-1.17.1.jar:/home/user/.m2/repository/org/apache/hadoop/hadoop-ozone-recon/0.5.0-SNAPSHOT/hadoop-ozone-recon-0.5.0-SNAPSHOT.jar:/home/user/.m2/repository/org/apache/hadoop/hadoop-ozone-reconcodegen/0.5.0-SNAPSHOT/hadoop-ozone-reconcodegen-0.5.0-SNAPSHOT.jar:/home/user/.m2/repository/com/google/inject/extensions/guice-multibindings/4.0/guice-multibindings-4.0.jar:/home/user/.m2/repository/com/google/inject/guice/4.0/guice-4.0.jar:/home/user/.m2/repository/aopalliance/aopalliance/1.0/aopalliance-1.0.jar:/home/user/.m2/repository/com/google/inject/extensions/guice-servlet/4.0/guice-servlet-4.0.jar:/home/user/.m2/repository/org/glassfish/jersey/containers/jersey-container-servlet/2.27/jersey-container-servlet-2.27.jar:/home/user/.m2/repository/org/glassfish/hk2/guice-bridge/2.5.0/guice-bridge-2.5.0.jar:/home/user/.m2/repository/org/glassfish/jersey/core/jersey-server/2.27/jersey-server-2.27.jar:/home/user/.m2/repository/org/glassfish/jersey/core/jersey-client/2.27/jersey-client-2.27.jar:/home/user/.m2/repository/org/glassfish/jersey/media/jersey-media-jaxb/2.27/jersey-media-jaxb-2.27.jar:/home/user/.m2/repository/javax/validation/validation-api/1.1.0.Final/validation-api-1.1.0.Final.jar:/home/user/.m2/repository/org/glassfish/jersey/media/jersey-media-json-jackson/2.27/jersey-media-json-jackson-2.27.jar:/home/user/.m2/repository/org/glassfish/jersey/ext/jersey-entity-filtering/2.27/jersey-entity-filtering-2.27.jar:/home/user/.m2/repository/com/google/inject/extensions/guice-assistedinject/4.0/guice-assistedinject-4.0.jar:/home/user/.m2/repository/org/jooq/jooq/3.11.10/jooq-3.11.10.jar:/home/user/.m2/repository/org/jooq/jooq-meta/3.11.10/jooq-meta-3.11.10.jar:/home/user/.m2/repository/org/jooq/jooq-codegen/3.11.10/jooq-codegen-3.11.10.jar:/home/user/.m2/repository/com/jolbox/bonecp/0.8.0.RELEASE/bonecp-0.8.0.RELEASE.jar:/home/user/.m2/repository/org/xerial/sqlite-jdbc/3.25.2/sqlite-jdbc-3.25.2.jar:/home/user/.m2/repository/org/springframework/spring-jdbc/5.1.3.RELEASE/spring-jdbc-5.1.3.RELEASE.jar:/home/user/.m2/repository/org/springframework/spring-beans/5.1.3.RELEASE/spring-beans-5.1.3.RELEASE.jar:/home/user/.m2/repository/org/springframework/spring-core/5.1.3.RELEASE/spring-core-5.1.3.RELEASE.jar:/home/user/.m2/repository/org/springframework/spring-jcl/5.1.3.RELEASE/spring-jcl-5.1.3.RELEASE.jar:/home/user/.m2/repository/org/springframework/spring-tx/5.1.3.RELEASE/spring-tx-5.1.3.RELEASE.jar:/home/user/.m2/repository/org/apache/hadoop/hadoop-ozone-client/0.5.0-SNAPSHOT/hadoop-ozone-client-0.5.0-SNAPSHOT.jar:/home/user/.m2/repository/org/apache/hadoop/hadoop-ozone-ozone-manager/0.5.0-SNAPSHOT/hadoop-ozone-ozone-manager-0.5.0-SNAPSHOT-tests.jar:/home/user/.m2/repository/junit/junit/4.11/junit-4.11.jar:/home/user/.m2/repository/org/hamcrest/hamcrest-core/1.3/hamcrest-core-1.3.jar:/home/user/.m2/repository/org/openjdk/jmh/jmh-core/1.19/jmh-core-1.19.jar:/home/user/.m2/repository/net/sf/jopt-simple/jopt-simple/4.6/jopt-simple-4.6.jar:/home/user/.m2/repository/org/apache/commons/commons-math3/3.1.1/commons-math3-3.1.1.jar:/home/user/.m2/repository/org/openjdk/jmh/jmh-generator-annprocess/1.19/jmh-generator-annprocess-1.19.jar:/home/user/.m2/repository/org/mockito/mockito-all/1.8.5/mockito-all-1.8.5.jar:/home/user/.m2/repository/org/apache/hadoop/hadoop-kms/3.2.0/hadoop-kms-3.2.0.jar:/home/user/.m2/repository/org/apache/hadoop/hadoop-auth/3.2.0/hadoop-auth-3.2.0.jar:/home/user/.m2/repository/com/nimbusds/nimbus-jose-jwt/4.41.1/nimbus-jose-jwt-4.41.1.jar:/home/user/.m2/repository/com/github/stephenc/jcip/jcip-annotations/1.0-1/jcip-annotations-1.0-1.jar:/home/user/.m2/repository/net/minidev/json-smart/2.3/json-smart-2.3.jar:/home/user/.m2/repository/net/minidev/accessors-smart/1.2/accessors-smart-1.2.jar:/home/user/.m2/repository/org/ow2/asm/asm/5.0.4/asm-5.0.4.jar:/home/user/.m2/repository/org/apache/curator/curator-framework/2.12.0/curator-framework-2.12.0.jar:/home/user/.m2/repository/com/sun/jersey/jersey-core/1.19/jersey-core-1.19.jar:/home/user/.m2/repository/javax/ws/rs/jsr311-api/1.1.1/jsr311-api-1.1.1.jar:/home/user/.m2/repository/com/sun/jersey/jersey-server/1.19/jersey-server-1.19.jar:/home/user/.m2/repository/javax/servlet/javax.servlet-api/3.1.0/javax.servlet-api-3.1.0.jar:/home/user/.m2/repository/org/eclipse/jetty/jetty-server/9.3.24.v20180605/jetty-server-9.3.24.v20180605.jar:/home/user/.m2/repository/org/eclipse/jetty/jetty-http/9.3.24.v20180605/jetty-http-9.3.24.v20180605.jar:/home/user/.m2/repository/org/eclipse/jetty/jetty-io/9.3.24.v20180605/jetty-io-9.3.24.v20180605.jar:/home/user/.m2/repository/org/eclipse/jetty/jetty-webapp/9.3.24.v20180605/jetty-webapp-9.3.24.v20180605.jar:/home/user/.m2/repository/org/eclipse/jetty/jetty-xml/9.3.24.v20180605/jetty-xml-9.3.24.v20180605.jar:/home/user/.m2/repository/log4j/log4j/1.2.17/log4j-1.2.17.jar:/home/user/.m2/repository/org/slf4j/slf4j-api/1.7.25/slf4j-api-1.7.25.jar:/home/user/.m2/repository/org/slf4j/jul-to-slf4j/1.7.25/jul-to-slf4j-1.7.25.jar:/home/user/.m2/repository/org/eclipse/jetty/jetty-util/9.3.24.v20180605/jetty-util-9.3.24.v20180605.jar:/home/user/.m2/repository/io/dropwizard/metrics/metrics-core/3.2.4/metrics-core-3.2.4.jar:/home/user/.m2/repository/com/fasterxml/jackson/core/jackson-databind/2.9.5/jackson-databind-2.9.5.jar:/home/user/.m2/repository/org/apache/hadoop/hadoop-kms/3.2.0/hadoop-kms-3.2.0-tests.jar:/home/user/.m2/repository/org/apache/hadoop/hadoop-hdds-server-scm/0.5.0-SNAPSHOT/hadoop-hdds-server-scm-0.5.0-SNAPSHOT-tests.jar:/home/user/.m2/repository/org/hamcrest/hamcrest-all/1.3/hamcrest-all-1.3.jar:/home/user/.m2/repository/info/picocli/picocli/3.9.6/picocli-3.9.6.jar:/home/user/.m2/repository/org/apache/hadoop/hadoop-hdds-container-service/0.5.0-SNAPSHOT/hadoop-hdds-container-service-0.5.0-SNAPSHOT-tests.jar:/home/user/.m2/repository/org/yaml/snakeyaml/1.16/snakeyaml-1.16.jar:/home/user/.m2/repository/org/apache/hadoop/hadoop-common/3.2.0/hadoop-common-3.2.0-tests.jar:/home/user/.m2/repository/org/apache/hadoop/hadoop-annotations/3.2.0/hadoop-annotations-3.2.0.jar:/usr/lib/jvm/java-1.8-openjdk/jre/../lib/tools.jar:/home/user/.m2/repository/commons-cli/commons-cli/1.2/commons-cli-1.2.jar:/home/user/.m2/repository/org/apache/httpcomponents/httpclient/4.5.2/httpclient-4.5.2.jar:/home/user/.m2/repository/org/apache/httpcomponents/httpcore/4.4.4/httpcore-4.4.4.jar:/home/user/.m2/repository/commons-codec/commons-codec/1.11/commons-codec-1.11.jar:/home/user/.m2/repository/commons-net/commons-net/3.6/commons-net-3.6.jar:/home/user/.m2/repository/commons-collections/commons-collections/3.2.2/commons-collections-3.2.2.jar:/home/user/.m2/repository/org/eclipse/jetty/jetty-servlet/9.3.24.v20180605/jetty-servlet-9.3.24.v20180605.jar:/home/user/.m2/repository/org/eclipse/jetty/jetty-security/9.3.24.v20180605/jetty-security-9.3.24.v20180605.jar:/home/user/.m2/repository/javax/servlet/jsp/jsp-api/2.1/jsp-api-2.1.jar:/home/user/.m2/repository/com/sun/jersey/jersey-servlet/1.19/jersey-servlet-1.19.jar:/home/user/.m2/repository/com/sun/jersey/jersey-json/1.19/jersey-json-1.19.jar:/home/user/.m2/repository/org/codehaus/jettison/jettison/1.1/jettison-1.1.jar:/home/user/.m2/repository/org/codehaus/jackson/jackson-core-asl/1.9.13/jackson-core-asl-1.9.13.jar:/home/user/.m2/repository/org/codehaus/jackson/jackson-mapper-asl/1.9.13/jackson-mapper-asl-1.9.13.jar:/home/user/.m2/repository/org/codehaus/jackson/jackson-jaxrs/1.9.13/jackson-jaxrs-1.9.13.jar:/home/user/.m2/repository/org/codehaus/jackson/jackson-xc/1.9.13/jackson-xc-1.9.13.jar:/home/user/.m2/repository/commons-logging/commons-logging/1.1.3/commons-logging-1.1.3.jar:/home/user/.m2/repository/commons-beanutils/commons-beanutils/1.9.3/commons-beanutils-1.9.3.jar:/home/user/.m2/repository/org/apache/commons/commons-configuration2/2.1.1/commons-configuration2-2.1.1.jar:/home/user/.m2/repository/org/apache/commons/commons-lang3/3.7/commons-lang3-3.7.jar:/home/user/.m2/repository/org/apache/commons/commons-text/1.4/commons-text-1.4.jar:/home/user/.m2/repository/org/apache/avro/avro/1.7.7/avro-1.7.7.jar:/home/user/.m2/repository/com/thoughtworks/paranamer/paranamer/2.3/paranamer-2.3.jar:/home/user/.m2/repository/org/xerial/snappy/snappy-java/1.0.5/snappy-java-1.0.5.jar:/home/user/.m2/repository/com/google/re2j/re2j/1.1/re2j-1.1.jar:/home/user/.m2/repository/com/google/code/gson/gson/2.2.4/gson-2.2.4.jar:/home/user/.m2/repository/com/jcraft/jsch/0.1.54/jsch-0.1.54.jar:/home/user/.m2/repository/org/apache/curator/curator-client/2.12.0/curator-client-2.12.0.jar:/home/user/.m2/repository/org/apache/curator/curator-recipes/2.12.0/curator-recipes-2.12.0.jar:/home/user/.m2/repository/com/google/code/findbugs/jsr305/3.0.0/jsr305-3.0.0.jar:/home/user/.m2/repository/org/apache/htrace/htrace-core4/4.1.0-incubating/htrace-core4-4.1.0-incubating.jar:/home/user/.m2/repository/org/apache/zookeeper/zookeeper/3.4.13/zookeeper-3.4.13.jar:/home/user/.m2/repository/org/apache/yetus/audience-annotations/0.5.0/audience-annotations-0.5.0.jar:/home/user/.m2/repository/org/codehaus/woodstox/stax2-api/3.1.4/stax2-api-3.1.4.jar:/home/user/.m2/repository/com/fasterxml/woodstox/woodstox-core/5.0.3/woodstox-core-5.0.3.jar:/home/user/.m2/repository/dnsjava/dnsjava/2.1.7/dnsjava-2.1.7.jar:/home/user/.m2/repository/org/apache/hadoop/hadoop-hdfs/3.2.0/hadoop-hdfs-3.2.0-tests.jar:/home/user/.m2/repository/org/eclipse/jetty/jetty-util-ajax/9.3.24.v20180605/jetty-util-ajax-9.3.24.v20180605.jar:/home/user/.m2/repository/commons-daemon/commons-daemon/1.0.13/commons-daemon-1.0.13.jar:/home/user/.m2/repository/io/netty/netty/3.10.5.Final/netty-3.10.5.Final.jar:/home/user/.m2/repository/io/netty/netty-all/4.0.52.Final/netty-all-4.0.52.Final.jar:/home/user/.m2/repository/org/fusesource/leveldbjni/leveldbjni-all/1.8/leveldbjni-all-1.8.jar:"/>
    <property name="java.vm.vendor" value="IcedTea"/>
    <property name="sun.arch.data.model" value="64"/>
    <property name="test.build.dir" value="/opt/src/hadoop-ozone/integration-test/target/test-dir"/>
    <property name="test.cache.data" value=""/>
    <property name="java.vendor.url" value="https://icedtea.classpath.org"/>
    <property name="user.timezone" value=""/>
    <property name="java.vm.specification.version" value="1.8"/>
    <property name="os.name" value="Linux"/>
    <property name="test.build.data" value="/opt/src/hadoop-ozone/integration-test/target/test-dir"/>
    <property name="user.country" value="US"/>
    <property name="sun.java.launcher" value="SUN_STANDARD"/>
    <property name="sun.boot.library.path" value="/usr/lib/jvm/java-1.8-openjdk/jre/lib/amd64"/>
    <property name="sun.java.command" value="/opt/src/hadoop-ozone/integration-test/target/surefire/surefirebooter967770308807831499.jar /opt/src/hadoop-ozone/integration-test/target/surefire 2019-06-14T14-52-23_798-jvmRun1 surefire359504411225265884tmp surefire_82555948351569624418tmp"/>
    <property name="surefire.test.class.path" value="/opt/src/hadoop-ozone/integration-test/target/test-classes:/opt/src/hadoop-ozone/integration-test/target/classes:/home/user/.m2/repository/org/apache/hadoop/hadoop-ozone-common/0.5.0-SNAPSHOT/hadoop-ozone-common-0.5.0-SNAPSHOT.jar:/home/user/.m2/repository/org/apache/commons/commons-compress/1.4.1/commons-compress-1.4.1.jar:/home/user/.m2/repository/org/tukaani/xz/1.0/xz-1.0.jar:/home/user/.m2/repository/org/apache/hadoop/hadoop-common/3.2.0/hadoop-common-3.2.0.jar:/home/user/.m2/repository/org/apache/hadoop/hadoop-hdfs/3.2.0/hadoop-hdfs-3.2.0.jar:/home/user/.m2/repository/org/apache/hadoop/hadoop-hdfs-client/3.2.0/hadoop-hdfs-client-3.2.0.jar:/home/user/.m2/repository/com/fasterxml/jackson/core/jackson-annotations/2.9.5/jackson-annotations-2.9.5.jar:/home/user/.m2/repository/org/apache/hadoop/hadoop-hdds-common/0.5.0-SNAPSHOT/hadoop-hdds-common-0.5.0-SNAPSHOT.jar:/home/user/.m2/repository/javax/annotation/javax.annotation-api/1.2/javax.annotation-api-1.2.jar:/home/user/.m2/repository/org/apache/ratis/ratis-server/0.4.0-fe2b15d-SNAPSHOT/ratis-server-0.4.0-fe2b15d-SNAPSHOT.jar:/home/user/.m2/repository/org/apache/ratis/ratis-thirdparty-misc/0.2.0/ratis-thirdparty-misc-0.2.0.jar:/home/user/.m2/repository/org/apache/ratis/ratis-proto/0.4.0-fe2b15d-SNAPSHOT/ratis-proto-0.4.0-fe2b15d-SNAPSHOT.jar:/home/user/.m2/repository/org/apache/ratis/ratis-common/0.4.0-fe2b15d-SNAPSHOT/ratis-common-0.4.0-fe2b15d-SNAPSHOT.jar:/home/user/.m2/repository/org/apache/ratis/ratis-client/0.4.0-fe2b15d-SNAPSHOT/ratis-client-0.4.0-fe2b15d-SNAPSHOT.jar:/home/user/.m2/repository/org/apache/ratis/ratis-netty/0.4.0-fe2b15d-SNAPSHOT/ratis-netty-0.4.0-fe2b15d-SNAPSHOT.jar:/home/user/.m2/repository/org/apache/ratis/ratis-grpc/0.4.0-fe2b15d-SNAPSHOT/ratis-grpc-0.4.0-fe2b15d-SNAPSHOT.jar:/home/user/.m2/repository/org/rocksdb/rocksdbjni/5.14.2/rocksdbjni-5.14.2.jar:/home/user/.m2/repository/org/apache/logging/log4j/log4j-api/2.11.0/log4j-api-2.11.0.jar:/home/user/.m2/repository/org/apache/logging/log4j/log4j-core/2.11.0/log4j-core-2.11.0.jar:/home/user/.m2/repository/com/lmax/disruptor/3.4.2/disruptor-3.4.2.jar:/home/user/.m2/repository/org/apache/commons/commons-pool2/2.6.0/commons-pool2-2.6.0.jar:/home/user/.m2/repository/org/bouncycastle/bcpkix-jdk15on/1.60/bcpkix-jdk15on-1.60.jar:/home/user/.m2/repository/commons-validator/commons-validator/1.6/commons-validator-1.6.jar:/home/user/.m2/repository/commons-digester/commons-digester/1.8.1/commons-digester-1.8.1.jar:/home/user/.m2/repository/io/jaegertracing/jaeger-client/0.33.1/jaeger-client-0.33.1.jar:/home/user/.m2/repository/io/jaegertracing/jaeger-thrift/0.33.1/jaeger-thrift-0.33.1.jar:/home/user/.m2/repository/org/apache/thrift/libthrift/0.11.0/libthrift-0.11.0.jar:/home/user/.m2/repository/com/squareup/okhttp3/okhttp/3.9.0/okhttp-3.9.0.jar:/home/user/.m2/repository/com/squareup/okio/okio/1.13.0/okio-1.13.0.jar:/home/user/.m2/repository/io/jaegertracing/jaeger-core/0.33.1/jaeger-core-0.33.1.jar:/home/user/.m2/repository/io/jaegertracing/jaeger-tracerresolver/0.33.1/jaeger-tracerresolver-0.33.1.jar:/home/user/.m2/repository/io/opentracing/contrib/opentracing-tracerresolver/0.1.5/opentracing-tracerresolver-0.1.5.jar:/home/user/.m2/repository/io/opentracing/opentracing-util/0.31.0/opentracing-util-0.31.0.jar:/home/user/.m2/repository/io/opentracing/opentracing-api/0.31.0/opentracing-api-0.31.0.jar:/home/user/.m2/repository/io/opentracing/opentracing-noop/0.31.0/opentracing-noop-0.31.0.jar:/home/user/.m2/repository/org/apache/hadoop/hadoop-hdds-server-framework/0.5.0-SNAPSHOT/hadoop-hdds-server-framework-0.5.0-SNAPSHOT.jar:/home/user/.m2/repository/org/apache/hadoop/hadoop-hdds-server-scm/0.5.0-SNAPSHOT/hadoop-hdds-server-scm-0.5.0-SNAPSHOT.jar:/home/user/.m2/repository/org/apache/hadoop/hadoop-hdds-container-service/0.5.0-SNAPSHOT/hadoop-hdds-container-service-0.5.0-SNAPSHOT.jar:/home/user/.m2/repository/org/apache/hadoop/hadoop-hdds-client/0.5.0-SNAPSHOT/hadoop-hdds-client-0.5.0-SNAPSHOT.jar:/home/user/.m2/repository/org/apache/hadoop/hadoop-hdds-tools/0.5.0-SNAPSHOT/hadoop-hdds-tools-0.5.0-SNAPSHOT.jar:/home/user/.m2/repository/org/apache/hadoop/hadoop-ozone-ozone-manager/0.5.0-SNAPSHOT/hadoop-ozone-ozone-manager-0.5.0-SNAPSHOT.jar:/home/user/.m2/repository/org/apache/hadoop/hadoop-hdds-docs/0.5.0-SNAPSHOT/hadoop-hdds-docs-0.5.0-SNAPSHOT.jar:/home/user/.m2/repository/org/bouncycastle/bcprov-jdk15on/1.60/bcprov-jdk15on-1.60.jar:/home/user/.m2/repository/org/apache/hadoop/hadoop-minikdc/3.2.0/hadoop-minikdc-3.2.0.jar:/home/user/.m2/repository/commons-io/commons-io/2.5/commons-io-2.5.jar:/home/user/.m2/repository/org/apache/kerby/kerb-simplekdc/1.0.1/kerb-simplekdc-1.0.1.jar:/home/user/.m2/repository/org/apache/kerby/kerb-client/1.0.1/kerb-client-1.0.1.jar:/home/user/.m2/repository/org/apache/kerby/kerby-config/1.0.1/kerby-config-1.0.1.jar:/home/user/.m2/repository/org/apache/kerby/kerb-core/1.0.1/kerb-core-1.0.1.jar:/home/user/.m2/repository/org/apache/kerby/kerby-pkix/1.0.1/kerby-pkix-1.0.1.jar:/home/user/.m2/repository/org/apache/kerby/kerby-asn1/1.0.1/kerby-asn1-1.0.1.jar:/home/user/.m2/repository/org/apache/kerby/kerby-util/1.0.1/kerby-util-1.0.1.jar:/home/user/.m2/repository/org/apache/kerby/kerb-common/1.0.1/kerb-common-1.0.1.jar:/home/user/.m2/repository/org/apache/kerby/kerb-crypto/1.0.1/kerb-crypto-1.0.1.jar:/home/user/.m2/repository/org/apache/kerby/kerb-util/1.0.1/kerb-util-1.0.1.jar:/home/user/.m2/repository/org/apache/kerby/token-provider/1.0.1/token-provider-1.0.1.jar:/home/user/.m2/repository/org/apache/kerby/kerb-admin/1.0.1/kerb-admin-1.0.1.jar:/home/user/.m2/repository/org/apache/kerby/kerb-server/1.0.1/kerb-server-1.0.1.jar:/home/user/.m2/repository/org/apache/kerby/kerb-identity/1.0.1/kerb-identity-1.0.1.jar:/home/user/.m2/repository/org/apache/kerby/kerby-xdr/1.0.1/kerby-xdr-1.0.1.jar:/home/user/.m2/repository/org/slf4j/slf4j-log4j12/1.7.25/slf4j-log4j12-1.7.25.jar:/home/user/.m2/repository/org/apache/hadoop/hadoop-ozone-objectstore-service/0.5.0-SNAPSHOT/hadoop-ozone-objectstore-service-0.5.0-SNAPSHOT.jar:/home/user/.m2/repository/org/apache/hadoop/hadoop-ozone-s3gateway/0.5.0-SNAPSHOT/hadoop-ozone-s3gateway-0.5.0-SNAPSHOT.jar:/home/user/.m2/repository/org/jboss/weld/servlet/weld-servlet/2.4.7.Final/weld-servlet-2.4.7.Final.jar:/home/user/.m2/repository/org/glassfish/jersey/containers/jersey-container-servlet-core/2.27/jersey-container-servlet-core-2.27.jar:/home/user/.m2/repository/org/glassfish/hk2/external/javax.inject/2.5.0-b42/javax.inject-2.5.0-b42.jar:/home/user/.m2/repository/org/glassfish/jersey/core/jersey-common/2.27/jersey-common-2.27.jar:/home/user/.m2/repository/org/glassfish/hk2/osgi-resource-locator/1.0.1/osgi-resource-locator-1.0.1.jar:/home/user/.m2/repository/javax/ws/rs/javax.ws.rs-api/2.1/javax.ws.rs-api-2.1.jar:/home/user/.m2/repository/org/glassfish/jersey/ext/cdi/jersey-cdi1x/2.27/jersey-cdi1x-2.27.jar:/home/user/.m2/repository/org/glassfish/jersey/inject/jersey-hk2/2.27/jersey-hk2-2.27.jar:/home/user/.m2/repository/org/glassfish/hk2/hk2-locator/2.5.0-b42/hk2-locator-2.5.0-b42.jar:/home/user/.m2/repository/org/javassist/javassist/3.22.0-CR2/javassist-3.22.0-CR2.jar:/home/user/.m2/repository/org/glassfish/hk2/hk2-api/2.5.0/hk2-api-2.5.0.jar:/home/user/.m2/repository/org/glassfish/hk2/external/jakarta.inject/2.5.0/jakarta.inject-2.5.0.jar:/home/user/.m2/repository/org/glassfish/hk2/hk2-utils/2.5.0/hk2-utils-2.5.0.jar:/home/user/.m2/repository/jakarta/annotation/jakarta.annotation-api/1.3.4/jakarta.annotation-api-1.3.4.jar:/home/user/.m2/repository/org/glassfish/hk2/external/aopalliance-repackaged/2.5.0/aopalliance-repackaged-2.5.0.jar:/home/user/.m2/repository/com/fasterxml/jackson/dataformat/jackson-dataformat-xml/2.9.0/jackson-dataformat-xml-2.9.0.jar:/home/user/.m2/repository/com/fasterxml/jackson/core/jackson-core/2.9.5/jackson-core-2.9.5.jar:/home/user/.m2/repository/com/fasterxml/jackson/module/jackson-module-jaxb-annotations/2.9.5/jackson-module-jaxb-annotations-2.9.5.jar:/home/user/.m2/repository/javax/enterprise/cdi-api/1.2/cdi-api-1.2.jar:/home/user/.m2/repository/javax/el/javax.el-api/3.0.0/javax.el-api-3.0.0.jar:/home/user/.m2/repository/javax/interceptor/javax.interceptor-api/1.2/javax.interceptor-api-1.2.jar:/home/user/.m2/repository/javax/inject/javax.inject/1/javax.inject-1.jar:/home/user/.m2/repository/com/sun/xml/bind/jaxb-impl/2.3.0.1/jaxb-impl-2.3.0.1.jar:/home/user/.m2/repository/com/sun/xml/bind/jaxb-core/2.3.0.1/jaxb-core-2.3.0.1.jar:/home/user/.m2/repository/javax/xml/bind/jaxb-api/2.3.0/jaxb-api-2.3.0.jar:/home/user/.m2/repository/javax/activation/activation/1.1.1/activation-1.1.1.jar:/home/user/.m2/repository/org/apache/hadoop/hadoop-ozone-csi/0.5.0-SNAPSHOT/hadoop-ozone-csi-0.5.0-SNAPSHOT.jar:/home/user/.m2/repository/com/google/protobuf/protobuf-java-util/3.5.1/protobuf-java-util-3.5.1.jar:/home/user/.m2/repository/org/apache/hadoop/hadoop-hdds-config/0.5.0-SNAPSHOT/hadoop-hdds-config-0.5.0-SNAPSHOT.jar:/home/user/.m2/repository/com/google/guava/guava/11.0.2/guava-11.0.2.jar:/home/user/.m2/repository/com/google/protobuf/protobuf-java/2.5.0/protobuf-java-2.5.0.jar:/home/user/.m2/repository/io/grpc/grpc-netty/1.17.1/grpc-netty-1.17.1.jar:/home/user/.m2/repository/io/grpc/grpc-core/1.17.1/grpc-core-1.17.1.jar:/home/user/.m2/repository/io/grpc/grpc-context/1.17.1/grpc-context-1.17.1.jar:/home/user/.m2/repository/com/google/errorprone/error_prone_annotations/2.2.0/error_prone_annotations-2.2.0.jar:/home/user/.m2/repository/org/codehaus/mojo/animal-sniffer-annotations/1.17/animal-sniffer-annotations-1.17.jar:/home/user/.m2/repository/io/opencensus/opencensus-api/0.17.0/opencensus-api-0.17.0.jar:/home/user/.m2/repository/io/opencensus/opencensus-contrib-grpc-metrics/0.17.0/opencensus-contrib-grpc-metrics-0.17.0.jar:/home/user/.m2/repository/io/netty/netty-codec-http2/4.1.30.Final/netty-codec-http2-4.1.30.Final.jar:/home/user/.m2/repository/io/netty/netty-codec-http/4.1.30.Final/netty-codec-http-4.1.30.Final.jar:/home/user/.m2/repository/io/netty/netty-codec/4.1.30.Final/netty-codec-4.1.30.Final.jar:/home/user/.m2/repository/io/netty/netty-handler/4.1.30.Final/netty-handler-4.1.30.Final.jar:/home/user/.m2/repository/io/netty/netty-handler-proxy/4.1.30.Final/netty-handler-proxy-4.1.30.Final.jar:/home/user/.m2/repository/io/netty/netty-codec-socks/4.1.30.Final/netty-codec-socks-4.1.30.Final.jar:/home/user/.m2/repository/io/netty/netty-transport-native-epoll/4.1.30.Final/netty-transport-native-epoll-4.1.30.Final.jar:/home/user/.m2/repository/io/netty/netty-common/4.1.30.Final/netty-common-4.1.30.Final.jar:/home/user/.m2/repository/io/netty/netty-buffer/4.1.30.Final/netty-buffer-4.1.30.Final.jar:/home/user/.m2/repository/io/netty/netty-transport/4.1.30.Final/netty-transport-4.1.30.Final.jar:/home/user/.m2/repository/io/netty/netty-resolver/4.1.30.Final/netty-resolver-4.1.30.Final.jar:/home/user/.m2/repository/io/netty/netty-transport-native-unix-common/4.1.30.Final/netty-transport-native-unix-common-4.1.30.Final.jar:/home/user/.m2/repository/io/grpc/grpc-protobuf/1.17.1/grpc-protobuf-1.17.1.jar:/home/user/.m2/repository/com/google/api/grpc/proto-google-common-protos/1.0.0/proto-google-common-protos-1.0.0.jar:/home/user/.m2/repository/io/grpc/grpc-protobuf-lite/1.17.1/grpc-protobuf-lite-1.17.1.jar:/home/user/.m2/repository/io/grpc/grpc-stub/1.17.1/grpc-stub-1.17.1.jar:/home/user/.m2/repository/org/apache/hadoop/hadoop-ozone-recon/0.5.0-SNAPSHOT/hadoop-ozone-recon-0.5.0-SNAPSHOT.jar:/home/user/.m2/repository/org/apache/hadoop/hadoop-ozone-reconcodegen/0.5.0-SNAPSHOT/hadoop-ozone-reconcodegen-0.5.0-SNAPSHOT.jar:/home/user/.m2/repository/com/google/inject/extensions/guice-multibindings/4.0/guice-multibindings-4.0.jar:/home/user/.m2/repository/com/google/inject/guice/4.0/guice-4.0.jar:/home/user/.m2/repository/aopalliance/aopalliance/1.0/aopalliance-1.0.jar:/home/user/.m2/repository/com/google/inject/extensions/guice-servlet/4.0/guice-servlet-4.0.jar:/home/user/.m2/repository/org/glassfish/jersey/containers/jersey-container-servlet/2.27/jersey-container-servlet-2.27.jar:/home/user/.m2/repository/org/glassfish/hk2/guice-bridge/2.5.0/guice-bridge-2.5.0.jar:/home/user/.m2/repository/org/glassfish/jersey/core/jersey-server/2.27/jersey-server-2.27.jar:/home/user/.m2/repository/org/glassfish/jersey/core/jersey-client/2.27/jersey-client-2.27.jar:/home/user/.m2/repository/org/glassfish/jersey/media/jersey-media-jaxb/2.27/jersey-media-jaxb-2.27.jar:/home/user/.m2/repository/javax/validation/validation-api/1.1.0.Final/validation-api-1.1.0.Final.jar:/home/user/.m2/repository/org/glassfish/jersey/media/jersey-media-json-jackson/2.27/jersey-media-json-jackson-2.27.jar:/home/user/.m2/repository/org/glassfish/jersey/ext/jersey-entity-filtering/2.27/jersey-entity-filtering-2.27.jar:/home/user/.m2/repository/com/google/inject/extensions/guice-assistedinject/4.0/guice-assistedinject-4.0.jar:/home/user/.m2/repository/org/jooq/jooq/3.11.10/jooq-3.11.10.jar:/home/user/.m2/repository/org/jooq/jooq-meta/3.11.10/jooq-meta-3.11.10.jar:/home/user/.m2/repository/org/jooq/jooq-codegen/3.11.10/jooq-codegen-3.11.10.jar:/home/user/.m2/repository/com/jolbox/bonecp/0.8.0.RELEASE/bonecp-0.8.0.RELEASE.jar:/home/user/.m2/repository/org/xerial/sqlite-jdbc/3.25.2/sqlite-jdbc-3.25.2.jar:/home/user/.m2/repository/org/springframework/spring-jdbc/5.1.3.RELEASE/spring-jdbc-5.1.3.RELEASE.jar:/home/user/.m2/repository/org/springframework/spring-beans/5.1.3.RELEASE/spring-beans-5.1.3.RELEASE.jar:/home/user/.m2/repository/org/springframework/spring-core/5.1.3.RELEASE/spring-core-5.1.3.RELEASE.jar:/home/user/.m2/repository/org/springframework/spring-jcl/5.1.3.RELEASE/spring-jcl-5.1.3.RELEASE.jar:/home/user/.m2/repository/org/springframework/spring-tx/5.1.3.RELEASE/spring-tx-5.1.3.RELEASE.jar:/home/user/.m2/repository/org/apache/hadoop/hadoop-ozone-client/0.5.0-SNAPSHOT/hadoop-ozone-client-0.5.0-SNAPSHOT.jar:/home/user/.m2/repository/org/apache/hadoop/hadoop-ozone-ozone-manager/0.5.0-SNAPSHOT/hadoop-ozone-ozone-manager-0.5.0-SNAPSHOT-tests.jar:/home/user/.m2/repository/junit/junit/4.11/junit-4.11.jar:/home/user/.m2/repository/org/hamcrest/hamcrest-core/1.3/hamcrest-core-1.3.jar:/home/user/.m2/repository/org/openjdk/jmh/jmh-core/1.19/jmh-core-1.19.jar:/home/user/.m2/repository/net/sf/jopt-simple/jopt-simple/4.6/jopt-simple-4.6.jar:/home/user/.m2/repository/org/apache/commons/commons-math3/3.1.1/commons-math3-3.1.1.jar:/home/user/.m2/repository/org/openjdk/jmh/jmh-generator-annprocess/1.19/jmh-generator-annprocess-1.19.jar:/home/user/.m2/repository/org/mockito/mockito-all/1.8.5/mockito-all-1.8.5.jar:/home/user/.m2/repository/org/apache/hadoop/hadoop-kms/3.2.0/hadoop-kms-3.2.0.jar:/home/user/.m2/repository/org/apache/hadoop/hadoop-auth/3.2.0/hadoop-auth-3.2.0.jar:/home/user/.m2/repository/com/nimbusds/nimbus-jose-jwt/4.41.1/nimbus-jose-jwt-4.41.1.jar:/home/user/.m2/repository/com/github/stephenc/jcip/jcip-annotations/1.0-1/jcip-annotations-1.0-1.jar:/home/user/.m2/repository/net/minidev/json-smart/2.3/json-smart-2.3.jar:/home/user/.m2/repository/net/minidev/accessors-smart/1.2/accessors-smart-1.2.jar:/home/user/.m2/repository/org/ow2/asm/asm/5.0.4/asm-5.0.4.jar:/home/user/.m2/repository/org/apache/curator/curator-framework/2.12.0/curator-framework-2.12.0.jar:/home/user/.m2/repository/com/sun/jersey/jersey-core/1.19/jersey-core-1.19.jar:/home/user/.m2/repository/javax/ws/rs/jsr311-api/1.1.1/jsr311-api-1.1.1.jar:/home/user/.m2/repository/com/sun/jersey/jersey-server/1.19/jersey-server-1.19.jar:/home/user/.m2/repository/javax/servlet/javax.servlet-api/3.1.0/javax.servlet-api-3.1.0.jar:/home/user/.m2/repository/org/eclipse/jetty/jetty-server/9.3.24.v20180605/jetty-server-9.3.24.v20180605.jar:/home/user/.m2/repository/org/eclipse/jetty/jetty-http/9.3.24.v20180605/jetty-http-9.3.24.v20180605.jar:/home/user/.m2/repository/org/eclipse/jetty/jetty-io/9.3.24.v20180605/jetty-io-9.3.24.v20180605.jar:/home/user/.m2/repository/org/eclipse/jetty/jetty-webapp/9.3.24.v20180605/jetty-webapp-9.3.24.v20180605.jar:/home/user/.m2/repository/org/eclipse/jetty/jetty-xml/9.3.24.v20180605/jetty-xml-9.3.24.v20180605.jar:/home/user/.m2/repository/log4j/log4j/1.2.17/log4j-1.2.17.jar:/home/user/.m2/repository/org/slf4j/slf4j-api/1.7.25/slf4j-api-1.7.25.jar:/home/user/.m2/repository/org/slf4j/jul-to-slf4j/1.7.25/jul-to-slf4j-1.7.25.jar:/home/user/.m2/repository/org/eclipse/jetty/jetty-util/9.3.24.v20180605/jetty-util-9.3.24.v20180605.jar:/home/user/.m2/repository/io/dropwizard/metrics/metrics-core/3.2.4/metrics-core-3.2.4.jar:/home/user/.m2/repository/com/fasterxml/jackson/core/jackson-databind/2.9.5/jackson-databind-2.9.5.jar:/home/user/.m2/repository/org/apache/hadoop/hadoop-kms/3.2.0/hadoop-kms-3.2.0-tests.jar:/home/user/.m2/repository/org/apache/hadoop/hadoop-hdds-server-scm/0.5.0-SNAPSHOT/hadoop-hdds-server-scm-0.5.0-SNAPSHOT-tests.jar:/home/user/.m2/repository/org/hamcrest/hamcrest-all/1.3/hamcrest-all-1.3.jar:/home/user/.m2/repository/info/picocli/picocli/3.9.6/picocli-3.9.6.jar:/home/user/.m2/repository/org/apache/hadoop/hadoop-hdds-container-service/0.5.0-SNAPSHOT/hadoop-hdds-container-service-0.5.0-SNAPSHOT-tests.jar:/home/user/.m2/repository/org/yaml/snakeyaml/1.16/snakeyaml-1.16.jar:/home/user/.m2/repository/org/apache/hadoop/hadoop-common/3.2.0/hadoop-common-3.2.0-tests.jar:/home/user/.m2/repository/org/apache/hadoop/hadoop-annotations/3.2.0/hadoop-annotations-3.2.0.jar:/usr/lib/jvm/java-1.8-openjdk/jre/../lib/tools.jar:/home/user/.m2/repository/commons-cli/commons-cli/1.2/commons-cli-1.2.jar:/home/user/.m2/repository/org/apache/httpcomponents/httpclient/4.5.2/httpclient-4.5.2.jar:/home/user/.m2/repository/org/apache/httpcomponents/httpcore/4.4.4/httpcore-4.4.4.jar:/home/user/.m2/repository/commons-codec/commons-codec/1.11/commons-codec-1.11.jar:/home/user/.m2/repository/commons-net/commons-net/3.6/commons-net-3.6.jar:/home/user/.m2/repository/commons-collections/commons-collections/3.2.2/commons-collections-3.2.2.jar:/home/user/.m2/repository/org/eclipse/jetty/jetty-servlet/9.3.24.v20180605/jetty-servlet-9.3.24.v20180605.jar:/home/user/.m2/repository/org/eclipse/jetty/jetty-security/9.3.24.v20180605/jetty-security-9.3.24.v20180605.jar:/home/user/.m2/repository/javax/servlet/jsp/jsp-api/2.1/jsp-api-2.1.jar:/home/user/.m2/repository/com/sun/jersey/jersey-servlet/1.19/jersey-servlet-1.19.jar:/home/user/.m2/repository/com/sun/jersey/jersey-json/1.19/jersey-json-1.19.jar:/home/user/.m2/repository/org/codehaus/jettison/jettison/1.1/jettison-1.1.jar:/home/user/.m2/repository/org/codehaus/jackson/jackson-core-asl/1.9.13/jackson-core-asl-1.9.13.jar:/home/user/.m2/repository/org/codehaus/jackson/jackson-mapper-asl/1.9.13/jackson-mapper-asl-1.9.13.jar:/home/user/.m2/repository/org/codehaus/jackson/jackson-jaxrs/1.9.13/jackson-jaxrs-1.9.13.jar:/home/user/.m2/repository/org/codehaus/jackson/jackson-xc/1.9.13/jackson-xc-1.9.13.jar:/home/user/.m2/repository/commons-logging/commons-logging/1.1.3/commons-logging-1.1.3.jar:/home/user/.m2/repository/commons-beanutils/commons-beanutils/1.9.3/commons-beanutils-1.9.3.jar:/home/user/.m2/repository/org/apache/commons/commons-configuration2/2.1.1/commons-configuration2-2.1.1.jar:/home/user/.m2/repository/org/apache/commons/commons-lang3/3.7/commons-lang3-3.7.jar:/home/user/.m2/repository/org/apache/commons/commons-text/1.4/commons-text-1.4.jar:/home/user/.m2/repository/org/apache/avro/avro/1.7.7/avro-1.7.7.jar:/home/user/.m2/repository/com/thoughtworks/paranamer/paranamer/2.3/paranamer-2.3.jar:/home/user/.m2/repository/org/xerial/snappy/snappy-java/1.0.5/snappy-java-1.0.5.jar:/home/user/.m2/repository/com/google/re2j/re2j/1.1/re2j-1.1.jar:/home/user/.m2/repository/com/google/code/gson/gson/2.2.4/gson-2.2.4.jar:/home/user/.m2/repository/com/jcraft/jsch/0.1.54/jsch-0.1.54.jar:/home/user/.m2/repository/org/apache/curator/curator-client/2.12.0/curator-client-2.12.0.jar:/home/user/.m2/repository/org/apache/curator/curator-recipes/2.12.0/curator-recipes-2.12.0.jar:/home/user/.m2/repository/com/google/code/findbugs/jsr305/3.0.0/jsr305-3.0.0.jar:/home/user/.m2/repository/org/apache/htrace/htrace-core4/4.1.0-incubating/htrace-core4-4.1.0-incubating.jar:/home/user/.m2/repository/org/apache/zookeeper/zookeeper/3.4.13/zookeeper-3.4.13.jar:/home/user/.m2/repository/org/apache/yetus/audience-annotations/0.5.0/audience-annotations-0.5.0.jar:/home/user/.m2/repository/org/codehaus/woodstox/stax2-api/3.1.4/stax2-api-3.1.4.jar:/home/user/.m2/repository/com/fasterxml/woodstox/woodstox-core/5.0.3/woodstox-core-5.0.3.jar:/home/user/.m2/repository/dnsjava/dnsjava/2.1.7/dnsjava-2.1.7.jar:/home/user/.m2/repository/org/apache/hadoop/hadoop-hdfs/3.2.0/hadoop-hdfs-3.2.0-tests.jar:/home/user/.m2/repository/org/eclipse/jetty/jetty-util-ajax/9.3.24.v20180605/jetty-util-ajax-9.3.24.v20180605.jar:/home/user/.m2/repository/commons-daemon/commons-daemon/1.0.13/commons-daemon-1.0.13.jar:/home/user/.m2/repository/io/netty/netty/3.10.5.Final/netty-3.10.5.Final.jar:/home/user/.m2/repository/io/netty/netty-all/4.0.52.Final/netty-all-4.0.52.Final.jar:/home/user/.m2/repository/org/fusesource/leveldbjni/leveldbjni-all/1.8/leveldbjni-all-1.8.jar:"/>
    <property name="sun.cpu.endian" value="little"/>
    <property name="user.home" value="/home/user"/>
    <property name="user.language" value="en"/>
    <property name="java.specification.vendor" value="Oracle Corporation"/>
    <property name="java.home" value="/usr/lib/jvm/java-1.8-openjdk/jre"/>
    <property name="java.security.krb5.conf" value="/opt/src/hadoop-ozone/integration-test/target/test-classes/krb5.conf"/>
    <property name="basedir" value="/opt/src/hadoop-ozone/integration-test"/>
    <property name="file.separator" value="/"/>
    <property name="line.separator" value="&#10;"/>
    <property name="java.vm.specification.vendor" value="Oracle Corporation"/>
    <property name="java.specification.name" value="Java Platform API Specification"/>
    <property name="java.awt.graphicsenv" value="sun.awt.X11GraphicsEnvironment"/>
    <property name="surefire.real.class.path" value="/opt/src/hadoop-ozone/integration-test/target/surefire/surefirebooter967770308807831499.jar"/>
    <property name="hadoop.log.dir" value="/opt/src/hadoop-ozone/integration-test/target/log"/>
    <property name="sun.boot.class.path" value="/usr/lib/jvm/java-1.8-openjdk/jre/lib/resources.jar:/usr/lib/jvm/java-1.8-openjdk/jre/lib/rt.jar:/usr/lib/jvm/java-1.8-openjdk/jre/lib/sunrsasign.jar:/usr/lib/jvm/java-1.8-openjdk/jre/lib/jsse.jar:/usr/lib/jvm/java-1.8-openjdk/jre/lib/jce.jar:/usr/lib/jvm/java-1.8-openjdk/jre/lib/charsets.jar:/usr/lib/jvm/java-1.8-openjdk/jre/lib/jfr.jar:/usr/lib/jvm/java-1.8-openjdk/jre/classes"/>
    <property name="sun.management.compiler" value="HotSpot 64-Bit Tiered Compilers"/>
    <property name="java.runtime.version" value="1.8.0_212-b04"/>
    <property name="java.net.preferIPv4Stack" value="true"/>
    <property name="user.name" value="jenkins1000"/>
    <property name="path.separator" value=":"/>
    <property name="java.security.egd" value="file:///dev/urandom"/>
    <property name="os.version" value="4.15.0-1021-aws"/>
    <property name="java.endorsed.dirs" value="/usr/lib/jvm/java-1.8-openjdk/jre/lib/endorsed"/>
    <property name="java.runtime.name" value="OpenJDK Runtime Environment"/>
    <property name="file.encoding" value="UTF-8"/>
    <property name="java.vm.name" value="OpenJDK 64-Bit Server VM"/>
    <property name="test.build.webapps" value=""/>
    <property name="localRepository" value="/home/user/.m2/repository"/>
    <property name="java.vendor.url.bug" value="https://icedtea.classpath.org/bugzilla"/>
    <property name="java.io.tmpdir" value="/tmp"/>
    <property name="require.test.libhadoop" value=""/>
    <property name="java.version" value="1.8.0_212"/>
    <property name="user.dir" value="/opt/src/hadoop-ozone/integration-test"/>
    <property name="os.arch" value="amd64"/>
    <property name="java.vm.specification.name" value="Java Virtual Machine Specification"/>
    <property name="test.build.classes" value="/opt/src/hadoop-ozone/integration-test/target/test-classes"/>
    <property name="java.awt.printerjob" value="sun.print.PSPrinterJob"/>
    <property name="sun.os.patch.level" value="unknown"/>
    <property name="hadoop.tmp.dir" value="/opt/src/hadoop-ozone/integration-test/target/tmp"/>
    <property name="java.library.path" value="/usr/lib/jvm/java-1.8-openjdk/jre/lib/amd64/server:/usr/lib/jvm/java-1.8-openjdk/jre/lib/amd64:/usr/lib/jvm/java-1.8-openjdk/jre/../lib/amd64:/opt/src/hadoop-ozone/integration-test/target/native/target/usr/local/lib:/opt/src/hadoop-ozone/integration-test/../../hadoop-common-project/hadoop-common/target/native/target/usr/local/lib:/usr/java/packages/lib/amd64:/usr/lib64:/lib64:/lib:/usr/lib"/>
    <property name="java.vm.info" value="mixed mode"/>
    <property name="java.vendor" value="IcedTea"/>
    <property name="java.vm.version" value="25.212-b04"/>
    <property name="java.ext.dirs" value="/usr/lib/jvm/java-1.8-openjdk/jre/lib/ext:/usr/java/packages/lib/ext"/>
    <property name="sun.io.unicode.encoding" value="UnicodeLittle"/>
    <property name="java.class.version" value="52.0"/>
  </properties>
  <testcase name="testPipelineFail" classname="org.apache.hadoop.hdds.scm.pipeline.TestNodeFailure" time="0">
    <skipped/>
    <system-out><![CDATA[2019-06-14 14:55:59,064 WARN  server.ServerUtils (ServerUtils.java:getScmDbDir(145)) - ozone.scm.db.dirs is not configured. We recommend adding this setting. Falling back to ozone.metadata.dirs instead.
2019-06-14 14:55:59,158 WARN  server.ServerUtils (ServerUtils.java:getScmDbDir(145)) - ozone.scm.db.dirs is not configured. We recommend adding this setting. Falling back to ozone.metadata.dirs instead.
2019-06-14 14:55:59,161 WARN  server.ServerUtils (ServerUtils.java:getScmDbDir(145)) - ozone.scm.db.dirs is not configured. We recommend adding this setting. Falling back to ozone.metadata.dirs instead.
2019-06-14 14:55:59,180 INFO  util.log (Log.java:initialized(192)) - Logging initialized @767ms
2019-06-14 14:55:59,270 INFO  db.DBStoreBuilder (DBStoreBuilder.java:addTable(110)) - using custom profile for table: deletedBlocks
2019-06-14 14:55:59,270 INFO  db.DBStoreBuilder (DBStoreBuilder.java:processTables(161)) - Using default column profile:DBProfile.DISK for Table:deletedBlocks
2019-06-14 14:55:59,271 INFO  db.DBStoreBuilder (DBStoreBuilder.java:addTable(110)) - using custom profile for table: validCerts
2019-06-14 14:55:59,271 INFO  db.DBStoreBuilder (DBStoreBuilder.java:processTables(161)) - Using default column profile:DBProfile.DISK for Table:validCerts
2019-06-14 14:55:59,271 INFO  db.DBStoreBuilder (DBStoreBuilder.java:addTable(110)) - using custom profile for table: revokedCerts
2019-06-14 14:55:59,271 INFO  db.DBStoreBuilder (DBStoreBuilder.java:processTables(161)) - Using default column profile:DBProfile.DISK for Table:revokedCerts
2019-06-14 14:55:59,282 INFO  db.DBStoreBuilder (DBStoreBuilder.java:addTable(110)) - using custom profile for table: default
2019-06-14 14:55:59,282 INFO  db.DBStoreBuilder (DBStoreBuilder.java:processTables(167)) - Using default column profile:DBProfile.DISK for Table:default
2019-06-14 14:55:59,283 INFO  db.DBStoreBuilder (DBStoreBuilder.java:getDbProfile(198)) - Using default options. DBProfile.DISK
2019-06-14 14:55:59,353 INFO  node.SCMNodeManager (SCMNodeManager.java:<init>(108)) - Entering startup safe mode.
2019-06-14 14:55:59,419 INFO  net.NodeSchemaLoader (NodeSchemaLoader.java:loadSchemaFromFile(125)) - Loading file from sun.misc.CompoundEnumeration@443118b0
2019-06-14 14:55:59,421 INFO  net.NodeSchemaLoader (NodeSchemaLoader.java:loadSchema(171)) - Loading network topology layer schema file
2019-06-14 14:55:59,473 WARN  server.ServerUtils (ServerUtils.java:getScmDbDir(145)) - ozone.scm.db.dirs is not configured. We recommend adding this setting. Falling back to ozone.metadata.dirs instead.
2019-06-14 14:55:59,493 INFO  pipeline.SCMPipelineManager (SCMPipelineManager.java:initializePipelineState(126)) - No pipeline exists in current db
2019-06-14 14:55:59,495 WARN  server.ServerUtils (ServerUtils.java:getScmDbDir(145)) - ozone.scm.db.dirs is not configured. We recommend adding this setting. Falling back to ozone.metadata.dirs instead.
2019-06-14 14:55:59,548 WARN  events.EventQueue (EventQueue.java:fireEvent(175)) - No event handler registered for event TypedEvent{payloadType=SafeModeStatus, name='SafeModeStatus'}
2019-06-14 14:55:59,854 INFO  ipc.CallQueueManager (CallQueueManager.java:<init>(84)) - Using callQueue: class java.util.concurrent.LinkedBlockingQueue, queueCapacity: 2000, scheduler: class org.apache.hadoop.ipc.DefaultRpcScheduler, ipcBackoff: false.
2019-06-14 14:55:59,877 INFO  ipc.Server (Server.java:run(1074)) - Starting Socket Reader #1 for port 39333
2019-06-14 14:55:59,899 INFO  ipc.CallQueueManager (CallQueueManager.java:<init>(84)) - Using callQueue: class java.util.concurrent.LinkedBlockingQueue, queueCapacity: 2000, scheduler: class org.apache.hadoop.ipc.DefaultRpcScheduler, ipcBackoff: false.
2019-06-14 14:55:59,899 INFO  ipc.Server (Server.java:run(1074)) - Starting Socket Reader #1 for port 36439
2019-06-14 14:55:59,939 INFO  ipc.CallQueueManager (CallQueueManager.java:<init>(84)) - Using callQueue: class java.util.concurrent.LinkedBlockingQueue, queueCapacity: 2000, scheduler: class org.apache.hadoop.ipc.DefaultRpcScheduler, ipcBackoff: false.
2019-06-14 14:55:59,940 INFO  ipc.Server (Server.java:run(1074)) - Starting Socket Reader #1 for port 39707
2019-06-14 14:55:59,989 INFO  hdfs.DFSUtil (DFSUtil.java:httpServerTemplateForNNAndJN(1641)) - Starting Web-server for scm at: http://0.0.0.0:0
2019-06-14 14:56:00,130 INFO  server.AuthenticationFilter (AuthenticationFilter.java:constructSecretProvider(240)) - Unable to initialize FileSignerSecretProvider, falling back to use random secrets.
2019-06-14 14:56:00,136 WARN  http.HttpRequestLog (HttpRequestLog.java:getRequestLog(97)) - Jetty request log can only be enabled using Log4j
2019-06-14 14:56:00,143 INFO  http.HttpServer2 (HttpServer2.java:addGlobalFilter(975)) - Added global filter 'safety' (class=org.apache.hadoop.http.HttpServer2$QuotingInputFilter)
2019-06-14 14:56:00,145 INFO  http.HttpServer2 (HttpServer2.java:addFilter(948)) - Added filter static_user_filter (class=org.apache.hadoop.http.lib.StaticUserWebFilter$StaticUserFilter) to context scm
2019-06-14 14:56:00,146 INFO  http.HttpServer2 (HttpServer2.java:addFilter(958)) - Added filter static_user_filter (class=org.apache.hadoop.http.lib.StaticUserWebFilter$StaticUserFilter) to context logs
2019-06-14 14:56:00,146 INFO  http.HttpServer2 (HttpServer2.java:addFilter(958)) - Added filter static_user_filter (class=org.apache.hadoop.http.lib.StaticUserWebFilter$StaticUserFilter) to context static
2019-06-14 14:56:00,167 INFO  server.StorageContainerManager (StorageContainerManager.java:start(752)) - StorageContainerLocationProtocol RPC server is listening at /0.0.0.0:39707
2019-06-14 14:56:00,225 WARN  impl.MetricsConfig (MetricsConfig.java:loadFirst(134)) - Cannot locate configuration: tried hadoop-metrics2-storagecontainermanager.properties,hadoop-metrics2.properties
2019-06-14 14:56:00,238 INFO  impl.MetricsSystemImpl (MetricsSystemImpl.java:startTimer(374)) - Scheduled Metric snapshot period at 10 second(s).
2019-06-14 14:56:00,238 INFO  impl.MetricsSystemImpl (MetricsSystemImpl.java:start(191)) - StorageContainerManager metrics system started
2019-06-14 14:56:00,422 INFO  server.SCMClientProtocolServer (SCMClientProtocolServer.java:start(149)) - RPC server for Client  is listening at /0.0.0.0:39707
2019-06-14 14:56:00,422 INFO  ipc.Server (Server.java:run(1314)) - IPC Server Responder: starting
2019-06-14 14:56:00,423 INFO  ipc.Server (Server.java:run(1153)) - IPC Server listener on 39707: starting
2019-06-14 14:56:00,425 INFO  server.StorageContainerManager (StorageContainerManager.java:start(761)) - ScmBlockLocationProtocol RPC server is listening at /0.0.0.0:36439
2019-06-14 14:56:00,426 INFO  server.SCMBlockProtocolServer (SCMBlockProtocolServer.java:start(137)) - RPC server for Block Protocol is listening at /0.0.0.0:36439
2019-06-14 14:56:00,426 INFO  ipc.Server (Server.java:run(1314)) - IPC Server Responder: starting
2019-06-14 14:56:00,426 INFO  ipc.Server (Server.java:run(1153)) - IPC Server listener on 36439: starting
2019-06-14 14:56:00,429 INFO  server.StorageContainerManager (StorageContainerManager.java:start(765)) - ScmDatanodeProtocl RPC server is listening at /0.0.0.0:39333
2019-06-14 14:56:00,429 INFO  server.SCMDatanodeProtocolServer (SCMDatanodeProtocolServer.java:start(191)) - RPC server for DataNodes is listening at /0.0.0.0:39333
2019-06-14 14:56:00,429 INFO  ipc.Server (Server.java:run(1314)) - IPC Server Responder: starting
2019-06-14 14:56:00,429 INFO  ipc.Server (Server.java:run(1153)) - IPC Server listener on 39333: starting
2019-06-14 14:56:00,433 INFO  http.HttpServer2 (HttpServer2.java:bindListener(1191)) - Jetty bound to port 46751
2019-06-14 14:56:00,434 INFO  server.Server (Server.java:doStart(351)) - jetty-9.3.24.v20180605, build timestamp: 2018-06-05T17:11:56Z, git hash: 84205aa28f11a4f31f2a3b86d1bba2cc8ab69827
2019-06-14 14:56:00,466 INFO  handler.ContextHandler (ContextHandler.java:doStart(781)) - Started o.e.j.s.ServletContextHandler@2df6226d{/logs,file:///opt/src/hadoop-ozone/integration-test/target/log,AVAILABLE}
2019-06-14 14:56:00,467 INFO  handler.ContextHandler (ContextHandler.java:doStart(781)) - Started o.e.j.s.ServletContextHandler@4ff4357f{/static,file:///opt/src/hadoop-ozone/integration-test/target/test-classes/webapps/static,AVAILABLE}
2019-06-14 14:56:00,493 INFO  handler.ContextHandler (ContextHandler.java:doStart(781)) - Started o.e.j.w.WebAppContext@34645867{/,file:///opt/src/hadoop-ozone/integration-test/target/test-classes/webapps/scm/,AVAILABLE}{/scm}
2019-06-14 14:56:00,498 INFO  server.AbstractConnector (AbstractConnector.java:doStart(278)) - Started ServerConnector@66629f63{HTTP/1.1,[http/1.1]}{0.0.0.0:46751}
2019-06-14 14:56:00,498 INFO  server.Server (Server.java:doStart(419)) - Started @2085ms
2019-06-14 14:56:00,526 INFO  server.BaseHttpServer (BaseHttpServer.java:updateConnectorAddress(207)) - HTTP server of SCM is listening at http://0.0.0.0:46751
2019-06-14 14:56:00,532 INFO  util.JvmPauseMonitor (JvmPauseMonitor.java:run(188)) - Starting JVM pause monitor
2019-06-14 14:56:00,535 WARN  scm.ScmUtils (ScmUtils.java:getDBPath(63)) - ozone.om.db.dirs is not configured. We recommend adding this setting. Falling back to ozone.metadata.dirs instead.
2019-06-14 14:56:00,623 WARN  scm.ScmUtils (ScmUtils.java:getDBPath(63)) - ozone.om.db.dirs is not configured. We recommend adding this setting. Falling back to ozone.metadata.dirs instead.
2019-06-14 14:56:00,624 INFO  om.OzoneManager (OzoneManager.java:setOMNodeDetails(519)) - OM Service ID is not set. Setting it to the default ID: omServiceIdDefault
2019-06-14 14:56:00,624 INFO  om.OzoneManager (OzoneManager.java:setOMNodeDetails(525)) - OM Node ID is not set. Setting it to the OmStorage's OmID: 1f65e265-1da3-4038-be79-39e5b33c3daf
2019-06-14 14:56:00,625 WARN  scm.HddsServerUtil (HddsServerUtil.java:getDefaultRatisDirectory(354)) - Storage directory for Ratis is not configured. It is a good idea to map this to an SSD disk. Falling back to ozone.metadata.dirs
2019-06-14 14:56:00,625 WARN  scm.HddsServerUtil (HddsServerUtil.java:getDefaultRatisDirectory(354)) - Storage directory for Ratis is not configured. It is a good idea to map this to an SSD disk. Falling back to ozone.metadata.dirs
2019-06-14 14:56:00,626 INFO  om.OzoneManager (OzoneManager.java:loadOMHAConfigs(476)) - Found matching OM address with OMServiceId: null, OMNodeId: null, RPC Address: localhost:0 and Ratis port: 9872
2019-06-14 14:56:00,799 WARN  scm.ScmUtils (ScmUtils.java:getDBPath(63)) - ozone.om.db.dirs is not configured. We recommend adding this setting. Falling back to ozone.metadata.dirs instead.
2019-06-14 14:56:00,806 INFO  db.DBStoreBuilder (DBStoreBuilder.java:addTable(110)) - using custom profile for table: userTable
2019-06-14 14:56:00,806 INFO  db.DBStoreBuilder (DBStoreBuilder.java:processTables(161)) - Using default column profile:DBProfile.DISK for Table:userTable
2019-06-14 14:56:00,807 INFO  db.DBStoreBuilder (DBStoreBuilder.java:addTable(110)) - using custom profile for table: volumeTable
2019-06-14 14:56:00,807 INFO  db.DBStoreBuilder (DBStoreBuilder.java:processTables(161)) - Using default column profile:DBProfile.DISK for Table:volumeTable
2019-06-14 14:56:00,807 INFO  db.DBStoreBuilder (DBStoreBuilder.java:addTable(110)) - using custom profile for table: bucketTable
2019-06-14 14:56:00,807 INFO  db.DBStoreBuilder (DBStoreBuilder.java:processTables(161)) - Using default column profile:DBProfile.DISK for Table:bucketTable
2019-06-14 14:56:00,808 INFO  db.DBStoreBuilder (DBStoreBuilder.java:addTable(110)) - using custom profile for table: keyTable
2019-06-14 14:56:00,808 INFO  db.DBStoreBuilder (DBStoreBuilder.java:processTables(161)) - Using default column profile:DBProfile.DISK for Table:keyTable
2019-06-14 14:56:00,808 INFO  db.DBStoreBuilder (DBStoreBuilder.java:addTable(110)) - using custom profile for table: deletedTable
2019-06-14 14:56:00,808 INFO  db.DBStoreBuilder (DBStoreBuilder.java:processTables(161)) - Using default column profile:DBProfile.DISK for Table:deletedTable
2019-06-14 14:56:00,809 INFO  db.DBStoreBuilder (DBStoreBuilder.java:addTable(110)) - using custom profile for table: openKeyTable
2019-06-14 14:56:00,809 INFO  db.DBStoreBuilder (DBStoreBuilder.java:processTables(161)) - Using default column profile:DBProfile.DISK for Table:openKeyTable
2019-06-14 14:56:00,809 INFO  db.DBStoreBuilder (DBStoreBuilder.java:addTable(110)) - using custom profile for table: s3Table
2019-06-14 14:56:00,809 INFO  db.DBStoreBuilder (DBStoreBuilder.java:processTables(161)) - Using default column profile:DBProfile.DISK for Table:s3Table
2019-06-14 14:56:00,810 INFO  db.DBStoreBuilder (DBStoreBuilder.java:addTable(110)) - using custom profile for table: multipartInfoTable
2019-06-14 14:56:00,810 INFO  db.DBStoreBuilder (DBStoreBuilder.java:processTables(161)) - Using default column profile:DBProfile.DISK for Table:multipartInfoTable
2019-06-14 14:56:00,810 INFO  db.DBStoreBuilder (DBStoreBuilder.java:addTable(110)) - using custom profile for table: dTokenTable
2019-06-14 14:56:00,810 INFO  db.DBStoreBuilder (DBStoreBuilder.java:processTables(161)) - Using default column profile:DBProfile.DISK for Table:dTokenTable
2019-06-14 14:56:00,811 INFO  db.DBStoreBuilder (DBStoreBuilder.java:addTable(110)) - using custom profile for table: s3SecretTable
2019-06-14 14:56:00,811 INFO  db.DBStoreBuilder (DBStoreBuilder.java:processTables(161)) - Using default column profile:DBProfile.DISK for Table:s3SecretTable
2019-06-14 14:56:00,811 INFO  db.DBStoreBuilder (DBStoreBuilder.java:addTable(110)) - using custom profile for table: prefixTable
2019-06-14 14:56:00,811 INFO  db.DBStoreBuilder (DBStoreBuilder.java:processTables(161)) - Using default column profile:DBProfile.DISK for Table:prefixTable
2019-06-14 14:56:00,812 INFO  db.DBStoreBuilder (DBStoreBuilder.java:addTable(110)) - using custom profile for table: default
2019-06-14 14:56:00,812 INFO  db.DBStoreBuilder (DBStoreBuilder.java:processTables(167)) - Using default column profile:DBProfile.DISK for Table:default
2019-06-14 14:56:00,812 INFO  db.DBStoreBuilder (DBStoreBuilder.java:getDbProfile(198)) - Using default options. DBProfile.DISK
2019-06-14 14:56:01,320 INFO  ipc.CallQueueManager (CallQueueManager.java:<init>(84)) - Using callQueue: class java.util.concurrent.LinkedBlockingQueue, queueCapacity: 2000, scheduler: class org.apache.hadoop.ipc.DefaultRpcScheduler, ipcBackoff: false.
2019-06-14 14:56:01,321 INFO  ipc.Server (Server.java:run(1074)) - Starting Socket Reader #1 for port 42125
2019-06-14 14:56:01,342 WARN  scm.ScmUtils (ScmUtils.java:getDBPath(63)) - ozone.om.db.dirs is not configured. We recommend adding this setting. Falling back to ozone.metadata.dirs instead.
2019-06-14 14:56:01,342 INFO  om.OzoneManager (OzoneManager.java:start(1217)) - OzoneManager RPC server is listening at localhost/127.0.0.1:42125
2019-06-14 14:56:01,342 INFO  impl.MetricsSystemImpl (MetricsSystemImpl.java:init(158)) - OzoneManager metrics system started (again)
2019-06-14 14:56:01,343 INFO  ipc.Server (Server.java:run(1314)) - IPC Server Responder: starting
2019-06-14 14:56:01,346 INFO  ipc.Server (Server.java:run(1153)) - IPC Server listener on 42125: starting
2019-06-14 14:56:01,360 INFO  hdfs.DFSUtil (DFSUtil.java:httpServerTemplateForNNAndJN(1641)) - Starting Web-server for ozoneManager at: http://0.0.0.0:0
2019-06-14 14:56:01,361 INFO  server.AuthenticationFilter (AuthenticationFilter.java:constructSecretProvider(240)) - Unable to initialize FileSignerSecretProvider, falling back to use random secrets.
2019-06-14 14:56:01,361 WARN  http.HttpRequestLog (HttpRequestLog.java:getRequestLog(97)) - Jetty request log can only be enabled using Log4j
2019-06-14 14:56:01,364 INFO  http.HttpServer2 (HttpServer2.java:addGlobalFilter(975)) - Added global filter 'safety' (class=org.apache.hadoop.http.HttpServer2$QuotingInputFilter)
2019-06-14 14:56:01,364 INFO  http.HttpServer2 (HttpServer2.java:addFilter(948)) - Added filter static_user_filter (class=org.apache.hadoop.http.lib.StaticUserWebFilter$StaticUserFilter) to context ozoneManager
2019-06-14 14:56:01,365 INFO  http.HttpServer2 (HttpServer2.java:addFilter(958)) - Added filter static_user_filter (class=org.apache.hadoop.http.lib.StaticUserWebFilter$StaticUserFilter) to context static
2019-06-14 14:56:01,365 INFO  http.HttpServer2 (HttpServer2.java:addFilter(958)) - Added filter static_user_filter (class=org.apache.hadoop.http.lib.StaticUserWebFilter$StaticUserFilter) to context logs
2019-06-14 14:56:01,367 INFO  http.HttpServer2 (HttpServer2.java:bindListener(1191)) - Jetty bound to port 37967
2019-06-14 14:56:01,367 INFO  server.Server (Server.java:doStart(351)) - jetty-9.3.24.v20180605, build timestamp: 2018-06-05T17:11:56Z, git hash: 84205aa28f11a4f31f2a3b86d1bba2cc8ab69827
2019-06-14 14:56:01,371 INFO  handler.ContextHandler (ContextHandler.java:doStart(781)) - Started o.e.j.s.ServletContextHandler@bcb09a6{/logs,file:///opt/src/hadoop-ozone/integration-test/target/log,AVAILABLE}
2019-06-14 14:56:01,372 INFO  handler.ContextHandler (ContextHandler.java:doStart(781)) - Started o.e.j.s.ServletContextHandler@a619c2{/static,file:///opt/src/hadoop-ozone/integration-test/target/test-classes/webapps/static,AVAILABLE}
2019-06-14 14:56:01,376 INFO  handler.ContextHandler (ContextHandler.java:doStart(781)) - Started o.e.j.w.WebAppContext@c9d82f9{/,file:///opt/src/hadoop-ozone/integration-test/target/test-classes/webapps/ozoneManager/,AVAILABLE}{/ozoneManager}
2019-06-14 14:56:01,377 INFO  server.AbstractConnector (AbstractConnector.java:doStart(278)) - Started ServerConnector@6f012914{HTTP/1.1,[http/1.1]}{0.0.0.0:37967}
2019-06-14 14:56:01,377 INFO  server.Server (Server.java:doStart(419)) - Started @2964ms
2019-06-14 14:56:01,378 INFO  server.BaseHttpServer (BaseHttpServer.java:updateConnectorAddress(207)) - HTTP server of OZONEMANAGER is listening at http://0.0.0.0:37967
2019-06-14 14:56:01,522 INFO  impl.MetricsSystemImpl (MetricsSystemImpl.java:init(158)) - HddsDatanode metrics system started (again)
2019-06-14 14:56:01,677 INFO  ozone.HddsDatanodeService (HddsDatanodeService.java:start(185)) - HddsDatanodeService host:ozone-exp-cfzxm-2667948697 ip:192.168.46.53
2019-06-14 14:56:01,703 INFO  volume.HddsVolume (HddsVolume.java:<init>(176)) - Creating Volume: /opt/src/hadoop-ozone/integration-test/target/test-dir/MiniOzoneClusterImpl-3c8ea3b2-7e3c-4d36-a937-428d6977642f/datanode-0/data/containers/hdds of  storage type : DISK and capacity : 104021790720
2019-06-14 14:56:01,705 INFO  volume.VolumeSet (VolumeSet.java:initializeVolumeSet(170)) - Added Volume : /opt/src/hadoop-ozone/integration-test/target/test-dir/MiniOzoneClusterImpl-3c8ea3b2-7e3c-4d36-a937-428d6977642f/datanode-0/data/containers/hdds to VolumeSet
2019-06-14 14:56:01,707 INFO  volume.ThrottledAsyncChecker (ThrottledAsyncChecker.java:schedule(140)) - Scheduling a check for org.apache.hadoop.ozone.container.common.volume.HddsVolume@6fd1660
2019-06-14 14:56:01,720 INFO  volume.HddsVolumeChecker (HddsVolumeChecker.java:checkAllVolumes(203)) - Scheduled health check for volume org.apache.hadoop.ozone.container.common.volume.HddsVolume@6fd1660
2019-06-14 14:56:01,758 INFO  ratis.XceiverServerRatis (XceiverServerRatis.java:newXceiverServerRatis(401)) - Found a free port for the server : 40055
2019-06-14 14:56:01,819 INFO  impl.RaftServerProxy (ConfUtils.java:logGet(43)) - raft.rpc.type = GRPC (default)
2019-06-14 14:56:01,828 INFO  grpc.GrpcConfigKeys$Server (ConfUtils.java:logGet(43)) - raft.grpc.server.port = 40055 (custom)
2019-06-14 14:56:01,829 INFO  server.GrpcService (ConfUtils.java:logGet(43)) - raft.grpc.message.size.max = 33570816 (custom)
2019-06-14 14:56:01,830 INFO  server.RaftServerConfigKeys (ConfUtils.java:logGet(43)) - raft.server.log.appender.buffer.byte-limit = 33554432 (custom)
2019-06-14 14:56:01,831 INFO  server.GrpcService (ConfUtils.java:logGet(43)) - raft.grpc.flow.control.window = 1MB (=1048576) (default)
2019-06-14 14:56:01,831 INFO  server.RaftServerConfigKeys (ConfUtils.java:logGet(43)) - raft.server.rpc.request.timeout = 3000ms (default)
2019-06-14 14:56:01,955 INFO  server.RaftServerConfigKeys (ConfUtils.java:logGet(43)) - raft.server.storage.dir = [/opt/src/hadoop-ozone/integration-test/target/test-dir/MiniOzoneClusterImpl-3c8ea3b2-7e3c-4d36-a937-428d6977642f/datanode-0/data/ratis] (custom)
2019-06-14 14:56:01,961 INFO  server.XceiverServerGrpc (XceiverServerGrpc.java:<init>(97)) - Found a free port for the server : 45829
2019-06-14 14:56:01,984 INFO  replication.SimpleContainerDownloader (SimpleContainerDownloader.java:<init>(72)) - Starting container downloader service to copy containers to replicate.
2019-06-14 14:56:01,995 INFO  hdfs.DFSUtil (DFSUtil.java:httpServerTemplateForNNAndJN(1641)) - Starting Web-server for hddsDatanode at: http://0.0.0.0:0
2019-06-14 14:56:01,996 INFO  server.AuthenticationFilter (AuthenticationFilter.java:constructSecretProvider(240)) - Unable to initialize FileSignerSecretProvider, falling back to use random secrets.
2019-06-14 14:56:01,996 WARN  http.HttpRequestLog (HttpRequestLog.java:getRequestLog(97)) - Jetty request log can only be enabled using Log4j
2019-06-14 14:56:01,998 INFO  http.HttpServer2 (HttpServer2.java:addGlobalFilter(975)) - Added global filter 'safety' (class=org.apache.hadoop.http.HttpServer2$QuotingInputFilter)
2019-06-14 14:56:01,999 INFO  http.HttpServer2 (HttpServer2.java:addFilter(948)) - Added filter static_user_filter (class=org.apache.hadoop.http.lib.StaticUserWebFilter$StaticUserFilter) to context hddsDatanode
2019-06-14 14:56:01,999 INFO  http.HttpServer2 (HttpServer2.java:addFilter(958)) - Added filter static_user_filter (class=org.apache.hadoop.http.lib.StaticUserWebFilter$StaticUserFilter) to context logs
2019-06-14 14:56:01,999 INFO  http.HttpServer2 (HttpServer2.java:addFilter(958)) - Added filter static_user_filter (class=org.apache.hadoop.http.lib.StaticUserWebFilter$StaticUserFilter) to context static
2019-06-14 14:56:02,000 INFO  http.HttpServer2 (HttpServer2.java:bindListener(1191)) - Jetty bound to port 39103
2019-06-14 14:56:02,000 INFO  server.Server (Server.java:doStart(351)) - jetty-9.3.24.v20180605, build timestamp: 2018-06-05T17:11:56Z, git hash: 84205aa28f11a4f31f2a3b86d1bba2cc8ab69827
2019-06-14 14:56:02,003 INFO  handler.ContextHandler (ContextHandler.java:doStart(781)) - Started o.e.j.s.ServletContextHandler@6438a7fe{/logs,file:///opt/src/hadoop-ozone/integration-test/target/log,AVAILABLE}
2019-06-14 14:56:02,003 INFO  handler.ContextHandler (ContextHandler.java:doStart(781)) - Started o.e.j.s.ServletContextHandler@4f5f6e45{/static,jar:file:/home/user/.m2/repository/org/apache/hadoop/hadoop-hdds-container-service/0.5.0-SNAPSHOT/hadoop-hdds-container-service-0.5.0-SNAPSHOT.jar!/webapps/static,AVAILABLE}
2019-06-14 14:56:02,032 INFO  handler.ContextHandler (ContextHandler.java:doStart(781)) - Started o.e.j.w.WebAppContext@36c0d0bd{/,file:///tmp/jetty-0.0.0.0-39103-hddsDatanode-_-any-8798398365608763592.dir/webapp/,AVAILABLE}{/hddsDatanode}
2019-06-14 14:56:02,032 INFO  server.AbstractConnector (AbstractConnector.java:doStart(278)) - Started ServerConnector@5e1fc2aa{HTTP/1.1,[http/1.1]}{0.0.0.0:39103}
2019-06-14 14:56:02,033 INFO  server.Server (Server.java:doStart(419)) - Started @3620ms
2019-06-14 14:56:02,033 INFO  server.BaseHttpServer (BaseHttpServer.java:updateConnectorAddress(207)) - HTTP server of HDDSDATANODE is listening at http://0.0.0.0:39103
2019-06-14 14:56:02,912 INFO  ozone.HddsDatanodeService (HddsDatanodeService.java:startPlugins(396)) - Started plug-in org.apache.hadoop.ozone.web.OzoneHddsDatanodeService@1f992a3a
2019-06-14 14:56:02,913 INFO  impl.MetricsSystemImpl (MetricsSystemImpl.java:init(158)) - HddsDatanode metrics system started (again)
2019-06-14 14:56:02,913 INFO  ozone.HddsDatanodeService (HddsDatanodeService.java:start(185)) - HddsDatanodeService host:ozone-exp-cfzxm-2667948697 ip:192.168.46.53
2019-06-14 14:56:02,938 INFO  util.JvmPauseMonitor (JvmPauseMonitor.java:run(188)) - Starting JVM pause monitor
2019-06-14 14:56:02,947 INFO  volume.HddsVolume (HddsVolume.java:<init>(176)) - Creating Volume: /opt/src/hadoop-ozone/integration-test/target/test-dir/MiniOzoneClusterImpl-3c8ea3b2-7e3c-4d36-a937-428d6977642f/datanode-1/data/containers/hdds of  storage type : DISK and capacity : 104021790720
2019-06-14 14:56:02,947 INFO  volume.VolumeSet (VolumeSet.java:initializeVolumeSet(170)) - Added Volume : /opt/src/hadoop-ozone/integration-test/target/test-dir/MiniOzoneClusterImpl-3c8ea3b2-7e3c-4d36-a937-428d6977642f/datanode-1/data/containers/hdds to VolumeSet
2019-06-14 14:56:02,947 INFO  volume.ThrottledAsyncChecker (ThrottledAsyncChecker.java:schedule(140)) - Scheduling a check for org.apache.hadoop.ozone.container.common.volume.HddsVolume@78a8978a
2019-06-14 14:56:02,954 INFO  volume.HddsVolumeChecker (HddsVolumeChecker.java:checkAllVolumes(203)) - Scheduled health check for volume org.apache.hadoop.ozone.container.common.volume.HddsVolume@78a8978a
2019-06-14 14:56:02,970 INFO  ratis.XceiverServerRatis (XceiverServerRatis.java:newXceiverServerRatis(401)) - Found a free port for the server : 34557
2019-06-14 14:56:02,971 INFO  impl.RaftServerProxy (ConfUtils.java:logGet(43)) - raft.rpc.type = GRPC (default)
2019-06-14 14:56:02,972 INFO  grpc.GrpcConfigKeys$Server (ConfUtils.java:logGet(43)) - raft.grpc.server.port = 34557 (custom)
2019-06-14 14:56:02,972 INFO  server.GrpcService (ConfUtils.java:logGet(43)) - raft.grpc.message.size.max = 33570816 (custom)
2019-06-14 14:56:02,972 INFO  server.RaftServerConfigKeys (ConfUtils.java:logGet(43)) - raft.server.log.appender.buffer.byte-limit = 33554432 (custom)
2019-06-14 14:56:02,973 INFO  server.GrpcService (ConfUtils.java:logGet(43)) - raft.grpc.flow.control.window = 1MB (=1048576) (default)
2019-06-14 14:56:02,973 INFO  server.RaftServerConfigKeys (ConfUtils.java:logGet(43)) - raft.server.rpc.request.timeout = 3000ms (default)
2019-06-14 14:56:02,973 INFO  server.RaftServerConfigKeys (ConfUtils.java:logGet(43)) - raft.server.storage.dir = [/opt/src/hadoop-ozone/integration-test/target/test-dir/MiniOzoneClusterImpl-3c8ea3b2-7e3c-4d36-a937-428d6977642f/datanode-1/data/ratis] (custom)
2019-06-14 14:56:02,974 INFO  server.XceiverServerGrpc (XceiverServerGrpc.java:<init>(97)) - Found a free port for the server : 34227
2019-06-14 14:56:02,978 INFO  replication.SimpleContainerDownloader (SimpleContainerDownloader.java:<init>(72)) - Starting container downloader service to copy containers to replicate.
2019-06-14 14:56:02,979 INFO  hdfs.DFSUtil (DFSUtil.java:httpServerTemplateForNNAndJN(1641)) - Starting Web-server for hddsDatanode at: http://0.0.0.0:0
2019-06-14 14:56:02,980 INFO  server.AuthenticationFilter (AuthenticationFilter.java:constructSecretProvider(240)) - Unable to initialize FileSignerSecretProvider, falling back to use random secrets.
2019-06-14 14:56:02,989 WARN  http.HttpRequestLog (HttpRequestLog.java:getRequestLog(97)) - Jetty request log can only be enabled using Log4j
2019-06-14 14:56:02,991 INFO  http.HttpServer2 (HttpServer2.java:addGlobalFilter(975)) - Added global filter 'safety' (class=org.apache.hadoop.http.HttpServer2$QuotingInputFilter)
2019-06-14 14:56:02,992 INFO  http.HttpServer2 (HttpServer2.java:addFilter(948)) - Added filter static_user_filter (class=org.apache.hadoop.http.lib.StaticUserWebFilter$StaticUserFilter) to context hddsDatanode
2019-06-14 14:56:02,992 INFO  http.HttpServer2 (HttpServer2.java:addFilter(958)) - Added filter static_user_filter (class=org.apache.hadoop.http.lib.StaticUserWebFilter$StaticUserFilter) to context logs
2019-06-14 14:56:02,992 INFO  http.HttpServer2 (HttpServer2.java:addFilter(958)) - Added filter static_user_filter (class=org.apache.hadoop.http.lib.StaticUserWebFilter$StaticUserFilter) to context static
2019-06-14 14:56:02,993 INFO  http.HttpServer2 (HttpServer2.java:bindListener(1191)) - Jetty bound to port 38763
2019-06-14 14:56:02,993 INFO  server.Server (Server.java:doStart(351)) - jetty-9.3.24.v20180605, build timestamp: 2018-06-05T17:11:56Z, git hash: 84205aa28f11a4f31f2a3b86d1bba2cc8ab69827
2019-06-14 14:56:02,996 INFO  handler.ContextHandler (ContextHandler.java:doStart(781)) - Started o.e.j.s.ServletContextHandler@2574a9e3{/logs,file:///opt/src/hadoop-ozone/integration-test/target/log,AVAILABLE}
2019-06-14 14:56:02,997 INFO  handler.ContextHandler (ContextHandler.java:doStart(781)) - Started o.e.j.s.ServletContextHandler@422ab737{/static,jar:file:/home/user/.m2/repository/org/apache/hadoop/hadoop-hdds-container-service/0.5.0-SNAPSHOT/hadoop-hdds-container-service-0.5.0-SNAPSHOT.jar!/webapps/static,AVAILABLE}
2019-06-14 14:56:03,027 INFO  handler.ContextHandler (ContextHandler.java:doStart(781)) - Started o.e.j.w.WebAppContext@78da899f{/,file:///tmp/jetty-0.0.0.0-38763-hddsDatanode-_-any-3467918183789903795.dir/webapp/,AVAILABLE}{/hddsDatanode}
2019-06-14 14:56:03,027 INFO  server.AbstractConnector (AbstractConnector.java:doStart(278)) - Started ServerConnector@e7b265e{HTTP/1.1,[http/1.1]}{0.0.0.0:38763}
2019-06-14 14:56:03,028 INFO  server.Server (Server.java:doStart(419)) - Started @4614ms
2019-06-14 14:56:03,029 INFO  server.BaseHttpServer (BaseHttpServer.java:updateConnectorAddress(207)) - HTTP server of HDDSDATANODE is listening at http://0.0.0.0:38763
2019-06-14 14:56:03,047 INFO  datanode.InitDatanodeState (InitDatanodeState.java:persistContainerDatanodeDetails(140)) - DatanodeDetails is persisted to /opt/src/hadoop-ozone/integration-test/target/test-dir/MiniOzoneClusterImpl-3c8ea3b2-7e3c-4d36-a937-428d6977642f/datanode-0/meta/datanode.id
2019-06-14 14:56:03,172 INFO  ozone.HddsDatanodeService (HddsDatanodeService.java:startPlugins(396)) - Started plug-in org.apache.hadoop.ozone.web.OzoneHddsDatanodeService@63fd4dda
2019-06-14 14:56:03,172 INFO  impl.MetricsSystemImpl (MetricsSystemImpl.java:init(158)) - HddsDatanode metrics system started (again)
2019-06-14 14:56:03,173 INFO  ozone.HddsDatanodeService (HddsDatanodeService.java:start(185)) - HddsDatanodeService host:ozone-exp-cfzxm-2667948697 ip:192.168.46.53
2019-06-14 14:56:03,212 INFO  util.JvmPauseMonitor (JvmPauseMonitor.java:run(188)) - Starting JVM pause monitor
2019-06-14 14:56:03,245 INFO  volume.HddsVolume (HddsVolume.java:<init>(176)) - Creating Volume: /opt/src/hadoop-ozone/integration-test/target/test-dir/MiniOzoneClusterImpl-3c8ea3b2-7e3c-4d36-a937-428d6977642f/datanode-2/data/containers/hdds of  storage type : DISK and capacity : 104021790720
2019-06-14 14:56:03,246 INFO  volume.VolumeSet (VolumeSet.java:initializeVolumeSet(170)) - Added Volume : /opt/src/hadoop-ozone/integration-test/target/test-dir/MiniOzoneClusterImpl-3c8ea3b2-7e3c-4d36-a937-428d6977642f/datanode-2/data/containers/hdds to VolumeSet
2019-06-14 14:56:03,246 INFO  volume.ThrottledAsyncChecker (ThrottledAsyncChecker.java:schedule(140)) - Scheduling a check for org.apache.hadoop.ozone.container.common.volume.HddsVolume@4b56b031
2019-06-14 14:56:03,255 INFO  volume.HddsVolumeChecker (HddsVolumeChecker.java:checkAllVolumes(203)) - Scheduled health check for volume org.apache.hadoop.ozone.container.common.volume.HddsVolume@4b56b031
2019-06-14 14:56:03,273 INFO  datanode.InitDatanodeState (InitDatanodeState.java:persistContainerDatanodeDetails(140)) - DatanodeDetails is persisted to /opt/src/hadoop-ozone/integration-test/target/test-dir/MiniOzoneClusterImpl-3c8ea3b2-7e3c-4d36-a937-428d6977642f/datanode-1/meta/datanode.id
2019-06-14 14:56:03,279 INFO  ratis.XceiverServerRatis (XceiverServerRatis.java:newXceiverServerRatis(401)) - Found a free port for the server : 33399
2019-06-14 14:56:03,281 INFO  impl.RaftServerProxy (ConfUtils.java:logGet(43)) - raft.rpc.type = GRPC (default)
2019-06-14 14:56:03,282 INFO  grpc.GrpcConfigKeys$Server (ConfUtils.java:logGet(43)) - raft.grpc.server.port = 33399 (custom)
2019-06-14 14:56:03,282 INFO  server.GrpcService (ConfUtils.java:logGet(43)) - raft.grpc.message.size.max = 33570816 (custom)
2019-06-14 14:56:03,282 INFO  server.RaftServerConfigKeys (ConfUtils.java:logGet(43)) - raft.server.log.appender.buffer.byte-limit = 33554432 (custom)
2019-06-14 14:56:03,283 INFO  server.GrpcService (ConfUtils.java:logGet(43)) - raft.grpc.flow.control.window = 1MB (=1048576) (default)
2019-06-14 14:56:03,283 INFO  server.RaftServerConfigKeys (ConfUtils.java:logGet(43)) - raft.server.rpc.request.timeout = 3000ms (default)
2019-06-14 14:56:03,283 INFO  server.RaftServerConfigKeys (ConfUtils.java:logGet(43)) - raft.server.storage.dir = [/opt/src/hadoop-ozone/integration-test/target/test-dir/MiniOzoneClusterImpl-3c8ea3b2-7e3c-4d36-a937-428d6977642f/datanode-2/data/ratis] (custom)
2019-06-14 14:56:03,284 INFO  server.XceiverServerGrpc (XceiverServerGrpc.java:<init>(97)) - Found a free port for the server : 41019
2019-06-14 14:56:03,284 INFO  replication.SimpleContainerDownloader (SimpleContainerDownloader.java:<init>(72)) - Starting container downloader service to copy containers to replicate.
2019-06-14 14:56:03,285 INFO  hdfs.DFSUtil (DFSUtil.java:httpServerTemplateForNNAndJN(1641)) - Starting Web-server for hddsDatanode at: http://0.0.0.0:0
2019-06-14 14:56:03,287 INFO  server.AuthenticationFilter (AuthenticationFilter.java:constructSecretProvider(240)) - Unable to initialize FileSignerSecretProvider, falling back to use random secrets.
2019-06-14 14:56:03,288 WARN  http.HttpRequestLog (HttpRequestLog.java:getRequestLog(97)) - Jetty request log can only be enabled using Log4j
2019-06-14 14:56:03,290 INFO  http.HttpServer2 (HttpServer2.java:addGlobalFilter(975)) - Added global filter 'safety' (class=org.apache.hadoop.http.HttpServer2$QuotingInputFilter)
2019-06-14 14:56:03,290 INFO  http.HttpServer2 (HttpServer2.java:addFilter(948)) - Added filter static_user_filter (class=org.apache.hadoop.http.lib.StaticUserWebFilter$StaticUserFilter) to context hddsDatanode
2019-06-14 14:56:03,291 INFO  http.HttpServer2 (HttpServer2.java:addFilter(958)) - Added filter static_user_filter (class=org.apache.hadoop.http.lib.StaticUserWebFilter$StaticUserFilter) to context logs
2019-06-14 14:56:03,291 INFO  http.HttpServer2 (HttpServer2.java:addFilter(958)) - Added filter static_user_filter (class=org.apache.hadoop.http.lib.StaticUserWebFilter$StaticUserFilter) to context static
2019-06-14 14:56:03,291 INFO  http.HttpServer2 (HttpServer2.java:bindListener(1191)) - Jetty bound to port 37827
2019-06-14 14:56:03,291 INFO  server.Server (Server.java:doStart(351)) - jetty-9.3.24.v20180605, build timestamp: 2018-06-05T17:11:56Z, git hash: 84205aa28f11a4f31f2a3b86d1bba2cc8ab69827
2019-06-14 14:56:03,293 INFO  handler.ContextHandler (ContextHandler.java:doStart(781)) - Started o.e.j.s.ServletContextHandler@2443abd6{/logs,file:///opt/src/hadoop-ozone/integration-test/target/log,AVAILABLE}
2019-06-14 14:56:03,294 INFO  handler.ContextHandler (ContextHandler.java:doStart(781)) - Started o.e.j.s.ServletContextHandler@bd3eff4{/static,jar:file:/home/user/.m2/repository/org/apache/hadoop/hadoop-hdds-container-service/0.5.0-SNAPSHOT/hadoop-hdds-container-service-0.5.0-SNAPSHOT.jar!/webapps/static,AVAILABLE}
2019-06-14 14:56:03,315 INFO  handler.ContextHandler (ContextHandler.java:doStart(781)) - Started o.e.j.w.WebAppContext@4e80a001{/,file:///tmp/jetty-0.0.0.0-37827-hddsDatanode-_-any-4696180332878710489.dir/webapp/,AVAILABLE}{/hddsDatanode}
2019-06-14 14:56:03,316 INFO  server.AbstractConnector (AbstractConnector.java:doStart(278)) - Started ServerConnector@624b523{HTTP/1.1,[http/1.1]}{0.0.0.0:37827}
2019-06-14 14:56:03,316 INFO  server.Server (Server.java:doStart(419)) - Started @4903ms
2019-06-14 14:56:03,318 INFO  server.BaseHttpServer (BaseHttpServer.java:updateConnectorAddress(207)) - HTTP server of HDDSDATANODE is listening at http://0.0.0.0:37827
2019-06-14 14:56:03,490 INFO  ozone.HddsDatanodeService (HddsDatanodeService.java:startPlugins(396)) - Started plug-in org.apache.hadoop.ozone.web.OzoneHddsDatanodeService@11c78080
2019-06-14 14:56:03,491 INFO  impl.MetricsSystemImpl (MetricsSystemImpl.java:init(158)) - HddsDatanode metrics system started (again)
2019-06-14 14:56:03,491 INFO  ozone.HddsDatanodeService (HddsDatanodeService.java:start(185)) - HddsDatanodeService host:ozone-exp-cfzxm-2667948697 ip:192.168.46.53
2019-06-14 14:56:03,506 INFO  util.JvmPauseMonitor (JvmPauseMonitor.java:run(188)) - Starting JVM pause monitor
2019-06-14 14:56:03,509 INFO  volume.HddsVolume (HddsVolume.java:<init>(176)) - Creating Volume: /opt/src/hadoop-ozone/integration-test/target/test-dir/MiniOzoneClusterImpl-3c8ea3b2-7e3c-4d36-a937-428d6977642f/datanode-3/data/containers/hdds of  storage type : DISK and capacity : 104021790720
2019-06-14 14:56:03,509 INFO  volume.VolumeSet (VolumeSet.java:initializeVolumeSet(170)) - Added Volume : /opt/src/hadoop-ozone/integration-test/target/test-dir/MiniOzoneClusterImpl-3c8ea3b2-7e3c-4d36-a937-428d6977642f/datanode-3/data/containers/hdds to VolumeSet
2019-06-14 14:56:03,510 INFO  volume.ThrottledAsyncChecker (ThrottledAsyncChecker.java:schedule(140)) - Scheduling a check for org.apache.hadoop.ozone.container.common.volume.HddsVolume@7c11d32
2019-06-14 14:56:03,511 INFO  datanode.InitDatanodeState (InitDatanodeState.java:persistContainerDatanodeDetails(140)) - DatanodeDetails is persisted to /opt/src/hadoop-ozone/integration-test/target/test-dir/MiniOzoneClusterImpl-3c8ea3b2-7e3c-4d36-a937-428d6977642f/datanode-2/meta/datanode.id
2019-06-14 14:56:03,518 INFO  volume.HddsVolumeChecker (HddsVolumeChecker.java:checkAllVolumes(203)) - Scheduled health check for volume org.apache.hadoop.ozone.container.common.volume.HddsVolume@7c11d32
2019-06-14 14:56:03,528 INFO  ratis.XceiverServerRatis (XceiverServerRatis.java:newXceiverServerRatis(401)) - Found a free port for the server : 45505
2019-06-14 14:56:03,529 INFO  impl.RaftServerProxy (ConfUtils.java:logGet(43)) - raft.rpc.type = GRPC (default)
2019-06-14 14:56:03,529 INFO  grpc.GrpcConfigKeys$Server (ConfUtils.java:logGet(43)) - raft.grpc.server.port = 45505 (custom)
2019-06-14 14:56:03,530 INFO  server.GrpcService (ConfUtils.java:logGet(43)) - raft.grpc.message.size.max = 33570816 (custom)
2019-06-14 14:56:03,530 INFO  server.RaftServerConfigKeys (ConfUtils.java:logGet(43)) - raft.server.log.appender.buffer.byte-limit = 33554432 (custom)
2019-06-14 14:56:03,530 INFO  server.GrpcService (ConfUtils.java:logGet(43)) - raft.grpc.flow.control.window = 1MB (=1048576) (default)
2019-06-14 14:56:03,530 INFO  server.RaftServerConfigKeys (ConfUtils.java:logGet(43)) - raft.server.rpc.request.timeout = 3000ms (default)
2019-06-14 14:56:03,531 INFO  server.RaftServerConfigKeys (ConfUtils.java:logGet(43)) - raft.server.storage.dir = [/opt/src/hadoop-ozone/integration-test/target/test-dir/MiniOzoneClusterImpl-3c8ea3b2-7e3c-4d36-a937-428d6977642f/datanode-3/data/ratis] (custom)
2019-06-14 14:56:03,531 INFO  server.XceiverServerGrpc (XceiverServerGrpc.java:<init>(97)) - Found a free port for the server : 40527
2019-06-14 14:56:03,531 INFO  replication.SimpleContainerDownloader (SimpleContainerDownloader.java:<init>(72)) - Starting container downloader service to copy containers to replicate.
2019-06-14 14:56:03,532 INFO  hdfs.DFSUtil (DFSUtil.java:httpServerTemplateForNNAndJN(1641)) - Starting Web-server for hddsDatanode at: http://0.0.0.0:0
2019-06-14 14:56:03,533 INFO  server.AuthenticationFilter (AuthenticationFilter.java:constructSecretProvider(240)) - Unable to initialize FileSignerSecretProvider, falling back to use random secrets.
2019-06-14 14:56:03,537 WARN  http.HttpRequestLog (HttpRequestLog.java:getRequestLog(97)) - Jetty request log can only be enabled using Log4j
2019-06-14 14:56:03,539 INFO  http.HttpServer2 (HttpServer2.java:addGlobalFilter(975)) - Added global filter 'safety' (class=org.apache.hadoop.http.HttpServer2$QuotingInputFilter)
2019-06-14 14:56:03,539 INFO  http.HttpServer2 (HttpServer2.java:addFilter(948)) - Added filter static_user_filter (class=org.apache.hadoop.http.lib.StaticUserWebFilter$StaticUserFilter) to context hddsDatanode
2019-06-14 14:56:03,539 INFO  http.HttpServer2 (HttpServer2.java:addFilter(958)) - Added filter static_user_filter (class=org.apache.hadoop.http.lib.StaticUserWebFilter$StaticUserFilter) to context logs
2019-06-14 14:56:03,539 INFO  http.HttpServer2 (HttpServer2.java:addFilter(958)) - Added filter static_user_filter (class=org.apache.hadoop.http.lib.StaticUserWebFilter$StaticUserFilter) to context static
2019-06-14 14:56:03,540 INFO  http.HttpServer2 (HttpServer2.java:bindListener(1191)) - Jetty bound to port 35539
2019-06-14 14:56:03,540 INFO  server.Server (Server.java:doStart(351)) - jetty-9.3.24.v20180605, build timestamp: 2018-06-05T17:11:56Z, git hash: 84205aa28f11a4f31f2a3b86d1bba2cc8ab69827
2019-06-14 14:56:03,550 INFO  handler.ContextHandler (ContextHandler.java:doStart(781)) - Started o.e.j.s.ServletContextHandler@25974207{/logs,file:///opt/src/hadoop-ozone/integration-test/target/log,AVAILABLE}
2019-06-14 14:56:03,554 INFO  handler.ContextHandler (ContextHandler.java:doStart(781)) - Started o.e.j.s.ServletContextHandler@195113de{/static,jar:file:/home/user/.m2/repository/org/apache/hadoop/hadoop-hdds-container-service/0.5.0-SNAPSHOT/hadoop-hdds-container-service-0.5.0-SNAPSHOT.jar!/webapps/static,AVAILABLE}
2019-06-14 14:56:03,583 INFO  handler.ContextHandler (ContextHandler.java:doStart(781)) - Started o.e.j.w.WebAppContext@74c9e11{/,file:///tmp/jetty-0.0.0.0-35539-hddsDatanode-_-any-8623107446849908951.dir/webapp/,AVAILABLE}{/hddsDatanode}
2019-06-14 14:56:03,586 INFO  server.AbstractConnector (AbstractConnector.java:doStart(278)) - Started ServerConnector@9fe720a{HTTP/1.1,[http/1.1]}{0.0.0.0:35539}
2019-06-14 14:56:03,587 INFO  server.Server (Server.java:doStart(419)) - Started @5174ms
2019-06-14 14:56:03,588 INFO  server.BaseHttpServer (BaseHttpServer.java:updateConnectorAddress(207)) - HTTP server of HDDSDATANODE is listening at http://0.0.0.0:35539
2019-06-14 14:56:03,712 INFO  ozone.HddsDatanodeService (HddsDatanodeService.java:startPlugins(396)) - Started plug-in org.apache.hadoop.ozone.web.OzoneHddsDatanodeService@76216830
2019-06-14 14:56:03,712 INFO  impl.MetricsSystemImpl (MetricsSystemImpl.java:init(158)) - HddsDatanode metrics system started (again)
2019-06-14 14:56:03,712 INFO  ozone.HddsDatanodeService (HddsDatanodeService.java:start(185)) - HddsDatanodeService host:ozone-exp-cfzxm-2667948697 ip:192.168.46.53
2019-06-14 14:56:03,734 INFO  util.JvmPauseMonitor (JvmPauseMonitor.java:run(188)) - Starting JVM pause monitor
2019-06-14 14:56:03,752 INFO  datanode.InitDatanodeState (InitDatanodeState.java:persistContainerDatanodeDetails(140)) - DatanodeDetails is persisted to /opt/src/hadoop-ozone/integration-test/target/test-dir/MiniOzoneClusterImpl-3c8ea3b2-7e3c-4d36-a937-428d6977642f/datanode-3/meta/datanode.id
2019-06-14 14:56:03,765 INFO  volume.HddsVolume (HddsVolume.java:<init>(176)) - Creating Volume: /opt/src/hadoop-ozone/integration-test/target/test-dir/MiniOzoneClusterImpl-3c8ea3b2-7e3c-4d36-a937-428d6977642f/datanode-4/data/containers/hdds of  storage type : DISK and capacity : 104021790720
2019-06-14 14:56:03,766 INFO  volume.VolumeSet (VolumeSet.java:initializeVolumeSet(170)) - Added Volume : /opt/src/hadoop-ozone/integration-test/target/test-dir/MiniOzoneClusterImpl-3c8ea3b2-7e3c-4d36-a937-428d6977642f/datanode-4/data/containers/hdds to VolumeSet
2019-06-14 14:56:03,766 INFO  volume.ThrottledAsyncChecker (ThrottledAsyncChecker.java:schedule(140)) - Scheduling a check for org.apache.hadoop.ozone.container.common.volume.HddsVolume@391d1e33
2019-06-14 14:56:03,767 INFO  volume.HddsVolumeChecker (HddsVolumeChecker.java:checkAllVolumes(203)) - Scheduled health check for volume org.apache.hadoop.ozone.container.common.volume.HddsVolume@391d1e33
2019-06-14 14:56:03,789 INFO  ratis.XceiverServerRatis (XceiverServerRatis.java:newXceiverServerRatis(401)) - Found a free port for the server : 42375
2019-06-14 14:56:03,790 INFO  impl.RaftServerProxy (ConfUtils.java:logGet(43)) - raft.rpc.type = GRPC (default)
2019-06-14 14:56:03,791 INFO  grpc.GrpcConfigKeys$Server (ConfUtils.java:logGet(43)) - raft.grpc.server.port = 42375 (custom)
2019-06-14 14:56:03,791 INFO  server.GrpcService (ConfUtils.java:logGet(43)) - raft.grpc.message.size.max = 33570816 (custom)
2019-06-14 14:56:03,791 INFO  server.RaftServerConfigKeys (ConfUtils.java:logGet(43)) - raft.server.log.appender.buffer.byte-limit = 33554432 (custom)
2019-06-14 14:56:03,792 INFO  server.GrpcService (ConfUtils.java:logGet(43)) - raft.grpc.flow.control.window = 1MB (=1048576) (default)
2019-06-14 14:56:03,792 INFO  server.RaftServerConfigKeys (ConfUtils.java:logGet(43)) - raft.server.rpc.request.timeout = 3000ms (default)
2019-06-14 14:56:03,792 INFO  server.RaftServerConfigKeys (ConfUtils.java:logGet(43)) - raft.server.storage.dir = [/opt/src/hadoop-ozone/integration-test/target/test-dir/MiniOzoneClusterImpl-3c8ea3b2-7e3c-4d36-a937-428d6977642f/datanode-4/data/ratis] (custom)
2019-06-14 14:56:03,793 INFO  server.XceiverServerGrpc (XceiverServerGrpc.java:<init>(97)) - Found a free port for the server : 43871
2019-06-14 14:56:03,793 INFO  replication.SimpleContainerDownloader (SimpleContainerDownloader.java:<init>(72)) - Starting container downloader service to copy containers to replicate.
2019-06-14 14:56:03,794 INFO  hdfs.DFSUtil (DFSUtil.java:httpServerTemplateForNNAndJN(1641)) - Starting Web-server for hddsDatanode at: http://0.0.0.0:0
2019-06-14 14:56:03,796 INFO  server.AuthenticationFilter (AuthenticationFilter.java:constructSecretProvider(240)) - Unable to initialize FileSignerSecretProvider, falling back to use random secrets.
2019-06-14 14:56:03,797 WARN  http.HttpRequestLog (HttpRequestLog.java:getRequestLog(97)) - Jetty request log can only be enabled using Log4j
2019-06-14 14:56:03,799 INFO  http.HttpServer2 (HttpServer2.java:addGlobalFilter(975)) - Added global filter 'safety' (class=org.apache.hadoop.http.HttpServer2$QuotingInputFilter)
2019-06-14 14:56:03,799 INFO  http.HttpServer2 (HttpServer2.java:addFilter(948)) - Added filter static_user_filter (class=org.apache.hadoop.http.lib.StaticUserWebFilter$StaticUserFilter) to context hddsDatanode
2019-06-14 14:56:03,800 INFO  http.HttpServer2 (HttpServer2.java:addFilter(958)) - Added filter static_user_filter (class=org.apache.hadoop.http.lib.StaticUserWebFilter$StaticUserFilter) to context static
2019-06-14 14:56:03,800 INFO  http.HttpServer2 (HttpServer2.java:addFilter(958)) - Added filter static_user_filter (class=org.apache.hadoop.http.lib.StaticUserWebFilter$StaticUserFilter) to context logs
2019-06-14 14:56:03,800 INFO  http.HttpServer2 (HttpServer2.java:bindListener(1191)) - Jetty bound to port 42029
2019-06-14 14:56:03,801 INFO  server.Server (Server.java:doStart(351)) - jetty-9.3.24.v20180605, build timestamp: 2018-06-05T17:11:56Z, git hash: 84205aa28f11a4f31f2a3b86d1bba2cc8ab69827
2019-06-14 14:56:03,851 INFO  handler.ContextHandler (ContextHandler.java:doStart(781)) - Started o.e.j.s.ServletContextHandler@6f38f084{/logs,file:///opt/src/hadoop-ozone/integration-test/target/log,AVAILABLE}
2019-06-14 14:56:03,852 INFO  handler.ContextHandler (ContextHandler.java:doStart(781)) - Started o.e.j.s.ServletContextHandler@372f0a99{/static,jar:file:/home/user/.m2/repository/org/apache/hadoop/hadoop-hdds-container-service/0.5.0-SNAPSHOT/hadoop-hdds-container-service-0.5.0-SNAPSHOT.jar!/webapps/static,AVAILABLE}
2019-06-14 14:56:03,894 INFO  handler.ContextHandler (ContextHandler.java:doStart(781)) - Started o.e.j.w.WebAppContext@6b2fdffc{/,file:///tmp/jetty-0.0.0.0-42029-hddsDatanode-_-any-4898058835262106006.dir/webapp/,AVAILABLE}{/hddsDatanode}
2019-06-14 14:56:03,902 INFO  server.AbstractConnector (AbstractConnector.java:doStart(278)) - Started ServerConnector@2ca3d826{HTTP/1.1,[http/1.1]}{0.0.0.0:42029}
2019-06-14 14:56:03,902 INFO  server.Server (Server.java:doStart(419)) - Started @5489ms
2019-06-14 14:56:03,903 INFO  server.BaseHttpServer (BaseHttpServer.java:updateConnectorAddress(207)) - HTTP server of HDDSDATANODE is listening at http://0.0.0.0:42029
2019-06-14 14:56:04,047 INFO  ozone.HddsDatanodeService (HddsDatanodeService.java:startPlugins(396)) - Started plug-in org.apache.hadoop.ozone.web.OzoneHddsDatanodeService@624b3544
2019-06-14 14:56:04,048 INFO  impl.MetricsSystemImpl (MetricsSystemImpl.java:init(158)) - HddsDatanode metrics system started (again)
2019-06-14 14:56:04,048 INFO  ozone.HddsDatanodeService (HddsDatanodeService.java:start(185)) - HddsDatanodeService host:ozone-exp-cfzxm-2667948697 ip:192.168.46.53
2019-06-14 14:56:04,058 INFO  util.JvmPauseMonitor (JvmPauseMonitor.java:run(188)) - Starting JVM pause monitor
2019-06-14 14:56:04,073 INFO  volume.HddsVolume (HddsVolume.java:<init>(176)) - Creating Volume: /opt/src/hadoop-ozone/integration-test/target/test-dir/MiniOzoneClusterImpl-3c8ea3b2-7e3c-4d36-a937-428d6977642f/datanode-5/data/containers/hdds of  storage type : DISK and capacity : 104021790720
2019-06-14 14:56:04,074 INFO  volume.VolumeSet (VolumeSet.java:initializeVolumeSet(170)) - Added Volume : /opt/src/hadoop-ozone/integration-test/target/test-dir/MiniOzoneClusterImpl-3c8ea3b2-7e3c-4d36-a937-428d6977642f/datanode-5/data/containers/hdds to VolumeSet
2019-06-14 14:56:04,074 INFO  volume.ThrottledAsyncChecker (ThrottledAsyncChecker.java:schedule(140)) - Scheduling a check for org.apache.hadoop.ozone.container.common.volume.HddsVolume@55a0f011
2019-06-14 14:56:04,075 INFO  volume.HddsVolumeChecker (HddsVolumeChecker.java:checkAllVolumes(203)) - Scheduled health check for volume org.apache.hadoop.ozone.container.common.volume.HddsVolume@55a0f011
2019-06-14 14:56:04,075 INFO  datanode.InitDatanodeState (InitDatanodeState.java:persistContainerDatanodeDetails(140)) - DatanodeDetails is persisted to /opt/src/hadoop-ozone/integration-test/target/test-dir/MiniOzoneClusterImpl-3c8ea3b2-7e3c-4d36-a937-428d6977642f/datanode-4/meta/datanode.id
2019-06-14 14:56:04,098 INFO  ratis.XceiverServerRatis (XceiverServerRatis.java:newXceiverServerRatis(401)) - Found a free port for the server : 44701
2019-06-14 14:56:04,099 INFO  impl.RaftServerProxy (ConfUtils.java:logGet(43)) - raft.rpc.type = GRPC (default)
2019-06-14 14:56:04,099 INFO  grpc.GrpcConfigKeys$Server (ConfUtils.java:logGet(43)) - raft.grpc.server.port = 44701 (custom)
2019-06-14 14:56:04,100 INFO  server.GrpcService (ConfUtils.java:logGet(43)) - raft.grpc.message.size.max = 33570816 (custom)
2019-06-14 14:56:04,100 INFO  server.RaftServerConfigKeys (ConfUtils.java:logGet(43)) - raft.server.log.appender.buffer.byte-limit = 33554432 (custom)
2019-06-14 14:56:04,100 INFO  server.GrpcService (ConfUtils.java:logGet(43)) - raft.grpc.flow.control.window = 1MB (=1048576) (default)
2019-06-14 14:56:04,100 INFO  server.RaftServerConfigKeys (ConfUtils.java:logGet(43)) - raft.server.rpc.request.timeout = 3000ms (default)
2019-06-14 14:56:04,101 INFO  server.RaftServerConfigKeys (ConfUtils.java:logGet(43)) - raft.server.storage.dir = [/opt/src/hadoop-ozone/integration-test/target/test-dir/MiniOzoneClusterImpl-3c8ea3b2-7e3c-4d36-a937-428d6977642f/datanode-5/data/ratis] (custom)
2019-06-14 14:56:04,101 INFO  server.XceiverServerGrpc (XceiverServerGrpc.java:<init>(97)) - Found a free port for the server : 35087
2019-06-14 14:56:04,102 INFO  replication.SimpleContainerDownloader (SimpleContainerDownloader.java:<init>(72)) - Starting container downloader service to copy containers to replicate.
2019-06-14 14:56:04,103 INFO  hdfs.DFSUtil (DFSUtil.java:httpServerTemplateForNNAndJN(1641)) - Starting Web-server for hddsDatanode at: http://0.0.0.0:0
2019-06-14 14:56:04,104 INFO  server.AuthenticationFilter (AuthenticationFilter.java:constructSecretProvider(240)) - Unable to initialize FileSignerSecretProvider, falling back to use random secrets.
2019-06-14 14:56:04,105 WARN  http.HttpRequestLog (HttpRequestLog.java:getRequestLog(97)) - Jetty request log can only be enabled using Log4j
2019-06-14 14:56:04,106 INFO  http.HttpServer2 (HttpServer2.java:addGlobalFilter(975)) - Added global filter 'safety' (class=org.apache.hadoop.http.HttpServer2$QuotingInputFilter)
2019-06-14 14:56:04,107 INFO  http.HttpServer2 (HttpServer2.java:addFilter(948)) - Added filter static_user_filter (class=org.apache.hadoop.http.lib.StaticUserWebFilter$StaticUserFilter) to context hddsDatanode
2019-06-14 14:56:04,107 INFO  http.HttpServer2 (HttpServer2.java:addFilter(958)) - Added filter static_user_filter (class=org.apache.hadoop.http.lib.StaticUserWebFilter$StaticUserFilter) to context logs
2019-06-14 14:56:04,107 INFO  http.HttpServer2 (HttpServer2.java:addFilter(958)) - Added filter static_user_filter (class=org.apache.hadoop.http.lib.StaticUserWebFilter$StaticUserFilter) to context static
2019-06-14 14:56:04,107 INFO  http.HttpServer2 (HttpServer2.java:bindListener(1191)) - Jetty bound to port 43969
2019-06-14 14:56:04,108 INFO  server.Server (Server.java:doStart(351)) - jetty-9.3.24.v20180605, build timestamp: 2018-06-05T17:11:56Z, git hash: 84205aa28f11a4f31f2a3b86d1bba2cc8ab69827
2019-06-14 14:56:04,120 INFO  handler.ContextHandler (ContextHandler.java:doStart(781)) - Started o.e.j.s.ServletContextHandler@23e61112{/logs,file:///opt/src/hadoop-ozone/integration-test/target/log,AVAILABLE}
2019-06-14 14:56:04,121 INFO  handler.ContextHandler (ContextHandler.java:doStart(781)) - Started o.e.j.s.ServletContextHandler@61b60600{/static,jar:file:/home/user/.m2/repository/org/apache/hadoop/hadoop-hdds-container-service/0.5.0-SNAPSHOT/hadoop-hdds-container-service-0.5.0-SNAPSHOT.jar!/webapps/static,AVAILABLE}
2019-06-14 14:56:04,154 INFO  handler.ContextHandler (ContextHandler.java:doStart(781)) - Started o.e.j.w.WebAppContext@245cb8df{/,file:///tmp/jetty-0.0.0.0-43969-hddsDatanode-_-any-906418397073484841.dir/webapp/,AVAILABLE}{/hddsDatanode}
2019-06-14 14:56:04,160 INFO  server.AbstractConnector (AbstractConnector.java:doStart(278)) - Started ServerConnector@26b3c9a2{HTTP/1.1,[http/1.1]}{0.0.0.0:43969}
2019-06-14 14:56:04,161 INFO  server.Server (Server.java:doStart(419)) - Started @5747ms
2019-06-14 14:56:04,162 INFO  server.BaseHttpServer (BaseHttpServer.java:updateConnectorAddress(207)) - HTTP server of HDDSDATANODE is listening at http://0.0.0.0:43969
2019-06-14 14:56:04,337 INFO  ozone.HddsDatanodeService (HddsDatanodeService.java:startPlugins(396)) - Started plug-in org.apache.hadoop.ozone.web.OzoneHddsDatanodeService@4662752a
2019-06-14 14:56:04,338 INFO  ozone.MiniOzoneClusterImpl (MiniOzoneClusterImpl.java:lambda$waitForClusterToBeReady$0(142)) - Waiting for cluster to be ready. Got 0 of 6 DN Heartbeats.
2019-06-14 14:56:04,355 INFO  util.JvmPauseMonitor (JvmPauseMonitor.java:run(188)) - Starting JVM pause monitor
2019-06-14 14:56:04,357 INFO  datanode.InitDatanodeState (InitDatanodeState.java:persistContainerDatanodeDetails(140)) - DatanodeDetails is persisted to /opt/src/hadoop-ozone/integration-test/target/test-dir/MiniOzoneClusterImpl-3c8ea3b2-7e3c-4d36-a937-428d6977642f/datanode-5/meta/datanode.id
2019-06-14 14:56:04,963 INFO  ozoneimpl.OzoneContainer (OzoneContainer.java:start(186)) - Attempting to start container services.
2019-06-14 14:56:04,963 INFO  ozoneimpl.OzoneContainer (OzoneContainer.java:startContainerScrub(160)) - Background container scrubber has been disabled by hdds.containerscrub.enabled
2019-06-14 14:56:04,963 INFO  ratis.XceiverServerRatis (XceiverServerRatis.java:start(418)) - Starting XceiverServerRatis 92e66d6f-4436-43d4-808c-c8ff1186b7ac at port 40055
2019-06-14 14:56:04,977 INFO  impl.RaftServerProxy (RaftServerProxy.java:lambda$start$3(299)) - 92e66d6f-4436-43d4-808c-c8ff1186b7ac: start RPC server
2019-06-14 14:56:05,103 INFO  server.GrpcService (GrpcService.java:startImpl(148)) - 92e66d6f-4436-43d4-808c-c8ff1186b7ac: GrpcService started, listening on 0.0.0.0/0.0.0.0:40055
2019-06-14 14:56:05,217 INFO  ozoneimpl.OzoneContainer (OzoneContainer.java:start(186)) - Attempting to start container services.
2019-06-14 14:56:05,218 INFO  ozoneimpl.OzoneContainer (OzoneContainer.java:startContainerScrub(160)) - Background container scrubber has been disabled by hdds.containerscrub.enabled
2019-06-14 14:56:05,218 INFO  ratis.XceiverServerRatis (XceiverServerRatis.java:start(418)) - Starting XceiverServerRatis adf57f3d-bdcd-4cc4-9954-83aa5cf76cca at port 34557
2019-06-14 14:56:05,225 INFO  impl.RaftServerProxy (RaftServerProxy.java:lambda$start$3(299)) - adf57f3d-bdcd-4cc4-9954-83aa5cf76cca: start RPC server
2019-06-14 14:56:05,227 INFO  server.GrpcService (GrpcService.java:startImpl(148)) - adf57f3d-bdcd-4cc4-9954-83aa5cf76cca: GrpcService started, listening on 0.0.0.0/0.0.0.0:34557
2019-06-14 14:56:05,339 INFO  ozone.MiniOzoneClusterImpl (MiniOzoneClusterImpl.java:lambda$waitForClusterToBeReady$0(142)) - Waiting for cluster to be ready. Got 0 of 6 DN Heartbeats.
2019-06-14 14:56:05,511 INFO  ozoneimpl.OzoneContainer (OzoneContainer.java:start(186)) - Attempting to start container services.
2019-06-14 14:56:05,512 INFO  ozoneimpl.OzoneContainer (OzoneContainer.java:startContainerScrub(160)) - Background container scrubber has been disabled by hdds.containerscrub.enabled
2019-06-14 14:56:05,512 INFO  ratis.XceiverServerRatis (XceiverServerRatis.java:start(418)) - Starting XceiverServerRatis 134b3927-5e26-404a-9043-960ced3cce8c at port 33399
2019-06-14 14:56:05,521 INFO  impl.RaftServerProxy (RaftServerProxy.java:lambda$start$3(299)) - 134b3927-5e26-404a-9043-960ced3cce8c: start RPC server
2019-06-14 14:56:05,523 INFO  server.GrpcService (GrpcService.java:startImpl(148)) - 134b3927-5e26-404a-9043-960ced3cce8c: GrpcService started, listening on 0.0.0.0/0.0.0.0:33399
2019-06-14 14:56:05,738 INFO  ozoneimpl.OzoneContainer (OzoneContainer.java:start(186)) - Attempting to start container services.
2019-06-14 14:56:05,740 INFO  ozoneimpl.OzoneContainer (OzoneContainer.java:startContainerScrub(160)) - Background container scrubber has been disabled by hdds.containerscrub.enabled
2019-06-14 14:56:05,740 INFO  ratis.XceiverServerRatis (XceiverServerRatis.java:start(418)) - Starting XceiverServerRatis 4f5fdf15-7d9e-4065-99d5-50c55e1739d0 at port 45505
2019-06-14 14:56:05,749 INFO  impl.RaftServerProxy (RaftServerProxy.java:lambda$start$3(299)) - 4f5fdf15-7d9e-4065-99d5-50c55e1739d0: start RPC server
2019-06-14 14:56:05,752 INFO  server.GrpcService (GrpcService.java:startImpl(148)) - 4f5fdf15-7d9e-4065-99d5-50c55e1739d0: GrpcService started, listening on 0.0.0.0/0.0.0.0:45505
2019-06-14 14:56:06,062 INFO  ozoneimpl.OzoneContainer (OzoneContainer.java:start(186)) - Attempting to start container services.
2019-06-14 14:56:06,064 INFO  ozoneimpl.OzoneContainer (OzoneContainer.java:startContainerScrub(160)) - Background container scrubber has been disabled by hdds.containerscrub.enabled
2019-06-14 14:56:06,064 INFO  ratis.XceiverServerRatis (XceiverServerRatis.java:start(418)) - Starting XceiverServerRatis 98317d6c-a41e-4e95-ac16-913d88933335 at port 42375
2019-06-14 14:56:06,069 INFO  impl.RaftServerProxy (RaftServerProxy.java:lambda$start$3(299)) - 98317d6c-a41e-4e95-ac16-913d88933335: start RPC server
2019-06-14 14:56:06,072 INFO  server.GrpcService (GrpcService.java:startImpl(148)) - 98317d6c-a41e-4e95-ac16-913d88933335: GrpcService started, listening on 0.0.0.0/0.0.0.0:42375
2019-06-14 14:56:06,339 INFO  ozone.MiniOzoneClusterImpl (MiniOzoneClusterImpl.java:lambda$waitForClusterToBeReady$0(142)) - Waiting for cluster to be ready. Got 0 of 6 DN Heartbeats.
2019-06-14 14:56:06,360 INFO  ozoneimpl.OzoneContainer (OzoneContainer.java:start(186)) - Attempting to start container services.
2019-06-14 14:56:06,362 INFO  ozoneimpl.OzoneContainer (OzoneContainer.java:startContainerScrub(160)) - Background container scrubber has been disabled by hdds.containerscrub.enabled
2019-06-14 14:56:06,362 INFO  ratis.XceiverServerRatis (XceiverServerRatis.java:start(418)) - Starting XceiverServerRatis 70c07216-c5e2-4f02-b286-bc09777d4174 at port 44701
2019-06-14 14:56:06,367 INFO  impl.RaftServerProxy (RaftServerProxy.java:lambda$start$3(299)) - 70c07216-c5e2-4f02-b286-bc09777d4174: start RPC server
2019-06-14 14:56:06,370 INFO  server.GrpcService (GrpcService.java:startImpl(148)) - 70c07216-c5e2-4f02-b286-bc09777d4174: GrpcService started, listening on 0.0.0.0/0.0.0.0:44701
2019-06-14 14:56:06,962 INFO  node.SCMNodeManager (SCMNodeManager.java:register(234)) - Registered Data node : 92e66d6f-4436-43d4-808c-c8ff1186b7ac{ip: 192.168.46.53, host: ozone-exp-cfzxm-2667948697, networkLocation: /default-rack, certSerialId: null}
2019-06-14 14:56:06,966 INFO  safemode.SCMSafeModeManager (DataNodeSafeModeRule.java:process(71)) - SCM in safe mode. 1 DataNodes registered, 1 required.
2019-06-14 14:56:06,966 INFO  safemode.SCMSafeModeManager (SCMSafeModeManager.java:validateSafeModeExitRules(177)) - ScmSafeModeManager, all rules are successfully validated
2019-06-14 14:56:06,966 INFO  safemode.SCMSafeModeManager (SCMSafeModeManager.java:exitSafeMode(193)) - SCM exiting safe mode.
2019-06-14 14:56:07,215 INFO  node.SCMNodeManager (SCMNodeManager.java:register(234)) - Registered Data node : adf57f3d-bdcd-4cc4-9954-83aa5cf76cca{ip: 192.168.46.53, host: ozone-exp-cfzxm-2667948697, networkLocation: /default-rack, certSerialId: null}
2019-06-14 14:56:07,340 INFO  ozone.MiniOzoneClusterImpl (MiniOzoneClusterImpl.java:lambda$waitForClusterToBeReady$0(142)) - Waiting for cluster to be ready. Got 2 of 6 DN Heartbeats.
2019-06-14 14:56:07,366 INFO  impl.RaftServerProxy (RaftServerProxy.java:addNew(89)) - 92e66d6f-4436-43d4-808c-c8ff1186b7ac: addNew group-EE6EBFD20D1B:[92e66d6f-4436-43d4-808c-c8ff1186b7ac:192.168.46.53:40055] returns group-EE6EBFD20D1B:java.util.concurrent.CompletableFuture@606eb5a8[Not completed]
2019-06-14 14:56:07,372 INFO  impl.RaftServerImpl (RaftServerImpl.java:<init>(91)) - 92e66d6f-4436-43d4-808c-c8ff1186b7ac: new RaftServerImpl for group-EE6EBFD20D1B:[92e66d6f-4436-43d4-808c-c8ff1186b7ac:192.168.46.53:40055] with ContainerStateMachine:uninitialized
2019-06-14 14:56:07,373 INFO  server.RaftServerConfigKeys (ConfUtils.java:logGet(43)) - raft.server.rpc.timeout.min = 1s (custom)
2019-06-14 14:56:07,373 INFO  server.RaftServerConfigKeys (ConfUtils.java:logGet(43)) - raft.server.rpc.timeout.max = 1200ms (custom)
2019-06-14 14:56:07,373 INFO  server.RaftServerConfigKeys (ConfUtils.java:logGet(43)) - raft.server.rpcslowness.timeout = 10s (custom)
2019-06-14 14:56:07,374 INFO  server.RaftServerConfigKeys (ConfUtils.java:logGet(43)) - raft.server.log.appender.install.snapshot.enabled = true (default)
2019-06-14 14:56:07,382 INFO  impl.RaftServerImpl (ServerState.java:<init>(101)) - 92e66d6f-4436-43d4-808c-c8ff1186b7ac:group-EE6EBFD20D1B ConfigurationManager, init=-1: [92e66d6f-4436-43d4-808c-c8ff1186b7ac:192.168.46.53:40055], old=null, confs=<EMPTY_MAP>
2019-06-14 14:56:07,382 INFO  server.RaftServerConfigKeys (ConfUtils.java:logGet(43)) - raft.server.storage.dir = [/opt/src/hadoop-ozone/integration-test/target/test-dir/MiniOzoneClusterImpl-3c8ea3b2-7e3c-4d36-a937-428d6977642f/datanode-0/data/ratis] (custom)
2019-06-14 14:56:07,391 INFO  storage.RaftStorageDirectory (RaftStorageDirectory.java:analyzeStorage(246)) - The storage directory /opt/src/hadoop-ozone/integration-test/target/test-dir/MiniOzoneClusterImpl-3c8ea3b2-7e3c-4d36-a937-428d6977642f/datanode-0/data/ratis/c26d9034-3f0e-4fb5-90ad-ee6ebfd20d1b does not exist. Creating ...
2019-06-14 14:56:07,398 INFO  storage.RaftStorageDirectory (RaftStorageDirectory.java:tryLock(328)) - Lock on /opt/src/hadoop-ozone/integration-test/target/test-dir/MiniOzoneClusterImpl-3c8ea3b2-7e3c-4d36-a937-428d6977642f/datanode-0/data/ratis/c26d9034-3f0e-4fb5-90ad-ee6ebfd20d1b/in_use.lock acquired by nodename 9953@ozone-exp-cfzxm-2667948697
2019-06-14 14:56:07,402 INFO  storage.RaftStorage (RaftStorage.java:format(75)) - Storage directory /opt/src/hadoop-ozone/integration-test/target/test-dir/MiniOzoneClusterImpl-3c8ea3b2-7e3c-4d36-a937-428d6977642f/datanode-0/data/ratis/c26d9034-3f0e-4fb5-90ad-ee6ebfd20d1b has been successfully formatted.
2019-06-14 14:56:07,404 INFO  ratis.ContainerStateMachine (ContainerStateMachine.java:loadSnapshot(199)) - The snapshot info is null.Setting the last applied index to:(t:0, i:~)
2019-06-14 14:56:07,404 INFO  server.RaftServerConfigKeys (ConfUtils.java:logGet(43)) - raft.server.leader.election.timeout = 10s (custom)
2019-06-14 14:56:07,406 INFO  server.RaftServerConfigKeys (ConfUtils.java:logGet(43)) - raft.server.log.use.memory = false (default)
2019-06-14 14:56:07,408 INFO  server.RaftServerConfigKeys (ConfUtils.java:logGet(43)) - raft.server.log.appender.buffer.byte-limit = 33554432 (custom)
2019-06-14 14:56:07,411 INFO  server.RaftServerConfigKeys (ConfUtils.java:logGet(43)) - raft.server.log.segment.size.max = 16384 (custom)
2019-06-14 14:56:07,546 INFO  server.RaftServerConfigKeys (ConfUtils.java:logGet(43)) - raft.server.log.segment.cache.num.max = 2 (custom)
2019-06-14 14:56:07,550 INFO  node.SCMNodeManager (SCMNodeManager.java:register(234)) - Registered Data node : 134b3927-5e26-404a-9043-960ced3cce8c{ip: 192.168.46.53, host: ozone-exp-cfzxm-2667948697, networkLocation: /default-rack, certSerialId: null}
2019-06-14 14:56:07,553 INFO  storage.RaftLogWorker (RaftLogWorker.java:<init>(123)) - new 92e66d6f-4436-43d4-808c-c8ff1186b7ac-RaftLogWorker for Storage Directory /opt/src/hadoop-ozone/integration-test/target/test-dir/MiniOzoneClusterImpl-3c8ea3b2-7e3c-4d36-a937-428d6977642f/datanode-0/data/ratis/c26d9034-3f0e-4fb5-90ad-ee6ebfd20d1b
2019-06-14 14:56:07,553 INFO  server.RaftServerConfigKeys (ConfUtils.java:logGet(43)) - raft.server.log.queue.byte-limit = 2147483647 (custom)
2019-06-14 14:56:07,554 INFO  server.RaftServerConfigKeys (ConfUtils.java:logGet(43)) - raft.server.log.queue.element-limit = 1024 (custom)
2019-06-14 14:56:07,556 INFO  server.RaftServerConfigKeys (ConfUtils.java:logGet(43)) - raft.server.log.segment.size.max = 16384 (custom)
2019-06-14 14:56:07,556 INFO  server.RaftServerConfigKeys (ConfUtils.java:logGet(43)) - raft.server.log.preallocated.size = 16384 (custom)
2019-06-14 14:56:07,556 INFO  server.RaftServerConfigKeys (ConfUtils.java:logGet(43)) - raft.server.log.write.buffer.size = 33554432 (custom)
2019-06-14 14:56:07,557 INFO  server.RaftServerConfigKeys (ConfUtils.java:logGet(43)) - raft.server.log.force.sync.num = 128 (default)
2019-06-14 14:56:07,558 INFO  server.RaftServerConfigKeys (ConfUtils.java:logGet(43)) - raft.server.log.statemachine.data.sync = true (default)
2019-06-14 14:56:07,558 INFO  server.RaftServerConfigKeys (ConfUtils.java:logGet(43)) - raft.server.log.statemachine.data.sync.timeout = 10s (default)
2019-06-14 14:56:07,558 INFO  server.RaftServerConfigKeys (ConfUtils.java:logGet(43)) - raft.server.log.statemachine.data.sync.timeout.retry = -1 (default)
2019-06-14 14:56:07,561 INFO  server.RaftServerConfigKeys (ConfUtils.java:logGet(43)) - raft.server.log.statemachine.data.caching.enabled = true (custom)
2019-06-14 14:56:07,567 INFO  server.RaftServerConfigKeys (ConfUtils.java:logGet(43)) - raft.server.snapshot.auto.trigger.enabled = true (custom)
2019-06-14 14:56:07,568 INFO  server.RaftServerConfigKeys (ConfUtils.java:logGet(43)) - raft.server.snapshot.auto.trigger.threshold = 10000 (custom)
2019-06-14 14:56:07,568 INFO  server.RaftServerConfigKeys (ConfUtils.java:logGet(43)) - raft.server.retrycache.expirytime = 600000ms (custom)
2019-06-14 14:56:07,584 INFO  impl.RaftServerImpl (RaftServerImpl.java:start(173)) - 92e66d6f-4436-43d4-808c-c8ff1186b7ac: start group-EE6EBFD20D1B
2019-06-14 14:56:07,585 INFO  impl.RaftServerImpl (RaftServerImpl.java:setRole(164)) - 92e66d6f-4436-43d4-808c-c8ff1186b7ac:group-EE6EBFD20D1B changes role from null to FOLLOWER at term 0 for startAsFollower
2019-06-14 14:56:07,586 INFO  impl.RoleInfo (RoleInfo.java:updateAndGet(143)) - 92e66d6f-4436-43d4-808c-c8ff1186b7ac: start FollowerState
2019-06-14 14:56:07,588 INFO  util.JmxRegister (JmxRegister.java:tryRegister(44)) - Successfully registered JMX Bean with object name Ratis:service=RaftServer,group=group-EE6EBFD20D1B,id=92e66d6f-4436-43d4-808c-c8ff1186b7ac
2019-06-14 14:56:07,647 INFO  pipeline.PipelineStateManager (PipelineStateManager.java:addPipeline(56)) - Created pipeline Pipeline[ Id: c26d9034-3f0e-4fb5-90ad-ee6ebfd20d1b, Nodes: 92e66d6f-4436-43d4-808c-c8ff1186b7ac{ip: 192.168.46.53, host: ozone-exp-cfzxm-2667948697, networkLocation: /default-rack, certSerialId: null}, Type:RATIS, Factor:ONE, State:OPEN]
2019-06-14 14:56:07,680 INFO  impl.RaftServerProxy (RaftServerProxy.java:addNew(89)) - adf57f3d-bdcd-4cc4-9954-83aa5cf76cca: addNew group-F5E89A44E031:[adf57f3d-bdcd-4cc4-9954-83aa5cf76cca:192.168.46.53:34557] returns group-F5E89A44E031:java.util.concurrent.CompletableFuture@4180e92f[Not completed]
2019-06-14 14:56:07,682 INFO  impl.RaftServerImpl (RaftServerImpl.java:<init>(91)) - adf57f3d-bdcd-4cc4-9954-83aa5cf76cca: new RaftServerImpl for group-F5E89A44E031:[adf57f3d-bdcd-4cc4-9954-83aa5cf76cca:192.168.46.53:34557] with ContainerStateMachine:uninitialized
2019-06-14 14:56:07,694 INFO  server.RaftServerConfigKeys (ConfUtils.java:logGet(43)) - raft.server.rpc.timeout.min = 1s (custom)
2019-06-14 14:56:07,694 INFO  server.RaftServerConfigKeys (ConfUtils.java:logGet(43)) - raft.server.rpc.timeout.max = 1200ms (custom)
2019-06-14 14:56:07,694 INFO  server.RaftServerConfigKeys (ConfUtils.java:logGet(43)) - raft.server.rpcslowness.timeout = 10s (custom)
2019-06-14 14:56:07,694 INFO  server.RaftServerConfigKeys (ConfUtils.java:logGet(43)) - raft.server.log.appender.install.snapshot.enabled = true (default)
2019-06-14 14:56:07,694 INFO  impl.RaftServerImpl (ServerState.java:<init>(101)) - adf57f3d-bdcd-4cc4-9954-83aa5cf76cca:group-F5E89A44E031 ConfigurationManager, init=-1: [adf57f3d-bdcd-4cc4-9954-83aa5cf76cca:192.168.46.53:34557], old=null, confs=<EMPTY_MAP>
2019-06-14 14:56:07,694 INFO  server.RaftServerConfigKeys (ConfUtils.java:logGet(43)) - raft.server.storage.dir = [/opt/src/hadoop-ozone/integration-test/target/test-dir/MiniOzoneClusterImpl-3c8ea3b2-7e3c-4d36-a937-428d6977642f/datanode-1/data/ratis] (custom)
2019-06-14 14:56:07,695 INFO  storage.RaftStorageDirectory (RaftStorageDirectory.java:analyzeStorage(246)) - The storage directory /opt/src/hadoop-ozone/integration-test/target/test-dir/MiniOzoneClusterImpl-3c8ea3b2-7e3c-4d36-a937-428d6977642f/datanode-1/data/ratis/d31abc4c-bf72-4eb4-a701-f5e89a44e031 does not exist. Creating ...
2019-06-14 14:56:07,697 INFO  storage.RaftStorageDirectory (RaftStorageDirectory.java:tryLock(328)) - Lock on /opt/src/hadoop-ozone/integration-test/target/test-dir/MiniOzoneClusterImpl-3c8ea3b2-7e3c-4d36-a937-428d6977642f/datanode-1/data/ratis/d31abc4c-bf72-4eb4-a701-f5e89a44e031/in_use.lock acquired by nodename 9953@ozone-exp-cfzxm-2667948697
2019-06-14 14:56:07,700 INFO  storage.RaftStorage (RaftStorage.java:format(75)) - Storage directory /opt/src/hadoop-ozone/integration-test/target/test-dir/MiniOzoneClusterImpl-3c8ea3b2-7e3c-4d36-a937-428d6977642f/datanode-1/data/ratis/d31abc4c-bf72-4eb4-a701-f5e89a44e031 has been successfully formatted.
2019-06-14 14:56:07,700 INFO  ratis.ContainerStateMachine (ContainerStateMachine.java:loadSnapshot(199)) - The snapshot info is null.Setting the last applied index to:(t:0, i:~)
2019-06-14 14:56:07,700 INFO  server.RaftServerConfigKeys (ConfUtils.java:logGet(43)) - raft.server.leader.election.timeout = 10s (custom)
2019-06-14 14:56:07,700 INFO  server.RaftServerConfigKeys (ConfUtils.java:logGet(43)) - raft.server.log.use.memory = false (default)
2019-06-14 14:56:07,700 INFO  server.RaftServerConfigKeys (ConfUtils.java:logGet(43)) - raft.server.log.appender.buffer.byte-limit = 33554432 (custom)
2019-06-14 14:56:07,700 INFO  server.RaftServerConfigKeys (ConfUtils.java:logGet(43)) - raft.server.log.segment.size.max = 16384 (custom)
2019-06-14 14:56:07,700 INFO  server.RaftServerConfigKeys (ConfUtils.java:logGet(43)) - raft.server.log.segment.cache.num.max = 2 (custom)
2019-06-14 14:56:07,700 INFO  storage.RaftLogWorker (RaftLogWorker.java:<init>(123)) - new adf57f3d-bdcd-4cc4-9954-83aa5cf76cca-RaftLogWorker for Storage Directory /opt/src/hadoop-ozone/integration-test/target/test-dir/MiniOzoneClusterImpl-3c8ea3b2-7e3c-4d36-a937-428d6977642f/datanode-1/data/ratis/d31abc4c-bf72-4eb4-a701-f5e89a44e031
2019-06-14 14:56:07,701 INFO  server.RaftServerConfigKeys (ConfUtils.java:logGet(43)) - raft.server.log.queue.byte-limit = 2147483647 (custom)
2019-06-14 14:56:07,702 INFO  server.RaftServerConfigKeys (ConfUtils.java:logGet(43)) - raft.server.log.queue.element-limit = 1024 (custom)
2019-06-14 14:56:07,702 INFO  server.RaftServerConfigKeys (ConfUtils.java:logGet(43)) - raft.server.log.segment.size.max = 16384 (custom)
2019-06-14 14:56:07,702 INFO  server.RaftServerConfigKeys (ConfUtils.java:logGet(43)) - raft.server.log.preallocated.size = 16384 (custom)
2019-06-14 14:56:07,702 INFO  server.RaftServerConfigKeys (ConfUtils.java:logGet(43)) - raft.server.log.write.buffer.size = 33554432 (custom)
2019-06-14 14:56:07,702 INFO  server.RaftServerConfigKeys (ConfUtils.java:logGet(43)) - raft.server.log.force.sync.num = 128 (default)
2019-06-14 14:56:07,702 INFO  server.RaftServerConfigKeys (ConfUtils.java:logGet(43)) - raft.server.log.statemachine.data.sync = true (default)
2019-06-14 14:56:07,702 INFO  server.RaftServerConfigKeys (ConfUtils.java:logGet(43)) - raft.server.log.statemachine.data.sync.timeout = 10s (default)
2019-06-14 14:56:07,702 INFO  server.RaftServerConfigKeys (ConfUtils.java:logGet(43)) - raft.server.log.statemachine.data.sync.timeout.retry = -1 (default)
2019-06-14 14:56:07,702 INFO  server.RaftServerConfigKeys (ConfUtils.java:logGet(43)) - raft.server.log.statemachine.data.caching.enabled = true (custom)
2019-06-14 14:56:07,703 INFO  server.RaftServerConfigKeys (ConfUtils.java:logGet(43)) - raft.server.snapshot.auto.trigger.enabled = true (custom)
2019-06-14 14:56:07,703 INFO  server.RaftServerConfigKeys (ConfUtils.java:logGet(43)) - raft.server.snapshot.auto.trigger.threshold = 10000 (custom)
2019-06-14 14:56:07,703 INFO  server.RaftServerConfigKeys (ConfUtils.java:logGet(43)) - raft.server.retrycache.expirytime = 600000ms (custom)
2019-06-14 14:56:07,703 INFO  impl.RaftServerImpl (RaftServerImpl.java:start(173)) - adf57f3d-bdcd-4cc4-9954-83aa5cf76cca: start group-F5E89A44E031
2019-06-14 14:56:07,703 INFO  impl.RaftServerImpl (RaftServerImpl.java:setRole(164)) - adf57f3d-bdcd-4cc4-9954-83aa5cf76cca:group-F5E89A44E031 changes role from null to FOLLOWER at term 0 for startAsFollower
2019-06-14 14:56:07,704 INFO  impl.RoleInfo (RoleInfo.java:updateAndGet(143)) - adf57f3d-bdcd-4cc4-9954-83aa5cf76cca: start FollowerState
2019-06-14 14:56:07,707 INFO  util.JmxRegister (JmxRegister.java:tryRegister(44)) - Successfully registered JMX Bean with object name Ratis:service=RaftServer,group=group-F5E89A44E031,id=adf57f3d-bdcd-4cc4-9954-83aa5cf76cca
2019-06-14 14:56:07,717 INFO  pipeline.PipelineStateManager (PipelineStateManager.java:addPipeline(56)) - Created pipeline Pipeline[ Id: d31abc4c-bf72-4eb4-a701-f5e89a44e031, Nodes: adf57f3d-bdcd-4cc4-9954-83aa5cf76cca{ip: 192.168.46.53, host: ozone-exp-cfzxm-2667948697, networkLocation: /default-rack, certSerialId: null}, Type:RATIS, Factor:ONE, State:OPEN]
2019-06-14 14:56:07,733 INFO  impl.RaftServerProxy (RaftServerProxy.java:addNew(89)) - 134b3927-5e26-404a-9043-960ced3cce8c: addNew group-25EB986A69AA:[134b3927-5e26-404a-9043-960ced3cce8c:192.168.46.53:33399] returns group-25EB986A69AA:java.util.concurrent.CompletableFuture@48581143[Not completed]
2019-06-14 14:56:07,740 INFO  node.SCMNodeManager (SCMNodeManager.java:register(234)) - Registered Data node : 4f5fdf15-7d9e-4065-99d5-50c55e1739d0{ip: 192.168.46.53, host: ozone-exp-cfzxm-2667948697, networkLocation: /default-rack, certSerialId: null}
2019-06-14 14:56:07,771 INFO  impl.RaftServerImpl (RaftServerImpl.java:<init>(91)) - 134b3927-5e26-404a-9043-960ced3cce8c: new RaftServerImpl for group-25EB986A69AA:[134b3927-5e26-404a-9043-960ced3cce8c:192.168.46.53:33399] with ContainerStateMachine:uninitialized
2019-06-14 14:56:07,772 INFO  server.RaftServerConfigKeys (ConfUtils.java:logGet(43)) - raft.server.rpc.timeout.min = 1s (custom)
2019-06-14 14:56:07,772 INFO  server.RaftServerConfigKeys (ConfUtils.java:logGet(43)) - raft.server.rpc.timeout.max = 1200ms (custom)
2019-06-14 14:56:07,772 INFO  server.RaftServerConfigKeys (ConfUtils.java:logGet(43)) - raft.server.rpcslowness.timeout = 10s (custom)
2019-06-14 14:56:07,772 INFO  server.RaftServerConfigKeys (ConfUtils.java:logGet(43)) - raft.server.log.appender.install.snapshot.enabled = true (default)
2019-06-14 14:56:07,772 INFO  impl.RaftServerImpl (ServerState.java:<init>(101)) - 134b3927-5e26-404a-9043-960ced3cce8c:group-25EB986A69AA ConfigurationManager, init=-1: [134b3927-5e26-404a-9043-960ced3cce8c:192.168.46.53:33399], old=null, confs=<EMPTY_MAP>
2019-06-14 14:56:07,772 INFO  server.RaftServerConfigKeys (ConfUtils.java:logGet(43)) - raft.server.storage.dir = [/opt/src/hadoop-ozone/integration-test/target/test-dir/MiniOzoneClusterImpl-3c8ea3b2-7e3c-4d36-a937-428d6977642f/datanode-2/data/ratis] (custom)
2019-06-14 14:56:07,772 INFO  storage.RaftStorageDirectory (RaftStorageDirectory.java:analyzeStorage(246)) - The storage directory /opt/src/hadoop-ozone/integration-test/target/test-dir/MiniOzoneClusterImpl-3c8ea3b2-7e3c-4d36-a937-428d6977642f/datanode-2/data/ratis/38f8e390-70fd-4c42-a4ff-25eb986a69aa does not exist. Creating ...
2019-06-14 14:56:07,776 INFO  storage.RaftStorageDirectory (RaftStorageDirectory.java:tryLock(328)) - Lock on /opt/src/hadoop-ozone/integration-test/target/test-dir/MiniOzoneClusterImpl-3c8ea3b2-7e3c-4d36-a937-428d6977642f/datanode-2/data/ratis/38f8e390-70fd-4c42-a4ff-25eb986a69aa/in_use.lock acquired by nodename 9953@ozone-exp-cfzxm-2667948697
2019-06-14 14:56:07,778 INFO  storage.RaftStorage (RaftStorage.java:format(75)) - Storage directory /opt/src/hadoop-ozone/integration-test/target/test-dir/MiniOzoneClusterImpl-3c8ea3b2-7e3c-4d36-a937-428d6977642f/datanode-2/data/ratis/38f8e390-70fd-4c42-a4ff-25eb986a69aa has been successfully formatted.
2019-06-14 14:56:07,779 INFO  ratis.ContainerStateMachine (ContainerStateMachine.java:loadSnapshot(199)) - The snapshot info is null.Setting the last applied index to:(t:0, i:~)
2019-06-14 14:56:07,780 INFO  server.RaftServerConfigKeys (ConfUtils.java:logGet(43)) - raft.server.leader.election.timeout = 10s (custom)
2019-06-14 14:56:07,780 INFO  server.RaftServerConfigKeys (ConfUtils.java:logGet(43)) - raft.server.log.use.memory = false (default)
2019-06-14 14:56:07,780 INFO  server.RaftServerConfigKeys (ConfUtils.java:logGet(43)) - raft.server.log.appender.buffer.byte-limit = 33554432 (custom)
2019-06-14 14:56:07,780 INFO  server.RaftServerConfigKeys (ConfUtils.java:logGet(43)) - raft.server.log.segment.size.max = 16384 (custom)
2019-06-14 14:56:07,781 INFO  server.RaftServerConfigKeys (ConfUtils.java:logGet(43)) - raft.server.log.segment.cache.num.max = 2 (custom)
2019-06-14 14:56:07,781 INFO  storage.RaftLogWorker (RaftLogWorker.java:<init>(123)) - new 134b3927-5e26-404a-9043-960ced3cce8c-RaftLogWorker for Storage Directory /opt/src/hadoop-ozone/integration-test/target/test-dir/MiniOzoneClusterImpl-3c8ea3b2-7e3c-4d36-a937-428d6977642f/datanode-2/data/ratis/38f8e390-70fd-4c42-a4ff-25eb986a69aa
2019-06-14 14:56:07,781 INFO  server.RaftServerConfigKeys (ConfUtils.java:logGet(43)) - raft.server.log.queue.byte-limit = 2147483647 (custom)
2019-06-14 14:56:07,781 INFO  server.RaftServerConfigKeys (ConfUtils.java:logGet(43)) - raft.server.log.queue.element-limit = 1024 (custom)
2019-06-14 14:56:07,781 INFO  server.RaftServerConfigKeys (ConfUtils.java:logGet(43)) - raft.server.log.segment.size.max = 16384 (custom)
2019-06-14 14:56:07,781 INFO  server.RaftServerConfigKeys (ConfUtils.java:logGet(43)) - raft.server.log.preallocated.size = 16384 (custom)
2019-06-14 14:56:07,781 INFO  server.RaftServerConfigKeys (ConfUtils.java:logGet(43)) - raft.server.log.write.buffer.size = 33554432 (custom)
2019-06-14 14:56:07,781 INFO  server.RaftServerConfigKeys (ConfUtils.java:logGet(43)) - raft.server.log.force.sync.num = 128 (default)
2019-06-14 14:56:07,781 INFO  server.RaftServerConfigKeys (ConfUtils.java:logGet(43)) - raft.server.log.statemachine.data.sync = true (default)
2019-06-14 14:56:07,782 INFO  server.RaftServerConfigKeys (ConfUtils.java:logGet(43)) - raft.server.log.statemachine.data.sync.timeout = 10s (default)
2019-06-14 14:56:07,782 INFO  server.RaftServerConfigKeys (ConfUtils.java:logGet(43)) - raft.server.log.statemachine.data.sync.timeout.retry = -1 (default)
2019-06-14 14:56:07,782 INFO  server.RaftServerConfigKeys (ConfUtils.java:logGet(43)) - raft.server.log.statemachine.data.caching.enabled = true (custom)
2019-06-14 14:56:07,782 INFO  server.RaftServerConfigKeys (ConfUtils.java:logGet(43)) - raft.server.snapshot.auto.trigger.enabled = true (custom)
2019-06-14 14:56:07,782 INFO  server.RaftServerConfigKeys (ConfUtils.java:logGet(43)) - raft.server.snapshot.auto.trigger.threshold = 10000 (custom)
2019-06-14 14:56:07,782 INFO  server.RaftServerConfigKeys (ConfUtils.java:logGet(43)) - raft.server.retrycache.expirytime = 600000ms (custom)
2019-06-14 14:56:07,783 INFO  impl.RaftServerImpl (RaftServerImpl.java:start(173)) - 134b3927-5e26-404a-9043-960ced3cce8c: start group-25EB986A69AA
2019-06-14 14:56:07,783 INFO  impl.RaftServerImpl (RaftServerImpl.java:setRole(164)) - 134b3927-5e26-404a-9043-960ced3cce8c:group-25EB986A69AA changes role from null to FOLLOWER at term 0 for startAsFollower
2019-06-14 14:56:07,783 INFO  impl.RoleInfo (RoleInfo.java:updateAndGet(143)) - 134b3927-5e26-404a-9043-960ced3cce8c: start FollowerState
2019-06-14 14:56:07,783 INFO  util.JmxRegister (JmxRegister.java:tryRegister(44)) - Successfully registered JMX Bean with object name Ratis:service=RaftServer,group=group-25EB986A69AA,id=134b3927-5e26-404a-9043-960ced3cce8c
2019-06-14 14:56:07,795 INFO  pipeline.PipelineStateManager (PipelineStateManager.java:addPipeline(56)) - Created pipeline Pipeline[ Id: 38f8e390-70fd-4c42-a4ff-25eb986a69aa, Nodes: 134b3927-5e26-404a-9043-960ced3cce8c{ip: 192.168.46.53, host: ozone-exp-cfzxm-2667948697, networkLocation: /default-rack, certSerialId: null}, Type:RATIS, Factor:ONE, State:OPEN]
2019-06-14 14:56:07,814 INFO  impl.RaftServerProxy (RaftServerProxy.java:addNew(89)) - 4f5fdf15-7d9e-4065-99d5-50c55e1739d0: addNew group-B5C6C5F85E83:[4f5fdf15-7d9e-4065-99d5-50c55e1739d0:192.168.46.53:45505] returns group-B5C6C5F85E83:java.util.concurrent.CompletableFuture@5778a0fc[Not completed]
2019-06-14 14:56:07,818 INFO  impl.RaftServerImpl (RaftServerImpl.java:<init>(91)) - 4f5fdf15-7d9e-4065-99d5-50c55e1739d0: new RaftServerImpl for group-B5C6C5F85E83:[4f5fdf15-7d9e-4065-99d5-50c55e1739d0:192.168.46.53:45505] with ContainerStateMachine:uninitialized
2019-06-14 14:56:07,818 INFO  server.RaftServerConfigKeys (ConfUtils.java:logGet(43)) - raft.server.rpc.timeout.min = 1s (custom)
2019-06-14 14:56:07,818 INFO  server.RaftServerConfigKeys (ConfUtils.java:logGet(43)) - raft.server.rpc.timeout.max = 1200ms (custom)
2019-06-14 14:56:07,819 INFO  server.RaftServerConfigKeys (ConfUtils.java:logGet(43)) - raft.server.rpcslowness.timeout = 10s (custom)
2019-06-14 14:56:07,819 INFO  server.RaftServerConfigKeys (ConfUtils.java:logGet(43)) - raft.server.log.appender.install.snapshot.enabled = true (default)
2019-06-14 14:56:07,819 INFO  impl.RaftServerImpl (ServerState.java:<init>(101)) - 4f5fdf15-7d9e-4065-99d5-50c55e1739d0:group-B5C6C5F85E83 ConfigurationManager, init=-1: [4f5fdf15-7d9e-4065-99d5-50c55e1739d0:192.168.46.53:45505], old=null, confs=<EMPTY_MAP>
2019-06-14 14:56:07,819 INFO  server.RaftServerConfigKeys (ConfUtils.java:logGet(43)) - raft.server.storage.dir = [/opt/src/hadoop-ozone/integration-test/target/test-dir/MiniOzoneClusterImpl-3c8ea3b2-7e3c-4d36-a937-428d6977642f/datanode-3/data/ratis] (custom)
2019-06-14 14:56:07,819 INFO  storage.RaftStorageDirectory (RaftStorageDirectory.java:analyzeStorage(246)) - The storage directory /opt/src/hadoop-ozone/integration-test/target/test-dir/MiniOzoneClusterImpl-3c8ea3b2-7e3c-4d36-a937-428d6977642f/datanode-3/data/ratis/252dadcd-aecd-436e-b49a-b5c6c5f85e83 does not exist. Creating ...
2019-06-14 14:56:07,821 INFO  storage.RaftStorageDirectory (RaftStorageDirectory.java:tryLock(328)) - Lock on /opt/src/hadoop-ozone/integration-test/target/test-dir/MiniOzoneClusterImpl-3c8ea3b2-7e3c-4d36-a937-428d6977642f/datanode-3/data/ratis/252dadcd-aecd-436e-b49a-b5c6c5f85e83/in_use.lock acquired by nodename 9953@ozone-exp-cfzxm-2667948697
2019-06-14 14:56:07,823 INFO  storage.RaftStorage (RaftStorage.java:format(75)) - Storage directory /opt/src/hadoop-ozone/integration-test/target/test-dir/MiniOzoneClusterImpl-3c8ea3b2-7e3c-4d36-a937-428d6977642f/datanode-3/data/ratis/252dadcd-aecd-436e-b49a-b5c6c5f85e83 has been successfully formatted.
2019-06-14 14:56:07,824 INFO  ratis.ContainerStateMachine (ContainerStateMachine.java:loadSnapshot(199)) - The snapshot info is null.Setting the last applied index to:(t:0, i:~)
2019-06-14 14:56:07,824 INFO  server.RaftServerConfigKeys (ConfUtils.java:logGet(43)) - raft.server.leader.election.timeout = 10s (custom)
2019-06-14 14:56:07,824 INFO  server.RaftServerConfigKeys (ConfUtils.java:logGet(43)) - raft.server.log.use.memory = false (default)
2019-06-14 14:56:07,824 INFO  server.RaftServerConfigKeys (ConfUtils.java:logGet(43)) - raft.server.log.appender.buffer.byte-limit = 33554432 (custom)
2019-06-14 14:56:07,824 INFO  server.RaftServerConfigKeys (ConfUtils.java:logGet(43)) - raft.server.log.segment.size.max = 16384 (custom)
2019-06-14 14:56:07,824 INFO  server.RaftServerConfigKeys (ConfUtils.java:logGet(43)) - raft.server.log.segment.cache.num.max = 2 (custom)
2019-06-14 14:56:07,824 INFO  storage.RaftLogWorker (RaftLogWorker.java:<init>(123)) - new 4f5fdf15-7d9e-4065-99d5-50c55e1739d0-RaftLogWorker for Storage Directory /opt/src/hadoop-ozone/integration-test/target/test-dir/MiniOzoneClusterImpl-3c8ea3b2-7e3c-4d36-a937-428d6977642f/datanode-3/data/ratis/252dadcd-aecd-436e-b49a-b5c6c5f85e83
2019-06-14 14:56:07,825 INFO  server.RaftServerConfigKeys (ConfUtils.java:logGet(43)) - raft.server.log.queue.byte-limit = 2147483647 (custom)
2019-06-14 14:56:07,825 INFO  server.RaftServerConfigKeys (ConfUtils.java:logGet(43)) - raft.server.log.queue.element-limit = 1024 (custom)
2019-06-14 14:56:07,825 INFO  server.RaftServerConfigKeys (ConfUtils.java:logGet(43)) - raft.server.log.segment.size.max = 16384 (custom)
2019-06-14 14:56:07,825 INFO  server.RaftServerConfigKeys (ConfUtils.java:logGet(43)) - raft.server.log.preallocated.size = 16384 (custom)
2019-06-14 14:56:07,825 INFO  server.RaftServerConfigKeys (ConfUtils.java:logGet(43)) - raft.server.log.write.buffer.size = 33554432 (custom)
2019-06-14 14:56:07,825 INFO  server.RaftServerConfigKeys (ConfUtils.java:logGet(43)) - raft.server.log.force.sync.num = 128 (default)
2019-06-14 14:56:07,825 INFO  server.RaftServerConfigKeys (ConfUtils.java:logGet(43)) - raft.server.log.statemachine.data.sync = true (default)
2019-06-14 14:56:07,825 INFO  server.RaftServerConfigKeys (ConfUtils.java:logGet(43)) - raft.server.log.statemachine.data.sync.timeout = 10s (default)
2019-06-14 14:56:07,826 INFO  server.RaftServerConfigKeys (ConfUtils.java:logGet(43)) - raft.server.log.statemachine.data.sync.timeout.retry = -1 (default)
2019-06-14 14:56:07,826 INFO  server.RaftServerConfigKeys (ConfUtils.java:logGet(43)) - raft.server.log.statemachine.data.caching.enabled = true (custom)
2019-06-14 14:56:07,826 INFO  server.RaftServerConfigKeys (ConfUtils.java:logGet(43)) - raft.server.snapshot.auto.trigger.enabled = true (custom)
2019-06-14 14:56:07,826 INFO  server.RaftServerConfigKeys (ConfUtils.java:logGet(43)) - raft.server.snapshot.auto.trigger.threshold = 10000 (custom)
2019-06-14 14:56:07,826 INFO  server.RaftServerConfigKeys (ConfUtils.java:logGet(43)) - raft.server.retrycache.expirytime = 600000ms (custom)
2019-06-14 14:56:07,827 INFO  impl.RaftServerImpl (RaftServerImpl.java:start(173)) - 4f5fdf15-7d9e-4065-99d5-50c55e1739d0: start group-B5C6C5F85E83
2019-06-14 14:56:07,827 INFO  impl.RaftServerImpl (RaftServerImpl.java:setRole(164)) - 4f5fdf15-7d9e-4065-99d5-50c55e1739d0:group-B5C6C5F85E83 changes role from null to FOLLOWER at term 0 for startAsFollower
2019-06-14 14:56:07,827 INFO  impl.RoleInfo (RoleInfo.java:updateAndGet(143)) - 4f5fdf15-7d9e-4065-99d5-50c55e1739d0: start FollowerState
2019-06-14 14:56:07,827 INFO  util.JmxRegister (JmxRegister.java:tryRegister(44)) - Successfully registered JMX Bean with object name Ratis:service=RaftServer,group=group-B5C6C5F85E83,id=4f5fdf15-7d9e-4065-99d5-50c55e1739d0
2019-06-14 14:56:07,846 INFO  pipeline.PipelineStateManager (PipelineStateManager.java:addPipeline(56)) - Created pipeline Pipeline[ Id: 252dadcd-aecd-436e-b49a-b5c6c5f85e83, Nodes: 4f5fdf15-7d9e-4065-99d5-50c55e1739d0{ip: 192.168.46.53, host: ozone-exp-cfzxm-2667948697, networkLocation: /default-rack, certSerialId: null}, Type:RATIS, Factor:ONE, State:OPEN]
2019-06-14 14:56:07,892 INFO  impl.RaftServerProxy (RaftServerProxy.java:addNew(89)) - 92e66d6f-4436-43d4-808c-c8ff1186b7ac: addNew group-D3E0A349AF12:[adf57f3d-bdcd-4cc4-9954-83aa5cf76cca:192.168.46.53:34557, 4f5fdf15-7d9e-4065-99d5-50c55e1739d0:192.168.46.53:45505, 92e66d6f-4436-43d4-808c-c8ff1186b7ac:192.168.46.53:40055] returns group-D3E0A349AF12:java.util.concurrent.CompletableFuture@6629c0f8[Not completed]
2019-06-14 14:56:07,892 INFO  impl.RaftServerImpl (RaftServerImpl.java:<init>(91)) - 92e66d6f-4436-43d4-808c-c8ff1186b7ac: new RaftServerImpl for group-D3E0A349AF12:[adf57f3d-bdcd-4cc4-9954-83aa5cf76cca:192.168.46.53:34557, 4f5fdf15-7d9e-4065-99d5-50c55e1739d0:192.168.46.53:45505, 92e66d6f-4436-43d4-808c-c8ff1186b7ac:192.168.46.53:40055] with ContainerStateMachine:uninitialized
2019-06-14 14:56:07,893 INFO  server.RaftServerConfigKeys (ConfUtils.java:logGet(43)) - raft.server.rpc.timeout.min = 1s (custom)
2019-06-14 14:56:07,893 INFO  server.RaftServerConfigKeys (ConfUtils.java:logGet(43)) - raft.server.rpc.timeout.max = 1200ms (custom)
2019-06-14 14:56:07,893 INFO  server.RaftServerConfigKeys (ConfUtils.java:logGet(43)) - raft.server.rpcslowness.timeout = 10s (custom)
2019-06-14 14:56:07,893 INFO  server.RaftServerConfigKeys (ConfUtils.java:logGet(43)) - raft.server.log.appender.install.snapshot.enabled = true (default)
2019-06-14 14:56:07,893 INFO  impl.RaftServerImpl (ServerState.java:<init>(101)) - 92e66d6f-4436-43d4-808c-c8ff1186b7ac:group-D3E0A349AF12 ConfigurationManager, init=-1: [adf57f3d-bdcd-4cc4-9954-83aa5cf76cca:192.168.46.53:34557, 4f5fdf15-7d9e-4065-99d5-50c55e1739d0:192.168.46.53:45505, 92e66d6f-4436-43d4-808c-c8ff1186b7ac:192.168.46.53:40055], old=null, confs=<EMPTY_MAP>
2019-06-14 14:56:07,893 INFO  server.RaftServerConfigKeys (ConfUtils.java:logGet(43)) - raft.server.storage.dir = [/opt/src/hadoop-ozone/integration-test/target/test-dir/MiniOzoneClusterImpl-3c8ea3b2-7e3c-4d36-a937-428d6977642f/datanode-0/data/ratis] (custom)
2019-06-14 14:56:07,893 INFO  storage.RaftStorageDirectory (RaftStorageDirectory.java:analyzeStorage(246)) - The storage directory /opt/src/hadoop-ozone/integration-test/target/test-dir/MiniOzoneClusterImpl-3c8ea3b2-7e3c-4d36-a937-428d6977642f/datanode-0/data/ratis/16694b91-cfa7-40ab-adc3-d3e0a349af12 does not exist. Creating ...
2019-06-14 14:56:07,898 INFO  storage.RaftStorageDirectory (RaftStorageDirectory.java:tryLock(328)) - Lock on /opt/src/hadoop-ozone/integration-test/target/test-dir/MiniOzoneClusterImpl-3c8ea3b2-7e3c-4d36-a937-428d6977642f/datanode-0/data/ratis/16694b91-cfa7-40ab-adc3-d3e0a349af12/in_use.lock acquired by nodename 9953@ozone-exp-cfzxm-2667948697
2019-06-14 14:56:07,901 INFO  storage.RaftStorage (RaftStorage.java:format(75)) - Storage directory /opt/src/hadoop-ozone/integration-test/target/test-dir/MiniOzoneClusterImpl-3c8ea3b2-7e3c-4d36-a937-428d6977642f/datanode-0/data/ratis/16694b91-cfa7-40ab-adc3-d3e0a349af12 has been successfully formatted.
2019-06-14 14:56:07,901 INFO  ratis.ContainerStateMachine (ContainerStateMachine.java:loadSnapshot(199)) - The snapshot info is null.Setting the last applied index to:(t:0, i:~)
2019-06-14 14:56:07,901 INFO  server.RaftServerConfigKeys (ConfUtils.java:logGet(43)) - raft.server.leader.election.timeout = 10s (custom)
2019-06-14 14:56:07,901 INFO  server.RaftServerConfigKeys (ConfUtils.java:logGet(43)) - raft.server.log.use.memory = false (default)
2019-06-14 14:56:07,902 INFO  server.RaftServerConfigKeys (ConfUtils.java:logGet(43)) - raft.server.log.appender.buffer.byte-limit = 33554432 (custom)
2019-06-14 14:56:07,902 INFO  server.RaftServerConfigKeys (ConfUtils.java:logGet(43)) - raft.server.log.segment.size.max = 16384 (custom)
2019-06-14 14:56:07,902 INFO  server.RaftServerConfigKeys (ConfUtils.java:logGet(43)) - raft.server.log.segment.cache.num.max = 2 (custom)
2019-06-14 14:56:07,902 INFO  storage.RaftLogWorker (RaftLogWorker.java:<init>(123)) - new 92e66d6f-4436-43d4-808c-c8ff1186b7ac-RaftLogWorker for Storage Directory /opt/src/hadoop-ozone/integration-test/target/test-dir/MiniOzoneClusterImpl-3c8ea3b2-7e3c-4d36-a937-428d6977642f/datanode-0/data/ratis/16694b91-cfa7-40ab-adc3-d3e0a349af12
2019-06-14 14:56:07,902 INFO  server.RaftServerConfigKeys (ConfUtils.java:logGet(43)) - raft.server.log.queue.byte-limit = 2147483647 (custom)
2019-06-14 14:56:07,902 INFO  server.RaftServerConfigKeys (ConfUtils.java:logGet(43)) - raft.server.log.queue.element-limit = 1024 (custom)
2019-06-14 14:56:07,902 INFO  server.RaftServerConfigKeys (ConfUtils.java:logGet(43)) - raft.server.log.segment.size.max = 16384 (custom)
2019-06-14 14:56:07,902 INFO  server.RaftServerConfigKeys (ConfUtils.java:logGet(43)) - raft.server.log.preallocated.size = 16384 (custom)
2019-06-14 14:56:07,902 INFO  server.RaftServerConfigKeys (ConfUtils.java:logGet(43)) - raft.server.log.write.buffer.size = 33554432 (custom)
2019-06-14 14:56:07,902 INFO  server.RaftServerConfigKeys (ConfUtils.java:logGet(43)) - raft.server.log.force.sync.num = 128 (default)
2019-06-14 14:56:07,903 INFO  server.RaftServerConfigKeys (ConfUtils.java:logGet(43)) - raft.server.log.statemachine.data.sync = true (default)
2019-06-14 14:56:07,903 INFO  server.RaftServerConfigKeys (ConfUtils.java:logGet(43)) - raft.server.log.statemachine.data.sync.timeout = 10s (default)
2019-06-14 14:56:07,903 INFO  server.RaftServerConfigKeys (ConfUtils.java:logGet(43)) - raft.server.log.statemachine.data.sync.timeout.retry = -1 (default)
2019-06-14 14:56:07,906 INFO  server.RaftServerConfigKeys (ConfUtils.java:logGet(43)) - raft.server.log.statemachine.data.caching.enabled = true (custom)
2019-06-14 14:56:07,914 INFO  server.RaftServerConfigKeys (ConfUtils.java:logGet(43)) - raft.server.snapshot.auto.trigger.enabled = true (custom)
2019-06-14 14:56:07,915 INFO  server.RaftServerConfigKeys (ConfUtils.java:logGet(43)) - raft.server.snapshot.auto.trigger.threshold = 10000 (custom)
2019-06-14 14:56:07,915 INFO  impl.RaftServerProxy (RaftServerProxy.java:addNew(89)) - adf57f3d-bdcd-4cc4-9954-83aa5cf76cca: addNew group-D3E0A349AF12:[adf57f3d-bdcd-4cc4-9954-83aa5cf76cca:192.168.46.53:34557, 4f5fdf15-7d9e-4065-99d5-50c55e1739d0:192.168.46.53:45505, 92e66d6f-4436-43d4-808c-c8ff1186b7ac:192.168.46.53:40055] returns group-D3E0A349AF12:java.util.concurrent.CompletableFuture@2a4d5dcd[Not completed]
2019-06-14 14:56:07,915 INFO  server.RaftServerConfigKeys (ConfUtils.java:logGet(43)) - raft.server.retrycache.expirytime = 600000ms (custom)
2019-06-14 14:56:07,915 INFO  impl.RaftServerImpl (RaftServerImpl.java:start(173)) - 92e66d6f-4436-43d4-808c-c8ff1186b7ac: start group-D3E0A349AF12
2019-06-14 14:56:07,915 INFO  impl.RaftServerImpl (RaftServerImpl.java:<init>(91)) - adf57f3d-bdcd-4cc4-9954-83aa5cf76cca: new RaftServerImpl for group-D3E0A349AF12:[adf57f3d-bdcd-4cc4-9954-83aa5cf76cca:192.168.46.53:34557, 4f5fdf15-7d9e-4065-99d5-50c55e1739d0:192.168.46.53:45505, 92e66d6f-4436-43d4-808c-c8ff1186b7ac:192.168.46.53:40055] with ContainerStateMachine:uninitialized
2019-06-14 14:56:07,915 INFO  impl.RaftServerImpl (RaftServerImpl.java:setRole(164)) - 92e66d6f-4436-43d4-808c-c8ff1186b7ac:group-D3E0A349AF12 changes role from null to FOLLOWER at term 0 for startAsFollower
2019-06-14 14:56:07,916 INFO  impl.RaftServerImpl (RaftServerImpl.java:<init>(91)) - 4f5fdf15-7d9e-4065-99d5-50c55e1739d0: new RaftServerImpl for group-D3E0A349AF12:[adf57f3d-bdcd-4cc4-9954-83aa5cf76cca:192.168.46.53:34557, 4f5fdf15-7d9e-4065-99d5-50c55e1739d0:192.168.46.53:45505, 92e66d6f-4436-43d4-808c-c8ff1186b7ac:192.168.46.53:40055] with ContainerStateMachine:uninitialized
2019-06-14 14:56:07,916 INFO  server.RaftServerConfigKeys (ConfUtils.java:logGet(43)) - raft.server.rpc.timeout.min = 1s (custom)
2019-06-14 14:56:07,916 INFO  server.RaftServerConfigKeys (ConfUtils.java:logGet(43)) - raft.server.rpc.timeout.max = 1200ms (custom)
2019-06-14 14:56:07,916 INFO  server.RaftServerConfigKeys (ConfUtils.java:logGet(43)) - raft.server.rpcslowness.timeout = 10s (custom)
2019-06-14 14:56:07,915 INFO  impl.RaftServerProxy (RaftServerProxy.java:addNew(89)) - 4f5fdf15-7d9e-4065-99d5-50c55e1739d0: addNew group-D3E0A349AF12:[adf57f3d-bdcd-4cc4-9954-83aa5cf76cca:192.168.46.53:34557, 4f5fdf15-7d9e-4065-99d5-50c55e1739d0:192.168.46.53:45505, 92e66d6f-4436-43d4-808c-c8ff1186b7ac:192.168.46.53:40055] returns group-D3E0A349AF12:java.util.concurrent.CompletableFuture@3b64ed8d[Not completed]
2019-06-14 14:56:07,917 INFO  server.RaftServerConfigKeys (ConfUtils.java:logGet(43)) - raft.server.log.appender.install.snapshot.enabled = true (default)
2019-06-14 14:56:07,917 INFO  impl.RaftServerImpl (ServerState.java:<init>(101)) - 4f5fdf15-7d9e-4065-99d5-50c55e1739d0:group-D3E0A349AF12 ConfigurationManager, init=-1: [adf57f3d-bdcd-4cc4-9954-83aa5cf76cca:192.168.46.53:34557, 4f5fdf15-7d9e-4065-99d5-50c55e1739d0:192.168.46.53:45505, 92e66d6f-4436-43d4-808c-c8ff1186b7ac:192.168.46.53:40055], old=null, confs=<EMPTY_MAP>
2019-06-14 14:56:07,917 INFO  server.RaftServerConfigKeys (ConfUtils.java:logGet(43)) - raft.server.storage.dir = [/opt/src/hadoop-ozone/integration-test/target/test-dir/MiniOzoneClusterImpl-3c8ea3b2-7e3c-4d36-a937-428d6977642f/datanode-3/data/ratis] (custom)
2019-06-14 14:56:07,918 INFO  storage.RaftStorageDirectory (RaftStorageDirectory.java:analyzeStorage(246)) - The storage directory /opt/src/hadoop-ozone/integration-test/target/test-dir/MiniOzoneClusterImpl-3c8ea3b2-7e3c-4d36-a937-428d6977642f/datanode-3/data/ratis/16694b91-cfa7-40ab-adc3-d3e0a349af12 does not exist. Creating ...
2019-06-14 14:56:07,916 INFO  impl.RoleInfo (RoleInfo.java:updateAndGet(143)) - 92e66d6f-4436-43d4-808c-c8ff1186b7ac: start FollowerState
2019-06-14 14:56:07,915 INFO  server.RaftServerConfigKeys (ConfUtils.java:logGet(43)) - raft.server.rpc.timeout.min = 1s (custom)
2019-06-14 14:56:07,918 INFO  server.RaftServerConfigKeys (ConfUtils.java:logGet(43)) - raft.server.rpc.timeout.max = 1200ms (custom)
2019-06-14 14:56:07,918 INFO  util.JmxRegister (JmxRegister.java:tryRegister(44)) - Successfully registered JMX Bean with object name Ratis:service=RaftServer,group=group-D3E0A349AF12,id=92e66d6f-4436-43d4-808c-c8ff1186b7ac
2019-06-14 14:56:07,918 INFO  server.RaftServerConfigKeys (ConfUtils.java:logGet(43)) - raft.server.rpcslowness.timeout = 10s (custom)
2019-06-14 14:56:07,918 INFO  server.RaftServerConfigKeys (ConfUtils.java:logGet(43)) - raft.server.log.appender.install.snapshot.enabled = true (default)
2019-06-14 14:56:07,919 INFO  impl.RaftServerImpl (ServerState.java:<init>(101)) - adf57f3d-bdcd-4cc4-9954-83aa5cf76cca:group-D3E0A349AF12 ConfigurationManager, init=-1: [adf57f3d-bdcd-4cc4-9954-83aa5cf76cca:192.168.46.53:34557, 4f5fdf15-7d9e-4065-99d5-50c55e1739d0:192.168.46.53:45505, 92e66d6f-4436-43d4-808c-c8ff1186b7ac:192.168.46.53:40055], old=null, confs=<EMPTY_MAP>
2019-06-14 14:56:07,919 INFO  server.RaftServerConfigKeys (ConfUtils.java:logGet(43)) - raft.server.storage.dir = [/opt/src/hadoop-ozone/integration-test/target/test-dir/MiniOzoneClusterImpl-3c8ea3b2-7e3c-4d36-a937-428d6977642f/datanode-1/data/ratis] (custom)
2019-06-14 14:56:07,919 INFO  storage.RaftStorageDirectory (RaftStorageDirectory.java:analyzeStorage(246)) - The storage directory /opt/src/hadoop-ozone/integration-test/target/test-dir/MiniOzoneClusterImpl-3c8ea3b2-7e3c-4d36-a937-428d6977642f/datanode-1/data/ratis/16694b91-cfa7-40ab-adc3-d3e0a349af12 does not exist. Creating ...
2019-06-14 14:56:07,920 INFO  storage.RaftStorageDirectory (RaftStorageDirectory.java:tryLock(328)) - Lock on /opt/src/hadoop-ozone/integration-test/target/test-dir/MiniOzoneClusterImpl-3c8ea3b2-7e3c-4d36-a937-428d6977642f/datanode-3/data/ratis/16694b91-cfa7-40ab-adc3-d3e0a349af12/in_use.lock acquired by nodename 9953@ozone-exp-cfzxm-2667948697
2019-06-14 14:56:07,921 INFO  storage.RaftStorageDirectory (RaftStorageDirectory.java:tryLock(328)) - Lock on /opt/src/hadoop-ozone/integration-test/target/test-dir/MiniOzoneClusterImpl-3c8ea3b2-7e3c-4d36-a937-428d6977642f/datanode-1/data/ratis/16694b91-cfa7-40ab-adc3-d3e0a349af12/in_use.lock acquired by nodename 9953@ozone-exp-cfzxm-2667948697
2019-06-14 14:56:07,923 INFO  storage.RaftStorage (RaftStorage.java:format(75)) - Storage directory /opt/src/hadoop-ozone/integration-test/target/test-dir/MiniOzoneClusterImpl-3c8ea3b2-7e3c-4d36-a937-428d6977642f/datanode-3/data/ratis/16694b91-cfa7-40ab-adc3-d3e0a349af12 has been successfully formatted.
2019-06-14 14:56:07,923 INFO  ratis.ContainerStateMachine (ContainerStateMachine.java:loadSnapshot(199)) - The snapshot info is null.Setting the last applied index to:(t:0, i:~)
2019-06-14 14:56:07,923 INFO  server.RaftServerConfigKeys (ConfUtils.java:logGet(43)) - raft.server.leader.election.timeout = 10s (custom)
2019-06-14 14:56:07,923 INFO  server.RaftServerConfigKeys (ConfUtils.java:logGet(43)) - raft.server.log.use.memory = false (default)
2019-06-14 14:56:07,923 INFO  server.RaftServerConfigKeys (ConfUtils.java:logGet(43)) - raft.server.log.appender.buffer.byte-limit = 33554432 (custom)
2019-06-14 14:56:07,923 INFO  server.RaftServerConfigKeys (ConfUtils.java:logGet(43)) - raft.server.log.segment.size.max = 16384 (custom)
2019-06-14 14:56:07,923 INFO  server.RaftServerConfigKeys (ConfUtils.java:logGet(43)) - raft.server.log.segment.cache.num.max = 2 (custom)
2019-06-14 14:56:07,923 INFO  storage.RaftLogWorker (RaftLogWorker.java:<init>(123)) - new 4f5fdf15-7d9e-4065-99d5-50c55e1739d0-RaftLogWorker for Storage Directory /opt/src/hadoop-ozone/integration-test/target/test-dir/MiniOzoneClusterImpl-3c8ea3b2-7e3c-4d36-a937-428d6977642f/datanode-3/data/ratis/16694b91-cfa7-40ab-adc3-d3e0a349af12
2019-06-14 14:56:07,923 INFO  server.RaftServerConfigKeys (ConfUtils.java:logGet(43)) - raft.server.log.queue.byte-limit = 2147483647 (custom)
2019-06-14 14:56:07,924 INFO  server.RaftServerConfigKeys (ConfUtils.java:logGet(43)) - raft.server.log.queue.element-limit = 1024 (custom)
2019-06-14 14:56:07,924 INFO  server.RaftServerConfigKeys (ConfUtils.java:logGet(43)) - raft.server.log.segment.size.max = 16384 (custom)
2019-06-14 14:56:07,924 INFO  server.RaftServerConfigKeys (ConfUtils.java:logGet(43)) - raft.server.log.preallocated.size = 16384 (custom)
2019-06-14 14:56:07,924 INFO  server.RaftServerConfigKeys (ConfUtils.java:logGet(43)) - raft.server.log.write.buffer.size = 33554432 (custom)
2019-06-14 14:56:07,924 INFO  storage.RaftStorage (RaftStorage.java:format(75)) - Storage directory /opt/src/hadoop-ozone/integration-test/target/test-dir/MiniOzoneClusterImpl-3c8ea3b2-7e3c-4d36-a937-428d6977642f/datanode-1/data/ratis/16694b91-cfa7-40ab-adc3-d3e0a349af12 has been successfully formatted.
2019-06-14 14:56:07,924 INFO  server.RaftServerConfigKeys (ConfUtils.java:logGet(43)) - raft.server.log.force.sync.num = 128 (default)
2019-06-14 14:56:07,924 INFO  ratis.ContainerStateMachine (ContainerStateMachine.java:loadSnapshot(199)) - The snapshot info is null.Setting the last applied index to:(t:0, i:~)
2019-06-14 14:56:07,924 INFO  server.RaftServerConfigKeys (ConfUtils.java:logGet(43)) - raft.server.log.statemachine.data.sync = true (default)
2019-06-14 14:56:07,924 INFO  server.RaftServerConfigKeys (ConfUtils.java:logGet(43)) - raft.server.leader.election.timeout = 10s (custom)
2019-06-14 14:56:07,925 INFO  server.RaftServerConfigKeys (ConfUtils.java:logGet(43)) - raft.server.log.statemachine.data.sync.timeout = 10s (default)
2019-06-14 14:56:07,925 INFO  server.RaftServerConfigKeys (ConfUtils.java:logGet(43)) - raft.server.log.use.memory = false (default)
2019-06-14 14:56:07,925 INFO  server.RaftServerConfigKeys (ConfUtils.java:logGet(43)) - raft.server.log.appender.buffer.byte-limit = 33554432 (custom)
2019-06-14 14:56:07,925 INFO  server.RaftServerConfigKeys (ConfUtils.java:logGet(43)) - raft.server.log.segment.size.max = 16384 (custom)
2019-06-14 14:56:07,925 INFO  server.RaftServerConfigKeys (ConfUtils.java:logGet(43)) - raft.server.log.segment.cache.num.max = 2 (custom)
2019-06-14 14:56:07,925 INFO  storage.RaftLogWorker (RaftLogWorker.java:<init>(123)) - new adf57f3d-bdcd-4cc4-9954-83aa5cf76cca-RaftLogWorker for Storage Directory /opt/src/hadoop-ozone/integration-test/target/test-dir/MiniOzoneClusterImpl-3c8ea3b2-7e3c-4d36-a937-428d6977642f/datanode-1/data/ratis/16694b91-cfa7-40ab-adc3-d3e0a349af12
2019-06-14 14:56:07,925 INFO  server.RaftServerConfigKeys (ConfUtils.java:logGet(43)) - raft.server.log.queue.byte-limit = 2147483647 (custom)
2019-06-14 14:56:07,926 INFO  server.RaftServerConfigKeys (ConfUtils.java:logGet(43)) - raft.server.log.queue.element-limit = 1024 (custom)
2019-06-14 14:56:07,926 INFO  server.RaftServerConfigKeys (ConfUtils.java:logGet(43)) - raft.server.log.segment.size.max = 16384 (custom)
2019-06-14 14:56:07,926 INFO  server.RaftServerConfigKeys (ConfUtils.java:logGet(43)) - raft.server.log.preallocated.size = 16384 (custom)
2019-06-14 14:56:07,926 INFO  server.RaftServerConfigKeys (ConfUtils.java:logGet(43)) - raft.server.log.write.buffer.size = 33554432 (custom)
2019-06-14 14:56:07,926 INFO  server.RaftServerConfigKeys (ConfUtils.java:logGet(43)) - raft.server.log.force.sync.num = 128 (default)
2019-06-14 14:56:07,926 INFO  server.RaftServerConfigKeys (ConfUtils.java:logGet(43)) - raft.server.log.statemachine.data.sync = true (default)
2019-06-14 14:56:07,926 INFO  server.RaftServerConfigKeys (ConfUtils.java:logGet(43)) - raft.server.log.statemachine.data.sync.timeout = 10s (default)
2019-06-14 14:56:07,926 INFO  server.RaftServerConfigKeys (ConfUtils.java:logGet(43)) - raft.server.log.statemachine.data.sync.timeout.retry = -1 (default)
2019-06-14 14:56:07,925 INFO  server.RaftServerConfigKeys (ConfUtils.java:logGet(43)) - raft.server.log.statemachine.data.sync.timeout.retry = -1 (default)
2019-06-14 14:56:07,929 INFO  server.RaftServerConfigKeys (ConfUtils.java:logGet(43)) - raft.server.log.statemachine.data.caching.enabled = true (custom)
2019-06-14 14:56:07,930 INFO  server.RaftServerConfigKeys (ConfUtils.java:logGet(43)) - raft.server.snapshot.auto.trigger.enabled = true (custom)
2019-06-14 14:56:07,930 INFO  server.RaftServerConfigKeys (ConfUtils.java:logGet(43)) - raft.server.snapshot.auto.trigger.threshold = 10000 (custom)
2019-06-14 14:56:07,930 INFO  server.RaftServerConfigKeys (ConfUtils.java:logGet(43)) - raft.server.retrycache.expirytime = 600000ms (custom)
2019-06-14 14:56:07,930 INFO  impl.RaftServerImpl (RaftServerImpl.java:start(173)) - 4f5fdf15-7d9e-4065-99d5-50c55e1739d0: start group-D3E0A349AF12
2019-06-14 14:56:07,930 INFO  impl.RaftServerImpl (RaftServerImpl.java:setRole(164)) - 4f5fdf15-7d9e-4065-99d5-50c55e1739d0:group-D3E0A349AF12 changes role from null to FOLLOWER at term 0 for startAsFollower
2019-06-14 14:56:07,930 INFO  impl.RoleInfo (RoleInfo.java:updateAndGet(143)) - 4f5fdf15-7d9e-4065-99d5-50c55e1739d0: start FollowerState
2019-06-14 14:56:07,931 INFO  server.RaftServerConfigKeys (ConfUtils.java:logGet(43)) - raft.server.log.statemachine.data.caching.enabled = true (custom)
2019-06-14 14:56:07,931 INFO  util.JmxRegister (JmxRegister.java:tryRegister(44)) - Successfully registered JMX Bean with object name Ratis:service=RaftServer,group=group-D3E0A349AF12,id=4f5fdf15-7d9e-4065-99d5-50c55e1739d0
2019-06-14 14:56:07,931 INFO  server.RaftServerConfigKeys (ConfUtils.java:logGet(43)) - raft.server.snapshot.auto.trigger.enabled = true (custom)
2019-06-14 14:56:07,931 INFO  server.RaftServerConfigKeys (ConfUtils.java:logGet(43)) - raft.server.snapshot.auto.trigger.threshold = 10000 (custom)
2019-06-14 14:56:07,936 INFO  server.RaftServerConfigKeys (ConfUtils.java:logGet(43)) - raft.server.retrycache.expirytime = 600000ms (custom)
2019-06-14 14:56:07,936 INFO  impl.RaftServerImpl (RaftServerImpl.java:start(173)) - adf57f3d-bdcd-4cc4-9954-83aa5cf76cca: start group-D3E0A349AF12
2019-06-14 14:56:07,936 INFO  impl.RaftServerImpl (RaftServerImpl.java:setRole(164)) - adf57f3d-bdcd-4cc4-9954-83aa5cf76cca:group-D3E0A349AF12 changes role from null to FOLLOWER at term 0 for startAsFollower
2019-06-14 14:56:07,936 INFO  impl.RoleInfo (RoleInfo.java:updateAndGet(143)) - adf57f3d-bdcd-4cc4-9954-83aa5cf76cca: start FollowerState
2019-06-14 14:56:07,937 INFO  util.JmxRegister (JmxRegister.java:tryRegister(44)) - Successfully registered JMX Bean with object name Ratis:service=RaftServer,group=group-D3E0A349AF12,id=adf57f3d-bdcd-4cc4-9954-83aa5cf76cca
2019-06-14 14:56:07,956 INFO  pipeline.PipelineStateManager (PipelineStateManager.java:addPipeline(56)) - Created pipeline Pipeline[ Id: 16694b91-cfa7-40ab-adc3-d3e0a349af12, Nodes: 92e66d6f-4436-43d4-808c-c8ff1186b7ac{ip: 192.168.46.53, host: ozone-exp-cfzxm-2667948697, networkLocation: /default-rack, certSerialId: null}adf57f3d-bdcd-4cc4-9954-83aa5cf76cca{ip: 192.168.46.53, host: ozone-exp-cfzxm-2667948697, networkLocation: /default-rack, certSerialId: null}4f5fdf15-7d9e-4065-99d5-50c55e1739d0{ip: 192.168.46.53, host: ozone-exp-cfzxm-2667948697, networkLocation: /default-rack, certSerialId: null}, Type:RATIS, Factor:THREE, State:OPEN]
2019-06-14 14:56:08,061 INFO  node.SCMNodeManager (SCMNodeManager.java:register(234)) - Registered Data node : 98317d6c-a41e-4e95-ac16-913d88933335{ip: 192.168.46.53, host: ozone-exp-cfzxm-2667948697, networkLocation: /default-rack, certSerialId: null}
2019-06-14 14:56:08,074 INFO  impl.RaftServerProxy (RaftServerProxy.java:addNew(89)) - 98317d6c-a41e-4e95-ac16-913d88933335: addNew group-945AE84C1DE3:[98317d6c-a41e-4e95-ac16-913d88933335:192.168.46.53:42375] returns group-945AE84C1DE3:java.util.concurrent.CompletableFuture@749e0eaa[Not completed]
2019-06-14 14:56:08,076 INFO  impl.RaftServerImpl (RaftServerImpl.java:<init>(91)) - 98317d6c-a41e-4e95-ac16-913d88933335: new RaftServerImpl for group-945AE84C1DE3:[98317d6c-a41e-4e95-ac16-913d88933335:192.168.46.53:42375] with ContainerStateMachine:uninitialized
2019-06-14 14:56:08,076 INFO  server.RaftServerConfigKeys (ConfUtils.java:logGet(43)) - raft.server.rpc.timeout.min = 1s (custom)
2019-06-14 14:56:08,076 INFO  server.RaftServerConfigKeys (ConfUtils.java:logGet(43)) - raft.server.rpc.timeout.max = 1200ms (custom)
2019-06-14 14:56:08,076 INFO  server.RaftServerConfigKeys (ConfUtils.java:logGet(43)) - raft.server.rpcslowness.timeout = 10s (custom)
2019-06-14 14:56:08,076 INFO  server.RaftServerConfigKeys (ConfUtils.java:logGet(43)) - raft.server.log.appender.install.snapshot.enabled = true (default)
2019-06-14 14:56:08,076 INFO  impl.RaftServerImpl (ServerState.java:<init>(101)) - 98317d6c-a41e-4e95-ac16-913d88933335:group-945AE84C1DE3 ConfigurationManager, init=-1: [98317d6c-a41e-4e95-ac16-913d88933335:192.168.46.53:42375], old=null, confs=<EMPTY_MAP>
2019-06-14 14:56:08,077 INFO  server.RaftServerConfigKeys (ConfUtils.java:logGet(43)) - raft.server.storage.dir = [/opt/src/hadoop-ozone/integration-test/target/test-dir/MiniOzoneClusterImpl-3c8ea3b2-7e3c-4d36-a937-428d6977642f/datanode-4/data/ratis] (custom)
2019-06-14 14:56:08,077 INFO  storage.RaftStorageDirectory (RaftStorageDirectory.java:analyzeStorage(246)) - The storage directory /opt/src/hadoop-ozone/integration-test/target/test-dir/MiniOzoneClusterImpl-3c8ea3b2-7e3c-4d36-a937-428d6977642f/datanode-4/data/ratis/b0125f60-66f6-452e-87c2-945ae84c1de3 does not exist. Creating ...
2019-06-14 14:56:08,079 INFO  storage.RaftStorageDirectory (RaftStorageDirectory.java:tryLock(328)) - Lock on /opt/src/hadoop-ozone/integration-test/target/test-dir/MiniOzoneClusterImpl-3c8ea3b2-7e3c-4d36-a937-428d6977642f/datanode-4/data/ratis/b0125f60-66f6-452e-87c2-945ae84c1de3/in_use.lock acquired by nodename 9953@ozone-exp-cfzxm-2667948697
2019-06-14 14:56:08,082 INFO  storage.RaftStorage (RaftStorage.java:format(75)) - Storage directory /opt/src/hadoop-ozone/integration-test/target/test-dir/MiniOzoneClusterImpl-3c8ea3b2-7e3c-4d36-a937-428d6977642f/datanode-4/data/ratis/b0125f60-66f6-452e-87c2-945ae84c1de3 has been successfully formatted.
2019-06-14 14:56:08,082 INFO  ratis.ContainerStateMachine (ContainerStateMachine.java:loadSnapshot(199)) - The snapshot info is null.Setting the last applied index to:(t:0, i:~)
2019-06-14 14:56:08,082 INFO  server.RaftServerConfigKeys (ConfUtils.java:logGet(43)) - raft.server.leader.election.timeout = 10s (custom)
2019-06-14 14:56:08,082 INFO  server.RaftServerConfigKeys (ConfUtils.java:logGet(43)) - raft.server.log.use.memory = false (default)
2019-06-14 14:56:08,082 INFO  server.RaftServerConfigKeys (ConfUtils.java:logGet(43)) - raft.server.log.appender.buffer.byte-limit = 33554432 (custom)
2019-06-14 14:56:08,082 INFO  server.RaftServerConfigKeys (ConfUtils.java:logGet(43)) - raft.server.log.segment.size.max = 16384 (custom)
2019-06-14 14:56:08,083 INFO  server.RaftServerConfigKeys (ConfUtils.java:logGet(43)) - raft.server.log.segment.cache.num.max = 2 (custom)
2019-06-14 14:56:08,083 INFO  storage.RaftLogWorker (RaftLogWorker.java:<init>(123)) - new 98317d6c-a41e-4e95-ac16-913d88933335-RaftLogWorker for Storage Directory /opt/src/hadoop-ozone/integration-test/target/test-dir/MiniOzoneClusterImpl-3c8ea3b2-7e3c-4d36-a937-428d6977642f/datanode-4/data/ratis/b0125f60-66f6-452e-87c2-945ae84c1de3
2019-06-14 14:56:08,083 INFO  server.RaftServerConfigKeys (ConfUtils.java:logGet(43)) - raft.server.log.queue.byte-limit = 2147483647 (custom)
2019-06-14 14:56:08,083 INFO  server.RaftServerConfigKeys (ConfUtils.java:logGet(43)) - raft.server.log.queue.element-limit = 1024 (custom)
2019-06-14 14:56:08,083 INFO  server.RaftServerConfigKeys (ConfUtils.java:logGet(43)) - raft.server.log.segment.size.max = 16384 (custom)
2019-06-14 14:56:08,083 INFO  server.RaftServerConfigKeys (ConfUtils.java:logGet(43)) - raft.server.log.preallocated.size = 16384 (custom)
2019-06-14 14:56:08,083 INFO  server.RaftServerConfigKeys (ConfUtils.java:logGet(43)) - raft.server.log.write.buffer.size = 33554432 (custom)
2019-06-14 14:56:08,083 INFO  server.RaftServerConfigKeys (ConfUtils.java:logGet(43)) - raft.server.log.force.sync.num = 128 (default)
2019-06-14 14:56:08,083 INFO  server.RaftServerConfigKeys (ConfUtils.java:logGet(43)) - raft.server.log.statemachine.data.sync = true (default)
2019-06-14 14:56:08,084 INFO  server.RaftServerConfigKeys (ConfUtils.java:logGet(43)) - raft.server.log.statemachine.data.sync.timeout = 10s (default)
2019-06-14 14:56:08,084 INFO  server.RaftServerConfigKeys (ConfUtils.java:logGet(43)) - raft.server.log.statemachine.data.sync.timeout.retry = -1 (default)
2019-06-14 14:56:08,084 INFO  server.RaftServerConfigKeys (ConfUtils.java:logGet(43)) - raft.server.log.statemachine.data.caching.enabled = true (custom)
2019-06-14 14:56:08,084 INFO  server.RaftServerConfigKeys (ConfUtils.java:logGet(43)) - raft.server.snapshot.auto.trigger.enabled = true (custom)
2019-06-14 14:56:08,084 INFO  server.RaftServerConfigKeys (ConfUtils.java:logGet(43)) - raft.server.snapshot.auto.trigger.threshold = 10000 (custom)
2019-06-14 14:56:08,085 INFO  server.RaftServerConfigKeys (ConfUtils.java:logGet(43)) - raft.server.retrycache.expirytime = 600000ms (custom)
2019-06-14 14:56:08,085 INFO  impl.RaftServerImpl (RaftServerImpl.java:start(173)) - 98317d6c-a41e-4e95-ac16-913d88933335: start group-945AE84C1DE3
2019-06-14 14:56:08,085 INFO  impl.RaftServerImpl (RaftServerImpl.java:setRole(164)) - 98317d6c-a41e-4e95-ac16-913d88933335:group-945AE84C1DE3 changes role from null to FOLLOWER at term 0 for startAsFollower
2019-06-14 14:56:08,085 INFO  impl.RoleInfo (RoleInfo.java:updateAndGet(143)) - 98317d6c-a41e-4e95-ac16-913d88933335: start FollowerState
2019-06-14 14:56:08,085 INFO  util.JmxRegister (JmxRegister.java:tryRegister(44)) - Successfully registered JMX Bean with object name Ratis:service=RaftServer,group=group-945AE84C1DE3,id=98317d6c-a41e-4e95-ac16-913d88933335
2019-06-14 14:56:08,093 INFO  pipeline.PipelineStateManager (PipelineStateManager.java:addPipeline(56)) - Created pipeline Pipeline[ Id: b0125f60-66f6-452e-87c2-945ae84c1de3, Nodes: 98317d6c-a41e-4e95-ac16-913d88933335{ip: 192.168.46.53, host: ozone-exp-cfzxm-2667948697, networkLocation: /default-rack, certSerialId: null}, Type:RATIS, Factor:ONE, State:OPEN]
2019-06-14 14:56:08,340 INFO  ozone.MiniOzoneClusterImpl (MiniOzoneClusterImpl.java:lambda$waitForClusterToBeReady$0(142)) - Waiting for cluster to be ready. Got 5 of 6 DN Heartbeats.
2019-06-14 14:56:08,357 INFO  node.SCMNodeManager (SCMNodeManager.java:register(234)) - Registered Data node : 70c07216-c5e2-4f02-b286-bc09777d4174{ip: 192.168.46.53, host: ozone-exp-cfzxm-2667948697, networkLocation: /default-rack, certSerialId: null}
2019-06-14 14:56:08,372 INFO  impl.RaftServerProxy (RaftServerProxy.java:addNew(89)) - 70c07216-c5e2-4f02-b286-bc09777d4174: addNew group-24A3910C2144:[70c07216-c5e2-4f02-b286-bc09777d4174:192.168.46.53:44701] returns group-24A3910C2144:java.util.concurrent.CompletableFuture@10de460a[Not completed]
2019-06-14 14:56:08,372 INFO  impl.RaftServerImpl (RaftServerImpl.java:<init>(91)) - 70c07216-c5e2-4f02-b286-bc09777d4174: new RaftServerImpl for group-24A3910C2144:[70c07216-c5e2-4f02-b286-bc09777d4174:192.168.46.53:44701] with ContainerStateMachine:uninitialized
2019-06-14 14:56:08,373 INFO  server.RaftServerConfigKeys (ConfUtils.java:logGet(43)) - raft.server.rpc.timeout.min = 1s (custom)
2019-06-14 14:56:08,373 INFO  server.RaftServerConfigKeys (ConfUtils.java:logGet(43)) - raft.server.rpc.timeout.max = 1200ms (custom)
2019-06-14 14:56:08,373 INFO  server.RaftServerConfigKeys (ConfUtils.java:logGet(43)) - raft.server.rpcslowness.timeout = 10s (custom)
2019-06-14 14:56:08,373 INFO  server.RaftServerConfigKeys (ConfUtils.java:logGet(43)) - raft.server.log.appender.install.snapshot.enabled = true (default)
2019-06-14 14:56:08,373 INFO  impl.RaftServerImpl (ServerState.java:<init>(101)) - 70c07216-c5e2-4f02-b286-bc09777d4174:group-24A3910C2144 ConfigurationManager, init=-1: [70c07216-c5e2-4f02-b286-bc09777d4174:192.168.46.53:44701], old=null, confs=<EMPTY_MAP>
2019-06-14 14:56:08,373 INFO  server.RaftServerConfigKeys (ConfUtils.java:logGet(43)) - raft.server.storage.dir = [/opt/src/hadoop-ozone/integration-test/target/test-dir/MiniOzoneClusterImpl-3c8ea3b2-7e3c-4d36-a937-428d6977642f/datanode-5/data/ratis] (custom)
2019-06-14 14:56:08,373 INFO  storage.RaftStorageDirectory (RaftStorageDirectory.java:analyzeStorage(246)) - The storage directory /opt/src/hadoop-ozone/integration-test/target/test-dir/MiniOzoneClusterImpl-3c8ea3b2-7e3c-4d36-a937-428d6977642f/datanode-5/data/ratis/c41fd406-3913-4736-a880-24a3910c2144 does not exist. Creating ...
2019-06-14 14:56:08,376 INFO  storage.RaftStorageDirectory (RaftStorageDirectory.java:tryLock(328)) - Lock on /opt/src/hadoop-ozone/integration-test/target/test-dir/MiniOzoneClusterImpl-3c8ea3b2-7e3c-4d36-a937-428d6977642f/datanode-5/data/ratis/c41fd406-3913-4736-a880-24a3910c2144/in_use.lock acquired by nodename 9953@ozone-exp-cfzxm-2667948697
2019-06-14 14:56:08,378 INFO  storage.RaftStorage (RaftStorage.java:format(75)) - Storage directory /opt/src/hadoop-ozone/integration-test/target/test-dir/MiniOzoneClusterImpl-3c8ea3b2-7e3c-4d36-a937-428d6977642f/datanode-5/data/ratis/c41fd406-3913-4736-a880-24a3910c2144 has been successfully formatted.
2019-06-14 14:56:08,378 INFO  ratis.ContainerStateMachine (ContainerStateMachine.java:loadSnapshot(199)) - The snapshot info is null.Setting the last applied index to:(t:0, i:~)
2019-06-14 14:56:08,378 INFO  server.RaftServerConfigKeys (ConfUtils.java:logGet(43)) - raft.server.leader.election.timeout = 10s (custom)
2019-06-14 14:56:08,378 INFO  server.RaftServerConfigKeys (ConfUtils.java:logGet(43)) - raft.server.log.use.memory = false (default)
2019-06-14 14:56:08,378 INFO  server.RaftServerConfigKeys (ConfUtils.java:logGet(43)) - raft.server.log.appender.buffer.byte-limit = 33554432 (custom)
2019-06-14 14:56:08,378 INFO  server.RaftServerConfigKeys (ConfUtils.java:logGet(43)) - raft.server.log.segment.size.max = 16384 (custom)
2019-06-14 14:56:08,378 INFO  server.RaftServerConfigKeys (ConfUtils.java:logGet(43)) - raft.server.log.segment.cache.num.max = 2 (custom)
2019-06-14 14:56:08,378 INFO  storage.RaftLogWorker (RaftLogWorker.java:<init>(123)) - new 70c07216-c5e2-4f02-b286-bc09777d4174-RaftLogWorker for Storage Directory /opt/src/hadoop-ozone/integration-test/target/test-dir/MiniOzoneClusterImpl-3c8ea3b2-7e3c-4d36-a937-428d6977642f/datanode-5/data/ratis/c41fd406-3913-4736-a880-24a3910c2144
2019-06-14 14:56:08,379 INFO  server.RaftServerConfigKeys (ConfUtils.java:logGet(43)) - raft.server.log.queue.byte-limit = 2147483647 (custom)
2019-06-14 14:56:08,379 INFO  server.RaftServerConfigKeys (ConfUtils.java:logGet(43)) - raft.server.log.queue.element-limit = 1024 (custom)
2019-06-14 14:56:08,379 INFO  server.RaftServerConfigKeys (ConfUtils.java:logGet(43)) - raft.server.log.segment.size.max = 16384 (custom)
2019-06-14 14:56:08,379 INFO  server.RaftServerConfigKeys (ConfUtils.java:logGet(43)) - raft.server.log.preallocated.size = 16384 (custom)
2019-06-14 14:56:08,379 INFO  server.RaftServerConfigKeys (ConfUtils.java:logGet(43)) - raft.server.log.write.buffer.size = 33554432 (custom)
2019-06-14 14:56:08,379 INFO  server.RaftServerConfigKeys (ConfUtils.java:logGet(43)) - raft.server.log.force.sync.num = 128 (default)
2019-06-14 14:56:08,379 INFO  server.RaftServerConfigKeys (ConfUtils.java:logGet(43)) - raft.server.log.statemachine.data.sync = true (default)
2019-06-14 14:56:08,379 INFO  server.RaftServerConfigKeys (ConfUtils.java:logGet(43)) - raft.server.log.statemachine.data.sync.timeout = 10s (default)
2019-06-14 14:56:08,379 INFO  server.RaftServerConfigKeys (ConfUtils.java:logGet(43)) - raft.server.log.statemachine.data.sync.timeout.retry = -1 (default)
2019-06-14 14:56:08,380 INFO  server.RaftServerConfigKeys (ConfUtils.java:logGet(43)) - raft.server.log.statemachine.data.caching.enabled = true (custom)
2019-06-14 14:56:08,380 INFO  server.RaftServerConfigKeys (ConfUtils.java:logGet(43)) - raft.server.snapshot.auto.trigger.enabled = true (custom)
2019-06-14 14:56:08,380 INFO  server.RaftServerConfigKeys (ConfUtils.java:logGet(43)) - raft.server.snapshot.auto.trigger.threshold = 10000 (custom)
2019-06-14 14:56:08,380 INFO  server.RaftServerConfigKeys (ConfUtils.java:logGet(43)) - raft.server.retrycache.expirytime = 600000ms (custom)
2019-06-14 14:56:08,380 INFO  impl.RaftServerImpl (RaftServerImpl.java:start(173)) - 70c07216-c5e2-4f02-b286-bc09777d4174: start group-24A3910C2144
2019-06-14 14:56:08,380 INFO  impl.RaftServerImpl (RaftServerImpl.java:setRole(164)) - 70c07216-c5e2-4f02-b286-bc09777d4174:group-24A3910C2144 changes role from null to FOLLOWER at term 0 for startAsFollower
2019-06-14 14:56:08,381 INFO  impl.RoleInfo (RoleInfo.java:updateAndGet(143)) - 70c07216-c5e2-4f02-b286-bc09777d4174: start FollowerState
2019-06-14 14:56:08,381 INFO  util.JmxRegister (JmxRegister.java:tryRegister(44)) - Successfully registered JMX Bean with object name Ratis:service=RaftServer,group=group-24A3910C2144,id=70c07216-c5e2-4f02-b286-bc09777d4174
2019-06-14 14:56:08,390 INFO  pipeline.PipelineStateManager (PipelineStateManager.java:addPipeline(56)) - Created pipeline Pipeline[ Id: c41fd406-3913-4736-a880-24a3910c2144, Nodes: 70c07216-c5e2-4f02-b286-bc09777d4174{ip: 192.168.46.53, host: ozone-exp-cfzxm-2667948697, networkLocation: /default-rack, certSerialId: null}, Type:RATIS, Factor:ONE, State:OPEN]
2019-06-14 14:56:08,413 INFO  impl.RaftServerProxy (RaftServerProxy.java:addNew(89)) - 70c07216-c5e2-4f02-b286-bc09777d4174: addNew group-C2AA828B1FD8:[70c07216-c5e2-4f02-b286-bc09777d4174:192.168.46.53:44701, 98317d6c-a41e-4e95-ac16-913d88933335:192.168.46.53:42375, 134b3927-5e26-404a-9043-960ced3cce8c:192.168.46.53:33399] returns group-C2AA828B1FD8:java.util.concurrent.CompletableFuture@62882d9a[Not completed]
2019-06-14 14:56:08,414 INFO  impl.RaftServerProxy (RaftServerProxy.java:addNew(89)) - 98317d6c-a41e-4e95-ac16-913d88933335: addNew group-C2AA828B1FD8:[70c07216-c5e2-4f02-b286-bc09777d4174:192.168.46.53:44701, 98317d6c-a41e-4e95-ac16-913d88933335:192.168.46.53:42375, 134b3927-5e26-404a-9043-960ced3cce8c:192.168.46.53:33399] returns group-C2AA828B1FD8:java.util.concurrent.CompletableFuture@286e8547[Not completed]
2019-06-14 14:56:08,415 INFO  impl.RaftServerImpl (RaftServerImpl.java:<init>(91)) - 70c07216-c5e2-4f02-b286-bc09777d4174: new RaftServerImpl for group-C2AA828B1FD8:[70c07216-c5e2-4f02-b286-bc09777d4174:192.168.46.53:44701, 98317d6c-a41e-4e95-ac16-913d88933335:192.168.46.53:42375, 134b3927-5e26-404a-9043-960ced3cce8c:192.168.46.53:33399] with ContainerStateMachine:uninitialized
2019-06-14 14:56:08,415 INFO  server.RaftServerConfigKeys (ConfUtils.java:logGet(43)) - raft.server.rpc.timeout.min = 1s (custom)
2019-06-14 14:56:08,415 INFO  server.RaftServerConfigKeys (ConfUtils.java:logGet(43)) - raft.server.rpc.timeout.max = 1200ms (custom)
2019-06-14 14:56:08,415 INFO  server.RaftServerConfigKeys (ConfUtils.java:logGet(43)) - raft.server.rpcslowness.timeout = 10s (custom)
2019-06-14 14:56:08,415 INFO  server.RaftServerConfigKeys (ConfUtils.java:logGet(43)) - raft.server.log.appender.install.snapshot.enabled = true (default)
2019-06-14 14:56:08,415 INFO  impl.RaftServerImpl (ServerState.java:<init>(101)) - 70c07216-c5e2-4f02-b286-bc09777d4174:group-C2AA828B1FD8 ConfigurationManager, init=-1: [70c07216-c5e2-4f02-b286-bc09777d4174:192.168.46.53:44701, 98317d6c-a41e-4e95-ac16-913d88933335:192.168.46.53:42375, 134b3927-5e26-404a-9043-960ced3cce8c:192.168.46.53:33399], old=null, confs=<EMPTY_MAP>
2019-06-14 14:56:08,415 INFO  server.RaftServerConfigKeys (ConfUtils.java:logGet(43)) - raft.server.storage.dir = [/opt/src/hadoop-ozone/integration-test/target/test-dir/MiniOzoneClusterImpl-3c8ea3b2-7e3c-4d36-a937-428d6977642f/datanode-5/data/ratis] (custom)
2019-06-14 14:56:08,416 INFO  storage.RaftStorageDirectory (RaftStorageDirectory.java:analyzeStorage(246)) - The storage directory /opt/src/hadoop-ozone/integration-test/target/test-dir/MiniOzoneClusterImpl-3c8ea3b2-7e3c-4d36-a937-428d6977642f/datanode-5/data/ratis/14815e81-bc3a-484a-9f0d-c2aa828b1fd8 does not exist. Creating ...
2019-06-14 14:56:08,417 INFO  impl.RaftServerImpl (RaftServerImpl.java:<init>(91)) - 98317d6c-a41e-4e95-ac16-913d88933335: new RaftServerImpl for group-C2AA828B1FD8:[70c07216-c5e2-4f02-b286-bc09777d4174:192.168.46.53:44701, 98317d6c-a41e-4e95-ac16-913d88933335:192.168.46.53:42375, 134b3927-5e26-404a-9043-960ced3cce8c:192.168.46.53:33399] with ContainerStateMachine:uninitialized
2019-06-14 14:56:08,418 INFO  server.RaftServerConfigKeys (ConfUtils.java:logGet(43)) - raft.server.rpc.timeout.min = 1s (custom)
2019-06-14 14:56:08,418 INFO  server.RaftServerConfigKeys (ConfUtils.java:logGet(43)) - raft.server.rpc.timeout.max = 1200ms (custom)
2019-06-14 14:56:08,418 INFO  server.RaftServerConfigKeys (ConfUtils.java:logGet(43)) - raft.server.rpcslowness.timeout = 10s (custom)
2019-06-14 14:56:08,418 INFO  server.RaftServerConfigKeys (ConfUtils.java:logGet(43)) - raft.server.log.appender.install.snapshot.enabled = true (default)
2019-06-14 14:56:08,418 INFO  impl.RaftServerImpl (ServerState.java:<init>(101)) - 98317d6c-a41e-4e95-ac16-913d88933335:group-C2AA828B1FD8 ConfigurationManager, init=-1: [70c07216-c5e2-4f02-b286-bc09777d4174:192.168.46.53:44701, 98317d6c-a41e-4e95-ac16-913d88933335:192.168.46.53:42375, 134b3927-5e26-404a-9043-960ced3cce8c:192.168.46.53:33399], old=null, confs=<EMPTY_MAP>
2019-06-14 14:56:08,418 INFO  server.RaftServerConfigKeys (ConfUtils.java:logGet(43)) - raft.server.storage.dir = [/opt/src/hadoop-ozone/integration-test/target/test-dir/MiniOzoneClusterImpl-3c8ea3b2-7e3c-4d36-a937-428d6977642f/datanode-4/data/ratis] (custom)
2019-06-14 14:56:08,418 INFO  storage.RaftStorageDirectory (RaftStorageDirectory.java:analyzeStorage(246)) - The storage directory /opt/src/hadoop-ozone/integration-test/target/test-dir/MiniOzoneClusterImpl-3c8ea3b2-7e3c-4d36-a937-428d6977642f/datanode-4/data/ratis/14815e81-bc3a-484a-9f0d-c2aa828b1fd8 does not exist. Creating ...
2019-06-14 14:56:08,419 INFO  impl.RaftServerProxy (RaftServerProxy.java:addNew(89)) - 134b3927-5e26-404a-9043-960ced3cce8c: addNew group-C2AA828B1FD8:[70c07216-c5e2-4f02-b286-bc09777d4174:192.168.46.53:44701, 98317d6c-a41e-4e95-ac16-913d88933335:192.168.46.53:42375, 134b3927-5e26-404a-9043-960ced3cce8c:192.168.46.53:33399] returns group-C2AA828B1FD8:java.util.concurrent.CompletableFuture@69d60a94[Not completed]
2019-06-14 14:56:08,419 INFO  storage.RaftStorageDirectory (RaftStorageDirectory.java:tryLock(328)) - Lock on /opt/src/hadoop-ozone/integration-test/target/test-dir/MiniOzoneClusterImpl-3c8ea3b2-7e3c-4d36-a937-428d6977642f/datanode-5/data/ratis/14815e81-bc3a-484a-9f0d-c2aa828b1fd8/in_use.lock acquired by nodename 9953@ozone-exp-cfzxm-2667948697
2019-06-14 14:56:08,420 INFO  impl.RaftServerImpl (RaftServerImpl.java:<init>(91)) - 134b3927-5e26-404a-9043-960ced3cce8c: new RaftServerImpl for group-C2AA828B1FD8:[70c07216-c5e2-4f02-b286-bc09777d4174:192.168.46.53:44701, 98317d6c-a41e-4e95-ac16-913d88933335:192.168.46.53:42375, 134b3927-5e26-404a-9043-960ced3cce8c:192.168.46.53:33399] with ContainerStateMachine:uninitialized
2019-06-14 14:56:08,420 INFO  server.RaftServerConfigKeys (ConfUtils.java:logGet(43)) - raft.server.rpc.timeout.min = 1s (custom)
2019-06-14 14:56:08,420 INFO  server.RaftServerConfigKeys (ConfUtils.java:logGet(43)) - raft.server.rpc.timeout.max = 1200ms (custom)
2019-06-14 14:56:08,420 INFO  server.RaftServerConfigKeys (ConfUtils.java:logGet(43)) - raft.server.rpcslowness.timeout = 10s (custom)
2019-06-14 14:56:08,420 INFO  server.RaftServerConfigKeys (ConfUtils.java:logGet(43)) - raft.server.log.appender.install.snapshot.enabled = true (default)
2019-06-14 14:56:08,420 INFO  impl.RaftServerImpl (ServerState.java:<init>(101)) - 134b3927-5e26-404a-9043-960ced3cce8c:group-C2AA828B1FD8 ConfigurationManager, init=-1: [70c07216-c5e2-4f02-b286-bc09777d4174:192.168.46.53:44701, 98317d6c-a41e-4e95-ac16-913d88933335:192.168.46.53:42375, 134b3927-5e26-404a-9043-960ced3cce8c:192.168.46.53:33399], old=null, confs=<EMPTY_MAP>
2019-06-14 14:56:08,420 INFO  server.RaftServerConfigKeys (ConfUtils.java:logGet(43)) - raft.server.storage.dir = [/opt/src/hadoop-ozone/integration-test/target/test-dir/MiniOzoneClusterImpl-3c8ea3b2-7e3c-4d36-a937-428d6977642f/datanode-2/data/ratis] (custom)
2019-06-14 14:56:08,420 INFO  storage.RaftStorageDirectory (RaftStorageDirectory.java:analyzeStorage(246)) - The storage directory /opt/src/hadoop-ozone/integration-test/target/test-dir/MiniOzoneClusterImpl-3c8ea3b2-7e3c-4d36-a937-428d6977642f/datanode-2/data/ratis/14815e81-bc3a-484a-9f0d-c2aa828b1fd8 does not exist. Creating ...
2019-06-14 14:56:08,421 INFO  storage.RaftStorageDirectory (RaftStorageDirectory.java:tryLock(328)) - Lock on /opt/src/hadoop-ozone/integration-test/target/test-dir/MiniOzoneClusterImpl-3c8ea3b2-7e3c-4d36-a937-428d6977642f/datanode-4/data/ratis/14815e81-bc3a-484a-9f0d-c2aa828b1fd8/in_use.lock acquired by nodename 9953@ozone-exp-cfzxm-2667948697
2019-06-14 14:56:08,422 INFO  storage.RaftStorage (RaftStorage.java:format(75)) - Storage directory /opt/src/hadoop-ozone/integration-test/target/test-dir/MiniOzoneClusterImpl-3c8ea3b2-7e3c-4d36-a937-428d6977642f/datanode-5/data/ratis/14815e81-bc3a-484a-9f0d-c2aa828b1fd8 has been successfully formatted.
2019-06-14 14:56:08,422 INFO  ratis.ContainerStateMachine (ContainerStateMachine.java:loadSnapshot(199)) - The snapshot info is null.Setting the last applied index to:(t:0, i:~)
2019-06-14 14:56:08,422 INFO  server.RaftServerConfigKeys (ConfUtils.java:logGet(43)) - raft.server.leader.election.timeout = 10s (custom)
2019-06-14 14:56:08,422 INFO  server.RaftServerConfigKeys (ConfUtils.java:logGet(43)) - raft.server.log.use.memory = false (default)
2019-06-14 14:56:08,422 INFO  server.RaftServerConfigKeys (ConfUtils.java:logGet(43)) - raft.server.log.appender.buffer.byte-limit = 33554432 (custom)
2019-06-14 14:56:08,423 INFO  server.RaftServerConfigKeys (ConfUtils.java:logGet(43)) - raft.server.log.segment.size.max = 16384 (custom)
2019-06-14 14:56:08,423 INFO  server.RaftServerConfigKeys (ConfUtils.java:logGet(43)) - raft.server.log.segment.cache.num.max = 2 (custom)
2019-06-14 14:56:08,423 INFO  storage.RaftLogWorker (RaftLogWorker.java:<init>(123)) - new 70c07216-c5e2-4f02-b286-bc09777d4174-RaftLogWorker for Storage Directory /opt/src/hadoop-ozone/integration-test/target/test-dir/MiniOzoneClusterImpl-3c8ea3b2-7e3c-4d36-a937-428d6977642f/datanode-5/data/ratis/14815e81-bc3a-484a-9f0d-c2aa828b1fd8
2019-06-14 14:56:08,423 INFO  server.RaftServerConfigKeys (ConfUtils.java:logGet(43)) - raft.server.log.queue.byte-limit = 2147483647 (custom)
2019-06-14 14:56:08,423 INFO  server.RaftServerConfigKeys (ConfUtils.java:logGet(43)) - raft.server.log.queue.element-limit = 1024 (custom)
2019-06-14 14:56:08,423 INFO  server.RaftServerConfigKeys (ConfUtils.java:logGet(43)) - raft.server.log.segment.size.max = 16384 (custom)
2019-06-14 14:56:08,423 INFO  server.RaftServerConfigKeys (ConfUtils.java:logGet(43)) - raft.server.log.preallocated.size = 16384 (custom)
2019-06-14 14:56:08,423 INFO  server.RaftServerConfigKeys (ConfUtils.java:logGet(43)) - raft.server.log.write.buffer.size = 33554432 (custom)
2019-06-14 14:56:08,423 INFO  server.RaftServerConfigKeys (ConfUtils.java:logGet(43)) - raft.server.log.force.sync.num = 128 (default)
2019-06-14 14:56:08,423 INFO  server.RaftServerConfigKeys (ConfUtils.java:logGet(43)) - raft.server.log.statemachine.data.sync = true (default)
2019-06-14 14:56:08,424 INFO  storage.RaftStorage (RaftStorage.java:format(75)) - Storage directory /opt/src/hadoop-ozone/integration-test/target/test-dir/MiniOzoneClusterImpl-3c8ea3b2-7e3c-4d36-a937-428d6977642f/datanode-4/data/ratis/14815e81-bc3a-484a-9f0d-c2aa828b1fd8 has been successfully formatted.
2019-06-14 14:56:08,424 INFO  storage.RaftStorageDirectory (RaftStorageDirectory.java:tryLock(328)) - Lock on /opt/src/hadoop-ozone/integration-test/target/test-dir/MiniOzoneClusterImpl-3c8ea3b2-7e3c-4d36-a937-428d6977642f/datanode-2/data/ratis/14815e81-bc3a-484a-9f0d-c2aa828b1fd8/in_use.lock acquired by nodename 9953@ozone-exp-cfzxm-2667948697
2019-06-14 14:56:08,424 INFO  server.RaftServerConfigKeys (ConfUtils.java:logGet(43)) - raft.server.log.statemachine.data.sync.timeout = 10s (default)
2019-06-14 14:56:08,424 INFO  server.RaftServerConfigKeys (ConfUtils.java:logGet(43)) - raft.server.log.statemachine.data.sync.timeout.retry = -1 (default)
2019-06-14 14:56:08,424 INFO  server.RaftServerConfigKeys (ConfUtils.java:logGet(43)) - raft.server.log.statemachine.data.caching.enabled = true (custom)
2019-06-14 14:56:08,424 INFO  ratis.ContainerStateMachine (ContainerStateMachine.java:loadSnapshot(199)) - The snapshot info is null.Setting the last applied index to:(t:0, i:~)
2019-06-14 14:56:08,424 INFO  server.RaftServerConfigKeys (ConfUtils.java:logGet(43)) - raft.server.snapshot.auto.trigger.enabled = true (custom)
2019-06-14 14:56:08,424 INFO  server.RaftServerConfigKeys (ConfUtils.java:logGet(43)) - raft.server.leader.election.timeout = 10s (custom)
2019-06-14 14:56:08,425 INFO  server.RaftServerConfigKeys (ConfUtils.java:logGet(43)) - raft.server.snapshot.auto.trigger.threshold = 10000 (custom)
2019-06-14 14:56:08,425 INFO  server.RaftServerConfigKeys (ConfUtils.java:logGet(43)) - raft.server.log.use.memory = false (default)
2019-06-14 14:56:08,425 INFO  server.RaftServerConfigKeys (ConfUtils.java:logGet(43)) - raft.server.retrycache.expirytime = 600000ms (custom)
2019-06-14 14:56:08,425 INFO  server.RaftServerConfigKeys (ConfUtils.java:logGet(43)) - raft.server.log.appender.buffer.byte-limit = 33554432 (custom)
2019-06-14 14:56:08,425 INFO  impl.RaftServerImpl (RaftServerImpl.java:start(173)) - 70c07216-c5e2-4f02-b286-bc09777d4174: start group-C2AA828B1FD8
2019-06-14 14:56:08,425 INFO  impl.RaftServerImpl (RaftServerImpl.java:setRole(164)) - 70c07216-c5e2-4f02-b286-bc09777d4174:group-C2AA828B1FD8 changes role from null to FOLLOWER at term 0 for startAsFollower
2019-06-14 14:56:08,425 INFO  server.RaftServerConfigKeys (ConfUtils.java:logGet(43)) - raft.server.log.segment.size.max = 16384 (custom)
2019-06-14 14:56:08,425 INFO  impl.RoleInfo (RoleInfo.java:updateAndGet(143)) - 70c07216-c5e2-4f02-b286-bc09777d4174: start FollowerState
2019-06-14 14:56:08,425 INFO  server.RaftServerConfigKeys (ConfUtils.java:logGet(43)) - raft.server.log.segment.cache.num.max = 2 (custom)
2019-06-14 14:56:08,426 INFO  storage.RaftLogWorker (RaftLogWorker.java:<init>(123)) - new 98317d6c-a41e-4e95-ac16-913d88933335-RaftLogWorker for Storage Directory /opt/src/hadoop-ozone/integration-test/target/test-dir/MiniOzoneClusterImpl-3c8ea3b2-7e3c-4d36-a937-428d6977642f/datanode-4/data/ratis/14815e81-bc3a-484a-9f0d-c2aa828b1fd8
2019-06-14 14:56:08,426 INFO  storage.RaftStorage (RaftStorage.java:format(75)) - Storage directory /opt/src/hadoop-ozone/integration-test/target/test-dir/MiniOzoneClusterImpl-3c8ea3b2-7e3c-4d36-a937-428d6977642f/datanode-2/data/ratis/14815e81-bc3a-484a-9f0d-c2aa828b1fd8 has been successfully formatted.
2019-06-14 14:56:08,426 INFO  server.RaftServerConfigKeys (ConfUtils.java:logGet(43)) - raft.server.log.queue.byte-limit = 2147483647 (custom)
2019-06-14 14:56:08,426 INFO  ratis.ContainerStateMachine (ContainerStateMachine.java:loadSnapshot(199)) - The snapshot info is null.Setting the last applied index to:(t:0, i:~)
2019-06-14 14:56:08,426 INFO  server.RaftServerConfigKeys (ConfUtils.java:logGet(43)) - raft.server.leader.election.timeout = 10s (custom)
2019-06-14 14:56:08,426 INFO  util.JmxRegister (JmxRegister.java:tryRegister(44)) - Successfully registered JMX Bean with object name Ratis:service=RaftServer,group=group-C2AA828B1FD8,id=70c07216-c5e2-4f02-b286-bc09777d4174
2019-06-14 14:56:08,426 INFO  server.RaftServerConfigKeys (ConfUtils.java:logGet(43)) - raft.server.log.queue.element-limit = 1024 (custom)
2019-06-14 14:56:08,426 INFO  server.RaftServerConfigKeys (ConfUtils.java:logGet(43)) - raft.server.log.use.memory = false (default)
2019-06-14 14:56:08,427 INFO  server.RaftServerConfigKeys (ConfUtils.java:logGet(43)) - raft.server.log.appender.buffer.byte-limit = 33554432 (custom)
2019-06-14 14:56:08,427 INFO  server.RaftServerConfigKeys (ConfUtils.java:logGet(43)) - raft.server.log.segment.size.max = 16384 (custom)
2019-06-14 14:56:08,427 INFO  server.RaftServerConfigKeys (ConfUtils.java:logGet(43)) - raft.server.log.segment.cache.num.max = 2 (custom)
2019-06-14 14:56:08,427 INFO  storage.RaftLogWorker (RaftLogWorker.java:<init>(123)) - new 134b3927-5e26-404a-9043-960ced3cce8c-RaftLogWorker for Storage Directory /opt/src/hadoop-ozone/integration-test/target/test-dir/MiniOzoneClusterImpl-3c8ea3b2-7e3c-4d36-a937-428d6977642f/datanode-2/data/ratis/14815e81-bc3a-484a-9f0d-c2aa828b1fd8
2019-06-14 14:56:08,427 INFO  server.RaftServerConfigKeys (ConfUtils.java:logGet(43)) - raft.server.log.queue.byte-limit = 2147483647 (custom)
2019-06-14 14:56:08,427 INFO  server.RaftServerConfigKeys (ConfUtils.java:logGet(43)) - raft.server.log.queue.element-limit = 1024 (custom)
2019-06-14 14:56:08,427 INFO  server.RaftServerConfigKeys (ConfUtils.java:logGet(43)) - raft.server.log.segment.size.max = 16384 (custom)
2019-06-14 14:56:08,427 INFO  server.RaftServerConfigKeys (ConfUtils.java:logGet(43)) - raft.server.log.preallocated.size = 16384 (custom)
2019-06-14 14:56:08,427 INFO  server.RaftServerConfigKeys (ConfUtils.java:logGet(43)) - raft.server.log.write.buffer.size = 33554432 (custom)
2019-06-14 14:56:08,428 INFO  server.RaftServerConfigKeys (ConfUtils.java:logGet(43)) - raft.server.log.force.sync.num = 128 (default)
2019-06-14 14:56:08,428 INFO  server.RaftServerConfigKeys (ConfUtils.java:logGet(43)) - raft.server.log.statemachine.data.sync = true (default)
2019-06-14 14:56:08,428 INFO  server.RaftServerConfigKeys (ConfUtils.java:logGet(43)) - raft.server.log.statemachine.data.sync.timeout = 10s (default)
2019-06-14 14:56:08,428 INFO  server.RaftServerConfigKeys (ConfUtils.java:logGet(43)) - raft.server.log.statemachine.data.sync.timeout.retry = -1 (default)
2019-06-14 14:56:08,428 INFO  server.RaftServerConfigKeys (ConfUtils.java:logGet(43)) - raft.server.log.statemachine.data.caching.enabled = true (custom)
2019-06-14 14:56:08,428 INFO  server.RaftServerConfigKeys (ConfUtils.java:logGet(43)) - raft.server.log.segment.size.max = 16384 (custom)
2019-06-14 14:56:08,428 INFO  server.RaftServerConfigKeys (ConfUtils.java:logGet(43)) - raft.server.log.preallocated.size = 16384 (custom)
2019-06-14 14:56:08,429 INFO  server.RaftServerConfigKeys (ConfUtils.java:logGet(43)) - raft.server.log.write.buffer.size = 33554432 (custom)
2019-06-14 14:56:08,429 INFO  server.RaftServerConfigKeys (ConfUtils.java:logGet(43)) - raft.server.log.force.sync.num = 128 (default)
2019-06-14 14:56:08,429 INFO  server.RaftServerConfigKeys (ConfUtils.java:logGet(43)) - raft.server.log.statemachine.data.sync = true (default)
2019-06-14 14:56:08,429 INFO  server.RaftServerConfigKeys (ConfUtils.java:logGet(43)) - raft.server.log.statemachine.data.sync.timeout = 10s (default)
2019-06-14 14:56:08,429 INFO  server.RaftServerConfigKeys (ConfUtils.java:logGet(43)) - raft.server.log.statemachine.data.sync.timeout.retry = -1 (default)
2019-06-14 14:56:08,429 INFO  server.RaftServerConfigKeys (ConfUtils.java:logGet(43)) - raft.server.log.statemachine.data.caching.enabled = true (custom)
2019-06-14 14:56:08,429 INFO  server.RaftServerConfigKeys (ConfUtils.java:logGet(43)) - raft.server.snapshot.auto.trigger.enabled = true (custom)
2019-06-14 14:56:08,429 INFO  server.RaftServerConfigKeys (ConfUtils.java:logGet(43)) - raft.server.snapshot.auto.trigger.threshold = 10000 (custom)
2019-06-14 14:56:08,429 INFO  server.RaftServerConfigKeys (ConfUtils.java:logGet(43)) - raft.server.retrycache.expirytime = 600000ms (custom)
2019-06-14 14:56:08,430 INFO  impl.RaftServerImpl (RaftServerImpl.java:start(173)) - 134b3927-5e26-404a-9043-960ced3cce8c: start group-C2AA828B1FD8
2019-06-14 14:56:08,430 INFO  impl.RaftServerImpl (RaftServerImpl.java:setRole(164)) - 134b3927-5e26-404a-9043-960ced3cce8c:group-C2AA828B1FD8 changes role from null to FOLLOWER at term 0 for startAsFollower
2019-06-14 14:56:08,430 INFO  impl.RoleInfo (RoleInfo.java:updateAndGet(143)) - 134b3927-5e26-404a-9043-960ced3cce8c: start FollowerState
2019-06-14 14:56:08,430 INFO  server.RaftServerConfigKeys (ConfUtils.java:logGet(43)) - raft.server.snapshot.auto.trigger.enabled = true (custom)
2019-06-14 14:56:08,430 INFO  server.RaftServerConfigKeys (ConfUtils.java:logGet(43)) - raft.server.snapshot.auto.trigger.threshold = 10000 (custom)
2019-06-14 14:56:08,430 INFO  util.JmxRegister (JmxRegister.java:tryRegister(44)) - Successfully registered JMX Bean with object name Ratis:service=RaftServer,group=group-C2AA828B1FD8,id=134b3927-5e26-404a-9043-960ced3cce8c
2019-06-14 14:56:08,431 INFO  server.RaftServerConfigKeys (ConfUtils.java:logGet(43)) - raft.server.retrycache.expirytime = 600000ms (custom)
2019-06-14 14:56:08,431 INFO  impl.RaftServerImpl (RaftServerImpl.java:start(173)) - 98317d6c-a41e-4e95-ac16-913d88933335: start group-C2AA828B1FD8
2019-06-14 14:56:08,431 INFO  impl.RaftServerImpl (RaftServerImpl.java:setRole(164)) - 98317d6c-a41e-4e95-ac16-913d88933335:group-C2AA828B1FD8 changes role from null to FOLLOWER at term 0 for startAsFollower
2019-06-14 14:56:08,431 INFO  impl.RoleInfo (RoleInfo.java:updateAndGet(143)) - 98317d6c-a41e-4e95-ac16-913d88933335: start FollowerState
2019-06-14 14:56:08,434 INFO  util.JmxRegister (JmxRegister.java:tryRegister(44)) - Successfully registered JMX Bean with object name Ratis:service=RaftServer,group=group-C2AA828B1FD8,id=98317d6c-a41e-4e95-ac16-913d88933335
2019-06-14 14:56:08,456 INFO  pipeline.PipelineStateManager (PipelineStateManager.java:addPipeline(56)) - Created pipeline Pipeline[ Id: 14815e81-bc3a-484a-9f0d-c2aa828b1fd8, Nodes: 70c07216-c5e2-4f02-b286-bc09777d4174{ip: 192.168.46.53, host: ozone-exp-cfzxm-2667948697, networkLocation: /default-rack, certSerialId: null}98317d6c-a41e-4e95-ac16-913d88933335{ip: 192.168.46.53, host: ozone-exp-cfzxm-2667948697, networkLocation: /default-rack, certSerialId: null}134b3927-5e26-404a-9043-960ced3cce8c{ip: 192.168.46.53, host: ozone-exp-cfzxm-2667948697, networkLocation: /default-rack, certSerialId: null}, Type:RATIS, Factor:THREE, State:OPEN]
2019-06-14 14:56:08,712 INFO  impl.FollowerState (FollowerState.java:run(101)) - 92e66d6f-4436-43d4-808c-c8ff1186b7ac:group-EE6EBFD20D1B changes to CANDIDATE, lastRpcTime:1125, electionTimeout:1125ms
2019-06-14 14:56:08,712 INFO  impl.RoleInfo (RoleInfo.java:shutdownFollowerState(121)) - 92e66d6f-4436-43d4-808c-c8ff1186b7ac: shutdown FollowerState
2019-06-14 14:56:08,712 INFO  impl.RaftServerImpl (RaftServerImpl.java:setRole(164)) - 92e66d6f-4436-43d4-808c-c8ff1186b7ac:group-EE6EBFD20D1B changes role from FOLLOWER to CANDIDATE at term 0 for changeToCandidate
2019-06-14 14:56:08,714 INFO  impl.RoleInfo (RoleInfo.java:updateAndGet(143)) - 92e66d6f-4436-43d4-808c-c8ff1186b7ac: start LeaderElection
2019-06-14 14:56:08,722 INFO  impl.LeaderElection (LeaderElection.java:askForVotes(181)) - 92e66d6f-4436-43d4-808c-c8ff1186b7ac:group-EE6EBFD20D1B:LeaderElection1: begin an election at term 1 for -1: [92e66d6f-4436-43d4-808c-c8ff1186b7ac:192.168.46.53:40055], old=null
2019-06-14 14:56:08,724 INFO  impl.RoleInfo (RoleInfo.java:shutdownLeaderElection(134)) - 92e66d6f-4436-43d4-808c-c8ff1186b7ac: shutdown LeaderElection
2019-06-14 14:56:08,725 INFO  impl.RaftServerImpl (RaftServerImpl.java:setRole(164)) - 92e66d6f-4436-43d4-808c-c8ff1186b7ac:group-EE6EBFD20D1B changes role from CANDIDATE to LEADER at term 1 for changeToLeader
2019-06-14 14:56:08,725 INFO  impl.RaftServerImpl (ServerState.java:setLeader(263)) - 92e66d6f-4436-43d4-808c-c8ff1186b7ac:group-EE6EBFD20D1B change Leader from null to 92e66d6f-4436-43d4-808c-c8ff1186b7ac at term 1 for becomeLeader, leader elected after 1320ms
2019-06-14 14:56:08,728 INFO  server.RaftServerConfigKeys (ConfUtils.java:logGet(43)) - raft.server.staging.catchup.gap = 1000 (default)
2019-06-14 14:56:08,729 INFO  server.RaftServerConfigKeys (ConfUtils.java:logGet(43)) - raft.server.rpc.sleep.time = 25ms (default)
2019-06-14 14:56:08,730 INFO  impl.FollowerState (FollowerState.java:run(101)) - adf57f3d-bdcd-4cc4-9954-83aa5cf76cca:group-F5E89A44E031 changes to CANDIDATE, lastRpcTime:1026, electionTimeout:1023ms
2019-06-14 14:56:08,731 INFO  impl.RoleInfo (RoleInfo.java:shutdownFollowerState(121)) - adf57f3d-bdcd-4cc4-9954-83aa5cf76cca: shutdown FollowerState
2019-06-14 14:56:08,731 INFO  impl.RaftServerImpl (RaftServerImpl.java:setRole(164)) - adf57f3d-bdcd-4cc4-9954-83aa5cf76cca:group-F5E89A44E031 changes role from FOLLOWER to CANDIDATE at term 0 for changeToCandidate
2019-06-14 14:56:08,731 INFO  impl.RoleInfo (RoleInfo.java:updateAndGet(143)) - adf57f3d-bdcd-4cc4-9954-83aa5cf76cca: start LeaderElection
2019-06-14 14:56:08,737 INFO  server.RaftServerConfigKeys (ConfUtils.java:logGet(43)) - raft.server.watch.timeout = 10s (default)
2019-06-14 14:56:08,737 INFO  server.RaftServerConfigKeys (ConfUtils.java:logGet(43)) - raft.server.watch.timeout.denomination = 1s (default)
2019-06-14 14:56:08,738 INFO  impl.LeaderElection (LeaderElection.java:askForVotes(181)) - adf57f3d-bdcd-4cc4-9954-83aa5cf76cca:group-F5E89A44E031:LeaderElection2: begin an election at term 1 for -1: [adf57f3d-bdcd-4cc4-9954-83aa5cf76cca:192.168.46.53:34557], old=null
2019-06-14 14:56:08,739 INFO  impl.RoleInfo (RoleInfo.java:shutdownLeaderElection(134)) - adf57f3d-bdcd-4cc4-9954-83aa5cf76cca: shutdown LeaderElection
2019-06-14 14:56:08,739 INFO  impl.RaftServerImpl (RaftServerImpl.java:setRole(164)) - adf57f3d-bdcd-4cc4-9954-83aa5cf76cca:group-F5E89A44E031 changes role from CANDIDATE to LEADER at term 1 for changeToLeader
2019-06-14 14:56:08,739 INFO  impl.RaftServerImpl (ServerState.java:setLeader(263)) - adf57f3d-bdcd-4cc4-9954-83aa5cf76cca:group-F5E89A44E031 change Leader from null to adf57f3d-bdcd-4cc4-9954-83aa5cf76cca at term 1 for becomeLeader, leader elected after 1038ms
2019-06-14 14:56:08,740 INFO  server.RaftServerConfigKeys (ConfUtils.java:logGet(43)) - raft.server.staging.catchup.gap = 1000 (default)
2019-06-14 14:56:08,740 INFO  server.RaftServerConfigKeys (ConfUtils.java:logGet(43)) - raft.server.rpc.sleep.time = 25ms (default)
2019-06-14 14:56:08,740 INFO  server.RaftServerConfigKeys (ConfUtils.java:logGet(43)) - raft.server.watch.timeout = 10s (default)
2019-06-14 14:56:08,740 INFO  server.RaftServerConfigKeys (ConfUtils.java:logGet(43)) - raft.server.watch.timeout.denomination = 1s (default)
2019-06-14 14:56:08,745 INFO  impl.RoleInfo (RoleInfo.java:updateAndGet(143)) - 92e66d6f-4436-43d4-808c-c8ff1186b7ac: start LeaderState
2019-06-14 14:56:08,745 INFO  impl.RoleInfo (RoleInfo.java:updateAndGet(143)) - adf57f3d-bdcd-4cc4-9954-83aa5cf76cca: start LeaderState
2019-06-14 14:56:08,760 INFO  storage.RaftLogWorker (RaftLogWorker.java:startLogSegment(298)) - 92e66d6f-4436-43d4-808c-c8ff1186b7ac-RaftLogWorker: Starting segment from index:0
2019-06-14 14:56:08,760 INFO  storage.RaftLogWorker (RaftLogWorker.java:startLogSegment(298)) - adf57f3d-bdcd-4cc4-9954-83aa5cf76cca-RaftLogWorker: Starting segment from index:0
2019-06-14 14:56:08,767 INFO  impl.RaftServerImpl (ServerState.java:setRaftConf(361)) - 92e66d6f-4436-43d4-808c-c8ff1186b7ac:group-EE6EBFD20D1B set configuration 0: [92e66d6f-4436-43d4-808c-c8ff1186b7ac:192.168.46.53:40055], old=null at 0
2019-06-14 14:56:08,778 INFO  impl.RaftServerImpl (ServerState.java:setRaftConf(361)) - adf57f3d-bdcd-4cc4-9954-83aa5cf76cca:group-F5E89A44E031 set configuration 0: [adf57f3d-bdcd-4cc4-9954-83aa5cf76cca:192.168.46.53:34557], old=null at 0
2019-06-14 14:56:08,793 INFO  impl.FollowerState (FollowerState.java:run(101)) - 134b3927-5e26-404a-9043-960ced3cce8c:group-25EB986A69AA changes to CANDIDATE, lastRpcTime:1010, electionTimeout:1004ms
2019-06-14 14:56:08,793 INFO  impl.RoleInfo (RoleInfo.java:shutdownFollowerState(121)) - 134b3927-5e26-404a-9043-960ced3cce8c: shutdown FollowerState
2019-06-14 14:56:08,794 INFO  impl.RaftServerImpl (RaftServerImpl.java:setRole(164)) - 134b3927-5e26-404a-9043-960ced3cce8c:group-25EB986A69AA changes role from FOLLOWER to CANDIDATE at term 0 for changeToCandidate
2019-06-14 14:56:08,794 INFO  impl.RoleInfo (RoleInfo.java:updateAndGet(143)) - 134b3927-5e26-404a-9043-960ced3cce8c: start LeaderElection
2019-06-14 14:56:08,808 INFO  impl.LeaderElection (LeaderElection.java:askForVotes(181)) - 134b3927-5e26-404a-9043-960ced3cce8c:group-25EB986A69AA:LeaderElection3: begin an election at term 1 for -1: [134b3927-5e26-404a-9043-960ced3cce8c:192.168.46.53:33399], old=null
2019-06-14 14:56:08,808 INFO  impl.RoleInfo (RoleInfo.java:shutdownLeaderElection(134)) - 134b3927-5e26-404a-9043-960ced3cce8c: shutdown LeaderElection
2019-06-14 14:56:08,808 INFO  impl.RaftServerImpl (RaftServerImpl.java:setRole(164)) - 134b3927-5e26-404a-9043-960ced3cce8c:group-25EB986A69AA changes role from CANDIDATE to LEADER at term 1 for changeToLeader
2019-06-14 14:56:08,808 INFO  impl.RaftServerImpl (ServerState.java:setLeader(263)) - 134b3927-5e26-404a-9043-960ced3cce8c:group-25EB986A69AA change Leader from null to 134b3927-5e26-404a-9043-960ced3cce8c at term 1 for becomeLeader, leader elected after 1028ms
2019-06-14 14:56:08,809 INFO  server.RaftServerConfigKeys (ConfUtils.java:logGet(43)) - raft.server.staging.catchup.gap = 1000 (default)
2019-06-14 14:56:08,810 INFO  server.RaftServerConfigKeys (ConfUtils.java:logGet(43)) - raft.server.rpc.sleep.time = 25ms (default)
2019-06-14 14:56:08,810 INFO  server.RaftServerConfigKeys (ConfUtils.java:logGet(43)) - raft.server.watch.timeout = 10s (default)
2019-06-14 14:56:08,810 INFO  server.RaftServerConfigKeys (ConfUtils.java:logGet(43)) - raft.server.watch.timeout.denomination = 1s (default)
2019-06-14 14:56:08,810 INFO  impl.RoleInfo (RoleInfo.java:updateAndGet(143)) - 134b3927-5e26-404a-9043-960ced3cce8c: start LeaderState
2019-06-14 14:56:08,810 INFO  storage.RaftLogWorker (RaftLogWorker.java:startLogSegment(298)) - 134b3927-5e26-404a-9043-960ced3cce8c-RaftLogWorker: Starting segment from index:0
2019-06-14 14:56:08,813 INFO  impl.RaftServerImpl (ServerState.java:setRaftConf(361)) - 134b3927-5e26-404a-9043-960ced3cce8c:group-25EB986A69AA set configuration 0: [134b3927-5e26-404a-9043-960ced3cce8c:192.168.46.53:33399], old=null at 0
2019-06-14 14:56:08,868 INFO  impl.FollowerState (FollowerState.java:run(101)) - 4f5fdf15-7d9e-4065-99d5-50c55e1739d0:group-B5C6C5F85E83 changes to CANDIDATE, lastRpcTime:1041, electionTimeout:1041ms
2019-06-14 14:56:08,868 INFO  impl.RoleInfo (RoleInfo.java:shutdownFollowerState(121)) - 4f5fdf15-7d9e-4065-99d5-50c55e1739d0: shutdown FollowerState
2019-06-14 14:56:08,868 INFO  impl.RaftServerImpl (RaftServerImpl.java:setRole(164)) - 4f5fdf15-7d9e-4065-99d5-50c55e1739d0:group-B5C6C5F85E83 changes role from FOLLOWER to CANDIDATE at term 0 for changeToCandidate
2019-06-14 14:56:08,868 INFO  impl.RoleInfo (RoleInfo.java:updateAndGet(143)) - 4f5fdf15-7d9e-4065-99d5-50c55e1739d0: start LeaderElection
2019-06-14 14:56:08,882 INFO  impl.LeaderElection (LeaderElection.java:askForVotes(181)) - 4f5fdf15-7d9e-4065-99d5-50c55e1739d0:group-B5C6C5F85E83:LeaderElection4: begin an election at term 1 for -1: [4f5fdf15-7d9e-4065-99d5-50c55e1739d0:192.168.46.53:45505], old=null
2019-06-14 14:56:08,882 INFO  impl.RoleInfo (RoleInfo.java:shutdownLeaderElection(134)) - 4f5fdf15-7d9e-4065-99d5-50c55e1739d0: shutdown LeaderElection
2019-06-14 14:56:08,882 INFO  impl.RaftServerImpl (RaftServerImpl.java:setRole(164)) - 4f5fdf15-7d9e-4065-99d5-50c55e1739d0:group-B5C6C5F85E83 changes role from CANDIDATE to LEADER at term 1 for changeToLeader
2019-06-14 14:56:08,882 INFO  impl.RaftServerImpl (ServerState.java:setLeader(263)) - 4f5fdf15-7d9e-4065-99d5-50c55e1739d0:group-B5C6C5F85E83 change Leader from null to 4f5fdf15-7d9e-4065-99d5-50c55e1739d0 at term 1 for becomeLeader, leader elected after 1058ms
2019-06-14 14:56:08,883 INFO  server.RaftServerConfigKeys (ConfUtils.java:logGet(43)) - raft.server.staging.catchup.gap = 1000 (default)
2019-06-14 14:56:08,883 INFO  server.RaftServerConfigKeys (ConfUtils.java:logGet(43)) - raft.server.rpc.sleep.time = 25ms (default)
2019-06-14 14:56:08,883 INFO  server.RaftServerConfigKeys (ConfUtils.java:logGet(43)) - raft.server.watch.timeout = 10s (default)
2019-06-14 14:56:08,883 INFO  server.RaftServerConfigKeys (ConfUtils.java:logGet(43)) - raft.server.watch.timeout.denomination = 1s (default)
2019-06-14 14:56:08,883 INFO  impl.RoleInfo (RoleInfo.java:updateAndGet(143)) - 4f5fdf15-7d9e-4065-99d5-50c55e1739d0: start LeaderState
2019-06-14 14:56:08,884 INFO  storage.RaftLogWorker (RaftLogWorker.java:startLogSegment(298)) - 4f5fdf15-7d9e-4065-99d5-50c55e1739d0-RaftLogWorker: Starting segment from index:0
2019-06-14 14:56:08,884 INFO  impl.RaftServerImpl (ServerState.java:setRaftConf(361)) - 4f5fdf15-7d9e-4065-99d5-50c55e1739d0:group-B5C6C5F85E83 set configuration 0: [4f5fdf15-7d9e-4065-99d5-50c55e1739d0:192.168.46.53:45505], old=null at 0
2019-06-14 14:56:09,013 INFO  impl.FollowerState (FollowerState.java:run(101)) - adf57f3d-bdcd-4cc4-9954-83aa5cf76cca:group-D3E0A349AF12 changes to CANDIDATE, lastRpcTime:1073, electionTimeout:1072ms
2019-06-14 14:56:09,014 INFO  impl.RoleInfo (RoleInfo.java:shutdownFollowerState(121)) - adf57f3d-bdcd-4cc4-9954-83aa5cf76cca: shutdown FollowerState
2019-06-14 14:56:09,014 INFO  impl.RaftServerImpl (RaftServerImpl.java:setRole(164)) - adf57f3d-bdcd-4cc4-9954-83aa5cf76cca:group-D3E0A349AF12 changes role from FOLLOWER to CANDIDATE at term 0 for changeToCandidate
2019-06-14 14:56:09,014 INFO  impl.RoleInfo (RoleInfo.java:updateAndGet(143)) - adf57f3d-bdcd-4cc4-9954-83aa5cf76cca: start LeaderElection
2019-06-14 14:56:09,053 INFO  impl.FollowerState (FollowerState.java:run(101)) - 92e66d6f-4436-43d4-808c-c8ff1186b7ac:group-D3E0A349AF12 changes to CANDIDATE, lastRpcTime:1137, electionTimeout:1097ms
2019-06-14 14:56:09,054 INFO  impl.RoleInfo (RoleInfo.java:shutdownFollowerState(121)) - 92e66d6f-4436-43d4-808c-c8ff1186b7ac: shutdown FollowerState
2019-06-14 14:56:09,054 INFO  impl.RaftServerImpl (RaftServerImpl.java:setRole(164)) - 92e66d6f-4436-43d4-808c-c8ff1186b7ac:group-D3E0A349AF12 changes role from FOLLOWER to CANDIDATE at term 0 for changeToCandidate
2019-06-14 14:56:09,054 INFO  impl.RoleInfo (RoleInfo.java:updateAndGet(143)) - 92e66d6f-4436-43d4-808c-c8ff1186b7ac: start LeaderElection
2019-06-14 14:56:09,058 INFO  storage.RaftLogWorker (RaftLogWorker.java:execute(469)) - 92e66d6f-4436-43d4-808c-c8ff1186b7ac-RaftLogWorker: created new log segment /opt/src/hadoop-ozone/integration-test/target/test-dir/MiniOzoneClusterImpl-3c8ea3b2-7e3c-4d36-a937-428d6977642f/datanode-0/data/ratis/c26d9034-3f0e-4fb5-90ad-ee6ebfd20d1b/current/log_inprogress_0
2019-06-14 14:56:09,059 INFO  storage.RaftLogWorker (RaftLogWorker.java:execute(469)) - 134b3927-5e26-404a-9043-960ced3cce8c-RaftLogWorker: created new log segment /opt/src/hadoop-ozone/integration-test/target/test-dir/MiniOzoneClusterImpl-3c8ea3b2-7e3c-4d36-a937-428d6977642f/datanode-2/data/ratis/38f8e390-70fd-4c42-a4ff-25eb986a69aa/current/log_inprogress_0
2019-06-14 14:56:09,059 INFO  storage.RaftLogWorker (RaftLogWorker.java:execute(469)) - 4f5fdf15-7d9e-4065-99d5-50c55e1739d0-RaftLogWorker: created new log segment /opt/src/hadoop-ozone/integration-test/target/test-dir/MiniOzoneClusterImpl-3c8ea3b2-7e3c-4d36-a937-428d6977642f/datanode-3/data/ratis/252dadcd-aecd-436e-b49a-b5c6c5f85e83/current/log_inprogress_0
2019-06-14 14:56:09,082 INFO  impl.FollowerState (FollowerState.java:run(101)) - 4f5fdf15-7d9e-4065-99d5-50c55e1739d0:group-D3E0A349AF12 changes to CANDIDATE, lastRpcTime:1151, electionTimeout:1127ms
2019-06-14 14:56:09,083 INFO  impl.RoleInfo (RoleInfo.java:shutdownFollowerState(121)) - 4f5fdf15-7d9e-4065-99d5-50c55e1739d0: shutdown FollowerState
2019-06-14 14:56:09,083 INFO  impl.RaftServerImpl (RaftServerImpl.java:setRole(164)) - 4f5fdf15-7d9e-4065-99d5-50c55e1739d0:group-D3E0A349AF12 changes role from FOLLOWER to CANDIDATE at term 0 for changeToCandidate
2019-06-14 14:56:09,083 INFO  impl.LeaderElection (LeaderElection.java:askForVotes(181)) - adf57f3d-bdcd-4cc4-9954-83aa5cf76cca:group-D3E0A349AF12:LeaderElection5: begin an election at term 1 for -1: [adf57f3d-bdcd-4cc4-9954-83aa5cf76cca:192.168.46.53:34557, 4f5fdf15-7d9e-4065-99d5-50c55e1739d0:192.168.46.53:45505, 92e66d6f-4436-43d4-808c-c8ff1186b7ac:192.168.46.53:40055], old=null
2019-06-14 14:56:09,083 INFO  impl.RoleInfo (RoleInfo.java:updateAndGet(143)) - 4f5fdf15-7d9e-4065-99d5-50c55e1739d0: start LeaderElection
2019-06-14 14:56:09,098 INFO  storage.RaftLogWorker (RaftLogWorker.java:execute(469)) - adf57f3d-bdcd-4cc4-9954-83aa5cf76cca-RaftLogWorker: created new log segment /opt/src/hadoop-ozone/integration-test/target/test-dir/MiniOzoneClusterImpl-3c8ea3b2-7e3c-4d36-a937-428d6977642f/datanode-1/data/ratis/d31abc4c-bf72-4eb4-a701-f5e89a44e031/current/log_inprogress_0
2019-06-14 14:56:09,123 INFO  impl.LeaderElection (LeaderElection.java:askForVotes(181)) - 92e66d6f-4436-43d4-808c-c8ff1186b7ac:group-D3E0A349AF12:LeaderElection6: begin an election at term 1 for -1: [adf57f3d-bdcd-4cc4-9954-83aa5cf76cca:192.168.46.53:34557, 4f5fdf15-7d9e-4065-99d5-50c55e1739d0:192.168.46.53:45505, 92e66d6f-4436-43d4-808c-c8ff1186b7ac:192.168.46.53:40055], old=null
2019-06-14 14:56:09,125 INFO  impl.LeaderElection (LeaderElection.java:askForVotes(181)) - 4f5fdf15-7d9e-4065-99d5-50c55e1739d0:group-D3E0A349AF12:LeaderElection7: begin an election at term 1 for -1: [adf57f3d-bdcd-4cc4-9954-83aa5cf76cca:192.168.46.53:34557, 4f5fdf15-7d9e-4065-99d5-50c55e1739d0:192.168.46.53:45505, 92e66d6f-4436-43d4-808c-c8ff1186b7ac:192.168.46.53:40055], old=null
2019-06-14 14:56:09,176 INFO  impl.FollowerState (FollowerState.java:run(101)) - 98317d6c-a41e-4e95-ac16-913d88933335:group-945AE84C1DE3 changes to CANDIDATE, lastRpcTime:1091, electionTimeout:1091ms
2019-06-14 14:56:09,176 INFO  impl.RoleInfo (RoleInfo.java:shutdownFollowerState(121)) - 98317d6c-a41e-4e95-ac16-913d88933335: shutdown FollowerState
2019-06-14 14:56:09,177 INFO  impl.RaftServerImpl (RaftServerImpl.java:setRole(164)) - 98317d6c-a41e-4e95-ac16-913d88933335:group-945AE84C1DE3 changes role from FOLLOWER to CANDIDATE at term 0 for changeToCandidate
2019-06-14 14:56:09,177 INFO  impl.RoleInfo (RoleInfo.java:updateAndGet(143)) - 98317d6c-a41e-4e95-ac16-913d88933335: start LeaderElection
2019-06-14 14:56:09,214 INFO  impl.LeaderElection (LeaderElection.java:askForVotes(181)) - 98317d6c-a41e-4e95-ac16-913d88933335:group-945AE84C1DE3:LeaderElection8: begin an election at term 1 for -1: [98317d6c-a41e-4e95-ac16-913d88933335:192.168.46.53:42375], old=null
2019-06-14 14:56:09,214 INFO  impl.RoleInfo (RoleInfo.java:shutdownLeaderElection(134)) - 98317d6c-a41e-4e95-ac16-913d88933335: shutdown LeaderElection
2019-06-14 14:56:09,242 INFO  impl.LeaderElection (LeaderElection.java:logAndReturn(56)) - adf57f3d-bdcd-4cc4-9954-83aa5cf76cca:group-D3E0A349AF12:LeaderElection5: Election REJECTED; received 2 response(s) [adf57f3d-bdcd-4cc4-9954-83aa5cf76cca->4f5fdf15-7d9e-4065-99d5-50c55e1739d0,false-t1, adf57f3d-bdcd-4cc4-9954-83aa5cf76cca->92e66d6f-4436-43d4-808c-c8ff1186b7ac,false-t1] and 0 exception(s); adf57f3d-bdcd-4cc4-9954-83aa5cf76cca:t1, leader=null, voted=adf57f3d-bdcd-4cc4-9954-83aa5cf76cca, raftlog=adf57f3d-bdcd-4cc4-9954-83aa5cf76cca-SegmentedRaftLog:OPENED:c-1,f-1,i0, conf=-1: [adf57f3d-bdcd-4cc4-9954-83aa5cf76cca:192.168.46.53:34557, 4f5fdf15-7d9e-4065-99d5-50c55e1739d0:192.168.46.53:45505, 92e66d6f-4436-43d4-808c-c8ff1186b7ac:192.168.46.53:40055], old=null
2019-06-14 14:56:09,242 INFO  impl.LeaderElection (LeaderElection.java:logAndReturn(56)) - 92e66d6f-4436-43d4-808c-c8ff1186b7ac:group-D3E0A349AF12:LeaderElection6: Election REJECTED; received 2 response(s) [92e66d6f-4436-43d4-808c-c8ff1186b7ac->adf57f3d-bdcd-4cc4-9954-83aa5cf76cca,false-t1, 92e66d6f-4436-43d4-808c-c8ff1186b7ac->4f5fdf15-7d9e-4065-99d5-50c55e1739d0,false-t1] and 0 exception(s); 92e66d6f-4436-43d4-808c-c8ff1186b7ac:t1, leader=null, voted=92e66d6f-4436-43d4-808c-c8ff1186b7ac, raftlog=92e66d6f-4436-43d4-808c-c8ff1186b7ac-SegmentedRaftLog:OPENED:c-1,f-1,i0, conf=-1: [adf57f3d-bdcd-4cc4-9954-83aa5cf76cca:192.168.46.53:34557, 4f5fdf15-7d9e-4065-99d5-50c55e1739d0:192.168.46.53:45505, 92e66d6f-4436-43d4-808c-c8ff1186b7ac:192.168.46.53:40055], old=null
2019-06-14 14:56:09,244 INFO  impl.RaftServerImpl (RaftServerImpl.java:setRole(164)) - 92e66d6f-4436-43d4-808c-c8ff1186b7ac:group-D3E0A349AF12 changes role from CANDIDATE to FOLLOWER at term 1 for DISCOVERED_A_NEW_TERM
2019-06-14 14:56:09,244 INFO  impl.RoleInfo (RoleInfo.java:shutdownLeaderElection(134)) - 92e66d6f-4436-43d4-808c-c8ff1186b7ac: shutdown LeaderElection
2019-06-14 14:56:09,244 INFO  impl.RoleInfo (RoleInfo.java:updateAndGet(143)) - 92e66d6f-4436-43d4-808c-c8ff1186b7ac: start FollowerState
2019-06-14 14:56:09,245 INFO  impl.RaftServerImpl (RaftServerImpl.java:setRole(164)) - adf57f3d-bdcd-4cc4-9954-83aa5cf76cca:group-D3E0A349AF12 changes role from CANDIDATE to FOLLOWER at term 1 for DISCOVERED_A_NEW_TERM
2019-06-14 14:56:09,258 INFO  impl.RoleInfo (RoleInfo.java:shutdownLeaderElection(134)) - adf57f3d-bdcd-4cc4-9954-83aa5cf76cca: shutdown LeaderElection
2019-06-14 14:56:09,258 INFO  impl.RoleInfo (RoleInfo.java:updateAndGet(143)) - adf57f3d-bdcd-4cc4-9954-83aa5cf76cca: start FollowerState
2019-06-14 14:56:09,245 INFO  impl.RaftServerImpl (RaftServerImpl.java:setRole(164)) - 98317d6c-a41e-4e95-ac16-913d88933335:group-945AE84C1DE3 changes role from CANDIDATE to LEADER at term 1 for changeToLeader
2019-06-14 14:56:09,276 INFO  impl.LeaderElection (LeaderElection.java:logAndReturn(56)) - 4f5fdf15-7d9e-4065-99d5-50c55e1739d0:group-D3E0A349AF12:LeaderElection7: Election REJECTED; received 2 response(s) [4f5fdf15-7d9e-4065-99d5-50c55e1739d0->adf57f3d-bdcd-4cc4-9954-83aa5cf76cca,false-t1, 4f5fdf15-7d9e-4065-99d5-50c55e1739d0->92e66d6f-4436-43d4-808c-c8ff1186b7ac,false-t1] and 0 exception(s); 4f5fdf15-7d9e-4065-99d5-50c55e1739d0:t1, leader=null, voted=4f5fdf15-7d9e-4065-99d5-50c55e1739d0, raftlog=4f5fdf15-7d9e-4065-99d5-50c55e1739d0-SegmentedRaftLog:OPENED:c-1,f-1,i0, conf=-1: [adf57f3d-bdcd-4cc4-9954-83aa5cf76cca:192.168.46.53:34557, 4f5fdf15-7d9e-4065-99d5-50c55e1739d0:192.168.46.53:45505, 92e66d6f-4436-43d4-808c-c8ff1186b7ac:192.168.46.53:40055], old=null
2019-06-14 14:56:09,277 INFO  impl.RaftServerImpl (RaftServerImpl.java:setRole(164)) - 4f5fdf15-7d9e-4065-99d5-50c55e1739d0:group-D3E0A349AF12 changes role from CANDIDATE to FOLLOWER at term 1 for DISCOVERED_A_NEW_TERM
2019-06-14 14:56:09,277 INFO  impl.RoleInfo (RoleInfo.java:shutdownLeaderElection(134)) - 4f5fdf15-7d9e-4065-99d5-50c55e1739d0: shutdown LeaderElection
2019-06-14 14:56:09,277 INFO  impl.RoleInfo (RoleInfo.java:updateAndGet(143)) - 4f5fdf15-7d9e-4065-99d5-50c55e1739d0: start FollowerState
2019-06-14 14:56:09,294 INFO  impl.RaftServerImpl (ServerState.java:setLeader(263)) - 98317d6c-a41e-4e95-ac16-913d88933335:group-945AE84C1DE3 change Leader from null to 98317d6c-a41e-4e95-ac16-913d88933335 at term 1 for becomeLeader, leader elected after 1211ms
2019-06-14 14:56:09,302 INFO  server.RaftServerConfigKeys (ConfUtils.java:logGet(43)) - raft.server.staging.catchup.gap = 1000 (default)
2019-06-14 14:56:09,303 INFO  server.RaftServerConfigKeys (ConfUtils.java:logGet(43)) - raft.server.rpc.sleep.time = 25ms (default)
2019-06-14 14:56:09,303 INFO  server.RaftServerConfigKeys (ConfUtils.java:logGet(43)) - raft.server.watch.timeout = 10s (default)
2019-06-14 14:56:09,303 INFO  server.RaftServerConfigKeys (ConfUtils.java:logGet(43)) - raft.server.watch.timeout.denomination = 1s (default)
2019-06-14 14:56:09,303 INFO  impl.RoleInfo (RoleInfo.java:updateAndGet(143)) - 98317d6c-a41e-4e95-ac16-913d88933335: start LeaderState
2019-06-14 14:56:09,303 INFO  storage.RaftLogWorker (RaftLogWorker.java:startLogSegment(298)) - 98317d6c-a41e-4e95-ac16-913d88933335-RaftLogWorker: Starting segment from index:0
2019-06-14 14:56:09,314 INFO  impl.RaftServerImpl (ServerState.java:setRaftConf(361)) - 98317d6c-a41e-4e95-ac16-913d88933335:group-945AE84C1DE3 set configuration 0: [98317d6c-a41e-4e95-ac16-913d88933335:192.168.46.53:42375], old=null at 0
2019-06-14 14:56:09,340 INFO  ozone.MiniOzoneClusterImpl (MiniOzoneClusterImpl.java:lambda$waitForClusterToBeReady$0(142)) - Cluster is ready. Got 6 of 6 DN Heartbeats.
2019-06-14 14:56:09,351 INFO  storage.RaftLogWorker (RaftLogWorker.java:execute(469)) - 98317d6c-a41e-4e95-ac16-913d88933335-RaftLogWorker: created new log segment /opt/src/hadoop-ozone/integration-test/target/test-dir/MiniOzoneClusterImpl-3c8ea3b2-7e3c-4d36-a937-428d6977642f/datanode-4/data/ratis/b0125f60-66f6-452e-87c2-945ae84c1de3/current/log_inprogress_0
]]></system-out>
    <system-err><![CDATA[ERROR StatusLogger No Log4j 2 configuration file found. Using default configuration (logging only errors to the console), or user programmatically provided configurations. Set system property 'log4j2.debug' to show Log4j 2 internal initialization logging. See https://logging.apache.org/log4j/2.x/manual/configuration.html for instructions on how to configure Log4j 2
Jun 14, 2019 2:56:02 PM com.sun.jersey.server.impl.application.WebApplicationImpl _initiate
INFO: Initiating Jersey application, version 'Jersey: 1.19 02/11/2015 03:25 AM'
Jun 14, 2019 2:56:03 PM com.sun.jersey.server.impl.application.WebApplicationImpl _initiate
INFO: Initiating Jersey application, version 'Jersey: 1.19 02/11/2015 03:25 AM'
Jun 14, 2019 2:56:03 PM com.sun.jersey.server.impl.application.WebApplicationImpl _initiate
INFO: Initiating Jersey application, version 'Jersey: 1.19 02/11/2015 03:25 AM'
Jun 14, 2019 2:56:03 PM com.sun.jersey.server.impl.application.WebApplicationImpl _initiate
INFO: Initiating Jersey application, version 'Jersey: 1.19 02/11/2015 03:25 AM'
Jun 14, 2019 2:56:03 PM com.sun.jersey.server.impl.application.WebApplicationImpl _initiate
INFO: Initiating Jersey application, version 'Jersey: 1.19 02/11/2015 03:25 AM'
Jun 14, 2019 2:56:04 PM com.sun.jersey.server.impl.application.WebApplicationImpl _initiate
INFO: Initiating Jersey application, version 'Jersey: 1.19 02/11/2015 03:25 AM'
]]></system-err>
  </testcase>
</testsuite>