<?xml version="1.0" encoding="UTF-8"?>
<testsuite xmlns:xsi="http://www.w3.org/2001/XMLSchema-instance" xsi:noNamespaceSchemaLocation="https://maven.apache.org/surefire/maven-surefire-plugin/xsd/surefire-test-report.xsd" name="org.apache.hadoop.hdds.scm.pipeline.TestNodeFailure" time="10.775" tests="1" errors="0" skipped="1" failures="0">
  <properties>
    <property name="awt.toolkit" value="sun.awt.X11.XToolkit"/>
    <property name="file.encoding.pkg" value="sun.io"/>
    <property name="java.specification.version" value="1.8"/>
    <property name="sun.cpu.isalist" value=""/>
    <property name="sun.jnu.encoding" value="UTF-8"/>
    <property name="java.class.path" value="/opt/src/hadoop-ozone/integration-test/target/test-classes:/opt/src/hadoop-ozone/integration-test/target/classes:/root/.m2/repository/org/apache/hadoop/hadoop-ozone-common/0.5.0-SNAPSHOT/hadoop-ozone-common-0.5.0-SNAPSHOT.jar:/root/.m2/repository/org/apache/commons/commons-compress/1.4.1/commons-compress-1.4.1.jar:/root/.m2/repository/org/tukaani/xz/1.0/xz-1.0.jar:/root/.m2/repository/org/apache/hadoop/hadoop-common/3.2.0/hadoop-common-3.2.0.jar:/root/.m2/repository/org/apache/hadoop/hadoop-hdfs/3.2.0/hadoop-hdfs-3.2.0.jar:/root/.m2/repository/org/apache/hadoop/hadoop-hdfs-client/3.2.0/hadoop-hdfs-client-3.2.0.jar:/root/.m2/repository/com/fasterxml/jackson/core/jackson-annotations/2.9.5/jackson-annotations-2.9.5.jar:/root/.m2/repository/org/apache/hadoop/hadoop-hdds-common/0.5.0-SNAPSHOT/hadoop-hdds-common-0.5.0-SNAPSHOT.jar:/root/.m2/repository/javax/annotation/javax.annotation-api/1.2/javax.annotation-api-1.2.jar:/root/.m2/repository/org/apache/ratis/ratis-server/0.4.0-fe2b15d-SNAPSHOT/ratis-server-0.4.0-fe2b15d-SNAPSHOT.jar:/root/.m2/repository/org/apache/ratis/ratis-thirdparty-misc/0.2.0/ratis-thirdparty-misc-0.2.0.jar:/root/.m2/repository/org/apache/ratis/ratis-proto/0.4.0-fe2b15d-SNAPSHOT/ratis-proto-0.4.0-fe2b15d-SNAPSHOT.jar:/root/.m2/repository/org/apache/ratis/ratis-common/0.4.0-fe2b15d-SNAPSHOT/ratis-common-0.4.0-fe2b15d-SNAPSHOT.jar:/root/.m2/repository/org/apache/ratis/ratis-client/0.4.0-fe2b15d-SNAPSHOT/ratis-client-0.4.0-fe2b15d-SNAPSHOT.jar:/root/.m2/repository/org/apache/ratis/ratis-netty/0.4.0-fe2b15d-SNAPSHOT/ratis-netty-0.4.0-fe2b15d-SNAPSHOT.jar:/root/.m2/repository/org/apache/ratis/ratis-grpc/0.4.0-fe2b15d-SNAPSHOT/ratis-grpc-0.4.0-fe2b15d-SNAPSHOT.jar:/root/.m2/repository/org/rocksdb/rocksdbjni/5.14.2/rocksdbjni-5.14.2.jar:/root/.m2/repository/org/apache/logging/log4j/log4j-api/2.11.0/log4j-api-2.11.0.jar:/root/.m2/repository/org/apache/logging/log4j/log4j-core/2.11.0/log4j-core-2.11.0.jar:/root/.m2/repository/com/lmax/disruptor/3.4.2/disruptor-3.4.2.jar:/root/.m2/repository/org/apache/commons/commons-pool2/2.6.0/commons-pool2-2.6.0.jar:/root/.m2/repository/org/bouncycastle/bcpkix-jdk15on/1.60/bcpkix-jdk15on-1.60.jar:/root/.m2/repository/commons-validator/commons-validator/1.6/commons-validator-1.6.jar:/root/.m2/repository/commons-digester/commons-digester/1.8.1/commons-digester-1.8.1.jar:/root/.m2/repository/io/jaegertracing/jaeger-client/0.33.1/jaeger-client-0.33.1.jar:/root/.m2/repository/io/jaegertracing/jaeger-thrift/0.33.1/jaeger-thrift-0.33.1.jar:/root/.m2/repository/org/apache/thrift/libthrift/0.11.0/libthrift-0.11.0.jar:/root/.m2/repository/com/squareup/okhttp3/okhttp/3.9.0/okhttp-3.9.0.jar:/root/.m2/repository/com/squareup/okio/okio/1.13.0/okio-1.13.0.jar:/root/.m2/repository/io/jaegertracing/jaeger-core/0.33.1/jaeger-core-0.33.1.jar:/root/.m2/repository/io/jaegertracing/jaeger-tracerresolver/0.33.1/jaeger-tracerresolver-0.33.1.jar:/root/.m2/repository/io/opentracing/contrib/opentracing-tracerresolver/0.1.5/opentracing-tracerresolver-0.1.5.jar:/root/.m2/repository/io/opentracing/opentracing-util/0.31.0/opentracing-util-0.31.0.jar:/root/.m2/repository/io/opentracing/opentracing-api/0.31.0/opentracing-api-0.31.0.jar:/root/.m2/repository/io/opentracing/opentracing-noop/0.31.0/opentracing-noop-0.31.0.jar:/root/.m2/repository/org/apache/hadoop/hadoop-hdds-server-framework/0.5.0-SNAPSHOT/hadoop-hdds-server-framework-0.5.0-SNAPSHOT.jar:/root/.m2/repository/org/apache/hadoop/hadoop-hdds-server-scm/0.5.0-SNAPSHOT/hadoop-hdds-server-scm-0.5.0-SNAPSHOT.jar:/root/.m2/repository/org/apache/hadoop/hadoop-hdds-container-service/0.5.0-SNAPSHOT/hadoop-hdds-container-service-0.5.0-SNAPSHOT.jar:/root/.m2/repository/org/apache/hadoop/hadoop-hdds-client/0.5.0-SNAPSHOT/hadoop-hdds-client-0.5.0-SNAPSHOT.jar:/root/.m2/repository/org/apache/hadoop/hadoop-hdds-tools/0.5.0-SNAPSHOT/hadoop-hdds-tools-0.5.0-SNAPSHOT.jar:/root/.m2/repository/org/apache/hadoop/hadoop-ozone-ozone-manager/0.5.0-SNAPSHOT/hadoop-ozone-ozone-manager-0.5.0-SNAPSHOT.jar:/root/.m2/repository/org/apache/hadoop/hadoop-hdds-docs/0.5.0-SNAPSHOT/hadoop-hdds-docs-0.5.0-SNAPSHOT.jar:/root/.m2/repository/org/bouncycastle/bcprov-jdk15on/1.60/bcprov-jdk15on-1.60.jar:/root/.m2/repository/org/apache/hadoop/hadoop-minikdc/3.2.0/hadoop-minikdc-3.2.0.jar:/root/.m2/repository/commons-io/commons-io/2.5/commons-io-2.5.jar:/root/.m2/repository/org/apache/kerby/kerb-simplekdc/1.0.1/kerb-simplekdc-1.0.1.jar:/root/.m2/repository/org/apache/kerby/kerb-client/1.0.1/kerb-client-1.0.1.jar:/root/.m2/repository/org/apache/kerby/kerby-config/1.0.1/kerby-config-1.0.1.jar:/root/.m2/repository/org/apache/kerby/kerb-core/1.0.1/kerb-core-1.0.1.jar:/root/.m2/repository/org/apache/kerby/kerby-pkix/1.0.1/kerby-pkix-1.0.1.jar:/root/.m2/repository/org/apache/kerby/kerby-asn1/1.0.1/kerby-asn1-1.0.1.jar:/root/.m2/repository/org/apache/kerby/kerby-util/1.0.1/kerby-util-1.0.1.jar:/root/.m2/repository/org/apache/kerby/kerb-common/1.0.1/kerb-common-1.0.1.jar:/root/.m2/repository/org/apache/kerby/kerb-crypto/1.0.1/kerb-crypto-1.0.1.jar:/root/.m2/repository/org/apache/kerby/kerb-util/1.0.1/kerb-util-1.0.1.jar:/root/.m2/repository/org/apache/kerby/token-provider/1.0.1/token-provider-1.0.1.jar:/root/.m2/repository/org/apache/kerby/kerb-admin/1.0.1/kerb-admin-1.0.1.jar:/root/.m2/repository/org/apache/kerby/kerb-server/1.0.1/kerb-server-1.0.1.jar:/root/.m2/repository/org/apache/kerby/kerb-identity/1.0.1/kerb-identity-1.0.1.jar:/root/.m2/repository/org/apache/kerby/kerby-xdr/1.0.1/kerby-xdr-1.0.1.jar:/root/.m2/repository/org/slf4j/slf4j-log4j12/1.7.25/slf4j-log4j12-1.7.25.jar:/root/.m2/repository/org/apache/hadoop/hadoop-ozone-objectstore-service/0.5.0-SNAPSHOT/hadoop-ozone-objectstore-service-0.5.0-SNAPSHOT.jar:/root/.m2/repository/org/apache/hadoop/hadoop-ozone-s3gateway/0.5.0-SNAPSHOT/hadoop-ozone-s3gateway-0.5.0-SNAPSHOT.jar:/root/.m2/repository/org/jboss/weld/servlet/weld-servlet/2.4.7.Final/weld-servlet-2.4.7.Final.jar:/root/.m2/repository/org/glassfish/jersey/containers/jersey-container-servlet-core/2.27/jersey-container-servlet-core-2.27.jar:/root/.m2/repository/org/glassfish/hk2/external/javax.inject/2.5.0-b42/javax.inject-2.5.0-b42.jar:/root/.m2/repository/org/glassfish/jersey/core/jersey-common/2.27/jersey-common-2.27.jar:/root/.m2/repository/org/glassfish/hk2/osgi-resource-locator/1.0.1/osgi-resource-locator-1.0.1.jar:/root/.m2/repository/javax/ws/rs/javax.ws.rs-api/2.1/javax.ws.rs-api-2.1.jar:/root/.m2/repository/org/glassfish/jersey/ext/cdi/jersey-cdi1x/2.27/jersey-cdi1x-2.27.jar:/root/.m2/repository/org/glassfish/jersey/inject/jersey-hk2/2.27/jersey-hk2-2.27.jar:/root/.m2/repository/org/glassfish/hk2/hk2-locator/2.5.0-b42/hk2-locator-2.5.0-b42.jar:/root/.m2/repository/org/javassist/javassist/3.22.0-CR2/javassist-3.22.0-CR2.jar:/root/.m2/repository/org/glassfish/hk2/hk2-api/2.5.0/hk2-api-2.5.0.jar:/root/.m2/repository/org/glassfish/hk2/external/jakarta.inject/2.5.0/jakarta.inject-2.5.0.jar:/root/.m2/repository/org/glassfish/hk2/hk2-utils/2.5.0/hk2-utils-2.5.0.jar:/root/.m2/repository/jakarta/annotation/jakarta.annotation-api/1.3.4/jakarta.annotation-api-1.3.4.jar:/root/.m2/repository/org/glassfish/hk2/external/aopalliance-repackaged/2.5.0/aopalliance-repackaged-2.5.0.jar:/root/.m2/repository/com/fasterxml/jackson/dataformat/jackson-dataformat-xml/2.9.0/jackson-dataformat-xml-2.9.0.jar:/root/.m2/repository/com/fasterxml/jackson/core/jackson-core/2.9.5/jackson-core-2.9.5.jar:/root/.m2/repository/com/fasterxml/jackson/module/jackson-module-jaxb-annotations/2.9.5/jackson-module-jaxb-annotations-2.9.5.jar:/root/.m2/repository/javax/enterprise/cdi-api/1.2/cdi-api-1.2.jar:/root/.m2/repository/javax/el/javax.el-api/3.0.0/javax.el-api-3.0.0.jar:/root/.m2/repository/javax/interceptor/javax.interceptor-api/1.2/javax.interceptor-api-1.2.jar:/root/.m2/repository/javax/inject/javax.inject/1/javax.inject-1.jar:/root/.m2/repository/com/sun/xml/bind/jaxb-impl/2.3.0.1/jaxb-impl-2.3.0.1.jar:/root/.m2/repository/com/sun/xml/bind/jaxb-core/2.3.0.1/jaxb-core-2.3.0.1.jar:/root/.m2/repository/javax/xml/bind/jaxb-api/2.3.0/jaxb-api-2.3.0.jar:/root/.m2/repository/javax/activation/activation/1.1.1/activation-1.1.1.jar:/root/.m2/repository/org/apache/hadoop/hadoop-ozone-csi/0.5.0-SNAPSHOT/hadoop-ozone-csi-0.5.0-SNAPSHOT.jar:/root/.m2/repository/com/google/protobuf/protobuf-java-util/3.5.1/protobuf-java-util-3.5.1.jar:/root/.m2/repository/org/apache/hadoop/hadoop-hdds-config/0.5.0-SNAPSHOT/hadoop-hdds-config-0.5.0-SNAPSHOT.jar:/root/.m2/repository/com/google/guava/guava/11.0.2/guava-11.0.2.jar:/root/.m2/repository/com/google/protobuf/protobuf-java/2.5.0/protobuf-java-2.5.0.jar:/root/.m2/repository/io/grpc/grpc-netty/1.17.1/grpc-netty-1.17.1.jar:/root/.m2/repository/io/grpc/grpc-core/1.17.1/grpc-core-1.17.1.jar:/root/.m2/repository/io/grpc/grpc-context/1.17.1/grpc-context-1.17.1.jar:/root/.m2/repository/com/google/errorprone/error_prone_annotations/2.2.0/error_prone_annotations-2.2.0.jar:/root/.m2/repository/org/codehaus/mojo/animal-sniffer-annotations/1.17/animal-sniffer-annotations-1.17.jar:/root/.m2/repository/io/opencensus/opencensus-api/0.17.0/opencensus-api-0.17.0.jar:/root/.m2/repository/io/opencensus/opencensus-contrib-grpc-metrics/0.17.0/opencensus-contrib-grpc-metrics-0.17.0.jar:/root/.m2/repository/io/netty/netty-codec-http2/4.1.30.Final/netty-codec-http2-4.1.30.Final.jar:/root/.m2/repository/io/netty/netty-codec-http/4.1.30.Final/netty-codec-http-4.1.30.Final.jar:/root/.m2/repository/io/netty/netty-codec/4.1.30.Final/netty-codec-4.1.30.Final.jar:/root/.m2/repository/io/netty/netty-handler/4.1.30.Final/netty-handler-4.1.30.Final.jar:/root/.m2/repository/io/netty/netty-handler-proxy/4.1.30.Final/netty-handler-proxy-4.1.30.Final.jar:/root/.m2/repository/io/netty/netty-codec-socks/4.1.30.Final/netty-codec-socks-4.1.30.Final.jar:/root/.m2/repository/io/netty/netty-transport-native-epoll/4.1.30.Final/netty-transport-native-epoll-4.1.30.Final.jar:/root/.m2/repository/io/netty/netty-common/4.1.30.Final/netty-common-4.1.30.Final.jar:/root/.m2/repository/io/netty/netty-buffer/4.1.30.Final/netty-buffer-4.1.30.Final.jar:/root/.m2/repository/io/netty/netty-transport/4.1.30.Final/netty-transport-4.1.30.Final.jar:/root/.m2/repository/io/netty/netty-resolver/4.1.30.Final/netty-resolver-4.1.30.Final.jar:/root/.m2/repository/io/netty/netty-transport-native-unix-common/4.1.30.Final/netty-transport-native-unix-common-4.1.30.Final.jar:/root/.m2/repository/io/grpc/grpc-protobuf/1.17.1/grpc-protobuf-1.17.1.jar:/root/.m2/repository/com/google/api/grpc/proto-google-common-protos/1.0.0/proto-google-common-protos-1.0.0.jar:/root/.m2/repository/io/grpc/grpc-protobuf-lite/1.17.1/grpc-protobuf-lite-1.17.1.jar:/root/.m2/repository/io/grpc/grpc-stub/1.17.1/grpc-stub-1.17.1.jar:/root/.m2/repository/org/apache/hadoop/hadoop-ozone-recon/0.5.0-SNAPSHOT/hadoop-ozone-recon-0.5.0-SNAPSHOT.jar:/root/.m2/repository/org/apache/hadoop/hadoop-ozone-reconcodegen/0.5.0-SNAPSHOT/hadoop-ozone-reconcodegen-0.5.0-SNAPSHOT.jar:/root/.m2/repository/com/google/inject/extensions/guice-multibindings/4.0/guice-multibindings-4.0.jar:/root/.m2/repository/com/google/inject/guice/4.0/guice-4.0.jar:/root/.m2/repository/aopalliance/aopalliance/1.0/aopalliance-1.0.jar:/root/.m2/repository/com/google/inject/extensions/guice-servlet/4.0/guice-servlet-4.0.jar:/root/.m2/repository/org/glassfish/jersey/containers/jersey-container-servlet/2.27/jersey-container-servlet-2.27.jar:/root/.m2/repository/org/glassfish/hk2/guice-bridge/2.5.0/guice-bridge-2.5.0.jar:/root/.m2/repository/org/glassfish/jersey/core/jersey-server/2.27/jersey-server-2.27.jar:/root/.m2/repository/org/glassfish/jersey/core/jersey-client/2.27/jersey-client-2.27.jar:/root/.m2/repository/org/glassfish/jersey/media/jersey-media-jaxb/2.27/jersey-media-jaxb-2.27.jar:/root/.m2/repository/javax/validation/validation-api/1.1.0.Final/validation-api-1.1.0.Final.jar:/root/.m2/repository/org/glassfish/jersey/media/jersey-media-json-jackson/2.27/jersey-media-json-jackson-2.27.jar:/root/.m2/repository/org/glassfish/jersey/ext/jersey-entity-filtering/2.27/jersey-entity-filtering-2.27.jar:/root/.m2/repository/com/google/inject/extensions/guice-assistedinject/4.0/guice-assistedinject-4.0.jar:/root/.m2/repository/org/jooq/jooq/3.11.10/jooq-3.11.10.jar:/root/.m2/repository/org/jooq/jooq-meta/3.11.10/jooq-meta-3.11.10.jar:/root/.m2/repository/org/jooq/jooq-codegen/3.11.10/jooq-codegen-3.11.10.jar:/root/.m2/repository/com/jolbox/bonecp/0.8.0.RELEASE/bonecp-0.8.0.RELEASE.jar:/root/.m2/repository/org/xerial/sqlite-jdbc/3.25.2/sqlite-jdbc-3.25.2.jar:/root/.m2/repository/org/springframework/spring-jdbc/5.1.3.RELEASE/spring-jdbc-5.1.3.RELEASE.jar:/root/.m2/repository/org/springframework/spring-beans/5.1.3.RELEASE/spring-beans-5.1.3.RELEASE.jar:/root/.m2/repository/org/springframework/spring-core/5.1.3.RELEASE/spring-core-5.1.3.RELEASE.jar:/root/.m2/repository/org/springframework/spring-jcl/5.1.3.RELEASE/spring-jcl-5.1.3.RELEASE.jar:/root/.m2/repository/org/springframework/spring-tx/5.1.3.RELEASE/spring-tx-5.1.3.RELEASE.jar:/root/.m2/repository/org/apache/hadoop/hadoop-ozone-client/0.5.0-SNAPSHOT/hadoop-ozone-client-0.5.0-SNAPSHOT.jar:/root/.m2/repository/org/apache/hadoop/hadoop-ozone-ozone-manager/0.5.0-SNAPSHOT/hadoop-ozone-ozone-manager-0.5.0-SNAPSHOT-tests.jar:/root/.m2/repository/junit/junit/4.11/junit-4.11.jar:/root/.m2/repository/org/hamcrest/hamcrest-core/1.3/hamcrest-core-1.3.jar:/root/.m2/repository/org/openjdk/jmh/jmh-core/1.19/jmh-core-1.19.jar:/root/.m2/repository/net/sf/jopt-simple/jopt-simple/4.6/jopt-simple-4.6.jar:/root/.m2/repository/org/apache/commons/commons-math3/3.1.1/commons-math3-3.1.1.jar:/root/.m2/repository/org/openjdk/jmh/jmh-generator-annprocess/1.19/jmh-generator-annprocess-1.19.jar:/root/.m2/repository/org/mockito/mockito-all/1.8.5/mockito-all-1.8.5.jar:/root/.m2/repository/org/apache/hadoop/hadoop-kms/3.2.0/hadoop-kms-3.2.0.jar:/root/.m2/repository/org/apache/hadoop/hadoop-auth/3.2.0/hadoop-auth-3.2.0.jar:/root/.m2/repository/com/nimbusds/nimbus-jose-jwt/4.41.1/nimbus-jose-jwt-4.41.1.jar:/root/.m2/repository/com/github/stephenc/jcip/jcip-annotations/1.0-1/jcip-annotations-1.0-1.jar:/root/.m2/repository/net/minidev/json-smart/2.3/json-smart-2.3.jar:/root/.m2/repository/net/minidev/accessors-smart/1.2/accessors-smart-1.2.jar:/root/.m2/repository/org/ow2/asm/asm/5.0.4/asm-5.0.4.jar:/root/.m2/repository/org/apache/curator/curator-framework/2.12.0/curator-framework-2.12.0.jar:/root/.m2/repository/com/sun/jersey/jersey-core/1.19/jersey-core-1.19.jar:/root/.m2/repository/javax/ws/rs/jsr311-api/1.1.1/jsr311-api-1.1.1.jar:/root/.m2/repository/com/sun/jersey/jersey-server/1.19/jersey-server-1.19.jar:/root/.m2/repository/javax/servlet/javax.servlet-api/3.1.0/javax.servlet-api-3.1.0.jar:/root/.m2/repository/org/eclipse/jetty/jetty-server/9.3.24.v20180605/jetty-server-9.3.24.v20180605.jar:/root/.m2/repository/org/eclipse/jetty/jetty-http/9.3.24.v20180605/jetty-http-9.3.24.v20180605.jar:/root/.m2/repository/org/eclipse/jetty/jetty-io/9.3.24.v20180605/jetty-io-9.3.24.v20180605.jar:/root/.m2/repository/org/eclipse/jetty/jetty-webapp/9.3.24.v20180605/jetty-webapp-9.3.24.v20180605.jar:/root/.m2/repository/org/eclipse/jetty/jetty-xml/9.3.24.v20180605/jetty-xml-9.3.24.v20180605.jar:/root/.m2/repository/log4j/log4j/1.2.17/log4j-1.2.17.jar:/root/.m2/repository/org/slf4j/slf4j-api/1.7.25/slf4j-api-1.7.25.jar:/root/.m2/repository/org/slf4j/jul-to-slf4j/1.7.25/jul-to-slf4j-1.7.25.jar:/root/.m2/repository/org/eclipse/jetty/jetty-util/9.3.24.v20180605/jetty-util-9.3.24.v20180605.jar:/root/.m2/repository/io/dropwizard/metrics/metrics-core/3.2.4/metrics-core-3.2.4.jar:/root/.m2/repository/com/fasterxml/jackson/core/jackson-databind/2.9.5/jackson-databind-2.9.5.jar:/root/.m2/repository/org/apache/hadoop/hadoop-kms/3.2.0/hadoop-kms-3.2.0-tests.jar:/root/.m2/repository/org/apache/hadoop/hadoop-hdds-server-scm/0.5.0-SNAPSHOT/hadoop-hdds-server-scm-0.5.0-SNAPSHOT-tests.jar:/root/.m2/repository/org/hamcrest/hamcrest-all/1.3/hamcrest-all-1.3.jar:/root/.m2/repository/info/picocli/picocli/3.9.6/picocli-3.9.6.jar:/root/.m2/repository/org/apache/hadoop/hadoop-hdds-container-service/0.5.0-SNAPSHOT/hadoop-hdds-container-service-0.5.0-SNAPSHOT-tests.jar:/root/.m2/repository/org/yaml/snakeyaml/1.16/snakeyaml-1.16.jar:/root/.m2/repository/org/apache/hadoop/hadoop-common/3.2.0/hadoop-common-3.2.0-tests.jar:/root/.m2/repository/org/apache/hadoop/hadoop-annotations/3.2.0/hadoop-annotations-3.2.0.jar:/usr/lib/jvm/java-1.8-openjdk/jre/../lib/tools.jar:/root/.m2/repository/commons-cli/commons-cli/1.2/commons-cli-1.2.jar:/root/.m2/repository/org/apache/httpcomponents/httpclient/4.5.2/httpclient-4.5.2.jar:/root/.m2/repository/org/apache/httpcomponents/httpcore/4.4.4/httpcore-4.4.4.jar:/root/.m2/repository/commons-codec/commons-codec/1.11/commons-codec-1.11.jar:/root/.m2/repository/commons-net/commons-net/3.6/commons-net-3.6.jar:/root/.m2/repository/commons-collections/commons-collections/3.2.2/commons-collections-3.2.2.jar:/root/.m2/repository/org/eclipse/jetty/jetty-servlet/9.3.24.v20180605/jetty-servlet-9.3.24.v20180605.jar:/root/.m2/repository/org/eclipse/jetty/jetty-security/9.3.24.v20180605/jetty-security-9.3.24.v20180605.jar:/root/.m2/repository/javax/servlet/jsp/jsp-api/2.1/jsp-api-2.1.jar:/root/.m2/repository/com/sun/jersey/jersey-servlet/1.19/jersey-servlet-1.19.jar:/root/.m2/repository/com/sun/jersey/jersey-json/1.19/jersey-json-1.19.jar:/root/.m2/repository/org/codehaus/jettison/jettison/1.1/jettison-1.1.jar:/root/.m2/repository/org/codehaus/jackson/jackson-core-asl/1.9.13/jackson-core-asl-1.9.13.jar:/root/.m2/repository/org/codehaus/jackson/jackson-mapper-asl/1.9.13/jackson-mapper-asl-1.9.13.jar:/root/.m2/repository/org/codehaus/jackson/jackson-jaxrs/1.9.13/jackson-jaxrs-1.9.13.jar:/root/.m2/repository/org/codehaus/jackson/jackson-xc/1.9.13/jackson-xc-1.9.13.jar:/root/.m2/repository/commons-logging/commons-logging/1.1.3/commons-logging-1.1.3.jar:/root/.m2/repository/commons-beanutils/commons-beanutils/1.9.3/commons-beanutils-1.9.3.jar:/root/.m2/repository/org/apache/commons/commons-configuration2/2.1.1/commons-configuration2-2.1.1.jar:/root/.m2/repository/org/apache/commons/commons-lang3/3.7/commons-lang3-3.7.jar:/root/.m2/repository/org/apache/commons/commons-text/1.4/commons-text-1.4.jar:/root/.m2/repository/org/apache/avro/avro/1.7.7/avro-1.7.7.jar:/root/.m2/repository/com/thoughtworks/paranamer/paranamer/2.3/paranamer-2.3.jar:/root/.m2/repository/org/xerial/snappy/snappy-java/1.0.5/snappy-java-1.0.5.jar:/root/.m2/repository/com/google/re2j/re2j/1.1/re2j-1.1.jar:/root/.m2/repository/com/google/code/gson/gson/2.2.4/gson-2.2.4.jar:/root/.m2/repository/com/jcraft/jsch/0.1.54/jsch-0.1.54.jar:/root/.m2/repository/org/apache/curator/curator-client/2.12.0/curator-client-2.12.0.jar:/root/.m2/repository/org/apache/curator/curator-recipes/2.12.0/curator-recipes-2.12.0.jar:/root/.m2/repository/com/google/code/findbugs/jsr305/3.0.0/jsr305-3.0.0.jar:/root/.m2/repository/org/apache/htrace/htrace-core4/4.1.0-incubating/htrace-core4-4.1.0-incubating.jar:/root/.m2/repository/org/apache/zookeeper/zookeeper/3.4.13/zookeeper-3.4.13.jar:/root/.m2/repository/org/apache/yetus/audience-annotations/0.5.0/audience-annotations-0.5.0.jar:/root/.m2/repository/org/codehaus/woodstox/stax2-api/3.1.4/stax2-api-3.1.4.jar:/root/.m2/repository/com/fasterxml/woodstox/woodstox-core/5.0.3/woodstox-core-5.0.3.jar:/root/.m2/repository/dnsjava/dnsjava/2.1.7/dnsjava-2.1.7.jar:/root/.m2/repository/org/apache/hadoop/hadoop-hdfs/3.2.0/hadoop-hdfs-3.2.0-tests.jar:/root/.m2/repository/org/eclipse/jetty/jetty-util-ajax/9.3.24.v20180605/jetty-util-ajax-9.3.24.v20180605.jar:/root/.m2/repository/commons-daemon/commons-daemon/1.0.13/commons-daemon-1.0.13.jar:/root/.m2/repository/io/netty/netty/3.10.5.Final/netty-3.10.5.Final.jar:/root/.m2/repository/io/netty/netty-all/4.0.52.Final/netty-all-4.0.52.Final.jar:/root/.m2/repository/org/fusesource/leveldbjni/leveldbjni-all/1.8/leveldbjni-all-1.8.jar:"/>
    <property name="java.vm.vendor" value="IcedTea"/>
    <property name="sun.arch.data.model" value="64"/>
    <property name="test.build.dir" value="/opt/src/hadoop-ozone/integration-test/target/test-dir"/>
    <property name="test.cache.data" value=""/>
    <property name="java.vendor.url" value="https://icedtea.classpath.org"/>
    <property name="user.timezone" value=""/>
    <property name="java.vm.specification.version" value="1.8"/>
    <property name="os.name" value="Linux"/>
    <property name="test.build.data" value="/opt/src/hadoop-ozone/integration-test/target/test-dir"/>
    <property name="user.country" value="US"/>
    <property name="sun.java.launcher" value="SUN_STANDARD"/>
    <property name="sun.boot.library.path" value="/usr/lib/jvm/java-1.8-openjdk/jre/lib/amd64"/>
    <property name="sun.java.command" value="/opt/src/hadoop-ozone/integration-test/target/surefire/surefirebooter5199750769638798013.jar /opt/src/hadoop-ozone/integration-test/target/surefire 2019-06-13T02-40-27_548-jvmRun1 surefire787832712597410380tmp surefire_83077448077392788963tmp"/>
    <property name="surefire.test.class.path" value="/opt/src/hadoop-ozone/integration-test/target/test-classes:/opt/src/hadoop-ozone/integration-test/target/classes:/root/.m2/repository/org/apache/hadoop/hadoop-ozone-common/0.5.0-SNAPSHOT/hadoop-ozone-common-0.5.0-SNAPSHOT.jar:/root/.m2/repository/org/apache/commons/commons-compress/1.4.1/commons-compress-1.4.1.jar:/root/.m2/repository/org/tukaani/xz/1.0/xz-1.0.jar:/root/.m2/repository/org/apache/hadoop/hadoop-common/3.2.0/hadoop-common-3.2.0.jar:/root/.m2/repository/org/apache/hadoop/hadoop-hdfs/3.2.0/hadoop-hdfs-3.2.0.jar:/root/.m2/repository/org/apache/hadoop/hadoop-hdfs-client/3.2.0/hadoop-hdfs-client-3.2.0.jar:/root/.m2/repository/com/fasterxml/jackson/core/jackson-annotations/2.9.5/jackson-annotations-2.9.5.jar:/root/.m2/repository/org/apache/hadoop/hadoop-hdds-common/0.5.0-SNAPSHOT/hadoop-hdds-common-0.5.0-SNAPSHOT.jar:/root/.m2/repository/javax/annotation/javax.annotation-api/1.2/javax.annotation-api-1.2.jar:/root/.m2/repository/org/apache/ratis/ratis-server/0.4.0-fe2b15d-SNAPSHOT/ratis-server-0.4.0-fe2b15d-SNAPSHOT.jar:/root/.m2/repository/org/apache/ratis/ratis-thirdparty-misc/0.2.0/ratis-thirdparty-misc-0.2.0.jar:/root/.m2/repository/org/apache/ratis/ratis-proto/0.4.0-fe2b15d-SNAPSHOT/ratis-proto-0.4.0-fe2b15d-SNAPSHOT.jar:/root/.m2/repository/org/apache/ratis/ratis-common/0.4.0-fe2b15d-SNAPSHOT/ratis-common-0.4.0-fe2b15d-SNAPSHOT.jar:/root/.m2/repository/org/apache/ratis/ratis-client/0.4.0-fe2b15d-SNAPSHOT/ratis-client-0.4.0-fe2b15d-SNAPSHOT.jar:/root/.m2/repository/org/apache/ratis/ratis-netty/0.4.0-fe2b15d-SNAPSHOT/ratis-netty-0.4.0-fe2b15d-SNAPSHOT.jar:/root/.m2/repository/org/apache/ratis/ratis-grpc/0.4.0-fe2b15d-SNAPSHOT/ratis-grpc-0.4.0-fe2b15d-SNAPSHOT.jar:/root/.m2/repository/org/rocksdb/rocksdbjni/5.14.2/rocksdbjni-5.14.2.jar:/root/.m2/repository/org/apache/logging/log4j/log4j-api/2.11.0/log4j-api-2.11.0.jar:/root/.m2/repository/org/apache/logging/log4j/log4j-core/2.11.0/log4j-core-2.11.0.jar:/root/.m2/repository/com/lmax/disruptor/3.4.2/disruptor-3.4.2.jar:/root/.m2/repository/org/apache/commons/commons-pool2/2.6.0/commons-pool2-2.6.0.jar:/root/.m2/repository/org/bouncycastle/bcpkix-jdk15on/1.60/bcpkix-jdk15on-1.60.jar:/root/.m2/repository/commons-validator/commons-validator/1.6/commons-validator-1.6.jar:/root/.m2/repository/commons-digester/commons-digester/1.8.1/commons-digester-1.8.1.jar:/root/.m2/repository/io/jaegertracing/jaeger-client/0.33.1/jaeger-client-0.33.1.jar:/root/.m2/repository/io/jaegertracing/jaeger-thrift/0.33.1/jaeger-thrift-0.33.1.jar:/root/.m2/repository/org/apache/thrift/libthrift/0.11.0/libthrift-0.11.0.jar:/root/.m2/repository/com/squareup/okhttp3/okhttp/3.9.0/okhttp-3.9.0.jar:/root/.m2/repository/com/squareup/okio/okio/1.13.0/okio-1.13.0.jar:/root/.m2/repository/io/jaegertracing/jaeger-core/0.33.1/jaeger-core-0.33.1.jar:/root/.m2/repository/io/jaegertracing/jaeger-tracerresolver/0.33.1/jaeger-tracerresolver-0.33.1.jar:/root/.m2/repository/io/opentracing/contrib/opentracing-tracerresolver/0.1.5/opentracing-tracerresolver-0.1.5.jar:/root/.m2/repository/io/opentracing/opentracing-util/0.31.0/opentracing-util-0.31.0.jar:/root/.m2/repository/io/opentracing/opentracing-api/0.31.0/opentracing-api-0.31.0.jar:/root/.m2/repository/io/opentracing/opentracing-noop/0.31.0/opentracing-noop-0.31.0.jar:/root/.m2/repository/org/apache/hadoop/hadoop-hdds-server-framework/0.5.0-SNAPSHOT/hadoop-hdds-server-framework-0.5.0-SNAPSHOT.jar:/root/.m2/repository/org/apache/hadoop/hadoop-hdds-server-scm/0.5.0-SNAPSHOT/hadoop-hdds-server-scm-0.5.0-SNAPSHOT.jar:/root/.m2/repository/org/apache/hadoop/hadoop-hdds-container-service/0.5.0-SNAPSHOT/hadoop-hdds-container-service-0.5.0-SNAPSHOT.jar:/root/.m2/repository/org/apache/hadoop/hadoop-hdds-client/0.5.0-SNAPSHOT/hadoop-hdds-client-0.5.0-SNAPSHOT.jar:/root/.m2/repository/org/apache/hadoop/hadoop-hdds-tools/0.5.0-SNAPSHOT/hadoop-hdds-tools-0.5.0-SNAPSHOT.jar:/root/.m2/repository/org/apache/hadoop/hadoop-ozone-ozone-manager/0.5.0-SNAPSHOT/hadoop-ozone-ozone-manager-0.5.0-SNAPSHOT.jar:/root/.m2/repository/org/apache/hadoop/hadoop-hdds-docs/0.5.0-SNAPSHOT/hadoop-hdds-docs-0.5.0-SNAPSHOT.jar:/root/.m2/repository/org/bouncycastle/bcprov-jdk15on/1.60/bcprov-jdk15on-1.60.jar:/root/.m2/repository/org/apache/hadoop/hadoop-minikdc/3.2.0/hadoop-minikdc-3.2.0.jar:/root/.m2/repository/commons-io/commons-io/2.5/commons-io-2.5.jar:/root/.m2/repository/org/apache/kerby/kerb-simplekdc/1.0.1/kerb-simplekdc-1.0.1.jar:/root/.m2/repository/org/apache/kerby/kerb-client/1.0.1/kerb-client-1.0.1.jar:/root/.m2/repository/org/apache/kerby/kerby-config/1.0.1/kerby-config-1.0.1.jar:/root/.m2/repository/org/apache/kerby/kerb-core/1.0.1/kerb-core-1.0.1.jar:/root/.m2/repository/org/apache/kerby/kerby-pkix/1.0.1/kerby-pkix-1.0.1.jar:/root/.m2/repository/org/apache/kerby/kerby-asn1/1.0.1/kerby-asn1-1.0.1.jar:/root/.m2/repository/org/apache/kerby/kerby-util/1.0.1/kerby-util-1.0.1.jar:/root/.m2/repository/org/apache/kerby/kerb-common/1.0.1/kerb-common-1.0.1.jar:/root/.m2/repository/org/apache/kerby/kerb-crypto/1.0.1/kerb-crypto-1.0.1.jar:/root/.m2/repository/org/apache/kerby/kerb-util/1.0.1/kerb-util-1.0.1.jar:/root/.m2/repository/org/apache/kerby/token-provider/1.0.1/token-provider-1.0.1.jar:/root/.m2/repository/org/apache/kerby/kerb-admin/1.0.1/kerb-admin-1.0.1.jar:/root/.m2/repository/org/apache/kerby/kerb-server/1.0.1/kerb-server-1.0.1.jar:/root/.m2/repository/org/apache/kerby/kerb-identity/1.0.1/kerb-identity-1.0.1.jar:/root/.m2/repository/org/apache/kerby/kerby-xdr/1.0.1/kerby-xdr-1.0.1.jar:/root/.m2/repository/org/slf4j/slf4j-log4j12/1.7.25/slf4j-log4j12-1.7.25.jar:/root/.m2/repository/org/apache/hadoop/hadoop-ozone-objectstore-service/0.5.0-SNAPSHOT/hadoop-ozone-objectstore-service-0.5.0-SNAPSHOT.jar:/root/.m2/repository/org/apache/hadoop/hadoop-ozone-s3gateway/0.5.0-SNAPSHOT/hadoop-ozone-s3gateway-0.5.0-SNAPSHOT.jar:/root/.m2/repository/org/jboss/weld/servlet/weld-servlet/2.4.7.Final/weld-servlet-2.4.7.Final.jar:/root/.m2/repository/org/glassfish/jersey/containers/jersey-container-servlet-core/2.27/jersey-container-servlet-core-2.27.jar:/root/.m2/repository/org/glassfish/hk2/external/javax.inject/2.5.0-b42/javax.inject-2.5.0-b42.jar:/root/.m2/repository/org/glassfish/jersey/core/jersey-common/2.27/jersey-common-2.27.jar:/root/.m2/repository/org/glassfish/hk2/osgi-resource-locator/1.0.1/osgi-resource-locator-1.0.1.jar:/root/.m2/repository/javax/ws/rs/javax.ws.rs-api/2.1/javax.ws.rs-api-2.1.jar:/root/.m2/repository/org/glassfish/jersey/ext/cdi/jersey-cdi1x/2.27/jersey-cdi1x-2.27.jar:/root/.m2/repository/org/glassfish/jersey/inject/jersey-hk2/2.27/jersey-hk2-2.27.jar:/root/.m2/repository/org/glassfish/hk2/hk2-locator/2.5.0-b42/hk2-locator-2.5.0-b42.jar:/root/.m2/repository/org/javassist/javassist/3.22.0-CR2/javassist-3.22.0-CR2.jar:/root/.m2/repository/org/glassfish/hk2/hk2-api/2.5.0/hk2-api-2.5.0.jar:/root/.m2/repository/org/glassfish/hk2/external/jakarta.inject/2.5.0/jakarta.inject-2.5.0.jar:/root/.m2/repository/org/glassfish/hk2/hk2-utils/2.5.0/hk2-utils-2.5.0.jar:/root/.m2/repository/jakarta/annotation/jakarta.annotation-api/1.3.4/jakarta.annotation-api-1.3.4.jar:/root/.m2/repository/org/glassfish/hk2/external/aopalliance-repackaged/2.5.0/aopalliance-repackaged-2.5.0.jar:/root/.m2/repository/com/fasterxml/jackson/dataformat/jackson-dataformat-xml/2.9.0/jackson-dataformat-xml-2.9.0.jar:/root/.m2/repository/com/fasterxml/jackson/core/jackson-core/2.9.5/jackson-core-2.9.5.jar:/root/.m2/repository/com/fasterxml/jackson/module/jackson-module-jaxb-annotations/2.9.5/jackson-module-jaxb-annotations-2.9.5.jar:/root/.m2/repository/javax/enterprise/cdi-api/1.2/cdi-api-1.2.jar:/root/.m2/repository/javax/el/javax.el-api/3.0.0/javax.el-api-3.0.0.jar:/root/.m2/repository/javax/interceptor/javax.interceptor-api/1.2/javax.interceptor-api-1.2.jar:/root/.m2/repository/javax/inject/javax.inject/1/javax.inject-1.jar:/root/.m2/repository/com/sun/xml/bind/jaxb-impl/2.3.0.1/jaxb-impl-2.3.0.1.jar:/root/.m2/repository/com/sun/xml/bind/jaxb-core/2.3.0.1/jaxb-core-2.3.0.1.jar:/root/.m2/repository/javax/xml/bind/jaxb-api/2.3.0/jaxb-api-2.3.0.jar:/root/.m2/repository/javax/activation/activation/1.1.1/activation-1.1.1.jar:/root/.m2/repository/org/apache/hadoop/hadoop-ozone-csi/0.5.0-SNAPSHOT/hadoop-ozone-csi-0.5.0-SNAPSHOT.jar:/root/.m2/repository/com/google/protobuf/protobuf-java-util/3.5.1/protobuf-java-util-3.5.1.jar:/root/.m2/repository/org/apache/hadoop/hadoop-hdds-config/0.5.0-SNAPSHOT/hadoop-hdds-config-0.5.0-SNAPSHOT.jar:/root/.m2/repository/com/google/guava/guava/11.0.2/guava-11.0.2.jar:/root/.m2/repository/com/google/protobuf/protobuf-java/2.5.0/protobuf-java-2.5.0.jar:/root/.m2/repository/io/grpc/grpc-netty/1.17.1/grpc-netty-1.17.1.jar:/root/.m2/repository/io/grpc/grpc-core/1.17.1/grpc-core-1.17.1.jar:/root/.m2/repository/io/grpc/grpc-context/1.17.1/grpc-context-1.17.1.jar:/root/.m2/repository/com/google/errorprone/error_prone_annotations/2.2.0/error_prone_annotations-2.2.0.jar:/root/.m2/repository/org/codehaus/mojo/animal-sniffer-annotations/1.17/animal-sniffer-annotations-1.17.jar:/root/.m2/repository/io/opencensus/opencensus-api/0.17.0/opencensus-api-0.17.0.jar:/root/.m2/repository/io/opencensus/opencensus-contrib-grpc-metrics/0.17.0/opencensus-contrib-grpc-metrics-0.17.0.jar:/root/.m2/repository/io/netty/netty-codec-http2/4.1.30.Final/netty-codec-http2-4.1.30.Final.jar:/root/.m2/repository/io/netty/netty-codec-http/4.1.30.Final/netty-codec-http-4.1.30.Final.jar:/root/.m2/repository/io/netty/netty-codec/4.1.30.Final/netty-codec-4.1.30.Final.jar:/root/.m2/repository/io/netty/netty-handler/4.1.30.Final/netty-handler-4.1.30.Final.jar:/root/.m2/repository/io/netty/netty-handler-proxy/4.1.30.Final/netty-handler-proxy-4.1.30.Final.jar:/root/.m2/repository/io/netty/netty-codec-socks/4.1.30.Final/netty-codec-socks-4.1.30.Final.jar:/root/.m2/repository/io/netty/netty-transport-native-epoll/4.1.30.Final/netty-transport-native-epoll-4.1.30.Final.jar:/root/.m2/repository/io/netty/netty-common/4.1.30.Final/netty-common-4.1.30.Final.jar:/root/.m2/repository/io/netty/netty-buffer/4.1.30.Final/netty-buffer-4.1.30.Final.jar:/root/.m2/repository/io/netty/netty-transport/4.1.30.Final/netty-transport-4.1.30.Final.jar:/root/.m2/repository/io/netty/netty-resolver/4.1.30.Final/netty-resolver-4.1.30.Final.jar:/root/.m2/repository/io/netty/netty-transport-native-unix-common/4.1.30.Final/netty-transport-native-unix-common-4.1.30.Final.jar:/root/.m2/repository/io/grpc/grpc-protobuf/1.17.1/grpc-protobuf-1.17.1.jar:/root/.m2/repository/com/google/api/grpc/proto-google-common-protos/1.0.0/proto-google-common-protos-1.0.0.jar:/root/.m2/repository/io/grpc/grpc-protobuf-lite/1.17.1/grpc-protobuf-lite-1.17.1.jar:/root/.m2/repository/io/grpc/grpc-stub/1.17.1/grpc-stub-1.17.1.jar:/root/.m2/repository/org/apache/hadoop/hadoop-ozone-recon/0.5.0-SNAPSHOT/hadoop-ozone-recon-0.5.0-SNAPSHOT.jar:/root/.m2/repository/org/apache/hadoop/hadoop-ozone-reconcodegen/0.5.0-SNAPSHOT/hadoop-ozone-reconcodegen-0.5.0-SNAPSHOT.jar:/root/.m2/repository/com/google/inject/extensions/guice-multibindings/4.0/guice-multibindings-4.0.jar:/root/.m2/repository/com/google/inject/guice/4.0/guice-4.0.jar:/root/.m2/repository/aopalliance/aopalliance/1.0/aopalliance-1.0.jar:/root/.m2/repository/com/google/inject/extensions/guice-servlet/4.0/guice-servlet-4.0.jar:/root/.m2/repository/org/glassfish/jersey/containers/jersey-container-servlet/2.27/jersey-container-servlet-2.27.jar:/root/.m2/repository/org/glassfish/hk2/guice-bridge/2.5.0/guice-bridge-2.5.0.jar:/root/.m2/repository/org/glassfish/jersey/core/jersey-server/2.27/jersey-server-2.27.jar:/root/.m2/repository/org/glassfish/jersey/core/jersey-client/2.27/jersey-client-2.27.jar:/root/.m2/repository/org/glassfish/jersey/media/jersey-media-jaxb/2.27/jersey-media-jaxb-2.27.jar:/root/.m2/repository/javax/validation/validation-api/1.1.0.Final/validation-api-1.1.0.Final.jar:/root/.m2/repository/org/glassfish/jersey/media/jersey-media-json-jackson/2.27/jersey-media-json-jackson-2.27.jar:/root/.m2/repository/org/glassfish/jersey/ext/jersey-entity-filtering/2.27/jersey-entity-filtering-2.27.jar:/root/.m2/repository/com/google/inject/extensions/guice-assistedinject/4.0/guice-assistedinject-4.0.jar:/root/.m2/repository/org/jooq/jooq/3.11.10/jooq-3.11.10.jar:/root/.m2/repository/org/jooq/jooq-meta/3.11.10/jooq-meta-3.11.10.jar:/root/.m2/repository/org/jooq/jooq-codegen/3.11.10/jooq-codegen-3.11.10.jar:/root/.m2/repository/com/jolbox/bonecp/0.8.0.RELEASE/bonecp-0.8.0.RELEASE.jar:/root/.m2/repository/org/xerial/sqlite-jdbc/3.25.2/sqlite-jdbc-3.25.2.jar:/root/.m2/repository/org/springframework/spring-jdbc/5.1.3.RELEASE/spring-jdbc-5.1.3.RELEASE.jar:/root/.m2/repository/org/springframework/spring-beans/5.1.3.RELEASE/spring-beans-5.1.3.RELEASE.jar:/root/.m2/repository/org/springframework/spring-core/5.1.3.RELEASE/spring-core-5.1.3.RELEASE.jar:/root/.m2/repository/org/springframework/spring-jcl/5.1.3.RELEASE/spring-jcl-5.1.3.RELEASE.jar:/root/.m2/repository/org/springframework/spring-tx/5.1.3.RELEASE/spring-tx-5.1.3.RELEASE.jar:/root/.m2/repository/org/apache/hadoop/hadoop-ozone-client/0.5.0-SNAPSHOT/hadoop-ozone-client-0.5.0-SNAPSHOT.jar:/root/.m2/repository/org/apache/hadoop/hadoop-ozone-ozone-manager/0.5.0-SNAPSHOT/hadoop-ozone-ozone-manager-0.5.0-SNAPSHOT-tests.jar:/root/.m2/repository/junit/junit/4.11/junit-4.11.jar:/root/.m2/repository/org/hamcrest/hamcrest-core/1.3/hamcrest-core-1.3.jar:/root/.m2/repository/org/openjdk/jmh/jmh-core/1.19/jmh-core-1.19.jar:/root/.m2/repository/net/sf/jopt-simple/jopt-simple/4.6/jopt-simple-4.6.jar:/root/.m2/repository/org/apache/commons/commons-math3/3.1.1/commons-math3-3.1.1.jar:/root/.m2/repository/org/openjdk/jmh/jmh-generator-annprocess/1.19/jmh-generator-annprocess-1.19.jar:/root/.m2/repository/org/mockito/mockito-all/1.8.5/mockito-all-1.8.5.jar:/root/.m2/repository/org/apache/hadoop/hadoop-kms/3.2.0/hadoop-kms-3.2.0.jar:/root/.m2/repository/org/apache/hadoop/hadoop-auth/3.2.0/hadoop-auth-3.2.0.jar:/root/.m2/repository/com/nimbusds/nimbus-jose-jwt/4.41.1/nimbus-jose-jwt-4.41.1.jar:/root/.m2/repository/com/github/stephenc/jcip/jcip-annotations/1.0-1/jcip-annotations-1.0-1.jar:/root/.m2/repository/net/minidev/json-smart/2.3/json-smart-2.3.jar:/root/.m2/repository/net/minidev/accessors-smart/1.2/accessors-smart-1.2.jar:/root/.m2/repository/org/ow2/asm/asm/5.0.4/asm-5.0.4.jar:/root/.m2/repository/org/apache/curator/curator-framework/2.12.0/curator-framework-2.12.0.jar:/root/.m2/repository/com/sun/jersey/jersey-core/1.19/jersey-core-1.19.jar:/root/.m2/repository/javax/ws/rs/jsr311-api/1.1.1/jsr311-api-1.1.1.jar:/root/.m2/repository/com/sun/jersey/jersey-server/1.19/jersey-server-1.19.jar:/root/.m2/repository/javax/servlet/javax.servlet-api/3.1.0/javax.servlet-api-3.1.0.jar:/root/.m2/repository/org/eclipse/jetty/jetty-server/9.3.24.v20180605/jetty-server-9.3.24.v20180605.jar:/root/.m2/repository/org/eclipse/jetty/jetty-http/9.3.24.v20180605/jetty-http-9.3.24.v20180605.jar:/root/.m2/repository/org/eclipse/jetty/jetty-io/9.3.24.v20180605/jetty-io-9.3.24.v20180605.jar:/root/.m2/repository/org/eclipse/jetty/jetty-webapp/9.3.24.v20180605/jetty-webapp-9.3.24.v20180605.jar:/root/.m2/repository/org/eclipse/jetty/jetty-xml/9.3.24.v20180605/jetty-xml-9.3.24.v20180605.jar:/root/.m2/repository/log4j/log4j/1.2.17/log4j-1.2.17.jar:/root/.m2/repository/org/slf4j/slf4j-api/1.7.25/slf4j-api-1.7.25.jar:/root/.m2/repository/org/slf4j/jul-to-slf4j/1.7.25/jul-to-slf4j-1.7.25.jar:/root/.m2/repository/org/eclipse/jetty/jetty-util/9.3.24.v20180605/jetty-util-9.3.24.v20180605.jar:/root/.m2/repository/io/dropwizard/metrics/metrics-core/3.2.4/metrics-core-3.2.4.jar:/root/.m2/repository/com/fasterxml/jackson/core/jackson-databind/2.9.5/jackson-databind-2.9.5.jar:/root/.m2/repository/org/apache/hadoop/hadoop-kms/3.2.0/hadoop-kms-3.2.0-tests.jar:/root/.m2/repository/org/apache/hadoop/hadoop-hdds-server-scm/0.5.0-SNAPSHOT/hadoop-hdds-server-scm-0.5.0-SNAPSHOT-tests.jar:/root/.m2/repository/org/hamcrest/hamcrest-all/1.3/hamcrest-all-1.3.jar:/root/.m2/repository/info/picocli/picocli/3.9.6/picocli-3.9.6.jar:/root/.m2/repository/org/apache/hadoop/hadoop-hdds-container-service/0.5.0-SNAPSHOT/hadoop-hdds-container-service-0.5.0-SNAPSHOT-tests.jar:/root/.m2/repository/org/yaml/snakeyaml/1.16/snakeyaml-1.16.jar:/root/.m2/repository/org/apache/hadoop/hadoop-common/3.2.0/hadoop-common-3.2.0-tests.jar:/root/.m2/repository/org/apache/hadoop/hadoop-annotations/3.2.0/hadoop-annotations-3.2.0.jar:/usr/lib/jvm/java-1.8-openjdk/jre/../lib/tools.jar:/root/.m2/repository/commons-cli/commons-cli/1.2/commons-cli-1.2.jar:/root/.m2/repository/org/apache/httpcomponents/httpclient/4.5.2/httpclient-4.5.2.jar:/root/.m2/repository/org/apache/httpcomponents/httpcore/4.4.4/httpcore-4.4.4.jar:/root/.m2/repository/commons-codec/commons-codec/1.11/commons-codec-1.11.jar:/root/.m2/repository/commons-net/commons-net/3.6/commons-net-3.6.jar:/root/.m2/repository/commons-collections/commons-collections/3.2.2/commons-collections-3.2.2.jar:/root/.m2/repository/org/eclipse/jetty/jetty-servlet/9.3.24.v20180605/jetty-servlet-9.3.24.v20180605.jar:/root/.m2/repository/org/eclipse/jetty/jetty-security/9.3.24.v20180605/jetty-security-9.3.24.v20180605.jar:/root/.m2/repository/javax/servlet/jsp/jsp-api/2.1/jsp-api-2.1.jar:/root/.m2/repository/com/sun/jersey/jersey-servlet/1.19/jersey-servlet-1.19.jar:/root/.m2/repository/com/sun/jersey/jersey-json/1.19/jersey-json-1.19.jar:/root/.m2/repository/org/codehaus/jettison/jettison/1.1/jettison-1.1.jar:/root/.m2/repository/org/codehaus/jackson/jackson-core-asl/1.9.13/jackson-core-asl-1.9.13.jar:/root/.m2/repository/org/codehaus/jackson/jackson-mapper-asl/1.9.13/jackson-mapper-asl-1.9.13.jar:/root/.m2/repository/org/codehaus/jackson/jackson-jaxrs/1.9.13/jackson-jaxrs-1.9.13.jar:/root/.m2/repository/org/codehaus/jackson/jackson-xc/1.9.13/jackson-xc-1.9.13.jar:/root/.m2/repository/commons-logging/commons-logging/1.1.3/commons-logging-1.1.3.jar:/root/.m2/repository/commons-beanutils/commons-beanutils/1.9.3/commons-beanutils-1.9.3.jar:/root/.m2/repository/org/apache/commons/commons-configuration2/2.1.1/commons-configuration2-2.1.1.jar:/root/.m2/repository/org/apache/commons/commons-lang3/3.7/commons-lang3-3.7.jar:/root/.m2/repository/org/apache/commons/commons-text/1.4/commons-text-1.4.jar:/root/.m2/repository/org/apache/avro/avro/1.7.7/avro-1.7.7.jar:/root/.m2/repository/com/thoughtworks/paranamer/paranamer/2.3/paranamer-2.3.jar:/root/.m2/repository/org/xerial/snappy/snappy-java/1.0.5/snappy-java-1.0.5.jar:/root/.m2/repository/com/google/re2j/re2j/1.1/re2j-1.1.jar:/root/.m2/repository/com/google/code/gson/gson/2.2.4/gson-2.2.4.jar:/root/.m2/repository/com/jcraft/jsch/0.1.54/jsch-0.1.54.jar:/root/.m2/repository/org/apache/curator/curator-client/2.12.0/curator-client-2.12.0.jar:/root/.m2/repository/org/apache/curator/curator-recipes/2.12.0/curator-recipes-2.12.0.jar:/root/.m2/repository/com/google/code/findbugs/jsr305/3.0.0/jsr305-3.0.0.jar:/root/.m2/repository/org/apache/htrace/htrace-core4/4.1.0-incubating/htrace-core4-4.1.0-incubating.jar:/root/.m2/repository/org/apache/zookeeper/zookeeper/3.4.13/zookeeper-3.4.13.jar:/root/.m2/repository/org/apache/yetus/audience-annotations/0.5.0/audience-annotations-0.5.0.jar:/root/.m2/repository/org/codehaus/woodstox/stax2-api/3.1.4/stax2-api-3.1.4.jar:/root/.m2/repository/com/fasterxml/woodstox/woodstox-core/5.0.3/woodstox-core-5.0.3.jar:/root/.m2/repository/dnsjava/dnsjava/2.1.7/dnsjava-2.1.7.jar:/root/.m2/repository/org/apache/hadoop/hadoop-hdfs/3.2.0/hadoop-hdfs-3.2.0-tests.jar:/root/.m2/repository/org/eclipse/jetty/jetty-util-ajax/9.3.24.v20180605/jetty-util-ajax-9.3.24.v20180605.jar:/root/.m2/repository/commons-daemon/commons-daemon/1.0.13/commons-daemon-1.0.13.jar:/root/.m2/repository/io/netty/netty/3.10.5.Final/netty-3.10.5.Final.jar:/root/.m2/repository/io/netty/netty-all/4.0.52.Final/netty-all-4.0.52.Final.jar:/root/.m2/repository/org/fusesource/leveldbjni/leveldbjni-all/1.8/leveldbjni-all-1.8.jar:"/>
    <property name="sun.cpu.endian" value="little"/>
    <property name="user.home" value="/root"/>
    <property name="user.language" value="en"/>
    <property name="java.specification.vendor" value="Oracle Corporation"/>
    <property name="java.home" value="/usr/lib/jvm/java-1.8-openjdk/jre"/>
    <property name="java.security.krb5.conf" value="/opt/src/hadoop-ozone/integration-test/target/test-classes/krb5.conf"/>
    <property name="basedir" value="/opt/src/hadoop-ozone/integration-test"/>
    <property name="file.separator" value="/"/>
    <property name="line.separator" value="&#10;"/>
    <property name="java.vm.specification.vendor" value="Oracle Corporation"/>
    <property name="java.specification.name" value="Java Platform API Specification"/>
    <property name="java.awt.graphicsenv" value="sun.awt.X11GraphicsEnvironment"/>
    <property name="surefire.real.class.path" value="/opt/src/hadoop-ozone/integration-test/target/surefire/surefirebooter5199750769638798013.jar"/>
    <property name="hadoop.log.dir" value="/opt/src/hadoop-ozone/integration-test/target/log"/>
    <property name="sun.boot.class.path" value="/usr/lib/jvm/java-1.8-openjdk/jre/lib/resources.jar:/usr/lib/jvm/java-1.8-openjdk/jre/lib/rt.jar:/usr/lib/jvm/java-1.8-openjdk/jre/lib/sunrsasign.jar:/usr/lib/jvm/java-1.8-openjdk/jre/lib/jsse.jar:/usr/lib/jvm/java-1.8-openjdk/jre/lib/jce.jar:/usr/lib/jvm/java-1.8-openjdk/jre/lib/charsets.jar:/usr/lib/jvm/java-1.8-openjdk/jre/lib/jfr.jar:/usr/lib/jvm/java-1.8-openjdk/jre/classes"/>
    <property name="sun.management.compiler" value="HotSpot 64-Bit Tiered Compilers"/>
    <property name="java.runtime.version" value="1.8.0_212-b04"/>
    <property name="java.net.preferIPv4Stack" value="true"/>
    <property name="user.name" value="root"/>
    <property name="path.separator" value=":"/>
    <property name="java.security.egd" value="file:///dev/urandom"/>
    <property name="os.version" value="4.15.0-1021-aws"/>
    <property name="java.endorsed.dirs" value="/usr/lib/jvm/java-1.8-openjdk/jre/lib/endorsed"/>
    <property name="java.runtime.name" value="OpenJDK Runtime Environment"/>
    <property name="file.encoding" value="UTF-8"/>
    <property name="java.vm.name" value="OpenJDK 64-Bit Server VM"/>
    <property name="test.build.webapps" value=""/>
    <property name="localRepository" value="/root/.m2/repository"/>
    <property name="java.vendor.url.bug" value="https://icedtea.classpath.org/bugzilla"/>
    <property name="java.io.tmpdir" value="/tmp"/>
    <property name="require.test.libhadoop" value=""/>
    <property name="java.version" value="1.8.0_212"/>
    <property name="user.dir" value="/opt/src/hadoop-ozone/integration-test"/>
    <property name="os.arch" value="amd64"/>
    <property name="java.vm.specification.name" value="Java Virtual Machine Specification"/>
    <property name="test.build.classes" value="/opt/src/hadoop-ozone/integration-test/target/test-classes"/>
    <property name="java.awt.printerjob" value="sun.print.PSPrinterJob"/>
    <property name="sun.os.patch.level" value="unknown"/>
    <property name="hadoop.tmp.dir" value="/opt/src/hadoop-ozone/integration-test/target/tmp"/>
    <property name="java.library.path" value="/usr/lib/jvm/java-1.8-openjdk/jre/lib/amd64/server:/usr/lib/jvm/java-1.8-openjdk/jre/lib/amd64:/usr/lib/jvm/java-1.8-openjdk/jre/../lib/amd64:/opt/src/hadoop-ozone/integration-test/target/native/target/usr/local/lib:/opt/src/hadoop-ozone/integration-test/../../hadoop-common-project/hadoop-common/target/native/target/usr/local/lib:/usr/java/packages/lib/amd64:/usr/lib64:/lib64:/lib:/usr/lib"/>
    <property name="java.vm.info" value="mixed mode"/>
    <property name="java.vendor" value="IcedTea"/>
    <property name="java.vm.version" value="25.212-b04"/>
    <property name="java.ext.dirs" value="/usr/lib/jvm/java-1.8-openjdk/jre/lib/ext:/usr/java/packages/lib/ext"/>
    <property name="sun.io.unicode.encoding" value="UnicodeLittle"/>
    <property name="java.class.version" value="52.0"/>
  </properties>
  <testcase name="testPipelineFail" classname="org.apache.hadoop.hdds.scm.pipeline.TestNodeFailure" time="0">
    <skipped/>
    <system-out><![CDATA[2019-06-13 02:44:46,464 WARN  server.ServerUtils (ServerUtils.java:getScmDbDir(145)) - ozone.scm.db.dirs is not configured. We recommend adding this setting. Falling back to ozone.metadata.dirs instead.
2019-06-13 02:44:46,541 WARN  server.ServerUtils (ServerUtils.java:getScmDbDir(145)) - ozone.scm.db.dirs is not configured. We recommend adding this setting. Falling back to ozone.metadata.dirs instead.
2019-06-13 02:44:46,545 WARN  server.ServerUtils (ServerUtils.java:getScmDbDir(145)) - ozone.scm.db.dirs is not configured. We recommend adding this setting. Falling back to ozone.metadata.dirs instead.
2019-06-13 02:44:46,564 INFO  util.log (Log.java:initialized(192)) - Logging initialized @846ms
2019-06-13 02:44:46,653 INFO  db.DBStoreBuilder (DBStoreBuilder.java:addTable(110)) - using custom profile for table: deletedBlocks
2019-06-13 02:44:46,653 INFO  db.DBStoreBuilder (DBStoreBuilder.java:processTables(161)) - Using default column profile:DBProfile.DISK for Table:deletedBlocks
2019-06-13 02:44:46,653 INFO  db.DBStoreBuilder (DBStoreBuilder.java:addTable(110)) - using custom profile for table: validCerts
2019-06-13 02:44:46,653 INFO  db.DBStoreBuilder (DBStoreBuilder.java:processTables(161)) - Using default column profile:DBProfile.DISK for Table:validCerts
2019-06-13 02:44:46,654 INFO  db.DBStoreBuilder (DBStoreBuilder.java:addTable(110)) - using custom profile for table: revokedCerts
2019-06-13 02:44:46,654 INFO  db.DBStoreBuilder (DBStoreBuilder.java:processTables(161)) - Using default column profile:DBProfile.DISK for Table:revokedCerts
2019-06-13 02:44:46,663 INFO  db.DBStoreBuilder (DBStoreBuilder.java:addTable(110)) - using custom profile for table: default
2019-06-13 02:44:46,663 INFO  db.DBStoreBuilder (DBStoreBuilder.java:processTables(167)) - Using default column profile:DBProfile.DISK for Table:default
2019-06-13 02:44:46,665 INFO  db.DBStoreBuilder (DBStoreBuilder.java:getDbProfile(198)) - Using default options. DBProfile.DISK
2019-06-13 02:44:46,731 INFO  node.SCMNodeManager (SCMNodeManager.java:<init>(108)) - Entering startup safe mode.
2019-06-13 02:44:46,788 INFO  net.NodeSchemaLoader (NodeSchemaLoader.java:loadSchemaFromFile(125)) - Loading file from sun.misc.CompoundEnumeration@443118b0
2019-06-13 02:44:46,790 INFO  net.NodeSchemaLoader (NodeSchemaLoader.java:loadSchema(171)) - Loading network topology layer schema file
2019-06-13 02:44:46,840 WARN  server.ServerUtils (ServerUtils.java:getScmDbDir(145)) - ozone.scm.db.dirs is not configured. We recommend adding this setting. Falling back to ozone.metadata.dirs instead.
2019-06-13 02:44:46,860 INFO  pipeline.SCMPipelineManager (SCMPipelineManager.java:initializePipelineState(126)) - No pipeline exists in current db
2019-06-13 02:44:46,861 WARN  server.ServerUtils (ServerUtils.java:getScmDbDir(145)) - ozone.scm.db.dirs is not configured. We recommend adding this setting. Falling back to ozone.metadata.dirs instead.
2019-06-13 02:44:46,915 WARN  events.EventQueue (EventQueue.java:fireEvent(175)) - No event handler registered for event TypedEvent{payloadType=SafeModeStatus, name='SafeModeStatus'}
2019-06-13 02:44:47,189 INFO  ipc.CallQueueManager (CallQueueManager.java:<init>(84)) - Using callQueue: class java.util.concurrent.LinkedBlockingQueue, queueCapacity: 2000, scheduler: class org.apache.hadoop.ipc.DefaultRpcScheduler, ipcBackoff: false.
2019-06-13 02:44:47,210 INFO  ipc.Server (Server.java:run(1074)) - Starting Socket Reader #1 for port 43793
2019-06-13 02:44:47,230 INFO  ipc.CallQueueManager (CallQueueManager.java:<init>(84)) - Using callQueue: class java.util.concurrent.LinkedBlockingQueue, queueCapacity: 2000, scheduler: class org.apache.hadoop.ipc.DefaultRpcScheduler, ipcBackoff: false.
2019-06-13 02:44:47,230 INFO  ipc.Server (Server.java:run(1074)) - Starting Socket Reader #1 for port 46417
2019-06-13 02:44:47,237 INFO  ipc.CallQueueManager (CallQueueManager.java:<init>(84)) - Using callQueue: class java.util.concurrent.LinkedBlockingQueue, queueCapacity: 2000, scheduler: class org.apache.hadoop.ipc.DefaultRpcScheduler, ipcBackoff: false.
2019-06-13 02:44:47,262 INFO  ipc.Server (Server.java:run(1074)) - Starting Socket Reader #1 for port 45719
2019-06-13 02:44:47,278 INFO  hdfs.DFSUtil (DFSUtil.java:httpServerTemplateForNNAndJN(1641)) - Starting Web-server for scm at: http://0.0.0.0:0
2019-06-13 02:44:47,411 INFO  server.AuthenticationFilter (AuthenticationFilter.java:constructSecretProvider(240)) - Unable to initialize FileSignerSecretProvider, falling back to use random secrets.
2019-06-13 02:44:47,416 WARN  http.HttpRequestLog (HttpRequestLog.java:getRequestLog(97)) - Jetty request log can only be enabled using Log4j
2019-06-13 02:44:47,423 INFO  http.HttpServer2 (HttpServer2.java:addGlobalFilter(975)) - Added global filter 'safety' (class=org.apache.hadoop.http.HttpServer2$QuotingInputFilter)
2019-06-13 02:44:47,425 INFO  http.HttpServer2 (HttpServer2.java:addFilter(948)) - Added filter static_user_filter (class=org.apache.hadoop.http.lib.StaticUserWebFilter$StaticUserFilter) to context scm
2019-06-13 02:44:47,425 INFO  http.HttpServer2 (HttpServer2.java:addFilter(958)) - Added filter static_user_filter (class=org.apache.hadoop.http.lib.StaticUserWebFilter$StaticUserFilter) to context logs
2019-06-13 02:44:47,425 INFO  http.HttpServer2 (HttpServer2.java:addFilter(958)) - Added filter static_user_filter (class=org.apache.hadoop.http.lib.StaticUserWebFilter$StaticUserFilter) to context static
2019-06-13 02:44:47,445 INFO  server.StorageContainerManager (StorageContainerManager.java:start(752)) - StorageContainerLocationProtocol RPC server is listening at /0.0.0.0:45719
2019-06-13 02:44:47,491 WARN  impl.MetricsConfig (MetricsConfig.java:loadFirst(134)) - Cannot locate configuration: tried hadoop-metrics2-storagecontainermanager.properties,hadoop-metrics2.properties
2019-06-13 02:44:47,501 INFO  impl.MetricsSystemImpl (MetricsSystemImpl.java:startTimer(374)) - Scheduled Metric snapshot period at 10 second(s).
2019-06-13 02:44:47,502 INFO  impl.MetricsSystemImpl (MetricsSystemImpl.java:start(191)) - StorageContainerManager metrics system started
2019-06-13 02:44:47,669 INFO  server.SCMClientProtocolServer (SCMClientProtocolServer.java:start(149)) - RPC server for Client  is listening at /0.0.0.0:45719
2019-06-13 02:44:47,671 INFO  ipc.Server (Server.java:run(1314)) - IPC Server Responder: starting
2019-06-13 02:44:47,671 INFO  ipc.Server (Server.java:run(1153)) - IPC Server listener on 45719: starting
2019-06-13 02:44:47,674 INFO  server.StorageContainerManager (StorageContainerManager.java:start(761)) - ScmBlockLocationProtocol RPC server is listening at /0.0.0.0:46417
2019-06-13 02:44:47,674 INFO  server.SCMBlockProtocolServer (SCMBlockProtocolServer.java:start(137)) - RPC server for Block Protocol is listening at /0.0.0.0:46417
2019-06-13 02:44:47,674 INFO  ipc.Server (Server.java:run(1314)) - IPC Server Responder: starting
2019-06-13 02:44:47,674 INFO  ipc.Server (Server.java:run(1153)) - IPC Server listener on 46417: starting
2019-06-13 02:44:47,676 INFO  server.StorageContainerManager (StorageContainerManager.java:start(765)) - ScmDatanodeProtocl RPC server is listening at /0.0.0.0:43793
2019-06-13 02:44:47,677 INFO  server.SCMDatanodeProtocolServer (SCMDatanodeProtocolServer.java:start(191)) - RPC server for DataNodes is listening at /0.0.0.0:43793
2019-06-13 02:44:47,677 INFO  ipc.Server (Server.java:run(1314)) - IPC Server Responder: starting
2019-06-13 02:44:47,677 INFO  ipc.Server (Server.java:run(1153)) - IPC Server listener on 43793: starting
2019-06-13 02:44:47,680 INFO  http.HttpServer2 (HttpServer2.java:bindListener(1191)) - Jetty bound to port 36683
2019-06-13 02:44:47,682 INFO  server.Server (Server.java:doStart(351)) - jetty-9.3.24.v20180605, build timestamp: 2018-06-05T17:11:56Z, git hash: 84205aa28f11a4f31f2a3b86d1bba2cc8ab69827
2019-06-13 02:44:47,721 INFO  handler.ContextHandler (ContextHandler.java:doStart(781)) - Started o.e.j.s.ServletContextHandler@2df6226d{/logs,file:///opt/src/hadoop-ozone/integration-test/target/log,AVAILABLE}
2019-06-13 02:44:47,722 INFO  handler.ContextHandler (ContextHandler.java:doStart(781)) - Started o.e.j.s.ServletContextHandler@4ff4357f{/static,file:///opt/src/hadoop-ozone/integration-test/target/test-classes/webapps/static,AVAILABLE}
2019-06-13 02:44:47,756 INFO  handler.ContextHandler (ContextHandler.java:doStart(781)) - Started o.e.j.w.WebAppContext@2484f433{/,file:///opt/src/hadoop-ozone/integration-test/target/test-classes/webapps/scm/,AVAILABLE}{/scm}
2019-06-13 02:44:47,762 INFO  server.AbstractConnector (AbstractConnector.java:doStart(278)) - Started ServerConnector@37fbb37b{HTTP/1.1,[http/1.1]}{0.0.0.0:36683}
2019-06-13 02:44:47,763 INFO  server.Server (Server.java:doStart(419)) - Started @2045ms
2019-06-13 02:44:47,764 INFO  server.BaseHttpServer (BaseHttpServer.java:updateConnectorAddress(207)) - HTTP server of SCM is listening at http://0.0.0.0:36683
2019-06-13 02:44:47,775 INFO  util.JvmPauseMonitor (JvmPauseMonitor.java:run(188)) - Starting JVM pause monitor
2019-06-13 02:44:47,778 WARN  scm.ScmUtils (ScmUtils.java:getDBPath(63)) - ozone.om.db.dirs is not configured. We recommend adding this setting. Falling back to ozone.metadata.dirs instead.
2019-06-13 02:44:47,864 WARN  scm.ScmUtils (ScmUtils.java:getDBPath(63)) - ozone.om.db.dirs is not configured. We recommend adding this setting. Falling back to ozone.metadata.dirs instead.
2019-06-13 02:44:47,865 INFO  om.OzoneManager (OzoneManager.java:setOMNodeDetails(519)) - OM Service ID is not set. Setting it to the default ID: omServiceIdDefault
2019-06-13 02:44:47,866 INFO  om.OzoneManager (OzoneManager.java:setOMNodeDetails(525)) - OM Node ID is not set. Setting it to the OmStorage's OmID: c580f85e-7e0d-4ad4-a467-bd7d2eb10be8
2019-06-13 02:44:47,867 WARN  scm.HddsServerUtil (HddsServerUtil.java:getDefaultRatisDirectory(354)) - Storage directory for Ratis is not configured. It is a good idea to map this to an SSD disk. Falling back to ozone.metadata.dirs
2019-06-13 02:44:47,867 WARN  scm.HddsServerUtil (HddsServerUtil.java:getDefaultRatisDirectory(354)) - Storage directory for Ratis is not configured. It is a good idea to map this to an SSD disk. Falling back to ozone.metadata.dirs
2019-06-13 02:44:47,868 INFO  om.OzoneManager (OzoneManager.java:loadOMHAConfigs(476)) - Found matching OM address with OMServiceId: null, OMNodeId: null, RPC Address: localhost:0 and Ratis port: 9872
2019-06-13 02:44:48,032 WARN  scm.ScmUtils (ScmUtils.java:getDBPath(63)) - ozone.om.db.dirs is not configured. We recommend adding this setting. Falling back to ozone.metadata.dirs instead.
2019-06-13 02:44:48,037 INFO  db.DBStoreBuilder (DBStoreBuilder.java:addTable(110)) - using custom profile for table: userTable
2019-06-13 02:44:48,037 INFO  db.DBStoreBuilder (DBStoreBuilder.java:processTables(161)) - Using default column profile:DBProfile.DISK for Table:userTable
2019-06-13 02:44:48,038 INFO  db.DBStoreBuilder (DBStoreBuilder.java:addTable(110)) - using custom profile for table: volumeTable
2019-06-13 02:44:48,038 INFO  db.DBStoreBuilder (DBStoreBuilder.java:processTables(161)) - Using default column profile:DBProfile.DISK for Table:volumeTable
2019-06-13 02:44:48,038 INFO  db.DBStoreBuilder (DBStoreBuilder.java:addTable(110)) - using custom profile for table: bucketTable
2019-06-13 02:44:48,038 INFO  db.DBStoreBuilder (DBStoreBuilder.java:processTables(161)) - Using default column profile:DBProfile.DISK for Table:bucketTable
2019-06-13 02:44:48,038 INFO  db.DBStoreBuilder (DBStoreBuilder.java:addTable(110)) - using custom profile for table: keyTable
2019-06-13 02:44:48,038 INFO  db.DBStoreBuilder (DBStoreBuilder.java:processTables(161)) - Using default column profile:DBProfile.DISK for Table:keyTable
2019-06-13 02:44:48,039 INFO  db.DBStoreBuilder (DBStoreBuilder.java:addTable(110)) - using custom profile for table: deletedTable
2019-06-13 02:44:48,039 INFO  db.DBStoreBuilder (DBStoreBuilder.java:processTables(161)) - Using default column profile:DBProfile.DISK for Table:deletedTable
2019-06-13 02:44:48,039 INFO  db.DBStoreBuilder (DBStoreBuilder.java:addTable(110)) - using custom profile for table: openKeyTable
2019-06-13 02:44:48,039 INFO  db.DBStoreBuilder (DBStoreBuilder.java:processTables(161)) - Using default column profile:DBProfile.DISK for Table:openKeyTable
2019-06-13 02:44:48,039 INFO  db.DBStoreBuilder (DBStoreBuilder.java:addTable(110)) - using custom profile for table: s3Table
2019-06-13 02:44:48,039 INFO  db.DBStoreBuilder (DBStoreBuilder.java:processTables(161)) - Using default column profile:DBProfile.DISK for Table:s3Table
2019-06-13 02:44:48,040 INFO  db.DBStoreBuilder (DBStoreBuilder.java:addTable(110)) - using custom profile for table: multipartInfoTable
2019-06-13 02:44:48,040 INFO  db.DBStoreBuilder (DBStoreBuilder.java:processTables(161)) - Using default column profile:DBProfile.DISK for Table:multipartInfoTable
2019-06-13 02:44:48,040 INFO  db.DBStoreBuilder (DBStoreBuilder.java:addTable(110)) - using custom profile for table: dTokenTable
2019-06-13 02:44:48,040 INFO  db.DBStoreBuilder (DBStoreBuilder.java:processTables(161)) - Using default column profile:DBProfile.DISK for Table:dTokenTable
2019-06-13 02:44:48,040 INFO  db.DBStoreBuilder (DBStoreBuilder.java:addTable(110)) - using custom profile for table: s3SecretTable
2019-06-13 02:44:48,040 INFO  db.DBStoreBuilder (DBStoreBuilder.java:processTables(161)) - Using default column profile:DBProfile.DISK for Table:s3SecretTable
2019-06-13 02:44:48,041 INFO  db.DBStoreBuilder (DBStoreBuilder.java:addTable(110)) - using custom profile for table: prefixTable
2019-06-13 02:44:48,041 INFO  db.DBStoreBuilder (DBStoreBuilder.java:processTables(161)) - Using default column profile:DBProfile.DISK for Table:prefixTable
2019-06-13 02:44:48,041 INFO  db.DBStoreBuilder (DBStoreBuilder.java:addTable(110)) - using custom profile for table: default
2019-06-13 02:44:48,041 INFO  db.DBStoreBuilder (DBStoreBuilder.java:processTables(167)) - Using default column profile:DBProfile.DISK for Table:default
2019-06-13 02:44:48,041 INFO  db.DBStoreBuilder (DBStoreBuilder.java:getDbProfile(198)) - Using default options. DBProfile.DISK
2019-06-13 02:44:48,533 INFO  ipc.CallQueueManager (CallQueueManager.java:<init>(84)) - Using callQueue: class java.util.concurrent.LinkedBlockingQueue, queueCapacity: 2000, scheduler: class org.apache.hadoop.ipc.DefaultRpcScheduler, ipcBackoff: false.
2019-06-13 02:44:48,533 INFO  ipc.Server (Server.java:run(1074)) - Starting Socket Reader #1 for port 44597
2019-06-13 02:44:48,556 WARN  scm.ScmUtils (ScmUtils.java:getDBPath(63)) - ozone.om.db.dirs is not configured. We recommend adding this setting. Falling back to ozone.metadata.dirs instead.
2019-06-13 02:44:48,556 INFO  om.OzoneManager (OzoneManager.java:start(1217)) - OzoneManager RPC server is listening at localhost/127.0.0.1:44597
2019-06-13 02:44:48,557 INFO  impl.MetricsSystemImpl (MetricsSystemImpl.java:init(158)) - OzoneManager metrics system started (again)
2019-06-13 02:44:48,557 INFO  ipc.Server (Server.java:run(1314)) - IPC Server Responder: starting
2019-06-13 02:44:48,557 INFO  ipc.Server (Server.java:run(1153)) - IPC Server listener on 44597: starting
2019-06-13 02:44:48,582 INFO  hdfs.DFSUtil (DFSUtil.java:httpServerTemplateForNNAndJN(1641)) - Starting Web-server for ozoneManager at: http://0.0.0.0:0
2019-06-13 02:44:48,583 INFO  server.AuthenticationFilter (AuthenticationFilter.java:constructSecretProvider(240)) - Unable to initialize FileSignerSecretProvider, falling back to use random secrets.
2019-06-13 02:44:48,583 WARN  http.HttpRequestLog (HttpRequestLog.java:getRequestLog(97)) - Jetty request log can only be enabled using Log4j
2019-06-13 02:44:48,585 INFO  http.HttpServer2 (HttpServer2.java:addGlobalFilter(975)) - Added global filter 'safety' (class=org.apache.hadoop.http.HttpServer2$QuotingInputFilter)
2019-06-13 02:44:48,586 INFO  http.HttpServer2 (HttpServer2.java:addFilter(948)) - Added filter static_user_filter (class=org.apache.hadoop.http.lib.StaticUserWebFilter$StaticUserFilter) to context ozoneManager
2019-06-13 02:44:48,586 INFO  http.HttpServer2 (HttpServer2.java:addFilter(958)) - Added filter static_user_filter (class=org.apache.hadoop.http.lib.StaticUserWebFilter$StaticUserFilter) to context logs
2019-06-13 02:44:48,586 INFO  http.HttpServer2 (HttpServer2.java:addFilter(958)) - Added filter static_user_filter (class=org.apache.hadoop.http.lib.StaticUserWebFilter$StaticUserFilter) to context static
2019-06-13 02:44:48,588 INFO  http.HttpServer2 (HttpServer2.java:bindListener(1191)) - Jetty bound to port 38799
2019-06-13 02:44:48,588 INFO  server.Server (Server.java:doStart(351)) - jetty-9.3.24.v20180605, build timestamp: 2018-06-05T17:11:56Z, git hash: 84205aa28f11a4f31f2a3b86d1bba2cc8ab69827
2019-06-13 02:44:48,594 INFO  handler.ContextHandler (ContextHandler.java:doStart(781)) - Started o.e.j.s.ServletContextHandler@7c2a69b4{/logs,file:///opt/src/hadoop-ozone/integration-test/target/log,AVAILABLE}
2019-06-13 02:44:48,594 INFO  handler.ContextHandler (ContextHandler.java:doStart(781)) - Started o.e.j.s.ServletContextHandler@648ee871{/static,file:///opt/src/hadoop-ozone/integration-test/target/test-classes/webapps/static,AVAILABLE}
2019-06-13 02:44:48,598 INFO  handler.ContextHandler (ContextHandler.java:doStart(781)) - Started o.e.j.w.WebAppContext@6f012914{/,file:///opt/src/hadoop-ozone/integration-test/target/test-classes/webapps/ozoneManager/,AVAILABLE}{/ozoneManager}
2019-06-13 02:44:48,599 INFO  server.AbstractConnector (AbstractConnector.java:doStart(278)) - Started ServerConnector@18fdb6cf{HTTP/1.1,[http/1.1]}{0.0.0.0:38799}
2019-06-13 02:44:48,599 INFO  server.Server (Server.java:doStart(419)) - Started @2881ms
2019-06-13 02:44:48,600 INFO  server.BaseHttpServer (BaseHttpServer.java:updateConnectorAddress(207)) - HTTP server of OZONEMANAGER is listening at http://0.0.0.0:38799
2019-06-13 02:44:48,752 INFO  impl.MetricsSystemImpl (MetricsSystemImpl.java:init(158)) - HddsDatanode metrics system started (again)
2019-06-13 02:44:48,893 INFO  ozone.HddsDatanodeService (HddsDatanodeService.java:start(185)) - HddsDatanodeService host:ozone-vw7bt-3973109627 ip:192.168.19.16
2019-06-13 02:44:48,915 INFO  volume.HddsVolume (HddsVolume.java:<init>(176)) - Creating Volume: /opt/src/hadoop-ozone/integration-test/target/test-dir/MiniOzoneClusterImpl-6bab4eeb-f86e-496e-b90b-84f77322a42c/datanode-0/data/containers/hdds of  storage type : DISK and capacity : 104021790720
2019-06-13 02:44:48,916 INFO  volume.VolumeSet (VolumeSet.java:initializeVolumeSet(170)) - Added Volume : /opt/src/hadoop-ozone/integration-test/target/test-dir/MiniOzoneClusterImpl-6bab4eeb-f86e-496e-b90b-84f77322a42c/datanode-0/data/containers/hdds to VolumeSet
2019-06-13 02:44:48,918 INFO  volume.ThrottledAsyncChecker (ThrottledAsyncChecker.java:schedule(140)) - Scheduling a check for org.apache.hadoop.ozone.container.common.volume.HddsVolume@4a6c18ad
2019-06-13 02:44:48,935 INFO  volume.HddsVolumeChecker (HddsVolumeChecker.java:checkAllVolumes(203)) - Scheduled health check for volume org.apache.hadoop.ozone.container.common.volume.HddsVolume@4a6c18ad
2019-06-13 02:44:48,972 INFO  ratis.XceiverServerRatis (XceiverServerRatis.java:newXceiverServerRatis(401)) - Found a free port for the server : 44655
2019-06-13 02:44:49,025 INFO  impl.RaftServerProxy (ConfUtils.java:logGet(43)) - raft.rpc.type = GRPC (default)
2019-06-13 02:44:49,033 INFO  grpc.GrpcConfigKeys$Server (ConfUtils.java:logGet(43)) - raft.grpc.server.port = 44655 (custom)
2019-06-13 02:44:49,034 INFO  server.GrpcService (ConfUtils.java:logGet(43)) - raft.grpc.message.size.max = 33570816 (custom)
2019-06-13 02:44:49,035 INFO  server.RaftServerConfigKeys (ConfUtils.java:logGet(43)) - raft.server.log.appender.buffer.byte-limit = 33554432 (custom)
2019-06-13 02:44:49,036 INFO  server.GrpcService (ConfUtils.java:logGet(43)) - raft.grpc.flow.control.window = 1MB (=1048576) (default)
2019-06-13 02:44:49,036 INFO  server.RaftServerConfigKeys (ConfUtils.java:logGet(43)) - raft.server.rpc.request.timeout = 3000ms (default)
2019-06-13 02:44:49,156 INFO  server.RaftServerConfigKeys (ConfUtils.java:logGet(43)) - raft.server.storage.dir = [/opt/src/hadoop-ozone/integration-test/target/test-dir/MiniOzoneClusterImpl-6bab4eeb-f86e-496e-b90b-84f77322a42c/datanode-0/data/ratis] (custom)
2019-06-13 02:44:49,161 INFO  server.XceiverServerGrpc (XceiverServerGrpc.java:<init>(97)) - Found a free port for the server : 45151
2019-06-13 02:44:49,189 INFO  replication.SimpleContainerDownloader (SimpleContainerDownloader.java:<init>(72)) - Starting container downloader service to copy containers to replicate.
2019-06-13 02:44:49,202 INFO  hdfs.DFSUtil (DFSUtil.java:httpServerTemplateForNNAndJN(1641)) - Starting Web-server for hddsDatanode at: http://0.0.0.0:0
2019-06-13 02:44:49,203 INFO  server.AuthenticationFilter (AuthenticationFilter.java:constructSecretProvider(240)) - Unable to initialize FileSignerSecretProvider, falling back to use random secrets.
2019-06-13 02:44:49,204 WARN  http.HttpRequestLog (HttpRequestLog.java:getRequestLog(97)) - Jetty request log can only be enabled using Log4j
2019-06-13 02:44:49,205 INFO  http.HttpServer2 (HttpServer2.java:addGlobalFilter(975)) - Added global filter 'safety' (class=org.apache.hadoop.http.HttpServer2$QuotingInputFilter)
2019-06-13 02:44:49,206 INFO  http.HttpServer2 (HttpServer2.java:addFilter(948)) - Added filter static_user_filter (class=org.apache.hadoop.http.lib.StaticUserWebFilter$StaticUserFilter) to context hddsDatanode
2019-06-13 02:44:49,206 INFO  http.HttpServer2 (HttpServer2.java:addFilter(958)) - Added filter static_user_filter (class=org.apache.hadoop.http.lib.StaticUserWebFilter$StaticUserFilter) to context static
2019-06-13 02:44:49,206 INFO  http.HttpServer2 (HttpServer2.java:addFilter(958)) - Added filter static_user_filter (class=org.apache.hadoop.http.lib.StaticUserWebFilter$StaticUserFilter) to context logs
2019-06-13 02:44:49,207 INFO  http.HttpServer2 (HttpServer2.java:bindListener(1191)) - Jetty bound to port 33805
2019-06-13 02:44:49,207 INFO  server.Server (Server.java:doStart(351)) - jetty-9.3.24.v20180605, build timestamp: 2018-06-05T17:11:56Z, git hash: 84205aa28f11a4f31f2a3b86d1bba2cc8ab69827
2019-06-13 02:44:49,208 INFO  handler.ContextHandler (ContextHandler.java:doStart(781)) - Started o.e.j.s.ServletContextHandler@1317b708{/logs,file:///opt/src/hadoop-ozone/integration-test/target/log,AVAILABLE}
2019-06-13 02:44:49,209 INFO  handler.ContextHandler (ContextHandler.java:doStart(781)) - Started o.e.j.s.ServletContextHandler@2e51d054{/static,jar:file:/root/.m2/repository/org/apache/hadoop/hadoop-hdds-container-service/0.5.0-SNAPSHOT/hadoop-hdds-container-service-0.5.0-SNAPSHOT.jar!/webapps/static,AVAILABLE}
2019-06-13 02:44:49,237 INFO  handler.ContextHandler (ContextHandler.java:doStart(781)) - Started o.e.j.w.WebAppContext@20de05e5{/,file:///tmp/jetty-0.0.0.0-33805-hddsDatanode-_-any-8962891238708507674.dir/webapp/,AVAILABLE}{/hddsDatanode}
2019-06-13 02:44:49,238 INFO  server.AbstractConnector (AbstractConnector.java:doStart(278)) - Started ServerConnector@36c0d0bd{HTTP/1.1,[http/1.1]}{0.0.0.0:33805}
2019-06-13 02:44:49,238 INFO  server.Server (Server.java:doStart(419)) - Started @3520ms
2019-06-13 02:44:49,239 INFO  server.BaseHttpServer (BaseHttpServer.java:updateConnectorAddress(207)) - HTTP server of HDDSDATANODE is listening at http://0.0.0.0:33805
2019-06-13 02:44:50,130 INFO  ozone.HddsDatanodeService (HddsDatanodeService.java:startPlugins(396)) - Started plug-in org.apache.hadoop.ozone.web.OzoneHddsDatanodeService@2da81754
2019-06-13 02:44:50,131 INFO  impl.MetricsSystemImpl (MetricsSystemImpl.java:init(158)) - HddsDatanode metrics system started (again)
2019-06-13 02:44:50,132 INFO  ozone.HddsDatanodeService (HddsDatanodeService.java:start(185)) - HddsDatanodeService host:ozone-vw7bt-3973109627 ip:192.168.19.16
2019-06-13 02:44:50,166 INFO  util.JvmPauseMonitor (JvmPauseMonitor.java:run(188)) - Starting JVM pause monitor
2019-06-13 02:44:50,167 INFO  volume.HddsVolume (HddsVolume.java:<init>(176)) - Creating Volume: /opt/src/hadoop-ozone/integration-test/target/test-dir/MiniOzoneClusterImpl-6bab4eeb-f86e-496e-b90b-84f77322a42c/datanode-1/data/containers/hdds of  storage type : DISK and capacity : 104021790720
2019-06-13 02:44:50,170 INFO  volume.VolumeSet (VolumeSet.java:initializeVolumeSet(170)) - Added Volume : /opt/src/hadoop-ozone/integration-test/target/test-dir/MiniOzoneClusterImpl-6bab4eeb-f86e-496e-b90b-84f77322a42c/datanode-1/data/containers/hdds to VolumeSet
2019-06-13 02:44:50,170 INFO  volume.ThrottledAsyncChecker (ThrottledAsyncChecker.java:schedule(140)) - Scheduling a check for org.apache.hadoop.ozone.container.common.volume.HddsVolume@2b08772d
2019-06-13 02:44:50,178 INFO  volume.HddsVolumeChecker (HddsVolumeChecker.java:checkAllVolumes(203)) - Scheduled health check for volume org.apache.hadoop.ozone.container.common.volume.HddsVolume@2b08772d
2019-06-13 02:44:50,197 INFO  ratis.XceiverServerRatis (XceiverServerRatis.java:newXceiverServerRatis(401)) - Found a free port for the server : 45229
2019-06-13 02:44:50,198 INFO  impl.RaftServerProxy (ConfUtils.java:logGet(43)) - raft.rpc.type = GRPC (default)
2019-06-13 02:44:50,198 INFO  grpc.GrpcConfigKeys$Server (ConfUtils.java:logGet(43)) - raft.grpc.server.port = 45229 (custom)
2019-06-13 02:44:50,199 INFO  server.GrpcService (ConfUtils.java:logGet(43)) - raft.grpc.message.size.max = 33570816 (custom)
2019-06-13 02:44:50,199 INFO  server.RaftServerConfigKeys (ConfUtils.java:logGet(43)) - raft.server.log.appender.buffer.byte-limit = 33554432 (custom)
2019-06-13 02:44:50,199 INFO  server.GrpcService (ConfUtils.java:logGet(43)) - raft.grpc.flow.control.window = 1MB (=1048576) (default)
2019-06-13 02:44:50,199 INFO  server.RaftServerConfigKeys (ConfUtils.java:logGet(43)) - raft.server.rpc.request.timeout = 3000ms (default)
2019-06-13 02:44:50,200 INFO  server.RaftServerConfigKeys (ConfUtils.java:logGet(43)) - raft.server.storage.dir = [/opt/src/hadoop-ozone/integration-test/target/test-dir/MiniOzoneClusterImpl-6bab4eeb-f86e-496e-b90b-84f77322a42c/datanode-1/data/ratis] (custom)
2019-06-13 02:44:50,200 INFO  server.XceiverServerGrpc (XceiverServerGrpc.java:<init>(97)) - Found a free port for the server : 38079
2019-06-13 02:44:50,201 INFO  replication.SimpleContainerDownloader (SimpleContainerDownloader.java:<init>(72)) - Starting container downloader service to copy containers to replicate.
2019-06-13 02:44:50,202 INFO  hdfs.DFSUtil (DFSUtil.java:httpServerTemplateForNNAndJN(1641)) - Starting Web-server for hddsDatanode at: http://0.0.0.0:0
2019-06-13 02:44:50,204 INFO  server.AuthenticationFilter (AuthenticationFilter.java:constructSecretProvider(240)) - Unable to initialize FileSignerSecretProvider, falling back to use random secrets.
2019-06-13 02:44:50,213 WARN  http.HttpRequestLog (HttpRequestLog.java:getRequestLog(97)) - Jetty request log can only be enabled using Log4j
2019-06-13 02:44:50,215 INFO  http.HttpServer2 (HttpServer2.java:addGlobalFilter(975)) - Added global filter 'safety' (class=org.apache.hadoop.http.HttpServer2$QuotingInputFilter)
2019-06-13 02:44:50,216 INFO  http.HttpServer2 (HttpServer2.java:addFilter(948)) - Added filter static_user_filter (class=org.apache.hadoop.http.lib.StaticUserWebFilter$StaticUserFilter) to context hddsDatanode
2019-06-13 02:44:50,216 INFO  http.HttpServer2 (HttpServer2.java:addFilter(958)) - Added filter static_user_filter (class=org.apache.hadoop.http.lib.StaticUserWebFilter$StaticUserFilter) to context logs
2019-06-13 02:44:50,217 INFO  http.HttpServer2 (HttpServer2.java:addFilter(958)) - Added filter static_user_filter (class=org.apache.hadoop.http.lib.StaticUserWebFilter$StaticUserFilter) to context static
2019-06-13 02:44:50,218 INFO  http.HttpServer2 (HttpServer2.java:bindListener(1191)) - Jetty bound to port 44527
2019-06-13 02:44:50,218 INFO  server.Server (Server.java:doStart(351)) - jetty-9.3.24.v20180605, build timestamp: 2018-06-05T17:11:56Z, git hash: 84205aa28f11a4f31f2a3b86d1bba2cc8ab69827
2019-06-13 02:44:50,220 INFO  handler.ContextHandler (ContextHandler.java:doStart(781)) - Started o.e.j.s.ServletContextHandler@60f77af{/logs,file:///opt/src/hadoop-ozone/integration-test/target/log,AVAILABLE}
2019-06-13 02:44:50,221 INFO  handler.ContextHandler (ContextHandler.java:doStart(781)) - Started o.e.j.s.ServletContextHandler@18b6d3c1{/static,jar:file:/root/.m2/repository/org/apache/hadoop/hadoop-hdds-container-service/0.5.0-SNAPSHOT/hadoop-hdds-container-service-0.5.0-SNAPSHOT.jar!/webapps/static,AVAILABLE}
2019-06-13 02:44:50,251 INFO  handler.ContextHandler (ContextHandler.java:doStart(781)) - Started o.e.j.w.WebAppContext@6b4125ed{/,file:///tmp/jetty-0.0.0.0-44527-hddsDatanode-_-any-4734558763850986360.dir/webapp/,AVAILABLE}{/hddsDatanode}
2019-06-13 02:44:50,252 INFO  server.AbstractConnector (AbstractConnector.java:doStart(278)) - Started ServerConnector@78da899f{HTTP/1.1,[http/1.1]}{0.0.0.0:44527}
2019-06-13 02:44:50,253 INFO  server.Server (Server.java:doStart(419)) - Started @4535ms
2019-06-13 02:44:50,253 INFO  server.BaseHttpServer (BaseHttpServer.java:updateConnectorAddress(207)) - HTTP server of HDDSDATANODE is listening at http://0.0.0.0:44527
2019-06-13 02:44:50,254 INFO  datanode.InitDatanodeState (InitDatanodeState.java:persistContainerDatanodeDetails(140)) - DatanodeDetails is persisted to /opt/src/hadoop-ozone/integration-test/target/test-dir/MiniOzoneClusterImpl-6bab4eeb-f86e-496e-b90b-84f77322a42c/datanode-0/meta/datanode.id
2019-06-13 02:44:50,356 INFO  ozone.HddsDatanodeService (HddsDatanodeService.java:startPlugins(396)) - Started plug-in org.apache.hadoop.ozone.web.OzoneHddsDatanodeService@335f5c69
2019-06-13 02:44:50,356 INFO  impl.MetricsSystemImpl (MetricsSystemImpl.java:init(158)) - HddsDatanode metrics system started (again)
2019-06-13 02:44:50,357 INFO  ozone.HddsDatanodeService (HddsDatanodeService.java:start(185)) - HddsDatanodeService host:ozone-vw7bt-3973109627 ip:192.168.19.16
2019-06-13 02:44:50,362 INFO  util.JvmPauseMonitor (JvmPauseMonitor.java:run(188)) - Starting JVM pause monitor
2019-06-13 02:44:50,367 INFO  volume.HddsVolume (HddsVolume.java:<init>(176)) - Creating Volume: /opt/src/hadoop-ozone/integration-test/target/test-dir/MiniOzoneClusterImpl-6bab4eeb-f86e-496e-b90b-84f77322a42c/datanode-2/data/containers/hdds of  storage type : DISK and capacity : 104021790720
2019-06-13 02:44:50,367 INFO  volume.VolumeSet (VolumeSet.java:initializeVolumeSet(170)) - Added Volume : /opt/src/hadoop-ozone/integration-test/target/test-dir/MiniOzoneClusterImpl-6bab4eeb-f86e-496e-b90b-84f77322a42c/datanode-2/data/containers/hdds to VolumeSet
2019-06-13 02:44:50,368 INFO  volume.ThrottledAsyncChecker (ThrottledAsyncChecker.java:schedule(140)) - Scheduling a check for org.apache.hadoop.ozone.container.common.volume.HddsVolume@4a058df8
2019-06-13 02:44:50,368 INFO  datanode.InitDatanodeState (InitDatanodeState.java:persistContainerDatanodeDetails(140)) - DatanodeDetails is persisted to /opt/src/hadoop-ozone/integration-test/target/test-dir/MiniOzoneClusterImpl-6bab4eeb-f86e-496e-b90b-84f77322a42c/datanode-1/meta/datanode.id
2019-06-13 02:44:50,369 INFO  volume.HddsVolumeChecker (HddsVolumeChecker.java:checkAllVolumes(203)) - Scheduled health check for volume org.apache.hadoop.ozone.container.common.volume.HddsVolume@4a058df8
2019-06-13 02:44:50,389 INFO  ratis.XceiverServerRatis (XceiverServerRatis.java:newXceiverServerRatis(401)) - Found a free port for the server : 33139
2019-06-13 02:44:50,391 INFO  impl.RaftServerProxy (ConfUtils.java:logGet(43)) - raft.rpc.type = GRPC (default)
2019-06-13 02:44:50,391 INFO  grpc.GrpcConfigKeys$Server (ConfUtils.java:logGet(43)) - raft.grpc.server.port = 33139 (custom)
2019-06-13 02:44:50,391 INFO  server.GrpcService (ConfUtils.java:logGet(43)) - raft.grpc.message.size.max = 33570816 (custom)
2019-06-13 02:44:50,392 INFO  server.RaftServerConfigKeys (ConfUtils.java:logGet(43)) - raft.server.log.appender.buffer.byte-limit = 33554432 (custom)
2019-06-13 02:44:50,392 INFO  server.GrpcService (ConfUtils.java:logGet(43)) - raft.grpc.flow.control.window = 1MB (=1048576) (default)
2019-06-13 02:44:50,392 INFO  server.RaftServerConfigKeys (ConfUtils.java:logGet(43)) - raft.server.rpc.request.timeout = 3000ms (default)
2019-06-13 02:44:50,392 INFO  server.RaftServerConfigKeys (ConfUtils.java:logGet(43)) - raft.server.storage.dir = [/opt/src/hadoop-ozone/integration-test/target/test-dir/MiniOzoneClusterImpl-6bab4eeb-f86e-496e-b90b-84f77322a42c/datanode-2/data/ratis] (custom)
2019-06-13 02:44:50,393 INFO  server.XceiverServerGrpc (XceiverServerGrpc.java:<init>(97)) - Found a free port for the server : 39939
2019-06-13 02:44:50,393 INFO  replication.SimpleContainerDownloader (SimpleContainerDownloader.java:<init>(72)) - Starting container downloader service to copy containers to replicate.
2019-06-13 02:44:50,394 INFO  hdfs.DFSUtil (DFSUtil.java:httpServerTemplateForNNAndJN(1641)) - Starting Web-server for hddsDatanode at: http://0.0.0.0:0
2019-06-13 02:44:50,396 INFO  server.AuthenticationFilter (AuthenticationFilter.java:constructSecretProvider(240)) - Unable to initialize FileSignerSecretProvider, falling back to use random secrets.
2019-06-13 02:44:50,401 WARN  http.HttpRequestLog (HttpRequestLog.java:getRequestLog(97)) - Jetty request log can only be enabled using Log4j
2019-06-13 02:44:50,403 INFO  http.HttpServer2 (HttpServer2.java:addGlobalFilter(975)) - Added global filter 'safety' (class=org.apache.hadoop.http.HttpServer2$QuotingInputFilter)
2019-06-13 02:44:50,404 INFO  http.HttpServer2 (HttpServer2.java:addFilter(948)) - Added filter static_user_filter (class=org.apache.hadoop.http.lib.StaticUserWebFilter$StaticUserFilter) to context hddsDatanode
2019-06-13 02:44:50,404 INFO  http.HttpServer2 (HttpServer2.java:addFilter(958)) - Added filter static_user_filter (class=org.apache.hadoop.http.lib.StaticUserWebFilter$StaticUserFilter) to context logs
2019-06-13 02:44:50,404 INFO  http.HttpServer2 (HttpServer2.java:addFilter(958)) - Added filter static_user_filter (class=org.apache.hadoop.http.lib.StaticUserWebFilter$StaticUserFilter) to context static
2019-06-13 02:44:50,405 INFO  http.HttpServer2 (HttpServer2.java:bindListener(1191)) - Jetty bound to port 35581
2019-06-13 02:44:50,405 INFO  server.Server (Server.java:doStart(351)) - jetty-9.3.24.v20180605, build timestamp: 2018-06-05T17:11:56Z, git hash: 84205aa28f11a4f31f2a3b86d1bba2cc8ab69827
2019-06-13 02:44:50,420 INFO  handler.ContextHandler (ContextHandler.java:doStart(781)) - Started o.e.j.s.ServletContextHandler@39da5e49{/logs,file:///opt/src/hadoop-ozone/integration-test/target/log,AVAILABLE}
2019-06-13 02:44:50,421 INFO  handler.ContextHandler (ContextHandler.java:doStart(781)) - Started o.e.j.s.ServletContextHandler@674da77b{/static,jar:file:/root/.m2/repository/org/apache/hadoop/hadoop-hdds-container-service/0.5.0-SNAPSHOT/hadoop-hdds-container-service-0.5.0-SNAPSHOT.jar!/webapps/static,AVAILABLE}
2019-06-13 02:44:50,447 INFO  handler.ContextHandler (ContextHandler.java:doStart(781)) - Started o.e.j.w.WebAppContext@5f726750{/,file:///tmp/jetty-0.0.0.0-35581-hddsDatanode-_-any-8839415388825690862.dir/webapp/,AVAILABLE}{/hddsDatanode}
2019-06-13 02:44:50,448 INFO  server.AbstractConnector (AbstractConnector.java:doStart(278)) - Started ServerConnector@4e80a001{HTTP/1.1,[http/1.1]}{0.0.0.0:35581}
2019-06-13 02:44:50,448 INFO  server.Server (Server.java:doStart(419)) - Started @4730ms
2019-06-13 02:44:50,449 INFO  server.BaseHttpServer (BaseHttpServer.java:updateConnectorAddress(207)) - HTTP server of HDDSDATANODE is listening at http://0.0.0.0:35581
2019-06-13 02:44:50,589 INFO  ozone.HddsDatanodeService (HddsDatanodeService.java:startPlugins(396)) - Started plug-in org.apache.hadoop.ozone.web.OzoneHddsDatanodeService@7fbf26fc
2019-06-13 02:44:50,590 INFO  impl.MetricsSystemImpl (MetricsSystemImpl.java:init(158)) - HddsDatanode metrics system started (again)
2019-06-13 02:44:50,590 INFO  ozone.HddsDatanodeService (HddsDatanodeService.java:start(185)) - HddsDatanodeService host:ozone-vw7bt-3973109627 ip:192.168.19.16
2019-06-13 02:44:50,591 INFO  util.JvmPauseMonitor (JvmPauseMonitor.java:run(188)) - Starting JVM pause monitor
2019-06-13 02:44:50,593 INFO  datanode.InitDatanodeState (InitDatanodeState.java:persistContainerDatanodeDetails(140)) - DatanodeDetails is persisted to /opt/src/hadoop-ozone/integration-test/target/test-dir/MiniOzoneClusterImpl-6bab4eeb-f86e-496e-b90b-84f77322a42c/datanode-2/meta/datanode.id
2019-06-13 02:44:50,599 INFO  volume.HddsVolume (HddsVolume.java:<init>(176)) - Creating Volume: /opt/src/hadoop-ozone/integration-test/target/test-dir/MiniOzoneClusterImpl-6bab4eeb-f86e-496e-b90b-84f77322a42c/datanode-3/data/containers/hdds of  storage type : DISK and capacity : 104021790720
2019-06-13 02:44:50,599 INFO  volume.VolumeSet (VolumeSet.java:initializeVolumeSet(170)) - Added Volume : /opt/src/hadoop-ozone/integration-test/target/test-dir/MiniOzoneClusterImpl-6bab4eeb-f86e-496e-b90b-84f77322a42c/datanode-3/data/containers/hdds to VolumeSet
2019-06-13 02:44:50,599 INFO  volume.ThrottledAsyncChecker (ThrottledAsyncChecker.java:schedule(140)) - Scheduling a check for org.apache.hadoop.ozone.container.common.volume.HddsVolume@5b5f9003
2019-06-13 02:44:50,606 INFO  volume.HddsVolumeChecker (HddsVolumeChecker.java:checkAllVolumes(203)) - Scheduled health check for volume org.apache.hadoop.ozone.container.common.volume.HddsVolume@5b5f9003
2019-06-13 02:44:50,617 INFO  ratis.XceiverServerRatis (XceiverServerRatis.java:newXceiverServerRatis(401)) - Found a free port for the server : 38361
2019-06-13 02:44:50,618 INFO  impl.RaftServerProxy (ConfUtils.java:logGet(43)) - raft.rpc.type = GRPC (default)
2019-06-13 02:44:50,618 INFO  grpc.GrpcConfigKeys$Server (ConfUtils.java:logGet(43)) - raft.grpc.server.port = 38361 (custom)
2019-06-13 02:44:50,619 INFO  server.GrpcService (ConfUtils.java:logGet(43)) - raft.grpc.message.size.max = 33570816 (custom)
2019-06-13 02:44:50,619 INFO  server.RaftServerConfigKeys (ConfUtils.java:logGet(43)) - raft.server.log.appender.buffer.byte-limit = 33554432 (custom)
2019-06-13 02:44:50,619 INFO  server.GrpcService (ConfUtils.java:logGet(43)) - raft.grpc.flow.control.window = 1MB (=1048576) (default)
2019-06-13 02:44:50,619 INFO  server.RaftServerConfigKeys (ConfUtils.java:logGet(43)) - raft.server.rpc.request.timeout = 3000ms (default)
2019-06-13 02:44:50,619 INFO  server.RaftServerConfigKeys (ConfUtils.java:logGet(43)) - raft.server.storage.dir = [/opt/src/hadoop-ozone/integration-test/target/test-dir/MiniOzoneClusterImpl-6bab4eeb-f86e-496e-b90b-84f77322a42c/datanode-3/data/ratis] (custom)
2019-06-13 02:44:50,620 INFO  server.XceiverServerGrpc (XceiverServerGrpc.java:<init>(97)) - Found a free port for the server : 35551
2019-06-13 02:44:50,620 INFO  replication.SimpleContainerDownloader (SimpleContainerDownloader.java:<init>(72)) - Starting container downloader service to copy containers to replicate.
2019-06-13 02:44:50,621 INFO  hdfs.DFSUtil (DFSUtil.java:httpServerTemplateForNNAndJN(1641)) - Starting Web-server for hddsDatanode at: http://0.0.0.0:0
2019-06-13 02:44:50,622 INFO  server.AuthenticationFilter (AuthenticationFilter.java:constructSecretProvider(240)) - Unable to initialize FileSignerSecretProvider, falling back to use random secrets.
2019-06-13 02:44:50,629 WARN  http.HttpRequestLog (HttpRequestLog.java:getRequestLog(97)) - Jetty request log can only be enabled using Log4j
2019-06-13 02:44:50,631 INFO  http.HttpServer2 (HttpServer2.java:addGlobalFilter(975)) - Added global filter 'safety' (class=org.apache.hadoop.http.HttpServer2$QuotingInputFilter)
2019-06-13 02:44:50,632 INFO  http.HttpServer2 (HttpServer2.java:addFilter(948)) - Added filter static_user_filter (class=org.apache.hadoop.http.lib.StaticUserWebFilter$StaticUserFilter) to context hddsDatanode
2019-06-13 02:44:50,632 INFO  http.HttpServer2 (HttpServer2.java:addFilter(958)) - Added filter static_user_filter (class=org.apache.hadoop.http.lib.StaticUserWebFilter$StaticUserFilter) to context logs
2019-06-13 02:44:50,632 INFO  http.HttpServer2 (HttpServer2.java:addFilter(958)) - Added filter static_user_filter (class=org.apache.hadoop.http.lib.StaticUserWebFilter$StaticUserFilter) to context static
2019-06-13 02:44:50,633 INFO  http.HttpServer2 (HttpServer2.java:bindListener(1191)) - Jetty bound to port 35089
2019-06-13 02:44:50,633 INFO  server.Server (Server.java:doStart(351)) - jetty-9.3.24.v20180605, build timestamp: 2018-06-05T17:11:56Z, git hash: 84205aa28f11a4f31f2a3b86d1bba2cc8ab69827
2019-06-13 02:44:50,637 INFO  handler.ContextHandler (ContextHandler.java:doStart(781)) - Started o.e.j.s.ServletContextHandler@2db15f70{/logs,file:///opt/src/hadoop-ozone/integration-test/target/log,AVAILABLE}
2019-06-13 02:44:50,638 INFO  handler.ContextHandler (ContextHandler.java:doStart(781)) - Started o.e.j.s.ServletContextHandler@1f15e689{/static,jar:file:/root/.m2/repository/org/apache/hadoop/hadoop-hdds-container-service/0.5.0-SNAPSHOT/hadoop-hdds-container-service-0.5.0-SNAPSHOT.jar!/webapps/static,AVAILABLE}
2019-06-13 02:44:50,660 INFO  handler.ContextHandler (ContextHandler.java:doStart(781)) - Started o.e.j.w.WebAppContext@6ffd4c0d{/,file:///tmp/jetty-0.0.0.0-35089-hddsDatanode-_-any-7273283772235559168.dir/webapp/,AVAILABLE}{/hddsDatanode}
2019-06-13 02:44:50,671 INFO  server.AbstractConnector (AbstractConnector.java:doStart(278)) - Started ServerConnector@284d55d9{HTTP/1.1,[http/1.1]}{0.0.0.0:35089}
2019-06-13 02:44:50,671 INFO  server.Server (Server.java:doStart(419)) - Started @4953ms
2019-06-13 02:44:50,672 INFO  server.BaseHttpServer (BaseHttpServer.java:updateConnectorAddress(207)) - HTTP server of HDDSDATANODE is listening at http://0.0.0.0:35089
2019-06-13 02:44:50,824 INFO  ozone.HddsDatanodeService (HddsDatanodeService.java:startPlugins(396)) - Started plug-in org.apache.hadoop.ozone.web.OzoneHddsDatanodeService@1118d539
2019-06-13 02:44:50,825 INFO  impl.MetricsSystemImpl (MetricsSystemImpl.java:init(158)) - HddsDatanode metrics system started (again)
2019-06-13 02:44:50,825 INFO  ozone.HddsDatanodeService (HddsDatanodeService.java:start(185)) - HddsDatanodeService host:ozone-vw7bt-3973109627 ip:192.168.19.16
2019-06-13 02:44:50,828 INFO  util.JvmPauseMonitor (JvmPauseMonitor.java:run(188)) - Starting JVM pause monitor
2019-06-13 02:44:50,836 INFO  datanode.InitDatanodeState (InitDatanodeState.java:persistContainerDatanodeDetails(140)) - DatanodeDetails is persisted to /opt/src/hadoop-ozone/integration-test/target/test-dir/MiniOzoneClusterImpl-6bab4eeb-f86e-496e-b90b-84f77322a42c/datanode-3/meta/datanode.id
2019-06-13 02:44:50,842 INFO  volume.HddsVolume (HddsVolume.java:<init>(176)) - Creating Volume: /opt/src/hadoop-ozone/integration-test/target/test-dir/MiniOzoneClusterImpl-6bab4eeb-f86e-496e-b90b-84f77322a42c/datanode-4/data/containers/hdds of  storage type : DISK and capacity : 104021790720
2019-06-13 02:44:50,842 INFO  volume.VolumeSet (VolumeSet.java:initializeVolumeSet(170)) - Added Volume : /opt/src/hadoop-ozone/integration-test/target/test-dir/MiniOzoneClusterImpl-6bab4eeb-f86e-496e-b90b-84f77322a42c/datanode-4/data/containers/hdds to VolumeSet
2019-06-13 02:44:50,842 INFO  volume.ThrottledAsyncChecker (ThrottledAsyncChecker.java:schedule(140)) - Scheduling a check for org.apache.hadoop.ozone.container.common.volume.HddsVolume@5b02a984
2019-06-13 02:44:50,843 INFO  volume.HddsVolumeChecker (HddsVolumeChecker.java:checkAllVolumes(203)) - Scheduled health check for volume org.apache.hadoop.ozone.container.common.volume.HddsVolume@5b02a984
2019-06-13 02:44:50,853 INFO  ratis.XceiverServerRatis (XceiverServerRatis.java:newXceiverServerRatis(401)) - Found a free port for the server : 41761
2019-06-13 02:44:50,854 INFO  impl.RaftServerProxy (ConfUtils.java:logGet(43)) - raft.rpc.type = GRPC (default)
2019-06-13 02:44:50,855 INFO  grpc.GrpcConfigKeys$Server (ConfUtils.java:logGet(43)) - raft.grpc.server.port = 41761 (custom)
2019-06-13 02:44:50,855 INFO  server.GrpcService (ConfUtils.java:logGet(43)) - raft.grpc.message.size.max = 33570816 (custom)
2019-06-13 02:44:50,855 INFO  server.RaftServerConfigKeys (ConfUtils.java:logGet(43)) - raft.server.log.appender.buffer.byte-limit = 33554432 (custom)
2019-06-13 02:44:50,855 INFO  server.GrpcService (ConfUtils.java:logGet(43)) - raft.grpc.flow.control.window = 1MB (=1048576) (default)
2019-06-13 02:44:50,856 INFO  server.RaftServerConfigKeys (ConfUtils.java:logGet(43)) - raft.server.rpc.request.timeout = 3000ms (default)
2019-06-13 02:44:50,856 INFO  server.RaftServerConfigKeys (ConfUtils.java:logGet(43)) - raft.server.storage.dir = [/opt/src/hadoop-ozone/integration-test/target/test-dir/MiniOzoneClusterImpl-6bab4eeb-f86e-496e-b90b-84f77322a42c/datanode-4/data/ratis] (custom)
2019-06-13 02:44:50,856 INFO  server.XceiverServerGrpc (XceiverServerGrpc.java:<init>(97)) - Found a free port for the server : 33559
2019-06-13 02:44:50,857 INFO  replication.SimpleContainerDownloader (SimpleContainerDownloader.java:<init>(72)) - Starting container downloader service to copy containers to replicate.
2019-06-13 02:44:50,858 INFO  hdfs.DFSUtil (DFSUtil.java:httpServerTemplateForNNAndJN(1641)) - Starting Web-server for hddsDatanode at: http://0.0.0.0:0
2019-06-13 02:44:50,859 INFO  server.AuthenticationFilter (AuthenticationFilter.java:constructSecretProvider(240)) - Unable to initialize FileSignerSecretProvider, falling back to use random secrets.
2019-06-13 02:44:50,860 WARN  http.HttpRequestLog (HttpRequestLog.java:getRequestLog(97)) - Jetty request log can only be enabled using Log4j
2019-06-13 02:44:50,861 INFO  http.HttpServer2 (HttpServer2.java:addGlobalFilter(975)) - Added global filter 'safety' (class=org.apache.hadoop.http.HttpServer2$QuotingInputFilter)
2019-06-13 02:44:50,862 INFO  http.HttpServer2 (HttpServer2.java:addFilter(948)) - Added filter static_user_filter (class=org.apache.hadoop.http.lib.StaticUserWebFilter$StaticUserFilter) to context hddsDatanode
2019-06-13 02:44:50,862 INFO  http.HttpServer2 (HttpServer2.java:addFilter(958)) - Added filter static_user_filter (class=org.apache.hadoop.http.lib.StaticUserWebFilter$StaticUserFilter) to context logs
2019-06-13 02:44:50,862 INFO  http.HttpServer2 (HttpServer2.java:addFilter(958)) - Added filter static_user_filter (class=org.apache.hadoop.http.lib.StaticUserWebFilter$StaticUserFilter) to context static
2019-06-13 02:44:50,863 INFO  http.HttpServer2 (HttpServer2.java:bindListener(1191)) - Jetty bound to port 37039
2019-06-13 02:44:50,863 INFO  server.Server (Server.java:doStart(351)) - jetty-9.3.24.v20180605, build timestamp: 2018-06-05T17:11:56Z, git hash: 84205aa28f11a4f31f2a3b86d1bba2cc8ab69827
2019-06-13 02:44:50,865 INFO  handler.ContextHandler (ContextHandler.java:doStart(781)) - Started o.e.j.s.ServletContextHandler@7c70aae1{/logs,file:///opt/src/hadoop-ozone/integration-test/target/log,AVAILABLE}
2019-06-13 02:44:50,866 INFO  handler.ContextHandler (ContextHandler.java:doStart(781)) - Started o.e.j.s.ServletContextHandler@6f38f084{/static,jar:file:/root/.m2/repository/org/apache/hadoop/hadoop-hdds-container-service/0.5.0-SNAPSHOT/hadoop-hdds-container-service-0.5.0-SNAPSHOT.jar!/webapps/static,AVAILABLE}
2019-06-13 02:44:50,888 INFO  handler.ContextHandler (ContextHandler.java:doStart(781)) - Started o.e.j.w.WebAppContext@77a0dd63{/,file:///tmp/jetty-0.0.0.0-37039-hddsDatanode-_-any-5598825110731151838.dir/webapp/,AVAILABLE}{/hddsDatanode}
2019-06-13 02:44:50,888 INFO  server.AbstractConnector (AbstractConnector.java:doStart(278)) - Started ServerConnector@543fe698{HTTP/1.1,[http/1.1]}{0.0.0.0:37039}
2019-06-13 02:44:50,890 INFO  server.Server (Server.java:doStart(419)) - Started @5172ms
2019-06-13 02:44:50,891 INFO  server.BaseHttpServer (BaseHttpServer.java:updateConnectorAddress(207)) - HTTP server of HDDSDATANODE is listening at http://0.0.0.0:37039
2019-06-13 02:44:51,015 INFO  ozone.HddsDatanodeService (HddsDatanodeService.java:startPlugins(396)) - Started plug-in org.apache.hadoop.ozone.web.OzoneHddsDatanodeService@71531dd7
2019-06-13 02:44:51,015 INFO  impl.MetricsSystemImpl (MetricsSystemImpl.java:init(158)) - HddsDatanode metrics system started (again)
2019-06-13 02:44:51,016 INFO  ozone.HddsDatanodeService (HddsDatanodeService.java:start(185)) - HddsDatanodeService host:ozone-vw7bt-3973109627 ip:192.168.19.16
2019-06-13 02:44:51,018 INFO  util.JvmPauseMonitor (JvmPauseMonitor.java:run(188)) - Starting JVM pause monitor
2019-06-13 02:44:51,019 INFO  datanode.InitDatanodeState (InitDatanodeState.java:persistContainerDatanodeDetails(140)) - DatanodeDetails is persisted to /opt/src/hadoop-ozone/integration-test/target/test-dir/MiniOzoneClusterImpl-6bab4eeb-f86e-496e-b90b-84f77322a42c/datanode-4/meta/datanode.id
2019-06-13 02:44:51,031 INFO  volume.HddsVolume (HddsVolume.java:<init>(176)) - Creating Volume: /opt/src/hadoop-ozone/integration-test/target/test-dir/MiniOzoneClusterImpl-6bab4eeb-f86e-496e-b90b-84f77322a42c/datanode-5/data/containers/hdds of  storage type : DISK and capacity : 104021790720
2019-06-13 02:44:51,032 INFO  volume.VolumeSet (VolumeSet.java:initializeVolumeSet(170)) - Added Volume : /opt/src/hadoop-ozone/integration-test/target/test-dir/MiniOzoneClusterImpl-6bab4eeb-f86e-496e-b90b-84f77322a42c/datanode-5/data/containers/hdds to VolumeSet
2019-06-13 02:44:51,032 INFO  volume.ThrottledAsyncChecker (ThrottledAsyncChecker.java:schedule(140)) - Scheduling a check for org.apache.hadoop.ozone.container.common.volume.HddsVolume@1c3b6963
2019-06-13 02:44:51,033 INFO  volume.HddsVolumeChecker (HddsVolumeChecker.java:checkAllVolumes(203)) - Scheduled health check for volume org.apache.hadoop.ozone.container.common.volume.HddsVolume@1c3b6963
2019-06-13 02:44:51,046 INFO  ratis.XceiverServerRatis (XceiverServerRatis.java:newXceiverServerRatis(401)) - Found a free port for the server : 35241
2019-06-13 02:44:51,048 INFO  impl.RaftServerProxy (ConfUtils.java:logGet(43)) - raft.rpc.type = GRPC (default)
2019-06-13 02:44:51,048 INFO  grpc.GrpcConfigKeys$Server (ConfUtils.java:logGet(43)) - raft.grpc.server.port = 35241 (custom)
2019-06-13 02:44:51,048 INFO  server.GrpcService (ConfUtils.java:logGet(43)) - raft.grpc.message.size.max = 33570816 (custom)
2019-06-13 02:44:51,048 INFO  server.RaftServerConfigKeys (ConfUtils.java:logGet(43)) - raft.server.log.appender.buffer.byte-limit = 33554432 (custom)
2019-06-13 02:44:51,049 INFO  server.GrpcService (ConfUtils.java:logGet(43)) - raft.grpc.flow.control.window = 1MB (=1048576) (default)
2019-06-13 02:44:51,049 INFO  server.RaftServerConfigKeys (ConfUtils.java:logGet(43)) - raft.server.rpc.request.timeout = 3000ms (default)
2019-06-13 02:44:51,049 INFO  server.RaftServerConfigKeys (ConfUtils.java:logGet(43)) - raft.server.storage.dir = [/opt/src/hadoop-ozone/integration-test/target/test-dir/MiniOzoneClusterImpl-6bab4eeb-f86e-496e-b90b-84f77322a42c/datanode-5/data/ratis] (custom)
2019-06-13 02:44:51,050 INFO  server.XceiverServerGrpc (XceiverServerGrpc.java:<init>(97)) - Found a free port for the server : 33765
2019-06-13 02:44:51,050 INFO  replication.SimpleContainerDownloader (SimpleContainerDownloader.java:<init>(72)) - Starting container downloader service to copy containers to replicate.
2019-06-13 02:44:51,051 INFO  hdfs.DFSUtil (DFSUtil.java:httpServerTemplateForNNAndJN(1641)) - Starting Web-server for hddsDatanode at: http://0.0.0.0:0
2019-06-13 02:44:51,052 INFO  server.AuthenticationFilter (AuthenticationFilter.java:constructSecretProvider(240)) - Unable to initialize FileSignerSecretProvider, falling back to use random secrets.
2019-06-13 02:44:51,053 WARN  http.HttpRequestLog (HttpRequestLog.java:getRequestLog(97)) - Jetty request log can only be enabled using Log4j
2019-06-13 02:44:51,054 INFO  http.HttpServer2 (HttpServer2.java:addGlobalFilter(975)) - Added global filter 'safety' (class=org.apache.hadoop.http.HttpServer2$QuotingInputFilter)
2019-06-13 02:44:51,055 INFO  http.HttpServer2 (HttpServer2.java:addFilter(948)) - Added filter static_user_filter (class=org.apache.hadoop.http.lib.StaticUserWebFilter$StaticUserFilter) to context hddsDatanode
2019-06-13 02:44:51,055 INFO  http.HttpServer2 (HttpServer2.java:addFilter(958)) - Added filter static_user_filter (class=org.apache.hadoop.http.lib.StaticUserWebFilter$StaticUserFilter) to context logs
2019-06-13 02:44:51,055 INFO  http.HttpServer2 (HttpServer2.java:addFilter(958)) - Added filter static_user_filter (class=org.apache.hadoop.http.lib.StaticUserWebFilter$StaticUserFilter) to context static
2019-06-13 02:44:51,056 INFO  http.HttpServer2 (HttpServer2.java:bindListener(1191)) - Jetty bound to port 32913
2019-06-13 02:44:51,056 INFO  server.Server (Server.java:doStart(351)) - jetty-9.3.24.v20180605, build timestamp: 2018-06-05T17:11:56Z, git hash: 84205aa28f11a4f31f2a3b86d1bba2cc8ab69827
2019-06-13 02:44:51,059 INFO  handler.ContextHandler (ContextHandler.java:doStart(781)) - Started o.e.j.s.ServletContextHandler@70c29356{/logs,file:///opt/src/hadoop-ozone/integration-test/target/log,AVAILABLE}
2019-06-13 02:44:51,059 INFO  handler.ContextHandler (ContextHandler.java:doStart(781)) - Started o.e.j.s.ServletContextHandler@23e61112{/static,jar:file:/root/.m2/repository/org/apache/hadoop/hadoop-hdds-container-service/0.5.0-SNAPSHOT/hadoop-hdds-container-service-0.5.0-SNAPSHOT.jar!/webapps/static,AVAILABLE}
2019-06-13 02:44:51,089 INFO  handler.ContextHandler (ContextHandler.java:doStart(781)) - Started o.e.j.w.WebAppContext@53ea380b{/,file:///tmp/jetty-0.0.0.0-32913-hddsDatanode-_-any-1252105724496770907.dir/webapp/,AVAILABLE}{/hddsDatanode}
2019-06-13 02:44:51,091 INFO  server.AbstractConnector (AbstractConnector.java:doStart(278)) - Started ServerConnector@578c3fd9{HTTP/1.1,[http/1.1]}{0.0.0.0:32913}
2019-06-13 02:44:51,091 INFO  server.Server (Server.java:doStart(419)) - Started @5373ms
2019-06-13 02:44:51,092 INFO  server.BaseHttpServer (BaseHttpServer.java:updateConnectorAddress(207)) - HTTP server of HDDSDATANODE is listening at http://0.0.0.0:32913
2019-06-13 02:44:51,239 INFO  ozone.HddsDatanodeService (HddsDatanodeService.java:startPlugins(396)) - Started plug-in org.apache.hadoop.ozone.web.OzoneHddsDatanodeService@9263c54
2019-06-13 02:44:51,240 INFO  ozone.MiniOzoneClusterImpl (MiniOzoneClusterImpl.java:lambda$waitForClusterToBeReady$0(142)) - Waiting for cluster to be ready. Got 0 of 6 DN Heartbeats.
2019-06-13 02:44:51,241 INFO  util.JvmPauseMonitor (JvmPauseMonitor.java:run(188)) - Starting JVM pause monitor
2019-06-13 02:44:51,243 INFO  datanode.InitDatanodeState (InitDatanodeState.java:persistContainerDatanodeDetails(140)) - DatanodeDetails is persisted to /opt/src/hadoop-ozone/integration-test/target/test-dir/MiniOzoneClusterImpl-6bab4eeb-f86e-496e-b90b-84f77322a42c/datanode-5/meta/datanode.id
2019-06-13 02:44:52,178 INFO  ozoneimpl.OzoneContainer (OzoneContainer.java:start(186)) - Attempting to start container services.
2019-06-13 02:44:52,179 INFO  ozoneimpl.OzoneContainer (OzoneContainer.java:startContainerScrub(160)) - Background container scrubber has been disabled by hdds.containerscrub.enabled
2019-06-13 02:44:52,179 INFO  ratis.XceiverServerRatis (XceiverServerRatis.java:start(418)) - Starting XceiverServerRatis 42a24354-d7db-4405-a8cc-27c31cc01afb at port 44655
2019-06-13 02:44:52,211 INFO  impl.RaftServerProxy (RaftServerProxy.java:lambda$start$3(299)) - 42a24354-d7db-4405-a8cc-27c31cc01afb: start RPC server
2019-06-13 02:44:52,240 INFO  ozone.MiniOzoneClusterImpl (MiniOzoneClusterImpl.java:lambda$waitForClusterToBeReady$0(142)) - Waiting for cluster to be ready. Got 0 of 6 DN Heartbeats.
2019-06-13 02:44:52,367 INFO  ozoneimpl.OzoneContainer (OzoneContainer.java:start(186)) - Attempting to start container services.
2019-06-13 02:44:52,368 INFO  ozoneimpl.OzoneContainer (OzoneContainer.java:startContainerScrub(160)) - Background container scrubber has been disabled by hdds.containerscrub.enabled
2019-06-13 02:44:52,369 INFO  ratis.XceiverServerRatis (XceiverServerRatis.java:start(418)) - Starting XceiverServerRatis 7f29876d-f5c1-432f-a832-638182b17e90 at port 45229
2019-06-13 02:44:52,382 INFO  server.GrpcService (GrpcService.java:startImpl(148)) - 42a24354-d7db-4405-a8cc-27c31cc01afb: GrpcService started, listening on 0.0.0.0/0.0.0.0:44655
2019-06-13 02:44:52,405 INFO  impl.RaftServerProxy (RaftServerProxy.java:lambda$start$3(299)) - 7f29876d-f5c1-432f-a832-638182b17e90: start RPC server
2019-06-13 02:44:52,407 INFO  server.GrpcService (GrpcService.java:startImpl(148)) - 7f29876d-f5c1-432f-a832-638182b17e90: GrpcService started, listening on 0.0.0.0/0.0.0.0:45229
2019-06-13 02:44:52,595 INFO  ozoneimpl.OzoneContainer (OzoneContainer.java:start(186)) - Attempting to start container services.
2019-06-13 02:44:52,597 INFO  ozoneimpl.OzoneContainer (OzoneContainer.java:startContainerScrub(160)) - Background container scrubber has been disabled by hdds.containerscrub.enabled
2019-06-13 02:44:52,597 INFO  ratis.XceiverServerRatis (XceiverServerRatis.java:start(418)) - Starting XceiverServerRatis 7a11a87b-a9f2-46dd-bcd0-921cab4bc808 at port 33139
2019-06-13 02:44:52,601 INFO  impl.RaftServerProxy (RaftServerProxy.java:lambda$start$3(299)) - 7a11a87b-a9f2-46dd-bcd0-921cab4bc808: start RPC server
2019-06-13 02:44:52,603 INFO  server.GrpcService (GrpcService.java:startImpl(148)) - 7a11a87b-a9f2-46dd-bcd0-921cab4bc808: GrpcService started, listening on 0.0.0.0/0.0.0.0:33139
2019-06-13 02:44:52,832 INFO  ozoneimpl.OzoneContainer (OzoneContainer.java:start(186)) - Attempting to start container services.
2019-06-13 02:44:52,834 INFO  ozoneimpl.OzoneContainer (OzoneContainer.java:startContainerScrub(160)) - Background container scrubber has been disabled by hdds.containerscrub.enabled
2019-06-13 02:44:52,834 INFO  ratis.XceiverServerRatis (XceiverServerRatis.java:start(418)) - Starting XceiverServerRatis 706b512e-a522-4713-b4be-edef4ac1b79c at port 38361
2019-06-13 02:44:52,839 INFO  impl.RaftServerProxy (RaftServerProxy.java:lambda$start$3(299)) - 706b512e-a522-4713-b4be-edef4ac1b79c: start RPC server
2019-06-13 02:44:52,841 INFO  server.GrpcService (GrpcService.java:startImpl(148)) - 706b512e-a522-4713-b4be-edef4ac1b79c: GrpcService started, listening on 0.0.0.0/0.0.0.0:38361
2019-06-13 02:44:53,024 INFO  ozoneimpl.OzoneContainer (OzoneContainer.java:start(186)) - Attempting to start container services.
2019-06-13 02:44:53,025 INFO  ozoneimpl.OzoneContainer (OzoneContainer.java:startContainerScrub(160)) - Background container scrubber has been disabled by hdds.containerscrub.enabled
2019-06-13 02:44:53,026 INFO  ratis.XceiverServerRatis (XceiverServerRatis.java:start(418)) - Starting XceiverServerRatis 34145947-de5b-45fc-b062-91cd5b769c87 at port 41761
2019-06-13 02:44:53,030 INFO  impl.RaftServerProxy (RaftServerProxy.java:lambda$start$3(299)) - 34145947-de5b-45fc-b062-91cd5b769c87: start RPC server
2019-06-13 02:44:53,033 INFO  server.GrpcService (GrpcService.java:startImpl(148)) - 34145947-de5b-45fc-b062-91cd5b769c87: GrpcService started, listening on 0.0.0.0/0.0.0.0:41761
2019-06-13 02:44:53,240 INFO  ozone.MiniOzoneClusterImpl (MiniOzoneClusterImpl.java:lambda$waitForClusterToBeReady$0(142)) - Waiting for cluster to be ready. Got 0 of 6 DN Heartbeats.
2019-06-13 02:44:53,247 INFO  ozoneimpl.OzoneContainer (OzoneContainer.java:start(186)) - Attempting to start container services.
2019-06-13 02:44:53,249 INFO  ozoneimpl.OzoneContainer (OzoneContainer.java:startContainerScrub(160)) - Background container scrubber has been disabled by hdds.containerscrub.enabled
2019-06-13 02:44:53,249 INFO  ratis.XceiverServerRatis (XceiverServerRatis.java:start(418)) - Starting XceiverServerRatis 1719c04a-c8d0-4fc2-b99a-4e216e5ad818 at port 35241
2019-06-13 02:44:53,252 INFO  impl.RaftServerProxy (RaftServerProxy.java:lambda$start$3(299)) - 1719c04a-c8d0-4fc2-b99a-4e216e5ad818: start RPC server
2019-06-13 02:44:53,254 INFO  server.GrpcService (GrpcService.java:startImpl(148)) - 1719c04a-c8d0-4fc2-b99a-4e216e5ad818: GrpcService started, listening on 0.0.0.0/0.0.0.0:35241
2019-06-13 02:44:54,175 INFO  node.SCMNodeManager (SCMNodeManager.java:register(234)) - Registered Data node : 42a24354-d7db-4405-a8cc-27c31cc01afb{ip: 192.168.19.16, host: ozone-vw7bt-3973109627, networkLocation: /default-rack, certSerialId: null}
2019-06-13 02:44:54,179 INFO  safemode.SCMSafeModeManager (DataNodeSafeModeRule.java:process(71)) - SCM in safe mode. 1 DataNodes registered, 1 required.
2019-06-13 02:44:54,179 INFO  safemode.SCMSafeModeManager (SCMSafeModeManager.java:validateSafeModeExitRules(177)) - ScmSafeModeManager, all rules are successfully validated
2019-06-13 02:44:54,180 INFO  safemode.SCMSafeModeManager (SCMSafeModeManager.java:exitSafeMode(193)) - SCM exiting safe mode.
2019-06-13 02:44:54,241 INFO  ozone.MiniOzoneClusterImpl (MiniOzoneClusterImpl.java:lambda$waitForClusterToBeReady$0(142)) - Waiting for cluster to be ready. Got 1 of 6 DN Heartbeats.
2019-06-13 02:44:54,365 INFO  node.SCMNodeManager (SCMNodeManager.java:register(234)) - Registered Data node : 7f29876d-f5c1-432f-a832-638182b17e90{ip: 192.168.19.16, host: ozone-vw7bt-3973109627, networkLocation: /default-rack, certSerialId: null}
2019-06-13 02:44:54,541 INFO  impl.RaftServerProxy (RaftServerProxy.java:addNew(89)) - 42a24354-d7db-4405-a8cc-27c31cc01afb: addNew group-8DE6E90A79C0:[42a24354-d7db-4405-a8cc-27c31cc01afb:192.168.19.16:44655] returns group-8DE6E90A79C0:java.util.concurrent.CompletableFuture@61d9ccd5[Not completed]
2019-06-13 02:44:54,546 INFO  impl.RaftServerImpl (RaftServerImpl.java:<init>(91)) - 42a24354-d7db-4405-a8cc-27c31cc01afb: new RaftServerImpl for group-8DE6E90A79C0:[42a24354-d7db-4405-a8cc-27c31cc01afb:192.168.19.16:44655] with ContainerStateMachine:uninitialized
2019-06-13 02:44:54,547 INFO  server.RaftServerConfigKeys (ConfUtils.java:logGet(43)) - raft.server.rpc.timeout.min = 1s (custom)
2019-06-13 02:44:54,548 INFO  server.RaftServerConfigKeys (ConfUtils.java:logGet(43)) - raft.server.rpc.timeout.max = 1200ms (custom)
2019-06-13 02:44:54,548 INFO  server.RaftServerConfigKeys (ConfUtils.java:logGet(43)) - raft.server.rpcslowness.timeout = 10s (custom)
2019-06-13 02:44:54,548 INFO  server.RaftServerConfigKeys (ConfUtils.java:logGet(43)) - raft.server.log.appender.install.snapshot.enabled = true (default)
2019-06-13 02:44:54,553 INFO  impl.RaftServerImpl (ServerState.java:<init>(101)) - 42a24354-d7db-4405-a8cc-27c31cc01afb:group-8DE6E90A79C0 ConfigurationManager, init=-1: [42a24354-d7db-4405-a8cc-27c31cc01afb:192.168.19.16:44655], old=null, confs=<EMPTY_MAP>
2019-06-13 02:44:54,553 INFO  server.RaftServerConfigKeys (ConfUtils.java:logGet(43)) - raft.server.storage.dir = [/opt/src/hadoop-ozone/integration-test/target/test-dir/MiniOzoneClusterImpl-6bab4eeb-f86e-496e-b90b-84f77322a42c/datanode-0/data/ratis] (custom)
2019-06-13 02:44:54,558 INFO  storage.RaftStorageDirectory (RaftStorageDirectory.java:analyzeStorage(246)) - The storage directory /opt/src/hadoop-ozone/integration-test/target/test-dir/MiniOzoneClusterImpl-6bab4eeb-f86e-496e-b90b-84f77322a42c/datanode-0/data/ratis/240bdcb1-3201-4f8e-ab59-8de6e90a79c0 does not exist. Creating ...
2019-06-13 02:44:54,563 INFO  storage.RaftStorageDirectory (RaftStorageDirectory.java:tryLock(328)) - Lock on /opt/src/hadoop-ozone/integration-test/target/test-dir/MiniOzoneClusterImpl-6bab4eeb-f86e-496e-b90b-84f77322a42c/datanode-0/data/ratis/240bdcb1-3201-4f8e-ab59-8de6e90a79c0/in_use.lock acquired by nodename 10202@ozone-vw7bt-3973109627
2019-06-13 02:44:54,567 INFO  storage.RaftStorage (RaftStorage.java:format(75)) - Storage directory /opt/src/hadoop-ozone/integration-test/target/test-dir/MiniOzoneClusterImpl-6bab4eeb-f86e-496e-b90b-84f77322a42c/datanode-0/data/ratis/240bdcb1-3201-4f8e-ab59-8de6e90a79c0 has been successfully formatted.
2019-06-13 02:44:54,568 INFO  ratis.ContainerStateMachine (ContainerStateMachine.java:loadSnapshot(199)) - The snapshot info is null.Setting the last applied index to:(t:0, i:~)
2019-06-13 02:44:54,568 INFO  server.RaftServerConfigKeys (ConfUtils.java:logGet(43)) - raft.server.leader.election.timeout = 10s (custom)
2019-06-13 02:44:54,695 INFO  server.RaftServerConfigKeys (ConfUtils.java:logGet(43)) - raft.server.log.use.memory = false (default)
2019-06-13 02:44:54,698 INFO  node.SCMNodeManager (SCMNodeManager.java:register(234)) - Registered Data node : 7a11a87b-a9f2-46dd-bcd0-921cab4bc808{ip: 192.168.19.16, host: ozone-vw7bt-3973109627, networkLocation: /default-rack, certSerialId: null}
2019-06-13 02:44:54,701 INFO  server.RaftServerConfigKeys (ConfUtils.java:logGet(43)) - raft.server.log.appender.buffer.byte-limit = 33554432 (custom)
2019-06-13 02:44:54,704 INFO  server.RaftServerConfigKeys (ConfUtils.java:logGet(43)) - raft.server.log.segment.size.max = 16384 (custom)
2019-06-13 02:44:54,708 INFO  server.RaftServerConfigKeys (ConfUtils.java:logGet(43)) - raft.server.log.segment.cache.num.max = 2 (custom)
2019-06-13 02:44:54,712 INFO  storage.RaftLogWorker (RaftLogWorker.java:<init>(123)) - new 42a24354-d7db-4405-a8cc-27c31cc01afb-RaftLogWorker for Storage Directory /opt/src/hadoop-ozone/integration-test/target/test-dir/MiniOzoneClusterImpl-6bab4eeb-f86e-496e-b90b-84f77322a42c/datanode-0/data/ratis/240bdcb1-3201-4f8e-ab59-8de6e90a79c0
2019-06-13 02:44:54,712 INFO  server.RaftServerConfigKeys (ConfUtils.java:logGet(43)) - raft.server.log.queue.byte-limit = 2147483647 (custom)
2019-06-13 02:44:54,713 INFO  server.RaftServerConfigKeys (ConfUtils.java:logGet(43)) - raft.server.log.queue.element-limit = 1024 (custom)
2019-06-13 02:44:54,715 INFO  server.RaftServerConfigKeys (ConfUtils.java:logGet(43)) - raft.server.log.segment.size.max = 16384 (custom)
2019-06-13 02:44:54,715 INFO  server.RaftServerConfigKeys (ConfUtils.java:logGet(43)) - raft.server.log.preallocated.size = 16384 (custom)
2019-06-13 02:44:54,716 INFO  server.RaftServerConfigKeys (ConfUtils.java:logGet(43)) - raft.server.log.write.buffer.size = 33554432 (custom)
2019-06-13 02:44:54,716 INFO  server.RaftServerConfigKeys (ConfUtils.java:logGet(43)) - raft.server.log.force.sync.num = 128 (default)
2019-06-13 02:44:54,717 INFO  server.RaftServerConfigKeys (ConfUtils.java:logGet(43)) - raft.server.log.statemachine.data.sync = true (default)
2019-06-13 02:44:54,717 INFO  server.RaftServerConfigKeys (ConfUtils.java:logGet(43)) - raft.server.log.statemachine.data.sync.timeout = 10s (default)
2019-06-13 02:44:54,718 INFO  server.RaftServerConfigKeys (ConfUtils.java:logGet(43)) - raft.server.log.statemachine.data.sync.timeout.retry = -1 (default)
2019-06-13 02:44:54,720 INFO  server.RaftServerConfigKeys (ConfUtils.java:logGet(43)) - raft.server.log.statemachine.data.caching.enabled = true (custom)
2019-06-13 02:44:54,726 INFO  server.RaftServerConfigKeys (ConfUtils.java:logGet(43)) - raft.server.snapshot.auto.trigger.enabled = true (custom)
2019-06-13 02:44:54,727 INFO  server.RaftServerConfigKeys (ConfUtils.java:logGet(43)) - raft.server.snapshot.auto.trigger.threshold = 10000 (custom)
2019-06-13 02:44:54,728 INFO  server.RaftServerConfigKeys (ConfUtils.java:logGet(43)) - raft.server.retrycache.expirytime = 600000ms (custom)
2019-06-13 02:44:54,743 INFO  impl.RaftServerImpl (RaftServerImpl.java:start(173)) - 42a24354-d7db-4405-a8cc-27c31cc01afb: start group-8DE6E90A79C0
2019-06-13 02:44:54,744 INFO  impl.RaftServerImpl (RaftServerImpl.java:setRole(164)) - 42a24354-d7db-4405-a8cc-27c31cc01afb:group-8DE6E90A79C0 changes role from null to FOLLOWER at term 0 for startAsFollower
2019-06-13 02:44:54,745 INFO  impl.RoleInfo (RoleInfo.java:updateAndGet(143)) - 42a24354-d7db-4405-a8cc-27c31cc01afb: start FollowerState
2019-06-13 02:44:54,747 INFO  util.JmxRegister (JmxRegister.java:tryRegister(44)) - Successfully registered JMX Bean with object name Ratis:service=RaftServer,group=group-8DE6E90A79C0,id=42a24354-d7db-4405-a8cc-27c31cc01afb
2019-06-13 02:44:54,787 INFO  pipeline.PipelineStateManager (PipelineStateManager.java:addPipeline(56)) - Created pipeline Pipeline[ Id: 240bdcb1-3201-4f8e-ab59-8de6e90a79c0, Nodes: 42a24354-d7db-4405-a8cc-27c31cc01afb{ip: 192.168.19.16, host: ozone-vw7bt-3973109627, networkLocation: /default-rack, certSerialId: null}, Type:RATIS, Factor:ONE, State:OPEN]
2019-06-13 02:44:54,804 INFO  impl.RaftServerProxy (RaftServerProxy.java:addNew(89)) - 7f29876d-f5c1-432f-a832-638182b17e90: addNew group-1189AF108D95:[7f29876d-f5c1-432f-a832-638182b17e90:192.168.19.16:45229] returns group-1189AF108D95:java.util.concurrent.CompletableFuture@d0e960c[Not completed]
2019-06-13 02:44:54,805 INFO  impl.RaftServerImpl (RaftServerImpl.java:<init>(91)) - 7f29876d-f5c1-432f-a832-638182b17e90: new RaftServerImpl for group-1189AF108D95:[7f29876d-f5c1-432f-a832-638182b17e90:192.168.19.16:45229] with ContainerStateMachine:uninitialized
2019-06-13 02:44:54,807 INFO  server.RaftServerConfigKeys (ConfUtils.java:logGet(43)) - raft.server.rpc.timeout.min = 1s (custom)
2019-06-13 02:44:54,807 INFO  server.RaftServerConfigKeys (ConfUtils.java:logGet(43)) - raft.server.rpc.timeout.max = 1200ms (custom)
2019-06-13 02:44:54,808 INFO  server.RaftServerConfigKeys (ConfUtils.java:logGet(43)) - raft.server.rpcslowness.timeout = 10s (custom)
2019-06-13 02:44:54,808 INFO  server.RaftServerConfigKeys (ConfUtils.java:logGet(43)) - raft.server.log.appender.install.snapshot.enabled = true (default)
2019-06-13 02:44:54,808 INFO  impl.RaftServerImpl (ServerState.java:<init>(101)) - 7f29876d-f5c1-432f-a832-638182b17e90:group-1189AF108D95 ConfigurationManager, init=-1: [7f29876d-f5c1-432f-a832-638182b17e90:192.168.19.16:45229], old=null, confs=<EMPTY_MAP>
2019-06-13 02:44:54,808 INFO  server.RaftServerConfigKeys (ConfUtils.java:logGet(43)) - raft.server.storage.dir = [/opt/src/hadoop-ozone/integration-test/target/test-dir/MiniOzoneClusterImpl-6bab4eeb-f86e-496e-b90b-84f77322a42c/datanode-1/data/ratis] (custom)
2019-06-13 02:44:54,808 INFO  storage.RaftStorageDirectory (RaftStorageDirectory.java:analyzeStorage(246)) - The storage directory /opt/src/hadoop-ozone/integration-test/target/test-dir/MiniOzoneClusterImpl-6bab4eeb-f86e-496e-b90b-84f77322a42c/datanode-1/data/ratis/63cf35aa-3546-43c2-82a7-1189af108d95 does not exist. Creating ...
2019-06-13 02:44:54,811 INFO  storage.RaftStorageDirectory (RaftStorageDirectory.java:tryLock(328)) - Lock on /opt/src/hadoop-ozone/integration-test/target/test-dir/MiniOzoneClusterImpl-6bab4eeb-f86e-496e-b90b-84f77322a42c/datanode-1/data/ratis/63cf35aa-3546-43c2-82a7-1189af108d95/in_use.lock acquired by nodename 10202@ozone-vw7bt-3973109627
2019-06-13 02:44:54,813 INFO  storage.RaftStorage (RaftStorage.java:format(75)) - Storage directory /opt/src/hadoop-ozone/integration-test/target/test-dir/MiniOzoneClusterImpl-6bab4eeb-f86e-496e-b90b-84f77322a42c/datanode-1/data/ratis/63cf35aa-3546-43c2-82a7-1189af108d95 has been successfully formatted.
2019-06-13 02:44:54,813 INFO  ratis.ContainerStateMachine (ContainerStateMachine.java:loadSnapshot(199)) - The snapshot info is null.Setting the last applied index to:(t:0, i:~)
2019-06-13 02:44:54,813 INFO  server.RaftServerConfigKeys (ConfUtils.java:logGet(43)) - raft.server.leader.election.timeout = 10s (custom)
2019-06-13 02:44:54,813 INFO  server.RaftServerConfigKeys (ConfUtils.java:logGet(43)) - raft.server.log.use.memory = false (default)
2019-06-13 02:44:54,813 INFO  server.RaftServerConfigKeys (ConfUtils.java:logGet(43)) - raft.server.log.appender.buffer.byte-limit = 33554432 (custom)
2019-06-13 02:44:54,814 INFO  server.RaftServerConfigKeys (ConfUtils.java:logGet(43)) - raft.server.log.segment.size.max = 16384 (custom)
2019-06-13 02:44:54,814 INFO  server.RaftServerConfigKeys (ConfUtils.java:logGet(43)) - raft.server.log.segment.cache.num.max = 2 (custom)
2019-06-13 02:44:54,814 INFO  storage.RaftLogWorker (RaftLogWorker.java:<init>(123)) - new 7f29876d-f5c1-432f-a832-638182b17e90-RaftLogWorker for Storage Directory /opt/src/hadoop-ozone/integration-test/target/test-dir/MiniOzoneClusterImpl-6bab4eeb-f86e-496e-b90b-84f77322a42c/datanode-1/data/ratis/63cf35aa-3546-43c2-82a7-1189af108d95
2019-06-13 02:44:54,815 INFO  server.RaftServerConfigKeys (ConfUtils.java:logGet(43)) - raft.server.log.queue.byte-limit = 2147483647 (custom)
2019-06-13 02:44:54,815 INFO  server.RaftServerConfigKeys (ConfUtils.java:logGet(43)) - raft.server.log.queue.element-limit = 1024 (custom)
2019-06-13 02:44:54,815 INFO  server.RaftServerConfigKeys (ConfUtils.java:logGet(43)) - raft.server.log.segment.size.max = 16384 (custom)
2019-06-13 02:44:54,815 INFO  server.RaftServerConfigKeys (ConfUtils.java:logGet(43)) - raft.server.log.preallocated.size = 16384 (custom)
2019-06-13 02:44:54,816 INFO  server.RaftServerConfigKeys (ConfUtils.java:logGet(43)) - raft.server.log.write.buffer.size = 33554432 (custom)
2019-06-13 02:44:54,816 INFO  server.RaftServerConfigKeys (ConfUtils.java:logGet(43)) - raft.server.log.force.sync.num = 128 (default)
2019-06-13 02:44:54,816 INFO  server.RaftServerConfigKeys (ConfUtils.java:logGet(43)) - raft.server.log.statemachine.data.sync = true (default)
2019-06-13 02:44:54,816 INFO  server.RaftServerConfigKeys (ConfUtils.java:logGet(43)) - raft.server.log.statemachine.data.sync.timeout = 10s (default)
2019-06-13 02:44:54,816 INFO  server.RaftServerConfigKeys (ConfUtils.java:logGet(43)) - raft.server.log.statemachine.data.sync.timeout.retry = -1 (default)
2019-06-13 02:44:54,816 INFO  server.RaftServerConfigKeys (ConfUtils.java:logGet(43)) - raft.server.log.statemachine.data.caching.enabled = true (custom)
2019-06-13 02:44:54,817 INFO  server.RaftServerConfigKeys (ConfUtils.java:logGet(43)) - raft.server.snapshot.auto.trigger.enabled = true (custom)
2019-06-13 02:44:54,817 INFO  server.RaftServerConfigKeys (ConfUtils.java:logGet(43)) - raft.server.snapshot.auto.trigger.threshold = 10000 (custom)
2019-06-13 02:44:54,817 INFO  server.RaftServerConfigKeys (ConfUtils.java:logGet(43)) - raft.server.retrycache.expirytime = 600000ms (custom)
2019-06-13 02:44:54,817 INFO  impl.RaftServerImpl (RaftServerImpl.java:start(173)) - 7f29876d-f5c1-432f-a832-638182b17e90: start group-1189AF108D95
2019-06-13 02:44:54,817 INFO  impl.RaftServerImpl (RaftServerImpl.java:setRole(164)) - 7f29876d-f5c1-432f-a832-638182b17e90:group-1189AF108D95 changes role from null to FOLLOWER at term 0 for startAsFollower
2019-06-13 02:44:54,818 INFO  impl.RoleInfo (RoleInfo.java:updateAndGet(143)) - 7f29876d-f5c1-432f-a832-638182b17e90: start FollowerState
2019-06-13 02:44:54,819 INFO  util.JmxRegister (JmxRegister.java:tryRegister(44)) - Successfully registered JMX Bean with object name Ratis:service=RaftServer,group=group-1189AF108D95,id=7f29876d-f5c1-432f-a832-638182b17e90
2019-06-13 02:44:54,828 INFO  pipeline.PipelineStateManager (PipelineStateManager.java:addPipeline(56)) - Created pipeline Pipeline[ Id: 63cf35aa-3546-43c2-82a7-1189af108d95, Nodes: 7f29876d-f5c1-432f-a832-638182b17e90{ip: 192.168.19.16, host: ozone-vw7bt-3973109627, networkLocation: /default-rack, certSerialId: null}, Type:RATIS, Factor:ONE, State:OPEN]
2019-06-13 02:44:54,831 INFO  node.SCMNodeManager (SCMNodeManager.java:register(234)) - Registered Data node : 706b512e-a522-4713-b4be-edef4ac1b79c{ip: 192.168.19.16, host: ozone-vw7bt-3973109627, networkLocation: /default-rack, certSerialId: null}
2019-06-13 02:44:54,844 INFO  impl.RaftServerProxy (RaftServerProxy.java:addNew(89)) - 7a11a87b-a9f2-46dd-bcd0-921cab4bc808: addNew group-C3D018A823B4:[7a11a87b-a9f2-46dd-bcd0-921cab4bc808:192.168.19.16:33139] returns group-C3D018A823B4:java.util.concurrent.CompletableFuture@217c7551[Not completed]
2019-06-13 02:44:54,875 INFO  impl.RaftServerImpl (RaftServerImpl.java:<init>(91)) - 7a11a87b-a9f2-46dd-bcd0-921cab4bc808: new RaftServerImpl for group-C3D018A823B4:[7a11a87b-a9f2-46dd-bcd0-921cab4bc808:192.168.19.16:33139] with ContainerStateMachine:uninitialized
2019-06-13 02:44:54,875 INFO  server.RaftServerConfigKeys (ConfUtils.java:logGet(43)) - raft.server.rpc.timeout.min = 1s (custom)
2019-06-13 02:44:54,876 INFO  server.RaftServerConfigKeys (ConfUtils.java:logGet(43)) - raft.server.rpc.timeout.max = 1200ms (custom)
2019-06-13 02:44:54,876 INFO  server.RaftServerConfigKeys (ConfUtils.java:logGet(43)) - raft.server.rpcslowness.timeout = 10s (custom)
2019-06-13 02:44:54,876 INFO  server.RaftServerConfigKeys (ConfUtils.java:logGet(43)) - raft.server.log.appender.install.snapshot.enabled = true (default)
2019-06-13 02:44:54,876 INFO  impl.RaftServerImpl (ServerState.java:<init>(101)) - 7a11a87b-a9f2-46dd-bcd0-921cab4bc808:group-C3D018A823B4 ConfigurationManager, init=-1: [7a11a87b-a9f2-46dd-bcd0-921cab4bc808:192.168.19.16:33139], old=null, confs=<EMPTY_MAP>
2019-06-13 02:44:54,876 INFO  server.RaftServerConfigKeys (ConfUtils.java:logGet(43)) - raft.server.storage.dir = [/opt/src/hadoop-ozone/integration-test/target/test-dir/MiniOzoneClusterImpl-6bab4eeb-f86e-496e-b90b-84f77322a42c/datanode-2/data/ratis] (custom)
2019-06-13 02:44:54,876 INFO  storage.RaftStorageDirectory (RaftStorageDirectory.java:analyzeStorage(246)) - The storage directory /opt/src/hadoop-ozone/integration-test/target/test-dir/MiniOzoneClusterImpl-6bab4eeb-f86e-496e-b90b-84f77322a42c/datanode-2/data/ratis/8880f953-ac85-48a3-acd4-c3d018a823b4 does not exist. Creating ...
2019-06-13 02:44:54,879 INFO  storage.RaftStorageDirectory (RaftStorageDirectory.java:tryLock(328)) - Lock on /opt/src/hadoop-ozone/integration-test/target/test-dir/MiniOzoneClusterImpl-6bab4eeb-f86e-496e-b90b-84f77322a42c/datanode-2/data/ratis/8880f953-ac85-48a3-acd4-c3d018a823b4/in_use.lock acquired by nodename 10202@ozone-vw7bt-3973109627
2019-06-13 02:44:54,881 INFO  storage.RaftStorage (RaftStorage.java:format(75)) - Storage directory /opt/src/hadoop-ozone/integration-test/target/test-dir/MiniOzoneClusterImpl-6bab4eeb-f86e-496e-b90b-84f77322a42c/datanode-2/data/ratis/8880f953-ac85-48a3-acd4-c3d018a823b4 has been successfully formatted.
2019-06-13 02:44:54,882 INFO  ratis.ContainerStateMachine (ContainerStateMachine.java:loadSnapshot(199)) - The snapshot info is null.Setting the last applied index to:(t:0, i:~)
2019-06-13 02:44:54,883 INFO  server.RaftServerConfigKeys (ConfUtils.java:logGet(43)) - raft.server.leader.election.timeout = 10s (custom)
2019-06-13 02:44:54,883 INFO  server.RaftServerConfigKeys (ConfUtils.java:logGet(43)) - raft.server.log.use.memory = false (default)
2019-06-13 02:44:54,883 INFO  server.RaftServerConfigKeys (ConfUtils.java:logGet(43)) - raft.server.log.appender.buffer.byte-limit = 33554432 (custom)
2019-06-13 02:44:54,883 INFO  server.RaftServerConfigKeys (ConfUtils.java:logGet(43)) - raft.server.log.segment.size.max = 16384 (custom)
2019-06-13 02:44:54,883 INFO  server.RaftServerConfigKeys (ConfUtils.java:logGet(43)) - raft.server.log.segment.cache.num.max = 2 (custom)
2019-06-13 02:44:54,883 INFO  storage.RaftLogWorker (RaftLogWorker.java:<init>(123)) - new 7a11a87b-a9f2-46dd-bcd0-921cab4bc808-RaftLogWorker for Storage Directory /opt/src/hadoop-ozone/integration-test/target/test-dir/MiniOzoneClusterImpl-6bab4eeb-f86e-496e-b90b-84f77322a42c/datanode-2/data/ratis/8880f953-ac85-48a3-acd4-c3d018a823b4
2019-06-13 02:44:54,884 INFO  server.RaftServerConfigKeys (ConfUtils.java:logGet(43)) - raft.server.log.queue.byte-limit = 2147483647 (custom)
2019-06-13 02:44:54,884 INFO  server.RaftServerConfigKeys (ConfUtils.java:logGet(43)) - raft.server.log.queue.element-limit = 1024 (custom)
2019-06-13 02:44:54,884 INFO  server.RaftServerConfigKeys (ConfUtils.java:logGet(43)) - raft.server.log.segment.size.max = 16384 (custom)
2019-06-13 02:44:54,884 INFO  server.RaftServerConfigKeys (ConfUtils.java:logGet(43)) - raft.server.log.preallocated.size = 16384 (custom)
2019-06-13 02:44:54,884 INFO  server.RaftServerConfigKeys (ConfUtils.java:logGet(43)) - raft.server.log.write.buffer.size = 33554432 (custom)
2019-06-13 02:44:54,884 INFO  server.RaftServerConfigKeys (ConfUtils.java:logGet(43)) - raft.server.log.force.sync.num = 128 (default)
2019-06-13 02:44:54,884 INFO  server.RaftServerConfigKeys (ConfUtils.java:logGet(43)) - raft.server.log.statemachine.data.sync = true (default)
2019-06-13 02:44:54,884 INFO  server.RaftServerConfigKeys (ConfUtils.java:logGet(43)) - raft.server.log.statemachine.data.sync.timeout = 10s (default)
2019-06-13 02:44:54,885 INFO  server.RaftServerConfigKeys (ConfUtils.java:logGet(43)) - raft.server.log.statemachine.data.sync.timeout.retry = -1 (default)
2019-06-13 02:44:54,885 INFO  server.RaftServerConfigKeys (ConfUtils.java:logGet(43)) - raft.server.log.statemachine.data.caching.enabled = true (custom)
2019-06-13 02:44:54,885 INFO  server.RaftServerConfigKeys (ConfUtils.java:logGet(43)) - raft.server.snapshot.auto.trigger.enabled = true (custom)
2019-06-13 02:44:54,885 INFO  server.RaftServerConfigKeys (ConfUtils.java:logGet(43)) - raft.server.snapshot.auto.trigger.threshold = 10000 (custom)
2019-06-13 02:44:54,886 INFO  server.RaftServerConfigKeys (ConfUtils.java:logGet(43)) - raft.server.retrycache.expirytime = 600000ms (custom)
2019-06-13 02:44:54,886 INFO  impl.RaftServerImpl (RaftServerImpl.java:start(173)) - 7a11a87b-a9f2-46dd-bcd0-921cab4bc808: start group-C3D018A823B4
2019-06-13 02:44:54,886 INFO  impl.RaftServerImpl (RaftServerImpl.java:setRole(164)) - 7a11a87b-a9f2-46dd-bcd0-921cab4bc808:group-C3D018A823B4 changes role from null to FOLLOWER at term 0 for startAsFollower
2019-06-13 02:44:54,886 INFO  impl.RoleInfo (RoleInfo.java:updateAndGet(143)) - 7a11a87b-a9f2-46dd-bcd0-921cab4bc808: start FollowerState
2019-06-13 02:44:54,886 INFO  util.JmxRegister (JmxRegister.java:tryRegister(44)) - Successfully registered JMX Bean with object name Ratis:service=RaftServer,group=group-C3D018A823B4,id=7a11a87b-a9f2-46dd-bcd0-921cab4bc808
2019-06-13 02:44:54,894 INFO  pipeline.PipelineStateManager (PipelineStateManager.java:addPipeline(56)) - Created pipeline Pipeline[ Id: 8880f953-ac85-48a3-acd4-c3d018a823b4, Nodes: 7a11a87b-a9f2-46dd-bcd0-921cab4bc808{ip: 192.168.19.16, host: ozone-vw7bt-3973109627, networkLocation: /default-rack, certSerialId: null}, Type:RATIS, Factor:ONE, State:OPEN]
2019-06-13 02:44:54,911 INFO  impl.RaftServerProxy (RaftServerProxy.java:addNew(89)) - 706b512e-a522-4713-b4be-edef4ac1b79c: addNew group-D54FDFD16416:[706b512e-a522-4713-b4be-edef4ac1b79c:192.168.19.16:38361] returns group-D54FDFD16416:java.util.concurrent.CompletableFuture@4e2cb0b[Not completed]
2019-06-13 02:44:54,914 INFO  impl.RaftServerImpl (RaftServerImpl.java:<init>(91)) - 706b512e-a522-4713-b4be-edef4ac1b79c: new RaftServerImpl for group-D54FDFD16416:[706b512e-a522-4713-b4be-edef4ac1b79c:192.168.19.16:38361] with ContainerStateMachine:uninitialized
2019-06-13 02:44:54,914 INFO  server.RaftServerConfigKeys (ConfUtils.java:logGet(43)) - raft.server.rpc.timeout.min = 1s (custom)
2019-06-13 02:44:54,915 INFO  server.RaftServerConfigKeys (ConfUtils.java:logGet(43)) - raft.server.rpc.timeout.max = 1200ms (custom)
2019-06-13 02:44:54,915 INFO  server.RaftServerConfigKeys (ConfUtils.java:logGet(43)) - raft.server.rpcslowness.timeout = 10s (custom)
2019-06-13 02:44:54,915 INFO  server.RaftServerConfigKeys (ConfUtils.java:logGet(43)) - raft.server.log.appender.install.snapshot.enabled = true (default)
2019-06-13 02:44:54,915 INFO  impl.RaftServerImpl (ServerState.java:<init>(101)) - 706b512e-a522-4713-b4be-edef4ac1b79c:group-D54FDFD16416 ConfigurationManager, init=-1: [706b512e-a522-4713-b4be-edef4ac1b79c:192.168.19.16:38361], old=null, confs=<EMPTY_MAP>
2019-06-13 02:44:54,915 INFO  server.RaftServerConfigKeys (ConfUtils.java:logGet(43)) - raft.server.storage.dir = [/opt/src/hadoop-ozone/integration-test/target/test-dir/MiniOzoneClusterImpl-6bab4eeb-f86e-496e-b90b-84f77322a42c/datanode-3/data/ratis] (custom)
2019-06-13 02:44:54,915 INFO  storage.RaftStorageDirectory (RaftStorageDirectory.java:analyzeStorage(246)) - The storage directory /opt/src/hadoop-ozone/integration-test/target/test-dir/MiniOzoneClusterImpl-6bab4eeb-f86e-496e-b90b-84f77322a42c/datanode-3/data/ratis/805a8e55-a0b7-412f-8f70-d54fdfd16416 does not exist. Creating ...
2019-06-13 02:44:54,918 INFO  storage.RaftStorageDirectory (RaftStorageDirectory.java:tryLock(328)) - Lock on /opt/src/hadoop-ozone/integration-test/target/test-dir/MiniOzoneClusterImpl-6bab4eeb-f86e-496e-b90b-84f77322a42c/datanode-3/data/ratis/805a8e55-a0b7-412f-8f70-d54fdfd16416/in_use.lock acquired by nodename 10202@ozone-vw7bt-3973109627
2019-06-13 02:44:54,920 INFO  storage.RaftStorage (RaftStorage.java:format(75)) - Storage directory /opt/src/hadoop-ozone/integration-test/target/test-dir/MiniOzoneClusterImpl-6bab4eeb-f86e-496e-b90b-84f77322a42c/datanode-3/data/ratis/805a8e55-a0b7-412f-8f70-d54fdfd16416 has been successfully formatted.
2019-06-13 02:44:54,920 INFO  ratis.ContainerStateMachine (ContainerStateMachine.java:loadSnapshot(199)) - The snapshot info is null.Setting the last applied index to:(t:0, i:~)
2019-06-13 02:44:54,921 INFO  server.RaftServerConfigKeys (ConfUtils.java:logGet(43)) - raft.server.leader.election.timeout = 10s (custom)
2019-06-13 02:44:54,921 INFO  server.RaftServerConfigKeys (ConfUtils.java:logGet(43)) - raft.server.log.use.memory = false (default)
2019-06-13 02:44:54,921 INFO  server.RaftServerConfigKeys (ConfUtils.java:logGet(43)) - raft.server.log.appender.buffer.byte-limit = 33554432 (custom)
2019-06-13 02:44:54,921 INFO  server.RaftServerConfigKeys (ConfUtils.java:logGet(43)) - raft.server.log.segment.size.max = 16384 (custom)
2019-06-13 02:44:54,921 INFO  server.RaftServerConfigKeys (ConfUtils.java:logGet(43)) - raft.server.log.segment.cache.num.max = 2 (custom)
2019-06-13 02:44:54,921 INFO  storage.RaftLogWorker (RaftLogWorker.java:<init>(123)) - new 706b512e-a522-4713-b4be-edef4ac1b79c-RaftLogWorker for Storage Directory /opt/src/hadoop-ozone/integration-test/target/test-dir/MiniOzoneClusterImpl-6bab4eeb-f86e-496e-b90b-84f77322a42c/datanode-3/data/ratis/805a8e55-a0b7-412f-8f70-d54fdfd16416
2019-06-13 02:44:54,921 INFO  server.RaftServerConfigKeys (ConfUtils.java:logGet(43)) - raft.server.log.queue.byte-limit = 2147483647 (custom)
2019-06-13 02:44:54,922 INFO  server.RaftServerConfigKeys (ConfUtils.java:logGet(43)) - raft.server.log.queue.element-limit = 1024 (custom)
2019-06-13 02:44:54,922 INFO  server.RaftServerConfigKeys (ConfUtils.java:logGet(43)) - raft.server.log.segment.size.max = 16384 (custom)
2019-06-13 02:44:54,922 INFO  server.RaftServerConfigKeys (ConfUtils.java:logGet(43)) - raft.server.log.preallocated.size = 16384 (custom)
2019-06-13 02:44:54,922 INFO  server.RaftServerConfigKeys (ConfUtils.java:logGet(43)) - raft.server.log.write.buffer.size = 33554432 (custom)
2019-06-13 02:44:54,922 INFO  server.RaftServerConfigKeys (ConfUtils.java:logGet(43)) - raft.server.log.force.sync.num = 128 (default)
2019-06-13 02:44:54,922 INFO  server.RaftServerConfigKeys (ConfUtils.java:logGet(43)) - raft.server.log.statemachine.data.sync = true (default)
2019-06-13 02:44:54,922 INFO  server.RaftServerConfigKeys (ConfUtils.java:logGet(43)) - raft.server.log.statemachine.data.sync.timeout = 10s (default)
2019-06-13 02:44:54,922 INFO  server.RaftServerConfigKeys (ConfUtils.java:logGet(43)) - raft.server.log.statemachine.data.sync.timeout.retry = -1 (default)
2019-06-13 02:44:54,923 INFO  server.RaftServerConfigKeys (ConfUtils.java:logGet(43)) - raft.server.log.statemachine.data.caching.enabled = true (custom)
2019-06-13 02:44:54,923 INFO  server.RaftServerConfigKeys (ConfUtils.java:logGet(43)) - raft.server.snapshot.auto.trigger.enabled = true (custom)
2019-06-13 02:44:54,923 INFO  server.RaftServerConfigKeys (ConfUtils.java:logGet(43)) - raft.server.snapshot.auto.trigger.threshold = 10000 (custom)
2019-06-13 02:44:54,923 INFO  server.RaftServerConfigKeys (ConfUtils.java:logGet(43)) - raft.server.retrycache.expirytime = 600000ms (custom)
2019-06-13 02:44:54,924 INFO  impl.RaftServerImpl (RaftServerImpl.java:start(173)) - 706b512e-a522-4713-b4be-edef4ac1b79c: start group-D54FDFD16416
2019-06-13 02:44:54,924 INFO  impl.RaftServerImpl (RaftServerImpl.java:setRole(164)) - 706b512e-a522-4713-b4be-edef4ac1b79c:group-D54FDFD16416 changes role from null to FOLLOWER at term 0 for startAsFollower
2019-06-13 02:44:54,924 INFO  impl.RoleInfo (RoleInfo.java:updateAndGet(143)) - 706b512e-a522-4713-b4be-edef4ac1b79c: start FollowerState
2019-06-13 02:44:54,924 INFO  util.JmxRegister (JmxRegister.java:tryRegister(44)) - Successfully registered JMX Bean with object name Ratis:service=RaftServer,group=group-D54FDFD16416,id=706b512e-a522-4713-b4be-edef4ac1b79c
2019-06-13 02:44:54,939 INFO  pipeline.PipelineStateManager (PipelineStateManager.java:addPipeline(56)) - Created pipeline Pipeline[ Id: 805a8e55-a0b7-412f-8f70-d54fdfd16416, Nodes: 706b512e-a522-4713-b4be-edef4ac1b79c{ip: 192.168.19.16, host: ozone-vw7bt-3973109627, networkLocation: /default-rack, certSerialId: null}, Type:RATIS, Factor:ONE, State:OPEN]
2019-06-13 02:44:54,971 INFO  impl.RaftServerProxy (RaftServerProxy.java:addNew(89)) - 7a11a87b-a9f2-46dd-bcd0-921cab4bc808: addNew group-CD4B7255136E:[706b512e-a522-4713-b4be-edef4ac1b79c:192.168.19.16:38361, 7a11a87b-a9f2-46dd-bcd0-921cab4bc808:192.168.19.16:33139, 7f29876d-f5c1-432f-a832-638182b17e90:192.168.19.16:45229] returns group-CD4B7255136E:java.util.concurrent.CompletableFuture@788a4252[Not completed]
2019-06-13 02:44:54,972 INFO  impl.RaftServerImpl (RaftServerImpl.java:<init>(91)) - 7a11a87b-a9f2-46dd-bcd0-921cab4bc808: new RaftServerImpl for group-CD4B7255136E:[706b512e-a522-4713-b4be-edef4ac1b79c:192.168.19.16:38361, 7a11a87b-a9f2-46dd-bcd0-921cab4bc808:192.168.19.16:33139, 7f29876d-f5c1-432f-a832-638182b17e90:192.168.19.16:45229] with ContainerStateMachine:uninitialized
2019-06-13 02:44:54,972 INFO  server.RaftServerConfigKeys (ConfUtils.java:logGet(43)) - raft.server.rpc.timeout.min = 1s (custom)
2019-06-13 02:44:54,972 INFO  server.RaftServerConfigKeys (ConfUtils.java:logGet(43)) - raft.server.rpc.timeout.max = 1200ms (custom)
2019-06-13 02:44:54,972 INFO  server.RaftServerConfigKeys (ConfUtils.java:logGet(43)) - raft.server.rpcslowness.timeout = 10s (custom)
2019-06-13 02:44:54,972 INFO  server.RaftServerConfigKeys (ConfUtils.java:logGet(43)) - raft.server.log.appender.install.snapshot.enabled = true (default)
2019-06-13 02:44:54,972 INFO  impl.RaftServerImpl (ServerState.java:<init>(101)) - 7a11a87b-a9f2-46dd-bcd0-921cab4bc808:group-CD4B7255136E ConfigurationManager, init=-1: [706b512e-a522-4713-b4be-edef4ac1b79c:192.168.19.16:38361, 7a11a87b-a9f2-46dd-bcd0-921cab4bc808:192.168.19.16:33139, 7f29876d-f5c1-432f-a832-638182b17e90:192.168.19.16:45229], old=null, confs=<EMPTY_MAP>
2019-06-13 02:44:54,973 INFO  server.RaftServerConfigKeys (ConfUtils.java:logGet(43)) - raft.server.storage.dir = [/opt/src/hadoop-ozone/integration-test/target/test-dir/MiniOzoneClusterImpl-6bab4eeb-f86e-496e-b90b-84f77322a42c/datanode-2/data/ratis] (custom)
2019-06-13 02:44:54,973 INFO  storage.RaftStorageDirectory (RaftStorageDirectory.java:analyzeStorage(246)) - The storage directory /opt/src/hadoop-ozone/integration-test/target/test-dir/MiniOzoneClusterImpl-6bab4eeb-f86e-496e-b90b-84f77322a42c/datanode-2/data/ratis/3050e2e0-0c2c-4a26-b411-cd4b7255136e does not exist. Creating ...
2019-06-13 02:44:54,974 INFO  impl.RaftServerProxy (RaftServerProxy.java:addNew(89)) - 706b512e-a522-4713-b4be-edef4ac1b79c: addNew group-CD4B7255136E:[706b512e-a522-4713-b4be-edef4ac1b79c:192.168.19.16:38361, 7a11a87b-a9f2-46dd-bcd0-921cab4bc808:192.168.19.16:33139, 7f29876d-f5c1-432f-a832-638182b17e90:192.168.19.16:45229] returns group-CD4B7255136E:java.util.concurrent.CompletableFuture@429f74c2[Not completed]
2019-06-13 02:44:54,975 INFO  impl.RaftServerImpl (RaftServerImpl.java:<init>(91)) - 706b512e-a522-4713-b4be-edef4ac1b79c: new RaftServerImpl for group-CD4B7255136E:[706b512e-a522-4713-b4be-edef4ac1b79c:192.168.19.16:38361, 7a11a87b-a9f2-46dd-bcd0-921cab4bc808:192.168.19.16:33139, 7f29876d-f5c1-432f-a832-638182b17e90:192.168.19.16:45229] with ContainerStateMachine:uninitialized
2019-06-13 02:44:54,975 INFO  server.RaftServerConfigKeys (ConfUtils.java:logGet(43)) - raft.server.rpc.timeout.min = 1s (custom)
2019-06-13 02:44:54,975 INFO  server.RaftServerConfigKeys (ConfUtils.java:logGet(43)) - raft.server.rpc.timeout.max = 1200ms (custom)
2019-06-13 02:44:54,975 INFO  server.RaftServerConfigKeys (ConfUtils.java:logGet(43)) - raft.server.rpcslowness.timeout = 10s (custom)
2019-06-13 02:44:54,975 INFO  server.RaftServerConfigKeys (ConfUtils.java:logGet(43)) - raft.server.log.appender.install.snapshot.enabled = true (default)
2019-06-13 02:44:54,975 INFO  impl.RaftServerImpl (ServerState.java:<init>(101)) - 706b512e-a522-4713-b4be-edef4ac1b79c:group-CD4B7255136E ConfigurationManager, init=-1: [706b512e-a522-4713-b4be-edef4ac1b79c:192.168.19.16:38361, 7a11a87b-a9f2-46dd-bcd0-921cab4bc808:192.168.19.16:33139, 7f29876d-f5c1-432f-a832-638182b17e90:192.168.19.16:45229], old=null, confs=<EMPTY_MAP>
2019-06-13 02:44:54,975 INFO  server.RaftServerConfigKeys (ConfUtils.java:logGet(43)) - raft.server.storage.dir = [/opt/src/hadoop-ozone/integration-test/target/test-dir/MiniOzoneClusterImpl-6bab4eeb-f86e-496e-b90b-84f77322a42c/datanode-3/data/ratis] (custom)
2019-06-13 02:44:54,976 INFO  storage.RaftStorageDirectory (RaftStorageDirectory.java:tryLock(328)) - Lock on /opt/src/hadoop-ozone/integration-test/target/test-dir/MiniOzoneClusterImpl-6bab4eeb-f86e-496e-b90b-84f77322a42c/datanode-2/data/ratis/3050e2e0-0c2c-4a26-b411-cd4b7255136e/in_use.lock acquired by nodename 10202@ozone-vw7bt-3973109627
2019-06-13 02:44:54,976 INFO  impl.RaftServerProxy (RaftServerProxy.java:addNew(89)) - 7f29876d-f5c1-432f-a832-638182b17e90: addNew group-CD4B7255136E:[706b512e-a522-4713-b4be-edef4ac1b79c:192.168.19.16:38361, 7a11a87b-a9f2-46dd-bcd0-921cab4bc808:192.168.19.16:33139, 7f29876d-f5c1-432f-a832-638182b17e90:192.168.19.16:45229] returns group-CD4B7255136E:java.util.concurrent.CompletableFuture@7cb5d99b[Not completed]
2019-06-13 02:44:54,977 INFO  storage.RaftStorageDirectory (RaftStorageDirectory.java:analyzeStorage(246)) - The storage directory /opt/src/hadoop-ozone/integration-test/target/test-dir/MiniOzoneClusterImpl-6bab4eeb-f86e-496e-b90b-84f77322a42c/datanode-3/data/ratis/3050e2e0-0c2c-4a26-b411-cd4b7255136e does not exist. Creating ...
2019-06-13 02:44:54,977 INFO  impl.RaftServerImpl (RaftServerImpl.java:<init>(91)) - 7f29876d-f5c1-432f-a832-638182b17e90: new RaftServerImpl for group-CD4B7255136E:[706b512e-a522-4713-b4be-edef4ac1b79c:192.168.19.16:38361, 7a11a87b-a9f2-46dd-bcd0-921cab4bc808:192.168.19.16:33139, 7f29876d-f5c1-432f-a832-638182b17e90:192.168.19.16:45229] with ContainerStateMachine:uninitialized
2019-06-13 02:44:54,978 INFO  server.RaftServerConfigKeys (ConfUtils.java:logGet(43)) - raft.server.rpc.timeout.min = 1s (custom)
2019-06-13 02:44:54,978 INFO  server.RaftServerConfigKeys (ConfUtils.java:logGet(43)) - raft.server.rpc.timeout.max = 1200ms (custom)
2019-06-13 02:44:54,978 INFO  server.RaftServerConfigKeys (ConfUtils.java:logGet(43)) - raft.server.rpcslowness.timeout = 10s (custom)
2019-06-13 02:44:54,978 INFO  server.RaftServerConfigKeys (ConfUtils.java:logGet(43)) - raft.server.log.appender.install.snapshot.enabled = true (default)
2019-06-13 02:44:54,978 INFO  impl.RaftServerImpl (ServerState.java:<init>(101)) - 7f29876d-f5c1-432f-a832-638182b17e90:group-CD4B7255136E ConfigurationManager, init=-1: [706b512e-a522-4713-b4be-edef4ac1b79c:192.168.19.16:38361, 7a11a87b-a9f2-46dd-bcd0-921cab4bc808:192.168.19.16:33139, 7f29876d-f5c1-432f-a832-638182b17e90:192.168.19.16:45229], old=null, confs=<EMPTY_MAP>
2019-06-13 02:44:54,978 INFO  server.RaftServerConfigKeys (ConfUtils.java:logGet(43)) - raft.server.storage.dir = [/opt/src/hadoop-ozone/integration-test/target/test-dir/MiniOzoneClusterImpl-6bab4eeb-f86e-496e-b90b-84f77322a42c/datanode-1/data/ratis] (custom)
2019-06-13 02:44:54,978 INFO  storage.RaftStorageDirectory (RaftStorageDirectory.java:analyzeStorage(246)) - The storage directory /opt/src/hadoop-ozone/integration-test/target/test-dir/MiniOzoneClusterImpl-6bab4eeb-f86e-496e-b90b-84f77322a42c/datanode-1/data/ratis/3050e2e0-0c2c-4a26-b411-cd4b7255136e does not exist. Creating ...
2019-06-13 02:44:54,979 INFO  storage.RaftStorage (RaftStorage.java:format(75)) - Storage directory /opt/src/hadoop-ozone/integration-test/target/test-dir/MiniOzoneClusterImpl-6bab4eeb-f86e-496e-b90b-84f77322a42c/datanode-2/data/ratis/3050e2e0-0c2c-4a26-b411-cd4b7255136e has been successfully formatted.
2019-06-13 02:44:54,979 INFO  ratis.ContainerStateMachine (ContainerStateMachine.java:loadSnapshot(199)) - The snapshot info is null.Setting the last applied index to:(t:0, i:~)
2019-06-13 02:44:54,980 INFO  server.RaftServerConfigKeys (ConfUtils.java:logGet(43)) - raft.server.leader.election.timeout = 10s (custom)
2019-06-13 02:44:54,980 INFO  server.RaftServerConfigKeys (ConfUtils.java:logGet(43)) - raft.server.log.use.memory = false (default)
2019-06-13 02:44:54,980 INFO  server.RaftServerConfigKeys (ConfUtils.java:logGet(43)) - raft.server.log.appender.buffer.byte-limit = 33554432 (custom)
2019-06-13 02:44:54,980 INFO  storage.RaftStorageDirectory (RaftStorageDirectory.java:tryLock(328)) - Lock on /opt/src/hadoop-ozone/integration-test/target/test-dir/MiniOzoneClusterImpl-6bab4eeb-f86e-496e-b90b-84f77322a42c/datanode-3/data/ratis/3050e2e0-0c2c-4a26-b411-cd4b7255136e/in_use.lock acquired by nodename 10202@ozone-vw7bt-3973109627
2019-06-13 02:44:54,980 INFO  server.RaftServerConfigKeys (ConfUtils.java:logGet(43)) - raft.server.log.segment.size.max = 16384 (custom)
2019-06-13 02:44:54,980 INFO  server.RaftServerConfigKeys (ConfUtils.java:logGet(43)) - raft.server.log.segment.cache.num.max = 2 (custom)
2019-06-13 02:44:54,980 INFO  storage.RaftLogWorker (RaftLogWorker.java:<init>(123)) - new 7a11a87b-a9f2-46dd-bcd0-921cab4bc808-RaftLogWorker for Storage Directory /opt/src/hadoop-ozone/integration-test/target/test-dir/MiniOzoneClusterImpl-6bab4eeb-f86e-496e-b90b-84f77322a42c/datanode-2/data/ratis/3050e2e0-0c2c-4a26-b411-cd4b7255136e
2019-06-13 02:44:54,980 INFO  server.RaftServerConfigKeys (ConfUtils.java:logGet(43)) - raft.server.log.queue.byte-limit = 2147483647 (custom)
2019-06-13 02:44:54,981 INFO  server.RaftServerConfigKeys (ConfUtils.java:logGet(43)) - raft.server.log.queue.element-limit = 1024 (custom)
2019-06-13 02:44:54,981 INFO  server.RaftServerConfigKeys (ConfUtils.java:logGet(43)) - raft.server.log.segment.size.max = 16384 (custom)
2019-06-13 02:44:54,981 INFO  server.RaftServerConfigKeys (ConfUtils.java:logGet(43)) - raft.server.log.preallocated.size = 16384 (custom)
2019-06-13 02:44:54,981 INFO  server.RaftServerConfigKeys (ConfUtils.java:logGet(43)) - raft.server.log.write.buffer.size = 33554432 (custom)
2019-06-13 02:44:54,981 INFO  server.RaftServerConfigKeys (ConfUtils.java:logGet(43)) - raft.server.log.force.sync.num = 128 (default)
2019-06-13 02:44:54,981 INFO  storage.RaftStorageDirectory (RaftStorageDirectory.java:tryLock(328)) - Lock on /opt/src/hadoop-ozone/integration-test/target/test-dir/MiniOzoneClusterImpl-6bab4eeb-f86e-496e-b90b-84f77322a42c/datanode-1/data/ratis/3050e2e0-0c2c-4a26-b411-cd4b7255136e/in_use.lock acquired by nodename 10202@ozone-vw7bt-3973109627
2019-06-13 02:44:54,981 INFO  server.RaftServerConfigKeys (ConfUtils.java:logGet(43)) - raft.server.log.statemachine.data.sync = true (default)
2019-06-13 02:44:54,981 INFO  server.RaftServerConfigKeys (ConfUtils.java:logGet(43)) - raft.server.log.statemachine.data.sync.timeout = 10s (default)
2019-06-13 02:44:54,982 INFO  server.RaftServerConfigKeys (ConfUtils.java:logGet(43)) - raft.server.log.statemachine.data.sync.timeout.retry = -1 (default)
2019-06-13 02:44:54,982 INFO  server.RaftServerConfigKeys (ConfUtils.java:logGet(43)) - raft.server.log.statemachine.data.caching.enabled = true (custom)
2019-06-13 02:44:54,983 INFO  server.RaftServerConfigKeys (ConfUtils.java:logGet(43)) - raft.server.snapshot.auto.trigger.enabled = true (custom)
2019-06-13 02:44:54,983 INFO  server.RaftServerConfigKeys (ConfUtils.java:logGet(43)) - raft.server.snapshot.auto.trigger.threshold = 10000 (custom)
2019-06-13 02:44:54,983 INFO  storage.RaftStorage (RaftStorage.java:format(75)) - Storage directory /opt/src/hadoop-ozone/integration-test/target/test-dir/MiniOzoneClusterImpl-6bab4eeb-f86e-496e-b90b-84f77322a42c/datanode-3/data/ratis/3050e2e0-0c2c-4a26-b411-cd4b7255136e has been successfully formatted.
2019-06-13 02:44:54,983 INFO  storage.RaftStorage (RaftStorage.java:format(75)) - Storage directory /opt/src/hadoop-ozone/integration-test/target/test-dir/MiniOzoneClusterImpl-6bab4eeb-f86e-496e-b90b-84f77322a42c/datanode-1/data/ratis/3050e2e0-0c2c-4a26-b411-cd4b7255136e has been successfully formatted.
2019-06-13 02:44:54,983 INFO  ratis.ContainerStateMachine (ContainerStateMachine.java:loadSnapshot(199)) - The snapshot info is null.Setting the last applied index to:(t:0, i:~)
2019-06-13 02:44:54,983 INFO  server.RaftServerConfigKeys (ConfUtils.java:logGet(43)) - raft.server.retrycache.expirytime = 600000ms (custom)
2019-06-13 02:44:54,984 INFO  server.RaftServerConfigKeys (ConfUtils.java:logGet(43)) - raft.server.leader.election.timeout = 10s (custom)
2019-06-13 02:44:54,984 INFO  ratis.ContainerStateMachine (ContainerStateMachine.java:loadSnapshot(199)) - The snapshot info is null.Setting the last applied index to:(t:0, i:~)
2019-06-13 02:44:54,984 INFO  server.RaftServerConfigKeys (ConfUtils.java:logGet(43)) - raft.server.log.use.memory = false (default)
2019-06-13 02:44:54,984 INFO  server.RaftServerConfigKeys (ConfUtils.java:logGet(43)) - raft.server.leader.election.timeout = 10s (custom)
2019-06-13 02:44:54,984 INFO  server.RaftServerConfigKeys (ConfUtils.java:logGet(43)) - raft.server.log.appender.buffer.byte-limit = 33554432 (custom)
2019-06-13 02:44:54,984 INFO  server.RaftServerConfigKeys (ConfUtils.java:logGet(43)) - raft.server.log.use.memory = false (default)
2019-06-13 02:44:54,984 INFO  server.RaftServerConfigKeys (ConfUtils.java:logGet(43)) - raft.server.log.segment.size.max = 16384 (custom)
2019-06-13 02:44:54,984 INFO  server.RaftServerConfigKeys (ConfUtils.java:logGet(43)) - raft.server.log.appender.buffer.byte-limit = 33554432 (custom)
2019-06-13 02:44:54,984 INFO  impl.RaftServerImpl (RaftServerImpl.java:start(173)) - 7a11a87b-a9f2-46dd-bcd0-921cab4bc808: start group-CD4B7255136E
2019-06-13 02:44:54,984 INFO  server.RaftServerConfigKeys (ConfUtils.java:logGet(43)) - raft.server.log.segment.cache.num.max = 2 (custom)
2019-06-13 02:44:54,985 INFO  impl.RaftServerImpl (RaftServerImpl.java:setRole(164)) - 7a11a87b-a9f2-46dd-bcd0-921cab4bc808:group-CD4B7255136E changes role from null to FOLLOWER at term 0 for startAsFollower
2019-06-13 02:44:54,984 INFO  server.RaftServerConfigKeys (ConfUtils.java:logGet(43)) - raft.server.log.segment.size.max = 16384 (custom)
2019-06-13 02:44:54,985 INFO  server.RaftServerConfigKeys (ConfUtils.java:logGet(43)) - raft.server.log.segment.cache.num.max = 2 (custom)
2019-06-13 02:44:54,985 INFO  storage.RaftLogWorker (RaftLogWorker.java:<init>(123)) - new 7f29876d-f5c1-432f-a832-638182b17e90-RaftLogWorker for Storage Directory /opt/src/hadoop-ozone/integration-test/target/test-dir/MiniOzoneClusterImpl-6bab4eeb-f86e-496e-b90b-84f77322a42c/datanode-1/data/ratis/3050e2e0-0c2c-4a26-b411-cd4b7255136e
2019-06-13 02:44:54,985 INFO  server.RaftServerConfigKeys (ConfUtils.java:logGet(43)) - raft.server.log.queue.byte-limit = 2147483647 (custom)
2019-06-13 02:44:54,985 INFO  server.RaftServerConfigKeys (ConfUtils.java:logGet(43)) - raft.server.log.queue.element-limit = 1024 (custom)
2019-06-13 02:44:54,985 INFO  server.RaftServerConfigKeys (ConfUtils.java:logGet(43)) - raft.server.log.segment.size.max = 16384 (custom)
2019-06-13 02:44:54,986 INFO  server.RaftServerConfigKeys (ConfUtils.java:logGet(43)) - raft.server.log.preallocated.size = 16384 (custom)
2019-06-13 02:44:54,986 INFO  server.RaftServerConfigKeys (ConfUtils.java:logGet(43)) - raft.server.log.write.buffer.size = 33554432 (custom)
2019-06-13 02:44:54,986 INFO  server.RaftServerConfigKeys (ConfUtils.java:logGet(43)) - raft.server.log.force.sync.num = 128 (default)
2019-06-13 02:44:54,986 INFO  server.RaftServerConfigKeys (ConfUtils.java:logGet(43)) - raft.server.log.statemachine.data.sync = true (default)
2019-06-13 02:44:54,986 INFO  server.RaftServerConfigKeys (ConfUtils.java:logGet(43)) - raft.server.log.statemachine.data.sync.timeout = 10s (default)
2019-06-13 02:44:54,986 INFO  server.RaftServerConfigKeys (ConfUtils.java:logGet(43)) - raft.server.log.statemachine.data.sync.timeout.retry = -1 (default)
2019-06-13 02:44:54,986 INFO  server.RaftServerConfigKeys (ConfUtils.java:logGet(43)) - raft.server.log.statemachine.data.caching.enabled = true (custom)
2019-06-13 02:44:54,985 INFO  storage.RaftLogWorker (RaftLogWorker.java:<init>(123)) - new 706b512e-a522-4713-b4be-edef4ac1b79c-RaftLogWorker for Storage Directory /opt/src/hadoop-ozone/integration-test/target/test-dir/MiniOzoneClusterImpl-6bab4eeb-f86e-496e-b90b-84f77322a42c/datanode-3/data/ratis/3050e2e0-0c2c-4a26-b411-cd4b7255136e
2019-06-13 02:44:54,987 INFO  server.RaftServerConfigKeys (ConfUtils.java:logGet(43)) - raft.server.log.queue.byte-limit = 2147483647 (custom)
2019-06-13 02:44:54,987 INFO  server.RaftServerConfigKeys (ConfUtils.java:logGet(43)) - raft.server.log.queue.element-limit = 1024 (custom)
2019-06-13 02:44:54,987 INFO  server.RaftServerConfigKeys (ConfUtils.java:logGet(43)) - raft.server.log.segment.size.max = 16384 (custom)
2019-06-13 02:44:54,987 INFO  server.RaftServerConfigKeys (ConfUtils.java:logGet(43)) - raft.server.log.preallocated.size = 16384 (custom)
2019-06-13 02:44:54,987 INFO  server.RaftServerConfigKeys (ConfUtils.java:logGet(43)) - raft.server.log.write.buffer.size = 33554432 (custom)
2019-06-13 02:44:54,987 INFO  server.RaftServerConfigKeys (ConfUtils.java:logGet(43)) - raft.server.log.force.sync.num = 128 (default)
2019-06-13 02:44:54,987 INFO  server.RaftServerConfigKeys (ConfUtils.java:logGet(43)) - raft.server.log.statemachine.data.sync = true (default)
2019-06-13 02:44:54,987 INFO  server.RaftServerConfigKeys (ConfUtils.java:logGet(43)) - raft.server.log.statemachine.data.sync.timeout = 10s (default)
2019-06-13 02:44:54,988 INFO  server.RaftServerConfigKeys (ConfUtils.java:logGet(43)) - raft.server.log.statemachine.data.sync.timeout.retry = -1 (default)
2019-06-13 02:44:54,988 INFO  server.RaftServerConfigKeys (ConfUtils.java:logGet(43)) - raft.server.log.statemachine.data.caching.enabled = true (custom)
2019-06-13 02:44:54,988 INFO  server.RaftServerConfigKeys (ConfUtils.java:logGet(43)) - raft.server.snapshot.auto.trigger.enabled = true (custom)
2019-06-13 02:44:54,988 INFO  server.RaftServerConfigKeys (ConfUtils.java:logGet(43)) - raft.server.snapshot.auto.trigger.threshold = 10000 (custom)
2019-06-13 02:44:54,988 INFO  server.RaftServerConfigKeys (ConfUtils.java:logGet(43)) - raft.server.snapshot.auto.trigger.enabled = true (custom)
2019-06-13 02:44:54,988 INFO  server.RaftServerConfigKeys (ConfUtils.java:logGet(43)) - raft.server.retrycache.expirytime = 600000ms (custom)
2019-06-13 02:44:54,988 INFO  server.RaftServerConfigKeys (ConfUtils.java:logGet(43)) - raft.server.snapshot.auto.trigger.threshold = 10000 (custom)
2019-06-13 02:44:54,988 INFO  impl.RaftServerImpl (RaftServerImpl.java:start(173)) - 7f29876d-f5c1-432f-a832-638182b17e90: start group-CD4B7255136E
2019-06-13 02:44:54,988 INFO  server.RaftServerConfigKeys (ConfUtils.java:logGet(43)) - raft.server.retrycache.expirytime = 600000ms (custom)
2019-06-13 02:44:54,989 INFO  impl.RoleInfo (RoleInfo.java:updateAndGet(143)) - 7a11a87b-a9f2-46dd-bcd0-921cab4bc808: start FollowerState
2019-06-13 02:44:54,988 INFO  impl.RaftServerImpl (RaftServerImpl.java:setRole(164)) - 7f29876d-f5c1-432f-a832-638182b17e90:group-CD4B7255136E changes role from null to FOLLOWER at term 0 for startAsFollower
2019-06-13 02:44:54,989 INFO  impl.RoleInfo (RoleInfo.java:updateAndGet(143)) - 7f29876d-f5c1-432f-a832-638182b17e90: start FollowerState
2019-06-13 02:44:54,989 INFO  util.JmxRegister (JmxRegister.java:tryRegister(44)) - Successfully registered JMX Bean with object name Ratis:service=RaftServer,group=group-CD4B7255136E,id=7a11a87b-a9f2-46dd-bcd0-921cab4bc808
2019-06-13 02:44:54,989 INFO  impl.RaftServerImpl (RaftServerImpl.java:start(173)) - 706b512e-a522-4713-b4be-edef4ac1b79c: start group-CD4B7255136E
2019-06-13 02:44:54,989 INFO  util.JmxRegister (JmxRegister.java:tryRegister(44)) - Successfully registered JMX Bean with object name Ratis:service=RaftServer,group=group-CD4B7255136E,id=7f29876d-f5c1-432f-a832-638182b17e90
2019-06-13 02:44:54,989 INFO  impl.RaftServerImpl (RaftServerImpl.java:setRole(164)) - 706b512e-a522-4713-b4be-edef4ac1b79c:group-CD4B7255136E changes role from null to FOLLOWER at term 0 for startAsFollower
2019-06-13 02:44:54,990 INFO  impl.RoleInfo (RoleInfo.java:updateAndGet(143)) - 706b512e-a522-4713-b4be-edef4ac1b79c: start FollowerState
2019-06-13 02:44:54,993 INFO  util.JmxRegister (JmxRegister.java:tryRegister(44)) - Successfully registered JMX Bean with object name Ratis:service=RaftServer,group=group-CD4B7255136E,id=706b512e-a522-4713-b4be-edef4ac1b79c
2019-06-13 02:44:55,000 INFO  pipeline.PipelineStateManager (PipelineStateManager.java:addPipeline(56)) - Created pipeline Pipeline[ Id: 3050e2e0-0c2c-4a26-b411-cd4b7255136e, Nodes: 7f29876d-f5c1-432f-a832-638182b17e90{ip: 192.168.19.16, host: ozone-vw7bt-3973109627, networkLocation: /default-rack, certSerialId: null}706b512e-a522-4713-b4be-edef4ac1b79c{ip: 192.168.19.16, host: ozone-vw7bt-3973109627, networkLocation: /default-rack, certSerialId: null}7a11a87b-a9f2-46dd-bcd0-921cab4bc808{ip: 192.168.19.16, host: ozone-vw7bt-3973109627, networkLocation: /default-rack, certSerialId: null}, Type:RATIS, Factor:THREE, State:OPEN]
2019-06-13 02:44:55,020 INFO  node.SCMNodeManager (SCMNodeManager.java:register(234)) - Registered Data node : 34145947-de5b-45fc-b062-91cd5b769c87{ip: 192.168.19.16, host: ozone-vw7bt-3973109627, networkLocation: /default-rack, certSerialId: null}
2019-06-13 02:44:55,034 INFO  impl.RaftServerProxy (RaftServerProxy.java:addNew(89)) - 34145947-de5b-45fc-b062-91cd5b769c87: addNew group-96AB77FC8647:[34145947-de5b-45fc-b062-91cd5b769c87:192.168.19.16:41761] returns group-96AB77FC8647:java.util.concurrent.CompletableFuture@8443190[Not completed]
2019-06-13 02:44:55,036 INFO  impl.RaftServerImpl (RaftServerImpl.java:<init>(91)) - 34145947-de5b-45fc-b062-91cd5b769c87: new RaftServerImpl for group-96AB77FC8647:[34145947-de5b-45fc-b062-91cd5b769c87:192.168.19.16:41761] with ContainerStateMachine:uninitialized
2019-06-13 02:44:55,036 INFO  server.RaftServerConfigKeys (ConfUtils.java:logGet(43)) - raft.server.rpc.timeout.min = 1s (custom)
2019-06-13 02:44:55,036 INFO  server.RaftServerConfigKeys (ConfUtils.java:logGet(43)) - raft.server.rpc.timeout.max = 1200ms (custom)
2019-06-13 02:44:55,036 INFO  server.RaftServerConfigKeys (ConfUtils.java:logGet(43)) - raft.server.rpcslowness.timeout = 10s (custom)
2019-06-13 02:44:55,036 INFO  server.RaftServerConfigKeys (ConfUtils.java:logGet(43)) - raft.server.log.appender.install.snapshot.enabled = true (default)
2019-06-13 02:44:55,036 INFO  impl.RaftServerImpl (ServerState.java:<init>(101)) - 34145947-de5b-45fc-b062-91cd5b769c87:group-96AB77FC8647 ConfigurationManager, init=-1: [34145947-de5b-45fc-b062-91cd5b769c87:192.168.19.16:41761], old=null, confs=<EMPTY_MAP>
2019-06-13 02:44:55,037 INFO  server.RaftServerConfigKeys (ConfUtils.java:logGet(43)) - raft.server.storage.dir = [/opt/src/hadoop-ozone/integration-test/target/test-dir/MiniOzoneClusterImpl-6bab4eeb-f86e-496e-b90b-84f77322a42c/datanode-4/data/ratis] (custom)
2019-06-13 02:44:55,037 INFO  storage.RaftStorageDirectory (RaftStorageDirectory.java:analyzeStorage(246)) - The storage directory /opt/src/hadoop-ozone/integration-test/target/test-dir/MiniOzoneClusterImpl-6bab4eeb-f86e-496e-b90b-84f77322a42c/datanode-4/data/ratis/e8795043-9b0e-49b3-a084-96ab77fc8647 does not exist. Creating ...
2019-06-13 02:44:55,039 INFO  storage.RaftStorageDirectory (RaftStorageDirectory.java:tryLock(328)) - Lock on /opt/src/hadoop-ozone/integration-test/target/test-dir/MiniOzoneClusterImpl-6bab4eeb-f86e-496e-b90b-84f77322a42c/datanode-4/data/ratis/e8795043-9b0e-49b3-a084-96ab77fc8647/in_use.lock acquired by nodename 10202@ozone-vw7bt-3973109627
2019-06-13 02:44:55,041 INFO  storage.RaftStorage (RaftStorage.java:format(75)) - Storage directory /opt/src/hadoop-ozone/integration-test/target/test-dir/MiniOzoneClusterImpl-6bab4eeb-f86e-496e-b90b-84f77322a42c/datanode-4/data/ratis/e8795043-9b0e-49b3-a084-96ab77fc8647 has been successfully formatted.
2019-06-13 02:44:55,042 INFO  ratis.ContainerStateMachine (ContainerStateMachine.java:loadSnapshot(199)) - The snapshot info is null.Setting the last applied index to:(t:0, i:~)
2019-06-13 02:44:55,042 INFO  server.RaftServerConfigKeys (ConfUtils.java:logGet(43)) - raft.server.leader.election.timeout = 10s (custom)
2019-06-13 02:44:55,042 INFO  server.RaftServerConfigKeys (ConfUtils.java:logGet(43)) - raft.server.log.use.memory = false (default)
2019-06-13 02:44:55,042 INFO  server.RaftServerConfigKeys (ConfUtils.java:logGet(43)) - raft.server.log.appender.buffer.byte-limit = 33554432 (custom)
2019-06-13 02:44:55,042 INFO  server.RaftServerConfigKeys (ConfUtils.java:logGet(43)) - raft.server.log.segment.size.max = 16384 (custom)
2019-06-13 02:44:55,042 INFO  server.RaftServerConfigKeys (ConfUtils.java:logGet(43)) - raft.server.log.segment.cache.num.max = 2 (custom)
2019-06-13 02:44:55,042 INFO  storage.RaftLogWorker (RaftLogWorker.java:<init>(123)) - new 34145947-de5b-45fc-b062-91cd5b769c87-RaftLogWorker for Storage Directory /opt/src/hadoop-ozone/integration-test/target/test-dir/MiniOzoneClusterImpl-6bab4eeb-f86e-496e-b90b-84f77322a42c/datanode-4/data/ratis/e8795043-9b0e-49b3-a084-96ab77fc8647
2019-06-13 02:44:55,042 INFO  server.RaftServerConfigKeys (ConfUtils.java:logGet(43)) - raft.server.log.queue.byte-limit = 2147483647 (custom)
2019-06-13 02:44:55,042 INFO  server.RaftServerConfigKeys (ConfUtils.java:logGet(43)) - raft.server.log.queue.element-limit = 1024 (custom)
2019-06-13 02:44:55,042 INFO  server.RaftServerConfigKeys (ConfUtils.java:logGet(43)) - raft.server.log.segment.size.max = 16384 (custom)
2019-06-13 02:44:55,043 INFO  server.RaftServerConfigKeys (ConfUtils.java:logGet(43)) - raft.server.log.preallocated.size = 16384 (custom)
2019-06-13 02:44:55,043 INFO  server.RaftServerConfigKeys (ConfUtils.java:logGet(43)) - raft.server.log.write.buffer.size = 33554432 (custom)
2019-06-13 02:44:55,043 INFO  server.RaftServerConfigKeys (ConfUtils.java:logGet(43)) - raft.server.log.force.sync.num = 128 (default)
2019-06-13 02:44:55,043 INFO  server.RaftServerConfigKeys (ConfUtils.java:logGet(43)) - raft.server.log.statemachine.data.sync = true (default)
2019-06-13 02:44:55,043 INFO  server.RaftServerConfigKeys (ConfUtils.java:logGet(43)) - raft.server.log.statemachine.data.sync.timeout = 10s (default)
2019-06-13 02:44:55,043 INFO  server.RaftServerConfigKeys (ConfUtils.java:logGet(43)) - raft.server.log.statemachine.data.sync.timeout.retry = -1 (default)
2019-06-13 02:44:55,043 INFO  server.RaftServerConfigKeys (ConfUtils.java:logGet(43)) - raft.server.log.statemachine.data.caching.enabled = true (custom)
2019-06-13 02:44:55,044 INFO  server.RaftServerConfigKeys (ConfUtils.java:logGet(43)) - raft.server.snapshot.auto.trigger.enabled = true (custom)
2019-06-13 02:44:55,044 INFO  server.RaftServerConfigKeys (ConfUtils.java:logGet(43)) - raft.server.snapshot.auto.trigger.threshold = 10000 (custom)
2019-06-13 02:44:55,044 INFO  server.RaftServerConfigKeys (ConfUtils.java:logGet(43)) - raft.server.retrycache.expirytime = 600000ms (custom)
2019-06-13 02:44:55,044 INFO  impl.RaftServerImpl (RaftServerImpl.java:start(173)) - 34145947-de5b-45fc-b062-91cd5b769c87: start group-96AB77FC8647
2019-06-13 02:44:55,044 INFO  impl.RaftServerImpl (RaftServerImpl.java:setRole(164)) - 34145947-de5b-45fc-b062-91cd5b769c87:group-96AB77FC8647 changes role from null to FOLLOWER at term 0 for startAsFollower
2019-06-13 02:44:55,044 INFO  impl.RoleInfo (RoleInfo.java:updateAndGet(143)) - 34145947-de5b-45fc-b062-91cd5b769c87: start FollowerState
2019-06-13 02:44:55,045 INFO  util.JmxRegister (JmxRegister.java:tryRegister(44)) - Successfully registered JMX Bean with object name Ratis:service=RaftServer,group=group-96AB77FC8647,id=34145947-de5b-45fc-b062-91cd5b769c87
2019-06-13 02:44:55,054 INFO  pipeline.PipelineStateManager (PipelineStateManager.java:addPipeline(56)) - Created pipeline Pipeline[ Id: e8795043-9b0e-49b3-a084-96ab77fc8647, Nodes: 34145947-de5b-45fc-b062-91cd5b769c87{ip: 192.168.19.16, host: ozone-vw7bt-3973109627, networkLocation: /default-rack, certSerialId: null}, Type:RATIS, Factor:ONE, State:OPEN]
2019-06-13 02:44:55,241 INFO  ozone.MiniOzoneClusterImpl (MiniOzoneClusterImpl.java:lambda$waitForClusterToBeReady$0(142)) - Waiting for cluster to be ready. Got 5 of 6 DN Heartbeats.
2019-06-13 02:44:55,244 INFO  node.SCMNodeManager (SCMNodeManager.java:register(234)) - Registered Data node : 1719c04a-c8d0-4fc2-b99a-4e216e5ad818{ip: 192.168.19.16, host: ozone-vw7bt-3973109627, networkLocation: /default-rack, certSerialId: null}
2019-06-13 02:44:55,256 INFO  impl.RaftServerProxy (RaftServerProxy.java:addNew(89)) - 1719c04a-c8d0-4fc2-b99a-4e216e5ad818: addNew group-F2ECBC1C7EBF:[1719c04a-c8d0-4fc2-b99a-4e216e5ad818:192.168.19.16:35241] returns group-F2ECBC1C7EBF:java.util.concurrent.CompletableFuture@48852fd4[Not completed]
2019-06-13 02:44:55,257 INFO  impl.RaftServerImpl (RaftServerImpl.java:<init>(91)) - 1719c04a-c8d0-4fc2-b99a-4e216e5ad818: new RaftServerImpl for group-F2ECBC1C7EBF:[1719c04a-c8d0-4fc2-b99a-4e216e5ad818:192.168.19.16:35241] with ContainerStateMachine:uninitialized
2019-06-13 02:44:55,257 INFO  server.RaftServerConfigKeys (ConfUtils.java:logGet(43)) - raft.server.rpc.timeout.min = 1s (custom)
2019-06-13 02:44:55,257 INFO  server.RaftServerConfigKeys (ConfUtils.java:logGet(43)) - raft.server.rpc.timeout.max = 1200ms (custom)
2019-06-13 02:44:55,257 INFO  server.RaftServerConfigKeys (ConfUtils.java:logGet(43)) - raft.server.rpcslowness.timeout = 10s (custom)
2019-06-13 02:44:55,257 INFO  server.RaftServerConfigKeys (ConfUtils.java:logGet(43)) - raft.server.log.appender.install.snapshot.enabled = true (default)
2019-06-13 02:44:55,257 INFO  impl.RaftServerImpl (ServerState.java:<init>(101)) - 1719c04a-c8d0-4fc2-b99a-4e216e5ad818:group-F2ECBC1C7EBF ConfigurationManager, init=-1: [1719c04a-c8d0-4fc2-b99a-4e216e5ad818:192.168.19.16:35241], old=null, confs=<EMPTY_MAP>
2019-06-13 02:44:55,257 INFO  server.RaftServerConfigKeys (ConfUtils.java:logGet(43)) - raft.server.storage.dir = [/opt/src/hadoop-ozone/integration-test/target/test-dir/MiniOzoneClusterImpl-6bab4eeb-f86e-496e-b90b-84f77322a42c/datanode-5/data/ratis] (custom)
2019-06-13 02:44:55,258 INFO  storage.RaftStorageDirectory (RaftStorageDirectory.java:analyzeStorage(246)) - The storage directory /opt/src/hadoop-ozone/integration-test/target/test-dir/MiniOzoneClusterImpl-6bab4eeb-f86e-496e-b90b-84f77322a42c/datanode-5/data/ratis/b86d1681-c2af-452e-9b47-f2ecbc1c7ebf does not exist. Creating ...
2019-06-13 02:44:55,260 INFO  storage.RaftStorageDirectory (RaftStorageDirectory.java:tryLock(328)) - Lock on /opt/src/hadoop-ozone/integration-test/target/test-dir/MiniOzoneClusterImpl-6bab4eeb-f86e-496e-b90b-84f77322a42c/datanode-5/data/ratis/b86d1681-c2af-452e-9b47-f2ecbc1c7ebf/in_use.lock acquired by nodename 10202@ozone-vw7bt-3973109627
2019-06-13 02:44:55,262 INFO  storage.RaftStorage (RaftStorage.java:format(75)) - Storage directory /opt/src/hadoop-ozone/integration-test/target/test-dir/MiniOzoneClusterImpl-6bab4eeb-f86e-496e-b90b-84f77322a42c/datanode-5/data/ratis/b86d1681-c2af-452e-9b47-f2ecbc1c7ebf has been successfully formatted.
2019-06-13 02:44:55,262 INFO  ratis.ContainerStateMachine (ContainerStateMachine.java:loadSnapshot(199)) - The snapshot info is null.Setting the last applied index to:(t:0, i:~)
2019-06-13 02:44:55,262 INFO  server.RaftServerConfigKeys (ConfUtils.java:logGet(43)) - raft.server.leader.election.timeout = 10s (custom)
2019-06-13 02:44:55,262 INFO  server.RaftServerConfigKeys (ConfUtils.java:logGet(43)) - raft.server.log.use.memory = false (default)
2019-06-13 02:44:55,262 INFO  server.RaftServerConfigKeys (ConfUtils.java:logGet(43)) - raft.server.log.appender.buffer.byte-limit = 33554432 (custom)
2019-06-13 02:44:55,262 INFO  server.RaftServerConfigKeys (ConfUtils.java:logGet(43)) - raft.server.log.segment.size.max = 16384 (custom)
2019-06-13 02:44:55,262 INFO  server.RaftServerConfigKeys (ConfUtils.java:logGet(43)) - raft.server.log.segment.cache.num.max = 2 (custom)
2019-06-13 02:44:55,262 INFO  storage.RaftLogWorker (RaftLogWorker.java:<init>(123)) - new 1719c04a-c8d0-4fc2-b99a-4e216e5ad818-RaftLogWorker for Storage Directory /opt/src/hadoop-ozone/integration-test/target/test-dir/MiniOzoneClusterImpl-6bab4eeb-f86e-496e-b90b-84f77322a42c/datanode-5/data/ratis/b86d1681-c2af-452e-9b47-f2ecbc1c7ebf
2019-06-13 02:44:55,262 INFO  server.RaftServerConfigKeys (ConfUtils.java:logGet(43)) - raft.server.log.queue.byte-limit = 2147483647 (custom)
2019-06-13 02:44:55,262 INFO  server.RaftServerConfigKeys (ConfUtils.java:logGet(43)) - raft.server.log.queue.element-limit = 1024 (custom)
2019-06-13 02:44:55,262 INFO  server.RaftServerConfigKeys (ConfUtils.java:logGet(43)) - raft.server.log.segment.size.max = 16384 (custom)
2019-06-13 02:44:55,262 INFO  server.RaftServerConfigKeys (ConfUtils.java:logGet(43)) - raft.server.log.preallocated.size = 16384 (custom)
2019-06-13 02:44:55,262 INFO  server.RaftServerConfigKeys (ConfUtils.java:logGet(43)) - raft.server.log.write.buffer.size = 33554432 (custom)
2019-06-13 02:44:55,263 INFO  server.RaftServerConfigKeys (ConfUtils.java:logGet(43)) - raft.server.log.force.sync.num = 128 (default)
2019-06-13 02:44:55,263 INFO  server.RaftServerConfigKeys (ConfUtils.java:logGet(43)) - raft.server.log.statemachine.data.sync = true (default)
2019-06-13 02:44:55,263 INFO  server.RaftServerConfigKeys (ConfUtils.java:logGet(43)) - raft.server.log.statemachine.data.sync.timeout = 10s (default)
2019-06-13 02:44:55,263 INFO  server.RaftServerConfigKeys (ConfUtils.java:logGet(43)) - raft.server.log.statemachine.data.sync.timeout.retry = -1 (default)
2019-06-13 02:44:55,263 INFO  server.RaftServerConfigKeys (ConfUtils.java:logGet(43)) - raft.server.log.statemachine.data.caching.enabled = true (custom)
2019-06-13 02:44:55,263 INFO  server.RaftServerConfigKeys (ConfUtils.java:logGet(43)) - raft.server.snapshot.auto.trigger.enabled = true (custom)
2019-06-13 02:44:55,263 INFO  server.RaftServerConfigKeys (ConfUtils.java:logGet(43)) - raft.server.snapshot.auto.trigger.threshold = 10000 (custom)
2019-06-13 02:44:55,263 INFO  server.RaftServerConfigKeys (ConfUtils.java:logGet(43)) - raft.server.retrycache.expirytime = 600000ms (custom)
2019-06-13 02:44:55,263 INFO  impl.RaftServerImpl (RaftServerImpl.java:start(173)) - 1719c04a-c8d0-4fc2-b99a-4e216e5ad818: start group-F2ECBC1C7EBF
2019-06-13 02:44:55,264 INFO  impl.RaftServerImpl (RaftServerImpl.java:setRole(164)) - 1719c04a-c8d0-4fc2-b99a-4e216e5ad818:group-F2ECBC1C7EBF changes role from null to FOLLOWER at term 0 for startAsFollower
2019-06-13 02:44:55,264 INFO  impl.RoleInfo (RoleInfo.java:updateAndGet(143)) - 1719c04a-c8d0-4fc2-b99a-4e216e5ad818: start FollowerState
2019-06-13 02:44:55,264 INFO  util.JmxRegister (JmxRegister.java:tryRegister(44)) - Successfully registered JMX Bean with object name Ratis:service=RaftServer,group=group-F2ECBC1C7EBF,id=1719c04a-c8d0-4fc2-b99a-4e216e5ad818
2019-06-13 02:44:55,269 INFO  pipeline.PipelineStateManager (PipelineStateManager.java:addPipeline(56)) - Created pipeline Pipeline[ Id: b86d1681-c2af-452e-9b47-f2ecbc1c7ebf, Nodes: 1719c04a-c8d0-4fc2-b99a-4e216e5ad818{ip: 192.168.19.16, host: ozone-vw7bt-3973109627, networkLocation: /default-rack, certSerialId: null}, Type:RATIS, Factor:ONE, State:OPEN]
2019-06-13 02:44:55,283 INFO  impl.RaftServerProxy (RaftServerProxy.java:addNew(89)) - 34145947-de5b-45fc-b062-91cd5b769c87: addNew group-B128EA274B05:[34145947-de5b-45fc-b062-91cd5b769c87:192.168.19.16:41761, 42a24354-d7db-4405-a8cc-27c31cc01afb:192.168.19.16:44655, 1719c04a-c8d0-4fc2-b99a-4e216e5ad818:192.168.19.16:35241] returns group-B128EA274B05:java.util.concurrent.CompletableFuture@288e0ae2[Not completed]
2019-06-13 02:44:55,285 INFO  impl.RaftServerProxy (RaftServerProxy.java:addNew(89)) - 42a24354-d7db-4405-a8cc-27c31cc01afb: addNew group-B128EA274B05:[34145947-de5b-45fc-b062-91cd5b769c87:192.168.19.16:41761, 42a24354-d7db-4405-a8cc-27c31cc01afb:192.168.19.16:44655, 1719c04a-c8d0-4fc2-b99a-4e216e5ad818:192.168.19.16:35241] returns group-B128EA274B05:java.util.concurrent.CompletableFuture@3a26266b[Not completed]
2019-06-13 02:44:55,285 INFO  impl.RaftServerImpl (RaftServerImpl.java:<init>(91)) - 34145947-de5b-45fc-b062-91cd5b769c87: new RaftServerImpl for group-B128EA274B05:[34145947-de5b-45fc-b062-91cd5b769c87:192.168.19.16:41761, 42a24354-d7db-4405-a8cc-27c31cc01afb:192.168.19.16:44655, 1719c04a-c8d0-4fc2-b99a-4e216e5ad818:192.168.19.16:35241] with ContainerStateMachine:uninitialized
2019-06-13 02:44:55,285 INFO  impl.RaftServerProxy (RaftServerProxy.java:addNew(89)) - 1719c04a-c8d0-4fc2-b99a-4e216e5ad818: addNew group-B128EA274B05:[34145947-de5b-45fc-b062-91cd5b769c87:192.168.19.16:41761, 42a24354-d7db-4405-a8cc-27c31cc01afb:192.168.19.16:44655, 1719c04a-c8d0-4fc2-b99a-4e216e5ad818:192.168.19.16:35241] returns group-B128EA274B05:java.util.concurrent.CompletableFuture@4ba06e2c[Not completed]
2019-06-13 02:44:55,286 INFO  server.RaftServerConfigKeys (ConfUtils.java:logGet(43)) - raft.server.rpc.timeout.min = 1s (custom)
2019-06-13 02:44:55,286 INFO  server.RaftServerConfigKeys (ConfUtils.java:logGet(43)) - raft.server.rpc.timeout.max = 1200ms (custom)
2019-06-13 02:44:55,286 INFO  server.RaftServerConfigKeys (ConfUtils.java:logGet(43)) - raft.server.rpcslowness.timeout = 10s (custom)
2019-06-13 02:44:55,286 INFO  server.RaftServerConfigKeys (ConfUtils.java:logGet(43)) - raft.server.log.appender.install.snapshot.enabled = true (default)
2019-06-13 02:44:55,286 INFO  impl.RaftServerImpl (ServerState.java:<init>(101)) - 34145947-de5b-45fc-b062-91cd5b769c87:group-B128EA274B05 ConfigurationManager, init=-1: [34145947-de5b-45fc-b062-91cd5b769c87:192.168.19.16:41761, 42a24354-d7db-4405-a8cc-27c31cc01afb:192.168.19.16:44655, 1719c04a-c8d0-4fc2-b99a-4e216e5ad818:192.168.19.16:35241], old=null, confs=<EMPTY_MAP>
2019-06-13 02:44:55,286 INFO  impl.RaftServerImpl (RaftServerImpl.java:<init>(91)) - 42a24354-d7db-4405-a8cc-27c31cc01afb: new RaftServerImpl for group-B128EA274B05:[34145947-de5b-45fc-b062-91cd5b769c87:192.168.19.16:41761, 42a24354-d7db-4405-a8cc-27c31cc01afb:192.168.19.16:44655, 1719c04a-c8d0-4fc2-b99a-4e216e5ad818:192.168.19.16:35241] with ContainerStateMachine:uninitialized
2019-06-13 02:44:55,286 INFO  server.RaftServerConfigKeys (ConfUtils.java:logGet(43)) - raft.server.storage.dir = [/opt/src/hadoop-ozone/integration-test/target/test-dir/MiniOzoneClusterImpl-6bab4eeb-f86e-496e-b90b-84f77322a42c/datanode-4/data/ratis] (custom)
2019-06-13 02:44:55,287 INFO  storage.RaftStorageDirectory (RaftStorageDirectory.java:analyzeStorage(246)) - The storage directory /opt/src/hadoop-ozone/integration-test/target/test-dir/MiniOzoneClusterImpl-6bab4eeb-f86e-496e-b90b-84f77322a42c/datanode-4/data/ratis/fca07b3d-9b86-4ed9-ab19-b128ea274b05 does not exist. Creating ...
2019-06-13 02:44:55,286 INFO  server.RaftServerConfigKeys (ConfUtils.java:logGet(43)) - raft.server.rpc.timeout.min = 1s (custom)
2019-06-13 02:44:55,287 INFO  server.RaftServerConfigKeys (ConfUtils.java:logGet(43)) - raft.server.rpc.timeout.max = 1200ms (custom)
2019-06-13 02:44:55,287 INFO  server.RaftServerConfigKeys (ConfUtils.java:logGet(43)) - raft.server.rpcslowness.timeout = 10s (custom)
2019-06-13 02:44:55,287 INFO  server.RaftServerConfigKeys (ConfUtils.java:logGet(43)) - raft.server.log.appender.install.snapshot.enabled = true (default)
2019-06-13 02:44:55,287 INFO  impl.RaftServerImpl (ServerState.java:<init>(101)) - 42a24354-d7db-4405-a8cc-27c31cc01afb:group-B128EA274B05 ConfigurationManager, init=-1: [34145947-de5b-45fc-b062-91cd5b769c87:192.168.19.16:41761, 42a24354-d7db-4405-a8cc-27c31cc01afb:192.168.19.16:44655, 1719c04a-c8d0-4fc2-b99a-4e216e5ad818:192.168.19.16:35241], old=null, confs=<EMPTY_MAP>
2019-06-13 02:44:55,288 INFO  server.RaftServerConfigKeys (ConfUtils.java:logGet(43)) - raft.server.storage.dir = [/opt/src/hadoop-ozone/integration-test/target/test-dir/MiniOzoneClusterImpl-6bab4eeb-f86e-496e-b90b-84f77322a42c/datanode-0/data/ratis] (custom)
2019-06-13 02:44:55,288 INFO  storage.RaftStorageDirectory (RaftStorageDirectory.java:analyzeStorage(246)) - The storage directory /opt/src/hadoop-ozone/integration-test/target/test-dir/MiniOzoneClusterImpl-6bab4eeb-f86e-496e-b90b-84f77322a42c/datanode-0/data/ratis/fca07b3d-9b86-4ed9-ab19-b128ea274b05 does not exist. Creating ...
2019-06-13 02:44:55,288 INFO  storage.RaftStorageDirectory (RaftStorageDirectory.java:tryLock(328)) - Lock on /opt/src/hadoop-ozone/integration-test/target/test-dir/MiniOzoneClusterImpl-6bab4eeb-f86e-496e-b90b-84f77322a42c/datanode-4/data/ratis/fca07b3d-9b86-4ed9-ab19-b128ea274b05/in_use.lock acquired by nodename 10202@ozone-vw7bt-3973109627
2019-06-13 02:44:55,289 INFO  impl.RaftServerImpl (RaftServerImpl.java:<init>(91)) - 1719c04a-c8d0-4fc2-b99a-4e216e5ad818: new RaftServerImpl for group-B128EA274B05:[34145947-de5b-45fc-b062-91cd5b769c87:192.168.19.16:41761, 42a24354-d7db-4405-a8cc-27c31cc01afb:192.168.19.16:44655, 1719c04a-c8d0-4fc2-b99a-4e216e5ad818:192.168.19.16:35241] with ContainerStateMachine:uninitialized
2019-06-13 02:44:55,289 INFO  server.RaftServerConfigKeys (ConfUtils.java:logGet(43)) - raft.server.rpc.timeout.min = 1s (custom)
2019-06-13 02:44:55,289 INFO  server.RaftServerConfigKeys (ConfUtils.java:logGet(43)) - raft.server.rpc.timeout.max = 1200ms (custom)
2019-06-13 02:44:55,289 INFO  server.RaftServerConfigKeys (ConfUtils.java:logGet(43)) - raft.server.rpcslowness.timeout = 10s (custom)
2019-06-13 02:44:55,289 INFO  server.RaftServerConfigKeys (ConfUtils.java:logGet(43)) - raft.server.log.appender.install.snapshot.enabled = true (default)
2019-06-13 02:44:55,289 INFO  impl.RaftServerImpl (ServerState.java:<init>(101)) - 1719c04a-c8d0-4fc2-b99a-4e216e5ad818:group-B128EA274B05 ConfigurationManager, init=-1: [34145947-de5b-45fc-b062-91cd5b769c87:192.168.19.16:41761, 42a24354-d7db-4405-a8cc-27c31cc01afb:192.168.19.16:44655, 1719c04a-c8d0-4fc2-b99a-4e216e5ad818:192.168.19.16:35241], old=null, confs=<EMPTY_MAP>
2019-06-13 02:44:55,289 INFO  server.RaftServerConfigKeys (ConfUtils.java:logGet(43)) - raft.server.storage.dir = [/opt/src/hadoop-ozone/integration-test/target/test-dir/MiniOzoneClusterImpl-6bab4eeb-f86e-496e-b90b-84f77322a42c/datanode-5/data/ratis] (custom)
2019-06-13 02:44:55,290 INFO  storage.RaftStorageDirectory (RaftStorageDirectory.java:analyzeStorage(246)) - The storage directory /opt/src/hadoop-ozone/integration-test/target/test-dir/MiniOzoneClusterImpl-6bab4eeb-f86e-496e-b90b-84f77322a42c/datanode-5/data/ratis/fca07b3d-9b86-4ed9-ab19-b128ea274b05 does not exist. Creating ...
2019-06-13 02:44:55,290 INFO  storage.RaftStorageDirectory (RaftStorageDirectory.java:tryLock(328)) - Lock on /opt/src/hadoop-ozone/integration-test/target/test-dir/MiniOzoneClusterImpl-6bab4eeb-f86e-496e-b90b-84f77322a42c/datanode-0/data/ratis/fca07b3d-9b86-4ed9-ab19-b128ea274b05/in_use.lock acquired by nodename 10202@ozone-vw7bt-3973109627
2019-06-13 02:44:55,290 INFO  storage.RaftStorage (RaftStorage.java:format(75)) - Storage directory /opt/src/hadoop-ozone/integration-test/target/test-dir/MiniOzoneClusterImpl-6bab4eeb-f86e-496e-b90b-84f77322a42c/datanode-4/data/ratis/fca07b3d-9b86-4ed9-ab19-b128ea274b05 has been successfully formatted.
2019-06-13 02:44:55,291 INFO  ratis.ContainerStateMachine (ContainerStateMachine.java:loadSnapshot(199)) - The snapshot info is null.Setting the last applied index to:(t:0, i:~)
2019-06-13 02:44:55,291 INFO  server.RaftServerConfigKeys (ConfUtils.java:logGet(43)) - raft.server.leader.election.timeout = 10s (custom)
2019-06-13 02:44:55,291 INFO  server.RaftServerConfigKeys (ConfUtils.java:logGet(43)) - raft.server.log.use.memory = false (default)
2019-06-13 02:44:55,291 INFO  server.RaftServerConfigKeys (ConfUtils.java:logGet(43)) - raft.server.log.appender.buffer.byte-limit = 33554432 (custom)
2019-06-13 02:44:55,291 INFO  server.RaftServerConfigKeys (ConfUtils.java:logGet(43)) - raft.server.log.segment.size.max = 16384 (custom)
2019-06-13 02:44:55,291 INFO  server.RaftServerConfigKeys (ConfUtils.java:logGet(43)) - raft.server.log.segment.cache.num.max = 2 (custom)
2019-06-13 02:44:55,291 INFO  storage.RaftLogWorker (RaftLogWorker.java:<init>(123)) - new 34145947-de5b-45fc-b062-91cd5b769c87-RaftLogWorker for Storage Directory /opt/src/hadoop-ozone/integration-test/target/test-dir/MiniOzoneClusterImpl-6bab4eeb-f86e-496e-b90b-84f77322a42c/datanode-4/data/ratis/fca07b3d-9b86-4ed9-ab19-b128ea274b05
2019-06-13 02:44:55,291 INFO  server.RaftServerConfigKeys (ConfUtils.java:logGet(43)) - raft.server.log.queue.byte-limit = 2147483647 (custom)
2019-06-13 02:44:55,292 INFO  server.RaftServerConfigKeys (ConfUtils.java:logGet(43)) - raft.server.log.queue.element-limit = 1024 (custom)
2019-06-13 02:44:55,292 INFO  server.RaftServerConfigKeys (ConfUtils.java:logGet(43)) - raft.server.log.segment.size.max = 16384 (custom)
2019-06-13 02:44:55,292 INFO  server.RaftServerConfigKeys (ConfUtils.java:logGet(43)) - raft.server.log.preallocated.size = 16384 (custom)
2019-06-13 02:44:55,292 INFO  server.RaftServerConfigKeys (ConfUtils.java:logGet(43)) - raft.server.log.write.buffer.size = 33554432 (custom)
2019-06-13 02:44:55,292 INFO  server.RaftServerConfigKeys (ConfUtils.java:logGet(43)) - raft.server.log.force.sync.num = 128 (default)
2019-06-13 02:44:55,292 INFO  server.RaftServerConfigKeys (ConfUtils.java:logGet(43)) - raft.server.log.statemachine.data.sync = true (default)
2019-06-13 02:44:55,292 INFO  server.RaftServerConfigKeys (ConfUtils.java:logGet(43)) - raft.server.log.statemachine.data.sync.timeout = 10s (default)
2019-06-13 02:44:55,292 INFO  server.RaftServerConfigKeys (ConfUtils.java:logGet(43)) - raft.server.log.statemachine.data.sync.timeout.retry = -1 (default)
2019-06-13 02:44:55,292 INFO  server.RaftServerConfigKeys (ConfUtils.java:logGet(43)) - raft.server.log.statemachine.data.caching.enabled = true (custom)
2019-06-13 02:44:55,293 INFO  server.RaftServerConfigKeys (ConfUtils.java:logGet(43)) - raft.server.snapshot.auto.trigger.enabled = true (custom)
2019-06-13 02:44:55,293 INFO  storage.RaftStorage (RaftStorage.java:format(75)) - Storage directory /opt/src/hadoop-ozone/integration-test/target/test-dir/MiniOzoneClusterImpl-6bab4eeb-f86e-496e-b90b-84f77322a42c/datanode-0/data/ratis/fca07b3d-9b86-4ed9-ab19-b128ea274b05 has been successfully formatted.
2019-06-13 02:44:55,293 INFO  ratis.ContainerStateMachine (ContainerStateMachine.java:loadSnapshot(199)) - The snapshot info is null.Setting the last applied index to:(t:0, i:~)
2019-06-13 02:44:55,293 INFO  server.RaftServerConfigKeys (ConfUtils.java:logGet(43)) - raft.server.leader.election.timeout = 10s (custom)
2019-06-13 02:44:55,293 INFO  server.RaftServerConfigKeys (ConfUtils.java:logGet(43)) - raft.server.log.use.memory = false (default)
2019-06-13 02:44:55,293 INFO  server.RaftServerConfigKeys (ConfUtils.java:logGet(43)) - raft.server.log.appender.buffer.byte-limit = 33554432 (custom)
2019-06-13 02:44:55,293 INFO  server.RaftServerConfigKeys (ConfUtils.java:logGet(43)) - raft.server.log.segment.size.max = 16384 (custom)
2019-06-13 02:44:55,294 INFO  server.RaftServerConfigKeys (ConfUtils.java:logGet(43)) - raft.server.log.segment.cache.num.max = 2 (custom)
2019-06-13 02:44:55,294 INFO  storage.RaftLogWorker (RaftLogWorker.java:<init>(123)) - new 42a24354-d7db-4405-a8cc-27c31cc01afb-RaftLogWorker for Storage Directory /opt/src/hadoop-ozone/integration-test/target/test-dir/MiniOzoneClusterImpl-6bab4eeb-f86e-496e-b90b-84f77322a42c/datanode-0/data/ratis/fca07b3d-9b86-4ed9-ab19-b128ea274b05
2019-06-13 02:44:55,294 INFO  server.RaftServerConfigKeys (ConfUtils.java:logGet(43)) - raft.server.log.queue.byte-limit = 2147483647 (custom)
2019-06-13 02:44:55,294 INFO  server.RaftServerConfigKeys (ConfUtils.java:logGet(43)) - raft.server.log.queue.element-limit = 1024 (custom)
2019-06-13 02:44:55,294 INFO  server.RaftServerConfigKeys (ConfUtils.java:logGet(43)) - raft.server.log.segment.size.max = 16384 (custom)
2019-06-13 02:44:55,294 INFO  server.RaftServerConfigKeys (ConfUtils.java:logGet(43)) - raft.server.log.preallocated.size = 16384 (custom)
2019-06-13 02:44:55,294 INFO  server.RaftServerConfigKeys (ConfUtils.java:logGet(43)) - raft.server.log.write.buffer.size = 33554432 (custom)
2019-06-13 02:44:55,294 INFO  server.RaftServerConfigKeys (ConfUtils.java:logGet(43)) - raft.server.log.force.sync.num = 128 (default)
2019-06-13 02:44:55,294 INFO  server.RaftServerConfigKeys (ConfUtils.java:logGet(43)) - raft.server.log.statemachine.data.sync = true (default)
2019-06-13 02:44:55,294 INFO  server.RaftServerConfigKeys (ConfUtils.java:logGet(43)) - raft.server.log.statemachine.data.sync.timeout = 10s (default)
2019-06-13 02:44:55,294 INFO  server.RaftServerConfigKeys (ConfUtils.java:logGet(43)) - raft.server.log.statemachine.data.sync.timeout.retry = -1 (default)
2019-06-13 02:44:55,295 INFO  server.RaftServerConfigKeys (ConfUtils.java:logGet(43)) - raft.server.log.statemachine.data.caching.enabled = true (custom)
2019-06-13 02:44:55,295 INFO  server.RaftServerConfigKeys (ConfUtils.java:logGet(43)) - raft.server.snapshot.auto.trigger.enabled = true (custom)
2019-06-13 02:44:55,293 INFO  server.RaftServerConfigKeys (ConfUtils.java:logGet(43)) - raft.server.snapshot.auto.trigger.threshold = 10000 (custom)
2019-06-13 02:44:55,295 INFO  server.RaftServerConfigKeys (ConfUtils.java:logGet(43)) - raft.server.snapshot.auto.trigger.threshold = 10000 (custom)
2019-06-13 02:44:55,294 INFO  storage.RaftStorageDirectory (RaftStorageDirectory.java:tryLock(328)) - Lock on /opt/src/hadoop-ozone/integration-test/target/test-dir/MiniOzoneClusterImpl-6bab4eeb-f86e-496e-b90b-84f77322a42c/datanode-5/data/ratis/fca07b3d-9b86-4ed9-ab19-b128ea274b05/in_use.lock acquired by nodename 10202@ozone-vw7bt-3973109627
2019-06-13 02:44:55,295 INFO  server.RaftServerConfigKeys (ConfUtils.java:logGet(43)) - raft.server.retrycache.expirytime = 600000ms (custom)
2019-06-13 02:44:55,296 INFO  impl.RaftServerImpl (RaftServerImpl.java:start(173)) - 42a24354-d7db-4405-a8cc-27c31cc01afb: start group-B128EA274B05
2019-06-13 02:44:55,296 INFO  impl.RaftServerImpl (RaftServerImpl.java:setRole(164)) - 42a24354-d7db-4405-a8cc-27c31cc01afb:group-B128EA274B05 changes role from null to FOLLOWER at term 0 for startAsFollower
2019-06-13 02:44:55,296 INFO  impl.RoleInfo (RoleInfo.java:updateAndGet(143)) - 42a24354-d7db-4405-a8cc-27c31cc01afb: start FollowerState
2019-06-13 02:44:55,295 INFO  server.RaftServerConfigKeys (ConfUtils.java:logGet(43)) - raft.server.retrycache.expirytime = 600000ms (custom)
2019-06-13 02:44:55,296 INFO  impl.RaftServerImpl (RaftServerImpl.java:start(173)) - 34145947-de5b-45fc-b062-91cd5b769c87: start group-B128EA274B05
2019-06-13 02:44:55,296 INFO  impl.RaftServerImpl (RaftServerImpl.java:setRole(164)) - 34145947-de5b-45fc-b062-91cd5b769c87:group-B128EA274B05 changes role from null to FOLLOWER at term 0 for startAsFollower
2019-06-13 02:44:55,296 INFO  impl.RoleInfo (RoleInfo.java:updateAndGet(143)) - 34145947-de5b-45fc-b062-91cd5b769c87: start FollowerState
2019-06-13 02:44:55,296 INFO  util.JmxRegister (JmxRegister.java:tryRegister(44)) - Successfully registered JMX Bean with object name Ratis:service=RaftServer,group=group-B128EA274B05,id=42a24354-d7db-4405-a8cc-27c31cc01afb
2019-06-13 02:44:55,297 INFO  util.JmxRegister (JmxRegister.java:tryRegister(44)) - Successfully registered JMX Bean with object name Ratis:service=RaftServer,group=group-B128EA274B05,id=34145947-de5b-45fc-b062-91cd5b769c87
2019-06-13 02:44:55,297 INFO  storage.RaftStorage (RaftStorage.java:format(75)) - Storage directory /opt/src/hadoop-ozone/integration-test/target/test-dir/MiniOzoneClusterImpl-6bab4eeb-f86e-496e-b90b-84f77322a42c/datanode-5/data/ratis/fca07b3d-9b86-4ed9-ab19-b128ea274b05 has been successfully formatted.
2019-06-13 02:44:55,298 INFO  ratis.ContainerStateMachine (ContainerStateMachine.java:loadSnapshot(199)) - The snapshot info is null.Setting the last applied index to:(t:0, i:~)
2019-06-13 02:44:55,298 INFO  server.RaftServerConfigKeys (ConfUtils.java:logGet(43)) - raft.server.leader.election.timeout = 10s (custom)
2019-06-13 02:44:55,298 INFO  server.RaftServerConfigKeys (ConfUtils.java:logGet(43)) - raft.server.log.use.memory = false (default)
2019-06-13 02:44:55,298 INFO  server.RaftServerConfigKeys (ConfUtils.java:logGet(43)) - raft.server.log.appender.buffer.byte-limit = 33554432 (custom)
2019-06-13 02:44:55,298 INFO  server.RaftServerConfigKeys (ConfUtils.java:logGet(43)) - raft.server.log.segment.size.max = 16384 (custom)
2019-06-13 02:44:55,298 INFO  server.RaftServerConfigKeys (ConfUtils.java:logGet(43)) - raft.server.log.segment.cache.num.max = 2 (custom)
2019-06-13 02:44:55,298 INFO  storage.RaftLogWorker (RaftLogWorker.java:<init>(123)) - new 1719c04a-c8d0-4fc2-b99a-4e216e5ad818-RaftLogWorker for Storage Directory /opt/src/hadoop-ozone/integration-test/target/test-dir/MiniOzoneClusterImpl-6bab4eeb-f86e-496e-b90b-84f77322a42c/datanode-5/data/ratis/fca07b3d-9b86-4ed9-ab19-b128ea274b05
2019-06-13 02:44:55,298 INFO  server.RaftServerConfigKeys (ConfUtils.java:logGet(43)) - raft.server.log.queue.byte-limit = 2147483647 (custom)
2019-06-13 02:44:55,298 INFO  server.RaftServerConfigKeys (ConfUtils.java:logGet(43)) - raft.server.log.queue.element-limit = 1024 (custom)
2019-06-13 02:44:55,298 INFO  server.RaftServerConfigKeys (ConfUtils.java:logGet(43)) - raft.server.log.segment.size.max = 16384 (custom)
2019-06-13 02:44:55,300 INFO  server.RaftServerConfigKeys (ConfUtils.java:logGet(43)) - raft.server.log.preallocated.size = 16384 (custom)
2019-06-13 02:44:55,300 INFO  server.RaftServerConfigKeys (ConfUtils.java:logGet(43)) - raft.server.log.write.buffer.size = 33554432 (custom)
2019-06-13 02:44:55,300 INFO  server.RaftServerConfigKeys (ConfUtils.java:logGet(43)) - raft.server.log.force.sync.num = 128 (default)
2019-06-13 02:44:55,300 INFO  server.RaftServerConfigKeys (ConfUtils.java:logGet(43)) - raft.server.log.statemachine.data.sync = true (default)
2019-06-13 02:44:55,302 INFO  server.RaftServerConfigKeys (ConfUtils.java:logGet(43)) - raft.server.log.statemachine.data.sync.timeout = 10s (default)
2019-06-13 02:44:55,302 INFO  server.RaftServerConfigKeys (ConfUtils.java:logGet(43)) - raft.server.log.statemachine.data.sync.timeout.retry = -1 (default)
2019-06-13 02:44:55,302 INFO  server.RaftServerConfigKeys (ConfUtils.java:logGet(43)) - raft.server.log.statemachine.data.caching.enabled = true (custom)
2019-06-13 02:44:55,303 INFO  server.RaftServerConfigKeys (ConfUtils.java:logGet(43)) - raft.server.snapshot.auto.trigger.enabled = true (custom)
2019-06-13 02:44:55,303 INFO  server.RaftServerConfigKeys (ConfUtils.java:logGet(43)) - raft.server.snapshot.auto.trigger.threshold = 10000 (custom)
2019-06-13 02:44:55,304 INFO  server.RaftServerConfigKeys (ConfUtils.java:logGet(43)) - raft.server.retrycache.expirytime = 600000ms (custom)
2019-06-13 02:44:55,305 INFO  impl.RaftServerImpl (RaftServerImpl.java:start(173)) - 1719c04a-c8d0-4fc2-b99a-4e216e5ad818: start group-B128EA274B05
2019-06-13 02:44:55,305 INFO  impl.RaftServerImpl (RaftServerImpl.java:setRole(164)) - 1719c04a-c8d0-4fc2-b99a-4e216e5ad818:group-B128EA274B05 changes role from null to FOLLOWER at term 0 for startAsFollower
2019-06-13 02:44:55,306 INFO  impl.RoleInfo (RoleInfo.java:updateAndGet(143)) - 1719c04a-c8d0-4fc2-b99a-4e216e5ad818: start FollowerState
2019-06-13 02:44:55,307 INFO  util.JmxRegister (JmxRegister.java:tryRegister(44)) - Successfully registered JMX Bean with object name Ratis:service=RaftServer,group=group-B128EA274B05,id=1719c04a-c8d0-4fc2-b99a-4e216e5ad818
2019-06-13 02:44:55,315 INFO  pipeline.PipelineStateManager (PipelineStateManager.java:addPipeline(56)) - Created pipeline Pipeline[ Id: fca07b3d-9b86-4ed9-ab19-b128ea274b05, Nodes: 1719c04a-c8d0-4fc2-b99a-4e216e5ad818{ip: 192.168.19.16, host: ozone-vw7bt-3973109627, networkLocation: /default-rack, certSerialId: null}34145947-de5b-45fc-b062-91cd5b769c87{ip: 192.168.19.16, host: ozone-vw7bt-3973109627, networkLocation: /default-rack, certSerialId: null}42a24354-d7db-4405-a8cc-27c31cc01afb{ip: 192.168.19.16, host: ozone-vw7bt-3973109627, networkLocation: /default-rack, certSerialId: null}, Type:RATIS, Factor:THREE, State:OPEN]
2019-06-13 02:44:55,783 INFO  impl.FollowerState (FollowerState.java:run(101)) - 42a24354-d7db-4405-a8cc-27c31cc01afb:group-8DE6E90A79C0 changes to CANDIDATE, lastRpcTime:1038, electionTimeout:1037ms
2019-06-13 02:44:55,783 INFO  impl.RoleInfo (RoleInfo.java:shutdownFollowerState(121)) - 42a24354-d7db-4405-a8cc-27c31cc01afb: shutdown FollowerState
2019-06-13 02:44:55,783 INFO  impl.RaftServerImpl (RaftServerImpl.java:setRole(164)) - 42a24354-d7db-4405-a8cc-27c31cc01afb:group-8DE6E90A79C0 changes role from FOLLOWER to CANDIDATE at term 0 for changeToCandidate
2019-06-13 02:44:55,785 INFO  impl.RoleInfo (RoleInfo.java:updateAndGet(143)) - 42a24354-d7db-4405-a8cc-27c31cc01afb: start LeaderElection
2019-06-13 02:44:55,791 INFO  impl.LeaderElection (LeaderElection.java:askForVotes(181)) - 42a24354-d7db-4405-a8cc-27c31cc01afb:group-8DE6E90A79C0:LeaderElection1: begin an election at term 1 for -1: [42a24354-d7db-4405-a8cc-27c31cc01afb:192.168.19.16:44655], old=null
2019-06-13 02:44:55,793 INFO  impl.RoleInfo (RoleInfo.java:shutdownLeaderElection(134)) - 42a24354-d7db-4405-a8cc-27c31cc01afb: shutdown LeaderElection
2019-06-13 02:44:55,794 INFO  impl.RaftServerImpl (RaftServerImpl.java:setRole(164)) - 42a24354-d7db-4405-a8cc-27c31cc01afb:group-8DE6E90A79C0 changes role from CANDIDATE to LEADER at term 1 for changeToLeader
2019-06-13 02:44:55,794 INFO  impl.RaftServerImpl (ServerState.java:setLeader(263)) - 42a24354-d7db-4405-a8cc-27c31cc01afb:group-8DE6E90A79C0 change Leader from null to 42a24354-d7db-4405-a8cc-27c31cc01afb at term 1 for becomeLeader, leader elected after 1225ms
2019-06-13 02:44:55,798 INFO  server.RaftServerConfigKeys (ConfUtils.java:logGet(43)) - raft.server.staging.catchup.gap = 1000 (default)
2019-06-13 02:44:55,798 INFO  server.RaftServerConfigKeys (ConfUtils.java:logGet(43)) - raft.server.rpc.sleep.time = 25ms (default)
2019-06-13 02:44:55,800 INFO  server.RaftServerConfigKeys (ConfUtils.java:logGet(43)) - raft.server.watch.timeout = 10s (default)
2019-06-13 02:44:55,800 INFO  server.RaftServerConfigKeys (ConfUtils.java:logGet(43)) - raft.server.watch.timeout.denomination = 1s (default)
2019-06-13 02:44:55,807 INFO  impl.RoleInfo (RoleInfo.java:updateAndGet(143)) - 42a24354-d7db-4405-a8cc-27c31cc01afb: start LeaderState
2019-06-13 02:44:55,820 INFO  storage.RaftLogWorker (RaftLogWorker.java:startLogSegment(298)) - 42a24354-d7db-4405-a8cc-27c31cc01afb-RaftLogWorker: Starting segment from index:0
2019-06-13 02:44:55,827 INFO  impl.RaftServerImpl (ServerState.java:setRaftConf(361)) - 42a24354-d7db-4405-a8cc-27c31cc01afb:group-8DE6E90A79C0 set configuration 0: [42a24354-d7db-4405-a8cc-27c31cc01afb:192.168.19.16:44655], old=null at 0
2019-06-13 02:44:55,915 INFO  impl.FollowerState (FollowerState.java:run(101)) - 7f29876d-f5c1-432f-a832-638182b17e90:group-1189AF108D95 changes to CANDIDATE, lastRpcTime:1097, electionTimeout:1096ms
2019-06-13 02:44:55,932 INFO  impl.FollowerState (FollowerState.java:run(101)) - 706b512e-a522-4713-b4be-edef4ac1b79c:group-D54FDFD16416 changes to CANDIDATE, lastRpcTime:1008, electionTimeout:1007ms
2019-06-13 02:44:55,932 INFO  impl.RoleInfo (RoleInfo.java:shutdownFollowerState(121)) - 7f29876d-f5c1-432f-a832-638182b17e90: shutdown FollowerState
2019-06-13 02:44:55,932 INFO  impl.RoleInfo (RoleInfo.java:shutdownFollowerState(121)) - 706b512e-a522-4713-b4be-edef4ac1b79c: shutdown FollowerState
2019-06-13 02:44:55,933 INFO  impl.RaftServerImpl (RaftServerImpl.java:setRole(164)) - 7f29876d-f5c1-432f-a832-638182b17e90:group-1189AF108D95 changes role from FOLLOWER to CANDIDATE at term 0 for changeToCandidate
2019-06-13 02:44:55,933 INFO  impl.RaftServerImpl (RaftServerImpl.java:setRole(164)) - 706b512e-a522-4713-b4be-edef4ac1b79c:group-D54FDFD16416 changes role from FOLLOWER to CANDIDATE at term 0 for changeToCandidate
2019-06-13 02:44:55,933 INFO  impl.RoleInfo (RoleInfo.java:updateAndGet(143)) - 7f29876d-f5c1-432f-a832-638182b17e90: start LeaderElection
2019-06-13 02:44:55,933 INFO  impl.RoleInfo (RoleInfo.java:updateAndGet(143)) - 706b512e-a522-4713-b4be-edef4ac1b79c: start LeaderElection
2019-06-13 02:44:55,957 INFO  impl.LeaderElection (LeaderElection.java:askForVotes(181)) - 7f29876d-f5c1-432f-a832-638182b17e90:group-1189AF108D95:LeaderElection2: begin an election at term 1 for -1: [7f29876d-f5c1-432f-a832-638182b17e90:192.168.19.16:45229], old=null
2019-06-13 02:44:55,957 INFO  impl.LeaderElection (LeaderElection.java:askForVotes(181)) - 706b512e-a522-4713-b4be-edef4ac1b79c:group-D54FDFD16416:LeaderElection3: begin an election at term 1 for -1: [706b512e-a522-4713-b4be-edef4ac1b79c:192.168.19.16:38361], old=null
2019-06-13 02:44:55,958 INFO  impl.RoleInfo (RoleInfo.java:shutdownLeaderElection(134)) - 7f29876d-f5c1-432f-a832-638182b17e90: shutdown LeaderElection
2019-06-13 02:44:55,958 INFO  impl.RoleInfo (RoleInfo.java:shutdownLeaderElection(134)) - 706b512e-a522-4713-b4be-edef4ac1b79c: shutdown LeaderElection
2019-06-13 02:44:55,958 INFO  impl.RaftServerImpl (RaftServerImpl.java:setRole(164)) - 7f29876d-f5c1-432f-a832-638182b17e90:group-1189AF108D95 changes role from CANDIDATE to LEADER at term 1 for changeToLeader
2019-06-13 02:44:55,958 INFO  impl.RaftServerImpl (RaftServerImpl.java:setRole(164)) - 706b512e-a522-4713-b4be-edef4ac1b79c:group-D54FDFD16416 changes role from CANDIDATE to LEADER at term 1 for changeToLeader
2019-06-13 02:44:55,958 INFO  impl.RaftServerImpl (ServerState.java:setLeader(263)) - 7f29876d-f5c1-432f-a832-638182b17e90:group-1189AF108D95 change Leader from null to 7f29876d-f5c1-432f-a832-638182b17e90 at term 1 for becomeLeader, leader elected after 1144ms
2019-06-13 02:44:55,958 INFO  impl.RaftServerImpl (ServerState.java:setLeader(263)) - 706b512e-a522-4713-b4be-edef4ac1b79c:group-D54FDFD16416 change Leader from null to 706b512e-a522-4713-b4be-edef4ac1b79c at term 1 for becomeLeader, leader elected after 1037ms
2019-06-13 02:44:55,959 INFO  server.RaftServerConfigKeys (ConfUtils.java:logGet(43)) - raft.server.staging.catchup.gap = 1000 (default)
2019-06-13 02:44:55,960 INFO  server.RaftServerConfigKeys (ConfUtils.java:logGet(43)) - raft.server.staging.catchup.gap = 1000 (default)
2019-06-13 02:44:55,960 INFO  server.RaftServerConfigKeys (ConfUtils.java:logGet(43)) - raft.server.rpc.sleep.time = 25ms (default)
2019-06-13 02:44:55,960 INFO  server.RaftServerConfigKeys (ConfUtils.java:logGet(43)) - raft.server.rpc.sleep.time = 25ms (default)
2019-06-13 02:44:55,960 INFO  storage.RaftLogWorker (RaftLogWorker.java:execute(469)) - 42a24354-d7db-4405-a8cc-27c31cc01afb-RaftLogWorker: created new log segment /opt/src/hadoop-ozone/integration-test/target/test-dir/MiniOzoneClusterImpl-6bab4eeb-f86e-496e-b90b-84f77322a42c/datanode-0/data/ratis/240bdcb1-3201-4f8e-ab59-8de6e90a79c0/current/log_inprogress_0
2019-06-13 02:44:55,960 INFO  server.RaftServerConfigKeys (ConfUtils.java:logGet(43)) - raft.server.watch.timeout = 10s (default)
2019-06-13 02:44:55,960 INFO  server.RaftServerConfigKeys (ConfUtils.java:logGet(43)) - raft.server.watch.timeout = 10s (default)
2019-06-13 02:44:55,960 INFO  server.RaftServerConfigKeys (ConfUtils.java:logGet(43)) - raft.server.watch.timeout.denomination = 1s (default)
2019-06-13 02:44:55,960 INFO  server.RaftServerConfigKeys (ConfUtils.java:logGet(43)) - raft.server.watch.timeout.denomination = 1s (default)
2019-06-13 02:44:55,960 INFO  impl.RoleInfo (RoleInfo.java:updateAndGet(143)) - 7f29876d-f5c1-432f-a832-638182b17e90: start LeaderState
2019-06-13 02:44:55,960 INFO  impl.RoleInfo (RoleInfo.java:updateAndGet(143)) - 706b512e-a522-4713-b4be-edef4ac1b79c: start LeaderState
2019-06-13 02:44:55,961 INFO  storage.RaftLogWorker (RaftLogWorker.java:startLogSegment(298)) - 7f29876d-f5c1-432f-a832-638182b17e90-RaftLogWorker: Starting segment from index:0
2019-06-13 02:44:55,961 INFO  storage.RaftLogWorker (RaftLogWorker.java:startLogSegment(298)) - 706b512e-a522-4713-b4be-edef4ac1b79c-RaftLogWorker: Starting segment from index:0
2019-06-13 02:44:55,966 INFO  impl.RaftServerImpl (ServerState.java:setRaftConf(361)) - 706b512e-a522-4713-b4be-edef4ac1b79c:group-D54FDFD16416 set configuration 0: [706b512e-a522-4713-b4be-edef4ac1b79c:192.168.19.16:38361], old=null at 0
2019-06-13 02:44:55,987 INFO  impl.RaftServerImpl (ServerState.java:setRaftConf(361)) - 7f29876d-f5c1-432f-a832-638182b17e90:group-1189AF108D95 set configuration 0: [7f29876d-f5c1-432f-a832-638182b17e90:192.168.19.16:45229], old=null at 0
2019-06-13 02:44:56,004 INFO  impl.FollowerState (FollowerState.java:run(101)) - 706b512e-a522-4713-b4be-edef4ac1b79c:group-CD4B7255136E changes to CANDIDATE, lastRpcTime:1014, electionTimeout:1005ms
2019-06-13 02:44:56,004 INFO  impl.RoleInfo (RoleInfo.java:shutdownFollowerState(121)) - 706b512e-a522-4713-b4be-edef4ac1b79c: shutdown FollowerState
2019-06-13 02:44:56,004 INFO  impl.RaftServerImpl (RaftServerImpl.java:setRole(164)) - 706b512e-a522-4713-b4be-edef4ac1b79c:group-CD4B7255136E changes role from FOLLOWER to CANDIDATE at term 0 for changeToCandidate
2019-06-13 02:44:56,005 INFO  impl.RoleInfo (RoleInfo.java:updateAndGet(143)) - 706b512e-a522-4713-b4be-edef4ac1b79c: start LeaderElection
2019-06-13 02:44:56,022 INFO  storage.RaftLogWorker (RaftLogWorker.java:execute(469)) - 706b512e-a522-4713-b4be-edef4ac1b79c-RaftLogWorker: created new log segment /opt/src/hadoop-ozone/integration-test/target/test-dir/MiniOzoneClusterImpl-6bab4eeb-f86e-496e-b90b-84f77322a42c/datanode-3/data/ratis/805a8e55-a0b7-412f-8f70-d54fdfd16416/current/log_inprogress_0
2019-06-13 02:44:56,025 INFO  storage.RaftLogWorker (RaftLogWorker.java:execute(469)) - 7f29876d-f5c1-432f-a832-638182b17e90-RaftLogWorker: created new log segment /opt/src/hadoop-ozone/integration-test/target/test-dir/MiniOzoneClusterImpl-6bab4eeb-f86e-496e-b90b-84f77322a42c/datanode-1/data/ratis/63cf35aa-3546-43c2-82a7-1189af108d95/current/log_inprogress_0
2019-06-13 02:44:56,027 INFO  impl.LeaderElection (LeaderElection.java:askForVotes(181)) - 706b512e-a522-4713-b4be-edef4ac1b79c:group-CD4B7255136E:LeaderElection4: begin an election at term 1 for -1: [706b512e-a522-4713-b4be-edef4ac1b79c:192.168.19.16:38361, 7a11a87b-a9f2-46dd-bcd0-921cab4bc808:192.168.19.16:33139, 7f29876d-f5c1-432f-a832-638182b17e90:192.168.19.16:45229], old=null
2019-06-13 02:44:56,060 INFO  impl.FollowerState (FollowerState.java:run(101)) - 7a11a87b-a9f2-46dd-bcd0-921cab4bc808:group-C3D018A823B4 changes to CANDIDATE, lastRpcTime:1174, electionTimeout:1174ms
2019-06-13 02:44:56,061 INFO  impl.RoleInfo (RoleInfo.java:shutdownFollowerState(121)) - 7a11a87b-a9f2-46dd-bcd0-921cab4bc808: shutdown FollowerState
2019-06-13 02:44:56,061 INFO  impl.RaftServerImpl (RaftServerImpl.java:setRole(164)) - 7a11a87b-a9f2-46dd-bcd0-921cab4bc808:group-C3D018A823B4 changes role from FOLLOWER to CANDIDATE at term 0 for changeToCandidate
2019-06-13 02:44:56,061 INFO  impl.RoleInfo (RoleInfo.java:updateAndGet(143)) - 7a11a87b-a9f2-46dd-bcd0-921cab4bc808: start LeaderElection
2019-06-13 02:44:56,066 INFO  impl.RaftServerImpl (RaftServerImpl.java:setRole(164)) - 7a11a87b-a9f2-46dd-bcd0-921cab4bc808:group-CD4B7255136E changes role from FOLLOWER to FOLLOWER at term 1 for recognizeCandidate:706b512e-a522-4713-b4be-edef4ac1b79c
2019-06-13 02:44:56,066 INFO  impl.RoleInfo (RoleInfo.java:shutdownFollowerState(121)) - 7a11a87b-a9f2-46dd-bcd0-921cab4bc808: shutdown FollowerState
2019-06-13 02:44:56,067 INFO  impl.RoleInfo (RoleInfo.java:updateAndGet(143)) - 7a11a87b-a9f2-46dd-bcd0-921cab4bc808: start FollowerState
2019-06-13 02:44:56,067 INFO  impl.FollowerState (FollowerState.java:run(109)) - 7a11a87b-a9f2-46dd-bcd0-921cab4bc808: FollowerState was interrupted: java.lang.InterruptedException: sleep interrupted
2019-06-13 02:44:56,066 INFO  impl.RaftServerImpl (RaftServerImpl.java:setRole(164)) - 7f29876d-f5c1-432f-a832-638182b17e90:group-CD4B7255136E changes role from FOLLOWER to FOLLOWER at term 1 for recognizeCandidate:706b512e-a522-4713-b4be-edef4ac1b79c
2019-06-13 02:44:56,067 INFO  impl.RoleInfo (RoleInfo.java:shutdownFollowerState(121)) - 7f29876d-f5c1-432f-a832-638182b17e90: shutdown FollowerState
2019-06-13 02:44:56,069 INFO  impl.FollowerState (FollowerState.java:run(109)) - 7f29876d-f5c1-432f-a832-638182b17e90: FollowerState was interrupted: java.lang.InterruptedException: sleep interrupted
2019-06-13 02:44:56,069 INFO  impl.LeaderElection (LeaderElection.java:askForVotes(181)) - 7a11a87b-a9f2-46dd-bcd0-921cab4bc808:group-C3D018A823B4:LeaderElection5: begin an election at term 1 for -1: [7a11a87b-a9f2-46dd-bcd0-921cab4bc808:192.168.19.16:33139], old=null
2019-06-13 02:44:56,071 INFO  impl.RoleInfo (RoleInfo.java:shutdownLeaderElection(134)) - 7a11a87b-a9f2-46dd-bcd0-921cab4bc808: shutdown LeaderElection
2019-06-13 02:44:56,071 INFO  impl.RaftServerImpl (RaftServerImpl.java:setRole(164)) - 7a11a87b-a9f2-46dd-bcd0-921cab4bc808:group-C3D018A823B4 changes role from CANDIDATE to LEADER at term 1 for changeToLeader
2019-06-13 02:44:56,071 INFO  impl.RaftServerImpl (ServerState.java:setLeader(263)) - 7a11a87b-a9f2-46dd-bcd0-921cab4bc808:group-C3D018A823B4 change Leader from null to 7a11a87b-a9f2-46dd-bcd0-921cab4bc808 at term 1 for becomeLeader, leader elected after 1187ms
2019-06-13 02:44:56,069 INFO  impl.RoleInfo (RoleInfo.java:updateAndGet(143)) - 7f29876d-f5c1-432f-a832-638182b17e90: start FollowerState
2019-06-13 02:44:56,072 INFO  server.RaftServerConfigKeys (ConfUtils.java:logGet(43)) - raft.server.staging.catchup.gap = 1000 (default)
2019-06-13 02:44:56,072 INFO  server.RaftServerConfigKeys (ConfUtils.java:logGet(43)) - raft.server.rpc.sleep.time = 25ms (default)
2019-06-13 02:44:56,072 INFO  server.RaftServerConfigKeys (ConfUtils.java:logGet(43)) - raft.server.watch.timeout = 10s (default)
2019-06-13 02:44:56,072 INFO  server.RaftServerConfigKeys (ConfUtils.java:logGet(43)) - raft.server.watch.timeout.denomination = 1s (default)
2019-06-13 02:44:56,073 INFO  impl.RoleInfo (RoleInfo.java:updateAndGet(143)) - 7a11a87b-a9f2-46dd-bcd0-921cab4bc808: start LeaderState
2019-06-13 02:44:56,073 INFO  storage.RaftLogWorker (RaftLogWorker.java:startLogSegment(298)) - 7a11a87b-a9f2-46dd-bcd0-921cab4bc808-RaftLogWorker: Starting segment from index:0
2019-06-13 02:44:56,080 INFO  impl.RaftServerImpl (ServerState.java:setRaftConf(361)) - 7a11a87b-a9f2-46dd-bcd0-921cab4bc808:group-C3D018A823B4 set configuration 0: [7a11a87b-a9f2-46dd-bcd0-921cab4bc808:192.168.19.16:33139], old=null at 0
2019-06-13 02:44:56,112 INFO  storage.RaftLogWorker (RaftLogWorker.java:execute(469)) - 7a11a87b-a9f2-46dd-bcd0-921cab4bc808-RaftLogWorker: created new log segment /opt/src/hadoop-ozone/integration-test/target/test-dir/MiniOzoneClusterImpl-6bab4eeb-f86e-496e-b90b-84f77322a42c/datanode-2/data/ratis/8880f953-ac85-48a3-acd4-c3d018a823b4/current/log_inprogress_0
2019-06-13 02:44:56,113 INFO  impl.LeaderElection (LeaderElection.java:logAndReturn(56)) - 706b512e-a522-4713-b4be-edef4ac1b79c:group-CD4B7255136E:LeaderElection4: Election PASSED; received 1 response(s) [706b512e-a522-4713-b4be-edef4ac1b79c->7a11a87b-a9f2-46dd-bcd0-921cab4bc808,true-t1] and 0 exception(s); 706b512e-a522-4713-b4be-edef4ac1b79c:t1, leader=null, voted=706b512e-a522-4713-b4be-edef4ac1b79c, raftlog=706b512e-a522-4713-b4be-edef4ac1b79c-SegmentedRaftLog:OPENED:c-1,f-1,i0, conf=-1: [706b512e-a522-4713-b4be-edef4ac1b79c:192.168.19.16:38361, 7a11a87b-a9f2-46dd-bcd0-921cab4bc808:192.168.19.16:33139, 7f29876d-f5c1-432f-a832-638182b17e90:192.168.19.16:45229], old=null
2019-06-13 02:44:56,113 INFO  impl.RoleInfo (RoleInfo.java:shutdownLeaderElection(134)) - 706b512e-a522-4713-b4be-edef4ac1b79c: shutdown LeaderElection
2019-06-13 02:44:56,113 INFO  impl.RaftServerImpl (RaftServerImpl.java:setRole(164)) - 706b512e-a522-4713-b4be-edef4ac1b79c:group-CD4B7255136E changes role from CANDIDATE to LEADER at term 1 for changeToLeader
2019-06-13 02:44:56,116 INFO  impl.RaftServerImpl (ServerState.java:setLeader(263)) - 706b512e-a522-4713-b4be-edef4ac1b79c:group-CD4B7255136E change Leader from null to 706b512e-a522-4713-b4be-edef4ac1b79c at term 1 for becomeLeader, leader elected after 1132ms
2019-06-13 02:44:56,116 INFO  server.RaftServerConfigKeys (ConfUtils.java:logGet(43)) - raft.server.staging.catchup.gap = 1000 (default)
2019-06-13 02:44:56,116 INFO  server.RaftServerConfigKeys (ConfUtils.java:logGet(43)) - raft.server.rpc.sleep.time = 25ms (default)
2019-06-13 02:44:56,117 INFO  server.RaftServerConfigKeys (ConfUtils.java:logGet(43)) - raft.server.watch.timeout = 10s (default)
2019-06-13 02:44:56,117 INFO  server.RaftServerConfigKeys (ConfUtils.java:logGet(43)) - raft.server.watch.timeout.denomination = 1s (default)
2019-06-13 02:44:56,119 INFO  server.RaftServerConfigKeys (ConfUtils.java:logGet(43)) - raft.server.log.appender.snapshot.chunk.size.max = 16MB (=16777216) (default)
2019-06-13 02:44:56,119 INFO  server.RaftServerConfigKeys (ConfUtils.java:logGet(43)) - raft.server.log.appender.buffer.byte-limit = 33554432 (custom)
2019-06-13 02:44:56,120 INFO  server.RaftServerConfigKeys (ConfUtils.java:logGet(43)) - raft.server.log.appender.buffer.element-limit = 1 (custom)
2019-06-13 02:44:56,121 INFO  grpc.GrpcConfigKeys$Server (ConfUtils.java:logGet(43)) - raft.grpc.server.leader.outstanding.appends.max = 128 (default)
2019-06-13 02:44:56,121 INFO  server.RaftServerConfigKeys (ConfUtils.java:logGet(43)) - raft.server.rpc.request.timeout = 3000ms (default)
2019-06-13 02:44:56,121 INFO  server.RaftServerConfigKeys (ConfUtils.java:logGet(43)) - raft.server.log.appender.install.snapshot.enabled = true (default)
2019-06-13 02:44:56,121 INFO  server.RaftServerConfigKeys (ConfUtils.java:logGet(43)) - raft.server.log.appender.snapshot.chunk.size.max = 16MB (=16777216) (default)
2019-06-13 02:44:56,122 INFO  server.RaftServerConfigKeys (ConfUtils.java:logGet(43)) - raft.server.log.appender.buffer.byte-limit = 33554432 (custom)
2019-06-13 02:44:56,122 INFO  server.RaftServerConfigKeys (ConfUtils.java:logGet(43)) - raft.server.log.appender.buffer.element-limit = 1 (custom)
2019-06-13 02:44:56,122 INFO  grpc.GrpcConfigKeys$Server (ConfUtils.java:logGet(43)) - raft.grpc.server.leader.outstanding.appends.max = 128 (default)
2019-06-13 02:44:56,122 INFO  server.RaftServerConfigKeys (ConfUtils.java:logGet(43)) - raft.server.rpc.request.timeout = 3000ms (default)
2019-06-13 02:44:56,122 INFO  server.RaftServerConfigKeys (ConfUtils.java:logGet(43)) - raft.server.log.appender.install.snapshot.enabled = true (default)
2019-06-13 02:44:56,122 INFO  impl.RoleInfo (RoleInfo.java:updateAndGet(143)) - 706b512e-a522-4713-b4be-edef4ac1b79c: start LeaderState
2019-06-13 02:44:56,122 INFO  storage.RaftLogWorker (RaftLogWorker.java:startLogSegment(298)) - 706b512e-a522-4713-b4be-edef4ac1b79c-RaftLogWorker: Starting segment from index:0
2019-06-13 02:44:56,124 INFO  impl.RaftServerImpl (ServerState.java:setRaftConf(361)) - 706b512e-a522-4713-b4be-edef4ac1b79c:group-CD4B7255136E set configuration 0: [706b512e-a522-4713-b4be-edef4ac1b79c:192.168.19.16:38361, 7a11a87b-a9f2-46dd-bcd0-921cab4bc808:192.168.19.16:33139, 7f29876d-f5c1-432f-a832-638182b17e90:192.168.19.16:45229], old=null at 0
2019-06-13 02:44:56,160 INFO  storage.RaftLogWorker (RaftLogWorker.java:execute(469)) - 706b512e-a522-4713-b4be-edef4ac1b79c-RaftLogWorker: created new log segment /opt/src/hadoop-ozone/integration-test/target/test-dir/MiniOzoneClusterImpl-6bab4eeb-f86e-496e-b90b-84f77322a42c/datanode-3/data/ratis/3050e2e0-0c2c-4a26-b411-cd4b7255136e/current/log_inprogress_0
2019-06-13 02:44:56,181 INFO  impl.RaftServerImpl (ServerState.java:setLeader(263)) - 7f29876d-f5c1-432f-a832-638182b17e90:group-CD4B7255136E change Leader from null to 706b512e-a522-4713-b4be-edef4ac1b79c at term 1 for appendEntries, leader elected after 1197ms
2019-06-13 02:44:56,187 INFO  impl.RaftServerImpl (ServerState.java:setLeader(263)) - 7a11a87b-a9f2-46dd-bcd0-921cab4bc808:group-CD4B7255136E change Leader from null to 706b512e-a522-4713-b4be-edef4ac1b79c at term 1 for appendEntries, leader elected after 1207ms
2019-06-13 02:44:56,203 INFO  impl.RaftServerImpl (ServerState.java:setRaftConf(361)) - 7a11a87b-a9f2-46dd-bcd0-921cab4bc808:group-CD4B7255136E set configuration 0: [706b512e-a522-4713-b4be-edef4ac1b79c:192.168.19.16:38361, 7a11a87b-a9f2-46dd-bcd0-921cab4bc808:192.168.19.16:33139, 7f29876d-f5c1-432f-a832-638182b17e90:192.168.19.16:45229], old=null at 0
2019-06-13 02:44:56,203 INFO  storage.RaftLogWorker (RaftLogWorker.java:startLogSegment(298)) - 7a11a87b-a9f2-46dd-bcd0-921cab4bc808-RaftLogWorker: Starting segment from index:0
2019-06-13 02:44:56,204 INFO  impl.RaftServerImpl (ServerState.java:setRaftConf(361)) - 7f29876d-f5c1-432f-a832-638182b17e90:group-CD4B7255136E set configuration 0: [706b512e-a522-4713-b4be-edef4ac1b79c:192.168.19.16:38361, 7a11a87b-a9f2-46dd-bcd0-921cab4bc808:192.168.19.16:33139, 7f29876d-f5c1-432f-a832-638182b17e90:192.168.19.16:45229], old=null at 0
2019-06-13 02:44:56,204 INFO  storage.RaftLogWorker (RaftLogWorker.java:startLogSegment(298)) - 7f29876d-f5c1-432f-a832-638182b17e90-RaftLogWorker: Starting segment from index:0
2019-06-13 02:44:56,224 INFO  impl.FollowerState (FollowerState.java:run(101)) - 34145947-de5b-45fc-b062-91cd5b769c87:group-96AB77FC8647 changes to CANDIDATE, lastRpcTime:1179, electionTimeout:1179ms
2019-06-13 02:44:56,224 INFO  impl.RoleInfo (RoleInfo.java:shutdownFollowerState(121)) - 34145947-de5b-45fc-b062-91cd5b769c87: shutdown FollowerState
2019-06-13 02:44:56,224 INFO  impl.RaftServerImpl (RaftServerImpl.java:setRole(164)) - 34145947-de5b-45fc-b062-91cd5b769c87:group-96AB77FC8647 changes role from FOLLOWER to CANDIDATE at term 0 for changeToCandidate
2019-06-13 02:44:56,224 INFO  impl.RoleInfo (RoleInfo.java:updateAndGet(143)) - 34145947-de5b-45fc-b062-91cd5b769c87: start LeaderElection
2019-06-13 02:44:56,243 INFO  ozone.MiniOzoneClusterImpl (MiniOzoneClusterImpl.java:lambda$waitForClusterToBeReady$0(142)) - Cluster is ready. Got 6 of 6 DN Heartbeats.
2019-06-13 02:44:56,265 INFO  storage.RaftLogWorker (RaftLogWorker.java:execute(469)) - 7a11a87b-a9f2-46dd-bcd0-921cab4bc808-RaftLogWorker: created new log segment /opt/src/hadoop-ozone/integration-test/target/test-dir/MiniOzoneClusterImpl-6bab4eeb-f86e-496e-b90b-84f77322a42c/datanode-2/data/ratis/3050e2e0-0c2c-4a26-b411-cd4b7255136e/current/log_inprogress_0
2019-06-13 02:44:56,267 INFO  storage.RaftLogWorker (RaftLogWorker.java:execute(469)) - 7f29876d-f5c1-432f-a832-638182b17e90-RaftLogWorker: created new log segment /opt/src/hadoop-ozone/integration-test/target/test-dir/MiniOzoneClusterImpl-6bab4eeb-f86e-496e-b90b-84f77322a42c/datanode-1/data/ratis/3050e2e0-0c2c-4a26-b411-cd4b7255136e/current/log_inprogress_0
2019-06-13 02:44:56,269 INFO  impl.LeaderElection (LeaderElection.java:askForVotes(181)) - 34145947-de5b-45fc-b062-91cd5b769c87:group-96AB77FC8647:LeaderElection6: begin an election at term 1 for -1: [34145947-de5b-45fc-b062-91cd5b769c87:192.168.19.16:41761], old=null
2019-06-13 02:44:56,269 INFO  impl.RoleInfo (RoleInfo.java:shutdownLeaderElection(134)) - 34145947-de5b-45fc-b062-91cd5b769c87: shutdown LeaderElection
2019-06-13 02:44:56,269 INFO  impl.RaftServerImpl (RaftServerImpl.java:setRole(164)) - 34145947-de5b-45fc-b062-91cd5b769c87:group-96AB77FC8647 changes role from CANDIDATE to LEADER at term 1 for changeToLeader
2019-06-13 02:44:56,269 INFO  impl.RaftServerImpl (ServerState.java:setLeader(263)) - 34145947-de5b-45fc-b062-91cd5b769c87:group-96AB77FC8647 change Leader from null to 34145947-de5b-45fc-b062-91cd5b769c87 at term 1 for becomeLeader, leader elected after 1227ms
2019-06-13 02:44:56,283 INFO  server.RaftServerConfigKeys (ConfUtils.java:logGet(43)) - raft.server.staging.catchup.gap = 1000 (default)
2019-06-13 02:44:56,283 INFO  server.RaftServerConfigKeys (ConfUtils.java:logGet(43)) - raft.server.rpc.sleep.time = 25ms (default)
2019-06-13 02:44:56,284 INFO  server.RaftServerConfigKeys (ConfUtils.java:logGet(43)) - raft.server.watch.timeout = 10s (default)
2019-06-13 02:44:56,284 INFO  server.RaftServerConfigKeys (ConfUtils.java:logGet(43)) - raft.server.watch.timeout.denomination = 1s (default)
2019-06-13 02:44:56,284 INFO  impl.RoleInfo (RoleInfo.java:updateAndGet(143)) - 34145947-de5b-45fc-b062-91cd5b769c87: start LeaderState
2019-06-13 02:44:56,284 INFO  storage.RaftLogWorker (RaftLogWorker.java:startLogSegment(298)) - 34145947-de5b-45fc-b062-91cd5b769c87-RaftLogWorker: Starting segment from index:0
]]></system-out>
    <system-err><![CDATA[ERROR StatusLogger No Log4j 2 configuration file found. Using default configuration (logging only errors to the console), or user programmatically provided configurations. Set system property 'log4j2.debug' to show Log4j 2 internal initialization logging. See https://logging.apache.org/log4j/2.x/manual/configuration.html for instructions on how to configure Log4j 2
Jun 13, 2019 2:44:49 AM com.sun.jersey.server.impl.application.WebApplicationImpl _initiate
INFO: Initiating Jersey application, version 'Jersey: 1.19 02/11/2015 03:25 AM'
Jun 13, 2019 2:44:50 AM com.sun.jersey.server.impl.application.WebApplicationImpl _initiate
INFO: Initiating Jersey application, version 'Jersey: 1.19 02/11/2015 03:25 AM'
Jun 13, 2019 2:44:50 AM com.sun.jersey.server.impl.application.WebApplicationImpl _initiate
INFO: Initiating Jersey application, version 'Jersey: 1.19 02/11/2015 03:25 AM'
Jun 13, 2019 2:44:50 AM com.sun.jersey.server.impl.application.WebApplicationImpl _initiate
INFO: Initiating Jersey application, version 'Jersey: 1.19 02/11/2015 03:25 AM'
Jun 13, 2019 2:44:50 AM com.sun.jersey.server.impl.application.WebApplicationImpl _initiate
INFO: Initiating Jersey application, version 'Jersey: 1.19 02/11/2015 03:25 AM'
Jun 13, 2019 2:44:51 AM com.sun.jersey.server.impl.application.WebApplicationImpl _initiate
INFO: Initiating Jersey application, version 'Jersey: 1.19 02/11/2015 03:25 AM'
]]></system-err>
  </testcase>
</testsuite>