<?xml version="1.0" encoding="UTF-8"?>
<testsuite xmlns:xsi="http://www.w3.org/2001/XMLSchema-instance" xsi:noNamespaceSchemaLocation="https://maven.apache.org/surefire/maven-surefire-plugin/xsd/surefire-test-report.xsd" name="org.apache.hadoop.ozone.client.rpc.TestFailureHandlingByClient" time="121.484" tests="7" errors="1" skipped="0" failures="0">
  <properties>
    <property name="awt.toolkit" value="sun.awt.X11.XToolkit"/>
    <property name="file.encoding.pkg" value="sun.io"/>
    <property name="java.specification.version" value="1.8"/>
    <property name="sun.cpu.isalist" value=""/>
    <property name="sun.jnu.encoding" value="UTF-8"/>
    <property name="java.class.path" value="/opt/src/hadoop-ozone/integration-test/target/test-classes:/opt/src/hadoop-ozone/integration-test/target/classes:/root/.m2/repository/org/apache/hadoop/hadoop-ozone-common/0.5.0-SNAPSHOT/hadoop-ozone-common-0.5.0-SNAPSHOT.jar:/root/.m2/repository/org/apache/commons/commons-compress/1.4.1/commons-compress-1.4.1.jar:/root/.m2/repository/org/tukaani/xz/1.0/xz-1.0.jar:/root/.m2/repository/org/apache/hadoop/hadoop-common/3.2.0/hadoop-common-3.2.0.jar:/root/.m2/repository/org/apache/hadoop/hadoop-hdfs/3.2.0/hadoop-hdfs-3.2.0.jar:/root/.m2/repository/org/apache/hadoop/hadoop-hdfs-client/3.2.0/hadoop-hdfs-client-3.2.0.jar:/root/.m2/repository/com/fasterxml/jackson/core/jackson-annotations/2.9.5/jackson-annotations-2.9.5.jar:/root/.m2/repository/org/apache/hadoop/hadoop-hdds-common/0.5.0-SNAPSHOT/hadoop-hdds-common-0.5.0-SNAPSHOT.jar:/root/.m2/repository/javax/annotation/javax.annotation-api/1.2/javax.annotation-api-1.2.jar:/root/.m2/repository/org/apache/ratis/ratis-server/0.4.0-fe2b15d-SNAPSHOT/ratis-server-0.4.0-fe2b15d-SNAPSHOT.jar:/root/.m2/repository/org/apache/ratis/ratis-thirdparty-misc/0.2.0/ratis-thirdparty-misc-0.2.0.jar:/root/.m2/repository/org/apache/ratis/ratis-proto/0.4.0-fe2b15d-SNAPSHOT/ratis-proto-0.4.0-fe2b15d-SNAPSHOT.jar:/root/.m2/repository/org/apache/ratis/ratis-common/0.4.0-fe2b15d-SNAPSHOT/ratis-common-0.4.0-fe2b15d-SNAPSHOT.jar:/root/.m2/repository/org/apache/ratis/ratis-client/0.4.0-fe2b15d-SNAPSHOT/ratis-client-0.4.0-fe2b15d-SNAPSHOT.jar:/root/.m2/repository/org/apache/ratis/ratis-netty/0.4.0-fe2b15d-SNAPSHOT/ratis-netty-0.4.0-fe2b15d-SNAPSHOT.jar:/root/.m2/repository/org/apache/ratis/ratis-grpc/0.4.0-fe2b15d-SNAPSHOT/ratis-grpc-0.4.0-fe2b15d-SNAPSHOT.jar:/root/.m2/repository/org/rocksdb/rocksdbjni/5.14.2/rocksdbjni-5.14.2.jar:/root/.m2/repository/org/apache/logging/log4j/log4j-api/2.11.0/log4j-api-2.11.0.jar:/root/.m2/repository/org/apache/logging/log4j/log4j-core/2.11.0/log4j-core-2.11.0.jar:/root/.m2/repository/com/lmax/disruptor/3.4.2/disruptor-3.4.2.jar:/root/.m2/repository/org/apache/commons/commons-pool2/2.6.0/commons-pool2-2.6.0.jar:/root/.m2/repository/org/bouncycastle/bcpkix-jdk15on/1.60/bcpkix-jdk15on-1.60.jar:/root/.m2/repository/commons-validator/commons-validator/1.6/commons-validator-1.6.jar:/root/.m2/repository/commons-digester/commons-digester/1.8.1/commons-digester-1.8.1.jar:/root/.m2/repository/io/jaegertracing/jaeger-client/0.33.1/jaeger-client-0.33.1.jar:/root/.m2/repository/io/jaegertracing/jaeger-thrift/0.33.1/jaeger-thrift-0.33.1.jar:/root/.m2/repository/org/apache/thrift/libthrift/0.11.0/libthrift-0.11.0.jar:/root/.m2/repository/com/squareup/okhttp3/okhttp/3.9.0/okhttp-3.9.0.jar:/root/.m2/repository/com/squareup/okio/okio/1.13.0/okio-1.13.0.jar:/root/.m2/repository/io/jaegertracing/jaeger-core/0.33.1/jaeger-core-0.33.1.jar:/root/.m2/repository/io/jaegertracing/jaeger-tracerresolver/0.33.1/jaeger-tracerresolver-0.33.1.jar:/root/.m2/repository/io/opentracing/contrib/opentracing-tracerresolver/0.1.5/opentracing-tracerresolver-0.1.5.jar:/root/.m2/repository/io/opentracing/opentracing-util/0.31.0/opentracing-util-0.31.0.jar:/root/.m2/repository/io/opentracing/opentracing-api/0.31.0/opentracing-api-0.31.0.jar:/root/.m2/repository/io/opentracing/opentracing-noop/0.31.0/opentracing-noop-0.31.0.jar:/root/.m2/repository/org/apache/hadoop/hadoop-hdds-server-framework/0.5.0-SNAPSHOT/hadoop-hdds-server-framework-0.5.0-SNAPSHOT.jar:/root/.m2/repository/org/apache/hadoop/hadoop-hdds-server-scm/0.5.0-SNAPSHOT/hadoop-hdds-server-scm-0.5.0-SNAPSHOT.jar:/root/.m2/repository/org/apache/hadoop/hadoop-hdds-container-service/0.5.0-SNAPSHOT/hadoop-hdds-container-service-0.5.0-SNAPSHOT.jar:/root/.m2/repository/org/apache/hadoop/hadoop-hdds-client/0.5.0-SNAPSHOT/hadoop-hdds-client-0.5.0-SNAPSHOT.jar:/root/.m2/repository/org/apache/hadoop/hadoop-hdds-tools/0.5.0-SNAPSHOT/hadoop-hdds-tools-0.5.0-SNAPSHOT.jar:/root/.m2/repository/org/apache/hadoop/hadoop-ozone-ozone-manager/0.5.0-SNAPSHOT/hadoop-ozone-ozone-manager-0.5.0-SNAPSHOT.jar:/root/.m2/repository/org/apache/hadoop/hadoop-hdds-docs/0.5.0-SNAPSHOT/hadoop-hdds-docs-0.5.0-SNAPSHOT.jar:/root/.m2/repository/org/bouncycastle/bcprov-jdk15on/1.60/bcprov-jdk15on-1.60.jar:/root/.m2/repository/org/apache/hadoop/hadoop-minikdc/3.2.0/hadoop-minikdc-3.2.0.jar:/root/.m2/repository/commons-io/commons-io/2.5/commons-io-2.5.jar:/root/.m2/repository/org/apache/kerby/kerb-simplekdc/1.0.1/kerb-simplekdc-1.0.1.jar:/root/.m2/repository/org/apache/kerby/kerb-client/1.0.1/kerb-client-1.0.1.jar:/root/.m2/repository/org/apache/kerby/kerby-config/1.0.1/kerby-config-1.0.1.jar:/root/.m2/repository/org/apache/kerby/kerb-core/1.0.1/kerb-core-1.0.1.jar:/root/.m2/repository/org/apache/kerby/kerby-pkix/1.0.1/kerby-pkix-1.0.1.jar:/root/.m2/repository/org/apache/kerby/kerby-asn1/1.0.1/kerby-asn1-1.0.1.jar:/root/.m2/repository/org/apache/kerby/kerby-util/1.0.1/kerby-util-1.0.1.jar:/root/.m2/repository/org/apache/kerby/kerb-common/1.0.1/kerb-common-1.0.1.jar:/root/.m2/repository/org/apache/kerby/kerb-crypto/1.0.1/kerb-crypto-1.0.1.jar:/root/.m2/repository/org/apache/kerby/kerb-util/1.0.1/kerb-util-1.0.1.jar:/root/.m2/repository/org/apache/kerby/token-provider/1.0.1/token-provider-1.0.1.jar:/root/.m2/repository/org/apache/kerby/kerb-admin/1.0.1/kerb-admin-1.0.1.jar:/root/.m2/repository/org/apache/kerby/kerb-server/1.0.1/kerb-server-1.0.1.jar:/root/.m2/repository/org/apache/kerby/kerb-identity/1.0.1/kerb-identity-1.0.1.jar:/root/.m2/repository/org/apache/kerby/kerby-xdr/1.0.1/kerby-xdr-1.0.1.jar:/root/.m2/repository/org/slf4j/slf4j-log4j12/1.7.25/slf4j-log4j12-1.7.25.jar:/root/.m2/repository/org/apache/hadoop/hadoop-ozone-objectstore-service/0.5.0-SNAPSHOT/hadoop-ozone-objectstore-service-0.5.0-SNAPSHOT.jar:/root/.m2/repository/org/apache/hadoop/hadoop-ozone-s3gateway/0.5.0-SNAPSHOT/hadoop-ozone-s3gateway-0.5.0-SNAPSHOT.jar:/root/.m2/repository/org/jboss/weld/servlet/weld-servlet/2.4.7.Final/weld-servlet-2.4.7.Final.jar:/root/.m2/repository/org/glassfish/jersey/containers/jersey-container-servlet-core/2.27/jersey-container-servlet-core-2.27.jar:/root/.m2/repository/org/glassfish/hk2/external/javax.inject/2.5.0-b42/javax.inject-2.5.0-b42.jar:/root/.m2/repository/org/glassfish/jersey/core/jersey-common/2.27/jersey-common-2.27.jar:/root/.m2/repository/org/glassfish/hk2/osgi-resource-locator/1.0.1/osgi-resource-locator-1.0.1.jar:/root/.m2/repository/javax/ws/rs/javax.ws.rs-api/2.1/javax.ws.rs-api-2.1.jar:/root/.m2/repository/org/glassfish/jersey/ext/cdi/jersey-cdi1x/2.27/jersey-cdi1x-2.27.jar:/root/.m2/repository/org/glassfish/jersey/inject/jersey-hk2/2.27/jersey-hk2-2.27.jar:/root/.m2/repository/org/glassfish/hk2/hk2-locator/2.5.0-b42/hk2-locator-2.5.0-b42.jar:/root/.m2/repository/org/javassist/javassist/3.22.0-CR2/javassist-3.22.0-CR2.jar:/root/.m2/repository/org/glassfish/hk2/hk2-api/2.5.0/hk2-api-2.5.0.jar:/root/.m2/repository/org/glassfish/hk2/external/jakarta.inject/2.5.0/jakarta.inject-2.5.0.jar:/root/.m2/repository/org/glassfish/hk2/hk2-utils/2.5.0/hk2-utils-2.5.0.jar:/root/.m2/repository/jakarta/annotation/jakarta.annotation-api/1.3.4/jakarta.annotation-api-1.3.4.jar:/root/.m2/repository/org/glassfish/hk2/external/aopalliance-repackaged/2.5.0/aopalliance-repackaged-2.5.0.jar:/root/.m2/repository/com/fasterxml/jackson/dataformat/jackson-dataformat-xml/2.9.0/jackson-dataformat-xml-2.9.0.jar:/root/.m2/repository/com/fasterxml/jackson/core/jackson-core/2.9.5/jackson-core-2.9.5.jar:/root/.m2/repository/com/fasterxml/jackson/module/jackson-module-jaxb-annotations/2.9.5/jackson-module-jaxb-annotations-2.9.5.jar:/root/.m2/repository/javax/enterprise/cdi-api/1.2/cdi-api-1.2.jar:/root/.m2/repository/javax/el/javax.el-api/3.0.0/javax.el-api-3.0.0.jar:/root/.m2/repository/javax/interceptor/javax.interceptor-api/1.2/javax.interceptor-api-1.2.jar:/root/.m2/repository/javax/inject/javax.inject/1/javax.inject-1.jar:/root/.m2/repository/com/sun/xml/bind/jaxb-impl/2.3.0.1/jaxb-impl-2.3.0.1.jar:/root/.m2/repository/com/sun/xml/bind/jaxb-core/2.3.0.1/jaxb-core-2.3.0.1.jar:/root/.m2/repository/javax/xml/bind/jaxb-api/2.3.0/jaxb-api-2.3.0.jar:/root/.m2/repository/javax/activation/activation/1.1.1/activation-1.1.1.jar:/root/.m2/repository/org/apache/hadoop/hadoop-ozone-csi/0.5.0-SNAPSHOT/hadoop-ozone-csi-0.5.0-SNAPSHOT.jar:/root/.m2/repository/com/google/protobuf/protobuf-java-util/3.5.1/protobuf-java-util-3.5.1.jar:/root/.m2/repository/org/apache/hadoop/hadoop-hdds-config/0.5.0-SNAPSHOT/hadoop-hdds-config-0.5.0-SNAPSHOT.jar:/root/.m2/repository/com/google/guava/guava/11.0.2/guava-11.0.2.jar:/root/.m2/repository/com/google/protobuf/protobuf-java/2.5.0/protobuf-java-2.5.0.jar:/root/.m2/repository/io/grpc/grpc-netty/1.17.1/grpc-netty-1.17.1.jar:/root/.m2/repository/io/grpc/grpc-core/1.17.1/grpc-core-1.17.1.jar:/root/.m2/repository/io/grpc/grpc-context/1.17.1/grpc-context-1.17.1.jar:/root/.m2/repository/com/google/errorprone/error_prone_annotations/2.2.0/error_prone_annotations-2.2.0.jar:/root/.m2/repository/org/codehaus/mojo/animal-sniffer-annotations/1.17/animal-sniffer-annotations-1.17.jar:/root/.m2/repository/io/opencensus/opencensus-api/0.17.0/opencensus-api-0.17.0.jar:/root/.m2/repository/io/opencensus/opencensus-contrib-grpc-metrics/0.17.0/opencensus-contrib-grpc-metrics-0.17.0.jar:/root/.m2/repository/io/netty/netty-codec-http2/4.1.30.Final/netty-codec-http2-4.1.30.Final.jar:/root/.m2/repository/io/netty/netty-codec-http/4.1.30.Final/netty-codec-http-4.1.30.Final.jar:/root/.m2/repository/io/netty/netty-codec/4.1.30.Final/netty-codec-4.1.30.Final.jar:/root/.m2/repository/io/netty/netty-handler/4.1.30.Final/netty-handler-4.1.30.Final.jar:/root/.m2/repository/io/netty/netty-handler-proxy/4.1.30.Final/netty-handler-proxy-4.1.30.Final.jar:/root/.m2/repository/io/netty/netty-codec-socks/4.1.30.Final/netty-codec-socks-4.1.30.Final.jar:/root/.m2/repository/io/netty/netty-transport-native-epoll/4.1.30.Final/netty-transport-native-epoll-4.1.30.Final.jar:/root/.m2/repository/io/netty/netty-common/4.1.30.Final/netty-common-4.1.30.Final.jar:/root/.m2/repository/io/netty/netty-buffer/4.1.30.Final/netty-buffer-4.1.30.Final.jar:/root/.m2/repository/io/netty/netty-transport/4.1.30.Final/netty-transport-4.1.30.Final.jar:/root/.m2/repository/io/netty/netty-resolver/4.1.30.Final/netty-resolver-4.1.30.Final.jar:/root/.m2/repository/io/netty/netty-transport-native-unix-common/4.1.30.Final/netty-transport-native-unix-common-4.1.30.Final.jar:/root/.m2/repository/io/grpc/grpc-protobuf/1.17.1/grpc-protobuf-1.17.1.jar:/root/.m2/repository/com/google/api/grpc/proto-google-common-protos/1.0.0/proto-google-common-protos-1.0.0.jar:/root/.m2/repository/io/grpc/grpc-protobuf-lite/1.17.1/grpc-protobuf-lite-1.17.1.jar:/root/.m2/repository/io/grpc/grpc-stub/1.17.1/grpc-stub-1.17.1.jar:/root/.m2/repository/org/apache/hadoop/hadoop-ozone-recon/0.5.0-SNAPSHOT/hadoop-ozone-recon-0.5.0-SNAPSHOT.jar:/root/.m2/repository/org/apache/hadoop/hadoop-ozone-reconcodegen/0.5.0-SNAPSHOT/hadoop-ozone-reconcodegen-0.5.0-SNAPSHOT.jar:/root/.m2/repository/com/google/inject/extensions/guice-multibindings/4.0/guice-multibindings-4.0.jar:/root/.m2/repository/com/google/inject/guice/4.0/guice-4.0.jar:/root/.m2/repository/aopalliance/aopalliance/1.0/aopalliance-1.0.jar:/root/.m2/repository/com/google/inject/extensions/guice-servlet/4.0/guice-servlet-4.0.jar:/root/.m2/repository/org/glassfish/jersey/containers/jersey-container-servlet/2.27/jersey-container-servlet-2.27.jar:/root/.m2/repository/org/glassfish/hk2/guice-bridge/2.5.0/guice-bridge-2.5.0.jar:/root/.m2/repository/org/glassfish/jersey/core/jersey-server/2.27/jersey-server-2.27.jar:/root/.m2/repository/org/glassfish/jersey/core/jersey-client/2.27/jersey-client-2.27.jar:/root/.m2/repository/org/glassfish/jersey/media/jersey-media-jaxb/2.27/jersey-media-jaxb-2.27.jar:/root/.m2/repository/javax/validation/validation-api/1.1.0.Final/validation-api-1.1.0.Final.jar:/root/.m2/repository/org/glassfish/jersey/media/jersey-media-json-jackson/2.27/jersey-media-json-jackson-2.27.jar:/root/.m2/repository/org/glassfish/jersey/ext/jersey-entity-filtering/2.27/jersey-entity-filtering-2.27.jar:/root/.m2/repository/com/google/inject/extensions/guice-assistedinject/4.0/guice-assistedinject-4.0.jar:/root/.m2/repository/org/jooq/jooq/3.11.10/jooq-3.11.10.jar:/root/.m2/repository/org/jooq/jooq-meta/3.11.10/jooq-meta-3.11.10.jar:/root/.m2/repository/org/jooq/jooq-codegen/3.11.10/jooq-codegen-3.11.10.jar:/root/.m2/repository/com/jolbox/bonecp/0.8.0.RELEASE/bonecp-0.8.0.RELEASE.jar:/root/.m2/repository/org/xerial/sqlite-jdbc/3.25.2/sqlite-jdbc-3.25.2.jar:/root/.m2/repository/org/springframework/spring-jdbc/5.1.3.RELEASE/spring-jdbc-5.1.3.RELEASE.jar:/root/.m2/repository/org/springframework/spring-beans/5.1.3.RELEASE/spring-beans-5.1.3.RELEASE.jar:/root/.m2/repository/org/springframework/spring-core/5.1.3.RELEASE/spring-core-5.1.3.RELEASE.jar:/root/.m2/repository/org/springframework/spring-jcl/5.1.3.RELEASE/spring-jcl-5.1.3.RELEASE.jar:/root/.m2/repository/org/springframework/spring-tx/5.1.3.RELEASE/spring-tx-5.1.3.RELEASE.jar:/root/.m2/repository/org/apache/hadoop/hadoop-ozone-client/0.5.0-SNAPSHOT/hadoop-ozone-client-0.5.0-SNAPSHOT.jar:/root/.m2/repository/org/apache/hadoop/hadoop-ozone-ozone-manager/0.5.0-SNAPSHOT/hadoop-ozone-ozone-manager-0.5.0-SNAPSHOT-tests.jar:/root/.m2/repository/junit/junit/4.11/junit-4.11.jar:/root/.m2/repository/org/hamcrest/hamcrest-core/1.3/hamcrest-core-1.3.jar:/root/.m2/repository/org/openjdk/jmh/jmh-core/1.19/jmh-core-1.19.jar:/root/.m2/repository/net/sf/jopt-simple/jopt-simple/4.6/jopt-simple-4.6.jar:/root/.m2/repository/org/apache/commons/commons-math3/3.1.1/commons-math3-3.1.1.jar:/root/.m2/repository/org/openjdk/jmh/jmh-generator-annprocess/1.19/jmh-generator-annprocess-1.19.jar:/root/.m2/repository/org/mockito/mockito-all/1.8.5/mockito-all-1.8.5.jar:/root/.m2/repository/org/apache/hadoop/hadoop-kms/3.2.0/hadoop-kms-3.2.0.jar:/root/.m2/repository/org/apache/hadoop/hadoop-auth/3.2.0/hadoop-auth-3.2.0.jar:/root/.m2/repository/com/nimbusds/nimbus-jose-jwt/4.41.1/nimbus-jose-jwt-4.41.1.jar:/root/.m2/repository/com/github/stephenc/jcip/jcip-annotations/1.0-1/jcip-annotations-1.0-1.jar:/root/.m2/repository/net/minidev/json-smart/2.3/json-smart-2.3.jar:/root/.m2/repository/net/minidev/accessors-smart/1.2/accessors-smart-1.2.jar:/root/.m2/repository/org/ow2/asm/asm/5.0.4/asm-5.0.4.jar:/root/.m2/repository/org/apache/curator/curator-framework/2.12.0/curator-framework-2.12.0.jar:/root/.m2/repository/com/sun/jersey/jersey-core/1.19/jersey-core-1.19.jar:/root/.m2/repository/javax/ws/rs/jsr311-api/1.1.1/jsr311-api-1.1.1.jar:/root/.m2/repository/com/sun/jersey/jersey-server/1.19/jersey-server-1.19.jar:/root/.m2/repository/javax/servlet/javax.servlet-api/3.1.0/javax.servlet-api-3.1.0.jar:/root/.m2/repository/org/eclipse/jetty/jetty-server/9.3.24.v20180605/jetty-server-9.3.24.v20180605.jar:/root/.m2/repository/org/eclipse/jetty/jetty-http/9.3.24.v20180605/jetty-http-9.3.24.v20180605.jar:/root/.m2/repository/org/eclipse/jetty/jetty-io/9.3.24.v20180605/jetty-io-9.3.24.v20180605.jar:/root/.m2/repository/org/eclipse/jetty/jetty-webapp/9.3.24.v20180605/jetty-webapp-9.3.24.v20180605.jar:/root/.m2/repository/org/eclipse/jetty/jetty-xml/9.3.24.v20180605/jetty-xml-9.3.24.v20180605.jar:/root/.m2/repository/log4j/log4j/1.2.17/log4j-1.2.17.jar:/root/.m2/repository/org/slf4j/slf4j-api/1.7.25/slf4j-api-1.7.25.jar:/root/.m2/repository/org/slf4j/jul-to-slf4j/1.7.25/jul-to-slf4j-1.7.25.jar:/root/.m2/repository/org/eclipse/jetty/jetty-util/9.3.24.v20180605/jetty-util-9.3.24.v20180605.jar:/root/.m2/repository/io/dropwizard/metrics/metrics-core/3.2.4/metrics-core-3.2.4.jar:/root/.m2/repository/com/fasterxml/jackson/core/jackson-databind/2.9.5/jackson-databind-2.9.5.jar:/root/.m2/repository/org/apache/hadoop/hadoop-kms/3.2.0/hadoop-kms-3.2.0-tests.jar:/root/.m2/repository/org/apache/hadoop/hadoop-hdds-server-scm/0.5.0-SNAPSHOT/hadoop-hdds-server-scm-0.5.0-SNAPSHOT-tests.jar:/root/.m2/repository/org/hamcrest/hamcrest-all/1.3/hamcrest-all-1.3.jar:/root/.m2/repository/info/picocli/picocli/3.9.6/picocli-3.9.6.jar:/root/.m2/repository/org/apache/hadoop/hadoop-hdds-container-service/0.5.0-SNAPSHOT/hadoop-hdds-container-service-0.5.0-SNAPSHOT-tests.jar:/root/.m2/repository/org/yaml/snakeyaml/1.16/snakeyaml-1.16.jar:/root/.m2/repository/org/apache/hadoop/hadoop-common/3.2.0/hadoop-common-3.2.0-tests.jar:/root/.m2/repository/org/apache/hadoop/hadoop-annotations/3.2.0/hadoop-annotations-3.2.0.jar:/usr/lib/jvm/java-1.8-openjdk/jre/../lib/tools.jar:/root/.m2/repository/commons-cli/commons-cli/1.2/commons-cli-1.2.jar:/root/.m2/repository/org/apache/httpcomponents/httpclient/4.5.2/httpclient-4.5.2.jar:/root/.m2/repository/org/apache/httpcomponents/httpcore/4.4.4/httpcore-4.4.4.jar:/root/.m2/repository/commons-codec/commons-codec/1.11/commons-codec-1.11.jar:/root/.m2/repository/commons-net/commons-net/3.6/commons-net-3.6.jar:/root/.m2/repository/commons-collections/commons-collections/3.2.2/commons-collections-3.2.2.jar:/root/.m2/repository/org/eclipse/jetty/jetty-servlet/9.3.24.v20180605/jetty-servlet-9.3.24.v20180605.jar:/root/.m2/repository/org/eclipse/jetty/jetty-security/9.3.24.v20180605/jetty-security-9.3.24.v20180605.jar:/root/.m2/repository/javax/servlet/jsp/jsp-api/2.1/jsp-api-2.1.jar:/root/.m2/repository/com/sun/jersey/jersey-servlet/1.19/jersey-servlet-1.19.jar:/root/.m2/repository/com/sun/jersey/jersey-json/1.19/jersey-json-1.19.jar:/root/.m2/repository/org/codehaus/jettison/jettison/1.1/jettison-1.1.jar:/root/.m2/repository/org/codehaus/jackson/jackson-core-asl/1.9.13/jackson-core-asl-1.9.13.jar:/root/.m2/repository/org/codehaus/jackson/jackson-mapper-asl/1.9.13/jackson-mapper-asl-1.9.13.jar:/root/.m2/repository/org/codehaus/jackson/jackson-jaxrs/1.9.13/jackson-jaxrs-1.9.13.jar:/root/.m2/repository/org/codehaus/jackson/jackson-xc/1.9.13/jackson-xc-1.9.13.jar:/root/.m2/repository/commons-logging/commons-logging/1.1.3/commons-logging-1.1.3.jar:/root/.m2/repository/commons-beanutils/commons-beanutils/1.9.3/commons-beanutils-1.9.3.jar:/root/.m2/repository/org/apache/commons/commons-configuration2/2.1.1/commons-configuration2-2.1.1.jar:/root/.m2/repository/org/apache/commons/commons-lang3/3.7/commons-lang3-3.7.jar:/root/.m2/repository/org/apache/commons/commons-text/1.4/commons-text-1.4.jar:/root/.m2/repository/org/apache/avro/avro/1.7.7/avro-1.7.7.jar:/root/.m2/repository/com/thoughtworks/paranamer/paranamer/2.3/paranamer-2.3.jar:/root/.m2/repository/org/xerial/snappy/snappy-java/1.0.5/snappy-java-1.0.5.jar:/root/.m2/repository/com/google/re2j/re2j/1.1/re2j-1.1.jar:/root/.m2/repository/com/google/code/gson/gson/2.2.4/gson-2.2.4.jar:/root/.m2/repository/com/jcraft/jsch/0.1.54/jsch-0.1.54.jar:/root/.m2/repository/org/apache/curator/curator-client/2.12.0/curator-client-2.12.0.jar:/root/.m2/repository/org/apache/curator/curator-recipes/2.12.0/curator-recipes-2.12.0.jar:/root/.m2/repository/com/google/code/findbugs/jsr305/3.0.0/jsr305-3.0.0.jar:/root/.m2/repository/org/apache/htrace/htrace-core4/4.1.0-incubating/htrace-core4-4.1.0-incubating.jar:/root/.m2/repository/org/apache/zookeeper/zookeeper/3.4.13/zookeeper-3.4.13.jar:/root/.m2/repository/org/apache/yetus/audience-annotations/0.5.0/audience-annotations-0.5.0.jar:/root/.m2/repository/org/codehaus/woodstox/stax2-api/3.1.4/stax2-api-3.1.4.jar:/root/.m2/repository/com/fasterxml/woodstox/woodstox-core/5.0.3/woodstox-core-5.0.3.jar:/root/.m2/repository/dnsjava/dnsjava/2.1.7/dnsjava-2.1.7.jar:/root/.m2/repository/org/apache/hadoop/hadoop-hdfs/3.2.0/hadoop-hdfs-3.2.0-tests.jar:/root/.m2/repository/org/eclipse/jetty/jetty-util-ajax/9.3.24.v20180605/jetty-util-ajax-9.3.24.v20180605.jar:/root/.m2/repository/commons-daemon/commons-daemon/1.0.13/commons-daemon-1.0.13.jar:/root/.m2/repository/io/netty/netty/3.10.5.Final/netty-3.10.5.Final.jar:/root/.m2/repository/io/netty/netty-all/4.0.52.Final/netty-all-4.0.52.Final.jar:/root/.m2/repository/org/fusesource/leveldbjni/leveldbjni-all/1.8/leveldbjni-all-1.8.jar:"/>
    <property name="java.vm.vendor" value="IcedTea"/>
    <property name="sun.arch.data.model" value="64"/>
    <property name="test.build.dir" value="/opt/src/hadoop-ozone/integration-test/target/test-dir"/>
    <property name="test.cache.data" value=""/>
    <property name="java.vendor.url" value="https://icedtea.classpath.org"/>
    <property name="user.timezone" value=""/>
    <property name="java.vm.specification.version" value="1.8"/>
    <property name="os.name" value="Linux"/>
    <property name="test.build.data" value="/opt/src/hadoop-ozone/integration-test/target/test-dir"/>
    <property name="user.country" value="US"/>
    <property name="sun.java.launcher" value="SUN_STANDARD"/>
    <property name="sun.boot.library.path" value="/usr/lib/jvm/java-1.8-openjdk/jre/lib/amd64"/>
    <property name="sun.java.command" value="/opt/src/hadoop-ozone/integration-test/target/surefire/surefirebooter3498687383647188849.jar /opt/src/hadoop-ozone/integration-test/target/surefire 2019-06-13T13-24-04_925-jvmRun1 surefire2265477066070737847tmp surefire_12145847498459089084tmp"/>
    <property name="surefire.test.class.path" value="/opt/src/hadoop-ozone/integration-test/target/test-classes:/opt/src/hadoop-ozone/integration-test/target/classes:/root/.m2/repository/org/apache/hadoop/hadoop-ozone-common/0.5.0-SNAPSHOT/hadoop-ozone-common-0.5.0-SNAPSHOT.jar:/root/.m2/repository/org/apache/commons/commons-compress/1.4.1/commons-compress-1.4.1.jar:/root/.m2/repository/org/tukaani/xz/1.0/xz-1.0.jar:/root/.m2/repository/org/apache/hadoop/hadoop-common/3.2.0/hadoop-common-3.2.0.jar:/root/.m2/repository/org/apache/hadoop/hadoop-hdfs/3.2.0/hadoop-hdfs-3.2.0.jar:/root/.m2/repository/org/apache/hadoop/hadoop-hdfs-client/3.2.0/hadoop-hdfs-client-3.2.0.jar:/root/.m2/repository/com/fasterxml/jackson/core/jackson-annotations/2.9.5/jackson-annotations-2.9.5.jar:/root/.m2/repository/org/apache/hadoop/hadoop-hdds-common/0.5.0-SNAPSHOT/hadoop-hdds-common-0.5.0-SNAPSHOT.jar:/root/.m2/repository/javax/annotation/javax.annotation-api/1.2/javax.annotation-api-1.2.jar:/root/.m2/repository/org/apache/ratis/ratis-server/0.4.0-fe2b15d-SNAPSHOT/ratis-server-0.4.0-fe2b15d-SNAPSHOT.jar:/root/.m2/repository/org/apache/ratis/ratis-thirdparty-misc/0.2.0/ratis-thirdparty-misc-0.2.0.jar:/root/.m2/repository/org/apache/ratis/ratis-proto/0.4.0-fe2b15d-SNAPSHOT/ratis-proto-0.4.0-fe2b15d-SNAPSHOT.jar:/root/.m2/repository/org/apache/ratis/ratis-common/0.4.0-fe2b15d-SNAPSHOT/ratis-common-0.4.0-fe2b15d-SNAPSHOT.jar:/root/.m2/repository/org/apache/ratis/ratis-client/0.4.0-fe2b15d-SNAPSHOT/ratis-client-0.4.0-fe2b15d-SNAPSHOT.jar:/root/.m2/repository/org/apache/ratis/ratis-netty/0.4.0-fe2b15d-SNAPSHOT/ratis-netty-0.4.0-fe2b15d-SNAPSHOT.jar:/root/.m2/repository/org/apache/ratis/ratis-grpc/0.4.0-fe2b15d-SNAPSHOT/ratis-grpc-0.4.0-fe2b15d-SNAPSHOT.jar:/root/.m2/repository/org/rocksdb/rocksdbjni/5.14.2/rocksdbjni-5.14.2.jar:/root/.m2/repository/org/apache/logging/log4j/log4j-api/2.11.0/log4j-api-2.11.0.jar:/root/.m2/repository/org/apache/logging/log4j/log4j-core/2.11.0/log4j-core-2.11.0.jar:/root/.m2/repository/com/lmax/disruptor/3.4.2/disruptor-3.4.2.jar:/root/.m2/repository/org/apache/commons/commons-pool2/2.6.0/commons-pool2-2.6.0.jar:/root/.m2/repository/org/bouncycastle/bcpkix-jdk15on/1.60/bcpkix-jdk15on-1.60.jar:/root/.m2/repository/commons-validator/commons-validator/1.6/commons-validator-1.6.jar:/root/.m2/repository/commons-digester/commons-digester/1.8.1/commons-digester-1.8.1.jar:/root/.m2/repository/io/jaegertracing/jaeger-client/0.33.1/jaeger-client-0.33.1.jar:/root/.m2/repository/io/jaegertracing/jaeger-thrift/0.33.1/jaeger-thrift-0.33.1.jar:/root/.m2/repository/org/apache/thrift/libthrift/0.11.0/libthrift-0.11.0.jar:/root/.m2/repository/com/squareup/okhttp3/okhttp/3.9.0/okhttp-3.9.0.jar:/root/.m2/repository/com/squareup/okio/okio/1.13.0/okio-1.13.0.jar:/root/.m2/repository/io/jaegertracing/jaeger-core/0.33.1/jaeger-core-0.33.1.jar:/root/.m2/repository/io/jaegertracing/jaeger-tracerresolver/0.33.1/jaeger-tracerresolver-0.33.1.jar:/root/.m2/repository/io/opentracing/contrib/opentracing-tracerresolver/0.1.5/opentracing-tracerresolver-0.1.5.jar:/root/.m2/repository/io/opentracing/opentracing-util/0.31.0/opentracing-util-0.31.0.jar:/root/.m2/repository/io/opentracing/opentracing-api/0.31.0/opentracing-api-0.31.0.jar:/root/.m2/repository/io/opentracing/opentracing-noop/0.31.0/opentracing-noop-0.31.0.jar:/root/.m2/repository/org/apache/hadoop/hadoop-hdds-server-framework/0.5.0-SNAPSHOT/hadoop-hdds-server-framework-0.5.0-SNAPSHOT.jar:/root/.m2/repository/org/apache/hadoop/hadoop-hdds-server-scm/0.5.0-SNAPSHOT/hadoop-hdds-server-scm-0.5.0-SNAPSHOT.jar:/root/.m2/repository/org/apache/hadoop/hadoop-hdds-container-service/0.5.0-SNAPSHOT/hadoop-hdds-container-service-0.5.0-SNAPSHOT.jar:/root/.m2/repository/org/apache/hadoop/hadoop-hdds-client/0.5.0-SNAPSHOT/hadoop-hdds-client-0.5.0-SNAPSHOT.jar:/root/.m2/repository/org/apache/hadoop/hadoop-hdds-tools/0.5.0-SNAPSHOT/hadoop-hdds-tools-0.5.0-SNAPSHOT.jar:/root/.m2/repository/org/apache/hadoop/hadoop-ozone-ozone-manager/0.5.0-SNAPSHOT/hadoop-ozone-ozone-manager-0.5.0-SNAPSHOT.jar:/root/.m2/repository/org/apache/hadoop/hadoop-hdds-docs/0.5.0-SNAPSHOT/hadoop-hdds-docs-0.5.0-SNAPSHOT.jar:/root/.m2/repository/org/bouncycastle/bcprov-jdk15on/1.60/bcprov-jdk15on-1.60.jar:/root/.m2/repository/org/apache/hadoop/hadoop-minikdc/3.2.0/hadoop-minikdc-3.2.0.jar:/root/.m2/repository/commons-io/commons-io/2.5/commons-io-2.5.jar:/root/.m2/repository/org/apache/kerby/kerb-simplekdc/1.0.1/kerb-simplekdc-1.0.1.jar:/root/.m2/repository/org/apache/kerby/kerb-client/1.0.1/kerb-client-1.0.1.jar:/root/.m2/repository/org/apache/kerby/kerby-config/1.0.1/kerby-config-1.0.1.jar:/root/.m2/repository/org/apache/kerby/kerb-core/1.0.1/kerb-core-1.0.1.jar:/root/.m2/repository/org/apache/kerby/kerby-pkix/1.0.1/kerby-pkix-1.0.1.jar:/root/.m2/repository/org/apache/kerby/kerby-asn1/1.0.1/kerby-asn1-1.0.1.jar:/root/.m2/repository/org/apache/kerby/kerby-util/1.0.1/kerby-util-1.0.1.jar:/root/.m2/repository/org/apache/kerby/kerb-common/1.0.1/kerb-common-1.0.1.jar:/root/.m2/repository/org/apache/kerby/kerb-crypto/1.0.1/kerb-crypto-1.0.1.jar:/root/.m2/repository/org/apache/kerby/kerb-util/1.0.1/kerb-util-1.0.1.jar:/root/.m2/repository/org/apache/kerby/token-provider/1.0.1/token-provider-1.0.1.jar:/root/.m2/repository/org/apache/kerby/kerb-admin/1.0.1/kerb-admin-1.0.1.jar:/root/.m2/repository/org/apache/kerby/kerb-server/1.0.1/kerb-server-1.0.1.jar:/root/.m2/repository/org/apache/kerby/kerb-identity/1.0.1/kerb-identity-1.0.1.jar:/root/.m2/repository/org/apache/kerby/kerby-xdr/1.0.1/kerby-xdr-1.0.1.jar:/root/.m2/repository/org/slf4j/slf4j-log4j12/1.7.25/slf4j-log4j12-1.7.25.jar:/root/.m2/repository/org/apache/hadoop/hadoop-ozone-objectstore-service/0.5.0-SNAPSHOT/hadoop-ozone-objectstore-service-0.5.0-SNAPSHOT.jar:/root/.m2/repository/org/apache/hadoop/hadoop-ozone-s3gateway/0.5.0-SNAPSHOT/hadoop-ozone-s3gateway-0.5.0-SNAPSHOT.jar:/root/.m2/repository/org/jboss/weld/servlet/weld-servlet/2.4.7.Final/weld-servlet-2.4.7.Final.jar:/root/.m2/repository/org/glassfish/jersey/containers/jersey-container-servlet-core/2.27/jersey-container-servlet-core-2.27.jar:/root/.m2/repository/org/glassfish/hk2/external/javax.inject/2.5.0-b42/javax.inject-2.5.0-b42.jar:/root/.m2/repository/org/glassfish/jersey/core/jersey-common/2.27/jersey-common-2.27.jar:/root/.m2/repository/org/glassfish/hk2/osgi-resource-locator/1.0.1/osgi-resource-locator-1.0.1.jar:/root/.m2/repository/javax/ws/rs/javax.ws.rs-api/2.1/javax.ws.rs-api-2.1.jar:/root/.m2/repository/org/glassfish/jersey/ext/cdi/jersey-cdi1x/2.27/jersey-cdi1x-2.27.jar:/root/.m2/repository/org/glassfish/jersey/inject/jersey-hk2/2.27/jersey-hk2-2.27.jar:/root/.m2/repository/org/glassfish/hk2/hk2-locator/2.5.0-b42/hk2-locator-2.5.0-b42.jar:/root/.m2/repository/org/javassist/javassist/3.22.0-CR2/javassist-3.22.0-CR2.jar:/root/.m2/repository/org/glassfish/hk2/hk2-api/2.5.0/hk2-api-2.5.0.jar:/root/.m2/repository/org/glassfish/hk2/external/jakarta.inject/2.5.0/jakarta.inject-2.5.0.jar:/root/.m2/repository/org/glassfish/hk2/hk2-utils/2.5.0/hk2-utils-2.5.0.jar:/root/.m2/repository/jakarta/annotation/jakarta.annotation-api/1.3.4/jakarta.annotation-api-1.3.4.jar:/root/.m2/repository/org/glassfish/hk2/external/aopalliance-repackaged/2.5.0/aopalliance-repackaged-2.5.0.jar:/root/.m2/repository/com/fasterxml/jackson/dataformat/jackson-dataformat-xml/2.9.0/jackson-dataformat-xml-2.9.0.jar:/root/.m2/repository/com/fasterxml/jackson/core/jackson-core/2.9.5/jackson-core-2.9.5.jar:/root/.m2/repository/com/fasterxml/jackson/module/jackson-module-jaxb-annotations/2.9.5/jackson-module-jaxb-annotations-2.9.5.jar:/root/.m2/repository/javax/enterprise/cdi-api/1.2/cdi-api-1.2.jar:/root/.m2/repository/javax/el/javax.el-api/3.0.0/javax.el-api-3.0.0.jar:/root/.m2/repository/javax/interceptor/javax.interceptor-api/1.2/javax.interceptor-api-1.2.jar:/root/.m2/repository/javax/inject/javax.inject/1/javax.inject-1.jar:/root/.m2/repository/com/sun/xml/bind/jaxb-impl/2.3.0.1/jaxb-impl-2.3.0.1.jar:/root/.m2/repository/com/sun/xml/bind/jaxb-core/2.3.0.1/jaxb-core-2.3.0.1.jar:/root/.m2/repository/javax/xml/bind/jaxb-api/2.3.0/jaxb-api-2.3.0.jar:/root/.m2/repository/javax/activation/activation/1.1.1/activation-1.1.1.jar:/root/.m2/repository/org/apache/hadoop/hadoop-ozone-csi/0.5.0-SNAPSHOT/hadoop-ozone-csi-0.5.0-SNAPSHOT.jar:/root/.m2/repository/com/google/protobuf/protobuf-java-util/3.5.1/protobuf-java-util-3.5.1.jar:/root/.m2/repository/org/apache/hadoop/hadoop-hdds-config/0.5.0-SNAPSHOT/hadoop-hdds-config-0.5.0-SNAPSHOT.jar:/root/.m2/repository/com/google/guava/guava/11.0.2/guava-11.0.2.jar:/root/.m2/repository/com/google/protobuf/protobuf-java/2.5.0/protobuf-java-2.5.0.jar:/root/.m2/repository/io/grpc/grpc-netty/1.17.1/grpc-netty-1.17.1.jar:/root/.m2/repository/io/grpc/grpc-core/1.17.1/grpc-core-1.17.1.jar:/root/.m2/repository/io/grpc/grpc-context/1.17.1/grpc-context-1.17.1.jar:/root/.m2/repository/com/google/errorprone/error_prone_annotations/2.2.0/error_prone_annotations-2.2.0.jar:/root/.m2/repository/org/codehaus/mojo/animal-sniffer-annotations/1.17/animal-sniffer-annotations-1.17.jar:/root/.m2/repository/io/opencensus/opencensus-api/0.17.0/opencensus-api-0.17.0.jar:/root/.m2/repository/io/opencensus/opencensus-contrib-grpc-metrics/0.17.0/opencensus-contrib-grpc-metrics-0.17.0.jar:/root/.m2/repository/io/netty/netty-codec-http2/4.1.30.Final/netty-codec-http2-4.1.30.Final.jar:/root/.m2/repository/io/netty/netty-codec-http/4.1.30.Final/netty-codec-http-4.1.30.Final.jar:/root/.m2/repository/io/netty/netty-codec/4.1.30.Final/netty-codec-4.1.30.Final.jar:/root/.m2/repository/io/netty/netty-handler/4.1.30.Final/netty-handler-4.1.30.Final.jar:/root/.m2/repository/io/netty/netty-handler-proxy/4.1.30.Final/netty-handler-proxy-4.1.30.Final.jar:/root/.m2/repository/io/netty/netty-codec-socks/4.1.30.Final/netty-codec-socks-4.1.30.Final.jar:/root/.m2/repository/io/netty/netty-transport-native-epoll/4.1.30.Final/netty-transport-native-epoll-4.1.30.Final.jar:/root/.m2/repository/io/netty/netty-common/4.1.30.Final/netty-common-4.1.30.Final.jar:/root/.m2/repository/io/netty/netty-buffer/4.1.30.Final/netty-buffer-4.1.30.Final.jar:/root/.m2/repository/io/netty/netty-transport/4.1.30.Final/netty-transport-4.1.30.Final.jar:/root/.m2/repository/io/netty/netty-resolver/4.1.30.Final/netty-resolver-4.1.30.Final.jar:/root/.m2/repository/io/netty/netty-transport-native-unix-common/4.1.30.Final/netty-transport-native-unix-common-4.1.30.Final.jar:/root/.m2/repository/io/grpc/grpc-protobuf/1.17.1/grpc-protobuf-1.17.1.jar:/root/.m2/repository/com/google/api/grpc/proto-google-common-protos/1.0.0/proto-google-common-protos-1.0.0.jar:/root/.m2/repository/io/grpc/grpc-protobuf-lite/1.17.1/grpc-protobuf-lite-1.17.1.jar:/root/.m2/repository/io/grpc/grpc-stub/1.17.1/grpc-stub-1.17.1.jar:/root/.m2/repository/org/apache/hadoop/hadoop-ozone-recon/0.5.0-SNAPSHOT/hadoop-ozone-recon-0.5.0-SNAPSHOT.jar:/root/.m2/repository/org/apache/hadoop/hadoop-ozone-reconcodegen/0.5.0-SNAPSHOT/hadoop-ozone-reconcodegen-0.5.0-SNAPSHOT.jar:/root/.m2/repository/com/google/inject/extensions/guice-multibindings/4.0/guice-multibindings-4.0.jar:/root/.m2/repository/com/google/inject/guice/4.0/guice-4.0.jar:/root/.m2/repository/aopalliance/aopalliance/1.0/aopalliance-1.0.jar:/root/.m2/repository/com/google/inject/extensions/guice-servlet/4.0/guice-servlet-4.0.jar:/root/.m2/repository/org/glassfish/jersey/containers/jersey-container-servlet/2.27/jersey-container-servlet-2.27.jar:/root/.m2/repository/org/glassfish/hk2/guice-bridge/2.5.0/guice-bridge-2.5.0.jar:/root/.m2/repository/org/glassfish/jersey/core/jersey-server/2.27/jersey-server-2.27.jar:/root/.m2/repository/org/glassfish/jersey/core/jersey-client/2.27/jersey-client-2.27.jar:/root/.m2/repository/org/glassfish/jersey/media/jersey-media-jaxb/2.27/jersey-media-jaxb-2.27.jar:/root/.m2/repository/javax/validation/validation-api/1.1.0.Final/validation-api-1.1.0.Final.jar:/root/.m2/repository/org/glassfish/jersey/media/jersey-media-json-jackson/2.27/jersey-media-json-jackson-2.27.jar:/root/.m2/repository/org/glassfish/jersey/ext/jersey-entity-filtering/2.27/jersey-entity-filtering-2.27.jar:/root/.m2/repository/com/google/inject/extensions/guice-assistedinject/4.0/guice-assistedinject-4.0.jar:/root/.m2/repository/org/jooq/jooq/3.11.10/jooq-3.11.10.jar:/root/.m2/repository/org/jooq/jooq-meta/3.11.10/jooq-meta-3.11.10.jar:/root/.m2/repository/org/jooq/jooq-codegen/3.11.10/jooq-codegen-3.11.10.jar:/root/.m2/repository/com/jolbox/bonecp/0.8.0.RELEASE/bonecp-0.8.0.RELEASE.jar:/root/.m2/repository/org/xerial/sqlite-jdbc/3.25.2/sqlite-jdbc-3.25.2.jar:/root/.m2/repository/org/springframework/spring-jdbc/5.1.3.RELEASE/spring-jdbc-5.1.3.RELEASE.jar:/root/.m2/repository/org/springframework/spring-beans/5.1.3.RELEASE/spring-beans-5.1.3.RELEASE.jar:/root/.m2/repository/org/springframework/spring-core/5.1.3.RELEASE/spring-core-5.1.3.RELEASE.jar:/root/.m2/repository/org/springframework/spring-jcl/5.1.3.RELEASE/spring-jcl-5.1.3.RELEASE.jar:/root/.m2/repository/org/springframework/spring-tx/5.1.3.RELEASE/spring-tx-5.1.3.RELEASE.jar:/root/.m2/repository/org/apache/hadoop/hadoop-ozone-client/0.5.0-SNAPSHOT/hadoop-ozone-client-0.5.0-SNAPSHOT.jar:/root/.m2/repository/org/apache/hadoop/hadoop-ozone-ozone-manager/0.5.0-SNAPSHOT/hadoop-ozone-ozone-manager-0.5.0-SNAPSHOT-tests.jar:/root/.m2/repository/junit/junit/4.11/junit-4.11.jar:/root/.m2/repository/org/hamcrest/hamcrest-core/1.3/hamcrest-core-1.3.jar:/root/.m2/repository/org/openjdk/jmh/jmh-core/1.19/jmh-core-1.19.jar:/root/.m2/repository/net/sf/jopt-simple/jopt-simple/4.6/jopt-simple-4.6.jar:/root/.m2/repository/org/apache/commons/commons-math3/3.1.1/commons-math3-3.1.1.jar:/root/.m2/repository/org/openjdk/jmh/jmh-generator-annprocess/1.19/jmh-generator-annprocess-1.19.jar:/root/.m2/repository/org/mockito/mockito-all/1.8.5/mockito-all-1.8.5.jar:/root/.m2/repository/org/apache/hadoop/hadoop-kms/3.2.0/hadoop-kms-3.2.0.jar:/root/.m2/repository/org/apache/hadoop/hadoop-auth/3.2.0/hadoop-auth-3.2.0.jar:/root/.m2/repository/com/nimbusds/nimbus-jose-jwt/4.41.1/nimbus-jose-jwt-4.41.1.jar:/root/.m2/repository/com/github/stephenc/jcip/jcip-annotations/1.0-1/jcip-annotations-1.0-1.jar:/root/.m2/repository/net/minidev/json-smart/2.3/json-smart-2.3.jar:/root/.m2/repository/net/minidev/accessors-smart/1.2/accessors-smart-1.2.jar:/root/.m2/repository/org/ow2/asm/asm/5.0.4/asm-5.0.4.jar:/root/.m2/repository/org/apache/curator/curator-framework/2.12.0/curator-framework-2.12.0.jar:/root/.m2/repository/com/sun/jersey/jersey-core/1.19/jersey-core-1.19.jar:/root/.m2/repository/javax/ws/rs/jsr311-api/1.1.1/jsr311-api-1.1.1.jar:/root/.m2/repository/com/sun/jersey/jersey-server/1.19/jersey-server-1.19.jar:/root/.m2/repository/javax/servlet/javax.servlet-api/3.1.0/javax.servlet-api-3.1.0.jar:/root/.m2/repository/org/eclipse/jetty/jetty-server/9.3.24.v20180605/jetty-server-9.3.24.v20180605.jar:/root/.m2/repository/org/eclipse/jetty/jetty-http/9.3.24.v20180605/jetty-http-9.3.24.v20180605.jar:/root/.m2/repository/org/eclipse/jetty/jetty-io/9.3.24.v20180605/jetty-io-9.3.24.v20180605.jar:/root/.m2/repository/org/eclipse/jetty/jetty-webapp/9.3.24.v20180605/jetty-webapp-9.3.24.v20180605.jar:/root/.m2/repository/org/eclipse/jetty/jetty-xml/9.3.24.v20180605/jetty-xml-9.3.24.v20180605.jar:/root/.m2/repository/log4j/log4j/1.2.17/log4j-1.2.17.jar:/root/.m2/repository/org/slf4j/slf4j-api/1.7.25/slf4j-api-1.7.25.jar:/root/.m2/repository/org/slf4j/jul-to-slf4j/1.7.25/jul-to-slf4j-1.7.25.jar:/root/.m2/repository/org/eclipse/jetty/jetty-util/9.3.24.v20180605/jetty-util-9.3.24.v20180605.jar:/root/.m2/repository/io/dropwizard/metrics/metrics-core/3.2.4/metrics-core-3.2.4.jar:/root/.m2/repository/com/fasterxml/jackson/core/jackson-databind/2.9.5/jackson-databind-2.9.5.jar:/root/.m2/repository/org/apache/hadoop/hadoop-kms/3.2.0/hadoop-kms-3.2.0-tests.jar:/root/.m2/repository/org/apache/hadoop/hadoop-hdds-server-scm/0.5.0-SNAPSHOT/hadoop-hdds-server-scm-0.5.0-SNAPSHOT-tests.jar:/root/.m2/repository/org/hamcrest/hamcrest-all/1.3/hamcrest-all-1.3.jar:/root/.m2/repository/info/picocli/picocli/3.9.6/picocli-3.9.6.jar:/root/.m2/repository/org/apache/hadoop/hadoop-hdds-container-service/0.5.0-SNAPSHOT/hadoop-hdds-container-service-0.5.0-SNAPSHOT-tests.jar:/root/.m2/repository/org/yaml/snakeyaml/1.16/snakeyaml-1.16.jar:/root/.m2/repository/org/apache/hadoop/hadoop-common/3.2.0/hadoop-common-3.2.0-tests.jar:/root/.m2/repository/org/apache/hadoop/hadoop-annotations/3.2.0/hadoop-annotations-3.2.0.jar:/usr/lib/jvm/java-1.8-openjdk/jre/../lib/tools.jar:/root/.m2/repository/commons-cli/commons-cli/1.2/commons-cli-1.2.jar:/root/.m2/repository/org/apache/httpcomponents/httpclient/4.5.2/httpclient-4.5.2.jar:/root/.m2/repository/org/apache/httpcomponents/httpcore/4.4.4/httpcore-4.4.4.jar:/root/.m2/repository/commons-codec/commons-codec/1.11/commons-codec-1.11.jar:/root/.m2/repository/commons-net/commons-net/3.6/commons-net-3.6.jar:/root/.m2/repository/commons-collections/commons-collections/3.2.2/commons-collections-3.2.2.jar:/root/.m2/repository/org/eclipse/jetty/jetty-servlet/9.3.24.v20180605/jetty-servlet-9.3.24.v20180605.jar:/root/.m2/repository/org/eclipse/jetty/jetty-security/9.3.24.v20180605/jetty-security-9.3.24.v20180605.jar:/root/.m2/repository/javax/servlet/jsp/jsp-api/2.1/jsp-api-2.1.jar:/root/.m2/repository/com/sun/jersey/jersey-servlet/1.19/jersey-servlet-1.19.jar:/root/.m2/repository/com/sun/jersey/jersey-json/1.19/jersey-json-1.19.jar:/root/.m2/repository/org/codehaus/jettison/jettison/1.1/jettison-1.1.jar:/root/.m2/repository/org/codehaus/jackson/jackson-core-asl/1.9.13/jackson-core-asl-1.9.13.jar:/root/.m2/repository/org/codehaus/jackson/jackson-mapper-asl/1.9.13/jackson-mapper-asl-1.9.13.jar:/root/.m2/repository/org/codehaus/jackson/jackson-jaxrs/1.9.13/jackson-jaxrs-1.9.13.jar:/root/.m2/repository/org/codehaus/jackson/jackson-xc/1.9.13/jackson-xc-1.9.13.jar:/root/.m2/repository/commons-logging/commons-logging/1.1.3/commons-logging-1.1.3.jar:/root/.m2/repository/commons-beanutils/commons-beanutils/1.9.3/commons-beanutils-1.9.3.jar:/root/.m2/repository/org/apache/commons/commons-configuration2/2.1.1/commons-configuration2-2.1.1.jar:/root/.m2/repository/org/apache/commons/commons-lang3/3.7/commons-lang3-3.7.jar:/root/.m2/repository/org/apache/commons/commons-text/1.4/commons-text-1.4.jar:/root/.m2/repository/org/apache/avro/avro/1.7.7/avro-1.7.7.jar:/root/.m2/repository/com/thoughtworks/paranamer/paranamer/2.3/paranamer-2.3.jar:/root/.m2/repository/org/xerial/snappy/snappy-java/1.0.5/snappy-java-1.0.5.jar:/root/.m2/repository/com/google/re2j/re2j/1.1/re2j-1.1.jar:/root/.m2/repository/com/google/code/gson/gson/2.2.4/gson-2.2.4.jar:/root/.m2/repository/com/jcraft/jsch/0.1.54/jsch-0.1.54.jar:/root/.m2/repository/org/apache/curator/curator-client/2.12.0/curator-client-2.12.0.jar:/root/.m2/repository/org/apache/curator/curator-recipes/2.12.0/curator-recipes-2.12.0.jar:/root/.m2/repository/com/google/code/findbugs/jsr305/3.0.0/jsr305-3.0.0.jar:/root/.m2/repository/org/apache/htrace/htrace-core4/4.1.0-incubating/htrace-core4-4.1.0-incubating.jar:/root/.m2/repository/org/apache/zookeeper/zookeeper/3.4.13/zookeeper-3.4.13.jar:/root/.m2/repository/org/apache/yetus/audience-annotations/0.5.0/audience-annotations-0.5.0.jar:/root/.m2/repository/org/codehaus/woodstox/stax2-api/3.1.4/stax2-api-3.1.4.jar:/root/.m2/repository/com/fasterxml/woodstox/woodstox-core/5.0.3/woodstox-core-5.0.3.jar:/root/.m2/repository/dnsjava/dnsjava/2.1.7/dnsjava-2.1.7.jar:/root/.m2/repository/org/apache/hadoop/hadoop-hdfs/3.2.0/hadoop-hdfs-3.2.0-tests.jar:/root/.m2/repository/org/eclipse/jetty/jetty-util-ajax/9.3.24.v20180605/jetty-util-ajax-9.3.24.v20180605.jar:/root/.m2/repository/commons-daemon/commons-daemon/1.0.13/commons-daemon-1.0.13.jar:/root/.m2/repository/io/netty/netty/3.10.5.Final/netty-3.10.5.Final.jar:/root/.m2/repository/io/netty/netty-all/4.0.52.Final/netty-all-4.0.52.Final.jar:/root/.m2/repository/org/fusesource/leveldbjni/leveldbjni-all/1.8/leveldbjni-all-1.8.jar:"/>
    <property name="sun.cpu.endian" value="little"/>
    <property name="user.home" value="/root"/>
    <property name="user.language" value="en"/>
    <property name="java.specification.vendor" value="Oracle Corporation"/>
    <property name="java.home" value="/usr/lib/jvm/java-1.8-openjdk/jre"/>
    <property name="java.security.krb5.conf" value="/opt/src/hadoop-ozone/integration-test/target/test-classes/krb5.conf"/>
    <property name="basedir" value="/opt/src/hadoop-ozone/integration-test"/>
    <property name="file.separator" value="/"/>
    <property name="line.separator" value="&#10;"/>
    <property name="java.vm.specification.vendor" value="Oracle Corporation"/>
    <property name="java.specification.name" value="Java Platform API Specification"/>
    <property name="java.awt.graphicsenv" value="sun.awt.X11GraphicsEnvironment"/>
    <property name="surefire.real.class.path" value="/opt/src/hadoop-ozone/integration-test/target/surefire/surefirebooter3498687383647188849.jar"/>
    <property name="hadoop.log.dir" value="/opt/src/hadoop-ozone/integration-test/target/log"/>
    <property name="sun.boot.class.path" value="/usr/lib/jvm/java-1.8-openjdk/jre/lib/resources.jar:/usr/lib/jvm/java-1.8-openjdk/jre/lib/rt.jar:/usr/lib/jvm/java-1.8-openjdk/jre/lib/sunrsasign.jar:/usr/lib/jvm/java-1.8-openjdk/jre/lib/jsse.jar:/usr/lib/jvm/java-1.8-openjdk/jre/lib/jce.jar:/usr/lib/jvm/java-1.8-openjdk/jre/lib/charsets.jar:/usr/lib/jvm/java-1.8-openjdk/jre/lib/jfr.jar:/usr/lib/jvm/java-1.8-openjdk/jre/classes"/>
    <property name="sun.management.compiler" value="HotSpot 64-Bit Tiered Compilers"/>
    <property name="java.runtime.version" value="1.8.0_212-b04"/>
    <property name="java.net.preferIPv4Stack" value="true"/>
    <property name="user.name" value="root"/>
    <property name="path.separator" value=":"/>
    <property name="java.security.egd" value="file:///dev/urandom"/>
    <property name="os.version" value="4.15.0-1021-aws"/>
    <property name="java.endorsed.dirs" value="/usr/lib/jvm/java-1.8-openjdk/jre/lib/endorsed"/>
    <property name="java.runtime.name" value="OpenJDK Runtime Environment"/>
    <property name="file.encoding" value="UTF-8"/>
    <property name="java.vm.name" value="OpenJDK 64-Bit Server VM"/>
    <property name="test.build.webapps" value=""/>
    <property name="localRepository" value="/root/.m2/repository"/>
    <property name="java.vendor.url.bug" value="https://icedtea.classpath.org/bugzilla"/>
    <property name="java.io.tmpdir" value="/tmp"/>
    <property name="require.test.libhadoop" value=""/>
    <property name="java.version" value="1.8.0_212"/>
    <property name="user.dir" value="/opt/src/hadoop-ozone/integration-test"/>
    <property name="os.arch" value="amd64"/>
    <property name="java.vm.specification.name" value="Java Virtual Machine Specification"/>
    <property name="test.build.classes" value="/opt/src/hadoop-ozone/integration-test/target/test-classes"/>
    <property name="java.awt.printerjob" value="sun.print.PSPrinterJob"/>
    <property name="sun.os.patch.level" value="unknown"/>
    <property name="hadoop.tmp.dir" value="/opt/src/hadoop-ozone/integration-test/target/tmp"/>
    <property name="java.library.path" value="/usr/lib/jvm/java-1.8-openjdk/jre/lib/amd64/server:/usr/lib/jvm/java-1.8-openjdk/jre/lib/amd64:/usr/lib/jvm/java-1.8-openjdk/jre/../lib/amd64:/opt/src/hadoop-ozone/integration-test/target/native/target/usr/local/lib:/opt/src/hadoop-ozone/integration-test/../../hadoop-common-project/hadoop-common/target/native/target/usr/local/lib:/usr/java/packages/lib/amd64:/usr/lib64:/lib64:/lib:/usr/lib"/>
    <property name="java.vm.info" value="mixed mode"/>
    <property name="java.vendor" value="IcedTea"/>
    <property name="java.vm.version" value="25.212-b04"/>
    <property name="java.ext.dirs" value="/usr/lib/jvm/java-1.8-openjdk/jre/lib/ext:/usr/java/packages/lib/ext"/>
    <property name="sun.io.unicode.encoding" value="UnicodeLittle"/>
    <property name="java.class.version" value="52.0"/>
  </properties>
  <testcase name="testPipelineExclusionWithPipelineFailure" classname="org.apache.hadoop.ozone.client.rpc.TestFailureHandlingByClient" time="23.266"/>
  <testcase name="testContainerExclusionWithClosedContainerException" classname="org.apache.hadoop.ozone.client.rpc.TestFailureHandlingByClient" time="9.967"/>
  <testcase name="testWriteSmallFile" classname="org.apache.hadoop.ozone.client.rpc.TestFailureHandlingByClient" time="13.716"/>
  <testcase name="testMultiBlockWritesWithIntermittentDnFailures" classname="org.apache.hadoop.ozone.client.rpc.TestFailureHandlingByClient" time="27.639">
    <error message="Allocate block failed." type="INTERNAL_ERROR org.apache.hadoop.ozone.om.exceptions.OMException">INTERNAL_ERROR org.apache.hadoop.ozone.om.exceptions.OMException: Allocate block failed.
	at org.apache.hadoop.ozone.om.protocolPB.OzoneManagerProtocolClientSideTranslatorPB.handleError(OzoneManagerProtocolClientSideTranslatorPB.java:720)
	at org.apache.hadoop.ozone.om.protocolPB.OzoneManagerProtocolClientSideTranslatorPB.allocateBlock(OzoneManagerProtocolClientSideTranslatorPB.java:743)
	at org.apache.hadoop.ozone.client.io.BlockOutputStreamEntryPool.allocateNewBlock(BlockOutputStreamEntryPool.java:248)
	at org.apache.hadoop.ozone.client.io.BlockOutputStreamEntryPool.allocateBlockIfNeeded(BlockOutputStreamEntryPool.java:296)
	at org.apache.hadoop.ozone.client.io.KeyOutputStream.handleWrite(KeyOutputStream.java:201)
	at org.apache.hadoop.ozone.client.io.KeyOutputStream.handleRetry(KeyOutputStream.java:376)
	at org.apache.hadoop.ozone.client.io.KeyOutputStream.handleException(KeyOutputStream.java:325)
	at org.apache.hadoop.ozone.client.io.KeyOutputStream.handleWrite(KeyOutputStream.java:231)
	at org.apache.hadoop.ozone.client.io.KeyOutputStream.write(KeyOutputStream.java:193)
	at org.apache.hadoop.ozone.client.io.OzoneOutputStream.write(OzoneOutputStream.java:49)
	at java.io.OutputStream.write(OutputStream.java:75)
	at org.apache.hadoop.ozone.client.rpc.TestFailureHandlingByClient.testMultiBlockWritesWithIntermittentDnFailures(TestFailureHandlingByClient.java:237)
	at sun.reflect.NativeMethodAccessorImpl.invoke0(Native Method)
	at sun.reflect.NativeMethodAccessorImpl.invoke(NativeMethodAccessorImpl.java:62)
	at sun.reflect.DelegatingMethodAccessorImpl.invoke(DelegatingMethodAccessorImpl.java:43)
	at java.lang.reflect.Method.invoke(Method.java:498)
	at org.junit.runners.model.FrameworkMethod$1.runReflectiveCall(FrameworkMethod.java:47)
	at org.junit.internal.runners.model.ReflectiveCallable.run(ReflectiveCallable.java:12)
	at org.junit.runners.model.FrameworkMethod.invokeExplosively(FrameworkMethod.java:44)
	at org.junit.internal.runners.statements.InvokeMethod.evaluate(InvokeMethod.java:17)
	at org.junit.runners.ParentRunner.runLeaf(ParentRunner.java:271)
	at org.junit.runners.BlockJUnit4ClassRunner.runChild(BlockJUnit4ClassRunner.java:70)
	at org.junit.runners.BlockJUnit4ClassRunner.runChild(BlockJUnit4ClassRunner.java:50)
	at org.junit.runners.ParentRunner$3.run(ParentRunner.java:238)
	at org.junit.runners.ParentRunner$1.schedule(ParentRunner.java:63)
	at org.junit.runners.ParentRunner.runChildren(ParentRunner.java:236)
	at org.junit.runners.ParentRunner.access$000(ParentRunner.java:53)
	at org.junit.runners.ParentRunner$2.evaluate(ParentRunner.java:229)
	at org.junit.runners.ParentRunner.run(ParentRunner.java:309)
	at org.apache.maven.surefire.junit4.JUnit4Provider.execute(JUnit4Provider.java:365)
	at org.apache.maven.surefire.junit4.JUnit4Provider.executeWithRerun(JUnit4Provider.java:273)
	at org.apache.maven.surefire.junit4.JUnit4Provider.executeTestSet(JUnit4Provider.java:238)
	at org.apache.maven.surefire.junit4.JUnit4Provider.invoke(JUnit4Provider.java:159)
	at org.apache.maven.surefire.booter.ForkedBooter.invokeProviderInSameClassLoader(ForkedBooter.java:384)
	at org.apache.maven.surefire.booter.ForkedBooter.runSuitesInProcess(ForkedBooter.java:345)
	at org.apache.maven.surefire.booter.ForkedBooter.execute(ForkedBooter.java:126)
	at org.apache.maven.surefire.booter.ForkedBooter.main(ForkedBooter.java:418)
</error>
    <system-out><![CDATA[2019-06-13 13:31:08,665 WARN  server.ServerUtils (ServerUtils.java:getScmDbDir(145)) - ozone.scm.db.dirs is not configured. We recommend adding this setting. Falling back to ozone.metadata.dirs instead.
2019-06-13 13:31:08,669 WARN  server.ServerUtils (ServerUtils.java:getScmDbDir(145)) - ozone.scm.db.dirs is not configured. We recommend adding this setting. Falling back to ozone.metadata.dirs instead.
2019-06-13 13:31:08,669 WARN  server.ServerUtils (ServerUtils.java:getScmDbDir(145)) - ozone.scm.db.dirs is not configured. We recommend adding this setting. Falling back to ozone.metadata.dirs instead.
2019-06-13 13:31:08,670 INFO  db.DBStoreBuilder (DBStoreBuilder.java:addTable(110)) - using custom profile for table: deletedBlocks
2019-06-13 13:31:08,670 INFO  db.DBStoreBuilder (DBStoreBuilder.java:processTables(161)) - Using default column profile:DBProfile.DISK for Table:deletedBlocks
2019-06-13 13:31:08,670 INFO  db.DBStoreBuilder (DBStoreBuilder.java:addTable(110)) - using custom profile for table: validCerts
2019-06-13 13:31:08,670 INFO  db.DBStoreBuilder (DBStoreBuilder.java:processTables(161)) - Using default column profile:DBProfile.DISK for Table:validCerts
2019-06-13 13:31:08,670 INFO  db.DBStoreBuilder (DBStoreBuilder.java:addTable(110)) - using custom profile for table: revokedCerts
2019-06-13 13:31:08,670 INFO  db.DBStoreBuilder (DBStoreBuilder.java:processTables(161)) - Using default column profile:DBProfile.DISK for Table:revokedCerts
2019-06-13 13:31:08,670 INFO  db.DBStoreBuilder (DBStoreBuilder.java:addTable(110)) - using custom profile for table: default
2019-06-13 13:31:08,670 INFO  db.DBStoreBuilder (DBStoreBuilder.java:processTables(167)) - Using default column profile:DBProfile.DISK for Table:default
2019-06-13 13:31:08,670 INFO  db.DBStoreBuilder (DBStoreBuilder.java:getDbProfile(198)) - Using default options. DBProfile.DISK
2019-06-13 13:31:08,708 INFO  node.SCMNodeManager (SCMNodeManager.java:<init>(108)) - Entering startup safe mode.
2019-06-13 13:31:08,708 INFO  net.NodeSchemaLoader (NodeSchemaLoader.java:loadSchemaFromFile(125)) - Loading file from sun.misc.CompoundEnumeration@5764d421
2019-06-13 13:31:08,708 INFO  net.NodeSchemaLoader (NodeSchemaLoader.java:loadSchema(171)) - Loading network topology layer schema file
2019-06-13 13:31:08,710 WARN  server.ServerUtils (ServerUtils.java:getScmDbDir(145)) - ozone.scm.db.dirs is not configured. We recommend adding this setting. Falling back to ozone.metadata.dirs instead.
2019-06-13 13:31:08,722 INFO  pipeline.SCMPipelineManager (SCMPipelineManager.java:initializePipelineState(126)) - No pipeline exists in current db
2019-06-13 13:31:08,722 WARN  server.ServerUtils (ServerUtils.java:getScmDbDir(145)) - ozone.scm.db.dirs is not configured. We recommend adding this setting. Falling back to ozone.metadata.dirs instead.
2019-06-13 13:31:08,736 WARN  events.EventQueue (EventQueue.java:fireEvent(175)) - No event handler registered for event TypedEvent{payloadType=SafeModeStatus, name='SafeModeStatus'}
2019-06-13 13:31:08,737 INFO  ipc.CallQueueManager (CallQueueManager.java:<init>(84)) - Using callQueue: class java.util.concurrent.LinkedBlockingQueue, queueCapacity: 2000, scheduler: class org.apache.hadoop.ipc.DefaultRpcScheduler, ipcBackoff: false.
2019-06-13 13:31:08,737 INFO  ipc.Server (Server.java:run(1074)) - Starting Socket Reader #1 for port 43027
2019-06-13 13:31:08,741 INFO  ipc.CallQueueManager (CallQueueManager.java:<init>(84)) - Using callQueue: class java.util.concurrent.LinkedBlockingQueue, queueCapacity: 2000, scheduler: class org.apache.hadoop.ipc.DefaultRpcScheduler, ipcBackoff: false.
2019-06-13 13:31:08,742 INFO  ipc.Server (Server.java:run(1074)) - Starting Socket Reader #1 for port 45227
2019-06-13 13:31:08,743 INFO  ipc.CallQueueManager (CallQueueManager.java:<init>(84)) - Using callQueue: class java.util.concurrent.LinkedBlockingQueue, queueCapacity: 2000, scheduler: class org.apache.hadoop.ipc.DefaultRpcScheduler, ipcBackoff: false.
2019-06-13 13:31:08,744 INFO  ipc.Server (Server.java:run(1074)) - Starting Socket Reader #1 for port 46805
2019-06-13 13:31:08,747 INFO  hdfs.DFSUtil (DFSUtil.java:httpServerTemplateForNNAndJN(1641)) - Starting Web-server for scm at: http://0.0.0.0:0
2019-06-13 13:31:08,748 INFO  server.AuthenticationFilter (AuthenticationFilter.java:constructSecretProvider(240)) - Unable to initialize FileSignerSecretProvider, falling back to use random secrets.
2019-06-13 13:31:08,748 WARN  http.HttpRequestLog (HttpRequestLog.java:getRequestLog(97)) - Jetty request log can only be enabled using Log4j
2019-06-13 13:31:08,749 INFO  http.HttpServer2 (HttpServer2.java:addGlobalFilter(975)) - Added global filter 'safety' (class=org.apache.hadoop.http.HttpServer2$QuotingInputFilter)
2019-06-13 13:31:08,749 INFO  http.HttpServer2 (HttpServer2.java:addFilter(948)) - Added filter static_user_filter (class=org.apache.hadoop.http.lib.StaticUserWebFilter$StaticUserFilter) to context scm
2019-06-13 13:31:08,749 INFO  http.HttpServer2 (HttpServer2.java:addFilter(958)) - Added filter static_user_filter (class=org.apache.hadoop.http.lib.StaticUserWebFilter$StaticUserFilter) to context logs
2019-06-13 13:31:08,750 INFO  http.HttpServer2 (HttpServer2.java:addFilter(958)) - Added filter static_user_filter (class=org.apache.hadoop.http.lib.StaticUserWebFilter$StaticUserFilter) to context static
2019-06-13 13:31:08,752 INFO  server.StorageContainerManager (StorageContainerManager.java:start(752)) - StorageContainerLocationProtocol RPC server is listening at /0.0.0.0:46805
2019-06-13 13:31:08,752 INFO  impl.MetricsSystemImpl (MetricsSystemImpl.java:init(158)) - StorageContainerManager metrics system started (again)
2019-06-13 13:31:08,753 INFO  server.SCMClientProtocolServer (SCMClientProtocolServer.java:start(149)) - RPC server for Client  is listening at /0.0.0.0:46805
2019-06-13 13:31:08,757 INFO  ipc.Server (Server.java:run(1314)) - IPC Server Responder: starting
2019-06-13 13:31:08,758 INFO  ipc.Server (Server.java:run(1153)) - IPC Server listener on 46805: starting
2019-06-13 13:31:08,761 INFO  server.StorageContainerManager (StorageContainerManager.java:start(761)) - ScmBlockLocationProtocol RPC server is listening at /0.0.0.0:45227
2019-06-13 13:31:08,761 INFO  server.SCMBlockProtocolServer (SCMBlockProtocolServer.java:start(137)) - RPC server for Block Protocol is listening at /0.0.0.0:45227
2019-06-13 13:31:08,761 INFO  ipc.Server (Server.java:run(1314)) - IPC Server Responder: starting
2019-06-13 13:31:08,766 INFO  ipc.Server (Server.java:run(1153)) - IPC Server listener on 45227: starting
2019-06-13 13:31:08,780 INFO  server.StorageContainerManager (StorageContainerManager.java:start(765)) - ScmDatanodeProtocl RPC server is listening at /0.0.0.0:43027
2019-06-13 13:31:08,780 INFO  server.SCMDatanodeProtocolServer (SCMDatanodeProtocolServer.java:start(191)) - RPC server for DataNodes is listening at /0.0.0.0:43027
2019-06-13 13:31:08,780 INFO  ipc.Server (Server.java:run(1314)) - IPC Server Responder: starting
2019-06-13 13:31:08,781 INFO  ipc.Server (Server.java:run(1153)) - IPC Server listener on 43027: starting
2019-06-13 13:31:08,792 INFO  http.HttpServer2 (HttpServer2.java:bindListener(1191)) - Jetty bound to port 45649
2019-06-13 13:31:08,793 INFO  server.Server (Server.java:doStart(351)) - jetty-9.3.24.v20180605, build timestamp: 2018-06-05T17:11:56Z, git hash: 84205aa28f11a4f31f2a3b86d1bba2cc8ab69827
2019-06-13 13:31:08,802 INFO  handler.ContextHandler (ContextHandler.java:doStart(781)) - Started o.e.j.s.ServletContextHandler@5b6f3d0b{/logs,file:///opt/src/hadoop-ozone/integration-test/target/log,AVAILABLE}
2019-06-13 13:31:08,802 INFO  handler.ContextHandler (ContextHandler.java:doStart(781)) - Started o.e.j.s.ServletContextHandler@776a3365{/static,file:///opt/src/hadoop-ozone/integration-test/target/test-classes/webapps/static,AVAILABLE}
2019-06-13 13:31:08,805 INFO  handler.ContextHandler (ContextHandler.java:doStart(781)) - Started o.e.j.w.WebAppContext@6f6a2ac8{/,file:///opt/src/hadoop-ozone/integration-test/target/test-classes/webapps/scm/,AVAILABLE}{/scm}
2019-06-13 13:31:08,805 INFO  server.AbstractConnector (AbstractConnector.java:doStart(278)) - Started ServerConnector@49809275{HTTP/1.1,[http/1.1]}{0.0.0.0:45649}
2019-06-13 13:31:08,806 INFO  server.Server (Server.java:doStart(419)) - Started @47419ms
2019-06-13 13:31:08,807 INFO  server.BaseHttpServer (BaseHttpServer.java:updateConnectorAddress(207)) - HTTP server of SCM is listening at http://0.0.0.0:45649
2019-06-13 13:31:08,809 WARN  scm.ScmUtils (ScmUtils.java:getDBPath(63)) - ozone.om.db.dirs is not configured. We recommend adding this setting. Falling back to ozone.metadata.dirs instead.
2019-06-13 13:31:08,809 INFO  util.JvmPauseMonitor (JvmPauseMonitor.java:run(188)) - Starting JVM pause monitor
2019-06-13 13:31:08,812 WARN  scm.ScmUtils (ScmUtils.java:getDBPath(63)) - ozone.om.db.dirs is not configured. We recommend adding this setting. Falling back to ozone.metadata.dirs instead.
2019-06-13 13:31:08,812 INFO  om.OzoneManager (OzoneManager.java:setOMNodeDetails(519)) - OM Service ID is not set. Setting it to the default ID: omServiceIdDefault
2019-06-13 13:31:08,812 INFO  om.OzoneManager (OzoneManager.java:setOMNodeDetails(525)) - OM Node ID is not set. Setting it to the OmStorage's OmID: 8b005ccd-0abb-492c-9e7a-a8e9a0d10ab3
2019-06-13 13:31:08,812 WARN  scm.HddsServerUtil (HddsServerUtil.java:getDefaultRatisDirectory(354)) - Storage directory for Ratis is not configured. It is a good idea to map this to an SSD disk. Falling back to ozone.metadata.dirs
2019-06-13 13:31:08,813 WARN  scm.HddsServerUtil (HddsServerUtil.java:getDefaultRatisDirectory(354)) - Storage directory for Ratis is not configured. It is a good idea to map this to an SSD disk. Falling back to ozone.metadata.dirs
2019-06-13 13:31:08,813 INFO  om.OzoneManager (OzoneManager.java:loadOMHAConfigs(476)) - Found matching OM address with OMServiceId: null, OMNodeId: null, RPC Address: localhost:0 and Ratis port: 9872
2019-06-13 13:31:08,818 WARN  scm.ScmUtils (ScmUtils.java:getDBPath(63)) - ozone.om.db.dirs is not configured. We recommend adding this setting. Falling back to ozone.metadata.dirs instead.
2019-06-13 13:31:08,819 INFO  db.DBStoreBuilder (DBStoreBuilder.java:addTable(110)) - using custom profile for table: userTable
2019-06-13 13:31:08,819 INFO  db.DBStoreBuilder (DBStoreBuilder.java:processTables(161)) - Using default column profile:DBProfile.DISK for Table:userTable
2019-06-13 13:31:08,819 INFO  db.DBStoreBuilder (DBStoreBuilder.java:addTable(110)) - using custom profile for table: volumeTable
2019-06-13 13:31:08,819 INFO  db.DBStoreBuilder (DBStoreBuilder.java:processTables(161)) - Using default column profile:DBProfile.DISK for Table:volumeTable
2019-06-13 13:31:08,819 INFO  db.DBStoreBuilder (DBStoreBuilder.java:addTable(110)) - using custom profile for table: bucketTable
2019-06-13 13:31:08,819 INFO  db.DBStoreBuilder (DBStoreBuilder.java:processTables(161)) - Using default column profile:DBProfile.DISK for Table:bucketTable
2019-06-13 13:31:08,820 INFO  db.DBStoreBuilder (DBStoreBuilder.java:addTable(110)) - using custom profile for table: keyTable
2019-06-13 13:31:08,820 INFO  db.DBStoreBuilder (DBStoreBuilder.java:processTables(161)) - Using default column profile:DBProfile.DISK for Table:keyTable
2019-06-13 13:31:08,820 INFO  db.DBStoreBuilder (DBStoreBuilder.java:addTable(110)) - using custom profile for table: deletedTable
2019-06-13 13:31:08,820 INFO  db.DBStoreBuilder (DBStoreBuilder.java:processTables(161)) - Using default column profile:DBProfile.DISK for Table:deletedTable
2019-06-13 13:31:08,820 INFO  db.DBStoreBuilder (DBStoreBuilder.java:addTable(110)) - using custom profile for table: openKeyTable
2019-06-13 13:31:08,821 INFO  db.DBStoreBuilder (DBStoreBuilder.java:processTables(161)) - Using default column profile:DBProfile.DISK for Table:openKeyTable
2019-06-13 13:31:08,821 INFO  db.DBStoreBuilder (DBStoreBuilder.java:addTable(110)) - using custom profile for table: s3Table
2019-06-13 13:31:08,821 INFO  db.DBStoreBuilder (DBStoreBuilder.java:processTables(161)) - Using default column profile:DBProfile.DISK for Table:s3Table
2019-06-13 13:31:08,821 INFO  db.DBStoreBuilder (DBStoreBuilder.java:addTable(110)) - using custom profile for table: multipartInfoTable
2019-06-13 13:31:08,821 INFO  db.DBStoreBuilder (DBStoreBuilder.java:processTables(161)) - Using default column profile:DBProfile.DISK for Table:multipartInfoTable
2019-06-13 13:31:08,822 INFO  db.DBStoreBuilder (DBStoreBuilder.java:addTable(110)) - using custom profile for table: dTokenTable
2019-06-13 13:31:08,822 INFO  db.DBStoreBuilder (DBStoreBuilder.java:processTables(161)) - Using default column profile:DBProfile.DISK for Table:dTokenTable
2019-06-13 13:31:08,822 INFO  db.DBStoreBuilder (DBStoreBuilder.java:addTable(110)) - using custom profile for table: s3SecretTable
2019-06-13 13:31:08,822 INFO  db.DBStoreBuilder (DBStoreBuilder.java:processTables(161)) - Using default column profile:DBProfile.DISK for Table:s3SecretTable
2019-06-13 13:31:08,822 INFO  db.DBStoreBuilder (DBStoreBuilder.java:addTable(110)) - using custom profile for table: prefixTable
2019-06-13 13:31:08,822 INFO  db.DBStoreBuilder (DBStoreBuilder.java:processTables(161)) - Using default column profile:DBProfile.DISK for Table:prefixTable
2019-06-13 13:31:08,823 INFO  db.DBStoreBuilder (DBStoreBuilder.java:addTable(110)) - using custom profile for table: default
2019-06-13 13:31:08,823 INFO  db.DBStoreBuilder (DBStoreBuilder.java:processTables(167)) - Using default column profile:DBProfile.DISK for Table:default
2019-06-13 13:31:08,823 INFO  db.DBStoreBuilder (DBStoreBuilder.java:getDbProfile(198)) - Using default options. DBProfile.DISK
2019-06-13 13:31:08,950 INFO  ipc.CallQueueManager (CallQueueManager.java:<init>(84)) - Using callQueue: class java.util.concurrent.LinkedBlockingQueue, queueCapacity: 2000, scheduler: class org.apache.hadoop.ipc.DefaultRpcScheduler, ipcBackoff: false.
2019-06-13 13:31:08,950 INFO  ipc.Server (Server.java:run(1074)) - Starting Socket Reader #1 for port 42285
2019-06-13 13:31:08,963 WARN  scm.ScmUtils (ScmUtils.java:getDBPath(63)) - ozone.om.db.dirs is not configured. We recommend adding this setting. Falling back to ozone.metadata.dirs instead.
2019-06-13 13:31:08,963 INFO  om.OzoneManager (OzoneManager.java:start(1217)) - OzoneManager RPC server is listening at localhost/127.0.0.1:42285
2019-06-13 13:31:08,963 INFO  impl.MetricsSystemImpl (MetricsSystemImpl.java:init(158)) - OzoneManager metrics system started (again)
2019-06-13 13:31:08,964 INFO  ipc.Server (Server.java:run(1314)) - IPC Server Responder: starting
2019-06-13 13:31:08,964 INFO  ipc.Server (Server.java:run(1153)) - IPC Server listener on 42285: starting
2019-06-13 13:31:08,967 INFO  hdfs.DFSUtil (DFSUtil.java:httpServerTemplateForNNAndJN(1641)) - Starting Web-server for ozoneManager at: http://0.0.0.0:0
2019-06-13 13:31:08,968 INFO  server.AuthenticationFilter (AuthenticationFilter.java:constructSecretProvider(240)) - Unable to initialize FileSignerSecretProvider, falling back to use random secrets.
2019-06-13 13:31:08,968 WARN  http.HttpRequestLog (HttpRequestLog.java:getRequestLog(97)) - Jetty request log can only be enabled using Log4j
2019-06-13 13:31:08,970 INFO  http.HttpServer2 (HttpServer2.java:addGlobalFilter(975)) - Added global filter 'safety' (class=org.apache.hadoop.http.HttpServer2$QuotingInputFilter)
2019-06-13 13:31:08,970 INFO  http.HttpServer2 (HttpServer2.java:addFilter(948)) - Added filter static_user_filter (class=org.apache.hadoop.http.lib.StaticUserWebFilter$StaticUserFilter) to context ozoneManager
2019-06-13 13:31:08,970 INFO  http.HttpServer2 (HttpServer2.java:addFilter(958)) - Added filter static_user_filter (class=org.apache.hadoop.http.lib.StaticUserWebFilter$StaticUserFilter) to context logs
2019-06-13 13:31:08,970 INFO  http.HttpServer2 (HttpServer2.java:addFilter(958)) - Added filter static_user_filter (class=org.apache.hadoop.http.lib.StaticUserWebFilter$StaticUserFilter) to context static
2019-06-13 13:31:08,971 INFO  http.HttpServer2 (HttpServer2.java:bindListener(1191)) - Jetty bound to port 33619
2019-06-13 13:31:08,971 INFO  server.Server (Server.java:doStart(351)) - jetty-9.3.24.v20180605, build timestamp: 2018-06-05T17:11:56Z, git hash: 84205aa28f11a4f31f2a3b86d1bba2cc8ab69827
2019-06-13 13:31:08,990 INFO  handler.ContextHandler (ContextHandler.java:doStart(781)) - Started o.e.j.s.ServletContextHandler@74cd8c55{/logs,file:///opt/src/hadoop-ozone/integration-test/target/log,AVAILABLE}
2019-06-13 13:31:08,991 INFO  handler.ContextHandler (ContextHandler.java:doStart(781)) - Started o.e.j.s.ServletContextHandler@45e35a0d{/static,file:///opt/src/hadoop-ozone/integration-test/target/test-classes/webapps/static,AVAILABLE}
2019-06-13 13:31:08,994 INFO  handler.ContextHandler (ContextHandler.java:doStart(781)) - Started o.e.j.w.WebAppContext@77d3c3d7{/,file:///opt/src/hadoop-ozone/integration-test/target/test-classes/webapps/ozoneManager/,AVAILABLE}{/ozoneManager}
2019-06-13 13:31:08,994 INFO  server.AbstractConnector (AbstractConnector.java:doStart(278)) - Started ServerConnector@4cefa0be{HTTP/1.1,[http/1.1]}{0.0.0.0:33619}
2019-06-13 13:31:08,995 INFO  server.Server (Server.java:doStart(419)) - Started @47608ms
2019-06-13 13:31:08,995 INFO  server.BaseHttpServer (BaseHttpServer.java:updateConnectorAddress(207)) - HTTP server of OZONEMANAGER is listening at http://0.0.0.0:33619
2019-06-13 13:31:09,004 INFO  impl.MetricsSystemImpl (MetricsSystemImpl.java:init(158)) - HddsDatanode metrics system started (again)
2019-06-13 13:31:09,004 INFO  ozone.HddsDatanodeService (HddsDatanodeService.java:start(185)) - HddsDatanodeService host:ozone-s9v57-3710753675 ip:192.168.46.37
2019-06-13 13:31:09,008 INFO  volume.HddsVolume (HddsVolume.java:<init>(176)) - Creating Volume: /opt/src/hadoop-ozone/integration-test/target/test-dir/MiniOzoneClusterImpl-f3101cc7-c0e2-4c8b-9ce9-3ea1830401d5/datanode-0/data/containers/hdds of  storage type : DISK and capacity : 104021790720
2019-06-13 13:31:09,008 INFO  volume.VolumeSet (VolumeSet.java:initializeVolumeSet(170)) - Added Volume : /opt/src/hadoop-ozone/integration-test/target/test-dir/MiniOzoneClusterImpl-f3101cc7-c0e2-4c8b-9ce9-3ea1830401d5/datanode-0/data/containers/hdds to VolumeSet
2019-06-13 13:31:09,008 INFO  volume.ThrottledAsyncChecker (ThrottledAsyncChecker.java:schedule(140)) - Scheduling a check for org.apache.hadoop.ozone.container.common.volume.HddsVolume@2de96eba
2019-06-13 13:31:09,009 INFO  volume.HddsVolumeChecker (HddsVolumeChecker.java:checkAllVolumes(203)) - Scheduled health check for volume org.apache.hadoop.ozone.container.common.volume.HddsVolume@2de96eba
2019-06-13 13:31:09,017 INFO  ratis.XceiverServerRatis (XceiverServerRatis.java:newXceiverServerRatis(401)) - Found a free port for the server : 33315
2019-06-13 13:31:09,018 INFO  impl.RaftServerProxy (ConfUtils.java:logGet(43)) - raft.rpc.type = GRPC (default)
2019-06-13 13:31:09,019 INFO  grpc.GrpcConfigKeys$Server (ConfUtils.java:logGet(43)) - raft.grpc.server.port = 33315 (custom)
2019-06-13 13:31:09,019 INFO  server.GrpcService (ConfUtils.java:logGet(43)) - raft.grpc.message.size.max = 33570816 (custom)
2019-06-13 13:31:09,019 INFO  server.RaftServerConfigKeys (ConfUtils.java:logGet(43)) - raft.server.log.appender.buffer.byte-limit = 33554432 (custom)
2019-06-13 13:31:09,019 INFO  server.GrpcService (ConfUtils.java:logGet(43)) - raft.grpc.flow.control.window = 1MB (=1048576) (default)
2019-06-13 13:31:09,019 INFO  server.RaftServerConfigKeys (ConfUtils.java:logGet(43)) - raft.server.rpc.request.timeout = 3000ms (default)
2019-06-13 13:31:09,020 INFO  server.RaftServerConfigKeys (ConfUtils.java:logGet(43)) - raft.server.storage.dir = [/opt/src/hadoop-ozone/integration-test/target/test-dir/MiniOzoneClusterImpl-f3101cc7-c0e2-4c8b-9ce9-3ea1830401d5/datanode-0/data/ratis] (custom)
2019-06-13 13:31:09,020 INFO  server.XceiverServerGrpc (XceiverServerGrpc.java:<init>(97)) - Found a free port for the server : 44319
2019-06-13 13:31:09,020 INFO  replication.SimpleContainerDownloader (SimpleContainerDownloader.java:<init>(72)) - Starting container downloader service to copy containers to replicate.
2019-06-13 13:31:09,023 INFO  hdfs.DFSUtil (DFSUtil.java:httpServerTemplateForNNAndJN(1641)) - Starting Web-server for hddsDatanode at: http://0.0.0.0:0
2019-06-13 13:31:09,023 INFO  server.AuthenticationFilter (AuthenticationFilter.java:constructSecretProvider(240)) - Unable to initialize FileSignerSecretProvider, falling back to use random secrets.
2019-06-13 13:31:09,024 WARN  http.HttpRequestLog (HttpRequestLog.java:getRequestLog(97)) - Jetty request log can only be enabled using Log4j
2019-06-13 13:31:09,024 INFO  http.HttpServer2 (HttpServer2.java:addGlobalFilter(975)) - Added global filter 'safety' (class=org.apache.hadoop.http.HttpServer2$QuotingInputFilter)
2019-06-13 13:31:09,025 INFO  http.HttpServer2 (HttpServer2.java:addFilter(948)) - Added filter static_user_filter (class=org.apache.hadoop.http.lib.StaticUserWebFilter$StaticUserFilter) to context hddsDatanode
2019-06-13 13:31:09,025 INFO  http.HttpServer2 (HttpServer2.java:addFilter(958)) - Added filter static_user_filter (class=org.apache.hadoop.http.lib.StaticUserWebFilter$StaticUserFilter) to context logs
2019-06-13 13:31:09,025 INFO  http.HttpServer2 (HttpServer2.java:addFilter(958)) - Added filter static_user_filter (class=org.apache.hadoop.http.lib.StaticUserWebFilter$StaticUserFilter) to context static
2019-06-13 13:31:09,026 INFO  http.HttpServer2 (HttpServer2.java:bindListener(1191)) - Jetty bound to port 45657
2019-06-13 13:31:09,026 INFO  server.Server (Server.java:doStart(351)) - jetty-9.3.24.v20180605, build timestamp: 2018-06-05T17:11:56Z, git hash: 84205aa28f11a4f31f2a3b86d1bba2cc8ab69827
2019-06-13 13:31:09,034 INFO  handler.ContextHandler (ContextHandler.java:doStart(781)) - Started o.e.j.s.ServletContextHandler@71d78cac{/logs,file:///opt/src/hadoop-ozone/integration-test/target/log,AVAILABLE}
2019-06-13 13:31:09,034 INFO  handler.ContextHandler (ContextHandler.java:doStart(781)) - Started o.e.j.s.ServletContextHandler@1842dc39{/static,jar:file:/root/.m2/repository/org/apache/hadoop/hadoop-hdds-container-service/0.5.0-SNAPSHOT/hadoop-hdds-container-service-0.5.0-SNAPSHOT.jar!/webapps/static,AVAILABLE}
2019-06-13 13:31:09,054 INFO  handler.ContextHandler (ContextHandler.java:doStart(781)) - Started o.e.j.w.WebAppContext@46bdc55e{/,file:///tmp/jetty-0.0.0.0-45657-hddsDatanode-_-any-2740164371569791653.dir/webapp/,AVAILABLE}{/hddsDatanode}
2019-06-13 13:31:09,055 INFO  server.AbstractConnector (AbstractConnector.java:doStart(278)) - Started ServerConnector@6e12f38c{HTTP/1.1,[http/1.1]}{0.0.0.0:45657}
2019-06-13 13:31:09,055 INFO  server.Server (Server.java:doStart(419)) - Started @47668ms
2019-06-13 13:31:09,056 INFO  server.BaseHttpServer (BaseHttpServer.java:updateConnectorAddress(207)) - HTTP server of HDDSDATANODE is listening at http://0.0.0.0:45657
2019-06-13 13:31:09,184 INFO  ozone.HddsDatanodeService (HddsDatanodeService.java:startPlugins(396)) - Started plug-in org.apache.hadoop.ozone.web.OzoneHddsDatanodeService@749c0669
2019-06-13 13:31:09,185 INFO  impl.MetricsSystemImpl (MetricsSystemImpl.java:init(158)) - HddsDatanode metrics system started (again)
2019-06-13 13:31:09,185 INFO  ozone.HddsDatanodeService (HddsDatanodeService.java:start(185)) - HddsDatanodeService host:ozone-s9v57-3710753675 ip:192.168.46.37
2019-06-13 13:31:09,186 INFO  util.JvmPauseMonitor (JvmPauseMonitor.java:run(188)) - Starting JVM pause monitor
2019-06-13 13:31:09,187 INFO  datanode.InitDatanodeState (InitDatanodeState.java:persistContainerDatanodeDetails(140)) - DatanodeDetails is persisted to /opt/src/hadoop-ozone/integration-test/target/test-dir/MiniOzoneClusterImpl-f3101cc7-c0e2-4c8b-9ce9-3ea1830401d5/datanode-0/meta/datanode.id
2019-06-13 13:31:09,191 INFO  volume.HddsVolume (HddsVolume.java:<init>(176)) - Creating Volume: /opt/src/hadoop-ozone/integration-test/target/test-dir/MiniOzoneClusterImpl-f3101cc7-c0e2-4c8b-9ce9-3ea1830401d5/datanode-1/data/containers/hdds of  storage type : DISK and capacity : 104021790720
2019-06-13 13:31:09,192 INFO  volume.VolumeSet (VolumeSet.java:initializeVolumeSet(170)) - Added Volume : /opt/src/hadoop-ozone/integration-test/target/test-dir/MiniOzoneClusterImpl-f3101cc7-c0e2-4c8b-9ce9-3ea1830401d5/datanode-1/data/containers/hdds to VolumeSet
2019-06-13 13:31:09,192 INFO  volume.ThrottledAsyncChecker (ThrottledAsyncChecker.java:schedule(140)) - Scheduling a check for org.apache.hadoop.ozone.container.common.volume.HddsVolume@7ee3a2ed
2019-06-13 13:31:09,192 INFO  volume.HddsVolumeChecker (HddsVolumeChecker.java:checkAllVolumes(203)) - Scheduled health check for volume org.apache.hadoop.ozone.container.common.volume.HddsVolume@7ee3a2ed
2019-06-13 13:31:09,200 INFO  ratis.XceiverServerRatis (XceiverServerRatis.java:newXceiverServerRatis(401)) - Found a free port for the server : 41123
2019-06-13 13:31:09,201 INFO  impl.RaftServerProxy (ConfUtils.java:logGet(43)) - raft.rpc.type = GRPC (default)
2019-06-13 13:31:09,201 INFO  grpc.GrpcConfigKeys$Server (ConfUtils.java:logGet(43)) - raft.grpc.server.port = 41123 (custom)
2019-06-13 13:31:09,202 INFO  server.GrpcService (ConfUtils.java:logGet(43)) - raft.grpc.message.size.max = 33570816 (custom)
2019-06-13 13:31:09,202 INFO  server.RaftServerConfigKeys (ConfUtils.java:logGet(43)) - raft.server.log.appender.buffer.byte-limit = 33554432 (custom)
2019-06-13 13:31:09,202 INFO  server.GrpcService (ConfUtils.java:logGet(43)) - raft.grpc.flow.control.window = 1MB (=1048576) (default)
2019-06-13 13:31:09,202 INFO  server.RaftServerConfigKeys (ConfUtils.java:logGet(43)) - raft.server.rpc.request.timeout = 3000ms (default)
2019-06-13 13:31:09,202 INFO  server.RaftServerConfigKeys (ConfUtils.java:logGet(43)) - raft.server.storage.dir = [/opt/src/hadoop-ozone/integration-test/target/test-dir/MiniOzoneClusterImpl-f3101cc7-c0e2-4c8b-9ce9-3ea1830401d5/datanode-1/data/ratis] (custom)
2019-06-13 13:31:09,203 INFO  server.XceiverServerGrpc (XceiverServerGrpc.java:<init>(97)) - Found a free port for the server : 44379
2019-06-13 13:31:09,203 INFO  replication.SimpleContainerDownloader (SimpleContainerDownloader.java:<init>(72)) - Starting container downloader service to copy containers to replicate.
2019-06-13 13:31:09,204 INFO  hdfs.DFSUtil (DFSUtil.java:httpServerTemplateForNNAndJN(1641)) - Starting Web-server for hddsDatanode at: http://0.0.0.0:0
2019-06-13 13:31:09,205 INFO  server.AuthenticationFilter (AuthenticationFilter.java:constructSecretProvider(240)) - Unable to initialize FileSignerSecretProvider, falling back to use random secrets.
2019-06-13 13:31:09,205 WARN  http.HttpRequestLog (HttpRequestLog.java:getRequestLog(97)) - Jetty request log can only be enabled using Log4j
2019-06-13 13:31:09,206 INFO  http.HttpServer2 (HttpServer2.java:addGlobalFilter(975)) - Added global filter 'safety' (class=org.apache.hadoop.http.HttpServer2$QuotingInputFilter)
2019-06-13 13:31:09,206 INFO  http.HttpServer2 (HttpServer2.java:addFilter(948)) - Added filter static_user_filter (class=org.apache.hadoop.http.lib.StaticUserWebFilter$StaticUserFilter) to context hddsDatanode
2019-06-13 13:31:09,207 INFO  http.HttpServer2 (HttpServer2.java:addFilter(958)) - Added filter static_user_filter (class=org.apache.hadoop.http.lib.StaticUserWebFilter$StaticUserFilter) to context logs
2019-06-13 13:31:09,207 INFO  http.HttpServer2 (HttpServer2.java:addFilter(958)) - Added filter static_user_filter (class=org.apache.hadoop.http.lib.StaticUserWebFilter$StaticUserFilter) to context static
2019-06-13 13:31:09,207 INFO  http.HttpServer2 (HttpServer2.java:bindListener(1191)) - Jetty bound to port 43747
2019-06-13 13:31:09,207 INFO  server.Server (Server.java:doStart(351)) - jetty-9.3.24.v20180605, build timestamp: 2018-06-05T17:11:56Z, git hash: 84205aa28f11a4f31f2a3b86d1bba2cc8ab69827
2019-06-13 13:31:09,209 INFO  handler.ContextHandler (ContextHandler.java:doStart(781)) - Started o.e.j.s.ServletContextHandler@418bdde9{/logs,file:///opt/src/hadoop-ozone/integration-test/target/log,AVAILABLE}
2019-06-13 13:31:09,209 INFO  handler.ContextHandler (ContextHandler.java:doStart(781)) - Started o.e.j.s.ServletContextHandler@240df292{/static,jar:file:/root/.m2/repository/org/apache/hadoop/hadoop-hdds-container-service/0.5.0-SNAPSHOT/hadoop-hdds-container-service-0.5.0-SNAPSHOT.jar!/webapps/static,AVAILABLE}
2019-06-13 13:31:09,228 INFO  handler.ContextHandler (ContextHandler.java:doStart(781)) - Started o.e.j.w.WebAppContext@30811f91{/,file:///tmp/jetty-0.0.0.0-43747-hddsDatanode-_-any-7318184093026098271.dir/webapp/,AVAILABLE}{/hddsDatanode}
2019-06-13 13:31:09,229 INFO  server.AbstractConnector (AbstractConnector.java:doStart(278)) - Started ServerConnector@3bf40c74{HTTP/1.1,[http/1.1]}{0.0.0.0:43747}
2019-06-13 13:31:09,230 INFO  server.Server (Server.java:doStart(419)) - Started @47843ms
2019-06-13 13:31:09,230 INFO  server.BaseHttpServer (BaseHttpServer.java:updateConnectorAddress(207)) - HTTP server of HDDSDATANODE is listening at http://0.0.0.0:43747
2019-06-13 13:31:09,322 INFO  ozone.HddsDatanodeService (HddsDatanodeService.java:startPlugins(396)) - Started plug-in org.apache.hadoop.ozone.web.OzoneHddsDatanodeService@5f26cb8b
2019-06-13 13:31:09,323 INFO  impl.MetricsSystemImpl (MetricsSystemImpl.java:init(158)) - HddsDatanode metrics system started (again)
2019-06-13 13:31:09,323 INFO  ozone.HddsDatanodeService (HddsDatanodeService.java:start(185)) - HddsDatanodeService host:ozone-s9v57-3710753675 ip:192.168.46.37
2019-06-13 13:31:09,332 INFO  util.JvmPauseMonitor (JvmPauseMonitor.java:run(188)) - Starting JVM pause monitor
2019-06-13 13:31:09,333 INFO  datanode.InitDatanodeState (InitDatanodeState.java:persistContainerDatanodeDetails(140)) - DatanodeDetails is persisted to /opt/src/hadoop-ozone/integration-test/target/test-dir/MiniOzoneClusterImpl-f3101cc7-c0e2-4c8b-9ce9-3ea1830401d5/datanode-1/meta/datanode.id
2019-06-13 13:31:09,334 INFO  volume.HddsVolume (HddsVolume.java:<init>(176)) - Creating Volume: /opt/src/hadoop-ozone/integration-test/target/test-dir/MiniOzoneClusterImpl-f3101cc7-c0e2-4c8b-9ce9-3ea1830401d5/datanode-2/data/containers/hdds of  storage type : DISK and capacity : 104021790720
2019-06-13 13:31:09,335 INFO  volume.VolumeSet (VolumeSet.java:initializeVolumeSet(170)) - Added Volume : /opt/src/hadoop-ozone/integration-test/target/test-dir/MiniOzoneClusterImpl-f3101cc7-c0e2-4c8b-9ce9-3ea1830401d5/datanode-2/data/containers/hdds to VolumeSet
2019-06-13 13:31:09,335 INFO  volume.ThrottledAsyncChecker (ThrottledAsyncChecker.java:schedule(140)) - Scheduling a check for org.apache.hadoop.ozone.container.common.volume.HddsVolume@104cf647
2019-06-13 13:31:09,335 INFO  volume.HddsVolumeChecker (HddsVolumeChecker.java:checkAllVolumes(203)) - Scheduled health check for volume org.apache.hadoop.ozone.container.common.volume.HddsVolume@104cf647
2019-06-13 13:31:09,346 INFO  ratis.XceiverServerRatis (XceiverServerRatis.java:newXceiverServerRatis(401)) - Found a free port for the server : 38877
2019-06-13 13:31:09,347 INFO  impl.RaftServerProxy (ConfUtils.java:logGet(43)) - raft.rpc.type = GRPC (default)
2019-06-13 13:31:09,347 INFO  grpc.GrpcConfigKeys$Server (ConfUtils.java:logGet(43)) - raft.grpc.server.port = 38877 (custom)
2019-06-13 13:31:09,347 INFO  server.GrpcService (ConfUtils.java:logGet(43)) - raft.grpc.message.size.max = 33570816 (custom)
2019-06-13 13:31:09,347 INFO  server.RaftServerConfigKeys (ConfUtils.java:logGet(43)) - raft.server.log.appender.buffer.byte-limit = 33554432 (custom)
2019-06-13 13:31:09,347 INFO  server.GrpcService (ConfUtils.java:logGet(43)) - raft.grpc.flow.control.window = 1MB (=1048576) (default)
2019-06-13 13:31:09,347 INFO  server.RaftServerConfigKeys (ConfUtils.java:logGet(43)) - raft.server.rpc.request.timeout = 3000ms (default)
2019-06-13 13:31:09,348 INFO  server.RaftServerConfigKeys (ConfUtils.java:logGet(43)) - raft.server.storage.dir = [/opt/src/hadoop-ozone/integration-test/target/test-dir/MiniOzoneClusterImpl-f3101cc7-c0e2-4c8b-9ce9-3ea1830401d5/datanode-2/data/ratis] (custom)
2019-06-13 13:31:09,348 INFO  server.XceiverServerGrpc (XceiverServerGrpc.java:<init>(97)) - Found a free port for the server : 42245
2019-06-13 13:31:09,348 INFO  replication.SimpleContainerDownloader (SimpleContainerDownloader.java:<init>(72)) - Starting container downloader service to copy containers to replicate.
2019-06-13 13:31:09,349 INFO  hdfs.DFSUtil (DFSUtil.java:httpServerTemplateForNNAndJN(1641)) - Starting Web-server for hddsDatanode at: http://0.0.0.0:0
2019-06-13 13:31:09,350 INFO  server.AuthenticationFilter (AuthenticationFilter.java:constructSecretProvider(240)) - Unable to initialize FileSignerSecretProvider, falling back to use random secrets.
2019-06-13 13:31:09,350 WARN  http.HttpRequestLog (HttpRequestLog.java:getRequestLog(97)) - Jetty request log can only be enabled using Log4j
2019-06-13 13:31:09,351 INFO  http.HttpServer2 (HttpServer2.java:addGlobalFilter(975)) - Added global filter 'safety' (class=org.apache.hadoop.http.HttpServer2$QuotingInputFilter)
2019-06-13 13:31:09,352 INFO  http.HttpServer2 (HttpServer2.java:addFilter(948)) - Added filter static_user_filter (class=org.apache.hadoop.http.lib.StaticUserWebFilter$StaticUserFilter) to context hddsDatanode
2019-06-13 13:31:09,352 INFO  http.HttpServer2 (HttpServer2.java:addFilter(958)) - Added filter static_user_filter (class=org.apache.hadoop.http.lib.StaticUserWebFilter$StaticUserFilter) to context static
2019-06-13 13:31:09,352 INFO  http.HttpServer2 (HttpServer2.java:addFilter(958)) - Added filter static_user_filter (class=org.apache.hadoop.http.lib.StaticUserWebFilter$StaticUserFilter) to context logs
2019-06-13 13:31:09,352 INFO  http.HttpServer2 (HttpServer2.java:bindListener(1191)) - Jetty bound to port 46793
2019-06-13 13:31:09,353 INFO  server.Server (Server.java:doStart(351)) - jetty-9.3.24.v20180605, build timestamp: 2018-06-05T17:11:56Z, git hash: 84205aa28f11a4f31f2a3b86d1bba2cc8ab69827
2019-06-13 13:31:09,354 INFO  handler.ContextHandler (ContextHandler.java:doStart(781)) - Started o.e.j.s.ServletContextHandler@5f8da82{/logs,file:///opt/src/hadoop-ozone/integration-test/target/log,AVAILABLE}
2019-06-13 13:31:09,354 INFO  handler.ContextHandler (ContextHandler.java:doStart(781)) - Started o.e.j.s.ServletContextHandler@22e95960{/static,jar:file:/root/.m2/repository/org/apache/hadoop/hadoop-hdds-container-service/0.5.0-SNAPSHOT/hadoop-hdds-container-service-0.5.0-SNAPSHOT.jar!/webapps/static,AVAILABLE}
2019-06-13 13:31:09,391 INFO  handler.ContextHandler (ContextHandler.java:doStart(781)) - Started o.e.j.w.WebAppContext@75e92bb7{/,file:///tmp/jetty-0.0.0.0-46793-hddsDatanode-_-any-7654097731606916780.dir/webapp/,AVAILABLE}{/hddsDatanode}
2019-06-13 13:31:09,391 INFO  server.AbstractConnector (AbstractConnector.java:doStart(278)) - Started ServerConnector@2ebcbf9d{HTTP/1.1,[http/1.1]}{0.0.0.0:46793}
2019-06-13 13:31:09,392 INFO  server.Server (Server.java:doStart(419)) - Started @48005ms
2019-06-13 13:31:09,393 INFO  server.BaseHttpServer (BaseHttpServer.java:updateConnectorAddress(207)) - HTTP server of HDDSDATANODE is listening at http://0.0.0.0:46793
2019-06-13 13:31:09,464 INFO  ozone.HddsDatanodeService (HddsDatanodeService.java:startPlugins(396)) - Started plug-in org.apache.hadoop.ozone.web.OzoneHddsDatanodeService@79b0956e
2019-06-13 13:31:09,464 INFO  impl.MetricsSystemImpl (MetricsSystemImpl.java:init(158)) - HddsDatanode metrics system started (again)
2019-06-13 13:31:09,464 INFO  ozone.HddsDatanodeService (HddsDatanodeService.java:start(185)) - HddsDatanodeService host:ozone-s9v57-3710753675 ip:192.168.46.37
2019-06-13 13:31:09,466 INFO  util.JvmPauseMonitor (JvmPauseMonitor.java:run(188)) - Starting JVM pause monitor
2019-06-13 13:31:09,467 INFO  datanode.InitDatanodeState (InitDatanodeState.java:persistContainerDatanodeDetails(140)) - DatanodeDetails is persisted to /opt/src/hadoop-ozone/integration-test/target/test-dir/MiniOzoneClusterImpl-f3101cc7-c0e2-4c8b-9ce9-3ea1830401d5/datanode-2/meta/datanode.id
2019-06-13 13:31:09,470 INFO  volume.HddsVolume (HddsVolume.java:<init>(176)) - Creating Volume: /opt/src/hadoop-ozone/integration-test/target/test-dir/MiniOzoneClusterImpl-f3101cc7-c0e2-4c8b-9ce9-3ea1830401d5/datanode-3/data/containers/hdds of  storage type : DISK and capacity : 104021790720
2019-06-13 13:31:09,470 INFO  volume.VolumeSet (VolumeSet.java:initializeVolumeSet(170)) - Added Volume : /opt/src/hadoop-ozone/integration-test/target/test-dir/MiniOzoneClusterImpl-f3101cc7-c0e2-4c8b-9ce9-3ea1830401d5/datanode-3/data/containers/hdds to VolumeSet
2019-06-13 13:31:09,471 INFO  volume.ThrottledAsyncChecker (ThrottledAsyncChecker.java:schedule(140)) - Scheduling a check for org.apache.hadoop.ozone.container.common.volume.HddsVolume@2fc0ad21
2019-06-13 13:31:09,471 INFO  volume.HddsVolumeChecker (HddsVolumeChecker.java:checkAllVolumes(203)) - Scheduled health check for volume org.apache.hadoop.ozone.container.common.volume.HddsVolume@2fc0ad21
2019-06-13 13:31:09,478 INFO  ratis.XceiverServerRatis (XceiverServerRatis.java:newXceiverServerRatis(401)) - Found a free port for the server : 33223
2019-06-13 13:31:09,479 INFO  impl.RaftServerProxy (ConfUtils.java:logGet(43)) - raft.rpc.type = GRPC (default)
2019-06-13 13:31:09,479 INFO  grpc.GrpcConfigKeys$Server (ConfUtils.java:logGet(43)) - raft.grpc.server.port = 33223 (custom)
2019-06-13 13:31:09,479 INFO  server.GrpcService (ConfUtils.java:logGet(43)) - raft.grpc.message.size.max = 33570816 (custom)
2019-06-13 13:31:09,480 INFO  server.RaftServerConfigKeys (ConfUtils.java:logGet(43)) - raft.server.log.appender.buffer.byte-limit = 33554432 (custom)
2019-06-13 13:31:09,480 INFO  server.GrpcService (ConfUtils.java:logGet(43)) - raft.grpc.flow.control.window = 1MB (=1048576) (default)
2019-06-13 13:31:09,480 INFO  server.RaftServerConfigKeys (ConfUtils.java:logGet(43)) - raft.server.rpc.request.timeout = 3000ms (default)
2019-06-13 13:31:09,480 INFO  server.RaftServerConfigKeys (ConfUtils.java:logGet(43)) - raft.server.storage.dir = [/opt/src/hadoop-ozone/integration-test/target/test-dir/MiniOzoneClusterImpl-f3101cc7-c0e2-4c8b-9ce9-3ea1830401d5/datanode-3/data/ratis] (custom)
2019-06-13 13:31:09,480 INFO  server.XceiverServerGrpc (XceiverServerGrpc.java:<init>(97)) - Found a free port for the server : 44723
2019-06-13 13:31:09,481 INFO  replication.SimpleContainerDownloader (SimpleContainerDownloader.java:<init>(72)) - Starting container downloader service to copy containers to replicate.
2019-06-13 13:31:09,482 INFO  hdfs.DFSUtil (DFSUtil.java:httpServerTemplateForNNAndJN(1641)) - Starting Web-server for hddsDatanode at: http://0.0.0.0:0
2019-06-13 13:31:09,482 INFO  server.AuthenticationFilter (AuthenticationFilter.java:constructSecretProvider(240)) - Unable to initialize FileSignerSecretProvider, falling back to use random secrets.
2019-06-13 13:31:09,483 WARN  http.HttpRequestLog (HttpRequestLog.java:getRequestLog(97)) - Jetty request log can only be enabled using Log4j
2019-06-13 13:31:09,484 INFO  http.HttpServer2 (HttpServer2.java:addGlobalFilter(975)) - Added global filter 'safety' (class=org.apache.hadoop.http.HttpServer2$QuotingInputFilter)
2019-06-13 13:31:09,484 INFO  http.HttpServer2 (HttpServer2.java:addFilter(948)) - Added filter static_user_filter (class=org.apache.hadoop.http.lib.StaticUserWebFilter$StaticUserFilter) to context hddsDatanode
2019-06-13 13:31:09,484 INFO  http.HttpServer2 (HttpServer2.java:addFilter(958)) - Added filter static_user_filter (class=org.apache.hadoop.http.lib.StaticUserWebFilter$StaticUserFilter) to context logs
2019-06-13 13:31:09,484 INFO  http.HttpServer2 (HttpServer2.java:addFilter(958)) - Added filter static_user_filter (class=org.apache.hadoop.http.lib.StaticUserWebFilter$StaticUserFilter) to context static
2019-06-13 13:31:09,484 INFO  http.HttpServer2 (HttpServer2.java:bindListener(1191)) - Jetty bound to port 43417
2019-06-13 13:31:09,485 INFO  server.Server (Server.java:doStart(351)) - jetty-9.3.24.v20180605, build timestamp: 2018-06-05T17:11:56Z, git hash: 84205aa28f11a4f31f2a3b86d1bba2cc8ab69827
2019-06-13 13:31:09,486 INFO  handler.ContextHandler (ContextHandler.java:doStart(781)) - Started o.e.j.s.ServletContextHandler@7c680fe1{/logs,file:///opt/src/hadoop-ozone/integration-test/target/log,AVAILABLE}
2019-06-13 13:31:09,486 INFO  handler.ContextHandler (ContextHandler.java:doStart(781)) - Started o.e.j.s.ServletContextHandler@4cd6f08b{/static,jar:file:/root/.m2/repository/org/apache/hadoop/hadoop-hdds-container-service/0.5.0-SNAPSHOT/hadoop-hdds-container-service-0.5.0-SNAPSHOT.jar!/webapps/static,AVAILABLE}
2019-06-13 13:31:09,506 INFO  handler.ContextHandler (ContextHandler.java:doStart(781)) - Started o.e.j.w.WebAppContext@2f64f99f{/,file:///tmp/jetty-0.0.0.0-43417-hddsDatanode-_-any-5869003355725626345.dir/webapp/,AVAILABLE}{/hddsDatanode}
2019-06-13 13:31:09,507 INFO  server.AbstractConnector (AbstractConnector.java:doStart(278)) - Started ServerConnector@16c1d11{HTTP/1.1,[http/1.1]}{0.0.0.0:43417}
2019-06-13 13:31:09,507 INFO  server.Server (Server.java:doStart(419)) - Started @48120ms
2019-06-13 13:31:09,508 INFO  server.BaseHttpServer (BaseHttpServer.java:updateConnectorAddress(207)) - HTTP server of HDDSDATANODE is listening at http://0.0.0.0:43417
2019-06-13 13:31:09,577 INFO  ozone.HddsDatanodeService (HddsDatanodeService.java:startPlugins(396)) - Started plug-in org.apache.hadoop.ozone.web.OzoneHddsDatanodeService@1fcf73b9
2019-06-13 13:31:09,578 INFO  impl.MetricsSystemImpl (MetricsSystemImpl.java:init(158)) - HddsDatanode metrics system started (again)
2019-06-13 13:31:09,578 INFO  ozone.HddsDatanodeService (HddsDatanodeService.java:start(185)) - HddsDatanodeService host:ozone-s9v57-3710753675 ip:192.168.46.37
2019-06-13 13:31:09,579 INFO  util.JvmPauseMonitor (JvmPauseMonitor.java:run(188)) - Starting JVM pause monitor
2019-06-13 13:31:09,579 INFO  datanode.InitDatanodeState (InitDatanodeState.java:persistContainerDatanodeDetails(140)) - DatanodeDetails is persisted to /opt/src/hadoop-ozone/integration-test/target/test-dir/MiniOzoneClusterImpl-f3101cc7-c0e2-4c8b-9ce9-3ea1830401d5/datanode-3/meta/datanode.id
2019-06-13 13:31:09,582 INFO  volume.HddsVolume (HddsVolume.java:<init>(176)) - Creating Volume: /opt/src/hadoop-ozone/integration-test/target/test-dir/MiniOzoneClusterImpl-f3101cc7-c0e2-4c8b-9ce9-3ea1830401d5/datanode-4/data/containers/hdds of  storage type : DISK and capacity : 104021790720
2019-06-13 13:31:09,582 INFO  volume.VolumeSet (VolumeSet.java:initializeVolumeSet(170)) - Added Volume : /opt/src/hadoop-ozone/integration-test/target/test-dir/MiniOzoneClusterImpl-f3101cc7-c0e2-4c8b-9ce9-3ea1830401d5/datanode-4/data/containers/hdds to VolumeSet
2019-06-13 13:31:09,582 INFO  volume.ThrottledAsyncChecker (ThrottledAsyncChecker.java:schedule(140)) - Scheduling a check for org.apache.hadoop.ozone.container.common.volume.HddsVolume@4c6fabba
2019-06-13 13:31:09,583 INFO  volume.HddsVolumeChecker (HddsVolumeChecker.java:checkAllVolumes(203)) - Scheduled health check for volume org.apache.hadoop.ozone.container.common.volume.HddsVolume@4c6fabba
2019-06-13 13:31:09,590 INFO  ratis.XceiverServerRatis (XceiverServerRatis.java:newXceiverServerRatis(401)) - Found a free port for the server : 39049
2019-06-13 13:31:09,591 INFO  impl.RaftServerProxy (ConfUtils.java:logGet(43)) - raft.rpc.type = GRPC (default)
2019-06-13 13:31:09,591 INFO  grpc.GrpcConfigKeys$Server (ConfUtils.java:logGet(43)) - raft.grpc.server.port = 39049 (custom)
2019-06-13 13:31:09,592 INFO  server.GrpcService (ConfUtils.java:logGet(43)) - raft.grpc.message.size.max = 33570816 (custom)
2019-06-13 13:31:09,592 INFO  server.RaftServerConfigKeys (ConfUtils.java:logGet(43)) - raft.server.log.appender.buffer.byte-limit = 33554432 (custom)
2019-06-13 13:31:09,592 INFO  server.GrpcService (ConfUtils.java:logGet(43)) - raft.grpc.flow.control.window = 1MB (=1048576) (default)
2019-06-13 13:31:09,592 INFO  server.RaftServerConfigKeys (ConfUtils.java:logGet(43)) - raft.server.rpc.request.timeout = 3000ms (default)
2019-06-13 13:31:09,592 INFO  server.RaftServerConfigKeys (ConfUtils.java:logGet(43)) - raft.server.storage.dir = [/opt/src/hadoop-ozone/integration-test/target/test-dir/MiniOzoneClusterImpl-f3101cc7-c0e2-4c8b-9ce9-3ea1830401d5/datanode-4/data/ratis] (custom)
2019-06-13 13:31:09,593 INFO  server.XceiverServerGrpc (XceiverServerGrpc.java:<init>(97)) - Found a free port for the server : 44323
2019-06-13 13:31:09,593 INFO  replication.SimpleContainerDownloader (SimpleContainerDownloader.java:<init>(72)) - Starting container downloader service to copy containers to replicate.
2019-06-13 13:31:09,594 INFO  hdfs.DFSUtil (DFSUtil.java:httpServerTemplateForNNAndJN(1641)) - Starting Web-server for hddsDatanode at: http://0.0.0.0:0
2019-06-13 13:31:09,594 INFO  server.AuthenticationFilter (AuthenticationFilter.java:constructSecretProvider(240)) - Unable to initialize FileSignerSecretProvider, falling back to use random secrets.
2019-06-13 13:31:09,595 WARN  http.HttpRequestLog (HttpRequestLog.java:getRequestLog(97)) - Jetty request log can only be enabled using Log4j
2019-06-13 13:31:09,596 INFO  http.HttpServer2 (HttpServer2.java:addGlobalFilter(975)) - Added global filter 'safety' (class=org.apache.hadoop.http.HttpServer2$QuotingInputFilter)
2019-06-13 13:31:09,596 INFO  http.HttpServer2 (HttpServer2.java:addFilter(948)) - Added filter static_user_filter (class=org.apache.hadoop.http.lib.StaticUserWebFilter$StaticUserFilter) to context hddsDatanode
2019-06-13 13:31:09,596 INFO  http.HttpServer2 (HttpServer2.java:addFilter(958)) - Added filter static_user_filter (class=org.apache.hadoop.http.lib.StaticUserWebFilter$StaticUserFilter) to context static
2019-06-13 13:31:09,596 INFO  http.HttpServer2 (HttpServer2.java:addFilter(958)) - Added filter static_user_filter (class=org.apache.hadoop.http.lib.StaticUserWebFilter$StaticUserFilter) to context logs
2019-06-13 13:31:09,597 INFO  http.HttpServer2 (HttpServer2.java:bindListener(1191)) - Jetty bound to port 40935
2019-06-13 13:31:09,597 INFO  server.Server (Server.java:doStart(351)) - jetty-9.3.24.v20180605, build timestamp: 2018-06-05T17:11:56Z, git hash: 84205aa28f11a4f31f2a3b86d1bba2cc8ab69827
2019-06-13 13:31:09,598 INFO  handler.ContextHandler (ContextHandler.java:doStart(781)) - Started o.e.j.s.ServletContextHandler@6ae6a77b{/logs,file:///opt/src/hadoop-ozone/integration-test/target/log,AVAILABLE}
2019-06-13 13:31:09,599 INFO  handler.ContextHandler (ContextHandler.java:doStart(781)) - Started o.e.j.s.ServletContextHandler@796e2187{/static,jar:file:/root/.m2/repository/org/apache/hadoop/hadoop-hdds-container-service/0.5.0-SNAPSHOT/hadoop-hdds-container-service-0.5.0-SNAPSHOT.jar!/webapps/static,AVAILABLE}
2019-06-13 13:31:09,618 INFO  handler.ContextHandler (ContextHandler.java:doStart(781)) - Started o.e.j.w.WebAppContext@6af29394{/,file:///tmp/jetty-0.0.0.0-40935-hddsDatanode-_-any-8267988715204422488.dir/webapp/,AVAILABLE}{/hddsDatanode}
2019-06-13 13:31:09,618 INFO  server.AbstractConnector (AbstractConnector.java:doStart(278)) - Started ServerConnector@70f8d217{HTTP/1.1,[http/1.1]}{0.0.0.0:40935}
2019-06-13 13:31:09,619 INFO  server.Server (Server.java:doStart(419)) - Started @48232ms
2019-06-13 13:31:09,620 INFO  server.BaseHttpServer (BaseHttpServer.java:updateConnectorAddress(207)) - HTTP server of HDDSDATANODE is listening at http://0.0.0.0:40935
2019-06-13 13:31:09,743 INFO  ozone.HddsDatanodeService (HddsDatanodeService.java:startPlugins(396)) - Started plug-in org.apache.hadoop.ozone.web.OzoneHddsDatanodeService@238a7e3d
2019-06-13 13:31:09,743 INFO  impl.MetricsSystemImpl (MetricsSystemImpl.java:init(158)) - HddsDatanode metrics system started (again)
2019-06-13 13:31:09,743 INFO  ozone.HddsDatanodeService (HddsDatanodeService.java:start(185)) - HddsDatanodeService host:ozone-s9v57-3710753675 ip:192.168.46.37
2019-06-13 13:31:09,745 INFO  util.JvmPauseMonitor (JvmPauseMonitor.java:run(188)) - Starting JVM pause monitor
2019-06-13 13:31:09,746 INFO  datanode.InitDatanodeState (InitDatanodeState.java:persistContainerDatanodeDetails(140)) - DatanodeDetails is persisted to /opt/src/hadoop-ozone/integration-test/target/test-dir/MiniOzoneClusterImpl-f3101cc7-c0e2-4c8b-9ce9-3ea1830401d5/datanode-4/meta/datanode.id
2019-06-13 13:31:09,749 INFO  volume.HddsVolume (HddsVolume.java:<init>(176)) - Creating Volume: /opt/src/hadoop-ozone/integration-test/target/test-dir/MiniOzoneClusterImpl-f3101cc7-c0e2-4c8b-9ce9-3ea1830401d5/datanode-5/data/containers/hdds of  storage type : DISK and capacity : 104021790720
2019-06-13 13:31:09,750 INFO  volume.VolumeSet (VolumeSet.java:initializeVolumeSet(170)) - Added Volume : /opt/src/hadoop-ozone/integration-test/target/test-dir/MiniOzoneClusterImpl-f3101cc7-c0e2-4c8b-9ce9-3ea1830401d5/datanode-5/data/containers/hdds to VolumeSet
2019-06-13 13:31:09,750 INFO  volume.ThrottledAsyncChecker (ThrottledAsyncChecker.java:schedule(140)) - Scheduling a check for org.apache.hadoop.ozone.container.common.volume.HddsVolume@6efc9d3f
2019-06-13 13:31:09,750 INFO  volume.HddsVolumeChecker (HddsVolumeChecker.java:checkAllVolumes(203)) - Scheduled health check for volume org.apache.hadoop.ozone.container.common.volume.HddsVolume@6efc9d3f
2019-06-13 13:31:09,761 INFO  ratis.XceiverServerRatis (XceiverServerRatis.java:newXceiverServerRatis(401)) - Found a free port for the server : 37819
2019-06-13 13:31:09,762 INFO  impl.RaftServerProxy (ConfUtils.java:logGet(43)) - raft.rpc.type = GRPC (default)
2019-06-13 13:31:09,762 INFO  grpc.GrpcConfigKeys$Server (ConfUtils.java:logGet(43)) - raft.grpc.server.port = 37819 (custom)
2019-06-13 13:31:09,762 INFO  server.GrpcService (ConfUtils.java:logGet(43)) - raft.grpc.message.size.max = 33570816 (custom)
2019-06-13 13:31:09,762 INFO  server.RaftServerConfigKeys (ConfUtils.java:logGet(43)) - raft.server.log.appender.buffer.byte-limit = 33554432 (custom)
2019-06-13 13:31:09,763 INFO  server.GrpcService (ConfUtils.java:logGet(43)) - raft.grpc.flow.control.window = 1MB (=1048576) (default)
2019-06-13 13:31:09,763 INFO  server.RaftServerConfigKeys (ConfUtils.java:logGet(43)) - raft.server.rpc.request.timeout = 3000ms (default)
2019-06-13 13:31:09,763 INFO  server.RaftServerConfigKeys (ConfUtils.java:logGet(43)) - raft.server.storage.dir = [/opt/src/hadoop-ozone/integration-test/target/test-dir/MiniOzoneClusterImpl-f3101cc7-c0e2-4c8b-9ce9-3ea1830401d5/datanode-5/data/ratis] (custom)
2019-06-13 13:31:09,763 INFO  server.XceiverServerGrpc (XceiverServerGrpc.java:<init>(97)) - Found a free port for the server : 40213
2019-06-13 13:31:09,764 INFO  replication.SimpleContainerDownloader (SimpleContainerDownloader.java:<init>(72)) - Starting container downloader service to copy containers to replicate.
2019-06-13 13:31:09,764 INFO  hdfs.DFSUtil (DFSUtil.java:httpServerTemplateForNNAndJN(1641)) - Starting Web-server for hddsDatanode at: http://0.0.0.0:0
2019-06-13 13:31:09,765 INFO  server.AuthenticationFilter (AuthenticationFilter.java:constructSecretProvider(240)) - Unable to initialize FileSignerSecretProvider, falling back to use random secrets.
2019-06-13 13:31:09,766 WARN  http.HttpRequestLog (HttpRequestLog.java:getRequestLog(97)) - Jetty request log can only be enabled using Log4j
2019-06-13 13:31:09,767 INFO  http.HttpServer2 (HttpServer2.java:addGlobalFilter(975)) - Added global filter 'safety' (class=org.apache.hadoop.http.HttpServer2$QuotingInputFilter)
2019-06-13 13:31:09,767 INFO  http.HttpServer2 (HttpServer2.java:addFilter(948)) - Added filter static_user_filter (class=org.apache.hadoop.http.lib.StaticUserWebFilter$StaticUserFilter) to context hddsDatanode
2019-06-13 13:31:09,767 INFO  http.HttpServer2 (HttpServer2.java:addFilter(958)) - Added filter static_user_filter (class=org.apache.hadoop.http.lib.StaticUserWebFilter$StaticUserFilter) to context logs
2019-06-13 13:31:09,767 INFO  http.HttpServer2 (HttpServer2.java:addFilter(958)) - Added filter static_user_filter (class=org.apache.hadoop.http.lib.StaticUserWebFilter$StaticUserFilter) to context static
2019-06-13 13:31:09,768 INFO  http.HttpServer2 (HttpServer2.java:bindListener(1191)) - Jetty bound to port 39165
2019-06-13 13:31:09,768 INFO  server.Server (Server.java:doStart(351)) - jetty-9.3.24.v20180605, build timestamp: 2018-06-05T17:11:56Z, git hash: 84205aa28f11a4f31f2a3b86d1bba2cc8ab69827
2019-06-13 13:31:09,769 INFO  handler.ContextHandler (ContextHandler.java:doStart(781)) - Started o.e.j.s.ServletContextHandler@6d84ab90{/logs,file:///opt/src/hadoop-ozone/integration-test/target/log,AVAILABLE}
2019-06-13 13:31:09,770 INFO  handler.ContextHandler (ContextHandler.java:doStart(781)) - Started o.e.j.s.ServletContextHandler@7cb38a6a{/static,jar:file:/root/.m2/repository/org/apache/hadoop/hadoop-hdds-container-service/0.5.0-SNAPSHOT/hadoop-hdds-container-service-0.5.0-SNAPSHOT.jar!/webapps/static,AVAILABLE}
2019-06-13 13:31:09,789 INFO  handler.ContextHandler (ContextHandler.java:doStart(781)) - Started o.e.j.w.WebAppContext@f6e3b67{/,file:///tmp/jetty-0.0.0.0-39165-hddsDatanode-_-any-1854613808750861381.dir/webapp/,AVAILABLE}{/hddsDatanode}
2019-06-13 13:31:09,789 INFO  server.AbstractConnector (AbstractConnector.java:doStart(278)) - Started ServerConnector@1dc2c13c{HTTP/1.1,[http/1.1]}{0.0.0.0:39165}
2019-06-13 13:31:09,790 INFO  server.Server (Server.java:doStart(419)) - Started @48403ms
2019-06-13 13:31:09,791 INFO  server.BaseHttpServer (BaseHttpServer.java:updateConnectorAddress(207)) - HTTP server of HDDSDATANODE is listening at http://0.0.0.0:39165
2019-06-13 13:31:09,871 INFO  ozone.HddsDatanodeService (HddsDatanodeService.java:startPlugins(396)) - Started plug-in org.apache.hadoop.ozone.web.OzoneHddsDatanodeService@2e4d252
2019-06-13 13:31:09,871 INFO  ozone.MiniOzoneClusterImpl (MiniOzoneClusterImpl.java:lambda$waitForClusterToBeReady$0(142)) - Waiting for cluster to be ready. Got 0 of 6 DN Heartbeats.
2019-06-13 13:31:09,872 INFO  util.JvmPauseMonitor (JvmPauseMonitor.java:run(188)) - Starting JVM pause monitor
2019-06-13 13:31:09,873 INFO  datanode.InitDatanodeState (InitDatanodeState.java:persistContainerDatanodeDetails(140)) - DatanodeDetails is persisted to /opt/src/hadoop-ozone/integration-test/target/test-dir/MiniOzoneClusterImpl-f3101cc7-c0e2-4c8b-9ce9-3ea1830401d5/datanode-5/meta/datanode.id
2019-06-13 13:31:10,872 INFO  ozone.MiniOzoneClusterImpl (MiniOzoneClusterImpl.java:lambda$waitForClusterToBeReady$0(142)) - Waiting for cluster to be ready. Got 0 of 6 DN Heartbeats.
2019-06-13 13:31:10,956 WARN  events.EventQueue (EventQueue.java:fireEvent(147)) - Processing of TypedEvent{payloadType=DatanodeDetails, name='Stale_Node'} is skipped, EventQueue is not running
2019-06-13 13:31:11,192 INFO  ozoneimpl.OzoneContainer (OzoneContainer.java:start(186)) - Attempting to start container services.
2019-06-13 13:31:11,192 INFO  ozoneimpl.OzoneContainer (OzoneContainer.java:startContainerScrub(160)) - Background container scrubber has been disabled by hdds.containerscrub.enabled
2019-06-13 13:31:11,193 INFO  ratis.XceiverServerRatis (XceiverServerRatis.java:start(418)) - Starting XceiverServerRatis 33d136f9-9d80-4c34-8892-625e8eaf38ce at port 33315
2019-06-13 13:31:11,196 INFO  impl.RaftServerProxy (RaftServerProxy.java:lambda$start$3(299)) - 33d136f9-9d80-4c34-8892-625e8eaf38ce: start RPC server
2019-06-13 13:31:11,196 INFO  server.GrpcService (GrpcService.java:startImpl(148)) - 33d136f9-9d80-4c34-8892-625e8eaf38ce: GrpcService started, listening on 0.0.0.0/0.0.0.0:33315
2019-06-13 13:31:11,334 INFO  ozoneimpl.OzoneContainer (OzoneContainer.java:start(186)) - Attempting to start container services.
2019-06-13 13:31:11,334 INFO  ozoneimpl.OzoneContainer (OzoneContainer.java:startContainerScrub(160)) - Background container scrubber has been disabled by hdds.containerscrub.enabled
2019-06-13 13:31:11,334 INFO  ratis.XceiverServerRatis (XceiverServerRatis.java:start(418)) - Starting XceiverServerRatis ea36ec44-1e45-4035-b4f5-621a7be34482 at port 41123
2019-06-13 13:31:11,338 INFO  impl.RaftServerProxy (RaftServerProxy.java:lambda$start$3(299)) - ea36ec44-1e45-4035-b4f5-621a7be34482: start RPC server
2019-06-13 13:31:11,338 INFO  server.GrpcService (GrpcService.java:startImpl(148)) - ea36ec44-1e45-4035-b4f5-621a7be34482: GrpcService started, listening on 0.0.0.0/0.0.0.0:41123
2019-06-13 13:31:11,456 WARN  events.EventQueue (EventQueue.java:fireEvent(147)) - Processing of TypedEvent{payloadType=DatanodeDetails, name='Stale_Node'} is skipped, EventQueue is not running
2019-06-13 13:31:11,456 WARN  events.EventQueue (EventQueue.java:fireEvent(147)) - Processing of TypedEvent{payloadType=DatanodeDetails, name='Stale_Node'} is skipped, EventQueue is not running
2019-06-13 13:31:11,456 WARN  events.EventQueue (EventQueue.java:fireEvent(147)) - Processing of TypedEvent{payloadType=DatanodeDetails, name='Stale_Node'} is skipped, EventQueue is not running
2019-06-13 13:31:11,469 INFO  ozoneimpl.OzoneContainer (OzoneContainer.java:start(186)) - Attempting to start container services.
2019-06-13 13:31:11,469 INFO  ozoneimpl.OzoneContainer (OzoneContainer.java:startContainerScrub(160)) - Background container scrubber has been disabled by hdds.containerscrub.enabled
2019-06-13 13:31:11,469 INFO  ratis.XceiverServerRatis (XceiverServerRatis.java:start(418)) - Starting XceiverServerRatis 2609858b-dce0-48df-bbd8-006d8918a812 at port 38877
2019-06-13 13:31:11,472 INFO  impl.RaftServerProxy (RaftServerProxy.java:lambda$start$3(299)) - 2609858b-dce0-48df-bbd8-006d8918a812: start RPC server
2019-06-13 13:31:11,472 INFO  server.GrpcService (GrpcService.java:startImpl(148)) - 2609858b-dce0-48df-bbd8-006d8918a812: GrpcService started, listening on 0.0.0.0/0.0.0.0:38877
2019-06-13 13:31:11,581 INFO  ozoneimpl.OzoneContainer (OzoneContainer.java:start(186)) - Attempting to start container services.
2019-06-13 13:31:11,581 INFO  ozoneimpl.OzoneContainer (OzoneContainer.java:startContainerScrub(160)) - Background container scrubber has been disabled by hdds.containerscrub.enabled
2019-06-13 13:31:11,582 INFO  ratis.XceiverServerRatis (XceiverServerRatis.java:start(418)) - Starting XceiverServerRatis 36509e8f-98c0-4b33-8e71-c1f0681d731a at port 33223
2019-06-13 13:31:11,587 INFO  impl.RaftServerProxy (RaftServerProxy.java:lambda$start$3(299)) - 36509e8f-98c0-4b33-8e71-c1f0681d731a: start RPC server
2019-06-13 13:31:11,588 INFO  server.GrpcService (GrpcService.java:startImpl(148)) - 36509e8f-98c0-4b33-8e71-c1f0681d731a: GrpcService started, listening on 0.0.0.0/0.0.0.0:33223
2019-06-13 13:31:11,747 INFO  ozoneimpl.OzoneContainer (OzoneContainer.java:start(186)) - Attempting to start container services.
2019-06-13 13:31:11,747 INFO  ozoneimpl.OzoneContainer (OzoneContainer.java:startContainerScrub(160)) - Background container scrubber has been disabled by hdds.containerscrub.enabled
2019-06-13 13:31:11,747 INFO  ratis.XceiverServerRatis (XceiverServerRatis.java:start(418)) - Starting XceiverServerRatis b6862f76-4d64-4a44-8bb3-fe5ac57d7e31 at port 39049
2019-06-13 13:31:11,750 INFO  impl.RaftServerProxy (RaftServerProxy.java:lambda$start$3(299)) - b6862f76-4d64-4a44-8bb3-fe5ac57d7e31: start RPC server
2019-06-13 13:31:11,751 INFO  server.GrpcService (GrpcService.java:startImpl(148)) - b6862f76-4d64-4a44-8bb3-fe5ac57d7e31: GrpcService started, listening on 0.0.0.0/0.0.0.0:39049
2019-06-13 13:31:11,872 INFO  ozone.MiniOzoneClusterImpl (MiniOzoneClusterImpl.java:lambda$waitForClusterToBeReady$0(142)) - Waiting for cluster to be ready. Got 0 of 6 DN Heartbeats.
2019-06-13 13:31:11,875 INFO  ozoneimpl.OzoneContainer (OzoneContainer.java:start(186)) - Attempting to start container services.
2019-06-13 13:31:11,875 INFO  ozoneimpl.OzoneContainer (OzoneContainer.java:startContainerScrub(160)) - Background container scrubber has been disabled by hdds.containerscrub.enabled
2019-06-13 13:31:11,875 INFO  ratis.XceiverServerRatis (XceiverServerRatis.java:start(418)) - Starting XceiverServerRatis 88d5fa31-1f04-49bc-a656-03325a50df7c at port 37819
2019-06-13 13:31:11,878 INFO  impl.RaftServerProxy (RaftServerProxy.java:lambda$start$3(299)) - 88d5fa31-1f04-49bc-a656-03325a50df7c: start RPC server
2019-06-13 13:31:11,878 INFO  server.GrpcService (GrpcService.java:startImpl(148)) - 88d5fa31-1f04-49bc-a656-03325a50df7c: GrpcService started, listening on 0.0.0.0/0.0.0.0:37819
2019-06-13 13:31:12,872 INFO  ozone.MiniOzoneClusterImpl (MiniOzoneClusterImpl.java:lambda$waitForClusterToBeReady$0(142)) - Waiting for cluster to be ready. Got 0 of 6 DN Heartbeats.
2019-06-13 13:31:13,189 INFO  node.SCMNodeManager (SCMNodeManager.java:register(234)) - Registered Data node : 33d136f9-9d80-4c34-8892-625e8eaf38ce{ip: 192.168.46.37, host: ozone-s9v57-3710753675, networkLocation: /default-rack, certSerialId: null}
2019-06-13 13:31:13,191 INFO  safemode.SCMSafeModeManager (DataNodeSafeModeRule.java:process(71)) - SCM in safe mode. 1 DataNodes registered, 1 required.
2019-06-13 13:31:13,192 INFO  safemode.SCMSafeModeManager (SCMSafeModeManager.java:validateSafeModeExitRules(177)) - ScmSafeModeManager, all rules are successfully validated
2019-06-13 13:31:13,192 INFO  safemode.SCMSafeModeManager (SCMSafeModeManager.java:exitSafeMode(193)) - SCM exiting safe mode.
2019-06-13 13:31:13,196 INFO  impl.RaftServerProxy (RaftServerProxy.java:addNew(89)) - 33d136f9-9d80-4c34-8892-625e8eaf38ce: addNew group-FF06A165DC0D:[33d136f9-9d80-4c34-8892-625e8eaf38ce:192.168.46.37:33315] returns group-FF06A165DC0D:java.util.concurrent.CompletableFuture@b125ed8[Not completed]
2019-06-13 13:31:13,197 INFO  impl.RaftServerImpl (RaftServerImpl.java:<init>(91)) - 33d136f9-9d80-4c34-8892-625e8eaf38ce: new RaftServerImpl for group-FF06A165DC0D:[33d136f9-9d80-4c34-8892-625e8eaf38ce:192.168.46.37:33315] with ContainerStateMachine:uninitialized
2019-06-13 13:31:13,197 INFO  server.RaftServerConfigKeys (ConfUtils.java:logGet(43)) - raft.server.rpc.timeout.min = 1s (custom)
2019-06-13 13:31:13,197 INFO  server.RaftServerConfigKeys (ConfUtils.java:logGet(43)) - raft.server.rpc.timeout.max = 1200ms (custom)
2019-06-13 13:31:13,197 INFO  server.RaftServerConfigKeys (ConfUtils.java:logGet(43)) - raft.server.rpcslowness.timeout = 120s (custom)
2019-06-13 13:31:13,197 INFO  server.RaftServerConfigKeys (ConfUtils.java:logGet(43)) - raft.server.log.appender.install.snapshot.enabled = true (default)
2019-06-13 13:31:13,197 INFO  impl.RaftServerImpl (ServerState.java:<init>(101)) - 33d136f9-9d80-4c34-8892-625e8eaf38ce:group-FF06A165DC0D ConfigurationManager, init=-1: [33d136f9-9d80-4c34-8892-625e8eaf38ce:192.168.46.37:33315], old=null, confs=<EMPTY_MAP>
2019-06-13 13:31:13,197 INFO  server.RaftServerConfigKeys (ConfUtils.java:logGet(43)) - raft.server.storage.dir = [/opt/src/hadoop-ozone/integration-test/target/test-dir/MiniOzoneClusterImpl-f3101cc7-c0e2-4c8b-9ce9-3ea1830401d5/datanode-0/data/ratis] (custom)
2019-06-13 13:31:13,198 INFO  storage.RaftStorageDirectory (RaftStorageDirectory.java:analyzeStorage(246)) - The storage directory /opt/src/hadoop-ozone/integration-test/target/test-dir/MiniOzoneClusterImpl-f3101cc7-c0e2-4c8b-9ce9-3ea1830401d5/datanode-0/data/ratis/feace0b6-44d5-4333-8f09-ff06a165dc0d does not exist. Creating ...
2019-06-13 13:31:13,200 INFO  storage.RaftStorageDirectory (RaftStorageDirectory.java:tryLock(328)) - Lock on /opt/src/hadoop-ozone/integration-test/target/test-dir/MiniOzoneClusterImpl-f3101cc7-c0e2-4c8b-9ce9-3ea1830401d5/datanode-0/data/ratis/feace0b6-44d5-4333-8f09-ff06a165dc0d/in_use.lock acquired by nodename 15289@ozone-s9v57-3710753675
2019-06-13 13:31:13,202 INFO  storage.RaftStorage (RaftStorage.java:format(75)) - Storage directory /opt/src/hadoop-ozone/integration-test/target/test-dir/MiniOzoneClusterImpl-f3101cc7-c0e2-4c8b-9ce9-3ea1830401d5/datanode-0/data/ratis/feace0b6-44d5-4333-8f09-ff06a165dc0d has been successfully formatted.
2019-06-13 13:31:13,202 INFO  ratis.ContainerStateMachine (ContainerStateMachine.java:loadSnapshot(199)) - The snapshot info is null.Setting the last applied index to:(t:0, i:~)
2019-06-13 13:31:13,202 INFO  server.RaftServerConfigKeys (ConfUtils.java:logGet(43)) - raft.server.leader.election.timeout = 120s (custom)
2019-06-13 13:31:13,202 INFO  server.RaftServerConfigKeys (ConfUtils.java:logGet(43)) - raft.server.log.use.memory = false (default)
2019-06-13 13:31:13,202 INFO  server.RaftServerConfigKeys (ConfUtils.java:logGet(43)) - raft.server.log.appender.buffer.byte-limit = 33554432 (custom)
2019-06-13 13:31:13,202 INFO  server.RaftServerConfigKeys (ConfUtils.java:logGet(43)) - raft.server.log.segment.size.max = 16384 (custom)
2019-06-13 13:31:13,202 INFO  server.RaftServerConfigKeys (ConfUtils.java:logGet(43)) - raft.server.log.segment.cache.num.max = 2 (custom)
2019-06-13 13:31:13,203 INFO  storage.RaftLogWorker (RaftLogWorker.java:<init>(123)) - new 33d136f9-9d80-4c34-8892-625e8eaf38ce-RaftLogWorker for Storage Directory /opt/src/hadoop-ozone/integration-test/target/test-dir/MiniOzoneClusterImpl-f3101cc7-c0e2-4c8b-9ce9-3ea1830401d5/datanode-0/data/ratis/feace0b6-44d5-4333-8f09-ff06a165dc0d
2019-06-13 13:31:13,203 INFO  server.RaftServerConfigKeys (ConfUtils.java:logGet(43)) - raft.server.log.queue.byte-limit = 2147483647 (custom)
2019-06-13 13:31:13,203 INFO  server.RaftServerConfigKeys (ConfUtils.java:logGet(43)) - raft.server.log.queue.element-limit = 1024 (custom)
2019-06-13 13:31:13,203 INFO  server.RaftServerConfigKeys (ConfUtils.java:logGet(43)) - raft.server.log.segment.size.max = 16384 (custom)
2019-06-13 13:31:13,203 INFO  server.RaftServerConfigKeys (ConfUtils.java:logGet(43)) - raft.server.log.preallocated.size = 16384 (custom)
2019-06-13 13:31:13,203 INFO  server.RaftServerConfigKeys (ConfUtils.java:logGet(43)) - raft.server.log.write.buffer.size = 33554432 (custom)
2019-06-13 13:31:13,203 INFO  server.RaftServerConfigKeys (ConfUtils.java:logGet(43)) - raft.server.log.force.sync.num = 128 (default)
2019-06-13 13:31:13,203 INFO  server.RaftServerConfigKeys (ConfUtils.java:logGet(43)) - raft.server.log.statemachine.data.sync = true (default)
2019-06-13 13:31:13,203 INFO  server.RaftServerConfigKeys (ConfUtils.java:logGet(43)) - raft.server.log.statemachine.data.sync.timeout = 10s (default)
2019-06-13 13:31:13,203 INFO  server.RaftServerConfigKeys (ConfUtils.java:logGet(43)) - raft.server.log.statemachine.data.sync.timeout.retry = -1 (default)
2019-06-13 13:31:13,203 INFO  server.RaftServerConfigKeys (ConfUtils.java:logGet(43)) - raft.server.log.statemachine.data.caching.enabled = true (custom)
2019-06-13 13:31:13,203 INFO  server.RaftServerConfigKeys (ConfUtils.java:logGet(43)) - raft.server.snapshot.auto.trigger.enabled = true (custom)
2019-06-13 13:31:13,204 INFO  server.RaftServerConfigKeys (ConfUtils.java:logGet(43)) - raft.server.snapshot.auto.trigger.threshold = 10000 (custom)
2019-06-13 13:31:13,204 INFO  server.RaftServerConfigKeys (ConfUtils.java:logGet(43)) - raft.server.retrycache.expirytime = 600000ms (custom)
2019-06-13 13:31:13,204 INFO  impl.RaftServerImpl (RaftServerImpl.java:start(173)) - 33d136f9-9d80-4c34-8892-625e8eaf38ce: start group-FF06A165DC0D
2019-06-13 13:31:13,204 INFO  impl.RaftServerImpl (RaftServerImpl.java:setRole(164)) - 33d136f9-9d80-4c34-8892-625e8eaf38ce:group-FF06A165DC0D changes role from null to FOLLOWER at term 0 for startAsFollower
2019-06-13 13:31:13,204 INFO  impl.RoleInfo (RoleInfo.java:updateAndGet(143)) - 33d136f9-9d80-4c34-8892-625e8eaf38ce: start FollowerState
2019-06-13 13:31:13,204 INFO  util.JmxRegister (JmxRegister.java:tryRegister(44)) - Successfully registered JMX Bean with object name Ratis:service=RaftServer,group=group-FF06A165DC0D,id=33d136f9-9d80-4c34-8892-625e8eaf38ce
2019-06-13 13:31:13,206 INFO  pipeline.PipelineStateManager (PipelineStateManager.java:addPipeline(56)) - Created pipeline Pipeline[ Id: feace0b6-44d5-4333-8f09-ff06a165dc0d, Nodes: 33d136f9-9d80-4c34-8892-625e8eaf38ce{ip: 192.168.46.37, host: ozone-s9v57-3710753675, networkLocation: /default-rack, certSerialId: null}, Type:RATIS, Factor:ONE, State:OPEN]
2019-06-13 13:31:13,333 INFO  node.SCMNodeManager (SCMNodeManager.java:register(234)) - Registered Data node : ea36ec44-1e45-4035-b4f5-621a7be34482{ip: 192.168.46.37, host: ozone-s9v57-3710753675, networkLocation: /default-rack, certSerialId: null}
2019-06-13 13:31:13,338 INFO  impl.RaftServerProxy (RaftServerProxy.java:addNew(89)) - ea36ec44-1e45-4035-b4f5-621a7be34482: addNew group-E9389C6AE728:[ea36ec44-1e45-4035-b4f5-621a7be34482:192.168.46.37:41123] returns group-E9389C6AE728:java.util.concurrent.CompletableFuture@3b787f64[Not completed]
2019-06-13 13:31:13,338 INFO  impl.RaftServerImpl (RaftServerImpl.java:<init>(91)) - ea36ec44-1e45-4035-b4f5-621a7be34482: new RaftServerImpl for group-E9389C6AE728:[ea36ec44-1e45-4035-b4f5-621a7be34482:192.168.46.37:41123] with ContainerStateMachine:uninitialized
2019-06-13 13:31:13,338 INFO  server.RaftServerConfigKeys (ConfUtils.java:logGet(43)) - raft.server.rpc.timeout.min = 1s (custom)
2019-06-13 13:31:13,338 INFO  server.RaftServerConfigKeys (ConfUtils.java:logGet(43)) - raft.server.rpc.timeout.max = 1200ms (custom)
2019-06-13 13:31:13,338 INFO  server.RaftServerConfigKeys (ConfUtils.java:logGet(43)) - raft.server.rpcslowness.timeout = 120s (custom)
2019-06-13 13:31:13,339 INFO  server.RaftServerConfigKeys (ConfUtils.java:logGet(43)) - raft.server.log.appender.install.snapshot.enabled = true (default)
2019-06-13 13:31:13,339 INFO  impl.RaftServerImpl (ServerState.java:<init>(101)) - ea36ec44-1e45-4035-b4f5-621a7be34482:group-E9389C6AE728 ConfigurationManager, init=-1: [ea36ec44-1e45-4035-b4f5-621a7be34482:192.168.46.37:41123], old=null, confs=<EMPTY_MAP>
2019-06-13 13:31:13,339 INFO  server.RaftServerConfigKeys (ConfUtils.java:logGet(43)) - raft.server.storage.dir = [/opt/src/hadoop-ozone/integration-test/target/test-dir/MiniOzoneClusterImpl-f3101cc7-c0e2-4c8b-9ce9-3ea1830401d5/datanode-1/data/ratis] (custom)
2019-06-13 13:31:13,339 INFO  storage.RaftStorageDirectory (RaftStorageDirectory.java:analyzeStorage(246)) - The storage directory /opt/src/hadoop-ozone/integration-test/target/test-dir/MiniOzoneClusterImpl-f3101cc7-c0e2-4c8b-9ce9-3ea1830401d5/datanode-1/data/ratis/28c89b7f-f89f-4cb9-87ae-e9389c6ae728 does not exist. Creating ...
2019-06-13 13:31:13,341 INFO  storage.RaftStorageDirectory (RaftStorageDirectory.java:tryLock(328)) - Lock on /opt/src/hadoop-ozone/integration-test/target/test-dir/MiniOzoneClusterImpl-f3101cc7-c0e2-4c8b-9ce9-3ea1830401d5/datanode-1/data/ratis/28c89b7f-f89f-4cb9-87ae-e9389c6ae728/in_use.lock acquired by nodename 15289@ozone-s9v57-3710753675
2019-06-13 13:31:13,343 INFO  storage.RaftStorage (RaftStorage.java:format(75)) - Storage directory /opt/src/hadoop-ozone/integration-test/target/test-dir/MiniOzoneClusterImpl-f3101cc7-c0e2-4c8b-9ce9-3ea1830401d5/datanode-1/data/ratis/28c89b7f-f89f-4cb9-87ae-e9389c6ae728 has been successfully formatted.
2019-06-13 13:31:13,343 INFO  ratis.ContainerStateMachine (ContainerStateMachine.java:loadSnapshot(199)) - The snapshot info is null.Setting the last applied index to:(t:0, i:~)
2019-06-13 13:31:13,343 INFO  server.RaftServerConfigKeys (ConfUtils.java:logGet(43)) - raft.server.leader.election.timeout = 120s (custom)
2019-06-13 13:31:13,343 INFO  server.RaftServerConfigKeys (ConfUtils.java:logGet(43)) - raft.server.log.use.memory = false (default)
2019-06-13 13:31:13,343 INFO  server.RaftServerConfigKeys (ConfUtils.java:logGet(43)) - raft.server.log.appender.buffer.byte-limit = 33554432 (custom)
2019-06-13 13:31:13,343 INFO  server.RaftServerConfigKeys (ConfUtils.java:logGet(43)) - raft.server.log.segment.size.max = 16384 (custom)
2019-06-13 13:31:13,344 INFO  server.RaftServerConfigKeys (ConfUtils.java:logGet(43)) - raft.server.log.segment.cache.num.max = 2 (custom)
2019-06-13 13:31:13,344 INFO  storage.RaftLogWorker (RaftLogWorker.java:<init>(123)) - new ea36ec44-1e45-4035-b4f5-621a7be34482-RaftLogWorker for Storage Directory /opt/src/hadoop-ozone/integration-test/target/test-dir/MiniOzoneClusterImpl-f3101cc7-c0e2-4c8b-9ce9-3ea1830401d5/datanode-1/data/ratis/28c89b7f-f89f-4cb9-87ae-e9389c6ae728
2019-06-13 13:31:13,344 INFO  server.RaftServerConfigKeys (ConfUtils.java:logGet(43)) - raft.server.log.queue.byte-limit = 2147483647 (custom)
2019-06-13 13:31:13,344 INFO  server.RaftServerConfigKeys (ConfUtils.java:logGet(43)) - raft.server.log.queue.element-limit = 1024 (custom)
2019-06-13 13:31:13,344 INFO  server.RaftServerConfigKeys (ConfUtils.java:logGet(43)) - raft.server.log.segment.size.max = 16384 (custom)
2019-06-13 13:31:13,344 INFO  server.RaftServerConfigKeys (ConfUtils.java:logGet(43)) - raft.server.log.preallocated.size = 16384 (custom)
2019-06-13 13:31:13,344 INFO  server.RaftServerConfigKeys (ConfUtils.java:logGet(43)) - raft.server.log.write.buffer.size = 33554432 (custom)
2019-06-13 13:31:13,344 INFO  server.RaftServerConfigKeys (ConfUtils.java:logGet(43)) - raft.server.log.force.sync.num = 128 (default)
2019-06-13 13:31:13,344 INFO  server.RaftServerConfigKeys (ConfUtils.java:logGet(43)) - raft.server.log.statemachine.data.sync = true (default)
2019-06-13 13:31:13,344 INFO  server.RaftServerConfigKeys (ConfUtils.java:logGet(43)) - raft.server.log.statemachine.data.sync.timeout = 10s (default)
2019-06-13 13:31:13,344 INFO  server.RaftServerConfigKeys (ConfUtils.java:logGet(43)) - raft.server.log.statemachine.data.sync.timeout.retry = -1 (default)
2019-06-13 13:31:13,344 INFO  server.RaftServerConfigKeys (ConfUtils.java:logGet(43)) - raft.server.log.statemachine.data.caching.enabled = true (custom)
2019-06-13 13:31:13,345 INFO  server.RaftServerConfigKeys (ConfUtils.java:logGet(43)) - raft.server.snapshot.auto.trigger.enabled = true (custom)
2019-06-13 13:31:13,345 INFO  server.RaftServerConfigKeys (ConfUtils.java:logGet(43)) - raft.server.snapshot.auto.trigger.threshold = 10000 (custom)
2019-06-13 13:31:13,345 INFO  server.RaftServerConfigKeys (ConfUtils.java:logGet(43)) - raft.server.retrycache.expirytime = 600000ms (custom)
2019-06-13 13:31:13,345 INFO  impl.RaftServerImpl (RaftServerImpl.java:start(173)) - ea36ec44-1e45-4035-b4f5-621a7be34482: start group-E9389C6AE728
2019-06-13 13:31:13,345 INFO  impl.RaftServerImpl (RaftServerImpl.java:setRole(164)) - ea36ec44-1e45-4035-b4f5-621a7be34482:group-E9389C6AE728 changes role from null to FOLLOWER at term 0 for startAsFollower
2019-06-13 13:31:13,345 INFO  impl.RoleInfo (RoleInfo.java:updateAndGet(143)) - ea36ec44-1e45-4035-b4f5-621a7be34482: start FollowerState
2019-06-13 13:31:13,345 INFO  util.JmxRegister (JmxRegister.java:tryRegister(44)) - Successfully registered JMX Bean with object name Ratis:service=RaftServer,group=group-E9389C6AE728,id=ea36ec44-1e45-4035-b4f5-621a7be34482
2019-06-13 13:31:13,347 INFO  pipeline.PipelineStateManager (PipelineStateManager.java:addPipeline(56)) - Created pipeline Pipeline[ Id: 28c89b7f-f89f-4cb9-87ae-e9389c6ae728, Nodes: ea36ec44-1e45-4035-b4f5-621a7be34482{ip: 192.168.46.37, host: ozone-s9v57-3710753675, networkLocation: /default-rack, certSerialId: null}, Type:RATIS, Factor:ONE, State:OPEN]
2019-06-13 13:31:13,467 INFO  node.SCMNodeManager (SCMNodeManager.java:register(234)) - Registered Data node : 2609858b-dce0-48df-bbd8-006d8918a812{ip: 192.168.46.37, host: ozone-s9v57-3710753675, networkLocation: /default-rack, certSerialId: null}
2019-06-13 13:31:13,482 INFO  impl.RaftServerProxy (RaftServerProxy.java:addNew(89)) - 2609858b-dce0-48df-bbd8-006d8918a812: addNew group-C6E62918D469:[2609858b-dce0-48df-bbd8-006d8918a812:192.168.46.37:38877] returns group-C6E62918D469:java.util.concurrent.CompletableFuture@258044f3[Not completed]
2019-06-13 13:31:13,483 INFO  impl.RaftServerImpl (RaftServerImpl.java:<init>(91)) - 2609858b-dce0-48df-bbd8-006d8918a812: new RaftServerImpl for group-C6E62918D469:[2609858b-dce0-48df-bbd8-006d8918a812:192.168.46.37:38877] with ContainerStateMachine:uninitialized
2019-06-13 13:31:13,483 INFO  server.RaftServerConfigKeys (ConfUtils.java:logGet(43)) - raft.server.rpc.timeout.min = 1s (custom)
2019-06-13 13:31:13,483 INFO  server.RaftServerConfigKeys (ConfUtils.java:logGet(43)) - raft.server.rpc.timeout.max = 1200ms (custom)
2019-06-13 13:31:13,483 INFO  server.RaftServerConfigKeys (ConfUtils.java:logGet(43)) - raft.server.rpcslowness.timeout = 120s (custom)
2019-06-13 13:31:13,483 INFO  server.RaftServerConfigKeys (ConfUtils.java:logGet(43)) - raft.server.log.appender.install.snapshot.enabled = true (default)
2019-06-13 13:31:13,483 INFO  impl.RaftServerImpl (ServerState.java:<init>(101)) - 2609858b-dce0-48df-bbd8-006d8918a812:group-C6E62918D469 ConfigurationManager, init=-1: [2609858b-dce0-48df-bbd8-006d8918a812:192.168.46.37:38877], old=null, confs=<EMPTY_MAP>
2019-06-13 13:31:13,483 INFO  server.RaftServerConfigKeys (ConfUtils.java:logGet(43)) - raft.server.storage.dir = [/opt/src/hadoop-ozone/integration-test/target/test-dir/MiniOzoneClusterImpl-f3101cc7-c0e2-4c8b-9ce9-3ea1830401d5/datanode-2/data/ratis] (custom)
2019-06-13 13:31:13,484 INFO  storage.RaftStorageDirectory (RaftStorageDirectory.java:analyzeStorage(246)) - The storage directory /opt/src/hadoop-ozone/integration-test/target/test-dir/MiniOzoneClusterImpl-f3101cc7-c0e2-4c8b-9ce9-3ea1830401d5/datanode-2/data/ratis/fdccb536-f73f-4b2b-8ba7-c6e62918d469 does not exist. Creating ...
2019-06-13 13:31:13,487 INFO  storage.RaftStorageDirectory (RaftStorageDirectory.java:tryLock(328)) - Lock on /opt/src/hadoop-ozone/integration-test/target/test-dir/MiniOzoneClusterImpl-f3101cc7-c0e2-4c8b-9ce9-3ea1830401d5/datanode-2/data/ratis/fdccb536-f73f-4b2b-8ba7-c6e62918d469/in_use.lock acquired by nodename 15289@ozone-s9v57-3710753675
2019-06-13 13:31:13,489 INFO  storage.RaftStorage (RaftStorage.java:format(75)) - Storage directory /opt/src/hadoop-ozone/integration-test/target/test-dir/MiniOzoneClusterImpl-f3101cc7-c0e2-4c8b-9ce9-3ea1830401d5/datanode-2/data/ratis/fdccb536-f73f-4b2b-8ba7-c6e62918d469 has been successfully formatted.
2019-06-13 13:31:13,489 INFO  ratis.ContainerStateMachine (ContainerStateMachine.java:loadSnapshot(199)) - The snapshot info is null.Setting the last applied index to:(t:0, i:~)
2019-06-13 13:31:13,489 INFO  server.RaftServerConfigKeys (ConfUtils.java:logGet(43)) - raft.server.leader.election.timeout = 120s (custom)
2019-06-13 13:31:13,489 INFO  server.RaftServerConfigKeys (ConfUtils.java:logGet(43)) - raft.server.log.use.memory = false (default)
2019-06-13 13:31:13,489 INFO  server.RaftServerConfigKeys (ConfUtils.java:logGet(43)) - raft.server.log.appender.buffer.byte-limit = 33554432 (custom)
2019-06-13 13:31:13,489 INFO  server.RaftServerConfigKeys (ConfUtils.java:logGet(43)) - raft.server.log.segment.size.max = 16384 (custom)
2019-06-13 13:31:13,489 INFO  server.RaftServerConfigKeys (ConfUtils.java:logGet(43)) - raft.server.log.segment.cache.num.max = 2 (custom)
2019-06-13 13:31:13,489 INFO  storage.RaftLogWorker (RaftLogWorker.java:<init>(123)) - new 2609858b-dce0-48df-bbd8-006d8918a812-RaftLogWorker for Storage Directory /opt/src/hadoop-ozone/integration-test/target/test-dir/MiniOzoneClusterImpl-f3101cc7-c0e2-4c8b-9ce9-3ea1830401d5/datanode-2/data/ratis/fdccb536-f73f-4b2b-8ba7-c6e62918d469
2019-06-13 13:31:13,490 INFO  server.RaftServerConfigKeys (ConfUtils.java:logGet(43)) - raft.server.log.queue.byte-limit = 2147483647 (custom)
2019-06-13 13:31:13,490 INFO  server.RaftServerConfigKeys (ConfUtils.java:logGet(43)) - raft.server.log.queue.element-limit = 1024 (custom)
2019-06-13 13:31:13,490 INFO  server.RaftServerConfigKeys (ConfUtils.java:logGet(43)) - raft.server.log.segment.size.max = 16384 (custom)
2019-06-13 13:31:13,490 INFO  server.RaftServerConfigKeys (ConfUtils.java:logGet(43)) - raft.server.log.preallocated.size = 16384 (custom)
2019-06-13 13:31:13,490 INFO  server.RaftServerConfigKeys (ConfUtils.java:logGet(43)) - raft.server.log.write.buffer.size = 33554432 (custom)
2019-06-13 13:31:13,490 INFO  server.RaftServerConfigKeys (ConfUtils.java:logGet(43)) - raft.server.log.force.sync.num = 128 (default)
2019-06-13 13:31:13,490 INFO  server.RaftServerConfigKeys (ConfUtils.java:logGet(43)) - raft.server.log.statemachine.data.sync = true (default)
2019-06-13 13:31:13,490 INFO  server.RaftServerConfigKeys (ConfUtils.java:logGet(43)) - raft.server.log.statemachine.data.sync.timeout = 10s (default)
2019-06-13 13:31:13,490 INFO  server.RaftServerConfigKeys (ConfUtils.java:logGet(43)) - raft.server.log.statemachine.data.sync.timeout.retry = -1 (default)
2019-06-13 13:31:13,490 INFO  server.RaftServerConfigKeys (ConfUtils.java:logGet(43)) - raft.server.log.statemachine.data.caching.enabled = true (custom)
2019-06-13 13:31:13,491 INFO  server.RaftServerConfigKeys (ConfUtils.java:logGet(43)) - raft.server.snapshot.auto.trigger.enabled = true (custom)
2019-06-13 13:31:13,491 INFO  server.RaftServerConfigKeys (ConfUtils.java:logGet(43)) - raft.server.snapshot.auto.trigger.threshold = 10000 (custom)
2019-06-13 13:31:13,491 INFO  server.RaftServerConfigKeys (ConfUtils.java:logGet(43)) - raft.server.retrycache.expirytime = 600000ms (custom)
2019-06-13 13:31:13,491 INFO  impl.RaftServerImpl (RaftServerImpl.java:start(173)) - 2609858b-dce0-48df-bbd8-006d8918a812: start group-C6E62918D469
2019-06-13 13:31:13,491 INFO  impl.RaftServerImpl (RaftServerImpl.java:setRole(164)) - 2609858b-dce0-48df-bbd8-006d8918a812:group-C6E62918D469 changes role from null to FOLLOWER at term 0 for startAsFollower
2019-06-13 13:31:13,491 INFO  impl.RoleInfo (RoleInfo.java:updateAndGet(143)) - 2609858b-dce0-48df-bbd8-006d8918a812: start FollowerState
2019-06-13 13:31:13,492 INFO  util.JmxRegister (JmxRegister.java:tryRegister(44)) - Successfully registered JMX Bean with object name Ratis:service=RaftServer,group=group-C6E62918D469,id=2609858b-dce0-48df-bbd8-006d8918a812
2019-06-13 13:31:13,493 INFO  pipeline.PipelineStateManager (PipelineStateManager.java:addPipeline(56)) - Created pipeline Pipeline[ Id: fdccb536-f73f-4b2b-8ba7-c6e62918d469, Nodes: 2609858b-dce0-48df-bbd8-006d8918a812{ip: 192.168.46.37, host: ozone-s9v57-3710753675, networkLocation: /default-rack, certSerialId: null}, Type:RATIS, Factor:ONE, State:OPEN]
2019-06-13 13:31:13,509 INFO  impl.RaftServerProxy (RaftServerProxy.java:addNew(89)) - 2609858b-dce0-48df-bbd8-006d8918a812: addNew group-E378502D61C0:[2609858b-dce0-48df-bbd8-006d8918a812:192.168.46.37:38877, 33d136f9-9d80-4c34-8892-625e8eaf38ce:192.168.46.37:33315, ea36ec44-1e45-4035-b4f5-621a7be34482:192.168.46.37:41123] returns group-E378502D61C0:java.util.concurrent.CompletableFuture@247de52d[Not completed]
2019-06-13 13:31:13,509 INFO  impl.RaftServerProxy (RaftServerProxy.java:addNew(89)) - ea36ec44-1e45-4035-b4f5-621a7be34482: addNew group-E378502D61C0:[2609858b-dce0-48df-bbd8-006d8918a812:192.168.46.37:38877, 33d136f9-9d80-4c34-8892-625e8eaf38ce:192.168.46.37:33315, ea36ec44-1e45-4035-b4f5-621a7be34482:192.168.46.37:41123] returns group-E378502D61C0:java.util.concurrent.CompletableFuture@76a9676e[Not completed]
2019-06-13 13:31:13,509 INFO  impl.RaftServerImpl (RaftServerImpl.java:<init>(91)) - 2609858b-dce0-48df-bbd8-006d8918a812: new RaftServerImpl for group-E378502D61C0:[2609858b-dce0-48df-bbd8-006d8918a812:192.168.46.37:38877, 33d136f9-9d80-4c34-8892-625e8eaf38ce:192.168.46.37:33315, ea36ec44-1e45-4035-b4f5-621a7be34482:192.168.46.37:41123] with ContainerStateMachine:uninitialized
2019-06-13 13:31:13,509 INFO  server.RaftServerConfigKeys (ConfUtils.java:logGet(43)) - raft.server.rpc.timeout.min = 1s (custom)
2019-06-13 13:31:13,509 INFO  server.RaftServerConfigKeys (ConfUtils.java:logGet(43)) - raft.server.rpc.timeout.max = 1200ms (custom)
2019-06-13 13:31:13,509 INFO  server.RaftServerConfigKeys (ConfUtils.java:logGet(43)) - raft.server.rpcslowness.timeout = 120s (custom)
2019-06-13 13:31:13,509 INFO  server.RaftServerConfigKeys (ConfUtils.java:logGet(43)) - raft.server.log.appender.install.snapshot.enabled = true (default)
2019-06-13 13:31:13,510 INFO  impl.RaftServerImpl (RaftServerImpl.java:<init>(91)) - ea36ec44-1e45-4035-b4f5-621a7be34482: new RaftServerImpl for group-E378502D61C0:[2609858b-dce0-48df-bbd8-006d8918a812:192.168.46.37:38877, 33d136f9-9d80-4c34-8892-625e8eaf38ce:192.168.46.37:33315, ea36ec44-1e45-4035-b4f5-621a7be34482:192.168.46.37:41123] with ContainerStateMachine:uninitialized
2019-06-13 13:31:13,510 INFO  impl.RaftServerImpl (ServerState.java:<init>(101)) - 2609858b-dce0-48df-bbd8-006d8918a812:group-E378502D61C0 ConfigurationManager, init=-1: [2609858b-dce0-48df-bbd8-006d8918a812:192.168.46.37:38877, 33d136f9-9d80-4c34-8892-625e8eaf38ce:192.168.46.37:33315, ea36ec44-1e45-4035-b4f5-621a7be34482:192.168.46.37:41123], old=null, confs=<EMPTY_MAP>
2019-06-13 13:31:13,510 INFO  impl.RaftServerProxy (RaftServerProxy.java:addNew(89)) - 33d136f9-9d80-4c34-8892-625e8eaf38ce: addNew group-E378502D61C0:[2609858b-dce0-48df-bbd8-006d8918a812:192.168.46.37:38877, 33d136f9-9d80-4c34-8892-625e8eaf38ce:192.168.46.37:33315, ea36ec44-1e45-4035-b4f5-621a7be34482:192.168.46.37:41123] returns group-E378502D61C0:java.util.concurrent.CompletableFuture@529df855[Not completed]
2019-06-13 13:31:13,510 INFO  server.RaftServerConfigKeys (ConfUtils.java:logGet(43)) - raft.server.rpc.timeout.min = 1s (custom)
2019-06-13 13:31:13,510 INFO  server.RaftServerConfigKeys (ConfUtils.java:logGet(43)) - raft.server.rpc.timeout.max = 1200ms (custom)
2019-06-13 13:31:13,510 INFO  server.RaftServerConfigKeys (ConfUtils.java:logGet(43)) - raft.server.rpcslowness.timeout = 120s (custom)
2019-06-13 13:31:13,510 INFO  server.RaftServerConfigKeys (ConfUtils.java:logGet(43)) - raft.server.log.appender.install.snapshot.enabled = true (default)
2019-06-13 13:31:13,510 INFO  impl.RaftServerImpl (ServerState.java:<init>(101)) - ea36ec44-1e45-4035-b4f5-621a7be34482:group-E378502D61C0 ConfigurationManager, init=-1: [2609858b-dce0-48df-bbd8-006d8918a812:192.168.46.37:38877, 33d136f9-9d80-4c34-8892-625e8eaf38ce:192.168.46.37:33315, ea36ec44-1e45-4035-b4f5-621a7be34482:192.168.46.37:41123], old=null, confs=<EMPTY_MAP>
2019-06-13 13:31:13,510 INFO  server.RaftServerConfigKeys (ConfUtils.java:logGet(43)) - raft.server.storage.dir = [/opt/src/hadoop-ozone/integration-test/target/test-dir/MiniOzoneClusterImpl-f3101cc7-c0e2-4c8b-9ce9-3ea1830401d5/datanode-1/data/ratis] (custom)
2019-06-13 13:31:13,510 INFO  storage.RaftStorageDirectory (RaftStorageDirectory.java:analyzeStorage(246)) - The storage directory /opt/src/hadoop-ozone/integration-test/target/test-dir/MiniOzoneClusterImpl-f3101cc7-c0e2-4c8b-9ce9-3ea1830401d5/datanode-1/data/ratis/ac4eaa01-c093-4974-bea4-e378502d61c0 does not exist. Creating ...
2019-06-13 13:31:13,510 INFO  server.RaftServerConfigKeys (ConfUtils.java:logGet(43)) - raft.server.storage.dir = [/opt/src/hadoop-ozone/integration-test/target/test-dir/MiniOzoneClusterImpl-f3101cc7-c0e2-4c8b-9ce9-3ea1830401d5/datanode-2/data/ratis] (custom)
2019-06-13 13:31:13,510 INFO  impl.RaftServerImpl (RaftServerImpl.java:<init>(91)) - 33d136f9-9d80-4c34-8892-625e8eaf38ce: new RaftServerImpl for group-E378502D61C0:[2609858b-dce0-48df-bbd8-006d8918a812:192.168.46.37:38877, 33d136f9-9d80-4c34-8892-625e8eaf38ce:192.168.46.37:33315, ea36ec44-1e45-4035-b4f5-621a7be34482:192.168.46.37:41123] with ContainerStateMachine:uninitialized
2019-06-13 13:31:13,511 INFO  server.RaftServerConfigKeys (ConfUtils.java:logGet(43)) - raft.server.rpc.timeout.min = 1s (custom)
2019-06-13 13:31:13,511 INFO  storage.RaftStorageDirectory (RaftStorageDirectory.java:analyzeStorage(246)) - The storage directory /opt/src/hadoop-ozone/integration-test/target/test-dir/MiniOzoneClusterImpl-f3101cc7-c0e2-4c8b-9ce9-3ea1830401d5/datanode-2/data/ratis/ac4eaa01-c093-4974-bea4-e378502d61c0 does not exist. Creating ...
2019-06-13 13:31:13,511 INFO  server.RaftServerConfigKeys (ConfUtils.java:logGet(43)) - raft.server.rpc.timeout.max = 1200ms (custom)
2019-06-13 13:31:13,511 INFO  server.RaftServerConfigKeys (ConfUtils.java:logGet(43)) - raft.server.rpcslowness.timeout = 120s (custom)
2019-06-13 13:31:13,511 INFO  server.RaftServerConfigKeys (ConfUtils.java:logGet(43)) - raft.server.log.appender.install.snapshot.enabled = true (default)
2019-06-13 13:31:13,511 INFO  impl.RaftServerImpl (ServerState.java:<init>(101)) - 33d136f9-9d80-4c34-8892-625e8eaf38ce:group-E378502D61C0 ConfigurationManager, init=-1: [2609858b-dce0-48df-bbd8-006d8918a812:192.168.46.37:38877, 33d136f9-9d80-4c34-8892-625e8eaf38ce:192.168.46.37:33315, ea36ec44-1e45-4035-b4f5-621a7be34482:192.168.46.37:41123], old=null, confs=<EMPTY_MAP>
2019-06-13 13:31:13,511 INFO  server.RaftServerConfigKeys (ConfUtils.java:logGet(43)) - raft.server.storage.dir = [/opt/src/hadoop-ozone/integration-test/target/test-dir/MiniOzoneClusterImpl-f3101cc7-c0e2-4c8b-9ce9-3ea1830401d5/datanode-0/data/ratis] (custom)
2019-06-13 13:31:13,512 INFO  storage.RaftStorageDirectory (RaftStorageDirectory.java:analyzeStorage(246)) - The storage directory /opt/src/hadoop-ozone/integration-test/target/test-dir/MiniOzoneClusterImpl-f3101cc7-c0e2-4c8b-9ce9-3ea1830401d5/datanode-0/data/ratis/ac4eaa01-c093-4974-bea4-e378502d61c0 does not exist. Creating ...
2019-06-13 13:31:13,513 INFO  storage.RaftStorageDirectory (RaftStorageDirectory.java:tryLock(328)) - Lock on /opt/src/hadoop-ozone/integration-test/target/test-dir/MiniOzoneClusterImpl-f3101cc7-c0e2-4c8b-9ce9-3ea1830401d5/datanode-1/data/ratis/ac4eaa01-c093-4974-bea4-e378502d61c0/in_use.lock acquired by nodename 15289@ozone-s9v57-3710753675
2019-06-13 13:31:13,513 INFO  storage.RaftStorageDirectory (RaftStorageDirectory.java:tryLock(328)) - Lock on /opt/src/hadoop-ozone/integration-test/target/test-dir/MiniOzoneClusterImpl-f3101cc7-c0e2-4c8b-9ce9-3ea1830401d5/datanode-2/data/ratis/ac4eaa01-c093-4974-bea4-e378502d61c0/in_use.lock acquired by nodename 15289@ozone-s9v57-3710753675
2019-06-13 13:31:13,514 INFO  storage.RaftStorageDirectory (RaftStorageDirectory.java:tryLock(328)) - Lock on /opt/src/hadoop-ozone/integration-test/target/test-dir/MiniOzoneClusterImpl-f3101cc7-c0e2-4c8b-9ce9-3ea1830401d5/datanode-0/data/ratis/ac4eaa01-c093-4974-bea4-e378502d61c0/in_use.lock acquired by nodename 15289@ozone-s9v57-3710753675
2019-06-13 13:31:13,516 INFO  storage.RaftStorage (RaftStorage.java:format(75)) - Storage directory /opt/src/hadoop-ozone/integration-test/target/test-dir/MiniOzoneClusterImpl-f3101cc7-c0e2-4c8b-9ce9-3ea1830401d5/datanode-1/data/ratis/ac4eaa01-c093-4974-bea4-e378502d61c0 has been successfully formatted.
2019-06-13 13:31:13,516 INFO  ratis.ContainerStateMachine (ContainerStateMachine.java:loadSnapshot(199)) - The snapshot info is null.Setting the last applied index to:(t:0, i:~)
2019-06-13 13:31:13,516 INFO  server.RaftServerConfigKeys (ConfUtils.java:logGet(43)) - raft.server.leader.election.timeout = 120s (custom)
2019-06-13 13:31:13,516 INFO  server.RaftServerConfigKeys (ConfUtils.java:logGet(43)) - raft.server.log.use.memory = false (default)
2019-06-13 13:31:13,516 INFO  server.RaftServerConfigKeys (ConfUtils.java:logGet(43)) - raft.server.log.appender.buffer.byte-limit = 33554432 (custom)
2019-06-13 13:31:13,516 INFO  server.RaftServerConfigKeys (ConfUtils.java:logGet(43)) - raft.server.log.segment.size.max = 16384 (custom)
2019-06-13 13:31:13,516 INFO  server.RaftServerConfigKeys (ConfUtils.java:logGet(43)) - raft.server.log.segment.cache.num.max = 2 (custom)
2019-06-13 13:31:13,517 INFO  storage.RaftLogWorker (RaftLogWorker.java:<init>(123)) - new ea36ec44-1e45-4035-b4f5-621a7be34482-RaftLogWorker for Storage Directory /opt/src/hadoop-ozone/integration-test/target/test-dir/MiniOzoneClusterImpl-f3101cc7-c0e2-4c8b-9ce9-3ea1830401d5/datanode-1/data/ratis/ac4eaa01-c093-4974-bea4-e378502d61c0
2019-06-13 13:31:13,517 INFO  server.RaftServerConfigKeys (ConfUtils.java:logGet(43)) - raft.server.log.queue.byte-limit = 2147483647 (custom)
2019-06-13 13:31:13,517 INFO  server.RaftServerConfigKeys (ConfUtils.java:logGet(43)) - raft.server.log.queue.element-limit = 1024 (custom)
2019-06-13 13:31:13,517 INFO  server.RaftServerConfigKeys (ConfUtils.java:logGet(43)) - raft.server.log.segment.size.max = 16384 (custom)
2019-06-13 13:31:13,517 INFO  server.RaftServerConfigKeys (ConfUtils.java:logGet(43)) - raft.server.log.preallocated.size = 16384 (custom)
2019-06-13 13:31:13,517 INFO  server.RaftServerConfigKeys (ConfUtils.java:logGet(43)) - raft.server.log.write.buffer.size = 33554432 (custom)
2019-06-13 13:31:13,517 INFO  server.RaftServerConfigKeys (ConfUtils.java:logGet(43)) - raft.server.log.force.sync.num = 128 (default)
2019-06-13 13:31:13,517 INFO  server.RaftServerConfigKeys (ConfUtils.java:logGet(43)) - raft.server.log.statemachine.data.sync = true (default)
2019-06-13 13:31:13,517 INFO  server.RaftServerConfigKeys (ConfUtils.java:logGet(43)) - raft.server.log.statemachine.data.sync.timeout = 10s (default)
2019-06-13 13:31:13,517 INFO  server.RaftServerConfigKeys (ConfUtils.java:logGet(43)) - raft.server.log.statemachine.data.sync.timeout.retry = -1 (default)
2019-06-13 13:31:13,516 INFO  storage.RaftStorage (RaftStorage.java:format(75)) - Storage directory /opt/src/hadoop-ozone/integration-test/target/test-dir/MiniOzoneClusterImpl-f3101cc7-c0e2-4c8b-9ce9-3ea1830401d5/datanode-2/data/ratis/ac4eaa01-c093-4974-bea4-e378502d61c0 has been successfully formatted.
2019-06-13 13:31:13,518 INFO  ratis.ContainerStateMachine (ContainerStateMachine.java:loadSnapshot(199)) - The snapshot info is null.Setting the last applied index to:(t:0, i:~)
2019-06-13 13:31:13,518 INFO  server.RaftServerConfigKeys (ConfUtils.java:logGet(43)) - raft.server.leader.election.timeout = 120s (custom)
2019-06-13 13:31:13,518 INFO  server.RaftServerConfigKeys (ConfUtils.java:logGet(43)) - raft.server.log.use.memory = false (default)
2019-06-13 13:31:13,518 INFO  server.RaftServerConfigKeys (ConfUtils.java:logGet(43)) - raft.server.log.appender.buffer.byte-limit = 33554432 (custom)
2019-06-13 13:31:13,518 INFO  server.RaftServerConfigKeys (ConfUtils.java:logGet(43)) - raft.server.log.segment.size.max = 16384 (custom)
2019-06-13 13:31:13,518 INFO  server.RaftServerConfigKeys (ConfUtils.java:logGet(43)) - raft.server.log.segment.cache.num.max = 2 (custom)
2019-06-13 13:31:13,518 INFO  storage.RaftLogWorker (RaftLogWorker.java:<init>(123)) - new 2609858b-dce0-48df-bbd8-006d8918a812-RaftLogWorker for Storage Directory /opt/src/hadoop-ozone/integration-test/target/test-dir/MiniOzoneClusterImpl-f3101cc7-c0e2-4c8b-9ce9-3ea1830401d5/datanode-2/data/ratis/ac4eaa01-c093-4974-bea4-e378502d61c0
2019-06-13 13:31:13,518 INFO  server.RaftServerConfigKeys (ConfUtils.java:logGet(43)) - raft.server.log.queue.byte-limit = 2147483647 (custom)
2019-06-13 13:31:13,518 INFO  server.RaftServerConfigKeys (ConfUtils.java:logGet(43)) - raft.server.log.queue.element-limit = 1024 (custom)
2019-06-13 13:31:13,518 INFO  server.RaftServerConfigKeys (ConfUtils.java:logGet(43)) - raft.server.log.segment.size.max = 16384 (custom)
2019-06-13 13:31:13,518 INFO  server.RaftServerConfigKeys (ConfUtils.java:logGet(43)) - raft.server.log.preallocated.size = 16384 (custom)
2019-06-13 13:31:13,518 INFO  server.RaftServerConfigKeys (ConfUtils.java:logGet(43)) - raft.server.log.write.buffer.size = 33554432 (custom)
2019-06-13 13:31:13,518 INFO  server.RaftServerConfigKeys (ConfUtils.java:logGet(43)) - raft.server.log.force.sync.num = 128 (default)
2019-06-13 13:31:13,518 INFO  server.RaftServerConfigKeys (ConfUtils.java:logGet(43)) - raft.server.log.statemachine.data.sync = true (default)
2019-06-13 13:31:13,519 INFO  server.RaftServerConfigKeys (ConfUtils.java:logGet(43)) - raft.server.log.statemachine.data.sync.timeout = 10s (default)
2019-06-13 13:31:13,519 INFO  server.RaftServerConfigKeys (ConfUtils.java:logGet(43)) - raft.server.log.statemachine.data.sync.timeout.retry = -1 (default)
2019-06-13 13:31:13,519 INFO  server.RaftServerConfigKeys (ConfUtils.java:logGet(43)) - raft.server.log.statemachine.data.caching.enabled = true (custom)
2019-06-13 13:31:13,516 INFO  storage.RaftStorage (RaftStorage.java:format(75)) - Storage directory /opt/src/hadoop-ozone/integration-test/target/test-dir/MiniOzoneClusterImpl-f3101cc7-c0e2-4c8b-9ce9-3ea1830401d5/datanode-0/data/ratis/ac4eaa01-c093-4974-bea4-e378502d61c0 has been successfully formatted.
2019-06-13 13:31:13,519 INFO  server.RaftServerConfigKeys (ConfUtils.java:logGet(43)) - raft.server.snapshot.auto.trigger.enabled = true (custom)
2019-06-13 13:31:13,517 INFO  server.RaftServerConfigKeys (ConfUtils.java:logGet(43)) - raft.server.log.statemachine.data.caching.enabled = true (custom)
2019-06-13 13:31:13,519 INFO  server.RaftServerConfigKeys (ConfUtils.java:logGet(43)) - raft.server.snapshot.auto.trigger.threshold = 10000 (custom)
2019-06-13 13:31:13,519 INFO  ratis.ContainerStateMachine (ContainerStateMachine.java:loadSnapshot(199)) - The snapshot info is null.Setting the last applied index to:(t:0, i:~)
2019-06-13 13:31:13,519 INFO  server.RaftServerConfigKeys (ConfUtils.java:logGet(43)) - raft.server.snapshot.auto.trigger.enabled = true (custom)
2019-06-13 13:31:13,519 INFO  server.RaftServerConfigKeys (ConfUtils.java:logGet(43)) - raft.server.retrycache.expirytime = 600000ms (custom)
2019-06-13 13:31:13,519 INFO  server.RaftServerConfigKeys (ConfUtils.java:logGet(43)) - raft.server.snapshot.auto.trigger.threshold = 10000 (custom)
2019-06-13 13:31:13,520 INFO  server.RaftServerConfigKeys (ConfUtils.java:logGet(43)) - raft.server.retrycache.expirytime = 600000ms (custom)
2019-06-13 13:31:13,520 INFO  impl.RaftServerImpl (RaftServerImpl.java:start(173)) - ea36ec44-1e45-4035-b4f5-621a7be34482: start group-E378502D61C0
2019-06-13 13:31:13,520 INFO  impl.RaftServerImpl (RaftServerImpl.java:setRole(164)) - ea36ec44-1e45-4035-b4f5-621a7be34482:group-E378502D61C0 changes role from null to FOLLOWER at term 0 for startAsFollower
2019-06-13 13:31:13,520 INFO  impl.RoleInfo (RoleInfo.java:updateAndGet(143)) - ea36ec44-1e45-4035-b4f5-621a7be34482: start FollowerState
2019-06-13 13:31:13,519 INFO  server.RaftServerConfigKeys (ConfUtils.java:logGet(43)) - raft.server.leader.election.timeout = 120s (custom)
2019-06-13 13:31:13,520 INFO  impl.RaftServerImpl (RaftServerImpl.java:start(173)) - 2609858b-dce0-48df-bbd8-006d8918a812: start group-E378502D61C0
2019-06-13 13:31:13,520 INFO  impl.RaftServerImpl (RaftServerImpl.java:setRole(164)) - 2609858b-dce0-48df-bbd8-006d8918a812:group-E378502D61C0 changes role from null to FOLLOWER at term 0 for startAsFollower
2019-06-13 13:31:13,520 INFO  impl.RoleInfo (RoleInfo.java:updateAndGet(143)) - 2609858b-dce0-48df-bbd8-006d8918a812: start FollowerState
2019-06-13 13:31:13,520 INFO  server.RaftServerConfigKeys (ConfUtils.java:logGet(43)) - raft.server.log.use.memory = false (default)
2019-06-13 13:31:13,526 INFO  server.RaftServerConfigKeys (ConfUtils.java:logGet(43)) - raft.server.log.appender.buffer.byte-limit = 33554432 (custom)
2019-06-13 13:31:13,526 INFO  server.RaftServerConfigKeys (ConfUtils.java:logGet(43)) - raft.server.log.segment.size.max = 16384 (custom)
2019-06-13 13:31:13,526 INFO  server.RaftServerConfigKeys (ConfUtils.java:logGet(43)) - raft.server.log.segment.cache.num.max = 2 (custom)
2019-06-13 13:31:13,526 INFO  storage.RaftLogWorker (RaftLogWorker.java:<init>(123)) - new 33d136f9-9d80-4c34-8892-625e8eaf38ce-RaftLogWorker for Storage Directory /opt/src/hadoop-ozone/integration-test/target/test-dir/MiniOzoneClusterImpl-f3101cc7-c0e2-4c8b-9ce9-3ea1830401d5/datanode-0/data/ratis/ac4eaa01-c093-4974-bea4-e378502d61c0
2019-06-13 13:31:13,526 INFO  server.RaftServerConfigKeys (ConfUtils.java:logGet(43)) - raft.server.log.queue.byte-limit = 2147483647 (custom)
2019-06-13 13:31:13,526 INFO  server.RaftServerConfigKeys (ConfUtils.java:logGet(43)) - raft.server.log.queue.element-limit = 1024 (custom)
2019-06-13 13:31:13,526 INFO  server.RaftServerConfigKeys (ConfUtils.java:logGet(43)) - raft.server.log.segment.size.max = 16384 (custom)
2019-06-13 13:31:13,526 INFO  server.RaftServerConfigKeys (ConfUtils.java:logGet(43)) - raft.server.log.preallocated.size = 16384 (custom)
2019-06-13 13:31:13,526 INFO  server.RaftServerConfigKeys (ConfUtils.java:logGet(43)) - raft.server.log.write.buffer.size = 33554432 (custom)
2019-06-13 13:31:13,526 INFO  server.RaftServerConfigKeys (ConfUtils.java:logGet(43)) - raft.server.log.force.sync.num = 128 (default)
2019-06-13 13:31:13,526 INFO  server.RaftServerConfigKeys (ConfUtils.java:logGet(43)) - raft.server.log.statemachine.data.sync = true (default)
2019-06-13 13:31:13,526 INFO  server.RaftServerConfigKeys (ConfUtils.java:logGet(43)) - raft.server.log.statemachine.data.sync.timeout = 10s (default)
2019-06-13 13:31:13,527 INFO  server.RaftServerConfigKeys (ConfUtils.java:logGet(43)) - raft.server.log.statemachine.data.sync.timeout.retry = -1 (default)
2019-06-13 13:31:13,527 INFO  server.RaftServerConfigKeys (ConfUtils.java:logGet(43)) - raft.server.log.statemachine.data.caching.enabled = true (custom)
2019-06-13 13:31:13,525 INFO  util.JmxRegister (JmxRegister.java:tryRegister(44)) - Successfully registered JMX Bean with object name Ratis:service=RaftServer,group=group-E378502D61C0,id=ea36ec44-1e45-4035-b4f5-621a7be34482
2019-06-13 13:31:13,527 INFO  server.RaftServerConfigKeys (ConfUtils.java:logGet(43)) - raft.server.snapshot.auto.trigger.enabled = true (custom)
2019-06-13 13:31:13,526 INFO  util.JmxRegister (JmxRegister.java:tryRegister(44)) - Successfully registered JMX Bean with object name Ratis:service=RaftServer,group=group-E378502D61C0,id=2609858b-dce0-48df-bbd8-006d8918a812
2019-06-13 13:31:13,527 INFO  server.RaftServerConfigKeys (ConfUtils.java:logGet(43)) - raft.server.snapshot.auto.trigger.threshold = 10000 (custom)
2019-06-13 13:31:13,527 INFO  server.RaftServerConfigKeys (ConfUtils.java:logGet(43)) - raft.server.retrycache.expirytime = 600000ms (custom)
2019-06-13 13:31:13,528 INFO  impl.RaftServerImpl (RaftServerImpl.java:start(173)) - 33d136f9-9d80-4c34-8892-625e8eaf38ce: start group-E378502D61C0
2019-06-13 13:31:13,528 INFO  impl.RaftServerImpl (RaftServerImpl.java:setRole(164)) - 33d136f9-9d80-4c34-8892-625e8eaf38ce:group-E378502D61C0 changes role from null to FOLLOWER at term 0 for startAsFollower
2019-06-13 13:31:13,528 INFO  impl.RoleInfo (RoleInfo.java:updateAndGet(143)) - 33d136f9-9d80-4c34-8892-625e8eaf38ce: start FollowerState
2019-06-13 13:31:13,540 INFO  util.JmxRegister (JmxRegister.java:tryRegister(44)) - Successfully registered JMX Bean with object name Ratis:service=RaftServer,group=group-E378502D61C0,id=33d136f9-9d80-4c34-8892-625e8eaf38ce
2019-06-13 13:31:13,545 INFO  pipeline.PipelineStateManager (PipelineStateManager.java:addPipeline(56)) - Created pipeline Pipeline[ Id: ac4eaa01-c093-4974-bea4-e378502d61c0, Nodes: 33d136f9-9d80-4c34-8892-625e8eaf38ce{ip: 192.168.46.37, host: ozone-s9v57-3710753675, networkLocation: /default-rack, certSerialId: null}2609858b-dce0-48df-bbd8-006d8918a812{ip: 192.168.46.37, host: ozone-s9v57-3710753675, networkLocation: /default-rack, certSerialId: null}ea36ec44-1e45-4035-b4f5-621a7be34482{ip: 192.168.46.37, host: ozone-s9v57-3710753675, networkLocation: /default-rack, certSerialId: null}, Type:RATIS, Factor:THREE, State:OPEN]
2019-06-13 13:31:13,580 INFO  node.SCMNodeManager (SCMNodeManager.java:register(234)) - Registered Data node : 36509e8f-98c0-4b33-8e71-c1f0681d731a{ip: 192.168.46.37, host: ozone-s9v57-3710753675, networkLocation: /default-rack, certSerialId: null}
2019-06-13 13:31:13,585 INFO  impl.RaftServerProxy (RaftServerProxy.java:addNew(89)) - 36509e8f-98c0-4b33-8e71-c1f0681d731a: addNew group-61F3C9A0F55F:[36509e8f-98c0-4b33-8e71-c1f0681d731a:192.168.46.37:33223] returns group-61F3C9A0F55F:java.util.concurrent.CompletableFuture@7e42b63b[Not completed]
2019-06-13 13:31:13,589 INFO  impl.RaftServerImpl (RaftServerImpl.java:<init>(91)) - 36509e8f-98c0-4b33-8e71-c1f0681d731a: new RaftServerImpl for group-61F3C9A0F55F:[36509e8f-98c0-4b33-8e71-c1f0681d731a:192.168.46.37:33223] with ContainerStateMachine:uninitialized
2019-06-13 13:31:13,589 INFO  server.RaftServerConfigKeys (ConfUtils.java:logGet(43)) - raft.server.rpc.timeout.min = 1s (custom)
2019-06-13 13:31:13,589 INFO  server.RaftServerConfigKeys (ConfUtils.java:logGet(43)) - raft.server.rpc.timeout.max = 1200ms (custom)
2019-06-13 13:31:13,590 INFO  server.RaftServerConfigKeys (ConfUtils.java:logGet(43)) - raft.server.rpcslowness.timeout = 120s (custom)
2019-06-13 13:31:13,590 INFO  server.RaftServerConfigKeys (ConfUtils.java:logGet(43)) - raft.server.log.appender.install.snapshot.enabled = true (default)
2019-06-13 13:31:13,590 INFO  impl.RaftServerImpl (ServerState.java:<init>(101)) - 36509e8f-98c0-4b33-8e71-c1f0681d731a:group-61F3C9A0F55F ConfigurationManager, init=-1: [36509e8f-98c0-4b33-8e71-c1f0681d731a:192.168.46.37:33223], old=null, confs=<EMPTY_MAP>
2019-06-13 13:31:13,590 INFO  server.RaftServerConfigKeys (ConfUtils.java:logGet(43)) - raft.server.storage.dir = [/opt/src/hadoop-ozone/integration-test/target/test-dir/MiniOzoneClusterImpl-f3101cc7-c0e2-4c8b-9ce9-3ea1830401d5/datanode-3/data/ratis] (custom)
2019-06-13 13:31:13,590 INFO  storage.RaftStorageDirectory (RaftStorageDirectory.java:analyzeStorage(246)) - The storage directory /opt/src/hadoop-ozone/integration-test/target/test-dir/MiniOzoneClusterImpl-f3101cc7-c0e2-4c8b-9ce9-3ea1830401d5/datanode-3/data/ratis/0a82cada-72ed-4534-b651-61f3c9a0f55f does not exist. Creating ...
2019-06-13 13:31:13,592 INFO  storage.RaftStorageDirectory (RaftStorageDirectory.java:tryLock(328)) - Lock on /opt/src/hadoop-ozone/integration-test/target/test-dir/MiniOzoneClusterImpl-f3101cc7-c0e2-4c8b-9ce9-3ea1830401d5/datanode-3/data/ratis/0a82cada-72ed-4534-b651-61f3c9a0f55f/in_use.lock acquired by nodename 15289@ozone-s9v57-3710753675
2019-06-13 13:31:13,595 INFO  storage.RaftStorage (RaftStorage.java:format(75)) - Storage directory /opt/src/hadoop-ozone/integration-test/target/test-dir/MiniOzoneClusterImpl-f3101cc7-c0e2-4c8b-9ce9-3ea1830401d5/datanode-3/data/ratis/0a82cada-72ed-4534-b651-61f3c9a0f55f has been successfully formatted.
2019-06-13 13:31:13,595 INFO  ratis.ContainerStateMachine (ContainerStateMachine.java:loadSnapshot(199)) - The snapshot info is null.Setting the last applied index to:(t:0, i:~)
2019-06-13 13:31:13,595 INFO  server.RaftServerConfigKeys (ConfUtils.java:logGet(43)) - raft.server.leader.election.timeout = 120s (custom)
2019-06-13 13:31:13,595 INFO  server.RaftServerConfigKeys (ConfUtils.java:logGet(43)) - raft.server.log.use.memory = false (default)
2019-06-13 13:31:13,595 INFO  server.RaftServerConfigKeys (ConfUtils.java:logGet(43)) - raft.server.log.appender.buffer.byte-limit = 33554432 (custom)
2019-06-13 13:31:13,595 INFO  server.RaftServerConfigKeys (ConfUtils.java:logGet(43)) - raft.server.log.segment.size.max = 16384 (custom)
2019-06-13 13:31:13,596 INFO  server.RaftServerConfigKeys (ConfUtils.java:logGet(43)) - raft.server.log.segment.cache.num.max = 2 (custom)
2019-06-13 13:31:13,596 INFO  storage.RaftLogWorker (RaftLogWorker.java:<init>(123)) - new 36509e8f-98c0-4b33-8e71-c1f0681d731a-RaftLogWorker for Storage Directory /opt/src/hadoop-ozone/integration-test/target/test-dir/MiniOzoneClusterImpl-f3101cc7-c0e2-4c8b-9ce9-3ea1830401d5/datanode-3/data/ratis/0a82cada-72ed-4534-b651-61f3c9a0f55f
2019-06-13 13:31:13,596 INFO  server.RaftServerConfigKeys (ConfUtils.java:logGet(43)) - raft.server.log.queue.byte-limit = 2147483647 (custom)
2019-06-13 13:31:13,596 INFO  server.RaftServerConfigKeys (ConfUtils.java:logGet(43)) - raft.server.log.queue.element-limit = 1024 (custom)
2019-06-13 13:31:13,596 INFO  server.RaftServerConfigKeys (ConfUtils.java:logGet(43)) - raft.server.log.segment.size.max = 16384 (custom)
2019-06-13 13:31:13,596 INFO  server.RaftServerConfigKeys (ConfUtils.java:logGet(43)) - raft.server.log.preallocated.size = 16384 (custom)
2019-06-13 13:31:13,596 INFO  server.RaftServerConfigKeys (ConfUtils.java:logGet(43)) - raft.server.log.write.buffer.size = 33554432 (custom)
2019-06-13 13:31:13,596 INFO  server.RaftServerConfigKeys (ConfUtils.java:logGet(43)) - raft.server.log.force.sync.num = 128 (default)
2019-06-13 13:31:13,596 INFO  server.RaftServerConfigKeys (ConfUtils.java:logGet(43)) - raft.server.log.statemachine.data.sync = true (default)
2019-06-13 13:31:13,596 INFO  server.RaftServerConfigKeys (ConfUtils.java:logGet(43)) - raft.server.log.statemachine.data.sync.timeout = 10s (default)
2019-06-13 13:31:13,596 INFO  server.RaftServerConfigKeys (ConfUtils.java:logGet(43)) - raft.server.log.statemachine.data.sync.timeout.retry = -1 (default)
2019-06-13 13:31:13,596 INFO  server.RaftServerConfigKeys (ConfUtils.java:logGet(43)) - raft.server.log.statemachine.data.caching.enabled = true (custom)
2019-06-13 13:31:13,596 INFO  server.RaftServerConfigKeys (ConfUtils.java:logGet(43)) - raft.server.snapshot.auto.trigger.enabled = true (custom)
2019-06-13 13:31:13,597 INFO  server.RaftServerConfigKeys (ConfUtils.java:logGet(43)) - raft.server.snapshot.auto.trigger.threshold = 10000 (custom)
2019-06-13 13:31:13,597 INFO  server.RaftServerConfigKeys (ConfUtils.java:logGet(43)) - raft.server.retrycache.expirytime = 600000ms (custom)
2019-06-13 13:31:13,597 INFO  impl.RaftServerImpl (RaftServerImpl.java:start(173)) - 36509e8f-98c0-4b33-8e71-c1f0681d731a: start group-61F3C9A0F55F
2019-06-13 13:31:13,597 INFO  impl.RaftServerImpl (RaftServerImpl.java:setRole(164)) - 36509e8f-98c0-4b33-8e71-c1f0681d731a:group-61F3C9A0F55F changes role from null to FOLLOWER at term 0 for startAsFollower
2019-06-13 13:31:13,597 INFO  impl.RoleInfo (RoleInfo.java:updateAndGet(143)) - 36509e8f-98c0-4b33-8e71-c1f0681d731a: start FollowerState
2019-06-13 13:31:13,597 INFO  util.JmxRegister (JmxRegister.java:tryRegister(44)) - Successfully registered JMX Bean with object name Ratis:service=RaftServer,group=group-61F3C9A0F55F,id=36509e8f-98c0-4b33-8e71-c1f0681d731a
2019-06-13 13:31:13,599 INFO  pipeline.PipelineStateManager (PipelineStateManager.java:addPipeline(56)) - Created pipeline Pipeline[ Id: 0a82cada-72ed-4534-b651-61f3c9a0f55f, Nodes: 36509e8f-98c0-4b33-8e71-c1f0681d731a{ip: 192.168.46.37, host: ozone-s9v57-3710753675, networkLocation: /default-rack, certSerialId: null}, Type:RATIS, Factor:ONE, State:OPEN]
2019-06-13 13:31:13,745 INFO  node.SCMNodeManager (SCMNodeManager.java:register(234)) - Registered Data node : b6862f76-4d64-4a44-8bb3-fe5ac57d7e31{ip: 192.168.46.37, host: ozone-s9v57-3710753675, networkLocation: /default-rack, certSerialId: null}
2019-06-13 13:31:13,749 INFO  impl.RaftServerProxy (RaftServerProxy.java:addNew(89)) - b6862f76-4d64-4a44-8bb3-fe5ac57d7e31: addNew group-EFC43B8EBE21:[b6862f76-4d64-4a44-8bb3-fe5ac57d7e31:192.168.46.37:39049] returns group-EFC43B8EBE21:java.util.concurrent.CompletableFuture@76cf479e[Not completed]
2019-06-13 13:31:13,750 INFO  impl.RaftServerImpl (RaftServerImpl.java:<init>(91)) - b6862f76-4d64-4a44-8bb3-fe5ac57d7e31: new RaftServerImpl for group-EFC43B8EBE21:[b6862f76-4d64-4a44-8bb3-fe5ac57d7e31:192.168.46.37:39049] with ContainerStateMachine:uninitialized
2019-06-13 13:31:13,750 INFO  server.RaftServerConfigKeys (ConfUtils.java:logGet(43)) - raft.server.rpc.timeout.min = 1s (custom)
2019-06-13 13:31:13,750 INFO  server.RaftServerConfigKeys (ConfUtils.java:logGet(43)) - raft.server.rpc.timeout.max = 1200ms (custom)
2019-06-13 13:31:13,750 INFO  server.RaftServerConfigKeys (ConfUtils.java:logGet(43)) - raft.server.rpcslowness.timeout = 120s (custom)
2019-06-13 13:31:13,750 INFO  server.RaftServerConfigKeys (ConfUtils.java:logGet(43)) - raft.server.log.appender.install.snapshot.enabled = true (default)
2019-06-13 13:31:13,750 INFO  impl.RaftServerImpl (ServerState.java:<init>(101)) - b6862f76-4d64-4a44-8bb3-fe5ac57d7e31:group-EFC43B8EBE21 ConfigurationManager, init=-1: [b6862f76-4d64-4a44-8bb3-fe5ac57d7e31:192.168.46.37:39049], old=null, confs=<EMPTY_MAP>
2019-06-13 13:31:13,750 INFO  server.RaftServerConfigKeys (ConfUtils.java:logGet(43)) - raft.server.storage.dir = [/opt/src/hadoop-ozone/integration-test/target/test-dir/MiniOzoneClusterImpl-f3101cc7-c0e2-4c8b-9ce9-3ea1830401d5/datanode-4/data/ratis] (custom)
2019-06-13 13:31:13,750 INFO  storage.RaftStorageDirectory (RaftStorageDirectory.java:analyzeStorage(246)) - The storage directory /opt/src/hadoop-ozone/integration-test/target/test-dir/MiniOzoneClusterImpl-f3101cc7-c0e2-4c8b-9ce9-3ea1830401d5/datanode-4/data/ratis/0f57f012-8ad4-43a6-bc6a-efc43b8ebe21 does not exist. Creating ...
2019-06-13 13:31:13,753 INFO  storage.RaftStorageDirectory (RaftStorageDirectory.java:tryLock(328)) - Lock on /opt/src/hadoop-ozone/integration-test/target/test-dir/MiniOzoneClusterImpl-f3101cc7-c0e2-4c8b-9ce9-3ea1830401d5/datanode-4/data/ratis/0f57f012-8ad4-43a6-bc6a-efc43b8ebe21/in_use.lock acquired by nodename 15289@ozone-s9v57-3710753675
2019-06-13 13:31:13,755 INFO  storage.RaftStorage (RaftStorage.java:format(75)) - Storage directory /opt/src/hadoop-ozone/integration-test/target/test-dir/MiniOzoneClusterImpl-f3101cc7-c0e2-4c8b-9ce9-3ea1830401d5/datanode-4/data/ratis/0f57f012-8ad4-43a6-bc6a-efc43b8ebe21 has been successfully formatted.
2019-06-13 13:31:13,755 INFO  ratis.ContainerStateMachine (ContainerStateMachine.java:loadSnapshot(199)) - The snapshot info is null.Setting the last applied index to:(t:0, i:~)
2019-06-13 13:31:13,755 INFO  server.RaftServerConfigKeys (ConfUtils.java:logGet(43)) - raft.server.leader.election.timeout = 120s (custom)
2019-06-13 13:31:13,755 INFO  server.RaftServerConfigKeys (ConfUtils.java:logGet(43)) - raft.server.log.use.memory = false (default)
2019-06-13 13:31:13,755 INFO  server.RaftServerConfigKeys (ConfUtils.java:logGet(43)) - raft.server.log.appender.buffer.byte-limit = 33554432 (custom)
2019-06-13 13:31:13,756 INFO  server.RaftServerConfigKeys (ConfUtils.java:logGet(43)) - raft.server.log.segment.size.max = 16384 (custom)
2019-06-13 13:31:13,756 INFO  server.RaftServerConfigKeys (ConfUtils.java:logGet(43)) - raft.server.log.segment.cache.num.max = 2 (custom)
2019-06-13 13:31:13,756 INFO  storage.RaftLogWorker (RaftLogWorker.java:<init>(123)) - new b6862f76-4d64-4a44-8bb3-fe5ac57d7e31-RaftLogWorker for Storage Directory /opt/src/hadoop-ozone/integration-test/target/test-dir/MiniOzoneClusterImpl-f3101cc7-c0e2-4c8b-9ce9-3ea1830401d5/datanode-4/data/ratis/0f57f012-8ad4-43a6-bc6a-efc43b8ebe21
2019-06-13 13:31:13,756 INFO  server.RaftServerConfigKeys (ConfUtils.java:logGet(43)) - raft.server.log.queue.byte-limit = 2147483647 (custom)
2019-06-13 13:31:13,756 INFO  server.RaftServerConfigKeys (ConfUtils.java:logGet(43)) - raft.server.log.queue.element-limit = 1024 (custom)
2019-06-13 13:31:13,756 INFO  server.RaftServerConfigKeys (ConfUtils.java:logGet(43)) - raft.server.log.segment.size.max = 16384 (custom)
2019-06-13 13:31:13,756 INFO  server.RaftServerConfigKeys (ConfUtils.java:logGet(43)) - raft.server.log.preallocated.size = 16384 (custom)
2019-06-13 13:31:13,756 INFO  server.RaftServerConfigKeys (ConfUtils.java:logGet(43)) - raft.server.log.write.buffer.size = 33554432 (custom)
2019-06-13 13:31:13,756 INFO  server.RaftServerConfigKeys (ConfUtils.java:logGet(43)) - raft.server.log.force.sync.num = 128 (default)
2019-06-13 13:31:13,756 INFO  server.RaftServerConfigKeys (ConfUtils.java:logGet(43)) - raft.server.log.statemachine.data.sync = true (default)
2019-06-13 13:31:13,756 INFO  server.RaftServerConfigKeys (ConfUtils.java:logGet(43)) - raft.server.log.statemachine.data.sync.timeout = 10s (default)
2019-06-13 13:31:13,756 INFO  server.RaftServerConfigKeys (ConfUtils.java:logGet(43)) - raft.server.log.statemachine.data.sync.timeout.retry = -1 (default)
2019-06-13 13:31:13,756 INFO  server.RaftServerConfigKeys (ConfUtils.java:logGet(43)) - raft.server.log.statemachine.data.caching.enabled = true (custom)
2019-06-13 13:31:13,756 INFO  server.RaftServerConfigKeys (ConfUtils.java:logGet(43)) - raft.server.snapshot.auto.trigger.enabled = true (custom)
2019-06-13 13:31:13,756 INFO  server.RaftServerConfigKeys (ConfUtils.java:logGet(43)) - raft.server.snapshot.auto.trigger.threshold = 10000 (custom)
2019-06-13 13:31:13,757 INFO  server.RaftServerConfigKeys (ConfUtils.java:logGet(43)) - raft.server.retrycache.expirytime = 600000ms (custom)
2019-06-13 13:31:13,757 INFO  impl.RaftServerImpl (RaftServerImpl.java:start(173)) - b6862f76-4d64-4a44-8bb3-fe5ac57d7e31: start group-EFC43B8EBE21
2019-06-13 13:31:13,757 INFO  impl.RaftServerImpl (RaftServerImpl.java:setRole(164)) - b6862f76-4d64-4a44-8bb3-fe5ac57d7e31:group-EFC43B8EBE21 changes role from null to FOLLOWER at term 0 for startAsFollower
2019-06-13 13:31:13,757 INFO  impl.RoleInfo (RoleInfo.java:updateAndGet(143)) - b6862f76-4d64-4a44-8bb3-fe5ac57d7e31: start FollowerState
2019-06-13 13:31:13,757 INFO  util.JmxRegister (JmxRegister.java:tryRegister(44)) - Successfully registered JMX Bean with object name Ratis:service=RaftServer,group=group-EFC43B8EBE21,id=b6862f76-4d64-4a44-8bb3-fe5ac57d7e31
2019-06-13 13:31:13,758 INFO  pipeline.PipelineStateManager (PipelineStateManager.java:addPipeline(56)) - Created pipeline Pipeline[ Id: 0f57f012-8ad4-43a6-bc6a-efc43b8ebe21, Nodes: b6862f76-4d64-4a44-8bb3-fe5ac57d7e31{ip: 192.168.46.37, host: ozone-s9v57-3710753675, networkLocation: /default-rack, certSerialId: null}, Type:RATIS, Factor:ONE, State:OPEN]
2019-06-13 13:31:13,872 INFO  node.SCMNodeManager (SCMNodeManager.java:register(234)) - Registered Data node : 88d5fa31-1f04-49bc-a656-03325a50df7c{ip: 192.168.46.37, host: ozone-s9v57-3710753675, networkLocation: /default-rack, certSerialId: null}
2019-06-13 13:31:13,873 INFO  ozone.MiniOzoneClusterImpl (MiniOzoneClusterImpl.java:lambda$waitForClusterToBeReady$0(142)) - Cluster is ready. Got 6 of 6 DN Heartbeats.
2019-06-13 13:31:13,880 INFO  impl.RaftServerProxy (RaftServerProxy.java:addNew(89)) - 88d5fa31-1f04-49bc-a656-03325a50df7c: addNew group-101160FB9578:[88d5fa31-1f04-49bc-a656-03325a50df7c:192.168.46.37:37819] returns group-101160FB9578:java.util.concurrent.CompletableFuture@a5dbc3b[Not completed]
2019-06-13 13:31:13,882 INFO  impl.RaftServerImpl (RaftServerImpl.java:<init>(91)) - 88d5fa31-1f04-49bc-a656-03325a50df7c: new RaftServerImpl for group-101160FB9578:[88d5fa31-1f04-49bc-a656-03325a50df7c:192.168.46.37:37819] with ContainerStateMachine:uninitialized
2019-06-13 13:31:13,882 INFO  server.RaftServerConfigKeys (ConfUtils.java:logGet(43)) - raft.server.rpc.timeout.min = 1s (custom)
2019-06-13 13:31:13,884 INFO  server.RaftServerConfigKeys (ConfUtils.java:logGet(43)) - raft.server.rpc.timeout.max = 1200ms (custom)
2019-06-13 13:31:13,884 INFO  server.RaftServerConfigKeys (ConfUtils.java:logGet(43)) - raft.server.rpcslowness.timeout = 120s (custom)
2019-06-13 13:31:13,884 INFO  server.RaftServerConfigKeys (ConfUtils.java:logGet(43)) - raft.server.log.appender.install.snapshot.enabled = true (default)
2019-06-13 13:31:13,884 INFO  impl.RaftServerImpl (ServerState.java:<init>(101)) - 88d5fa31-1f04-49bc-a656-03325a50df7c:group-101160FB9578 ConfigurationManager, init=-1: [88d5fa31-1f04-49bc-a656-03325a50df7c:192.168.46.37:37819], old=null, confs=<EMPTY_MAP>
2019-06-13 13:31:13,884 INFO  server.RaftServerConfigKeys (ConfUtils.java:logGet(43)) - raft.server.storage.dir = [/opt/src/hadoop-ozone/integration-test/target/test-dir/MiniOzoneClusterImpl-f3101cc7-c0e2-4c8b-9ce9-3ea1830401d5/datanode-5/data/ratis] (custom)
2019-06-13 13:31:13,885 INFO  storage.RaftStorageDirectory (RaftStorageDirectory.java:analyzeStorage(246)) - The storage directory /opt/src/hadoop-ozone/integration-test/target/test-dir/MiniOzoneClusterImpl-f3101cc7-c0e2-4c8b-9ce9-3ea1830401d5/datanode-5/data/ratis/4a224610-abc5-49d1-9997-101160fb9578 does not exist. Creating ...
2019-06-13 13:31:13,886 INFO  rpc.RpcClient (RpcClient.java:createVolume(289)) - Creating Volume: datanodefailurehandlingtest, with root as owner.
2019-06-13 13:31:13,887 INFO  storage.RaftStorageDirectory (RaftStorageDirectory.java:tryLock(328)) - Lock on /opt/src/hadoop-ozone/integration-test/target/test-dir/MiniOzoneClusterImpl-f3101cc7-c0e2-4c8b-9ce9-3ea1830401d5/datanode-5/data/ratis/4a224610-abc5-49d1-9997-101160fb9578/in_use.lock acquired by nodename 15289@ozone-s9v57-3710753675
2019-06-13 13:31:13,889 INFO  storage.RaftStorage (RaftStorage.java:format(75)) - Storage directory /opt/src/hadoop-ozone/integration-test/target/test-dir/MiniOzoneClusterImpl-f3101cc7-c0e2-4c8b-9ce9-3ea1830401d5/datanode-5/data/ratis/4a224610-abc5-49d1-9997-101160fb9578 has been successfully formatted.
2019-06-13 13:31:13,889 INFO  ratis.ContainerStateMachine (ContainerStateMachine.java:loadSnapshot(199)) - The snapshot info is null.Setting the last applied index to:(t:0, i:~)
2019-06-13 13:31:13,889 INFO  server.RaftServerConfigKeys (ConfUtils.java:logGet(43)) - raft.server.leader.election.timeout = 120s (custom)
2019-06-13 13:31:13,889 INFO  server.RaftServerConfigKeys (ConfUtils.java:logGet(43)) - raft.server.log.use.memory = false (default)
2019-06-13 13:31:13,890 INFO  server.RaftServerConfigKeys (ConfUtils.java:logGet(43)) - raft.server.log.appender.buffer.byte-limit = 33554432 (custom)
2019-06-13 13:31:13,890 INFO  server.RaftServerConfigKeys (ConfUtils.java:logGet(43)) - raft.server.log.segment.size.max = 16384 (custom)
2019-06-13 13:31:13,890 INFO  server.RaftServerConfigKeys (ConfUtils.java:logGet(43)) - raft.server.log.segment.cache.num.max = 2 (custom)
2019-06-13 13:31:13,890 INFO  storage.RaftLogWorker (RaftLogWorker.java:<init>(123)) - new 88d5fa31-1f04-49bc-a656-03325a50df7c-RaftLogWorker for Storage Directory /opt/src/hadoop-ozone/integration-test/target/test-dir/MiniOzoneClusterImpl-f3101cc7-c0e2-4c8b-9ce9-3ea1830401d5/datanode-5/data/ratis/4a224610-abc5-49d1-9997-101160fb9578
2019-06-13 13:31:13,890 INFO  server.RaftServerConfigKeys (ConfUtils.java:logGet(43)) - raft.server.log.queue.byte-limit = 2147483647 (custom)
2019-06-13 13:31:13,890 INFO  server.RaftServerConfigKeys (ConfUtils.java:logGet(43)) - raft.server.log.queue.element-limit = 1024 (custom)
2019-06-13 13:31:13,890 INFO  server.RaftServerConfigKeys (ConfUtils.java:logGet(43)) - raft.server.log.segment.size.max = 16384 (custom)
2019-06-13 13:31:13,890 INFO  server.RaftServerConfigKeys (ConfUtils.java:logGet(43)) - raft.server.log.preallocated.size = 16384 (custom)
2019-06-13 13:31:13,890 INFO  server.RaftServerConfigKeys (ConfUtils.java:logGet(43)) - raft.server.log.write.buffer.size = 33554432 (custom)
2019-06-13 13:31:13,890 INFO  server.RaftServerConfigKeys (ConfUtils.java:logGet(43)) - raft.server.log.force.sync.num = 128 (default)
2019-06-13 13:31:13,890 INFO  server.RaftServerConfigKeys (ConfUtils.java:logGet(43)) - raft.server.log.statemachine.data.sync = true (default)
2019-06-13 13:31:13,890 INFO  server.RaftServerConfigKeys (ConfUtils.java:logGet(43)) - raft.server.log.statemachine.data.sync.timeout = 10s (default)
2019-06-13 13:31:13,890 INFO  server.RaftServerConfigKeys (ConfUtils.java:logGet(43)) - raft.server.log.statemachine.data.sync.timeout.retry = -1 (default)
2019-06-13 13:31:13,890 INFO  server.RaftServerConfigKeys (ConfUtils.java:logGet(43)) - raft.server.log.statemachine.data.caching.enabled = true (custom)
2019-06-13 13:31:13,891 INFO  server.RaftServerConfigKeys (ConfUtils.java:logGet(43)) - raft.server.snapshot.auto.trigger.enabled = true (custom)
2019-06-13 13:31:13,891 INFO  server.RaftServerConfigKeys (ConfUtils.java:logGet(43)) - raft.server.snapshot.auto.trigger.threshold = 10000 (custom)
2019-06-13 13:31:13,891 INFO  server.RaftServerConfigKeys (ConfUtils.java:logGet(43)) - raft.server.retrycache.expirytime = 600000ms (custom)
2019-06-13 13:31:13,891 INFO  impl.RaftServerImpl (RaftServerImpl.java:start(173)) - 88d5fa31-1f04-49bc-a656-03325a50df7c: start group-101160FB9578
2019-06-13 13:31:13,891 INFO  impl.RaftServerImpl (RaftServerImpl.java:setRole(164)) - 88d5fa31-1f04-49bc-a656-03325a50df7c:group-101160FB9578 changes role from null to FOLLOWER at term 0 for startAsFollower
2019-06-13 13:31:13,891 INFO  impl.RoleInfo (RoleInfo.java:updateAndGet(143)) - 88d5fa31-1f04-49bc-a656-03325a50df7c: start FollowerState
2019-06-13 13:31:13,891 INFO  util.JmxRegister (JmxRegister.java:tryRegister(44)) - Successfully registered JMX Bean with object name Ratis:service=RaftServer,group=group-101160FB9578,id=88d5fa31-1f04-49bc-a656-03325a50df7c
2019-06-13 13:31:13,893 INFO  pipeline.PipelineStateManager (PipelineStateManager.java:addPipeline(56)) - Created pipeline Pipeline[ Id: 4a224610-abc5-49d1-9997-101160fb9578, Nodes: 88d5fa31-1f04-49bc-a656-03325a50df7c{ip: 192.168.46.37, host: ozone-s9v57-3710753675, networkLocation: /default-rack, certSerialId: null}, Type:RATIS, Factor:ONE, State:OPEN]
2019-06-13 13:31:13,900 INFO  rpc.RpcClient (RpcClient.java:createBucket(426)) - Creating Bucket: datanodefailurehandlingtest/datanodefailurehandlingtest, with Versioning false and Storage Type set to DISK and Encryption set to false 
2019-06-13 13:31:13,904 INFO  impl.RaftServerProxy (RaftServerProxy.java:addNew(89)) - b6862f76-4d64-4a44-8bb3-fe5ac57d7e31: addNew group-E1D39A08F8D8:[88d5fa31-1f04-49bc-a656-03325a50df7c:192.168.46.37:37819, b6862f76-4d64-4a44-8bb3-fe5ac57d7e31:192.168.46.37:39049, 36509e8f-98c0-4b33-8e71-c1f0681d731a:192.168.46.37:33223] returns group-E1D39A08F8D8:java.util.concurrent.CompletableFuture@5cae01d[Not completed]
2019-06-13 13:31:13,905 INFO  impl.RaftServerImpl (RaftServerImpl.java:<init>(91)) - b6862f76-4d64-4a44-8bb3-fe5ac57d7e31: new RaftServerImpl for group-E1D39A08F8D8:[88d5fa31-1f04-49bc-a656-03325a50df7c:192.168.46.37:37819, b6862f76-4d64-4a44-8bb3-fe5ac57d7e31:192.168.46.37:39049, 36509e8f-98c0-4b33-8e71-c1f0681d731a:192.168.46.37:33223] with ContainerStateMachine:uninitialized
2019-06-13 13:31:13,905 INFO  server.RaftServerConfigKeys (ConfUtils.java:logGet(43)) - raft.server.rpc.timeout.min = 1s (custom)
2019-06-13 13:31:13,905 INFO  server.RaftServerConfigKeys (ConfUtils.java:logGet(43)) - raft.server.rpc.timeout.max = 1200ms (custom)
2019-06-13 13:31:13,905 INFO  server.RaftServerConfigKeys (ConfUtils.java:logGet(43)) - raft.server.rpcslowness.timeout = 120s (custom)
2019-06-13 13:31:13,905 INFO  server.RaftServerConfigKeys (ConfUtils.java:logGet(43)) - raft.server.log.appender.install.snapshot.enabled = true (default)
2019-06-13 13:31:13,905 INFO  impl.RaftServerImpl (ServerState.java:<init>(101)) - b6862f76-4d64-4a44-8bb3-fe5ac57d7e31:group-E1D39A08F8D8 ConfigurationManager, init=-1: [88d5fa31-1f04-49bc-a656-03325a50df7c:192.168.46.37:37819, b6862f76-4d64-4a44-8bb3-fe5ac57d7e31:192.168.46.37:39049, 36509e8f-98c0-4b33-8e71-c1f0681d731a:192.168.46.37:33223], old=null, confs=<EMPTY_MAP>
2019-06-13 13:31:13,905 INFO  server.RaftServerConfigKeys (ConfUtils.java:logGet(43)) - raft.server.storage.dir = [/opt/src/hadoop-ozone/integration-test/target/test-dir/MiniOzoneClusterImpl-f3101cc7-c0e2-4c8b-9ce9-3ea1830401d5/datanode-4/data/ratis] (custom)
2019-06-13 13:31:13,905 INFO  storage.RaftStorageDirectory (RaftStorageDirectory.java:analyzeStorage(246)) - The storage directory /opt/src/hadoop-ozone/integration-test/target/test-dir/MiniOzoneClusterImpl-f3101cc7-c0e2-4c8b-9ce9-3ea1830401d5/datanode-4/data/ratis/0a7338d7-267a-4aba-96ed-e1d39a08f8d8 does not exist. Creating ...
2019-06-13 13:31:13,908 INFO  impl.RaftServerProxy (RaftServerProxy.java:addNew(89)) - 36509e8f-98c0-4b33-8e71-c1f0681d731a: addNew group-E1D39A08F8D8:[88d5fa31-1f04-49bc-a656-03325a50df7c:192.168.46.37:37819, b6862f76-4d64-4a44-8bb3-fe5ac57d7e31:192.168.46.37:39049, 36509e8f-98c0-4b33-8e71-c1f0681d731a:192.168.46.37:33223] returns group-E1D39A08F8D8:java.util.concurrent.CompletableFuture@25764adb[Not completed]
2019-06-13 13:31:13,908 INFO  impl.RaftServerProxy (RaftServerProxy.java:addNew(89)) - 88d5fa31-1f04-49bc-a656-03325a50df7c: addNew group-E1D39A08F8D8:[88d5fa31-1f04-49bc-a656-03325a50df7c:192.168.46.37:37819, b6862f76-4d64-4a44-8bb3-fe5ac57d7e31:192.168.46.37:39049, 36509e8f-98c0-4b33-8e71-c1f0681d731a:192.168.46.37:33223] returns group-E1D39A08F8D8:java.util.concurrent.CompletableFuture@cb42c14[Not completed]
2019-06-13 13:31:13,908 INFO  impl.RaftServerImpl (RaftServerImpl.java:<init>(91)) - 36509e8f-98c0-4b33-8e71-c1f0681d731a: new RaftServerImpl for group-E1D39A08F8D8:[88d5fa31-1f04-49bc-a656-03325a50df7c:192.168.46.37:37819, b6862f76-4d64-4a44-8bb3-fe5ac57d7e31:192.168.46.37:39049, 36509e8f-98c0-4b33-8e71-c1f0681d731a:192.168.46.37:33223] with ContainerStateMachine:uninitialized
2019-06-13 13:31:13,908 INFO  storage.RaftStorageDirectory (RaftStorageDirectory.java:tryLock(328)) - Lock on /opt/src/hadoop-ozone/integration-test/target/test-dir/MiniOzoneClusterImpl-f3101cc7-c0e2-4c8b-9ce9-3ea1830401d5/datanode-4/data/ratis/0a7338d7-267a-4aba-96ed-e1d39a08f8d8/in_use.lock acquired by nodename 15289@ozone-s9v57-3710753675
2019-06-13 13:31:13,908 INFO  server.RaftServerConfigKeys (ConfUtils.java:logGet(43)) - raft.server.rpc.timeout.min = 1s (custom)
2019-06-13 13:31:13,908 INFO  server.RaftServerConfigKeys (ConfUtils.java:logGet(43)) - raft.server.rpc.timeout.max = 1200ms (custom)
2019-06-13 13:31:13,908 INFO  server.RaftServerConfigKeys (ConfUtils.java:logGet(43)) - raft.server.rpcslowness.timeout = 120s (custom)
2019-06-13 13:31:13,909 INFO  server.RaftServerConfigKeys (ConfUtils.java:logGet(43)) - raft.server.log.appender.install.snapshot.enabled = true (default)
2019-06-13 13:31:13,909 INFO  impl.RaftServerImpl (ServerState.java:<init>(101)) - 36509e8f-98c0-4b33-8e71-c1f0681d731a:group-E1D39A08F8D8 ConfigurationManager, init=-1: [88d5fa31-1f04-49bc-a656-03325a50df7c:192.168.46.37:37819, b6862f76-4d64-4a44-8bb3-fe5ac57d7e31:192.168.46.37:39049, 36509e8f-98c0-4b33-8e71-c1f0681d731a:192.168.46.37:33223], old=null, confs=<EMPTY_MAP>
2019-06-13 13:31:13,909 INFO  impl.RaftServerImpl (RaftServerImpl.java:<init>(91)) - 88d5fa31-1f04-49bc-a656-03325a50df7c: new RaftServerImpl for group-E1D39A08F8D8:[88d5fa31-1f04-49bc-a656-03325a50df7c:192.168.46.37:37819, b6862f76-4d64-4a44-8bb3-fe5ac57d7e31:192.168.46.37:39049, 36509e8f-98c0-4b33-8e71-c1f0681d731a:192.168.46.37:33223] with ContainerStateMachine:uninitialized
2019-06-13 13:31:13,909 INFO  server.RaftServerConfigKeys (ConfUtils.java:logGet(43)) - raft.server.storage.dir = [/opt/src/hadoop-ozone/integration-test/target/test-dir/MiniOzoneClusterImpl-f3101cc7-c0e2-4c8b-9ce9-3ea1830401d5/datanode-3/data/ratis] (custom)
2019-06-13 13:31:13,909 INFO  storage.RaftStorageDirectory (RaftStorageDirectory.java:analyzeStorage(246)) - The storage directory /opt/src/hadoop-ozone/integration-test/target/test-dir/MiniOzoneClusterImpl-f3101cc7-c0e2-4c8b-9ce9-3ea1830401d5/datanode-3/data/ratis/0a7338d7-267a-4aba-96ed-e1d39a08f8d8 does not exist. Creating ...
2019-06-13 13:31:13,909 INFO  server.RaftServerConfigKeys (ConfUtils.java:logGet(43)) - raft.server.rpc.timeout.min = 1s (custom)
2019-06-13 13:31:13,909 INFO  server.RaftServerConfigKeys (ConfUtils.java:logGet(43)) - raft.server.rpc.timeout.max = 1200ms (custom)
2019-06-13 13:31:13,910 INFO  server.RaftServerConfigKeys (ConfUtils.java:logGet(43)) - raft.server.rpcslowness.timeout = 120s (custom)
2019-06-13 13:31:13,910 INFO  server.RaftServerConfigKeys (ConfUtils.java:logGet(43)) - raft.server.log.appender.install.snapshot.enabled = true (default)
2019-06-13 13:31:13,910 INFO  impl.RaftServerImpl (ServerState.java:<init>(101)) - 88d5fa31-1f04-49bc-a656-03325a50df7c:group-E1D39A08F8D8 ConfigurationManager, init=-1: [88d5fa31-1f04-49bc-a656-03325a50df7c:192.168.46.37:37819, b6862f76-4d64-4a44-8bb3-fe5ac57d7e31:192.168.46.37:39049, 36509e8f-98c0-4b33-8e71-c1f0681d731a:192.168.46.37:33223], old=null, confs=<EMPTY_MAP>
2019-06-13 13:31:13,910 INFO  server.RaftServerConfigKeys (ConfUtils.java:logGet(43)) - raft.server.storage.dir = [/opt/src/hadoop-ozone/integration-test/target/test-dir/MiniOzoneClusterImpl-f3101cc7-c0e2-4c8b-9ce9-3ea1830401d5/datanode-5/data/ratis] (custom)
2019-06-13 13:31:13,910 INFO  storage.RaftStorageDirectory (RaftStorageDirectory.java:analyzeStorage(246)) - The storage directory /opt/src/hadoop-ozone/integration-test/target/test-dir/MiniOzoneClusterImpl-f3101cc7-c0e2-4c8b-9ce9-3ea1830401d5/datanode-5/data/ratis/0a7338d7-267a-4aba-96ed-e1d39a08f8d8 does not exist. Creating ...
2019-06-13 13:31:13,910 INFO  storage.RaftStorage (RaftStorage.java:format(75)) - Storage directory /opt/src/hadoop-ozone/integration-test/target/test-dir/MiniOzoneClusterImpl-f3101cc7-c0e2-4c8b-9ce9-3ea1830401d5/datanode-4/data/ratis/0a7338d7-267a-4aba-96ed-e1d39a08f8d8 has been successfully formatted.
2019-06-13 13:31:13,911 INFO  ratis.ContainerStateMachine (ContainerStateMachine.java:loadSnapshot(199)) - The snapshot info is null.Setting the last applied index to:(t:0, i:~)
2019-06-13 13:31:13,911 INFO  server.RaftServerConfigKeys (ConfUtils.java:logGet(43)) - raft.server.leader.election.timeout = 120s (custom)
2019-06-13 13:31:13,911 INFO  server.RaftServerConfigKeys (ConfUtils.java:logGet(43)) - raft.server.log.use.memory = false (default)
2019-06-13 13:31:13,912 INFO  server.RaftServerConfigKeys (ConfUtils.java:logGet(43)) - raft.server.log.appender.buffer.byte-limit = 33554432 (custom)
2019-06-13 13:31:13,912 INFO  server.RaftServerConfigKeys (ConfUtils.java:logGet(43)) - raft.server.log.segment.size.max = 16384 (custom)
2019-06-13 13:31:13,912 INFO  server.RaftServerConfigKeys (ConfUtils.java:logGet(43)) - raft.server.log.segment.cache.num.max = 2 (custom)
2019-06-13 13:31:13,912 INFO  storage.RaftLogWorker (RaftLogWorker.java:<init>(123)) - new b6862f76-4d64-4a44-8bb3-fe5ac57d7e31-RaftLogWorker for Storage Directory /opt/src/hadoop-ozone/integration-test/target/test-dir/MiniOzoneClusterImpl-f3101cc7-c0e2-4c8b-9ce9-3ea1830401d5/datanode-4/data/ratis/0a7338d7-267a-4aba-96ed-e1d39a08f8d8
2019-06-13 13:31:13,912 INFO  server.RaftServerConfigKeys (ConfUtils.java:logGet(43)) - raft.server.log.queue.byte-limit = 2147483647 (custom)
2019-06-13 13:31:13,912 INFO  server.RaftServerConfigKeys (ConfUtils.java:logGet(43)) - raft.server.log.queue.element-limit = 1024 (custom)
2019-06-13 13:31:13,912 INFO  server.RaftServerConfigKeys (ConfUtils.java:logGet(43)) - raft.server.log.segment.size.max = 16384 (custom)
2019-06-13 13:31:13,912 INFO  server.RaftServerConfigKeys (ConfUtils.java:logGet(43)) - raft.server.log.preallocated.size = 16384 (custom)
2019-06-13 13:31:13,912 INFO  server.RaftServerConfigKeys (ConfUtils.java:logGet(43)) - raft.server.log.write.buffer.size = 33554432 (custom)
2019-06-13 13:31:13,912 INFO  server.RaftServerConfigKeys (ConfUtils.java:logGet(43)) - raft.server.log.force.sync.num = 128 (default)
2019-06-13 13:31:13,912 INFO  server.RaftServerConfigKeys (ConfUtils.java:logGet(43)) - raft.server.log.statemachine.data.sync = true (default)
2019-06-13 13:31:13,913 INFO  server.RaftServerConfigKeys (ConfUtils.java:logGet(43)) - raft.server.log.statemachine.data.sync.timeout = 10s (default)
2019-06-13 13:31:13,913 INFO  server.RaftServerConfigKeys (ConfUtils.java:logGet(43)) - raft.server.log.statemachine.data.sync.timeout.retry = -1 (default)
2019-06-13 13:31:13,912 INFO  storage.RaftStorageDirectory (RaftStorageDirectory.java:tryLock(328)) - Lock on /opt/src/hadoop-ozone/integration-test/target/test-dir/MiniOzoneClusterImpl-f3101cc7-c0e2-4c8b-9ce9-3ea1830401d5/datanode-3/data/ratis/0a7338d7-267a-4aba-96ed-e1d39a08f8d8/in_use.lock acquired by nodename 15289@ozone-s9v57-3710753675
2019-06-13 13:31:13,913 INFO  storage.RaftStorageDirectory (RaftStorageDirectory.java:tryLock(328)) - Lock on /opt/src/hadoop-ozone/integration-test/target/test-dir/MiniOzoneClusterImpl-f3101cc7-c0e2-4c8b-9ce9-3ea1830401d5/datanode-5/data/ratis/0a7338d7-267a-4aba-96ed-e1d39a08f8d8/in_use.lock acquired by nodename 15289@ozone-s9v57-3710753675
2019-06-13 13:31:13,913 INFO  server.RaftServerConfigKeys (ConfUtils.java:logGet(43)) - raft.server.log.statemachine.data.caching.enabled = true (custom)
2019-06-13 13:31:13,914 INFO  server.RaftServerConfigKeys (ConfUtils.java:logGet(43)) - raft.server.snapshot.auto.trigger.enabled = true (custom)
2019-06-13 13:31:13,914 INFO  server.RaftServerConfigKeys (ConfUtils.java:logGet(43)) - raft.server.snapshot.auto.trigger.threshold = 10000 (custom)
2019-06-13 13:31:13,914 INFO  server.RaftServerConfigKeys (ConfUtils.java:logGet(43)) - raft.server.retrycache.expirytime = 600000ms (custom)
2019-06-13 13:31:13,914 INFO  impl.RaftServerImpl (RaftServerImpl.java:start(173)) - b6862f76-4d64-4a44-8bb3-fe5ac57d7e31: start group-E1D39A08F8D8
2019-06-13 13:31:13,915 INFO  impl.RaftServerImpl (RaftServerImpl.java:setRole(164)) - b6862f76-4d64-4a44-8bb3-fe5ac57d7e31:group-E1D39A08F8D8 changes role from null to FOLLOWER at term 0 for startAsFollower
2019-06-13 13:31:13,915 INFO  impl.RoleInfo (RoleInfo.java:updateAndGet(143)) - b6862f76-4d64-4a44-8bb3-fe5ac57d7e31: start FollowerState
2019-06-13 13:31:13,915 INFO  util.JmxRegister (JmxRegister.java:tryRegister(44)) - Successfully registered JMX Bean with object name Ratis:service=RaftServer,group=group-E1D39A08F8D8,id=b6862f76-4d64-4a44-8bb3-fe5ac57d7e31
2019-06-13 13:31:13,917 INFO  storage.RaftStorage (RaftStorage.java:format(75)) - Storage directory /opt/src/hadoop-ozone/integration-test/target/test-dir/MiniOzoneClusterImpl-f3101cc7-c0e2-4c8b-9ce9-3ea1830401d5/datanode-3/data/ratis/0a7338d7-267a-4aba-96ed-e1d39a08f8d8 has been successfully formatted.
2019-06-13 13:31:13,918 INFO  ratis.ContainerStateMachine (ContainerStateMachine.java:loadSnapshot(199)) - The snapshot info is null.Setting the last applied index to:(t:0, i:~)
2019-06-13 13:31:13,918 INFO  server.RaftServerConfigKeys (ConfUtils.java:logGet(43)) - raft.server.leader.election.timeout = 120s (custom)
2019-06-13 13:31:13,918 INFO  server.RaftServerConfigKeys (ConfUtils.java:logGet(43)) - raft.server.log.use.memory = false (default)
2019-06-13 13:31:13,918 INFO  server.RaftServerConfigKeys (ConfUtils.java:logGet(43)) - raft.server.log.appender.buffer.byte-limit = 33554432 (custom)
2019-06-13 13:31:13,918 INFO  server.RaftServerConfigKeys (ConfUtils.java:logGet(43)) - raft.server.log.segment.size.max = 16384 (custom)
2019-06-13 13:31:13,918 INFO  storage.RaftStorage (RaftStorage.java:format(75)) - Storage directory /opt/src/hadoop-ozone/integration-test/target/test-dir/MiniOzoneClusterImpl-f3101cc7-c0e2-4c8b-9ce9-3ea1830401d5/datanode-5/data/ratis/0a7338d7-267a-4aba-96ed-e1d39a08f8d8 has been successfully formatted.
2019-06-13 13:31:13,918 INFO  server.RaftServerConfigKeys (ConfUtils.java:logGet(43)) - raft.server.log.segment.cache.num.max = 2 (custom)
2019-06-13 13:31:13,918 INFO  ratis.ContainerStateMachine (ContainerStateMachine.java:loadSnapshot(199)) - The snapshot info is null.Setting the last applied index to:(t:0, i:~)
2019-06-13 13:31:13,918 INFO  storage.RaftLogWorker (RaftLogWorker.java:<init>(123)) - new 36509e8f-98c0-4b33-8e71-c1f0681d731a-RaftLogWorker for Storage Directory /opt/src/hadoop-ozone/integration-test/target/test-dir/MiniOzoneClusterImpl-f3101cc7-c0e2-4c8b-9ce9-3ea1830401d5/datanode-3/data/ratis/0a7338d7-267a-4aba-96ed-e1d39a08f8d8
2019-06-13 13:31:13,918 INFO  server.RaftServerConfigKeys (ConfUtils.java:logGet(43)) - raft.server.leader.election.timeout = 120s (custom)
2019-06-13 13:31:13,918 INFO  server.RaftServerConfigKeys (ConfUtils.java:logGet(43)) - raft.server.log.queue.byte-limit = 2147483647 (custom)
2019-06-13 13:31:13,919 INFO  server.RaftServerConfigKeys (ConfUtils.java:logGet(43)) - raft.server.log.use.memory = false (default)
2019-06-13 13:31:13,919 INFO  server.RaftServerConfigKeys (ConfUtils.java:logGet(43)) - raft.server.log.queue.element-limit = 1024 (custom)
2019-06-13 13:31:13,919 INFO  server.RaftServerConfigKeys (ConfUtils.java:logGet(43)) - raft.server.log.appender.buffer.byte-limit = 33554432 (custom)
2019-06-13 13:31:13,919 INFO  server.RaftServerConfigKeys (ConfUtils.java:logGet(43)) - raft.server.log.segment.size.max = 16384 (custom)
2019-06-13 13:31:13,919 INFO  server.RaftServerConfigKeys (ConfUtils.java:logGet(43)) - raft.server.log.segment.size.max = 16384 (custom)
2019-06-13 13:31:13,919 INFO  server.RaftServerConfigKeys (ConfUtils.java:logGet(43)) - raft.server.log.preallocated.size = 16384 (custom)
2019-06-13 13:31:13,919 INFO  server.RaftServerConfigKeys (ConfUtils.java:logGet(43)) - raft.server.log.segment.cache.num.max = 2 (custom)
2019-06-13 13:31:13,919 INFO  server.RaftServerConfigKeys (ConfUtils.java:logGet(43)) - raft.server.log.write.buffer.size = 33554432 (custom)
2019-06-13 13:31:13,919 INFO  storage.RaftLogWorker (RaftLogWorker.java:<init>(123)) - new 88d5fa31-1f04-49bc-a656-03325a50df7c-RaftLogWorker for Storage Directory /opt/src/hadoop-ozone/integration-test/target/test-dir/MiniOzoneClusterImpl-f3101cc7-c0e2-4c8b-9ce9-3ea1830401d5/datanode-5/data/ratis/0a7338d7-267a-4aba-96ed-e1d39a08f8d8
2019-06-13 13:31:13,919 INFO  server.RaftServerConfigKeys (ConfUtils.java:logGet(43)) - raft.server.log.force.sync.num = 128 (default)
2019-06-13 13:31:13,919 INFO  server.RaftServerConfigKeys (ConfUtils.java:logGet(43)) - raft.server.log.queue.byte-limit = 2147483647 (custom)
2019-06-13 13:31:13,919 INFO  server.RaftServerConfigKeys (ConfUtils.java:logGet(43)) - raft.server.log.statemachine.data.sync = true (default)
2019-06-13 13:31:13,920 INFO  server.RaftServerConfigKeys (ConfUtils.java:logGet(43)) - raft.server.log.queue.element-limit = 1024 (custom)
2019-06-13 13:31:13,920 INFO  server.RaftServerConfigKeys (ConfUtils.java:logGet(43)) - raft.server.log.statemachine.data.sync.timeout = 10s (default)
2019-06-13 13:31:13,920 INFO  server.RaftServerConfigKeys (ConfUtils.java:logGet(43)) - raft.server.log.segment.size.max = 16384 (custom)
2019-06-13 13:31:13,920 INFO  server.RaftServerConfigKeys (ConfUtils.java:logGet(43)) - raft.server.log.statemachine.data.sync.timeout.retry = -1 (default)
2019-06-13 13:31:13,920 INFO  server.RaftServerConfigKeys (ConfUtils.java:logGet(43)) - raft.server.log.preallocated.size = 16384 (custom)
2019-06-13 13:31:13,920 INFO  server.RaftServerConfigKeys (ConfUtils.java:logGet(43)) - raft.server.log.statemachine.data.caching.enabled = true (custom)
2019-06-13 13:31:13,920 INFO  server.RaftServerConfigKeys (ConfUtils.java:logGet(43)) - raft.server.log.write.buffer.size = 33554432 (custom)
2019-06-13 13:31:13,920 INFO  server.RaftServerConfigKeys (ConfUtils.java:logGet(43)) - raft.server.log.force.sync.num = 128 (default)
2019-06-13 13:31:13,920 INFO  server.RaftServerConfigKeys (ConfUtils.java:logGet(43)) - raft.server.log.statemachine.data.sync = true (default)
2019-06-13 13:31:13,920 INFO  server.RaftServerConfigKeys (ConfUtils.java:logGet(43)) - raft.server.snapshot.auto.trigger.enabled = true (custom)
2019-06-13 13:31:13,920 INFO  server.RaftServerConfigKeys (ConfUtils.java:logGet(43)) - raft.server.log.statemachine.data.sync.timeout = 10s (default)
2019-06-13 13:31:13,920 INFO  server.RaftServerConfigKeys (ConfUtils.java:logGet(43)) - raft.server.snapshot.auto.trigger.threshold = 10000 (custom)
2019-06-13 13:31:13,921 INFO  server.RaftServerConfigKeys (ConfUtils.java:logGet(43)) - raft.server.log.statemachine.data.sync.timeout.retry = -1 (default)
2019-06-13 13:31:13,921 INFO  server.RaftServerConfigKeys (ConfUtils.java:logGet(43)) - raft.server.retrycache.expirytime = 600000ms (custom)
2019-06-13 13:31:13,921 INFO  server.RaftServerConfigKeys (ConfUtils.java:logGet(43)) - raft.server.log.statemachine.data.caching.enabled = true (custom)
2019-06-13 13:31:13,921 INFO  impl.RaftServerImpl (RaftServerImpl.java:start(173)) - 36509e8f-98c0-4b33-8e71-c1f0681d731a: start group-E1D39A08F8D8
2019-06-13 13:31:13,921 INFO  impl.RaftServerImpl (RaftServerImpl.java:setRole(164)) - 36509e8f-98c0-4b33-8e71-c1f0681d731a:group-E1D39A08F8D8 changes role from null to FOLLOWER at term 0 for startAsFollower
2019-06-13 13:31:13,921 INFO  impl.RoleInfo (RoleInfo.java:updateAndGet(143)) - 36509e8f-98c0-4b33-8e71-c1f0681d731a: start FollowerState
2019-06-13 13:31:13,921 INFO  server.RaftServerConfigKeys (ConfUtils.java:logGet(43)) - raft.server.snapshot.auto.trigger.enabled = true (custom)
2019-06-13 13:31:13,921 INFO  server.RaftServerConfigKeys (ConfUtils.java:logGet(43)) - raft.server.snapshot.auto.trigger.threshold = 10000 (custom)
2019-06-13 13:31:13,921 INFO  util.JmxRegister (JmxRegister.java:tryRegister(44)) - Successfully registered JMX Bean with object name Ratis:service=RaftServer,group=group-E1D39A08F8D8,id=36509e8f-98c0-4b33-8e71-c1f0681d731a
2019-06-13 13:31:13,921 INFO  server.RaftServerConfigKeys (ConfUtils.java:logGet(43)) - raft.server.retrycache.expirytime = 600000ms (custom)
2019-06-13 13:31:13,922 INFO  impl.RaftServerImpl (RaftServerImpl.java:start(173)) - 88d5fa31-1f04-49bc-a656-03325a50df7c: start group-E1D39A08F8D8
2019-06-13 13:31:13,922 INFO  impl.RaftServerImpl (RaftServerImpl.java:setRole(164)) - 88d5fa31-1f04-49bc-a656-03325a50df7c:group-E1D39A08F8D8 changes role from null to FOLLOWER at term 0 for startAsFollower
2019-06-13 13:31:13,923 INFO  impl.RoleInfo (RoleInfo.java:updateAndGet(143)) - 88d5fa31-1f04-49bc-a656-03325a50df7c: start FollowerState
2019-06-13 13:31:13,923 INFO  util.JmxRegister (JmxRegister.java:tryRegister(44)) - Successfully registered JMX Bean with object name Ratis:service=RaftServer,group=group-E1D39A08F8D8,id=88d5fa31-1f04-49bc-a656-03325a50df7c
2019-06-13 13:31:13,925 INFO  pipeline.PipelineStateManager (PipelineStateManager.java:addPipeline(56)) - Created pipeline Pipeline[ Id: 0a7338d7-267a-4aba-96ed-e1d39a08f8d8, Nodes: 88d5fa31-1f04-49bc-a656-03325a50df7c{ip: 192.168.46.37, host: ozone-s9v57-3710753675, networkLocation: /default-rack, certSerialId: null}b6862f76-4d64-4a44-8bb3-fe5ac57d7e31{ip: 192.168.46.37, host: ozone-s9v57-3710753675, networkLocation: /default-rack, certSerialId: null}36509e8f-98c0-4b33-8e71-c1f0681d731a{ip: 192.168.46.37, host: ozone-s9v57-3710753675, networkLocation: /default-rack, certSerialId: null}, Type:RATIS, Factor:THREE, State:OPEN]
2019-06-13 13:31:14,005 INFO  client.GrpcClientProtocolClient (GrpcClientProtocolClient.java:onNext(254)) - client-99FCCA3B0D20->88d5fa31-1f04-49bc-a656-03325a50df7c: receive RaftClientReply:client-99FCCA3B0D20->88d5fa31-1f04-49bc-a656-03325a50df7c@group-E1D39A08F8D8, cid=68, FAILED org.apache.ratis.protocol.NotLeaderException: Server 88d5fa31-1f04-49bc-a656-03325a50df7c is not the leader (b6862f76-4d64-4a44-8bb3-fe5ac57d7e31:192.168.46.37:39049). Request must be sent to leader., logIndex=0, commits[88d5fa31-1f04-49bc-a656-03325a50df7c:c-1]
2019-06-13 13:31:14,008 WARN  client.GrpcClientProtocolService (LogUtils.java:warn(134)) - 0-OrderedRequestStreamObserver0: onError: org.apache.ratis.thirdparty.io.grpc.StatusRuntimeException: CANCELLED: cancelled before receiving half close
2019-06-13 13:31:14,269 INFO  impl.FollowerState (FollowerState.java:run(101)) - 33d136f9-9d80-4c34-8892-625e8eaf38ce:group-FF06A165DC0D changes to CANDIDATE, lastRpcTime:1065, electionTimeout:1065ms
2019-06-13 13:31:14,271 INFO  impl.RoleInfo (RoleInfo.java:shutdownFollowerState(121)) - 33d136f9-9d80-4c34-8892-625e8eaf38ce: shutdown FollowerState
2019-06-13 13:31:14,271 INFO  impl.RaftServerImpl (RaftServerImpl.java:setRole(164)) - 33d136f9-9d80-4c34-8892-625e8eaf38ce:group-FF06A165DC0D changes role from FOLLOWER to CANDIDATE at term 0 for changeToCandidate
2019-06-13 13:31:14,271 INFO  impl.RoleInfo (RoleInfo.java:updateAndGet(143)) - 33d136f9-9d80-4c34-8892-625e8eaf38ce: start LeaderElection
2019-06-13 13:31:14,275 INFO  impl.LeaderElection (LeaderElection.java:askForVotes(181)) - 33d136f9-9d80-4c34-8892-625e8eaf38ce:group-FF06A165DC0D:LeaderElection31: begin an election at term 1 for -1: [33d136f9-9d80-4c34-8892-625e8eaf38ce:192.168.46.37:33315], old=null
2019-06-13 13:31:14,275 INFO  impl.RoleInfo (RoleInfo.java:shutdownLeaderElection(134)) - 33d136f9-9d80-4c34-8892-625e8eaf38ce: shutdown LeaderElection
2019-06-13 13:31:14,275 INFO  impl.RaftServerImpl (RaftServerImpl.java:setRole(164)) - 33d136f9-9d80-4c34-8892-625e8eaf38ce:group-FF06A165DC0D changes role from CANDIDATE to LEADER at term 1 for changeToLeader
2019-06-13 13:31:14,275 INFO  impl.RaftServerImpl (ServerState.java:setLeader(263)) - 33d136f9-9d80-4c34-8892-625e8eaf38ce:group-FF06A165DC0D change Leader from null to 33d136f9-9d80-4c34-8892-625e8eaf38ce at term 1 for becomeLeader, leader elected after 1073ms
2019-06-13 13:31:14,275 INFO  server.RaftServerConfigKeys (ConfUtils.java:logGet(43)) - raft.server.staging.catchup.gap = 1000 (default)
2019-06-13 13:31:14,275 INFO  server.RaftServerConfigKeys (ConfUtils.java:logGet(43)) - raft.server.rpc.sleep.time = 25ms (default)
2019-06-13 13:31:14,276 INFO  server.RaftServerConfigKeys (ConfUtils.java:logGet(43)) - raft.server.watch.timeout = 10s (default)
2019-06-13 13:31:14,276 INFO  server.RaftServerConfigKeys (ConfUtils.java:logGet(43)) - raft.server.watch.timeout.denomination = 1s (default)
2019-06-13 13:31:14,276 INFO  impl.RoleInfo (RoleInfo.java:updateAndGet(143)) - 33d136f9-9d80-4c34-8892-625e8eaf38ce: start LeaderState
2019-06-13 13:31:14,276 INFO  storage.RaftLogWorker (RaftLogWorker.java:startLogSegment(298)) - 33d136f9-9d80-4c34-8892-625e8eaf38ce-RaftLogWorker: Starting segment from index:0
2019-06-13 13:31:14,277 INFO  impl.RaftServerImpl (ServerState.java:setRaftConf(361)) - 33d136f9-9d80-4c34-8892-625e8eaf38ce:group-FF06A165DC0D set configuration 0: [33d136f9-9d80-4c34-8892-625e8eaf38ce:192.168.46.37:33315], old=null at 0
2019-06-13 13:31:14,312 INFO  storage.RaftLogWorker (RaftLogWorker.java:execute(469)) - 33d136f9-9d80-4c34-8892-625e8eaf38ce-RaftLogWorker: created new log segment /opt/src/hadoop-ozone/integration-test/target/test-dir/MiniOzoneClusterImpl-f3101cc7-c0e2-4c8b-9ce9-3ea1830401d5/datanode-0/data/ratis/feace0b6-44d5-4333-8f09-ff06a165dc0d/current/log_inprogress_0
2019-06-13 13:31:14,501 INFO  impl.FollowerState (FollowerState.java:run(101)) - ea36ec44-1e45-4035-b4f5-621a7be34482:group-E9389C6AE728 changes to CANDIDATE, lastRpcTime:1155, electionTimeout:1155ms
2019-06-13 13:31:14,501 INFO  impl.RoleInfo (RoleInfo.java:shutdownFollowerState(121)) - ea36ec44-1e45-4035-b4f5-621a7be34482: shutdown FollowerState
2019-06-13 13:31:14,501 INFO  impl.RaftServerImpl (RaftServerImpl.java:setRole(164)) - ea36ec44-1e45-4035-b4f5-621a7be34482:group-E9389C6AE728 changes role from FOLLOWER to CANDIDATE at term 0 for changeToCandidate
2019-06-13 13:31:14,501 INFO  impl.RoleInfo (RoleInfo.java:updateAndGet(143)) - ea36ec44-1e45-4035-b4f5-621a7be34482: start LeaderElection
2019-06-13 13:31:14,507 INFO  impl.LeaderElection (LeaderElection.java:askForVotes(181)) - ea36ec44-1e45-4035-b4f5-621a7be34482:group-E9389C6AE728:LeaderElection32: begin an election at term 1 for -1: [ea36ec44-1e45-4035-b4f5-621a7be34482:192.168.46.37:41123], old=null
2019-06-13 13:31:14,507 INFO  impl.RoleInfo (RoleInfo.java:shutdownLeaderElection(134)) - ea36ec44-1e45-4035-b4f5-621a7be34482: shutdown LeaderElection
2019-06-13 13:31:14,507 INFO  impl.RaftServerImpl (RaftServerImpl.java:setRole(164)) - ea36ec44-1e45-4035-b4f5-621a7be34482:group-E9389C6AE728 changes role from CANDIDATE to LEADER at term 1 for changeToLeader
2019-06-13 13:31:14,507 INFO  impl.RaftServerImpl (ServerState.java:setLeader(263)) - ea36ec44-1e45-4035-b4f5-621a7be34482:group-E9389C6AE728 change Leader from null to ea36ec44-1e45-4035-b4f5-621a7be34482 at term 1 for becomeLeader, leader elected after 1163ms
2019-06-13 13:31:14,507 INFO  server.RaftServerConfigKeys (ConfUtils.java:logGet(43)) - raft.server.staging.catchup.gap = 1000 (default)
2019-06-13 13:31:14,507 INFO  server.RaftServerConfigKeys (ConfUtils.java:logGet(43)) - raft.server.rpc.sleep.time = 25ms (default)
2019-06-13 13:31:14,507 INFO  server.RaftServerConfigKeys (ConfUtils.java:logGet(43)) - raft.server.watch.timeout = 10s (default)
2019-06-13 13:31:14,507 INFO  server.RaftServerConfigKeys (ConfUtils.java:logGet(43)) - raft.server.watch.timeout.denomination = 1s (default)
2019-06-13 13:31:14,507 INFO  impl.RoleInfo (RoleInfo.java:updateAndGet(143)) - ea36ec44-1e45-4035-b4f5-621a7be34482: start LeaderState
2019-06-13 13:31:14,507 INFO  storage.RaftLogWorker (RaftLogWorker.java:startLogSegment(298)) - ea36ec44-1e45-4035-b4f5-621a7be34482-RaftLogWorker: Starting segment from index:0
2019-06-13 13:31:14,511 INFO  impl.RaftServerImpl (ServerState.java:setRaftConf(361)) - ea36ec44-1e45-4035-b4f5-621a7be34482:group-E9389C6AE728 set configuration 0: [ea36ec44-1e45-4035-b4f5-621a7be34482:192.168.46.37:41123], old=null at 0
2019-06-13 13:31:14,551 INFO  storage.RaftLogWorker (RaftLogWorker.java:execute(469)) - ea36ec44-1e45-4035-b4f5-621a7be34482-RaftLogWorker: created new log segment /opt/src/hadoop-ozone/integration-test/target/test-dir/MiniOzoneClusterImpl-f3101cc7-c0e2-4c8b-9ce9-3ea1830401d5/datanode-1/data/ratis/28c89b7f-f89f-4cb9-87ae-e9389c6ae728/current/log_inprogress_0
2019-06-13 13:31:14,559 INFO  impl.FollowerState (FollowerState.java:run(101)) - 2609858b-dce0-48df-bbd8-006d8918a812:group-E378502D61C0 changes to CANDIDATE, lastRpcTime:1038, electionTimeout:1033ms
2019-06-13 13:31:14,559 INFO  impl.RoleInfo (RoleInfo.java:shutdownFollowerState(121)) - 2609858b-dce0-48df-bbd8-006d8918a812: shutdown FollowerState
2019-06-13 13:31:14,559 INFO  impl.RaftServerImpl (RaftServerImpl.java:setRole(164)) - 2609858b-dce0-48df-bbd8-006d8918a812:group-E378502D61C0 changes role from FOLLOWER to CANDIDATE at term 0 for changeToCandidate
2019-06-13 13:31:14,559 INFO  impl.RoleInfo (RoleInfo.java:updateAndGet(143)) - 2609858b-dce0-48df-bbd8-006d8918a812: start LeaderElection
2019-06-13 13:31:14,566 INFO  impl.FollowerState (FollowerState.java:run(101)) - 2609858b-dce0-48df-bbd8-006d8918a812:group-C6E62918D469 changes to CANDIDATE, lastRpcTime:1074, electionTimeout:1074ms
2019-06-13 13:31:14,566 INFO  impl.RoleInfo (RoleInfo.java:shutdownFollowerState(121)) - 2609858b-dce0-48df-bbd8-006d8918a812: shutdown FollowerState
2019-06-13 13:31:14,566 INFO  impl.RaftServerImpl (RaftServerImpl.java:setRole(164)) - 2609858b-dce0-48df-bbd8-006d8918a812:group-C6E62918D469 changes role from FOLLOWER to CANDIDATE at term 0 for changeToCandidate
2019-06-13 13:31:14,566 INFO  impl.RoleInfo (RoleInfo.java:updateAndGet(143)) - 2609858b-dce0-48df-bbd8-006d8918a812: start LeaderElection
2019-06-13 13:31:14,577 INFO  impl.LeaderElection (LeaderElection.java:askForVotes(181)) - 2609858b-dce0-48df-bbd8-006d8918a812:group-E378502D61C0:LeaderElection33: begin an election at term 1 for -1: [2609858b-dce0-48df-bbd8-006d8918a812:192.168.46.37:38877, 33d136f9-9d80-4c34-8892-625e8eaf38ce:192.168.46.37:33315, ea36ec44-1e45-4035-b4f5-621a7be34482:192.168.46.37:41123], old=null
2019-06-13 13:31:14,579 INFO  impl.LeaderElection (LeaderElection.java:askForVotes(181)) - 2609858b-dce0-48df-bbd8-006d8918a812:group-C6E62918D469:LeaderElection34: begin an election at term 1 for -1: [2609858b-dce0-48df-bbd8-006d8918a812:192.168.46.37:38877], old=null
2019-06-13 13:31:14,581 INFO  impl.RoleInfo (RoleInfo.java:shutdownLeaderElection(134)) - 2609858b-dce0-48df-bbd8-006d8918a812: shutdown LeaderElection
2019-06-13 13:31:14,581 INFO  impl.RaftServerImpl (RaftServerImpl.java:setRole(164)) - 2609858b-dce0-48df-bbd8-006d8918a812:group-C6E62918D469 changes role from CANDIDATE to LEADER at term 1 for changeToLeader
2019-06-13 13:31:14,581 INFO  impl.RaftServerImpl (ServerState.java:setLeader(263)) - 2609858b-dce0-48df-bbd8-006d8918a812:group-C6E62918D469 change Leader from null to 2609858b-dce0-48df-bbd8-006d8918a812 at term 1 for becomeLeader, leader elected after 1092ms
2019-06-13 13:31:14,582 INFO  server.RaftServerConfigKeys (ConfUtils.java:logGet(43)) - raft.server.staging.catchup.gap = 1000 (default)
2019-06-13 13:31:14,582 INFO  server.RaftServerConfigKeys (ConfUtils.java:logGet(43)) - raft.server.rpc.sleep.time = 25ms (default)
2019-06-13 13:31:14,582 INFO  server.RaftServerConfigKeys (ConfUtils.java:logGet(43)) - raft.server.watch.timeout = 10s (default)
2019-06-13 13:31:14,582 INFO  server.RaftServerConfigKeys (ConfUtils.java:logGet(43)) - raft.server.watch.timeout.denomination = 1s (default)
2019-06-13 13:31:14,582 INFO  impl.RoleInfo (RoleInfo.java:updateAndGet(143)) - 2609858b-dce0-48df-bbd8-006d8918a812: start LeaderState
2019-06-13 13:31:14,582 INFO  storage.RaftLogWorker (RaftLogWorker.java:startLogSegment(298)) - 2609858b-dce0-48df-bbd8-006d8918a812-RaftLogWorker: Starting segment from index:0
2019-06-13 13:31:14,585 INFO  impl.RaftServerImpl (RaftServerImpl.java:setRole(164)) - ea36ec44-1e45-4035-b4f5-621a7be34482:group-E378502D61C0 changes role from FOLLOWER to FOLLOWER at term 1 for recognizeCandidate:2609858b-dce0-48df-bbd8-006d8918a812
2019-06-13 13:31:14,585 INFO  impl.RoleInfo (RoleInfo.java:shutdownFollowerState(121)) - ea36ec44-1e45-4035-b4f5-621a7be34482: shutdown FollowerState
2019-06-13 13:31:14,585 INFO  impl.RoleInfo (RoleInfo.java:updateAndGet(143)) - ea36ec44-1e45-4035-b4f5-621a7be34482: start FollowerState
2019-06-13 13:31:14,585 INFO  impl.FollowerState (FollowerState.java:run(109)) - ea36ec44-1e45-4035-b4f5-621a7be34482: FollowerState was interrupted: java.lang.InterruptedException: sleep interrupted
2019-06-13 13:31:14,588 INFO  impl.LeaderElection (LeaderElection.java:logAndReturn(56)) - 2609858b-dce0-48df-bbd8-006d8918a812:group-E378502D61C0:LeaderElection33: Election PASSED; received 1 response(s) [2609858b-dce0-48df-bbd8-006d8918a812->ea36ec44-1e45-4035-b4f5-621a7be34482,true-t1] and 0 exception(s); 2609858b-dce0-48df-bbd8-006d8918a812:t1, leader=null, voted=2609858b-dce0-48df-bbd8-006d8918a812, raftlog=2609858b-dce0-48df-bbd8-006d8918a812-SegmentedRaftLog:OPENED:c-1,f-1,i0, conf=-1: [2609858b-dce0-48df-bbd8-006d8918a812:192.168.46.37:38877, 33d136f9-9d80-4c34-8892-625e8eaf38ce:192.168.46.37:33315, ea36ec44-1e45-4035-b4f5-621a7be34482:192.168.46.37:41123], old=null
2019-06-13 13:31:14,588 INFO  impl.RoleInfo (RoleInfo.java:shutdownLeaderElection(134)) - 2609858b-dce0-48df-bbd8-006d8918a812: shutdown LeaderElection
2019-06-13 13:31:14,588 INFO  impl.RaftServerImpl (RaftServerImpl.java:setRole(164)) - 2609858b-dce0-48df-bbd8-006d8918a812:group-E378502D61C0 changes role from CANDIDATE to LEADER at term 1 for changeToLeader
2019-06-13 13:31:14,588 INFO  impl.RaftServerImpl (ServerState.java:setLeader(263)) - 2609858b-dce0-48df-bbd8-006d8918a812:group-E378502D61C0 change Leader from null to 2609858b-dce0-48df-bbd8-006d8918a812 at term 1 for becomeLeader, leader elected after 1070ms
2019-06-13 13:31:14,589 INFO  server.RaftServerConfigKeys (ConfUtils.java:logGet(43)) - raft.server.staging.catchup.gap = 1000 (default)
2019-06-13 13:31:14,589 INFO  server.RaftServerConfigKeys (ConfUtils.java:logGet(43)) - raft.server.rpc.sleep.time = 25ms (default)
2019-06-13 13:31:14,589 INFO  server.RaftServerConfigKeys (ConfUtils.java:logGet(43)) - raft.server.watch.timeout = 10s (default)
2019-06-13 13:31:14,589 INFO  server.RaftServerConfigKeys (ConfUtils.java:logGet(43)) - raft.server.watch.timeout.denomination = 1s (default)
2019-06-13 13:31:14,589 INFO  server.RaftServerConfigKeys (ConfUtils.java:logGet(43)) - raft.server.log.appender.snapshot.chunk.size.max = 16MB (=16777216) (default)
2019-06-13 13:31:14,589 INFO  server.RaftServerConfigKeys (ConfUtils.java:logGet(43)) - raft.server.log.appender.buffer.byte-limit = 33554432 (custom)
2019-06-13 13:31:14,589 INFO  server.RaftServerConfigKeys (ConfUtils.java:logGet(43)) - raft.server.log.appender.buffer.element-limit = 1 (custom)
2019-06-13 13:31:14,589 INFO  grpc.GrpcConfigKeys$Server (ConfUtils.java:logGet(43)) - raft.grpc.server.leader.outstanding.appends.max = 128 (default)
2019-06-13 13:31:14,589 INFO  server.RaftServerConfigKeys (ConfUtils.java:logGet(43)) - raft.server.rpc.request.timeout = 3000ms (default)
2019-06-13 13:31:14,590 INFO  server.RaftServerConfigKeys (ConfUtils.java:logGet(43)) - raft.server.log.appender.install.snapshot.enabled = true (default)
2019-06-13 13:31:14,590 INFO  server.RaftServerConfigKeys (ConfUtils.java:logGet(43)) - raft.server.log.appender.snapshot.chunk.size.max = 16MB (=16777216) (default)
2019-06-13 13:31:14,590 INFO  server.RaftServerConfigKeys (ConfUtils.java:logGet(43)) - raft.server.log.appender.buffer.byte-limit = 33554432 (custom)
2019-06-13 13:31:14,590 INFO  server.RaftServerConfigKeys (ConfUtils.java:logGet(43)) - raft.server.log.appender.buffer.element-limit = 1 (custom)
2019-06-13 13:31:14,590 INFO  grpc.GrpcConfigKeys$Server (ConfUtils.java:logGet(43)) - raft.grpc.server.leader.outstanding.appends.max = 128 (default)
2019-06-13 13:31:14,590 INFO  server.RaftServerConfigKeys (ConfUtils.java:logGet(43)) - raft.server.rpc.request.timeout = 3000ms (default)
2019-06-13 13:31:14,590 INFO  server.RaftServerConfigKeys (ConfUtils.java:logGet(43)) - raft.server.log.appender.install.snapshot.enabled = true (default)
2019-06-13 13:31:14,590 INFO  impl.RoleInfo (RoleInfo.java:updateAndGet(143)) - 2609858b-dce0-48df-bbd8-006d8918a812: start LeaderState
2019-06-13 13:31:14,590 INFO  storage.RaftLogWorker (RaftLogWorker.java:startLogSegment(298)) - 2609858b-dce0-48df-bbd8-006d8918a812-RaftLogWorker: Starting segment from index:0
2019-06-13 13:31:14,592 INFO  impl.RaftServerImpl (ServerState.java:setRaftConf(361)) - 2609858b-dce0-48df-bbd8-006d8918a812:group-C6E62918D469 set configuration 0: [2609858b-dce0-48df-bbd8-006d8918a812:192.168.46.37:38877], old=null at 0
2019-06-13 13:31:14,628 INFO  impl.RaftServerImpl (ServerState.java:setRaftConf(361)) - 2609858b-dce0-48df-bbd8-006d8918a812:group-E378502D61C0 set configuration 0: [2609858b-dce0-48df-bbd8-006d8918a812:192.168.46.37:38877, 33d136f9-9d80-4c34-8892-625e8eaf38ce:192.168.46.37:33315, ea36ec44-1e45-4035-b4f5-621a7be34482:192.168.46.37:41123], old=null at 0
2019-06-13 13:31:14,628 INFO  impl.FollowerState (FollowerState.java:run(101)) - 33d136f9-9d80-4c34-8892-625e8eaf38ce:group-E378502D61C0 changes to CANDIDATE, lastRpcTime:1100, electionTimeout:1061ms
2019-06-13 13:31:14,628 INFO  impl.RoleInfo (RoleInfo.java:shutdownFollowerState(121)) - 33d136f9-9d80-4c34-8892-625e8eaf38ce: shutdown FollowerState
2019-06-13 13:31:14,629 INFO  impl.RaftServerImpl (RaftServerImpl.java:setRole(164)) - 33d136f9-9d80-4c34-8892-625e8eaf38ce:group-E378502D61C0 changes role from FOLLOWER to CANDIDATE at term 0 for changeToCandidate
2019-06-13 13:31:14,629 INFO  impl.RoleInfo (RoleInfo.java:updateAndGet(143)) - 33d136f9-9d80-4c34-8892-625e8eaf38ce: start LeaderElection
2019-06-13 13:31:14,662 INFO  storage.RaftLogWorker (RaftLogWorker.java:execute(469)) - 2609858b-dce0-48df-bbd8-006d8918a812-RaftLogWorker: created new log segment /opt/src/hadoop-ozone/integration-test/target/test-dir/MiniOzoneClusterImpl-f3101cc7-c0e2-4c8b-9ce9-3ea1830401d5/datanode-2/data/ratis/ac4eaa01-c093-4974-bea4-e378502d61c0/current/log_inprogress_0
2019-06-13 13:31:14,663 INFO  storage.RaftLogWorker (RaftLogWorker.java:execute(469)) - 2609858b-dce0-48df-bbd8-006d8918a812-RaftLogWorker: created new log segment /opt/src/hadoop-ozone/integration-test/target/test-dir/MiniOzoneClusterImpl-f3101cc7-c0e2-4c8b-9ce9-3ea1830401d5/datanode-2/data/ratis/fdccb536-f73f-4b2b-8ba7-c6e62918d469/current/log_inprogress_0
2019-06-13 13:31:14,664 INFO  impl.RaftServerImpl (ServerState.java:setLeader(263)) - ea36ec44-1e45-4035-b4f5-621a7be34482:group-E378502D61C0 change Leader from null to 2609858b-dce0-48df-bbd8-006d8918a812 at term 1 for appendEntries, leader elected after 1148ms
2019-06-13 13:31:14,665 INFO  impl.LeaderElection (LeaderElection.java:askForVotes(181)) - 33d136f9-9d80-4c34-8892-625e8eaf38ce:group-E378502D61C0:LeaderElection35: begin an election at term 1 for -1: [2609858b-dce0-48df-bbd8-006d8918a812:192.168.46.37:38877, 33d136f9-9d80-4c34-8892-625e8eaf38ce:192.168.46.37:33315, ea36ec44-1e45-4035-b4f5-621a7be34482:192.168.46.37:41123], old=null
2019-06-13 13:31:14,665 INFO  impl.RaftServerImpl (RaftServerImpl.java:setRole(164)) - 33d136f9-9d80-4c34-8892-625e8eaf38ce:group-E378502D61C0 changes role from CANDIDATE to FOLLOWER at term 1 for appendEntries
2019-06-13 13:31:14,665 INFO  impl.RoleInfo (RoleInfo.java:shutdownLeaderElection(134)) - 33d136f9-9d80-4c34-8892-625e8eaf38ce: shutdown LeaderElection
2019-06-13 13:31:14,665 INFO  impl.RoleInfo (RoleInfo.java:updateAndGet(143)) - 33d136f9-9d80-4c34-8892-625e8eaf38ce: start FollowerState
2019-06-13 13:31:14,666 INFO  impl.RaftServerImpl (ServerState.java:setRaftConf(361)) - ea36ec44-1e45-4035-b4f5-621a7be34482:group-E378502D61C0 set configuration 0: [2609858b-dce0-48df-bbd8-006d8918a812:192.168.46.37:38877, 33d136f9-9d80-4c34-8892-625e8eaf38ce:192.168.46.37:33315, ea36ec44-1e45-4035-b4f5-621a7be34482:192.168.46.37:41123], old=null at 0
2019-06-13 13:31:14,666 INFO  storage.RaftLogWorker (RaftLogWorker.java:startLogSegment(298)) - ea36ec44-1e45-4035-b4f5-621a7be34482-RaftLogWorker: Starting segment from index:0
2019-06-13 13:31:14,669 INFO  impl.RaftServerImpl (ServerState.java:setLeader(263)) - 33d136f9-9d80-4c34-8892-625e8eaf38ce:group-E378502D61C0 change Leader from null to 2609858b-dce0-48df-bbd8-006d8918a812 at term 1 for appendEntries, leader elected after 1150ms
2019-06-13 13:31:14,670 INFO  impl.RaftServerImpl (RaftServerImpl.java:requestVote(738)) - 33d136f9-9d80-4c34-8892-625e8eaf38ce-FOLLOWER: Withhold vote from candidate 2609858b-dce0-48df-bbd8-006d8918a812 with term 1. State: leader=2609858b-dce0-48df-bbd8-006d8918a812, term=1, lastRpcElapsed=0ms
2019-06-13 13:31:14,674 INFO  impl.LeaderElection (LeaderElection.java:logAndReturn(56)) - 33d136f9-9d80-4c34-8892-625e8eaf38ce:group-E378502D61C0:LeaderElection35: Election REJECTED; received 0 response(s) [] and 0 exception(s); 33d136f9-9d80-4c34-8892-625e8eaf38ce:t1, leader=2609858b-dce0-48df-bbd8-006d8918a812, voted=33d136f9-9d80-4c34-8892-625e8eaf38ce, raftlog=33d136f9-9d80-4c34-8892-625e8eaf38ce-SegmentedRaftLog:OPENED:c-1,f-1,i0, conf=-1: [2609858b-dce0-48df-bbd8-006d8918a812:192.168.46.37:38877, 33d136f9-9d80-4c34-8892-625e8eaf38ce:192.168.46.37:33315, ea36ec44-1e45-4035-b4f5-621a7be34482:192.168.46.37:41123], old=null
2019-06-13 13:31:14,675 INFO  impl.RaftServerImpl (ServerState.java:setRaftConf(361)) - 33d136f9-9d80-4c34-8892-625e8eaf38ce:group-E378502D61C0 set configuration 0: [2609858b-dce0-48df-bbd8-006d8918a812:192.168.46.37:38877, 33d136f9-9d80-4c34-8892-625e8eaf38ce:192.168.46.37:33315, ea36ec44-1e45-4035-b4f5-621a7be34482:192.168.46.37:41123], old=null at 0
2019-06-13 13:31:14,675 INFO  storage.RaftLogWorker (RaftLogWorker.java:startLogSegment(298)) - 33d136f9-9d80-4c34-8892-625e8eaf38ce-RaftLogWorker: Starting segment from index:0
2019-06-13 13:31:14,683 INFO  impl.RaftServerImpl (RaftServerImpl.java:requestVote(738)) - 2609858b-dce0-48df-bbd8-006d8918a812-LEADER: Withhold vote from candidate 33d136f9-9d80-4c34-8892-625e8eaf38ce with term 1. State: leader=2609858b-dce0-48df-bbd8-006d8918a812, term=1, lastRpcElapsed=null
2019-06-13 13:31:14,699 INFO  impl.RaftServerImpl (RaftServerImpl.java:requestVote(738)) - ea36ec44-1e45-4035-b4f5-621a7be34482-FOLLOWER: Withhold vote from candidate 33d136f9-9d80-4c34-8892-625e8eaf38ce with term 1. State: leader=2609858b-dce0-48df-bbd8-006d8918a812, term=1, lastRpcElapsed=33ms
2019-06-13 13:31:14,707 INFO  impl.FollowerState (FollowerState.java:run(101)) - 36509e8f-98c0-4b33-8e71-c1f0681d731a:group-61F3C9A0F55F changes to CANDIDATE, lastRpcTime:1110, electionTimeout:1110ms
2019-06-13 13:31:14,707 INFO  impl.RoleInfo (RoleInfo.java:shutdownFollowerState(121)) - 36509e8f-98c0-4b33-8e71-c1f0681d731a: shutdown FollowerState
2019-06-13 13:31:14,707 INFO  impl.RaftServerImpl (RaftServerImpl.java:setRole(164)) - 36509e8f-98c0-4b33-8e71-c1f0681d731a:group-61F3C9A0F55F changes role from FOLLOWER to CANDIDATE at term 0 for changeToCandidate
2019-06-13 13:31:14,707 INFO  impl.RoleInfo (RoleInfo.java:updateAndGet(143)) - 36509e8f-98c0-4b33-8e71-c1f0681d731a: start LeaderElection
2019-06-13 13:31:14,727 INFO  storage.RaftLogWorker (RaftLogWorker.java:execute(469)) - 33d136f9-9d80-4c34-8892-625e8eaf38ce-RaftLogWorker: created new log segment /opt/src/hadoop-ozone/integration-test/target/test-dir/MiniOzoneClusterImpl-f3101cc7-c0e2-4c8b-9ce9-3ea1830401d5/datanode-0/data/ratis/ac4eaa01-c093-4974-bea4-e378502d61c0/current/log_inprogress_0
2019-06-13 13:31:14,727 INFO  impl.LeaderElection (LeaderElection.java:askForVotes(181)) - 36509e8f-98c0-4b33-8e71-c1f0681d731a:group-61F3C9A0F55F:LeaderElection36: begin an election at term 1 for -1: [36509e8f-98c0-4b33-8e71-c1f0681d731a:192.168.46.37:33223], old=null
2019-06-13 13:31:14,727 INFO  storage.RaftLogWorker (RaftLogWorker.java:execute(469)) - ea36ec44-1e45-4035-b4f5-621a7be34482-RaftLogWorker: created new log segment /opt/src/hadoop-ozone/integration-test/target/test-dir/MiniOzoneClusterImpl-f3101cc7-c0e2-4c8b-9ce9-3ea1830401d5/datanode-1/data/ratis/ac4eaa01-c093-4974-bea4-e378502d61c0/current/log_inprogress_0
2019-06-13 13:31:14,727 INFO  impl.RoleInfo (RoleInfo.java:shutdownLeaderElection(134)) - 36509e8f-98c0-4b33-8e71-c1f0681d731a: shutdown LeaderElection
2019-06-13 13:31:14,728 INFO  impl.RaftServerImpl (RaftServerImpl.java:setRole(164)) - 36509e8f-98c0-4b33-8e71-c1f0681d731a:group-61F3C9A0F55F changes role from CANDIDATE to LEADER at term 1 for changeToLeader
2019-06-13 13:31:14,728 INFO  impl.RaftServerImpl (ServerState.java:setLeader(263)) - 36509e8f-98c0-4b33-8e71-c1f0681d731a:group-61F3C9A0F55F change Leader from null to 36509e8f-98c0-4b33-8e71-c1f0681d731a at term 1 for becomeLeader, leader elected after 1132ms
2019-06-13 13:31:14,728 INFO  server.RaftServerConfigKeys (ConfUtils.java:logGet(43)) - raft.server.staging.catchup.gap = 1000 (default)
2019-06-13 13:31:14,728 INFO  server.RaftServerConfigKeys (ConfUtils.java:logGet(43)) - raft.server.rpc.sleep.time = 25ms (default)
2019-06-13 13:31:14,728 INFO  server.RaftServerConfigKeys (ConfUtils.java:logGet(43)) - raft.server.watch.timeout = 10s (default)
2019-06-13 13:31:14,728 INFO  server.RaftServerConfigKeys (ConfUtils.java:logGet(43)) - raft.server.watch.timeout.denomination = 1s (default)
2019-06-13 13:31:14,728 INFO  impl.RoleInfo (RoleInfo.java:updateAndGet(143)) - 36509e8f-98c0-4b33-8e71-c1f0681d731a: start LeaderState
2019-06-13 13:31:14,729 INFO  storage.RaftLogWorker (RaftLogWorker.java:startLogSegment(298)) - 36509e8f-98c0-4b33-8e71-c1f0681d731a-RaftLogWorker: Starting segment from index:0
2019-06-13 13:31:14,743 INFO  impl.RaftServerImpl (ServerState.java:setRaftConf(361)) - 36509e8f-98c0-4b33-8e71-c1f0681d731a:group-61F3C9A0F55F set configuration 0: [36509e8f-98c0-4b33-8e71-c1f0681d731a:192.168.46.37:33223], old=null at 0
2019-06-13 13:31:14,769 INFO  storage.RaftLogWorker (RaftLogWorker.java:execute(469)) - 36509e8f-98c0-4b33-8e71-c1f0681d731a-RaftLogWorker: created new log segment /opt/src/hadoop-ozone/integration-test/target/test-dir/MiniOzoneClusterImpl-f3101cc7-c0e2-4c8b-9ce9-3ea1830401d5/datanode-3/data/ratis/0a82cada-72ed-4534-b651-61f3c9a0f55f/current/log_inprogress_0
2019-06-13 13:31:14,935 INFO  impl.FollowerState (FollowerState.java:run(101)) - b6862f76-4d64-4a44-8bb3-fe5ac57d7e31:group-EFC43B8EBE21 changes to CANDIDATE, lastRpcTime:1178, electionTimeout:1178ms
2019-06-13 13:31:14,935 INFO  impl.RoleInfo (RoleInfo.java:shutdownFollowerState(121)) - b6862f76-4d64-4a44-8bb3-fe5ac57d7e31: shutdown FollowerState
2019-06-13 13:31:14,935 INFO  impl.RaftServerImpl (RaftServerImpl.java:setRole(164)) - b6862f76-4d64-4a44-8bb3-fe5ac57d7e31:group-EFC43B8EBE21 changes role from FOLLOWER to CANDIDATE at term 0 for changeToCandidate
2019-06-13 13:31:14,935 INFO  impl.RoleInfo (RoleInfo.java:updateAndGet(143)) - b6862f76-4d64-4a44-8bb3-fe5ac57d7e31: start LeaderElection
2019-06-13 13:31:14,937 INFO  impl.LeaderElection (LeaderElection.java:askForVotes(181)) - b6862f76-4d64-4a44-8bb3-fe5ac57d7e31:group-EFC43B8EBE21:LeaderElection37: begin an election at term 1 for -1: [b6862f76-4d64-4a44-8bb3-fe5ac57d7e31:192.168.46.37:39049], old=null
2019-06-13 13:31:14,938 INFO  impl.RoleInfo (RoleInfo.java:shutdownLeaderElection(134)) - b6862f76-4d64-4a44-8bb3-fe5ac57d7e31: shutdown LeaderElection
2019-06-13 13:31:14,938 INFO  impl.RaftServerImpl (RaftServerImpl.java:setRole(164)) - b6862f76-4d64-4a44-8bb3-fe5ac57d7e31:group-EFC43B8EBE21 changes role from CANDIDATE to LEADER at term 1 for changeToLeader
2019-06-13 13:31:14,938 INFO  impl.RaftServerImpl (ServerState.java:setLeader(263)) - b6862f76-4d64-4a44-8bb3-fe5ac57d7e31:group-EFC43B8EBE21 change Leader from null to b6862f76-4d64-4a44-8bb3-fe5ac57d7e31 at term 1 for becomeLeader, leader elected after 1182ms
2019-06-13 13:31:14,938 INFO  server.RaftServerConfigKeys (ConfUtils.java:logGet(43)) - raft.server.staging.catchup.gap = 1000 (default)
2019-06-13 13:31:14,938 INFO  server.RaftServerConfigKeys (ConfUtils.java:logGet(43)) - raft.server.rpc.sleep.time = 25ms (default)
2019-06-13 13:31:14,938 INFO  server.RaftServerConfigKeys (ConfUtils.java:logGet(43)) - raft.server.watch.timeout = 10s (default)
2019-06-13 13:31:14,938 INFO  server.RaftServerConfigKeys (ConfUtils.java:logGet(43)) - raft.server.watch.timeout.denomination = 1s (default)
2019-06-13 13:31:14,938 INFO  impl.RoleInfo (RoleInfo.java:updateAndGet(143)) - b6862f76-4d64-4a44-8bb3-fe5ac57d7e31: start LeaderState
2019-06-13 13:31:14,938 INFO  storage.RaftLogWorker (RaftLogWorker.java:startLogSegment(298)) - b6862f76-4d64-4a44-8bb3-fe5ac57d7e31-RaftLogWorker: Starting segment from index:0
2019-06-13 13:31:14,939 INFO  impl.RaftServerImpl (ServerState.java:setRaftConf(361)) - b6862f76-4d64-4a44-8bb3-fe5ac57d7e31:group-EFC43B8EBE21 set configuration 0: [b6862f76-4d64-4a44-8bb3-fe5ac57d7e31:192.168.46.37:39049], old=null at 0
2019-06-13 13:31:14,964 INFO  impl.FollowerState (FollowerState.java:run(101)) - 88d5fa31-1f04-49bc-a656-03325a50df7c:group-E1D39A08F8D8 changes to CANDIDATE, lastRpcTime:1041, electionTimeout:1041ms
2019-06-13 13:31:14,964 INFO  impl.RoleInfo (RoleInfo.java:shutdownFollowerState(121)) - 88d5fa31-1f04-49bc-a656-03325a50df7c: shutdown FollowerState
2019-06-13 13:31:14,964 INFO  impl.RaftServerImpl (RaftServerImpl.java:setRole(164)) - 88d5fa31-1f04-49bc-a656-03325a50df7c:group-E1D39A08F8D8 changes role from FOLLOWER to CANDIDATE at term 0 for changeToCandidate
2019-06-13 13:31:14,964 INFO  impl.RoleInfo (RoleInfo.java:updateAndGet(143)) - 88d5fa31-1f04-49bc-a656-03325a50df7c: start LeaderElection
2019-06-13 13:31:14,967 INFO  impl.LeaderElection (LeaderElection.java:askForVotes(181)) - 88d5fa31-1f04-49bc-a656-03325a50df7c:group-E1D39A08F8D8:LeaderElection38: begin an election at term 1 for -1: [88d5fa31-1f04-49bc-a656-03325a50df7c:192.168.46.37:37819, b6862f76-4d64-4a44-8bb3-fe5ac57d7e31:192.168.46.37:39049, 36509e8f-98c0-4b33-8e71-c1f0681d731a:192.168.46.37:33223], old=null
2019-06-13 13:31:14,974 INFO  impl.FollowerState (FollowerState.java:run(101)) - 36509e8f-98c0-4b33-8e71-c1f0681d731a:group-E1D39A08F8D8 changes to CANDIDATE, lastRpcTime:1053, electionTimeout:1048ms
2019-06-13 13:31:14,975 INFO  impl.RoleInfo (RoleInfo.java:shutdownFollowerState(121)) - 36509e8f-98c0-4b33-8e71-c1f0681d731a: shutdown FollowerState
2019-06-13 13:31:14,975 INFO  impl.RaftServerImpl (RaftServerImpl.java:setRole(164)) - 36509e8f-98c0-4b33-8e71-c1f0681d731a:group-E1D39A08F8D8 changes role from FOLLOWER to CANDIDATE at term 0 for changeToCandidate
2019-06-13 13:31:14,975 INFO  impl.RoleInfo (RoleInfo.java:updateAndGet(143)) - 36509e8f-98c0-4b33-8e71-c1f0681d731a: start LeaderElection
2019-06-13 13:31:14,976 INFO  impl.RaftServerImpl (RaftServerImpl.java:setRole(164)) - b6862f76-4d64-4a44-8bb3-fe5ac57d7e31:group-E1D39A08F8D8 changes role from FOLLOWER to FOLLOWER at term 1 for recognizeCandidate:88d5fa31-1f04-49bc-a656-03325a50df7c
2019-06-13 13:31:14,976 INFO  impl.RoleInfo (RoleInfo.java:shutdownFollowerState(121)) - b6862f76-4d64-4a44-8bb3-fe5ac57d7e31: shutdown FollowerState
2019-06-13 13:31:14,976 INFO  impl.RoleInfo (RoleInfo.java:updateAndGet(143)) - b6862f76-4d64-4a44-8bb3-fe5ac57d7e31: start FollowerState
2019-06-13 13:31:14,977 INFO  impl.FollowerState (FollowerState.java:run(109)) - b6862f76-4d64-4a44-8bb3-fe5ac57d7e31: FollowerState was interrupted: java.lang.InterruptedException: sleep interrupted
2019-06-13 13:31:14,977 INFO  storage.RaftLogWorker (RaftLogWorker.java:execute(469)) - b6862f76-4d64-4a44-8bb3-fe5ac57d7e31-RaftLogWorker: created new log segment /opt/src/hadoop-ozone/integration-test/target/test-dir/MiniOzoneClusterImpl-f3101cc7-c0e2-4c8b-9ce9-3ea1830401d5/datanode-4/data/ratis/0f57f012-8ad4-43a6-bc6a-efc43b8ebe21/current/log_inprogress_0
2019-06-13 13:31:14,978 INFO  impl.LeaderElection (LeaderElection.java:askForVotes(181)) - 36509e8f-98c0-4b33-8e71-c1f0681d731a:group-E1D39A08F8D8:LeaderElection39: begin an election at term 1 for -1: [88d5fa31-1f04-49bc-a656-03325a50df7c:192.168.46.37:37819, b6862f76-4d64-4a44-8bb3-fe5ac57d7e31:192.168.46.37:39049, 36509e8f-98c0-4b33-8e71-c1f0681d731a:192.168.46.37:33223], old=null
2019-06-13 13:31:14,980 INFO  impl.LeaderElection (LeaderElection.java:logAndReturn(56)) - 88d5fa31-1f04-49bc-a656-03325a50df7c:group-E1D39A08F8D8:LeaderElection38: Election PASSED; received 2 response(s) [88d5fa31-1f04-49bc-a656-03325a50df7c->b6862f76-4d64-4a44-8bb3-fe5ac57d7e31,true-t1, 88d5fa31-1f04-49bc-a656-03325a50df7c->36509e8f-98c0-4b33-8e71-c1f0681d731a,false-t1] and 0 exception(s); 88d5fa31-1f04-49bc-a656-03325a50df7c:t1, leader=null, voted=88d5fa31-1f04-49bc-a656-03325a50df7c, raftlog=88d5fa31-1f04-49bc-a656-03325a50df7c-SegmentedRaftLog:OPENED:c-1,f-1,i0, conf=-1: [88d5fa31-1f04-49bc-a656-03325a50df7c:192.168.46.37:37819, b6862f76-4d64-4a44-8bb3-fe5ac57d7e31:192.168.46.37:39049, 36509e8f-98c0-4b33-8e71-c1f0681d731a:192.168.46.37:33223], old=null
2019-06-13 13:31:14,980 INFO  impl.RoleInfo (RoleInfo.java:shutdownLeaderElection(134)) - 88d5fa31-1f04-49bc-a656-03325a50df7c: shutdown LeaderElection
2019-06-13 13:31:14,980 INFO  impl.RaftServerImpl (RaftServerImpl.java:setRole(164)) - 88d5fa31-1f04-49bc-a656-03325a50df7c:group-E1D39A08F8D8 changes role from CANDIDATE to LEADER at term 1 for changeToLeader
2019-06-13 13:31:14,981 INFO  impl.RaftServerImpl (ServerState.java:setLeader(263)) - 88d5fa31-1f04-49bc-a656-03325a50df7c:group-E1D39A08F8D8 change Leader from null to 88d5fa31-1f04-49bc-a656-03325a50df7c at term 1 for becomeLeader, leader elected after 1062ms
2019-06-13 13:31:14,981 INFO  server.RaftServerConfigKeys (ConfUtils.java:logGet(43)) - raft.server.staging.catchup.gap = 1000 (default)
2019-06-13 13:31:14,981 INFO  server.RaftServerConfigKeys (ConfUtils.java:logGet(43)) - raft.server.rpc.sleep.time = 25ms (default)
2019-06-13 13:31:14,981 INFO  server.RaftServerConfigKeys (ConfUtils.java:logGet(43)) - raft.server.watch.timeout = 10s (default)
2019-06-13 13:31:14,981 INFO  server.RaftServerConfigKeys (ConfUtils.java:logGet(43)) - raft.server.watch.timeout.denomination = 1s (default)
2019-06-13 13:31:14,981 INFO  server.RaftServerConfigKeys (ConfUtils.java:logGet(43)) - raft.server.log.appender.snapshot.chunk.size.max = 16MB (=16777216) (default)
2019-06-13 13:31:14,981 INFO  server.RaftServerConfigKeys (ConfUtils.java:logGet(43)) - raft.server.log.appender.buffer.byte-limit = 33554432 (custom)
2019-06-13 13:31:14,982 INFO  server.RaftServerConfigKeys (ConfUtils.java:logGet(43)) - raft.server.log.appender.buffer.element-limit = 1 (custom)
2019-06-13 13:31:14,982 INFO  grpc.GrpcConfigKeys$Server (ConfUtils.java:logGet(43)) - raft.grpc.server.leader.outstanding.appends.max = 128 (default)
2019-06-13 13:31:14,982 INFO  server.RaftServerConfigKeys (ConfUtils.java:logGet(43)) - raft.server.rpc.request.timeout = 3000ms (default)
2019-06-13 13:31:14,982 INFO  server.RaftServerConfigKeys (ConfUtils.java:logGet(43)) - raft.server.log.appender.install.snapshot.enabled = true (default)
2019-06-13 13:31:14,982 INFO  server.RaftServerConfigKeys (ConfUtils.java:logGet(43)) - raft.server.log.appender.snapshot.chunk.size.max = 16MB (=16777216) (default)
2019-06-13 13:31:14,982 INFO  server.RaftServerConfigKeys (ConfUtils.java:logGet(43)) - raft.server.log.appender.buffer.byte-limit = 33554432 (custom)
2019-06-13 13:31:14,982 INFO  server.RaftServerConfigKeys (ConfUtils.java:logGet(43)) - raft.server.log.appender.buffer.element-limit = 1 (custom)
2019-06-13 13:31:14,984 INFO  grpc.GrpcConfigKeys$Server (ConfUtils.java:logGet(43)) - raft.grpc.server.leader.outstanding.appends.max = 128 (default)
2019-06-13 13:31:14,985 INFO  server.RaftServerConfigKeys (ConfUtils.java:logGet(43)) - raft.server.rpc.request.timeout = 3000ms (default)
2019-06-13 13:31:14,985 INFO  server.RaftServerConfigKeys (ConfUtils.java:logGet(43)) - raft.server.log.appender.install.snapshot.enabled = true (default)
2019-06-13 13:31:14,985 INFO  impl.RoleInfo (RoleInfo.java:updateAndGet(143)) - 88d5fa31-1f04-49bc-a656-03325a50df7c: start LeaderState
2019-06-13 13:31:14,985 INFO  storage.RaftLogWorker (RaftLogWorker.java:startLogSegment(298)) - 88d5fa31-1f04-49bc-a656-03325a50df7c-RaftLogWorker: Starting segment from index:0
2019-06-13 13:31:14,992 INFO  impl.RaftServerImpl (ServerState.java:setLeader(263)) - b6862f76-4d64-4a44-8bb3-fe5ac57d7e31:group-E1D39A08F8D8 change Leader from null to 88d5fa31-1f04-49bc-a656-03325a50df7c at term 1 for appendEntries, leader elected after 1080ms
2019-06-13 13:31:15,011 INFO  impl.RaftServerImpl (ServerState.java:setRaftConf(361)) - 88d5fa31-1f04-49bc-a656-03325a50df7c:group-E1D39A08F8D8 set configuration 0: [88d5fa31-1f04-49bc-a656-03325a50df7c:192.168.46.37:37819, b6862f76-4d64-4a44-8bb3-fe5ac57d7e31:192.168.46.37:39049, 36509e8f-98c0-4b33-8e71-c1f0681d731a:192.168.46.37:33223], old=null at 0
2019-06-13 13:31:15,012 INFO  impl.RaftServerImpl (RaftServerImpl.java:requestVote(738)) - 88d5fa31-1f04-49bc-a656-03325a50df7c-LEADER: Withhold vote from candidate 36509e8f-98c0-4b33-8e71-c1f0681d731a with term 1. State: leader=88d5fa31-1f04-49bc-a656-03325a50df7c, term=1, lastRpcElapsed=null
2019-06-13 13:31:15,013 INFO  impl.RaftServerImpl (RaftServerImpl.java:setRole(164)) - 36509e8f-98c0-4b33-8e71-c1f0681d731a:group-E1D39A08F8D8 changes role from CANDIDATE to FOLLOWER at term 1 for appendEntries
2019-06-13 13:31:15,013 INFO  impl.RoleInfo (RoleInfo.java:shutdownLeaderElection(134)) - 36509e8f-98c0-4b33-8e71-c1f0681d731a: shutdown LeaderElection
2019-06-13 13:31:15,013 INFO  impl.RoleInfo (RoleInfo.java:updateAndGet(143)) - 36509e8f-98c0-4b33-8e71-c1f0681d731a: start FollowerState
2019-06-13 13:31:15,013 INFO  impl.RaftServerImpl (ServerState.java:setLeader(263)) - 36509e8f-98c0-4b33-8e71-c1f0681d731a:group-E1D39A08F8D8 change Leader from null to 88d5fa31-1f04-49bc-a656-03325a50df7c at term 1 for appendEntries, leader elected after 1095ms
2019-06-13 13:31:15,014 INFO  impl.RaftServerImpl (ServerState.java:setRaftConf(361)) - b6862f76-4d64-4a44-8bb3-fe5ac57d7e31:group-E1D39A08F8D8 set configuration 0: [88d5fa31-1f04-49bc-a656-03325a50df7c:192.168.46.37:37819, b6862f76-4d64-4a44-8bb3-fe5ac57d7e31:192.168.46.37:39049, 36509e8f-98c0-4b33-8e71-c1f0681d731a:192.168.46.37:33223], old=null at 0
2019-06-13 13:31:15,014 INFO  storage.RaftLogWorker (RaftLogWorker.java:startLogSegment(298)) - b6862f76-4d64-4a44-8bb3-fe5ac57d7e31-RaftLogWorker: Starting segment from index:0
2019-06-13 13:31:15,018 INFO  impl.LeaderElection (LeaderElection.java:logAndReturn(56)) - 36509e8f-98c0-4b33-8e71-c1f0681d731a:group-E1D39A08F8D8:LeaderElection39: Election REJECTED; received 2 response(s) [36509e8f-98c0-4b33-8e71-c1f0681d731a->88d5fa31-1f04-49bc-a656-03325a50df7c,false-t1, 36509e8f-98c0-4b33-8e71-c1f0681d731a->b6862f76-4d64-4a44-8bb3-fe5ac57d7e31,false-t1] and 0 exception(s); 36509e8f-98c0-4b33-8e71-c1f0681d731a:t1, leader=88d5fa31-1f04-49bc-a656-03325a50df7c, voted=36509e8f-98c0-4b33-8e71-c1f0681d731a, raftlog=36509e8f-98c0-4b33-8e71-c1f0681d731a-SegmentedRaftLog:OPENED:c-1,f-1,i0, conf=-1: [88d5fa31-1f04-49bc-a656-03325a50df7c:192.168.46.37:37819, b6862f76-4d64-4a44-8bb3-fe5ac57d7e31:192.168.46.37:39049, 36509e8f-98c0-4b33-8e71-c1f0681d731a:192.168.46.37:33223], old=null
2019-06-13 13:31:15,020 INFO  impl.RaftServerImpl (ServerState.java:setRaftConf(361)) - 36509e8f-98c0-4b33-8e71-c1f0681d731a:group-E1D39A08F8D8 set configuration 0: [88d5fa31-1f04-49bc-a656-03325a50df7c:192.168.46.37:37819, b6862f76-4d64-4a44-8bb3-fe5ac57d7e31:192.168.46.37:39049, 36509e8f-98c0-4b33-8e71-c1f0681d731a:192.168.46.37:33223], old=null at 0
2019-06-13 13:31:15,020 INFO  storage.RaftLogWorker (RaftLogWorker.java:startLogSegment(298)) - 36509e8f-98c0-4b33-8e71-c1f0681d731a-RaftLogWorker: Starting segment from index:0
2019-06-13 13:31:15,044 INFO  client.GrpcClientProtocolClient (GrpcClientProtocolClient.java:onNext(254)) - client-99FCCA3B0D20->b6862f76-4d64-4a44-8bb3-fe5ac57d7e31: receive RaftClientReply:client-99FCCA3B0D20->b6862f76-4d64-4a44-8bb3-fe5ac57d7e31@group-E1D39A08F8D8, cid=68, FAILED org.apache.ratis.protocol.NotLeaderException: Server b6862f76-4d64-4a44-8bb3-fe5ac57d7e31 is not the leader (88d5fa31-1f04-49bc-a656-03325a50df7c:192.168.46.37:37819). Request must be sent to leader., logIndex=0, commits[b6862f76-4d64-4a44-8bb3-fe5ac57d7e31:c-1, 88d5fa31-1f04-49bc-a656-03325a50df7c:c-1, 36509e8f-98c0-4b33-8e71-c1f0681d731a:c-1]
2019-06-13 13:31:15,067 INFO  impl.FollowerState (FollowerState.java:run(101)) - 88d5fa31-1f04-49bc-a656-03325a50df7c:group-101160FB9578 changes to CANDIDATE, lastRpcTime:1176, electionTimeout:1159ms
2019-06-13 13:31:15,068 INFO  impl.RoleInfo (RoleInfo.java:shutdownFollowerState(121)) - 88d5fa31-1f04-49bc-a656-03325a50df7c: shutdown FollowerState
2019-06-13 13:31:15,068 INFO  impl.RaftServerImpl (RaftServerImpl.java:setRole(164)) - 88d5fa31-1f04-49bc-a656-03325a50df7c:group-101160FB9578 changes role from FOLLOWER to CANDIDATE at term 0 for changeToCandidate
2019-06-13 13:31:15,068 INFO  impl.RoleInfo (RoleInfo.java:updateAndGet(143)) - 88d5fa31-1f04-49bc-a656-03325a50df7c: start LeaderElection
2019-06-13 13:31:15,067 INFO  storage.RaftLogWorker (RaftLogWorker.java:execute(469)) - 88d5fa31-1f04-49bc-a656-03325a50df7c-RaftLogWorker: created new log segment /opt/src/hadoop-ozone/integration-test/target/test-dir/MiniOzoneClusterImpl-f3101cc7-c0e2-4c8b-9ce9-3ea1830401d5/datanode-5/data/ratis/0a7338d7-267a-4aba-96ed-e1d39a08f8d8/current/log_inprogress_0
2019-06-13 13:31:15,069 WARN  client.GrpcClientProtocolService (LogUtils.java:warn(134)) - 0-OrderedRequestStreamObserver0: onError: org.apache.ratis.thirdparty.io.grpc.StatusRuntimeException: CANCELLED: cancelled before receiving half close
2019-06-13 13:31:15,069 INFO  storage.RaftLogWorker (RaftLogWorker.java:execute(469)) - 36509e8f-98c0-4b33-8e71-c1f0681d731a-RaftLogWorker: created new log segment /opt/src/hadoop-ozone/integration-test/target/test-dir/MiniOzoneClusterImpl-f3101cc7-c0e2-4c8b-9ce9-3ea1830401d5/datanode-3/data/ratis/0a7338d7-267a-4aba-96ed-e1d39a08f8d8/current/log_inprogress_0
2019-06-13 13:31:15,069 INFO  storage.RaftLogWorker (RaftLogWorker.java:execute(469)) - b6862f76-4d64-4a44-8bb3-fe5ac57d7e31-RaftLogWorker: created new log segment /opt/src/hadoop-ozone/integration-test/target/test-dir/MiniOzoneClusterImpl-f3101cc7-c0e2-4c8b-9ce9-3ea1830401d5/datanode-4/data/ratis/0a7338d7-267a-4aba-96ed-e1d39a08f8d8/current/log_inprogress_0
2019-06-13 13:31:15,071 INFO  impl.LeaderElection (LeaderElection.java:askForVotes(181)) - 88d5fa31-1f04-49bc-a656-03325a50df7c:group-101160FB9578:LeaderElection40: begin an election at term 1 for -1: [88d5fa31-1f04-49bc-a656-03325a50df7c:192.168.46.37:37819], old=null
2019-06-13 13:31:15,071 INFO  impl.RoleInfo (RoleInfo.java:shutdownLeaderElection(134)) - 88d5fa31-1f04-49bc-a656-03325a50df7c: shutdown LeaderElection
2019-06-13 13:31:15,071 INFO  impl.RaftServerImpl (RaftServerImpl.java:setRole(164)) - 88d5fa31-1f04-49bc-a656-03325a50df7c:group-101160FB9578 changes role from CANDIDATE to LEADER at term 1 for changeToLeader
2019-06-13 13:31:15,071 INFO  impl.RaftServerImpl (ServerState.java:setLeader(263)) - 88d5fa31-1f04-49bc-a656-03325a50df7c:group-101160FB9578 change Leader from null to 88d5fa31-1f04-49bc-a656-03325a50df7c at term 1 for becomeLeader, leader elected after 1182ms
2019-06-13 13:31:15,072 INFO  server.RaftServerConfigKeys (ConfUtils.java:logGet(43)) - raft.server.staging.catchup.gap = 1000 (default)
2019-06-13 13:31:15,072 INFO  server.RaftServerConfigKeys (ConfUtils.java:logGet(43)) - raft.server.rpc.sleep.time = 25ms (default)
2019-06-13 13:31:15,072 INFO  server.RaftServerConfigKeys (ConfUtils.java:logGet(43)) - raft.server.watch.timeout = 10s (default)
2019-06-13 13:31:15,072 INFO  server.RaftServerConfigKeys (ConfUtils.java:logGet(43)) - raft.server.watch.timeout.denomination = 1s (default)
2019-06-13 13:31:15,072 INFO  impl.RoleInfo (RoleInfo.java:updateAndGet(143)) - 88d5fa31-1f04-49bc-a656-03325a50df7c: start LeaderState
2019-06-13 13:31:15,072 INFO  storage.RaftLogWorker (RaftLogWorker.java:startLogSegment(298)) - 88d5fa31-1f04-49bc-a656-03325a50df7c-RaftLogWorker: Starting segment from index:0
2019-06-13 13:31:15,073 INFO  impl.RaftServerImpl (ServerState.java:setRaftConf(361)) - 88d5fa31-1f04-49bc-a656-03325a50df7c:group-101160FB9578 set configuration 0: [88d5fa31-1f04-49bc-a656-03325a50df7c:192.168.46.37:37819], old=null at 0
2019-06-13 13:31:15,108 INFO  storage.RaftLogWorker (RaftLogWorker.java:execute(469)) - 88d5fa31-1f04-49bc-a656-03325a50df7c-RaftLogWorker: created new log segment /opt/src/hadoop-ozone/integration-test/target/test-dir/MiniOzoneClusterImpl-f3101cc7-c0e2-4c8b-9ce9-3ea1830401d5/datanode-5/data/ratis/4a224610-abc5-49d1-9997-101160fb9578/current/log_inprogress_0
2019-06-13 13:31:16,076 WARN  impl.LogAppender (LogAppender.java:lambda$createRequest$1(172)) - GrpcLogAppender(88d5fa31-1f04-49bc-a656-03325a50df7c -> 36509e8f-98c0-4b33-8e71-c1f0681d731a): Failed get (t:1, i:1), STATEMACHINELOGENTRY, client-99FCCA3B0D20, cid=68 in 998541ns
java.util.concurrent.TimeoutException
	at java.util.concurrent.CompletableFuture.timedGet(CompletableFuture.java:1771)
	at java.util.concurrent.CompletableFuture.get(CompletableFuture.java:1915)
	at org.apache.ratis.server.storage.RaftLog$EntryWithData.getEntry(RaftLog.java:451)
	at org.apache.ratis.util.DataQueue.pollList(DataQueue.java:133)
	at org.apache.ratis.server.impl.LogAppender.createRequest(LogAppender.java:171)
	at org.apache.ratis.grpc.server.GrpcLogAppender.appendLog(GrpcLogAppender.java:168)
	at org.apache.ratis.grpc.server.GrpcLogAppender.runAppenderImpl(GrpcLogAppender.java:112)
	at org.apache.ratis.server.impl.LogAppender.runAppender(LogAppender.java:101)
	at java.lang.Thread.run(Thread.java:748)
2019-06-13 13:31:16,090 ERROR server.GrpcLogAppender (GrpcLogAppender.java:onNext(233)) - Failed onNext serverReply {
  requestorId: "88d5fa31-1f04-49bc-a656-03325a50df7c"
  replyId: "36509e8f-98c0-4b33-8e71-c1f0681d731a"
  raftGroupId {
    id: "\ns8\327&zJ\272\226\355\341\323\232\b\370\330"
  }
  callId: 3
  success: true
}
term: 1
nextIndex: 2

java.lang.IllegalStateException: reply's next index is 2, request's previous is term: 1

	at org.apache.ratis.util.Preconditions.assertTrue(Preconditions.java:60)
	at org.apache.ratis.grpc.server.GrpcLogAppender.onSuccess(GrpcLogAppender.java:301)
	at org.apache.ratis.grpc.server.GrpcLogAppender$AppendLogResponseHandler.onNextImpl(GrpcLogAppender.java:246)
	at org.apache.ratis.grpc.server.GrpcLogAppender$AppendLogResponseHandler.onNext(GrpcLogAppender.java:231)
	at org.apache.ratis.grpc.server.GrpcLogAppender$AppendLogResponseHandler.onNext(GrpcLogAppender.java:213)
	at org.apache.ratis.thirdparty.io.grpc.stub.ClientCalls$StreamObserverToCallListenerAdapter.onMessage(ClientCalls.java:421)
	at org.apache.ratis.thirdparty.io.grpc.ForwardingClientCallListener.onMessage(ForwardingClientCallListener.java:33)
	at org.apache.ratis.thirdparty.io.grpc.ForwardingClientCallListener.onMessage(ForwardingClientCallListener.java:33)
	at org.apache.ratis.thirdparty.io.grpc.internal.ClientCallImpl$ClientStreamListenerImpl$1MessagesAvailable.runInContext(ClientCallImpl.java:519)
	at org.apache.ratis.thirdparty.io.grpc.internal.ContextRunnable.run(ContextRunnable.java:37)
	at org.apache.ratis.thirdparty.io.grpc.internal.SerializingExecutor.run(SerializingExecutor.java:123)
	at java.util.concurrent.ThreadPoolExecutor.runWorker(ThreadPoolExecutor.java:1149)
	at java.util.concurrent.ThreadPoolExecutor$Worker.run(ThreadPoolExecutor.java:624)
	at java.lang.Thread.run(Thread.java:748)
2019-06-13 13:31:16,116 INFO  client.GrpcClientProtocolClient (GrpcClientProtocolClient.java:onNext(254)) - client-99FCCA3B0D20->88d5fa31-1f04-49bc-a656-03325a50df7c: receive RaftClientReply:client-99FCCA3B0D20->88d5fa31-1f04-49bc-a656-03325a50df7c@group-E1D39A08F8D8, cid=68, SUCCESS, logIndex=1, commits[88d5fa31-1f04-49bc-a656-03325a50df7c:c2, b6862f76-4d64-4a44-8bb3-fe5ac57d7e31:c0, 36509e8f-98c0-4b33-8e71-c1f0681d731a:c0]
2019-06-13 13:31:16,139 INFO  client.GrpcClientProtocolClient (GrpcClientProtocolClient.java:onNext(254)) - client-99FCCA3B0D20->88d5fa31-1f04-49bc-a656-03325a50df7c: receive RaftClientReply:client-99FCCA3B0D20->88d5fa31-1f04-49bc-a656-03325a50df7c@group-E1D39A08F8D8, cid=69, SUCCESS, logIndex=3, commits[88d5fa31-1f04-49bc-a656-03325a50df7c:c4, b6862f76-4d64-4a44-8bb3-fe5ac57d7e31:c3, 36509e8f-98c0-4b33-8e71-c1f0681d731a:c3]
2019-06-13 13:31:16,150 INFO  client.GrpcClientProtocolClient (GrpcClientProtocolClient.java:onNext(254)) - client-99FCCA3B0D20->88d5fa31-1f04-49bc-a656-03325a50df7c: receive RaftClientReply:client-99FCCA3B0D20->88d5fa31-1f04-49bc-a656-03325a50df7c@group-E1D39A08F8D8, cid=70, SUCCESS, logIndex=5, commits[88d5fa31-1f04-49bc-a656-03325a50df7c:c5, b6862f76-4d64-4a44-8bb3-fe5ac57d7e31:c4, 36509e8f-98c0-4b33-8e71-c1f0681d731a:c3]
2019-06-13 13:31:16,168 INFO  client.GrpcClientProtocolClient (GrpcClientProtocolClient.java:onNext(254)) - client-99FCCA3B0D20->88d5fa31-1f04-49bc-a656-03325a50df7c: receive RaftClientReply:client-99FCCA3B0D20->88d5fa31-1f04-49bc-a656-03325a50df7c@group-E1D39A08F8D8, cid=71, SUCCESS, logIndex=6, commits[88d5fa31-1f04-49bc-a656-03325a50df7c:c8, b6862f76-4d64-4a44-8bb3-fe5ac57d7e31:c6, 36509e8f-98c0-4b33-8e71-c1f0681d731a:c6]
2019-06-13 13:31:16,187 INFO  client.GrpcClientProtocolClient (GrpcClientProtocolClient.java:onNext(254)) - client-99FCCA3B0D20->88d5fa31-1f04-49bc-a656-03325a50df7c: receive RaftClientReply:client-99FCCA3B0D20->88d5fa31-1f04-49bc-a656-03325a50df7c@group-E1D39A08F8D8, cid=72, SUCCESS, logIndex=9, commits[88d5fa31-1f04-49bc-a656-03325a50df7c:c9, b6862f76-4d64-4a44-8bb3-fe5ac57d7e31:c8, 36509e8f-98c0-4b33-8e71-c1f0681d731a:c6]
2019-06-13 13:31:16,201 INFO  client.GrpcClientProtocolClient (GrpcClientProtocolClient.java:onNext(254)) - client-99FCCA3B0D20->88d5fa31-1f04-49bc-a656-03325a50df7c: receive RaftClientReply:client-99FCCA3B0D20->88d5fa31-1f04-49bc-a656-03325a50df7c@group-E1D39A08F8D8, cid=73, SUCCESS, logIndex=11, commits[88d5fa31-1f04-49bc-a656-03325a50df7c:c13, b6862f76-4d64-4a44-8bb3-fe5ac57d7e31:c10, 36509e8f-98c0-4b33-8e71-c1f0681d731a:c10]
2019-06-13 13:31:16,206 INFO  client.GrpcClientProtocolClient (GrpcClientProtocolClient.java:onNext(254)) - client-99FCCA3B0D20->88d5fa31-1f04-49bc-a656-03325a50df7c: receive RaftClientReply:client-99FCCA3B0D20->88d5fa31-1f04-49bc-a656-03325a50df7c@group-E1D39A08F8D8, cid=74, SUCCESS, logIndex=12, commits[88d5fa31-1f04-49bc-a656-03325a50df7c:c13, b6862f76-4d64-4a44-8bb3-fe5ac57d7e31:c10, 36509e8f-98c0-4b33-8e71-c1f0681d731a:c10]
2019-06-13 13:31:16,207 INFO  client.GrpcClientProtocolClient (GrpcClientProtocolClient.java:onNext(254)) - client-99FCCA3B0D20->88d5fa31-1f04-49bc-a656-03325a50df7c: receive RaftClientReply:client-99FCCA3B0D20->88d5fa31-1f04-49bc-a656-03325a50df7c@group-E1D39A08F8D8, cid=75, SUCCESS, logIndex=13, commits[88d5fa31-1f04-49bc-a656-03325a50df7c:c13, b6862f76-4d64-4a44-8bb3-fe5ac57d7e31:c13, 36509e8f-98c0-4b33-8e71-c1f0681d731a:c13]
2019-06-13 13:31:16,224 INFO  client.GrpcClientProtocolClient (GrpcClientProtocolClient.java:onNext(254)) - client-8EE5203FA320->33d136f9-9d80-4c34-8892-625e8eaf38ce: receive RaftClientReply:client-8EE5203FA320->33d136f9-9d80-4c34-8892-625e8eaf38ce@group-E378502D61C0, cid=76, FAILED org.apache.ratis.protocol.NotLeaderException: Server 33d136f9-9d80-4c34-8892-625e8eaf38ce is not the leader (2609858b-dce0-48df-bbd8-006d8918a812:192.168.46.37:38877). Request must be sent to leader., logIndex=0, commits[33d136f9-9d80-4c34-8892-625e8eaf38ce:c0, 2609858b-dce0-48df-bbd8-006d8918a812:c0, ea36ec44-1e45-4035-b4f5-621a7be34482:c0]
2019-06-13 13:31:16,229 WARN  client.GrpcClientProtocolService (LogUtils.java:warn(134)) - 0-OrderedRequestStreamObserver0: onError: org.apache.ratis.thirdparty.io.grpc.StatusRuntimeException: CANCELLED: cancelled before receiving half close
2019-06-13 13:31:17,238 INFO  client.GrpcClientProtocolClient (GrpcClientProtocolClient.java:onNext(254)) - client-8EE5203FA320->ea36ec44-1e45-4035-b4f5-621a7be34482: receive RaftClientReply:client-8EE5203FA320->ea36ec44-1e45-4035-b4f5-621a7be34482@group-E378502D61C0, cid=76, FAILED org.apache.ratis.protocol.NotLeaderException: Server ea36ec44-1e45-4035-b4f5-621a7be34482 is not the leader (2609858b-dce0-48df-bbd8-006d8918a812:192.168.46.37:38877). Request must be sent to leader., logIndex=0, commits[ea36ec44-1e45-4035-b4f5-621a7be34482:c0, 2609858b-dce0-48df-bbd8-006d8918a812:c0, 33d136f9-9d80-4c34-8892-625e8eaf38ce:c0]
2019-06-13 13:31:17,240 WARN  client.GrpcClientProtocolService (LogUtils.java:warn(134)) - 0-OrderedRequestStreamObserver0: onError: org.apache.ratis.thirdparty.io.grpc.StatusRuntimeException: CANCELLED: cancelled before receiving half close
2019-06-13 13:31:18,279 INFO  client.GrpcClientProtocolClient (GrpcClientProtocolClient.java:onNext(254)) - client-8EE5203FA320->2609858b-dce0-48df-bbd8-006d8918a812: receive RaftClientReply:client-8EE5203FA320->2609858b-dce0-48df-bbd8-006d8918a812@group-E378502D61C0, cid=76, SUCCESS, logIndex=1, commits[2609858b-dce0-48df-bbd8-006d8918a812:c1, 33d136f9-9d80-4c34-8892-625e8eaf38ce:c0, ea36ec44-1e45-4035-b4f5-621a7be34482:c0]
2019-06-13 13:31:18,308 INFO  client.GrpcClientProtocolClient (GrpcClientProtocolClient.java:onNext(254)) - client-8EE5203FA320->2609858b-dce0-48df-bbd8-006d8918a812: receive RaftClientReply:client-8EE5203FA320->2609858b-dce0-48df-bbd8-006d8918a812@group-E378502D61C0, cid=77, SUCCESS, logIndex=3, commits[2609858b-dce0-48df-bbd8-006d8918a812:c4, 33d136f9-9d80-4c34-8892-625e8eaf38ce:c3, ea36ec44-1e45-4035-b4f5-621a7be34482:c3]
2019-06-13 13:31:18,331 INFO  client.GrpcClientProtocolClient (GrpcClientProtocolClient.java:onNext(254)) - client-8EE5203FA320->2609858b-dce0-48df-bbd8-006d8918a812: receive RaftClientReply:client-8EE5203FA320->2609858b-dce0-48df-bbd8-006d8918a812@group-E378502D61C0, cid=78, SUCCESS, logIndex=5, commits[2609858b-dce0-48df-bbd8-006d8918a812:c6, 33d136f9-9d80-4c34-8892-625e8eaf38ce:c4, ea36ec44-1e45-4035-b4f5-621a7be34482:c4]
2019-06-13 13:31:18,340 INFO  client.GrpcClientProtocolClient (GrpcClientProtocolClient.java:onNext(254)) - client-8EE5203FA320->2609858b-dce0-48df-bbd8-006d8918a812: receive RaftClientReply:client-8EE5203FA320->2609858b-dce0-48df-bbd8-006d8918a812@group-E378502D61C0, cid=79, SUCCESS, logIndex=6, commits[2609858b-dce0-48df-bbd8-006d8918a812:c8, 33d136f9-9d80-4c34-8892-625e8eaf38ce:c6, ea36ec44-1e45-4035-b4f5-621a7be34482:c6]
2019-06-13 13:31:18,359 INFO  client.GrpcClientProtocolClient (GrpcClientProtocolClient.java:onNext(254)) - client-8EE5203FA320->2609858b-dce0-48df-bbd8-006d8918a812: receive RaftClientReply:client-8EE5203FA320->2609858b-dce0-48df-bbd8-006d8918a812@group-E378502D61C0, cid=80, SUCCESS, logIndex=9, commits[2609858b-dce0-48df-bbd8-006d8918a812:c9, 33d136f9-9d80-4c34-8892-625e8eaf38ce:c8, ea36ec44-1e45-4035-b4f5-621a7be34482:c6]
2019-06-13 13:31:18,369 INFO  client.GrpcClientProtocolClient (GrpcClientProtocolClient.java:onNext(254)) - client-8EE5203FA320->2609858b-dce0-48df-bbd8-006d8918a812: receive RaftClientReply:client-8EE5203FA320->2609858b-dce0-48df-bbd8-006d8918a812@group-E378502D61C0, cid=81, SUCCESS, logIndex=11, commits[2609858b-dce0-48df-bbd8-006d8918a812:c11, 33d136f9-9d80-4c34-8892-625e8eaf38ce:c9, ea36ec44-1e45-4035-b4f5-621a7be34482:c6]
2019-06-13 13:31:18,383 INFO  client.GrpcClientProtocolClient (GrpcClientProtocolClient.java:onNext(254)) - client-8EE5203FA320->2609858b-dce0-48df-bbd8-006d8918a812: receive RaftClientReply:client-8EE5203FA320->2609858b-dce0-48df-bbd8-006d8918a812@group-E378502D61C0, cid=82, SUCCESS, logIndex=12, commits[2609858b-dce0-48df-bbd8-006d8918a812:c12, 33d136f9-9d80-4c34-8892-625e8eaf38ce:c9, ea36ec44-1e45-4035-b4f5-621a7be34482:c9]
2019-06-13 13:31:18,384 INFO  client.GrpcClientProtocolClient (GrpcClientProtocolClient.java:onNext(254)) - client-8EE5203FA320->2609858b-dce0-48df-bbd8-006d8918a812: receive RaftClientReply:client-8EE5203FA320->2609858b-dce0-48df-bbd8-006d8918a812@group-E378502D61C0, cid=83, SUCCESS, logIndex=13, commits[2609858b-dce0-48df-bbd8-006d8918a812:c15, 33d136f9-9d80-4c34-8892-625e8eaf38ce:c12, ea36ec44-1e45-4035-b4f5-621a7be34482:c9]
2019-06-13 13:31:18,394 INFO  client.GrpcClientProtocolClient (GrpcClientProtocolClient.java:onNext(254)) - client-8EE5203FA320->2609858b-dce0-48df-bbd8-006d8918a812: receive RaftClientReply:client-8EE5203FA320->2609858b-dce0-48df-bbd8-006d8918a812@group-E378502D61C0, cid=84, SUCCESS, logIndex=0, commits[2609858b-dce0-48df-bbd8-006d8918a812:c15, 33d136f9-9d80-4c34-8892-625e8eaf38ce:c12, ea36ec44-1e45-4035-b4f5-621a7be34482:c12]
2019-06-13 13:31:18,974 INFO  client.GrpcClientProtocolClient (GrpcClientProtocolClient.java:onNext(254)) - client-8EE5203FA320->2609858b-dce0-48df-bbd8-006d8918a812: receive RaftClientReply:client-8EE5203FA320->2609858b-dce0-48df-bbd8-006d8918a812@group-E378502D61C0, cid=85, SUCCESS, logIndex=0, commits[2609858b-dce0-48df-bbd8-006d8918a812:c15, 33d136f9-9d80-4c34-8892-625e8eaf38ce:c15, ea36ec44-1e45-4035-b4f5-621a7be34482:c15]
2019-06-13 13:31:19,024 INFO  client.GrpcClientProtocolClient (GrpcClientProtocolClient.java:onNext(254)) - client-99FCCA3B0D20->88d5fa31-1f04-49bc-a656-03325a50df7c: receive RaftClientReply:client-99FCCA3B0D20->88d5fa31-1f04-49bc-a656-03325a50df7c@group-E1D39A08F8D8, cid=86, SUCCESS, logIndex=15, commits[88d5fa31-1f04-49bc-a656-03325a50df7c:c15, b6862f76-4d64-4a44-8bb3-fe5ac57d7e31:c14, 36509e8f-98c0-4b33-8e71-c1f0681d731a:c14]
2019-06-13 13:31:19,046 INFO  client.GrpcClientProtocolClient (GrpcClientProtocolClient.java:onNext(254)) - client-99FCCA3B0D20->88d5fa31-1f04-49bc-a656-03325a50df7c: receive RaftClientReply:client-99FCCA3B0D20->88d5fa31-1f04-49bc-a656-03325a50df7c@group-E1D39A08F8D8, cid=87, SUCCESS, logIndex=17, commits[88d5fa31-1f04-49bc-a656-03325a50df7c:c22, b6862f76-4d64-4a44-8bb3-fe5ac57d7e31:c19, 36509e8f-98c0-4b33-8e71-c1f0681d731a:c19]
2019-06-13 13:31:19,047 INFO  client.GrpcClientProtocolClient (GrpcClientProtocolClient.java:onNext(254)) - client-99FCCA3B0D20->88d5fa31-1f04-49bc-a656-03325a50df7c: receive RaftClientReply:client-99FCCA3B0D20->88d5fa31-1f04-49bc-a656-03325a50df7c@group-E1D39A08F8D8, cid=88, SUCCESS, logIndex=18, commits[88d5fa31-1f04-49bc-a656-03325a50df7c:c22, b6862f76-4d64-4a44-8bb3-fe5ac57d7e31:c19, 36509e8f-98c0-4b33-8e71-c1f0681d731a:c19]
2019-06-13 13:31:19,065 INFO  client.GrpcClientProtocolClient (GrpcClientProtocolClient.java:onNext(254)) - client-99FCCA3B0D20->88d5fa31-1f04-49bc-a656-03325a50df7c: receive RaftClientReply:client-99FCCA3B0D20->88d5fa31-1f04-49bc-a656-03325a50df7c@group-E1D39A08F8D8, cid=89, SUCCESS, logIndex=19, commits[88d5fa31-1f04-49bc-a656-03325a50df7c:c22, b6862f76-4d64-4a44-8bb3-fe5ac57d7e31:c19, 36509e8f-98c0-4b33-8e71-c1f0681d731a:c19]
2019-06-13 13:31:19,071 INFO  datanode.ObjectStoreHandler (ObjectStoreHandler.java:close(155)) - Closing ObjectStoreHandler.
2019-06-13 13:31:19,071 INFO  ozone.HddsDatanodeService (HddsDatanodeService.java:stop(452)) - Stopped plug-in org.apache.hadoop.ozone.web.OzoneHddsDatanodeService@2e4d252
2019-06-13 13:31:19,071 INFO  statemachine.DatanodeStateMachine (DatanodeStateMachine.java:lambda$startDaemon$0(350)) - Ozone container server started.
2019-06-13 13:31:19,071 INFO  ozoneimpl.OzoneContainer (OzoneContainer.java:stop(199)) - Attempting to stop container services.
2019-06-13 13:31:19,072 INFO  impl.RaftServerProxy (RaftServerProxy.java:lambda$close$4(314)) - 88d5fa31-1f04-49bc-a656-03325a50df7c: close
2019-06-13 13:31:19,072 INFO  impl.RaftServerImpl (RaftServerImpl.java:lambda$shutdown$3(238)) - 88d5fa31-1f04-49bc-a656-03325a50df7c: shutdown group-101160FB9578
2019-06-13 13:31:19,072 INFO  impl.RaftServerImpl (RaftServerImpl.java:lambda$shutdown$3(238)) - 88d5fa31-1f04-49bc-a656-03325a50df7c: shutdown group-E1D39A08F8D8
2019-06-13 13:31:19,072 INFO  util.JmxRegister (JmxRegister.java:unregister(73)) - Successfully un-registered JMX Bean with object name Ratis:service=RaftServer,group=group-101160FB9578,id=88d5fa31-1f04-49bc-a656-03325a50df7c
2019-06-13 13:31:19,072 INFO  util.JmxRegister (JmxRegister.java:unregister(73)) - Successfully un-registered JMX Bean with object name Ratis:service=RaftServer,group=group-E1D39A08F8D8,id=88d5fa31-1f04-49bc-a656-03325a50df7c
2019-06-13 13:31:19,072 INFO  impl.RoleInfo (RoleInfo.java:shutdownLeaderState(104)) - 88d5fa31-1f04-49bc-a656-03325a50df7c: shutdown LeaderState
2019-06-13 13:31:19,072 INFO  impl.RoleInfo (RoleInfo.java:shutdownLeaderState(104)) - 88d5fa31-1f04-49bc-a656-03325a50df7c: shutdown LeaderState
2019-06-13 13:31:19,073 INFO  impl.PendingRequests (PendingRequests.java:sendNotLeaderResponses(140)) - 88d5fa31-1f04-49bc-a656-03325a50df7c-PendingRequests: sendNotLeaderResponses
2019-06-13 13:31:19,073 WARN  server.GrpcLogAppender (GrpcLogAppender.java:mayWait(142)) - GrpcLogAppender(88d5fa31-1f04-49bc-a656-03325a50df7c -> 36509e8f-98c0-4b33-8e71-c1f0681d731a): Wait interrupted by java.lang.InterruptedException
2019-06-13 13:31:19,073 WARN  server.GrpcLogAppender (GrpcLogAppender.java:mayWait(142)) - GrpcLogAppender(88d5fa31-1f04-49bc-a656-03325a50df7c -> b6862f76-4d64-4a44-8bb3-fe5ac57d7e31): Wait interrupted by java.lang.InterruptedException
2019-06-13 13:31:19,073 INFO  impl.PendingRequests (PendingRequests.java:sendNotLeaderResponses(140)) - 88d5fa31-1f04-49bc-a656-03325a50df7c-PendingRequests: sendNotLeaderResponses
2019-06-13 13:31:19,076 INFO  server.GrpcServerProtocolService (GrpcServerProtocolService.java:onCompleted(104)) - 36509e8f-98c0-4b33-8e71-c1f0681d731a: appendEntries completed
2019-06-13 13:31:19,076 INFO  server.GrpcServerProtocolService (GrpcServerProtocolService.java:onCompleted(104)) - b6862f76-4d64-4a44-8bb3-fe5ac57d7e31: appendEntries completed
2019-06-13 13:31:19,076 INFO  ratis.ContainerStateMachine (ContainerStateMachine.java:takeSnapshot(245)) - Taking snapshot at termIndex:(t:0, i:~)
2019-06-13 13:31:19,076 INFO  impl.StateMachineUpdater (StateMachineUpdater.java:stopAndJoin(109)) - StateMachineUpdater-88d5fa31-1f04-49bc-a656-03325a50df7c-group-101160FB9578: set stopIndex = 0
2019-06-13 13:31:19,077 INFO  impl.RaftServerImpl (ServerState.java:close(394)) - 88d5fa31-1f04-49bc-a656-03325a50df7c:group-101160FB9578 closes. The last applied log index is 0
2019-06-13 13:31:19,077 INFO  server.GrpcLogAppender (GrpcLogAppender.java:onCompleted(277)) - 88d5fa31-1f04-49bc-a656-03325a50df7c: follower 88d5fa31-1f04-49bc-a656-03325a50df7c->b6862f76-4d64-4a44-8bb3-fe5ac57d7e31(c19,m22,n23, attendVote=true, lastRpcSendTime=39, lastRpcResponseTime=37) response Completed
2019-06-13 13:31:19,077 INFO  server.GrpcLogAppender (GrpcLogAppender.java:onCompleted(277)) - 88d5fa31-1f04-49bc-a656-03325a50df7c: follower 88d5fa31-1f04-49bc-a656-03325a50df7c->36509e8f-98c0-4b33-8e71-c1f0681d731a(c19,m22,n23, attendVote=true, lastRpcSendTime=39, lastRpcResponseTime=34) response Completed
2019-06-13 13:31:19,077 INFO  impl.FollowerInfo (FollowerInfo.java:lambda$new$0(50)) - 88d5fa31-1f04-49bc-a656-03325a50df7c->b6862f76-4d64-4a44-8bb3-fe5ac57d7e31: nextIndex: updateUnconditionally 23 -> 0
2019-06-13 13:31:19,077 INFO  storage.RaftLogWorker (RaftLogWorker.java:run(236)) - 88d5fa31-1f04-49bc-a656-03325a50df7c-RaftLogWorker was interrupted, exiting. There are 0 tasks remaining in the queue.
2019-06-13 13:31:19,077 INFO  impl.FollowerInfo (FollowerInfo.java:lambda$new$0(50)) - 88d5fa31-1f04-49bc-a656-03325a50df7c->36509e8f-98c0-4b33-8e71-c1f0681d731a: nextIndex: updateUnconditionally 23 -> 0
2019-06-13 13:31:19,079 INFO  storage.RaftLogWorker (RaftLogWorker.java:close(168)) - 88d5fa31-1f04-49bc-a656-03325a50df7c-RaftLogWorker close()
2019-06-13 13:31:19,081 INFO  impl.StateMachineUpdater (StateMachineUpdater.java:stopAndJoin(109)) - StateMachineUpdater-88d5fa31-1f04-49bc-a656-03325a50df7c-group-E1D39A08F8D8: set stopIndex = 22
2019-06-13 13:31:19,081 INFO  ratis.ContainerStateMachine (ContainerStateMachine.java:takeSnapshot(245)) - Taking snapshot at termIndex:(t:1, i:22)
2019-06-13 13:31:19,081 INFO  ratis.ContainerStateMachine (ContainerStateMachine.java:takeSnapshot(249)) - Taking a snapshot to file /opt/src/hadoop-ozone/integration-test/target/test-dir/MiniOzoneClusterImpl-f3101cc7-c0e2-4c8b-9ce9-3ea1830401d5/datanode-5/data/ratis/0a7338d7-267a-4aba-96ed-e1d39a08f8d8/sm/snapshot.1_22
2019-06-13 13:31:19,081 INFO  impl.RaftServerImpl (ServerState.java:close(394)) - 88d5fa31-1f04-49bc-a656-03325a50df7c:group-E1D39A08F8D8 closes. The last applied log index is 22
2019-06-13 13:31:19,081 INFO  storage.RaftLogWorker (RaftLogWorker.java:run(236)) - 88d5fa31-1f04-49bc-a656-03325a50df7c-RaftLogWorker was interrupted, exiting. There are 0 tasks remaining in the queue.
2019-06-13 13:31:19,082 INFO  storage.RaftLogWorker (RaftLogWorker.java:close(168)) - 88d5fa31-1f04-49bc-a656-03325a50df7c-RaftLogWorker close()
2019-06-13 13:31:19,084 INFO  server.GrpcService (GrpcService.java:closeImpl(154)) - 88d5fa31-1f04-49bc-a656-03325a50df7c: shutdown server with port 37819 now
2019-06-13 13:31:19,084 INFO  server.GrpcService (GrpcService.java:closeImpl(162)) - 88d5fa31-1f04-49bc-a656-03325a50df7c: shutdown server with port 37819 successfully
2019-06-13 13:31:19,085 WARN  fs.CachingGetSpaceUsed (CachingGetSpaceUsed.java:run(183)) - Thread Interrupted waiting to refresh disk information: sleep interrupted
2019-06-13 13:31:19,099 INFO  statemachine.DatanodeStateMachine (DatanodeStateMachine.java:stopDaemon(395)) - Ozone container server stopped.
2019-06-13 13:31:19,099 INFO  handler.ContextHandler (ContextHandler.java:doStop(910)) - Stopped o.e.j.w.WebAppContext@f6e3b67{/,null,UNAVAILABLE}{/hddsDatanode}
2019-06-13 13:31:19,099 INFO  server.AbstractConnector (AbstractConnector.java:doStop(318)) - Stopped ServerConnector@1dc2c13c{HTTP/1.1,[http/1.1]}{0.0.0.0:0}
2019-06-13 13:31:19,100 INFO  handler.ContextHandler (ContextHandler.java:doStop(910)) - Stopped o.e.j.s.ServletContextHandler@7cb38a6a{/static,jar:file:/root/.m2/repository/org/apache/hadoop/hadoop-hdds-container-service/0.5.0-SNAPSHOT/hadoop-hdds-container-service-0.5.0-SNAPSHOT.jar!/webapps/static,UNAVAILABLE}
2019-06-13 13:31:19,100 INFO  handler.ContextHandler (ContextHandler.java:doStop(910)) - Stopped o.e.j.s.ServletContextHandler@6d84ab90{/logs,file:///opt/src/hadoop-ozone/integration-test/target/log,UNAVAILABLE}
2019-06-13 13:31:20,117 INFO  client.GrpcClientProtocolClient (GrpcClientProtocolClient.java:onNext(254)) - client-99FCCA3B0D20->36509e8f-98c0-4b33-8e71-c1f0681d731a: receive RaftClientReply:client-99FCCA3B0D20->36509e8f-98c0-4b33-8e71-c1f0681d731a@group-E1D39A08F8D8, cid=90, FAILED org.apache.ratis.protocol.NotLeaderException: Server 36509e8f-98c0-4b33-8e71-c1f0681d731a is not the leader (88d5fa31-1f04-49bc-a656-03325a50df7c:192.168.46.37:37819). Request must be sent to leader., logIndex=0, commits[36509e8f-98c0-4b33-8e71-c1f0681d731a:c19, 88d5fa31-1f04-49bc-a656-03325a50df7c:c19, b6862f76-4d64-4a44-8bb3-fe5ac57d7e31:c16]
2019-06-13 13:31:20,120 WARN  client.GrpcClientProtocolService (LogUtils.java:warn(134)) - 0-OrderedRequestStreamObserver0: onError: org.apache.ratis.thirdparty.io.grpc.StatusRuntimeException: CANCELLED: cancelled before receiving half close
2019-06-13 13:31:20,484 INFO  impl.FollowerState (FollowerState.java:run(101)) - b6862f76-4d64-4a44-8bb3-fe5ac57d7e31:group-E1D39A08F8D8 changes to CANDIDATE, lastRpcTime:1445, electionTimeout:1070ms
2019-06-13 13:31:20,484 INFO  impl.RoleInfo (RoleInfo.java:shutdownFollowerState(121)) - b6862f76-4d64-4a44-8bb3-fe5ac57d7e31: shutdown FollowerState
2019-06-13 13:31:20,484 INFO  impl.RaftServerImpl (RaftServerImpl.java:setRole(164)) - b6862f76-4d64-4a44-8bb3-fe5ac57d7e31:group-E1D39A08F8D8 changes role from FOLLOWER to CANDIDATE at term 1 for changeToCandidate
2019-06-13 13:31:20,484 INFO  impl.RoleInfo (RoleInfo.java:updateAndGet(143)) - b6862f76-4d64-4a44-8bb3-fe5ac57d7e31: start LeaderElection
2019-06-13 13:31:20,485 INFO  impl.RaftServerImpl (ServerState.java:setLeader(263)) - b6862f76-4d64-4a44-8bb3-fe5ac57d7e31:group-E1D39A08F8D8 change Leader from 88d5fa31-1f04-49bc-a656-03325a50df7c to null at term 1 for initElection
2019-06-13 13:31:20,487 INFO  impl.LeaderElection (LeaderElection.java:askForVotes(181)) - b6862f76-4d64-4a44-8bb3-fe5ac57d7e31:group-E1D39A08F8D8:LeaderElection41: begin an election at term 2 for 0: [88d5fa31-1f04-49bc-a656-03325a50df7c:192.168.46.37:37819, b6862f76-4d64-4a44-8bb3-fe5ac57d7e31:192.168.46.37:39049, 36509e8f-98c0-4b33-8e71-c1f0681d731a:192.168.46.37:33223], old=null
2019-06-13 13:31:20,490 INFO  impl.LeaderElection (LogUtils.java:infoOrTrace(149)) - b6862f76-4d64-4a44-8bb3-fe5ac57d7e31:group-E1D39A08F8D8:LeaderElection41 got exception when requesting votes: {}
java.util.concurrent.ExecutionException: org.apache.ratis.thirdparty.io.grpc.StatusRuntimeException: UNAVAILABLE: io exception
	at java.util.concurrent.FutureTask.report(FutureTask.java:122)
	at java.util.concurrent.FutureTask.get(FutureTask.java:192)
	at org.apache.ratis.server.impl.LeaderElection.waitForResults(LeaderElection.java:262)
	at org.apache.ratis.server.impl.LeaderElection.askForVotes(LeaderElection.java:200)
	at org.apache.ratis.server.impl.LeaderElection.run(LeaderElection.java:130)
	at java.lang.Thread.run(Thread.java:748)
Caused by: org.apache.ratis.thirdparty.io.grpc.StatusRuntimeException: UNAVAILABLE: io exception
	at org.apache.ratis.thirdparty.io.grpc.stub.ClientCalls.toStatusRuntimeException(ClientCalls.java:233)
	at org.apache.ratis.thirdparty.io.grpc.stub.ClientCalls.getUnchecked(ClientCalls.java:214)
	at org.apache.ratis.thirdparty.io.grpc.stub.ClientCalls.blockingUnaryCall(ClientCalls.java:139)
	at org.apache.ratis.proto.grpc.RaftServerProtocolServiceGrpc$RaftServerProtocolServiceBlockingStub.requestVote(RaftServerProtocolServiceGrpc.java:265)
	at org.apache.ratis.grpc.server.GrpcServerProtocolClient.requestVote(GrpcServerProtocolClient.java:83)
	at org.apache.ratis.grpc.server.GrpcService.requestVote(GrpcService.java:194)
	at org.apache.ratis.server.impl.LeaderElection.lambda$submitRequests$1(LeaderElection.java:237)
	at java.util.concurrent.FutureTask.run(FutureTask.java:266)
	at java.util.concurrent.Executors$RunnableAdapter.call(Executors.java:511)
	at java.util.concurrent.FutureTask.run(FutureTask.java:266)
	at java.util.concurrent.ThreadPoolExecutor.runWorker(ThreadPoolExecutor.java:1149)
	at java.util.concurrent.ThreadPoolExecutor$Worker.run(ThreadPoolExecutor.java:624)
	... 1 more
Caused by: org.apache.ratis.thirdparty.io.netty.channel.AbstractChannel$AnnotatedConnectException: Connection refused: /192.168.46.37:37819
	at sun.nio.ch.SocketChannelImpl.checkConnect(Native Method)
	at sun.nio.ch.SocketChannelImpl.finishConnect(SocketChannelImpl.java:717)
	at org.apache.ratis.thirdparty.io.netty.channel.socket.nio.NioSocketChannel.doFinishConnect(NioSocketChannel.java:327)
	at org.apache.ratis.thirdparty.io.netty.channel.nio.AbstractNioChannel$AbstractNioUnsafe.finishConnect(AbstractNioChannel.java:340)
	at org.apache.ratis.thirdparty.io.netty.channel.nio.NioEventLoop.processSelectedKey(NioEventLoop.java:632)
	at org.apache.ratis.thirdparty.io.netty.channel.nio.NioEventLoop.processSelectedKeysOptimized(NioEventLoop.java:579)
	at org.apache.ratis.thirdparty.io.netty.channel.nio.NioEventLoop.processSelectedKeys(NioEventLoop.java:496)
	at org.apache.ratis.thirdparty.io.netty.channel.nio.NioEventLoop.run(NioEventLoop.java:458)
	at org.apache.ratis.thirdparty.io.netty.util.concurrent.SingleThreadEventExecutor$5.run(SingleThreadEventExecutor.java:897)
	at org.apache.ratis.thirdparty.io.netty.util.concurrent.FastThreadLocalRunnable.run(FastThreadLocalRunnable.java:30)
	... 1 more
Caused by: java.net.ConnectException: Connection refused
	... 11 more
2019-06-13 13:31:20,495 INFO  impl.RaftServerImpl (ServerState.java:setLeader(263)) - 36509e8f-98c0-4b33-8e71-c1f0681d731a:group-E1D39A08F8D8 change Leader from 88d5fa31-1f04-49bc-a656-03325a50df7c to null at term 2 for updateCurrentTerm
2019-06-13 13:31:20,495 INFO  impl.RaftServerImpl (RaftServerImpl.java:setRole(164)) - 36509e8f-98c0-4b33-8e71-c1f0681d731a:group-E1D39A08F8D8 changes role from FOLLOWER to FOLLOWER at term 2 for recognizeCandidate:b6862f76-4d64-4a44-8bb3-fe5ac57d7e31
2019-06-13 13:31:20,495 INFO  impl.RoleInfo (RoleInfo.java:shutdownFollowerState(121)) - 36509e8f-98c0-4b33-8e71-c1f0681d731a: shutdown FollowerState
2019-06-13 13:31:20,495 INFO  impl.RoleInfo (RoleInfo.java:updateAndGet(143)) - 36509e8f-98c0-4b33-8e71-c1f0681d731a: start FollowerState
2019-06-13 13:31:20,495 INFO  impl.FollowerState (FollowerState.java:run(109)) - 36509e8f-98c0-4b33-8e71-c1f0681d731a: FollowerState was interrupted: java.lang.InterruptedException: sleep interrupted
2019-06-13 13:31:20,498 INFO  impl.LeaderElection (LeaderElection.java:logAndReturn(56)) - b6862f76-4d64-4a44-8bb3-fe5ac57d7e31:group-E1D39A08F8D8:LeaderElection41: Election PASSED; received 1 response(s) [b6862f76-4d64-4a44-8bb3-fe5ac57d7e31->36509e8f-98c0-4b33-8e71-c1f0681d731a,true-t2] and 1 exception(s); b6862f76-4d64-4a44-8bb3-fe5ac57d7e31:t2, leader=null, voted=b6862f76-4d64-4a44-8bb3-fe5ac57d7e31, raftlog=b6862f76-4d64-4a44-8bb3-fe5ac57d7e31-SegmentedRaftLog:OPENED:c19,f22,i22, conf=0: [88d5fa31-1f04-49bc-a656-03325a50df7c:192.168.46.37:37819, b6862f76-4d64-4a44-8bb3-fe5ac57d7e31:192.168.46.37:39049, 36509e8f-98c0-4b33-8e71-c1f0681d731a:192.168.46.37:33223], old=null
2019-06-13 13:31:20,498 INFO  impl.LeaderElection (LogUtils.java:infoOrTrace(149)) -   Exception 0: {}
java.util.concurrent.ExecutionException: org.apache.ratis.thirdparty.io.grpc.StatusRuntimeException: UNAVAILABLE: io exception
	at java.util.concurrent.FutureTask.report(FutureTask.java:122)
	at java.util.concurrent.FutureTask.get(FutureTask.java:192)
	at org.apache.ratis.server.impl.LeaderElection.waitForResults(LeaderElection.java:262)
	at org.apache.ratis.server.impl.LeaderElection.askForVotes(LeaderElection.java:200)
	at org.apache.ratis.server.impl.LeaderElection.run(LeaderElection.java:130)
	at java.lang.Thread.run(Thread.java:748)
Caused by: org.apache.ratis.thirdparty.io.grpc.StatusRuntimeException: UNAVAILABLE: io exception
	at org.apache.ratis.thirdparty.io.grpc.stub.ClientCalls.toStatusRuntimeException(ClientCalls.java:233)
	at org.apache.ratis.thirdparty.io.grpc.stub.ClientCalls.getUnchecked(ClientCalls.java:214)
	at org.apache.ratis.thirdparty.io.grpc.stub.ClientCalls.blockingUnaryCall(ClientCalls.java:139)
	at org.apache.ratis.proto.grpc.RaftServerProtocolServiceGrpc$RaftServerProtocolServiceBlockingStub.requestVote(RaftServerProtocolServiceGrpc.java:265)
	at org.apache.ratis.grpc.server.GrpcServerProtocolClient.requestVote(GrpcServerProtocolClient.java:83)
	at org.apache.ratis.grpc.server.GrpcService.requestVote(GrpcService.java:194)
	at org.apache.ratis.server.impl.LeaderElection.lambda$submitRequests$1(LeaderElection.java:237)
	at java.util.concurrent.FutureTask.run(FutureTask.java:266)
	at java.util.concurrent.Executors$RunnableAdapter.call(Executors.java:511)
	at java.util.concurrent.FutureTask.run(FutureTask.java:266)
	at java.util.concurrent.ThreadPoolExecutor.runWorker(ThreadPoolExecutor.java:1149)
	at java.util.concurrent.ThreadPoolExecutor$Worker.run(ThreadPoolExecutor.java:624)
	... 1 more
Caused by: org.apache.ratis.thirdparty.io.netty.channel.AbstractChannel$AnnotatedConnectException: Connection refused: /192.168.46.37:37819
	at sun.nio.ch.SocketChannelImpl.checkConnect(Native Method)
	at sun.nio.ch.SocketChannelImpl.finishConnect(SocketChannelImpl.java:717)
	at org.apache.ratis.thirdparty.io.netty.channel.socket.nio.NioSocketChannel.doFinishConnect(NioSocketChannel.java:327)
	at org.apache.ratis.thirdparty.io.netty.channel.nio.AbstractNioChannel$AbstractNioUnsafe.finishConnect(AbstractNioChannel.java:340)
	at org.apache.ratis.thirdparty.io.netty.channel.nio.NioEventLoop.processSelectedKey(NioEventLoop.java:632)
	at org.apache.ratis.thirdparty.io.netty.channel.nio.NioEventLoop.processSelectedKeysOptimized(NioEventLoop.java:579)
	at org.apache.ratis.thirdparty.io.netty.channel.nio.NioEventLoop.processSelectedKeys(NioEventLoop.java:496)
	at org.apache.ratis.thirdparty.io.netty.channel.nio.NioEventLoop.run(NioEventLoop.java:458)
	at org.apache.ratis.thirdparty.io.netty.util.concurrent.SingleThreadEventExecutor$5.run(SingleThreadEventExecutor.java:897)
	at org.apache.ratis.thirdparty.io.netty.util.concurrent.FastThreadLocalRunnable.run(FastThreadLocalRunnable.java:30)
	... 1 more
Caused by: java.net.ConnectException: Connection refused
	... 11 more
2019-06-13 13:31:20,498 INFO  impl.RoleInfo (RoleInfo.java:shutdownLeaderElection(134)) - b6862f76-4d64-4a44-8bb3-fe5ac57d7e31: shutdown LeaderElection
2019-06-13 13:31:20,499 INFO  impl.RaftServerImpl (RaftServerImpl.java:setRole(164)) - b6862f76-4d64-4a44-8bb3-fe5ac57d7e31:group-E1D39A08F8D8 changes role from CANDIDATE to LEADER at term 2 for changeToLeader
2019-06-13 13:31:20,499 INFO  impl.RaftServerImpl (ServerState.java:setLeader(263)) - b6862f76-4d64-4a44-8bb3-fe5ac57d7e31:group-E1D39A08F8D8 change Leader from null to b6862f76-4d64-4a44-8bb3-fe5ac57d7e31 at term 2 for becomeLeader, leader elected after 14ms
2019-06-13 13:31:20,499 INFO  server.RaftServerConfigKeys (ConfUtils.java:logGet(43)) - raft.server.staging.catchup.gap = 1000 (default)
2019-06-13 13:31:20,499 INFO  server.RaftServerConfigKeys (ConfUtils.java:logGet(43)) - raft.server.rpc.sleep.time = 25ms (default)
2019-06-13 13:31:20,499 INFO  server.RaftServerConfigKeys (ConfUtils.java:logGet(43)) - raft.server.watch.timeout = 10s (default)
2019-06-13 13:31:20,499 INFO  server.RaftServerConfigKeys (ConfUtils.java:logGet(43)) - raft.server.watch.timeout.denomination = 1s (default)
2019-06-13 13:31:20,499 INFO  server.RaftServerConfigKeys (ConfUtils.java:logGet(43)) - raft.server.log.appender.snapshot.chunk.size.max = 16MB (=16777216) (default)
2019-06-13 13:31:20,499 INFO  server.RaftServerConfigKeys (ConfUtils.java:logGet(43)) - raft.server.log.appender.buffer.byte-limit = 33554432 (custom)
2019-06-13 13:31:20,499 INFO  server.RaftServerConfigKeys (ConfUtils.java:logGet(43)) - raft.server.log.appender.buffer.element-limit = 1 (custom)
2019-06-13 13:31:20,499 INFO  grpc.GrpcConfigKeys$Server (ConfUtils.java:logGet(43)) - raft.grpc.server.leader.outstanding.appends.max = 128 (default)
2019-06-13 13:31:20,499 INFO  server.RaftServerConfigKeys (ConfUtils.java:logGet(43)) - raft.server.rpc.request.timeout = 3000ms (default)
2019-06-13 13:31:20,499 INFO  server.RaftServerConfigKeys (ConfUtils.java:logGet(43)) - raft.server.log.appender.install.snapshot.enabled = true (default)
2019-06-13 13:31:20,500 INFO  server.RaftServerConfigKeys (ConfUtils.java:logGet(43)) - raft.server.log.appender.snapshot.chunk.size.max = 16MB (=16777216) (default)
2019-06-13 13:31:20,500 INFO  server.RaftServerConfigKeys (ConfUtils.java:logGet(43)) - raft.server.log.appender.buffer.byte-limit = 33554432 (custom)
2019-06-13 13:31:20,500 INFO  server.RaftServerConfigKeys (ConfUtils.java:logGet(43)) - raft.server.log.appender.buffer.element-limit = 1 (custom)
2019-06-13 13:31:20,500 INFO  grpc.GrpcConfigKeys$Server (ConfUtils.java:logGet(43)) - raft.grpc.server.leader.outstanding.appends.max = 128 (default)
2019-06-13 13:31:20,500 INFO  server.RaftServerConfigKeys (ConfUtils.java:logGet(43)) - raft.server.rpc.request.timeout = 3000ms (default)
2019-06-13 13:31:20,500 INFO  server.RaftServerConfigKeys (ConfUtils.java:logGet(43)) - raft.server.log.appender.install.snapshot.enabled = true (default)
2019-06-13 13:31:20,500 INFO  impl.RoleInfo (RoleInfo.java:updateAndGet(143)) - b6862f76-4d64-4a44-8bb3-fe5ac57d7e31: start LeaderState
2019-06-13 13:31:20,500 INFO  storage.RaftLogWorker (RaftLogWorker.java:rollLogSegment(303)) - b6862f76-4d64-4a44-8bb3-fe5ac57d7e31-RaftLogWorker: Rolling segment log-0_22 to index:22
2019-06-13 13:31:20,502 INFO  storage.RaftLogWorker (RaftLogWorker.java:execute(433)) - b6862f76-4d64-4a44-8bb3-fe5ac57d7e31-RaftLogWorker: Rolled log segment from /opt/src/hadoop-ozone/integration-test/target/test-dir/MiniOzoneClusterImpl-f3101cc7-c0e2-4c8b-9ce9-3ea1830401d5/datanode-4/data/ratis/0a7338d7-267a-4aba-96ed-e1d39a08f8d8/current/log_inprogress_0 to /opt/src/hadoop-ozone/integration-test/target/test-dir/MiniOzoneClusterImpl-f3101cc7-c0e2-4c8b-9ce9-3ea1830401d5/datanode-4/data/ratis/0a7338d7-267a-4aba-96ed-e1d39a08f8d8/current/log_0-22
2019-06-13 13:31:20,508 WARN  server.GrpcLogAppender (LogUtils.java:warn(134)) - b6862f76-4d64-4a44-8bb3-fe5ac57d7e31: Failed appendEntries to 88d5fa31-1f04-49bc-a656-03325a50df7c:192.168.46.37:37819: org.apache.ratis.thirdparty.io.grpc.StatusRuntimeException: UNAVAILABLE: io exception
2019-06-13 13:31:20,522 INFO  impl.FollowerInfo (FollowerInfo.java:lambda$new$0(50)) - b6862f76-4d64-4a44-8bb3-fe5ac57d7e31->88d5fa31-1f04-49bc-a656-03325a50df7c: nextIndex: updateUnconditionally 23 -> 0
2019-06-13 13:31:20,522 INFO  impl.RaftServerImpl (ServerState.java:setRaftConf(361)) - b6862f76-4d64-4a44-8bb3-fe5ac57d7e31:group-E1D39A08F8D8 set configuration 23: [88d5fa31-1f04-49bc-a656-03325a50df7c:192.168.46.37:37819, b6862f76-4d64-4a44-8bb3-fe5ac57d7e31:192.168.46.37:39049, 36509e8f-98c0-4b33-8e71-c1f0681d731a:192.168.46.37:33223], old=null at 23
2019-06-13 13:31:20,523 INFO  impl.RaftServerImpl (ServerState.java:setLeader(263)) - 36509e8f-98c0-4b33-8e71-c1f0681d731a:group-E1D39A08F8D8 change Leader from null to b6862f76-4d64-4a44-8bb3-fe5ac57d7e31 at term 2 for appendEntries, leader elected after 28ms
2019-06-13 13:31:20,527 INFO  impl.RaftServerImpl (ServerState.java:setRaftConf(361)) - 36509e8f-98c0-4b33-8e71-c1f0681d731a:group-E1D39A08F8D8 set configuration 23: [88d5fa31-1f04-49bc-a656-03325a50df7c:192.168.46.37:37819, b6862f76-4d64-4a44-8bb3-fe5ac57d7e31:192.168.46.37:39049, 36509e8f-98c0-4b33-8e71-c1f0681d731a:192.168.46.37:33223], old=null at 23
2019-06-13 13:31:20,527 INFO  storage.RaftLogWorker (RaftLogWorker.java:rollLogSegment(303)) - 36509e8f-98c0-4b33-8e71-c1f0681d731a-RaftLogWorker: Rolling segment log-0_22 to index:22
2019-06-13 13:31:20,530 INFO  storage.RaftLogWorker (RaftLogWorker.java:execute(433)) - 36509e8f-98c0-4b33-8e71-c1f0681d731a-RaftLogWorker: Rolled log segment from /opt/src/hadoop-ozone/integration-test/target/test-dir/MiniOzoneClusterImpl-f3101cc7-c0e2-4c8b-9ce9-3ea1830401d5/datanode-3/data/ratis/0a7338d7-267a-4aba-96ed-e1d39a08f8d8/current/log_inprogress_0 to /opt/src/hadoop-ozone/integration-test/target/test-dir/MiniOzoneClusterImpl-f3101cc7-c0e2-4c8b-9ce9-3ea1830401d5/datanode-3/data/ratis/0a7338d7-267a-4aba-96ed-e1d39a08f8d8/current/log_0-22
2019-06-13 13:31:20,544 INFO  storage.RaftLogWorker (RaftLogWorker.java:execute(469)) - b6862f76-4d64-4a44-8bb3-fe5ac57d7e31-RaftLogWorker: created new log segment /opt/src/hadoop-ozone/integration-test/target/test-dir/MiniOzoneClusterImpl-f3101cc7-c0e2-4c8b-9ce9-3ea1830401d5/datanode-4/data/ratis/0a7338d7-267a-4aba-96ed-e1d39a08f8d8/current/log_inprogress_23
2019-06-13 13:31:20,568 INFO  storage.RaftLogWorker (RaftLogWorker.java:execute(469)) - 36509e8f-98c0-4b33-8e71-c1f0681d731a-RaftLogWorker: created new log segment /opt/src/hadoop-ozone/integration-test/target/test-dir/MiniOzoneClusterImpl-f3101cc7-c0e2-4c8b-9ce9-3ea1830401d5/datanode-3/data/ratis/0a7338d7-267a-4aba-96ed-e1d39a08f8d8/current/log_inprogress_23
2019-06-13 13:31:20,577 WARN  server.GrpcLogAppender (LogUtils.java:warn(134)) - b6862f76-4d64-4a44-8bb3-fe5ac57d7e31: Failed appendEntries to 88d5fa31-1f04-49bc-a656-03325a50df7c:192.168.46.37:37819: org.apache.ratis.thirdparty.io.grpc.StatusRuntimeException: UNAVAILABLE: io exception
2019-06-13 13:31:20,577 INFO  impl.FollowerInfo (FollowerInfo.java:lambda$new$0(50)) - b6862f76-4d64-4a44-8bb3-fe5ac57d7e31->88d5fa31-1f04-49bc-a656-03325a50df7c: nextIndex: updateUnconditionally 1 -> 0
2019-06-13 13:31:20,581 WARN  server.GrpcLogAppender (LogUtils.java:warn(134)) - b6862f76-4d64-4a44-8bb3-fe5ac57d7e31: Failed appendEntries to 88d5fa31-1f04-49bc-a656-03325a50df7c:192.168.46.37:37819: org.apache.ratis.thirdparty.io.grpc.StatusRuntimeException: UNAVAILABLE: io exception
2019-06-13 13:31:20,581 INFO  impl.FollowerInfo (FollowerInfo.java:lambda$new$0(50)) - b6862f76-4d64-4a44-8bb3-fe5ac57d7e31->88d5fa31-1f04-49bc-a656-03325a50df7c: nextIndex: updateUnconditionally 1 -> 0
2019-06-13 13:31:21,081 WARN  server.GrpcLogAppender (LogUtils.java:warn(134)) - b6862f76-4d64-4a44-8bb3-fe5ac57d7e31: Failed appendEntries to 88d5fa31-1f04-49bc-a656-03325a50df7c:192.168.46.37:37819: org.apache.ratis.thirdparty.io.grpc.StatusRuntimeException: UNAVAILABLE: io exception
2019-06-13 13:31:21,081 INFO  impl.FollowerInfo (FollowerInfo.java:lambda$new$0(50)) - b6862f76-4d64-4a44-8bb3-fe5ac57d7e31->88d5fa31-1f04-49bc-a656-03325a50df7c: nextIndex: updateUnconditionally 0 -> 0
2019-06-13 13:31:21,125 WARN  server.GrpcLogAppender (LogUtils.java:warn(134)) - b6862f76-4d64-4a44-8bb3-fe5ac57d7e31: Failed appendEntries to 88d5fa31-1f04-49bc-a656-03325a50df7c:192.168.46.37:37819: org.apache.ratis.thirdparty.io.grpc.StatusRuntimeException: UNAVAILABLE: io exception
2019-06-13 13:31:21,125 INFO  impl.FollowerInfo (FollowerInfo.java:lambda$new$0(50)) - b6862f76-4d64-4a44-8bb3-fe5ac57d7e31->88d5fa31-1f04-49bc-a656-03325a50df7c: nextIndex: updateUnconditionally 1 -> 0
2019-06-13 13:31:21,135 WARN  server.GrpcLogAppender (LogUtils.java:warn(134)) - b6862f76-4d64-4a44-8bb3-fe5ac57d7e31: Failed appendEntries to 88d5fa31-1f04-49bc-a656-03325a50df7c:192.168.46.37:37819: org.apache.ratis.thirdparty.io.grpc.StatusRuntimeException: UNAVAILABLE: io exception
2019-06-13 13:31:21,135 INFO  client.GrpcClientProtocolClient (GrpcClientProtocolClient.java:onNext(254)) - client-99FCCA3B0D20->b6862f76-4d64-4a44-8bb3-fe5ac57d7e31: receive RaftClientReply:client-99FCCA3B0D20->b6862f76-4d64-4a44-8bb3-fe5ac57d7e31@group-E1D39A08F8D8, cid=90, SUCCESS, logIndex=25, commits[b6862f76-4d64-4a44-8bb3-fe5ac57d7e31:c25, 88d5fa31-1f04-49bc-a656-03325a50df7c:c19, 36509e8f-98c0-4b33-8e71-c1f0681d731a:c24]
2019-06-13 13:31:21,136 INFO  impl.FollowerInfo (FollowerInfo.java:lambda$new$0(50)) - b6862f76-4d64-4a44-8bb3-fe5ac57d7e31->88d5fa31-1f04-49bc-a656-03325a50df7c: nextIndex: updateUnconditionally 1 -> 0
2019-06-13 13:31:21,142 WARN  server.GrpcLogAppender (LogUtils.java:warn(134)) - b6862f76-4d64-4a44-8bb3-fe5ac57d7e31: Failed appendEntries to 88d5fa31-1f04-49bc-a656-03325a50df7c:192.168.46.37:37819: org.apache.ratis.thirdparty.io.grpc.StatusRuntimeException: UNAVAILABLE: io exception
2019-06-13 13:31:21,142 INFO  impl.FollowerInfo (FollowerInfo.java:lambda$new$0(50)) - b6862f76-4d64-4a44-8bb3-fe5ac57d7e31->88d5fa31-1f04-49bc-a656-03325a50df7c: nextIndex: updateUnconditionally 1 -> 0
2019-06-13 13:31:21,147 WARN  server.GrpcLogAppender (LogUtils.java:warn(134)) - b6862f76-4d64-4a44-8bb3-fe5ac57d7e31: Failed appendEntries to 88d5fa31-1f04-49bc-a656-03325a50df7c:192.168.46.37:37819: org.apache.ratis.thirdparty.io.grpc.StatusRuntimeException: UNAVAILABLE: io exception
2019-06-13 13:31:21,147 INFO  impl.FollowerInfo (FollowerInfo.java:lambda$new$0(50)) - b6862f76-4d64-4a44-8bb3-fe5ac57d7e31->88d5fa31-1f04-49bc-a656-03325a50df7c: nextIndex: updateUnconditionally 1 -> 0
2019-06-13 13:31:21,151 INFO  client.GrpcClientProtocolClient (GrpcClientProtocolClient.java:onNext(254)) - client-99FCCA3B0D20->b6862f76-4d64-4a44-8bb3-fe5ac57d7e31: receive RaftClientReply:client-99FCCA3B0D20->b6862f76-4d64-4a44-8bb3-fe5ac57d7e31@group-E1D39A08F8D8, cid=91, SUCCESS, logIndex=27, commits[b6862f76-4d64-4a44-8bb3-fe5ac57d7e31:c27, 88d5fa31-1f04-49bc-a656-03325a50df7c:c19, 36509e8f-98c0-4b33-8e71-c1f0681d731a:c26]
2019-06-13 13:31:21,152 WARN  server.GrpcLogAppender (LogUtils.java:warn(134)) - b6862f76-4d64-4a44-8bb3-fe5ac57d7e31: Failed appendEntries to 88d5fa31-1f04-49bc-a656-03325a50df7c:192.168.46.37:37819: org.apache.ratis.thirdparty.io.grpc.StatusRuntimeException: UNAVAILABLE: io exception
2019-06-13 13:31:21,152 INFO  impl.FollowerInfo (FollowerInfo.java:lambda$new$0(50)) - b6862f76-4d64-4a44-8bb3-fe5ac57d7e31->88d5fa31-1f04-49bc-a656-03325a50df7c: nextIndex: updateUnconditionally 1 -> 0
2019-06-13 13:31:21,156 WARN  server.GrpcLogAppender (LogUtils.java:warn(134)) - b6862f76-4d64-4a44-8bb3-fe5ac57d7e31: Failed appendEntries to 88d5fa31-1f04-49bc-a656-03325a50df7c:192.168.46.37:37819: org.apache.ratis.thirdparty.io.grpc.StatusRuntimeException: UNAVAILABLE: io exception
2019-06-13 13:31:21,156 INFO  impl.FollowerInfo (FollowerInfo.java:lambda$new$0(50)) - b6862f76-4d64-4a44-8bb3-fe5ac57d7e31->88d5fa31-1f04-49bc-a656-03325a50df7c: nextIndex: updateUnconditionally 1 -> 0
2019-06-13 13:31:21,163 WARN  server.GrpcLogAppender (LogUtils.java:warn(134)) - b6862f76-4d64-4a44-8bb3-fe5ac57d7e31: Failed appendEntries to 88d5fa31-1f04-49bc-a656-03325a50df7c:192.168.46.37:37819: org.apache.ratis.thirdparty.io.grpc.StatusRuntimeException: UNAVAILABLE: io exception
2019-06-13 13:31:21,163 INFO  impl.FollowerInfo (FollowerInfo.java:lambda$new$0(50)) - b6862f76-4d64-4a44-8bb3-fe5ac57d7e31->88d5fa31-1f04-49bc-a656-03325a50df7c: nextIndex: updateUnconditionally 1 -> 0
2019-06-13 13:31:21,165 INFO  client.GrpcClientProtocolClient (GrpcClientProtocolClient.java:onNext(254)) - client-99FCCA3B0D20->b6862f76-4d64-4a44-8bb3-fe5ac57d7e31: receive RaftClientReply:client-99FCCA3B0D20->b6862f76-4d64-4a44-8bb3-fe5ac57d7e31@group-E1D39A08F8D8, cid=92, SUCCESS, logIndex=29, commits[b6862f76-4d64-4a44-8bb3-fe5ac57d7e31:c29, 88d5fa31-1f04-49bc-a656-03325a50df7c:c19, 36509e8f-98c0-4b33-8e71-c1f0681d731a:c28]
2019-06-13 13:31:21,168 WARN  server.GrpcLogAppender (LogUtils.java:warn(134)) - b6862f76-4d64-4a44-8bb3-fe5ac57d7e31: Failed appendEntries to 88d5fa31-1f04-49bc-a656-03325a50df7c:192.168.46.37:37819: org.apache.ratis.thirdparty.io.grpc.StatusRuntimeException: UNAVAILABLE: io exception
2019-06-13 13:31:21,168 INFO  client.GrpcClientProtocolClient (GrpcClientProtocolClient.java:onNext(254)) - client-99FCCA3B0D20->b6862f76-4d64-4a44-8bb3-fe5ac57d7e31: receive RaftClientReply:client-99FCCA3B0D20->b6862f76-4d64-4a44-8bb3-fe5ac57d7e31@group-E1D39A08F8D8, cid=93, SUCCESS, logIndex=30, commits[b6862f76-4d64-4a44-8bb3-fe5ac57d7e31:c30, 88d5fa31-1f04-49bc-a656-03325a50df7c:c19, 36509e8f-98c0-4b33-8e71-c1f0681d731a:c28]
2019-06-13 13:31:21,168 INFO  impl.FollowerInfo (FollowerInfo.java:lambda$new$0(50)) - b6862f76-4d64-4a44-8bb3-fe5ac57d7e31->88d5fa31-1f04-49bc-a656-03325a50df7c: nextIndex: updateUnconditionally 1 -> 0
2019-06-13 13:31:21,170 WARN  server.GrpcLogAppender (LogUtils.java:warn(134)) - b6862f76-4d64-4a44-8bb3-fe5ac57d7e31: Failed appendEntries to 88d5fa31-1f04-49bc-a656-03325a50df7c:192.168.46.37:37819: org.apache.ratis.thirdparty.io.grpc.StatusRuntimeException: UNAVAILABLE: io exception
2019-06-13 13:31:21,170 INFO  impl.FollowerInfo (FollowerInfo.java:lambda$new$0(50)) - b6862f76-4d64-4a44-8bb3-fe5ac57d7e31->88d5fa31-1f04-49bc-a656-03325a50df7c: nextIndex: updateUnconditionally 1 -> 0
2019-06-13 13:31:21,671 WARN  server.GrpcLogAppender (LogUtils.java:warn(134)) - b6862f76-4d64-4a44-8bb3-fe5ac57d7e31: Failed appendEntries to 88d5fa31-1f04-49bc-a656-03325a50df7c:192.168.46.37:37819: org.apache.ratis.thirdparty.io.grpc.StatusRuntimeException: UNAVAILABLE: io exception
2019-06-13 13:31:21,671 INFO  impl.FollowerInfo (FollowerInfo.java:lambda$new$0(50)) - b6862f76-4d64-4a44-8bb3-fe5ac57d7e31->88d5fa31-1f04-49bc-a656-03325a50df7c: nextIndex: updateUnconditionally 0 -> 0
2019-06-13 13:31:22,073 INFO  node.StaleNodeHandler (StaleNodeHandler.java:onMessage(58)) - Datanode 88d5fa31-1f04-49bc-a656-03325a50df7c{ip: 192.168.46.37, host: ozone-s9v57-3710753675, networkLocation: /default-rack, certSerialId: null} moved to stale state. Finalizing its pipelines [PipelineID=4a224610-abc5-49d1-9997-101160fb9578, PipelineID=0a7338d7-267a-4aba-96ed-e1d39a08f8d8]
2019-06-13 13:31:22,074 INFO  pipeline.SCMPipelineManager (SCMPipelineManager.java:finalizeAndDestroyPipeline(307)) - destroying pipeline:Pipeline[ Id: 4a224610-abc5-49d1-9997-101160fb9578, Nodes: 88d5fa31-1f04-49bc-a656-03325a50df7c{ip: 192.168.46.37, host: ozone-s9v57-3710753675, networkLocation: /default-rack, certSerialId: null}, Type:RATIS, Factor:ONE, State:OPEN]
2019-06-13 13:31:22,074 INFO  pipeline.PipelineStateManager (PipelineStateManager.java:finalizePipeline(123)) - Pipeline Pipeline[ Id: 4a224610-abc5-49d1-9997-101160fb9578, Nodes: 88d5fa31-1f04-49bc-a656-03325a50df7c{ip: 192.168.46.37, host: ozone-s9v57-3710753675, networkLocation: /default-rack, certSerialId: null}, Type:RATIS, Factor:ONE, State:CLOSED] moved to CLOSED state
2019-06-13 13:31:22,074 INFO  pipeline.SCMPipelineManager (SCMPipelineManager.java:finalizeAndDestroyPipeline(307)) - destroying pipeline:Pipeline[ Id: 0a7338d7-267a-4aba-96ed-e1d39a08f8d8, Nodes: 88d5fa31-1f04-49bc-a656-03325a50df7c{ip: 192.168.46.37, host: ozone-s9v57-3710753675, networkLocation: /default-rack, certSerialId: null}b6862f76-4d64-4a44-8bb3-fe5ac57d7e31{ip: 192.168.46.37, host: ozone-s9v57-3710753675, networkLocation: /default-rack, certSerialId: null}36509e8f-98c0-4b33-8e71-c1f0681d731a{ip: 192.168.46.37, host: ozone-s9v57-3710753675, networkLocation: /default-rack, certSerialId: null}, Type:RATIS, Factor:THREE, State:OPEN]
2019-06-13 13:31:22,074 INFO  pipeline.PipelineStateManager (PipelineStateManager.java:finalizePipeline(123)) - Pipeline Pipeline[ Id: 0a7338d7-267a-4aba-96ed-e1d39a08f8d8, Nodes: 88d5fa31-1f04-49bc-a656-03325a50df7c{ip: 192.168.46.37, host: ozone-s9v57-3710753675, networkLocation: /default-rack, certSerialId: null}b6862f76-4d64-4a44-8bb3-fe5ac57d7e31{ip: 192.168.46.37, host: ozone-s9v57-3710753675, networkLocation: /default-rack, certSerialId: null}36509e8f-98c0-4b33-8e71-c1f0681d731a{ip: 192.168.46.37, host: ozone-s9v57-3710753675, networkLocation: /default-rack, certSerialId: null}, Type:RATIS, Factor:THREE, State:CLOSED] moved to CLOSED state
2019-06-13 13:31:22,074 INFO  container.CloseContainerEventHandler (CloseContainerEventHandler.java:onMessage(61)) - Close container Event triggered for container : #1
2019-06-13 13:31:22,075 INFO  container.CloseContainerEventHandler (CloseContainerEventHandler.java:onMessage(61)) - Close container Event triggered for container : #3
2019-06-13 13:31:22,171 WARN  server.GrpcLogAppender (LogUtils.java:warn(134)) - b6862f76-4d64-4a44-8bb3-fe5ac57d7e31: Failed appendEntries to 88d5fa31-1f04-49bc-a656-03325a50df7c:192.168.46.37:37819: org.apache.ratis.thirdparty.io.grpc.StatusRuntimeException: UNAVAILABLE: io exception
2019-06-13 13:31:22,172 INFO  impl.FollowerInfo (FollowerInfo.java:lambda$new$0(50)) - b6862f76-4d64-4a44-8bb3-fe5ac57d7e31->88d5fa31-1f04-49bc-a656-03325a50df7c: nextIndex: updateUnconditionally 0 -> 0
2019-06-13 13:31:22,672 WARN  server.GrpcLogAppender (LogUtils.java:warn(134)) - b6862f76-4d64-4a44-8bb3-fe5ac57d7e31: Failed appendEntries to 88d5fa31-1f04-49bc-a656-03325a50df7c:192.168.46.37:37819: org.apache.ratis.thirdparty.io.grpc.StatusRuntimeException: UNAVAILABLE: io exception
2019-06-13 13:31:22,672 INFO  impl.FollowerInfo (FollowerInfo.java:lambda$new$0(50)) - b6862f76-4d64-4a44-8bb3-fe5ac57d7e31->88d5fa31-1f04-49bc-a656-03325a50df7c: nextIndex: updateUnconditionally 0 -> 0
2019-06-13 13:31:23,172 WARN  server.GrpcLogAppender (LogUtils.java:warn(134)) - b6862f76-4d64-4a44-8bb3-fe5ac57d7e31: Failed appendEntries to 88d5fa31-1f04-49bc-a656-03325a50df7c:192.168.46.37:37819: org.apache.ratis.thirdparty.io.grpc.StatusRuntimeException: UNAVAILABLE: io exception
2019-06-13 13:31:23,173 INFO  impl.FollowerInfo (FollowerInfo.java:lambda$new$0(50)) - b6862f76-4d64-4a44-8bb3-fe5ac57d7e31->88d5fa31-1f04-49bc-a656-03325a50df7c: nextIndex: updateUnconditionally 0 -> 0
2019-06-13 13:31:23,673 WARN  server.GrpcLogAppender (LogUtils.java:warn(134)) - b6862f76-4d64-4a44-8bb3-fe5ac57d7e31: Failed appendEntries to 88d5fa31-1f04-49bc-a656-03325a50df7c:192.168.46.37:37819: org.apache.ratis.thirdparty.io.grpc.StatusRuntimeException: UNAVAILABLE: io exception
2019-06-13 13:31:23,674 INFO  impl.FollowerInfo (FollowerInfo.java:lambda$new$0(50)) - b6862f76-4d64-4a44-8bb3-fe5ac57d7e31->88d5fa31-1f04-49bc-a656-03325a50df7c: nextIndex: updateUnconditionally 0 -> 0
2019-06-13 13:31:24,019 WARN  server.GrpcLogAppender (LogUtils.java:warn(134)) - b6862f76-4d64-4a44-8bb3-fe5ac57d7e31: Failed appendEntries to 88d5fa31-1f04-49bc-a656-03325a50df7c:192.168.46.37:37819: org.apache.ratis.thirdparty.io.grpc.StatusRuntimeException: UNAVAILABLE: io exception
2019-06-13 13:31:24,020 INFO  impl.FollowerInfo (FollowerInfo.java:lambda$new$0(50)) - b6862f76-4d64-4a44-8bb3-fe5ac57d7e31->88d5fa31-1f04-49bc-a656-03325a50df7c: nextIndex: updateUnconditionally 1 -> 0
2019-06-13 13:31:24,023 WARN  server.GrpcLogAppender (LogUtils.java:warn(134)) - b6862f76-4d64-4a44-8bb3-fe5ac57d7e31: Failed appendEntries to 88d5fa31-1f04-49bc-a656-03325a50df7c:192.168.46.37:37819: org.apache.ratis.thirdparty.io.grpc.StatusRuntimeException: UNAVAILABLE: io exception
2019-06-13 13:31:24,023 INFO  impl.FollowerInfo (FollowerInfo.java:lambda$new$0(50)) - b6862f76-4d64-4a44-8bb3-fe5ac57d7e31->88d5fa31-1f04-49bc-a656-03325a50df7c: nextIndex: updateUnconditionally 1 -> 0
2019-06-13 13:31:24,028 WARN  server.GrpcLogAppender (LogUtils.java:warn(134)) - b6862f76-4d64-4a44-8bb3-fe5ac57d7e31: Failed appendEntries to 88d5fa31-1f04-49bc-a656-03325a50df7c:192.168.46.37:37819: org.apache.ratis.thirdparty.io.grpc.StatusRuntimeException: UNAVAILABLE: io exception
2019-06-13 13:31:24,028 INFO  impl.FollowerInfo (FollowerInfo.java:lambda$new$0(50)) - b6862f76-4d64-4a44-8bb3-fe5ac57d7e31->88d5fa31-1f04-49bc-a656-03325a50df7c: nextIndex: updateUnconditionally 1 -> 0
2019-06-13 13:31:24,035 INFO  interfaces.Container (KeyValueContainer.java:compactDB(356)) - Container 1 is closed with bcsId 13.
2019-06-13 13:31:24,038 WARN  server.GrpcLogAppender (LogUtils.java:warn(134)) - b6862f76-4d64-4a44-8bb3-fe5ac57d7e31: Failed appendEntries to 88d5fa31-1f04-49bc-a656-03325a50df7c:192.168.46.37:37819: org.apache.ratis.thirdparty.io.grpc.StatusRuntimeException: UNAVAILABLE: io exception
2019-06-13 13:31:24,038 INFO  impl.FollowerInfo (FollowerInfo.java:lambda$new$0(50)) - b6862f76-4d64-4a44-8bb3-fe5ac57d7e31->88d5fa31-1f04-49bc-a656-03325a50df7c: nextIndex: updateUnconditionally 1 -> 0
2019-06-13 13:31:24,039 INFO  interfaces.Container (KeyValueContainer.java:compactDB(356)) - Container 1 is closed with bcsId 13.
2019-06-13 13:31:24,041 WARN  server.GrpcLogAppender (LogUtils.java:warn(134)) - b6862f76-4d64-4a44-8bb3-fe5ac57d7e31: Failed appendEntries to 88d5fa31-1f04-49bc-a656-03325a50df7c:192.168.46.37:37819: org.apache.ratis.thirdparty.io.grpc.StatusRuntimeException: UNAVAILABLE: io exception
2019-06-13 13:31:24,042 INFO  impl.FollowerInfo (FollowerInfo.java:lambda$new$0(50)) - b6862f76-4d64-4a44-8bb3-fe5ac57d7e31->88d5fa31-1f04-49bc-a656-03325a50df7c: nextIndex: updateUnconditionally 1 -> 0
2019-06-13 13:31:24,044 WARN  server.GrpcLogAppender (LogUtils.java:warn(134)) - b6862f76-4d64-4a44-8bb3-fe5ac57d7e31: Failed appendEntries to 88d5fa31-1f04-49bc-a656-03325a50df7c:192.168.46.37:37819: org.apache.ratis.thirdparty.io.grpc.StatusRuntimeException: UNAVAILABLE: io exception
2019-06-13 13:31:24,045 INFO  impl.FollowerInfo (FollowerInfo.java:lambda$new$0(50)) - b6862f76-4d64-4a44-8bb3-fe5ac57d7e31->88d5fa31-1f04-49bc-a656-03325a50df7c: nextIndex: updateUnconditionally 1 -> 0
2019-06-13 13:31:24,053 INFO  interfaces.Container (KeyValueContainer.java:compactDB(356)) - Container 3 is closed with bcsId 30.
2019-06-13 13:31:24,055 INFO  interfaces.Container (KeyValueContainer.java:compactDB(356)) - Container 3 is closed with bcsId 30.
2019-06-13 13:31:24,176 WARN  client.GrpcClientProtocolService (LogUtils.java:warn(134)) - 1-OrderedRequestStreamObserver1: onError: org.apache.ratis.thirdparty.io.grpc.StatusRuntimeException: CANCELLED: cancelled before receiving half close
2019-06-13 13:31:24,545 WARN  server.GrpcLogAppender (LogUtils.java:warn(134)) - b6862f76-4d64-4a44-8bb3-fe5ac57d7e31: Failed appendEntries to 88d5fa31-1f04-49bc-a656-03325a50df7c:192.168.46.37:37819: org.apache.ratis.thirdparty.io.grpc.StatusRuntimeException: UNAVAILABLE: io exception
2019-06-13 13:31:24,545 INFO  impl.FollowerInfo (FollowerInfo.java:lambda$new$0(50)) - b6862f76-4d64-4a44-8bb3-fe5ac57d7e31->88d5fa31-1f04-49bc-a656-03325a50df7c: nextIndex: updateUnconditionally 0 -> 0
2019-06-13 13:31:25,045 WARN  server.GrpcLogAppender (LogUtils.java:warn(134)) - b6862f76-4d64-4a44-8bb3-fe5ac57d7e31: Failed appendEntries to 88d5fa31-1f04-49bc-a656-03325a50df7c:192.168.46.37:37819: org.apache.ratis.thirdparty.io.grpc.StatusRuntimeException: UNAVAILABLE: io exception
2019-06-13 13:31:25,045 INFO  impl.FollowerInfo (FollowerInfo.java:lambda$new$0(50)) - b6862f76-4d64-4a44-8bb3-fe5ac57d7e31->88d5fa31-1f04-49bc-a656-03325a50df7c: nextIndex: updateUnconditionally 0 -> 0
2019-06-13 13:31:25,180 INFO  client.GrpcClientProtocolService (GrpcClientProtocolService.java:lambda$processClientRequest$0(264)) - Failed RaftClientRequest:client-99FCCA3B0D20->36509e8f-98c0-4b33-8e71-c1f0681d731a@group-E1D39A08F8D8, cid=94, seq=0, Watch-ALL_COMMITTED(27), Message:<EMPTY>, reply=RaftClientReply:client-99FCCA3B0D20->36509e8f-98c0-4b33-8e71-c1f0681d731a@group-E1D39A08F8D8, cid=94, FAILED org.apache.ratis.protocol.NotLeaderException: Server 36509e8f-98c0-4b33-8e71-c1f0681d731a is not the leader (b6862f76-4d64-4a44-8bb3-fe5ac57d7e31:192.168.46.37:39049). Request must be sent to leader., logIndex=0, commits[36509e8f-98c0-4b33-8e71-c1f0681d731a:c36, 88d5fa31-1f04-49bc-a656-03325a50df7c:c19, b6862f76-4d64-4a44-8bb3-fe5ac57d7e31:c36]
2019-06-13 13:31:25,183 INFO  client.GrpcClientProtocolClient (GrpcClientProtocolClient.java:onNext(254)) - client-99FCCA3B0D20->36509e8f-98c0-4b33-8e71-c1f0681d731a: receive RaftClientReply:client-99FCCA3B0D20->36509e8f-98c0-4b33-8e71-c1f0681d731a@group-E1D39A08F8D8, cid=94, FAILED org.apache.ratis.protocol.NotLeaderException: Server 36509e8f-98c0-4b33-8e71-c1f0681d731a is not the leader (b6862f76-4d64-4a44-8bb3-fe5ac57d7e31:192.168.46.37:39049). Request must be sent to leader., logIndex=0, commits[36509e8f-98c0-4b33-8e71-c1f0681d731a:c36, 88d5fa31-1f04-49bc-a656-03325a50df7c:c19, b6862f76-4d64-4a44-8bb3-fe5ac57d7e31:c36]
2019-06-13 13:31:25,187 WARN  client.GrpcClientProtocolService (LogUtils.java:warn(134)) - 1-UnorderedRequestStreamObserver1: onError: org.apache.ratis.thirdparty.io.grpc.StatusRuntimeException: CANCELLED: cancelled before receiving half close
2019-06-13 13:31:25,546 WARN  server.GrpcLogAppender (LogUtils.java:warn(134)) - b6862f76-4d64-4a44-8bb3-fe5ac57d7e31: Failed appendEntries to 88d5fa31-1f04-49bc-a656-03325a50df7c:192.168.46.37:37819: org.apache.ratis.thirdparty.io.grpc.StatusRuntimeException: UNAVAILABLE: io exception
2019-06-13 13:31:25,546 INFO  impl.FollowerInfo (FollowerInfo.java:lambda$new$0(50)) - b6862f76-4d64-4a44-8bb3-fe5ac57d7e31->88d5fa31-1f04-49bc-a656-03325a50df7c: nextIndex: updateUnconditionally 0 -> 0
2019-06-13 13:31:26,046 WARN  server.GrpcLogAppender (LogUtils.java:warn(134)) - b6862f76-4d64-4a44-8bb3-fe5ac57d7e31: Failed appendEntries to 88d5fa31-1f04-49bc-a656-03325a50df7c:192.168.46.37:37819: org.apache.ratis.thirdparty.io.grpc.StatusRuntimeException: UNAVAILABLE: io exception
2019-06-13 13:31:26,047 INFO  impl.FollowerInfo (FollowerInfo.java:lambda$new$0(50)) - b6862f76-4d64-4a44-8bb3-fe5ac57d7e31->88d5fa31-1f04-49bc-a656-03325a50df7c: nextIndex: updateUnconditionally 0 -> 0
2019-06-13 13:31:26,168 WARN  scm.XceiverClientRatis (XceiverClientRatis.java:watchForCommit(260)) - 3 way commit failed 
java.util.concurrent.TimeoutException
	at java.util.concurrent.CompletableFuture.timedGet(CompletableFuture.java:1771)
	at java.util.concurrent.CompletableFuture.get(CompletableFuture.java:1915)
	at org.apache.hadoop.hdds.scm.XceiverClientRatis.watchForCommit(XceiverClientRatis.java:257)
	at org.apache.hadoop.hdds.scm.storage.CommitWatcher.watchForCommit(CommitWatcher.java:194)
	at org.apache.hadoop.hdds.scm.storage.CommitWatcher.watchOnFirstIndex(CommitWatcher.java:135)
	at org.apache.hadoop.hdds.scm.storage.BlockOutputStream.watchForCommit(BlockOutputStream.java:355)
	at org.apache.hadoop.hdds.scm.storage.BlockOutputStream.handleFullBuffer(BlockOutputStream.java:332)
	at org.apache.hadoop.hdds.scm.storage.BlockOutputStream.write(BlockOutputStream.java:259)
	at org.apache.hadoop.ozone.client.io.BlockOutputStreamEntry.write(BlockOutputStreamEntry.java:129)
	at org.apache.hadoop.ozone.client.io.KeyOutputStream.handleWrite(KeyOutputStream.java:211)
	at org.apache.hadoop.ozone.client.io.KeyOutputStream.write(KeyOutputStream.java:193)
	at org.apache.hadoop.ozone.client.io.OzoneOutputStream.write(OzoneOutputStream.java:49)
	at java.io.OutputStream.write(OutputStream.java:75)
	at org.apache.hadoop.ozone.client.rpc.TestFailureHandlingByClient.testMultiBlockWritesWithIntermittentDnFailures(TestFailureHandlingByClient.java:237)
	at sun.reflect.NativeMethodAccessorImpl.invoke0(Native Method)
	at sun.reflect.NativeMethodAccessorImpl.invoke(NativeMethodAccessorImpl.java:62)
	at sun.reflect.DelegatingMethodAccessorImpl.invoke(DelegatingMethodAccessorImpl.java:43)
	at java.lang.reflect.Method.invoke(Method.java:498)
	at org.junit.runners.model.FrameworkMethod$1.runReflectiveCall(FrameworkMethod.java:47)
	at org.junit.internal.runners.model.ReflectiveCallable.run(ReflectiveCallable.java:12)
	at org.junit.runners.model.FrameworkMethod.invokeExplosively(FrameworkMethod.java:44)
	at org.junit.internal.runners.statements.InvokeMethod.evaluate(InvokeMethod.java:17)
	at org.junit.runners.ParentRunner.runLeaf(ParentRunner.java:271)
	at org.junit.runners.BlockJUnit4ClassRunner.runChild(BlockJUnit4ClassRunner.java:70)
	at org.junit.runners.BlockJUnit4ClassRunner.runChild(BlockJUnit4ClassRunner.java:50)
	at org.junit.runners.ParentRunner$3.run(ParentRunner.java:238)
	at org.junit.runners.ParentRunner$1.schedule(ParentRunner.java:63)
	at org.junit.runners.ParentRunner.runChildren(ParentRunner.java:236)
	at org.junit.runners.ParentRunner.access$000(ParentRunner.java:53)
	at org.junit.runners.ParentRunner$2.evaluate(ParentRunner.java:229)
	at org.junit.runners.ParentRunner.run(ParentRunner.java:309)
	at org.apache.maven.surefire.junit4.JUnit4Provider.execute(JUnit4Provider.java:365)
	at org.apache.maven.surefire.junit4.JUnit4Provider.executeWithRerun(JUnit4Provider.java:273)
	at org.apache.maven.surefire.junit4.JUnit4Provider.executeTestSet(JUnit4Provider.java:238)
	at org.apache.maven.surefire.junit4.JUnit4Provider.invoke(JUnit4Provider.java:159)
	at org.apache.maven.surefire.booter.ForkedBooter.invokeProviderInSameClassLoader(ForkedBooter.java:384)
	at org.apache.maven.surefire.booter.ForkedBooter.runSuitesInProcess(ForkedBooter.java:345)
	at org.apache.maven.surefire.booter.ForkedBooter.execute(ForkedBooter.java:126)
	at org.apache.maven.surefire.booter.ForkedBooter.main(ForkedBooter.java:418)
2019-06-13 13:31:26,174 INFO  client.GrpcClientProtocolClient (GrpcClientProtocolClient.java:onNext(254)) - client-99FCCA3B0D20->b6862f76-4d64-4a44-8bb3-fe5ac57d7e31: receive RaftClientReply:client-99FCCA3B0D20->b6862f76-4d64-4a44-8bb3-fe5ac57d7e31@group-E1D39A08F8D8, cid=95, SUCCESS, logIndex=0, commits[b6862f76-4d64-4a44-8bb3-fe5ac57d7e31:c36, 88d5fa31-1f04-49bc-a656-03325a50df7c:c19, 36509e8f-98c0-4b33-8e71-c1f0681d731a:c36]
2019-06-13 13:31:26,175 INFO  scm.XceiverClientRatis (XceiverClientRatis.java:lambda$watchForCommit$7(278)) - Could not commit 27 to all the nodes. Server 88d5fa31-1f04-49bc-a656-03325a50df7c has failed. Committed by majority.
2019-06-13 13:31:26,547 WARN  server.GrpcLogAppender (LogUtils.java:warn(134)) - b6862f76-4d64-4a44-8bb3-fe5ac57d7e31: Failed appendEntries to 88d5fa31-1f04-49bc-a656-03325a50df7c:192.168.46.37:37819: org.apache.ratis.thirdparty.io.grpc.StatusRuntimeException: UNAVAILABLE: io exception
2019-06-13 13:31:26,547 INFO  impl.FollowerInfo (FollowerInfo.java:lambda$new$0(50)) - b6862f76-4d64-4a44-8bb3-fe5ac57d7e31->88d5fa31-1f04-49bc-a656-03325a50df7c: nextIndex: updateUnconditionally 0 -> 0
2019-06-13 13:31:27,047 WARN  server.GrpcLogAppender (LogUtils.java:warn(134)) - b6862f76-4d64-4a44-8bb3-fe5ac57d7e31: Failed appendEntries to 88d5fa31-1f04-49bc-a656-03325a50df7c:192.168.46.37:37819: org.apache.ratis.thirdparty.io.grpc.StatusRuntimeException: UNAVAILABLE: io exception
2019-06-13 13:31:27,048 INFO  impl.FollowerInfo (FollowerInfo.java:lambda$new$0(50)) - b6862f76-4d64-4a44-8bb3-fe5ac57d7e31->88d5fa31-1f04-49bc-a656-03325a50df7c: nextIndex: updateUnconditionally 0 -> 0
2019-06-13 13:31:27,548 WARN  server.GrpcLogAppender (LogUtils.java:warn(134)) - b6862f76-4d64-4a44-8bb3-fe5ac57d7e31: Failed appendEntries to 88d5fa31-1f04-49bc-a656-03325a50df7c:192.168.46.37:37819: org.apache.ratis.thirdparty.io.grpc.StatusRuntimeException: UNAVAILABLE: io exception
2019-06-13 13:31:27,548 INFO  impl.FollowerInfo (FollowerInfo.java:lambda$new$0(50)) - b6862f76-4d64-4a44-8bb3-fe5ac57d7e31->88d5fa31-1f04-49bc-a656-03325a50df7c: nextIndex: updateUnconditionally 0 -> 0
2019-06-13 13:31:28,048 WARN  server.GrpcLogAppender (LogUtils.java:warn(134)) - b6862f76-4d64-4a44-8bb3-fe5ac57d7e31: Failed appendEntries to 88d5fa31-1f04-49bc-a656-03325a50df7c:192.168.46.37:37819: org.apache.ratis.thirdparty.io.grpc.StatusRuntimeException: UNAVAILABLE: io exception
2019-06-13 13:31:28,048 INFO  impl.FollowerInfo (FollowerInfo.java:lambda$new$0(50)) - b6862f76-4d64-4a44-8bb3-fe5ac57d7e31->88d5fa31-1f04-49bc-a656-03325a50df7c: nextIndex: updateUnconditionally 0 -> 0
2019-06-13 13:31:28,548 WARN  server.GrpcLogAppender (LogUtils.java:warn(134)) - b6862f76-4d64-4a44-8bb3-fe5ac57d7e31: Failed appendEntries to 88d5fa31-1f04-49bc-a656-03325a50df7c:192.168.46.37:37819: org.apache.ratis.thirdparty.io.grpc.StatusRuntimeException: UNAVAILABLE: io exception
2019-06-13 13:31:28,549 INFO  impl.FollowerInfo (FollowerInfo.java:lambda$new$0(50)) - b6862f76-4d64-4a44-8bb3-fe5ac57d7e31->88d5fa31-1f04-49bc-a656-03325a50df7c: nextIndex: updateUnconditionally 0 -> 0
2019-06-13 13:31:29,049 WARN  server.GrpcLogAppender (LogUtils.java:warn(134)) - b6862f76-4d64-4a44-8bb3-fe5ac57d7e31: Failed appendEntries to 88d5fa31-1f04-49bc-a656-03325a50df7c:192.168.46.37:37819: org.apache.ratis.thirdparty.io.grpc.StatusRuntimeException: UNAVAILABLE: io exception
2019-06-13 13:31:29,049 INFO  impl.FollowerInfo (FollowerInfo.java:lambda$new$0(50)) - b6862f76-4d64-4a44-8bb3-fe5ac57d7e31->88d5fa31-1f04-49bc-a656-03325a50df7c: nextIndex: updateUnconditionally 0 -> 0
2019-06-13 13:31:29,549 WARN  server.GrpcLogAppender (LogUtils.java:warn(134)) - b6862f76-4d64-4a44-8bb3-fe5ac57d7e31: Failed appendEntries to 88d5fa31-1f04-49bc-a656-03325a50df7c:192.168.46.37:37819: org.apache.ratis.thirdparty.io.grpc.StatusRuntimeException: UNAVAILABLE: io exception
2019-06-13 13:31:29,550 INFO  impl.FollowerInfo (FollowerInfo.java:lambda$new$0(50)) - b6862f76-4d64-4a44-8bb3-fe5ac57d7e31->88d5fa31-1f04-49bc-a656-03325a50df7c: nextIndex: updateUnconditionally 0 -> 0
2019-06-13 13:31:30,050 WARN  server.GrpcLogAppender (LogUtils.java:warn(134)) - b6862f76-4d64-4a44-8bb3-fe5ac57d7e31: Failed appendEntries to 88d5fa31-1f04-49bc-a656-03325a50df7c:192.168.46.37:37819: org.apache.ratis.thirdparty.io.grpc.StatusRuntimeException: UNAVAILABLE: io exception
2019-06-13 13:31:30,050 INFO  impl.FollowerInfo (FollowerInfo.java:lambda$new$0(50)) - b6862f76-4d64-4a44-8bb3-fe5ac57d7e31->88d5fa31-1f04-49bc-a656-03325a50df7c: nextIndex: updateUnconditionally 0 -> 0
2019-06-13 13:31:30,185 INFO  client.GrpcClientProtocolService (GrpcClientProtocolService.java:lambda$processClientRequest$0(264)) - Failed RaftClientRequest:client-99FCCA3B0D20->36509e8f-98c0-4b33-8e71-c1f0681d731a@group-E1D39A08F8D8, cid=96, seq=0, Watch-ALL_COMMITTED(30), Message:<EMPTY>, reply=RaftClientReply:client-99FCCA3B0D20->36509e8f-98c0-4b33-8e71-c1f0681d731a@group-E1D39A08F8D8, cid=96, FAILED org.apache.ratis.protocol.NotLeaderException: Server 36509e8f-98c0-4b33-8e71-c1f0681d731a is not the leader (b6862f76-4d64-4a44-8bb3-fe5ac57d7e31:192.168.46.37:39049). Request must be sent to leader., logIndex=0, commits[36509e8f-98c0-4b33-8e71-c1f0681d731a:c36, 88d5fa31-1f04-49bc-a656-03325a50df7c:c19, b6862f76-4d64-4a44-8bb3-fe5ac57d7e31:c36]
2019-06-13 13:31:30,187 INFO  client.GrpcClientProtocolService (GrpcClientProtocolService.java:lambda$processClientRequest$0(264)) - Failed RaftClientRequest:client-99FCCA3B0D20->36509e8f-98c0-4b33-8e71-c1f0681d731a@group-E1D39A08F8D8, cid=94, seq=0, Watch-ALL_COMMITTED(27), Message:<EMPTY>, reply=RaftClientReply:client-99FCCA3B0D20->36509e8f-98c0-4b33-8e71-c1f0681d731a@group-E1D39A08F8D8, cid=94, FAILED org.apache.ratis.protocol.NotLeaderException: Server 36509e8f-98c0-4b33-8e71-c1f0681d731a is not the leader (b6862f76-4d64-4a44-8bb3-fe5ac57d7e31:192.168.46.37:39049). Request must be sent to leader., logIndex=0, commits[36509e8f-98c0-4b33-8e71-c1f0681d731a:c36, 88d5fa31-1f04-49bc-a656-03325a50df7c:c19, b6862f76-4d64-4a44-8bb3-fe5ac57d7e31:c36]
2019-06-13 13:31:30,187 INFO  client.GrpcClientProtocolClient (GrpcClientProtocolClient.java:onNext(254)) - client-99FCCA3B0D20->36509e8f-98c0-4b33-8e71-c1f0681d731a: receive RaftClientReply:client-99FCCA3B0D20->36509e8f-98c0-4b33-8e71-c1f0681d731a@group-E1D39A08F8D8, cid=96, FAILED org.apache.ratis.protocol.NotLeaderException: Server 36509e8f-98c0-4b33-8e71-c1f0681d731a is not the leader (b6862f76-4d64-4a44-8bb3-fe5ac57d7e31:192.168.46.37:39049). Request must be sent to leader., logIndex=0, commits[36509e8f-98c0-4b33-8e71-c1f0681d731a:c36, 88d5fa31-1f04-49bc-a656-03325a50df7c:c19, b6862f76-4d64-4a44-8bb3-fe5ac57d7e31:c36]
2019-06-13 13:31:30,189 INFO  client.GrpcClientProtocolClient (GrpcClientProtocolClient.java:onNext(254)) - client-99FCCA3B0D20->36509e8f-98c0-4b33-8e71-c1f0681d731a: receive RaftClientReply:client-99FCCA3B0D20->36509e8f-98c0-4b33-8e71-c1f0681d731a@group-E1D39A08F8D8, cid=94, FAILED org.apache.ratis.protocol.NotLeaderException: Server 36509e8f-98c0-4b33-8e71-c1f0681d731a is not the leader (b6862f76-4d64-4a44-8bb3-fe5ac57d7e31:192.168.46.37:39049). Request must be sent to leader., logIndex=0, commits[36509e8f-98c0-4b33-8e71-c1f0681d731a:c36, 88d5fa31-1f04-49bc-a656-03325a50df7c:c19, b6862f76-4d64-4a44-8bb3-fe5ac57d7e31:c36]
2019-06-13 13:31:30,189 WARN  client.GrpcClientProtocolService (LogUtils.java:warn(134)) - 2-UnorderedRequestStreamObserver2: onError: org.apache.ratis.thirdparty.io.grpc.StatusRuntimeException: CANCELLED: cancelled before receiving half close
2019-06-13 13:31:30,550 WARN  server.GrpcLogAppender (LogUtils.java:warn(134)) - b6862f76-4d64-4a44-8bb3-fe5ac57d7e31: Failed appendEntries to 88d5fa31-1f04-49bc-a656-03325a50df7c:192.168.46.37:37819: org.apache.ratis.thirdparty.io.grpc.StatusRuntimeException: UNAVAILABLE: io exception
2019-06-13 13:31:30,551 INFO  impl.FollowerInfo (FollowerInfo.java:lambda$new$0(50)) - b6862f76-4d64-4a44-8bb3-fe5ac57d7e31->88d5fa31-1f04-49bc-a656-03325a50df7c: nextIndex: updateUnconditionally 0 -> 0
2019-06-13 13:31:31,051 WARN  server.GrpcLogAppender (LogUtils.java:warn(134)) - b6862f76-4d64-4a44-8bb3-fe5ac57d7e31: Failed appendEntries to 88d5fa31-1f04-49bc-a656-03325a50df7c:192.168.46.37:37819: org.apache.ratis.thirdparty.io.grpc.StatusRuntimeException: UNAVAILABLE: io exception
2019-06-13 13:31:31,051 INFO  impl.FollowerInfo (FollowerInfo.java:lambda$new$0(50)) - b6862f76-4d64-4a44-8bb3-fe5ac57d7e31->88d5fa31-1f04-49bc-a656-03325a50df7c: nextIndex: updateUnconditionally 0 -> 0
2019-06-13 13:31:31,178 WARN  scm.XceiverClientRatis (XceiverClientRatis.java:watchForCommit(260)) - 3 way commit failed 
java.util.concurrent.TimeoutException
	at java.util.concurrent.CompletableFuture.timedGet(CompletableFuture.java:1771)
	at java.util.concurrent.CompletableFuture.get(CompletableFuture.java:1915)
	at org.apache.hadoop.hdds.scm.XceiverClientRatis.watchForCommit(XceiverClientRatis.java:257)
	at org.apache.hadoop.hdds.scm.storage.CommitWatcher.watchForCommit(CommitWatcher.java:194)
	at org.apache.hadoop.hdds.scm.storage.CommitWatcher.watchOnLastIndex(CommitWatcher.java:157)
	at org.apache.hadoop.hdds.scm.storage.BlockOutputStream.watchForCommit(BlockOutputStream.java:355)
	at org.apache.hadoop.hdds.scm.storage.BlockOutputStream.handleFlush(BlockOutputStream.java:486)
	at org.apache.hadoop.hdds.scm.storage.BlockOutputStream.close(BlockOutputStream.java:500)
	at org.apache.hadoop.ozone.client.io.BlockOutputStreamEntry.close(BlockOutputStreamEntry.java:143)
	at org.apache.hadoop.ozone.client.io.KeyOutputStream.handleFlushOrClose(KeyOutputStream.java:438)
	at org.apache.hadoop.ozone.client.io.KeyOutputStream.handleWrite(KeyOutputStream.java:235)
	at org.apache.hadoop.ozone.client.io.KeyOutputStream.write(KeyOutputStream.java:193)
	at org.apache.hadoop.ozone.client.io.OzoneOutputStream.write(OzoneOutputStream.java:49)
	at java.io.OutputStream.write(OutputStream.java:75)
	at org.apache.hadoop.ozone.client.rpc.TestFailureHandlingByClient.testMultiBlockWritesWithIntermittentDnFailures(TestFailureHandlingByClient.java:237)
	at sun.reflect.NativeMethodAccessorImpl.invoke0(Native Method)
	at sun.reflect.NativeMethodAccessorImpl.invoke(NativeMethodAccessorImpl.java:62)
	at sun.reflect.DelegatingMethodAccessorImpl.invoke(DelegatingMethodAccessorImpl.java:43)
	at java.lang.reflect.Method.invoke(Method.java:498)
	at org.junit.runners.model.FrameworkMethod$1.runReflectiveCall(FrameworkMethod.java:47)
	at org.junit.internal.runners.model.ReflectiveCallable.run(ReflectiveCallable.java:12)
	at org.junit.runners.model.FrameworkMethod.invokeExplosively(FrameworkMethod.java:44)
	at org.junit.internal.runners.statements.InvokeMethod.evaluate(InvokeMethod.java:17)
	at org.junit.runners.ParentRunner.runLeaf(ParentRunner.java:271)
	at org.junit.runners.BlockJUnit4ClassRunner.runChild(BlockJUnit4ClassRunner.java:70)
	at org.junit.runners.BlockJUnit4ClassRunner.runChild(BlockJUnit4ClassRunner.java:50)
	at org.junit.runners.ParentRunner$3.run(ParentRunner.java:238)
	at org.junit.runners.ParentRunner$1.schedule(ParentRunner.java:63)
	at org.junit.runners.ParentRunner.runChildren(ParentRunner.java:236)
	at org.junit.runners.ParentRunner.access$000(ParentRunner.java:53)
	at org.junit.runners.ParentRunner$2.evaluate(ParentRunner.java:229)
	at org.junit.runners.ParentRunner.run(ParentRunner.java:309)
	at org.apache.maven.surefire.junit4.JUnit4Provider.execute(JUnit4Provider.java:365)
	at org.apache.maven.surefire.junit4.JUnit4Provider.executeWithRerun(JUnit4Provider.java:273)
	at org.apache.maven.surefire.junit4.JUnit4Provider.executeTestSet(JUnit4Provider.java:238)
	at org.apache.maven.surefire.junit4.JUnit4Provider.invoke(JUnit4Provider.java:159)
	at org.apache.maven.surefire.booter.ForkedBooter.invokeProviderInSameClassLoader(ForkedBooter.java:384)
	at org.apache.maven.surefire.booter.ForkedBooter.runSuitesInProcess(ForkedBooter.java:345)
	at org.apache.maven.surefire.booter.ForkedBooter.execute(ForkedBooter.java:126)
	at org.apache.maven.surefire.booter.ForkedBooter.main(ForkedBooter.java:418)
2019-06-13 13:31:31,183 INFO  client.GrpcClientProtocolClient (GrpcClientProtocolClient.java:onNext(254)) - client-99FCCA3B0D20->b6862f76-4d64-4a44-8bb3-fe5ac57d7e31: receive RaftClientReply:client-99FCCA3B0D20->b6862f76-4d64-4a44-8bb3-fe5ac57d7e31@group-E1D39A08F8D8, cid=97, SUCCESS, logIndex=0, commits[b6862f76-4d64-4a44-8bb3-fe5ac57d7e31:c36, 88d5fa31-1f04-49bc-a656-03325a50df7c:c19, 36509e8f-98c0-4b33-8e71-c1f0681d731a:c36]
2019-06-13 13:31:31,183 INFO  scm.XceiverClientRatis (XceiverClientRatis.java:lambda$watchForCommit$7(278)) - Could not commit 30 to all the nodes. Server 88d5fa31-1f04-49bc-a656-03325a50df7c has failed. Committed by majority.
2019-06-13 13:31:31,206 INFO  client.GrpcClientProtocolClient (GrpcClientProtocolClient.java:onNext(254)) - client-9B182F5B1793->33d136f9-9d80-4c34-8892-625e8eaf38ce: receive RaftClientReply:client-9B182F5B1793->33d136f9-9d80-4c34-8892-625e8eaf38ce@group-E378502D61C0, cid=98, FAILED org.apache.ratis.protocol.NotLeaderException: Server 33d136f9-9d80-4c34-8892-625e8eaf38ce is not the leader (2609858b-dce0-48df-bbd8-006d8918a812:192.168.46.37:38877). Request must be sent to leader., logIndex=0, commits[33d136f9-9d80-4c34-8892-625e8eaf38ce:c15, 2609858b-dce0-48df-bbd8-006d8918a812:c15, ea36ec44-1e45-4035-b4f5-621a7be34482:c15]
2019-06-13 13:31:31,209 WARN  client.GrpcClientProtocolService (LogUtils.java:warn(134)) - 1-OrderedRequestStreamObserver1: onError: org.apache.ratis.thirdparty.io.grpc.StatusRuntimeException: CANCELLED: cancelled before receiving half close
2019-06-13 13:31:31,551 WARN  server.GrpcLogAppender (LogUtils.java:warn(134)) - b6862f76-4d64-4a44-8bb3-fe5ac57d7e31: Failed appendEntries to 88d5fa31-1f04-49bc-a656-03325a50df7c:192.168.46.37:37819: org.apache.ratis.thirdparty.io.grpc.StatusRuntimeException: UNAVAILABLE: io exception
2019-06-13 13:31:31,552 INFO  impl.FollowerInfo (FollowerInfo.java:lambda$new$0(50)) - b6862f76-4d64-4a44-8bb3-fe5ac57d7e31->88d5fa31-1f04-49bc-a656-03325a50df7c: nextIndex: updateUnconditionally 0 -> 0
2019-06-13 13:31:31,674 INFO  client.GrpcClientProtocolService (GrpcClientProtocolService.java:lambda$processClientRequest$0(264)) - Failed RaftClientRequest:client-99FCCA3B0D20->b6862f76-4d64-4a44-8bb3-fe5ac57d7e31@group-E1D39A08F8D8, cid=94, seq=0, Watch-ALL_COMMITTED(27), Message:<EMPTY>, reply=RaftClientReply:client-99FCCA3B0D20->b6862f76-4d64-4a44-8bb3-fe5ac57d7e31@group-E1D39A08F8D8, cid=94, FAILED org.apache.ratis.protocol.NotReplicatedException: Request with call Id 94 and log index 27 is not yet replicated to ALL_COMMITTED, logIndex=27, commits[b6862f76-4d64-4a44-8bb3-fe5ac57d7e31:c36, 88d5fa31-1f04-49bc-a656-03325a50df7c:c19, 36509e8f-98c0-4b33-8e71-c1f0681d731a:c36]
2019-06-13 13:31:32,052 WARN  server.GrpcLogAppender (LogUtils.java:warn(134)) - b6862f76-4d64-4a44-8bb3-fe5ac57d7e31: Failed appendEntries to 88d5fa31-1f04-49bc-a656-03325a50df7c:192.168.46.37:37819: org.apache.ratis.thirdparty.io.grpc.StatusRuntimeException: UNAVAILABLE: io exception
2019-06-13 13:31:32,052 INFO  impl.FollowerInfo (FollowerInfo.java:lambda$new$0(50)) - b6862f76-4d64-4a44-8bb3-fe5ac57d7e31->88d5fa31-1f04-49bc-a656-03325a50df7c: nextIndex: updateUnconditionally 0 -> 0
2019-06-13 13:31:32,215 INFO  client.GrpcClientProtocolClient (GrpcClientProtocolClient.java:onNext(254)) - client-9B182F5B1793->ea36ec44-1e45-4035-b4f5-621a7be34482: receive RaftClientReply:client-9B182F5B1793->ea36ec44-1e45-4035-b4f5-621a7be34482@group-E378502D61C0, cid=98, FAILED org.apache.ratis.protocol.NotLeaderException: Server ea36ec44-1e45-4035-b4f5-621a7be34482 is not the leader (2609858b-dce0-48df-bbd8-006d8918a812:192.168.46.37:38877). Request must be sent to leader., logIndex=0, commits[ea36ec44-1e45-4035-b4f5-621a7be34482:c15, 2609858b-dce0-48df-bbd8-006d8918a812:c15, 33d136f9-9d80-4c34-8892-625e8eaf38ce:c15]
2019-06-13 13:31:32,217 WARN  client.GrpcClientProtocolService (LogUtils.java:warn(134)) - 1-OrderedRequestStreamObserver1: onError: org.apache.ratis.thirdparty.io.grpc.StatusRuntimeException: CANCELLED: cancelled before receiving half close
2019-06-13 13:31:32,552 WARN  server.GrpcLogAppender (LogUtils.java:warn(134)) - b6862f76-4d64-4a44-8bb3-fe5ac57d7e31: Failed appendEntries to 88d5fa31-1f04-49bc-a656-03325a50df7c:192.168.46.37:37819: org.apache.ratis.thirdparty.io.grpc.StatusRuntimeException: UNAVAILABLE: io exception
2019-06-13 13:31:32,552 INFO  impl.FollowerInfo (FollowerInfo.java:lambda$new$0(50)) - b6862f76-4d64-4a44-8bb3-fe5ac57d7e31->88d5fa31-1f04-49bc-a656-03325a50df7c: nextIndex: updateUnconditionally 0 -> 0
2019-06-13 13:31:33,053 WARN  server.GrpcLogAppender (LogUtils.java:warn(134)) - b6862f76-4d64-4a44-8bb3-fe5ac57d7e31: Failed appendEntries to 88d5fa31-1f04-49bc-a656-03325a50df7c:192.168.46.37:37819: org.apache.ratis.thirdparty.io.grpc.StatusRuntimeException: UNAVAILABLE: io exception
2019-06-13 13:31:33,053 INFO  impl.FollowerInfo (FollowerInfo.java:lambda$new$0(50)) - b6862f76-4d64-4a44-8bb3-fe5ac57d7e31->88d5fa31-1f04-49bc-a656-03325a50df7c: nextIndex: updateUnconditionally 0 -> 0
2019-06-13 13:31:33,225 INFO  client.GrpcClientProtocolClient (GrpcClientProtocolClient.java:onNext(254)) - client-9B182F5B1793->33d136f9-9d80-4c34-8892-625e8eaf38ce: receive RaftClientReply:client-9B182F5B1793->33d136f9-9d80-4c34-8892-625e8eaf38ce@group-E378502D61C0, cid=98, FAILED org.apache.ratis.protocol.NotLeaderException: Server 33d136f9-9d80-4c34-8892-625e8eaf38ce is not the leader (2609858b-dce0-48df-bbd8-006d8918a812:192.168.46.37:38877). Request must be sent to leader., logIndex=0, commits[33d136f9-9d80-4c34-8892-625e8eaf38ce:c15, 2609858b-dce0-48df-bbd8-006d8918a812:c15, ea36ec44-1e45-4035-b4f5-621a7be34482:c15]
2019-06-13 13:31:33,227 WARN  client.GrpcClientProtocolService (LogUtils.java:warn(134)) - 2-OrderedRequestStreamObserver2: onError: org.apache.ratis.thirdparty.io.grpc.StatusRuntimeException: CANCELLED: cancelled before receiving half close
2019-06-13 13:31:33,553 WARN  server.GrpcLogAppender (LogUtils.java:warn(134)) - b6862f76-4d64-4a44-8bb3-fe5ac57d7e31: Failed appendEntries to 88d5fa31-1f04-49bc-a656-03325a50df7c:192.168.46.37:37819: org.apache.ratis.thirdparty.io.grpc.StatusRuntimeException: UNAVAILABLE: io exception
2019-06-13 13:31:33,553 INFO  impl.FollowerInfo (FollowerInfo.java:lambda$new$0(50)) - b6862f76-4d64-4a44-8bb3-fe5ac57d7e31->88d5fa31-1f04-49bc-a656-03325a50df7c: nextIndex: updateUnconditionally 0 -> 0
2019-06-13 13:31:34,053 WARN  server.GrpcLogAppender (LogUtils.java:warn(134)) - b6862f76-4d64-4a44-8bb3-fe5ac57d7e31: Failed appendEntries to 88d5fa31-1f04-49bc-a656-03325a50df7c:192.168.46.37:37819: org.apache.ratis.thirdparty.io.grpc.StatusRuntimeException: UNAVAILABLE: io exception
2019-06-13 13:31:34,054 INFO  impl.FollowerInfo (FollowerInfo.java:lambda$new$0(50)) - b6862f76-4d64-4a44-8bb3-fe5ac57d7e31->88d5fa31-1f04-49bc-a656-03325a50df7c: nextIndex: updateUnconditionally 0 -> 0
2019-06-13 13:31:34,232 INFO  client.GrpcClientProtocolClient (GrpcClientProtocolClient.java:onNext(254)) - client-9B182F5B1793->ea36ec44-1e45-4035-b4f5-621a7be34482: receive RaftClientReply:client-9B182F5B1793->ea36ec44-1e45-4035-b4f5-621a7be34482@group-E378502D61C0, cid=98, FAILED org.apache.ratis.protocol.NotLeaderException: Server ea36ec44-1e45-4035-b4f5-621a7be34482 is not the leader (2609858b-dce0-48df-bbd8-006d8918a812:192.168.46.37:38877). Request must be sent to leader., logIndex=0, commits[ea36ec44-1e45-4035-b4f5-621a7be34482:c15, 2609858b-dce0-48df-bbd8-006d8918a812:c15, 33d136f9-9d80-4c34-8892-625e8eaf38ce:c15]
2019-06-13 13:31:34,234 WARN  client.GrpcClientProtocolService (LogUtils.java:warn(134)) - 2-OrderedRequestStreamObserver2: onError: org.apache.ratis.thirdparty.io.grpc.StatusRuntimeException: CANCELLED: cancelled before receiving half close
2019-06-13 13:31:34,554 WARN  server.GrpcLogAppender (LogUtils.java:warn(134)) - b6862f76-4d64-4a44-8bb3-fe5ac57d7e31: Failed appendEntries to 88d5fa31-1f04-49bc-a656-03325a50df7c:192.168.46.37:37819: org.apache.ratis.thirdparty.io.grpc.StatusRuntimeException: UNAVAILABLE: io exception
2019-06-13 13:31:34,555 INFO  impl.FollowerInfo (FollowerInfo.java:lambda$new$0(50)) - b6862f76-4d64-4a44-8bb3-fe5ac57d7e31->88d5fa31-1f04-49bc-a656-03325a50df7c: nextIndex: updateUnconditionally 0 -> 0
2019-06-13 13:31:35,055 WARN  server.GrpcLogAppender (LogUtils.java:warn(134)) - b6862f76-4d64-4a44-8bb3-fe5ac57d7e31: Failed appendEntries to 88d5fa31-1f04-49bc-a656-03325a50df7c:192.168.46.37:37819: org.apache.ratis.thirdparty.io.grpc.StatusRuntimeException: UNAVAILABLE: io exception
2019-06-13 13:31:35,055 INFO  impl.FollowerInfo (FollowerInfo.java:lambda$new$0(50)) - b6862f76-4d64-4a44-8bb3-fe5ac57d7e31->88d5fa31-1f04-49bc-a656-03325a50df7c: nextIndex: updateUnconditionally 0 -> 0
2019-06-13 13:31:35,242 INFO  client.GrpcClientProtocolClient (GrpcClientProtocolClient.java:onNext(254)) - client-9B182F5B1793->33d136f9-9d80-4c34-8892-625e8eaf38ce: receive RaftClientReply:client-9B182F5B1793->33d136f9-9d80-4c34-8892-625e8eaf38ce@group-E378502D61C0, cid=98, FAILED org.apache.ratis.protocol.NotLeaderException: Server 33d136f9-9d80-4c34-8892-625e8eaf38ce is not the leader (2609858b-dce0-48df-bbd8-006d8918a812:192.168.46.37:38877). Request must be sent to leader., logIndex=0, commits[33d136f9-9d80-4c34-8892-625e8eaf38ce:c15, 2609858b-dce0-48df-bbd8-006d8918a812:c15, ea36ec44-1e45-4035-b4f5-621a7be34482:c15]
2019-06-13 13:31:35,244 WARN  client.GrpcClientProtocolService (LogUtils.java:warn(134)) - 3-OrderedRequestStreamObserver3: onError: org.apache.ratis.thirdparty.io.grpc.StatusRuntimeException: CANCELLED: cancelled before receiving half close
2019-06-13 13:31:35,555 WARN  server.GrpcLogAppender (LogUtils.java:warn(134)) - b6862f76-4d64-4a44-8bb3-fe5ac57d7e31: Failed appendEntries to 88d5fa31-1f04-49bc-a656-03325a50df7c:192.168.46.37:37819: org.apache.ratis.thirdparty.io.grpc.StatusRuntimeException: UNAVAILABLE: io exception
2019-06-13 13:31:35,555 INFO  impl.FollowerInfo (FollowerInfo.java:lambda$new$0(50)) - b6862f76-4d64-4a44-8bb3-fe5ac57d7e31->88d5fa31-1f04-49bc-a656-03325a50df7c: nextIndex: updateUnconditionally 0 -> 0
2019-06-13 13:31:36,056 WARN  server.GrpcLogAppender (LogUtils.java:warn(134)) - b6862f76-4d64-4a44-8bb3-fe5ac57d7e31: Failed appendEntries to 88d5fa31-1f04-49bc-a656-03325a50df7c:192.168.46.37:37819: org.apache.ratis.thirdparty.io.grpc.StatusRuntimeException: UNAVAILABLE: io exception
2019-06-13 13:31:36,056 INFO  impl.FollowerInfo (FollowerInfo.java:lambda$new$0(50)) - b6862f76-4d64-4a44-8bb3-fe5ac57d7e31->88d5fa31-1f04-49bc-a656-03325a50df7c: nextIndex: updateUnconditionally 0 -> 0
2019-06-13 13:31:36,210 INFO  client.GrpcClientProtocolService (GrpcClientProtocolService.java:lambda$processClientRequest$0(264)) - Failed RaftClientRequest:client-99FCCA3B0D20->36509e8f-98c0-4b33-8e71-c1f0681d731a@group-E1D39A08F8D8, cid=96, seq=0, Watch-ALL_COMMITTED(30), Message:<EMPTY>, reply=RaftClientReply:client-99FCCA3B0D20->36509e8f-98c0-4b33-8e71-c1f0681d731a@group-E1D39A08F8D8, cid=96, FAILED org.apache.ratis.protocol.NotLeaderException: Server 36509e8f-98c0-4b33-8e71-c1f0681d731a is not the leader (b6862f76-4d64-4a44-8bb3-fe5ac57d7e31:192.168.46.37:39049). Request must be sent to leader., logIndex=0, commits[36509e8f-98c0-4b33-8e71-c1f0681d731a:c36, 88d5fa31-1f04-49bc-a656-03325a50df7c:c19, b6862f76-4d64-4a44-8bb3-fe5ac57d7e31:c36]
2019-06-13 13:31:36,213 INFO  client.GrpcClientProtocolClient (GrpcClientProtocolClient.java:onNext(254)) - client-99FCCA3B0D20->36509e8f-98c0-4b33-8e71-c1f0681d731a: receive RaftClientReply:client-99FCCA3B0D20->36509e8f-98c0-4b33-8e71-c1f0681d731a@group-E1D39A08F8D8, cid=96, FAILED org.apache.ratis.protocol.NotLeaderException: Server 36509e8f-98c0-4b33-8e71-c1f0681d731a is not the leader (b6862f76-4d64-4a44-8bb3-fe5ac57d7e31:192.168.46.37:39049). Request must be sent to leader., logIndex=0, commits[36509e8f-98c0-4b33-8e71-c1f0681d731a:c36, 88d5fa31-1f04-49bc-a656-03325a50df7c:c19, b6862f76-4d64-4a44-8bb3-fe5ac57d7e31:c36]
2019-06-13 13:31:36,216 WARN  client.GrpcClientProtocolService (LogUtils.java:warn(134)) - 3-UnorderedRequestStreamObserver3: onError: org.apache.ratis.thirdparty.io.grpc.StatusRuntimeException: CANCELLED: cancelled before receiving half close
2019-06-13 13:31:36,250 INFO  client.GrpcClientProtocolClient (GrpcClientProtocolClient.java:onNext(254)) - client-9B182F5B1793->ea36ec44-1e45-4035-b4f5-621a7be34482: receive RaftClientReply:client-9B182F5B1793->ea36ec44-1e45-4035-b4f5-621a7be34482@group-E378502D61C0, cid=98, FAILED org.apache.ratis.protocol.NotLeaderException: Server ea36ec44-1e45-4035-b4f5-621a7be34482 is not the leader (2609858b-dce0-48df-bbd8-006d8918a812:192.168.46.37:38877). Request must be sent to leader., logIndex=0, commits[ea36ec44-1e45-4035-b4f5-621a7be34482:c15, 2609858b-dce0-48df-bbd8-006d8918a812:c15, 33d136f9-9d80-4c34-8892-625e8eaf38ce:c15]
2019-06-13 13:31:36,257 WARN  io.KeyOutputStream (KeyOutputStream.java:handleException(276)) - Encountered exception java.io.IOException: Unexpected Storage Container Exception: java.util.concurrent.CompletionException: java.util.concurrent.CompletionException: org.apache.ratis.protocol.RaftRetryFailureException: Failed RaftClientRequest:client-9B182F5B1793->ea36ec44-1e45-4035-b4f5-621a7be34482@group-E378502D61C0, cid=98, seq=1*, RW, org.apache.hadoop.hdds.scm.XceiverClientRatis$$Lambda$433/2112049264@1cd1ab13 for 5 attempts with RetryLimited(maxAttempts=5, sleepTime=1000ms) on the pipeline Pipeline[ Id: ac4eaa01-c093-4974-bea4-e378502d61c0, Nodes: 33d136f9-9d80-4c34-8892-625e8eaf38ce{ip: 192.168.46.37, host: ozone-s9v57-3710753675, networkLocation: /default-rack, certSerialId: null}2609858b-dce0-48df-bbd8-006d8918a812{ip: 192.168.46.37, host: ozone-s9v57-3710753675, networkLocation: /default-rack, certSerialId: null}ea36ec44-1e45-4035-b4f5-621a7be34482{ip: 192.168.46.37, host: ozone-s9v57-3710753675, networkLocation: /default-rack, certSerialId: null}, Type:RATIS, Factor:THREE, State:OPEN]. The last committed block length is 0, uncommitted data length is 2097152 retry count 0
2019-06-13 13:31:36,258 WARN  client.GrpcClientProtocolService (LogUtils.java:warn(134)) - 3-OrderedRequestStreamObserver3: onError: org.apache.ratis.thirdparty.io.grpc.StatusRuntimeException: CANCELLED: cancelled before receiving half close
2019-06-13 13:31:36,287 WARN  block.BlockManagerImpl (BlockManagerImpl.java:allocateBlock(192)) - Pipeline creation failed for type:RATIS factor:THREE. Retrying get pipelines call once.
org.apache.hadoop.hdds.scm.pipeline.InsufficientDatanodesException: Cannot create pipeline of factor 3 using 2 nodes.
	at org.apache.hadoop.hdds.scm.pipeline.RatisPipelineProvider.create(RatisPipelineProvider.java:151)
	at org.apache.hadoop.hdds.scm.pipeline.PipelineFactory.create(PipelineFactory.java:57)
	at org.apache.hadoop.hdds.scm.pipeline.SCMPipelineManager.createPipeline(SCMPipelineManager.java:149)
	at org.apache.hadoop.hdds.scm.block.BlockManagerImpl.allocateBlock(BlockManagerImpl.java:190)
	at org.apache.hadoop.hdds.scm.server.SCMBlockProtocolServer.allocateBlock(SCMBlockProtocolServer.java:172)
	at org.apache.hadoop.ozone.protocolPB.ScmBlockLocationProtocolServerSideTranslatorPB.allocateScmBlock(ScmBlockLocationProtocolServerSideTranslatorPB.java:82)
	at org.apache.hadoop.hdds.protocol.proto.ScmBlockLocationProtocolProtos$ScmBlockLocationProtocolService$2.callBlockingMethod(ScmBlockLocationProtocolProtos.java:7533)
	at org.apache.hadoop.ipc.ProtobufRpcEngine$Server$ProtoBufRpcInvoker.call(ProtobufRpcEngine.java:524)
	at org.apache.hadoop.ipc.RPC$Server.call(RPC.java:1025)
	at org.apache.hadoop.ipc.Server$RpcCall.run(Server.java:876)
	at org.apache.hadoop.ipc.Server$RpcCall.run(Server.java:822)
	at java.security.AccessController.doPrivileged(Native Method)
	at javax.security.auth.Subject.doAs(Subject.java:422)
	at org.apache.hadoop.security.UserGroupInformation.doAs(UserGroupInformation.java:1730)
	at org.apache.hadoop.ipc.Server$Handler.run(Server.java:2682)
2019-06-13 13:31:36,288 INFO  block.BlockManagerImpl (BlockManagerImpl.java:allocateBlock(198)) - Could not find available pipeline of type:RATIS and factor:THREE even after retrying
2019-06-13 13:31:36,288 ERROR block.BlockManagerImpl (BlockManagerImpl.java:allocateBlock(222)) - Unable to allocate a block for the size: 4194304, type: RATIS, factor: THREE
13:31:36.288 [IPC Server handler 6 on 42285] ERROR OMAudit - user=root | ip=127.0.0.1 | op=ALLOCATE_BLOCK {volume=datanodefailurehandlingtest, bucket=datanodefailurehandlingtest, key=eea311c5-a002-41f7-851b-943f30a55a73, dataSize=0, replicationType=null, replicationFactor=null, keyLocationInfo=null, clientID=102264515717234697} | ret=FAILURE
java.io.IOException: Allocate block failed.
	at org.apache.hadoop.hdds.scm.protocolPB.ScmBlockLocationProtocolClientSideTranslatorPB.allocateBlock(ScmBlockLocationProtocolClientSideTranslatorPB.java:111) ~[hadoop-hdds-common-0.5.0-SNAPSHOT.jar:?]
	at sun.reflect.NativeMethodAccessorImpl.invoke0(Native Method) ~[?:1.8.0_212]
	at sun.reflect.NativeMethodAccessorImpl.invoke(NativeMethodAccessorImpl.java:62) ~[?:1.8.0_212]
	at sun.reflect.DelegatingMethodAccessorImpl.invoke(DelegatingMethodAccessorImpl.java:43) ~[?:1.8.0_212]
	at java.lang.reflect.Method.invoke(Method.java:498) ~[?:1.8.0_212]
	at org.apache.hadoop.hdds.tracing.TraceAllMethod.invoke(TraceAllMethod.java:66) ~[hadoop-hdds-common-0.5.0-SNAPSHOT.jar:?]
	at com.sun.proxy.$Proxy25.allocateBlock(Unknown Source) ~[?:?]
	at org.apache.hadoop.ozone.om.KeyManagerImpl.allocateBlock(KeyManagerImpl.java:347) ~[hadoop-ozone-ozone-manager-0.5.0-SNAPSHOT.jar:?]
	at org.apache.hadoop.ozone.om.KeyManagerImpl.allocateBlock(KeyManagerImpl.java:315) ~[hadoop-ozone-ozone-manager-0.5.0-SNAPSHOT.jar:?]
	at org.apache.hadoop.ozone.om.OzoneManager.allocateBlock(OzoneManager.java:2301) [hadoop-ozone-ozone-manager-0.5.0-SNAPSHOT.jar:?]
	at org.apache.hadoop.ozone.protocolPB.OzoneManagerRequestHandler.allocateBlock(OzoneManagerRequestHandler.java:755) [hadoop-ozone-ozone-manager-0.5.0-SNAPSHOT.jar:?]
	at org.apache.hadoop.ozone.protocolPB.OzoneManagerRequestHandler.handle(OzoneManagerRequestHandler.java:249) [hadoop-ozone-ozone-manager-0.5.0-SNAPSHOT.jar:?]
	at org.apache.hadoop.ozone.protocolPB.OzoneManagerProtocolServerSideTranslatorPB.submitRequestDirectlyToOM(OzoneManagerProtocolServerSideTranslatorPB.java:180) [hadoop-ozone-ozone-manager-0.5.0-SNAPSHOT.jar:?]
	at org.apache.hadoop.ozone.protocolPB.OzoneManagerProtocolServerSideTranslatorPB.submitRequest(OzoneManagerProtocolServerSideTranslatorPB.java:102) [hadoop-ozone-ozone-manager-0.5.0-SNAPSHOT.jar:?]
	at org.apache.hadoop.ozone.protocol.proto.OzoneManagerProtocolProtos$OzoneManagerService$2.callBlockingMethod(OzoneManagerProtocolProtos.java) [hadoop-ozone-common-0.5.0-SNAPSHOT.jar:?]
	at org.apache.hadoop.ipc.ProtobufRpcEngine$Server$ProtoBufRpcInvoker.call(ProtobufRpcEngine.java:524) [hadoop-common-3.2.0.jar:?]
	at org.apache.hadoop.ipc.RPC$Server.call(RPC.java:1025) [hadoop-common-3.2.0.jar:?]
	at org.apache.hadoop.ipc.Server$RpcCall.run(Server.java:876) [hadoop-common-3.2.0.jar:?]
	at org.apache.hadoop.ipc.Server$RpcCall.run(Server.java:822) [hadoop-common-3.2.0.jar:?]
	at java.security.AccessController.doPrivileged(Native Method) [?:1.8.0_212]
	at javax.security.auth.Subject.doAs(Subject.java:422) [?:1.8.0_212]
	at org.apache.hadoop.security.UserGroupInformation.doAs(UserGroupInformation.java:1730) [hadoop-common-3.2.0.jar:?]
	at org.apache.hadoop.ipc.Server$Handler.run(Server.java:2682) [hadoop-common-3.2.0.jar:?]
2019-06-13 13:31:36,290 ERROR io.BlockOutputStreamEntryPool (BlockOutputStreamEntryPool.java:allocateBlockIfNeeded(299)) - Try to allocate more blocks for write failed, already allocated 0 blocks for this write.
INTERNAL_ERROR org.apache.hadoop.ozone.om.exceptions.OMException: Allocate block failed.
	at org.apache.hadoop.ozone.om.protocolPB.OzoneManagerProtocolClientSideTranslatorPB.handleError(OzoneManagerProtocolClientSideTranslatorPB.java:720)
	at org.apache.hadoop.ozone.om.protocolPB.OzoneManagerProtocolClientSideTranslatorPB.allocateBlock(OzoneManagerProtocolClientSideTranslatorPB.java:743)
	at org.apache.hadoop.ozone.client.io.BlockOutputStreamEntryPool.allocateNewBlock(BlockOutputStreamEntryPool.java:248)
	at org.apache.hadoop.ozone.client.io.BlockOutputStreamEntryPool.allocateBlockIfNeeded(BlockOutputStreamEntryPool.java:296)
	at org.apache.hadoop.ozone.client.io.KeyOutputStream.handleWrite(KeyOutputStream.java:201)
	at org.apache.hadoop.ozone.client.io.KeyOutputStream.handleRetry(KeyOutputStream.java:376)
	at org.apache.hadoop.ozone.client.io.KeyOutputStream.handleException(KeyOutputStream.java:325)
	at org.apache.hadoop.ozone.client.io.KeyOutputStream.handleWrite(KeyOutputStream.java:231)
	at org.apache.hadoop.ozone.client.io.KeyOutputStream.write(KeyOutputStream.java:193)
	at org.apache.hadoop.ozone.client.io.OzoneOutputStream.write(OzoneOutputStream.java:49)
	at java.io.OutputStream.write(OutputStream.java:75)
	at org.apache.hadoop.ozone.client.rpc.TestFailureHandlingByClient.testMultiBlockWritesWithIntermittentDnFailures(TestFailureHandlingByClient.java:237)
	at sun.reflect.NativeMethodAccessorImpl.invoke0(Native Method)
	at sun.reflect.NativeMethodAccessorImpl.invoke(NativeMethodAccessorImpl.java:62)
	at sun.reflect.DelegatingMethodAccessorImpl.invoke(DelegatingMethodAccessorImpl.java:43)
	at java.lang.reflect.Method.invoke(Method.java:498)
	at org.junit.runners.model.FrameworkMethod$1.runReflectiveCall(FrameworkMethod.java:47)
	at org.junit.internal.runners.model.ReflectiveCallable.run(ReflectiveCallable.java:12)
	at org.junit.runners.model.FrameworkMethod.invokeExplosively(FrameworkMethod.java:44)
	at org.junit.internal.runners.statements.InvokeMethod.evaluate(InvokeMethod.java:17)
	at org.junit.runners.ParentRunner.runLeaf(ParentRunner.java:271)
	at org.junit.runners.BlockJUnit4ClassRunner.runChild(BlockJUnit4ClassRunner.java:70)
	at org.junit.runners.BlockJUnit4ClassRunner.runChild(BlockJUnit4ClassRunner.java:50)
	at org.junit.runners.ParentRunner$3.run(ParentRunner.java:238)
	at org.junit.runners.ParentRunner$1.schedule(ParentRunner.java:63)
	at org.junit.runners.ParentRunner.runChildren(ParentRunner.java:236)
	at org.junit.runners.ParentRunner.access$000(ParentRunner.java:53)
	at org.junit.runners.ParentRunner$2.evaluate(ParentRunner.java:229)
	at org.junit.runners.ParentRunner.run(ParentRunner.java:309)
	at org.apache.maven.surefire.junit4.JUnit4Provider.execute(JUnit4Provider.java:365)
	at org.apache.maven.surefire.junit4.JUnit4Provider.executeWithRerun(JUnit4Provider.java:273)
	at org.apache.maven.surefire.junit4.JUnit4Provider.executeTestSet(JUnit4Provider.java:238)
	at org.apache.maven.surefire.junit4.JUnit4Provider.invoke(JUnit4Provider.java:159)
	at org.apache.maven.surefire.booter.ForkedBooter.invokeProviderInSameClassLoader(ForkedBooter.java:384)
	at org.apache.maven.surefire.booter.ForkedBooter.runSuitesInProcess(ForkedBooter.java:345)
	at org.apache.maven.surefire.booter.ForkedBooter.execute(ForkedBooter.java:126)
	at org.apache.maven.surefire.booter.ForkedBooter.main(ForkedBooter.java:418)
]]></system-out>
    <system-err><![CDATA[Jun 13, 2019 1:31:09 PM com.sun.jersey.server.impl.application.WebApplicationImpl _initiate
INFO: Initiating Jersey application, version 'Jersey: 1.19 02/11/2015 03:25 AM'
Jun 13, 2019 1:31:09 PM com.sun.jersey.server.impl.application.WebApplicationImpl _initiate
INFO: Initiating Jersey application, version 'Jersey: 1.19 02/11/2015 03:25 AM'
Jun 13, 2019 1:31:09 PM com.sun.jersey.server.impl.application.WebApplicationImpl _initiate
INFO: Initiating Jersey application, version 'Jersey: 1.19 02/11/2015 03:25 AM'
Jun 13, 2019 1:31:09 PM com.sun.jersey.server.impl.application.WebApplicationImpl _initiate
INFO: Initiating Jersey application, version 'Jersey: 1.19 02/11/2015 03:25 AM'
Jun 13, 2019 1:31:09 PM com.sun.jersey.server.impl.application.WebApplicationImpl _initiate
INFO: Initiating Jersey application, version 'Jersey: 1.19 02/11/2015 03:25 AM'
Jun 13, 2019 1:31:09 PM com.sun.jersey.server.impl.application.WebApplicationImpl _initiate
INFO: Initiating Jersey application, version 'Jersey: 1.19 02/11/2015 03:25 AM'
]]></system-err>
  </testcase>
  <testcase name="testBlockWritesWithDnFailures" classname="org.apache.hadoop.ozone.client.rpc.TestFailureHandlingByClient" time="12.15"/>
  <testcase name="testDatanodeExclusionWithMajorityCommit" classname="org.apache.hadoop.ozone.client.rpc.TestFailureHandlingByClient" time="21.265"/>
  <testcase name="testMultiBlockWritesWithDnFailures" classname="org.apache.hadoop.ozone.client.rpc.TestFailureHandlingByClient" time="13.402"/>
</testsuite>